Timing is on.
CREATE TABLE
Time: 2,416 ms
INSERT 0 3660
Time: 38,560 ms
                                                                                                                                                              QUERY PLAN                                                                                                                                                               
---------------------------------------------------------------------------------------------------------------------------------------------------------------------------------------------------------------------------------------------------------------------------------------------------------------------------------------
 Append  (cost=97.82..358076.10 rows=3660 width=76)
   ->  Subquery Scan on "*SELECT* 1"  (cost=97.82..97.83 rows=1 width=76)
         ->  Limit  (cost=97.82..97.82 rows=1 width=84)
               ->  Sort  (cost=97.82..97.82 rows=1 width=84)
                     Sort Key: (st_distance(st_transform(s.the_geom, 25833), schw.schw))
                     ->  Nested Loop  (cost=0.00..97.81 rows=1 width=84)
                           Join Filter: ((st_transform(s.the_geom, 25833) && st_expand(schw.schw, '300'::double precision)) AND (schw.schw && st_expand(st_transform(s.the_geom, 25833), '300'::double precision)) AND _st_dwithin(st_transform(s.the_geom, 25833), schw.schw, '300'::double precision))
                           ->  Function Scan on schw  (cost=0.00..0.01 rows=1 width=32)
                           ->  Seq Scan on phoml_trajectory_tmp s  (cost=0.00..95.68 rows=17 width=40)
                                 Filter: ((unix_time >= '1685451234.426'::double precision) AND (unix_time <= '1685451294.426'::double precision))
   ->  Subquery Scan on "*SELECT* 2"  (cost=97.82..97.83 rows=1 width=76)
         ->  Limit  (cost=97.82..97.82 rows=1 width=84)
               ->  Sort  (cost=97.82..97.82 rows=1 width=84)
                     Sort Key: (st_distance(st_transform(s_1.the_geom, 25833), schw_1.schw))
                     ->  Nested Loop  (cost=0.00..97.81 rows=1 width=84)
                           Join Filter: ((st_transform(s_1.the_geom, 25833) && st_expand(schw_1.schw, '300'::double precision)) AND (schw_1.schw && st_expand(st_transform(s_1.the_geom, 25833), '300'::double precision)) AND _st_dwithin(st_transform(s_1.the_geom, 25833), schw_1.schw, '300'::double precision))
                           ->  Function Scan on schw_1  (cost=0.00..0.01 rows=1 width=32)
                           ->  Seq Scan on phoml_trajectory_tmp s_1  (cost=0.00..95.68 rows=17 width=40)
                                 Filter: ((unix_time >= '1685451237.551'::double precision) AND (unix_time <= '1685451297.551'::double precision))
   ->  Subquery Scan on "*SELECT* 3"  (cost=97.82..97.83 rows=1 width=76)
         ->  Limit  (cost=97.82..97.82 rows=1 width=84)
               ->  Sort  (cost=97.82..97.82 rows=1 width=84)
                     Sort Key: (st_distance(st_transform(s_2.the_geom, 25833), schw_2.schw))
                     ->  Nested Loop  (cost=0.00..97.81 rows=1 width=84)
                           Join Filter: ((st_transform(s_2.the_geom, 25833) && st_expand(schw_2.schw, '300'::double precision)) AND (schw_2.schw && st_expand(st_transform(s_2.the_geom, 25833), '300'::double precision)) AND _st_dwithin(st_transform(s_2.the_geom, 25833), schw_2.schw, '300'::double precision))
                           ->  Function Scan on schw_2  (cost=0.00..0.01 rows=1 width=32)
                           ->  Seq Scan on phoml_trajectory_tmp s_2  (cost=0.00..95.68 rows=17 width=40)
                                 Filter: ((unix_time >= '1685451239.385'::double precision) AND (unix_time <= '1685451299.385'::double precision))
   ->  Subquery Scan on "*SELECT* 4"  (cost=97.82..97.83 rows=1 width=76)
         ->  Limit  (cost=97.82..97.82 rows=1 width=84)
               ->  Sort  (cost=97.82..97.82 rows=1 width=84)
                     Sort Key: (st_distance(st_transform(s_3.the_geom, 25833), schw_3.schw))
                     ->  Nested Loop  (cost=0.00..97.81 rows=1 width=84)
                           Join Filter: ((st_transform(s_3.the_geom, 25833) && st_expand(schw_3.schw, '300'::double precision)) AND (schw_3.schw && st_expand(st_transform(s_3.the_geom, 25833), '300'::double precision)) AND _st_dwithin(st_transform(s_3.the_geom, 25833), schw_3.schw, '300'::double precision))
                           ->  Function Scan on schw_3  (cost=0.00..0.01 rows=1 width=32)
                           ->  Seq Scan on phoml_trajectory_tmp s_3  (cost=0.00..95.68 rows=17 width=40)
                                 Filter: ((unix_time >= '1685451240.761'::double precision) AND (unix_time <= '1685451300.761'::double precision))
   ->  Subquery Scan on "*SELECT* 5"  (cost=97.82..97.83 rows=1 width=76)
         ->  Limit  (cost=97.82..97.82 rows=1 width=84)
               ->  Sort  (cost=97.82..97.82 rows=1 width=84)
                     Sort Key: (st_distance(st_transform(s_4.the_geom, 25833), schw_4.schw))
                     ->  Nested Loop  (cost=0.00..97.81 rows=1 width=84)
                           Join Filter: ((st_transform(s_4.the_geom, 25833) && st_expand(schw_4.schw, '300'::double precision)) AND (schw_4.schw && st_expand(st_transform(s_4.the_geom, 25833), '300'::double precision)) AND _st_dwithin(st_transform(s_4.the_geom, 25833), schw_4.schw, '300'::double precision))
                           ->  Function Scan on schw_4  (cost=0.00..0.01 rows=1 width=32)
                           ->  Seq Scan on phoml_trajectory_tmp s_4  (cost=0.00..95.68 rows=17 width=40)
                                 Filter: ((unix_time >= '1685451241.894'::double precision) AND (unix_time <= '1685451301.894'::double precision))
   ->  Subquery Scan on "*SELECT* 6"  (cost=97.82..97.83 rows=1 width=76)
         ->  Limit  (cost=97.82..97.82 rows=1 width=84)
               ->  Sort  (cost=97.82..97.82 rows=1 width=84)
                     Sort Key: (st_distance(st_transform(s_5.the_geom, 25833), schw_5.schw))
                     ->  Nested Loop  (cost=0.00..97.81 rows=1 width=84)
                           Join Filter: ((st_transform(s_5.the_geom, 25833) && st_expand(schw_5.schw, '300'::double precision)) AND (schw_5.schw && st_expand(st_transform(s_5.the_geom, 25833), '300'::double precision)) AND _st_dwithin(st_transform(s_5.the_geom, 25833), schw_5.schw, '300'::double precision))
                           ->  Function Scan on schw_5  (cost=0.00..0.01 rows=1 width=32)
                           ->  Seq Scan on phoml_trajectory_tmp s_5  (cost=0.00..95.68 rows=17 width=40)
                                 Filter: ((unix_time >= '1685451242.891'::double precision) AND (unix_time <= '1685451302.891'::double precision))
   ->  Subquery Scan on "*SELECT* 7"  (cost=97.82..97.83 rows=1 width=76)
         ->  Limit  (cost=97.82..97.82 rows=1 width=84)
               ->  Sort  (cost=97.82..97.82 rows=1 width=84)
                     Sort Key: (st_distance(st_transform(s_6.the_geom, 25833), schw_6.schw))
                     ->  Nested Loop  (cost=0.00..97.81 rows=1 width=84)
                           Join Filter: ((st_transform(s_6.the_geom, 25833) && st_expand(schw_6.schw, '300'::double precision)) AND (schw_6.schw && st_expand(st_transform(s_6.the_geom, 25833), '300'::double precision)) AND _st_dwithin(st_transform(s_6.the_geom, 25833), schw_6.schw, '300'::double precision))
                           ->  Function Scan on schw_6  (cost=0.00..0.01 rows=1 width=32)
                           ->  Seq Scan on phoml_trajectory_tmp s_6  (cost=0.00..95.68 rows=17 width=40)
                                 Filter: ((unix_time >= '1685451243.784'::double precision) AND (unix_time <= '1685451303.784'::double precision))
   ->  Subquery Scan on "*SELECT* 8"  (cost=97.82..97.83 rows=1 width=76)
         ->  Limit  (cost=97.82..97.82 rows=1 width=84)
               ->  Sort  (cost=97.82..97.82 rows=1 width=84)
                     Sort Key: (st_distance(st_transform(s_7.the_geom, 25833), schw_7.schw))
                     ->  Nested Loop  (cost=0.00..97.81 rows=1 width=84)
                           Join Filter: ((st_transform(s_7.the_geom, 25833) && st_expand(schw_7.schw, '300'::double precision)) AND (schw_7.schw && st_expand(st_transform(s_7.the_geom, 25833), '300'::double precision)) AND _st_dwithin(st_transform(s_7.the_geom, 25833), schw_7.schw, '300'::double precision))
                           ->  Function Scan on schw_7  (cost=0.00..0.01 rows=1 width=32)
                           ->  Seq Scan on phoml_trajectory_tmp s_7  (cost=0.00..95.68 rows=17 width=40)
                                 Filter: ((unix_time >= '1685451244.584'::double precision) AND (unix_time <= '1685451304.584'::double precision))
   ->  Subquery Scan on "*SELECT* 9"  (cost=97.82..97.83 rows=1 width=76)
         ->  Limit  (cost=97.82..97.82 rows=1 width=84)
               ->  Sort  (cost=97.82..97.82 rows=1 width=84)
                     Sort Key: (st_distance(st_transform(s_8.the_geom, 25833), schw_8.schw))
                     ->  Nested Loop  (cost=0.00..97.81 rows=1 width=84)
                           Join Filter: ((st_transform(s_8.the_geom, 25833) && st_expand(schw_8.schw, '300'::double precision)) AND (schw_8.schw && st_expand(st_transform(s_8.the_geom, 25833), '300'::double precision)) AND _st_dwithin(st_transform(s_8.the_geom, 25833), schw_8.schw, '300'::double precision))
                           ->  Function Scan on schw_8  (cost=0.00..0.01 rows=1 width=32)
                           ->  Seq Scan on phoml_trajectory_tmp s_8  (cost=0.00..95.68 rows=17 width=40)
                                 Filter: ((unix_time >= '1685451245.332'::double precision) AND (unix_time <= '1685451305.332'::double precision))
   ->  Subquery Scan on "*SELECT* 10"  (cost=97.82..97.83 rows=1 width=76)
         ->  Limit  (cost=97.82..97.82 rows=1 width=84)
               ->  Sort  (cost=97.82..97.82 rows=1 width=84)
                     Sort Key: (st_distance(st_transform(s_9.the_geom, 25833), schw_9.schw))
                     ->  Nested Loop  (cost=0.00..97.81 rows=1 width=84)
                           Join Filter: ((st_transform(s_9.the_geom, 25833) && st_expand(schw_9.schw, '300'::double precision)) AND (schw_9.schw && st_expand(st_transform(s_9.the_geom, 25833), '300'::double precision)) AND _st_dwithin(st_transform(s_9.the_geom, 25833), schw_9.schw, '300'::double precision))
                           ->  Function Scan on schw_9  (cost=0.00..0.01 rows=1 width=32)
                           ->  Seq Scan on phoml_trajectory_tmp s_9  (cost=0.00..95.68 rows=17 width=40)
                                 Filter: ((unix_time >= '1685451246.052'::double precision) AND (unix_time <= '1685451306.052'::double precision))
   ->  Subquery Scan on "*SELECT* 11"  (cost=97.82..97.83 rows=1 width=76)
         ->  Limit  (cost=97.82..97.82 rows=1 width=84)
               ->  Sort  (cost=97.82..97.82 rows=1 width=84)
                     Sort Key: (st_distance(st_transform(s_10.the_geom, 25833), schw_10.schw))
                     ->  Nested Loop  (cost=0.00..97.81 rows=1 width=84)
                           Join Filter: ((st_transform(s_10.the_geom, 25833) && st_expand(schw_10.schw, '300'::double precision)) AND (schw_10.schw && st_expand(st_transform(s_10.the_geom, 25833), '300'::double precision)) AND _st_dwithin(st_transform(s_10.the_geom, 25833), schw_10.schw, '300'::double precision))
                           ->  Function Scan on schw_10  (cost=0.00..0.01 rows=1 width=32)
                           ->  Seq Scan on phoml_trajectory_tmp s_10  (cost=0.00..95.68 rows=17 width=40)
                                 Filter: ((unix_time >= '1685451246.716'::double precision) AND (unix_time <= '1685451306.716'::double precision))
   ->  Subquery Scan on "*SELECT* 12"  (cost=97.82..97.83 rows=1 width=76)
         ->  Limit  (cost=97.82..97.82 rows=1 width=84)
               ->  Sort  (cost=97.82..97.82 rows=1 width=84)
                     Sort Key: (st_distance(st_transform(s_11.the_geom, 25833), schw_11.schw))
                     ->  Nested Loop  (cost=0.00..97.81 rows=1 width=84)
                           Join Filter: ((st_transform(s_11.the_geom, 25833) && st_expand(schw_11.schw, '300'::double precision)) AND (schw_11.schw && st_expand(st_transform(s_11.the_geom, 25833), '300'::double precision)) AND _st_dwithin(st_transform(s_11.the_geom, 25833), schw_11.schw, '300'::double precision))
                           ->  Function Scan on schw_11  (cost=0.00..0.01 rows=1 width=32)
                           ->  Seq Scan on phoml_trajectory_tmp s_11  (cost=0.00..95.68 rows=17 width=40)
                                 Filter: ((unix_time >= '1685451247.376'::double precision) AND (unix_time <= '1685451307.376'::double precision))
   ->  Subquery Scan on "*SELECT* 13"  (cost=97.82..97.83 rows=1 width=76)
         ->  Limit  (cost=97.82..97.82 rows=1 width=84)
               ->  Sort  (cost=97.82..97.82 rows=1 width=84)
                     Sort Key: (st_distance(st_transform(s_12.the_geom, 25833), schw_12.schw))
                     ->  Nested Loop  (cost=0.00..97.81 rows=1 width=84)
                           Join Filter: ((st_transform(s_12.the_geom, 25833) && st_expand(schw_12.schw, '300'::double precision)) AND (schw_12.schw && st_expand(st_transform(s_12.the_geom, 25833), '300'::double precision)) AND _st_dwithin(st_transform(s_12.the_geom, 25833), schw_12.schw, '300'::double precision))
                           ->  Function Scan on schw_12  (cost=0.00..0.01 rows=1 width=32)
                           ->  Seq Scan on phoml_trajectory_tmp s_12  (cost=0.00..95.68 rows=17 width=40)
                                 Filter: ((unix_time >= '1685451247.986'::double precision) AND (unix_time <= '1685451307.986'::double precision))
   ->  Subquery Scan on "*SELECT* 14"  (cost=97.82..97.83 rows=1 width=76)
         ->  Limit  (cost=97.82..97.82 rows=1 width=84)
               ->  Sort  (cost=97.82..97.82 rows=1 width=84)
                     Sort Key: (st_distance(st_transform(s_13.the_geom, 25833), schw_13.schw))
                     ->  Nested Loop  (cost=0.00..97.81 rows=1 width=84)
                           Join Filter: ((st_transform(s_13.the_geom, 25833) && st_expand(schw_13.schw, '300'::double precision)) AND (schw_13.schw && st_expand(st_transform(s_13.the_geom, 25833), '300'::double precision)) AND _st_dwithin(st_transform(s_13.the_geom, 25833), schw_13.schw, '300'::double precision))
                           ->  Function Scan on schw_13  (cost=0.00..0.01 rows=1 width=32)
                           ->  Seq Scan on phoml_trajectory_tmp s_13  (cost=0.00..95.68 rows=17 width=40)
                                 Filter: ((unix_time >= '1685451248.591'::double precision) AND (unix_time <= '1685451308.591'::double precision))
   ->  Subquery Scan on "*SELECT* 15"  (cost=97.82..97.83 rows=1 width=76)
         ->  Limit  (cost=97.82..97.82 rows=1 width=84)
               ->  Sort  (cost=97.82..97.82 rows=1 width=84)
                     Sort Key: (st_distance(st_transform(s_14.the_geom, 25833), schw_14.schw))
                     ->  Nested Loop  (cost=0.00..97.81 rows=1 width=84)
                           Join Filter: ((st_transform(s_14.the_geom, 25833) && st_expand(schw_14.schw, '300'::double precision)) AND (schw_14.schw && st_expand(st_transform(s_14.the_geom, 25833), '300'::double precision)) AND _st_dwithin(st_transform(s_14.the_geom, 25833), schw_14.schw, '300'::double precision))
                           ->  Function Scan on schw_14  (cost=0.00..0.01 rows=1 width=32)
                           ->  Seq Scan on phoml_trajectory_tmp s_14  (cost=0.00..95.68 rows=17 width=40)
                                 Filter: ((unix_time >= '1685451249.175'::double precision) AND (unix_time <= '1685451309.175'::double precision))
   ->  Subquery Scan on "*SELECT* 16"  (cost=97.82..97.83 rows=1 width=76)
         ->  Limit  (cost=97.82..97.82 rows=1 width=84)
               ->  Sort  (cost=97.82..97.82 rows=1 width=84)
                     Sort Key: (st_distance(st_transform(s_15.the_geom, 25833), schw_15.schw))
                     ->  Nested Loop  (cost=0.00..97.81 rows=1 width=84)
                           Join Filter: ((st_transform(s_15.the_geom, 25833) && st_expand(schw_15.schw, '300'::double precision)) AND (schw_15.schw && st_expand(st_transform(s_15.the_geom, 25833), '300'::double precision)) AND _st_dwithin(st_transform(s_15.the_geom, 25833), schw_15.schw, '300'::double precision))
                           ->  Function Scan on schw_15  (cost=0.00..0.01 rows=1 width=32)
                           ->  Seq Scan on phoml_trajectory_tmp s_15  (cost=0.00..95.68 rows=17 width=40)
                                 Filter: ((unix_time >= '1685451249.715'::double precision) AND (unix_time <= '1685451309.715'::double precision))
   ->  Subquery Scan on "*SELECT* 17"  (cost=97.82..97.83 rows=1 width=76)
         ->  Limit  (cost=97.82..97.82 rows=1 width=84)
               ->  Sort  (cost=97.82..97.82 rows=1 width=84)
                     Sort Key: (st_distance(st_transform(s_16.the_geom, 25833), schw_16.schw))
                     ->  Nested Loop  (cost=0.00..97.81 rows=1 width=84)
                           Join Filter: ((st_transform(s_16.the_geom, 25833) && st_expand(schw_16.schw, '300'::double precision)) AND (schw_16.schw && st_expand(st_transform(s_16.the_geom, 25833), '300'::double precision)) AND _st_dwithin(st_transform(s_16.the_geom, 25833), schw_16.schw, '300'::double precision))
                           ->  Function Scan on schw_16  (cost=0.00..0.01 rows=1 width=32)
                           ->  Seq Scan on phoml_trajectory_tmp s_16  (cost=0.00..95.68 rows=17 width=40)
                                 Filter: ((unix_time >= '1685451250.256'::double precision) AND (unix_time <= '1685451310.256'::double precision))
   ->  Subquery Scan on "*SELECT* 18"  (cost=97.82..97.83 rows=1 width=76)
         ->  Limit  (cost=97.82..97.82 rows=1 width=84)
               ->  Sort  (cost=97.82..97.82 rows=1 width=84)
                     Sort Key: (st_distance(st_transform(s_17.the_geom, 25833), schw_17.schw))
                     ->  Nested Loop  (cost=0.00..97.81 rows=1 width=84)
                           Join Filter: ((st_transform(s_17.the_geom, 25833) && st_expand(schw_17.schw, '300'::double precision)) AND (schw_17.schw && st_expand(st_transform(s_17.the_geom, 25833), '300'::double precision)) AND _st_dwithin(st_transform(s_17.the_geom, 25833), schw_17.schw, '300'::double precision))
                           ->  Function Scan on schw_17  (cost=0.00..0.01 rows=1 width=32)
                           ->  Seq Scan on phoml_trajectory_tmp s_17  (cost=0.00..95.68 rows=17 width=40)
                                 Filter: ((unix_time >= '1685451250.776'::double precision) AND (unix_time <= '1685451310.776'::double precision))
   ->  Subquery Scan on "*SELECT* 19"  (cost=97.82..97.83 rows=1 width=76)
         ->  Limit  (cost=97.82..97.82 rows=1 width=84)
               ->  Sort  (cost=97.82..97.82 rows=1 width=84)
                     Sort Key: (st_distance(st_transform(s_18.the_geom, 25833), schw_18.schw))
                     ->  Nested Loop  (cost=0.00..97.81 rows=1 width=84)
                           Join Filter: ((st_transform(s_18.the_geom, 25833) && st_expand(schw_18.schw, '300'::double precision)) AND (schw_18.schw && st_expand(st_transform(s_18.the_geom, 25833), '300'::double precision)) AND _st_dwithin(st_transform(s_18.the_geom, 25833), schw_18.schw, '300'::double precision))
                           ->  Function Scan on schw_18  (cost=0.00..0.01 rows=1 width=32)
                           ->  Seq Scan on phoml_trajectory_tmp s_18  (cost=0.00..95.68 rows=17 width=40)
                                 Filter: ((unix_time >= '1685451251.3'::double precision) AND (unix_time <= '1685451311.3'::double precision))
   ->  Subquery Scan on "*SELECT* 20"  (cost=97.82..97.83 rows=1 width=76)
         ->  Limit  (cost=97.82..97.82 rows=1 width=84)
               ->  Sort  (cost=97.82..97.82 rows=1 width=84)
                     Sort Key: (st_distance(st_transform(s_19.the_geom, 25833), schw_19.schw))
                     ->  Nested Loop  (cost=0.00..97.81 rows=1 width=84)
                           Join Filter: ((st_transform(s_19.the_geom, 25833) && st_expand(schw_19.schw, '300'::double precision)) AND (schw_19.schw && st_expand(st_transform(s_19.the_geom, 25833), '300'::double precision)) AND _st_dwithin(st_transform(s_19.the_geom, 25833), schw_19.schw, '300'::double precision))
                           ->  Function Scan on schw_19  (cost=0.00..0.01 rows=1 width=32)
                           ->  Seq Scan on phoml_trajectory_tmp s_19  (cost=0.00..95.68 rows=17 width=40)
                                 Filter: ((unix_time >= '1685451251.81'::double precision) AND (unix_time <= '1685451311.81'::double precision))
   ->  Subquery Scan on "*SELECT* 21"  (cost=97.82..97.83 rows=1 width=76)
         ->  Limit  (cost=97.82..97.82 rows=1 width=84)
               ->  Sort  (cost=97.82..97.82 rows=1 width=84)
                     Sort Key: (st_distance(st_transform(s_20.the_geom, 25833), schw_20.schw))
                     ->  Nested Loop  (cost=0.00..97.81 rows=1 width=84)
                           Join Filter: ((st_transform(s_20.the_geom, 25833) && st_expand(schw_20.schw, '300'::double precision)) AND (schw_20.schw && st_expand(st_transform(s_20.the_geom, 25833), '300'::double precision)) AND _st_dwithin(st_transform(s_20.the_geom, 25833), schw_20.schw, '300'::double precision))
                           ->  Function Scan on schw_20  (cost=0.00..0.01 rows=1 width=32)
                           ->  Seq Scan on phoml_trajectory_tmp s_20  (cost=0.00..95.68 rows=17 width=40)
                                 Filter: ((unix_time >= '1685451252.306'::double precision) AND (unix_time <= '1685451312.306'::double precision))
   ->  Subquery Scan on "*SELECT* 22"  (cost=97.82..97.83 rows=1 width=76)
         ->  Limit  (cost=97.82..97.82 rows=1 width=84)
               ->  Sort  (cost=97.82..97.82 rows=1 width=84)
                     Sort Key: (st_distance(st_transform(s_21.the_geom, 25833), schw_21.schw))
                     ->  Nested Loop  (cost=0.00..97.81 rows=1 width=84)
                           Join Filter: ((st_transform(s_21.the_geom, 25833) && st_expand(schw_21.schw, '300'::double precision)) AND (schw_21.schw && st_expand(st_transform(s_21.the_geom, 25833), '300'::double precision)) AND _st_dwithin(st_transform(s_21.the_geom, 25833), schw_21.schw, '300'::double precision))
                           ->  Function Scan on schw_21  (cost=0.00..0.01 rows=1 width=32)
                           ->  Seq Scan on phoml_trajectory_tmp s_21  (cost=0.00..95.68 rows=17 width=40)
                                 Filter: ((unix_time >= '1685451252.816'::double precision) AND (unix_time <= '1685451312.816'::double precision))
   ->  Subquery Scan on "*SELECT* 23"  (cost=97.82..97.83 rows=1 width=76)
         ->  Limit  (cost=97.82..97.82 rows=1 width=84)
               ->  Sort  (cost=97.82..97.82 rows=1 width=84)
                     Sort Key: (st_distance(st_transform(s_22.the_geom, 25833), schw_22.schw))
                     ->  Nested Loop  (cost=0.00..97.81 rows=1 width=84)
                           Join Filter: ((st_transform(s_22.the_geom, 25833) && st_expand(schw_22.schw, '300'::double precision)) AND (schw_22.schw && st_expand(st_transform(s_22.the_geom, 25833), '300'::double precision)) AND _st_dwithin(st_transform(s_22.the_geom, 25833), schw_22.schw, '300'::double precision))
                           ->  Function Scan on schw_22  (cost=0.00..0.01 rows=1 width=32)
                           ->  Seq Scan on phoml_trajectory_tmp s_22  (cost=0.00..95.68 rows=17 width=40)
                                 Filter: ((unix_time >= '1685451253.312'::double precision) AND (unix_time <= '1685451313.312'::double precision))
   ->  Subquery Scan on "*SELECT* 24"  (cost=97.82..97.83 rows=1 width=76)
         ->  Limit  (cost=97.82..97.82 rows=1 width=84)
               ->  Sort  (cost=97.82..97.82 rows=1 width=84)
                     Sort Key: (st_distance(st_transform(s_23.the_geom, 25833), schw_23.schw))
                     ->  Nested Loop  (cost=0.00..97.81 rows=1 width=84)
                           Join Filter: ((st_transform(s_23.the_geom, 25833) && st_expand(schw_23.schw, '300'::double precision)) AND (schw_23.schw && st_expand(st_transform(s_23.the_geom, 25833), '300'::double precision)) AND _st_dwithin(st_transform(s_23.the_geom, 25833), schw_23.schw, '300'::double precision))
                           ->  Function Scan on schw_23  (cost=0.00..0.01 rows=1 width=32)
                           ->  Seq Scan on phoml_trajectory_tmp s_23  (cost=0.00..95.68 rows=17 width=40)
                                 Filter: ((unix_time >= '1685451253.802'::double precision) AND (unix_time <= '1685451313.802'::double precision))
   ->  Subquery Scan on "*SELECT* 25"  (cost=97.82..97.83 rows=1 width=76)
         ->  Limit  (cost=97.82..97.82 rows=1 width=84)
               ->  Sort  (cost=97.82..97.82 rows=1 width=84)
                     Sort Key: (st_distance(st_transform(s_24.the_geom, 25833), schw_24.schw))
                     ->  Nested Loop  (cost=0.00..97.81 rows=1 width=84)
                           Join Filter: ((st_transform(s_24.the_geom, 25833) && st_expand(schw_24.schw, '300'::double precision)) AND (schw_24.schw && st_expand(st_transform(s_24.the_geom, 25833), '300'::double precision)) AND _st_dwithin(st_transform(s_24.the_geom, 25833), schw_24.schw, '300'::double precision))
                           ->  Function Scan on schw_24  (cost=0.00..0.01 rows=1 width=32)
                           ->  Seq Scan on phoml_trajectory_tmp s_24  (cost=0.00..95.68 rows=17 width=40)
                                 Filter: ((unix_time >= '1685451254.298'::double precision) AND (unix_time <= '1685451314.298'::double precision))
   ->  Subquery Scan on "*SELECT* 26"  (cost=97.82..97.83 rows=1 width=76)
         ->  Limit  (cost=97.82..97.82 rows=1 width=84)
               ->  Sort  (cost=97.82..97.82 rows=1 width=84)
                     Sort Key: (st_distance(st_transform(s_25.the_geom, 25833), schw_25.schw))
                     ->  Nested Loop  (cost=0.00..97.81 rows=1 width=84)
                           Join Filter: ((st_transform(s_25.the_geom, 25833) && st_expand(schw_25.schw, '300'::double precision)) AND (schw_25.schw && st_expand(st_transform(s_25.the_geom, 25833), '300'::double precision)) AND _st_dwithin(st_transform(s_25.the_geom, 25833), schw_25.schw, '300'::double precision))
                           ->  Function Scan on schw_25  (cost=0.00..0.01 rows=1 width=32)
                           ->  Seq Scan on phoml_trajectory_tmp s_25  (cost=0.00..95.68 rows=17 width=40)
                                 Filter: ((unix_time >= '1685451254.778'::double precision) AND (unix_time <= '1685451314.778'::double precision))
   ->  Subquery Scan on "*SELECT* 27"  (cost=97.82..97.83 rows=1 width=76)
         ->  Limit  (cost=97.82..97.82 rows=1 width=84)
               ->  Sort  (cost=97.82..97.82 rows=1 width=84)
                     Sort Key: (st_distance(st_transform(s_26.the_geom, 25833), schw_26.schw))
                     ->  Nested Loop  (cost=0.00..97.81 rows=1 width=84)
                           Join Filter: ((st_transform(s_26.the_geom, 25833) && st_expand(schw_26.schw, '300'::double precision)) AND (schw_26.schw && st_expand(st_transform(s_26.the_geom, 25833), '300'::double precision)) AND _st_dwithin(st_transform(s_26.the_geom, 25833), schw_26.schw, '300'::double precision))
                           ->  Function Scan on schw_26  (cost=0.00..0.01 rows=1 width=32)
                           ->  Seq Scan on phoml_trajectory_tmp s_26  (cost=0.00..95.68 rows=17 width=40)
                                 Filter: ((unix_time >= '1685451255.261'::double precision) AND (unix_time <= '1685451315.261'::double precision))
   ->  Subquery Scan on "*SELECT* 28"  (cost=97.82..97.83 rows=1 width=76)
         ->  Limit  (cost=97.82..97.82 rows=1 width=84)
               ->  Sort  (cost=97.82..97.82 rows=1 width=84)
                     Sort Key: (st_distance(st_transform(s_27.the_geom, 25833), schw_27.schw))
                     ->  Nested Loop  (cost=0.00..97.81 rows=1 width=84)
                           Join Filter: ((st_transform(s_27.the_geom, 25833) && st_expand(schw_27.schw, '300'::double precision)) AND (schw_27.schw && st_expand(st_transform(s_27.the_geom, 25833), '300'::double precision)) AND _st_dwithin(st_transform(s_27.the_geom, 25833), schw_27.schw, '300'::double precision))
                           ->  Function Scan on schw_27  (cost=0.00..0.01 rows=1 width=32)
                           ->  Seq Scan on phoml_trajectory_tmp s_27  (cost=0.00..95.68 rows=17 width=40)
                                 Filter: ((unix_time >= '1685451255.741'::double precision) AND (unix_time <= '1685451315.741'::double precision))
   ->  Subquery Scan on "*SELECT* 29"  (cost=97.82..97.83 rows=1 width=76)
         ->  Limit  (cost=97.82..97.82 rows=1 width=84)
               ->  Sort  (cost=97.82..97.82 rows=1 width=84)
                     Sort Key: (st_distance(st_transform(s_28.the_geom, 25833), schw_28.schw))
                     ->  Nested Loop  (cost=0.00..97.81 rows=1 width=84)
                           Join Filter: ((st_transform(s_28.the_geom, 25833) && st_expand(schw_28.schw, '300'::double precision)) AND (schw_28.schw && st_expand(st_transform(s_28.the_geom, 25833), '300'::double precision)) AND _st_dwithin(st_transform(s_28.the_geom, 25833), schw_28.schw, '300'::double precision))
                           ->  Function Scan on schw_28  (cost=0.00..0.01 rows=1 width=32)
                           ->  Seq Scan on phoml_trajectory_tmp s_28  (cost=0.00..95.68 rows=17 width=40)
                                 Filter: ((unix_time >= '1685451256.211'::double precision) AND (unix_time <= '1685451316.211'::double precision))
   ->  Subquery Scan on "*SELECT* 30"  (cost=97.82..97.83 rows=1 width=76)
         ->  Limit  (cost=97.82..97.82 rows=1 width=84)
               ->  Sort  (cost=97.82..97.82 rows=1 width=84)
                     Sort Key: (st_distance(st_transform(s_29.the_geom, 25833), schw_29.schw))
                     ->  Nested Loop  (cost=0.00..97.81 rows=1 width=84)
                           Join Filter: ((st_transform(s_29.the_geom, 25833) && st_expand(schw_29.schw, '300'::double precision)) AND (schw_29.schw && st_expand(st_transform(s_29.the_geom, 25833), '300'::double precision)) AND _st_dwithin(st_transform(s_29.the_geom, 25833), schw_29.schw, '300'::double precision))
                           ->  Function Scan on schw_29  (cost=0.00..0.01 rows=1 width=32)
                           ->  Seq Scan on phoml_trajectory_tmp s_29  (cost=0.00..95.68 rows=17 width=40)
                                 Filter: ((unix_time >= '1685451256.681'::double precision) AND (unix_time <= '1685451316.681'::double precision))
   ->  Subquery Scan on "*SELECT* 31"  (cost=97.82..97.83 rows=1 width=76)
         ->  Limit  (cost=97.82..97.82 rows=1 width=84)
               ->  Sort  (cost=97.82..97.82 rows=1 width=84)
                     Sort Key: (st_distance(st_transform(s_30.the_geom, 25833), schw_30.schw))
                     ->  Nested Loop  (cost=0.00..97.81 rows=1 width=84)
                           Join Filter: ((st_transform(s_30.the_geom, 25833) && st_expand(schw_30.schw, '300'::double precision)) AND (schw_30.schw && st_expand(st_transform(s_30.the_geom, 25833), '300'::double precision)) AND _st_dwithin(st_transform(s_30.the_geom, 25833), schw_30.schw, '300'::double precision))
                           ->  Function Scan on schw_30  (cost=0.00..0.01 rows=1 width=32)
                           ->  Seq Scan on phoml_trajectory_tmp s_30  (cost=0.00..95.68 rows=17 width=40)
                                 Filter: ((unix_time >= '1685451257.155'::double precision) AND (unix_time <= '1685451317.155'::double precision))
   ->  Subquery Scan on "*SELECT* 32"  (cost=97.82..97.83 rows=1 width=76)
         ->  Limit  (cost=97.82..97.82 rows=1 width=84)
               ->  Sort  (cost=97.82..97.82 rows=1 width=84)
                     Sort Key: (st_distance(st_transform(s_31.the_geom, 25833), schw_31.schw))
                     ->  Nested Loop  (cost=0.00..97.81 rows=1 width=84)
                           Join Filter: ((st_transform(s_31.the_geom, 25833) && st_expand(schw_31.schw, '300'::double precision)) AND (schw_31.schw && st_expand(st_transform(s_31.the_geom, 25833), '300'::double precision)) AND _st_dwithin(st_transform(s_31.the_geom, 25833), schw_31.schw, '300'::double precision))
                           ->  Function Scan on schw_31  (cost=0.00..0.01 rows=1 width=32)
                           ->  Seq Scan on phoml_trajectory_tmp s_31  (cost=0.00..95.68 rows=17 width=40)
                                 Filter: ((unix_time >= '1685451257.605'::double precision) AND (unix_time <= '1685451317.605'::double precision))
   ->  Subquery Scan on "*SELECT* 33"  (cost=97.82..97.83 rows=1 width=76)
         ->  Limit  (cost=97.82..97.82 rows=1 width=84)
               ->  Sort  (cost=97.82..97.82 rows=1 width=84)
                     Sort Key: (st_distance(st_transform(s_32.the_geom, 25833), schw_32.schw))
                     ->  Nested Loop  (cost=0.00..97.81 rows=1 width=84)
                           Join Filter: ((st_transform(s_32.the_geom, 25833) && st_expand(schw_32.schw, '300'::double precision)) AND (schw_32.schw && st_expand(st_transform(s_32.the_geom, 25833), '300'::double precision)) AND _st_dwithin(st_transform(s_32.the_geom, 25833), schw_32.schw, '300'::double precision))
                           ->  Function Scan on schw_32  (cost=0.00..0.01 rows=1 width=32)
                           ->  Seq Scan on phoml_trajectory_tmp s_32  (cost=0.00..95.68 rows=17 width=40)
                                 Filter: ((unix_time >= '1685451258.055'::double precision) AND (unix_time <= '1685451318.055'::double precision))
   ->  Subquery Scan on "*SELECT* 34"  (cost=97.82..97.83 rows=1 width=76)
         ->  Limit  (cost=97.82..97.82 rows=1 width=84)
               ->  Sort  (cost=97.82..97.82 rows=1 width=84)
                     Sort Key: (st_distance(st_transform(s_33.the_geom, 25833), schw_33.schw))
                     ->  Nested Loop  (cost=0.00..97.81 rows=1 width=84)
                           Join Filter: ((st_transform(s_33.the_geom, 25833) && st_expand(schw_33.schw, '300'::double precision)) AND (schw_33.schw && st_expand(st_transform(s_33.the_geom, 25833), '300'::double precision)) AND _st_dwithin(st_transform(s_33.the_geom, 25833), schw_33.schw, '300'::double precision))
                           ->  Function Scan on schw_33  (cost=0.00..0.01 rows=1 width=32)
                           ->  Seq Scan on phoml_trajectory_tmp s_33  (cost=0.00..95.68 rows=17 width=40)
                                 Filter: ((unix_time >= '1685451258.501'::double precision) AND (unix_time <= '1685451318.501'::double precision))
   ->  Subquery Scan on "*SELECT* 35"  (cost=97.82..97.83 rows=1 width=76)
         ->  Limit  (cost=97.82..97.82 rows=1 width=84)
               ->  Sort  (cost=97.82..97.82 rows=1 width=84)
                     Sort Key: (st_distance(st_transform(s_34.the_geom, 25833), schw_34.schw))
                     ->  Nested Loop  (cost=0.00..97.81 rows=1 width=84)
                           Join Filter: ((st_transform(s_34.the_geom, 25833) && st_expand(schw_34.schw, '300'::double precision)) AND (schw_34.schw && st_expand(st_transform(s_34.the_geom, 25833), '300'::double precision)) AND _st_dwithin(st_transform(s_34.the_geom, 25833), schw_34.schw, '300'::double precision))
                           ->  Function Scan on schw_34  (cost=0.00..0.01 rows=1 width=32)
                           ->  Seq Scan on phoml_trajectory_tmp s_34  (cost=0.00..95.68 rows=17 width=40)
                                 Filter: ((unix_time >= '1685451258.971'::double precision) AND (unix_time <= '1685451318.971'::double precision))
   ->  Subquery Scan on "*SELECT* 36"  (cost=97.82..97.83 rows=1 width=76)
         ->  Limit  (cost=97.82..97.82 rows=1 width=84)
               ->  Sort  (cost=97.82..97.82 rows=1 width=84)
                     Sort Key: (st_distance(st_transform(s_35.the_geom, 25833), schw_35.schw))
                     ->  Nested Loop  (cost=0.00..97.81 rows=1 width=84)
                           Join Filter: ((st_transform(s_35.the_geom, 25833) && st_expand(schw_35.schw, '300'::double precision)) AND (schw_35.schw && st_expand(st_transform(s_35.the_geom, 25833), '300'::double precision)) AND _st_dwithin(st_transform(s_35.the_geom, 25833), schw_35.schw, '300'::double precision))
                           ->  Function Scan on schw_35  (cost=0.00..0.01 rows=1 width=32)
                           ->  Seq Scan on phoml_trajectory_tmp s_35  (cost=0.00..95.68 rows=17 width=40)
                                 Filter: ((unix_time >= '1685451259.409'::double precision) AND (unix_time <= '1685451319.409'::double precision))
   ->  Subquery Scan on "*SELECT* 37"  (cost=97.82..97.83 rows=1 width=76)
         ->  Limit  (cost=97.82..97.82 rows=1 width=84)
               ->  Sort  (cost=97.82..97.82 rows=1 width=84)
                     Sort Key: (st_distance(st_transform(s_36.the_geom, 25833), schw_36.schw))
                     ->  Nested Loop  (cost=0.00..97.81 rows=1 width=84)
                           Join Filter: ((st_transform(s_36.the_geom, 25833) && st_expand(schw_36.schw, '300'::double precision)) AND (schw_36.schw && st_expand(st_transform(s_36.the_geom, 25833), '300'::double precision)) AND _st_dwithin(st_transform(s_36.the_geom, 25833), schw_36.schw, '300'::double precision))
                           ->  Function Scan on schw_36  (cost=0.00..0.01 rows=1 width=32)
                           ->  Seq Scan on phoml_trajectory_tmp s_36  (cost=0.00..95.68 rows=17 width=40)
                                 Filter: ((unix_time >= '1685451259.869'::double precision) AND (unix_time <= '1685451319.869'::double precision))
   ->  Subquery Scan on "*SELECT* 38"  (cost=97.82..97.83 rows=1 width=76)
         ->  Limit  (cost=97.82..97.82 rows=1 width=84)
               ->  Sort  (cost=97.82..97.82 rows=1 width=84)
                     Sort Key: (st_distance(st_transform(s_37.the_geom, 25833), schw_37.schw))
                     ->  Nested Loop  (cost=0.00..97.81 rows=1 width=84)
                           Join Filter: ((st_transform(s_37.the_geom, 25833) && st_expand(schw_37.schw, '300'::double precision)) AND (schw_37.schw && st_expand(st_transform(s_37.the_geom, 25833), '300'::double precision)) AND _st_dwithin(st_transform(s_37.the_geom, 25833), schw_37.schw, '300'::double precision))
                           ->  Function Scan on schw_37  (cost=0.00..0.01 rows=1 width=32)
                           ->  Seq Scan on phoml_trajectory_tmp s_37  (cost=0.00..95.68 rows=17 width=40)
                                 Filter: ((unix_time >= '1685451260.335'::double precision) AND (unix_time <= '1685451320.335'::double precision))
   ->  Subquery Scan on "*SELECT* 39"  (cost=97.82..97.83 rows=1 width=76)
         ->  Limit  (cost=97.82..97.82 rows=1 width=84)
               ->  Sort  (cost=97.82..97.82 rows=1 width=84)
                     Sort Key: (st_distance(st_transform(s_38.the_geom, 25833), schw_38.schw))
                     ->  Nested Loop  (cost=0.00..97.81 rows=1 width=84)
                           Join Filter: ((st_transform(s_38.the_geom, 25833) && st_expand(schw_38.schw, '300'::double precision)) AND (schw_38.schw && st_expand(st_transform(s_38.the_geom, 25833), '300'::double precision)) AND _st_dwithin(st_transform(s_38.the_geom, 25833), schw_38.schw, '300'::double precision))
                           ->  Function Scan on schw_38  (cost=0.00..0.01 rows=1 width=32)
                           ->  Seq Scan on phoml_trajectory_tmp s_38  (cost=0.00..95.68 rows=17 width=40)
                                 Filter: ((unix_time >= '1685451260.775'::double precision) AND (unix_time <= '1685451320.775'::double precision))
   ->  Subquery Scan on "*SELECT* 40"  (cost=97.82..97.83 rows=1 width=76)
         ->  Limit  (cost=97.82..97.82 rows=1 width=84)
               ->  Sort  (cost=97.82..97.82 rows=1 width=84)
                     Sort Key: (st_distance(st_transform(s_39.the_geom, 25833), schw_39.schw))
                     ->  Nested Loop  (cost=0.00..97.81 rows=1 width=84)
                           Join Filter: ((st_transform(s_39.the_geom, 25833) && st_expand(schw_39.schw, '300'::double precision)) AND (schw_39.schw && st_expand(st_transform(s_39.the_geom, 25833), '300'::double precision)) AND _st_dwithin(st_transform(s_39.the_geom, 25833), schw_39.schw, '300'::double precision))
                           ->  Function Scan on schw_39  (cost=0.00..0.01 rows=1 width=32)
                           ->  Seq Scan on phoml_trajectory_tmp s_39  (cost=0.00..95.68 rows=17 width=40)
                                 Filter: ((unix_time >= '1685451261.241'::double precision) AND (unix_time <= '1685451321.241'::double precision))
   ->  Subquery Scan on "*SELECT* 41"  (cost=97.82..97.83 rows=1 width=76)
         ->  Limit  (cost=97.82..97.82 rows=1 width=84)
               ->  Sort  (cost=97.82..97.82 rows=1 width=84)
                     Sort Key: (st_distance(st_transform(s_40.the_geom, 25833), schw_40.schw))
                     ->  Nested Loop  (cost=0.00..97.81 rows=1 width=84)
                           Join Filter: ((st_transform(s_40.the_geom, 25833) && st_expand(schw_40.schw, '300'::double precision)) AND (schw_40.schw && st_expand(st_transform(s_40.the_geom, 25833), '300'::double precision)) AND _st_dwithin(st_transform(s_40.the_geom, 25833), schw_40.schw, '300'::double precision))
                           ->  Function Scan on schw_40  (cost=0.00..0.01 rows=1 width=32)
                           ->  Seq Scan on phoml_trajectory_tmp s_40  (cost=0.00..95.68 rows=17 width=40)
                                 Filter: ((unix_time >= '1685451261.681'::double precision) AND (unix_time <= '1685451321.681'::double precision))
   ->  Subquery Scan on "*SELECT* 42"  (cost=97.82..97.83 rows=1 width=76)
         ->  Limit  (cost=97.82..97.82 rows=1 width=84)
               ->  Sort  (cost=97.82..97.82 rows=1 width=84)
                     Sort Key: (st_distance(st_transform(s_41.the_geom, 25833), schw_41.schw))
                     ->  Nested Loop  (cost=0.00..97.81 rows=1 width=84)
                           Join Filter: ((st_transform(s_41.the_geom, 25833) && st_expand(schw_41.schw, '300'::double precision)) AND (schw_41.schw && st_expand(st_transform(s_41.the_geom, 25833), '300'::double precision)) AND _st_dwithin(st_transform(s_41.the_geom, 25833), schw_41.schw, '300'::double precision))
                           ->  Function Scan on schw_41  (cost=0.00..0.01 rows=1 width=32)
                           ->  Seq Scan on phoml_trajectory_tmp s_41  (cost=0.00..95.68 rows=17 width=40)
                                 Filter: ((unix_time >= '1685451262.131'::double precision) AND (unix_time <= '1685451322.131'::double precision))
   ->  Subquery Scan on "*SELECT* 43"  (cost=97.82..97.83 rows=1 width=76)
         ->  Limit  (cost=97.82..97.82 rows=1 width=84)
               ->  Sort  (cost=97.82..97.82 rows=1 width=84)
                     Sort Key: (st_distance(st_transform(s_42.the_geom, 25833), schw_42.schw))
                     ->  Nested Loop  (cost=0.00..97.81 rows=1 width=84)
                           Join Filter: ((st_transform(s_42.the_geom, 25833) && st_expand(schw_42.schw, '300'::double precision)) AND (schw_42.schw && st_expand(st_transform(s_42.the_geom, 25833), '300'::double precision)) AND _st_dwithin(st_transform(s_42.the_geom, 25833), schw_42.schw, '300'::double precision))
                           ->  Function Scan on schw_42  (cost=0.00..0.01 rows=1 width=32)
                           ->  Seq Scan on phoml_trajectory_tmp s_42  (cost=0.00..95.68 rows=17 width=40)
                                 Filter: ((unix_time >= '1685451262.59'::double precision) AND (unix_time <= '1685451322.59'::double precision))
   ->  Subquery Scan on "*SELECT* 44"  (cost=97.82..97.83 rows=1 width=76)
         ->  Limit  (cost=97.82..97.82 rows=1 width=84)
               ->  Sort  (cost=97.82..97.82 rows=1 width=84)
                     Sort Key: (st_distance(st_transform(s_43.the_geom, 25833), schw_43.schw))
                     ->  Nested Loop  (cost=0.00..97.81 rows=1 width=84)
                           Join Filter: ((st_transform(s_43.the_geom, 25833) && st_expand(schw_43.schw, '300'::double precision)) AND (schw_43.schw && st_expand(st_transform(s_43.the_geom, 25833), '300'::double precision)) AND _st_dwithin(st_transform(s_43.the_geom, 25833), schw_43.schw, '300'::double precision))
                           ->  Function Scan on schw_43  (cost=0.00..0.01 rows=1 width=32)
                           ->  Seq Scan on phoml_trajectory_tmp s_43  (cost=0.00..95.68 rows=17 width=40)
                                 Filter: ((unix_time >= '1685451263.05'::double precision) AND (unix_time <= '1685451323.05'::double precision))
   ->  Subquery Scan on "*SELECT* 45"  (cost=97.82..97.83 rows=1 width=76)
         ->  Limit  (cost=97.82..97.82 rows=1 width=84)
               ->  Sort  (cost=97.82..97.82 rows=1 width=84)
                     Sort Key: (st_distance(st_transform(s_44.the_geom, 25833), schw_44.schw))
                     ->  Nested Loop  (cost=0.00..97.81 rows=1 width=84)
                           Join Filter: ((st_transform(s_44.the_geom, 25833) && st_expand(schw_44.schw, '300'::double precision)) AND (schw_44.schw && st_expand(st_transform(s_44.the_geom, 25833), '300'::double precision)) AND _st_dwithin(st_transform(s_44.the_geom, 25833), schw_44.schw, '300'::double precision))
                           ->  Function Scan on schw_44  (cost=0.00..0.01 rows=1 width=32)
                           ->  Seq Scan on phoml_trajectory_tmp s_44  (cost=0.00..95.68 rows=17 width=40)
                                 Filter: ((unix_time >= '1685451263.503'::double precision) AND (unix_time <= '1685451323.503'::double precision))
   ->  Subquery Scan on "*SELECT* 46"  (cost=97.82..97.83 rows=1 width=76)
         ->  Limit  (cost=97.82..97.82 rows=1 width=84)
               ->  Sort  (cost=97.82..97.82 rows=1 width=84)
                     Sort Key: (st_distance(st_transform(s_45.the_geom, 25833), schw_45.schw))
                     ->  Nested Loop  (cost=0.00..97.81 rows=1 width=84)
                           Join Filter: ((st_transform(s_45.the_geom, 25833) && st_expand(schw_45.schw, '300'::double precision)) AND (schw_45.schw && st_expand(st_transform(s_45.the_geom, 25833), '300'::double precision)) AND _st_dwithin(st_transform(s_45.the_geom, 25833), schw_45.schw, '300'::double precision))
                           ->  Function Scan on schw_45  (cost=0.00..0.01 rows=1 width=32)
                           ->  Seq Scan on phoml_trajectory_tmp s_45  (cost=0.00..95.68 rows=17 width=40)
                                 Filter: ((unix_time >= '1685451263.933'::double precision) AND (unix_time <= '1685451323.933'::double precision))
   ->  Subquery Scan on "*SELECT* 47"  (cost=97.82..97.83 rows=1 width=76)
         ->  Limit  (cost=97.82..97.82 rows=1 width=84)
               ->  Sort  (cost=97.82..97.82 rows=1 width=84)
                     Sort Key: (st_distance(st_transform(s_46.the_geom, 25833), schw_46.schw))
                     ->  Nested Loop  (cost=0.00..97.81 rows=1 width=84)
                           Join Filter: ((st_transform(s_46.the_geom, 25833) && st_expand(schw_46.schw, '300'::double precision)) AND (schw_46.schw && st_expand(st_transform(s_46.the_geom, 25833), '300'::double precision)) AND _st_dwithin(st_transform(s_46.the_geom, 25833), schw_46.schw, '300'::double precision))
                           ->  Function Scan on schw_46  (cost=0.00..0.01 rows=1 width=32)
                           ->  Seq Scan on phoml_trajectory_tmp s_46  (cost=0.00..95.68 rows=17 width=40)
                                 Filter: ((unix_time >= '1685451264.386'::double precision) AND (unix_time <= '1685451324.386'::double precision))
   ->  Subquery Scan on "*SELECT* 48"  (cost=97.82..97.83 rows=1 width=76)
         ->  Limit  (cost=97.82..97.82 rows=1 width=84)
               ->  Sort  (cost=97.82..97.82 rows=1 width=84)
                     Sort Key: (st_distance(st_transform(s_47.the_geom, 25833), schw_47.schw))
                     ->  Nested Loop  (cost=0.00..97.81 rows=1 width=84)
                           Join Filter: ((st_transform(s_47.the_geom, 25833) && st_expand(schw_47.schw, '300'::double precision)) AND (schw_47.schw && st_expand(st_transform(s_47.the_geom, 25833), '300'::double precision)) AND _st_dwithin(st_transform(s_47.the_geom, 25833), schw_47.schw, '300'::double precision))
                           ->  Function Scan on schw_47  (cost=0.00..0.01 rows=1 width=32)
                           ->  Seq Scan on phoml_trajectory_tmp s_47  (cost=0.00..95.68 rows=17 width=40)
                                 Filter: ((unix_time >= '1685451264.827'::double precision) AND (unix_time <= '1685451324.827'::double precision))
   ->  Subquery Scan on "*SELECT* 49"  (cost=97.82..97.83 rows=1 width=76)
         ->  Limit  (cost=97.82..97.82 rows=1 width=84)
               ->  Sort  (cost=97.82..97.82 rows=1 width=84)
                     Sort Key: (st_distance(st_transform(s_48.the_geom, 25833), schw_48.schw))
                     ->  Nested Loop  (cost=0.00..97.81 rows=1 width=84)
                           Join Filter: ((st_transform(s_48.the_geom, 25833) && st_expand(schw_48.schw, '300'::double precision)) AND (schw_48.schw && st_expand(st_transform(s_48.the_geom, 25833), '300'::double precision)) AND _st_dwithin(st_transform(s_48.the_geom, 25833), schw_48.schw, '300'::double precision))
                           ->  Function Scan on schw_48  (cost=0.00..0.01 rows=1 width=32)
                           ->  Seq Scan on phoml_trajectory_tmp s_48  (cost=0.00..95.68 rows=17 width=40)
                                 Filter: ((unix_time >= '1685451265.256'::double precision) AND (unix_time <= '1685451325.256'::double precision))
   ->  Subquery Scan on "*SELECT* 50"  (cost=97.82..97.83 rows=1 width=76)
         ->  Limit  (cost=97.82..97.82 rows=1 width=84)
               ->  Sort  (cost=97.82..97.82 rows=1 width=84)
                     Sort Key: (st_distance(st_transform(s_49.the_geom, 25833), schw_49.schw))
                     ->  Nested Loop  (cost=0.00..97.81 rows=1 width=84)
                           Join Filter: ((st_transform(s_49.the_geom, 25833) && st_expand(schw_49.schw, '300'::double precision)) AND (schw_49.schw && st_expand(st_transform(s_49.the_geom, 25833), '300'::double precision)) AND _st_dwithin(st_transform(s_49.the_geom, 25833), schw_49.schw, '300'::double precision))
                           ->  Function Scan on schw_49  (cost=0.00..0.01 rows=1 width=32)
                           ->  Seq Scan on phoml_trajectory_tmp s_49  (cost=0.00..95.68 rows=17 width=40)
                                 Filter: ((unix_time >= '1685451265.706'::double precision) AND (unix_time <= '1685451325.706'::double precision))
   ->  Subquery Scan on "*SELECT* 51"  (cost=97.82..97.83 rows=1 width=76)
         ->  Limit  (cost=97.82..97.82 rows=1 width=84)
               ->  Sort  (cost=97.82..97.82 rows=1 width=84)
                     Sort Key: (st_distance(st_transform(s_50.the_geom, 25833), schw_50.schw))
                     ->  Nested Loop  (cost=0.00..97.81 rows=1 width=84)
                           Join Filter: ((st_transform(s_50.the_geom, 25833) && st_expand(schw_50.schw, '300'::double precision)) AND (schw_50.schw && st_expand(st_transform(s_50.the_geom, 25833), '300'::double precision)) AND _st_dwithin(st_transform(s_50.the_geom, 25833), schw_50.schw, '300'::double precision))
                           ->  Function Scan on schw_50  (cost=0.00..0.01 rows=1 width=32)
                           ->  Seq Scan on phoml_trajectory_tmp s_50  (cost=0.00..95.68 rows=17 width=40)
                                 Filter: ((unix_time >= '1685451266.155'::double precision) AND (unix_time <= '1685451326.155'::double precision))
   ->  Subquery Scan on "*SELECT* 52"  (cost=97.82..97.83 rows=1 width=76)
         ->  Limit  (cost=97.82..97.82 rows=1 width=84)
               ->  Sort  (cost=97.82..97.82 rows=1 width=84)
                     Sort Key: (st_distance(st_transform(s_51.the_geom, 25833), schw_51.schw))
                     ->  Nested Loop  (cost=0.00..97.81 rows=1 width=84)
                           Join Filter: ((st_transform(s_51.the_geom, 25833) && st_expand(schw_51.schw, '300'::double precision)) AND (schw_51.schw && st_expand(st_transform(s_51.the_geom, 25833), '300'::double precision)) AND _st_dwithin(st_transform(s_51.the_geom, 25833), schw_51.schw, '300'::double precision))
                           ->  Function Scan on schw_51  (cost=0.00..0.01 rows=1 width=32)
                           ->  Seq Scan on phoml_trajectory_tmp s_51  (cost=0.00..95.68 rows=17 width=40)
                                 Filter: ((unix_time >= '1685451266.595'::double precision) AND (unix_time <= '1685451326.595'::double precision))
   ->  Subquery Scan on "*SELECT* 53"  (cost=97.82..97.83 rows=1 width=76)
         ->  Limit  (cost=97.82..97.82 rows=1 width=84)
               ->  Sort  (cost=97.82..97.82 rows=1 width=84)
                     Sort Key: (st_distance(st_transform(s_52.the_geom, 25833), schw_52.schw))
                     ->  Nested Loop  (cost=0.00..97.81 rows=1 width=84)
                           Join Filter: ((st_transform(s_52.the_geom, 25833) && st_expand(schw_52.schw, '300'::double precision)) AND (schw_52.schw && st_expand(st_transform(s_52.the_geom, 25833), '300'::double precision)) AND _st_dwithin(st_transform(s_52.the_geom, 25833), schw_52.schw, '300'::double precision))
                           ->  Function Scan on schw_52  (cost=0.00..0.01 rows=1 width=32)
                           ->  Seq Scan on phoml_trajectory_tmp s_52  (cost=0.00..95.68 rows=17 width=40)
                                 Filter: ((unix_time >= '1685451267.035'::double precision) AND (unix_time <= '1685451327.035'::double precision))
   ->  Subquery Scan on "*SELECT* 54"  (cost=97.82..97.83 rows=1 width=76)
         ->  Limit  (cost=97.82..97.82 rows=1 width=84)
               ->  Sort  (cost=97.82..97.82 rows=1 width=84)
                     Sort Key: (st_distance(st_transform(s_53.the_geom, 25833), schw_53.schw))
                     ->  Nested Loop  (cost=0.00..97.81 rows=1 width=84)
                           Join Filter: ((st_transform(s_53.the_geom, 25833) && st_expand(schw_53.schw, '300'::double precision)) AND (schw_53.schw && st_expand(st_transform(s_53.the_geom, 25833), '300'::double precision)) AND _st_dwithin(st_transform(s_53.the_geom, 25833), schw_53.schw, '300'::double precision))
                           ->  Function Scan on schw_53  (cost=0.00..0.01 rows=1 width=32)
                           ->  Seq Scan on phoml_trajectory_tmp s_53  (cost=0.00..95.68 rows=17 width=40)
                                 Filter: ((unix_time >= '1685451267.473'::double precision) AND (unix_time <= '1685451327.473'::double precision))
   ->  Subquery Scan on "*SELECT* 55"  (cost=97.82..97.83 rows=1 width=76)
         ->  Limit  (cost=97.82..97.82 rows=1 width=84)
               ->  Sort  (cost=97.82..97.82 rows=1 width=84)
                     Sort Key: (st_distance(st_transform(s_54.the_geom, 25833), schw_54.schw))
                     ->  Nested Loop  (cost=0.00..97.81 rows=1 width=84)
                           Join Filter: ((st_transform(s_54.the_geom, 25833) && st_expand(schw_54.schw, '300'::double precision)) AND (schw_54.schw && st_expand(st_transform(s_54.the_geom, 25833), '300'::double precision)) AND _st_dwithin(st_transform(s_54.the_geom, 25833), schw_54.schw, '300'::double precision))
                           ->  Function Scan on schw_54  (cost=0.00..0.01 rows=1 width=32)
                           ->  Seq Scan on phoml_trajectory_tmp s_54  (cost=0.00..95.68 rows=17 width=40)
                                 Filter: ((unix_time >= '1685451267.913'::double precision) AND (unix_time <= '1685451327.913'::double precision))
   ->  Subquery Scan on "*SELECT* 56"  (cost=97.82..97.83 rows=1 width=76)
         ->  Limit  (cost=97.82..97.82 rows=1 width=84)
               ->  Sort  (cost=97.82..97.82 rows=1 width=84)
                     Sort Key: (st_distance(st_transform(s_55.the_geom, 25833), schw_55.schw))
                     ->  Nested Loop  (cost=0.00..97.81 rows=1 width=84)
                           Join Filter: ((st_transform(s_55.the_geom, 25833) && st_expand(schw_55.schw, '300'::double precision)) AND (schw_55.schw && st_expand(st_transform(s_55.the_geom, 25833), '300'::double precision)) AND _st_dwithin(st_transform(s_55.the_geom, 25833), schw_55.schw, '300'::double precision))
                           ->  Function Scan on schw_55  (cost=0.00..0.01 rows=1 width=32)
                           ->  Seq Scan on phoml_trajectory_tmp s_55  (cost=0.00..95.68 rows=17 width=40)
                                 Filter: ((unix_time >= '1685451268.352'::double precision) AND (unix_time <= '1685451328.352'::double precision))
   ->  Subquery Scan on "*SELECT* 57"  (cost=97.82..97.83 rows=1 width=76)
         ->  Limit  (cost=97.82..97.82 rows=1 width=84)
               ->  Sort  (cost=97.82..97.82 rows=1 width=84)
                     Sort Key: (st_distance(st_transform(s_56.the_geom, 25833), schw_56.schw))
                     ->  Nested Loop  (cost=0.00..97.81 rows=1 width=84)
                           Join Filter: ((st_transform(s_56.the_geom, 25833) && st_expand(schw_56.schw, '300'::double precision)) AND (schw_56.schw && st_expand(st_transform(s_56.the_geom, 25833), '300'::double precision)) AND _st_dwithin(st_transform(s_56.the_geom, 25833), schw_56.schw, '300'::double precision))
                           ->  Function Scan on schw_56  (cost=0.00..0.01 rows=1 width=32)
                           ->  Seq Scan on phoml_trajectory_tmp s_56  (cost=0.00..95.68 rows=17 width=40)
                                 Filter: ((unix_time >= '1685451268.772'::double precision) AND (unix_time <= '1685451328.772'::double precision))
   ->  Subquery Scan on "*SELECT* 58"  (cost=97.82..97.83 rows=1 width=76)
         ->  Limit  (cost=97.82..97.82 rows=1 width=84)
               ->  Sort  (cost=97.82..97.82 rows=1 width=84)
                     Sort Key: (st_distance(st_transform(s_57.the_geom, 25833), schw_57.schw))
                     ->  Nested Loop  (cost=0.00..97.81 rows=1 width=84)
                           Join Filter: ((st_transform(s_57.the_geom, 25833) && st_expand(schw_57.schw, '300'::double precision)) AND (schw_57.schw && st_expand(st_transform(s_57.the_geom, 25833), '300'::double precision)) AND _st_dwithin(st_transform(s_57.the_geom, 25833), schw_57.schw, '300'::double precision))
                           ->  Function Scan on schw_57  (cost=0.00..0.01 rows=1 width=32)
                           ->  Seq Scan on phoml_trajectory_tmp s_57  (cost=0.00..95.68 rows=17 width=40)
                                 Filter: ((unix_time >= '1685451269.201'::double precision) AND (unix_time <= '1685451329.201'::double precision))
   ->  Subquery Scan on "*SELECT* 59"  (cost=97.82..97.83 rows=1 width=76)
         ->  Limit  (cost=97.82..97.82 rows=1 width=84)
               ->  Sort  (cost=97.82..97.82 rows=1 width=84)
                     Sort Key: (st_distance(st_transform(s_58.the_geom, 25833), schw_58.schw))
                     ->  Nested Loop  (cost=0.00..97.81 rows=1 width=84)
                           Join Filter: ((st_transform(s_58.the_geom, 25833) && st_expand(schw_58.schw, '300'::double precision)) AND (schw_58.schw && st_expand(st_transform(s_58.the_geom, 25833), '300'::double precision)) AND _st_dwithin(st_transform(s_58.the_geom, 25833), schw_58.schw, '300'::double precision))
                           ->  Function Scan on schw_58  (cost=0.00..0.01 rows=1 width=32)
                           ->  Seq Scan on phoml_trajectory_tmp s_58  (cost=0.00..95.68 rows=17 width=40)
                                 Filter: ((unix_time >= '1685451269.631'::double precision) AND (unix_time <= '1685451329.631'::double precision))
   ->  Subquery Scan on "*SELECT* 60"  (cost=97.82..97.83 rows=1 width=76)
         ->  Limit  (cost=97.82..97.82 rows=1 width=84)
               ->  Sort  (cost=97.82..97.82 rows=1 width=84)
                     Sort Key: (st_distance(st_transform(s_59.the_geom, 25833), schw_59.schw))
                     ->  Nested Loop  (cost=0.00..97.81 rows=1 width=84)
                           Join Filter: ((st_transform(s_59.the_geom, 25833) && st_expand(schw_59.schw, '300'::double precision)) AND (schw_59.schw && st_expand(st_transform(s_59.the_geom, 25833), '300'::double precision)) AND _st_dwithin(st_transform(s_59.the_geom, 25833), schw_59.schw, '300'::double precision))
                           ->  Function Scan on schw_59  (cost=0.00..0.01 rows=1 width=32)
                           ->  Seq Scan on phoml_trajectory_tmp s_59  (cost=0.00..95.68 rows=17 width=40)
                                 Filter: ((unix_time >= '1685451270.051'::double precision) AND (unix_time <= '1685451330.051'::double precision))
   ->  Subquery Scan on "*SELECT* 61"  (cost=97.82..97.83 rows=1 width=76)
         ->  Limit  (cost=97.82..97.82 rows=1 width=84)
               ->  Sort  (cost=97.82..97.82 rows=1 width=84)
                     Sort Key: (st_distance(st_transform(s_60.the_geom, 25833), schw_60.schw))
                     ->  Nested Loop  (cost=0.00..97.81 rows=1 width=84)
                           Join Filter: ((st_transform(s_60.the_geom, 25833) && st_expand(schw_60.schw, '300'::double precision)) AND (schw_60.schw && st_expand(st_transform(s_60.the_geom, 25833), '300'::double precision)) AND _st_dwithin(st_transform(s_60.the_geom, 25833), schw_60.schw, '300'::double precision))
                           ->  Function Scan on schw_60  (cost=0.00..0.01 rows=1 width=32)
                           ->  Seq Scan on phoml_trajectory_tmp s_60  (cost=0.00..95.68 rows=17 width=40)
                                 Filter: ((unix_time >= '1685451270.484'::double precision) AND (unix_time <= '1685451330.484'::double precision))
   ->  Subquery Scan on "*SELECT* 62"  (cost=97.82..97.83 rows=1 width=76)
         ->  Limit  (cost=97.82..97.82 rows=1 width=84)
               ->  Sort  (cost=97.82..97.82 rows=1 width=84)
                     Sort Key: (st_distance(st_transform(s_61.the_geom, 25833), schw_61.schw))
                     ->  Nested Loop  (cost=0.00..97.81 rows=1 width=84)
                           Join Filter: ((st_transform(s_61.the_geom, 25833) && st_expand(schw_61.schw, '300'::double precision)) AND (schw_61.schw && st_expand(st_transform(s_61.the_geom, 25833), '300'::double precision)) AND _st_dwithin(st_transform(s_61.the_geom, 25833), schw_61.schw, '300'::double precision))
                           ->  Function Scan on schw_61  (cost=0.00..0.01 rows=1 width=32)
                           ->  Seq Scan on phoml_trajectory_tmp s_61  (cost=0.00..95.68 rows=17 width=40)
                                 Filter: ((unix_time >= '1685451270.904'::double precision) AND (unix_time <= '1685451330.904'::double precision))
   ->  Subquery Scan on "*SELECT* 63"  (cost=97.82..97.83 rows=1 width=76)
         ->  Limit  (cost=97.82..97.82 rows=1 width=84)
               ->  Sort  (cost=97.82..97.82 rows=1 width=84)
                     Sort Key: (st_distance(st_transform(s_62.the_geom, 25833), schw_62.schw))
                     ->  Nested Loop  (cost=0.00..97.81 rows=1 width=84)
                           Join Filter: ((st_transform(s_62.the_geom, 25833) && st_expand(schw_62.schw, '300'::double precision)) AND (schw_62.schw && st_expand(st_transform(s_62.the_geom, 25833), '300'::double precision)) AND _st_dwithin(st_transform(s_62.the_geom, 25833), schw_62.schw, '300'::double precision))
                           ->  Function Scan on schw_62  (cost=0.00..0.01 rows=1 width=32)
                           ->  Seq Scan on phoml_trajectory_tmp s_62  (cost=0.00..95.68 rows=17 width=40)
                                 Filter: ((unix_time >= '1685451271.323'::double precision) AND (unix_time <= '1685451331.323'::double precision))
   ->  Subquery Scan on "*SELECT* 64"  (cost=97.82..97.83 rows=1 width=76)
         ->  Limit  (cost=97.82..97.82 rows=1 width=84)
               ->  Sort  (cost=97.82..97.82 rows=1 width=84)
                     Sort Key: (st_distance(st_transform(s_63.the_geom, 25833), schw_63.schw))
                     ->  Nested Loop  (cost=0.00..97.81 rows=1 width=84)
                           Join Filter: ((st_transform(s_63.the_geom, 25833) && st_expand(schw_63.schw, '300'::double precision)) AND (schw_63.schw && st_expand(st_transform(s_63.the_geom, 25833), '300'::double precision)) AND _st_dwithin(st_transform(s_63.the_geom, 25833), schw_63.schw, '300'::double precision))
                           ->  Function Scan on schw_63  (cost=0.00..0.01 rows=1 width=32)
                           ->  Seq Scan on phoml_trajectory_tmp s_63  (cost=0.00..95.68 rows=17 width=40)
                                 Filter: ((unix_time >= '1685451271.743'::double precision) AND (unix_time <= '1685451331.743'::double precision))
   ->  Subquery Scan on "*SELECT* 65"  (cost=97.82..97.83 rows=1 width=76)
         ->  Limit  (cost=97.82..97.82 rows=1 width=84)
               ->  Sort  (cost=97.82..97.82 rows=1 width=84)
                     Sort Key: (st_distance(st_transform(s_64.the_geom, 25833), schw_64.schw))
                     ->  Nested Loop  (cost=0.00..97.81 rows=1 width=84)
                           Join Filter: ((st_transform(s_64.the_geom, 25833) && st_expand(schw_64.schw, '300'::double precision)) AND (schw_64.schw && st_expand(st_transform(s_64.the_geom, 25833), '300'::double precision)) AND _st_dwithin(st_transform(s_64.the_geom, 25833), schw_64.schw, '300'::double precision))
                           ->  Function Scan on schw_64  (cost=0.00..0.01 rows=1 width=32)
                           ->  Seq Scan on phoml_trajectory_tmp s_64  (cost=0.00..95.68 rows=17 width=40)
                                 Filter: ((unix_time >= '1685451272.187'::double precision) AND (unix_time <= '1685451332.187'::double precision))
   ->  Subquery Scan on "*SELECT* 66"  (cost=97.82..97.83 rows=1 width=76)
         ->  Limit  (cost=97.82..97.82 rows=1 width=84)
               ->  Sort  (cost=97.82..97.82 rows=1 width=84)
                     Sort Key: (st_distance(st_transform(s_65.the_geom, 25833), schw_65.schw))
                     ->  Nested Loop  (cost=0.00..97.81 rows=1 width=84)
                           Join Filter: ((st_transform(s_65.the_geom, 25833) && st_expand(schw_65.schw, '300'::double precision)) AND (schw_65.schw && st_expand(st_transform(s_65.the_geom, 25833), '300'::double precision)) AND _st_dwithin(st_transform(s_65.the_geom, 25833), schw_65.schw, '300'::double precision))
                           ->  Function Scan on schw_65  (cost=0.00..0.01 rows=1 width=32)
                           ->  Seq Scan on phoml_trajectory_tmp s_65  (cost=0.00..95.68 rows=17 width=40)
                                 Filter: ((unix_time >= '1685451272.597'::double precision) AND (unix_time <= '1685451332.597'::double precision))
   ->  Subquery Scan on "*SELECT* 67"  (cost=97.82..97.83 rows=1 width=76)
         ->  Limit  (cost=97.82..97.82 rows=1 width=84)
               ->  Sort  (cost=97.82..97.82 rows=1 width=84)
                     Sort Key: (st_distance(st_transform(s_66.the_geom, 25833), schw_66.schw))
                     ->  Nested Loop  (cost=0.00..97.81 rows=1 width=84)
                           Join Filter: ((st_transform(s_66.the_geom, 25833) && st_expand(schw_66.schw, '300'::double precision)) AND (schw_66.schw && st_expand(st_transform(s_66.the_geom, 25833), '300'::double precision)) AND _st_dwithin(st_transform(s_66.the_geom, 25833), schw_66.schw, '300'::double precision))
                           ->  Function Scan on schw_66  (cost=0.00..0.01 rows=1 width=32)
                           ->  Seq Scan on phoml_trajectory_tmp s_66  (cost=0.00..95.68 rows=17 width=40)
                                 Filter: ((unix_time >= '1685451273.007'::double precision) AND (unix_time <= '1685451333.007'::double precision))
   ->  Subquery Scan on "*SELECT* 68"  (cost=97.82..97.83 rows=1 width=76)
         ->  Limit  (cost=97.82..97.82 rows=1 width=84)
               ->  Sort  (cost=97.82..97.82 rows=1 width=84)
                     Sort Key: (st_distance(st_transform(s_67.the_geom, 25833), schw_67.schw))
                     ->  Nested Loop  (cost=0.00..97.81 rows=1 width=84)
                           Join Filter: ((st_transform(s_67.the_geom, 25833) && st_expand(schw_67.schw, '300'::double precision)) AND (schw_67.schw && st_expand(st_transform(s_67.the_geom, 25833), '300'::double precision)) AND _st_dwithin(st_transform(s_67.the_geom, 25833), schw_67.schw, '300'::double precision))
                           ->  Function Scan on schw_67  (cost=0.00..0.01 rows=1 width=32)
                           ->  Seq Scan on phoml_trajectory_tmp s_67  (cost=0.00..95.68 rows=17 width=40)
                                 Filter: ((unix_time >= '1685451273.442'::double precision) AND (unix_time <= '1685451333.442'::double precision))
   ->  Subquery Scan on "*SELECT* 69"  (cost=97.82..97.83 rows=1 width=76)
         ->  Limit  (cost=97.82..97.82 rows=1 width=84)
               ->  Sort  (cost=97.82..97.82 rows=1 width=84)
                     Sort Key: (st_distance(st_transform(s_68.the_geom, 25833), schw_68.schw))
                     ->  Nested Loop  (cost=0.00..97.81 rows=1 width=84)
                           Join Filter: ((st_transform(s_68.the_geom, 25833) && st_expand(schw_68.schw, '300'::double precision)) AND (schw_68.schw && st_expand(st_transform(s_68.the_geom, 25833), '300'::double precision)) AND _st_dwithin(st_transform(s_68.the_geom, 25833), schw_68.schw, '300'::double precision))
                           ->  Function Scan on schw_68  (cost=0.00..0.01 rows=1 width=32)
                           ->  Seq Scan on phoml_trajectory_tmp s_68  (cost=0.00..95.68 rows=17 width=40)
                                 Filter: ((unix_time >= '1685451273.872'::double precision) AND (unix_time <= '1685451333.872'::double precision))
   ->  Subquery Scan on "*SELECT* 70"  (cost=97.82..97.83 rows=1 width=76)
         ->  Limit  (cost=97.82..97.82 rows=1 width=84)
               ->  Sort  (cost=97.82..97.82 rows=1 width=84)
                     Sort Key: (st_distance(st_transform(s_69.the_geom, 25833), schw_69.schw))
                     ->  Nested Loop  (cost=0.00..97.81 rows=1 width=84)
                           Join Filter: ((st_transform(s_69.the_geom, 25833) && st_expand(schw_69.schw, '300'::double precision)) AND (schw_69.schw && st_expand(st_transform(s_69.the_geom, 25833), '300'::double precision)) AND _st_dwithin(st_transform(s_69.the_geom, 25833), schw_69.schw, '300'::double precision))
                           ->  Function Scan on schw_69  (cost=0.00..0.01 rows=1 width=32)
                           ->  Seq Scan on phoml_trajectory_tmp s_69  (cost=0.00..95.68 rows=17 width=40)
                                 Filter: ((unix_time >= '1685451274.294'::double precision) AND (unix_time <= '1685451334.294'::double precision))
   ->  Subquery Scan on "*SELECT* 71"  (cost=97.82..97.83 rows=1 width=76)
         ->  Limit  (cost=97.82..97.82 rows=1 width=84)
               ->  Sort  (cost=97.82..97.82 rows=1 width=84)
                     Sort Key: (st_distance(st_transform(s_70.the_geom, 25833), schw_70.schw))
                     ->  Nested Loop  (cost=0.00..97.81 rows=1 width=84)
                           Join Filter: ((st_transform(s_70.the_geom, 25833) && st_expand(schw_70.schw, '300'::double precision)) AND (schw_70.schw && st_expand(st_transform(s_70.the_geom, 25833), '300'::double precision)) AND _st_dwithin(st_transform(s_70.the_geom, 25833), schw_70.schw, '300'::double precision))
                           ->  Function Scan on schw_70  (cost=0.00..0.01 rows=1 width=32)
                           ->  Seq Scan on phoml_trajectory_tmp s_70  (cost=0.00..95.68 rows=17 width=40)
                                 Filter: ((unix_time >= '1685451274.724'::double precision) AND (unix_time <= '1685451334.724'::double precision))
   ->  Subquery Scan on "*SELECT* 72"  (cost=97.82..97.83 rows=1 width=76)
         ->  Limit  (cost=97.82..97.82 rows=1 width=84)
               ->  Sort  (cost=97.82..97.82 rows=1 width=84)
                     Sort Key: (st_distance(st_transform(s_71.the_geom, 25833), schw_71.schw))
                     ->  Nested Loop  (cost=0.00..97.81 rows=1 width=84)
                           Join Filter: ((st_transform(s_71.the_geom, 25833) && st_expand(schw_71.schw, '300'::double precision)) AND (schw_71.schw && st_expand(st_transform(s_71.the_geom, 25833), '300'::double precision)) AND _st_dwithin(st_transform(s_71.the_geom, 25833), schw_71.schw, '300'::double precision))
                           ->  Function Scan on schw_71  (cost=0.00..0.01 rows=1 width=32)
                           ->  Seq Scan on phoml_trajectory_tmp s_71  (cost=0.00..95.68 rows=17 width=40)
                                 Filter: ((unix_time >= '1685451275.151'::double precision) AND (unix_time <= '1685451335.151'::double precision))
   ->  Subquery Scan on "*SELECT* 73"  (cost=97.82..97.83 rows=1 width=76)
         ->  Limit  (cost=97.82..97.82 rows=1 width=84)
               ->  Sort  (cost=97.82..97.82 rows=1 width=84)
                     Sort Key: (st_distance(st_transform(s_72.the_geom, 25833), schw_72.schw))
                     ->  Nested Loop  (cost=0.00..97.81 rows=1 width=84)
                           Join Filter: ((st_transform(s_72.the_geom, 25833) && st_expand(schw_72.schw, '300'::double precision)) AND (schw_72.schw && st_expand(st_transform(s_72.the_geom, 25833), '300'::double precision)) AND _st_dwithin(st_transform(s_72.the_geom, 25833), schw_72.schw, '300'::double precision))
                           ->  Function Scan on schw_72  (cost=0.00..0.01 rows=1 width=32)
                           ->  Seq Scan on phoml_trajectory_tmp s_72  (cost=0.00..95.68 rows=17 width=40)
                                 Filter: ((unix_time >= '1685451275.571'::double precision) AND (unix_time <= '1685451335.571'::double precision))
   ->  Subquery Scan on "*SELECT* 74"  (cost=97.82..97.83 rows=1 width=76)
         ->  Limit  (cost=97.82..97.82 rows=1 width=84)
               ->  Sort  (cost=97.82..97.82 rows=1 width=84)
                     Sort Key: (st_distance(st_transform(s_73.the_geom, 25833), schw_73.schw))
                     ->  Nested Loop  (cost=0.00..97.81 rows=1 width=84)
                           Join Filter: ((st_transform(s_73.the_geom, 25833) && st_expand(schw_73.schw, '300'::double precision)) AND (schw_73.schw && st_expand(st_transform(s_73.the_geom, 25833), '300'::double precision)) AND _st_dwithin(st_transform(s_73.the_geom, 25833), schw_73.schw, '300'::double precision))
                           ->  Function Scan on schw_73  (cost=0.00..0.01 rows=1 width=32)
                           ->  Seq Scan on phoml_trajectory_tmp s_73  (cost=0.00..95.68 rows=17 width=40)
                                 Filter: ((unix_time >= '1685451276.001'::double precision) AND (unix_time <= '1685451336.001'::double precision))
   ->  Subquery Scan on "*SELECT* 75"  (cost=97.82..97.83 rows=1 width=76)
         ->  Limit  (cost=97.82..97.82 rows=1 width=84)
               ->  Sort  (cost=97.82..97.82 rows=1 width=84)
                     Sort Key: (st_distance(st_transform(s_74.the_geom, 25833), schw_74.schw))
                     ->  Nested Loop  (cost=0.00..97.81 rows=1 width=84)
                           Join Filter: ((st_transform(s_74.the_geom, 25833) && st_expand(schw_74.schw, '300'::double precision)) AND (schw_74.schw && st_expand(st_transform(s_74.the_geom, 25833), '300'::double precision)) AND _st_dwithin(st_transform(s_74.the_geom, 25833), schw_74.schw, '300'::double precision))
                           ->  Function Scan on schw_74  (cost=0.00..0.01 rows=1 width=32)
                           ->  Seq Scan on phoml_trajectory_tmp s_74  (cost=0.00..95.68 rows=17 width=40)
                                 Filter: ((unix_time >= '1685451276.416'::double precision) AND (unix_time <= '1685451336.416'::double precision))
   ->  Subquery Scan on "*SELECT* 76"  (cost=97.82..97.83 rows=1 width=76)
         ->  Limit  (cost=97.82..97.82 rows=1 width=84)
               ->  Sort  (cost=97.82..97.82 rows=1 width=84)
                     Sort Key: (st_distance(st_transform(s_75.the_geom, 25833), schw_75.schw))
                     ->  Nested Loop  (cost=0.00..97.81 rows=1 width=84)
                           Join Filter: ((st_transform(s_75.the_geom, 25833) && st_expand(schw_75.schw, '300'::double precision)) AND (schw_75.schw && st_expand(st_transform(s_75.the_geom, 25833), '300'::double precision)) AND _st_dwithin(st_transform(s_75.the_geom, 25833), schw_75.schw, '300'::double precision))
                           ->  Function Scan on schw_75  (cost=0.00..0.01 rows=1 width=32)
                           ->  Seq Scan on phoml_trajectory_tmp s_75  (cost=0.00..95.68 rows=17 width=40)
                                 Filter: ((unix_time >= '1685451276.836'::double precision) AND (unix_time <= '1685451336.836'::double precision))
   ->  Subquery Scan on "*SELECT* 77"  (cost=97.82..97.83 rows=1 width=76)
         ->  Limit  (cost=97.82..97.82 rows=1 width=84)
               ->  Sort  (cost=97.82..97.82 rows=1 width=84)
                     Sort Key: (st_distance(st_transform(s_76.the_geom, 25833), schw_76.schw))
                     ->  Nested Loop  (cost=0.00..97.81 rows=1 width=84)
                           Join Filter: ((st_transform(s_76.the_geom, 25833) && st_expand(schw_76.schw, '300'::double precision)) AND (schw_76.schw && st_expand(st_transform(s_76.the_geom, 25833), '300'::double precision)) AND _st_dwithin(st_transform(s_76.the_geom, 25833), schw_76.schw, '300'::double precision))
                           ->  Function Scan on schw_76  (cost=0.00..0.01 rows=1 width=32)
                           ->  Seq Scan on phoml_trajectory_tmp s_76  (cost=0.00..95.68 rows=17 width=40)
                                 Filter: ((unix_time >= '1685451277.26'::double precision) AND (unix_time <= '1685451337.26'::double precision))
   ->  Subquery Scan on "*SELECT* 78"  (cost=97.82..97.83 rows=1 width=76)
         ->  Limit  (cost=97.82..97.82 rows=1 width=84)
               ->  Sort  (cost=97.82..97.82 rows=1 width=84)
                     Sort Key: (st_distance(st_transform(s_77.the_geom, 25833), schw_77.schw))
                     ->  Nested Loop  (cost=0.00..97.81 rows=1 width=84)
                           Join Filter: ((st_transform(s_77.the_geom, 25833) && st_expand(schw_77.schw, '300'::double precision)) AND (schw_77.schw && st_expand(st_transform(s_77.the_geom, 25833), '300'::double precision)) AND _st_dwithin(st_transform(s_77.the_geom, 25833), schw_77.schw, '300'::double precision))
                           ->  Function Scan on schw_77  (cost=0.00..0.01 rows=1 width=32)
                           ->  Seq Scan on phoml_trajectory_tmp s_77  (cost=0.00..95.68 rows=17 width=40)
                                 Filter: ((unix_time >= '1685451277.68'::double precision) AND (unix_time <= '1685451337.68'::double precision))
   ->  Subquery Scan on "*SELECT* 79"  (cost=97.82..97.83 rows=1 width=76)
         ->  Limit  (cost=97.82..97.82 rows=1 width=84)
               ->  Sort  (cost=97.82..97.82 rows=1 width=84)
                     Sort Key: (st_distance(st_transform(s_78.the_geom, 25833), schw_78.schw))
                     ->  Nested Loop  (cost=0.00..97.81 rows=1 width=84)
                           Join Filter: ((st_transform(s_78.the_geom, 25833) && st_expand(schw_78.schw, '300'::double precision)) AND (schw_78.schw && st_expand(st_transform(s_78.the_geom, 25833), '300'::double precision)) AND _st_dwithin(st_transform(s_78.the_geom, 25833), schw_78.schw, '300'::double precision))
                           ->  Function Scan on schw_78  (cost=0.00..0.01 rows=1 width=32)
                           ->  Seq Scan on phoml_trajectory_tmp s_78  (cost=0.00..95.68 rows=17 width=40)
                                 Filter: ((unix_time >= '1685451278.09'::double precision) AND (unix_time <= '1685451338.09'::double precision))
   ->  Subquery Scan on "*SELECT* 80"  (cost=97.82..97.83 rows=1 width=76)
         ->  Limit  (cost=97.82..97.82 rows=1 width=84)
               ->  Sort  (cost=97.82..97.82 rows=1 width=84)
                     Sort Key: (st_distance(st_transform(s_79.the_geom, 25833), schw_79.schw))
                     ->  Nested Loop  (cost=0.00..97.81 rows=1 width=84)
                           Join Filter: ((st_transform(s_79.the_geom, 25833) && st_expand(schw_79.schw, '300'::double precision)) AND (schw_79.schw && st_expand(st_transform(s_79.the_geom, 25833), '300'::double precision)) AND _st_dwithin(st_transform(s_79.the_geom, 25833), schw_79.schw, '300'::double precision))
                           ->  Function Scan on schw_79  (cost=0.00..0.01 rows=1 width=32)
                           ->  Seq Scan on phoml_trajectory_tmp s_79  (cost=0.00..95.68 rows=17 width=40)
                                 Filter: ((unix_time >= '1685451278.513'::double precision) AND (unix_time <= '1685451338.513'::double precision))
   ->  Subquery Scan on "*SELECT* 81"  (cost=97.82..97.83 rows=1 width=76)
         ->  Limit  (cost=97.82..97.82 rows=1 width=84)
               ->  Sort  (cost=97.82..97.82 rows=1 width=84)
                     Sort Key: (st_distance(st_transform(s_80.the_geom, 25833), schw_80.schw))
                     ->  Nested Loop  (cost=0.00..97.81 rows=1 width=84)
                           Join Filter: ((st_transform(s_80.the_geom, 25833) && st_expand(schw_80.schw, '300'::double precision)) AND (schw_80.schw && st_expand(st_transform(s_80.the_geom, 25833), '300'::double precision)) AND _st_dwithin(st_transform(s_80.the_geom, 25833), schw_80.schw, '300'::double precision))
                           ->  Function Scan on schw_80  (cost=0.00..0.01 rows=1 width=32)
                           ->  Seq Scan on phoml_trajectory_tmp s_80  (cost=0.00..95.68 rows=17 width=40)
                                 Filter: ((unix_time >= '1685451278.923'::double precision) AND (unix_time <= '1685451338.923'::double precision))
   ->  Subquery Scan on "*SELECT* 82"  (cost=97.82..97.83 rows=1 width=76)
         ->  Limit  (cost=97.82..97.82 rows=1 width=84)
               ->  Sort  (cost=97.82..97.82 rows=1 width=84)
                     Sort Key: (st_distance(st_transform(s_81.the_geom, 25833), schw_81.schw))
                     ->  Nested Loop  (cost=0.00..97.81 rows=1 width=84)
                           Join Filter: ((st_transform(s_81.the_geom, 25833) && st_expand(schw_81.schw, '300'::double precision)) AND (schw_81.schw && st_expand(st_transform(s_81.the_geom, 25833), '300'::double precision)) AND _st_dwithin(st_transform(s_81.the_geom, 25833), schw_81.schw, '300'::double precision))
                           ->  Function Scan on schw_81  (cost=0.00..0.01 rows=1 width=32)
                           ->  Seq Scan on phoml_trajectory_tmp s_81  (cost=0.00..95.68 rows=17 width=40)
                                 Filter: ((unix_time >= '1685451279.341'::double precision) AND (unix_time <= '1685451339.341'::double precision))
   ->  Subquery Scan on "*SELECT* 83"  (cost=97.82..97.83 rows=1 width=76)
         ->  Limit  (cost=97.82..97.82 rows=1 width=84)
               ->  Sort  (cost=97.82..97.82 rows=1 width=84)
                     Sort Key: (st_distance(st_transform(s_82.the_geom, 25833), schw_82.schw))
                     ->  Nested Loop  (cost=0.00..97.81 rows=1 width=84)
                           Join Filter: ((st_transform(s_82.the_geom, 25833) && st_expand(schw_82.schw, '300'::double precision)) AND (schw_82.schw && st_expand(st_transform(s_82.the_geom, 25833), '300'::double precision)) AND _st_dwithin(st_transform(s_82.the_geom, 25833), schw_82.schw, '300'::double precision))
                           ->  Function Scan on schw_82  (cost=0.00..0.01 rows=1 width=32)
                           ->  Seq Scan on phoml_trajectory_tmp s_82  (cost=0.00..95.68 rows=17 width=40)
                                 Filter: ((unix_time >= '1685451279.761'::double precision) AND (unix_time <= '1685451339.761'::double precision))
   ->  Subquery Scan on "*SELECT* 84"  (cost=97.82..97.83 rows=1 width=76)
         ->  Limit  (cost=97.82..97.82 rows=1 width=84)
               ->  Sort  (cost=97.82..97.82 rows=1 width=84)
                     Sort Key: (st_distance(st_transform(s_83.the_geom, 25833), schw_83.schw))
                     ->  Nested Loop  (cost=0.00..97.81 rows=1 width=84)
                           Join Filter: ((st_transform(s_83.the_geom, 25833) && st_expand(schw_83.schw, '300'::double precision)) AND (schw_83.schw && st_expand(st_transform(s_83.the_geom, 25833), '300'::double precision)) AND _st_dwithin(st_transform(s_83.the_geom, 25833), schw_83.schw, '300'::double precision))
                           ->  Function Scan on schw_83  (cost=0.00..0.01 rows=1 width=32)
                           ->  Seq Scan on phoml_trajectory_tmp s_83  (cost=0.00..95.68 rows=17 width=40)
                                 Filter: ((unix_time >= '1685451280.184'::double precision) AND (unix_time <= '1685451340.184'::double precision))
   ->  Subquery Scan on "*SELECT* 85"  (cost=97.82..97.83 rows=1 width=76)
         ->  Limit  (cost=97.82..97.82 rows=1 width=84)
               ->  Sort  (cost=97.82..97.82 rows=1 width=84)
                     Sort Key: (st_distance(st_transform(s_84.the_geom, 25833), schw_84.schw))
                     ->  Nested Loop  (cost=0.00..97.81 rows=1 width=84)
                           Join Filter: ((st_transform(s_84.the_geom, 25833) && st_expand(schw_84.schw, '300'::double precision)) AND (schw_84.schw && st_expand(st_transform(s_84.the_geom, 25833), '300'::double precision)) AND _st_dwithin(st_transform(s_84.the_geom, 25833), schw_84.schw, '300'::double precision))
                           ->  Function Scan on schw_84  (cost=0.00..0.01 rows=1 width=32)
                           ->  Seq Scan on phoml_trajectory_tmp s_84  (cost=0.00..95.68 rows=17 width=40)
                                 Filter: ((unix_time >= '1685451280.594'::double precision) AND (unix_time <= '1685451340.594'::double precision))
   ->  Subquery Scan on "*SELECT* 86"  (cost=97.82..97.83 rows=1 width=76)
         ->  Limit  (cost=97.82..97.82 rows=1 width=84)
               ->  Sort  (cost=97.82..97.82 rows=1 width=84)
                     Sort Key: (st_distance(st_transform(s_85.the_geom, 25833), schw_85.schw))
                     ->  Nested Loop  (cost=0.00..97.81 rows=1 width=84)
                           Join Filter: ((st_transform(s_85.the_geom, 25833) && st_expand(schw_85.schw, '300'::double precision)) AND (schw_85.schw && st_expand(st_transform(s_85.the_geom, 25833), '300'::double precision)) AND _st_dwithin(st_transform(s_85.the_geom, 25833), schw_85.schw, '300'::double precision))
                           ->  Function Scan on schw_85  (cost=0.00..0.01 rows=1 width=32)
                           ->  Seq Scan on phoml_trajectory_tmp s_85  (cost=0.00..95.68 rows=17 width=40)
                                 Filter: ((unix_time >= '1685451281.004'::double precision) AND (unix_time <= '1685451341.004'::double precision))
   ->  Subquery Scan on "*SELECT* 87"  (cost=97.82..97.83 rows=1 width=76)
         ->  Limit  (cost=97.82..97.82 rows=1 width=84)
               ->  Sort  (cost=97.82..97.82 rows=1 width=84)
                     Sort Key: (st_distance(st_transform(s_86.the_geom, 25833), schw_86.schw))
                     ->  Nested Loop  (cost=0.00..97.81 rows=1 width=84)
                           Join Filter: ((st_transform(s_86.the_geom, 25833) && st_expand(schw_86.schw, '300'::double precision)) AND (schw_86.schw && st_expand(st_transform(s_86.the_geom, 25833), '300'::double precision)) AND _st_dwithin(st_transform(s_86.the_geom, 25833), schw_86.schw, '300'::double precision))
                           ->  Function Scan on schw_86  (cost=0.00..0.01 rows=1 width=32)
                           ->  Seq Scan on phoml_trajectory_tmp s_86  (cost=0.00..95.68 rows=17 width=40)
                                 Filter: ((unix_time >= '1685451281.438'::double precision) AND (unix_time <= '1685451341.438'::double precision))
   ->  Subquery Scan on "*SELECT* 88"  (cost=97.82..97.83 rows=1 width=76)
         ->  Limit  (cost=97.82..97.82 rows=1 width=84)
               ->  Sort  (cost=97.82..97.82 rows=1 width=84)
                     Sort Key: (st_distance(st_transform(s_87.the_geom, 25833), schw_87.schw))
                     ->  Nested Loop  (cost=0.00..97.81 rows=1 width=84)
                           Join Filter: ((st_transform(s_87.the_geom, 25833) && st_expand(schw_87.schw, '300'::double precision)) AND (schw_87.schw && st_expand(st_transform(s_87.the_geom, 25833), '300'::double precision)) AND _st_dwithin(st_transform(s_87.the_geom, 25833), schw_87.schw, '300'::double precision))
                           ->  Function Scan on schw_87  (cost=0.00..0.01 rows=1 width=32)
                           ->  Seq Scan on phoml_trajectory_tmp s_87  (cost=0.00..95.68 rows=17 width=40)
                                 Filter: ((unix_time >= '1685451281.868'::double precision) AND (unix_time <= '1685451341.868'::double precision))
   ->  Subquery Scan on "*SELECT* 89"  (cost=97.82..97.83 rows=1 width=76)
         ->  Limit  (cost=97.82..97.82 rows=1 width=84)
               ->  Sort  (cost=97.82..97.82 rows=1 width=84)
                     Sort Key: (st_distance(st_transform(s_88.the_geom, 25833), schw_88.schw))
                     ->  Nested Loop  (cost=0.00..97.81 rows=1 width=84)
                           Join Filter: ((st_transform(s_88.the_geom, 25833) && st_expand(schw_88.schw, '300'::double precision)) AND (schw_88.schw && st_expand(st_transform(s_88.the_geom, 25833), '300'::double precision)) AND _st_dwithin(st_transform(s_88.the_geom, 25833), schw_88.schw, '300'::double precision))
                           ->  Function Scan on schw_88  (cost=0.00..0.01 rows=1 width=32)
                           ->  Seq Scan on phoml_trajectory_tmp s_88  (cost=0.00..95.68 rows=17 width=40)
                                 Filter: ((unix_time >= '1685451282.29'::double precision) AND (unix_time <= '1685451342.29'::double precision))
   ->  Subquery Scan on "*SELECT* 90"  (cost=97.82..97.83 rows=1 width=76)
         ->  Limit  (cost=97.82..97.82 rows=1 width=84)
               ->  Sort  (cost=97.82..97.82 rows=1 width=84)
                     Sort Key: (st_distance(st_transform(s_89.the_geom, 25833), schw_89.schw))
                     ->  Nested Loop  (cost=0.00..97.81 rows=1 width=84)
                           Join Filter: ((st_transform(s_89.the_geom, 25833) && st_expand(schw_89.schw, '300'::double precision)) AND (schw_89.schw && st_expand(st_transform(s_89.the_geom, 25833), '300'::double precision)) AND _st_dwithin(st_transform(s_89.the_geom, 25833), schw_89.schw, '300'::double precision))
                           ->  Function Scan on schw_89  (cost=0.00..0.01 rows=1 width=32)
                           ->  Seq Scan on phoml_trajectory_tmp s_89  (cost=0.00..95.68 rows=17 width=40)
                                 Filter: ((unix_time >= '1685451282.73'::double precision) AND (unix_time <= '1685451342.73'::double precision))
   ->  Subquery Scan on "*SELECT* 91"  (cost=97.82..97.83 rows=1 width=76)
         ->  Limit  (cost=97.82..97.82 rows=1 width=84)
               ->  Sort  (cost=97.82..97.82 rows=1 width=84)
                     Sort Key: (st_distance(st_transform(s_90.the_geom, 25833), schw_90.schw))
                     ->  Nested Loop  (cost=0.00..97.81 rows=1 width=84)
                           Join Filter: ((st_transform(s_90.the_geom, 25833) && st_expand(schw_90.schw, '300'::double precision)) AND (schw_90.schw && st_expand(st_transform(s_90.the_geom, 25833), '300'::double precision)) AND _st_dwithin(st_transform(s_90.the_geom, 25833), schw_90.schw, '300'::double precision))
                           ->  Function Scan on schw_90  (cost=0.00..0.01 rows=1 width=32)
                           ->  Seq Scan on phoml_trajectory_tmp s_90  (cost=0.00..95.68 rows=17 width=40)
                                 Filter: ((unix_time >= '1685451283.17'::double precision) AND (unix_time <= '1685451343.17'::double precision))
   ->  Subquery Scan on "*SELECT* 92"  (cost=97.82..97.83 rows=1 width=76)
         ->  Limit  (cost=97.82..97.82 rows=1 width=84)
               ->  Sort  (cost=97.82..97.82 rows=1 width=84)
                     Sort Key: (st_distance(st_transform(s_91.the_geom, 25833), schw_91.schw))
                     ->  Nested Loop  (cost=0.00..97.81 rows=1 width=84)
                           Join Filter: ((st_transform(s_91.the_geom, 25833) && st_expand(schw_91.schw, '300'::double precision)) AND (schw_91.schw && st_expand(st_transform(s_91.the_geom, 25833), '300'::double precision)) AND _st_dwithin(st_transform(s_91.the_geom, 25833), schw_91.schw, '300'::double precision))
                           ->  Function Scan on schw_91  (cost=0.00..0.01 rows=1 width=32)
                           ->  Seq Scan on phoml_trajectory_tmp s_91  (cost=0.00..95.68 rows=17 width=40)
                                 Filter: ((unix_time >= '1685451283.611'::double precision) AND (unix_time <= '1685451343.611'::double precision))
   ->  Subquery Scan on "*SELECT* 93"  (cost=97.82..97.83 rows=1 width=76)
         ->  Limit  (cost=97.82..97.82 rows=1 width=84)
               ->  Sort  (cost=97.82..97.82 rows=1 width=84)
                     Sort Key: (st_distance(st_transform(s_92.the_geom, 25833), schw_92.schw))
                     ->  Nested Loop  (cost=0.00..97.81 rows=1 width=84)
                           Join Filter: ((st_transform(s_92.the_geom, 25833) && st_expand(schw_92.schw, '300'::double precision)) AND (schw_92.schw && st_expand(st_transform(s_92.the_geom, 25833), '300'::double precision)) AND _st_dwithin(st_transform(s_92.the_geom, 25833), schw_92.schw, '300'::double precision))
                           ->  Function Scan on schw_92  (cost=0.00..0.01 rows=1 width=32)
                           ->  Seq Scan on phoml_trajectory_tmp s_92  (cost=0.00..95.68 rows=17 width=40)
                                 Filter: ((unix_time >= '1685451284.08'::double precision) AND (unix_time <= '1685451344.08'::double precision))
   ->  Subquery Scan on "*SELECT* 94"  (cost=97.82..97.83 rows=1 width=76)
         ->  Limit  (cost=97.82..97.82 rows=1 width=84)
               ->  Sort  (cost=97.82..97.82 rows=1 width=84)
                     Sort Key: (st_distance(st_transform(s_93.the_geom, 25833), schw_93.schw))
                     ->  Nested Loop  (cost=0.00..97.81 rows=1 width=84)
                           Join Filter: ((st_transform(s_93.the_geom, 25833) && st_expand(schw_93.schw, '300'::double precision)) AND (schw_93.schw && st_expand(st_transform(s_93.the_geom, 25833), '300'::double precision)) AND _st_dwithin(st_transform(s_93.the_geom, 25833), schw_93.schw, '300'::double precision))
                           ->  Function Scan on schw_93  (cost=0.00..0.01 rows=1 width=32)
                           ->  Seq Scan on phoml_trajectory_tmp s_93  (cost=0.00..95.68 rows=17 width=40)
                                 Filter: ((unix_time >= '1685451284.554'::double precision) AND (unix_time <= '1685451344.554'::double precision))
   ->  Subquery Scan on "*SELECT* 95"  (cost=97.82..97.83 rows=1 width=76)
         ->  Limit  (cost=97.82..97.82 rows=1 width=84)
               ->  Sort  (cost=97.82..97.82 rows=1 width=84)
                     Sort Key: (st_distance(st_transform(s_94.the_geom, 25833), schw_94.schw))
                     ->  Nested Loop  (cost=0.00..97.81 rows=1 width=84)
                           Join Filter: ((st_transform(s_94.the_geom, 25833) && st_expand(schw_94.schw, '300'::double precision)) AND (schw_94.schw && st_expand(st_transform(s_94.the_geom, 25833), '300'::double precision)) AND _st_dwithin(st_transform(s_94.the_geom, 25833), schw_94.schw, '300'::double precision))
                           ->  Function Scan on schw_94  (cost=0.00..0.01 rows=1 width=32)
                           ->  Seq Scan on phoml_trajectory_tmp s_94  (cost=0.00..95.68 rows=17 width=40)
                                 Filter: ((unix_time >= '1685451285.064'::double precision) AND (unix_time <= '1685451345.064'::double precision))
   ->  Subquery Scan on "*SELECT* 96"  (cost=97.82..97.83 rows=1 width=76)
         ->  Limit  (cost=97.82..97.82 rows=1 width=84)
               ->  Sort  (cost=97.82..97.82 rows=1 width=84)
                     Sort Key: (st_distance(st_transform(s_95.the_geom, 25833), schw_95.schw))
                     ->  Nested Loop  (cost=0.00..97.81 rows=1 width=84)
                           Join Filter: ((st_transform(s_95.the_geom, 25833) && st_expand(schw_95.schw, '300'::double precision)) AND (schw_95.schw && st_expand(st_transform(s_95.the_geom, 25833), '300'::double precision)) AND _st_dwithin(st_transform(s_95.the_geom, 25833), schw_95.schw, '300'::double precision))
                           ->  Function Scan on schw_95  (cost=0.00..0.01 rows=1 width=32)
                           ->  Seq Scan on phoml_trajectory_tmp s_95  (cost=0.00..95.68 rows=17 width=40)
                                 Filter: ((unix_time >= '1685451285.581'::double precision) AND (unix_time <= '1685451345.581'::double precision))
   ->  Subquery Scan on "*SELECT* 97"  (cost=97.82..97.83 rows=1 width=76)
         ->  Limit  (cost=97.82..97.82 rows=1 width=84)
               ->  Sort  (cost=97.82..97.82 rows=1 width=84)
                     Sort Key: (st_distance(st_transform(s_96.the_geom, 25833), schw_96.schw))
                     ->  Nested Loop  (cost=0.00..97.81 rows=1 width=84)
                           Join Filter: ((st_transform(s_96.the_geom, 25833) && st_expand(schw_96.schw, '300'::double precision)) AND (schw_96.schw && st_expand(st_transform(s_96.the_geom, 25833), '300'::double precision)) AND _st_dwithin(st_transform(s_96.the_geom, 25833), schw_96.schw, '300'::double precision))
                           ->  Function Scan on schw_96  (cost=0.00..0.01 rows=1 width=32)
                           ->  Seq Scan on phoml_trajectory_tmp s_96  (cost=0.00..95.68 rows=17 width=40)
                                 Filter: ((unix_time >= '1685451286.101'::double precision) AND (unix_time <= '1685451346.101'::double precision))
   ->  Subquery Scan on "*SELECT* 98"  (cost=97.82..97.83 rows=1 width=76)
         ->  Limit  (cost=97.82..97.82 rows=1 width=84)
               ->  Sort  (cost=97.82..97.82 rows=1 width=84)
                     Sort Key: (st_distance(st_transform(s_97.the_geom, 25833), schw_97.schw))
                     ->  Nested Loop  (cost=0.00..97.81 rows=1 width=84)
                           Join Filter: ((st_transform(s_97.the_geom, 25833) && st_expand(schw_97.schw, '300'::double precision)) AND (schw_97.schw && st_expand(st_transform(s_97.the_geom, 25833), '300'::double precision)) AND _st_dwithin(st_transform(s_97.the_geom, 25833), schw_97.schw, '300'::double precision))
                           ->  Function Scan on schw_97  (cost=0.00..0.01 rows=1 width=32)
                           ->  Seq Scan on phoml_trajectory_tmp s_97  (cost=0.00..95.68 rows=17 width=40)
                                 Filter: ((unix_time >= '1685451286.636'::double precision) AND (unix_time <= '1685451346.636'::double precision))
   ->  Subquery Scan on "*SELECT* 99"  (cost=97.82..97.83 rows=1 width=76)
         ->  Limit  (cost=97.82..97.82 rows=1 width=84)
               ->  Sort  (cost=97.82..97.82 rows=1 width=84)
                     Sort Key: (st_distance(st_transform(s_98.the_geom, 25833), schw_98.schw))
                     ->  Nested Loop  (cost=0.00..97.81 rows=1 width=84)
                           Join Filter: ((st_transform(s_98.the_geom, 25833) && st_expand(schw_98.schw, '300'::double precision)) AND (schw_98.schw && st_expand(st_transform(s_98.the_geom, 25833), '300'::double precision)) AND _st_dwithin(st_transform(s_98.the_geom, 25833), schw_98.schw, '300'::double precision))
                           ->  Function Scan on schw_98  (cost=0.00..0.01 rows=1 width=32)
                           ->  Seq Scan on phoml_trajectory_tmp s_98  (cost=0.00..95.68 rows=17 width=40)
                                 Filter: ((unix_time >= '1685451287.192'::double precision) AND (unix_time <= '1685451347.192'::double precision))
   ->  Subquery Scan on "*SELECT* 100"  (cost=97.82..97.83 rows=1 width=76)
         ->  Limit  (cost=97.82..97.82 rows=1 width=84)
               ->  Sort  (cost=97.82..97.82 rows=1 width=84)
                     Sort Key: (st_distance(st_transform(s_99.the_geom, 25833), schw_99.schw))
                     ->  Nested Loop  (cost=0.00..97.81 rows=1 width=84)
                           Join Filter: ((st_transform(s_99.the_geom, 25833) && st_expand(schw_99.schw, '300'::double precision)) AND (schw_99.schw && st_expand(st_transform(s_99.the_geom, 25833), '300'::double precision)) AND _st_dwithin(st_transform(s_99.the_geom, 25833), schw_99.schw, '300'::double precision))
                           ->  Function Scan on schw_99  (cost=0.00..0.01 rows=1 width=32)
                           ->  Seq Scan on phoml_trajectory_tmp s_99  (cost=0.00..95.68 rows=17 width=40)
                                 Filter: ((unix_time >= '1685451287.752'::double precision) AND (unix_time <= '1685451347.752'::double precision))
   ->  Subquery Scan on "*SELECT* 101"  (cost=97.82..97.83 rows=1 width=76)
         ->  Limit  (cost=97.82..97.82 rows=1 width=84)
               ->  Sort  (cost=97.82..97.82 rows=1 width=84)
                     Sort Key: (st_distance(st_transform(s_100.the_geom, 25833), schw_100.schw))
                     ->  Nested Loop  (cost=0.00..97.81 rows=1 width=84)
                           Join Filter: ((st_transform(s_100.the_geom, 25833) && st_expand(schw_100.schw, '300'::double precision)) AND (schw_100.schw && st_expand(st_transform(s_100.the_geom, 25833), '300'::double precision)) AND _st_dwithin(st_transform(s_100.the_geom, 25833), schw_100.schw, '300'::double precision))
                           ->  Function Scan on schw_100  (cost=0.00..0.01 rows=1 width=32)
                           ->  Seq Scan on phoml_trajectory_tmp s_100  (cost=0.00..95.68 rows=17 width=40)
                                 Filter: ((unix_time >= '1685451288.329'::double precision) AND (unix_time <= '1685451348.329'::double precision))
   ->  Subquery Scan on "*SELECT* 102"  (cost=97.82..97.83 rows=1 width=76)
         ->  Limit  (cost=97.82..97.82 rows=1 width=84)
               ->  Sort  (cost=97.82..97.82 rows=1 width=84)
                     Sort Key: (st_distance(st_transform(s_101.the_geom, 25833), schw_101.schw))
                     ->  Nested Loop  (cost=0.00..97.81 rows=1 width=84)
                           Join Filter: ((st_transform(s_101.the_geom, 25833) && st_expand(schw_101.schw, '300'::double precision)) AND (schw_101.schw && st_expand(st_transform(s_101.the_geom, 25833), '300'::double precision)) AND _st_dwithin(st_transform(s_101.the_geom, 25833), schw_101.schw, '300'::double precision))
                           ->  Function Scan on schw_101  (cost=0.00..0.01 rows=1 width=32)
                           ->  Seq Scan on phoml_trajectory_tmp s_101  (cost=0.00..95.68 rows=17 width=40)
                                 Filter: ((unix_time >= '1685451288.918'::double precision) AND (unix_time <= '1685451348.918'::double precision))
   ->  Subquery Scan on "*SELECT* 103"  (cost=97.82..97.83 rows=1 width=76)
         ->  Limit  (cost=97.82..97.82 rows=1 width=84)
               ->  Sort  (cost=97.82..97.82 rows=1 width=84)
                     Sort Key: (st_distance(st_transform(s_102.the_geom, 25833), schw_102.schw))
                     ->  Nested Loop  (cost=0.00..97.81 rows=1 width=84)
                           Join Filter: ((st_transform(s_102.the_geom, 25833) && st_expand(schw_102.schw, '300'::double precision)) AND (schw_102.schw && st_expand(st_transform(s_102.the_geom, 25833), '300'::double precision)) AND _st_dwithin(st_transform(s_102.the_geom, 25833), schw_102.schw, '300'::double precision))
                           ->  Function Scan on schw_102  (cost=0.00..0.01 rows=1 width=32)
                           ->  Seq Scan on phoml_trajectory_tmp s_102  (cost=0.00..95.68 rows=17 width=40)
                                 Filter: ((unix_time >= '1685451289.526'::double precision) AND (unix_time <= '1685451349.526'::double precision))
   ->  Subquery Scan on "*SELECT* 104"  (cost=97.82..97.83 rows=1 width=76)
         ->  Limit  (cost=97.82..97.82 rows=1 width=84)
               ->  Sort  (cost=97.82..97.82 rows=1 width=84)
                     Sort Key: (st_distance(st_transform(s_103.the_geom, 25833), schw_103.schw))
                     ->  Nested Loop  (cost=0.00..97.81 rows=1 width=84)
                           Join Filter: ((st_transform(s_103.the_geom, 25833) && st_expand(schw_103.schw, '300'::double precision)) AND (schw_103.schw && st_expand(st_transform(s_103.the_geom, 25833), '300'::double precision)) AND _st_dwithin(st_transform(s_103.the_geom, 25833), schw_103.schw, '300'::double precision))
                           ->  Function Scan on schw_103  (cost=0.00..0.01 rows=1 width=32)
                           ->  Seq Scan on phoml_trajectory_tmp s_103  (cost=0.00..95.68 rows=17 width=40)
                                 Filter: ((unix_time >= '1685451290.139'::double precision) AND (unix_time <= '1685451350.139'::double precision))
   ->  Subquery Scan on "*SELECT* 105"  (cost=97.82..97.83 rows=1 width=76)
         ->  Limit  (cost=97.82..97.82 rows=1 width=84)
               ->  Sort  (cost=97.82..97.82 rows=1 width=84)
                     Sort Key: (st_distance(st_transform(s_104.the_geom, 25833), schw_104.schw))
                     ->  Nested Loop  (cost=0.00..97.81 rows=1 width=84)
                           Join Filter: ((st_transform(s_104.the_geom, 25833) && st_expand(schw_104.schw, '300'::double precision)) AND (schw_104.schw && st_expand(st_transform(s_104.the_geom, 25833), '300'::double precision)) AND _st_dwithin(st_transform(s_104.the_geom, 25833), schw_104.schw, '300'::double precision))
                           ->  Function Scan on schw_104  (cost=0.00..0.01 rows=1 width=32)
                           ->  Seq Scan on phoml_trajectory_tmp s_104  (cost=0.00..95.68 rows=17 width=40)
                                 Filter: ((unix_time >= '1685451290.739'::double precision) AND (unix_time <= '1685451350.739'::double precision))
   ->  Subquery Scan on "*SELECT* 106"  (cost=97.82..97.83 rows=1 width=76)
         ->  Limit  (cost=97.82..97.82 rows=1 width=84)
               ->  Sort  (cost=97.82..97.82 rows=1 width=84)
                     Sort Key: (st_distance(st_transform(s_105.the_geom, 25833), schw_105.schw))
                     ->  Nested Loop  (cost=0.00..97.81 rows=1 width=84)
                           Join Filter: ((st_transform(s_105.the_geom, 25833) && st_expand(schw_105.schw, '300'::double precision)) AND (schw_105.schw && st_expand(st_transform(s_105.the_geom, 25833), '300'::double precision)) AND _st_dwithin(st_transform(s_105.the_geom, 25833), schw_105.schw, '300'::double precision))
                           ->  Function Scan on schw_105  (cost=0.00..0.01 rows=1 width=32)
                           ->  Seq Scan on phoml_trajectory_tmp s_105  (cost=0.00..95.68 rows=17 width=40)
                                 Filter: ((unix_time >= '1685451291.371'::double precision) AND (unix_time <= '1685451351.371'::double precision))
   ->  Subquery Scan on "*SELECT* 107"  (cost=97.82..97.83 rows=1 width=76)
         ->  Limit  (cost=97.82..97.82 rows=1 width=84)
               ->  Sort  (cost=97.82..97.82 rows=1 width=84)
                     Sort Key: (st_distance(st_transform(s_106.the_geom, 25833), schw_106.schw))
                     ->  Nested Loop  (cost=0.00..97.81 rows=1 width=84)
                           Join Filter: ((st_transform(s_106.the_geom, 25833) && st_expand(schw_106.schw, '300'::double precision)) AND (schw_106.schw && st_expand(st_transform(s_106.the_geom, 25833), '300'::double precision)) AND _st_dwithin(st_transform(s_106.the_geom, 25833), schw_106.schw, '300'::double precision))
                           ->  Function Scan on schw_106  (cost=0.00..0.01 rows=1 width=32)
                           ->  Seq Scan on phoml_trajectory_tmp s_106  (cost=0.00..95.68 rows=17 width=40)
                                 Filter: ((unix_time >= '1685451292.001'::double precision) AND (unix_time <= '1685451352.001'::double precision))
   ->  Subquery Scan on "*SELECT* 108"  (cost=97.82..97.83 rows=1 width=76)
         ->  Limit  (cost=97.82..97.82 rows=1 width=84)
               ->  Sort  (cost=97.82..97.82 rows=1 width=84)
                     Sort Key: (st_distance(st_transform(s_107.the_geom, 25833), schw_107.schw))
                     ->  Nested Loop  (cost=0.00..97.81 rows=1 width=84)
                           Join Filter: ((st_transform(s_107.the_geom, 25833) && st_expand(schw_107.schw, '300'::double precision)) AND (schw_107.schw && st_expand(st_transform(s_107.the_geom, 25833), '300'::double precision)) AND _st_dwithin(st_transform(s_107.the_geom, 25833), schw_107.schw, '300'::double precision))
                           ->  Function Scan on schw_107  (cost=0.00..0.01 rows=1 width=32)
                           ->  Seq Scan on phoml_trajectory_tmp s_107  (cost=0.00..95.68 rows=17 width=40)
                                 Filter: ((unix_time >= '1685451292.625'::double precision) AND (unix_time <= '1685451352.625'::double precision))
   ->  Subquery Scan on "*SELECT* 109"  (cost=97.82..97.83 rows=1 width=76)
         ->  Limit  (cost=97.82..97.82 rows=1 width=84)
               ->  Sort  (cost=97.82..97.82 rows=1 width=84)
                     Sort Key: (st_distance(st_transform(s_108.the_geom, 25833), schw_108.schw))
                     ->  Nested Loop  (cost=0.00..97.81 rows=1 width=84)
                           Join Filter: ((st_transform(s_108.the_geom, 25833) && st_expand(schw_108.schw, '300'::double precision)) AND (schw_108.schw && st_expand(st_transform(s_108.the_geom, 25833), '300'::double precision)) AND _st_dwithin(st_transform(s_108.the_geom, 25833), schw_108.schw, '300'::double precision))
                           ->  Function Scan on schw_108  (cost=0.00..0.01 rows=1 width=32)
                           ->  Seq Scan on phoml_trajectory_tmp s_108  (cost=0.00..95.68 rows=17 width=40)
                                 Filter: ((unix_time >= '1685451293.254'::double precision) AND (unix_time <= '1685451353.254'::double precision))
   ->  Subquery Scan on "*SELECT* 110"  (cost=97.82..97.83 rows=1 width=76)
         ->  Limit  (cost=97.82..97.82 rows=1 width=84)
               ->  Sort  (cost=97.82..97.82 rows=1 width=84)
                     Sort Key: (st_distance(st_transform(s_109.the_geom, 25833), schw_109.schw))
                     ->  Nested Loop  (cost=0.00..97.81 rows=1 width=84)
                           Join Filter: ((st_transform(s_109.the_geom, 25833) && st_expand(schw_109.schw, '300'::double precision)) AND (schw_109.schw && st_expand(st_transform(s_109.the_geom, 25833), '300'::double precision)) AND _st_dwithin(st_transform(s_109.the_geom, 25833), schw_109.schw, '300'::double precision))
                           ->  Function Scan on schw_109  (cost=0.00..0.01 rows=1 width=32)
                           ->  Seq Scan on phoml_trajectory_tmp s_109  (cost=0.00..95.68 rows=17 width=40)
                                 Filter: ((unix_time >= '1685451293.874'::double precision) AND (unix_time <= '1685451353.874'::double precision))
   ->  Subquery Scan on "*SELECT* 111"  (cost=97.82..97.83 rows=1 width=76)
         ->  Limit  (cost=97.82..97.82 rows=1 width=84)
               ->  Sort  (cost=97.82..97.82 rows=1 width=84)
                     Sort Key: (st_distance(st_transform(s_110.the_geom, 25833), schw_110.schw))
                     ->  Nested Loop  (cost=0.00..97.81 rows=1 width=84)
                           Join Filter: ((st_transform(s_110.the_geom, 25833) && st_expand(schw_110.schw, '300'::double precision)) AND (schw_110.schw && st_expand(st_transform(s_110.the_geom, 25833), '300'::double precision)) AND _st_dwithin(st_transform(s_110.the_geom, 25833), schw_110.schw, '300'::double precision))
                           ->  Function Scan on schw_110  (cost=0.00..0.01 rows=1 width=32)
                           ->  Seq Scan on phoml_trajectory_tmp s_110  (cost=0.00..95.68 rows=17 width=40)
                                 Filter: ((unix_time >= '1685451294.491'::double precision) AND (unix_time <= '1685451354.491'::double precision))
   ->  Subquery Scan on "*SELECT* 112"  (cost=97.82..97.83 rows=1 width=76)
         ->  Limit  (cost=97.82..97.82 rows=1 width=84)
               ->  Sort  (cost=97.82..97.82 rows=1 width=84)
                     Sort Key: (st_distance(st_transform(s_111.the_geom, 25833), schw_111.schw))
                     ->  Nested Loop  (cost=0.00..97.81 rows=1 width=84)
                           Join Filter: ((st_transform(s_111.the_geom, 25833) && st_expand(schw_111.schw, '300'::double precision)) AND (schw_111.schw && st_expand(st_transform(s_111.the_geom, 25833), '300'::double precision)) AND _st_dwithin(st_transform(s_111.the_geom, 25833), schw_111.schw, '300'::double precision))
                           ->  Function Scan on schw_111  (cost=0.00..0.01 rows=1 width=32)
                           ->  Seq Scan on phoml_trajectory_tmp s_111  (cost=0.00..95.68 rows=17 width=40)
                                 Filter: ((unix_time >= '1685451295.148'::double precision) AND (unix_time <= '1685451355.148'::double precision))
   ->  Subquery Scan on "*SELECT* 113"  (cost=97.82..97.83 rows=1 width=76)
         ->  Limit  (cost=97.82..97.82 rows=1 width=84)
               ->  Sort  (cost=97.82..97.82 rows=1 width=84)
                     Sort Key: (st_distance(st_transform(s_112.the_geom, 25833), schw_112.schw))
                     ->  Nested Loop  (cost=0.00..97.81 rows=1 width=84)
                           Join Filter: ((st_transform(s_112.the_geom, 25833) && st_expand(schw_112.schw, '300'::double precision)) AND (schw_112.schw && st_expand(st_transform(s_112.the_geom, 25833), '300'::double precision)) AND _st_dwithin(st_transform(s_112.the_geom, 25833), schw_112.schw, '300'::double precision))
                           ->  Function Scan on schw_112  (cost=0.00..0.01 rows=1 width=32)
                           ->  Seq Scan on phoml_trajectory_tmp s_112  (cost=0.00..95.68 rows=17 width=40)
                                 Filter: ((unix_time >= '1685451295.828'::double precision) AND (unix_time <= '1685451355.828'::double precision))
   ->  Subquery Scan on "*SELECT* 114"  (cost=97.82..97.83 rows=1 width=76)
         ->  Limit  (cost=97.82..97.82 rows=1 width=84)
               ->  Sort  (cost=97.82..97.82 rows=1 width=84)
                     Sort Key: (st_distance(st_transform(s_113.the_geom, 25833), schw_113.schw))
                     ->  Nested Loop  (cost=0.00..97.81 rows=1 width=84)
                           Join Filter: ((st_transform(s_113.the_geom, 25833) && st_expand(schw_113.schw, '300'::double precision)) AND (schw_113.schw && st_expand(st_transform(s_113.the_geom, 25833), '300'::double precision)) AND _st_dwithin(st_transform(s_113.the_geom, 25833), schw_113.schw, '300'::double precision))
                           ->  Function Scan on schw_113  (cost=0.00..0.01 rows=1 width=32)
                           ->  Seq Scan on phoml_trajectory_tmp s_113  (cost=0.00..95.68 rows=17 width=40)
                                 Filter: ((unix_time >= '1685451296.533'::double precision) AND (unix_time <= '1685451356.533'::double precision))
   ->  Subquery Scan on "*SELECT* 115"  (cost=97.82..97.83 rows=1 width=76)
         ->  Limit  (cost=97.82..97.82 rows=1 width=84)
               ->  Sort  (cost=97.82..97.82 rows=1 width=84)
                     Sort Key: (st_distance(st_transform(s_114.the_geom, 25833), schw_114.schw))
                     ->  Nested Loop  (cost=0.00..97.81 rows=1 width=84)
                           Join Filter: ((st_transform(s_114.the_geom, 25833) && st_expand(schw_114.schw, '300'::double precision)) AND (schw_114.schw && st_expand(st_transform(s_114.the_geom, 25833), '300'::double precision)) AND _st_dwithin(st_transform(s_114.the_geom, 25833), schw_114.schw, '300'::double precision))
                           ->  Function Scan on schw_114  (cost=0.00..0.01 rows=1 width=32)
                           ->  Seq Scan on phoml_trajectory_tmp s_114  (cost=0.00..95.68 rows=17 width=40)
                                 Filter: ((unix_time >= '1685451297.289'::double precision) AND (unix_time <= '1685451357.289'::double precision))
   ->  Subquery Scan on "*SELECT* 116"  (cost=97.82..97.83 rows=1 width=76)
         ->  Limit  (cost=97.82..97.82 rows=1 width=84)
               ->  Sort  (cost=97.82..97.82 rows=1 width=84)
                     Sort Key: (st_distance(st_transform(s_115.the_geom, 25833), schw_115.schw))
                     ->  Nested Loop  (cost=0.00..97.81 rows=1 width=84)
                           Join Filter: ((st_transform(s_115.the_geom, 25833) && st_expand(schw_115.schw, '300'::double precision)) AND (schw_115.schw && st_expand(st_transform(s_115.the_geom, 25833), '300'::double precision)) AND _st_dwithin(st_transform(s_115.the_geom, 25833), schw_115.schw, '300'::double precision))
                           ->  Function Scan on schw_115  (cost=0.00..0.01 rows=1 width=32)
                           ->  Seq Scan on phoml_trajectory_tmp s_115  (cost=0.00..95.68 rows=17 width=40)
                                 Filter: ((unix_time >= '1685451298.049'::double precision) AND (unix_time <= '1685451358.049'::double precision))
   ->  Subquery Scan on "*SELECT* 117"  (cost=97.82..97.83 rows=1 width=76)
         ->  Limit  (cost=97.82..97.82 rows=1 width=84)
               ->  Sort  (cost=97.82..97.82 rows=1 width=84)
                     Sort Key: (st_distance(st_transform(s_116.the_geom, 25833), schw_116.schw))
                     ->  Nested Loop  (cost=0.00..97.81 rows=1 width=84)
                           Join Filter: ((st_transform(s_116.the_geom, 25833) && st_expand(schw_116.schw, '300'::double precision)) AND (schw_116.schw && st_expand(st_transform(s_116.the_geom, 25833), '300'::double precision)) AND _st_dwithin(st_transform(s_116.the_geom, 25833), schw_116.schw, '300'::double precision))
                           ->  Function Scan on schw_116  (cost=0.00..0.01 rows=1 width=32)
                           ->  Seq Scan on phoml_trajectory_tmp s_116  (cost=0.00..95.68 rows=17 width=40)
                                 Filter: ((unix_time >= '1685451298.828'::double precision) AND (unix_time <= '1685451358.828'::double precision))
   ->  Subquery Scan on "*SELECT* 118"  (cost=97.82..97.83 rows=1 width=76)
         ->  Limit  (cost=97.82..97.82 rows=1 width=84)
               ->  Sort  (cost=97.82..97.82 rows=1 width=84)
                     Sort Key: (st_distance(st_transform(s_117.the_geom, 25833), schw_117.schw))
                     ->  Nested Loop  (cost=0.00..97.81 rows=1 width=84)
                           Join Filter: ((st_transform(s_117.the_geom, 25833) && st_expand(schw_117.schw, '300'::double precision)) AND (schw_117.schw && st_expand(st_transform(s_117.the_geom, 25833), '300'::double precision)) AND _st_dwithin(st_transform(s_117.the_geom, 25833), schw_117.schw, '300'::double precision))
                           ->  Function Scan on schw_117  (cost=0.00..0.01 rows=1 width=32)
                           ->  Seq Scan on phoml_trajectory_tmp s_117  (cost=0.00..95.68 rows=17 width=40)
                                 Filter: ((unix_time >= '1685451299.599'::double precision) AND (unix_time <= '1685451359.599'::double precision))
   ->  Subquery Scan on "*SELECT* 119"  (cost=97.82..97.83 rows=1 width=76)
         ->  Limit  (cost=97.82..97.82 rows=1 width=84)
               ->  Sort  (cost=97.82..97.82 rows=1 width=84)
                     Sort Key: (st_distance(st_transform(s_118.the_geom, 25833), schw_118.schw))
                     ->  Nested Loop  (cost=0.00..97.81 rows=1 width=84)
                           Join Filter: ((st_transform(s_118.the_geom, 25833) && st_expand(schw_118.schw, '300'::double precision)) AND (schw_118.schw && st_expand(st_transform(s_118.the_geom, 25833), '300'::double precision)) AND _st_dwithin(st_transform(s_118.the_geom, 25833), schw_118.schw, '300'::double precision))
                           ->  Function Scan on schw_118  (cost=0.00..0.01 rows=1 width=32)
                           ->  Seq Scan on phoml_trajectory_tmp s_118  (cost=0.00..95.68 rows=17 width=40)
                                 Filter: ((unix_time >= '1685451300.347'::double precision) AND (unix_time <= '1685451360.347'::double precision))
   ->  Subquery Scan on "*SELECT* 120"  (cost=97.82..97.83 rows=1 width=76)
         ->  Limit  (cost=97.82..97.82 rows=1 width=84)
               ->  Sort  (cost=97.82..97.82 rows=1 width=84)
                     Sort Key: (st_distance(st_transform(s_119.the_geom, 25833), schw_119.schw))
                     ->  Nested Loop  (cost=0.00..97.81 rows=1 width=84)
                           Join Filter: ((st_transform(s_119.the_geom, 25833) && st_expand(schw_119.schw, '300'::double precision)) AND (schw_119.schw && st_expand(st_transform(s_119.the_geom, 25833), '300'::double precision)) AND _st_dwithin(st_transform(s_119.the_geom, 25833), schw_119.schw, '300'::double precision))
                           ->  Function Scan on schw_119  (cost=0.00..0.01 rows=1 width=32)
                           ->  Seq Scan on phoml_trajectory_tmp s_119  (cost=0.00..95.68 rows=17 width=40)
                                 Filter: ((unix_time >= '1685451301.057'::double precision) AND (unix_time <= '1685451361.057'::double precision))
   ->  Subquery Scan on "*SELECT* 121"  (cost=97.82..97.83 rows=1 width=76)
         ->  Limit  (cost=97.82..97.82 rows=1 width=84)
               ->  Sort  (cost=97.82..97.82 rows=1 width=84)
                     Sort Key: (st_distance(st_transform(s_120.the_geom, 25833), schw_120.schw))
                     ->  Nested Loop  (cost=0.00..97.81 rows=1 width=84)
                           Join Filter: ((st_transform(s_120.the_geom, 25833) && st_expand(schw_120.schw, '300'::double precision)) AND (schw_120.schw && st_expand(st_transform(s_120.the_geom, 25833), '300'::double precision)) AND _st_dwithin(st_transform(s_120.the_geom, 25833), schw_120.schw, '300'::double precision))
                           ->  Function Scan on schw_120  (cost=0.00..0.01 rows=1 width=32)
                           ->  Seq Scan on phoml_trajectory_tmp s_120  (cost=0.00..95.68 rows=17 width=40)
                                 Filter: ((unix_time >= '1685451301.755'::double precision) AND (unix_time <= '1685451361.755'::double precision))
   ->  Subquery Scan on "*SELECT* 122"  (cost=97.82..97.83 rows=1 width=76)
         ->  Limit  (cost=97.82..97.82 rows=1 width=84)
               ->  Sort  (cost=97.82..97.82 rows=1 width=84)
                     Sort Key: (st_distance(st_transform(s_121.the_geom, 25833), schw_121.schw))
                     ->  Nested Loop  (cost=0.00..97.81 rows=1 width=84)
                           Join Filter: ((st_transform(s_121.the_geom, 25833) && st_expand(schw_121.schw, '300'::double precision)) AND (schw_121.schw && st_expand(st_transform(s_121.the_geom, 25833), '300'::double precision)) AND _st_dwithin(st_transform(s_121.the_geom, 25833), schw_121.schw, '300'::double precision))
                           ->  Function Scan on schw_121  (cost=0.00..0.01 rows=1 width=32)
                           ->  Seq Scan on phoml_trajectory_tmp s_121  (cost=0.00..95.68 rows=17 width=40)
                                 Filter: ((unix_time >= '1685451302.416'::double precision) AND (unix_time <= '1685451362.416'::double precision))
   ->  Subquery Scan on "*SELECT* 123"  (cost=97.82..97.83 rows=1 width=76)
         ->  Limit  (cost=97.82..97.82 rows=1 width=84)
               ->  Sort  (cost=97.82..97.82 rows=1 width=84)
                     Sort Key: (st_distance(st_transform(s_122.the_geom, 25833), schw_122.schw))
                     ->  Nested Loop  (cost=0.00..97.81 rows=1 width=84)
                           Join Filter: ((st_transform(s_122.the_geom, 25833) && st_expand(schw_122.schw, '300'::double precision)) AND (schw_122.schw && st_expand(st_transform(s_122.the_geom, 25833), '300'::double precision)) AND _st_dwithin(st_transform(s_122.the_geom, 25833), schw_122.schw, '300'::double precision))
                           ->  Function Scan on schw_122  (cost=0.00..0.01 rows=1 width=32)
                           ->  Seq Scan on phoml_trajectory_tmp s_122  (cost=0.00..95.68 rows=17 width=40)
                                 Filter: ((unix_time >= '1685451303.046'::double precision) AND (unix_time <= '1685451363.046'::double precision))
   ->  Subquery Scan on "*SELECT* 124"  (cost=97.82..97.83 rows=1 width=76)
         ->  Limit  (cost=97.82..97.82 rows=1 width=84)
               ->  Sort  (cost=97.82..97.82 rows=1 width=84)
                     Sort Key: (st_distance(st_transform(s_123.the_geom, 25833), schw_123.schw))
                     ->  Nested Loop  (cost=0.00..97.81 rows=1 width=84)
                           Join Filter: ((st_transform(s_123.the_geom, 25833) && st_expand(schw_123.schw, '300'::double precision)) AND (schw_123.schw && st_expand(st_transform(s_123.the_geom, 25833), '300'::double precision)) AND _st_dwithin(st_transform(s_123.the_geom, 25833), schw_123.schw, '300'::double precision))
                           ->  Function Scan on schw_123  (cost=0.00..0.01 rows=1 width=32)
                           ->  Seq Scan on phoml_trajectory_tmp s_123  (cost=0.00..95.68 rows=17 width=40)
                                 Filter: ((unix_time >= '1685451303.667'::double precision) AND (unix_time <= '1685451363.667'::double precision))
   ->  Subquery Scan on "*SELECT* 125"  (cost=97.82..97.83 rows=1 width=76)
         ->  Limit  (cost=97.82..97.82 rows=1 width=84)
               ->  Sort  (cost=97.82..97.82 rows=1 width=84)
                     Sort Key: (st_distance(st_transform(s_124.the_geom, 25833), schw_124.schw))
                     ->  Nested Loop  (cost=0.00..97.81 rows=1 width=84)
                           Join Filter: ((st_transform(s_124.the_geom, 25833) && st_expand(schw_124.schw, '300'::double precision)) AND (schw_124.schw && st_expand(st_transform(s_124.the_geom, 25833), '300'::double precision)) AND _st_dwithin(st_transform(s_124.the_geom, 25833), schw_124.schw, '300'::double precision))
                           ->  Function Scan on schw_124  (cost=0.00..0.01 rows=1 width=32)
                           ->  Seq Scan on phoml_trajectory_tmp s_124  (cost=0.00..95.68 rows=17 width=40)
                                 Filter: ((unix_time >= '1685451304.269'::double precision) AND (unix_time <= '1685451364.269'::double precision))
   ->  Subquery Scan on "*SELECT* 126"  (cost=97.82..97.83 rows=1 width=76)
         ->  Limit  (cost=97.82..97.82 rows=1 width=84)
               ->  Sort  (cost=97.82..97.82 rows=1 width=84)
                     Sort Key: (st_distance(st_transform(s_125.the_geom, 25833), schw_125.schw))
                     ->  Nested Loop  (cost=0.00..97.81 rows=1 width=84)
                           Join Filter: ((st_transform(s_125.the_geom, 25833) && st_expand(schw_125.schw, '300'::double precision)) AND (schw_125.schw && st_expand(st_transform(s_125.the_geom, 25833), '300'::double precision)) AND _st_dwithin(st_transform(s_125.the_geom, 25833), schw_125.schw, '300'::double precision))
                           ->  Function Scan on schw_125  (cost=0.00..0.01 rows=1 width=32)
                           ->  Seq Scan on phoml_trajectory_tmp s_125  (cost=0.00..95.68 rows=17 width=40)
                                 Filter: ((unix_time >= '1685451304.839'::double precision) AND (unix_time <= '1685451364.839'::double precision))
   ->  Subquery Scan on "*SELECT* 127"  (cost=97.82..97.83 rows=1 width=76)
         ->  Limit  (cost=97.82..97.82 rows=1 width=84)
               ->  Sort  (cost=97.82..97.82 rows=1 width=84)
                     Sort Key: (st_distance(st_transform(s_126.the_geom, 25833), schw_126.schw))
                     ->  Nested Loop  (cost=0.00..97.81 rows=1 width=84)
                           Join Filter: ((st_transform(s_126.the_geom, 25833) && st_expand(schw_126.schw, '300'::double precision)) AND (schw_126.schw && st_expand(st_transform(s_126.the_geom, 25833), '300'::double precision)) AND _st_dwithin(st_transform(s_126.the_geom, 25833), schw_126.schw, '300'::double precision))
                           ->  Function Scan on schw_126  (cost=0.00..0.01 rows=1 width=32)
                           ->  Seq Scan on phoml_trajectory_tmp s_126  (cost=0.00..95.68 rows=17 width=40)
                                 Filter: ((unix_time >= '1685451305.408'::double precision) AND (unix_time <= '1685451365.408'::double precision))
   ->  Subquery Scan on "*SELECT* 128"  (cost=97.82..97.83 rows=1 width=76)
         ->  Limit  (cost=97.82..97.82 rows=1 width=84)
               ->  Sort  (cost=97.82..97.82 rows=1 width=84)
                     Sort Key: (st_distance(st_transform(s_127.the_geom, 25833), schw_127.schw))
                     ->  Nested Loop  (cost=0.00..97.81 rows=1 width=84)
                           Join Filter: ((st_transform(s_127.the_geom, 25833) && st_expand(schw_127.schw, '300'::double precision)) AND (schw_127.schw && st_expand(st_transform(s_127.the_geom, 25833), '300'::double precision)) AND _st_dwithin(st_transform(s_127.the_geom, 25833), schw_127.schw, '300'::double precision))
                           ->  Function Scan on schw_127  (cost=0.00..0.01 rows=1 width=32)
                           ->  Seq Scan on phoml_trajectory_tmp s_127  (cost=0.00..95.68 rows=17 width=40)
                                 Filter: ((unix_time >= '1685451305.948'::double precision) AND (unix_time <= '1685451365.948'::double precision))
   ->  Subquery Scan on "*SELECT* 129"  (cost=97.82..97.83 rows=1 width=76)
         ->  Limit  (cost=97.82..97.82 rows=1 width=84)
               ->  Sort  (cost=97.82..97.82 rows=1 width=84)
                     Sort Key: (st_distance(st_transform(s_128.the_geom, 25833), schw_128.schw))
                     ->  Nested Loop  (cost=0.00..97.81 rows=1 width=84)
                           Join Filter: ((st_transform(s_128.the_geom, 25833) && st_expand(schw_128.schw, '300'::double precision)) AND (schw_128.schw && st_expand(st_transform(s_128.the_geom, 25833), '300'::double precision)) AND _st_dwithin(st_transform(s_128.the_geom, 25833), schw_128.schw, '300'::double precision))
                           ->  Function Scan on schw_128  (cost=0.00..0.01 rows=1 width=32)
                           ->  Seq Scan on phoml_trajectory_tmp s_128  (cost=0.00..95.68 rows=17 width=40)
                                 Filter: ((unix_time >= '1685451306.489'::double precision) AND (unix_time <= '1685451366.489'::double precision))
   ->  Subquery Scan on "*SELECT* 130"  (cost=97.82..97.83 rows=1 width=76)
         ->  Limit  (cost=97.82..97.82 rows=1 width=84)
               ->  Sort  (cost=97.82..97.82 rows=1 width=84)
                     Sort Key: (st_distance(st_transform(s_129.the_geom, 25833), schw_129.schw))
                     ->  Nested Loop  (cost=0.00..97.81 rows=1 width=84)
                           Join Filter: ((st_transform(s_129.the_geom, 25833) && st_expand(schw_129.schw, '300'::double precision)) AND (schw_129.schw && st_expand(st_transform(s_129.the_geom, 25833), '300'::double precision)) AND _st_dwithin(st_transform(s_129.the_geom, 25833), schw_129.schw, '300'::double precision))
                           ->  Function Scan on schw_129  (cost=0.00..0.01 rows=1 width=32)
                           ->  Seq Scan on phoml_trajectory_tmp s_129  (cost=0.00..95.68 rows=17 width=40)
                                 Filter: ((unix_time >= '1685451307.019'::double precision) AND (unix_time <= '1685451367.019'::double precision))
   ->  Subquery Scan on "*SELECT* 131"  (cost=97.82..97.83 rows=1 width=76)
         ->  Limit  (cost=97.82..97.82 rows=1 width=84)
               ->  Sort  (cost=97.82..97.82 rows=1 width=84)
                     Sort Key: (st_distance(st_transform(s_130.the_geom, 25833), schw_130.schw))
                     ->  Nested Loop  (cost=0.00..97.81 rows=1 width=84)
                           Join Filter: ((st_transform(s_130.the_geom, 25833) && st_expand(schw_130.schw, '300'::double precision)) AND (schw_130.schw && st_expand(st_transform(s_130.the_geom, 25833), '300'::double precision)) AND _st_dwithin(st_transform(s_130.the_geom, 25833), schw_130.schw, '300'::double precision))
                           ->  Function Scan on schw_130  (cost=0.00..0.01 rows=1 width=32)
                           ->  Seq Scan on phoml_trajectory_tmp s_130  (cost=0.00..95.68 rows=17 width=40)
                                 Filter: ((unix_time >= '1685451307.522'::double precision) AND (unix_time <= '1685451367.522'::double precision))
   ->  Subquery Scan on "*SELECT* 132"  (cost=97.82..97.83 rows=1 width=76)
         ->  Limit  (cost=97.82..97.82 rows=1 width=84)
               ->  Sort  (cost=97.82..97.82 rows=1 width=84)
                     Sort Key: (st_distance(st_transform(s_131.the_geom, 25833), schw_131.schw))
                     ->  Nested Loop  (cost=0.00..97.81 rows=1 width=84)
                           Join Filter: ((st_transform(s_131.the_geom, 25833) && st_expand(schw_131.schw, '300'::double precision)) AND (schw_131.schw && st_expand(st_transform(s_131.the_geom, 25833), '300'::double precision)) AND _st_dwithin(st_transform(s_131.the_geom, 25833), schw_131.schw, '300'::double precision))
                           ->  Function Scan on schw_131  (cost=0.00..0.01 rows=1 width=32)
                           ->  Seq Scan on phoml_trajectory_tmp s_131  (cost=0.00..95.68 rows=17 width=40)
                                 Filter: ((unix_time >= '1685451308.062'::double precision) AND (unix_time <= '1685451368.062'::double precision))
   ->  Subquery Scan on "*SELECT* 133"  (cost=97.82..97.83 rows=1 width=76)
         ->  Limit  (cost=97.82..97.82 rows=1 width=84)
               ->  Sort  (cost=97.82..97.82 rows=1 width=84)
                     Sort Key: (st_distance(st_transform(s_132.the_geom, 25833), schw_132.schw))
                     ->  Nested Loop  (cost=0.00..97.81 rows=1 width=84)
                           Join Filter: ((st_transform(s_132.the_geom, 25833) && st_expand(schw_132.schw, '300'::double precision)) AND (schw_132.schw && st_expand(st_transform(s_132.the_geom, 25833), '300'::double precision)) AND _st_dwithin(st_transform(s_132.the_geom, 25833), schw_132.schw, '300'::double precision))
                           ->  Function Scan on schw_132  (cost=0.00..0.01 rows=1 width=32)
                           ->  Seq Scan on phoml_trajectory_tmp s_132  (cost=0.00..95.68 rows=17 width=40)
                                 Filter: ((unix_time >= '1685451308.595'::double precision) AND (unix_time <= '1685451368.595'::double precision))
   ->  Subquery Scan on "*SELECT* 134"  (cost=97.82..97.83 rows=1 width=76)
         ->  Limit  (cost=97.82..97.82 rows=1 width=84)
               ->  Sort  (cost=97.82..97.82 rows=1 width=84)
                     Sort Key: (st_distance(st_transform(s_133.the_geom, 25833), schw_133.schw))
                     ->  Nested Loop  (cost=0.00..97.81 rows=1 width=84)
                           Join Filter: ((st_transform(s_133.the_geom, 25833) && st_expand(schw_133.schw, '300'::double precision)) AND (schw_133.schw && st_expand(st_transform(s_133.the_geom, 25833), '300'::double precision)) AND _st_dwithin(st_transform(s_133.the_geom, 25833), schw_133.schw, '300'::double precision))
                           ->  Function Scan on schw_133  (cost=0.00..0.01 rows=1 width=32)
                           ->  Seq Scan on phoml_trajectory_tmp s_133  (cost=0.00..95.68 rows=17 width=40)
                                 Filter: ((unix_time >= '1685451309.137'::double precision) AND (unix_time <= '1685451369.137'::double precision))
   ->  Subquery Scan on "*SELECT* 135"  (cost=97.82..97.83 rows=1 width=76)
         ->  Limit  (cost=97.82..97.82 rows=1 width=84)
               ->  Sort  (cost=97.82..97.82 rows=1 width=84)
                     Sort Key: (st_distance(st_transform(s_134.the_geom, 25833), schw_134.schw))
                     ->  Nested Loop  (cost=0.00..97.81 rows=1 width=84)
                           Join Filter: ((st_transform(s_134.the_geom, 25833) && st_expand(schw_134.schw, '300'::double precision)) AND (schw_134.schw && st_expand(st_transform(s_134.the_geom, 25833), '300'::double precision)) AND _st_dwithin(st_transform(s_134.the_geom, 25833), schw_134.schw, '300'::double precision))
                           ->  Function Scan on schw_134  (cost=0.00..0.01 rows=1 width=32)
                           ->  Seq Scan on phoml_trajectory_tmp s_134  (cost=0.00..95.68 rows=17 width=40)
                                 Filter: ((unix_time >= '1685451309.667'::double precision) AND (unix_time <= '1685451369.667'::double precision))
   ->  Subquery Scan on "*SELECT* 136"  (cost=97.82..97.83 rows=1 width=76)
         ->  Limit  (cost=97.82..97.82 rows=1 width=84)
               ->  Sort  (cost=97.82..97.82 rows=1 width=84)
                     Sort Key: (st_distance(st_transform(s_135.the_geom, 25833), schw_135.schw))
                     ->  Nested Loop  (cost=0.00..97.81 rows=1 width=84)
                           Join Filter: ((st_transform(s_135.the_geom, 25833) && st_expand(schw_135.schw, '300'::double precision)) AND (schw_135.schw && st_expand(st_transform(s_135.the_geom, 25833), '300'::double precision)) AND _st_dwithin(st_transform(s_135.the_geom, 25833), schw_135.schw, '300'::double precision))
                           ->  Function Scan on schw_135  (cost=0.00..0.01 rows=1 width=32)
                           ->  Seq Scan on phoml_trajectory_tmp s_135  (cost=0.00..95.68 rows=17 width=40)
                                 Filter: ((unix_time >= '1685451310.209'::double precision) AND (unix_time <= '1685451370.209'::double precision))
   ->  Subquery Scan on "*SELECT* 137"  (cost=97.82..97.83 rows=1 width=76)
         ->  Limit  (cost=97.82..97.82 rows=1 width=84)
               ->  Sort  (cost=97.82..97.82 rows=1 width=84)
                     Sort Key: (st_distance(st_transform(s_136.the_geom, 25833), schw_136.schw))
                     ->  Nested Loop  (cost=0.00..97.81 rows=1 width=84)
                           Join Filter: ((st_transform(s_136.the_geom, 25833) && st_expand(schw_136.schw, '300'::double precision)) AND (schw_136.schw && st_expand(st_transform(s_136.the_geom, 25833), '300'::double precision)) AND _st_dwithin(st_transform(s_136.the_geom, 25833), schw_136.schw, '300'::double precision))
                           ->  Function Scan on schw_136  (cost=0.00..0.01 rows=1 width=32)
                           ->  Seq Scan on phoml_trajectory_tmp s_136  (cost=0.00..95.68 rows=17 width=40)
                                 Filter: ((unix_time >= '1685451310.749'::double precision) AND (unix_time <= '1685451370.749'::double precision))
   ->  Subquery Scan on "*SELECT* 138"  (cost=97.82..97.83 rows=1 width=76)
         ->  Limit  (cost=97.82..97.82 rows=1 width=84)
               ->  Sort  (cost=97.82..97.82 rows=1 width=84)
                     Sort Key: (st_distance(st_transform(s_137.the_geom, 25833), schw_137.schw))
                     ->  Nested Loop  (cost=0.00..97.81 rows=1 width=84)
                           Join Filter: ((st_transform(s_137.the_geom, 25833) && st_expand(schw_137.schw, '300'::double precision)) AND (schw_137.schw && st_expand(st_transform(s_137.the_geom, 25833), '300'::double precision)) AND _st_dwithin(st_transform(s_137.the_geom, 25833), schw_137.schw, '300'::double precision))
                           ->  Function Scan on schw_137  (cost=0.00..0.01 rows=1 width=32)
                           ->  Seq Scan on phoml_trajectory_tmp s_137  (cost=0.00..95.68 rows=17 width=40)
                                 Filter: ((unix_time >= '1685451311.304'::double precision) AND (unix_time <= '1685451371.304'::double precision))
   ->  Subquery Scan on "*SELECT* 139"  (cost=97.82..97.83 rows=1 width=76)
         ->  Limit  (cost=97.82..97.82 rows=1 width=84)
               ->  Sort  (cost=97.82..97.82 rows=1 width=84)
                     Sort Key: (st_distance(st_transform(s_138.the_geom, 25833), schw_138.schw))
                     ->  Nested Loop  (cost=0.00..97.81 rows=1 width=84)
                           Join Filter: ((st_transform(s_138.the_geom, 25833) && st_expand(schw_138.schw, '300'::double precision)) AND (schw_138.schw && st_expand(st_transform(s_138.the_geom, 25833), '300'::double precision)) AND _st_dwithin(st_transform(s_138.the_geom, 25833), schw_138.schw, '300'::double precision))
                           ->  Function Scan on schw_138  (cost=0.00..0.01 rows=1 width=32)
                           ->  Seq Scan on phoml_trajectory_tmp s_138  (cost=0.00..95.68 rows=17 width=40)
                                 Filter: ((unix_time >= '1685451311.854'::double precision) AND (unix_time <= '1685451371.854'::double precision))
   ->  Subquery Scan on "*SELECT* 140"  (cost=97.82..97.83 rows=1 width=76)
         ->  Limit  (cost=97.82..97.82 rows=1 width=84)
               ->  Sort  (cost=97.82..97.82 rows=1 width=84)
                     Sort Key: (st_distance(st_transform(s_139.the_geom, 25833), schw_139.schw))
                     ->  Nested Loop  (cost=0.00..97.81 rows=1 width=84)
                           Join Filter: ((st_transform(s_139.the_geom, 25833) && st_expand(schw_139.schw, '300'::double precision)) AND (schw_139.schw && st_expand(st_transform(s_139.the_geom, 25833), '300'::double precision)) AND _st_dwithin(st_transform(s_139.the_geom, 25833), schw_139.schw, '300'::double precision))
                           ->  Function Scan on schw_139  (cost=0.00..0.01 rows=1 width=32)
                           ->  Seq Scan on phoml_trajectory_tmp s_139  (cost=0.00..95.68 rows=17 width=40)
                                 Filter: ((unix_time >= '1685451312.426'::double precision) AND (unix_time <= '1685451372.426'::double precision))
   ->  Subquery Scan on "*SELECT* 141"  (cost=97.82..97.83 rows=1 width=76)
         ->  Limit  (cost=97.82..97.82 rows=1 width=84)
               ->  Sort  (cost=97.82..97.82 rows=1 width=84)
                     Sort Key: (st_distance(st_transform(s_140.the_geom, 25833), schw_140.schw))
                     ->  Nested Loop  (cost=0.00..97.81 rows=1 width=84)
                           Join Filter: ((st_transform(s_140.the_geom, 25833) && st_expand(schw_140.schw, '300'::double precision)) AND (schw_140.schw && st_expand(st_transform(s_140.the_geom, 25833), '300'::double precision)) AND _st_dwithin(st_transform(s_140.the_geom, 25833), schw_140.schw, '300'::double precision))
                           ->  Function Scan on schw_140  (cost=0.00..0.01 rows=1 width=32)
                           ->  Seq Scan on phoml_trajectory_tmp s_140  (cost=0.00..95.68 rows=17 width=40)
                                 Filter: ((unix_time >= '1685451312.996'::double precision) AND (unix_time <= '1685451372.996'::double precision))
   ->  Subquery Scan on "*SELECT* 142"  (cost=97.82..97.83 rows=1 width=76)
         ->  Limit  (cost=97.82..97.82 rows=1 width=84)
               ->  Sort  (cost=97.82..97.82 rows=1 width=84)
                     Sort Key: (st_distance(st_transform(s_141.the_geom, 25833), schw_141.schw))
                     ->  Nested Loop  (cost=0.00..97.81 rows=1 width=84)
                           Join Filter: ((st_transform(s_141.the_geom, 25833) && st_expand(schw_141.schw, '300'::double precision)) AND (schw_141.schw && st_expand(st_transform(s_141.the_geom, 25833), '300'::double precision)) AND _st_dwithin(st_transform(s_141.the_geom, 25833), schw_141.schw, '300'::double precision))
                           ->  Function Scan on schw_141  (cost=0.00..0.01 rows=1 width=32)
                           ->  Seq Scan on phoml_trajectory_tmp s_141  (cost=0.00..95.68 rows=17 width=40)
                                 Filter: ((unix_time >= '1685451313.581'::double precision) AND (unix_time <= '1685451373.581'::double precision))
   ->  Subquery Scan on "*SELECT* 143"  (cost=97.82..97.83 rows=1 width=76)
         ->  Limit  (cost=97.82..97.82 rows=1 width=84)
               ->  Sort  (cost=97.82..97.82 rows=1 width=84)
                     Sort Key: (st_distance(st_transform(s_142.the_geom, 25833), schw_142.schw))
                     ->  Nested Loop  (cost=0.00..97.81 rows=1 width=84)
                           Join Filter: ((st_transform(s_142.the_geom, 25833) && st_expand(schw_142.schw, '300'::double precision)) AND (schw_142.schw && st_expand(st_transform(s_142.the_geom, 25833), '300'::double precision)) AND _st_dwithin(st_transform(s_142.the_geom, 25833), schw_142.schw, '300'::double precision))
                           ->  Function Scan on schw_142  (cost=0.00..0.01 rows=1 width=32)
                           ->  Seq Scan on phoml_trajectory_tmp s_142  (cost=0.00..95.68 rows=17 width=40)
                                 Filter: ((unix_time >= '1685451314.184'::double precision) AND (unix_time <= '1685451374.184'::double precision))
   ->  Subquery Scan on "*SELECT* 144"  (cost=97.82..97.83 rows=1 width=76)
         ->  Limit  (cost=97.82..97.82 rows=1 width=84)
               ->  Sort  (cost=97.82..97.82 rows=1 width=84)
                     Sort Key: (st_distance(st_transform(s_143.the_geom, 25833), schw_143.schw))
                     ->  Nested Loop  (cost=0.00..97.81 rows=1 width=84)
                           Join Filter: ((st_transform(s_143.the_geom, 25833) && st_expand(schw_143.schw, '300'::double precision)) AND (schw_143.schw && st_expand(st_transform(s_143.the_geom, 25833), '300'::double precision)) AND _st_dwithin(st_transform(s_143.the_geom, 25833), schw_143.schw, '300'::double precision))
                           ->  Function Scan on schw_143  (cost=0.00..0.01 rows=1 width=32)
                           ->  Seq Scan on phoml_trajectory_tmp s_143  (cost=0.00..95.68 rows=17 width=40)
                                 Filter: ((unix_time >= '1685451314.784'::double precision) AND (unix_time <= '1685451374.784'::double precision))
   ->  Subquery Scan on "*SELECT* 145"  (cost=97.82..97.83 rows=1 width=76)
         ->  Limit  (cost=97.82..97.82 rows=1 width=84)
               ->  Sort  (cost=97.82..97.82 rows=1 width=84)
                     Sort Key: (st_distance(st_transform(s_144.the_geom, 25833), schw_144.schw))
                     ->  Nested Loop  (cost=0.00..97.81 rows=1 width=84)
                           Join Filter: ((st_transform(s_144.the_geom, 25833) && st_expand(schw_144.schw, '300'::double precision)) AND (schw_144.schw && st_expand(st_transform(s_144.the_geom, 25833), '300'::double precision)) AND _st_dwithin(st_transform(s_144.the_geom, 25833), schw_144.schw, '300'::double precision))
                           ->  Function Scan on schw_144  (cost=0.00..0.01 rows=1 width=32)
                           ->  Seq Scan on phoml_trajectory_tmp s_144  (cost=0.00..95.68 rows=17 width=40)
                                 Filter: ((unix_time >= '1685451315.387'::double precision) AND (unix_time <= '1685451375.387'::double precision))
   ->  Subquery Scan on "*SELECT* 146"  (cost=97.82..97.83 rows=1 width=76)
         ->  Limit  (cost=97.82..97.82 rows=1 width=84)
               ->  Sort  (cost=97.82..97.82 rows=1 width=84)
                     Sort Key: (st_distance(st_transform(s_145.the_geom, 25833), schw_145.schw))
                     ->  Nested Loop  (cost=0.00..97.81 rows=1 width=84)
                           Join Filter: ((st_transform(s_145.the_geom, 25833) && st_expand(schw_145.schw, '300'::double precision)) AND (schw_145.schw && st_expand(st_transform(s_145.the_geom, 25833), '300'::double precision)) AND _st_dwithin(st_transform(s_145.the_geom, 25833), schw_145.schw, '300'::double precision))
                           ->  Function Scan on schw_145  (cost=0.00..0.01 rows=1 width=32)
                           ->  Seq Scan on phoml_trajectory_tmp s_145  (cost=0.00..95.68 rows=17 width=40)
                                 Filter: ((unix_time >= '1685451315.977'::double precision) AND (unix_time <= '1685451375.977'::double precision))
   ->  Subquery Scan on "*SELECT* 147"  (cost=97.82..97.83 rows=1 width=76)
         ->  Limit  (cost=97.82..97.82 rows=1 width=84)
               ->  Sort  (cost=97.82..97.82 rows=1 width=84)
                     Sort Key: (st_distance(st_transform(s_146.the_geom, 25833), schw_146.schw))
                     ->  Nested Loop  (cost=0.00..97.81 rows=1 width=84)
                           Join Filter: ((st_transform(s_146.the_geom, 25833) && st_expand(schw_146.schw, '300'::double precision)) AND (schw_146.schw && st_expand(st_transform(s_146.the_geom, 25833), '300'::double precision)) AND _st_dwithin(st_transform(s_146.the_geom, 25833), schw_146.schw, '300'::double precision))
                           ->  Function Scan on schw_146  (cost=0.00..0.01 rows=1 width=32)
                           ->  Seq Scan on phoml_trajectory_tmp s_146  (cost=0.00..95.68 rows=17 width=40)
                                 Filter: ((unix_time >= '1685451316.572'::double precision) AND (unix_time <= '1685451376.572'::double precision))
   ->  Subquery Scan on "*SELECT* 148"  (cost=97.82..97.83 rows=1 width=76)
         ->  Limit  (cost=97.82..97.82 rows=1 width=84)
               ->  Sort  (cost=97.82..97.82 rows=1 width=84)
                     Sort Key: (st_distance(st_transform(s_147.the_geom, 25833), schw_147.schw))
                     ->  Nested Loop  (cost=0.00..97.81 rows=1 width=84)
                           Join Filter: ((st_transform(s_147.the_geom, 25833) && st_expand(schw_147.schw, '300'::double precision)) AND (schw_147.schw && st_expand(st_transform(s_147.the_geom, 25833), '300'::double precision)) AND _st_dwithin(st_transform(s_147.the_geom, 25833), schw_147.schw, '300'::double precision))
                           ->  Function Scan on schw_147  (cost=0.00..0.01 rows=1 width=32)
                           ->  Seq Scan on phoml_trajectory_tmp s_147  (cost=0.00..95.68 rows=17 width=40)
                                 Filter: ((unix_time >= '1685451317.167'::double precision) AND (unix_time <= '1685451377.167'::double precision))
   ->  Subquery Scan on "*SELECT* 149"  (cost=97.82..97.83 rows=1 width=76)
         ->  Limit  (cost=97.82..97.82 rows=1 width=84)
               ->  Sort  (cost=97.82..97.82 rows=1 width=84)
                     Sort Key: (st_distance(st_transform(s_148.the_geom, 25833), schw_148.schw))
                     ->  Nested Loop  (cost=0.00..97.81 rows=1 width=84)
                           Join Filter: ((st_transform(s_148.the_geom, 25833) && st_expand(schw_148.schw, '300'::double precision)) AND (schw_148.schw && st_expand(st_transform(s_148.the_geom, 25833), '300'::double precision)) AND _st_dwithin(st_transform(s_148.the_geom, 25833), schw_148.schw, '300'::double precision))
                           ->  Function Scan on schw_148  (cost=0.00..0.01 rows=1 width=32)
                           ->  Seq Scan on phoml_trajectory_tmp s_148  (cost=0.00..95.68 rows=17 width=40)
                                 Filter: ((unix_time >= '1685451317.747'::double precision) AND (unix_time <= '1685451377.747'::double precision))
   ->  Subquery Scan on "*SELECT* 150"  (cost=97.82..97.83 rows=1 width=76)
         ->  Limit  (cost=97.82..97.82 rows=1 width=84)
               ->  Sort  (cost=97.82..97.82 rows=1 width=84)
                     Sort Key: (st_distance(st_transform(s_149.the_geom, 25833), schw_149.schw))
                     ->  Nested Loop  (cost=0.00..97.81 rows=1 width=84)
                           Join Filter: ((st_transform(s_149.the_geom, 25833) && st_expand(schw_149.schw, '300'::double precision)) AND (schw_149.schw && st_expand(st_transform(s_149.the_geom, 25833), '300'::double precision)) AND _st_dwithin(st_transform(s_149.the_geom, 25833), schw_149.schw, '300'::double precision))
                           ->  Function Scan on schw_149  (cost=0.00..0.01 rows=1 width=32)
                           ->  Seq Scan on phoml_trajectory_tmp s_149  (cost=0.00..95.68 rows=17 width=40)
                                 Filter: ((unix_time >= '1685451318.344'::double precision) AND (unix_time <= '1685451378.344'::double precision))
   ->  Subquery Scan on "*SELECT* 151"  (cost=97.82..97.83 rows=1 width=76)
         ->  Limit  (cost=97.82..97.82 rows=1 width=84)
               ->  Sort  (cost=97.82..97.82 rows=1 width=84)
                     Sort Key: (st_distance(st_transform(s_150.the_geom, 25833), schw_150.schw))
                     ->  Nested Loop  (cost=0.00..97.81 rows=1 width=84)
                           Join Filter: ((st_transform(s_150.the_geom, 25833) && st_expand(schw_150.schw, '300'::double precision)) AND (schw_150.schw && st_expand(st_transform(s_150.the_geom, 25833), '300'::double precision)) AND _st_dwithin(st_transform(s_150.the_geom, 25833), schw_150.schw, '300'::double precision))
                           ->  Function Scan on schw_150  (cost=0.00..0.01 rows=1 width=32)
                           ->  Seq Scan on phoml_trajectory_tmp s_150  (cost=0.00..95.68 rows=17 width=40)
                                 Filter: ((unix_time >= '1685451318.914'::double precision) AND (unix_time <= '1685451378.914'::double precision))
   ->  Subquery Scan on "*SELECT* 152"  (cost=97.82..97.83 rows=1 width=76)
         ->  Limit  (cost=97.82..97.82 rows=1 width=84)
               ->  Sort  (cost=97.82..97.82 rows=1 width=84)
                     Sort Key: (st_distance(st_transform(s_151.the_geom, 25833), schw_151.schw))
                     ->  Nested Loop  (cost=0.00..97.81 rows=1 width=84)
                           Join Filter: ((st_transform(s_151.the_geom, 25833) && st_expand(schw_151.schw, '300'::double precision)) AND (schw_151.schw && st_expand(st_transform(s_151.the_geom, 25833), '300'::double precision)) AND _st_dwithin(st_transform(s_151.the_geom, 25833), schw_151.schw, '300'::double precision))
                           ->  Function Scan on schw_151  (cost=0.00..0.01 rows=1 width=32)
                           ->  Seq Scan on phoml_trajectory_tmp s_151  (cost=0.00..95.68 rows=17 width=40)
                                 Filter: ((unix_time >= '1685451319.472'::double precision) AND (unix_time <= '1685451379.472'::double precision))
   ->  Subquery Scan on "*SELECT* 153"  (cost=97.82..97.83 rows=1 width=76)
         ->  Limit  (cost=97.82..97.82 rows=1 width=84)
               ->  Sort  (cost=97.82..97.82 rows=1 width=84)
                     Sort Key: (st_distance(st_transform(s_152.the_geom, 25833), schw_152.schw))
                     ->  Nested Loop  (cost=0.00..97.81 rows=1 width=84)
                           Join Filter: ((st_transform(s_152.the_geom, 25833) && st_expand(schw_152.schw, '300'::double precision)) AND (schw_152.schw && st_expand(st_transform(s_152.the_geom, 25833), '300'::double precision)) AND _st_dwithin(st_transform(s_152.the_geom, 25833), schw_152.schw, '300'::double precision))
                           ->  Function Scan on schw_152  (cost=0.00..0.01 rows=1 width=32)
                           ->  Seq Scan on phoml_trajectory_tmp s_152  (cost=0.00..95.68 rows=17 width=40)
                                 Filter: ((unix_time >= '1685451320.012'::double precision) AND (unix_time <= '1685451380.012'::double precision))
   ->  Subquery Scan on "*SELECT* 154"  (cost=97.82..97.83 rows=1 width=76)
         ->  Limit  (cost=97.82..97.82 rows=1 width=84)
               ->  Sort  (cost=97.82..97.82 rows=1 width=84)
                     Sort Key: (st_distance(st_transform(s_153.the_geom, 25833), schw_153.schw))
                     ->  Nested Loop  (cost=0.00..97.81 rows=1 width=84)
                           Join Filter: ((st_transform(s_153.the_geom, 25833) && st_expand(schw_153.schw, '300'::double precision)) AND (schw_153.schw && st_expand(st_transform(s_153.the_geom, 25833), '300'::double precision)) AND _st_dwithin(st_transform(s_153.the_geom, 25833), schw_153.schw, '300'::double precision))
                           ->  Function Scan on schw_153  (cost=0.00..0.01 rows=1 width=32)
                           ->  Seq Scan on phoml_trajectory_tmp s_153  (cost=0.00..95.68 rows=17 width=40)
                                 Filter: ((unix_time >= '1685451320.535'::double precision) AND (unix_time <= '1685451380.535'::double precision))
   ->  Subquery Scan on "*SELECT* 155"  (cost=97.82..97.83 rows=1 width=76)
         ->  Limit  (cost=97.82..97.82 rows=1 width=84)
               ->  Sort  (cost=97.82..97.82 rows=1 width=84)
                     Sort Key: (st_distance(st_transform(s_154.the_geom, 25833), schw_154.schw))
                     ->  Nested Loop  (cost=0.00..97.81 rows=1 width=84)
                           Join Filter: ((st_transform(s_154.the_geom, 25833) && st_expand(schw_154.schw, '300'::double precision)) AND (schw_154.schw && st_expand(st_transform(s_154.the_geom, 25833), '300'::double precision)) AND _st_dwithin(st_transform(s_154.the_geom, 25833), schw_154.schw, '300'::double precision))
                           ->  Function Scan on schw_154  (cost=0.00..0.01 rows=1 width=32)
                           ->  Seq Scan on phoml_trajectory_tmp s_154  (cost=0.00..95.68 rows=17 width=40)
                                 Filter: ((unix_time >= '1685451321.045'::double precision) AND (unix_time <= '1685451381.045'::double precision))
   ->  Subquery Scan on "*SELECT* 156"  (cost=97.82..97.83 rows=1 width=76)
         ->  Limit  (cost=97.82..97.82 rows=1 width=84)
               ->  Sort  (cost=97.82..97.82 rows=1 width=84)
                     Sort Key: (st_distance(st_transform(s_155.the_geom, 25833), schw_155.schw))
                     ->  Nested Loop  (cost=0.00..97.81 rows=1 width=84)
                           Join Filter: ((st_transform(s_155.the_geom, 25833) && st_expand(schw_155.schw, '300'::double precision)) AND (schw_155.schw && st_expand(st_transform(s_155.the_geom, 25833), '300'::double precision)) AND _st_dwithin(st_transform(s_155.the_geom, 25833), schw_155.schw, '300'::double precision))
                           ->  Function Scan on schw_155  (cost=0.00..0.01 rows=1 width=32)
                           ->  Seq Scan on phoml_trajectory_tmp s_155  (cost=0.00..95.68 rows=17 width=40)
                                 Filter: ((unix_time >= '1685451321.55'::double precision) AND (unix_time <= '1685451381.55'::double precision))
   ->  Subquery Scan on "*SELECT* 157"  (cost=97.82..97.83 rows=1 width=76)
         ->  Limit  (cost=97.82..97.82 rows=1 width=84)
               ->  Sort  (cost=97.82..97.82 rows=1 width=84)
                     Sort Key: (st_distance(st_transform(s_156.the_geom, 25833), schw_156.schw))
                     ->  Nested Loop  (cost=0.00..97.81 rows=1 width=84)
                           Join Filter: ((st_transform(s_156.the_geom, 25833) && st_expand(schw_156.schw, '300'::double precision)) AND (schw_156.schw && st_expand(st_transform(s_156.the_geom, 25833), '300'::double precision)) AND _st_dwithin(st_transform(s_156.the_geom, 25833), schw_156.schw, '300'::double precision))
                           ->  Function Scan on schw_156  (cost=0.00..0.01 rows=1 width=32)
                           ->  Seq Scan on phoml_trajectory_tmp s_156  (cost=0.00..95.68 rows=17 width=40)
                                 Filter: ((unix_time >= '1685451322.05'::double precision) AND (unix_time <= '1685451382.05'::double precision))
   ->  Subquery Scan on "*SELECT* 158"  (cost=97.82..97.83 rows=1 width=76)
         ->  Limit  (cost=97.82..97.82 rows=1 width=84)
               ->  Sort  (cost=97.82..97.82 rows=1 width=84)
                     Sort Key: (st_distance(st_transform(s_157.the_geom, 25833), schw_157.schw))
                     ->  Nested Loop  (cost=0.00..97.81 rows=1 width=84)
                           Join Filter: ((st_transform(s_157.the_geom, 25833) && st_expand(schw_157.schw, '300'::double precision)) AND (schw_157.schw && st_expand(st_transform(s_157.the_geom, 25833), '300'::double precision)) AND _st_dwithin(st_transform(s_157.the_geom, 25833), schw_157.schw, '300'::double precision))
                           ->  Function Scan on schw_157  (cost=0.00..0.01 rows=1 width=32)
                           ->  Seq Scan on phoml_trajectory_tmp s_157  (cost=0.00..95.68 rows=17 width=40)
                                 Filter: ((unix_time >= '1685451322.534'::double precision) AND (unix_time <= '1685451382.534'::double precision))
   ->  Subquery Scan on "*SELECT* 159"  (cost=97.82..97.83 rows=1 width=76)
         ->  Limit  (cost=97.82..97.82 rows=1 width=84)
               ->  Sort  (cost=97.82..97.82 rows=1 width=84)
                     Sort Key: (st_distance(st_transform(s_158.the_geom, 25833), schw_158.schw))
                     ->  Nested Loop  (cost=0.00..97.81 rows=1 width=84)
                           Join Filter: ((st_transform(s_158.the_geom, 25833) && st_expand(schw_158.schw, '300'::double precision)) AND (schw_158.schw && st_expand(st_transform(s_158.the_geom, 25833), '300'::double precision)) AND _st_dwithin(st_transform(s_158.the_geom, 25833), schw_158.schw, '300'::double precision))
                           ->  Function Scan on schw_158  (cost=0.00..0.01 rows=1 width=32)
                           ->  Seq Scan on phoml_trajectory_tmp s_158  (cost=0.00..95.68 rows=17 width=40)
                                 Filter: ((unix_time >= '1685451323.014'::double precision) AND (unix_time <= '1685451383.014'::double precision))
   ->  Subquery Scan on "*SELECT* 160"  (cost=97.82..97.83 rows=1 width=76)
         ->  Limit  (cost=97.82..97.82 rows=1 width=84)
               ->  Sort  (cost=97.82..97.82 rows=1 width=84)
                     Sort Key: (st_distance(st_transform(s_159.the_geom, 25833), schw_159.schw))
                     ->  Nested Loop  (cost=0.00..97.81 rows=1 width=84)
                           Join Filter: ((st_transform(s_159.the_geom, 25833) && st_expand(schw_159.schw, '300'::double precision)) AND (schw_159.schw && st_expand(st_transform(s_159.the_geom, 25833), '300'::double precision)) AND _st_dwithin(st_transform(s_159.the_geom, 25833), schw_159.schw, '300'::double precision))
                           ->  Function Scan on schw_159  (cost=0.00..0.01 rows=1 width=32)
                           ->  Seq Scan on phoml_trajectory_tmp s_159  (cost=0.00..95.68 rows=17 width=40)
                                 Filter: ((unix_time >= '1685451323.498'::double precision) AND (unix_time <= '1685451383.498'::double precision))
   ->  Subquery Scan on "*SELECT* 161"  (cost=97.82..97.83 rows=1 width=76)
         ->  Limit  (cost=97.82..97.82 rows=1 width=84)
               ->  Sort  (cost=97.82..97.82 rows=1 width=84)
                     Sort Key: (st_distance(st_transform(s_160.the_geom, 25833), schw_160.schw))
                     ->  Nested Loop  (cost=0.00..97.81 rows=1 width=84)
                           Join Filter: ((st_transform(s_160.the_geom, 25833) && st_expand(schw_160.schw, '300'::double precision)) AND (schw_160.schw && st_expand(st_transform(s_160.the_geom, 25833), '300'::double precision)) AND _st_dwithin(st_transform(s_160.the_geom, 25833), schw_160.schw, '300'::double precision))
                           ->  Function Scan on schw_160  (cost=0.00..0.01 rows=1 width=32)
                           ->  Seq Scan on phoml_trajectory_tmp s_160  (cost=0.00..95.68 rows=17 width=40)
                                 Filter: ((unix_time >= '1685451323.978'::double precision) AND (unix_time <= '1685451383.978'::double precision))
   ->  Subquery Scan on "*SELECT* 162"  (cost=97.82..97.83 rows=1 width=76)
         ->  Limit  (cost=97.82..97.82 rows=1 width=84)
               ->  Sort  (cost=97.82..97.82 rows=1 width=84)
                     Sort Key: (st_distance(st_transform(s_161.the_geom, 25833), schw_161.schw))
                     ->  Nested Loop  (cost=0.00..97.81 rows=1 width=84)
                           Join Filter: ((st_transform(s_161.the_geom, 25833) && st_expand(schw_161.schw, '300'::double precision)) AND (schw_161.schw && st_expand(st_transform(s_161.the_geom, 25833), '300'::double precision)) AND _st_dwithin(st_transform(s_161.the_geom, 25833), schw_161.schw, '300'::double precision))
                           ->  Function Scan on schw_161  (cost=0.00..0.01 rows=1 width=32)
                           ->  Seq Scan on phoml_trajectory_tmp s_161  (cost=0.00..95.68 rows=17 width=40)
                                 Filter: ((unix_time >= '1685451324.445'::double precision) AND (unix_time <= '1685451384.445'::double precision))
   ->  Subquery Scan on "*SELECT* 163"  (cost=97.82..97.83 rows=1 width=76)
         ->  Limit  (cost=97.82..97.82 rows=1 width=84)
               ->  Sort  (cost=97.82..97.82 rows=1 width=84)
                     Sort Key: (st_distance(st_transform(s_162.the_geom, 25833), schw_162.schw))
                     ->  Nested Loop  (cost=0.00..97.81 rows=1 width=84)
                           Join Filter: ((st_transform(s_162.the_geom, 25833) && st_expand(schw_162.schw, '300'::double precision)) AND (schw_162.schw && st_expand(st_transform(s_162.the_geom, 25833), '300'::double precision)) AND _st_dwithin(st_transform(s_162.the_geom, 25833), schw_162.schw, '300'::double precision))
                           ->  Function Scan on schw_162  (cost=0.00..0.01 rows=1 width=32)
                           ->  Seq Scan on phoml_trajectory_tmp s_162  (cost=0.00..95.68 rows=17 width=40)
                                 Filter: ((unix_time >= '1685451324.945'::double precision) AND (unix_time <= '1685451384.945'::double precision))
   ->  Subquery Scan on "*SELECT* 164"  (cost=97.82..97.83 rows=1 width=76)
         ->  Limit  (cost=97.82..97.82 rows=1 width=84)
               ->  Sort  (cost=97.82..97.82 rows=1 width=84)
                     Sort Key: (st_distance(st_transform(s_163.the_geom, 25833), schw_163.schw))
                     ->  Nested Loop  (cost=0.00..97.81 rows=1 width=84)
                           Join Filter: ((st_transform(s_163.the_geom, 25833) && st_expand(schw_163.schw, '300'::double precision)) AND (schw_163.schw && st_expand(st_transform(s_163.the_geom, 25833), '300'::double precision)) AND _st_dwithin(st_transform(s_163.the_geom, 25833), schw_163.schw, '300'::double precision))
                           ->  Function Scan on schw_163  (cost=0.00..0.01 rows=1 width=32)
                           ->  Seq Scan on phoml_trajectory_tmp s_163  (cost=0.00..95.68 rows=17 width=40)
                                 Filter: ((unix_time >= '1685451325.42'::double precision) AND (unix_time <= '1685451385.42'::double precision))
   ->  Subquery Scan on "*SELECT* 165"  (cost=97.82..97.83 rows=1 width=76)
         ->  Limit  (cost=97.82..97.82 rows=1 width=84)
               ->  Sort  (cost=97.82..97.82 rows=1 width=84)
                     Sort Key: (st_distance(st_transform(s_164.the_geom, 25833), schw_164.schw))
                     ->  Nested Loop  (cost=0.00..97.81 rows=1 width=84)
                           Join Filter: ((st_transform(s_164.the_geom, 25833) && st_expand(schw_164.schw, '300'::double precision)) AND (schw_164.schw && st_expand(st_transform(s_164.the_geom, 25833), '300'::double precision)) AND _st_dwithin(st_transform(s_164.the_geom, 25833), schw_164.schw, '300'::double precision))
                           ->  Function Scan on schw_164  (cost=0.00..0.01 rows=1 width=32)
                           ->  Seq Scan on phoml_trajectory_tmp s_164  (cost=0.00..95.68 rows=17 width=40)
                                 Filter: ((unix_time >= '1685451325.9'::double precision) AND (unix_time <= '1685451385.9'::double precision))
   ->  Subquery Scan on "*SELECT* 166"  (cost=97.82..97.83 rows=1 width=76)
         ->  Limit  (cost=97.82..97.82 rows=1 width=84)
               ->  Sort  (cost=97.82..97.82 rows=1 width=84)
                     Sort Key: (st_distance(st_transform(s_165.the_geom, 25833), schw_165.schw))
                     ->  Nested Loop  (cost=0.00..97.81 rows=1 width=84)
                           Join Filter: ((st_transform(s_165.the_geom, 25833) && st_expand(schw_165.schw, '300'::double precision)) AND (schw_165.schw && st_expand(st_transform(s_165.the_geom, 25833), '300'::double precision)) AND _st_dwithin(st_transform(s_165.the_geom, 25833), schw_165.schw, '300'::double precision))
                           ->  Function Scan on schw_165  (cost=0.00..0.01 rows=1 width=32)
                           ->  Seq Scan on phoml_trajectory_tmp s_165  (cost=0.00..95.68 rows=17 width=40)
                                 Filter: ((unix_time >= '1685451326.372'::double precision) AND (unix_time <= '1685451386.372'::double precision))
   ->  Subquery Scan on "*SELECT* 167"  (cost=97.82..97.83 rows=1 width=76)
         ->  Limit  (cost=97.82..97.82 rows=1 width=84)
               ->  Sort  (cost=97.82..97.82 rows=1 width=84)
                     Sort Key: (st_distance(st_transform(s_166.the_geom, 25833), schw_166.schw))
                     ->  Nested Loop  (cost=0.00..97.81 rows=1 width=84)
                           Join Filter: ((st_transform(s_166.the_geom, 25833) && st_expand(schw_166.schw, '300'::double precision)) AND (schw_166.schw && st_expand(st_transform(s_166.the_geom, 25833), '300'::double precision)) AND _st_dwithin(st_transform(s_166.the_geom, 25833), schw_166.schw, '300'::double precision))
                           ->  Function Scan on schw_166  (cost=0.00..0.01 rows=1 width=32)
                           ->  Seq Scan on phoml_trajectory_tmp s_166  (cost=0.00..95.68 rows=17 width=40)
                                 Filter: ((unix_time >= '1685451326.842'::double precision) AND (unix_time <= '1685451386.842'::double precision))
   ->  Subquery Scan on "*SELECT* 168"  (cost=97.82..97.83 rows=1 width=76)
         ->  Limit  (cost=97.82..97.82 rows=1 width=84)
               ->  Sort  (cost=97.82..97.82 rows=1 width=84)
                     Sort Key: (st_distance(st_transform(s_167.the_geom, 25833), schw_167.schw))
                     ->  Nested Loop  (cost=0.00..97.81 rows=1 width=84)
                           Join Filter: ((st_transform(s_167.the_geom, 25833) && st_expand(schw_167.schw, '300'::double precision)) AND (schw_167.schw && st_expand(st_transform(s_167.the_geom, 25833), '300'::double precision)) AND _st_dwithin(st_transform(s_167.the_geom, 25833), schw_167.schw, '300'::double precision))
                           ->  Function Scan on schw_167  (cost=0.00..0.01 rows=1 width=32)
                           ->  Seq Scan on phoml_trajectory_tmp s_167  (cost=0.00..95.68 rows=17 width=40)
                                 Filter: ((unix_time >= '1685451327.319'::double precision) AND (unix_time <= '1685451387.319'::double precision))
   ->  Subquery Scan on "*SELECT* 169"  (cost=97.82..97.83 rows=1 width=76)
         ->  Limit  (cost=97.82..97.82 rows=1 width=84)
               ->  Sort  (cost=97.82..97.82 rows=1 width=84)
                     Sort Key: (st_distance(st_transform(s_168.the_geom, 25833), schw_168.schw))
                     ->  Nested Loop  (cost=0.00..97.81 rows=1 width=84)
                           Join Filter: ((st_transform(s_168.the_geom, 25833) && st_expand(schw_168.schw, '300'::double precision)) AND (schw_168.schw && st_expand(st_transform(s_168.the_geom, 25833), '300'::double precision)) AND _st_dwithin(st_transform(s_168.the_geom, 25833), schw_168.schw, '300'::double precision))
                           ->  Function Scan on schw_168  (cost=0.00..0.01 rows=1 width=32)
                           ->  Seq Scan on phoml_trajectory_tmp s_168  (cost=0.00..95.68 rows=17 width=40)
                                 Filter: ((unix_time >= '1685451327.779'::double precision) AND (unix_time <= '1685451387.779'::double precision))
   ->  Subquery Scan on "*SELECT* 170"  (cost=97.82..97.83 rows=1 width=76)
         ->  Limit  (cost=97.82..97.82 rows=1 width=84)
               ->  Sort  (cost=97.82..97.82 rows=1 width=84)
                     Sort Key: (st_distance(st_transform(s_169.the_geom, 25833), schw_169.schw))
                     ->  Nested Loop  (cost=0.00..97.81 rows=1 width=84)
                           Join Filter: ((st_transform(s_169.the_geom, 25833) && st_expand(schw_169.schw, '300'::double precision)) AND (schw_169.schw && st_expand(st_transform(s_169.the_geom, 25833), '300'::double precision)) AND _st_dwithin(st_transform(s_169.the_geom, 25833), schw_169.schw, '300'::double precision))
                           ->  Function Scan on schw_169  (cost=0.00..0.01 rows=1 width=32)
                           ->  Seq Scan on phoml_trajectory_tmp s_169  (cost=0.00..95.68 rows=17 width=40)
                                 Filter: ((unix_time >= '1685451328.235'::double precision) AND (unix_time <= '1685451388.235'::double precision))
   ->  Subquery Scan on "*SELECT* 171"  (cost=97.82..97.83 rows=1 width=76)
         ->  Limit  (cost=97.82..97.82 rows=1 width=84)
               ->  Sort  (cost=97.82..97.82 rows=1 width=84)
                     Sort Key: (st_distance(st_transform(s_170.the_geom, 25833), schw_170.schw))
                     ->  Nested Loop  (cost=0.00..97.81 rows=1 width=84)
                           Join Filter: ((st_transform(s_170.the_geom, 25833) && st_expand(schw_170.schw, '300'::double precision)) AND (schw_170.schw && st_expand(st_transform(s_170.the_geom, 25833), '300'::double precision)) AND _st_dwithin(st_transform(s_170.the_geom, 25833), schw_170.schw, '300'::double precision))
                           ->  Function Scan on schw_170  (cost=0.00..0.01 rows=1 width=32)
                           ->  Seq Scan on phoml_trajectory_tmp s_170  (cost=0.00..95.68 rows=17 width=40)
                                 Filter: ((unix_time >= '1685451328.695'::double precision) AND (unix_time <= '1685451388.695'::double precision))
   ->  Subquery Scan on "*SELECT* 172"  (cost=97.82..97.83 rows=1 width=76)
         ->  Limit  (cost=97.82..97.82 rows=1 width=84)
               ->  Sort  (cost=97.82..97.82 rows=1 width=84)
                     Sort Key: (st_distance(st_transform(s_171.the_geom, 25833), schw_171.schw))
                     ->  Nested Loop  (cost=0.00..97.81 rows=1 width=84)
                           Join Filter: ((st_transform(s_171.the_geom, 25833) && st_expand(schw_171.schw, '300'::double precision)) AND (schw_171.schw && st_expand(st_transform(s_171.the_geom, 25833), '300'::double precision)) AND _st_dwithin(st_transform(s_171.the_geom, 25833), schw_171.schw, '300'::double precision))
                           ->  Function Scan on schw_171  (cost=0.00..0.01 rows=1 width=32)
                           ->  Seq Scan on phoml_trajectory_tmp s_171  (cost=0.00..95.68 rows=17 width=40)
                                 Filter: ((unix_time >= '1685451329.135'::double precision) AND (unix_time <= '1685451389.135'::double precision))
   ->  Subquery Scan on "*SELECT* 173"  (cost=97.82..97.83 rows=1 width=76)
         ->  Limit  (cost=97.82..97.82 rows=1 width=84)
               ->  Sort  (cost=97.82..97.82 rows=1 width=84)
                     Sort Key: (st_distance(st_transform(s_172.the_geom, 25833), schw_172.schw))
                     ->  Nested Loop  (cost=0.00..97.81 rows=1 width=84)
                           Join Filter: ((st_transform(s_172.the_geom, 25833) && st_expand(schw_172.schw, '300'::double precision)) AND (schw_172.schw && st_expand(st_transform(s_172.the_geom, 25833), '300'::double precision)) AND _st_dwithin(st_transform(s_172.the_geom, 25833), schw_172.schw, '300'::double precision))
                           ->  Function Scan on schw_172  (cost=0.00..0.01 rows=1 width=32)
                           ->  Seq Scan on phoml_trajectory_tmp s_172  (cost=0.00..95.68 rows=17 width=40)
                                 Filter: ((unix_time >= '1685451329.581'::double precision) AND (unix_time <= '1685451389.581'::double precision))
   ->  Subquery Scan on "*SELECT* 174"  (cost=97.82..97.83 rows=1 width=76)
         ->  Limit  (cost=97.82..97.82 rows=1 width=84)
               ->  Sort  (cost=97.82..97.82 rows=1 width=84)
                     Sort Key: (st_distance(st_transform(s_173.the_geom, 25833), schw_173.schw))
                     ->  Nested Loop  (cost=0.00..97.81 rows=1 width=84)
                           Join Filter: ((st_transform(s_173.the_geom, 25833) && st_expand(schw_173.schw, '300'::double precision)) AND (schw_173.schw && st_expand(st_transform(s_173.the_geom, 25833), '300'::double precision)) AND _st_dwithin(st_transform(s_173.the_geom, 25833), schw_173.schw, '300'::double precision))
                           ->  Function Scan on schw_173  (cost=0.00..0.01 rows=1 width=32)
                           ->  Seq Scan on phoml_trajectory_tmp s_173  (cost=0.00..95.68 rows=17 width=40)
                                 Filter: ((unix_time >= '1685451330.021'::double precision) AND (unix_time <= '1685451390.021'::double precision))
   ->  Subquery Scan on "*SELECT* 175"  (cost=97.82..97.83 rows=1 width=76)
         ->  Limit  (cost=97.82..97.82 rows=1 width=84)
               ->  Sort  (cost=97.82..97.82 rows=1 width=84)
                     Sort Key: (st_distance(st_transform(s_174.the_geom, 25833), schw_174.schw))
                     ->  Nested Loop  (cost=0.00..97.81 rows=1 width=84)
                           Join Filter: ((st_transform(s_174.the_geom, 25833) && st_expand(schw_174.schw, '300'::double precision)) AND (schw_174.schw && st_expand(st_transform(s_174.the_geom, 25833), '300'::double precision)) AND _st_dwithin(st_transform(s_174.the_geom, 25833), schw_174.schw, '300'::double precision))
                           ->  Function Scan on schw_174  (cost=0.00..0.01 rows=1 width=32)
                           ->  Seq Scan on phoml_trajectory_tmp s_174  (cost=0.00..95.68 rows=17 width=40)
                                 Filter: ((unix_time >= '1685451330.455'::double precision) AND (unix_time <= '1685451390.455'::double precision))
   ->  Subquery Scan on "*SELECT* 176"  (cost=97.82..97.83 rows=1 width=76)
         ->  Limit  (cost=97.82..97.82 rows=1 width=84)
               ->  Sort  (cost=97.82..97.82 rows=1 width=84)
                     Sort Key: (st_distance(st_transform(s_175.the_geom, 25833), schw_175.schw))
                     ->  Nested Loop  (cost=0.00..97.81 rows=1 width=84)
                           Join Filter: ((st_transform(s_175.the_geom, 25833) && st_expand(schw_175.schw, '300'::double precision)) AND (schw_175.schw && st_expand(st_transform(s_175.the_geom, 25833), '300'::double precision)) AND _st_dwithin(st_transform(s_175.the_geom, 25833), schw_175.schw, '300'::double precision))
                           ->  Function Scan on schw_175  (cost=0.00..0.01 rows=1 width=32)
                           ->  Seq Scan on phoml_trajectory_tmp s_175  (cost=0.00..95.68 rows=17 width=40)
                                 Filter: ((unix_time >= '1685451330.865'::double precision) AND (unix_time <= '1685451390.865'::double precision))
   ->  Subquery Scan on "*SELECT* 177"  (cost=97.82..97.83 rows=1 width=76)
         ->  Limit  (cost=97.82..97.82 rows=1 width=84)
               ->  Sort  (cost=97.82..97.82 rows=1 width=84)
                     Sort Key: (st_distance(st_transform(s_176.the_geom, 25833), schw_176.schw))
                     ->  Nested Loop  (cost=0.00..97.81 rows=1 width=84)
                           Join Filter: ((st_transform(s_176.the_geom, 25833) && st_expand(schw_176.schw, '300'::double precision)) AND (schw_176.schw && st_expand(st_transform(s_176.the_geom, 25833), '300'::double precision)) AND _st_dwithin(st_transform(s_176.the_geom, 25833), schw_176.schw, '300'::double precision))
                           ->  Function Scan on schw_176  (cost=0.00..0.01 rows=1 width=32)
                           ->  Seq Scan on phoml_trajectory_tmp s_176  (cost=0.00..95.68 rows=17 width=40)
                                 Filter: ((unix_time >= '1685451331.293'::double precision) AND (unix_time <= '1685451391.293'::double precision))
   ->  Subquery Scan on "*SELECT* 178"  (cost=97.82..97.83 rows=1 width=76)
         ->  Limit  (cost=97.82..97.82 rows=1 width=84)
               ->  Sort  (cost=97.82..97.82 rows=1 width=84)
                     Sort Key: (st_distance(st_transform(s_177.the_geom, 25833), schw_177.schw))
                     ->  Nested Loop  (cost=0.00..97.81 rows=1 width=84)
                           Join Filter: ((st_transform(s_177.the_geom, 25833) && st_expand(schw_177.schw, '300'::double precision)) AND (schw_177.schw && st_expand(st_transform(s_177.the_geom, 25833), '300'::double precision)) AND _st_dwithin(st_transform(s_177.the_geom, 25833), schw_177.schw, '300'::double precision))
                           ->  Function Scan on schw_177  (cost=0.00..0.01 rows=1 width=32)
                           ->  Seq Scan on phoml_trajectory_tmp s_177  (cost=0.00..95.68 rows=17 width=40)
                                 Filter: ((unix_time >= '1685451331.713'::double precision) AND (unix_time <= '1685451391.713'::double precision))
   ->  Subquery Scan on "*SELECT* 179"  (cost=97.82..97.83 rows=1 width=76)
         ->  Limit  (cost=97.82..97.82 rows=1 width=84)
               ->  Sort  (cost=97.82..97.82 rows=1 width=84)
                     Sort Key: (st_distance(st_transform(s_178.the_geom, 25833), schw_178.schw))
                     ->  Nested Loop  (cost=0.00..97.81 rows=1 width=84)
                           Join Filter: ((st_transform(s_178.the_geom, 25833) && st_expand(schw_178.schw, '300'::double precision)) AND (schw_178.schw && st_expand(st_transform(s_178.the_geom, 25833), '300'::double precision)) AND _st_dwithin(st_transform(s_178.the_geom, 25833), schw_178.schw, '300'::double precision))
                           ->  Function Scan on schw_178  (cost=0.00..0.01 rows=1 width=32)
                           ->  Seq Scan on phoml_trajectory_tmp s_178  (cost=0.00..95.68 rows=17 width=40)
                                 Filter: ((unix_time >= '1685451332.133'::double precision) AND (unix_time <= '1685451392.133'::double precision))
   ->  Subquery Scan on "*SELECT* 180"  (cost=97.82..97.83 rows=1 width=76)
         ->  Limit  (cost=97.82..97.82 rows=1 width=84)
               ->  Sort  (cost=97.82..97.82 rows=1 width=84)
                     Sort Key: (st_distance(st_transform(s_179.the_geom, 25833), schw_179.schw))
                     ->  Nested Loop  (cost=0.00..97.81 rows=1 width=84)
                           Join Filter: ((st_transform(s_179.the_geom, 25833) && st_expand(schw_179.schw, '300'::double precision)) AND (schw_179.schw && st_expand(st_transform(s_179.the_geom, 25833), '300'::double precision)) AND _st_dwithin(st_transform(s_179.the_geom, 25833), schw_179.schw, '300'::double precision))
                           ->  Function Scan on schw_179  (cost=0.00..0.01 rows=1 width=32)
                           ->  Seq Scan on phoml_trajectory_tmp s_179  (cost=0.00..95.68 rows=17 width=40)
                                 Filter: ((unix_time >= '1685451332.557'::double precision) AND (unix_time <= '1685451392.557'::double precision))
   ->  Subquery Scan on "*SELECT* 181"  (cost=97.82..97.83 rows=1 width=76)
         ->  Limit  (cost=97.82..97.82 rows=1 width=84)
               ->  Sort  (cost=97.82..97.82 rows=1 width=84)
                     Sort Key: (st_distance(st_transform(s_180.the_geom, 25833), schw_180.schw))
                     ->  Nested Loop  (cost=0.00..97.81 rows=1 width=84)
                           Join Filter: ((st_transform(s_180.the_geom, 25833) && st_expand(schw_180.schw, '300'::double precision)) AND (schw_180.schw && st_expand(st_transform(s_180.the_geom, 25833), '300'::double precision)) AND _st_dwithin(st_transform(s_180.the_geom, 25833), schw_180.schw, '300'::double precision))
                           ->  Function Scan on schw_180  (cost=0.00..0.01 rows=1 width=32)
                           ->  Seq Scan on phoml_trajectory_tmp s_180  (cost=0.00..95.68 rows=17 width=40)
                                 Filter: ((unix_time >= '1685451332.957'::double precision) AND (unix_time <= '1685451392.957'::double precision))
   ->  Subquery Scan on "*SELECT* 182"  (cost=97.82..97.83 rows=1 width=76)
         ->  Limit  (cost=97.82..97.82 rows=1 width=84)
               ->  Sort  (cost=97.82..97.82 rows=1 width=84)
                     Sort Key: (st_distance(st_transform(s_181.the_geom, 25833), schw_181.schw))
                     ->  Nested Loop  (cost=0.00..97.81 rows=1 width=84)
                           Join Filter: ((st_transform(s_181.the_geom, 25833) && st_expand(schw_181.schw, '300'::double precision)) AND (schw_181.schw && st_expand(st_transform(s_181.the_geom, 25833), '300'::double precision)) AND _st_dwithin(st_transform(s_181.the_geom, 25833), schw_181.schw, '300'::double precision))
                           ->  Function Scan on schw_181  (cost=0.00..0.01 rows=1 width=32)
                           ->  Seq Scan on phoml_trajectory_tmp s_181  (cost=0.00..95.68 rows=17 width=40)
                                 Filter: ((unix_time >= '1685451333.364'::double precision) AND (unix_time <= '1685451393.364'::double precision))
   ->  Subquery Scan on "*SELECT* 183"  (cost=97.82..97.83 rows=1 width=76)
         ->  Limit  (cost=97.82..97.82 rows=1 width=84)
               ->  Sort  (cost=97.82..97.82 rows=1 width=84)
                     Sort Key: (st_distance(st_transform(s_182.the_geom, 25833), schw_182.schw))
                     ->  Nested Loop  (cost=0.00..97.81 rows=1 width=84)
                           Join Filter: ((st_transform(s_182.the_geom, 25833) && st_expand(schw_182.schw, '300'::double precision)) AND (schw_182.schw && st_expand(st_transform(s_182.the_geom, 25833), '300'::double precision)) AND _st_dwithin(st_transform(s_182.the_geom, 25833), schw_182.schw, '300'::double precision))
                           ->  Function Scan on schw_182  (cost=0.00..0.01 rows=1 width=32)
                           ->  Seq Scan on phoml_trajectory_tmp s_182  (cost=0.00..95.68 rows=17 width=40)
                                 Filter: ((unix_time >= '1685451333.754'::double precision) AND (unix_time <= '1685451393.754'::double precision))
   ->  Subquery Scan on "*SELECT* 184"  (cost=97.82..97.83 rows=1 width=76)
         ->  Limit  (cost=97.82..97.82 rows=1 width=84)
               ->  Sort  (cost=97.82..97.82 rows=1 width=84)
                     Sort Key: (st_distance(st_transform(s_183.the_geom, 25833), schw_183.schw))
                     ->  Nested Loop  (cost=0.00..97.81 rows=1 width=84)
                           Join Filter: ((st_transform(s_183.the_geom, 25833) && st_expand(schw_183.schw, '300'::double precision)) AND (schw_183.schw && st_expand(st_transform(s_183.the_geom, 25833), '300'::double precision)) AND _st_dwithin(st_transform(s_183.the_geom, 25833), schw_183.schw, '300'::double precision))
                           ->  Function Scan on schw_183  (cost=0.00..0.01 rows=1 width=32)
                           ->  Seq Scan on phoml_trajectory_tmp s_183  (cost=0.00..95.68 rows=17 width=40)
                                 Filter: ((unix_time >= '1685451334.159'::double precision) AND (unix_time <= '1685451394.159'::double precision))
   ->  Subquery Scan on "*SELECT* 185"  (cost=97.82..97.83 rows=1 width=76)
         ->  Limit  (cost=97.82..97.82 rows=1 width=84)
               ->  Sort  (cost=97.82..97.82 rows=1 width=84)
                     Sort Key: (st_distance(st_transform(s_184.the_geom, 25833), schw_184.schw))
                     ->  Nested Loop  (cost=0.00..97.81 rows=1 width=84)
                           Join Filter: ((st_transform(s_184.the_geom, 25833) && st_expand(schw_184.schw, '300'::double precision)) AND (schw_184.schw && st_expand(st_transform(s_184.the_geom, 25833), '300'::double precision)) AND _st_dwithin(st_transform(s_184.the_geom, 25833), schw_184.schw, '300'::double precision))
                           ->  Function Scan on schw_184  (cost=0.00..0.01 rows=1 width=32)
                           ->  Seq Scan on phoml_trajectory_tmp s_184  (cost=0.00..95.68 rows=17 width=40)
                                 Filter: ((unix_time >= '1685451334.539'::double precision) AND (unix_time <= '1685451394.539'::double precision))
   ->  Subquery Scan on "*SELECT* 186"  (cost=97.82..97.83 rows=1 width=76)
         ->  Limit  (cost=97.82..97.82 rows=1 width=84)
               ->  Sort  (cost=97.82..97.82 rows=1 width=84)
                     Sort Key: (st_distance(st_transform(s_185.the_geom, 25833), schw_185.schw))
                     ->  Nested Loop  (cost=0.00..97.81 rows=1 width=84)
                           Join Filter: ((st_transform(s_185.the_geom, 25833) && st_expand(schw_185.schw, '300'::double precision)) AND (schw_185.schw && st_expand(st_transform(s_185.the_geom, 25833), '300'::double precision)) AND _st_dwithin(st_transform(s_185.the_geom, 25833), schw_185.schw, '300'::double precision))
                           ->  Function Scan on schw_185  (cost=0.00..0.01 rows=1 width=32)
                           ->  Seq Scan on phoml_trajectory_tmp s_185  (cost=0.00..95.68 rows=17 width=40)
                                 Filter: ((unix_time >= '1685451334.919'::double precision) AND (unix_time <= '1685451394.919'::double precision))
   ->  Subquery Scan on "*SELECT* 187"  (cost=97.82..97.83 rows=1 width=76)
         ->  Limit  (cost=97.82..97.82 rows=1 width=84)
               ->  Sort  (cost=97.82..97.82 rows=1 width=84)
                     Sort Key: (st_distance(st_transform(s_186.the_geom, 25833), schw_186.schw))
                     ->  Nested Loop  (cost=0.00..97.81 rows=1 width=84)
                           Join Filter: ((st_transform(s_186.the_geom, 25833) && st_expand(schw_186.schw, '300'::double precision)) AND (schw_186.schw && st_expand(st_transform(s_186.the_geom, 25833), '300'::double precision)) AND _st_dwithin(st_transform(s_186.the_geom, 25833), schw_186.schw, '300'::double precision))
                           ->  Function Scan on schw_186  (cost=0.00..0.01 rows=1 width=32)
                           ->  Seq Scan on phoml_trajectory_tmp s_186  (cost=0.00..95.68 rows=17 width=40)
                                 Filter: ((unix_time >= '1685451335.307'::double precision) AND (unix_time <= '1685451395.307'::double precision))
   ->  Subquery Scan on "*SELECT* 188"  (cost=97.82..97.83 rows=1 width=76)
         ->  Limit  (cost=97.82..97.82 rows=1 width=84)
               ->  Sort  (cost=97.82..97.82 rows=1 width=84)
                     Sort Key: (st_distance(st_transform(s_187.the_geom, 25833), schw_187.schw))
                     ->  Nested Loop  (cost=0.00..97.81 rows=1 width=84)
                           Join Filter: ((st_transform(s_187.the_geom, 25833) && st_expand(schw_187.schw, '300'::double precision)) AND (schw_187.schw && st_expand(st_transform(s_187.the_geom, 25833), '300'::double precision)) AND _st_dwithin(st_transform(s_187.the_geom, 25833), schw_187.schw, '300'::double precision))
                           ->  Function Scan on schw_187  (cost=0.00..0.01 rows=1 width=32)
                           ->  Seq Scan on phoml_trajectory_tmp s_187  (cost=0.00..95.68 rows=17 width=40)
                                 Filter: ((unix_time >= '1685451335.697'::double precision) AND (unix_time <= '1685451395.697'::double precision))
   ->  Subquery Scan on "*SELECT* 189"  (cost=97.82..97.83 rows=1 width=76)
         ->  Limit  (cost=97.82..97.82 rows=1 width=84)
               ->  Sort  (cost=97.82..97.82 rows=1 width=84)
                     Sort Key: (st_distance(st_transform(s_188.the_geom, 25833), schw_188.schw))
                     ->  Nested Loop  (cost=0.00..97.81 rows=1 width=84)
                           Join Filter: ((st_transform(s_188.the_geom, 25833) && st_expand(schw_188.schw, '300'::double precision)) AND (schw_188.schw && st_expand(st_transform(s_188.the_geom, 25833), '300'::double precision)) AND _st_dwithin(st_transform(s_188.the_geom, 25833), schw_188.schw, '300'::double precision))
                           ->  Function Scan on schw_188  (cost=0.00..0.01 rows=1 width=32)
                           ->  Seq Scan on phoml_trajectory_tmp s_188  (cost=0.00..95.68 rows=17 width=40)
                                 Filter: ((unix_time >= '1685451336.077'::double precision) AND (unix_time <= '1685451396.077'::double precision))
   ->  Subquery Scan on "*SELECT* 190"  (cost=97.82..97.83 rows=1 width=76)
         ->  Limit  (cost=97.82..97.82 rows=1 width=84)
               ->  Sort  (cost=97.82..97.82 rows=1 width=84)
                     Sort Key: (st_distance(st_transform(s_189.the_geom, 25833), schw_189.schw))
                     ->  Nested Loop  (cost=0.00..97.81 rows=1 width=84)
                           Join Filter: ((st_transform(s_189.the_geom, 25833) && st_expand(schw_189.schw, '300'::double precision)) AND (schw_189.schw && st_expand(st_transform(s_189.the_geom, 25833), '300'::double precision)) AND _st_dwithin(st_transform(s_189.the_geom, 25833), schw_189.schw, '300'::double precision))
                           ->  Function Scan on schw_189  (cost=0.00..0.01 rows=1 width=32)
                           ->  Seq Scan on phoml_trajectory_tmp s_189  (cost=0.00..95.68 rows=17 width=40)
                                 Filter: ((unix_time >= '1685451336.463'::double precision) AND (unix_time <= '1685451396.463'::double precision))
   ->  Subquery Scan on "*SELECT* 191"  (cost=97.82..97.83 rows=1 width=76)
         ->  Limit  (cost=97.82..97.82 rows=1 width=84)
               ->  Sort  (cost=97.82..97.82 rows=1 width=84)
                     Sort Key: (st_distance(st_transform(s_190.the_geom, 25833), schw_190.schw))
                     ->  Nested Loop  (cost=0.00..97.81 rows=1 width=84)
                           Join Filter: ((st_transform(s_190.the_geom, 25833) && st_expand(schw_190.schw, '300'::double precision)) AND (schw_190.schw && st_expand(st_transform(s_190.the_geom, 25833), '300'::double precision)) AND _st_dwithin(st_transform(s_190.the_geom, 25833), schw_190.schw, '300'::double precision))
                           ->  Function Scan on schw_190  (cost=0.00..0.01 rows=1 width=32)
                           ->  Seq Scan on phoml_trajectory_tmp s_190  (cost=0.00..95.68 rows=17 width=40)
                                 Filter: ((unix_time >= '1685451336.833'::double precision) AND (unix_time <= '1685451396.833'::double precision))
   ->  Subquery Scan on "*SELECT* 192"  (cost=97.82..97.83 rows=1 width=76)
         ->  Limit  (cost=97.82..97.82 rows=1 width=84)
               ->  Sort  (cost=97.82..97.82 rows=1 width=84)
                     Sort Key: (st_distance(st_transform(s_191.the_geom, 25833), schw_191.schw))
                     ->  Nested Loop  (cost=0.00..97.81 rows=1 width=84)
                           Join Filter: ((st_transform(s_191.the_geom, 25833) && st_expand(schw_191.schw, '300'::double precision)) AND (schw_191.schw && st_expand(st_transform(s_191.the_geom, 25833), '300'::double precision)) AND _st_dwithin(st_transform(s_191.the_geom, 25833), schw_191.schw, '300'::double precision))
                           ->  Function Scan on schw_191  (cost=0.00..0.01 rows=1 width=32)
                           ->  Seq Scan on phoml_trajectory_tmp s_191  (cost=0.00..95.68 rows=17 width=40)
                                 Filter: ((unix_time >= '1685451337.213'::double precision) AND (unix_time <= '1685451397.213'::double precision))
   ->  Subquery Scan on "*SELECT* 193"  (cost=97.82..97.83 rows=1 width=76)
         ->  Limit  (cost=97.82..97.82 rows=1 width=84)
               ->  Sort  (cost=97.82..97.82 rows=1 width=84)
                     Sort Key: (st_distance(st_transform(s_192.the_geom, 25833), schw_192.schw))
                     ->  Nested Loop  (cost=0.00..97.81 rows=1 width=84)
                           Join Filter: ((st_transform(s_192.the_geom, 25833) && st_expand(schw_192.schw, '300'::double precision)) AND (schw_192.schw && st_expand(st_transform(s_192.the_geom, 25833), '300'::double precision)) AND _st_dwithin(st_transform(s_192.the_geom, 25833), schw_192.schw, '300'::double precision))
                           ->  Function Scan on schw_192  (cost=0.00..0.01 rows=1 width=32)
                           ->  Seq Scan on phoml_trajectory_tmp s_192  (cost=0.00..95.68 rows=17 width=40)
                                 Filter: ((unix_time >= '1685451337.583'::double precision) AND (unix_time <= '1685451397.583'::double precision))
   ->  Subquery Scan on "*SELECT* 194"  (cost=97.82..97.83 rows=1 width=76)
         ->  Limit  (cost=97.82..97.82 rows=1 width=84)
               ->  Sort  (cost=97.82..97.82 rows=1 width=84)
                     Sort Key: (st_distance(st_transform(s_193.the_geom, 25833), schw_193.schw))
                     ->  Nested Loop  (cost=0.00..97.81 rows=1 width=84)
                           Join Filter: ((st_transform(s_193.the_geom, 25833) && st_expand(schw_193.schw, '300'::double precision)) AND (schw_193.schw && st_expand(st_transform(s_193.the_geom, 25833), '300'::double precision)) AND _st_dwithin(st_transform(s_193.the_geom, 25833), schw_193.schw, '300'::double precision))
                           ->  Function Scan on schw_193  (cost=0.00..0.01 rows=1 width=32)
                           ->  Seq Scan on phoml_trajectory_tmp s_193  (cost=0.00..95.68 rows=17 width=40)
                                 Filter: ((unix_time >= '1685451337.963'::double precision) AND (unix_time <= '1685451397.963'::double precision))
   ->  Subquery Scan on "*SELECT* 195"  (cost=97.82..97.83 rows=1 width=76)
         ->  Limit  (cost=97.82..97.82 rows=1 width=84)
               ->  Sort  (cost=97.82..97.82 rows=1 width=84)
                     Sort Key: (st_distance(st_transform(s_194.the_geom, 25833), schw_194.schw))
                     ->  Nested Loop  (cost=0.00..97.81 rows=1 width=84)
                           Join Filter: ((st_transform(s_194.the_geom, 25833) && st_expand(schw_194.schw, '300'::double precision)) AND (schw_194.schw && st_expand(st_transform(s_194.the_geom, 25833), '300'::double precision)) AND _st_dwithin(st_transform(s_194.the_geom, 25833), schw_194.schw, '300'::double precision))
                           ->  Function Scan on schw_194  (cost=0.00..0.01 rows=1 width=32)
                           ->  Seq Scan on phoml_trajectory_tmp s_194  (cost=0.00..95.68 rows=17 width=40)
                                 Filter: ((unix_time >= '1685451338.33'::double precision) AND (unix_time <= '1685451398.33'::double precision))
   ->  Subquery Scan on "*SELECT* 196"  (cost=97.82..97.83 rows=1 width=76)
         ->  Limit  (cost=97.82..97.82 rows=1 width=84)
               ->  Sort  (cost=97.82..97.82 rows=1 width=84)
                     Sort Key: (st_distance(st_transform(s_195.the_geom, 25833), schw_195.schw))
                     ->  Nested Loop  (cost=0.00..97.81 rows=1 width=84)
                           Join Filter: ((st_transform(s_195.the_geom, 25833) && st_expand(schw_195.schw, '300'::double precision)) AND (schw_195.schw && st_expand(st_transform(s_195.the_geom, 25833), '300'::double precision)) AND _st_dwithin(st_transform(s_195.the_geom, 25833), schw_195.schw, '300'::double precision))
                           ->  Function Scan on schw_195  (cost=0.00..0.01 rows=1 width=32)
                           ->  Seq Scan on phoml_trajectory_tmp s_195  (cost=0.00..95.68 rows=17 width=40)
                                 Filter: ((unix_time >= '1685451338.7'::double precision) AND (unix_time <= '1685451398.7'::double precision))
   ->  Subquery Scan on "*SELECT* 197"  (cost=97.82..97.83 rows=1 width=76)
         ->  Limit  (cost=97.82..97.82 rows=1 width=84)
               ->  Sort  (cost=97.82..97.82 rows=1 width=84)
                     Sort Key: (st_distance(st_transform(s_196.the_geom, 25833), schw_196.schw))
                     ->  Nested Loop  (cost=0.00..97.81 rows=1 width=84)
                           Join Filter: ((st_transform(s_196.the_geom, 25833) && st_expand(schw_196.schw, '300'::double precision)) AND (schw_196.schw && st_expand(st_transform(s_196.the_geom, 25833), '300'::double precision)) AND _st_dwithin(st_transform(s_196.the_geom, 25833), schw_196.schw, '300'::double precision))
                           ->  Function Scan on schw_196  (cost=0.00..0.01 rows=1 width=32)
                           ->  Seq Scan on phoml_trajectory_tmp s_196  (cost=0.00..95.68 rows=17 width=40)
                                 Filter: ((unix_time >= '1685451339.08'::double precision) AND (unix_time <= '1685451399.08'::double precision))
   ->  Subquery Scan on "*SELECT* 198"  (cost=97.82..97.83 rows=1 width=76)
         ->  Limit  (cost=97.82..97.82 rows=1 width=84)
               ->  Sort  (cost=97.82..97.82 rows=1 width=84)
                     Sort Key: (st_distance(st_transform(s_197.the_geom, 25833), schw_197.schw))
                     ->  Nested Loop  (cost=0.00..97.81 rows=1 width=84)
                           Join Filter: ((st_transform(s_197.the_geom, 25833) && st_expand(schw_197.schw, '300'::double precision)) AND (schw_197.schw && st_expand(st_transform(s_197.the_geom, 25833), '300'::double precision)) AND _st_dwithin(st_transform(s_197.the_geom, 25833), schw_197.schw, '300'::double precision))
                           ->  Function Scan on schw_197  (cost=0.00..0.01 rows=1 width=32)
                           ->  Seq Scan on phoml_trajectory_tmp s_197  (cost=0.00..95.68 rows=17 width=40)
                                 Filter: ((unix_time >= '1685451339.453'::double precision) AND (unix_time <= '1685451399.453'::double precision))
   ->  Subquery Scan on "*SELECT* 199"  (cost=97.82..97.83 rows=1 width=76)
         ->  Limit  (cost=97.82..97.82 rows=1 width=84)
               ->  Sort  (cost=97.82..97.82 rows=1 width=84)
                     Sort Key: (st_distance(st_transform(s_198.the_geom, 25833), schw_198.schw))
                     ->  Nested Loop  (cost=0.00..97.81 rows=1 width=84)
                           Join Filter: ((st_transform(s_198.the_geom, 25833) && st_expand(schw_198.schw, '300'::double precision)) AND (schw_198.schw && st_expand(st_transform(s_198.the_geom, 25833), '300'::double precision)) AND _st_dwithin(st_transform(s_198.the_geom, 25833), schw_198.schw, '300'::double precision))
                           ->  Function Scan on schw_198  (cost=0.00..0.01 rows=1 width=32)
                           ->  Seq Scan on phoml_trajectory_tmp s_198  (cost=0.00..95.68 rows=17 width=40)
                                 Filter: ((unix_time >= '1685451339.823'::double precision) AND (unix_time <= '1685451399.823'::double precision))
   ->  Subquery Scan on "*SELECT* 200"  (cost=97.82..97.83 rows=1 width=76)
         ->  Limit  (cost=97.82..97.82 rows=1 width=84)
               ->  Sort  (cost=97.82..97.82 rows=1 width=84)
                     Sort Key: (st_distance(st_transform(s_199.the_geom, 25833), schw_199.schw))
                     ->  Nested Loop  (cost=0.00..97.81 rows=1 width=84)
                           Join Filter: ((st_transform(s_199.the_geom, 25833) && st_expand(schw_199.schw, '300'::double precision)) AND (schw_199.schw && st_expand(st_transform(s_199.the_geom, 25833), '300'::double precision)) AND _st_dwithin(st_transform(s_199.the_geom, 25833), schw_199.schw, '300'::double precision))
                           ->  Function Scan on schw_199  (cost=0.00..0.01 rows=1 width=32)
                           ->  Seq Scan on phoml_trajectory_tmp s_199  (cost=0.00..95.68 rows=17 width=40)
                                 Filter: ((unix_time >= '1685451340.215'::double precision) AND (unix_time <= '1685451400.215'::double precision))
   ->  Subquery Scan on "*SELECT* 201"  (cost=97.82..97.83 rows=1 width=76)
         ->  Limit  (cost=97.82..97.82 rows=1 width=84)
               ->  Sort  (cost=97.82..97.82 rows=1 width=84)
                     Sort Key: (st_distance(st_transform(s_200.the_geom, 25833), schw_200.schw))
                     ->  Nested Loop  (cost=0.00..97.81 rows=1 width=84)
                           Join Filter: ((st_transform(s_200.the_geom, 25833) && st_expand(schw_200.schw, '300'::double precision)) AND (schw_200.schw && st_expand(st_transform(s_200.the_geom, 25833), '300'::double precision)) AND _st_dwithin(st_transform(s_200.the_geom, 25833), schw_200.schw, '300'::double precision))
                           ->  Function Scan on schw_200  (cost=0.00..0.01 rows=1 width=32)
                           ->  Seq Scan on phoml_trajectory_tmp s_200  (cost=0.00..95.68 rows=17 width=40)
                                 Filter: ((unix_time >= '1685451340.595'::double precision) AND (unix_time <= '1685451400.595'::double precision))
   ->  Subquery Scan on "*SELECT* 202"  (cost=97.82..97.83 rows=1 width=76)
         ->  Limit  (cost=97.82..97.82 rows=1 width=84)
               ->  Sort  (cost=97.82..97.82 rows=1 width=84)
                     Sort Key: (st_distance(st_transform(s_201.the_geom, 25833), schw_201.schw))
                     ->  Nested Loop  (cost=0.00..97.81 rows=1 width=84)
                           Join Filter: ((st_transform(s_201.the_geom, 25833) && st_expand(schw_201.schw, '300'::double precision)) AND (schw_201.schw && st_expand(st_transform(s_201.the_geom, 25833), '300'::double precision)) AND _st_dwithin(st_transform(s_201.the_geom, 25833), schw_201.schw, '300'::double precision))
                           ->  Function Scan on schw_201  (cost=0.00..0.01 rows=1 width=32)
                           ->  Seq Scan on phoml_trajectory_tmp s_201  (cost=0.00..95.68 rows=17 width=40)
                                 Filter: ((unix_time >= '1685451340.995'::double precision) AND (unix_time <= '1685451400.995'::double precision))
   ->  Subquery Scan on "*SELECT* 203"  (cost=97.82..97.83 rows=1 width=76)
         ->  Limit  (cost=97.82..97.82 rows=1 width=84)
               ->  Sort  (cost=97.82..97.82 rows=1 width=84)
                     Sort Key: (st_distance(st_transform(s_202.the_geom, 25833), schw_202.schw))
                     ->  Nested Loop  (cost=0.00..97.81 rows=1 width=84)
                           Join Filter: ((st_transform(s_202.the_geom, 25833) && st_expand(schw_202.schw, '300'::double precision)) AND (schw_202.schw && st_expand(st_transform(s_202.the_geom, 25833), '300'::double precision)) AND _st_dwithin(st_transform(s_202.the_geom, 25833), schw_202.schw, '300'::double precision))
                           ->  Function Scan on schw_202  (cost=0.00..0.01 rows=1 width=32)
                           ->  Seq Scan on phoml_trajectory_tmp s_202  (cost=0.00..95.68 rows=17 width=40)
                                 Filter: ((unix_time >= '1685451341.387'::double precision) AND (unix_time <= '1685451401.387'::double precision))
   ->  Subquery Scan on "*SELECT* 204"  (cost=97.82..97.83 rows=1 width=76)
         ->  Limit  (cost=97.82..97.82 rows=1 width=84)
               ->  Sort  (cost=97.82..97.82 rows=1 width=84)
                     Sort Key: (st_distance(st_transform(s_203.the_geom, 25833), schw_203.schw))
                     ->  Nested Loop  (cost=0.00..97.81 rows=1 width=84)
                           Join Filter: ((st_transform(s_203.the_geom, 25833) && st_expand(schw_203.schw, '300'::double precision)) AND (schw_203.schw && st_expand(st_transform(s_203.the_geom, 25833), '300'::double precision)) AND _st_dwithin(st_transform(s_203.the_geom, 25833), schw_203.schw, '300'::double precision))
                           ->  Function Scan on schw_203  (cost=0.00..0.01 rows=1 width=32)
                           ->  Seq Scan on phoml_trajectory_tmp s_203  (cost=0.00..95.68 rows=17 width=40)
                                 Filter: ((unix_time >= '1685451341.797'::double precision) AND (unix_time <= '1685451401.797'::double precision))
   ->  Subquery Scan on "*SELECT* 205"  (cost=97.82..97.83 rows=1 width=76)
         ->  Limit  (cost=97.82..97.82 rows=1 width=84)
               ->  Sort  (cost=97.82..97.82 rows=1 width=84)
                     Sort Key: (st_distance(st_transform(s_204.the_geom, 25833), schw_204.schw))
                     ->  Nested Loop  (cost=0.00..97.81 rows=1 width=84)
                           Join Filter: ((st_transform(s_204.the_geom, 25833) && st_expand(schw_204.schw, '300'::double precision)) AND (schw_204.schw && st_expand(st_transform(s_204.the_geom, 25833), '300'::double precision)) AND _st_dwithin(st_transform(s_204.the_geom, 25833), schw_204.schw, '300'::double precision))
                           ->  Function Scan on schw_204  (cost=0.00..0.01 rows=1 width=32)
                           ->  Seq Scan on phoml_trajectory_tmp s_204  (cost=0.00..95.68 rows=17 width=40)
                                 Filter: ((unix_time >= '1685451342.229'::double precision) AND (unix_time <= '1685451402.229'::double precision))
   ->  Subquery Scan on "*SELECT* 206"  (cost=97.82..97.83 rows=1 width=76)
         ->  Limit  (cost=97.82..97.82 rows=1 width=84)
               ->  Sort  (cost=97.82..97.82 rows=1 width=84)
                     Sort Key: (st_distance(st_transform(s_205.the_geom, 25833), schw_205.schw))
                     ->  Nested Loop  (cost=0.00..97.81 rows=1 width=84)
                           Join Filter: ((st_transform(s_205.the_geom, 25833) && st_expand(schw_205.schw, '300'::double precision)) AND (schw_205.schw && st_expand(st_transform(s_205.the_geom, 25833), '300'::double precision)) AND _st_dwithin(st_transform(s_205.the_geom, 25833), schw_205.schw, '300'::double precision))
                           ->  Function Scan on schw_205  (cost=0.00..0.01 rows=1 width=32)
                           ->  Seq Scan on phoml_trajectory_tmp s_205  (cost=0.00..95.68 rows=17 width=40)
                                 Filter: ((unix_time >= '1685451342.669'::double precision) AND (unix_time <= '1685451402.669'::double precision))
   ->  Subquery Scan on "*SELECT* 207"  (cost=97.82..97.83 rows=1 width=76)
         ->  Limit  (cost=97.82..97.82 rows=1 width=84)
               ->  Sort  (cost=97.82..97.82 rows=1 width=84)
                     Sort Key: (st_distance(st_transform(s_206.the_geom, 25833), schw_206.schw))
                     ->  Nested Loop  (cost=0.00..97.81 rows=1 width=84)
                           Join Filter: ((st_transform(s_206.the_geom, 25833) && st_expand(schw_206.schw, '300'::double precision)) AND (schw_206.schw && st_expand(st_transform(s_206.the_geom, 25833), '300'::double precision)) AND _st_dwithin(st_transform(s_206.the_geom, 25833), schw_206.schw, '300'::double precision))
                           ->  Function Scan on schw_206  (cost=0.00..0.01 rows=1 width=32)
                           ->  Seq Scan on phoml_trajectory_tmp s_206  (cost=0.00..95.68 rows=17 width=40)
                                 Filter: ((unix_time >= '1685451343.109'::double precision) AND (unix_time <= '1685451403.109'::double precision))
   ->  Subquery Scan on "*SELECT* 208"  (cost=97.82..97.83 rows=1 width=76)
         ->  Limit  (cost=97.82..97.82 rows=1 width=84)
               ->  Sort  (cost=97.82..97.82 rows=1 width=84)
                     Sort Key: (st_distance(st_transform(s_207.the_geom, 25833), schw_207.schw))
                     ->  Nested Loop  (cost=0.00..97.81 rows=1 width=84)
                           Join Filter: ((st_transform(s_207.the_geom, 25833) && st_expand(schw_207.schw, '300'::double precision)) AND (schw_207.schw && st_expand(st_transform(s_207.the_geom, 25833), '300'::double precision)) AND _st_dwithin(st_transform(s_207.the_geom, 25833), schw_207.schw, '300'::double precision))
                           ->  Function Scan on schw_207  (cost=0.00..0.01 rows=1 width=32)
                           ->  Seq Scan on phoml_trajectory_tmp s_207  (cost=0.00..95.68 rows=17 width=40)
                                 Filter: ((unix_time >= '1685451343.571'::double precision) AND (unix_time <= '1685451403.571'::double precision))
   ->  Subquery Scan on "*SELECT* 209"  (cost=97.82..97.83 rows=1 width=76)
         ->  Limit  (cost=97.82..97.82 rows=1 width=84)
               ->  Sort  (cost=97.82..97.82 rows=1 width=84)
                     Sort Key: (st_distance(st_transform(s_208.the_geom, 25833), schw_208.schw))
                     ->  Nested Loop  (cost=0.00..97.81 rows=1 width=84)
                           Join Filter: ((st_transform(s_208.the_geom, 25833) && st_expand(schw_208.schw, '300'::double precision)) AND (schw_208.schw && st_expand(st_transform(s_208.the_geom, 25833), '300'::double precision)) AND _st_dwithin(st_transform(s_208.the_geom, 25833), schw_208.schw, '300'::double precision))
                           ->  Function Scan on schw_208  (cost=0.00..0.01 rows=1 width=32)
                           ->  Seq Scan on phoml_trajectory_tmp s_208  (cost=0.00..95.68 rows=17 width=40)
                                 Filter: ((unix_time >= '1685451344.041'::double precision) AND (unix_time <= '1685451404.041'::double precision))
   ->  Subquery Scan on "*SELECT* 210"  (cost=97.82..97.83 rows=1 width=76)
         ->  Limit  (cost=97.82..97.82 rows=1 width=84)
               ->  Sort  (cost=97.82..97.82 rows=1 width=84)
                     Sort Key: (st_distance(st_transform(s_209.the_geom, 25833), schw_209.schw))
                     ->  Nested Loop  (cost=0.00..97.81 rows=1 width=84)
                           Join Filter: ((st_transform(s_209.the_geom, 25833) && st_expand(schw_209.schw, '300'::double precision)) AND (schw_209.schw && st_expand(st_transform(s_209.the_geom, 25833), '300'::double precision)) AND _st_dwithin(st_transform(s_209.the_geom, 25833), schw_209.schw, '300'::double precision))
                           ->  Function Scan on schw_209  (cost=0.00..0.01 rows=1 width=32)
                           ->  Seq Scan on phoml_trajectory_tmp s_209  (cost=0.00..95.68 rows=17 width=40)
                                 Filter: ((unix_time >= '1685451344.527'::double precision) AND (unix_time <= '1685451404.527'::double precision))
   ->  Subquery Scan on "*SELECT* 211"  (cost=97.82..97.83 rows=1 width=76)
         ->  Limit  (cost=97.82..97.82 rows=1 width=84)
               ->  Sort  (cost=97.82..97.82 rows=1 width=84)
                     Sort Key: (st_distance(st_transform(s_210.the_geom, 25833), schw_210.schw))
                     ->  Nested Loop  (cost=0.00..97.81 rows=1 width=84)
                           Join Filter: ((st_transform(s_210.the_geom, 25833) && st_expand(schw_210.schw, '300'::double precision)) AND (schw_210.schw && st_expand(st_transform(s_210.the_geom, 25833), '300'::double precision)) AND _st_dwithin(st_transform(s_210.the_geom, 25833), schw_210.schw, '300'::double precision))
                           ->  Function Scan on schw_210  (cost=0.00..0.01 rows=1 width=32)
                           ->  Seq Scan on phoml_trajectory_tmp s_210  (cost=0.00..95.68 rows=17 width=40)
                                 Filter: ((unix_time >= '1685451345.027'::double precision) AND (unix_time <= '1685451405.027'::double precision))
   ->  Subquery Scan on "*SELECT* 212"  (cost=97.82..97.83 rows=1 width=76)
         ->  Limit  (cost=97.82..97.82 rows=1 width=84)
               ->  Sort  (cost=97.82..97.82 rows=1 width=84)
                     Sort Key: (st_distance(st_transform(s_211.the_geom, 25833), schw_211.schw))
                     ->  Nested Loop  (cost=0.00..97.81 rows=1 width=84)
                           Join Filter: ((st_transform(s_211.the_geom, 25833) && st_expand(schw_211.schw, '300'::double precision)) AND (schw_211.schw && st_expand(st_transform(s_211.the_geom, 25833), '300'::double precision)) AND _st_dwithin(st_transform(s_211.the_geom, 25833), schw_211.schw, '300'::double precision))
                           ->  Function Scan on schw_211  (cost=0.00..0.01 rows=1 width=32)
                           ->  Seq Scan on phoml_trajectory_tmp s_211  (cost=0.00..95.68 rows=17 width=40)
                                 Filter: ((unix_time >= '1685451345.538'::double precision) AND (unix_time <= '1685451405.538'::double precision))
   ->  Subquery Scan on "*SELECT* 213"  (cost=97.82..97.83 rows=1 width=76)
         ->  Limit  (cost=97.82..97.82 rows=1 width=84)
               ->  Sort  (cost=97.82..97.82 rows=1 width=84)
                     Sort Key: (st_distance(st_transform(s_212.the_geom, 25833), schw_212.schw))
                     ->  Nested Loop  (cost=0.00..97.81 rows=1 width=84)
                           Join Filter: ((st_transform(s_212.the_geom, 25833) && st_expand(schw_212.schw, '300'::double precision)) AND (schw_212.schw && st_expand(st_transform(s_212.the_geom, 25833), '300'::double precision)) AND _st_dwithin(st_transform(s_212.the_geom, 25833), schw_212.schw, '300'::double precision))
                           ->  Function Scan on schw_212  (cost=0.00..0.01 rows=1 width=32)
                           ->  Seq Scan on phoml_trajectory_tmp s_212  (cost=0.00..95.68 rows=17 width=40)
                                 Filter: ((unix_time >= '1685451346.078'::double precision) AND (unix_time <= '1685451406.078'::double precision))
   ->  Subquery Scan on "*SELECT* 214"  (cost=97.82..97.83 rows=1 width=76)
         ->  Limit  (cost=97.82..97.82 rows=1 width=84)
               ->  Sort  (cost=97.82..97.82 rows=1 width=84)
                     Sort Key: (st_distance(st_transform(s_213.the_geom, 25833), schw_213.schw))
                     ->  Nested Loop  (cost=0.00..97.81 rows=1 width=84)
                           Join Filter: ((st_transform(s_213.the_geom, 25833) && st_expand(schw_213.schw, '300'::double precision)) AND (schw_213.schw && st_expand(st_transform(s_213.the_geom, 25833), '300'::double precision)) AND _st_dwithin(st_transform(s_213.the_geom, 25833), schw_213.schw, '300'::double precision))
                           ->  Function Scan on schw_213  (cost=0.00..0.01 rows=1 width=32)
                           ->  Seq Scan on phoml_trajectory_tmp s_213  (cost=0.00..95.68 rows=17 width=40)
                                 Filter: ((unix_time >= '1685451346.599'::double precision) AND (unix_time <= '1685451406.599'::double precision))
   ->  Subquery Scan on "*SELECT* 215"  (cost=97.82..97.83 rows=1 width=76)
         ->  Limit  (cost=97.82..97.82 rows=1 width=84)
               ->  Sort  (cost=97.82..97.82 rows=1 width=84)
                     Sort Key: (st_distance(st_transform(s_214.the_geom, 25833), schw_214.schw))
                     ->  Nested Loop  (cost=0.00..97.81 rows=1 width=84)
                           Join Filter: ((st_transform(s_214.the_geom, 25833) && st_expand(schw_214.schw, '300'::double precision)) AND (schw_214.schw && st_expand(st_transform(s_214.the_geom, 25833), '300'::double precision)) AND _st_dwithin(st_transform(s_214.the_geom, 25833), schw_214.schw, '300'::double precision))
                           ->  Function Scan on schw_214  (cost=0.00..0.01 rows=1 width=32)
                           ->  Seq Scan on phoml_trajectory_tmp s_214  (cost=0.00..95.68 rows=17 width=40)
                                 Filter: ((unix_time >= '1685451347.109'::double precision) AND (unix_time <= '1685451407.109'::double precision))
   ->  Subquery Scan on "*SELECT* 216"  (cost=97.82..97.83 rows=1 width=76)
         ->  Limit  (cost=97.82..97.82 rows=1 width=84)
               ->  Sort  (cost=97.82..97.82 rows=1 width=84)
                     Sort Key: (st_distance(st_transform(s_215.the_geom, 25833), schw_215.schw))
                     ->  Nested Loop  (cost=0.00..97.81 rows=1 width=84)
                           Join Filter: ((st_transform(s_215.the_geom, 25833) && st_expand(schw_215.schw, '300'::double precision)) AND (schw_215.schw && st_expand(st_transform(s_215.the_geom, 25833), '300'::double precision)) AND _st_dwithin(st_transform(s_215.the_geom, 25833), schw_215.schw, '300'::double precision))
                           ->  Function Scan on schw_215  (cost=0.00..0.01 rows=1 width=32)
                           ->  Seq Scan on phoml_trajectory_tmp s_215  (cost=0.00..95.68 rows=17 width=40)
                                 Filter: ((unix_time >= '1685451347.623'::double precision) AND (unix_time <= '1685451407.623'::double precision))
   ->  Subquery Scan on "*SELECT* 217"  (cost=97.82..97.83 rows=1 width=76)
         ->  Limit  (cost=97.82..97.82 rows=1 width=84)
               ->  Sort  (cost=97.82..97.82 rows=1 width=84)
                     Sort Key: (st_distance(st_transform(s_216.the_geom, 25833), schw_216.schw))
                     ->  Nested Loop  (cost=0.00..97.81 rows=1 width=84)
                           Join Filter: ((st_transform(s_216.the_geom, 25833) && st_expand(schw_216.schw, '300'::double precision)) AND (schw_216.schw && st_expand(st_transform(s_216.the_geom, 25833), '300'::double precision)) AND _st_dwithin(st_transform(s_216.the_geom, 25833), schw_216.schw, '300'::double precision))
                           ->  Function Scan on schw_216  (cost=0.00..0.01 rows=1 width=32)
                           ->  Seq Scan on phoml_trajectory_tmp s_216  (cost=0.00..95.68 rows=17 width=40)
                                 Filter: ((unix_time >= '1685451348.137'::double precision) AND (unix_time <= '1685451408.137'::double precision))
   ->  Subquery Scan on "*SELECT* 218"  (cost=97.82..97.83 rows=1 width=76)
         ->  Limit  (cost=97.82..97.82 rows=1 width=84)
               ->  Sort  (cost=97.82..97.82 rows=1 width=84)
                     Sort Key: (st_distance(st_transform(s_217.the_geom, 25833), schw_217.schw))
                     ->  Nested Loop  (cost=0.00..97.81 rows=1 width=84)
                           Join Filter: ((st_transform(s_217.the_geom, 25833) && st_expand(schw_217.schw, '300'::double precision)) AND (schw_217.schw && st_expand(st_transform(s_217.the_geom, 25833), '300'::double precision)) AND _st_dwithin(st_transform(s_217.the_geom, 25833), schw_217.schw, '300'::double precision))
                           ->  Function Scan on schw_217  (cost=0.00..0.01 rows=1 width=32)
                           ->  Seq Scan on phoml_trajectory_tmp s_217  (cost=0.00..95.68 rows=17 width=40)
                                 Filter: ((unix_time >= '1685451348.607'::double precision) AND (unix_time <= '1685451408.607'::double precision))
   ->  Subquery Scan on "*SELECT* 219"  (cost=97.82..97.83 rows=1 width=76)
         ->  Limit  (cost=97.82..97.82 rows=1 width=84)
               ->  Sort  (cost=97.82..97.82 rows=1 width=84)
                     Sort Key: (st_distance(st_transform(s_218.the_geom, 25833), schw_218.schw))
                     ->  Nested Loop  (cost=0.00..97.81 rows=1 width=84)
                           Join Filter: ((st_transform(s_218.the_geom, 25833) && st_expand(schw_218.schw, '300'::double precision)) AND (schw_218.schw && st_expand(st_transform(s_218.the_geom, 25833), '300'::double precision)) AND _st_dwithin(st_transform(s_218.the_geom, 25833), schw_218.schw, '300'::double precision))
                           ->  Function Scan on schw_218  (cost=0.00..0.01 rows=1 width=32)
                           ->  Seq Scan on phoml_trajectory_tmp s_218  (cost=0.00..95.68 rows=17 width=40)
                                 Filter: ((unix_time >= '1685451349.097'::double precision) AND (unix_time <= '1685451409.097'::double precision))
   ->  Subquery Scan on "*SELECT* 220"  (cost=97.82..97.83 rows=1 width=76)
         ->  Limit  (cost=97.82..97.82 rows=1 width=84)
               ->  Sort  (cost=97.82..97.82 rows=1 width=84)
                     Sort Key: (st_distance(st_transform(s_219.the_geom, 25833), schw_219.schw))
                     ->  Nested Loop  (cost=0.00..97.81 rows=1 width=84)
                           Join Filter: ((st_transform(s_219.the_geom, 25833) && st_expand(schw_219.schw, '300'::double precision)) AND (schw_219.schw && st_expand(st_transform(s_219.the_geom, 25833), '300'::double precision)) AND _st_dwithin(st_transform(s_219.the_geom, 25833), schw_219.schw, '300'::double precision))
                           ->  Function Scan on schw_219  (cost=0.00..0.01 rows=1 width=32)
                           ->  Seq Scan on phoml_trajectory_tmp s_219  (cost=0.00..95.68 rows=17 width=40)
                                 Filter: ((unix_time >= '1685451349.562'::double precision) AND (unix_time <= '1685451409.562'::double precision))
   ->  Subquery Scan on "*SELECT* 221"  (cost=97.82..97.83 rows=1 width=76)
         ->  Limit  (cost=97.82..97.82 rows=1 width=84)
               ->  Sort  (cost=97.82..97.82 rows=1 width=84)
                     Sort Key: (st_distance(st_transform(s_220.the_geom, 25833), schw_220.schw))
                     ->  Nested Loop  (cost=0.00..97.81 rows=1 width=84)
                           Join Filter: ((st_transform(s_220.the_geom, 25833) && st_expand(schw_220.schw, '300'::double precision)) AND (schw_220.schw && st_expand(st_transform(s_220.the_geom, 25833), '300'::double precision)) AND _st_dwithin(st_transform(s_220.the_geom, 25833), schw_220.schw, '300'::double precision))
                           ->  Function Scan on schw_220  (cost=0.00..0.01 rows=1 width=32)
                           ->  Seq Scan on phoml_trajectory_tmp s_220  (cost=0.00..95.68 rows=17 width=40)
                                 Filter: ((unix_time >= '1685451350.052'::double precision) AND (unix_time <= '1685451410.052'::double precision))
   ->  Subquery Scan on "*SELECT* 222"  (cost=97.82..97.83 rows=1 width=76)
         ->  Limit  (cost=97.82..97.82 rows=1 width=84)
               ->  Sort  (cost=97.82..97.82 rows=1 width=84)
                     Sort Key: (st_distance(st_transform(s_221.the_geom, 25833), schw_221.schw))
                     ->  Nested Loop  (cost=0.00..97.81 rows=1 width=84)
                           Join Filter: ((st_transform(s_221.the_geom, 25833) && st_expand(schw_221.schw, '300'::double precision)) AND (schw_221.schw && st_expand(st_transform(s_221.the_geom, 25833), '300'::double precision)) AND _st_dwithin(st_transform(s_221.the_geom, 25833), schw_221.schw, '300'::double precision))
                           ->  Function Scan on schw_221  (cost=0.00..0.01 rows=1 width=32)
                           ->  Seq Scan on phoml_trajectory_tmp s_221  (cost=0.00..95.68 rows=17 width=40)
                                 Filter: ((unix_time >= '1685451350.512'::double precision) AND (unix_time <= '1685451410.512'::double precision))
   ->  Subquery Scan on "*SELECT* 223"  (cost=97.82..97.83 rows=1 width=76)
         ->  Limit  (cost=97.82..97.82 rows=1 width=84)
               ->  Sort  (cost=97.82..97.82 rows=1 width=84)
                     Sort Key: (st_distance(st_transform(s_222.the_geom, 25833), schw_222.schw))
                     ->  Nested Loop  (cost=0.00..97.81 rows=1 width=84)
                           Join Filter: ((st_transform(s_222.the_geom, 25833) && st_expand(schw_222.schw, '300'::double precision)) AND (schw_222.schw && st_expand(st_transform(s_222.the_geom, 25833), '300'::double precision)) AND _st_dwithin(st_transform(s_222.the_geom, 25833), schw_222.schw, '300'::double precision))
                           ->  Function Scan on schw_222  (cost=0.00..0.01 rows=1 width=32)
                           ->  Seq Scan on phoml_trajectory_tmp s_222  (cost=0.00..95.68 rows=17 width=40)
                                 Filter: ((unix_time >= '1685451350.982'::double precision) AND (unix_time <= '1685451410.982'::double precision))
   ->  Subquery Scan on "*SELECT* 224"  (cost=97.82..97.83 rows=1 width=76)
         ->  Limit  (cost=97.82..97.82 rows=1 width=84)
               ->  Sort  (cost=97.82..97.82 rows=1 width=84)
                     Sort Key: (st_distance(st_transform(s_223.the_geom, 25833), schw_223.schw))
                     ->  Nested Loop  (cost=0.00..97.81 rows=1 width=84)
                           Join Filter: ((st_transform(s_223.the_geom, 25833) && st_expand(schw_223.schw, '300'::double precision)) AND (schw_223.schw && st_expand(st_transform(s_223.the_geom, 25833), '300'::double precision)) AND _st_dwithin(st_transform(s_223.the_geom, 25833), schw_223.schw, '300'::double precision))
                           ->  Function Scan on schw_223  (cost=0.00..0.01 rows=1 width=32)
                           ->  Seq Scan on phoml_trajectory_tmp s_223  (cost=0.00..95.68 rows=17 width=40)
                                 Filter: ((unix_time >= '1685451351.436'::double precision) AND (unix_time <= '1685451411.436'::double precision))
   ->  Subquery Scan on "*SELECT* 225"  (cost=97.82..97.83 rows=1 width=76)
         ->  Limit  (cost=97.82..97.82 rows=1 width=84)
               ->  Sort  (cost=97.82..97.82 rows=1 width=84)
                     Sort Key: (st_distance(st_transform(s_224.the_geom, 25833), schw_224.schw))
                     ->  Nested Loop  (cost=0.00..97.81 rows=1 width=84)
                           Join Filter: ((st_transform(s_224.the_geom, 25833) && st_expand(schw_224.schw, '300'::double precision)) AND (schw_224.schw && st_expand(st_transform(s_224.the_geom, 25833), '300'::double precision)) AND _st_dwithin(st_transform(s_224.the_geom, 25833), schw_224.schw, '300'::double precision))
                           ->  Function Scan on schw_224  (cost=0.00..0.01 rows=1 width=32)
                           ->  Seq Scan on phoml_trajectory_tmp s_224  (cost=0.00..95.68 rows=17 width=40)
                                 Filter: ((unix_time >= '1685451351.886'::double precision) AND (unix_time <= '1685451411.886'::double precision))
   ->  Subquery Scan on "*SELECT* 226"  (cost=97.82..97.83 rows=1 width=76)
         ->  Limit  (cost=97.82..97.82 rows=1 width=84)
               ->  Sort  (cost=97.82..97.82 rows=1 width=84)
                     Sort Key: (st_distance(st_transform(s_225.the_geom, 25833), schw_225.schw))
                     ->  Nested Loop  (cost=0.00..97.81 rows=1 width=84)
                           Join Filter: ((st_transform(s_225.the_geom, 25833) && st_expand(schw_225.schw, '300'::double precision)) AND (schw_225.schw && st_expand(st_transform(s_225.the_geom, 25833), '300'::double precision)) AND _st_dwithin(st_transform(s_225.the_geom, 25833), schw_225.schw, '300'::double precision))
                           ->  Function Scan on schw_225  (cost=0.00..0.01 rows=1 width=32)
                           ->  Seq Scan on phoml_trajectory_tmp s_225  (cost=0.00..95.68 rows=17 width=40)
                                 Filter: ((unix_time >= '1685451352.34'::double precision) AND (unix_time <= '1685451412.34'::double precision))
   ->  Subquery Scan on "*SELECT* 227"  (cost=97.82..97.83 rows=1 width=76)
         ->  Limit  (cost=97.82..97.82 rows=1 width=84)
               ->  Sort  (cost=97.82..97.82 rows=1 width=84)
                     Sort Key: (st_distance(st_transform(s_226.the_geom, 25833), schw_226.schw))
                     ->  Nested Loop  (cost=0.00..97.81 rows=1 width=84)
                           Join Filter: ((st_transform(s_226.the_geom, 25833) && st_expand(schw_226.schw, '300'::double precision)) AND (schw_226.schw && st_expand(st_transform(s_226.the_geom, 25833), '300'::double precision)) AND _st_dwithin(st_transform(s_226.the_geom, 25833), schw_226.schw, '300'::double precision))
                           ->  Function Scan on schw_226  (cost=0.00..0.01 rows=1 width=32)
                           ->  Seq Scan on phoml_trajectory_tmp s_226  (cost=0.00..95.68 rows=17 width=40)
                                 Filter: ((unix_time >= '1685451352.78'::double precision) AND (unix_time <= '1685451412.78'::double precision))
   ->  Subquery Scan on "*SELECT* 228"  (cost=97.82..97.83 rows=1 width=76)
         ->  Limit  (cost=97.82..97.82 rows=1 width=84)
               ->  Sort  (cost=97.82..97.82 rows=1 width=84)
                     Sort Key: (st_distance(st_transform(s_227.the_geom, 25833), schw_227.schw))
                     ->  Nested Loop  (cost=0.00..97.81 rows=1 width=84)
                           Join Filter: ((st_transform(s_227.the_geom, 25833) && st_expand(schw_227.schw, '300'::double precision)) AND (schw_227.schw && st_expand(st_transform(s_227.the_geom, 25833), '300'::double precision)) AND _st_dwithin(st_transform(s_227.the_geom, 25833), schw_227.schw, '300'::double precision))
                           ->  Function Scan on schw_227  (cost=0.00..0.01 rows=1 width=32)
                           ->  Seq Scan on phoml_trajectory_tmp s_227  (cost=0.00..95.68 rows=17 width=40)
                                 Filter: ((unix_time >= '1685451353.226'::double precision) AND (unix_time <= '1685451413.226'::double precision))
   ->  Subquery Scan on "*SELECT* 229"  (cost=97.82..97.83 rows=1 width=76)
         ->  Limit  (cost=97.82..97.82 rows=1 width=84)
               ->  Sort  (cost=97.82..97.82 rows=1 width=84)
                     Sort Key: (st_distance(st_transform(s_228.the_geom, 25833), schw_228.schw))
                     ->  Nested Loop  (cost=0.00..97.81 rows=1 width=84)
                           Join Filter: ((st_transform(s_228.the_geom, 25833) && st_expand(schw_228.schw, '300'::double precision)) AND (schw_228.schw && st_expand(st_transform(s_228.the_geom, 25833), '300'::double precision)) AND _st_dwithin(st_transform(s_228.the_geom, 25833), schw_228.schw, '300'::double precision))
                           ->  Function Scan on schw_228  (cost=0.00..0.01 rows=1 width=32)
                           ->  Seq Scan on phoml_trajectory_tmp s_228  (cost=0.00..95.68 rows=17 width=40)
                                 Filter: ((unix_time >= '1685451353.656'::double precision) AND (unix_time <= '1685451413.656'::double precision))
   ->  Subquery Scan on "*SELECT* 230"  (cost=97.82..97.83 rows=1 width=76)
         ->  Limit  (cost=97.82..97.82 rows=1 width=84)
               ->  Sort  (cost=97.82..97.82 rows=1 width=84)
                     Sort Key: (st_distance(st_transform(s_229.the_geom, 25833), schw_229.schw))
                     ->  Nested Loop  (cost=0.00..97.81 rows=1 width=84)
                           Join Filter: ((st_transform(s_229.the_geom, 25833) && st_expand(schw_229.schw, '300'::double precision)) AND (schw_229.schw && st_expand(st_transform(s_229.the_geom, 25833), '300'::double precision)) AND _st_dwithin(st_transform(s_229.the_geom, 25833), schw_229.schw, '300'::double precision))
                           ->  Function Scan on schw_229  (cost=0.00..0.01 rows=1 width=32)
                           ->  Seq Scan on phoml_trajectory_tmp s_229  (cost=0.00..95.68 rows=17 width=40)
                                 Filter: ((unix_time >= '1685451354.096'::double precision) AND (unix_time <= '1685451414.096'::double precision))
   ->  Subquery Scan on "*SELECT* 231"  (cost=97.82..97.83 rows=1 width=76)
         ->  Limit  (cost=97.82..97.82 rows=1 width=84)
               ->  Sort  (cost=97.82..97.82 rows=1 width=84)
                     Sort Key: (st_distance(st_transform(s_230.the_geom, 25833), schw_230.schw))
                     ->  Nested Loop  (cost=0.00..97.81 rows=1 width=84)
                           Join Filter: ((st_transform(s_230.the_geom, 25833) && st_expand(schw_230.schw, '300'::double precision)) AND (schw_230.schw && st_expand(st_transform(s_230.the_geom, 25833), '300'::double precision)) AND _st_dwithin(st_transform(s_230.the_geom, 25833), schw_230.schw, '300'::double precision))
                           ->  Function Scan on schw_230  (cost=0.00..0.01 rows=1 width=32)
                           ->  Seq Scan on phoml_trajectory_tmp s_230  (cost=0.00..95.68 rows=17 width=40)
                                 Filter: ((unix_time >= '1685451354.522'::double precision) AND (unix_time <= '1685451414.522'::double precision))
   ->  Subquery Scan on "*SELECT* 232"  (cost=97.82..97.83 rows=1 width=76)
         ->  Limit  (cost=97.82..97.82 rows=1 width=84)
               ->  Sort  (cost=97.82..97.82 rows=1 width=84)
                     Sort Key: (st_distance(st_transform(s_231.the_geom, 25833), schw_231.schw))
                     ->  Nested Loop  (cost=0.00..97.81 rows=1 width=84)
                           Join Filter: ((st_transform(s_231.the_geom, 25833) && st_expand(schw_231.schw, '300'::double precision)) AND (schw_231.schw && st_expand(st_transform(s_231.the_geom, 25833), '300'::double precision)) AND _st_dwithin(st_transform(s_231.the_geom, 25833), schw_231.schw, '300'::double precision))
                           ->  Function Scan on schw_231  (cost=0.00..0.01 rows=1 width=32)
                           ->  Seq Scan on phoml_trajectory_tmp s_231  (cost=0.00..95.68 rows=17 width=40)
                                 Filter: ((unix_time >= '1685451354.942'::double precision) AND (unix_time <= '1685451414.942'::double precision))
   ->  Subquery Scan on "*SELECT* 233"  (cost=97.82..97.83 rows=1 width=76)
         ->  Limit  (cost=97.82..97.82 rows=1 width=84)
               ->  Sort  (cost=97.82..97.82 rows=1 width=84)
                     Sort Key: (st_distance(st_transform(s_232.the_geom, 25833), schw_232.schw))
                     ->  Nested Loop  (cost=0.00..97.81 rows=1 width=84)
                           Join Filter: ((st_transform(s_232.the_geom, 25833) && st_expand(schw_232.schw, '300'::double precision)) AND (schw_232.schw && st_expand(st_transform(s_232.the_geom, 25833), '300'::double precision)) AND _st_dwithin(st_transform(s_232.the_geom, 25833), schw_232.schw, '300'::double precision))
                           ->  Function Scan on schw_232  (cost=0.00..0.01 rows=1 width=32)
                           ->  Seq Scan on phoml_trajectory_tmp s_232  (cost=0.00..95.68 rows=17 width=40)
                                 Filter: ((unix_time >= '1685451355.368'::double precision) AND (unix_time <= '1685451415.368'::double precision))
   ->  Subquery Scan on "*SELECT* 234"  (cost=97.82..97.83 rows=1 width=76)
         ->  Limit  (cost=97.82..97.82 rows=1 width=84)
               ->  Sort  (cost=97.82..97.82 rows=1 width=84)
                     Sort Key: (st_distance(st_transform(s_233.the_geom, 25833), schw_233.schw))
                     ->  Nested Loop  (cost=0.00..97.81 rows=1 width=84)
                           Join Filter: ((st_transform(s_233.the_geom, 25833) && st_expand(schw_233.schw, '300'::double precision)) AND (schw_233.schw && st_expand(st_transform(s_233.the_geom, 25833), '300'::double precision)) AND _st_dwithin(st_transform(s_233.the_geom, 25833), schw_233.schw, '300'::double precision))
                           ->  Function Scan on schw_233  (cost=0.00..0.01 rows=1 width=32)
                           ->  Seq Scan on phoml_trajectory_tmp s_233  (cost=0.00..95.68 rows=17 width=40)
                                 Filter: ((unix_time >= '1685451355.788'::double precision) AND (unix_time <= '1685451415.788'::double precision))
   ->  Subquery Scan on "*SELECT* 235"  (cost=97.82..97.83 rows=1 width=76)
         ->  Limit  (cost=97.82..97.82 rows=1 width=84)
               ->  Sort  (cost=97.82..97.82 rows=1 width=84)
                     Sort Key: (st_distance(st_transform(s_234.the_geom, 25833), schw_234.schw))
                     ->  Nested Loop  (cost=0.00..97.81 rows=1 width=84)
                           Join Filter: ((st_transform(s_234.the_geom, 25833) && st_expand(schw_234.schw, '300'::double precision)) AND (schw_234.schw && st_expand(st_transform(s_234.the_geom, 25833), '300'::double precision)) AND _st_dwithin(st_transform(s_234.the_geom, 25833), schw_234.schw, '300'::double precision))
                           ->  Function Scan on schw_234  (cost=0.00..0.01 rows=1 width=32)
                           ->  Seq Scan on phoml_trajectory_tmp s_234  (cost=0.00..95.68 rows=17 width=40)
                                 Filter: ((unix_time >= '1685451356.207'::double precision) AND (unix_time <= '1685451416.207'::double precision))
   ->  Subquery Scan on "*SELECT* 236"  (cost=97.82..97.83 rows=1 width=76)
         ->  Limit  (cost=97.82..97.82 rows=1 width=84)
               ->  Sort  (cost=97.82..97.82 rows=1 width=84)
                     Sort Key: (st_distance(st_transform(s_235.the_geom, 25833), schw_235.schw))
                     ->  Nested Loop  (cost=0.00..97.81 rows=1 width=84)
                           Join Filter: ((st_transform(s_235.the_geom, 25833) && st_expand(schw_235.schw, '300'::double precision)) AND (schw_235.schw && st_expand(st_transform(s_235.the_geom, 25833), '300'::double precision)) AND _st_dwithin(st_transform(s_235.the_geom, 25833), schw_235.schw, '300'::double precision))
                           ->  Function Scan on schw_235  (cost=0.00..0.01 rows=1 width=32)
                           ->  Seq Scan on phoml_trajectory_tmp s_235  (cost=0.00..95.68 rows=17 width=40)
                                 Filter: ((unix_time >= '1685451356.627'::double precision) AND (unix_time <= '1685451416.627'::double precision))
   ->  Subquery Scan on "*SELECT* 237"  (cost=97.82..97.83 rows=1 width=76)
         ->  Limit  (cost=97.82..97.82 rows=1 width=84)
               ->  Sort  (cost=97.82..97.82 rows=1 width=84)
                     Sort Key: (st_distance(st_transform(s_236.the_geom, 25833), schw_236.schw))
                     ->  Nested Loop  (cost=0.00..97.81 rows=1 width=84)
                           Join Filter: ((st_transform(s_236.the_geom, 25833) && st_expand(schw_236.schw, '300'::double precision)) AND (schw_236.schw && st_expand(st_transform(s_236.the_geom, 25833), '300'::double precision)) AND _st_dwithin(st_transform(s_236.the_geom, 25833), schw_236.schw, '300'::double precision))
                           ->  Function Scan on schw_236  (cost=0.00..0.01 rows=1 width=32)
                           ->  Seq Scan on phoml_trajectory_tmp s_236  (cost=0.00..95.68 rows=17 width=40)
                                 Filter: ((unix_time >= '1685451357.037'::double precision) AND (unix_time <= '1685451417.037'::double precision))
   ->  Subquery Scan on "*SELECT* 238"  (cost=97.82..97.83 rows=1 width=76)
         ->  Limit  (cost=97.82..97.82 rows=1 width=84)
               ->  Sort  (cost=97.82..97.82 rows=1 width=84)
                     Sort Key: (st_distance(st_transform(s_237.the_geom, 25833), schw_237.schw))
                     ->  Nested Loop  (cost=0.00..97.81 rows=1 width=84)
                           Join Filter: ((st_transform(s_237.the_geom, 25833) && st_expand(schw_237.schw, '300'::double precision)) AND (schw_237.schw && st_expand(st_transform(s_237.the_geom, 25833), '300'::double precision)) AND _st_dwithin(st_transform(s_237.the_geom, 25833), schw_237.schw, '300'::double precision))
                           ->  Function Scan on schw_237  (cost=0.00..0.01 rows=1 width=32)
                           ->  Seq Scan on phoml_trajectory_tmp s_237  (cost=0.00..95.68 rows=17 width=40)
                                 Filter: ((unix_time >= '1685451357.455'::double precision) AND (unix_time <= '1685451417.455'::double precision))
   ->  Subquery Scan on "*SELECT* 239"  (cost=97.82..97.83 rows=1 width=76)
         ->  Limit  (cost=97.82..97.82 rows=1 width=84)
               ->  Sort  (cost=97.82..97.82 rows=1 width=84)
                     Sort Key: (st_distance(st_transform(s_238.the_geom, 25833), schw_238.schw))
                     ->  Nested Loop  (cost=0.00..97.81 rows=1 width=84)
                           Join Filter: ((st_transform(s_238.the_geom, 25833) && st_expand(schw_238.schw, '300'::double precision)) AND (schw_238.schw && st_expand(st_transform(s_238.the_geom, 25833), '300'::double precision)) AND _st_dwithin(st_transform(s_238.the_geom, 25833), schw_238.schw, '300'::double precision))
                           ->  Function Scan on schw_238  (cost=0.00..0.01 rows=1 width=32)
                           ->  Seq Scan on phoml_trajectory_tmp s_238  (cost=0.00..95.68 rows=17 width=40)
                                 Filter: ((unix_time >= '1685451357.865'::double precision) AND (unix_time <= '1685451417.865'::double precision))
   ->  Subquery Scan on "*SELECT* 240"  (cost=97.82..97.83 rows=1 width=76)
         ->  Limit  (cost=97.82..97.82 rows=1 width=84)
               ->  Sort  (cost=97.82..97.82 rows=1 width=84)
                     Sort Key: (st_distance(st_transform(s_239.the_geom, 25833), schw_239.schw))
                     ->  Nested Loop  (cost=0.00..97.81 rows=1 width=84)
                           Join Filter: ((st_transform(s_239.the_geom, 25833) && st_expand(schw_239.schw, '300'::double precision)) AND (schw_239.schw && st_expand(st_transform(s_239.the_geom, 25833), '300'::double precision)) AND _st_dwithin(st_transform(s_239.the_geom, 25833), schw_239.schw, '300'::double precision))
                           ->  Function Scan on schw_239  (cost=0.00..0.01 rows=1 width=32)
                           ->  Seq Scan on phoml_trajectory_tmp s_239  (cost=0.00..95.68 rows=17 width=40)
                                 Filter: ((unix_time >= '1685451358.291'::double precision) AND (unix_time <= '1685451418.291'::double precision))
   ->  Subquery Scan on "*SELECT* 241"  (cost=97.82..97.83 rows=1 width=76)
         ->  Limit  (cost=97.82..97.82 rows=1 width=84)
               ->  Sort  (cost=97.82..97.82 rows=1 width=84)
                     Sort Key: (st_distance(st_transform(s_240.the_geom, 25833), schw_240.schw))
                     ->  Nested Loop  (cost=0.00..97.81 rows=1 width=84)
                           Join Filter: ((st_transform(s_240.the_geom, 25833) && st_expand(schw_240.schw, '300'::double precision)) AND (schw_240.schw && st_expand(st_transform(s_240.the_geom, 25833), '300'::double precision)) AND _st_dwithin(st_transform(s_240.the_geom, 25833), schw_240.schw, '300'::double precision))
                           ->  Function Scan on schw_240  (cost=0.00..0.01 rows=1 width=32)
                           ->  Seq Scan on phoml_trajectory_tmp s_240  (cost=0.00..95.68 rows=17 width=40)
                                 Filter: ((unix_time >= '1685451358.711'::double precision) AND (unix_time <= '1685451418.711'::double precision))
   ->  Subquery Scan on "*SELECT* 242"  (cost=97.82..97.83 rows=1 width=76)
         ->  Limit  (cost=97.82..97.82 rows=1 width=84)
               ->  Sort  (cost=97.82..97.82 rows=1 width=84)
                     Sort Key: (st_distance(st_transform(s_241.the_geom, 25833), schw_241.schw))
                     ->  Nested Loop  (cost=0.00..97.81 rows=1 width=84)
                           Join Filter: ((st_transform(s_241.the_geom, 25833) && st_expand(schw_241.schw, '300'::double precision)) AND (schw_241.schw && st_expand(st_transform(s_241.the_geom, 25833), '300'::double precision)) AND _st_dwithin(st_transform(s_241.the_geom, 25833), schw_241.schw, '300'::double precision))
                           ->  Function Scan on schw_241  (cost=0.00..0.01 rows=1 width=32)
                           ->  Seq Scan on phoml_trajectory_tmp s_241  (cost=0.00..95.68 rows=17 width=40)
                                 Filter: ((unix_time >= '1685451359.15'::double precision) AND (unix_time <= '1685451419.15'::double precision))
   ->  Subquery Scan on "*SELECT* 243"  (cost=97.82..97.83 rows=1 width=76)
         ->  Limit  (cost=97.82..97.82 rows=1 width=84)
               ->  Sort  (cost=97.82..97.82 rows=1 width=84)
                     Sort Key: (st_distance(st_transform(s_242.the_geom, 25833), schw_242.schw))
                     ->  Nested Loop  (cost=0.00..97.81 rows=1 width=84)
                           Join Filter: ((st_transform(s_242.the_geom, 25833) && st_expand(schw_242.schw, '300'::double precision)) AND (schw_242.schw && st_expand(st_transform(s_242.the_geom, 25833), '300'::double precision)) AND _st_dwithin(st_transform(s_242.the_geom, 25833), schw_242.schw, '300'::double precision))
                           ->  Function Scan on schw_242  (cost=0.00..0.01 rows=1 width=32)
                           ->  Seq Scan on phoml_trajectory_tmp s_242  (cost=0.00..95.68 rows=17 width=40)
                                 Filter: ((unix_time >= '1685451359.57'::double precision) AND (unix_time <= '1685451419.57'::double precision))
   ->  Subquery Scan on "*SELECT* 244"  (cost=97.82..97.83 rows=1 width=76)
         ->  Limit  (cost=97.82..97.82 rows=1 width=84)
               ->  Sort  (cost=97.82..97.82 rows=1 width=84)
                     Sort Key: (st_distance(st_transform(s_243.the_geom, 25833), schw_243.schw))
                     ->  Nested Loop  (cost=0.00..97.81 rows=1 width=84)
                           Join Filter: ((st_transform(s_243.the_geom, 25833) && st_expand(schw_243.schw, '300'::double precision)) AND (schw_243.schw && st_expand(st_transform(s_243.the_geom, 25833), '300'::double precision)) AND _st_dwithin(st_transform(s_243.the_geom, 25833), schw_243.schw, '300'::double precision))
                           ->  Function Scan on schw_243  (cost=0.00..0.01 rows=1 width=32)
                           ->  Seq Scan on phoml_trajectory_tmp s_243  (cost=0.00..95.68 rows=17 width=40)
                                 Filter: ((unix_time >= '1685451360'::double precision) AND (unix_time <= '1685451420'::double precision))
   ->  Subquery Scan on "*SELECT* 245"  (cost=97.82..97.83 rows=1 width=76)
         ->  Limit  (cost=97.82..97.82 rows=1 width=84)
               ->  Sort  (cost=97.82..97.82 rows=1 width=84)
                     Sort Key: (st_distance(st_transform(s_244.the_geom, 25833), schw_244.schw))
                     ->  Nested Loop  (cost=0.00..97.81 rows=1 width=84)
                           Join Filter: ((st_transform(s_244.the_geom, 25833) && st_expand(schw_244.schw, '300'::double precision)) AND (schw_244.schw && st_expand(st_transform(s_244.the_geom, 25833), '300'::double precision)) AND _st_dwithin(st_transform(s_244.the_geom, 25833), schw_244.schw, '300'::double precision))
                           ->  Function Scan on schw_244  (cost=0.00..0.01 rows=1 width=32)
                           ->  Seq Scan on phoml_trajectory_tmp s_244  (cost=0.00..95.68 rows=17 width=40)
                                 Filter: ((unix_time >= '1685451360.44'::double precision) AND (unix_time <= '1685451420.44'::double precision))
   ->  Subquery Scan on "*SELECT* 246"  (cost=97.82..97.83 rows=1 width=76)
         ->  Limit  (cost=97.82..97.82 rows=1 width=84)
               ->  Sort  (cost=97.82..97.82 rows=1 width=84)
                     Sort Key: (st_distance(st_transform(s_245.the_geom, 25833), schw_245.schw))
                     ->  Nested Loop  (cost=0.00..97.81 rows=1 width=84)
                           Join Filter: ((st_transform(s_245.the_geom, 25833) && st_expand(schw_245.schw, '300'::double precision)) AND (schw_245.schw && st_expand(st_transform(s_245.the_geom, 25833), '300'::double precision)) AND _st_dwithin(st_transform(s_245.the_geom, 25833), schw_245.schw, '300'::double precision))
                           ->  Function Scan on schw_245  (cost=0.00..0.01 rows=1 width=32)
                           ->  Seq Scan on phoml_trajectory_tmp s_245  (cost=0.00..95.68 rows=17 width=40)
                                 Filter: ((unix_time >= '1685451360.88'::double precision) AND (unix_time <= '1685451420.88'::double precision))
   ->  Subquery Scan on "*SELECT* 247"  (cost=97.82..97.83 rows=1 width=76)
         ->  Limit  (cost=97.82..97.82 rows=1 width=84)
               ->  Sort  (cost=97.82..97.82 rows=1 width=84)
                     Sort Key: (st_distance(st_transform(s_246.the_geom, 25833), schw_246.schw))
                     ->  Nested Loop  (cost=0.00..97.81 rows=1 width=84)
                           Join Filter: ((st_transform(s_246.the_geom, 25833) && st_expand(schw_246.schw, '300'::double precision)) AND (schw_246.schw && st_expand(st_transform(s_246.the_geom, 25833), '300'::double precision)) AND _st_dwithin(st_transform(s_246.the_geom, 25833), schw_246.schw, '300'::double precision))
                           ->  Function Scan on schw_246  (cost=0.00..0.01 rows=1 width=32)
                           ->  Seq Scan on phoml_trajectory_tmp s_246  (cost=0.00..95.68 rows=17 width=40)
                                 Filter: ((unix_time >= '1685451361.316'::double precision) AND (unix_time <= '1685451421.316'::double precision))
   ->  Subquery Scan on "*SELECT* 248"  (cost=97.82..97.83 rows=1 width=76)
         ->  Limit  (cost=97.82..97.82 rows=1 width=84)
               ->  Sort  (cost=97.82..97.82 rows=1 width=84)
                     Sort Key: (st_distance(st_transform(s_247.the_geom, 25833), schw_247.schw))
                     ->  Nested Loop  (cost=0.00..97.81 rows=1 width=84)
                           Join Filter: ((st_transform(s_247.the_geom, 25833) && st_expand(schw_247.schw, '300'::double precision)) AND (schw_247.schw && st_expand(st_transform(s_247.the_geom, 25833), '300'::double precision)) AND _st_dwithin(st_transform(s_247.the_geom, 25833), schw_247.schw, '300'::double precision))
                           ->  Function Scan on schw_247  (cost=0.00..0.01 rows=1 width=32)
                           ->  Seq Scan on phoml_trajectory_tmp s_247  (cost=0.00..95.68 rows=17 width=40)
                                 Filter: ((unix_time >= '1685451361.756'::double precision) AND (unix_time <= '1685451421.756'::double precision))
   ->  Subquery Scan on "*SELECT* 249"  (cost=97.82..97.83 rows=1 width=76)
         ->  Limit  (cost=97.82..97.82 rows=1 width=84)
               ->  Sort  (cost=97.82..97.82 rows=1 width=84)
                     Sort Key: (st_distance(st_transform(s_248.the_geom, 25833), schw_248.schw))
                     ->  Nested Loop  (cost=0.00..97.81 rows=1 width=84)
                           Join Filter: ((st_transform(s_248.the_geom, 25833) && st_expand(schw_248.schw, '300'::double precision)) AND (schw_248.schw && st_expand(st_transform(s_248.the_geom, 25833), '300'::double precision)) AND _st_dwithin(st_transform(s_248.the_geom, 25833), schw_248.schw, '300'::double precision))
                           ->  Function Scan on schw_248  (cost=0.00..0.01 rows=1 width=32)
                           ->  Seq Scan on phoml_trajectory_tmp s_248  (cost=0.00..95.68 rows=17 width=40)
                                 Filter: ((unix_time >= '1685451362.188'::double precision) AND (unix_time <= '1685451422.188'::double precision))
   ->  Subquery Scan on "*SELECT* 250"  (cost=97.82..97.83 rows=1 width=76)
         ->  Limit  (cost=97.82..97.82 rows=1 width=84)
               ->  Sort  (cost=97.82..97.82 rows=1 width=84)
                     Sort Key: (st_distance(st_transform(s_249.the_geom, 25833), schw_249.schw))
                     ->  Nested Loop  (cost=0.00..97.81 rows=1 width=84)
                           Join Filter: ((st_transform(s_249.the_geom, 25833) && st_expand(schw_249.schw, '300'::double precision)) AND (schw_249.schw && st_expand(st_transform(s_249.the_geom, 25833), '300'::double precision)) AND _st_dwithin(st_transform(s_249.the_geom, 25833), schw_249.schw, '300'::double precision))
                           ->  Function Scan on schw_249  (cost=0.00..0.01 rows=1 width=32)
                           ->  Seq Scan on phoml_trajectory_tmp s_249  (cost=0.00..95.68 rows=17 width=40)
                                 Filter: ((unix_time >= '1685451362.618'::double precision) AND (unix_time <= '1685451422.618'::double precision))
   ->  Subquery Scan on "*SELECT* 251"  (cost=97.82..97.83 rows=1 width=76)
         ->  Limit  (cost=97.82..97.82 rows=1 width=84)
               ->  Sort  (cost=97.82..97.82 rows=1 width=84)
                     Sort Key: (st_distance(st_transform(s_250.the_geom, 25833), schw_250.schw))
                     ->  Nested Loop  (cost=0.00..97.81 rows=1 width=84)
                           Join Filter: ((st_transform(s_250.the_geom, 25833) && st_expand(schw_250.schw, '300'::double precision)) AND (schw_250.schw && st_expand(st_transform(s_250.the_geom, 25833), '300'::double precision)) AND _st_dwithin(st_transform(s_250.the_geom, 25833), schw_250.schw, '300'::double precision))
                           ->  Function Scan on schw_250  (cost=0.00..0.01 rows=1 width=32)
                           ->  Seq Scan on phoml_trajectory_tmp s_250  (cost=0.00..95.68 rows=17 width=40)
                                 Filter: ((unix_time >= '1685451363.038'::double precision) AND (unix_time <= '1685451423.038'::double precision))
   ->  Subquery Scan on "*SELECT* 252"  (cost=97.82..97.83 rows=1 width=76)
         ->  Limit  (cost=97.82..97.82 rows=1 width=84)
               ->  Sort  (cost=97.82..97.82 rows=1 width=84)
                     Sort Key: (st_distance(st_transform(s_251.the_geom, 25833), schw_251.schw))
                     ->  Nested Loop  (cost=0.00..97.81 rows=1 width=84)
                           Join Filter: ((st_transform(s_251.the_geom, 25833) && st_expand(schw_251.schw, '300'::double precision)) AND (schw_251.schw && st_expand(st_transform(s_251.the_geom, 25833), '300'::double precision)) AND _st_dwithin(st_transform(s_251.the_geom, 25833), schw_251.schw, '300'::double precision))
                           ->  Function Scan on schw_251  (cost=0.00..0.01 rows=1 width=32)
                           ->  Seq Scan on phoml_trajectory_tmp s_251  (cost=0.00..95.68 rows=17 width=40)
                                 Filter: ((unix_time >= '1685451363.464'::double precision) AND (unix_time <= '1685451423.464'::double precision))
   ->  Subquery Scan on "*SELECT* 253"  (cost=97.82..97.83 rows=1 width=76)
         ->  Limit  (cost=97.82..97.82 rows=1 width=84)
               ->  Sort  (cost=97.82..97.82 rows=1 width=84)
                     Sort Key: (st_distance(st_transform(s_252.the_geom, 25833), schw_252.schw))
                     ->  Nested Loop  (cost=0.00..97.81 rows=1 width=84)
                           Join Filter: ((st_transform(s_252.the_geom, 25833) && st_expand(schw_252.schw, '300'::double precision)) AND (schw_252.schw && st_expand(st_transform(s_252.the_geom, 25833), '300'::double precision)) AND _st_dwithin(st_transform(s_252.the_geom, 25833), schw_252.schw, '300'::double precision))
                           ->  Function Scan on schw_252  (cost=0.00..0.01 rows=1 width=32)
                           ->  Seq Scan on phoml_trajectory_tmp s_252  (cost=0.00..95.68 rows=17 width=40)
                                 Filter: ((unix_time >= '1685451363.884'::double precision) AND (unix_time <= '1685451423.884'::double precision))
   ->  Subquery Scan on "*SELECT* 254"  (cost=97.82..97.83 rows=1 width=76)
         ->  Limit  (cost=97.82..97.82 rows=1 width=84)
               ->  Sort  (cost=97.82..97.82 rows=1 width=84)
                     Sort Key: (st_distance(st_transform(s_253.the_geom, 25833), schw_253.schw))
                     ->  Nested Loop  (cost=0.00..97.81 rows=1 width=84)
                           Join Filter: ((st_transform(s_253.the_geom, 25833) && st_expand(schw_253.schw, '300'::double precision)) AND (schw_253.schw && st_expand(st_transform(s_253.the_geom, 25833), '300'::double precision)) AND _st_dwithin(st_transform(s_253.the_geom, 25833), schw_253.schw, '300'::double precision))
                           ->  Function Scan on schw_253  (cost=0.00..0.01 rows=1 width=32)
                           ->  Seq Scan on phoml_trajectory_tmp s_253  (cost=0.00..95.68 rows=17 width=40)
                                 Filter: ((unix_time >= '1685451364.289'::double precision) AND (unix_time <= '1685451424.289'::double precision))
   ->  Subquery Scan on "*SELECT* 255"  (cost=97.82..97.83 rows=1 width=76)
         ->  Limit  (cost=97.82..97.82 rows=1 width=84)
               ->  Sort  (cost=97.82..97.82 rows=1 width=84)
                     Sort Key: (st_distance(st_transform(s_254.the_geom, 25833), schw_254.schw))
                     ->  Nested Loop  (cost=0.00..97.81 rows=1 width=84)
                           Join Filter: ((st_transform(s_254.the_geom, 25833) && st_expand(schw_254.schw, '300'::double precision)) AND (schw_254.schw && st_expand(st_transform(s_254.the_geom, 25833), '300'::double precision)) AND _st_dwithin(st_transform(s_254.the_geom, 25833), schw_254.schw, '300'::double precision))
                           ->  Function Scan on schw_254  (cost=0.00..0.01 rows=1 width=32)
                           ->  Seq Scan on phoml_trajectory_tmp s_254  (cost=0.00..95.68 rows=17 width=40)
                                 Filter: ((unix_time >= '1685451364.709'::double precision) AND (unix_time <= '1685451424.709'::double precision))
   ->  Subquery Scan on "*SELECT* 256"  (cost=97.82..97.83 rows=1 width=76)
         ->  Limit  (cost=97.82..97.82 rows=1 width=84)
               ->  Sort  (cost=97.82..97.82 rows=1 width=84)
                     Sort Key: (st_distance(st_transform(s_255.the_geom, 25833), schw_255.schw))
                     ->  Nested Loop  (cost=0.00..97.81 rows=1 width=84)
                           Join Filter: ((st_transform(s_255.the_geom, 25833) && st_expand(schw_255.schw, '300'::double precision)) AND (schw_255.schw && st_expand(st_transform(s_255.the_geom, 25833), '300'::double precision)) AND _st_dwithin(st_transform(s_255.the_geom, 25833), schw_255.schw, '300'::double precision))
                           ->  Function Scan on schw_255  (cost=0.00..0.01 rows=1 width=32)
                           ->  Seq Scan on phoml_trajectory_tmp s_255  (cost=0.00..95.68 rows=17 width=40)
                                 Filter: ((unix_time >= '1685451365.109'::double precision) AND (unix_time <= '1685451425.109'::double precision))
   ->  Subquery Scan on "*SELECT* 257"  (cost=97.82..97.83 rows=1 width=76)
         ->  Limit  (cost=97.82..97.82 rows=1 width=84)
               ->  Sort  (cost=97.82..97.82 rows=1 width=84)
                     Sort Key: (st_distance(st_transform(s_256.the_geom, 25833), schw_256.schw))
                     ->  Nested Loop  (cost=0.00..97.81 rows=1 width=84)
                           Join Filter: ((st_transform(s_256.the_geom, 25833) && st_expand(schw_256.schw, '300'::double precision)) AND (schw_256.schw && st_expand(st_transform(s_256.the_geom, 25833), '300'::double precision)) AND _st_dwithin(st_transform(s_256.the_geom, 25833), schw_256.schw, '300'::double precision))
                           ->  Function Scan on schw_256  (cost=0.00..0.01 rows=1 width=32)
                           ->  Seq Scan on phoml_trajectory_tmp s_256  (cost=0.00..95.68 rows=17 width=40)
                                 Filter: ((unix_time >= '1685451365.514'::double precision) AND (unix_time <= '1685451425.514'::double precision))
   ->  Subquery Scan on "*SELECT* 258"  (cost=97.82..97.83 rows=1 width=76)
         ->  Limit  (cost=97.82..97.82 rows=1 width=84)
               ->  Sort  (cost=97.82..97.82 rows=1 width=84)
                     Sort Key: (st_distance(st_transform(s_257.the_geom, 25833), schw_257.schw))
                     ->  Nested Loop  (cost=0.00..97.81 rows=1 width=84)
                           Join Filter: ((st_transform(s_257.the_geom, 25833) && st_expand(schw_257.schw, '300'::double precision)) AND (schw_257.schw && st_expand(st_transform(s_257.the_geom, 25833), '300'::double precision)) AND _st_dwithin(st_transform(s_257.the_geom, 25833), schw_257.schw, '300'::double precision))
                           ->  Function Scan on schw_257  (cost=0.00..0.01 rows=1 width=32)
                           ->  Seq Scan on phoml_trajectory_tmp s_257  (cost=0.00..95.68 rows=17 width=40)
                                 Filter: ((unix_time >= '1685451365.914'::double precision) AND (unix_time <= '1685451425.914'::double precision))
   ->  Subquery Scan on "*SELECT* 259"  (cost=97.82..97.83 rows=1 width=76)
         ->  Limit  (cost=97.82..97.82 rows=1 width=84)
               ->  Sort  (cost=97.82..97.82 rows=1 width=84)
                     Sort Key: (st_distance(st_transform(s_258.the_geom, 25833), schw_258.schw))
                     ->  Nested Loop  (cost=0.00..97.81 rows=1 width=84)
                           Join Filter: ((st_transform(s_258.the_geom, 25833) && st_expand(schw_258.schw, '300'::double precision)) AND (schw_258.schw && st_expand(st_transform(s_258.the_geom, 25833), '300'::double precision)) AND _st_dwithin(st_transform(s_258.the_geom, 25833), schw_258.schw, '300'::double precision))
                           ->  Function Scan on schw_258  (cost=0.00..0.01 rows=1 width=32)
                           ->  Seq Scan on phoml_trajectory_tmp s_258  (cost=0.00..95.68 rows=17 width=40)
                                 Filter: ((unix_time >= '1685451366.297'::double precision) AND (unix_time <= '1685451426.297'::double precision))
   ->  Subquery Scan on "*SELECT* 260"  (cost=97.82..97.83 rows=1 width=76)
         ->  Limit  (cost=97.82..97.82 rows=1 width=84)
               ->  Sort  (cost=97.82..97.82 rows=1 width=84)
                     Sort Key: (st_distance(st_transform(s_259.the_geom, 25833), schw_259.schw))
                     ->  Nested Loop  (cost=0.00..97.81 rows=1 width=84)
                           Join Filter: ((st_transform(s_259.the_geom, 25833) && st_expand(schw_259.schw, '300'::double precision)) AND (schw_259.schw && st_expand(st_transform(s_259.the_geom, 25833), '300'::double precision)) AND _st_dwithin(st_transform(s_259.the_geom, 25833), schw_259.schw, '300'::double precision))
                           ->  Function Scan on schw_259  (cost=0.00..0.01 rows=1 width=32)
                           ->  Seq Scan on phoml_trajectory_tmp s_259  (cost=0.00..95.68 rows=17 width=40)
                                 Filter: ((unix_time >= '1685451366.697'::double precision) AND (unix_time <= '1685451426.697'::double precision))
   ->  Subquery Scan on "*SELECT* 261"  (cost=97.82..97.83 rows=1 width=76)
         ->  Limit  (cost=97.82..97.82 rows=1 width=84)
               ->  Sort  (cost=97.82..97.82 rows=1 width=84)
                     Sort Key: (st_distance(st_transform(s_260.the_geom, 25833), schw_260.schw))
                     ->  Nested Loop  (cost=0.00..97.81 rows=1 width=84)
                           Join Filter: ((st_transform(s_260.the_geom, 25833) && st_expand(schw_260.schw, '300'::double precision)) AND (schw_260.schw && st_expand(st_transform(s_260.the_geom, 25833), '300'::double precision)) AND _st_dwithin(st_transform(s_260.the_geom, 25833), schw_260.schw, '300'::double precision))
                           ->  Function Scan on schw_260  (cost=0.00..0.01 rows=1 width=32)
                           ->  Seq Scan on phoml_trajectory_tmp s_260  (cost=0.00..95.68 rows=17 width=40)
                                 Filter: ((unix_time >= '1685451367.077'::double precision) AND (unix_time <= '1685451427.077'::double precision))
   ->  Subquery Scan on "*SELECT* 262"  (cost=97.82..97.83 rows=1 width=76)
         ->  Limit  (cost=97.82..97.82 rows=1 width=84)
               ->  Sort  (cost=97.82..97.82 rows=1 width=84)
                     Sort Key: (st_distance(st_transform(s_261.the_geom, 25833), schw_261.schw))
                     ->  Nested Loop  (cost=0.00..97.81 rows=1 width=84)
                           Join Filter: ((st_transform(s_261.the_geom, 25833) && st_expand(schw_261.schw, '300'::double precision)) AND (schw_261.schw && st_expand(st_transform(s_261.the_geom, 25833), '300'::double precision)) AND _st_dwithin(st_transform(s_261.the_geom, 25833), schw_261.schw, '300'::double precision))
                           ->  Function Scan on schw_261  (cost=0.00..0.01 rows=1 width=32)
                           ->  Seq Scan on phoml_trajectory_tmp s_261  (cost=0.00..95.68 rows=17 width=40)
                                 Filter: ((unix_time >= '1685451367.457'::double precision) AND (unix_time <= '1685451427.457'::double precision))
   ->  Subquery Scan on "*SELECT* 263"  (cost=97.82..97.83 rows=1 width=76)
         ->  Limit  (cost=97.82..97.82 rows=1 width=84)
               ->  Sort  (cost=97.82..97.82 rows=1 width=84)
                     Sort Key: (st_distance(st_transform(s_262.the_geom, 25833), schw_262.schw))
                     ->  Nested Loop  (cost=0.00..97.81 rows=1 width=84)
                           Join Filter: ((st_transform(s_262.the_geom, 25833) && st_expand(schw_262.schw, '300'::double precision)) AND (schw_262.schw && st_expand(st_transform(s_262.the_geom, 25833), '300'::double precision)) AND _st_dwithin(st_transform(s_262.the_geom, 25833), schw_262.schw, '300'::double precision))
                           ->  Function Scan on schw_262  (cost=0.00..0.01 rows=1 width=32)
                           ->  Seq Scan on phoml_trajectory_tmp s_262  (cost=0.00..95.68 rows=17 width=40)
                                 Filter: ((unix_time >= '1685451367.837'::double precision) AND (unix_time <= '1685451427.837'::double precision))
   ->  Subquery Scan on "*SELECT* 264"  (cost=97.82..97.83 rows=1 width=76)
         ->  Limit  (cost=97.82..97.82 rows=1 width=84)
               ->  Sort  (cost=97.82..97.82 rows=1 width=84)
                     Sort Key: (st_distance(st_transform(s_263.the_geom, 25833), schw_263.schw))
                     ->  Nested Loop  (cost=0.00..97.81 rows=1 width=84)
                           Join Filter: ((st_transform(s_263.the_geom, 25833) && st_expand(schw_263.schw, '300'::double precision)) AND (schw_263.schw && st_expand(st_transform(s_263.the_geom, 25833), '300'::double precision)) AND _st_dwithin(st_transform(s_263.the_geom, 25833), schw_263.schw, '300'::double precision))
                           ->  Function Scan on schw_263  (cost=0.00..0.01 rows=1 width=32)
                           ->  Seq Scan on phoml_trajectory_tmp s_263  (cost=0.00..95.68 rows=17 width=40)
                                 Filter: ((unix_time >= '1685451368.204'::double precision) AND (unix_time <= '1685451428.204'::double precision))
   ->  Subquery Scan on "*SELECT* 265"  (cost=97.82..97.83 rows=1 width=76)
         ->  Limit  (cost=97.82..97.82 rows=1 width=84)
               ->  Sort  (cost=97.82..97.82 rows=1 width=84)
                     Sort Key: (st_distance(st_transform(s_264.the_geom, 25833), schw_264.schw))
                     ->  Nested Loop  (cost=0.00..97.81 rows=1 width=84)
                           Join Filter: ((st_transform(s_264.the_geom, 25833) && st_expand(schw_264.schw, '300'::double precision)) AND (schw_264.schw && st_expand(st_transform(s_264.the_geom, 25833), '300'::double precision)) AND _st_dwithin(st_transform(s_264.the_geom, 25833), schw_264.schw, '300'::double precision))
                           ->  Function Scan on schw_264  (cost=0.00..0.01 rows=1 width=32)
                           ->  Seq Scan on phoml_trajectory_tmp s_264  (cost=0.00..95.68 rows=17 width=40)
                                 Filter: ((unix_time >= '1685451368.574'::double precision) AND (unix_time <= '1685451428.574'::double precision))
   ->  Subquery Scan on "*SELECT* 266"  (cost=97.82..97.83 rows=1 width=76)
         ->  Limit  (cost=97.82..97.82 rows=1 width=84)
               ->  Sort  (cost=97.82..97.82 rows=1 width=84)
                     Sort Key: (st_distance(st_transform(s_265.the_geom, 25833), schw_265.schw))
                     ->  Nested Loop  (cost=0.00..97.81 rows=1 width=84)
                           Join Filter: ((st_transform(s_265.the_geom, 25833) && st_expand(schw_265.schw, '300'::double precision)) AND (schw_265.schw && st_expand(st_transform(s_265.the_geom, 25833), '300'::double precision)) AND _st_dwithin(st_transform(s_265.the_geom, 25833), schw_265.schw, '300'::double precision))
                           ->  Function Scan on schw_265  (cost=0.00..0.01 rows=1 width=32)
                           ->  Seq Scan on phoml_trajectory_tmp s_265  (cost=0.00..95.68 rows=17 width=40)
                                 Filter: ((unix_time >= '1685451368.944'::double precision) AND (unix_time <= '1685451428.944'::double precision))
   ->  Subquery Scan on "*SELECT* 267"  (cost=97.82..97.83 rows=1 width=76)
         ->  Limit  (cost=97.82..97.82 rows=1 width=84)
               ->  Sort  (cost=97.82..97.82 rows=1 width=84)
                     Sort Key: (st_distance(st_transform(s_266.the_geom, 25833), schw_266.schw))
                     ->  Nested Loop  (cost=0.00..97.81 rows=1 width=84)
                           Join Filter: ((st_transform(s_266.the_geom, 25833) && st_expand(schw_266.schw, '300'::double precision)) AND (schw_266.schw && st_expand(st_transform(s_266.the_geom, 25833), '300'::double precision)) AND _st_dwithin(st_transform(s_266.the_geom, 25833), schw_266.schw, '300'::double precision))
                           ->  Function Scan on schw_266  (cost=0.00..0.01 rows=1 width=32)
                           ->  Seq Scan on phoml_trajectory_tmp s_266  (cost=0.00..95.68 rows=17 width=40)
                                 Filter: ((unix_time >= '1685451369.307'::double precision) AND (unix_time <= '1685451429.307'::double precision))
   ->  Subquery Scan on "*SELECT* 268"  (cost=97.82..97.83 rows=1 width=76)
         ->  Limit  (cost=97.82..97.82 rows=1 width=84)
               ->  Sort  (cost=97.82..97.82 rows=1 width=84)
                     Sort Key: (st_distance(st_transform(s_267.the_geom, 25833), schw_267.schw))
                     ->  Nested Loop  (cost=0.00..97.81 rows=1 width=84)
                           Join Filter: ((st_transform(s_267.the_geom, 25833) && st_expand(schw_267.schw, '300'::double precision)) AND (schw_267.schw && st_expand(st_transform(s_267.the_geom, 25833), '300'::double precision)) AND _st_dwithin(st_transform(s_267.the_geom, 25833), schw_267.schw, '300'::double precision))
                           ->  Function Scan on schw_267  (cost=0.00..0.01 rows=1 width=32)
                           ->  Seq Scan on phoml_trajectory_tmp s_267  (cost=0.00..95.68 rows=17 width=40)
                                 Filter: ((unix_time >= '1685451369.676'::double precision) AND (unix_time <= '1685451429.676'::double precision))
   ->  Subquery Scan on "*SELECT* 269"  (cost=97.82..97.83 rows=1 width=76)
         ->  Limit  (cost=97.82..97.82 rows=1 width=84)
               ->  Sort  (cost=97.82..97.82 rows=1 width=84)
                     Sort Key: (st_distance(st_transform(s_268.the_geom, 25833), schw_268.schw))
                     ->  Nested Loop  (cost=0.00..97.81 rows=1 width=84)
                           Join Filter: ((st_transform(s_268.the_geom, 25833) && st_expand(schw_268.schw, '300'::double precision)) AND (schw_268.schw && st_expand(st_transform(s_268.the_geom, 25833), '300'::double precision)) AND _st_dwithin(st_transform(s_268.the_geom, 25833), schw_268.schw, '300'::double precision))
                           ->  Function Scan on schw_268  (cost=0.00..0.01 rows=1 width=32)
                           ->  Seq Scan on phoml_trajectory_tmp s_268  (cost=0.00..95.68 rows=17 width=40)
                                 Filter: ((unix_time >= '1685451370.037'::double precision) AND (unix_time <= '1685451430.037'::double precision))
   ->  Subquery Scan on "*SELECT* 270"  (cost=97.82..97.83 rows=1 width=76)
         ->  Limit  (cost=97.82..97.82 rows=1 width=84)
               ->  Sort  (cost=97.82..97.82 rows=1 width=84)
                     Sort Key: (st_distance(st_transform(s_269.the_geom, 25833), schw_269.schw))
                     ->  Nested Loop  (cost=0.00..97.81 rows=1 width=84)
                           Join Filter: ((st_transform(s_269.the_geom, 25833) && st_expand(schw_269.schw, '300'::double precision)) AND (schw_269.schw && st_expand(st_transform(s_269.the_geom, 25833), '300'::double precision)) AND _st_dwithin(st_transform(s_269.the_geom, 25833), schw_269.schw, '300'::double precision))
                           ->  Function Scan on schw_269  (cost=0.00..0.01 rows=1 width=32)
                           ->  Seq Scan on phoml_trajectory_tmp s_269  (cost=0.00..95.68 rows=17 width=40)
                                 Filter: ((unix_time >= '1685451370.412'::double precision) AND (unix_time <= '1685451430.412'::double precision))
   ->  Subquery Scan on "*SELECT* 271"  (cost=97.82..97.83 rows=1 width=76)
         ->  Limit  (cost=97.82..97.82 rows=1 width=84)
               ->  Sort  (cost=97.82..97.82 rows=1 width=84)
                     Sort Key: (st_distance(st_transform(s_270.the_geom, 25833), schw_270.schw))
                     ->  Nested Loop  (cost=0.00..97.81 rows=1 width=84)
                           Join Filter: ((st_transform(s_270.the_geom, 25833) && st_expand(schw_270.schw, '300'::double precision)) AND (schw_270.schw && st_expand(st_transform(s_270.the_geom, 25833), '300'::double precision)) AND _st_dwithin(st_transform(s_270.the_geom, 25833), schw_270.schw, '300'::double precision))
                           ->  Function Scan on schw_270  (cost=0.00..0.01 rows=1 width=32)
                           ->  Seq Scan on phoml_trajectory_tmp s_270  (cost=0.00..95.68 rows=17 width=40)
                                 Filter: ((unix_time >= '1685451370.782'::double precision) AND (unix_time <= '1685451430.782'::double precision))
   ->  Subquery Scan on "*SELECT* 272"  (cost=97.82..97.83 rows=1 width=76)
         ->  Limit  (cost=97.82..97.82 rows=1 width=84)
               ->  Sort  (cost=97.82..97.82 rows=1 width=84)
                     Sort Key: (st_distance(st_transform(s_271.the_geom, 25833), schw_271.schw))
                     ->  Nested Loop  (cost=0.00..97.81 rows=1 width=84)
                           Join Filter: ((st_transform(s_271.the_geom, 25833) && st_expand(schw_271.schw, '300'::double precision)) AND (schw_271.schw && st_expand(st_transform(s_271.the_geom, 25833), '300'::double precision)) AND _st_dwithin(st_transform(s_271.the_geom, 25833), schw_271.schw, '300'::double precision))
                           ->  Function Scan on schw_271  (cost=0.00..0.01 rows=1 width=32)
                           ->  Seq Scan on phoml_trajectory_tmp s_271  (cost=0.00..95.68 rows=17 width=40)
                                 Filter: ((unix_time >= '1685451371.166'::double precision) AND (unix_time <= '1685451431.166'::double precision))
   ->  Subquery Scan on "*SELECT* 273"  (cost=97.82..97.83 rows=1 width=76)
         ->  Limit  (cost=97.82..97.82 rows=1 width=84)
               ->  Sort  (cost=97.82..97.82 rows=1 width=84)
                     Sort Key: (st_distance(st_transform(s_272.the_geom, 25833), schw_272.schw))
                     ->  Nested Loop  (cost=0.00..97.81 rows=1 width=84)
                           Join Filter: ((st_transform(s_272.the_geom, 25833) && st_expand(schw_272.schw, '300'::double precision)) AND (schw_272.schw && st_expand(st_transform(s_272.the_geom, 25833), '300'::double precision)) AND _st_dwithin(st_transform(s_272.the_geom, 25833), schw_272.schw, '300'::double precision))
                           ->  Function Scan on schw_272  (cost=0.00..0.01 rows=1 width=32)
                           ->  Seq Scan on phoml_trajectory_tmp s_272  (cost=0.00..95.68 rows=17 width=40)
                                 Filter: ((unix_time >= '1685451371.526'::double precision) AND (unix_time <= '1685451431.526'::double precision))
   ->  Subquery Scan on "*SELECT* 274"  (cost=97.82..97.83 rows=1 width=76)
         ->  Limit  (cost=97.82..97.82 rows=1 width=84)
               ->  Sort  (cost=97.82..97.82 rows=1 width=84)
                     Sort Key: (st_distance(st_transform(s_273.the_geom, 25833), schw_273.schw))
                     ->  Nested Loop  (cost=0.00..97.81 rows=1 width=84)
                           Join Filter: ((st_transform(s_273.the_geom, 25833) && st_expand(schw_273.schw, '300'::double precision)) AND (schw_273.schw && st_expand(st_transform(s_273.the_geom, 25833), '300'::double precision)) AND _st_dwithin(st_transform(s_273.the_geom, 25833), schw_273.schw, '300'::double precision))
                           ->  Function Scan on schw_273  (cost=0.00..0.01 rows=1 width=32)
                           ->  Seq Scan on phoml_trajectory_tmp s_273  (cost=0.00..95.68 rows=17 width=40)
                                 Filter: ((unix_time >= '1685451371.906'::double precision) AND (unix_time <= '1685451431.906'::double precision))
   ->  Subquery Scan on "*SELECT* 275"  (cost=97.82..97.83 rows=1 width=76)
         ->  Limit  (cost=97.82..97.82 rows=1 width=84)
               ->  Sort  (cost=97.82..97.82 rows=1 width=84)
                     Sort Key: (st_distance(st_transform(s_274.the_geom, 25833), schw_274.schw))
                     ->  Nested Loop  (cost=0.00..97.81 rows=1 width=84)
                           Join Filter: ((st_transform(s_274.the_geom, 25833) && st_expand(schw_274.schw, '300'::double precision)) AND (schw_274.schw && st_expand(st_transform(s_274.the_geom, 25833), '300'::double precision)) AND _st_dwithin(st_transform(s_274.the_geom, 25833), schw_274.schw, '300'::double precision))
                           ->  Function Scan on schw_274  (cost=0.00..0.01 rows=1 width=32)
                           ->  Seq Scan on phoml_trajectory_tmp s_274  (cost=0.00..95.68 rows=17 width=40)
                                 Filter: ((unix_time >= '1685451372.279'::double precision) AND (unix_time <= '1685451432.279'::double precision))
   ->  Subquery Scan on "*SELECT* 276"  (cost=97.82..97.83 rows=1 width=76)
         ->  Limit  (cost=97.82..97.82 rows=1 width=84)
               ->  Sort  (cost=97.82..97.82 rows=1 width=84)
                     Sort Key: (st_distance(st_transform(s_275.the_geom, 25833), schw_275.schw))
                     ->  Nested Loop  (cost=0.00..97.81 rows=1 width=84)
                           Join Filter: ((st_transform(s_275.the_geom, 25833) && st_expand(schw_275.schw, '300'::double precision)) AND (schw_275.schw && st_expand(st_transform(s_275.the_geom, 25833), '300'::double precision)) AND _st_dwithin(st_transform(s_275.the_geom, 25833), schw_275.schw, '300'::double precision))
                           ->  Function Scan on schw_275  (cost=0.00..0.01 rows=1 width=32)
                           ->  Seq Scan on phoml_trajectory_tmp s_275  (cost=0.00..95.68 rows=17 width=40)
                                 Filter: ((unix_time >= '1685451372.649'::double precision) AND (unix_time <= '1685451432.649'::double precision))
   ->  Subquery Scan on "*SELECT* 277"  (cost=97.82..97.83 rows=1 width=76)
         ->  Limit  (cost=97.82..97.82 rows=1 width=84)
               ->  Sort  (cost=97.82..97.82 rows=1 width=84)
                     Sort Key: (st_distance(st_transform(s_276.the_geom, 25833), schw_276.schw))
                     ->  Nested Loop  (cost=0.00..97.81 rows=1 width=84)
                           Join Filter: ((st_transform(s_276.the_geom, 25833) && st_expand(schw_276.schw, '300'::double precision)) AND (schw_276.schw && st_expand(st_transform(s_276.the_geom, 25833), '300'::double precision)) AND _st_dwithin(st_transform(s_276.the_geom, 25833), schw_276.schw, '300'::double precision))
                           ->  Function Scan on schw_276  (cost=0.00..0.01 rows=1 width=32)
                           ->  Seq Scan on phoml_trajectory_tmp s_276  (cost=0.00..95.68 rows=17 width=40)
                                 Filter: ((unix_time >= '1685451373.029'::double precision) AND (unix_time <= '1685451433.029'::double precision))
   ->  Subquery Scan on "*SELECT* 278"  (cost=97.82..97.83 rows=1 width=76)
         ->  Limit  (cost=97.82..97.82 rows=1 width=84)
               ->  Sort  (cost=97.82..97.82 rows=1 width=84)
                     Sort Key: (st_distance(st_transform(s_277.the_geom, 25833), schw_277.schw))
                     ->  Nested Loop  (cost=0.00..97.81 rows=1 width=84)
                           Join Filter: ((st_transform(s_277.the_geom, 25833) && st_expand(schw_277.schw, '300'::double precision)) AND (schw_277.schw && st_expand(st_transform(s_277.the_geom, 25833), '300'::double precision)) AND _st_dwithin(st_transform(s_277.the_geom, 25833), schw_277.schw, '300'::double precision))
                           ->  Function Scan on schw_277  (cost=0.00..0.01 rows=1 width=32)
                           ->  Seq Scan on phoml_trajectory_tmp s_277  (cost=0.00..95.68 rows=17 width=40)
                                 Filter: ((unix_time >= '1685451373.405'::double precision) AND (unix_time <= '1685451433.405'::double precision))
   ->  Subquery Scan on "*SELECT* 279"  (cost=97.82..97.83 rows=1 width=76)
         ->  Limit  (cost=97.82..97.82 rows=1 width=84)
               ->  Sort  (cost=97.82..97.82 rows=1 width=84)
                     Sort Key: (st_distance(st_transform(s_278.the_geom, 25833), schw_278.schw))
                     ->  Nested Loop  (cost=0.00..97.81 rows=1 width=84)
                           Join Filter: ((st_transform(s_278.the_geom, 25833) && st_expand(schw_278.schw, '300'::double precision)) AND (schw_278.schw && st_expand(st_transform(s_278.the_geom, 25833), '300'::double precision)) AND _st_dwithin(st_transform(s_278.the_geom, 25833), schw_278.schw, '300'::double precision))
                           ->  Function Scan on schw_278  (cost=0.00..0.01 rows=1 width=32)
                           ->  Seq Scan on phoml_trajectory_tmp s_278  (cost=0.00..95.68 rows=17 width=40)
                                 Filter: ((unix_time >= '1685451373.785'::double precision) AND (unix_time <= '1685451433.785'::double precision))
   ->  Subquery Scan on "*SELECT* 280"  (cost=97.82..97.83 rows=1 width=76)
         ->  Limit  (cost=97.82..97.82 rows=1 width=84)
               ->  Sort  (cost=97.82..97.82 rows=1 width=84)
                     Sort Key: (st_distance(st_transform(s_279.the_geom, 25833), schw_279.schw))
                     ->  Nested Loop  (cost=0.00..97.81 rows=1 width=84)
                           Join Filter: ((st_transform(s_279.the_geom, 25833) && st_expand(schw_279.schw, '300'::double precision)) AND (schw_279.schw && st_expand(st_transform(s_279.the_geom, 25833), '300'::double precision)) AND _st_dwithin(st_transform(s_279.the_geom, 25833), schw_279.schw, '300'::double precision))
                           ->  Function Scan on schw_279  (cost=0.00..0.01 rows=1 width=32)
                           ->  Seq Scan on phoml_trajectory_tmp s_279  (cost=0.00..95.68 rows=17 width=40)
                                 Filter: ((unix_time >= '1685451374.175'::double precision) AND (unix_time <= '1685451434.175'::double precision))
   ->  Subquery Scan on "*SELECT* 281"  (cost=97.82..97.83 rows=1 width=76)
         ->  Limit  (cost=97.82..97.82 rows=1 width=84)
               ->  Sort  (cost=97.82..97.82 rows=1 width=84)
                     Sort Key: (st_distance(st_transform(s_280.the_geom, 25833), schw_280.schw))
                     ->  Nested Loop  (cost=0.00..97.81 rows=1 width=84)
                           Join Filter: ((st_transform(s_280.the_geom, 25833) && st_expand(schw_280.schw, '300'::double precision)) AND (schw_280.schw && st_expand(st_transform(s_280.the_geom, 25833), '300'::double precision)) AND _st_dwithin(st_transform(s_280.the_geom, 25833), schw_280.schw, '300'::double precision))
                           ->  Function Scan on schw_280  (cost=0.00..0.01 rows=1 width=32)
                           ->  Seq Scan on phoml_trajectory_tmp s_280  (cost=0.00..95.68 rows=17 width=40)
                                 Filter: ((unix_time >= '1685451374.545'::double precision) AND (unix_time <= '1685451434.545'::double precision))
   ->  Subquery Scan on "*SELECT* 282"  (cost=97.82..97.83 rows=1 width=76)
         ->  Limit  (cost=97.82..97.82 rows=1 width=84)
               ->  Sort  (cost=97.82..97.82 rows=1 width=84)
                     Sort Key: (st_distance(st_transform(s_281.the_geom, 25833), schw_281.schw))
                     ->  Nested Loop  (cost=0.00..97.81 rows=1 width=84)
                           Join Filter: ((st_transform(s_281.the_geom, 25833) && st_expand(schw_281.schw, '300'::double precision)) AND (schw_281.schw && st_expand(st_transform(s_281.the_geom, 25833), '300'::double precision)) AND _st_dwithin(st_transform(s_281.the_geom, 25833), schw_281.schw, '300'::double precision))
                           ->  Function Scan on schw_281  (cost=0.00..0.01 rows=1 width=32)
                           ->  Seq Scan on phoml_trajectory_tmp s_281  (cost=0.00..95.68 rows=17 width=40)
                                 Filter: ((unix_time >= '1685451374.925'::double precision) AND (unix_time <= '1685451434.925'::double precision))
   ->  Subquery Scan on "*SELECT* 283"  (cost=97.82..97.83 rows=1 width=76)
         ->  Limit  (cost=97.82..97.82 rows=1 width=84)
               ->  Sort  (cost=97.82..97.82 rows=1 width=84)
                     Sort Key: (st_distance(st_transform(s_282.the_geom, 25833), schw_282.schw))
                     ->  Nested Loop  (cost=0.00..97.81 rows=1 width=84)
                           Join Filter: ((st_transform(s_282.the_geom, 25833) && st_expand(schw_282.schw, '300'::double precision)) AND (schw_282.schw && st_expand(st_transform(s_282.the_geom, 25833), '300'::double precision)) AND _st_dwithin(st_transform(s_282.the_geom, 25833), schw_282.schw, '300'::double precision))
                           ->  Function Scan on schw_282  (cost=0.00..0.01 rows=1 width=32)
                           ->  Seq Scan on phoml_trajectory_tmp s_282  (cost=0.00..95.68 rows=17 width=40)
                                 Filter: ((unix_time >= '1685451375.302'::double precision) AND (unix_time <= '1685451435.302'::double precision))
   ->  Subquery Scan on "*SELECT* 284"  (cost=97.82..97.83 rows=1 width=76)
         ->  Limit  (cost=97.82..97.82 rows=1 width=84)
               ->  Sort  (cost=97.82..97.82 rows=1 width=84)
                     Sort Key: (st_distance(st_transform(s_283.the_geom, 25833), schw_283.schw))
                     ->  Nested Loop  (cost=0.00..97.81 rows=1 width=84)
                           Join Filter: ((st_transform(s_283.the_geom, 25833) && st_expand(schw_283.schw, '300'::double precision)) AND (schw_283.schw && st_expand(st_transform(s_283.the_geom, 25833), '300'::double precision)) AND _st_dwithin(st_transform(s_283.the_geom, 25833), schw_283.schw, '300'::double precision))
                           ->  Function Scan on schw_283  (cost=0.00..0.01 rows=1 width=32)
                           ->  Seq Scan on phoml_trajectory_tmp s_283  (cost=0.00..95.68 rows=17 width=40)
                                 Filter: ((unix_time >= '1685451375.682'::double precision) AND (unix_time <= '1685451435.682'::double precision))
   ->  Subquery Scan on "*SELECT* 285"  (cost=97.82..97.83 rows=1 width=76)
         ->  Limit  (cost=97.82..97.82 rows=1 width=84)
               ->  Sort  (cost=97.82..97.82 rows=1 width=84)
                     Sort Key: (st_distance(st_transform(s_284.the_geom, 25833), schw_284.schw))
                     ->  Nested Loop  (cost=0.00..97.81 rows=1 width=84)
                           Join Filter: ((st_transform(s_284.the_geom, 25833) && st_expand(schw_284.schw, '300'::double precision)) AND (schw_284.schw && st_expand(st_transform(s_284.the_geom, 25833), '300'::double precision)) AND _st_dwithin(st_transform(s_284.the_geom, 25833), schw_284.schw, '300'::double precision))
                           ->  Function Scan on schw_284  (cost=0.00..0.01 rows=1 width=32)
                           ->  Seq Scan on phoml_trajectory_tmp s_284  (cost=0.00..95.68 rows=17 width=40)
                                 Filter: ((unix_time >= '1685451376.052'::double precision) AND (unix_time <= '1685451436.052'::double precision))
   ->  Subquery Scan on "*SELECT* 286"  (cost=97.82..97.83 rows=1 width=76)
         ->  Limit  (cost=97.82..97.82 rows=1 width=84)
               ->  Sort  (cost=97.82..97.82 rows=1 width=84)
                     Sort Key: (st_distance(st_transform(s_285.the_geom, 25833), schw_285.schw))
                     ->  Nested Loop  (cost=0.00..97.81 rows=1 width=84)
                           Join Filter: ((st_transform(s_285.the_geom, 25833) && st_expand(schw_285.schw, '300'::double precision)) AND (schw_285.schw && st_expand(st_transform(s_285.the_geom, 25833), '300'::double precision)) AND _st_dwithin(st_transform(s_285.the_geom, 25833), schw_285.schw, '300'::double precision))
                           ->  Function Scan on schw_285  (cost=0.00..0.01 rows=1 width=32)
                           ->  Seq Scan on phoml_trajectory_tmp s_285  (cost=0.00..95.68 rows=17 width=40)
                                 Filter: ((unix_time >= '1685451376.429'::double precision) AND (unix_time <= '1685451436.429'::double precision))
   ->  Subquery Scan on "*SELECT* 287"  (cost=97.82..97.83 rows=1 width=76)
         ->  Limit  (cost=97.82..97.82 rows=1 width=84)
               ->  Sort  (cost=97.82..97.82 rows=1 width=84)
                     Sort Key: (st_distance(st_transform(s_286.the_geom, 25833), schw_286.schw))
                     ->  Nested Loop  (cost=0.00..97.81 rows=1 width=84)
                           Join Filter: ((st_transform(s_286.the_geom, 25833) && st_expand(schw_286.schw, '300'::double precision)) AND (schw_286.schw && st_expand(st_transform(s_286.the_geom, 25833), '300'::double precision)) AND _st_dwithin(st_transform(s_286.the_geom, 25833), schw_286.schw, '300'::double precision))
                           ->  Function Scan on schw_286  (cost=0.00..0.01 rows=1 width=32)
                           ->  Seq Scan on phoml_trajectory_tmp s_286  (cost=0.00..95.68 rows=17 width=40)
                                 Filter: ((unix_time >= '1685451376.799'::double precision) AND (unix_time <= '1685451436.799'::double precision))
   ->  Subquery Scan on "*SELECT* 288"  (cost=97.82..97.83 rows=1 width=76)
         ->  Limit  (cost=97.82..97.82 rows=1 width=84)
               ->  Sort  (cost=97.82..97.82 rows=1 width=84)
                     Sort Key: (st_distance(st_transform(s_287.the_geom, 25833), schw_287.schw))
                     ->  Nested Loop  (cost=0.00..97.81 rows=1 width=84)
                           Join Filter: ((st_transform(s_287.the_geom, 25833) && st_expand(schw_287.schw, '300'::double precision)) AND (schw_287.schw && st_expand(st_transform(s_287.the_geom, 25833), '300'::double precision)) AND _st_dwithin(st_transform(s_287.the_geom, 25833), schw_287.schw, '300'::double precision))
                           ->  Function Scan on schw_287  (cost=0.00..0.01 rows=1 width=32)
                           ->  Seq Scan on phoml_trajectory_tmp s_287  (cost=0.00..95.68 rows=17 width=40)
                                 Filter: ((unix_time >= '1685451377.181'::double precision) AND (unix_time <= '1685451437.181'::double precision))
   ->  Subquery Scan on "*SELECT* 289"  (cost=97.82..97.83 rows=1 width=76)
         ->  Limit  (cost=97.82..97.82 rows=1 width=84)
               ->  Sort  (cost=97.82..97.82 rows=1 width=84)
                     Sort Key: (st_distance(st_transform(s_288.the_geom, 25833), schw_288.schw))
                     ->  Nested Loop  (cost=0.00..97.81 rows=1 width=84)
                           Join Filter: ((st_transform(s_288.the_geom, 25833) && st_expand(schw_288.schw, '300'::double precision)) AND (schw_288.schw && st_expand(st_transform(s_288.the_geom, 25833), '300'::double precision)) AND _st_dwithin(st_transform(s_288.the_geom, 25833), schw_288.schw, '300'::double precision))
                           ->  Function Scan on schw_288  (cost=0.00..0.01 rows=1 width=32)
                           ->  Seq Scan on phoml_trajectory_tmp s_288  (cost=0.00..95.68 rows=17 width=40)
                                 Filter: ((unix_time >= '1685451377.531'::double precision) AND (unix_time <= '1685451437.531'::double precision))
   ->  Subquery Scan on "*SELECT* 290"  (cost=97.82..97.83 rows=1 width=76)
         ->  Limit  (cost=97.82..97.82 rows=1 width=84)
               ->  Sort  (cost=97.82..97.82 rows=1 width=84)
                     Sort Key: (st_distance(st_transform(s_289.the_geom, 25833), schw_289.schw))
                     ->  Nested Loop  (cost=0.00..97.81 rows=1 width=84)
                           Join Filter: ((st_transform(s_289.the_geom, 25833) && st_expand(schw_289.schw, '300'::double precision)) AND (schw_289.schw && st_expand(st_transform(s_289.the_geom, 25833), '300'::double precision)) AND _st_dwithin(st_transform(s_289.the_geom, 25833), schw_289.schw, '300'::double precision))
                           ->  Function Scan on schw_289  (cost=0.00..0.01 rows=1 width=32)
                           ->  Seq Scan on phoml_trajectory_tmp s_289  (cost=0.00..95.68 rows=17 width=40)
                                 Filter: ((unix_time >= '1685451377.901'::double precision) AND (unix_time <= '1685451437.901'::double precision))
   ->  Subquery Scan on "*SELECT* 291"  (cost=97.82..97.83 rows=1 width=76)
         ->  Limit  (cost=97.82..97.82 rows=1 width=84)
               ->  Sort  (cost=97.82..97.82 rows=1 width=84)
                     Sort Key: (st_distance(st_transform(s_290.the_geom, 25833), schw_290.schw))
                     ->  Nested Loop  (cost=0.00..97.81 rows=1 width=84)
                           Join Filter: ((st_transform(s_290.the_geom, 25833) && st_expand(schw_290.schw, '300'::double precision)) AND (schw_290.schw && st_expand(st_transform(s_290.the_geom, 25833), '300'::double precision)) AND _st_dwithin(st_transform(s_290.the_geom, 25833), schw_290.schw, '300'::double precision))
                           ->  Function Scan on schw_290  (cost=0.00..0.01 rows=1 width=32)
                           ->  Seq Scan on phoml_trajectory_tmp s_290  (cost=0.00..95.68 rows=17 width=40)
                                 Filter: ((unix_time >= '1685451378.265'::double precision) AND (unix_time <= '1685451438.265'::double precision))
   ->  Subquery Scan on "*SELECT* 292"  (cost=97.82..97.83 rows=1 width=76)
         ->  Limit  (cost=97.82..97.82 rows=1 width=84)
               ->  Sort  (cost=97.82..97.82 rows=1 width=84)
                     Sort Key: (st_distance(st_transform(s_291.the_geom, 25833), schw_291.schw))
                     ->  Nested Loop  (cost=0.00..97.81 rows=1 width=84)
                           Join Filter: ((st_transform(s_291.the_geom, 25833) && st_expand(schw_291.schw, '300'::double precision)) AND (schw_291.schw && st_expand(st_transform(s_291.the_geom, 25833), '300'::double precision)) AND _st_dwithin(st_transform(s_291.the_geom, 25833), schw_291.schw, '300'::double precision))
                           ->  Function Scan on schw_291  (cost=0.00..0.01 rows=1 width=32)
                           ->  Seq Scan on phoml_trajectory_tmp s_291  (cost=0.00..95.68 rows=17 width=40)
                                 Filter: ((unix_time >= '1685451378.635'::double precision) AND (unix_time <= '1685451438.635'::double precision))
   ->  Subquery Scan on "*SELECT* 293"  (cost=97.82..97.83 rows=1 width=76)
         ->  Limit  (cost=97.82..97.82 rows=1 width=84)
               ->  Sort  (cost=97.82..97.82 rows=1 width=84)
                     Sort Key: (st_distance(st_transform(s_292.the_geom, 25833), schw_292.schw))
                     ->  Nested Loop  (cost=0.00..97.81 rows=1 width=84)
                           Join Filter: ((st_transform(s_292.the_geom, 25833) && st_expand(schw_292.schw, '300'::double precision)) AND (schw_292.schw && st_expand(st_transform(s_292.the_geom, 25833), '300'::double precision)) AND _st_dwithin(st_transform(s_292.the_geom, 25833), schw_292.schw, '300'::double precision))
                           ->  Function Scan on schw_292  (cost=0.00..0.01 rows=1 width=32)
                           ->  Seq Scan on phoml_trajectory_tmp s_292  (cost=0.00..95.68 rows=17 width=40)
                                 Filter: ((unix_time >= '1685451378.995'::double precision) AND (unix_time <= '1685451438.995'::double precision))
   ->  Subquery Scan on "*SELECT* 294"  (cost=97.82..97.83 rows=1 width=76)
         ->  Limit  (cost=97.82..97.82 rows=1 width=84)
               ->  Sort  (cost=97.82..97.82 rows=1 width=84)
                     Sort Key: (st_distance(st_transform(s_293.the_geom, 25833), schw_293.schw))
                     ->  Nested Loop  (cost=0.00..97.81 rows=1 width=84)
                           Join Filter: ((st_transform(s_293.the_geom, 25833) && st_expand(schw_293.schw, '300'::double precision)) AND (schw_293.schw && st_expand(st_transform(s_293.the_geom, 25833), '300'::double precision)) AND _st_dwithin(st_transform(s_293.the_geom, 25833), schw_293.schw, '300'::double precision))
                           ->  Function Scan on schw_293  (cost=0.00..0.01 rows=1 width=32)
                           ->  Seq Scan on phoml_trajectory_tmp s_293  (cost=0.00..95.68 rows=17 width=40)
                                 Filter: ((unix_time >= '1685451379.372'::double precision) AND (unix_time <= '1685451439.372'::double precision))
   ->  Subquery Scan on "*SELECT* 295"  (cost=97.82..97.83 rows=1 width=76)
         ->  Limit  (cost=97.82..97.82 rows=1 width=84)
               ->  Sort  (cost=97.82..97.82 rows=1 width=84)
                     Sort Key: (st_distance(st_transform(s_294.the_geom, 25833), schw_294.schw))
                     ->  Nested Loop  (cost=0.00..97.81 rows=1 width=84)
                           Join Filter: ((st_transform(s_294.the_geom, 25833) && st_expand(schw_294.schw, '300'::double precision)) AND (schw_294.schw && st_expand(st_transform(s_294.the_geom, 25833), '300'::double precision)) AND _st_dwithin(st_transform(s_294.the_geom, 25833), schw_294.schw, '300'::double precision))
                           ->  Function Scan on schw_294  (cost=0.00..0.01 rows=1 width=32)
                           ->  Seq Scan on phoml_trajectory_tmp s_294  (cost=0.00..95.68 rows=17 width=40)
                                 Filter: ((unix_time >= '1685451379.742'::double precision) AND (unix_time <= '1685451439.742'::double precision))
   ->  Subquery Scan on "*SELECT* 296"  (cost=97.82..97.83 rows=1 width=76)
         ->  Limit  (cost=97.82..97.82 rows=1 width=84)
               ->  Sort  (cost=97.82..97.82 rows=1 width=84)
                     Sort Key: (st_distance(st_transform(s_295.the_geom, 25833), schw_295.schw))
                     ->  Nested Loop  (cost=0.00..97.81 rows=1 width=84)
                           Join Filter: ((st_transform(s_295.the_geom, 25833) && st_expand(schw_295.schw, '300'::double precision)) AND (schw_295.schw && st_expand(st_transform(s_295.the_geom, 25833), '300'::double precision)) AND _st_dwithin(st_transform(s_295.the_geom, 25833), schw_295.schw, '300'::double precision))
                           ->  Function Scan on schw_295  (cost=0.00..0.01 rows=1 width=32)
                           ->  Seq Scan on phoml_trajectory_tmp s_295  (cost=0.00..95.68 rows=17 width=40)
                                 Filter: ((unix_time >= '1685451380.122'::double precision) AND (unix_time <= '1685451440.122'::double precision))
   ->  Subquery Scan on "*SELECT* 297"  (cost=97.82..97.83 rows=1 width=76)
         ->  Limit  (cost=97.82..97.82 rows=1 width=84)
               ->  Sort  (cost=97.82..97.82 rows=1 width=84)
                     Sort Key: (st_distance(st_transform(s_296.the_geom, 25833), schw_296.schw))
                     ->  Nested Loop  (cost=0.00..97.81 rows=1 width=84)
                           Join Filter: ((st_transform(s_296.the_geom, 25833) && st_expand(schw_296.schw, '300'::double precision)) AND (schw_296.schw && st_expand(st_transform(s_296.the_geom, 25833), '300'::double precision)) AND _st_dwithin(st_transform(s_296.the_geom, 25833), schw_296.schw, '300'::double precision))
                           ->  Function Scan on schw_296  (cost=0.00..0.01 rows=1 width=32)
                           ->  Seq Scan on phoml_trajectory_tmp s_296  (cost=0.00..95.68 rows=17 width=40)
                                 Filter: ((unix_time >= '1685451380.491'::double precision) AND (unix_time <= '1685451440.491'::double precision))
   ->  Subquery Scan on "*SELECT* 298"  (cost=97.82..97.83 rows=1 width=76)
         ->  Limit  (cost=97.82..97.82 rows=1 width=84)
               ->  Sort  (cost=97.82..97.82 rows=1 width=84)
                     Sort Key: (st_distance(st_transform(s_297.the_geom, 25833), schw_297.schw))
                     ->  Nested Loop  (cost=0.00..97.81 rows=1 width=84)
                           Join Filter: ((st_transform(s_297.the_geom, 25833) && st_expand(schw_297.schw, '300'::double precision)) AND (schw_297.schw && st_expand(st_transform(s_297.the_geom, 25833), '300'::double precision)) AND _st_dwithin(st_transform(s_297.the_geom, 25833), schw_297.schw, '300'::double precision))
                           ->  Function Scan on schw_297  (cost=0.00..0.01 rows=1 width=32)
                           ->  Seq Scan on phoml_trajectory_tmp s_297  (cost=0.00..95.68 rows=17 width=40)
                                 Filter: ((unix_time >= '1685451380.871'::double precision) AND (unix_time <= '1685451440.871'::double precision))
   ->  Subquery Scan on "*SELECT* 299"  (cost=97.82..97.83 rows=1 width=76)
         ->  Limit  (cost=97.82..97.82 rows=1 width=84)
               ->  Sort  (cost=97.82..97.82 rows=1 width=84)
                     Sort Key: (st_distance(st_transform(s_298.the_geom, 25833), schw_298.schw))
                     ->  Nested Loop  (cost=0.00..97.81 rows=1 width=84)
                           Join Filter: ((st_transform(s_298.the_geom, 25833) && st_expand(schw_298.schw, '300'::double precision)) AND (schw_298.schw && st_expand(st_transform(s_298.the_geom, 25833), '300'::double precision)) AND _st_dwithin(st_transform(s_298.the_geom, 25833), schw_298.schw, '300'::double precision))
                           ->  Function Scan on schw_298  (cost=0.00..0.01 rows=1 width=32)
                           ->  Seq Scan on phoml_trajectory_tmp s_298  (cost=0.00..95.68 rows=17 width=40)
                                 Filter: ((unix_time >= '1685451381.235'::double precision) AND (unix_time <= '1685451441.235'::double precision))
   ->  Subquery Scan on "*SELECT* 300"  (cost=97.82..97.83 rows=1 width=76)
         ->  Limit  (cost=97.82..97.82 rows=1 width=84)
               ->  Sort  (cost=97.82..97.82 rows=1 width=84)
                     Sort Key: (st_distance(st_transform(s_299.the_geom, 25833), schw_299.schw))
                     ->  Nested Loop  (cost=0.00..97.81 rows=1 width=84)
                           Join Filter: ((st_transform(s_299.the_geom, 25833) && st_expand(schw_299.schw, '300'::double precision)) AND (schw_299.schw && st_expand(st_transform(s_299.the_geom, 25833), '300'::double precision)) AND _st_dwithin(st_transform(s_299.the_geom, 25833), schw_299.schw, '300'::double precision))
                           ->  Function Scan on schw_299  (cost=0.00..0.01 rows=1 width=32)
                           ->  Seq Scan on phoml_trajectory_tmp s_299  (cost=0.00..95.68 rows=17 width=40)
                                 Filter: ((unix_time >= '1685451381.625'::double precision) AND (unix_time <= '1685451441.625'::double precision))
   ->  Subquery Scan on "*SELECT* 301"  (cost=97.82..97.83 rows=1 width=76)
         ->  Limit  (cost=97.82..97.82 rows=1 width=84)
               ->  Sort  (cost=97.82..97.82 rows=1 width=84)
                     Sort Key: (st_distance(st_transform(s_300.the_geom, 25833), schw_300.schw))
                     ->  Nested Loop  (cost=0.00..97.81 rows=1 width=84)
                           Join Filter: ((st_transform(s_300.the_geom, 25833) && st_expand(schw_300.schw, '300'::double precision)) AND (schw_300.schw && st_expand(st_transform(s_300.the_geom, 25833), '300'::double precision)) AND _st_dwithin(st_transform(s_300.the_geom, 25833), schw_300.schw, '300'::double precision))
                           ->  Function Scan on schw_300  (cost=0.00..0.01 rows=1 width=32)
                           ->  Seq Scan on phoml_trajectory_tmp s_300  (cost=0.00..95.68 rows=17 width=40)
                                 Filter: ((unix_time >= '1685451381.995'::double precision) AND (unix_time <= '1685451441.995'::double precision))
   ->  Subquery Scan on "*SELECT* 302"  (cost=97.82..97.83 rows=1 width=76)
         ->  Limit  (cost=97.82..97.82 rows=1 width=84)
               ->  Sort  (cost=97.82..97.82 rows=1 width=84)
                     Sort Key: (st_distance(st_transform(s_301.the_geom, 25833), schw_301.schw))
                     ->  Nested Loop  (cost=0.00..97.81 rows=1 width=84)
                           Join Filter: ((st_transform(s_301.the_geom, 25833) && st_expand(schw_301.schw, '300'::double precision)) AND (schw_301.schw && st_expand(st_transform(s_301.the_geom, 25833), '300'::double precision)) AND _st_dwithin(st_transform(s_301.the_geom, 25833), schw_301.schw, '300'::double precision))
                           ->  Function Scan on schw_301  (cost=0.00..0.01 rows=1 width=32)
                           ->  Seq Scan on phoml_trajectory_tmp s_301  (cost=0.00..95.68 rows=17 width=40)
                                 Filter: ((unix_time >= '1685451382.383'::double precision) AND (unix_time <= '1685451442.383'::double precision))
   ->  Subquery Scan on "*SELECT* 303"  (cost=97.82..97.83 rows=1 width=76)
         ->  Limit  (cost=97.82..97.82 rows=1 width=84)
               ->  Sort  (cost=97.82..97.82 rows=1 width=84)
                     Sort Key: (st_distance(st_transform(s_302.the_geom, 25833), schw_302.schw))
                     ->  Nested Loop  (cost=0.00..97.81 rows=1 width=84)
                           Join Filter: ((st_transform(s_302.the_geom, 25833) && st_expand(schw_302.schw, '300'::double precision)) AND (schw_302.schw && st_expand(st_transform(s_302.the_geom, 25833), '300'::double precision)) AND _st_dwithin(st_transform(s_302.the_geom, 25833), schw_302.schw, '300'::double precision))
                           ->  Function Scan on schw_302  (cost=0.00..0.01 rows=1 width=32)
                           ->  Seq Scan on phoml_trajectory_tmp s_302  (cost=0.00..95.68 rows=17 width=40)
                                 Filter: ((unix_time >= '1685451382.763'::double precision) AND (unix_time <= '1685451442.763'::double precision))
   ->  Subquery Scan on "*SELECT* 304"  (cost=97.82..97.83 rows=1 width=76)
         ->  Limit  (cost=97.82..97.82 rows=1 width=84)
               ->  Sort  (cost=97.82..97.82 rows=1 width=84)
                     Sort Key: (st_distance(st_transform(s_303.the_geom, 25833), schw_303.schw))
                     ->  Nested Loop  (cost=0.00..97.81 rows=1 width=84)
                           Join Filter: ((st_transform(s_303.the_geom, 25833) && st_expand(schw_303.schw, '300'::double precision)) AND (schw_303.schw && st_expand(st_transform(s_303.the_geom, 25833), '300'::double precision)) AND _st_dwithin(st_transform(s_303.the_geom, 25833), schw_303.schw, '300'::double precision))
                           ->  Function Scan on schw_303  (cost=0.00..0.01 rows=1 width=32)
                           ->  Seq Scan on phoml_trajectory_tmp s_303  (cost=0.00..95.68 rows=17 width=40)
                                 Filter: ((unix_time >= '1685451383.154'::double precision) AND (unix_time <= '1685451443.154'::double precision))
   ->  Subquery Scan on "*SELECT* 305"  (cost=97.82..97.83 rows=1 width=76)
         ->  Limit  (cost=97.82..97.82 rows=1 width=84)
               ->  Sort  (cost=97.82..97.82 rows=1 width=84)
                     Sort Key: (st_distance(st_transform(s_304.the_geom, 25833), schw_304.schw))
                     ->  Nested Loop  (cost=0.00..97.81 rows=1 width=84)
                           Join Filter: ((st_transform(s_304.the_geom, 25833) && st_expand(schw_304.schw, '300'::double precision)) AND (schw_304.schw && st_expand(st_transform(s_304.the_geom, 25833), '300'::double precision)) AND _st_dwithin(st_transform(s_304.the_geom, 25833), schw_304.schw, '300'::double precision))
                           ->  Function Scan on schw_304  (cost=0.00..0.01 rows=1 width=32)
                           ->  Seq Scan on phoml_trajectory_tmp s_304  (cost=0.00..95.68 rows=17 width=40)
                                 Filter: ((unix_time >= '1685451383.524'::double precision) AND (unix_time <= '1685451443.524'::double precision))
   ->  Subquery Scan on "*SELECT* 306"  (cost=97.82..97.83 rows=1 width=76)
         ->  Limit  (cost=97.82..97.82 rows=1 width=84)
               ->  Sort  (cost=97.82..97.82 rows=1 width=84)
                     Sort Key: (st_distance(st_transform(s_305.the_geom, 25833), schw_305.schw))
                     ->  Nested Loop  (cost=0.00..97.81 rows=1 width=84)
                           Join Filter: ((st_transform(s_305.the_geom, 25833) && st_expand(schw_305.schw, '300'::double precision)) AND (schw_305.schw && st_expand(st_transform(s_305.the_geom, 25833), '300'::double precision)) AND _st_dwithin(st_transform(s_305.the_geom, 25833), schw_305.schw, '300'::double precision))
                           ->  Function Scan on schw_305  (cost=0.00..0.01 rows=1 width=32)
                           ->  Seq Scan on phoml_trajectory_tmp s_305  (cost=0.00..95.68 rows=17 width=40)
                                 Filter: ((unix_time >= '1685451383.914'::double precision) AND (unix_time <= '1685451443.914'::double precision))
   ->  Subquery Scan on "*SELECT* 307"  (cost=97.82..97.83 rows=1 width=76)
         ->  Limit  (cost=97.82..97.82 rows=1 width=84)
               ->  Sort  (cost=97.82..97.82 rows=1 width=84)
                     Sort Key: (st_distance(st_transform(s_306.the_geom, 25833), schw_306.schw))
                     ->  Nested Loop  (cost=0.00..97.81 rows=1 width=84)
                           Join Filter: ((st_transform(s_306.the_geom, 25833) && st_expand(schw_306.schw, '300'::double precision)) AND (schw_306.schw && st_expand(st_transform(s_306.the_geom, 25833), '300'::double precision)) AND _st_dwithin(st_transform(s_306.the_geom, 25833), schw_306.schw, '300'::double precision))
                           ->  Function Scan on schw_306  (cost=0.00..0.01 rows=1 width=32)
                           ->  Seq Scan on phoml_trajectory_tmp s_306  (cost=0.00..95.68 rows=17 width=40)
                                 Filter: ((unix_time >= '1685451384.289'::double precision) AND (unix_time <= '1685451444.289'::double precision))
   ->  Subquery Scan on "*SELECT* 308"  (cost=97.82..97.83 rows=1 width=76)
         ->  Limit  (cost=97.82..97.82 rows=1 width=84)
               ->  Sort  (cost=97.82..97.82 rows=1 width=84)
                     Sort Key: (st_distance(st_transform(s_307.the_geom, 25833), schw_307.schw))
                     ->  Nested Loop  (cost=0.00..97.81 rows=1 width=84)
                           Join Filter: ((st_transform(s_307.the_geom, 25833) && st_expand(schw_307.schw, '300'::double precision)) AND (schw_307.schw && st_expand(st_transform(s_307.the_geom, 25833), '300'::double precision)) AND _st_dwithin(st_transform(s_307.the_geom, 25833), schw_307.schw, '300'::double precision))
                           ->  Function Scan on schw_307  (cost=0.00..0.01 rows=1 width=32)
                           ->  Seq Scan on phoml_trajectory_tmp s_307  (cost=0.00..95.68 rows=17 width=40)
                                 Filter: ((unix_time >= '1685451384.679'::double precision) AND (unix_time <= '1685451444.679'::double precision))
   ->  Subquery Scan on "*SELECT* 309"  (cost=97.82..97.83 rows=1 width=76)
         ->  Limit  (cost=97.82..97.82 rows=1 width=84)
               ->  Sort  (cost=97.82..97.82 rows=1 width=84)
                     Sort Key: (st_distance(st_transform(s_308.the_geom, 25833), schw_308.schw))
                     ->  Nested Loop  (cost=0.00..97.81 rows=1 width=84)
                           Join Filter: ((st_transform(s_308.the_geom, 25833) && st_expand(schw_308.schw, '300'::double precision)) AND (schw_308.schw && st_expand(st_transform(s_308.the_geom, 25833), '300'::double precision)) AND _st_dwithin(st_transform(s_308.the_geom, 25833), schw_308.schw, '300'::double precision))
                           ->  Function Scan on schw_308  (cost=0.00..0.01 rows=1 width=32)
                           ->  Seq Scan on phoml_trajectory_tmp s_308  (cost=0.00..95.68 rows=17 width=40)
                                 Filter: ((unix_time >= '1685451385.049'::double precision) AND (unix_time <= '1685451445.049'::double precision))
   ->  Subquery Scan on "*SELECT* 310"  (cost=97.82..97.83 rows=1 width=76)
         ->  Limit  (cost=97.82..97.82 rows=1 width=84)
               ->  Sort  (cost=97.82..97.82 rows=1 width=84)
                     Sort Key: (st_distance(st_transform(s_309.the_geom, 25833), schw_309.schw))
                     ->  Nested Loop  (cost=0.00..97.81 rows=1 width=84)
                           Join Filter: ((st_transform(s_309.the_geom, 25833) && st_expand(schw_309.schw, '300'::double precision)) AND (schw_309.schw && st_expand(st_transform(s_309.the_geom, 25833), '300'::double precision)) AND _st_dwithin(st_transform(s_309.the_geom, 25833), schw_309.schw, '300'::double precision))
                           ->  Function Scan on schw_309  (cost=0.00..0.01 rows=1 width=32)
                           ->  Seq Scan on phoml_trajectory_tmp s_309  (cost=0.00..95.68 rows=17 width=40)
                                 Filter: ((unix_time >= '1685451385.442'::double precision) AND (unix_time <= '1685451445.442'::double precision))
   ->  Subquery Scan on "*SELECT* 311"  (cost=97.82..97.83 rows=1 width=76)
         ->  Limit  (cost=97.82..97.82 rows=1 width=84)
               ->  Sort  (cost=97.82..97.82 rows=1 width=84)
                     Sort Key: (st_distance(st_transform(s_310.the_geom, 25833), schw_310.schw))
                     ->  Nested Loop  (cost=0.00..97.81 rows=1 width=84)
                           Join Filter: ((st_transform(s_310.the_geom, 25833) && st_expand(schw_310.schw, '300'::double precision)) AND (schw_310.schw && st_expand(st_transform(s_310.the_geom, 25833), '300'::double precision)) AND _st_dwithin(st_transform(s_310.the_geom, 25833), schw_310.schw, '300'::double precision))
                           ->  Function Scan on schw_310  (cost=0.00..0.01 rows=1 width=32)
                           ->  Seq Scan on phoml_trajectory_tmp s_310  (cost=0.00..95.68 rows=17 width=40)
                                 Filter: ((unix_time >= '1685451385.832'::double precision) AND (unix_time <= '1685451445.832'::double precision))
   ->  Subquery Scan on "*SELECT* 312"  (cost=97.82..97.83 rows=1 width=76)
         ->  Limit  (cost=97.82..97.82 rows=1 width=84)
               ->  Sort  (cost=97.82..97.82 rows=1 width=84)
                     Sort Key: (st_distance(st_transform(s_311.the_geom, 25833), schw_311.schw))
                     ->  Nested Loop  (cost=0.00..97.81 rows=1 width=84)
                           Join Filter: ((st_transform(s_311.the_geom, 25833) && st_expand(schw_311.schw, '300'::double precision)) AND (schw_311.schw && st_expand(st_transform(s_311.the_geom, 25833), '300'::double precision)) AND _st_dwithin(st_transform(s_311.the_geom, 25833), schw_311.schw, '300'::double precision))
                           ->  Function Scan on schw_311  (cost=0.00..0.01 rows=1 width=32)
                           ->  Seq Scan on phoml_trajectory_tmp s_311  (cost=0.00..95.68 rows=17 width=40)
                                 Filter: ((unix_time >= '1685451386.206'::double precision) AND (unix_time <= '1685451446.206'::double precision))
   ->  Subquery Scan on "*SELECT* 313"  (cost=97.82..97.83 rows=1 width=76)
         ->  Limit  (cost=97.82..97.82 rows=1 width=84)
               ->  Sort  (cost=97.82..97.82 rows=1 width=84)
                     Sort Key: (st_distance(st_transform(s_312.the_geom, 25833), schw_312.schw))
                     ->  Nested Loop  (cost=0.00..97.81 rows=1 width=84)
                           Join Filter: ((st_transform(s_312.the_geom, 25833) && st_expand(schw_312.schw, '300'::double precision)) AND (schw_312.schw && st_expand(st_transform(s_312.the_geom, 25833), '300'::double precision)) AND _st_dwithin(st_transform(s_312.the_geom, 25833), schw_312.schw, '300'::double precision))
                           ->  Function Scan on schw_312  (cost=0.00..0.01 rows=1 width=32)
                           ->  Seq Scan on phoml_trajectory_tmp s_312  (cost=0.00..95.68 rows=17 width=40)
                                 Filter: ((unix_time >= '1685451386.576'::double precision) AND (unix_time <= '1685451446.576'::double precision))
   ->  Subquery Scan on "*SELECT* 314"  (cost=97.82..97.83 rows=1 width=76)
         ->  Limit  (cost=97.82..97.82 rows=1 width=84)
               ->  Sort  (cost=97.82..97.82 rows=1 width=84)
                     Sort Key: (st_distance(st_transform(s_313.the_geom, 25833), schw_313.schw))
                     ->  Nested Loop  (cost=0.00..97.81 rows=1 width=84)
                           Join Filter: ((st_transform(s_313.the_geom, 25833) && st_expand(schw_313.schw, '300'::double precision)) AND (schw_313.schw && st_expand(st_transform(s_313.the_geom, 25833), '300'::double precision)) AND _st_dwithin(st_transform(s_313.the_geom, 25833), schw_313.schw, '300'::double precision))
                           ->  Function Scan on schw_313  (cost=0.00..0.01 rows=1 width=32)
                           ->  Seq Scan on phoml_trajectory_tmp s_313  (cost=0.00..95.68 rows=17 width=40)
                                 Filter: ((unix_time >= '1685451386.946'::double precision) AND (unix_time <= '1685451446.946'::double precision))
   ->  Subquery Scan on "*SELECT* 315"  (cost=97.82..97.83 rows=1 width=76)
         ->  Limit  (cost=97.82..97.82 rows=1 width=84)
               ->  Sort  (cost=97.82..97.82 rows=1 width=84)
                     Sort Key: (st_distance(st_transform(s_314.the_geom, 25833), schw_314.schw))
                     ->  Nested Loop  (cost=0.00..97.81 rows=1 width=84)
                           Join Filter: ((st_transform(s_314.the_geom, 25833) && st_expand(schw_314.schw, '300'::double precision)) AND (schw_314.schw && st_expand(st_transform(s_314.the_geom, 25833), '300'::double precision)) AND _st_dwithin(st_transform(s_314.the_geom, 25833), schw_314.schw, '300'::double precision))
                           ->  Function Scan on schw_314  (cost=0.00..0.01 rows=1 width=32)
                           ->  Seq Scan on phoml_trajectory_tmp s_314  (cost=0.00..95.68 rows=17 width=40)
                                 Filter: ((unix_time >= '1685451387.334'::double precision) AND (unix_time <= '1685451447.334'::double precision))
   ->  Subquery Scan on "*SELECT* 316"  (cost=97.82..97.83 rows=1 width=76)
         ->  Limit  (cost=97.82..97.82 rows=1 width=84)
               ->  Sort  (cost=97.82..97.82 rows=1 width=84)
                     Sort Key: (st_distance(st_transform(s_315.the_geom, 25833), schw_315.schw))
                     ->  Nested Loop  (cost=0.00..97.81 rows=1 width=84)
                           Join Filter: ((st_transform(s_315.the_geom, 25833) && st_expand(schw_315.schw, '300'::double precision)) AND (schw_315.schw && st_expand(st_transform(s_315.the_geom, 25833), '300'::double precision)) AND _st_dwithin(st_transform(s_315.the_geom, 25833), schw_315.schw, '300'::double precision))
                           ->  Function Scan on schw_315  (cost=0.00..0.01 rows=1 width=32)
                           ->  Seq Scan on phoml_trajectory_tmp s_315  (cost=0.00..95.68 rows=17 width=40)
                                 Filter: ((unix_time >= '1685451387.703'::double precision) AND (unix_time <= '1685451447.703'::double precision))
   ->  Subquery Scan on "*SELECT* 317"  (cost=97.82..97.83 rows=1 width=76)
         ->  Limit  (cost=97.82..97.82 rows=1 width=84)
               ->  Sort  (cost=97.82..97.82 rows=1 width=84)
                     Sort Key: (st_distance(st_transform(s_316.the_geom, 25833), schw_316.schw))
                     ->  Nested Loop  (cost=0.00..97.81 rows=1 width=84)
                           Join Filter: ((st_transform(s_316.the_geom, 25833) && st_expand(schw_316.schw, '300'::double precision)) AND (schw_316.schw && st_expand(st_transform(s_316.the_geom, 25833), '300'::double precision)) AND _st_dwithin(st_transform(s_316.the_geom, 25833), schw_316.schw, '300'::double precision))
                           ->  Function Scan on schw_316  (cost=0.00..0.01 rows=1 width=32)
                           ->  Seq Scan on phoml_trajectory_tmp s_316  (cost=0.00..95.68 rows=17 width=40)
                                 Filter: ((unix_time >= '1685451388.073'::double precision) AND (unix_time <= '1685451448.073'::double precision))
   ->  Subquery Scan on "*SELECT* 318"  (cost=97.82..97.83 rows=1 width=76)
         ->  Limit  (cost=97.82..97.82 rows=1 width=84)
               ->  Sort  (cost=97.82..97.82 rows=1 width=84)
                     Sort Key: (st_distance(st_transform(s_317.the_geom, 25833), schw_317.schw))
                     ->  Nested Loop  (cost=0.00..97.81 rows=1 width=84)
                           Join Filter: ((st_transform(s_317.the_geom, 25833) && st_expand(schw_317.schw, '300'::double precision)) AND (schw_317.schw && st_expand(st_transform(s_317.the_geom, 25833), '300'::double precision)) AND _st_dwithin(st_transform(s_317.the_geom, 25833), schw_317.schw, '300'::double precision))
                           ->  Function Scan on schw_317  (cost=0.00..0.01 rows=1 width=32)
                           ->  Seq Scan on phoml_trajectory_tmp s_317  (cost=0.00..95.68 rows=17 width=40)
                                 Filter: ((unix_time >= '1685451388.428'::double precision) AND (unix_time <= '1685451448.428'::double precision))
   ->  Subquery Scan on "*SELECT* 319"  (cost=97.82..97.83 rows=1 width=76)
         ->  Limit  (cost=97.82..97.82 rows=1 width=84)
               ->  Sort  (cost=97.82..97.82 rows=1 width=84)
                     Sort Key: (st_distance(st_transform(s_318.the_geom, 25833), schw_318.schw))
                     ->  Nested Loop  (cost=0.00..97.81 rows=1 width=84)
                           Join Filter: ((st_transform(s_318.the_geom, 25833) && st_expand(schw_318.schw, '300'::double precision)) AND (schw_318.schw && st_expand(st_transform(s_318.the_geom, 25833), '300'::double precision)) AND _st_dwithin(st_transform(s_318.the_geom, 25833), schw_318.schw, '300'::double precision))
                           ->  Function Scan on schw_318  (cost=0.00..0.01 rows=1 width=32)
                           ->  Seq Scan on phoml_trajectory_tmp s_318  (cost=0.00..95.68 rows=17 width=40)
                                 Filter: ((unix_time >= '1685451388.778'::double precision) AND (unix_time <= '1685451448.778'::double precision))
   ->  Subquery Scan on "*SELECT* 320"  (cost=97.82..97.83 rows=1 width=76)
         ->  Limit  (cost=97.82..97.82 rows=1 width=84)
               ->  Sort  (cost=97.82..97.82 rows=1 width=84)
                     Sort Key: (st_distance(st_transform(s_319.the_geom, 25833), schw_319.schw))
                     ->  Nested Loop  (cost=0.00..97.81 rows=1 width=84)
                           Join Filter: ((st_transform(s_319.the_geom, 25833) && st_expand(schw_319.schw, '300'::double precision)) AND (schw_319.schw && st_expand(st_transform(s_319.the_geom, 25833), '300'::double precision)) AND _st_dwithin(st_transform(s_319.the_geom, 25833), schw_319.schw, '300'::double precision))
                           ->  Function Scan on schw_319  (cost=0.00..0.01 rows=1 width=32)
                           ->  Seq Scan on phoml_trajectory_tmp s_319  (cost=0.00..95.68 rows=17 width=40)
                                 Filter: ((unix_time >= '1685451389.157'::double precision) AND (unix_time <= '1685451449.157'::double precision))
   ->  Subquery Scan on "*SELECT* 321"  (cost=97.82..97.83 rows=1 width=76)
         ->  Limit  (cost=97.82..97.82 rows=1 width=84)
               ->  Sort  (cost=97.82..97.82 rows=1 width=84)
                     Sort Key: (st_distance(st_transform(s_320.the_geom, 25833), schw_320.schw))
                     ->  Nested Loop  (cost=0.00..97.81 rows=1 width=84)
                           Join Filter: ((st_transform(s_320.the_geom, 25833) && st_expand(schw_320.schw, '300'::double precision)) AND (schw_320.schw && st_expand(st_transform(s_320.the_geom, 25833), '300'::double precision)) AND _st_dwithin(st_transform(s_320.the_geom, 25833), schw_320.schw, '300'::double precision))
                           ->  Function Scan on schw_320  (cost=0.00..0.01 rows=1 width=32)
                           ->  Seq Scan on phoml_trajectory_tmp s_320  (cost=0.00..95.68 rows=17 width=40)
                                 Filter: ((unix_time >= '1685451389.497'::double precision) AND (unix_time <= '1685451449.497'::double precision))
   ->  Subquery Scan on "*SELECT* 322"  (cost=97.82..97.83 rows=1 width=76)
         ->  Limit  (cost=97.82..97.82 rows=1 width=84)
               ->  Sort  (cost=97.82..97.82 rows=1 width=84)
                     Sort Key: (st_distance(st_transform(s_321.the_geom, 25833), schw_321.schw))
                     ->  Nested Loop  (cost=0.00..97.81 rows=1 width=84)
                           Join Filter: ((st_transform(s_321.the_geom, 25833) && st_expand(schw_321.schw, '300'::double precision)) AND (schw_321.schw && st_expand(st_transform(s_321.the_geom, 25833), '300'::double precision)) AND _st_dwithin(st_transform(s_321.the_geom, 25833), schw_321.schw, '300'::double precision))
                           ->  Function Scan on schw_321  (cost=0.00..0.01 rows=1 width=32)
                           ->  Seq Scan on phoml_trajectory_tmp s_321  (cost=0.00..95.68 rows=17 width=40)
                                 Filter: ((unix_time >= '1685451389.827'::double precision) AND (unix_time <= '1685451449.827'::double precision))
   ->  Subquery Scan on "*SELECT* 323"  (cost=97.82..97.83 rows=1 width=76)
         ->  Limit  (cost=97.82..97.82 rows=1 width=84)
               ->  Sort  (cost=97.82..97.82 rows=1 width=84)
                     Sort Key: (st_distance(st_transform(s_322.the_geom, 25833), schw_322.schw))
                     ->  Nested Loop  (cost=0.00..97.81 rows=1 width=84)
                           Join Filter: ((st_transform(s_322.the_geom, 25833) && st_expand(schw_322.schw, '300'::double precision)) AND (schw_322.schw && st_expand(st_transform(s_322.the_geom, 25833), '300'::double precision)) AND _st_dwithin(st_transform(s_322.the_geom, 25833), schw_322.schw, '300'::double precision))
                           ->  Function Scan on schw_322  (cost=0.00..0.01 rows=1 width=32)
                           ->  Seq Scan on phoml_trajectory_tmp s_322  (cost=0.00..95.68 rows=17 width=40)
                                 Filter: ((unix_time >= '1685451390.191'::double precision) AND (unix_time <= '1685451450.191'::double precision))
   ->  Subquery Scan on "*SELECT* 324"  (cost=97.82..97.83 rows=1 width=76)
         ->  Limit  (cost=97.82..97.82 rows=1 width=84)
               ->  Sort  (cost=97.82..97.82 rows=1 width=84)
                     Sort Key: (st_distance(st_transform(s_323.the_geom, 25833), schw_323.schw))
                     ->  Nested Loop  (cost=0.00..97.81 rows=1 width=84)
                           Join Filter: ((st_transform(s_323.the_geom, 25833) && st_expand(schw_323.schw, '300'::double precision)) AND (schw_323.schw && st_expand(st_transform(s_323.the_geom, 25833), '300'::double precision)) AND _st_dwithin(st_transform(s_323.the_geom, 25833), schw_323.schw, '300'::double precision))
                           ->  Function Scan on schw_323  (cost=0.00..0.01 rows=1 width=32)
                           ->  Seq Scan on phoml_trajectory_tmp s_323  (cost=0.00..95.68 rows=17 width=40)
                                 Filter: ((unix_time >= '1685451390.531'::double precision) AND (unix_time <= '1685451450.531'::double precision))
   ->  Subquery Scan on "*SELECT* 325"  (cost=97.82..97.83 rows=1 width=76)
         ->  Limit  (cost=97.82..97.82 rows=1 width=84)
               ->  Sort  (cost=97.82..97.82 rows=1 width=84)
                     Sort Key: (st_distance(st_transform(s_324.the_geom, 25833), schw_324.schw))
                     ->  Nested Loop  (cost=0.00..97.81 rows=1 width=84)
                           Join Filter: ((st_transform(s_324.the_geom, 25833) && st_expand(schw_324.schw, '300'::double precision)) AND (schw_324.schw && st_expand(st_transform(s_324.the_geom, 25833), '300'::double precision)) AND _st_dwithin(st_transform(s_324.the_geom, 25833), schw_324.schw, '300'::double precision))
                           ->  Function Scan on schw_324  (cost=0.00..0.01 rows=1 width=32)
                           ->  Seq Scan on phoml_trajectory_tmp s_324  (cost=0.00..95.68 rows=17 width=40)
                                 Filter: ((unix_time >= '1685451390.871'::double precision) AND (unix_time <= '1685451450.871'::double precision))
   ->  Subquery Scan on "*SELECT* 326"  (cost=97.82..97.83 rows=1 width=76)
         ->  Limit  (cost=97.82..97.82 rows=1 width=84)
               ->  Sort  (cost=97.82..97.82 rows=1 width=84)
                     Sort Key: (st_distance(st_transform(s_325.the_geom, 25833), schw_325.schw))
                     ->  Nested Loop  (cost=0.00..97.81 rows=1 width=84)
                           Join Filter: ((st_transform(s_325.the_geom, 25833) && st_expand(schw_325.schw, '300'::double precision)) AND (schw_325.schw && st_expand(st_transform(s_325.the_geom, 25833), '300'::double precision)) AND _st_dwithin(st_transform(s_325.the_geom, 25833), schw_325.schw, '300'::double precision))
                           ->  Function Scan on schw_325  (cost=0.00..0.01 rows=1 width=32)
                           ->  Seq Scan on phoml_trajectory_tmp s_325  (cost=0.00..95.68 rows=17 width=40)
                                 Filter: ((unix_time >= '1685451391.221'::double precision) AND (unix_time <= '1685451451.221'::double precision))
   ->  Subquery Scan on "*SELECT* 327"  (cost=97.82..97.83 rows=1 width=76)
         ->  Limit  (cost=97.82..97.82 rows=1 width=84)
               ->  Sort  (cost=97.82..97.82 rows=1 width=84)
                     Sort Key: (st_distance(st_transform(s_326.the_geom, 25833), schw_326.schw))
                     ->  Nested Loop  (cost=0.00..97.81 rows=1 width=84)
                           Join Filter: ((st_transform(s_326.the_geom, 25833) && st_expand(schw_326.schw, '300'::double precision)) AND (schw_326.schw && st_expand(st_transform(s_326.the_geom, 25833), '300'::double precision)) AND _st_dwithin(st_transform(s_326.the_geom, 25833), schw_326.schw, '300'::double precision))
                           ->  Function Scan on schw_326  (cost=0.00..0.01 rows=1 width=32)
                           ->  Seq Scan on phoml_trajectory_tmp s_326  (cost=0.00..95.68 rows=17 width=40)
                                 Filter: ((unix_time >= '1685451391.562'::double precision) AND (unix_time <= '1685451451.562'::double precision))
   ->  Subquery Scan on "*SELECT* 328"  (cost=97.82..97.83 rows=1 width=76)
         ->  Limit  (cost=97.82..97.82 rows=1 width=84)
               ->  Sort  (cost=97.82..97.82 rows=1 width=84)
                     Sort Key: (st_distance(st_transform(s_327.the_geom, 25833), schw_327.schw))
                     ->  Nested Loop  (cost=0.00..97.81 rows=1 width=84)
                           Join Filter: ((st_transform(s_327.the_geom, 25833) && st_expand(schw_327.schw, '300'::double precision)) AND (schw_327.schw && st_expand(st_transform(s_327.the_geom, 25833), '300'::double precision)) AND _st_dwithin(st_transform(s_327.the_geom, 25833), schw_327.schw, '300'::double precision))
                           ->  Function Scan on schw_327  (cost=0.00..0.01 rows=1 width=32)
                           ->  Seq Scan on phoml_trajectory_tmp s_327  (cost=0.00..95.68 rows=17 width=40)
                                 Filter: ((unix_time >= '1685451391.902'::double precision) AND (unix_time <= '1685451451.902'::double precision))
   ->  Subquery Scan on "*SELECT* 329"  (cost=97.82..97.83 rows=1 width=76)
         ->  Limit  (cost=97.82..97.82 rows=1 width=84)
               ->  Sort  (cost=97.82..97.82 rows=1 width=84)
                     Sort Key: (st_distance(st_transform(s_328.the_geom, 25833), schw_328.schw))
                     ->  Nested Loop  (cost=0.00..97.81 rows=1 width=84)
                           Join Filter: ((st_transform(s_328.the_geom, 25833) && st_expand(schw_328.schw, '300'::double precision)) AND (schw_328.schw && st_expand(st_transform(s_328.the_geom, 25833), '300'::double precision)) AND _st_dwithin(st_transform(s_328.the_geom, 25833), schw_328.schw, '300'::double precision))
                           ->  Function Scan on schw_328  (cost=0.00..0.01 rows=1 width=32)
                           ->  Seq Scan on phoml_trajectory_tmp s_328  (cost=0.00..95.68 rows=17 width=40)
                                 Filter: ((unix_time >= '1685451392.243'::double precision) AND (unix_time <= '1685451452.243'::double precision))
   ->  Subquery Scan on "*SELECT* 330"  (cost=97.82..97.83 rows=1 width=76)
         ->  Limit  (cost=97.82..97.82 rows=1 width=84)
               ->  Sort  (cost=97.82..97.82 rows=1 width=84)
                     Sort Key: (st_distance(st_transform(s_329.the_geom, 25833), schw_329.schw))
                     ->  Nested Loop  (cost=0.00..97.81 rows=1 width=84)
                           Join Filter: ((st_transform(s_329.the_geom, 25833) && st_expand(schw_329.schw, '300'::double precision)) AND (schw_329.schw && st_expand(st_transform(s_329.the_geom, 25833), '300'::double precision)) AND _st_dwithin(st_transform(s_329.the_geom, 25833), schw_329.schw, '300'::double precision))
                           ->  Function Scan on schw_329  (cost=0.00..0.01 rows=1 width=32)
                           ->  Seq Scan on phoml_trajectory_tmp s_329  (cost=0.00..95.68 rows=17 width=40)
                                 Filter: ((unix_time >= '1685451392.593'::double precision) AND (unix_time <= '1685451452.593'::double precision))
   ->  Subquery Scan on "*SELECT* 331"  (cost=97.82..97.83 rows=1 width=76)
         ->  Limit  (cost=97.82..97.82 rows=1 width=84)
               ->  Sort  (cost=97.82..97.82 rows=1 width=84)
                     Sort Key: (st_distance(st_transform(s_330.the_geom, 25833), schw_330.schw))
                     ->  Nested Loop  (cost=0.00..97.81 rows=1 width=84)
                           Join Filter: ((st_transform(s_330.the_geom, 25833) && st_expand(schw_330.schw, '300'::double precision)) AND (schw_330.schw && st_expand(st_transform(s_330.the_geom, 25833), '300'::double precision)) AND _st_dwithin(st_transform(s_330.the_geom, 25833), schw_330.schw, '300'::double precision))
                           ->  Function Scan on schw_330  (cost=0.00..0.01 rows=1 width=32)
                           ->  Seq Scan on phoml_trajectory_tmp s_330  (cost=0.00..95.68 rows=17 width=40)
                                 Filter: ((unix_time >= '1685451392.933'::double precision) AND (unix_time <= '1685451452.933'::double precision))
   ->  Subquery Scan on "*SELECT* 332"  (cost=97.82..97.83 rows=1 width=76)
         ->  Limit  (cost=97.82..97.82 rows=1 width=84)
               ->  Sort  (cost=97.82..97.82 rows=1 width=84)
                     Sort Key: (st_distance(st_transform(s_331.the_geom, 25833), schw_331.schw))
                     ->  Nested Loop  (cost=0.00..97.81 rows=1 width=84)
                           Join Filter: ((st_transform(s_331.the_geom, 25833) && st_expand(schw_331.schw, '300'::double precision)) AND (schw_331.schw && st_expand(st_transform(s_331.the_geom, 25833), '300'::double precision)) AND _st_dwithin(st_transform(s_331.the_geom, 25833), schw_331.schw, '300'::double precision))
                           ->  Function Scan on schw_331  (cost=0.00..0.01 rows=1 width=32)
                           ->  Seq Scan on phoml_trajectory_tmp s_331  (cost=0.00..95.68 rows=17 width=40)
                                 Filter: ((unix_time >= '1685451393.29'::double precision) AND (unix_time <= '1685451453.29'::double precision))
   ->  Subquery Scan on "*SELECT* 333"  (cost=97.82..97.83 rows=1 width=76)
         ->  Limit  (cost=97.82..97.82 rows=1 width=84)
               ->  Sort  (cost=97.82..97.82 rows=1 width=84)
                     Sort Key: (st_distance(st_transform(s_332.the_geom, 25833), schw_332.schw))
                     ->  Nested Loop  (cost=0.00..97.81 rows=1 width=84)
                           Join Filter: ((st_transform(s_332.the_geom, 25833) && st_expand(schw_332.schw, '300'::double precision)) AND (schw_332.schw && st_expand(st_transform(s_332.the_geom, 25833), '300'::double precision)) AND _st_dwithin(st_transform(s_332.the_geom, 25833), schw_332.schw, '300'::double precision))
                           ->  Function Scan on schw_332  (cost=0.00..0.01 rows=1 width=32)
                           ->  Seq Scan on phoml_trajectory_tmp s_332  (cost=0.00..95.68 rows=17 width=40)
                                 Filter: ((unix_time >= '1685451393.64'::double precision) AND (unix_time <= '1685451453.64'::double precision))
   ->  Subquery Scan on "*SELECT* 334"  (cost=97.82..97.83 rows=1 width=76)
         ->  Limit  (cost=97.82..97.82 rows=1 width=84)
               ->  Sort  (cost=97.82..97.82 rows=1 width=84)
                     Sort Key: (st_distance(st_transform(s_333.the_geom, 25833), schw_333.schw))
                     ->  Nested Loop  (cost=0.00..97.81 rows=1 width=84)
                           Join Filter: ((st_transform(s_333.the_geom, 25833) && st_expand(schw_333.schw, '300'::double precision)) AND (schw_333.schw && st_expand(st_transform(s_333.the_geom, 25833), '300'::double precision)) AND _st_dwithin(st_transform(s_333.the_geom, 25833), schw_333.schw, '300'::double precision))
                           ->  Function Scan on schw_333  (cost=0.00..0.01 rows=1 width=32)
                           ->  Seq Scan on phoml_trajectory_tmp s_333  (cost=0.00..95.68 rows=17 width=40)
                                 Filter: ((unix_time >= '1685451393.99'::double precision) AND (unix_time <= '1685451453.99'::double precision))
   ->  Subquery Scan on "*SELECT* 335"  (cost=97.82..97.83 rows=1 width=76)
         ->  Limit  (cost=97.82..97.82 rows=1 width=84)
               ->  Sort  (cost=97.82..97.82 rows=1 width=84)
                     Sort Key: (st_distance(st_transform(s_334.the_geom, 25833), schw_334.schw))
                     ->  Nested Loop  (cost=0.00..97.81 rows=1 width=84)
                           Join Filter: ((st_transform(s_334.the_geom, 25833) && st_expand(schw_334.schw, '300'::double precision)) AND (schw_334.schw && st_expand(st_transform(s_334.the_geom, 25833), '300'::double precision)) AND _st_dwithin(st_transform(s_334.the_geom, 25833), schw_334.schw, '300'::double precision))
                           ->  Function Scan on schw_334  (cost=0.00..0.01 rows=1 width=32)
                           ->  Seq Scan on phoml_trajectory_tmp s_334  (cost=0.00..95.68 rows=17 width=40)
                                 Filter: ((unix_time >= '1685451394.332'::double precision) AND (unix_time <= '1685451454.332'::double precision))
   ->  Subquery Scan on "*SELECT* 336"  (cost=97.82..97.83 rows=1 width=76)
         ->  Limit  (cost=97.82..97.82 rows=1 width=84)
               ->  Sort  (cost=97.82..97.82 rows=1 width=84)
                     Sort Key: (st_distance(st_transform(s_335.the_geom, 25833), schw_335.schw))
                     ->  Nested Loop  (cost=0.00..97.81 rows=1 width=84)
                           Join Filter: ((st_transform(s_335.the_geom, 25833) && st_expand(schw_335.schw, '300'::double precision)) AND (schw_335.schw && st_expand(st_transform(s_335.the_geom, 25833), '300'::double precision)) AND _st_dwithin(st_transform(s_335.the_geom, 25833), schw_335.schw, '300'::double precision))
                           ->  Function Scan on schw_335  (cost=0.00..0.01 rows=1 width=32)
                           ->  Seq Scan on phoml_trajectory_tmp s_335  (cost=0.00..95.68 rows=17 width=40)
                                 Filter: ((unix_time >= '1685451394.672'::double precision) AND (unix_time <= '1685451454.672'::double precision))
   ->  Subquery Scan on "*SELECT* 337"  (cost=97.82..97.83 rows=1 width=76)
         ->  Limit  (cost=97.82..97.82 rows=1 width=84)
               ->  Sort  (cost=97.82..97.82 rows=1 width=84)
                     Sort Key: (st_distance(st_transform(s_336.the_geom, 25833), schw_336.schw))
                     ->  Nested Loop  (cost=0.00..97.81 rows=1 width=84)
                           Join Filter: ((st_transform(s_336.the_geom, 25833) && st_expand(schw_336.schw, '300'::double precision)) AND (schw_336.schw && st_expand(st_transform(s_336.the_geom, 25833), '300'::double precision)) AND _st_dwithin(st_transform(s_336.the_geom, 25833), schw_336.schw, '300'::double precision))
                           ->  Function Scan on schw_336  (cost=0.00..0.01 rows=1 width=32)
                           ->  Seq Scan on phoml_trajectory_tmp s_336  (cost=0.00..95.68 rows=17 width=40)
                                 Filter: ((unix_time >= '1685451395.022'::double precision) AND (unix_time <= '1685451455.022'::double precision))
   ->  Subquery Scan on "*SELECT* 338"  (cost=97.82..97.83 rows=1 width=76)
         ->  Limit  (cost=97.82..97.82 rows=1 width=84)
               ->  Sort  (cost=97.82..97.82 rows=1 width=84)
                     Sort Key: (st_distance(st_transform(s_337.the_geom, 25833), schw_337.schw))
                     ->  Nested Loop  (cost=0.00..97.81 rows=1 width=84)
                           Join Filter: ((st_transform(s_337.the_geom, 25833) && st_expand(schw_337.schw, '300'::double precision)) AND (schw_337.schw && st_expand(st_transform(s_337.the_geom, 25833), '300'::double precision)) AND _st_dwithin(st_transform(s_337.the_geom, 25833), schw_337.schw, '300'::double precision))
                           ->  Function Scan on schw_337  (cost=0.00..0.01 rows=1 width=32)
                           ->  Seq Scan on phoml_trajectory_tmp s_337  (cost=0.00..95.68 rows=17 width=40)
                                 Filter: ((unix_time >= '1685451395.363'::double precision) AND (unix_time <= '1685451455.363'::double precision))
   ->  Subquery Scan on "*SELECT* 339"  (cost=97.82..97.83 rows=1 width=76)
         ->  Limit  (cost=97.82..97.82 rows=1 width=84)
               ->  Sort  (cost=97.82..97.82 rows=1 width=84)
                     Sort Key: (st_distance(st_transform(s_338.the_geom, 25833), schw_338.schw))
                     ->  Nested Loop  (cost=0.00..97.81 rows=1 width=84)
                           Join Filter: ((st_transform(s_338.the_geom, 25833) && st_expand(schw_338.schw, '300'::double precision)) AND (schw_338.schw && st_expand(st_transform(s_338.the_geom, 25833), '300'::double precision)) AND _st_dwithin(st_transform(s_338.the_geom, 25833), schw_338.schw, '300'::double precision))
                           ->  Function Scan on schw_338  (cost=0.00..0.01 rows=1 width=32)
                           ->  Seq Scan on phoml_trajectory_tmp s_338  (cost=0.00..95.68 rows=17 width=40)
                                 Filter: ((unix_time >= '1685451395.703'::double precision) AND (unix_time <= '1685451455.703'::double precision))
   ->  Subquery Scan on "*SELECT* 340"  (cost=97.82..97.83 rows=1 width=76)
         ->  Limit  (cost=97.82..97.82 rows=1 width=84)
               ->  Sort  (cost=97.82..97.82 rows=1 width=84)
                     Sort Key: (st_distance(st_transform(s_339.the_geom, 25833), schw_339.schw))
                     ->  Nested Loop  (cost=0.00..97.81 rows=1 width=84)
                           Join Filter: ((st_transform(s_339.the_geom, 25833) && st_expand(schw_339.schw, '300'::double precision)) AND (schw_339.schw && st_expand(st_transform(s_339.the_geom, 25833), '300'::double precision)) AND _st_dwithin(st_transform(s_339.the_geom, 25833), schw_339.schw, '300'::double precision))
                           ->  Function Scan on schw_339  (cost=0.00..0.01 rows=1 width=32)
                           ->  Seq Scan on phoml_trajectory_tmp s_339  (cost=0.00..95.68 rows=17 width=40)
                                 Filter: ((unix_time >= '1685451396.043'::double precision) AND (unix_time <= '1685451456.043'::double precision))
   ->  Subquery Scan on "*SELECT* 341"  (cost=97.82..97.83 rows=1 width=76)
         ->  Limit  (cost=97.82..97.82 rows=1 width=84)
               ->  Sort  (cost=97.82..97.82 rows=1 width=84)
                     Sort Key: (st_distance(st_transform(s_340.the_geom, 25833), schw_340.schw))
                     ->  Nested Loop  (cost=0.00..97.81 rows=1 width=84)
                           Join Filter: ((st_transform(s_340.the_geom, 25833) && st_expand(schw_340.schw, '300'::double precision)) AND (schw_340.schw && st_expand(st_transform(s_340.the_geom, 25833), '300'::double precision)) AND _st_dwithin(st_transform(s_340.the_geom, 25833), schw_340.schw, '300'::double precision))
                           ->  Function Scan on schw_340  (cost=0.00..0.01 rows=1 width=32)
                           ->  Seq Scan on phoml_trajectory_tmp s_340  (cost=0.00..95.68 rows=17 width=40)
                                 Filter: ((unix_time >= '1685451396.391'::double precision) AND (unix_time <= '1685451456.391'::double precision))
   ->  Subquery Scan on "*SELECT* 342"  (cost=97.82..97.83 rows=1 width=76)
         ->  Limit  (cost=97.82..97.82 rows=1 width=84)
               ->  Sort  (cost=97.82..97.82 rows=1 width=84)
                     Sort Key: (st_distance(st_transform(s_341.the_geom, 25833), schw_341.schw))
                     ->  Nested Loop  (cost=0.00..97.81 rows=1 width=84)
                           Join Filter: ((st_transform(s_341.the_geom, 25833) && st_expand(schw_341.schw, '300'::double precision)) AND (schw_341.schw && st_expand(st_transform(s_341.the_geom, 25833), '300'::double precision)) AND _st_dwithin(st_transform(s_341.the_geom, 25833), schw_341.schw, '300'::double precision))
                           ->  Function Scan on schw_341  (cost=0.00..0.01 rows=1 width=32)
                           ->  Seq Scan on phoml_trajectory_tmp s_341  (cost=0.00..95.68 rows=17 width=40)
                                 Filter: ((unix_time >= '1685451396.721'::double precision) AND (unix_time <= '1685451456.721'::double precision))
   ->  Subquery Scan on "*SELECT* 343"  (cost=97.82..97.83 rows=1 width=76)
         ->  Limit  (cost=97.82..97.82 rows=1 width=84)
               ->  Sort  (cost=97.82..97.82 rows=1 width=84)
                     Sort Key: (st_distance(st_transform(s_342.the_geom, 25833), schw_342.schw))
                     ->  Nested Loop  (cost=0.00..97.81 rows=1 width=84)
                           Join Filter: ((st_transform(s_342.the_geom, 25833) && st_expand(schw_342.schw, '300'::double precision)) AND (schw_342.schw && st_expand(st_transform(s_342.the_geom, 25833), '300'::double precision)) AND _st_dwithin(st_transform(s_342.the_geom, 25833), schw_342.schw, '300'::double precision))
                           ->  Function Scan on schw_342  (cost=0.00..0.01 rows=1 width=32)
                           ->  Seq Scan on phoml_trajectory_tmp s_342  (cost=0.00..95.68 rows=17 width=40)
                                 Filter: ((unix_time >= '1685451397.061'::double precision) AND (unix_time <= '1685451457.061'::double precision))
   ->  Subquery Scan on "*SELECT* 344"  (cost=97.82..97.83 rows=1 width=76)
         ->  Limit  (cost=97.82..97.82 rows=1 width=84)
               ->  Sort  (cost=97.82..97.82 rows=1 width=84)
                     Sort Key: (st_distance(st_transform(s_343.the_geom, 25833), schw_343.schw))
                     ->  Nested Loop  (cost=0.00..97.81 rows=1 width=84)
                           Join Filter: ((st_transform(s_343.the_geom, 25833) && st_expand(schw_343.schw, '300'::double precision)) AND (schw_343.schw && st_expand(st_transform(s_343.the_geom, 25833), '300'::double precision)) AND _st_dwithin(st_transform(s_343.the_geom, 25833), schw_343.schw, '300'::double precision))
                           ->  Function Scan on schw_343  (cost=0.00..0.01 rows=1 width=32)
                           ->  Seq Scan on phoml_trajectory_tmp s_343  (cost=0.00..95.68 rows=17 width=40)
                                 Filter: ((unix_time >= '1685451397.4'::double precision) AND (unix_time <= '1685451457.4'::double precision))
   ->  Subquery Scan on "*SELECT* 345"  (cost=97.82..97.83 rows=1 width=76)
         ->  Limit  (cost=97.82..97.82 rows=1 width=84)
               ->  Sort  (cost=97.82..97.82 rows=1 width=84)
                     Sort Key: (st_distance(st_transform(s_344.the_geom, 25833), schw_344.schw))
                     ->  Nested Loop  (cost=0.00..97.81 rows=1 width=84)
                           Join Filter: ((st_transform(s_344.the_geom, 25833) && st_expand(schw_344.schw, '300'::double precision)) AND (schw_344.schw && st_expand(st_transform(s_344.the_geom, 25833), '300'::double precision)) AND _st_dwithin(st_transform(s_344.the_geom, 25833), schw_344.schw, '300'::double precision))
                           ->  Function Scan on schw_344  (cost=0.00..0.01 rows=1 width=32)
                           ->  Seq Scan on phoml_trajectory_tmp s_344  (cost=0.00..95.68 rows=17 width=40)
                                 Filter: ((unix_time >= '1685451397.73'::double precision) AND (unix_time <= '1685451457.73'::double precision))
   ->  Subquery Scan on "*SELECT* 346"  (cost=97.82..97.83 rows=1 width=76)
         ->  Limit  (cost=97.82..97.82 rows=1 width=84)
               ->  Sort  (cost=97.82..97.82 rows=1 width=84)
                     Sort Key: (st_distance(st_transform(s_345.the_geom, 25833), schw_345.schw))
                     ->  Nested Loop  (cost=0.00..97.81 rows=1 width=84)
                           Join Filter: ((st_transform(s_345.the_geom, 25833) && st_expand(schw_345.schw, '300'::double precision)) AND (schw_345.schw && st_expand(st_transform(s_345.the_geom, 25833), '300'::double precision)) AND _st_dwithin(st_transform(s_345.the_geom, 25833), schw_345.schw, '300'::double precision))
                           ->  Function Scan on schw_345  (cost=0.00..0.01 rows=1 width=32)
                           ->  Seq Scan on phoml_trajectory_tmp s_345  (cost=0.00..95.68 rows=17 width=40)
                                 Filter: ((unix_time >= '1685451398.07'::double precision) AND (unix_time <= '1685451458.07'::double precision))
   ->  Subquery Scan on "*SELECT* 347"  (cost=97.82..97.83 rows=1 width=76)
         ->  Limit  (cost=97.82..97.82 rows=1 width=84)
               ->  Sort  (cost=97.82..97.82 rows=1 width=84)
                     Sort Key: (st_distance(st_transform(s_346.the_geom, 25833), schw_346.schw))
                     ->  Nested Loop  (cost=0.00..97.81 rows=1 width=84)
                           Join Filter: ((st_transform(s_346.the_geom, 25833) && st_expand(schw_346.schw, '300'::double precision)) AND (schw_346.schw && st_expand(st_transform(s_346.the_geom, 25833), '300'::double precision)) AND _st_dwithin(st_transform(s_346.the_geom, 25833), schw_346.schw, '300'::double precision))
                           ->  Function Scan on schw_346  (cost=0.00..0.01 rows=1 width=32)
                           ->  Seq Scan on phoml_trajectory_tmp s_346  (cost=0.00..95.68 rows=17 width=40)
                                 Filter: ((unix_time >= '1685451398.409'::double precision) AND (unix_time <= '1685451458.409'::double precision))
   ->  Subquery Scan on "*SELECT* 348"  (cost=97.82..97.83 rows=1 width=76)
         ->  Limit  (cost=97.82..97.82 rows=1 width=84)
               ->  Sort  (cost=97.82..97.82 rows=1 width=84)
                     Sort Key: (st_distance(st_transform(s_347.the_geom, 25833), schw_347.schw))
                     ->  Nested Loop  (cost=0.00..97.81 rows=1 width=84)
                           Join Filter: ((st_transform(s_347.the_geom, 25833) && st_expand(schw_347.schw, '300'::double precision)) AND (schw_347.schw && st_expand(st_transform(s_347.the_geom, 25833), '300'::double precision)) AND _st_dwithin(st_transform(s_347.the_geom, 25833), schw_347.schw, '300'::double precision))
                           ->  Function Scan on schw_347  (cost=0.00..0.01 rows=1 width=32)
                           ->  Seq Scan on phoml_trajectory_tmp s_347  (cost=0.00..95.68 rows=17 width=40)
                                 Filter: ((unix_time >= '1685451398.739'::double precision) AND (unix_time <= '1685451458.739'::double precision))
   ->  Subquery Scan on "*SELECT* 349"  (cost=97.82..97.83 rows=1 width=76)
         ->  Limit  (cost=97.82..97.82 rows=1 width=84)
               ->  Sort  (cost=97.82..97.82 rows=1 width=84)
                     Sort Key: (st_distance(st_transform(s_348.the_geom, 25833), schw_348.schw))
                     ->  Nested Loop  (cost=0.00..97.81 rows=1 width=84)
                           Join Filter: ((st_transform(s_348.the_geom, 25833) && st_expand(schw_348.schw, '300'::double precision)) AND (schw_348.schw && st_expand(st_transform(s_348.the_geom, 25833), '300'::double precision)) AND _st_dwithin(st_transform(s_348.the_geom, 25833), schw_348.schw, '300'::double precision))
                           ->  Function Scan on schw_348  (cost=0.00..0.01 rows=1 width=32)
                           ->  Seq Scan on phoml_trajectory_tmp s_348  (cost=0.00..95.68 rows=17 width=40)
                                 Filter: ((unix_time >= '1685451399.079'::double precision) AND (unix_time <= '1685451459.079'::double precision))
   ->  Subquery Scan on "*SELECT* 350"  (cost=97.82..97.83 rows=1 width=76)
         ->  Limit  (cost=97.82..97.82 rows=1 width=84)
               ->  Sort  (cost=97.82..97.82 rows=1 width=84)
                     Sort Key: (st_distance(st_transform(s_349.the_geom, 25833), schw_349.schw))
                     ->  Nested Loop  (cost=0.00..97.81 rows=1 width=84)
                           Join Filter: ((st_transform(s_349.the_geom, 25833) && st_expand(schw_349.schw, '300'::double precision)) AND (schw_349.schw && st_expand(st_transform(s_349.the_geom, 25833), '300'::double precision)) AND _st_dwithin(st_transform(s_349.the_geom, 25833), schw_349.schw, '300'::double precision))
                           ->  Function Scan on schw_349  (cost=0.00..0.01 rows=1 width=32)
                           ->  Seq Scan on phoml_trajectory_tmp s_349  (cost=0.00..95.68 rows=17 width=40)
                                 Filter: ((unix_time >= '1685451399.405'::double precision) AND (unix_time <= '1685451459.405'::double precision))
   ->  Subquery Scan on "*SELECT* 351"  (cost=97.82..97.83 rows=1 width=76)
         ->  Limit  (cost=97.82..97.82 rows=1 width=84)
               ->  Sort  (cost=97.82..97.82 rows=1 width=84)
                     Sort Key: (st_distance(st_transform(s_350.the_geom, 25833), schw_350.schw))
                     ->  Nested Loop  (cost=0.00..97.81 rows=1 width=84)
                           Join Filter: ((st_transform(s_350.the_geom, 25833) && st_expand(schw_350.schw, '300'::double precision)) AND (schw_350.schw && st_expand(st_transform(s_350.the_geom, 25833), '300'::double precision)) AND _st_dwithin(st_transform(s_350.the_geom, 25833), schw_350.schw, '300'::double precision))
                           ->  Function Scan on schw_350  (cost=0.00..0.01 rows=1 width=32)
                           ->  Seq Scan on phoml_trajectory_tmp s_350  (cost=0.00..95.68 rows=17 width=40)
                                 Filter: ((unix_time >= '1685451399.745'::double precision) AND (unix_time <= '1685451459.745'::double precision))
   ->  Subquery Scan on "*SELECT* 352"  (cost=97.82..97.83 rows=1 width=76)
         ->  Limit  (cost=97.82..97.82 rows=1 width=84)
               ->  Sort  (cost=97.82..97.82 rows=1 width=84)
                     Sort Key: (st_distance(st_transform(s_351.the_geom, 25833), schw_351.schw))
                     ->  Nested Loop  (cost=0.00..97.81 rows=1 width=84)
                           Join Filter: ((st_transform(s_351.the_geom, 25833) && st_expand(schw_351.schw, '300'::double precision)) AND (schw_351.schw && st_expand(st_transform(s_351.the_geom, 25833), '300'::double precision)) AND _st_dwithin(st_transform(s_351.the_geom, 25833), schw_351.schw, '300'::double precision))
                           ->  Function Scan on schw_351  (cost=0.00..0.01 rows=1 width=32)
                           ->  Seq Scan on phoml_trajectory_tmp s_351  (cost=0.00..95.68 rows=17 width=40)
                                 Filter: ((unix_time >= '1685451400.085'::double precision) AND (unix_time <= '1685451460.085'::double precision))
   ->  Subquery Scan on "*SELECT* 353"  (cost=97.82..97.83 rows=1 width=76)
         ->  Limit  (cost=97.82..97.82 rows=1 width=84)
               ->  Sort  (cost=97.82..97.82 rows=1 width=84)
                     Sort Key: (st_distance(st_transform(s_352.the_geom, 25833), schw_352.schw))
                     ->  Nested Loop  (cost=0.00..97.81 rows=1 width=84)
                           Join Filter: ((st_transform(s_352.the_geom, 25833) && st_expand(schw_352.schw, '300'::double precision)) AND (schw_352.schw && st_expand(st_transform(s_352.the_geom, 25833), '300'::double precision)) AND _st_dwithin(st_transform(s_352.the_geom, 25833), schw_352.schw, '300'::double precision))
                           ->  Function Scan on schw_352  (cost=0.00..0.01 rows=1 width=32)
                           ->  Seq Scan on phoml_trajectory_tmp s_352  (cost=0.00..95.68 rows=17 width=40)
                                 Filter: ((unix_time >= '1685451400.421'::double precision) AND (unix_time <= '1685451460.421'::double precision))
   ->  Subquery Scan on "*SELECT* 354"  (cost=97.82..97.83 rows=1 width=76)
         ->  Limit  (cost=97.82..97.82 rows=1 width=84)
               ->  Sort  (cost=97.82..97.82 rows=1 width=84)
                     Sort Key: (st_distance(st_transform(s_353.the_geom, 25833), schw_353.schw))
                     ->  Nested Loop  (cost=0.00..97.81 rows=1 width=84)
                           Join Filter: ((st_transform(s_353.the_geom, 25833) && st_expand(schw_353.schw, '300'::double precision)) AND (schw_353.schw && st_expand(st_transform(s_353.the_geom, 25833), '300'::double precision)) AND _st_dwithin(st_transform(s_353.the_geom, 25833), schw_353.schw, '300'::double precision))
                           ->  Function Scan on schw_353  (cost=0.00..0.01 rows=1 width=32)
                           ->  Seq Scan on phoml_trajectory_tmp s_353  (cost=0.00..95.68 rows=17 width=40)
                                 Filter: ((unix_time >= '1685451400.751'::double precision) AND (unix_time <= '1685451460.751'::double precision))
   ->  Subquery Scan on "*SELECT* 355"  (cost=97.82..97.83 rows=1 width=76)
         ->  Limit  (cost=97.82..97.82 rows=1 width=84)
               ->  Sort  (cost=97.82..97.82 rows=1 width=84)
                     Sort Key: (st_distance(st_transform(s_354.the_geom, 25833), schw_354.schw))
                     ->  Nested Loop  (cost=0.00..97.81 rows=1 width=84)
                           Join Filter: ((st_transform(s_354.the_geom, 25833) && st_expand(schw_354.schw, '300'::double precision)) AND (schw_354.schw && st_expand(st_transform(s_354.the_geom, 25833), '300'::double precision)) AND _st_dwithin(st_transform(s_354.the_geom, 25833), schw_354.schw, '300'::double precision))
                           ->  Function Scan on schw_354  (cost=0.00..0.01 rows=1 width=32)
                           ->  Seq Scan on phoml_trajectory_tmp s_354  (cost=0.00..95.68 rows=17 width=40)
                                 Filter: ((unix_time >= '1685451401.091'::double precision) AND (unix_time <= '1685451461.091'::double precision))
   ->  Subquery Scan on "*SELECT* 356"  (cost=97.82..97.83 rows=1 width=76)
         ->  Limit  (cost=97.82..97.82 rows=1 width=84)
               ->  Sort  (cost=97.82..97.82 rows=1 width=84)
                     Sort Key: (st_distance(st_transform(s_355.the_geom, 25833), schw_355.schw))
                     ->  Nested Loop  (cost=0.00..97.81 rows=1 width=84)
                           Join Filter: ((st_transform(s_355.the_geom, 25833) && st_expand(schw_355.schw, '300'::double precision)) AND (schw_355.schw && st_expand(st_transform(s_355.the_geom, 25833), '300'::double precision)) AND _st_dwithin(st_transform(s_355.the_geom, 25833), schw_355.schw, '300'::double precision))
                           ->  Function Scan on schw_355  (cost=0.00..0.01 rows=1 width=32)
                           ->  Seq Scan on phoml_trajectory_tmp s_355  (cost=0.00..95.68 rows=17 width=40)
                                 Filter: ((unix_time >= '1685451401.417'::double precision) AND (unix_time <= '1685451461.417'::double precision))
   ->  Subquery Scan on "*SELECT* 357"  (cost=97.82..97.83 rows=1 width=76)
         ->  Limit  (cost=97.82..97.82 rows=1 width=84)
               ->  Sort  (cost=97.82..97.82 rows=1 width=84)
                     Sort Key: (st_distance(st_transform(s_356.the_geom, 25833), schw_356.schw))
                     ->  Nested Loop  (cost=0.00..97.81 rows=1 width=84)
                           Join Filter: ((st_transform(s_356.the_geom, 25833) && st_expand(schw_356.schw, '300'::double precision)) AND (schw_356.schw && st_expand(st_transform(s_356.the_geom, 25833), '300'::double precision)) AND _st_dwithin(st_transform(s_356.the_geom, 25833), schw_356.schw, '300'::double precision))
                           ->  Function Scan on schw_356  (cost=0.00..0.01 rows=1 width=32)
                           ->  Seq Scan on phoml_trajectory_tmp s_356  (cost=0.00..95.68 rows=17 width=40)
                                 Filter: ((unix_time >= '1685451401.757'::double precision) AND (unix_time <= '1685451461.757'::double precision))
   ->  Subquery Scan on "*SELECT* 358"  (cost=97.82..97.83 rows=1 width=76)
         ->  Limit  (cost=97.82..97.82 rows=1 width=84)
               ->  Sort  (cost=97.82..97.82 rows=1 width=84)
                     Sort Key: (st_distance(st_transform(s_357.the_geom, 25833), schw_357.schw))
                     ->  Nested Loop  (cost=0.00..97.81 rows=1 width=84)
                           Join Filter: ((st_transform(s_357.the_geom, 25833) && st_expand(schw_357.schw, '300'::double precision)) AND (schw_357.schw && st_expand(st_transform(s_357.the_geom, 25833), '300'::double precision)) AND _st_dwithin(st_transform(s_357.the_geom, 25833), schw_357.schw, '300'::double precision))
                           ->  Function Scan on schw_357  (cost=0.00..0.01 rows=1 width=32)
                           ->  Seq Scan on phoml_trajectory_tmp s_357  (cost=0.00..95.68 rows=17 width=40)
                                 Filter: ((unix_time >= '1685451402.097'::double precision) AND (unix_time <= '1685451462.097'::double precision))
   ->  Subquery Scan on "*SELECT* 359"  (cost=97.82..97.83 rows=1 width=76)
         ->  Limit  (cost=97.82..97.82 rows=1 width=84)
               ->  Sort  (cost=97.82..97.82 rows=1 width=84)
                     Sort Key: (st_distance(st_transform(s_358.the_geom, 25833), schw_358.schw))
                     ->  Nested Loop  (cost=0.00..97.81 rows=1 width=84)
                           Join Filter: ((st_transform(s_358.the_geom, 25833) && st_expand(schw_358.schw, '300'::double precision)) AND (schw_358.schw && st_expand(st_transform(s_358.the_geom, 25833), '300'::double precision)) AND _st_dwithin(st_transform(s_358.the_geom, 25833), schw_358.schw, '300'::double precision))
                           ->  Function Scan on schw_358  (cost=0.00..0.01 rows=1 width=32)
                           ->  Seq Scan on phoml_trajectory_tmp s_358  (cost=0.00..95.68 rows=17 width=40)
                                 Filter: ((unix_time >= '1685451402.421'::double precision) AND (unix_time <= '1685451462.421'::double precision))
   ->  Subquery Scan on "*SELECT* 360"  (cost=97.82..97.83 rows=1 width=76)
         ->  Limit  (cost=97.82..97.82 rows=1 width=84)
               ->  Sort  (cost=97.82..97.82 rows=1 width=84)
                     Sort Key: (st_distance(st_transform(s_359.the_geom, 25833), schw_359.schw))
                     ->  Nested Loop  (cost=0.00..97.81 rows=1 width=84)
                           Join Filter: ((st_transform(s_359.the_geom, 25833) && st_expand(schw_359.schw, '300'::double precision)) AND (schw_359.schw && st_expand(st_transform(s_359.the_geom, 25833), '300'::double precision)) AND _st_dwithin(st_transform(s_359.the_geom, 25833), schw_359.schw, '300'::double precision))
                           ->  Function Scan on schw_359  (cost=0.00..0.01 rows=1 width=32)
                           ->  Seq Scan on phoml_trajectory_tmp s_359  (cost=0.00..95.68 rows=17 width=40)
                                 Filter: ((unix_time >= '1685451402.771'::double precision) AND (unix_time <= '1685451462.771'::double precision))
   ->  Subquery Scan on "*SELECT* 361"  (cost=97.82..97.83 rows=1 width=76)
         ->  Limit  (cost=97.82..97.82 rows=1 width=84)
               ->  Sort  (cost=97.82..97.82 rows=1 width=84)
                     Sort Key: (st_distance(st_transform(s_360.the_geom, 25833), schw_360.schw))
                     ->  Nested Loop  (cost=0.00..97.81 rows=1 width=84)
                           Join Filter: ((st_transform(s_360.the_geom, 25833) && st_expand(schw_360.schw, '300'::double precision)) AND (schw_360.schw && st_expand(st_transform(s_360.the_geom, 25833), '300'::double precision)) AND _st_dwithin(st_transform(s_360.the_geom, 25833), schw_360.schw, '300'::double precision))
                           ->  Function Scan on schw_360  (cost=0.00..0.01 rows=1 width=32)
                           ->  Seq Scan on phoml_trajectory_tmp s_360  (cost=0.00..95.68 rows=17 width=40)
                                 Filter: ((unix_time >= '1685451403.101'::double precision) AND (unix_time <= '1685451463.101'::double precision))
   ->  Subquery Scan on "*SELECT* 362"  (cost=97.82..97.83 rows=1 width=76)
         ->  Limit  (cost=97.82..97.82 rows=1 width=84)
               ->  Sort  (cost=97.82..97.82 rows=1 width=84)
                     Sort Key: (st_distance(st_transform(s_361.the_geom, 25833), schw_361.schw))
                     ->  Nested Loop  (cost=0.00..97.81 rows=1 width=84)
                           Join Filter: ((st_transform(s_361.the_geom, 25833) && st_expand(schw_361.schw, '300'::double precision)) AND (schw_361.schw && st_expand(st_transform(s_361.the_geom, 25833), '300'::double precision)) AND _st_dwithin(st_transform(s_361.the_geom, 25833), schw_361.schw, '300'::double precision))
                           ->  Function Scan on schw_361  (cost=0.00..0.01 rows=1 width=32)
                           ->  Seq Scan on phoml_trajectory_tmp s_361  (cost=0.00..95.68 rows=17 width=40)
                                 Filter: ((unix_time >= '1685451403.444'::double precision) AND (unix_time <= '1685451463.444'::double precision))
   ->  Subquery Scan on "*SELECT* 363"  (cost=97.82..97.83 rows=1 width=76)
         ->  Limit  (cost=97.82..97.82 rows=1 width=84)
               ->  Sort  (cost=97.82..97.82 rows=1 width=84)
                     Sort Key: (st_distance(st_transform(s_362.the_geom, 25833), schw_362.schw))
                     ->  Nested Loop  (cost=0.00..97.81 rows=1 width=84)
                           Join Filter: ((st_transform(s_362.the_geom, 25833) && st_expand(schw_362.schw, '300'::double precision)) AND (schw_362.schw && st_expand(st_transform(s_362.the_geom, 25833), '300'::double precision)) AND _st_dwithin(st_transform(s_362.the_geom, 25833), schw_362.schw, '300'::double precision))
                           ->  Function Scan on schw_362  (cost=0.00..0.01 rows=1 width=32)
                           ->  Seq Scan on phoml_trajectory_tmp s_362  (cost=0.00..95.68 rows=17 width=40)
                                 Filter: ((unix_time >= '1685451403.774'::double precision) AND (unix_time <= '1685451463.774'::double precision))
   ->  Subquery Scan on "*SELECT* 364"  (cost=97.82..97.83 rows=1 width=76)
         ->  Limit  (cost=97.82..97.82 rows=1 width=84)
               ->  Sort  (cost=97.82..97.82 rows=1 width=84)
                     Sort Key: (st_distance(st_transform(s_363.the_geom, 25833), schw_363.schw))
                     ->  Nested Loop  (cost=0.00..97.81 rows=1 width=84)
                           Join Filter: ((st_transform(s_363.the_geom, 25833) && st_expand(schw_363.schw, '300'::double precision)) AND (schw_363.schw && st_expand(st_transform(s_363.the_geom, 25833), '300'::double precision)) AND _st_dwithin(st_transform(s_363.the_geom, 25833), schw_363.schw, '300'::double precision))
                           ->  Function Scan on schw_363  (cost=0.00..0.01 rows=1 width=32)
                           ->  Seq Scan on phoml_trajectory_tmp s_363  (cost=0.00..95.68 rows=17 width=40)
                                 Filter: ((unix_time >= '1685451404.114'::double precision) AND (unix_time <= '1685451464.114'::double precision))
   ->  Subquery Scan on "*SELECT* 365"  (cost=97.82..97.83 rows=1 width=76)
         ->  Limit  (cost=97.82..97.82 rows=1 width=84)
               ->  Sort  (cost=97.82..97.82 rows=1 width=84)
                     Sort Key: (st_distance(st_transform(s_364.the_geom, 25833), schw_364.schw))
                     ->  Nested Loop  (cost=0.00..97.81 rows=1 width=84)
                           Join Filter: ((st_transform(s_364.the_geom, 25833) && st_expand(schw_364.schw, '300'::double precision)) AND (schw_364.schw && st_expand(st_transform(s_364.the_geom, 25833), '300'::double precision)) AND _st_dwithin(st_transform(s_364.the_geom, 25833), schw_364.schw, '300'::double precision))
                           ->  Function Scan on schw_364  (cost=0.00..0.01 rows=1 width=32)
                           ->  Seq Scan on phoml_trajectory_tmp s_364  (cost=0.00..95.68 rows=17 width=40)
                                 Filter: ((unix_time >= '1685451404.444'::double precision) AND (unix_time <= '1685451464.444'::double precision))
   ->  Subquery Scan on "*SELECT* 366"  (cost=97.82..97.83 rows=1 width=76)
         ->  Limit  (cost=97.82..97.82 rows=1 width=84)
               ->  Sort  (cost=97.82..97.82 rows=1 width=84)
                     Sort Key: (st_distance(st_transform(s_365.the_geom, 25833), schw_365.schw))
                     ->  Nested Loop  (cost=0.00..97.81 rows=1 width=84)
                           Join Filter: ((st_transform(s_365.the_geom, 25833) && st_expand(schw_365.schw, '300'::double precision)) AND (schw_365.schw && st_expand(st_transform(s_365.the_geom, 25833), '300'::double precision)) AND _st_dwithin(st_transform(s_365.the_geom, 25833), schw_365.schw, '300'::double precision))
                           ->  Function Scan on schw_365  (cost=0.00..0.01 rows=1 width=32)
                           ->  Seq Scan on phoml_trajectory_tmp s_365  (cost=0.00..95.68 rows=17 width=40)
                                 Filter: ((unix_time >= '1685451404.794'::double precision) AND (unix_time <= '1685451464.794'::double precision))
   ->  Subquery Scan on "*SELECT* 367"  (cost=97.82..97.83 rows=1 width=76)
         ->  Limit  (cost=97.82..97.82 rows=1 width=84)
               ->  Sort  (cost=97.82..97.82 rows=1 width=84)
                     Sort Key: (st_distance(st_transform(s_366.the_geom, 25833), schw_366.schw))
                     ->  Nested Loop  (cost=0.00..97.81 rows=1 width=84)
                           Join Filter: ((st_transform(s_366.the_geom, 25833) && st_expand(schw_366.schw, '300'::double precision)) AND (schw_366.schw && st_expand(st_transform(s_366.the_geom, 25833), '300'::double precision)) AND _st_dwithin(st_transform(s_366.the_geom, 25833), schw_366.schw, '300'::double precision))
                           ->  Function Scan on schw_366  (cost=0.00..0.01 rows=1 width=32)
                           ->  Seq Scan on phoml_trajectory_tmp s_366  (cost=0.00..95.68 rows=17 width=40)
                                 Filter: ((unix_time >= '1685451405.124'::double precision) AND (unix_time <= '1685451465.124'::double precision))
   ->  Subquery Scan on "*SELECT* 368"  (cost=97.82..97.83 rows=1 width=76)
         ->  Limit  (cost=97.82..97.82 rows=1 width=84)
               ->  Sort  (cost=97.82..97.82 rows=1 width=84)
                     Sort Key: (st_distance(st_transform(s_367.the_geom, 25833), schw_367.schw))
                     ->  Nested Loop  (cost=0.00..97.81 rows=1 width=84)
                           Join Filter: ((st_transform(s_367.the_geom, 25833) && st_expand(schw_367.schw, '300'::double precision)) AND (schw_367.schw && st_expand(st_transform(s_367.the_geom, 25833), '300'::double precision)) AND _st_dwithin(st_transform(s_367.the_geom, 25833), schw_367.schw, '300'::double precision))
                           ->  Function Scan on schw_367  (cost=0.00..0.01 rows=1 width=32)
                           ->  Seq Scan on phoml_trajectory_tmp s_367  (cost=0.00..95.68 rows=17 width=40)
                                 Filter: ((unix_time >= '1685451405.465'::double precision) AND (unix_time <= '1685451465.465'::double precision))
   ->  Subquery Scan on "*SELECT* 369"  (cost=97.82..97.83 rows=1 width=76)
         ->  Limit  (cost=97.82..97.82 rows=1 width=84)
               ->  Sort  (cost=97.82..97.82 rows=1 width=84)
                     Sort Key: (st_distance(st_transform(s_368.the_geom, 25833), schw_368.schw))
                     ->  Nested Loop  (cost=0.00..97.81 rows=1 width=84)
                           Join Filter: ((st_transform(s_368.the_geom, 25833) && st_expand(schw_368.schw, '300'::double precision)) AND (schw_368.schw && st_expand(st_transform(s_368.the_geom, 25833), '300'::double precision)) AND _st_dwithin(st_transform(s_368.the_geom, 25833), schw_368.schw, '300'::double precision))
                           ->  Function Scan on schw_368  (cost=0.00..0.01 rows=1 width=32)
                           ->  Seq Scan on phoml_trajectory_tmp s_368  (cost=0.00..95.68 rows=17 width=40)
                                 Filter: ((unix_time >= '1685451405.805'::double precision) AND (unix_time <= '1685451465.805'::double precision))
   ->  Subquery Scan on "*SELECT* 370"  (cost=97.82..97.83 rows=1 width=76)
         ->  Limit  (cost=97.82..97.82 rows=1 width=84)
               ->  Sort  (cost=97.82..97.82 rows=1 width=84)
                     Sort Key: (st_distance(st_transform(s_369.the_geom, 25833), schw_369.schw))
                     ->  Nested Loop  (cost=0.00..97.81 rows=1 width=84)
                           Join Filter: ((st_transform(s_369.the_geom, 25833) && st_expand(schw_369.schw, '300'::double precision)) AND (schw_369.schw && st_expand(st_transform(s_369.the_geom, 25833), '300'::double precision)) AND _st_dwithin(st_transform(s_369.the_geom, 25833), schw_369.schw, '300'::double precision))
                           ->  Function Scan on schw_369  (cost=0.00..0.01 rows=1 width=32)
                           ->  Seq Scan on phoml_trajectory_tmp s_369  (cost=0.00..95.68 rows=17 width=40)
                                 Filter: ((unix_time >= '1685451406.153'::double precision) AND (unix_time <= '1685451466.153'::double precision))
   ->  Subquery Scan on "*SELECT* 371"  (cost=97.82..97.83 rows=1 width=76)
         ->  Limit  (cost=97.82..97.82 rows=1 width=84)
               ->  Sort  (cost=97.82..97.82 rows=1 width=84)
                     Sort Key: (st_distance(st_transform(s_370.the_geom, 25833), schw_370.schw))
                     ->  Nested Loop  (cost=0.00..97.81 rows=1 width=84)
                           Join Filter: ((st_transform(s_370.the_geom, 25833) && st_expand(schw_370.schw, '300'::double precision)) AND (schw_370.schw && st_expand(st_transform(s_370.the_geom, 25833), '300'::double precision)) AND _st_dwithin(st_transform(s_370.the_geom, 25833), schw_370.schw, '300'::double precision))
                           ->  Function Scan on schw_370  (cost=0.00..0.01 rows=1 width=32)
                           ->  Seq Scan on phoml_trajectory_tmp s_370  (cost=0.00..95.68 rows=17 width=40)
                                 Filter: ((unix_time >= '1685451406.483'::double precision) AND (unix_time <= '1685451466.483'::double precision))
   ->  Subquery Scan on "*SELECT* 372"  (cost=97.82..97.83 rows=1 width=76)
         ->  Limit  (cost=97.82..97.82 rows=1 width=84)
               ->  Sort  (cost=97.82..97.82 rows=1 width=84)
                     Sort Key: (st_distance(st_transform(s_371.the_geom, 25833), schw_371.schw))
                     ->  Nested Loop  (cost=0.00..97.81 rows=1 width=84)
                           Join Filter: ((st_transform(s_371.the_geom, 25833) && st_expand(schw_371.schw, '300'::double precision)) AND (schw_371.schw && st_expand(st_transform(s_371.the_geom, 25833), '300'::double precision)) AND _st_dwithin(st_transform(s_371.the_geom, 25833), schw_371.schw, '300'::double precision))
                           ->  Function Scan on schw_371  (cost=0.00..0.01 rows=1 width=32)
                           ->  Seq Scan on phoml_trajectory_tmp s_371  (cost=0.00..95.68 rows=17 width=40)
                                 Filter: ((unix_time >= '1685451406.813'::double precision) AND (unix_time <= '1685451466.813'::double precision))
   ->  Subquery Scan on "*SELECT* 373"  (cost=97.82..97.83 rows=1 width=76)
         ->  Limit  (cost=97.82..97.82 rows=1 width=84)
               ->  Sort  (cost=97.82..97.82 rows=1 width=84)
                     Sort Key: (st_distance(st_transform(s_372.the_geom, 25833), schw_372.schw))
                     ->  Nested Loop  (cost=0.00..97.81 rows=1 width=84)
                           Join Filter: ((st_transform(s_372.the_geom, 25833) && st_expand(schw_372.schw, '300'::double precision)) AND (schw_372.schw && st_expand(st_transform(s_372.the_geom, 25833), '300'::double precision)) AND _st_dwithin(st_transform(s_372.the_geom, 25833), schw_372.schw, '300'::double precision))
                           ->  Function Scan on schw_372  (cost=0.00..0.01 rows=1 width=32)
                           ->  Seq Scan on phoml_trajectory_tmp s_372  (cost=0.00..95.68 rows=17 width=40)
                                 Filter: ((unix_time >= '1685451407.169'::double precision) AND (unix_time <= '1685451467.169'::double precision))
   ->  Subquery Scan on "*SELECT* 374"  (cost=97.82..97.83 rows=1 width=76)
         ->  Limit  (cost=97.82..97.82 rows=1 width=84)
               ->  Sort  (cost=97.82..97.82 rows=1 width=84)
                     Sort Key: (st_distance(st_transform(s_373.the_geom, 25833), schw_373.schw))
                     ->  Nested Loop  (cost=0.00..97.81 rows=1 width=84)
                           Join Filter: ((st_transform(s_373.the_geom, 25833) && st_expand(schw_373.schw, '300'::double precision)) AND (schw_373.schw && st_expand(st_transform(s_373.the_geom, 25833), '300'::double precision)) AND _st_dwithin(st_transform(s_373.the_geom, 25833), schw_373.schw, '300'::double precision))
                           ->  Function Scan on schw_373  (cost=0.00..0.01 rows=1 width=32)
                           ->  Seq Scan on phoml_trajectory_tmp s_373  (cost=0.00..95.68 rows=17 width=40)
                                 Filter: ((unix_time >= '1685451407.5'::double precision) AND (unix_time <= '1685451467.5'::double precision))
   ->  Subquery Scan on "*SELECT* 375"  (cost=97.82..97.83 rows=1 width=76)
         ->  Limit  (cost=97.82..97.82 rows=1 width=84)
               ->  Sort  (cost=97.82..97.82 rows=1 width=84)
                     Sort Key: (st_distance(st_transform(s_374.the_geom, 25833), schw_374.schw))
                     ->  Nested Loop  (cost=0.00..97.81 rows=1 width=84)
                           Join Filter: ((st_transform(s_374.the_geom, 25833) && st_expand(schw_374.schw, '300'::double precision)) AND (schw_374.schw && st_expand(st_transform(s_374.the_geom, 25833), '300'::double precision)) AND _st_dwithin(st_transform(s_374.the_geom, 25833), schw_374.schw, '300'::double precision))
                           ->  Function Scan on schw_374  (cost=0.00..0.01 rows=1 width=32)
                           ->  Seq Scan on phoml_trajectory_tmp s_374  (cost=0.00..95.68 rows=17 width=40)
                                 Filter: ((unix_time >= '1685451407.829'::double precision) AND (unix_time <= '1685451467.829'::double precision))
   ->  Subquery Scan on "*SELECT* 376"  (cost=97.82..97.83 rows=1 width=76)
         ->  Limit  (cost=97.82..97.82 rows=1 width=84)
               ->  Sort  (cost=97.82..97.82 rows=1 width=84)
                     Sort Key: (st_distance(st_transform(s_375.the_geom, 25833), schw_375.schw))
                     ->  Nested Loop  (cost=0.00..97.81 rows=1 width=84)
                           Join Filter: ((st_transform(s_375.the_geom, 25833) && st_expand(schw_375.schw, '300'::double precision)) AND (schw_375.schw && st_expand(st_transform(s_375.the_geom, 25833), '300'::double precision)) AND _st_dwithin(st_transform(s_375.the_geom, 25833), schw_375.schw, '300'::double precision))
                           ->  Function Scan on schw_375  (cost=0.00..0.01 rows=1 width=32)
                           ->  Seq Scan on phoml_trajectory_tmp s_375  (cost=0.00..95.68 rows=17 width=40)
                                 Filter: ((unix_time >= '1685451408.181'::double precision) AND (unix_time <= '1685451468.181'::double precision))
   ->  Subquery Scan on "*SELECT* 377"  (cost=97.82..97.83 rows=1 width=76)
         ->  Limit  (cost=97.82..97.82 rows=1 width=84)
               ->  Sort  (cost=97.82..97.82 rows=1 width=84)
                     Sort Key: (st_distance(st_transform(s_376.the_geom, 25833), schw_376.schw))
                     ->  Nested Loop  (cost=0.00..97.81 rows=1 width=84)
                           Join Filter: ((st_transform(s_376.the_geom, 25833) && st_expand(schw_376.schw, '300'::double precision)) AND (schw_376.schw && st_expand(st_transform(s_376.the_geom, 25833), '300'::double precision)) AND _st_dwithin(st_transform(s_376.the_geom, 25833), schw_376.schw, '300'::double precision))
                           ->  Function Scan on schw_376  (cost=0.00..0.01 rows=1 width=32)
                           ->  Seq Scan on phoml_trajectory_tmp s_376  (cost=0.00..95.68 rows=17 width=40)
                                 Filter: ((unix_time >= '1685451408.521'::double precision) AND (unix_time <= '1685451468.521'::double precision))
   ->  Subquery Scan on "*SELECT* 378"  (cost=97.82..97.83 rows=1 width=76)
         ->  Limit  (cost=97.82..97.82 rows=1 width=84)
               ->  Sort  (cost=97.82..97.82 rows=1 width=84)
                     Sort Key: (st_distance(st_transform(s_377.the_geom, 25833), schw_377.schw))
                     ->  Nested Loop  (cost=0.00..97.81 rows=1 width=84)
                           Join Filter: ((st_transform(s_377.the_geom, 25833) && st_expand(schw_377.schw, '300'::double precision)) AND (schw_377.schw && st_expand(st_transform(s_377.the_geom, 25833), '300'::double precision)) AND _st_dwithin(st_transform(s_377.the_geom, 25833), schw_377.schw, '300'::double precision))
                           ->  Function Scan on schw_377  (cost=0.00..0.01 rows=1 width=32)
                           ->  Seq Scan on phoml_trajectory_tmp s_377  (cost=0.00..95.68 rows=17 width=40)
                                 Filter: ((unix_time >= '1685451408.861'::double precision) AND (unix_time <= '1685451468.861'::double precision))
   ->  Subquery Scan on "*SELECT* 379"  (cost=97.82..97.83 rows=1 width=76)
         ->  Limit  (cost=97.82..97.82 rows=1 width=84)
               ->  Sort  (cost=97.82..97.82 rows=1 width=84)
                     Sort Key: (st_distance(st_transform(s_378.the_geom, 25833), schw_378.schw))
                     ->  Nested Loop  (cost=0.00..97.81 rows=1 width=84)
                           Join Filter: ((st_transform(s_378.the_geom, 25833) && st_expand(schw_378.schw, '300'::double precision)) AND (schw_378.schw && st_expand(st_transform(s_378.the_geom, 25833), '300'::double precision)) AND _st_dwithin(st_transform(s_378.the_geom, 25833), schw_378.schw, '300'::double precision))
                           ->  Function Scan on schw_378  (cost=0.00..0.01 rows=1 width=32)
                           ->  Seq Scan on phoml_trajectory_tmp s_378  (cost=0.00..95.68 rows=17 width=40)
                                 Filter: ((unix_time >= '1685451409.194'::double precision) AND (unix_time <= '1685451469.194'::double precision))
   ->  Subquery Scan on "*SELECT* 380"  (cost=97.82..97.83 rows=1 width=76)
         ->  Limit  (cost=97.82..97.82 rows=1 width=84)
               ->  Sort  (cost=97.82..97.82 rows=1 width=84)
                     Sort Key: (st_distance(st_transform(s_379.the_geom, 25833), schw_379.schw))
                     ->  Nested Loop  (cost=0.00..97.81 rows=1 width=84)
                           Join Filter: ((st_transform(s_379.the_geom, 25833) && st_expand(schw_379.schw, '300'::double precision)) AND (schw_379.schw && st_expand(st_transform(s_379.the_geom, 25833), '300'::double precision)) AND _st_dwithin(st_transform(s_379.the_geom, 25833), schw_379.schw, '300'::double precision))
                           ->  Function Scan on schw_379  (cost=0.00..0.01 rows=1 width=32)
                           ->  Seq Scan on phoml_trajectory_tmp s_379  (cost=0.00..95.68 rows=17 width=40)
                                 Filter: ((unix_time >= '1685451409.524'::double precision) AND (unix_time <= '1685451469.524'::double precision))
   ->  Subquery Scan on "*SELECT* 381"  (cost=97.82..97.83 rows=1 width=76)
         ->  Limit  (cost=97.82..97.82 rows=1 width=84)
               ->  Sort  (cost=97.82..97.82 rows=1 width=84)
                     Sort Key: (st_distance(st_transform(s_380.the_geom, 25833), schw_380.schw))
                     ->  Nested Loop  (cost=0.00..97.81 rows=1 width=84)
                           Join Filter: ((st_transform(s_380.the_geom, 25833) && st_expand(schw_380.schw, '300'::double precision)) AND (schw_380.schw && st_expand(st_transform(s_380.the_geom, 25833), '300'::double precision)) AND _st_dwithin(st_transform(s_380.the_geom, 25833), schw_380.schw, '300'::double precision))
                           ->  Function Scan on schw_380  (cost=0.00..0.01 rows=1 width=32)
                           ->  Seq Scan on phoml_trajectory_tmp s_380  (cost=0.00..95.68 rows=17 width=40)
                                 Filter: ((unix_time >= '1685451409.874'::double precision) AND (unix_time <= '1685451469.874'::double precision))
   ->  Subquery Scan on "*SELECT* 382"  (cost=97.82..97.83 rows=1 width=76)
         ->  Limit  (cost=97.82..97.82 rows=1 width=84)
               ->  Sort  (cost=97.82..97.82 rows=1 width=84)
                     Sort Key: (st_distance(st_transform(s_381.the_geom, 25833), schw_381.schw))
                     ->  Nested Loop  (cost=0.00..97.81 rows=1 width=84)
                           Join Filter: ((st_transform(s_381.the_geom, 25833) && st_expand(schw_381.schw, '300'::double precision)) AND (schw_381.schw && st_expand(st_transform(s_381.the_geom, 25833), '300'::double precision)) AND _st_dwithin(st_transform(s_381.the_geom, 25833), schw_381.schw, '300'::double precision))
                           ->  Function Scan on schw_381  (cost=0.00..0.01 rows=1 width=32)
                           ->  Seq Scan on phoml_trajectory_tmp s_381  (cost=0.00..95.68 rows=17 width=40)
                                 Filter: ((unix_time >= '1685451410.218'::double precision) AND (unix_time <= '1685451470.218'::double precision))
   ->  Subquery Scan on "*SELECT* 383"  (cost=97.82..97.83 rows=1 width=76)
         ->  Limit  (cost=97.82..97.82 rows=1 width=84)
               ->  Sort  (cost=97.82..97.82 rows=1 width=84)
                     Sort Key: (st_distance(st_transform(s_382.the_geom, 25833), schw_382.schw))
                     ->  Nested Loop  (cost=0.00..97.81 rows=1 width=84)
                           Join Filter: ((st_transform(s_382.the_geom, 25833) && st_expand(schw_382.schw, '300'::double precision)) AND (schw_382.schw && st_expand(st_transform(s_382.the_geom, 25833), '300'::double precision)) AND _st_dwithin(st_transform(s_382.the_geom, 25833), schw_382.schw, '300'::double precision))
                           ->  Function Scan on schw_382  (cost=0.00..0.01 rows=1 width=32)
                           ->  Seq Scan on phoml_trajectory_tmp s_382  (cost=0.00..95.68 rows=17 width=40)
                                 Filter: ((unix_time >= '1685451410.558'::double precision) AND (unix_time <= '1685451470.558'::double precision))
   ->  Subquery Scan on "*SELECT* 384"  (cost=97.82..97.83 rows=1 width=76)
         ->  Limit  (cost=97.82..97.82 rows=1 width=84)
               ->  Sort  (cost=97.82..97.82 rows=1 width=84)
                     Sort Key: (st_distance(st_transform(s_383.the_geom, 25833), schw_383.schw))
                     ->  Nested Loop  (cost=0.00..97.81 rows=1 width=84)
                           Join Filter: ((st_transform(s_383.the_geom, 25833) && st_expand(schw_383.schw, '300'::double precision)) AND (schw_383.schw && st_expand(st_transform(s_383.the_geom, 25833), '300'::double precision)) AND _st_dwithin(st_transform(s_383.the_geom, 25833), schw_383.schw, '300'::double precision))
                           ->  Function Scan on schw_383  (cost=0.00..0.01 rows=1 width=32)
                           ->  Seq Scan on phoml_trajectory_tmp s_383  (cost=0.00..95.68 rows=17 width=40)
                                 Filter: ((unix_time >= '1685451410.898'::double precision) AND (unix_time <= '1685451470.898'::double precision))
   ->  Subquery Scan on "*SELECT* 385"  (cost=97.82..97.83 rows=1 width=76)
         ->  Limit  (cost=97.82..97.82 rows=1 width=84)
               ->  Sort  (cost=97.82..97.82 rows=1 width=84)
                     Sort Key: (st_distance(st_transform(s_384.the_geom, 25833), schw_384.schw))
                     ->  Nested Loop  (cost=0.00..97.81 rows=1 width=84)
                           Join Filter: ((st_transform(s_384.the_geom, 25833) && st_expand(schw_384.schw, '300'::double precision)) AND (schw_384.schw && st_expand(st_transform(s_384.the_geom, 25833), '300'::double precision)) AND _st_dwithin(st_transform(s_384.the_geom, 25833), schw_384.schw, '300'::double precision))
                           ->  Function Scan on schw_384  (cost=0.00..0.01 rows=1 width=32)
                           ->  Seq Scan on phoml_trajectory_tmp s_384  (cost=0.00..95.68 rows=17 width=40)
                                 Filter: ((unix_time >= '1685451411.233'::double precision) AND (unix_time <= '1685451471.233'::double precision))
   ->  Subquery Scan on "*SELECT* 386"  (cost=97.82..97.83 rows=1 width=76)
         ->  Limit  (cost=97.82..97.82 rows=1 width=84)
               ->  Sort  (cost=97.82..97.82 rows=1 width=84)
                     Sort Key: (st_distance(st_transform(s_385.the_geom, 25833), schw_385.schw))
                     ->  Nested Loop  (cost=0.00..97.81 rows=1 width=84)
                           Join Filter: ((st_transform(s_385.the_geom, 25833) && st_expand(schw_385.schw, '300'::double precision)) AND (schw_385.schw && st_expand(st_transform(s_385.the_geom, 25833), '300'::double precision)) AND _st_dwithin(st_transform(s_385.the_geom, 25833), schw_385.schw, '300'::double precision))
                           ->  Function Scan on schw_385  (cost=0.00..0.01 rows=1 width=32)
                           ->  Seq Scan on phoml_trajectory_tmp s_385  (cost=0.00..95.68 rows=17 width=40)
                                 Filter: ((unix_time >= '1685451411.573'::double precision) AND (unix_time <= '1685451471.573'::double precision))
   ->  Subquery Scan on "*SELECT* 387"  (cost=97.82..97.83 rows=1 width=76)
         ->  Limit  (cost=97.82..97.82 rows=1 width=84)
               ->  Sort  (cost=97.82..97.82 rows=1 width=84)
                     Sort Key: (st_distance(st_transform(s_386.the_geom, 25833), schw_386.schw))
                     ->  Nested Loop  (cost=0.00..97.81 rows=1 width=84)
                           Join Filter: ((st_transform(s_386.the_geom, 25833) && st_expand(schw_386.schw, '300'::double precision)) AND (schw_386.schw && st_expand(st_transform(s_386.the_geom, 25833), '300'::double precision)) AND _st_dwithin(st_transform(s_386.the_geom, 25833), schw_386.schw, '300'::double precision))
                           ->  Function Scan on schw_386  (cost=0.00..0.01 rows=1 width=32)
                           ->  Seq Scan on phoml_trajectory_tmp s_386  (cost=0.00..95.68 rows=17 width=40)
                                 Filter: ((unix_time >= '1685451411.913'::double precision) AND (unix_time <= '1685451471.913'::double precision))
   ->  Subquery Scan on "*SELECT* 388"  (cost=97.82..97.83 rows=1 width=76)
         ->  Limit  (cost=97.82..97.82 rows=1 width=84)
               ->  Sort  (cost=97.82..97.82 rows=1 width=84)
                     Sort Key: (st_distance(st_transform(s_387.the_geom, 25833), schw_387.schw))
                     ->  Nested Loop  (cost=0.00..97.81 rows=1 width=84)
                           Join Filter: ((st_transform(s_387.the_geom, 25833) && st_expand(schw_387.schw, '300'::double precision)) AND (schw_387.schw && st_expand(st_transform(s_387.the_geom, 25833), '300'::double precision)) AND _st_dwithin(st_transform(s_387.the_geom, 25833), schw_387.schw, '300'::double precision))
                           ->  Function Scan on schw_387  (cost=0.00..0.01 rows=1 width=32)
                           ->  Seq Scan on phoml_trajectory_tmp s_387  (cost=0.00..95.68 rows=17 width=40)
                                 Filter: ((unix_time >= '1685451412.257'::double precision) AND (unix_time <= '1685451472.257'::double precision))
   ->  Subquery Scan on "*SELECT* 389"  (cost=97.82..97.83 rows=1 width=76)
         ->  Limit  (cost=97.82..97.82 rows=1 width=84)
               ->  Sort  (cost=97.82..97.82 rows=1 width=84)
                     Sort Key: (st_distance(st_transform(s_388.the_geom, 25833), schw_388.schw))
                     ->  Nested Loop  (cost=0.00..97.81 rows=1 width=84)
                           Join Filter: ((st_transform(s_388.the_geom, 25833) && st_expand(schw_388.schw, '300'::double precision)) AND (schw_388.schw && st_expand(st_transform(s_388.the_geom, 25833), '300'::double precision)) AND _st_dwithin(st_transform(s_388.the_geom, 25833), schw_388.schw, '300'::double precision))
                           ->  Function Scan on schw_388  (cost=0.00..0.01 rows=1 width=32)
                           ->  Seq Scan on phoml_trajectory_tmp s_388  (cost=0.00..95.68 rows=17 width=40)
                                 Filter: ((unix_time >= '1685451412.587'::double precision) AND (unix_time <= '1685451472.587'::double precision))
   ->  Subquery Scan on "*SELECT* 390"  (cost=97.82..97.83 rows=1 width=76)
         ->  Limit  (cost=97.82..97.82 rows=1 width=84)
               ->  Sort  (cost=97.82..97.82 rows=1 width=84)
                     Sort Key: (st_distance(st_transform(s_389.the_geom, 25833), schw_389.schw))
                     ->  Nested Loop  (cost=0.00..97.81 rows=1 width=84)
                           Join Filter: ((st_transform(s_389.the_geom, 25833) && st_expand(schw_389.schw, '300'::double precision)) AND (schw_389.schw && st_expand(st_transform(s_389.the_geom, 25833), '300'::double precision)) AND _st_dwithin(st_transform(s_389.the_geom, 25833), schw_389.schw, '300'::double precision))
                           ->  Function Scan on schw_389  (cost=0.00..0.01 rows=1 width=32)
                           ->  Seq Scan on phoml_trajectory_tmp s_389  (cost=0.00..95.68 rows=17 width=40)
                                 Filter: ((unix_time >= '1685451412.937'::double precision) AND (unix_time <= '1685451472.937'::double precision))
   ->  Subquery Scan on "*SELECT* 391"  (cost=97.82..97.83 rows=1 width=76)
         ->  Limit  (cost=97.82..97.82 rows=1 width=84)
               ->  Sort  (cost=97.82..97.82 rows=1 width=84)
                     Sort Key: (st_distance(st_transform(s_390.the_geom, 25833), schw_390.schw))
                     ->  Nested Loop  (cost=0.00..97.81 rows=1 width=84)
                           Join Filter: ((st_transform(s_390.the_geom, 25833) && st_expand(schw_390.schw, '300'::double precision)) AND (schw_390.schw && st_expand(st_transform(s_390.the_geom, 25833), '300'::double precision)) AND _st_dwithin(st_transform(s_390.the_geom, 25833), schw_390.schw, '300'::double precision))
                           ->  Function Scan on schw_390  (cost=0.00..0.01 rows=1 width=32)
                           ->  Seq Scan on phoml_trajectory_tmp s_390  (cost=0.00..95.68 rows=17 width=40)
                                 Filter: ((unix_time >= '1685451413.282'::double precision) AND (unix_time <= '1685451473.282'::double precision))
   ->  Subquery Scan on "*SELECT* 392"  (cost=97.82..97.83 rows=1 width=76)
         ->  Limit  (cost=97.82..97.82 rows=1 width=84)
               ->  Sort  (cost=97.82..97.82 rows=1 width=84)
                     Sort Key: (st_distance(st_transform(s_391.the_geom, 25833), schw_391.schw))
                     ->  Nested Loop  (cost=0.00..97.81 rows=1 width=84)
                           Join Filter: ((st_transform(s_391.the_geom, 25833) && st_expand(schw_391.schw, '300'::double precision)) AND (schw_391.schw && st_expand(st_transform(s_391.the_geom, 25833), '300'::double precision)) AND _st_dwithin(st_transform(s_391.the_geom, 25833), schw_391.schw, '300'::double precision))
                           ->  Function Scan on schw_391  (cost=0.00..0.01 rows=1 width=32)
                           ->  Seq Scan on phoml_trajectory_tmp s_391  (cost=0.00..95.68 rows=17 width=40)
                                 Filter: ((unix_time >= '1685451413.632'::double precision) AND (unix_time <= '1685451473.632'::double precision))
   ->  Subquery Scan on "*SELECT* 393"  (cost=97.82..97.83 rows=1 width=76)
         ->  Limit  (cost=97.82..97.82 rows=1 width=84)
               ->  Sort  (cost=97.82..97.82 rows=1 width=84)
                     Sort Key: (st_distance(st_transform(s_392.the_geom, 25833), schw_392.schw))
                     ->  Nested Loop  (cost=0.00..97.81 rows=1 width=84)
                           Join Filter: ((st_transform(s_392.the_geom, 25833) && st_expand(schw_392.schw, '300'::double precision)) AND (schw_392.schw && st_expand(st_transform(s_392.the_geom, 25833), '300'::double precision)) AND _st_dwithin(st_transform(s_392.the_geom, 25833), schw_392.schw, '300'::double precision))
                           ->  Function Scan on schw_392  (cost=0.00..0.01 rows=1 width=32)
                           ->  Seq Scan on phoml_trajectory_tmp s_392  (cost=0.00..95.68 rows=17 width=40)
                                 Filter: ((unix_time >= '1685451413.992'::double precision) AND (unix_time <= '1685451473.992'::double precision))
   ->  Subquery Scan on "*SELECT* 394"  (cost=97.82..97.83 rows=1 width=76)
         ->  Limit  (cost=97.82..97.82 rows=1 width=84)
               ->  Sort  (cost=97.82..97.82 rows=1 width=84)
                     Sort Key: (st_distance(st_transform(s_393.the_geom, 25833), schw_393.schw))
                     ->  Nested Loop  (cost=0.00..97.81 rows=1 width=84)
                           Join Filter: ((st_transform(s_393.the_geom, 25833) && st_expand(schw_393.schw, '300'::double precision)) AND (schw_393.schw && st_expand(st_transform(s_393.the_geom, 25833), '300'::double precision)) AND _st_dwithin(st_transform(s_393.the_geom, 25833), schw_393.schw, '300'::double precision))
                           ->  Function Scan on schw_393  (cost=0.00..0.01 rows=1 width=32)
                           ->  Seq Scan on phoml_trajectory_tmp s_393  (cost=0.00..95.68 rows=17 width=40)
                                 Filter: ((unix_time >= '1685451414.356'::double precision) AND (unix_time <= '1685451474.356'::double precision))
   ->  Subquery Scan on "*SELECT* 395"  (cost=97.82..97.83 rows=1 width=76)
         ->  Limit  (cost=97.82..97.82 rows=1 width=84)
               ->  Sort  (cost=97.82..97.82 rows=1 width=84)
                     Sort Key: (st_distance(st_transform(s_394.the_geom, 25833), schw_394.schw))
                     ->  Nested Loop  (cost=0.00..97.81 rows=1 width=84)
                           Join Filter: ((st_transform(s_394.the_geom, 25833) && st_expand(schw_394.schw, '300'::double precision)) AND (schw_394.schw && st_expand(st_transform(s_394.the_geom, 25833), '300'::double precision)) AND _st_dwithin(st_transform(s_394.the_geom, 25833), schw_394.schw, '300'::double precision))
                           ->  Function Scan on schw_394  (cost=0.00..0.01 rows=1 width=32)
                           ->  Seq Scan on phoml_trajectory_tmp s_394  (cost=0.00..95.68 rows=17 width=40)
                                 Filter: ((unix_time >= '1685451414.715'::double precision) AND (unix_time <= '1685451474.715'::double precision))
   ->  Subquery Scan on "*SELECT* 396"  (cost=97.82..97.83 rows=1 width=76)
         ->  Limit  (cost=97.82..97.82 rows=1 width=84)
               ->  Sort  (cost=97.82..97.82 rows=1 width=84)
                     Sort Key: (st_distance(st_transform(s_395.the_geom, 25833), schw_395.schw))
                     ->  Nested Loop  (cost=0.00..97.81 rows=1 width=84)
                           Join Filter: ((st_transform(s_395.the_geom, 25833) && st_expand(schw_395.schw, '300'::double precision)) AND (schw_395.schw && st_expand(st_transform(s_395.the_geom, 25833), '300'::double precision)) AND _st_dwithin(st_transform(s_395.the_geom, 25833), schw_395.schw, '300'::double precision))
                           ->  Function Scan on schw_395  (cost=0.00..0.01 rows=1 width=32)
                           ->  Seq Scan on phoml_trajectory_tmp s_395  (cost=0.00..95.68 rows=17 width=40)
                                 Filter: ((unix_time >= '1685451415.086'::double precision) AND (unix_time <= '1685451475.086'::double precision))
   ->  Subquery Scan on "*SELECT* 397"  (cost=97.82..97.83 rows=1 width=76)
         ->  Limit  (cost=97.82..97.82 rows=1 width=84)
               ->  Sort  (cost=97.82..97.82 rows=1 width=84)
                     Sort Key: (st_distance(st_transform(s_396.the_geom, 25833), schw_396.schw))
                     ->  Nested Loop  (cost=0.00..97.81 rows=1 width=84)
                           Join Filter: ((st_transform(s_396.the_geom, 25833) && st_expand(schw_396.schw, '300'::double precision)) AND (schw_396.schw && st_expand(st_transform(s_396.the_geom, 25833), '300'::double precision)) AND _st_dwithin(st_transform(s_396.the_geom, 25833), schw_396.schw, '300'::double precision))
                           ->  Function Scan on schw_396  (cost=0.00..0.01 rows=1 width=32)
                           ->  Seq Scan on phoml_trajectory_tmp s_396  (cost=0.00..95.68 rows=17 width=40)
                                 Filter: ((unix_time >= '1685451415.47'::double precision) AND (unix_time <= '1685451475.47'::double precision))
   ->  Subquery Scan on "*SELECT* 398"  (cost=97.82..97.83 rows=1 width=76)
         ->  Limit  (cost=97.82..97.82 rows=1 width=84)
               ->  Sort  (cost=97.82..97.82 rows=1 width=84)
                     Sort Key: (st_distance(st_transform(s_397.the_geom, 25833), schw_397.schw))
                     ->  Nested Loop  (cost=0.00..97.81 rows=1 width=84)
                           Join Filter: ((st_transform(s_397.the_geom, 25833) && st_expand(schw_397.schw, '300'::double precision)) AND (schw_397.schw && st_expand(st_transform(s_397.the_geom, 25833), '300'::double precision)) AND _st_dwithin(st_transform(s_397.the_geom, 25833), schw_397.schw, '300'::double precision))
                           ->  Function Scan on schw_397  (cost=0.00..0.01 rows=1 width=32)
                           ->  Seq Scan on phoml_trajectory_tmp s_397  (cost=0.00..95.68 rows=17 width=40)
                                 Filter: ((unix_time >= '1685451415.84'::double precision) AND (unix_time <= '1685451475.84'::double precision))
   ->  Subquery Scan on "*SELECT* 399"  (cost=97.82..97.83 rows=1 width=76)
         ->  Limit  (cost=97.82..97.82 rows=1 width=84)
               ->  Sort  (cost=97.82..97.82 rows=1 width=84)
                     Sort Key: (st_distance(st_transform(s_398.the_geom, 25833), schw_398.schw))
                     ->  Nested Loop  (cost=0.00..97.81 rows=1 width=84)
                           Join Filter: ((st_transform(s_398.the_geom, 25833) && st_expand(schw_398.schw, '300'::double precision)) AND (schw_398.schw && st_expand(st_transform(s_398.the_geom, 25833), '300'::double precision)) AND _st_dwithin(st_transform(s_398.the_geom, 25833), schw_398.schw, '300'::double precision))
                           ->  Function Scan on schw_398  (cost=0.00..0.01 rows=1 width=32)
                           ->  Seq Scan on phoml_trajectory_tmp s_398  (cost=0.00..95.68 rows=17 width=40)
                                 Filter: ((unix_time >= '1685451416.233'::double precision) AND (unix_time <= '1685451476.233'::double precision))
   ->  Subquery Scan on "*SELECT* 400"  (cost=97.82..97.83 rows=1 width=76)
         ->  Limit  (cost=97.82..97.82 rows=1 width=84)
               ->  Sort  (cost=97.82..97.82 rows=1 width=84)
                     Sort Key: (st_distance(st_transform(s_399.the_geom, 25833), schw_399.schw))
                     ->  Nested Loop  (cost=0.00..97.81 rows=1 width=84)
                           Join Filter: ((st_transform(s_399.the_geom, 25833) && st_expand(schw_399.schw, '300'::double precision)) AND (schw_399.schw && st_expand(st_transform(s_399.the_geom, 25833), '300'::double precision)) AND _st_dwithin(st_transform(s_399.the_geom, 25833), schw_399.schw, '300'::double precision))
                           ->  Function Scan on schw_399  (cost=0.00..0.01 rows=1 width=32)
                           ->  Seq Scan on phoml_trajectory_tmp s_399  (cost=0.00..95.68 rows=17 width=40)
                                 Filter: ((unix_time >= '1685451416.623'::double precision) AND (unix_time <= '1685451476.623'::double precision))
   ->  Subquery Scan on "*SELECT* 401"  (cost=97.82..97.83 rows=1 width=76)
         ->  Limit  (cost=97.82..97.82 rows=1 width=84)
               ->  Sort  (cost=97.82..97.82 rows=1 width=84)
                     Sort Key: (st_distance(st_transform(s_400.the_geom, 25833), schw_400.schw))
                     ->  Nested Loop  (cost=0.00..97.81 rows=1 width=84)
                           Join Filter: ((st_transform(s_400.the_geom, 25833) && st_expand(schw_400.schw, '300'::double precision)) AND (schw_400.schw && st_expand(st_transform(s_400.the_geom, 25833), '300'::double precision)) AND _st_dwithin(st_transform(s_400.the_geom, 25833), schw_400.schw, '300'::double precision))
                           ->  Function Scan on schw_400  (cost=0.00..0.01 rows=1 width=32)
                           ->  Seq Scan on phoml_trajectory_tmp s_400  (cost=0.00..95.68 rows=17 width=40)
                                 Filter: ((unix_time >= '1685451417.013'::double precision) AND (unix_time <= '1685451477.013'::double precision))
   ->  Subquery Scan on "*SELECT* 402"  (cost=97.82..97.83 rows=1 width=76)
         ->  Limit  (cost=97.82..97.82 rows=1 width=84)
               ->  Sort  (cost=97.82..97.82 rows=1 width=84)
                     Sort Key: (st_distance(st_transform(s_401.the_geom, 25833), schw_401.schw))
                     ->  Nested Loop  (cost=0.00..97.81 rows=1 width=84)
                           Join Filter: ((st_transform(s_401.the_geom, 25833) && st_expand(schw_401.schw, '300'::double precision)) AND (schw_401.schw && st_expand(st_transform(s_401.the_geom, 25833), '300'::double precision)) AND _st_dwithin(st_transform(s_401.the_geom, 25833), schw_401.schw, '300'::double precision))
                           ->  Function Scan on schw_401  (cost=0.00..0.01 rows=1 width=32)
                           ->  Seq Scan on phoml_trajectory_tmp s_401  (cost=0.00..95.68 rows=17 width=40)
                                 Filter: ((unix_time >= '1685451417.418'::double precision) AND (unix_time <= '1685451477.418'::double precision))
   ->  Subquery Scan on "*SELECT* 403"  (cost=97.82..97.83 rows=1 width=76)
         ->  Limit  (cost=97.82..97.82 rows=1 width=84)
               ->  Sort  (cost=97.82..97.82 rows=1 width=84)
                     Sort Key: (st_distance(st_transform(s_402.the_geom, 25833), schw_402.schw))
                     ->  Nested Loop  (cost=0.00..97.81 rows=1 width=84)
                           Join Filter: ((st_transform(s_402.the_geom, 25833) && st_expand(schw_402.schw, '300'::double precision)) AND (schw_402.schw && st_expand(st_transform(s_402.the_geom, 25833), '300'::double precision)) AND _st_dwithin(st_transform(s_402.the_geom, 25833), schw_402.schw, '300'::double precision))
                           ->  Function Scan on schw_402  (cost=0.00..0.01 rows=1 width=32)
                           ->  Seq Scan on phoml_trajectory_tmp s_402  (cost=0.00..95.68 rows=17 width=40)
                                 Filter: ((unix_time >= '1685451417.828'::double precision) AND (unix_time <= '1685451477.828'::double precision))
   ->  Subquery Scan on "*SELECT* 404"  (cost=97.82..97.83 rows=1 width=76)
         ->  Limit  (cost=97.82..97.82 rows=1 width=84)
               ->  Sort  (cost=97.82..97.82 rows=1 width=84)
                     Sort Key: (st_distance(st_transform(s_403.the_geom, 25833), schw_403.schw))
                     ->  Nested Loop  (cost=0.00..97.81 rows=1 width=84)
                           Join Filter: ((st_transform(s_403.the_geom, 25833) && st_expand(schw_403.schw, '300'::double precision)) AND (schw_403.schw && st_expand(st_transform(s_403.the_geom, 25833), '300'::double precision)) AND _st_dwithin(st_transform(s_403.the_geom, 25833), schw_403.schw, '300'::double precision))
                           ->  Function Scan on schw_403  (cost=0.00..0.01 rows=1 width=32)
                           ->  Seq Scan on phoml_trajectory_tmp s_403  (cost=0.00..95.68 rows=17 width=40)
                                 Filter: ((unix_time >= '1685451418.242'::double precision) AND (unix_time <= '1685451478.242'::double precision))
   ->  Subquery Scan on "*SELECT* 405"  (cost=97.82..97.83 rows=1 width=76)
         ->  Limit  (cost=97.82..97.82 rows=1 width=84)
               ->  Sort  (cost=97.82..97.82 rows=1 width=84)
                     Sort Key: (st_distance(st_transform(s_404.the_geom, 25833), schw_404.schw))
                     ->  Nested Loop  (cost=0.00..97.81 rows=1 width=84)
                           Join Filter: ((st_transform(s_404.the_geom, 25833) && st_expand(schw_404.schw, '300'::double precision)) AND (schw_404.schw && st_expand(st_transform(s_404.the_geom, 25833), '300'::double precision)) AND _st_dwithin(st_transform(s_404.the_geom, 25833), schw_404.schw, '300'::double precision))
                           ->  Function Scan on schw_404  (cost=0.00..0.01 rows=1 width=32)
                           ->  Seq Scan on phoml_trajectory_tmp s_404  (cost=0.00..95.68 rows=17 width=40)
                                 Filter: ((unix_time >= '1685451418.672'::double precision) AND (unix_time <= '1685451478.672'::double precision))
   ->  Subquery Scan on "*SELECT* 406"  (cost=97.82..97.83 rows=1 width=76)
         ->  Limit  (cost=97.82..97.82 rows=1 width=84)
               ->  Sort  (cost=97.82..97.82 rows=1 width=84)
                     Sort Key: (st_distance(st_transform(s_405.the_geom, 25833), schw_405.schw))
                     ->  Nested Loop  (cost=0.00..97.81 rows=1 width=84)
                           Join Filter: ((st_transform(s_405.the_geom, 25833) && st_expand(schw_405.schw, '300'::double precision)) AND (schw_405.schw && st_expand(st_transform(s_405.the_geom, 25833), '300'::double precision)) AND _st_dwithin(st_transform(s_405.the_geom, 25833), schw_405.schw, '300'::double precision))
                           ->  Function Scan on schw_405  (cost=0.00..0.01 rows=1 width=32)
                           ->  Seq Scan on phoml_trajectory_tmp s_405  (cost=0.00..95.68 rows=17 width=40)
                                 Filter: ((unix_time >= '1685451419.102'::double precision) AND (unix_time <= '1685451479.102'::double precision))
   ->  Subquery Scan on "*SELECT* 407"  (cost=97.82..97.83 rows=1 width=76)
         ->  Limit  (cost=97.82..97.82 rows=1 width=84)
               ->  Sort  (cost=97.82..97.82 rows=1 width=84)
                     Sort Key: (st_distance(st_transform(s_406.the_geom, 25833), schw_406.schw))
                     ->  Nested Loop  (cost=0.00..97.81 rows=1 width=84)
                           Join Filter: ((st_transform(s_406.the_geom, 25833) && st_expand(schw_406.schw, '300'::double precision)) AND (schw_406.schw && st_expand(st_transform(s_406.the_geom, 25833), '300'::double precision)) AND _st_dwithin(st_transform(s_406.the_geom, 25833), schw_406.schw, '300'::double precision))
                           ->  Function Scan on schw_406  (cost=0.00..0.01 rows=1 width=32)
                           ->  Seq Scan on phoml_trajectory_tmp s_406  (cost=0.00..95.68 rows=17 width=40)
                                 Filter: ((unix_time >= '1685451419.538'::double precision) AND (unix_time <= '1685451479.538'::double precision))
   ->  Subquery Scan on "*SELECT* 408"  (cost=97.82..97.83 rows=1 width=76)
         ->  Limit  (cost=97.82..97.82 rows=1 width=84)
               ->  Sort  (cost=97.82..97.82 rows=1 width=84)
                     Sort Key: (st_distance(st_transform(s_407.the_geom, 25833), schw_407.schw))
                     ->  Nested Loop  (cost=0.00..97.81 rows=1 width=84)
                           Join Filter: ((st_transform(s_407.the_geom, 25833) && st_expand(schw_407.schw, '300'::double precision)) AND (schw_407.schw && st_expand(st_transform(s_407.the_geom, 25833), '300'::double precision)) AND _st_dwithin(st_transform(s_407.the_geom, 25833), schw_407.schw, '300'::double precision))
                           ->  Function Scan on schw_407  (cost=0.00..0.01 rows=1 width=32)
                           ->  Seq Scan on phoml_trajectory_tmp s_407  (cost=0.00..95.68 rows=17 width=40)
                                 Filter: ((unix_time >= '1685451419.978'::double precision) AND (unix_time <= '1685451479.978'::double precision))
   ->  Subquery Scan on "*SELECT* 409"  (cost=97.82..97.83 rows=1 width=76)
         ->  Limit  (cost=97.82..97.82 rows=1 width=84)
               ->  Sort  (cost=97.82..97.82 rows=1 width=84)
                     Sort Key: (st_distance(st_transform(s_408.the_geom, 25833), schw_408.schw))
                     ->  Nested Loop  (cost=0.00..97.81 rows=1 width=84)
                           Join Filter: ((st_transform(s_408.the_geom, 25833) && st_expand(schw_408.schw, '300'::double precision)) AND (schw_408.schw && st_expand(st_transform(s_408.the_geom, 25833), '300'::double precision)) AND _st_dwithin(st_transform(s_408.the_geom, 25833), schw_408.schw, '300'::double precision))
                           ->  Function Scan on schw_408  (cost=0.00..0.01 rows=1 width=32)
                           ->  Seq Scan on phoml_trajectory_tmp s_408  (cost=0.00..95.68 rows=17 width=40)
                                 Filter: ((unix_time >= '1685451420.427'::double precision) AND (unix_time <= '1685451480.427'::double precision))
   ->  Subquery Scan on "*SELECT* 410"  (cost=97.82..97.83 rows=1 width=76)
         ->  Limit  (cost=97.82..97.82 rows=1 width=84)
               ->  Sort  (cost=97.82..97.82 rows=1 width=84)
                     Sort Key: (st_distance(st_transform(s_409.the_geom, 25833), schw_409.schw))
                     ->  Nested Loop  (cost=0.00..97.81 rows=1 width=84)
                           Join Filter: ((st_transform(s_409.the_geom, 25833) && st_expand(schw_409.schw, '300'::double precision)) AND (schw_409.schw && st_expand(st_transform(s_409.the_geom, 25833), '300'::double precision)) AND _st_dwithin(st_transform(s_409.the_geom, 25833), schw_409.schw, '300'::double precision))
                           ->  Function Scan on schw_409  (cost=0.00..0.01 rows=1 width=32)
                           ->  Seq Scan on phoml_trajectory_tmp s_409  (cost=0.00..95.68 rows=17 width=40)
                                 Filter: ((unix_time >= '1685451420.878'::double precision) AND (unix_time <= '1685451480.878'::double precision))
   ->  Subquery Scan on "*SELECT* 411"  (cost=97.82..97.83 rows=1 width=76)
         ->  Limit  (cost=97.82..97.82 rows=1 width=84)
               ->  Sort  (cost=97.82..97.82 rows=1 width=84)
                     Sort Key: (st_distance(st_transform(s_410.the_geom, 25833), schw_410.schw))
                     ->  Nested Loop  (cost=0.00..97.81 rows=1 width=84)
                           Join Filter: ((st_transform(s_410.the_geom, 25833) && st_expand(schw_410.schw, '300'::double precision)) AND (schw_410.schw && st_expand(st_transform(s_410.the_geom, 25833), '300'::double precision)) AND _st_dwithin(st_transform(s_410.the_geom, 25833), schw_410.schw, '300'::double precision))
                           ->  Function Scan on schw_410  (cost=0.00..0.01 rows=1 width=32)
                           ->  Seq Scan on phoml_trajectory_tmp s_410  (cost=0.00..95.68 rows=17 width=40)
                                 Filter: ((unix_time >= '1685451421.331'::double precision) AND (unix_time <= '1685451481.331'::double precision))
   ->  Subquery Scan on "*SELECT* 412"  (cost=97.82..97.83 rows=1 width=76)
         ->  Limit  (cost=97.82..97.82 rows=1 width=84)
               ->  Sort  (cost=97.82..97.82 rows=1 width=84)
                     Sort Key: (st_distance(st_transform(s_411.the_geom, 25833), schw_411.schw))
                     ->  Nested Loop  (cost=0.00..97.81 rows=1 width=84)
                           Join Filter: ((st_transform(s_411.the_geom, 25833) && st_expand(schw_411.schw, '300'::double precision)) AND (schw_411.schw && st_expand(st_transform(s_411.the_geom, 25833), '300'::double precision)) AND _st_dwithin(st_transform(s_411.the_geom, 25833), schw_411.schw, '300'::double precision))
                           ->  Function Scan on schw_411  (cost=0.00..0.01 rows=1 width=32)
                           ->  Seq Scan on phoml_trajectory_tmp s_411  (cost=0.00..95.68 rows=17 width=40)
                                 Filter: ((unix_time >= '1685451421.771'::double precision) AND (unix_time <= '1685451481.771'::double precision))
   ->  Subquery Scan on "*SELECT* 413"  (cost=97.82..97.83 rows=1 width=76)
         ->  Limit  (cost=97.82..97.82 rows=1 width=84)
               ->  Sort  (cost=97.82..97.82 rows=1 width=84)
                     Sort Key: (st_distance(st_transform(s_412.the_geom, 25833), schw_412.schw))
                     ->  Nested Loop  (cost=0.00..97.81 rows=1 width=84)
                           Join Filter: ((st_transform(s_412.the_geom, 25833) && st_expand(schw_412.schw, '300'::double precision)) AND (schw_412.schw && st_expand(st_transform(s_412.the_geom, 25833), '300'::double precision)) AND _st_dwithin(st_transform(s_412.the_geom, 25833), schw_412.schw, '300'::double precision))
                           ->  Function Scan on schw_412  (cost=0.00..0.01 rows=1 width=32)
                           ->  Seq Scan on phoml_trajectory_tmp s_412  (cost=0.00..95.68 rows=17 width=40)
                                 Filter: ((unix_time >= '1685451422.215'::double precision) AND (unix_time <= '1685451482.215'::double precision))
   ->  Subquery Scan on "*SELECT* 414"  (cost=97.82..97.83 rows=1 width=76)
         ->  Limit  (cost=97.82..97.82 rows=1 width=84)
               ->  Sort  (cost=97.82..97.82 rows=1 width=84)
                     Sort Key: (st_distance(st_transform(s_413.the_geom, 25833), schw_413.schw))
                     ->  Nested Loop  (cost=0.00..97.81 rows=1 width=84)
                           Join Filter: ((st_transform(s_413.the_geom, 25833) && st_expand(schw_413.schw, '300'::double precision)) AND (schw_413.schw && st_expand(st_transform(s_413.the_geom, 25833), '300'::double precision)) AND _st_dwithin(st_transform(s_413.the_geom, 25833), schw_413.schw, '300'::double precision))
                           ->  Function Scan on schw_413  (cost=0.00..0.01 rows=1 width=32)
                           ->  Seq Scan on phoml_trajectory_tmp s_413  (cost=0.00..95.68 rows=17 width=40)
                                 Filter: ((unix_time >= '1685451422.655'::double precision) AND (unix_time <= '1685451482.655'::double precision))
   ->  Subquery Scan on "*SELECT* 415"  (cost=97.82..97.83 rows=1 width=76)
         ->  Limit  (cost=97.82..97.82 rows=1 width=84)
               ->  Sort  (cost=97.82..97.82 rows=1 width=84)
                     Sort Key: (st_distance(st_transform(s_414.the_geom, 25833), schw_414.schw))
                     ->  Nested Loop  (cost=0.00..97.81 rows=1 width=84)
                           Join Filter: ((st_transform(s_414.the_geom, 25833) && st_expand(schw_414.schw, '300'::double precision)) AND (schw_414.schw && st_expand(st_transform(s_414.the_geom, 25833), '300'::double precision)) AND _st_dwithin(st_transform(s_414.the_geom, 25833), schw_414.schw, '300'::double precision))
                           ->  Function Scan on schw_414  (cost=0.00..0.01 rows=1 width=32)
                           ->  Seq Scan on phoml_trajectory_tmp s_414  (cost=0.00..95.68 rows=17 width=40)
                                 Filter: ((unix_time >= '1685451423.075'::double precision) AND (unix_time <= '1685451483.075'::double precision))
   ->  Subquery Scan on "*SELECT* 416"  (cost=97.82..97.83 rows=1 width=76)
         ->  Limit  (cost=97.82..97.82 rows=1 width=84)
               ->  Sort  (cost=97.82..97.82 rows=1 width=84)
                     Sort Key: (st_distance(st_transform(s_415.the_geom, 25833), schw_415.schw))
                     ->  Nested Loop  (cost=0.00..97.81 rows=1 width=84)
                           Join Filter: ((st_transform(s_415.the_geom, 25833) && st_expand(schw_415.schw, '300'::double precision)) AND (schw_415.schw && st_expand(st_transform(s_415.the_geom, 25833), '300'::double precision)) AND _st_dwithin(st_transform(s_415.the_geom, 25833), schw_415.schw, '300'::double precision))
                           ->  Function Scan on schw_415  (cost=0.00..0.01 rows=1 width=32)
                           ->  Seq Scan on phoml_trajectory_tmp s_415  (cost=0.00..95.68 rows=17 width=40)
                                 Filter: ((unix_time >= '1685451423.498'::double precision) AND (unix_time <= '1685451483.498'::double precision))
   ->  Subquery Scan on "*SELECT* 417"  (cost=97.82..97.83 rows=1 width=76)
         ->  Limit  (cost=97.82..97.82 rows=1 width=84)
               ->  Sort  (cost=97.82..97.82 rows=1 width=84)
                     Sort Key: (st_distance(st_transform(s_416.the_geom, 25833), schw_416.schw))
                     ->  Nested Loop  (cost=0.00..97.81 rows=1 width=84)
                           Join Filter: ((st_transform(s_416.the_geom, 25833) && st_expand(schw_416.schw, '300'::double precision)) AND (schw_416.schw && st_expand(st_transform(s_416.the_geom, 25833), '300'::double precision)) AND _st_dwithin(st_transform(s_416.the_geom, 25833), schw_416.schw, '300'::double precision))
                           ->  Function Scan on schw_416  (cost=0.00..0.01 rows=1 width=32)
                           ->  Seq Scan on phoml_trajectory_tmp s_416  (cost=0.00..95.68 rows=17 width=40)
                                 Filter: ((unix_time >= '1685451423.918'::double precision) AND (unix_time <= '1685451483.918'::double precision))
   ->  Subquery Scan on "*SELECT* 418"  (cost=97.82..97.83 rows=1 width=76)
         ->  Limit  (cost=97.82..97.82 rows=1 width=84)
               ->  Sort  (cost=97.82..97.82 rows=1 width=84)
                     Sort Key: (st_distance(st_transform(s_417.the_geom, 25833), schw_417.schw))
                     ->  Nested Loop  (cost=0.00..97.81 rows=1 width=84)
                           Join Filter: ((st_transform(s_417.the_geom, 25833) && st_expand(schw_417.schw, '300'::double precision)) AND (schw_417.schw && st_expand(st_transform(s_417.the_geom, 25833), '300'::double precision)) AND _st_dwithin(st_transform(s_417.the_geom, 25833), schw_417.schw, '300'::double precision))
                           ->  Function Scan on schw_417  (cost=0.00..0.01 rows=1 width=32)
                           ->  Seq Scan on phoml_trajectory_tmp s_417  (cost=0.00..95.68 rows=17 width=40)
                                 Filter: ((unix_time >= '1685451424.323'::double precision) AND (unix_time <= '1685451484.323'::double precision))
   ->  Subquery Scan on "*SELECT* 419"  (cost=97.82..97.83 rows=1 width=76)
         ->  Limit  (cost=97.82..97.82 rows=1 width=84)
               ->  Sort  (cost=97.82..97.82 rows=1 width=84)
                     Sort Key: (st_distance(st_transform(s_418.the_geom, 25833), schw_418.schw))
                     ->  Nested Loop  (cost=0.00..97.81 rows=1 width=84)
                           Join Filter: ((st_transform(s_418.the_geom, 25833) && st_expand(schw_418.schw, '300'::double precision)) AND (schw_418.schw && st_expand(st_transform(s_418.the_geom, 25833), '300'::double precision)) AND _st_dwithin(st_transform(s_418.the_geom, 25833), schw_418.schw, '300'::double precision))
                           ->  Function Scan on schw_418  (cost=0.00..0.01 rows=1 width=32)
                           ->  Seq Scan on phoml_trajectory_tmp s_418  (cost=0.00..95.68 rows=17 width=40)
                                 Filter: ((unix_time >= '1685451424.723'::double precision) AND (unix_time <= '1685451484.723'::double precision))
   ->  Subquery Scan on "*SELECT* 420"  (cost=97.82..97.83 rows=1 width=76)
         ->  Limit  (cost=97.82..97.82 rows=1 width=84)
               ->  Sort  (cost=97.82..97.82 rows=1 width=84)
                     Sort Key: (st_distance(st_transform(s_419.the_geom, 25833), schw_419.schw))
                     ->  Nested Loop  (cost=0.00..97.81 rows=1 width=84)
                           Join Filter: ((st_transform(s_419.the_geom, 25833) && st_expand(schw_419.schw, '300'::double precision)) AND (schw_419.schw && st_expand(st_transform(s_419.the_geom, 25833), '300'::double precision)) AND _st_dwithin(st_transform(s_419.the_geom, 25833), schw_419.schw, '300'::double precision))
                           ->  Function Scan on schw_419  (cost=0.00..0.01 rows=1 width=32)
                           ->  Seq Scan on phoml_trajectory_tmp s_419  (cost=0.00..95.68 rows=17 width=40)
                                 Filter: ((unix_time >= '1685451425.123'::double precision) AND (unix_time <= '1685451485.123'::double precision))
   ->  Subquery Scan on "*SELECT* 421"  (cost=97.82..97.83 rows=1 width=76)
         ->  Limit  (cost=97.82..97.82 rows=1 width=84)
               ->  Sort  (cost=97.82..97.82 rows=1 width=84)
                     Sort Key: (st_distance(st_transform(s_420.the_geom, 25833), schw_420.schw))
                     ->  Nested Loop  (cost=0.00..97.81 rows=1 width=84)
                           Join Filter: ((st_transform(s_420.the_geom, 25833) && st_expand(schw_420.schw, '300'::double precision)) AND (schw_420.schw && st_expand(st_transform(s_420.the_geom, 25833), '300'::double precision)) AND _st_dwithin(st_transform(s_420.the_geom, 25833), schw_420.schw, '300'::double precision))
                           ->  Function Scan on schw_420  (cost=0.00..0.01 rows=1 width=32)
                           ->  Seq Scan on phoml_trajectory_tmp s_420  (cost=0.00..95.68 rows=17 width=40)
                                 Filter: ((unix_time >= '1685451425.497'::double precision) AND (unix_time <= '1685451485.497'::double precision))
   ->  Subquery Scan on "*SELECT* 422"  (cost=97.82..97.83 rows=1 width=76)
         ->  Limit  (cost=97.82..97.82 rows=1 width=84)
               ->  Sort  (cost=97.82..97.82 rows=1 width=84)
                     Sort Key: (st_distance(st_transform(s_421.the_geom, 25833), schw_421.schw))
                     ->  Nested Loop  (cost=0.00..97.81 rows=1 width=84)
                           Join Filter: ((st_transform(s_421.the_geom, 25833) && st_expand(schw_421.schw, '300'::double precision)) AND (schw_421.schw && st_expand(st_transform(s_421.the_geom, 25833), '300'::double precision)) AND _st_dwithin(st_transform(s_421.the_geom, 25833), schw_421.schw, '300'::double precision))
                           ->  Function Scan on schw_421  (cost=0.00..0.01 rows=1 width=32)
                           ->  Seq Scan on phoml_trajectory_tmp s_421  (cost=0.00..95.68 rows=17 width=40)
                                 Filter: ((unix_time >= '1685451425.897'::double precision) AND (unix_time <= '1685451485.897'::double precision))
   ->  Subquery Scan on "*SELECT* 423"  (cost=97.82..97.83 rows=1 width=76)
         ->  Limit  (cost=97.82..97.82 rows=1 width=84)
               ->  Sort  (cost=97.82..97.82 rows=1 width=84)
                     Sort Key: (st_distance(st_transform(s_422.the_geom, 25833), schw_422.schw))
                     ->  Nested Loop  (cost=0.00..97.81 rows=1 width=84)
                           Join Filter: ((st_transform(s_422.the_geom, 25833) && st_expand(schw_422.schw, '300'::double precision)) AND (schw_422.schw && st_expand(st_transform(s_422.the_geom, 25833), '300'::double precision)) AND _st_dwithin(st_transform(s_422.the_geom, 25833), schw_422.schw, '300'::double precision))
                           ->  Function Scan on schw_422  (cost=0.00..0.01 rows=1 width=32)
                           ->  Seq Scan on phoml_trajectory_tmp s_422  (cost=0.00..95.68 rows=17 width=40)
                                 Filter: ((unix_time >= '1685451426.273'::double precision) AND (unix_time <= '1685451486.273'::double precision))
   ->  Subquery Scan on "*SELECT* 424"  (cost=97.82..97.83 rows=1 width=76)
         ->  Limit  (cost=97.82..97.82 rows=1 width=84)
               ->  Sort  (cost=97.82..97.82 rows=1 width=84)
                     Sort Key: (st_distance(st_transform(s_423.the_geom, 25833), schw_423.schw))
                     ->  Nested Loop  (cost=0.00..97.81 rows=1 width=84)
                           Join Filter: ((st_transform(s_423.the_geom, 25833) && st_expand(schw_423.schw, '300'::double precision)) AND (schw_423.schw && st_expand(st_transform(s_423.the_geom, 25833), '300'::double precision)) AND _st_dwithin(st_transform(s_423.the_geom, 25833), schw_423.schw, '300'::double precision))
                           ->  Function Scan on schw_423  (cost=0.00..0.01 rows=1 width=32)
                           ->  Seq Scan on phoml_trajectory_tmp s_423  (cost=0.00..95.68 rows=17 width=40)
                                 Filter: ((unix_time >= '1685451426.653'::double precision) AND (unix_time <= '1685451486.653'::double precision))
   ->  Subquery Scan on "*SELECT* 425"  (cost=97.82..97.83 rows=1 width=76)
         ->  Limit  (cost=97.82..97.82 rows=1 width=84)
               ->  Sort  (cost=97.82..97.82 rows=1 width=84)
                     Sort Key: (st_distance(st_transform(s_424.the_geom, 25833), schw_424.schw))
                     ->  Nested Loop  (cost=0.00..97.81 rows=1 width=84)
                           Join Filter: ((st_transform(s_424.the_geom, 25833) && st_expand(schw_424.schw, '300'::double precision)) AND (schw_424.schw && st_expand(st_transform(s_424.the_geom, 25833), '300'::double precision)) AND _st_dwithin(st_transform(s_424.the_geom, 25833), schw_424.schw, '300'::double precision))
                           ->  Function Scan on schw_424  (cost=0.00..0.01 rows=1 width=32)
                           ->  Seq Scan on phoml_trajectory_tmp s_424  (cost=0.00..95.68 rows=17 width=40)
                                 Filter: ((unix_time >= '1685451427.013'::double precision) AND (unix_time <= '1685451487.013'::double precision))
   ->  Subquery Scan on "*SELECT* 426"  (cost=97.82..97.83 rows=1 width=76)
         ->  Limit  (cost=97.82..97.82 rows=1 width=84)
               ->  Sort  (cost=97.82..97.82 rows=1 width=84)
                     Sort Key: (st_distance(st_transform(s_425.the_geom, 25833), schw_425.schw))
                     ->  Nested Loop  (cost=0.00..97.81 rows=1 width=84)
                           Join Filter: ((st_transform(s_425.the_geom, 25833) && st_expand(schw_425.schw, '300'::double precision)) AND (schw_425.schw && st_expand(st_transform(s_425.the_geom, 25833), '300'::double precision)) AND _st_dwithin(st_transform(s_425.the_geom, 25833), schw_425.schw, '300'::double precision))
                           ->  Function Scan on schw_425  (cost=0.00..0.01 rows=1 width=32)
                           ->  Seq Scan on phoml_trajectory_tmp s_425  (cost=0.00..95.68 rows=17 width=40)
                                 Filter: ((unix_time >= '1685451427.375'::double precision) AND (unix_time <= '1685451487.375'::double precision))
   ->  Subquery Scan on "*SELECT* 427"  (cost=97.82..97.83 rows=1 width=76)
         ->  Limit  (cost=97.82..97.82 rows=1 width=84)
               ->  Sort  (cost=97.82..97.82 rows=1 width=84)
                     Sort Key: (st_distance(st_transform(s_426.the_geom, 25833), schw_426.schw))
                     ->  Nested Loop  (cost=0.00..97.81 rows=1 width=84)
                           Join Filter: ((st_transform(s_426.the_geom, 25833) && st_expand(schw_426.schw, '300'::double precision)) AND (schw_426.schw && st_expand(st_transform(s_426.the_geom, 25833), '300'::double precision)) AND _st_dwithin(st_transform(s_426.the_geom, 25833), schw_426.schw, '300'::double precision))
                           ->  Function Scan on schw_426  (cost=0.00..0.01 rows=1 width=32)
                           ->  Seq Scan on phoml_trajectory_tmp s_426  (cost=0.00..95.68 rows=17 width=40)
                                 Filter: ((unix_time >= '1685451427.735'::double precision) AND (unix_time <= '1685451487.735'::double precision))
   ->  Subquery Scan on "*SELECT* 428"  (cost=97.82..97.83 rows=1 width=76)
         ->  Limit  (cost=97.82..97.82 rows=1 width=84)
               ->  Sort  (cost=97.82..97.82 rows=1 width=84)
                     Sort Key: (st_distance(st_transform(s_427.the_geom, 25833), schw_427.schw))
                     ->  Nested Loop  (cost=0.00..97.81 rows=1 width=84)
                           Join Filter: ((st_transform(s_427.the_geom, 25833) && st_expand(schw_427.schw, '300'::double precision)) AND (schw_427.schw && st_expand(st_transform(s_427.the_geom, 25833), '300'::double precision)) AND _st_dwithin(st_transform(s_427.the_geom, 25833), schw_427.schw, '300'::double precision))
                           ->  Function Scan on schw_427  (cost=0.00..0.01 rows=1 width=32)
                           ->  Seq Scan on phoml_trajectory_tmp s_427  (cost=0.00..95.68 rows=17 width=40)
                                 Filter: ((unix_time >= '1685451428.085'::double precision) AND (unix_time <= '1685451488.085'::double precision))
   ->  Subquery Scan on "*SELECT* 429"  (cost=97.82..97.83 rows=1 width=76)
         ->  Limit  (cost=97.82..97.82 rows=1 width=84)
               ->  Sort  (cost=97.82..97.82 rows=1 width=84)
                     Sort Key: (st_distance(st_transform(s_428.the_geom, 25833), schw_428.schw))
                     ->  Nested Loop  (cost=0.00..97.81 rows=1 width=84)
                           Join Filter: ((st_transform(s_428.the_geom, 25833) && st_expand(schw_428.schw, '300'::double precision)) AND (schw_428.schw && st_expand(st_transform(s_428.the_geom, 25833), '300'::double precision)) AND _st_dwithin(st_transform(s_428.the_geom, 25833), schw_428.schw, '300'::double precision))
                           ->  Function Scan on schw_428  (cost=0.00..0.01 rows=1 width=32)
                           ->  Seq Scan on phoml_trajectory_tmp s_428  (cost=0.00..95.68 rows=17 width=40)
                                 Filter: ((unix_time >= '1685451428.438'::double precision) AND (unix_time <= '1685451488.438'::double precision))
   ->  Subquery Scan on "*SELECT* 430"  (cost=97.82..97.83 rows=1 width=76)
         ->  Limit  (cost=97.82..97.82 rows=1 width=84)
               ->  Sort  (cost=97.82..97.82 rows=1 width=84)
                     Sort Key: (st_distance(st_transform(s_429.the_geom, 25833), schw_429.schw))
                     ->  Nested Loop  (cost=0.00..97.81 rows=1 width=84)
                           Join Filter: ((st_transform(s_429.the_geom, 25833) && st_expand(schw_429.schw, '300'::double precision)) AND (schw_429.schw && st_expand(st_transform(s_429.the_geom, 25833), '300'::double precision)) AND _st_dwithin(st_transform(s_429.the_geom, 25833), schw_429.schw, '300'::double precision))
                           ->  Function Scan on schw_429  (cost=0.00..0.01 rows=1 width=32)
                           ->  Seq Scan on phoml_trajectory_tmp s_429  (cost=0.00..95.68 rows=17 width=40)
                                 Filter: ((unix_time >= '1685451428.788'::double precision) AND (unix_time <= '1685451488.788'::double precision))
   ->  Subquery Scan on "*SELECT* 431"  (cost=97.82..97.83 rows=1 width=76)
         ->  Limit  (cost=97.82..97.82 rows=1 width=84)
               ->  Sort  (cost=97.82..97.82 rows=1 width=84)
                     Sort Key: (st_distance(st_transform(s_430.the_geom, 25833), schw_430.schw))
                     ->  Nested Loop  (cost=0.00..97.81 rows=1 width=84)
                           Join Filter: ((st_transform(s_430.the_geom, 25833) && st_expand(schw_430.schw, '300'::double precision)) AND (schw_430.schw && st_expand(st_transform(s_430.the_geom, 25833), '300'::double precision)) AND _st_dwithin(st_transform(s_430.the_geom, 25833), schw_430.schw, '300'::double precision))
                           ->  Function Scan on schw_430  (cost=0.00..0.01 rows=1 width=32)
                           ->  Seq Scan on phoml_trajectory_tmp s_430  (cost=0.00..95.68 rows=17 width=40)
                                 Filter: ((unix_time >= '1685451429.128'::double precision) AND (unix_time <= '1685451489.128'::double precision))
   ->  Subquery Scan on "*SELECT* 432"  (cost=97.82..97.83 rows=1 width=76)
         ->  Limit  (cost=97.82..97.82 rows=1 width=84)
               ->  Sort  (cost=97.82..97.82 rows=1 width=84)
                     Sort Key: (st_distance(st_transform(s_431.the_geom, 25833), schw_431.schw))
                     ->  Nested Loop  (cost=0.00..97.81 rows=1 width=84)
                           Join Filter: ((st_transform(s_431.the_geom, 25833) && st_expand(schw_431.schw, '300'::double precision)) AND (schw_431.schw && st_expand(st_transform(s_431.the_geom, 25833), '300'::double precision)) AND _st_dwithin(st_transform(s_431.the_geom, 25833), schw_431.schw, '300'::double precision))
                           ->  Function Scan on schw_431  (cost=0.00..0.01 rows=1 width=32)
                           ->  Seq Scan on phoml_trajectory_tmp s_431  (cost=0.00..95.68 rows=17 width=40)
                                 Filter: ((unix_time >= '1685451429.479'::double precision) AND (unix_time <= '1685451489.479'::double precision))
   ->  Subquery Scan on "*SELECT* 433"  (cost=97.82..97.83 rows=1 width=76)
         ->  Limit  (cost=97.82..97.82 rows=1 width=84)
               ->  Sort  (cost=97.82..97.82 rows=1 width=84)
                     Sort Key: (st_distance(st_transform(s_432.the_geom, 25833), schw_432.schw))
                     ->  Nested Loop  (cost=0.00..97.81 rows=1 width=84)
                           Join Filter: ((st_transform(s_432.the_geom, 25833) && st_expand(schw_432.schw, '300'::double precision)) AND (schw_432.schw && st_expand(st_transform(s_432.the_geom, 25833), '300'::double precision)) AND _st_dwithin(st_transform(s_432.the_geom, 25833), schw_432.schw, '300'::double precision))
                           ->  Function Scan on schw_432  (cost=0.00..0.01 rows=1 width=32)
                           ->  Seq Scan on phoml_trajectory_tmp s_432  (cost=0.00..95.68 rows=17 width=40)
                                 Filter: ((unix_time >= '1685451429.819'::double precision) AND (unix_time <= '1685451489.819'::double precision))
   ->  Subquery Scan on "*SELECT* 434"  (cost=97.82..97.83 rows=1 width=76)
         ->  Limit  (cost=97.82..97.82 rows=1 width=84)
               ->  Sort  (cost=97.82..97.82 rows=1 width=84)
                     Sort Key: (st_distance(st_transform(s_433.the_geom, 25833), schw_433.schw))
                     ->  Nested Loop  (cost=0.00..97.81 rows=1 width=84)
                           Join Filter: ((st_transform(s_433.the_geom, 25833) && st_expand(schw_433.schw, '300'::double precision)) AND (schw_433.schw && st_expand(st_transform(s_433.the_geom, 25833), '300'::double precision)) AND _st_dwithin(st_transform(s_433.the_geom, 25833), schw_433.schw, '300'::double precision))
                           ->  Function Scan on schw_433  (cost=0.00..0.01 rows=1 width=32)
                           ->  Seq Scan on phoml_trajectory_tmp s_433  (cost=0.00..95.68 rows=17 width=40)
                                 Filter: ((unix_time >= '1685451430.17'::double precision) AND (unix_time <= '1685451490.17'::double precision))
   ->  Subquery Scan on "*SELECT* 435"  (cost=97.82..97.83 rows=1 width=76)
         ->  Limit  (cost=97.82..97.82 rows=1 width=84)
               ->  Sort  (cost=97.82..97.82 rows=1 width=84)
                     Sort Key: (st_distance(st_transform(s_434.the_geom, 25833), schw_434.schw))
                     ->  Nested Loop  (cost=0.00..97.81 rows=1 width=84)
                           Join Filter: ((st_transform(s_434.the_geom, 25833) && st_expand(schw_434.schw, '300'::double precision)) AND (schw_434.schw && st_expand(st_transform(s_434.the_geom, 25833), '300'::double precision)) AND _st_dwithin(st_transform(s_434.the_geom, 25833), schw_434.schw, '300'::double precision))
                           ->  Function Scan on schw_434  (cost=0.00..0.01 rows=1 width=32)
                           ->  Seq Scan on phoml_trajectory_tmp s_434  (cost=0.00..95.68 rows=17 width=40)
                                 Filter: ((unix_time >= '1685451430.51'::double precision) AND (unix_time <= '1685451490.51'::double precision))
   ->  Subquery Scan on "*SELECT* 436"  (cost=97.82..97.83 rows=1 width=76)
         ->  Limit  (cost=97.82..97.82 rows=1 width=84)
               ->  Sort  (cost=97.82..97.82 rows=1 width=84)
                     Sort Key: (st_distance(st_transform(s_435.the_geom, 25833), schw_435.schw))
                     ->  Nested Loop  (cost=0.00..97.81 rows=1 width=84)
                           Join Filter: ((st_transform(s_435.the_geom, 25833) && st_expand(schw_435.schw, '300'::double precision)) AND (schw_435.schw && st_expand(st_transform(s_435.the_geom, 25833), '300'::double precision)) AND _st_dwithin(st_transform(s_435.the_geom, 25833), schw_435.schw, '300'::double precision))
                           ->  Function Scan on schw_435  (cost=0.00..0.01 rows=1 width=32)
                           ->  Seq Scan on phoml_trajectory_tmp s_435  (cost=0.00..95.68 rows=17 width=40)
                                 Filter: ((unix_time >= '1685451430.85'::double precision) AND (unix_time <= '1685451490.85'::double precision))
   ->  Subquery Scan on "*SELECT* 437"  (cost=97.82..97.83 rows=1 width=76)
         ->  Limit  (cost=97.82..97.82 rows=1 width=84)
               ->  Sort  (cost=97.82..97.82 rows=1 width=84)
                     Sort Key: (st_distance(st_transform(s_436.the_geom, 25833), schw_436.schw))
                     ->  Nested Loop  (cost=0.00..97.81 rows=1 width=84)
                           Join Filter: ((st_transform(s_436.the_geom, 25833) && st_expand(schw_436.schw, '300'::double precision)) AND (schw_436.schw && st_expand(st_transform(s_436.the_geom, 25833), '300'::double precision)) AND _st_dwithin(st_transform(s_436.the_geom, 25833), schw_436.schw, '300'::double precision))
                           ->  Function Scan on schw_436  (cost=0.00..0.01 rows=1 width=32)
                           ->  Seq Scan on phoml_trajectory_tmp s_436  (cost=0.00..95.68 rows=17 width=40)
                                 Filter: ((unix_time >= '1685451431.194'::double precision) AND (unix_time <= '1685451491.194'::double precision))
   ->  Subquery Scan on "*SELECT* 438"  (cost=97.82..97.83 rows=1 width=76)
         ->  Limit  (cost=97.82..97.82 rows=1 width=84)
               ->  Sort  (cost=97.82..97.82 rows=1 width=84)
                     Sort Key: (st_distance(st_transform(s_437.the_geom, 25833), schw_437.schw))
                     ->  Nested Loop  (cost=0.00..97.81 rows=1 width=84)
                           Join Filter: ((st_transform(s_437.the_geom, 25833) && st_expand(schw_437.schw, '300'::double precision)) AND (schw_437.schw && st_expand(st_transform(s_437.the_geom, 25833), '300'::double precision)) AND _st_dwithin(st_transform(s_437.the_geom, 25833), schw_437.schw, '300'::double precision))
                           ->  Function Scan on schw_437  (cost=0.00..0.01 rows=1 width=32)
                           ->  Seq Scan on phoml_trajectory_tmp s_437  (cost=0.00..95.68 rows=17 width=40)
                                 Filter: ((unix_time >= '1685451431.524'::double precision) AND (unix_time <= '1685451491.524'::double precision))
   ->  Subquery Scan on "*SELECT* 439"  (cost=97.82..97.83 rows=1 width=76)
         ->  Limit  (cost=97.82..97.82 rows=1 width=84)
               ->  Sort  (cost=97.82..97.82 rows=1 width=84)
                     Sort Key: (st_distance(st_transform(s_438.the_geom, 25833), schw_438.schw))
                     ->  Nested Loop  (cost=0.00..97.81 rows=1 width=84)
                           Join Filter: ((st_transform(s_438.the_geom, 25833) && st_expand(schw_438.schw, '300'::double precision)) AND (schw_438.schw && st_expand(st_transform(s_438.the_geom, 25833), '300'::double precision)) AND _st_dwithin(st_transform(s_438.the_geom, 25833), schw_438.schw, '300'::double precision))
                           ->  Function Scan on schw_438  (cost=0.00..0.01 rows=1 width=32)
                           ->  Seq Scan on phoml_trajectory_tmp s_438  (cost=0.00..95.68 rows=17 width=40)
                                 Filter: ((unix_time >= '1685451431.874'::double precision) AND (unix_time <= '1685451491.874'::double precision))
   ->  Subquery Scan on "*SELECT* 440"  (cost=97.82..97.83 rows=1 width=76)
         ->  Limit  (cost=97.82..97.82 rows=1 width=84)
               ->  Sort  (cost=97.82..97.82 rows=1 width=84)
                     Sort Key: (st_distance(st_transform(s_439.the_geom, 25833), schw_439.schw))
                     ->  Nested Loop  (cost=0.00..97.81 rows=1 width=84)
                           Join Filter: ((st_transform(s_439.the_geom, 25833) && st_expand(schw_439.schw, '300'::double precision)) AND (schw_439.schw && st_expand(st_transform(s_439.the_geom, 25833), '300'::double precision)) AND _st_dwithin(st_transform(s_439.the_geom, 25833), schw_439.schw, '300'::double precision))
                           ->  Function Scan on schw_439  (cost=0.00..0.01 rows=1 width=32)
                           ->  Seq Scan on phoml_trajectory_tmp s_439  (cost=0.00..95.68 rows=17 width=40)
                                 Filter: ((unix_time >= '1685451432.228'::double precision) AND (unix_time <= '1685451492.228'::double precision))
   ->  Subquery Scan on "*SELECT* 441"  (cost=97.82..97.83 rows=1 width=76)
         ->  Limit  (cost=97.82..97.82 rows=1 width=84)
               ->  Sort  (cost=97.82..97.82 rows=1 width=84)
                     Sort Key: (st_distance(st_transform(s_440.the_geom, 25833), schw_440.schw))
                     ->  Nested Loop  (cost=0.00..97.81 rows=1 width=84)
                           Join Filter: ((st_transform(s_440.the_geom, 25833) && st_expand(schw_440.schw, '300'::double precision)) AND (schw_440.schw && st_expand(st_transform(s_440.the_geom, 25833), '300'::double precision)) AND _st_dwithin(st_transform(s_440.the_geom, 25833), schw_440.schw, '300'::double precision))
                           ->  Function Scan on schw_440  (cost=0.00..0.01 rows=1 width=32)
                           ->  Seq Scan on phoml_trajectory_tmp s_440  (cost=0.00..95.68 rows=17 width=40)
                                 Filter: ((unix_time >= '1685451432.569'::double precision) AND (unix_time <= '1685451492.569'::double precision))
   ->  Subquery Scan on "*SELECT* 442"  (cost=97.82..97.83 rows=1 width=76)
         ->  Limit  (cost=97.82..97.82 rows=1 width=84)
               ->  Sort  (cost=97.82..97.82 rows=1 width=84)
                     Sort Key: (st_distance(st_transform(s_441.the_geom, 25833), schw_441.schw))
                     ->  Nested Loop  (cost=0.00..97.81 rows=1 width=84)
                           Join Filter: ((st_transform(s_441.the_geom, 25833) && st_expand(schw_441.schw, '300'::double precision)) AND (schw_441.schw && st_expand(st_transform(s_441.the_geom, 25833), '300'::double precision)) AND _st_dwithin(st_transform(s_441.the_geom, 25833), schw_441.schw, '300'::double precision))
                           ->  Function Scan on schw_441  (cost=0.00..0.01 rows=1 width=32)
                           ->  Seq Scan on phoml_trajectory_tmp s_441  (cost=0.00..95.68 rows=17 width=40)
                                 Filter: ((unix_time >= '1685451432.919'::double precision) AND (unix_time <= '1685451492.919'::double precision))
   ->  Subquery Scan on "*SELECT* 443"  (cost=97.82..97.83 rows=1 width=76)
         ->  Limit  (cost=97.82..97.82 rows=1 width=84)
               ->  Sort  (cost=97.82..97.82 rows=1 width=84)
                     Sort Key: (st_distance(st_transform(s_442.the_geom, 25833), schw_442.schw))
                     ->  Nested Loop  (cost=0.00..97.81 rows=1 width=84)
                           Join Filter: ((st_transform(s_442.the_geom, 25833) && st_expand(schw_442.schw, '300'::double precision)) AND (schw_442.schw && st_expand(st_transform(s_442.the_geom, 25833), '300'::double precision)) AND _st_dwithin(st_transform(s_442.the_geom, 25833), schw_442.schw, '300'::double precision))
                           ->  Function Scan on schw_442  (cost=0.00..0.01 rows=1 width=32)
                           ->  Seq Scan on phoml_trajectory_tmp s_442  (cost=0.00..95.68 rows=17 width=40)
                                 Filter: ((unix_time >= '1685451433.263'::double precision) AND (unix_time <= '1685451493.263'::double precision))
   ->  Subquery Scan on "*SELECT* 444"  (cost=97.82..97.83 rows=1 width=76)
         ->  Limit  (cost=97.82..97.82 rows=1 width=84)
               ->  Sort  (cost=97.82..97.82 rows=1 width=84)
                     Sort Key: (st_distance(st_transform(s_443.the_geom, 25833), schw_443.schw))
                     ->  Nested Loop  (cost=0.00..97.81 rows=1 width=84)
                           Join Filter: ((st_transform(s_443.the_geom, 25833) && st_expand(schw_443.schw, '300'::double precision)) AND (schw_443.schw && st_expand(st_transform(s_443.the_geom, 25833), '300'::double precision)) AND _st_dwithin(st_transform(s_443.the_geom, 25833), schw_443.schw, '300'::double precision))
                           ->  Function Scan on schw_443  (cost=0.00..0.01 rows=1 width=32)
                           ->  Seq Scan on phoml_trajectory_tmp s_443  (cost=0.00..95.68 rows=17 width=40)
                                 Filter: ((unix_time >= '1685451433.603'::double precision) AND (unix_time <= '1685451493.603'::double precision))
   ->  Subquery Scan on "*SELECT* 445"  (cost=97.82..97.83 rows=1 width=76)
         ->  Limit  (cost=97.82..97.82 rows=1 width=84)
               ->  Sort  (cost=97.82..97.82 rows=1 width=84)
                     Sort Key: (st_distance(st_transform(s_444.the_geom, 25833), schw_444.schw))
                     ->  Nested Loop  (cost=0.00..97.81 rows=1 width=84)
                           Join Filter: ((st_transform(s_444.the_geom, 25833) && st_expand(schw_444.schw, '300'::double precision)) AND (schw_444.schw && st_expand(st_transform(s_444.the_geom, 25833), '300'::double precision)) AND _st_dwithin(st_transform(s_444.the_geom, 25833), schw_444.schw, '300'::double precision))
                           ->  Function Scan on schw_444  (cost=0.00..0.01 rows=1 width=32)
                           ->  Seq Scan on phoml_trajectory_tmp s_444  (cost=0.00..95.68 rows=17 width=40)
                                 Filter: ((unix_time >= '1685451433.943'::double precision) AND (unix_time <= '1685451493.943'::double precision))
   ->  Subquery Scan on "*SELECT* 446"  (cost=97.82..97.83 rows=1 width=76)
         ->  Limit  (cost=97.82..97.82 rows=1 width=84)
               ->  Sort  (cost=97.82..97.82 rows=1 width=84)
                     Sort Key: (st_distance(st_transform(s_445.the_geom, 25833), schw_445.schw))
                     ->  Nested Loop  (cost=0.00..97.81 rows=1 width=84)
                           Join Filter: ((st_transform(s_445.the_geom, 25833) && st_expand(schw_445.schw, '300'::double precision)) AND (schw_445.schw && st_expand(st_transform(s_445.the_geom, 25833), '300'::double precision)) AND _st_dwithin(st_transform(s_445.the_geom, 25833), schw_445.schw, '300'::double precision))
                           ->  Function Scan on schw_445  (cost=0.00..0.01 rows=1 width=32)
                           ->  Seq Scan on phoml_trajectory_tmp s_445  (cost=0.00..95.68 rows=17 width=40)
                                 Filter: ((unix_time >= '1685451434.291'::double precision) AND (unix_time <= '1685451494.291'::double precision))
   ->  Subquery Scan on "*SELECT* 447"  (cost=97.82..97.83 rows=1 width=76)
         ->  Limit  (cost=97.82..97.82 rows=1 width=84)
               ->  Sort  (cost=97.82..97.82 rows=1 width=84)
                     Sort Key: (st_distance(st_transform(s_446.the_geom, 25833), schw_446.schw))
                     ->  Nested Loop  (cost=0.00..97.81 rows=1 width=84)
                           Join Filter: ((st_transform(s_446.the_geom, 25833) && st_expand(schw_446.schw, '300'::double precision)) AND (schw_446.schw && st_expand(st_transform(s_446.the_geom, 25833), '300'::double precision)) AND _st_dwithin(st_transform(s_446.the_geom, 25833), schw_446.schw, '300'::double precision))
                           ->  Function Scan on schw_446  (cost=0.00..0.01 rows=1 width=32)
                           ->  Seq Scan on phoml_trajectory_tmp s_446  (cost=0.00..95.68 rows=17 width=40)
                                 Filter: ((unix_time >= '1685451434.621'::double precision) AND (unix_time <= '1685451494.621'::double precision))
   ->  Subquery Scan on "*SELECT* 448"  (cost=97.82..97.83 rows=1 width=76)
         ->  Limit  (cost=97.82..97.82 rows=1 width=84)
               ->  Sort  (cost=97.82..97.82 rows=1 width=84)
                     Sort Key: (st_distance(st_transform(s_447.the_geom, 25833), schw_447.schw))
                     ->  Nested Loop  (cost=0.00..97.81 rows=1 width=84)
                           Join Filter: ((st_transform(s_447.the_geom, 25833) && st_expand(schw_447.schw, '300'::double precision)) AND (schw_447.schw && st_expand(st_transform(s_447.the_geom, 25833), '300'::double precision)) AND _st_dwithin(st_transform(s_447.the_geom, 25833), schw_447.schw, '300'::double precision))
                           ->  Function Scan on schw_447  (cost=0.00..0.01 rows=1 width=32)
                           ->  Seq Scan on phoml_trajectory_tmp s_447  (cost=0.00..95.68 rows=17 width=40)
                                 Filter: ((unix_time >= '1685451434.971'::double precision) AND (unix_time <= '1685451494.971'::double precision))
   ->  Subquery Scan on "*SELECT* 449"  (cost=97.82..97.83 rows=1 width=76)
         ->  Limit  (cost=97.82..97.82 rows=1 width=84)
               ->  Sort  (cost=97.82..97.82 rows=1 width=84)
                     Sort Key: (st_distance(st_transform(s_448.the_geom, 25833), schw_448.schw))
                     ->  Nested Loop  (cost=0.00..97.81 rows=1 width=84)
                           Join Filter: ((st_transform(s_448.the_geom, 25833) && st_expand(schw_448.schw, '300'::double precision)) AND (schw_448.schw && st_expand(st_transform(s_448.the_geom, 25833), '300'::double precision)) AND _st_dwithin(st_transform(s_448.the_geom, 25833), schw_448.schw, '300'::double precision))
                           ->  Function Scan on schw_448  (cost=0.00..0.01 rows=1 width=32)
                           ->  Seq Scan on phoml_trajectory_tmp s_448  (cost=0.00..95.68 rows=17 width=40)
                                 Filter: ((unix_time >= '1685451435.315'::double precision) AND (unix_time <= '1685451495.315'::double precision))
   ->  Subquery Scan on "*SELECT* 450"  (cost=97.82..97.83 rows=1 width=76)
         ->  Limit  (cost=97.82..97.82 rows=1 width=84)
               ->  Sort  (cost=97.82..97.82 rows=1 width=84)
                     Sort Key: (st_distance(st_transform(s_449.the_geom, 25833), schw_449.schw))
                     ->  Nested Loop  (cost=0.00..97.81 rows=1 width=84)
                           Join Filter: ((st_transform(s_449.the_geom, 25833) && st_expand(schw_449.schw, '300'::double precision)) AND (schw_449.schw && st_expand(st_transform(s_449.the_geom, 25833), '300'::double precision)) AND _st_dwithin(st_transform(s_449.the_geom, 25833), schw_449.schw, '300'::double precision))
                           ->  Function Scan on schw_449  (cost=0.00..0.01 rows=1 width=32)
                           ->  Seq Scan on phoml_trajectory_tmp s_449  (cost=0.00..95.68 rows=17 width=40)
                                 Filter: ((unix_time >= '1685451435.656'::double precision) AND (unix_time <= '1685451495.656'::double precision))
   ->  Subquery Scan on "*SELECT* 451"  (cost=97.82..97.83 rows=1 width=76)
         ->  Limit  (cost=97.82..97.82 rows=1 width=84)
               ->  Sort  (cost=97.82..97.82 rows=1 width=84)
                     Sort Key: (st_distance(st_transform(s_450.the_geom, 25833), schw_450.schw))
                     ->  Nested Loop  (cost=0.00..97.81 rows=1 width=84)
                           Join Filter: ((st_transform(s_450.the_geom, 25833) && st_expand(schw_450.schw, '300'::double precision)) AND (schw_450.schw && st_expand(st_transform(s_450.the_geom, 25833), '300'::double precision)) AND _st_dwithin(st_transform(s_450.the_geom, 25833), schw_450.schw, '300'::double precision))
                           ->  Function Scan on schw_450  (cost=0.00..0.01 rows=1 width=32)
                           ->  Seq Scan on phoml_trajectory_tmp s_450  (cost=0.00..95.68 rows=17 width=40)
                                 Filter: ((unix_time >= '1685451435.996'::double precision) AND (unix_time <= '1685451495.996'::double precision))
   ->  Subquery Scan on "*SELECT* 452"  (cost=97.82..97.83 rows=1 width=76)
         ->  Limit  (cost=97.82..97.82 rows=1 width=84)
               ->  Sort  (cost=97.82..97.82 rows=1 width=84)
                     Sort Key: (st_distance(st_transform(s_451.the_geom, 25833), schw_451.schw))
                     ->  Nested Loop  (cost=0.00..97.81 rows=1 width=84)
                           Join Filter: ((st_transform(s_451.the_geom, 25833) && st_expand(schw_451.schw, '300'::double precision)) AND (schw_451.schw && st_expand(st_transform(s_451.the_geom, 25833), '300'::double precision)) AND _st_dwithin(st_transform(s_451.the_geom, 25833), schw_451.schw, '300'::double precision))
                           ->  Function Scan on schw_451  (cost=0.00..0.01 rows=1 width=32)
                           ->  Seq Scan on phoml_trajectory_tmp s_451  (cost=0.00..95.68 rows=17 width=40)
                                 Filter: ((unix_time >= '1685451436.341'::double precision) AND (unix_time <= '1685451496.341'::double precision))
   ->  Subquery Scan on "*SELECT* 453"  (cost=97.82..97.83 rows=1 width=76)
         ->  Limit  (cost=97.82..97.82 rows=1 width=84)
               ->  Sort  (cost=97.82..97.82 rows=1 width=84)
                     Sort Key: (st_distance(st_transform(s_452.the_geom, 25833), schw_452.schw))
                     ->  Nested Loop  (cost=0.00..97.81 rows=1 width=84)
                           Join Filter: ((st_transform(s_452.the_geom, 25833) && st_expand(schw_452.schw, '300'::double precision)) AND (schw_452.schw && st_expand(st_transform(s_452.the_geom, 25833), '300'::double precision)) AND _st_dwithin(st_transform(s_452.the_geom, 25833), schw_452.schw, '300'::double precision))
                           ->  Function Scan on schw_452  (cost=0.00..0.01 rows=1 width=32)
                           ->  Seq Scan on phoml_trajectory_tmp s_452  (cost=0.00..95.68 rows=17 width=40)
                                 Filter: ((unix_time >= '1685451436.681'::double precision) AND (unix_time <= '1685451496.681'::double precision))
   ->  Subquery Scan on "*SELECT* 454"  (cost=97.82..97.83 rows=1 width=76)
         ->  Limit  (cost=97.82..97.82 rows=1 width=84)
               ->  Sort  (cost=97.82..97.82 rows=1 width=84)
                     Sort Key: (st_distance(st_transform(s_453.the_geom, 25833), schw_453.schw))
                     ->  Nested Loop  (cost=0.00..97.81 rows=1 width=84)
                           Join Filter: ((st_transform(s_453.the_geom, 25833) && st_expand(schw_453.schw, '300'::double precision)) AND (schw_453.schw && st_expand(st_transform(s_453.the_geom, 25833), '300'::double precision)) AND _st_dwithin(st_transform(s_453.the_geom, 25833), schw_453.schw, '300'::double precision))
                           ->  Function Scan on schw_453  (cost=0.00..0.01 rows=1 width=32)
                           ->  Seq Scan on phoml_trajectory_tmp s_453  (cost=0.00..95.68 rows=17 width=40)
                                 Filter: ((unix_time >= '1685451437.001'::double precision) AND (unix_time <= '1685451497.001'::double precision))
   ->  Subquery Scan on "*SELECT* 455"  (cost=97.82..97.83 rows=1 width=76)
         ->  Limit  (cost=97.82..97.82 rows=1 width=84)
               ->  Sort  (cost=97.82..97.82 rows=1 width=84)
                     Sort Key: (st_distance(st_transform(s_454.the_geom, 25833), schw_454.schw))
                     ->  Nested Loop  (cost=0.00..97.81 rows=1 width=84)
                           Join Filter: ((st_transform(s_454.the_geom, 25833) && st_expand(schw_454.schw, '300'::double precision)) AND (schw_454.schw && st_expand(st_transform(s_454.the_geom, 25833), '300'::double precision)) AND _st_dwithin(st_transform(s_454.the_geom, 25833), schw_454.schw, '300'::double precision))
                           ->  Function Scan on schw_454  (cost=0.00..0.01 rows=1 width=32)
                           ->  Seq Scan on phoml_trajectory_tmp s_454  (cost=0.00..95.68 rows=17 width=40)
                                 Filter: ((unix_time >= '1685451437.355'::double precision) AND (unix_time <= '1685451497.355'::double precision))
   ->  Subquery Scan on "*SELECT* 456"  (cost=97.82..97.83 rows=1 width=76)
         ->  Limit  (cost=97.82..97.82 rows=1 width=84)
               ->  Sort  (cost=97.82..97.82 rows=1 width=84)
                     Sort Key: (st_distance(st_transform(s_455.the_geom, 25833), schw_455.schw))
                     ->  Nested Loop  (cost=0.00..97.81 rows=1 width=84)
                           Join Filter: ((st_transform(s_455.the_geom, 25833) && st_expand(schw_455.schw, '300'::double precision)) AND (schw_455.schw && st_expand(st_transform(s_455.the_geom, 25833), '300'::double precision)) AND _st_dwithin(st_transform(s_455.the_geom, 25833), schw_455.schw, '300'::double precision))
                           ->  Function Scan on schw_455  (cost=0.00..0.01 rows=1 width=32)
                           ->  Seq Scan on phoml_trajectory_tmp s_455  (cost=0.00..95.68 rows=17 width=40)
                                 Filter: ((unix_time >= '1685451437.675'::double precision) AND (unix_time <= '1685451497.675'::double precision))
   ->  Subquery Scan on "*SELECT* 457"  (cost=97.82..97.83 rows=1 width=76)
         ->  Limit  (cost=97.82..97.82 rows=1 width=84)
               ->  Sort  (cost=97.82..97.82 rows=1 width=84)
                     Sort Key: (st_distance(st_transform(s_456.the_geom, 25833), schw_456.schw))
                     ->  Nested Loop  (cost=0.00..97.81 rows=1 width=84)
                           Join Filter: ((st_transform(s_456.the_geom, 25833) && st_expand(schw_456.schw, '300'::double precision)) AND (schw_456.schw && st_expand(st_transform(s_456.the_geom, 25833), '300'::double precision)) AND _st_dwithin(st_transform(s_456.the_geom, 25833), schw_456.schw, '300'::double precision))
                           ->  Function Scan on schw_456  (cost=0.00..0.01 rows=1 width=32)
                           ->  Seq Scan on phoml_trajectory_tmp s_456  (cost=0.00..95.68 rows=17 width=40)
                                 Filter: ((unix_time >= '1685451438.025'::double precision) AND (unix_time <= '1685451498.025'::double precision))
   ->  Subquery Scan on "*SELECT* 458"  (cost=97.82..97.83 rows=1 width=76)
         ->  Limit  (cost=97.82..97.82 rows=1 width=84)
               ->  Sort  (cost=97.82..97.82 rows=1 width=84)
                     Sort Key: (st_distance(st_transform(s_457.the_geom, 25833), schw_457.schw))
                     ->  Nested Loop  (cost=0.00..97.81 rows=1 width=84)
                           Join Filter: ((st_transform(s_457.the_geom, 25833) && st_expand(schw_457.schw, '300'::double precision)) AND (schw_457.schw && st_expand(st_transform(s_457.the_geom, 25833), '300'::double precision)) AND _st_dwithin(st_transform(s_457.the_geom, 25833), schw_457.schw, '300'::double precision))
                           ->  Function Scan on schw_457  (cost=0.00..0.01 rows=1 width=32)
                           ->  Seq Scan on phoml_trajectory_tmp s_457  (cost=0.00..95.68 rows=17 width=40)
                                 Filter: ((unix_time >= '1685451438.342'::double precision) AND (unix_time <= '1685451498.342'::double precision))
   ->  Subquery Scan on "*SELECT* 459"  (cost=97.82..97.83 rows=1 width=76)
         ->  Limit  (cost=97.82..97.82 rows=1 width=84)
               ->  Sort  (cost=97.82..97.82 rows=1 width=84)
                     Sort Key: (st_distance(st_transform(s_458.the_geom, 25833), schw_458.schw))
                     ->  Nested Loop  (cost=0.00..97.81 rows=1 width=84)
                           Join Filter: ((st_transform(s_458.the_geom, 25833) && st_expand(schw_458.schw, '300'::double precision)) AND (schw_458.schw && st_expand(st_transform(s_458.the_geom, 25833), '300'::double precision)) AND _st_dwithin(st_transform(s_458.the_geom, 25833), schw_458.schw, '300'::double precision))
                           ->  Function Scan on schw_458  (cost=0.00..0.01 rows=1 width=32)
                           ->  Seq Scan on phoml_trajectory_tmp s_458  (cost=0.00..95.68 rows=17 width=40)
                                 Filter: ((unix_time >= '1685451438.682'::double precision) AND (unix_time <= '1685451498.682'::double precision))
   ->  Subquery Scan on "*SELECT* 460"  (cost=97.82..97.83 rows=1 width=76)
         ->  Limit  (cost=97.82..97.82 rows=1 width=84)
               ->  Sort  (cost=97.82..97.82 rows=1 width=84)
                     Sort Key: (st_distance(st_transform(s_459.the_geom, 25833), schw_459.schw))
                     ->  Nested Loop  (cost=0.00..97.81 rows=1 width=84)
                           Join Filter: ((st_transform(s_459.the_geom, 25833) && st_expand(schw_459.schw, '300'::double precision)) AND (schw_459.schw && st_expand(st_transform(s_459.the_geom, 25833), '300'::double precision)) AND _st_dwithin(st_transform(s_459.the_geom, 25833), schw_459.schw, '300'::double precision))
                           ->  Function Scan on schw_459  (cost=0.00..0.01 rows=1 width=32)
                           ->  Seq Scan on phoml_trajectory_tmp s_459  (cost=0.00..95.68 rows=17 width=40)
                                 Filter: ((unix_time >= '1685451439.022'::double precision) AND (unix_time <= '1685451499.022'::double precision))
   ->  Subquery Scan on "*SELECT* 461"  (cost=97.82..97.83 rows=1 width=76)
         ->  Limit  (cost=97.82..97.82 rows=1 width=84)
               ->  Sort  (cost=97.82..97.82 rows=1 width=84)
                     Sort Key: (st_distance(st_transform(s_460.the_geom, 25833), schw_460.schw))
                     ->  Nested Loop  (cost=0.00..97.81 rows=1 width=84)
                           Join Filter: ((st_transform(s_460.the_geom, 25833) && st_expand(schw_460.schw, '300'::double precision)) AND (schw_460.schw && st_expand(st_transform(s_460.the_geom, 25833), '300'::double precision)) AND _st_dwithin(st_transform(s_460.the_geom, 25833), schw_460.schw, '300'::double precision))
                           ->  Function Scan on schw_460  (cost=0.00..0.01 rows=1 width=32)
                           ->  Seq Scan on phoml_trajectory_tmp s_460  (cost=0.00..95.68 rows=17 width=40)
                                 Filter: ((unix_time >= '1685451439.357'::double precision) AND (unix_time <= '1685451499.357'::double precision))
   ->  Subquery Scan on "*SELECT* 462"  (cost=97.82..97.83 rows=1 width=76)
         ->  Limit  (cost=97.82..97.82 rows=1 width=84)
               ->  Sort  (cost=97.82..97.82 rows=1 width=84)
                     Sort Key: (st_distance(st_transform(s_461.the_geom, 25833), schw_461.schw))
                     ->  Nested Loop  (cost=0.00..97.81 rows=1 width=84)
                           Join Filter: ((st_transform(s_461.the_geom, 25833) && st_expand(schw_461.schw, '300'::double precision)) AND (schw_461.schw && st_expand(st_transform(s_461.the_geom, 25833), '300'::double precision)) AND _st_dwithin(st_transform(s_461.the_geom, 25833), schw_461.schw, '300'::double precision))
                           ->  Function Scan on schw_461  (cost=0.00..0.01 rows=1 width=32)
                           ->  Seq Scan on phoml_trajectory_tmp s_461  (cost=0.00..95.68 rows=17 width=40)
                                 Filter: ((unix_time >= '1685451439.677'::double precision) AND (unix_time <= '1685451499.677'::double precision))
   ->  Subquery Scan on "*SELECT* 463"  (cost=97.82..97.83 rows=1 width=76)
         ->  Limit  (cost=97.82..97.82 rows=1 width=84)
               ->  Sort  (cost=97.82..97.82 rows=1 width=84)
                     Sort Key: (st_distance(st_transform(s_462.the_geom, 25833), schw_462.schw))
                     ->  Nested Loop  (cost=0.00..97.81 rows=1 width=84)
                           Join Filter: ((st_transform(s_462.the_geom, 25833) && st_expand(schw_462.schw, '300'::double precision)) AND (schw_462.schw && st_expand(st_transform(s_462.the_geom, 25833), '300'::double precision)) AND _st_dwithin(st_transform(s_462.the_geom, 25833), schw_462.schw, '300'::double precision))
                           ->  Function Scan on schw_462  (cost=0.00..0.01 rows=1 width=32)
                           ->  Seq Scan on phoml_trajectory_tmp s_462  (cost=0.00..95.68 rows=17 width=40)
                                 Filter: ((unix_time >= '1685451440.017'::double precision) AND (unix_time <= '1685451500.017'::double precision))
   ->  Subquery Scan on "*SELECT* 464"  (cost=97.82..97.83 rows=1 width=76)
         ->  Limit  (cost=97.82..97.82 rows=1 width=84)
               ->  Sort  (cost=97.82..97.82 rows=1 width=84)
                     Sort Key: (st_distance(st_transform(s_463.the_geom, 25833), schw_463.schw))
                     ->  Nested Loop  (cost=0.00..97.81 rows=1 width=84)
                           Join Filter: ((st_transform(s_463.the_geom, 25833) && st_expand(schw_463.schw, '300'::double precision)) AND (schw_463.schw && st_expand(st_transform(s_463.the_geom, 25833), '300'::double precision)) AND _st_dwithin(st_transform(s_463.the_geom, 25833), schw_463.schw, '300'::double precision))
                           ->  Function Scan on schw_463  (cost=0.00..0.01 rows=1 width=32)
                           ->  Seq Scan on phoml_trajectory_tmp s_463  (cost=0.00..95.68 rows=17 width=40)
                                 Filter: ((unix_time >= '1685451440.348'::double precision) AND (unix_time <= '1685451500.348'::double precision))
   ->  Subquery Scan on "*SELECT* 465"  (cost=97.82..97.83 rows=1 width=76)
         ->  Limit  (cost=97.82..97.82 rows=1 width=84)
               ->  Sort  (cost=97.82..97.82 rows=1 width=84)
                     Sort Key: (st_distance(st_transform(s_464.the_geom, 25833), schw_464.schw))
                     ->  Nested Loop  (cost=0.00..97.81 rows=1 width=84)
                           Join Filter: ((st_transform(s_464.the_geom, 25833) && st_expand(schw_464.schw, '300'::double precision)) AND (schw_464.schw && st_expand(st_transform(s_464.the_geom, 25833), '300'::double precision)) AND _st_dwithin(st_transform(s_464.the_geom, 25833), schw_464.schw, '300'::double precision))
                           ->  Function Scan on schw_464  (cost=0.00..0.01 rows=1 width=32)
                           ->  Seq Scan on phoml_trajectory_tmp s_464  (cost=0.00..95.68 rows=17 width=40)
                                 Filter: ((unix_time >= '1685451440.668'::double precision) AND (unix_time <= '1685451500.668'::double precision))
   ->  Subquery Scan on "*SELECT* 466"  (cost=97.82..97.83 rows=1 width=76)
         ->  Limit  (cost=97.82..97.82 rows=1 width=84)
               ->  Sort  (cost=97.82..97.82 rows=1 width=84)
                     Sort Key: (st_distance(st_transform(s_465.the_geom, 25833), schw_465.schw))
                     ->  Nested Loop  (cost=0.00..97.81 rows=1 width=84)
                           Join Filter: ((st_transform(s_465.the_geom, 25833) && st_expand(schw_465.schw, '300'::double precision)) AND (schw_465.schw && st_expand(st_transform(s_465.the_geom, 25833), '300'::double precision)) AND _st_dwithin(st_transform(s_465.the_geom, 25833), schw_465.schw, '300'::double precision))
                           ->  Function Scan on schw_465  (cost=0.00..0.01 rows=1 width=32)
                           ->  Seq Scan on phoml_trajectory_tmp s_465  (cost=0.00..95.68 rows=17 width=40)
                                 Filter: ((unix_time >= '1685451441.008'::double precision) AND (unix_time <= '1685451501.008'::double precision))
   ->  Subquery Scan on "*SELECT* 467"  (cost=97.82..97.83 rows=1 width=76)
         ->  Limit  (cost=97.82..97.82 rows=1 width=84)
               ->  Sort  (cost=97.82..97.82 rows=1 width=84)
                     Sort Key: (st_distance(st_transform(s_466.the_geom, 25833), schw_466.schw))
                     ->  Nested Loop  (cost=0.00..97.81 rows=1 width=84)
                           Join Filter: ((st_transform(s_466.the_geom, 25833) && st_expand(schw_466.schw, '300'::double precision)) AND (schw_466.schw && st_expand(st_transform(s_466.the_geom, 25833), '300'::double precision)) AND _st_dwithin(st_transform(s_466.the_geom, 25833), schw_466.schw, '300'::double precision))
                           ->  Function Scan on schw_466  (cost=0.00..0.01 rows=1 width=32)
                           ->  Seq Scan on phoml_trajectory_tmp s_466  (cost=0.00..95.68 rows=17 width=40)
                                 Filter: ((unix_time >= '1685451441.331'::double precision) AND (unix_time <= '1685451501.331'::double precision))
   ->  Subquery Scan on "*SELECT* 468"  (cost=97.82..97.83 rows=1 width=76)
         ->  Limit  (cost=97.82..97.82 rows=1 width=84)
               ->  Sort  (cost=97.82..97.82 rows=1 width=84)
                     Sort Key: (st_distance(st_transform(s_467.the_geom, 25833), schw_467.schw))
                     ->  Nested Loop  (cost=0.00..97.81 rows=1 width=84)
                           Join Filter: ((st_transform(s_467.the_geom, 25833) && st_expand(schw_467.schw, '300'::double precision)) AND (schw_467.schw && st_expand(st_transform(s_467.the_geom, 25833), '300'::double precision)) AND _st_dwithin(st_transform(s_467.the_geom, 25833), schw_467.schw, '300'::double precision))
                           ->  Function Scan on schw_467  (cost=0.00..0.01 rows=1 width=32)
                           ->  Seq Scan on phoml_trajectory_tmp s_467  (cost=0.00..95.68 rows=17 width=40)
                                 Filter: ((unix_time >= '1685451441.661'::double precision) AND (unix_time <= '1685451501.661'::double precision))
   ->  Subquery Scan on "*SELECT* 469"  (cost=97.82..97.83 rows=1 width=76)
         ->  Limit  (cost=97.82..97.82 rows=1 width=84)
               ->  Sort  (cost=97.82..97.82 rows=1 width=84)
                     Sort Key: (st_distance(st_transform(s_468.the_geom, 25833), schw_468.schw))
                     ->  Nested Loop  (cost=0.00..97.81 rows=1 width=84)
                           Join Filter: ((st_transform(s_468.the_geom, 25833) && st_expand(schw_468.schw, '300'::double precision)) AND (schw_468.schw && st_expand(st_transform(s_468.the_geom, 25833), '300'::double precision)) AND _st_dwithin(st_transform(s_468.the_geom, 25833), schw_468.schw, '300'::double precision))
                           ->  Function Scan on schw_468  (cost=0.00..0.01 rows=1 width=32)
                           ->  Seq Scan on phoml_trajectory_tmp s_468  (cost=0.00..95.68 rows=17 width=40)
                                 Filter: ((unix_time >= '1685451441.991'::double precision) AND (unix_time <= '1685451501.991'::double precision))
   ->  Subquery Scan on "*SELECT* 470"  (cost=97.82..97.83 rows=1 width=76)
         ->  Limit  (cost=97.82..97.82 rows=1 width=84)
               ->  Sort  (cost=97.82..97.82 rows=1 width=84)
                     Sort Key: (st_distance(st_transform(s_469.the_geom, 25833), schw_469.schw))
                     ->  Nested Loop  (cost=0.00..97.81 rows=1 width=84)
                           Join Filter: ((st_transform(s_469.the_geom, 25833) && st_expand(schw_469.schw, '300'::double precision)) AND (schw_469.schw && st_expand(st_transform(s_469.the_geom, 25833), '300'::double precision)) AND _st_dwithin(st_transform(s_469.the_geom, 25833), schw_469.schw, '300'::double precision))
                           ->  Function Scan on schw_469  (cost=0.00..0.01 rows=1 width=32)
                           ->  Seq Scan on phoml_trajectory_tmp s_469  (cost=0.00..95.68 rows=17 width=40)
                                 Filter: ((unix_time >= '1685451442.316'::double precision) AND (unix_time <= '1685451502.316'::double precision))
   ->  Subquery Scan on "*SELECT* 471"  (cost=97.82..97.83 rows=1 width=76)
         ->  Limit  (cost=97.82..97.82 rows=1 width=84)
               ->  Sort  (cost=97.82..97.82 rows=1 width=84)
                     Sort Key: (st_distance(st_transform(s_470.the_geom, 25833), schw_470.schw))
                     ->  Nested Loop  (cost=0.00..97.81 rows=1 width=84)
                           Join Filter: ((st_transform(s_470.the_geom, 25833) && st_expand(schw_470.schw, '300'::double precision)) AND (schw_470.schw && st_expand(st_transform(s_470.the_geom, 25833), '300'::double precision)) AND _st_dwithin(st_transform(s_470.the_geom, 25833), schw_470.schw, '300'::double precision))
                           ->  Function Scan on schw_470  (cost=0.00..0.01 rows=1 width=32)
                           ->  Seq Scan on phoml_trajectory_tmp s_470  (cost=0.00..95.68 rows=17 width=40)
                                 Filter: ((unix_time >= '1685451442.646'::double precision) AND (unix_time <= '1685451502.646'::double precision))
   ->  Subquery Scan on "*SELECT* 472"  (cost=97.82..97.83 rows=1 width=76)
         ->  Limit  (cost=97.82..97.82 rows=1 width=84)
               ->  Sort  (cost=97.82..97.82 rows=1 width=84)
                     Sort Key: (st_distance(st_transform(s_471.the_geom, 25833), schw_471.schw))
                     ->  Nested Loop  (cost=0.00..97.81 rows=1 width=84)
                           Join Filter: ((st_transform(s_471.the_geom, 25833) && st_expand(schw_471.schw, '300'::double precision)) AND (schw_471.schw && st_expand(st_transform(s_471.the_geom, 25833), '300'::double precision)) AND _st_dwithin(st_transform(s_471.the_geom, 25833), schw_471.schw, '300'::double precision))
                           ->  Function Scan on schw_471  (cost=0.00..0.01 rows=1 width=32)
                           ->  Seq Scan on phoml_trajectory_tmp s_471  (cost=0.00..95.68 rows=17 width=40)
                                 Filter: ((unix_time >= '1685451442.976'::double precision) AND (unix_time <= '1685451502.976'::double precision))
   ->  Subquery Scan on "*SELECT* 473"  (cost=97.82..97.83 rows=1 width=76)
         ->  Limit  (cost=97.82..97.82 rows=1 width=84)
               ->  Sort  (cost=97.82..97.82 rows=1 width=84)
                     Sort Key: (st_distance(st_transform(s_472.the_geom, 25833), schw_472.schw))
                     ->  Nested Loop  (cost=0.00..97.81 rows=1 width=84)
                           Join Filter: ((st_transform(s_472.the_geom, 25833) && st_expand(schw_472.schw, '300'::double precision)) AND (schw_472.schw && st_expand(st_transform(s_472.the_geom, 25833), '300'::double precision)) AND _st_dwithin(st_transform(s_472.the_geom, 25833), schw_472.schw, '300'::double precision))
                           ->  Function Scan on schw_472  (cost=0.00..0.01 rows=1 width=32)
                           ->  Seq Scan on phoml_trajectory_tmp s_472  (cost=0.00..95.68 rows=17 width=40)
                                 Filter: ((unix_time >= '1685451443.31'::double precision) AND (unix_time <= '1685451503.31'::double precision))
   ->  Subquery Scan on "*SELECT* 474"  (cost=97.82..97.83 rows=1 width=76)
         ->  Limit  (cost=97.82..97.82 rows=1 width=84)
               ->  Sort  (cost=97.82..97.82 rows=1 width=84)
                     Sort Key: (st_distance(st_transform(s_473.the_geom, 25833), schw_473.schw))
                     ->  Nested Loop  (cost=0.00..97.81 rows=1 width=84)
                           Join Filter: ((st_transform(s_473.the_geom, 25833) && st_expand(schw_473.schw, '300'::double precision)) AND (schw_473.schw && st_expand(st_transform(s_473.the_geom, 25833), '300'::double precision)) AND _st_dwithin(st_transform(s_473.the_geom, 25833), schw_473.schw, '300'::double precision))
                           ->  Function Scan on schw_473  (cost=0.00..0.01 rows=1 width=32)
                           ->  Seq Scan on phoml_trajectory_tmp s_473  (cost=0.00..95.68 rows=17 width=40)
                                 Filter: ((unix_time >= '1685451443.64'::double precision) AND (unix_time <= '1685451503.64'::double precision))
   ->  Subquery Scan on "*SELECT* 475"  (cost=97.82..97.83 rows=1 width=76)
         ->  Limit  (cost=97.82..97.82 rows=1 width=84)
               ->  Sort  (cost=97.82..97.82 rows=1 width=84)
                     Sort Key: (st_distance(st_transform(s_474.the_geom, 25833), schw_474.schw))
                     ->  Nested Loop  (cost=0.00..97.81 rows=1 width=84)
                           Join Filter: ((st_transform(s_474.the_geom, 25833) && st_expand(schw_474.schw, '300'::double precision)) AND (schw_474.schw && st_expand(st_transform(s_474.the_geom, 25833), '300'::double precision)) AND _st_dwithin(st_transform(s_474.the_geom, 25833), schw_474.schw, '300'::double precision))
                           ->  Function Scan on schw_474  (cost=0.00..0.01 rows=1 width=32)
                           ->  Seq Scan on phoml_trajectory_tmp s_474  (cost=0.00..95.68 rows=17 width=40)
                                 Filter: ((unix_time >= '1685451443.97'::double precision) AND (unix_time <= '1685451503.97'::double precision))
   ->  Subquery Scan on "*SELECT* 476"  (cost=97.82..97.83 rows=1 width=76)
         ->  Limit  (cost=97.82..97.82 rows=1 width=84)
               ->  Sort  (cost=97.82..97.82 rows=1 width=84)
                     Sort Key: (st_distance(st_transform(s_475.the_geom, 25833), schw_475.schw))
                     ->  Nested Loop  (cost=0.00..97.81 rows=1 width=84)
                           Join Filter: ((st_transform(s_475.the_geom, 25833) && st_expand(schw_475.schw, '300'::double precision)) AND (schw_475.schw && st_expand(st_transform(s_475.the_geom, 25833), '300'::double precision)) AND _st_dwithin(st_transform(s_475.the_geom, 25833), schw_475.schw, '300'::double precision))
                           ->  Function Scan on schw_475  (cost=0.00..0.01 rows=1 width=32)
                           ->  Seq Scan on phoml_trajectory_tmp s_475  (cost=0.00..95.68 rows=17 width=40)
                                 Filter: ((unix_time >= '1685451444.301'::double precision) AND (unix_time <= '1685451504.301'::double precision))
   ->  Subquery Scan on "*SELECT* 477"  (cost=97.82..97.83 rows=1 width=76)
         ->  Limit  (cost=97.82..97.82 rows=1 width=84)
               ->  Sort  (cost=97.82..97.82 rows=1 width=84)
                     Sort Key: (st_distance(st_transform(s_476.the_geom, 25833), schw_476.schw))
                     ->  Nested Loop  (cost=0.00..97.81 rows=1 width=84)
                           Join Filter: ((st_transform(s_476.the_geom, 25833) && st_expand(schw_476.schw, '300'::double precision)) AND (schw_476.schw && st_expand(st_transform(s_476.the_geom, 25833), '300'::double precision)) AND _st_dwithin(st_transform(s_476.the_geom, 25833), schw_476.schw, '300'::double precision))
                           ->  Function Scan on schw_476  (cost=0.00..0.01 rows=1 width=32)
                           ->  Seq Scan on phoml_trajectory_tmp s_476  (cost=0.00..95.68 rows=17 width=40)
                                 Filter: ((unix_time >= '1685451444.621'::double precision) AND (unix_time <= '1685451504.621'::double precision))
   ->  Subquery Scan on "*SELECT* 478"  (cost=97.82..97.83 rows=1 width=76)
         ->  Limit  (cost=97.82..97.82 rows=1 width=84)
               ->  Sort  (cost=97.82..97.82 rows=1 width=84)
                     Sort Key: (st_distance(st_transform(s_477.the_geom, 25833), schw_477.schw))
                     ->  Nested Loop  (cost=0.00..97.81 rows=1 width=84)
                           Join Filter: ((st_transform(s_477.the_geom, 25833) && st_expand(schw_477.schw, '300'::double precision)) AND (schw_477.schw && st_expand(st_transform(s_477.the_geom, 25833), '300'::double precision)) AND _st_dwithin(st_transform(s_477.the_geom, 25833), schw_477.schw, '300'::double precision))
                           ->  Function Scan on schw_477  (cost=0.00..0.01 rows=1 width=32)
                           ->  Seq Scan on phoml_trajectory_tmp s_477  (cost=0.00..95.68 rows=17 width=40)
                                 Filter: ((unix_time >= '1685451444.961'::double precision) AND (unix_time <= '1685451504.961'::double precision))
   ->  Subquery Scan on "*SELECT* 479"  (cost=97.82..97.83 rows=1 width=76)
         ->  Limit  (cost=97.82..97.82 rows=1 width=84)
               ->  Sort  (cost=97.82..97.82 rows=1 width=84)
                     Sort Key: (st_distance(st_transform(s_478.the_geom, 25833), schw_478.schw))
                     ->  Nested Loop  (cost=0.00..97.81 rows=1 width=84)
                           Join Filter: ((st_transform(s_478.the_geom, 25833) && st_expand(schw_478.schw, '300'::double precision)) AND (schw_478.schw && st_expand(st_transform(s_478.the_geom, 25833), '300'::double precision)) AND _st_dwithin(st_transform(s_478.the_geom, 25833), schw_478.schw, '300'::double precision))
                           ->  Function Scan on schw_478  (cost=0.00..0.01 rows=1 width=32)
                           ->  Seq Scan on phoml_trajectory_tmp s_478  (cost=0.00..95.68 rows=17 width=40)
                                 Filter: ((unix_time >= '1685451445.286'::double precision) AND (unix_time <= '1685451505.286'::double precision))
   ->  Subquery Scan on "*SELECT* 480"  (cost=97.82..97.83 rows=1 width=76)
         ->  Limit  (cost=97.82..97.82 rows=1 width=84)
               ->  Sort  (cost=97.82..97.82 rows=1 width=84)
                     Sort Key: (st_distance(st_transform(s_479.the_geom, 25833), schw_479.schw))
                     ->  Nested Loop  (cost=0.00..97.81 rows=1 width=84)
                           Join Filter: ((st_transform(s_479.the_geom, 25833) && st_expand(schw_479.schw, '300'::double precision)) AND (schw_479.schw && st_expand(st_transform(s_479.the_geom, 25833), '300'::double precision)) AND _st_dwithin(st_transform(s_479.the_geom, 25833), schw_479.schw, '300'::double precision))
                           ->  Function Scan on schw_479  (cost=0.00..0.01 rows=1 width=32)
                           ->  Seq Scan on phoml_trajectory_tmp s_479  (cost=0.00..95.68 rows=17 width=40)
                                 Filter: ((unix_time >= '1685451445.636'::double precision) AND (unix_time <= '1685451505.636'::double precision))
   ->  Subquery Scan on "*SELECT* 481"  (cost=97.82..97.83 rows=1 width=76)
         ->  Limit  (cost=97.82..97.82 rows=1 width=84)
               ->  Sort  (cost=97.82..97.82 rows=1 width=84)
                     Sort Key: (st_distance(st_transform(s_480.the_geom, 25833), schw_480.schw))
                     ->  Nested Loop  (cost=0.00..97.81 rows=1 width=84)
                           Join Filter: ((st_transform(s_480.the_geom, 25833) && st_expand(schw_480.schw, '300'::double precision)) AND (schw_480.schw && st_expand(st_transform(s_480.the_geom, 25833), '300'::double precision)) AND _st_dwithin(st_transform(s_480.the_geom, 25833), schw_480.schw, '300'::double precision))
                           ->  Function Scan on schw_480  (cost=0.00..0.01 rows=1 width=32)
                           ->  Seq Scan on phoml_trajectory_tmp s_480  (cost=0.00..95.68 rows=17 width=40)
                                 Filter: ((unix_time >= '1685451445.976'::double precision) AND (unix_time <= '1685451505.976'::double precision))
   ->  Subquery Scan on "*SELECT* 482"  (cost=97.82..97.83 rows=1 width=76)
         ->  Limit  (cost=97.82..97.82 rows=1 width=84)
               ->  Sort  (cost=97.82..97.82 rows=1 width=84)
                     Sort Key: (st_distance(st_transform(s_481.the_geom, 25833), schw_481.schw))
                     ->  Nested Loop  (cost=0.00..97.81 rows=1 width=84)
                           Join Filter: ((st_transform(s_481.the_geom, 25833) && st_expand(schw_481.schw, '300'::double precision)) AND (schw_481.schw && st_expand(st_transform(s_481.the_geom, 25833), '300'::double precision)) AND _st_dwithin(st_transform(s_481.the_geom, 25833), schw_481.schw, '300'::double precision))
                           ->  Function Scan on schw_481  (cost=0.00..0.01 rows=1 width=32)
                           ->  Seq Scan on phoml_trajectory_tmp s_481  (cost=0.00..95.68 rows=17 width=40)
                                 Filter: ((unix_time >= '1685451446.317'::double precision) AND (unix_time <= '1685451506.317'::double precision))
   ->  Subquery Scan on "*SELECT* 483"  (cost=97.82..97.83 rows=1 width=76)
         ->  Limit  (cost=97.82..97.82 rows=1 width=84)
               ->  Sort  (cost=97.82..97.82 rows=1 width=84)
                     Sort Key: (st_distance(st_transform(s_482.the_geom, 25833), schw_482.schw))
                     ->  Nested Loop  (cost=0.00..97.81 rows=1 width=84)
                           Join Filter: ((st_transform(s_482.the_geom, 25833) && st_expand(schw_482.schw, '300'::double precision)) AND (schw_482.schw && st_expand(st_transform(s_482.the_geom, 25833), '300'::double precision)) AND _st_dwithin(st_transform(s_482.the_geom, 25833), schw_482.schw, '300'::double precision))
                           ->  Function Scan on schw_482  (cost=0.00..0.01 rows=1 width=32)
                           ->  Seq Scan on phoml_trajectory_tmp s_482  (cost=0.00..95.68 rows=17 width=40)
                                 Filter: ((unix_time >= '1685451446.647'::double precision) AND (unix_time <= '1685451506.647'::double precision))
   ->  Subquery Scan on "*SELECT* 484"  (cost=97.82..97.83 rows=1 width=76)
         ->  Limit  (cost=97.82..97.82 rows=1 width=84)
               ->  Sort  (cost=97.82..97.82 rows=1 width=84)
                     Sort Key: (st_distance(st_transform(s_483.the_geom, 25833), schw_483.schw))
                     ->  Nested Loop  (cost=0.00..97.81 rows=1 width=84)
                           Join Filter: ((st_transform(s_483.the_geom, 25833) && st_expand(schw_483.schw, '300'::double precision)) AND (schw_483.schw && st_expand(st_transform(s_483.the_geom, 25833), '300'::double precision)) AND _st_dwithin(st_transform(s_483.the_geom, 25833), schw_483.schw, '300'::double precision))
                           ->  Function Scan on schw_483  (cost=0.00..0.01 rows=1 width=32)
                           ->  Seq Scan on phoml_trajectory_tmp s_483  (cost=0.00..95.68 rows=17 width=40)
                                 Filter: ((unix_time >= '1685451446.997'::double precision) AND (unix_time <= '1685451506.997'::double precision))
   ->  Subquery Scan on "*SELECT* 485"  (cost=97.82..97.83 rows=1 width=76)
         ->  Limit  (cost=97.82..97.82 rows=1 width=84)
               ->  Sort  (cost=97.82..97.82 rows=1 width=84)
                     Sort Key: (st_distance(st_transform(s_484.the_geom, 25833), schw_484.schw))
                     ->  Nested Loop  (cost=0.00..97.81 rows=1 width=84)
                           Join Filter: ((st_transform(s_484.the_geom, 25833) && st_expand(schw_484.schw, '300'::double precision)) AND (schw_484.schw && st_expand(st_transform(s_484.the_geom, 25833), '300'::double precision)) AND _st_dwithin(st_transform(s_484.the_geom, 25833), schw_484.schw, '300'::double precision))
                           ->  Function Scan on schw_484  (cost=0.00..0.01 rows=1 width=32)
                           ->  Seq Scan on phoml_trajectory_tmp s_484  (cost=0.00..95.68 rows=17 width=40)
                                 Filter: ((unix_time >= '1685451447.331'::double precision) AND (unix_time <= '1685451507.331'::double precision))
   ->  Subquery Scan on "*SELECT* 486"  (cost=97.82..97.83 rows=1 width=76)
         ->  Limit  (cost=97.82..97.82 rows=1 width=84)
               ->  Sort  (cost=97.82..97.82 rows=1 width=84)
                     Sort Key: (st_distance(st_transform(s_485.the_geom, 25833), schw_485.schw))
                     ->  Nested Loop  (cost=0.00..97.81 rows=1 width=84)
                           Join Filter: ((st_transform(s_485.the_geom, 25833) && st_expand(schw_485.schw, '300'::double precision)) AND (schw_485.schw && st_expand(st_transform(s_485.the_geom, 25833), '300'::double precision)) AND _st_dwithin(st_transform(s_485.the_geom, 25833), schw_485.schw, '300'::double precision))
                           ->  Function Scan on schw_485  (cost=0.00..0.01 rows=1 width=32)
                           ->  Seq Scan on phoml_trajectory_tmp s_485  (cost=0.00..95.68 rows=17 width=40)
                                 Filter: ((unix_time >= '1685451447.671'::double precision) AND (unix_time <= '1685451507.671'::double precision))
   ->  Subquery Scan on "*SELECT* 487"  (cost=97.82..97.83 rows=1 width=76)
         ->  Limit  (cost=97.82..97.82 rows=1 width=84)
               ->  Sort  (cost=97.82..97.82 rows=1 width=84)
                     Sort Key: (st_distance(st_transform(s_486.the_geom, 25833), schw_486.schw))
                     ->  Nested Loop  (cost=0.00..97.81 rows=1 width=84)
                           Join Filter: ((st_transform(s_486.the_geom, 25833) && st_expand(schw_486.schw, '300'::double precision)) AND (schw_486.schw && st_expand(st_transform(s_486.the_geom, 25833), '300'::double precision)) AND _st_dwithin(st_transform(s_486.the_geom, 25833), schw_486.schw, '300'::double precision))
                           ->  Function Scan on schw_486  (cost=0.00..0.01 rows=1 width=32)
                           ->  Seq Scan on phoml_trajectory_tmp s_486  (cost=0.00..95.68 rows=17 width=40)
                                 Filter: ((unix_time >= '1685451448.021'::double precision) AND (unix_time <= '1685451508.021'::double precision))
   ->  Subquery Scan on "*SELECT* 488"  (cost=97.82..97.83 rows=1 width=76)
         ->  Limit  (cost=97.82..97.82 rows=1 width=84)
               ->  Sort  (cost=97.82..97.82 rows=1 width=84)
                     Sort Key: (st_distance(st_transform(s_487.the_geom, 25833), schw_487.schw))
                     ->  Nested Loop  (cost=0.00..97.81 rows=1 width=84)
                           Join Filter: ((st_transform(s_487.the_geom, 25833) && st_expand(schw_487.schw, '300'::double precision)) AND (schw_487.schw && st_expand(st_transform(s_487.the_geom, 25833), '300'::double precision)) AND _st_dwithin(st_transform(s_487.the_geom, 25833), schw_487.schw, '300'::double precision))
                           ->  Function Scan on schw_487  (cost=0.00..0.01 rows=1 width=32)
                           ->  Seq Scan on phoml_trajectory_tmp s_487  (cost=0.00..95.68 rows=17 width=40)
                                 Filter: ((unix_time >= '1685451448.357'::double precision) AND (unix_time <= '1685451508.357'::double precision))
   ->  Subquery Scan on "*SELECT* 489"  (cost=97.82..97.83 rows=1 width=76)
         ->  Limit  (cost=97.82..97.82 rows=1 width=84)
               ->  Sort  (cost=97.82..97.82 rows=1 width=84)
                     Sort Key: (st_distance(st_transform(s_488.the_geom, 25833), schw_488.schw))
                     ->  Nested Loop  (cost=0.00..97.81 rows=1 width=84)
                           Join Filter: ((st_transform(s_488.the_geom, 25833) && st_expand(schw_488.schw, '300'::double precision)) AND (schw_488.schw && st_expand(st_transform(s_488.the_geom, 25833), '300'::double precision)) AND _st_dwithin(st_transform(s_488.the_geom, 25833), schw_488.schw, '300'::double precision))
                           ->  Function Scan on schw_488  (cost=0.00..0.01 rows=1 width=32)
                           ->  Seq Scan on phoml_trajectory_tmp s_488  (cost=0.00..95.68 rows=17 width=40)
                                 Filter: ((unix_time >= '1685451448.697'::double precision) AND (unix_time <= '1685451508.697'::double precision))
   ->  Subquery Scan on "*SELECT* 490"  (cost=97.82..97.83 rows=1 width=76)
         ->  Limit  (cost=97.82..97.82 rows=1 width=84)
               ->  Sort  (cost=97.82..97.82 rows=1 width=84)
                     Sort Key: (st_distance(st_transform(s_489.the_geom, 25833), schw_489.schw))
                     ->  Nested Loop  (cost=0.00..97.81 rows=1 width=84)
                           Join Filter: ((st_transform(s_489.the_geom, 25833) && st_expand(schw_489.schw, '300'::double precision)) AND (schw_489.schw && st_expand(st_transform(s_489.the_geom, 25833), '300'::double precision)) AND _st_dwithin(st_transform(s_489.the_geom, 25833), schw_489.schw, '300'::double precision))
                           ->  Function Scan on schw_489  (cost=0.00..0.01 rows=1 width=32)
                           ->  Seq Scan on phoml_trajectory_tmp s_489  (cost=0.00..95.68 rows=17 width=40)
                                 Filter: ((unix_time >= '1685451449.037'::double precision) AND (unix_time <= '1685451509.037'::double precision))
   ->  Subquery Scan on "*SELECT* 491"  (cost=97.82..97.83 rows=1 width=76)
         ->  Limit  (cost=97.82..97.82 rows=1 width=84)
               ->  Sort  (cost=97.82..97.82 rows=1 width=84)
                     Sort Key: (st_distance(st_transform(s_490.the_geom, 25833), schw_490.schw))
                     ->  Nested Loop  (cost=0.00..97.81 rows=1 width=84)
                           Join Filter: ((st_transform(s_490.the_geom, 25833) && st_expand(schw_490.schw, '300'::double precision)) AND (schw_490.schw && st_expand(st_transform(s_490.the_geom, 25833), '300'::double precision)) AND _st_dwithin(st_transform(s_490.the_geom, 25833), schw_490.schw, '300'::double precision))
                           ->  Function Scan on schw_490  (cost=0.00..0.01 rows=1 width=32)
                           ->  Seq Scan on phoml_trajectory_tmp s_490  (cost=0.00..95.68 rows=17 width=40)
                                 Filter: ((unix_time >= '1685451449.385'::double precision) AND (unix_time <= '1685451509.385'::double precision))
   ->  Subquery Scan on "*SELECT* 492"  (cost=97.82..97.83 rows=1 width=76)
         ->  Limit  (cost=97.82..97.82 rows=1 width=84)
               ->  Sort  (cost=97.82..97.82 rows=1 width=84)
                     Sort Key: (st_distance(st_transform(s_491.the_geom, 25833), schw_491.schw))
                     ->  Nested Loop  (cost=0.00..97.81 rows=1 width=84)
                           Join Filter: ((st_transform(s_491.the_geom, 25833) && st_expand(schw_491.schw, '300'::double precision)) AND (schw_491.schw && st_expand(st_transform(s_491.the_geom, 25833), '300'::double precision)) AND _st_dwithin(st_transform(s_491.the_geom, 25833), schw_491.schw, '300'::double precision))
                           ->  Function Scan on schw_491  (cost=0.00..0.01 rows=1 width=32)
                           ->  Seq Scan on phoml_trajectory_tmp s_491  (cost=0.00..95.68 rows=17 width=40)
                                 Filter: ((unix_time >= '1685451449.725'::double precision) AND (unix_time <= '1685451509.725'::double precision))
   ->  Subquery Scan on "*SELECT* 493"  (cost=97.82..97.83 rows=1 width=76)
         ->  Limit  (cost=97.82..97.82 rows=1 width=84)
               ->  Sort  (cost=97.82..97.82 rows=1 width=84)
                     Sort Key: (st_distance(st_transform(s_492.the_geom, 25833), schw_492.schw))
                     ->  Nested Loop  (cost=0.00..97.81 rows=1 width=84)
                           Join Filter: ((st_transform(s_492.the_geom, 25833) && st_expand(schw_492.schw, '300'::double precision)) AND (schw_492.schw && st_expand(st_transform(s_492.the_geom, 25833), '300'::double precision)) AND _st_dwithin(st_transform(s_492.the_geom, 25833), schw_492.schw, '300'::double precision))
                           ->  Function Scan on schw_492  (cost=0.00..0.01 rows=1 width=32)
                           ->  Seq Scan on phoml_trajectory_tmp s_492  (cost=0.00..95.68 rows=17 width=40)
                                 Filter: ((unix_time >= '1685451450.065'::double precision) AND (unix_time <= '1685451510.065'::double precision))
   ->  Subquery Scan on "*SELECT* 494"  (cost=97.82..97.83 rows=1 width=76)
         ->  Limit  (cost=97.82..97.82 rows=1 width=84)
               ->  Sort  (cost=97.82..97.82 rows=1 width=84)
                     Sort Key: (st_distance(st_transform(s_493.the_geom, 25833), schw_493.schw))
                     ->  Nested Loop  (cost=0.00..97.81 rows=1 width=84)
                           Join Filter: ((st_transform(s_493.the_geom, 25833) && st_expand(schw_493.schw, '300'::double precision)) AND (schw_493.schw && st_expand(st_transform(s_493.the_geom, 25833), '300'::double precision)) AND _st_dwithin(st_transform(s_493.the_geom, 25833), schw_493.schw, '300'::double precision))
                           ->  Function Scan on schw_493  (cost=0.00..0.01 rows=1 width=32)
                           ->  Seq Scan on phoml_trajectory_tmp s_493  (cost=0.00..95.68 rows=17 width=40)
                                 Filter: ((unix_time >= '1685451450.389'::double precision) AND (unix_time <= '1685451510.389'::double precision))
   ->  Subquery Scan on "*SELECT* 495"  (cost=97.82..97.83 rows=1 width=76)
         ->  Limit  (cost=97.82..97.82 rows=1 width=84)
               ->  Sort  (cost=97.82..97.82 rows=1 width=84)
                     Sort Key: (st_distance(st_transform(s_494.the_geom, 25833), schw_494.schw))
                     ->  Nested Loop  (cost=0.00..97.81 rows=1 width=84)
                           Join Filter: ((st_transform(s_494.the_geom, 25833) && st_expand(schw_494.schw, '300'::double precision)) AND (schw_494.schw && st_expand(st_transform(s_494.the_geom, 25833), '300'::double precision)) AND _st_dwithin(st_transform(s_494.the_geom, 25833), schw_494.schw, '300'::double precision))
                           ->  Function Scan on schw_494  (cost=0.00..0.01 rows=1 width=32)
                           ->  Seq Scan on phoml_trajectory_tmp s_494  (cost=0.00..95.68 rows=17 width=40)
                                 Filter: ((unix_time >= '1685451450.729'::double precision) AND (unix_time <= '1685451510.729'::double precision))
   ->  Subquery Scan on "*SELECT* 496"  (cost=97.82..97.83 rows=1 width=76)
         ->  Limit  (cost=97.82..97.82 rows=1 width=84)
               ->  Sort  (cost=97.82..97.82 rows=1 width=84)
                     Sort Key: (st_distance(st_transform(s_495.the_geom, 25833), schw_495.schw))
                     ->  Nested Loop  (cost=0.00..97.81 rows=1 width=84)
                           Join Filter: ((st_transform(s_495.the_geom, 25833) && st_expand(schw_495.schw, '300'::double precision)) AND (schw_495.schw && st_expand(st_transform(s_495.the_geom, 25833), '300'::double precision)) AND _st_dwithin(st_transform(s_495.the_geom, 25833), schw_495.schw, '300'::double precision))
                           ->  Function Scan on schw_495  (cost=0.00..0.01 rows=1 width=32)
                           ->  Seq Scan on phoml_trajectory_tmp s_495  (cost=0.00..95.68 rows=17 width=40)
                                 Filter: ((unix_time >= '1685451451.089'::double precision) AND (unix_time <= '1685451511.089'::double precision))
   ->  Subquery Scan on "*SELECT* 497"  (cost=97.82..97.83 rows=1 width=76)
         ->  Limit  (cost=97.82..97.82 rows=1 width=84)
               ->  Sort  (cost=97.82..97.82 rows=1 width=84)
                     Sort Key: (st_distance(st_transform(s_496.the_geom, 25833), schw_496.schw))
                     ->  Nested Loop  (cost=0.00..97.81 rows=1 width=84)
                           Join Filter: ((st_transform(s_496.the_geom, 25833) && st_expand(schw_496.schw, '300'::double precision)) AND (schw_496.schw && st_expand(st_transform(s_496.the_geom, 25833), '300'::double precision)) AND _st_dwithin(st_transform(s_496.the_geom, 25833), schw_496.schw, '300'::double precision))
                           ->  Function Scan on schw_496  (cost=0.00..0.01 rows=1 width=32)
                           ->  Seq Scan on phoml_trajectory_tmp s_496  (cost=0.00..95.68 rows=17 width=40)
                                 Filter: ((unix_time >= '1685451451.415'::double precision) AND (unix_time <= '1685451511.415'::double precision))
   ->  Subquery Scan on "*SELECT* 498"  (cost=97.82..97.83 rows=1 width=76)
         ->  Limit  (cost=97.82..97.82 rows=1 width=84)
               ->  Sort  (cost=97.82..97.82 rows=1 width=84)
                     Sort Key: (st_distance(st_transform(s_497.the_geom, 25833), schw_497.schw))
                     ->  Nested Loop  (cost=0.00..97.81 rows=1 width=84)
                           Join Filter: ((st_transform(s_497.the_geom, 25833) && st_expand(schw_497.schw, '300'::double precision)) AND (schw_497.schw && st_expand(st_transform(s_497.the_geom, 25833), '300'::double precision)) AND _st_dwithin(st_transform(s_497.the_geom, 25833), schw_497.schw, '300'::double precision))
                           ->  Function Scan on schw_497  (cost=0.00..0.01 rows=1 width=32)
                           ->  Seq Scan on phoml_trajectory_tmp s_497  (cost=0.00..95.68 rows=17 width=40)
                                 Filter: ((unix_time >= '1685451451.755'::double precision) AND (unix_time <= '1685451511.755'::double precision))
   ->  Subquery Scan on "*SELECT* 499"  (cost=97.82..97.83 rows=1 width=76)
         ->  Limit  (cost=97.82..97.82 rows=1 width=84)
               ->  Sort  (cost=97.82..97.82 rows=1 width=84)
                     Sort Key: (st_distance(st_transform(s_498.the_geom, 25833), schw_498.schw))
                     ->  Nested Loop  (cost=0.00..97.81 rows=1 width=84)
                           Join Filter: ((st_transform(s_498.the_geom, 25833) && st_expand(schw_498.schw, '300'::double precision)) AND (schw_498.schw && st_expand(st_transform(s_498.the_geom, 25833), '300'::double precision)) AND _st_dwithin(st_transform(s_498.the_geom, 25833), schw_498.schw, '300'::double precision))
                           ->  Function Scan on schw_498  (cost=0.00..0.01 rows=1 width=32)
                           ->  Seq Scan on phoml_trajectory_tmp s_498  (cost=0.00..95.68 rows=17 width=40)
                                 Filter: ((unix_time >= '1685451452.085'::double precision) AND (unix_time <= '1685451512.085'::double precision))
   ->  Subquery Scan on "*SELECT* 500"  (cost=97.82..97.83 rows=1 width=76)
         ->  Limit  (cost=97.82..97.82 rows=1 width=84)
               ->  Sort  (cost=97.82..97.82 rows=1 width=84)
                     Sort Key: (st_distance(st_transform(s_499.the_geom, 25833), schw_499.schw))
                     ->  Nested Loop  (cost=0.00..97.81 rows=1 width=84)
                           Join Filter: ((st_transform(s_499.the_geom, 25833) && st_expand(schw_499.schw, '300'::double precision)) AND (schw_499.schw && st_expand(st_transform(s_499.the_geom, 25833), '300'::double precision)) AND _st_dwithin(st_transform(s_499.the_geom, 25833), schw_499.schw, '300'::double precision))
                           ->  Function Scan on schw_499  (cost=0.00..0.01 rows=1 width=32)
                           ->  Seq Scan on phoml_trajectory_tmp s_499  (cost=0.00..95.68 rows=17 width=40)
                                 Filter: ((unix_time >= '1685451452.439'::double precision) AND (unix_time <= '1685451512.439'::double precision))
   ->  Subquery Scan on "*SELECT* 501"  (cost=97.82..97.83 rows=1 width=76)
         ->  Limit  (cost=97.82..97.82 rows=1 width=84)
               ->  Sort  (cost=97.82..97.82 rows=1 width=84)
                     Sort Key: (st_distance(st_transform(s_500.the_geom, 25833), schw_500.schw))
                     ->  Nested Loop  (cost=0.00..97.81 rows=1 width=84)
                           Join Filter: ((st_transform(s_500.the_geom, 25833) && st_expand(schw_500.schw, '300'::double precision)) AND (schw_500.schw && st_expand(st_transform(s_500.the_geom, 25833), '300'::double precision)) AND _st_dwithin(st_transform(s_500.the_geom, 25833), schw_500.schw, '300'::double precision))
                           ->  Function Scan on schw_500  (cost=0.00..0.01 rows=1 width=32)
                           ->  Seq Scan on phoml_trajectory_tmp s_500  (cost=0.00..95.68 rows=17 width=40)
                                 Filter: ((unix_time >= '1685451452.779'::double precision) AND (unix_time <= '1685451512.779'::double precision))
   ->  Subquery Scan on "*SELECT* 502"  (cost=97.82..97.83 rows=1 width=76)
         ->  Limit  (cost=97.82..97.82 rows=1 width=84)
               ->  Sort  (cost=97.82..97.82 rows=1 width=84)
                     Sort Key: (st_distance(st_transform(s_501.the_geom, 25833), schw_501.schw))
                     ->  Nested Loop  (cost=0.00..97.81 rows=1 width=84)
                           Join Filter: ((st_transform(s_501.the_geom, 25833) && st_expand(schw_501.schw, '300'::double precision)) AND (schw_501.schw && st_expand(st_transform(s_501.the_geom, 25833), '300'::double precision)) AND _st_dwithin(st_transform(s_501.the_geom, 25833), schw_501.schw, '300'::double precision))
                           ->  Function Scan on schw_501  (cost=0.00..0.01 rows=1 width=32)
                           ->  Seq Scan on phoml_trajectory_tmp s_501  (cost=0.00..95.68 rows=17 width=40)
                                 Filter: ((unix_time >= '1685451453.109'::double precision) AND (unix_time <= '1685451513.109'::double precision))
   ->  Subquery Scan on "*SELECT* 503"  (cost=97.82..97.83 rows=1 width=76)
         ->  Limit  (cost=97.82..97.82 rows=1 width=84)
               ->  Sort  (cost=97.82..97.82 rows=1 width=84)
                     Sort Key: (st_distance(st_transform(s_502.the_geom, 25833), schw_502.schw))
                     ->  Nested Loop  (cost=0.00..97.81 rows=1 width=84)
                           Join Filter: ((st_transform(s_502.the_geom, 25833) && st_expand(schw_502.schw, '300'::double precision)) AND (schw_502.schw && st_expand(st_transform(s_502.the_geom, 25833), '300'::double precision)) AND _st_dwithin(st_transform(s_502.the_geom, 25833), schw_502.schw, '300'::double precision))
                           ->  Function Scan on schw_502  (cost=0.00..0.01 rows=1 width=32)
                           ->  Seq Scan on phoml_trajectory_tmp s_502  (cost=0.00..95.68 rows=17 width=40)
                                 Filter: ((unix_time >= '1685451453.436'::double precision) AND (unix_time <= '1685451513.436'::double precision))
   ->  Subquery Scan on "*SELECT* 504"  (cost=97.82..97.83 rows=1 width=76)
         ->  Limit  (cost=97.82..97.82 rows=1 width=84)
               ->  Sort  (cost=97.82..97.82 rows=1 width=84)
                     Sort Key: (st_distance(st_transform(s_503.the_geom, 25833), schw_503.schw))
                     ->  Nested Loop  (cost=0.00..97.81 rows=1 width=84)
                           Join Filter: ((st_transform(s_503.the_geom, 25833) && st_expand(schw_503.schw, '300'::double precision)) AND (schw_503.schw && st_expand(st_transform(s_503.the_geom, 25833), '300'::double precision)) AND _st_dwithin(st_transform(s_503.the_geom, 25833), schw_503.schw, '300'::double precision))
                           ->  Function Scan on schw_503  (cost=0.00..0.01 rows=1 width=32)
                           ->  Seq Scan on phoml_trajectory_tmp s_503  (cost=0.00..95.68 rows=17 width=40)
                                 Filter: ((unix_time >= '1685451453.776'::double precision) AND (unix_time <= '1685451513.776'::double precision))
   ->  Subquery Scan on "*SELECT* 505"  (cost=97.82..97.83 rows=1 width=76)
         ->  Limit  (cost=97.82..97.82 rows=1 width=84)
               ->  Sort  (cost=97.82..97.82 rows=1 width=84)
                     Sort Key: (st_distance(st_transform(s_504.the_geom, 25833), schw_504.schw))
                     ->  Nested Loop  (cost=0.00..97.81 rows=1 width=84)
                           Join Filter: ((st_transform(s_504.the_geom, 25833) && st_expand(schw_504.schw, '300'::double precision)) AND (schw_504.schw && st_expand(st_transform(s_504.the_geom, 25833), '300'::double precision)) AND _st_dwithin(st_transform(s_504.the_geom, 25833), schw_504.schw, '300'::double precision))
                           ->  Function Scan on schw_504  (cost=0.00..0.01 rows=1 width=32)
                           ->  Seq Scan on phoml_trajectory_tmp s_504  (cost=0.00..95.68 rows=17 width=40)
                                 Filter: ((unix_time >= '1685451454.126'::double precision) AND (unix_time <= '1685451514.126'::double precision))
   ->  Subquery Scan on "*SELECT* 506"  (cost=97.82..97.83 rows=1 width=76)
         ->  Limit  (cost=97.82..97.82 rows=1 width=84)
               ->  Sort  (cost=97.82..97.82 rows=1 width=84)
                     Sort Key: (st_distance(st_transform(s_505.the_geom, 25833), schw_505.schw))
                     ->  Nested Loop  (cost=0.00..97.81 rows=1 width=84)
                           Join Filter: ((st_transform(s_505.the_geom, 25833) && st_expand(schw_505.schw, '300'::double precision)) AND (schw_505.schw && st_expand(st_transform(s_505.the_geom, 25833), '300'::double precision)) AND _st_dwithin(st_transform(s_505.the_geom, 25833), schw_505.schw, '300'::double precision))
                           ->  Function Scan on schw_505  (cost=0.00..0.01 rows=1 width=32)
                           ->  Seq Scan on phoml_trajectory_tmp s_505  (cost=0.00..95.68 rows=17 width=40)
                                 Filter: ((unix_time >= '1685451454.462'::double precision) AND (unix_time <= '1685451514.462'::double precision))
   ->  Subquery Scan on "*SELECT* 507"  (cost=97.82..97.83 rows=1 width=76)
         ->  Limit  (cost=97.82..97.82 rows=1 width=84)
               ->  Sort  (cost=97.82..97.82 rows=1 width=84)
                     Sort Key: (st_distance(st_transform(s_506.the_geom, 25833), schw_506.schw))
                     ->  Nested Loop  (cost=0.00..97.81 rows=1 width=84)
                           Join Filter: ((st_transform(s_506.the_geom, 25833) && st_expand(schw_506.schw, '300'::double precision)) AND (schw_506.schw && st_expand(st_transform(s_506.the_geom, 25833), '300'::double precision)) AND _st_dwithin(st_transform(s_506.the_geom, 25833), schw_506.schw, '300'::double precision))
                           ->  Function Scan on schw_506  (cost=0.00..0.01 rows=1 width=32)
                           ->  Seq Scan on phoml_trajectory_tmp s_506  (cost=0.00..95.68 rows=17 width=40)
                                 Filter: ((unix_time >= '1685451454.792'::double precision) AND (unix_time <= '1685451514.792'::double precision))
   ->  Subquery Scan on "*SELECT* 508"  (cost=97.82..97.83 rows=1 width=76)
         ->  Limit  (cost=97.82..97.82 rows=1 width=84)
               ->  Sort  (cost=97.82..97.82 rows=1 width=84)
                     Sort Key: (st_distance(st_transform(s_507.the_geom, 25833), schw_507.schw))
                     ->  Nested Loop  (cost=0.00..97.81 rows=1 width=84)
                           Join Filter: ((st_transform(s_507.the_geom, 25833) && st_expand(schw_507.schw, '300'::double precision)) AND (schw_507.schw && st_expand(st_transform(s_507.the_geom, 25833), '300'::double precision)) AND _st_dwithin(st_transform(s_507.the_geom, 25833), schw_507.schw, '300'::double precision))
                           ->  Function Scan on schw_507  (cost=0.00..0.01 rows=1 width=32)
                           ->  Seq Scan on phoml_trajectory_tmp s_507  (cost=0.00..95.68 rows=17 width=40)
                                 Filter: ((unix_time >= '1685451455.132'::double precision) AND (unix_time <= '1685451515.132'::double precision))
   ->  Subquery Scan on "*SELECT* 509"  (cost=97.82..97.83 rows=1 width=76)
         ->  Limit  (cost=97.82..97.82 rows=1 width=84)
               ->  Sort  (cost=97.82..97.82 rows=1 width=84)
                     Sort Key: (st_distance(st_transform(s_508.the_geom, 25833), schw_508.schw))
                     ->  Nested Loop  (cost=0.00..97.81 rows=1 width=84)
                           Join Filter: ((st_transform(s_508.the_geom, 25833) && st_expand(schw_508.schw, '300'::double precision)) AND (schw_508.schw && st_expand(st_transform(s_508.the_geom, 25833), '300'::double precision)) AND _st_dwithin(st_transform(s_508.the_geom, 25833), schw_508.schw, '300'::double precision))
                           ->  Function Scan on schw_508  (cost=0.00..0.01 rows=1 width=32)
                           ->  Seq Scan on phoml_trajectory_tmp s_508  (cost=0.00..95.68 rows=17 width=40)
                                 Filter: ((unix_time >= '1685451455.469'::double precision) AND (unix_time <= '1685451515.469'::double precision))
   ->  Subquery Scan on "*SELECT* 510"  (cost=97.82..97.83 rows=1 width=76)
         ->  Limit  (cost=97.82..97.82 rows=1 width=84)
               ->  Sort  (cost=97.82..97.82 rows=1 width=84)
                     Sort Key: (st_distance(st_transform(s_509.the_geom, 25833), schw_509.schw))
                     ->  Nested Loop  (cost=0.00..97.81 rows=1 width=84)
                           Join Filter: ((st_transform(s_509.the_geom, 25833) && st_expand(schw_509.schw, '300'::double precision)) AND (schw_509.schw && st_expand(st_transform(s_509.the_geom, 25833), '300'::double precision)) AND _st_dwithin(st_transform(s_509.the_geom, 25833), schw_509.schw, '300'::double precision))
                           ->  Function Scan on schw_509  (cost=0.00..0.01 rows=1 width=32)
                           ->  Seq Scan on phoml_trajectory_tmp s_509  (cost=0.00..95.68 rows=17 width=40)
                                 Filter: ((unix_time >= '1685451455.789'::double precision) AND (unix_time <= '1685451515.789'::double precision))
   ->  Subquery Scan on "*SELECT* 511"  (cost=97.82..97.83 rows=1 width=76)
         ->  Limit  (cost=97.82..97.82 rows=1 width=84)
               ->  Sort  (cost=97.82..97.82 rows=1 width=84)
                     Sort Key: (st_distance(st_transform(s_510.the_geom, 25833), schw_510.schw))
                     ->  Nested Loop  (cost=0.00..97.81 rows=1 width=84)
                           Join Filter: ((st_transform(s_510.the_geom, 25833) && st_expand(schw_510.schw, '300'::double precision)) AND (schw_510.schw && st_expand(st_transform(s_510.the_geom, 25833), '300'::double precision)) AND _st_dwithin(st_transform(s_510.the_geom, 25833), schw_510.schw, '300'::double precision))
                           ->  Function Scan on schw_510  (cost=0.00..0.01 rows=1 width=32)
                           ->  Seq Scan on phoml_trajectory_tmp s_510  (cost=0.00..95.68 rows=17 width=40)
                                 Filter: ((unix_time >= '1685451456.129'::double precision) AND (unix_time <= '1685451516.129'::double precision))
   ->  Subquery Scan on "*SELECT* 512"  (cost=97.82..97.83 rows=1 width=76)
         ->  Limit  (cost=97.82..97.82 rows=1 width=84)
               ->  Sort  (cost=97.82..97.82 rows=1 width=84)
                     Sort Key: (st_distance(st_transform(s_511.the_geom, 25833), schw_511.schw))
                     ->  Nested Loop  (cost=0.00..97.81 rows=1 width=84)
                           Join Filter: ((st_transform(s_511.the_geom, 25833) && st_expand(schw_511.schw, '300'::double precision)) AND (schw_511.schw && st_expand(st_transform(s_511.the_geom, 25833), '300'::double precision)) AND _st_dwithin(st_transform(s_511.the_geom, 25833), schw_511.schw, '300'::double precision))
                           ->  Function Scan on schw_511  (cost=0.00..0.01 rows=1 width=32)
                           ->  Seq Scan on phoml_trajectory_tmp s_511  (cost=0.00..95.68 rows=17 width=40)
                                 Filter: ((unix_time >= '1685451456.462'::double precision) AND (unix_time <= '1685451516.462'::double precision))
   ->  Subquery Scan on "*SELECT* 513"  (cost=97.82..97.83 rows=1 width=76)
         ->  Limit  (cost=97.82..97.82 rows=1 width=84)
               ->  Sort  (cost=97.82..97.82 rows=1 width=84)
                     Sort Key: (st_distance(st_transform(s_512.the_geom, 25833), schw_512.schw))
                     ->  Nested Loop  (cost=0.00..97.81 rows=1 width=84)
                           Join Filter: ((st_transform(s_512.the_geom, 25833) && st_expand(schw_512.schw, '300'::double precision)) AND (schw_512.schw && st_expand(st_transform(s_512.the_geom, 25833), '300'::double precision)) AND _st_dwithin(st_transform(s_512.the_geom, 25833), schw_512.schw, '300'::double precision))
                           ->  Function Scan on schw_512  (cost=0.00..0.01 rows=1 width=32)
                           ->  Seq Scan on phoml_trajectory_tmp s_512  (cost=0.00..95.68 rows=17 width=40)
                                 Filter: ((unix_time >= '1685451456.792'::double precision) AND (unix_time <= '1685451516.792'::double precision))
   ->  Subquery Scan on "*SELECT* 514"  (cost=97.82..97.83 rows=1 width=76)
         ->  Limit  (cost=97.82..97.82 rows=1 width=84)
               ->  Sort  (cost=97.82..97.82 rows=1 width=84)
                     Sort Key: (st_distance(st_transform(s_513.the_geom, 25833), schw_513.schw))
                     ->  Nested Loop  (cost=0.00..97.81 rows=1 width=84)
                           Join Filter: ((st_transform(s_513.the_geom, 25833) && st_expand(schw_513.schw, '300'::double precision)) AND (schw_513.schw && st_expand(st_transform(s_513.the_geom, 25833), '300'::double precision)) AND _st_dwithin(st_transform(s_513.the_geom, 25833), schw_513.schw, '300'::double precision))
                           ->  Function Scan on schw_513  (cost=0.00..0.01 rows=1 width=32)
                           ->  Seq Scan on phoml_trajectory_tmp s_513  (cost=0.00..95.68 rows=17 width=40)
                                 Filter: ((unix_time >= '1685451457.132'::double precision) AND (unix_time <= '1685451517.132'::double precision))
   ->  Subquery Scan on "*SELECT* 515"  (cost=97.82..97.83 rows=1 width=76)
         ->  Limit  (cost=97.82..97.82 rows=1 width=84)
               ->  Sort  (cost=97.82..97.82 rows=1 width=84)
                     Sort Key: (st_distance(st_transform(s_514.the_geom, 25833), schw_514.schw))
                     ->  Nested Loop  (cost=0.00..97.81 rows=1 width=84)
                           Join Filter: ((st_transform(s_514.the_geom, 25833) && st_expand(schw_514.schw, '300'::double precision)) AND (schw_514.schw && st_expand(st_transform(s_514.the_geom, 25833), '300'::double precision)) AND _st_dwithin(st_transform(s_514.the_geom, 25833), schw_514.schw, '300'::double precision))
                           ->  Function Scan on schw_514  (cost=0.00..0.01 rows=1 width=32)
                           ->  Seq Scan on phoml_trajectory_tmp s_514  (cost=0.00..95.68 rows=17 width=40)
                                 Filter: ((unix_time >= '1685451457.46'::double precision) AND (unix_time <= '1685451517.46'::double precision))
   ->  Subquery Scan on "*SELECT* 516"  (cost=97.82..97.83 rows=1 width=76)
         ->  Limit  (cost=97.82..97.82 rows=1 width=84)
               ->  Sort  (cost=97.82..97.82 rows=1 width=84)
                     Sort Key: (st_distance(st_transform(s_515.the_geom, 25833), schw_515.schw))
                     ->  Nested Loop  (cost=0.00..97.81 rows=1 width=84)
                           Join Filter: ((st_transform(s_515.the_geom, 25833) && st_expand(schw_515.schw, '300'::double precision)) AND (schw_515.schw && st_expand(st_transform(s_515.the_geom, 25833), '300'::double precision)) AND _st_dwithin(st_transform(s_515.the_geom, 25833), schw_515.schw, '300'::double precision))
                           ->  Function Scan on schw_515  (cost=0.00..0.01 rows=1 width=32)
                           ->  Seq Scan on phoml_trajectory_tmp s_515  (cost=0.00..95.68 rows=17 width=40)
                                 Filter: ((unix_time >= '1685451457.78'::double precision) AND (unix_time <= '1685451517.78'::double precision))
   ->  Subquery Scan on "*SELECT* 517"  (cost=97.82..97.83 rows=1 width=76)
         ->  Limit  (cost=97.82..97.82 rows=1 width=84)
               ->  Sort  (cost=97.82..97.82 rows=1 width=84)
                     Sort Key: (st_distance(st_transform(s_516.the_geom, 25833), schw_516.schw))
                     ->  Nested Loop  (cost=0.00..97.81 rows=1 width=84)
                           Join Filter: ((st_transform(s_516.the_geom, 25833) && st_expand(schw_516.schw, '300'::double precision)) AND (schw_516.schw && st_expand(st_transform(s_516.the_geom, 25833), '300'::double precision)) AND _st_dwithin(st_transform(s_516.the_geom, 25833), schw_516.schw, '300'::double precision))
                           ->  Function Scan on schw_516  (cost=0.00..0.01 rows=1 width=32)
                           ->  Seq Scan on phoml_trajectory_tmp s_516  (cost=0.00..95.68 rows=17 width=40)
                                 Filter: ((unix_time >= '1685451458.12'::double precision) AND (unix_time <= '1685451518.12'::double precision))
   ->  Subquery Scan on "*SELECT* 518"  (cost=97.82..97.83 rows=1 width=76)
         ->  Limit  (cost=97.82..97.82 rows=1 width=84)
               ->  Sort  (cost=97.82..97.82 rows=1 width=84)
                     Sort Key: (st_distance(st_transform(s_517.the_geom, 25833), schw_517.schw))
                     ->  Nested Loop  (cost=0.00..97.81 rows=1 width=84)
                           Join Filter: ((st_transform(s_517.the_geom, 25833) && st_expand(schw_517.schw, '300'::double precision)) AND (schw_517.schw && st_expand(st_transform(s_517.the_geom, 25833), '300'::double precision)) AND _st_dwithin(st_transform(s_517.the_geom, 25833), schw_517.schw, '300'::double precision))
                           ->  Function Scan on schw_517  (cost=0.00..0.01 rows=1 width=32)
                           ->  Seq Scan on phoml_trajectory_tmp s_517  (cost=0.00..95.68 rows=17 width=40)
                                 Filter: ((unix_time >= '1685451458.445'::double precision) AND (unix_time <= '1685451518.445'::double precision))
   ->  Subquery Scan on "*SELECT* 519"  (cost=97.82..97.83 rows=1 width=76)
         ->  Limit  (cost=97.82..97.82 rows=1 width=84)
               ->  Sort  (cost=97.82..97.82 rows=1 width=84)
                     Sort Key: (st_distance(st_transform(s_518.the_geom, 25833), schw_518.schw))
                     ->  Nested Loop  (cost=0.00..97.81 rows=1 width=84)
                           Join Filter: ((st_transform(s_518.the_geom, 25833) && st_expand(schw_518.schw, '300'::double precision)) AND (schw_518.schw && st_expand(st_transform(s_518.the_geom, 25833), '300'::double precision)) AND _st_dwithin(st_transform(s_518.the_geom, 25833), schw_518.schw, '300'::double precision))
                           ->  Function Scan on schw_518  (cost=0.00..0.01 rows=1 width=32)
                           ->  Seq Scan on phoml_trajectory_tmp s_518  (cost=0.00..95.68 rows=17 width=40)
                                 Filter: ((unix_time >= '1685451458.775'::double precision) AND (unix_time <= '1685451518.775'::double precision))
   ->  Subquery Scan on "*SELECT* 520"  (cost=97.82..97.83 rows=1 width=76)
         ->  Limit  (cost=97.82..97.82 rows=1 width=84)
               ->  Sort  (cost=97.82..97.82 rows=1 width=84)
                     Sort Key: (st_distance(st_transform(s_519.the_geom, 25833), schw_519.schw))
                     ->  Nested Loop  (cost=0.00..97.81 rows=1 width=84)
                           Join Filter: ((st_transform(s_519.the_geom, 25833) && st_expand(schw_519.schw, '300'::double precision)) AND (schw_519.schw && st_expand(st_transform(s_519.the_geom, 25833), '300'::double precision)) AND _st_dwithin(st_transform(s_519.the_geom, 25833), schw_519.schw, '300'::double precision))
                           ->  Function Scan on schw_519  (cost=0.00..0.01 rows=1 width=32)
                           ->  Seq Scan on phoml_trajectory_tmp s_519  (cost=0.00..95.68 rows=17 width=40)
                                 Filter: ((unix_time >= '1685451459.115'::double precision) AND (unix_time <= '1685451519.115'::double precision))
   ->  Subquery Scan on "*SELECT* 521"  (cost=97.82..97.83 rows=1 width=76)
         ->  Limit  (cost=97.82..97.82 rows=1 width=84)
               ->  Sort  (cost=97.82..97.82 rows=1 width=84)
                     Sort Key: (st_distance(st_transform(s_520.the_geom, 25833), schw_520.schw))
                     ->  Nested Loop  (cost=0.00..97.81 rows=1 width=84)
                           Join Filter: ((st_transform(s_520.the_geom, 25833) && st_expand(schw_520.schw, '300'::double precision)) AND (schw_520.schw && st_expand(st_transform(s_520.the_geom, 25833), '300'::double precision)) AND _st_dwithin(st_transform(s_520.the_geom, 25833), schw_520.schw, '300'::double precision))
                           ->  Function Scan on schw_520  (cost=0.00..0.01 rows=1 width=32)
                           ->  Seq Scan on phoml_trajectory_tmp s_520  (cost=0.00..95.68 rows=17 width=40)
                                 Filter: ((unix_time >= '1685451459.449'::double precision) AND (unix_time <= '1685451519.449'::double precision))
   ->  Subquery Scan on "*SELECT* 522"  (cost=97.82..97.83 rows=1 width=76)
         ->  Limit  (cost=97.82..97.82 rows=1 width=84)
               ->  Sort  (cost=97.82..97.82 rows=1 width=84)
                     Sort Key: (st_distance(st_transform(s_521.the_geom, 25833), schw_521.schw))
                     ->  Nested Loop  (cost=0.00..97.81 rows=1 width=84)
                           Join Filter: ((st_transform(s_521.the_geom, 25833) && st_expand(schw_521.schw, '300'::double precision)) AND (schw_521.schw && st_expand(st_transform(s_521.the_geom, 25833), '300'::double precision)) AND _st_dwithin(st_transform(s_521.the_geom, 25833), schw_521.schw, '300'::double precision))
                           ->  Function Scan on schw_521  (cost=0.00..0.01 rows=1 width=32)
                           ->  Seq Scan on phoml_trajectory_tmp s_521  (cost=0.00..95.68 rows=17 width=40)
                                 Filter: ((unix_time >= '1685451459.779'::double precision) AND (unix_time <= '1685451519.779'::double precision))
   ->  Subquery Scan on "*SELECT* 523"  (cost=97.82..97.83 rows=1 width=76)
         ->  Limit  (cost=97.82..97.82 rows=1 width=84)
               ->  Sort  (cost=97.82..97.82 rows=1 width=84)
                     Sort Key: (st_distance(st_transform(s_522.the_geom, 25833), schw_522.schw))
                     ->  Nested Loop  (cost=0.00..97.81 rows=1 width=84)
                           Join Filter: ((st_transform(s_522.the_geom, 25833) && st_expand(schw_522.schw, '300'::double precision)) AND (schw_522.schw && st_expand(st_transform(s_522.the_geom, 25833), '300'::double precision)) AND _st_dwithin(st_transform(s_522.the_geom, 25833), schw_522.schw, '300'::double precision))
                           ->  Function Scan on schw_522  (cost=0.00..0.01 rows=1 width=32)
                           ->  Seq Scan on phoml_trajectory_tmp s_522  (cost=0.00..95.68 rows=17 width=40)
                                 Filter: ((unix_time >= '1685451460.119'::double precision) AND (unix_time <= '1685451520.119'::double precision))
   ->  Subquery Scan on "*SELECT* 524"  (cost=97.82..97.83 rows=1 width=76)
         ->  Limit  (cost=97.82..97.82 rows=1 width=84)
               ->  Sort  (cost=97.82..97.82 rows=1 width=84)
                     Sort Key: (st_distance(st_transform(s_523.the_geom, 25833), schw_523.schw))
                     ->  Nested Loop  (cost=0.00..97.81 rows=1 width=84)
                           Join Filter: ((st_transform(s_523.the_geom, 25833) && st_expand(schw_523.schw, '300'::double precision)) AND (schw_523.schw && st_expand(st_transform(s_523.the_geom, 25833), '300'::double precision)) AND _st_dwithin(st_transform(s_523.the_geom, 25833), schw_523.schw, '300'::double precision))
                           ->  Function Scan on schw_523  (cost=0.00..0.01 rows=1 width=32)
                           ->  Seq Scan on phoml_trajectory_tmp s_523  (cost=0.00..95.68 rows=17 width=40)
                                 Filter: ((unix_time >= '1685451460.454'::double precision) AND (unix_time <= '1685451520.454'::double precision))
   ->  Subquery Scan on "*SELECT* 525"  (cost=97.82..97.83 rows=1 width=76)
         ->  Limit  (cost=97.82..97.82 rows=1 width=84)
               ->  Sort  (cost=97.82..97.82 rows=1 width=84)
                     Sort Key: (st_distance(st_transform(s_524.the_geom, 25833), schw_524.schw))
                     ->  Nested Loop  (cost=0.00..97.81 rows=1 width=84)
                           Join Filter: ((st_transform(s_524.the_geom, 25833) && st_expand(schw_524.schw, '300'::double precision)) AND (schw_524.schw && st_expand(st_transform(s_524.the_geom, 25833), '300'::double precision)) AND _st_dwithin(st_transform(s_524.the_geom, 25833), schw_524.schw, '300'::double precision))
                           ->  Function Scan on schw_524  (cost=0.00..0.01 rows=1 width=32)
                           ->  Seq Scan on phoml_trajectory_tmp s_524  (cost=0.00..95.68 rows=17 width=40)
                                 Filter: ((unix_time >= '1685451460.784'::double precision) AND (unix_time <= '1685451520.784'::double precision))
   ->  Subquery Scan on "*SELECT* 526"  (cost=97.82..97.83 rows=1 width=76)
         ->  Limit  (cost=97.82..97.82 rows=1 width=84)
               ->  Sort  (cost=97.82..97.82 rows=1 width=84)
                     Sort Key: (st_distance(st_transform(s_525.the_geom, 25833), schw_525.schw))
                     ->  Nested Loop  (cost=0.00..97.81 rows=1 width=84)
                           Join Filter: ((st_transform(s_525.the_geom, 25833) && st_expand(schw_525.schw, '300'::double precision)) AND (schw_525.schw && st_expand(st_transform(s_525.the_geom, 25833), '300'::double precision)) AND _st_dwithin(st_transform(s_525.the_geom, 25833), schw_525.schw, '300'::double precision))
                           ->  Function Scan on schw_525  (cost=0.00..0.01 rows=1 width=32)
                           ->  Seq Scan on phoml_trajectory_tmp s_525  (cost=0.00..95.68 rows=17 width=40)
                                 Filter: ((unix_time >= '1685451461.124'::double precision) AND (unix_time <= '1685451521.124'::double precision))
   ->  Subquery Scan on "*SELECT* 527"  (cost=97.82..97.83 rows=1 width=76)
         ->  Limit  (cost=97.82..97.82 rows=1 width=84)
               ->  Sort  (cost=97.82..97.82 rows=1 width=84)
                     Sort Key: (st_distance(st_transform(s_526.the_geom, 25833), schw_526.schw))
                     ->  Nested Loop  (cost=0.00..97.81 rows=1 width=84)
                           Join Filter: ((st_transform(s_526.the_geom, 25833) && st_expand(schw_526.schw, '300'::double precision)) AND (schw_526.schw && st_expand(st_transform(s_526.the_geom, 25833), '300'::double precision)) AND _st_dwithin(st_transform(s_526.the_geom, 25833), schw_526.schw, '300'::double precision))
                           ->  Function Scan on schw_526  (cost=0.00..0.01 rows=1 width=32)
                           ->  Seq Scan on phoml_trajectory_tmp s_526  (cost=0.00..95.68 rows=17 width=40)
                                 Filter: ((unix_time >= '1685451461.462'::double precision) AND (unix_time <= '1685451521.462'::double precision))
   ->  Subquery Scan on "*SELECT* 528"  (cost=97.82..97.83 rows=1 width=76)
         ->  Limit  (cost=97.82..97.82 rows=1 width=84)
               ->  Sort  (cost=97.82..97.82 rows=1 width=84)
                     Sort Key: (st_distance(st_transform(s_527.the_geom, 25833), schw_527.schw))
                     ->  Nested Loop  (cost=0.00..97.81 rows=1 width=84)
                           Join Filter: ((st_transform(s_527.the_geom, 25833) && st_expand(schw_527.schw, '300'::double precision)) AND (schw_527.schw && st_expand(st_transform(s_527.the_geom, 25833), '300'::double precision)) AND _st_dwithin(st_transform(s_527.the_geom, 25833), schw_527.schw, '300'::double precision))
                           ->  Function Scan on schw_527  (cost=0.00..0.01 rows=1 width=32)
                           ->  Seq Scan on phoml_trajectory_tmp s_527  (cost=0.00..95.68 rows=17 width=40)
                                 Filter: ((unix_time >= '1685451461.792'::double precision) AND (unix_time <= '1685451521.792'::double precision))
   ->  Subquery Scan on "*SELECT* 529"  (cost=97.82..97.83 rows=1 width=76)
         ->  Limit  (cost=97.82..97.82 rows=1 width=84)
               ->  Sort  (cost=97.82..97.82 rows=1 width=84)
                     Sort Key: (st_distance(st_transform(s_528.the_geom, 25833), schw_528.schw))
                     ->  Nested Loop  (cost=0.00..97.81 rows=1 width=84)
                           Join Filter: ((st_transform(s_528.the_geom, 25833) && st_expand(schw_528.schw, '300'::double precision)) AND (schw_528.schw && st_expand(st_transform(s_528.the_geom, 25833), '300'::double precision)) AND _st_dwithin(st_transform(s_528.the_geom, 25833), schw_528.schw, '300'::double precision))
                           ->  Function Scan on schw_528  (cost=0.00..0.01 rows=1 width=32)
                           ->  Seq Scan on phoml_trajectory_tmp s_528  (cost=0.00..95.68 rows=17 width=40)
                                 Filter: ((unix_time >= '1685451462.132'::double precision) AND (unix_time <= '1685451522.132'::double precision))
   ->  Subquery Scan on "*SELECT* 530"  (cost=97.82..97.83 rows=1 width=76)
         ->  Limit  (cost=97.82..97.82 rows=1 width=84)
               ->  Sort  (cost=97.82..97.82 rows=1 width=84)
                     Sort Key: (st_distance(st_transform(s_529.the_geom, 25833), schw_529.schw))
                     ->  Nested Loop  (cost=0.00..97.81 rows=1 width=84)
                           Join Filter: ((st_transform(s_529.the_geom, 25833) && st_expand(schw_529.schw, '300'::double precision)) AND (schw_529.schw && st_expand(st_transform(s_529.the_geom, 25833), '300'::double precision)) AND _st_dwithin(st_transform(s_529.the_geom, 25833), schw_529.schw, '300'::double precision))
                           ->  Function Scan on schw_529  (cost=0.00..0.01 rows=1 width=32)
                           ->  Seq Scan on phoml_trajectory_tmp s_529  (cost=0.00..95.68 rows=17 width=40)
                                 Filter: ((unix_time >= '1685451462.487'::double precision) AND (unix_time <= '1685451522.487'::double precision))
   ->  Subquery Scan on "*SELECT* 531"  (cost=97.82..97.83 rows=1 width=76)
         ->  Limit  (cost=97.82..97.82 rows=1 width=84)
               ->  Sort  (cost=97.82..97.82 rows=1 width=84)
                     Sort Key: (st_distance(st_transform(s_530.the_geom, 25833), schw_530.schw))
                     ->  Nested Loop  (cost=0.00..97.81 rows=1 width=84)
                           Join Filter: ((st_transform(s_530.the_geom, 25833) && st_expand(schw_530.schw, '300'::double precision)) AND (schw_530.schw && st_expand(st_transform(s_530.the_geom, 25833), '300'::double precision)) AND _st_dwithin(st_transform(s_530.the_geom, 25833), schw_530.schw, '300'::double precision))
                           ->  Function Scan on schw_530  (cost=0.00..0.01 rows=1 width=32)
                           ->  Seq Scan on phoml_trajectory_tmp s_530  (cost=0.00..95.68 rows=17 width=40)
                                 Filter: ((unix_time >= '1685451462.827'::double precision) AND (unix_time <= '1685451522.827'::double precision))
   ->  Subquery Scan on "*SELECT* 532"  (cost=97.82..97.83 rows=1 width=76)
         ->  Limit  (cost=97.82..97.82 rows=1 width=84)
               ->  Sort  (cost=97.82..97.82 rows=1 width=84)
                     Sort Key: (st_distance(st_transform(s_531.the_geom, 25833), schw_531.schw))
                     ->  Nested Loop  (cost=0.00..97.81 rows=1 width=84)
                           Join Filter: ((st_transform(s_531.the_geom, 25833) && st_expand(schw_531.schw, '300'::double precision)) AND (schw_531.schw && st_expand(st_transform(s_531.the_geom, 25833), '300'::double precision)) AND _st_dwithin(st_transform(s_531.the_geom, 25833), schw_531.schw, '300'::double precision))
                           ->  Function Scan on schw_531  (cost=0.00..0.01 rows=1 width=32)
                           ->  Seq Scan on phoml_trajectory_tmp s_531  (cost=0.00..95.68 rows=17 width=40)
                                 Filter: ((unix_time >= '1685451463.181'::double precision) AND (unix_time <= '1685451523.181'::double precision))
   ->  Subquery Scan on "*SELECT* 533"  (cost=97.82..97.83 rows=1 width=76)
         ->  Limit  (cost=97.82..97.82 rows=1 width=84)
               ->  Sort  (cost=97.82..97.82 rows=1 width=84)
                     Sort Key: (st_distance(st_transform(s_532.the_geom, 25833), schw_532.schw))
                     ->  Nested Loop  (cost=0.00..97.81 rows=1 width=84)
                           Join Filter: ((st_transform(s_532.the_geom, 25833) && st_expand(schw_532.schw, '300'::double precision)) AND (schw_532.schw && st_expand(st_transform(s_532.the_geom, 25833), '300'::double precision)) AND _st_dwithin(st_transform(s_532.the_geom, 25833), schw_532.schw, '300'::double precision))
                           ->  Function Scan on schw_532  (cost=0.00..0.01 rows=1 width=32)
                           ->  Seq Scan on phoml_trajectory_tmp s_532  (cost=0.00..95.68 rows=17 width=40)
                                 Filter: ((unix_time >= '1685451463.511'::double precision) AND (unix_time <= '1685451523.511'::double precision))
   ->  Subquery Scan on "*SELECT* 534"  (cost=97.82..97.83 rows=1 width=76)
         ->  Limit  (cost=97.82..97.82 rows=1 width=84)
               ->  Sort  (cost=97.82..97.82 rows=1 width=84)
                     Sort Key: (st_distance(st_transform(s_533.the_geom, 25833), schw_533.schw))
                     ->  Nested Loop  (cost=0.00..97.81 rows=1 width=84)
                           Join Filter: ((st_transform(s_533.the_geom, 25833) && st_expand(schw_533.schw, '300'::double precision)) AND (schw_533.schw && st_expand(st_transform(s_533.the_geom, 25833), '300'::double precision)) AND _st_dwithin(st_transform(s_533.the_geom, 25833), schw_533.schw, '300'::double precision))
                           ->  Function Scan on schw_533  (cost=0.00..0.01 rows=1 width=32)
                           ->  Seq Scan on phoml_trajectory_tmp s_533  (cost=0.00..95.68 rows=17 width=40)
                                 Filter: ((unix_time >= '1685451463.861'::double precision) AND (unix_time <= '1685451523.861'::double precision))
   ->  Subquery Scan on "*SELECT* 535"  (cost=97.82..97.83 rows=1 width=76)
         ->  Limit  (cost=97.82..97.82 rows=1 width=84)
               ->  Sort  (cost=97.82..97.82 rows=1 width=84)
                     Sort Key: (st_distance(st_transform(s_534.the_geom, 25833), schw_534.schw))
                     ->  Nested Loop  (cost=0.00..97.81 rows=1 width=84)
                           Join Filter: ((st_transform(s_534.the_geom, 25833) && st_expand(schw_534.schw, '300'::double precision)) AND (schw_534.schw && st_expand(st_transform(s_534.the_geom, 25833), '300'::double precision)) AND _st_dwithin(st_transform(s_534.the_geom, 25833), schw_534.schw, '300'::double precision))
                           ->  Function Scan on schw_534  (cost=0.00..0.01 rows=1 width=32)
                           ->  Seq Scan on phoml_trajectory_tmp s_534  (cost=0.00..95.68 rows=17 width=40)
                                 Filter: ((unix_time >= '1685451464.207'::double precision) AND (unix_time <= '1685451524.207'::double precision))
   ->  Subquery Scan on "*SELECT* 536"  (cost=97.82..97.83 rows=1 width=76)
         ->  Limit  (cost=97.82..97.82 rows=1 width=84)
               ->  Sort  (cost=97.82..97.82 rows=1 width=84)
                     Sort Key: (st_distance(st_transform(s_535.the_geom, 25833), schw_535.schw))
                     ->  Nested Loop  (cost=0.00..97.81 rows=1 width=84)
                           Join Filter: ((st_transform(s_535.the_geom, 25833) && st_expand(schw_535.schw, '300'::double precision)) AND (schw_535.schw && st_expand(st_transform(s_535.the_geom, 25833), '300'::double precision)) AND _st_dwithin(st_transform(s_535.the_geom, 25833), schw_535.schw, '300'::double precision))
                           ->  Function Scan on schw_535  (cost=0.00..0.01 rows=1 width=32)
                           ->  Seq Scan on phoml_trajectory_tmp s_535  (cost=0.00..95.68 rows=17 width=40)
                                 Filter: ((unix_time >= '1685451464.547'::double precision) AND (unix_time <= '1685451524.547'::double precision))
   ->  Subquery Scan on "*SELECT* 537"  (cost=97.82..97.83 rows=1 width=76)
         ->  Limit  (cost=97.82..97.82 rows=1 width=84)
               ->  Sort  (cost=97.82..97.82 rows=1 width=84)
                     Sort Key: (st_distance(st_transform(s_536.the_geom, 25833), schw_536.schw))
                     ->  Nested Loop  (cost=0.00..97.81 rows=1 width=84)
                           Join Filter: ((st_transform(s_536.the_geom, 25833) && st_expand(schw_536.schw, '300'::double precision)) AND (schw_536.schw && st_expand(st_transform(s_536.the_geom, 25833), '300'::double precision)) AND _st_dwithin(st_transform(s_536.the_geom, 25833), schw_536.schw, '300'::double precision))
                           ->  Function Scan on schw_536  (cost=0.00..0.01 rows=1 width=32)
                           ->  Seq Scan on phoml_trajectory_tmp s_536  (cost=0.00..95.68 rows=17 width=40)
                                 Filter: ((unix_time >= '1685451464.887'::double precision) AND (unix_time <= '1685451524.887'::double precision))
   ->  Subquery Scan on "*SELECT* 538"  (cost=97.82..97.83 rows=1 width=76)
         ->  Limit  (cost=97.82..97.82 rows=1 width=84)
               ->  Sort  (cost=97.82..97.82 rows=1 width=84)
                     Sort Key: (st_distance(st_transform(s_537.the_geom, 25833), schw_537.schw))
                     ->  Nested Loop  (cost=0.00..97.81 rows=1 width=84)
                           Join Filter: ((st_transform(s_537.the_geom, 25833) && st_expand(schw_537.schw, '300'::double precision)) AND (schw_537.schw && st_expand(st_transform(s_537.the_geom, 25833), '300'::double precision)) AND _st_dwithin(st_transform(s_537.the_geom, 25833), schw_537.schw, '300'::double precision))
                           ->  Function Scan on schw_537  (cost=0.00..0.01 rows=1 width=32)
                           ->  Seq Scan on phoml_trajectory_tmp s_537  (cost=0.00..95.68 rows=17 width=40)
                                 Filter: ((unix_time >= '1685451465.234'::double precision) AND (unix_time <= '1685451525.234'::double precision))
   ->  Subquery Scan on "*SELECT* 539"  (cost=97.82..97.83 rows=1 width=76)
         ->  Limit  (cost=97.82..97.82 rows=1 width=84)
               ->  Sort  (cost=97.82..97.82 rows=1 width=84)
                     Sort Key: (st_distance(st_transform(s_538.the_geom, 25833), schw_538.schw))
                     ->  Nested Loop  (cost=0.00..97.81 rows=1 width=84)
                           Join Filter: ((st_transform(s_538.the_geom, 25833) && st_expand(schw_538.schw, '300'::double precision)) AND (schw_538.schw && st_expand(st_transform(s_538.the_geom, 25833), '300'::double precision)) AND _st_dwithin(st_transform(s_538.the_geom, 25833), schw_538.schw, '300'::double precision))
                           ->  Function Scan on schw_538  (cost=0.00..0.01 rows=1 width=32)
                           ->  Seq Scan on phoml_trajectory_tmp s_538  (cost=0.00..95.68 rows=17 width=40)
                                 Filter: ((unix_time >= '1685451465.594'::double precision) AND (unix_time <= '1685451525.594'::double precision))
   ->  Subquery Scan on "*SELECT* 540"  (cost=97.82..97.83 rows=1 width=76)
         ->  Limit  (cost=97.82..97.82 rows=1 width=84)
               ->  Sort  (cost=97.82..97.82 rows=1 width=84)
                     Sort Key: (st_distance(st_transform(s_539.the_geom, 25833), schw_539.schw))
                     ->  Nested Loop  (cost=0.00..97.81 rows=1 width=84)
                           Join Filter: ((st_transform(s_539.the_geom, 25833) && st_expand(schw_539.schw, '300'::double precision)) AND (schw_539.schw && st_expand(st_transform(s_539.the_geom, 25833), '300'::double precision)) AND _st_dwithin(st_transform(s_539.the_geom, 25833), schw_539.schw, '300'::double precision))
                           ->  Function Scan on schw_539  (cost=0.00..0.01 rows=1 width=32)
                           ->  Seq Scan on phoml_trajectory_tmp s_539  (cost=0.00..95.68 rows=17 width=40)
                                 Filter: ((unix_time >= '1685451465.934'::double precision) AND (unix_time <= '1685451525.934'::double precision))
   ->  Subquery Scan on "*SELECT* 541"  (cost=97.82..97.83 rows=1 width=76)
         ->  Limit  (cost=97.82..97.82 rows=1 width=84)
               ->  Sort  (cost=97.82..97.82 rows=1 width=84)
                     Sort Key: (st_distance(st_transform(s_540.the_geom, 25833), schw_540.schw))
                     ->  Nested Loop  (cost=0.00..97.81 rows=1 width=84)
                           Join Filter: ((st_transform(s_540.the_geom, 25833) && st_expand(schw_540.schw, '300'::double precision)) AND (schw_540.schw && st_expand(st_transform(s_540.the_geom, 25833), '300'::double precision)) AND _st_dwithin(st_transform(s_540.the_geom, 25833), schw_540.schw, '300'::double precision))
                           ->  Function Scan on schw_540  (cost=0.00..0.01 rows=1 width=32)
                           ->  Seq Scan on phoml_trajectory_tmp s_540  (cost=0.00..95.68 rows=17 width=40)
                                 Filter: ((unix_time >= '1685451466.279'::double precision) AND (unix_time <= '1685451526.279'::double precision))
   ->  Subquery Scan on "*SELECT* 542"  (cost=97.82..97.83 rows=1 width=76)
         ->  Limit  (cost=97.82..97.82 rows=1 width=84)
               ->  Sort  (cost=97.82..97.82 rows=1 width=84)
                     Sort Key: (st_distance(st_transform(s_541.the_geom, 25833), schw_541.schw))
                     ->  Nested Loop  (cost=0.00..97.81 rows=1 width=84)
                           Join Filter: ((st_transform(s_541.the_geom, 25833) && st_expand(schw_541.schw, '300'::double precision)) AND (schw_541.schw && st_expand(st_transform(s_541.the_geom, 25833), '300'::double precision)) AND _st_dwithin(st_transform(s_541.the_geom, 25833), schw_541.schw, '300'::double precision))
                           ->  Function Scan on schw_541  (cost=0.00..0.01 rows=1 width=32)
                           ->  Seq Scan on phoml_trajectory_tmp s_541  (cost=0.00..95.68 rows=17 width=40)
                                 Filter: ((unix_time >= '1685451466.609'::double precision) AND (unix_time <= '1685451526.609'::double precision))
   ->  Subquery Scan on "*SELECT* 543"  (cost=97.82..97.83 rows=1 width=76)
         ->  Limit  (cost=97.82..97.82 rows=1 width=84)
               ->  Sort  (cost=97.82..97.82 rows=1 width=84)
                     Sort Key: (st_distance(st_transform(s_542.the_geom, 25833), schw_542.schw))
                     ->  Nested Loop  (cost=0.00..97.81 rows=1 width=84)
                           Join Filter: ((st_transform(s_542.the_geom, 25833) && st_expand(schw_542.schw, '300'::double precision)) AND (schw_542.schw && st_expand(st_transform(s_542.the_geom, 25833), '300'::double precision)) AND _st_dwithin(st_transform(s_542.the_geom, 25833), schw_542.schw, '300'::double precision))
                           ->  Function Scan on schw_542  (cost=0.00..0.01 rows=1 width=32)
                           ->  Seq Scan on phoml_trajectory_tmp s_542  (cost=0.00..95.68 rows=17 width=40)
                                 Filter: ((unix_time >= '1685451466.949'::double precision) AND (unix_time <= '1685451526.949'::double precision))
   ->  Subquery Scan on "*SELECT* 544"  (cost=97.82..97.83 rows=1 width=76)
         ->  Limit  (cost=97.82..97.82 rows=1 width=84)
               ->  Sort  (cost=97.82..97.82 rows=1 width=84)
                     Sort Key: (st_distance(st_transform(s_543.the_geom, 25833), schw_543.schw))
                     ->  Nested Loop  (cost=0.00..97.81 rows=1 width=84)
                           Join Filter: ((st_transform(s_543.the_geom, 25833) && st_expand(schw_543.schw, '300'::double precision)) AND (schw_543.schw && st_expand(st_transform(s_543.the_geom, 25833), '300'::double precision)) AND _st_dwithin(st_transform(s_543.the_geom, 25833), schw_543.schw, '300'::double precision))
                           ->  Function Scan on schw_543  (cost=0.00..0.01 rows=1 width=32)
                           ->  Seq Scan on phoml_trajectory_tmp s_543  (cost=0.00..95.68 rows=17 width=40)
                                 Filter: ((unix_time >= '1685451467.283'::double precision) AND (unix_time <= '1685451527.283'::double precision))
   ->  Subquery Scan on "*SELECT* 545"  (cost=97.82..97.83 rows=1 width=76)
         ->  Limit  (cost=97.82..97.82 rows=1 width=84)
               ->  Sort  (cost=97.82..97.82 rows=1 width=84)
                     Sort Key: (st_distance(st_transform(s_544.the_geom, 25833), schw_544.schw))
                     ->  Nested Loop  (cost=0.00..97.81 rows=1 width=84)
                           Join Filter: ((st_transform(s_544.the_geom, 25833) && st_expand(schw_544.schw, '300'::double precision)) AND (schw_544.schw && st_expand(st_transform(s_544.the_geom, 25833), '300'::double precision)) AND _st_dwithin(st_transform(s_544.the_geom, 25833), schw_544.schw, '300'::double precision))
                           ->  Function Scan on schw_544  (cost=0.00..0.01 rows=1 width=32)
                           ->  Seq Scan on phoml_trajectory_tmp s_544  (cost=0.00..95.68 rows=17 width=40)
                                 Filter: ((unix_time >= '1685451467.633'::double precision) AND (unix_time <= '1685451527.633'::double precision))
   ->  Subquery Scan on "*SELECT* 546"  (cost=97.82..97.83 rows=1 width=76)
         ->  Limit  (cost=97.82..97.82 rows=1 width=84)
               ->  Sort  (cost=97.82..97.82 rows=1 width=84)
                     Sort Key: (st_distance(st_transform(s_545.the_geom, 25833), schw_545.schw))
                     ->  Nested Loop  (cost=0.00..97.81 rows=1 width=84)
                           Join Filter: ((st_transform(s_545.the_geom, 25833) && st_expand(schw_545.schw, '300'::double precision)) AND (schw_545.schw && st_expand(st_transform(s_545.the_geom, 25833), '300'::double precision)) AND _st_dwithin(st_transform(s_545.the_geom, 25833), schw_545.schw, '300'::double precision))
                           ->  Function Scan on schw_545  (cost=0.00..0.01 rows=1 width=32)
                           ->  Seq Scan on phoml_trajectory_tmp s_545  (cost=0.00..95.68 rows=17 width=40)
                                 Filter: ((unix_time >= '1685451467.953'::double precision) AND (unix_time <= '1685451527.953'::double precision))
   ->  Subquery Scan on "*SELECT* 547"  (cost=97.82..97.83 rows=1 width=76)
         ->  Limit  (cost=97.82..97.82 rows=1 width=84)
               ->  Sort  (cost=97.82..97.82 rows=1 width=84)
                     Sort Key: (st_distance(st_transform(s_546.the_geom, 25833), schw_546.schw))
                     ->  Nested Loop  (cost=0.00..97.81 rows=1 width=84)
                           Join Filter: ((st_transform(s_546.the_geom, 25833) && st_expand(schw_546.schw, '300'::double precision)) AND (schw_546.schw && st_expand(st_transform(s_546.the_geom, 25833), '300'::double precision)) AND _st_dwithin(st_transform(s_546.the_geom, 25833), schw_546.schw, '300'::double precision))
                           ->  Function Scan on schw_546  (cost=0.00..0.01 rows=1 width=32)
                           ->  Seq Scan on phoml_trajectory_tmp s_546  (cost=0.00..95.68 rows=17 width=40)
                                 Filter: ((unix_time >= '1685451468.304'::double precision) AND (unix_time <= '1685451528.304'::double precision))
   ->  Subquery Scan on "*SELECT* 548"  (cost=97.82..97.83 rows=1 width=76)
         ->  Limit  (cost=97.82..97.82 rows=1 width=84)
               ->  Sort  (cost=97.82..97.82 rows=1 width=84)
                     Sort Key: (st_distance(st_transform(s_547.the_geom, 25833), schw_547.schw))
                     ->  Nested Loop  (cost=0.00..97.81 rows=1 width=84)
                           Join Filter: ((st_transform(s_547.the_geom, 25833) && st_expand(schw_547.schw, '300'::double precision)) AND (schw_547.schw && st_expand(st_transform(s_547.the_geom, 25833), '300'::double precision)) AND _st_dwithin(st_transform(s_547.the_geom, 25833), schw_547.schw, '300'::double precision))
                           ->  Function Scan on schw_547  (cost=0.00..0.01 rows=1 width=32)
                           ->  Seq Scan on phoml_trajectory_tmp s_547  (cost=0.00..95.68 rows=17 width=40)
                                 Filter: ((unix_time >= '1685451468.624'::double precision) AND (unix_time <= '1685451528.624'::double precision))
   ->  Subquery Scan on "*SELECT* 549"  (cost=97.82..97.83 rows=1 width=76)
         ->  Limit  (cost=97.82..97.82 rows=1 width=84)
               ->  Sort  (cost=97.82..97.82 rows=1 width=84)
                     Sort Key: (st_distance(st_transform(s_548.the_geom, 25833), schw_548.schw))
                     ->  Nested Loop  (cost=0.00..97.81 rows=1 width=84)
                           Join Filter: ((st_transform(s_548.the_geom, 25833) && st_expand(schw_548.schw, '300'::double precision)) AND (schw_548.schw && st_expand(st_transform(s_548.the_geom, 25833), '300'::double precision)) AND _st_dwithin(st_transform(s_548.the_geom, 25833), schw_548.schw, '300'::double precision))
                           ->  Function Scan on schw_548  (cost=0.00..0.01 rows=1 width=32)
                           ->  Seq Scan on phoml_trajectory_tmp s_548  (cost=0.00..95.68 rows=17 width=40)
                                 Filter: ((unix_time >= '1685451468.954'::double precision) AND (unix_time <= '1685451528.954'::double precision))
   ->  Subquery Scan on "*SELECT* 550"  (cost=97.82..97.83 rows=1 width=76)
         ->  Limit  (cost=97.82..97.82 rows=1 width=84)
               ->  Sort  (cost=97.82..97.82 rows=1 width=84)
                     Sort Key: (st_distance(st_transform(s_549.the_geom, 25833), schw_549.schw))
                     ->  Nested Loop  (cost=0.00..97.81 rows=1 width=84)
                           Join Filter: ((st_transform(s_549.the_geom, 25833) && st_expand(schw_549.schw, '300'::double precision)) AND (schw_549.schw && st_expand(st_transform(s_549.the_geom, 25833), '300'::double precision)) AND _st_dwithin(st_transform(s_549.the_geom, 25833), schw_549.schw, '300'::double precision))
                           ->  Function Scan on schw_549  (cost=0.00..0.01 rows=1 width=32)
                           ->  Seq Scan on phoml_trajectory_tmp s_549  (cost=0.00..95.68 rows=17 width=40)
                                 Filter: ((unix_time >= '1685451469.28'::double precision) AND (unix_time <= '1685451529.28'::double precision))
   ->  Subquery Scan on "*SELECT* 551"  (cost=97.82..97.83 rows=1 width=76)
         ->  Limit  (cost=97.82..97.82 rows=1 width=84)
               ->  Sort  (cost=97.82..97.82 rows=1 width=84)
                     Sort Key: (st_distance(st_transform(s_550.the_geom, 25833), schw_550.schw))
                     ->  Nested Loop  (cost=0.00..97.81 rows=1 width=84)
                           Join Filter: ((st_transform(s_550.the_geom, 25833) && st_expand(schw_550.schw, '300'::double precision)) AND (schw_550.schw && st_expand(st_transform(s_550.the_geom, 25833), '300'::double precision)) AND _st_dwithin(st_transform(s_550.the_geom, 25833), schw_550.schw, '300'::double precision))
                           ->  Function Scan on schw_550  (cost=0.00..0.01 rows=1 width=32)
                           ->  Seq Scan on phoml_trajectory_tmp s_550  (cost=0.00..95.68 rows=17 width=40)
                                 Filter: ((unix_time >= '1685451469.61'::double precision) AND (unix_time <= '1685451529.61'::double precision))
   ->  Subquery Scan on "*SELECT* 552"  (cost=97.82..97.83 rows=1 width=76)
         ->  Limit  (cost=97.82..97.82 rows=1 width=84)
               ->  Sort  (cost=97.82..97.82 rows=1 width=84)
                     Sort Key: (st_distance(st_transform(s_551.the_geom, 25833), schw_551.schw))
                     ->  Nested Loop  (cost=0.00..97.81 rows=1 width=84)
                           Join Filter: ((st_transform(s_551.the_geom, 25833) && st_expand(schw_551.schw, '300'::double precision)) AND (schw_551.schw && st_expand(st_transform(s_551.the_geom, 25833), '300'::double precision)) AND _st_dwithin(st_transform(s_551.the_geom, 25833), schw_551.schw, '300'::double precision))
                           ->  Function Scan on schw_551  (cost=0.00..0.01 rows=1 width=32)
                           ->  Seq Scan on phoml_trajectory_tmp s_551  (cost=0.00..95.68 rows=17 width=40)
                                 Filter: ((unix_time >= '1685451469.93'::double precision) AND (unix_time <= '1685451529.93'::double precision))
   ->  Subquery Scan on "*SELECT* 553"  (cost=97.82..97.83 rows=1 width=76)
         ->  Limit  (cost=97.82..97.82 rows=1 width=84)
               ->  Sort  (cost=97.82..97.82 rows=1 width=84)
                     Sort Key: (st_distance(st_transform(s_552.the_geom, 25833), schw_552.schw))
                     ->  Nested Loop  (cost=0.00..97.81 rows=1 width=84)
                           Join Filter: ((st_transform(s_552.the_geom, 25833) && st_expand(schw_552.schw, '300'::double precision)) AND (schw_552.schw && st_expand(st_transform(s_552.the_geom, 25833), '300'::double precision)) AND _st_dwithin(st_transform(s_552.the_geom, 25833), schw_552.schw, '300'::double precision))
                           ->  Function Scan on schw_552  (cost=0.00..0.01 rows=1 width=32)
                           ->  Seq Scan on phoml_trajectory_tmp s_552  (cost=0.00..95.68 rows=17 width=40)
                                 Filter: ((unix_time >= '1685451470.252'::double precision) AND (unix_time <= '1685451530.252'::double precision))
   ->  Subquery Scan on "*SELECT* 554"  (cost=97.82..97.83 rows=1 width=76)
         ->  Limit  (cost=97.82..97.82 rows=1 width=84)
               ->  Sort  (cost=97.82..97.82 rows=1 width=84)
                     Sort Key: (st_distance(st_transform(s_553.the_geom, 25833), schw_553.schw))
                     ->  Nested Loop  (cost=0.00..97.81 rows=1 width=84)
                           Join Filter: ((st_transform(s_553.the_geom, 25833) && st_expand(schw_553.schw, '300'::double precision)) AND (schw_553.schw && st_expand(st_transform(s_553.the_geom, 25833), '300'::double precision)) AND _st_dwithin(st_transform(s_553.the_geom, 25833), schw_553.schw, '300'::double precision))
                           ->  Function Scan on schw_553  (cost=0.00..0.01 rows=1 width=32)
                           ->  Seq Scan on phoml_trajectory_tmp s_553  (cost=0.00..95.68 rows=17 width=40)
                                 Filter: ((unix_time >= '1685451470.572'::double precision) AND (unix_time <= '1685451530.572'::double precision))
   ->  Subquery Scan on "*SELECT* 555"  (cost=97.82..97.83 rows=1 width=76)
         ->  Limit  (cost=97.82..97.82 rows=1 width=84)
               ->  Sort  (cost=97.82..97.82 rows=1 width=84)
                     Sort Key: (st_distance(st_transform(s_554.the_geom, 25833), schw_554.schw))
                     ->  Nested Loop  (cost=0.00..97.81 rows=1 width=84)
                           Join Filter: ((st_transform(s_554.the_geom, 25833) && st_expand(schw_554.schw, '300'::double precision)) AND (schw_554.schw && st_expand(st_transform(s_554.the_geom, 25833), '300'::double precision)) AND _st_dwithin(st_transform(s_554.the_geom, 25833), schw_554.schw, '300'::double precision))
                           ->  Function Scan on schw_554  (cost=0.00..0.01 rows=1 width=32)
                           ->  Seq Scan on phoml_trajectory_tmp s_554  (cost=0.00..95.68 rows=17 width=40)
                                 Filter: ((unix_time >= '1685451470.892'::double precision) AND (unix_time <= '1685451530.892'::double precision))
   ->  Subquery Scan on "*SELECT* 556"  (cost=97.82..97.83 rows=1 width=76)
         ->  Limit  (cost=97.82..97.82 rows=1 width=84)
               ->  Sort  (cost=97.82..97.82 rows=1 width=84)
                     Sort Key: (st_distance(st_transform(s_555.the_geom, 25833), schw_555.schw))
                     ->  Nested Loop  (cost=0.00..97.81 rows=1 width=84)
                           Join Filter: ((st_transform(s_555.the_geom, 25833) && st_expand(schw_555.schw, '300'::double precision)) AND (schw_555.schw && st_expand(st_transform(s_555.the_geom, 25833), '300'::double precision)) AND _st_dwithin(st_transform(s_555.the_geom, 25833), schw_555.schw, '300'::double precision))
                           ->  Function Scan on schw_555  (cost=0.00..0.01 rows=1 width=32)
                           ->  Seq Scan on phoml_trajectory_tmp s_555  (cost=0.00..95.68 rows=17 width=40)
                                 Filter: ((unix_time >= '1685451471.225'::double precision) AND (unix_time <= '1685451531.225'::double precision))
   ->  Subquery Scan on "*SELECT* 557"  (cost=97.82..97.83 rows=1 width=76)
         ->  Limit  (cost=97.82..97.82 rows=1 width=84)
               ->  Sort  (cost=97.82..97.82 rows=1 width=84)
                     Sort Key: (st_distance(st_transform(s_556.the_geom, 25833), schw_556.schw))
                     ->  Nested Loop  (cost=0.00..97.81 rows=1 width=84)
                           Join Filter: ((st_transform(s_556.the_geom, 25833) && st_expand(schw_556.schw, '300'::double precision)) AND (schw_556.schw && st_expand(st_transform(s_556.the_geom, 25833), '300'::double precision)) AND _st_dwithin(st_transform(s_556.the_geom, 25833), schw_556.schw, '300'::double precision))
                           ->  Function Scan on schw_556  (cost=0.00..0.01 rows=1 width=32)
                           ->  Seq Scan on phoml_trajectory_tmp s_556  (cost=0.00..95.68 rows=17 width=40)
                                 Filter: ((unix_time >= '1685451471.555'::double precision) AND (unix_time <= '1685451531.555'::double precision))
   ->  Subquery Scan on "*SELECT* 558"  (cost=97.82..97.83 rows=1 width=76)
         ->  Limit  (cost=97.82..97.82 rows=1 width=84)
               ->  Sort  (cost=97.82..97.82 rows=1 width=84)
                     Sort Key: (st_distance(st_transform(s_557.the_geom, 25833), schw_557.schw))
                     ->  Nested Loop  (cost=0.00..97.81 rows=1 width=84)
                           Join Filter: ((st_transform(s_557.the_geom, 25833) && st_expand(schw_557.schw, '300'::double precision)) AND (schw_557.schw && st_expand(st_transform(s_557.the_geom, 25833), '300'::double precision)) AND _st_dwithin(st_transform(s_557.the_geom, 25833), schw_557.schw, '300'::double precision))
                           ->  Function Scan on schw_557  (cost=0.00..0.01 rows=1 width=32)
                           ->  Seq Scan on phoml_trajectory_tmp s_557  (cost=0.00..95.68 rows=17 width=40)
                                 Filter: ((unix_time >= '1685451471.885'::double precision) AND (unix_time <= '1685451531.885'::double precision))
   ->  Subquery Scan on "*SELECT* 559"  (cost=97.82..97.83 rows=1 width=76)
         ->  Limit  (cost=97.82..97.82 rows=1 width=84)
               ->  Sort  (cost=97.82..97.82 rows=1 width=84)
                     Sort Key: (st_distance(st_transform(s_558.the_geom, 25833), schw_558.schw))
                     ->  Nested Loop  (cost=0.00..97.81 rows=1 width=84)
                           Join Filter: ((st_transform(s_558.the_geom, 25833) && st_expand(schw_558.schw, '300'::double precision)) AND (schw_558.schw && st_expand(st_transform(s_558.the_geom, 25833), '300'::double precision)) AND _st_dwithin(st_transform(s_558.the_geom, 25833), schw_558.schw, '300'::double precision))
                           ->  Function Scan on schw_558  (cost=0.00..0.01 rows=1 width=32)
                           ->  Seq Scan on phoml_trajectory_tmp s_558  (cost=0.00..95.68 rows=17 width=40)
                                 Filter: ((unix_time >= '1685451472.21'::double precision) AND (unix_time <= '1685451532.21'::double precision))
   ->  Subquery Scan on "*SELECT* 560"  (cost=97.82..97.83 rows=1 width=76)
         ->  Limit  (cost=97.82..97.82 rows=1 width=84)
               ->  Sort  (cost=97.82..97.82 rows=1 width=84)
                     Sort Key: (st_distance(st_transform(s_559.the_geom, 25833), schw_559.schw))
                     ->  Nested Loop  (cost=0.00..97.81 rows=1 width=84)
                           Join Filter: ((st_transform(s_559.the_geom, 25833) && st_expand(schw_559.schw, '300'::double precision)) AND (schw_559.schw && st_expand(st_transform(s_559.the_geom, 25833), '300'::double precision)) AND _st_dwithin(st_transform(s_559.the_geom, 25833), schw_559.schw, '300'::double precision))
                           ->  Function Scan on schw_559  (cost=0.00..0.01 rows=1 width=32)
                           ->  Seq Scan on phoml_trajectory_tmp s_559  (cost=0.00..95.68 rows=17 width=40)
                                 Filter: ((unix_time >= '1685451472.539'::double precision) AND (unix_time <= '1685451532.539'::double precision))
   ->  Subquery Scan on "*SELECT* 561"  (cost=97.82..97.83 rows=1 width=76)
         ->  Limit  (cost=97.82..97.82 rows=1 width=84)
               ->  Sort  (cost=97.82..97.82 rows=1 width=84)
                     Sort Key: (st_distance(st_transform(s_560.the_geom, 25833), schw_560.schw))
                     ->  Nested Loop  (cost=0.00..97.81 rows=1 width=84)
                           Join Filter: ((st_transform(s_560.the_geom, 25833) && st_expand(schw_560.schw, '300'::double precision)) AND (schw_560.schw && st_expand(st_transform(s_560.the_geom, 25833), '300'::double precision)) AND _st_dwithin(st_transform(s_560.the_geom, 25833), schw_560.schw, '300'::double precision))
                           ->  Function Scan on schw_560  (cost=0.00..0.01 rows=1 width=32)
                           ->  Seq Scan on phoml_trajectory_tmp s_560  (cost=0.00..95.68 rows=17 width=40)
                                 Filter: ((unix_time >= '1685451472.869'::double precision) AND (unix_time <= '1685451532.869'::double precision))
   ->  Subquery Scan on "*SELECT* 562"  (cost=97.82..97.83 rows=1 width=76)
         ->  Limit  (cost=97.82..97.82 rows=1 width=84)
               ->  Sort  (cost=97.82..97.82 rows=1 width=84)
                     Sort Key: (st_distance(st_transform(s_561.the_geom, 25833), schw_561.schw))
                     ->  Nested Loop  (cost=0.00..97.81 rows=1 width=84)
                           Join Filter: ((st_transform(s_561.the_geom, 25833) && st_expand(schw_561.schw, '300'::double precision)) AND (schw_561.schw && st_expand(st_transform(s_561.the_geom, 25833), '300'::double precision)) AND _st_dwithin(st_transform(s_561.the_geom, 25833), schw_561.schw, '300'::double precision))
                           ->  Function Scan on schw_561  (cost=0.00..0.01 rows=1 width=32)
                           ->  Seq Scan on phoml_trajectory_tmp s_561  (cost=0.00..95.68 rows=17 width=40)
                                 Filter: ((unix_time >= '1685451473.202'::double precision) AND (unix_time <= '1685451533.202'::double precision))
   ->  Subquery Scan on "*SELECT* 563"  (cost=97.82..97.83 rows=1 width=76)
         ->  Limit  (cost=97.82..97.82 rows=1 width=84)
               ->  Sort  (cost=97.82..97.82 rows=1 width=84)
                     Sort Key: (st_distance(st_transform(s_562.the_geom, 25833), schw_562.schw))
                     ->  Nested Loop  (cost=0.00..97.81 rows=1 width=84)
                           Join Filter: ((st_transform(s_562.the_geom, 25833) && st_expand(schw_562.schw, '300'::double precision)) AND (schw_562.schw && st_expand(st_transform(s_562.the_geom, 25833), '300'::double precision)) AND _st_dwithin(st_transform(s_562.the_geom, 25833), schw_562.schw, '300'::double precision))
                           ->  Function Scan on schw_562  (cost=0.00..0.01 rows=1 width=32)
                           ->  Seq Scan on phoml_trajectory_tmp s_562  (cost=0.00..95.68 rows=17 width=40)
                                 Filter: ((unix_time >= '1685451473.532'::double precision) AND (unix_time <= '1685451533.532'::double precision))
   ->  Subquery Scan on "*SELECT* 564"  (cost=97.82..97.83 rows=1 width=76)
         ->  Limit  (cost=97.82..97.82 rows=1 width=84)
               ->  Sort  (cost=97.82..97.82 rows=1 width=84)
                     Sort Key: (st_distance(st_transform(s_563.the_geom, 25833), schw_563.schw))
                     ->  Nested Loop  (cost=0.00..97.81 rows=1 width=84)
                           Join Filter: ((st_transform(s_563.the_geom, 25833) && st_expand(schw_563.schw, '300'::double precision)) AND (schw_563.schw && st_expand(st_transform(s_563.the_geom, 25833), '300'::double precision)) AND _st_dwithin(st_transform(s_563.the_geom, 25833), schw_563.schw, '300'::double precision))
                           ->  Function Scan on schw_563  (cost=0.00..0.01 rows=1 width=32)
                           ->  Seq Scan on phoml_trajectory_tmp s_563  (cost=0.00..95.68 rows=17 width=40)
                                 Filter: ((unix_time >= '1685451473.872'::double precision) AND (unix_time <= '1685451533.872'::double precision))
   ->  Subquery Scan on "*SELECT* 565"  (cost=97.82..97.83 rows=1 width=76)
         ->  Limit  (cost=97.82..97.82 rows=1 width=84)
               ->  Sort  (cost=97.82..97.82 rows=1 width=84)
                     Sort Key: (st_distance(st_transform(s_564.the_geom, 25833), schw_564.schw))
                     ->  Nested Loop  (cost=0.00..97.81 rows=1 width=84)
                           Join Filter: ((st_transform(s_564.the_geom, 25833) && st_expand(schw_564.schw, '300'::double precision)) AND (schw_564.schw && st_expand(st_transform(s_564.the_geom, 25833), '300'::double precision)) AND _st_dwithin(st_transform(s_564.the_geom, 25833), schw_564.schw, '300'::double precision))
                           ->  Function Scan on schw_564  (cost=0.00..0.01 rows=1 width=32)
                           ->  Seq Scan on phoml_trajectory_tmp s_564  (cost=0.00..95.68 rows=17 width=40)
                                 Filter: ((unix_time >= '1685451474.205'::double precision) AND (unix_time <= '1685451534.205'::double precision))
   ->  Subquery Scan on "*SELECT* 566"  (cost=97.82..97.83 rows=1 width=76)
         ->  Limit  (cost=97.82..97.82 rows=1 width=84)
               ->  Sort  (cost=97.82..97.82 rows=1 width=84)
                     Sort Key: (st_distance(st_transform(s_565.the_geom, 25833), schw_565.schw))
                     ->  Nested Loop  (cost=0.00..97.81 rows=1 width=84)
                           Join Filter: ((st_transform(s_565.the_geom, 25833) && st_expand(schw_565.schw, '300'::double precision)) AND (schw_565.schw && st_expand(st_transform(s_565.the_geom, 25833), '300'::double precision)) AND _st_dwithin(st_transform(s_565.the_geom, 25833), schw_565.schw, '300'::double precision))
                           ->  Function Scan on schw_565  (cost=0.00..0.01 rows=1 width=32)
                           ->  Seq Scan on phoml_trajectory_tmp s_565  (cost=0.00..95.68 rows=17 width=40)
                                 Filter: ((unix_time >= '1685451474.545'::double precision) AND (unix_time <= '1685451534.545'::double precision))
   ->  Subquery Scan on "*SELECT* 567"  (cost=97.82..97.83 rows=1 width=76)
         ->  Limit  (cost=97.82..97.82 rows=1 width=84)
               ->  Sort  (cost=97.82..97.82 rows=1 width=84)
                     Sort Key: (st_distance(st_transform(s_566.the_geom, 25833), schw_566.schw))
                     ->  Nested Loop  (cost=0.00..97.81 rows=1 width=84)
                           Join Filter: ((st_transform(s_566.the_geom, 25833) && st_expand(schw_566.schw, '300'::double precision)) AND (schw_566.schw && st_expand(st_transform(s_566.the_geom, 25833), '300'::double precision)) AND _st_dwithin(st_transform(s_566.the_geom, 25833), schw_566.schw, '300'::double precision))
                           ->  Function Scan on schw_566  (cost=0.00..0.01 rows=1 width=32)
                           ->  Seq Scan on phoml_trajectory_tmp s_566  (cost=0.00..95.68 rows=17 width=40)
                                 Filter: ((unix_time >= '1685451474.885'::double precision) AND (unix_time <= '1685451534.885'::double precision))
   ->  Subquery Scan on "*SELECT* 568"  (cost=97.82..97.83 rows=1 width=76)
         ->  Limit  (cost=97.82..97.82 rows=1 width=84)
               ->  Sort  (cost=97.82..97.82 rows=1 width=84)
                     Sort Key: (st_distance(st_transform(s_567.the_geom, 25833), schw_567.schw))
                     ->  Nested Loop  (cost=0.00..97.81 rows=1 width=84)
                           Join Filter: ((st_transform(s_567.the_geom, 25833) && st_expand(schw_567.schw, '300'::double precision)) AND (schw_567.schw && st_expand(st_transform(s_567.the_geom, 25833), '300'::double precision)) AND _st_dwithin(st_transform(s_567.the_geom, 25833), schw_567.schw, '300'::double precision))
                           ->  Function Scan on schw_567  (cost=0.00..0.01 rows=1 width=32)
                           ->  Seq Scan on phoml_trajectory_tmp s_567  (cost=0.00..95.68 rows=17 width=40)
                                 Filter: ((unix_time >= '1685451475.219'::double precision) AND (unix_time <= '1685451535.219'::double precision))
   ->  Subquery Scan on "*SELECT* 569"  (cost=97.82..97.83 rows=1 width=76)
         ->  Limit  (cost=97.82..97.82 rows=1 width=84)
               ->  Sort  (cost=97.82..97.82 rows=1 width=84)
                     Sort Key: (st_distance(st_transform(s_568.the_geom, 25833), schw_568.schw))
                     ->  Nested Loop  (cost=0.00..97.81 rows=1 width=84)
                           Join Filter: ((st_transform(s_568.the_geom, 25833) && st_expand(schw_568.schw, '300'::double precision)) AND (schw_568.schw && st_expand(st_transform(s_568.the_geom, 25833), '300'::double precision)) AND _st_dwithin(st_transform(s_568.the_geom, 25833), schw_568.schw, '300'::double precision))
                           ->  Function Scan on schw_568  (cost=0.00..0.01 rows=1 width=32)
                           ->  Seq Scan on phoml_trajectory_tmp s_568  (cost=0.00..95.68 rows=17 width=40)
                                 Filter: ((unix_time >= '1685451475.559'::double precision) AND (unix_time <= '1685451535.559'::double precision))
   ->  Subquery Scan on "*SELECT* 570"  (cost=97.82..97.83 rows=1 width=76)
         ->  Limit  (cost=97.82..97.82 rows=1 width=84)
               ->  Sort  (cost=97.82..97.82 rows=1 width=84)
                     Sort Key: (st_distance(st_transform(s_569.the_geom, 25833), schw_569.schw))
                     ->  Nested Loop  (cost=0.00..97.81 rows=1 width=84)
                           Join Filter: ((st_transform(s_569.the_geom, 25833) && st_expand(schw_569.schw, '300'::double precision)) AND (schw_569.schw && st_expand(st_transform(s_569.the_geom, 25833), '300'::double precision)) AND _st_dwithin(st_transform(s_569.the_geom, 25833), schw_569.schw, '300'::double precision))
                           ->  Function Scan on schw_569  (cost=0.00..0.01 rows=1 width=32)
                           ->  Seq Scan on phoml_trajectory_tmp s_569  (cost=0.00..95.68 rows=17 width=40)
                                 Filter: ((unix_time >= '1685451475.909'::double precision) AND (unix_time <= '1685451535.909'::double precision))
   ->  Subquery Scan on "*SELECT* 571"  (cost=97.82..97.83 rows=1 width=76)
         ->  Limit  (cost=97.82..97.82 rows=1 width=84)
               ->  Sort  (cost=97.82..97.82 rows=1 width=84)
                     Sort Key: (st_distance(st_transform(s_570.the_geom, 25833), schw_570.schw))
                     ->  Nested Loop  (cost=0.00..97.81 rows=1 width=84)
                           Join Filter: ((st_transform(s_570.the_geom, 25833) && st_expand(schw_570.schw, '300'::double precision)) AND (schw_570.schw && st_expand(st_transform(s_570.the_geom, 25833), '300'::double precision)) AND _st_dwithin(st_transform(s_570.the_geom, 25833), schw_570.schw, '300'::double precision))
                           ->  Function Scan on schw_570  (cost=0.00..0.01 rows=1 width=32)
                           ->  Seq Scan on phoml_trajectory_tmp s_570  (cost=0.00..95.68 rows=17 width=40)
                                 Filter: ((unix_time >= '1685451476.252'::double precision) AND (unix_time <= '1685451536.252'::double precision))
   ->  Subquery Scan on "*SELECT* 572"  (cost=97.82..97.83 rows=1 width=76)
         ->  Limit  (cost=97.82..97.82 rows=1 width=84)
               ->  Sort  (cost=97.82..97.82 rows=1 width=84)
                     Sort Key: (st_distance(st_transform(s_571.the_geom, 25833), schw_571.schw))
                     ->  Nested Loop  (cost=0.00..97.81 rows=1 width=84)
                           Join Filter: ((st_transform(s_571.the_geom, 25833) && st_expand(schw_571.schw, '300'::double precision)) AND (schw_571.schw && st_expand(st_transform(s_571.the_geom, 25833), '300'::double precision)) AND _st_dwithin(st_transform(s_571.the_geom, 25833), schw_571.schw, '300'::double precision))
                           ->  Function Scan on schw_571  (cost=0.00..0.01 rows=1 width=32)
                           ->  Seq Scan on phoml_trajectory_tmp s_571  (cost=0.00..95.68 rows=17 width=40)
                                 Filter: ((unix_time >= '1685451476.592'::double precision) AND (unix_time <= '1685451536.592'::double precision))
   ->  Subquery Scan on "*SELECT* 573"  (cost=97.82..97.83 rows=1 width=76)
         ->  Limit  (cost=97.82..97.82 rows=1 width=84)
               ->  Sort  (cost=97.82..97.82 rows=1 width=84)
                     Sort Key: (st_distance(st_transform(s_572.the_geom, 25833), schw_572.schw))
                     ->  Nested Loop  (cost=0.00..97.81 rows=1 width=84)
                           Join Filter: ((st_transform(s_572.the_geom, 25833) && st_expand(schw_572.schw, '300'::double precision)) AND (schw_572.schw && st_expand(st_transform(s_572.the_geom, 25833), '300'::double precision)) AND _st_dwithin(st_transform(s_572.the_geom, 25833), schw_572.schw, '300'::double precision))
                           ->  Function Scan on schw_572  (cost=0.00..0.01 rows=1 width=32)
                           ->  Seq Scan on phoml_trajectory_tmp s_572  (cost=0.00..95.68 rows=17 width=40)
                                 Filter: ((unix_time >= '1685451476.942'::double precision) AND (unix_time <= '1685451536.942'::double precision))
   ->  Subquery Scan on "*SELECT* 574"  (cost=97.82..97.83 rows=1 width=76)
         ->  Limit  (cost=97.82..97.82 rows=1 width=84)
               ->  Sort  (cost=97.82..97.82 rows=1 width=84)
                     Sort Key: (st_distance(st_transform(s_573.the_geom, 25833), schw_573.schw))
                     ->  Nested Loop  (cost=0.00..97.81 rows=1 width=84)
                           Join Filter: ((st_transform(s_573.the_geom, 25833) && st_expand(schw_573.schw, '300'::double precision)) AND (schw_573.schw && st_expand(st_transform(s_573.the_geom, 25833), '300'::double precision)) AND _st_dwithin(st_transform(s_573.the_geom, 25833), schw_573.schw, '300'::double precision))
                           ->  Function Scan on schw_573  (cost=0.00..0.01 rows=1 width=32)
                           ->  Seq Scan on phoml_trajectory_tmp s_573  (cost=0.00..95.68 rows=17 width=40)
                                 Filter: ((unix_time >= '1685451477.282'::double precision) AND (unix_time <= '1685451537.282'::double precision))
   ->  Subquery Scan on "*SELECT* 575"  (cost=97.82..97.83 rows=1 width=76)
         ->  Limit  (cost=97.82..97.82 rows=1 width=84)
               ->  Sort  (cost=97.82..97.82 rows=1 width=84)
                     Sort Key: (st_distance(st_transform(s_574.the_geom, 25833), schw_574.schw))
                     ->  Nested Loop  (cost=0.00..97.81 rows=1 width=84)
                           Join Filter: ((st_transform(s_574.the_geom, 25833) && st_expand(schw_574.schw, '300'::double precision)) AND (schw_574.schw && st_expand(st_transform(s_574.the_geom, 25833), '300'::double precision)) AND _st_dwithin(st_transform(s_574.the_geom, 25833), schw_574.schw, '300'::double precision))
                           ->  Function Scan on schw_574  (cost=0.00..0.01 rows=1 width=32)
                           ->  Seq Scan on phoml_trajectory_tmp s_574  (cost=0.00..95.68 rows=17 width=40)
                                 Filter: ((unix_time >= '1685451477.622'::double precision) AND (unix_time <= '1685451537.622'::double precision))
   ->  Subquery Scan on "*SELECT* 576"  (cost=97.82..97.83 rows=1 width=76)
         ->  Limit  (cost=97.82..97.82 rows=1 width=84)
               ->  Sort  (cost=97.82..97.82 rows=1 width=84)
                     Sort Key: (st_distance(st_transform(s_575.the_geom, 25833), schw_575.schw))
                     ->  Nested Loop  (cost=0.00..97.81 rows=1 width=84)
                           Join Filter: ((st_transform(s_575.the_geom, 25833) && st_expand(schw_575.schw, '300'::double precision)) AND (schw_575.schw && st_expand(st_transform(s_575.the_geom, 25833), '300'::double precision)) AND _st_dwithin(st_transform(s_575.the_geom, 25833), schw_575.schw, '300'::double precision))
                           ->  Function Scan on schw_575  (cost=0.00..0.01 rows=1 width=32)
                           ->  Seq Scan on phoml_trajectory_tmp s_575  (cost=0.00..95.68 rows=17 width=40)
                                 Filter: ((unix_time >= '1685451477.972'::double precision) AND (unix_time <= '1685451537.972'::double precision))
   ->  Subquery Scan on "*SELECT* 577"  (cost=97.82..97.83 rows=1 width=76)
         ->  Limit  (cost=97.82..97.82 rows=1 width=84)
               ->  Sort  (cost=97.82..97.82 rows=1 width=84)
                     Sort Key: (st_distance(st_transform(s_576.the_geom, 25833), schw_576.schw))
                     ->  Nested Loop  (cost=0.00..97.81 rows=1 width=84)
                           Join Filter: ((st_transform(s_576.the_geom, 25833) && st_expand(schw_576.schw, '300'::double precision)) AND (schw_576.schw && st_expand(st_transform(s_576.the_geom, 25833), '300'::double precision)) AND _st_dwithin(st_transform(s_576.the_geom, 25833), schw_576.schw, '300'::double precision))
                           ->  Function Scan on schw_576  (cost=0.00..0.01 rows=1 width=32)
                           ->  Seq Scan on phoml_trajectory_tmp s_576  (cost=0.00..95.68 rows=17 width=40)
                                 Filter: ((unix_time >= '1685451478.307'::double precision) AND (unix_time <= '1685451538.307'::double precision))
   ->  Subquery Scan on "*SELECT* 578"  (cost=97.82..97.83 rows=1 width=76)
         ->  Limit  (cost=97.82..97.82 rows=1 width=84)
               ->  Sort  (cost=97.82..97.82 rows=1 width=84)
                     Sort Key: (st_distance(st_transform(s_577.the_geom, 25833), schw_577.schw))
                     ->  Nested Loop  (cost=0.00..97.81 rows=1 width=84)
                           Join Filter: ((st_transform(s_577.the_geom, 25833) && st_expand(schw_577.schw, '300'::double precision)) AND (schw_577.schw && st_expand(st_transform(s_577.the_geom, 25833), '300'::double precision)) AND _st_dwithin(st_transform(s_577.the_geom, 25833), schw_577.schw, '300'::double precision))
                           ->  Function Scan on schw_577  (cost=0.00..0.01 rows=1 width=32)
                           ->  Seq Scan on phoml_trajectory_tmp s_577  (cost=0.00..95.68 rows=17 width=40)
                                 Filter: ((unix_time >= '1685451478.647'::double precision) AND (unix_time <= '1685451538.647'::double precision))
   ->  Subquery Scan on "*SELECT* 579"  (cost=97.82..97.83 rows=1 width=76)
         ->  Limit  (cost=97.82..97.82 rows=1 width=84)
               ->  Sort  (cost=97.82..97.82 rows=1 width=84)
                     Sort Key: (st_distance(st_transform(s_578.the_geom, 25833), schw_578.schw))
                     ->  Nested Loop  (cost=0.00..97.81 rows=1 width=84)
                           Join Filter: ((st_transform(s_578.the_geom, 25833) && st_expand(schw_578.schw, '300'::double precision)) AND (schw_578.schw && st_expand(st_transform(s_578.the_geom, 25833), '300'::double precision)) AND _st_dwithin(st_transform(s_578.the_geom, 25833), schw_578.schw, '300'::double precision))
                           ->  Function Scan on schw_578  (cost=0.00..0.01 rows=1 width=32)
                           ->  Seq Scan on phoml_trajectory_tmp s_578  (cost=0.00..95.68 rows=17 width=40)
                                 Filter: ((unix_time >= '1685451478.997'::double precision) AND (unix_time <= '1685451538.997'::double precision))
   ->  Subquery Scan on "*SELECT* 580"  (cost=97.82..97.83 rows=1 width=76)
         ->  Limit  (cost=97.82..97.82 rows=1 width=84)
               ->  Sort  (cost=97.82..97.82 rows=1 width=84)
                     Sort Key: (st_distance(st_transform(s_579.the_geom, 25833), schw_579.schw))
                     ->  Nested Loop  (cost=0.00..97.81 rows=1 width=84)
                           Join Filter: ((st_transform(s_579.the_geom, 25833) && st_expand(schw_579.schw, '300'::double precision)) AND (schw_579.schw && st_expand(st_transform(s_579.the_geom, 25833), '300'::double precision)) AND _st_dwithin(st_transform(s_579.the_geom, 25833), schw_579.schw, '300'::double precision))
                           ->  Function Scan on schw_579  (cost=0.00..0.01 rows=1 width=32)
                           ->  Seq Scan on phoml_trajectory_tmp s_579  (cost=0.00..95.68 rows=17 width=40)
                                 Filter: ((unix_time >= '1685451479.34'::double precision) AND (unix_time <= '1685451539.34'::double precision))
   ->  Subquery Scan on "*SELECT* 581"  (cost=97.82..97.83 rows=1 width=76)
         ->  Limit  (cost=97.82..97.82 rows=1 width=84)
               ->  Sort  (cost=97.82..97.82 rows=1 width=84)
                     Sort Key: (st_distance(st_transform(s_580.the_geom, 25833), schw_580.schw))
                     ->  Nested Loop  (cost=0.00..97.81 rows=1 width=84)
                           Join Filter: ((st_transform(s_580.the_geom, 25833) && st_expand(schw_580.schw, '300'::double precision)) AND (schw_580.schw && st_expand(st_transform(s_580.the_geom, 25833), '300'::double precision)) AND _st_dwithin(st_transform(s_580.the_geom, 25833), schw_580.schw, '300'::double precision))
                           ->  Function Scan on schw_580  (cost=0.00..0.01 rows=1 width=32)
                           ->  Seq Scan on phoml_trajectory_tmp s_580  (cost=0.00..95.68 rows=17 width=40)
                                 Filter: ((unix_time >= '1685451479.67'::double precision) AND (unix_time <= '1685451539.67'::double precision))
   ->  Subquery Scan on "*SELECT* 582"  (cost=97.82..97.83 rows=1 width=76)
         ->  Limit  (cost=97.82..97.82 rows=1 width=84)
               ->  Sort  (cost=97.82..97.82 rows=1 width=84)
                     Sort Key: (st_distance(st_transform(s_581.the_geom, 25833), schw_581.schw))
                     ->  Nested Loop  (cost=0.00..97.81 rows=1 width=84)
                           Join Filter: ((st_transform(s_581.the_geom, 25833) && st_expand(schw_581.schw, '300'::double precision)) AND (schw_581.schw && st_expand(st_transform(s_581.the_geom, 25833), '300'::double precision)) AND _st_dwithin(st_transform(s_581.the_geom, 25833), schw_581.schw, '300'::double precision))
                           ->  Function Scan on schw_581  (cost=0.00..0.01 rows=1 width=32)
                           ->  Seq Scan on phoml_trajectory_tmp s_581  (cost=0.00..95.68 rows=17 width=40)
                                 Filter: ((unix_time >= '1685451480.01'::double precision) AND (unix_time <= '1685451540.01'::double precision))
   ->  Subquery Scan on "*SELECT* 583"  (cost=97.82..97.83 rows=1 width=76)
         ->  Limit  (cost=97.82..97.82 rows=1 width=84)
               ->  Sort  (cost=97.82..97.82 rows=1 width=84)
                     Sort Key: (st_distance(st_transform(s_582.the_geom, 25833), schw_582.schw))
                     ->  Nested Loop  (cost=0.00..97.81 rows=1 width=84)
                           Join Filter: ((st_transform(s_582.the_geom, 25833) && st_expand(schw_582.schw, '300'::double precision)) AND (schw_582.schw && st_expand(st_transform(s_582.the_geom, 25833), '300'::double precision)) AND _st_dwithin(st_transform(s_582.the_geom, 25833), schw_582.schw, '300'::double precision))
                           ->  Function Scan on schw_582  (cost=0.00..0.01 rows=1 width=32)
                           ->  Seq Scan on phoml_trajectory_tmp s_582  (cost=0.00..95.68 rows=17 width=40)
                                 Filter: ((unix_time >= '1685451480.353'::double precision) AND (unix_time <= '1685451540.353'::double precision))
   ->  Subquery Scan on "*SELECT* 584"  (cost=97.82..97.83 rows=1 width=76)
         ->  Limit  (cost=97.82..97.82 rows=1 width=84)
               ->  Sort  (cost=97.82..97.82 rows=1 width=84)
                     Sort Key: (st_distance(st_transform(s_583.the_geom, 25833), schw_583.schw))
                     ->  Nested Loop  (cost=0.00..97.81 rows=1 width=84)
                           Join Filter: ((st_transform(s_583.the_geom, 25833) && st_expand(schw_583.schw, '300'::double precision)) AND (schw_583.schw && st_expand(st_transform(s_583.the_geom, 25833), '300'::double precision)) AND _st_dwithin(st_transform(s_583.the_geom, 25833), schw_583.schw, '300'::double precision))
                           ->  Function Scan on schw_583  (cost=0.00..0.01 rows=1 width=32)
                           ->  Seq Scan on phoml_trajectory_tmp s_583  (cost=0.00..95.68 rows=17 width=40)
                                 Filter: ((unix_time >= '1685451480.673'::double precision) AND (unix_time <= '1685451540.673'::double precision))
   ->  Subquery Scan on "*SELECT* 585"  (cost=97.82..97.83 rows=1 width=76)
         ->  Limit  (cost=97.82..97.82 rows=1 width=84)
               ->  Sort  (cost=97.82..97.82 rows=1 width=84)
                     Sort Key: (st_distance(st_transform(s_584.the_geom, 25833), schw_584.schw))
                     ->  Nested Loop  (cost=0.00..97.81 rows=1 width=84)
                           Join Filter: ((st_transform(s_584.the_geom, 25833) && st_expand(schw_584.schw, '300'::double precision)) AND (schw_584.schw && st_expand(st_transform(s_584.the_geom, 25833), '300'::double precision)) AND _st_dwithin(st_transform(s_584.the_geom, 25833), schw_584.schw, '300'::double precision))
                           ->  Function Scan on schw_584  (cost=0.00..0.01 rows=1 width=32)
                           ->  Seq Scan on phoml_trajectory_tmp s_584  (cost=0.00..95.68 rows=17 width=40)
                                 Filter: ((unix_time >= '1685451481.023'::double precision) AND (unix_time <= '1685451541.023'::double precision))
   ->  Subquery Scan on "*SELECT* 586"  (cost=97.82..97.83 rows=1 width=76)
         ->  Limit  (cost=97.82..97.82 rows=1 width=84)
               ->  Sort  (cost=97.82..97.82 rows=1 width=84)
                     Sort Key: (st_distance(st_transform(s_585.the_geom, 25833), schw_585.schw))
                     ->  Nested Loop  (cost=0.00..97.81 rows=1 width=84)
                           Join Filter: ((st_transform(s_585.the_geom, 25833) && st_expand(schw_585.schw, '300'::double precision)) AND (schw_585.schw && st_expand(st_transform(s_585.the_geom, 25833), '300'::double precision)) AND _st_dwithin(st_transform(s_585.the_geom, 25833), schw_585.schw, '300'::double precision))
                           ->  Function Scan on schw_585  (cost=0.00..0.01 rows=1 width=32)
                           ->  Seq Scan on phoml_trajectory_tmp s_585  (cost=0.00..95.68 rows=17 width=40)
                                 Filter: ((unix_time >= '1685451481.361'::double precision) AND (unix_time <= '1685451541.361'::double precision))
   ->  Subquery Scan on "*SELECT* 587"  (cost=97.82..97.83 rows=1 width=76)
         ->  Limit  (cost=97.82..97.82 rows=1 width=84)
               ->  Sort  (cost=97.82..97.82 rows=1 width=84)
                     Sort Key: (st_distance(st_transform(s_586.the_geom, 25833), schw_586.schw))
                     ->  Nested Loop  (cost=0.00..97.81 rows=1 width=84)
                           Join Filter: ((st_transform(s_586.the_geom, 25833) && st_expand(schw_586.schw, '300'::double precision)) AND (schw_586.schw && st_expand(st_transform(s_586.the_geom, 25833), '300'::double precision)) AND _st_dwithin(st_transform(s_586.the_geom, 25833), schw_586.schw, '300'::double precision))
                           ->  Function Scan on schw_586  (cost=0.00..0.01 rows=1 width=32)
                           ->  Seq Scan on phoml_trajectory_tmp s_586  (cost=0.00..95.68 rows=17 width=40)
                                 Filter: ((unix_time >= '1685451481.691'::double precision) AND (unix_time <= '1685451541.691'::double precision))
   ->  Subquery Scan on "*SELECT* 588"  (cost=97.82..97.83 rows=1 width=76)
         ->  Limit  (cost=97.82..97.82 rows=1 width=84)
               ->  Sort  (cost=97.82..97.82 rows=1 width=84)
                     Sort Key: (st_distance(st_transform(s_587.the_geom, 25833), schw_587.schw))
                     ->  Nested Loop  (cost=0.00..97.81 rows=1 width=84)
                           Join Filter: ((st_transform(s_587.the_geom, 25833) && st_expand(schw_587.schw, '300'::double precision)) AND (schw_587.schw && st_expand(st_transform(s_587.the_geom, 25833), '300'::double precision)) AND _st_dwithin(st_transform(s_587.the_geom, 25833), schw_587.schw, '300'::double precision))
                           ->  Function Scan on schw_587  (cost=0.00..0.01 rows=1 width=32)
                           ->  Seq Scan on phoml_trajectory_tmp s_587  (cost=0.00..95.68 rows=17 width=40)
                                 Filter: ((unix_time >= '1685451482.021'::double precision) AND (unix_time <= '1685451542.021'::double precision))
   ->  Subquery Scan on "*SELECT* 589"  (cost=97.82..97.83 rows=1 width=76)
         ->  Limit  (cost=97.82..97.82 rows=1 width=84)
               ->  Sort  (cost=97.82..97.82 rows=1 width=84)
                     Sort Key: (st_distance(st_transform(s_588.the_geom, 25833), schw_588.schw))
                     ->  Nested Loop  (cost=0.00..97.81 rows=1 width=84)
                           Join Filter: ((st_transform(s_588.the_geom, 25833) && st_expand(schw_588.schw, '300'::double precision)) AND (schw_588.schw && st_expand(st_transform(s_588.the_geom, 25833), '300'::double precision)) AND _st_dwithin(st_transform(s_588.the_geom, 25833), schw_588.schw, '300'::double precision))
                           ->  Function Scan on schw_588  (cost=0.00..0.01 rows=1 width=32)
                           ->  Seq Scan on phoml_trajectory_tmp s_588  (cost=0.00..95.68 rows=17 width=40)
                                 Filter: ((unix_time >= '1685451482.354'::double precision) AND (unix_time <= '1685451542.354'::double precision))
   ->  Subquery Scan on "*SELECT* 590"  (cost=97.82..97.83 rows=1 width=76)
         ->  Limit  (cost=97.82..97.82 rows=1 width=84)
               ->  Sort  (cost=97.82..97.82 rows=1 width=84)
                     Sort Key: (st_distance(st_transform(s_589.the_geom, 25833), schw_589.schw))
                     ->  Nested Loop  (cost=0.00..97.81 rows=1 width=84)
                           Join Filter: ((st_transform(s_589.the_geom, 25833) && st_expand(schw_589.schw, '300'::double precision)) AND (schw_589.schw && st_expand(st_transform(s_589.the_geom, 25833), '300'::double precision)) AND _st_dwithin(st_transform(s_589.the_geom, 25833), schw_589.schw, '300'::double precision))
                           ->  Function Scan on schw_589  (cost=0.00..0.01 rows=1 width=32)
                           ->  Seq Scan on phoml_trajectory_tmp s_589  (cost=0.00..95.68 rows=17 width=40)
                                 Filter: ((unix_time >= '1685451482.674'::double precision) AND (unix_time <= '1685451542.674'::double precision))
   ->  Subquery Scan on "*SELECT* 591"  (cost=97.82..97.83 rows=1 width=76)
         ->  Limit  (cost=97.82..97.82 rows=1 width=84)
               ->  Sort  (cost=97.82..97.82 rows=1 width=84)
                     Sort Key: (st_distance(st_transform(s_590.the_geom, 25833), schw_590.schw))
                     ->  Nested Loop  (cost=0.00..97.81 rows=1 width=84)
                           Join Filter: ((st_transform(s_590.the_geom, 25833) && st_expand(schw_590.schw, '300'::double precision)) AND (schw_590.schw && st_expand(st_transform(s_590.the_geom, 25833), '300'::double precision)) AND _st_dwithin(st_transform(s_590.the_geom, 25833), schw_590.schw, '300'::double precision))
                           ->  Function Scan on schw_590  (cost=0.00..0.01 rows=1 width=32)
                           ->  Seq Scan on phoml_trajectory_tmp s_590  (cost=0.00..95.68 rows=17 width=40)
                                 Filter: ((unix_time >= '1685451483.014'::double precision) AND (unix_time <= '1685451543.014'::double precision))
   ->  Subquery Scan on "*SELECT* 592"  (cost=97.82..97.83 rows=1 width=76)
         ->  Limit  (cost=97.82..97.82 rows=1 width=84)
               ->  Sort  (cost=97.82..97.82 rows=1 width=84)
                     Sort Key: (st_distance(st_transform(s_591.the_geom, 25833), schw_591.schw))
                     ->  Nested Loop  (cost=0.00..97.81 rows=1 width=84)
                           Join Filter: ((st_transform(s_591.the_geom, 25833) && st_expand(schw_591.schw, '300'::double precision)) AND (schw_591.schw && st_expand(st_transform(s_591.the_geom, 25833), '300'::double precision)) AND _st_dwithin(st_transform(s_591.the_geom, 25833), schw_591.schw, '300'::double precision))
                           ->  Function Scan on schw_591  (cost=0.00..0.01 rows=1 width=32)
                           ->  Seq Scan on phoml_trajectory_tmp s_591  (cost=0.00..95.68 rows=17 width=40)
                                 Filter: ((unix_time >= '1685451483.341'::double precision) AND (unix_time <= '1685451543.341'::double precision))
   ->  Subquery Scan on "*SELECT* 593"  (cost=97.82..97.83 rows=1 width=76)
         ->  Limit  (cost=97.82..97.82 rows=1 width=84)
               ->  Sort  (cost=97.82..97.82 rows=1 width=84)
                     Sort Key: (st_distance(st_transform(s_592.the_geom, 25833), schw_592.schw))
                     ->  Nested Loop  (cost=0.00..97.81 rows=1 width=84)
                           Join Filter: ((st_transform(s_592.the_geom, 25833) && st_expand(schw_592.schw, '300'::double precision)) AND (schw_592.schw && st_expand(st_transform(s_592.the_geom, 25833), '300'::double precision)) AND _st_dwithin(st_transform(s_592.the_geom, 25833), schw_592.schw, '300'::double precision))
                           ->  Function Scan on schw_592  (cost=0.00..0.01 rows=1 width=32)
                           ->  Seq Scan on phoml_trajectory_tmp s_592  (cost=0.00..95.68 rows=17 width=40)
                                 Filter: ((unix_time >= '1685451483.661'::double precision) AND (unix_time <= '1685451543.661'::double precision))
   ->  Subquery Scan on "*SELECT* 594"  (cost=97.82..97.83 rows=1 width=76)
         ->  Limit  (cost=97.82..97.82 rows=1 width=84)
               ->  Sort  (cost=97.82..97.82 rows=1 width=84)
                     Sort Key: (st_distance(st_transform(s_593.the_geom, 25833), schw_593.schw))
                     ->  Nested Loop  (cost=0.00..97.81 rows=1 width=84)
                           Join Filter: ((st_transform(s_593.the_geom, 25833) && st_expand(schw_593.schw, '300'::double precision)) AND (schw_593.schw && st_expand(st_transform(s_593.the_geom, 25833), '300'::double precision)) AND _st_dwithin(st_transform(s_593.the_geom, 25833), schw_593.schw, '300'::double precision))
                           ->  Function Scan on schw_593  (cost=0.00..0.01 rows=1 width=32)
                           ->  Seq Scan on phoml_trajectory_tmp s_593  (cost=0.00..95.68 rows=17 width=40)
                                 Filter: ((unix_time >= '1685451483.991'::double precision) AND (unix_time <= '1685451543.991'::double precision))
   ->  Subquery Scan on "*SELECT* 595"  (cost=97.82..97.83 rows=1 width=76)
         ->  Limit  (cost=97.82..97.82 rows=1 width=84)
               ->  Sort  (cost=97.82..97.82 rows=1 width=84)
                     Sort Key: (st_distance(st_transform(s_594.the_geom, 25833), schw_594.schw))
                     ->  Nested Loop  (cost=0.00..97.81 rows=1 width=84)
                           Join Filter: ((st_transform(s_594.the_geom, 25833) && st_expand(schw_594.schw, '300'::double precision)) AND (schw_594.schw && st_expand(st_transform(s_594.the_geom, 25833), '300'::double precision)) AND _st_dwithin(st_transform(s_594.the_geom, 25833), schw_594.schw, '300'::double precision))
                           ->  Function Scan on schw_594  (cost=0.00..0.01 rows=1 width=32)
                           ->  Seq Scan on phoml_trajectory_tmp s_594  (cost=0.00..95.68 rows=17 width=40)
                                 Filter: ((unix_time >= '1685451484.321'::double precision) AND (unix_time <= '1685451544.321'::double precision))
   ->  Subquery Scan on "*SELECT* 596"  (cost=97.82..97.83 rows=1 width=76)
         ->  Limit  (cost=97.82..97.82 rows=1 width=84)
               ->  Sort  (cost=97.82..97.82 rows=1 width=84)
                     Sort Key: (st_distance(st_transform(s_595.the_geom, 25833), schw_595.schw))
                     ->  Nested Loop  (cost=0.00..97.81 rows=1 width=84)
                           Join Filter: ((st_transform(s_595.the_geom, 25833) && st_expand(schw_595.schw, '300'::double precision)) AND (schw_595.schw && st_expand(st_transform(s_595.the_geom, 25833), '300'::double precision)) AND _st_dwithin(st_transform(s_595.the_geom, 25833), schw_595.schw, '300'::double precision))
                           ->  Function Scan on schw_595  (cost=0.00..0.01 rows=1 width=32)
                           ->  Seq Scan on phoml_trajectory_tmp s_595  (cost=0.00..95.68 rows=17 width=40)
                                 Filter: ((unix_time >= '1685451484.641'::double precision) AND (unix_time <= '1685451544.641'::double precision))
   ->  Subquery Scan on "*SELECT* 597"  (cost=97.82..97.83 rows=1 width=76)
         ->  Limit  (cost=97.82..97.82 rows=1 width=84)
               ->  Sort  (cost=97.82..97.82 rows=1 width=84)
                     Sort Key: (st_distance(st_transform(s_596.the_geom, 25833), schw_596.schw))
                     ->  Nested Loop  (cost=0.00..97.81 rows=1 width=84)
                           Join Filter: ((st_transform(s_596.the_geom, 25833) && st_expand(schw_596.schw, '300'::double precision)) AND (schw_596.schw && st_expand(st_transform(s_596.the_geom, 25833), '300'::double precision)) AND _st_dwithin(st_transform(s_596.the_geom, 25833), schw_596.schw, '300'::double precision))
                           ->  Function Scan on schw_596  (cost=0.00..0.01 rows=1 width=32)
                           ->  Seq Scan on phoml_trajectory_tmp s_596  (cost=0.00..95.68 rows=17 width=40)
                                 Filter: ((unix_time >= '1685451484.981'::double precision) AND (unix_time <= '1685451544.981'::double precision))
   ->  Subquery Scan on "*SELECT* 598"  (cost=97.82..97.83 rows=1 width=76)
         ->  Limit  (cost=97.82..97.82 rows=1 width=84)
               ->  Sort  (cost=97.82..97.82 rows=1 width=84)
                     Sort Key: (st_distance(st_transform(s_597.the_geom, 25833), schw_597.schw))
                     ->  Nested Loop  (cost=0.00..97.81 rows=1 width=84)
                           Join Filter: ((st_transform(s_597.the_geom, 25833) && st_expand(schw_597.schw, '300'::double precision)) AND (schw_597.schw && st_expand(st_transform(s_597.the_geom, 25833), '300'::double precision)) AND _st_dwithin(st_transform(s_597.the_geom, 25833), schw_597.schw, '300'::double precision))
                           ->  Function Scan on schw_597  (cost=0.00..0.01 rows=1 width=32)
                           ->  Seq Scan on phoml_trajectory_tmp s_597  (cost=0.00..95.68 rows=17 width=40)
                                 Filter: ((unix_time >= '1685451485.295'::double precision) AND (unix_time <= '1685451545.295'::double precision))
   ->  Subquery Scan on "*SELECT* 599"  (cost=97.82..97.83 rows=1 width=76)
         ->  Limit  (cost=97.82..97.82 rows=1 width=84)
               ->  Sort  (cost=97.82..97.82 rows=1 width=84)
                     Sort Key: (st_distance(st_transform(s_598.the_geom, 25833), schw_598.schw))
                     ->  Nested Loop  (cost=0.00..97.81 rows=1 width=84)
                           Join Filter: ((st_transform(s_598.the_geom, 25833) && st_expand(schw_598.schw, '300'::double precision)) AND (schw_598.schw && st_expand(st_transform(s_598.the_geom, 25833), '300'::double precision)) AND _st_dwithin(st_transform(s_598.the_geom, 25833), schw_598.schw, '300'::double precision))
                           ->  Function Scan on schw_598  (cost=0.00..0.01 rows=1 width=32)
                           ->  Seq Scan on phoml_trajectory_tmp s_598  (cost=0.00..95.68 rows=17 width=40)
                                 Filter: ((unix_time >= '1685451485.635'::double precision) AND (unix_time <= '1685451545.635'::double precision))
   ->  Subquery Scan on "*SELECT* 600"  (cost=97.82..97.83 rows=1 width=76)
         ->  Limit  (cost=97.82..97.82 rows=1 width=84)
               ->  Sort  (cost=97.82..97.82 rows=1 width=84)
                     Sort Key: (st_distance(st_transform(s_599.the_geom, 25833), schw_599.schw))
                     ->  Nested Loop  (cost=0.00..97.81 rows=1 width=84)
                           Join Filter: ((st_transform(s_599.the_geom, 25833) && st_expand(schw_599.schw, '300'::double precision)) AND (schw_599.schw && st_expand(st_transform(s_599.the_geom, 25833), '300'::double precision)) AND _st_dwithin(st_transform(s_599.the_geom, 25833), schw_599.schw, '300'::double precision))
                           ->  Function Scan on schw_599  (cost=0.00..0.01 rows=1 width=32)
                           ->  Seq Scan on phoml_trajectory_tmp s_599  (cost=0.00..95.68 rows=17 width=40)
                                 Filter: ((unix_time >= '1685451485.965'::double precision) AND (unix_time <= '1685451545.965'::double precision))
   ->  Subquery Scan on "*SELECT* 601"  (cost=97.82..97.83 rows=1 width=76)
         ->  Limit  (cost=97.82..97.82 rows=1 width=84)
               ->  Sort  (cost=97.82..97.82 rows=1 width=84)
                     Sort Key: (st_distance(st_transform(s_600.the_geom, 25833), schw_600.schw))
                     ->  Nested Loop  (cost=0.00..97.81 rows=1 width=84)
                           Join Filter: ((st_transform(s_600.the_geom, 25833) && st_expand(schw_600.schw, '300'::double precision)) AND (schw_600.schw && st_expand(st_transform(s_600.the_geom, 25833), '300'::double precision)) AND _st_dwithin(st_transform(s_600.the_geom, 25833), schw_600.schw, '300'::double precision))
                           ->  Function Scan on schw_600  (cost=0.00..0.01 rows=1 width=32)
                           ->  Seq Scan on phoml_trajectory_tmp s_600  (cost=0.00..95.68 rows=17 width=40)
                                 Filter: ((unix_time >= '1685451486.292'::double precision) AND (unix_time <= '1685451546.292'::double precision))
   ->  Subquery Scan on "*SELECT* 602"  (cost=97.82..97.83 rows=1 width=76)
         ->  Limit  (cost=97.82..97.82 rows=1 width=84)
               ->  Sort  (cost=97.82..97.82 rows=1 width=84)
                     Sort Key: (st_distance(st_transform(s_601.the_geom, 25833), schw_601.schw))
                     ->  Nested Loop  (cost=0.00..97.81 rows=1 width=84)
                           Join Filter: ((st_transform(s_601.the_geom, 25833) && st_expand(schw_601.schw, '300'::double precision)) AND (schw_601.schw && st_expand(st_transform(s_601.the_geom, 25833), '300'::double precision)) AND _st_dwithin(st_transform(s_601.the_geom, 25833), schw_601.schw, '300'::double precision))
                           ->  Function Scan on schw_601  (cost=0.00..0.01 rows=1 width=32)
                           ->  Seq Scan on phoml_trajectory_tmp s_601  (cost=0.00..95.68 rows=17 width=40)
                                 Filter: ((unix_time >= '1685451486.632'::double precision) AND (unix_time <= '1685451546.632'::double precision))
   ->  Subquery Scan on "*SELECT* 603"  (cost=97.82..97.83 rows=1 width=76)
         ->  Limit  (cost=97.82..97.82 rows=1 width=84)
               ->  Sort  (cost=97.82..97.82 rows=1 width=84)
                     Sort Key: (st_distance(st_transform(s_602.the_geom, 25833), schw_602.schw))
                     ->  Nested Loop  (cost=0.00..97.81 rows=1 width=84)
                           Join Filter: ((st_transform(s_602.the_geom, 25833) && st_expand(schw_602.schw, '300'::double precision)) AND (schw_602.schw && st_expand(st_transform(s_602.the_geom, 25833), '300'::double precision)) AND _st_dwithin(st_transform(s_602.the_geom, 25833), schw_602.schw, '300'::double precision))
                           ->  Function Scan on schw_602  (cost=0.00..0.01 rows=1 width=32)
                           ->  Seq Scan on phoml_trajectory_tmp s_602  (cost=0.00..95.68 rows=17 width=40)
                                 Filter: ((unix_time >= '1685451486.962'::double precision) AND (unix_time <= '1685451546.962'::double precision))
   ->  Subquery Scan on "*SELECT* 604"  (cost=97.82..97.83 rows=1 width=76)
         ->  Limit  (cost=97.82..97.82 rows=1 width=84)
               ->  Sort  (cost=97.82..97.82 rows=1 width=84)
                     Sort Key: (st_distance(st_transform(s_603.the_geom, 25833), schw_603.schw))
                     ->  Nested Loop  (cost=0.00..97.81 rows=1 width=84)
                           Join Filter: ((st_transform(s_603.the_geom, 25833) && st_expand(schw_603.schw, '300'::double precision)) AND (schw_603.schw && st_expand(st_transform(s_603.the_geom, 25833), '300'::double precision)) AND _st_dwithin(st_transform(s_603.the_geom, 25833), schw_603.schw, '300'::double precision))
                           ->  Function Scan on schw_603  (cost=0.00..0.01 rows=1 width=32)
                           ->  Seq Scan on phoml_trajectory_tmp s_603  (cost=0.00..95.68 rows=17 width=40)
                                 Filter: ((unix_time >= '1685451487.293'::double precision) AND (unix_time <= '1685451547.293'::double precision))
   ->  Subquery Scan on "*SELECT* 605"  (cost=97.82..97.83 rows=1 width=76)
         ->  Limit  (cost=97.82..97.82 rows=1 width=84)
               ->  Sort  (cost=97.82..97.82 rows=1 width=84)
                     Sort Key: (st_distance(st_transform(s_604.the_geom, 25833), schw_604.schw))
                     ->  Nested Loop  (cost=0.00..97.81 rows=1 width=84)
                           Join Filter: ((st_transform(s_604.the_geom, 25833) && st_expand(schw_604.schw, '300'::double precision)) AND (schw_604.schw && st_expand(st_transform(s_604.the_geom, 25833), '300'::double precision)) AND _st_dwithin(st_transform(s_604.the_geom, 25833), schw_604.schw, '300'::double precision))
                           ->  Function Scan on schw_604  (cost=0.00..0.01 rows=1 width=32)
                           ->  Seq Scan on phoml_trajectory_tmp s_604  (cost=0.00..95.68 rows=17 width=40)
                                 Filter: ((unix_time >= '1685451487.623'::double precision) AND (unix_time <= '1685451547.623'::double precision))
   ->  Subquery Scan on "*SELECT* 606"  (cost=97.82..97.83 rows=1 width=76)
         ->  Limit  (cost=97.82..97.82 rows=1 width=84)
               ->  Sort  (cost=97.82..97.82 rows=1 width=84)
                     Sort Key: (st_distance(st_transform(s_605.the_geom, 25833), schw_605.schw))
                     ->  Nested Loop  (cost=0.00..97.81 rows=1 width=84)
                           Join Filter: ((st_transform(s_605.the_geom, 25833) && st_expand(schw_605.schw, '300'::double precision)) AND (schw_605.schw && st_expand(st_transform(s_605.the_geom, 25833), '300'::double precision)) AND _st_dwithin(st_transform(s_605.the_geom, 25833), schw_605.schw, '300'::double precision))
                           ->  Function Scan on schw_605  (cost=0.00..0.01 rows=1 width=32)
                           ->  Seq Scan on phoml_trajectory_tmp s_605  (cost=0.00..95.68 rows=17 width=40)
                                 Filter: ((unix_time >= '1685451487.963'::double precision) AND (unix_time <= '1685451547.963'::double precision))
   ->  Subquery Scan on "*SELECT* 607"  (cost=97.82..97.83 rows=1 width=76)
         ->  Limit  (cost=97.82..97.82 rows=1 width=84)
               ->  Sort  (cost=97.82..97.82 rows=1 width=84)
                     Sort Key: (st_distance(st_transform(s_606.the_geom, 25833), schw_606.schw))
                     ->  Nested Loop  (cost=0.00..97.81 rows=1 width=84)
                           Join Filter: ((st_transform(s_606.the_geom, 25833) && st_expand(schw_606.schw, '300'::double precision)) AND (schw_606.schw && st_expand(st_transform(s_606.the_geom, 25833), '300'::double precision)) AND _st_dwithin(st_transform(s_606.the_geom, 25833), schw_606.schw, '300'::double precision))
                           ->  Function Scan on schw_606  (cost=0.00..0.01 rows=1 width=32)
                           ->  Seq Scan on phoml_trajectory_tmp s_606  (cost=0.00..95.68 rows=17 width=40)
                                 Filter: ((unix_time >= '1685451488.301'::double precision) AND (unix_time <= '1685451548.301'::double precision))
   ->  Subquery Scan on "*SELECT* 608"  (cost=97.82..97.83 rows=1 width=76)
         ->  Limit  (cost=97.82..97.82 rows=1 width=84)
               ->  Sort  (cost=97.82..97.82 rows=1 width=84)
                     Sort Key: (st_distance(st_transform(s_607.the_geom, 25833), schw_607.schw))
                     ->  Nested Loop  (cost=0.00..97.81 rows=1 width=84)
                           Join Filter: ((st_transform(s_607.the_geom, 25833) && st_expand(schw_607.schw, '300'::double precision)) AND (schw_607.schw && st_expand(st_transform(s_607.the_geom, 25833), '300'::double precision)) AND _st_dwithin(st_transform(s_607.the_geom, 25833), schw_607.schw, '300'::double precision))
                           ->  Function Scan on schw_607  (cost=0.00..0.01 rows=1 width=32)
                           ->  Seq Scan on phoml_trajectory_tmp s_607  (cost=0.00..95.68 rows=17 width=40)
                                 Filter: ((unix_time >= '1685451488.641'::double precision) AND (unix_time <= '1685451548.641'::double precision))
   ->  Subquery Scan on "*SELECT* 609"  (cost=97.82..97.83 rows=1 width=76)
         ->  Limit  (cost=97.82..97.82 rows=1 width=84)
               ->  Sort  (cost=97.82..97.82 rows=1 width=84)
                     Sort Key: (st_distance(st_transform(s_608.the_geom, 25833), schw_608.schw))
                     ->  Nested Loop  (cost=0.00..97.81 rows=1 width=84)
                           Join Filter: ((st_transform(s_608.the_geom, 25833) && st_expand(schw_608.schw, '300'::double precision)) AND (schw_608.schw && st_expand(st_transform(s_608.the_geom, 25833), '300'::double precision)) AND _st_dwithin(st_transform(s_608.the_geom, 25833), schw_608.schw, '300'::double precision))
                           ->  Function Scan on schw_608  (cost=0.00..0.01 rows=1 width=32)
                           ->  Seq Scan on phoml_trajectory_tmp s_608  (cost=0.00..95.68 rows=17 width=40)
                                 Filter: ((unix_time >= '1685451488.981'::double precision) AND (unix_time <= '1685451548.981'::double precision))
   ->  Subquery Scan on "*SELECT* 610"  (cost=97.82..97.83 rows=1 width=76)
         ->  Limit  (cost=97.82..97.82 rows=1 width=84)
               ->  Sort  (cost=97.82..97.82 rows=1 width=84)
                     Sort Key: (st_distance(st_transform(s_609.the_geom, 25833), schw_609.schw))
                     ->  Nested Loop  (cost=0.00..97.81 rows=1 width=84)
                           Join Filter: ((st_transform(s_609.the_geom, 25833) && st_expand(schw_609.schw, '300'::double precision)) AND (schw_609.schw && st_expand(st_transform(s_609.the_geom, 25833), '300'::double precision)) AND _st_dwithin(st_transform(s_609.the_geom, 25833), schw_609.schw, '300'::double precision))
                           ->  Function Scan on schw_609  (cost=0.00..0.01 rows=1 width=32)
                           ->  Seq Scan on phoml_trajectory_tmp s_609  (cost=0.00..95.68 rows=17 width=40)
                                 Filter: ((unix_time >= '1685451489.32'::double precision) AND (unix_time <= '1685451549.32'::double precision))
   ->  Subquery Scan on "*SELECT* 611"  (cost=97.82..97.83 rows=1 width=76)
         ->  Limit  (cost=97.82..97.82 rows=1 width=84)
               ->  Sort  (cost=97.82..97.82 rows=1 width=84)
                     Sort Key: (st_distance(st_transform(s_610.the_geom, 25833), schw_610.schw))
                     ->  Nested Loop  (cost=0.00..97.81 rows=1 width=84)
                           Join Filter: ((st_transform(s_610.the_geom, 25833) && st_expand(schw_610.schw, '300'::double precision)) AND (schw_610.schw && st_expand(st_transform(s_610.the_geom, 25833), '300'::double precision)) AND _st_dwithin(st_transform(s_610.the_geom, 25833), schw_610.schw, '300'::double precision))
                           ->  Function Scan on schw_610  (cost=0.00..0.01 rows=1 width=32)
                           ->  Seq Scan on phoml_trajectory_tmp s_610  (cost=0.00..95.68 rows=17 width=40)
                                 Filter: ((unix_time >= '1685451489.66'::double precision) AND (unix_time <= '1685451549.66'::double precision))
   ->  Subquery Scan on "*SELECT* 612"  (cost=97.82..97.83 rows=1 width=76)
         ->  Limit  (cost=97.82..97.82 rows=1 width=84)
               ->  Sort  (cost=97.82..97.82 rows=1 width=84)
                     Sort Key: (st_distance(st_transform(s_611.the_geom, 25833), schw_611.schw))
                     ->  Nested Loop  (cost=0.00..97.81 rows=1 width=84)
                           Join Filter: ((st_transform(s_611.the_geom, 25833) && st_expand(schw_611.schw, '300'::double precision)) AND (schw_611.schw && st_expand(st_transform(s_611.the_geom, 25833), '300'::double precision)) AND _st_dwithin(st_transform(s_611.the_geom, 25833), schw_611.schw, '300'::double precision))
                           ->  Function Scan on schw_611  (cost=0.00..0.01 rows=1 width=32)
                           ->  Seq Scan on phoml_trajectory_tmp s_611  (cost=0.00..95.68 rows=17 width=40)
                                 Filter: ((unix_time >= '1685451489.99'::double precision) AND (unix_time <= '1685451549.99'::double precision))
   ->  Subquery Scan on "*SELECT* 613"  (cost=97.82..97.83 rows=1 width=76)
         ->  Limit  (cost=97.82..97.82 rows=1 width=84)
               ->  Sort  (cost=97.82..97.82 rows=1 width=84)
                     Sort Key: (st_distance(st_transform(s_612.the_geom, 25833), schw_612.schw))
                     ->  Nested Loop  (cost=0.00..97.81 rows=1 width=84)
                           Join Filter: ((st_transform(s_612.the_geom, 25833) && st_expand(schw_612.schw, '300'::double precision)) AND (schw_612.schw && st_expand(st_transform(s_612.the_geom, 25833), '300'::double precision)) AND _st_dwithin(st_transform(s_612.the_geom, 25833), schw_612.schw, '300'::double precision))
                           ->  Function Scan on schw_612  (cost=0.00..0.01 rows=1 width=32)
                           ->  Seq Scan on phoml_trajectory_tmp s_612  (cost=0.00..95.68 rows=17 width=40)
                                 Filter: ((unix_time >= '1685451490.324'::double precision) AND (unix_time <= '1685451550.324'::double precision))
   ->  Subquery Scan on "*SELECT* 614"  (cost=97.82..97.83 rows=1 width=76)
         ->  Limit  (cost=97.82..97.82 rows=1 width=84)
               ->  Sort  (cost=97.82..97.82 rows=1 width=84)
                     Sort Key: (st_distance(st_transform(s_613.the_geom, 25833), schw_613.schw))
                     ->  Nested Loop  (cost=0.00..97.81 rows=1 width=84)
                           Join Filter: ((st_transform(s_613.the_geom, 25833) && st_expand(schw_613.schw, '300'::double precision)) AND (schw_613.schw && st_expand(st_transform(s_613.the_geom, 25833), '300'::double precision)) AND _st_dwithin(st_transform(s_613.the_geom, 25833), schw_613.schw, '300'::double precision))
                           ->  Function Scan on schw_613  (cost=0.00..0.01 rows=1 width=32)
                           ->  Seq Scan on phoml_trajectory_tmp s_613  (cost=0.00..95.68 rows=17 width=40)
                                 Filter: ((unix_time >= '1685451490.674'::double precision) AND (unix_time <= '1685451550.674'::double precision))
   ->  Subquery Scan on "*SELECT* 615"  (cost=97.82..97.83 rows=1 width=76)
         ->  Limit  (cost=97.82..97.82 rows=1 width=84)
               ->  Sort  (cost=97.82..97.82 rows=1 width=84)
                     Sort Key: (st_distance(st_transform(s_614.the_geom, 25833), schw_614.schw))
                     ->  Nested Loop  (cost=0.00..97.81 rows=1 width=84)
                           Join Filter: ((st_transform(s_614.the_geom, 25833) && st_expand(schw_614.schw, '300'::double precision)) AND (schw_614.schw && st_expand(st_transform(s_614.the_geom, 25833), '300'::double precision)) AND _st_dwithin(st_transform(s_614.the_geom, 25833), schw_614.schw, '300'::double precision))
                           ->  Function Scan on schw_614  (cost=0.00..0.01 rows=1 width=32)
                           ->  Seq Scan on phoml_trajectory_tmp s_614  (cost=0.00..95.68 rows=17 width=40)
                                 Filter: ((unix_time >= '1685451491.024'::double precision) AND (unix_time <= '1685451551.024'::double precision))
   ->  Subquery Scan on "*SELECT* 616"  (cost=97.82..97.83 rows=1 width=76)
         ->  Limit  (cost=97.82..97.82 rows=1 width=84)
               ->  Sort  (cost=97.82..97.82 rows=1 width=84)
                     Sort Key: (st_distance(st_transform(s_615.the_geom, 25833), schw_615.schw))
                     ->  Nested Loop  (cost=0.00..97.81 rows=1 width=84)
                           Join Filter: ((st_transform(s_615.the_geom, 25833) && st_expand(schw_615.schw, '300'::double precision)) AND (schw_615.schw && st_expand(st_transform(s_615.the_geom, 25833), '300'::double precision)) AND _st_dwithin(st_transform(s_615.the_geom, 25833), schw_615.schw, '300'::double precision))
                           ->  Function Scan on schw_615  (cost=0.00..0.01 rows=1 width=32)
                           ->  Seq Scan on phoml_trajectory_tmp s_615  (cost=0.00..95.68 rows=17 width=40)
                                 Filter: ((unix_time >= '1685451491.357'::double precision) AND (unix_time <= '1685451551.357'::double precision))
   ->  Subquery Scan on "*SELECT* 617"  (cost=97.82..97.83 rows=1 width=76)
         ->  Limit  (cost=97.82..97.82 rows=1 width=84)
               ->  Sort  (cost=97.82..97.82 rows=1 width=84)
                     Sort Key: (st_distance(st_transform(s_616.the_geom, 25833), schw_616.schw))
                     ->  Nested Loop  (cost=0.00..97.81 rows=1 width=84)
                           Join Filter: ((st_transform(s_616.the_geom, 25833) && st_expand(schw_616.schw, '300'::double precision)) AND (schw_616.schw && st_expand(st_transform(s_616.the_geom, 25833), '300'::double precision)) AND _st_dwithin(st_transform(s_616.the_geom, 25833), schw_616.schw, '300'::double precision))
                           ->  Function Scan on schw_616  (cost=0.00..0.01 rows=1 width=32)
                           ->  Seq Scan on phoml_trajectory_tmp s_616  (cost=0.00..95.68 rows=17 width=40)
                                 Filter: ((unix_time >= '1685451491.707'::double precision) AND (unix_time <= '1685451551.707'::double precision))
   ->  Subquery Scan on "*SELECT* 618"  (cost=97.82..97.83 rows=1 width=76)
         ->  Limit  (cost=97.82..97.82 rows=1 width=84)
               ->  Sort  (cost=97.82..97.82 rows=1 width=84)
                     Sort Key: (st_distance(st_transform(s_617.the_geom, 25833), schw_617.schw))
                     ->  Nested Loop  (cost=0.00..97.81 rows=1 width=84)
                           Join Filter: ((st_transform(s_617.the_geom, 25833) && st_expand(schw_617.schw, '300'::double precision)) AND (schw_617.schw && st_expand(st_transform(s_617.the_geom, 25833), '300'::double precision)) AND _st_dwithin(st_transform(s_617.the_geom, 25833), schw_617.schw, '300'::double precision))
                           ->  Function Scan on schw_617  (cost=0.00..0.01 rows=1 width=32)
                           ->  Seq Scan on phoml_trajectory_tmp s_617  (cost=0.00..95.68 rows=17 width=40)
                                 Filter: ((unix_time >= '1685451492.047'::double precision) AND (unix_time <= '1685451552.047'::double precision))
   ->  Subquery Scan on "*SELECT* 619"  (cost=97.82..97.83 rows=1 width=76)
         ->  Limit  (cost=97.82..97.82 rows=1 width=84)
               ->  Sort  (cost=97.82..97.82 rows=1 width=84)
                     Sort Key: (st_distance(st_transform(s_618.the_geom, 25833), schw_618.schw))
                     ->  Nested Loop  (cost=0.00..97.81 rows=1 width=84)
                           Join Filter: ((st_transform(s_618.the_geom, 25833) && st_expand(schw_618.schw, '300'::double precision)) AND (schw_618.schw && st_expand(st_transform(s_618.the_geom, 25833), '300'::double precision)) AND _st_dwithin(st_transform(s_618.the_geom, 25833), schw_618.schw, '300'::double precision))
                           ->  Function Scan on schw_618  (cost=0.00..0.01 rows=1 width=32)
                           ->  Seq Scan on phoml_trajectory_tmp s_618  (cost=0.00..95.68 rows=17 width=40)
                                 Filter: ((unix_time >= '1685451492.391'::double precision) AND (unix_time <= '1685451552.391'::double precision))
   ->  Subquery Scan on "*SELECT* 620"  (cost=97.82..97.83 rows=1 width=76)
         ->  Limit  (cost=97.82..97.82 rows=1 width=84)
               ->  Sort  (cost=97.82..97.82 rows=1 width=84)
                     Sort Key: (st_distance(st_transform(s_619.the_geom, 25833), schw_619.schw))
                     ->  Nested Loop  (cost=0.00..97.81 rows=1 width=84)
                           Join Filter: ((st_transform(s_619.the_geom, 25833) && st_expand(schw_619.schw, '300'::double precision)) AND (schw_619.schw && st_expand(st_transform(s_619.the_geom, 25833), '300'::double precision)) AND _st_dwithin(st_transform(s_619.the_geom, 25833), schw_619.schw, '300'::double precision))
                           ->  Function Scan on schw_619  (cost=0.00..0.01 rows=1 width=32)
                           ->  Seq Scan on phoml_trajectory_tmp s_619  (cost=0.00..95.68 rows=17 width=40)
                                 Filter: ((unix_time >= '1685451492.731'::double precision) AND (unix_time <= '1685451552.731'::double precision))
   ->  Subquery Scan on "*SELECT* 621"  (cost=97.82..97.83 rows=1 width=76)
         ->  Limit  (cost=97.82..97.82 rows=1 width=84)
               ->  Sort  (cost=97.82..97.82 rows=1 width=84)
                     Sort Key: (st_distance(st_transform(s_620.the_geom, 25833), schw_620.schw))
                     ->  Nested Loop  (cost=0.00..97.81 rows=1 width=84)
                           Join Filter: ((st_transform(s_620.the_geom, 25833) && st_expand(schw_620.schw, '300'::double precision)) AND (schw_620.schw && st_expand(st_transform(s_620.the_geom, 25833), '300'::double precision)) AND _st_dwithin(st_transform(s_620.the_geom, 25833), schw_620.schw, '300'::double precision))
                           ->  Function Scan on schw_620  (cost=0.00..0.01 rows=1 width=32)
                           ->  Seq Scan on phoml_trajectory_tmp s_620  (cost=0.00..95.68 rows=17 width=40)
                                 Filter: ((unix_time >= '1685451493.091'::double precision) AND (unix_time <= '1685451553.091'::double precision))
   ->  Subquery Scan on "*SELECT* 622"  (cost=97.82..97.83 rows=1 width=76)
         ->  Limit  (cost=97.82..97.82 rows=1 width=84)
               ->  Sort  (cost=97.82..97.82 rows=1 width=84)
                     Sort Key: (st_distance(st_transform(s_621.the_geom, 25833), schw_621.schw))
                     ->  Nested Loop  (cost=0.00..97.81 rows=1 width=84)
                           Join Filter: ((st_transform(s_621.the_geom, 25833) && st_expand(schw_621.schw, '300'::double precision)) AND (schw_621.schw && st_expand(st_transform(s_621.the_geom, 25833), '300'::double precision)) AND _st_dwithin(st_transform(s_621.the_geom, 25833), schw_621.schw, '300'::double precision))
                           ->  Function Scan on schw_621  (cost=0.00..0.01 rows=1 width=32)
                           ->  Seq Scan on phoml_trajectory_tmp s_621  (cost=0.00..95.68 rows=17 width=40)
                                 Filter: ((unix_time >= '1685451493.434'::double precision) AND (unix_time <= '1685451553.434'::double precision))
   ->  Subquery Scan on "*SELECT* 623"  (cost=97.82..97.83 rows=1 width=76)
         ->  Limit  (cost=97.82..97.82 rows=1 width=84)
               ->  Sort  (cost=97.82..97.82 rows=1 width=84)
                     Sort Key: (st_distance(st_transform(s_622.the_geom, 25833), schw_622.schw))
                     ->  Nested Loop  (cost=0.00..97.81 rows=1 width=84)
                           Join Filter: ((st_transform(s_622.the_geom, 25833) && st_expand(schw_622.schw, '300'::double precision)) AND (schw_622.schw && st_expand(st_transform(s_622.the_geom, 25833), '300'::double precision)) AND _st_dwithin(st_transform(s_622.the_geom, 25833), schw_622.schw, '300'::double precision))
                           ->  Function Scan on schw_622  (cost=0.00..0.01 rows=1 width=32)
                           ->  Seq Scan on phoml_trajectory_tmp s_622  (cost=0.00..95.68 rows=17 width=40)
                                 Filter: ((unix_time >= '1685451493.764'::double precision) AND (unix_time <= '1685451553.764'::double precision))
   ->  Subquery Scan on "*SELECT* 624"  (cost=97.82..97.83 rows=1 width=76)
         ->  Limit  (cost=97.82..97.82 rows=1 width=84)
               ->  Sort  (cost=97.82..97.82 rows=1 width=84)
                     Sort Key: (st_distance(st_transform(s_623.the_geom, 25833), schw_623.schw))
                     ->  Nested Loop  (cost=0.00..97.81 rows=1 width=84)
                           Join Filter: ((st_transform(s_623.the_geom, 25833) && st_expand(schw_623.schw, '300'::double precision)) AND (schw_623.schw && st_expand(st_transform(s_623.the_geom, 25833), '300'::double precision)) AND _st_dwithin(st_transform(s_623.the_geom, 25833), schw_623.schw, '300'::double precision))
                           ->  Function Scan on schw_623  (cost=0.00..0.01 rows=1 width=32)
                           ->  Seq Scan on phoml_trajectory_tmp s_623  (cost=0.00..95.68 rows=17 width=40)
                                 Filter: ((unix_time >= '1685451494.124'::double precision) AND (unix_time <= '1685451554.124'::double precision))
   ->  Subquery Scan on "*SELECT* 625"  (cost=97.82..97.83 rows=1 width=76)
         ->  Limit  (cost=97.82..97.82 rows=1 width=84)
               ->  Sort  (cost=97.82..97.82 rows=1 width=84)
                     Sort Key: (st_distance(st_transform(s_624.the_geom, 25833), schw_624.schw))
                     ->  Nested Loop  (cost=0.00..97.81 rows=1 width=84)
                           Join Filter: ((st_transform(s_624.the_geom, 25833) && st_expand(schw_624.schw, '300'::double precision)) AND (schw_624.schw && st_expand(st_transform(s_624.the_geom, 25833), '300'::double precision)) AND _st_dwithin(st_transform(s_624.the_geom, 25833), schw_624.schw, '300'::double precision))
                           ->  Function Scan on schw_624  (cost=0.00..0.01 rows=1 width=32)
                           ->  Seq Scan on phoml_trajectory_tmp s_624  (cost=0.00..95.68 rows=17 width=40)
                                 Filter: ((unix_time >= '1685451494.465'::double precision) AND (unix_time <= '1685451554.465'::double precision))
   ->  Subquery Scan on "*SELECT* 626"  (cost=97.82..97.83 rows=1 width=76)
         ->  Limit  (cost=97.82..97.82 rows=1 width=84)
               ->  Sort  (cost=97.82..97.82 rows=1 width=84)
                     Sort Key: (st_distance(st_transform(s_625.the_geom, 25833), schw_625.schw))
                     ->  Nested Loop  (cost=0.00..97.81 rows=1 width=84)
                           Join Filter: ((st_transform(s_625.the_geom, 25833) && st_expand(schw_625.schw, '300'::double precision)) AND (schw_625.schw && st_expand(st_transform(s_625.the_geom, 25833), '300'::double precision)) AND _st_dwithin(st_transform(s_625.the_geom, 25833), schw_625.schw, '300'::double precision))
                           ->  Function Scan on schw_625  (cost=0.00..0.01 rows=1 width=32)
                           ->  Seq Scan on phoml_trajectory_tmp s_625  (cost=0.00..95.68 rows=17 width=40)
                                 Filter: ((unix_time >= '1685451494.805'::double precision) AND (unix_time <= '1685451554.805'::double precision))
   ->  Subquery Scan on "*SELECT* 627"  (cost=97.82..97.83 rows=1 width=76)
         ->  Limit  (cost=97.82..97.82 rows=1 width=84)
               ->  Sort  (cost=97.82..97.82 rows=1 width=84)
                     Sort Key: (st_distance(st_transform(s_626.the_geom, 25833), schw_626.schw))
                     ->  Nested Loop  (cost=0.00..97.81 rows=1 width=84)
                           Join Filter: ((st_transform(s_626.the_geom, 25833) && st_expand(schw_626.schw, '300'::double precision)) AND (schw_626.schw && st_expand(st_transform(s_626.the_geom, 25833), '300'::double precision)) AND _st_dwithin(st_transform(s_626.the_geom, 25833), schw_626.schw, '300'::double precision))
                           ->  Function Scan on schw_626  (cost=0.00..0.01 rows=1 width=32)
                           ->  Seq Scan on phoml_trajectory_tmp s_626  (cost=0.00..95.68 rows=17 width=40)
                                 Filter: ((unix_time >= '1685451495.157'::double precision) AND (unix_time <= '1685451555.157'::double precision))
   ->  Subquery Scan on "*SELECT* 628"  (cost=97.82..97.83 rows=1 width=76)
         ->  Limit  (cost=97.82..97.82 rows=1 width=84)
               ->  Sort  (cost=97.82..97.82 rows=1 width=84)
                     Sort Key: (st_distance(st_transform(s_627.the_geom, 25833), schw_627.schw))
                     ->  Nested Loop  (cost=0.00..97.81 rows=1 width=84)
                           Join Filter: ((st_transform(s_627.the_geom, 25833) && st_expand(schw_627.schw, '300'::double precision)) AND (schw_627.schw && st_expand(st_transform(s_627.the_geom, 25833), '300'::double precision)) AND _st_dwithin(st_transform(s_627.the_geom, 25833), schw_627.schw, '300'::double precision))
                           ->  Function Scan on schw_627  (cost=0.00..0.01 rows=1 width=32)
                           ->  Seq Scan on phoml_trajectory_tmp s_627  (cost=0.00..95.68 rows=17 width=40)
                                 Filter: ((unix_time >= '1685451495.487'::double precision) AND (unix_time <= '1685451555.487'::double precision))
   ->  Subquery Scan on "*SELECT* 629"  (cost=97.82..97.83 rows=1 width=76)
         ->  Limit  (cost=97.82..97.82 rows=1 width=84)
               ->  Sort  (cost=97.82..97.82 rows=1 width=84)
                     Sort Key: (st_distance(st_transform(s_628.the_geom, 25833), schw_628.schw))
                     ->  Nested Loop  (cost=0.00..97.81 rows=1 width=84)
                           Join Filter: ((st_transform(s_628.the_geom, 25833) && st_expand(schw_628.schw, '300'::double precision)) AND (schw_628.schw && st_expand(st_transform(s_628.the_geom, 25833), '300'::double precision)) AND _st_dwithin(st_transform(s_628.the_geom, 25833), schw_628.schw, '300'::double precision))
                           ->  Function Scan on schw_628  (cost=0.00..0.01 rows=1 width=32)
                           ->  Seq Scan on phoml_trajectory_tmp s_628  (cost=0.00..95.68 rows=17 width=40)
                                 Filter: ((unix_time >= '1685451495.817'::double precision) AND (unix_time <= '1685451555.817'::double precision))
   ->  Subquery Scan on "*SELECT* 630"  (cost=97.82..97.83 rows=1 width=76)
         ->  Limit  (cost=97.82..97.82 rows=1 width=84)
               ->  Sort  (cost=97.82..97.82 rows=1 width=84)
                     Sort Key: (st_distance(st_transform(s_629.the_geom, 25833), schw_629.schw))
                     ->  Nested Loop  (cost=0.00..97.81 rows=1 width=84)
                           Join Filter: ((st_transform(s_629.the_geom, 25833) && st_expand(schw_629.schw, '300'::double precision)) AND (schw_629.schw && st_expand(st_transform(s_629.the_geom, 25833), '300'::double precision)) AND _st_dwithin(st_transform(s_629.the_geom, 25833), schw_629.schw, '300'::double precision))
                           ->  Function Scan on schw_629  (cost=0.00..0.01 rows=1 width=32)
                           ->  Seq Scan on phoml_trajectory_tmp s_629  (cost=0.00..95.68 rows=17 width=40)
                                 Filter: ((unix_time >= '1685451496.177'::double precision) AND (unix_time <= '1685451556.177'::double precision))
   ->  Subquery Scan on "*SELECT* 631"  (cost=97.82..97.83 rows=1 width=76)
         ->  Limit  (cost=97.82..97.82 rows=1 width=84)
               ->  Sort  (cost=97.82..97.82 rows=1 width=84)
                     Sort Key: (st_distance(st_transform(s_630.the_geom, 25833), schw_630.schw))
                     ->  Nested Loop  (cost=0.00..97.81 rows=1 width=84)
                           Join Filter: ((st_transform(s_630.the_geom, 25833) && st_expand(schw_630.schw, '300'::double precision)) AND (schw_630.schw && st_expand(st_transform(s_630.the_geom, 25833), '300'::double precision)) AND _st_dwithin(st_transform(s_630.the_geom, 25833), schw_630.schw, '300'::double precision))
                           ->  Function Scan on schw_630  (cost=0.00..0.01 rows=1 width=32)
                           ->  Seq Scan on phoml_trajectory_tmp s_630  (cost=0.00..95.68 rows=17 width=40)
                                 Filter: ((unix_time >= '1685451496.507'::double precision) AND (unix_time <= '1685451556.507'::double precision))
   ->  Subquery Scan on "*SELECT* 632"  (cost=97.82..97.83 rows=1 width=76)
         ->  Limit  (cost=97.82..97.82 rows=1 width=84)
               ->  Sort  (cost=97.82..97.82 rows=1 width=84)
                     Sort Key: (st_distance(st_transform(s_631.the_geom, 25833), schw_631.schw))
                     ->  Nested Loop  (cost=0.00..97.81 rows=1 width=84)
                           Join Filter: ((st_transform(s_631.the_geom, 25833) && st_expand(schw_631.schw, '300'::double precision)) AND (schw_631.schw && st_expand(st_transform(s_631.the_geom, 25833), '300'::double precision)) AND _st_dwithin(st_transform(s_631.the_geom, 25833), schw_631.schw, '300'::double precision))
                           ->  Function Scan on schw_631  (cost=0.00..0.01 rows=1 width=32)
                           ->  Seq Scan on phoml_trajectory_tmp s_631  (cost=0.00..95.68 rows=17 width=40)
                                 Filter: ((unix_time >= '1685451496.847'::double precision) AND (unix_time <= '1685451556.847'::double precision))
   ->  Subquery Scan on "*SELECT* 633"  (cost=97.82..97.83 rows=1 width=76)
         ->  Limit  (cost=97.82..97.82 rows=1 width=84)
               ->  Sort  (cost=97.82..97.82 rows=1 width=84)
                     Sort Key: (st_distance(st_transform(s_632.the_geom, 25833), schw_632.schw))
                     ->  Nested Loop  (cost=0.00..97.81 rows=1 width=84)
                           Join Filter: ((st_transform(s_632.the_geom, 25833) && st_expand(schw_632.schw, '300'::double precision)) AND (schw_632.schw && st_expand(st_transform(s_632.the_geom, 25833), '300'::double precision)) AND _st_dwithin(st_transform(s_632.the_geom, 25833), schw_632.schw, '300'::double precision))
                           ->  Function Scan on schw_632  (cost=0.00..0.01 rows=1 width=32)
                           ->  Seq Scan on phoml_trajectory_tmp s_632  (cost=0.00..95.68 rows=17 width=40)
                                 Filter: ((unix_time >= '1685451497.18'::double precision) AND (unix_time <= '1685451557.18'::double precision))
   ->  Subquery Scan on "*SELECT* 634"  (cost=97.82..97.83 rows=1 width=76)
         ->  Limit  (cost=97.82..97.82 rows=1 width=84)
               ->  Sort  (cost=97.82..97.82 rows=1 width=84)
                     Sort Key: (st_distance(st_transform(s_633.the_geom, 25833), schw_633.schw))
                     ->  Nested Loop  (cost=0.00..97.81 rows=1 width=84)
                           Join Filter: ((st_transform(s_633.the_geom, 25833) && st_expand(schw_633.schw, '300'::double precision)) AND (schw_633.schw && st_expand(st_transform(s_633.the_geom, 25833), '300'::double precision)) AND _st_dwithin(st_transform(s_633.the_geom, 25833), schw_633.schw, '300'::double precision))
                           ->  Function Scan on schw_633  (cost=0.00..0.01 rows=1 width=32)
                           ->  Seq Scan on phoml_trajectory_tmp s_633  (cost=0.00..95.68 rows=17 width=40)
                                 Filter: ((unix_time >= '1685451497.52'::double precision) AND (unix_time <= '1685451557.52'::double precision))
   ->  Subquery Scan on "*SELECT* 635"  (cost=97.82..97.83 rows=1 width=76)
         ->  Limit  (cost=97.82..97.82 rows=1 width=84)
               ->  Sort  (cost=97.82..97.82 rows=1 width=84)
                     Sort Key: (st_distance(st_transform(s_634.the_geom, 25833), schw_634.schw))
                     ->  Nested Loop  (cost=0.00..97.81 rows=1 width=84)
                           Join Filter: ((st_transform(s_634.the_geom, 25833) && st_expand(schw_634.schw, '300'::double precision)) AND (schw_634.schw && st_expand(st_transform(s_634.the_geom, 25833), '300'::double precision)) AND _st_dwithin(st_transform(s_634.the_geom, 25833), schw_634.schw, '300'::double precision))
                           ->  Function Scan on schw_634  (cost=0.00..0.01 rows=1 width=32)
                           ->  Seq Scan on phoml_trajectory_tmp s_634  (cost=0.00..95.68 rows=17 width=40)
                                 Filter: ((unix_time >= '1685451497.85'::double precision) AND (unix_time <= '1685451557.85'::double precision))
   ->  Subquery Scan on "*SELECT* 636"  (cost=97.82..97.83 rows=1 width=76)
         ->  Limit  (cost=97.82..97.82 rows=1 width=84)
               ->  Sort  (cost=97.82..97.82 rows=1 width=84)
                     Sort Key: (st_distance(st_transform(s_635.the_geom, 25833), schw_635.schw))
                     ->  Nested Loop  (cost=0.00..97.81 rows=1 width=84)
                           Join Filter: ((st_transform(s_635.the_geom, 25833) && st_expand(schw_635.schw, '300'::double precision)) AND (schw_635.schw && st_expand(st_transform(s_635.the_geom, 25833), '300'::double precision)) AND _st_dwithin(st_transform(s_635.the_geom, 25833), schw_635.schw, '300'::double precision))
                           ->  Function Scan on schw_635  (cost=0.00..0.01 rows=1 width=32)
                           ->  Seq Scan on phoml_trajectory_tmp s_635  (cost=0.00..95.68 rows=17 width=40)
                                 Filter: ((unix_time >= '1685451498.193'::double precision) AND (unix_time <= '1685451558.193'::double precision))
   ->  Subquery Scan on "*SELECT* 637"  (cost=97.82..97.83 rows=1 width=76)
         ->  Limit  (cost=97.82..97.82 rows=1 width=84)
               ->  Sort  (cost=97.82..97.82 rows=1 width=84)
                     Sort Key: (st_distance(st_transform(s_636.the_geom, 25833), schw_636.schw))
                     ->  Nested Loop  (cost=0.00..97.81 rows=1 width=84)
                           Join Filter: ((st_transform(s_636.the_geom, 25833) && st_expand(schw_636.schw, '300'::double precision)) AND (schw_636.schw && st_expand(st_transform(s_636.the_geom, 25833), '300'::double precision)) AND _st_dwithin(st_transform(s_636.the_geom, 25833), schw_636.schw, '300'::double precision))
                           ->  Function Scan on schw_636  (cost=0.00..0.01 rows=1 width=32)
                           ->  Seq Scan on phoml_trajectory_tmp s_636  (cost=0.00..95.68 rows=17 width=40)
                                 Filter: ((unix_time >= '1685451498.523'::double precision) AND (unix_time <= '1685451558.523'::double precision))
   ->  Subquery Scan on "*SELECT* 638"  (cost=97.82..97.83 rows=1 width=76)
         ->  Limit  (cost=97.82..97.82 rows=1 width=84)
               ->  Sort  (cost=97.82..97.82 rows=1 width=84)
                     Sort Key: (st_distance(st_transform(s_637.the_geom, 25833), schw_637.schw))
                     ->  Nested Loop  (cost=0.00..97.81 rows=1 width=84)
                           Join Filter: ((st_transform(s_637.the_geom, 25833) && st_expand(schw_637.schw, '300'::double precision)) AND (schw_637.schw && st_expand(st_transform(s_637.the_geom, 25833), '300'::double precision)) AND _st_dwithin(st_transform(s_637.the_geom, 25833), schw_637.schw, '300'::double precision))
                           ->  Function Scan on schw_637  (cost=0.00..0.01 rows=1 width=32)
                           ->  Seq Scan on phoml_trajectory_tmp s_637  (cost=0.00..95.68 rows=17 width=40)
                                 Filter: ((unix_time >= '1685451498.853'::double precision) AND (unix_time <= '1685451558.853'::double precision))
   ->  Subquery Scan on "*SELECT* 639"  (cost=97.82..97.83 rows=1 width=76)
         ->  Limit  (cost=97.82..97.82 rows=1 width=84)
               ->  Sort  (cost=97.82..97.82 rows=1 width=84)
                     Sort Key: (st_distance(st_transform(s_638.the_geom, 25833), schw_638.schw))
                     ->  Nested Loop  (cost=0.00..97.81 rows=1 width=84)
                           Join Filter: ((st_transform(s_638.the_geom, 25833) && st_expand(schw_638.schw, '300'::double precision)) AND (schw_638.schw && st_expand(st_transform(s_638.the_geom, 25833), '300'::double precision)) AND _st_dwithin(st_transform(s_638.the_geom, 25833), schw_638.schw, '300'::double precision))
                           ->  Function Scan on schw_638  (cost=0.00..0.01 rows=1 width=32)
                           ->  Seq Scan on phoml_trajectory_tmp s_638  (cost=0.00..95.68 rows=17 width=40)
                                 Filter: ((unix_time >= '1685451499.185'::double precision) AND (unix_time <= '1685451559.185'::double precision))
   ->  Subquery Scan on "*SELECT* 640"  (cost=97.82..97.83 rows=1 width=76)
         ->  Limit  (cost=97.82..97.82 rows=1 width=84)
               ->  Sort  (cost=97.82..97.82 rows=1 width=84)
                     Sort Key: (st_distance(st_transform(s_639.the_geom, 25833), schw_639.schw))
                     ->  Nested Loop  (cost=0.00..97.81 rows=1 width=84)
                           Join Filter: ((st_transform(s_639.the_geom, 25833) && st_expand(schw_639.schw, '300'::double precision)) AND (schw_639.schw && st_expand(st_transform(s_639.the_geom, 25833), '300'::double precision)) AND _st_dwithin(st_transform(s_639.the_geom, 25833), schw_639.schw, '300'::double precision))
                           ->  Function Scan on schw_639  (cost=0.00..0.01 rows=1 width=32)
                           ->  Seq Scan on phoml_trajectory_tmp s_639  (cost=0.00..95.68 rows=17 width=40)
                                 Filter: ((unix_time >= '1685451499.525'::double precision) AND (unix_time <= '1685451559.525'::double precision))
   ->  Subquery Scan on "*SELECT* 641"  (cost=97.82..97.83 rows=1 width=76)
         ->  Limit  (cost=97.82..97.82 rows=1 width=84)
               ->  Sort  (cost=97.82..97.82 rows=1 width=84)
                     Sort Key: (st_distance(st_transform(s_640.the_geom, 25833), schw_640.schw))
                     ->  Nested Loop  (cost=0.00..97.81 rows=1 width=84)
                           Join Filter: ((st_transform(s_640.the_geom, 25833) && st_expand(schw_640.schw, '300'::double precision)) AND (schw_640.schw && st_expand(st_transform(s_640.the_geom, 25833), '300'::double precision)) AND _st_dwithin(st_transform(s_640.the_geom, 25833), schw_640.schw, '300'::double precision))
                           ->  Function Scan on schw_640  (cost=0.00..0.01 rows=1 width=32)
                           ->  Seq Scan on phoml_trajectory_tmp s_640  (cost=0.00..95.68 rows=17 width=40)
                                 Filter: ((unix_time >= '1685451499.855'::double precision) AND (unix_time <= '1685451559.855'::double precision))
   ->  Subquery Scan on "*SELECT* 642"  (cost=97.82..97.83 rows=1 width=76)
         ->  Limit  (cost=97.82..97.82 rows=1 width=84)
               ->  Sort  (cost=97.82..97.82 rows=1 width=84)
                     Sort Key: (st_distance(st_transform(s_641.the_geom, 25833), schw_641.schw))
                     ->  Nested Loop  (cost=0.00..97.81 rows=1 width=84)
                           Join Filter: ((st_transform(s_641.the_geom, 25833) && st_expand(schw_641.schw, '300'::double precision)) AND (schw_641.schw && st_expand(st_transform(s_641.the_geom, 25833), '300'::double precision)) AND _st_dwithin(st_transform(s_641.the_geom, 25833), schw_641.schw, '300'::double precision))
                           ->  Function Scan on schw_641  (cost=0.00..0.01 rows=1 width=32)
                           ->  Seq Scan on phoml_trajectory_tmp s_641  (cost=0.00..95.68 rows=17 width=40)
                                 Filter: ((unix_time >= '1685451500.186'::double precision) AND (unix_time <= '1685451560.186'::double precision))
   ->  Subquery Scan on "*SELECT* 643"  (cost=97.82..97.83 rows=1 width=76)
         ->  Limit  (cost=97.82..97.82 rows=1 width=84)
               ->  Sort  (cost=97.82..97.82 rows=1 width=84)
                     Sort Key: (st_distance(st_transform(s_642.the_geom, 25833), schw_642.schw))
                     ->  Nested Loop  (cost=0.00..97.81 rows=1 width=84)
                           Join Filter: ((st_transform(s_642.the_geom, 25833) && st_expand(schw_642.schw, '300'::double precision)) AND (schw_642.schw && st_expand(st_transform(s_642.the_geom, 25833), '300'::double precision)) AND _st_dwithin(st_transform(s_642.the_geom, 25833), schw_642.schw, '300'::double precision))
                           ->  Function Scan on schw_642  (cost=0.00..0.01 rows=1 width=32)
                           ->  Seq Scan on phoml_trajectory_tmp s_642  (cost=0.00..95.68 rows=17 width=40)
                                 Filter: ((unix_time >= '1685451500.517'::double precision) AND (unix_time <= '1685451560.517'::double precision))
   ->  Subquery Scan on "*SELECT* 644"  (cost=97.82..97.83 rows=1 width=76)
         ->  Limit  (cost=97.82..97.82 rows=1 width=84)
               ->  Sort  (cost=97.82..97.82 rows=1 width=84)
                     Sort Key: (st_distance(st_transform(s_643.the_geom, 25833), schw_643.schw))
                     ->  Nested Loop  (cost=0.00..97.81 rows=1 width=84)
                           Join Filter: ((st_transform(s_643.the_geom, 25833) && st_expand(schw_643.schw, '300'::double precision)) AND (schw_643.schw && st_expand(st_transform(s_643.the_geom, 25833), '300'::double precision)) AND _st_dwithin(st_transform(s_643.the_geom, 25833), schw_643.schw, '300'::double precision))
                           ->  Function Scan on schw_643  (cost=0.00..0.01 rows=1 width=32)
                           ->  Seq Scan on phoml_trajectory_tmp s_643  (cost=0.00..95.68 rows=17 width=40)
                                 Filter: ((unix_time >= '1685451500.846'::double precision) AND (unix_time <= '1685451560.846'::double precision))
   ->  Subquery Scan on "*SELECT* 645"  (cost=97.82..97.83 rows=1 width=76)
         ->  Limit  (cost=97.82..97.82 rows=1 width=84)
               ->  Sort  (cost=97.82..97.82 rows=1 width=84)
                     Sort Key: (st_distance(st_transform(s_644.the_geom, 25833), schw_644.schw))
                     ->  Nested Loop  (cost=0.00..97.81 rows=1 width=84)
                           Join Filter: ((st_transform(s_644.the_geom, 25833) && st_expand(schw_644.schw, '300'::double precision)) AND (schw_644.schw && st_expand(st_transform(s_644.the_geom, 25833), '300'::double precision)) AND _st_dwithin(st_transform(s_644.the_geom, 25833), schw_644.schw, '300'::double precision))
                           ->  Function Scan on schw_644  (cost=0.00..0.01 rows=1 width=32)
                           ->  Seq Scan on phoml_trajectory_tmp s_644  (cost=0.00..95.68 rows=17 width=40)
                                 Filter: ((unix_time >= '1685451501.18'::double precision) AND (unix_time <= '1685451561.18'::double precision))
   ->  Subquery Scan on "*SELECT* 646"  (cost=97.82..97.83 rows=1 width=76)
         ->  Limit  (cost=97.82..97.82 rows=1 width=84)
               ->  Sort  (cost=97.82..97.82 rows=1 width=84)
                     Sort Key: (st_distance(st_transform(s_645.the_geom, 25833), schw_645.schw))
                     ->  Nested Loop  (cost=0.00..97.81 rows=1 width=84)
                           Join Filter: ((st_transform(s_645.the_geom, 25833) && st_expand(schw_645.schw, '300'::double precision)) AND (schw_645.schw && st_expand(st_transform(s_645.the_geom, 25833), '300'::double precision)) AND _st_dwithin(st_transform(s_645.the_geom, 25833), schw_645.schw, '300'::double precision))
                           ->  Function Scan on schw_645  (cost=0.00..0.01 rows=1 width=32)
                           ->  Seq Scan on phoml_trajectory_tmp s_645  (cost=0.00..95.68 rows=17 width=40)
                                 Filter: ((unix_time >= '1685451501.51'::double precision) AND (unix_time <= '1685451561.51'::double precision))
   ->  Subquery Scan on "*SELECT* 647"  (cost=97.82..97.83 rows=1 width=76)
         ->  Limit  (cost=97.82..97.82 rows=1 width=84)
               ->  Sort  (cost=97.82..97.82 rows=1 width=84)
                     Sort Key: (st_distance(st_transform(s_646.the_geom, 25833), schw_646.schw))
                     ->  Nested Loop  (cost=0.00..97.81 rows=1 width=84)
                           Join Filter: ((st_transform(s_646.the_geom, 25833) && st_expand(schw_646.schw, '300'::double precision)) AND (schw_646.schw && st_expand(st_transform(s_646.the_geom, 25833), '300'::double precision)) AND _st_dwithin(st_transform(s_646.the_geom, 25833), schw_646.schw, '300'::double precision))
                           ->  Function Scan on schw_646  (cost=0.00..0.01 rows=1 width=32)
                           ->  Seq Scan on phoml_trajectory_tmp s_646  (cost=0.00..95.68 rows=17 width=40)
                                 Filter: ((unix_time >= '1685451501.84'::double precision) AND (unix_time <= '1685451561.84'::double precision))
   ->  Subquery Scan on "*SELECT* 648"  (cost=97.82..97.83 rows=1 width=76)
         ->  Limit  (cost=97.82..97.82 rows=1 width=84)
               ->  Sort  (cost=97.82..97.82 rows=1 width=84)
                     Sort Key: (st_distance(st_transform(s_647.the_geom, 25833), schw_647.schw))
                     ->  Nested Loop  (cost=0.00..97.81 rows=1 width=84)
                           Join Filter: ((st_transform(s_647.the_geom, 25833) && st_expand(schw_647.schw, '300'::double precision)) AND (schw_647.schw && st_expand(st_transform(s_647.the_geom, 25833), '300'::double precision)) AND _st_dwithin(st_transform(s_647.the_geom, 25833), schw_647.schw, '300'::double precision))
                           ->  Function Scan on schw_647  (cost=0.00..0.01 rows=1 width=32)
                           ->  Seq Scan on phoml_trajectory_tmp s_647  (cost=0.00..95.68 rows=17 width=40)
                                 Filter: ((unix_time >= '1685451502.18'::double precision) AND (unix_time <= '1685451562.18'::double precision))
   ->  Subquery Scan on "*SELECT* 649"  (cost=97.82..97.83 rows=1 width=76)
         ->  Limit  (cost=97.82..97.82 rows=1 width=84)
               ->  Sort  (cost=97.82..97.82 rows=1 width=84)
                     Sort Key: (st_distance(st_transform(s_648.the_geom, 25833), schw_648.schw))
                     ->  Nested Loop  (cost=0.00..97.81 rows=1 width=84)
                           Join Filter: ((st_transform(s_648.the_geom, 25833) && st_expand(schw_648.schw, '300'::double precision)) AND (schw_648.schw && st_expand(st_transform(s_648.the_geom, 25833), '300'::double precision)) AND _st_dwithin(st_transform(s_648.the_geom, 25833), schw_648.schw, '300'::double precision))
                           ->  Function Scan on schw_648  (cost=0.00..0.01 rows=1 width=32)
                           ->  Seq Scan on phoml_trajectory_tmp s_648  (cost=0.00..95.68 rows=17 width=40)
                                 Filter: ((unix_time >= '1685451502.51'::double precision) AND (unix_time <= '1685451562.51'::double precision))
   ->  Subquery Scan on "*SELECT* 650"  (cost=97.82..97.83 rows=1 width=76)
         ->  Limit  (cost=97.82..97.82 rows=1 width=84)
               ->  Sort  (cost=97.82..97.82 rows=1 width=84)
                     Sort Key: (st_distance(st_transform(s_649.the_geom, 25833), schw_649.schw))
                     ->  Nested Loop  (cost=0.00..97.81 rows=1 width=84)
                           Join Filter: ((st_transform(s_649.the_geom, 25833) && st_expand(schw_649.schw, '300'::double precision)) AND (schw_649.schw && st_expand(st_transform(s_649.the_geom, 25833), '300'::double precision)) AND _st_dwithin(st_transform(s_649.the_geom, 25833), schw_649.schw, '300'::double precision))
                           ->  Function Scan on schw_649  (cost=0.00..0.01 rows=1 width=32)
                           ->  Seq Scan on phoml_trajectory_tmp s_649  (cost=0.00..95.68 rows=17 width=40)
                                 Filter: ((unix_time >= '1685451502.84'::double precision) AND (unix_time <= '1685451562.84'::double precision))
   ->  Subquery Scan on "*SELECT* 651"  (cost=97.82..97.83 rows=1 width=76)
         ->  Limit  (cost=97.82..97.82 rows=1 width=84)
               ->  Sort  (cost=97.82..97.82 rows=1 width=84)
                     Sort Key: (st_distance(st_transform(s_650.the_geom, 25833), schw_650.schw))
                     ->  Nested Loop  (cost=0.00..97.81 rows=1 width=84)
                           Join Filter: ((st_transform(s_650.the_geom, 25833) && st_expand(schw_650.schw, '300'::double precision)) AND (schw_650.schw && st_expand(st_transform(s_650.the_geom, 25833), '300'::double precision)) AND _st_dwithin(st_transform(s_650.the_geom, 25833), schw_650.schw, '300'::double precision))
                           ->  Function Scan on schw_650  (cost=0.00..0.01 rows=1 width=32)
                           ->  Seq Scan on phoml_trajectory_tmp s_650  (cost=0.00..95.68 rows=17 width=40)
                                 Filter: ((unix_time >= '1685451503.162'::double precision) AND (unix_time <= '1685451563.162'::double precision))
   ->  Subquery Scan on "*SELECT* 652"  (cost=97.82..97.83 rows=1 width=76)
         ->  Limit  (cost=97.82..97.82 rows=1 width=84)
               ->  Sort  (cost=97.82..97.82 rows=1 width=84)
                     Sort Key: (st_distance(st_transform(s_651.the_geom, 25833), schw_651.schw))
                     ->  Nested Loop  (cost=0.00..97.81 rows=1 width=84)
                           Join Filter: ((st_transform(s_651.the_geom, 25833) && st_expand(schw_651.schw, '300'::double precision)) AND (schw_651.schw && st_expand(st_transform(s_651.the_geom, 25833), '300'::double precision)) AND _st_dwithin(st_transform(s_651.the_geom, 25833), schw_651.schw, '300'::double precision))
                           ->  Function Scan on schw_651  (cost=0.00..0.01 rows=1 width=32)
                           ->  Seq Scan on phoml_trajectory_tmp s_651  (cost=0.00..95.68 rows=17 width=40)
                                 Filter: ((unix_time >= '1685451503.502'::double precision) AND (unix_time <= '1685451563.502'::double precision))
   ->  Subquery Scan on "*SELECT* 653"  (cost=97.82..97.83 rows=1 width=76)
         ->  Limit  (cost=97.82..97.82 rows=1 width=84)
               ->  Sort  (cost=97.82..97.82 rows=1 width=84)
                     Sort Key: (st_distance(st_transform(s_652.the_geom, 25833), schw_652.schw))
                     ->  Nested Loop  (cost=0.00..97.81 rows=1 width=84)
                           Join Filter: ((st_transform(s_652.the_geom, 25833) && st_expand(schw_652.schw, '300'::double precision)) AND (schw_652.schw && st_expand(st_transform(s_652.the_geom, 25833), '300'::double precision)) AND _st_dwithin(st_transform(s_652.the_geom, 25833), schw_652.schw, '300'::double precision))
                           ->  Function Scan on schw_652  (cost=0.00..0.01 rows=1 width=32)
                           ->  Seq Scan on phoml_trajectory_tmp s_652  (cost=0.00..95.68 rows=17 width=40)
                                 Filter: ((unix_time >= '1685451503.822'::double precision) AND (unix_time <= '1685451563.822'::double precision))
   ->  Subquery Scan on "*SELECT* 654"  (cost=97.82..97.83 rows=1 width=76)
         ->  Limit  (cost=97.82..97.82 rows=1 width=84)
               ->  Sort  (cost=97.82..97.82 rows=1 width=84)
                     Sort Key: (st_distance(st_transform(s_653.the_geom, 25833), schw_653.schw))
                     ->  Nested Loop  (cost=0.00..97.81 rows=1 width=84)
                           Join Filter: ((st_transform(s_653.the_geom, 25833) && st_expand(schw_653.schw, '300'::double precision)) AND (schw_653.schw && st_expand(st_transform(s_653.the_geom, 25833), '300'::double precision)) AND _st_dwithin(st_transform(s_653.the_geom, 25833), schw_653.schw, '300'::double precision))
                           ->  Function Scan on schw_653  (cost=0.00..0.01 rows=1 width=32)
                           ->  Seq Scan on phoml_trajectory_tmp s_653  (cost=0.00..95.68 rows=17 width=40)
                                 Filter: ((unix_time >= '1685451504.164'::double precision) AND (unix_time <= '1685451564.164'::double precision))
   ->  Subquery Scan on "*SELECT* 655"  (cost=97.82..97.83 rows=1 width=76)
         ->  Limit  (cost=97.82..97.82 rows=1 width=84)
               ->  Sort  (cost=97.82..97.82 rows=1 width=84)
                     Sort Key: (st_distance(st_transform(s_654.the_geom, 25833), schw_654.schw))
                     ->  Nested Loop  (cost=0.00..97.81 rows=1 width=84)
                           Join Filter: ((st_transform(s_654.the_geom, 25833) && st_expand(schw_654.schw, '300'::double precision)) AND (schw_654.schw && st_expand(st_transform(s_654.the_geom, 25833), '300'::double precision)) AND _st_dwithin(st_transform(s_654.the_geom, 25833), schw_654.schw, '300'::double precision))
                           ->  Function Scan on schw_654  (cost=0.00..0.01 rows=1 width=32)
                           ->  Seq Scan on phoml_trajectory_tmp s_654  (cost=0.00..95.68 rows=17 width=40)
                                 Filter: ((unix_time >= '1685451504.504'::double precision) AND (unix_time <= '1685451564.504'::double precision))
   ->  Subquery Scan on "*SELECT* 656"  (cost=97.82..97.83 rows=1 width=76)
         ->  Limit  (cost=97.82..97.82 rows=1 width=84)
               ->  Sort  (cost=97.82..97.82 rows=1 width=84)
                     Sort Key: (st_distance(st_transform(s_655.the_geom, 25833), schw_655.schw))
                     ->  Nested Loop  (cost=0.00..97.81 rows=1 width=84)
                           Join Filter: ((st_transform(s_655.the_geom, 25833) && st_expand(schw_655.schw, '300'::double precision)) AND (schw_655.schw && st_expand(st_transform(s_655.the_geom, 25833), '300'::double precision)) AND _st_dwithin(st_transform(s_655.the_geom, 25833), schw_655.schw, '300'::double precision))
                           ->  Function Scan on schw_655  (cost=0.00..0.01 rows=1 width=32)
                           ->  Seq Scan on phoml_trajectory_tmp s_655  (cost=0.00..95.68 rows=17 width=40)
                                 Filter: ((unix_time >= '1685451504.834'::double precision) AND (unix_time <= '1685451564.834'::double precision))
   ->  Subquery Scan on "*SELECT* 657"  (cost=97.82..97.83 rows=1 width=76)
         ->  Limit  (cost=97.82..97.82 rows=1 width=84)
               ->  Sort  (cost=97.82..97.82 rows=1 width=84)
                     Sort Key: (st_distance(st_transform(s_656.the_geom, 25833), schw_656.schw))
                     ->  Nested Loop  (cost=0.00..97.81 rows=1 width=84)
                           Join Filter: ((st_transform(s_656.the_geom, 25833) && st_expand(schw_656.schw, '300'::double precision)) AND (schw_656.schw && st_expand(st_transform(s_656.the_geom, 25833), '300'::double precision)) AND _st_dwithin(st_transform(s_656.the_geom, 25833), schw_656.schw, '300'::double precision))
                           ->  Function Scan on schw_656  (cost=0.00..0.01 rows=1 width=32)
                           ->  Seq Scan on phoml_trajectory_tmp s_656  (cost=0.00..95.68 rows=17 width=40)
                                 Filter: ((unix_time >= '1685451505.169'::double precision) AND (unix_time <= '1685451565.169'::double precision))
   ->  Subquery Scan on "*SELECT* 658"  (cost=97.82..97.83 rows=1 width=76)
         ->  Limit  (cost=97.82..97.82 rows=1 width=84)
               ->  Sort  (cost=97.82..97.82 rows=1 width=84)
                     Sort Key: (st_distance(st_transform(s_657.the_geom, 25833), schw_657.schw))
                     ->  Nested Loop  (cost=0.00..97.81 rows=1 width=84)
                           Join Filter: ((st_transform(s_657.the_geom, 25833) && st_expand(schw_657.schw, '300'::double precision)) AND (schw_657.schw && st_expand(st_transform(s_657.the_geom, 25833), '300'::double precision)) AND _st_dwithin(st_transform(s_657.the_geom, 25833), schw_657.schw, '300'::double precision))
                           ->  Function Scan on schw_657  (cost=0.00..0.01 rows=1 width=32)
                           ->  Seq Scan on phoml_trajectory_tmp s_657  (cost=0.00..95.68 rows=17 width=40)
                                 Filter: ((unix_time >= '1685451505.499'::double precision) AND (unix_time <= '1685451565.499'::double precision))
   ->  Subquery Scan on "*SELECT* 659"  (cost=97.82..97.83 rows=1 width=76)
         ->  Limit  (cost=97.82..97.82 rows=1 width=84)
               ->  Sort  (cost=97.82..97.82 rows=1 width=84)
                     Sort Key: (st_distance(st_transform(s_658.the_geom, 25833), schw_658.schw))
                     ->  Nested Loop  (cost=0.00..97.81 rows=1 width=84)
                           Join Filter: ((st_transform(s_658.the_geom, 25833) && st_expand(schw_658.schw, '300'::double precision)) AND (schw_658.schw && st_expand(st_transform(s_658.the_geom, 25833), '300'::double precision)) AND _st_dwithin(st_transform(s_658.the_geom, 25833), schw_658.schw, '300'::double precision))
                           ->  Function Scan on schw_658  (cost=0.00..0.01 rows=1 width=32)
                           ->  Seq Scan on phoml_trajectory_tmp s_658  (cost=0.00..95.68 rows=17 width=40)
                                 Filter: ((unix_time >= '1685451505.839'::double precision) AND (unix_time <= '1685451565.839'::double precision))
   ->  Subquery Scan on "*SELECT* 660"  (cost=97.82..97.83 rows=1 width=76)
         ->  Limit  (cost=97.82..97.82 rows=1 width=84)
               ->  Sort  (cost=97.82..97.82 rows=1 width=84)
                     Sort Key: (st_distance(st_transform(s_659.the_geom, 25833), schw_659.schw))
                     ->  Nested Loop  (cost=0.00..97.81 rows=1 width=84)
                           Join Filter: ((st_transform(s_659.the_geom, 25833) && st_expand(schw_659.schw, '300'::double precision)) AND (schw_659.schw && st_expand(st_transform(s_659.the_geom, 25833), '300'::double precision)) AND _st_dwithin(st_transform(s_659.the_geom, 25833), schw_659.schw, '300'::double precision))
                           ->  Function Scan on schw_659  (cost=0.00..0.01 rows=1 width=32)
                           ->  Seq Scan on phoml_trajectory_tmp s_659  (cost=0.00..95.68 rows=17 width=40)
                                 Filter: ((unix_time >= '1685451506.175'::double precision) AND (unix_time <= '1685451566.175'::double precision))
   ->  Subquery Scan on "*SELECT* 661"  (cost=97.82..97.83 rows=1 width=76)
         ->  Limit  (cost=97.82..97.82 rows=1 width=84)
               ->  Sort  (cost=97.82..97.82 rows=1 width=84)
                     Sort Key: (st_distance(st_transform(s_660.the_geom, 25833), schw_660.schw))
                     ->  Nested Loop  (cost=0.00..97.81 rows=1 width=84)
                           Join Filter: ((st_transform(s_660.the_geom, 25833) && st_expand(schw_660.schw, '300'::double precision)) AND (schw_660.schw && st_expand(st_transform(s_660.the_geom, 25833), '300'::double precision)) AND _st_dwithin(st_transform(s_660.the_geom, 25833), schw_660.schw, '300'::double precision))
                           ->  Function Scan on schw_660  (cost=0.00..0.01 rows=1 width=32)
                           ->  Seq Scan on phoml_trajectory_tmp s_660  (cost=0.00..95.68 rows=17 width=40)
                                 Filter: ((unix_time >= '1685451506.505'::double precision) AND (unix_time <= '1685451566.505'::double precision))
   ->  Subquery Scan on "*SELECT* 662"  (cost=97.82..97.83 rows=1 width=76)
         ->  Limit  (cost=97.82..97.82 rows=1 width=84)
               ->  Sort  (cost=97.82..97.82 rows=1 width=84)
                     Sort Key: (st_distance(st_transform(s_661.the_geom, 25833), schw_661.schw))
                     ->  Nested Loop  (cost=0.00..97.81 rows=1 width=84)
                           Join Filter: ((st_transform(s_661.the_geom, 25833) && st_expand(schw_661.schw, '300'::double precision)) AND (schw_661.schw && st_expand(st_transform(s_661.the_geom, 25833), '300'::double precision)) AND _st_dwithin(st_transform(s_661.the_geom, 25833), schw_661.schw, '300'::double precision))
                           ->  Function Scan on schw_661  (cost=0.00..0.01 rows=1 width=32)
                           ->  Seq Scan on phoml_trajectory_tmp s_661  (cost=0.00..95.68 rows=17 width=40)
                                 Filter: ((unix_time >= '1685451506.845'::double precision) AND (unix_time <= '1685451566.845'::double precision))
   ->  Subquery Scan on "*SELECT* 663"  (cost=97.82..97.83 rows=1 width=76)
         ->  Limit  (cost=97.82..97.82 rows=1 width=84)
               ->  Sort  (cost=97.82..97.82 rows=1 width=84)
                     Sort Key: (st_distance(st_transform(s_662.the_geom, 25833), schw_662.schw))
                     ->  Nested Loop  (cost=0.00..97.81 rows=1 width=84)
                           Join Filter: ((st_transform(s_662.the_geom, 25833) && st_expand(schw_662.schw, '300'::double precision)) AND (schw_662.schw && st_expand(st_transform(s_662.the_geom, 25833), '300'::double precision)) AND _st_dwithin(st_transform(s_662.the_geom, 25833), schw_662.schw, '300'::double precision))
                           ->  Function Scan on schw_662  (cost=0.00..0.01 rows=1 width=32)
                           ->  Seq Scan on phoml_trajectory_tmp s_662  (cost=0.00..95.68 rows=17 width=40)
                                 Filter: ((unix_time >= '1685451507.179'::double precision) AND (unix_time <= '1685451567.179'::double precision))
   ->  Subquery Scan on "*SELECT* 664"  (cost=97.82..97.83 rows=1 width=76)
         ->  Limit  (cost=97.82..97.82 rows=1 width=84)
               ->  Sort  (cost=97.82..97.82 rows=1 width=84)
                     Sort Key: (st_distance(st_transform(s_663.the_geom, 25833), schw_663.schw))
                     ->  Nested Loop  (cost=0.00..97.81 rows=1 width=84)
                           Join Filter: ((st_transform(s_663.the_geom, 25833) && st_expand(schw_663.schw, '300'::double precision)) AND (schw_663.schw && st_expand(st_transform(s_663.the_geom, 25833), '300'::double precision)) AND _st_dwithin(st_transform(s_663.the_geom, 25833), schw_663.schw, '300'::double precision))
                           ->  Function Scan on schw_663  (cost=0.00..0.01 rows=1 width=32)
                           ->  Seq Scan on phoml_trajectory_tmp s_663  (cost=0.00..95.68 rows=17 width=40)
                                 Filter: ((unix_time >= '1685451507.509'::double precision) AND (unix_time <= '1685451567.509'::double precision))
   ->  Subquery Scan on "*SELECT* 665"  (cost=97.82..97.83 rows=1 width=76)
         ->  Limit  (cost=97.82..97.82 rows=1 width=84)
               ->  Sort  (cost=97.82..97.82 rows=1 width=84)
                     Sort Key: (st_distance(st_transform(s_664.the_geom, 25833), schw_664.schw))
                     ->  Nested Loop  (cost=0.00..97.81 rows=1 width=84)
                           Join Filter: ((st_transform(s_664.the_geom, 25833) && st_expand(schw_664.schw, '300'::double precision)) AND (schw_664.schw && st_expand(st_transform(s_664.the_geom, 25833), '300'::double precision)) AND _st_dwithin(st_transform(s_664.the_geom, 25833), schw_664.schw, '300'::double precision))
                           ->  Function Scan on schw_664  (cost=0.00..0.01 rows=1 width=32)
                           ->  Seq Scan on phoml_trajectory_tmp s_664  (cost=0.00..95.68 rows=17 width=40)
                                 Filter: ((unix_time >= '1685451507.859'::double precision) AND (unix_time <= '1685451567.859'::double precision))
   ->  Subquery Scan on "*SELECT* 666"  (cost=97.82..97.83 rows=1 width=76)
         ->  Limit  (cost=97.82..97.82 rows=1 width=84)
               ->  Sort  (cost=97.82..97.82 rows=1 width=84)
                     Sort Key: (st_distance(st_transform(s_665.the_geom, 25833), schw_665.schw))
                     ->  Nested Loop  (cost=0.00..97.81 rows=1 width=84)
                           Join Filter: ((st_transform(s_665.the_geom, 25833) && st_expand(schw_665.schw, '300'::double precision)) AND (schw_665.schw && st_expand(st_transform(s_665.the_geom, 25833), '300'::double precision)) AND _st_dwithin(st_transform(s_665.the_geom, 25833), schw_665.schw, '300'::double precision))
                           ->  Function Scan on schw_665  (cost=0.00..0.01 rows=1 width=32)
                           ->  Seq Scan on phoml_trajectory_tmp s_665  (cost=0.00..95.68 rows=17 width=40)
                                 Filter: ((unix_time >= '1685451508.191'::double precision) AND (unix_time <= '1685451568.191'::double precision))
   ->  Subquery Scan on "*SELECT* 667"  (cost=97.82..97.83 rows=1 width=76)
         ->  Limit  (cost=97.82..97.82 rows=1 width=84)
               ->  Sort  (cost=97.82..97.82 rows=1 width=84)
                     Sort Key: (st_distance(st_transform(s_666.the_geom, 25833), schw_666.schw))
                     ->  Nested Loop  (cost=0.00..97.81 rows=1 width=84)
                           Join Filter: ((st_transform(s_666.the_geom, 25833) && st_expand(schw_666.schw, '300'::double precision)) AND (schw_666.schw && st_expand(st_transform(s_666.the_geom, 25833), '300'::double precision)) AND _st_dwithin(st_transform(s_666.the_geom, 25833), schw_666.schw, '300'::double precision))
                           ->  Function Scan on schw_666  (cost=0.00..0.01 rows=1 width=32)
                           ->  Seq Scan on phoml_trajectory_tmp s_666  (cost=0.00..95.68 rows=17 width=40)
                                 Filter: ((unix_time >= '1685451508.511'::double precision) AND (unix_time <= '1685451568.511'::double precision))
   ->  Subquery Scan on "*SELECT* 668"  (cost=97.82..97.83 rows=1 width=76)
         ->  Limit  (cost=97.82..97.82 rows=1 width=84)
               ->  Sort  (cost=97.82..97.82 rows=1 width=84)
                     Sort Key: (st_distance(st_transform(s_667.the_geom, 25833), schw_667.schw))
                     ->  Nested Loop  (cost=0.00..97.81 rows=1 width=84)
                           Join Filter: ((st_transform(s_667.the_geom, 25833) && st_expand(schw_667.schw, '300'::double precision)) AND (schw_667.schw && st_expand(st_transform(s_667.the_geom, 25833), '300'::double precision)) AND _st_dwithin(st_transform(s_667.the_geom, 25833), schw_667.schw, '300'::double precision))
                           ->  Function Scan on schw_667  (cost=0.00..0.01 rows=1 width=32)
                           ->  Seq Scan on phoml_trajectory_tmp s_667  (cost=0.00..95.68 rows=17 width=40)
                                 Filter: ((unix_time >= '1685451508.861'::double precision) AND (unix_time <= '1685451568.861'::double precision))
   ->  Subquery Scan on "*SELECT* 669"  (cost=97.82..97.83 rows=1 width=76)
         ->  Limit  (cost=97.82..97.82 rows=1 width=84)
               ->  Sort  (cost=97.82..97.82 rows=1 width=84)
                     Sort Key: (st_distance(st_transform(s_668.the_geom, 25833), schw_668.schw))
                     ->  Nested Loop  (cost=0.00..97.81 rows=1 width=84)
                           Join Filter: ((st_transform(s_668.the_geom, 25833) && st_expand(schw_668.schw, '300'::double precision)) AND (schw_668.schw && st_expand(st_transform(s_668.the_geom, 25833), '300'::double precision)) AND _st_dwithin(st_transform(s_668.the_geom, 25833), schw_668.schw, '300'::double precision))
                           ->  Function Scan on schw_668  (cost=0.00..0.01 rows=1 width=32)
                           ->  Seq Scan on phoml_trajectory_tmp s_668  (cost=0.00..95.68 rows=17 width=40)
                                 Filter: ((unix_time >= '1685451509.195'::double precision) AND (unix_time <= '1685451569.195'::double precision))
   ->  Subquery Scan on "*SELECT* 670"  (cost=97.82..97.83 rows=1 width=76)
         ->  Limit  (cost=97.82..97.82 rows=1 width=84)
               ->  Sort  (cost=97.82..97.82 rows=1 width=84)
                     Sort Key: (st_distance(st_transform(s_669.the_geom, 25833), schw_669.schw))
                     ->  Nested Loop  (cost=0.00..97.81 rows=1 width=84)
                           Join Filter: ((st_transform(s_669.the_geom, 25833) && st_expand(schw_669.schw, '300'::double precision)) AND (schw_669.schw && st_expand(st_transform(s_669.the_geom, 25833), '300'::double precision)) AND _st_dwithin(st_transform(s_669.the_geom, 25833), schw_669.schw, '300'::double precision))
                           ->  Function Scan on schw_669  (cost=0.00..0.01 rows=1 width=32)
                           ->  Seq Scan on phoml_trajectory_tmp s_669  (cost=0.00..95.68 rows=17 width=40)
                                 Filter: ((unix_time >= '1685451509.535'::double precision) AND (unix_time <= '1685451569.535'::double precision))
   ->  Subquery Scan on "*SELECT* 671"  (cost=97.82..97.83 rows=1 width=76)
         ->  Limit  (cost=97.82..97.82 rows=1 width=84)
               ->  Sort  (cost=97.82..97.82 rows=1 width=84)
                     Sort Key: (st_distance(st_transform(s_670.the_geom, 25833), schw_670.schw))
                     ->  Nested Loop  (cost=0.00..97.81 rows=1 width=84)
                           Join Filter: ((st_transform(s_670.the_geom, 25833) && st_expand(schw_670.schw, '300'::double precision)) AND (schw_670.schw && st_expand(st_transform(s_670.the_geom, 25833), '300'::double precision)) AND _st_dwithin(st_transform(s_670.the_geom, 25833), schw_670.schw, '300'::double precision))
                           ->  Function Scan on schw_670  (cost=0.00..0.01 rows=1 width=32)
                           ->  Seq Scan on phoml_trajectory_tmp s_670  (cost=0.00..95.68 rows=17 width=40)
                                 Filter: ((unix_time >= '1685451509.865'::double precision) AND (unix_time <= '1685451569.865'::double precision))
   ->  Subquery Scan on "*SELECT* 672"  (cost=97.82..97.83 rows=1 width=76)
         ->  Limit  (cost=97.82..97.82 rows=1 width=84)
               ->  Sort  (cost=97.82..97.82 rows=1 width=84)
                     Sort Key: (st_distance(st_transform(s_671.the_geom, 25833), schw_671.schw))
                     ->  Nested Loop  (cost=0.00..97.81 rows=1 width=84)
                           Join Filter: ((st_transform(s_671.the_geom, 25833) && st_expand(schw_671.schw, '300'::double precision)) AND (schw_671.schw && st_expand(st_transform(s_671.the_geom, 25833), '300'::double precision)) AND _st_dwithin(st_transform(s_671.the_geom, 25833), schw_671.schw, '300'::double precision))
                           ->  Function Scan on schw_671  (cost=0.00..0.01 rows=1 width=32)
                           ->  Seq Scan on phoml_trajectory_tmp s_671  (cost=0.00..95.68 rows=17 width=40)
                                 Filter: ((unix_time >= '1685451510.2'::double precision) AND (unix_time <= '1685451570.2'::double precision))
   ->  Subquery Scan on "*SELECT* 673"  (cost=97.82..97.83 rows=1 width=76)
         ->  Limit  (cost=97.82..97.82 rows=1 width=84)
               ->  Sort  (cost=97.82..97.82 rows=1 width=84)
                     Sort Key: (st_distance(st_transform(s_672.the_geom, 25833), schw_672.schw))
                     ->  Nested Loop  (cost=0.00..97.81 rows=1 width=84)
                           Join Filter: ((st_transform(s_672.the_geom, 25833) && st_expand(schw_672.schw, '300'::double precision)) AND (schw_672.schw && st_expand(st_transform(s_672.the_geom, 25833), '300'::double precision)) AND _st_dwithin(st_transform(s_672.the_geom, 25833), schw_672.schw, '300'::double precision))
                           ->  Function Scan on schw_672  (cost=0.00..0.01 rows=1 width=32)
                           ->  Seq Scan on phoml_trajectory_tmp s_672  (cost=0.00..95.68 rows=17 width=40)
                                 Filter: ((unix_time >= '1685451510.53'::double precision) AND (unix_time <= '1685451570.53'::double precision))
   ->  Subquery Scan on "*SELECT* 674"  (cost=97.82..97.83 rows=1 width=76)
         ->  Limit  (cost=97.82..97.82 rows=1 width=84)
               ->  Sort  (cost=97.82..97.82 rows=1 width=84)
                     Sort Key: (st_distance(st_transform(s_673.the_geom, 25833), schw_673.schw))
                     ->  Nested Loop  (cost=0.00..97.81 rows=1 width=84)
                           Join Filter: ((st_transform(s_673.the_geom, 25833) && st_expand(schw_673.schw, '300'::double precision)) AND (schw_673.schw && st_expand(st_transform(s_673.the_geom, 25833), '300'::double precision)) AND _st_dwithin(st_transform(s_673.the_geom, 25833), schw_673.schw, '300'::double precision))
                           ->  Function Scan on schw_673  (cost=0.00..0.01 rows=1 width=32)
                           ->  Seq Scan on phoml_trajectory_tmp s_673  (cost=0.00..95.68 rows=17 width=40)
                                 Filter: ((unix_time >= '1685451510.87'::double precision) AND (unix_time <= '1685451570.87'::double precision))
   ->  Subquery Scan on "*SELECT* 675"  (cost=97.82..97.83 rows=1 width=76)
         ->  Limit  (cost=97.82..97.82 rows=1 width=84)
               ->  Sort  (cost=97.82..97.82 rows=1 width=84)
                     Sort Key: (st_distance(st_transform(s_674.the_geom, 25833), schw_674.schw))
                     ->  Nested Loop  (cost=0.00..97.81 rows=1 width=84)
                           Join Filter: ((st_transform(s_674.the_geom, 25833) && st_expand(schw_674.schw, '300'::double precision)) AND (schw_674.schw && st_expand(st_transform(s_674.the_geom, 25833), '300'::double precision)) AND _st_dwithin(st_transform(s_674.the_geom, 25833), schw_674.schw, '300'::double precision))
                           ->  Function Scan on schw_674  (cost=0.00..0.01 rows=1 width=32)
                           ->  Seq Scan on phoml_trajectory_tmp s_674  (cost=0.00..95.68 rows=17 width=40)
                                 Filter: ((unix_time >= '1685451511.194'::double precision) AND (unix_time <= '1685451571.194'::double precision))
   ->  Subquery Scan on "*SELECT* 676"  (cost=97.82..97.83 rows=1 width=76)
         ->  Limit  (cost=97.82..97.82 rows=1 width=84)
               ->  Sort  (cost=97.82..97.82 rows=1 width=84)
                     Sort Key: (st_distance(st_transform(s_675.the_geom, 25833), schw_675.schw))
                     ->  Nested Loop  (cost=0.00..97.81 rows=1 width=84)
                           Join Filter: ((st_transform(s_675.the_geom, 25833) && st_expand(schw_675.schw, '300'::double precision)) AND (schw_675.schw && st_expand(st_transform(s_675.the_geom, 25833), '300'::double precision)) AND _st_dwithin(st_transform(s_675.the_geom, 25833), schw_675.schw, '300'::double precision))
                           ->  Function Scan on schw_675  (cost=0.00..0.01 rows=1 width=32)
                           ->  Seq Scan on phoml_trajectory_tmp s_675  (cost=0.00..95.68 rows=17 width=40)
                                 Filter: ((unix_time >= '1685451511.534'::double precision) AND (unix_time <= '1685451571.534'::double precision))
   ->  Subquery Scan on "*SELECT* 677"  (cost=97.82..97.83 rows=1 width=76)
         ->  Limit  (cost=97.82..97.82 rows=1 width=84)
               ->  Sort  (cost=97.82..97.82 rows=1 width=84)
                     Sort Key: (st_distance(st_transform(s_676.the_geom, 25833), schw_676.schw))
                     ->  Nested Loop  (cost=0.00..97.81 rows=1 width=84)
                           Join Filter: ((st_transform(s_676.the_geom, 25833) && st_expand(schw_676.schw, '300'::double precision)) AND (schw_676.schw && st_expand(st_transform(s_676.the_geom, 25833), '300'::double precision)) AND _st_dwithin(st_transform(s_676.the_geom, 25833), schw_676.schw, '300'::double precision))
                           ->  Function Scan on schw_676  (cost=0.00..0.01 rows=1 width=32)
                           ->  Seq Scan on phoml_trajectory_tmp s_676  (cost=0.00..95.68 rows=17 width=40)
                                 Filter: ((unix_time >= '1685451511.864'::double precision) AND (unix_time <= '1685451571.864'::double precision))
   ->  Subquery Scan on "*SELECT* 678"  (cost=97.82..97.83 rows=1 width=76)
         ->  Limit  (cost=97.82..97.82 rows=1 width=84)
               ->  Sort  (cost=97.82..97.82 rows=1 width=84)
                     Sort Key: (st_distance(st_transform(s_677.the_geom, 25833), schw_677.schw))
                     ->  Nested Loop  (cost=0.00..97.81 rows=1 width=84)
                           Join Filter: ((st_transform(s_677.the_geom, 25833) && st_expand(schw_677.schw, '300'::double precision)) AND (schw_677.schw && st_expand(st_transform(s_677.the_geom, 25833), '300'::double precision)) AND _st_dwithin(st_transform(s_677.the_geom, 25833), schw_677.schw, '300'::double precision))
                           ->  Function Scan on schw_677  (cost=0.00..0.01 rows=1 width=32)
                           ->  Seq Scan on phoml_trajectory_tmp s_677  (cost=0.00..95.68 rows=17 width=40)
                                 Filter: ((unix_time >= '1685451512.199'::double precision) AND (unix_time <= '1685451572.199'::double precision))
   ->  Subquery Scan on "*SELECT* 679"  (cost=97.82..97.83 rows=1 width=76)
         ->  Limit  (cost=97.82..97.82 rows=1 width=84)
               ->  Sort  (cost=97.82..97.82 rows=1 width=84)
                     Sort Key: (st_distance(st_transform(s_678.the_geom, 25833), schw_678.schw))
                     ->  Nested Loop  (cost=0.00..97.81 rows=1 width=84)
                           Join Filter: ((st_transform(s_678.the_geom, 25833) && st_expand(schw_678.schw, '300'::double precision)) AND (schw_678.schw && st_expand(st_transform(s_678.the_geom, 25833), '300'::double precision)) AND _st_dwithin(st_transform(s_678.the_geom, 25833), schw_678.schw, '300'::double precision))
                           ->  Function Scan on schw_678  (cost=0.00..0.01 rows=1 width=32)
                           ->  Seq Scan on phoml_trajectory_tmp s_678  (cost=0.00..95.68 rows=17 width=40)
                                 Filter: ((unix_time >= '1685451512.539'::double precision) AND (unix_time <= '1685451572.539'::double precision))
   ->  Subquery Scan on "*SELECT* 680"  (cost=97.82..97.83 rows=1 width=76)
         ->  Limit  (cost=97.82..97.82 rows=1 width=84)
               ->  Sort  (cost=97.82..97.82 rows=1 width=84)
                     Sort Key: (st_distance(st_transform(s_679.the_geom, 25833), schw_679.schw))
                     ->  Nested Loop  (cost=0.00..97.81 rows=1 width=84)
                           Join Filter: ((st_transform(s_679.the_geom, 25833) && st_expand(schw_679.schw, '300'::double precision)) AND (schw_679.schw && st_expand(st_transform(s_679.the_geom, 25833), '300'::double precision)) AND _st_dwithin(st_transform(s_679.the_geom, 25833), schw_679.schw, '300'::double precision))
                           ->  Function Scan on schw_679  (cost=0.00..0.01 rows=1 width=32)
                           ->  Seq Scan on phoml_trajectory_tmp s_679  (cost=0.00..95.68 rows=17 width=40)
                                 Filter: ((unix_time >= '1685451512.889'::double precision) AND (unix_time <= '1685451572.889'::double precision))
   ->  Subquery Scan on "*SELECT* 681"  (cost=97.82..97.83 rows=1 width=76)
         ->  Limit  (cost=97.82..97.82 rows=1 width=84)
               ->  Sort  (cost=97.82..97.82 rows=1 width=84)
                     Sort Key: (st_distance(st_transform(s_680.the_geom, 25833), schw_680.schw))
                     ->  Nested Loop  (cost=0.00..97.81 rows=1 width=84)
                           Join Filter: ((st_transform(s_680.the_geom, 25833) && st_expand(schw_680.schw, '300'::double precision)) AND (schw_680.schw && st_expand(st_transform(s_680.the_geom, 25833), '300'::double precision)) AND _st_dwithin(st_transform(s_680.the_geom, 25833), schw_680.schw, '300'::double precision))
                           ->  Function Scan on schw_680  (cost=0.00..0.01 rows=1 width=32)
                           ->  Seq Scan on phoml_trajectory_tmp s_680  (cost=0.00..95.68 rows=17 width=40)
                                 Filter: ((unix_time >= '1685451513.247'::double precision) AND (unix_time <= '1685451573.247'::double precision))
   ->  Subquery Scan on "*SELECT* 682"  (cost=97.82..97.83 rows=1 width=76)
         ->  Limit  (cost=97.82..97.82 rows=1 width=84)
               ->  Sort  (cost=97.82..97.82 rows=1 width=84)
                     Sort Key: (st_distance(st_transform(s_681.the_geom, 25833), schw_681.schw))
                     ->  Nested Loop  (cost=0.00..97.81 rows=1 width=84)
                           Join Filter: ((st_transform(s_681.the_geom, 25833) && st_expand(schw_681.schw, '300'::double precision)) AND (schw_681.schw && st_expand(st_transform(s_681.the_geom, 25833), '300'::double precision)) AND _st_dwithin(st_transform(s_681.the_geom, 25833), schw_681.schw, '300'::double precision))
                           ->  Function Scan on schw_681  (cost=0.00..0.01 rows=1 width=32)
                           ->  Seq Scan on phoml_trajectory_tmp s_681  (cost=0.00..95.68 rows=17 width=40)
                                 Filter: ((unix_time >= '1685451513.607'::double precision) AND (unix_time <= '1685451573.607'::double precision))
   ->  Subquery Scan on "*SELECT* 683"  (cost=97.82..97.83 rows=1 width=76)
         ->  Limit  (cost=97.82..97.82 rows=1 width=84)
               ->  Sort  (cost=97.82..97.82 rows=1 width=84)
                     Sort Key: (st_distance(st_transform(s_682.the_geom, 25833), schw_682.schw))
                     ->  Nested Loop  (cost=0.00..97.81 rows=1 width=84)
                           Join Filter: ((st_transform(s_682.the_geom, 25833) && st_expand(schw_682.schw, '300'::double precision)) AND (schw_682.schw && st_expand(st_transform(s_682.the_geom, 25833), '300'::double precision)) AND _st_dwithin(st_transform(s_682.the_geom, 25833), schw_682.schw, '300'::double precision))
                           ->  Function Scan on schw_682  (cost=0.00..0.01 rows=1 width=32)
                           ->  Seq Scan on phoml_trajectory_tmp s_682  (cost=0.00..95.68 rows=17 width=40)
                                 Filter: ((unix_time >= '1685451513.997'::double precision) AND (unix_time <= '1685451573.997'::double precision))
   ->  Subquery Scan on "*SELECT* 684"  (cost=97.82..97.83 rows=1 width=76)
         ->  Limit  (cost=97.82..97.82 rows=1 width=84)
               ->  Sort  (cost=97.82..97.82 rows=1 width=84)
                     Sort Key: (st_distance(st_transform(s_683.the_geom, 25833), schw_683.schw))
                     ->  Nested Loop  (cost=0.00..97.81 rows=1 width=84)
                           Join Filter: ((st_transform(s_683.the_geom, 25833) && st_expand(schw_683.schw, '300'::double precision)) AND (schw_683.schw && st_expand(st_transform(s_683.the_geom, 25833), '300'::double precision)) AND _st_dwithin(st_transform(s_683.the_geom, 25833), schw_683.schw, '300'::double precision))
                           ->  Function Scan on schw_683  (cost=0.00..0.01 rows=1 width=32)
                           ->  Seq Scan on phoml_trajectory_tmp s_683  (cost=0.00..95.68 rows=17 width=40)
                                 Filter: ((unix_time >= '1685451514.407'::double precision) AND (unix_time <= '1685451574.407'::double precision))
   ->  Subquery Scan on "*SELECT* 685"  (cost=97.82..97.83 rows=1 width=76)
         ->  Limit  (cost=97.82..97.82 rows=1 width=84)
               ->  Sort  (cost=97.82..97.82 rows=1 width=84)
                     Sort Key: (st_distance(st_transform(s_684.the_geom, 25833), schw_684.schw))
                     ->  Nested Loop  (cost=0.00..97.81 rows=1 width=84)
                           Join Filter: ((st_transform(s_684.the_geom, 25833) && st_expand(schw_684.schw, '300'::double precision)) AND (schw_684.schw && st_expand(st_transform(s_684.the_geom, 25833), '300'::double precision)) AND _st_dwithin(st_transform(s_684.the_geom, 25833), schw_684.schw, '300'::double precision))
                           ->  Function Scan on schw_684  (cost=0.00..0.01 rows=1 width=32)
                           ->  Seq Scan on phoml_trajectory_tmp s_684  (cost=0.00..95.68 rows=17 width=40)
                                 Filter: ((unix_time >= '1685451514.847'::double precision) AND (unix_time <= '1685451574.847'::double precision))
   ->  Subquery Scan on "*SELECT* 686"  (cost=97.82..97.83 rows=1 width=76)
         ->  Limit  (cost=97.82..97.82 rows=1 width=84)
               ->  Sort  (cost=97.82..97.82 rows=1 width=84)
                     Sort Key: (st_distance(st_transform(s_685.the_geom, 25833), schw_685.schw))
                     ->  Nested Loop  (cost=0.00..97.81 rows=1 width=84)
                           Join Filter: ((st_transform(s_685.the_geom, 25833) && st_expand(schw_685.schw, '300'::double precision)) AND (schw_685.schw && st_expand(st_transform(s_685.the_geom, 25833), '300'::double precision)) AND _st_dwithin(st_transform(s_685.the_geom, 25833), schw_685.schw, '300'::double precision))
                           ->  Function Scan on schw_685  (cost=0.00..0.01 rows=1 width=32)
                           ->  Seq Scan on phoml_trajectory_tmp s_685  (cost=0.00..95.68 rows=17 width=40)
                                 Filter: ((unix_time >= '1685451515.317'::double precision) AND (unix_time <= '1685451575.317'::double precision))
   ->  Subquery Scan on "*SELECT* 687"  (cost=97.82..97.83 rows=1 width=76)
         ->  Limit  (cost=97.82..97.82 rows=1 width=84)
               ->  Sort  (cost=97.82..97.82 rows=1 width=84)
                     Sort Key: (st_distance(st_transform(s_686.the_geom, 25833), schw_686.schw))
                     ->  Nested Loop  (cost=0.00..97.81 rows=1 width=84)
                           Join Filter: ((st_transform(s_686.the_geom, 25833) && st_expand(schw_686.schw, '300'::double precision)) AND (schw_686.schw && st_expand(st_transform(s_686.the_geom, 25833), '300'::double precision)) AND _st_dwithin(st_transform(s_686.the_geom, 25833), schw_686.schw, '300'::double precision))
                           ->  Function Scan on schw_686  (cost=0.00..0.01 rows=1 width=32)
                           ->  Seq Scan on phoml_trajectory_tmp s_686  (cost=0.00..95.68 rows=17 width=40)
                                 Filter: ((unix_time >= '1685451515.837'::double precision) AND (unix_time <= '1685451575.837'::double precision))
   ->  Subquery Scan on "*SELECT* 688"  (cost=97.82..97.83 rows=1 width=76)
         ->  Limit  (cost=97.82..97.82 rows=1 width=84)
               ->  Sort  (cost=97.82..97.82 rows=1 width=84)
                     Sort Key: (st_distance(st_transform(s_687.the_geom, 25833), schw_687.schw))
                     ->  Nested Loop  (cost=0.00..97.81 rows=1 width=84)
                           Join Filter: ((st_transform(s_687.the_geom, 25833) && st_expand(schw_687.schw, '300'::double precision)) AND (schw_687.schw && st_expand(st_transform(s_687.the_geom, 25833), '300'::double precision)) AND _st_dwithin(st_transform(s_687.the_geom, 25833), schw_687.schw, '300'::double precision))
                           ->  Function Scan on schw_687  (cost=0.00..0.01 rows=1 width=32)
                           ->  Seq Scan on phoml_trajectory_tmp s_687  (cost=0.00..95.68 rows=17 width=40)
                                 Filter: ((unix_time >= '1685451516.386'::double precision) AND (unix_time <= '1685451576.386'::double precision))
   ->  Subquery Scan on "*SELECT* 689"  (cost=97.82..97.83 rows=1 width=76)
         ->  Limit  (cost=97.82..97.82 rows=1 width=84)
               ->  Sort  (cost=97.82..97.82 rows=1 width=84)
                     Sort Key: (st_distance(st_transform(s_688.the_geom, 25833), schw_688.schw))
                     ->  Nested Loop  (cost=0.00..97.81 rows=1 width=84)
                           Join Filter: ((st_transform(s_688.the_geom, 25833) && st_expand(schw_688.schw, '300'::double precision)) AND (schw_688.schw && st_expand(st_transform(s_688.the_geom, 25833), '300'::double precision)) AND _st_dwithin(st_transform(s_688.the_geom, 25833), schw_688.schw, '300'::double precision))
                           ->  Function Scan on schw_688  (cost=0.00..0.01 rows=1 width=32)
                           ->  Seq Scan on phoml_trajectory_tmp s_688  (cost=0.00..95.68 rows=17 width=40)
                                 Filter: ((unix_time >= '1685451516.956'::double precision) AND (unix_time <= '1685451576.956'::double precision))
   ->  Subquery Scan on "*SELECT* 690"  (cost=97.82..97.83 rows=1 width=76)
         ->  Limit  (cost=97.82..97.82 rows=1 width=84)
               ->  Sort  (cost=97.82..97.82 rows=1 width=84)
                     Sort Key: (st_distance(st_transform(s_689.the_geom, 25833), schw_689.schw))
                     ->  Nested Loop  (cost=0.00..97.81 rows=1 width=84)
                           Join Filter: ((st_transform(s_689.the_geom, 25833) && st_expand(schw_689.schw, '300'::double precision)) AND (schw_689.schw && st_expand(st_transform(s_689.the_geom, 25833), '300'::double precision)) AND _st_dwithin(st_transform(s_689.the_geom, 25833), schw_689.schw, '300'::double precision))
                           ->  Function Scan on schw_689  (cost=0.00..0.01 rows=1 width=32)
                           ->  Seq Scan on phoml_trajectory_tmp s_689  (cost=0.00..95.68 rows=17 width=40)
                                 Filter: ((unix_time >= '1685451517.543'::double precision) AND (unix_time <= '1685451577.543'::double precision))
   ->  Subquery Scan on "*SELECT* 691"  (cost=97.82..97.83 rows=1 width=76)
         ->  Limit  (cost=97.82..97.82 rows=1 width=84)
               ->  Sort  (cost=97.82..97.82 rows=1 width=84)
                     Sort Key: (st_distance(st_transform(s_690.the_geom, 25833), schw_690.schw))
                     ->  Nested Loop  (cost=0.00..97.81 rows=1 width=84)
                           Join Filter: ((st_transform(s_690.the_geom, 25833) && st_expand(schw_690.schw, '300'::double precision)) AND (schw_690.schw && st_expand(st_transform(s_690.the_geom, 25833), '300'::double precision)) AND _st_dwithin(st_transform(s_690.the_geom, 25833), schw_690.schw, '300'::double precision))
                           ->  Function Scan on schw_690  (cost=0.00..0.01 rows=1 width=32)
                           ->  Seq Scan on phoml_trajectory_tmp s_690  (cost=0.00..95.68 rows=17 width=40)
                                 Filter: ((unix_time >= '1685451518.159'::double precision) AND (unix_time <= '1685451578.159'::double precision))
   ->  Subquery Scan on "*SELECT* 692"  (cost=97.82..97.83 rows=1 width=76)
         ->  Limit  (cost=97.82..97.82 rows=1 width=84)
               ->  Sort  (cost=97.82..97.82 rows=1 width=84)
                     Sort Key: (st_distance(st_transform(s_691.the_geom, 25833), schw_691.schw))
                     ->  Nested Loop  (cost=0.00..97.81 rows=1 width=84)
                           Join Filter: ((st_transform(s_691.the_geom, 25833) && st_expand(schw_691.schw, '300'::double precision)) AND (schw_691.schw && st_expand(st_transform(s_691.the_geom, 25833), '300'::double precision)) AND _st_dwithin(st_transform(s_691.the_geom, 25833), schw_691.schw, '300'::double precision))
                           ->  Function Scan on schw_691  (cost=0.00..0.01 rows=1 width=32)
                           ->  Seq Scan on phoml_trajectory_tmp s_691  (cost=0.00..95.68 rows=17 width=40)
                                 Filter: ((unix_time >= '1685451518.789'::double precision) AND (unix_time <= '1685451578.789'::double precision))
   ->  Subquery Scan on "*SELECT* 693"  (cost=97.82..97.83 rows=1 width=76)
         ->  Limit  (cost=97.82..97.82 rows=1 width=84)
               ->  Sort  (cost=97.82..97.82 rows=1 width=84)
                     Sort Key: (st_distance(st_transform(s_692.the_geom, 25833), schw_692.schw))
                     ->  Nested Loop  (cost=0.00..97.81 rows=1 width=84)
                           Join Filter: ((st_transform(s_692.the_geom, 25833) && st_expand(schw_692.schw, '300'::double precision)) AND (schw_692.schw && st_expand(st_transform(s_692.the_geom, 25833), '300'::double precision)) AND _st_dwithin(st_transform(s_692.the_geom, 25833), schw_692.schw, '300'::double precision))
                           ->  Function Scan on schw_692  (cost=0.00..0.01 rows=1 width=32)
                           ->  Seq Scan on phoml_trajectory_tmp s_692  (cost=0.00..95.68 rows=17 width=40)
                                 Filter: ((unix_time >= '1685451519.433'::double precision) AND (unix_time <= '1685451579.433'::double precision))
   ->  Subquery Scan on "*SELECT* 694"  (cost=97.82..97.83 rows=1 width=76)
         ->  Limit  (cost=97.82..97.82 rows=1 width=84)
               ->  Sort  (cost=97.82..97.82 rows=1 width=84)
                     Sort Key: (st_distance(st_transform(s_693.the_geom, 25833), schw_693.schw))
                     ->  Nested Loop  (cost=0.00..97.81 rows=1 width=84)
                           Join Filter: ((st_transform(s_693.the_geom, 25833) && st_expand(schw_693.schw, '300'::double precision)) AND (schw_693.schw && st_expand(st_transform(s_693.the_geom, 25833), '300'::double precision)) AND _st_dwithin(st_transform(s_693.the_geom, 25833), schw_693.schw, '300'::double precision))
                           ->  Function Scan on schw_693  (cost=0.00..0.01 rows=1 width=32)
                           ->  Seq Scan on phoml_trajectory_tmp s_693  (cost=0.00..95.68 rows=17 width=40)
                                 Filter: ((unix_time >= '1685451520.093'::double precision) AND (unix_time <= '1685451580.093'::double precision))
   ->  Subquery Scan on "*SELECT* 695"  (cost=97.82..97.83 rows=1 width=76)
         ->  Limit  (cost=97.82..97.82 rows=1 width=84)
               ->  Sort  (cost=97.82..97.82 rows=1 width=84)
                     Sort Key: (st_distance(st_transform(s_694.the_geom, 25833), schw_694.schw))
                     ->  Nested Loop  (cost=0.00..97.81 rows=1 width=84)
                           Join Filter: ((st_transform(s_694.the_geom, 25833) && st_expand(schw_694.schw, '300'::double precision)) AND (schw_694.schw && st_expand(st_transform(s_694.the_geom, 25833), '300'::double precision)) AND _st_dwithin(st_transform(s_694.the_geom, 25833), schw_694.schw, '300'::double precision))
                           ->  Function Scan on schw_694  (cost=0.00..0.01 rows=1 width=32)
                           ->  Seq Scan on phoml_trajectory_tmp s_694  (cost=0.00..95.68 rows=17 width=40)
                                 Filter: ((unix_time >= '1685451520.776'::double precision) AND (unix_time <= '1685451580.776'::double precision))
   ->  Subquery Scan on "*SELECT* 696"  (cost=97.82..97.83 rows=1 width=76)
         ->  Limit  (cost=97.82..97.82 rows=1 width=84)
               ->  Sort  (cost=97.82..97.82 rows=1 width=84)
                     Sort Key: (st_distance(st_transform(s_695.the_geom, 25833), schw_695.schw))
                     ->  Nested Loop  (cost=0.00..97.81 rows=1 width=84)
                           Join Filter: ((st_transform(s_695.the_geom, 25833) && st_expand(schw_695.schw, '300'::double precision)) AND (schw_695.schw && st_expand(st_transform(s_695.the_geom, 25833), '300'::double precision)) AND _st_dwithin(st_transform(s_695.the_geom, 25833), schw_695.schw, '300'::double precision))
                           ->  Function Scan on schw_695  (cost=0.00..0.01 rows=1 width=32)
                           ->  Seq Scan on phoml_trajectory_tmp s_695  (cost=0.00..95.68 rows=17 width=40)
                                 Filter: ((unix_time >= '1685451521.466'::double precision) AND (unix_time <= '1685451581.466'::double precision))
   ->  Subquery Scan on "*SELECT* 697"  (cost=97.82..97.83 rows=1 width=76)
         ->  Limit  (cost=97.82..97.82 rows=1 width=84)
               ->  Sort  (cost=97.82..97.82 rows=1 width=84)
                     Sort Key: (st_distance(st_transform(s_696.the_geom, 25833), schw_696.schw))
                     ->  Nested Loop  (cost=0.00..97.81 rows=1 width=84)
                           Join Filter: ((st_transform(s_696.the_geom, 25833) && st_expand(schw_696.schw, '300'::double precision)) AND (schw_696.schw && st_expand(st_transform(s_696.the_geom, 25833), '300'::double precision)) AND _st_dwithin(st_transform(s_696.the_geom, 25833), schw_696.schw, '300'::double precision))
                           ->  Function Scan on schw_696  (cost=0.00..0.01 rows=1 width=32)
                           ->  Seq Scan on phoml_trajectory_tmp s_696  (cost=0.00..95.68 rows=17 width=40)
                                 Filter: ((unix_time >= '1685451522.178'::double precision) AND (unix_time <= '1685451582.178'::double precision))
   ->  Subquery Scan on "*SELECT* 698"  (cost=97.82..97.83 rows=1 width=76)
         ->  Limit  (cost=97.82..97.82 rows=1 width=84)
               ->  Sort  (cost=97.82..97.82 rows=1 width=84)
                     Sort Key: (st_distance(st_transform(s_697.the_geom, 25833), schw_697.schw))
                     ->  Nested Loop  (cost=0.00..97.81 rows=1 width=84)
                           Join Filter: ((st_transform(s_697.the_geom, 25833) && st_expand(schw_697.schw, '300'::double precision)) AND (schw_697.schw && st_expand(st_transform(s_697.the_geom, 25833), '300'::double precision)) AND _st_dwithin(st_transform(s_697.the_geom, 25833), schw_697.schw, '300'::double precision))
                           ->  Function Scan on schw_697  (cost=0.00..0.01 rows=1 width=32)
                           ->  Seq Scan on phoml_trajectory_tmp s_697  (cost=0.00..95.68 rows=17 width=40)
                                 Filter: ((unix_time >= '1685451522.918'::double precision) AND (unix_time <= '1685451582.918'::double precision))
   ->  Subquery Scan on "*SELECT* 699"  (cost=97.82..97.83 rows=1 width=76)
         ->  Limit  (cost=97.82..97.82 rows=1 width=84)
               ->  Sort  (cost=97.82..97.82 rows=1 width=84)
                     Sort Key: (st_distance(st_transform(s_698.the_geom, 25833), schw_698.schw))
                     ->  Nested Loop  (cost=0.00..97.81 rows=1 width=84)
                           Join Filter: ((st_transform(s_698.the_geom, 25833) && st_expand(schw_698.schw, '300'::double precision)) AND (schw_698.schw && st_expand(st_transform(s_698.the_geom, 25833), '300'::double precision)) AND _st_dwithin(st_transform(s_698.the_geom, 25833), schw_698.schw, '300'::double precision))
                           ->  Function Scan on schw_698  (cost=0.00..0.01 rows=1 width=32)
                           ->  Seq Scan on phoml_trajectory_tmp s_698  (cost=0.00..95.68 rows=17 width=40)
                                 Filter: ((unix_time >= '1685451523.622'::double precision) AND (unix_time <= '1685451583.622'::double precision))
   ->  Subquery Scan on "*SELECT* 700"  (cost=97.82..97.83 rows=1 width=76)
         ->  Limit  (cost=97.82..97.82 rows=1 width=84)
               ->  Sort  (cost=97.82..97.82 rows=1 width=84)
                     Sort Key: (st_distance(st_transform(s_699.the_geom, 25833), schw_699.schw))
                     ->  Nested Loop  (cost=0.00..97.81 rows=1 width=84)
                           Join Filter: ((st_transform(s_699.the_geom, 25833) && st_expand(schw_699.schw, '300'::double precision)) AND (schw_699.schw && st_expand(st_transform(s_699.the_geom, 25833), '300'::double precision)) AND _st_dwithin(st_transform(s_699.the_geom, 25833), schw_699.schw, '300'::double precision))
                           ->  Function Scan on schw_699  (cost=0.00..0.01 rows=1 width=32)
                           ->  Seq Scan on phoml_trajectory_tmp s_699  (cost=0.00..95.68 rows=17 width=40)
                                 Filter: ((unix_time >= '1685451524.283'::double precision) AND (unix_time <= '1685451584.283'::double precision))
   ->  Subquery Scan on "*SELECT* 701"  (cost=97.82..97.83 rows=1 width=76)
         ->  Limit  (cost=97.82..97.82 rows=1 width=84)
               ->  Sort  (cost=97.82..97.82 rows=1 width=84)
                     Sort Key: (st_distance(st_transform(s_700.the_geom, 25833), schw_700.schw))
                     ->  Nested Loop  (cost=0.00..97.81 rows=1 width=84)
                           Join Filter: ((st_transform(s_700.the_geom, 25833) && st_expand(schw_700.schw, '300'::double precision)) AND (schw_700.schw && st_expand(st_transform(s_700.the_geom, 25833), '300'::double precision)) AND _st_dwithin(st_transform(s_700.the_geom, 25833), schw_700.schw, '300'::double precision))
                           ->  Function Scan on schw_700  (cost=0.00..0.01 rows=1 width=32)
                           ->  Seq Scan on phoml_trajectory_tmp s_700  (cost=0.00..95.68 rows=17 width=40)
                                 Filter: ((unix_time >= '1685451524.913'::double precision) AND (unix_time <= '1685451584.913'::double precision))
   ->  Subquery Scan on "*SELECT* 702"  (cost=97.82..97.83 rows=1 width=76)
         ->  Limit  (cost=97.82..97.82 rows=1 width=84)
               ->  Sort  (cost=97.82..97.82 rows=1 width=84)
                     Sort Key: (st_distance(st_transform(s_701.the_geom, 25833), schw_701.schw))
                     ->  Nested Loop  (cost=0.00..97.81 rows=1 width=84)
                           Join Filter: ((st_transform(s_701.the_geom, 25833) && st_expand(schw_701.schw, '300'::double precision)) AND (schw_701.schw && st_expand(st_transform(s_701.the_geom, 25833), '300'::double precision)) AND _st_dwithin(st_transform(s_701.the_geom, 25833), schw_701.schw, '300'::double precision))
                           ->  Function Scan on schw_701  (cost=0.00..0.01 rows=1 width=32)
                           ->  Seq Scan on phoml_trajectory_tmp s_701  (cost=0.00..95.68 rows=17 width=40)
                                 Filter: ((unix_time >= '1685451525.494'::double precision) AND (unix_time <= '1685451585.494'::double precision))
   ->  Subquery Scan on "*SELECT* 703"  (cost=97.82..97.83 rows=1 width=76)
         ->  Limit  (cost=97.82..97.82 rows=1 width=84)
               ->  Sort  (cost=97.82..97.82 rows=1 width=84)
                     Sort Key: (st_distance(st_transform(s_702.the_geom, 25833), schw_702.schw))
                     ->  Nested Loop  (cost=0.00..97.81 rows=1 width=84)
                           Join Filter: ((st_transform(s_702.the_geom, 25833) && st_expand(schw_702.schw, '300'::double precision)) AND (schw_702.schw && st_expand(st_transform(s_702.the_geom, 25833), '300'::double precision)) AND _st_dwithin(st_transform(s_702.the_geom, 25833), schw_702.schw, '300'::double precision))
                           ->  Function Scan on schw_702  (cost=0.00..0.01 rows=1 width=32)
                           ->  Seq Scan on phoml_trajectory_tmp s_702  (cost=0.00..95.68 rows=17 width=40)
                                 Filter: ((unix_time >= '1685451526.074'::double precision) AND (unix_time <= '1685451586.074'::double precision))
   ->  Subquery Scan on "*SELECT* 704"  (cost=97.82..97.83 rows=1 width=76)
         ->  Limit  (cost=97.82..97.82 rows=1 width=84)
               ->  Sort  (cost=97.82..97.82 rows=1 width=84)
                     Sort Key: (st_distance(st_transform(s_703.the_geom, 25833), schw_703.schw))
                     ->  Nested Loop  (cost=0.00..97.81 rows=1 width=84)
                           Join Filter: ((st_transform(s_703.the_geom, 25833) && st_expand(schw_703.schw, '300'::double precision)) AND (schw_703.schw && st_expand(st_transform(s_703.the_geom, 25833), '300'::double precision)) AND _st_dwithin(st_transform(s_703.the_geom, 25833), schw_703.schw, '300'::double precision))
                           ->  Function Scan on schw_703  (cost=0.00..0.01 rows=1 width=32)
                           ->  Seq Scan on phoml_trajectory_tmp s_703  (cost=0.00..95.68 rows=17 width=40)
                                 Filter: ((unix_time >= '1685451526.616'::double precision) AND (unix_time <= '1685451586.616'::double precision))
   ->  Subquery Scan on "*SELECT* 705"  (cost=97.82..97.83 rows=1 width=76)
         ->  Limit  (cost=97.82..97.82 rows=1 width=84)
               ->  Sort  (cost=97.82..97.82 rows=1 width=84)
                     Sort Key: (st_distance(st_transform(s_704.the_geom, 25833), schw_704.schw))
                     ->  Nested Loop  (cost=0.00..97.81 rows=1 width=84)
                           Join Filter: ((st_transform(s_704.the_geom, 25833) && st_expand(schw_704.schw, '300'::double precision)) AND (schw_704.schw && st_expand(st_transform(s_704.the_geom, 25833), '300'::double precision)) AND _st_dwithin(st_transform(s_704.the_geom, 25833), schw_704.schw, '300'::double precision))
                           ->  Function Scan on schw_704  (cost=0.00..0.01 rows=1 width=32)
                           ->  Seq Scan on phoml_trajectory_tmp s_704  (cost=0.00..95.68 rows=17 width=40)
                                 Filter: ((unix_time >= '1685451527.155'::double precision) AND (unix_time <= '1685451587.155'::double precision))
   ->  Subquery Scan on "*SELECT* 706"  (cost=97.82..97.83 rows=1 width=76)
         ->  Limit  (cost=97.82..97.82 rows=1 width=84)
               ->  Sort  (cost=97.82..97.82 rows=1 width=84)
                     Sort Key: (st_distance(st_transform(s_705.the_geom, 25833), schw_705.schw))
                     ->  Nested Loop  (cost=0.00..97.81 rows=1 width=84)
                           Join Filter: ((st_transform(s_705.the_geom, 25833) && st_expand(schw_705.schw, '300'::double precision)) AND (schw_705.schw && st_expand(st_transform(s_705.the_geom, 25833), '300'::double precision)) AND _st_dwithin(st_transform(s_705.the_geom, 25833), schw_705.schw, '300'::double precision))
                           ->  Function Scan on schw_705  (cost=0.00..0.01 rows=1 width=32)
                           ->  Seq Scan on phoml_trajectory_tmp s_705  (cost=0.00..95.68 rows=17 width=40)
                                 Filter: ((unix_time >= '1685451527.655'::double precision) AND (unix_time <= '1685451587.655'::double precision))
   ->  Subquery Scan on "*SELECT* 707"  (cost=97.82..97.83 rows=1 width=76)
         ->  Limit  (cost=97.82..97.82 rows=1 width=84)
               ->  Sort  (cost=97.82..97.82 rows=1 width=84)
                     Sort Key: (st_distance(st_transform(s_706.the_geom, 25833), schw_706.schw))
                     ->  Nested Loop  (cost=0.00..97.81 rows=1 width=84)
                           Join Filter: ((st_transform(s_706.the_geom, 25833) && st_expand(schw_706.schw, '300'::double precision)) AND (schw_706.schw && st_expand(st_transform(s_706.the_geom, 25833), '300'::double precision)) AND _st_dwithin(st_transform(s_706.the_geom, 25833), schw_706.schw, '300'::double precision))
                           ->  Function Scan on schw_706  (cost=0.00..0.01 rows=1 width=32)
                           ->  Seq Scan on phoml_trajectory_tmp s_706  (cost=0.00..95.68 rows=17 width=40)
                                 Filter: ((unix_time >= '1685451528.152'::double precision) AND (unix_time <= '1685451588.152'::double precision))
   ->  Subquery Scan on "*SELECT* 708"  (cost=97.82..97.83 rows=1 width=76)
         ->  Limit  (cost=97.82..97.82 rows=1 width=84)
               ->  Sort  (cost=97.82..97.82 rows=1 width=84)
                     Sort Key: (st_distance(st_transform(s_707.the_geom, 25833), schw_707.schw))
                     ->  Nested Loop  (cost=0.00..97.81 rows=1 width=84)
                           Join Filter: ((st_transform(s_707.the_geom, 25833) && st_expand(schw_707.schw, '300'::double precision)) AND (schw_707.schw && st_expand(st_transform(s_707.the_geom, 25833), '300'::double precision)) AND _st_dwithin(st_transform(s_707.the_geom, 25833), schw_707.schw, '300'::double precision))
                           ->  Function Scan on schw_707  (cost=0.00..0.01 rows=1 width=32)
                           ->  Seq Scan on phoml_trajectory_tmp s_707  (cost=0.00..95.68 rows=17 width=40)
                                 Filter: ((unix_time >= '1685451528.632'::double precision) AND (unix_time <= '1685451588.632'::double precision))
   ->  Subquery Scan on "*SELECT* 709"  (cost=97.82..97.83 rows=1 width=76)
         ->  Limit  (cost=97.82..97.82 rows=1 width=84)
               ->  Sort  (cost=97.82..97.82 rows=1 width=84)
                     Sort Key: (st_distance(st_transform(s_708.the_geom, 25833), schw_708.schw))
                     ->  Nested Loop  (cost=0.00..97.81 rows=1 width=84)
                           Join Filter: ((st_transform(s_708.the_geom, 25833) && st_expand(schw_708.schw, '300'::double precision)) AND (schw_708.schw && st_expand(st_transform(s_708.the_geom, 25833), '300'::double precision)) AND _st_dwithin(st_transform(s_708.the_geom, 25833), schw_708.schw, '300'::double precision))
                           ->  Function Scan on schw_708  (cost=0.00..0.01 rows=1 width=32)
                           ->  Seq Scan on phoml_trajectory_tmp s_708  (cost=0.00..95.68 rows=17 width=40)
                                 Filter: ((unix_time >= '1685451529.102'::double precision) AND (unix_time <= '1685451589.102'::double precision))
   ->  Subquery Scan on "*SELECT* 710"  (cost=97.82..97.83 rows=1 width=76)
         ->  Limit  (cost=97.82..97.82 rows=1 width=84)
               ->  Sort  (cost=97.82..97.82 rows=1 width=84)
                     Sort Key: (st_distance(st_transform(s_709.the_geom, 25833), schw_709.schw))
                     ->  Nested Loop  (cost=0.00..97.81 rows=1 width=84)
                           Join Filter: ((st_transform(s_709.the_geom, 25833) && st_expand(schw_709.schw, '300'::double precision)) AND (schw_709.schw && st_expand(st_transform(s_709.the_geom, 25833), '300'::double precision)) AND _st_dwithin(st_transform(s_709.the_geom, 25833), schw_709.schw, '300'::double precision))
                           ->  Function Scan on schw_709  (cost=0.00..0.01 rows=1 width=32)
                           ->  Seq Scan on phoml_trajectory_tmp s_709  (cost=0.00..95.68 rows=17 width=40)
                                 Filter: ((unix_time >= '1685451529.559'::double precision) AND (unix_time <= '1685451589.559'::double precision))
   ->  Subquery Scan on "*SELECT* 711"  (cost=97.82..97.83 rows=1 width=76)
         ->  Limit  (cost=97.82..97.82 rows=1 width=84)
               ->  Sort  (cost=97.82..97.82 rows=1 width=84)
                     Sort Key: (st_distance(st_transform(s_710.the_geom, 25833), schw_710.schw))
                     ->  Nested Loop  (cost=0.00..97.81 rows=1 width=84)
                           Join Filter: ((st_transform(s_710.the_geom, 25833) && st_expand(schw_710.schw, '300'::double precision)) AND (schw_710.schw && st_expand(st_transform(s_710.the_geom, 25833), '300'::double precision)) AND _st_dwithin(st_transform(s_710.the_geom, 25833), schw_710.schw, '300'::double precision))
                           ->  Function Scan on schw_710  (cost=0.00..0.01 rows=1 width=32)
                           ->  Seq Scan on phoml_trajectory_tmp s_710  (cost=0.00..95.68 rows=17 width=40)
                                 Filter: ((unix_time >= '1685451530.009'::double precision) AND (unix_time <= '1685451590.009'::double precision))
   ->  Subquery Scan on "*SELECT* 712"  (cost=97.82..97.83 rows=1 width=76)
         ->  Limit  (cost=97.82..97.82 rows=1 width=84)
               ->  Sort  (cost=97.82..97.82 rows=1 width=84)
                     Sort Key: (st_distance(st_transform(s_711.the_geom, 25833), schw_711.schw))
                     ->  Nested Loop  (cost=0.00..97.81 rows=1 width=84)
                           Join Filter: ((st_transform(s_711.the_geom, 25833) && st_expand(schw_711.schw, '300'::double precision)) AND (schw_711.schw && st_expand(st_transform(s_711.the_geom, 25833), '300'::double precision)) AND _st_dwithin(st_transform(s_711.the_geom, 25833), schw_711.schw, '300'::double precision))
                           ->  Function Scan on schw_711  (cost=0.00..0.01 rows=1 width=32)
                           ->  Seq Scan on phoml_trajectory_tmp s_711  (cost=0.00..95.68 rows=17 width=40)
                                 Filter: ((unix_time >= '1685451530.437'::double precision) AND (unix_time <= '1685451590.437'::double precision))
   ->  Subquery Scan on "*SELECT* 713"  (cost=97.82..97.83 rows=1 width=76)
         ->  Limit  (cost=97.82..97.82 rows=1 width=84)
               ->  Sort  (cost=97.82..97.82 rows=1 width=84)
                     Sort Key: (st_distance(st_transform(s_712.the_geom, 25833), schw_712.schw))
                     ->  Nested Loop  (cost=0.00..97.81 rows=1 width=84)
                           Join Filter: ((st_transform(s_712.the_geom, 25833) && st_expand(schw_712.schw, '300'::double precision)) AND (schw_712.schw && st_expand(st_transform(s_712.the_geom, 25833), '300'::double precision)) AND _st_dwithin(st_transform(s_712.the_geom, 25833), schw_712.schw, '300'::double precision))
                           ->  Function Scan on schw_712  (cost=0.00..0.01 rows=1 width=32)
                           ->  Seq Scan on phoml_trajectory_tmp s_712  (cost=0.00..95.68 rows=17 width=40)
                                 Filter: ((unix_time >= '1685451530.857'::double precision) AND (unix_time <= '1685451590.857'::double precision))
   ->  Subquery Scan on "*SELECT* 714"  (cost=97.82..97.83 rows=1 width=76)
         ->  Limit  (cost=97.82..97.82 rows=1 width=84)
               ->  Sort  (cost=97.82..97.82 rows=1 width=84)
                     Sort Key: (st_distance(st_transform(s_713.the_geom, 25833), schw_713.schw))
                     ->  Nested Loop  (cost=0.00..97.81 rows=1 width=84)
                           Join Filter: ((st_transform(s_713.the_geom, 25833) && st_expand(schw_713.schw, '300'::double precision)) AND (schw_713.schw && st_expand(st_transform(s_713.the_geom, 25833), '300'::double precision)) AND _st_dwithin(st_transform(s_713.the_geom, 25833), schw_713.schw, '300'::double precision))
                           ->  Function Scan on schw_713  (cost=0.00..0.01 rows=1 width=32)
                           ->  Seq Scan on phoml_trajectory_tmp s_713  (cost=0.00..95.68 rows=17 width=40)
                                 Filter: ((unix_time >= '1685451531.263'::double precision) AND (unix_time <= '1685451591.263'::double precision))
   ->  Subquery Scan on "*SELECT* 715"  (cost=97.82..97.83 rows=1 width=76)
         ->  Limit  (cost=97.82..97.82 rows=1 width=84)
               ->  Sort  (cost=97.82..97.82 rows=1 width=84)
                     Sort Key: (st_distance(st_transform(s_714.the_geom, 25833), schw_714.schw))
                     ->  Nested Loop  (cost=0.00..97.81 rows=1 width=84)
                           Join Filter: ((st_transform(s_714.the_geom, 25833) && st_expand(schw_714.schw, '300'::double precision)) AND (schw_714.schw && st_expand(st_transform(s_714.the_geom, 25833), '300'::double precision)) AND _st_dwithin(st_transform(s_714.the_geom, 25833), schw_714.schw, '300'::double precision))
                           ->  Function Scan on schw_714  (cost=0.00..0.01 rows=1 width=32)
                           ->  Seq Scan on phoml_trajectory_tmp s_714  (cost=0.00..95.68 rows=17 width=40)
                                 Filter: ((unix_time >= '1685451531.663'::double precision) AND (unix_time <= '1685451591.663'::double precision))
   ->  Subquery Scan on "*SELECT* 716"  (cost=97.82..97.83 rows=1 width=76)
         ->  Limit  (cost=97.82..97.82 rows=1 width=84)
               ->  Sort  (cost=97.82..97.82 rows=1 width=84)
                     Sort Key: (st_distance(st_transform(s_715.the_geom, 25833), schw_715.schw))
                     ->  Nested Loop  (cost=0.00..97.81 rows=1 width=84)
                           Join Filter: ((st_transform(s_715.the_geom, 25833) && st_expand(schw_715.schw, '300'::double precision)) AND (schw_715.schw && st_expand(st_transform(s_715.the_geom, 25833), '300'::double precision)) AND _st_dwithin(st_transform(s_715.the_geom, 25833), schw_715.schw, '300'::double precision))
                           ->  Function Scan on schw_715  (cost=0.00..0.01 rows=1 width=32)
                           ->  Seq Scan on phoml_trajectory_tmp s_715  (cost=0.00..95.68 rows=17 width=40)
                                 Filter: ((unix_time >= '1685451532.053'::double precision) AND (unix_time <= '1685451592.053'::double precision))
   ->  Subquery Scan on "*SELECT* 717"  (cost=97.82..97.83 rows=1 width=76)
         ->  Limit  (cost=97.82..97.82 rows=1 width=84)
               ->  Sort  (cost=97.82..97.82 rows=1 width=84)
                     Sort Key: (st_distance(st_transform(s_716.the_geom, 25833), schw_716.schw))
                     ->  Nested Loop  (cost=0.00..97.81 rows=1 width=84)
                           Join Filter: ((st_transform(s_716.the_geom, 25833) && st_expand(schw_716.schw, '300'::double precision)) AND (schw_716.schw && st_expand(st_transform(s_716.the_geom, 25833), '300'::double precision)) AND _st_dwithin(st_transform(s_716.the_geom, 25833), schw_716.schw, '300'::double precision))
                           ->  Function Scan on schw_716  (cost=0.00..0.01 rows=1 width=32)
                           ->  Seq Scan on phoml_trajectory_tmp s_716  (cost=0.00..95.68 rows=17 width=40)
                                 Filter: ((unix_time >= '1685451532.423'::double precision) AND (unix_time <= '1685451592.423'::double precision))
   ->  Subquery Scan on "*SELECT* 718"  (cost=97.82..97.83 rows=1 width=76)
         ->  Limit  (cost=97.82..97.82 rows=1 width=84)
               ->  Sort  (cost=97.82..97.82 rows=1 width=84)
                     Sort Key: (st_distance(st_transform(s_717.the_geom, 25833), schw_717.schw))
                     ->  Nested Loop  (cost=0.00..97.81 rows=1 width=84)
                           Join Filter: ((st_transform(s_717.the_geom, 25833) && st_expand(schw_717.schw, '300'::double precision)) AND (schw_717.schw && st_expand(st_transform(s_717.the_geom, 25833), '300'::double precision)) AND _st_dwithin(st_transform(s_717.the_geom, 25833), schw_717.schw, '300'::double precision))
                           ->  Function Scan on schw_717  (cost=0.00..0.01 rows=1 width=32)
                           ->  Seq Scan on phoml_trajectory_tmp s_717  (cost=0.00..95.68 rows=17 width=40)
                                 Filter: ((unix_time >= '1685451532.793'::double precision) AND (unix_time <= '1685451592.793'::double precision))
   ->  Subquery Scan on "*SELECT* 719"  (cost=97.82..97.83 rows=1 width=76)
         ->  Limit  (cost=97.82..97.82 rows=1 width=84)
               ->  Sort  (cost=97.82..97.82 rows=1 width=84)
                     Sort Key: (st_distance(st_transform(s_718.the_geom, 25833), schw_718.schw))
                     ->  Nested Loop  (cost=0.00..97.81 rows=1 width=84)
                           Join Filter: ((st_transform(s_718.the_geom, 25833) && st_expand(schw_718.schw, '300'::double precision)) AND (schw_718.schw && st_expand(st_transform(s_718.the_geom, 25833), '300'::double precision)) AND _st_dwithin(st_transform(s_718.the_geom, 25833), schw_718.schw, '300'::double precision))
                           ->  Function Scan on schw_718  (cost=0.00..0.01 rows=1 width=32)
                           ->  Seq Scan on phoml_trajectory_tmp s_718  (cost=0.00..95.68 rows=17 width=40)
                                 Filter: ((unix_time >= '1685451533.164'::double precision) AND (unix_time <= '1685451593.164'::double precision))
   ->  Subquery Scan on "*SELECT* 720"  (cost=97.82..97.83 rows=1 width=76)
         ->  Limit  (cost=97.82..97.82 rows=1 width=84)
               ->  Sort  (cost=97.82..97.82 rows=1 width=84)
                     Sort Key: (st_distance(st_transform(s_719.the_geom, 25833), schw_719.schw))
                     ->  Nested Loop  (cost=0.00..97.81 rows=1 width=84)
                           Join Filter: ((st_transform(s_719.the_geom, 25833) && st_expand(schw_719.schw, '300'::double precision)) AND (schw_719.schw && st_expand(st_transform(s_719.the_geom, 25833), '300'::double precision)) AND _st_dwithin(st_transform(s_719.the_geom, 25833), schw_719.schw, '300'::double precision))
                           ->  Function Scan on schw_719  (cost=0.00..0.01 rows=1 width=32)
                           ->  Seq Scan on phoml_trajectory_tmp s_719  (cost=0.00..95.68 rows=17 width=40)
                                 Filter: ((unix_time >= '1685451533.494'::double precision) AND (unix_time <= '1685451593.494'::double precision))
   ->  Subquery Scan on "*SELECT* 721"  (cost=97.82..97.83 rows=1 width=76)
         ->  Limit  (cost=97.82..97.82 rows=1 width=84)
               ->  Sort  (cost=97.82..97.82 rows=1 width=84)
                     Sort Key: (st_distance(st_transform(s_720.the_geom, 25833), schw_720.schw))
                     ->  Nested Loop  (cost=0.00..97.81 rows=1 width=84)
                           Join Filter: ((st_transform(s_720.the_geom, 25833) && st_expand(schw_720.schw, '300'::double precision)) AND (schw_720.schw && st_expand(st_transform(s_720.the_geom, 25833), '300'::double precision)) AND _st_dwithin(st_transform(s_720.the_geom, 25833), schw_720.schw, '300'::double precision))
                           ->  Function Scan on schw_720  (cost=0.00..0.01 rows=1 width=32)
                           ->  Seq Scan on phoml_trajectory_tmp s_720  (cost=0.00..95.68 rows=17 width=40)
                                 Filter: ((unix_time >= '1685451533.844'::double precision) AND (unix_time <= '1685451593.844'::double precision))
   ->  Subquery Scan on "*SELECT* 722"  (cost=97.82..97.83 rows=1 width=76)
         ->  Limit  (cost=97.82..97.82 rows=1 width=84)
               ->  Sort  (cost=97.82..97.82 rows=1 width=84)
                     Sort Key: (st_distance(st_transform(s_721.the_geom, 25833), schw_721.schw))
                     ->  Nested Loop  (cost=0.00..97.81 rows=1 width=84)
                           Join Filter: ((st_transform(s_721.the_geom, 25833) && st_expand(schw_721.schw, '300'::double precision)) AND (schw_721.schw && st_expand(st_transform(s_721.the_geom, 25833), '300'::double precision)) AND _st_dwithin(st_transform(s_721.the_geom, 25833), schw_721.schw, '300'::double precision))
                           ->  Function Scan on schw_721  (cost=0.00..0.01 rows=1 width=32)
                           ->  Seq Scan on phoml_trajectory_tmp s_721  (cost=0.00..95.68 rows=17 width=40)
                                 Filter: ((unix_time >= '1685451534.191'::double precision) AND (unix_time <= '1685451594.191'::double precision))
   ->  Subquery Scan on "*SELECT* 723"  (cost=97.82..97.83 rows=1 width=76)
         ->  Limit  (cost=97.82..97.82 rows=1 width=84)
               ->  Sort  (cost=97.82..97.82 rows=1 width=84)
                     Sort Key: (st_distance(st_transform(s_722.the_geom, 25833), schw_722.schw))
                     ->  Nested Loop  (cost=0.00..97.81 rows=1 width=84)
                           Join Filter: ((st_transform(s_722.the_geom, 25833) && st_expand(schw_722.schw, '300'::double precision)) AND (schw_722.schw && st_expand(st_transform(s_722.the_geom, 25833), '300'::double precision)) AND _st_dwithin(st_transform(s_722.the_geom, 25833), schw_722.schw, '300'::double precision))
                           ->  Function Scan on schw_722  (cost=0.00..0.01 rows=1 width=32)
                           ->  Seq Scan on phoml_trajectory_tmp s_722  (cost=0.00..95.68 rows=17 width=40)
                                 Filter: ((unix_time >= '1685451534.521'::double precision) AND (unix_time <= '1685451594.521'::double precision))
   ->  Subquery Scan on "*SELECT* 724"  (cost=97.82..97.83 rows=1 width=76)
         ->  Limit  (cost=97.82..97.82 rows=1 width=84)
               ->  Sort  (cost=97.82..97.82 rows=1 width=84)
                     Sort Key: (st_distance(st_transform(s_723.the_geom, 25833), schw_723.schw))
                     ->  Nested Loop  (cost=0.00..97.81 rows=1 width=84)
                           Join Filter: ((st_transform(s_723.the_geom, 25833) && st_expand(schw_723.schw, '300'::double precision)) AND (schw_723.schw && st_expand(st_transform(s_723.the_geom, 25833), '300'::double precision)) AND _st_dwithin(st_transform(s_723.the_geom, 25833), schw_723.schw, '300'::double precision))
                           ->  Function Scan on schw_723  (cost=0.00..0.01 rows=1 width=32)
                           ->  Seq Scan on phoml_trajectory_tmp s_723  (cost=0.00..95.68 rows=17 width=40)
                                 Filter: ((unix_time >= '1685451534.861'::double precision) AND (unix_time <= '1685451594.861'::double precision))
   ->  Subquery Scan on "*SELECT* 725"  (cost=97.82..97.83 rows=1 width=76)
         ->  Limit  (cost=97.82..97.82 rows=1 width=84)
               ->  Sort  (cost=97.82..97.82 rows=1 width=84)
                     Sort Key: (st_distance(st_transform(s_724.the_geom, 25833), schw_724.schw))
                     ->  Nested Loop  (cost=0.00..97.81 rows=1 width=84)
                           Join Filter: ((st_transform(s_724.the_geom, 25833) && st_expand(schw_724.schw, '300'::double precision)) AND (schw_724.schw && st_expand(st_transform(s_724.the_geom, 25833), '300'::double precision)) AND _st_dwithin(st_transform(s_724.the_geom, 25833), schw_724.schw, '300'::double precision))
                           ->  Function Scan on schw_724  (cost=0.00..0.01 rows=1 width=32)
                           ->  Seq Scan on phoml_trajectory_tmp s_724  (cost=0.00..95.68 rows=17 width=40)
                                 Filter: ((unix_time >= '1685451535.184'::double precision) AND (unix_time <= '1685451595.184'::double precision))
   ->  Subquery Scan on "*SELECT* 726"  (cost=97.82..97.83 rows=1 width=76)
         ->  Limit  (cost=97.82..97.82 rows=1 width=84)
               ->  Sort  (cost=97.82..97.82 rows=1 width=84)
                     Sort Key: (st_distance(st_transform(s_725.the_geom, 25833), schw_725.schw))
                     ->  Nested Loop  (cost=0.00..97.81 rows=1 width=84)
                           Join Filter: ((st_transform(s_725.the_geom, 25833) && st_expand(schw_725.schw, '300'::double precision)) AND (schw_725.schw && st_expand(st_transform(s_725.the_geom, 25833), '300'::double precision)) AND _st_dwithin(st_transform(s_725.the_geom, 25833), schw_725.schw, '300'::double precision))
                           ->  Function Scan on schw_725  (cost=0.00..0.01 rows=1 width=32)
                           ->  Seq Scan on phoml_trajectory_tmp s_725  (cost=0.00..95.68 rows=17 width=40)
                                 Filter: ((unix_time >= '1685451535.524'::double precision) AND (unix_time <= '1685451595.524'::double precision))
   ->  Subquery Scan on "*SELECT* 727"  (cost=97.82..97.83 rows=1 width=76)
         ->  Limit  (cost=97.82..97.82 rows=1 width=84)
               ->  Sort  (cost=97.82..97.82 rows=1 width=84)
                     Sort Key: (st_distance(st_transform(s_726.the_geom, 25833), schw_726.schw))
                     ->  Nested Loop  (cost=0.00..97.81 rows=1 width=84)
                           Join Filter: ((st_transform(s_726.the_geom, 25833) && st_expand(schw_726.schw, '300'::double precision)) AND (schw_726.schw && st_expand(st_transform(s_726.the_geom, 25833), '300'::double precision)) AND _st_dwithin(st_transform(s_726.the_geom, 25833), schw_726.schw, '300'::double precision))
                           ->  Function Scan on schw_726  (cost=0.00..0.01 rows=1 width=32)
                           ->  Seq Scan on phoml_trajectory_tmp s_726  (cost=0.00..95.68 rows=17 width=40)
                                 Filter: ((unix_time >= '1685451535.854'::double precision) AND (unix_time <= '1685451595.854'::double precision))
   ->  Subquery Scan on "*SELECT* 728"  (cost=97.82..97.83 rows=1 width=76)
         ->  Limit  (cost=97.82..97.82 rows=1 width=84)
               ->  Sort  (cost=97.82..97.82 rows=1 width=84)
                     Sort Key: (st_distance(st_transform(s_727.the_geom, 25833), schw_727.schw))
                     ->  Nested Loop  (cost=0.00..97.81 rows=1 width=84)
                           Join Filter: ((st_transform(s_727.the_geom, 25833) && st_expand(schw_727.schw, '300'::double precision)) AND (schw_727.schw && st_expand(st_transform(s_727.the_geom, 25833), '300'::double precision)) AND _st_dwithin(st_transform(s_727.the_geom, 25833), schw_727.schw, '300'::double precision))
                           ->  Function Scan on schw_727  (cost=0.00..0.01 rows=1 width=32)
                           ->  Seq Scan on phoml_trajectory_tmp s_727  (cost=0.00..95.68 rows=17 width=40)
                                 Filter: ((unix_time >= '1685451536.187'::double precision) AND (unix_time <= '1685451596.187'::double precision))
   ->  Subquery Scan on "*SELECT* 729"  (cost=97.82..97.83 rows=1 width=76)
         ->  Limit  (cost=97.82..97.82 rows=1 width=84)
               ->  Sort  (cost=97.82..97.82 rows=1 width=84)
                     Sort Key: (st_distance(st_transform(s_728.the_geom, 25833), schw_728.schw))
                     ->  Nested Loop  (cost=0.00..97.81 rows=1 width=84)
                           Join Filter: ((st_transform(s_728.the_geom, 25833) && st_expand(schw_728.schw, '300'::double precision)) AND (schw_728.schw && st_expand(st_transform(s_728.the_geom, 25833), '300'::double precision)) AND _st_dwithin(st_transform(s_728.the_geom, 25833), schw_728.schw, '300'::double precision))
                           ->  Function Scan on schw_728  (cost=0.00..0.01 rows=1 width=32)
                           ->  Seq Scan on phoml_trajectory_tmp s_728  (cost=0.00..95.68 rows=17 width=40)
                                 Filter: ((unix_time >= '1685451536.517'::double precision) AND (unix_time <= '1685451596.517'::double precision))
   ->  Subquery Scan on "*SELECT* 730"  (cost=97.82..97.83 rows=1 width=76)
         ->  Limit  (cost=97.82..97.82 rows=1 width=84)
               ->  Sort  (cost=97.82..97.82 rows=1 width=84)
                     Sort Key: (st_distance(st_transform(s_729.the_geom, 25833), schw_729.schw))
                     ->  Nested Loop  (cost=0.00..97.81 rows=1 width=84)
                           Join Filter: ((st_transform(s_729.the_geom, 25833) && st_expand(schw_729.schw, '300'::double precision)) AND (schw_729.schw && st_expand(st_transform(s_729.the_geom, 25833), '300'::double precision)) AND _st_dwithin(st_transform(s_729.the_geom, 25833), schw_729.schw, '300'::double precision))
                           ->  Function Scan on schw_729  (cost=0.00..0.01 rows=1 width=32)
                           ->  Seq Scan on phoml_trajectory_tmp s_729  (cost=0.00..95.68 rows=17 width=40)
                                 Filter: ((unix_time >= '1685451536.827'::double precision) AND (unix_time <= '1685451596.827'::double precision))
   ->  Subquery Scan on "*SELECT* 731"  (cost=97.82..97.83 rows=1 width=76)
         ->  Limit  (cost=97.82..97.82 rows=1 width=84)
               ->  Sort  (cost=97.82..97.82 rows=1 width=84)
                     Sort Key: (st_distance(st_transform(s_730.the_geom, 25833), schw_730.schw))
                     ->  Nested Loop  (cost=0.00..97.81 rows=1 width=84)
                           Join Filter: ((st_transform(s_730.the_geom, 25833) && st_expand(schw_730.schw, '300'::double precision)) AND (schw_730.schw && st_expand(st_transform(s_730.the_geom, 25833), '300'::double precision)) AND _st_dwithin(st_transform(s_730.the_geom, 25833), schw_730.schw, '300'::double precision))
                           ->  Function Scan on schw_730  (cost=0.00..0.01 rows=1 width=32)
                           ->  Seq Scan on phoml_trajectory_tmp s_730  (cost=0.00..95.68 rows=17 width=40)
                                 Filter: ((unix_time >= '1685451537.173'::double precision) AND (unix_time <= '1685451597.173'::double precision))
   ->  Subquery Scan on "*SELECT* 732"  (cost=97.82..97.83 rows=1 width=76)
         ->  Limit  (cost=97.82..97.82 rows=1 width=84)
               ->  Sort  (cost=97.82..97.82 rows=1 width=84)
                     Sort Key: (st_distance(st_transform(s_731.the_geom, 25833), schw_731.schw))
                     ->  Nested Loop  (cost=0.00..97.81 rows=1 width=84)
                           Join Filter: ((st_transform(s_731.the_geom, 25833) && st_expand(schw_731.schw, '300'::double precision)) AND (schw_731.schw && st_expand(st_transform(s_731.the_geom, 25833), '300'::double precision)) AND _st_dwithin(st_transform(s_731.the_geom, 25833), schw_731.schw, '300'::double precision))
                           ->  Function Scan on schw_731  (cost=0.00..0.01 rows=1 width=32)
                           ->  Seq Scan on phoml_trajectory_tmp s_731  (cost=0.00..95.68 rows=17 width=40)
                                 Filter: ((unix_time >= '1685451537.503'::double precision) AND (unix_time <= '1685451597.503'::double precision))
   ->  Subquery Scan on "*SELECT* 733"  (cost=97.82..97.83 rows=1 width=76)
         ->  Limit  (cost=97.82..97.82 rows=1 width=84)
               ->  Sort  (cost=97.82..97.82 rows=1 width=84)
                     Sort Key: (st_distance(st_transform(s_732.the_geom, 25833), schw_732.schw))
                     ->  Nested Loop  (cost=0.00..97.81 rows=1 width=84)
                           Join Filter: ((st_transform(s_732.the_geom, 25833) && st_expand(schw_732.schw, '300'::double precision)) AND (schw_732.schw && st_expand(st_transform(s_732.the_geom, 25833), '300'::double precision)) AND _st_dwithin(st_transform(s_732.the_geom, 25833), schw_732.schw, '300'::double precision))
                           ->  Function Scan on schw_732  (cost=0.00..0.01 rows=1 width=32)
                           ->  Seq Scan on phoml_trajectory_tmp s_732  (cost=0.00..95.68 rows=17 width=40)
                                 Filter: ((unix_time >= '1685451537.833'::double precision) AND (unix_time <= '1685451597.833'::double precision))
   ->  Subquery Scan on "*SELECT* 734"  (cost=97.82..97.83 rows=1 width=76)
         ->  Limit  (cost=97.82..97.82 rows=1 width=84)
               ->  Sort  (cost=97.82..97.82 rows=1 width=84)
                     Sort Key: (st_distance(st_transform(s_733.the_geom, 25833), schw_733.schw))
                     ->  Nested Loop  (cost=0.00..97.81 rows=1 width=84)
                           Join Filter: ((st_transform(s_733.the_geom, 25833) && st_expand(schw_733.schw, '300'::double precision)) AND (schw_733.schw && st_expand(st_transform(s_733.the_geom, 25833), '300'::double precision)) AND _st_dwithin(st_transform(s_733.the_geom, 25833), schw_733.schw, '300'::double precision))
                           ->  Function Scan on schw_733  (cost=0.00..0.01 rows=1 width=32)
                           ->  Seq Scan on phoml_trajectory_tmp s_733  (cost=0.00..95.68 rows=17 width=40)
                                 Filter: ((unix_time >= '1685451538.168'::double precision) AND (unix_time <= '1685451598.168'::double precision))
   ->  Subquery Scan on "*SELECT* 735"  (cost=97.82..97.83 rows=1 width=76)
         ->  Limit  (cost=97.82..97.82 rows=1 width=84)
               ->  Sort  (cost=97.82..97.82 rows=1 width=84)
                     Sort Key: (st_distance(st_transform(s_734.the_geom, 25833), schw_734.schw))
                     ->  Nested Loop  (cost=0.00..97.81 rows=1 width=84)
                           Join Filter: ((st_transform(s_734.the_geom, 25833) && st_expand(schw_734.schw, '300'::double precision)) AND (schw_734.schw && st_expand(st_transform(s_734.the_geom, 25833), '300'::double precision)) AND _st_dwithin(st_transform(s_734.the_geom, 25833), schw_734.schw, '300'::double precision))
                           ->  Function Scan on schw_734  (cost=0.00..0.01 rows=1 width=32)
                           ->  Seq Scan on phoml_trajectory_tmp s_734  (cost=0.00..95.68 rows=17 width=40)
                                 Filter: ((unix_time >= '1685451538.488'::double precision) AND (unix_time <= '1685451598.488'::double precision))
   ->  Subquery Scan on "*SELECT* 736"  (cost=97.82..97.83 rows=1 width=76)
         ->  Limit  (cost=97.82..97.82 rows=1 width=84)
               ->  Sort  (cost=97.82..97.82 rows=1 width=84)
                     Sort Key: (st_distance(st_transform(s_735.the_geom, 25833), schw_735.schw))
                     ->  Nested Loop  (cost=0.00..97.81 rows=1 width=84)
                           Join Filter: ((st_transform(s_735.the_geom, 25833) && st_expand(schw_735.schw, '300'::double precision)) AND (schw_735.schw && st_expand(st_transform(s_735.the_geom, 25833), '300'::double precision)) AND _st_dwithin(st_transform(s_735.the_geom, 25833), schw_735.schw, '300'::double precision))
                           ->  Function Scan on schw_735  (cost=0.00..0.01 rows=1 width=32)
                           ->  Seq Scan on phoml_trajectory_tmp s_735  (cost=0.00..95.68 rows=17 width=40)
                                 Filter: ((unix_time >= '1685451538.828'::double precision) AND (unix_time <= '1685451598.828'::double precision))
   ->  Subquery Scan on "*SELECT* 737"  (cost=97.82..97.83 rows=1 width=76)
         ->  Limit  (cost=97.82..97.82 rows=1 width=84)
               ->  Sort  (cost=97.82..97.82 rows=1 width=84)
                     Sort Key: (st_distance(st_transform(s_736.the_geom, 25833), schw_736.schw))
                     ->  Nested Loop  (cost=0.00..97.81 rows=1 width=84)
                           Join Filter: ((st_transform(s_736.the_geom, 25833) && st_expand(schw_736.schw, '300'::double precision)) AND (schw_736.schw && st_expand(st_transform(s_736.the_geom, 25833), '300'::double precision)) AND _st_dwithin(st_transform(s_736.the_geom, 25833), schw_736.schw, '300'::double precision))
                           ->  Function Scan on schw_736  (cost=0.00..0.01 rows=1 width=32)
                           ->  Seq Scan on phoml_trajectory_tmp s_736  (cost=0.00..95.68 rows=17 width=40)
                                 Filter: ((unix_time >= '1685451539.163'::double precision) AND (unix_time <= '1685451599.163'::double precision))
   ->  Subquery Scan on "*SELECT* 738"  (cost=97.82..97.83 rows=1 width=76)
         ->  Limit  (cost=97.82..97.82 rows=1 width=84)
               ->  Sort  (cost=97.82..97.82 rows=1 width=84)
                     Sort Key: (st_distance(st_transform(s_737.the_geom, 25833), schw_737.schw))
                     ->  Nested Loop  (cost=0.00..97.81 rows=1 width=84)
                           Join Filter: ((st_transform(s_737.the_geom, 25833) && st_expand(schw_737.schw, '300'::double precision)) AND (schw_737.schw && st_expand(st_transform(s_737.the_geom, 25833), '300'::double precision)) AND _st_dwithin(st_transform(s_737.the_geom, 25833), schw_737.schw, '300'::double precision))
                           ->  Function Scan on schw_737  (cost=0.00..0.01 rows=1 width=32)
                           ->  Seq Scan on phoml_trajectory_tmp s_737  (cost=0.00..95.68 rows=17 width=40)
                                 Filter: ((unix_time >= '1685451539.493'::double precision) AND (unix_time <= '1685451599.493'::double precision))
   ->  Subquery Scan on "*SELECT* 739"  (cost=97.82..97.83 rows=1 width=76)
         ->  Limit  (cost=97.82..97.82 rows=1 width=84)
               ->  Sort  (cost=97.82..97.82 rows=1 width=84)
                     Sort Key: (st_distance(st_transform(s_738.the_geom, 25833), schw_738.schw))
                     ->  Nested Loop  (cost=0.00..97.81 rows=1 width=84)
                           Join Filter: ((st_transform(s_738.the_geom, 25833) && st_expand(schw_738.schw, '300'::double precision)) AND (schw_738.schw && st_expand(st_transform(s_738.the_geom, 25833), '300'::double precision)) AND _st_dwithin(st_transform(s_738.the_geom, 25833), schw_738.schw, '300'::double precision))
                           ->  Function Scan on schw_738  (cost=0.00..0.01 rows=1 width=32)
                           ->  Seq Scan on phoml_trajectory_tmp s_738  (cost=0.00..95.68 rows=17 width=40)
                                 Filter: ((unix_time >= '1685451539.813'::double precision) AND (unix_time <= '1685451599.813'::double precision))
   ->  Subquery Scan on "*SELECT* 740"  (cost=97.82..97.83 rows=1 width=76)
         ->  Limit  (cost=97.82..97.82 rows=1 width=84)
               ->  Sort  (cost=97.82..97.82 rows=1 width=84)
                     Sort Key: (st_distance(st_transform(s_739.the_geom, 25833), schw_739.schw))
                     ->  Nested Loop  (cost=0.00..97.81 rows=1 width=84)
                           Join Filter: ((st_transform(s_739.the_geom, 25833) && st_expand(schw_739.schw, '300'::double precision)) AND (schw_739.schw && st_expand(st_transform(s_739.the_geom, 25833), '300'::double precision)) AND _st_dwithin(st_transform(s_739.the_geom, 25833), schw_739.schw, '300'::double precision))
                           ->  Function Scan on schw_739  (cost=0.00..0.01 rows=1 width=32)
                           ->  Seq Scan on phoml_trajectory_tmp s_739  (cost=0.00..95.68 rows=17 width=40)
                                 Filter: ((unix_time >= '1685451540.159'::double precision) AND (unix_time <= '1685451600.159'::double precision))
   ->  Subquery Scan on "*SELECT* 741"  (cost=97.82..97.83 rows=1 width=76)
         ->  Limit  (cost=97.82..97.82 rows=1 width=84)
               ->  Sort  (cost=97.82..97.82 rows=1 width=84)
                     Sort Key: (st_distance(st_transform(s_740.the_geom, 25833), schw_740.schw))
                     ->  Nested Loop  (cost=0.00..97.81 rows=1 width=84)
                           Join Filter: ((st_transform(s_740.the_geom, 25833) && st_expand(schw_740.schw, '300'::double precision)) AND (schw_740.schw && st_expand(st_transform(s_740.the_geom, 25833), '300'::double precision)) AND _st_dwithin(st_transform(s_740.the_geom, 25833), schw_740.schw, '300'::double precision))
                           ->  Function Scan on schw_740  (cost=0.00..0.01 rows=1 width=32)
                           ->  Seq Scan on phoml_trajectory_tmp s_740  (cost=0.00..95.68 rows=17 width=40)
                                 Filter: ((unix_time >= '1685451540.499'::double precision) AND (unix_time <= '1685451600.499'::double precision))
   ->  Subquery Scan on "*SELECT* 742"  (cost=97.82..97.83 rows=1 width=76)
         ->  Limit  (cost=97.82..97.82 rows=1 width=84)
               ->  Sort  (cost=97.82..97.82 rows=1 width=84)
                     Sort Key: (st_distance(st_transform(s_741.the_geom, 25833), schw_741.schw))
                     ->  Nested Loop  (cost=0.00..97.81 rows=1 width=84)
                           Join Filter: ((st_transform(s_741.the_geom, 25833) && st_expand(schw_741.schw, '300'::double precision)) AND (schw_741.schw && st_expand(st_transform(s_741.the_geom, 25833), '300'::double precision)) AND _st_dwithin(st_transform(s_741.the_geom, 25833), schw_741.schw, '300'::double precision))
                           ->  Function Scan on schw_741  (cost=0.00..0.01 rows=1 width=32)
                           ->  Seq Scan on phoml_trajectory_tmp s_741  (cost=0.00..95.68 rows=17 width=40)
                                 Filter: ((unix_time >= '1685451540.829'::double precision) AND (unix_time <= '1685451600.829'::double precision))
   ->  Subquery Scan on "*SELECT* 743"  (cost=97.82..97.83 rows=1 width=76)
         ->  Limit  (cost=97.82..97.82 rows=1 width=84)
               ->  Sort  (cost=97.82..97.82 rows=1 width=84)
                     Sort Key: (st_distance(st_transform(s_742.the_geom, 25833), schw_742.schw))
                     ->  Nested Loop  (cost=0.00..97.81 rows=1 width=84)
                           Join Filter: ((st_transform(s_742.the_geom, 25833) && st_expand(schw_742.schw, '300'::double precision)) AND (schw_742.schw && st_expand(st_transform(s_742.the_geom, 25833), '300'::double precision)) AND _st_dwithin(st_transform(s_742.the_geom, 25833), schw_742.schw, '300'::double precision))
                           ->  Function Scan on schw_742  (cost=0.00..0.01 rows=1 width=32)
                           ->  Seq Scan on phoml_trajectory_tmp s_742  (cost=0.00..95.68 rows=17 width=40)
                                 Filter: ((unix_time >= '1685451541.172'::double precision) AND (unix_time <= '1685451601.172'::double precision))
   ->  Subquery Scan on "*SELECT* 744"  (cost=97.82..97.83 rows=1 width=76)
         ->  Limit  (cost=97.82..97.82 rows=1 width=84)
               ->  Sort  (cost=97.82..97.82 rows=1 width=84)
                     Sort Key: (st_distance(st_transform(s_743.the_geom, 25833), schw_743.schw))
                     ->  Nested Loop  (cost=0.00..97.81 rows=1 width=84)
                           Join Filter: ((st_transform(s_743.the_geom, 25833) && st_expand(schw_743.schw, '300'::double precision)) AND (schw_743.schw && st_expand(st_transform(s_743.the_geom, 25833), '300'::double precision)) AND _st_dwithin(st_transform(s_743.the_geom, 25833), schw_743.schw, '300'::double precision))
                           ->  Function Scan on schw_743  (cost=0.00..0.01 rows=1 width=32)
                           ->  Seq Scan on phoml_trajectory_tmp s_743  (cost=0.00..95.68 rows=17 width=40)
                                 Filter: ((unix_time >= '1685451541.512'::double precision) AND (unix_time <= '1685451601.512'::double precision))
   ->  Subquery Scan on "*SELECT* 745"  (cost=97.82..97.83 rows=1 width=76)
         ->  Limit  (cost=97.82..97.82 rows=1 width=84)
               ->  Sort  (cost=97.82..97.82 rows=1 width=84)
                     Sort Key: (st_distance(st_transform(s_744.the_geom, 25833), schw_744.schw))
                     ->  Nested Loop  (cost=0.00..97.81 rows=1 width=84)
                           Join Filter: ((st_transform(s_744.the_geom, 25833) && st_expand(schw_744.schw, '300'::double precision)) AND (schw_744.schw && st_expand(st_transform(s_744.the_geom, 25833), '300'::double precision)) AND _st_dwithin(st_transform(s_744.the_geom, 25833), schw_744.schw, '300'::double precision))
                           ->  Function Scan on schw_744  (cost=0.00..0.01 rows=1 width=32)
                           ->  Seq Scan on phoml_trajectory_tmp s_744  (cost=0.00..95.68 rows=17 width=40)
                                 Filter: ((unix_time >= '1685451541.842'::double precision) AND (unix_time <= '1685451601.842'::double precision))
   ->  Subquery Scan on "*SELECT* 746"  (cost=97.82..97.83 rows=1 width=76)
         ->  Limit  (cost=97.82..97.82 rows=1 width=84)
               ->  Sort  (cost=97.82..97.82 rows=1 width=84)
                     Sort Key: (st_distance(st_transform(s_745.the_geom, 25833), schw_745.schw))
                     ->  Nested Loop  (cost=0.00..97.81 rows=1 width=84)
                           Join Filter: ((st_transform(s_745.the_geom, 25833) && st_expand(schw_745.schw, '300'::double precision)) AND (schw_745.schw && st_expand(st_transform(s_745.the_geom, 25833), '300'::double precision)) AND _st_dwithin(st_transform(s_745.the_geom, 25833), schw_745.schw, '300'::double precision))
                           ->  Function Scan on schw_745  (cost=0.00..0.01 rows=1 width=32)
                           ->  Seq Scan on phoml_trajectory_tmp s_745  (cost=0.00..95.68 rows=17 width=40)
                                 Filter: ((unix_time >= '1685451542.193'::double precision) AND (unix_time <= '1685451602.193'::double precision))
   ->  Subquery Scan on "*SELECT* 747"  (cost=97.82..97.83 rows=1 width=76)
         ->  Limit  (cost=97.82..97.82 rows=1 width=84)
               ->  Sort  (cost=97.82..97.82 rows=1 width=84)
                     Sort Key: (st_distance(st_transform(s_746.the_geom, 25833), schw_746.schw))
                     ->  Nested Loop  (cost=0.00..97.81 rows=1 width=84)
                           Join Filter: ((st_transform(s_746.the_geom, 25833) && st_expand(schw_746.schw, '300'::double precision)) AND (schw_746.schw && st_expand(st_transform(s_746.the_geom, 25833), '300'::double precision)) AND _st_dwithin(st_transform(s_746.the_geom, 25833), schw_746.schw, '300'::double precision))
                           ->  Function Scan on schw_746  (cost=0.00..0.01 rows=1 width=32)
                           ->  Seq Scan on phoml_trajectory_tmp s_746  (cost=0.00..95.68 rows=17 width=40)
                                 Filter: ((unix_time >= '1685451542.523'::double precision) AND (unix_time <= '1685451602.523'::double precision))
   ->  Subquery Scan on "*SELECT* 748"  (cost=97.82..97.83 rows=1 width=76)
         ->  Limit  (cost=97.82..97.82 rows=1 width=84)
               ->  Sort  (cost=97.82..97.82 rows=1 width=84)
                     Sort Key: (st_distance(st_transform(s_747.the_geom, 25833), schw_747.schw))
                     ->  Nested Loop  (cost=0.00..97.81 rows=1 width=84)
                           Join Filter: ((st_transform(s_747.the_geom, 25833) && st_expand(schw_747.schw, '300'::double precision)) AND (schw_747.schw && st_expand(st_transform(s_747.the_geom, 25833), '300'::double precision)) AND _st_dwithin(st_transform(s_747.the_geom, 25833), schw_747.schw, '300'::double precision))
                           ->  Function Scan on schw_747  (cost=0.00..0.01 rows=1 width=32)
                           ->  Seq Scan on phoml_trajectory_tmp s_747  (cost=0.00..95.68 rows=17 width=40)
                                 Filter: ((unix_time >= '1685451542.863'::double precision) AND (unix_time <= '1685451602.863'::double precision))
   ->  Subquery Scan on "*SELECT* 749"  (cost=97.82..97.83 rows=1 width=76)
         ->  Limit  (cost=97.82..97.82 rows=1 width=84)
               ->  Sort  (cost=97.82..97.82 rows=1 width=84)
                     Sort Key: (st_distance(st_transform(s_748.the_geom, 25833), schw_748.schw))
                     ->  Nested Loop  (cost=0.00..97.81 rows=1 width=84)
                           Join Filter: ((st_transform(s_748.the_geom, 25833) && st_expand(schw_748.schw, '300'::double precision)) AND (schw_748.schw && st_expand(st_transform(s_748.the_geom, 25833), '300'::double precision)) AND _st_dwithin(st_transform(s_748.the_geom, 25833), schw_748.schw, '300'::double precision))
                           ->  Function Scan on schw_748  (cost=0.00..0.01 rows=1 width=32)
                           ->  Seq Scan on phoml_trajectory_tmp s_748  (cost=0.00..95.68 rows=17 width=40)
                                 Filter: ((unix_time >= '1685451543.2'::double precision) AND (unix_time <= '1685451603.2'::double precision))
   ->  Subquery Scan on "*SELECT* 750"  (cost=97.82..97.83 rows=1 width=76)
         ->  Limit  (cost=97.82..97.82 rows=1 width=84)
               ->  Sort  (cost=97.82..97.82 rows=1 width=84)
                     Sort Key: (st_distance(st_transform(s_749.the_geom, 25833), schw_749.schw))
                     ->  Nested Loop  (cost=0.00..97.81 rows=1 width=84)
                           Join Filter: ((st_transform(s_749.the_geom, 25833) && st_expand(schw_749.schw, '300'::double precision)) AND (schw_749.schw && st_expand(st_transform(s_749.the_geom, 25833), '300'::double precision)) AND _st_dwithin(st_transform(s_749.the_geom, 25833), schw_749.schw, '300'::double precision))
                           ->  Function Scan on schw_749  (cost=0.00..0.01 rows=1 width=32)
                           ->  Seq Scan on phoml_trajectory_tmp s_749  (cost=0.00..95.68 rows=17 width=40)
                                 Filter: ((unix_time >= '1685451543.54'::double precision) AND (unix_time <= '1685451603.54'::double precision))
   ->  Subquery Scan on "*SELECT* 751"  (cost=97.82..97.83 rows=1 width=76)
         ->  Limit  (cost=97.82..97.82 rows=1 width=84)
               ->  Sort  (cost=97.82..97.82 rows=1 width=84)
                     Sort Key: (st_distance(st_transform(s_750.the_geom, 25833), schw_750.schw))
                     ->  Nested Loop  (cost=0.00..97.81 rows=1 width=84)
                           Join Filter: ((st_transform(s_750.the_geom, 25833) && st_expand(schw_750.schw, '300'::double precision)) AND (schw_750.schw && st_expand(st_transform(s_750.the_geom, 25833), '300'::double precision)) AND _st_dwithin(st_transform(s_750.the_geom, 25833), schw_750.schw, '300'::double precision))
                           ->  Function Scan on schw_750  (cost=0.00..0.01 rows=1 width=32)
                           ->  Seq Scan on phoml_trajectory_tmp s_750  (cost=0.00..95.68 rows=17 width=40)
                                 Filter: ((unix_time >= '1685451543.87'::double precision) AND (unix_time <= '1685451603.87'::double precision))
   ->  Subquery Scan on "*SELECT* 752"  (cost=97.82..97.83 rows=1 width=76)
         ->  Limit  (cost=97.82..97.82 rows=1 width=84)
               ->  Sort  (cost=97.82..97.82 rows=1 width=84)
                     Sort Key: (st_distance(st_transform(s_751.the_geom, 25833), schw_751.schw))
                     ->  Nested Loop  (cost=0.00..97.81 rows=1 width=84)
                           Join Filter: ((st_transform(s_751.the_geom, 25833) && st_expand(schw_751.schw, '300'::double precision)) AND (schw_751.schw && st_expand(st_transform(s_751.the_geom, 25833), '300'::double precision)) AND _st_dwithin(st_transform(s_751.the_geom, 25833), schw_751.schw, '300'::double precision))
                           ->  Function Scan on schw_751  (cost=0.00..0.01 rows=1 width=32)
                           ->  Seq Scan on phoml_trajectory_tmp s_751  (cost=0.00..95.68 rows=17 width=40)
                                 Filter: ((unix_time >= '1685451544.215'::double precision) AND (unix_time <= '1685451604.215'::double precision))
   ->  Subquery Scan on "*SELECT* 753"  (cost=97.82..97.83 rows=1 width=76)
         ->  Limit  (cost=97.82..97.82 rows=1 width=84)
               ->  Sort  (cost=97.82..97.82 rows=1 width=84)
                     Sort Key: (st_distance(st_transform(s_752.the_geom, 25833), schw_752.schw))
                     ->  Nested Loop  (cost=0.00..97.81 rows=1 width=84)
                           Join Filter: ((st_transform(s_752.the_geom, 25833) && st_expand(schw_752.schw, '300'::double precision)) AND (schw_752.schw && st_expand(st_transform(s_752.the_geom, 25833), '300'::double precision)) AND _st_dwithin(st_transform(s_752.the_geom, 25833), schw_752.schw, '300'::double precision))
                           ->  Function Scan on schw_752  (cost=0.00..0.01 rows=1 width=32)
                           ->  Seq Scan on phoml_trajectory_tmp s_752  (cost=0.00..95.68 rows=17 width=40)
                                 Filter: ((unix_time >= '1685451544.565'::double precision) AND (unix_time <= '1685451604.565'::double precision))
   ->  Subquery Scan on "*SELECT* 754"  (cost=97.82..97.83 rows=1 width=76)
         ->  Limit  (cost=97.82..97.82 rows=1 width=84)
               ->  Sort  (cost=97.82..97.82 rows=1 width=84)
                     Sort Key: (st_distance(st_transform(s_753.the_geom, 25833), schw_753.schw))
                     ->  Nested Loop  (cost=0.00..97.81 rows=1 width=84)
                           Join Filter: ((st_transform(s_753.the_geom, 25833) && st_expand(schw_753.schw, '300'::double precision)) AND (schw_753.schw && st_expand(st_transform(s_753.the_geom, 25833), '300'::double precision)) AND _st_dwithin(st_transform(s_753.the_geom, 25833), schw_753.schw, '300'::double precision))
                           ->  Function Scan on schw_753  (cost=0.00..0.01 rows=1 width=32)
                           ->  Seq Scan on phoml_trajectory_tmp s_753  (cost=0.00..95.68 rows=17 width=40)
                                 Filter: ((unix_time >= '1685451544.905'::double precision) AND (unix_time <= '1685451604.905'::double precision))
   ->  Subquery Scan on "*SELECT* 755"  (cost=97.82..97.83 rows=1 width=76)
         ->  Limit  (cost=97.82..97.82 rows=1 width=84)
               ->  Sort  (cost=97.82..97.82 rows=1 width=84)
                     Sort Key: (st_distance(st_transform(s_754.the_geom, 25833), schw_754.schw))
                     ->  Nested Loop  (cost=0.00..97.81 rows=1 width=84)
                           Join Filter: ((st_transform(s_754.the_geom, 25833) && st_expand(schw_754.schw, '300'::double precision)) AND (schw_754.schw && st_expand(st_transform(s_754.the_geom, 25833), '300'::double precision)) AND _st_dwithin(st_transform(s_754.the_geom, 25833), schw_754.schw, '300'::double precision))
                           ->  Function Scan on schw_754  (cost=0.00..0.01 rows=1 width=32)
                           ->  Seq Scan on phoml_trajectory_tmp s_754  (cost=0.00..95.68 rows=17 width=40)
                                 Filter: ((unix_time >= '1685451545.243'::double precision) AND (unix_time <= '1685451605.243'::double precision))
   ->  Subquery Scan on "*SELECT* 756"  (cost=97.82..97.83 rows=1 width=76)
         ->  Limit  (cost=97.82..97.82 rows=1 width=84)
               ->  Sort  (cost=97.82..97.82 rows=1 width=84)
                     Sort Key: (st_distance(st_transform(s_755.the_geom, 25833), schw_755.schw))
                     ->  Nested Loop  (cost=0.00..97.81 rows=1 width=84)
                           Join Filter: ((st_transform(s_755.the_geom, 25833) && st_expand(schw_755.schw, '300'::double precision)) AND (schw_755.schw && st_expand(st_transform(s_755.the_geom, 25833), '300'::double precision)) AND _st_dwithin(st_transform(s_755.the_geom, 25833), schw_755.schw, '300'::double precision))
                           ->  Function Scan on schw_755  (cost=0.00..0.01 rows=1 width=32)
                           ->  Seq Scan on phoml_trajectory_tmp s_755  (cost=0.00..95.68 rows=17 width=40)
                                 Filter: ((unix_time >= '1685451545.583'::double precision) AND (unix_time <= '1685451605.583'::double precision))
   ->  Subquery Scan on "*SELECT* 757"  (cost=97.82..97.83 rows=1 width=76)
         ->  Limit  (cost=97.82..97.82 rows=1 width=84)
               ->  Sort  (cost=97.82..97.82 rows=1 width=84)
                     Sort Key: (st_distance(st_transform(s_756.the_geom, 25833), schw_756.schw))
                     ->  Nested Loop  (cost=0.00..97.81 rows=1 width=84)
                           Join Filter: ((st_transform(s_756.the_geom, 25833) && st_expand(schw_756.schw, '300'::double precision)) AND (schw_756.schw && st_expand(st_transform(s_756.the_geom, 25833), '300'::double precision)) AND _st_dwithin(st_transform(s_756.the_geom, 25833), schw_756.schw, '300'::double precision))
                           ->  Function Scan on schw_756  (cost=0.00..0.01 rows=1 width=32)
                           ->  Seq Scan on phoml_trajectory_tmp s_756  (cost=0.00..95.68 rows=17 width=40)
                                 Filter: ((unix_time >= '1685451545.933'::double precision) AND (unix_time <= '1685451605.933'::double precision))
   ->  Subquery Scan on "*SELECT* 758"  (cost=97.82..97.83 rows=1 width=76)
         ->  Limit  (cost=97.82..97.82 rows=1 width=84)
               ->  Sort  (cost=97.82..97.82 rows=1 width=84)
                     Sort Key: (st_distance(st_transform(s_757.the_geom, 25833), schw_757.schw))
                     ->  Nested Loop  (cost=0.00..97.81 rows=1 width=84)
                           Join Filter: ((st_transform(s_757.the_geom, 25833) && st_expand(schw_757.schw, '300'::double precision)) AND (schw_757.schw && st_expand(st_transform(s_757.the_geom, 25833), '300'::double precision)) AND _st_dwithin(st_transform(s_757.the_geom, 25833), schw_757.schw, '300'::double precision))
                           ->  Function Scan on schw_757  (cost=0.00..0.01 rows=1 width=32)
                           ->  Seq Scan on phoml_trajectory_tmp s_757  (cost=0.00..95.68 rows=17 width=40)
                                 Filter: ((unix_time >= '1685451546.267'::double precision) AND (unix_time <= '1685451606.267'::double precision))
   ->  Subquery Scan on "*SELECT* 759"  (cost=97.82..97.83 rows=1 width=76)
         ->  Limit  (cost=97.82..97.82 rows=1 width=84)
               ->  Sort  (cost=97.82..97.82 rows=1 width=84)
                     Sort Key: (st_distance(st_transform(s_758.the_geom, 25833), schw_758.schw))
                     ->  Nested Loop  (cost=0.00..97.81 rows=1 width=84)
                           Join Filter: ((st_transform(s_758.the_geom, 25833) && st_expand(schw_758.schw, '300'::double precision)) AND (schw_758.schw && st_expand(st_transform(s_758.the_geom, 25833), '300'::double precision)) AND _st_dwithin(st_transform(s_758.the_geom, 25833), schw_758.schw, '300'::double precision))
                           ->  Function Scan on schw_758  (cost=0.00..0.01 rows=1 width=32)
                           ->  Seq Scan on phoml_trajectory_tmp s_758  (cost=0.00..95.68 rows=17 width=40)
                                 Filter: ((unix_time >= '1685451546.607'::double precision) AND (unix_time <= '1685451606.607'::double precision))
   ->  Subquery Scan on "*SELECT* 760"  (cost=97.82..97.83 rows=1 width=76)
         ->  Limit  (cost=97.82..97.82 rows=1 width=84)
               ->  Sort  (cost=97.82..97.82 rows=1 width=84)
                     Sort Key: (st_distance(st_transform(s_759.the_geom, 25833), schw_759.schw))
                     ->  Nested Loop  (cost=0.00..97.81 rows=1 width=84)
                           Join Filter: ((st_transform(s_759.the_geom, 25833) && st_expand(schw_759.schw, '300'::double precision)) AND (schw_759.schw && st_expand(st_transform(s_759.the_geom, 25833), '300'::double precision)) AND _st_dwithin(st_transform(s_759.the_geom, 25833), schw_759.schw, '300'::double precision))
                           ->  Function Scan on schw_759  (cost=0.00..0.01 rows=1 width=32)
                           ->  Seq Scan on phoml_trajectory_tmp s_759  (cost=0.00..95.68 rows=17 width=40)
                                 Filter: ((unix_time >= '1685451546.947'::double precision) AND (unix_time <= '1685451606.947'::double precision))
   ->  Subquery Scan on "*SELECT* 761"  (cost=97.82..97.83 rows=1 width=76)
         ->  Limit  (cost=97.82..97.82 rows=1 width=84)
               ->  Sort  (cost=97.82..97.82 rows=1 width=84)
                     Sort Key: (st_distance(st_transform(s_760.the_geom, 25833), schw_760.schw))
                     ->  Nested Loop  (cost=0.00..97.81 rows=1 width=84)
                           Join Filter: ((st_transform(s_760.the_geom, 25833) && st_expand(schw_760.schw, '300'::double precision)) AND (schw_760.schw && st_expand(st_transform(s_760.the_geom, 25833), '300'::double precision)) AND _st_dwithin(st_transform(s_760.the_geom, 25833), schw_760.schw, '300'::double precision))
                           ->  Function Scan on schw_760  (cost=0.00..0.01 rows=1 width=32)
                           ->  Seq Scan on phoml_trajectory_tmp s_760  (cost=0.00..95.68 rows=17 width=40)
                                 Filter: ((unix_time >= '1685451547.283'::double precision) AND (unix_time <= '1685451607.283'::double precision))
   ->  Subquery Scan on "*SELECT* 762"  (cost=97.82..97.83 rows=1 width=76)
         ->  Limit  (cost=97.82..97.82 rows=1 width=84)
               ->  Sort  (cost=97.82..97.82 rows=1 width=84)
                     Sort Key: (st_distance(st_transform(s_761.the_geom, 25833), schw_761.schw))
                     ->  Nested Loop  (cost=0.00..97.81 rows=1 width=84)
                           Join Filter: ((st_transform(s_761.the_geom, 25833) && st_expand(schw_761.schw, '300'::double precision)) AND (schw_761.schw && st_expand(st_transform(s_761.the_geom, 25833), '300'::double precision)) AND _st_dwithin(st_transform(s_761.the_geom, 25833), schw_761.schw, '300'::double precision))
                           ->  Function Scan on schw_761  (cost=0.00..0.01 rows=1 width=32)
                           ->  Seq Scan on phoml_trajectory_tmp s_761  (cost=0.00..95.68 rows=17 width=40)
                                 Filter: ((unix_time >= '1685451547.633'::double precision) AND (unix_time <= '1685451607.633'::double precision))
   ->  Subquery Scan on "*SELECT* 763"  (cost=97.82..97.83 rows=1 width=76)
         ->  Limit  (cost=97.82..97.82 rows=1 width=84)
               ->  Sort  (cost=97.82..97.82 rows=1 width=84)
                     Sort Key: (st_distance(st_transform(s_762.the_geom, 25833), schw_762.schw))
                     ->  Nested Loop  (cost=0.00..97.81 rows=1 width=84)
                           Join Filter: ((st_transform(s_762.the_geom, 25833) && st_expand(schw_762.schw, '300'::double precision)) AND (schw_762.schw && st_expand(st_transform(s_762.the_geom, 25833), '300'::double precision)) AND _st_dwithin(st_transform(s_762.the_geom, 25833), schw_762.schw, '300'::double precision))
                           ->  Function Scan on schw_762  (cost=0.00..0.01 rows=1 width=32)
                           ->  Seq Scan on phoml_trajectory_tmp s_762  (cost=0.00..95.68 rows=17 width=40)
                                 Filter: ((unix_time >= '1685451547.963'::double precision) AND (unix_time <= '1685451607.963'::double precision))
   ->  Subquery Scan on "*SELECT* 764"  (cost=97.82..97.83 rows=1 width=76)
         ->  Limit  (cost=97.82..97.82 rows=1 width=84)
               ->  Sort  (cost=97.82..97.82 rows=1 width=84)
                     Sort Key: (st_distance(st_transform(s_763.the_geom, 25833), schw_763.schw))
                     ->  Nested Loop  (cost=0.00..97.81 rows=1 width=84)
                           Join Filter: ((st_transform(s_763.the_geom, 25833) && st_expand(schw_763.schw, '300'::double precision)) AND (schw_763.schw && st_expand(st_transform(s_763.the_geom, 25833), '300'::double precision)) AND _st_dwithin(st_transform(s_763.the_geom, 25833), schw_763.schw, '300'::double precision))
                           ->  Function Scan on schw_763  (cost=0.00..0.01 rows=1 width=32)
                           ->  Seq Scan on phoml_trajectory_tmp s_763  (cost=0.00..95.68 rows=17 width=40)
                                 Filter: ((unix_time >= '1685451548.309'::double precision) AND (unix_time <= '1685451608.309'::double precision))
   ->  Subquery Scan on "*SELECT* 765"  (cost=97.82..97.83 rows=1 width=76)
         ->  Limit  (cost=97.82..97.82 rows=1 width=84)
               ->  Sort  (cost=97.82..97.82 rows=1 width=84)
                     Sort Key: (st_distance(st_transform(s_764.the_geom, 25833), schw_764.schw))
                     ->  Nested Loop  (cost=0.00..97.81 rows=1 width=84)
                           Join Filter: ((st_transform(s_764.the_geom, 25833) && st_expand(schw_764.schw, '300'::double precision)) AND (schw_764.schw && st_expand(st_transform(s_764.the_geom, 25833), '300'::double precision)) AND _st_dwithin(st_transform(s_764.the_geom, 25833), schw_764.schw, '300'::double precision))
                           ->  Function Scan on schw_764  (cost=0.00..0.01 rows=1 width=32)
                           ->  Seq Scan on phoml_trajectory_tmp s_764  (cost=0.00..95.68 rows=17 width=40)
                                 Filter: ((unix_time >= '1685451548.639'::double precision) AND (unix_time <= '1685451608.639'::double precision))
   ->  Subquery Scan on "*SELECT* 766"  (cost=97.82..97.83 rows=1 width=76)
         ->  Limit  (cost=97.82..97.82 rows=1 width=84)
               ->  Sort  (cost=97.82..97.82 rows=1 width=84)
                     Sort Key: (st_distance(st_transform(s_765.the_geom, 25833), schw_765.schw))
                     ->  Nested Loop  (cost=0.00..97.81 rows=1 width=84)
                           Join Filter: ((st_transform(s_765.the_geom, 25833) && st_expand(schw_765.schw, '300'::double precision)) AND (schw_765.schw && st_expand(st_transform(s_765.the_geom, 25833), '300'::double precision)) AND _st_dwithin(st_transform(s_765.the_geom, 25833), schw_765.schw, '300'::double precision))
                           ->  Function Scan on schw_765  (cost=0.00..0.01 rows=1 width=32)
                           ->  Seq Scan on phoml_trajectory_tmp s_765  (cost=0.00..95.68 rows=17 width=40)
                                 Filter: ((unix_time >= '1685451548.969'::double precision) AND (unix_time <= '1685451608.969'::double precision))
   ->  Subquery Scan on "*SELECT* 767"  (cost=97.82..97.83 rows=1 width=76)
         ->  Limit  (cost=97.82..97.82 rows=1 width=84)
               ->  Sort  (cost=97.82..97.82 rows=1 width=84)
                     Sort Key: (st_distance(st_transform(s_766.the_geom, 25833), schw_766.schw))
                     ->  Nested Loop  (cost=0.00..97.81 rows=1 width=84)
                           Join Filter: ((st_transform(s_766.the_geom, 25833) && st_expand(schw_766.schw, '300'::double precision)) AND (schw_766.schw && st_expand(st_transform(s_766.the_geom, 25833), '300'::double precision)) AND _st_dwithin(st_transform(s_766.the_geom, 25833), schw_766.schw, '300'::double precision))
                           ->  Function Scan on schw_766  (cost=0.00..0.01 rows=1 width=32)
                           ->  Seq Scan on phoml_trajectory_tmp s_766  (cost=0.00..95.68 rows=17 width=40)
                                 Filter: ((unix_time >= '1685451549.315'::double precision) AND (unix_time <= '1685451609.315'::double precision))
   ->  Subquery Scan on "*SELECT* 768"  (cost=97.82..97.83 rows=1 width=76)
         ->  Limit  (cost=97.82..97.82 rows=1 width=84)
               ->  Sort  (cost=97.82..97.82 rows=1 width=84)
                     Sort Key: (st_distance(st_transform(s_767.the_geom, 25833), schw_767.schw))
                     ->  Nested Loop  (cost=0.00..97.81 rows=1 width=84)
                           Join Filter: ((st_transform(s_767.the_geom, 25833) && st_expand(schw_767.schw, '300'::double precision)) AND (schw_767.schw && st_expand(st_transform(s_767.the_geom, 25833), '300'::double precision)) AND _st_dwithin(st_transform(s_767.the_geom, 25833), schw_767.schw, '300'::double precision))
                           ->  Function Scan on schw_767  (cost=0.00..0.01 rows=1 width=32)
                           ->  Seq Scan on phoml_trajectory_tmp s_767  (cost=0.00..95.68 rows=17 width=40)
                                 Filter: ((unix_time >= '1685451549.635'::double precision) AND (unix_time <= '1685451609.635'::double precision))
   ->  Subquery Scan on "*SELECT* 769"  (cost=97.82..97.83 rows=1 width=76)
         ->  Limit  (cost=97.82..97.82 rows=1 width=84)
               ->  Sort  (cost=97.82..97.82 rows=1 width=84)
                     Sort Key: (st_distance(st_transform(s_768.the_geom, 25833), schw_768.schw))
                     ->  Nested Loop  (cost=0.00..97.81 rows=1 width=84)
                           Join Filter: ((st_transform(s_768.the_geom, 25833) && st_expand(schw_768.schw, '300'::double precision)) AND (schw_768.schw && st_expand(st_transform(s_768.the_geom, 25833), '300'::double precision)) AND _st_dwithin(st_transform(s_768.the_geom, 25833), schw_768.schw, '300'::double precision))
                           ->  Function Scan on schw_768  (cost=0.00..0.01 rows=1 width=32)
                           ->  Seq Scan on phoml_trajectory_tmp s_768  (cost=0.00..95.68 rows=17 width=40)
                                 Filter: ((unix_time >= '1685451549.985'::double precision) AND (unix_time <= '1685451609.985'::double precision))
   ->  Subquery Scan on "*SELECT* 770"  (cost=97.82..97.83 rows=1 width=76)
         ->  Limit  (cost=97.82..97.82 rows=1 width=84)
               ->  Sort  (cost=97.82..97.82 rows=1 width=84)
                     Sort Key: (st_distance(st_transform(s_769.the_geom, 25833), schw_769.schw))
                     ->  Nested Loop  (cost=0.00..97.81 rows=1 width=84)
                           Join Filter: ((st_transform(s_769.the_geom, 25833) && st_expand(schw_769.schw, '300'::double precision)) AND (schw_769.schw && st_expand(st_transform(s_769.the_geom, 25833), '300'::double precision)) AND _st_dwithin(st_transform(s_769.the_geom, 25833), schw_769.schw, '300'::double precision))
                           ->  Function Scan on schw_769  (cost=0.00..0.01 rows=1 width=32)
                           ->  Seq Scan on phoml_trajectory_tmp s_769  (cost=0.00..95.68 rows=17 width=40)
                                 Filter: ((unix_time >= '1685451550.318'::double precision) AND (unix_time <= '1685451610.318'::double precision))
   ->  Subquery Scan on "*SELECT* 771"  (cost=97.82..97.83 rows=1 width=76)
         ->  Limit  (cost=97.82..97.82 rows=1 width=84)
               ->  Sort  (cost=97.82..97.82 rows=1 width=84)
                     Sort Key: (st_distance(st_transform(s_770.the_geom, 25833), schw_770.schw))
                     ->  Nested Loop  (cost=0.00..97.81 rows=1 width=84)
                           Join Filter: ((st_transform(s_770.the_geom, 25833) && st_expand(schw_770.schw, '300'::double precision)) AND (schw_770.schw && st_expand(st_transform(s_770.the_geom, 25833), '300'::double precision)) AND _st_dwithin(st_transform(s_770.the_geom, 25833), schw_770.schw, '300'::double precision))
                           ->  Function Scan on schw_770  (cost=0.00..0.01 rows=1 width=32)
                           ->  Seq Scan on phoml_trajectory_tmp s_770  (cost=0.00..95.68 rows=17 width=40)
                                 Filter: ((unix_time >= '1685451550.648'::double precision) AND (unix_time <= '1685451610.648'::double precision))
   ->  Subquery Scan on "*SELECT* 772"  (cost=97.82..97.83 rows=1 width=76)
         ->  Limit  (cost=97.82..97.82 rows=1 width=84)
               ->  Sort  (cost=97.82..97.82 rows=1 width=84)
                     Sort Key: (st_distance(st_transform(s_771.the_geom, 25833), schw_771.schw))
                     ->  Nested Loop  (cost=0.00..97.81 rows=1 width=84)
                           Join Filter: ((st_transform(s_771.the_geom, 25833) && st_expand(schw_771.schw, '300'::double precision)) AND (schw_771.schw && st_expand(st_transform(s_771.the_geom, 25833), '300'::double precision)) AND _st_dwithin(st_transform(s_771.the_geom, 25833), schw_771.schw, '300'::double precision))
                           ->  Function Scan on schw_771  (cost=0.00..0.01 rows=1 width=32)
                           ->  Seq Scan on phoml_trajectory_tmp s_771  (cost=0.00..95.68 rows=17 width=40)
                                 Filter: ((unix_time >= '1685451550.988'::double precision) AND (unix_time <= '1685451610.988'::double precision))
   ->  Subquery Scan on "*SELECT* 773"  (cost=97.82..97.83 rows=1 width=76)
         ->  Limit  (cost=97.82..97.82 rows=1 width=84)
               ->  Sort  (cost=97.82..97.82 rows=1 width=84)
                     Sort Key: (st_distance(st_transform(s_772.the_geom, 25833), schw_772.schw))
                     ->  Nested Loop  (cost=0.00..97.81 rows=1 width=84)
                           Join Filter: ((st_transform(s_772.the_geom, 25833) && st_expand(schw_772.schw, '300'::double precision)) AND (schw_772.schw && st_expand(st_transform(s_772.the_geom, 25833), '300'::double precision)) AND _st_dwithin(st_transform(s_772.the_geom, 25833), schw_772.schw, '300'::double precision))
                           ->  Function Scan on schw_772  (cost=0.00..0.01 rows=1 width=32)
                           ->  Seq Scan on phoml_trajectory_tmp s_772  (cost=0.00..95.68 rows=17 width=40)
                                 Filter: ((unix_time >= '1685451551.318'::double precision) AND (unix_time <= '1685451611.318'::double precision))
   ->  Subquery Scan on "*SELECT* 774"  (cost=97.82..97.83 rows=1 width=76)
         ->  Limit  (cost=97.82..97.82 rows=1 width=84)
               ->  Sort  (cost=97.82..97.82 rows=1 width=84)
                     Sort Key: (st_distance(st_transform(s_773.the_geom, 25833), schw_773.schw))
                     ->  Nested Loop  (cost=0.00..97.81 rows=1 width=84)
                           Join Filter: ((st_transform(s_773.the_geom, 25833) && st_expand(schw_773.schw, '300'::double precision)) AND (schw_773.schw && st_expand(st_transform(s_773.the_geom, 25833), '300'::double precision)) AND _st_dwithin(st_transform(s_773.the_geom, 25833), schw_773.schw, '300'::double precision))
                           ->  Function Scan on schw_773  (cost=0.00..0.01 rows=1 width=32)
                           ->  Seq Scan on phoml_trajectory_tmp s_773  (cost=0.00..95.68 rows=17 width=40)
                                 Filter: ((unix_time >= '1685451551.658'::double precision) AND (unix_time <= '1685451611.658'::double precision))
   ->  Subquery Scan on "*SELECT* 775"  (cost=97.82..97.83 rows=1 width=76)
         ->  Limit  (cost=97.82..97.82 rows=1 width=84)
               ->  Sort  (cost=97.82..97.82 rows=1 width=84)
                     Sort Key: (st_distance(st_transform(s_774.the_geom, 25833), schw_774.schw))
                     ->  Nested Loop  (cost=0.00..97.81 rows=1 width=84)
                           Join Filter: ((st_transform(s_774.the_geom, 25833) && st_expand(schw_774.schw, '300'::double precision)) AND (schw_774.schw && st_expand(st_transform(s_774.the_geom, 25833), '300'::double precision)) AND _st_dwithin(st_transform(s_774.the_geom, 25833), schw_774.schw, '300'::double precision))
                           ->  Function Scan on schw_774  (cost=0.00..0.01 rows=1 width=32)
                           ->  Seq Scan on phoml_trajectory_tmp s_774  (cost=0.00..95.68 rows=17 width=40)
                                 Filter: ((unix_time >= '1685451551.988'::double precision) AND (unix_time <= '1685451611.988'::double precision))
   ->  Subquery Scan on "*SELECT* 776"  (cost=97.82..97.83 rows=1 width=76)
         ->  Limit  (cost=97.82..97.82 rows=1 width=84)
               ->  Sort  (cost=97.82..97.82 rows=1 width=84)
                     Sort Key: (st_distance(st_transform(s_775.the_geom, 25833), schw_775.schw))
                     ->  Nested Loop  (cost=0.00..97.81 rows=1 width=84)
                           Join Filter: ((st_transform(s_775.the_geom, 25833) && st_expand(schw_775.schw, '300'::double precision)) AND (schw_775.schw && st_expand(st_transform(s_775.the_geom, 25833), '300'::double precision)) AND _st_dwithin(st_transform(s_775.the_geom, 25833), schw_775.schw, '300'::double precision))
                           ->  Function Scan on schw_775  (cost=0.00..0.01 rows=1 width=32)
                           ->  Seq Scan on phoml_trajectory_tmp s_775  (cost=0.00..95.68 rows=17 width=40)
                                 Filter: ((unix_time >= '1685451552.325'::double precision) AND (unix_time <= '1685451612.325'::double precision))
   ->  Subquery Scan on "*SELECT* 777"  (cost=97.82..97.83 rows=1 width=76)
         ->  Limit  (cost=97.82..97.82 rows=1 width=84)
               ->  Sort  (cost=97.82..97.82 rows=1 width=84)
                     Sort Key: (st_distance(st_transform(s_776.the_geom, 25833), schw_776.schw))
                     ->  Nested Loop  (cost=0.00..97.81 rows=1 width=84)
                           Join Filter: ((st_transform(s_776.the_geom, 25833) && st_expand(schw_776.schw, '300'::double precision)) AND (schw_776.schw && st_expand(st_transform(s_776.the_geom, 25833), '300'::double precision)) AND _st_dwithin(st_transform(s_776.the_geom, 25833), schw_776.schw, '300'::double precision))
                           ->  Function Scan on schw_776  (cost=0.00..0.01 rows=1 width=32)
                           ->  Seq Scan on phoml_trajectory_tmp s_776  (cost=0.00..95.68 rows=17 width=40)
                                 Filter: ((unix_time >= '1685451552.655'::double precision) AND (unix_time <= '1685451612.655'::double precision))
   ->  Subquery Scan on "*SELECT* 778"  (cost=97.82..97.83 rows=1 width=76)
         ->  Limit  (cost=97.82..97.82 rows=1 width=84)
               ->  Sort  (cost=97.82..97.82 rows=1 width=84)
                     Sort Key: (st_distance(st_transform(s_777.the_geom, 25833), schw_777.schw))
                     ->  Nested Loop  (cost=0.00..97.81 rows=1 width=84)
                           Join Filter: ((st_transform(s_777.the_geom, 25833) && st_expand(schw_777.schw, '300'::double precision)) AND (schw_777.schw && st_expand(st_transform(s_777.the_geom, 25833), '300'::double precision)) AND _st_dwithin(st_transform(s_777.the_geom, 25833), schw_777.schw, '300'::double precision))
                           ->  Function Scan on schw_777  (cost=0.00..0.01 rows=1 width=32)
                           ->  Seq Scan on phoml_trajectory_tmp s_777  (cost=0.00..95.68 rows=17 width=40)
                                 Filter: ((unix_time >= '1685451552.985'::double precision) AND (unix_time <= '1685451612.985'::double precision))
   ->  Subquery Scan on "*SELECT* 779"  (cost=97.82..97.83 rows=1 width=76)
         ->  Limit  (cost=97.82..97.82 rows=1 width=84)
               ->  Sort  (cost=97.82..97.82 rows=1 width=84)
                     Sort Key: (st_distance(st_transform(s_778.the_geom, 25833), schw_778.schw))
                     ->  Nested Loop  (cost=0.00..97.81 rows=1 width=84)
                           Join Filter: ((st_transform(s_778.the_geom, 25833) && st_expand(schw_778.schw, '300'::double precision)) AND (schw_778.schw && st_expand(st_transform(s_778.the_geom, 25833), '300'::double precision)) AND _st_dwithin(st_transform(s_778.the_geom, 25833), schw_778.schw, '300'::double precision))
                           ->  Function Scan on schw_778  (cost=0.00..0.01 rows=1 width=32)
                           ->  Seq Scan on phoml_trajectory_tmp s_778  (cost=0.00..95.68 rows=17 width=40)
                                 Filter: ((unix_time >= '1685451553.32'::double precision) AND (unix_time <= '1685451613.32'::double precision))
   ->  Subquery Scan on "*SELECT* 780"  (cost=97.82..97.83 rows=1 width=76)
         ->  Limit  (cost=97.82..97.82 rows=1 width=84)
               ->  Sort  (cost=97.82..97.82 rows=1 width=84)
                     Sort Key: (st_distance(st_transform(s_779.the_geom, 25833), schw_779.schw))
                     ->  Nested Loop  (cost=0.00..97.81 rows=1 width=84)
                           Join Filter: ((st_transform(s_779.the_geom, 25833) && st_expand(schw_779.schw, '300'::double precision)) AND (schw_779.schw && st_expand(st_transform(s_779.the_geom, 25833), '300'::double precision)) AND _st_dwithin(st_transform(s_779.the_geom, 25833), schw_779.schw, '300'::double precision))
                           ->  Function Scan on schw_779  (cost=0.00..0.01 rows=1 width=32)
                           ->  Seq Scan on phoml_trajectory_tmp s_779  (cost=0.00..95.68 rows=17 width=40)
                                 Filter: ((unix_time >= '1685451553.66'::double precision) AND (unix_time <= '1685451613.66'::double precision))
   ->  Subquery Scan on "*SELECT* 781"  (cost=97.82..97.83 rows=1 width=76)
         ->  Limit  (cost=97.82..97.82 rows=1 width=84)
               ->  Sort  (cost=97.82..97.82 rows=1 width=84)
                     Sort Key: (st_distance(st_transform(s_780.the_geom, 25833), schw_780.schw))
                     ->  Nested Loop  (cost=0.00..97.81 rows=1 width=84)
                           Join Filter: ((st_transform(s_780.the_geom, 25833) && st_expand(schw_780.schw, '300'::double precision)) AND (schw_780.schw && st_expand(st_transform(s_780.the_geom, 25833), '300'::double precision)) AND _st_dwithin(st_transform(s_780.the_geom, 25833), schw_780.schw, '300'::double precision))
                           ->  Function Scan on schw_780  (cost=0.00..0.01 rows=1 width=32)
                           ->  Seq Scan on phoml_trajectory_tmp s_780  (cost=0.00..95.68 rows=17 width=40)
                                 Filter: ((unix_time >= '1685451553.99'::double precision) AND (unix_time <= '1685451613.99'::double precision))
   ->  Subquery Scan on "*SELECT* 782"  (cost=97.82..97.83 rows=1 width=76)
         ->  Limit  (cost=97.82..97.82 rows=1 width=84)
               ->  Sort  (cost=97.82..97.82 rows=1 width=84)
                     Sort Key: (st_distance(st_transform(s_781.the_geom, 25833), schw_781.schw))
                     ->  Nested Loop  (cost=0.00..97.81 rows=1 width=84)
                           Join Filter: ((st_transform(s_781.the_geom, 25833) && st_expand(schw_781.schw, '300'::double precision)) AND (schw_781.schw && st_expand(st_transform(s_781.the_geom, 25833), '300'::double precision)) AND _st_dwithin(st_transform(s_781.the_geom, 25833), schw_781.schw, '300'::double precision))
                           ->  Function Scan on schw_781  (cost=0.00..0.01 rows=1 width=32)
                           ->  Seq Scan on phoml_trajectory_tmp s_781  (cost=0.00..95.68 rows=17 width=40)
                                 Filter: ((unix_time >= '1685451554.326'::double precision) AND (unix_time <= '1685451614.326'::double precision))
   ->  Subquery Scan on "*SELECT* 783"  (cost=97.82..97.83 rows=1 width=76)
         ->  Limit  (cost=97.82..97.82 rows=1 width=84)
               ->  Sort  (cost=97.82..97.82 rows=1 width=84)
                     Sort Key: (st_distance(st_transform(s_782.the_geom, 25833), schw_782.schw))
                     ->  Nested Loop  (cost=0.00..97.81 rows=1 width=84)
                           Join Filter: ((st_transform(s_782.the_geom, 25833) && st_expand(schw_782.schw, '300'::double precision)) AND (schw_782.schw && st_expand(st_transform(s_782.the_geom, 25833), '300'::double precision)) AND _st_dwithin(st_transform(s_782.the_geom, 25833), schw_782.schw, '300'::double precision))
                           ->  Function Scan on schw_782  (cost=0.00..0.01 rows=1 width=32)
                           ->  Seq Scan on phoml_trajectory_tmp s_782  (cost=0.00..95.68 rows=17 width=40)
                                 Filter: ((unix_time >= '1685451554.655'::double precision) AND (unix_time <= '1685451614.655'::double precision))
   ->  Subquery Scan on "*SELECT* 784"  (cost=97.82..97.83 rows=1 width=76)
         ->  Limit  (cost=97.82..97.82 rows=1 width=84)
               ->  Sort  (cost=97.82..97.82 rows=1 width=84)
                     Sort Key: (st_distance(st_transform(s_783.the_geom, 25833), schw_783.schw))
                     ->  Nested Loop  (cost=0.00..97.81 rows=1 width=84)
                           Join Filter: ((st_transform(s_783.the_geom, 25833) && st_expand(schw_783.schw, '300'::double precision)) AND (schw_783.schw && st_expand(st_transform(s_783.the_geom, 25833), '300'::double precision)) AND _st_dwithin(st_transform(s_783.the_geom, 25833), schw_783.schw, '300'::double precision))
                           ->  Function Scan on schw_783  (cost=0.00..0.01 rows=1 width=32)
                           ->  Seq Scan on phoml_trajectory_tmp s_783  (cost=0.00..95.68 rows=17 width=40)
                                 Filter: ((unix_time >= '1685451554.995'::double precision) AND (unix_time <= '1685451614.995'::double precision))
   ->  Subquery Scan on "*SELECT* 785"  (cost=97.82..97.83 rows=1 width=76)
         ->  Limit  (cost=97.82..97.82 rows=1 width=84)
               ->  Sort  (cost=97.82..97.82 rows=1 width=84)
                     Sort Key: (st_distance(st_transform(s_784.the_geom, 25833), schw_784.schw))
                     ->  Nested Loop  (cost=0.00..97.81 rows=1 width=84)
                           Join Filter: ((st_transform(s_784.the_geom, 25833) && st_expand(schw_784.schw, '300'::double precision)) AND (schw_784.schw && st_expand(st_transform(s_784.the_geom, 25833), '300'::double precision)) AND _st_dwithin(st_transform(s_784.the_geom, 25833), schw_784.schw, '300'::double precision))
                           ->  Function Scan on schw_784  (cost=0.00..0.01 rows=1 width=32)
                           ->  Seq Scan on phoml_trajectory_tmp s_784  (cost=0.00..95.68 rows=17 width=40)
                                 Filter: ((unix_time >= '1685451555.331'::double precision) AND (unix_time <= '1685451615.331'::double precision))
   ->  Subquery Scan on "*SELECT* 786"  (cost=97.82..97.83 rows=1 width=76)
         ->  Limit  (cost=97.82..97.82 rows=1 width=84)
               ->  Sort  (cost=97.82..97.82 rows=1 width=84)
                     Sort Key: (st_distance(st_transform(s_785.the_geom, 25833), schw_785.schw))
                     ->  Nested Loop  (cost=0.00..97.81 rows=1 width=84)
                           Join Filter: ((st_transform(s_785.the_geom, 25833) && st_expand(schw_785.schw, '300'::double precision)) AND (schw_785.schw && st_expand(st_transform(s_785.the_geom, 25833), '300'::double precision)) AND _st_dwithin(st_transform(s_785.the_geom, 25833), schw_785.schw, '300'::double precision))
                           ->  Function Scan on schw_785  (cost=0.00..0.01 rows=1 width=32)
                           ->  Seq Scan on phoml_trajectory_tmp s_785  (cost=0.00..95.68 rows=17 width=40)
                                 Filter: ((unix_time >= '1685451555.671'::double precision) AND (unix_time <= '1685451615.671'::double precision))
   ->  Subquery Scan on "*SELECT* 787"  (cost=97.82..97.83 rows=1 width=76)
         ->  Limit  (cost=97.82..97.82 rows=1 width=84)
               ->  Sort  (cost=97.82..97.82 rows=1 width=84)
                     Sort Key: (st_distance(st_transform(s_786.the_geom, 25833), schw_786.schw))
                     ->  Nested Loop  (cost=0.00..97.81 rows=1 width=84)
                           Join Filter: ((st_transform(s_786.the_geom, 25833) && st_expand(schw_786.schw, '300'::double precision)) AND (schw_786.schw && st_expand(st_transform(s_786.the_geom, 25833), '300'::double precision)) AND _st_dwithin(st_transform(s_786.the_geom, 25833), schw_786.schw, '300'::double precision))
                           ->  Function Scan on schw_786  (cost=0.00..0.01 rows=1 width=32)
                           ->  Seq Scan on phoml_trajectory_tmp s_786  (cost=0.00..95.68 rows=17 width=40)
                                 Filter: ((unix_time >= '1685451556.001'::double precision) AND (unix_time <= '1685451616.001'::double precision))
   ->  Subquery Scan on "*SELECT* 788"  (cost=97.82..97.83 rows=1 width=76)
         ->  Limit  (cost=97.82..97.82 rows=1 width=84)
               ->  Sort  (cost=97.82..97.82 rows=1 width=84)
                     Sort Key: (st_distance(st_transform(s_787.the_geom, 25833), schw_787.schw))
                     ->  Nested Loop  (cost=0.00..97.81 rows=1 width=84)
                           Join Filter: ((st_transform(s_787.the_geom, 25833) && st_expand(schw_787.schw, '300'::double precision)) AND (schw_787.schw && st_expand(st_transform(s_787.the_geom, 25833), '300'::double precision)) AND _st_dwithin(st_transform(s_787.the_geom, 25833), schw_787.schw, '300'::double precision))
                           ->  Function Scan on schw_787  (cost=0.00..0.01 rows=1 width=32)
                           ->  Seq Scan on phoml_trajectory_tmp s_787  (cost=0.00..95.68 rows=17 width=40)
                                 Filter: ((unix_time >= '1685451556.357'::double precision) AND (unix_time <= '1685451616.357'::double precision))
   ->  Subquery Scan on "*SELECT* 789"  (cost=97.82..97.83 rows=1 width=76)
         ->  Limit  (cost=97.82..97.82 rows=1 width=84)
               ->  Sort  (cost=97.82..97.82 rows=1 width=84)
                     Sort Key: (st_distance(st_transform(s_788.the_geom, 25833), schw_788.schw))
                     ->  Nested Loop  (cost=0.00..97.81 rows=1 width=84)
                           Join Filter: ((st_transform(s_788.the_geom, 25833) && st_expand(schw_788.schw, '300'::double precision)) AND (schw_788.schw && st_expand(st_transform(s_788.the_geom, 25833), '300'::double precision)) AND _st_dwithin(st_transform(s_788.the_geom, 25833), schw_788.schw, '300'::double precision))
                           ->  Function Scan on schw_788  (cost=0.00..0.01 rows=1 width=32)
                           ->  Seq Scan on phoml_trajectory_tmp s_788  (cost=0.00..95.68 rows=17 width=40)
                                 Filter: ((unix_time >= '1685451556.707'::double precision) AND (unix_time <= '1685451616.707'::double precision))
   ->  Subquery Scan on "*SELECT* 790"  (cost=97.82..97.83 rows=1 width=76)
         ->  Limit  (cost=97.82..97.82 rows=1 width=84)
               ->  Sort  (cost=97.82..97.82 rows=1 width=84)
                     Sort Key: (st_distance(st_transform(s_789.the_geom, 25833), schw_789.schw))
                     ->  Nested Loop  (cost=0.00..97.81 rows=1 width=84)
                           Join Filter: ((st_transform(s_789.the_geom, 25833) && st_expand(schw_789.schw, '300'::double precision)) AND (schw_789.schw && st_expand(st_transform(s_789.the_geom, 25833), '300'::double precision)) AND _st_dwithin(st_transform(s_789.the_geom, 25833), schw_789.schw, '300'::double precision))
                           ->  Function Scan on schw_789  (cost=0.00..0.01 rows=1 width=32)
                           ->  Seq Scan on phoml_trajectory_tmp s_789  (cost=0.00..95.68 rows=17 width=40)
                                 Filter: ((unix_time >= '1685451557.057'::double precision) AND (unix_time <= '1685451617.057'::double precision))
   ->  Subquery Scan on "*SELECT* 791"  (cost=97.82..97.83 rows=1 width=76)
         ->  Limit  (cost=97.82..97.82 rows=1 width=84)
               ->  Sort  (cost=97.82..97.82 rows=1 width=84)
                     Sort Key: (st_distance(st_transform(s_790.the_geom, 25833), schw_790.schw))
                     ->  Nested Loop  (cost=0.00..97.81 rows=1 width=84)
                           Join Filter: ((st_transform(s_790.the_geom, 25833) && st_expand(schw_790.schw, '300'::double precision)) AND (schw_790.schw && st_expand(st_transform(s_790.the_geom, 25833), '300'::double precision)) AND _st_dwithin(st_transform(s_790.the_geom, 25833), schw_790.schw, '300'::double precision))
                           ->  Function Scan on schw_790  (cost=0.00..0.01 rows=1 width=32)
                           ->  Seq Scan on phoml_trajectory_tmp s_790  (cost=0.00..95.68 rows=17 width=40)
                                 Filter: ((unix_time >= '1685451557.413'::double precision) AND (unix_time <= '1685451617.413'::double precision))
   ->  Subquery Scan on "*SELECT* 792"  (cost=97.82..97.83 rows=1 width=76)
         ->  Limit  (cost=97.82..97.82 rows=1 width=84)
               ->  Sort  (cost=97.82..97.82 rows=1 width=84)
                     Sort Key: (st_distance(st_transform(s_791.the_geom, 25833), schw_791.schw))
                     ->  Nested Loop  (cost=0.00..97.81 rows=1 width=84)
                           Join Filter: ((st_transform(s_791.the_geom, 25833) && st_expand(schw_791.schw, '300'::double precision)) AND (schw_791.schw && st_expand(st_transform(s_791.the_geom, 25833), '300'::double precision)) AND _st_dwithin(st_transform(s_791.the_geom, 25833), schw_791.schw, '300'::double precision))
                           ->  Function Scan on schw_791  (cost=0.00..0.01 rows=1 width=32)
                           ->  Seq Scan on phoml_trajectory_tmp s_791  (cost=0.00..95.68 rows=17 width=40)
                                 Filter: ((unix_time >= '1685451557.773'::double precision) AND (unix_time <= '1685451617.773'::double precision))
   ->  Subquery Scan on "*SELECT* 793"  (cost=97.82..97.83 rows=1 width=76)
         ->  Limit  (cost=97.82..97.82 rows=1 width=84)
               ->  Sort  (cost=97.82..97.82 rows=1 width=84)
                     Sort Key: (st_distance(st_transform(s_792.the_geom, 25833), schw_792.schw))
                     ->  Nested Loop  (cost=0.00..97.81 rows=1 width=84)
                           Join Filter: ((st_transform(s_792.the_geom, 25833) && st_expand(schw_792.schw, '300'::double precision)) AND (schw_792.schw && st_expand(st_transform(s_792.the_geom, 25833), '300'::double precision)) AND _st_dwithin(st_transform(s_792.the_geom, 25833), schw_792.schw, '300'::double precision))
                           ->  Function Scan on schw_792  (cost=0.00..0.01 rows=1 width=32)
                           ->  Seq Scan on phoml_trajectory_tmp s_792  (cost=0.00..95.68 rows=17 width=40)
                                 Filter: ((unix_time >= '1685451558.143'::double precision) AND (unix_time <= '1685451618.143'::double precision))
   ->  Subquery Scan on "*SELECT* 794"  (cost=97.82..97.83 rows=1 width=76)
         ->  Limit  (cost=97.82..97.82 rows=1 width=84)
               ->  Sort  (cost=97.82..97.82 rows=1 width=84)
                     Sort Key: (st_distance(st_transform(s_793.the_geom, 25833), schw_793.schw))
                     ->  Nested Loop  (cost=0.00..97.81 rows=1 width=84)
                           Join Filter: ((st_transform(s_793.the_geom, 25833) && st_expand(schw_793.schw, '300'::double precision)) AND (schw_793.schw && st_expand(st_transform(s_793.the_geom, 25833), '300'::double precision)) AND _st_dwithin(st_transform(s_793.the_geom, 25833), schw_793.schw, '300'::double precision))
                           ->  Function Scan on schw_793  (cost=0.00..0.01 rows=1 width=32)
                           ->  Seq Scan on phoml_trajectory_tmp s_793  (cost=0.00..95.68 rows=17 width=40)
                                 Filter: ((unix_time >= '1685451558.502'::double precision) AND (unix_time <= '1685451618.502'::double precision))
   ->  Subquery Scan on "*SELECT* 795"  (cost=97.82..97.83 rows=1 width=76)
         ->  Limit  (cost=97.82..97.82 rows=1 width=84)
               ->  Sort  (cost=97.82..97.82 rows=1 width=84)
                     Sort Key: (st_distance(st_transform(s_794.the_geom, 25833), schw_794.schw))
                     ->  Nested Loop  (cost=0.00..97.81 rows=1 width=84)
                           Join Filter: ((st_transform(s_794.the_geom, 25833) && st_expand(schw_794.schw, '300'::double precision)) AND (schw_794.schw && st_expand(st_transform(s_794.the_geom, 25833), '300'::double precision)) AND _st_dwithin(st_transform(s_794.the_geom, 25833), schw_794.schw, '300'::double precision))
                           ->  Function Scan on schw_794  (cost=0.00..0.01 rows=1 width=32)
                           ->  Seq Scan on phoml_trajectory_tmp s_794  (cost=0.00..95.68 rows=17 width=40)
                                 Filter: ((unix_time >= '1685451558.882'::double precision) AND (unix_time <= '1685451618.882'::double precision))
   ->  Subquery Scan on "*SELECT* 796"  (cost=97.82..97.83 rows=1 width=76)
         ->  Limit  (cost=97.82..97.82 rows=1 width=84)
               ->  Sort  (cost=97.82..97.82 rows=1 width=84)
                     Sort Key: (st_distance(st_transform(s_795.the_geom, 25833), schw_795.schw))
                     ->  Nested Loop  (cost=0.00..97.81 rows=1 width=84)
                           Join Filter: ((st_transform(s_795.the_geom, 25833) && st_expand(schw_795.schw, '300'::double precision)) AND (schw_795.schw && st_expand(st_transform(s_795.the_geom, 25833), '300'::double precision)) AND _st_dwithin(st_transform(s_795.the_geom, 25833), schw_795.schw, '300'::double precision))
                           ->  Function Scan on schw_795  (cost=0.00..0.01 rows=1 width=32)
                           ->  Seq Scan on phoml_trajectory_tmp s_795  (cost=0.00..95.68 rows=17 width=40)
                                 Filter: ((unix_time >= '1685451559.255'::double precision) AND (unix_time <= '1685451619.255'::double precision))
   ->  Subquery Scan on "*SELECT* 797"  (cost=97.82..97.83 rows=1 width=76)
         ->  Limit  (cost=97.82..97.82 rows=1 width=84)
               ->  Sort  (cost=97.82..97.82 rows=1 width=84)
                     Sort Key: (st_distance(st_transform(s_796.the_geom, 25833), schw_796.schw))
                     ->  Nested Loop  (cost=0.00..97.81 rows=1 width=84)
                           Join Filter: ((st_transform(s_796.the_geom, 25833) && st_expand(schw_796.schw, '300'::double precision)) AND (schw_796.schw && st_expand(st_transform(s_796.the_geom, 25833), '300'::double precision)) AND _st_dwithin(st_transform(s_796.the_geom, 25833), schw_796.schw, '300'::double precision))
                           ->  Function Scan on schw_796  (cost=0.00..0.01 rows=1 width=32)
                           ->  Seq Scan on phoml_trajectory_tmp s_796  (cost=0.00..95.68 rows=17 width=40)
                                 Filter: ((unix_time >= '1685451559.645'::double precision) AND (unix_time <= '1685451619.645'::double precision))
   ->  Subquery Scan on "*SELECT* 798"  (cost=97.82..97.83 rows=1 width=76)
         ->  Limit  (cost=97.82..97.82 rows=1 width=84)
               ->  Sort  (cost=97.82..97.82 rows=1 width=84)
                     Sort Key: (st_distance(st_transform(s_797.the_geom, 25833), schw_797.schw))
                     ->  Nested Loop  (cost=0.00..97.81 rows=1 width=84)
                           Join Filter: ((st_transform(s_797.the_geom, 25833) && st_expand(schw_797.schw, '300'::double precision)) AND (schw_797.schw && st_expand(st_transform(s_797.the_geom, 25833), '300'::double precision)) AND _st_dwithin(st_transform(s_797.the_geom, 25833), schw_797.schw, '300'::double precision))
                           ->  Function Scan on schw_797  (cost=0.00..0.01 rows=1 width=32)
                           ->  Seq Scan on phoml_trajectory_tmp s_797  (cost=0.00..95.68 rows=17 width=40)
                                 Filter: ((unix_time >= '1685451560.025'::double precision) AND (unix_time <= '1685451620.025'::double precision))
   ->  Subquery Scan on "*SELECT* 799"  (cost=97.82..97.83 rows=1 width=76)
         ->  Limit  (cost=97.82..97.82 rows=1 width=84)
               ->  Sort  (cost=97.82..97.82 rows=1 width=84)
                     Sort Key: (st_distance(st_transform(s_798.the_geom, 25833), schw_798.schw))
                     ->  Nested Loop  (cost=0.00..97.81 rows=1 width=84)
                           Join Filter: ((st_transform(s_798.the_geom, 25833) && st_expand(schw_798.schw, '300'::double precision)) AND (schw_798.schw && st_expand(st_transform(s_798.the_geom, 25833), '300'::double precision)) AND _st_dwithin(st_transform(s_798.the_geom, 25833), schw_798.schw, '300'::double precision))
                           ->  Function Scan on schw_798  (cost=0.00..0.01 rows=1 width=32)
                           ->  Seq Scan on phoml_trajectory_tmp s_798  (cost=0.00..95.68 rows=17 width=40)
                                 Filter: ((unix_time >= '1685451560.41'::double precision) AND (unix_time <= '1685451620.41'::double precision))
   ->  Subquery Scan on "*SELECT* 800"  (cost=97.82..97.83 rows=1 width=76)
         ->  Limit  (cost=97.82..97.82 rows=1 width=84)
               ->  Sort  (cost=97.82..97.82 rows=1 width=84)
                     Sort Key: (st_distance(st_transform(s_799.the_geom, 25833), schw_799.schw))
                     ->  Nested Loop  (cost=0.00..97.81 rows=1 width=84)
                           Join Filter: ((st_transform(s_799.the_geom, 25833) && st_expand(schw_799.schw, '300'::double precision)) AND (schw_799.schw && st_expand(st_transform(s_799.the_geom, 25833), '300'::double precision)) AND _st_dwithin(st_transform(s_799.the_geom, 25833), schw_799.schw, '300'::double precision))
                           ->  Function Scan on schw_799  (cost=0.00..0.01 rows=1 width=32)
                           ->  Seq Scan on phoml_trajectory_tmp s_799  (cost=0.00..95.68 rows=17 width=40)
                                 Filter: ((unix_time >= '1685451560.8'::double precision) AND (unix_time <= '1685451620.8'::double precision))
   ->  Subquery Scan on "*SELECT* 801"  (cost=97.82..97.83 rows=1 width=76)
         ->  Limit  (cost=97.82..97.82 rows=1 width=84)
               ->  Sort  (cost=97.82..97.82 rows=1 width=84)
                     Sort Key: (st_distance(st_transform(s_800.the_geom, 25833), schw_800.schw))
                     ->  Nested Loop  (cost=0.00..97.81 rows=1 width=84)
                           Join Filter: ((st_transform(s_800.the_geom, 25833) && st_expand(schw_800.schw, '300'::double precision)) AND (schw_800.schw && st_expand(st_transform(s_800.the_geom, 25833), '300'::double precision)) AND _st_dwithin(st_transform(s_800.the_geom, 25833), schw_800.schw, '300'::double precision))
                           ->  Function Scan on schw_800  (cost=0.00..0.01 rows=1 width=32)
                           ->  Seq Scan on phoml_trajectory_tmp s_800  (cost=0.00..95.68 rows=17 width=40)
                                 Filter: ((unix_time >= '1685451561.192'::double precision) AND (unix_time <= '1685451621.192'::double precision))
   ->  Subquery Scan on "*SELECT* 802"  (cost=97.82..97.83 rows=1 width=76)
         ->  Limit  (cost=97.82..97.82 rows=1 width=84)
               ->  Sort  (cost=97.82..97.82 rows=1 width=84)
                     Sort Key: (st_distance(st_transform(s_801.the_geom, 25833), schw_801.schw))
                     ->  Nested Loop  (cost=0.00..97.81 rows=1 width=84)
                           Join Filter: ((st_transform(s_801.the_geom, 25833) && st_expand(schw_801.schw, '300'::double precision)) AND (schw_801.schw && st_expand(st_transform(s_801.the_geom, 25833), '300'::double precision)) AND _st_dwithin(st_transform(s_801.the_geom, 25833), schw_801.schw, '300'::double precision))
                           ->  Function Scan on schw_801  (cost=0.00..0.01 rows=1 width=32)
                           ->  Seq Scan on phoml_trajectory_tmp s_801  (cost=0.00..95.68 rows=17 width=40)
                                 Filter: ((unix_time >= '1685451561.582'::double precision) AND (unix_time <= '1685451621.582'::double precision))
   ->  Subquery Scan on "*SELECT* 803"  (cost=97.82..97.83 rows=1 width=76)
         ->  Limit  (cost=97.82..97.82 rows=1 width=84)
               ->  Sort  (cost=97.82..97.82 rows=1 width=84)
                     Sort Key: (st_distance(st_transform(s_802.the_geom, 25833), schw_802.schw))
                     ->  Nested Loop  (cost=0.00..97.81 rows=1 width=84)
                           Join Filter: ((st_transform(s_802.the_geom, 25833) && st_expand(schw_802.schw, '300'::double precision)) AND (schw_802.schw && st_expand(st_transform(s_802.the_geom, 25833), '300'::double precision)) AND _st_dwithin(st_transform(s_802.the_geom, 25833), schw_802.schw, '300'::double precision))
                           ->  Function Scan on schw_802  (cost=0.00..0.01 rows=1 width=32)
                           ->  Seq Scan on phoml_trajectory_tmp s_802  (cost=0.00..95.68 rows=17 width=40)
                                 Filter: ((unix_time >= '1685451561.982'::double precision) AND (unix_time <= '1685451621.982'::double precision))
   ->  Subquery Scan on "*SELECT* 804"  (cost=97.82..97.83 rows=1 width=76)
         ->  Limit  (cost=97.82..97.82 rows=1 width=84)
               ->  Sort  (cost=97.82..97.82 rows=1 width=84)
                     Sort Key: (st_distance(st_transform(s_803.the_geom, 25833), schw_803.schw))
                     ->  Nested Loop  (cost=0.00..97.81 rows=1 width=84)
                           Join Filter: ((st_transform(s_803.the_geom, 25833) && st_expand(schw_803.schw, '300'::double precision)) AND (schw_803.schw && st_expand(st_transform(s_803.the_geom, 25833), '300'::double precision)) AND _st_dwithin(st_transform(s_803.the_geom, 25833), schw_803.schw, '300'::double precision))
                           ->  Function Scan on schw_803  (cost=0.00..0.01 rows=1 width=32)
                           ->  Seq Scan on phoml_trajectory_tmp s_803  (cost=0.00..95.68 rows=17 width=40)
                                 Filter: ((unix_time >= '1685451562.366'::double precision) AND (unix_time <= '1685451622.366'::double precision))
   ->  Subquery Scan on "*SELECT* 805"  (cost=97.82..97.83 rows=1 width=76)
         ->  Limit  (cost=97.82..97.82 rows=1 width=84)
               ->  Sort  (cost=97.82..97.82 rows=1 width=84)
                     Sort Key: (st_distance(st_transform(s_804.the_geom, 25833), schw_804.schw))
                     ->  Nested Loop  (cost=0.00..97.81 rows=1 width=84)
                           Join Filter: ((st_transform(s_804.the_geom, 25833) && st_expand(schw_804.schw, '300'::double precision)) AND (schw_804.schw && st_expand(st_transform(s_804.the_geom, 25833), '300'::double precision)) AND _st_dwithin(st_transform(s_804.the_geom, 25833), schw_804.schw, '300'::double precision))
                           ->  Function Scan on schw_804  (cost=0.00..0.01 rows=1 width=32)
                           ->  Seq Scan on phoml_trajectory_tmp s_804  (cost=0.00..95.68 rows=17 width=40)
                                 Filter: ((unix_time >= '1685451562.756'::double precision) AND (unix_time <= '1685451622.756'::double precision))
   ->  Subquery Scan on "*SELECT* 806"  (cost=97.82..97.83 rows=1 width=76)
         ->  Limit  (cost=97.82..97.82 rows=1 width=84)
               ->  Sort  (cost=97.82..97.82 rows=1 width=84)
                     Sort Key: (st_distance(st_transform(s_805.the_geom, 25833), schw_805.schw))
                     ->  Nested Loop  (cost=0.00..97.81 rows=1 width=84)
                           Join Filter: ((st_transform(s_805.the_geom, 25833) && st_expand(schw_805.schw, '300'::double precision)) AND (schw_805.schw && st_expand(st_transform(s_805.the_geom, 25833), '300'::double precision)) AND _st_dwithin(st_transform(s_805.the_geom, 25833), schw_805.schw, '300'::double precision))
                           ->  Function Scan on schw_805  (cost=0.00..0.01 rows=1 width=32)
                           ->  Seq Scan on phoml_trajectory_tmp s_805  (cost=0.00..95.68 rows=17 width=40)
                                 Filter: ((unix_time >= '1685451563.156'::double precision) AND (unix_time <= '1685451623.156'::double precision))
   ->  Subquery Scan on "*SELECT* 807"  (cost=97.82..97.83 rows=1 width=76)
         ->  Limit  (cost=97.82..97.82 rows=1 width=84)
               ->  Sort  (cost=97.82..97.82 rows=1 width=84)
                     Sort Key: (st_distance(st_transform(s_806.the_geom, 25833), schw_806.schw))
                     ->  Nested Loop  (cost=0.00..97.81 rows=1 width=84)
                           Join Filter: ((st_transform(s_806.the_geom, 25833) && st_expand(schw_806.schw, '300'::double precision)) AND (schw_806.schw && st_expand(st_transform(s_806.the_geom, 25833), '300'::double precision)) AND _st_dwithin(st_transform(s_806.the_geom, 25833), schw_806.schw, '300'::double precision))
                           ->  Function Scan on schw_806  (cost=0.00..0.01 rows=1 width=32)
                           ->  Seq Scan on phoml_trajectory_tmp s_806  (cost=0.00..95.68 rows=17 width=40)
                                 Filter: ((unix_time >= '1685451563.546'::double precision) AND (unix_time <= '1685451623.546'::double precision))
   ->  Subquery Scan on "*SELECT* 808"  (cost=97.82..97.83 rows=1 width=76)
         ->  Limit  (cost=97.82..97.82 rows=1 width=84)
               ->  Sort  (cost=97.82..97.82 rows=1 width=84)
                     Sort Key: (st_distance(st_transform(s_807.the_geom, 25833), schw_807.schw))
                     ->  Nested Loop  (cost=0.00..97.81 rows=1 width=84)
                           Join Filter: ((st_transform(s_807.the_geom, 25833) && st_expand(schw_807.schw, '300'::double precision)) AND (schw_807.schw && st_expand(st_transform(s_807.the_geom, 25833), '300'::double precision)) AND _st_dwithin(st_transform(s_807.the_geom, 25833), schw_807.schw, '300'::double precision))
                           ->  Function Scan on schw_807  (cost=0.00..0.01 rows=1 width=32)
                           ->  Seq Scan on phoml_trajectory_tmp s_807  (cost=0.00..95.68 rows=17 width=40)
                                 Filter: ((unix_time >= '1685451563.936'::double precision) AND (unix_time <= '1685451623.936'::double precision))
   ->  Subquery Scan on "*SELECT* 809"  (cost=97.82..97.83 rows=1 width=76)
         ->  Limit  (cost=97.82..97.82 rows=1 width=84)
               ->  Sort  (cost=97.82..97.82 rows=1 width=84)
                     Sort Key: (st_distance(st_transform(s_808.the_geom, 25833), schw_808.schw))
                     ->  Nested Loop  (cost=0.00..97.81 rows=1 width=84)
                           Join Filter: ((st_transform(s_808.the_geom, 25833) && st_expand(schw_808.schw, '300'::double precision)) AND (schw_808.schw && st_expand(st_transform(s_808.the_geom, 25833), '300'::double precision)) AND _st_dwithin(st_transform(s_808.the_geom, 25833), schw_808.schw, '300'::double precision))
                           ->  Function Scan on schw_808  (cost=0.00..0.01 rows=1 width=32)
                           ->  Seq Scan on phoml_trajectory_tmp s_808  (cost=0.00..95.68 rows=17 width=40)
                                 Filter: ((unix_time >= '1685451564.329'::double precision) AND (unix_time <= '1685451624.329'::double precision))
   ->  Subquery Scan on "*SELECT* 810"  (cost=97.82..97.83 rows=1 width=76)
         ->  Limit  (cost=97.82..97.82 rows=1 width=84)
               ->  Sort  (cost=97.82..97.82 rows=1 width=84)
                     Sort Key: (st_distance(st_transform(s_809.the_geom, 25833), schw_809.schw))
                     ->  Nested Loop  (cost=0.00..97.81 rows=1 width=84)
                           Join Filter: ((st_transform(s_809.the_geom, 25833) && st_expand(schw_809.schw, '300'::double precision)) AND (schw_809.schw && st_expand(st_transform(s_809.the_geom, 25833), '300'::double precision)) AND _st_dwithin(st_transform(s_809.the_geom, 25833), schw_809.schw, '300'::double precision))
                           ->  Function Scan on schw_809  (cost=0.00..0.01 rows=1 width=32)
                           ->  Seq Scan on phoml_trajectory_tmp s_809  (cost=0.00..95.68 rows=17 width=40)
                                 Filter: ((unix_time >= '1685451564.719'::double precision) AND (unix_time <= '1685451624.719'::double precision))
   ->  Subquery Scan on "*SELECT* 811"  (cost=97.82..97.83 rows=1 width=76)
         ->  Limit  (cost=97.82..97.82 rows=1 width=84)
               ->  Sort  (cost=97.82..97.82 rows=1 width=84)
                     Sort Key: (st_distance(st_transform(s_810.the_geom, 25833), schw_810.schw))
                     ->  Nested Loop  (cost=0.00..97.81 rows=1 width=84)
                           Join Filter: ((st_transform(s_810.the_geom, 25833) && st_expand(schw_810.schw, '300'::double precision)) AND (schw_810.schw && st_expand(st_transform(s_810.the_geom, 25833), '300'::double precision)) AND _st_dwithin(st_transform(s_810.the_geom, 25833), schw_810.schw, '300'::double precision))
                           ->  Function Scan on schw_810  (cost=0.00..0.01 rows=1 width=32)
                           ->  Seq Scan on phoml_trajectory_tmp s_810  (cost=0.00..95.68 rows=17 width=40)
                                 Filter: ((unix_time >= '1685451565.119'::double precision) AND (unix_time <= '1685451625.119'::double precision))
   ->  Subquery Scan on "*SELECT* 812"  (cost=97.82..97.83 rows=1 width=76)
         ->  Limit  (cost=97.82..97.82 rows=1 width=84)
               ->  Sort  (cost=97.82..97.82 rows=1 width=84)
                     Sort Key: (st_distance(st_transform(s_811.the_geom, 25833), schw_811.schw))
                     ->  Nested Loop  (cost=0.00..97.81 rows=1 width=84)
                           Join Filter: ((st_transform(s_811.the_geom, 25833) && st_expand(schw_811.schw, '300'::double precision)) AND (schw_811.schw && st_expand(st_transform(s_811.the_geom, 25833), '300'::double precision)) AND _st_dwithin(st_transform(s_811.the_geom, 25833), schw_811.schw, '300'::double precision))
                           ->  Function Scan on schw_811  (cost=0.00..0.01 rows=1 width=32)
                           ->  Seq Scan on phoml_trajectory_tmp s_811  (cost=0.00..95.68 rows=17 width=40)
                                 Filter: ((unix_time >= '1685451565.52'::double precision) AND (unix_time <= '1685451625.52'::double precision))
   ->  Subquery Scan on "*SELECT* 813"  (cost=97.82..97.83 rows=1 width=76)
         ->  Limit  (cost=97.82..97.82 rows=1 width=84)
               ->  Sort  (cost=97.82..97.82 rows=1 width=84)
                     Sort Key: (st_distance(st_transform(s_812.the_geom, 25833), schw_812.schw))
                     ->  Nested Loop  (cost=0.00..97.81 rows=1 width=84)
                           Join Filter: ((st_transform(s_812.the_geom, 25833) && st_expand(schw_812.schw, '300'::double precision)) AND (schw_812.schw && st_expand(st_transform(s_812.the_geom, 25833), '300'::double precision)) AND _st_dwithin(st_transform(s_812.the_geom, 25833), schw_812.schw, '300'::double precision))
                           ->  Function Scan on schw_812  (cost=0.00..0.01 rows=1 width=32)
                           ->  Seq Scan on phoml_trajectory_tmp s_812  (cost=0.00..95.68 rows=17 width=40)
                                 Filter: ((unix_time >= '1685451565.93'::double precision) AND (unix_time <= '1685451625.93'::double precision))
   ->  Subquery Scan on "*SELECT* 814"  (cost=97.82..97.83 rows=1 width=76)
         ->  Limit  (cost=97.82..97.82 rows=1 width=84)
               ->  Sort  (cost=97.82..97.82 rows=1 width=84)
                     Sort Key: (st_distance(st_transform(s_813.the_geom, 25833), schw_813.schw))
                     ->  Nested Loop  (cost=0.00..97.81 rows=1 width=84)
                           Join Filter: ((st_transform(s_813.the_geom, 25833) && st_expand(schw_813.schw, '300'::double precision)) AND (schw_813.schw && st_expand(st_transform(s_813.the_geom, 25833), '300'::double precision)) AND _st_dwithin(st_transform(s_813.the_geom, 25833), schw_813.schw, '300'::double precision))
                           ->  Function Scan on schw_813  (cost=0.00..0.01 rows=1 width=32)
                           ->  Seq Scan on phoml_trajectory_tmp s_813  (cost=0.00..95.68 rows=17 width=40)
                                 Filter: ((unix_time >= '1685451566.334'::double precision) AND (unix_time <= '1685451626.334'::double precision))
   ->  Subquery Scan on "*SELECT* 815"  (cost=97.82..97.83 rows=1 width=76)
         ->  Limit  (cost=97.82..97.82 rows=1 width=84)
               ->  Sort  (cost=97.82..97.82 rows=1 width=84)
                     Sort Key: (st_distance(st_transform(s_814.the_geom, 25833), schw_814.schw))
                     ->  Nested Loop  (cost=0.00..97.81 rows=1 width=84)
                           Join Filter: ((st_transform(s_814.the_geom, 25833) && st_expand(schw_814.schw, '300'::double precision)) AND (schw_814.schw && st_expand(st_transform(s_814.the_geom, 25833), '300'::double precision)) AND _st_dwithin(st_transform(s_814.the_geom, 25833), schw_814.schw, '300'::double precision))
                           ->  Function Scan on schw_814  (cost=0.00..0.01 rows=1 width=32)
                           ->  Seq Scan on phoml_trajectory_tmp s_814  (cost=0.00..95.68 rows=17 width=40)
                                 Filter: ((unix_time >= '1685451566.754'::double precision) AND (unix_time <= '1685451626.754'::double precision))
   ->  Subquery Scan on "*SELECT* 816"  (cost=97.82..97.83 rows=1 width=76)
         ->  Limit  (cost=97.82..97.82 rows=1 width=84)
               ->  Sort  (cost=97.82..97.82 rows=1 width=84)
                     Sort Key: (st_distance(st_transform(s_815.the_geom, 25833), schw_815.schw))
                     ->  Nested Loop  (cost=0.00..97.81 rows=1 width=84)
                           Join Filter: ((st_transform(s_815.the_geom, 25833) && st_expand(schw_815.schw, '300'::double precision)) AND (schw_815.schw && st_expand(st_transform(s_815.the_geom, 25833), '300'::double precision)) AND _st_dwithin(st_transform(s_815.the_geom, 25833), schw_815.schw, '300'::double precision))
                           ->  Function Scan on schw_815  (cost=0.00..0.01 rows=1 width=32)
                           ->  Seq Scan on phoml_trajectory_tmp s_815  (cost=0.00..95.68 rows=17 width=40)
                                 Filter: ((unix_time >= '1685451567.181'::double precision) AND (unix_time <= '1685451627.181'::double precision))
   ->  Subquery Scan on "*SELECT* 817"  (cost=97.82..97.83 rows=1 width=76)
         ->  Limit  (cost=97.82..97.82 rows=1 width=84)
               ->  Sort  (cost=97.82..97.82 rows=1 width=84)
                     Sort Key: (st_distance(st_transform(s_816.the_geom, 25833), schw_816.schw))
                     ->  Nested Loop  (cost=0.00..97.81 rows=1 width=84)
                           Join Filter: ((st_transform(s_816.the_geom, 25833) && st_expand(schw_816.schw, '300'::double precision)) AND (schw_816.schw && st_expand(st_transform(s_816.the_geom, 25833), '300'::double precision)) AND _st_dwithin(st_transform(s_816.the_geom, 25833), schw_816.schw, '300'::double precision))
                           ->  Function Scan on schw_816  (cost=0.00..0.01 rows=1 width=32)
                           ->  Seq Scan on phoml_trajectory_tmp s_816  (cost=0.00..95.68 rows=17 width=40)
                                 Filter: ((unix_time >= '1685451567.601'::double precision) AND (unix_time <= '1685451627.601'::double precision))
   ->  Subquery Scan on "*SELECT* 818"  (cost=97.82..97.83 rows=1 width=76)
         ->  Limit  (cost=97.82..97.82 rows=1 width=84)
               ->  Sort  (cost=97.82..97.82 rows=1 width=84)
                     Sort Key: (st_distance(st_transform(s_817.the_geom, 25833), schw_817.schw))
                     ->  Nested Loop  (cost=0.00..97.81 rows=1 width=84)
                           Join Filter: ((st_transform(s_817.the_geom, 25833) && st_expand(schw_817.schw, '300'::double precision)) AND (schw_817.schw && st_expand(st_transform(s_817.the_geom, 25833), '300'::double precision)) AND _st_dwithin(st_transform(s_817.the_geom, 25833), schw_817.schw, '300'::double precision))
                           ->  Function Scan on schw_817  (cost=0.00..0.01 rows=1 width=32)
                           ->  Seq Scan on phoml_trajectory_tmp s_817  (cost=0.00..95.68 rows=17 width=40)
                                 Filter: ((unix_time >= '1685451568.031'::double precision) AND (unix_time <= '1685451628.031'::double precision))
   ->  Subquery Scan on "*SELECT* 819"  (cost=97.82..97.83 rows=1 width=76)
         ->  Limit  (cost=97.82..97.82 rows=1 width=84)
               ->  Sort  (cost=97.82..97.82 rows=1 width=84)
                     Sort Key: (st_distance(st_transform(s_818.the_geom, 25833), schw_818.schw))
                     ->  Nested Loop  (cost=0.00..97.81 rows=1 width=84)
                           Join Filter: ((st_transform(s_818.the_geom, 25833) && st_expand(schw_818.schw, '300'::double precision)) AND (schw_818.schw && st_expand(st_transform(s_818.the_geom, 25833), '300'::double precision)) AND _st_dwithin(st_transform(s_818.the_geom, 25833), schw_818.schw, '300'::double precision))
                           ->  Function Scan on schw_818  (cost=0.00..0.01 rows=1 width=32)
                           ->  Seq Scan on phoml_trajectory_tmp s_818  (cost=0.00..95.68 rows=17 width=40)
                                 Filter: ((unix_time >= '1685451568.468'::double precision) AND (unix_time <= '1685451628.468'::double precision))
   ->  Subquery Scan on "*SELECT* 820"  (cost=97.82..97.83 rows=1 width=76)
         ->  Limit  (cost=97.82..97.82 rows=1 width=84)
               ->  Sort  (cost=97.82..97.82 rows=1 width=84)
                     Sort Key: (st_distance(st_transform(s_819.the_geom, 25833), schw_819.schw))
                     ->  Nested Loop  (cost=0.00..97.81 rows=1 width=84)
                           Join Filter: ((st_transform(s_819.the_geom, 25833) && st_expand(schw_819.schw, '300'::double precision)) AND (schw_819.schw && st_expand(st_transform(s_819.the_geom, 25833), '300'::double precision)) AND _st_dwithin(st_transform(s_819.the_geom, 25833), schw_819.schw, '300'::double precision))
                           ->  Function Scan on schw_819  (cost=0.00..0.01 rows=1 width=32)
                           ->  Seq Scan on phoml_trajectory_tmp s_819  (cost=0.00..95.68 rows=17 width=40)
                                 Filter: ((unix_time >= '1685451568.918'::double precision) AND (unix_time <= '1685451628.918'::double precision))
   ->  Subquery Scan on "*SELECT* 821"  (cost=97.82..97.83 rows=1 width=76)
         ->  Limit  (cost=97.82..97.82 rows=1 width=84)
               ->  Sort  (cost=97.82..97.82 rows=1 width=84)
                     Sort Key: (st_distance(st_transform(s_820.the_geom, 25833), schw_820.schw))
                     ->  Nested Loop  (cost=0.00..97.81 rows=1 width=84)
                           Join Filter: ((st_transform(s_820.the_geom, 25833) && st_expand(schw_820.schw, '300'::double precision)) AND (schw_820.schw && st_expand(st_transform(s_820.the_geom, 25833), '300'::double precision)) AND _st_dwithin(st_transform(s_820.the_geom, 25833), schw_820.schw, '300'::double precision))
                           ->  Function Scan on schw_820  (cost=0.00..0.01 rows=1 width=32)
                           ->  Seq Scan on phoml_trajectory_tmp s_820  (cost=0.00..95.68 rows=17 width=40)
                                 Filter: ((unix_time >= '1685451569.37'::double precision) AND (unix_time <= '1685451629.37'::double precision))
   ->  Subquery Scan on "*SELECT* 822"  (cost=97.82..97.83 rows=1 width=76)
         ->  Limit  (cost=97.82..97.82 rows=1 width=84)
               ->  Sort  (cost=97.82..97.82 rows=1 width=84)
                     Sort Key: (st_distance(st_transform(s_821.the_geom, 25833), schw_821.schw))
                     ->  Nested Loop  (cost=0.00..97.81 rows=1 width=84)
                           Join Filter: ((st_transform(s_821.the_geom, 25833) && st_expand(schw_821.schw, '300'::double precision)) AND (schw_821.schw && st_expand(st_transform(s_821.the_geom, 25833), '300'::double precision)) AND _st_dwithin(st_transform(s_821.the_geom, 25833), schw_821.schw, '300'::double precision))
                           ->  Function Scan on schw_821  (cost=0.00..0.01 rows=1 width=32)
                           ->  Seq Scan on phoml_trajectory_tmp s_821  (cost=0.00..95.68 rows=17 width=40)
                                 Filter: ((unix_time >= '1685451569.83'::double precision) AND (unix_time <= '1685451629.83'::double precision))
   ->  Subquery Scan on "*SELECT* 823"  (cost=97.82..97.83 rows=1 width=76)
         ->  Limit  (cost=97.82..97.82 rows=1 width=84)
               ->  Sort  (cost=97.82..97.82 rows=1 width=84)
                     Sort Key: (st_distance(st_transform(s_822.the_geom, 25833), schw_822.schw))
                     ->  Nested Loop  (cost=0.00..97.81 rows=1 width=84)
                           Join Filter: ((st_transform(s_822.the_geom, 25833) && st_expand(schw_822.schw, '300'::double precision)) AND (schw_822.schw && st_expand(st_transform(s_822.the_geom, 25833), '300'::double precision)) AND _st_dwithin(st_transform(s_822.the_geom, 25833), schw_822.schw, '300'::double precision))
                           ->  Function Scan on schw_822  (cost=0.00..0.01 rows=1 width=32)
                           ->  Seq Scan on phoml_trajectory_tmp s_822  (cost=0.00..95.68 rows=17 width=40)
                                 Filter: ((unix_time >= '1685451570.276'::double precision) AND (unix_time <= '1685451630.276'::double precision))
   ->  Subquery Scan on "*SELECT* 824"  (cost=97.82..97.83 rows=1 width=76)
         ->  Limit  (cost=97.82..97.82 rows=1 width=84)
               ->  Sort  (cost=97.82..97.82 rows=1 width=84)
                     Sort Key: (st_distance(st_transform(s_823.the_geom, 25833), schw_823.schw))
                     ->  Nested Loop  (cost=0.00..97.81 rows=1 width=84)
                           Join Filter: ((st_transform(s_823.the_geom, 25833) && st_expand(schw_823.schw, '300'::double precision)) AND (schw_823.schw && st_expand(st_transform(s_823.the_geom, 25833), '300'::double precision)) AND _st_dwithin(st_transform(s_823.the_geom, 25833), schw_823.schw, '300'::double precision))
                           ->  Function Scan on schw_823  (cost=0.00..0.01 rows=1 width=32)
                           ->  Seq Scan on phoml_trajectory_tmp s_823  (cost=0.00..95.68 rows=17 width=40)
                                 Filter: ((unix_time >= '1685451570.736'::double precision) AND (unix_time <= '1685451630.736'::double precision))
   ->  Subquery Scan on "*SELECT* 825"  (cost=97.82..97.83 rows=1 width=76)
         ->  Limit  (cost=97.82..97.82 rows=1 width=84)
               ->  Sort  (cost=97.82..97.82 rows=1 width=84)
                     Sort Key: (st_distance(st_transform(s_824.the_geom, 25833), schw_824.schw))
                     ->  Nested Loop  (cost=0.00..97.81 rows=1 width=84)
                           Join Filter: ((st_transform(s_824.the_geom, 25833) && st_expand(schw_824.schw, '300'::double precision)) AND (schw_824.schw && st_expand(st_transform(s_824.the_geom, 25833), '300'::double precision)) AND _st_dwithin(st_transform(s_824.the_geom, 25833), schw_824.schw, '300'::double precision))
                           ->  Function Scan on schw_824  (cost=0.00..0.01 rows=1 width=32)
                           ->  Seq Scan on phoml_trajectory_tmp s_824  (cost=0.00..95.68 rows=17 width=40)
                                 Filter: ((unix_time >= '1685451571.192'::double precision) AND (unix_time <= '1685451631.192'::double precision))
   ->  Subquery Scan on "*SELECT* 826"  (cost=97.82..97.83 rows=1 width=76)
         ->  Limit  (cost=97.82..97.82 rows=1 width=84)
               ->  Sort  (cost=97.82..97.82 rows=1 width=84)
                     Sort Key: (st_distance(st_transform(s_825.the_geom, 25833), schw_825.schw))
                     ->  Nested Loop  (cost=0.00..97.81 rows=1 width=84)
                           Join Filter: ((st_transform(s_825.the_geom, 25833) && st_expand(schw_825.schw, '300'::double precision)) AND (schw_825.schw && st_expand(st_transform(s_825.the_geom, 25833), '300'::double precision)) AND _st_dwithin(st_transform(s_825.the_geom, 25833), schw_825.schw, '300'::double precision))
                           ->  Function Scan on schw_825  (cost=0.00..0.01 rows=1 width=32)
                           ->  Seq Scan on phoml_trajectory_tmp s_825  (cost=0.00..95.68 rows=17 width=40)
                                 Filter: ((unix_time >= '1685451571.672'::double precision) AND (unix_time <= '1685451631.672'::double precision))
   ->  Subquery Scan on "*SELECT* 827"  (cost=97.82..97.83 rows=1 width=76)
         ->  Limit  (cost=97.82..97.82 rows=1 width=84)
               ->  Sort  (cost=97.82..97.82 rows=1 width=84)
                     Sort Key: (st_distance(st_transform(s_826.the_geom, 25833), schw_826.schw))
                     ->  Nested Loop  (cost=0.00..97.81 rows=1 width=84)
                           Join Filter: ((st_transform(s_826.the_geom, 25833) && st_expand(schw_826.schw, '300'::double precision)) AND (schw_826.schw && st_expand(st_transform(s_826.the_geom, 25833), '300'::double precision)) AND _st_dwithin(st_transform(s_826.the_geom, 25833), schw_826.schw, '300'::double precision))
                           ->  Function Scan on schw_826  (cost=0.00..0.01 rows=1 width=32)
                           ->  Seq Scan on phoml_trajectory_tmp s_826  (cost=0.00..95.68 rows=17 width=40)
                                 Filter: ((unix_time >= '1685451572.149'::double precision) AND (unix_time <= '1685451632.149'::double precision))
   ->  Subquery Scan on "*SELECT* 828"  (cost=97.82..97.83 rows=1 width=76)
         ->  Limit  (cost=97.82..97.82 rows=1 width=84)
               ->  Sort  (cost=97.82..97.82 rows=1 width=84)
                     Sort Key: (st_distance(st_transform(s_827.the_geom, 25833), schw_827.schw))
                     ->  Nested Loop  (cost=0.00..97.81 rows=1 width=84)
                           Join Filter: ((st_transform(s_827.the_geom, 25833) && st_expand(schw_827.schw, '300'::double precision)) AND (schw_827.schw && st_expand(st_transform(s_827.the_geom, 25833), '300'::double precision)) AND _st_dwithin(st_transform(s_827.the_geom, 25833), schw_827.schw, '300'::double precision))
                           ->  Function Scan on schw_827  (cost=0.00..0.01 rows=1 width=32)
                           ->  Seq Scan on phoml_trajectory_tmp s_827  (cost=0.00..95.68 rows=17 width=40)
                                 Filter: ((unix_time >= '1685451572.639'::double precision) AND (unix_time <= '1685451632.639'::double precision))
   ->  Subquery Scan on "*SELECT* 829"  (cost=97.82..97.83 rows=1 width=76)
         ->  Limit  (cost=97.82..97.82 rows=1 width=84)
               ->  Sort  (cost=97.82..97.82 rows=1 width=84)
                     Sort Key: (st_distance(st_transform(s_828.the_geom, 25833), schw_828.schw))
                     ->  Nested Loop  (cost=0.00..97.81 rows=1 width=84)
                           Join Filter: ((st_transform(s_828.the_geom, 25833) && st_expand(schw_828.schw, '300'::double precision)) AND (schw_828.schw && st_expand(st_transform(s_828.the_geom, 25833), '300'::double precision)) AND _st_dwithin(st_transform(s_828.the_geom, 25833), schw_828.schw, '300'::double precision))
                           ->  Function Scan on schw_828  (cost=0.00..0.01 rows=1 width=32)
                           ->  Seq Scan on phoml_trajectory_tmp s_828  (cost=0.00..95.68 rows=17 width=40)
                                 Filter: ((unix_time >= '1685451573.143'::double precision) AND (unix_time <= '1685451633.143'::double precision))
   ->  Subquery Scan on "*SELECT* 830"  (cost=97.82..97.83 rows=1 width=76)
         ->  Limit  (cost=97.82..97.82 rows=1 width=84)
               ->  Sort  (cost=97.82..97.82 rows=1 width=84)
                     Sort Key: (st_distance(st_transform(s_829.the_geom, 25833), schw_829.schw))
                     ->  Nested Loop  (cost=0.00..97.81 rows=1 width=84)
                           Join Filter: ((st_transform(s_829.the_geom, 25833) && st_expand(schw_829.schw, '300'::double precision)) AND (schw_829.schw && st_expand(st_transform(s_829.the_geom, 25833), '300'::double precision)) AND _st_dwithin(st_transform(s_829.the_geom, 25833), schw_829.schw, '300'::double precision))
                           ->  Function Scan on schw_829  (cost=0.00..0.01 rows=1 width=32)
                           ->  Seq Scan on phoml_trajectory_tmp s_829  (cost=0.00..95.68 rows=17 width=40)
                                 Filter: ((unix_time >= '1685451573.623'::double precision) AND (unix_time <= '1685451633.623'::double precision))
   ->  Subquery Scan on "*SELECT* 831"  (cost=97.82..97.83 rows=1 width=76)
         ->  Limit  (cost=97.82..97.82 rows=1 width=84)
               ->  Sort  (cost=97.82..97.82 rows=1 width=84)
                     Sort Key: (st_distance(st_transform(s_830.the_geom, 25833), schw_830.schw))
                     ->  Nested Loop  (cost=0.00..97.81 rows=1 width=84)
                           Join Filter: ((st_transform(s_830.the_geom, 25833) && st_expand(schw_830.schw, '300'::double precision)) AND (schw_830.schw && st_expand(st_transform(s_830.the_geom, 25833), '300'::double precision)) AND _st_dwithin(st_transform(s_830.the_geom, 25833), schw_830.schw, '300'::double precision))
                           ->  Function Scan on schw_830  (cost=0.00..0.01 rows=1 width=32)
                           ->  Seq Scan on phoml_trajectory_tmp s_830  (cost=0.00..95.68 rows=17 width=40)
                                 Filter: ((unix_time >= '1685451574.103'::double precision) AND (unix_time <= '1685451634.103'::double precision))
   ->  Subquery Scan on "*SELECT* 832"  (cost=97.82..97.83 rows=1 width=76)
         ->  Limit  (cost=97.82..97.82 rows=1 width=84)
               ->  Sort  (cost=97.82..97.82 rows=1 width=84)
                     Sort Key: (st_distance(st_transform(s_831.the_geom, 25833), schw_831.schw))
                     ->  Nested Loop  (cost=0.00..97.81 rows=1 width=84)
                           Join Filter: ((st_transform(s_831.the_geom, 25833) && st_expand(schw_831.schw, '300'::double precision)) AND (schw_831.schw && st_expand(st_transform(s_831.the_geom, 25833), '300'::double precision)) AND _st_dwithin(st_transform(s_831.the_geom, 25833), schw_831.schw, '300'::double precision))
                           ->  Function Scan on schw_831  (cost=0.00..0.01 rows=1 width=32)
                           ->  Seq Scan on phoml_trajectory_tmp s_831  (cost=0.00..95.68 rows=17 width=40)
                                 Filter: ((unix_time >= '1685451574.572'::double precision) AND (unix_time <= '1685451634.572'::double precision))
   ->  Subquery Scan on "*SELECT* 833"  (cost=97.82..97.83 rows=1 width=76)
         ->  Limit  (cost=97.82..97.82 rows=1 width=84)
               ->  Sort  (cost=97.82..97.82 rows=1 width=84)
                     Sort Key: (st_distance(st_transform(s_832.the_geom, 25833), schw_832.schw))
                     ->  Nested Loop  (cost=0.00..97.81 rows=1 width=84)
                           Join Filter: ((st_transform(s_832.the_geom, 25833) && st_expand(schw_832.schw, '300'::double precision)) AND (schw_832.schw && st_expand(st_transform(s_832.the_geom, 25833), '300'::double precision)) AND _st_dwithin(st_transform(s_832.the_geom, 25833), schw_832.schw, '300'::double precision))
                           ->  Function Scan on schw_832  (cost=0.00..0.01 rows=1 width=32)
                           ->  Seq Scan on phoml_trajectory_tmp s_832  (cost=0.00..95.68 rows=17 width=40)
                                 Filter: ((unix_time >= '1685451575.042'::double precision) AND (unix_time <= '1685451635.042'::double precision))
   ->  Subquery Scan on "*SELECT* 834"  (cost=97.82..97.83 rows=1 width=76)
         ->  Limit  (cost=97.82..97.82 rows=1 width=84)
               ->  Sort  (cost=97.82..97.82 rows=1 width=84)
                     Sort Key: (st_distance(st_transform(s_833.the_geom, 25833), schw_833.schw))
                     ->  Nested Loop  (cost=0.00..97.81 rows=1 width=84)
                           Join Filter: ((st_transform(s_833.the_geom, 25833) && st_expand(schw_833.schw, '300'::double precision)) AND (schw_833.schw && st_expand(st_transform(s_833.the_geom, 25833), '300'::double precision)) AND _st_dwithin(st_transform(s_833.the_geom, 25833), schw_833.schw, '300'::double precision))
                           ->  Function Scan on schw_833  (cost=0.00..0.01 rows=1 width=32)
                           ->  Seq Scan on phoml_trajectory_tmp s_833  (cost=0.00..95.68 rows=17 width=40)
                                 Filter: ((unix_time >= '1685451575.502'::double precision) AND (unix_time <= '1685451635.502'::double precision))
   ->  Subquery Scan on "*SELECT* 835"  (cost=97.82..97.83 rows=1 width=76)
         ->  Limit  (cost=97.82..97.82 rows=1 width=84)
               ->  Sort  (cost=97.82..97.82 rows=1 width=84)
                     Sort Key: (st_distance(st_transform(s_834.the_geom, 25833), schw_834.schw))
                     ->  Nested Loop  (cost=0.00..97.81 rows=1 width=84)
                           Join Filter: ((st_transform(s_834.the_geom, 25833) && st_expand(schw_834.schw, '300'::double precision)) AND (schw_834.schw && st_expand(st_transform(s_834.the_geom, 25833), '300'::double precision)) AND _st_dwithin(st_transform(s_834.the_geom, 25833), schw_834.schw, '300'::double precision))
                           ->  Function Scan on schw_834  (cost=0.00..0.01 rows=1 width=32)
                           ->  Seq Scan on phoml_trajectory_tmp s_834  (cost=0.00..95.68 rows=17 width=40)
                                 Filter: ((unix_time >= '1685451575.942'::double precision) AND (unix_time <= '1685451635.942'::double precision))
   ->  Subquery Scan on "*SELECT* 836"  (cost=97.82..97.83 rows=1 width=76)
         ->  Limit  (cost=97.82..97.82 rows=1 width=84)
               ->  Sort  (cost=97.82..97.82 rows=1 width=84)
                     Sort Key: (st_distance(st_transform(s_835.the_geom, 25833), schw_835.schw))
                     ->  Nested Loop  (cost=0.00..97.81 rows=1 width=84)
                           Join Filter: ((st_transform(s_835.the_geom, 25833) && st_expand(schw_835.schw, '300'::double precision)) AND (schw_835.schw && st_expand(st_transform(s_835.the_geom, 25833), '300'::double precision)) AND _st_dwithin(st_transform(s_835.the_geom, 25833), schw_835.schw, '300'::double precision))
                           ->  Function Scan on schw_835  (cost=0.00..0.01 rows=1 width=32)
                           ->  Seq Scan on phoml_trajectory_tmp s_835  (cost=0.00..95.68 rows=17 width=40)
                                 Filter: ((unix_time >= '1685451576.385'::double precision) AND (unix_time <= '1685451636.385'::double precision))
   ->  Subquery Scan on "*SELECT* 837"  (cost=97.82..97.83 rows=1 width=76)
         ->  Limit  (cost=97.82..97.82 rows=1 width=84)
               ->  Sort  (cost=97.82..97.82 rows=1 width=84)
                     Sort Key: (st_distance(st_transform(s_836.the_geom, 25833), schw_836.schw))
                     ->  Nested Loop  (cost=0.00..97.81 rows=1 width=84)
                           Join Filter: ((st_transform(s_836.the_geom, 25833) && st_expand(schw_836.schw, '300'::double precision)) AND (schw_836.schw && st_expand(st_transform(s_836.the_geom, 25833), '300'::double precision)) AND _st_dwithin(st_transform(s_836.the_geom, 25833), schw_836.schw, '300'::double precision))
                           ->  Function Scan on schw_836  (cost=0.00..0.01 rows=1 width=32)
                           ->  Seq Scan on phoml_trajectory_tmp s_836  (cost=0.00..95.68 rows=17 width=40)
                                 Filter: ((unix_time >= '1685451576.805'::double precision) AND (unix_time <= '1685451636.805'::double precision))
   ->  Subquery Scan on "*SELECT* 838"  (cost=97.82..97.83 rows=1 width=76)
         ->  Limit  (cost=97.82..97.82 rows=1 width=84)
               ->  Sort  (cost=97.82..97.82 rows=1 width=84)
                     Sort Key: (st_distance(st_transform(s_837.the_geom, 25833), schw_837.schw))
                     ->  Nested Loop  (cost=0.00..97.81 rows=1 width=84)
                           Join Filter: ((st_transform(s_837.the_geom, 25833) && st_expand(schw_837.schw, '300'::double precision)) AND (schw_837.schw && st_expand(st_transform(s_837.the_geom, 25833), '300'::double precision)) AND _st_dwithin(st_transform(s_837.the_geom, 25833), schw_837.schw, '300'::double precision))
                           ->  Function Scan on schw_837  (cost=0.00..0.01 rows=1 width=32)
                           ->  Seq Scan on phoml_trajectory_tmp s_837  (cost=0.00..95.68 rows=17 width=40)
                                 Filter: ((unix_time >= '1685451577.218'::double precision) AND (unix_time <= '1685451637.218'::double precision))
   ->  Subquery Scan on "*SELECT* 839"  (cost=97.82..97.83 rows=1 width=76)
         ->  Limit  (cost=97.82..97.82 rows=1 width=84)
               ->  Sort  (cost=97.82..97.82 rows=1 width=84)
                     Sort Key: (st_distance(st_transform(s_838.the_geom, 25833), schw_838.schw))
                     ->  Nested Loop  (cost=0.00..97.81 rows=1 width=84)
                           Join Filter: ((st_transform(s_838.the_geom, 25833) && st_expand(schw_838.schw, '300'::double precision)) AND (schw_838.schw && st_expand(st_transform(s_838.the_geom, 25833), '300'::double precision)) AND _st_dwithin(st_transform(s_838.the_geom, 25833), schw_838.schw, '300'::double precision))
                           ->  Function Scan on schw_838  (cost=0.00..0.01 rows=1 width=32)
                           ->  Seq Scan on phoml_trajectory_tmp s_838  (cost=0.00..95.68 rows=17 width=40)
                                 Filter: ((unix_time >= '1685451577.648'::double precision) AND (unix_time <= '1685451637.648'::double precision))
   ->  Subquery Scan on "*SELECT* 840"  (cost=97.82..97.83 rows=1 width=76)
         ->  Limit  (cost=97.82..97.82 rows=1 width=84)
               ->  Sort  (cost=97.82..97.82 rows=1 width=84)
                     Sort Key: (st_distance(st_transform(s_839.the_geom, 25833), schw_839.schw))
                     ->  Nested Loop  (cost=0.00..97.81 rows=1 width=84)
                           Join Filter: ((st_transform(s_839.the_geom, 25833) && st_expand(schw_839.schw, '300'::double precision)) AND (schw_839.schw && st_expand(st_transform(s_839.the_geom, 25833), '300'::double precision)) AND _st_dwithin(st_transform(s_839.the_geom, 25833), schw_839.schw, '300'::double precision))
                           ->  Function Scan on schw_839  (cost=0.00..0.01 rows=1 width=32)
                           ->  Seq Scan on phoml_trajectory_tmp s_839  (cost=0.00..95.68 rows=17 width=40)
                                 Filter: ((unix_time >= '1685451578.058'::double precision) AND (unix_time <= '1685451638.058'::double precision))
   ->  Subquery Scan on "*SELECT* 841"  (cost=97.82..97.83 rows=1 width=76)
         ->  Limit  (cost=97.82..97.82 rows=1 width=84)
               ->  Sort  (cost=97.82..97.82 rows=1 width=84)
                     Sort Key: (st_distance(st_transform(s_840.the_geom, 25833), schw_840.schw))
                     ->  Nested Loop  (cost=0.00..97.81 rows=1 width=84)
                           Join Filter: ((st_transform(s_840.the_geom, 25833) && st_expand(schw_840.schw, '300'::double precision)) AND (schw_840.schw && st_expand(st_transform(s_840.the_geom, 25833), '300'::double precision)) AND _st_dwithin(st_transform(s_840.the_geom, 25833), schw_840.schw, '300'::double precision))
                           ->  Function Scan on schw_840  (cost=0.00..0.01 rows=1 width=32)
                           ->  Seq Scan on phoml_trajectory_tmp s_840  (cost=0.00..95.68 rows=17 width=40)
                                 Filter: ((unix_time >= '1685451578.465'::double precision) AND (unix_time <= '1685451638.465'::double precision))
   ->  Subquery Scan on "*SELECT* 842"  (cost=97.82..97.83 rows=1 width=76)
         ->  Limit  (cost=97.82..97.82 rows=1 width=84)
               ->  Sort  (cost=97.82..97.82 rows=1 width=84)
                     Sort Key: (st_distance(st_transform(s_841.the_geom, 25833), schw_841.schw))
                     ->  Nested Loop  (cost=0.00..97.81 rows=1 width=84)
                           Join Filter: ((st_transform(s_841.the_geom, 25833) && st_expand(schw_841.schw, '300'::double precision)) AND (schw_841.schw && st_expand(st_transform(s_841.the_geom, 25833), '300'::double precision)) AND _st_dwithin(st_transform(s_841.the_geom, 25833), schw_841.schw, '300'::double precision))
                           ->  Function Scan on schw_841  (cost=0.00..0.01 rows=1 width=32)
                           ->  Seq Scan on phoml_trajectory_tmp s_841  (cost=0.00..95.68 rows=17 width=40)
                                 Filter: ((unix_time >= '1685451578.885'::double precision) AND (unix_time <= '1685451638.885'::double precision))
   ->  Subquery Scan on "*SELECT* 843"  (cost=97.82..97.83 rows=1 width=76)
         ->  Limit  (cost=97.82..97.82 rows=1 width=84)
               ->  Sort  (cost=97.82..97.82 rows=1 width=84)
                     Sort Key: (st_distance(st_transform(s_842.the_geom, 25833), schw_842.schw))
                     ->  Nested Loop  (cost=0.00..97.81 rows=1 width=84)
                           Join Filter: ((st_transform(s_842.the_geom, 25833) && st_expand(schw_842.schw, '300'::double precision)) AND (schw_842.schw && st_expand(st_transform(s_842.the_geom, 25833), '300'::double precision)) AND _st_dwithin(st_transform(s_842.the_geom, 25833), schw_842.schw, '300'::double precision))
                           ->  Function Scan on schw_842  (cost=0.00..0.01 rows=1 width=32)
                           ->  Seq Scan on phoml_trajectory_tmp s_842  (cost=0.00..95.68 rows=17 width=40)
                                 Filter: ((unix_time >= '1685451579.301'::double precision) AND (unix_time <= '1685451639.301'::double precision))
   ->  Subquery Scan on "*SELECT* 844"  (cost=97.82..97.83 rows=1 width=76)
         ->  Limit  (cost=97.82..97.82 rows=1 width=84)
               ->  Sort  (cost=97.82..97.82 rows=1 width=84)
                     Sort Key: (st_distance(st_transform(s_843.the_geom, 25833), schw_843.schw))
                     ->  Nested Loop  (cost=0.00..97.81 rows=1 width=84)
                           Join Filter: ((st_transform(s_843.the_geom, 25833) && st_expand(schw_843.schw, '300'::double precision)) AND (schw_843.schw && st_expand(st_transform(s_843.the_geom, 25833), '300'::double precision)) AND _st_dwithin(st_transform(s_843.the_geom, 25833), schw_843.schw, '300'::double precision))
                           ->  Function Scan on schw_843  (cost=0.00..0.01 rows=1 width=32)
                           ->  Seq Scan on phoml_trajectory_tmp s_843  (cost=0.00..95.68 rows=17 width=40)
                                 Filter: ((unix_time >= '1685451579.711'::double precision) AND (unix_time <= '1685451639.711'::double precision))
   ->  Subquery Scan on "*SELECT* 845"  (cost=97.82..97.83 rows=1 width=76)
         ->  Limit  (cost=97.82..97.82 rows=1 width=84)
               ->  Sort  (cost=97.82..97.82 rows=1 width=84)
                     Sort Key: (st_distance(st_transform(s_844.the_geom, 25833), schw_844.schw))
                     ->  Nested Loop  (cost=0.00..97.81 rows=1 width=84)
                           Join Filter: ((st_transform(s_844.the_geom, 25833) && st_expand(schw_844.schw, '300'::double precision)) AND (schw_844.schw && st_expand(st_transform(s_844.the_geom, 25833), '300'::double precision)) AND _st_dwithin(st_transform(s_844.the_geom, 25833), schw_844.schw, '300'::double precision))
                           ->  Function Scan on schw_844  (cost=0.00..0.01 rows=1 width=32)
                           ->  Seq Scan on phoml_trajectory_tmp s_844  (cost=0.00..95.68 rows=17 width=40)
                                 Filter: ((unix_time >= '1685451580.147'::double precision) AND (unix_time <= '1685451640.147'::double precision))
   ->  Subquery Scan on "*SELECT* 846"  (cost=97.82..97.83 rows=1 width=76)
         ->  Limit  (cost=97.82..97.82 rows=1 width=84)
               ->  Sort  (cost=97.82..97.82 rows=1 width=84)
                     Sort Key: (st_distance(st_transform(s_845.the_geom, 25833), schw_845.schw))
                     ->  Nested Loop  (cost=0.00..97.81 rows=1 width=84)
                           Join Filter: ((st_transform(s_845.the_geom, 25833) && st_expand(schw_845.schw, '300'::double precision)) AND (schw_845.schw && st_expand(st_transform(s_845.the_geom, 25833), '300'::double precision)) AND _st_dwithin(st_transform(s_845.the_geom, 25833), schw_845.schw, '300'::double precision))
                           ->  Function Scan on schw_845  (cost=0.00..0.01 rows=1 width=32)
                           ->  Seq Scan on phoml_trajectory_tmp s_845  (cost=0.00..95.68 rows=17 width=40)
                                 Filter: ((unix_time >= '1685451580.567'::double precision) AND (unix_time <= '1685451640.567'::double precision))
   ->  Subquery Scan on "*SELECT* 847"  (cost=97.82..97.83 rows=1 width=76)
         ->  Limit  (cost=97.82..97.82 rows=1 width=84)
               ->  Sort  (cost=97.82..97.82 rows=1 width=84)
                     Sort Key: (st_distance(st_transform(s_846.the_geom, 25833), schw_846.schw))
                     ->  Nested Loop  (cost=0.00..97.81 rows=1 width=84)
                           Join Filter: ((st_transform(s_846.the_geom, 25833) && st_expand(schw_846.schw, '300'::double precision)) AND (schw_846.schw && st_expand(st_transform(s_846.the_geom, 25833), '300'::double precision)) AND _st_dwithin(st_transform(s_846.the_geom, 25833), schw_846.schw, '300'::double precision))
                           ->  Function Scan on schw_846  (cost=0.00..0.01 rows=1 width=32)
                           ->  Seq Scan on phoml_trajectory_tmp s_846  (cost=0.00..95.68 rows=17 width=40)
                                 Filter: ((unix_time >= '1685451581.017'::double precision) AND (unix_time <= '1685451641.017'::double precision))
   ->  Subquery Scan on "*SELECT* 848"  (cost=97.82..97.83 rows=1 width=76)
         ->  Limit  (cost=97.82..97.82 rows=1 width=84)
               ->  Sort  (cost=97.82..97.82 rows=1 width=84)
                     Sort Key: (st_distance(st_transform(s_847.the_geom, 25833), schw_847.schw))
                     ->  Nested Loop  (cost=0.00..97.81 rows=1 width=84)
                           Join Filter: ((st_transform(s_847.the_geom, 25833) && st_expand(schw_847.schw, '300'::double precision)) AND (schw_847.schw && st_expand(st_transform(s_847.the_geom, 25833), '300'::double precision)) AND _st_dwithin(st_transform(s_847.the_geom, 25833), schw_847.schw, '300'::double precision))
                           ->  Function Scan on schw_847  (cost=0.00..0.01 rows=1 width=32)
                           ->  Seq Scan on phoml_trajectory_tmp s_847  (cost=0.00..95.68 rows=17 width=40)
                                 Filter: ((unix_time >= '1685451581.488'::double precision) AND (unix_time <= '1685451641.488'::double precision))
   ->  Subquery Scan on "*SELECT* 849"  (cost=97.82..97.83 rows=1 width=76)
         ->  Limit  (cost=97.82..97.82 rows=1 width=84)
               ->  Sort  (cost=97.82..97.82 rows=1 width=84)
                     Sort Key: (st_distance(st_transform(s_848.the_geom, 25833), schw_848.schw))
                     ->  Nested Loop  (cost=0.00..97.81 rows=1 width=84)
                           Join Filter: ((st_transform(s_848.the_geom, 25833) && st_expand(schw_848.schw, '300'::double precision)) AND (schw_848.schw && st_expand(st_transform(s_848.the_geom, 25833), '300'::double precision)) AND _st_dwithin(st_transform(s_848.the_geom, 25833), schw_848.schw, '300'::double precision))
                           ->  Function Scan on schw_848  (cost=0.00..0.01 rows=1 width=32)
                           ->  Seq Scan on phoml_trajectory_tmp s_848  (cost=0.00..95.68 rows=17 width=40)
                                 Filter: ((unix_time >= '1685451581.958'::double precision) AND (unix_time <= '1685451641.958'::double precision))
   ->  Subquery Scan on "*SELECT* 850"  (cost=97.82..97.83 rows=1 width=76)
         ->  Limit  (cost=97.82..97.82 rows=1 width=84)
               ->  Sort  (cost=97.82..97.82 rows=1 width=84)
                     Sort Key: (st_distance(st_transform(s_849.the_geom, 25833), schw_849.schw))
                     ->  Nested Loop  (cost=0.00..97.81 rows=1 width=84)
                           Join Filter: ((st_transform(s_849.the_geom, 25833) && st_expand(schw_849.schw, '300'::double precision)) AND (schw_849.schw && st_expand(st_transform(s_849.the_geom, 25833), '300'::double precision)) AND _st_dwithin(st_transform(s_849.the_geom, 25833), schw_849.schw, '300'::double precision))
                           ->  Function Scan on schw_849  (cost=0.00..0.01 rows=1 width=32)
                           ->  Seq Scan on phoml_trajectory_tmp s_849  (cost=0.00..95.68 rows=17 width=40)
                                 Filter: ((unix_time >= '1685451582.446'::double precision) AND (unix_time <= '1685451642.446'::double precision))
   ->  Subquery Scan on "*SELECT* 851"  (cost=97.82..97.83 rows=1 width=76)
         ->  Limit  (cost=97.82..97.82 rows=1 width=84)
               ->  Sort  (cost=97.82..97.82 rows=1 width=84)
                     Sort Key: (st_distance(st_transform(s_850.the_geom, 25833), schw_850.schw))
                     ->  Nested Loop  (cost=0.00..97.81 rows=1 width=84)
                           Join Filter: ((st_transform(s_850.the_geom, 25833) && st_expand(schw_850.schw, '300'::double precision)) AND (schw_850.schw && st_expand(st_transform(s_850.the_geom, 25833), '300'::double precision)) AND _st_dwithin(st_transform(s_850.the_geom, 25833), schw_850.schw, '300'::double precision))
                           ->  Function Scan on schw_850  (cost=0.00..0.01 rows=1 width=32)
                           ->  Seq Scan on phoml_trajectory_tmp s_850  (cost=0.00..95.68 rows=17 width=40)
                                 Filter: ((unix_time >= '1685451582.946'::double precision) AND (unix_time <= '1685451642.946'::double precision))
   ->  Subquery Scan on "*SELECT* 852"  (cost=97.82..97.83 rows=1 width=76)
         ->  Limit  (cost=97.82..97.82 rows=1 width=84)
               ->  Sort  (cost=97.82..97.82 rows=1 width=84)
                     Sort Key: (st_distance(st_transform(s_851.the_geom, 25833), schw_851.schw))
                     ->  Nested Loop  (cost=0.00..97.81 rows=1 width=84)
                           Join Filter: ((st_transform(s_851.the_geom, 25833) && st_expand(schw_851.schw, '300'::double precision)) AND (schw_851.schw && st_expand(st_transform(s_851.the_geom, 25833), '300'::double precision)) AND _st_dwithin(st_transform(s_851.the_geom, 25833), schw_851.schw, '300'::double precision))
                           ->  Function Scan on schw_851  (cost=0.00..0.01 rows=1 width=32)
                           ->  Seq Scan on phoml_trajectory_tmp s_851  (cost=0.00..95.68 rows=17 width=40)
                                 Filter: ((unix_time >= '1685451583.459'::double precision) AND (unix_time <= '1685451643.459'::double precision))
   ->  Subquery Scan on "*SELECT* 853"  (cost=97.82..97.83 rows=1 width=76)
         ->  Limit  (cost=97.82..97.82 rows=1 width=84)
               ->  Sort  (cost=97.82..97.82 rows=1 width=84)
                     Sort Key: (st_distance(st_transform(s_852.the_geom, 25833), schw_852.schw))
                     ->  Nested Loop  (cost=0.00..97.81 rows=1 width=84)
                           Join Filter: ((st_transform(s_852.the_geom, 25833) && st_expand(schw_852.schw, '300'::double precision)) AND (schw_852.schw && st_expand(st_transform(s_852.the_geom, 25833), '300'::double precision)) AND _st_dwithin(st_transform(s_852.the_geom, 25833), schw_852.schw, '300'::double precision))
                           ->  Function Scan on schw_852  (cost=0.00..0.01 rows=1 width=32)
                           ->  Seq Scan on phoml_trajectory_tmp s_852  (cost=0.00..95.68 rows=17 width=40)
                                 Filter: ((unix_time >= '1685451583.959'::double precision) AND (unix_time <= '1685451643.959'::double precision))
   ->  Subquery Scan on "*SELECT* 854"  (cost=97.82..97.83 rows=1 width=76)
         ->  Limit  (cost=97.82..97.82 rows=1 width=84)
               ->  Sort  (cost=97.82..97.82 rows=1 width=84)
                     Sort Key: (st_distance(st_transform(s_853.the_geom, 25833), schw_853.schw))
                     ->  Nested Loop  (cost=0.00..97.81 rows=1 width=84)
                           Join Filter: ((st_transform(s_853.the_geom, 25833) && st_expand(schw_853.schw, '300'::double precision)) AND (schw_853.schw && st_expand(st_transform(s_853.the_geom, 25833), '300'::double precision)) AND _st_dwithin(st_transform(s_853.the_geom, 25833), schw_853.schw, '300'::double precision))
                           ->  Function Scan on schw_853  (cost=0.00..0.01 rows=1 width=32)
                           ->  Seq Scan on phoml_trajectory_tmp s_853  (cost=0.00..95.68 rows=17 width=40)
                                 Filter: ((unix_time >= '1685451584.462'::double precision) AND (unix_time <= '1685451644.462'::double precision))
   ->  Subquery Scan on "*SELECT* 855"  (cost=97.82..97.83 rows=1 width=76)
         ->  Limit  (cost=97.82..97.82 rows=1 width=84)
               ->  Sort  (cost=97.82..97.82 rows=1 width=84)
                     Sort Key: (st_distance(st_transform(s_854.the_geom, 25833), schw_854.schw))
                     ->  Nested Loop  (cost=0.00..97.81 rows=1 width=84)
                           Join Filter: ((st_transform(s_854.the_geom, 25833) && st_expand(schw_854.schw, '300'::double precision)) AND (schw_854.schw && st_expand(st_transform(s_854.the_geom, 25833), '300'::double precision)) AND _st_dwithin(st_transform(s_854.the_geom, 25833), schw_854.schw, '300'::double precision))
                           ->  Function Scan on schw_854  (cost=0.00..0.01 rows=1 width=32)
                           ->  Seq Scan on phoml_trajectory_tmp s_854  (cost=0.00..95.68 rows=17 width=40)
                                 Filter: ((unix_time >= '1685451584.942'::double precision) AND (unix_time <= '1685451644.942'::double precision))
   ->  Subquery Scan on "*SELECT* 856"  (cost=97.82..97.83 rows=1 width=76)
         ->  Limit  (cost=97.82..97.82 rows=1 width=84)
               ->  Sort  (cost=97.82..97.82 rows=1 width=84)
                     Sort Key: (st_distance(st_transform(s_855.the_geom, 25833), schw_855.schw))
                     ->  Nested Loop  (cost=0.00..97.81 rows=1 width=84)
                           Join Filter: ((st_transform(s_855.the_geom, 25833) && st_expand(schw_855.schw, '300'::double precision)) AND (schw_855.schw && st_expand(st_transform(s_855.the_geom, 25833), '300'::double precision)) AND _st_dwithin(st_transform(s_855.the_geom, 25833), schw_855.schw, '300'::double precision))
                           ->  Function Scan on schw_855  (cost=0.00..0.01 rows=1 width=32)
                           ->  Seq Scan on phoml_trajectory_tmp s_855  (cost=0.00..95.68 rows=17 width=40)
                                 Filter: ((unix_time >= '1685451585.419'::double precision) AND (unix_time <= '1685451645.419'::double precision))
   ->  Subquery Scan on "*SELECT* 857"  (cost=97.82..97.83 rows=1 width=76)
         ->  Limit  (cost=97.82..97.82 rows=1 width=84)
               ->  Sort  (cost=97.82..97.82 rows=1 width=84)
                     Sort Key: (st_distance(st_transform(s_856.the_geom, 25833), schw_856.schw))
                     ->  Nested Loop  (cost=0.00..97.81 rows=1 width=84)
                           Join Filter: ((st_transform(s_856.the_geom, 25833) && st_expand(schw_856.schw, '300'::double precision)) AND (schw_856.schw && st_expand(st_transform(s_856.the_geom, 25833), '300'::double precision)) AND _st_dwithin(st_transform(s_856.the_geom, 25833), schw_856.schw, '300'::double precision))
                           ->  Function Scan on schw_856  (cost=0.00..0.01 rows=1 width=32)
                           ->  Seq Scan on phoml_trajectory_tmp s_856  (cost=0.00..95.68 rows=17 width=40)
                                 Filter: ((unix_time >= '1685451585.869'::double precision) AND (unix_time <= '1685451645.869'::double precision))
   ->  Subquery Scan on "*SELECT* 858"  (cost=97.82..97.83 rows=1 width=76)
         ->  Limit  (cost=97.82..97.82 rows=1 width=84)
               ->  Sort  (cost=97.82..97.82 rows=1 width=84)
                     Sort Key: (st_distance(st_transform(s_857.the_geom, 25833), schw_857.schw))
                     ->  Nested Loop  (cost=0.00..97.81 rows=1 width=84)
                           Join Filter: ((st_transform(s_857.the_geom, 25833) && st_expand(schw_857.schw, '300'::double precision)) AND (schw_857.schw && st_expand(st_transform(s_857.the_geom, 25833), '300'::double precision)) AND _st_dwithin(st_transform(s_857.the_geom, 25833), schw_857.schw, '300'::double precision))
                           ->  Function Scan on schw_857  (cost=0.00..0.01 rows=1 width=32)
                           ->  Seq Scan on phoml_trajectory_tmp s_857  (cost=0.00..95.68 rows=17 width=40)
                                 Filter: ((unix_time >= '1685451586.321'::double precision) AND (unix_time <= '1685451646.321'::double precision))
   ->  Subquery Scan on "*SELECT* 859"  (cost=97.82..97.83 rows=1 width=76)
         ->  Limit  (cost=97.82..97.82 rows=1 width=84)
               ->  Sort  (cost=97.82..97.82 rows=1 width=84)
                     Sort Key: (st_distance(st_transform(s_858.the_geom, 25833), schw_858.schw))
                     ->  Nested Loop  (cost=0.00..97.81 rows=1 width=84)
                           Join Filter: ((st_transform(s_858.the_geom, 25833) && st_expand(schw_858.schw, '300'::double precision)) AND (schw_858.schw && st_expand(st_transform(s_858.the_geom, 25833), '300'::double precision)) AND _st_dwithin(st_transform(s_858.the_geom, 25833), schw_858.schw, '300'::double precision))
                           ->  Function Scan on schw_858  (cost=0.00..0.01 rows=1 width=32)
                           ->  Seq Scan on phoml_trajectory_tmp s_858  (cost=0.00..95.68 rows=17 width=40)
                                 Filter: ((unix_time >= '1685451586.761'::double precision) AND (unix_time <= '1685451646.761'::double precision))
   ->  Subquery Scan on "*SELECT* 860"  (cost=97.82..97.83 rows=1 width=76)
         ->  Limit  (cost=97.82..97.82 rows=1 width=84)
               ->  Sort  (cost=97.82..97.82 rows=1 width=84)
                     Sort Key: (st_distance(st_transform(s_859.the_geom, 25833), schw_859.schw))
                     ->  Nested Loop  (cost=0.00..97.81 rows=1 width=84)
                           Join Filter: ((st_transform(s_859.the_geom, 25833) && st_expand(schw_859.schw, '300'::double precision)) AND (schw_859.schw && st_expand(st_transform(s_859.the_geom, 25833), '300'::double precision)) AND _st_dwithin(st_transform(s_859.the_geom, 25833), schw_859.schw, '300'::double precision))
                           ->  Function Scan on schw_859  (cost=0.00..0.01 rows=1 width=32)
                           ->  Seq Scan on phoml_trajectory_tmp s_859  (cost=0.00..95.68 rows=17 width=40)
                                 Filter: ((unix_time >= '1685451587.186'::double precision) AND (unix_time <= '1685451647.186'::double precision))
   ->  Subquery Scan on "*SELECT* 861"  (cost=97.82..97.83 rows=1 width=76)
         ->  Limit  (cost=97.82..97.82 rows=1 width=84)
               ->  Sort  (cost=97.82..97.82 rows=1 width=84)
                     Sort Key: (st_distance(st_transform(s_860.the_geom, 25833), schw_860.schw))
                     ->  Nested Loop  (cost=0.00..97.81 rows=1 width=84)
                           Join Filter: ((st_transform(s_860.the_geom, 25833) && st_expand(schw_860.schw, '300'::double precision)) AND (schw_860.schw && st_expand(st_transform(s_860.the_geom, 25833), '300'::double precision)) AND _st_dwithin(st_transform(s_860.the_geom, 25833), schw_860.schw, '300'::double precision))
                           ->  Function Scan on schw_860  (cost=0.00..0.01 rows=1 width=32)
                           ->  Seq Scan on phoml_trajectory_tmp s_860  (cost=0.00..95.68 rows=17 width=40)
                                 Filter: ((unix_time >= '1685451587.586'::double precision) AND (unix_time <= '1685451647.586'::double precision))
   ->  Subquery Scan on "*SELECT* 862"  (cost=97.82..97.83 rows=1 width=76)
         ->  Limit  (cost=97.82..97.82 rows=1 width=84)
               ->  Sort  (cost=97.82..97.82 rows=1 width=84)
                     Sort Key: (st_distance(st_transform(s_861.the_geom, 25833), schw_861.schw))
                     ->  Nested Loop  (cost=0.00..97.81 rows=1 width=84)
                           Join Filter: ((st_transform(s_861.the_geom, 25833) && st_expand(schw_861.schw, '300'::double precision)) AND (schw_861.schw && st_expand(st_transform(s_861.the_geom, 25833), '300'::double precision)) AND _st_dwithin(st_transform(s_861.the_geom, 25833), schw_861.schw, '300'::double precision))
                           ->  Function Scan on schw_861  (cost=0.00..0.01 rows=1 width=32)
                           ->  Seq Scan on phoml_trajectory_tmp s_861  (cost=0.00..95.68 rows=17 width=40)
                                 Filter: ((unix_time >= '1685451588.006'::double precision) AND (unix_time <= '1685451648.006'::double precision))
   ->  Subquery Scan on "*SELECT* 863"  (cost=97.82..97.83 rows=1 width=76)
         ->  Limit  (cost=97.82..97.82 rows=1 width=84)
               ->  Sort  (cost=97.82..97.82 rows=1 width=84)
                     Sort Key: (st_distance(st_transform(s_862.the_geom, 25833), schw_862.schw))
                     ->  Nested Loop  (cost=0.00..97.81 rows=1 width=84)
                           Join Filter: ((st_transform(s_862.the_geom, 25833) && st_expand(schw_862.schw, '300'::double precision)) AND (schw_862.schw && st_expand(st_transform(s_862.the_geom, 25833), '300'::double precision)) AND _st_dwithin(st_transform(s_862.the_geom, 25833), schw_862.schw, '300'::double precision))
                           ->  Function Scan on schw_862  (cost=0.00..0.01 rows=1 width=32)
                           ->  Seq Scan on phoml_trajectory_tmp s_862  (cost=0.00..95.68 rows=17 width=40)
                                 Filter: ((unix_time >= '1685451588.395'::double precision) AND (unix_time <= '1685451648.395'::double precision))
   ->  Subquery Scan on "*SELECT* 864"  (cost=97.82..97.83 rows=1 width=76)
         ->  Limit  (cost=97.82..97.82 rows=1 width=84)
               ->  Sort  (cost=97.82..97.82 rows=1 width=84)
                     Sort Key: (st_distance(st_transform(s_863.the_geom, 25833), schw_863.schw))
                     ->  Nested Loop  (cost=0.00..97.81 rows=1 width=84)
                           Join Filter: ((st_transform(s_863.the_geom, 25833) && st_expand(schw_863.schw, '300'::double precision)) AND (schw_863.schw && st_expand(st_transform(s_863.the_geom, 25833), '300'::double precision)) AND _st_dwithin(st_transform(s_863.the_geom, 25833), schw_863.schw, '300'::double precision))
                           ->  Function Scan on schw_863  (cost=0.00..0.01 rows=1 width=32)
                           ->  Seq Scan on phoml_trajectory_tmp s_863  (cost=0.00..95.68 rows=17 width=40)
                                 Filter: ((unix_time >= '1685451588.795'::double precision) AND (unix_time <= '1685451648.795'::double precision))
   ->  Subquery Scan on "*SELECT* 865"  (cost=97.82..97.83 rows=1 width=76)
         ->  Limit  (cost=97.82..97.82 rows=1 width=84)
               ->  Sort  (cost=97.82..97.82 rows=1 width=84)
                     Sort Key: (st_distance(st_transform(s_864.the_geom, 25833), schw_864.schw))
                     ->  Nested Loop  (cost=0.00..97.81 rows=1 width=84)
                           Join Filter: ((st_transform(s_864.the_geom, 25833) && st_expand(schw_864.schw, '300'::double precision)) AND (schw_864.schw && st_expand(st_transform(s_864.the_geom, 25833), '300'::double precision)) AND _st_dwithin(st_transform(s_864.the_geom, 25833), schw_864.schw, '300'::double precision))
                           ->  Function Scan on schw_864  (cost=0.00..0.01 rows=1 width=32)
                           ->  Seq Scan on phoml_trajectory_tmp s_864  (cost=0.00..95.68 rows=17 width=40)
                                 Filter: ((unix_time >= '1685451589.194'::double precision) AND (unix_time <= '1685451649.194'::double precision))
   ->  Subquery Scan on "*SELECT* 866"  (cost=97.82..97.83 rows=1 width=76)
         ->  Limit  (cost=97.82..97.82 rows=1 width=84)
               ->  Sort  (cost=97.82..97.82 rows=1 width=84)
                     Sort Key: (st_distance(st_transform(s_865.the_geom, 25833), schw_865.schw))
                     ->  Nested Loop  (cost=0.00..97.81 rows=1 width=84)
                           Join Filter: ((st_transform(s_865.the_geom, 25833) && st_expand(schw_865.schw, '300'::double precision)) AND (schw_865.schw && st_expand(st_transform(s_865.the_geom, 25833), '300'::double precision)) AND _st_dwithin(st_transform(s_865.the_geom, 25833), schw_865.schw, '300'::double precision))
                           ->  Function Scan on schw_865  (cost=0.00..0.01 rows=1 width=32)
                           ->  Seq Scan on phoml_trajectory_tmp s_865  (cost=0.00..95.68 rows=17 width=40)
                                 Filter: ((unix_time >= '1685451589.574'::double precision) AND (unix_time <= '1685451649.574'::double precision))
   ->  Subquery Scan on "*SELECT* 867"  (cost=97.82..97.83 rows=1 width=76)
         ->  Limit  (cost=97.82..97.82 rows=1 width=84)
               ->  Sort  (cost=97.82..97.82 rows=1 width=84)
                     Sort Key: (st_distance(st_transform(s_866.the_geom, 25833), schw_866.schw))
                     ->  Nested Loop  (cost=0.00..97.81 rows=1 width=84)
                           Join Filter: ((st_transform(s_866.the_geom, 25833) && st_expand(schw_866.schw, '300'::double precision)) AND (schw_866.schw && st_expand(st_transform(s_866.the_geom, 25833), '300'::double precision)) AND _st_dwithin(st_transform(s_866.the_geom, 25833), schw_866.schw, '300'::double precision))
                           ->  Function Scan on schw_866  (cost=0.00..0.01 rows=1 width=32)
                           ->  Seq Scan on phoml_trajectory_tmp s_866  (cost=0.00..95.68 rows=17 width=40)
                                 Filter: ((unix_time >= '1685451589.954'::double precision) AND (unix_time <= '1685451649.954'::double precision))
   ->  Subquery Scan on "*SELECT* 868"  (cost=97.82..97.83 rows=1 width=76)
         ->  Limit  (cost=97.82..97.82 rows=1 width=84)
               ->  Sort  (cost=97.82..97.82 rows=1 width=84)
                     Sort Key: (st_distance(st_transform(s_867.the_geom, 25833), schw_867.schw))
                     ->  Nested Loop  (cost=0.00..97.81 rows=1 width=84)
                           Join Filter: ((st_transform(s_867.the_geom, 25833) && st_expand(schw_867.schw, '300'::double precision)) AND (schw_867.schw && st_expand(st_transform(s_867.the_geom, 25833), '300'::double precision)) AND _st_dwithin(st_transform(s_867.the_geom, 25833), schw_867.schw, '300'::double precision))
                           ->  Function Scan on schw_867  (cost=0.00..0.01 rows=1 width=32)
                           ->  Seq Scan on phoml_trajectory_tmp s_867  (cost=0.00..95.68 rows=17 width=40)
                                 Filter: ((unix_time >= '1685451590.332'::double precision) AND (unix_time <= '1685451650.332'::double precision))
   ->  Subquery Scan on "*SELECT* 869"  (cost=97.82..97.83 rows=1 width=76)
         ->  Limit  (cost=97.82..97.82 rows=1 width=84)
               ->  Sort  (cost=97.82..97.82 rows=1 width=84)
                     Sort Key: (st_distance(st_transform(s_868.the_geom, 25833), schw_868.schw))
                     ->  Nested Loop  (cost=0.00..97.81 rows=1 width=84)
                           Join Filter: ((st_transform(s_868.the_geom, 25833) && st_expand(schw_868.schw, '300'::double precision)) AND (schw_868.schw && st_expand(st_transform(s_868.the_geom, 25833), '300'::double precision)) AND _st_dwithin(st_transform(s_868.the_geom, 25833), schw_868.schw, '300'::double precision))
                           ->  Function Scan on schw_868  (cost=0.00..0.01 rows=1 width=32)
                           ->  Seq Scan on phoml_trajectory_tmp s_868  (cost=0.00..95.68 rows=17 width=40)
                                 Filter: ((unix_time >= '1685451590.722'::double precision) AND (unix_time <= '1685451650.722'::double precision))
   ->  Subquery Scan on "*SELECT* 870"  (cost=97.82..97.83 rows=1 width=76)
         ->  Limit  (cost=97.82..97.82 rows=1 width=84)
               ->  Sort  (cost=97.82..97.82 rows=1 width=84)
                     Sort Key: (st_distance(st_transform(s_869.the_geom, 25833), schw_869.schw))
                     ->  Nested Loop  (cost=0.00..97.81 rows=1 width=84)
                           Join Filter: ((st_transform(s_869.the_geom, 25833) && st_expand(schw_869.schw, '300'::double precision)) AND (schw_869.schw && st_expand(st_transform(s_869.the_geom, 25833), '300'::double precision)) AND _st_dwithin(st_transform(s_869.the_geom, 25833), schw_869.schw, '300'::double precision))
                           ->  Function Scan on schw_869  (cost=0.00..0.01 rows=1 width=32)
                           ->  Seq Scan on phoml_trajectory_tmp s_869  (cost=0.00..95.68 rows=17 width=40)
                                 Filter: ((unix_time >= '1685451591.102'::double precision) AND (unix_time <= '1685451651.102'::double precision))
   ->  Subquery Scan on "*SELECT* 871"  (cost=97.82..97.83 rows=1 width=76)
         ->  Limit  (cost=97.82..97.82 rows=1 width=84)
               ->  Sort  (cost=97.82..97.82 rows=1 width=84)
                     Sort Key: (st_distance(st_transform(s_870.the_geom, 25833), schw_870.schw))
                     ->  Nested Loop  (cost=0.00..97.81 rows=1 width=84)
                           Join Filter: ((st_transform(s_870.the_geom, 25833) && st_expand(schw_870.schw, '300'::double precision)) AND (schw_870.schw && st_expand(st_transform(s_870.the_geom, 25833), '300'::double precision)) AND _st_dwithin(st_transform(s_870.the_geom, 25833), schw_870.schw, '300'::double precision))
                           ->  Function Scan on schw_870  (cost=0.00..0.01 rows=1 width=32)
                           ->  Seq Scan on phoml_trajectory_tmp s_870  (cost=0.00..95.68 rows=17 width=40)
                                 Filter: ((unix_time >= '1685451591.493'::double precision) AND (unix_time <= '1685451651.493'::double precision))
   ->  Subquery Scan on "*SELECT* 872"  (cost=97.82..97.83 rows=1 width=76)
         ->  Limit  (cost=97.82..97.82 rows=1 width=84)
               ->  Sort  (cost=97.82..97.82 rows=1 width=84)
                     Sort Key: (st_distance(st_transform(s_871.the_geom, 25833), schw_871.schw))
                     ->  Nested Loop  (cost=0.00..97.81 rows=1 width=84)
                           Join Filter: ((st_transform(s_871.the_geom, 25833) && st_expand(schw_871.schw, '300'::double precision)) AND (schw_871.schw && st_expand(st_transform(s_871.the_geom, 25833), '300'::double precision)) AND _st_dwithin(st_transform(s_871.the_geom, 25833), schw_871.schw, '300'::double precision))
                           ->  Function Scan on schw_871  (cost=0.00..0.01 rows=1 width=32)
                           ->  Seq Scan on phoml_trajectory_tmp s_871  (cost=0.00..95.68 rows=17 width=40)
                                 Filter: ((unix_time >= '1685451591.873'::double precision) AND (unix_time <= '1685451651.873'::double precision))
   ->  Subquery Scan on "*SELECT* 873"  (cost=97.82..97.83 rows=1 width=76)
         ->  Limit  (cost=97.82..97.82 rows=1 width=84)
               ->  Sort  (cost=97.82..97.82 rows=1 width=84)
                     Sort Key: (st_distance(st_transform(s_872.the_geom, 25833), schw_872.schw))
                     ->  Nested Loop  (cost=0.00..97.81 rows=1 width=84)
                           Join Filter: ((st_transform(s_872.the_geom, 25833) && st_expand(schw_872.schw, '300'::double precision)) AND (schw_872.schw && st_expand(st_transform(s_872.the_geom, 25833), '300'::double precision)) AND _st_dwithin(st_transform(s_872.the_geom, 25833), schw_872.schw, '300'::double precision))
                           ->  Function Scan on schw_872  (cost=0.00..0.01 rows=1 width=32)
                           ->  Seq Scan on phoml_trajectory_tmp s_872  (cost=0.00..95.68 rows=17 width=40)
                                 Filter: ((unix_time >= '1685451592.259'::double precision) AND (unix_time <= '1685451652.259'::double precision))
   ->  Subquery Scan on "*SELECT* 874"  (cost=97.82..97.83 rows=1 width=76)
         ->  Limit  (cost=97.82..97.82 rows=1 width=84)
               ->  Sort  (cost=97.82..97.82 rows=1 width=84)
                     Sort Key: (st_distance(st_transform(s_873.the_geom, 25833), schw_873.schw))
                     ->  Nested Loop  (cost=0.00..97.81 rows=1 width=84)
                           Join Filter: ((st_transform(s_873.the_geom, 25833) && st_expand(schw_873.schw, '300'::double precision)) AND (schw_873.schw && st_expand(st_transform(s_873.the_geom, 25833), '300'::double precision)) AND _st_dwithin(st_transform(s_873.the_geom, 25833), schw_873.schw, '300'::double precision))
                           ->  Function Scan on schw_873  (cost=0.00..0.01 rows=1 width=32)
                           ->  Seq Scan on phoml_trajectory_tmp s_873  (cost=0.00..95.68 rows=17 width=40)
                                 Filter: ((unix_time >= '1685451592.659'::double precision) AND (unix_time <= '1685451652.659'::double precision))
   ->  Subquery Scan on "*SELECT* 875"  (cost=97.82..97.83 rows=1 width=76)
         ->  Limit  (cost=97.82..97.82 rows=1 width=84)
               ->  Sort  (cost=97.82..97.82 rows=1 width=84)
                     Sort Key: (st_distance(st_transform(s_874.the_geom, 25833), schw_874.schw))
                     ->  Nested Loop  (cost=0.00..97.81 rows=1 width=84)
                           Join Filter: ((st_transform(s_874.the_geom, 25833) && st_expand(schw_874.schw, '300'::double precision)) AND (schw_874.schw && st_expand(st_transform(s_874.the_geom, 25833), '300'::double precision)) AND _st_dwithin(st_transform(s_874.the_geom, 25833), schw_874.schw, '300'::double precision))
                           ->  Function Scan on schw_874  (cost=0.00..0.01 rows=1 width=32)
                           ->  Seq Scan on phoml_trajectory_tmp s_874  (cost=0.00..95.68 rows=17 width=40)
                                 Filter: ((unix_time >= '1685451593.049'::double precision) AND (unix_time <= '1685451653.049'::double precision))
   ->  Subquery Scan on "*SELECT* 876"  (cost=97.82..97.83 rows=1 width=76)
         ->  Limit  (cost=97.82..97.82 rows=1 width=84)
               ->  Sort  (cost=97.82..97.82 rows=1 width=84)
                     Sort Key: (st_distance(st_transform(s_875.the_geom, 25833), schw_875.schw))
                     ->  Nested Loop  (cost=0.00..97.81 rows=1 width=84)
                           Join Filter: ((st_transform(s_875.the_geom, 25833) && st_expand(schw_875.schw, '300'::double precision)) AND (schw_875.schw && st_expand(st_transform(s_875.the_geom, 25833), '300'::double precision)) AND _st_dwithin(st_transform(s_875.the_geom, 25833), schw_875.schw, '300'::double precision))
                           ->  Function Scan on schw_875  (cost=0.00..0.01 rows=1 width=32)
                           ->  Seq Scan on phoml_trajectory_tmp s_875  (cost=0.00..95.68 rows=17 width=40)
                                 Filter: ((unix_time >= '1685451593.457'::double precision) AND (unix_time <= '1685451653.457'::double precision))
   ->  Subquery Scan on "*SELECT* 877"  (cost=97.82..97.83 rows=1 width=76)
         ->  Limit  (cost=97.82..97.82 rows=1 width=84)
               ->  Sort  (cost=97.82..97.82 rows=1 width=84)
                     Sort Key: (st_distance(st_transform(s_876.the_geom, 25833), schw_876.schw))
                     ->  Nested Loop  (cost=0.00..97.81 rows=1 width=84)
                           Join Filter: ((st_transform(s_876.the_geom, 25833) && st_expand(schw_876.schw, '300'::double precision)) AND (schw_876.schw && st_expand(st_transform(s_876.the_geom, 25833), '300'::double precision)) AND _st_dwithin(st_transform(s_876.the_geom, 25833), schw_876.schw, '300'::double precision))
                           ->  Function Scan on schw_876  (cost=0.00..0.01 rows=1 width=32)
                           ->  Seq Scan on phoml_trajectory_tmp s_876  (cost=0.00..95.68 rows=17 width=40)
                                 Filter: ((unix_time >= '1685451593.867'::double precision) AND (unix_time <= '1685451653.867'::double precision))
   ->  Subquery Scan on "*SELECT* 878"  (cost=97.82..97.83 rows=1 width=76)
         ->  Limit  (cost=97.82..97.82 rows=1 width=84)
               ->  Sort  (cost=97.82..97.82 rows=1 width=84)
                     Sort Key: (st_distance(st_transform(s_877.the_geom, 25833), schw_877.schw))
                     ->  Nested Loop  (cost=0.00..97.81 rows=1 width=84)
                           Join Filter: ((st_transform(s_877.the_geom, 25833) && st_expand(schw_877.schw, '300'::double precision)) AND (schw_877.schw && st_expand(st_transform(s_877.the_geom, 25833), '300'::double precision)) AND _st_dwithin(st_transform(s_877.the_geom, 25833), schw_877.schw, '300'::double precision))
                           ->  Function Scan on schw_877  (cost=0.00..0.01 rows=1 width=32)
                           ->  Seq Scan on phoml_trajectory_tmp s_877  (cost=0.00..95.68 rows=17 width=40)
                                 Filter: ((unix_time >= '1685451594.283'::double precision) AND (unix_time <= '1685451654.283'::double precision))
   ->  Subquery Scan on "*SELECT* 879"  (cost=97.82..97.83 rows=1 width=76)
         ->  Limit  (cost=97.82..97.82 rows=1 width=84)
               ->  Sort  (cost=97.82..97.82 rows=1 width=84)
                     Sort Key: (st_distance(st_transform(s_878.the_geom, 25833), schw_878.schw))
                     ->  Nested Loop  (cost=0.00..97.81 rows=1 width=84)
                           Join Filter: ((st_transform(s_878.the_geom, 25833) && st_expand(schw_878.schw, '300'::double precision)) AND (schw_878.schw && st_expand(st_transform(s_878.the_geom, 25833), '300'::double precision)) AND _st_dwithin(st_transform(s_878.the_geom, 25833), schw_878.schw, '300'::double precision))
                           ->  Function Scan on schw_878  (cost=0.00..0.01 rows=1 width=32)
                           ->  Seq Scan on phoml_trajectory_tmp s_878  (cost=0.00..95.68 rows=17 width=40)
                                 Filter: ((unix_time >= '1685451594.713'::double precision) AND (unix_time <= '1685451654.713'::double precision))
   ->  Subquery Scan on "*SELECT* 880"  (cost=97.82..97.83 rows=1 width=76)
         ->  Limit  (cost=97.82..97.82 rows=1 width=84)
               ->  Sort  (cost=97.82..97.82 rows=1 width=84)
                     Sort Key: (st_distance(st_transform(s_879.the_geom, 25833), schw_879.schw))
                     ->  Nested Loop  (cost=0.00..97.81 rows=1 width=84)
                           Join Filter: ((st_transform(s_879.the_geom, 25833) && st_expand(schw_879.schw, '300'::double precision)) AND (schw_879.schw && st_expand(st_transform(s_879.the_geom, 25833), '300'::double precision)) AND _st_dwithin(st_transform(s_879.the_geom, 25833), schw_879.schw, '300'::double precision))
                           ->  Function Scan on schw_879  (cost=0.00..0.01 rows=1 width=32)
                           ->  Seq Scan on phoml_trajectory_tmp s_879  (cost=0.00..95.68 rows=17 width=40)
                                 Filter: ((unix_time >= '1685451595.15'::double precision) AND (unix_time <= '1685451655.15'::double precision))
   ->  Subquery Scan on "*SELECT* 881"  (cost=97.82..97.83 rows=1 width=76)
         ->  Limit  (cost=97.82..97.82 rows=1 width=84)
               ->  Sort  (cost=97.82..97.82 rows=1 width=84)
                     Sort Key: (st_distance(st_transform(s_880.the_geom, 25833), schw_880.schw))
                     ->  Nested Loop  (cost=0.00..97.81 rows=1 width=84)
                           Join Filter: ((st_transform(s_880.the_geom, 25833) && st_expand(schw_880.schw, '300'::double precision)) AND (schw_880.schw && st_expand(st_transform(s_880.the_geom, 25833), '300'::double precision)) AND _st_dwithin(st_transform(s_880.the_geom, 25833), schw_880.schw, '300'::double precision))
                           ->  Function Scan on schw_880  (cost=0.00..0.01 rows=1 width=32)
                           ->  Seq Scan on phoml_trajectory_tmp s_880  (cost=0.00..95.68 rows=17 width=40)
                                 Filter: ((unix_time >= '1685451595.59'::double precision) AND (unix_time <= '1685451655.59'::double precision))
   ->  Subquery Scan on "*SELECT* 882"  (cost=97.82..97.83 rows=1 width=76)
         ->  Limit  (cost=97.82..97.82 rows=1 width=84)
               ->  Sort  (cost=97.82..97.82 rows=1 width=84)
                     Sort Key: (st_distance(st_transform(s_881.the_geom, 25833), schw_881.schw))
                     ->  Nested Loop  (cost=0.00..97.81 rows=1 width=84)
                           Join Filter: ((st_transform(s_881.the_geom, 25833) && st_expand(schw_881.schw, '300'::double precision)) AND (schw_881.schw && st_expand(st_transform(s_881.the_geom, 25833), '300'::double precision)) AND _st_dwithin(st_transform(s_881.the_geom, 25833), schw_881.schw, '300'::double precision))
                           ->  Function Scan on schw_881  (cost=0.00..0.01 rows=1 width=32)
                           ->  Seq Scan on phoml_trajectory_tmp s_881  (cost=0.00..95.68 rows=17 width=40)
                                 Filter: ((unix_time >= '1685451596.05'::double precision) AND (unix_time <= '1685451656.05'::double precision))
   ->  Subquery Scan on "*SELECT* 883"  (cost=97.82..97.83 rows=1 width=76)
         ->  Limit  (cost=97.82..97.82 rows=1 width=84)
               ->  Sort  (cost=97.82..97.82 rows=1 width=84)
                     Sort Key: (st_distance(st_transform(s_882.the_geom, 25833), schw_882.schw))
                     ->  Nested Loop  (cost=0.00..97.81 rows=1 width=84)
                           Join Filter: ((st_transform(s_882.the_geom, 25833) && st_expand(schw_882.schw, '300'::double precision)) AND (schw_882.schw && st_expand(st_transform(s_882.the_geom, 25833), '300'::double precision)) AND _st_dwithin(st_transform(s_882.the_geom, 25833), schw_882.schw, '300'::double precision))
                           ->  Function Scan on schw_882  (cost=0.00..0.01 rows=1 width=32)
                           ->  Seq Scan on phoml_trajectory_tmp s_882  (cost=0.00..95.68 rows=17 width=40)
                                 Filter: ((unix_time >= '1685451596.54'::double precision) AND (unix_time <= '1685451656.54'::double precision))
   ->  Subquery Scan on "*SELECT* 884"  (cost=97.82..97.83 rows=1 width=76)
         ->  Limit  (cost=97.82..97.82 rows=1 width=84)
               ->  Sort  (cost=97.82..97.82 rows=1 width=84)
                     Sort Key: (st_distance(st_transform(s_883.the_geom, 25833), schw_883.schw))
                     ->  Nested Loop  (cost=0.00..97.81 rows=1 width=84)
                           Join Filter: ((st_transform(s_883.the_geom, 25833) && st_expand(schw_883.schw, '300'::double precision)) AND (schw_883.schw && st_expand(st_transform(s_883.the_geom, 25833), '300'::double precision)) AND _st_dwithin(st_transform(s_883.the_geom, 25833), schw_883.schw, '300'::double precision))
                           ->  Function Scan on schw_883  (cost=0.00..0.01 rows=1 width=32)
                           ->  Seq Scan on phoml_trajectory_tmp s_883  (cost=0.00..95.68 rows=17 width=40)
                                 Filter: ((unix_time >= '1685451597.05'::double precision) AND (unix_time <= '1685451657.05'::double precision))
   ->  Subquery Scan on "*SELECT* 885"  (cost=97.82..97.83 rows=1 width=76)
         ->  Limit  (cost=97.82..97.82 rows=1 width=84)
               ->  Sort  (cost=97.82..97.82 rows=1 width=84)
                     Sort Key: (st_distance(st_transform(s_884.the_geom, 25833), schw_884.schw))
                     ->  Nested Loop  (cost=0.00..97.81 rows=1 width=84)
                           Join Filter: ((st_transform(s_884.the_geom, 25833) && st_expand(schw_884.schw, '300'::double precision)) AND (schw_884.schw && st_expand(st_transform(s_884.the_geom, 25833), '300'::double precision)) AND _st_dwithin(st_transform(s_884.the_geom, 25833), schw_884.schw, '300'::double precision))
                           ->  Function Scan on schw_884  (cost=0.00..0.01 rows=1 width=32)
                           ->  Seq Scan on phoml_trajectory_tmp s_884  (cost=0.00..95.68 rows=17 width=40)
                                 Filter: ((unix_time >= '1685451597.586'::double precision) AND (unix_time <= '1685451657.586'::double precision))
   ->  Subquery Scan on "*SELECT* 886"  (cost=97.82..97.83 rows=1 width=76)
         ->  Limit  (cost=97.82..97.82 rows=1 width=84)
               ->  Sort  (cost=97.82..97.82 rows=1 width=84)
                     Sort Key: (st_distance(st_transform(s_885.the_geom, 25833), schw_885.schw))
                     ->  Nested Loop  (cost=0.00..97.81 rows=1 width=84)
                           Join Filter: ((st_transform(s_885.the_geom, 25833) && st_expand(schw_885.schw, '300'::double precision)) AND (schw_885.schw && st_expand(st_transform(s_885.the_geom, 25833), '300'::double precision)) AND _st_dwithin(st_transform(s_885.the_geom, 25833), schw_885.schw, '300'::double precision))
                           ->  Function Scan on schw_885  (cost=0.00..0.01 rows=1 width=32)
                           ->  Seq Scan on phoml_trajectory_tmp s_885  (cost=0.00..95.68 rows=17 width=40)
                                 Filter: ((unix_time >= '1685451598.115'::double precision) AND (unix_time <= '1685451658.115'::double precision))
   ->  Subquery Scan on "*SELECT* 887"  (cost=97.82..97.83 rows=1 width=76)
         ->  Limit  (cost=97.82..97.82 rows=1 width=84)
               ->  Sort  (cost=97.82..97.82 rows=1 width=84)
                     Sort Key: (st_distance(st_transform(s_886.the_geom, 25833), schw_886.schw))
                     ->  Nested Loop  (cost=0.00..97.81 rows=1 width=84)
                           Join Filter: ((st_transform(s_886.the_geom, 25833) && st_expand(schw_886.schw, '300'::double precision)) AND (schw_886.schw && st_expand(st_transform(s_886.the_geom, 25833), '300'::double precision)) AND _st_dwithin(st_transform(s_886.the_geom, 25833), schw_886.schw, '300'::double precision))
                           ->  Function Scan on schw_886  (cost=0.00..0.01 rows=1 width=32)
                           ->  Seq Scan on phoml_trajectory_tmp s_886  (cost=0.00..95.68 rows=17 width=40)
                                 Filter: ((unix_time >= '1685451598.65'::double precision) AND (unix_time <= '1685451658.65'::double precision))
   ->  Subquery Scan on "*SELECT* 888"  (cost=97.82..97.83 rows=1 width=76)
         ->  Limit  (cost=97.82..97.82 rows=1 width=84)
               ->  Sort  (cost=97.82..97.82 rows=1 width=84)
                     Sort Key: (st_distance(st_transform(s_887.the_geom, 25833), schw_887.schw))
                     ->  Nested Loop  (cost=0.00..97.81 rows=1 width=84)
                           Join Filter: ((st_transform(s_887.the_geom, 25833) && st_expand(schw_887.schw, '300'::double precision)) AND (schw_887.schw && st_expand(st_transform(s_887.the_geom, 25833), '300'::double precision)) AND _st_dwithin(st_transform(s_887.the_geom, 25833), schw_887.schw, '300'::double precision))
                           ->  Function Scan on schw_887  (cost=0.00..0.01 rows=1 width=32)
                           ->  Seq Scan on phoml_trajectory_tmp s_887  (cost=0.00..95.68 rows=17 width=40)
                                 Filter: ((unix_time >= '1685451599.193'::double precision) AND (unix_time <= '1685451659.193'::double precision))
   ->  Subquery Scan on "*SELECT* 889"  (cost=97.82..97.83 rows=1 width=76)
         ->  Limit  (cost=97.82..97.82 rows=1 width=84)
               ->  Sort  (cost=97.82..97.82 rows=1 width=84)
                     Sort Key: (st_distance(st_transform(s_888.the_geom, 25833), schw_888.schw))
                     ->  Nested Loop  (cost=0.00..97.81 rows=1 width=84)
                           Join Filter: ((st_transform(s_888.the_geom, 25833) && st_expand(schw_888.schw, '300'::double precision)) AND (schw_888.schw && st_expand(st_transform(s_888.the_geom, 25833), '300'::double precision)) AND _st_dwithin(st_transform(s_888.the_geom, 25833), schw_888.schw, '300'::double precision))
                           ->  Function Scan on schw_888  (cost=0.00..0.01 rows=1 width=32)
                           ->  Seq Scan on phoml_trajectory_tmp s_888  (cost=0.00..95.68 rows=17 width=40)
                                 Filter: ((unix_time >= '1685451599.778'::double precision) AND (unix_time <= '1685451659.778'::double precision))
   ->  Subquery Scan on "*SELECT* 890"  (cost=97.82..97.83 rows=1 width=76)
         ->  Limit  (cost=97.82..97.82 rows=1 width=84)
               ->  Sort  (cost=97.82..97.82 rows=1 width=84)
                     Sort Key: (st_distance(st_transform(s_889.the_geom, 25833), schw_889.schw))
                     ->  Nested Loop  (cost=0.00..97.81 rows=1 width=84)
                           Join Filter: ((st_transform(s_889.the_geom, 25833) && st_expand(schw_889.schw, '300'::double precision)) AND (schw_889.schw && st_expand(st_transform(s_889.the_geom, 25833), '300'::double precision)) AND _st_dwithin(st_transform(s_889.the_geom, 25833), schw_889.schw, '300'::double precision))
                           ->  Function Scan on schw_889  (cost=0.00..0.01 rows=1 width=32)
                           ->  Seq Scan on phoml_trajectory_tmp s_889  (cost=0.00..95.68 rows=17 width=40)
                                 Filter: ((unix_time >= '1685451600.347'::double precision) AND (unix_time <= '1685451660.347'::double precision))
   ->  Subquery Scan on "*SELECT* 891"  (cost=97.82..97.83 rows=1 width=76)
         ->  Limit  (cost=97.82..97.82 rows=1 width=84)
               ->  Sort  (cost=97.82..97.82 rows=1 width=84)
                     Sort Key: (st_distance(st_transform(s_890.the_geom, 25833), schw_890.schw))
                     ->  Nested Loop  (cost=0.00..97.81 rows=1 width=84)
                           Join Filter: ((st_transform(s_890.the_geom, 25833) && st_expand(schw_890.schw, '300'::double precision)) AND (schw_890.schw && st_expand(st_transform(s_890.the_geom, 25833), '300'::double precision)) AND _st_dwithin(st_transform(s_890.the_geom, 25833), schw_890.schw, '300'::double precision))
                           ->  Function Scan on schw_890  (cost=0.00..0.01 rows=1 width=32)
                           ->  Seq Scan on phoml_trajectory_tmp s_890  (cost=0.00..95.68 rows=17 width=40)
                                 Filter: ((unix_time >= '1685451600.931'::double precision) AND (unix_time <= '1685451660.931'::double precision))
   ->  Subquery Scan on "*SELECT* 892"  (cost=97.82..97.83 rows=1 width=76)
         ->  Limit  (cost=97.82..97.82 rows=1 width=84)
               ->  Sort  (cost=97.82..97.82 rows=1 width=84)
                     Sort Key: (st_distance(st_transform(s_891.the_geom, 25833), schw_891.schw))
                     ->  Nested Loop  (cost=0.00..97.81 rows=1 width=84)
                           Join Filter: ((st_transform(s_891.the_geom, 25833) && st_expand(schw_891.schw, '300'::double precision)) AND (schw_891.schw && st_expand(st_transform(s_891.the_geom, 25833), '300'::double precision)) AND _st_dwithin(st_transform(s_891.the_geom, 25833), schw_891.schw, '300'::double precision))
                           ->  Function Scan on schw_891  (cost=0.00..0.01 rows=1 width=32)
                           ->  Seq Scan on phoml_trajectory_tmp s_891  (cost=0.00..95.68 rows=17 width=40)
                                 Filter: ((unix_time >= '1685451601.532'::double precision) AND (unix_time <= '1685451661.532'::double precision))
   ->  Subquery Scan on "*SELECT* 893"  (cost=97.82..97.83 rows=1 width=76)
         ->  Limit  (cost=97.82..97.82 rows=1 width=84)
               ->  Sort  (cost=97.82..97.82 rows=1 width=84)
                     Sort Key: (st_distance(st_transform(s_892.the_geom, 25833), schw_892.schw))
                     ->  Nested Loop  (cost=0.00..97.81 rows=1 width=84)
                           Join Filter: ((st_transform(s_892.the_geom, 25833) && st_expand(schw_892.schw, '300'::double precision)) AND (schw_892.schw && st_expand(st_transform(s_892.the_geom, 25833), '300'::double precision)) AND _st_dwithin(st_transform(s_892.the_geom, 25833), schw_892.schw, '300'::double precision))
                           ->  Function Scan on schw_892  (cost=0.00..0.01 rows=1 width=32)
                           ->  Seq Scan on phoml_trajectory_tmp s_892  (cost=0.00..95.68 rows=17 width=40)
                                 Filter: ((unix_time >= '1685451602.118'::double precision) AND (unix_time <= '1685451662.118'::double precision))
   ->  Subquery Scan on "*SELECT* 894"  (cost=97.82..97.83 rows=1 width=76)
         ->  Limit  (cost=97.82..97.82 rows=1 width=84)
               ->  Sort  (cost=97.82..97.82 rows=1 width=84)
                     Sort Key: (st_distance(st_transform(s_893.the_geom, 25833), schw_893.schw))
                     ->  Nested Loop  (cost=0.00..97.81 rows=1 width=84)
                           Join Filter: ((st_transform(s_893.the_geom, 25833) && st_expand(schw_893.schw, '300'::double precision)) AND (schw_893.schw && st_expand(st_transform(s_893.the_geom, 25833), '300'::double precision)) AND _st_dwithin(st_transform(s_893.the_geom, 25833), schw_893.schw, '300'::double precision))
                           ->  Function Scan on schw_893  (cost=0.00..0.01 rows=1 width=32)
                           ->  Seq Scan on phoml_trajectory_tmp s_893  (cost=0.00..95.68 rows=17 width=40)
                                 Filter: ((unix_time >= '1685451602.689'::double precision) AND (unix_time <= '1685451662.689'::double precision))
   ->  Subquery Scan on "*SELECT* 895"  (cost=97.82..97.83 rows=1 width=76)
         ->  Limit  (cost=97.82..97.82 rows=1 width=84)
               ->  Sort  (cost=97.82..97.82 rows=1 width=84)
                     Sort Key: (st_distance(st_transform(s_894.the_geom, 25833), schw_894.schw))
                     ->  Nested Loop  (cost=0.00..97.81 rows=1 width=84)
                           Join Filter: ((st_transform(s_894.the_geom, 25833) && st_expand(schw_894.schw, '300'::double precision)) AND (schw_894.schw && st_expand(st_transform(s_894.the_geom, 25833), '300'::double precision)) AND _st_dwithin(st_transform(s_894.the_geom, 25833), schw_894.schw, '300'::double precision))
                           ->  Function Scan on schw_894  (cost=0.00..0.01 rows=1 width=32)
                           ->  Seq Scan on phoml_trajectory_tmp s_894  (cost=0.00..95.68 rows=17 width=40)
                                 Filter: ((unix_time >= '1685451603.244'::double precision) AND (unix_time <= '1685451663.244'::double precision))
   ->  Subquery Scan on "*SELECT* 896"  (cost=97.82..97.83 rows=1 width=76)
         ->  Limit  (cost=97.82..97.82 rows=1 width=84)
               ->  Sort  (cost=97.82..97.82 rows=1 width=84)
                     Sort Key: (st_distance(st_transform(s_895.the_geom, 25833), schw_895.schw))
                     ->  Nested Loop  (cost=0.00..97.81 rows=1 width=84)
                           Join Filter: ((st_transform(s_895.the_geom, 25833) && st_expand(schw_895.schw, '300'::double precision)) AND (schw_895.schw && st_expand(st_transform(s_895.the_geom, 25833), '300'::double precision)) AND _st_dwithin(st_transform(s_895.the_geom, 25833), schw_895.schw, '300'::double precision))
                           ->  Function Scan on schw_895  (cost=0.00..0.01 rows=1 width=32)
                           ->  Seq Scan on phoml_trajectory_tmp s_895  (cost=0.00..95.68 rows=17 width=40)
                                 Filter: ((unix_time >= '1685451603.768'::double precision) AND (unix_time <= '1685451663.768'::double precision))
   ->  Subquery Scan on "*SELECT* 897"  (cost=97.82..97.83 rows=1 width=76)
         ->  Limit  (cost=97.82..97.82 rows=1 width=84)
               ->  Sort  (cost=97.82..97.82 rows=1 width=84)
                     Sort Key: (st_distance(st_transform(s_896.the_geom, 25833), schw_896.schw))
                     ->  Nested Loop  (cost=0.00..97.81 rows=1 width=84)
                           Join Filter: ((st_transform(s_896.the_geom, 25833) && st_expand(schw_896.schw, '300'::double precision)) AND (schw_896.schw && st_expand(st_transform(s_896.the_geom, 25833), '300'::double precision)) AND _st_dwithin(st_transform(s_896.the_geom, 25833), schw_896.schw, '300'::double precision))
                           ->  Function Scan on schw_896  (cost=0.00..0.01 rows=1 width=32)
                           ->  Seq Scan on phoml_trajectory_tmp s_896  (cost=0.00..95.68 rows=17 width=40)
                                 Filter: ((unix_time >= '1685451604.267'::double precision) AND (unix_time <= '1685451664.267'::double precision))
   ->  Subquery Scan on "*SELECT* 898"  (cost=97.82..97.83 rows=1 width=76)
         ->  Limit  (cost=97.82..97.82 rows=1 width=84)
               ->  Sort  (cost=97.82..97.82 rows=1 width=84)
                     Sort Key: (st_distance(st_transform(s_897.the_geom, 25833), schw_897.schw))
                     ->  Nested Loop  (cost=0.00..97.81 rows=1 width=84)
                           Join Filter: ((st_transform(s_897.the_geom, 25833) && st_expand(schw_897.schw, '300'::double precision)) AND (schw_897.schw && st_expand(st_transform(s_897.the_geom, 25833), '300'::double precision)) AND _st_dwithin(st_transform(s_897.the_geom, 25833), schw_897.schw, '300'::double precision))
                           ->  Function Scan on schw_897  (cost=0.00..0.01 rows=1 width=32)
                           ->  Seq Scan on phoml_trajectory_tmp s_897  (cost=0.00..95.68 rows=17 width=40)
                                 Filter: ((unix_time >= '1685451604.764'::double precision) AND (unix_time <= '1685451664.764'::double precision))
   ->  Subquery Scan on "*SELECT* 899"  (cost=97.82..97.83 rows=1 width=76)
         ->  Limit  (cost=97.82..97.82 rows=1 width=84)
               ->  Sort  (cost=97.82..97.82 rows=1 width=84)
                     Sort Key: (st_distance(st_transform(s_898.the_geom, 25833), schw_898.schw))
                     ->  Nested Loop  (cost=0.00..97.81 rows=1 width=84)
                           Join Filter: ((st_transform(s_898.the_geom, 25833) && st_expand(schw_898.schw, '300'::double precision)) AND (schw_898.schw && st_expand(st_transform(s_898.the_geom, 25833), '300'::double precision)) AND _st_dwithin(st_transform(s_898.the_geom, 25833), schw_898.schw, '300'::double precision))
                           ->  Function Scan on schw_898  (cost=0.00..0.01 rows=1 width=32)
                           ->  Seq Scan on phoml_trajectory_tmp s_898  (cost=0.00..95.68 rows=17 width=40)
                                 Filter: ((unix_time >= '1685451605.247'::double precision) AND (unix_time <= '1685451665.247'::double precision))
   ->  Subquery Scan on "*SELECT* 900"  (cost=97.82..97.83 rows=1 width=76)
         ->  Limit  (cost=97.82..97.82 rows=1 width=84)
               ->  Sort  (cost=97.82..97.82 rows=1 width=84)
                     Sort Key: (st_distance(st_transform(s_899.the_geom, 25833), schw_899.schw))
                     ->  Nested Loop  (cost=0.00..97.81 rows=1 width=84)
                           Join Filter: ((st_transform(s_899.the_geom, 25833) && st_expand(schw_899.schw, '300'::double precision)) AND (schw_899.schw && st_expand(st_transform(s_899.the_geom, 25833), '300'::double precision)) AND _st_dwithin(st_transform(s_899.the_geom, 25833), schw_899.schw, '300'::double precision))
                           ->  Function Scan on schw_899  (cost=0.00..0.01 rows=1 width=32)
                           ->  Seq Scan on phoml_trajectory_tmp s_899  (cost=0.00..95.68 rows=17 width=40)
                                 Filter: ((unix_time >= '1685451605.713'::double precision) AND (unix_time <= '1685451665.713'::double precision))
   ->  Subquery Scan on "*SELECT* 901"  (cost=97.82..97.83 rows=1 width=76)
         ->  Limit  (cost=97.82..97.82 rows=1 width=84)
               ->  Sort  (cost=97.82..97.82 rows=1 width=84)
                     Sort Key: (st_distance(st_transform(s_900.the_geom, 25833), schw_900.schw))
                     ->  Nested Loop  (cost=0.00..97.81 rows=1 width=84)
                           Join Filter: ((st_transform(s_900.the_geom, 25833) && st_expand(schw_900.schw, '300'::double precision)) AND (schw_900.schw && st_expand(st_transform(s_900.the_geom, 25833), '300'::double precision)) AND _st_dwithin(st_transform(s_900.the_geom, 25833), schw_900.schw, '300'::double precision))
                           ->  Function Scan on schw_900  (cost=0.00..0.01 rows=1 width=32)
                           ->  Seq Scan on phoml_trajectory_tmp s_900  (cost=0.00..95.68 rows=17 width=40)
                                 Filter: ((unix_time >= '1685451606.193'::double precision) AND (unix_time <= '1685451666.193'::double precision))
   ->  Subquery Scan on "*SELECT* 902"  (cost=97.82..97.83 rows=1 width=76)
         ->  Limit  (cost=97.82..97.82 rows=1 width=84)
               ->  Sort  (cost=97.82..97.82 rows=1 width=84)
                     Sort Key: (st_distance(st_transform(s_901.the_geom, 25833), schw_901.schw))
                     ->  Nested Loop  (cost=0.00..97.81 rows=1 width=84)
                           Join Filter: ((st_transform(s_901.the_geom, 25833) && st_expand(schw_901.schw, '300'::double precision)) AND (schw_901.schw && st_expand(st_transform(s_901.the_geom, 25833), '300'::double precision)) AND _st_dwithin(st_transform(s_901.the_geom, 25833), schw_901.schw, '300'::double precision))
                           ->  Function Scan on schw_901  (cost=0.00..0.01 rows=1 width=32)
                           ->  Seq Scan on phoml_trajectory_tmp s_901  (cost=0.00..95.68 rows=17 width=40)
                                 Filter: ((unix_time >= '1685451606.662'::double precision) AND (unix_time <= '1685451666.662'::double precision))
   ->  Subquery Scan on "*SELECT* 903"  (cost=97.82..97.83 rows=1 width=76)
         ->  Limit  (cost=97.82..97.82 rows=1 width=84)
               ->  Sort  (cost=97.82..97.82 rows=1 width=84)
                     Sort Key: (st_distance(st_transform(s_902.the_geom, 25833), schw_902.schw))
                     ->  Nested Loop  (cost=0.00..97.81 rows=1 width=84)
                           Join Filter: ((st_transform(s_902.the_geom, 25833) && st_expand(schw_902.schw, '300'::double precision)) AND (schw_902.schw && st_expand(st_transform(s_902.the_geom, 25833), '300'::double precision)) AND _st_dwithin(st_transform(s_902.the_geom, 25833), schw_902.schw, '300'::double precision))
                           ->  Function Scan on schw_902  (cost=0.00..0.01 rows=1 width=32)
                           ->  Seq Scan on phoml_trajectory_tmp s_902  (cost=0.00..95.68 rows=17 width=40)
                                 Filter: ((unix_time >= '1685451607.13'::double precision) AND (unix_time <= '1685451667.13'::double precision))
   ->  Subquery Scan on "*SELECT* 904"  (cost=97.82..97.83 rows=1 width=76)
         ->  Limit  (cost=97.82..97.82 rows=1 width=84)
               ->  Sort  (cost=97.82..97.82 rows=1 width=84)
                     Sort Key: (st_distance(st_transform(s_903.the_geom, 25833), schw_903.schw))
                     ->  Nested Loop  (cost=0.00..97.81 rows=1 width=84)
                           Join Filter: ((st_transform(s_903.the_geom, 25833) && st_expand(schw_903.schw, '300'::double precision)) AND (schw_903.schw && st_expand(st_transform(s_903.the_geom, 25833), '300'::double precision)) AND _st_dwithin(st_transform(s_903.the_geom, 25833), schw_903.schw, '300'::double precision))
                           ->  Function Scan on schw_903  (cost=0.00..0.01 rows=1 width=32)
                           ->  Seq Scan on phoml_trajectory_tmp s_903  (cost=0.00..95.68 rows=17 width=40)
                                 Filter: ((unix_time >= '1685451607.613'::double precision) AND (unix_time <= '1685451667.613'::double precision))
   ->  Subquery Scan on "*SELECT* 905"  (cost=97.82..97.83 rows=1 width=76)
         ->  Limit  (cost=97.82..97.82 rows=1 width=84)
               ->  Sort  (cost=97.82..97.82 rows=1 width=84)
                     Sort Key: (st_distance(st_transform(s_904.the_geom, 25833), schw_904.schw))
                     ->  Nested Loop  (cost=0.00..97.81 rows=1 width=84)
                           Join Filter: ((st_transform(s_904.the_geom, 25833) && st_expand(schw_904.schw, '300'::double precision)) AND (schw_904.schw && st_expand(st_transform(s_904.the_geom, 25833), '300'::double precision)) AND _st_dwithin(st_transform(s_904.the_geom, 25833), schw_904.schw, '300'::double precision))
                           ->  Function Scan on schw_904  (cost=0.00..0.01 rows=1 width=32)
                           ->  Seq Scan on phoml_trajectory_tmp s_904  (cost=0.00..95.68 rows=17 width=40)
                                 Filter: ((unix_time >= '1685451608.107'::double precision) AND (unix_time <= '1685451668.107'::double precision))
   ->  Subquery Scan on "*SELECT* 906"  (cost=97.82..97.83 rows=1 width=76)
         ->  Limit  (cost=97.82..97.82 rows=1 width=84)
               ->  Sort  (cost=97.82..97.82 rows=1 width=84)
                     Sort Key: (st_distance(st_transform(s_905.the_geom, 25833), schw_905.schw))
                     ->  Nested Loop  (cost=0.00..97.81 rows=1 width=84)
                           Join Filter: ((st_transform(s_905.the_geom, 25833) && st_expand(schw_905.schw, '300'::double precision)) AND (schw_905.schw && st_expand(st_transform(s_905.the_geom, 25833), '300'::double precision)) AND _st_dwithin(st_transform(s_905.the_geom, 25833), schw_905.schw, '300'::double precision))
                           ->  Function Scan on schw_905  (cost=0.00..0.01 rows=1 width=32)
                           ->  Seq Scan on phoml_trajectory_tmp s_905  (cost=0.00..95.68 rows=17 width=40)
                                 Filter: ((unix_time >= '1685451608.588'::double precision) AND (unix_time <= '1685451668.588'::double precision))
   ->  Subquery Scan on "*SELECT* 907"  (cost=97.82..97.83 rows=1 width=76)
         ->  Limit  (cost=97.82..97.82 rows=1 width=84)
               ->  Sort  (cost=97.82..97.82 rows=1 width=84)
                     Sort Key: (st_distance(st_transform(s_906.the_geom, 25833), schw_906.schw))
                     ->  Nested Loop  (cost=0.00..97.81 rows=1 width=84)
                           Join Filter: ((st_transform(s_906.the_geom, 25833) && st_expand(schw_906.schw, '300'::double precision)) AND (schw_906.schw && st_expand(st_transform(s_906.the_geom, 25833), '300'::double precision)) AND _st_dwithin(st_transform(s_906.the_geom, 25833), schw_906.schw, '300'::double precision))
                           ->  Function Scan on schw_906  (cost=0.00..0.01 rows=1 width=32)
                           ->  Seq Scan on phoml_trajectory_tmp s_906  (cost=0.00..95.68 rows=17 width=40)
                                 Filter: ((unix_time >= '1685451609.133'::double precision) AND (unix_time <= '1685451669.133'::double precision))
   ->  Subquery Scan on "*SELECT* 908"  (cost=97.82..97.83 rows=1 width=76)
         ->  Limit  (cost=97.82..97.82 rows=1 width=84)
               ->  Sort  (cost=97.82..97.82 rows=1 width=84)
                     Sort Key: (st_distance(st_transform(s_907.the_geom, 25833), schw_907.schw))
                     ->  Nested Loop  (cost=0.00..97.81 rows=1 width=84)
                           Join Filter: ((st_transform(s_907.the_geom, 25833) && st_expand(schw_907.schw, '300'::double precision)) AND (schw_907.schw && st_expand(st_transform(s_907.the_geom, 25833), '300'::double precision)) AND _st_dwithin(st_transform(s_907.the_geom, 25833), schw_907.schw, '300'::double precision))
                           ->  Function Scan on schw_907  (cost=0.00..0.01 rows=1 width=32)
                           ->  Seq Scan on phoml_trajectory_tmp s_907  (cost=0.00..95.68 rows=17 width=40)
                                 Filter: ((unix_time >= '1685451609.688'::double precision) AND (unix_time <= '1685451669.688'::double precision))
   ->  Subquery Scan on "*SELECT* 909"  (cost=97.82..97.83 rows=1 width=76)
         ->  Limit  (cost=97.82..97.82 rows=1 width=84)
               ->  Sort  (cost=97.82..97.82 rows=1 width=84)
                     Sort Key: (st_distance(st_transform(s_908.the_geom, 25833), schw_908.schw))
                     ->  Nested Loop  (cost=0.00..97.81 rows=1 width=84)
                           Join Filter: ((st_transform(s_908.the_geom, 25833) && st_expand(schw_908.schw, '300'::double precision)) AND (schw_908.schw && st_expand(st_transform(s_908.the_geom, 25833), '300'::double precision)) AND _st_dwithin(st_transform(s_908.the_geom, 25833), schw_908.schw, '300'::double precision))
                           ->  Function Scan on schw_908  (cost=0.00..0.01 rows=1 width=32)
                           ->  Seq Scan on phoml_trajectory_tmp s_908  (cost=0.00..95.68 rows=17 width=40)
                                 Filter: ((unix_time >= '1685451610.258'::double precision) AND (unix_time <= '1685451670.258'::double precision))
   ->  Subquery Scan on "*SELECT* 910"  (cost=97.82..97.83 rows=1 width=76)
         ->  Limit  (cost=97.82..97.82 rows=1 width=84)
               ->  Sort  (cost=97.82..97.82 rows=1 width=84)
                     Sort Key: (st_distance(st_transform(s_909.the_geom, 25833), schw_909.schw))
                     ->  Nested Loop  (cost=0.00..97.81 rows=1 width=84)
                           Join Filter: ((st_transform(s_909.the_geom, 25833) && st_expand(schw_909.schw, '300'::double precision)) AND (schw_909.schw && st_expand(st_transform(s_909.the_geom, 25833), '300'::double precision)) AND _st_dwithin(st_transform(s_909.the_geom, 25833), schw_909.schw, '300'::double precision))
                           ->  Function Scan on schw_909  (cost=0.00..0.01 rows=1 width=32)
                           ->  Seq Scan on phoml_trajectory_tmp s_909  (cost=0.00..95.68 rows=17 width=40)
                                 Filter: ((unix_time >= '1685451610.847'::double precision) AND (unix_time <= '1685451670.847'::double precision))
   ->  Subquery Scan on "*SELECT* 911"  (cost=97.82..97.83 rows=1 width=76)
         ->  Limit  (cost=97.82..97.82 rows=1 width=84)
               ->  Sort  (cost=97.82..97.82 rows=1 width=84)
                     Sort Key: (st_distance(st_transform(s_910.the_geom, 25833), schw_910.schw))
                     ->  Nested Loop  (cost=0.00..97.81 rows=1 width=84)
                           Join Filter: ((st_transform(s_910.the_geom, 25833) && st_expand(schw_910.schw, '300'::double precision)) AND (schw_910.schw && st_expand(st_transform(s_910.the_geom, 25833), '300'::double precision)) AND _st_dwithin(st_transform(s_910.the_geom, 25833), schw_910.schw, '300'::double precision))
                           ->  Function Scan on schw_910  (cost=0.00..0.01 rows=1 width=32)
                           ->  Seq Scan on phoml_trajectory_tmp s_910  (cost=0.00..95.68 rows=17 width=40)
                                 Filter: ((unix_time >= '1685451611.5'::double precision) AND (unix_time <= '1685451671.5'::double precision))
   ->  Subquery Scan on "*SELECT* 912"  (cost=97.82..97.83 rows=1 width=76)
         ->  Limit  (cost=97.82..97.82 rows=1 width=84)
               ->  Sort  (cost=97.82..97.82 rows=1 width=84)
                     Sort Key: (st_distance(st_transform(s_911.the_geom, 25833), schw_911.schw))
                     ->  Nested Loop  (cost=0.00..97.81 rows=1 width=84)
                           Join Filter: ((st_transform(s_911.the_geom, 25833) && st_expand(schw_911.schw, '300'::double precision)) AND (schw_911.schw && st_expand(st_transform(s_911.the_geom, 25833), '300'::double precision)) AND _st_dwithin(st_transform(s_911.the_geom, 25833), schw_911.schw, '300'::double precision))
                           ->  Function Scan on schw_911  (cost=0.00..0.01 rows=1 width=32)
                           ->  Seq Scan on phoml_trajectory_tmp s_911  (cost=0.00..95.68 rows=17 width=40)
                                 Filter: ((unix_time >= '1685451612.173'::double precision) AND (unix_time <= '1685451672.173'::double precision))
   ->  Subquery Scan on "*SELECT* 913"  (cost=97.82..97.83 rows=1 width=76)
         ->  Limit  (cost=97.82..97.82 rows=1 width=84)
               ->  Sort  (cost=97.82..97.82 rows=1 width=84)
                     Sort Key: (st_distance(st_transform(s_912.the_geom, 25833), schw_912.schw))
                     ->  Nested Loop  (cost=0.00..97.81 rows=1 width=84)
                           Join Filter: ((st_transform(s_912.the_geom, 25833) && st_expand(schw_912.schw, '300'::double precision)) AND (schw_912.schw && st_expand(st_transform(s_912.the_geom, 25833), '300'::double precision)) AND _st_dwithin(st_transform(s_912.the_geom, 25833), schw_912.schw, '300'::double precision))
                           ->  Function Scan on schw_912  (cost=0.00..0.01 rows=1 width=32)
                           ->  Seq Scan on phoml_trajectory_tmp s_912  (cost=0.00..95.68 rows=17 width=40)
                                 Filter: ((unix_time >= '1685451612.943'::double precision) AND (unix_time <= '1685451672.943'::double precision))
   ->  Subquery Scan on "*SELECT* 914"  (cost=97.82..97.83 rows=1 width=76)
         ->  Limit  (cost=97.82..97.82 rows=1 width=84)
               ->  Sort  (cost=97.82..97.82 rows=1 width=84)
                     Sort Key: (st_distance(st_transform(s_913.the_geom, 25833), schw_913.schw))
                     ->  Nested Loop  (cost=0.00..97.81 rows=1 width=84)
                           Join Filter: ((st_transform(s_913.the_geom, 25833) && st_expand(schw_913.schw, '300'::double precision)) AND (schw_913.schw && st_expand(st_transform(s_913.the_geom, 25833), '300'::double precision)) AND _st_dwithin(st_transform(s_913.the_geom, 25833), schw_913.schw, '300'::double precision))
                           ->  Function Scan on schw_913  (cost=0.00..0.01 rows=1 width=32)
                           ->  Seq Scan on phoml_trajectory_tmp s_913  (cost=0.00..95.68 rows=17 width=40)
                                 Filter: ((unix_time >= '1685451613.816'::double precision) AND (unix_time <= '1685451673.816'::double precision))
   ->  Subquery Scan on "*SELECT* 915"  (cost=97.82..97.83 rows=1 width=76)
         ->  Limit  (cost=97.82..97.82 rows=1 width=84)
               ->  Sort  (cost=97.82..97.82 rows=1 width=84)
                     Sort Key: (st_distance(st_transform(s_914.the_geom, 25833), schw_914.schw))
                     ->  Nested Loop  (cost=0.00..97.81 rows=1 width=84)
                           Join Filter: ((st_transform(s_914.the_geom, 25833) && st_expand(schw_914.schw, '300'::double precision)) AND (schw_914.schw && st_expand(st_transform(s_914.the_geom, 25833), '300'::double precision)) AND _st_dwithin(st_transform(s_914.the_geom, 25833), schw_914.schw, '300'::double precision))
                           ->  Function Scan on schw_914  (cost=0.00..0.01 rows=1 width=32)
                           ->  Seq Scan on phoml_trajectory_tmp s_914  (cost=0.00..95.68 rows=17 width=40)
                                 Filter: ((unix_time >= '1685451614.827'::double precision) AND (unix_time <= '1685451674.827'::double precision))
   ->  Subquery Scan on "*SELECT* 916"  (cost=97.82..97.83 rows=1 width=76)
         ->  Limit  (cost=97.82..97.82 rows=1 width=84)
               ->  Sort  (cost=97.82..97.82 rows=1 width=84)
                     Sort Key: (st_distance(st_transform(s_915.the_geom, 25833), schw_915.schw))
                     ->  Nested Loop  (cost=0.00..97.81 rows=1 width=84)
                           Join Filter: ((st_transform(s_915.the_geom, 25833) && st_expand(schw_915.schw, '300'::double precision)) AND (schw_915.schw && st_expand(st_transform(s_915.the_geom, 25833), '300'::double precision)) AND _st_dwithin(st_transform(s_915.the_geom, 25833), schw_915.schw, '300'::double precision))
                           ->  Function Scan on schw_915  (cost=0.00..0.01 rows=1 width=32)
                           ->  Seq Scan on phoml_trajectory_tmp s_915  (cost=0.00..95.68 rows=17 width=40)
                                 Filter: ((unix_time >= '1685451234.426'::double precision) AND (unix_time <= '1685451294.426'::double precision))
   ->  Subquery Scan on "*SELECT* 917"  (cost=97.82..97.83 rows=1 width=76)
         ->  Limit  (cost=97.82..97.82 rows=1 width=84)
               ->  Sort  (cost=97.82..97.82 rows=1 width=84)
                     Sort Key: (st_distance(st_transform(s_916.the_geom, 25833), schw_916.schw))
                     ->  Nested Loop  (cost=0.00..97.81 rows=1 width=84)
                           Join Filter: ((st_transform(s_916.the_geom, 25833) && st_expand(schw_916.schw, '300'::double precision)) AND (schw_916.schw && st_expand(st_transform(s_916.the_geom, 25833), '300'::double precision)) AND _st_dwithin(st_transform(s_916.the_geom, 25833), schw_916.schw, '300'::double precision))
                           ->  Function Scan on schw_916  (cost=0.00..0.01 rows=1 width=32)
                           ->  Seq Scan on phoml_trajectory_tmp s_916  (cost=0.00..95.68 rows=17 width=40)
                                 Filter: ((unix_time >= '1685451237.551'::double precision) AND (unix_time <= '1685451297.551'::double precision))
   ->  Subquery Scan on "*SELECT* 918"  (cost=97.82..97.83 rows=1 width=76)
         ->  Limit  (cost=97.82..97.82 rows=1 width=84)
               ->  Sort  (cost=97.82..97.82 rows=1 width=84)
                     Sort Key: (st_distance(st_transform(s_917.the_geom, 25833), schw_917.schw))
                     ->  Nested Loop  (cost=0.00..97.81 rows=1 width=84)
                           Join Filter: ((st_transform(s_917.the_geom, 25833) && st_expand(schw_917.schw, '300'::double precision)) AND (schw_917.schw && st_expand(st_transform(s_917.the_geom, 25833), '300'::double precision)) AND _st_dwithin(st_transform(s_917.the_geom, 25833), schw_917.schw, '300'::double precision))
                           ->  Function Scan on schw_917  (cost=0.00..0.01 rows=1 width=32)
                           ->  Seq Scan on phoml_trajectory_tmp s_917  (cost=0.00..95.68 rows=17 width=40)
                                 Filter: ((unix_time >= '1685451239.426'::double precision) AND (unix_time <= '1685451299.426'::double precision))
   ->  Subquery Scan on "*SELECT* 919"  (cost=97.82..97.83 rows=1 width=76)
         ->  Limit  (cost=97.82..97.82 rows=1 width=84)
               ->  Sort  (cost=97.82..97.82 rows=1 width=84)
                     Sort Key: (st_distance(st_transform(s_918.the_geom, 25833), schw_918.schw))
                     ->  Nested Loop  (cost=0.00..97.81 rows=1 width=84)
                           Join Filter: ((st_transform(s_918.the_geom, 25833) && st_expand(schw_918.schw, '300'::double precision)) AND (schw_918.schw && st_expand(st_transform(s_918.the_geom, 25833), '300'::double precision)) AND _st_dwithin(st_transform(s_918.the_geom, 25833), schw_918.schw, '300'::double precision))
                           ->  Function Scan on schw_918  (cost=0.00..0.01 rows=1 width=32)
                           ->  Seq Scan on phoml_trajectory_tmp s_918  (cost=0.00..95.68 rows=17 width=40)
                                 Filter: ((unix_time >= '1685451240.806'::double precision) AND (unix_time <= '1685451300.806'::double precision))
   ->  Subquery Scan on "*SELECT* 920"  (cost=97.82..97.83 rows=1 width=76)
         ->  Limit  (cost=97.82..97.82 rows=1 width=84)
               ->  Sort  (cost=97.82..97.82 rows=1 width=84)
                     Sort Key: (st_distance(st_transform(s_919.the_geom, 25833), schw_919.schw))
                     ->  Nested Loop  (cost=0.00..97.81 rows=1 width=84)
                           Join Filter: ((st_transform(s_919.the_geom, 25833) && st_expand(schw_919.schw, '300'::double precision)) AND (schw_919.schw && st_expand(st_transform(s_919.the_geom, 25833), '300'::double precision)) AND _st_dwithin(st_transform(s_919.the_geom, 25833), schw_919.schw, '300'::double precision))
                           ->  Function Scan on schw_919  (cost=0.00..0.01 rows=1 width=32)
                           ->  Seq Scan on phoml_trajectory_tmp s_919  (cost=0.00..95.68 rows=17 width=40)
                                 Filter: ((unix_time >= '1685451241.938'::double precision) AND (unix_time <= '1685451301.938'::double precision))
   ->  Subquery Scan on "*SELECT* 921"  (cost=97.82..97.83 rows=1 width=76)
         ->  Limit  (cost=97.82..97.82 rows=1 width=84)
               ->  Sort  (cost=97.82..97.82 rows=1 width=84)
                     Sort Key: (st_distance(st_transform(s_920.the_geom, 25833), schw_920.schw))
                     ->  Nested Loop  (cost=0.00..97.81 rows=1 width=84)
                           Join Filter: ((st_transform(s_920.the_geom, 25833) && st_expand(schw_920.schw, '300'::double precision)) AND (schw_920.schw && st_expand(st_transform(s_920.the_geom, 25833), '300'::double precision)) AND _st_dwithin(st_transform(s_920.the_geom, 25833), schw_920.schw, '300'::double precision))
                           ->  Function Scan on schw_920  (cost=0.00..0.01 rows=1 width=32)
                           ->  Seq Scan on phoml_trajectory_tmp s_920  (cost=0.00..95.68 rows=17 width=40)
                                 Filter: ((unix_time >= '1685451242.935'::double precision) AND (unix_time <= '1685451302.935'::double precision))
   ->  Subquery Scan on "*SELECT* 922"  (cost=97.82..97.83 rows=1 width=76)
         ->  Limit  (cost=97.82..97.82 rows=1 width=84)
               ->  Sort  (cost=97.82..97.82 rows=1 width=84)
                     Sort Key: (st_distance(st_transform(s_921.the_geom, 25833), schw_921.schw))
                     ->  Nested Loop  (cost=0.00..97.81 rows=1 width=84)
                           Join Filter: ((st_transform(s_921.the_geom, 25833) && st_expand(schw_921.schw, '300'::double precision)) AND (schw_921.schw && st_expand(st_transform(s_921.the_geom, 25833), '300'::double precision)) AND _st_dwithin(st_transform(s_921.the_geom, 25833), schw_921.schw, '300'::double precision))
                           ->  Function Scan on schw_921  (cost=0.00..0.01 rows=1 width=32)
                           ->  Seq Scan on phoml_trajectory_tmp s_921  (cost=0.00..95.68 rows=17 width=40)
                                 Filter: ((unix_time >= '1685451243.829'::double precision) AND (unix_time <= '1685451303.829'::double precision))
   ->  Subquery Scan on "*SELECT* 923"  (cost=97.82..97.83 rows=1 width=76)
         ->  Limit  (cost=97.82..97.82 rows=1 width=84)
               ->  Sort  (cost=97.82..97.82 rows=1 width=84)
                     Sort Key: (st_distance(st_transform(s_922.the_geom, 25833), schw_922.schw))
                     ->  Nested Loop  (cost=0.00..97.81 rows=1 width=84)
                           Join Filter: ((st_transform(s_922.the_geom, 25833) && st_expand(schw_922.schw, '300'::double precision)) AND (schw_922.schw && st_expand(st_transform(s_922.the_geom, 25833), '300'::double precision)) AND _st_dwithin(st_transform(s_922.the_geom, 25833), schw_922.schw, '300'::double precision))
                           ->  Function Scan on schw_922  (cost=0.00..0.01 rows=1 width=32)
                           ->  Seq Scan on phoml_trajectory_tmp s_922  (cost=0.00..95.68 rows=17 width=40)
                                 Filter: ((unix_time >= '1685451244.629'::double precision) AND (unix_time <= '1685451304.629'::double precision))
   ->  Subquery Scan on "*SELECT* 924"  (cost=97.82..97.83 rows=1 width=76)
         ->  Limit  (cost=97.82..97.82 rows=1 width=84)
               ->  Sort  (cost=97.82..97.82 rows=1 width=84)
                     Sort Key: (st_distance(st_transform(s_923.the_geom, 25833), schw_923.schw))
                     ->  Nested Loop  (cost=0.00..97.81 rows=1 width=84)
                           Join Filter: ((st_transform(s_923.the_geom, 25833) && st_expand(schw_923.schw, '300'::double precision)) AND (schw_923.schw && st_expand(st_transform(s_923.the_geom, 25833), '300'::double precision)) AND _st_dwithin(st_transform(s_923.the_geom, 25833), schw_923.schw, '300'::double precision))
                           ->  Function Scan on schw_923  (cost=0.00..0.01 rows=1 width=32)
                           ->  Seq Scan on phoml_trajectory_tmp s_923  (cost=0.00..95.68 rows=17 width=40)
                                 Filter: ((unix_time >= '1685451245.376'::double precision) AND (unix_time <= '1685451305.376'::double precision))
   ->  Subquery Scan on "*SELECT* 925"  (cost=97.82..97.83 rows=1 width=76)
         ->  Limit  (cost=97.82..97.82 rows=1 width=84)
               ->  Sort  (cost=97.82..97.82 rows=1 width=84)
                     Sort Key: (st_distance(st_transform(s_924.the_geom, 25833), schw_924.schw))
                     ->  Nested Loop  (cost=0.00..97.81 rows=1 width=84)
                           Join Filter: ((st_transform(s_924.the_geom, 25833) && st_expand(schw_924.schw, '300'::double precision)) AND (schw_924.schw && st_expand(st_transform(s_924.the_geom, 25833), '300'::double precision)) AND _st_dwithin(st_transform(s_924.the_geom, 25833), schw_924.schw, '300'::double precision))
                           ->  Function Scan on schw_924  (cost=0.00..0.01 rows=1 width=32)
                           ->  Seq Scan on phoml_trajectory_tmp s_924  (cost=0.00..95.68 rows=17 width=40)
                                 Filter: ((unix_time >= '1685451246.096'::double precision) AND (unix_time <= '1685451306.096'::double precision))
   ->  Subquery Scan on "*SELECT* 926"  (cost=97.82..97.83 rows=1 width=76)
         ->  Limit  (cost=97.82..97.82 rows=1 width=84)
               ->  Sort  (cost=97.82..97.82 rows=1 width=84)
                     Sort Key: (st_distance(st_transform(s_925.the_geom, 25833), schw_925.schw))
                     ->  Nested Loop  (cost=0.00..97.81 rows=1 width=84)
                           Join Filter: ((st_transform(s_925.the_geom, 25833) && st_expand(schw_925.schw, '300'::double precision)) AND (schw_925.schw && st_expand(st_transform(s_925.the_geom, 25833), '300'::double precision)) AND _st_dwithin(st_transform(s_925.the_geom, 25833), schw_925.schw, '300'::double precision))
                           ->  Function Scan on schw_925  (cost=0.00..0.01 rows=1 width=32)
                           ->  Seq Scan on phoml_trajectory_tmp s_925  (cost=0.00..95.68 rows=17 width=40)
                                 Filter: ((unix_time >= '1685451246.761'::double precision) AND (unix_time <= '1685451306.761'::double precision))
   ->  Subquery Scan on "*SELECT* 927"  (cost=97.82..97.83 rows=1 width=76)
         ->  Limit  (cost=97.82..97.82 rows=1 width=84)
               ->  Sort  (cost=97.82..97.82 rows=1 width=84)
                     Sort Key: (st_distance(st_transform(s_926.the_geom, 25833), schw_926.schw))
                     ->  Nested Loop  (cost=0.00..97.81 rows=1 width=84)
                           Join Filter: ((st_transform(s_926.the_geom, 25833) && st_expand(schw_926.schw, '300'::double precision)) AND (schw_926.schw && st_expand(st_transform(s_926.the_geom, 25833), '300'::double precision)) AND _st_dwithin(st_transform(s_926.the_geom, 25833), schw_926.schw, '300'::double precision))
                           ->  Function Scan on schw_926  (cost=0.00..0.01 rows=1 width=32)
                           ->  Seq Scan on phoml_trajectory_tmp s_926  (cost=0.00..95.68 rows=17 width=40)
                                 Filter: ((unix_time >= '1685451247.376'::double precision) AND (unix_time <= '1685451307.376'::double precision))
   ->  Subquery Scan on "*SELECT* 928"  (cost=97.82..97.83 rows=1 width=76)
         ->  Limit  (cost=97.82..97.82 rows=1 width=84)
               ->  Sort  (cost=97.82..97.82 rows=1 width=84)
                     Sort Key: (st_distance(st_transform(s_927.the_geom, 25833), schw_927.schw))
                     ->  Nested Loop  (cost=0.00..97.81 rows=1 width=84)
                           Join Filter: ((st_transform(s_927.the_geom, 25833) && st_expand(schw_927.schw, '300'::double precision)) AND (schw_927.schw && st_expand(st_transform(s_927.the_geom, 25833), '300'::double precision)) AND _st_dwithin(st_transform(s_927.the_geom, 25833), schw_927.schw, '300'::double precision))
                           ->  Function Scan on schw_927  (cost=0.00..0.01 rows=1 width=32)
                           ->  Seq Scan on phoml_trajectory_tmp s_927  (cost=0.00..95.68 rows=17 width=40)
                                 Filter: ((unix_time >= '1685451247.986'::double precision) AND (unix_time <= '1685451307.986'::double precision))
   ->  Subquery Scan on "*SELECT* 929"  (cost=97.82..97.83 rows=1 width=76)
         ->  Limit  (cost=97.82..97.82 rows=1 width=84)
               ->  Sort  (cost=97.82..97.82 rows=1 width=84)
                     Sort Key: (st_distance(st_transform(s_928.the_geom, 25833), schw_928.schw))
                     ->  Nested Loop  (cost=0.00..97.81 rows=1 width=84)
                           Join Filter: ((st_transform(s_928.the_geom, 25833) && st_expand(schw_928.schw, '300'::double precision)) AND (schw_928.schw && st_expand(st_transform(s_928.the_geom, 25833), '300'::double precision)) AND _st_dwithin(st_transform(s_928.the_geom, 25833), schw_928.schw, '300'::double precision))
                           ->  Function Scan on schw_928  (cost=0.00..0.01 rows=1 width=32)
                           ->  Seq Scan on phoml_trajectory_tmp s_928  (cost=0.00..95.68 rows=17 width=40)
                                 Filter: ((unix_time >= '1685451248.636'::double precision) AND (unix_time <= '1685451308.636'::double precision))
   ->  Subquery Scan on "*SELECT* 930"  (cost=97.82..97.83 rows=1 width=76)
         ->  Limit  (cost=97.82..97.82 rows=1 width=84)
               ->  Sort  (cost=97.82..97.82 rows=1 width=84)
                     Sort Key: (st_distance(st_transform(s_929.the_geom, 25833), schw_929.schw))
                     ->  Nested Loop  (cost=0.00..97.81 rows=1 width=84)
                           Join Filter: ((st_transform(s_929.the_geom, 25833) && st_expand(schw_929.schw, '300'::double precision)) AND (schw_929.schw && st_expand(st_transform(s_929.the_geom, 25833), '300'::double precision)) AND _st_dwithin(st_transform(s_929.the_geom, 25833), schw_929.schw, '300'::double precision))
                           ->  Function Scan on schw_929  (cost=0.00..0.01 rows=1 width=32)
                           ->  Seq Scan on phoml_trajectory_tmp s_929  (cost=0.00..95.68 rows=17 width=40)
                                 Filter: ((unix_time >= '1685451249.175'::double precision) AND (unix_time <= '1685451309.175'::double precision))
   ->  Subquery Scan on "*SELECT* 931"  (cost=97.82..97.83 rows=1 width=76)
         ->  Limit  (cost=97.82..97.82 rows=1 width=84)
               ->  Sort  (cost=97.82..97.82 rows=1 width=84)
                     Sort Key: (st_distance(st_transform(s_930.the_geom, 25833), schw_930.schw))
                     ->  Nested Loop  (cost=0.00..97.81 rows=1 width=84)
                           Join Filter: ((st_transform(s_930.the_geom, 25833) && st_expand(schw_930.schw, '300'::double precision)) AND (schw_930.schw && st_expand(st_transform(s_930.the_geom, 25833), '300'::double precision)) AND _st_dwithin(st_transform(s_930.the_geom, 25833), schw_930.schw, '300'::double precision))
                           ->  Function Scan on schw_930  (cost=0.00..0.01 rows=1 width=32)
                           ->  Seq Scan on phoml_trajectory_tmp s_930  (cost=0.00..95.68 rows=17 width=40)
                                 Filter: ((unix_time >= '1685451249.76'::double precision) AND (unix_time <= '1685451309.76'::double precision))
   ->  Subquery Scan on "*SELECT* 932"  (cost=97.82..97.83 rows=1 width=76)
         ->  Limit  (cost=97.82..97.82 rows=1 width=84)
               ->  Sort  (cost=97.82..97.82 rows=1 width=84)
                     Sort Key: (st_distance(st_transform(s_931.the_geom, 25833), schw_931.schw))
                     ->  Nested Loop  (cost=0.00..97.81 rows=1 width=84)
                           Join Filter: ((st_transform(s_931.the_geom, 25833) && st_expand(schw_931.schw, '300'::double precision)) AND (schw_931.schw && st_expand(st_transform(s_931.the_geom, 25833), '300'::double precision)) AND _st_dwithin(st_transform(s_931.the_geom, 25833), schw_931.schw, '300'::double precision))
                           ->  Function Scan on schw_931  (cost=0.00..0.01 rows=1 width=32)
                           ->  Seq Scan on phoml_trajectory_tmp s_931  (cost=0.00..95.68 rows=17 width=40)
                                 Filter: ((unix_time >= '1685451250.256'::double precision) AND (unix_time <= '1685451310.256'::double precision))
   ->  Subquery Scan on "*SELECT* 933"  (cost=97.82..97.83 rows=1 width=76)
         ->  Limit  (cost=97.82..97.82 rows=1 width=84)
               ->  Sort  (cost=97.82..97.82 rows=1 width=84)
                     Sort Key: (st_distance(st_transform(s_932.the_geom, 25833), schw_932.schw))
                     ->  Nested Loop  (cost=0.00..97.81 rows=1 width=84)
                           Join Filter: ((st_transform(s_932.the_geom, 25833) && st_expand(schw_932.schw, '300'::double precision)) AND (schw_932.schw && st_expand(st_transform(s_932.the_geom, 25833), '300'::double precision)) AND _st_dwithin(st_transform(s_932.the_geom, 25833), schw_932.schw, '300'::double precision))
                           ->  Function Scan on schw_932  (cost=0.00..0.01 rows=1 width=32)
                           ->  Seq Scan on phoml_trajectory_tmp s_932  (cost=0.00..95.68 rows=17 width=40)
                                 Filter: ((unix_time >= '1685451250.776'::double precision) AND (unix_time <= '1685451310.776'::double precision))
   ->  Subquery Scan on "*SELECT* 934"  (cost=97.82..97.83 rows=1 width=76)
         ->  Limit  (cost=97.82..97.82 rows=1 width=84)
               ->  Sort  (cost=97.82..97.82 rows=1 width=84)
                     Sort Key: (st_distance(st_transform(s_933.the_geom, 25833), schw_933.schw))
                     ->  Nested Loop  (cost=0.00..97.81 rows=1 width=84)
                           Join Filter: ((st_transform(s_933.the_geom, 25833) && st_expand(schw_933.schw, '300'::double precision)) AND (schw_933.schw && st_expand(st_transform(s_933.the_geom, 25833), '300'::double precision)) AND _st_dwithin(st_transform(s_933.the_geom, 25833), schw_933.schw, '300'::double precision))
                           ->  Function Scan on schw_933  (cost=0.00..0.01 rows=1 width=32)
                           ->  Seq Scan on phoml_trajectory_tmp s_933  (cost=0.00..95.68 rows=17 width=40)
                                 Filter: ((unix_time >= '1685451251.3'::double precision) AND (unix_time <= '1685451311.3'::double precision))
   ->  Subquery Scan on "*SELECT* 935"  (cost=97.82..97.83 rows=1 width=76)
         ->  Limit  (cost=97.82..97.82 rows=1 width=84)
               ->  Sort  (cost=97.82..97.82 rows=1 width=84)
                     Sort Key: (st_distance(st_transform(s_934.the_geom, 25833), schw_934.schw))
                     ->  Nested Loop  (cost=0.00..97.81 rows=1 width=84)
                           Join Filter: ((st_transform(s_934.the_geom, 25833) && st_expand(schw_934.schw, '300'::double precision)) AND (schw_934.schw && st_expand(st_transform(s_934.the_geom, 25833), '300'::double precision)) AND _st_dwithin(st_transform(s_934.the_geom, 25833), schw_934.schw, '300'::double precision))
                           ->  Function Scan on schw_934  (cost=0.00..0.01 rows=1 width=32)
                           ->  Seq Scan on phoml_trajectory_tmp s_934  (cost=0.00..95.68 rows=17 width=40)
                                 Filter: ((unix_time >= '1685451251.81'::double precision) AND (unix_time <= '1685451311.81'::double precision))
   ->  Subquery Scan on "*SELECT* 936"  (cost=97.82..97.83 rows=1 width=76)
         ->  Limit  (cost=97.82..97.82 rows=1 width=84)
               ->  Sort  (cost=97.82..97.82 rows=1 width=84)
                     Sort Key: (st_distance(st_transform(s_935.the_geom, 25833), schw_935.schw))
                     ->  Nested Loop  (cost=0.00..97.81 rows=1 width=84)
                           Join Filter: ((st_transform(s_935.the_geom, 25833) && st_expand(schw_935.schw, '300'::double precision)) AND (schw_935.schw && st_expand(st_transform(s_935.the_geom, 25833), '300'::double precision)) AND _st_dwithin(st_transform(s_935.the_geom, 25833), schw_935.schw, '300'::double precision))
                           ->  Function Scan on schw_935  (cost=0.00..0.01 rows=1 width=32)
                           ->  Seq Scan on phoml_trajectory_tmp s_935  (cost=0.00..95.68 rows=17 width=40)
                                 Filter: ((unix_time >= '1685451252.306'::double precision) AND (unix_time <= '1685451312.306'::double precision))
   ->  Subquery Scan on "*SELECT* 937"  (cost=97.82..97.83 rows=1 width=76)
         ->  Limit  (cost=97.82..97.82 rows=1 width=84)
               ->  Sort  (cost=97.82..97.82 rows=1 width=84)
                     Sort Key: (st_distance(st_transform(s_936.the_geom, 25833), schw_936.schw))
                     ->  Nested Loop  (cost=0.00..97.81 rows=1 width=84)
                           Join Filter: ((st_transform(s_936.the_geom, 25833) && st_expand(schw_936.schw, '300'::double precision)) AND (schw_936.schw && st_expand(st_transform(s_936.the_geom, 25833), '300'::double precision)) AND _st_dwithin(st_transform(s_936.the_geom, 25833), schw_936.schw, '300'::double precision))
                           ->  Function Scan on schw_936  (cost=0.00..0.01 rows=1 width=32)
                           ->  Seq Scan on phoml_trajectory_tmp s_936  (cost=0.00..95.68 rows=17 width=40)
                                 Filter: ((unix_time >= '1685451252.861'::double precision) AND (unix_time <= '1685451312.861'::double precision))
   ->  Subquery Scan on "*SELECT* 938"  (cost=97.82..97.83 rows=1 width=76)
         ->  Limit  (cost=97.82..97.82 rows=1 width=84)
               ->  Sort  (cost=97.82..97.82 rows=1 width=84)
                     Sort Key: (st_distance(st_transform(s_937.the_geom, 25833), schw_937.schw))
                     ->  Nested Loop  (cost=0.00..97.81 rows=1 width=84)
                           Join Filter: ((st_transform(s_937.the_geom, 25833) && st_expand(schw_937.schw, '300'::double precision)) AND (schw_937.schw && st_expand(st_transform(s_937.the_geom, 25833), '300'::double precision)) AND _st_dwithin(st_transform(s_937.the_geom, 25833), schw_937.schw, '300'::double precision))
                           ->  Function Scan on schw_937  (cost=0.00..0.01 rows=1 width=32)
                           ->  Seq Scan on phoml_trajectory_tmp s_937  (cost=0.00..95.68 rows=17 width=40)
                                 Filter: ((unix_time >= '1685451253.357'::double precision) AND (unix_time <= '1685451313.357'::double precision))
   ->  Subquery Scan on "*SELECT* 939"  (cost=97.82..97.83 rows=1 width=76)
         ->  Limit  (cost=97.82..97.82 rows=1 width=84)
               ->  Sort  (cost=97.82..97.82 rows=1 width=84)
                     Sort Key: (st_distance(st_transform(s_938.the_geom, 25833), schw_938.schw))
                     ->  Nested Loop  (cost=0.00..97.81 rows=1 width=84)
                           Join Filter: ((st_transform(s_938.the_geom, 25833) && st_expand(schw_938.schw, '300'::double precision)) AND (schw_938.schw && st_expand(st_transform(s_938.the_geom, 25833), '300'::double precision)) AND _st_dwithin(st_transform(s_938.the_geom, 25833), schw_938.schw, '300'::double precision))
                           ->  Function Scan on schw_938  (cost=0.00..0.01 rows=1 width=32)
                           ->  Seq Scan on phoml_trajectory_tmp s_938  (cost=0.00..95.68 rows=17 width=40)
                                 Filter: ((unix_time >= '1685451253.847'::double precision) AND (unix_time <= '1685451313.847'::double precision))
   ->  Subquery Scan on "*SELECT* 940"  (cost=97.82..97.83 rows=1 width=76)
         ->  Limit  (cost=97.82..97.82 rows=1 width=84)
               ->  Sort  (cost=97.82..97.82 rows=1 width=84)
                     Sort Key: (st_distance(st_transform(s_939.the_geom, 25833), schw_939.schw))
                     ->  Nested Loop  (cost=0.00..97.81 rows=1 width=84)
                           Join Filter: ((st_transform(s_939.the_geom, 25833) && st_expand(schw_939.schw, '300'::double precision)) AND (schw_939.schw && st_expand(st_transform(s_939.the_geom, 25833), '300'::double precision)) AND _st_dwithin(st_transform(s_939.the_geom, 25833), schw_939.schw, '300'::double precision))
                           ->  Function Scan on schw_939  (cost=0.00..0.01 rows=1 width=32)
                           ->  Seq Scan on phoml_trajectory_tmp s_939  (cost=0.00..95.68 rows=17 width=40)
                                 Filter: ((unix_time >= '1685451254.343'::double precision) AND (unix_time <= '1685451314.343'::double precision))
   ->  Subquery Scan on "*SELECT* 941"  (cost=97.82..97.83 rows=1 width=76)
         ->  Limit  (cost=97.82..97.82 rows=1 width=84)
               ->  Sort  (cost=97.82..97.82 rows=1 width=84)
                     Sort Key: (st_distance(st_transform(s_940.the_geom, 25833), schw_940.schw))
                     ->  Nested Loop  (cost=0.00..97.81 rows=1 width=84)
                           Join Filter: ((st_transform(s_940.the_geom, 25833) && st_expand(schw_940.schw, '300'::double precision)) AND (schw_940.schw && st_expand(st_transform(s_940.the_geom, 25833), '300'::double precision)) AND _st_dwithin(st_transform(s_940.the_geom, 25833), schw_940.schw, '300'::double precision))
                           ->  Function Scan on schw_940  (cost=0.00..0.01 rows=1 width=32)
                           ->  Seq Scan on phoml_trajectory_tmp s_940  (cost=0.00..95.68 rows=17 width=40)
                                 Filter: ((unix_time >= '1685451254.778'::double precision) AND (unix_time <= '1685451314.778'::double precision))
   ->  Subquery Scan on "*SELECT* 942"  (cost=97.82..97.83 rows=1 width=76)
         ->  Limit  (cost=97.82..97.82 rows=1 width=84)
               ->  Sort  (cost=97.82..97.82 rows=1 width=84)
                     Sort Key: (st_distance(st_transform(s_941.the_geom, 25833), schw_941.schw))
                     ->  Nested Loop  (cost=0.00..97.81 rows=1 width=84)
                           Join Filter: ((st_transform(s_941.the_geom, 25833) && st_expand(schw_941.schw, '300'::double precision)) AND (schw_941.schw && st_expand(st_transform(s_941.the_geom, 25833), '300'::double precision)) AND _st_dwithin(st_transform(s_941.the_geom, 25833), schw_941.schw, '300'::double precision))
                           ->  Function Scan on schw_941  (cost=0.00..0.01 rows=1 width=32)
                           ->  Seq Scan on phoml_trajectory_tmp s_941  (cost=0.00..95.68 rows=17 width=40)
                                 Filter: ((unix_time >= '1685451255.306'::double precision) AND (unix_time <= '1685451315.306'::double precision))
   ->  Subquery Scan on "*SELECT* 943"  (cost=97.82..97.83 rows=1 width=76)
         ->  Limit  (cost=97.82..97.82 rows=1 width=84)
               ->  Sort  (cost=97.82..97.82 rows=1 width=84)
                     Sort Key: (st_distance(st_transform(s_942.the_geom, 25833), schw_942.schw))
                     ->  Nested Loop  (cost=0.00..97.81 rows=1 width=84)
                           Join Filter: ((st_transform(s_942.the_geom, 25833) && st_expand(schw_942.schw, '300'::double precision)) AND (schw_942.schw && st_expand(st_transform(s_942.the_geom, 25833), '300'::double precision)) AND _st_dwithin(st_transform(s_942.the_geom, 25833), schw_942.schw, '300'::double precision))
                           ->  Function Scan on schw_942  (cost=0.00..0.01 rows=1 width=32)
                           ->  Seq Scan on phoml_trajectory_tmp s_942  (cost=0.00..95.68 rows=17 width=40)
                                 Filter: ((unix_time >= '1685451255.789'::double precision) AND (unix_time <= '1685451315.789'::double precision))
   ->  Subquery Scan on "*SELECT* 944"  (cost=97.82..97.83 rows=1 width=76)
         ->  Limit  (cost=97.82..97.82 rows=1 width=84)
               ->  Sort  (cost=97.82..97.82 rows=1 width=84)
                     Sort Key: (st_distance(st_transform(s_943.the_geom, 25833), schw_943.schw))
                     ->  Nested Loop  (cost=0.00..97.81 rows=1 width=84)
                           Join Filter: ((st_transform(s_943.the_geom, 25833) && st_expand(schw_943.schw, '300'::double precision)) AND (schw_943.schw && st_expand(st_transform(s_943.the_geom, 25833), '300'::double precision)) AND _st_dwithin(st_transform(s_943.the_geom, 25833), schw_943.schw, '300'::double precision))
                           ->  Function Scan on schw_943  (cost=0.00..0.01 rows=1 width=32)
                           ->  Seq Scan on phoml_trajectory_tmp s_943  (cost=0.00..95.68 rows=17 width=40)
                                 Filter: ((unix_time >= '1685451256.211'::double precision) AND (unix_time <= '1685451316.211'::double precision))
   ->  Subquery Scan on "*SELECT* 945"  (cost=97.82..97.83 rows=1 width=76)
         ->  Limit  (cost=97.82..97.82 rows=1 width=84)
               ->  Sort  (cost=97.82..97.82 rows=1 width=84)
                     Sort Key: (st_distance(st_transform(s_944.the_geom, 25833), schw_944.schw))
                     ->  Nested Loop  (cost=0.00..97.81 rows=1 width=84)
                           Join Filter: ((st_transform(s_944.the_geom, 25833) && st_expand(schw_944.schw, '300'::double precision)) AND (schw_944.schw && st_expand(st_transform(s_944.the_geom, 25833), '300'::double precision)) AND _st_dwithin(st_transform(s_944.the_geom, 25833), schw_944.schw, '300'::double precision))
                           ->  Function Scan on schw_944  (cost=0.00..0.01 rows=1 width=32)
                           ->  Seq Scan on phoml_trajectory_tmp s_944  (cost=0.00..95.68 rows=17 width=40)
                                 Filter: ((unix_time >= '1685451256.681'::double precision) AND (unix_time <= '1685451316.681'::double precision))
   ->  Subquery Scan on "*SELECT* 946"  (cost=97.82..97.83 rows=1 width=76)
         ->  Limit  (cost=97.82..97.82 rows=1 width=84)
               ->  Sort  (cost=97.82..97.82 rows=1 width=84)
                     Sort Key: (st_distance(st_transform(s_945.the_geom, 25833), schw_945.schw))
                     ->  Nested Loop  (cost=0.00..97.81 rows=1 width=84)
                           Join Filter: ((st_transform(s_945.the_geom, 25833) && st_expand(schw_945.schw, '300'::double precision)) AND (schw_945.schw && st_expand(st_transform(s_945.the_geom, 25833), '300'::double precision)) AND _st_dwithin(st_transform(s_945.the_geom, 25833), schw_945.schw, '300'::double precision))
                           ->  Function Scan on schw_945  (cost=0.00..0.01 rows=1 width=32)
                           ->  Seq Scan on phoml_trajectory_tmp s_945  (cost=0.00..95.68 rows=17 width=40)
                                 Filter: ((unix_time >= '1685451257.155'::double precision) AND (unix_time <= '1685451317.155'::double precision))
   ->  Subquery Scan on "*SELECT* 947"  (cost=97.82..97.83 rows=1 width=76)
         ->  Limit  (cost=97.82..97.82 rows=1 width=84)
               ->  Sort  (cost=97.82..97.82 rows=1 width=84)
                     Sort Key: (st_distance(st_transform(s_946.the_geom, 25833), schw_946.schw))
                     ->  Nested Loop  (cost=0.00..97.81 rows=1 width=84)
                           Join Filter: ((st_transform(s_946.the_geom, 25833) && st_expand(schw_946.schw, '300'::double precision)) AND (schw_946.schw && st_expand(st_transform(s_946.the_geom, 25833), '300'::double precision)) AND _st_dwithin(st_transform(s_946.the_geom, 25833), schw_946.schw, '300'::double precision))
                           ->  Function Scan on schw_946  (cost=0.00..0.01 rows=1 width=32)
                           ->  Seq Scan on phoml_trajectory_tmp s_946  (cost=0.00..95.68 rows=17 width=40)
                                 Filter: ((unix_time >= '1685451257.605'::double precision) AND (unix_time <= '1685451317.605'::double precision))
   ->  Subquery Scan on "*SELECT* 948"  (cost=97.82..97.83 rows=1 width=76)
         ->  Limit  (cost=97.82..97.82 rows=1 width=84)
               ->  Sort  (cost=97.82..97.82 rows=1 width=84)
                     Sort Key: (st_distance(st_transform(s_947.the_geom, 25833), schw_947.schw))
                     ->  Nested Loop  (cost=0.00..97.81 rows=1 width=84)
                           Join Filter: ((st_transform(s_947.the_geom, 25833) && st_expand(schw_947.schw, '300'::double precision)) AND (schw_947.schw && st_expand(st_transform(s_947.the_geom, 25833), '300'::double precision)) AND _st_dwithin(st_transform(s_947.the_geom, 25833), schw_947.schw, '300'::double precision))
                           ->  Function Scan on schw_947  (cost=0.00..0.01 rows=1 width=32)
                           ->  Seq Scan on phoml_trajectory_tmp s_947  (cost=0.00..95.68 rows=17 width=40)
                                 Filter: ((unix_time >= '1685451258.055'::double precision) AND (unix_time <= '1685451318.055'::double precision))
   ->  Subquery Scan on "*SELECT* 949"  (cost=97.82..97.83 rows=1 width=76)
         ->  Limit  (cost=97.82..97.82 rows=1 width=84)
               ->  Sort  (cost=97.82..97.82 rows=1 width=84)
                     Sort Key: (st_distance(st_transform(s_948.the_geom, 25833), schw_948.schw))
                     ->  Nested Loop  (cost=0.00..97.81 rows=1 width=84)
                           Join Filter: ((st_transform(s_948.the_geom, 25833) && st_expand(schw_948.schw, '300'::double precision)) AND (schw_948.schw && st_expand(st_transform(s_948.the_geom, 25833), '300'::double precision)) AND _st_dwithin(st_transform(s_948.the_geom, 25833), schw_948.schw, '300'::double precision))
                           ->  Function Scan on schw_948  (cost=0.00..0.01 rows=1 width=32)
                           ->  Seq Scan on phoml_trajectory_tmp s_948  (cost=0.00..95.68 rows=17 width=40)
                                 Filter: ((unix_time >= '1685451258.501'::double precision) AND (unix_time <= '1685451318.501'::double precision))
   ->  Subquery Scan on "*SELECT* 950"  (cost=97.82..97.83 rows=1 width=76)
         ->  Limit  (cost=97.82..97.82 rows=1 width=84)
               ->  Sort  (cost=97.82..97.82 rows=1 width=84)
                     Sort Key: (st_distance(st_transform(s_949.the_geom, 25833), schw_949.schw))
                     ->  Nested Loop  (cost=0.00..97.81 rows=1 width=84)
                           Join Filter: ((st_transform(s_949.the_geom, 25833) && st_expand(schw_949.schw, '300'::double precision)) AND (schw_949.schw && st_expand(st_transform(s_949.the_geom, 25833), '300'::double precision)) AND _st_dwithin(st_transform(s_949.the_geom, 25833), schw_949.schw, '300'::double precision))
                           ->  Function Scan on schw_949  (cost=0.00..0.01 rows=1 width=32)
                           ->  Seq Scan on phoml_trajectory_tmp s_949  (cost=0.00..95.68 rows=17 width=40)
                                 Filter: ((unix_time >= '1685451258.971'::double precision) AND (unix_time <= '1685451318.971'::double precision))
   ->  Subquery Scan on "*SELECT* 951"  (cost=97.82..97.83 rows=1 width=76)
         ->  Limit  (cost=97.82..97.82 rows=1 width=84)
               ->  Sort  (cost=97.82..97.82 rows=1 width=84)
                     Sort Key: (st_distance(st_transform(s_950.the_geom, 25833), schw_950.schw))
                     ->  Nested Loop  (cost=0.00..97.81 rows=1 width=84)
                           Join Filter: ((st_transform(s_950.the_geom, 25833) && st_expand(schw_950.schw, '300'::double precision)) AND (schw_950.schw && st_expand(st_transform(s_950.the_geom, 25833), '300'::double precision)) AND _st_dwithin(st_transform(s_950.the_geom, 25833), schw_950.schw, '300'::double precision))
                           ->  Function Scan on schw_950  (cost=0.00..0.01 rows=1 width=32)
                           ->  Seq Scan on phoml_trajectory_tmp s_950  (cost=0.00..95.68 rows=17 width=40)
                                 Filter: ((unix_time >= '1685451259.409'::double precision) AND (unix_time <= '1685451319.409'::double precision))
   ->  Subquery Scan on "*SELECT* 952"  (cost=97.82..97.83 rows=1 width=76)
         ->  Limit  (cost=97.82..97.82 rows=1 width=84)
               ->  Sort  (cost=97.82..97.82 rows=1 width=84)
                     Sort Key: (st_distance(st_transform(s_951.the_geom, 25833), schw_951.schw))
                     ->  Nested Loop  (cost=0.00..97.81 rows=1 width=84)
                           Join Filter: ((st_transform(s_951.the_geom, 25833) && st_expand(schw_951.schw, '300'::double precision)) AND (schw_951.schw && st_expand(st_transform(s_951.the_geom, 25833), '300'::double precision)) AND _st_dwithin(st_transform(s_951.the_geom, 25833), schw_951.schw, '300'::double precision))
                           ->  Function Scan on schw_951  (cost=0.00..0.01 rows=1 width=32)
                           ->  Seq Scan on phoml_trajectory_tmp s_951  (cost=0.00..95.68 rows=17 width=40)
                                 Filter: ((unix_time >= '1685451259.869'::double precision) AND (unix_time <= '1685451319.869'::double precision))
   ->  Subquery Scan on "*SELECT* 953"  (cost=97.82..97.83 rows=1 width=76)
         ->  Limit  (cost=97.82..97.82 rows=1 width=84)
               ->  Sort  (cost=97.82..97.82 rows=1 width=84)
                     Sort Key: (st_distance(st_transform(s_952.the_geom, 25833), schw_952.schw))
                     ->  Nested Loop  (cost=0.00..97.81 rows=1 width=84)
                           Join Filter: ((st_transform(s_952.the_geom, 25833) && st_expand(schw_952.schw, '300'::double precision)) AND (schw_952.schw && st_expand(st_transform(s_952.the_geom, 25833), '300'::double precision)) AND _st_dwithin(st_transform(s_952.the_geom, 25833), schw_952.schw, '300'::double precision))
                           ->  Function Scan on schw_952  (cost=0.00..0.01 rows=1 width=32)
                           ->  Seq Scan on phoml_trajectory_tmp s_952  (cost=0.00..95.68 rows=17 width=40)
                                 Filter: ((unix_time >= '1685451260.335'::double precision) AND (unix_time <= '1685451320.335'::double precision))
   ->  Subquery Scan on "*SELECT* 954"  (cost=97.82..97.83 rows=1 width=76)
         ->  Limit  (cost=97.82..97.82 rows=1 width=84)
               ->  Sort  (cost=97.82..97.82 rows=1 width=84)
                     Sort Key: (st_distance(st_transform(s_953.the_geom, 25833), schw_953.schw))
                     ->  Nested Loop  (cost=0.00..97.81 rows=1 width=84)
                           Join Filter: ((st_transform(s_953.the_geom, 25833) && st_expand(schw_953.schw, '300'::double precision)) AND (schw_953.schw && st_expand(st_transform(s_953.the_geom, 25833), '300'::double precision)) AND _st_dwithin(st_transform(s_953.the_geom, 25833), schw_953.schw, '300'::double precision))
                           ->  Function Scan on schw_953  (cost=0.00..0.01 rows=1 width=32)
                           ->  Seq Scan on phoml_trajectory_tmp s_953  (cost=0.00..95.68 rows=17 width=40)
                                 Filter: ((unix_time >= '1685451260.82'::double precision) AND (unix_time <= '1685451320.82'::double precision))
   ->  Subquery Scan on "*SELECT* 955"  (cost=97.82..97.83 rows=1 width=76)
         ->  Limit  (cost=97.82..97.82 rows=1 width=84)
               ->  Sort  (cost=97.82..97.82 rows=1 width=84)
                     Sort Key: (st_distance(st_transform(s_954.the_geom, 25833), schw_954.schw))
                     ->  Nested Loop  (cost=0.00..97.81 rows=1 width=84)
                           Join Filter: ((st_transform(s_954.the_geom, 25833) && st_expand(schw_954.schw, '300'::double precision)) AND (schw_954.schw && st_expand(st_transform(s_954.the_geom, 25833), '300'::double precision)) AND _st_dwithin(st_transform(s_954.the_geom, 25833), schw_954.schw, '300'::double precision))
                           ->  Function Scan on schw_954  (cost=0.00..0.01 rows=1 width=32)
                           ->  Seq Scan on phoml_trajectory_tmp s_954  (cost=0.00..95.68 rows=17 width=40)
                                 Filter: ((unix_time >= '1685451261.241'::double precision) AND (unix_time <= '1685451321.241'::double precision))
   ->  Subquery Scan on "*SELECT* 956"  (cost=97.82..97.83 rows=1 width=76)
         ->  Limit  (cost=97.82..97.82 rows=1 width=84)
               ->  Sort  (cost=97.82..97.82 rows=1 width=84)
                     Sort Key: (st_distance(st_transform(s_955.the_geom, 25833), schw_955.schw))
                     ->  Nested Loop  (cost=0.00..97.81 rows=1 width=84)
                           Join Filter: ((st_transform(s_955.the_geom, 25833) && st_expand(schw_955.schw, '300'::double precision)) AND (schw_955.schw && st_expand(st_transform(s_955.the_geom, 25833), '300'::double precision)) AND _st_dwithin(st_transform(s_955.the_geom, 25833), schw_955.schw, '300'::double precision))
                           ->  Function Scan on schw_955  (cost=0.00..0.01 rows=1 width=32)
                           ->  Seq Scan on phoml_trajectory_tmp s_955  (cost=0.00..95.68 rows=17 width=40)
                                 Filter: ((unix_time >= '1685451261.726'::double precision) AND (unix_time <= '1685451321.726'::double precision))
   ->  Subquery Scan on "*SELECT* 957"  (cost=97.82..97.83 rows=1 width=76)
         ->  Limit  (cost=97.82..97.82 rows=1 width=84)
               ->  Sort  (cost=97.82..97.82 rows=1 width=84)
                     Sort Key: (st_distance(st_transform(s_956.the_geom, 25833), schw_956.schw))
                     ->  Nested Loop  (cost=0.00..97.81 rows=1 width=84)
                           Join Filter: ((st_transform(s_956.the_geom, 25833) && st_expand(schw_956.schw, '300'::double precision)) AND (schw_956.schw && st_expand(st_transform(s_956.the_geom, 25833), '300'::double precision)) AND _st_dwithin(st_transform(s_956.the_geom, 25833), schw_956.schw, '300'::double precision))
                           ->  Function Scan on schw_956  (cost=0.00..0.01 rows=1 width=32)
                           ->  Seq Scan on phoml_trajectory_tmp s_956  (cost=0.00..95.68 rows=17 width=40)
                                 Filter: ((unix_time >= '1685451262.131'::double precision) AND (unix_time <= '1685451322.131'::double precision))
   ->  Subquery Scan on "*SELECT* 958"  (cost=97.82..97.83 rows=1 width=76)
         ->  Limit  (cost=97.82..97.82 rows=1 width=84)
               ->  Sort  (cost=97.82..97.82 rows=1 width=84)
                     Sort Key: (st_distance(st_transform(s_957.the_geom, 25833), schw_957.schw))
                     ->  Nested Loop  (cost=0.00..97.81 rows=1 width=84)
                           Join Filter: ((st_transform(s_957.the_geom, 25833) && st_expand(schw_957.schw, '300'::double precision)) AND (schw_957.schw && st_expand(st_transform(s_957.the_geom, 25833), '300'::double precision)) AND _st_dwithin(st_transform(s_957.the_geom, 25833), schw_957.schw, '300'::double precision))
                           ->  Function Scan on schw_957  (cost=0.00..0.01 rows=1 width=32)
                           ->  Seq Scan on phoml_trajectory_tmp s_957  (cost=0.00..95.68 rows=17 width=40)
                                 Filter: ((unix_time >= '1685451262.59'::double precision) AND (unix_time <= '1685451322.59'::double precision))
   ->  Subquery Scan on "*SELECT* 959"  (cost=97.82..97.83 rows=1 width=76)
         ->  Limit  (cost=97.82..97.82 rows=1 width=84)
               ->  Sort  (cost=97.82..97.82 rows=1 width=84)
                     Sort Key: (st_distance(st_transform(s_958.the_geom, 25833), schw_958.schw))
                     ->  Nested Loop  (cost=0.00..97.81 rows=1 width=84)
                           Join Filter: ((st_transform(s_958.the_geom, 25833) && st_expand(schw_958.schw, '300'::double precision)) AND (schw_958.schw && st_expand(st_transform(s_958.the_geom, 25833), '300'::double precision)) AND _st_dwithin(st_transform(s_958.the_geom, 25833), schw_958.schw, '300'::double precision))
                           ->  Function Scan on schw_958  (cost=0.00..0.01 rows=1 width=32)
                           ->  Seq Scan on phoml_trajectory_tmp s_958  (cost=0.00..95.68 rows=17 width=40)
                                 Filter: ((unix_time >= '1685451263.05'::double precision) AND (unix_time <= '1685451323.05'::double precision))
   ->  Subquery Scan on "*SELECT* 960"  (cost=97.82..97.83 rows=1 width=76)
         ->  Limit  (cost=97.82..97.82 rows=1 width=84)
               ->  Sort  (cost=97.82..97.82 rows=1 width=84)
                     Sort Key: (st_distance(st_transform(s_959.the_geom, 25833), schw_959.schw))
                     ->  Nested Loop  (cost=0.00..97.81 rows=1 width=84)
                           Join Filter: ((st_transform(s_959.the_geom, 25833) && st_expand(schw_959.schw, '300'::double precision)) AND (schw_959.schw && st_expand(st_transform(s_959.the_geom, 25833), '300'::double precision)) AND _st_dwithin(st_transform(s_959.the_geom, 25833), schw_959.schw, '300'::double precision))
                           ->  Function Scan on schw_959  (cost=0.00..0.01 rows=1 width=32)
                           ->  Seq Scan on phoml_trajectory_tmp s_959  (cost=0.00..95.68 rows=17 width=40)
                                 Filter: ((unix_time >= '1685451263.503'::double precision) AND (unix_time <= '1685451323.503'::double precision))
   ->  Subquery Scan on "*SELECT* 961"  (cost=97.82..97.83 rows=1 width=76)
         ->  Limit  (cost=97.82..97.82 rows=1 width=84)
               ->  Sort  (cost=97.82..97.82 rows=1 width=84)
                     Sort Key: (st_distance(st_transform(s_960.the_geom, 25833), schw_960.schw))
                     ->  Nested Loop  (cost=0.00..97.81 rows=1 width=84)
                           Join Filter: ((st_transform(s_960.the_geom, 25833) && st_expand(schw_960.schw, '300'::double precision)) AND (schw_960.schw && st_expand(st_transform(s_960.the_geom, 25833), '300'::double precision)) AND _st_dwithin(st_transform(s_960.the_geom, 25833), schw_960.schw, '300'::double precision))
                           ->  Function Scan on schw_960  (cost=0.00..0.01 rows=1 width=32)
                           ->  Seq Scan on phoml_trajectory_tmp s_960  (cost=0.00..95.68 rows=17 width=40)
                                 Filter: ((unix_time >= '1685451263.933'::double precision) AND (unix_time <= '1685451323.933'::double precision))
   ->  Subquery Scan on "*SELECT* 962"  (cost=97.82..97.83 rows=1 width=76)
         ->  Limit  (cost=97.82..97.82 rows=1 width=84)
               ->  Sort  (cost=97.82..97.82 rows=1 width=84)
                     Sort Key: (st_distance(st_transform(s_961.the_geom, 25833), schw_961.schw))
                     ->  Nested Loop  (cost=0.00..97.81 rows=1 width=84)
                           Join Filter: ((st_transform(s_961.the_geom, 25833) && st_expand(schw_961.schw, '300'::double precision)) AND (schw_961.schw && st_expand(st_transform(s_961.the_geom, 25833), '300'::double precision)) AND _st_dwithin(st_transform(s_961.the_geom, 25833), schw_961.schw, '300'::double precision))
                           ->  Function Scan on schw_961  (cost=0.00..0.01 rows=1 width=32)
                           ->  Seq Scan on phoml_trajectory_tmp s_961  (cost=0.00..95.68 rows=17 width=40)
                                 Filter: ((unix_time >= '1685451264.386'::double precision) AND (unix_time <= '1685451324.386'::double precision))
   ->  Subquery Scan on "*SELECT* 963"  (cost=97.82..97.83 rows=1 width=76)
         ->  Limit  (cost=97.82..97.82 rows=1 width=84)
               ->  Sort  (cost=97.82..97.82 rows=1 width=84)
                     Sort Key: (st_distance(st_transform(s_962.the_geom, 25833), schw_962.schw))
                     ->  Nested Loop  (cost=0.00..97.81 rows=1 width=84)
                           Join Filter: ((st_transform(s_962.the_geom, 25833) && st_expand(schw_962.schw, '300'::double precision)) AND (schw_962.schw && st_expand(st_transform(s_962.the_geom, 25833), '300'::double precision)) AND _st_dwithin(st_transform(s_962.the_geom, 25833), schw_962.schw, '300'::double precision))
                           ->  Function Scan on schw_962  (cost=0.00..0.01 rows=1 width=32)
                           ->  Seq Scan on phoml_trajectory_tmp s_962  (cost=0.00..95.68 rows=17 width=40)
                                 Filter: ((unix_time >= '1685451264.827'::double precision) AND (unix_time <= '1685451324.827'::double precision))
   ->  Subquery Scan on "*SELECT* 964"  (cost=97.82..97.83 rows=1 width=76)
         ->  Limit  (cost=97.82..97.82 rows=1 width=84)
               ->  Sort  (cost=97.82..97.82 rows=1 width=84)
                     Sort Key: (st_distance(st_transform(s_963.the_geom, 25833), schw_963.schw))
                     ->  Nested Loop  (cost=0.00..97.81 rows=1 width=84)
                           Join Filter: ((st_transform(s_963.the_geom, 25833) && st_expand(schw_963.schw, '300'::double precision)) AND (schw_963.schw && st_expand(st_transform(s_963.the_geom, 25833), '300'::double precision)) AND _st_dwithin(st_transform(s_963.the_geom, 25833), schw_963.schw, '300'::double precision))
                           ->  Function Scan on schw_963  (cost=0.00..0.01 rows=1 width=32)
                           ->  Seq Scan on phoml_trajectory_tmp s_963  (cost=0.00..95.68 rows=17 width=40)
                                 Filter: ((unix_time >= '1685451265.256'::double precision) AND (unix_time <= '1685451325.256'::double precision))
   ->  Subquery Scan on "*SELECT* 965"  (cost=97.82..97.83 rows=1 width=76)
         ->  Limit  (cost=97.82..97.82 rows=1 width=84)
               ->  Sort  (cost=97.82..97.82 rows=1 width=84)
                     Sort Key: (st_distance(st_transform(s_964.the_geom, 25833), schw_964.schw))
                     ->  Nested Loop  (cost=0.00..97.81 rows=1 width=84)
                           Join Filter: ((st_transform(s_964.the_geom, 25833) && st_expand(schw_964.schw, '300'::double precision)) AND (schw_964.schw && st_expand(st_transform(s_964.the_geom, 25833), '300'::double precision)) AND _st_dwithin(st_transform(s_964.the_geom, 25833), schw_964.schw, '300'::double precision))
                           ->  Function Scan on schw_964  (cost=0.00..0.01 rows=1 width=32)
                           ->  Seq Scan on phoml_trajectory_tmp s_964  (cost=0.00..95.68 rows=17 width=40)
                                 Filter: ((unix_time >= '1685451265.706'::double precision) AND (unix_time <= '1685451325.706'::double precision))
   ->  Subquery Scan on "*SELECT* 966"  (cost=97.82..97.83 rows=1 width=76)
         ->  Limit  (cost=97.82..97.82 rows=1 width=84)
               ->  Sort  (cost=97.82..97.82 rows=1 width=84)
                     Sort Key: (st_distance(st_transform(s_965.the_geom, 25833), schw_965.schw))
                     ->  Nested Loop  (cost=0.00..97.81 rows=1 width=84)
                           Join Filter: ((st_transform(s_965.the_geom, 25833) && st_expand(schw_965.schw, '300'::double precision)) AND (schw_965.schw && st_expand(st_transform(s_965.the_geom, 25833), '300'::double precision)) AND _st_dwithin(st_transform(s_965.the_geom, 25833), schw_965.schw, '300'::double precision))
                           ->  Function Scan on schw_965  (cost=0.00..0.01 rows=1 width=32)
                           ->  Seq Scan on phoml_trajectory_tmp s_965  (cost=0.00..95.68 rows=17 width=40)
                                 Filter: ((unix_time >= '1685451266.155'::double precision) AND (unix_time <= '1685451326.155'::double precision))
   ->  Subquery Scan on "*SELECT* 967"  (cost=97.82..97.83 rows=1 width=76)
         ->  Limit  (cost=97.82..97.82 rows=1 width=84)
               ->  Sort  (cost=97.82..97.82 rows=1 width=84)
                     Sort Key: (st_distance(st_transform(s_966.the_geom, 25833), schw_966.schw))
                     ->  Nested Loop  (cost=0.00..97.81 rows=1 width=84)
                           Join Filter: ((st_transform(s_966.the_geom, 25833) && st_expand(schw_966.schw, '300'::double precision)) AND (schw_966.schw && st_expand(st_transform(s_966.the_geom, 25833), '300'::double precision)) AND _st_dwithin(st_transform(s_966.the_geom, 25833), schw_966.schw, '300'::double precision))
                           ->  Function Scan on schw_966  (cost=0.00..0.01 rows=1 width=32)
                           ->  Seq Scan on phoml_trajectory_tmp s_966  (cost=0.00..95.68 rows=17 width=40)
                                 Filter: ((unix_time >= '1685451266.595'::double precision) AND (unix_time <= '1685451326.595'::double precision))
   ->  Subquery Scan on "*SELECT* 968"  (cost=97.82..97.83 rows=1 width=76)
         ->  Limit  (cost=97.82..97.82 rows=1 width=84)
               ->  Sort  (cost=97.82..97.82 rows=1 width=84)
                     Sort Key: (st_distance(st_transform(s_967.the_geom, 25833), schw_967.schw))
                     ->  Nested Loop  (cost=0.00..97.81 rows=1 width=84)
                           Join Filter: ((st_transform(s_967.the_geom, 25833) && st_expand(schw_967.schw, '300'::double precision)) AND (schw_967.schw && st_expand(st_transform(s_967.the_geom, 25833), '300'::double precision)) AND _st_dwithin(st_transform(s_967.the_geom, 25833), schw_967.schw, '300'::double precision))
                           ->  Function Scan on schw_967  (cost=0.00..0.01 rows=1 width=32)
                           ->  Seq Scan on phoml_trajectory_tmp s_967  (cost=0.00..95.68 rows=17 width=40)
                                 Filter: ((unix_time >= '1685451267.035'::double precision) AND (unix_time <= '1685451327.035'::double precision))
   ->  Subquery Scan on "*SELECT* 969"  (cost=97.82..97.83 rows=1 width=76)
         ->  Limit  (cost=97.82..97.82 rows=1 width=84)
               ->  Sort  (cost=97.82..97.82 rows=1 width=84)
                     Sort Key: (st_distance(st_transform(s_968.the_geom, 25833), schw_968.schw))
                     ->  Nested Loop  (cost=0.00..97.81 rows=1 width=84)
                           Join Filter: ((st_transform(s_968.the_geom, 25833) && st_expand(schw_968.schw, '300'::double precision)) AND (schw_968.schw && st_expand(st_transform(s_968.the_geom, 25833), '300'::double precision)) AND _st_dwithin(st_transform(s_968.the_geom, 25833), schw_968.schw, '300'::double precision))
                           ->  Function Scan on schw_968  (cost=0.00..0.01 rows=1 width=32)
                           ->  Seq Scan on phoml_trajectory_tmp s_968  (cost=0.00..95.68 rows=17 width=40)
                                 Filter: ((unix_time >= '1685451267.473'::double precision) AND (unix_time <= '1685451327.473'::double precision))
   ->  Subquery Scan on "*SELECT* 970"  (cost=97.82..97.83 rows=1 width=76)
         ->  Limit  (cost=97.82..97.82 rows=1 width=84)
               ->  Sort  (cost=97.82..97.82 rows=1 width=84)
                     Sort Key: (st_distance(st_transform(s_969.the_geom, 25833), schw_969.schw))
                     ->  Nested Loop  (cost=0.00..97.81 rows=1 width=84)
                           Join Filter: ((st_transform(s_969.the_geom, 25833) && st_expand(schw_969.schw, '300'::double precision)) AND (schw_969.schw && st_expand(st_transform(s_969.the_geom, 25833), '300'::double precision)) AND _st_dwithin(st_transform(s_969.the_geom, 25833), schw_969.schw, '300'::double precision))
                           ->  Function Scan on schw_969  (cost=0.00..0.01 rows=1 width=32)
                           ->  Seq Scan on phoml_trajectory_tmp s_969  (cost=0.00..95.68 rows=17 width=40)
                                 Filter: ((unix_time >= '1685451267.913'::double precision) AND (unix_time <= '1685451327.913'::double precision))
   ->  Subquery Scan on "*SELECT* 971"  (cost=97.82..97.83 rows=1 width=76)
         ->  Limit  (cost=97.82..97.82 rows=1 width=84)
               ->  Sort  (cost=97.82..97.82 rows=1 width=84)
                     Sort Key: (st_distance(st_transform(s_970.the_geom, 25833), schw_970.schw))
                     ->  Nested Loop  (cost=0.00..97.81 rows=1 width=84)
                           Join Filter: ((st_transform(s_970.the_geom, 25833) && st_expand(schw_970.schw, '300'::double precision)) AND (schw_970.schw && st_expand(st_transform(s_970.the_geom, 25833), '300'::double precision)) AND _st_dwithin(st_transform(s_970.the_geom, 25833), schw_970.schw, '300'::double precision))
                           ->  Function Scan on schw_970  (cost=0.00..0.01 rows=1 width=32)
                           ->  Seq Scan on phoml_trajectory_tmp s_970  (cost=0.00..95.68 rows=17 width=40)
                                 Filter: ((unix_time >= '1685451268.352'::double precision) AND (unix_time <= '1685451328.352'::double precision))
   ->  Subquery Scan on "*SELECT* 972"  (cost=97.82..97.83 rows=1 width=76)
         ->  Limit  (cost=97.82..97.82 rows=1 width=84)
               ->  Sort  (cost=97.82..97.82 rows=1 width=84)
                     Sort Key: (st_distance(st_transform(s_971.the_geom, 25833), schw_971.schw))
                     ->  Nested Loop  (cost=0.00..97.81 rows=1 width=84)
                           Join Filter: ((st_transform(s_971.the_geom, 25833) && st_expand(schw_971.schw, '300'::double precision)) AND (schw_971.schw && st_expand(st_transform(s_971.the_geom, 25833), '300'::double precision)) AND _st_dwithin(st_transform(s_971.the_geom, 25833), schw_971.schw, '300'::double precision))
                           ->  Function Scan on schw_971  (cost=0.00..0.01 rows=1 width=32)
                           ->  Seq Scan on phoml_trajectory_tmp s_971  (cost=0.00..95.68 rows=17 width=40)
                                 Filter: ((unix_time >= '1685451268.772'::double precision) AND (unix_time <= '1685451328.772'::double precision))
   ->  Subquery Scan on "*SELECT* 973"  (cost=97.82..97.83 rows=1 width=76)
         ->  Limit  (cost=97.82..97.82 rows=1 width=84)
               ->  Sort  (cost=97.82..97.82 rows=1 width=84)
                     Sort Key: (st_distance(st_transform(s_972.the_geom, 25833), schw_972.schw))
                     ->  Nested Loop  (cost=0.00..97.81 rows=1 width=84)
                           Join Filter: ((st_transform(s_972.the_geom, 25833) && st_expand(schw_972.schw, '300'::double precision)) AND (schw_972.schw && st_expand(st_transform(s_972.the_geom, 25833), '300'::double precision)) AND _st_dwithin(st_transform(s_972.the_geom, 25833), schw_972.schw, '300'::double precision))
                           ->  Function Scan on schw_972  (cost=0.00..0.01 rows=1 width=32)
                           ->  Seq Scan on phoml_trajectory_tmp s_972  (cost=0.00..95.68 rows=17 width=40)
                                 Filter: ((unix_time >= '1685451269.201'::double precision) AND (unix_time <= '1685451329.201'::double precision))
   ->  Subquery Scan on "*SELECT* 974"  (cost=97.82..97.83 rows=1 width=76)
         ->  Limit  (cost=97.82..97.82 rows=1 width=84)
               ->  Sort  (cost=97.82..97.82 rows=1 width=84)
                     Sort Key: (st_distance(st_transform(s_973.the_geom, 25833), schw_973.schw))
                     ->  Nested Loop  (cost=0.00..97.81 rows=1 width=84)
                           Join Filter: ((st_transform(s_973.the_geom, 25833) && st_expand(schw_973.schw, '300'::double precision)) AND (schw_973.schw && st_expand(st_transform(s_973.the_geom, 25833), '300'::double precision)) AND _st_dwithin(st_transform(s_973.the_geom, 25833), schw_973.schw, '300'::double precision))
                           ->  Function Scan on schw_973  (cost=0.00..0.01 rows=1 width=32)
                           ->  Seq Scan on phoml_trajectory_tmp s_973  (cost=0.00..95.68 rows=17 width=40)
                                 Filter: ((unix_time >= '1685451269.631'::double precision) AND (unix_time <= '1685451329.631'::double precision))
   ->  Subquery Scan on "*SELECT* 975"  (cost=97.82..97.83 rows=1 width=76)
         ->  Limit  (cost=97.82..97.82 rows=1 width=84)
               ->  Sort  (cost=97.82..97.82 rows=1 width=84)
                     Sort Key: (st_distance(st_transform(s_974.the_geom, 25833), schw_974.schw))
                     ->  Nested Loop  (cost=0.00..97.81 rows=1 width=84)
                           Join Filter: ((st_transform(s_974.the_geom, 25833) && st_expand(schw_974.schw, '300'::double precision)) AND (schw_974.schw && st_expand(st_transform(s_974.the_geom, 25833), '300'::double precision)) AND _st_dwithin(st_transform(s_974.the_geom, 25833), schw_974.schw, '300'::double precision))
                           ->  Function Scan on schw_974  (cost=0.00..0.01 rows=1 width=32)
                           ->  Seq Scan on phoml_trajectory_tmp s_974  (cost=0.00..95.68 rows=17 width=40)
                                 Filter: ((unix_time >= '1685451270.098'::double precision) AND (unix_time <= '1685451330.098'::double precision))
   ->  Subquery Scan on "*SELECT* 976"  (cost=97.82..97.83 rows=1 width=76)
         ->  Limit  (cost=97.82..97.82 rows=1 width=84)
               ->  Sort  (cost=97.82..97.82 rows=1 width=84)
                     Sort Key: (st_distance(st_transform(s_975.the_geom, 25833), schw_975.schw))
                     ->  Nested Loop  (cost=0.00..97.81 rows=1 width=84)
                           Join Filter: ((st_transform(s_975.the_geom, 25833) && st_expand(schw_975.schw, '300'::double precision)) AND (schw_975.schw && st_expand(st_transform(s_975.the_geom, 25833), '300'::double precision)) AND _st_dwithin(st_transform(s_975.the_geom, 25833), schw_975.schw, '300'::double precision))
                           ->  Function Scan on schw_975  (cost=0.00..0.01 rows=1 width=32)
                           ->  Seq Scan on phoml_trajectory_tmp s_975  (cost=0.00..95.68 rows=17 width=40)
                                 Filter: ((unix_time >= '1685451270.529'::double precision) AND (unix_time <= '1685451330.529'::double precision))
   ->  Subquery Scan on "*SELECT* 977"  (cost=97.82..97.83 rows=1 width=76)
         ->  Limit  (cost=97.82..97.82 rows=1 width=84)
               ->  Sort  (cost=97.82..97.82 rows=1 width=84)
                     Sort Key: (st_distance(st_transform(s_976.the_geom, 25833), schw_976.schw))
                     ->  Nested Loop  (cost=0.00..97.81 rows=1 width=84)
                           Join Filter: ((st_transform(s_976.the_geom, 25833) && st_expand(schw_976.schw, '300'::double precision)) AND (schw_976.schw && st_expand(st_transform(s_976.the_geom, 25833), '300'::double precision)) AND _st_dwithin(st_transform(s_976.the_geom, 25833), schw_976.schw, '300'::double precision))
                           ->  Function Scan on schw_976  (cost=0.00..0.01 rows=1 width=32)
                           ->  Seq Scan on phoml_trajectory_tmp s_976  (cost=0.00..95.68 rows=17 width=40)
                                 Filter: ((unix_time >= '1685451270.949'::double precision) AND (unix_time <= '1685451330.949'::double precision))
   ->  Subquery Scan on "*SELECT* 978"  (cost=97.82..97.83 rows=1 width=76)
         ->  Limit  (cost=97.82..97.82 rows=1 width=84)
               ->  Sort  (cost=97.82..97.82 rows=1 width=84)
                     Sort Key: (st_distance(st_transform(s_977.the_geom, 25833), schw_977.schw))
                     ->  Nested Loop  (cost=0.00..97.81 rows=1 width=84)
                           Join Filter: ((st_transform(s_977.the_geom, 25833) && st_expand(schw_977.schw, '300'::double precision)) AND (schw_977.schw && st_expand(st_transform(s_977.the_geom, 25833), '300'::double precision)) AND _st_dwithin(st_transform(s_977.the_geom, 25833), schw_977.schw, '300'::double precision))
                           ->  Function Scan on schw_977  (cost=0.00..0.01 rows=1 width=32)
                           ->  Seq Scan on phoml_trajectory_tmp s_977  (cost=0.00..95.68 rows=17 width=40)
                                 Filter: ((unix_time >= '1685451271.368'::double precision) AND (unix_time <= '1685451331.368'::double precision))
   ->  Subquery Scan on "*SELECT* 979"  (cost=97.82..97.83 rows=1 width=76)
         ->  Limit  (cost=97.82..97.82 rows=1 width=84)
               ->  Sort  (cost=97.82..97.82 rows=1 width=84)
                     Sort Key: (st_distance(st_transform(s_978.the_geom, 25833), schw_978.schw))
                     ->  Nested Loop  (cost=0.00..97.81 rows=1 width=84)
                           Join Filter: ((st_transform(s_978.the_geom, 25833) && st_expand(schw_978.schw, '300'::double precision)) AND (schw_978.schw && st_expand(st_transform(s_978.the_geom, 25833), '300'::double precision)) AND _st_dwithin(st_transform(s_978.the_geom, 25833), schw_978.schw, '300'::double precision))
                           ->  Function Scan on schw_978  (cost=0.00..0.01 rows=1 width=32)
                           ->  Seq Scan on phoml_trajectory_tmp s_978  (cost=0.00..95.68 rows=17 width=40)
                                 Filter: ((unix_time >= '1685451271.788'::double precision) AND (unix_time <= '1685451331.788'::double precision))
   ->  Subquery Scan on "*SELECT* 980"  (cost=97.82..97.83 rows=1 width=76)
         ->  Limit  (cost=97.82..97.82 rows=1 width=84)
               ->  Sort  (cost=97.82..97.82 rows=1 width=84)
                     Sort Key: (st_distance(st_transform(s_979.the_geom, 25833), schw_979.schw))
                     ->  Nested Loop  (cost=0.00..97.81 rows=1 width=84)
                           Join Filter: ((st_transform(s_979.the_geom, 25833) && st_expand(schw_979.schw, '300'::double precision)) AND (schw_979.schw && st_expand(st_transform(s_979.the_geom, 25833), '300'::double precision)) AND _st_dwithin(st_transform(s_979.the_geom, 25833), schw_979.schw, '300'::double precision))
                           ->  Function Scan on schw_979  (cost=0.00..0.01 rows=1 width=32)
                           ->  Seq Scan on phoml_trajectory_tmp s_979  (cost=0.00..95.68 rows=17 width=40)
                                 Filter: ((unix_time >= '1685451272.231'::double precision) AND (unix_time <= '1685451332.231'::double precision))
   ->  Subquery Scan on "*SELECT* 981"  (cost=97.82..97.83 rows=1 width=76)
         ->  Limit  (cost=97.82..97.82 rows=1 width=84)
               ->  Sort  (cost=97.82..97.82 rows=1 width=84)
                     Sort Key: (st_distance(st_transform(s_980.the_geom, 25833), schw_980.schw))
                     ->  Nested Loop  (cost=0.00..97.81 rows=1 width=84)
                           Join Filter: ((st_transform(s_980.the_geom, 25833) && st_expand(schw_980.schw, '300'::double precision)) AND (schw_980.schw && st_expand(st_transform(s_980.the_geom, 25833), '300'::double precision)) AND _st_dwithin(st_transform(s_980.the_geom, 25833), schw_980.schw, '300'::double precision))
                           ->  Function Scan on schw_980  (cost=0.00..0.01 rows=1 width=32)
                           ->  Seq Scan on phoml_trajectory_tmp s_980  (cost=0.00..95.68 rows=17 width=40)
                                 Filter: ((unix_time >= '1685451272.597'::double precision) AND (unix_time <= '1685451332.597'::double precision))
   ->  Subquery Scan on "*SELECT* 982"  (cost=97.82..97.83 rows=1 width=76)
         ->  Limit  (cost=97.82..97.82 rows=1 width=84)
               ->  Sort  (cost=97.82..97.82 rows=1 width=84)
                     Sort Key: (st_distance(st_transform(s_981.the_geom, 25833), schw_981.schw))
                     ->  Nested Loop  (cost=0.00..97.81 rows=1 width=84)
                           Join Filter: ((st_transform(s_981.the_geom, 25833) && st_expand(schw_981.schw, '300'::double precision)) AND (schw_981.schw && st_expand(st_transform(s_981.the_geom, 25833), '300'::double precision)) AND _st_dwithin(st_transform(s_981.the_geom, 25833), schw_981.schw, '300'::double precision))
                           ->  Function Scan on schw_981  (cost=0.00..0.01 rows=1 width=32)
                           ->  Seq Scan on phoml_trajectory_tmp s_981  (cost=0.00..95.68 rows=17 width=40)
                                 Filter: ((unix_time >= '1685451273.007'::double precision) AND (unix_time <= '1685451333.007'::double precision))
   ->  Subquery Scan on "*SELECT* 983"  (cost=97.82..97.83 rows=1 width=76)
         ->  Limit  (cost=97.82..97.82 rows=1 width=84)
               ->  Sort  (cost=97.82..97.82 rows=1 width=84)
                     Sort Key: (st_distance(st_transform(s_982.the_geom, 25833), schw_982.schw))
                     ->  Nested Loop  (cost=0.00..97.81 rows=1 width=84)
                           Join Filter: ((st_transform(s_982.the_geom, 25833) && st_expand(schw_982.schw, '300'::double precision)) AND (schw_982.schw && st_expand(st_transform(s_982.the_geom, 25833), '300'::double precision)) AND _st_dwithin(st_transform(s_982.the_geom, 25833), schw_982.schw, '300'::double precision))
                           ->  Function Scan on schw_982  (cost=0.00..0.01 rows=1 width=32)
                           ->  Seq Scan on phoml_trajectory_tmp s_982  (cost=0.00..95.68 rows=17 width=40)
                                 Filter: ((unix_time >= '1685451273.442'::double precision) AND (unix_time <= '1685451333.442'::double precision))
   ->  Subquery Scan on "*SELECT* 984"  (cost=97.82..97.83 rows=1 width=76)
         ->  Limit  (cost=97.82..97.82 rows=1 width=84)
               ->  Sort  (cost=97.82..97.82 rows=1 width=84)
                     Sort Key: (st_distance(st_transform(s_983.the_geom, 25833), schw_983.schw))
                     ->  Nested Loop  (cost=0.00..97.81 rows=1 width=84)
                           Join Filter: ((st_transform(s_983.the_geom, 25833) && st_expand(schw_983.schw, '300'::double precision)) AND (schw_983.schw && st_expand(st_transform(s_983.the_geom, 25833), '300'::double precision)) AND _st_dwithin(st_transform(s_983.the_geom, 25833), schw_983.schw, '300'::double precision))
                           ->  Function Scan on schw_983  (cost=0.00..0.01 rows=1 width=32)
                           ->  Seq Scan on phoml_trajectory_tmp s_983  (cost=0.00..95.68 rows=17 width=40)
                                 Filter: ((unix_time >= '1685451273.917'::double precision) AND (unix_time <= '1685451333.917'::double precision))
   ->  Subquery Scan on "*SELECT* 985"  (cost=97.82..97.83 rows=1 width=76)
         ->  Limit  (cost=97.82..97.82 rows=1 width=84)
               ->  Sort  (cost=97.82..97.82 rows=1 width=84)
                     Sort Key: (st_distance(st_transform(s_984.the_geom, 25833), schw_984.schw))
                     ->  Nested Loop  (cost=0.00..97.81 rows=1 width=84)
                           Join Filter: ((st_transform(s_984.the_geom, 25833) && st_expand(schw_984.schw, '300'::double precision)) AND (schw_984.schw && st_expand(st_transform(s_984.the_geom, 25833), '300'::double precision)) AND _st_dwithin(st_transform(s_984.the_geom, 25833), schw_984.schw, '300'::double precision))
                           ->  Function Scan on schw_984  (cost=0.00..0.01 rows=1 width=32)
                           ->  Seq Scan on phoml_trajectory_tmp s_984  (cost=0.00..95.68 rows=17 width=40)
                                 Filter: ((unix_time >= '1685451274.294'::double precision) AND (unix_time <= '1685451334.294'::double precision))
   ->  Subquery Scan on "*SELECT* 986"  (cost=97.82..97.83 rows=1 width=76)
         ->  Limit  (cost=97.82..97.82 rows=1 width=84)
               ->  Sort  (cost=97.82..97.82 rows=1 width=84)
                     Sort Key: (st_distance(st_transform(s_985.the_geom, 25833), schw_985.schw))
                     ->  Nested Loop  (cost=0.00..97.81 rows=1 width=84)
                           Join Filter: ((st_transform(s_985.the_geom, 25833) && st_expand(schw_985.schw, '300'::double precision)) AND (schw_985.schw && st_expand(st_transform(s_985.the_geom, 25833), '300'::double precision)) AND _st_dwithin(st_transform(s_985.the_geom, 25833), schw_985.schw, '300'::double precision))
                           ->  Function Scan on schw_985  (cost=0.00..0.01 rows=1 width=32)
                           ->  Seq Scan on phoml_trajectory_tmp s_985  (cost=0.00..95.68 rows=17 width=40)
                                 Filter: ((unix_time >= '1685451274.724'::double precision) AND (unix_time <= '1685451334.724'::double precision))
   ->  Subquery Scan on "*SELECT* 987"  (cost=97.82..97.83 rows=1 width=76)
         ->  Limit  (cost=97.82..97.82 rows=1 width=84)
               ->  Sort  (cost=97.82..97.82 rows=1 width=84)
                     Sort Key: (st_distance(st_transform(s_986.the_geom, 25833), schw_986.schw))
                     ->  Nested Loop  (cost=0.00..97.81 rows=1 width=84)
                           Join Filter: ((st_transform(s_986.the_geom, 25833) && st_expand(schw_986.schw, '300'::double precision)) AND (schw_986.schw && st_expand(st_transform(s_986.the_geom, 25833), '300'::double precision)) AND _st_dwithin(st_transform(s_986.the_geom, 25833), schw_986.schw, '300'::double precision))
                           ->  Function Scan on schw_986  (cost=0.00..0.01 rows=1 width=32)
                           ->  Seq Scan on phoml_trajectory_tmp s_986  (cost=0.00..95.68 rows=17 width=40)
                                 Filter: ((unix_time >= '1685451275.151'::double precision) AND (unix_time <= '1685451335.151'::double precision))
   ->  Subquery Scan on "*SELECT* 988"  (cost=97.82..97.83 rows=1 width=76)
         ->  Limit  (cost=97.82..97.82 rows=1 width=84)
               ->  Sort  (cost=97.82..97.82 rows=1 width=84)
                     Sort Key: (st_distance(st_transform(s_987.the_geom, 25833), schw_987.schw))
                     ->  Nested Loop  (cost=0.00..97.81 rows=1 width=84)
                           Join Filter: ((st_transform(s_987.the_geom, 25833) && st_expand(schw_987.schw, '300'::double precision)) AND (schw_987.schw && st_expand(st_transform(s_987.the_geom, 25833), '300'::double precision)) AND _st_dwithin(st_transform(s_987.the_geom, 25833), schw_987.schw, '300'::double precision))
                           ->  Function Scan on schw_987  (cost=0.00..0.01 rows=1 width=32)
                           ->  Seq Scan on phoml_trajectory_tmp s_987  (cost=0.00..95.68 rows=17 width=40)
                                 Filter: ((unix_time >= '1685451275.571'::double precision) AND (unix_time <= '1685451335.571'::double precision))
   ->  Subquery Scan on "*SELECT* 989"  (cost=97.82..97.83 rows=1 width=76)
         ->  Limit  (cost=97.82..97.82 rows=1 width=84)
               ->  Sort  (cost=97.82..97.82 rows=1 width=84)
                     Sort Key: (st_distance(st_transform(s_988.the_geom, 25833), schw_988.schw))
                     ->  Nested Loop  (cost=0.00..97.81 rows=1 width=84)
                           Join Filter: ((st_transform(s_988.the_geom, 25833) && st_expand(schw_988.schw, '300'::double precision)) AND (schw_988.schw && st_expand(st_transform(s_988.the_geom, 25833), '300'::double precision)) AND _st_dwithin(st_transform(s_988.the_geom, 25833), schw_988.schw, '300'::double precision))
                           ->  Function Scan on schw_988  (cost=0.00..0.01 rows=1 width=32)
                           ->  Seq Scan on phoml_trajectory_tmp s_988  (cost=0.00..95.68 rows=17 width=40)
                                 Filter: ((unix_time >= '1685451276.001'::double precision) AND (unix_time <= '1685451336.001'::double precision))
   ->  Subquery Scan on "*SELECT* 990"  (cost=97.82..97.83 rows=1 width=76)
         ->  Limit  (cost=97.82..97.82 rows=1 width=84)
               ->  Sort  (cost=97.82..97.82 rows=1 width=84)
                     Sort Key: (st_distance(st_transform(s_989.the_geom, 25833), schw_989.schw))
                     ->  Nested Loop  (cost=0.00..97.81 rows=1 width=84)
                           Join Filter: ((st_transform(s_989.the_geom, 25833) && st_expand(schw_989.schw, '300'::double precision)) AND (schw_989.schw && st_expand(st_transform(s_989.the_geom, 25833), '300'::double precision)) AND _st_dwithin(st_transform(s_989.the_geom, 25833), schw_989.schw, '300'::double precision))
                           ->  Function Scan on schw_989  (cost=0.00..0.01 rows=1 width=32)
                           ->  Seq Scan on phoml_trajectory_tmp s_989  (cost=0.00..95.68 rows=17 width=40)
                                 Filter: ((unix_time >= '1685451276.416'::double precision) AND (unix_time <= '1685451336.416'::double precision))
   ->  Subquery Scan on "*SELECT* 991"  (cost=97.82..97.83 rows=1 width=76)
         ->  Limit  (cost=97.82..97.82 rows=1 width=84)
               ->  Sort  (cost=97.82..97.82 rows=1 width=84)
                     Sort Key: (st_distance(st_transform(s_990.the_geom, 25833), schw_990.schw))
                     ->  Nested Loop  (cost=0.00..97.81 rows=1 width=84)
                           Join Filter: ((st_transform(s_990.the_geom, 25833) && st_expand(schw_990.schw, '300'::double precision)) AND (schw_990.schw && st_expand(st_transform(s_990.the_geom, 25833), '300'::double precision)) AND _st_dwithin(st_transform(s_990.the_geom, 25833), schw_990.schw, '300'::double precision))
                           ->  Function Scan on schw_990  (cost=0.00..0.01 rows=1 width=32)
                           ->  Seq Scan on phoml_trajectory_tmp s_990  (cost=0.00..95.68 rows=17 width=40)
                                 Filter: ((unix_time >= '1685451276.836'::double precision) AND (unix_time <= '1685451336.836'::double precision))
   ->  Subquery Scan on "*SELECT* 992"  (cost=97.82..97.83 rows=1 width=76)
         ->  Limit  (cost=97.82..97.82 rows=1 width=84)
               ->  Sort  (cost=97.82..97.82 rows=1 width=84)
                     Sort Key: (st_distance(st_transform(s_991.the_geom, 25833), schw_991.schw))
                     ->  Nested Loop  (cost=0.00..97.81 rows=1 width=84)
                           Join Filter: ((st_transform(s_991.the_geom, 25833) && st_expand(schw_991.schw, '300'::double precision)) AND (schw_991.schw && st_expand(st_transform(s_991.the_geom, 25833), '300'::double precision)) AND _st_dwithin(st_transform(s_991.the_geom, 25833), schw_991.schw, '300'::double precision))
                           ->  Function Scan on schw_991  (cost=0.00..0.01 rows=1 width=32)
                           ->  Seq Scan on phoml_trajectory_tmp s_991  (cost=0.00..95.68 rows=17 width=40)
                                 Filter: ((unix_time >= '1685451277.26'::double precision) AND (unix_time <= '1685451337.26'::double precision))
   ->  Subquery Scan on "*SELECT* 993"  (cost=97.82..97.83 rows=1 width=76)
         ->  Limit  (cost=97.82..97.82 rows=1 width=84)
               ->  Sort  (cost=97.82..97.82 rows=1 width=84)
                     Sort Key: (st_distance(st_transform(s_992.the_geom, 25833), schw_992.schw))
                     ->  Nested Loop  (cost=0.00..97.81 rows=1 width=84)
                           Join Filter: ((st_transform(s_992.the_geom, 25833) && st_expand(schw_992.schw, '300'::double precision)) AND (schw_992.schw && st_expand(st_transform(s_992.the_geom, 25833), '300'::double precision)) AND _st_dwithin(st_transform(s_992.the_geom, 25833), schw_992.schw, '300'::double precision))
                           ->  Function Scan on schw_992  (cost=0.00..0.01 rows=1 width=32)
                           ->  Seq Scan on phoml_trajectory_tmp s_992  (cost=0.00..95.68 rows=17 width=40)
                                 Filter: ((unix_time >= '1685451277.68'::double precision) AND (unix_time <= '1685451337.68'::double precision))
   ->  Subquery Scan on "*SELECT* 994"  (cost=97.82..97.83 rows=1 width=76)
         ->  Limit  (cost=97.82..97.82 rows=1 width=84)
               ->  Sort  (cost=97.82..97.82 rows=1 width=84)
                     Sort Key: (st_distance(st_transform(s_993.the_geom, 25833), schw_993.schw))
                     ->  Nested Loop  (cost=0.00..97.81 rows=1 width=84)
                           Join Filter: ((st_transform(s_993.the_geom, 25833) && st_expand(schw_993.schw, '300'::double precision)) AND (schw_993.schw && st_expand(st_transform(s_993.the_geom, 25833), '300'::double precision)) AND _st_dwithin(st_transform(s_993.the_geom, 25833), schw_993.schw, '300'::double precision))
                           ->  Function Scan on schw_993  (cost=0.00..0.01 rows=1 width=32)
                           ->  Seq Scan on phoml_trajectory_tmp s_993  (cost=0.00..95.68 rows=17 width=40)
                                 Filter: ((unix_time >= '1685451278.09'::double precision) AND (unix_time <= '1685451338.09'::double precision))
   ->  Subquery Scan on "*SELECT* 995"  (cost=97.82..97.83 rows=1 width=76)
         ->  Limit  (cost=97.82..97.82 rows=1 width=84)
               ->  Sort  (cost=97.82..97.82 rows=1 width=84)
                     Sort Key: (st_distance(st_transform(s_994.the_geom, 25833), schw_994.schw))
                     ->  Nested Loop  (cost=0.00..97.81 rows=1 width=84)
                           Join Filter: ((st_transform(s_994.the_geom, 25833) && st_expand(schw_994.schw, '300'::double precision)) AND (schw_994.schw && st_expand(st_transform(s_994.the_geom, 25833), '300'::double precision)) AND _st_dwithin(st_transform(s_994.the_geom, 25833), schw_994.schw, '300'::double precision))
                           ->  Function Scan on schw_994  (cost=0.00..0.01 rows=1 width=32)
                           ->  Seq Scan on phoml_trajectory_tmp s_994  (cost=0.00..95.68 rows=17 width=40)
                                 Filter: ((unix_time >= '1685451278.513'::double precision) AND (unix_time <= '1685451338.513'::double precision))
   ->  Subquery Scan on "*SELECT* 996"  (cost=97.82..97.83 rows=1 width=76)
         ->  Limit  (cost=97.82..97.82 rows=1 width=84)
               ->  Sort  (cost=97.82..97.82 rows=1 width=84)
                     Sort Key: (st_distance(st_transform(s_995.the_geom, 25833), schw_995.schw))
                     ->  Nested Loop  (cost=0.00..97.81 rows=1 width=84)
                           Join Filter: ((st_transform(s_995.the_geom, 25833) && st_expand(schw_995.schw, '300'::double precision)) AND (schw_995.schw && st_expand(st_transform(s_995.the_geom, 25833), '300'::double precision)) AND _st_dwithin(st_transform(s_995.the_geom, 25833), schw_995.schw, '300'::double precision))
                           ->  Function Scan on schw_995  (cost=0.00..0.01 rows=1 width=32)
                           ->  Seq Scan on phoml_trajectory_tmp s_995  (cost=0.00..95.68 rows=17 width=40)
                                 Filter: ((unix_time >= '1685451278.923'::double precision) AND (unix_time <= '1685451338.923'::double precision))
   ->  Subquery Scan on "*SELECT* 997"  (cost=97.82..97.83 rows=1 width=76)
         ->  Limit  (cost=97.82..97.82 rows=1 width=84)
               ->  Sort  (cost=97.82..97.82 rows=1 width=84)
                     Sort Key: (st_distance(st_transform(s_996.the_geom, 25833), schw_996.schw))
                     ->  Nested Loop  (cost=0.00..97.81 rows=1 width=84)
                           Join Filter: ((st_transform(s_996.the_geom, 25833) && st_expand(schw_996.schw, '300'::double precision)) AND (schw_996.schw && st_expand(st_transform(s_996.the_geom, 25833), '300'::double precision)) AND _st_dwithin(st_transform(s_996.the_geom, 25833), schw_996.schw, '300'::double precision))
                           ->  Function Scan on schw_996  (cost=0.00..0.01 rows=1 width=32)
                           ->  Seq Scan on phoml_trajectory_tmp s_996  (cost=0.00..95.68 rows=17 width=40)
                                 Filter: ((unix_time >= '1685451279.341'::double precision) AND (unix_time <= '1685451339.341'::double precision))
   ->  Subquery Scan on "*SELECT* 998"  (cost=97.82..97.83 rows=1 width=76)
         ->  Limit  (cost=97.82..97.82 rows=1 width=84)
               ->  Sort  (cost=97.82..97.82 rows=1 width=84)
                     Sort Key: (st_distance(st_transform(s_997.the_geom, 25833), schw_997.schw))
                     ->  Nested Loop  (cost=0.00..97.81 rows=1 width=84)
                           Join Filter: ((st_transform(s_997.the_geom, 25833) && st_expand(schw_997.schw, '300'::double precision)) AND (schw_997.schw && st_expand(st_transform(s_997.the_geom, 25833), '300'::double precision)) AND _st_dwithin(st_transform(s_997.the_geom, 25833), schw_997.schw, '300'::double precision))
                           ->  Function Scan on schw_997  (cost=0.00..0.01 rows=1 width=32)
                           ->  Seq Scan on phoml_trajectory_tmp s_997  (cost=0.00..95.68 rows=17 width=40)
                                 Filter: ((unix_time >= '1685451279.761'::double precision) AND (unix_time <= '1685451339.761'::double precision))
   ->  Subquery Scan on "*SELECT* 999"  (cost=97.82..97.83 rows=1 width=76)
         ->  Limit  (cost=97.82..97.82 rows=1 width=84)
               ->  Sort  (cost=97.82..97.82 rows=1 width=84)
                     Sort Key: (st_distance(st_transform(s_998.the_geom, 25833), schw_998.schw))
                     ->  Nested Loop  (cost=0.00..97.81 rows=1 width=84)
                           Join Filter: ((st_transform(s_998.the_geom, 25833) && st_expand(schw_998.schw, '300'::double precision)) AND (schw_998.schw && st_expand(st_transform(s_998.the_geom, 25833), '300'::double precision)) AND _st_dwithin(st_transform(s_998.the_geom, 25833), schw_998.schw, '300'::double precision))
                           ->  Function Scan on schw_998  (cost=0.00..0.01 rows=1 width=32)
                           ->  Seq Scan on phoml_trajectory_tmp s_998  (cost=0.00..95.68 rows=17 width=40)
                                 Filter: ((unix_time >= '1685451280.184'::double precision) AND (unix_time <= '1685451340.184'::double precision))
   ->  Subquery Scan on "*SELECT* 1000"  (cost=97.82..97.83 rows=1 width=76)
         ->  Limit  (cost=97.82..97.82 rows=1 width=84)
               ->  Sort  (cost=97.82..97.82 rows=1 width=84)
                     Sort Key: (st_distance(st_transform(s_999.the_geom, 25833), schw_999.schw))
                     ->  Nested Loop  (cost=0.00..97.81 rows=1 width=84)
                           Join Filter: ((st_transform(s_999.the_geom, 25833) && st_expand(schw_999.schw, '300'::double precision)) AND (schw_999.schw && st_expand(st_transform(s_999.the_geom, 25833), '300'::double precision)) AND _st_dwithin(st_transform(s_999.the_geom, 25833), schw_999.schw, '300'::double precision))
                           ->  Function Scan on schw_999  (cost=0.00..0.01 rows=1 width=32)
                           ->  Seq Scan on phoml_trajectory_tmp s_999  (cost=0.00..95.68 rows=17 width=40)
                                 Filter: ((unix_time >= '1685451280.594'::double precision) AND (unix_time <= '1685451340.594'::double precision))
   ->  Subquery Scan on "*SELECT* 1001"  (cost=97.82..97.83 rows=1 width=76)
         ->  Limit  (cost=97.82..97.82 rows=1 width=84)
               ->  Sort  (cost=97.82..97.82 rows=1 width=84)
                     Sort Key: (st_distance(st_transform(s_1000.the_geom, 25833), schw_1000.schw))
                     ->  Nested Loop  (cost=0.00..97.81 rows=1 width=84)
                           Join Filter: ((st_transform(s_1000.the_geom, 25833) && st_expand(schw_1000.schw, '300'::double precision)) AND (schw_1000.schw && st_expand(st_transform(s_1000.the_geom, 25833), '300'::double precision)) AND _st_dwithin(st_transform(s_1000.the_geom, 25833), schw_1000.schw, '300'::double precision))
                           ->  Function Scan on schw_1000  (cost=0.00..0.01 rows=1 width=32)
                           ->  Seq Scan on phoml_trajectory_tmp s_1000  (cost=0.00..95.68 rows=17 width=40)
                                 Filter: ((unix_time >= '1685451281.049'::double precision) AND (unix_time <= '1685451341.049'::double precision))
   ->  Subquery Scan on "*SELECT* 1002"  (cost=97.82..97.83 rows=1 width=76)
         ->  Limit  (cost=97.82..97.82 rows=1 width=84)
               ->  Sort  (cost=97.82..97.82 rows=1 width=84)
                     Sort Key: (st_distance(st_transform(s_1001.the_geom, 25833), schw_1001.schw))
                     ->  Nested Loop  (cost=0.00..97.81 rows=1 width=84)
                           Join Filter: ((st_transform(s_1001.the_geom, 25833) && st_expand(schw_1001.schw, '300'::double precision)) AND (schw_1001.schw && st_expand(st_transform(s_1001.the_geom, 25833), '300'::double precision)) AND _st_dwithin(st_transform(s_1001.the_geom, 25833), schw_1001.schw, '300'::double precision))
                           ->  Function Scan on schw_1001  (cost=0.00..0.01 rows=1 width=32)
                           ->  Seq Scan on phoml_trajectory_tmp s_1001  (cost=0.00..95.68 rows=17 width=40)
                                 Filter: ((unix_time >= '1685451281.438'::double precision) AND (unix_time <= '1685451341.438'::double precision))
   ->  Subquery Scan on "*SELECT* 1003"  (cost=97.82..97.83 rows=1 width=76)
         ->  Limit  (cost=97.82..97.82 rows=1 width=84)
               ->  Sort  (cost=97.82..97.82 rows=1 width=84)
                     Sort Key: (st_distance(st_transform(s_1002.the_geom, 25833), schw_1002.schw))
                     ->  Nested Loop  (cost=0.00..97.81 rows=1 width=84)
                           Join Filter: ((st_transform(s_1002.the_geom, 25833) && st_expand(schw_1002.schw, '300'::double precision)) AND (schw_1002.schw && st_expand(st_transform(s_1002.the_geom, 25833), '300'::double precision)) AND _st_dwithin(st_transform(s_1002.the_geom, 25833), schw_1002.schw, '300'::double precision))
                           ->  Function Scan on schw_1002  (cost=0.00..0.01 rows=1 width=32)
                           ->  Seq Scan on phoml_trajectory_tmp s_1002  (cost=0.00..95.68 rows=17 width=40)
                                 Filter: ((unix_time >= '1685451281.868'::double precision) AND (unix_time <= '1685451341.868'::double precision))
   ->  Subquery Scan on "*SELECT* 1004"  (cost=97.82..97.83 rows=1 width=76)
         ->  Limit  (cost=97.82..97.82 rows=1 width=84)
               ->  Sort  (cost=97.82..97.82 rows=1 width=84)
                     Sort Key: (st_distance(st_transform(s_1003.the_geom, 25833), schw_1003.schw))
                     ->  Nested Loop  (cost=0.00..97.81 rows=1 width=84)
                           Join Filter: ((st_transform(s_1003.the_geom, 25833) && st_expand(schw_1003.schw, '300'::double precision)) AND (schw_1003.schw && st_expand(st_transform(s_1003.the_geom, 25833), '300'::double precision)) AND _st_dwithin(st_transform(s_1003.the_geom, 25833), schw_1003.schw, '300'::double precision))
                           ->  Function Scan on schw_1003  (cost=0.00..0.01 rows=1 width=32)
                           ->  Seq Scan on phoml_trajectory_tmp s_1003  (cost=0.00..95.68 rows=17 width=40)
                                 Filter: ((unix_time >= '1685451282.29'::double precision) AND (unix_time <= '1685451342.29'::double precision))
   ->  Subquery Scan on "*SELECT* 1005"  (cost=97.82..97.83 rows=1 width=76)
         ->  Limit  (cost=97.82..97.82 rows=1 width=84)
               ->  Sort  (cost=97.82..97.82 rows=1 width=84)
                     Sort Key: (st_distance(st_transform(s_1004.the_geom, 25833), schw_1004.schw))
                     ->  Nested Loop  (cost=0.00..97.81 rows=1 width=84)
                           Join Filter: ((st_transform(s_1004.the_geom, 25833) && st_expand(schw_1004.schw, '300'::double precision)) AND (schw_1004.schw && st_expand(st_transform(s_1004.the_geom, 25833), '300'::double precision)) AND _st_dwithin(st_transform(s_1004.the_geom, 25833), schw_1004.schw, '300'::double precision))
                           ->  Function Scan on schw_1004  (cost=0.00..0.01 rows=1 width=32)
                           ->  Seq Scan on phoml_trajectory_tmp s_1004  (cost=0.00..95.68 rows=17 width=40)
                                 Filter: ((unix_time >= '1685451282.73'::double precision) AND (unix_time <= '1685451342.73'::double precision))
   ->  Subquery Scan on "*SELECT* 1006"  (cost=97.82..97.83 rows=1 width=76)
         ->  Limit  (cost=97.82..97.82 rows=1 width=84)
               ->  Sort  (cost=97.82..97.82 rows=1 width=84)
                     Sort Key: (st_distance(st_transform(s_1005.the_geom, 25833), schw_1005.schw))
                     ->  Nested Loop  (cost=0.00..97.81 rows=1 width=84)
                           Join Filter: ((st_transform(s_1005.the_geom, 25833) && st_expand(schw_1005.schw, '300'::double precision)) AND (schw_1005.schw && st_expand(st_transform(s_1005.the_geom, 25833), '300'::double precision)) AND _st_dwithin(st_transform(s_1005.the_geom, 25833), schw_1005.schw, '300'::double precision))
                           ->  Function Scan on schw_1005  (cost=0.00..0.01 rows=1 width=32)
                           ->  Seq Scan on phoml_trajectory_tmp s_1005  (cost=0.00..95.68 rows=17 width=40)
                                 Filter: ((unix_time >= '1685451283.17'::double precision) AND (unix_time <= '1685451343.17'::double precision))
   ->  Subquery Scan on "*SELECT* 1007"  (cost=97.82..97.83 rows=1 width=76)
         ->  Limit  (cost=97.82..97.82 rows=1 width=84)
               ->  Sort  (cost=97.82..97.82 rows=1 width=84)
                     Sort Key: (st_distance(st_transform(s_1006.the_geom, 25833), schw_1006.schw))
                     ->  Nested Loop  (cost=0.00..97.81 rows=1 width=84)
                           Join Filter: ((st_transform(s_1006.the_geom, 25833) && st_expand(schw_1006.schw, '300'::double precision)) AND (schw_1006.schw && st_expand(st_transform(s_1006.the_geom, 25833), '300'::double precision)) AND _st_dwithin(st_transform(s_1006.the_geom, 25833), schw_1006.schw, '300'::double precision))
                           ->  Function Scan on schw_1006  (cost=0.00..0.01 rows=1 width=32)
                           ->  Seq Scan on phoml_trajectory_tmp s_1006  (cost=0.00..95.68 rows=17 width=40)
                                 Filter: ((unix_time >= '1685451283.611'::double precision) AND (unix_time <= '1685451343.611'::double precision))
   ->  Subquery Scan on "*SELECT* 1008"  (cost=97.82..97.83 rows=1 width=76)
         ->  Limit  (cost=97.82..97.82 rows=1 width=84)
               ->  Sort  (cost=97.82..97.82 rows=1 width=84)
                     Sort Key: (st_distance(st_transform(s_1007.the_geom, 25833), schw_1007.schw))
                     ->  Nested Loop  (cost=0.00..97.81 rows=1 width=84)
                           Join Filter: ((st_transform(s_1007.the_geom, 25833) && st_expand(schw_1007.schw, '300'::double precision)) AND (schw_1007.schw && st_expand(st_transform(s_1007.the_geom, 25833), '300'::double precision)) AND _st_dwithin(st_transform(s_1007.the_geom, 25833), schw_1007.schw, '300'::double precision))
                           ->  Function Scan on schw_1007  (cost=0.00..0.01 rows=1 width=32)
                           ->  Seq Scan on phoml_trajectory_tmp s_1007  (cost=0.00..95.68 rows=17 width=40)
                                 Filter: ((unix_time >= '1685451284.08'::double precision) AND (unix_time <= '1685451344.08'::double precision))
   ->  Subquery Scan on "*SELECT* 1009"  (cost=97.82..97.83 rows=1 width=76)
         ->  Limit  (cost=97.82..97.82 rows=1 width=84)
               ->  Sort  (cost=97.82..97.82 rows=1 width=84)
                     Sort Key: (st_distance(st_transform(s_1008.the_geom, 25833), schw_1008.schw))
                     ->  Nested Loop  (cost=0.00..97.81 rows=1 width=84)
                           Join Filter: ((st_transform(s_1008.the_geom, 25833) && st_expand(schw_1008.schw, '300'::double precision)) AND (schw_1008.schw && st_expand(st_transform(s_1008.the_geom, 25833), '300'::double precision)) AND _st_dwithin(st_transform(s_1008.the_geom, 25833), schw_1008.schw, '300'::double precision))
                           ->  Function Scan on schw_1008  (cost=0.00..0.01 rows=1 width=32)
                           ->  Seq Scan on phoml_trajectory_tmp s_1008  (cost=0.00..95.68 rows=17 width=40)
                                 Filter: ((unix_time >= '1685451284.554'::double precision) AND (unix_time <= '1685451344.554'::double precision))
   ->  Subquery Scan on "*SELECT* 1010"  (cost=97.82..97.83 rows=1 width=76)
         ->  Limit  (cost=97.82..97.82 rows=1 width=84)
               ->  Sort  (cost=97.82..97.82 rows=1 width=84)
                     Sort Key: (st_distance(st_transform(s_1009.the_geom, 25833), schw_1009.schw))
                     ->  Nested Loop  (cost=0.00..97.81 rows=1 width=84)
                           Join Filter: ((st_transform(s_1009.the_geom, 25833) && st_expand(schw_1009.schw, '300'::double precision)) AND (schw_1009.schw && st_expand(st_transform(s_1009.the_geom, 25833), '300'::double precision)) AND _st_dwithin(st_transform(s_1009.the_geom, 25833), schw_1009.schw, '300'::double precision))
                           ->  Function Scan on schw_1009  (cost=0.00..0.01 rows=1 width=32)
                           ->  Seq Scan on phoml_trajectory_tmp s_1009  (cost=0.00..95.68 rows=17 width=40)
                                 Filter: ((unix_time >= '1685451285.064'::double precision) AND (unix_time <= '1685451345.064'::double precision))
   ->  Subquery Scan on "*SELECT* 1011"  (cost=97.82..97.83 rows=1 width=76)
         ->  Limit  (cost=97.82..97.82 rows=1 width=84)
               ->  Sort  (cost=97.82..97.82 rows=1 width=84)
                     Sort Key: (st_distance(st_transform(s_1010.the_geom, 25833), schw_1010.schw))
                     ->  Nested Loop  (cost=0.00..97.81 rows=1 width=84)
                           Join Filter: ((st_transform(s_1010.the_geom, 25833) && st_expand(schw_1010.schw, '300'::double precision)) AND (schw_1010.schw && st_expand(st_transform(s_1010.the_geom, 25833), '300'::double precision)) AND _st_dwithin(st_transform(s_1010.the_geom, 25833), schw_1010.schw, '300'::double precision))
                           ->  Function Scan on schw_1010  (cost=0.00..0.01 rows=1 width=32)
                           ->  Seq Scan on phoml_trajectory_tmp s_1010  (cost=0.00..95.68 rows=17 width=40)
                                 Filter: ((unix_time >= '1685451285.581'::double precision) AND (unix_time <= '1685451345.581'::double precision))
   ->  Subquery Scan on "*SELECT* 1012"  (cost=97.82..97.83 rows=1 width=76)
         ->  Limit  (cost=97.82..97.82 rows=1 width=84)
               ->  Sort  (cost=97.82..97.82 rows=1 width=84)
                     Sort Key: (st_distance(st_transform(s_1011.the_geom, 25833), schw_1011.schw))
                     ->  Nested Loop  (cost=0.00..97.81 rows=1 width=84)
                           Join Filter: ((st_transform(s_1011.the_geom, 25833) && st_expand(schw_1011.schw, '300'::double precision)) AND (schw_1011.schw && st_expand(st_transform(s_1011.the_geom, 25833), '300'::double precision)) AND _st_dwithin(st_transform(s_1011.the_geom, 25833), schw_1011.schw, '300'::double precision))
                           ->  Function Scan on schw_1011  (cost=0.00..0.01 rows=1 width=32)
                           ->  Seq Scan on phoml_trajectory_tmp s_1011  (cost=0.00..95.68 rows=17 width=40)
                                 Filter: ((unix_time >= '1685451286.101'::double precision) AND (unix_time <= '1685451346.101'::double precision))
   ->  Subquery Scan on "*SELECT* 1013"  (cost=97.82..97.83 rows=1 width=76)
         ->  Limit  (cost=97.82..97.82 rows=1 width=84)
               ->  Sort  (cost=97.82..97.82 rows=1 width=84)
                     Sort Key: (st_distance(st_transform(s_1012.the_geom, 25833), schw_1012.schw))
                     ->  Nested Loop  (cost=0.00..97.81 rows=1 width=84)
                           Join Filter: ((st_transform(s_1012.the_geom, 25833) && st_expand(schw_1012.schw, '300'::double precision)) AND (schw_1012.schw && st_expand(st_transform(s_1012.the_geom, 25833), '300'::double precision)) AND _st_dwithin(st_transform(s_1012.the_geom, 25833), schw_1012.schw, '300'::double precision))
                           ->  Function Scan on schw_1012  (cost=0.00..0.01 rows=1 width=32)
                           ->  Seq Scan on phoml_trajectory_tmp s_1012  (cost=0.00..95.68 rows=17 width=40)
                                 Filter: ((unix_time >= '1685451286.636'::double precision) AND (unix_time <= '1685451346.636'::double precision))
   ->  Subquery Scan on "*SELECT* 1014"  (cost=97.82..97.83 rows=1 width=76)
         ->  Limit  (cost=97.82..97.82 rows=1 width=84)
               ->  Sort  (cost=97.82..97.82 rows=1 width=84)
                     Sort Key: (st_distance(st_transform(s_1013.the_geom, 25833), schw_1013.schw))
                     ->  Nested Loop  (cost=0.00..97.81 rows=1 width=84)
                           Join Filter: ((st_transform(s_1013.the_geom, 25833) && st_expand(schw_1013.schw, '300'::double precision)) AND (schw_1013.schw && st_expand(st_transform(s_1013.the_geom, 25833), '300'::double precision)) AND _st_dwithin(st_transform(s_1013.the_geom, 25833), schw_1013.schw, '300'::double precision))
                           ->  Function Scan on schw_1013  (cost=0.00..0.01 rows=1 width=32)
                           ->  Seq Scan on phoml_trajectory_tmp s_1013  (cost=0.00..95.68 rows=17 width=40)
                                 Filter: ((unix_time >= '1685451287.237'::double precision) AND (unix_time <= '1685451347.237'::double precision))
   ->  Subquery Scan on "*SELECT* 1015"  (cost=97.82..97.83 rows=1 width=76)
         ->  Limit  (cost=97.82..97.82 rows=1 width=84)
               ->  Sort  (cost=97.82..97.82 rows=1 width=84)
                     Sort Key: (st_distance(st_transform(s_1014.the_geom, 25833), schw_1014.schw))
                     ->  Nested Loop  (cost=0.00..97.81 rows=1 width=84)
                           Join Filter: ((st_transform(s_1014.the_geom, 25833) && st_expand(schw_1014.schw, '300'::double precision)) AND (schw_1014.schw && st_expand(st_transform(s_1014.the_geom, 25833), '300'::double precision)) AND _st_dwithin(st_transform(s_1014.the_geom, 25833), schw_1014.schw, '300'::double precision))
                           ->  Function Scan on schw_1014  (cost=0.00..0.01 rows=1 width=32)
                           ->  Seq Scan on phoml_trajectory_tmp s_1014  (cost=0.00..95.68 rows=17 width=40)
                                 Filter: ((unix_time >= '1685451287.752'::double precision) AND (unix_time <= '1685451347.752'::double precision))
   ->  Subquery Scan on "*SELECT* 1016"  (cost=97.82..97.83 rows=1 width=76)
         ->  Limit  (cost=97.82..97.82 rows=1 width=84)
               ->  Sort  (cost=97.82..97.82 rows=1 width=84)
                     Sort Key: (st_distance(st_transform(s_1015.the_geom, 25833), schw_1015.schw))
                     ->  Nested Loop  (cost=0.00..97.81 rows=1 width=84)
                           Join Filter: ((st_transform(s_1015.the_geom, 25833) && st_expand(schw_1015.schw, '300'::double precision)) AND (schw_1015.schw && st_expand(st_transform(s_1015.the_geom, 25833), '300'::double precision)) AND _st_dwithin(st_transform(s_1015.the_geom, 25833), schw_1015.schw, '300'::double precision))
                           ->  Function Scan on schw_1015  (cost=0.00..0.01 rows=1 width=32)
                           ->  Seq Scan on phoml_trajectory_tmp s_1015  (cost=0.00..95.68 rows=17 width=40)
                                 Filter: ((unix_time >= '1685451288.329'::double precision) AND (unix_time <= '1685451348.329'::double precision))
   ->  Subquery Scan on "*SELECT* 1017"  (cost=97.82..97.83 rows=1 width=76)
         ->  Limit  (cost=97.82..97.82 rows=1 width=84)
               ->  Sort  (cost=97.82..97.82 rows=1 width=84)
                     Sort Key: (st_distance(st_transform(s_1016.the_geom, 25833), schw_1016.schw))
                     ->  Nested Loop  (cost=0.00..97.81 rows=1 width=84)
                           Join Filter: ((st_transform(s_1016.the_geom, 25833) && st_expand(schw_1016.schw, '300'::double precision)) AND (schw_1016.schw && st_expand(st_transform(s_1016.the_geom, 25833), '300'::double precision)) AND _st_dwithin(st_transform(s_1016.the_geom, 25833), schw_1016.schw, '300'::double precision))
                           ->  Function Scan on schw_1016  (cost=0.00..0.01 rows=1 width=32)
                           ->  Seq Scan on phoml_trajectory_tmp s_1016  (cost=0.00..95.68 rows=17 width=40)
                                 Filter: ((unix_time >= '1685451288.918'::double precision) AND (unix_time <= '1685451348.918'::double precision))
   ->  Subquery Scan on "*SELECT* 1018"  (cost=97.82..97.83 rows=1 width=76)
         ->  Limit  (cost=97.82..97.82 rows=1 width=84)
               ->  Sort  (cost=97.82..97.82 rows=1 width=84)
                     Sort Key: (st_distance(st_transform(s_1017.the_geom, 25833), schw_1017.schw))
                     ->  Nested Loop  (cost=0.00..97.81 rows=1 width=84)
                           Join Filter: ((st_transform(s_1017.the_geom, 25833) && st_expand(schw_1017.schw, '300'::double precision)) AND (schw_1017.schw && st_expand(st_transform(s_1017.the_geom, 25833), '300'::double precision)) AND _st_dwithin(st_transform(s_1017.the_geom, 25833), schw_1017.schw, '300'::double precision))
                           ->  Function Scan on schw_1017  (cost=0.00..0.01 rows=1 width=32)
                           ->  Seq Scan on phoml_trajectory_tmp s_1017  (cost=0.00..95.68 rows=17 width=40)
                                 Filter: ((unix_time >= '1685451289.526'::double precision) AND (unix_time <= '1685451349.526'::double precision))
   ->  Subquery Scan on "*SELECT* 1019"  (cost=97.82..97.83 rows=1 width=76)
         ->  Limit  (cost=97.82..97.82 rows=1 width=84)
               ->  Sort  (cost=97.82..97.82 rows=1 width=84)
                     Sort Key: (st_distance(st_transform(s_1018.the_geom, 25833), schw_1018.schw))
                     ->  Nested Loop  (cost=0.00..97.81 rows=1 width=84)
                           Join Filter: ((st_transform(s_1018.the_geom, 25833) && st_expand(schw_1018.schw, '300'::double precision)) AND (schw_1018.schw && st_expand(st_transform(s_1018.the_geom, 25833), '300'::double precision)) AND _st_dwithin(st_transform(s_1018.the_geom, 25833), schw_1018.schw, '300'::double precision))
                           ->  Function Scan on schw_1018  (cost=0.00..0.01 rows=1 width=32)
                           ->  Seq Scan on phoml_trajectory_tmp s_1018  (cost=0.00..95.68 rows=17 width=40)
                                 Filter: ((unix_time >= '1685451290.139'::double precision) AND (unix_time <= '1685451350.139'::double precision))
   ->  Subquery Scan on "*SELECT* 1020"  (cost=97.82..97.83 rows=1 width=76)
         ->  Limit  (cost=97.82..97.82 rows=1 width=84)
               ->  Sort  (cost=97.82..97.82 rows=1 width=84)
                     Sort Key: (st_distance(st_transform(s_1019.the_geom, 25833), schw_1019.schw))
                     ->  Nested Loop  (cost=0.00..97.81 rows=1 width=84)
                           Join Filter: ((st_transform(s_1019.the_geom, 25833) && st_expand(schw_1019.schw, '300'::double precision)) AND (schw_1019.schw && st_expand(st_transform(s_1019.the_geom, 25833), '300'::double precision)) AND _st_dwithin(st_transform(s_1019.the_geom, 25833), schw_1019.schw, '300'::double precision))
                           ->  Function Scan on schw_1019  (cost=0.00..0.01 rows=1 width=32)
                           ->  Seq Scan on phoml_trajectory_tmp s_1019  (cost=0.00..95.68 rows=17 width=40)
                                 Filter: ((unix_time >= '1685451290.739'::double precision) AND (unix_time <= '1685451350.739'::double precision))
   ->  Subquery Scan on "*SELECT* 1021"  (cost=97.82..97.83 rows=1 width=76)
         ->  Limit  (cost=97.82..97.82 rows=1 width=84)
               ->  Sort  (cost=97.82..97.82 rows=1 width=84)
                     Sort Key: (st_distance(st_transform(s_1020.the_geom, 25833), schw_1020.schw))
                     ->  Nested Loop  (cost=0.00..97.81 rows=1 width=84)
                           Join Filter: ((st_transform(s_1020.the_geom, 25833) && st_expand(schw_1020.schw, '300'::double precision)) AND (schw_1020.schw && st_expand(st_transform(s_1020.the_geom, 25833), '300'::double precision)) AND _st_dwithin(st_transform(s_1020.the_geom, 25833), schw_1020.schw, '300'::double precision))
                           ->  Function Scan on schw_1020  (cost=0.00..0.01 rows=1 width=32)
                           ->  Seq Scan on phoml_trajectory_tmp s_1020  (cost=0.00..95.68 rows=17 width=40)
                                 Filter: ((unix_time >= '1685451291.371'::double precision) AND (unix_time <= '1685451351.371'::double precision))
   ->  Subquery Scan on "*SELECT* 1022"  (cost=97.82..97.83 rows=1 width=76)
         ->  Limit  (cost=97.82..97.82 rows=1 width=84)
               ->  Sort  (cost=97.82..97.82 rows=1 width=84)
                     Sort Key: (st_distance(st_transform(s_1021.the_geom, 25833), schw_1021.schw))
                     ->  Nested Loop  (cost=0.00..97.81 rows=1 width=84)
                           Join Filter: ((st_transform(s_1021.the_geom, 25833) && st_expand(schw_1021.schw, '300'::double precision)) AND (schw_1021.schw && st_expand(st_transform(s_1021.the_geom, 25833), '300'::double precision)) AND _st_dwithin(st_transform(s_1021.the_geom, 25833), schw_1021.schw, '300'::double precision))
                           ->  Function Scan on schw_1021  (cost=0.00..0.01 rows=1 width=32)
                           ->  Seq Scan on phoml_trajectory_tmp s_1021  (cost=0.00..95.68 rows=17 width=40)
                                 Filter: ((unix_time >= '1685451292.001'::double precision) AND (unix_time <= '1685451352.001'::double precision))
   ->  Subquery Scan on "*SELECT* 1023"  (cost=97.82..97.83 rows=1 width=76)
         ->  Limit  (cost=97.82..97.82 rows=1 width=84)
               ->  Sort  (cost=97.82..97.82 rows=1 width=84)
                     Sort Key: (st_distance(st_transform(s_1022.the_geom, 25833), schw_1022.schw))
                     ->  Nested Loop  (cost=0.00..97.81 rows=1 width=84)
                           Join Filter: ((st_transform(s_1022.the_geom, 25833) && st_expand(schw_1022.schw, '300'::double precision)) AND (schw_1022.schw && st_expand(st_transform(s_1022.the_geom, 25833), '300'::double precision)) AND _st_dwithin(st_transform(s_1022.the_geom, 25833), schw_1022.schw, '300'::double precision))
                           ->  Function Scan on schw_1022  (cost=0.00..0.01 rows=1 width=32)
                           ->  Seq Scan on phoml_trajectory_tmp s_1022  (cost=0.00..95.68 rows=17 width=40)
                                 Filter: ((unix_time >= '1685451292.625'::double precision) AND (unix_time <= '1685451352.625'::double precision))
   ->  Subquery Scan on "*SELECT* 1024"  (cost=97.82..97.83 rows=1 width=76)
         ->  Limit  (cost=97.82..97.82 rows=1 width=84)
               ->  Sort  (cost=97.82..97.82 rows=1 width=84)
                     Sort Key: (st_distance(st_transform(s_1023.the_geom, 25833), schw_1023.schw))
                     ->  Nested Loop  (cost=0.00..97.81 rows=1 width=84)
                           Join Filter: ((st_transform(s_1023.the_geom, 25833) && st_expand(schw_1023.schw, '300'::double precision)) AND (schw_1023.schw && st_expand(st_transform(s_1023.the_geom, 25833), '300'::double precision)) AND _st_dwithin(st_transform(s_1023.the_geom, 25833), schw_1023.schw, '300'::double precision))
                           ->  Function Scan on schw_1023  (cost=0.00..0.01 rows=1 width=32)
                           ->  Seq Scan on phoml_trajectory_tmp s_1023  (cost=0.00..95.68 rows=17 width=40)
                                 Filter: ((unix_time >= '1685451293.254'::double precision) AND (unix_time <= '1685451353.254'::double precision))
   ->  Subquery Scan on "*SELECT* 1025"  (cost=97.82..97.83 rows=1 width=76)
         ->  Limit  (cost=97.82..97.82 rows=1 width=84)
               ->  Sort  (cost=97.82..97.82 rows=1 width=84)
                     Sort Key: (st_distance(st_transform(s_1024.the_geom, 25833), schw_1024.schw))
                     ->  Nested Loop  (cost=0.00..97.81 rows=1 width=84)
                           Join Filter: ((st_transform(s_1024.the_geom, 25833) && st_expand(schw_1024.schw, '300'::double precision)) AND (schw_1024.schw && st_expand(st_transform(s_1024.the_geom, 25833), '300'::double precision)) AND _st_dwithin(st_transform(s_1024.the_geom, 25833), schw_1024.schw, '300'::double precision))
                           ->  Function Scan on schw_1024  (cost=0.00..0.01 rows=1 width=32)
                           ->  Seq Scan on phoml_trajectory_tmp s_1024  (cost=0.00..95.68 rows=17 width=40)
                                 Filter: ((unix_time >= '1685451293.874'::double precision) AND (unix_time <= '1685451353.874'::double precision))
   ->  Subquery Scan on "*SELECT* 1026"  (cost=97.82..97.83 rows=1 width=76)
         ->  Limit  (cost=97.82..97.82 rows=1 width=84)
               ->  Sort  (cost=97.82..97.82 rows=1 width=84)
                     Sort Key: (st_distance(st_transform(s_1025.the_geom, 25833), schw_1025.schw))
                     ->  Nested Loop  (cost=0.00..97.81 rows=1 width=84)
                           Join Filter: ((st_transform(s_1025.the_geom, 25833) && st_expand(schw_1025.schw, '300'::double precision)) AND (schw_1025.schw && st_expand(st_transform(s_1025.the_geom, 25833), '300'::double precision)) AND _st_dwithin(st_transform(s_1025.the_geom, 25833), schw_1025.schw, '300'::double precision))
                           ->  Function Scan on schw_1025  (cost=0.00..0.01 rows=1 width=32)
                           ->  Seq Scan on phoml_trajectory_tmp s_1025  (cost=0.00..95.68 rows=17 width=40)
                                 Filter: ((unix_time >= '1685451294.491'::double precision) AND (unix_time <= '1685451354.491'::double precision))
   ->  Subquery Scan on "*SELECT* 1027"  (cost=97.82..97.83 rows=1 width=76)
         ->  Limit  (cost=97.82..97.82 rows=1 width=84)
               ->  Sort  (cost=97.82..97.82 rows=1 width=84)
                     Sort Key: (st_distance(st_transform(s_1026.the_geom, 25833), schw_1026.schw))
                     ->  Nested Loop  (cost=0.00..97.81 rows=1 width=84)
                           Join Filter: ((st_transform(s_1026.the_geom, 25833) && st_expand(schw_1026.schw, '300'::double precision)) AND (schw_1026.schw && st_expand(st_transform(s_1026.the_geom, 25833), '300'::double precision)) AND _st_dwithin(st_transform(s_1026.the_geom, 25833), schw_1026.schw, '300'::double precision))
                           ->  Function Scan on schw_1026  (cost=0.00..0.01 rows=1 width=32)
                           ->  Seq Scan on phoml_trajectory_tmp s_1026  (cost=0.00..95.68 rows=17 width=40)
                                 Filter: ((unix_time >= '1685451295.148'::double precision) AND (unix_time <= '1685451355.148'::double precision))
   ->  Subquery Scan on "*SELECT* 1028"  (cost=97.82..97.83 rows=1 width=76)
         ->  Limit  (cost=97.82..97.82 rows=1 width=84)
               ->  Sort  (cost=97.82..97.82 rows=1 width=84)
                     Sort Key: (st_distance(st_transform(s_1027.the_geom, 25833), schw_1027.schw))
                     ->  Nested Loop  (cost=0.00..97.81 rows=1 width=84)
                           Join Filter: ((st_transform(s_1027.the_geom, 25833) && st_expand(schw_1027.schw, '300'::double precision)) AND (schw_1027.schw && st_expand(st_transform(s_1027.the_geom, 25833), '300'::double precision)) AND _st_dwithin(st_transform(s_1027.the_geom, 25833), schw_1027.schw, '300'::double precision))
                           ->  Function Scan on schw_1027  (cost=0.00..0.01 rows=1 width=32)
                           ->  Seq Scan on phoml_trajectory_tmp s_1027  (cost=0.00..95.68 rows=17 width=40)
                                 Filter: ((unix_time >= '1685451295.828'::double precision) AND (unix_time <= '1685451355.828'::double precision))
   ->  Subquery Scan on "*SELECT* 1029"  (cost=97.82..97.83 rows=1 width=76)
         ->  Limit  (cost=97.82..97.82 rows=1 width=84)
               ->  Sort  (cost=97.82..97.82 rows=1 width=84)
                     Sort Key: (st_distance(st_transform(s_1028.the_geom, 25833), schw_1028.schw))
                     ->  Nested Loop  (cost=0.00..97.81 rows=1 width=84)
                           Join Filter: ((st_transform(s_1028.the_geom, 25833) && st_expand(schw_1028.schw, '300'::double precision)) AND (schw_1028.schw && st_expand(st_transform(s_1028.the_geom, 25833), '300'::double precision)) AND _st_dwithin(st_transform(s_1028.the_geom, 25833), schw_1028.schw, '300'::double precision))
                           ->  Function Scan on schw_1028  (cost=0.00..0.01 rows=1 width=32)
                           ->  Seq Scan on phoml_trajectory_tmp s_1028  (cost=0.00..95.68 rows=17 width=40)
                                 Filter: ((unix_time >= '1685451296.533'::double precision) AND (unix_time <= '1685451356.533'::double precision))
   ->  Subquery Scan on "*SELECT* 1030"  (cost=97.82..97.83 rows=1 width=76)
         ->  Limit  (cost=97.82..97.82 rows=1 width=84)
               ->  Sort  (cost=97.82..97.82 rows=1 width=84)
                     Sort Key: (st_distance(st_transform(s_1029.the_geom, 25833), schw_1029.schw))
                     ->  Nested Loop  (cost=0.00..97.81 rows=1 width=84)
                           Join Filter: ((st_transform(s_1029.the_geom, 25833) && st_expand(schw_1029.schw, '300'::double precision)) AND (schw_1029.schw && st_expand(st_transform(s_1029.the_geom, 25833), '300'::double precision)) AND _st_dwithin(st_transform(s_1029.the_geom, 25833), schw_1029.schw, '300'::double precision))
                           ->  Function Scan on schw_1029  (cost=0.00..0.01 rows=1 width=32)
                           ->  Seq Scan on phoml_trajectory_tmp s_1029  (cost=0.00..95.68 rows=17 width=40)
                                 Filter: ((unix_time >= '1685451297.289'::double precision) AND (unix_time <= '1685451357.289'::double precision))
   ->  Subquery Scan on "*SELECT* 1031"  (cost=97.82..97.83 rows=1 width=76)
         ->  Limit  (cost=97.82..97.82 rows=1 width=84)
               ->  Sort  (cost=97.82..97.82 rows=1 width=84)
                     Sort Key: (st_distance(st_transform(s_1030.the_geom, 25833), schw_1030.schw))
                     ->  Nested Loop  (cost=0.00..97.81 rows=1 width=84)
                           Join Filter: ((st_transform(s_1030.the_geom, 25833) && st_expand(schw_1030.schw, '300'::double precision)) AND (schw_1030.schw && st_expand(st_transform(s_1030.the_geom, 25833), '300'::double precision)) AND _st_dwithin(st_transform(s_1030.the_geom, 25833), schw_1030.schw, '300'::double precision))
                           ->  Function Scan on schw_1030  (cost=0.00..0.01 rows=1 width=32)
                           ->  Seq Scan on phoml_trajectory_tmp s_1030  (cost=0.00..95.68 rows=17 width=40)
                                 Filter: ((unix_time >= '1685451298.049'::double precision) AND (unix_time <= '1685451358.049'::double precision))
   ->  Subquery Scan on "*SELECT* 1032"  (cost=97.82..97.83 rows=1 width=76)
         ->  Limit  (cost=97.82..97.82 rows=1 width=84)
               ->  Sort  (cost=97.82..97.82 rows=1 width=84)
                     Sort Key: (st_distance(st_transform(s_1031.the_geom, 25833), schw_1031.schw))
                     ->  Nested Loop  (cost=0.00..97.81 rows=1 width=84)
                           Join Filter: ((st_transform(s_1031.the_geom, 25833) && st_expand(schw_1031.schw, '300'::double precision)) AND (schw_1031.schw && st_expand(st_transform(s_1031.the_geom, 25833), '300'::double precision)) AND _st_dwithin(st_transform(s_1031.the_geom, 25833), schw_1031.schw, '300'::double precision))
                           ->  Function Scan on schw_1031  (cost=0.00..0.01 rows=1 width=32)
                           ->  Seq Scan on phoml_trajectory_tmp s_1031  (cost=0.00..95.68 rows=17 width=40)
                                 Filter: ((unix_time >= '1685451298.828'::double precision) AND (unix_time <= '1685451358.828'::double precision))
   ->  Subquery Scan on "*SELECT* 1033"  (cost=97.82..97.83 rows=1 width=76)
         ->  Limit  (cost=97.82..97.82 rows=1 width=84)
               ->  Sort  (cost=97.82..97.82 rows=1 width=84)
                     Sort Key: (st_distance(st_transform(s_1032.the_geom, 25833), schw_1032.schw))
                     ->  Nested Loop  (cost=0.00..97.81 rows=1 width=84)
                           Join Filter: ((st_transform(s_1032.the_geom, 25833) && st_expand(schw_1032.schw, '300'::double precision)) AND (schw_1032.schw && st_expand(st_transform(s_1032.the_geom, 25833), '300'::double precision)) AND _st_dwithin(st_transform(s_1032.the_geom, 25833), schw_1032.schw, '300'::double precision))
                           ->  Function Scan on schw_1032  (cost=0.00..0.01 rows=1 width=32)
                           ->  Seq Scan on phoml_trajectory_tmp s_1032  (cost=0.00..95.68 rows=17 width=40)
                                 Filter: ((unix_time >= '1685451299.599'::double precision) AND (unix_time <= '1685451359.599'::double precision))
   ->  Subquery Scan on "*SELECT* 1034"  (cost=97.82..97.83 rows=1 width=76)
         ->  Limit  (cost=97.82..97.82 rows=1 width=84)
               ->  Sort  (cost=97.82..97.82 rows=1 width=84)
                     Sort Key: (st_distance(st_transform(s_1033.the_geom, 25833), schw_1033.schw))
                     ->  Nested Loop  (cost=0.00..97.81 rows=1 width=84)
                           Join Filter: ((st_transform(s_1033.the_geom, 25833) && st_expand(schw_1033.schw, '300'::double precision)) AND (schw_1033.schw && st_expand(st_transform(s_1033.the_geom, 25833), '300'::double precision)) AND _st_dwithin(st_transform(s_1033.the_geom, 25833), schw_1033.schw, '300'::double precision))
                           ->  Function Scan on schw_1033  (cost=0.00..0.01 rows=1 width=32)
                           ->  Seq Scan on phoml_trajectory_tmp s_1033  (cost=0.00..95.68 rows=17 width=40)
                                 Filter: ((unix_time >= '1685451300.347'::double precision) AND (unix_time <= '1685451360.347'::double precision))
   ->  Subquery Scan on "*SELECT* 1035"  (cost=97.82..97.83 rows=1 width=76)
         ->  Limit  (cost=97.82..97.82 rows=1 width=84)
               ->  Sort  (cost=97.82..97.82 rows=1 width=84)
                     Sort Key: (st_distance(st_transform(s_1034.the_geom, 25833), schw_1034.schw))
                     ->  Nested Loop  (cost=0.00..97.81 rows=1 width=84)
                           Join Filter: ((st_transform(s_1034.the_geom, 25833) && st_expand(schw_1034.schw, '300'::double precision)) AND (schw_1034.schw && st_expand(st_transform(s_1034.the_geom, 25833), '300'::double precision)) AND _st_dwithin(st_transform(s_1034.the_geom, 25833), schw_1034.schw, '300'::double precision))
                           ->  Function Scan on schw_1034  (cost=0.00..0.01 rows=1 width=32)
                           ->  Seq Scan on phoml_trajectory_tmp s_1034  (cost=0.00..95.68 rows=17 width=40)
                                 Filter: ((unix_time >= '1685451301.057'::double precision) AND (unix_time <= '1685451361.057'::double precision))
   ->  Subquery Scan on "*SELECT* 1036"  (cost=97.82..97.83 rows=1 width=76)
         ->  Limit  (cost=97.82..97.82 rows=1 width=84)
               ->  Sort  (cost=97.82..97.82 rows=1 width=84)
                     Sort Key: (st_distance(st_transform(s_1035.the_geom, 25833), schw_1035.schw))
                     ->  Nested Loop  (cost=0.00..97.81 rows=1 width=84)
                           Join Filter: ((st_transform(s_1035.the_geom, 25833) && st_expand(schw_1035.schw, '300'::double precision)) AND (schw_1035.schw && st_expand(st_transform(s_1035.the_geom, 25833), '300'::double precision)) AND _st_dwithin(st_transform(s_1035.the_geom, 25833), schw_1035.schw, '300'::double precision))
                           ->  Function Scan on schw_1035  (cost=0.00..0.01 rows=1 width=32)
                           ->  Seq Scan on phoml_trajectory_tmp s_1035  (cost=0.00..95.68 rows=17 width=40)
                                 Filter: ((unix_time >= '1685451301.755'::double precision) AND (unix_time <= '1685451361.755'::double precision))
   ->  Subquery Scan on "*SELECT* 1037"  (cost=97.82..97.83 rows=1 width=76)
         ->  Limit  (cost=97.82..97.82 rows=1 width=84)
               ->  Sort  (cost=97.82..97.82 rows=1 width=84)
                     Sort Key: (st_distance(st_transform(s_1036.the_geom, 25833), schw_1036.schw))
                     ->  Nested Loop  (cost=0.00..97.81 rows=1 width=84)
                           Join Filter: ((st_transform(s_1036.the_geom, 25833) && st_expand(schw_1036.schw, '300'::double precision)) AND (schw_1036.schw && st_expand(st_transform(s_1036.the_geom, 25833), '300'::double precision)) AND _st_dwithin(st_transform(s_1036.the_geom, 25833), schw_1036.schw, '300'::double precision))
                           ->  Function Scan on schw_1036  (cost=0.00..0.01 rows=1 width=32)
                           ->  Seq Scan on phoml_trajectory_tmp s_1036  (cost=0.00..95.68 rows=17 width=40)
                                 Filter: ((unix_time >= '1685451302.416'::double precision) AND (unix_time <= '1685451362.416'::double precision))
   ->  Subquery Scan on "*SELECT* 1038"  (cost=97.82..97.83 rows=1 width=76)
         ->  Limit  (cost=97.82..97.82 rows=1 width=84)
               ->  Sort  (cost=97.82..97.82 rows=1 width=84)
                     Sort Key: (st_distance(st_transform(s_1037.the_geom, 25833), schw_1037.schw))
                     ->  Nested Loop  (cost=0.00..97.81 rows=1 width=84)
                           Join Filter: ((st_transform(s_1037.the_geom, 25833) && st_expand(schw_1037.schw, '300'::double precision)) AND (schw_1037.schw && st_expand(st_transform(s_1037.the_geom, 25833), '300'::double precision)) AND _st_dwithin(st_transform(s_1037.the_geom, 25833), schw_1037.schw, '300'::double precision))
                           ->  Function Scan on schw_1037  (cost=0.00..0.01 rows=1 width=32)
                           ->  Seq Scan on phoml_trajectory_tmp s_1037  (cost=0.00..95.68 rows=17 width=40)
                                 Filter: ((unix_time >= '1685451303.046'::double precision) AND (unix_time <= '1685451363.046'::double precision))
   ->  Subquery Scan on "*SELECT* 1039"  (cost=97.82..97.83 rows=1 width=76)
         ->  Limit  (cost=97.82..97.82 rows=1 width=84)
               ->  Sort  (cost=97.82..97.82 rows=1 width=84)
                     Sort Key: (st_distance(st_transform(s_1038.the_geom, 25833), schw_1038.schw))
                     ->  Nested Loop  (cost=0.00..97.81 rows=1 width=84)
                           Join Filter: ((st_transform(s_1038.the_geom, 25833) && st_expand(schw_1038.schw, '300'::double precision)) AND (schw_1038.schw && st_expand(st_transform(s_1038.the_geom, 25833), '300'::double precision)) AND _st_dwithin(st_transform(s_1038.the_geom, 25833), schw_1038.schw, '300'::double precision))
                           ->  Function Scan on schw_1038  (cost=0.00..0.01 rows=1 width=32)
                           ->  Seq Scan on phoml_trajectory_tmp s_1038  (cost=0.00..95.68 rows=17 width=40)
                                 Filter: ((unix_time >= '1685451303.667'::double precision) AND (unix_time <= '1685451363.667'::double precision))
   ->  Subquery Scan on "*SELECT* 1040"  (cost=97.82..97.83 rows=1 width=76)
         ->  Limit  (cost=97.82..97.82 rows=1 width=84)
               ->  Sort  (cost=97.82..97.82 rows=1 width=84)
                     Sort Key: (st_distance(st_transform(s_1039.the_geom, 25833), schw_1039.schw))
                     ->  Nested Loop  (cost=0.00..97.81 rows=1 width=84)
                           Join Filter: ((st_transform(s_1039.the_geom, 25833) && st_expand(schw_1039.schw, '300'::double precision)) AND (schw_1039.schw && st_expand(st_transform(s_1039.the_geom, 25833), '300'::double precision)) AND _st_dwithin(st_transform(s_1039.the_geom, 25833), schw_1039.schw, '300'::double precision))
                           ->  Function Scan on schw_1039  (cost=0.00..0.01 rows=1 width=32)
                           ->  Seq Scan on phoml_trajectory_tmp s_1039  (cost=0.00..95.68 rows=17 width=40)
                                 Filter: ((unix_time >= '1685451304.269'::double precision) AND (unix_time <= '1685451364.269'::double precision))
   ->  Subquery Scan on "*SELECT* 1041"  (cost=97.82..97.83 rows=1 width=76)
         ->  Limit  (cost=97.82..97.82 rows=1 width=84)
               ->  Sort  (cost=97.82..97.82 rows=1 width=84)
                     Sort Key: (st_distance(st_transform(s_1040.the_geom, 25833), schw_1040.schw))
                     ->  Nested Loop  (cost=0.00..97.81 rows=1 width=84)
                           Join Filter: ((st_transform(s_1040.the_geom, 25833) && st_expand(schw_1040.schw, '300'::double precision)) AND (schw_1040.schw && st_expand(st_transform(s_1040.the_geom, 25833), '300'::double precision)) AND _st_dwithin(st_transform(s_1040.the_geom, 25833), schw_1040.schw, '300'::double precision))
                           ->  Function Scan on schw_1040  (cost=0.00..0.01 rows=1 width=32)
                           ->  Seq Scan on phoml_trajectory_tmp s_1040  (cost=0.00..95.68 rows=17 width=40)
                                 Filter: ((unix_time >= '1685451304.839'::double precision) AND (unix_time <= '1685451364.839'::double precision))
   ->  Subquery Scan on "*SELECT* 1042"  (cost=97.82..97.83 rows=1 width=76)
         ->  Limit  (cost=97.82..97.82 rows=1 width=84)
               ->  Sort  (cost=97.82..97.82 rows=1 width=84)
                     Sort Key: (st_distance(st_transform(s_1041.the_geom, 25833), schw_1041.schw))
                     ->  Nested Loop  (cost=0.00..97.81 rows=1 width=84)
                           Join Filter: ((st_transform(s_1041.the_geom, 25833) && st_expand(schw_1041.schw, '300'::double precision)) AND (schw_1041.schw && st_expand(st_transform(s_1041.the_geom, 25833), '300'::double precision)) AND _st_dwithin(st_transform(s_1041.the_geom, 25833), schw_1041.schw, '300'::double precision))
                           ->  Function Scan on schw_1041  (cost=0.00..0.01 rows=1 width=32)
                           ->  Seq Scan on phoml_trajectory_tmp s_1041  (cost=0.00..95.68 rows=17 width=40)
                                 Filter: ((unix_time >= '1685451305.408'::double precision) AND (unix_time <= '1685451365.408'::double precision))
   ->  Subquery Scan on "*SELECT* 1043"  (cost=97.82..97.83 rows=1 width=76)
         ->  Limit  (cost=97.82..97.82 rows=1 width=84)
               ->  Sort  (cost=97.82..97.82 rows=1 width=84)
                     Sort Key: (st_distance(st_transform(s_1042.the_geom, 25833), schw_1042.schw))
                     ->  Nested Loop  (cost=0.00..97.81 rows=1 width=84)
                           Join Filter: ((st_transform(s_1042.the_geom, 25833) && st_expand(schw_1042.schw, '300'::double precision)) AND (schw_1042.schw && st_expand(st_transform(s_1042.the_geom, 25833), '300'::double precision)) AND _st_dwithin(st_transform(s_1042.the_geom, 25833), schw_1042.schw, '300'::double precision))
                           ->  Function Scan on schw_1042  (cost=0.00..0.01 rows=1 width=32)
                           ->  Seq Scan on phoml_trajectory_tmp s_1042  (cost=0.00..95.68 rows=17 width=40)
                                 Filter: ((unix_time >= '1685451305.948'::double precision) AND (unix_time <= '1685451365.948'::double precision))
   ->  Subquery Scan on "*SELECT* 1044"  (cost=97.82..97.83 rows=1 width=76)
         ->  Limit  (cost=97.82..97.82 rows=1 width=84)
               ->  Sort  (cost=97.82..97.82 rows=1 width=84)
                     Sort Key: (st_distance(st_transform(s_1043.the_geom, 25833), schw_1043.schw))
                     ->  Nested Loop  (cost=0.00..97.81 rows=1 width=84)
                           Join Filter: ((st_transform(s_1043.the_geom, 25833) && st_expand(schw_1043.schw, '300'::double precision)) AND (schw_1043.schw && st_expand(st_transform(s_1043.the_geom, 25833), '300'::double precision)) AND _st_dwithin(st_transform(s_1043.the_geom, 25833), schw_1043.schw, '300'::double precision))
                           ->  Function Scan on schw_1043  (cost=0.00..0.01 rows=1 width=32)
                           ->  Seq Scan on phoml_trajectory_tmp s_1043  (cost=0.00..95.68 rows=17 width=40)
                                 Filter: ((unix_time >= '1685451306.489'::double precision) AND (unix_time <= '1685451366.489'::double precision))
   ->  Subquery Scan on "*SELECT* 1045"  (cost=97.82..97.83 rows=1 width=76)
         ->  Limit  (cost=97.82..97.82 rows=1 width=84)
               ->  Sort  (cost=97.82..97.82 rows=1 width=84)
                     Sort Key: (st_distance(st_transform(s_1044.the_geom, 25833), schw_1044.schw))
                     ->  Nested Loop  (cost=0.00..97.81 rows=1 width=84)
                           Join Filter: ((st_transform(s_1044.the_geom, 25833) && st_expand(schw_1044.schw, '300'::double precision)) AND (schw_1044.schw && st_expand(st_transform(s_1044.the_geom, 25833), '300'::double precision)) AND _st_dwithin(st_transform(s_1044.the_geom, 25833), schw_1044.schw, '300'::double precision))
                           ->  Function Scan on schw_1044  (cost=0.00..0.01 rows=1 width=32)
                           ->  Seq Scan on phoml_trajectory_tmp s_1044  (cost=0.00..95.68 rows=17 width=40)
                                 Filter: ((unix_time >= '1685451307.019'::double precision) AND (unix_time <= '1685451367.019'::double precision))
   ->  Subquery Scan on "*SELECT* 1046"  (cost=97.82..97.83 rows=1 width=76)
         ->  Limit  (cost=97.82..97.82 rows=1 width=84)
               ->  Sort  (cost=97.82..97.82 rows=1 width=84)
                     Sort Key: (st_distance(st_transform(s_1045.the_geom, 25833), schw_1045.schw))
                     ->  Nested Loop  (cost=0.00..97.81 rows=1 width=84)
                           Join Filter: ((st_transform(s_1045.the_geom, 25833) && st_expand(schw_1045.schw, '300'::double precision)) AND (schw_1045.schw && st_expand(st_transform(s_1045.the_geom, 25833), '300'::double precision)) AND _st_dwithin(st_transform(s_1045.the_geom, 25833), schw_1045.schw, '300'::double precision))
                           ->  Function Scan on schw_1045  (cost=0.00..0.01 rows=1 width=32)
                           ->  Seq Scan on phoml_trajectory_tmp s_1045  (cost=0.00..95.68 rows=17 width=40)
                                 Filter: ((unix_time >= '1685451307.522'::double precision) AND (unix_time <= '1685451367.522'::double precision))
   ->  Subquery Scan on "*SELECT* 1047"  (cost=97.82..97.83 rows=1 width=76)
         ->  Limit  (cost=97.82..97.82 rows=1 width=84)
               ->  Sort  (cost=97.82..97.82 rows=1 width=84)
                     Sort Key: (st_distance(st_transform(s_1046.the_geom, 25833), schw_1046.schw))
                     ->  Nested Loop  (cost=0.00..97.81 rows=1 width=84)
                           Join Filter: ((st_transform(s_1046.the_geom, 25833) && st_expand(schw_1046.schw, '300'::double precision)) AND (schw_1046.schw && st_expand(st_transform(s_1046.the_geom, 25833), '300'::double precision)) AND _st_dwithin(st_transform(s_1046.the_geom, 25833), schw_1046.schw, '300'::double precision))
                           ->  Function Scan on schw_1046  (cost=0.00..0.01 rows=1 width=32)
                           ->  Seq Scan on phoml_trajectory_tmp s_1046  (cost=0.00..95.68 rows=17 width=40)
                                 Filter: ((unix_time >= '1685451308.062'::double precision) AND (unix_time <= '1685451368.062'::double precision))
   ->  Subquery Scan on "*SELECT* 1048"  (cost=97.82..97.83 rows=1 width=76)
         ->  Limit  (cost=97.82..97.82 rows=1 width=84)
               ->  Sort  (cost=97.82..97.82 rows=1 width=84)
                     Sort Key: (st_distance(st_transform(s_1047.the_geom, 25833), schw_1047.schw))
                     ->  Nested Loop  (cost=0.00..97.81 rows=1 width=84)
                           Join Filter: ((st_transform(s_1047.the_geom, 25833) && st_expand(schw_1047.schw, '300'::double precision)) AND (schw_1047.schw && st_expand(st_transform(s_1047.the_geom, 25833), '300'::double precision)) AND _st_dwithin(st_transform(s_1047.the_geom, 25833), schw_1047.schw, '300'::double precision))
                           ->  Function Scan on schw_1047  (cost=0.00..0.01 rows=1 width=32)
                           ->  Seq Scan on phoml_trajectory_tmp s_1047  (cost=0.00..95.68 rows=17 width=40)
                                 Filter: ((unix_time >= '1685451308.595'::double precision) AND (unix_time <= '1685451368.595'::double precision))
   ->  Subquery Scan on "*SELECT* 1049"  (cost=97.82..97.83 rows=1 width=76)
         ->  Limit  (cost=97.82..97.82 rows=1 width=84)
               ->  Sort  (cost=97.82..97.82 rows=1 width=84)
                     Sort Key: (st_distance(st_transform(s_1048.the_geom, 25833), schw_1048.schw))
                     ->  Nested Loop  (cost=0.00..97.81 rows=1 width=84)
                           Join Filter: ((st_transform(s_1048.the_geom, 25833) && st_expand(schw_1048.schw, '300'::double precision)) AND (schw_1048.schw && st_expand(st_transform(s_1048.the_geom, 25833), '300'::double precision)) AND _st_dwithin(st_transform(s_1048.the_geom, 25833), schw_1048.schw, '300'::double precision))
                           ->  Function Scan on schw_1048  (cost=0.00..0.01 rows=1 width=32)
                           ->  Seq Scan on phoml_trajectory_tmp s_1048  (cost=0.00..95.68 rows=17 width=40)
                                 Filter: ((unix_time >= '1685451309.137'::double precision) AND (unix_time <= '1685451369.137'::double precision))
   ->  Subquery Scan on "*SELECT* 1050"  (cost=97.82..97.83 rows=1 width=76)
         ->  Limit  (cost=97.82..97.82 rows=1 width=84)
               ->  Sort  (cost=97.82..97.82 rows=1 width=84)
                     Sort Key: (st_distance(st_transform(s_1049.the_geom, 25833), schw_1049.schw))
                     ->  Nested Loop  (cost=0.00..97.81 rows=1 width=84)
                           Join Filter: ((st_transform(s_1049.the_geom, 25833) && st_expand(schw_1049.schw, '300'::double precision)) AND (schw_1049.schw && st_expand(st_transform(s_1049.the_geom, 25833), '300'::double precision)) AND _st_dwithin(st_transform(s_1049.the_geom, 25833), schw_1049.schw, '300'::double precision))
                           ->  Function Scan on schw_1049  (cost=0.00..0.01 rows=1 width=32)
                           ->  Seq Scan on phoml_trajectory_tmp s_1049  (cost=0.00..95.68 rows=17 width=40)
                                 Filter: ((unix_time >= '1685451309.667'::double precision) AND (unix_time <= '1685451369.667'::double precision))
   ->  Subquery Scan on "*SELECT* 1051"  (cost=97.82..97.83 rows=1 width=76)
         ->  Limit  (cost=97.82..97.82 rows=1 width=84)
               ->  Sort  (cost=97.82..97.82 rows=1 width=84)
                     Sort Key: (st_distance(st_transform(s_1050.the_geom, 25833), schw_1050.schw))
                     ->  Nested Loop  (cost=0.00..97.81 rows=1 width=84)
                           Join Filter: ((st_transform(s_1050.the_geom, 25833) && st_expand(schw_1050.schw, '300'::double precision)) AND (schw_1050.schw && st_expand(st_transform(s_1050.the_geom, 25833), '300'::double precision)) AND _st_dwithin(st_transform(s_1050.the_geom, 25833), schw_1050.schw, '300'::double precision))
                           ->  Function Scan on schw_1050  (cost=0.00..0.01 rows=1 width=32)
                           ->  Seq Scan on phoml_trajectory_tmp s_1050  (cost=0.00..95.68 rows=17 width=40)
                                 Filter: ((unix_time >= '1685451310.209'::double precision) AND (unix_time <= '1685451370.209'::double precision))
   ->  Subquery Scan on "*SELECT* 1052"  (cost=97.82..97.83 rows=1 width=76)
         ->  Limit  (cost=97.82..97.82 rows=1 width=84)
               ->  Sort  (cost=97.82..97.82 rows=1 width=84)
                     Sort Key: (st_distance(st_transform(s_1051.the_geom, 25833), schw_1051.schw))
                     ->  Nested Loop  (cost=0.00..97.81 rows=1 width=84)
                           Join Filter: ((st_transform(s_1051.the_geom, 25833) && st_expand(schw_1051.schw, '300'::double precision)) AND (schw_1051.schw && st_expand(st_transform(s_1051.the_geom, 25833), '300'::double precision)) AND _st_dwithin(st_transform(s_1051.the_geom, 25833), schw_1051.schw, '300'::double precision))
                           ->  Function Scan on schw_1051  (cost=0.00..0.01 rows=1 width=32)
                           ->  Seq Scan on phoml_trajectory_tmp s_1051  (cost=0.00..95.68 rows=17 width=40)
                                 Filter: ((unix_time >= '1685451310.749'::double precision) AND (unix_time <= '1685451370.749'::double precision))
   ->  Subquery Scan on "*SELECT* 1053"  (cost=97.82..97.83 rows=1 width=76)
         ->  Limit  (cost=97.82..97.82 rows=1 width=84)
               ->  Sort  (cost=97.82..97.82 rows=1 width=84)
                     Sort Key: (st_distance(st_transform(s_1052.the_geom, 25833), schw_1052.schw))
                     ->  Nested Loop  (cost=0.00..97.81 rows=1 width=84)
                           Join Filter: ((st_transform(s_1052.the_geom, 25833) && st_expand(schw_1052.schw, '300'::double precision)) AND (schw_1052.schw && st_expand(st_transform(s_1052.the_geom, 25833), '300'::double precision)) AND _st_dwithin(st_transform(s_1052.the_geom, 25833), schw_1052.schw, '300'::double precision))
                           ->  Function Scan on schw_1052  (cost=0.00..0.01 rows=1 width=32)
                           ->  Seq Scan on phoml_trajectory_tmp s_1052  (cost=0.00..95.68 rows=17 width=40)
                                 Filter: ((unix_time >= '1685451311.304'::double precision) AND (unix_time <= '1685451371.304'::double precision))
   ->  Subquery Scan on "*SELECT* 1054"  (cost=97.82..97.83 rows=1 width=76)
         ->  Limit  (cost=97.82..97.82 rows=1 width=84)
               ->  Sort  (cost=97.82..97.82 rows=1 width=84)
                     Sort Key: (st_distance(st_transform(s_1053.the_geom, 25833), schw_1053.schw))
                     ->  Nested Loop  (cost=0.00..97.81 rows=1 width=84)
                           Join Filter: ((st_transform(s_1053.the_geom, 25833) && st_expand(schw_1053.schw, '300'::double precision)) AND (schw_1053.schw && st_expand(st_transform(s_1053.the_geom, 25833), '300'::double precision)) AND _st_dwithin(st_transform(s_1053.the_geom, 25833), schw_1053.schw, '300'::double precision))
                           ->  Function Scan on schw_1053  (cost=0.00..0.01 rows=1 width=32)
                           ->  Seq Scan on phoml_trajectory_tmp s_1053  (cost=0.00..95.68 rows=17 width=40)
                                 Filter: ((unix_time >= '1685451311.854'::double precision) AND (unix_time <= '1685451371.854'::double precision))
   ->  Subquery Scan on "*SELECT* 1055"  (cost=97.82..97.83 rows=1 width=76)
         ->  Limit  (cost=97.82..97.82 rows=1 width=84)
               ->  Sort  (cost=97.82..97.82 rows=1 width=84)
                     Sort Key: (st_distance(st_transform(s_1054.the_geom, 25833), schw_1054.schw))
                     ->  Nested Loop  (cost=0.00..97.81 rows=1 width=84)
                           Join Filter: ((st_transform(s_1054.the_geom, 25833) && st_expand(schw_1054.schw, '300'::double precision)) AND (schw_1054.schw && st_expand(st_transform(s_1054.the_geom, 25833), '300'::double precision)) AND _st_dwithin(st_transform(s_1054.the_geom, 25833), schw_1054.schw, '300'::double precision))
                           ->  Function Scan on schw_1054  (cost=0.00..0.01 rows=1 width=32)
                           ->  Seq Scan on phoml_trajectory_tmp s_1054  (cost=0.00..95.68 rows=17 width=40)
                                 Filter: ((unix_time >= '1685451312.426'::double precision) AND (unix_time <= '1685451372.426'::double precision))
   ->  Subquery Scan on "*SELECT* 1056"  (cost=97.82..97.83 rows=1 width=76)
         ->  Limit  (cost=97.82..97.82 rows=1 width=84)
               ->  Sort  (cost=97.82..97.82 rows=1 width=84)
                     Sort Key: (st_distance(st_transform(s_1055.the_geom, 25833), schw_1055.schw))
                     ->  Nested Loop  (cost=0.00..97.81 rows=1 width=84)
                           Join Filter: ((st_transform(s_1055.the_geom, 25833) && st_expand(schw_1055.schw, '300'::double precision)) AND (schw_1055.schw && st_expand(st_transform(s_1055.the_geom, 25833), '300'::double precision)) AND _st_dwithin(st_transform(s_1055.the_geom, 25833), schw_1055.schw, '300'::double precision))
                           ->  Function Scan on schw_1055  (cost=0.00..0.01 rows=1 width=32)
                           ->  Seq Scan on phoml_trajectory_tmp s_1055  (cost=0.00..95.68 rows=17 width=40)
                                 Filter: ((unix_time >= '1685451312.996'::double precision) AND (unix_time <= '1685451372.996'::double precision))
   ->  Subquery Scan on "*SELECT* 1057"  (cost=97.82..97.83 rows=1 width=76)
         ->  Limit  (cost=97.82..97.82 rows=1 width=84)
               ->  Sort  (cost=97.82..97.82 rows=1 width=84)
                     Sort Key: (st_distance(st_transform(s_1056.the_geom, 25833), schw_1056.schw))
                     ->  Nested Loop  (cost=0.00..97.81 rows=1 width=84)
                           Join Filter: ((st_transform(s_1056.the_geom, 25833) && st_expand(schw_1056.schw, '300'::double precision)) AND (schw_1056.schw && st_expand(st_transform(s_1056.the_geom, 25833), '300'::double precision)) AND _st_dwithin(st_transform(s_1056.the_geom, 25833), schw_1056.schw, '300'::double precision))
                           ->  Function Scan on schw_1056  (cost=0.00..0.01 rows=1 width=32)
                           ->  Seq Scan on phoml_trajectory_tmp s_1056  (cost=0.00..95.68 rows=17 width=40)
                                 Filter: ((unix_time >= '1685451313.581'::double precision) AND (unix_time <= '1685451373.581'::double precision))
   ->  Subquery Scan on "*SELECT* 1058"  (cost=97.82..97.83 rows=1 width=76)
         ->  Limit  (cost=97.82..97.82 rows=1 width=84)
               ->  Sort  (cost=97.82..97.82 rows=1 width=84)
                     Sort Key: (st_distance(st_transform(s_1057.the_geom, 25833), schw_1057.schw))
                     ->  Nested Loop  (cost=0.00..97.81 rows=1 width=84)
                           Join Filter: ((st_transform(s_1057.the_geom, 25833) && st_expand(schw_1057.schw, '300'::double precision)) AND (schw_1057.schw && st_expand(st_transform(s_1057.the_geom, 25833), '300'::double precision)) AND _st_dwithin(st_transform(s_1057.the_geom, 25833), schw_1057.schw, '300'::double precision))
                           ->  Function Scan on schw_1057  (cost=0.00..0.01 rows=1 width=32)
                           ->  Seq Scan on phoml_trajectory_tmp s_1057  (cost=0.00..95.68 rows=17 width=40)
                                 Filter: ((unix_time >= '1685451314.184'::double precision) AND (unix_time <= '1685451374.184'::double precision))
   ->  Subquery Scan on "*SELECT* 1059"  (cost=97.82..97.83 rows=1 width=76)
         ->  Limit  (cost=97.82..97.82 rows=1 width=84)
               ->  Sort  (cost=97.82..97.82 rows=1 width=84)
                     Sort Key: (st_distance(st_transform(s_1058.the_geom, 25833), schw_1058.schw))
                     ->  Nested Loop  (cost=0.00..97.81 rows=1 width=84)
                           Join Filter: ((st_transform(s_1058.the_geom, 25833) && st_expand(schw_1058.schw, '300'::double precision)) AND (schw_1058.schw && st_expand(st_transform(s_1058.the_geom, 25833), '300'::double precision)) AND _st_dwithin(st_transform(s_1058.the_geom, 25833), schw_1058.schw, '300'::double precision))
                           ->  Function Scan on schw_1058  (cost=0.00..0.01 rows=1 width=32)
                           ->  Seq Scan on phoml_trajectory_tmp s_1058  (cost=0.00..95.68 rows=17 width=40)
                                 Filter: ((unix_time >= '1685451314.784'::double precision) AND (unix_time <= '1685451374.784'::double precision))
   ->  Subquery Scan on "*SELECT* 1060"  (cost=97.82..97.83 rows=1 width=76)
         ->  Limit  (cost=97.82..97.82 rows=1 width=84)
               ->  Sort  (cost=97.82..97.82 rows=1 width=84)
                     Sort Key: (st_distance(st_transform(s_1059.the_geom, 25833), schw_1059.schw))
                     ->  Nested Loop  (cost=0.00..97.81 rows=1 width=84)
                           Join Filter: ((st_transform(s_1059.the_geom, 25833) && st_expand(schw_1059.schw, '300'::double precision)) AND (schw_1059.schw && st_expand(st_transform(s_1059.the_geom, 25833), '300'::double precision)) AND _st_dwithin(st_transform(s_1059.the_geom, 25833), schw_1059.schw, '300'::double precision))
                           ->  Function Scan on schw_1059  (cost=0.00..0.01 rows=1 width=32)
                           ->  Seq Scan on phoml_trajectory_tmp s_1059  (cost=0.00..95.68 rows=17 width=40)
                                 Filter: ((unix_time >= '1685451315.387'::double precision) AND (unix_time <= '1685451375.387'::double precision))
   ->  Subquery Scan on "*SELECT* 1061"  (cost=97.82..97.83 rows=1 width=76)
         ->  Limit  (cost=97.82..97.82 rows=1 width=84)
               ->  Sort  (cost=97.82..97.82 rows=1 width=84)
                     Sort Key: (st_distance(st_transform(s_1060.the_geom, 25833), schw_1060.schw))
                     ->  Nested Loop  (cost=0.00..97.81 rows=1 width=84)
                           Join Filter: ((st_transform(s_1060.the_geom, 25833) && st_expand(schw_1060.schw, '300'::double precision)) AND (schw_1060.schw && st_expand(st_transform(s_1060.the_geom, 25833), '300'::double precision)) AND _st_dwithin(st_transform(s_1060.the_geom, 25833), schw_1060.schw, '300'::double precision))
                           ->  Function Scan on schw_1060  (cost=0.00..0.01 rows=1 width=32)
                           ->  Seq Scan on phoml_trajectory_tmp s_1060  (cost=0.00..95.68 rows=17 width=40)
                                 Filter: ((unix_time >= '1685451315.977'::double precision) AND (unix_time <= '1685451375.977'::double precision))
   ->  Subquery Scan on "*SELECT* 1062"  (cost=97.82..97.83 rows=1 width=76)
         ->  Limit  (cost=97.82..97.82 rows=1 width=84)
               ->  Sort  (cost=97.82..97.82 rows=1 width=84)
                     Sort Key: (st_distance(st_transform(s_1061.the_geom, 25833), schw_1061.schw))
                     ->  Nested Loop  (cost=0.00..97.81 rows=1 width=84)
                           Join Filter: ((st_transform(s_1061.the_geom, 25833) && st_expand(schw_1061.schw, '300'::double precision)) AND (schw_1061.schw && st_expand(st_transform(s_1061.the_geom, 25833), '300'::double precision)) AND _st_dwithin(st_transform(s_1061.the_geom, 25833), schw_1061.schw, '300'::double precision))
                           ->  Function Scan on schw_1061  (cost=0.00..0.01 rows=1 width=32)
                           ->  Seq Scan on phoml_trajectory_tmp s_1061  (cost=0.00..95.68 rows=17 width=40)
                                 Filter: ((unix_time >= '1685451316.572'::double precision) AND (unix_time <= '1685451376.572'::double precision))
   ->  Subquery Scan on "*SELECT* 1063"  (cost=97.82..97.83 rows=1 width=76)
         ->  Limit  (cost=97.82..97.82 rows=1 width=84)
               ->  Sort  (cost=97.82..97.82 rows=1 width=84)
                     Sort Key: (st_distance(st_transform(s_1062.the_geom, 25833), schw_1062.schw))
                     ->  Nested Loop  (cost=0.00..97.81 rows=1 width=84)
                           Join Filter: ((st_transform(s_1062.the_geom, 25833) && st_expand(schw_1062.schw, '300'::double precision)) AND (schw_1062.schw && st_expand(st_transform(s_1062.the_geom, 25833), '300'::double precision)) AND _st_dwithin(st_transform(s_1062.the_geom, 25833), schw_1062.schw, '300'::double precision))
                           ->  Function Scan on schw_1062  (cost=0.00..0.01 rows=1 width=32)
                           ->  Seq Scan on phoml_trajectory_tmp s_1062  (cost=0.00..95.68 rows=17 width=40)
                                 Filter: ((unix_time >= '1685451317.167'::double precision) AND (unix_time <= '1685451377.167'::double precision))
   ->  Subquery Scan on "*SELECT* 1064"  (cost=97.82..97.83 rows=1 width=76)
         ->  Limit  (cost=97.82..97.82 rows=1 width=84)
               ->  Sort  (cost=97.82..97.82 rows=1 width=84)
                     Sort Key: (st_distance(st_transform(s_1063.the_geom, 25833), schw_1063.schw))
                     ->  Nested Loop  (cost=0.00..97.81 rows=1 width=84)
                           Join Filter: ((st_transform(s_1063.the_geom, 25833) && st_expand(schw_1063.schw, '300'::double precision)) AND (schw_1063.schw && st_expand(st_transform(s_1063.the_geom, 25833), '300'::double precision)) AND _st_dwithin(st_transform(s_1063.the_geom, 25833), schw_1063.schw, '300'::double precision))
                           ->  Function Scan on schw_1063  (cost=0.00..0.01 rows=1 width=32)
                           ->  Seq Scan on phoml_trajectory_tmp s_1063  (cost=0.00..95.68 rows=17 width=40)
                                 Filter: ((unix_time >= '1685451317.747'::double precision) AND (unix_time <= '1685451377.747'::double precision))
   ->  Subquery Scan on "*SELECT* 1065"  (cost=97.82..97.83 rows=1 width=76)
         ->  Limit  (cost=97.82..97.82 rows=1 width=84)
               ->  Sort  (cost=97.82..97.82 rows=1 width=84)
                     Sort Key: (st_distance(st_transform(s_1064.the_geom, 25833), schw_1064.schw))
                     ->  Nested Loop  (cost=0.00..97.81 rows=1 width=84)
                           Join Filter: ((st_transform(s_1064.the_geom, 25833) && st_expand(schw_1064.schw, '300'::double precision)) AND (schw_1064.schw && st_expand(st_transform(s_1064.the_geom, 25833), '300'::double precision)) AND _st_dwithin(st_transform(s_1064.the_geom, 25833), schw_1064.schw, '300'::double precision))
                           ->  Function Scan on schw_1064  (cost=0.00..0.01 rows=1 width=32)
                           ->  Seq Scan on phoml_trajectory_tmp s_1064  (cost=0.00..95.68 rows=17 width=40)
                                 Filter: ((unix_time >= '1685451318.344'::double precision) AND (unix_time <= '1685451378.344'::double precision))
   ->  Subquery Scan on "*SELECT* 1066"  (cost=97.82..97.83 rows=1 width=76)
         ->  Limit  (cost=97.82..97.82 rows=1 width=84)
               ->  Sort  (cost=97.82..97.82 rows=1 width=84)
                     Sort Key: (st_distance(st_transform(s_1065.the_geom, 25833), schw_1065.schw))
                     ->  Nested Loop  (cost=0.00..97.81 rows=1 width=84)
                           Join Filter: ((st_transform(s_1065.the_geom, 25833) && st_expand(schw_1065.schw, '300'::double precision)) AND (schw_1065.schw && st_expand(st_transform(s_1065.the_geom, 25833), '300'::double precision)) AND _st_dwithin(st_transform(s_1065.the_geom, 25833), schw_1065.schw, '300'::double precision))
                           ->  Function Scan on schw_1065  (cost=0.00..0.01 rows=1 width=32)
                           ->  Seq Scan on phoml_trajectory_tmp s_1065  (cost=0.00..95.68 rows=17 width=40)
                                 Filter: ((unix_time >= '1685451318.914'::double precision) AND (unix_time <= '1685451378.914'::double precision))
   ->  Subquery Scan on "*SELECT* 1067"  (cost=97.82..97.83 rows=1 width=76)
         ->  Limit  (cost=97.82..97.82 rows=1 width=84)
               ->  Sort  (cost=97.82..97.82 rows=1 width=84)
                     Sort Key: (st_distance(st_transform(s_1066.the_geom, 25833), schw_1066.schw))
                     ->  Nested Loop  (cost=0.00..97.81 rows=1 width=84)
                           Join Filter: ((st_transform(s_1066.the_geom, 25833) && st_expand(schw_1066.schw, '300'::double precision)) AND (schw_1066.schw && st_expand(st_transform(s_1066.the_geom, 25833), '300'::double precision)) AND _st_dwithin(st_transform(s_1066.the_geom, 25833), schw_1066.schw, '300'::double precision))
                           ->  Function Scan on schw_1066  (cost=0.00..0.01 rows=1 width=32)
                           ->  Seq Scan on phoml_trajectory_tmp s_1066  (cost=0.00..95.68 rows=17 width=40)
                                 Filter: ((unix_time >= '1685451319.472'::double precision) AND (unix_time <= '1685451379.472'::double precision))
   ->  Subquery Scan on "*SELECT* 1068"  (cost=97.82..97.83 rows=1 width=76)
         ->  Limit  (cost=97.82..97.82 rows=1 width=84)
               ->  Sort  (cost=97.82..97.82 rows=1 width=84)
                     Sort Key: (st_distance(st_transform(s_1067.the_geom, 25833), schw_1067.schw))
                     ->  Nested Loop  (cost=0.00..97.81 rows=1 width=84)
                           Join Filter: ((st_transform(s_1067.the_geom, 25833) && st_expand(schw_1067.schw, '300'::double precision)) AND (schw_1067.schw && st_expand(st_transform(s_1067.the_geom, 25833), '300'::double precision)) AND _st_dwithin(st_transform(s_1067.the_geom, 25833), schw_1067.schw, '300'::double precision))
                           ->  Function Scan on schw_1067  (cost=0.00..0.01 rows=1 width=32)
                           ->  Seq Scan on phoml_trajectory_tmp s_1067  (cost=0.00..95.68 rows=17 width=40)
                                 Filter: ((unix_time >= '1685451320.012'::double precision) AND (unix_time <= '1685451380.012'::double precision))
   ->  Subquery Scan on "*SELECT* 1069"  (cost=97.82..97.83 rows=1 width=76)
         ->  Limit  (cost=97.82..97.82 rows=1 width=84)
               ->  Sort  (cost=97.82..97.82 rows=1 width=84)
                     Sort Key: (st_distance(st_transform(s_1068.the_geom, 25833), schw_1068.schw))
                     ->  Nested Loop  (cost=0.00..97.81 rows=1 width=84)
                           Join Filter: ((st_transform(s_1068.the_geom, 25833) && st_expand(schw_1068.schw, '300'::double precision)) AND (schw_1068.schw && st_expand(st_transform(s_1068.the_geom, 25833), '300'::double precision)) AND _st_dwithin(st_transform(s_1068.the_geom, 25833), schw_1068.schw, '300'::double precision))
                           ->  Function Scan on schw_1068  (cost=0.00..0.01 rows=1 width=32)
                           ->  Seq Scan on phoml_trajectory_tmp s_1068  (cost=0.00..95.68 rows=17 width=40)
                                 Filter: ((unix_time >= '1685451320.535'::double precision) AND (unix_time <= '1685451380.535'::double precision))
   ->  Subquery Scan on "*SELECT* 1070"  (cost=97.82..97.83 rows=1 width=76)
         ->  Limit  (cost=97.82..97.82 rows=1 width=84)
               ->  Sort  (cost=97.82..97.82 rows=1 width=84)
                     Sort Key: (st_distance(st_transform(s_1069.the_geom, 25833), schw_1069.schw))
                     ->  Nested Loop  (cost=0.00..97.81 rows=1 width=84)
                           Join Filter: ((st_transform(s_1069.the_geom, 25833) && st_expand(schw_1069.schw, '300'::double precision)) AND (schw_1069.schw && st_expand(st_transform(s_1069.the_geom, 25833), '300'::double precision)) AND _st_dwithin(st_transform(s_1069.the_geom, 25833), schw_1069.schw, '300'::double precision))
                           ->  Function Scan on schw_1069  (cost=0.00..0.01 rows=1 width=32)
                           ->  Seq Scan on phoml_trajectory_tmp s_1069  (cost=0.00..95.68 rows=17 width=40)
                                 Filter: ((unix_time >= '1685451321.045'::double precision) AND (unix_time <= '1685451381.045'::double precision))
   ->  Subquery Scan on "*SELECT* 1071"  (cost=97.82..97.83 rows=1 width=76)
         ->  Limit  (cost=97.82..97.82 rows=1 width=84)
               ->  Sort  (cost=97.82..97.82 rows=1 width=84)
                     Sort Key: (st_distance(st_transform(s_1070.the_geom, 25833), schw_1070.schw))
                     ->  Nested Loop  (cost=0.00..97.81 rows=1 width=84)
                           Join Filter: ((st_transform(s_1070.the_geom, 25833) && st_expand(schw_1070.schw, '300'::double precision)) AND (schw_1070.schw && st_expand(st_transform(s_1070.the_geom, 25833), '300'::double precision)) AND _st_dwithin(st_transform(s_1070.the_geom, 25833), schw_1070.schw, '300'::double precision))
                           ->  Function Scan on schw_1070  (cost=0.00..0.01 rows=1 width=32)
                           ->  Seq Scan on phoml_trajectory_tmp s_1070  (cost=0.00..95.68 rows=17 width=40)
                                 Filter: ((unix_time >= '1685451321.55'::double precision) AND (unix_time <= '1685451381.55'::double precision))
   ->  Subquery Scan on "*SELECT* 1072"  (cost=97.82..97.83 rows=1 width=76)
         ->  Limit  (cost=97.82..97.82 rows=1 width=84)
               ->  Sort  (cost=97.82..97.82 rows=1 width=84)
                     Sort Key: (st_distance(st_transform(s_1071.the_geom, 25833), schw_1071.schw))
                     ->  Nested Loop  (cost=0.00..97.81 rows=1 width=84)
                           Join Filter: ((st_transform(s_1071.the_geom, 25833) && st_expand(schw_1071.schw, '300'::double precision)) AND (schw_1071.schw && st_expand(st_transform(s_1071.the_geom, 25833), '300'::double precision)) AND _st_dwithin(st_transform(s_1071.the_geom, 25833), schw_1071.schw, '300'::double precision))
                           ->  Function Scan on schw_1071  (cost=0.00..0.01 rows=1 width=32)
                           ->  Seq Scan on phoml_trajectory_tmp s_1071  (cost=0.00..95.68 rows=17 width=40)
                                 Filter: ((unix_time >= '1685451322.05'::double precision) AND (unix_time <= '1685451382.05'::double precision))
   ->  Subquery Scan on "*SELECT* 1073"  (cost=97.82..97.83 rows=1 width=76)
         ->  Limit  (cost=97.82..97.82 rows=1 width=84)
               ->  Sort  (cost=97.82..97.82 rows=1 width=84)
                     Sort Key: (st_distance(st_transform(s_1072.the_geom, 25833), schw_1072.schw))
                     ->  Nested Loop  (cost=0.00..97.81 rows=1 width=84)
                           Join Filter: ((st_transform(s_1072.the_geom, 25833) && st_expand(schw_1072.schw, '300'::double precision)) AND (schw_1072.schw && st_expand(st_transform(s_1072.the_geom, 25833), '300'::double precision)) AND _st_dwithin(st_transform(s_1072.the_geom, 25833), schw_1072.schw, '300'::double precision))
                           ->  Function Scan on schw_1072  (cost=0.00..0.01 rows=1 width=32)
                           ->  Seq Scan on phoml_trajectory_tmp s_1072  (cost=0.00..95.68 rows=17 width=40)
                                 Filter: ((unix_time >= '1685451322.534'::double precision) AND (unix_time <= '1685451382.534'::double precision))
   ->  Subquery Scan on "*SELECT* 1074"  (cost=97.82..97.83 rows=1 width=76)
         ->  Limit  (cost=97.82..97.82 rows=1 width=84)
               ->  Sort  (cost=97.82..97.82 rows=1 width=84)
                     Sort Key: (st_distance(st_transform(s_1073.the_geom, 25833), schw_1073.schw))
                     ->  Nested Loop  (cost=0.00..97.81 rows=1 width=84)
                           Join Filter: ((st_transform(s_1073.the_geom, 25833) && st_expand(schw_1073.schw, '300'::double precision)) AND (schw_1073.schw && st_expand(st_transform(s_1073.the_geom, 25833), '300'::double precision)) AND _st_dwithin(st_transform(s_1073.the_geom, 25833), schw_1073.schw, '300'::double precision))
                           ->  Function Scan on schw_1073  (cost=0.00..0.01 rows=1 width=32)
                           ->  Seq Scan on phoml_trajectory_tmp s_1073  (cost=0.00..95.68 rows=17 width=40)
                                 Filter: ((unix_time >= '1685451323.014'::double precision) AND (unix_time <= '1685451383.014'::double precision))
   ->  Subquery Scan on "*SELECT* 1075"  (cost=97.82..97.83 rows=1 width=76)
         ->  Limit  (cost=97.82..97.82 rows=1 width=84)
               ->  Sort  (cost=97.82..97.82 rows=1 width=84)
                     Sort Key: (st_distance(st_transform(s_1074.the_geom, 25833), schw_1074.schw))
                     ->  Nested Loop  (cost=0.00..97.81 rows=1 width=84)
                           Join Filter: ((st_transform(s_1074.the_geom, 25833) && st_expand(schw_1074.schw, '300'::double precision)) AND (schw_1074.schw && st_expand(st_transform(s_1074.the_geom, 25833), '300'::double precision)) AND _st_dwithin(st_transform(s_1074.the_geom, 25833), schw_1074.schw, '300'::double precision))
                           ->  Function Scan on schw_1074  (cost=0.00..0.01 rows=1 width=32)
                           ->  Seq Scan on phoml_trajectory_tmp s_1074  (cost=0.00..95.68 rows=17 width=40)
                                 Filter: ((unix_time >= '1685451323.498'::double precision) AND (unix_time <= '1685451383.498'::double precision))
   ->  Subquery Scan on "*SELECT* 1076"  (cost=97.82..97.83 rows=1 width=76)
         ->  Limit  (cost=97.82..97.82 rows=1 width=84)
               ->  Sort  (cost=97.82..97.82 rows=1 width=84)
                     Sort Key: (st_distance(st_transform(s_1075.the_geom, 25833), schw_1075.schw))
                     ->  Nested Loop  (cost=0.00..97.81 rows=1 width=84)
                           Join Filter: ((st_transform(s_1075.the_geom, 25833) && st_expand(schw_1075.schw, '300'::double precision)) AND (schw_1075.schw && st_expand(st_transform(s_1075.the_geom, 25833), '300'::double precision)) AND _st_dwithin(st_transform(s_1075.the_geom, 25833), schw_1075.schw, '300'::double precision))
                           ->  Function Scan on schw_1075  (cost=0.00..0.01 rows=1 width=32)
                           ->  Seq Scan on phoml_trajectory_tmp s_1075  (cost=0.00..95.68 rows=17 width=40)
                                 Filter: ((unix_time >= '1685451323.978'::double precision) AND (unix_time <= '1685451383.978'::double precision))
   ->  Subquery Scan on "*SELECT* 1077"  (cost=97.82..97.83 rows=1 width=76)
         ->  Limit  (cost=97.82..97.82 rows=1 width=84)
               ->  Sort  (cost=97.82..97.82 rows=1 width=84)
                     Sort Key: (st_distance(st_transform(s_1076.the_geom, 25833), schw_1076.schw))
                     ->  Nested Loop  (cost=0.00..97.81 rows=1 width=84)
                           Join Filter: ((st_transform(s_1076.the_geom, 25833) && st_expand(schw_1076.schw, '300'::double precision)) AND (schw_1076.schw && st_expand(st_transform(s_1076.the_geom, 25833), '300'::double precision)) AND _st_dwithin(st_transform(s_1076.the_geom, 25833), schw_1076.schw, '300'::double precision))
                           ->  Function Scan on schw_1076  (cost=0.00..0.01 rows=1 width=32)
                           ->  Seq Scan on phoml_trajectory_tmp s_1076  (cost=0.00..95.68 rows=17 width=40)
                                 Filter: ((unix_time >= '1685451324.445'::double precision) AND (unix_time <= '1685451384.445'::double precision))
   ->  Subquery Scan on "*SELECT* 1078"  (cost=97.82..97.83 rows=1 width=76)
         ->  Limit  (cost=97.82..97.82 rows=1 width=84)
               ->  Sort  (cost=97.82..97.82 rows=1 width=84)
                     Sort Key: (st_distance(st_transform(s_1077.the_geom, 25833), schw_1077.schw))
                     ->  Nested Loop  (cost=0.00..97.81 rows=1 width=84)
                           Join Filter: ((st_transform(s_1077.the_geom, 25833) && st_expand(schw_1077.schw, '300'::double precision)) AND (schw_1077.schw && st_expand(st_transform(s_1077.the_geom, 25833), '300'::double precision)) AND _st_dwithin(st_transform(s_1077.the_geom, 25833), schw_1077.schw, '300'::double precision))
                           ->  Function Scan on schw_1077  (cost=0.00..0.01 rows=1 width=32)
                           ->  Seq Scan on phoml_trajectory_tmp s_1077  (cost=0.00..95.68 rows=17 width=40)
                                 Filter: ((unix_time >= '1685451324.945'::double precision) AND (unix_time <= '1685451384.945'::double precision))
   ->  Subquery Scan on "*SELECT* 1079"  (cost=97.82..97.83 rows=1 width=76)
         ->  Limit  (cost=97.82..97.82 rows=1 width=84)
               ->  Sort  (cost=97.82..97.82 rows=1 width=84)
                     Sort Key: (st_distance(st_transform(s_1078.the_geom, 25833), schw_1078.schw))
                     ->  Nested Loop  (cost=0.00..97.81 rows=1 width=84)
                           Join Filter: ((st_transform(s_1078.the_geom, 25833) && st_expand(schw_1078.schw, '300'::double precision)) AND (schw_1078.schw && st_expand(st_transform(s_1078.the_geom, 25833), '300'::double precision)) AND _st_dwithin(st_transform(s_1078.the_geom, 25833), schw_1078.schw, '300'::double precision))
                           ->  Function Scan on schw_1078  (cost=0.00..0.01 rows=1 width=32)
                           ->  Seq Scan on phoml_trajectory_tmp s_1078  (cost=0.00..95.68 rows=17 width=40)
                                 Filter: ((unix_time >= '1685451325.42'::double precision) AND (unix_time <= '1685451385.42'::double precision))
   ->  Subquery Scan on "*SELECT* 1080"  (cost=97.82..97.83 rows=1 width=76)
         ->  Limit  (cost=97.82..97.82 rows=1 width=84)
               ->  Sort  (cost=97.82..97.82 rows=1 width=84)
                     Sort Key: (st_distance(st_transform(s_1079.the_geom, 25833), schw_1079.schw))
                     ->  Nested Loop  (cost=0.00..97.81 rows=1 width=84)
                           Join Filter: ((st_transform(s_1079.the_geom, 25833) && st_expand(schw_1079.schw, '300'::double precision)) AND (schw_1079.schw && st_expand(st_transform(s_1079.the_geom, 25833), '300'::double precision)) AND _st_dwithin(st_transform(s_1079.the_geom, 25833), schw_1079.schw, '300'::double precision))
                           ->  Function Scan on schw_1079  (cost=0.00..0.01 rows=1 width=32)
                           ->  Seq Scan on phoml_trajectory_tmp s_1079  (cost=0.00..95.68 rows=17 width=40)
                                 Filter: ((unix_time >= '1685451325.9'::double precision) AND (unix_time <= '1685451385.9'::double precision))
   ->  Subquery Scan on "*SELECT* 1081"  (cost=97.82..97.83 rows=1 width=76)
         ->  Limit  (cost=97.82..97.82 rows=1 width=84)
               ->  Sort  (cost=97.82..97.82 rows=1 width=84)
                     Sort Key: (st_distance(st_transform(s_1080.the_geom, 25833), schw_1080.schw))
                     ->  Nested Loop  (cost=0.00..97.81 rows=1 width=84)
                           Join Filter: ((st_transform(s_1080.the_geom, 25833) && st_expand(schw_1080.schw, '300'::double precision)) AND (schw_1080.schw && st_expand(st_transform(s_1080.the_geom, 25833), '300'::double precision)) AND _st_dwithin(st_transform(s_1080.the_geom, 25833), schw_1080.schw, '300'::double precision))
                           ->  Function Scan on schw_1080  (cost=0.00..0.01 rows=1 width=32)
                           ->  Seq Scan on phoml_trajectory_tmp s_1080  (cost=0.00..95.68 rows=17 width=40)
                                 Filter: ((unix_time >= '1685451326.372'::double precision) AND (unix_time <= '1685451386.372'::double precision))
   ->  Subquery Scan on "*SELECT* 1082"  (cost=97.82..97.83 rows=1 width=76)
         ->  Limit  (cost=97.82..97.82 rows=1 width=84)
               ->  Sort  (cost=97.82..97.82 rows=1 width=84)
                     Sort Key: (st_distance(st_transform(s_1081.the_geom, 25833), schw_1081.schw))
                     ->  Nested Loop  (cost=0.00..97.81 rows=1 width=84)
                           Join Filter: ((st_transform(s_1081.the_geom, 25833) && st_expand(schw_1081.schw, '300'::double precision)) AND (schw_1081.schw && st_expand(st_transform(s_1081.the_geom, 25833), '300'::double precision)) AND _st_dwithin(st_transform(s_1081.the_geom, 25833), schw_1081.schw, '300'::double precision))
                           ->  Function Scan on schw_1081  (cost=0.00..0.01 rows=1 width=32)
                           ->  Seq Scan on phoml_trajectory_tmp s_1081  (cost=0.00..95.68 rows=17 width=40)
                                 Filter: ((unix_time >= '1685451326.842'::double precision) AND (unix_time <= '1685451386.842'::double precision))
   ->  Subquery Scan on "*SELECT* 1083"  (cost=97.82..97.83 rows=1 width=76)
         ->  Limit  (cost=97.82..97.82 rows=1 width=84)
               ->  Sort  (cost=97.82..97.82 rows=1 width=84)
                     Sort Key: (st_distance(st_transform(s_1082.the_geom, 25833), schw_1082.schw))
                     ->  Nested Loop  (cost=0.00..97.81 rows=1 width=84)
                           Join Filter: ((st_transform(s_1082.the_geom, 25833) && st_expand(schw_1082.schw, '300'::double precision)) AND (schw_1082.schw && st_expand(st_transform(s_1082.the_geom, 25833), '300'::double precision)) AND _st_dwithin(st_transform(s_1082.the_geom, 25833), schw_1082.schw, '300'::double precision))
                           ->  Function Scan on schw_1082  (cost=0.00..0.01 rows=1 width=32)
                           ->  Seq Scan on phoml_trajectory_tmp s_1082  (cost=0.00..95.68 rows=17 width=40)
                                 Filter: ((unix_time >= '1685451327.319'::double precision) AND (unix_time <= '1685451387.319'::double precision))
   ->  Subquery Scan on "*SELECT* 1084"  (cost=97.82..97.83 rows=1 width=76)
         ->  Limit  (cost=97.82..97.82 rows=1 width=84)
               ->  Sort  (cost=97.82..97.82 rows=1 width=84)
                     Sort Key: (st_distance(st_transform(s_1083.the_geom, 25833), schw_1083.schw))
                     ->  Nested Loop  (cost=0.00..97.81 rows=1 width=84)
                           Join Filter: ((st_transform(s_1083.the_geom, 25833) && st_expand(schw_1083.schw, '300'::double precision)) AND (schw_1083.schw && st_expand(st_transform(s_1083.the_geom, 25833), '300'::double precision)) AND _st_dwithin(st_transform(s_1083.the_geom, 25833), schw_1083.schw, '300'::double precision))
                           ->  Function Scan on schw_1083  (cost=0.00..0.01 rows=1 width=32)
                           ->  Seq Scan on phoml_trajectory_tmp s_1083  (cost=0.00..95.68 rows=17 width=40)
                                 Filter: ((unix_time >= '1685451327.779'::double precision) AND (unix_time <= '1685451387.779'::double precision))
   ->  Subquery Scan on "*SELECT* 1085"  (cost=97.82..97.83 rows=1 width=76)
         ->  Limit  (cost=97.82..97.82 rows=1 width=84)
               ->  Sort  (cost=97.82..97.82 rows=1 width=84)
                     Sort Key: (st_distance(st_transform(s_1084.the_geom, 25833), schw_1084.schw))
                     ->  Nested Loop  (cost=0.00..97.81 rows=1 width=84)
                           Join Filter: ((st_transform(s_1084.the_geom, 25833) && st_expand(schw_1084.schw, '300'::double precision)) AND (schw_1084.schw && st_expand(st_transform(s_1084.the_geom, 25833), '300'::double precision)) AND _st_dwithin(st_transform(s_1084.the_geom, 25833), schw_1084.schw, '300'::double precision))
                           ->  Function Scan on schw_1084  (cost=0.00..0.01 rows=1 width=32)
                           ->  Seq Scan on phoml_trajectory_tmp s_1084  (cost=0.00..95.68 rows=17 width=40)
                                 Filter: ((unix_time >= '1685451328.235'::double precision) AND (unix_time <= '1685451388.235'::double precision))
   ->  Subquery Scan on "*SELECT* 1086"  (cost=97.82..97.83 rows=1 width=76)
         ->  Limit  (cost=97.82..97.82 rows=1 width=84)
               ->  Sort  (cost=97.82..97.82 rows=1 width=84)
                     Sort Key: (st_distance(st_transform(s_1085.the_geom, 25833), schw_1085.schw))
                     ->  Nested Loop  (cost=0.00..97.81 rows=1 width=84)
                           Join Filter: ((st_transform(s_1085.the_geom, 25833) && st_expand(schw_1085.schw, '300'::double precision)) AND (schw_1085.schw && st_expand(st_transform(s_1085.the_geom, 25833), '300'::double precision)) AND _st_dwithin(st_transform(s_1085.the_geom, 25833), schw_1085.schw, '300'::double precision))
                           ->  Function Scan on schw_1085  (cost=0.00..0.01 rows=1 width=32)
                           ->  Seq Scan on phoml_trajectory_tmp s_1085  (cost=0.00..95.68 rows=17 width=40)
                                 Filter: ((unix_time >= '1685451328.695'::double precision) AND (unix_time <= '1685451388.695'::double precision))
   ->  Subquery Scan on "*SELECT* 1087"  (cost=97.82..97.83 rows=1 width=76)
         ->  Limit  (cost=97.82..97.82 rows=1 width=84)
               ->  Sort  (cost=97.82..97.82 rows=1 width=84)
                     Sort Key: (st_distance(st_transform(s_1086.the_geom, 25833), schw_1086.schw))
                     ->  Nested Loop  (cost=0.00..97.81 rows=1 width=84)
                           Join Filter: ((st_transform(s_1086.the_geom, 25833) && st_expand(schw_1086.schw, '300'::double precision)) AND (schw_1086.schw && st_expand(st_transform(s_1086.the_geom, 25833), '300'::double precision)) AND _st_dwithin(st_transform(s_1086.the_geom, 25833), schw_1086.schw, '300'::double precision))
                           ->  Function Scan on schw_1086  (cost=0.00..0.01 rows=1 width=32)
                           ->  Seq Scan on phoml_trajectory_tmp s_1086  (cost=0.00..95.68 rows=17 width=40)
                                 Filter: ((unix_time >= '1685451329.135'::double precision) AND (unix_time <= '1685451389.135'::double precision))
   ->  Subquery Scan on "*SELECT* 1088"  (cost=97.82..97.83 rows=1 width=76)
         ->  Limit  (cost=97.82..97.82 rows=1 width=84)
               ->  Sort  (cost=97.82..97.82 rows=1 width=84)
                     Sort Key: (st_distance(st_transform(s_1087.the_geom, 25833), schw_1087.schw))
                     ->  Nested Loop  (cost=0.00..97.81 rows=1 width=84)
                           Join Filter: ((st_transform(s_1087.the_geom, 25833) && st_expand(schw_1087.schw, '300'::double precision)) AND (schw_1087.schw && st_expand(st_transform(s_1087.the_geom, 25833), '300'::double precision)) AND _st_dwithin(st_transform(s_1087.the_geom, 25833), schw_1087.schw, '300'::double precision))
                           ->  Function Scan on schw_1087  (cost=0.00..0.01 rows=1 width=32)
                           ->  Seq Scan on phoml_trajectory_tmp s_1087  (cost=0.00..95.68 rows=17 width=40)
                                 Filter: ((unix_time >= '1685451329.581'::double precision) AND (unix_time <= '1685451389.581'::double precision))
   ->  Subquery Scan on "*SELECT* 1089"  (cost=97.82..97.83 rows=1 width=76)
         ->  Limit  (cost=97.82..97.82 rows=1 width=84)
               ->  Sort  (cost=97.82..97.82 rows=1 width=84)
                     Sort Key: (st_distance(st_transform(s_1088.the_geom, 25833), schw_1088.schw))
                     ->  Nested Loop  (cost=0.00..97.81 rows=1 width=84)
                           Join Filter: ((st_transform(s_1088.the_geom, 25833) && st_expand(schw_1088.schw, '300'::double precision)) AND (schw_1088.schw && st_expand(st_transform(s_1088.the_geom, 25833), '300'::double precision)) AND _st_dwithin(st_transform(s_1088.the_geom, 25833), schw_1088.schw, '300'::double precision))
                           ->  Function Scan on schw_1088  (cost=0.00..0.01 rows=1 width=32)
                           ->  Seq Scan on phoml_trajectory_tmp s_1088  (cost=0.00..95.68 rows=17 width=40)
                                 Filter: ((unix_time >= '1685451330.021'::double precision) AND (unix_time <= '1685451390.021'::double precision))
   ->  Subquery Scan on "*SELECT* 1090"  (cost=97.82..97.83 rows=1 width=76)
         ->  Limit  (cost=97.82..97.82 rows=1 width=84)
               ->  Sort  (cost=97.82..97.82 rows=1 width=84)
                     Sort Key: (st_distance(st_transform(s_1089.the_geom, 25833), schw_1089.schw))
                     ->  Nested Loop  (cost=0.00..97.81 rows=1 width=84)
                           Join Filter: ((st_transform(s_1089.the_geom, 25833) && st_expand(schw_1089.schw, '300'::double precision)) AND (schw_1089.schw && st_expand(st_transform(s_1089.the_geom, 25833), '300'::double precision)) AND _st_dwithin(st_transform(s_1089.the_geom, 25833), schw_1089.schw, '300'::double precision))
                           ->  Function Scan on schw_1089  (cost=0.00..0.01 rows=1 width=32)
                           ->  Seq Scan on phoml_trajectory_tmp s_1089  (cost=0.00..95.68 rows=17 width=40)
                                 Filter: ((unix_time >= '1685451330.455'::double precision) AND (unix_time <= '1685451390.455'::double precision))
   ->  Subquery Scan on "*SELECT* 1091"  (cost=97.82..97.83 rows=1 width=76)
         ->  Limit  (cost=97.82..97.82 rows=1 width=84)
               ->  Sort  (cost=97.82..97.82 rows=1 width=84)
                     Sort Key: (st_distance(st_transform(s_1090.the_geom, 25833), schw_1090.schw))
                     ->  Nested Loop  (cost=0.00..97.81 rows=1 width=84)
                           Join Filter: ((st_transform(s_1090.the_geom, 25833) && st_expand(schw_1090.schw, '300'::double precision)) AND (schw_1090.schw && st_expand(st_transform(s_1090.the_geom, 25833), '300'::double precision)) AND _st_dwithin(st_transform(s_1090.the_geom, 25833), schw_1090.schw, '300'::double precision))
                           ->  Function Scan on schw_1090  (cost=0.00..0.01 rows=1 width=32)
                           ->  Seq Scan on phoml_trajectory_tmp s_1090  (cost=0.00..95.68 rows=17 width=40)
                                 Filter: ((unix_time >= '1685451330.865'::double precision) AND (unix_time <= '1685451390.865'::double precision))
   ->  Subquery Scan on "*SELECT* 1092"  (cost=97.82..97.83 rows=1 width=76)
         ->  Limit  (cost=97.82..97.82 rows=1 width=84)
               ->  Sort  (cost=97.82..97.82 rows=1 width=84)
                     Sort Key: (st_distance(st_transform(s_1091.the_geom, 25833), schw_1091.schw))
                     ->  Nested Loop  (cost=0.00..97.81 rows=1 width=84)
                           Join Filter: ((st_transform(s_1091.the_geom, 25833) && st_expand(schw_1091.schw, '300'::double precision)) AND (schw_1091.schw && st_expand(st_transform(s_1091.the_geom, 25833), '300'::double precision)) AND _st_dwithin(st_transform(s_1091.the_geom, 25833), schw_1091.schw, '300'::double precision))
                           ->  Function Scan on schw_1091  (cost=0.00..0.01 rows=1 width=32)
                           ->  Seq Scan on phoml_trajectory_tmp s_1091  (cost=0.00..95.68 rows=17 width=40)
                                 Filter: ((unix_time >= '1685451331.293'::double precision) AND (unix_time <= '1685451391.293'::double precision))
   ->  Subquery Scan on "*SELECT* 1093"  (cost=97.82..97.83 rows=1 width=76)
         ->  Limit  (cost=97.82..97.82 rows=1 width=84)
               ->  Sort  (cost=97.82..97.82 rows=1 width=84)
                     Sort Key: (st_distance(st_transform(s_1092.the_geom, 25833), schw_1092.schw))
                     ->  Nested Loop  (cost=0.00..97.81 rows=1 width=84)
                           Join Filter: ((st_transform(s_1092.the_geom, 25833) && st_expand(schw_1092.schw, '300'::double precision)) AND (schw_1092.schw && st_expand(st_transform(s_1092.the_geom, 25833), '300'::double precision)) AND _st_dwithin(st_transform(s_1092.the_geom, 25833), schw_1092.schw, '300'::double precision))
                           ->  Function Scan on schw_1092  (cost=0.00..0.01 rows=1 width=32)
                           ->  Seq Scan on phoml_trajectory_tmp s_1092  (cost=0.00..95.68 rows=17 width=40)
                                 Filter: ((unix_time >= '1685451331.713'::double precision) AND (unix_time <= '1685451391.713'::double precision))
   ->  Subquery Scan on "*SELECT* 1094"  (cost=97.82..97.83 rows=1 width=76)
         ->  Limit  (cost=97.82..97.82 rows=1 width=84)
               ->  Sort  (cost=97.82..97.82 rows=1 width=84)
                     Sort Key: (st_distance(st_transform(s_1093.the_geom, 25833), schw_1093.schw))
                     ->  Nested Loop  (cost=0.00..97.81 rows=1 width=84)
                           Join Filter: ((st_transform(s_1093.the_geom, 25833) && st_expand(schw_1093.schw, '300'::double precision)) AND (schw_1093.schw && st_expand(st_transform(s_1093.the_geom, 25833), '300'::double precision)) AND _st_dwithin(st_transform(s_1093.the_geom, 25833), schw_1093.schw, '300'::double precision))
                           ->  Function Scan on schw_1093  (cost=0.00..0.01 rows=1 width=32)
                           ->  Seq Scan on phoml_trajectory_tmp s_1093  (cost=0.00..95.68 rows=17 width=40)
                                 Filter: ((unix_time >= '1685451332.133'::double precision) AND (unix_time <= '1685451392.133'::double precision))
   ->  Subquery Scan on "*SELECT* 1095"  (cost=97.82..97.83 rows=1 width=76)
         ->  Limit  (cost=97.82..97.82 rows=1 width=84)
               ->  Sort  (cost=97.82..97.82 rows=1 width=84)
                     Sort Key: (st_distance(st_transform(s_1094.the_geom, 25833), schw_1094.schw))
                     ->  Nested Loop  (cost=0.00..97.81 rows=1 width=84)
                           Join Filter: ((st_transform(s_1094.the_geom, 25833) && st_expand(schw_1094.schw, '300'::double precision)) AND (schw_1094.schw && st_expand(st_transform(s_1094.the_geom, 25833), '300'::double precision)) AND _st_dwithin(st_transform(s_1094.the_geom, 25833), schw_1094.schw, '300'::double precision))
                           ->  Function Scan on schw_1094  (cost=0.00..0.01 rows=1 width=32)
                           ->  Seq Scan on phoml_trajectory_tmp s_1094  (cost=0.00..95.68 rows=17 width=40)
                                 Filter: ((unix_time >= '1685451332.557'::double precision) AND (unix_time <= '1685451392.557'::double precision))
   ->  Subquery Scan on "*SELECT* 1096"  (cost=97.82..97.83 rows=1 width=76)
         ->  Limit  (cost=97.82..97.82 rows=1 width=84)
               ->  Sort  (cost=97.82..97.82 rows=1 width=84)
                     Sort Key: (st_distance(st_transform(s_1095.the_geom, 25833), schw_1095.schw))
                     ->  Nested Loop  (cost=0.00..97.81 rows=1 width=84)
                           Join Filter: ((st_transform(s_1095.the_geom, 25833) && st_expand(schw_1095.schw, '300'::double precision)) AND (schw_1095.schw && st_expand(st_transform(s_1095.the_geom, 25833), '300'::double precision)) AND _st_dwithin(st_transform(s_1095.the_geom, 25833), schw_1095.schw, '300'::double precision))
                           ->  Function Scan on schw_1095  (cost=0.00..0.01 rows=1 width=32)
                           ->  Seq Scan on phoml_trajectory_tmp s_1095  (cost=0.00..95.68 rows=17 width=40)
                                 Filter: ((unix_time >= '1685451332.957'::double precision) AND (unix_time <= '1685451392.957'::double precision))
   ->  Subquery Scan on "*SELECT* 1097"  (cost=97.82..97.83 rows=1 width=76)
         ->  Limit  (cost=97.82..97.82 rows=1 width=84)
               ->  Sort  (cost=97.82..97.82 rows=1 width=84)
                     Sort Key: (st_distance(st_transform(s_1096.the_geom, 25833), schw_1096.schw))
                     ->  Nested Loop  (cost=0.00..97.81 rows=1 width=84)
                           Join Filter: ((st_transform(s_1096.the_geom, 25833) && st_expand(schw_1096.schw, '300'::double precision)) AND (schw_1096.schw && st_expand(st_transform(s_1096.the_geom, 25833), '300'::double precision)) AND _st_dwithin(st_transform(s_1096.the_geom, 25833), schw_1096.schw, '300'::double precision))
                           ->  Function Scan on schw_1096  (cost=0.00..0.01 rows=1 width=32)
                           ->  Seq Scan on phoml_trajectory_tmp s_1096  (cost=0.00..95.68 rows=17 width=40)
                                 Filter: ((unix_time >= '1685451333.364'::double precision) AND (unix_time <= '1685451393.364'::double precision))
   ->  Subquery Scan on "*SELECT* 1098"  (cost=97.82..97.83 rows=1 width=76)
         ->  Limit  (cost=97.82..97.82 rows=1 width=84)
               ->  Sort  (cost=97.82..97.82 rows=1 width=84)
                     Sort Key: (st_distance(st_transform(s_1097.the_geom, 25833), schw_1097.schw))
                     ->  Nested Loop  (cost=0.00..97.81 rows=1 width=84)
                           Join Filter: ((st_transform(s_1097.the_geom, 25833) && st_expand(schw_1097.schw, '300'::double precision)) AND (schw_1097.schw && st_expand(st_transform(s_1097.the_geom, 25833), '300'::double precision)) AND _st_dwithin(st_transform(s_1097.the_geom, 25833), schw_1097.schw, '300'::double precision))
                           ->  Function Scan on schw_1097  (cost=0.00..0.01 rows=1 width=32)
                           ->  Seq Scan on phoml_trajectory_tmp s_1097  (cost=0.00..95.68 rows=17 width=40)
                                 Filter: ((unix_time >= '1685451333.754'::double precision) AND (unix_time <= '1685451393.754'::double precision))
   ->  Subquery Scan on "*SELECT* 1099"  (cost=97.82..97.83 rows=1 width=76)
         ->  Limit  (cost=97.82..97.82 rows=1 width=84)
               ->  Sort  (cost=97.82..97.82 rows=1 width=84)
                     Sort Key: (st_distance(st_transform(s_1098.the_geom, 25833), schw_1098.schw))
                     ->  Nested Loop  (cost=0.00..97.81 rows=1 width=84)
                           Join Filter: ((st_transform(s_1098.the_geom, 25833) && st_expand(schw_1098.schw, '300'::double precision)) AND (schw_1098.schw && st_expand(st_transform(s_1098.the_geom, 25833), '300'::double precision)) AND _st_dwithin(st_transform(s_1098.the_geom, 25833), schw_1098.schw, '300'::double precision))
                           ->  Function Scan on schw_1098  (cost=0.00..0.01 rows=1 width=32)
                           ->  Seq Scan on phoml_trajectory_tmp s_1098  (cost=0.00..95.68 rows=17 width=40)
                                 Filter: ((unix_time >= '1685451334.159'::double precision) AND (unix_time <= '1685451394.159'::double precision))
   ->  Subquery Scan on "*SELECT* 1100"  (cost=97.82..97.83 rows=1 width=76)
         ->  Limit  (cost=97.82..97.82 rows=1 width=84)
               ->  Sort  (cost=97.82..97.82 rows=1 width=84)
                     Sort Key: (st_distance(st_transform(s_1099.the_geom, 25833), schw_1099.schw))
                     ->  Nested Loop  (cost=0.00..97.81 rows=1 width=84)
                           Join Filter: ((st_transform(s_1099.the_geom, 25833) && st_expand(schw_1099.schw, '300'::double precision)) AND (schw_1099.schw && st_expand(st_transform(s_1099.the_geom, 25833), '300'::double precision)) AND _st_dwithin(st_transform(s_1099.the_geom, 25833), schw_1099.schw, '300'::double precision))
                           ->  Function Scan on schw_1099  (cost=0.00..0.01 rows=1 width=32)
                           ->  Seq Scan on phoml_trajectory_tmp s_1099  (cost=0.00..95.68 rows=17 width=40)
                                 Filter: ((unix_time >= '1685451334.539'::double precision) AND (unix_time <= '1685451394.539'::double precision))
   ->  Subquery Scan on "*SELECT* 1101"  (cost=97.82..97.83 rows=1 width=76)
         ->  Limit  (cost=97.82..97.82 rows=1 width=84)
               ->  Sort  (cost=97.82..97.82 rows=1 width=84)
                     Sort Key: (st_distance(st_transform(s_1100.the_geom, 25833), schw_1100.schw))
                     ->  Nested Loop  (cost=0.00..97.81 rows=1 width=84)
                           Join Filter: ((st_transform(s_1100.the_geom, 25833) && st_expand(schw_1100.schw, '300'::double precision)) AND (schw_1100.schw && st_expand(st_transform(s_1100.the_geom, 25833), '300'::double precision)) AND _st_dwithin(st_transform(s_1100.the_geom, 25833), schw_1100.schw, '300'::double precision))
                           ->  Function Scan on schw_1100  (cost=0.00..0.01 rows=1 width=32)
                           ->  Seq Scan on phoml_trajectory_tmp s_1100  (cost=0.00..95.68 rows=17 width=40)
                                 Filter: ((unix_time >= '1685451334.919'::double precision) AND (unix_time <= '1685451394.919'::double precision))
   ->  Subquery Scan on "*SELECT* 1102"  (cost=97.82..97.83 rows=1 width=76)
         ->  Limit  (cost=97.82..97.82 rows=1 width=84)
               ->  Sort  (cost=97.82..97.82 rows=1 width=84)
                     Sort Key: (st_distance(st_transform(s_1101.the_geom, 25833), schw_1101.schw))
                     ->  Nested Loop  (cost=0.00..97.81 rows=1 width=84)
                           Join Filter: ((st_transform(s_1101.the_geom, 25833) && st_expand(schw_1101.schw, '300'::double precision)) AND (schw_1101.schw && st_expand(st_transform(s_1101.the_geom, 25833), '300'::double precision)) AND _st_dwithin(st_transform(s_1101.the_geom, 25833), schw_1101.schw, '300'::double precision))
                           ->  Function Scan on schw_1101  (cost=0.00..0.01 rows=1 width=32)
                           ->  Seq Scan on phoml_trajectory_tmp s_1101  (cost=0.00..95.68 rows=17 width=40)
                                 Filter: ((unix_time >= '1685451335.307'::double precision) AND (unix_time <= '1685451395.307'::double precision))
   ->  Subquery Scan on "*SELECT* 1103"  (cost=97.82..97.83 rows=1 width=76)
         ->  Limit  (cost=97.82..97.82 rows=1 width=84)
               ->  Sort  (cost=97.82..97.82 rows=1 width=84)
                     Sort Key: (st_distance(st_transform(s_1102.the_geom, 25833), schw_1102.schw))
                     ->  Nested Loop  (cost=0.00..97.81 rows=1 width=84)
                           Join Filter: ((st_transform(s_1102.the_geom, 25833) && st_expand(schw_1102.schw, '300'::double precision)) AND (schw_1102.schw && st_expand(st_transform(s_1102.the_geom, 25833), '300'::double precision)) AND _st_dwithin(st_transform(s_1102.the_geom, 25833), schw_1102.schw, '300'::double precision))
                           ->  Function Scan on schw_1102  (cost=0.00..0.01 rows=1 width=32)
                           ->  Seq Scan on phoml_trajectory_tmp s_1102  (cost=0.00..95.68 rows=17 width=40)
                                 Filter: ((unix_time >= '1685451335.697'::double precision) AND (unix_time <= '1685451395.697'::double precision))
   ->  Subquery Scan on "*SELECT* 1104"  (cost=97.82..97.83 rows=1 width=76)
         ->  Limit  (cost=97.82..97.82 rows=1 width=84)
               ->  Sort  (cost=97.82..97.82 rows=1 width=84)
                     Sort Key: (st_distance(st_transform(s_1103.the_geom, 25833), schw_1103.schw))
                     ->  Nested Loop  (cost=0.00..97.81 rows=1 width=84)
                           Join Filter: ((st_transform(s_1103.the_geom, 25833) && st_expand(schw_1103.schw, '300'::double precision)) AND (schw_1103.schw && st_expand(st_transform(s_1103.the_geom, 25833), '300'::double precision)) AND _st_dwithin(st_transform(s_1103.the_geom, 25833), schw_1103.schw, '300'::double precision))
                           ->  Function Scan on schw_1103  (cost=0.00..0.01 rows=1 width=32)
                           ->  Seq Scan on phoml_trajectory_tmp s_1103  (cost=0.00..95.68 rows=17 width=40)
                                 Filter: ((unix_time >= '1685451336.077'::double precision) AND (unix_time <= '1685451396.077'::double precision))
   ->  Subquery Scan on "*SELECT* 1105"  (cost=97.82..97.83 rows=1 width=76)
         ->  Limit  (cost=97.82..97.82 rows=1 width=84)
               ->  Sort  (cost=97.82..97.82 rows=1 width=84)
                     Sort Key: (st_distance(st_transform(s_1104.the_geom, 25833), schw_1104.schw))
                     ->  Nested Loop  (cost=0.00..97.81 rows=1 width=84)
                           Join Filter: ((st_transform(s_1104.the_geom, 25833) && st_expand(schw_1104.schw, '300'::double precision)) AND (schw_1104.schw && st_expand(st_transform(s_1104.the_geom, 25833), '300'::double precision)) AND _st_dwithin(st_transform(s_1104.the_geom, 25833), schw_1104.schw, '300'::double precision))
                           ->  Function Scan on schw_1104  (cost=0.00..0.01 rows=1 width=32)
                           ->  Seq Scan on phoml_trajectory_tmp s_1104  (cost=0.00..95.68 rows=17 width=40)
                                 Filter: ((unix_time >= '1685451336.463'::double precision) AND (unix_time <= '1685451396.463'::double precision))
   ->  Subquery Scan on "*SELECT* 1106"  (cost=97.82..97.83 rows=1 width=76)
         ->  Limit  (cost=97.82..97.82 rows=1 width=84)
               ->  Sort  (cost=97.82..97.82 rows=1 width=84)
                     Sort Key: (st_distance(st_transform(s_1105.the_geom, 25833), schw_1105.schw))
                     ->  Nested Loop  (cost=0.00..97.81 rows=1 width=84)
                           Join Filter: ((st_transform(s_1105.the_geom, 25833) && st_expand(schw_1105.schw, '300'::double precision)) AND (schw_1105.schw && st_expand(st_transform(s_1105.the_geom, 25833), '300'::double precision)) AND _st_dwithin(st_transform(s_1105.the_geom, 25833), schw_1105.schw, '300'::double precision))
                           ->  Function Scan on schw_1105  (cost=0.00..0.01 rows=1 width=32)
                           ->  Seq Scan on phoml_trajectory_tmp s_1105  (cost=0.00..95.68 rows=17 width=40)
                                 Filter: ((unix_time >= '1685451336.833'::double precision) AND (unix_time <= '1685451396.833'::double precision))
   ->  Subquery Scan on "*SELECT* 1107"  (cost=97.82..97.83 rows=1 width=76)
         ->  Limit  (cost=97.82..97.82 rows=1 width=84)
               ->  Sort  (cost=97.82..97.82 rows=1 width=84)
                     Sort Key: (st_distance(st_transform(s_1106.the_geom, 25833), schw_1106.schw))
                     ->  Nested Loop  (cost=0.00..97.81 rows=1 width=84)
                           Join Filter: ((st_transform(s_1106.the_geom, 25833) && st_expand(schw_1106.schw, '300'::double precision)) AND (schw_1106.schw && st_expand(st_transform(s_1106.the_geom, 25833), '300'::double precision)) AND _st_dwithin(st_transform(s_1106.the_geom, 25833), schw_1106.schw, '300'::double precision))
                           ->  Function Scan on schw_1106  (cost=0.00..0.01 rows=1 width=32)
                           ->  Seq Scan on phoml_trajectory_tmp s_1106  (cost=0.00..95.68 rows=17 width=40)
                                 Filter: ((unix_time >= '1685451337.213'::double precision) AND (unix_time <= '1685451397.213'::double precision))
   ->  Subquery Scan on "*SELECT* 1108"  (cost=97.82..97.83 rows=1 width=76)
         ->  Limit  (cost=97.82..97.82 rows=1 width=84)
               ->  Sort  (cost=97.82..97.82 rows=1 width=84)
                     Sort Key: (st_distance(st_transform(s_1107.the_geom, 25833), schw_1107.schw))
                     ->  Nested Loop  (cost=0.00..97.81 rows=1 width=84)
                           Join Filter: ((st_transform(s_1107.the_geom, 25833) && st_expand(schw_1107.schw, '300'::double precision)) AND (schw_1107.schw && st_expand(st_transform(s_1107.the_geom, 25833), '300'::double precision)) AND _st_dwithin(st_transform(s_1107.the_geom, 25833), schw_1107.schw, '300'::double precision))
                           ->  Function Scan on schw_1107  (cost=0.00..0.01 rows=1 width=32)
                           ->  Seq Scan on phoml_trajectory_tmp s_1107  (cost=0.00..95.68 rows=17 width=40)
                                 Filter: ((unix_time >= '1685451337.583'::double precision) AND (unix_time <= '1685451397.583'::double precision))
   ->  Subquery Scan on "*SELECT* 1109"  (cost=97.82..97.83 rows=1 width=76)
         ->  Limit  (cost=97.82..97.82 rows=1 width=84)
               ->  Sort  (cost=97.82..97.82 rows=1 width=84)
                     Sort Key: (st_distance(st_transform(s_1108.the_geom, 25833), schw_1108.schw))
                     ->  Nested Loop  (cost=0.00..97.81 rows=1 width=84)
                           Join Filter: ((st_transform(s_1108.the_geom, 25833) && st_expand(schw_1108.schw, '300'::double precision)) AND (schw_1108.schw && st_expand(st_transform(s_1108.the_geom, 25833), '300'::double precision)) AND _st_dwithin(st_transform(s_1108.the_geom, 25833), schw_1108.schw, '300'::double precision))
                           ->  Function Scan on schw_1108  (cost=0.00..0.01 rows=1 width=32)
                           ->  Seq Scan on phoml_trajectory_tmp s_1108  (cost=0.00..95.68 rows=17 width=40)
                                 Filter: ((unix_time >= '1685451337.963'::double precision) AND (unix_time <= '1685451397.963'::double precision))
   ->  Subquery Scan on "*SELECT* 1110"  (cost=97.82..97.83 rows=1 width=76)
         ->  Limit  (cost=97.82..97.82 rows=1 width=84)
               ->  Sort  (cost=97.82..97.82 rows=1 width=84)
                     Sort Key: (st_distance(st_transform(s_1109.the_geom, 25833), schw_1109.schw))
                     ->  Nested Loop  (cost=0.00..97.81 rows=1 width=84)
                           Join Filter: ((st_transform(s_1109.the_geom, 25833) && st_expand(schw_1109.schw, '300'::double precision)) AND (schw_1109.schw && st_expand(st_transform(s_1109.the_geom, 25833), '300'::double precision)) AND _st_dwithin(st_transform(s_1109.the_geom, 25833), schw_1109.schw, '300'::double precision))
                           ->  Function Scan on schw_1109  (cost=0.00..0.01 rows=1 width=32)
                           ->  Seq Scan on phoml_trajectory_tmp s_1109  (cost=0.00..95.68 rows=17 width=40)
                                 Filter: ((unix_time >= '1685451338.33'::double precision) AND (unix_time <= '1685451398.33'::double precision))
   ->  Subquery Scan on "*SELECT* 1111"  (cost=97.82..97.83 rows=1 width=76)
         ->  Limit  (cost=97.82..97.82 rows=1 width=84)
               ->  Sort  (cost=97.82..97.82 rows=1 width=84)
                     Sort Key: (st_distance(st_transform(s_1110.the_geom, 25833), schw_1110.schw))
                     ->  Nested Loop  (cost=0.00..97.81 rows=1 width=84)
                           Join Filter: ((st_transform(s_1110.the_geom, 25833) && st_expand(schw_1110.schw, '300'::double precision)) AND (schw_1110.schw && st_expand(st_transform(s_1110.the_geom, 25833), '300'::double precision)) AND _st_dwithin(st_transform(s_1110.the_geom, 25833), schw_1110.schw, '300'::double precision))
                           ->  Function Scan on schw_1110  (cost=0.00..0.01 rows=1 width=32)
                           ->  Seq Scan on phoml_trajectory_tmp s_1110  (cost=0.00..95.68 rows=17 width=40)
                                 Filter: ((unix_time >= '1685451338.7'::double precision) AND (unix_time <= '1685451398.7'::double precision))
   ->  Subquery Scan on "*SELECT* 1112"  (cost=97.82..97.83 rows=1 width=76)
         ->  Limit  (cost=97.82..97.82 rows=1 width=84)
               ->  Sort  (cost=97.82..97.82 rows=1 width=84)
                     Sort Key: (st_distance(st_transform(s_1111.the_geom, 25833), schw_1111.schw))
                     ->  Nested Loop  (cost=0.00..97.81 rows=1 width=84)
                           Join Filter: ((st_transform(s_1111.the_geom, 25833) && st_expand(schw_1111.schw, '300'::double precision)) AND (schw_1111.schw && st_expand(st_transform(s_1111.the_geom, 25833), '300'::double precision)) AND _st_dwithin(st_transform(s_1111.the_geom, 25833), schw_1111.schw, '300'::double precision))
                           ->  Function Scan on schw_1111  (cost=0.00..0.01 rows=1 width=32)
                           ->  Seq Scan on phoml_trajectory_tmp s_1111  (cost=0.00..95.68 rows=17 width=40)
                                 Filter: ((unix_time >= '1685451339.08'::double precision) AND (unix_time <= '1685451399.08'::double precision))
   ->  Subquery Scan on "*SELECT* 1113"  (cost=97.82..97.83 rows=1 width=76)
         ->  Limit  (cost=97.82..97.82 rows=1 width=84)
               ->  Sort  (cost=97.82..97.82 rows=1 width=84)
                     Sort Key: (st_distance(st_transform(s_1112.the_geom, 25833), schw_1112.schw))
                     ->  Nested Loop  (cost=0.00..97.81 rows=1 width=84)
                           Join Filter: ((st_transform(s_1112.the_geom, 25833) && st_expand(schw_1112.schw, '300'::double precision)) AND (schw_1112.schw && st_expand(st_transform(s_1112.the_geom, 25833), '300'::double precision)) AND _st_dwithin(st_transform(s_1112.the_geom, 25833), schw_1112.schw, '300'::double precision))
                           ->  Function Scan on schw_1112  (cost=0.00..0.01 rows=1 width=32)
                           ->  Seq Scan on phoml_trajectory_tmp s_1112  (cost=0.00..95.68 rows=17 width=40)
                                 Filter: ((unix_time >= '1685451339.453'::double precision) AND (unix_time <= '1685451399.453'::double precision))
   ->  Subquery Scan on "*SELECT* 1114"  (cost=97.82..97.83 rows=1 width=76)
         ->  Limit  (cost=97.82..97.82 rows=1 width=84)
               ->  Sort  (cost=97.82..97.82 rows=1 width=84)
                     Sort Key: (st_distance(st_transform(s_1113.the_geom, 25833), schw_1113.schw))
                     ->  Nested Loop  (cost=0.00..97.81 rows=1 width=84)
                           Join Filter: ((st_transform(s_1113.the_geom, 25833) && st_expand(schw_1113.schw, '300'::double precision)) AND (schw_1113.schw && st_expand(st_transform(s_1113.the_geom, 25833), '300'::double precision)) AND _st_dwithin(st_transform(s_1113.the_geom, 25833), schw_1113.schw, '300'::double precision))
                           ->  Function Scan on schw_1113  (cost=0.00..0.01 rows=1 width=32)
                           ->  Seq Scan on phoml_trajectory_tmp s_1113  (cost=0.00..95.68 rows=17 width=40)
                                 Filter: ((unix_time >= '1685451339.823'::double precision) AND (unix_time <= '1685451399.823'::double precision))
   ->  Subquery Scan on "*SELECT* 1115"  (cost=97.82..97.83 rows=1 width=76)
         ->  Limit  (cost=97.82..97.82 rows=1 width=84)
               ->  Sort  (cost=97.82..97.82 rows=1 width=84)
                     Sort Key: (st_distance(st_transform(s_1114.the_geom, 25833), schw_1114.schw))
                     ->  Nested Loop  (cost=0.00..97.81 rows=1 width=84)
                           Join Filter: ((st_transform(s_1114.the_geom, 25833) && st_expand(schw_1114.schw, '300'::double precision)) AND (schw_1114.schw && st_expand(st_transform(s_1114.the_geom, 25833), '300'::double precision)) AND _st_dwithin(st_transform(s_1114.the_geom, 25833), schw_1114.schw, '300'::double precision))
                           ->  Function Scan on schw_1114  (cost=0.00..0.01 rows=1 width=32)
                           ->  Seq Scan on phoml_trajectory_tmp s_1114  (cost=0.00..95.68 rows=17 width=40)
                                 Filter: ((unix_time >= '1685451340.215'::double precision) AND (unix_time <= '1685451400.215'::double precision))
   ->  Subquery Scan on "*SELECT* 1116"  (cost=97.82..97.83 rows=1 width=76)
         ->  Limit  (cost=97.82..97.82 rows=1 width=84)
               ->  Sort  (cost=97.82..97.82 rows=1 width=84)
                     Sort Key: (st_distance(st_transform(s_1115.the_geom, 25833), schw_1115.schw))
                     ->  Nested Loop  (cost=0.00..97.81 rows=1 width=84)
                           Join Filter: ((st_transform(s_1115.the_geom, 25833) && st_expand(schw_1115.schw, '300'::double precision)) AND (schw_1115.schw && st_expand(st_transform(s_1115.the_geom, 25833), '300'::double precision)) AND _st_dwithin(st_transform(s_1115.the_geom, 25833), schw_1115.schw, '300'::double precision))
                           ->  Function Scan on schw_1115  (cost=0.00..0.01 rows=1 width=32)
                           ->  Seq Scan on phoml_trajectory_tmp s_1115  (cost=0.00..95.68 rows=17 width=40)
                                 Filter: ((unix_time >= '1685451340.595'::double precision) AND (unix_time <= '1685451400.595'::double precision))
   ->  Subquery Scan on "*SELECT* 1117"  (cost=97.82..97.83 rows=1 width=76)
         ->  Limit  (cost=97.82..97.82 rows=1 width=84)
               ->  Sort  (cost=97.82..97.82 rows=1 width=84)
                     Sort Key: (st_distance(st_transform(s_1116.the_geom, 25833), schw_1116.schw))
                     ->  Nested Loop  (cost=0.00..97.81 rows=1 width=84)
                           Join Filter: ((st_transform(s_1116.the_geom, 25833) && st_expand(schw_1116.schw, '300'::double precision)) AND (schw_1116.schw && st_expand(st_transform(s_1116.the_geom, 25833), '300'::double precision)) AND _st_dwithin(st_transform(s_1116.the_geom, 25833), schw_1116.schw, '300'::double precision))
                           ->  Function Scan on schw_1116  (cost=0.00..0.01 rows=1 width=32)
                           ->  Seq Scan on phoml_trajectory_tmp s_1116  (cost=0.00..95.68 rows=17 width=40)
                                 Filter: ((unix_time >= '1685451340.995'::double precision) AND (unix_time <= '1685451400.995'::double precision))
   ->  Subquery Scan on "*SELECT* 1118"  (cost=97.82..97.83 rows=1 width=76)
         ->  Limit  (cost=97.82..97.82 rows=1 width=84)
               ->  Sort  (cost=97.82..97.82 rows=1 width=84)
                     Sort Key: (st_distance(st_transform(s_1117.the_geom, 25833), schw_1117.schw))
                     ->  Nested Loop  (cost=0.00..97.81 rows=1 width=84)
                           Join Filter: ((st_transform(s_1117.the_geom, 25833) && st_expand(schw_1117.schw, '300'::double precision)) AND (schw_1117.schw && st_expand(st_transform(s_1117.the_geom, 25833), '300'::double precision)) AND _st_dwithin(st_transform(s_1117.the_geom, 25833), schw_1117.schw, '300'::double precision))
                           ->  Function Scan on schw_1117  (cost=0.00..0.01 rows=1 width=32)
                           ->  Seq Scan on phoml_trajectory_tmp s_1117  (cost=0.00..95.68 rows=17 width=40)
                                 Filter: ((unix_time >= '1685451341.387'::double precision) AND (unix_time <= '1685451401.387'::double precision))
   ->  Subquery Scan on "*SELECT* 1119"  (cost=97.82..97.83 rows=1 width=76)
         ->  Limit  (cost=97.82..97.82 rows=1 width=84)
               ->  Sort  (cost=97.82..97.82 rows=1 width=84)
                     Sort Key: (st_distance(st_transform(s_1118.the_geom, 25833), schw_1118.schw))
                     ->  Nested Loop  (cost=0.00..97.81 rows=1 width=84)
                           Join Filter: ((st_transform(s_1118.the_geom, 25833) && st_expand(schw_1118.schw, '300'::double precision)) AND (schw_1118.schw && st_expand(st_transform(s_1118.the_geom, 25833), '300'::double precision)) AND _st_dwithin(st_transform(s_1118.the_geom, 25833), schw_1118.schw, '300'::double precision))
                           ->  Function Scan on schw_1118  (cost=0.00..0.01 rows=1 width=32)
                           ->  Seq Scan on phoml_trajectory_tmp s_1118  (cost=0.00..95.68 rows=17 width=40)
                                 Filter: ((unix_time >= '1685451341.797'::double precision) AND (unix_time <= '1685451401.797'::double precision))
   ->  Subquery Scan on "*SELECT* 1120"  (cost=97.82..97.83 rows=1 width=76)
         ->  Limit  (cost=97.82..97.82 rows=1 width=84)
               ->  Sort  (cost=97.82..97.82 rows=1 width=84)
                     Sort Key: (st_distance(st_transform(s_1119.the_geom, 25833), schw_1119.schw))
                     ->  Nested Loop  (cost=0.00..97.81 rows=1 width=84)
                           Join Filter: ((st_transform(s_1119.the_geom, 25833) && st_expand(schw_1119.schw, '300'::double precision)) AND (schw_1119.schw && st_expand(st_transform(s_1119.the_geom, 25833), '300'::double precision)) AND _st_dwithin(st_transform(s_1119.the_geom, 25833), schw_1119.schw, '300'::double precision))
                           ->  Function Scan on schw_1119  (cost=0.00..0.01 rows=1 width=32)
                           ->  Seq Scan on phoml_trajectory_tmp s_1119  (cost=0.00..95.68 rows=17 width=40)
                                 Filter: ((unix_time >= '1685451342.229'::double precision) AND (unix_time <= '1685451402.229'::double precision))
   ->  Subquery Scan on "*SELECT* 1121"  (cost=97.82..97.83 rows=1 width=76)
         ->  Limit  (cost=97.82..97.82 rows=1 width=84)
               ->  Sort  (cost=97.82..97.82 rows=1 width=84)
                     Sort Key: (st_distance(st_transform(s_1120.the_geom, 25833), schw_1120.schw))
                     ->  Nested Loop  (cost=0.00..97.81 rows=1 width=84)
                           Join Filter: ((st_transform(s_1120.the_geom, 25833) && st_expand(schw_1120.schw, '300'::double precision)) AND (schw_1120.schw && st_expand(st_transform(s_1120.the_geom, 25833), '300'::double precision)) AND _st_dwithin(st_transform(s_1120.the_geom, 25833), schw_1120.schw, '300'::double precision))
                           ->  Function Scan on schw_1120  (cost=0.00..0.01 rows=1 width=32)
                           ->  Seq Scan on phoml_trajectory_tmp s_1120  (cost=0.00..95.68 rows=17 width=40)
                                 Filter: ((unix_time >= '1685451342.669'::double precision) AND (unix_time <= '1685451402.669'::double precision))
   ->  Subquery Scan on "*SELECT* 1122"  (cost=97.82..97.83 rows=1 width=76)
         ->  Limit  (cost=97.82..97.82 rows=1 width=84)
               ->  Sort  (cost=97.82..97.82 rows=1 width=84)
                     Sort Key: (st_distance(st_transform(s_1121.the_geom, 25833), schw_1121.schw))
                     ->  Nested Loop  (cost=0.00..97.81 rows=1 width=84)
                           Join Filter: ((st_transform(s_1121.the_geom, 25833) && st_expand(schw_1121.schw, '300'::double precision)) AND (schw_1121.schw && st_expand(st_transform(s_1121.the_geom, 25833), '300'::double precision)) AND _st_dwithin(st_transform(s_1121.the_geom, 25833), schw_1121.schw, '300'::double precision))
                           ->  Function Scan on schw_1121  (cost=0.00..0.01 rows=1 width=32)
                           ->  Seq Scan on phoml_trajectory_tmp s_1121  (cost=0.00..95.68 rows=17 width=40)
                                 Filter: ((unix_time >= '1685451343.109'::double precision) AND (unix_time <= '1685451403.109'::double precision))
   ->  Subquery Scan on "*SELECT* 1123"  (cost=97.82..97.83 rows=1 width=76)
         ->  Limit  (cost=97.82..97.82 rows=1 width=84)
               ->  Sort  (cost=97.82..97.82 rows=1 width=84)
                     Sort Key: (st_distance(st_transform(s_1122.the_geom, 25833), schw_1122.schw))
                     ->  Nested Loop  (cost=0.00..97.81 rows=1 width=84)
                           Join Filter: ((st_transform(s_1122.the_geom, 25833) && st_expand(schw_1122.schw, '300'::double precision)) AND (schw_1122.schw && st_expand(st_transform(s_1122.the_geom, 25833), '300'::double precision)) AND _st_dwithin(st_transform(s_1122.the_geom, 25833), schw_1122.schw, '300'::double precision))
                           ->  Function Scan on schw_1122  (cost=0.00..0.01 rows=1 width=32)
                           ->  Seq Scan on phoml_trajectory_tmp s_1122  (cost=0.00..95.68 rows=17 width=40)
                                 Filter: ((unix_time >= '1685451343.571'::double precision) AND (unix_time <= '1685451403.571'::double precision))
   ->  Subquery Scan on "*SELECT* 1124"  (cost=97.82..97.83 rows=1 width=76)
         ->  Limit  (cost=97.82..97.82 rows=1 width=84)
               ->  Sort  (cost=97.82..97.82 rows=1 width=84)
                     Sort Key: (st_distance(st_transform(s_1123.the_geom, 25833), schw_1123.schw))
                     ->  Nested Loop  (cost=0.00..97.81 rows=1 width=84)
                           Join Filter: ((st_transform(s_1123.the_geom, 25833) && st_expand(schw_1123.schw, '300'::double precision)) AND (schw_1123.schw && st_expand(st_transform(s_1123.the_geom, 25833), '300'::double precision)) AND _st_dwithin(st_transform(s_1123.the_geom, 25833), schw_1123.schw, '300'::double precision))
                           ->  Function Scan on schw_1123  (cost=0.00..0.01 rows=1 width=32)
                           ->  Seq Scan on phoml_trajectory_tmp s_1123  (cost=0.00..95.68 rows=17 width=40)
                                 Filter: ((unix_time >= '1685451344.041'::double precision) AND (unix_time <= '1685451404.041'::double precision))
   ->  Subquery Scan on "*SELECT* 1125"  (cost=97.82..97.83 rows=1 width=76)
         ->  Limit  (cost=97.82..97.82 rows=1 width=84)
               ->  Sort  (cost=97.82..97.82 rows=1 width=84)
                     Sort Key: (st_distance(st_transform(s_1124.the_geom, 25833), schw_1124.schw))
                     ->  Nested Loop  (cost=0.00..97.81 rows=1 width=84)
                           Join Filter: ((st_transform(s_1124.the_geom, 25833) && st_expand(schw_1124.schw, '300'::double precision)) AND (schw_1124.schw && st_expand(st_transform(s_1124.the_geom, 25833), '300'::double precision)) AND _st_dwithin(st_transform(s_1124.the_geom, 25833), schw_1124.schw, '300'::double precision))
                           ->  Function Scan on schw_1124  (cost=0.00..0.01 rows=1 width=32)
                           ->  Seq Scan on phoml_trajectory_tmp s_1124  (cost=0.00..95.68 rows=17 width=40)
                                 Filter: ((unix_time >= '1685451344.527'::double precision) AND (unix_time <= '1685451404.527'::double precision))
   ->  Subquery Scan on "*SELECT* 1126"  (cost=97.82..97.83 rows=1 width=76)
         ->  Limit  (cost=97.82..97.82 rows=1 width=84)
               ->  Sort  (cost=97.82..97.82 rows=1 width=84)
                     Sort Key: (st_distance(st_transform(s_1125.the_geom, 25833), schw_1125.schw))
                     ->  Nested Loop  (cost=0.00..97.81 rows=1 width=84)
                           Join Filter: ((st_transform(s_1125.the_geom, 25833) && st_expand(schw_1125.schw, '300'::double precision)) AND (schw_1125.schw && st_expand(st_transform(s_1125.the_geom, 25833), '300'::double precision)) AND _st_dwithin(st_transform(s_1125.the_geom, 25833), schw_1125.schw, '300'::double precision))
                           ->  Function Scan on schw_1125  (cost=0.00..0.01 rows=1 width=32)
                           ->  Seq Scan on phoml_trajectory_tmp s_1125  (cost=0.00..95.68 rows=17 width=40)
                                 Filter: ((unix_time >= '1685451345.027'::double precision) AND (unix_time <= '1685451405.027'::double precision))
   ->  Subquery Scan on "*SELECT* 1127"  (cost=97.82..97.83 rows=1 width=76)
         ->  Limit  (cost=97.82..97.82 rows=1 width=84)
               ->  Sort  (cost=97.82..97.82 rows=1 width=84)
                     Sort Key: (st_distance(st_transform(s_1126.the_geom, 25833), schw_1126.schw))
                     ->  Nested Loop  (cost=0.00..97.81 rows=1 width=84)
                           Join Filter: ((st_transform(s_1126.the_geom, 25833) && st_expand(schw_1126.schw, '300'::double precision)) AND (schw_1126.schw && st_expand(st_transform(s_1126.the_geom, 25833), '300'::double precision)) AND _st_dwithin(st_transform(s_1126.the_geom, 25833), schw_1126.schw, '300'::double precision))
                           ->  Function Scan on schw_1126  (cost=0.00..0.01 rows=1 width=32)
                           ->  Seq Scan on phoml_trajectory_tmp s_1126  (cost=0.00..95.68 rows=17 width=40)
                                 Filter: ((unix_time >= '1685451345.538'::double precision) AND (unix_time <= '1685451405.538'::double precision))
   ->  Subquery Scan on "*SELECT* 1128"  (cost=97.82..97.83 rows=1 width=76)
         ->  Limit  (cost=97.82..97.82 rows=1 width=84)
               ->  Sort  (cost=97.82..97.82 rows=1 width=84)
                     Sort Key: (st_distance(st_transform(s_1127.the_geom, 25833), schw_1127.schw))
                     ->  Nested Loop  (cost=0.00..97.81 rows=1 width=84)
                           Join Filter: ((st_transform(s_1127.the_geom, 25833) && st_expand(schw_1127.schw, '300'::double precision)) AND (schw_1127.schw && st_expand(st_transform(s_1127.the_geom, 25833), '300'::double precision)) AND _st_dwithin(st_transform(s_1127.the_geom, 25833), schw_1127.schw, '300'::double precision))
                           ->  Function Scan on schw_1127  (cost=0.00..0.01 rows=1 width=32)
                           ->  Seq Scan on phoml_trajectory_tmp s_1127  (cost=0.00..95.68 rows=17 width=40)
                                 Filter: ((unix_time >= '1685451346.078'::double precision) AND (unix_time <= '1685451406.078'::double precision))
   ->  Subquery Scan on "*SELECT* 1129"  (cost=97.82..97.83 rows=1 width=76)
         ->  Limit  (cost=97.82..97.82 rows=1 width=84)
               ->  Sort  (cost=97.82..97.82 rows=1 width=84)
                     Sort Key: (st_distance(st_transform(s_1128.the_geom, 25833), schw_1128.schw))
                     ->  Nested Loop  (cost=0.00..97.81 rows=1 width=84)
                           Join Filter: ((st_transform(s_1128.the_geom, 25833) && st_expand(schw_1128.schw, '300'::double precision)) AND (schw_1128.schw && st_expand(st_transform(s_1128.the_geom, 25833), '300'::double precision)) AND _st_dwithin(st_transform(s_1128.the_geom, 25833), schw_1128.schw, '300'::double precision))
                           ->  Function Scan on schw_1128  (cost=0.00..0.01 rows=1 width=32)
                           ->  Seq Scan on phoml_trajectory_tmp s_1128  (cost=0.00..95.68 rows=17 width=40)
                                 Filter: ((unix_time >= '1685451346.599'::double precision) AND (unix_time <= '1685451406.599'::double precision))
   ->  Subquery Scan on "*SELECT* 1130"  (cost=97.82..97.83 rows=1 width=76)
         ->  Limit  (cost=97.82..97.82 rows=1 width=84)
               ->  Sort  (cost=97.82..97.82 rows=1 width=84)
                     Sort Key: (st_distance(st_transform(s_1129.the_geom, 25833), schw_1129.schw))
                     ->  Nested Loop  (cost=0.00..97.81 rows=1 width=84)
                           Join Filter: ((st_transform(s_1129.the_geom, 25833) && st_expand(schw_1129.schw, '300'::double precision)) AND (schw_1129.schw && st_expand(st_transform(s_1129.the_geom, 25833), '300'::double precision)) AND _st_dwithin(st_transform(s_1129.the_geom, 25833), schw_1129.schw, '300'::double precision))
                           ->  Function Scan on schw_1129  (cost=0.00..0.01 rows=1 width=32)
                           ->  Seq Scan on phoml_trajectory_tmp s_1129  (cost=0.00..95.68 rows=17 width=40)
                                 Filter: ((unix_time >= '1685451347.109'::double precision) AND (unix_time <= '1685451407.109'::double precision))
   ->  Subquery Scan on "*SELECT* 1131"  (cost=97.82..97.83 rows=1 width=76)
         ->  Limit  (cost=97.82..97.82 rows=1 width=84)
               ->  Sort  (cost=97.82..97.82 rows=1 width=84)
                     Sort Key: (st_distance(st_transform(s_1130.the_geom, 25833), schw_1130.schw))
                     ->  Nested Loop  (cost=0.00..97.81 rows=1 width=84)
                           Join Filter: ((st_transform(s_1130.the_geom, 25833) && st_expand(schw_1130.schw, '300'::double precision)) AND (schw_1130.schw && st_expand(st_transform(s_1130.the_geom, 25833), '300'::double precision)) AND _st_dwithin(st_transform(s_1130.the_geom, 25833), schw_1130.schw, '300'::double precision))
                           ->  Function Scan on schw_1130  (cost=0.00..0.01 rows=1 width=32)
                           ->  Seq Scan on phoml_trajectory_tmp s_1130  (cost=0.00..95.68 rows=17 width=40)
                                 Filter: ((unix_time >= '1685451347.623'::double precision) AND (unix_time <= '1685451407.623'::double precision))
   ->  Subquery Scan on "*SELECT* 1132"  (cost=97.82..97.83 rows=1 width=76)
         ->  Limit  (cost=97.82..97.82 rows=1 width=84)
               ->  Sort  (cost=97.82..97.82 rows=1 width=84)
                     Sort Key: (st_distance(st_transform(s_1131.the_geom, 25833), schw_1131.schw))
                     ->  Nested Loop  (cost=0.00..97.81 rows=1 width=84)
                           Join Filter: ((st_transform(s_1131.the_geom, 25833) && st_expand(schw_1131.schw, '300'::double precision)) AND (schw_1131.schw && st_expand(st_transform(s_1131.the_geom, 25833), '300'::double precision)) AND _st_dwithin(st_transform(s_1131.the_geom, 25833), schw_1131.schw, '300'::double precision))
                           ->  Function Scan on schw_1131  (cost=0.00..0.01 rows=1 width=32)
                           ->  Seq Scan on phoml_trajectory_tmp s_1131  (cost=0.00..95.68 rows=17 width=40)
                                 Filter: ((unix_time >= '1685451348.137'::double precision) AND (unix_time <= '1685451408.137'::double precision))
   ->  Subquery Scan on "*SELECT* 1133"  (cost=97.82..97.83 rows=1 width=76)
         ->  Limit  (cost=97.82..97.82 rows=1 width=84)
               ->  Sort  (cost=97.82..97.82 rows=1 width=84)
                     Sort Key: (st_distance(st_transform(s_1132.the_geom, 25833), schw_1132.schw))
                     ->  Nested Loop  (cost=0.00..97.81 rows=1 width=84)
                           Join Filter: ((st_transform(s_1132.the_geom, 25833) && st_expand(schw_1132.schw, '300'::double precision)) AND (schw_1132.schw && st_expand(st_transform(s_1132.the_geom, 25833), '300'::double precision)) AND _st_dwithin(st_transform(s_1132.the_geom, 25833), schw_1132.schw, '300'::double precision))
                           ->  Function Scan on schw_1132  (cost=0.00..0.01 rows=1 width=32)
                           ->  Seq Scan on phoml_trajectory_tmp s_1132  (cost=0.00..95.68 rows=17 width=40)
                                 Filter: ((unix_time >= '1685451348.607'::double precision) AND (unix_time <= '1685451408.607'::double precision))
   ->  Subquery Scan on "*SELECT* 1134"  (cost=97.82..97.83 rows=1 width=76)
         ->  Limit  (cost=97.82..97.82 rows=1 width=84)
               ->  Sort  (cost=97.82..97.82 rows=1 width=84)
                     Sort Key: (st_distance(st_transform(s_1133.the_geom, 25833), schw_1133.schw))
                     ->  Nested Loop  (cost=0.00..97.81 rows=1 width=84)
                           Join Filter: ((st_transform(s_1133.the_geom, 25833) && st_expand(schw_1133.schw, '300'::double precision)) AND (schw_1133.schw && st_expand(st_transform(s_1133.the_geom, 25833), '300'::double precision)) AND _st_dwithin(st_transform(s_1133.the_geom, 25833), schw_1133.schw, '300'::double precision))
                           ->  Function Scan on schw_1133  (cost=0.00..0.01 rows=1 width=32)
                           ->  Seq Scan on phoml_trajectory_tmp s_1133  (cost=0.00..95.68 rows=17 width=40)
                                 Filter: ((unix_time >= '1685451349.097'::double precision) AND (unix_time <= '1685451409.097'::double precision))
   ->  Subquery Scan on "*SELECT* 1135"  (cost=97.82..97.83 rows=1 width=76)
         ->  Limit  (cost=97.82..97.82 rows=1 width=84)
               ->  Sort  (cost=97.82..97.82 rows=1 width=84)
                     Sort Key: (st_distance(st_transform(s_1134.the_geom, 25833), schw_1134.schw))
                     ->  Nested Loop  (cost=0.00..97.81 rows=1 width=84)
                           Join Filter: ((st_transform(s_1134.the_geom, 25833) && st_expand(schw_1134.schw, '300'::double precision)) AND (schw_1134.schw && st_expand(st_transform(s_1134.the_geom, 25833), '300'::double precision)) AND _st_dwithin(st_transform(s_1134.the_geom, 25833), schw_1134.schw, '300'::double precision))
                           ->  Function Scan on schw_1134  (cost=0.00..0.01 rows=1 width=32)
                           ->  Seq Scan on phoml_trajectory_tmp s_1134  (cost=0.00..95.68 rows=17 width=40)
                                 Filter: ((unix_time >= '1685451349.562'::double precision) AND (unix_time <= '1685451409.562'::double precision))
   ->  Subquery Scan on "*SELECT* 1136"  (cost=97.82..97.83 rows=1 width=76)
         ->  Limit  (cost=97.82..97.82 rows=1 width=84)
               ->  Sort  (cost=97.82..97.82 rows=1 width=84)
                     Sort Key: (st_distance(st_transform(s_1135.the_geom, 25833), schw_1135.schw))
                     ->  Nested Loop  (cost=0.00..97.81 rows=1 width=84)
                           Join Filter: ((st_transform(s_1135.the_geom, 25833) && st_expand(schw_1135.schw, '300'::double precision)) AND (schw_1135.schw && st_expand(st_transform(s_1135.the_geom, 25833), '300'::double precision)) AND _st_dwithin(st_transform(s_1135.the_geom, 25833), schw_1135.schw, '300'::double precision))
                           ->  Function Scan on schw_1135  (cost=0.00..0.01 rows=1 width=32)
                           ->  Seq Scan on phoml_trajectory_tmp s_1135  (cost=0.00..95.68 rows=17 width=40)
                                 Filter: ((unix_time >= '1685451350.052'::double precision) AND (unix_time <= '1685451410.052'::double precision))
   ->  Subquery Scan on "*SELECT* 1137"  (cost=97.82..97.83 rows=1 width=76)
         ->  Limit  (cost=97.82..97.82 rows=1 width=84)
               ->  Sort  (cost=97.82..97.82 rows=1 width=84)
                     Sort Key: (st_distance(st_transform(s_1136.the_geom, 25833), schw_1136.schw))
                     ->  Nested Loop  (cost=0.00..97.81 rows=1 width=84)
                           Join Filter: ((st_transform(s_1136.the_geom, 25833) && st_expand(schw_1136.schw, '300'::double precision)) AND (schw_1136.schw && st_expand(st_transform(s_1136.the_geom, 25833), '300'::double precision)) AND _st_dwithin(st_transform(s_1136.the_geom, 25833), schw_1136.schw, '300'::double precision))
                           ->  Function Scan on schw_1136  (cost=0.00..0.01 rows=1 width=32)
                           ->  Seq Scan on phoml_trajectory_tmp s_1136  (cost=0.00..95.68 rows=17 width=40)
                                 Filter: ((unix_time >= '1685451350.512'::double precision) AND (unix_time <= '1685451410.512'::double precision))
   ->  Subquery Scan on "*SELECT* 1138"  (cost=97.82..97.83 rows=1 width=76)
         ->  Limit  (cost=97.82..97.82 rows=1 width=84)
               ->  Sort  (cost=97.82..97.82 rows=1 width=84)
                     Sort Key: (st_distance(st_transform(s_1137.the_geom, 25833), schw_1137.schw))
                     ->  Nested Loop  (cost=0.00..97.81 rows=1 width=84)
                           Join Filter: ((st_transform(s_1137.the_geom, 25833) && st_expand(schw_1137.schw, '300'::double precision)) AND (schw_1137.schw && st_expand(st_transform(s_1137.the_geom, 25833), '300'::double precision)) AND _st_dwithin(st_transform(s_1137.the_geom, 25833), schw_1137.schw, '300'::double precision))
                           ->  Function Scan on schw_1137  (cost=0.00..0.01 rows=1 width=32)
                           ->  Seq Scan on phoml_trajectory_tmp s_1137  (cost=0.00..95.68 rows=17 width=40)
                                 Filter: ((unix_time >= '1685451350.982'::double precision) AND (unix_time <= '1685451410.982'::double precision))
   ->  Subquery Scan on "*SELECT* 1139"  (cost=97.82..97.83 rows=1 width=76)
         ->  Limit  (cost=97.82..97.82 rows=1 width=84)
               ->  Sort  (cost=97.82..97.82 rows=1 width=84)
                     Sort Key: (st_distance(st_transform(s_1138.the_geom, 25833), schw_1138.schw))
                     ->  Nested Loop  (cost=0.00..97.81 rows=1 width=84)
                           Join Filter: ((st_transform(s_1138.the_geom, 25833) && st_expand(schw_1138.schw, '300'::double precision)) AND (schw_1138.schw && st_expand(st_transform(s_1138.the_geom, 25833), '300'::double precision)) AND _st_dwithin(st_transform(s_1138.the_geom, 25833), schw_1138.schw, '300'::double precision))
                           ->  Function Scan on schw_1138  (cost=0.00..0.01 rows=1 width=32)
                           ->  Seq Scan on phoml_trajectory_tmp s_1138  (cost=0.00..95.68 rows=17 width=40)
                                 Filter: ((unix_time >= '1685451351.436'::double precision) AND (unix_time <= '1685451411.436'::double precision))
   ->  Subquery Scan on "*SELECT* 1140"  (cost=97.82..97.83 rows=1 width=76)
         ->  Limit  (cost=97.82..97.82 rows=1 width=84)
               ->  Sort  (cost=97.82..97.82 rows=1 width=84)
                     Sort Key: (st_distance(st_transform(s_1139.the_geom, 25833), schw_1139.schw))
                     ->  Nested Loop  (cost=0.00..97.81 rows=1 width=84)
                           Join Filter: ((st_transform(s_1139.the_geom, 25833) && st_expand(schw_1139.schw, '300'::double precision)) AND (schw_1139.schw && st_expand(st_transform(s_1139.the_geom, 25833), '300'::double precision)) AND _st_dwithin(st_transform(s_1139.the_geom, 25833), schw_1139.schw, '300'::double precision))
                           ->  Function Scan on schw_1139  (cost=0.00..0.01 rows=1 width=32)
                           ->  Seq Scan on phoml_trajectory_tmp s_1139  (cost=0.00..95.68 rows=17 width=40)
                                 Filter: ((unix_time >= '1685451351.886'::double precision) AND (unix_time <= '1685451411.886'::double precision))
   ->  Subquery Scan on "*SELECT* 1141"  (cost=97.82..97.83 rows=1 width=76)
         ->  Limit  (cost=97.82..97.82 rows=1 width=84)
               ->  Sort  (cost=97.82..97.82 rows=1 width=84)
                     Sort Key: (st_distance(st_transform(s_1140.the_geom, 25833), schw_1140.schw))
                     ->  Nested Loop  (cost=0.00..97.81 rows=1 width=84)
                           Join Filter: ((st_transform(s_1140.the_geom, 25833) && st_expand(schw_1140.schw, '300'::double precision)) AND (schw_1140.schw && st_expand(st_transform(s_1140.the_geom, 25833), '300'::double precision)) AND _st_dwithin(st_transform(s_1140.the_geom, 25833), schw_1140.schw, '300'::double precision))
                           ->  Function Scan on schw_1140  (cost=0.00..0.01 rows=1 width=32)
                           ->  Seq Scan on phoml_trajectory_tmp s_1140  (cost=0.00..95.68 rows=17 width=40)
                                 Filter: ((unix_time >= '1685451352.34'::double precision) AND (unix_time <= '1685451412.34'::double precision))
   ->  Subquery Scan on "*SELECT* 1142"  (cost=97.82..97.83 rows=1 width=76)
         ->  Limit  (cost=97.82..97.82 rows=1 width=84)
               ->  Sort  (cost=97.82..97.82 rows=1 width=84)
                     Sort Key: (st_distance(st_transform(s_1141.the_geom, 25833), schw_1141.schw))
                     ->  Nested Loop  (cost=0.00..97.81 rows=1 width=84)
                           Join Filter: ((st_transform(s_1141.the_geom, 25833) && st_expand(schw_1141.schw, '300'::double precision)) AND (schw_1141.schw && st_expand(st_transform(s_1141.the_geom, 25833), '300'::double precision)) AND _st_dwithin(st_transform(s_1141.the_geom, 25833), schw_1141.schw, '300'::double precision))
                           ->  Function Scan on schw_1141  (cost=0.00..0.01 rows=1 width=32)
                           ->  Seq Scan on phoml_trajectory_tmp s_1141  (cost=0.00..95.68 rows=17 width=40)
                                 Filter: ((unix_time >= '1685451352.78'::double precision) AND (unix_time <= '1685451412.78'::double precision))
   ->  Subquery Scan on "*SELECT* 1143"  (cost=97.82..97.83 rows=1 width=76)
         ->  Limit  (cost=97.82..97.82 rows=1 width=84)
               ->  Sort  (cost=97.82..97.82 rows=1 width=84)
                     Sort Key: (st_distance(st_transform(s_1142.the_geom, 25833), schw_1142.schw))
                     ->  Nested Loop  (cost=0.00..97.81 rows=1 width=84)
                           Join Filter: ((st_transform(s_1142.the_geom, 25833) && st_expand(schw_1142.schw, '300'::double precision)) AND (schw_1142.schw && st_expand(st_transform(s_1142.the_geom, 25833), '300'::double precision)) AND _st_dwithin(st_transform(s_1142.the_geom, 25833), schw_1142.schw, '300'::double precision))
                           ->  Function Scan on schw_1142  (cost=0.00..0.01 rows=1 width=32)
                           ->  Seq Scan on phoml_trajectory_tmp s_1142  (cost=0.00..95.68 rows=17 width=40)
                                 Filter: ((unix_time >= '1685451353.226'::double precision) AND (unix_time <= '1685451413.226'::double precision))
   ->  Subquery Scan on "*SELECT* 1144"  (cost=97.82..97.83 rows=1 width=76)
         ->  Limit  (cost=97.82..97.82 rows=1 width=84)
               ->  Sort  (cost=97.82..97.82 rows=1 width=84)
                     Sort Key: (st_distance(st_transform(s_1143.the_geom, 25833), schw_1143.schw))
                     ->  Nested Loop  (cost=0.00..97.81 rows=1 width=84)
                           Join Filter: ((st_transform(s_1143.the_geom, 25833) && st_expand(schw_1143.schw, '300'::double precision)) AND (schw_1143.schw && st_expand(st_transform(s_1143.the_geom, 25833), '300'::double precision)) AND _st_dwithin(st_transform(s_1143.the_geom, 25833), schw_1143.schw, '300'::double precision))
                           ->  Function Scan on schw_1143  (cost=0.00..0.01 rows=1 width=32)
                           ->  Seq Scan on phoml_trajectory_tmp s_1143  (cost=0.00..95.68 rows=17 width=40)
                                 Filter: ((unix_time >= '1685451353.699'::double precision) AND (unix_time <= '1685451413.699'::double precision))
   ->  Subquery Scan on "*SELECT* 1145"  (cost=97.82..97.83 rows=1 width=76)
         ->  Limit  (cost=97.82..97.82 rows=1 width=84)
               ->  Sort  (cost=97.82..97.82 rows=1 width=84)
                     Sort Key: (st_distance(st_transform(s_1144.the_geom, 25833), schw_1144.schw))
                     ->  Nested Loop  (cost=0.00..97.81 rows=1 width=84)
                           Join Filter: ((st_transform(s_1144.the_geom, 25833) && st_expand(schw_1144.schw, '300'::double precision)) AND (schw_1144.schw && st_expand(st_transform(s_1144.the_geom, 25833), '300'::double precision)) AND _st_dwithin(st_transform(s_1144.the_geom, 25833), schw_1144.schw, '300'::double precision))
                           ->  Function Scan on schw_1144  (cost=0.00..0.01 rows=1 width=32)
                           ->  Seq Scan on phoml_trajectory_tmp s_1144  (cost=0.00..95.68 rows=17 width=40)
                                 Filter: ((unix_time >= '1685451354.141'::double precision) AND (unix_time <= '1685451414.141'::double precision))
   ->  Subquery Scan on "*SELECT* 1146"  (cost=97.82..97.83 rows=1 width=76)
         ->  Limit  (cost=97.82..97.82 rows=1 width=84)
               ->  Sort  (cost=97.82..97.82 rows=1 width=84)
                     Sort Key: (st_distance(st_transform(s_1145.the_geom, 25833), schw_1145.schw))
                     ->  Nested Loop  (cost=0.00..97.81 rows=1 width=84)
                           Join Filter: ((st_transform(s_1145.the_geom, 25833) && st_expand(schw_1145.schw, '300'::double precision)) AND (schw_1145.schw && st_expand(st_transform(s_1145.the_geom, 25833), '300'::double precision)) AND _st_dwithin(st_transform(s_1145.the_geom, 25833), schw_1145.schw, '300'::double precision))
                           ->  Function Scan on schw_1145  (cost=0.00..0.01 rows=1 width=32)
                           ->  Seq Scan on phoml_trajectory_tmp s_1145  (cost=0.00..95.68 rows=17 width=40)
                                 Filter: ((unix_time >= '1685451354.565'::double precision) AND (unix_time <= '1685451414.565'::double precision))
   ->  Subquery Scan on "*SELECT* 1147"  (cost=97.82..97.83 rows=1 width=76)
         ->  Limit  (cost=97.82..97.82 rows=1 width=84)
               ->  Sort  (cost=97.82..97.82 rows=1 width=84)
                     Sort Key: (st_distance(st_transform(s_1146.the_geom, 25833), schw_1146.schw))
                     ->  Nested Loop  (cost=0.00..97.81 rows=1 width=84)
                           Join Filter: ((st_transform(s_1146.the_geom, 25833) && st_expand(schw_1146.schw, '300'::double precision)) AND (schw_1146.schw && st_expand(st_transform(s_1146.the_geom, 25833), '300'::double precision)) AND _st_dwithin(st_transform(s_1146.the_geom, 25833), schw_1146.schw, '300'::double precision))
                           ->  Function Scan on schw_1146  (cost=0.00..0.01 rows=1 width=32)
                           ->  Seq Scan on phoml_trajectory_tmp s_1146  (cost=0.00..95.68 rows=17 width=40)
                                 Filter: ((unix_time >= '1685451354.987'::double precision) AND (unix_time <= '1685451414.987'::double precision))
   ->  Subquery Scan on "*SELECT* 1148"  (cost=97.82..97.83 rows=1 width=76)
         ->  Limit  (cost=97.82..97.82 rows=1 width=84)
               ->  Sort  (cost=97.82..97.82 rows=1 width=84)
                     Sort Key: (st_distance(st_transform(s_1147.the_geom, 25833), schw_1147.schw))
                     ->  Nested Loop  (cost=0.00..97.81 rows=1 width=84)
                           Join Filter: ((st_transform(s_1147.the_geom, 25833) && st_expand(schw_1147.schw, '300'::double precision)) AND (schw_1147.schw && st_expand(st_transform(s_1147.the_geom, 25833), '300'::double precision)) AND _st_dwithin(st_transform(s_1147.the_geom, 25833), schw_1147.schw, '300'::double precision))
                           ->  Function Scan on schw_1147  (cost=0.00..0.01 rows=1 width=32)
                           ->  Seq Scan on phoml_trajectory_tmp s_1147  (cost=0.00..95.68 rows=17 width=40)
                                 Filter: ((unix_time >= '1685451355.412'::double precision) AND (unix_time <= '1685451415.412'::double precision))
   ->  Subquery Scan on "*SELECT* 1149"  (cost=97.82..97.83 rows=1 width=76)
         ->  Limit  (cost=97.82..97.82 rows=1 width=84)
               ->  Sort  (cost=97.82..97.82 rows=1 width=84)
                     Sort Key: (st_distance(st_transform(s_1148.the_geom, 25833), schw_1148.schw))
                     ->  Nested Loop  (cost=0.00..97.81 rows=1 width=84)
                           Join Filter: ((st_transform(s_1148.the_geom, 25833) && st_expand(schw_1148.schw, '300'::double precision)) AND (schw_1148.schw && st_expand(st_transform(s_1148.the_geom, 25833), '300'::double precision)) AND _st_dwithin(st_transform(s_1148.the_geom, 25833), schw_1148.schw, '300'::double precision))
                           ->  Function Scan on schw_1148  (cost=0.00..0.01 rows=1 width=32)
                           ->  Seq Scan on phoml_trajectory_tmp s_1148  (cost=0.00..95.68 rows=17 width=40)
                                 Filter: ((unix_time >= '1685451355.832'::double precision) AND (unix_time <= '1685451415.832'::double precision))
   ->  Subquery Scan on "*SELECT* 1150"  (cost=97.82..97.83 rows=1 width=76)
         ->  Limit  (cost=97.82..97.82 rows=1 width=84)
               ->  Sort  (cost=97.82..97.82 rows=1 width=84)
                     Sort Key: (st_distance(st_transform(s_1149.the_geom, 25833), schw_1149.schw))
                     ->  Nested Loop  (cost=0.00..97.81 rows=1 width=84)
                           Join Filter: ((st_transform(s_1149.the_geom, 25833) && st_expand(schw_1149.schw, '300'::double precision)) AND (schw_1149.schw && st_expand(st_transform(s_1149.the_geom, 25833), '300'::double precision)) AND _st_dwithin(st_transform(s_1149.the_geom, 25833), schw_1149.schw, '300'::double precision))
                           ->  Function Scan on schw_1149  (cost=0.00..0.01 rows=1 width=32)
                           ->  Seq Scan on phoml_trajectory_tmp s_1149  (cost=0.00..95.68 rows=17 width=40)
                                 Filter: ((unix_time >= '1685451356.207'::double precision) AND (unix_time <= '1685451416.207'::double precision))
   ->  Subquery Scan on "*SELECT* 1151"  (cost=97.82..97.83 rows=1 width=76)
         ->  Limit  (cost=97.82..97.82 rows=1 width=84)
               ->  Sort  (cost=97.82..97.82 rows=1 width=84)
                     Sort Key: (st_distance(st_transform(s_1150.the_geom, 25833), schw_1150.schw))
                     ->  Nested Loop  (cost=0.00..97.81 rows=1 width=84)
                           Join Filter: ((st_transform(s_1150.the_geom, 25833) && st_expand(schw_1150.schw, '300'::double precision)) AND (schw_1150.schw && st_expand(st_transform(s_1150.the_geom, 25833), '300'::double precision)) AND _st_dwithin(st_transform(s_1150.the_geom, 25833), schw_1150.schw, '300'::double precision))
                           ->  Function Scan on schw_1150  (cost=0.00..0.01 rows=1 width=32)
                           ->  Seq Scan on phoml_trajectory_tmp s_1150  (cost=0.00..95.68 rows=17 width=40)
                                 Filter: ((unix_time >= '1685451356.627'::double precision) AND (unix_time <= '1685451416.627'::double precision))
   ->  Subquery Scan on "*SELECT* 1152"  (cost=97.82..97.83 rows=1 width=76)
         ->  Limit  (cost=97.82..97.82 rows=1 width=84)
               ->  Sort  (cost=97.82..97.82 rows=1 width=84)
                     Sort Key: (st_distance(st_transform(s_1151.the_geom, 25833), schw_1151.schw))
                     ->  Nested Loop  (cost=0.00..97.81 rows=1 width=84)
                           Join Filter: ((st_transform(s_1151.the_geom, 25833) && st_expand(schw_1151.schw, '300'::double precision)) AND (schw_1151.schw && st_expand(st_transform(s_1151.the_geom, 25833), '300'::double precision)) AND _st_dwithin(st_transform(s_1151.the_geom, 25833), schw_1151.schw, '300'::double precision))
                           ->  Function Scan on schw_1151  (cost=0.00..0.01 rows=1 width=32)
                           ->  Seq Scan on phoml_trajectory_tmp s_1151  (cost=0.00..95.68 rows=17 width=40)
                                 Filter: ((unix_time >= '1685451357.079'::double precision) AND (unix_time <= '1685451417.079'::double precision))
   ->  Subquery Scan on "*SELECT* 1153"  (cost=97.82..97.83 rows=1 width=76)
         ->  Limit  (cost=97.82..97.82 rows=1 width=84)
               ->  Sort  (cost=97.82..97.82 rows=1 width=84)
                     Sort Key: (st_distance(st_transform(s_1152.the_geom, 25833), schw_1152.schw))
                     ->  Nested Loop  (cost=0.00..97.81 rows=1 width=84)
                           Join Filter: ((st_transform(s_1152.the_geom, 25833) && st_expand(schw_1152.schw, '300'::double precision)) AND (schw_1152.schw && st_expand(st_transform(s_1152.the_geom, 25833), '300'::double precision)) AND _st_dwithin(st_transform(s_1152.the_geom, 25833), schw_1152.schw, '300'::double precision))
                           ->  Function Scan on schw_1152  (cost=0.00..0.01 rows=1 width=32)
                           ->  Seq Scan on phoml_trajectory_tmp s_1152  (cost=0.00..95.68 rows=17 width=40)
                                 Filter: ((unix_time >= '1685451357.496'::double precision) AND (unix_time <= '1685451417.496'::double precision))
   ->  Subquery Scan on "*SELECT* 1154"  (cost=97.82..97.83 rows=1 width=76)
         ->  Limit  (cost=97.82..97.82 rows=1 width=84)
               ->  Sort  (cost=97.82..97.82 rows=1 width=84)
                     Sort Key: (st_distance(st_transform(s_1153.the_geom, 25833), schw_1153.schw))
                     ->  Nested Loop  (cost=0.00..97.81 rows=1 width=84)
                           Join Filter: ((st_transform(s_1153.the_geom, 25833) && st_expand(schw_1153.schw, '300'::double precision)) AND (schw_1153.schw && st_expand(st_transform(s_1153.the_geom, 25833), '300'::double precision)) AND _st_dwithin(st_transform(s_1153.the_geom, 25833), schw_1153.schw, '300'::double precision))
                           ->  Function Scan on schw_1153  (cost=0.00..0.01 rows=1 width=32)
                           ->  Seq Scan on phoml_trajectory_tmp s_1153  (cost=0.00..95.68 rows=17 width=40)
                                 Filter: ((unix_time >= '1685451357.906'::double precision) AND (unix_time <= '1685451417.906'::double precision))
   ->  Subquery Scan on "*SELECT* 1155"  (cost=97.82..97.83 rows=1 width=76)
         ->  Limit  (cost=97.82..97.82 rows=1 width=84)
               ->  Sort  (cost=97.82..97.82 rows=1 width=84)
                     Sort Key: (st_distance(st_transform(s_1154.the_geom, 25833), schw_1154.schw))
                     ->  Nested Loop  (cost=0.00..97.81 rows=1 width=84)
                           Join Filter: ((st_transform(s_1154.the_geom, 25833) && st_expand(schw_1154.schw, '300'::double precision)) AND (schw_1154.schw && st_expand(st_transform(s_1154.the_geom, 25833), '300'::double precision)) AND _st_dwithin(st_transform(s_1154.the_geom, 25833), schw_1154.schw, '300'::double precision))
                           ->  Function Scan on schw_1154  (cost=0.00..0.01 rows=1 width=32)
                           ->  Seq Scan on phoml_trajectory_tmp s_1154  (cost=0.00..95.68 rows=17 width=40)
                                 Filter: ((unix_time >= '1685451358.291'::double precision) AND (unix_time <= '1685451418.291'::double precision))
   ->  Subquery Scan on "*SELECT* 1156"  (cost=97.82..97.83 rows=1 width=76)
         ->  Limit  (cost=97.82..97.82 rows=1 width=84)
               ->  Sort  (cost=97.82..97.82 rows=1 width=84)
                     Sort Key: (st_distance(st_transform(s_1155.the_geom, 25833), schw_1155.schw))
                     ->  Nested Loop  (cost=0.00..97.81 rows=1 width=84)
                           Join Filter: ((st_transform(s_1155.the_geom, 25833) && st_expand(schw_1155.schw, '300'::double precision)) AND (schw_1155.schw && st_expand(st_transform(s_1155.the_geom, 25833), '300'::double precision)) AND _st_dwithin(st_transform(s_1155.the_geom, 25833), schw_1155.schw, '300'::double precision))
                           ->  Function Scan on schw_1155  (cost=0.00..0.01 rows=1 width=32)
                           ->  Seq Scan on phoml_trajectory_tmp s_1155  (cost=0.00..95.68 rows=17 width=40)
                                 Filter: ((unix_time >= '1685451358.752'::double precision) AND (unix_time <= '1685451418.752'::double precision))
   ->  Subquery Scan on "*SELECT* 1157"  (cost=97.82..97.83 rows=1 width=76)
         ->  Limit  (cost=97.82..97.82 rows=1 width=84)
               ->  Sort  (cost=97.82..97.82 rows=1 width=84)
                     Sort Key: (st_distance(st_transform(s_1156.the_geom, 25833), schw_1156.schw))
                     ->  Nested Loop  (cost=0.00..97.81 rows=1 width=84)
                           Join Filter: ((st_transform(s_1156.the_geom, 25833) && st_expand(schw_1156.schw, '300'::double precision)) AND (schw_1156.schw && st_expand(st_transform(s_1156.the_geom, 25833), '300'::double precision)) AND _st_dwithin(st_transform(s_1156.the_geom, 25833), schw_1156.schw, '300'::double precision))
                           ->  Function Scan on schw_1156  (cost=0.00..0.01 rows=1 width=32)
                           ->  Seq Scan on phoml_trajectory_tmp s_1156  (cost=0.00..95.68 rows=17 width=40)
                                 Filter: ((unix_time >= '1685451359.15'::double precision) AND (unix_time <= '1685451419.15'::double precision))
   ->  Subquery Scan on "*SELECT* 1158"  (cost=97.82..97.83 rows=1 width=76)
         ->  Limit  (cost=97.82..97.82 rows=1 width=84)
               ->  Sort  (cost=97.82..97.82 rows=1 width=84)
                     Sort Key: (st_distance(st_transform(s_1157.the_geom, 25833), schw_1157.schw))
                     ->  Nested Loop  (cost=0.00..97.81 rows=1 width=84)
                           Join Filter: ((st_transform(s_1157.the_geom, 25833) && st_expand(schw_1157.schw, '300'::double precision)) AND (schw_1157.schw && st_expand(st_transform(s_1157.the_geom, 25833), '300'::double precision)) AND _st_dwithin(st_transform(s_1157.the_geom, 25833), schw_1157.schw, '300'::double precision))
                           ->  Function Scan on schw_1157  (cost=0.00..0.01 rows=1 width=32)
                           ->  Seq Scan on phoml_trajectory_tmp s_1157  (cost=0.00..95.68 rows=17 width=40)
                                 Filter: ((unix_time >= '1685451359.57'::double precision) AND (unix_time <= '1685451419.57'::double precision))
   ->  Subquery Scan on "*SELECT* 1159"  (cost=97.82..97.83 rows=1 width=76)
         ->  Limit  (cost=97.82..97.82 rows=1 width=84)
               ->  Sort  (cost=97.82..97.82 rows=1 width=84)
                     Sort Key: (st_distance(st_transform(s_1158.the_geom, 25833), schw_1158.schw))
                     ->  Nested Loop  (cost=0.00..97.81 rows=1 width=84)
                           Join Filter: ((st_transform(s_1158.the_geom, 25833) && st_expand(schw_1158.schw, '300'::double precision)) AND (schw_1158.schw && st_expand(st_transform(s_1158.the_geom, 25833), '300'::double precision)) AND _st_dwithin(st_transform(s_1158.the_geom, 25833), schw_1158.schw, '300'::double precision))
                           ->  Function Scan on schw_1158  (cost=0.00..0.01 rows=1 width=32)
                           ->  Seq Scan on phoml_trajectory_tmp s_1158  (cost=0.00..95.68 rows=17 width=40)
                                 Filter: ((unix_time >= '1685451360'::double precision) AND (unix_time <= '1685451420'::double precision))
   ->  Subquery Scan on "*SELECT* 1160"  (cost=97.82..97.83 rows=1 width=76)
         ->  Limit  (cost=97.82..97.82 rows=1 width=84)
               ->  Sort  (cost=97.82..97.82 rows=1 width=84)
                     Sort Key: (st_distance(st_transform(s_1159.the_geom, 25833), schw_1159.schw))
                     ->  Nested Loop  (cost=0.00..97.81 rows=1 width=84)
                           Join Filter: ((st_transform(s_1159.the_geom, 25833) && st_expand(schw_1159.schw, '300'::double precision)) AND (schw_1159.schw && st_expand(st_transform(s_1159.the_geom, 25833), '300'::double precision)) AND _st_dwithin(st_transform(s_1159.the_geom, 25833), schw_1159.schw, '300'::double precision))
                           ->  Function Scan on schw_1159  (cost=0.00..0.01 rows=1 width=32)
                           ->  Seq Scan on phoml_trajectory_tmp s_1159  (cost=0.00..95.68 rows=17 width=40)
                                 Filter: ((unix_time >= '1685451360.44'::double precision) AND (unix_time <= '1685451420.44'::double precision))
   ->  Subquery Scan on "*SELECT* 1161"  (cost=97.82..97.83 rows=1 width=76)
         ->  Limit  (cost=97.82..97.82 rows=1 width=84)
               ->  Sort  (cost=97.82..97.82 rows=1 width=84)
                     Sort Key: (st_distance(st_transform(s_1160.the_geom, 25833), schw_1160.schw))
                     ->  Nested Loop  (cost=0.00..97.81 rows=1 width=84)
                           Join Filter: ((st_transform(s_1160.the_geom, 25833) && st_expand(schw_1160.schw, '300'::double precision)) AND (schw_1160.schw && st_expand(st_transform(s_1160.the_geom, 25833), '300'::double precision)) AND _st_dwithin(st_transform(s_1160.the_geom, 25833), schw_1160.schw, '300'::double precision))
                           ->  Function Scan on schw_1160  (cost=0.00..0.01 rows=1 width=32)
                           ->  Seq Scan on phoml_trajectory_tmp s_1160  (cost=0.00..95.68 rows=17 width=40)
                                 Filter: ((unix_time >= '1685451360.88'::double precision) AND (unix_time <= '1685451420.88'::double precision))
   ->  Subquery Scan on "*SELECT* 1162"  (cost=97.82..97.83 rows=1 width=76)
         ->  Limit  (cost=97.82..97.82 rows=1 width=84)
               ->  Sort  (cost=97.82..97.82 rows=1 width=84)
                     Sort Key: (st_distance(st_transform(s_1161.the_geom, 25833), schw_1161.schw))
                     ->  Nested Loop  (cost=0.00..97.81 rows=1 width=84)
                           Join Filter: ((st_transform(s_1161.the_geom, 25833) && st_expand(schw_1161.schw, '300'::double precision)) AND (schw_1161.schw && st_expand(st_transform(s_1161.the_geom, 25833), '300'::double precision)) AND _st_dwithin(st_transform(s_1161.the_geom, 25833), schw_1161.schw, '300'::double precision))
                           ->  Function Scan on schw_1161  (cost=0.00..0.01 rows=1 width=32)
                           ->  Seq Scan on phoml_trajectory_tmp s_1161  (cost=0.00..95.68 rows=17 width=40)
                                 Filter: ((unix_time >= '1685451361.316'::double precision) AND (unix_time <= '1685451421.316'::double precision))
   ->  Subquery Scan on "*SELECT* 1163"  (cost=97.82..97.83 rows=1 width=76)
         ->  Limit  (cost=97.82..97.82 rows=1 width=84)
               ->  Sort  (cost=97.82..97.82 rows=1 width=84)
                     Sort Key: (st_distance(st_transform(s_1162.the_geom, 25833), schw_1162.schw))
                     ->  Nested Loop  (cost=0.00..97.81 rows=1 width=84)
                           Join Filter: ((st_transform(s_1162.the_geom, 25833) && st_expand(schw_1162.schw, '300'::double precision)) AND (schw_1162.schw && st_expand(st_transform(s_1162.the_geom, 25833), '300'::double precision)) AND _st_dwithin(st_transform(s_1162.the_geom, 25833), schw_1162.schw, '300'::double precision))
                           ->  Function Scan on schw_1162  (cost=0.00..0.01 rows=1 width=32)
                           ->  Seq Scan on phoml_trajectory_tmp s_1162  (cost=0.00..95.68 rows=17 width=40)
                                 Filter: ((unix_time >= '1685451361.756'::double precision) AND (unix_time <= '1685451421.756'::double precision))
   ->  Subquery Scan on "*SELECT* 1164"  (cost=97.82..97.83 rows=1 width=76)
         ->  Limit  (cost=97.82..97.82 rows=1 width=84)
               ->  Sort  (cost=97.82..97.82 rows=1 width=84)
                     Sort Key: (st_distance(st_transform(s_1163.the_geom, 25833), schw_1163.schw))
                     ->  Nested Loop  (cost=0.00..97.81 rows=1 width=84)
                           Join Filter: ((st_transform(s_1163.the_geom, 25833) && st_expand(schw_1163.schw, '300'::double precision)) AND (schw_1163.schw && st_expand(st_transform(s_1163.the_geom, 25833), '300'::double precision)) AND _st_dwithin(st_transform(s_1163.the_geom, 25833), schw_1163.schw, '300'::double precision))
                           ->  Function Scan on schw_1163  (cost=0.00..0.01 rows=1 width=32)
                           ->  Seq Scan on phoml_trajectory_tmp s_1163  (cost=0.00..95.68 rows=17 width=40)
                                 Filter: ((unix_time >= '1685451362.188'::double precision) AND (unix_time <= '1685451422.188'::double precision))
   ->  Subquery Scan on "*SELECT* 1165"  (cost=97.82..97.83 rows=1 width=76)
         ->  Limit  (cost=97.82..97.82 rows=1 width=84)
               ->  Sort  (cost=97.82..97.82 rows=1 width=84)
                     Sort Key: (st_distance(st_transform(s_1164.the_geom, 25833), schw_1164.schw))
                     ->  Nested Loop  (cost=0.00..97.81 rows=1 width=84)
                           Join Filter: ((st_transform(s_1164.the_geom, 25833) && st_expand(schw_1164.schw, '300'::double precision)) AND (schw_1164.schw && st_expand(st_transform(s_1164.the_geom, 25833), '300'::double precision)) AND _st_dwithin(st_transform(s_1164.the_geom, 25833), schw_1164.schw, '300'::double precision))
                           ->  Function Scan on schw_1164  (cost=0.00..0.01 rows=1 width=32)
                           ->  Seq Scan on phoml_trajectory_tmp s_1164  (cost=0.00..95.68 rows=17 width=40)
                                 Filter: ((unix_time >= '1685451362.618'::double precision) AND (unix_time <= '1685451422.618'::double precision))
   ->  Subquery Scan on "*SELECT* 1166"  (cost=97.82..97.83 rows=1 width=76)
         ->  Limit  (cost=97.82..97.82 rows=1 width=84)
               ->  Sort  (cost=97.82..97.82 rows=1 width=84)
                     Sort Key: (st_distance(st_transform(s_1165.the_geom, 25833), schw_1165.schw))
                     ->  Nested Loop  (cost=0.00..97.81 rows=1 width=84)
                           Join Filter: ((st_transform(s_1165.the_geom, 25833) && st_expand(schw_1165.schw, '300'::double precision)) AND (schw_1165.schw && st_expand(st_transform(s_1165.the_geom, 25833), '300'::double precision)) AND _st_dwithin(st_transform(s_1165.the_geom, 25833), schw_1165.schw, '300'::double precision))
                           ->  Function Scan on schw_1165  (cost=0.00..0.01 rows=1 width=32)
                           ->  Seq Scan on phoml_trajectory_tmp s_1165  (cost=0.00..95.68 rows=17 width=40)
                                 Filter: ((unix_time >= '1685451363.038'::double precision) AND (unix_time <= '1685451423.038'::double precision))
   ->  Subquery Scan on "*SELECT* 1167"  (cost=97.82..97.83 rows=1 width=76)
         ->  Limit  (cost=97.82..97.82 rows=1 width=84)
               ->  Sort  (cost=97.82..97.82 rows=1 width=84)
                     Sort Key: (st_distance(st_transform(s_1166.the_geom, 25833), schw_1166.schw))
                     ->  Nested Loop  (cost=0.00..97.81 rows=1 width=84)
                           Join Filter: ((st_transform(s_1166.the_geom, 25833) && st_expand(schw_1166.schw, '300'::double precision)) AND (schw_1166.schw && st_expand(st_transform(s_1166.the_geom, 25833), '300'::double precision)) AND _st_dwithin(st_transform(s_1166.the_geom, 25833), schw_1166.schw, '300'::double precision))
                           ->  Function Scan on schw_1166  (cost=0.00..0.01 rows=1 width=32)
                           ->  Seq Scan on phoml_trajectory_tmp s_1166  (cost=0.00..95.68 rows=17 width=40)
                                 Filter: ((unix_time >= '1685451363.464'::double precision) AND (unix_time <= '1685451423.464'::double precision))
   ->  Subquery Scan on "*SELECT* 1168"  (cost=97.82..97.83 rows=1 width=76)
         ->  Limit  (cost=97.82..97.82 rows=1 width=84)
               ->  Sort  (cost=97.82..97.82 rows=1 width=84)
                     Sort Key: (st_distance(st_transform(s_1167.the_geom, 25833), schw_1167.schw))
                     ->  Nested Loop  (cost=0.00..97.81 rows=1 width=84)
                           Join Filter: ((st_transform(s_1167.the_geom, 25833) && st_expand(schw_1167.schw, '300'::double precision)) AND (schw_1167.schw && st_expand(st_transform(s_1167.the_geom, 25833), '300'::double precision)) AND _st_dwithin(st_transform(s_1167.the_geom, 25833), schw_1167.schw, '300'::double precision))
                           ->  Function Scan on schw_1167  (cost=0.00..0.01 rows=1 width=32)
                           ->  Seq Scan on phoml_trajectory_tmp s_1167  (cost=0.00..95.68 rows=17 width=40)
                                 Filter: ((unix_time >= '1685451363.884'::double precision) AND (unix_time <= '1685451423.884'::double precision))
   ->  Subquery Scan on "*SELECT* 1169"  (cost=97.82..97.83 rows=1 width=76)
         ->  Limit  (cost=97.82..97.82 rows=1 width=84)
               ->  Sort  (cost=97.82..97.82 rows=1 width=84)
                     Sort Key: (st_distance(st_transform(s_1168.the_geom, 25833), schw_1168.schw))
                     ->  Nested Loop  (cost=0.00..97.81 rows=1 width=84)
                           Join Filter: ((st_transform(s_1168.the_geom, 25833) && st_expand(schw_1168.schw, '300'::double precision)) AND (schw_1168.schw && st_expand(st_transform(s_1168.the_geom, 25833), '300'::double precision)) AND _st_dwithin(st_transform(s_1168.the_geom, 25833), schw_1168.schw, '300'::double precision))
                           ->  Function Scan on schw_1168  (cost=0.00..0.01 rows=1 width=32)
                           ->  Seq Scan on phoml_trajectory_tmp s_1168  (cost=0.00..95.68 rows=17 width=40)
                                 Filter: ((unix_time >= '1685451364.289'::double precision) AND (unix_time <= '1685451424.289'::double precision))
   ->  Subquery Scan on "*SELECT* 1170"  (cost=97.82..97.83 rows=1 width=76)
         ->  Limit  (cost=97.82..97.82 rows=1 width=84)
               ->  Sort  (cost=97.82..97.82 rows=1 width=84)
                     Sort Key: (st_distance(st_transform(s_1169.the_geom, 25833), schw_1169.schw))
                     ->  Nested Loop  (cost=0.00..97.81 rows=1 width=84)
                           Join Filter: ((st_transform(s_1169.the_geom, 25833) && st_expand(schw_1169.schw, '300'::double precision)) AND (schw_1169.schw && st_expand(st_transform(s_1169.the_geom, 25833), '300'::double precision)) AND _st_dwithin(st_transform(s_1169.the_geom, 25833), schw_1169.schw, '300'::double precision))
                           ->  Function Scan on schw_1169  (cost=0.00..0.01 rows=1 width=32)
                           ->  Seq Scan on phoml_trajectory_tmp s_1169  (cost=0.00..95.68 rows=17 width=40)
                                 Filter: ((unix_time >= '1685451364.709'::double precision) AND (unix_time <= '1685451424.709'::double precision))
   ->  Subquery Scan on "*SELECT* 1171"  (cost=97.82..97.83 rows=1 width=76)
         ->  Limit  (cost=97.82..97.82 rows=1 width=84)
               ->  Sort  (cost=97.82..97.82 rows=1 width=84)
                     Sort Key: (st_distance(st_transform(s_1170.the_geom, 25833), schw_1170.schw))
                     ->  Nested Loop  (cost=0.00..97.81 rows=1 width=84)
                           Join Filter: ((st_transform(s_1170.the_geom, 25833) && st_expand(schw_1170.schw, '300'::double precision)) AND (schw_1170.schw && st_expand(st_transform(s_1170.the_geom, 25833), '300'::double precision)) AND _st_dwithin(st_transform(s_1170.the_geom, 25833), schw_1170.schw, '300'::double precision))
                           ->  Function Scan on schw_1170  (cost=0.00..0.01 rows=1 width=32)
                           ->  Seq Scan on phoml_trajectory_tmp s_1170  (cost=0.00..95.68 rows=17 width=40)
                                 Filter: ((unix_time >= '1685451365.109'::double precision) AND (unix_time <= '1685451425.109'::double precision))
   ->  Subquery Scan on "*SELECT* 1172"  (cost=97.82..97.83 rows=1 width=76)
         ->  Limit  (cost=97.82..97.82 rows=1 width=84)
               ->  Sort  (cost=97.82..97.82 rows=1 width=84)
                     Sort Key: (st_distance(st_transform(s_1171.the_geom, 25833), schw_1171.schw))
                     ->  Nested Loop  (cost=0.00..97.81 rows=1 width=84)
                           Join Filter: ((st_transform(s_1171.the_geom, 25833) && st_expand(schw_1171.schw, '300'::double precision)) AND (schw_1171.schw && st_expand(st_transform(s_1171.the_geom, 25833), '300'::double precision)) AND _st_dwithin(st_transform(s_1171.the_geom, 25833), schw_1171.schw, '300'::double precision))
                           ->  Function Scan on schw_1171  (cost=0.00..0.01 rows=1 width=32)
                           ->  Seq Scan on phoml_trajectory_tmp s_1171  (cost=0.00..95.68 rows=17 width=40)
                                 Filter: ((unix_time >= '1685451365.514'::double precision) AND (unix_time <= '1685451425.514'::double precision))
   ->  Subquery Scan on "*SELECT* 1173"  (cost=97.82..97.83 rows=1 width=76)
         ->  Limit  (cost=97.82..97.82 rows=1 width=84)
               ->  Sort  (cost=97.82..97.82 rows=1 width=84)
                     Sort Key: (st_distance(st_transform(s_1172.the_geom, 25833), schw_1172.schw))
                     ->  Nested Loop  (cost=0.00..97.81 rows=1 width=84)
                           Join Filter: ((st_transform(s_1172.the_geom, 25833) && st_expand(schw_1172.schw, '300'::double precision)) AND (schw_1172.schw && st_expand(st_transform(s_1172.the_geom, 25833), '300'::double precision)) AND _st_dwithin(st_transform(s_1172.the_geom, 25833), schw_1172.schw, '300'::double precision))
                           ->  Function Scan on schw_1172  (cost=0.00..0.01 rows=1 width=32)
                           ->  Seq Scan on phoml_trajectory_tmp s_1172  (cost=0.00..95.68 rows=17 width=40)
                                 Filter: ((unix_time >= '1685451365.914'::double precision) AND (unix_time <= '1685451425.914'::double precision))
   ->  Subquery Scan on "*SELECT* 1174"  (cost=97.82..97.83 rows=1 width=76)
         ->  Limit  (cost=97.82..97.82 rows=1 width=84)
               ->  Sort  (cost=97.82..97.82 rows=1 width=84)
                     Sort Key: (st_distance(st_transform(s_1173.the_geom, 25833), schw_1173.schw))
                     ->  Nested Loop  (cost=0.00..97.81 rows=1 width=84)
                           Join Filter: ((st_transform(s_1173.the_geom, 25833) && st_expand(schw_1173.schw, '300'::double precision)) AND (schw_1173.schw && st_expand(st_transform(s_1173.the_geom, 25833), '300'::double precision)) AND _st_dwithin(st_transform(s_1173.the_geom, 25833), schw_1173.schw, '300'::double precision))
                           ->  Function Scan on schw_1173  (cost=0.00..0.01 rows=1 width=32)
                           ->  Seq Scan on phoml_trajectory_tmp s_1173  (cost=0.00..95.68 rows=17 width=40)
                                 Filter: ((unix_time >= '1685451366.297'::double precision) AND (unix_time <= '1685451426.297'::double precision))
   ->  Subquery Scan on "*SELECT* 1175"  (cost=97.82..97.83 rows=1 width=76)
         ->  Limit  (cost=97.82..97.82 rows=1 width=84)
               ->  Sort  (cost=97.82..97.82 rows=1 width=84)
                     Sort Key: (st_distance(st_transform(s_1174.the_geom, 25833), schw_1174.schw))
                     ->  Nested Loop  (cost=0.00..97.81 rows=1 width=84)
                           Join Filter: ((st_transform(s_1174.the_geom, 25833) && st_expand(schw_1174.schw, '300'::double precision)) AND (schw_1174.schw && st_expand(st_transform(s_1174.the_geom, 25833), '300'::double precision)) AND _st_dwithin(st_transform(s_1174.the_geom, 25833), schw_1174.schw, '300'::double precision))
                           ->  Function Scan on schw_1174  (cost=0.00..0.01 rows=1 width=32)
                           ->  Seq Scan on phoml_trajectory_tmp s_1174  (cost=0.00..95.68 rows=17 width=40)
                                 Filter: ((unix_time >= '1685451366.697'::double precision) AND (unix_time <= '1685451426.697'::double precision))
   ->  Subquery Scan on "*SELECT* 1176"  (cost=97.82..97.83 rows=1 width=76)
         ->  Limit  (cost=97.82..97.82 rows=1 width=84)
               ->  Sort  (cost=97.82..97.82 rows=1 width=84)
                     Sort Key: (st_distance(st_transform(s_1175.the_geom, 25833), schw_1175.schw))
                     ->  Nested Loop  (cost=0.00..97.81 rows=1 width=84)
                           Join Filter: ((st_transform(s_1175.the_geom, 25833) && st_expand(schw_1175.schw, '300'::double precision)) AND (schw_1175.schw && st_expand(st_transform(s_1175.the_geom, 25833), '300'::double precision)) AND _st_dwithin(st_transform(s_1175.the_geom, 25833), schw_1175.schw, '300'::double precision))
                           ->  Function Scan on schw_1175  (cost=0.00..0.01 rows=1 width=32)
                           ->  Seq Scan on phoml_trajectory_tmp s_1175  (cost=0.00..95.68 rows=17 width=40)
                                 Filter: ((unix_time >= '1685451367.077'::double precision) AND (unix_time <= '1685451427.077'::double precision))
   ->  Subquery Scan on "*SELECT* 1177"  (cost=97.82..97.83 rows=1 width=76)
         ->  Limit  (cost=97.82..97.82 rows=1 width=84)
               ->  Sort  (cost=97.82..97.82 rows=1 width=84)
                     Sort Key: (st_distance(st_transform(s_1176.the_geom, 25833), schw_1176.schw))
                     ->  Nested Loop  (cost=0.00..97.81 rows=1 width=84)
                           Join Filter: ((st_transform(s_1176.the_geom, 25833) && st_expand(schw_1176.schw, '300'::double precision)) AND (schw_1176.schw && st_expand(st_transform(s_1176.the_geom, 25833), '300'::double precision)) AND _st_dwithin(st_transform(s_1176.the_geom, 25833), schw_1176.schw, '300'::double precision))
                           ->  Function Scan on schw_1176  (cost=0.00..0.01 rows=1 width=32)
                           ->  Seq Scan on phoml_trajectory_tmp s_1176  (cost=0.00..95.68 rows=17 width=40)
                                 Filter: ((unix_time >= '1685451367.457'::double precision) AND (unix_time <= '1685451427.457'::double precision))
   ->  Subquery Scan on "*SELECT* 1178"  (cost=97.82..97.83 rows=1 width=76)
         ->  Limit  (cost=97.82..97.82 rows=1 width=84)
               ->  Sort  (cost=97.82..97.82 rows=1 width=84)
                     Sort Key: (st_distance(st_transform(s_1177.the_geom, 25833), schw_1177.schw))
                     ->  Nested Loop  (cost=0.00..97.81 rows=1 width=84)
                           Join Filter: ((st_transform(s_1177.the_geom, 25833) && st_expand(schw_1177.schw, '300'::double precision)) AND (schw_1177.schw && st_expand(st_transform(s_1177.the_geom, 25833), '300'::double precision)) AND _st_dwithin(st_transform(s_1177.the_geom, 25833), schw_1177.schw, '300'::double precision))
                           ->  Function Scan on schw_1177  (cost=0.00..0.01 rows=1 width=32)
                           ->  Seq Scan on phoml_trajectory_tmp s_1177  (cost=0.00..95.68 rows=17 width=40)
                                 Filter: ((unix_time >= '1685451367.879'::double precision) AND (unix_time <= '1685451427.879'::double precision))
   ->  Subquery Scan on "*SELECT* 1179"  (cost=97.82..97.83 rows=1 width=76)
         ->  Limit  (cost=97.82..97.82 rows=1 width=84)
               ->  Sort  (cost=97.82..97.82 rows=1 width=84)
                     Sort Key: (st_distance(st_transform(s_1178.the_geom, 25833), schw_1178.schw))
                     ->  Nested Loop  (cost=0.00..97.81 rows=1 width=84)
                           Join Filter: ((st_transform(s_1178.the_geom, 25833) && st_expand(schw_1178.schw, '300'::double precision)) AND (schw_1178.schw && st_expand(st_transform(s_1178.the_geom, 25833), '300'::double precision)) AND _st_dwithin(st_transform(s_1178.the_geom, 25833), schw_1178.schw, '300'::double precision))
                           ->  Function Scan on schw_1178  (cost=0.00..0.01 rows=1 width=32)
                           ->  Seq Scan on phoml_trajectory_tmp s_1178  (cost=0.00..95.68 rows=17 width=40)
                                 Filter: ((unix_time >= '1685451368.204'::double precision) AND (unix_time <= '1685451428.204'::double precision))
   ->  Subquery Scan on "*SELECT* 1180"  (cost=97.82..97.83 rows=1 width=76)
         ->  Limit  (cost=97.82..97.82 rows=1 width=84)
               ->  Sort  (cost=97.82..97.82 rows=1 width=84)
                     Sort Key: (st_distance(st_transform(s_1179.the_geom, 25833), schw_1179.schw))
                     ->  Nested Loop  (cost=0.00..97.81 rows=1 width=84)
                           Join Filter: ((st_transform(s_1179.the_geom, 25833) && st_expand(schw_1179.schw, '300'::double precision)) AND (schw_1179.schw && st_expand(st_transform(s_1179.the_geom, 25833), '300'::double precision)) AND _st_dwithin(st_transform(s_1179.the_geom, 25833), schw_1179.schw, '300'::double precision))
                           ->  Function Scan on schw_1179  (cost=0.00..0.01 rows=1 width=32)
                           ->  Seq Scan on phoml_trajectory_tmp s_1179  (cost=0.00..95.68 rows=17 width=40)
                                 Filter: ((unix_time >= '1685451368.574'::double precision) AND (unix_time <= '1685451428.574'::double precision))
   ->  Subquery Scan on "*SELECT* 1181"  (cost=97.82..97.83 rows=1 width=76)
         ->  Limit  (cost=97.82..97.82 rows=1 width=84)
               ->  Sort  (cost=97.82..97.82 rows=1 width=84)
                     Sort Key: (st_distance(st_transform(s_1180.the_geom, 25833), schw_1180.schw))
                     ->  Nested Loop  (cost=0.00..97.81 rows=1 width=84)
                           Join Filter: ((st_transform(s_1180.the_geom, 25833) && st_expand(schw_1180.schw, '300'::double precision)) AND (schw_1180.schw && st_expand(st_transform(s_1180.the_geom, 25833), '300'::double precision)) AND _st_dwithin(st_transform(s_1180.the_geom, 25833), schw_1180.schw, '300'::double precision))
                           ->  Function Scan on schw_1180  (cost=0.00..0.01 rows=1 width=32)
                           ->  Seq Scan on phoml_trajectory_tmp s_1180  (cost=0.00..95.68 rows=17 width=40)
                                 Filter: ((unix_time >= '1685451368.944'::double precision) AND (unix_time <= '1685451428.944'::double precision))
   ->  Subquery Scan on "*SELECT* 1182"  (cost=97.82..97.83 rows=1 width=76)
         ->  Limit  (cost=97.82..97.82 rows=1 width=84)
               ->  Sort  (cost=97.82..97.82 rows=1 width=84)
                     Sort Key: (st_distance(st_transform(s_1181.the_geom, 25833), schw_1181.schw))
                     ->  Nested Loop  (cost=0.00..97.81 rows=1 width=84)
                           Join Filter: ((st_transform(s_1181.the_geom, 25833) && st_expand(schw_1181.schw, '300'::double precision)) AND (schw_1181.schw && st_expand(st_transform(s_1181.the_geom, 25833), '300'::double precision)) AND _st_dwithin(st_transform(s_1181.the_geom, 25833), schw_1181.schw, '300'::double precision))
                           ->  Function Scan on schw_1181  (cost=0.00..0.01 rows=1 width=32)
                           ->  Seq Scan on phoml_trajectory_tmp s_1181  (cost=0.00..95.68 rows=17 width=40)
                                 Filter: ((unix_time >= '1685451369.307'::double precision) AND (unix_time <= '1685451429.307'::double precision))
   ->  Subquery Scan on "*SELECT* 1183"  (cost=97.82..97.83 rows=1 width=76)
         ->  Limit  (cost=97.82..97.82 rows=1 width=84)
               ->  Sort  (cost=97.82..97.82 rows=1 width=84)
                     Sort Key: (st_distance(st_transform(s_1182.the_geom, 25833), schw_1182.schw))
                     ->  Nested Loop  (cost=0.00..97.81 rows=1 width=84)
                           Join Filter: ((st_transform(s_1182.the_geom, 25833) && st_expand(schw_1182.schw, '300'::double precision)) AND (schw_1182.schw && st_expand(st_transform(s_1182.the_geom, 25833), '300'::double precision)) AND _st_dwithin(st_transform(s_1182.the_geom, 25833), schw_1182.schw, '300'::double precision))
                           ->  Function Scan on schw_1182  (cost=0.00..0.01 rows=1 width=32)
                           ->  Seq Scan on phoml_trajectory_tmp s_1182  (cost=0.00..95.68 rows=17 width=40)
                                 Filter: ((unix_time >= '1685451369.676'::double precision) AND (unix_time <= '1685451429.676'::double precision))
   ->  Subquery Scan on "*SELECT* 1184"  (cost=97.82..97.83 rows=1 width=76)
         ->  Limit  (cost=97.82..97.82 rows=1 width=84)
               ->  Sort  (cost=97.82..97.82 rows=1 width=84)
                     Sort Key: (st_distance(st_transform(s_1183.the_geom, 25833), schw_1183.schw))
                     ->  Nested Loop  (cost=0.00..97.81 rows=1 width=84)
                           Join Filter: ((st_transform(s_1183.the_geom, 25833) && st_expand(schw_1183.schw, '300'::double precision)) AND (schw_1183.schw && st_expand(st_transform(s_1183.the_geom, 25833), '300'::double precision)) AND _st_dwithin(st_transform(s_1183.the_geom, 25833), schw_1183.schw, '300'::double precision))
                           ->  Function Scan on schw_1183  (cost=0.00..0.01 rows=1 width=32)
                           ->  Seq Scan on phoml_trajectory_tmp s_1183  (cost=0.00..95.68 rows=17 width=40)
                                 Filter: ((unix_time >= '1685451370.037'::double precision) AND (unix_time <= '1685451430.037'::double precision))
   ->  Subquery Scan on "*SELECT* 1185"  (cost=97.82..97.83 rows=1 width=76)
         ->  Limit  (cost=97.82..97.82 rows=1 width=84)
               ->  Sort  (cost=97.82..97.82 rows=1 width=84)
                     Sort Key: (st_distance(st_transform(s_1184.the_geom, 25833), schw_1184.schw))
                     ->  Nested Loop  (cost=0.00..97.81 rows=1 width=84)
                           Join Filter: ((st_transform(s_1184.the_geom, 25833) && st_expand(schw_1184.schw, '300'::double precision)) AND (schw_1184.schw && st_expand(st_transform(s_1184.the_geom, 25833), '300'::double precision)) AND _st_dwithin(st_transform(s_1184.the_geom, 25833), schw_1184.schw, '300'::double precision))
                           ->  Function Scan on schw_1184  (cost=0.00..0.01 rows=1 width=32)
                           ->  Seq Scan on phoml_trajectory_tmp s_1184  (cost=0.00..95.68 rows=17 width=40)
                                 Filter: ((unix_time >= '1685451370.412'::double precision) AND (unix_time <= '1685451430.412'::double precision))
   ->  Subquery Scan on "*SELECT* 1186"  (cost=97.82..97.83 rows=1 width=76)
         ->  Limit  (cost=97.82..97.82 rows=1 width=84)
               ->  Sort  (cost=97.82..97.82 rows=1 width=84)
                     Sort Key: (st_distance(st_transform(s_1185.the_geom, 25833), schw_1185.schw))
                     ->  Nested Loop  (cost=0.00..97.81 rows=1 width=84)
                           Join Filter: ((st_transform(s_1185.the_geom, 25833) && st_expand(schw_1185.schw, '300'::double precision)) AND (schw_1185.schw && st_expand(st_transform(s_1185.the_geom, 25833), '300'::double precision)) AND _st_dwithin(st_transform(s_1185.the_geom, 25833), schw_1185.schw, '300'::double precision))
                           ->  Function Scan on schw_1185  (cost=0.00..0.01 rows=1 width=32)
                           ->  Seq Scan on phoml_trajectory_tmp s_1185  (cost=0.00..95.68 rows=17 width=40)
                                 Filter: ((unix_time >= '1685451370.782'::double precision) AND (unix_time <= '1685451430.782'::double precision))
   ->  Subquery Scan on "*SELECT* 1187"  (cost=97.82..97.83 rows=1 width=76)
         ->  Limit  (cost=97.82..97.82 rows=1 width=84)
               ->  Sort  (cost=97.82..97.82 rows=1 width=84)
                     Sort Key: (st_distance(st_transform(s_1186.the_geom, 25833), schw_1186.schw))
                     ->  Nested Loop  (cost=0.00..97.81 rows=1 width=84)
                           Join Filter: ((st_transform(s_1186.the_geom, 25833) && st_expand(schw_1186.schw, '300'::double precision)) AND (schw_1186.schw && st_expand(st_transform(s_1186.the_geom, 25833), '300'::double precision)) AND _st_dwithin(st_transform(s_1186.the_geom, 25833), schw_1186.schw, '300'::double precision))
                           ->  Function Scan on schw_1186  (cost=0.00..0.01 rows=1 width=32)
                           ->  Seq Scan on phoml_trajectory_tmp s_1186  (cost=0.00..95.68 rows=17 width=40)
                                 Filter: ((unix_time >= '1685451371.166'::double precision) AND (unix_time <= '1685451431.166'::double precision))
   ->  Subquery Scan on "*SELECT* 1188"  (cost=97.82..97.83 rows=1 width=76)
         ->  Limit  (cost=97.82..97.82 rows=1 width=84)
               ->  Sort  (cost=97.82..97.82 rows=1 width=84)
                     Sort Key: (st_distance(st_transform(s_1187.the_geom, 25833), schw_1187.schw))
                     ->  Nested Loop  (cost=0.00..97.81 rows=1 width=84)
                           Join Filter: ((st_transform(s_1187.the_geom, 25833) && st_expand(schw_1187.schw, '300'::double precision)) AND (schw_1187.schw && st_expand(st_transform(s_1187.the_geom, 25833), '300'::double precision)) AND _st_dwithin(st_transform(s_1187.the_geom, 25833), schw_1187.schw, '300'::double precision))
                           ->  Function Scan on schw_1187  (cost=0.00..0.01 rows=1 width=32)
                           ->  Seq Scan on phoml_trajectory_tmp s_1187  (cost=0.00..95.68 rows=17 width=40)
                                 Filter: ((unix_time >= '1685451371.526'::double precision) AND (unix_time <= '1685451431.526'::double precision))
   ->  Subquery Scan on "*SELECT* 1189"  (cost=97.82..97.83 rows=1 width=76)
         ->  Limit  (cost=97.82..97.82 rows=1 width=84)
               ->  Sort  (cost=97.82..97.82 rows=1 width=84)
                     Sort Key: (st_distance(st_transform(s_1188.the_geom, 25833), schw_1188.schw))
                     ->  Nested Loop  (cost=0.00..97.81 rows=1 width=84)
                           Join Filter: ((st_transform(s_1188.the_geom, 25833) && st_expand(schw_1188.schw, '300'::double precision)) AND (schw_1188.schw && st_expand(st_transform(s_1188.the_geom, 25833), '300'::double precision)) AND _st_dwithin(st_transform(s_1188.the_geom, 25833), schw_1188.schw, '300'::double precision))
                           ->  Function Scan on schw_1188  (cost=0.00..0.01 rows=1 width=32)
                           ->  Seq Scan on phoml_trajectory_tmp s_1188  (cost=0.00..95.68 rows=17 width=40)
                                 Filter: ((unix_time >= '1685451371.906'::double precision) AND (unix_time <= '1685451431.906'::double precision))
   ->  Subquery Scan on "*SELECT* 1190"  (cost=97.82..97.83 rows=1 width=76)
         ->  Limit  (cost=97.82..97.82 rows=1 width=84)
               ->  Sort  (cost=97.82..97.82 rows=1 width=84)
                     Sort Key: (st_distance(st_transform(s_1189.the_geom, 25833), schw_1189.schw))
                     ->  Nested Loop  (cost=0.00..97.81 rows=1 width=84)
                           Join Filter: ((st_transform(s_1189.the_geom, 25833) && st_expand(schw_1189.schw, '300'::double precision)) AND (schw_1189.schw && st_expand(st_transform(s_1189.the_geom, 25833), '300'::double precision)) AND _st_dwithin(st_transform(s_1189.the_geom, 25833), schw_1189.schw, '300'::double precision))
                           ->  Function Scan on schw_1189  (cost=0.00..0.01 rows=1 width=32)
                           ->  Seq Scan on phoml_trajectory_tmp s_1189  (cost=0.00..95.68 rows=17 width=40)
                                 Filter: ((unix_time >= '1685451372.279'::double precision) AND (unix_time <= '1685451432.279'::double precision))
   ->  Subquery Scan on "*SELECT* 1191"  (cost=97.82..97.83 rows=1 width=76)
         ->  Limit  (cost=97.82..97.82 rows=1 width=84)
               ->  Sort  (cost=97.82..97.82 rows=1 width=84)
                     Sort Key: (st_distance(st_transform(s_1190.the_geom, 25833), schw_1190.schw))
                     ->  Nested Loop  (cost=0.00..97.81 rows=1 width=84)
                           Join Filter: ((st_transform(s_1190.the_geom, 25833) && st_expand(schw_1190.schw, '300'::double precision)) AND (schw_1190.schw && st_expand(st_transform(s_1190.the_geom, 25833), '300'::double precision)) AND _st_dwithin(st_transform(s_1190.the_geom, 25833), schw_1190.schw, '300'::double precision))
                           ->  Function Scan on schw_1190  (cost=0.00..0.01 rows=1 width=32)
                           ->  Seq Scan on phoml_trajectory_tmp s_1190  (cost=0.00..95.68 rows=17 width=40)
                                 Filter: ((unix_time >= '1685451372.649'::double precision) AND (unix_time <= '1685451432.649'::double precision))
   ->  Subquery Scan on "*SELECT* 1192"  (cost=97.82..97.83 rows=1 width=76)
         ->  Limit  (cost=97.82..97.82 rows=1 width=84)
               ->  Sort  (cost=97.82..97.82 rows=1 width=84)
                     Sort Key: (st_distance(st_transform(s_1191.the_geom, 25833), schw_1191.schw))
                     ->  Nested Loop  (cost=0.00..97.81 rows=1 width=84)
                           Join Filter: ((st_transform(s_1191.the_geom, 25833) && st_expand(schw_1191.schw, '300'::double precision)) AND (schw_1191.schw && st_expand(st_transform(s_1191.the_geom, 25833), '300'::double precision)) AND _st_dwithin(st_transform(s_1191.the_geom, 25833), schw_1191.schw, '300'::double precision))
                           ->  Function Scan on schw_1191  (cost=0.00..0.01 rows=1 width=32)
                           ->  Seq Scan on phoml_trajectory_tmp s_1191  (cost=0.00..95.68 rows=17 width=40)
                                 Filter: ((unix_time >= '1685451373.029'::double precision) AND (unix_time <= '1685451433.029'::double precision))
   ->  Subquery Scan on "*SELECT* 1193"  (cost=97.82..97.83 rows=1 width=76)
         ->  Limit  (cost=97.82..97.82 rows=1 width=84)
               ->  Sort  (cost=97.82..97.82 rows=1 width=84)
                     Sort Key: (st_distance(st_transform(s_1192.the_geom, 25833), schw_1192.schw))
                     ->  Nested Loop  (cost=0.00..97.81 rows=1 width=84)
                           Join Filter: ((st_transform(s_1192.the_geom, 25833) && st_expand(schw_1192.schw, '300'::double precision)) AND (schw_1192.schw && st_expand(st_transform(s_1192.the_geom, 25833), '300'::double precision)) AND _st_dwithin(st_transform(s_1192.the_geom, 25833), schw_1192.schw, '300'::double precision))
                           ->  Function Scan on schw_1192  (cost=0.00..0.01 rows=1 width=32)
                           ->  Seq Scan on phoml_trajectory_tmp s_1192  (cost=0.00..95.68 rows=17 width=40)
                                 Filter: ((unix_time >= '1685451373.405'::double precision) AND (unix_time <= '1685451433.405'::double precision))
   ->  Subquery Scan on "*SELECT* 1194"  (cost=97.82..97.83 rows=1 width=76)
         ->  Limit  (cost=97.82..97.82 rows=1 width=84)
               ->  Sort  (cost=97.82..97.82 rows=1 width=84)
                     Sort Key: (st_distance(st_transform(s_1193.the_geom, 25833), schw_1193.schw))
                     ->  Nested Loop  (cost=0.00..97.81 rows=1 width=84)
                           Join Filter: ((st_transform(s_1193.the_geom, 25833) && st_expand(schw_1193.schw, '300'::double precision)) AND (schw_1193.schw && st_expand(st_transform(s_1193.the_geom, 25833), '300'::double precision)) AND _st_dwithin(st_transform(s_1193.the_geom, 25833), schw_1193.schw, '300'::double precision))
                           ->  Function Scan on schw_1193  (cost=0.00..0.01 rows=1 width=32)
                           ->  Seq Scan on phoml_trajectory_tmp s_1193  (cost=0.00..95.68 rows=17 width=40)
                                 Filter: ((unix_time >= '1685451373.785'::double precision) AND (unix_time <= '1685451433.785'::double precision))
   ->  Subquery Scan on "*SELECT* 1195"  (cost=97.82..97.83 rows=1 width=76)
         ->  Limit  (cost=97.82..97.82 rows=1 width=84)
               ->  Sort  (cost=97.82..97.82 rows=1 width=84)
                     Sort Key: (st_distance(st_transform(s_1194.the_geom, 25833), schw_1194.schw))
                     ->  Nested Loop  (cost=0.00..97.81 rows=1 width=84)
                           Join Filter: ((st_transform(s_1194.the_geom, 25833) && st_expand(schw_1194.schw, '300'::double precision)) AND (schw_1194.schw && st_expand(st_transform(s_1194.the_geom, 25833), '300'::double precision)) AND _st_dwithin(st_transform(s_1194.the_geom, 25833), schw_1194.schw, '300'::double precision))
                           ->  Function Scan on schw_1194  (cost=0.00..0.01 rows=1 width=32)
                           ->  Seq Scan on phoml_trajectory_tmp s_1194  (cost=0.00..95.68 rows=17 width=40)
                                 Filter: ((unix_time >= '1685451374.175'::double precision) AND (unix_time <= '1685451434.175'::double precision))
   ->  Subquery Scan on "*SELECT* 1196"  (cost=97.82..97.83 rows=1 width=76)
         ->  Limit  (cost=97.82..97.82 rows=1 width=84)
               ->  Sort  (cost=97.82..97.82 rows=1 width=84)
                     Sort Key: (st_distance(st_transform(s_1195.the_geom, 25833), schw_1195.schw))
                     ->  Nested Loop  (cost=0.00..97.81 rows=1 width=84)
                           Join Filter: ((st_transform(s_1195.the_geom, 25833) && st_expand(schw_1195.schw, '300'::double precision)) AND (schw_1195.schw && st_expand(st_transform(s_1195.the_geom, 25833), '300'::double precision)) AND _st_dwithin(st_transform(s_1195.the_geom, 25833), schw_1195.schw, '300'::double precision))
                           ->  Function Scan on schw_1195  (cost=0.00..0.01 rows=1 width=32)
                           ->  Seq Scan on phoml_trajectory_tmp s_1195  (cost=0.00..95.68 rows=17 width=40)
                                 Filter: ((unix_time >= '1685451374.545'::double precision) AND (unix_time <= '1685451434.545'::double precision))
   ->  Subquery Scan on "*SELECT* 1197"  (cost=97.82..97.83 rows=1 width=76)
         ->  Limit  (cost=97.82..97.82 rows=1 width=84)
               ->  Sort  (cost=97.82..97.82 rows=1 width=84)
                     Sort Key: (st_distance(st_transform(s_1196.the_geom, 25833), schw_1196.schw))
                     ->  Nested Loop  (cost=0.00..97.81 rows=1 width=84)
                           Join Filter: ((st_transform(s_1196.the_geom, 25833) && st_expand(schw_1196.schw, '300'::double precision)) AND (schw_1196.schw && st_expand(st_transform(s_1196.the_geom, 25833), '300'::double precision)) AND _st_dwithin(st_transform(s_1196.the_geom, 25833), schw_1196.schw, '300'::double precision))
                           ->  Function Scan on schw_1196  (cost=0.00..0.01 rows=1 width=32)
                           ->  Seq Scan on phoml_trajectory_tmp s_1196  (cost=0.00..95.68 rows=17 width=40)
                                 Filter: ((unix_time >= '1685451374.925'::double precision) AND (unix_time <= '1685451434.925'::double precision))
   ->  Subquery Scan on "*SELECT* 1198"  (cost=97.82..97.83 rows=1 width=76)
         ->  Limit  (cost=97.82..97.82 rows=1 width=84)
               ->  Sort  (cost=97.82..97.82 rows=1 width=84)
                     Sort Key: (st_distance(st_transform(s_1197.the_geom, 25833), schw_1197.schw))
                     ->  Nested Loop  (cost=0.00..97.81 rows=1 width=84)
                           Join Filter: ((st_transform(s_1197.the_geom, 25833) && st_expand(schw_1197.schw, '300'::double precision)) AND (schw_1197.schw && st_expand(st_transform(s_1197.the_geom, 25833), '300'::double precision)) AND _st_dwithin(st_transform(s_1197.the_geom, 25833), schw_1197.schw, '300'::double precision))
                           ->  Function Scan on schw_1197  (cost=0.00..0.01 rows=1 width=32)
                           ->  Seq Scan on phoml_trajectory_tmp s_1197  (cost=0.00..95.68 rows=17 width=40)
                                 Filter: ((unix_time >= '1685451375.302'::double precision) AND (unix_time <= '1685451435.302'::double precision))
   ->  Subquery Scan on "*SELECT* 1199"  (cost=97.82..97.83 rows=1 width=76)
         ->  Limit  (cost=97.82..97.82 rows=1 width=84)
               ->  Sort  (cost=97.82..97.82 rows=1 width=84)
                     Sort Key: (st_distance(st_transform(s_1198.the_geom, 25833), schw_1198.schw))
                     ->  Nested Loop  (cost=0.00..97.81 rows=1 width=84)
                           Join Filter: ((st_transform(s_1198.the_geom, 25833) && st_expand(schw_1198.schw, '300'::double precision)) AND (schw_1198.schw && st_expand(st_transform(s_1198.the_geom, 25833), '300'::double precision)) AND _st_dwithin(st_transform(s_1198.the_geom, 25833), schw_1198.schw, '300'::double precision))
                           ->  Function Scan on schw_1198  (cost=0.00..0.01 rows=1 width=32)
                           ->  Seq Scan on phoml_trajectory_tmp s_1198  (cost=0.00..95.68 rows=17 width=40)
                                 Filter: ((unix_time >= '1685451375.682'::double precision) AND (unix_time <= '1685451435.682'::double precision))
   ->  Subquery Scan on "*SELECT* 1200"  (cost=97.82..97.83 rows=1 width=76)
         ->  Limit  (cost=97.82..97.82 rows=1 width=84)
               ->  Sort  (cost=97.82..97.82 rows=1 width=84)
                     Sort Key: (st_distance(st_transform(s_1199.the_geom, 25833), schw_1199.schw))
                     ->  Nested Loop  (cost=0.00..97.81 rows=1 width=84)
                           Join Filter: ((st_transform(s_1199.the_geom, 25833) && st_expand(schw_1199.schw, '300'::double precision)) AND (schw_1199.schw && st_expand(st_transform(s_1199.the_geom, 25833), '300'::double precision)) AND _st_dwithin(st_transform(s_1199.the_geom, 25833), schw_1199.schw, '300'::double precision))
                           ->  Function Scan on schw_1199  (cost=0.00..0.01 rows=1 width=32)
                           ->  Seq Scan on phoml_trajectory_tmp s_1199  (cost=0.00..95.68 rows=17 width=40)
                                 Filter: ((unix_time >= '1685451376.052'::double precision) AND (unix_time <= '1685451436.052'::double precision))
   ->  Subquery Scan on "*SELECT* 1201"  (cost=97.82..97.83 rows=1 width=76)
         ->  Limit  (cost=97.82..97.82 rows=1 width=84)
               ->  Sort  (cost=97.82..97.82 rows=1 width=84)
                     Sort Key: (st_distance(st_transform(s_1200.the_geom, 25833), schw_1200.schw))
                     ->  Nested Loop  (cost=0.00..97.81 rows=1 width=84)
                           Join Filter: ((st_transform(s_1200.the_geom, 25833) && st_expand(schw_1200.schw, '300'::double precision)) AND (schw_1200.schw && st_expand(st_transform(s_1200.the_geom, 25833), '300'::double precision)) AND _st_dwithin(st_transform(s_1200.the_geom, 25833), schw_1200.schw, '300'::double precision))
                           ->  Function Scan on schw_1200  (cost=0.00..0.01 rows=1 width=32)
                           ->  Seq Scan on phoml_trajectory_tmp s_1200  (cost=0.00..95.68 rows=17 width=40)
                                 Filter: ((unix_time >= '1685451376.429'::double precision) AND (unix_time <= '1685451436.429'::double precision))
   ->  Subquery Scan on "*SELECT* 1202"  (cost=97.82..97.83 rows=1 width=76)
         ->  Limit  (cost=97.82..97.82 rows=1 width=84)
               ->  Sort  (cost=97.82..97.82 rows=1 width=84)
                     Sort Key: (st_distance(st_transform(s_1201.the_geom, 25833), schw_1201.schw))
                     ->  Nested Loop  (cost=0.00..97.81 rows=1 width=84)
                           Join Filter: ((st_transform(s_1201.the_geom, 25833) && st_expand(schw_1201.schw, '300'::double precision)) AND (schw_1201.schw && st_expand(st_transform(s_1201.the_geom, 25833), '300'::double precision)) AND _st_dwithin(st_transform(s_1201.the_geom, 25833), schw_1201.schw, '300'::double precision))
                           ->  Function Scan on schw_1201  (cost=0.00..0.01 rows=1 width=32)
                           ->  Seq Scan on phoml_trajectory_tmp s_1201  (cost=0.00..95.68 rows=17 width=40)
                                 Filter: ((unix_time >= '1685451376.799'::double precision) AND (unix_time <= '1685451436.799'::double precision))
   ->  Subquery Scan on "*SELECT* 1203"  (cost=97.82..97.83 rows=1 width=76)
         ->  Limit  (cost=97.82..97.82 rows=1 width=84)
               ->  Sort  (cost=97.82..97.82 rows=1 width=84)
                     Sort Key: (st_distance(st_transform(s_1202.the_geom, 25833), schw_1202.schw))
                     ->  Nested Loop  (cost=0.00..97.81 rows=1 width=84)
                           Join Filter: ((st_transform(s_1202.the_geom, 25833) && st_expand(schw_1202.schw, '300'::double precision)) AND (schw_1202.schw && st_expand(st_transform(s_1202.the_geom, 25833), '300'::double precision)) AND _st_dwithin(st_transform(s_1202.the_geom, 25833), schw_1202.schw, '300'::double precision))
                           ->  Function Scan on schw_1202  (cost=0.00..0.01 rows=1 width=32)
                           ->  Seq Scan on phoml_trajectory_tmp s_1202  (cost=0.00..95.68 rows=17 width=40)
                                 Filter: ((unix_time >= '1685451377.181'::double precision) AND (unix_time <= '1685451437.181'::double precision))
   ->  Subquery Scan on "*SELECT* 1204"  (cost=97.82..97.83 rows=1 width=76)
         ->  Limit  (cost=97.82..97.82 rows=1 width=84)
               ->  Sort  (cost=97.82..97.82 rows=1 width=84)
                     Sort Key: (st_distance(st_transform(s_1203.the_geom, 25833), schw_1203.schw))
                     ->  Nested Loop  (cost=0.00..97.81 rows=1 width=84)
                           Join Filter: ((st_transform(s_1203.the_geom, 25833) && st_expand(schw_1203.schw, '300'::double precision)) AND (schw_1203.schw && st_expand(st_transform(s_1203.the_geom, 25833), '300'::double precision)) AND _st_dwithin(st_transform(s_1203.the_geom, 25833), schw_1203.schw, '300'::double precision))
                           ->  Function Scan on schw_1203  (cost=0.00..0.01 rows=1 width=32)
                           ->  Seq Scan on phoml_trajectory_tmp s_1203  (cost=0.00..95.68 rows=17 width=40)
                                 Filter: ((unix_time >= '1685451377.531'::double precision) AND (unix_time <= '1685451437.531'::double precision))
   ->  Subquery Scan on "*SELECT* 1205"  (cost=97.82..97.83 rows=1 width=76)
         ->  Limit  (cost=97.82..97.82 rows=1 width=84)
               ->  Sort  (cost=97.82..97.82 rows=1 width=84)
                     Sort Key: (st_distance(st_transform(s_1204.the_geom, 25833), schw_1204.schw))
                     ->  Nested Loop  (cost=0.00..97.81 rows=1 width=84)
                           Join Filter: ((st_transform(s_1204.the_geom, 25833) && st_expand(schw_1204.schw, '300'::double precision)) AND (schw_1204.schw && st_expand(st_transform(s_1204.the_geom, 25833), '300'::double precision)) AND _st_dwithin(st_transform(s_1204.the_geom, 25833), schw_1204.schw, '300'::double precision))
                           ->  Function Scan on schw_1204  (cost=0.00..0.01 rows=1 width=32)
                           ->  Seq Scan on phoml_trajectory_tmp s_1204  (cost=0.00..95.68 rows=17 width=40)
                                 Filter: ((unix_time >= '1685451377.901'::double precision) AND (unix_time <= '1685451437.901'::double precision))
   ->  Subquery Scan on "*SELECT* 1206"  (cost=97.82..97.83 rows=1 width=76)
         ->  Limit  (cost=97.82..97.82 rows=1 width=84)
               ->  Sort  (cost=97.82..97.82 rows=1 width=84)
                     Sort Key: (st_distance(st_transform(s_1205.the_geom, 25833), schw_1205.schw))
                     ->  Nested Loop  (cost=0.00..97.81 rows=1 width=84)
                           Join Filter: ((st_transform(s_1205.the_geom, 25833) && st_expand(schw_1205.schw, '300'::double precision)) AND (schw_1205.schw && st_expand(st_transform(s_1205.the_geom, 25833), '300'::double precision)) AND _st_dwithin(st_transform(s_1205.the_geom, 25833), schw_1205.schw, '300'::double precision))
                           ->  Function Scan on schw_1205  (cost=0.00..0.01 rows=1 width=32)
                           ->  Seq Scan on phoml_trajectory_tmp s_1205  (cost=0.00..95.68 rows=17 width=40)
                                 Filter: ((unix_time >= '1685451378.265'::double precision) AND (unix_time <= '1685451438.265'::double precision))
   ->  Subquery Scan on "*SELECT* 1207"  (cost=97.82..97.83 rows=1 width=76)
         ->  Limit  (cost=97.82..97.82 rows=1 width=84)
               ->  Sort  (cost=97.82..97.82 rows=1 width=84)
                     Sort Key: (st_distance(st_transform(s_1206.the_geom, 25833), schw_1206.schw))
                     ->  Nested Loop  (cost=0.00..97.81 rows=1 width=84)
                           Join Filter: ((st_transform(s_1206.the_geom, 25833) && st_expand(schw_1206.schw, '300'::double precision)) AND (schw_1206.schw && st_expand(st_transform(s_1206.the_geom, 25833), '300'::double precision)) AND _st_dwithin(st_transform(s_1206.the_geom, 25833), schw_1206.schw, '300'::double precision))
                           ->  Function Scan on schw_1206  (cost=0.00..0.01 rows=1 width=32)
                           ->  Seq Scan on phoml_trajectory_tmp s_1206  (cost=0.00..95.68 rows=17 width=40)
                                 Filter: ((unix_time >= '1685451378.635'::double precision) AND (unix_time <= '1685451438.635'::double precision))
   ->  Subquery Scan on "*SELECT* 1208"  (cost=97.82..97.83 rows=1 width=76)
         ->  Limit  (cost=97.82..97.82 rows=1 width=84)
               ->  Sort  (cost=97.82..97.82 rows=1 width=84)
                     Sort Key: (st_distance(st_transform(s_1207.the_geom, 25833), schw_1207.schw))
                     ->  Nested Loop  (cost=0.00..97.81 rows=1 width=84)
                           Join Filter: ((st_transform(s_1207.the_geom, 25833) && st_expand(schw_1207.schw, '300'::double precision)) AND (schw_1207.schw && st_expand(st_transform(s_1207.the_geom, 25833), '300'::double precision)) AND _st_dwithin(st_transform(s_1207.the_geom, 25833), schw_1207.schw, '300'::double precision))
                           ->  Function Scan on schw_1207  (cost=0.00..0.01 rows=1 width=32)
                           ->  Seq Scan on phoml_trajectory_tmp s_1207  (cost=0.00..95.68 rows=17 width=40)
                                 Filter: ((unix_time >= '1685451378.995'::double precision) AND (unix_time <= '1685451438.995'::double precision))
   ->  Subquery Scan on "*SELECT* 1209"  (cost=97.82..97.83 rows=1 width=76)
         ->  Limit  (cost=97.82..97.82 rows=1 width=84)
               ->  Sort  (cost=97.82..97.82 rows=1 width=84)
                     Sort Key: (st_distance(st_transform(s_1208.the_geom, 25833), schw_1208.schw))
                     ->  Nested Loop  (cost=0.00..97.81 rows=1 width=84)
                           Join Filter: ((st_transform(s_1208.the_geom, 25833) && st_expand(schw_1208.schw, '300'::double precision)) AND (schw_1208.schw && st_expand(st_transform(s_1208.the_geom, 25833), '300'::double precision)) AND _st_dwithin(st_transform(s_1208.the_geom, 25833), schw_1208.schw, '300'::double precision))
                           ->  Function Scan on schw_1208  (cost=0.00..0.01 rows=1 width=32)
                           ->  Seq Scan on phoml_trajectory_tmp s_1208  (cost=0.00..95.68 rows=17 width=40)
                                 Filter: ((unix_time >= '1685451379.372'::double precision) AND (unix_time <= '1685451439.372'::double precision))
   ->  Subquery Scan on "*SELECT* 1210"  (cost=97.82..97.83 rows=1 width=76)
         ->  Limit  (cost=97.82..97.82 rows=1 width=84)
               ->  Sort  (cost=97.82..97.82 rows=1 width=84)
                     Sort Key: (st_distance(st_transform(s_1209.the_geom, 25833), schw_1209.schw))
                     ->  Nested Loop  (cost=0.00..97.81 rows=1 width=84)
                           Join Filter: ((st_transform(s_1209.the_geom, 25833) && st_expand(schw_1209.schw, '300'::double precision)) AND (schw_1209.schw && st_expand(st_transform(s_1209.the_geom, 25833), '300'::double precision)) AND _st_dwithin(st_transform(s_1209.the_geom, 25833), schw_1209.schw, '300'::double precision))
                           ->  Function Scan on schw_1209  (cost=0.00..0.01 rows=1 width=32)
                           ->  Seq Scan on phoml_trajectory_tmp s_1209  (cost=0.00..95.68 rows=17 width=40)
                                 Filter: ((unix_time >= '1685451379.742'::double precision) AND (unix_time <= '1685451439.742'::double precision))
   ->  Subquery Scan on "*SELECT* 1211"  (cost=97.82..97.83 rows=1 width=76)
         ->  Limit  (cost=97.82..97.82 rows=1 width=84)
               ->  Sort  (cost=97.82..97.82 rows=1 width=84)
                     Sort Key: (st_distance(st_transform(s_1210.the_geom, 25833), schw_1210.schw))
                     ->  Nested Loop  (cost=0.00..97.81 rows=1 width=84)
                           Join Filter: ((st_transform(s_1210.the_geom, 25833) && st_expand(schw_1210.schw, '300'::double precision)) AND (schw_1210.schw && st_expand(st_transform(s_1210.the_geom, 25833), '300'::double precision)) AND _st_dwithin(st_transform(s_1210.the_geom, 25833), schw_1210.schw, '300'::double precision))
                           ->  Function Scan on schw_1210  (cost=0.00..0.01 rows=1 width=32)
                           ->  Seq Scan on phoml_trajectory_tmp s_1210  (cost=0.00..95.68 rows=17 width=40)
                                 Filter: ((unix_time >= '1685451380.122'::double precision) AND (unix_time <= '1685451440.122'::double precision))
   ->  Subquery Scan on "*SELECT* 1212"  (cost=97.82..97.83 rows=1 width=76)
         ->  Limit  (cost=97.82..97.82 rows=1 width=84)
               ->  Sort  (cost=97.82..97.82 rows=1 width=84)
                     Sort Key: (st_distance(st_transform(s_1211.the_geom, 25833), schw_1211.schw))
                     ->  Nested Loop  (cost=0.00..97.81 rows=1 width=84)
                           Join Filter: ((st_transform(s_1211.the_geom, 25833) && st_expand(schw_1211.schw, '300'::double precision)) AND (schw_1211.schw && st_expand(st_transform(s_1211.the_geom, 25833), '300'::double precision)) AND _st_dwithin(st_transform(s_1211.the_geom, 25833), schw_1211.schw, '300'::double precision))
                           ->  Function Scan on schw_1211  (cost=0.00..0.01 rows=1 width=32)
                           ->  Seq Scan on phoml_trajectory_tmp s_1211  (cost=0.00..95.68 rows=17 width=40)
                                 Filter: ((unix_time >= '1685451380.491'::double precision) AND (unix_time <= '1685451440.491'::double precision))
   ->  Subquery Scan on "*SELECT* 1213"  (cost=97.82..97.83 rows=1 width=76)
         ->  Limit  (cost=97.82..97.82 rows=1 width=84)
               ->  Sort  (cost=97.82..97.82 rows=1 width=84)
                     Sort Key: (st_distance(st_transform(s_1212.the_geom, 25833), schw_1212.schw))
                     ->  Nested Loop  (cost=0.00..97.81 rows=1 width=84)
                           Join Filter: ((st_transform(s_1212.the_geom, 25833) && st_expand(schw_1212.schw, '300'::double precision)) AND (schw_1212.schw && st_expand(st_transform(s_1212.the_geom, 25833), '300'::double precision)) AND _st_dwithin(st_transform(s_1212.the_geom, 25833), schw_1212.schw, '300'::double precision))
                           ->  Function Scan on schw_1212  (cost=0.00..0.01 rows=1 width=32)
                           ->  Seq Scan on phoml_trajectory_tmp s_1212  (cost=0.00..95.68 rows=17 width=40)
                                 Filter: ((unix_time >= '1685451380.871'::double precision) AND (unix_time <= '1685451440.871'::double precision))
   ->  Subquery Scan on "*SELECT* 1214"  (cost=97.82..97.83 rows=1 width=76)
         ->  Limit  (cost=97.82..97.82 rows=1 width=84)
               ->  Sort  (cost=97.82..97.82 rows=1 width=84)
                     Sort Key: (st_distance(st_transform(s_1213.the_geom, 25833), schw_1213.schw))
                     ->  Nested Loop  (cost=0.00..97.81 rows=1 width=84)
                           Join Filter: ((st_transform(s_1213.the_geom, 25833) && st_expand(schw_1213.schw, '300'::double precision)) AND (schw_1213.schw && st_expand(st_transform(s_1213.the_geom, 25833), '300'::double precision)) AND _st_dwithin(st_transform(s_1213.the_geom, 25833), schw_1213.schw, '300'::double precision))
                           ->  Function Scan on schw_1213  (cost=0.00..0.01 rows=1 width=32)
                           ->  Seq Scan on phoml_trajectory_tmp s_1213  (cost=0.00..95.68 rows=17 width=40)
                                 Filter: ((unix_time >= '1685451381.235'::double precision) AND (unix_time <= '1685451441.235'::double precision))
   ->  Subquery Scan on "*SELECT* 1215"  (cost=97.82..97.83 rows=1 width=76)
         ->  Limit  (cost=97.82..97.82 rows=1 width=84)
               ->  Sort  (cost=97.82..97.82 rows=1 width=84)
                     Sort Key: (st_distance(st_transform(s_1214.the_geom, 25833), schw_1214.schw))
                     ->  Nested Loop  (cost=0.00..97.81 rows=1 width=84)
                           Join Filter: ((st_transform(s_1214.the_geom, 25833) && st_expand(schw_1214.schw, '300'::double precision)) AND (schw_1214.schw && st_expand(st_transform(s_1214.the_geom, 25833), '300'::double precision)) AND _st_dwithin(st_transform(s_1214.the_geom, 25833), schw_1214.schw, '300'::double precision))
                           ->  Function Scan on schw_1214  (cost=0.00..0.01 rows=1 width=32)
                           ->  Seq Scan on phoml_trajectory_tmp s_1214  (cost=0.00..95.68 rows=17 width=40)
                                 Filter: ((unix_time >= '1685451381.671'::double precision) AND (unix_time <= '1685451441.671'::double precision))
   ->  Subquery Scan on "*SELECT* 1216"  (cost=97.82..97.83 rows=1 width=76)
         ->  Limit  (cost=97.82..97.82 rows=1 width=84)
               ->  Sort  (cost=97.82..97.82 rows=1 width=84)
                     Sort Key: (st_distance(st_transform(s_1215.the_geom, 25833), schw_1215.schw))
                     ->  Nested Loop  (cost=0.00..97.81 rows=1 width=84)
                           Join Filter: ((st_transform(s_1215.the_geom, 25833) && st_expand(schw_1215.schw, '300'::double precision)) AND (schw_1215.schw && st_expand(st_transform(s_1215.the_geom, 25833), '300'::double precision)) AND _st_dwithin(st_transform(s_1215.the_geom, 25833), schw_1215.schw, '300'::double precision))
                           ->  Function Scan on schw_1215  (cost=0.00..0.01 rows=1 width=32)
                           ->  Seq Scan on phoml_trajectory_tmp s_1215  (cost=0.00..95.68 rows=17 width=40)
                                 Filter: ((unix_time >= '1685451381.995'::double precision) AND (unix_time <= '1685451441.995'::double precision))
   ->  Subquery Scan on "*SELECT* 1217"  (cost=97.82..97.83 rows=1 width=76)
         ->  Limit  (cost=97.82..97.82 rows=1 width=84)
               ->  Sort  (cost=97.82..97.82 rows=1 width=84)
                     Sort Key: (st_distance(st_transform(s_1216.the_geom, 25833), schw_1216.schw))
                     ->  Nested Loop  (cost=0.00..97.81 rows=1 width=84)
                           Join Filter: ((st_transform(s_1216.the_geom, 25833) && st_expand(schw_1216.schw, '300'::double precision)) AND (schw_1216.schw && st_expand(st_transform(s_1216.the_geom, 25833), '300'::double precision)) AND _st_dwithin(st_transform(s_1216.the_geom, 25833), schw_1216.schw, '300'::double precision))
                           ->  Function Scan on schw_1216  (cost=0.00..0.01 rows=1 width=32)
                           ->  Seq Scan on phoml_trajectory_tmp s_1216  (cost=0.00..95.68 rows=17 width=40)
                                 Filter: ((unix_time >= '1685451382.383'::double precision) AND (unix_time <= '1685451442.383'::double precision))
   ->  Subquery Scan on "*SELECT* 1218"  (cost=97.82..97.83 rows=1 width=76)
         ->  Limit  (cost=97.82..97.82 rows=1 width=84)
               ->  Sort  (cost=97.82..97.82 rows=1 width=84)
                     Sort Key: (st_distance(st_transform(s_1217.the_geom, 25833), schw_1217.schw))
                     ->  Nested Loop  (cost=0.00..97.81 rows=1 width=84)
                           Join Filter: ((st_transform(s_1217.the_geom, 25833) && st_expand(schw_1217.schw, '300'::double precision)) AND (schw_1217.schw && st_expand(st_transform(s_1217.the_geom, 25833), '300'::double precision)) AND _st_dwithin(st_transform(s_1217.the_geom, 25833), schw_1217.schw, '300'::double precision))
                           ->  Function Scan on schw_1217  (cost=0.00..0.01 rows=1 width=32)
                           ->  Seq Scan on phoml_trajectory_tmp s_1217  (cost=0.00..95.68 rows=17 width=40)
                                 Filter: ((unix_time >= '1685451382.763'::double precision) AND (unix_time <= '1685451442.763'::double precision))
   ->  Subquery Scan on "*SELECT* 1219"  (cost=97.82..97.83 rows=1 width=76)
         ->  Limit  (cost=97.82..97.82 rows=1 width=84)
               ->  Sort  (cost=97.82..97.82 rows=1 width=84)
                     Sort Key: (st_distance(st_transform(s_1218.the_geom, 25833), schw_1218.schw))
                     ->  Nested Loop  (cost=0.00..97.81 rows=1 width=84)
                           Join Filter: ((st_transform(s_1218.the_geom, 25833) && st_expand(schw_1218.schw, '300'::double precision)) AND (schw_1218.schw && st_expand(st_transform(s_1218.the_geom, 25833), '300'::double precision)) AND _st_dwithin(st_transform(s_1218.the_geom, 25833), schw_1218.schw, '300'::double precision))
                           ->  Function Scan on schw_1218  (cost=0.00..0.01 rows=1 width=32)
                           ->  Seq Scan on phoml_trajectory_tmp s_1218  (cost=0.00..95.68 rows=17 width=40)
                                 Filter: ((unix_time >= '1685451383.154'::double precision) AND (unix_time <= '1685451443.154'::double precision))
   ->  Subquery Scan on "*SELECT* 1220"  (cost=97.82..97.83 rows=1 width=76)
         ->  Limit  (cost=97.82..97.82 rows=1 width=84)
               ->  Sort  (cost=97.82..97.82 rows=1 width=84)
                     Sort Key: (st_distance(st_transform(s_1219.the_geom, 25833), schw_1219.schw))
                     ->  Nested Loop  (cost=0.00..97.81 rows=1 width=84)
                           Join Filter: ((st_transform(s_1219.the_geom, 25833) && st_expand(schw_1219.schw, '300'::double precision)) AND (schw_1219.schw && st_expand(st_transform(s_1219.the_geom, 25833), '300'::double precision)) AND _st_dwithin(st_transform(s_1219.the_geom, 25833), schw_1219.schw, '300'::double precision))
                           ->  Function Scan on schw_1219  (cost=0.00..0.01 rows=1 width=32)
                           ->  Seq Scan on phoml_trajectory_tmp s_1219  (cost=0.00..95.68 rows=17 width=40)
                                 Filter: ((unix_time >= '1685451383.524'::double precision) AND (unix_time <= '1685451443.524'::double precision))
   ->  Subquery Scan on "*SELECT* 1221"  (cost=97.82..97.83 rows=1 width=76)
         ->  Limit  (cost=97.82..97.82 rows=1 width=84)
               ->  Sort  (cost=97.82..97.82 rows=1 width=84)
                     Sort Key: (st_distance(st_transform(s_1220.the_geom, 25833), schw_1220.schw))
                     ->  Nested Loop  (cost=0.00..97.81 rows=1 width=84)
                           Join Filter: ((st_transform(s_1220.the_geom, 25833) && st_expand(schw_1220.schw, '300'::double precision)) AND (schw_1220.schw && st_expand(st_transform(s_1220.the_geom, 25833), '300'::double precision)) AND _st_dwithin(st_transform(s_1220.the_geom, 25833), schw_1220.schw, '300'::double precision))
                           ->  Function Scan on schw_1220  (cost=0.00..0.01 rows=1 width=32)
                           ->  Seq Scan on phoml_trajectory_tmp s_1220  (cost=0.00..95.68 rows=17 width=40)
                                 Filter: ((unix_time >= '1685451383.914'::double precision) AND (unix_time <= '1685451443.914'::double precision))
   ->  Subquery Scan on "*SELECT* 1222"  (cost=97.82..97.83 rows=1 width=76)
         ->  Limit  (cost=97.82..97.82 rows=1 width=84)
               ->  Sort  (cost=97.82..97.82 rows=1 width=84)
                     Sort Key: (st_distance(st_transform(s_1221.the_geom, 25833), schw_1221.schw))
                     ->  Nested Loop  (cost=0.00..97.81 rows=1 width=84)
                           Join Filter: ((st_transform(s_1221.the_geom, 25833) && st_expand(schw_1221.schw, '300'::double precision)) AND (schw_1221.schw && st_expand(st_transform(s_1221.the_geom, 25833), '300'::double precision)) AND _st_dwithin(st_transform(s_1221.the_geom, 25833), schw_1221.schw, '300'::double precision))
                           ->  Function Scan on schw_1221  (cost=0.00..0.01 rows=1 width=32)
                           ->  Seq Scan on phoml_trajectory_tmp s_1221  (cost=0.00..95.68 rows=17 width=40)
                                 Filter: ((unix_time >= '1685451384.289'::double precision) AND (unix_time <= '1685451444.289'::double precision))
   ->  Subquery Scan on "*SELECT* 1223"  (cost=97.82..97.83 rows=1 width=76)
         ->  Limit  (cost=97.82..97.82 rows=1 width=84)
               ->  Sort  (cost=97.82..97.82 rows=1 width=84)
                     Sort Key: (st_distance(st_transform(s_1222.the_geom, 25833), schw_1222.schw))
                     ->  Nested Loop  (cost=0.00..97.81 rows=1 width=84)
                           Join Filter: ((st_transform(s_1222.the_geom, 25833) && st_expand(schw_1222.schw, '300'::double precision)) AND (schw_1222.schw && st_expand(st_transform(s_1222.the_geom, 25833), '300'::double precision)) AND _st_dwithin(st_transform(s_1222.the_geom, 25833), schw_1222.schw, '300'::double precision))
                           ->  Function Scan on schw_1222  (cost=0.00..0.01 rows=1 width=32)
                           ->  Seq Scan on phoml_trajectory_tmp s_1222  (cost=0.00..95.68 rows=17 width=40)
                                 Filter: ((unix_time >= '1685451384.679'::double precision) AND (unix_time <= '1685451444.679'::double precision))
   ->  Subquery Scan on "*SELECT* 1224"  (cost=97.82..97.83 rows=1 width=76)
         ->  Limit  (cost=97.82..97.82 rows=1 width=84)
               ->  Sort  (cost=97.82..97.82 rows=1 width=84)
                     Sort Key: (st_distance(st_transform(s_1223.the_geom, 25833), schw_1223.schw))
                     ->  Nested Loop  (cost=0.00..97.81 rows=1 width=84)
                           Join Filter: ((st_transform(s_1223.the_geom, 25833) && st_expand(schw_1223.schw, '300'::double precision)) AND (schw_1223.schw && st_expand(st_transform(s_1223.the_geom, 25833), '300'::double precision)) AND _st_dwithin(st_transform(s_1223.the_geom, 25833), schw_1223.schw, '300'::double precision))
                           ->  Function Scan on schw_1223  (cost=0.00..0.01 rows=1 width=32)
                           ->  Seq Scan on phoml_trajectory_tmp s_1223  (cost=0.00..95.68 rows=17 width=40)
                                 Filter: ((unix_time >= '1685451385.094'::double precision) AND (unix_time <= '1685451445.094'::double precision))
   ->  Subquery Scan on "*SELECT* 1225"  (cost=97.82..97.83 rows=1 width=76)
         ->  Limit  (cost=97.82..97.82 rows=1 width=84)
               ->  Sort  (cost=97.82..97.82 rows=1 width=84)
                     Sort Key: (st_distance(st_transform(s_1224.the_geom, 25833), schw_1224.schw))
                     ->  Nested Loop  (cost=0.00..97.81 rows=1 width=84)
                           Join Filter: ((st_transform(s_1224.the_geom, 25833) && st_expand(schw_1224.schw, '300'::double precision)) AND (schw_1224.schw && st_expand(st_transform(s_1224.the_geom, 25833), '300'::double precision)) AND _st_dwithin(st_transform(s_1224.the_geom, 25833), schw_1224.schw, '300'::double precision))
                           ->  Function Scan on schw_1224  (cost=0.00..0.01 rows=1 width=32)
                           ->  Seq Scan on phoml_trajectory_tmp s_1224  (cost=0.00..95.68 rows=17 width=40)
                                 Filter: ((unix_time >= '1685451385.487'::double precision) AND (unix_time <= '1685451445.487'::double precision))
   ->  Subquery Scan on "*SELECT* 1226"  (cost=97.82..97.83 rows=1 width=76)
         ->  Limit  (cost=97.82..97.82 rows=1 width=84)
               ->  Sort  (cost=97.82..97.82 rows=1 width=84)
                     Sort Key: (st_distance(st_transform(s_1225.the_geom, 25833), schw_1225.schw))
                     ->  Nested Loop  (cost=0.00..97.81 rows=1 width=84)
                           Join Filter: ((st_transform(s_1225.the_geom, 25833) && st_expand(schw_1225.schw, '300'::double precision)) AND (schw_1225.schw && st_expand(st_transform(s_1225.the_geom, 25833), '300'::double precision)) AND _st_dwithin(st_transform(s_1225.the_geom, 25833), schw_1225.schw, '300'::double precision))
                           ->  Function Scan on schw_1225  (cost=0.00..0.01 rows=1 width=32)
                           ->  Seq Scan on phoml_trajectory_tmp s_1225  (cost=0.00..95.68 rows=17 width=40)
                                 Filter: ((unix_time >= '1685451385.877'::double precision) AND (unix_time <= '1685451445.877'::double precision))
   ->  Subquery Scan on "*SELECT* 1227"  (cost=97.82..97.83 rows=1 width=76)
         ->  Limit  (cost=97.82..97.82 rows=1 width=84)
               ->  Sort  (cost=97.82..97.82 rows=1 width=84)
                     Sort Key: (st_distance(st_transform(s_1226.the_geom, 25833), schw_1226.schw))
                     ->  Nested Loop  (cost=0.00..97.81 rows=1 width=84)
                           Join Filter: ((st_transform(s_1226.the_geom, 25833) && st_expand(schw_1226.schw, '300'::double precision)) AND (schw_1226.schw && st_expand(st_transform(s_1226.the_geom, 25833), '300'::double precision)) AND _st_dwithin(st_transform(s_1226.the_geom, 25833), schw_1226.schw, '300'::double precision))
                           ->  Function Scan on schw_1226  (cost=0.00..0.01 rows=1 width=32)
                           ->  Seq Scan on phoml_trajectory_tmp s_1226  (cost=0.00..95.68 rows=17 width=40)
                                 Filter: ((unix_time >= '1685451386.251'::double precision) AND (unix_time <= '1685451446.251'::double precision))
   ->  Subquery Scan on "*SELECT* 1228"  (cost=97.82..97.83 rows=1 width=76)
         ->  Limit  (cost=97.82..97.82 rows=1 width=84)
               ->  Sort  (cost=97.82..97.82 rows=1 width=84)
                     Sort Key: (st_distance(st_transform(s_1227.the_geom, 25833), schw_1227.schw))
                     ->  Nested Loop  (cost=0.00..97.81 rows=1 width=84)
                           Join Filter: ((st_transform(s_1227.the_geom, 25833) && st_expand(schw_1227.schw, '300'::double precision)) AND (schw_1227.schw && st_expand(st_transform(s_1227.the_geom, 25833), '300'::double precision)) AND _st_dwithin(st_transform(s_1227.the_geom, 25833), schw_1227.schw, '300'::double precision))
                           ->  Function Scan on schw_1227  (cost=0.00..0.01 rows=1 width=32)
                           ->  Seq Scan on phoml_trajectory_tmp s_1227  (cost=0.00..95.68 rows=17 width=40)
                                 Filter: ((unix_time >= '1685451386.618'::double precision) AND (unix_time <= '1685451446.618'::double precision))
   ->  Subquery Scan on "*SELECT* 1229"  (cost=97.82..97.83 rows=1 width=76)
         ->  Limit  (cost=97.82..97.82 rows=1 width=84)
               ->  Sort  (cost=97.82..97.82 rows=1 width=84)
                     Sort Key: (st_distance(st_transform(s_1228.the_geom, 25833), schw_1228.schw))
                     ->  Nested Loop  (cost=0.00..97.81 rows=1 width=84)
                           Join Filter: ((st_transform(s_1228.the_geom, 25833) && st_expand(schw_1228.schw, '300'::double precision)) AND (schw_1228.schw && st_expand(st_transform(s_1228.the_geom, 25833), '300'::double precision)) AND _st_dwithin(st_transform(s_1228.the_geom, 25833), schw_1228.schw, '300'::double precision))
                           ->  Function Scan on schw_1228  (cost=0.00..0.01 rows=1 width=32)
                           ->  Seq Scan on phoml_trajectory_tmp s_1228  (cost=0.00..95.68 rows=17 width=40)
                                 Filter: ((unix_time >= '1685451386.946'::double precision) AND (unix_time <= '1685451446.946'::double precision))
   ->  Subquery Scan on "*SELECT* 1230"  (cost=97.82..97.83 rows=1 width=76)
         ->  Limit  (cost=97.82..97.82 rows=1 width=84)
               ->  Sort  (cost=97.82..97.82 rows=1 width=84)
                     Sort Key: (st_distance(st_transform(s_1229.the_geom, 25833), schw_1229.schw))
                     ->  Nested Loop  (cost=0.00..97.81 rows=1 width=84)
                           Join Filter: ((st_transform(s_1229.the_geom, 25833) && st_expand(schw_1229.schw, '300'::double precision)) AND (schw_1229.schw && st_expand(st_transform(s_1229.the_geom, 25833), '300'::double precision)) AND _st_dwithin(st_transform(s_1229.the_geom, 25833), schw_1229.schw, '300'::double precision))
                           ->  Function Scan on schw_1229  (cost=0.00..0.01 rows=1 width=32)
                           ->  Seq Scan on phoml_trajectory_tmp s_1229  (cost=0.00..95.68 rows=17 width=40)
                                 Filter: ((unix_time >= '1685451387.334'::double precision) AND (unix_time <= '1685451447.334'::double precision))
   ->  Subquery Scan on "*SELECT* 1231"  (cost=97.82..97.83 rows=1 width=76)
         ->  Limit  (cost=97.82..97.82 rows=1 width=84)
               ->  Sort  (cost=97.82..97.82 rows=1 width=84)
                     Sort Key: (st_distance(st_transform(s_1230.the_geom, 25833), schw_1230.schw))
                     ->  Nested Loop  (cost=0.00..97.81 rows=1 width=84)
                           Join Filter: ((st_transform(s_1230.the_geom, 25833) && st_expand(schw_1230.schw, '300'::double precision)) AND (schw_1230.schw && st_expand(st_transform(s_1230.the_geom, 25833), '300'::double precision)) AND _st_dwithin(st_transform(s_1230.the_geom, 25833), schw_1230.schw, '300'::double precision))
                           ->  Function Scan on schw_1230  (cost=0.00..0.01 rows=1 width=32)
                           ->  Seq Scan on phoml_trajectory_tmp s_1230  (cost=0.00..95.68 rows=17 width=40)
                                 Filter: ((unix_time >= '1685451387.703'::double precision) AND (unix_time <= '1685451447.703'::double precision))
   ->  Subquery Scan on "*SELECT* 1232"  (cost=97.82..97.83 rows=1 width=76)
         ->  Limit  (cost=97.82..97.82 rows=1 width=84)
               ->  Sort  (cost=97.82..97.82 rows=1 width=84)
                     Sort Key: (st_distance(st_transform(s_1231.the_geom, 25833), schw_1231.schw))
                     ->  Nested Loop  (cost=0.00..97.81 rows=1 width=84)
                           Join Filter: ((st_transform(s_1231.the_geom, 25833) && st_expand(schw_1231.schw, '300'::double precision)) AND (schw_1231.schw && st_expand(st_transform(s_1231.the_geom, 25833), '300'::double precision)) AND _st_dwithin(st_transform(s_1231.the_geom, 25833), schw_1231.schw, '300'::double precision))
                           ->  Function Scan on schw_1231  (cost=0.00..0.01 rows=1 width=32)
                           ->  Seq Scan on phoml_trajectory_tmp s_1231  (cost=0.00..95.68 rows=17 width=40)
                                 Filter: ((unix_time >= '1685451388.073'::double precision) AND (unix_time <= '1685451448.073'::double precision))
   ->  Subquery Scan on "*SELECT* 1233"  (cost=97.82..97.83 rows=1 width=76)
         ->  Limit  (cost=97.82..97.82 rows=1 width=84)
               ->  Sort  (cost=97.82..97.82 rows=1 width=84)
                     Sort Key: (st_distance(st_transform(s_1232.the_geom, 25833), schw_1232.schw))
                     ->  Nested Loop  (cost=0.00..97.81 rows=1 width=84)
                           Join Filter: ((st_transform(s_1232.the_geom, 25833) && st_expand(schw_1232.schw, '300'::double precision)) AND (schw_1232.schw && st_expand(st_transform(s_1232.the_geom, 25833), '300'::double precision)) AND _st_dwithin(st_transform(s_1232.the_geom, 25833), schw_1232.schw, '300'::double precision))
                           ->  Function Scan on schw_1232  (cost=0.00..0.01 rows=1 width=32)
                           ->  Seq Scan on phoml_trajectory_tmp s_1232  (cost=0.00..95.68 rows=17 width=40)
                                 Filter: ((unix_time >= '1685451388.428'::double precision) AND (unix_time <= '1685451448.428'::double precision))
   ->  Subquery Scan on "*SELECT* 1234"  (cost=97.82..97.83 rows=1 width=76)
         ->  Limit  (cost=97.82..97.82 rows=1 width=84)
               ->  Sort  (cost=97.82..97.82 rows=1 width=84)
                     Sort Key: (st_distance(st_transform(s_1233.the_geom, 25833), schw_1233.schw))
                     ->  Nested Loop  (cost=0.00..97.81 rows=1 width=84)
                           Join Filter: ((st_transform(s_1233.the_geom, 25833) && st_expand(schw_1233.schw, '300'::double precision)) AND (schw_1233.schw && st_expand(st_transform(s_1233.the_geom, 25833), '300'::double precision)) AND _st_dwithin(st_transform(s_1233.the_geom, 25833), schw_1233.schw, '300'::double precision))
                           ->  Function Scan on schw_1233  (cost=0.00..0.01 rows=1 width=32)
                           ->  Seq Scan on phoml_trajectory_tmp s_1233  (cost=0.00..95.68 rows=17 width=40)
                                 Filter: ((unix_time >= '1685451388.778'::double precision) AND (unix_time <= '1685451448.778'::double precision))
   ->  Subquery Scan on "*SELECT* 1235"  (cost=97.82..97.83 rows=1 width=76)
         ->  Limit  (cost=97.82..97.82 rows=1 width=84)
               ->  Sort  (cost=97.82..97.82 rows=1 width=84)
                     Sort Key: (st_distance(st_transform(s_1234.the_geom, 25833), schw_1234.schw))
                     ->  Nested Loop  (cost=0.00..97.81 rows=1 width=84)
                           Join Filter: ((st_transform(s_1234.the_geom, 25833) && st_expand(schw_1234.schw, '300'::double precision)) AND (schw_1234.schw && st_expand(st_transform(s_1234.the_geom, 25833), '300'::double precision)) AND _st_dwithin(st_transform(s_1234.the_geom, 25833), schw_1234.schw, '300'::double precision))
                           ->  Function Scan on schw_1234  (cost=0.00..0.01 rows=1 width=32)
                           ->  Seq Scan on phoml_trajectory_tmp s_1234  (cost=0.00..95.68 rows=17 width=40)
                                 Filter: ((unix_time >= '1685451389.157'::double precision) AND (unix_time <= '1685451449.157'::double precision))
   ->  Subquery Scan on "*SELECT* 1236"  (cost=97.82..97.83 rows=1 width=76)
         ->  Limit  (cost=97.82..97.82 rows=1 width=84)
               ->  Sort  (cost=97.82..97.82 rows=1 width=84)
                     Sort Key: (st_distance(st_transform(s_1235.the_geom, 25833), schw_1235.schw))
                     ->  Nested Loop  (cost=0.00..97.81 rows=1 width=84)
                           Join Filter: ((st_transform(s_1235.the_geom, 25833) && st_expand(schw_1235.schw, '300'::double precision)) AND (schw_1235.schw && st_expand(st_transform(s_1235.the_geom, 25833), '300'::double precision)) AND _st_dwithin(st_transform(s_1235.the_geom, 25833), schw_1235.schw, '300'::double precision))
                           ->  Function Scan on schw_1235  (cost=0.00..0.01 rows=1 width=32)
                           ->  Seq Scan on phoml_trajectory_tmp s_1235  (cost=0.00..95.68 rows=17 width=40)
                                 Filter: ((unix_time >= '1685451389.497'::double precision) AND (unix_time <= '1685451449.497'::double precision))
   ->  Subquery Scan on "*SELECT* 1237"  (cost=97.82..97.83 rows=1 width=76)
         ->  Limit  (cost=97.82..97.82 rows=1 width=84)
               ->  Sort  (cost=97.82..97.82 rows=1 width=84)
                     Sort Key: (st_distance(st_transform(s_1236.the_geom, 25833), schw_1236.schw))
                     ->  Nested Loop  (cost=0.00..97.81 rows=1 width=84)
                           Join Filter: ((st_transform(s_1236.the_geom, 25833) && st_expand(schw_1236.schw, '300'::double precision)) AND (schw_1236.schw && st_expand(st_transform(s_1236.the_geom, 25833), '300'::double precision)) AND _st_dwithin(st_transform(s_1236.the_geom, 25833), schw_1236.schw, '300'::double precision))
                           ->  Function Scan on schw_1236  (cost=0.00..0.01 rows=1 width=32)
                           ->  Seq Scan on phoml_trajectory_tmp s_1236  (cost=0.00..95.68 rows=17 width=40)
                                 Filter: ((unix_time >= '1685451389.827'::double precision) AND (unix_time <= '1685451449.827'::double precision))
   ->  Subquery Scan on "*SELECT* 1238"  (cost=97.82..97.83 rows=1 width=76)
         ->  Limit  (cost=97.82..97.82 rows=1 width=84)
               ->  Sort  (cost=97.82..97.82 rows=1 width=84)
                     Sort Key: (st_distance(st_transform(s_1237.the_geom, 25833), schw_1237.schw))
                     ->  Nested Loop  (cost=0.00..97.81 rows=1 width=84)
                           Join Filter: ((st_transform(s_1237.the_geom, 25833) && st_expand(schw_1237.schw, '300'::double precision)) AND (schw_1237.schw && st_expand(st_transform(s_1237.the_geom, 25833), '300'::double precision)) AND _st_dwithin(st_transform(s_1237.the_geom, 25833), schw_1237.schw, '300'::double precision))
                           ->  Function Scan on schw_1237  (cost=0.00..0.01 rows=1 width=32)
                           ->  Seq Scan on phoml_trajectory_tmp s_1237  (cost=0.00..95.68 rows=17 width=40)
                                 Filter: ((unix_time >= '1685451390.191'::double precision) AND (unix_time <= '1685451450.191'::double precision))
   ->  Subquery Scan on "*SELECT* 1239"  (cost=97.82..97.83 rows=1 width=76)
         ->  Limit  (cost=97.82..97.82 rows=1 width=84)
               ->  Sort  (cost=97.82..97.82 rows=1 width=84)
                     Sort Key: (st_distance(st_transform(s_1238.the_geom, 25833), schw_1238.schw))
                     ->  Nested Loop  (cost=0.00..97.81 rows=1 width=84)
                           Join Filter: ((st_transform(s_1238.the_geom, 25833) && st_expand(schw_1238.schw, '300'::double precision)) AND (schw_1238.schw && st_expand(st_transform(s_1238.the_geom, 25833), '300'::double precision)) AND _st_dwithin(st_transform(s_1238.the_geom, 25833), schw_1238.schw, '300'::double precision))
                           ->  Function Scan on schw_1238  (cost=0.00..0.01 rows=1 width=32)
                           ->  Seq Scan on phoml_trajectory_tmp s_1238  (cost=0.00..95.68 rows=17 width=40)
                                 Filter: ((unix_time >= '1685451390.531'::double precision) AND (unix_time <= '1685451450.531'::double precision))
   ->  Subquery Scan on "*SELECT* 1240"  (cost=97.82..97.83 rows=1 width=76)
         ->  Limit  (cost=97.82..97.82 rows=1 width=84)
               ->  Sort  (cost=97.82..97.82 rows=1 width=84)
                     Sort Key: (st_distance(st_transform(s_1239.the_geom, 25833), schw_1239.schw))
                     ->  Nested Loop  (cost=0.00..97.81 rows=1 width=84)
                           Join Filter: ((st_transform(s_1239.the_geom, 25833) && st_expand(schw_1239.schw, '300'::double precision)) AND (schw_1239.schw && st_expand(st_transform(s_1239.the_geom, 25833), '300'::double precision)) AND _st_dwithin(st_transform(s_1239.the_geom, 25833), schw_1239.schw, '300'::double precision))
                           ->  Function Scan on schw_1239  (cost=0.00..0.01 rows=1 width=32)
                           ->  Seq Scan on phoml_trajectory_tmp s_1239  (cost=0.00..95.68 rows=17 width=40)
                                 Filter: ((unix_time >= '1685451390.871'::double precision) AND (unix_time <= '1685451450.871'::double precision))
   ->  Subquery Scan on "*SELECT* 1241"  (cost=97.82..97.83 rows=1 width=76)
         ->  Limit  (cost=97.82..97.82 rows=1 width=84)
               ->  Sort  (cost=97.82..97.82 rows=1 width=84)
                     Sort Key: (st_distance(st_transform(s_1240.the_geom, 25833), schw_1240.schw))
                     ->  Nested Loop  (cost=0.00..97.81 rows=1 width=84)
                           Join Filter: ((st_transform(s_1240.the_geom, 25833) && st_expand(schw_1240.schw, '300'::double precision)) AND (schw_1240.schw && st_expand(st_transform(s_1240.the_geom, 25833), '300'::double precision)) AND _st_dwithin(st_transform(s_1240.the_geom, 25833), schw_1240.schw, '300'::double precision))
                           ->  Function Scan on schw_1240  (cost=0.00..0.01 rows=1 width=32)
                           ->  Seq Scan on phoml_trajectory_tmp s_1240  (cost=0.00..95.68 rows=17 width=40)
                                 Filter: ((unix_time >= '1685451391.221'::double precision) AND (unix_time <= '1685451451.221'::double precision))
   ->  Subquery Scan on "*SELECT* 1242"  (cost=97.82..97.83 rows=1 width=76)
         ->  Limit  (cost=97.82..97.82 rows=1 width=84)
               ->  Sort  (cost=97.82..97.82 rows=1 width=84)
                     Sort Key: (st_distance(st_transform(s_1241.the_geom, 25833), schw_1241.schw))
                     ->  Nested Loop  (cost=0.00..97.81 rows=1 width=84)
                           Join Filter: ((st_transform(s_1241.the_geom, 25833) && st_expand(schw_1241.schw, '300'::double precision)) AND (schw_1241.schw && st_expand(st_transform(s_1241.the_geom, 25833), '300'::double precision)) AND _st_dwithin(st_transform(s_1241.the_geom, 25833), schw_1241.schw, '300'::double precision))
                           ->  Function Scan on schw_1241  (cost=0.00..0.01 rows=1 width=32)
                           ->  Seq Scan on phoml_trajectory_tmp s_1241  (cost=0.00..95.68 rows=17 width=40)
                                 Filter: ((unix_time >= '1685451391.562'::double precision) AND (unix_time <= '1685451451.562'::double precision))
   ->  Subquery Scan on "*SELECT* 1243"  (cost=97.82..97.83 rows=1 width=76)
         ->  Limit  (cost=97.82..97.82 rows=1 width=84)
               ->  Sort  (cost=97.82..97.82 rows=1 width=84)
                     Sort Key: (st_distance(st_transform(s_1242.the_geom, 25833), schw_1242.schw))
                     ->  Nested Loop  (cost=0.00..97.81 rows=1 width=84)
                           Join Filter: ((st_transform(s_1242.the_geom, 25833) && st_expand(schw_1242.schw, '300'::double precision)) AND (schw_1242.schw && st_expand(st_transform(s_1242.the_geom, 25833), '300'::double precision)) AND _st_dwithin(st_transform(s_1242.the_geom, 25833), schw_1242.schw, '300'::double precision))
                           ->  Function Scan on schw_1242  (cost=0.00..0.01 rows=1 width=32)
                           ->  Seq Scan on phoml_trajectory_tmp s_1242  (cost=0.00..95.68 rows=17 width=40)
                                 Filter: ((unix_time >= '1685451391.902'::double precision) AND (unix_time <= '1685451451.902'::double precision))
   ->  Subquery Scan on "*SELECT* 1244"  (cost=97.82..97.83 rows=1 width=76)
         ->  Limit  (cost=97.82..97.82 rows=1 width=84)
               ->  Sort  (cost=97.82..97.82 rows=1 width=84)
                     Sort Key: (st_distance(st_transform(s_1243.the_geom, 25833), schw_1243.schw))
                     ->  Nested Loop  (cost=0.00..97.81 rows=1 width=84)
                           Join Filter: ((st_transform(s_1243.the_geom, 25833) && st_expand(schw_1243.schw, '300'::double precision)) AND (schw_1243.schw && st_expand(st_transform(s_1243.the_geom, 25833), '300'::double precision)) AND _st_dwithin(st_transform(s_1243.the_geom, 25833), schw_1243.schw, '300'::double precision))
                           ->  Function Scan on schw_1243  (cost=0.00..0.01 rows=1 width=32)
                           ->  Seq Scan on phoml_trajectory_tmp s_1243  (cost=0.00..95.68 rows=17 width=40)
                                 Filter: ((unix_time >= '1685451392.243'::double precision) AND (unix_time <= '1685451452.243'::double precision))
   ->  Subquery Scan on "*SELECT* 1245"  (cost=97.82..97.83 rows=1 width=76)
         ->  Limit  (cost=97.82..97.82 rows=1 width=84)
               ->  Sort  (cost=97.82..97.82 rows=1 width=84)
                     Sort Key: (st_distance(st_transform(s_1244.the_geom, 25833), schw_1244.schw))
                     ->  Nested Loop  (cost=0.00..97.81 rows=1 width=84)
                           Join Filter: ((st_transform(s_1244.the_geom, 25833) && st_expand(schw_1244.schw, '300'::double precision)) AND (schw_1244.schw && st_expand(st_transform(s_1244.the_geom, 25833), '300'::double precision)) AND _st_dwithin(st_transform(s_1244.the_geom, 25833), schw_1244.schw, '300'::double precision))
                           ->  Function Scan on schw_1244  (cost=0.00..0.01 rows=1 width=32)
                           ->  Seq Scan on phoml_trajectory_tmp s_1244  (cost=0.00..95.68 rows=17 width=40)
                                 Filter: ((unix_time >= '1685451392.593'::double precision) AND (unix_time <= '1685451452.593'::double precision))
   ->  Subquery Scan on "*SELECT* 1246"  (cost=97.82..97.83 rows=1 width=76)
         ->  Limit  (cost=97.82..97.82 rows=1 width=84)
               ->  Sort  (cost=97.82..97.82 rows=1 width=84)
                     Sort Key: (st_distance(st_transform(s_1245.the_geom, 25833), schw_1245.schw))
                     ->  Nested Loop  (cost=0.00..97.81 rows=1 width=84)
                           Join Filter: ((st_transform(s_1245.the_geom, 25833) && st_expand(schw_1245.schw, '300'::double precision)) AND (schw_1245.schw && st_expand(st_transform(s_1245.the_geom, 25833), '300'::double precision)) AND _st_dwithin(st_transform(s_1245.the_geom, 25833), schw_1245.schw, '300'::double precision))
                           ->  Function Scan on schw_1245  (cost=0.00..0.01 rows=1 width=32)
                           ->  Seq Scan on phoml_trajectory_tmp s_1245  (cost=0.00..95.68 rows=17 width=40)
                                 Filter: ((unix_time >= '1685451392.974'::double precision) AND (unix_time <= '1685451452.974'::double precision))
   ->  Subquery Scan on "*SELECT* 1247"  (cost=97.82..97.83 rows=1 width=76)
         ->  Limit  (cost=97.82..97.82 rows=1 width=84)
               ->  Sort  (cost=97.82..97.82 rows=1 width=84)
                     Sort Key: (st_distance(st_transform(s_1246.the_geom, 25833), schw_1246.schw))
                     ->  Nested Loop  (cost=0.00..97.81 rows=1 width=84)
                           Join Filter: ((st_transform(s_1246.the_geom, 25833) && st_expand(schw_1246.schw, '300'::double precision)) AND (schw_1246.schw && st_expand(st_transform(s_1246.the_geom, 25833), '300'::double precision)) AND _st_dwithin(st_transform(s_1246.the_geom, 25833), schw_1246.schw, '300'::double precision))
                           ->  Function Scan on schw_1246  (cost=0.00..0.01 rows=1 width=32)
                           ->  Seq Scan on phoml_trajectory_tmp s_1246  (cost=0.00..95.68 rows=17 width=40)
                                 Filter: ((unix_time >= '1685451393.335'::double precision) AND (unix_time <= '1685451453.335'::double precision))
   ->  Subquery Scan on "*SELECT* 1248"  (cost=97.82..97.83 rows=1 width=76)
         ->  Limit  (cost=97.82..97.82 rows=1 width=84)
               ->  Sort  (cost=97.82..97.82 rows=1 width=84)
                     Sort Key: (st_distance(st_transform(s_1247.the_geom, 25833), schw_1247.schw))
                     ->  Nested Loop  (cost=0.00..97.81 rows=1 width=84)
                           Join Filter: ((st_transform(s_1247.the_geom, 25833) && st_expand(schw_1247.schw, '300'::double precision)) AND (schw_1247.schw && st_expand(st_transform(s_1247.the_geom, 25833), '300'::double precision)) AND _st_dwithin(st_transform(s_1247.the_geom, 25833), schw_1247.schw, '300'::double precision))
                           ->  Function Scan on schw_1247  (cost=0.00..0.01 rows=1 width=32)
                           ->  Seq Scan on phoml_trajectory_tmp s_1247  (cost=0.00..95.68 rows=17 width=40)
                                 Filter: ((unix_time >= '1685451393.682'::double precision) AND (unix_time <= '1685451453.682'::double precision))
   ->  Subquery Scan on "*SELECT* 1249"  (cost=97.82..97.83 rows=1 width=76)
         ->  Limit  (cost=97.82..97.82 rows=1 width=84)
               ->  Sort  (cost=97.82..97.82 rows=1 width=84)
                     Sort Key: (st_distance(st_transform(s_1248.the_geom, 25833), schw_1248.schw))
                     ->  Nested Loop  (cost=0.00..97.81 rows=1 width=84)
                           Join Filter: ((st_transform(s_1248.the_geom, 25833) && st_expand(schw_1248.schw, '300'::double precision)) AND (schw_1248.schw && st_expand(st_transform(s_1248.the_geom, 25833), '300'::double precision)) AND _st_dwithin(st_transform(s_1248.the_geom, 25833), schw_1248.schw, '300'::double precision))
                           ->  Function Scan on schw_1248  (cost=0.00..0.01 rows=1 width=32)
                           ->  Seq Scan on phoml_trajectory_tmp s_1248  (cost=0.00..95.68 rows=17 width=40)
                                 Filter: ((unix_time >= '1685451394.032'::double precision) AND (unix_time <= '1685451454.032'::double precision))
   ->  Subquery Scan on "*SELECT* 1250"  (cost=97.82..97.83 rows=1 width=76)
         ->  Limit  (cost=97.82..97.82 rows=1 width=84)
               ->  Sort  (cost=97.82..97.82 rows=1 width=84)
                     Sort Key: (st_distance(st_transform(s_1249.the_geom, 25833), schw_1249.schw))
                     ->  Nested Loop  (cost=0.00..97.81 rows=1 width=84)
                           Join Filter: ((st_transform(s_1249.the_geom, 25833) && st_expand(schw_1249.schw, '300'::double precision)) AND (schw_1249.schw && st_expand(st_transform(s_1249.the_geom, 25833), '300'::double precision)) AND _st_dwithin(st_transform(s_1249.the_geom, 25833), schw_1249.schw, '300'::double precision))
                           ->  Function Scan on schw_1249  (cost=0.00..0.01 rows=1 width=32)
                           ->  Seq Scan on phoml_trajectory_tmp s_1249  (cost=0.00..95.68 rows=17 width=40)
                                 Filter: ((unix_time >= '1685451394.374'::double precision) AND (unix_time <= '1685451454.374'::double precision))
   ->  Subquery Scan on "*SELECT* 1251"  (cost=97.82..97.83 rows=1 width=76)
         ->  Limit  (cost=97.82..97.82 rows=1 width=84)
               ->  Sort  (cost=97.82..97.82 rows=1 width=84)
                     Sort Key: (st_distance(st_transform(s_1250.the_geom, 25833), schw_1250.schw))
                     ->  Nested Loop  (cost=0.00..97.81 rows=1 width=84)
                           Join Filter: ((st_transform(s_1250.the_geom, 25833) && st_expand(schw_1250.schw, '300'::double precision)) AND (schw_1250.schw && st_expand(st_transform(s_1250.the_geom, 25833), '300'::double precision)) AND _st_dwithin(st_transform(s_1250.the_geom, 25833), schw_1250.schw, '300'::double precision))
                           ->  Function Scan on schw_1250  (cost=0.00..0.01 rows=1 width=32)
                           ->  Seq Scan on phoml_trajectory_tmp s_1250  (cost=0.00..95.68 rows=17 width=40)
                                 Filter: ((unix_time >= '1685451394.714'::double precision) AND (unix_time <= '1685451454.714'::double precision))
   ->  Subquery Scan on "*SELECT* 1252"  (cost=97.82..97.83 rows=1 width=76)
         ->  Limit  (cost=97.82..97.82 rows=1 width=84)
               ->  Sort  (cost=97.82..97.82 rows=1 width=84)
                     Sort Key: (st_distance(st_transform(s_1251.the_geom, 25833), schw_1251.schw))
                     ->  Nested Loop  (cost=0.00..97.81 rows=1 width=84)
                           Join Filter: ((st_transform(s_1251.the_geom, 25833) && st_expand(schw_1251.schw, '300'::double precision)) AND (schw_1251.schw && st_expand(st_transform(s_1251.the_geom, 25833), '300'::double precision)) AND _st_dwithin(st_transform(s_1251.the_geom, 25833), schw_1251.schw, '300'::double precision))
                           ->  Function Scan on schw_1251  (cost=0.00..0.01 rows=1 width=32)
                           ->  Seq Scan on phoml_trajectory_tmp s_1251  (cost=0.00..95.68 rows=17 width=40)
                                 Filter: ((unix_time >= '1685451395.022'::double precision) AND (unix_time <= '1685451455.022'::double precision))
   ->  Subquery Scan on "*SELECT* 1253"  (cost=97.82..97.83 rows=1 width=76)
         ->  Limit  (cost=97.82..97.82 rows=1 width=84)
               ->  Sort  (cost=97.82..97.82 rows=1 width=84)
                     Sort Key: (st_distance(st_transform(s_1252.the_geom, 25833), schw_1252.schw))
                     ->  Nested Loop  (cost=0.00..97.81 rows=1 width=84)
                           Join Filter: ((st_transform(s_1252.the_geom, 25833) && st_expand(schw_1252.schw, '300'::double precision)) AND (schw_1252.schw && st_expand(st_transform(s_1252.the_geom, 25833), '300'::double precision)) AND _st_dwithin(st_transform(s_1252.the_geom, 25833), schw_1252.schw, '300'::double precision))
                           ->  Function Scan on schw_1252  (cost=0.00..0.01 rows=1 width=32)
                           ->  Seq Scan on phoml_trajectory_tmp s_1252  (cost=0.00..95.68 rows=17 width=40)
                                 Filter: ((unix_time >= '1685451395.405'::double precision) AND (unix_time <= '1685451455.405'::double precision))
   ->  Subquery Scan on "*SELECT* 1254"  (cost=97.82..97.83 rows=1 width=76)
         ->  Limit  (cost=97.82..97.82 rows=1 width=84)
               ->  Sort  (cost=97.82..97.82 rows=1 width=84)
                     Sort Key: (st_distance(st_transform(s_1253.the_geom, 25833), schw_1253.schw))
                     ->  Nested Loop  (cost=0.00..97.81 rows=1 width=84)
                           Join Filter: ((st_transform(s_1253.the_geom, 25833) && st_expand(schw_1253.schw, '300'::double precision)) AND (schw_1253.schw && st_expand(st_transform(s_1253.the_geom, 25833), '300'::double precision)) AND _st_dwithin(st_transform(s_1253.the_geom, 25833), schw_1253.schw, '300'::double precision))
                           ->  Function Scan on schw_1253  (cost=0.00..0.01 rows=1 width=32)
                           ->  Seq Scan on phoml_trajectory_tmp s_1253  (cost=0.00..95.68 rows=17 width=40)
                                 Filter: ((unix_time >= '1685451395.703'::double precision) AND (unix_time <= '1685451455.703'::double precision))
   ->  Subquery Scan on "*SELECT* 1255"  (cost=97.82..97.83 rows=1 width=76)
         ->  Limit  (cost=97.82..97.82 rows=1 width=84)
               ->  Sort  (cost=97.82..97.82 rows=1 width=84)
                     Sort Key: (st_distance(st_transform(s_1254.the_geom, 25833), schw_1254.schw))
                     ->  Nested Loop  (cost=0.00..97.81 rows=1 width=84)
                           Join Filter: ((st_transform(s_1254.the_geom, 25833) && st_expand(schw_1254.schw, '300'::double precision)) AND (schw_1254.schw && st_expand(st_transform(s_1254.the_geom, 25833), '300'::double precision)) AND _st_dwithin(st_transform(s_1254.the_geom, 25833), schw_1254.schw, '300'::double precision))
                           ->  Function Scan on schw_1254  (cost=0.00..0.01 rows=1 width=32)
                           ->  Seq Scan on phoml_trajectory_tmp s_1254  (cost=0.00..95.68 rows=17 width=40)
                                 Filter: ((unix_time >= '1685451396.043'::double precision) AND (unix_time <= '1685451456.043'::double precision))
   ->  Subquery Scan on "*SELECT* 1256"  (cost=97.82..97.83 rows=1 width=76)
         ->  Limit  (cost=97.82..97.82 rows=1 width=84)
               ->  Sort  (cost=97.82..97.82 rows=1 width=84)
                     Sort Key: (st_distance(st_transform(s_1255.the_geom, 25833), schw_1255.schw))
                     ->  Nested Loop  (cost=0.00..97.81 rows=1 width=84)
                           Join Filter: ((st_transform(s_1255.the_geom, 25833) && st_expand(schw_1255.schw, '300'::double precision)) AND (schw_1255.schw && st_expand(st_transform(s_1255.the_geom, 25833), '300'::double precision)) AND _st_dwithin(st_transform(s_1255.the_geom, 25833), schw_1255.schw, '300'::double precision))
                           ->  Function Scan on schw_1255  (cost=0.00..0.01 rows=1 width=32)
                           ->  Seq Scan on phoml_trajectory_tmp s_1255  (cost=0.00..95.68 rows=17 width=40)
                                 Filter: ((unix_time >= '1685451396.433'::double precision) AND (unix_time <= '1685451456.433'::double precision))
   ->  Subquery Scan on "*SELECT* 1257"  (cost=97.82..97.83 rows=1 width=76)
         ->  Limit  (cost=97.82..97.82 rows=1 width=84)
               ->  Sort  (cost=97.82..97.82 rows=1 width=84)
                     Sort Key: (st_distance(st_transform(s_1256.the_geom, 25833), schw_1256.schw))
                     ->  Nested Loop  (cost=0.00..97.81 rows=1 width=84)
                           Join Filter: ((st_transform(s_1256.the_geom, 25833) && st_expand(schw_1256.schw, '300'::double precision)) AND (schw_1256.schw && st_expand(st_transform(s_1256.the_geom, 25833), '300'::double precision)) AND _st_dwithin(st_transform(s_1256.the_geom, 25833), schw_1256.schw, '300'::double precision))
                           ->  Function Scan on schw_1256  (cost=0.00..0.01 rows=1 width=32)
                           ->  Seq Scan on phoml_trajectory_tmp s_1256  (cost=0.00..95.68 rows=17 width=40)
                                 Filter: ((unix_time >= '1685451396.763'::double precision) AND (unix_time <= '1685451456.763'::double precision))
   ->  Subquery Scan on "*SELECT* 1258"  (cost=97.82..97.83 rows=1 width=76)
         ->  Limit  (cost=97.82..97.82 rows=1 width=84)
               ->  Sort  (cost=97.82..97.82 rows=1 width=84)
                     Sort Key: (st_distance(st_transform(s_1257.the_geom, 25833), schw_1257.schw))
                     ->  Nested Loop  (cost=0.00..97.81 rows=1 width=84)
                           Join Filter: ((st_transform(s_1257.the_geom, 25833) && st_expand(schw_1257.schw, '300'::double precision)) AND (schw_1257.schw && st_expand(st_transform(s_1257.the_geom, 25833), '300'::double precision)) AND _st_dwithin(st_transform(s_1257.the_geom, 25833), schw_1257.schw, '300'::double precision))
                           ->  Function Scan on schw_1257  (cost=0.00..0.01 rows=1 width=32)
                           ->  Seq Scan on phoml_trajectory_tmp s_1257  (cost=0.00..95.68 rows=17 width=40)
                                 Filter: ((unix_time >= '1685451397.103'::double precision) AND (unix_time <= '1685451457.103'::double precision))
   ->  Subquery Scan on "*SELECT* 1259"  (cost=97.82..97.83 rows=1 width=76)
         ->  Limit  (cost=97.82..97.82 rows=1 width=84)
               ->  Sort  (cost=97.82..97.82 rows=1 width=84)
                     Sort Key: (st_distance(st_transform(s_1258.the_geom, 25833), schw_1258.schw))
                     ->  Nested Loop  (cost=0.00..97.81 rows=1 width=84)
                           Join Filter: ((st_transform(s_1258.the_geom, 25833) && st_expand(schw_1258.schw, '300'::double precision)) AND (schw_1258.schw && st_expand(st_transform(s_1258.the_geom, 25833), '300'::double precision)) AND _st_dwithin(st_transform(s_1258.the_geom, 25833), schw_1258.schw, '300'::double precision))
                           ->  Function Scan on schw_1258  (cost=0.00..0.01 rows=1 width=32)
                           ->  Seq Scan on phoml_trajectory_tmp s_1258  (cost=0.00..95.68 rows=17 width=40)
                                 Filter: ((unix_time >= '1685451397.442'::double precision) AND (unix_time <= '1685451457.442'::double precision))
   ->  Subquery Scan on "*SELECT* 1260"  (cost=97.82..97.83 rows=1 width=76)
         ->  Limit  (cost=97.82..97.82 rows=1 width=84)
               ->  Sort  (cost=97.82..97.82 rows=1 width=84)
                     Sort Key: (st_distance(st_transform(s_1259.the_geom, 25833), schw_1259.schw))
                     ->  Nested Loop  (cost=0.00..97.81 rows=1 width=84)
                           Join Filter: ((st_transform(s_1259.the_geom, 25833) && st_expand(schw_1259.schw, '300'::double precision)) AND (schw_1259.schw && st_expand(st_transform(s_1259.the_geom, 25833), '300'::double precision)) AND _st_dwithin(st_transform(s_1259.the_geom, 25833), schw_1259.schw, '300'::double precision))
                           ->  Function Scan on schw_1259  (cost=0.00..0.01 rows=1 width=32)
                           ->  Seq Scan on phoml_trajectory_tmp s_1259  (cost=0.00..95.68 rows=17 width=40)
                                 Filter: ((unix_time >= '1685451397.73'::double precision) AND (unix_time <= '1685451457.73'::double precision))
   ->  Subquery Scan on "*SELECT* 1261"  (cost=97.82..97.83 rows=1 width=76)
         ->  Limit  (cost=97.82..97.82 rows=1 width=84)
               ->  Sort  (cost=97.82..97.82 rows=1 width=84)
                     Sort Key: (st_distance(st_transform(s_1260.the_geom, 25833), schw_1260.schw))
                     ->  Nested Loop  (cost=0.00..97.81 rows=1 width=84)
                           Join Filter: ((st_transform(s_1260.the_geom, 25833) && st_expand(schw_1260.schw, '300'::double precision)) AND (schw_1260.schw && st_expand(st_transform(s_1260.the_geom, 25833), '300'::double precision)) AND _st_dwithin(st_transform(s_1260.the_geom, 25833), schw_1260.schw, '300'::double precision))
                           ->  Function Scan on schw_1260  (cost=0.00..0.01 rows=1 width=32)
                           ->  Seq Scan on phoml_trajectory_tmp s_1260  (cost=0.00..95.68 rows=17 width=40)
                                 Filter: ((unix_time >= '1685451398.07'::double precision) AND (unix_time <= '1685451458.07'::double precision))
   ->  Subquery Scan on "*SELECT* 1262"  (cost=97.82..97.83 rows=1 width=76)
         ->  Limit  (cost=97.82..97.82 rows=1 width=84)
               ->  Sort  (cost=97.82..97.82 rows=1 width=84)
                     Sort Key: (st_distance(st_transform(s_1261.the_geom, 25833), schw_1261.schw))
                     ->  Nested Loop  (cost=0.00..97.81 rows=1 width=84)
                           Join Filter: ((st_transform(s_1261.the_geom, 25833) && st_expand(schw_1261.schw, '300'::double precision)) AND (schw_1261.schw && st_expand(st_transform(s_1261.the_geom, 25833), '300'::double precision)) AND _st_dwithin(st_transform(s_1261.the_geom, 25833), schw_1261.schw, '300'::double precision))
                           ->  Function Scan on schw_1261  (cost=0.00..0.01 rows=1 width=32)
                           ->  Seq Scan on phoml_trajectory_tmp s_1261  (cost=0.00..95.68 rows=17 width=40)
                                 Filter: ((unix_time >= '1685451398.452'::double precision) AND (unix_time <= '1685451458.452'::double precision))
   ->  Subquery Scan on "*SELECT* 1263"  (cost=97.82..97.83 rows=1 width=76)
         ->  Limit  (cost=97.82..97.82 rows=1 width=84)
               ->  Sort  (cost=97.82..97.82 rows=1 width=84)
                     Sort Key: (st_distance(st_transform(s_1262.the_geom, 25833), schw_1262.schw))
                     ->  Nested Loop  (cost=0.00..97.81 rows=1 width=84)
                           Join Filter: ((st_transform(s_1262.the_geom, 25833) && st_expand(schw_1262.schw, '300'::double precision)) AND (schw_1262.schw && st_expand(st_transform(s_1262.the_geom, 25833), '300'::double precision)) AND _st_dwithin(st_transform(s_1262.the_geom, 25833), schw_1262.schw, '300'::double precision))
                           ->  Function Scan on schw_1262  (cost=0.00..0.01 rows=1 width=32)
                           ->  Seq Scan on phoml_trajectory_tmp s_1262  (cost=0.00..95.68 rows=17 width=40)
                                 Filter: ((unix_time >= '1685451398.739'::double precision) AND (unix_time <= '1685451458.739'::double precision))
   ->  Subquery Scan on "*SELECT* 1264"  (cost=97.82..97.83 rows=1 width=76)
         ->  Limit  (cost=97.82..97.82 rows=1 width=84)
               ->  Sort  (cost=97.82..97.82 rows=1 width=84)
                     Sort Key: (st_distance(st_transform(s_1263.the_geom, 25833), schw_1263.schw))
                     ->  Nested Loop  (cost=0.00..97.81 rows=1 width=84)
                           Join Filter: ((st_transform(s_1263.the_geom, 25833) && st_expand(schw_1263.schw, '300'::double precision)) AND (schw_1263.schw && st_expand(st_transform(s_1263.the_geom, 25833), '300'::double precision)) AND _st_dwithin(st_transform(s_1263.the_geom, 25833), schw_1263.schw, '300'::double precision))
                           ->  Function Scan on schw_1263  (cost=0.00..0.01 rows=1 width=32)
                           ->  Seq Scan on phoml_trajectory_tmp s_1263  (cost=0.00..95.68 rows=17 width=40)
                                 Filter: ((unix_time >= '1685451399.121'::double precision) AND (unix_time <= '1685451459.121'::double precision))
   ->  Subquery Scan on "*SELECT* 1265"  (cost=97.82..97.83 rows=1 width=76)
         ->  Limit  (cost=97.82..97.82 rows=1 width=84)
               ->  Sort  (cost=97.82..97.82 rows=1 width=84)
                     Sort Key: (st_distance(st_transform(s_1264.the_geom, 25833), schw_1264.schw))
                     ->  Nested Loop  (cost=0.00..97.81 rows=1 width=84)
                           Join Filter: ((st_transform(s_1264.the_geom, 25833) && st_expand(schw_1264.schw, '300'::double precision)) AND (schw_1264.schw && st_expand(st_transform(s_1264.the_geom, 25833), '300'::double precision)) AND _st_dwithin(st_transform(s_1264.the_geom, 25833), schw_1264.schw, '300'::double precision))
                           ->  Function Scan on schw_1264  (cost=0.00..0.01 rows=1 width=32)
                           ->  Seq Scan on phoml_trajectory_tmp s_1264  (cost=0.00..95.68 rows=17 width=40)
                                 Filter: ((unix_time >= '1685451399.405'::double precision) AND (unix_time <= '1685451459.405'::double precision))
   ->  Subquery Scan on "*SELECT* 1266"  (cost=97.82..97.83 rows=1 width=76)
         ->  Limit  (cost=97.82..97.82 rows=1 width=84)
               ->  Sort  (cost=97.82..97.82 rows=1 width=84)
                     Sort Key: (st_distance(st_transform(s_1265.the_geom, 25833), schw_1265.schw))
                     ->  Nested Loop  (cost=0.00..97.81 rows=1 width=84)
                           Join Filter: ((st_transform(s_1265.the_geom, 25833) && st_expand(schw_1265.schw, '300'::double precision)) AND (schw_1265.schw && st_expand(st_transform(s_1265.the_geom, 25833), '300'::double precision)) AND _st_dwithin(st_transform(s_1265.the_geom, 25833), schw_1265.schw, '300'::double precision))
                           ->  Function Scan on schw_1265  (cost=0.00..0.01 rows=1 width=32)
                           ->  Seq Scan on phoml_trajectory_tmp s_1265  (cost=0.00..95.68 rows=17 width=40)
                                 Filter: ((unix_time >= '1685451399.787'::double precision) AND (unix_time <= '1685451459.787'::double precision))
   ->  Subquery Scan on "*SELECT* 1267"  (cost=97.82..97.83 rows=1 width=76)
         ->  Limit  (cost=97.82..97.82 rows=1 width=84)
               ->  Sort  (cost=97.82..97.82 rows=1 width=84)
                     Sort Key: (st_distance(st_transform(s_1266.the_geom, 25833), schw_1266.schw))
                     ->  Nested Loop  (cost=0.00..97.81 rows=1 width=84)
                           Join Filter: ((st_transform(s_1266.the_geom, 25833) && st_expand(schw_1266.schw, '300'::double precision)) AND (schw_1266.schw && st_expand(st_transform(s_1266.the_geom, 25833), '300'::double precision)) AND _st_dwithin(st_transform(s_1266.the_geom, 25833), schw_1266.schw, '300'::double precision))
                           ->  Function Scan on schw_1266  (cost=0.00..0.01 rows=1 width=32)
                           ->  Seq Scan on phoml_trajectory_tmp s_1266  (cost=0.00..95.68 rows=17 width=40)
                                 Filter: ((unix_time >= '1685451400.127'::double precision) AND (unix_time <= '1685451460.127'::double precision))
   ->  Subquery Scan on "*SELECT* 1268"  (cost=97.82..97.83 rows=1 width=76)
         ->  Limit  (cost=97.82..97.82 rows=1 width=84)
               ->  Sort  (cost=97.82..97.82 rows=1 width=84)
                     Sort Key: (st_distance(st_transform(s_1267.the_geom, 25833), schw_1267.schw))
                     ->  Nested Loop  (cost=0.00..97.81 rows=1 width=84)
                           Join Filter: ((st_transform(s_1267.the_geom, 25833) && st_expand(schw_1267.schw, '300'::double precision)) AND (schw_1267.schw && st_expand(st_transform(s_1267.the_geom, 25833), '300'::double precision)) AND _st_dwithin(st_transform(s_1267.the_geom, 25833), schw_1267.schw, '300'::double precision))
                           ->  Function Scan on schw_1267  (cost=0.00..0.01 rows=1 width=32)
                           ->  Seq Scan on phoml_trajectory_tmp s_1267  (cost=0.00..95.68 rows=17 width=40)
                                 Filter: ((unix_time >= '1685451400.421'::double precision) AND (unix_time <= '1685451460.421'::double precision))
   ->  Subquery Scan on "*SELECT* 1269"  (cost=97.82..97.83 rows=1 width=76)
         ->  Limit  (cost=97.82..97.82 rows=1 width=84)
               ->  Sort  (cost=97.82..97.82 rows=1 width=84)
                     Sort Key: (st_distance(st_transform(s_1268.the_geom, 25833), schw_1268.schw))
                     ->  Nested Loop  (cost=0.00..97.81 rows=1 width=84)
                           Join Filter: ((st_transform(s_1268.the_geom, 25833) && st_expand(schw_1268.schw, '300'::double precision)) AND (schw_1268.schw && st_expand(st_transform(s_1268.the_geom, 25833), '300'::double precision)) AND _st_dwithin(st_transform(s_1268.the_geom, 25833), schw_1268.schw, '300'::double precision))
                           ->  Function Scan on schw_1268  (cost=0.00..0.01 rows=1 width=32)
                           ->  Seq Scan on phoml_trajectory_tmp s_1268  (cost=0.00..95.68 rows=17 width=40)
                                 Filter: ((unix_time >= '1685451400.793'::double precision) AND (unix_time <= '1685451460.793'::double precision))
   ->  Subquery Scan on "*SELECT* 1270"  (cost=97.82..97.83 rows=1 width=76)
         ->  Limit  (cost=97.82..97.82 rows=1 width=84)
               ->  Sort  (cost=97.82..97.82 rows=1 width=84)
                     Sort Key: (st_distance(st_transform(s_1269.the_geom, 25833), schw_1269.schw))
                     ->  Nested Loop  (cost=0.00..97.81 rows=1 width=84)
                           Join Filter: ((st_transform(s_1269.the_geom, 25833) && st_expand(schw_1269.schw, '300'::double precision)) AND (schw_1269.schw && st_expand(st_transform(s_1269.the_geom, 25833), '300'::double precision)) AND _st_dwithin(st_transform(s_1269.the_geom, 25833), schw_1269.schw, '300'::double precision))
                           ->  Function Scan on schw_1269  (cost=0.00..0.01 rows=1 width=32)
                           ->  Seq Scan on phoml_trajectory_tmp s_1269  (cost=0.00..95.68 rows=17 width=40)
                                 Filter: ((unix_time >= '1685451401.091'::double precision) AND (unix_time <= '1685451461.091'::double precision))
   ->  Subquery Scan on "*SELECT* 1271"  (cost=97.82..97.83 rows=1 width=76)
         ->  Limit  (cost=97.82..97.82 rows=1 width=84)
               ->  Sort  (cost=97.82..97.82 rows=1 width=84)
                     Sort Key: (st_distance(st_transform(s_1270.the_geom, 25833), schw_1270.schw))
                     ->  Nested Loop  (cost=0.00..97.81 rows=1 width=84)
                           Join Filter: ((st_transform(s_1270.the_geom, 25833) && st_expand(schw_1270.schw, '300'::double precision)) AND (schw_1270.schw && st_expand(st_transform(s_1270.the_geom, 25833), '300'::double precision)) AND _st_dwithin(st_transform(s_1270.the_geom, 25833), schw_1270.schw, '300'::double precision))
                           ->  Function Scan on schw_1270  (cost=0.00..0.01 rows=1 width=32)
                           ->  Seq Scan on phoml_trajectory_tmp s_1270  (cost=0.00..95.68 rows=17 width=40)
                                 Filter: ((unix_time >= '1685451401.417'::double precision) AND (unix_time <= '1685451461.417'::double precision))
   ->  Subquery Scan on "*SELECT* 1272"  (cost=97.82..97.83 rows=1 width=76)
         ->  Limit  (cost=97.82..97.82 rows=1 width=84)
               ->  Sort  (cost=97.82..97.82 rows=1 width=84)
                     Sort Key: (st_distance(st_transform(s_1271.the_geom, 25833), schw_1271.schw))
                     ->  Nested Loop  (cost=0.00..97.81 rows=1 width=84)
                           Join Filter: ((st_transform(s_1271.the_geom, 25833) && st_expand(schw_1271.schw, '300'::double precision)) AND (schw_1271.schw && st_expand(st_transform(s_1271.the_geom, 25833), '300'::double precision)) AND _st_dwithin(st_transform(s_1271.the_geom, 25833), schw_1271.schw, '300'::double precision))
                           ->  Function Scan on schw_1271  (cost=0.00..0.01 rows=1 width=32)
                           ->  Seq Scan on phoml_trajectory_tmp s_1271  (cost=0.00..95.68 rows=17 width=40)
                                 Filter: ((unix_time >= '1685451401.799'::double precision) AND (unix_time <= '1685451461.799'::double precision))
   ->  Subquery Scan on "*SELECT* 1273"  (cost=97.82..97.83 rows=1 width=76)
         ->  Limit  (cost=97.82..97.82 rows=1 width=84)
               ->  Sort  (cost=97.82..97.82 rows=1 width=84)
                     Sort Key: (st_distance(st_transform(s_1272.the_geom, 25833), schw_1272.schw))
                     ->  Nested Loop  (cost=0.00..97.81 rows=1 width=84)
                           Join Filter: ((st_transform(s_1272.the_geom, 25833) && st_expand(schw_1272.schw, '300'::double precision)) AND (schw_1272.schw && st_expand(st_transform(s_1272.the_geom, 25833), '300'::double precision)) AND _st_dwithin(st_transform(s_1272.the_geom, 25833), schw_1272.schw, '300'::double precision))
                           ->  Function Scan on schw_1272  (cost=0.00..0.01 rows=1 width=32)
                           ->  Seq Scan on phoml_trajectory_tmp s_1272  (cost=0.00..95.68 rows=17 width=40)
                                 Filter: ((unix_time >= '1685451402.097'::double precision) AND (unix_time <= '1685451462.097'::double precision))
   ->  Subquery Scan on "*SELECT* 1274"  (cost=97.82..97.83 rows=1 width=76)
         ->  Limit  (cost=97.82..97.82 rows=1 width=84)
               ->  Sort  (cost=97.82..97.82 rows=1 width=84)
                     Sort Key: (st_distance(st_transform(s_1273.the_geom, 25833), schw_1273.schw))
                     ->  Nested Loop  (cost=0.00..97.81 rows=1 width=84)
                           Join Filter: ((st_transform(s_1273.the_geom, 25833) && st_expand(schw_1273.schw, '300'::double precision)) AND (schw_1273.schw && st_expand(st_transform(s_1273.the_geom, 25833), '300'::double precision)) AND _st_dwithin(st_transform(s_1273.the_geom, 25833), schw_1273.schw, '300'::double precision))
                           ->  Function Scan on schw_1273  (cost=0.00..0.01 rows=1 width=32)
                           ->  Seq Scan on phoml_trajectory_tmp s_1273  (cost=0.00..95.68 rows=17 width=40)
                                 Filter: ((unix_time >= '1685451402.463'::double precision) AND (unix_time <= '1685451462.463'::double precision))
   ->  Subquery Scan on "*SELECT* 1275"  (cost=97.82..97.83 rows=1 width=76)
         ->  Limit  (cost=97.82..97.82 rows=1 width=84)
               ->  Sort  (cost=97.82..97.82 rows=1 width=84)
                     Sort Key: (st_distance(st_transform(s_1274.the_geom, 25833), schw_1274.schw))
                     ->  Nested Loop  (cost=0.00..97.81 rows=1 width=84)
                           Join Filter: ((st_transform(s_1274.the_geom, 25833) && st_expand(schw_1274.schw, '300'::double precision)) AND (schw_1274.schw && st_expand(st_transform(s_1274.the_geom, 25833), '300'::double precision)) AND _st_dwithin(st_transform(s_1274.the_geom, 25833), schw_1274.schw, '300'::double precision))
                           ->  Function Scan on schw_1274  (cost=0.00..0.01 rows=1 width=32)
                           ->  Seq Scan on phoml_trajectory_tmp s_1274  (cost=0.00..95.68 rows=17 width=40)
                                 Filter: ((unix_time >= '1685451402.813'::double precision) AND (unix_time <= '1685451462.813'::double precision))
   ->  Subquery Scan on "*SELECT* 1276"  (cost=97.82..97.83 rows=1 width=76)
         ->  Limit  (cost=97.82..97.82 rows=1 width=84)
               ->  Sort  (cost=97.82..97.82 rows=1 width=84)
                     Sort Key: (st_distance(st_transform(s_1275.the_geom, 25833), schw_1275.schw))
                     ->  Nested Loop  (cost=0.00..97.81 rows=1 width=84)
                           Join Filter: ((st_transform(s_1275.the_geom, 25833) && st_expand(schw_1275.schw, '300'::double precision)) AND (schw_1275.schw && st_expand(st_transform(s_1275.the_geom, 25833), '300'::double precision)) AND _st_dwithin(st_transform(s_1275.the_geom, 25833), schw_1275.schw, '300'::double precision))
                           ->  Function Scan on schw_1275  (cost=0.00..0.01 rows=1 width=32)
                           ->  Seq Scan on phoml_trajectory_tmp s_1275  (cost=0.00..95.68 rows=17 width=40)
                                 Filter: ((unix_time >= '1685451403.101'::double precision) AND (unix_time <= '1685451463.101'::double precision))
   ->  Subquery Scan on "*SELECT* 1277"  (cost=97.82..97.83 rows=1 width=76)
         ->  Limit  (cost=97.82..97.82 rows=1 width=84)
               ->  Sort  (cost=97.82..97.82 rows=1 width=84)
                     Sort Key: (st_distance(st_transform(s_1276.the_geom, 25833), schw_1276.schw))
                     ->  Nested Loop  (cost=0.00..97.81 rows=1 width=84)
                           Join Filter: ((st_transform(s_1276.the_geom, 25833) && st_expand(schw_1276.schw, '300'::double precision)) AND (schw_1276.schw && st_expand(st_transform(s_1276.the_geom, 25833), '300'::double precision)) AND _st_dwithin(st_transform(s_1276.the_geom, 25833), schw_1276.schw, '300'::double precision))
                           ->  Function Scan on schw_1276  (cost=0.00..0.01 rows=1 width=32)
                           ->  Seq Scan on phoml_trajectory_tmp s_1276  (cost=0.00..95.68 rows=17 width=40)
                                 Filter: ((unix_time >= '1685451403.486'::double precision) AND (unix_time <= '1685451463.486'::double precision))
   ->  Subquery Scan on "*SELECT* 1278"  (cost=97.82..97.83 rows=1 width=76)
         ->  Limit  (cost=97.82..97.82 rows=1 width=84)
               ->  Sort  (cost=97.82..97.82 rows=1 width=84)
                     Sort Key: (st_distance(st_transform(s_1277.the_geom, 25833), schw_1277.schw))
                     ->  Nested Loop  (cost=0.00..97.81 rows=1 width=84)
                           Join Filter: ((st_transform(s_1277.the_geom, 25833) && st_expand(schw_1277.schw, '300'::double precision)) AND (schw_1277.schw && st_expand(st_transform(s_1277.the_geom, 25833), '300'::double precision)) AND _st_dwithin(st_transform(s_1277.the_geom, 25833), schw_1277.schw, '300'::double precision))
                           ->  Function Scan on schw_1277  (cost=0.00..0.01 rows=1 width=32)
                           ->  Seq Scan on phoml_trajectory_tmp s_1277  (cost=0.00..95.68 rows=17 width=40)
                                 Filter: ((unix_time >= '1685451403.774'::double precision) AND (unix_time <= '1685451463.774'::double precision))
   ->  Subquery Scan on "*SELECT* 1279"  (cost=97.82..97.83 rows=1 width=76)
         ->  Limit  (cost=97.82..97.82 rows=1 width=84)
               ->  Sort  (cost=97.82..97.82 rows=1 width=84)
                     Sort Key: (st_distance(st_transform(s_1278.the_geom, 25833), schw_1278.schw))
                     ->  Nested Loop  (cost=0.00..97.81 rows=1 width=84)
                           Join Filter: ((st_transform(s_1278.the_geom, 25833) && st_expand(schw_1278.schw, '300'::double precision)) AND (schw_1278.schw && st_expand(st_transform(s_1278.the_geom, 25833), '300'::double precision)) AND _st_dwithin(st_transform(s_1278.the_geom, 25833), schw_1278.schw, '300'::double precision))
                           ->  Function Scan on schw_1278  (cost=0.00..0.01 rows=1 width=32)
                           ->  Seq Scan on phoml_trajectory_tmp s_1278  (cost=0.00..95.68 rows=17 width=40)
                                 Filter: ((unix_time >= '1685451404.114'::double precision) AND (unix_time <= '1685451464.114'::double precision))
   ->  Subquery Scan on "*SELECT* 1280"  (cost=97.82..97.83 rows=1 width=76)
         ->  Limit  (cost=97.82..97.82 rows=1 width=84)
               ->  Sort  (cost=97.82..97.82 rows=1 width=84)
                     Sort Key: (st_distance(st_transform(s_1279.the_geom, 25833), schw_1279.schw))
                     ->  Nested Loop  (cost=0.00..97.81 rows=1 width=84)
                           Join Filter: ((st_transform(s_1279.the_geom, 25833) && st_expand(schw_1279.schw, '300'::double precision)) AND (schw_1279.schw && st_expand(st_transform(s_1279.the_geom, 25833), '300'::double precision)) AND _st_dwithin(st_transform(s_1279.the_geom, 25833), schw_1279.schw, '300'::double precision))
                           ->  Function Scan on schw_1279  (cost=0.00..0.01 rows=1 width=32)
                           ->  Seq Scan on phoml_trajectory_tmp s_1279  (cost=0.00..95.68 rows=17 width=40)
                                 Filter: ((unix_time >= '1685451404.444'::double precision) AND (unix_time <= '1685451464.444'::double precision))
   ->  Subquery Scan on "*SELECT* 1281"  (cost=97.82..97.83 rows=1 width=76)
         ->  Limit  (cost=97.82..97.82 rows=1 width=84)
               ->  Sort  (cost=97.82..97.82 rows=1 width=84)
                     Sort Key: (st_distance(st_transform(s_1280.the_geom, 25833), schw_1280.schw))
                     ->  Nested Loop  (cost=0.00..97.81 rows=1 width=84)
                           Join Filter: ((st_transform(s_1280.the_geom, 25833) && st_expand(schw_1280.schw, '300'::double precision)) AND (schw_1280.schw && st_expand(st_transform(s_1280.the_geom, 25833), '300'::double precision)) AND _st_dwithin(st_transform(s_1280.the_geom, 25833), schw_1280.schw, '300'::double precision))
                           ->  Function Scan on schw_1280  (cost=0.00..0.01 rows=1 width=32)
                           ->  Seq Scan on phoml_trajectory_tmp s_1280  (cost=0.00..95.68 rows=17 width=40)
                                 Filter: ((unix_time >= '1685451404.836'::double precision) AND (unix_time <= '1685451464.836'::double precision))
   ->  Subquery Scan on "*SELECT* 1282"  (cost=97.82..97.83 rows=1 width=76)
         ->  Limit  (cost=97.82..97.82 rows=1 width=84)
               ->  Sort  (cost=97.82..97.82 rows=1 width=84)
                     Sort Key: (st_distance(st_transform(s_1281.the_geom, 25833), schw_1281.schw))
                     ->  Nested Loop  (cost=0.00..97.81 rows=1 width=84)
                           Join Filter: ((st_transform(s_1281.the_geom, 25833) && st_expand(schw_1281.schw, '300'::double precision)) AND (schw_1281.schw && st_expand(st_transform(s_1281.the_geom, 25833), '300'::double precision)) AND _st_dwithin(st_transform(s_1281.the_geom, 25833), schw_1281.schw, '300'::double precision))
                           ->  Function Scan on schw_1281  (cost=0.00..0.01 rows=1 width=32)
                           ->  Seq Scan on phoml_trajectory_tmp s_1281  (cost=0.00..95.68 rows=17 width=40)
                                 Filter: ((unix_time >= '1685451405.124'::double precision) AND (unix_time <= '1685451465.124'::double precision))
   ->  Subquery Scan on "*SELECT* 1283"  (cost=97.82..97.83 rows=1 width=76)
         ->  Limit  (cost=97.82..97.82 rows=1 width=84)
               ->  Sort  (cost=97.82..97.82 rows=1 width=84)
                     Sort Key: (st_distance(st_transform(s_1282.the_geom, 25833), schw_1282.schw))
                     ->  Nested Loop  (cost=0.00..97.81 rows=1 width=84)
                           Join Filter: ((st_transform(s_1282.the_geom, 25833) && st_expand(schw_1282.schw, '300'::double precision)) AND (schw_1282.schw && st_expand(st_transform(s_1282.the_geom, 25833), '300'::double precision)) AND _st_dwithin(st_transform(s_1282.the_geom, 25833), schw_1282.schw, '300'::double precision))
                           ->  Function Scan on schw_1282  (cost=0.00..0.01 rows=1 width=32)
                           ->  Seq Scan on phoml_trajectory_tmp s_1282  (cost=0.00..95.68 rows=17 width=40)
                                 Filter: ((unix_time >= '1685451405.465'::double precision) AND (unix_time <= '1685451465.465'::double precision))
   ->  Subquery Scan on "*SELECT* 1284"  (cost=97.82..97.83 rows=1 width=76)
         ->  Limit  (cost=97.82..97.82 rows=1 width=84)
               ->  Sort  (cost=97.82..97.82 rows=1 width=84)
                     Sort Key: (st_distance(st_transform(s_1283.the_geom, 25833), schw_1283.schw))
                     ->  Nested Loop  (cost=0.00..97.81 rows=1 width=84)
                           Join Filter: ((st_transform(s_1283.the_geom, 25833) && st_expand(schw_1283.schw, '300'::double precision)) AND (schw_1283.schw && st_expand(st_transform(s_1283.the_geom, 25833), '300'::double precision)) AND _st_dwithin(st_transform(s_1283.the_geom, 25833), schw_1283.schw, '300'::double precision))
                           ->  Function Scan on schw_1283  (cost=0.00..0.01 rows=1 width=32)
                           ->  Seq Scan on phoml_trajectory_tmp s_1283  (cost=0.00..95.68 rows=17 width=40)
                                 Filter: ((unix_time >= '1685451405.805'::double precision) AND (unix_time <= '1685451465.805'::double precision))
   ->  Subquery Scan on "*SELECT* 1285"  (cost=97.82..97.83 rows=1 width=76)
         ->  Limit  (cost=97.82..97.82 rows=1 width=84)
               ->  Sort  (cost=97.82..97.82 rows=1 width=84)
                     Sort Key: (st_distance(st_transform(s_1284.the_geom, 25833), schw_1284.schw))
                     ->  Nested Loop  (cost=0.00..97.81 rows=1 width=84)
                           Join Filter: ((st_transform(s_1284.the_geom, 25833) && st_expand(schw_1284.schw, '300'::double precision)) AND (schw_1284.schw && st_expand(st_transform(s_1284.the_geom, 25833), '300'::double precision)) AND _st_dwithin(st_transform(s_1284.the_geom, 25833), schw_1284.schw, '300'::double precision))
                           ->  Function Scan on schw_1284  (cost=0.00..0.01 rows=1 width=32)
                           ->  Seq Scan on phoml_trajectory_tmp s_1284  (cost=0.00..95.68 rows=17 width=40)
                                 Filter: ((unix_time >= '1685451406.153'::double precision) AND (unix_time <= '1685451466.153'::double precision))
   ->  Subquery Scan on "*SELECT* 1286"  (cost=97.82..97.83 rows=1 width=76)
         ->  Limit  (cost=97.82..97.82 rows=1 width=84)
               ->  Sort  (cost=97.82..97.82 rows=1 width=84)
                     Sort Key: (st_distance(st_transform(s_1285.the_geom, 25833), schw_1285.schw))
                     ->  Nested Loop  (cost=0.00..97.81 rows=1 width=84)
                           Join Filter: ((st_transform(s_1285.the_geom, 25833) && st_expand(schw_1285.schw, '300'::double precision)) AND (schw_1285.schw && st_expand(st_transform(s_1285.the_geom, 25833), '300'::double precision)) AND _st_dwithin(st_transform(s_1285.the_geom, 25833), schw_1285.schw, '300'::double precision))
                           ->  Function Scan on schw_1285  (cost=0.00..0.01 rows=1 width=32)
                           ->  Seq Scan on phoml_trajectory_tmp s_1285  (cost=0.00..95.68 rows=17 width=40)
                                 Filter: ((unix_time >= '1685451406.483'::double precision) AND (unix_time <= '1685451466.483'::double precision))
   ->  Subquery Scan on "*SELECT* 1287"  (cost=97.82..97.83 rows=1 width=76)
         ->  Limit  (cost=97.82..97.82 rows=1 width=84)
               ->  Sort  (cost=97.82..97.82 rows=1 width=84)
                     Sort Key: (st_distance(st_transform(s_1286.the_geom, 25833), schw_1286.schw))
                     ->  Nested Loop  (cost=0.00..97.81 rows=1 width=84)
                           Join Filter: ((st_transform(s_1286.the_geom, 25833) && st_expand(schw_1286.schw, '300'::double precision)) AND (schw_1286.schw && st_expand(st_transform(s_1286.the_geom, 25833), '300'::double precision)) AND _st_dwithin(st_transform(s_1286.the_geom, 25833), schw_1286.schw, '300'::double precision))
                           ->  Function Scan on schw_1286  (cost=0.00..0.01 rows=1 width=32)
                           ->  Seq Scan on phoml_trajectory_tmp s_1286  (cost=0.00..95.68 rows=17 width=40)
                                 Filter: ((unix_time >= '1685451406.813'::double precision) AND (unix_time <= '1685451466.813'::double precision))
   ->  Subquery Scan on "*SELECT* 1288"  (cost=97.82..97.83 rows=1 width=76)
         ->  Limit  (cost=97.82..97.82 rows=1 width=84)
               ->  Sort  (cost=97.82..97.82 rows=1 width=84)
                     Sort Key: (st_distance(st_transform(s_1287.the_geom, 25833), schw_1287.schw))
                     ->  Nested Loop  (cost=0.00..97.81 rows=1 width=84)
                           Join Filter: ((st_transform(s_1287.the_geom, 25833) && st_expand(schw_1287.schw, '300'::double precision)) AND (schw_1287.schw && st_expand(st_transform(s_1287.the_geom, 25833), '300'::double precision)) AND _st_dwithin(st_transform(s_1287.the_geom, 25833), schw_1287.schw, '300'::double precision))
                           ->  Function Scan on schw_1287  (cost=0.00..0.01 rows=1 width=32)
                           ->  Seq Scan on phoml_trajectory_tmp s_1287  (cost=0.00..95.68 rows=17 width=40)
                                 Filter: ((unix_time >= '1685451407.169'::double precision) AND (unix_time <= '1685451467.169'::double precision))
   ->  Subquery Scan on "*SELECT* 1289"  (cost=97.82..97.83 rows=1 width=76)
         ->  Limit  (cost=97.82..97.82 rows=1 width=84)
               ->  Sort  (cost=97.82..97.82 rows=1 width=84)
                     Sort Key: (st_distance(st_transform(s_1288.the_geom, 25833), schw_1288.schw))
                     ->  Nested Loop  (cost=0.00..97.81 rows=1 width=84)
                           Join Filter: ((st_transform(s_1288.the_geom, 25833) && st_expand(schw_1288.schw, '300'::double precision)) AND (schw_1288.schw && st_expand(st_transform(s_1288.the_geom, 25833), '300'::double precision)) AND _st_dwithin(st_transform(s_1288.the_geom, 25833), schw_1288.schw, '300'::double precision))
                           ->  Function Scan on schw_1288  (cost=0.00..0.01 rows=1 width=32)
                           ->  Seq Scan on phoml_trajectory_tmp s_1288  (cost=0.00..95.68 rows=17 width=40)
                                 Filter: ((unix_time >= '1685451407.5'::double precision) AND (unix_time <= '1685451467.5'::double precision))
   ->  Subquery Scan on "*SELECT* 1290"  (cost=97.82..97.83 rows=1 width=76)
         ->  Limit  (cost=97.82..97.82 rows=1 width=84)
               ->  Sort  (cost=97.82..97.82 rows=1 width=84)
                     Sort Key: (st_distance(st_transform(s_1289.the_geom, 25833), schw_1289.schw))
                     ->  Nested Loop  (cost=0.00..97.81 rows=1 width=84)
                           Join Filter: ((st_transform(s_1289.the_geom, 25833) && st_expand(schw_1289.schw, '300'::double precision)) AND (schw_1289.schw && st_expand(st_transform(s_1289.the_geom, 25833), '300'::double precision)) AND _st_dwithin(st_transform(s_1289.the_geom, 25833), schw_1289.schw, '300'::double precision))
                           ->  Function Scan on schw_1289  (cost=0.00..0.01 rows=1 width=32)
                           ->  Seq Scan on phoml_trajectory_tmp s_1289  (cost=0.00..95.68 rows=17 width=40)
                                 Filter: ((unix_time >= '1685451407.829'::double precision) AND (unix_time <= '1685451467.829'::double precision))
   ->  Subquery Scan on "*SELECT* 1291"  (cost=97.82..97.83 rows=1 width=76)
         ->  Limit  (cost=97.82..97.82 rows=1 width=84)
               ->  Sort  (cost=97.82..97.82 rows=1 width=84)
                     Sort Key: (st_distance(st_transform(s_1290.the_geom, 25833), schw_1290.schw))
                     ->  Nested Loop  (cost=0.00..97.81 rows=1 width=84)
                           Join Filter: ((st_transform(s_1290.the_geom, 25833) && st_expand(schw_1290.schw, '300'::double precision)) AND (schw_1290.schw && st_expand(st_transform(s_1290.the_geom, 25833), '300'::double precision)) AND _st_dwithin(st_transform(s_1290.the_geom, 25833), schw_1290.schw, '300'::double precision))
                           ->  Function Scan on schw_1290  (cost=0.00..0.01 rows=1 width=32)
                           ->  Seq Scan on phoml_trajectory_tmp s_1290  (cost=0.00..95.68 rows=17 width=40)
                                 Filter: ((unix_time >= '1685451408.181'::double precision) AND (unix_time <= '1685451468.181'::double precision))
   ->  Subquery Scan on "*SELECT* 1292"  (cost=97.82..97.83 rows=1 width=76)
         ->  Limit  (cost=97.82..97.82 rows=1 width=84)
               ->  Sort  (cost=97.82..97.82 rows=1 width=84)
                     Sort Key: (st_distance(st_transform(s_1291.the_geom, 25833), schw_1291.schw))
                     ->  Nested Loop  (cost=0.00..97.81 rows=1 width=84)
                           Join Filter: ((st_transform(s_1291.the_geom, 25833) && st_expand(schw_1291.schw, '300'::double precision)) AND (schw_1291.schw && st_expand(st_transform(s_1291.the_geom, 25833), '300'::double precision)) AND _st_dwithin(st_transform(s_1291.the_geom, 25833), schw_1291.schw, '300'::double precision))
                           ->  Function Scan on schw_1291  (cost=0.00..0.01 rows=1 width=32)
                           ->  Seq Scan on phoml_trajectory_tmp s_1291  (cost=0.00..95.68 rows=17 width=40)
                                 Filter: ((unix_time >= '1685451408.521'::double precision) AND (unix_time <= '1685451468.521'::double precision))
   ->  Subquery Scan on "*SELECT* 1293"  (cost=97.82..97.83 rows=1 width=76)
         ->  Limit  (cost=97.82..97.82 rows=1 width=84)
               ->  Sort  (cost=97.82..97.82 rows=1 width=84)
                     Sort Key: (st_distance(st_transform(s_1292.the_geom, 25833), schw_1292.schw))
                     ->  Nested Loop  (cost=0.00..97.81 rows=1 width=84)
                           Join Filter: ((st_transform(s_1292.the_geom, 25833) && st_expand(schw_1292.schw, '300'::double precision)) AND (schw_1292.schw && st_expand(st_transform(s_1292.the_geom, 25833), '300'::double precision)) AND _st_dwithin(st_transform(s_1292.the_geom, 25833), schw_1292.schw, '300'::double precision))
                           ->  Function Scan on schw_1292  (cost=0.00..0.01 rows=1 width=32)
                           ->  Seq Scan on phoml_trajectory_tmp s_1292  (cost=0.00..95.68 rows=17 width=40)
                                 Filter: ((unix_time >= '1685451408.903'::double precision) AND (unix_time <= '1685451468.903'::double precision))
   ->  Subquery Scan on "*SELECT* 1294"  (cost=97.82..97.83 rows=1 width=76)
         ->  Limit  (cost=97.82..97.82 rows=1 width=84)
               ->  Sort  (cost=97.82..97.82 rows=1 width=84)
                     Sort Key: (st_distance(st_transform(s_1293.the_geom, 25833), schw_1293.schw))
                     ->  Nested Loop  (cost=0.00..97.81 rows=1 width=84)
                           Join Filter: ((st_transform(s_1293.the_geom, 25833) && st_expand(schw_1293.schw, '300'::double precision)) AND (schw_1293.schw && st_expand(st_transform(s_1293.the_geom, 25833), '300'::double precision)) AND _st_dwithin(st_transform(s_1293.the_geom, 25833), schw_1293.schw, '300'::double precision))
                           ->  Function Scan on schw_1293  (cost=0.00..0.01 rows=1 width=32)
                           ->  Seq Scan on phoml_trajectory_tmp s_1293  (cost=0.00..95.68 rows=17 width=40)
                                 Filter: ((unix_time >= '1685451409.236'::double precision) AND (unix_time <= '1685451469.236'::double precision))
   ->  Subquery Scan on "*SELECT* 1295"  (cost=97.82..97.83 rows=1 width=76)
         ->  Limit  (cost=97.82..97.82 rows=1 width=84)
               ->  Sort  (cost=97.82..97.82 rows=1 width=84)
                     Sort Key: (st_distance(st_transform(s_1294.the_geom, 25833), schw_1294.schw))
                     ->  Nested Loop  (cost=0.00..97.81 rows=1 width=84)
                           Join Filter: ((st_transform(s_1294.the_geom, 25833) && st_expand(schw_1294.schw, '300'::double precision)) AND (schw_1294.schw && st_expand(st_transform(s_1294.the_geom, 25833), '300'::double precision)) AND _st_dwithin(st_transform(s_1294.the_geom, 25833), schw_1294.schw, '300'::double precision))
                           ->  Function Scan on schw_1294  (cost=0.00..0.01 rows=1 width=32)
                           ->  Seq Scan on phoml_trajectory_tmp s_1294  (cost=0.00..95.68 rows=17 width=40)
                                 Filter: ((unix_time >= '1685451409.524'::double precision) AND (unix_time <= '1685451469.524'::double precision))
   ->  Subquery Scan on "*SELECT* 1296"  (cost=97.82..97.83 rows=1 width=76)
         ->  Limit  (cost=97.82..97.82 rows=1 width=84)
               ->  Sort  (cost=97.82..97.82 rows=1 width=84)
                     Sort Key: (st_distance(st_transform(s_1295.the_geom, 25833), schw_1295.schw))
                     ->  Nested Loop  (cost=0.00..97.81 rows=1 width=84)
                           Join Filter: ((st_transform(s_1295.the_geom, 25833) && st_expand(schw_1295.schw, '300'::double precision)) AND (schw_1295.schw && st_expand(st_transform(s_1295.the_geom, 25833), '300'::double precision)) AND _st_dwithin(st_transform(s_1295.the_geom, 25833), schw_1295.schw, '300'::double precision))
                           ->  Function Scan on schw_1295  (cost=0.00..0.01 rows=1 width=32)
                           ->  Seq Scan on phoml_trajectory_tmp s_1295  (cost=0.00..95.68 rows=17 width=40)
                                 Filter: ((unix_time >= '1685451409.916'::double precision) AND (unix_time <= '1685451469.916'::double precision))
   ->  Subquery Scan on "*SELECT* 1297"  (cost=97.82..97.83 rows=1 width=76)
         ->  Limit  (cost=97.82..97.82 rows=1 width=84)
               ->  Sort  (cost=97.82..97.82 rows=1 width=84)
                     Sort Key: (st_distance(st_transform(s_1296.the_geom, 25833), schw_1296.schw))
                     ->  Nested Loop  (cost=0.00..97.81 rows=1 width=84)
                           Join Filter: ((st_transform(s_1296.the_geom, 25833) && st_expand(schw_1296.schw, '300'::double precision)) AND (schw_1296.schw && st_expand(st_transform(s_1296.the_geom, 25833), '300'::double precision)) AND _st_dwithin(st_transform(s_1296.the_geom, 25833), schw_1296.schw, '300'::double precision))
                           ->  Function Scan on schw_1296  (cost=0.00..0.01 rows=1 width=32)
                           ->  Seq Scan on phoml_trajectory_tmp s_1296  (cost=0.00..95.68 rows=17 width=40)
                                 Filter: ((unix_time >= '1685451410.26'::double precision) AND (unix_time <= '1685451470.26'::double precision))
   ->  Subquery Scan on "*SELECT* 1298"  (cost=97.82..97.83 rows=1 width=76)
         ->  Limit  (cost=97.82..97.82 rows=1 width=84)
               ->  Sort  (cost=97.82..97.82 rows=1 width=84)
                     Sort Key: (st_distance(st_transform(s_1297.the_geom, 25833), schw_1297.schw))
                     ->  Nested Loop  (cost=0.00..97.81 rows=1 width=84)
                           Join Filter: ((st_transform(s_1297.the_geom, 25833) && st_expand(schw_1297.schw, '300'::double precision)) AND (schw_1297.schw && st_expand(st_transform(s_1297.the_geom, 25833), '300'::double precision)) AND _st_dwithin(st_transform(s_1297.the_geom, 25833), schw_1297.schw, '300'::double precision))
                           ->  Function Scan on schw_1297  (cost=0.00..0.01 rows=1 width=32)
                           ->  Seq Scan on phoml_trajectory_tmp s_1297  (cost=0.00..95.68 rows=17 width=40)
                                 Filter: ((unix_time >= '1685451410.6'::double precision) AND (unix_time <= '1685451470.6'::double precision))
   ->  Subquery Scan on "*SELECT* 1299"  (cost=97.82..97.83 rows=1 width=76)
         ->  Limit  (cost=97.82..97.82 rows=1 width=84)
               ->  Sort  (cost=97.82..97.82 rows=1 width=84)
                     Sort Key: (st_distance(st_transform(s_1298.the_geom, 25833), schw_1298.schw))
                     ->  Nested Loop  (cost=0.00..97.81 rows=1 width=84)
                           Join Filter: ((st_transform(s_1298.the_geom, 25833) && st_expand(schw_1298.schw, '300'::double precision)) AND (schw_1298.schw && st_expand(st_transform(s_1298.the_geom, 25833), '300'::double precision)) AND _st_dwithin(st_transform(s_1298.the_geom, 25833), schw_1298.schw, '300'::double precision))
                           ->  Function Scan on schw_1298  (cost=0.00..0.01 rows=1 width=32)
                           ->  Seq Scan on phoml_trajectory_tmp s_1298  (cost=0.00..95.68 rows=17 width=40)
                                 Filter: ((unix_time >= '1685451410.94'::double precision) AND (unix_time <= '1685451470.94'::double precision))
   ->  Subquery Scan on "*SELECT* 1300"  (cost=97.82..97.83 rows=1 width=76)
         ->  Limit  (cost=97.82..97.82 rows=1 width=84)
               ->  Sort  (cost=97.82..97.82 rows=1 width=84)
                     Sort Key: (st_distance(st_transform(s_1299.the_geom, 25833), schw_1299.schw))
                     ->  Nested Loop  (cost=0.00..97.81 rows=1 width=84)
                           Join Filter: ((st_transform(s_1299.the_geom, 25833) && st_expand(schw_1299.schw, '300'::double precision)) AND (schw_1299.schw && st_expand(st_transform(s_1299.the_geom, 25833), '300'::double precision)) AND _st_dwithin(st_transform(s_1299.the_geom, 25833), schw_1299.schw, '300'::double precision))
                           ->  Function Scan on schw_1299  (cost=0.00..0.01 rows=1 width=32)
                           ->  Seq Scan on phoml_trajectory_tmp s_1299  (cost=0.00..95.68 rows=17 width=40)
                                 Filter: ((unix_time >= '1685451411.233'::double precision) AND (unix_time <= '1685451471.233'::double precision))
   ->  Subquery Scan on "*SELECT* 1301"  (cost=97.82..97.83 rows=1 width=76)
         ->  Limit  (cost=97.82..97.82 rows=1 width=84)
               ->  Sort  (cost=97.82..97.82 rows=1 width=84)
                     Sort Key: (st_distance(st_transform(s_1300.the_geom, 25833), schw_1300.schw))
                     ->  Nested Loop  (cost=0.00..97.81 rows=1 width=84)
                           Join Filter: ((st_transform(s_1300.the_geom, 25833) && st_expand(schw_1300.schw, '300'::double precision)) AND (schw_1300.schw && st_expand(st_transform(s_1300.the_geom, 25833), '300'::double precision)) AND _st_dwithin(st_transform(s_1300.the_geom, 25833), schw_1300.schw, '300'::double precision))
                           ->  Function Scan on schw_1300  (cost=0.00..0.01 rows=1 width=32)
                           ->  Seq Scan on phoml_trajectory_tmp s_1300  (cost=0.00..95.68 rows=17 width=40)
                                 Filter: ((unix_time >= '1685451411.573'::double precision) AND (unix_time <= '1685451471.573'::double precision))
   ->  Subquery Scan on "*SELECT* 1302"  (cost=97.82..97.83 rows=1 width=76)
         ->  Limit  (cost=97.82..97.82 rows=1 width=84)
               ->  Sort  (cost=97.82..97.82 rows=1 width=84)
                     Sort Key: (st_distance(st_transform(s_1301.the_geom, 25833), schw_1301.schw))
                     ->  Nested Loop  (cost=0.00..97.81 rows=1 width=84)
                           Join Filter: ((st_transform(s_1301.the_geom, 25833) && st_expand(schw_1301.schw, '300'::double precision)) AND (schw_1301.schw && st_expand(st_transform(s_1301.the_geom, 25833), '300'::double precision)) AND _st_dwithin(st_transform(s_1301.the_geom, 25833), schw_1301.schw, '300'::double precision))
                           ->  Function Scan on schw_1301  (cost=0.00..0.01 rows=1 width=32)
                           ->  Seq Scan on phoml_trajectory_tmp s_1301  (cost=0.00..95.68 rows=17 width=40)
                                 Filter: ((unix_time >= '1685451411.913'::double precision) AND (unix_time <= '1685451471.913'::double precision))
   ->  Subquery Scan on "*SELECT* 1303"  (cost=97.82..97.83 rows=1 width=76)
         ->  Limit  (cost=97.82..97.82 rows=1 width=84)
               ->  Sort  (cost=97.82..97.82 rows=1 width=84)
                     Sort Key: (st_distance(st_transform(s_1302.the_geom, 25833), schw_1302.schw))
                     ->  Nested Loop  (cost=0.00..97.81 rows=1 width=84)
                           Join Filter: ((st_transform(s_1302.the_geom, 25833) && st_expand(schw_1302.schw, '300'::double precision)) AND (schw_1302.schw && st_expand(st_transform(s_1302.the_geom, 25833), '300'::double precision)) AND _st_dwithin(st_transform(s_1302.the_geom, 25833), schw_1302.schw, '300'::double precision))
                           ->  Function Scan on schw_1302  (cost=0.00..0.01 rows=1 width=32)
                           ->  Seq Scan on phoml_trajectory_tmp s_1302  (cost=0.00..95.68 rows=17 width=40)
                                 Filter: ((unix_time >= '1685451412.257'::double precision) AND (unix_time <= '1685451472.257'::double precision))
   ->  Subquery Scan on "*SELECT* 1304"  (cost=97.82..97.83 rows=1 width=76)
         ->  Limit  (cost=97.82..97.82 rows=1 width=84)
               ->  Sort  (cost=97.82..97.82 rows=1 width=84)
                     Sort Key: (st_distance(st_transform(s_1303.the_geom, 25833), schw_1303.schw))
                     ->  Nested Loop  (cost=0.00..97.81 rows=1 width=84)
                           Join Filter: ((st_transform(s_1303.the_geom, 25833) && st_expand(schw_1303.schw, '300'::double precision)) AND (schw_1303.schw && st_expand(st_transform(s_1303.the_geom, 25833), '300'::double precision)) AND _st_dwithin(st_transform(s_1303.the_geom, 25833), schw_1303.schw, '300'::double precision))
                           ->  Function Scan on schw_1303  (cost=0.00..0.01 rows=1 width=32)
                           ->  Seq Scan on phoml_trajectory_tmp s_1303  (cost=0.00..95.68 rows=17 width=40)
                                 Filter: ((unix_time >= '1685451412.587'::double precision) AND (unix_time <= '1685451472.587'::double precision))
   ->  Subquery Scan on "*SELECT* 1305"  (cost=97.82..97.83 rows=1 width=76)
         ->  Limit  (cost=97.82..97.82 rows=1 width=84)
               ->  Sort  (cost=97.82..97.82 rows=1 width=84)
                     Sort Key: (st_distance(st_transform(s_1304.the_geom, 25833), schw_1304.schw))
                     ->  Nested Loop  (cost=0.00..97.81 rows=1 width=84)
                           Join Filter: ((st_transform(s_1304.the_geom, 25833) && st_expand(schw_1304.schw, '300'::double precision)) AND (schw_1304.schw && st_expand(st_transform(s_1304.the_geom, 25833), '300'::double precision)) AND _st_dwithin(st_transform(s_1304.the_geom, 25833), schw_1304.schw, '300'::double precision))
                           ->  Function Scan on schw_1304  (cost=0.00..0.01 rows=1 width=32)
                           ->  Seq Scan on phoml_trajectory_tmp s_1304  (cost=0.00..95.68 rows=17 width=40)
                                 Filter: ((unix_time >= '1685451412.937'::double precision) AND (unix_time <= '1685451472.937'::double precision))
   ->  Subquery Scan on "*SELECT* 1306"  (cost=97.82..97.83 rows=1 width=76)
         ->  Limit  (cost=97.82..97.82 rows=1 width=84)
               ->  Sort  (cost=97.82..97.82 rows=1 width=84)
                     Sort Key: (st_distance(st_transform(s_1305.the_geom, 25833), schw_1305.schw))
                     ->  Nested Loop  (cost=0.00..97.81 rows=1 width=84)
                           Join Filter: ((st_transform(s_1305.the_geom, 25833) && st_expand(schw_1305.schw, '300'::double precision)) AND (schw_1305.schw && st_expand(st_transform(s_1305.the_geom, 25833), '300'::double precision)) AND _st_dwithin(st_transform(s_1305.the_geom, 25833), schw_1305.schw, '300'::double precision))
                           ->  Function Scan on schw_1305  (cost=0.00..0.01 rows=1 width=32)
                           ->  Seq Scan on phoml_trajectory_tmp s_1305  (cost=0.00..95.68 rows=17 width=40)
                                 Filter: ((unix_time >= '1685451413.282'::double precision) AND (unix_time <= '1685451473.282'::double precision))
   ->  Subquery Scan on "*SELECT* 1307"  (cost=97.82..97.83 rows=1 width=76)
         ->  Limit  (cost=97.82..97.82 rows=1 width=84)
               ->  Sort  (cost=97.82..97.82 rows=1 width=84)
                     Sort Key: (st_distance(st_transform(s_1306.the_geom, 25833), schw_1306.schw))
                     ->  Nested Loop  (cost=0.00..97.81 rows=1 width=84)
                           Join Filter: ((st_transform(s_1306.the_geom, 25833) && st_expand(schw_1306.schw, '300'::double precision)) AND (schw_1306.schw && st_expand(st_transform(s_1306.the_geom, 25833), '300'::double precision)) AND _st_dwithin(st_transform(s_1306.the_geom, 25833), schw_1306.schw, '300'::double precision))
                           ->  Function Scan on schw_1306  (cost=0.00..0.01 rows=1 width=32)
                           ->  Seq Scan on phoml_trajectory_tmp s_1306  (cost=0.00..95.68 rows=17 width=40)
                                 Filter: ((unix_time >= '1685451413.632'::double precision) AND (unix_time <= '1685451473.632'::double precision))
   ->  Subquery Scan on "*SELECT* 1308"  (cost=97.82..97.83 rows=1 width=76)
         ->  Limit  (cost=97.82..97.82 rows=1 width=84)
               ->  Sort  (cost=97.82..97.82 rows=1 width=84)
                     Sort Key: (st_distance(st_transform(s_1307.the_geom, 25833), schw_1307.schw))
                     ->  Nested Loop  (cost=0.00..97.81 rows=1 width=84)
                           Join Filter: ((st_transform(s_1307.the_geom, 25833) && st_expand(schw_1307.schw, '300'::double precision)) AND (schw_1307.schw && st_expand(st_transform(s_1307.the_geom, 25833), '300'::double precision)) AND _st_dwithin(st_transform(s_1307.the_geom, 25833), schw_1307.schw, '300'::double precision))
                           ->  Function Scan on schw_1307  (cost=0.00..0.01 rows=1 width=32)
                           ->  Seq Scan on phoml_trajectory_tmp s_1307  (cost=0.00..95.68 rows=17 width=40)
                                 Filter: ((unix_time >= '1685451413.992'::double precision) AND (unix_time <= '1685451473.992'::double precision))
   ->  Subquery Scan on "*SELECT* 1309"  (cost=97.82..97.83 rows=1 width=76)
         ->  Limit  (cost=97.82..97.82 rows=1 width=84)
               ->  Sort  (cost=97.82..97.82 rows=1 width=84)
                     Sort Key: (st_distance(st_transform(s_1308.the_geom, 25833), schw_1308.schw))
                     ->  Nested Loop  (cost=0.00..97.81 rows=1 width=84)
                           Join Filter: ((st_transform(s_1308.the_geom, 25833) && st_expand(schw_1308.schw, '300'::double precision)) AND (schw_1308.schw && st_expand(st_transform(s_1308.the_geom, 25833), '300'::double precision)) AND _st_dwithin(st_transform(s_1308.the_geom, 25833), schw_1308.schw, '300'::double precision))
                           ->  Function Scan on schw_1308  (cost=0.00..0.01 rows=1 width=32)
                           ->  Seq Scan on phoml_trajectory_tmp s_1308  (cost=0.00..95.68 rows=17 width=40)
                                 Filter: ((unix_time >= '1685451414.356'::double precision) AND (unix_time <= '1685451474.356'::double precision))
   ->  Subquery Scan on "*SELECT* 1310"  (cost=97.82..97.83 rows=1 width=76)
         ->  Limit  (cost=97.82..97.82 rows=1 width=84)
               ->  Sort  (cost=97.82..97.82 rows=1 width=84)
                     Sort Key: (st_distance(st_transform(s_1309.the_geom, 25833), schw_1309.schw))
                     ->  Nested Loop  (cost=0.00..97.81 rows=1 width=84)
                           Join Filter: ((st_transform(s_1309.the_geom, 25833) && st_expand(schw_1309.schw, '300'::double precision)) AND (schw_1309.schw && st_expand(st_transform(s_1309.the_geom, 25833), '300'::double precision)) AND _st_dwithin(st_transform(s_1309.the_geom, 25833), schw_1309.schw, '300'::double precision))
                           ->  Function Scan on schw_1309  (cost=0.00..0.01 rows=1 width=32)
                           ->  Seq Scan on phoml_trajectory_tmp s_1309  (cost=0.00..95.68 rows=17 width=40)
                                 Filter: ((unix_time >= '1685451414.715'::double precision) AND (unix_time <= '1685451474.715'::double precision))
   ->  Subquery Scan on "*SELECT* 1311"  (cost=97.82..97.83 rows=1 width=76)
         ->  Limit  (cost=97.82..97.82 rows=1 width=84)
               ->  Sort  (cost=97.82..97.82 rows=1 width=84)
                     Sort Key: (st_distance(st_transform(s_1310.the_geom, 25833), schw_1310.schw))
                     ->  Nested Loop  (cost=0.00..97.81 rows=1 width=84)
                           Join Filter: ((st_transform(s_1310.the_geom, 25833) && st_expand(schw_1310.schw, '300'::double precision)) AND (schw_1310.schw && st_expand(st_transform(s_1310.the_geom, 25833), '300'::double precision)) AND _st_dwithin(st_transform(s_1310.the_geom, 25833), schw_1310.schw, '300'::double precision))
                           ->  Function Scan on schw_1310  (cost=0.00..0.01 rows=1 width=32)
                           ->  Seq Scan on phoml_trajectory_tmp s_1310  (cost=0.00..95.68 rows=17 width=40)
                                 Filter: ((unix_time >= '1685451415.086'::double precision) AND (unix_time <= '1685451475.086'::double precision))
   ->  Subquery Scan on "*SELECT* 1312"  (cost=97.82..97.83 rows=1 width=76)
         ->  Limit  (cost=97.82..97.82 rows=1 width=84)
               ->  Sort  (cost=97.82..97.82 rows=1 width=84)
                     Sort Key: (st_distance(st_transform(s_1311.the_geom, 25833), schw_1311.schw))
                     ->  Nested Loop  (cost=0.00..97.81 rows=1 width=84)
                           Join Filter: ((st_transform(s_1311.the_geom, 25833) && st_expand(schw_1311.schw, '300'::double precision)) AND (schw_1311.schw && st_expand(st_transform(s_1311.the_geom, 25833), '300'::double precision)) AND _st_dwithin(st_transform(s_1311.the_geom, 25833), schw_1311.schw, '300'::double precision))
                           ->  Function Scan on schw_1311  (cost=0.00..0.01 rows=1 width=32)
                           ->  Seq Scan on phoml_trajectory_tmp s_1311  (cost=0.00..95.68 rows=17 width=40)
                                 Filter: ((unix_time >= '1685451415.512'::double precision) AND (unix_time <= '1685451475.512'::double precision))
   ->  Subquery Scan on "*SELECT* 1313"  (cost=97.82..97.83 rows=1 width=76)
         ->  Limit  (cost=97.82..97.82 rows=1 width=84)
               ->  Sort  (cost=97.82..97.82 rows=1 width=84)
                     Sort Key: (st_distance(st_transform(s_1312.the_geom, 25833), schw_1312.schw))
                     ->  Nested Loop  (cost=0.00..97.81 rows=1 width=84)
                           Join Filter: ((st_transform(s_1312.the_geom, 25833) && st_expand(schw_1312.schw, '300'::double precision)) AND (schw_1312.schw && st_expand(st_transform(s_1312.the_geom, 25833), '300'::double precision)) AND _st_dwithin(st_transform(s_1312.the_geom, 25833), schw_1312.schw, '300'::double precision))
                           ->  Function Scan on schw_1312  (cost=0.00..0.01 rows=1 width=32)
                           ->  Seq Scan on phoml_trajectory_tmp s_1312  (cost=0.00..95.68 rows=17 width=40)
                                 Filter: ((unix_time >= '1685451415.84'::double precision) AND (unix_time <= '1685451475.84'::double precision))
   ->  Subquery Scan on "*SELECT* 1314"  (cost=97.82..97.83 rows=1 width=76)
         ->  Limit  (cost=97.82..97.82 rows=1 width=84)
               ->  Sort  (cost=97.82..97.82 rows=1 width=84)
                     Sort Key: (st_distance(st_transform(s_1313.the_geom, 25833), schw_1313.schw))
                     ->  Nested Loop  (cost=0.00..97.81 rows=1 width=84)
                           Join Filter: ((st_transform(s_1313.the_geom, 25833) && st_expand(schw_1313.schw, '300'::double precision)) AND (schw_1313.schw && st_expand(st_transform(s_1313.the_geom, 25833), '300'::double precision)) AND _st_dwithin(st_transform(s_1313.the_geom, 25833), schw_1313.schw, '300'::double precision))
                           ->  Function Scan on schw_1313  (cost=0.00..0.01 rows=1 width=32)
                           ->  Seq Scan on phoml_trajectory_tmp s_1313  (cost=0.00..95.68 rows=17 width=40)
                                 Filter: ((unix_time >= '1685451416.275'::double precision) AND (unix_time <= '1685451476.275'::double precision))
   ->  Subquery Scan on "*SELECT* 1315"  (cost=97.82..97.83 rows=1 width=76)
         ->  Limit  (cost=97.82..97.82 rows=1 width=84)
               ->  Sort  (cost=97.82..97.82 rows=1 width=84)
                     Sort Key: (st_distance(st_transform(s_1314.the_geom, 25833), schw_1314.schw))
                     ->  Nested Loop  (cost=0.00..97.81 rows=1 width=84)
                           Join Filter: ((st_transform(s_1314.the_geom, 25833) && st_expand(schw_1314.schw, '300'::double precision)) AND (schw_1314.schw && st_expand(st_transform(s_1314.the_geom, 25833), '300'::double precision)) AND _st_dwithin(st_transform(s_1314.the_geom, 25833), schw_1314.schw, '300'::double precision))
                           ->  Function Scan on schw_1314  (cost=0.00..0.01 rows=1 width=32)
                           ->  Seq Scan on phoml_trajectory_tmp s_1314  (cost=0.00..95.68 rows=17 width=40)
                                 Filter: ((unix_time >= '1685451416.623'::double precision) AND (unix_time <= '1685451476.623'::double precision))
   ->  Subquery Scan on "*SELECT* 1316"  (cost=97.82..97.83 rows=1 width=76)
         ->  Limit  (cost=97.82..97.82 rows=1 width=84)
               ->  Sort  (cost=97.82..97.82 rows=1 width=84)
                     Sort Key: (st_distance(st_transform(s_1315.the_geom, 25833), schw_1315.schw))
                     ->  Nested Loop  (cost=0.00..97.81 rows=1 width=84)
                           Join Filter: ((st_transform(s_1315.the_geom, 25833) && st_expand(schw_1315.schw, '300'::double precision)) AND (schw_1315.schw && st_expand(st_transform(s_1315.the_geom, 25833), '300'::double precision)) AND _st_dwithin(st_transform(s_1315.the_geom, 25833), schw_1315.schw, '300'::double precision))
                           ->  Function Scan on schw_1315  (cost=0.00..0.01 rows=1 width=32)
                           ->  Seq Scan on phoml_trajectory_tmp s_1315  (cost=0.00..95.68 rows=17 width=40)
                                 Filter: ((unix_time >= '1685451417.055'::double precision) AND (unix_time <= '1685451477.055'::double precision))
   ->  Subquery Scan on "*SELECT* 1317"  (cost=97.82..97.83 rows=1 width=76)
         ->  Limit  (cost=97.82..97.82 rows=1 width=84)
               ->  Sort  (cost=97.82..97.82 rows=1 width=84)
                     Sort Key: (st_distance(st_transform(s_1316.the_geom, 25833), schw_1316.schw))
                     ->  Nested Loop  (cost=0.00..97.81 rows=1 width=84)
                           Join Filter: ((st_transform(s_1316.the_geom, 25833) && st_expand(schw_1316.schw, '300'::double precision)) AND (schw_1316.schw && st_expand(st_transform(s_1316.the_geom, 25833), '300'::double precision)) AND _st_dwithin(st_transform(s_1316.the_geom, 25833), schw_1316.schw, '300'::double precision))
                           ->  Function Scan on schw_1316  (cost=0.00..0.01 rows=1 width=32)
                           ->  Seq Scan on phoml_trajectory_tmp s_1316  (cost=0.00..95.68 rows=17 width=40)
                                 Filter: ((unix_time >= '1685451417.46'::double precision) AND (unix_time <= '1685451477.46'::double precision))
   ->  Subquery Scan on "*SELECT* 1318"  (cost=97.82..97.83 rows=1 width=76)
         ->  Limit  (cost=97.82..97.82 rows=1 width=84)
               ->  Sort  (cost=97.82..97.82 rows=1 width=84)
                     Sort Key: (st_distance(st_transform(s_1317.the_geom, 25833), schw_1317.schw))
                     ->  Nested Loop  (cost=0.00..97.81 rows=1 width=84)
                           Join Filter: ((st_transform(s_1317.the_geom, 25833) && st_expand(schw_1317.schw, '300'::double precision)) AND (schw_1317.schw && st_expand(st_transform(s_1317.the_geom, 25833), '300'::double precision)) AND _st_dwithin(st_transform(s_1317.the_geom, 25833), schw_1317.schw, '300'::double precision))
                           ->  Function Scan on schw_1317  (cost=0.00..0.01 rows=1 width=32)
                           ->  Seq Scan on phoml_trajectory_tmp s_1317  (cost=0.00..95.68 rows=17 width=40)
                                 Filter: ((unix_time >= '1685451417.87'::double precision) AND (unix_time <= '1685451477.87'::double precision))
   ->  Subquery Scan on "*SELECT* 1319"  (cost=97.82..97.83 rows=1 width=76)
         ->  Limit  (cost=97.82..97.82 rows=1 width=84)
               ->  Sort  (cost=97.82..97.82 rows=1 width=84)
                     Sort Key: (st_distance(st_transform(s_1318.the_geom, 25833), schw_1318.schw))
                     ->  Nested Loop  (cost=0.00..97.81 rows=1 width=84)
                           Join Filter: ((st_transform(s_1318.the_geom, 25833) && st_expand(schw_1318.schw, '300'::double precision)) AND (schw_1318.schw && st_expand(st_transform(s_1318.the_geom, 25833), '300'::double precision)) AND _st_dwithin(st_transform(s_1318.the_geom, 25833), schw_1318.schw, '300'::double precision))
                           ->  Function Scan on schw_1318  (cost=0.00..0.01 rows=1 width=32)
                           ->  Seq Scan on phoml_trajectory_tmp s_1318  (cost=0.00..95.68 rows=17 width=40)
                                 Filter: ((unix_time >= '1685451418.242'::double precision) AND (unix_time <= '1685451478.242'::double precision))
   ->  Subquery Scan on "*SELECT* 1320"  (cost=97.82..97.83 rows=1 width=76)
         ->  Limit  (cost=97.82..97.82 rows=1 width=84)
               ->  Sort  (cost=97.82..97.82 rows=1 width=84)
                     Sort Key: (st_distance(st_transform(s_1319.the_geom, 25833), schw_1319.schw))
                     ->  Nested Loop  (cost=0.00..97.81 rows=1 width=84)
                           Join Filter: ((st_transform(s_1319.the_geom, 25833) && st_expand(schw_1319.schw, '300'::double precision)) AND (schw_1319.schw && st_expand(st_transform(s_1319.the_geom, 25833), '300'::double precision)) AND _st_dwithin(st_transform(s_1319.the_geom, 25833), schw_1319.schw, '300'::double precision))
                           ->  Function Scan on schw_1319  (cost=0.00..0.01 rows=1 width=32)
                           ->  Seq Scan on phoml_trajectory_tmp s_1319  (cost=0.00..95.68 rows=17 width=40)
                                 Filter: ((unix_time >= '1685451418.714'::double precision) AND (unix_time <= '1685451478.714'::double precision))
   ->  Subquery Scan on "*SELECT* 1321"  (cost=97.82..97.83 rows=1 width=76)
         ->  Limit  (cost=97.82..97.82 rows=1 width=84)
               ->  Sort  (cost=97.82..97.82 rows=1 width=84)
                     Sort Key: (st_distance(st_transform(s_1320.the_geom, 25833), schw_1320.schw))
                     ->  Nested Loop  (cost=0.00..97.81 rows=1 width=84)
                           Join Filter: ((st_transform(s_1320.the_geom, 25833) && st_expand(schw_1320.schw, '300'::double precision)) AND (schw_1320.schw && st_expand(st_transform(s_1320.the_geom, 25833), '300'::double precision)) AND _st_dwithin(st_transform(s_1320.the_geom, 25833), schw_1320.schw, '300'::double precision))
                           ->  Function Scan on schw_1320  (cost=0.00..0.01 rows=1 width=32)
                           ->  Seq Scan on phoml_trajectory_tmp s_1320  (cost=0.00..95.68 rows=17 width=40)
                                 Filter: ((unix_time >= '1685451419.144'::double precision) AND (unix_time <= '1685451479.144'::double precision))
   ->  Subquery Scan on "*SELECT* 1322"  (cost=97.82..97.83 rows=1 width=76)
         ->  Limit  (cost=97.82..97.82 rows=1 width=84)
               ->  Sort  (cost=97.82..97.82 rows=1 width=84)
                     Sort Key: (st_distance(st_transform(s_1321.the_geom, 25833), schw_1321.schw))
                     ->  Nested Loop  (cost=0.00..97.81 rows=1 width=84)
                           Join Filter: ((st_transform(s_1321.the_geom, 25833) && st_expand(schw_1321.schw, '300'::double precision)) AND (schw_1321.schw && st_expand(st_transform(s_1321.the_geom, 25833), '300'::double precision)) AND _st_dwithin(st_transform(s_1321.the_geom, 25833), schw_1321.schw, '300'::double precision))
                           ->  Function Scan on schw_1321  (cost=0.00..0.01 rows=1 width=32)
                           ->  Seq Scan on phoml_trajectory_tmp s_1321  (cost=0.00..95.68 rows=17 width=40)
                                 Filter: ((unix_time >= '1685451419.58'::double precision) AND (unix_time <= '1685451479.58'::double precision))
   ->  Subquery Scan on "*SELECT* 1323"  (cost=97.82..97.83 rows=1 width=76)
         ->  Limit  (cost=97.82..97.82 rows=1 width=84)
               ->  Sort  (cost=97.82..97.82 rows=1 width=84)
                     Sort Key: (st_distance(st_transform(s_1322.the_geom, 25833), schw_1322.schw))
                     ->  Nested Loop  (cost=0.00..97.81 rows=1 width=84)
                           Join Filter: ((st_transform(s_1322.the_geom, 25833) && st_expand(schw_1322.schw, '300'::double precision)) AND (schw_1322.schw && st_expand(st_transform(s_1322.the_geom, 25833), '300'::double precision)) AND _st_dwithin(st_transform(s_1322.the_geom, 25833), schw_1322.schw, '300'::double precision))
                           ->  Function Scan on schw_1322  (cost=0.00..0.01 rows=1 width=32)
                           ->  Seq Scan on phoml_trajectory_tmp s_1322  (cost=0.00..95.68 rows=17 width=40)
                                 Filter: ((unix_time >= '1685451420.02'::double precision) AND (unix_time <= '1685451480.02'::double precision))
   ->  Subquery Scan on "*SELECT* 1324"  (cost=97.82..97.83 rows=1 width=76)
         ->  Limit  (cost=97.82..97.82 rows=1 width=84)
               ->  Sort  (cost=97.82..97.82 rows=1 width=84)
                     Sort Key: (st_distance(st_transform(s_1323.the_geom, 25833), schw_1323.schw))
                     ->  Nested Loop  (cost=0.00..97.81 rows=1 width=84)
                           Join Filter: ((st_transform(s_1323.the_geom, 25833) && st_expand(schw_1323.schw, '300'::double precision)) AND (schw_1323.schw && st_expand(st_transform(s_1323.the_geom, 25833), '300'::double precision)) AND _st_dwithin(st_transform(s_1323.the_geom, 25833), schw_1323.schw, '300'::double precision))
                           ->  Function Scan on schw_1323  (cost=0.00..0.01 rows=1 width=32)
                           ->  Seq Scan on phoml_trajectory_tmp s_1323  (cost=0.00..95.68 rows=17 width=40)
                                 Filter: ((unix_time >= '1685451420.427'::double precision) AND (unix_time <= '1685451480.427'::double precision))
   ->  Subquery Scan on "*SELECT* 1325"  (cost=97.82..97.83 rows=1 width=76)
         ->  Limit  (cost=97.82..97.82 rows=1 width=84)
               ->  Sort  (cost=97.82..97.82 rows=1 width=84)
                     Sort Key: (st_distance(st_transform(s_1324.the_geom, 25833), schw_1324.schw))
                     ->  Nested Loop  (cost=0.00..97.81 rows=1 width=84)
                           Join Filter: ((st_transform(s_1324.the_geom, 25833) && st_expand(schw_1324.schw, '300'::double precision)) AND (schw_1324.schw && st_expand(st_transform(s_1324.the_geom, 25833), '300'::double precision)) AND _st_dwithin(st_transform(s_1324.the_geom, 25833), schw_1324.schw, '300'::double precision))
                           ->  Function Scan on schw_1324  (cost=0.00..0.01 rows=1 width=32)
                           ->  Seq Scan on phoml_trajectory_tmp s_1324  (cost=0.00..95.68 rows=17 width=40)
                                 Filter: ((unix_time >= '1685451420.919'::double precision) AND (unix_time <= '1685451480.919'::double precision))
   ->  Subquery Scan on "*SELECT* 1326"  (cost=97.82..97.83 rows=1 width=76)
         ->  Limit  (cost=97.82..97.82 rows=1 width=84)
               ->  Sort  (cost=97.82..97.82 rows=1 width=84)
                     Sort Key: (st_distance(st_transform(s_1325.the_geom, 25833), schw_1325.schw))
                     ->  Nested Loop  (cost=0.00..97.81 rows=1 width=84)
                           Join Filter: ((st_transform(s_1325.the_geom, 25833) && st_expand(schw_1325.schw, '300'::double precision)) AND (schw_1325.schw && st_expand(st_transform(s_1325.the_geom, 25833), '300'::double precision)) AND _st_dwithin(st_transform(s_1325.the_geom, 25833), schw_1325.schw, '300'::double precision))
                           ->  Function Scan on schw_1325  (cost=0.00..0.01 rows=1 width=32)
                           ->  Seq Scan on phoml_trajectory_tmp s_1325  (cost=0.00..95.68 rows=17 width=40)
                                 Filter: ((unix_time >= '1685451421.331'::double precision) AND (unix_time <= '1685451481.331'::double precision))
   ->  Subquery Scan on "*SELECT* 1327"  (cost=97.82..97.83 rows=1 width=76)
         ->  Limit  (cost=97.82..97.82 rows=1 width=84)
               ->  Sort  (cost=97.82..97.82 rows=1 width=84)
                     Sort Key: (st_distance(st_transform(s_1326.the_geom, 25833), schw_1326.schw))
                     ->  Nested Loop  (cost=0.00..97.81 rows=1 width=84)
                           Join Filter: ((st_transform(s_1326.the_geom, 25833) && st_expand(schw_1326.schw, '300'::double precision)) AND (schw_1326.schw && st_expand(st_transform(s_1326.the_geom, 25833), '300'::double precision)) AND _st_dwithin(st_transform(s_1326.the_geom, 25833), schw_1326.schw, '300'::double precision))
                           ->  Function Scan on schw_1326  (cost=0.00..0.01 rows=1 width=32)
                           ->  Seq Scan on phoml_trajectory_tmp s_1326  (cost=0.00..95.68 rows=17 width=40)
                                 Filter: ((unix_time >= '1685451421.815'::double precision) AND (unix_time <= '1685451481.815'::double precision))
   ->  Subquery Scan on "*SELECT* 1328"  (cost=97.82..97.83 rows=1 width=76)
         ->  Limit  (cost=97.82..97.82 rows=1 width=84)
               ->  Sort  (cost=97.82..97.82 rows=1 width=84)
                     Sort Key: (st_distance(st_transform(s_1327.the_geom, 25833), schw_1327.schw))
                     ->  Nested Loop  (cost=0.00..97.81 rows=1 width=84)
                           Join Filter: ((st_transform(s_1327.the_geom, 25833) && st_expand(schw_1327.schw, '300'::double precision)) AND (schw_1327.schw && st_expand(st_transform(s_1327.the_geom, 25833), '300'::double precision)) AND _st_dwithin(st_transform(s_1327.the_geom, 25833), schw_1327.schw, '300'::double precision))
                           ->  Function Scan on schw_1327  (cost=0.00..0.01 rows=1 width=32)
                           ->  Seq Scan on phoml_trajectory_tmp s_1327  (cost=0.00..95.68 rows=17 width=40)
                                 Filter: ((unix_time >= '1685451422.257'::double precision) AND (unix_time <= '1685451482.257'::double precision))
   ->  Subquery Scan on "*SELECT* 1329"  (cost=97.82..97.83 rows=1 width=76)
         ->  Limit  (cost=97.82..97.82 rows=1 width=84)
               ->  Sort  (cost=97.82..97.82 rows=1 width=84)
                     Sort Key: (st_distance(st_transform(s_1328.the_geom, 25833), schw_1328.schw))
                     ->  Nested Loop  (cost=0.00..97.81 rows=1 width=84)
                           Join Filter: ((st_transform(s_1328.the_geom, 25833) && st_expand(schw_1328.schw, '300'::double precision)) AND (schw_1328.schw && st_expand(st_transform(s_1328.the_geom, 25833), '300'::double precision)) AND _st_dwithin(st_transform(s_1328.the_geom, 25833), schw_1328.schw, '300'::double precision))
                           ->  Function Scan on schw_1328  (cost=0.00..0.01 rows=1 width=32)
                           ->  Seq Scan on phoml_trajectory_tmp s_1328  (cost=0.00..95.68 rows=17 width=40)
                                 Filter: ((unix_time >= '1685451422.697'::double precision) AND (unix_time <= '1685451482.697'::double precision))
   ->  Subquery Scan on "*SELECT* 1330"  (cost=97.82..97.83 rows=1 width=76)
         ->  Limit  (cost=97.82..97.82 rows=1 width=84)
               ->  Sort  (cost=97.82..97.82 rows=1 width=84)
                     Sort Key: (st_distance(st_transform(s_1329.the_geom, 25833), schw_1329.schw))
                     ->  Nested Loop  (cost=0.00..97.81 rows=1 width=84)
                           Join Filter: ((st_transform(s_1329.the_geom, 25833) && st_expand(schw_1329.schw, '300'::double precision)) AND (schw_1329.schw && st_expand(st_transform(s_1329.the_geom, 25833), '300'::double precision)) AND _st_dwithin(st_transform(s_1329.the_geom, 25833), schw_1329.schw, '300'::double precision))
                           ->  Function Scan on schw_1329  (cost=0.00..0.01 rows=1 width=32)
                           ->  Seq Scan on phoml_trajectory_tmp s_1329  (cost=0.00..95.68 rows=17 width=40)
                                 Filter: ((unix_time >= '1685451423.116'::double precision) AND (unix_time <= '1685451483.116'::double precision))
   ->  Subquery Scan on "*SELECT* 1331"  (cost=97.82..97.83 rows=1 width=76)
         ->  Limit  (cost=97.82..97.82 rows=1 width=84)
               ->  Sort  (cost=97.82..97.82 rows=1 width=84)
                     Sort Key: (st_distance(st_transform(s_1330.the_geom, 25833), schw_1330.schw))
                     ->  Nested Loop  (cost=0.00..97.81 rows=1 width=84)
                           Join Filter: ((st_transform(s_1330.the_geom, 25833) && st_expand(schw_1330.schw, '300'::double precision)) AND (schw_1330.schw && st_expand(st_transform(s_1330.the_geom, 25833), '300'::double precision)) AND _st_dwithin(st_transform(s_1330.the_geom, 25833), schw_1330.schw, '300'::double precision))
                           ->  Function Scan on schw_1330  (cost=0.00..0.01 rows=1 width=32)
                           ->  Seq Scan on phoml_trajectory_tmp s_1330  (cost=0.00..95.68 rows=17 width=40)
                                 Filter: ((unix_time >= '1685451423.54'::double precision) AND (unix_time <= '1685451483.54'::double precision))
   ->  Subquery Scan on "*SELECT* 1332"  (cost=97.82..97.83 rows=1 width=76)
         ->  Limit  (cost=97.82..97.82 rows=1 width=84)
               ->  Sort  (cost=97.82..97.82 rows=1 width=84)
                     Sort Key: (st_distance(st_transform(s_1331.the_geom, 25833), schw_1331.schw))
                     ->  Nested Loop  (cost=0.00..97.81 rows=1 width=84)
                           Join Filter: ((st_transform(s_1331.the_geom, 25833) && st_expand(schw_1331.schw, '300'::double precision)) AND (schw_1331.schw && st_expand(st_transform(s_1331.the_geom, 25833), '300'::double precision)) AND _st_dwithin(st_transform(s_1331.the_geom, 25833), schw_1331.schw, '300'::double precision))
                           ->  Function Scan on schw_1331  (cost=0.00..0.01 rows=1 width=32)
                           ->  Seq Scan on phoml_trajectory_tmp s_1331  (cost=0.00..95.68 rows=17 width=40)
                                 Filter: ((unix_time >= '1685451423.918'::double precision) AND (unix_time <= '1685451483.918'::double precision))
   ->  Subquery Scan on "*SELECT* 1333"  (cost=97.82..97.83 rows=1 width=76)
         ->  Limit  (cost=97.82..97.82 rows=1 width=84)
               ->  Sort  (cost=97.82..97.82 rows=1 width=84)
                     Sort Key: (st_distance(st_transform(s_1332.the_geom, 25833), schw_1332.schw))
                     ->  Nested Loop  (cost=0.00..97.81 rows=1 width=84)
                           Join Filter: ((st_transform(s_1332.the_geom, 25833) && st_expand(schw_1332.schw, '300'::double precision)) AND (schw_1332.schw && st_expand(st_transform(s_1332.the_geom, 25833), '300'::double precision)) AND _st_dwithin(st_transform(s_1332.the_geom, 25833), schw_1332.schw, '300'::double precision))
                           ->  Function Scan on schw_1332  (cost=0.00..0.01 rows=1 width=32)
                           ->  Seq Scan on phoml_trajectory_tmp s_1332  (cost=0.00..95.68 rows=17 width=40)
                                 Filter: ((unix_time >= '1685451424.364'::double precision) AND (unix_time <= '1685451484.364'::double precision))
   ->  Subquery Scan on "*SELECT* 1334"  (cost=97.82..97.83 rows=1 width=76)
         ->  Limit  (cost=97.82..97.82 rows=1 width=84)
               ->  Sort  (cost=97.82..97.82 rows=1 width=84)
                     Sort Key: (st_distance(st_transform(s_1333.the_geom, 25833), schw_1333.schw))
                     ->  Nested Loop  (cost=0.00..97.81 rows=1 width=84)
                           Join Filter: ((st_transform(s_1333.the_geom, 25833) && st_expand(schw_1333.schw, '300'::double precision)) AND (schw_1333.schw && st_expand(st_transform(s_1333.the_geom, 25833), '300'::double precision)) AND _st_dwithin(st_transform(s_1333.the_geom, 25833), schw_1333.schw, '300'::double precision))
                           ->  Function Scan on schw_1333  (cost=0.00..0.01 rows=1 width=32)
                           ->  Seq Scan on phoml_trajectory_tmp s_1333  (cost=0.00..95.68 rows=17 width=40)
                                 Filter: ((unix_time >= '1685451424.764'::double precision) AND (unix_time <= '1685451484.764'::double precision))
   ->  Subquery Scan on "*SELECT* 1335"  (cost=97.82..97.83 rows=1 width=76)
         ->  Limit  (cost=97.82..97.82 rows=1 width=84)
               ->  Sort  (cost=97.82..97.82 rows=1 width=84)
                     Sort Key: (st_distance(st_transform(s_1334.the_geom, 25833), schw_1334.schw))
                     ->  Nested Loop  (cost=0.00..97.81 rows=1 width=84)
                           Join Filter: ((st_transform(s_1334.the_geom, 25833) && st_expand(schw_1334.schw, '300'::double precision)) AND (schw_1334.schw && st_expand(st_transform(s_1334.the_geom, 25833), '300'::double precision)) AND _st_dwithin(st_transform(s_1334.the_geom, 25833), schw_1334.schw, '300'::double precision))
                           ->  Function Scan on schw_1334  (cost=0.00..0.01 rows=1 width=32)
                           ->  Seq Scan on phoml_trajectory_tmp s_1334  (cost=0.00..95.68 rows=17 width=40)
                                 Filter: ((unix_time >= '1685451425.167'::double precision) AND (unix_time <= '1685451485.167'::double precision))
   ->  Subquery Scan on "*SELECT* 1336"  (cost=97.82..97.83 rows=1 width=76)
         ->  Limit  (cost=97.82..97.82 rows=1 width=84)
               ->  Sort  (cost=97.82..97.82 rows=1 width=84)
                     Sort Key: (st_distance(st_transform(s_1335.the_geom, 25833), schw_1335.schw))
                     ->  Nested Loop  (cost=0.00..97.81 rows=1 width=84)
                           Join Filter: ((st_transform(s_1335.the_geom, 25833) && st_expand(schw_1335.schw, '300'::double precision)) AND (schw_1335.schw && st_expand(st_transform(s_1335.the_geom, 25833), '300'::double precision)) AND _st_dwithin(st_transform(s_1335.the_geom, 25833), schw_1335.schw, '300'::double precision))
                           ->  Function Scan on schw_1335  (cost=0.00..0.01 rows=1 width=32)
                           ->  Seq Scan on phoml_trajectory_tmp s_1335  (cost=0.00..95.68 rows=17 width=40)
                                 Filter: ((unix_time >= '1685451425.539'::double precision) AND (unix_time <= '1685451485.539'::double precision))
   ->  Subquery Scan on "*SELECT* 1337"  (cost=97.82..97.83 rows=1 width=76)
         ->  Limit  (cost=97.82..97.82 rows=1 width=84)
               ->  Sort  (cost=97.82..97.82 rows=1 width=84)
                     Sort Key: (st_distance(st_transform(s_1336.the_geom, 25833), schw_1336.schw))
                     ->  Nested Loop  (cost=0.00..97.81 rows=1 width=84)
                           Join Filter: ((st_transform(s_1336.the_geom, 25833) && st_expand(schw_1336.schw, '300'::double precision)) AND (schw_1336.schw && st_expand(st_transform(s_1336.the_geom, 25833), '300'::double precision)) AND _st_dwithin(st_transform(s_1336.the_geom, 25833), schw_1336.schw, '300'::double precision))
                           ->  Function Scan on schw_1336  (cost=0.00..0.01 rows=1 width=32)
                           ->  Seq Scan on phoml_trajectory_tmp s_1336  (cost=0.00..95.68 rows=17 width=40)
                                 Filter: ((unix_time >= '1685451425.939'::double precision) AND (unix_time <= '1685451485.939'::double precision))
   ->  Subquery Scan on "*SELECT* 1338"  (cost=97.82..97.83 rows=1 width=76)
         ->  Limit  (cost=97.82..97.82 rows=1 width=84)
               ->  Sort  (cost=97.82..97.82 rows=1 width=84)
                     Sort Key: (st_distance(st_transform(s_1337.the_geom, 25833), schw_1337.schw))
                     ->  Nested Loop  (cost=0.00..97.81 rows=1 width=84)
                           Join Filter: ((st_transform(s_1337.the_geom, 25833) && st_expand(schw_1337.schw, '300'::double precision)) AND (schw_1337.schw && st_expand(st_transform(s_1337.the_geom, 25833), '300'::double precision)) AND _st_dwithin(st_transform(s_1337.the_geom, 25833), schw_1337.schw, '300'::double precision))
                           ->  Function Scan on schw_1337  (cost=0.00..0.01 rows=1 width=32)
                           ->  Seq Scan on phoml_trajectory_tmp s_1337  (cost=0.00..95.68 rows=17 width=40)
                                 Filter: ((unix_time >= '1685451426.314'::double precision) AND (unix_time <= '1685451486.314'::double precision))
   ->  Subquery Scan on "*SELECT* 1339"  (cost=97.82..97.83 rows=1 width=76)
         ->  Limit  (cost=97.82..97.82 rows=1 width=84)
               ->  Sort  (cost=97.82..97.82 rows=1 width=84)
                     Sort Key: (st_distance(st_transform(s_1338.the_geom, 25833), schw_1338.schw))
                     ->  Nested Loop  (cost=0.00..97.81 rows=1 width=84)
                           Join Filter: ((st_transform(s_1338.the_geom, 25833) && st_expand(schw_1338.schw, '300'::double precision)) AND (schw_1338.schw && st_expand(st_transform(s_1338.the_geom, 25833), '300'::double precision)) AND _st_dwithin(st_transform(s_1338.the_geom, 25833), schw_1338.schw, '300'::double precision))
                           ->  Function Scan on schw_1338  (cost=0.00..0.01 rows=1 width=32)
                           ->  Seq Scan on phoml_trajectory_tmp s_1338  (cost=0.00..95.68 rows=17 width=40)
                                 Filter: ((unix_time >= '1685451426.694'::double precision) AND (unix_time <= '1685451486.694'::double precision))
   ->  Subquery Scan on "*SELECT* 1340"  (cost=97.82..97.83 rows=1 width=76)
         ->  Limit  (cost=97.82..97.82 rows=1 width=84)
               ->  Sort  (cost=97.82..97.82 rows=1 width=84)
                     Sort Key: (st_distance(st_transform(s_1339.the_geom, 25833), schw_1339.schw))
                     ->  Nested Loop  (cost=0.00..97.81 rows=1 width=84)
                           Join Filter: ((st_transform(s_1339.the_geom, 25833) && st_expand(schw_1339.schw, '300'::double precision)) AND (schw_1339.schw && st_expand(st_transform(s_1339.the_geom, 25833), '300'::double precision)) AND _st_dwithin(st_transform(s_1339.the_geom, 25833), schw_1339.schw, '300'::double precision))
                           ->  Function Scan on schw_1339  (cost=0.00..0.01 rows=1 width=32)
                           ->  Seq Scan on phoml_trajectory_tmp s_1339  (cost=0.00..95.68 rows=17 width=40)
                                 Filter: ((unix_time >= '1685451427.054'::double precision) AND (unix_time <= '1685451487.054'::double precision))
   ->  Subquery Scan on "*SELECT* 1341"  (cost=97.82..97.83 rows=1 width=76)
         ->  Limit  (cost=97.82..97.82 rows=1 width=84)
               ->  Sort  (cost=97.82..97.82 rows=1 width=84)
                     Sort Key: (st_distance(st_transform(s_1340.the_geom, 25833), schw_1340.schw))
                     ->  Nested Loop  (cost=0.00..97.81 rows=1 width=84)
                           Join Filter: ((st_transform(s_1340.the_geom, 25833) && st_expand(schw_1340.schw, '300'::double precision)) AND (schw_1340.schw && st_expand(st_transform(s_1340.the_geom, 25833), '300'::double precision)) AND _st_dwithin(st_transform(s_1340.the_geom, 25833), schw_1340.schw, '300'::double precision))
                           ->  Function Scan on schw_1340  (cost=0.00..0.01 rows=1 width=32)
                           ->  Seq Scan on phoml_trajectory_tmp s_1340  (cost=0.00..95.68 rows=17 width=40)
                                 Filter: ((unix_time >= '1685451427.417'::double precision) AND (unix_time <= '1685451487.417'::double precision))
   ->  Subquery Scan on "*SELECT* 1342"  (cost=97.82..97.83 rows=1 width=76)
         ->  Limit  (cost=97.82..97.82 rows=1 width=84)
               ->  Sort  (cost=97.82..97.82 rows=1 width=84)
                     Sort Key: (st_distance(st_transform(s_1341.the_geom, 25833), schw_1341.schw))
                     ->  Nested Loop  (cost=0.00..97.81 rows=1 width=84)
                           Join Filter: ((st_transform(s_1341.the_geom, 25833) && st_expand(schw_1341.schw, '300'::double precision)) AND (schw_1341.schw && st_expand(st_transform(s_1341.the_geom, 25833), '300'::double precision)) AND _st_dwithin(st_transform(s_1341.the_geom, 25833), schw_1341.schw, '300'::double precision))
                           ->  Function Scan on schw_1341  (cost=0.00..0.01 rows=1 width=32)
                           ->  Seq Scan on phoml_trajectory_tmp s_1341  (cost=0.00..95.68 rows=17 width=40)
                                 Filter: ((unix_time >= '1685451427.777'::double precision) AND (unix_time <= '1685451487.777'::double precision))
   ->  Subquery Scan on "*SELECT* 1343"  (cost=97.82..97.83 rows=1 width=76)
         ->  Limit  (cost=97.82..97.82 rows=1 width=84)
               ->  Sort  (cost=97.82..97.82 rows=1 width=84)
                     Sort Key: (st_distance(st_transform(s_1342.the_geom, 25833), schw_1342.schw))
                     ->  Nested Loop  (cost=0.00..97.81 rows=1 width=84)
                           Join Filter: ((st_transform(s_1342.the_geom, 25833) && st_expand(schw_1342.schw, '300'::double precision)) AND (schw_1342.schw && st_expand(st_transform(s_1342.the_geom, 25833), '300'::double precision)) AND _st_dwithin(st_transform(s_1342.the_geom, 25833), schw_1342.schw, '300'::double precision))
                           ->  Function Scan on schw_1342  (cost=0.00..0.01 rows=1 width=32)
                           ->  Seq Scan on phoml_trajectory_tmp s_1342  (cost=0.00..95.68 rows=17 width=40)
                                 Filter: ((unix_time >= '1685451428.085'::double precision) AND (unix_time <= '1685451488.085'::double precision))
   ->  Subquery Scan on "*SELECT* 1344"  (cost=97.82..97.83 rows=1 width=76)
         ->  Limit  (cost=97.82..97.82 rows=1 width=84)
               ->  Sort  (cost=97.82..97.82 rows=1 width=84)
                     Sort Key: (st_distance(st_transform(s_1343.the_geom, 25833), schw_1343.schw))
                     ->  Nested Loop  (cost=0.00..97.81 rows=1 width=84)
                           Join Filter: ((st_transform(s_1343.the_geom, 25833) && st_expand(schw_1343.schw, '300'::double precision)) AND (schw_1343.schw && st_expand(st_transform(s_1343.the_geom, 25833), '300'::double precision)) AND _st_dwithin(st_transform(s_1343.the_geom, 25833), schw_1343.schw, '300'::double precision))
                           ->  Function Scan on schw_1343  (cost=0.00..0.01 rows=1 width=32)
                           ->  Seq Scan on phoml_trajectory_tmp s_1343  (cost=0.00..95.68 rows=17 width=40)
                                 Filter: ((unix_time >= '1685451428.48'::double precision) AND (unix_time <= '1685451488.48'::double precision))
   ->  Subquery Scan on "*SELECT* 1345"  (cost=97.82..97.83 rows=1 width=76)
         ->  Limit  (cost=97.82..97.82 rows=1 width=84)
               ->  Sort  (cost=97.82..97.82 rows=1 width=84)
                     Sort Key: (st_distance(st_transform(s_1344.the_geom, 25833), schw_1344.schw))
                     ->  Nested Loop  (cost=0.00..97.81 rows=1 width=84)
                           Join Filter: ((st_transform(s_1344.the_geom, 25833) && st_expand(schw_1344.schw, '300'::double precision)) AND (schw_1344.schw && st_expand(st_transform(s_1344.the_geom, 25833), '300'::double precision)) AND _st_dwithin(st_transform(s_1344.the_geom, 25833), schw_1344.schw, '300'::double precision))
                           ->  Function Scan on schw_1344  (cost=0.00..0.01 rows=1 width=32)
                           ->  Seq Scan on phoml_trajectory_tmp s_1344  (cost=0.00..95.68 rows=17 width=40)
                                 Filter: ((unix_time >= '1685451428.83'::double precision) AND (unix_time <= '1685451488.83'::double precision))
   ->  Subquery Scan on "*SELECT* 1346"  (cost=97.82..97.83 rows=1 width=76)
         ->  Limit  (cost=97.82..97.82 rows=1 width=84)
               ->  Sort  (cost=97.82..97.82 rows=1 width=84)
                     Sort Key: (st_distance(st_transform(s_1345.the_geom, 25833), schw_1345.schw))
                     ->  Nested Loop  (cost=0.00..97.81 rows=1 width=84)
                           Join Filter: ((st_transform(s_1345.the_geom, 25833) && st_expand(schw_1345.schw, '300'::double precision)) AND (schw_1345.schw && st_expand(st_transform(s_1345.the_geom, 25833), '300'::double precision)) AND _st_dwithin(st_transform(s_1345.the_geom, 25833), schw_1345.schw, '300'::double precision))
                           ->  Function Scan on schw_1345  (cost=0.00..0.01 rows=1 width=32)
                           ->  Seq Scan on phoml_trajectory_tmp s_1345  (cost=0.00..95.68 rows=17 width=40)
                                 Filter: ((unix_time >= '1685451429.17'::double precision) AND (unix_time <= '1685451489.17'::double precision))
   ->  Subquery Scan on "*SELECT* 1347"  (cost=97.82..97.83 rows=1 width=76)
         ->  Limit  (cost=97.82..97.82 rows=1 width=84)
               ->  Sort  (cost=97.82..97.82 rows=1 width=84)
                     Sort Key: (st_distance(st_transform(s_1346.the_geom, 25833), schw_1346.schw))
                     ->  Nested Loop  (cost=0.00..97.81 rows=1 width=84)
                           Join Filter: ((st_transform(s_1346.the_geom, 25833) && st_expand(schw_1346.schw, '300'::double precision)) AND (schw_1346.schw && st_expand(st_transform(s_1346.the_geom, 25833), '300'::double precision)) AND _st_dwithin(st_transform(s_1346.the_geom, 25833), schw_1346.schw, '300'::double precision))
                           ->  Function Scan on schw_1346  (cost=0.00..0.01 rows=1 width=32)
                           ->  Seq Scan on phoml_trajectory_tmp s_1346  (cost=0.00..95.68 rows=17 width=40)
                                 Filter: ((unix_time >= '1685451429.52'::double precision) AND (unix_time <= '1685451489.52'::double precision))
   ->  Subquery Scan on "*SELECT* 1348"  (cost=97.82..97.83 rows=1 width=76)
         ->  Limit  (cost=97.82..97.82 rows=1 width=84)
               ->  Sort  (cost=97.82..97.82 rows=1 width=84)
                     Sort Key: (st_distance(st_transform(s_1347.the_geom, 25833), schw_1347.schw))
                     ->  Nested Loop  (cost=0.00..97.81 rows=1 width=84)
                           Join Filter: ((st_transform(s_1347.the_geom, 25833) && st_expand(schw_1347.schw, '300'::double precision)) AND (schw_1347.schw && st_expand(st_transform(s_1347.the_geom, 25833), '300'::double precision)) AND _st_dwithin(st_transform(s_1347.the_geom, 25833), schw_1347.schw, '300'::double precision))
                           ->  Function Scan on schw_1347  (cost=0.00..0.01 rows=1 width=32)
                           ->  Seq Scan on phoml_trajectory_tmp s_1347  (cost=0.00..95.68 rows=17 width=40)
                                 Filter: ((unix_time >= '1685451429.819'::double precision) AND (unix_time <= '1685451489.819'::double precision))
   ->  Subquery Scan on "*SELECT* 1349"  (cost=97.82..97.83 rows=1 width=76)
         ->  Limit  (cost=97.82..97.82 rows=1 width=84)
               ->  Sort  (cost=97.82..97.82 rows=1 width=84)
                     Sort Key: (st_distance(st_transform(s_1348.the_geom, 25833), schw_1348.schw))
                     ->  Nested Loop  (cost=0.00..97.81 rows=1 width=84)
                           Join Filter: ((st_transform(s_1348.the_geom, 25833) && st_expand(schw_1348.schw, '300'::double precision)) AND (schw_1348.schw && st_expand(st_transform(s_1348.the_geom, 25833), '300'::double precision)) AND _st_dwithin(st_transform(s_1348.the_geom, 25833), schw_1348.schw, '300'::double precision))
                           ->  Function Scan on schw_1348  (cost=0.00..0.01 rows=1 width=32)
                           ->  Seq Scan on phoml_trajectory_tmp s_1348  (cost=0.00..95.68 rows=17 width=40)
                                 Filter: ((unix_time >= '1685451430.17'::double precision) AND (unix_time <= '1685451490.17'::double precision))
   ->  Subquery Scan on "*SELECT* 1350"  (cost=97.82..97.83 rows=1 width=76)
         ->  Limit  (cost=97.82..97.82 rows=1 width=84)
               ->  Sort  (cost=97.82..97.82 rows=1 width=84)
                     Sort Key: (st_distance(st_transform(s_1349.the_geom, 25833), schw_1349.schw))
                     ->  Nested Loop  (cost=0.00..97.81 rows=1 width=84)
                           Join Filter: ((st_transform(s_1349.the_geom, 25833) && st_expand(schw_1349.schw, '300'::double precision)) AND (schw_1349.schw && st_expand(st_transform(s_1349.the_geom, 25833), '300'::double precision)) AND _st_dwithin(st_transform(s_1349.the_geom, 25833), schw_1349.schw, '300'::double precision))
                           ->  Function Scan on schw_1349  (cost=0.00..0.01 rows=1 width=32)
                           ->  Seq Scan on phoml_trajectory_tmp s_1349  (cost=0.00..95.68 rows=17 width=40)
                                 Filter: ((unix_time >= '1685451430.51'::double precision) AND (unix_time <= '1685451490.51'::double precision))
   ->  Subquery Scan on "*SELECT* 1351"  (cost=97.82..97.83 rows=1 width=76)
         ->  Limit  (cost=97.82..97.82 rows=1 width=84)
               ->  Sort  (cost=97.82..97.82 rows=1 width=84)
                     Sort Key: (st_distance(st_transform(s_1350.the_geom, 25833), schw_1350.schw))
                     ->  Nested Loop  (cost=0.00..97.81 rows=1 width=84)
                           Join Filter: ((st_transform(s_1350.the_geom, 25833) && st_expand(schw_1350.schw, '300'::double precision)) AND (schw_1350.schw && st_expand(st_transform(s_1350.the_geom, 25833), '300'::double precision)) AND _st_dwithin(st_transform(s_1350.the_geom, 25833), schw_1350.schw, '300'::double precision))
                           ->  Function Scan on schw_1350  (cost=0.00..0.01 rows=1 width=32)
                           ->  Seq Scan on phoml_trajectory_tmp s_1350  (cost=0.00..95.68 rows=17 width=40)
                                 Filter: ((unix_time >= '1685451430.85'::double precision) AND (unix_time <= '1685451490.85'::double precision))
   ->  Subquery Scan on "*SELECT* 1352"  (cost=97.82..97.83 rows=1 width=76)
         ->  Limit  (cost=97.82..97.82 rows=1 width=84)
               ->  Sort  (cost=97.82..97.82 rows=1 width=84)
                     Sort Key: (st_distance(st_transform(s_1351.the_geom, 25833), schw_1351.schw))
                     ->  Nested Loop  (cost=0.00..97.81 rows=1 width=84)
                           Join Filter: ((st_transform(s_1351.the_geom, 25833) && st_expand(schw_1351.schw, '300'::double precision)) AND (schw_1351.schw && st_expand(st_transform(s_1351.the_geom, 25833), '300'::double precision)) AND _st_dwithin(st_transform(s_1351.the_geom, 25833), schw_1351.schw, '300'::double precision))
                           ->  Function Scan on schw_1351  (cost=0.00..0.01 rows=1 width=32)
                           ->  Seq Scan on phoml_trajectory_tmp s_1351  (cost=0.00..95.68 rows=17 width=40)
                                 Filter: ((unix_time >= '1685451431.194'::double precision) AND (unix_time <= '1685451491.194'::double precision))
   ->  Subquery Scan on "*SELECT* 1353"  (cost=97.82..97.83 rows=1 width=76)
         ->  Limit  (cost=97.82..97.82 rows=1 width=84)
               ->  Sort  (cost=97.82..97.82 rows=1 width=84)
                     Sort Key: (st_distance(st_transform(s_1352.the_geom, 25833), schw_1352.schw))
                     ->  Nested Loop  (cost=0.00..97.81 rows=1 width=84)
                           Join Filter: ((st_transform(s_1352.the_geom, 25833) && st_expand(schw_1352.schw, '300'::double precision)) AND (schw_1352.schw && st_expand(st_transform(s_1352.the_geom, 25833), '300'::double precision)) AND _st_dwithin(st_transform(s_1352.the_geom, 25833), schw_1352.schw, '300'::double precision))
                           ->  Function Scan on schw_1352  (cost=0.00..0.01 rows=1 width=32)
                           ->  Seq Scan on phoml_trajectory_tmp s_1352  (cost=0.00..95.68 rows=17 width=40)
                                 Filter: ((unix_time >= '1685451431.524'::double precision) AND (unix_time <= '1685451491.524'::double precision))
   ->  Subquery Scan on "*SELECT* 1354"  (cost=97.82..97.83 rows=1 width=76)
         ->  Limit  (cost=97.82..97.82 rows=1 width=84)
               ->  Sort  (cost=97.82..97.82 rows=1 width=84)
                     Sort Key: (st_distance(st_transform(s_1353.the_geom, 25833), schw_1353.schw))
                     ->  Nested Loop  (cost=0.00..97.81 rows=1 width=84)
                           Join Filter: ((st_transform(s_1353.the_geom, 25833) && st_expand(schw_1353.schw, '300'::double precision)) AND (schw_1353.schw && st_expand(st_transform(s_1353.the_geom, 25833), '300'::double precision)) AND _st_dwithin(st_transform(s_1353.the_geom, 25833), schw_1353.schw, '300'::double precision))
                           ->  Function Scan on schw_1353  (cost=0.00..0.01 rows=1 width=32)
                           ->  Seq Scan on phoml_trajectory_tmp s_1353  (cost=0.00..95.68 rows=17 width=40)
                                 Filter: ((unix_time >= '1685451431.874'::double precision) AND (unix_time <= '1685451491.874'::double precision))
   ->  Subquery Scan on "*SELECT* 1355"  (cost=97.82..97.83 rows=1 width=76)
         ->  Limit  (cost=97.82..97.82 rows=1 width=84)
               ->  Sort  (cost=97.82..97.82 rows=1 width=84)
                     Sort Key: (st_distance(st_transform(s_1354.the_geom, 25833), schw_1354.schw))
                     ->  Nested Loop  (cost=0.00..97.81 rows=1 width=84)
                           Join Filter: ((st_transform(s_1354.the_geom, 25833) && st_expand(schw_1354.schw, '300'::double precision)) AND (schw_1354.schw && st_expand(st_transform(s_1354.the_geom, 25833), '300'::double precision)) AND _st_dwithin(st_transform(s_1354.the_geom, 25833), schw_1354.schw, '300'::double precision))
                           ->  Function Scan on schw_1354  (cost=0.00..0.01 rows=1 width=32)
                           ->  Seq Scan on phoml_trajectory_tmp s_1354  (cost=0.00..95.68 rows=17 width=40)
                                 Filter: ((unix_time >= '1685451432.228'::double precision) AND (unix_time <= '1685451492.228'::double precision))
   ->  Subquery Scan on "*SELECT* 1356"  (cost=97.82..97.83 rows=1 width=76)
         ->  Limit  (cost=97.82..97.82 rows=1 width=84)
               ->  Sort  (cost=97.82..97.82 rows=1 width=84)
                     Sort Key: (st_distance(st_transform(s_1355.the_geom, 25833), schw_1355.schw))
                     ->  Nested Loop  (cost=0.00..97.81 rows=1 width=84)
                           Join Filter: ((st_transform(s_1355.the_geom, 25833) && st_expand(schw_1355.schw, '300'::double precision)) AND (schw_1355.schw && st_expand(st_transform(s_1355.the_geom, 25833), '300'::double precision)) AND _st_dwithin(st_transform(s_1355.the_geom, 25833), schw_1355.schw, '300'::double precision))
                           ->  Function Scan on schw_1355  (cost=0.00..0.01 rows=1 width=32)
                           ->  Seq Scan on phoml_trajectory_tmp s_1355  (cost=0.00..95.68 rows=17 width=40)
                                 Filter: ((unix_time >= '1685451432.569'::double precision) AND (unix_time <= '1685451492.569'::double precision))
   ->  Subquery Scan on "*SELECT* 1357"  (cost=97.82..97.83 rows=1 width=76)
         ->  Limit  (cost=97.82..97.82 rows=1 width=84)
               ->  Sort  (cost=97.82..97.82 rows=1 width=84)
                     Sort Key: (st_distance(st_transform(s_1356.the_geom, 25833), schw_1356.schw))
                     ->  Nested Loop  (cost=0.00..97.81 rows=1 width=84)
                           Join Filter: ((st_transform(s_1356.the_geom, 25833) && st_expand(schw_1356.schw, '300'::double precision)) AND (schw_1356.schw && st_expand(st_transform(s_1356.the_geom, 25833), '300'::double precision)) AND _st_dwithin(st_transform(s_1356.the_geom, 25833), schw_1356.schw, '300'::double precision))
                           ->  Function Scan on schw_1356  (cost=0.00..0.01 rows=1 width=32)
                           ->  Seq Scan on phoml_trajectory_tmp s_1356  (cost=0.00..95.68 rows=17 width=40)
                                 Filter: ((unix_time >= '1685451432.919'::double precision) AND (unix_time <= '1685451492.919'::double precision))
   ->  Subquery Scan on "*SELECT* 1358"  (cost=97.82..97.83 rows=1 width=76)
         ->  Limit  (cost=97.82..97.82 rows=1 width=84)
               ->  Sort  (cost=97.82..97.82 rows=1 width=84)
                     Sort Key: (st_distance(st_transform(s_1357.the_geom, 25833), schw_1357.schw))
                     ->  Nested Loop  (cost=0.00..97.81 rows=1 width=84)
                           Join Filter: ((st_transform(s_1357.the_geom, 25833) && st_expand(schw_1357.schw, '300'::double precision)) AND (schw_1357.schw && st_expand(st_transform(s_1357.the_geom, 25833), '300'::double precision)) AND _st_dwithin(st_transform(s_1357.the_geom, 25833), schw_1357.schw, '300'::double precision))
                           ->  Function Scan on schw_1357  (cost=0.00..0.01 rows=1 width=32)
                           ->  Seq Scan on phoml_trajectory_tmp s_1357  (cost=0.00..95.68 rows=17 width=40)
                                 Filter: ((unix_time >= '1685451433.263'::double precision) AND (unix_time <= '1685451493.263'::double precision))
   ->  Subquery Scan on "*SELECT* 1359"  (cost=97.82..97.83 rows=1 width=76)
         ->  Limit  (cost=97.82..97.82 rows=1 width=84)
               ->  Sort  (cost=97.82..97.82 rows=1 width=84)
                     Sort Key: (st_distance(st_transform(s_1358.the_geom, 25833), schw_1358.schw))
                     ->  Nested Loop  (cost=0.00..97.81 rows=1 width=84)
                           Join Filter: ((st_transform(s_1358.the_geom, 25833) && st_expand(schw_1358.schw, '300'::double precision)) AND (schw_1358.schw && st_expand(st_transform(s_1358.the_geom, 25833), '300'::double precision)) AND _st_dwithin(st_transform(s_1358.the_geom, 25833), schw_1358.schw, '300'::double precision))
                           ->  Function Scan on schw_1358  (cost=0.00..0.01 rows=1 width=32)
                           ->  Seq Scan on phoml_trajectory_tmp s_1358  (cost=0.00..95.68 rows=17 width=40)
                                 Filter: ((unix_time >= '1685451433.603'::double precision) AND (unix_time <= '1685451493.603'::double precision))
   ->  Subquery Scan on "*SELECT* 1360"  (cost=97.82..97.83 rows=1 width=76)
         ->  Limit  (cost=97.82..97.82 rows=1 width=84)
               ->  Sort  (cost=97.82..97.82 rows=1 width=84)
                     Sort Key: (st_distance(st_transform(s_1359.the_geom, 25833), schw_1359.schw))
                     ->  Nested Loop  (cost=0.00..97.81 rows=1 width=84)
                           Join Filter: ((st_transform(s_1359.the_geom, 25833) && st_expand(schw_1359.schw, '300'::double precision)) AND (schw_1359.schw && st_expand(st_transform(s_1359.the_geom, 25833), '300'::double precision)) AND _st_dwithin(st_transform(s_1359.the_geom, 25833), schw_1359.schw, '300'::double precision))
                           ->  Function Scan on schw_1359  (cost=0.00..0.01 rows=1 width=32)
                           ->  Seq Scan on phoml_trajectory_tmp s_1359  (cost=0.00..95.68 rows=17 width=40)
                                 Filter: ((unix_time >= '1685451433.943'::double precision) AND (unix_time <= '1685451493.943'::double precision))
   ->  Subquery Scan on "*SELECT* 1361"  (cost=97.82..97.83 rows=1 width=76)
         ->  Limit  (cost=97.82..97.82 rows=1 width=84)
               ->  Sort  (cost=97.82..97.82 rows=1 width=84)
                     Sort Key: (st_distance(st_transform(s_1360.the_geom, 25833), schw_1360.schw))
                     ->  Nested Loop  (cost=0.00..97.81 rows=1 width=84)
                           Join Filter: ((st_transform(s_1360.the_geom, 25833) && st_expand(schw_1360.schw, '300'::double precision)) AND (schw_1360.schw && st_expand(st_transform(s_1360.the_geom, 25833), '300'::double precision)) AND _st_dwithin(st_transform(s_1360.the_geom, 25833), schw_1360.schw, '300'::double precision))
                           ->  Function Scan on schw_1360  (cost=0.00..0.01 rows=1 width=32)
                           ->  Seq Scan on phoml_trajectory_tmp s_1360  (cost=0.00..95.68 rows=17 width=40)
                                 Filter: ((unix_time >= '1685451434.291'::double precision) AND (unix_time <= '1685451494.291'::double precision))
   ->  Subquery Scan on "*SELECT* 1362"  (cost=97.82..97.83 rows=1 width=76)
         ->  Limit  (cost=97.82..97.82 rows=1 width=84)
               ->  Sort  (cost=97.82..97.82 rows=1 width=84)
                     Sort Key: (st_distance(st_transform(s_1361.the_geom, 25833), schw_1361.schw))
                     ->  Nested Loop  (cost=0.00..97.81 rows=1 width=84)
                           Join Filter: ((st_transform(s_1361.the_geom, 25833) && st_expand(schw_1361.schw, '300'::double precision)) AND (schw_1361.schw && st_expand(st_transform(s_1361.the_geom, 25833), '300'::double precision)) AND _st_dwithin(st_transform(s_1361.the_geom, 25833), schw_1361.schw, '300'::double precision))
                           ->  Function Scan on schw_1361  (cost=0.00..0.01 rows=1 width=32)
                           ->  Seq Scan on phoml_trajectory_tmp s_1361  (cost=0.00..95.68 rows=17 width=40)
                                 Filter: ((unix_time >= '1685451434.621'::double precision) AND (unix_time <= '1685451494.621'::double precision))
   ->  Subquery Scan on "*SELECT* 1363"  (cost=97.82..97.83 rows=1 width=76)
         ->  Limit  (cost=97.82..97.82 rows=1 width=84)
               ->  Sort  (cost=97.82..97.82 rows=1 width=84)
                     Sort Key: (st_distance(st_transform(s_1362.the_geom, 25833), schw_1362.schw))
                     ->  Nested Loop  (cost=0.00..97.81 rows=1 width=84)
                           Join Filter: ((st_transform(s_1362.the_geom, 25833) && st_expand(schw_1362.schw, '300'::double precision)) AND (schw_1362.schw && st_expand(st_transform(s_1362.the_geom, 25833), '300'::double precision)) AND _st_dwithin(st_transform(s_1362.the_geom, 25833), schw_1362.schw, '300'::double precision))
                           ->  Function Scan on schw_1362  (cost=0.00..0.01 rows=1 width=32)
                           ->  Seq Scan on phoml_trajectory_tmp s_1362  (cost=0.00..95.68 rows=17 width=40)
                                 Filter: ((unix_time >= '1685451434.971'::double precision) AND (unix_time <= '1685451494.971'::double precision))
   ->  Subquery Scan on "*SELECT* 1364"  (cost=97.82..97.83 rows=1 width=76)
         ->  Limit  (cost=97.82..97.82 rows=1 width=84)
               ->  Sort  (cost=97.82..97.82 rows=1 width=84)
                     Sort Key: (st_distance(st_transform(s_1363.the_geom, 25833), schw_1363.schw))
                     ->  Nested Loop  (cost=0.00..97.81 rows=1 width=84)
                           Join Filter: ((st_transform(s_1363.the_geom, 25833) && st_expand(schw_1363.schw, '300'::double precision)) AND (schw_1363.schw && st_expand(st_transform(s_1363.the_geom, 25833), '300'::double precision)) AND _st_dwithin(st_transform(s_1363.the_geom, 25833), schw_1363.schw, '300'::double precision))
                           ->  Function Scan on schw_1363  (cost=0.00..0.01 rows=1 width=32)
                           ->  Seq Scan on phoml_trajectory_tmp s_1363  (cost=0.00..95.68 rows=17 width=40)
                                 Filter: ((unix_time >= '1685451435.315'::double precision) AND (unix_time <= '1685451495.315'::double precision))
   ->  Subquery Scan on "*SELECT* 1365"  (cost=97.82..97.83 rows=1 width=76)
         ->  Limit  (cost=97.82..97.82 rows=1 width=84)
               ->  Sort  (cost=97.82..97.82 rows=1 width=84)
                     Sort Key: (st_distance(st_transform(s_1364.the_geom, 25833), schw_1364.schw))
                     ->  Nested Loop  (cost=0.00..97.81 rows=1 width=84)
                           Join Filter: ((st_transform(s_1364.the_geom, 25833) && st_expand(schw_1364.schw, '300'::double precision)) AND (schw_1364.schw && st_expand(st_transform(s_1364.the_geom, 25833), '300'::double precision)) AND _st_dwithin(st_transform(s_1364.the_geom, 25833), schw_1364.schw, '300'::double precision))
                           ->  Function Scan on schw_1364  (cost=0.00..0.01 rows=1 width=32)
                           ->  Seq Scan on phoml_trajectory_tmp s_1364  (cost=0.00..95.68 rows=17 width=40)
                                 Filter: ((unix_time >= '1685451435.656'::double precision) AND (unix_time <= '1685451495.656'::double precision))
   ->  Subquery Scan on "*SELECT* 1366"  (cost=97.82..97.83 rows=1 width=76)
         ->  Limit  (cost=97.82..97.82 rows=1 width=84)
               ->  Sort  (cost=97.82..97.82 rows=1 width=84)
                     Sort Key: (st_distance(st_transform(s_1365.the_geom, 25833), schw_1365.schw))
                     ->  Nested Loop  (cost=0.00..97.81 rows=1 width=84)
                           Join Filter: ((st_transform(s_1365.the_geom, 25833) && st_expand(schw_1365.schw, '300'::double precision)) AND (schw_1365.schw && st_expand(st_transform(s_1365.the_geom, 25833), '300'::double precision)) AND _st_dwithin(st_transform(s_1365.the_geom, 25833), schw_1365.schw, '300'::double precision))
                           ->  Function Scan on schw_1365  (cost=0.00..0.01 rows=1 width=32)
                           ->  Seq Scan on phoml_trajectory_tmp s_1365  (cost=0.00..95.68 rows=17 width=40)
                                 Filter: ((unix_time >= '1685451435.996'::double precision) AND (unix_time <= '1685451495.996'::double precision))
   ->  Subquery Scan on "*SELECT* 1367"  (cost=97.82..97.83 rows=1 width=76)
         ->  Limit  (cost=97.82..97.82 rows=1 width=84)
               ->  Sort  (cost=97.82..97.82 rows=1 width=84)
                     Sort Key: (st_distance(st_transform(s_1366.the_geom, 25833), schw_1366.schw))
                     ->  Nested Loop  (cost=0.00..97.81 rows=1 width=84)
                           Join Filter: ((st_transform(s_1366.the_geom, 25833) && st_expand(schw_1366.schw, '300'::double precision)) AND (schw_1366.schw && st_expand(st_transform(s_1366.the_geom, 25833), '300'::double precision)) AND _st_dwithin(st_transform(s_1366.the_geom, 25833), schw_1366.schw, '300'::double precision))
                           ->  Function Scan on schw_1366  (cost=0.00..0.01 rows=1 width=32)
                           ->  Seq Scan on phoml_trajectory_tmp s_1366  (cost=0.00..95.68 rows=17 width=40)
                                 Filter: ((unix_time >= '1685451436.341'::double precision) AND (unix_time <= '1685451496.341'::double precision))
   ->  Subquery Scan on "*SELECT* 1368"  (cost=97.82..97.83 rows=1 width=76)
         ->  Limit  (cost=97.82..97.82 rows=1 width=84)
               ->  Sort  (cost=97.82..97.82 rows=1 width=84)
                     Sort Key: (st_distance(st_transform(s_1367.the_geom, 25833), schw_1367.schw))
                     ->  Nested Loop  (cost=0.00..97.81 rows=1 width=84)
                           Join Filter: ((st_transform(s_1367.the_geom, 25833) && st_expand(schw_1367.schw, '300'::double precision)) AND (schw_1367.schw && st_expand(st_transform(s_1367.the_geom, 25833), '300'::double precision)) AND _st_dwithin(st_transform(s_1367.the_geom, 25833), schw_1367.schw, '300'::double precision))
                           ->  Function Scan on schw_1367  (cost=0.00..0.01 rows=1 width=32)
                           ->  Seq Scan on phoml_trajectory_tmp s_1367  (cost=0.00..95.68 rows=17 width=40)
                                 Filter: ((unix_time >= '1685451436.681'::double precision) AND (unix_time <= '1685451496.681'::double precision))
   ->  Subquery Scan on "*SELECT* 1369"  (cost=97.82..97.83 rows=1 width=76)
         ->  Limit  (cost=97.82..97.82 rows=1 width=84)
               ->  Sort  (cost=97.82..97.82 rows=1 width=84)
                     Sort Key: (st_distance(st_transform(s_1368.the_geom, 25833), schw_1368.schw))
                     ->  Nested Loop  (cost=0.00..97.81 rows=1 width=84)
                           Join Filter: ((st_transform(s_1368.the_geom, 25833) && st_expand(schw_1368.schw, '300'::double precision)) AND (schw_1368.schw && st_expand(st_transform(s_1368.the_geom, 25833), '300'::double precision)) AND _st_dwithin(st_transform(s_1368.the_geom, 25833), schw_1368.schw, '300'::double precision))
                           ->  Function Scan on schw_1368  (cost=0.00..0.01 rows=1 width=32)
                           ->  Seq Scan on phoml_trajectory_tmp s_1368  (cost=0.00..95.68 rows=17 width=40)
                                 Filter: ((unix_time >= '1685451437.001'::double precision) AND (unix_time <= '1685451497.001'::double precision))
   ->  Subquery Scan on "*SELECT* 1370"  (cost=97.82..97.83 rows=1 width=76)
         ->  Limit  (cost=97.82..97.82 rows=1 width=84)
               ->  Sort  (cost=97.82..97.82 rows=1 width=84)
                     Sort Key: (st_distance(st_transform(s_1369.the_geom, 25833), schw_1369.schw))
                     ->  Nested Loop  (cost=0.00..97.81 rows=1 width=84)
                           Join Filter: ((st_transform(s_1369.the_geom, 25833) && st_expand(schw_1369.schw, '300'::double precision)) AND (schw_1369.schw && st_expand(st_transform(s_1369.the_geom, 25833), '300'::double precision)) AND _st_dwithin(st_transform(s_1369.the_geom, 25833), schw_1369.schw, '300'::double precision))
                           ->  Function Scan on schw_1369  (cost=0.00..0.01 rows=1 width=32)
                           ->  Seq Scan on phoml_trajectory_tmp s_1369  (cost=0.00..95.68 rows=17 width=40)
                                 Filter: ((unix_time >= '1685451437.355'::double precision) AND (unix_time <= '1685451497.355'::double precision))
   ->  Subquery Scan on "*SELECT* 1371"  (cost=97.82..97.83 rows=1 width=76)
         ->  Limit  (cost=97.82..97.82 rows=1 width=84)
               ->  Sort  (cost=97.82..97.82 rows=1 width=84)
                     Sort Key: (st_distance(st_transform(s_1370.the_geom, 25833), schw_1370.schw))
                     ->  Nested Loop  (cost=0.00..97.81 rows=1 width=84)
                           Join Filter: ((st_transform(s_1370.the_geom, 25833) && st_expand(schw_1370.schw, '300'::double precision)) AND (schw_1370.schw && st_expand(st_transform(s_1370.the_geom, 25833), '300'::double precision)) AND _st_dwithin(st_transform(s_1370.the_geom, 25833), schw_1370.schw, '300'::double precision))
                           ->  Function Scan on schw_1370  (cost=0.00..0.01 rows=1 width=32)
                           ->  Seq Scan on phoml_trajectory_tmp s_1370  (cost=0.00..95.68 rows=17 width=40)
                                 Filter: ((unix_time >= '1685451437.675'::double precision) AND (unix_time <= '1685451497.675'::double precision))
   ->  Subquery Scan on "*SELECT* 1372"  (cost=97.82..97.83 rows=1 width=76)
         ->  Limit  (cost=97.82..97.82 rows=1 width=84)
               ->  Sort  (cost=97.82..97.82 rows=1 width=84)
                     Sort Key: (st_distance(st_transform(s_1371.the_geom, 25833), schw_1371.schw))
                     ->  Nested Loop  (cost=0.00..97.81 rows=1 width=84)
                           Join Filter: ((st_transform(s_1371.the_geom, 25833) && st_expand(schw_1371.schw, '300'::double precision)) AND (schw_1371.schw && st_expand(st_transform(s_1371.the_geom, 25833), '300'::double precision)) AND _st_dwithin(st_transform(s_1371.the_geom, 25833), schw_1371.schw, '300'::double precision))
                           ->  Function Scan on schw_1371  (cost=0.00..0.01 rows=1 width=32)
                           ->  Seq Scan on phoml_trajectory_tmp s_1371  (cost=0.00..95.68 rows=17 width=40)
                                 Filter: ((unix_time >= '1685451438.025'::double precision) AND (unix_time <= '1685451498.025'::double precision))
   ->  Subquery Scan on "*SELECT* 1373"  (cost=97.82..97.83 rows=1 width=76)
         ->  Limit  (cost=97.82..97.82 rows=1 width=84)
               ->  Sort  (cost=97.82..97.82 rows=1 width=84)
                     Sort Key: (st_distance(st_transform(s_1372.the_geom, 25833), schw_1372.schw))
                     ->  Nested Loop  (cost=0.00..97.81 rows=1 width=84)
                           Join Filter: ((st_transform(s_1372.the_geom, 25833) && st_expand(schw_1372.schw, '300'::double precision)) AND (schw_1372.schw && st_expand(st_transform(s_1372.the_geom, 25833), '300'::double precision)) AND _st_dwithin(st_transform(s_1372.the_geom, 25833), schw_1372.schw, '300'::double precision))
                           ->  Function Scan on schw_1372  (cost=0.00..0.01 rows=1 width=32)
                           ->  Seq Scan on phoml_trajectory_tmp s_1372  (cost=0.00..95.68 rows=17 width=40)
                                 Filter: ((unix_time >= '1685451438.342'::double precision) AND (unix_time <= '1685451498.342'::double precision))
   ->  Subquery Scan on "*SELECT* 1374"  (cost=97.82..97.83 rows=1 width=76)
         ->  Limit  (cost=97.82..97.82 rows=1 width=84)
               ->  Sort  (cost=97.82..97.82 rows=1 width=84)
                     Sort Key: (st_distance(st_transform(s_1373.the_geom, 25833), schw_1373.schw))
                     ->  Nested Loop  (cost=0.00..97.81 rows=1 width=84)
                           Join Filter: ((st_transform(s_1373.the_geom, 25833) && st_expand(schw_1373.schw, '300'::double precision)) AND (schw_1373.schw && st_expand(st_transform(s_1373.the_geom, 25833), '300'::double precision)) AND _st_dwithin(st_transform(s_1373.the_geom, 25833), schw_1373.schw, '300'::double precision))
                           ->  Function Scan on schw_1373  (cost=0.00..0.01 rows=1 width=32)
                           ->  Seq Scan on phoml_trajectory_tmp s_1373  (cost=0.00..95.68 rows=17 width=40)
                                 Filter: ((unix_time >= '1685451438.682'::double precision) AND (unix_time <= '1685451498.682'::double precision))
   ->  Subquery Scan on "*SELECT* 1375"  (cost=97.82..97.83 rows=1 width=76)
         ->  Limit  (cost=97.82..97.82 rows=1 width=84)
               ->  Sort  (cost=97.82..97.82 rows=1 width=84)
                     Sort Key: (st_distance(st_transform(s_1374.the_geom, 25833), schw_1374.schw))
                     ->  Nested Loop  (cost=0.00..97.81 rows=1 width=84)
                           Join Filter: ((st_transform(s_1374.the_geom, 25833) && st_expand(schw_1374.schw, '300'::double precision)) AND (schw_1374.schw && st_expand(st_transform(s_1374.the_geom, 25833), '300'::double precision)) AND _st_dwithin(st_transform(s_1374.the_geom, 25833), schw_1374.schw, '300'::double precision))
                           ->  Function Scan on schw_1374  (cost=0.00..0.01 rows=1 width=32)
                           ->  Seq Scan on phoml_trajectory_tmp s_1374  (cost=0.00..95.68 rows=17 width=40)
                                 Filter: ((unix_time >= '1685451439.022'::double precision) AND (unix_time <= '1685451499.022'::double precision))
   ->  Subquery Scan on "*SELECT* 1376"  (cost=97.82..97.83 rows=1 width=76)
         ->  Limit  (cost=97.82..97.82 rows=1 width=84)
               ->  Sort  (cost=97.82..97.82 rows=1 width=84)
                     Sort Key: (st_distance(st_transform(s_1375.the_geom, 25833), schw_1375.schw))
                     ->  Nested Loop  (cost=0.00..97.81 rows=1 width=84)
                           Join Filter: ((st_transform(s_1375.the_geom, 25833) && st_expand(schw_1375.schw, '300'::double precision)) AND (schw_1375.schw && st_expand(st_transform(s_1375.the_geom, 25833), '300'::double precision)) AND _st_dwithin(st_transform(s_1375.the_geom, 25833), schw_1375.schw, '300'::double precision))
                           ->  Function Scan on schw_1375  (cost=0.00..0.01 rows=1 width=32)
                           ->  Seq Scan on phoml_trajectory_tmp s_1375  (cost=0.00..95.68 rows=17 width=40)
                                 Filter: ((unix_time >= '1685451439.357'::double precision) AND (unix_time <= '1685451499.357'::double precision))
   ->  Subquery Scan on "*SELECT* 1377"  (cost=97.82..97.83 rows=1 width=76)
         ->  Limit  (cost=97.82..97.82 rows=1 width=84)
               ->  Sort  (cost=97.82..97.82 rows=1 width=84)
                     Sort Key: (st_distance(st_transform(s_1376.the_geom, 25833), schw_1376.schw))
                     ->  Nested Loop  (cost=0.00..97.81 rows=1 width=84)
                           Join Filter: ((st_transform(s_1376.the_geom, 25833) && st_expand(schw_1376.schw, '300'::double precision)) AND (schw_1376.schw && st_expand(st_transform(s_1376.the_geom, 25833), '300'::double precision)) AND _st_dwithin(st_transform(s_1376.the_geom, 25833), schw_1376.schw, '300'::double precision))
                           ->  Function Scan on schw_1376  (cost=0.00..0.01 rows=1 width=32)
                           ->  Seq Scan on phoml_trajectory_tmp s_1376  (cost=0.00..95.68 rows=17 width=40)
                                 Filter: ((unix_time >= '1685451439.677'::double precision) AND (unix_time <= '1685451499.677'::double precision))
   ->  Subquery Scan on "*SELECT* 1378"  (cost=97.82..97.83 rows=1 width=76)
         ->  Limit  (cost=97.82..97.82 rows=1 width=84)
               ->  Sort  (cost=97.82..97.82 rows=1 width=84)
                     Sort Key: (st_distance(st_transform(s_1377.the_geom, 25833), schw_1377.schw))
                     ->  Nested Loop  (cost=0.00..97.81 rows=1 width=84)
                           Join Filter: ((st_transform(s_1377.the_geom, 25833) && st_expand(schw_1377.schw, '300'::double precision)) AND (schw_1377.schw && st_expand(st_transform(s_1377.the_geom, 25833), '300'::double precision)) AND _st_dwithin(st_transform(s_1377.the_geom, 25833), schw_1377.schw, '300'::double precision))
                           ->  Function Scan on schw_1377  (cost=0.00..0.01 rows=1 width=32)
                           ->  Seq Scan on phoml_trajectory_tmp s_1377  (cost=0.00..95.68 rows=17 width=40)
                                 Filter: ((unix_time >= '1685451440.017'::double precision) AND (unix_time <= '1685451500.017'::double precision))
   ->  Subquery Scan on "*SELECT* 1379"  (cost=97.82..97.83 rows=1 width=76)
         ->  Limit  (cost=97.82..97.82 rows=1 width=84)
               ->  Sort  (cost=97.82..97.82 rows=1 width=84)
                     Sort Key: (st_distance(st_transform(s_1378.the_geom, 25833), schw_1378.schw))
                     ->  Nested Loop  (cost=0.00..97.81 rows=1 width=84)
                           Join Filter: ((st_transform(s_1378.the_geom, 25833) && st_expand(schw_1378.schw, '300'::double precision)) AND (schw_1378.schw && st_expand(st_transform(s_1378.the_geom, 25833), '300'::double precision)) AND _st_dwithin(st_transform(s_1378.the_geom, 25833), schw_1378.schw, '300'::double precision))
                           ->  Function Scan on schw_1378  (cost=0.00..0.01 rows=1 width=32)
                           ->  Seq Scan on phoml_trajectory_tmp s_1378  (cost=0.00..95.68 rows=17 width=40)
                                 Filter: ((unix_time >= '1685451440.348'::double precision) AND (unix_time <= '1685451500.348'::double precision))
   ->  Subquery Scan on "*SELECT* 1380"  (cost=97.82..97.83 rows=1 width=76)
         ->  Limit  (cost=97.82..97.82 rows=1 width=84)
               ->  Sort  (cost=97.82..97.82 rows=1 width=84)
                     Sort Key: (st_distance(st_transform(s_1379.the_geom, 25833), schw_1379.schw))
                     ->  Nested Loop  (cost=0.00..97.81 rows=1 width=84)
                           Join Filter: ((st_transform(s_1379.the_geom, 25833) && st_expand(schw_1379.schw, '300'::double precision)) AND (schw_1379.schw && st_expand(st_transform(s_1379.the_geom, 25833), '300'::double precision)) AND _st_dwithin(st_transform(s_1379.the_geom, 25833), schw_1379.schw, '300'::double precision))
                           ->  Function Scan on schw_1379  (cost=0.00..0.01 rows=1 width=32)
                           ->  Seq Scan on phoml_trajectory_tmp s_1379  (cost=0.00..95.68 rows=17 width=40)
                                 Filter: ((unix_time >= '1685451440.668'::double precision) AND (unix_time <= '1685451500.668'::double precision))
   ->  Subquery Scan on "*SELECT* 1381"  (cost=97.82..97.83 rows=1 width=76)
         ->  Limit  (cost=97.82..97.82 rows=1 width=84)
               ->  Sort  (cost=97.82..97.82 rows=1 width=84)
                     Sort Key: (st_distance(st_transform(s_1380.the_geom, 25833), schw_1380.schw))
                     ->  Nested Loop  (cost=0.00..97.81 rows=1 width=84)
                           Join Filter: ((st_transform(s_1380.the_geom, 25833) && st_expand(schw_1380.schw, '300'::double precision)) AND (schw_1380.schw && st_expand(st_transform(s_1380.the_geom, 25833), '300'::double precision)) AND _st_dwithin(st_transform(s_1380.the_geom, 25833), schw_1380.schw, '300'::double precision))
                           ->  Function Scan on schw_1380  (cost=0.00..0.01 rows=1 width=32)
                           ->  Seq Scan on phoml_trajectory_tmp s_1380  (cost=0.00..95.68 rows=17 width=40)
                                 Filter: ((unix_time >= '1685451441.008'::double precision) AND (unix_time <= '1685451501.008'::double precision))
   ->  Subquery Scan on "*SELECT* 1382"  (cost=97.82..97.83 rows=1 width=76)
         ->  Limit  (cost=97.82..97.82 rows=1 width=84)
               ->  Sort  (cost=97.82..97.82 rows=1 width=84)
                     Sort Key: (st_distance(st_transform(s_1381.the_geom, 25833), schw_1381.schw))
                     ->  Nested Loop  (cost=0.00..97.81 rows=1 width=84)
                           Join Filter: ((st_transform(s_1381.the_geom, 25833) && st_expand(schw_1381.schw, '300'::double precision)) AND (schw_1381.schw && st_expand(st_transform(s_1381.the_geom, 25833), '300'::double precision)) AND _st_dwithin(st_transform(s_1381.the_geom, 25833), schw_1381.schw, '300'::double precision))
                           ->  Function Scan on schw_1381  (cost=0.00..0.01 rows=1 width=32)
                           ->  Seq Scan on phoml_trajectory_tmp s_1381  (cost=0.00..95.68 rows=17 width=40)
                                 Filter: ((unix_time >= '1685451441.331'::double precision) AND (unix_time <= '1685451501.331'::double precision))
   ->  Subquery Scan on "*SELECT* 1383"  (cost=97.82..97.83 rows=1 width=76)
         ->  Limit  (cost=97.82..97.82 rows=1 width=84)
               ->  Sort  (cost=97.82..97.82 rows=1 width=84)
                     Sort Key: (st_distance(st_transform(s_1382.the_geom, 25833), schw_1382.schw))
                     ->  Nested Loop  (cost=0.00..97.81 rows=1 width=84)
                           Join Filter: ((st_transform(s_1382.the_geom, 25833) && st_expand(schw_1382.schw, '300'::double precision)) AND (schw_1382.schw && st_expand(st_transform(s_1382.the_geom, 25833), '300'::double precision)) AND _st_dwithin(st_transform(s_1382.the_geom, 25833), schw_1382.schw, '300'::double precision))
                           ->  Function Scan on schw_1382  (cost=0.00..0.01 rows=1 width=32)
                           ->  Seq Scan on phoml_trajectory_tmp s_1382  (cost=0.00..95.68 rows=17 width=40)
                                 Filter: ((unix_time >= '1685451441.661'::double precision) AND (unix_time <= '1685451501.661'::double precision))
   ->  Subquery Scan on "*SELECT* 1384"  (cost=97.82..97.83 rows=1 width=76)
         ->  Limit  (cost=97.82..97.82 rows=1 width=84)
               ->  Sort  (cost=97.82..97.82 rows=1 width=84)
                     Sort Key: (st_distance(st_transform(s_1383.the_geom, 25833), schw_1383.schw))
                     ->  Nested Loop  (cost=0.00..97.81 rows=1 width=84)
                           Join Filter: ((st_transform(s_1383.the_geom, 25833) && st_expand(schw_1383.schw, '300'::double precision)) AND (schw_1383.schw && st_expand(st_transform(s_1383.the_geom, 25833), '300'::double precision)) AND _st_dwithin(st_transform(s_1383.the_geom, 25833), schw_1383.schw, '300'::double precision))
                           ->  Function Scan on schw_1383  (cost=0.00..0.01 rows=1 width=32)
                           ->  Seq Scan on phoml_trajectory_tmp s_1383  (cost=0.00..95.68 rows=17 width=40)
                                 Filter: ((unix_time >= '1685451441.991'::double precision) AND (unix_time <= '1685451501.991'::double precision))
   ->  Subquery Scan on "*SELECT* 1385"  (cost=97.82..97.83 rows=1 width=76)
         ->  Limit  (cost=97.82..97.82 rows=1 width=84)
               ->  Sort  (cost=97.82..97.82 rows=1 width=84)
                     Sort Key: (st_distance(st_transform(s_1384.the_geom, 25833), schw_1384.schw))
                     ->  Nested Loop  (cost=0.00..97.81 rows=1 width=84)
                           Join Filter: ((st_transform(s_1384.the_geom, 25833) && st_expand(schw_1384.schw, '300'::double precision)) AND (schw_1384.schw && st_expand(st_transform(s_1384.the_geom, 25833), '300'::double precision)) AND _st_dwithin(st_transform(s_1384.the_geom, 25833), schw_1384.schw, '300'::double precision))
                           ->  Function Scan on schw_1384  (cost=0.00..0.01 rows=1 width=32)
                           ->  Seq Scan on phoml_trajectory_tmp s_1384  (cost=0.00..95.68 rows=17 width=40)
                                 Filter: ((unix_time >= '1685451442.316'::double precision) AND (unix_time <= '1685451502.316'::double precision))
   ->  Subquery Scan on "*SELECT* 1386"  (cost=97.82..97.83 rows=1 width=76)
         ->  Limit  (cost=97.82..97.82 rows=1 width=84)
               ->  Sort  (cost=97.82..97.82 rows=1 width=84)
                     Sort Key: (st_distance(st_transform(s_1385.the_geom, 25833), schw_1385.schw))
                     ->  Nested Loop  (cost=0.00..97.81 rows=1 width=84)
                           Join Filter: ((st_transform(s_1385.the_geom, 25833) && st_expand(schw_1385.schw, '300'::double precision)) AND (schw_1385.schw && st_expand(st_transform(s_1385.the_geom, 25833), '300'::double precision)) AND _st_dwithin(st_transform(s_1385.the_geom, 25833), schw_1385.schw, '300'::double precision))
                           ->  Function Scan on schw_1385  (cost=0.00..0.01 rows=1 width=32)
                           ->  Seq Scan on phoml_trajectory_tmp s_1385  (cost=0.00..95.68 rows=17 width=40)
                                 Filter: ((unix_time >= '1685451442.646'::double precision) AND (unix_time <= '1685451502.646'::double precision))
   ->  Subquery Scan on "*SELECT* 1387"  (cost=97.82..97.83 rows=1 width=76)
         ->  Limit  (cost=97.82..97.82 rows=1 width=84)
               ->  Sort  (cost=97.82..97.82 rows=1 width=84)
                     Sort Key: (st_distance(st_transform(s_1386.the_geom, 25833), schw_1386.schw))
                     ->  Nested Loop  (cost=0.00..97.81 rows=1 width=84)
                           Join Filter: ((st_transform(s_1386.the_geom, 25833) && st_expand(schw_1386.schw, '300'::double precision)) AND (schw_1386.schw && st_expand(st_transform(s_1386.the_geom, 25833), '300'::double precision)) AND _st_dwithin(st_transform(s_1386.the_geom, 25833), schw_1386.schw, '300'::double precision))
                           ->  Function Scan on schw_1386  (cost=0.00..0.01 rows=1 width=32)
                           ->  Seq Scan on phoml_trajectory_tmp s_1386  (cost=0.00..95.68 rows=17 width=40)
                                 Filter: ((unix_time >= '1685451442.976'::double precision) AND (unix_time <= '1685451502.976'::double precision))
   ->  Subquery Scan on "*SELECT* 1388"  (cost=97.82..97.83 rows=1 width=76)
         ->  Limit  (cost=97.82..97.82 rows=1 width=84)
               ->  Sort  (cost=97.82..97.82 rows=1 width=84)
                     Sort Key: (st_distance(st_transform(s_1387.the_geom, 25833), schw_1387.schw))
                     ->  Nested Loop  (cost=0.00..97.81 rows=1 width=84)
                           Join Filter: ((st_transform(s_1387.the_geom, 25833) && st_expand(schw_1387.schw, '300'::double precision)) AND (schw_1387.schw && st_expand(st_transform(s_1387.the_geom, 25833), '300'::double precision)) AND _st_dwithin(st_transform(s_1387.the_geom, 25833), schw_1387.schw, '300'::double precision))
                           ->  Function Scan on schw_1387  (cost=0.00..0.01 rows=1 width=32)
                           ->  Seq Scan on phoml_trajectory_tmp s_1387  (cost=0.00..95.68 rows=17 width=40)
                                 Filter: ((unix_time >= '1685451443.31'::double precision) AND (unix_time <= '1685451503.31'::double precision))
   ->  Subquery Scan on "*SELECT* 1389"  (cost=97.82..97.83 rows=1 width=76)
         ->  Limit  (cost=97.82..97.82 rows=1 width=84)
               ->  Sort  (cost=97.82..97.82 rows=1 width=84)
                     Sort Key: (st_distance(st_transform(s_1388.the_geom, 25833), schw_1388.schw))
                     ->  Nested Loop  (cost=0.00..97.81 rows=1 width=84)
                           Join Filter: ((st_transform(s_1388.the_geom, 25833) && st_expand(schw_1388.schw, '300'::double precision)) AND (schw_1388.schw && st_expand(st_transform(s_1388.the_geom, 25833), '300'::double precision)) AND _st_dwithin(st_transform(s_1388.the_geom, 25833), schw_1388.schw, '300'::double precision))
                           ->  Function Scan on schw_1388  (cost=0.00..0.01 rows=1 width=32)
                           ->  Seq Scan on phoml_trajectory_tmp s_1388  (cost=0.00..95.68 rows=17 width=40)
                                 Filter: ((unix_time >= '1685451443.64'::double precision) AND (unix_time <= '1685451503.64'::double precision))
   ->  Subquery Scan on "*SELECT* 1390"  (cost=97.82..97.83 rows=1 width=76)
         ->  Limit  (cost=97.82..97.82 rows=1 width=84)
               ->  Sort  (cost=97.82..97.82 rows=1 width=84)
                     Sort Key: (st_distance(st_transform(s_1389.the_geom, 25833), schw_1389.schw))
                     ->  Nested Loop  (cost=0.00..97.81 rows=1 width=84)
                           Join Filter: ((st_transform(s_1389.the_geom, 25833) && st_expand(schw_1389.schw, '300'::double precision)) AND (schw_1389.schw && st_expand(st_transform(s_1389.the_geom, 25833), '300'::double precision)) AND _st_dwithin(st_transform(s_1389.the_geom, 25833), schw_1389.schw, '300'::double precision))
                           ->  Function Scan on schw_1389  (cost=0.00..0.01 rows=1 width=32)
                           ->  Seq Scan on phoml_trajectory_tmp s_1389  (cost=0.00..95.68 rows=17 width=40)
                                 Filter: ((unix_time >= '1685451443.97'::double precision) AND (unix_time <= '1685451503.97'::double precision))
   ->  Subquery Scan on "*SELECT* 1391"  (cost=97.82..97.83 rows=1 width=76)
         ->  Limit  (cost=97.82..97.82 rows=1 width=84)
               ->  Sort  (cost=97.82..97.82 rows=1 width=84)
                     Sort Key: (st_distance(st_transform(s_1390.the_geom, 25833), schw_1390.schw))
                     ->  Nested Loop  (cost=0.00..97.81 rows=1 width=84)
                           Join Filter: ((st_transform(s_1390.the_geom, 25833) && st_expand(schw_1390.schw, '300'::double precision)) AND (schw_1390.schw && st_expand(st_transform(s_1390.the_geom, 25833), '300'::double precision)) AND _st_dwithin(st_transform(s_1390.the_geom, 25833), schw_1390.schw, '300'::double precision))
                           ->  Function Scan on schw_1390  (cost=0.00..0.01 rows=1 width=32)
                           ->  Seq Scan on phoml_trajectory_tmp s_1390  (cost=0.00..95.68 rows=17 width=40)
                                 Filter: ((unix_time >= '1685451444.301'::double precision) AND (unix_time <= '1685451504.301'::double precision))
   ->  Subquery Scan on "*SELECT* 1392"  (cost=97.82..97.83 rows=1 width=76)
         ->  Limit  (cost=97.82..97.82 rows=1 width=84)
               ->  Sort  (cost=97.82..97.82 rows=1 width=84)
                     Sort Key: (st_distance(st_transform(s_1391.the_geom, 25833), schw_1391.schw))
                     ->  Nested Loop  (cost=0.00..97.81 rows=1 width=84)
                           Join Filter: ((st_transform(s_1391.the_geom, 25833) && st_expand(schw_1391.schw, '300'::double precision)) AND (schw_1391.schw && st_expand(st_transform(s_1391.the_geom, 25833), '300'::double precision)) AND _st_dwithin(st_transform(s_1391.the_geom, 25833), schw_1391.schw, '300'::double precision))
                           ->  Function Scan on schw_1391  (cost=0.00..0.01 rows=1 width=32)
                           ->  Seq Scan on phoml_trajectory_tmp s_1391  (cost=0.00..95.68 rows=17 width=40)
                                 Filter: ((unix_time >= '1685451444.621'::double precision) AND (unix_time <= '1685451504.621'::double precision))
   ->  Subquery Scan on "*SELECT* 1393"  (cost=97.82..97.83 rows=1 width=76)
         ->  Limit  (cost=97.82..97.82 rows=1 width=84)
               ->  Sort  (cost=97.82..97.82 rows=1 width=84)
                     Sort Key: (st_distance(st_transform(s_1392.the_geom, 25833), schw_1392.schw))
                     ->  Nested Loop  (cost=0.00..97.81 rows=1 width=84)
                           Join Filter: ((st_transform(s_1392.the_geom, 25833) && st_expand(schw_1392.schw, '300'::double precision)) AND (schw_1392.schw && st_expand(st_transform(s_1392.the_geom, 25833), '300'::double precision)) AND _st_dwithin(st_transform(s_1392.the_geom, 25833), schw_1392.schw, '300'::double precision))
                           ->  Function Scan on schw_1392  (cost=0.00..0.01 rows=1 width=32)
                           ->  Seq Scan on phoml_trajectory_tmp s_1392  (cost=0.00..95.68 rows=17 width=40)
                                 Filter: ((unix_time >= '1685451444.961'::double precision) AND (unix_time <= '1685451504.961'::double precision))
   ->  Subquery Scan on "*SELECT* 1394"  (cost=97.82..97.83 rows=1 width=76)
         ->  Limit  (cost=97.82..97.82 rows=1 width=84)
               ->  Sort  (cost=97.82..97.82 rows=1 width=84)
                     Sort Key: (st_distance(st_transform(s_1393.the_geom, 25833), schw_1393.schw))
                     ->  Nested Loop  (cost=0.00..97.81 rows=1 width=84)
                           Join Filter: ((st_transform(s_1393.the_geom, 25833) && st_expand(schw_1393.schw, '300'::double precision)) AND (schw_1393.schw && st_expand(st_transform(s_1393.the_geom, 25833), '300'::double precision)) AND _st_dwithin(st_transform(s_1393.the_geom, 25833), schw_1393.schw, '300'::double precision))
                           ->  Function Scan on schw_1393  (cost=0.00..0.01 rows=1 width=32)
                           ->  Seq Scan on phoml_trajectory_tmp s_1393  (cost=0.00..95.68 rows=17 width=40)
                                 Filter: ((unix_time >= '1685451445.286'::double precision) AND (unix_time <= '1685451505.286'::double precision))
   ->  Subquery Scan on "*SELECT* 1395"  (cost=97.82..97.83 rows=1 width=76)
         ->  Limit  (cost=97.82..97.82 rows=1 width=84)
               ->  Sort  (cost=97.82..97.82 rows=1 width=84)
                     Sort Key: (st_distance(st_transform(s_1394.the_geom, 25833), schw_1394.schw))
                     ->  Nested Loop  (cost=0.00..97.81 rows=1 width=84)
                           Join Filter: ((st_transform(s_1394.the_geom, 25833) && st_expand(schw_1394.schw, '300'::double precision)) AND (schw_1394.schw && st_expand(st_transform(s_1394.the_geom, 25833), '300'::double precision)) AND _st_dwithin(st_transform(s_1394.the_geom, 25833), schw_1394.schw, '300'::double precision))
                           ->  Function Scan on schw_1394  (cost=0.00..0.01 rows=1 width=32)
                           ->  Seq Scan on phoml_trajectory_tmp s_1394  (cost=0.00..95.68 rows=17 width=40)
                                 Filter: ((unix_time >= '1685451445.636'::double precision) AND (unix_time <= '1685451505.636'::double precision))
   ->  Subquery Scan on "*SELECT* 1396"  (cost=97.82..97.83 rows=1 width=76)
         ->  Limit  (cost=97.82..97.82 rows=1 width=84)
               ->  Sort  (cost=97.82..97.82 rows=1 width=84)
                     Sort Key: (st_distance(st_transform(s_1395.the_geom, 25833), schw_1395.schw))
                     ->  Nested Loop  (cost=0.00..97.81 rows=1 width=84)
                           Join Filter: ((st_transform(s_1395.the_geom, 25833) && st_expand(schw_1395.schw, '300'::double precision)) AND (schw_1395.schw && st_expand(st_transform(s_1395.the_geom, 25833), '300'::double precision)) AND _st_dwithin(st_transform(s_1395.the_geom, 25833), schw_1395.schw, '300'::double precision))
                           ->  Function Scan on schw_1395  (cost=0.00..0.01 rows=1 width=32)
                           ->  Seq Scan on phoml_trajectory_tmp s_1395  (cost=0.00..95.68 rows=17 width=40)
                                 Filter: ((unix_time >= '1685451445.976'::double precision) AND (unix_time <= '1685451505.976'::double precision))
   ->  Subquery Scan on "*SELECT* 1397"  (cost=97.82..97.83 rows=1 width=76)
         ->  Limit  (cost=97.82..97.82 rows=1 width=84)
               ->  Sort  (cost=97.82..97.82 rows=1 width=84)
                     Sort Key: (st_distance(st_transform(s_1396.the_geom, 25833), schw_1396.schw))
                     ->  Nested Loop  (cost=0.00..97.81 rows=1 width=84)
                           Join Filter: ((st_transform(s_1396.the_geom, 25833) && st_expand(schw_1396.schw, '300'::double precision)) AND (schw_1396.schw && st_expand(st_transform(s_1396.the_geom, 25833), '300'::double precision)) AND _st_dwithin(st_transform(s_1396.the_geom, 25833), schw_1396.schw, '300'::double precision))
                           ->  Function Scan on schw_1396  (cost=0.00..0.01 rows=1 width=32)
                           ->  Seq Scan on phoml_trajectory_tmp s_1396  (cost=0.00..95.68 rows=17 width=40)
                                 Filter: ((unix_time >= '1685451446.317'::double precision) AND (unix_time <= '1685451506.317'::double precision))
   ->  Subquery Scan on "*SELECT* 1398"  (cost=97.82..97.83 rows=1 width=76)
         ->  Limit  (cost=97.82..97.82 rows=1 width=84)
               ->  Sort  (cost=97.82..97.82 rows=1 width=84)
                     Sort Key: (st_distance(st_transform(s_1397.the_geom, 25833), schw_1397.schw))
                     ->  Nested Loop  (cost=0.00..97.81 rows=1 width=84)
                           Join Filter: ((st_transform(s_1397.the_geom, 25833) && st_expand(schw_1397.schw, '300'::double precision)) AND (schw_1397.schw && st_expand(st_transform(s_1397.the_geom, 25833), '300'::double precision)) AND _st_dwithin(st_transform(s_1397.the_geom, 25833), schw_1397.schw, '300'::double precision))
                           ->  Function Scan on schw_1397  (cost=0.00..0.01 rows=1 width=32)
                           ->  Seq Scan on phoml_trajectory_tmp s_1397  (cost=0.00..95.68 rows=17 width=40)
                                 Filter: ((unix_time >= '1685451446.647'::double precision) AND (unix_time <= '1685451506.647'::double precision))
   ->  Subquery Scan on "*SELECT* 1399"  (cost=97.82..97.83 rows=1 width=76)
         ->  Limit  (cost=97.82..97.82 rows=1 width=84)
               ->  Sort  (cost=97.82..97.82 rows=1 width=84)
                     Sort Key: (st_distance(st_transform(s_1398.the_geom, 25833), schw_1398.schw))
                     ->  Nested Loop  (cost=0.00..97.81 rows=1 width=84)
                           Join Filter: ((st_transform(s_1398.the_geom, 25833) && st_expand(schw_1398.schw, '300'::double precision)) AND (schw_1398.schw && st_expand(st_transform(s_1398.the_geom, 25833), '300'::double precision)) AND _st_dwithin(st_transform(s_1398.the_geom, 25833), schw_1398.schw, '300'::double precision))
                           ->  Function Scan on schw_1398  (cost=0.00..0.01 rows=1 width=32)
                           ->  Seq Scan on phoml_trajectory_tmp s_1398  (cost=0.00..95.68 rows=17 width=40)
                                 Filter: ((unix_time >= '1685451446.997'::double precision) AND (unix_time <= '1685451506.997'::double precision))
   ->  Subquery Scan on "*SELECT* 1400"  (cost=97.82..97.83 rows=1 width=76)
         ->  Limit  (cost=97.82..97.82 rows=1 width=84)
               ->  Sort  (cost=97.82..97.82 rows=1 width=84)
                     Sort Key: (st_distance(st_transform(s_1399.the_geom, 25833), schw_1399.schw))
                     ->  Nested Loop  (cost=0.00..97.81 rows=1 width=84)
                           Join Filter: ((st_transform(s_1399.the_geom, 25833) && st_expand(schw_1399.schw, '300'::double precision)) AND (schw_1399.schw && st_expand(st_transform(s_1399.the_geom, 25833), '300'::double precision)) AND _st_dwithin(st_transform(s_1399.the_geom, 25833), schw_1399.schw, '300'::double precision))
                           ->  Function Scan on schw_1399  (cost=0.00..0.01 rows=1 width=32)
                           ->  Seq Scan on phoml_trajectory_tmp s_1399  (cost=0.00..95.68 rows=17 width=40)
                                 Filter: ((unix_time >= '1685451447.331'::double precision) AND (unix_time <= '1685451507.331'::double precision))
   ->  Subquery Scan on "*SELECT* 1401"  (cost=97.82..97.83 rows=1 width=76)
         ->  Limit  (cost=97.82..97.82 rows=1 width=84)
               ->  Sort  (cost=97.82..97.82 rows=1 width=84)
                     Sort Key: (st_distance(st_transform(s_1400.the_geom, 25833), schw_1400.schw))
                     ->  Nested Loop  (cost=0.00..97.81 rows=1 width=84)
                           Join Filter: ((st_transform(s_1400.the_geom, 25833) && st_expand(schw_1400.schw, '300'::double precision)) AND (schw_1400.schw && st_expand(st_transform(s_1400.the_geom, 25833), '300'::double precision)) AND _st_dwithin(st_transform(s_1400.the_geom, 25833), schw_1400.schw, '300'::double precision))
                           ->  Function Scan on schw_1400  (cost=0.00..0.01 rows=1 width=32)
                           ->  Seq Scan on phoml_trajectory_tmp s_1400  (cost=0.00..95.68 rows=17 width=40)
                                 Filter: ((unix_time >= '1685451447.671'::double precision) AND (unix_time <= '1685451507.671'::double precision))
   ->  Subquery Scan on "*SELECT* 1402"  (cost=97.82..97.83 rows=1 width=76)
         ->  Limit  (cost=97.82..97.82 rows=1 width=84)
               ->  Sort  (cost=97.82..97.82 rows=1 width=84)
                     Sort Key: (st_distance(st_transform(s_1401.the_geom, 25833), schw_1401.schw))
                     ->  Nested Loop  (cost=0.00..97.81 rows=1 width=84)
                           Join Filter: ((st_transform(s_1401.the_geom, 25833) && st_expand(schw_1401.schw, '300'::double precision)) AND (schw_1401.schw && st_expand(st_transform(s_1401.the_geom, 25833), '300'::double precision)) AND _st_dwithin(st_transform(s_1401.the_geom, 25833), schw_1401.schw, '300'::double precision))
                           ->  Function Scan on schw_1401  (cost=0.00..0.01 rows=1 width=32)
                           ->  Seq Scan on phoml_trajectory_tmp s_1401  (cost=0.00..95.68 rows=17 width=40)
                                 Filter: ((unix_time >= '1685451448.021'::double precision) AND (unix_time <= '1685451508.021'::double precision))
   ->  Subquery Scan on "*SELECT* 1403"  (cost=97.82..97.83 rows=1 width=76)
         ->  Limit  (cost=97.82..97.82 rows=1 width=84)
               ->  Sort  (cost=97.82..97.82 rows=1 width=84)
                     Sort Key: (st_distance(st_transform(s_1402.the_geom, 25833), schw_1402.schw))
                     ->  Nested Loop  (cost=0.00..97.81 rows=1 width=84)
                           Join Filter: ((st_transform(s_1402.the_geom, 25833) && st_expand(schw_1402.schw, '300'::double precision)) AND (schw_1402.schw && st_expand(st_transform(s_1402.the_geom, 25833), '300'::double precision)) AND _st_dwithin(st_transform(s_1402.the_geom, 25833), schw_1402.schw, '300'::double precision))
                           ->  Function Scan on schw_1402  (cost=0.00..0.01 rows=1 width=32)
                           ->  Seq Scan on phoml_trajectory_tmp s_1402  (cost=0.00..95.68 rows=17 width=40)
                                 Filter: ((unix_time >= '1685451448.357'::double precision) AND (unix_time <= '1685451508.357'::double precision))
   ->  Subquery Scan on "*SELECT* 1404"  (cost=97.82..97.83 rows=1 width=76)
         ->  Limit  (cost=97.82..97.82 rows=1 width=84)
               ->  Sort  (cost=97.82..97.82 rows=1 width=84)
                     Sort Key: (st_distance(st_transform(s_1403.the_geom, 25833), schw_1403.schw))
                     ->  Nested Loop  (cost=0.00..97.81 rows=1 width=84)
                           Join Filter: ((st_transform(s_1403.the_geom, 25833) && st_expand(schw_1403.schw, '300'::double precision)) AND (schw_1403.schw && st_expand(st_transform(s_1403.the_geom, 25833), '300'::double precision)) AND _st_dwithin(st_transform(s_1403.the_geom, 25833), schw_1403.schw, '300'::double precision))
                           ->  Function Scan on schw_1403  (cost=0.00..0.01 rows=1 width=32)
                           ->  Seq Scan on phoml_trajectory_tmp s_1403  (cost=0.00..95.68 rows=17 width=40)
                                 Filter: ((unix_time >= '1685451448.697'::double precision) AND (unix_time <= '1685451508.697'::double precision))
   ->  Subquery Scan on "*SELECT* 1405"  (cost=97.82..97.83 rows=1 width=76)
         ->  Limit  (cost=97.82..97.82 rows=1 width=84)
               ->  Sort  (cost=97.82..97.82 rows=1 width=84)
                     Sort Key: (st_distance(st_transform(s_1404.the_geom, 25833), schw_1404.schw))
                     ->  Nested Loop  (cost=0.00..97.81 rows=1 width=84)
                           Join Filter: ((st_transform(s_1404.the_geom, 25833) && st_expand(schw_1404.schw, '300'::double precision)) AND (schw_1404.schw && st_expand(st_transform(s_1404.the_geom, 25833), '300'::double precision)) AND _st_dwithin(st_transform(s_1404.the_geom, 25833), schw_1404.schw, '300'::double precision))
                           ->  Function Scan on schw_1404  (cost=0.00..0.01 rows=1 width=32)
                           ->  Seq Scan on phoml_trajectory_tmp s_1404  (cost=0.00..95.68 rows=17 width=40)
                                 Filter: ((unix_time >= '1685451449.037'::double precision) AND (unix_time <= '1685451509.037'::double precision))
   ->  Subquery Scan on "*SELECT* 1406"  (cost=97.82..97.83 rows=1 width=76)
         ->  Limit  (cost=97.82..97.82 rows=1 width=84)
               ->  Sort  (cost=97.82..97.82 rows=1 width=84)
                     Sort Key: (st_distance(st_transform(s_1405.the_geom, 25833), schw_1405.schw))
                     ->  Nested Loop  (cost=0.00..97.81 rows=1 width=84)
                           Join Filter: ((st_transform(s_1405.the_geom, 25833) && st_expand(schw_1405.schw, '300'::double precision)) AND (schw_1405.schw && st_expand(st_transform(s_1405.the_geom, 25833), '300'::double precision)) AND _st_dwithin(st_transform(s_1405.the_geom, 25833), schw_1405.schw, '300'::double precision))
                           ->  Function Scan on schw_1405  (cost=0.00..0.01 rows=1 width=32)
                           ->  Seq Scan on phoml_trajectory_tmp s_1405  (cost=0.00..95.68 rows=17 width=40)
                                 Filter: ((unix_time >= '1685451449.385'::double precision) AND (unix_time <= '1685451509.385'::double precision))
   ->  Subquery Scan on "*SELECT* 1407"  (cost=97.82..97.83 rows=1 width=76)
         ->  Limit  (cost=97.82..97.82 rows=1 width=84)
               ->  Sort  (cost=97.82..97.82 rows=1 width=84)
                     Sort Key: (st_distance(st_transform(s_1406.the_geom, 25833), schw_1406.schw))
                     ->  Nested Loop  (cost=0.00..97.81 rows=1 width=84)
                           Join Filter: ((st_transform(s_1406.the_geom, 25833) && st_expand(schw_1406.schw, '300'::double precision)) AND (schw_1406.schw && st_expand(st_transform(s_1406.the_geom, 25833), '300'::double precision)) AND _st_dwithin(st_transform(s_1406.the_geom, 25833), schw_1406.schw, '300'::double precision))
                           ->  Function Scan on schw_1406  (cost=0.00..0.01 rows=1 width=32)
                           ->  Seq Scan on phoml_trajectory_tmp s_1406  (cost=0.00..95.68 rows=17 width=40)
                                 Filter: ((unix_time >= '1685451449.725'::double precision) AND (unix_time <= '1685451509.725'::double precision))
   ->  Subquery Scan on "*SELECT* 1408"  (cost=97.82..97.83 rows=1 width=76)
         ->  Limit  (cost=97.82..97.82 rows=1 width=84)
               ->  Sort  (cost=97.82..97.82 rows=1 width=84)
                     Sort Key: (st_distance(st_transform(s_1407.the_geom, 25833), schw_1407.schw))
                     ->  Nested Loop  (cost=0.00..97.81 rows=1 width=84)
                           Join Filter: ((st_transform(s_1407.the_geom, 25833) && st_expand(schw_1407.schw, '300'::double precision)) AND (schw_1407.schw && st_expand(st_transform(s_1407.the_geom, 25833), '300'::double precision)) AND _st_dwithin(st_transform(s_1407.the_geom, 25833), schw_1407.schw, '300'::double precision))
                           ->  Function Scan on schw_1407  (cost=0.00..0.01 rows=1 width=32)
                           ->  Seq Scan on phoml_trajectory_tmp s_1407  (cost=0.00..95.68 rows=17 width=40)
                                 Filter: ((unix_time >= '1685451450.065'::double precision) AND (unix_time <= '1685451510.065'::double precision))
   ->  Subquery Scan on "*SELECT* 1409"  (cost=97.82..97.83 rows=1 width=76)
         ->  Limit  (cost=97.82..97.82 rows=1 width=84)
               ->  Sort  (cost=97.82..97.82 rows=1 width=84)
                     Sort Key: (st_distance(st_transform(s_1408.the_geom, 25833), schw_1408.schw))
                     ->  Nested Loop  (cost=0.00..97.81 rows=1 width=84)
                           Join Filter: ((st_transform(s_1408.the_geom, 25833) && st_expand(schw_1408.schw, '300'::double precision)) AND (schw_1408.schw && st_expand(st_transform(s_1408.the_geom, 25833), '300'::double precision)) AND _st_dwithin(st_transform(s_1408.the_geom, 25833), schw_1408.schw, '300'::double precision))
                           ->  Function Scan on schw_1408  (cost=0.00..0.01 rows=1 width=32)
                           ->  Seq Scan on phoml_trajectory_tmp s_1408  (cost=0.00..95.68 rows=17 width=40)
                                 Filter: ((unix_time >= '1685451450.389'::double precision) AND (unix_time <= '1685451510.389'::double precision))
   ->  Subquery Scan on "*SELECT* 1410"  (cost=97.82..97.83 rows=1 width=76)
         ->  Limit  (cost=97.82..97.82 rows=1 width=84)
               ->  Sort  (cost=97.82..97.82 rows=1 width=84)
                     Sort Key: (st_distance(st_transform(s_1409.the_geom, 25833), schw_1409.schw))
                     ->  Nested Loop  (cost=0.00..97.81 rows=1 width=84)
                           Join Filter: ((st_transform(s_1409.the_geom, 25833) && st_expand(schw_1409.schw, '300'::double precision)) AND (schw_1409.schw && st_expand(st_transform(s_1409.the_geom, 25833), '300'::double precision)) AND _st_dwithin(st_transform(s_1409.the_geom, 25833), schw_1409.schw, '300'::double precision))
                           ->  Function Scan on schw_1409  (cost=0.00..0.01 rows=1 width=32)
                           ->  Seq Scan on phoml_trajectory_tmp s_1409  (cost=0.00..95.68 rows=17 width=40)
                                 Filter: ((unix_time >= '1685451450.729'::double precision) AND (unix_time <= '1685451510.729'::double precision))
   ->  Subquery Scan on "*SELECT* 1411"  (cost=97.82..97.83 rows=1 width=76)
         ->  Limit  (cost=97.82..97.82 rows=1 width=84)
               ->  Sort  (cost=97.82..97.82 rows=1 width=84)
                     Sort Key: (st_distance(st_transform(s_1410.the_geom, 25833), schw_1410.schw))
                     ->  Nested Loop  (cost=0.00..97.81 rows=1 width=84)
                           Join Filter: ((st_transform(s_1410.the_geom, 25833) && st_expand(schw_1410.schw, '300'::double precision)) AND (schw_1410.schw && st_expand(st_transform(s_1410.the_geom, 25833), '300'::double precision)) AND _st_dwithin(st_transform(s_1410.the_geom, 25833), schw_1410.schw, '300'::double precision))
                           ->  Function Scan on schw_1410  (cost=0.00..0.01 rows=1 width=32)
                           ->  Seq Scan on phoml_trajectory_tmp s_1410  (cost=0.00..95.68 rows=17 width=40)
                                 Filter: ((unix_time >= '1685451451.089'::double precision) AND (unix_time <= '1685451511.089'::double precision))
   ->  Subquery Scan on "*SELECT* 1412"  (cost=97.82..97.83 rows=1 width=76)
         ->  Limit  (cost=97.82..97.82 rows=1 width=84)
               ->  Sort  (cost=97.82..97.82 rows=1 width=84)
                     Sort Key: (st_distance(st_transform(s_1411.the_geom, 25833), schw_1411.schw))
                     ->  Nested Loop  (cost=0.00..97.81 rows=1 width=84)
                           Join Filter: ((st_transform(s_1411.the_geom, 25833) && st_expand(schw_1411.schw, '300'::double precision)) AND (schw_1411.schw && st_expand(st_transform(s_1411.the_geom, 25833), '300'::double precision)) AND _st_dwithin(st_transform(s_1411.the_geom, 25833), schw_1411.schw, '300'::double precision))
                           ->  Function Scan on schw_1411  (cost=0.00..0.01 rows=1 width=32)
                           ->  Seq Scan on phoml_trajectory_tmp s_1411  (cost=0.00..95.68 rows=17 width=40)
                                 Filter: ((unix_time >= '1685451451.415'::double precision) AND (unix_time <= '1685451511.415'::double precision))
   ->  Subquery Scan on "*SELECT* 1413"  (cost=97.82..97.83 rows=1 width=76)
         ->  Limit  (cost=97.82..97.82 rows=1 width=84)
               ->  Sort  (cost=97.82..97.82 rows=1 width=84)
                     Sort Key: (st_distance(st_transform(s_1412.the_geom, 25833), schw_1412.schw))
                     ->  Nested Loop  (cost=0.00..97.81 rows=1 width=84)
                           Join Filter: ((st_transform(s_1412.the_geom, 25833) && st_expand(schw_1412.schw, '300'::double precision)) AND (schw_1412.schw && st_expand(st_transform(s_1412.the_geom, 25833), '300'::double precision)) AND _st_dwithin(st_transform(s_1412.the_geom, 25833), schw_1412.schw, '300'::double precision))
                           ->  Function Scan on schw_1412  (cost=0.00..0.01 rows=1 width=32)
                           ->  Seq Scan on phoml_trajectory_tmp s_1412  (cost=0.00..95.68 rows=17 width=40)
                                 Filter: ((unix_time >= '1685451451.755'::double precision) AND (unix_time <= '1685451511.755'::double precision))
   ->  Subquery Scan on "*SELECT* 1414"  (cost=97.82..97.83 rows=1 width=76)
         ->  Limit  (cost=97.82..97.82 rows=1 width=84)
               ->  Sort  (cost=97.82..97.82 rows=1 width=84)
                     Sort Key: (st_distance(st_transform(s_1413.the_geom, 25833), schw_1413.schw))
                     ->  Nested Loop  (cost=0.00..97.81 rows=1 width=84)
                           Join Filter: ((st_transform(s_1413.the_geom, 25833) && st_expand(schw_1413.schw, '300'::double precision)) AND (schw_1413.schw && st_expand(st_transform(s_1413.the_geom, 25833), '300'::double precision)) AND _st_dwithin(st_transform(s_1413.the_geom, 25833), schw_1413.schw, '300'::double precision))
                           ->  Function Scan on schw_1413  (cost=0.00..0.01 rows=1 width=32)
                           ->  Seq Scan on phoml_trajectory_tmp s_1413  (cost=0.00..95.68 rows=17 width=40)
                                 Filter: ((unix_time >= '1685451452.085'::double precision) AND (unix_time <= '1685451512.085'::double precision))
   ->  Subquery Scan on "*SELECT* 1415"  (cost=97.82..97.83 rows=1 width=76)
         ->  Limit  (cost=97.82..97.82 rows=1 width=84)
               ->  Sort  (cost=97.82..97.82 rows=1 width=84)
                     Sort Key: (st_distance(st_transform(s_1414.the_geom, 25833), schw_1414.schw))
                     ->  Nested Loop  (cost=0.00..97.81 rows=1 width=84)
                           Join Filter: ((st_transform(s_1414.the_geom, 25833) && st_expand(schw_1414.schw, '300'::double precision)) AND (schw_1414.schw && st_expand(st_transform(s_1414.the_geom, 25833), '300'::double precision)) AND _st_dwithin(st_transform(s_1414.the_geom, 25833), schw_1414.schw, '300'::double precision))
                           ->  Function Scan on schw_1414  (cost=0.00..0.01 rows=1 width=32)
                           ->  Seq Scan on phoml_trajectory_tmp s_1414  (cost=0.00..95.68 rows=17 width=40)
                                 Filter: ((unix_time >= '1685451452.439'::double precision) AND (unix_time <= '1685451512.439'::double precision))
   ->  Subquery Scan on "*SELECT* 1416"  (cost=97.82..97.83 rows=1 width=76)
         ->  Limit  (cost=97.82..97.82 rows=1 width=84)
               ->  Sort  (cost=97.82..97.82 rows=1 width=84)
                     Sort Key: (st_distance(st_transform(s_1415.the_geom, 25833), schw_1415.schw))
                     ->  Nested Loop  (cost=0.00..97.81 rows=1 width=84)
                           Join Filter: ((st_transform(s_1415.the_geom, 25833) && st_expand(schw_1415.schw, '300'::double precision)) AND (schw_1415.schw && st_expand(st_transform(s_1415.the_geom, 25833), '300'::double precision)) AND _st_dwithin(st_transform(s_1415.the_geom, 25833), schw_1415.schw, '300'::double precision))
                           ->  Function Scan on schw_1415  (cost=0.00..0.01 rows=1 width=32)
                           ->  Seq Scan on phoml_trajectory_tmp s_1415  (cost=0.00..95.68 rows=17 width=40)
                                 Filter: ((unix_time >= '1685451452.779'::double precision) AND (unix_time <= '1685451512.779'::double precision))
   ->  Subquery Scan on "*SELECT* 1417"  (cost=97.82..97.83 rows=1 width=76)
         ->  Limit  (cost=97.82..97.82 rows=1 width=84)
               ->  Sort  (cost=97.82..97.82 rows=1 width=84)
                     Sort Key: (st_distance(st_transform(s_1416.the_geom, 25833), schw_1416.schw))
                     ->  Nested Loop  (cost=0.00..97.81 rows=1 width=84)
                           Join Filter: ((st_transform(s_1416.the_geom, 25833) && st_expand(schw_1416.schw, '300'::double precision)) AND (schw_1416.schw && st_expand(st_transform(s_1416.the_geom, 25833), '300'::double precision)) AND _st_dwithin(st_transform(s_1416.the_geom, 25833), schw_1416.schw, '300'::double precision))
                           ->  Function Scan on schw_1416  (cost=0.00..0.01 rows=1 width=32)
                           ->  Seq Scan on phoml_trajectory_tmp s_1416  (cost=0.00..95.68 rows=17 width=40)
                                 Filter: ((unix_time >= '1685451453.109'::double precision) AND (unix_time <= '1685451513.109'::double precision))
   ->  Subquery Scan on "*SELECT* 1418"  (cost=97.82..97.83 rows=1 width=76)
         ->  Limit  (cost=97.82..97.82 rows=1 width=84)
               ->  Sort  (cost=97.82..97.82 rows=1 width=84)
                     Sort Key: (st_distance(st_transform(s_1417.the_geom, 25833), schw_1417.schw))
                     ->  Nested Loop  (cost=0.00..97.81 rows=1 width=84)
                           Join Filter: ((st_transform(s_1417.the_geom, 25833) && st_expand(schw_1417.schw, '300'::double precision)) AND (schw_1417.schw && st_expand(st_transform(s_1417.the_geom, 25833), '300'::double precision)) AND _st_dwithin(st_transform(s_1417.the_geom, 25833), schw_1417.schw, '300'::double precision))
                           ->  Function Scan on schw_1417  (cost=0.00..0.01 rows=1 width=32)
                           ->  Seq Scan on phoml_trajectory_tmp s_1417  (cost=0.00..95.68 rows=17 width=40)
                                 Filter: ((unix_time >= '1685451453.436'::double precision) AND (unix_time <= '1685451513.436'::double precision))
   ->  Subquery Scan on "*SELECT* 1419"  (cost=97.82..97.83 rows=1 width=76)
         ->  Limit  (cost=97.82..97.82 rows=1 width=84)
               ->  Sort  (cost=97.82..97.82 rows=1 width=84)
                     Sort Key: (st_distance(st_transform(s_1418.the_geom, 25833), schw_1418.schw))
                     ->  Nested Loop  (cost=0.00..97.81 rows=1 width=84)
                           Join Filter: ((st_transform(s_1418.the_geom, 25833) && st_expand(schw_1418.schw, '300'::double precision)) AND (schw_1418.schw && st_expand(st_transform(s_1418.the_geom, 25833), '300'::double precision)) AND _st_dwithin(st_transform(s_1418.the_geom, 25833), schw_1418.schw, '300'::double precision))
                           ->  Function Scan on schw_1418  (cost=0.00..0.01 rows=1 width=32)
                           ->  Seq Scan on phoml_trajectory_tmp s_1418  (cost=0.00..95.68 rows=17 width=40)
                                 Filter: ((unix_time >= '1685451453.776'::double precision) AND (unix_time <= '1685451513.776'::double precision))
   ->  Subquery Scan on "*SELECT* 1420"  (cost=97.82..97.83 rows=1 width=76)
         ->  Limit  (cost=97.82..97.82 rows=1 width=84)
               ->  Sort  (cost=97.82..97.82 rows=1 width=84)
                     Sort Key: (st_distance(st_transform(s_1419.the_geom, 25833), schw_1419.schw))
                     ->  Nested Loop  (cost=0.00..97.81 rows=1 width=84)
                           Join Filter: ((st_transform(s_1419.the_geom, 25833) && st_expand(schw_1419.schw, '300'::double precision)) AND (schw_1419.schw && st_expand(st_transform(s_1419.the_geom, 25833), '300'::double precision)) AND _st_dwithin(st_transform(s_1419.the_geom, 25833), schw_1419.schw, '300'::double precision))
                           ->  Function Scan on schw_1419  (cost=0.00..0.01 rows=1 width=32)
                           ->  Seq Scan on phoml_trajectory_tmp s_1419  (cost=0.00..95.68 rows=17 width=40)
                                 Filter: ((unix_time >= '1685451454.126'::double precision) AND (unix_time <= '1685451514.126'::double precision))
   ->  Subquery Scan on "*SELECT* 1421"  (cost=97.82..97.83 rows=1 width=76)
         ->  Limit  (cost=97.82..97.82 rows=1 width=84)
               ->  Sort  (cost=97.82..97.82 rows=1 width=84)
                     Sort Key: (st_distance(st_transform(s_1420.the_geom, 25833), schw_1420.schw))
                     ->  Nested Loop  (cost=0.00..97.81 rows=1 width=84)
                           Join Filter: ((st_transform(s_1420.the_geom, 25833) && st_expand(schw_1420.schw, '300'::double precision)) AND (schw_1420.schw && st_expand(st_transform(s_1420.the_geom, 25833), '300'::double precision)) AND _st_dwithin(st_transform(s_1420.the_geom, 25833), schw_1420.schw, '300'::double precision))
                           ->  Function Scan on schw_1420  (cost=0.00..0.01 rows=1 width=32)
                           ->  Seq Scan on phoml_trajectory_tmp s_1420  (cost=0.00..95.68 rows=17 width=40)
                                 Filter: ((unix_time >= '1685451454.462'::double precision) AND (unix_time <= '1685451514.462'::double precision))
   ->  Subquery Scan on "*SELECT* 1422"  (cost=97.82..97.83 rows=1 width=76)
         ->  Limit  (cost=97.82..97.82 rows=1 width=84)
               ->  Sort  (cost=97.82..97.82 rows=1 width=84)
                     Sort Key: (st_distance(st_transform(s_1421.the_geom, 25833), schw_1421.schw))
                     ->  Nested Loop  (cost=0.00..97.81 rows=1 width=84)
                           Join Filter: ((st_transform(s_1421.the_geom, 25833) && st_expand(schw_1421.schw, '300'::double precision)) AND (schw_1421.schw && st_expand(st_transform(s_1421.the_geom, 25833), '300'::double precision)) AND _st_dwithin(st_transform(s_1421.the_geom, 25833), schw_1421.schw, '300'::double precision))
                           ->  Function Scan on schw_1421  (cost=0.00..0.01 rows=1 width=32)
                           ->  Seq Scan on phoml_trajectory_tmp s_1421  (cost=0.00..95.68 rows=17 width=40)
                                 Filter: ((unix_time >= '1685451454.792'::double precision) AND (unix_time <= '1685451514.792'::double precision))
   ->  Subquery Scan on "*SELECT* 1423"  (cost=97.82..97.83 rows=1 width=76)
         ->  Limit  (cost=97.82..97.82 rows=1 width=84)
               ->  Sort  (cost=97.82..97.82 rows=1 width=84)
                     Sort Key: (st_distance(st_transform(s_1422.the_geom, 25833), schw_1422.schw))
                     ->  Nested Loop  (cost=0.00..97.81 rows=1 width=84)
                           Join Filter: ((st_transform(s_1422.the_geom, 25833) && st_expand(schw_1422.schw, '300'::double precision)) AND (schw_1422.schw && st_expand(st_transform(s_1422.the_geom, 25833), '300'::double precision)) AND _st_dwithin(st_transform(s_1422.the_geom, 25833), schw_1422.schw, '300'::double precision))
                           ->  Function Scan on schw_1422  (cost=0.00..0.01 rows=1 width=32)
                           ->  Seq Scan on phoml_trajectory_tmp s_1422  (cost=0.00..95.68 rows=17 width=40)
                                 Filter: ((unix_time >= '1685451455.132'::double precision) AND (unix_time <= '1685451515.132'::double precision))
   ->  Subquery Scan on "*SELECT* 1424"  (cost=97.82..97.83 rows=1 width=76)
         ->  Limit  (cost=97.82..97.82 rows=1 width=84)
               ->  Sort  (cost=97.82..97.82 rows=1 width=84)
                     Sort Key: (st_distance(st_transform(s_1423.the_geom, 25833), schw_1423.schw))
                     ->  Nested Loop  (cost=0.00..97.81 rows=1 width=84)
                           Join Filter: ((st_transform(s_1423.the_geom, 25833) && st_expand(schw_1423.schw, '300'::double precision)) AND (schw_1423.schw && st_expand(st_transform(s_1423.the_geom, 25833), '300'::double precision)) AND _st_dwithin(st_transform(s_1423.the_geom, 25833), schw_1423.schw, '300'::double precision))
                           ->  Function Scan on schw_1423  (cost=0.00..0.01 rows=1 width=32)
                           ->  Seq Scan on phoml_trajectory_tmp s_1423  (cost=0.00..95.68 rows=17 width=40)
                                 Filter: ((unix_time >= '1685451455.469'::double precision) AND (unix_time <= '1685451515.469'::double precision))
   ->  Subquery Scan on "*SELECT* 1425"  (cost=97.82..97.83 rows=1 width=76)
         ->  Limit  (cost=97.82..97.82 rows=1 width=84)
               ->  Sort  (cost=97.82..97.82 rows=1 width=84)
                     Sort Key: (st_distance(st_transform(s_1424.the_geom, 25833), schw_1424.schw))
                     ->  Nested Loop  (cost=0.00..97.81 rows=1 width=84)
                           Join Filter: ((st_transform(s_1424.the_geom, 25833) && st_expand(schw_1424.schw, '300'::double precision)) AND (schw_1424.schw && st_expand(st_transform(s_1424.the_geom, 25833), '300'::double precision)) AND _st_dwithin(st_transform(s_1424.the_geom, 25833), schw_1424.schw, '300'::double precision))
                           ->  Function Scan on schw_1424  (cost=0.00..0.01 rows=1 width=32)
                           ->  Seq Scan on phoml_trajectory_tmp s_1424  (cost=0.00..95.68 rows=17 width=40)
                                 Filter: ((unix_time >= '1685451455.789'::double precision) AND (unix_time <= '1685451515.789'::double precision))
   ->  Subquery Scan on "*SELECT* 1426"  (cost=97.82..97.83 rows=1 width=76)
         ->  Limit  (cost=97.82..97.82 rows=1 width=84)
               ->  Sort  (cost=97.82..97.82 rows=1 width=84)
                     Sort Key: (st_distance(st_transform(s_1425.the_geom, 25833), schw_1425.schw))
                     ->  Nested Loop  (cost=0.00..97.81 rows=1 width=84)
                           Join Filter: ((st_transform(s_1425.the_geom, 25833) && st_expand(schw_1425.schw, '300'::double precision)) AND (schw_1425.schw && st_expand(st_transform(s_1425.the_geom, 25833), '300'::double precision)) AND _st_dwithin(st_transform(s_1425.the_geom, 25833), schw_1425.schw, '300'::double precision))
                           ->  Function Scan on schw_1425  (cost=0.00..0.01 rows=1 width=32)
                           ->  Seq Scan on phoml_trajectory_tmp s_1425  (cost=0.00..95.68 rows=17 width=40)
                                 Filter: ((unix_time >= '1685451456.129'::double precision) AND (unix_time <= '1685451516.129'::double precision))
   ->  Subquery Scan on "*SELECT* 1427"  (cost=97.82..97.83 rows=1 width=76)
         ->  Limit  (cost=97.82..97.82 rows=1 width=84)
               ->  Sort  (cost=97.82..97.82 rows=1 width=84)
                     Sort Key: (st_distance(st_transform(s_1426.the_geom, 25833), schw_1426.schw))
                     ->  Nested Loop  (cost=0.00..97.81 rows=1 width=84)
                           Join Filter: ((st_transform(s_1426.the_geom, 25833) && st_expand(schw_1426.schw, '300'::double precision)) AND (schw_1426.schw && st_expand(st_transform(s_1426.the_geom, 25833), '300'::double precision)) AND _st_dwithin(st_transform(s_1426.the_geom, 25833), schw_1426.schw, '300'::double precision))
                           ->  Function Scan on schw_1426  (cost=0.00..0.01 rows=1 width=32)
                           ->  Seq Scan on phoml_trajectory_tmp s_1426  (cost=0.00..95.68 rows=17 width=40)
                                 Filter: ((unix_time >= '1685451456.462'::double precision) AND (unix_time <= '1685451516.462'::double precision))
   ->  Subquery Scan on "*SELECT* 1428"  (cost=97.82..97.83 rows=1 width=76)
         ->  Limit  (cost=97.82..97.82 rows=1 width=84)
               ->  Sort  (cost=97.82..97.82 rows=1 width=84)
                     Sort Key: (st_distance(st_transform(s_1427.the_geom, 25833), schw_1427.schw))
                     ->  Nested Loop  (cost=0.00..97.81 rows=1 width=84)
                           Join Filter: ((st_transform(s_1427.the_geom, 25833) && st_expand(schw_1427.schw, '300'::double precision)) AND (schw_1427.schw && st_expand(st_transform(s_1427.the_geom, 25833), '300'::double precision)) AND _st_dwithin(st_transform(s_1427.the_geom, 25833), schw_1427.schw, '300'::double precision))
                           ->  Function Scan on schw_1427  (cost=0.00..0.01 rows=1 width=32)
                           ->  Seq Scan on phoml_trajectory_tmp s_1427  (cost=0.00..95.68 rows=17 width=40)
                                 Filter: ((unix_time >= '1685451456.792'::double precision) AND (unix_time <= '1685451516.792'::double precision))
   ->  Subquery Scan on "*SELECT* 1429"  (cost=97.82..97.83 rows=1 width=76)
         ->  Limit  (cost=97.82..97.82 rows=1 width=84)
               ->  Sort  (cost=97.82..97.82 rows=1 width=84)
                     Sort Key: (st_distance(st_transform(s_1428.the_geom, 25833), schw_1428.schw))
                     ->  Nested Loop  (cost=0.00..97.81 rows=1 width=84)
                           Join Filter: ((st_transform(s_1428.the_geom, 25833) && st_expand(schw_1428.schw, '300'::double precision)) AND (schw_1428.schw && st_expand(st_transform(s_1428.the_geom, 25833), '300'::double precision)) AND _st_dwithin(st_transform(s_1428.the_geom, 25833), schw_1428.schw, '300'::double precision))
                           ->  Function Scan on schw_1428  (cost=0.00..0.01 rows=1 width=32)
                           ->  Seq Scan on phoml_trajectory_tmp s_1428  (cost=0.00..95.68 rows=17 width=40)
                                 Filter: ((unix_time >= '1685451457.132'::double precision) AND (unix_time <= '1685451517.132'::double precision))
   ->  Subquery Scan on "*SELECT* 1430"  (cost=97.82..97.83 rows=1 width=76)
         ->  Limit  (cost=97.82..97.82 rows=1 width=84)
               ->  Sort  (cost=97.82..97.82 rows=1 width=84)
                     Sort Key: (st_distance(st_transform(s_1429.the_geom, 25833), schw_1429.schw))
                     ->  Nested Loop  (cost=0.00..97.81 rows=1 width=84)
                           Join Filter: ((st_transform(s_1429.the_geom, 25833) && st_expand(schw_1429.schw, '300'::double precision)) AND (schw_1429.schw && st_expand(st_transform(s_1429.the_geom, 25833), '300'::double precision)) AND _st_dwithin(st_transform(s_1429.the_geom, 25833), schw_1429.schw, '300'::double precision))
                           ->  Function Scan on schw_1429  (cost=0.00..0.01 rows=1 width=32)
                           ->  Seq Scan on phoml_trajectory_tmp s_1429  (cost=0.00..95.68 rows=17 width=40)
                                 Filter: ((unix_time >= '1685451457.46'::double precision) AND (unix_time <= '1685451517.46'::double precision))
   ->  Subquery Scan on "*SELECT* 1431"  (cost=97.82..97.83 rows=1 width=76)
         ->  Limit  (cost=97.82..97.82 rows=1 width=84)
               ->  Sort  (cost=97.82..97.82 rows=1 width=84)
                     Sort Key: (st_distance(st_transform(s_1430.the_geom, 25833), schw_1430.schw))
                     ->  Nested Loop  (cost=0.00..97.81 rows=1 width=84)
                           Join Filter: ((st_transform(s_1430.the_geom, 25833) && st_expand(schw_1430.schw, '300'::double precision)) AND (schw_1430.schw && st_expand(st_transform(s_1430.the_geom, 25833), '300'::double precision)) AND _st_dwithin(st_transform(s_1430.the_geom, 25833), schw_1430.schw, '300'::double precision))
                           ->  Function Scan on schw_1430  (cost=0.00..0.01 rows=1 width=32)
                           ->  Seq Scan on phoml_trajectory_tmp s_1430  (cost=0.00..95.68 rows=17 width=40)
                                 Filter: ((unix_time >= '1685451457.78'::double precision) AND (unix_time <= '1685451517.78'::double precision))
   ->  Subquery Scan on "*SELECT* 1432"  (cost=97.82..97.83 rows=1 width=76)
         ->  Limit  (cost=97.82..97.82 rows=1 width=84)
               ->  Sort  (cost=97.82..97.82 rows=1 width=84)
                     Sort Key: (st_distance(st_transform(s_1431.the_geom, 25833), schw_1431.schw))
                     ->  Nested Loop  (cost=0.00..97.81 rows=1 width=84)
                           Join Filter: ((st_transform(s_1431.the_geom, 25833) && st_expand(schw_1431.schw, '300'::double precision)) AND (schw_1431.schw && st_expand(st_transform(s_1431.the_geom, 25833), '300'::double precision)) AND _st_dwithin(st_transform(s_1431.the_geom, 25833), schw_1431.schw, '300'::double precision))
                           ->  Function Scan on schw_1431  (cost=0.00..0.01 rows=1 width=32)
                           ->  Seq Scan on phoml_trajectory_tmp s_1431  (cost=0.00..95.68 rows=17 width=40)
                                 Filter: ((unix_time >= '1685451458.12'::double precision) AND (unix_time <= '1685451518.12'::double precision))
   ->  Subquery Scan on "*SELECT* 1433"  (cost=97.82..97.83 rows=1 width=76)
         ->  Limit  (cost=97.82..97.82 rows=1 width=84)
               ->  Sort  (cost=97.82..97.82 rows=1 width=84)
                     Sort Key: (st_distance(st_transform(s_1432.the_geom, 25833), schw_1432.schw))
                     ->  Nested Loop  (cost=0.00..97.81 rows=1 width=84)
                           Join Filter: ((st_transform(s_1432.the_geom, 25833) && st_expand(schw_1432.schw, '300'::double precision)) AND (schw_1432.schw && st_expand(st_transform(s_1432.the_geom, 25833), '300'::double precision)) AND _st_dwithin(st_transform(s_1432.the_geom, 25833), schw_1432.schw, '300'::double precision))
                           ->  Function Scan on schw_1432  (cost=0.00..0.01 rows=1 width=32)
                           ->  Seq Scan on phoml_trajectory_tmp s_1432  (cost=0.00..95.68 rows=17 width=40)
                                 Filter: ((unix_time >= '1685451458.445'::double precision) AND (unix_time <= '1685451518.445'::double precision))
   ->  Subquery Scan on "*SELECT* 1434"  (cost=97.82..97.83 rows=1 width=76)
         ->  Limit  (cost=97.82..97.82 rows=1 width=84)
               ->  Sort  (cost=97.82..97.82 rows=1 width=84)
                     Sort Key: (st_distance(st_transform(s_1433.the_geom, 25833), schw_1433.schw))
                     ->  Nested Loop  (cost=0.00..97.81 rows=1 width=84)
                           Join Filter: ((st_transform(s_1433.the_geom, 25833) && st_expand(schw_1433.schw, '300'::double precision)) AND (schw_1433.schw && st_expand(st_transform(s_1433.the_geom, 25833), '300'::double precision)) AND _st_dwithin(st_transform(s_1433.the_geom, 25833), schw_1433.schw, '300'::double precision))
                           ->  Function Scan on schw_1433  (cost=0.00..0.01 rows=1 width=32)
                           ->  Seq Scan on phoml_trajectory_tmp s_1433  (cost=0.00..95.68 rows=17 width=40)
                                 Filter: ((unix_time >= '1685451458.775'::double precision) AND (unix_time <= '1685451518.775'::double precision))
   ->  Subquery Scan on "*SELECT* 1435"  (cost=97.82..97.83 rows=1 width=76)
         ->  Limit  (cost=97.82..97.82 rows=1 width=84)
               ->  Sort  (cost=97.82..97.82 rows=1 width=84)
                     Sort Key: (st_distance(st_transform(s_1434.the_geom, 25833), schw_1434.schw))
                     ->  Nested Loop  (cost=0.00..97.81 rows=1 width=84)
                           Join Filter: ((st_transform(s_1434.the_geom, 25833) && st_expand(schw_1434.schw, '300'::double precision)) AND (schw_1434.schw && st_expand(st_transform(s_1434.the_geom, 25833), '300'::double precision)) AND _st_dwithin(st_transform(s_1434.the_geom, 25833), schw_1434.schw, '300'::double precision))
                           ->  Function Scan on schw_1434  (cost=0.00..0.01 rows=1 width=32)
                           ->  Seq Scan on phoml_trajectory_tmp s_1434  (cost=0.00..95.68 rows=17 width=40)
                                 Filter: ((unix_time >= '1685451459.115'::double precision) AND (unix_time <= '1685451519.115'::double precision))
   ->  Subquery Scan on "*SELECT* 1436"  (cost=97.82..97.83 rows=1 width=76)
         ->  Limit  (cost=97.82..97.82 rows=1 width=84)
               ->  Sort  (cost=97.82..97.82 rows=1 width=84)
                     Sort Key: (st_distance(st_transform(s_1435.the_geom, 25833), schw_1435.schw))
                     ->  Nested Loop  (cost=0.00..97.81 rows=1 width=84)
                           Join Filter: ((st_transform(s_1435.the_geom, 25833) && st_expand(schw_1435.schw, '300'::double precision)) AND (schw_1435.schw && st_expand(st_transform(s_1435.the_geom, 25833), '300'::double precision)) AND _st_dwithin(st_transform(s_1435.the_geom, 25833), schw_1435.schw, '300'::double precision))
                           ->  Function Scan on schw_1435  (cost=0.00..0.01 rows=1 width=32)
                           ->  Seq Scan on phoml_trajectory_tmp s_1435  (cost=0.00..95.68 rows=17 width=40)
                                 Filter: ((unix_time >= '1685451459.449'::double precision) AND (unix_time <= '1685451519.449'::double precision))
   ->  Subquery Scan on "*SELECT* 1437"  (cost=97.82..97.83 rows=1 width=76)
         ->  Limit  (cost=97.82..97.82 rows=1 width=84)
               ->  Sort  (cost=97.82..97.82 rows=1 width=84)
                     Sort Key: (st_distance(st_transform(s_1436.the_geom, 25833), schw_1436.schw))
                     ->  Nested Loop  (cost=0.00..97.81 rows=1 width=84)
                           Join Filter: ((st_transform(s_1436.the_geom, 25833) && st_expand(schw_1436.schw, '300'::double precision)) AND (schw_1436.schw && st_expand(st_transform(s_1436.the_geom, 25833), '300'::double precision)) AND _st_dwithin(st_transform(s_1436.the_geom, 25833), schw_1436.schw, '300'::double precision))
                           ->  Function Scan on schw_1436  (cost=0.00..0.01 rows=1 width=32)
                           ->  Seq Scan on phoml_trajectory_tmp s_1436  (cost=0.00..95.68 rows=17 width=40)
                                 Filter: ((unix_time >= '1685451459.779'::double precision) AND (unix_time <= '1685451519.779'::double precision))
   ->  Subquery Scan on "*SELECT* 1438"  (cost=97.82..97.83 rows=1 width=76)
         ->  Limit  (cost=97.82..97.82 rows=1 width=84)
               ->  Sort  (cost=97.82..97.82 rows=1 width=84)
                     Sort Key: (st_distance(st_transform(s_1437.the_geom, 25833), schw_1437.schw))
                     ->  Nested Loop  (cost=0.00..97.81 rows=1 width=84)
                           Join Filter: ((st_transform(s_1437.the_geom, 25833) && st_expand(schw_1437.schw, '300'::double precision)) AND (schw_1437.schw && st_expand(st_transform(s_1437.the_geom, 25833), '300'::double precision)) AND _st_dwithin(st_transform(s_1437.the_geom, 25833), schw_1437.schw, '300'::double precision))
                           ->  Function Scan on schw_1437  (cost=0.00..0.01 rows=1 width=32)
                           ->  Seq Scan on phoml_trajectory_tmp s_1437  (cost=0.00..95.68 rows=17 width=40)
                                 Filter: ((unix_time >= '1685451460.119'::double precision) AND (unix_time <= '1685451520.119'::double precision))
   ->  Subquery Scan on "*SELECT* 1439"  (cost=97.82..97.83 rows=1 width=76)
         ->  Limit  (cost=97.82..97.82 rows=1 width=84)
               ->  Sort  (cost=97.82..97.82 rows=1 width=84)
                     Sort Key: (st_distance(st_transform(s_1438.the_geom, 25833), schw_1438.schw))
                     ->  Nested Loop  (cost=0.00..97.81 rows=1 width=84)
                           Join Filter: ((st_transform(s_1438.the_geom, 25833) && st_expand(schw_1438.schw, '300'::double precision)) AND (schw_1438.schw && st_expand(st_transform(s_1438.the_geom, 25833), '300'::double precision)) AND _st_dwithin(st_transform(s_1438.the_geom, 25833), schw_1438.schw, '300'::double precision))
                           ->  Function Scan on schw_1438  (cost=0.00..0.01 rows=1 width=32)
                           ->  Seq Scan on phoml_trajectory_tmp s_1438  (cost=0.00..95.68 rows=17 width=40)
                                 Filter: ((unix_time >= '1685451460.454'::double precision) AND (unix_time <= '1685451520.454'::double precision))
   ->  Subquery Scan on "*SELECT* 1440"  (cost=97.82..97.83 rows=1 width=76)
         ->  Limit  (cost=97.82..97.82 rows=1 width=84)
               ->  Sort  (cost=97.82..97.82 rows=1 width=84)
                     Sort Key: (st_distance(st_transform(s_1439.the_geom, 25833), schw_1439.schw))
                     ->  Nested Loop  (cost=0.00..97.81 rows=1 width=84)
                           Join Filter: ((st_transform(s_1439.the_geom, 25833) && st_expand(schw_1439.schw, '300'::double precision)) AND (schw_1439.schw && st_expand(st_transform(s_1439.the_geom, 25833), '300'::double precision)) AND _st_dwithin(st_transform(s_1439.the_geom, 25833), schw_1439.schw, '300'::double precision))
                           ->  Function Scan on schw_1439  (cost=0.00..0.01 rows=1 width=32)
                           ->  Seq Scan on phoml_trajectory_tmp s_1439  (cost=0.00..95.68 rows=17 width=40)
                                 Filter: ((unix_time >= '1685451460.784'::double precision) AND (unix_time <= '1685451520.784'::double precision))
   ->  Subquery Scan on "*SELECT* 1441"  (cost=97.82..97.83 rows=1 width=76)
         ->  Limit  (cost=97.82..97.82 rows=1 width=84)
               ->  Sort  (cost=97.82..97.82 rows=1 width=84)
                     Sort Key: (st_distance(st_transform(s_1440.the_geom, 25833), schw_1440.schw))
                     ->  Nested Loop  (cost=0.00..97.81 rows=1 width=84)
                           Join Filter: ((st_transform(s_1440.the_geom, 25833) && st_expand(schw_1440.schw, '300'::double precision)) AND (schw_1440.schw && st_expand(st_transform(s_1440.the_geom, 25833), '300'::double precision)) AND _st_dwithin(st_transform(s_1440.the_geom, 25833), schw_1440.schw, '300'::double precision))
                           ->  Function Scan on schw_1440  (cost=0.00..0.01 rows=1 width=32)
                           ->  Seq Scan on phoml_trajectory_tmp s_1440  (cost=0.00..95.68 rows=17 width=40)
                                 Filter: ((unix_time >= '1685451461.124'::double precision) AND (unix_time <= '1685451521.124'::double precision))
   ->  Subquery Scan on "*SELECT* 1442"  (cost=97.82..97.83 rows=1 width=76)
         ->  Limit  (cost=97.82..97.82 rows=1 width=84)
               ->  Sort  (cost=97.82..97.82 rows=1 width=84)
                     Sort Key: (st_distance(st_transform(s_1441.the_geom, 25833), schw_1441.schw))
                     ->  Nested Loop  (cost=0.00..97.81 rows=1 width=84)
                           Join Filter: ((st_transform(s_1441.the_geom, 25833) && st_expand(schw_1441.schw, '300'::double precision)) AND (schw_1441.schw && st_expand(st_transform(s_1441.the_geom, 25833), '300'::double precision)) AND _st_dwithin(st_transform(s_1441.the_geom, 25833), schw_1441.schw, '300'::double precision))
                           ->  Function Scan on schw_1441  (cost=0.00..0.01 rows=1 width=32)
                           ->  Seq Scan on phoml_trajectory_tmp s_1441  (cost=0.00..95.68 rows=17 width=40)
                                 Filter: ((unix_time >= '1685451461.462'::double precision) AND (unix_time <= '1685451521.462'::double precision))
   ->  Subquery Scan on "*SELECT* 1443"  (cost=97.82..97.83 rows=1 width=76)
         ->  Limit  (cost=97.82..97.82 rows=1 width=84)
               ->  Sort  (cost=97.82..97.82 rows=1 width=84)
                     Sort Key: (st_distance(st_transform(s_1442.the_geom, 25833), schw_1442.schw))
                     ->  Nested Loop  (cost=0.00..97.81 rows=1 width=84)
                           Join Filter: ((st_transform(s_1442.the_geom, 25833) && st_expand(schw_1442.schw, '300'::double precision)) AND (schw_1442.schw && st_expand(st_transform(s_1442.the_geom, 25833), '300'::double precision)) AND _st_dwithin(st_transform(s_1442.the_geom, 25833), schw_1442.schw, '300'::double precision))
                           ->  Function Scan on schw_1442  (cost=0.00..0.01 rows=1 width=32)
                           ->  Seq Scan on phoml_trajectory_tmp s_1442  (cost=0.00..95.68 rows=17 width=40)
                                 Filter: ((unix_time >= '1685451461.792'::double precision) AND (unix_time <= '1685451521.792'::double precision))
   ->  Subquery Scan on "*SELECT* 1444"  (cost=97.82..97.83 rows=1 width=76)
         ->  Limit  (cost=97.82..97.82 rows=1 width=84)
               ->  Sort  (cost=97.82..97.82 rows=1 width=84)
                     Sort Key: (st_distance(st_transform(s_1443.the_geom, 25833), schw_1443.schw))
                     ->  Nested Loop  (cost=0.00..97.81 rows=1 width=84)
                           Join Filter: ((st_transform(s_1443.the_geom, 25833) && st_expand(schw_1443.schw, '300'::double precision)) AND (schw_1443.schw && st_expand(st_transform(s_1443.the_geom, 25833), '300'::double precision)) AND _st_dwithin(st_transform(s_1443.the_geom, 25833), schw_1443.schw, '300'::double precision))
                           ->  Function Scan on schw_1443  (cost=0.00..0.01 rows=1 width=32)
                           ->  Seq Scan on phoml_trajectory_tmp s_1443  (cost=0.00..95.68 rows=17 width=40)
                                 Filter: ((unix_time >= '1685451462.132'::double precision) AND (unix_time <= '1685451522.132'::double precision))
   ->  Subquery Scan on "*SELECT* 1445"  (cost=97.82..97.83 rows=1 width=76)
         ->  Limit  (cost=97.82..97.82 rows=1 width=84)
               ->  Sort  (cost=97.82..97.82 rows=1 width=84)
                     Sort Key: (st_distance(st_transform(s_1444.the_geom, 25833), schw_1444.schw))
                     ->  Nested Loop  (cost=0.00..97.81 rows=1 width=84)
                           Join Filter: ((st_transform(s_1444.the_geom, 25833) && st_expand(schw_1444.schw, '300'::double precision)) AND (schw_1444.schw && st_expand(st_transform(s_1444.the_geom, 25833), '300'::double precision)) AND _st_dwithin(st_transform(s_1444.the_geom, 25833), schw_1444.schw, '300'::double precision))
                           ->  Function Scan on schw_1444  (cost=0.00..0.01 rows=1 width=32)
                           ->  Seq Scan on phoml_trajectory_tmp s_1444  (cost=0.00..95.68 rows=17 width=40)
                                 Filter: ((unix_time >= '1685451462.487'::double precision) AND (unix_time <= '1685451522.487'::double precision))
   ->  Subquery Scan on "*SELECT* 1446"  (cost=97.82..97.83 rows=1 width=76)
         ->  Limit  (cost=97.82..97.82 rows=1 width=84)
               ->  Sort  (cost=97.82..97.82 rows=1 width=84)
                     Sort Key: (st_distance(st_transform(s_1445.the_geom, 25833), schw_1445.schw))
                     ->  Nested Loop  (cost=0.00..97.81 rows=1 width=84)
                           Join Filter: ((st_transform(s_1445.the_geom, 25833) && st_expand(schw_1445.schw, '300'::double precision)) AND (schw_1445.schw && st_expand(st_transform(s_1445.the_geom, 25833), '300'::double precision)) AND _st_dwithin(st_transform(s_1445.the_geom, 25833), schw_1445.schw, '300'::double precision))
                           ->  Function Scan on schw_1445  (cost=0.00..0.01 rows=1 width=32)
                           ->  Seq Scan on phoml_trajectory_tmp s_1445  (cost=0.00..95.68 rows=17 width=40)
                                 Filter: ((unix_time >= '1685451462.827'::double precision) AND (unix_time <= '1685451522.827'::double precision))
   ->  Subquery Scan on "*SELECT* 1447"  (cost=97.82..97.83 rows=1 width=76)
         ->  Limit  (cost=97.82..97.82 rows=1 width=84)
               ->  Sort  (cost=97.82..97.82 rows=1 width=84)
                     Sort Key: (st_distance(st_transform(s_1446.the_geom, 25833), schw_1446.schw))
                     ->  Nested Loop  (cost=0.00..97.81 rows=1 width=84)
                           Join Filter: ((st_transform(s_1446.the_geom, 25833) && st_expand(schw_1446.schw, '300'::double precision)) AND (schw_1446.schw && st_expand(st_transform(s_1446.the_geom, 25833), '300'::double precision)) AND _st_dwithin(st_transform(s_1446.the_geom, 25833), schw_1446.schw, '300'::double precision))
                           ->  Function Scan on schw_1446  (cost=0.00..0.01 rows=1 width=32)
                           ->  Seq Scan on phoml_trajectory_tmp s_1446  (cost=0.00..95.68 rows=17 width=40)
                                 Filter: ((unix_time >= '1685451463.181'::double precision) AND (unix_time <= '1685451523.181'::double precision))
   ->  Subquery Scan on "*SELECT* 1448"  (cost=97.82..97.83 rows=1 width=76)
         ->  Limit  (cost=97.82..97.82 rows=1 width=84)
               ->  Sort  (cost=97.82..97.82 rows=1 width=84)
                     Sort Key: (st_distance(st_transform(s_1447.the_geom, 25833), schw_1447.schw))
                     ->  Nested Loop  (cost=0.00..97.81 rows=1 width=84)
                           Join Filter: ((st_transform(s_1447.the_geom, 25833) && st_expand(schw_1447.schw, '300'::double precision)) AND (schw_1447.schw && st_expand(st_transform(s_1447.the_geom, 25833), '300'::double precision)) AND _st_dwithin(st_transform(s_1447.the_geom, 25833), schw_1447.schw, '300'::double precision))
                           ->  Function Scan on schw_1447  (cost=0.00..0.01 rows=1 width=32)
                           ->  Seq Scan on phoml_trajectory_tmp s_1447  (cost=0.00..95.68 rows=17 width=40)
                                 Filter: ((unix_time >= '1685451463.511'::double precision) AND (unix_time <= '1685451523.511'::double precision))
   ->  Subquery Scan on "*SELECT* 1449"  (cost=97.82..97.83 rows=1 width=76)
         ->  Limit  (cost=97.82..97.82 rows=1 width=84)
               ->  Sort  (cost=97.82..97.82 rows=1 width=84)
                     Sort Key: (st_distance(st_transform(s_1448.the_geom, 25833), schw_1448.schw))
                     ->  Nested Loop  (cost=0.00..97.81 rows=1 width=84)
                           Join Filter: ((st_transform(s_1448.the_geom, 25833) && st_expand(schw_1448.schw, '300'::double precision)) AND (schw_1448.schw && st_expand(st_transform(s_1448.the_geom, 25833), '300'::double precision)) AND _st_dwithin(st_transform(s_1448.the_geom, 25833), schw_1448.schw, '300'::double precision))
                           ->  Function Scan on schw_1448  (cost=0.00..0.01 rows=1 width=32)
                           ->  Seq Scan on phoml_trajectory_tmp s_1448  (cost=0.00..95.68 rows=17 width=40)
                                 Filter: ((unix_time >= '1685451463.861'::double precision) AND (unix_time <= '1685451523.861'::double precision))
   ->  Subquery Scan on "*SELECT* 1450"  (cost=97.82..97.83 rows=1 width=76)
         ->  Limit  (cost=97.82..97.82 rows=1 width=84)
               ->  Sort  (cost=97.82..97.82 rows=1 width=84)
                     Sort Key: (st_distance(st_transform(s_1449.the_geom, 25833), schw_1449.schw))
                     ->  Nested Loop  (cost=0.00..97.81 rows=1 width=84)
                           Join Filter: ((st_transform(s_1449.the_geom, 25833) && st_expand(schw_1449.schw, '300'::double precision)) AND (schw_1449.schw && st_expand(st_transform(s_1449.the_geom, 25833), '300'::double precision)) AND _st_dwithin(st_transform(s_1449.the_geom, 25833), schw_1449.schw, '300'::double precision))
                           ->  Function Scan on schw_1449  (cost=0.00..0.01 rows=1 width=32)
                           ->  Seq Scan on phoml_trajectory_tmp s_1449  (cost=0.00..95.68 rows=17 width=40)
                                 Filter: ((unix_time >= '1685451464.207'::double precision) AND (unix_time <= '1685451524.207'::double precision))
   ->  Subquery Scan on "*SELECT* 1451"  (cost=97.82..97.83 rows=1 width=76)
         ->  Limit  (cost=97.82..97.82 rows=1 width=84)
               ->  Sort  (cost=97.82..97.82 rows=1 width=84)
                     Sort Key: (st_distance(st_transform(s_1450.the_geom, 25833), schw_1450.schw))
                     ->  Nested Loop  (cost=0.00..97.81 rows=1 width=84)
                           Join Filter: ((st_transform(s_1450.the_geom, 25833) && st_expand(schw_1450.schw, '300'::double precision)) AND (schw_1450.schw && st_expand(st_transform(s_1450.the_geom, 25833), '300'::double precision)) AND _st_dwithin(st_transform(s_1450.the_geom, 25833), schw_1450.schw, '300'::double precision))
                           ->  Function Scan on schw_1450  (cost=0.00..0.01 rows=1 width=32)
                           ->  Seq Scan on phoml_trajectory_tmp s_1450  (cost=0.00..95.68 rows=17 width=40)
                                 Filter: ((unix_time >= '1685451464.547'::double precision) AND (unix_time <= '1685451524.547'::double precision))
   ->  Subquery Scan on "*SELECT* 1452"  (cost=97.82..97.83 rows=1 width=76)
         ->  Limit  (cost=97.82..97.82 rows=1 width=84)
               ->  Sort  (cost=97.82..97.82 rows=1 width=84)
                     Sort Key: (st_distance(st_transform(s_1451.the_geom, 25833), schw_1451.schw))
                     ->  Nested Loop  (cost=0.00..97.81 rows=1 width=84)
                           Join Filter: ((st_transform(s_1451.the_geom, 25833) && st_expand(schw_1451.schw, '300'::double precision)) AND (schw_1451.schw && st_expand(st_transform(s_1451.the_geom, 25833), '300'::double precision)) AND _st_dwithin(st_transform(s_1451.the_geom, 25833), schw_1451.schw, '300'::double precision))
                           ->  Function Scan on schw_1451  (cost=0.00..0.01 rows=1 width=32)
                           ->  Seq Scan on phoml_trajectory_tmp s_1451  (cost=0.00..95.68 rows=17 width=40)
                                 Filter: ((unix_time >= '1685451464.887'::double precision) AND (unix_time <= '1685451524.887'::double precision))
   ->  Subquery Scan on "*SELECT* 1453"  (cost=97.82..97.83 rows=1 width=76)
         ->  Limit  (cost=97.82..97.82 rows=1 width=84)
               ->  Sort  (cost=97.82..97.82 rows=1 width=84)
                     Sort Key: (st_distance(st_transform(s_1452.the_geom, 25833), schw_1452.schw))
                     ->  Nested Loop  (cost=0.00..97.81 rows=1 width=84)
                           Join Filter: ((st_transform(s_1452.the_geom, 25833) && st_expand(schw_1452.schw, '300'::double precision)) AND (schw_1452.schw && st_expand(st_transform(s_1452.the_geom, 25833), '300'::double precision)) AND _st_dwithin(st_transform(s_1452.the_geom, 25833), schw_1452.schw, '300'::double precision))
                           ->  Function Scan on schw_1452  (cost=0.00..0.01 rows=1 width=32)
                           ->  Seq Scan on phoml_trajectory_tmp s_1452  (cost=0.00..95.68 rows=17 width=40)
                                 Filter: ((unix_time >= '1685451465.234'::double precision) AND (unix_time <= '1685451525.234'::double precision))
   ->  Subquery Scan on "*SELECT* 1454"  (cost=97.82..97.83 rows=1 width=76)
         ->  Limit  (cost=97.82..97.82 rows=1 width=84)
               ->  Sort  (cost=97.82..97.82 rows=1 width=84)
                     Sort Key: (st_distance(st_transform(s_1453.the_geom, 25833), schw_1453.schw))
                     ->  Nested Loop  (cost=0.00..97.81 rows=1 width=84)
                           Join Filter: ((st_transform(s_1453.the_geom, 25833) && st_expand(schw_1453.schw, '300'::double precision)) AND (schw_1453.schw && st_expand(st_transform(s_1453.the_geom, 25833), '300'::double precision)) AND _st_dwithin(st_transform(s_1453.the_geom, 25833), schw_1453.schw, '300'::double precision))
                           ->  Function Scan on schw_1453  (cost=0.00..0.01 rows=1 width=32)
                           ->  Seq Scan on phoml_trajectory_tmp s_1453  (cost=0.00..95.68 rows=17 width=40)
                                 Filter: ((unix_time >= '1685451465.594'::double precision) AND (unix_time <= '1685451525.594'::double precision))
   ->  Subquery Scan on "*SELECT* 1455"  (cost=97.82..97.83 rows=1 width=76)
         ->  Limit  (cost=97.82..97.82 rows=1 width=84)
               ->  Sort  (cost=97.82..97.82 rows=1 width=84)
                     Sort Key: (st_distance(st_transform(s_1454.the_geom, 25833), schw_1454.schw))
                     ->  Nested Loop  (cost=0.00..97.81 rows=1 width=84)
                           Join Filter: ((st_transform(s_1454.the_geom, 25833) && st_expand(schw_1454.schw, '300'::double precision)) AND (schw_1454.schw && st_expand(st_transform(s_1454.the_geom, 25833), '300'::double precision)) AND _st_dwithin(st_transform(s_1454.the_geom, 25833), schw_1454.schw, '300'::double precision))
                           ->  Function Scan on schw_1454  (cost=0.00..0.01 rows=1 width=32)
                           ->  Seq Scan on phoml_trajectory_tmp s_1454  (cost=0.00..95.68 rows=17 width=40)
                                 Filter: ((unix_time >= '1685451465.934'::double precision) AND (unix_time <= '1685451525.934'::double precision))
   ->  Subquery Scan on "*SELECT* 1456"  (cost=97.82..97.83 rows=1 width=76)
         ->  Limit  (cost=97.82..97.82 rows=1 width=84)
               ->  Sort  (cost=97.82..97.82 rows=1 width=84)
                     Sort Key: (st_distance(st_transform(s_1455.the_geom, 25833), schw_1455.schw))
                     ->  Nested Loop  (cost=0.00..97.81 rows=1 width=84)
                           Join Filter: ((st_transform(s_1455.the_geom, 25833) && st_expand(schw_1455.schw, '300'::double precision)) AND (schw_1455.schw && st_expand(st_transform(s_1455.the_geom, 25833), '300'::double precision)) AND _st_dwithin(st_transform(s_1455.the_geom, 25833), schw_1455.schw, '300'::double precision))
                           ->  Function Scan on schw_1455  (cost=0.00..0.01 rows=1 width=32)
                           ->  Seq Scan on phoml_trajectory_tmp s_1455  (cost=0.00..95.68 rows=17 width=40)
                                 Filter: ((unix_time >= '1685451466.279'::double precision) AND (unix_time <= '1685451526.279'::double precision))
   ->  Subquery Scan on "*SELECT* 1457"  (cost=97.82..97.83 rows=1 width=76)
         ->  Limit  (cost=97.82..97.82 rows=1 width=84)
               ->  Sort  (cost=97.82..97.82 rows=1 width=84)
                     Sort Key: (st_distance(st_transform(s_1456.the_geom, 25833), schw_1456.schw))
                     ->  Nested Loop  (cost=0.00..97.81 rows=1 width=84)
                           Join Filter: ((st_transform(s_1456.the_geom, 25833) && st_expand(schw_1456.schw, '300'::double precision)) AND (schw_1456.schw && st_expand(st_transform(s_1456.the_geom, 25833), '300'::double precision)) AND _st_dwithin(st_transform(s_1456.the_geom, 25833), schw_1456.schw, '300'::double precision))
                           ->  Function Scan on schw_1456  (cost=0.00..0.01 rows=1 width=32)
                           ->  Seq Scan on phoml_trajectory_tmp s_1456  (cost=0.00..95.68 rows=17 width=40)
                                 Filter: ((unix_time >= '1685451466.609'::double precision) AND (unix_time <= '1685451526.609'::double precision))
   ->  Subquery Scan on "*SELECT* 1458"  (cost=97.82..97.83 rows=1 width=76)
         ->  Limit  (cost=97.82..97.82 rows=1 width=84)
               ->  Sort  (cost=97.82..97.82 rows=1 width=84)
                     Sort Key: (st_distance(st_transform(s_1457.the_geom, 25833), schw_1457.schw))
                     ->  Nested Loop  (cost=0.00..97.81 rows=1 width=84)
                           Join Filter: ((st_transform(s_1457.the_geom, 25833) && st_expand(schw_1457.schw, '300'::double precision)) AND (schw_1457.schw && st_expand(st_transform(s_1457.the_geom, 25833), '300'::double precision)) AND _st_dwithin(st_transform(s_1457.the_geom, 25833), schw_1457.schw, '300'::double precision))
                           ->  Function Scan on schw_1457  (cost=0.00..0.01 rows=1 width=32)
                           ->  Seq Scan on phoml_trajectory_tmp s_1457  (cost=0.00..95.68 rows=17 width=40)
                                 Filter: ((unix_time >= '1685451466.949'::double precision) AND (unix_time <= '1685451526.949'::double precision))
   ->  Subquery Scan on "*SELECT* 1459"  (cost=97.82..97.83 rows=1 width=76)
         ->  Limit  (cost=97.82..97.82 rows=1 width=84)
               ->  Sort  (cost=97.82..97.82 rows=1 width=84)
                     Sort Key: (st_distance(st_transform(s_1458.the_geom, 25833), schw_1458.schw))
                     ->  Nested Loop  (cost=0.00..97.81 rows=1 width=84)
                           Join Filter: ((st_transform(s_1458.the_geom, 25833) && st_expand(schw_1458.schw, '300'::double precision)) AND (schw_1458.schw && st_expand(st_transform(s_1458.the_geom, 25833), '300'::double precision)) AND _st_dwithin(st_transform(s_1458.the_geom, 25833), schw_1458.schw, '300'::double precision))
                           ->  Function Scan on schw_1458  (cost=0.00..0.01 rows=1 width=32)
                           ->  Seq Scan on phoml_trajectory_tmp s_1458  (cost=0.00..95.68 rows=17 width=40)
                                 Filter: ((unix_time >= '1685451467.283'::double precision) AND (unix_time <= '1685451527.283'::double precision))
   ->  Subquery Scan on "*SELECT* 1460"  (cost=97.82..97.83 rows=1 width=76)
         ->  Limit  (cost=97.82..97.82 rows=1 width=84)
               ->  Sort  (cost=97.82..97.82 rows=1 width=84)
                     Sort Key: (st_distance(st_transform(s_1459.the_geom, 25833), schw_1459.schw))
                     ->  Nested Loop  (cost=0.00..97.81 rows=1 width=84)
                           Join Filter: ((st_transform(s_1459.the_geom, 25833) && st_expand(schw_1459.schw, '300'::double precision)) AND (schw_1459.schw && st_expand(st_transform(s_1459.the_geom, 25833), '300'::double precision)) AND _st_dwithin(st_transform(s_1459.the_geom, 25833), schw_1459.schw, '300'::double precision))
                           ->  Function Scan on schw_1459  (cost=0.00..0.01 rows=1 width=32)
                           ->  Seq Scan on phoml_trajectory_tmp s_1459  (cost=0.00..95.68 rows=17 width=40)
                                 Filter: ((unix_time >= '1685451467.633'::double precision) AND (unix_time <= '1685451527.633'::double precision))
   ->  Subquery Scan on "*SELECT* 1461"  (cost=97.82..97.83 rows=1 width=76)
         ->  Limit  (cost=97.82..97.82 rows=1 width=84)
               ->  Sort  (cost=97.82..97.82 rows=1 width=84)
                     Sort Key: (st_distance(st_transform(s_1460.the_geom, 25833), schw_1460.schw))
                     ->  Nested Loop  (cost=0.00..97.81 rows=1 width=84)
                           Join Filter: ((st_transform(s_1460.the_geom, 25833) && st_expand(schw_1460.schw, '300'::double precision)) AND (schw_1460.schw && st_expand(st_transform(s_1460.the_geom, 25833), '300'::double precision)) AND _st_dwithin(st_transform(s_1460.the_geom, 25833), schw_1460.schw, '300'::double precision))
                           ->  Function Scan on schw_1460  (cost=0.00..0.01 rows=1 width=32)
                           ->  Seq Scan on phoml_trajectory_tmp s_1460  (cost=0.00..95.68 rows=17 width=40)
                                 Filter: ((unix_time >= '1685451467.953'::double precision) AND (unix_time <= '1685451527.953'::double precision))
   ->  Subquery Scan on "*SELECT* 1462"  (cost=97.82..97.83 rows=1 width=76)
         ->  Limit  (cost=97.82..97.82 rows=1 width=84)
               ->  Sort  (cost=97.82..97.82 rows=1 width=84)
                     Sort Key: (st_distance(st_transform(s_1461.the_geom, 25833), schw_1461.schw))
                     ->  Nested Loop  (cost=0.00..97.81 rows=1 width=84)
                           Join Filter: ((st_transform(s_1461.the_geom, 25833) && st_expand(schw_1461.schw, '300'::double precision)) AND (schw_1461.schw && st_expand(st_transform(s_1461.the_geom, 25833), '300'::double precision)) AND _st_dwithin(st_transform(s_1461.the_geom, 25833), schw_1461.schw, '300'::double precision))
                           ->  Function Scan on schw_1461  (cost=0.00..0.01 rows=1 width=32)
                           ->  Seq Scan on phoml_trajectory_tmp s_1461  (cost=0.00..95.68 rows=17 width=40)
                                 Filter: ((unix_time >= '1685451468.304'::double precision) AND (unix_time <= '1685451528.304'::double precision))
   ->  Subquery Scan on "*SELECT* 1463"  (cost=97.82..97.83 rows=1 width=76)
         ->  Limit  (cost=97.82..97.82 rows=1 width=84)
               ->  Sort  (cost=97.82..97.82 rows=1 width=84)
                     Sort Key: (st_distance(st_transform(s_1462.the_geom, 25833), schw_1462.schw))
                     ->  Nested Loop  (cost=0.00..97.81 rows=1 width=84)
                           Join Filter: ((st_transform(s_1462.the_geom, 25833) && st_expand(schw_1462.schw, '300'::double precision)) AND (schw_1462.schw && st_expand(st_transform(s_1462.the_geom, 25833), '300'::double precision)) AND _st_dwithin(st_transform(s_1462.the_geom, 25833), schw_1462.schw, '300'::double precision))
                           ->  Function Scan on schw_1462  (cost=0.00..0.01 rows=1 width=32)
                           ->  Seq Scan on phoml_trajectory_tmp s_1462  (cost=0.00..95.68 rows=17 width=40)
                                 Filter: ((unix_time >= '1685451468.624'::double precision) AND (unix_time <= '1685451528.624'::double precision))
   ->  Subquery Scan on "*SELECT* 1464"  (cost=97.82..97.83 rows=1 width=76)
         ->  Limit  (cost=97.82..97.82 rows=1 width=84)
               ->  Sort  (cost=97.82..97.82 rows=1 width=84)
                     Sort Key: (st_distance(st_transform(s_1463.the_geom, 25833), schw_1463.schw))
                     ->  Nested Loop  (cost=0.00..97.81 rows=1 width=84)
                           Join Filter: ((st_transform(s_1463.the_geom, 25833) && st_expand(schw_1463.schw, '300'::double precision)) AND (schw_1463.schw && st_expand(st_transform(s_1463.the_geom, 25833), '300'::double precision)) AND _st_dwithin(st_transform(s_1463.the_geom, 25833), schw_1463.schw, '300'::double precision))
                           ->  Function Scan on schw_1463  (cost=0.00..0.01 rows=1 width=32)
                           ->  Seq Scan on phoml_trajectory_tmp s_1463  (cost=0.00..95.68 rows=17 width=40)
                                 Filter: ((unix_time >= '1685451468.954'::double precision) AND (unix_time <= '1685451528.954'::double precision))
   ->  Subquery Scan on "*SELECT* 1465"  (cost=97.82..97.83 rows=1 width=76)
         ->  Limit  (cost=97.82..97.82 rows=1 width=84)
               ->  Sort  (cost=97.82..97.82 rows=1 width=84)
                     Sort Key: (st_distance(st_transform(s_1464.the_geom, 25833), schw_1464.schw))
                     ->  Nested Loop  (cost=0.00..97.81 rows=1 width=84)
                           Join Filter: ((st_transform(s_1464.the_geom, 25833) && st_expand(schw_1464.schw, '300'::double precision)) AND (schw_1464.schw && st_expand(st_transform(s_1464.the_geom, 25833), '300'::double precision)) AND _st_dwithin(st_transform(s_1464.the_geom, 25833), schw_1464.schw, '300'::double precision))
                           ->  Function Scan on schw_1464  (cost=0.00..0.01 rows=1 width=32)
                           ->  Seq Scan on phoml_trajectory_tmp s_1464  (cost=0.00..95.68 rows=17 width=40)
                                 Filter: ((unix_time >= '1685451469.28'::double precision) AND (unix_time <= '1685451529.28'::double precision))
   ->  Subquery Scan on "*SELECT* 1466"  (cost=97.82..97.83 rows=1 width=76)
         ->  Limit  (cost=97.82..97.82 rows=1 width=84)
               ->  Sort  (cost=97.82..97.82 rows=1 width=84)
                     Sort Key: (st_distance(st_transform(s_1465.the_geom, 25833), schw_1465.schw))
                     ->  Nested Loop  (cost=0.00..97.81 rows=1 width=84)
                           Join Filter: ((st_transform(s_1465.the_geom, 25833) && st_expand(schw_1465.schw, '300'::double precision)) AND (schw_1465.schw && st_expand(st_transform(s_1465.the_geom, 25833), '300'::double precision)) AND _st_dwithin(st_transform(s_1465.the_geom, 25833), schw_1465.schw, '300'::double precision))
                           ->  Function Scan on schw_1465  (cost=0.00..0.01 rows=1 width=32)
                           ->  Seq Scan on phoml_trajectory_tmp s_1465  (cost=0.00..95.68 rows=17 width=40)
                                 Filter: ((unix_time >= '1685451469.61'::double precision) AND (unix_time <= '1685451529.61'::double precision))
   ->  Subquery Scan on "*SELECT* 1467"  (cost=97.82..97.83 rows=1 width=76)
         ->  Limit  (cost=97.82..97.82 rows=1 width=84)
               ->  Sort  (cost=97.82..97.82 rows=1 width=84)
                     Sort Key: (st_distance(st_transform(s_1466.the_geom, 25833), schw_1466.schw))
                     ->  Nested Loop  (cost=0.00..97.81 rows=1 width=84)
                           Join Filter: ((st_transform(s_1466.the_geom, 25833) && st_expand(schw_1466.schw, '300'::double precision)) AND (schw_1466.schw && st_expand(st_transform(s_1466.the_geom, 25833), '300'::double precision)) AND _st_dwithin(st_transform(s_1466.the_geom, 25833), schw_1466.schw, '300'::double precision))
                           ->  Function Scan on schw_1466  (cost=0.00..0.01 rows=1 width=32)
                           ->  Seq Scan on phoml_trajectory_tmp s_1466  (cost=0.00..95.68 rows=17 width=40)
                                 Filter: ((unix_time >= '1685451469.93'::double precision) AND (unix_time <= '1685451529.93'::double precision))
   ->  Subquery Scan on "*SELECT* 1468"  (cost=97.82..97.83 rows=1 width=76)
         ->  Limit  (cost=97.82..97.82 rows=1 width=84)
               ->  Sort  (cost=97.82..97.82 rows=1 width=84)
                     Sort Key: (st_distance(st_transform(s_1467.the_geom, 25833), schw_1467.schw))
                     ->  Nested Loop  (cost=0.00..97.81 rows=1 width=84)
                           Join Filter: ((st_transform(s_1467.the_geom, 25833) && st_expand(schw_1467.schw, '300'::double precision)) AND (schw_1467.schw && st_expand(st_transform(s_1467.the_geom, 25833), '300'::double precision)) AND _st_dwithin(st_transform(s_1467.the_geom, 25833), schw_1467.schw, '300'::double precision))
                           ->  Function Scan on schw_1467  (cost=0.00..0.01 rows=1 width=32)
                           ->  Seq Scan on phoml_trajectory_tmp s_1467  (cost=0.00..95.68 rows=17 width=40)
                                 Filter: ((unix_time >= '1685451470.252'::double precision) AND (unix_time <= '1685451530.252'::double precision))
   ->  Subquery Scan on "*SELECT* 1469"  (cost=97.82..97.83 rows=1 width=76)
         ->  Limit  (cost=97.82..97.82 rows=1 width=84)
               ->  Sort  (cost=97.82..97.82 rows=1 width=84)
                     Sort Key: (st_distance(st_transform(s_1468.the_geom, 25833), schw_1468.schw))
                     ->  Nested Loop  (cost=0.00..97.81 rows=1 width=84)
                           Join Filter: ((st_transform(s_1468.the_geom, 25833) && st_expand(schw_1468.schw, '300'::double precision)) AND (schw_1468.schw && st_expand(st_transform(s_1468.the_geom, 25833), '300'::double precision)) AND _st_dwithin(st_transform(s_1468.the_geom, 25833), schw_1468.schw, '300'::double precision))
                           ->  Function Scan on schw_1468  (cost=0.00..0.01 rows=1 width=32)
                           ->  Seq Scan on phoml_trajectory_tmp s_1468  (cost=0.00..95.68 rows=17 width=40)
                                 Filter: ((unix_time >= '1685451470.572'::double precision) AND (unix_time <= '1685451530.572'::double precision))
   ->  Subquery Scan on "*SELECT* 1470"  (cost=97.82..97.83 rows=1 width=76)
         ->  Limit  (cost=97.82..97.82 rows=1 width=84)
               ->  Sort  (cost=97.82..97.82 rows=1 width=84)
                     Sort Key: (st_distance(st_transform(s_1469.the_geom, 25833), schw_1469.schw))
                     ->  Nested Loop  (cost=0.00..97.81 rows=1 width=84)
                           Join Filter: ((st_transform(s_1469.the_geom, 25833) && st_expand(schw_1469.schw, '300'::double precision)) AND (schw_1469.schw && st_expand(st_transform(s_1469.the_geom, 25833), '300'::double precision)) AND _st_dwithin(st_transform(s_1469.the_geom, 25833), schw_1469.schw, '300'::double precision))
                           ->  Function Scan on schw_1469  (cost=0.00..0.01 rows=1 width=32)
                           ->  Seq Scan on phoml_trajectory_tmp s_1469  (cost=0.00..95.68 rows=17 width=40)
                                 Filter: ((unix_time >= '1685451470.892'::double precision) AND (unix_time <= '1685451530.892'::double precision))
   ->  Subquery Scan on "*SELECT* 1471"  (cost=97.82..97.83 rows=1 width=76)
         ->  Limit  (cost=97.82..97.82 rows=1 width=84)
               ->  Sort  (cost=97.82..97.82 rows=1 width=84)
                     Sort Key: (st_distance(st_transform(s_1470.the_geom, 25833), schw_1470.schw))
                     ->  Nested Loop  (cost=0.00..97.81 rows=1 width=84)
                           Join Filter: ((st_transform(s_1470.the_geom, 25833) && st_expand(schw_1470.schw, '300'::double precision)) AND (schw_1470.schw && st_expand(st_transform(s_1470.the_geom, 25833), '300'::double precision)) AND _st_dwithin(st_transform(s_1470.the_geom, 25833), schw_1470.schw, '300'::double precision))
                           ->  Function Scan on schw_1470  (cost=0.00..0.01 rows=1 width=32)
                           ->  Seq Scan on phoml_trajectory_tmp s_1470  (cost=0.00..95.68 rows=17 width=40)
                                 Filter: ((unix_time >= '1685451471.225'::double precision) AND (unix_time <= '1685451531.225'::double precision))
   ->  Subquery Scan on "*SELECT* 1472"  (cost=97.82..97.83 rows=1 width=76)
         ->  Limit  (cost=97.82..97.82 rows=1 width=84)
               ->  Sort  (cost=97.82..97.82 rows=1 width=84)
                     Sort Key: (st_distance(st_transform(s_1471.the_geom, 25833), schw_1471.schw))
                     ->  Nested Loop  (cost=0.00..97.81 rows=1 width=84)
                           Join Filter: ((st_transform(s_1471.the_geom, 25833) && st_expand(schw_1471.schw, '300'::double precision)) AND (schw_1471.schw && st_expand(st_transform(s_1471.the_geom, 25833), '300'::double precision)) AND _st_dwithin(st_transform(s_1471.the_geom, 25833), schw_1471.schw, '300'::double precision))
                           ->  Function Scan on schw_1471  (cost=0.00..0.01 rows=1 width=32)
                           ->  Seq Scan on phoml_trajectory_tmp s_1471  (cost=0.00..95.68 rows=17 width=40)
                                 Filter: ((unix_time >= '1685451471.555'::double precision) AND (unix_time <= '1685451531.555'::double precision))
   ->  Subquery Scan on "*SELECT* 1473"  (cost=97.82..97.83 rows=1 width=76)
         ->  Limit  (cost=97.82..97.82 rows=1 width=84)
               ->  Sort  (cost=97.82..97.82 rows=1 width=84)
                     Sort Key: (st_distance(st_transform(s_1472.the_geom, 25833), schw_1472.schw))
                     ->  Nested Loop  (cost=0.00..97.81 rows=1 width=84)
                           Join Filter: ((st_transform(s_1472.the_geom, 25833) && st_expand(schw_1472.schw, '300'::double precision)) AND (schw_1472.schw && st_expand(st_transform(s_1472.the_geom, 25833), '300'::double precision)) AND _st_dwithin(st_transform(s_1472.the_geom, 25833), schw_1472.schw, '300'::double precision))
                           ->  Function Scan on schw_1472  (cost=0.00..0.01 rows=1 width=32)
                           ->  Seq Scan on phoml_trajectory_tmp s_1472  (cost=0.00..95.68 rows=17 width=40)
                                 Filter: ((unix_time >= '1685451471.885'::double precision) AND (unix_time <= '1685451531.885'::double precision))
   ->  Subquery Scan on "*SELECT* 1474"  (cost=97.82..97.83 rows=1 width=76)
         ->  Limit  (cost=97.82..97.82 rows=1 width=84)
               ->  Sort  (cost=97.82..97.82 rows=1 width=84)
                     Sort Key: (st_distance(st_transform(s_1473.the_geom, 25833), schw_1473.schw))
                     ->  Nested Loop  (cost=0.00..97.81 rows=1 width=84)
                           Join Filter: ((st_transform(s_1473.the_geom, 25833) && st_expand(schw_1473.schw, '300'::double precision)) AND (schw_1473.schw && st_expand(st_transform(s_1473.the_geom, 25833), '300'::double precision)) AND _st_dwithin(st_transform(s_1473.the_geom, 25833), schw_1473.schw, '300'::double precision))
                           ->  Function Scan on schw_1473  (cost=0.00..0.01 rows=1 width=32)
                           ->  Seq Scan on phoml_trajectory_tmp s_1473  (cost=0.00..95.68 rows=17 width=40)
                                 Filter: ((unix_time >= '1685451472.21'::double precision) AND (unix_time <= '1685451532.21'::double precision))
   ->  Subquery Scan on "*SELECT* 1475"  (cost=97.82..97.83 rows=1 width=76)
         ->  Limit  (cost=97.82..97.82 rows=1 width=84)
               ->  Sort  (cost=97.82..97.82 rows=1 width=84)
                     Sort Key: (st_distance(st_transform(s_1474.the_geom, 25833), schw_1474.schw))
                     ->  Nested Loop  (cost=0.00..97.81 rows=1 width=84)
                           Join Filter: ((st_transform(s_1474.the_geom, 25833) && st_expand(schw_1474.schw, '300'::double precision)) AND (schw_1474.schw && st_expand(st_transform(s_1474.the_geom, 25833), '300'::double precision)) AND _st_dwithin(st_transform(s_1474.the_geom, 25833), schw_1474.schw, '300'::double precision))
                           ->  Function Scan on schw_1474  (cost=0.00..0.01 rows=1 width=32)
                           ->  Seq Scan on phoml_trajectory_tmp s_1474  (cost=0.00..95.68 rows=17 width=40)
                                 Filter: ((unix_time >= '1685451472.539'::double precision) AND (unix_time <= '1685451532.539'::double precision))
   ->  Subquery Scan on "*SELECT* 1476"  (cost=97.82..97.83 rows=1 width=76)
         ->  Limit  (cost=97.82..97.82 rows=1 width=84)
               ->  Sort  (cost=97.82..97.82 rows=1 width=84)
                     Sort Key: (st_distance(st_transform(s_1475.the_geom, 25833), schw_1475.schw))
                     ->  Nested Loop  (cost=0.00..97.81 rows=1 width=84)
                           Join Filter: ((st_transform(s_1475.the_geom, 25833) && st_expand(schw_1475.schw, '300'::double precision)) AND (schw_1475.schw && st_expand(st_transform(s_1475.the_geom, 25833), '300'::double precision)) AND _st_dwithin(st_transform(s_1475.the_geom, 25833), schw_1475.schw, '300'::double precision))
                           ->  Function Scan on schw_1475  (cost=0.00..0.01 rows=1 width=32)
                           ->  Seq Scan on phoml_trajectory_tmp s_1475  (cost=0.00..95.68 rows=17 width=40)
                                 Filter: ((unix_time >= '1685451472.869'::double precision) AND (unix_time <= '1685451532.869'::double precision))
   ->  Subquery Scan on "*SELECT* 1477"  (cost=97.82..97.83 rows=1 width=76)
         ->  Limit  (cost=97.82..97.82 rows=1 width=84)
               ->  Sort  (cost=97.82..97.82 rows=1 width=84)
                     Sort Key: (st_distance(st_transform(s_1476.the_geom, 25833), schw_1476.schw))
                     ->  Nested Loop  (cost=0.00..97.81 rows=1 width=84)
                           Join Filter: ((st_transform(s_1476.the_geom, 25833) && st_expand(schw_1476.schw, '300'::double precision)) AND (schw_1476.schw && st_expand(st_transform(s_1476.the_geom, 25833), '300'::double precision)) AND _st_dwithin(st_transform(s_1476.the_geom, 25833), schw_1476.schw, '300'::double precision))
                           ->  Function Scan on schw_1476  (cost=0.00..0.01 rows=1 width=32)
                           ->  Seq Scan on phoml_trajectory_tmp s_1476  (cost=0.00..95.68 rows=17 width=40)
                                 Filter: ((unix_time >= '1685451473.202'::double precision) AND (unix_time <= '1685451533.202'::double precision))
   ->  Subquery Scan on "*SELECT* 1478"  (cost=97.82..97.83 rows=1 width=76)
         ->  Limit  (cost=97.82..97.82 rows=1 width=84)
               ->  Sort  (cost=97.82..97.82 rows=1 width=84)
                     Sort Key: (st_distance(st_transform(s_1477.the_geom, 25833), schw_1477.schw))
                     ->  Nested Loop  (cost=0.00..97.81 rows=1 width=84)
                           Join Filter: ((st_transform(s_1477.the_geom, 25833) && st_expand(schw_1477.schw, '300'::double precision)) AND (schw_1477.schw && st_expand(st_transform(s_1477.the_geom, 25833), '300'::double precision)) AND _st_dwithin(st_transform(s_1477.the_geom, 25833), schw_1477.schw, '300'::double precision))
                           ->  Function Scan on schw_1477  (cost=0.00..0.01 rows=1 width=32)
                           ->  Seq Scan on phoml_trajectory_tmp s_1477  (cost=0.00..95.68 rows=17 width=40)
                                 Filter: ((unix_time >= '1685451473.532'::double precision) AND (unix_time <= '1685451533.532'::double precision))
   ->  Subquery Scan on "*SELECT* 1479"  (cost=97.82..97.83 rows=1 width=76)
         ->  Limit  (cost=97.82..97.82 rows=1 width=84)
               ->  Sort  (cost=97.82..97.82 rows=1 width=84)
                     Sort Key: (st_distance(st_transform(s_1478.the_geom, 25833), schw_1478.schw))
                     ->  Nested Loop  (cost=0.00..97.81 rows=1 width=84)
                           Join Filter: ((st_transform(s_1478.the_geom, 25833) && st_expand(schw_1478.schw, '300'::double precision)) AND (schw_1478.schw && st_expand(st_transform(s_1478.the_geom, 25833), '300'::double precision)) AND _st_dwithin(st_transform(s_1478.the_geom, 25833), schw_1478.schw, '300'::double precision))
                           ->  Function Scan on schw_1478  (cost=0.00..0.01 rows=1 width=32)
                           ->  Seq Scan on phoml_trajectory_tmp s_1478  (cost=0.00..95.68 rows=17 width=40)
                                 Filter: ((unix_time >= '1685451473.872'::double precision) AND (unix_time <= '1685451533.872'::double precision))
   ->  Subquery Scan on "*SELECT* 1480"  (cost=97.82..97.83 rows=1 width=76)
         ->  Limit  (cost=97.82..97.82 rows=1 width=84)
               ->  Sort  (cost=97.82..97.82 rows=1 width=84)
                     Sort Key: (st_distance(st_transform(s_1479.the_geom, 25833), schw_1479.schw))
                     ->  Nested Loop  (cost=0.00..97.81 rows=1 width=84)
                           Join Filter: ((st_transform(s_1479.the_geom, 25833) && st_expand(schw_1479.schw, '300'::double precision)) AND (schw_1479.schw && st_expand(st_transform(s_1479.the_geom, 25833), '300'::double precision)) AND _st_dwithin(st_transform(s_1479.the_geom, 25833), schw_1479.schw, '300'::double precision))
                           ->  Function Scan on schw_1479  (cost=0.00..0.01 rows=1 width=32)
                           ->  Seq Scan on phoml_trajectory_tmp s_1479  (cost=0.00..95.68 rows=17 width=40)
                                 Filter: ((unix_time >= '1685451474.205'::double precision) AND (unix_time <= '1685451534.205'::double precision))
   ->  Subquery Scan on "*SELECT* 1481"  (cost=97.82..97.83 rows=1 width=76)
         ->  Limit  (cost=97.82..97.82 rows=1 width=84)
               ->  Sort  (cost=97.82..97.82 rows=1 width=84)
                     Sort Key: (st_distance(st_transform(s_1480.the_geom, 25833), schw_1480.schw))
                     ->  Nested Loop  (cost=0.00..97.81 rows=1 width=84)
                           Join Filter: ((st_transform(s_1480.the_geom, 25833) && st_expand(schw_1480.schw, '300'::double precision)) AND (schw_1480.schw && st_expand(st_transform(s_1480.the_geom, 25833), '300'::double precision)) AND _st_dwithin(st_transform(s_1480.the_geom, 25833), schw_1480.schw, '300'::double precision))
                           ->  Function Scan on schw_1480  (cost=0.00..0.01 rows=1 width=32)
                           ->  Seq Scan on phoml_trajectory_tmp s_1480  (cost=0.00..95.68 rows=17 width=40)
                                 Filter: ((unix_time >= '1685451474.545'::double precision) AND (unix_time <= '1685451534.545'::double precision))
   ->  Subquery Scan on "*SELECT* 1482"  (cost=97.82..97.83 rows=1 width=76)
         ->  Limit  (cost=97.82..97.82 rows=1 width=84)
               ->  Sort  (cost=97.82..97.82 rows=1 width=84)
                     Sort Key: (st_distance(st_transform(s_1481.the_geom, 25833), schw_1481.schw))
                     ->  Nested Loop  (cost=0.00..97.81 rows=1 width=84)
                           Join Filter: ((st_transform(s_1481.the_geom, 25833) && st_expand(schw_1481.schw, '300'::double precision)) AND (schw_1481.schw && st_expand(st_transform(s_1481.the_geom, 25833), '300'::double precision)) AND _st_dwithin(st_transform(s_1481.the_geom, 25833), schw_1481.schw, '300'::double precision))
                           ->  Function Scan on schw_1481  (cost=0.00..0.01 rows=1 width=32)
                           ->  Seq Scan on phoml_trajectory_tmp s_1481  (cost=0.00..95.68 rows=17 width=40)
                                 Filter: ((unix_time >= '1685451474.885'::double precision) AND (unix_time <= '1685451534.885'::double precision))
   ->  Subquery Scan on "*SELECT* 1483"  (cost=97.82..97.83 rows=1 width=76)
         ->  Limit  (cost=97.82..97.82 rows=1 width=84)
               ->  Sort  (cost=97.82..97.82 rows=1 width=84)
                     Sort Key: (st_distance(st_transform(s_1482.the_geom, 25833), schw_1482.schw))
                     ->  Nested Loop  (cost=0.00..97.81 rows=1 width=84)
                           Join Filter: ((st_transform(s_1482.the_geom, 25833) && st_expand(schw_1482.schw, '300'::double precision)) AND (schw_1482.schw && st_expand(st_transform(s_1482.the_geom, 25833), '300'::double precision)) AND _st_dwithin(st_transform(s_1482.the_geom, 25833), schw_1482.schw, '300'::double precision))
                           ->  Function Scan on schw_1482  (cost=0.00..0.01 rows=1 width=32)
                           ->  Seq Scan on phoml_trajectory_tmp s_1482  (cost=0.00..95.68 rows=17 width=40)
                                 Filter: ((unix_time >= '1685451475.219'::double precision) AND (unix_time <= '1685451535.219'::double precision))
   ->  Subquery Scan on "*SELECT* 1484"  (cost=97.82..97.83 rows=1 width=76)
         ->  Limit  (cost=97.82..97.82 rows=1 width=84)
               ->  Sort  (cost=97.82..97.82 rows=1 width=84)
                     Sort Key: (st_distance(st_transform(s_1483.the_geom, 25833), schw_1483.schw))
                     ->  Nested Loop  (cost=0.00..97.81 rows=1 width=84)
                           Join Filter: ((st_transform(s_1483.the_geom, 25833) && st_expand(schw_1483.schw, '300'::double precision)) AND (schw_1483.schw && st_expand(st_transform(s_1483.the_geom, 25833), '300'::double precision)) AND _st_dwithin(st_transform(s_1483.the_geom, 25833), schw_1483.schw, '300'::double precision))
                           ->  Function Scan on schw_1483  (cost=0.00..0.01 rows=1 width=32)
                           ->  Seq Scan on phoml_trajectory_tmp s_1483  (cost=0.00..95.68 rows=17 width=40)
                                 Filter: ((unix_time >= '1685451475.559'::double precision) AND (unix_time <= '1685451535.559'::double precision))
   ->  Subquery Scan on "*SELECT* 1485"  (cost=97.82..97.83 rows=1 width=76)
         ->  Limit  (cost=97.82..97.82 rows=1 width=84)
               ->  Sort  (cost=97.82..97.82 rows=1 width=84)
                     Sort Key: (st_distance(st_transform(s_1484.the_geom, 25833), schw_1484.schw))
                     ->  Nested Loop  (cost=0.00..97.81 rows=1 width=84)
                           Join Filter: ((st_transform(s_1484.the_geom, 25833) && st_expand(schw_1484.schw, '300'::double precision)) AND (schw_1484.schw && st_expand(st_transform(s_1484.the_geom, 25833), '300'::double precision)) AND _st_dwithin(st_transform(s_1484.the_geom, 25833), schw_1484.schw, '300'::double precision))
                           ->  Function Scan on schw_1484  (cost=0.00..0.01 rows=1 width=32)
                           ->  Seq Scan on phoml_trajectory_tmp s_1484  (cost=0.00..95.68 rows=17 width=40)
                                 Filter: ((unix_time >= '1685451475.909'::double precision) AND (unix_time <= '1685451535.909'::double precision))
   ->  Subquery Scan on "*SELECT* 1486"  (cost=97.82..97.83 rows=1 width=76)
         ->  Limit  (cost=97.82..97.82 rows=1 width=84)
               ->  Sort  (cost=97.82..97.82 rows=1 width=84)
                     Sort Key: (st_distance(st_transform(s_1485.the_geom, 25833), schw_1485.schw))
                     ->  Nested Loop  (cost=0.00..97.81 rows=1 width=84)
                           Join Filter: ((st_transform(s_1485.the_geom, 25833) && st_expand(schw_1485.schw, '300'::double precision)) AND (schw_1485.schw && st_expand(st_transform(s_1485.the_geom, 25833), '300'::double precision)) AND _st_dwithin(st_transform(s_1485.the_geom, 25833), schw_1485.schw, '300'::double precision))
                           ->  Function Scan on schw_1485  (cost=0.00..0.01 rows=1 width=32)
                           ->  Seq Scan on phoml_trajectory_tmp s_1485  (cost=0.00..95.68 rows=17 width=40)
                                 Filter: ((unix_time >= '1685451476.252'::double precision) AND (unix_time <= '1685451536.252'::double precision))
   ->  Subquery Scan on "*SELECT* 1487"  (cost=97.82..97.83 rows=1 width=76)
         ->  Limit  (cost=97.82..97.82 rows=1 width=84)
               ->  Sort  (cost=97.82..97.82 rows=1 width=84)
                     Sort Key: (st_distance(st_transform(s_1486.the_geom, 25833), schw_1486.schw))
                     ->  Nested Loop  (cost=0.00..97.81 rows=1 width=84)
                           Join Filter: ((st_transform(s_1486.the_geom, 25833) && st_expand(schw_1486.schw, '300'::double precision)) AND (schw_1486.schw && st_expand(st_transform(s_1486.the_geom, 25833), '300'::double precision)) AND _st_dwithin(st_transform(s_1486.the_geom, 25833), schw_1486.schw, '300'::double precision))
                           ->  Function Scan on schw_1486  (cost=0.00..0.01 rows=1 width=32)
                           ->  Seq Scan on phoml_trajectory_tmp s_1486  (cost=0.00..95.68 rows=17 width=40)
                                 Filter: ((unix_time >= '1685451476.592'::double precision) AND (unix_time <= '1685451536.592'::double precision))
   ->  Subquery Scan on "*SELECT* 1488"  (cost=97.82..97.83 rows=1 width=76)
         ->  Limit  (cost=97.82..97.82 rows=1 width=84)
               ->  Sort  (cost=97.82..97.82 rows=1 width=84)
                     Sort Key: (st_distance(st_transform(s_1487.the_geom, 25833), schw_1487.schw))
                     ->  Nested Loop  (cost=0.00..97.81 rows=1 width=84)
                           Join Filter: ((st_transform(s_1487.the_geom, 25833) && st_expand(schw_1487.schw, '300'::double precision)) AND (schw_1487.schw && st_expand(st_transform(s_1487.the_geom, 25833), '300'::double precision)) AND _st_dwithin(st_transform(s_1487.the_geom, 25833), schw_1487.schw, '300'::double precision))
                           ->  Function Scan on schw_1487  (cost=0.00..0.01 rows=1 width=32)
                           ->  Seq Scan on phoml_trajectory_tmp s_1487  (cost=0.00..95.68 rows=17 width=40)
                                 Filter: ((unix_time >= '1685451476.942'::double precision) AND (unix_time <= '1685451536.942'::double precision))
   ->  Subquery Scan on "*SELECT* 1489"  (cost=97.82..97.83 rows=1 width=76)
         ->  Limit  (cost=97.82..97.82 rows=1 width=84)
               ->  Sort  (cost=97.82..97.82 rows=1 width=84)
                     Sort Key: (st_distance(st_transform(s_1488.the_geom, 25833), schw_1488.schw))
                     ->  Nested Loop  (cost=0.00..97.81 rows=1 width=84)
                           Join Filter: ((st_transform(s_1488.the_geom, 25833) && st_expand(schw_1488.schw, '300'::double precision)) AND (schw_1488.schw && st_expand(st_transform(s_1488.the_geom, 25833), '300'::double precision)) AND _st_dwithin(st_transform(s_1488.the_geom, 25833), schw_1488.schw, '300'::double precision))
                           ->  Function Scan on schw_1488  (cost=0.00..0.01 rows=1 width=32)
                           ->  Seq Scan on phoml_trajectory_tmp s_1488  (cost=0.00..95.68 rows=17 width=40)
                                 Filter: ((unix_time >= '1685451477.282'::double precision) AND (unix_time <= '1685451537.282'::double precision))
   ->  Subquery Scan on "*SELECT* 1490"  (cost=97.82..97.83 rows=1 width=76)
         ->  Limit  (cost=97.82..97.82 rows=1 width=84)
               ->  Sort  (cost=97.82..97.82 rows=1 width=84)
                     Sort Key: (st_distance(st_transform(s_1489.the_geom, 25833), schw_1489.schw))
                     ->  Nested Loop  (cost=0.00..97.81 rows=1 width=84)
                           Join Filter: ((st_transform(s_1489.the_geom, 25833) && st_expand(schw_1489.schw, '300'::double precision)) AND (schw_1489.schw && st_expand(st_transform(s_1489.the_geom, 25833), '300'::double precision)) AND _st_dwithin(st_transform(s_1489.the_geom, 25833), schw_1489.schw, '300'::double precision))
                           ->  Function Scan on schw_1489  (cost=0.00..0.01 rows=1 width=32)
                           ->  Seq Scan on phoml_trajectory_tmp s_1489  (cost=0.00..95.68 rows=17 width=40)
                                 Filter: ((unix_time >= '1685451477.622'::double precision) AND (unix_time <= '1685451537.622'::double precision))
   ->  Subquery Scan on "*SELECT* 1491"  (cost=97.82..97.83 rows=1 width=76)
         ->  Limit  (cost=97.82..97.82 rows=1 width=84)
               ->  Sort  (cost=97.82..97.82 rows=1 width=84)
                     Sort Key: (st_distance(st_transform(s_1490.the_geom, 25833), schw_1490.schw))
                     ->  Nested Loop  (cost=0.00..97.81 rows=1 width=84)
                           Join Filter: ((st_transform(s_1490.the_geom, 25833) && st_expand(schw_1490.schw, '300'::double precision)) AND (schw_1490.schw && st_expand(st_transform(s_1490.the_geom, 25833), '300'::double precision)) AND _st_dwithin(st_transform(s_1490.the_geom, 25833), schw_1490.schw, '300'::double precision))
                           ->  Function Scan on schw_1490  (cost=0.00..0.01 rows=1 width=32)
                           ->  Seq Scan on phoml_trajectory_tmp s_1490  (cost=0.00..95.68 rows=17 width=40)
                                 Filter: ((unix_time >= '1685451477.972'::double precision) AND (unix_time <= '1685451537.972'::double precision))
   ->  Subquery Scan on "*SELECT* 1492"  (cost=97.82..97.83 rows=1 width=76)
         ->  Limit  (cost=97.82..97.82 rows=1 width=84)
               ->  Sort  (cost=97.82..97.82 rows=1 width=84)
                     Sort Key: (st_distance(st_transform(s_1491.the_geom, 25833), schw_1491.schw))
                     ->  Nested Loop  (cost=0.00..97.81 rows=1 width=84)
                           Join Filter: ((st_transform(s_1491.the_geom, 25833) && st_expand(schw_1491.schw, '300'::double precision)) AND (schw_1491.schw && st_expand(st_transform(s_1491.the_geom, 25833), '300'::double precision)) AND _st_dwithin(st_transform(s_1491.the_geom, 25833), schw_1491.schw, '300'::double precision))
                           ->  Function Scan on schw_1491  (cost=0.00..0.01 rows=1 width=32)
                           ->  Seq Scan on phoml_trajectory_tmp s_1491  (cost=0.00..95.68 rows=17 width=40)
                                 Filter: ((unix_time >= '1685451478.307'::double precision) AND (unix_time <= '1685451538.307'::double precision))
   ->  Subquery Scan on "*SELECT* 1493"  (cost=97.82..97.83 rows=1 width=76)
         ->  Limit  (cost=97.82..97.82 rows=1 width=84)
               ->  Sort  (cost=97.82..97.82 rows=1 width=84)
                     Sort Key: (st_distance(st_transform(s_1492.the_geom, 25833), schw_1492.schw))
                     ->  Nested Loop  (cost=0.00..97.81 rows=1 width=84)
                           Join Filter: ((st_transform(s_1492.the_geom, 25833) && st_expand(schw_1492.schw, '300'::double precision)) AND (schw_1492.schw && st_expand(st_transform(s_1492.the_geom, 25833), '300'::double precision)) AND _st_dwithin(st_transform(s_1492.the_geom, 25833), schw_1492.schw, '300'::double precision))
                           ->  Function Scan on schw_1492  (cost=0.00..0.01 rows=1 width=32)
                           ->  Seq Scan on phoml_trajectory_tmp s_1492  (cost=0.00..95.68 rows=17 width=40)
                                 Filter: ((unix_time >= '1685451478.647'::double precision) AND (unix_time <= '1685451538.647'::double precision))
   ->  Subquery Scan on "*SELECT* 1494"  (cost=97.82..97.83 rows=1 width=76)
         ->  Limit  (cost=97.82..97.82 rows=1 width=84)
               ->  Sort  (cost=97.82..97.82 rows=1 width=84)
                     Sort Key: (st_distance(st_transform(s_1493.the_geom, 25833), schw_1493.schw))
                     ->  Nested Loop  (cost=0.00..97.81 rows=1 width=84)
                           Join Filter: ((st_transform(s_1493.the_geom, 25833) && st_expand(schw_1493.schw, '300'::double precision)) AND (schw_1493.schw && st_expand(st_transform(s_1493.the_geom, 25833), '300'::double precision)) AND _st_dwithin(st_transform(s_1493.the_geom, 25833), schw_1493.schw, '300'::double precision))
                           ->  Function Scan on schw_1493  (cost=0.00..0.01 rows=1 width=32)
                           ->  Seq Scan on phoml_trajectory_tmp s_1493  (cost=0.00..95.68 rows=17 width=40)
                                 Filter: ((unix_time >= '1685451478.997'::double precision) AND (unix_time <= '1685451538.997'::double precision))
   ->  Subquery Scan on "*SELECT* 1495"  (cost=97.82..97.83 rows=1 width=76)
         ->  Limit  (cost=97.82..97.82 rows=1 width=84)
               ->  Sort  (cost=97.82..97.82 rows=1 width=84)
                     Sort Key: (st_distance(st_transform(s_1494.the_geom, 25833), schw_1494.schw))
                     ->  Nested Loop  (cost=0.00..97.81 rows=1 width=84)
                           Join Filter: ((st_transform(s_1494.the_geom, 25833) && st_expand(schw_1494.schw, '300'::double precision)) AND (schw_1494.schw && st_expand(st_transform(s_1494.the_geom, 25833), '300'::double precision)) AND _st_dwithin(st_transform(s_1494.the_geom, 25833), schw_1494.schw, '300'::double precision))
                           ->  Function Scan on schw_1494  (cost=0.00..0.01 rows=1 width=32)
                           ->  Seq Scan on phoml_trajectory_tmp s_1494  (cost=0.00..95.68 rows=17 width=40)
                                 Filter: ((unix_time >= '1685451479.34'::double precision) AND (unix_time <= '1685451539.34'::double precision))
   ->  Subquery Scan on "*SELECT* 1496"  (cost=97.82..97.83 rows=1 width=76)
         ->  Limit  (cost=97.82..97.82 rows=1 width=84)
               ->  Sort  (cost=97.82..97.82 rows=1 width=84)
                     Sort Key: (st_distance(st_transform(s_1495.the_geom, 25833), schw_1495.schw))
                     ->  Nested Loop  (cost=0.00..97.81 rows=1 width=84)
                           Join Filter: ((st_transform(s_1495.the_geom, 25833) && st_expand(schw_1495.schw, '300'::double precision)) AND (schw_1495.schw && st_expand(st_transform(s_1495.the_geom, 25833), '300'::double precision)) AND _st_dwithin(st_transform(s_1495.the_geom, 25833), schw_1495.schw, '300'::double precision))
                           ->  Function Scan on schw_1495  (cost=0.00..0.01 rows=1 width=32)
                           ->  Seq Scan on phoml_trajectory_tmp s_1495  (cost=0.00..95.68 rows=17 width=40)
                                 Filter: ((unix_time >= '1685451479.67'::double precision) AND (unix_time <= '1685451539.67'::double precision))
   ->  Subquery Scan on "*SELECT* 1497"  (cost=97.82..97.83 rows=1 width=76)
         ->  Limit  (cost=97.82..97.82 rows=1 width=84)
               ->  Sort  (cost=97.82..97.82 rows=1 width=84)
                     Sort Key: (st_distance(st_transform(s_1496.the_geom, 25833), schw_1496.schw))
                     ->  Nested Loop  (cost=0.00..97.81 rows=1 width=84)
                           Join Filter: ((st_transform(s_1496.the_geom, 25833) && st_expand(schw_1496.schw, '300'::double precision)) AND (schw_1496.schw && st_expand(st_transform(s_1496.the_geom, 25833), '300'::double precision)) AND _st_dwithin(st_transform(s_1496.the_geom, 25833), schw_1496.schw, '300'::double precision))
                           ->  Function Scan on schw_1496  (cost=0.00..0.01 rows=1 width=32)
                           ->  Seq Scan on phoml_trajectory_tmp s_1496  (cost=0.00..95.68 rows=17 width=40)
                                 Filter: ((unix_time >= '1685451480.01'::double precision) AND (unix_time <= '1685451540.01'::double precision))
   ->  Subquery Scan on "*SELECT* 1498"  (cost=97.82..97.83 rows=1 width=76)
         ->  Limit  (cost=97.82..97.82 rows=1 width=84)
               ->  Sort  (cost=97.82..97.82 rows=1 width=84)
                     Sort Key: (st_distance(st_transform(s_1497.the_geom, 25833), schw_1497.schw))
                     ->  Nested Loop  (cost=0.00..97.81 rows=1 width=84)
                           Join Filter: ((st_transform(s_1497.the_geom, 25833) && st_expand(schw_1497.schw, '300'::double precision)) AND (schw_1497.schw && st_expand(st_transform(s_1497.the_geom, 25833), '300'::double precision)) AND _st_dwithin(st_transform(s_1497.the_geom, 25833), schw_1497.schw, '300'::double precision))
                           ->  Function Scan on schw_1497  (cost=0.00..0.01 rows=1 width=32)
                           ->  Seq Scan on phoml_trajectory_tmp s_1497  (cost=0.00..95.68 rows=17 width=40)
                                 Filter: ((unix_time >= '1685451480.353'::double precision) AND (unix_time <= '1685451540.353'::double precision))
   ->  Subquery Scan on "*SELECT* 1499"  (cost=97.82..97.83 rows=1 width=76)
         ->  Limit  (cost=97.82..97.82 rows=1 width=84)
               ->  Sort  (cost=97.82..97.82 rows=1 width=84)
                     Sort Key: (st_distance(st_transform(s_1498.the_geom, 25833), schw_1498.schw))
                     ->  Nested Loop  (cost=0.00..97.81 rows=1 width=84)
                           Join Filter: ((st_transform(s_1498.the_geom, 25833) && st_expand(schw_1498.schw, '300'::double precision)) AND (schw_1498.schw && st_expand(st_transform(s_1498.the_geom, 25833), '300'::double precision)) AND _st_dwithin(st_transform(s_1498.the_geom, 25833), schw_1498.schw, '300'::double precision))
                           ->  Function Scan on schw_1498  (cost=0.00..0.01 rows=1 width=32)
                           ->  Seq Scan on phoml_trajectory_tmp s_1498  (cost=0.00..95.68 rows=17 width=40)
                                 Filter: ((unix_time >= '1685451480.673'::double precision) AND (unix_time <= '1685451540.673'::double precision))
   ->  Subquery Scan on "*SELECT* 1500"  (cost=97.82..97.83 rows=1 width=76)
         ->  Limit  (cost=97.82..97.82 rows=1 width=84)
               ->  Sort  (cost=97.82..97.82 rows=1 width=84)
                     Sort Key: (st_distance(st_transform(s_1499.the_geom, 25833), schw_1499.schw))
                     ->  Nested Loop  (cost=0.00..97.81 rows=1 width=84)
                           Join Filter: ((st_transform(s_1499.the_geom, 25833) && st_expand(schw_1499.schw, '300'::double precision)) AND (schw_1499.schw && st_expand(st_transform(s_1499.the_geom, 25833), '300'::double precision)) AND _st_dwithin(st_transform(s_1499.the_geom, 25833), schw_1499.schw, '300'::double precision))
                           ->  Function Scan on schw_1499  (cost=0.00..0.01 rows=1 width=32)
                           ->  Seq Scan on phoml_trajectory_tmp s_1499  (cost=0.00..95.68 rows=17 width=40)
                                 Filter: ((unix_time >= '1685451481.023'::double precision) AND (unix_time <= '1685451541.023'::double precision))
   ->  Subquery Scan on "*SELECT* 1501"  (cost=97.82..97.83 rows=1 width=76)
         ->  Limit  (cost=97.82..97.82 rows=1 width=84)
               ->  Sort  (cost=97.82..97.82 rows=1 width=84)
                     Sort Key: (st_distance(st_transform(s_1500.the_geom, 25833), schw_1500.schw))
                     ->  Nested Loop  (cost=0.00..97.81 rows=1 width=84)
                           Join Filter: ((st_transform(s_1500.the_geom, 25833) && st_expand(schw_1500.schw, '300'::double precision)) AND (schw_1500.schw && st_expand(st_transform(s_1500.the_geom, 25833), '300'::double precision)) AND _st_dwithin(st_transform(s_1500.the_geom, 25833), schw_1500.schw, '300'::double precision))
                           ->  Function Scan on schw_1500  (cost=0.00..0.01 rows=1 width=32)
                           ->  Seq Scan on phoml_trajectory_tmp s_1500  (cost=0.00..95.68 rows=17 width=40)
                                 Filter: ((unix_time >= '1685451481.361'::double precision) AND (unix_time <= '1685451541.361'::double precision))
   ->  Subquery Scan on "*SELECT* 1502"  (cost=97.82..97.83 rows=1 width=76)
         ->  Limit  (cost=97.82..97.82 rows=1 width=84)
               ->  Sort  (cost=97.82..97.82 rows=1 width=84)
                     Sort Key: (st_distance(st_transform(s_1501.the_geom, 25833), schw_1501.schw))
                     ->  Nested Loop  (cost=0.00..97.81 rows=1 width=84)
                           Join Filter: ((st_transform(s_1501.the_geom, 25833) && st_expand(schw_1501.schw, '300'::double precision)) AND (schw_1501.schw && st_expand(st_transform(s_1501.the_geom, 25833), '300'::double precision)) AND _st_dwithin(st_transform(s_1501.the_geom, 25833), schw_1501.schw, '300'::double precision))
                           ->  Function Scan on schw_1501  (cost=0.00..0.01 rows=1 width=32)
                           ->  Seq Scan on phoml_trajectory_tmp s_1501  (cost=0.00..95.68 rows=17 width=40)
                                 Filter: ((unix_time >= '1685451481.691'::double precision) AND (unix_time <= '1685451541.691'::double precision))
   ->  Subquery Scan on "*SELECT* 1503"  (cost=97.82..97.83 rows=1 width=76)
         ->  Limit  (cost=97.82..97.82 rows=1 width=84)
               ->  Sort  (cost=97.82..97.82 rows=1 width=84)
                     Sort Key: (st_distance(st_transform(s_1502.the_geom, 25833), schw_1502.schw))
                     ->  Nested Loop  (cost=0.00..97.81 rows=1 width=84)
                           Join Filter: ((st_transform(s_1502.the_geom, 25833) && st_expand(schw_1502.schw, '300'::double precision)) AND (schw_1502.schw && st_expand(st_transform(s_1502.the_geom, 25833), '300'::double precision)) AND _st_dwithin(st_transform(s_1502.the_geom, 25833), schw_1502.schw, '300'::double precision))
                           ->  Function Scan on schw_1502  (cost=0.00..0.01 rows=1 width=32)
                           ->  Seq Scan on phoml_trajectory_tmp s_1502  (cost=0.00..95.68 rows=17 width=40)
                                 Filter: ((unix_time >= '1685451482.021'::double precision) AND (unix_time <= '1685451542.021'::double precision))
   ->  Subquery Scan on "*SELECT* 1504"  (cost=97.82..97.83 rows=1 width=76)
         ->  Limit  (cost=97.82..97.82 rows=1 width=84)
               ->  Sort  (cost=97.82..97.82 rows=1 width=84)
                     Sort Key: (st_distance(st_transform(s_1503.the_geom, 25833), schw_1503.schw))
                     ->  Nested Loop  (cost=0.00..97.81 rows=1 width=84)
                           Join Filter: ((st_transform(s_1503.the_geom, 25833) && st_expand(schw_1503.schw, '300'::double precision)) AND (schw_1503.schw && st_expand(st_transform(s_1503.the_geom, 25833), '300'::double precision)) AND _st_dwithin(st_transform(s_1503.the_geom, 25833), schw_1503.schw, '300'::double precision))
                           ->  Function Scan on schw_1503  (cost=0.00..0.01 rows=1 width=32)
                           ->  Seq Scan on phoml_trajectory_tmp s_1503  (cost=0.00..95.68 rows=17 width=40)
                                 Filter: ((unix_time >= '1685451482.354'::double precision) AND (unix_time <= '1685451542.354'::double precision))
   ->  Subquery Scan on "*SELECT* 1505"  (cost=97.82..97.83 rows=1 width=76)
         ->  Limit  (cost=97.82..97.82 rows=1 width=84)
               ->  Sort  (cost=97.82..97.82 rows=1 width=84)
                     Sort Key: (st_distance(st_transform(s_1504.the_geom, 25833), schw_1504.schw))
                     ->  Nested Loop  (cost=0.00..97.81 rows=1 width=84)
                           Join Filter: ((st_transform(s_1504.the_geom, 25833) && st_expand(schw_1504.schw, '300'::double precision)) AND (schw_1504.schw && st_expand(st_transform(s_1504.the_geom, 25833), '300'::double precision)) AND _st_dwithin(st_transform(s_1504.the_geom, 25833), schw_1504.schw, '300'::double precision))
                           ->  Function Scan on schw_1504  (cost=0.00..0.01 rows=1 width=32)
                           ->  Seq Scan on phoml_trajectory_tmp s_1504  (cost=0.00..95.68 rows=17 width=40)
                                 Filter: ((unix_time >= '1685451482.674'::double precision) AND (unix_time <= '1685451542.674'::double precision))
   ->  Subquery Scan on "*SELECT* 1506"  (cost=97.82..97.83 rows=1 width=76)
         ->  Limit  (cost=97.82..97.82 rows=1 width=84)
               ->  Sort  (cost=97.82..97.82 rows=1 width=84)
                     Sort Key: (st_distance(st_transform(s_1505.the_geom, 25833), schw_1505.schw))
                     ->  Nested Loop  (cost=0.00..97.81 rows=1 width=84)
                           Join Filter: ((st_transform(s_1505.the_geom, 25833) && st_expand(schw_1505.schw, '300'::double precision)) AND (schw_1505.schw && st_expand(st_transform(s_1505.the_geom, 25833), '300'::double precision)) AND _st_dwithin(st_transform(s_1505.the_geom, 25833), schw_1505.schw, '300'::double precision))
                           ->  Function Scan on schw_1505  (cost=0.00..0.01 rows=1 width=32)
                           ->  Seq Scan on phoml_trajectory_tmp s_1505  (cost=0.00..95.68 rows=17 width=40)
                                 Filter: ((unix_time >= '1685451483.014'::double precision) AND (unix_time <= '1685451543.014'::double precision))
   ->  Subquery Scan on "*SELECT* 1507"  (cost=97.82..97.83 rows=1 width=76)
         ->  Limit  (cost=97.82..97.82 rows=1 width=84)
               ->  Sort  (cost=97.82..97.82 rows=1 width=84)
                     Sort Key: (st_distance(st_transform(s_1506.the_geom, 25833), schw_1506.schw))
                     ->  Nested Loop  (cost=0.00..97.81 rows=1 width=84)
                           Join Filter: ((st_transform(s_1506.the_geom, 25833) && st_expand(schw_1506.schw, '300'::double precision)) AND (schw_1506.schw && st_expand(st_transform(s_1506.the_geom, 25833), '300'::double precision)) AND _st_dwithin(st_transform(s_1506.the_geom, 25833), schw_1506.schw, '300'::double precision))
                           ->  Function Scan on schw_1506  (cost=0.00..0.01 rows=1 width=32)
                           ->  Seq Scan on phoml_trajectory_tmp s_1506  (cost=0.00..95.68 rows=17 width=40)
                                 Filter: ((unix_time >= '1685451483.341'::double precision) AND (unix_time <= '1685451543.341'::double precision))
   ->  Subquery Scan on "*SELECT* 1508"  (cost=97.82..97.83 rows=1 width=76)
         ->  Limit  (cost=97.82..97.82 rows=1 width=84)
               ->  Sort  (cost=97.82..97.82 rows=1 width=84)
                     Sort Key: (st_distance(st_transform(s_1507.the_geom, 25833), schw_1507.schw))
                     ->  Nested Loop  (cost=0.00..97.81 rows=1 width=84)
                           Join Filter: ((st_transform(s_1507.the_geom, 25833) && st_expand(schw_1507.schw, '300'::double precision)) AND (schw_1507.schw && st_expand(st_transform(s_1507.the_geom, 25833), '300'::double precision)) AND _st_dwithin(st_transform(s_1507.the_geom, 25833), schw_1507.schw, '300'::double precision))
                           ->  Function Scan on schw_1507  (cost=0.00..0.01 rows=1 width=32)
                           ->  Seq Scan on phoml_trajectory_tmp s_1507  (cost=0.00..95.68 rows=17 width=40)
                                 Filter: ((unix_time >= '1685451483.661'::double precision) AND (unix_time <= '1685451543.661'::double precision))
   ->  Subquery Scan on "*SELECT* 1509"  (cost=97.82..97.83 rows=1 width=76)
         ->  Limit  (cost=97.82..97.82 rows=1 width=84)
               ->  Sort  (cost=97.82..97.82 rows=1 width=84)
                     Sort Key: (st_distance(st_transform(s_1508.the_geom, 25833), schw_1508.schw))
                     ->  Nested Loop  (cost=0.00..97.81 rows=1 width=84)
                           Join Filter: ((st_transform(s_1508.the_geom, 25833) && st_expand(schw_1508.schw, '300'::double precision)) AND (schw_1508.schw && st_expand(st_transform(s_1508.the_geom, 25833), '300'::double precision)) AND _st_dwithin(st_transform(s_1508.the_geom, 25833), schw_1508.schw, '300'::double precision))
                           ->  Function Scan on schw_1508  (cost=0.00..0.01 rows=1 width=32)
                           ->  Seq Scan on phoml_trajectory_tmp s_1508  (cost=0.00..95.68 rows=17 width=40)
                                 Filter: ((unix_time >= '1685451483.991'::double precision) AND (unix_time <= '1685451543.991'::double precision))
   ->  Subquery Scan on "*SELECT* 1510"  (cost=97.82..97.83 rows=1 width=76)
         ->  Limit  (cost=97.82..97.82 rows=1 width=84)
               ->  Sort  (cost=97.82..97.82 rows=1 width=84)
                     Sort Key: (st_distance(st_transform(s_1509.the_geom, 25833), schw_1509.schw))
                     ->  Nested Loop  (cost=0.00..97.81 rows=1 width=84)
                           Join Filter: ((st_transform(s_1509.the_geom, 25833) && st_expand(schw_1509.schw, '300'::double precision)) AND (schw_1509.schw && st_expand(st_transform(s_1509.the_geom, 25833), '300'::double precision)) AND _st_dwithin(st_transform(s_1509.the_geom, 25833), schw_1509.schw, '300'::double precision))
                           ->  Function Scan on schw_1509  (cost=0.00..0.01 rows=1 width=32)
                           ->  Seq Scan on phoml_trajectory_tmp s_1509  (cost=0.00..95.68 rows=17 width=40)
                                 Filter: ((unix_time >= '1685451484.321'::double precision) AND (unix_time <= '1685451544.321'::double precision))
   ->  Subquery Scan on "*SELECT* 1511"  (cost=97.82..97.83 rows=1 width=76)
         ->  Limit  (cost=97.82..97.82 rows=1 width=84)
               ->  Sort  (cost=97.82..97.82 rows=1 width=84)
                     Sort Key: (st_distance(st_transform(s_1510.the_geom, 25833), schw_1510.schw))
                     ->  Nested Loop  (cost=0.00..97.81 rows=1 width=84)
                           Join Filter: ((st_transform(s_1510.the_geom, 25833) && st_expand(schw_1510.schw, '300'::double precision)) AND (schw_1510.schw && st_expand(st_transform(s_1510.the_geom, 25833), '300'::double precision)) AND _st_dwithin(st_transform(s_1510.the_geom, 25833), schw_1510.schw, '300'::double precision))
                           ->  Function Scan on schw_1510  (cost=0.00..0.01 rows=1 width=32)
                           ->  Seq Scan on phoml_trajectory_tmp s_1510  (cost=0.00..95.68 rows=17 width=40)
                                 Filter: ((unix_time >= '1685451484.641'::double precision) AND (unix_time <= '1685451544.641'::double precision))
   ->  Subquery Scan on "*SELECT* 1512"  (cost=97.82..97.83 rows=1 width=76)
         ->  Limit  (cost=97.82..97.82 rows=1 width=84)
               ->  Sort  (cost=97.82..97.82 rows=1 width=84)
                     Sort Key: (st_distance(st_transform(s_1511.the_geom, 25833), schw_1511.schw))
                     ->  Nested Loop  (cost=0.00..97.81 rows=1 width=84)
                           Join Filter: ((st_transform(s_1511.the_geom, 25833) && st_expand(schw_1511.schw, '300'::double precision)) AND (schw_1511.schw && st_expand(st_transform(s_1511.the_geom, 25833), '300'::double precision)) AND _st_dwithin(st_transform(s_1511.the_geom, 25833), schw_1511.schw, '300'::double precision))
                           ->  Function Scan on schw_1511  (cost=0.00..0.01 rows=1 width=32)
                           ->  Seq Scan on phoml_trajectory_tmp s_1511  (cost=0.00..95.68 rows=17 width=40)
                                 Filter: ((unix_time >= '1685451484.981'::double precision) AND (unix_time <= '1685451544.981'::double precision))
   ->  Subquery Scan on "*SELECT* 1513"  (cost=97.82..97.83 rows=1 width=76)
         ->  Limit  (cost=97.82..97.82 rows=1 width=84)
               ->  Sort  (cost=97.82..97.82 rows=1 width=84)
                     Sort Key: (st_distance(st_transform(s_1512.the_geom, 25833), schw_1512.schw))
                     ->  Nested Loop  (cost=0.00..97.81 rows=1 width=84)
                           Join Filter: ((st_transform(s_1512.the_geom, 25833) && st_expand(schw_1512.schw, '300'::double precision)) AND (schw_1512.schw && st_expand(st_transform(s_1512.the_geom, 25833), '300'::double precision)) AND _st_dwithin(st_transform(s_1512.the_geom, 25833), schw_1512.schw, '300'::double precision))
                           ->  Function Scan on schw_1512  (cost=0.00..0.01 rows=1 width=32)
                           ->  Seq Scan on phoml_trajectory_tmp s_1512  (cost=0.00..95.68 rows=17 width=40)
                                 Filter: ((unix_time >= '1685451485.295'::double precision) AND (unix_time <= '1685451545.295'::double precision))
   ->  Subquery Scan on "*SELECT* 1514"  (cost=97.82..97.83 rows=1 width=76)
         ->  Limit  (cost=97.82..97.82 rows=1 width=84)
               ->  Sort  (cost=97.82..97.82 rows=1 width=84)
                     Sort Key: (st_distance(st_transform(s_1513.the_geom, 25833), schw_1513.schw))
                     ->  Nested Loop  (cost=0.00..97.81 rows=1 width=84)
                           Join Filter: ((st_transform(s_1513.the_geom, 25833) && st_expand(schw_1513.schw, '300'::double precision)) AND (schw_1513.schw && st_expand(st_transform(s_1513.the_geom, 25833), '300'::double precision)) AND _st_dwithin(st_transform(s_1513.the_geom, 25833), schw_1513.schw, '300'::double precision))
                           ->  Function Scan on schw_1513  (cost=0.00..0.01 rows=1 width=32)
                           ->  Seq Scan on phoml_trajectory_tmp s_1513  (cost=0.00..95.68 rows=17 width=40)
                                 Filter: ((unix_time >= '1685451485.635'::double precision) AND (unix_time <= '1685451545.635'::double precision))
   ->  Subquery Scan on "*SELECT* 1515"  (cost=97.82..97.83 rows=1 width=76)
         ->  Limit  (cost=97.82..97.82 rows=1 width=84)
               ->  Sort  (cost=97.82..97.82 rows=1 width=84)
                     Sort Key: (st_distance(st_transform(s_1514.the_geom, 25833), schw_1514.schw))
                     ->  Nested Loop  (cost=0.00..97.81 rows=1 width=84)
                           Join Filter: ((st_transform(s_1514.the_geom, 25833) && st_expand(schw_1514.schw, '300'::double precision)) AND (schw_1514.schw && st_expand(st_transform(s_1514.the_geom, 25833), '300'::double precision)) AND _st_dwithin(st_transform(s_1514.the_geom, 25833), schw_1514.schw, '300'::double precision))
                           ->  Function Scan on schw_1514  (cost=0.00..0.01 rows=1 width=32)
                           ->  Seq Scan on phoml_trajectory_tmp s_1514  (cost=0.00..95.68 rows=17 width=40)
                                 Filter: ((unix_time >= '1685451485.965'::double precision) AND (unix_time <= '1685451545.965'::double precision))
   ->  Subquery Scan on "*SELECT* 1516"  (cost=97.82..97.83 rows=1 width=76)
         ->  Limit  (cost=97.82..97.82 rows=1 width=84)
               ->  Sort  (cost=97.82..97.82 rows=1 width=84)
                     Sort Key: (st_distance(st_transform(s_1515.the_geom, 25833), schw_1515.schw))
                     ->  Nested Loop  (cost=0.00..97.81 rows=1 width=84)
                           Join Filter: ((st_transform(s_1515.the_geom, 25833) && st_expand(schw_1515.schw, '300'::double precision)) AND (schw_1515.schw && st_expand(st_transform(s_1515.the_geom, 25833), '300'::double precision)) AND _st_dwithin(st_transform(s_1515.the_geom, 25833), schw_1515.schw, '300'::double precision))
                           ->  Function Scan on schw_1515  (cost=0.00..0.01 rows=1 width=32)
                           ->  Seq Scan on phoml_trajectory_tmp s_1515  (cost=0.00..95.68 rows=17 width=40)
                                 Filter: ((unix_time >= '1685451486.292'::double precision) AND (unix_time <= '1685451546.292'::double precision))
   ->  Subquery Scan on "*SELECT* 1517"  (cost=97.82..97.83 rows=1 width=76)
         ->  Limit  (cost=97.82..97.82 rows=1 width=84)
               ->  Sort  (cost=97.82..97.82 rows=1 width=84)
                     Sort Key: (st_distance(st_transform(s_1516.the_geom, 25833), schw_1516.schw))
                     ->  Nested Loop  (cost=0.00..97.81 rows=1 width=84)
                           Join Filter: ((st_transform(s_1516.the_geom, 25833) && st_expand(schw_1516.schw, '300'::double precision)) AND (schw_1516.schw && st_expand(st_transform(s_1516.the_geom, 25833), '300'::double precision)) AND _st_dwithin(st_transform(s_1516.the_geom, 25833), schw_1516.schw, '300'::double precision))
                           ->  Function Scan on schw_1516  (cost=0.00..0.01 rows=1 width=32)
                           ->  Seq Scan on phoml_trajectory_tmp s_1516  (cost=0.00..95.68 rows=17 width=40)
                                 Filter: ((unix_time >= '1685451486.632'::double precision) AND (unix_time <= '1685451546.632'::double precision))
   ->  Subquery Scan on "*SELECT* 1518"  (cost=97.82..97.83 rows=1 width=76)
         ->  Limit  (cost=97.82..97.82 rows=1 width=84)
               ->  Sort  (cost=97.82..97.82 rows=1 width=84)
                     Sort Key: (st_distance(st_transform(s_1517.the_geom, 25833), schw_1517.schw))
                     ->  Nested Loop  (cost=0.00..97.81 rows=1 width=84)
                           Join Filter: ((st_transform(s_1517.the_geom, 25833) && st_expand(schw_1517.schw, '300'::double precision)) AND (schw_1517.schw && st_expand(st_transform(s_1517.the_geom, 25833), '300'::double precision)) AND _st_dwithin(st_transform(s_1517.the_geom, 25833), schw_1517.schw, '300'::double precision))
                           ->  Function Scan on schw_1517  (cost=0.00..0.01 rows=1 width=32)
                           ->  Seq Scan on phoml_trajectory_tmp s_1517  (cost=0.00..95.68 rows=17 width=40)
                                 Filter: ((unix_time >= '1685451486.962'::double precision) AND (unix_time <= '1685451546.962'::double precision))
   ->  Subquery Scan on "*SELECT* 1519"  (cost=97.82..97.83 rows=1 width=76)
         ->  Limit  (cost=97.82..97.82 rows=1 width=84)
               ->  Sort  (cost=97.82..97.82 rows=1 width=84)
                     Sort Key: (st_distance(st_transform(s_1518.the_geom, 25833), schw_1518.schw))
                     ->  Nested Loop  (cost=0.00..97.81 rows=1 width=84)
                           Join Filter: ((st_transform(s_1518.the_geom, 25833) && st_expand(schw_1518.schw, '300'::double precision)) AND (schw_1518.schw && st_expand(st_transform(s_1518.the_geom, 25833), '300'::double precision)) AND _st_dwithin(st_transform(s_1518.the_geom, 25833), schw_1518.schw, '300'::double precision))
                           ->  Function Scan on schw_1518  (cost=0.00..0.01 rows=1 width=32)
                           ->  Seq Scan on phoml_trajectory_tmp s_1518  (cost=0.00..95.68 rows=17 width=40)
                                 Filter: ((unix_time >= '1685451487.293'::double precision) AND (unix_time <= '1685451547.293'::double precision))
   ->  Subquery Scan on "*SELECT* 1520"  (cost=97.82..97.83 rows=1 width=76)
         ->  Limit  (cost=97.82..97.82 rows=1 width=84)
               ->  Sort  (cost=97.82..97.82 rows=1 width=84)
                     Sort Key: (st_distance(st_transform(s_1519.the_geom, 25833), schw_1519.schw))
                     ->  Nested Loop  (cost=0.00..97.81 rows=1 width=84)
                           Join Filter: ((st_transform(s_1519.the_geom, 25833) && st_expand(schw_1519.schw, '300'::double precision)) AND (schw_1519.schw && st_expand(st_transform(s_1519.the_geom, 25833), '300'::double precision)) AND _st_dwithin(st_transform(s_1519.the_geom, 25833), schw_1519.schw, '300'::double precision))
                           ->  Function Scan on schw_1519  (cost=0.00..0.01 rows=1 width=32)
                           ->  Seq Scan on phoml_trajectory_tmp s_1519  (cost=0.00..95.68 rows=17 width=40)
                                 Filter: ((unix_time >= '1685451487.623'::double precision) AND (unix_time <= '1685451547.623'::double precision))
   ->  Subquery Scan on "*SELECT* 1521"  (cost=97.82..97.83 rows=1 width=76)
         ->  Limit  (cost=97.82..97.82 rows=1 width=84)
               ->  Sort  (cost=97.82..97.82 rows=1 width=84)
                     Sort Key: (st_distance(st_transform(s_1520.the_geom, 25833), schw_1520.schw))
                     ->  Nested Loop  (cost=0.00..97.81 rows=1 width=84)
                           Join Filter: ((st_transform(s_1520.the_geom, 25833) && st_expand(schw_1520.schw, '300'::double precision)) AND (schw_1520.schw && st_expand(st_transform(s_1520.the_geom, 25833), '300'::double precision)) AND _st_dwithin(st_transform(s_1520.the_geom, 25833), schw_1520.schw, '300'::double precision))
                           ->  Function Scan on schw_1520  (cost=0.00..0.01 rows=1 width=32)
                           ->  Seq Scan on phoml_trajectory_tmp s_1520  (cost=0.00..95.68 rows=17 width=40)
                                 Filter: ((unix_time >= '1685451487.963'::double precision) AND (unix_time <= '1685451547.963'::double precision))
   ->  Subquery Scan on "*SELECT* 1522"  (cost=97.82..97.83 rows=1 width=76)
         ->  Limit  (cost=97.82..97.82 rows=1 width=84)
               ->  Sort  (cost=97.82..97.82 rows=1 width=84)
                     Sort Key: (st_distance(st_transform(s_1521.the_geom, 25833), schw_1521.schw))
                     ->  Nested Loop  (cost=0.00..97.81 rows=1 width=84)
                           Join Filter: ((st_transform(s_1521.the_geom, 25833) && st_expand(schw_1521.schw, '300'::double precision)) AND (schw_1521.schw && st_expand(st_transform(s_1521.the_geom, 25833), '300'::double precision)) AND _st_dwithin(st_transform(s_1521.the_geom, 25833), schw_1521.schw, '300'::double precision))
                           ->  Function Scan on schw_1521  (cost=0.00..0.01 rows=1 width=32)
                           ->  Seq Scan on phoml_trajectory_tmp s_1521  (cost=0.00..95.68 rows=17 width=40)
                                 Filter: ((unix_time >= '1685451488.301'::double precision) AND (unix_time <= '1685451548.301'::double precision))
   ->  Subquery Scan on "*SELECT* 1523"  (cost=97.82..97.83 rows=1 width=76)
         ->  Limit  (cost=97.82..97.82 rows=1 width=84)
               ->  Sort  (cost=97.82..97.82 rows=1 width=84)
                     Sort Key: (st_distance(st_transform(s_1522.the_geom, 25833), schw_1522.schw))
                     ->  Nested Loop  (cost=0.00..97.81 rows=1 width=84)
                           Join Filter: ((st_transform(s_1522.the_geom, 25833) && st_expand(schw_1522.schw, '300'::double precision)) AND (schw_1522.schw && st_expand(st_transform(s_1522.the_geom, 25833), '300'::double precision)) AND _st_dwithin(st_transform(s_1522.the_geom, 25833), schw_1522.schw, '300'::double precision))
                           ->  Function Scan on schw_1522  (cost=0.00..0.01 rows=1 width=32)
                           ->  Seq Scan on phoml_trajectory_tmp s_1522  (cost=0.00..95.68 rows=17 width=40)
                                 Filter: ((unix_time >= '1685451488.641'::double precision) AND (unix_time <= '1685451548.641'::double precision))
   ->  Subquery Scan on "*SELECT* 1524"  (cost=97.82..97.83 rows=1 width=76)
         ->  Limit  (cost=97.82..97.82 rows=1 width=84)
               ->  Sort  (cost=97.82..97.82 rows=1 width=84)
                     Sort Key: (st_distance(st_transform(s_1523.the_geom, 25833), schw_1523.schw))
                     ->  Nested Loop  (cost=0.00..97.81 rows=1 width=84)
                           Join Filter: ((st_transform(s_1523.the_geom, 25833) && st_expand(schw_1523.schw, '300'::double precision)) AND (schw_1523.schw && st_expand(st_transform(s_1523.the_geom, 25833), '300'::double precision)) AND _st_dwithin(st_transform(s_1523.the_geom, 25833), schw_1523.schw, '300'::double precision))
                           ->  Function Scan on schw_1523  (cost=0.00..0.01 rows=1 width=32)
                           ->  Seq Scan on phoml_trajectory_tmp s_1523  (cost=0.00..95.68 rows=17 width=40)
                                 Filter: ((unix_time >= '1685451488.981'::double precision) AND (unix_time <= '1685451548.981'::double precision))
   ->  Subquery Scan on "*SELECT* 1525"  (cost=97.82..97.83 rows=1 width=76)
         ->  Limit  (cost=97.82..97.82 rows=1 width=84)
               ->  Sort  (cost=97.82..97.82 rows=1 width=84)
                     Sort Key: (st_distance(st_transform(s_1524.the_geom, 25833), schw_1524.schw))
                     ->  Nested Loop  (cost=0.00..97.81 rows=1 width=84)
                           Join Filter: ((st_transform(s_1524.the_geom, 25833) && st_expand(schw_1524.schw, '300'::double precision)) AND (schw_1524.schw && st_expand(st_transform(s_1524.the_geom, 25833), '300'::double precision)) AND _st_dwithin(st_transform(s_1524.the_geom, 25833), schw_1524.schw, '300'::double precision))
                           ->  Function Scan on schw_1524  (cost=0.00..0.01 rows=1 width=32)
                           ->  Seq Scan on phoml_trajectory_tmp s_1524  (cost=0.00..95.68 rows=17 width=40)
                                 Filter: ((unix_time >= '1685451489.32'::double precision) AND (unix_time <= '1685451549.32'::double precision))
   ->  Subquery Scan on "*SELECT* 1526"  (cost=97.82..97.83 rows=1 width=76)
         ->  Limit  (cost=97.82..97.82 rows=1 width=84)
               ->  Sort  (cost=97.82..97.82 rows=1 width=84)
                     Sort Key: (st_distance(st_transform(s_1525.the_geom, 25833), schw_1525.schw))
                     ->  Nested Loop  (cost=0.00..97.81 rows=1 width=84)
                           Join Filter: ((st_transform(s_1525.the_geom, 25833) && st_expand(schw_1525.schw, '300'::double precision)) AND (schw_1525.schw && st_expand(st_transform(s_1525.the_geom, 25833), '300'::double precision)) AND _st_dwithin(st_transform(s_1525.the_geom, 25833), schw_1525.schw, '300'::double precision))
                           ->  Function Scan on schw_1525  (cost=0.00..0.01 rows=1 width=32)
                           ->  Seq Scan on phoml_trajectory_tmp s_1525  (cost=0.00..95.68 rows=17 width=40)
                                 Filter: ((unix_time >= '1685451489.66'::double precision) AND (unix_time <= '1685451549.66'::double precision))
   ->  Subquery Scan on "*SELECT* 1527"  (cost=97.82..97.83 rows=1 width=76)
         ->  Limit  (cost=97.82..97.82 rows=1 width=84)
               ->  Sort  (cost=97.82..97.82 rows=1 width=84)
                     Sort Key: (st_distance(st_transform(s_1526.the_geom, 25833), schw_1526.schw))
                     ->  Nested Loop  (cost=0.00..97.81 rows=1 width=84)
                           Join Filter: ((st_transform(s_1526.the_geom, 25833) && st_expand(schw_1526.schw, '300'::double precision)) AND (schw_1526.schw && st_expand(st_transform(s_1526.the_geom, 25833), '300'::double precision)) AND _st_dwithin(st_transform(s_1526.the_geom, 25833), schw_1526.schw, '300'::double precision))
                           ->  Function Scan on schw_1526  (cost=0.00..0.01 rows=1 width=32)
                           ->  Seq Scan on phoml_trajectory_tmp s_1526  (cost=0.00..95.68 rows=17 width=40)
                                 Filter: ((unix_time >= '1685451489.99'::double precision) AND (unix_time <= '1685451549.99'::double precision))
   ->  Subquery Scan on "*SELECT* 1528"  (cost=97.82..97.83 rows=1 width=76)
         ->  Limit  (cost=97.82..97.82 rows=1 width=84)
               ->  Sort  (cost=97.82..97.82 rows=1 width=84)
                     Sort Key: (st_distance(st_transform(s_1527.the_geom, 25833), schw_1527.schw))
                     ->  Nested Loop  (cost=0.00..97.81 rows=1 width=84)
                           Join Filter: ((st_transform(s_1527.the_geom, 25833) && st_expand(schw_1527.schw, '300'::double precision)) AND (schw_1527.schw && st_expand(st_transform(s_1527.the_geom, 25833), '300'::double precision)) AND _st_dwithin(st_transform(s_1527.the_geom, 25833), schw_1527.schw, '300'::double precision))
                           ->  Function Scan on schw_1527  (cost=0.00..0.01 rows=1 width=32)
                           ->  Seq Scan on phoml_trajectory_tmp s_1527  (cost=0.00..95.68 rows=17 width=40)
                                 Filter: ((unix_time >= '1685451490.324'::double precision) AND (unix_time <= '1685451550.324'::double precision))
   ->  Subquery Scan on "*SELECT* 1529"  (cost=97.82..97.83 rows=1 width=76)
         ->  Limit  (cost=97.82..97.82 rows=1 width=84)
               ->  Sort  (cost=97.82..97.82 rows=1 width=84)
                     Sort Key: (st_distance(st_transform(s_1528.the_geom, 25833), schw_1528.schw))
                     ->  Nested Loop  (cost=0.00..97.81 rows=1 width=84)
                           Join Filter: ((st_transform(s_1528.the_geom, 25833) && st_expand(schw_1528.schw, '300'::double precision)) AND (schw_1528.schw && st_expand(st_transform(s_1528.the_geom, 25833), '300'::double precision)) AND _st_dwithin(st_transform(s_1528.the_geom, 25833), schw_1528.schw, '300'::double precision))
                           ->  Function Scan on schw_1528  (cost=0.00..0.01 rows=1 width=32)
                           ->  Seq Scan on phoml_trajectory_tmp s_1528  (cost=0.00..95.68 rows=17 width=40)
                                 Filter: ((unix_time >= '1685451490.674'::double precision) AND (unix_time <= '1685451550.674'::double precision))
   ->  Subquery Scan on "*SELECT* 1530"  (cost=97.82..97.83 rows=1 width=76)
         ->  Limit  (cost=97.82..97.82 rows=1 width=84)
               ->  Sort  (cost=97.82..97.82 rows=1 width=84)
                     Sort Key: (st_distance(st_transform(s_1529.the_geom, 25833), schw_1529.schw))
                     ->  Nested Loop  (cost=0.00..97.81 rows=1 width=84)
                           Join Filter: ((st_transform(s_1529.the_geom, 25833) && st_expand(schw_1529.schw, '300'::double precision)) AND (schw_1529.schw && st_expand(st_transform(s_1529.the_geom, 25833), '300'::double precision)) AND _st_dwithin(st_transform(s_1529.the_geom, 25833), schw_1529.schw, '300'::double precision))
                           ->  Function Scan on schw_1529  (cost=0.00..0.01 rows=1 width=32)
                           ->  Seq Scan on phoml_trajectory_tmp s_1529  (cost=0.00..95.68 rows=17 width=40)
                                 Filter: ((unix_time >= '1685451491.024'::double precision) AND (unix_time <= '1685451551.024'::double precision))
   ->  Subquery Scan on "*SELECT* 1531"  (cost=97.82..97.83 rows=1 width=76)
         ->  Limit  (cost=97.82..97.82 rows=1 width=84)
               ->  Sort  (cost=97.82..97.82 rows=1 width=84)
                     Sort Key: (st_distance(st_transform(s_1530.the_geom, 25833), schw_1530.schw))
                     ->  Nested Loop  (cost=0.00..97.81 rows=1 width=84)
                           Join Filter: ((st_transform(s_1530.the_geom, 25833) && st_expand(schw_1530.schw, '300'::double precision)) AND (schw_1530.schw && st_expand(st_transform(s_1530.the_geom, 25833), '300'::double precision)) AND _st_dwithin(st_transform(s_1530.the_geom, 25833), schw_1530.schw, '300'::double precision))
                           ->  Function Scan on schw_1530  (cost=0.00..0.01 rows=1 width=32)
                           ->  Seq Scan on phoml_trajectory_tmp s_1530  (cost=0.00..95.68 rows=17 width=40)
                                 Filter: ((unix_time >= '1685451491.357'::double precision) AND (unix_time <= '1685451551.357'::double precision))
   ->  Subquery Scan on "*SELECT* 1532"  (cost=97.82..97.83 rows=1 width=76)
         ->  Limit  (cost=97.82..97.82 rows=1 width=84)
               ->  Sort  (cost=97.82..97.82 rows=1 width=84)
                     Sort Key: (st_distance(st_transform(s_1531.the_geom, 25833), schw_1531.schw))
                     ->  Nested Loop  (cost=0.00..97.81 rows=1 width=84)
                           Join Filter: ((st_transform(s_1531.the_geom, 25833) && st_expand(schw_1531.schw, '300'::double precision)) AND (schw_1531.schw && st_expand(st_transform(s_1531.the_geom, 25833), '300'::double precision)) AND _st_dwithin(st_transform(s_1531.the_geom, 25833), schw_1531.schw, '300'::double precision))
                           ->  Function Scan on schw_1531  (cost=0.00..0.01 rows=1 width=32)
                           ->  Seq Scan on phoml_trajectory_tmp s_1531  (cost=0.00..95.68 rows=17 width=40)
                                 Filter: ((unix_time >= '1685451491.707'::double precision) AND (unix_time <= '1685451551.707'::double precision))
   ->  Subquery Scan on "*SELECT* 1533"  (cost=97.82..97.83 rows=1 width=76)
         ->  Limit  (cost=97.82..97.82 rows=1 width=84)
               ->  Sort  (cost=97.82..97.82 rows=1 width=84)
                     Sort Key: (st_distance(st_transform(s_1532.the_geom, 25833), schw_1532.schw))
                     ->  Nested Loop  (cost=0.00..97.81 rows=1 width=84)
                           Join Filter: ((st_transform(s_1532.the_geom, 25833) && st_expand(schw_1532.schw, '300'::double precision)) AND (schw_1532.schw && st_expand(st_transform(s_1532.the_geom, 25833), '300'::double precision)) AND _st_dwithin(st_transform(s_1532.the_geom, 25833), schw_1532.schw, '300'::double precision))
                           ->  Function Scan on schw_1532  (cost=0.00..0.01 rows=1 width=32)
                           ->  Seq Scan on phoml_trajectory_tmp s_1532  (cost=0.00..95.68 rows=17 width=40)
                                 Filter: ((unix_time >= '1685451492.047'::double precision) AND (unix_time <= '1685451552.047'::double precision))
   ->  Subquery Scan on "*SELECT* 1534"  (cost=97.82..97.83 rows=1 width=76)
         ->  Limit  (cost=97.82..97.82 rows=1 width=84)
               ->  Sort  (cost=97.82..97.82 rows=1 width=84)
                     Sort Key: (st_distance(st_transform(s_1533.the_geom, 25833), schw_1533.schw))
                     ->  Nested Loop  (cost=0.00..97.81 rows=1 width=84)
                           Join Filter: ((st_transform(s_1533.the_geom, 25833) && st_expand(schw_1533.schw, '300'::double precision)) AND (schw_1533.schw && st_expand(st_transform(s_1533.the_geom, 25833), '300'::double precision)) AND _st_dwithin(st_transform(s_1533.the_geom, 25833), schw_1533.schw, '300'::double precision))
                           ->  Function Scan on schw_1533  (cost=0.00..0.01 rows=1 width=32)
                           ->  Seq Scan on phoml_trajectory_tmp s_1533  (cost=0.00..95.68 rows=17 width=40)
                                 Filter: ((unix_time >= '1685451492.391'::double precision) AND (unix_time <= '1685451552.391'::double precision))
   ->  Subquery Scan on "*SELECT* 1535"  (cost=97.82..97.83 rows=1 width=76)
         ->  Limit  (cost=97.82..97.82 rows=1 width=84)
               ->  Sort  (cost=97.82..97.82 rows=1 width=84)
                     Sort Key: (st_distance(st_transform(s_1534.the_geom, 25833), schw_1534.schw))
                     ->  Nested Loop  (cost=0.00..97.81 rows=1 width=84)
                           Join Filter: ((st_transform(s_1534.the_geom, 25833) && st_expand(schw_1534.schw, '300'::double precision)) AND (schw_1534.schw && st_expand(st_transform(s_1534.the_geom, 25833), '300'::double precision)) AND _st_dwithin(st_transform(s_1534.the_geom, 25833), schw_1534.schw, '300'::double precision))
                           ->  Function Scan on schw_1534  (cost=0.00..0.01 rows=1 width=32)
                           ->  Seq Scan on phoml_trajectory_tmp s_1534  (cost=0.00..95.68 rows=17 width=40)
                                 Filter: ((unix_time >= '1685451492.731'::double precision) AND (unix_time <= '1685451552.731'::double precision))
   ->  Subquery Scan on "*SELECT* 1536"  (cost=97.82..97.83 rows=1 width=76)
         ->  Limit  (cost=97.82..97.82 rows=1 width=84)
               ->  Sort  (cost=97.82..97.82 rows=1 width=84)
                     Sort Key: (st_distance(st_transform(s_1535.the_geom, 25833), schw_1535.schw))
                     ->  Nested Loop  (cost=0.00..97.81 rows=1 width=84)
                           Join Filter: ((st_transform(s_1535.the_geom, 25833) && st_expand(schw_1535.schw, '300'::double precision)) AND (schw_1535.schw && st_expand(st_transform(s_1535.the_geom, 25833), '300'::double precision)) AND _st_dwithin(st_transform(s_1535.the_geom, 25833), schw_1535.schw, '300'::double precision))
                           ->  Function Scan on schw_1535  (cost=0.00..0.01 rows=1 width=32)
                           ->  Seq Scan on phoml_trajectory_tmp s_1535  (cost=0.00..95.68 rows=17 width=40)
                                 Filter: ((unix_time >= '1685451493.091'::double precision) AND (unix_time <= '1685451553.091'::double precision))
   ->  Subquery Scan on "*SELECT* 1537"  (cost=97.82..97.83 rows=1 width=76)
         ->  Limit  (cost=97.82..97.82 rows=1 width=84)
               ->  Sort  (cost=97.82..97.82 rows=1 width=84)
                     Sort Key: (st_distance(st_transform(s_1536.the_geom, 25833), schw_1536.schw))
                     ->  Nested Loop  (cost=0.00..97.81 rows=1 width=84)
                           Join Filter: ((st_transform(s_1536.the_geom, 25833) && st_expand(schw_1536.schw, '300'::double precision)) AND (schw_1536.schw && st_expand(st_transform(s_1536.the_geom, 25833), '300'::double precision)) AND _st_dwithin(st_transform(s_1536.the_geom, 25833), schw_1536.schw, '300'::double precision))
                           ->  Function Scan on schw_1536  (cost=0.00..0.01 rows=1 width=32)
                           ->  Seq Scan on phoml_trajectory_tmp s_1536  (cost=0.00..95.68 rows=17 width=40)
                                 Filter: ((unix_time >= '1685451493.434'::double precision) AND (unix_time <= '1685451553.434'::double precision))
   ->  Subquery Scan on "*SELECT* 1538"  (cost=97.82..97.83 rows=1 width=76)
         ->  Limit  (cost=97.82..97.82 rows=1 width=84)
               ->  Sort  (cost=97.82..97.82 rows=1 width=84)
                     Sort Key: (st_distance(st_transform(s_1537.the_geom, 25833), schw_1537.schw))
                     ->  Nested Loop  (cost=0.00..97.81 rows=1 width=84)
                           Join Filter: ((st_transform(s_1537.the_geom, 25833) && st_expand(schw_1537.schw, '300'::double precision)) AND (schw_1537.schw && st_expand(st_transform(s_1537.the_geom, 25833), '300'::double precision)) AND _st_dwithin(st_transform(s_1537.the_geom, 25833), schw_1537.schw, '300'::double precision))
                           ->  Function Scan on schw_1537  (cost=0.00..0.01 rows=1 width=32)
                           ->  Seq Scan on phoml_trajectory_tmp s_1537  (cost=0.00..95.68 rows=17 width=40)
                                 Filter: ((unix_time >= '1685451493.764'::double precision) AND (unix_time <= '1685451553.764'::double precision))
   ->  Subquery Scan on "*SELECT* 1539"  (cost=97.82..97.83 rows=1 width=76)
         ->  Limit  (cost=97.82..97.82 rows=1 width=84)
               ->  Sort  (cost=97.82..97.82 rows=1 width=84)
                     Sort Key: (st_distance(st_transform(s_1538.the_geom, 25833), schw_1538.schw))
                     ->  Nested Loop  (cost=0.00..97.81 rows=1 width=84)
                           Join Filter: ((st_transform(s_1538.the_geom, 25833) && st_expand(schw_1538.schw, '300'::double precision)) AND (schw_1538.schw && st_expand(st_transform(s_1538.the_geom, 25833), '300'::double precision)) AND _st_dwithin(st_transform(s_1538.the_geom, 25833), schw_1538.schw, '300'::double precision))
                           ->  Function Scan on schw_1538  (cost=0.00..0.01 rows=1 width=32)
                           ->  Seq Scan on phoml_trajectory_tmp s_1538  (cost=0.00..95.68 rows=17 width=40)
                                 Filter: ((unix_time >= '1685451494.124'::double precision) AND (unix_time <= '1685451554.124'::double precision))
   ->  Subquery Scan on "*SELECT* 1540"  (cost=97.82..97.83 rows=1 width=76)
         ->  Limit  (cost=97.82..97.82 rows=1 width=84)
               ->  Sort  (cost=97.82..97.82 rows=1 width=84)
                     Sort Key: (st_distance(st_transform(s_1539.the_geom, 25833), schw_1539.schw))
                     ->  Nested Loop  (cost=0.00..97.81 rows=1 width=84)
                           Join Filter: ((st_transform(s_1539.the_geom, 25833) && st_expand(schw_1539.schw, '300'::double precision)) AND (schw_1539.schw && st_expand(st_transform(s_1539.the_geom, 25833), '300'::double precision)) AND _st_dwithin(st_transform(s_1539.the_geom, 25833), schw_1539.schw, '300'::double precision))
                           ->  Function Scan on schw_1539  (cost=0.00..0.01 rows=1 width=32)
                           ->  Seq Scan on phoml_trajectory_tmp s_1539  (cost=0.00..95.68 rows=17 width=40)
                                 Filter: ((unix_time >= '1685451494.465'::double precision) AND (unix_time <= '1685451554.465'::double precision))
   ->  Subquery Scan on "*SELECT* 1541"  (cost=97.82..97.83 rows=1 width=76)
         ->  Limit  (cost=97.82..97.82 rows=1 width=84)
               ->  Sort  (cost=97.82..97.82 rows=1 width=84)
                     Sort Key: (st_distance(st_transform(s_1540.the_geom, 25833), schw_1540.schw))
                     ->  Nested Loop  (cost=0.00..97.81 rows=1 width=84)
                           Join Filter: ((st_transform(s_1540.the_geom, 25833) && st_expand(schw_1540.schw, '300'::double precision)) AND (schw_1540.schw && st_expand(st_transform(s_1540.the_geom, 25833), '300'::double precision)) AND _st_dwithin(st_transform(s_1540.the_geom, 25833), schw_1540.schw, '300'::double precision))
                           ->  Function Scan on schw_1540  (cost=0.00..0.01 rows=1 width=32)
                           ->  Seq Scan on phoml_trajectory_tmp s_1540  (cost=0.00..95.68 rows=17 width=40)
                                 Filter: ((unix_time >= '1685451494.805'::double precision) AND (unix_time <= '1685451554.805'::double precision))
   ->  Subquery Scan on "*SELECT* 1542"  (cost=97.82..97.83 rows=1 width=76)
         ->  Limit  (cost=97.82..97.82 rows=1 width=84)
               ->  Sort  (cost=97.82..97.82 rows=1 width=84)
                     Sort Key: (st_distance(st_transform(s_1541.the_geom, 25833), schw_1541.schw))
                     ->  Nested Loop  (cost=0.00..97.81 rows=1 width=84)
                           Join Filter: ((st_transform(s_1541.the_geom, 25833) && st_expand(schw_1541.schw, '300'::double precision)) AND (schw_1541.schw && st_expand(st_transform(s_1541.the_geom, 25833), '300'::double precision)) AND _st_dwithin(st_transform(s_1541.the_geom, 25833), schw_1541.schw, '300'::double precision))
                           ->  Function Scan on schw_1541  (cost=0.00..0.01 rows=1 width=32)
                           ->  Seq Scan on phoml_trajectory_tmp s_1541  (cost=0.00..95.68 rows=17 width=40)
                                 Filter: ((unix_time >= '1685451495.157'::double precision) AND (unix_time <= '1685451555.157'::double precision))
   ->  Subquery Scan on "*SELECT* 1543"  (cost=97.82..97.83 rows=1 width=76)
         ->  Limit  (cost=97.82..97.82 rows=1 width=84)
               ->  Sort  (cost=97.82..97.82 rows=1 width=84)
                     Sort Key: (st_distance(st_transform(s_1542.the_geom, 25833), schw_1542.schw))
                     ->  Nested Loop  (cost=0.00..97.81 rows=1 width=84)
                           Join Filter: ((st_transform(s_1542.the_geom, 25833) && st_expand(schw_1542.schw, '300'::double precision)) AND (schw_1542.schw && st_expand(st_transform(s_1542.the_geom, 25833), '300'::double precision)) AND _st_dwithin(st_transform(s_1542.the_geom, 25833), schw_1542.schw, '300'::double precision))
                           ->  Function Scan on schw_1542  (cost=0.00..0.01 rows=1 width=32)
                           ->  Seq Scan on phoml_trajectory_tmp s_1542  (cost=0.00..95.68 rows=17 width=40)
                                 Filter: ((unix_time >= '1685451495.487'::double precision) AND (unix_time <= '1685451555.487'::double precision))
   ->  Subquery Scan on "*SELECT* 1544"  (cost=97.82..97.83 rows=1 width=76)
         ->  Limit  (cost=97.82..97.82 rows=1 width=84)
               ->  Sort  (cost=97.82..97.82 rows=1 width=84)
                     Sort Key: (st_distance(st_transform(s_1543.the_geom, 25833), schw_1543.schw))
                     ->  Nested Loop  (cost=0.00..97.81 rows=1 width=84)
                           Join Filter: ((st_transform(s_1543.the_geom, 25833) && st_expand(schw_1543.schw, '300'::double precision)) AND (schw_1543.schw && st_expand(st_transform(s_1543.the_geom, 25833), '300'::double precision)) AND _st_dwithin(st_transform(s_1543.the_geom, 25833), schw_1543.schw, '300'::double precision))
                           ->  Function Scan on schw_1543  (cost=0.00..0.01 rows=1 width=32)
                           ->  Seq Scan on phoml_trajectory_tmp s_1543  (cost=0.00..95.68 rows=17 width=40)
                                 Filter: ((unix_time >= '1685451495.817'::double precision) AND (unix_time <= '1685451555.817'::double precision))
   ->  Subquery Scan on "*SELECT* 1545"  (cost=97.82..97.83 rows=1 width=76)
         ->  Limit  (cost=97.82..97.82 rows=1 width=84)
               ->  Sort  (cost=97.82..97.82 rows=1 width=84)
                     Sort Key: (st_distance(st_transform(s_1544.the_geom, 25833), schw_1544.schw))
                     ->  Nested Loop  (cost=0.00..97.81 rows=1 width=84)
                           Join Filter: ((st_transform(s_1544.the_geom, 25833) && st_expand(schw_1544.schw, '300'::double precision)) AND (schw_1544.schw && st_expand(st_transform(s_1544.the_geom, 25833), '300'::double precision)) AND _st_dwithin(st_transform(s_1544.the_geom, 25833), schw_1544.schw, '300'::double precision))
                           ->  Function Scan on schw_1544  (cost=0.00..0.01 rows=1 width=32)
                           ->  Seq Scan on phoml_trajectory_tmp s_1544  (cost=0.00..95.68 rows=17 width=40)
                                 Filter: ((unix_time >= '1685451496.177'::double precision) AND (unix_time <= '1685451556.177'::double precision))
   ->  Subquery Scan on "*SELECT* 1546"  (cost=97.82..97.83 rows=1 width=76)
         ->  Limit  (cost=97.82..97.82 rows=1 width=84)
               ->  Sort  (cost=97.82..97.82 rows=1 width=84)
                     Sort Key: (st_distance(st_transform(s_1545.the_geom, 25833), schw_1545.schw))
                     ->  Nested Loop  (cost=0.00..97.81 rows=1 width=84)
                           Join Filter: ((st_transform(s_1545.the_geom, 25833) && st_expand(schw_1545.schw, '300'::double precision)) AND (schw_1545.schw && st_expand(st_transform(s_1545.the_geom, 25833), '300'::double precision)) AND _st_dwithin(st_transform(s_1545.the_geom, 25833), schw_1545.schw, '300'::double precision))
                           ->  Function Scan on schw_1545  (cost=0.00..0.01 rows=1 width=32)
                           ->  Seq Scan on phoml_trajectory_tmp s_1545  (cost=0.00..95.68 rows=17 width=40)
                                 Filter: ((unix_time >= '1685451496.507'::double precision) AND (unix_time <= '1685451556.507'::double precision))
   ->  Subquery Scan on "*SELECT* 1547"  (cost=97.82..97.83 rows=1 width=76)
         ->  Limit  (cost=97.82..97.82 rows=1 width=84)
               ->  Sort  (cost=97.82..97.82 rows=1 width=84)
                     Sort Key: (st_distance(st_transform(s_1546.the_geom, 25833), schw_1546.schw))
                     ->  Nested Loop  (cost=0.00..97.81 rows=1 width=84)
                           Join Filter: ((st_transform(s_1546.the_geom, 25833) && st_expand(schw_1546.schw, '300'::double precision)) AND (schw_1546.schw && st_expand(st_transform(s_1546.the_geom, 25833), '300'::double precision)) AND _st_dwithin(st_transform(s_1546.the_geom, 25833), schw_1546.schw, '300'::double precision))
                           ->  Function Scan on schw_1546  (cost=0.00..0.01 rows=1 width=32)
                           ->  Seq Scan on phoml_trajectory_tmp s_1546  (cost=0.00..95.68 rows=17 width=40)
                                 Filter: ((unix_time >= '1685451496.847'::double precision) AND (unix_time <= '1685451556.847'::double precision))
   ->  Subquery Scan on "*SELECT* 1548"  (cost=97.82..97.83 rows=1 width=76)
         ->  Limit  (cost=97.82..97.82 rows=1 width=84)
               ->  Sort  (cost=97.82..97.82 rows=1 width=84)
                     Sort Key: (st_distance(st_transform(s_1547.the_geom, 25833), schw_1547.schw))
                     ->  Nested Loop  (cost=0.00..97.81 rows=1 width=84)
                           Join Filter: ((st_transform(s_1547.the_geom, 25833) && st_expand(schw_1547.schw, '300'::double precision)) AND (schw_1547.schw && st_expand(st_transform(s_1547.the_geom, 25833), '300'::double precision)) AND _st_dwithin(st_transform(s_1547.the_geom, 25833), schw_1547.schw, '300'::double precision))
                           ->  Function Scan on schw_1547  (cost=0.00..0.01 rows=1 width=32)
                           ->  Seq Scan on phoml_trajectory_tmp s_1547  (cost=0.00..95.68 rows=17 width=40)
                                 Filter: ((unix_time >= '1685451497.18'::double precision) AND (unix_time <= '1685451557.18'::double precision))
   ->  Subquery Scan on "*SELECT* 1549"  (cost=97.82..97.83 rows=1 width=76)
         ->  Limit  (cost=97.82..97.82 rows=1 width=84)
               ->  Sort  (cost=97.82..97.82 rows=1 width=84)
                     Sort Key: (st_distance(st_transform(s_1548.the_geom, 25833), schw_1548.schw))
                     ->  Nested Loop  (cost=0.00..97.81 rows=1 width=84)
                           Join Filter: ((st_transform(s_1548.the_geom, 25833) && st_expand(schw_1548.schw, '300'::double precision)) AND (schw_1548.schw && st_expand(st_transform(s_1548.the_geom, 25833), '300'::double precision)) AND _st_dwithin(st_transform(s_1548.the_geom, 25833), schw_1548.schw, '300'::double precision))
                           ->  Function Scan on schw_1548  (cost=0.00..0.01 rows=1 width=32)
                           ->  Seq Scan on phoml_trajectory_tmp s_1548  (cost=0.00..95.68 rows=17 width=40)
                                 Filter: ((unix_time >= '1685451497.52'::double precision) AND (unix_time <= '1685451557.52'::double precision))
   ->  Subquery Scan on "*SELECT* 1550"  (cost=97.82..97.83 rows=1 width=76)
         ->  Limit  (cost=97.82..97.82 rows=1 width=84)
               ->  Sort  (cost=97.82..97.82 rows=1 width=84)
                     Sort Key: (st_distance(st_transform(s_1549.the_geom, 25833), schw_1549.schw))
                     ->  Nested Loop  (cost=0.00..97.81 rows=1 width=84)
                           Join Filter: ((st_transform(s_1549.the_geom, 25833) && st_expand(schw_1549.schw, '300'::double precision)) AND (schw_1549.schw && st_expand(st_transform(s_1549.the_geom, 25833), '300'::double precision)) AND _st_dwithin(st_transform(s_1549.the_geom, 25833), schw_1549.schw, '300'::double precision))
                           ->  Function Scan on schw_1549  (cost=0.00..0.01 rows=1 width=32)
                           ->  Seq Scan on phoml_trajectory_tmp s_1549  (cost=0.00..95.68 rows=17 width=40)
                                 Filter: ((unix_time >= '1685451497.85'::double precision) AND (unix_time <= '1685451557.85'::double precision))
   ->  Subquery Scan on "*SELECT* 1551"  (cost=97.82..97.83 rows=1 width=76)
         ->  Limit  (cost=97.82..97.82 rows=1 width=84)
               ->  Sort  (cost=97.82..97.82 rows=1 width=84)
                     Sort Key: (st_distance(st_transform(s_1550.the_geom, 25833), schw_1550.schw))
                     ->  Nested Loop  (cost=0.00..97.81 rows=1 width=84)
                           Join Filter: ((st_transform(s_1550.the_geom, 25833) && st_expand(schw_1550.schw, '300'::double precision)) AND (schw_1550.schw && st_expand(st_transform(s_1550.the_geom, 25833), '300'::double precision)) AND _st_dwithin(st_transform(s_1550.the_geom, 25833), schw_1550.schw, '300'::double precision))
                           ->  Function Scan on schw_1550  (cost=0.00..0.01 rows=1 width=32)
                           ->  Seq Scan on phoml_trajectory_tmp s_1550  (cost=0.00..95.68 rows=17 width=40)
                                 Filter: ((unix_time >= '1685451498.193'::double precision) AND (unix_time <= '1685451558.193'::double precision))
   ->  Subquery Scan on "*SELECT* 1552"  (cost=97.82..97.83 rows=1 width=76)
         ->  Limit  (cost=97.82..97.82 rows=1 width=84)
               ->  Sort  (cost=97.82..97.82 rows=1 width=84)
                     Sort Key: (st_distance(st_transform(s_1551.the_geom, 25833), schw_1551.schw))
                     ->  Nested Loop  (cost=0.00..97.81 rows=1 width=84)
                           Join Filter: ((st_transform(s_1551.the_geom, 25833) && st_expand(schw_1551.schw, '300'::double precision)) AND (schw_1551.schw && st_expand(st_transform(s_1551.the_geom, 25833), '300'::double precision)) AND _st_dwithin(st_transform(s_1551.the_geom, 25833), schw_1551.schw, '300'::double precision))
                           ->  Function Scan on schw_1551  (cost=0.00..0.01 rows=1 width=32)
                           ->  Seq Scan on phoml_trajectory_tmp s_1551  (cost=0.00..95.68 rows=17 width=40)
                                 Filter: ((unix_time >= '1685451498.523'::double precision) AND (unix_time <= '1685451558.523'::double precision))
   ->  Subquery Scan on "*SELECT* 1553"  (cost=97.82..97.83 rows=1 width=76)
         ->  Limit  (cost=97.82..97.82 rows=1 width=84)
               ->  Sort  (cost=97.82..97.82 rows=1 width=84)
                     Sort Key: (st_distance(st_transform(s_1552.the_geom, 25833), schw_1552.schw))
                     ->  Nested Loop  (cost=0.00..97.81 rows=1 width=84)
                           Join Filter: ((st_transform(s_1552.the_geom, 25833) && st_expand(schw_1552.schw, '300'::double precision)) AND (schw_1552.schw && st_expand(st_transform(s_1552.the_geom, 25833), '300'::double precision)) AND _st_dwithin(st_transform(s_1552.the_geom, 25833), schw_1552.schw, '300'::double precision))
                           ->  Function Scan on schw_1552  (cost=0.00..0.01 rows=1 width=32)
                           ->  Seq Scan on phoml_trajectory_tmp s_1552  (cost=0.00..95.68 rows=17 width=40)
                                 Filter: ((unix_time >= '1685451498.853'::double precision) AND (unix_time <= '1685451558.853'::double precision))
   ->  Subquery Scan on "*SELECT* 1554"  (cost=97.82..97.83 rows=1 width=76)
         ->  Limit  (cost=97.82..97.82 rows=1 width=84)
               ->  Sort  (cost=97.82..97.82 rows=1 width=84)
                     Sort Key: (st_distance(st_transform(s_1553.the_geom, 25833), schw_1553.schw))
                     ->  Nested Loop  (cost=0.00..97.81 rows=1 width=84)
                           Join Filter: ((st_transform(s_1553.the_geom, 25833) && st_expand(schw_1553.schw, '300'::double precision)) AND (schw_1553.schw && st_expand(st_transform(s_1553.the_geom, 25833), '300'::double precision)) AND _st_dwithin(st_transform(s_1553.the_geom, 25833), schw_1553.schw, '300'::double precision))
                           ->  Function Scan on schw_1553  (cost=0.00..0.01 rows=1 width=32)
                           ->  Seq Scan on phoml_trajectory_tmp s_1553  (cost=0.00..95.68 rows=17 width=40)
                                 Filter: ((unix_time >= '1685451499.185'::double precision) AND (unix_time <= '1685451559.185'::double precision))
   ->  Subquery Scan on "*SELECT* 1555"  (cost=97.82..97.83 rows=1 width=76)
         ->  Limit  (cost=97.82..97.82 rows=1 width=84)
               ->  Sort  (cost=97.82..97.82 rows=1 width=84)
                     Sort Key: (st_distance(st_transform(s_1554.the_geom, 25833), schw_1554.schw))
                     ->  Nested Loop  (cost=0.00..97.81 rows=1 width=84)
                           Join Filter: ((st_transform(s_1554.the_geom, 25833) && st_expand(schw_1554.schw, '300'::double precision)) AND (schw_1554.schw && st_expand(st_transform(s_1554.the_geom, 25833), '300'::double precision)) AND _st_dwithin(st_transform(s_1554.the_geom, 25833), schw_1554.schw, '300'::double precision))
                           ->  Function Scan on schw_1554  (cost=0.00..0.01 rows=1 width=32)
                           ->  Seq Scan on phoml_trajectory_tmp s_1554  (cost=0.00..95.68 rows=17 width=40)
                                 Filter: ((unix_time >= '1685451499.525'::double precision) AND (unix_time <= '1685451559.525'::double precision))
   ->  Subquery Scan on "*SELECT* 1556"  (cost=97.82..97.83 rows=1 width=76)
         ->  Limit  (cost=97.82..97.82 rows=1 width=84)
               ->  Sort  (cost=97.82..97.82 rows=1 width=84)
                     Sort Key: (st_distance(st_transform(s_1555.the_geom, 25833), schw_1555.schw))
                     ->  Nested Loop  (cost=0.00..97.81 rows=1 width=84)
                           Join Filter: ((st_transform(s_1555.the_geom, 25833) && st_expand(schw_1555.schw, '300'::double precision)) AND (schw_1555.schw && st_expand(st_transform(s_1555.the_geom, 25833), '300'::double precision)) AND _st_dwithin(st_transform(s_1555.the_geom, 25833), schw_1555.schw, '300'::double precision))
                           ->  Function Scan on schw_1555  (cost=0.00..0.01 rows=1 width=32)
                           ->  Seq Scan on phoml_trajectory_tmp s_1555  (cost=0.00..95.68 rows=17 width=40)
                                 Filter: ((unix_time >= '1685451499.855'::double precision) AND (unix_time <= '1685451559.855'::double precision))
   ->  Subquery Scan on "*SELECT* 1557"  (cost=97.82..97.83 rows=1 width=76)
         ->  Limit  (cost=97.82..97.82 rows=1 width=84)
               ->  Sort  (cost=97.82..97.82 rows=1 width=84)
                     Sort Key: (st_distance(st_transform(s_1556.the_geom, 25833), schw_1556.schw))
                     ->  Nested Loop  (cost=0.00..97.81 rows=1 width=84)
                           Join Filter: ((st_transform(s_1556.the_geom, 25833) && st_expand(schw_1556.schw, '300'::double precision)) AND (schw_1556.schw && st_expand(st_transform(s_1556.the_geom, 25833), '300'::double precision)) AND _st_dwithin(st_transform(s_1556.the_geom, 25833), schw_1556.schw, '300'::double precision))
                           ->  Function Scan on schw_1556  (cost=0.00..0.01 rows=1 width=32)
                           ->  Seq Scan on phoml_trajectory_tmp s_1556  (cost=0.00..95.68 rows=17 width=40)
                                 Filter: ((unix_time >= '1685451500.186'::double precision) AND (unix_time <= '1685451560.186'::double precision))
   ->  Subquery Scan on "*SELECT* 1558"  (cost=97.82..97.83 rows=1 width=76)
         ->  Limit  (cost=97.82..97.82 rows=1 width=84)
               ->  Sort  (cost=97.82..97.82 rows=1 width=84)
                     Sort Key: (st_distance(st_transform(s_1557.the_geom, 25833), schw_1557.schw))
                     ->  Nested Loop  (cost=0.00..97.81 rows=1 width=84)
                           Join Filter: ((st_transform(s_1557.the_geom, 25833) && st_expand(schw_1557.schw, '300'::double precision)) AND (schw_1557.schw && st_expand(st_transform(s_1557.the_geom, 25833), '300'::double precision)) AND _st_dwithin(st_transform(s_1557.the_geom, 25833), schw_1557.schw, '300'::double precision))
                           ->  Function Scan on schw_1557  (cost=0.00..0.01 rows=1 width=32)
                           ->  Seq Scan on phoml_trajectory_tmp s_1557  (cost=0.00..95.68 rows=17 width=40)
                                 Filter: ((unix_time >= '1685451500.517'::double precision) AND (unix_time <= '1685451560.517'::double precision))
   ->  Subquery Scan on "*SELECT* 1559"  (cost=97.82..97.83 rows=1 width=76)
         ->  Limit  (cost=97.82..97.82 rows=1 width=84)
               ->  Sort  (cost=97.82..97.82 rows=1 width=84)
                     Sort Key: (st_distance(st_transform(s_1558.the_geom, 25833), schw_1558.schw))
                     ->  Nested Loop  (cost=0.00..97.81 rows=1 width=84)
                           Join Filter: ((st_transform(s_1558.the_geom, 25833) && st_expand(schw_1558.schw, '300'::double precision)) AND (schw_1558.schw && st_expand(st_transform(s_1558.the_geom, 25833), '300'::double precision)) AND _st_dwithin(st_transform(s_1558.the_geom, 25833), schw_1558.schw, '300'::double precision))
                           ->  Function Scan on schw_1558  (cost=0.00..0.01 rows=1 width=32)
                           ->  Seq Scan on phoml_trajectory_tmp s_1558  (cost=0.00..95.68 rows=17 width=40)
                                 Filter: ((unix_time >= '1685451500.846'::double precision) AND (unix_time <= '1685451560.846'::double precision))
   ->  Subquery Scan on "*SELECT* 1560"  (cost=97.82..97.83 rows=1 width=76)
         ->  Limit  (cost=97.82..97.82 rows=1 width=84)
               ->  Sort  (cost=97.82..97.82 rows=1 width=84)
                     Sort Key: (st_distance(st_transform(s_1559.the_geom, 25833), schw_1559.schw))
                     ->  Nested Loop  (cost=0.00..97.81 rows=1 width=84)
                           Join Filter: ((st_transform(s_1559.the_geom, 25833) && st_expand(schw_1559.schw, '300'::double precision)) AND (schw_1559.schw && st_expand(st_transform(s_1559.the_geom, 25833), '300'::double precision)) AND _st_dwithin(st_transform(s_1559.the_geom, 25833), schw_1559.schw, '300'::double precision))
                           ->  Function Scan on schw_1559  (cost=0.00..0.01 rows=1 width=32)
                           ->  Seq Scan on phoml_trajectory_tmp s_1559  (cost=0.00..95.68 rows=17 width=40)
                                 Filter: ((unix_time >= '1685451501.18'::double precision) AND (unix_time <= '1685451561.18'::double precision))
   ->  Subquery Scan on "*SELECT* 1561"  (cost=97.82..97.83 rows=1 width=76)
         ->  Limit  (cost=97.82..97.82 rows=1 width=84)
               ->  Sort  (cost=97.82..97.82 rows=1 width=84)
                     Sort Key: (st_distance(st_transform(s_1560.the_geom, 25833), schw_1560.schw))
                     ->  Nested Loop  (cost=0.00..97.81 rows=1 width=84)
                           Join Filter: ((st_transform(s_1560.the_geom, 25833) && st_expand(schw_1560.schw, '300'::double precision)) AND (schw_1560.schw && st_expand(st_transform(s_1560.the_geom, 25833), '300'::double precision)) AND _st_dwithin(st_transform(s_1560.the_geom, 25833), schw_1560.schw, '300'::double precision))
                           ->  Function Scan on schw_1560  (cost=0.00..0.01 rows=1 width=32)
                           ->  Seq Scan on phoml_trajectory_tmp s_1560  (cost=0.00..95.68 rows=17 width=40)
                                 Filter: ((unix_time >= '1685451501.51'::double precision) AND (unix_time <= '1685451561.51'::double precision))
   ->  Subquery Scan on "*SELECT* 1562"  (cost=97.82..97.83 rows=1 width=76)
         ->  Limit  (cost=97.82..97.82 rows=1 width=84)
               ->  Sort  (cost=97.82..97.82 rows=1 width=84)
                     Sort Key: (st_distance(st_transform(s_1561.the_geom, 25833), schw_1561.schw))
                     ->  Nested Loop  (cost=0.00..97.81 rows=1 width=84)
                           Join Filter: ((st_transform(s_1561.the_geom, 25833) && st_expand(schw_1561.schw, '300'::double precision)) AND (schw_1561.schw && st_expand(st_transform(s_1561.the_geom, 25833), '300'::double precision)) AND _st_dwithin(st_transform(s_1561.the_geom, 25833), schw_1561.schw, '300'::double precision))
                           ->  Function Scan on schw_1561  (cost=0.00..0.01 rows=1 width=32)
                           ->  Seq Scan on phoml_trajectory_tmp s_1561  (cost=0.00..95.68 rows=17 width=40)
                                 Filter: ((unix_time >= '1685451501.84'::double precision) AND (unix_time <= '1685451561.84'::double precision))
   ->  Subquery Scan on "*SELECT* 1563"  (cost=97.82..97.83 rows=1 width=76)
         ->  Limit  (cost=97.82..97.82 rows=1 width=84)
               ->  Sort  (cost=97.82..97.82 rows=1 width=84)
                     Sort Key: (st_distance(st_transform(s_1562.the_geom, 25833), schw_1562.schw))
                     ->  Nested Loop  (cost=0.00..97.81 rows=1 width=84)
                           Join Filter: ((st_transform(s_1562.the_geom, 25833) && st_expand(schw_1562.schw, '300'::double precision)) AND (schw_1562.schw && st_expand(st_transform(s_1562.the_geom, 25833), '300'::double precision)) AND _st_dwithin(st_transform(s_1562.the_geom, 25833), schw_1562.schw, '300'::double precision))
                           ->  Function Scan on schw_1562  (cost=0.00..0.01 rows=1 width=32)
                           ->  Seq Scan on phoml_trajectory_tmp s_1562  (cost=0.00..95.68 rows=17 width=40)
                                 Filter: ((unix_time >= '1685451502.18'::double precision) AND (unix_time <= '1685451562.18'::double precision))
   ->  Subquery Scan on "*SELECT* 1564"  (cost=97.82..97.83 rows=1 width=76)
         ->  Limit  (cost=97.82..97.82 rows=1 width=84)
               ->  Sort  (cost=97.82..97.82 rows=1 width=84)
                     Sort Key: (st_distance(st_transform(s_1563.the_geom, 25833), schw_1563.schw))
                     ->  Nested Loop  (cost=0.00..97.81 rows=1 width=84)
                           Join Filter: ((st_transform(s_1563.the_geom, 25833) && st_expand(schw_1563.schw, '300'::double precision)) AND (schw_1563.schw && st_expand(st_transform(s_1563.the_geom, 25833), '300'::double precision)) AND _st_dwithin(st_transform(s_1563.the_geom, 25833), schw_1563.schw, '300'::double precision))
                           ->  Function Scan on schw_1563  (cost=0.00..0.01 rows=1 width=32)
                           ->  Seq Scan on phoml_trajectory_tmp s_1563  (cost=0.00..95.68 rows=17 width=40)
                                 Filter: ((unix_time >= '1685451502.51'::double precision) AND (unix_time <= '1685451562.51'::double precision))
   ->  Subquery Scan on "*SELECT* 1565"  (cost=97.82..97.83 rows=1 width=76)
         ->  Limit  (cost=97.82..97.82 rows=1 width=84)
               ->  Sort  (cost=97.82..97.82 rows=1 width=84)
                     Sort Key: (st_distance(st_transform(s_1564.the_geom, 25833), schw_1564.schw))
                     ->  Nested Loop  (cost=0.00..97.81 rows=1 width=84)
                           Join Filter: ((st_transform(s_1564.the_geom, 25833) && st_expand(schw_1564.schw, '300'::double precision)) AND (schw_1564.schw && st_expand(st_transform(s_1564.the_geom, 25833), '300'::double precision)) AND _st_dwithin(st_transform(s_1564.the_geom, 25833), schw_1564.schw, '300'::double precision))
                           ->  Function Scan on schw_1564  (cost=0.00..0.01 rows=1 width=32)
                           ->  Seq Scan on phoml_trajectory_tmp s_1564  (cost=0.00..95.68 rows=17 width=40)
                                 Filter: ((unix_time >= '1685451502.84'::double precision) AND (unix_time <= '1685451562.84'::double precision))
   ->  Subquery Scan on "*SELECT* 1566"  (cost=97.82..97.83 rows=1 width=76)
         ->  Limit  (cost=97.82..97.82 rows=1 width=84)
               ->  Sort  (cost=97.82..97.82 rows=1 width=84)
                     Sort Key: (st_distance(st_transform(s_1565.the_geom, 25833), schw_1565.schw))
                     ->  Nested Loop  (cost=0.00..97.81 rows=1 width=84)
                           Join Filter: ((st_transform(s_1565.the_geom, 25833) && st_expand(schw_1565.schw, '300'::double precision)) AND (schw_1565.schw && st_expand(st_transform(s_1565.the_geom, 25833), '300'::double precision)) AND _st_dwithin(st_transform(s_1565.the_geom, 25833), schw_1565.schw, '300'::double precision))
                           ->  Function Scan on schw_1565  (cost=0.00..0.01 rows=1 width=32)
                           ->  Seq Scan on phoml_trajectory_tmp s_1565  (cost=0.00..95.68 rows=17 width=40)
                                 Filter: ((unix_time >= '1685451503.162'::double precision) AND (unix_time <= '1685451563.162'::double precision))
   ->  Subquery Scan on "*SELECT* 1567"  (cost=97.82..97.83 rows=1 width=76)
         ->  Limit  (cost=97.82..97.82 rows=1 width=84)
               ->  Sort  (cost=97.82..97.82 rows=1 width=84)
                     Sort Key: (st_distance(st_transform(s_1566.the_geom, 25833), schw_1566.schw))
                     ->  Nested Loop  (cost=0.00..97.81 rows=1 width=84)
                           Join Filter: ((st_transform(s_1566.the_geom, 25833) && st_expand(schw_1566.schw, '300'::double precision)) AND (schw_1566.schw && st_expand(st_transform(s_1566.the_geom, 25833), '300'::double precision)) AND _st_dwithin(st_transform(s_1566.the_geom, 25833), schw_1566.schw, '300'::double precision))
                           ->  Function Scan on schw_1566  (cost=0.00..0.01 rows=1 width=32)
                           ->  Seq Scan on phoml_trajectory_tmp s_1566  (cost=0.00..95.68 rows=17 width=40)
                                 Filter: ((unix_time >= '1685451503.502'::double precision) AND (unix_time <= '1685451563.502'::double precision))
   ->  Subquery Scan on "*SELECT* 1568"  (cost=97.82..97.83 rows=1 width=76)
         ->  Limit  (cost=97.82..97.82 rows=1 width=84)
               ->  Sort  (cost=97.82..97.82 rows=1 width=84)
                     Sort Key: (st_distance(st_transform(s_1567.the_geom, 25833), schw_1567.schw))
                     ->  Nested Loop  (cost=0.00..97.81 rows=1 width=84)
                           Join Filter: ((st_transform(s_1567.the_geom, 25833) && st_expand(schw_1567.schw, '300'::double precision)) AND (schw_1567.schw && st_expand(st_transform(s_1567.the_geom, 25833), '300'::double precision)) AND _st_dwithin(st_transform(s_1567.the_geom, 25833), schw_1567.schw, '300'::double precision))
                           ->  Function Scan on schw_1567  (cost=0.00..0.01 rows=1 width=32)
                           ->  Seq Scan on phoml_trajectory_tmp s_1567  (cost=0.00..95.68 rows=17 width=40)
                                 Filter: ((unix_time >= '1685451503.822'::double precision) AND (unix_time <= '1685451563.822'::double precision))
   ->  Subquery Scan on "*SELECT* 1569"  (cost=97.82..97.83 rows=1 width=76)
         ->  Limit  (cost=97.82..97.82 rows=1 width=84)
               ->  Sort  (cost=97.82..97.82 rows=1 width=84)
                     Sort Key: (st_distance(st_transform(s_1568.the_geom, 25833), schw_1568.schw))
                     ->  Nested Loop  (cost=0.00..97.81 rows=1 width=84)
                           Join Filter: ((st_transform(s_1568.the_geom, 25833) && st_expand(schw_1568.schw, '300'::double precision)) AND (schw_1568.schw && st_expand(st_transform(s_1568.the_geom, 25833), '300'::double precision)) AND _st_dwithin(st_transform(s_1568.the_geom, 25833), schw_1568.schw, '300'::double precision))
                           ->  Function Scan on schw_1568  (cost=0.00..0.01 rows=1 width=32)
                           ->  Seq Scan on phoml_trajectory_tmp s_1568  (cost=0.00..95.68 rows=17 width=40)
                                 Filter: ((unix_time >= '1685451504.164'::double precision) AND (unix_time <= '1685451564.164'::double precision))
   ->  Subquery Scan on "*SELECT* 1570"  (cost=97.82..97.83 rows=1 width=76)
         ->  Limit  (cost=97.82..97.82 rows=1 width=84)
               ->  Sort  (cost=97.82..97.82 rows=1 width=84)
                     Sort Key: (st_distance(st_transform(s_1569.the_geom, 25833), schw_1569.schw))
                     ->  Nested Loop  (cost=0.00..97.81 rows=1 width=84)
                           Join Filter: ((st_transform(s_1569.the_geom, 25833) && st_expand(schw_1569.schw, '300'::double precision)) AND (schw_1569.schw && st_expand(st_transform(s_1569.the_geom, 25833), '300'::double precision)) AND _st_dwithin(st_transform(s_1569.the_geom, 25833), schw_1569.schw, '300'::double precision))
                           ->  Function Scan on schw_1569  (cost=0.00..0.01 rows=1 width=32)
                           ->  Seq Scan on phoml_trajectory_tmp s_1569  (cost=0.00..95.68 rows=17 width=40)
                                 Filter: ((unix_time >= '1685451504.504'::double precision) AND (unix_time <= '1685451564.504'::double precision))
   ->  Subquery Scan on "*SELECT* 1571"  (cost=97.82..97.83 rows=1 width=76)
         ->  Limit  (cost=97.82..97.82 rows=1 width=84)
               ->  Sort  (cost=97.82..97.82 rows=1 width=84)
                     Sort Key: (st_distance(st_transform(s_1570.the_geom, 25833), schw_1570.schw))
                     ->  Nested Loop  (cost=0.00..97.81 rows=1 width=84)
                           Join Filter: ((st_transform(s_1570.the_geom, 25833) && st_expand(schw_1570.schw, '300'::double precision)) AND (schw_1570.schw && st_expand(st_transform(s_1570.the_geom, 25833), '300'::double precision)) AND _st_dwithin(st_transform(s_1570.the_geom, 25833), schw_1570.schw, '300'::double precision))
                           ->  Function Scan on schw_1570  (cost=0.00..0.01 rows=1 width=32)
                           ->  Seq Scan on phoml_trajectory_tmp s_1570  (cost=0.00..95.68 rows=17 width=40)
                                 Filter: ((unix_time >= '1685451504.834'::double precision) AND (unix_time <= '1685451564.834'::double precision))
   ->  Subquery Scan on "*SELECT* 1572"  (cost=97.82..97.83 rows=1 width=76)
         ->  Limit  (cost=97.82..97.82 rows=1 width=84)
               ->  Sort  (cost=97.82..97.82 rows=1 width=84)
                     Sort Key: (st_distance(st_transform(s_1571.the_geom, 25833), schw_1571.schw))
                     ->  Nested Loop  (cost=0.00..97.81 rows=1 width=84)
                           Join Filter: ((st_transform(s_1571.the_geom, 25833) && st_expand(schw_1571.schw, '300'::double precision)) AND (schw_1571.schw && st_expand(st_transform(s_1571.the_geom, 25833), '300'::double precision)) AND _st_dwithin(st_transform(s_1571.the_geom, 25833), schw_1571.schw, '300'::double precision))
                           ->  Function Scan on schw_1571  (cost=0.00..0.01 rows=1 width=32)
                           ->  Seq Scan on phoml_trajectory_tmp s_1571  (cost=0.00..95.68 rows=17 width=40)
                                 Filter: ((unix_time >= '1685451505.169'::double precision) AND (unix_time <= '1685451565.169'::double precision))
   ->  Subquery Scan on "*SELECT* 1573"  (cost=97.82..97.83 rows=1 width=76)
         ->  Limit  (cost=97.82..97.82 rows=1 width=84)
               ->  Sort  (cost=97.82..97.82 rows=1 width=84)
                     Sort Key: (st_distance(st_transform(s_1572.the_geom, 25833), schw_1572.schw))
                     ->  Nested Loop  (cost=0.00..97.81 rows=1 width=84)
                           Join Filter: ((st_transform(s_1572.the_geom, 25833) && st_expand(schw_1572.schw, '300'::double precision)) AND (schw_1572.schw && st_expand(st_transform(s_1572.the_geom, 25833), '300'::double precision)) AND _st_dwithin(st_transform(s_1572.the_geom, 25833), schw_1572.schw, '300'::double precision))
                           ->  Function Scan on schw_1572  (cost=0.00..0.01 rows=1 width=32)
                           ->  Seq Scan on phoml_trajectory_tmp s_1572  (cost=0.00..95.68 rows=17 width=40)
                                 Filter: ((unix_time >= '1685451505.499'::double precision) AND (unix_time <= '1685451565.499'::double precision))
   ->  Subquery Scan on "*SELECT* 1574"  (cost=97.82..97.83 rows=1 width=76)
         ->  Limit  (cost=97.82..97.82 rows=1 width=84)
               ->  Sort  (cost=97.82..97.82 rows=1 width=84)
                     Sort Key: (st_distance(st_transform(s_1573.the_geom, 25833), schw_1573.schw))
                     ->  Nested Loop  (cost=0.00..97.81 rows=1 width=84)
                           Join Filter: ((st_transform(s_1573.the_geom, 25833) && st_expand(schw_1573.schw, '300'::double precision)) AND (schw_1573.schw && st_expand(st_transform(s_1573.the_geom, 25833), '300'::double precision)) AND _st_dwithin(st_transform(s_1573.the_geom, 25833), schw_1573.schw, '300'::double precision))
                           ->  Function Scan on schw_1573  (cost=0.00..0.01 rows=1 width=32)
                           ->  Seq Scan on phoml_trajectory_tmp s_1573  (cost=0.00..95.68 rows=17 width=40)
                                 Filter: ((unix_time >= '1685451505.839'::double precision) AND (unix_time <= '1685451565.839'::double precision))
   ->  Subquery Scan on "*SELECT* 1575"  (cost=97.82..97.83 rows=1 width=76)
         ->  Limit  (cost=97.82..97.82 rows=1 width=84)
               ->  Sort  (cost=97.82..97.82 rows=1 width=84)
                     Sort Key: (st_distance(st_transform(s_1574.the_geom, 25833), schw_1574.schw))
                     ->  Nested Loop  (cost=0.00..97.81 rows=1 width=84)
                           Join Filter: ((st_transform(s_1574.the_geom, 25833) && st_expand(schw_1574.schw, '300'::double precision)) AND (schw_1574.schw && st_expand(st_transform(s_1574.the_geom, 25833), '300'::double precision)) AND _st_dwithin(st_transform(s_1574.the_geom, 25833), schw_1574.schw, '300'::double precision))
                           ->  Function Scan on schw_1574  (cost=0.00..0.01 rows=1 width=32)
                           ->  Seq Scan on phoml_trajectory_tmp s_1574  (cost=0.00..95.68 rows=17 width=40)
                                 Filter: ((unix_time >= '1685451506.175'::double precision) AND (unix_time <= '1685451566.175'::double precision))
   ->  Subquery Scan on "*SELECT* 1576"  (cost=97.82..97.83 rows=1 width=76)
         ->  Limit  (cost=97.82..97.82 rows=1 width=84)
               ->  Sort  (cost=97.82..97.82 rows=1 width=84)
                     Sort Key: (st_distance(st_transform(s_1575.the_geom, 25833), schw_1575.schw))
                     ->  Nested Loop  (cost=0.00..97.81 rows=1 width=84)
                           Join Filter: ((st_transform(s_1575.the_geom, 25833) && st_expand(schw_1575.schw, '300'::double precision)) AND (schw_1575.schw && st_expand(st_transform(s_1575.the_geom, 25833), '300'::double precision)) AND _st_dwithin(st_transform(s_1575.the_geom, 25833), schw_1575.schw, '300'::double precision))
                           ->  Function Scan on schw_1575  (cost=0.00..0.01 rows=1 width=32)
                           ->  Seq Scan on phoml_trajectory_tmp s_1575  (cost=0.00..95.68 rows=17 width=40)
                                 Filter: ((unix_time >= '1685451506.505'::double precision) AND (unix_time <= '1685451566.505'::double precision))
   ->  Subquery Scan on "*SELECT* 1577"  (cost=97.82..97.83 rows=1 width=76)
         ->  Limit  (cost=97.82..97.82 rows=1 width=84)
               ->  Sort  (cost=97.82..97.82 rows=1 width=84)
                     Sort Key: (st_distance(st_transform(s_1576.the_geom, 25833), schw_1576.schw))
                     ->  Nested Loop  (cost=0.00..97.81 rows=1 width=84)
                           Join Filter: ((st_transform(s_1576.the_geom, 25833) && st_expand(schw_1576.schw, '300'::double precision)) AND (schw_1576.schw && st_expand(st_transform(s_1576.the_geom, 25833), '300'::double precision)) AND _st_dwithin(st_transform(s_1576.the_geom, 25833), schw_1576.schw, '300'::double precision))
                           ->  Function Scan on schw_1576  (cost=0.00..0.01 rows=1 width=32)
                           ->  Seq Scan on phoml_trajectory_tmp s_1576  (cost=0.00..95.68 rows=17 width=40)
                                 Filter: ((unix_time >= '1685451506.845'::double precision) AND (unix_time <= '1685451566.845'::double precision))
   ->  Subquery Scan on "*SELECT* 1578"  (cost=97.82..97.83 rows=1 width=76)
         ->  Limit  (cost=97.82..97.82 rows=1 width=84)
               ->  Sort  (cost=97.82..97.82 rows=1 width=84)
                     Sort Key: (st_distance(st_transform(s_1577.the_geom, 25833), schw_1577.schw))
                     ->  Nested Loop  (cost=0.00..97.81 rows=1 width=84)
                           Join Filter: ((st_transform(s_1577.the_geom, 25833) && st_expand(schw_1577.schw, '300'::double precision)) AND (schw_1577.schw && st_expand(st_transform(s_1577.the_geom, 25833), '300'::double precision)) AND _st_dwithin(st_transform(s_1577.the_geom, 25833), schw_1577.schw, '300'::double precision))
                           ->  Function Scan on schw_1577  (cost=0.00..0.01 rows=1 width=32)
                           ->  Seq Scan on phoml_trajectory_tmp s_1577  (cost=0.00..95.68 rows=17 width=40)
                                 Filter: ((unix_time >= '1685451507.179'::double precision) AND (unix_time <= '1685451567.179'::double precision))
   ->  Subquery Scan on "*SELECT* 1579"  (cost=97.82..97.83 rows=1 width=76)
         ->  Limit  (cost=97.82..97.82 rows=1 width=84)
               ->  Sort  (cost=97.82..97.82 rows=1 width=84)
                     Sort Key: (st_distance(st_transform(s_1578.the_geom, 25833), schw_1578.schw))
                     ->  Nested Loop  (cost=0.00..97.81 rows=1 width=84)
                           Join Filter: ((st_transform(s_1578.the_geom, 25833) && st_expand(schw_1578.schw, '300'::double precision)) AND (schw_1578.schw && st_expand(st_transform(s_1578.the_geom, 25833), '300'::double precision)) AND _st_dwithin(st_transform(s_1578.the_geom, 25833), schw_1578.schw, '300'::double precision))
                           ->  Function Scan on schw_1578  (cost=0.00..0.01 rows=1 width=32)
                           ->  Seq Scan on phoml_trajectory_tmp s_1578  (cost=0.00..95.68 rows=17 width=40)
                                 Filter: ((unix_time >= '1685451507.509'::double precision) AND (unix_time <= '1685451567.509'::double precision))
   ->  Subquery Scan on "*SELECT* 1580"  (cost=97.82..97.83 rows=1 width=76)
         ->  Limit  (cost=97.82..97.82 rows=1 width=84)
               ->  Sort  (cost=97.82..97.82 rows=1 width=84)
                     Sort Key: (st_distance(st_transform(s_1579.the_geom, 25833), schw_1579.schw))
                     ->  Nested Loop  (cost=0.00..97.81 rows=1 width=84)
                           Join Filter: ((st_transform(s_1579.the_geom, 25833) && st_expand(schw_1579.schw, '300'::double precision)) AND (schw_1579.schw && st_expand(st_transform(s_1579.the_geom, 25833), '300'::double precision)) AND _st_dwithin(st_transform(s_1579.the_geom, 25833), schw_1579.schw, '300'::double precision))
                           ->  Function Scan on schw_1579  (cost=0.00..0.01 rows=1 width=32)
                           ->  Seq Scan on phoml_trajectory_tmp s_1579  (cost=0.00..95.68 rows=17 width=40)
                                 Filter: ((unix_time >= '1685451507.859'::double precision) AND (unix_time <= '1685451567.859'::double precision))
   ->  Subquery Scan on "*SELECT* 1581"  (cost=97.82..97.83 rows=1 width=76)
         ->  Limit  (cost=97.82..97.82 rows=1 width=84)
               ->  Sort  (cost=97.82..97.82 rows=1 width=84)
                     Sort Key: (st_distance(st_transform(s_1580.the_geom, 25833), schw_1580.schw))
                     ->  Nested Loop  (cost=0.00..97.81 rows=1 width=84)
                           Join Filter: ((st_transform(s_1580.the_geom, 25833) && st_expand(schw_1580.schw, '300'::double precision)) AND (schw_1580.schw && st_expand(st_transform(s_1580.the_geom, 25833), '300'::double precision)) AND _st_dwithin(st_transform(s_1580.the_geom, 25833), schw_1580.schw, '300'::double precision))
                           ->  Function Scan on schw_1580  (cost=0.00..0.01 rows=1 width=32)
                           ->  Seq Scan on phoml_trajectory_tmp s_1580  (cost=0.00..95.68 rows=17 width=40)
                                 Filter: ((unix_time >= '1685451508.191'::double precision) AND (unix_time <= '1685451568.191'::double precision))
   ->  Subquery Scan on "*SELECT* 1582"  (cost=97.82..97.83 rows=1 width=76)
         ->  Limit  (cost=97.82..97.82 rows=1 width=84)
               ->  Sort  (cost=97.82..97.82 rows=1 width=84)
                     Sort Key: (st_distance(st_transform(s_1581.the_geom, 25833), schw_1581.schw))
                     ->  Nested Loop  (cost=0.00..97.81 rows=1 width=84)
                           Join Filter: ((st_transform(s_1581.the_geom, 25833) && st_expand(schw_1581.schw, '300'::double precision)) AND (schw_1581.schw && st_expand(st_transform(s_1581.the_geom, 25833), '300'::double precision)) AND _st_dwithin(st_transform(s_1581.the_geom, 25833), schw_1581.schw, '300'::double precision))
                           ->  Function Scan on schw_1581  (cost=0.00..0.01 rows=1 width=32)
                           ->  Seq Scan on phoml_trajectory_tmp s_1581  (cost=0.00..95.68 rows=17 width=40)
                                 Filter: ((unix_time >= '1685451508.511'::double precision) AND (unix_time <= '1685451568.511'::double precision))
   ->  Subquery Scan on "*SELECT* 1583"  (cost=97.82..97.83 rows=1 width=76)
         ->  Limit  (cost=97.82..97.82 rows=1 width=84)
               ->  Sort  (cost=97.82..97.82 rows=1 width=84)
                     Sort Key: (st_distance(st_transform(s_1582.the_geom, 25833), schw_1582.schw))
                     ->  Nested Loop  (cost=0.00..97.81 rows=1 width=84)
                           Join Filter: ((st_transform(s_1582.the_geom, 25833) && st_expand(schw_1582.schw, '300'::double precision)) AND (schw_1582.schw && st_expand(st_transform(s_1582.the_geom, 25833), '300'::double precision)) AND _st_dwithin(st_transform(s_1582.the_geom, 25833), schw_1582.schw, '300'::double precision))
                           ->  Function Scan on schw_1582  (cost=0.00..0.01 rows=1 width=32)
                           ->  Seq Scan on phoml_trajectory_tmp s_1582  (cost=0.00..95.68 rows=17 width=40)
                                 Filter: ((unix_time >= '1685451508.861'::double precision) AND (unix_time <= '1685451568.861'::double precision))
   ->  Subquery Scan on "*SELECT* 1584"  (cost=97.82..97.83 rows=1 width=76)
         ->  Limit  (cost=97.82..97.82 rows=1 width=84)
               ->  Sort  (cost=97.82..97.82 rows=1 width=84)
                     Sort Key: (st_distance(st_transform(s_1583.the_geom, 25833), schw_1583.schw))
                     ->  Nested Loop  (cost=0.00..97.81 rows=1 width=84)
                           Join Filter: ((st_transform(s_1583.the_geom, 25833) && st_expand(schw_1583.schw, '300'::double precision)) AND (schw_1583.schw && st_expand(st_transform(s_1583.the_geom, 25833), '300'::double precision)) AND _st_dwithin(st_transform(s_1583.the_geom, 25833), schw_1583.schw, '300'::double precision))
                           ->  Function Scan on schw_1583  (cost=0.00..0.01 rows=1 width=32)
                           ->  Seq Scan on phoml_trajectory_tmp s_1583  (cost=0.00..95.68 rows=17 width=40)
                                 Filter: ((unix_time >= '1685451509.195'::double precision) AND (unix_time <= '1685451569.195'::double precision))
   ->  Subquery Scan on "*SELECT* 1585"  (cost=97.82..97.83 rows=1 width=76)
         ->  Limit  (cost=97.82..97.82 rows=1 width=84)
               ->  Sort  (cost=97.82..97.82 rows=1 width=84)
                     Sort Key: (st_distance(st_transform(s_1584.the_geom, 25833), schw_1584.schw))
                     ->  Nested Loop  (cost=0.00..97.81 rows=1 width=84)
                           Join Filter: ((st_transform(s_1584.the_geom, 25833) && st_expand(schw_1584.schw, '300'::double precision)) AND (schw_1584.schw && st_expand(st_transform(s_1584.the_geom, 25833), '300'::double precision)) AND _st_dwithin(st_transform(s_1584.the_geom, 25833), schw_1584.schw, '300'::double precision))
                           ->  Function Scan on schw_1584  (cost=0.00..0.01 rows=1 width=32)
                           ->  Seq Scan on phoml_trajectory_tmp s_1584  (cost=0.00..95.68 rows=17 width=40)
                                 Filter: ((unix_time >= '1685451509.535'::double precision) AND (unix_time <= '1685451569.535'::double precision))
   ->  Subquery Scan on "*SELECT* 1586"  (cost=97.82..97.83 rows=1 width=76)
         ->  Limit  (cost=97.82..97.82 rows=1 width=84)
               ->  Sort  (cost=97.82..97.82 rows=1 width=84)
                     Sort Key: (st_distance(st_transform(s_1585.the_geom, 25833), schw_1585.schw))
                     ->  Nested Loop  (cost=0.00..97.81 rows=1 width=84)
                           Join Filter: ((st_transform(s_1585.the_geom, 25833) && st_expand(schw_1585.schw, '300'::double precision)) AND (schw_1585.schw && st_expand(st_transform(s_1585.the_geom, 25833), '300'::double precision)) AND _st_dwithin(st_transform(s_1585.the_geom, 25833), schw_1585.schw, '300'::double precision))
                           ->  Function Scan on schw_1585  (cost=0.00..0.01 rows=1 width=32)
                           ->  Seq Scan on phoml_trajectory_tmp s_1585  (cost=0.00..95.68 rows=17 width=40)
                                 Filter: ((unix_time >= '1685451509.865'::double precision) AND (unix_time <= '1685451569.865'::double precision))
   ->  Subquery Scan on "*SELECT* 1587"  (cost=97.82..97.83 rows=1 width=76)
         ->  Limit  (cost=97.82..97.82 rows=1 width=84)
               ->  Sort  (cost=97.82..97.82 rows=1 width=84)
                     Sort Key: (st_distance(st_transform(s_1586.the_geom, 25833), schw_1586.schw))
                     ->  Nested Loop  (cost=0.00..97.81 rows=1 width=84)
                           Join Filter: ((st_transform(s_1586.the_geom, 25833) && st_expand(schw_1586.schw, '300'::double precision)) AND (schw_1586.schw && st_expand(st_transform(s_1586.the_geom, 25833), '300'::double precision)) AND _st_dwithin(st_transform(s_1586.the_geom, 25833), schw_1586.schw, '300'::double precision))
                           ->  Function Scan on schw_1586  (cost=0.00..0.01 rows=1 width=32)
                           ->  Seq Scan on phoml_trajectory_tmp s_1586  (cost=0.00..95.68 rows=17 width=40)
                                 Filter: ((unix_time >= '1685451510.2'::double precision) AND (unix_time <= '1685451570.2'::double precision))
   ->  Subquery Scan on "*SELECT* 1588"  (cost=97.82..97.83 rows=1 width=76)
         ->  Limit  (cost=97.82..97.82 rows=1 width=84)
               ->  Sort  (cost=97.82..97.82 rows=1 width=84)
                     Sort Key: (st_distance(st_transform(s_1587.the_geom, 25833), schw_1587.schw))
                     ->  Nested Loop  (cost=0.00..97.81 rows=1 width=84)
                           Join Filter: ((st_transform(s_1587.the_geom, 25833) && st_expand(schw_1587.schw, '300'::double precision)) AND (schw_1587.schw && st_expand(st_transform(s_1587.the_geom, 25833), '300'::double precision)) AND _st_dwithin(st_transform(s_1587.the_geom, 25833), schw_1587.schw, '300'::double precision))
                           ->  Function Scan on schw_1587  (cost=0.00..0.01 rows=1 width=32)
                           ->  Seq Scan on phoml_trajectory_tmp s_1587  (cost=0.00..95.68 rows=17 width=40)
                                 Filter: ((unix_time >= '1685451510.53'::double precision) AND (unix_time <= '1685451570.53'::double precision))
   ->  Subquery Scan on "*SELECT* 1589"  (cost=97.82..97.83 rows=1 width=76)
         ->  Limit  (cost=97.82..97.82 rows=1 width=84)
               ->  Sort  (cost=97.82..97.82 rows=1 width=84)
                     Sort Key: (st_distance(st_transform(s_1588.the_geom, 25833), schw_1588.schw))
                     ->  Nested Loop  (cost=0.00..97.81 rows=1 width=84)
                           Join Filter: ((st_transform(s_1588.the_geom, 25833) && st_expand(schw_1588.schw, '300'::double precision)) AND (schw_1588.schw && st_expand(st_transform(s_1588.the_geom, 25833), '300'::double precision)) AND _st_dwithin(st_transform(s_1588.the_geom, 25833), schw_1588.schw, '300'::double precision))
                           ->  Function Scan on schw_1588  (cost=0.00..0.01 rows=1 width=32)
                           ->  Seq Scan on phoml_trajectory_tmp s_1588  (cost=0.00..95.68 rows=17 width=40)
                                 Filter: ((unix_time >= '1685451510.87'::double precision) AND (unix_time <= '1685451570.87'::double precision))
   ->  Subquery Scan on "*SELECT* 1590"  (cost=97.82..97.83 rows=1 width=76)
         ->  Limit  (cost=97.82..97.82 rows=1 width=84)
               ->  Sort  (cost=97.82..97.82 rows=1 width=84)
                     Sort Key: (st_distance(st_transform(s_1589.the_geom, 25833), schw_1589.schw))
                     ->  Nested Loop  (cost=0.00..97.81 rows=1 width=84)
                           Join Filter: ((st_transform(s_1589.the_geom, 25833) && st_expand(schw_1589.schw, '300'::double precision)) AND (schw_1589.schw && st_expand(st_transform(s_1589.the_geom, 25833), '300'::double precision)) AND _st_dwithin(st_transform(s_1589.the_geom, 25833), schw_1589.schw, '300'::double precision))
                           ->  Function Scan on schw_1589  (cost=0.00..0.01 rows=1 width=32)
                           ->  Seq Scan on phoml_trajectory_tmp s_1589  (cost=0.00..95.68 rows=17 width=40)
                                 Filter: ((unix_time >= '1685451511.194'::double precision) AND (unix_time <= '1685451571.194'::double precision))
   ->  Subquery Scan on "*SELECT* 1591"  (cost=97.82..97.83 rows=1 width=76)
         ->  Limit  (cost=97.82..97.82 rows=1 width=84)
               ->  Sort  (cost=97.82..97.82 rows=1 width=84)
                     Sort Key: (st_distance(st_transform(s_1590.the_geom, 25833), schw_1590.schw))
                     ->  Nested Loop  (cost=0.00..97.81 rows=1 width=84)
                           Join Filter: ((st_transform(s_1590.the_geom, 25833) && st_expand(schw_1590.schw, '300'::double precision)) AND (schw_1590.schw && st_expand(st_transform(s_1590.the_geom, 25833), '300'::double precision)) AND _st_dwithin(st_transform(s_1590.the_geom, 25833), schw_1590.schw, '300'::double precision))
                           ->  Function Scan on schw_1590  (cost=0.00..0.01 rows=1 width=32)
                           ->  Seq Scan on phoml_trajectory_tmp s_1590  (cost=0.00..95.68 rows=17 width=40)
                                 Filter: ((unix_time >= '1685451511.534'::double precision) AND (unix_time <= '1685451571.534'::double precision))
   ->  Subquery Scan on "*SELECT* 1592"  (cost=97.82..97.83 rows=1 width=76)
         ->  Limit  (cost=97.82..97.82 rows=1 width=84)
               ->  Sort  (cost=97.82..97.82 rows=1 width=84)
                     Sort Key: (st_distance(st_transform(s_1591.the_geom, 25833), schw_1591.schw))
                     ->  Nested Loop  (cost=0.00..97.81 rows=1 width=84)
                           Join Filter: ((st_transform(s_1591.the_geom, 25833) && st_expand(schw_1591.schw, '300'::double precision)) AND (schw_1591.schw && st_expand(st_transform(s_1591.the_geom, 25833), '300'::double precision)) AND _st_dwithin(st_transform(s_1591.the_geom, 25833), schw_1591.schw, '300'::double precision))
                           ->  Function Scan on schw_1591  (cost=0.00..0.01 rows=1 width=32)
                           ->  Seq Scan on phoml_trajectory_tmp s_1591  (cost=0.00..95.68 rows=17 width=40)
                                 Filter: ((unix_time >= '1685451511.864'::double precision) AND (unix_time <= '1685451571.864'::double precision))
   ->  Subquery Scan on "*SELECT* 1593"  (cost=97.82..97.83 rows=1 width=76)
         ->  Limit  (cost=97.82..97.82 rows=1 width=84)
               ->  Sort  (cost=97.82..97.82 rows=1 width=84)
                     Sort Key: (st_distance(st_transform(s_1592.the_geom, 25833), schw_1592.schw))
                     ->  Nested Loop  (cost=0.00..97.81 rows=1 width=84)
                           Join Filter: ((st_transform(s_1592.the_geom, 25833) && st_expand(schw_1592.schw, '300'::double precision)) AND (schw_1592.schw && st_expand(st_transform(s_1592.the_geom, 25833), '300'::double precision)) AND _st_dwithin(st_transform(s_1592.the_geom, 25833), schw_1592.schw, '300'::double precision))
                           ->  Function Scan on schw_1592  (cost=0.00..0.01 rows=1 width=32)
                           ->  Seq Scan on phoml_trajectory_tmp s_1592  (cost=0.00..95.68 rows=17 width=40)
                                 Filter: ((unix_time >= '1685451512.199'::double precision) AND (unix_time <= '1685451572.199'::double precision))
   ->  Subquery Scan on "*SELECT* 1594"  (cost=97.82..97.83 rows=1 width=76)
         ->  Limit  (cost=97.82..97.82 rows=1 width=84)
               ->  Sort  (cost=97.82..97.82 rows=1 width=84)
                     Sort Key: (st_distance(st_transform(s_1593.the_geom, 25833), schw_1593.schw))
                     ->  Nested Loop  (cost=0.00..97.81 rows=1 width=84)
                           Join Filter: ((st_transform(s_1593.the_geom, 25833) && st_expand(schw_1593.schw, '300'::double precision)) AND (schw_1593.schw && st_expand(st_transform(s_1593.the_geom, 25833), '300'::double precision)) AND _st_dwithin(st_transform(s_1593.the_geom, 25833), schw_1593.schw, '300'::double precision))
                           ->  Function Scan on schw_1593  (cost=0.00..0.01 rows=1 width=32)
                           ->  Seq Scan on phoml_trajectory_tmp s_1593  (cost=0.00..95.68 rows=17 width=40)
                                 Filter: ((unix_time >= '1685451512.539'::double precision) AND (unix_time <= '1685451572.539'::double precision))
   ->  Subquery Scan on "*SELECT* 1595"  (cost=97.82..97.83 rows=1 width=76)
         ->  Limit  (cost=97.82..97.82 rows=1 width=84)
               ->  Sort  (cost=97.82..97.82 rows=1 width=84)
                     Sort Key: (st_distance(st_transform(s_1594.the_geom, 25833), schw_1594.schw))
                     ->  Nested Loop  (cost=0.00..97.81 rows=1 width=84)
                           Join Filter: ((st_transform(s_1594.the_geom, 25833) && st_expand(schw_1594.schw, '300'::double precision)) AND (schw_1594.schw && st_expand(st_transform(s_1594.the_geom, 25833), '300'::double precision)) AND _st_dwithin(st_transform(s_1594.the_geom, 25833), schw_1594.schw, '300'::double precision))
                           ->  Function Scan on schw_1594  (cost=0.00..0.01 rows=1 width=32)
                           ->  Seq Scan on phoml_trajectory_tmp s_1594  (cost=0.00..95.68 rows=17 width=40)
                                 Filter: ((unix_time >= '1685451512.889'::double precision) AND (unix_time <= '1685451572.889'::double precision))
   ->  Subquery Scan on "*SELECT* 1596"  (cost=97.82..97.83 rows=1 width=76)
         ->  Limit  (cost=97.82..97.82 rows=1 width=84)
               ->  Sort  (cost=97.82..97.82 rows=1 width=84)
                     Sort Key: (st_distance(st_transform(s_1595.the_geom, 25833), schw_1595.schw))
                     ->  Nested Loop  (cost=0.00..97.81 rows=1 width=84)
                           Join Filter: ((st_transform(s_1595.the_geom, 25833) && st_expand(schw_1595.schw, '300'::double precision)) AND (schw_1595.schw && st_expand(st_transform(s_1595.the_geom, 25833), '300'::double precision)) AND _st_dwithin(st_transform(s_1595.the_geom, 25833), schw_1595.schw, '300'::double precision))
                           ->  Function Scan on schw_1595  (cost=0.00..0.01 rows=1 width=32)
                           ->  Seq Scan on phoml_trajectory_tmp s_1595  (cost=0.00..95.68 rows=17 width=40)
                                 Filter: ((unix_time >= '1685451513.247'::double precision) AND (unix_time <= '1685451573.247'::double precision))
   ->  Subquery Scan on "*SELECT* 1597"  (cost=97.82..97.83 rows=1 width=76)
         ->  Limit  (cost=97.82..97.82 rows=1 width=84)
               ->  Sort  (cost=97.82..97.82 rows=1 width=84)
                     Sort Key: (st_distance(st_transform(s_1596.the_geom, 25833), schw_1596.schw))
                     ->  Nested Loop  (cost=0.00..97.81 rows=1 width=84)
                           Join Filter: ((st_transform(s_1596.the_geom, 25833) && st_expand(schw_1596.schw, '300'::double precision)) AND (schw_1596.schw && st_expand(st_transform(s_1596.the_geom, 25833), '300'::double precision)) AND _st_dwithin(st_transform(s_1596.the_geom, 25833), schw_1596.schw, '300'::double precision))
                           ->  Function Scan on schw_1596  (cost=0.00..0.01 rows=1 width=32)
                           ->  Seq Scan on phoml_trajectory_tmp s_1596  (cost=0.00..95.68 rows=17 width=40)
                                 Filter: ((unix_time >= '1685451513.607'::double precision) AND (unix_time <= '1685451573.607'::double precision))
   ->  Subquery Scan on "*SELECT* 1598"  (cost=97.82..97.83 rows=1 width=76)
         ->  Limit  (cost=97.82..97.82 rows=1 width=84)
               ->  Sort  (cost=97.82..97.82 rows=1 width=84)
                     Sort Key: (st_distance(st_transform(s_1597.the_geom, 25833), schw_1597.schw))
                     ->  Nested Loop  (cost=0.00..97.81 rows=1 width=84)
                           Join Filter: ((st_transform(s_1597.the_geom, 25833) && st_expand(schw_1597.schw, '300'::double precision)) AND (schw_1597.schw && st_expand(st_transform(s_1597.the_geom, 25833), '300'::double precision)) AND _st_dwithin(st_transform(s_1597.the_geom, 25833), schw_1597.schw, '300'::double precision))
                           ->  Function Scan on schw_1597  (cost=0.00..0.01 rows=1 width=32)
                           ->  Seq Scan on phoml_trajectory_tmp s_1597  (cost=0.00..95.68 rows=17 width=40)
                                 Filter: ((unix_time >= '1685451513.997'::double precision) AND (unix_time <= '1685451573.997'::double precision))
   ->  Subquery Scan on "*SELECT* 1599"  (cost=97.82..97.83 rows=1 width=76)
         ->  Limit  (cost=97.82..97.82 rows=1 width=84)
               ->  Sort  (cost=97.82..97.82 rows=1 width=84)
                     Sort Key: (st_distance(st_transform(s_1598.the_geom, 25833), schw_1598.schw))
                     ->  Nested Loop  (cost=0.00..97.81 rows=1 width=84)
                           Join Filter: ((st_transform(s_1598.the_geom, 25833) && st_expand(schw_1598.schw, '300'::double precision)) AND (schw_1598.schw && st_expand(st_transform(s_1598.the_geom, 25833), '300'::double precision)) AND _st_dwithin(st_transform(s_1598.the_geom, 25833), schw_1598.schw, '300'::double precision))
                           ->  Function Scan on schw_1598  (cost=0.00..0.01 rows=1 width=32)
                           ->  Seq Scan on phoml_trajectory_tmp s_1598  (cost=0.00..95.68 rows=17 width=40)
                                 Filter: ((unix_time >= '1685451514.407'::double precision) AND (unix_time <= '1685451574.407'::double precision))
   ->  Subquery Scan on "*SELECT* 1600"  (cost=97.82..97.83 rows=1 width=76)
         ->  Limit  (cost=97.82..97.82 rows=1 width=84)
               ->  Sort  (cost=97.82..97.82 rows=1 width=84)
                     Sort Key: (st_distance(st_transform(s_1599.the_geom, 25833), schw_1599.schw))
                     ->  Nested Loop  (cost=0.00..97.81 rows=1 width=84)
                           Join Filter: ((st_transform(s_1599.the_geom, 25833) && st_expand(schw_1599.schw, '300'::double precision)) AND (schw_1599.schw && st_expand(st_transform(s_1599.the_geom, 25833), '300'::double precision)) AND _st_dwithin(st_transform(s_1599.the_geom, 25833), schw_1599.schw, '300'::double precision))
                           ->  Function Scan on schw_1599  (cost=0.00..0.01 rows=1 width=32)
                           ->  Seq Scan on phoml_trajectory_tmp s_1599  (cost=0.00..95.68 rows=17 width=40)
                                 Filter: ((unix_time >= '1685451514.847'::double precision) AND (unix_time <= '1685451574.847'::double precision))
   ->  Subquery Scan on "*SELECT* 1601"  (cost=97.82..97.83 rows=1 width=76)
         ->  Limit  (cost=97.82..97.82 rows=1 width=84)
               ->  Sort  (cost=97.82..97.82 rows=1 width=84)
                     Sort Key: (st_distance(st_transform(s_1600.the_geom, 25833), schw_1600.schw))
                     ->  Nested Loop  (cost=0.00..97.81 rows=1 width=84)
                           Join Filter: ((st_transform(s_1600.the_geom, 25833) && st_expand(schw_1600.schw, '300'::double precision)) AND (schw_1600.schw && st_expand(st_transform(s_1600.the_geom, 25833), '300'::double precision)) AND _st_dwithin(st_transform(s_1600.the_geom, 25833), schw_1600.schw, '300'::double precision))
                           ->  Function Scan on schw_1600  (cost=0.00..0.01 rows=1 width=32)
                           ->  Seq Scan on phoml_trajectory_tmp s_1600  (cost=0.00..95.68 rows=17 width=40)
                                 Filter: ((unix_time >= '1685451515.317'::double precision) AND (unix_time <= '1685451575.317'::double precision))
   ->  Subquery Scan on "*SELECT* 1602"  (cost=97.82..97.83 rows=1 width=76)
         ->  Limit  (cost=97.82..97.82 rows=1 width=84)
               ->  Sort  (cost=97.82..97.82 rows=1 width=84)
                     Sort Key: (st_distance(st_transform(s_1601.the_geom, 25833), schw_1601.schw))
                     ->  Nested Loop  (cost=0.00..97.81 rows=1 width=84)
                           Join Filter: ((st_transform(s_1601.the_geom, 25833) && st_expand(schw_1601.schw, '300'::double precision)) AND (schw_1601.schw && st_expand(st_transform(s_1601.the_geom, 25833), '300'::double precision)) AND _st_dwithin(st_transform(s_1601.the_geom, 25833), schw_1601.schw, '300'::double precision))
                           ->  Function Scan on schw_1601  (cost=0.00..0.01 rows=1 width=32)
                           ->  Seq Scan on phoml_trajectory_tmp s_1601  (cost=0.00..95.68 rows=17 width=40)
                                 Filter: ((unix_time >= '1685451515.837'::double precision) AND (unix_time <= '1685451575.837'::double precision))
   ->  Subquery Scan on "*SELECT* 1603"  (cost=97.82..97.83 rows=1 width=76)
         ->  Limit  (cost=97.82..97.82 rows=1 width=84)
               ->  Sort  (cost=97.82..97.82 rows=1 width=84)
                     Sort Key: (st_distance(st_transform(s_1602.the_geom, 25833), schw_1602.schw))
                     ->  Nested Loop  (cost=0.00..97.81 rows=1 width=84)
                           Join Filter: ((st_transform(s_1602.the_geom, 25833) && st_expand(schw_1602.schw, '300'::double precision)) AND (schw_1602.schw && st_expand(st_transform(s_1602.the_geom, 25833), '300'::double precision)) AND _st_dwithin(st_transform(s_1602.the_geom, 25833), schw_1602.schw, '300'::double precision))
                           ->  Function Scan on schw_1602  (cost=0.00..0.01 rows=1 width=32)
                           ->  Seq Scan on phoml_trajectory_tmp s_1602  (cost=0.00..95.68 rows=17 width=40)
                                 Filter: ((unix_time >= '1685451516.386'::double precision) AND (unix_time <= '1685451576.386'::double precision))
   ->  Subquery Scan on "*SELECT* 1604"  (cost=97.82..97.83 rows=1 width=76)
         ->  Limit  (cost=97.82..97.82 rows=1 width=84)
               ->  Sort  (cost=97.82..97.82 rows=1 width=84)
                     Sort Key: (st_distance(st_transform(s_1603.the_geom, 25833), schw_1603.schw))
                     ->  Nested Loop  (cost=0.00..97.81 rows=1 width=84)
                           Join Filter: ((st_transform(s_1603.the_geom, 25833) && st_expand(schw_1603.schw, '300'::double precision)) AND (schw_1603.schw && st_expand(st_transform(s_1603.the_geom, 25833), '300'::double precision)) AND _st_dwithin(st_transform(s_1603.the_geom, 25833), schw_1603.schw, '300'::double precision))
                           ->  Function Scan on schw_1603  (cost=0.00..0.01 rows=1 width=32)
                           ->  Seq Scan on phoml_trajectory_tmp s_1603  (cost=0.00..95.68 rows=17 width=40)
                                 Filter: ((unix_time >= '1685451516.956'::double precision) AND (unix_time <= '1685451576.956'::double precision))
   ->  Subquery Scan on "*SELECT* 1605"  (cost=97.82..97.83 rows=1 width=76)
         ->  Limit  (cost=97.82..97.82 rows=1 width=84)
               ->  Sort  (cost=97.82..97.82 rows=1 width=84)
                     Sort Key: (st_distance(st_transform(s_1604.the_geom, 25833), schw_1604.schw))
                     ->  Nested Loop  (cost=0.00..97.81 rows=1 width=84)
                           Join Filter: ((st_transform(s_1604.the_geom, 25833) && st_expand(schw_1604.schw, '300'::double precision)) AND (schw_1604.schw && st_expand(st_transform(s_1604.the_geom, 25833), '300'::double precision)) AND _st_dwithin(st_transform(s_1604.the_geom, 25833), schw_1604.schw, '300'::double precision))
                           ->  Function Scan on schw_1604  (cost=0.00..0.01 rows=1 width=32)
                           ->  Seq Scan on phoml_trajectory_tmp s_1604  (cost=0.00..95.68 rows=17 width=40)
                                 Filter: ((unix_time >= '1685451517.543'::double precision) AND (unix_time <= '1685451577.543'::double precision))
   ->  Subquery Scan on "*SELECT* 1606"  (cost=97.82..97.83 rows=1 width=76)
         ->  Limit  (cost=97.82..97.82 rows=1 width=84)
               ->  Sort  (cost=97.82..97.82 rows=1 width=84)
                     Sort Key: (st_distance(st_transform(s_1605.the_geom, 25833), schw_1605.schw))
                     ->  Nested Loop  (cost=0.00..97.81 rows=1 width=84)
                           Join Filter: ((st_transform(s_1605.the_geom, 25833) && st_expand(schw_1605.schw, '300'::double precision)) AND (schw_1605.schw && st_expand(st_transform(s_1605.the_geom, 25833), '300'::double precision)) AND _st_dwithin(st_transform(s_1605.the_geom, 25833), schw_1605.schw, '300'::double precision))
                           ->  Function Scan on schw_1605  (cost=0.00..0.01 rows=1 width=32)
                           ->  Seq Scan on phoml_trajectory_tmp s_1605  (cost=0.00..95.68 rows=17 width=40)
                                 Filter: ((unix_time >= '1685451518.159'::double precision) AND (unix_time <= '1685451578.159'::double precision))
   ->  Subquery Scan on "*SELECT* 1607"  (cost=97.82..97.83 rows=1 width=76)
         ->  Limit  (cost=97.82..97.82 rows=1 width=84)
               ->  Sort  (cost=97.82..97.82 rows=1 width=84)
                     Sort Key: (st_distance(st_transform(s_1606.the_geom, 25833), schw_1606.schw))
                     ->  Nested Loop  (cost=0.00..97.81 rows=1 width=84)
                           Join Filter: ((st_transform(s_1606.the_geom, 25833) && st_expand(schw_1606.schw, '300'::double precision)) AND (schw_1606.schw && st_expand(st_transform(s_1606.the_geom, 25833), '300'::double precision)) AND _st_dwithin(st_transform(s_1606.the_geom, 25833), schw_1606.schw, '300'::double precision))
                           ->  Function Scan on schw_1606  (cost=0.00..0.01 rows=1 width=32)
                           ->  Seq Scan on phoml_trajectory_tmp s_1606  (cost=0.00..95.68 rows=17 width=40)
                                 Filter: ((unix_time >= '1685451518.789'::double precision) AND (unix_time <= '1685451578.789'::double precision))
   ->  Subquery Scan on "*SELECT* 1608"  (cost=97.82..97.83 rows=1 width=76)
         ->  Limit  (cost=97.82..97.82 rows=1 width=84)
               ->  Sort  (cost=97.82..97.82 rows=1 width=84)
                     Sort Key: (st_distance(st_transform(s_1607.the_geom, 25833), schw_1607.schw))
                     ->  Nested Loop  (cost=0.00..97.81 rows=1 width=84)
                           Join Filter: ((st_transform(s_1607.the_geom, 25833) && st_expand(schw_1607.schw, '300'::double precision)) AND (schw_1607.schw && st_expand(st_transform(s_1607.the_geom, 25833), '300'::double precision)) AND _st_dwithin(st_transform(s_1607.the_geom, 25833), schw_1607.schw, '300'::double precision))
                           ->  Function Scan on schw_1607  (cost=0.00..0.01 rows=1 width=32)
                           ->  Seq Scan on phoml_trajectory_tmp s_1607  (cost=0.00..95.68 rows=17 width=40)
                                 Filter: ((unix_time >= '1685451519.433'::double precision) AND (unix_time <= '1685451579.433'::double precision))
   ->  Subquery Scan on "*SELECT* 1609"  (cost=97.82..97.83 rows=1 width=76)
         ->  Limit  (cost=97.82..97.82 rows=1 width=84)
               ->  Sort  (cost=97.82..97.82 rows=1 width=84)
                     Sort Key: (st_distance(st_transform(s_1608.the_geom, 25833), schw_1608.schw))
                     ->  Nested Loop  (cost=0.00..97.81 rows=1 width=84)
                           Join Filter: ((st_transform(s_1608.the_geom, 25833) && st_expand(schw_1608.schw, '300'::double precision)) AND (schw_1608.schw && st_expand(st_transform(s_1608.the_geom, 25833), '300'::double precision)) AND _st_dwithin(st_transform(s_1608.the_geom, 25833), schw_1608.schw, '300'::double precision))
                           ->  Function Scan on schw_1608  (cost=0.00..0.01 rows=1 width=32)
                           ->  Seq Scan on phoml_trajectory_tmp s_1608  (cost=0.00..95.68 rows=17 width=40)
                                 Filter: ((unix_time >= '1685451520.093'::double precision) AND (unix_time <= '1685451580.093'::double precision))
   ->  Subquery Scan on "*SELECT* 1610"  (cost=97.82..97.83 rows=1 width=76)
         ->  Limit  (cost=97.82..97.82 rows=1 width=84)
               ->  Sort  (cost=97.82..97.82 rows=1 width=84)
                     Sort Key: (st_distance(st_transform(s_1609.the_geom, 25833), schw_1609.schw))
                     ->  Nested Loop  (cost=0.00..97.81 rows=1 width=84)
                           Join Filter: ((st_transform(s_1609.the_geom, 25833) && st_expand(schw_1609.schw, '300'::double precision)) AND (schw_1609.schw && st_expand(st_transform(s_1609.the_geom, 25833), '300'::double precision)) AND _st_dwithin(st_transform(s_1609.the_geom, 25833), schw_1609.schw, '300'::double precision))
                           ->  Function Scan on schw_1609  (cost=0.00..0.01 rows=1 width=32)
                           ->  Seq Scan on phoml_trajectory_tmp s_1609  (cost=0.00..95.68 rows=17 width=40)
                                 Filter: ((unix_time >= '1685451520.776'::double precision) AND (unix_time <= '1685451580.776'::double precision))
   ->  Subquery Scan on "*SELECT* 1611"  (cost=97.82..97.83 rows=1 width=76)
         ->  Limit  (cost=97.82..97.82 rows=1 width=84)
               ->  Sort  (cost=97.82..97.82 rows=1 width=84)
                     Sort Key: (st_distance(st_transform(s_1610.the_geom, 25833), schw_1610.schw))
                     ->  Nested Loop  (cost=0.00..97.81 rows=1 width=84)
                           Join Filter: ((st_transform(s_1610.the_geom, 25833) && st_expand(schw_1610.schw, '300'::double precision)) AND (schw_1610.schw && st_expand(st_transform(s_1610.the_geom, 25833), '300'::double precision)) AND _st_dwithin(st_transform(s_1610.the_geom, 25833), schw_1610.schw, '300'::double precision))
                           ->  Function Scan on schw_1610  (cost=0.00..0.01 rows=1 width=32)
                           ->  Seq Scan on phoml_trajectory_tmp s_1610  (cost=0.00..95.68 rows=17 width=40)
                                 Filter: ((unix_time >= '1685451521.466'::double precision) AND (unix_time <= '1685451581.466'::double precision))
   ->  Subquery Scan on "*SELECT* 1612"  (cost=97.82..97.83 rows=1 width=76)
         ->  Limit  (cost=97.82..97.82 rows=1 width=84)
               ->  Sort  (cost=97.82..97.82 rows=1 width=84)
                     Sort Key: (st_distance(st_transform(s_1611.the_geom, 25833), schw_1611.schw))
                     ->  Nested Loop  (cost=0.00..97.81 rows=1 width=84)
                           Join Filter: ((st_transform(s_1611.the_geom, 25833) && st_expand(schw_1611.schw, '300'::double precision)) AND (schw_1611.schw && st_expand(st_transform(s_1611.the_geom, 25833), '300'::double precision)) AND _st_dwithin(st_transform(s_1611.the_geom, 25833), schw_1611.schw, '300'::double precision))
                           ->  Function Scan on schw_1611  (cost=0.00..0.01 rows=1 width=32)
                           ->  Seq Scan on phoml_trajectory_tmp s_1611  (cost=0.00..95.68 rows=17 width=40)
                                 Filter: ((unix_time >= '1685451522.178'::double precision) AND (unix_time <= '1685451582.178'::double precision))
   ->  Subquery Scan on "*SELECT* 1613"  (cost=97.82..97.83 rows=1 width=76)
         ->  Limit  (cost=97.82..97.82 rows=1 width=84)
               ->  Sort  (cost=97.82..97.82 rows=1 width=84)
                     Sort Key: (st_distance(st_transform(s_1612.the_geom, 25833), schw_1612.schw))
                     ->  Nested Loop  (cost=0.00..97.81 rows=1 width=84)
                           Join Filter: ((st_transform(s_1612.the_geom, 25833) && st_expand(schw_1612.schw, '300'::double precision)) AND (schw_1612.schw && st_expand(st_transform(s_1612.the_geom, 25833), '300'::double precision)) AND _st_dwithin(st_transform(s_1612.the_geom, 25833), schw_1612.schw, '300'::double precision))
                           ->  Function Scan on schw_1612  (cost=0.00..0.01 rows=1 width=32)
                           ->  Seq Scan on phoml_trajectory_tmp s_1612  (cost=0.00..95.68 rows=17 width=40)
                                 Filter: ((unix_time >= '1685451522.918'::double precision) AND (unix_time <= '1685451582.918'::double precision))
   ->  Subquery Scan on "*SELECT* 1614"  (cost=97.82..97.83 rows=1 width=76)
         ->  Limit  (cost=97.82..97.82 rows=1 width=84)
               ->  Sort  (cost=97.82..97.82 rows=1 width=84)
                     Sort Key: (st_distance(st_transform(s_1613.the_geom, 25833), schw_1613.schw))
                     ->  Nested Loop  (cost=0.00..97.81 rows=1 width=84)
                           Join Filter: ((st_transform(s_1613.the_geom, 25833) && st_expand(schw_1613.schw, '300'::double precision)) AND (schw_1613.schw && st_expand(st_transform(s_1613.the_geom, 25833), '300'::double precision)) AND _st_dwithin(st_transform(s_1613.the_geom, 25833), schw_1613.schw, '300'::double precision))
                           ->  Function Scan on schw_1613  (cost=0.00..0.01 rows=1 width=32)
                           ->  Seq Scan on phoml_trajectory_tmp s_1613  (cost=0.00..95.68 rows=17 width=40)
                                 Filter: ((unix_time >= '1685451523.622'::double precision) AND (unix_time <= '1685451583.622'::double precision))
   ->  Subquery Scan on "*SELECT* 1615"  (cost=97.82..97.83 rows=1 width=76)
         ->  Limit  (cost=97.82..97.82 rows=1 width=84)
               ->  Sort  (cost=97.82..97.82 rows=1 width=84)
                     Sort Key: (st_distance(st_transform(s_1614.the_geom, 25833), schw_1614.schw))
                     ->  Nested Loop  (cost=0.00..97.81 rows=1 width=84)
                           Join Filter: ((st_transform(s_1614.the_geom, 25833) && st_expand(schw_1614.schw, '300'::double precision)) AND (schw_1614.schw && st_expand(st_transform(s_1614.the_geom, 25833), '300'::double precision)) AND _st_dwithin(st_transform(s_1614.the_geom, 25833), schw_1614.schw, '300'::double precision))
                           ->  Function Scan on schw_1614  (cost=0.00..0.01 rows=1 width=32)
                           ->  Seq Scan on phoml_trajectory_tmp s_1614  (cost=0.00..95.68 rows=17 width=40)
                                 Filter: ((unix_time >= '1685451524.283'::double precision) AND (unix_time <= '1685451584.283'::double precision))
   ->  Subquery Scan on "*SELECT* 1616"  (cost=97.82..97.83 rows=1 width=76)
         ->  Limit  (cost=97.82..97.82 rows=1 width=84)
               ->  Sort  (cost=97.82..97.82 rows=1 width=84)
                     Sort Key: (st_distance(st_transform(s_1615.the_geom, 25833), schw_1615.schw))
                     ->  Nested Loop  (cost=0.00..97.81 rows=1 width=84)
                           Join Filter: ((st_transform(s_1615.the_geom, 25833) && st_expand(schw_1615.schw, '300'::double precision)) AND (schw_1615.schw && st_expand(st_transform(s_1615.the_geom, 25833), '300'::double precision)) AND _st_dwithin(st_transform(s_1615.the_geom, 25833), schw_1615.schw, '300'::double precision))
                           ->  Function Scan on schw_1615  (cost=0.00..0.01 rows=1 width=32)
                           ->  Seq Scan on phoml_trajectory_tmp s_1615  (cost=0.00..95.68 rows=17 width=40)
                                 Filter: ((unix_time >= '1685451524.913'::double precision) AND (unix_time <= '1685451584.913'::double precision))
   ->  Subquery Scan on "*SELECT* 1617"  (cost=97.82..97.83 rows=1 width=76)
         ->  Limit  (cost=97.82..97.82 rows=1 width=84)
               ->  Sort  (cost=97.82..97.82 rows=1 width=84)
                     Sort Key: (st_distance(st_transform(s_1616.the_geom, 25833), schw_1616.schw))
                     ->  Nested Loop  (cost=0.00..97.81 rows=1 width=84)
                           Join Filter: ((st_transform(s_1616.the_geom, 25833) && st_expand(schw_1616.schw, '300'::double precision)) AND (schw_1616.schw && st_expand(st_transform(s_1616.the_geom, 25833), '300'::double precision)) AND _st_dwithin(st_transform(s_1616.the_geom, 25833), schw_1616.schw, '300'::double precision))
                           ->  Function Scan on schw_1616  (cost=0.00..0.01 rows=1 width=32)
                           ->  Seq Scan on phoml_trajectory_tmp s_1616  (cost=0.00..95.68 rows=17 width=40)
                                 Filter: ((unix_time >= '1685451525.494'::double precision) AND (unix_time <= '1685451585.494'::double precision))
   ->  Subquery Scan on "*SELECT* 1618"  (cost=97.82..97.83 rows=1 width=76)
         ->  Limit  (cost=97.82..97.82 rows=1 width=84)
               ->  Sort  (cost=97.82..97.82 rows=1 width=84)
                     Sort Key: (st_distance(st_transform(s_1617.the_geom, 25833), schw_1617.schw))
                     ->  Nested Loop  (cost=0.00..97.81 rows=1 width=84)
                           Join Filter: ((st_transform(s_1617.the_geom, 25833) && st_expand(schw_1617.schw, '300'::double precision)) AND (schw_1617.schw && st_expand(st_transform(s_1617.the_geom, 25833), '300'::double precision)) AND _st_dwithin(st_transform(s_1617.the_geom, 25833), schw_1617.schw, '300'::double precision))
                           ->  Function Scan on schw_1617  (cost=0.00..0.01 rows=1 width=32)
                           ->  Seq Scan on phoml_trajectory_tmp s_1617  (cost=0.00..95.68 rows=17 width=40)
                                 Filter: ((unix_time >= '1685451526.074'::double precision) AND (unix_time <= '1685451586.074'::double precision))
   ->  Subquery Scan on "*SELECT* 1619"  (cost=97.82..97.83 rows=1 width=76)
         ->  Limit  (cost=97.82..97.82 rows=1 width=84)
               ->  Sort  (cost=97.82..97.82 rows=1 width=84)
                     Sort Key: (st_distance(st_transform(s_1618.the_geom, 25833), schw_1618.schw))
                     ->  Nested Loop  (cost=0.00..97.81 rows=1 width=84)
                           Join Filter: ((st_transform(s_1618.the_geom, 25833) && st_expand(schw_1618.schw, '300'::double precision)) AND (schw_1618.schw && st_expand(st_transform(s_1618.the_geom, 25833), '300'::double precision)) AND _st_dwithin(st_transform(s_1618.the_geom, 25833), schw_1618.schw, '300'::double precision))
                           ->  Function Scan on schw_1618  (cost=0.00..0.01 rows=1 width=32)
                           ->  Seq Scan on phoml_trajectory_tmp s_1618  (cost=0.00..95.68 rows=17 width=40)
                                 Filter: ((unix_time >= '1685451526.616'::double precision) AND (unix_time <= '1685451586.616'::double precision))
   ->  Subquery Scan on "*SELECT* 1620"  (cost=97.82..97.83 rows=1 width=76)
         ->  Limit  (cost=97.82..97.82 rows=1 width=84)
               ->  Sort  (cost=97.82..97.82 rows=1 width=84)
                     Sort Key: (st_distance(st_transform(s_1619.the_geom, 25833), schw_1619.schw))
                     ->  Nested Loop  (cost=0.00..97.81 rows=1 width=84)
                           Join Filter: ((st_transform(s_1619.the_geom, 25833) && st_expand(schw_1619.schw, '300'::double precision)) AND (schw_1619.schw && st_expand(st_transform(s_1619.the_geom, 25833), '300'::double precision)) AND _st_dwithin(st_transform(s_1619.the_geom, 25833), schw_1619.schw, '300'::double precision))
                           ->  Function Scan on schw_1619  (cost=0.00..0.01 rows=1 width=32)
                           ->  Seq Scan on phoml_trajectory_tmp s_1619  (cost=0.00..95.68 rows=17 width=40)
                                 Filter: ((unix_time >= '1685451527.155'::double precision) AND (unix_time <= '1685451587.155'::double precision))
   ->  Subquery Scan on "*SELECT* 1621"  (cost=97.82..97.83 rows=1 width=76)
         ->  Limit  (cost=97.82..97.82 rows=1 width=84)
               ->  Sort  (cost=97.82..97.82 rows=1 width=84)
                     Sort Key: (st_distance(st_transform(s_1620.the_geom, 25833), schw_1620.schw))
                     ->  Nested Loop  (cost=0.00..97.81 rows=1 width=84)
                           Join Filter: ((st_transform(s_1620.the_geom, 25833) && st_expand(schw_1620.schw, '300'::double precision)) AND (schw_1620.schw && st_expand(st_transform(s_1620.the_geom, 25833), '300'::double precision)) AND _st_dwithin(st_transform(s_1620.the_geom, 25833), schw_1620.schw, '300'::double precision))
                           ->  Function Scan on schw_1620  (cost=0.00..0.01 rows=1 width=32)
                           ->  Seq Scan on phoml_trajectory_tmp s_1620  (cost=0.00..95.68 rows=17 width=40)
                                 Filter: ((unix_time >= '1685451527.655'::double precision) AND (unix_time <= '1685451587.655'::double precision))
   ->  Subquery Scan on "*SELECT* 1622"  (cost=97.82..97.83 rows=1 width=76)
         ->  Limit  (cost=97.82..97.82 rows=1 width=84)
               ->  Sort  (cost=97.82..97.82 rows=1 width=84)
                     Sort Key: (st_distance(st_transform(s_1621.the_geom, 25833), schw_1621.schw))
                     ->  Nested Loop  (cost=0.00..97.81 rows=1 width=84)
                           Join Filter: ((st_transform(s_1621.the_geom, 25833) && st_expand(schw_1621.schw, '300'::double precision)) AND (schw_1621.schw && st_expand(st_transform(s_1621.the_geom, 25833), '300'::double precision)) AND _st_dwithin(st_transform(s_1621.the_geom, 25833), schw_1621.schw, '300'::double precision))
                           ->  Function Scan on schw_1621  (cost=0.00..0.01 rows=1 width=32)
                           ->  Seq Scan on phoml_trajectory_tmp s_1621  (cost=0.00..95.68 rows=17 width=40)
                                 Filter: ((unix_time >= '1685451528.152'::double precision) AND (unix_time <= '1685451588.152'::double precision))
   ->  Subquery Scan on "*SELECT* 1623"  (cost=97.82..97.83 rows=1 width=76)
         ->  Limit  (cost=97.82..97.82 rows=1 width=84)
               ->  Sort  (cost=97.82..97.82 rows=1 width=84)
                     Sort Key: (st_distance(st_transform(s_1622.the_geom, 25833), schw_1622.schw))
                     ->  Nested Loop  (cost=0.00..97.81 rows=1 width=84)
                           Join Filter: ((st_transform(s_1622.the_geom, 25833) && st_expand(schw_1622.schw, '300'::double precision)) AND (schw_1622.schw && st_expand(st_transform(s_1622.the_geom, 25833), '300'::double precision)) AND _st_dwithin(st_transform(s_1622.the_geom, 25833), schw_1622.schw, '300'::double precision))
                           ->  Function Scan on schw_1622  (cost=0.00..0.01 rows=1 width=32)
                           ->  Seq Scan on phoml_trajectory_tmp s_1622  (cost=0.00..95.68 rows=17 width=40)
                                 Filter: ((unix_time >= '1685451528.632'::double precision) AND (unix_time <= '1685451588.632'::double precision))
   ->  Subquery Scan on "*SELECT* 1624"  (cost=97.82..97.83 rows=1 width=76)
         ->  Limit  (cost=97.82..97.82 rows=1 width=84)
               ->  Sort  (cost=97.82..97.82 rows=1 width=84)
                     Sort Key: (st_distance(st_transform(s_1623.the_geom, 25833), schw_1623.schw))
                     ->  Nested Loop  (cost=0.00..97.81 rows=1 width=84)
                           Join Filter: ((st_transform(s_1623.the_geom, 25833) && st_expand(schw_1623.schw, '300'::double precision)) AND (schw_1623.schw && st_expand(st_transform(s_1623.the_geom, 25833), '300'::double precision)) AND _st_dwithin(st_transform(s_1623.the_geom, 25833), schw_1623.schw, '300'::double precision))
                           ->  Function Scan on schw_1623  (cost=0.00..0.01 rows=1 width=32)
                           ->  Seq Scan on phoml_trajectory_tmp s_1623  (cost=0.00..95.68 rows=17 width=40)
                                 Filter: ((unix_time >= '1685451529.102'::double precision) AND (unix_time <= '1685451589.102'::double precision))
   ->  Subquery Scan on "*SELECT* 1625"  (cost=97.82..97.83 rows=1 width=76)
         ->  Limit  (cost=97.82..97.82 rows=1 width=84)
               ->  Sort  (cost=97.82..97.82 rows=1 width=84)
                     Sort Key: (st_distance(st_transform(s_1624.the_geom, 25833), schw_1624.schw))
                     ->  Nested Loop  (cost=0.00..97.81 rows=1 width=84)
                           Join Filter: ((st_transform(s_1624.the_geom, 25833) && st_expand(schw_1624.schw, '300'::double precision)) AND (schw_1624.schw && st_expand(st_transform(s_1624.the_geom, 25833), '300'::double precision)) AND _st_dwithin(st_transform(s_1624.the_geom, 25833), schw_1624.schw, '300'::double precision))
                           ->  Function Scan on schw_1624  (cost=0.00..0.01 rows=1 width=32)
                           ->  Seq Scan on phoml_trajectory_tmp s_1624  (cost=0.00..95.68 rows=17 width=40)
                                 Filter: ((unix_time >= '1685451529.559'::double precision) AND (unix_time <= '1685451589.559'::double precision))
   ->  Subquery Scan on "*SELECT* 1626"  (cost=97.82..97.83 rows=1 width=76)
         ->  Limit  (cost=97.82..97.82 rows=1 width=84)
               ->  Sort  (cost=97.82..97.82 rows=1 width=84)
                     Sort Key: (st_distance(st_transform(s_1625.the_geom, 25833), schw_1625.schw))
                     ->  Nested Loop  (cost=0.00..97.81 rows=1 width=84)
                           Join Filter: ((st_transform(s_1625.the_geom, 25833) && st_expand(schw_1625.schw, '300'::double precision)) AND (schw_1625.schw && st_expand(st_transform(s_1625.the_geom, 25833), '300'::double precision)) AND _st_dwithin(st_transform(s_1625.the_geom, 25833), schw_1625.schw, '300'::double precision))
                           ->  Function Scan on schw_1625  (cost=0.00..0.01 rows=1 width=32)
                           ->  Seq Scan on phoml_trajectory_tmp s_1625  (cost=0.00..95.68 rows=17 width=40)
                                 Filter: ((unix_time >= '1685451530.009'::double precision) AND (unix_time <= '1685451590.009'::double precision))
   ->  Subquery Scan on "*SELECT* 1627"  (cost=97.82..97.83 rows=1 width=76)
         ->  Limit  (cost=97.82..97.82 rows=1 width=84)
               ->  Sort  (cost=97.82..97.82 rows=1 width=84)
                     Sort Key: (st_distance(st_transform(s_1626.the_geom, 25833), schw_1626.schw))
                     ->  Nested Loop  (cost=0.00..97.81 rows=1 width=84)
                           Join Filter: ((st_transform(s_1626.the_geom, 25833) && st_expand(schw_1626.schw, '300'::double precision)) AND (schw_1626.schw && st_expand(st_transform(s_1626.the_geom, 25833), '300'::double precision)) AND _st_dwithin(st_transform(s_1626.the_geom, 25833), schw_1626.schw, '300'::double precision))
                           ->  Function Scan on schw_1626  (cost=0.00..0.01 rows=1 width=32)
                           ->  Seq Scan on phoml_trajectory_tmp s_1626  (cost=0.00..95.68 rows=17 width=40)
                                 Filter: ((unix_time >= '1685451530.437'::double precision) AND (unix_time <= '1685451590.437'::double precision))
   ->  Subquery Scan on "*SELECT* 1628"  (cost=97.82..97.83 rows=1 width=76)
         ->  Limit  (cost=97.82..97.82 rows=1 width=84)
               ->  Sort  (cost=97.82..97.82 rows=1 width=84)
                     Sort Key: (st_distance(st_transform(s_1627.the_geom, 25833), schw_1627.schw))
                     ->  Nested Loop  (cost=0.00..97.81 rows=1 width=84)
                           Join Filter: ((st_transform(s_1627.the_geom, 25833) && st_expand(schw_1627.schw, '300'::double precision)) AND (schw_1627.schw && st_expand(st_transform(s_1627.the_geom, 25833), '300'::double precision)) AND _st_dwithin(st_transform(s_1627.the_geom, 25833), schw_1627.schw, '300'::double precision))
                           ->  Function Scan on schw_1627  (cost=0.00..0.01 rows=1 width=32)
                           ->  Seq Scan on phoml_trajectory_tmp s_1627  (cost=0.00..95.68 rows=17 width=40)
                                 Filter: ((unix_time >= '1685451530.857'::double precision) AND (unix_time <= '1685451590.857'::double precision))
   ->  Subquery Scan on "*SELECT* 1629"  (cost=97.82..97.83 rows=1 width=76)
         ->  Limit  (cost=97.82..97.82 rows=1 width=84)
               ->  Sort  (cost=97.82..97.82 rows=1 width=84)
                     Sort Key: (st_distance(st_transform(s_1628.the_geom, 25833), schw_1628.schw))
                     ->  Nested Loop  (cost=0.00..97.81 rows=1 width=84)
                           Join Filter: ((st_transform(s_1628.the_geom, 25833) && st_expand(schw_1628.schw, '300'::double precision)) AND (schw_1628.schw && st_expand(st_transform(s_1628.the_geom, 25833), '300'::double precision)) AND _st_dwithin(st_transform(s_1628.the_geom, 25833), schw_1628.schw, '300'::double precision))
                           ->  Function Scan on schw_1628  (cost=0.00..0.01 rows=1 width=32)
                           ->  Seq Scan on phoml_trajectory_tmp s_1628  (cost=0.00..95.68 rows=17 width=40)
                                 Filter: ((unix_time >= '1685451531.263'::double precision) AND (unix_time <= '1685451591.263'::double precision))
   ->  Subquery Scan on "*SELECT* 1630"  (cost=97.82..97.83 rows=1 width=76)
         ->  Limit  (cost=97.82..97.82 rows=1 width=84)
               ->  Sort  (cost=97.82..97.82 rows=1 width=84)
                     Sort Key: (st_distance(st_transform(s_1629.the_geom, 25833), schw_1629.schw))
                     ->  Nested Loop  (cost=0.00..97.81 rows=1 width=84)
                           Join Filter: ((st_transform(s_1629.the_geom, 25833) && st_expand(schw_1629.schw, '300'::double precision)) AND (schw_1629.schw && st_expand(st_transform(s_1629.the_geom, 25833), '300'::double precision)) AND _st_dwithin(st_transform(s_1629.the_geom, 25833), schw_1629.schw, '300'::double precision))
                           ->  Function Scan on schw_1629  (cost=0.00..0.01 rows=1 width=32)
                           ->  Seq Scan on phoml_trajectory_tmp s_1629  (cost=0.00..95.68 rows=17 width=40)
                                 Filter: ((unix_time >= '1685451531.663'::double precision) AND (unix_time <= '1685451591.663'::double precision))
   ->  Subquery Scan on "*SELECT* 1631"  (cost=97.82..97.83 rows=1 width=76)
         ->  Limit  (cost=97.82..97.82 rows=1 width=84)
               ->  Sort  (cost=97.82..97.82 rows=1 width=84)
                     Sort Key: (st_distance(st_transform(s_1630.the_geom, 25833), schw_1630.schw))
                     ->  Nested Loop  (cost=0.00..97.81 rows=1 width=84)
                           Join Filter: ((st_transform(s_1630.the_geom, 25833) && st_expand(schw_1630.schw, '300'::double precision)) AND (schw_1630.schw && st_expand(st_transform(s_1630.the_geom, 25833), '300'::double precision)) AND _st_dwithin(st_transform(s_1630.the_geom, 25833), schw_1630.schw, '300'::double precision))
                           ->  Function Scan on schw_1630  (cost=0.00..0.01 rows=1 width=32)
                           ->  Seq Scan on phoml_trajectory_tmp s_1630  (cost=0.00..95.68 rows=17 width=40)
                                 Filter: ((unix_time >= '1685451532.053'::double precision) AND (unix_time <= '1685451592.053'::double precision))
   ->  Subquery Scan on "*SELECT* 1632"  (cost=97.82..97.83 rows=1 width=76)
         ->  Limit  (cost=97.82..97.82 rows=1 width=84)
               ->  Sort  (cost=97.82..97.82 rows=1 width=84)
                     Sort Key: (st_distance(st_transform(s_1631.the_geom, 25833), schw_1631.schw))
                     ->  Nested Loop  (cost=0.00..97.81 rows=1 width=84)
                           Join Filter: ((st_transform(s_1631.the_geom, 25833) && st_expand(schw_1631.schw, '300'::double precision)) AND (schw_1631.schw && st_expand(st_transform(s_1631.the_geom, 25833), '300'::double precision)) AND _st_dwithin(st_transform(s_1631.the_geom, 25833), schw_1631.schw, '300'::double precision))
                           ->  Function Scan on schw_1631  (cost=0.00..0.01 rows=1 width=32)
                           ->  Seq Scan on phoml_trajectory_tmp s_1631  (cost=0.00..95.68 rows=17 width=40)
                                 Filter: ((unix_time >= '1685451532.423'::double precision) AND (unix_time <= '1685451592.423'::double precision))
   ->  Subquery Scan on "*SELECT* 1633"  (cost=97.82..97.83 rows=1 width=76)
         ->  Limit  (cost=97.82..97.82 rows=1 width=84)
               ->  Sort  (cost=97.82..97.82 rows=1 width=84)
                     Sort Key: (st_distance(st_transform(s_1632.the_geom, 25833), schw_1632.schw))
                     ->  Nested Loop  (cost=0.00..97.81 rows=1 width=84)
                           Join Filter: ((st_transform(s_1632.the_geom, 25833) && st_expand(schw_1632.schw, '300'::double precision)) AND (schw_1632.schw && st_expand(st_transform(s_1632.the_geom, 25833), '300'::double precision)) AND _st_dwithin(st_transform(s_1632.the_geom, 25833), schw_1632.schw, '300'::double precision))
                           ->  Function Scan on schw_1632  (cost=0.00..0.01 rows=1 width=32)
                           ->  Seq Scan on phoml_trajectory_tmp s_1632  (cost=0.00..95.68 rows=17 width=40)
                                 Filter: ((unix_time >= '1685451532.793'::double precision) AND (unix_time <= '1685451592.793'::double precision))
   ->  Subquery Scan on "*SELECT* 1634"  (cost=97.82..97.83 rows=1 width=76)
         ->  Limit  (cost=97.82..97.82 rows=1 width=84)
               ->  Sort  (cost=97.82..97.82 rows=1 width=84)
                     Sort Key: (st_distance(st_transform(s_1633.the_geom, 25833), schw_1633.schw))
                     ->  Nested Loop  (cost=0.00..97.81 rows=1 width=84)
                           Join Filter: ((st_transform(s_1633.the_geom, 25833) && st_expand(schw_1633.schw, '300'::double precision)) AND (schw_1633.schw && st_expand(st_transform(s_1633.the_geom, 25833), '300'::double precision)) AND _st_dwithin(st_transform(s_1633.the_geom, 25833), schw_1633.schw, '300'::double precision))
                           ->  Function Scan on schw_1633  (cost=0.00..0.01 rows=1 width=32)
                           ->  Seq Scan on phoml_trajectory_tmp s_1633  (cost=0.00..95.68 rows=17 width=40)
                                 Filter: ((unix_time >= '1685451533.164'::double precision) AND (unix_time <= '1685451593.164'::double precision))
   ->  Subquery Scan on "*SELECT* 1635"  (cost=97.82..97.83 rows=1 width=76)
         ->  Limit  (cost=97.82..97.82 rows=1 width=84)
               ->  Sort  (cost=97.82..97.82 rows=1 width=84)
                     Sort Key: (st_distance(st_transform(s_1634.the_geom, 25833), schw_1634.schw))
                     ->  Nested Loop  (cost=0.00..97.81 rows=1 width=84)
                           Join Filter: ((st_transform(s_1634.the_geom, 25833) && st_expand(schw_1634.schw, '300'::double precision)) AND (schw_1634.schw && st_expand(st_transform(s_1634.the_geom, 25833), '300'::double precision)) AND _st_dwithin(st_transform(s_1634.the_geom, 25833), schw_1634.schw, '300'::double precision))
                           ->  Function Scan on schw_1634  (cost=0.00..0.01 rows=1 width=32)
                           ->  Seq Scan on phoml_trajectory_tmp s_1634  (cost=0.00..95.68 rows=17 width=40)
                                 Filter: ((unix_time >= '1685451533.494'::double precision) AND (unix_time <= '1685451593.494'::double precision))
   ->  Subquery Scan on "*SELECT* 1636"  (cost=97.82..97.83 rows=1 width=76)
         ->  Limit  (cost=97.82..97.82 rows=1 width=84)
               ->  Sort  (cost=97.82..97.82 rows=1 width=84)
                     Sort Key: (st_distance(st_transform(s_1635.the_geom, 25833), schw_1635.schw))
                     ->  Nested Loop  (cost=0.00..97.81 rows=1 width=84)
                           Join Filter: ((st_transform(s_1635.the_geom, 25833) && st_expand(schw_1635.schw, '300'::double precision)) AND (schw_1635.schw && st_expand(st_transform(s_1635.the_geom, 25833), '300'::double precision)) AND _st_dwithin(st_transform(s_1635.the_geom, 25833), schw_1635.schw, '300'::double precision))
                           ->  Function Scan on schw_1635  (cost=0.00..0.01 rows=1 width=32)
                           ->  Seq Scan on phoml_trajectory_tmp s_1635  (cost=0.00..95.68 rows=17 width=40)
                                 Filter: ((unix_time >= '1685451533.844'::double precision) AND (unix_time <= '1685451593.844'::double precision))
   ->  Subquery Scan on "*SELECT* 1637"  (cost=97.82..97.83 rows=1 width=76)
         ->  Limit  (cost=97.82..97.82 rows=1 width=84)
               ->  Sort  (cost=97.82..97.82 rows=1 width=84)
                     Sort Key: (st_distance(st_transform(s_1636.the_geom, 25833), schw_1636.schw))
                     ->  Nested Loop  (cost=0.00..97.81 rows=1 width=84)
                           Join Filter: ((st_transform(s_1636.the_geom, 25833) && st_expand(schw_1636.schw, '300'::double precision)) AND (schw_1636.schw && st_expand(st_transform(s_1636.the_geom, 25833), '300'::double precision)) AND _st_dwithin(st_transform(s_1636.the_geom, 25833), schw_1636.schw, '300'::double precision))
                           ->  Function Scan on schw_1636  (cost=0.00..0.01 rows=1 width=32)
                           ->  Seq Scan on phoml_trajectory_tmp s_1636  (cost=0.00..95.68 rows=17 width=40)
                                 Filter: ((unix_time >= '1685451534.191'::double precision) AND (unix_time <= '1685451594.191'::double precision))
   ->  Subquery Scan on "*SELECT* 1638"  (cost=97.82..97.83 rows=1 width=76)
         ->  Limit  (cost=97.82..97.82 rows=1 width=84)
               ->  Sort  (cost=97.82..97.82 rows=1 width=84)
                     Sort Key: (st_distance(st_transform(s_1637.the_geom, 25833), schw_1637.schw))
                     ->  Nested Loop  (cost=0.00..97.81 rows=1 width=84)
                           Join Filter: ((st_transform(s_1637.the_geom, 25833) && st_expand(schw_1637.schw, '300'::double precision)) AND (schw_1637.schw && st_expand(st_transform(s_1637.the_geom, 25833), '300'::double precision)) AND _st_dwithin(st_transform(s_1637.the_geom, 25833), schw_1637.schw, '300'::double precision))
                           ->  Function Scan on schw_1637  (cost=0.00..0.01 rows=1 width=32)
                           ->  Seq Scan on phoml_trajectory_tmp s_1637  (cost=0.00..95.68 rows=17 width=40)
                                 Filter: ((unix_time >= '1685451534.521'::double precision) AND (unix_time <= '1685451594.521'::double precision))
   ->  Subquery Scan on "*SELECT* 1639"  (cost=97.82..97.83 rows=1 width=76)
         ->  Limit  (cost=97.82..97.82 rows=1 width=84)
               ->  Sort  (cost=97.82..97.82 rows=1 width=84)
                     Sort Key: (st_distance(st_transform(s_1638.the_geom, 25833), schw_1638.schw))
                     ->  Nested Loop  (cost=0.00..97.81 rows=1 width=84)
                           Join Filter: ((st_transform(s_1638.the_geom, 25833) && st_expand(schw_1638.schw, '300'::double precision)) AND (schw_1638.schw && st_expand(st_transform(s_1638.the_geom, 25833), '300'::double precision)) AND _st_dwithin(st_transform(s_1638.the_geom, 25833), schw_1638.schw, '300'::double precision))
                           ->  Function Scan on schw_1638  (cost=0.00..0.01 rows=1 width=32)
                           ->  Seq Scan on phoml_trajectory_tmp s_1638  (cost=0.00..95.68 rows=17 width=40)
                                 Filter: ((unix_time >= '1685451534.861'::double precision) AND (unix_time <= '1685451594.861'::double precision))
   ->  Subquery Scan on "*SELECT* 1640"  (cost=97.82..97.83 rows=1 width=76)
         ->  Limit  (cost=97.82..97.82 rows=1 width=84)
               ->  Sort  (cost=97.82..97.82 rows=1 width=84)
                     Sort Key: (st_distance(st_transform(s_1639.the_geom, 25833), schw_1639.schw))
                     ->  Nested Loop  (cost=0.00..97.81 rows=1 width=84)
                           Join Filter: ((st_transform(s_1639.the_geom, 25833) && st_expand(schw_1639.schw, '300'::double precision)) AND (schw_1639.schw && st_expand(st_transform(s_1639.the_geom, 25833), '300'::double precision)) AND _st_dwithin(st_transform(s_1639.the_geom, 25833), schw_1639.schw, '300'::double precision))
                           ->  Function Scan on schw_1639  (cost=0.00..0.01 rows=1 width=32)
                           ->  Seq Scan on phoml_trajectory_tmp s_1639  (cost=0.00..95.68 rows=17 width=40)
                                 Filter: ((unix_time >= '1685451535.184'::double precision) AND (unix_time <= '1685451595.184'::double precision))
   ->  Subquery Scan on "*SELECT* 1641"  (cost=97.82..97.83 rows=1 width=76)
         ->  Limit  (cost=97.82..97.82 rows=1 width=84)
               ->  Sort  (cost=97.82..97.82 rows=1 width=84)
                     Sort Key: (st_distance(st_transform(s_1640.the_geom, 25833), schw_1640.schw))
                     ->  Nested Loop  (cost=0.00..97.81 rows=1 width=84)
                           Join Filter: ((st_transform(s_1640.the_geom, 25833) && st_expand(schw_1640.schw, '300'::double precision)) AND (schw_1640.schw && st_expand(st_transform(s_1640.the_geom, 25833), '300'::double precision)) AND _st_dwithin(st_transform(s_1640.the_geom, 25833), schw_1640.schw, '300'::double precision))
                           ->  Function Scan on schw_1640  (cost=0.00..0.01 rows=1 width=32)
                           ->  Seq Scan on phoml_trajectory_tmp s_1640  (cost=0.00..95.68 rows=17 width=40)
                                 Filter: ((unix_time >= '1685451535.524'::double precision) AND (unix_time <= '1685451595.524'::double precision))
   ->  Subquery Scan on "*SELECT* 1642"  (cost=97.82..97.83 rows=1 width=76)
         ->  Limit  (cost=97.82..97.82 rows=1 width=84)
               ->  Sort  (cost=97.82..97.82 rows=1 width=84)
                     Sort Key: (st_distance(st_transform(s_1641.the_geom, 25833), schw_1641.schw))
                     ->  Nested Loop  (cost=0.00..97.81 rows=1 width=84)
                           Join Filter: ((st_transform(s_1641.the_geom, 25833) && st_expand(schw_1641.schw, '300'::double precision)) AND (schw_1641.schw && st_expand(st_transform(s_1641.the_geom, 25833), '300'::double precision)) AND _st_dwithin(st_transform(s_1641.the_geom, 25833), schw_1641.schw, '300'::double precision))
                           ->  Function Scan on schw_1641  (cost=0.00..0.01 rows=1 width=32)
                           ->  Seq Scan on phoml_trajectory_tmp s_1641  (cost=0.00..95.68 rows=17 width=40)
                                 Filter: ((unix_time >= '1685451535.854'::double precision) AND (unix_time <= '1685451595.854'::double precision))
   ->  Subquery Scan on "*SELECT* 1643"  (cost=97.82..97.83 rows=1 width=76)
         ->  Limit  (cost=97.82..97.82 rows=1 width=84)
               ->  Sort  (cost=97.82..97.82 rows=1 width=84)
                     Sort Key: (st_distance(st_transform(s_1642.the_geom, 25833), schw_1642.schw))
                     ->  Nested Loop  (cost=0.00..97.81 rows=1 width=84)
                           Join Filter: ((st_transform(s_1642.the_geom, 25833) && st_expand(schw_1642.schw, '300'::double precision)) AND (schw_1642.schw && st_expand(st_transform(s_1642.the_geom, 25833), '300'::double precision)) AND _st_dwithin(st_transform(s_1642.the_geom, 25833), schw_1642.schw, '300'::double precision))
                           ->  Function Scan on schw_1642  (cost=0.00..0.01 rows=1 width=32)
                           ->  Seq Scan on phoml_trajectory_tmp s_1642  (cost=0.00..95.68 rows=17 width=40)
                                 Filter: ((unix_time >= '1685451536.187'::double precision) AND (unix_time <= '1685451596.187'::double precision))
   ->  Subquery Scan on "*SELECT* 1644"  (cost=97.82..97.83 rows=1 width=76)
         ->  Limit  (cost=97.82..97.82 rows=1 width=84)
               ->  Sort  (cost=97.82..97.82 rows=1 width=84)
                     Sort Key: (st_distance(st_transform(s_1643.the_geom, 25833), schw_1643.schw))
                     ->  Nested Loop  (cost=0.00..97.81 rows=1 width=84)
                           Join Filter: ((st_transform(s_1643.the_geom, 25833) && st_expand(schw_1643.schw, '300'::double precision)) AND (schw_1643.schw && st_expand(st_transform(s_1643.the_geom, 25833), '300'::double precision)) AND _st_dwithin(st_transform(s_1643.the_geom, 25833), schw_1643.schw, '300'::double precision))
                           ->  Function Scan on schw_1643  (cost=0.00..0.01 rows=1 width=32)
                           ->  Seq Scan on phoml_trajectory_tmp s_1643  (cost=0.00..95.68 rows=17 width=40)
                                 Filter: ((unix_time >= '1685451536.517'::double precision) AND (unix_time <= '1685451596.517'::double precision))
   ->  Subquery Scan on "*SELECT* 1645"  (cost=97.82..97.83 rows=1 width=76)
         ->  Limit  (cost=97.82..97.82 rows=1 width=84)
               ->  Sort  (cost=97.82..97.82 rows=1 width=84)
                     Sort Key: (st_distance(st_transform(s_1644.the_geom, 25833), schw_1644.schw))
                     ->  Nested Loop  (cost=0.00..97.81 rows=1 width=84)
                           Join Filter: ((st_transform(s_1644.the_geom, 25833) && st_expand(schw_1644.schw, '300'::double precision)) AND (schw_1644.schw && st_expand(st_transform(s_1644.the_geom, 25833), '300'::double precision)) AND _st_dwithin(st_transform(s_1644.the_geom, 25833), schw_1644.schw, '300'::double precision))
                           ->  Function Scan on schw_1644  (cost=0.00..0.01 rows=1 width=32)
                           ->  Seq Scan on phoml_trajectory_tmp s_1644  (cost=0.00..95.68 rows=17 width=40)
                                 Filter: ((unix_time >= '1685451536.827'::double precision) AND (unix_time <= '1685451596.827'::double precision))
   ->  Subquery Scan on "*SELECT* 1646"  (cost=97.82..97.83 rows=1 width=76)
         ->  Limit  (cost=97.82..97.82 rows=1 width=84)
               ->  Sort  (cost=97.82..97.82 rows=1 width=84)
                     Sort Key: (st_distance(st_transform(s_1645.the_geom, 25833), schw_1645.schw))
                     ->  Nested Loop  (cost=0.00..97.81 rows=1 width=84)
                           Join Filter: ((st_transform(s_1645.the_geom, 25833) && st_expand(schw_1645.schw, '300'::double precision)) AND (schw_1645.schw && st_expand(st_transform(s_1645.the_geom, 25833), '300'::double precision)) AND _st_dwithin(st_transform(s_1645.the_geom, 25833), schw_1645.schw, '300'::double precision))
                           ->  Function Scan on schw_1645  (cost=0.00..0.01 rows=1 width=32)
                           ->  Seq Scan on phoml_trajectory_tmp s_1645  (cost=0.00..95.68 rows=17 width=40)
                                 Filter: ((unix_time >= '1685451537.173'::double precision) AND (unix_time <= '1685451597.173'::double precision))
   ->  Subquery Scan on "*SELECT* 1647"  (cost=97.82..97.83 rows=1 width=76)
         ->  Limit  (cost=97.82..97.82 rows=1 width=84)
               ->  Sort  (cost=97.82..97.82 rows=1 width=84)
                     Sort Key: (st_distance(st_transform(s_1646.the_geom, 25833), schw_1646.schw))
                     ->  Nested Loop  (cost=0.00..97.81 rows=1 width=84)
                           Join Filter: ((st_transform(s_1646.the_geom, 25833) && st_expand(schw_1646.schw, '300'::double precision)) AND (schw_1646.schw && st_expand(st_transform(s_1646.the_geom, 25833), '300'::double precision)) AND _st_dwithin(st_transform(s_1646.the_geom, 25833), schw_1646.schw, '300'::double precision))
                           ->  Function Scan on schw_1646  (cost=0.00..0.01 rows=1 width=32)
                           ->  Seq Scan on phoml_trajectory_tmp s_1646  (cost=0.00..95.68 rows=17 width=40)
                                 Filter: ((unix_time >= '1685451537.503'::double precision) AND (unix_time <= '1685451597.503'::double precision))
   ->  Subquery Scan on "*SELECT* 1648"  (cost=97.82..97.83 rows=1 width=76)
         ->  Limit  (cost=97.82..97.82 rows=1 width=84)
               ->  Sort  (cost=97.82..97.82 rows=1 width=84)
                     Sort Key: (st_distance(st_transform(s_1647.the_geom, 25833), schw_1647.schw))
                     ->  Nested Loop  (cost=0.00..97.81 rows=1 width=84)
                           Join Filter: ((st_transform(s_1647.the_geom, 25833) && st_expand(schw_1647.schw, '300'::double precision)) AND (schw_1647.schw && st_expand(st_transform(s_1647.the_geom, 25833), '300'::double precision)) AND _st_dwithin(st_transform(s_1647.the_geom, 25833), schw_1647.schw, '300'::double precision))
                           ->  Function Scan on schw_1647  (cost=0.00..0.01 rows=1 width=32)
                           ->  Seq Scan on phoml_trajectory_tmp s_1647  (cost=0.00..95.68 rows=17 width=40)
                                 Filter: ((unix_time >= '1685451537.833'::double precision) AND (unix_time <= '1685451597.833'::double precision))
   ->  Subquery Scan on "*SELECT* 1649"  (cost=97.82..97.83 rows=1 width=76)
         ->  Limit  (cost=97.82..97.82 rows=1 width=84)
               ->  Sort  (cost=97.82..97.82 rows=1 width=84)
                     Sort Key: (st_distance(st_transform(s_1648.the_geom, 25833), schw_1648.schw))
                     ->  Nested Loop  (cost=0.00..97.81 rows=1 width=84)
                           Join Filter: ((st_transform(s_1648.the_geom, 25833) && st_expand(schw_1648.schw, '300'::double precision)) AND (schw_1648.schw && st_expand(st_transform(s_1648.the_geom, 25833), '300'::double precision)) AND _st_dwithin(st_transform(s_1648.the_geom, 25833), schw_1648.schw, '300'::double precision))
                           ->  Function Scan on schw_1648  (cost=0.00..0.01 rows=1 width=32)
                           ->  Seq Scan on phoml_trajectory_tmp s_1648  (cost=0.00..95.68 rows=17 width=40)
                                 Filter: ((unix_time >= '1685451538.168'::double precision) AND (unix_time <= '1685451598.168'::double precision))
   ->  Subquery Scan on "*SELECT* 1650"  (cost=97.82..97.83 rows=1 width=76)
         ->  Limit  (cost=97.82..97.82 rows=1 width=84)
               ->  Sort  (cost=97.82..97.82 rows=1 width=84)
                     Sort Key: (st_distance(st_transform(s_1649.the_geom, 25833), schw_1649.schw))
                     ->  Nested Loop  (cost=0.00..97.81 rows=1 width=84)
                           Join Filter: ((st_transform(s_1649.the_geom, 25833) && st_expand(schw_1649.schw, '300'::double precision)) AND (schw_1649.schw && st_expand(st_transform(s_1649.the_geom, 25833), '300'::double precision)) AND _st_dwithin(st_transform(s_1649.the_geom, 25833), schw_1649.schw, '300'::double precision))
                           ->  Function Scan on schw_1649  (cost=0.00..0.01 rows=1 width=32)
                           ->  Seq Scan on phoml_trajectory_tmp s_1649  (cost=0.00..95.68 rows=17 width=40)
                                 Filter: ((unix_time >= '1685451538.488'::double precision) AND (unix_time <= '1685451598.488'::double precision))
   ->  Subquery Scan on "*SELECT* 1651"  (cost=97.82..97.83 rows=1 width=76)
         ->  Limit  (cost=97.82..97.82 rows=1 width=84)
               ->  Sort  (cost=97.82..97.82 rows=1 width=84)
                     Sort Key: (st_distance(st_transform(s_1650.the_geom, 25833), schw_1650.schw))
                     ->  Nested Loop  (cost=0.00..97.81 rows=1 width=84)
                           Join Filter: ((st_transform(s_1650.the_geom, 25833) && st_expand(schw_1650.schw, '300'::double precision)) AND (schw_1650.schw && st_expand(st_transform(s_1650.the_geom, 25833), '300'::double precision)) AND _st_dwithin(st_transform(s_1650.the_geom, 25833), schw_1650.schw, '300'::double precision))
                           ->  Function Scan on schw_1650  (cost=0.00..0.01 rows=1 width=32)
                           ->  Seq Scan on phoml_trajectory_tmp s_1650  (cost=0.00..95.68 rows=17 width=40)
                                 Filter: ((unix_time >= '1685451538.828'::double precision) AND (unix_time <= '1685451598.828'::double precision))
   ->  Subquery Scan on "*SELECT* 1652"  (cost=97.82..97.83 rows=1 width=76)
         ->  Limit  (cost=97.82..97.82 rows=1 width=84)
               ->  Sort  (cost=97.82..97.82 rows=1 width=84)
                     Sort Key: (st_distance(st_transform(s_1651.the_geom, 25833), schw_1651.schw))
                     ->  Nested Loop  (cost=0.00..97.81 rows=1 width=84)
                           Join Filter: ((st_transform(s_1651.the_geom, 25833) && st_expand(schw_1651.schw, '300'::double precision)) AND (schw_1651.schw && st_expand(st_transform(s_1651.the_geom, 25833), '300'::double precision)) AND _st_dwithin(st_transform(s_1651.the_geom, 25833), schw_1651.schw, '300'::double precision))
                           ->  Function Scan on schw_1651  (cost=0.00..0.01 rows=1 width=32)
                           ->  Seq Scan on phoml_trajectory_tmp s_1651  (cost=0.00..95.68 rows=17 width=40)
                                 Filter: ((unix_time >= '1685451539.163'::double precision) AND (unix_time <= '1685451599.163'::double precision))
   ->  Subquery Scan on "*SELECT* 1653"  (cost=97.82..97.83 rows=1 width=76)
         ->  Limit  (cost=97.82..97.82 rows=1 width=84)
               ->  Sort  (cost=97.82..97.82 rows=1 width=84)
                     Sort Key: (st_distance(st_transform(s_1652.the_geom, 25833), schw_1652.schw))
                     ->  Nested Loop  (cost=0.00..97.81 rows=1 width=84)
                           Join Filter: ((st_transform(s_1652.the_geom, 25833) && st_expand(schw_1652.schw, '300'::double precision)) AND (schw_1652.schw && st_expand(st_transform(s_1652.the_geom, 25833), '300'::double precision)) AND _st_dwithin(st_transform(s_1652.the_geom, 25833), schw_1652.schw, '300'::double precision))
                           ->  Function Scan on schw_1652  (cost=0.00..0.01 rows=1 width=32)
                           ->  Seq Scan on phoml_trajectory_tmp s_1652  (cost=0.00..95.68 rows=17 width=40)
                                 Filter: ((unix_time >= '1685451539.493'::double precision) AND (unix_time <= '1685451599.493'::double precision))
   ->  Subquery Scan on "*SELECT* 1654"  (cost=97.82..97.83 rows=1 width=76)
         ->  Limit  (cost=97.82..97.82 rows=1 width=84)
               ->  Sort  (cost=97.82..97.82 rows=1 width=84)
                     Sort Key: (st_distance(st_transform(s_1653.the_geom, 25833), schw_1653.schw))
                     ->  Nested Loop  (cost=0.00..97.81 rows=1 width=84)
                           Join Filter: ((st_transform(s_1653.the_geom, 25833) && st_expand(schw_1653.schw, '300'::double precision)) AND (schw_1653.schw && st_expand(st_transform(s_1653.the_geom, 25833), '300'::double precision)) AND _st_dwithin(st_transform(s_1653.the_geom, 25833), schw_1653.schw, '300'::double precision))
                           ->  Function Scan on schw_1653  (cost=0.00..0.01 rows=1 width=32)
                           ->  Seq Scan on phoml_trajectory_tmp s_1653  (cost=0.00..95.68 rows=17 width=40)
                                 Filter: ((unix_time >= '1685451539.813'::double precision) AND (unix_time <= '1685451599.813'::double precision))
   ->  Subquery Scan on "*SELECT* 1655"  (cost=97.82..97.83 rows=1 width=76)
         ->  Limit  (cost=97.82..97.82 rows=1 width=84)
               ->  Sort  (cost=97.82..97.82 rows=1 width=84)
                     Sort Key: (st_distance(st_transform(s_1654.the_geom, 25833), schw_1654.schw))
                     ->  Nested Loop  (cost=0.00..97.81 rows=1 width=84)
                           Join Filter: ((st_transform(s_1654.the_geom, 25833) && st_expand(schw_1654.schw, '300'::double precision)) AND (schw_1654.schw && st_expand(st_transform(s_1654.the_geom, 25833), '300'::double precision)) AND _st_dwithin(st_transform(s_1654.the_geom, 25833), schw_1654.schw, '300'::double precision))
                           ->  Function Scan on schw_1654  (cost=0.00..0.01 rows=1 width=32)
                           ->  Seq Scan on phoml_trajectory_tmp s_1654  (cost=0.00..95.68 rows=17 width=40)
                                 Filter: ((unix_time >= '1685451540.159'::double precision) AND (unix_time <= '1685451600.159'::double precision))
   ->  Subquery Scan on "*SELECT* 1656"  (cost=97.82..97.83 rows=1 width=76)
         ->  Limit  (cost=97.82..97.82 rows=1 width=84)
               ->  Sort  (cost=97.82..97.82 rows=1 width=84)
                     Sort Key: (st_distance(st_transform(s_1655.the_geom, 25833), schw_1655.schw))
                     ->  Nested Loop  (cost=0.00..97.81 rows=1 width=84)
                           Join Filter: ((st_transform(s_1655.the_geom, 25833) && st_expand(schw_1655.schw, '300'::double precision)) AND (schw_1655.schw && st_expand(st_transform(s_1655.the_geom, 25833), '300'::double precision)) AND _st_dwithin(st_transform(s_1655.the_geom, 25833), schw_1655.schw, '300'::double precision))
                           ->  Function Scan on schw_1655  (cost=0.00..0.01 rows=1 width=32)
                           ->  Seq Scan on phoml_trajectory_tmp s_1655  (cost=0.00..95.68 rows=17 width=40)
                                 Filter: ((unix_time >= '1685451540.499'::double precision) AND (unix_time <= '1685451600.499'::double precision))
   ->  Subquery Scan on "*SELECT* 1657"  (cost=97.82..97.83 rows=1 width=76)
         ->  Limit  (cost=97.82..97.82 rows=1 width=84)
               ->  Sort  (cost=97.82..97.82 rows=1 width=84)
                     Sort Key: (st_distance(st_transform(s_1656.the_geom, 25833), schw_1656.schw))
                     ->  Nested Loop  (cost=0.00..97.81 rows=1 width=84)
                           Join Filter: ((st_transform(s_1656.the_geom, 25833) && st_expand(schw_1656.schw, '300'::double precision)) AND (schw_1656.schw && st_expand(st_transform(s_1656.the_geom, 25833), '300'::double precision)) AND _st_dwithin(st_transform(s_1656.the_geom, 25833), schw_1656.schw, '300'::double precision))
                           ->  Function Scan on schw_1656  (cost=0.00..0.01 rows=1 width=32)
                           ->  Seq Scan on phoml_trajectory_tmp s_1656  (cost=0.00..95.68 rows=17 width=40)
                                 Filter: ((unix_time >= '1685451540.829'::double precision) AND (unix_time <= '1685451600.829'::double precision))
   ->  Subquery Scan on "*SELECT* 1658"  (cost=97.82..97.83 rows=1 width=76)
         ->  Limit  (cost=97.82..97.82 rows=1 width=84)
               ->  Sort  (cost=97.82..97.82 rows=1 width=84)
                     Sort Key: (st_distance(st_transform(s_1657.the_geom, 25833), schw_1657.schw))
                     ->  Nested Loop  (cost=0.00..97.81 rows=1 width=84)
                           Join Filter: ((st_transform(s_1657.the_geom, 25833) && st_expand(schw_1657.schw, '300'::double precision)) AND (schw_1657.schw && st_expand(st_transform(s_1657.the_geom, 25833), '300'::double precision)) AND _st_dwithin(st_transform(s_1657.the_geom, 25833), schw_1657.schw, '300'::double precision))
                           ->  Function Scan on schw_1657  (cost=0.00..0.01 rows=1 width=32)
                           ->  Seq Scan on phoml_trajectory_tmp s_1657  (cost=0.00..95.68 rows=17 width=40)
                                 Filter: ((unix_time >= '1685451541.172'::double precision) AND (unix_time <= '1685451601.172'::double precision))
   ->  Subquery Scan on "*SELECT* 1659"  (cost=97.82..97.83 rows=1 width=76)
         ->  Limit  (cost=97.82..97.82 rows=1 width=84)
               ->  Sort  (cost=97.82..97.82 rows=1 width=84)
                     Sort Key: (st_distance(st_transform(s_1658.the_geom, 25833), schw_1658.schw))
                     ->  Nested Loop  (cost=0.00..97.81 rows=1 width=84)
                           Join Filter: ((st_transform(s_1658.the_geom, 25833) && st_expand(schw_1658.schw, '300'::double precision)) AND (schw_1658.schw && st_expand(st_transform(s_1658.the_geom, 25833), '300'::double precision)) AND _st_dwithin(st_transform(s_1658.the_geom, 25833), schw_1658.schw, '300'::double precision))
                           ->  Function Scan on schw_1658  (cost=0.00..0.01 rows=1 width=32)
                           ->  Seq Scan on phoml_trajectory_tmp s_1658  (cost=0.00..95.68 rows=17 width=40)
                                 Filter: ((unix_time >= '1685451541.512'::double precision) AND (unix_time <= '1685451601.512'::double precision))
   ->  Subquery Scan on "*SELECT* 1660"  (cost=97.82..97.83 rows=1 width=76)
         ->  Limit  (cost=97.82..97.82 rows=1 width=84)
               ->  Sort  (cost=97.82..97.82 rows=1 width=84)
                     Sort Key: (st_distance(st_transform(s_1659.the_geom, 25833), schw_1659.schw))
                     ->  Nested Loop  (cost=0.00..97.81 rows=1 width=84)
                           Join Filter: ((st_transform(s_1659.the_geom, 25833) && st_expand(schw_1659.schw, '300'::double precision)) AND (schw_1659.schw && st_expand(st_transform(s_1659.the_geom, 25833), '300'::double precision)) AND _st_dwithin(st_transform(s_1659.the_geom, 25833), schw_1659.schw, '300'::double precision))
                           ->  Function Scan on schw_1659  (cost=0.00..0.01 rows=1 width=32)
                           ->  Seq Scan on phoml_trajectory_tmp s_1659  (cost=0.00..95.68 rows=17 width=40)
                                 Filter: ((unix_time >= '1685451541.842'::double precision) AND (unix_time <= '1685451601.842'::double precision))
   ->  Subquery Scan on "*SELECT* 1661"  (cost=97.82..97.83 rows=1 width=76)
         ->  Limit  (cost=97.82..97.82 rows=1 width=84)
               ->  Sort  (cost=97.82..97.82 rows=1 width=84)
                     Sort Key: (st_distance(st_transform(s_1660.the_geom, 25833), schw_1660.schw))
                     ->  Nested Loop  (cost=0.00..97.81 rows=1 width=84)
                           Join Filter: ((st_transform(s_1660.the_geom, 25833) && st_expand(schw_1660.schw, '300'::double precision)) AND (schw_1660.schw && st_expand(st_transform(s_1660.the_geom, 25833), '300'::double precision)) AND _st_dwithin(st_transform(s_1660.the_geom, 25833), schw_1660.schw, '300'::double precision))
                           ->  Function Scan on schw_1660  (cost=0.00..0.01 rows=1 width=32)
                           ->  Seq Scan on phoml_trajectory_tmp s_1660  (cost=0.00..95.68 rows=17 width=40)
                                 Filter: ((unix_time >= '1685451542.193'::double precision) AND (unix_time <= '1685451602.193'::double precision))
   ->  Subquery Scan on "*SELECT* 1662"  (cost=97.82..97.83 rows=1 width=76)
         ->  Limit  (cost=97.82..97.82 rows=1 width=84)
               ->  Sort  (cost=97.82..97.82 rows=1 width=84)
                     Sort Key: (st_distance(st_transform(s_1661.the_geom, 25833), schw_1661.schw))
                     ->  Nested Loop  (cost=0.00..97.81 rows=1 width=84)
                           Join Filter: ((st_transform(s_1661.the_geom, 25833) && st_expand(schw_1661.schw, '300'::double precision)) AND (schw_1661.schw && st_expand(st_transform(s_1661.the_geom, 25833), '300'::double precision)) AND _st_dwithin(st_transform(s_1661.the_geom, 25833), schw_1661.schw, '300'::double precision))
                           ->  Function Scan on schw_1661  (cost=0.00..0.01 rows=1 width=32)
                           ->  Seq Scan on phoml_trajectory_tmp s_1661  (cost=0.00..95.68 rows=17 width=40)
                                 Filter: ((unix_time >= '1685451542.523'::double precision) AND (unix_time <= '1685451602.523'::double precision))
   ->  Subquery Scan on "*SELECT* 1663"  (cost=97.82..97.83 rows=1 width=76)
         ->  Limit  (cost=97.82..97.82 rows=1 width=84)
               ->  Sort  (cost=97.82..97.82 rows=1 width=84)
                     Sort Key: (st_distance(st_transform(s_1662.the_geom, 25833), schw_1662.schw))
                     ->  Nested Loop  (cost=0.00..97.81 rows=1 width=84)
                           Join Filter: ((st_transform(s_1662.the_geom, 25833) && st_expand(schw_1662.schw, '300'::double precision)) AND (schw_1662.schw && st_expand(st_transform(s_1662.the_geom, 25833), '300'::double precision)) AND _st_dwithin(st_transform(s_1662.the_geom, 25833), schw_1662.schw, '300'::double precision))
                           ->  Function Scan on schw_1662  (cost=0.00..0.01 rows=1 width=32)
                           ->  Seq Scan on phoml_trajectory_tmp s_1662  (cost=0.00..95.68 rows=17 width=40)
                                 Filter: ((unix_time >= '1685451542.863'::double precision) AND (unix_time <= '1685451602.863'::double precision))
   ->  Subquery Scan on "*SELECT* 1664"  (cost=97.82..97.83 rows=1 width=76)
         ->  Limit  (cost=97.82..97.82 rows=1 width=84)
               ->  Sort  (cost=97.82..97.82 rows=1 width=84)
                     Sort Key: (st_distance(st_transform(s_1663.the_geom, 25833), schw_1663.schw))
                     ->  Nested Loop  (cost=0.00..97.81 rows=1 width=84)
                           Join Filter: ((st_transform(s_1663.the_geom, 25833) && st_expand(schw_1663.schw, '300'::double precision)) AND (schw_1663.schw && st_expand(st_transform(s_1663.the_geom, 25833), '300'::double precision)) AND _st_dwithin(st_transform(s_1663.the_geom, 25833), schw_1663.schw, '300'::double precision))
                           ->  Function Scan on schw_1663  (cost=0.00..0.01 rows=1 width=32)
                           ->  Seq Scan on phoml_trajectory_tmp s_1663  (cost=0.00..95.68 rows=17 width=40)
                                 Filter: ((unix_time >= '1685451543.2'::double precision) AND (unix_time <= '1685451603.2'::double precision))
   ->  Subquery Scan on "*SELECT* 1665"  (cost=97.82..97.83 rows=1 width=76)
         ->  Limit  (cost=97.82..97.82 rows=1 width=84)
               ->  Sort  (cost=97.82..97.82 rows=1 width=84)
                     Sort Key: (st_distance(st_transform(s_1664.the_geom, 25833), schw_1664.schw))
                     ->  Nested Loop  (cost=0.00..97.81 rows=1 width=84)
                           Join Filter: ((st_transform(s_1664.the_geom, 25833) && st_expand(schw_1664.schw, '300'::double precision)) AND (schw_1664.schw && st_expand(st_transform(s_1664.the_geom, 25833), '300'::double precision)) AND _st_dwithin(st_transform(s_1664.the_geom, 25833), schw_1664.schw, '300'::double precision))
                           ->  Function Scan on schw_1664  (cost=0.00..0.01 rows=1 width=32)
                           ->  Seq Scan on phoml_trajectory_tmp s_1664  (cost=0.00..95.68 rows=17 width=40)
                                 Filter: ((unix_time >= '1685451543.54'::double precision) AND (unix_time <= '1685451603.54'::double precision))
   ->  Subquery Scan on "*SELECT* 1666"  (cost=97.82..97.83 rows=1 width=76)
         ->  Limit  (cost=97.82..97.82 rows=1 width=84)
               ->  Sort  (cost=97.82..97.82 rows=1 width=84)
                     Sort Key: (st_distance(st_transform(s_1665.the_geom, 25833), schw_1665.schw))
                     ->  Nested Loop  (cost=0.00..97.81 rows=1 width=84)
                           Join Filter: ((st_transform(s_1665.the_geom, 25833) && st_expand(schw_1665.schw, '300'::double precision)) AND (schw_1665.schw && st_expand(st_transform(s_1665.the_geom, 25833), '300'::double precision)) AND _st_dwithin(st_transform(s_1665.the_geom, 25833), schw_1665.schw, '300'::double precision))
                           ->  Function Scan on schw_1665  (cost=0.00..0.01 rows=1 width=32)
                           ->  Seq Scan on phoml_trajectory_tmp s_1665  (cost=0.00..95.68 rows=17 width=40)
                                 Filter: ((unix_time >= '1685451543.87'::double precision) AND (unix_time <= '1685451603.87'::double precision))
   ->  Subquery Scan on "*SELECT* 1667"  (cost=97.82..97.83 rows=1 width=76)
         ->  Limit  (cost=97.82..97.82 rows=1 width=84)
               ->  Sort  (cost=97.82..97.82 rows=1 width=84)
                     Sort Key: (st_distance(st_transform(s_1666.the_geom, 25833), schw_1666.schw))
                     ->  Nested Loop  (cost=0.00..97.81 rows=1 width=84)
                           Join Filter: ((st_transform(s_1666.the_geom, 25833) && st_expand(schw_1666.schw, '300'::double precision)) AND (schw_1666.schw && st_expand(st_transform(s_1666.the_geom, 25833), '300'::double precision)) AND _st_dwithin(st_transform(s_1666.the_geom, 25833), schw_1666.schw, '300'::double precision))
                           ->  Function Scan on schw_1666  (cost=0.00..0.01 rows=1 width=32)
                           ->  Seq Scan on phoml_trajectory_tmp s_1666  (cost=0.00..95.68 rows=17 width=40)
                                 Filter: ((unix_time >= '1685451544.215'::double precision) AND (unix_time <= '1685451604.215'::double precision))
   ->  Subquery Scan on "*SELECT* 1668"  (cost=97.82..97.83 rows=1 width=76)
         ->  Limit  (cost=97.82..97.82 rows=1 width=84)
               ->  Sort  (cost=97.82..97.82 rows=1 width=84)
                     Sort Key: (st_distance(st_transform(s_1667.the_geom, 25833), schw_1667.schw))
                     ->  Nested Loop  (cost=0.00..97.81 rows=1 width=84)
                           Join Filter: ((st_transform(s_1667.the_geom, 25833) && st_expand(schw_1667.schw, '300'::double precision)) AND (schw_1667.schw && st_expand(st_transform(s_1667.the_geom, 25833), '300'::double precision)) AND _st_dwithin(st_transform(s_1667.the_geom, 25833), schw_1667.schw, '300'::double precision))
                           ->  Function Scan on schw_1667  (cost=0.00..0.01 rows=1 width=32)
                           ->  Seq Scan on phoml_trajectory_tmp s_1667  (cost=0.00..95.68 rows=17 width=40)
                                 Filter: ((unix_time >= '1685451544.565'::double precision) AND (unix_time <= '1685451604.565'::double precision))
   ->  Subquery Scan on "*SELECT* 1669"  (cost=97.82..97.83 rows=1 width=76)
         ->  Limit  (cost=97.82..97.82 rows=1 width=84)
               ->  Sort  (cost=97.82..97.82 rows=1 width=84)
                     Sort Key: (st_distance(st_transform(s_1668.the_geom, 25833), schw_1668.schw))
                     ->  Nested Loop  (cost=0.00..97.81 rows=1 width=84)
                           Join Filter: ((st_transform(s_1668.the_geom, 25833) && st_expand(schw_1668.schw, '300'::double precision)) AND (schw_1668.schw && st_expand(st_transform(s_1668.the_geom, 25833), '300'::double precision)) AND _st_dwithin(st_transform(s_1668.the_geom, 25833), schw_1668.schw, '300'::double precision))
                           ->  Function Scan on schw_1668  (cost=0.00..0.01 rows=1 width=32)
                           ->  Seq Scan on phoml_trajectory_tmp s_1668  (cost=0.00..95.68 rows=17 width=40)
                                 Filter: ((unix_time >= '1685451544.905'::double precision) AND (unix_time <= '1685451604.905'::double precision))
   ->  Subquery Scan on "*SELECT* 1670"  (cost=97.82..97.83 rows=1 width=76)
         ->  Limit  (cost=97.82..97.82 rows=1 width=84)
               ->  Sort  (cost=97.82..97.82 rows=1 width=84)
                     Sort Key: (st_distance(st_transform(s_1669.the_geom, 25833), schw_1669.schw))
                     ->  Nested Loop  (cost=0.00..97.81 rows=1 width=84)
                           Join Filter: ((st_transform(s_1669.the_geom, 25833) && st_expand(schw_1669.schw, '300'::double precision)) AND (schw_1669.schw && st_expand(st_transform(s_1669.the_geom, 25833), '300'::double precision)) AND _st_dwithin(st_transform(s_1669.the_geom, 25833), schw_1669.schw, '300'::double precision))
                           ->  Function Scan on schw_1669  (cost=0.00..0.01 rows=1 width=32)
                           ->  Seq Scan on phoml_trajectory_tmp s_1669  (cost=0.00..95.68 rows=17 width=40)
                                 Filter: ((unix_time >= '1685451545.243'::double precision) AND (unix_time <= '1685451605.243'::double precision))
   ->  Subquery Scan on "*SELECT* 1671"  (cost=97.82..97.83 rows=1 width=76)
         ->  Limit  (cost=97.82..97.82 rows=1 width=84)
               ->  Sort  (cost=97.82..97.82 rows=1 width=84)
                     Sort Key: (st_distance(st_transform(s_1670.the_geom, 25833), schw_1670.schw))
                     ->  Nested Loop  (cost=0.00..97.81 rows=1 width=84)
                           Join Filter: ((st_transform(s_1670.the_geom, 25833) && st_expand(schw_1670.schw, '300'::double precision)) AND (schw_1670.schw && st_expand(st_transform(s_1670.the_geom, 25833), '300'::double precision)) AND _st_dwithin(st_transform(s_1670.the_geom, 25833), schw_1670.schw, '300'::double precision))
                           ->  Function Scan on schw_1670  (cost=0.00..0.01 rows=1 width=32)
                           ->  Seq Scan on phoml_trajectory_tmp s_1670  (cost=0.00..95.68 rows=17 width=40)
                                 Filter: ((unix_time >= '1685451545.583'::double precision) AND (unix_time <= '1685451605.583'::double precision))
   ->  Subquery Scan on "*SELECT* 1672"  (cost=97.82..97.83 rows=1 width=76)
         ->  Limit  (cost=97.82..97.82 rows=1 width=84)
               ->  Sort  (cost=97.82..97.82 rows=1 width=84)
                     Sort Key: (st_distance(st_transform(s_1671.the_geom, 25833), schw_1671.schw))
                     ->  Nested Loop  (cost=0.00..97.81 rows=1 width=84)
                           Join Filter: ((st_transform(s_1671.the_geom, 25833) && st_expand(schw_1671.schw, '300'::double precision)) AND (schw_1671.schw && st_expand(st_transform(s_1671.the_geom, 25833), '300'::double precision)) AND _st_dwithin(st_transform(s_1671.the_geom, 25833), schw_1671.schw, '300'::double precision))
                           ->  Function Scan on schw_1671  (cost=0.00..0.01 rows=1 width=32)
                           ->  Seq Scan on phoml_trajectory_tmp s_1671  (cost=0.00..95.68 rows=17 width=40)
                                 Filter: ((unix_time >= '1685451545.933'::double precision) AND (unix_time <= '1685451605.933'::double precision))
   ->  Subquery Scan on "*SELECT* 1673"  (cost=97.82..97.83 rows=1 width=76)
         ->  Limit  (cost=97.82..97.82 rows=1 width=84)
               ->  Sort  (cost=97.82..97.82 rows=1 width=84)
                     Sort Key: (st_distance(st_transform(s_1672.the_geom, 25833), schw_1672.schw))
                     ->  Nested Loop  (cost=0.00..97.81 rows=1 width=84)
                           Join Filter: ((st_transform(s_1672.the_geom, 25833) && st_expand(schw_1672.schw, '300'::double precision)) AND (schw_1672.schw && st_expand(st_transform(s_1672.the_geom, 25833), '300'::double precision)) AND _st_dwithin(st_transform(s_1672.the_geom, 25833), schw_1672.schw, '300'::double precision))
                           ->  Function Scan on schw_1672  (cost=0.00..0.01 rows=1 width=32)
                           ->  Seq Scan on phoml_trajectory_tmp s_1672  (cost=0.00..95.68 rows=17 width=40)
                                 Filter: ((unix_time >= '1685451546.267'::double precision) AND (unix_time <= '1685451606.267'::double precision))
   ->  Subquery Scan on "*SELECT* 1674"  (cost=97.82..97.83 rows=1 width=76)
         ->  Limit  (cost=97.82..97.82 rows=1 width=84)
               ->  Sort  (cost=97.82..97.82 rows=1 width=84)
                     Sort Key: (st_distance(st_transform(s_1673.the_geom, 25833), schw_1673.schw))
                     ->  Nested Loop  (cost=0.00..97.81 rows=1 width=84)
                           Join Filter: ((st_transform(s_1673.the_geom, 25833) && st_expand(schw_1673.schw, '300'::double precision)) AND (schw_1673.schw && st_expand(st_transform(s_1673.the_geom, 25833), '300'::double precision)) AND _st_dwithin(st_transform(s_1673.the_geom, 25833), schw_1673.schw, '300'::double precision))
                           ->  Function Scan on schw_1673  (cost=0.00..0.01 rows=1 width=32)
                           ->  Seq Scan on phoml_trajectory_tmp s_1673  (cost=0.00..95.68 rows=17 width=40)
                                 Filter: ((unix_time >= '1685451546.607'::double precision) AND (unix_time <= '1685451606.607'::double precision))
   ->  Subquery Scan on "*SELECT* 1675"  (cost=97.82..97.83 rows=1 width=76)
         ->  Limit  (cost=97.82..97.82 rows=1 width=84)
               ->  Sort  (cost=97.82..97.82 rows=1 width=84)
                     Sort Key: (st_distance(st_transform(s_1674.the_geom, 25833), schw_1674.schw))
                     ->  Nested Loop  (cost=0.00..97.81 rows=1 width=84)
                           Join Filter: ((st_transform(s_1674.the_geom, 25833) && st_expand(schw_1674.schw, '300'::double precision)) AND (schw_1674.schw && st_expand(st_transform(s_1674.the_geom, 25833), '300'::double precision)) AND _st_dwithin(st_transform(s_1674.the_geom, 25833), schw_1674.schw, '300'::double precision))
                           ->  Function Scan on schw_1674  (cost=0.00..0.01 rows=1 width=32)
                           ->  Seq Scan on phoml_trajectory_tmp s_1674  (cost=0.00..95.68 rows=17 width=40)
                                 Filter: ((unix_time >= '1685451546.947'::double precision) AND (unix_time <= '1685451606.947'::double precision))
   ->  Subquery Scan on "*SELECT* 1676"  (cost=97.82..97.83 rows=1 width=76)
         ->  Limit  (cost=97.82..97.82 rows=1 width=84)
               ->  Sort  (cost=97.82..97.82 rows=1 width=84)
                     Sort Key: (st_distance(st_transform(s_1675.the_geom, 25833), schw_1675.schw))
                     ->  Nested Loop  (cost=0.00..97.81 rows=1 width=84)
                           Join Filter: ((st_transform(s_1675.the_geom, 25833) && st_expand(schw_1675.schw, '300'::double precision)) AND (schw_1675.schw && st_expand(st_transform(s_1675.the_geom, 25833), '300'::double precision)) AND _st_dwithin(st_transform(s_1675.the_geom, 25833), schw_1675.schw, '300'::double precision))
                           ->  Function Scan on schw_1675  (cost=0.00..0.01 rows=1 width=32)
                           ->  Seq Scan on phoml_trajectory_tmp s_1675  (cost=0.00..95.68 rows=17 width=40)
                                 Filter: ((unix_time >= '1685451547.283'::double precision) AND (unix_time <= '1685451607.283'::double precision))
   ->  Subquery Scan on "*SELECT* 1677"  (cost=97.82..97.83 rows=1 width=76)
         ->  Limit  (cost=97.82..97.82 rows=1 width=84)
               ->  Sort  (cost=97.82..97.82 rows=1 width=84)
                     Sort Key: (st_distance(st_transform(s_1676.the_geom, 25833), schw_1676.schw))
                     ->  Nested Loop  (cost=0.00..97.81 rows=1 width=84)
                           Join Filter: ((st_transform(s_1676.the_geom, 25833) && st_expand(schw_1676.schw, '300'::double precision)) AND (schw_1676.schw && st_expand(st_transform(s_1676.the_geom, 25833), '300'::double precision)) AND _st_dwithin(st_transform(s_1676.the_geom, 25833), schw_1676.schw, '300'::double precision))
                           ->  Function Scan on schw_1676  (cost=0.00..0.01 rows=1 width=32)
                           ->  Seq Scan on phoml_trajectory_tmp s_1676  (cost=0.00..95.68 rows=17 width=40)
                                 Filter: ((unix_time >= '1685451547.633'::double precision) AND (unix_time <= '1685451607.633'::double precision))
   ->  Subquery Scan on "*SELECT* 1678"  (cost=97.82..97.83 rows=1 width=76)
         ->  Limit  (cost=97.82..97.82 rows=1 width=84)
               ->  Sort  (cost=97.82..97.82 rows=1 width=84)
                     Sort Key: (st_distance(st_transform(s_1677.the_geom, 25833), schw_1677.schw))
                     ->  Nested Loop  (cost=0.00..97.81 rows=1 width=84)
                           Join Filter: ((st_transform(s_1677.the_geom, 25833) && st_expand(schw_1677.schw, '300'::double precision)) AND (schw_1677.schw && st_expand(st_transform(s_1677.the_geom, 25833), '300'::double precision)) AND _st_dwithin(st_transform(s_1677.the_geom, 25833), schw_1677.schw, '300'::double precision))
                           ->  Function Scan on schw_1677  (cost=0.00..0.01 rows=1 width=32)
                           ->  Seq Scan on phoml_trajectory_tmp s_1677  (cost=0.00..95.68 rows=17 width=40)
                                 Filter: ((unix_time >= '1685451547.963'::double precision) AND (unix_time <= '1685451607.963'::double precision))
   ->  Subquery Scan on "*SELECT* 1679"  (cost=97.82..97.83 rows=1 width=76)
         ->  Limit  (cost=97.82..97.82 rows=1 width=84)
               ->  Sort  (cost=97.82..97.82 rows=1 width=84)
                     Sort Key: (st_distance(st_transform(s_1678.the_geom, 25833), schw_1678.schw))
                     ->  Nested Loop  (cost=0.00..97.81 rows=1 width=84)
                           Join Filter: ((st_transform(s_1678.the_geom, 25833) && st_expand(schw_1678.schw, '300'::double precision)) AND (schw_1678.schw && st_expand(st_transform(s_1678.the_geom, 25833), '300'::double precision)) AND _st_dwithin(st_transform(s_1678.the_geom, 25833), schw_1678.schw, '300'::double precision))
                           ->  Function Scan on schw_1678  (cost=0.00..0.01 rows=1 width=32)
                           ->  Seq Scan on phoml_trajectory_tmp s_1678  (cost=0.00..95.68 rows=17 width=40)
                                 Filter: ((unix_time >= '1685451548.309'::double precision) AND (unix_time <= '1685451608.309'::double precision))
   ->  Subquery Scan on "*SELECT* 1680"  (cost=97.82..97.83 rows=1 width=76)
         ->  Limit  (cost=97.82..97.82 rows=1 width=84)
               ->  Sort  (cost=97.82..97.82 rows=1 width=84)
                     Sort Key: (st_distance(st_transform(s_1679.the_geom, 25833), schw_1679.schw))
                     ->  Nested Loop  (cost=0.00..97.81 rows=1 width=84)
                           Join Filter: ((st_transform(s_1679.the_geom, 25833) && st_expand(schw_1679.schw, '300'::double precision)) AND (schw_1679.schw && st_expand(st_transform(s_1679.the_geom, 25833), '300'::double precision)) AND _st_dwithin(st_transform(s_1679.the_geom, 25833), schw_1679.schw, '300'::double precision))
                           ->  Function Scan on schw_1679  (cost=0.00..0.01 rows=1 width=32)
                           ->  Seq Scan on phoml_trajectory_tmp s_1679  (cost=0.00..95.68 rows=17 width=40)
                                 Filter: ((unix_time >= '1685451548.639'::double precision) AND (unix_time <= '1685451608.639'::double precision))
   ->  Subquery Scan on "*SELECT* 1681"  (cost=97.82..97.83 rows=1 width=76)
         ->  Limit  (cost=97.82..97.82 rows=1 width=84)
               ->  Sort  (cost=97.82..97.82 rows=1 width=84)
                     Sort Key: (st_distance(st_transform(s_1680.the_geom, 25833), schw_1680.schw))
                     ->  Nested Loop  (cost=0.00..97.81 rows=1 width=84)
                           Join Filter: ((st_transform(s_1680.the_geom, 25833) && st_expand(schw_1680.schw, '300'::double precision)) AND (schw_1680.schw && st_expand(st_transform(s_1680.the_geom, 25833), '300'::double precision)) AND _st_dwithin(st_transform(s_1680.the_geom, 25833), schw_1680.schw, '300'::double precision))
                           ->  Function Scan on schw_1680  (cost=0.00..0.01 rows=1 width=32)
                           ->  Seq Scan on phoml_trajectory_tmp s_1680  (cost=0.00..95.68 rows=17 width=40)
                                 Filter: ((unix_time >= '1685451548.969'::double precision) AND (unix_time <= '1685451608.969'::double precision))
   ->  Subquery Scan on "*SELECT* 1682"  (cost=97.82..97.83 rows=1 width=76)
         ->  Limit  (cost=97.82..97.82 rows=1 width=84)
               ->  Sort  (cost=97.82..97.82 rows=1 width=84)
                     Sort Key: (st_distance(st_transform(s_1681.the_geom, 25833), schw_1681.schw))
                     ->  Nested Loop  (cost=0.00..97.81 rows=1 width=84)
                           Join Filter: ((st_transform(s_1681.the_geom, 25833) && st_expand(schw_1681.schw, '300'::double precision)) AND (schw_1681.schw && st_expand(st_transform(s_1681.the_geom, 25833), '300'::double precision)) AND _st_dwithin(st_transform(s_1681.the_geom, 25833), schw_1681.schw, '300'::double precision))
                           ->  Function Scan on schw_1681  (cost=0.00..0.01 rows=1 width=32)
                           ->  Seq Scan on phoml_trajectory_tmp s_1681  (cost=0.00..95.68 rows=17 width=40)
                                 Filter: ((unix_time >= '1685451549.315'::double precision) AND (unix_time <= '1685451609.315'::double precision))
   ->  Subquery Scan on "*SELECT* 1683"  (cost=97.82..97.83 rows=1 width=76)
         ->  Limit  (cost=97.82..97.82 rows=1 width=84)
               ->  Sort  (cost=97.82..97.82 rows=1 width=84)
                     Sort Key: (st_distance(st_transform(s_1682.the_geom, 25833), schw_1682.schw))
                     ->  Nested Loop  (cost=0.00..97.81 rows=1 width=84)
                           Join Filter: ((st_transform(s_1682.the_geom, 25833) && st_expand(schw_1682.schw, '300'::double precision)) AND (schw_1682.schw && st_expand(st_transform(s_1682.the_geom, 25833), '300'::double precision)) AND _st_dwithin(st_transform(s_1682.the_geom, 25833), schw_1682.schw, '300'::double precision))
                           ->  Function Scan on schw_1682  (cost=0.00..0.01 rows=1 width=32)
                           ->  Seq Scan on phoml_trajectory_tmp s_1682  (cost=0.00..95.68 rows=17 width=40)
                                 Filter: ((unix_time >= '1685451549.635'::double precision) AND (unix_time <= '1685451609.635'::double precision))
   ->  Subquery Scan on "*SELECT* 1684"  (cost=97.82..97.83 rows=1 width=76)
         ->  Limit  (cost=97.82..97.82 rows=1 width=84)
               ->  Sort  (cost=97.82..97.82 rows=1 width=84)
                     Sort Key: (st_distance(st_transform(s_1683.the_geom, 25833), schw_1683.schw))
                     ->  Nested Loop  (cost=0.00..97.81 rows=1 width=84)
                           Join Filter: ((st_transform(s_1683.the_geom, 25833) && st_expand(schw_1683.schw, '300'::double precision)) AND (schw_1683.schw && st_expand(st_transform(s_1683.the_geom, 25833), '300'::double precision)) AND _st_dwithin(st_transform(s_1683.the_geom, 25833), schw_1683.schw, '300'::double precision))
                           ->  Function Scan on schw_1683  (cost=0.00..0.01 rows=1 width=32)
                           ->  Seq Scan on phoml_trajectory_tmp s_1683  (cost=0.00..95.68 rows=17 width=40)
                                 Filter: ((unix_time >= '1685451549.985'::double precision) AND (unix_time <= '1685451609.985'::double precision))
   ->  Subquery Scan on "*SELECT* 1685"  (cost=97.82..97.83 rows=1 width=76)
         ->  Limit  (cost=97.82..97.82 rows=1 width=84)
               ->  Sort  (cost=97.82..97.82 rows=1 width=84)
                     Sort Key: (st_distance(st_transform(s_1684.the_geom, 25833), schw_1684.schw))
                     ->  Nested Loop  (cost=0.00..97.81 rows=1 width=84)
                           Join Filter: ((st_transform(s_1684.the_geom, 25833) && st_expand(schw_1684.schw, '300'::double precision)) AND (schw_1684.schw && st_expand(st_transform(s_1684.the_geom, 25833), '300'::double precision)) AND _st_dwithin(st_transform(s_1684.the_geom, 25833), schw_1684.schw, '300'::double precision))
                           ->  Function Scan on schw_1684  (cost=0.00..0.01 rows=1 width=32)
                           ->  Seq Scan on phoml_trajectory_tmp s_1684  (cost=0.00..95.68 rows=17 width=40)
                                 Filter: ((unix_time >= '1685451550.318'::double precision) AND (unix_time <= '1685451610.318'::double precision))
   ->  Subquery Scan on "*SELECT* 1686"  (cost=97.82..97.83 rows=1 width=76)
         ->  Limit  (cost=97.82..97.82 rows=1 width=84)
               ->  Sort  (cost=97.82..97.82 rows=1 width=84)
                     Sort Key: (st_distance(st_transform(s_1685.the_geom, 25833), schw_1685.schw))
                     ->  Nested Loop  (cost=0.00..97.81 rows=1 width=84)
                           Join Filter: ((st_transform(s_1685.the_geom, 25833) && st_expand(schw_1685.schw, '300'::double precision)) AND (schw_1685.schw && st_expand(st_transform(s_1685.the_geom, 25833), '300'::double precision)) AND _st_dwithin(st_transform(s_1685.the_geom, 25833), schw_1685.schw, '300'::double precision))
                           ->  Function Scan on schw_1685  (cost=0.00..0.01 rows=1 width=32)
                           ->  Seq Scan on phoml_trajectory_tmp s_1685  (cost=0.00..95.68 rows=17 width=40)
                                 Filter: ((unix_time >= '1685451550.648'::double precision) AND (unix_time <= '1685451610.648'::double precision))
   ->  Subquery Scan on "*SELECT* 1687"  (cost=97.82..97.83 rows=1 width=76)
         ->  Limit  (cost=97.82..97.82 rows=1 width=84)
               ->  Sort  (cost=97.82..97.82 rows=1 width=84)
                     Sort Key: (st_distance(st_transform(s_1686.the_geom, 25833), schw_1686.schw))
                     ->  Nested Loop  (cost=0.00..97.81 rows=1 width=84)
                           Join Filter: ((st_transform(s_1686.the_geom, 25833) && st_expand(schw_1686.schw, '300'::double precision)) AND (schw_1686.schw && st_expand(st_transform(s_1686.the_geom, 25833), '300'::double precision)) AND _st_dwithin(st_transform(s_1686.the_geom, 25833), schw_1686.schw, '300'::double precision))
                           ->  Function Scan on schw_1686  (cost=0.00..0.01 rows=1 width=32)
                           ->  Seq Scan on phoml_trajectory_tmp s_1686  (cost=0.00..95.68 rows=17 width=40)
                                 Filter: ((unix_time >= '1685451550.988'::double precision) AND (unix_time <= '1685451610.988'::double precision))
   ->  Subquery Scan on "*SELECT* 1688"  (cost=97.82..97.83 rows=1 width=76)
         ->  Limit  (cost=97.82..97.82 rows=1 width=84)
               ->  Sort  (cost=97.82..97.82 rows=1 width=84)
                     Sort Key: (st_distance(st_transform(s_1687.the_geom, 25833), schw_1687.schw))
                     ->  Nested Loop  (cost=0.00..97.81 rows=1 width=84)
                           Join Filter: ((st_transform(s_1687.the_geom, 25833) && st_expand(schw_1687.schw, '300'::double precision)) AND (schw_1687.schw && st_expand(st_transform(s_1687.the_geom, 25833), '300'::double precision)) AND _st_dwithin(st_transform(s_1687.the_geom, 25833), schw_1687.schw, '300'::double precision))
                           ->  Function Scan on schw_1687  (cost=0.00..0.01 rows=1 width=32)
                           ->  Seq Scan on phoml_trajectory_tmp s_1687  (cost=0.00..95.68 rows=17 width=40)
                                 Filter: ((unix_time >= '1685451551.318'::double precision) AND (unix_time <= '1685451611.318'::double precision))
   ->  Subquery Scan on "*SELECT* 1689"  (cost=97.82..97.83 rows=1 width=76)
         ->  Limit  (cost=97.82..97.82 rows=1 width=84)
               ->  Sort  (cost=97.82..97.82 rows=1 width=84)
                     Sort Key: (st_distance(st_transform(s_1688.the_geom, 25833), schw_1688.schw))
                     ->  Nested Loop  (cost=0.00..97.81 rows=1 width=84)
                           Join Filter: ((st_transform(s_1688.the_geom, 25833) && st_expand(schw_1688.schw, '300'::double precision)) AND (schw_1688.schw && st_expand(st_transform(s_1688.the_geom, 25833), '300'::double precision)) AND _st_dwithin(st_transform(s_1688.the_geom, 25833), schw_1688.schw, '300'::double precision))
                           ->  Function Scan on schw_1688  (cost=0.00..0.01 rows=1 width=32)
                           ->  Seq Scan on phoml_trajectory_tmp s_1688  (cost=0.00..95.68 rows=17 width=40)
                                 Filter: ((unix_time >= '1685451551.658'::double precision) AND (unix_time <= '1685451611.658'::double precision))
   ->  Subquery Scan on "*SELECT* 1690"  (cost=97.82..97.83 rows=1 width=76)
         ->  Limit  (cost=97.82..97.82 rows=1 width=84)
               ->  Sort  (cost=97.82..97.82 rows=1 width=84)
                     Sort Key: (st_distance(st_transform(s_1689.the_geom, 25833), schw_1689.schw))
                     ->  Nested Loop  (cost=0.00..97.81 rows=1 width=84)
                           Join Filter: ((st_transform(s_1689.the_geom, 25833) && st_expand(schw_1689.schw, '300'::double precision)) AND (schw_1689.schw && st_expand(st_transform(s_1689.the_geom, 25833), '300'::double precision)) AND _st_dwithin(st_transform(s_1689.the_geom, 25833), schw_1689.schw, '300'::double precision))
                           ->  Function Scan on schw_1689  (cost=0.00..0.01 rows=1 width=32)
                           ->  Seq Scan on phoml_trajectory_tmp s_1689  (cost=0.00..95.68 rows=17 width=40)
                                 Filter: ((unix_time >= '1685451551.988'::double precision) AND (unix_time <= '1685451611.988'::double precision))
   ->  Subquery Scan on "*SELECT* 1691"  (cost=97.82..97.83 rows=1 width=76)
         ->  Limit  (cost=97.82..97.82 rows=1 width=84)
               ->  Sort  (cost=97.82..97.82 rows=1 width=84)
                     Sort Key: (st_distance(st_transform(s_1690.the_geom, 25833), schw_1690.schw))
                     ->  Nested Loop  (cost=0.00..97.81 rows=1 width=84)
                           Join Filter: ((st_transform(s_1690.the_geom, 25833) && st_expand(schw_1690.schw, '300'::double precision)) AND (schw_1690.schw && st_expand(st_transform(s_1690.the_geom, 25833), '300'::double precision)) AND _st_dwithin(st_transform(s_1690.the_geom, 25833), schw_1690.schw, '300'::double precision))
                           ->  Function Scan on schw_1690  (cost=0.00..0.01 rows=1 width=32)
                           ->  Seq Scan on phoml_trajectory_tmp s_1690  (cost=0.00..95.68 rows=17 width=40)
                                 Filter: ((unix_time >= '1685451552.325'::double precision) AND (unix_time <= '1685451612.325'::double precision))
   ->  Subquery Scan on "*SELECT* 1692"  (cost=97.82..97.83 rows=1 width=76)
         ->  Limit  (cost=97.82..97.82 rows=1 width=84)
               ->  Sort  (cost=97.82..97.82 rows=1 width=84)
                     Sort Key: (st_distance(st_transform(s_1691.the_geom, 25833), schw_1691.schw))
                     ->  Nested Loop  (cost=0.00..97.81 rows=1 width=84)
                           Join Filter: ((st_transform(s_1691.the_geom, 25833) && st_expand(schw_1691.schw, '300'::double precision)) AND (schw_1691.schw && st_expand(st_transform(s_1691.the_geom, 25833), '300'::double precision)) AND _st_dwithin(st_transform(s_1691.the_geom, 25833), schw_1691.schw, '300'::double precision))
                           ->  Function Scan on schw_1691  (cost=0.00..0.01 rows=1 width=32)
                           ->  Seq Scan on phoml_trajectory_tmp s_1691  (cost=0.00..95.68 rows=17 width=40)
                                 Filter: ((unix_time >= '1685451552.655'::double precision) AND (unix_time <= '1685451612.655'::double precision))
   ->  Subquery Scan on "*SELECT* 1693"  (cost=97.82..97.83 rows=1 width=76)
         ->  Limit  (cost=97.82..97.82 rows=1 width=84)
               ->  Sort  (cost=97.82..97.82 rows=1 width=84)
                     Sort Key: (st_distance(st_transform(s_1692.the_geom, 25833), schw_1692.schw))
                     ->  Nested Loop  (cost=0.00..97.81 rows=1 width=84)
                           Join Filter: ((st_transform(s_1692.the_geom, 25833) && st_expand(schw_1692.schw, '300'::double precision)) AND (schw_1692.schw && st_expand(st_transform(s_1692.the_geom, 25833), '300'::double precision)) AND _st_dwithin(st_transform(s_1692.the_geom, 25833), schw_1692.schw, '300'::double precision))
                           ->  Function Scan on schw_1692  (cost=0.00..0.01 rows=1 width=32)
                           ->  Seq Scan on phoml_trajectory_tmp s_1692  (cost=0.00..95.68 rows=17 width=40)
                                 Filter: ((unix_time >= '1685451552.985'::double precision) AND (unix_time <= '1685451612.985'::double precision))
   ->  Subquery Scan on "*SELECT* 1694"  (cost=97.82..97.83 rows=1 width=76)
         ->  Limit  (cost=97.82..97.82 rows=1 width=84)
               ->  Sort  (cost=97.82..97.82 rows=1 width=84)
                     Sort Key: (st_distance(st_transform(s_1693.the_geom, 25833), schw_1693.schw))
                     ->  Nested Loop  (cost=0.00..97.81 rows=1 width=84)
                           Join Filter: ((st_transform(s_1693.the_geom, 25833) && st_expand(schw_1693.schw, '300'::double precision)) AND (schw_1693.schw && st_expand(st_transform(s_1693.the_geom, 25833), '300'::double precision)) AND _st_dwithin(st_transform(s_1693.the_geom, 25833), schw_1693.schw, '300'::double precision))
                           ->  Function Scan on schw_1693  (cost=0.00..0.01 rows=1 width=32)
                           ->  Seq Scan on phoml_trajectory_tmp s_1693  (cost=0.00..95.68 rows=17 width=40)
                                 Filter: ((unix_time >= '1685451553.32'::double precision) AND (unix_time <= '1685451613.32'::double precision))
   ->  Subquery Scan on "*SELECT* 1695"  (cost=97.82..97.83 rows=1 width=76)
         ->  Limit  (cost=97.82..97.82 rows=1 width=84)
               ->  Sort  (cost=97.82..97.82 rows=1 width=84)
                     Sort Key: (st_distance(st_transform(s_1694.the_geom, 25833), schw_1694.schw))
                     ->  Nested Loop  (cost=0.00..97.81 rows=1 width=84)
                           Join Filter: ((st_transform(s_1694.the_geom, 25833) && st_expand(schw_1694.schw, '300'::double precision)) AND (schw_1694.schw && st_expand(st_transform(s_1694.the_geom, 25833), '300'::double precision)) AND _st_dwithin(st_transform(s_1694.the_geom, 25833), schw_1694.schw, '300'::double precision))
                           ->  Function Scan on schw_1694  (cost=0.00..0.01 rows=1 width=32)
                           ->  Seq Scan on phoml_trajectory_tmp s_1694  (cost=0.00..95.68 rows=17 width=40)
                                 Filter: ((unix_time >= '1685451553.66'::double precision) AND (unix_time <= '1685451613.66'::double precision))
   ->  Subquery Scan on "*SELECT* 1696"  (cost=97.82..97.83 rows=1 width=76)
         ->  Limit  (cost=97.82..97.82 rows=1 width=84)
               ->  Sort  (cost=97.82..97.82 rows=1 width=84)
                     Sort Key: (st_distance(st_transform(s_1695.the_geom, 25833), schw_1695.schw))
                     ->  Nested Loop  (cost=0.00..97.81 rows=1 width=84)
                           Join Filter: ((st_transform(s_1695.the_geom, 25833) && st_expand(schw_1695.schw, '300'::double precision)) AND (schw_1695.schw && st_expand(st_transform(s_1695.the_geom, 25833), '300'::double precision)) AND _st_dwithin(st_transform(s_1695.the_geom, 25833), schw_1695.schw, '300'::double precision))
                           ->  Function Scan on schw_1695  (cost=0.00..0.01 rows=1 width=32)
                           ->  Seq Scan on phoml_trajectory_tmp s_1695  (cost=0.00..95.68 rows=17 width=40)
                                 Filter: ((unix_time >= '1685451553.99'::double precision) AND (unix_time <= '1685451613.99'::double precision))
   ->  Subquery Scan on "*SELECT* 1697"  (cost=97.82..97.83 rows=1 width=76)
         ->  Limit  (cost=97.82..97.82 rows=1 width=84)
               ->  Sort  (cost=97.82..97.82 rows=1 width=84)
                     Sort Key: (st_distance(st_transform(s_1696.the_geom, 25833), schw_1696.schw))
                     ->  Nested Loop  (cost=0.00..97.81 rows=1 width=84)
                           Join Filter: ((st_transform(s_1696.the_geom, 25833) && st_expand(schw_1696.schw, '300'::double precision)) AND (schw_1696.schw && st_expand(st_transform(s_1696.the_geom, 25833), '300'::double precision)) AND _st_dwithin(st_transform(s_1696.the_geom, 25833), schw_1696.schw, '300'::double precision))
                           ->  Function Scan on schw_1696  (cost=0.00..0.01 rows=1 width=32)
                           ->  Seq Scan on phoml_trajectory_tmp s_1696  (cost=0.00..95.68 rows=17 width=40)
                                 Filter: ((unix_time >= '1685451554.326'::double precision) AND (unix_time <= '1685451614.326'::double precision))
   ->  Subquery Scan on "*SELECT* 1698"  (cost=97.82..97.83 rows=1 width=76)
         ->  Limit  (cost=97.82..97.82 rows=1 width=84)
               ->  Sort  (cost=97.82..97.82 rows=1 width=84)
                     Sort Key: (st_distance(st_transform(s_1697.the_geom, 25833), schw_1697.schw))
                     ->  Nested Loop  (cost=0.00..97.81 rows=1 width=84)
                           Join Filter: ((st_transform(s_1697.the_geom, 25833) && st_expand(schw_1697.schw, '300'::double precision)) AND (schw_1697.schw && st_expand(st_transform(s_1697.the_geom, 25833), '300'::double precision)) AND _st_dwithin(st_transform(s_1697.the_geom, 25833), schw_1697.schw, '300'::double precision))
                           ->  Function Scan on schw_1697  (cost=0.00..0.01 rows=1 width=32)
                           ->  Seq Scan on phoml_trajectory_tmp s_1697  (cost=0.00..95.68 rows=17 width=40)
                                 Filter: ((unix_time >= '1685451554.655'::double precision) AND (unix_time <= '1685451614.655'::double precision))
   ->  Subquery Scan on "*SELECT* 1699"  (cost=97.82..97.83 rows=1 width=76)
         ->  Limit  (cost=97.82..97.82 rows=1 width=84)
               ->  Sort  (cost=97.82..97.82 rows=1 width=84)
                     Sort Key: (st_distance(st_transform(s_1698.the_geom, 25833), schw_1698.schw))
                     ->  Nested Loop  (cost=0.00..97.81 rows=1 width=84)
                           Join Filter: ((st_transform(s_1698.the_geom, 25833) && st_expand(schw_1698.schw, '300'::double precision)) AND (schw_1698.schw && st_expand(st_transform(s_1698.the_geom, 25833), '300'::double precision)) AND _st_dwithin(st_transform(s_1698.the_geom, 25833), schw_1698.schw, '300'::double precision))
                           ->  Function Scan on schw_1698  (cost=0.00..0.01 rows=1 width=32)
                           ->  Seq Scan on phoml_trajectory_tmp s_1698  (cost=0.00..95.68 rows=17 width=40)
                                 Filter: ((unix_time >= '1685451554.995'::double precision) AND (unix_time <= '1685451614.995'::double precision))
   ->  Subquery Scan on "*SELECT* 1700"  (cost=97.82..97.83 rows=1 width=76)
         ->  Limit  (cost=97.82..97.82 rows=1 width=84)
               ->  Sort  (cost=97.82..97.82 rows=1 width=84)
                     Sort Key: (st_distance(st_transform(s_1699.the_geom, 25833), schw_1699.schw))
                     ->  Nested Loop  (cost=0.00..97.81 rows=1 width=84)
                           Join Filter: ((st_transform(s_1699.the_geom, 25833) && st_expand(schw_1699.schw, '300'::double precision)) AND (schw_1699.schw && st_expand(st_transform(s_1699.the_geom, 25833), '300'::double precision)) AND _st_dwithin(st_transform(s_1699.the_geom, 25833), schw_1699.schw, '300'::double precision))
                           ->  Function Scan on schw_1699  (cost=0.00..0.01 rows=1 width=32)
                           ->  Seq Scan on phoml_trajectory_tmp s_1699  (cost=0.00..95.68 rows=17 width=40)
                                 Filter: ((unix_time >= '1685451555.331'::double precision) AND (unix_time <= '1685451615.331'::double precision))
   ->  Subquery Scan on "*SELECT* 1701"  (cost=97.82..97.83 rows=1 width=76)
         ->  Limit  (cost=97.82..97.82 rows=1 width=84)
               ->  Sort  (cost=97.82..97.82 rows=1 width=84)
                     Sort Key: (st_distance(st_transform(s_1700.the_geom, 25833), schw_1700.schw))
                     ->  Nested Loop  (cost=0.00..97.81 rows=1 width=84)
                           Join Filter: ((st_transform(s_1700.the_geom, 25833) && st_expand(schw_1700.schw, '300'::double precision)) AND (schw_1700.schw && st_expand(st_transform(s_1700.the_geom, 25833), '300'::double precision)) AND _st_dwithin(st_transform(s_1700.the_geom, 25833), schw_1700.schw, '300'::double precision))
                           ->  Function Scan on schw_1700  (cost=0.00..0.01 rows=1 width=32)
                           ->  Seq Scan on phoml_trajectory_tmp s_1700  (cost=0.00..95.68 rows=17 width=40)
                                 Filter: ((unix_time >= '1685451555.671'::double precision) AND (unix_time <= '1685451615.671'::double precision))
   ->  Subquery Scan on "*SELECT* 1702"  (cost=97.82..97.83 rows=1 width=76)
         ->  Limit  (cost=97.82..97.82 rows=1 width=84)
               ->  Sort  (cost=97.82..97.82 rows=1 width=84)
                     Sort Key: (st_distance(st_transform(s_1701.the_geom, 25833), schw_1701.schw))
                     ->  Nested Loop  (cost=0.00..97.81 rows=1 width=84)
                           Join Filter: ((st_transform(s_1701.the_geom, 25833) && st_expand(schw_1701.schw, '300'::double precision)) AND (schw_1701.schw && st_expand(st_transform(s_1701.the_geom, 25833), '300'::double precision)) AND _st_dwithin(st_transform(s_1701.the_geom, 25833), schw_1701.schw, '300'::double precision))
                           ->  Function Scan on schw_1701  (cost=0.00..0.01 rows=1 width=32)
                           ->  Seq Scan on phoml_trajectory_tmp s_1701  (cost=0.00..95.68 rows=17 width=40)
                                 Filter: ((unix_time >= '1685451556.001'::double precision) AND (unix_time <= '1685451616.001'::double precision))
   ->  Subquery Scan on "*SELECT* 1703"  (cost=97.82..97.83 rows=1 width=76)
         ->  Limit  (cost=97.82..97.82 rows=1 width=84)
               ->  Sort  (cost=97.82..97.82 rows=1 width=84)
                     Sort Key: (st_distance(st_transform(s_1702.the_geom, 25833), schw_1702.schw))
                     ->  Nested Loop  (cost=0.00..97.81 rows=1 width=84)
                           Join Filter: ((st_transform(s_1702.the_geom, 25833) && st_expand(schw_1702.schw, '300'::double precision)) AND (schw_1702.schw && st_expand(st_transform(s_1702.the_geom, 25833), '300'::double precision)) AND _st_dwithin(st_transform(s_1702.the_geom, 25833), schw_1702.schw, '300'::double precision))
                           ->  Function Scan on schw_1702  (cost=0.00..0.01 rows=1 width=32)
                           ->  Seq Scan on phoml_trajectory_tmp s_1702  (cost=0.00..95.68 rows=17 width=40)
                                 Filter: ((unix_time >= '1685451556.357'::double precision) AND (unix_time <= '1685451616.357'::double precision))
   ->  Subquery Scan on "*SELECT* 1704"  (cost=97.82..97.83 rows=1 width=76)
         ->  Limit  (cost=97.82..97.82 rows=1 width=84)
               ->  Sort  (cost=97.82..97.82 rows=1 width=84)
                     Sort Key: (st_distance(st_transform(s_1703.the_geom, 25833), schw_1703.schw))
                     ->  Nested Loop  (cost=0.00..97.81 rows=1 width=84)
                           Join Filter: ((st_transform(s_1703.the_geom, 25833) && st_expand(schw_1703.schw, '300'::double precision)) AND (schw_1703.schw && st_expand(st_transform(s_1703.the_geom, 25833), '300'::double precision)) AND _st_dwithin(st_transform(s_1703.the_geom, 25833), schw_1703.schw, '300'::double precision))
                           ->  Function Scan on schw_1703  (cost=0.00..0.01 rows=1 width=32)
                           ->  Seq Scan on phoml_trajectory_tmp s_1703  (cost=0.00..95.68 rows=17 width=40)
                                 Filter: ((unix_time >= '1685451556.707'::double precision) AND (unix_time <= '1685451616.707'::double precision))
   ->  Subquery Scan on "*SELECT* 1705"  (cost=97.82..97.83 rows=1 width=76)
         ->  Limit  (cost=97.82..97.82 rows=1 width=84)
               ->  Sort  (cost=97.82..97.82 rows=1 width=84)
                     Sort Key: (st_distance(st_transform(s_1704.the_geom, 25833), schw_1704.schw))
                     ->  Nested Loop  (cost=0.00..97.81 rows=1 width=84)
                           Join Filter: ((st_transform(s_1704.the_geom, 25833) && st_expand(schw_1704.schw, '300'::double precision)) AND (schw_1704.schw && st_expand(st_transform(s_1704.the_geom, 25833), '300'::double precision)) AND _st_dwithin(st_transform(s_1704.the_geom, 25833), schw_1704.schw, '300'::double precision))
                           ->  Function Scan on schw_1704  (cost=0.00..0.01 rows=1 width=32)
                           ->  Seq Scan on phoml_trajectory_tmp s_1704  (cost=0.00..95.68 rows=17 width=40)
                                 Filter: ((unix_time >= '1685451557.057'::double precision) AND (unix_time <= '1685451617.057'::double precision))
   ->  Subquery Scan on "*SELECT* 1706"  (cost=97.82..97.83 rows=1 width=76)
         ->  Limit  (cost=97.82..97.82 rows=1 width=84)
               ->  Sort  (cost=97.82..97.82 rows=1 width=84)
                     Sort Key: (st_distance(st_transform(s_1705.the_geom, 25833), schw_1705.schw))
                     ->  Nested Loop  (cost=0.00..97.81 rows=1 width=84)
                           Join Filter: ((st_transform(s_1705.the_geom, 25833) && st_expand(schw_1705.schw, '300'::double precision)) AND (schw_1705.schw && st_expand(st_transform(s_1705.the_geom, 25833), '300'::double precision)) AND _st_dwithin(st_transform(s_1705.the_geom, 25833), schw_1705.schw, '300'::double precision))
                           ->  Function Scan on schw_1705  (cost=0.00..0.01 rows=1 width=32)
                           ->  Seq Scan on phoml_trajectory_tmp s_1705  (cost=0.00..95.68 rows=17 width=40)
                                 Filter: ((unix_time >= '1685451557.413'::double precision) AND (unix_time <= '1685451617.413'::double precision))
   ->  Subquery Scan on "*SELECT* 1707"  (cost=97.82..97.83 rows=1 width=76)
         ->  Limit  (cost=97.82..97.82 rows=1 width=84)
               ->  Sort  (cost=97.82..97.82 rows=1 width=84)
                     Sort Key: (st_distance(st_transform(s_1706.the_geom, 25833), schw_1706.schw))
                     ->  Nested Loop  (cost=0.00..97.81 rows=1 width=84)
                           Join Filter: ((st_transform(s_1706.the_geom, 25833) && st_expand(schw_1706.schw, '300'::double precision)) AND (schw_1706.schw && st_expand(st_transform(s_1706.the_geom, 25833), '300'::double precision)) AND _st_dwithin(st_transform(s_1706.the_geom, 25833), schw_1706.schw, '300'::double precision))
                           ->  Function Scan on schw_1706  (cost=0.00..0.01 rows=1 width=32)
                           ->  Seq Scan on phoml_trajectory_tmp s_1706  (cost=0.00..95.68 rows=17 width=40)
                                 Filter: ((unix_time >= '1685451557.773'::double precision) AND (unix_time <= '1685451617.773'::double precision))
   ->  Subquery Scan on "*SELECT* 1708"  (cost=97.82..97.83 rows=1 width=76)
         ->  Limit  (cost=97.82..97.82 rows=1 width=84)
               ->  Sort  (cost=97.82..97.82 rows=1 width=84)
                     Sort Key: (st_distance(st_transform(s_1707.the_geom, 25833), schw_1707.schw))
                     ->  Nested Loop  (cost=0.00..97.81 rows=1 width=84)
                           Join Filter: ((st_transform(s_1707.the_geom, 25833) && st_expand(schw_1707.schw, '300'::double precision)) AND (schw_1707.schw && st_expand(st_transform(s_1707.the_geom, 25833), '300'::double precision)) AND _st_dwithin(st_transform(s_1707.the_geom, 25833), schw_1707.schw, '300'::double precision))
                           ->  Function Scan on schw_1707  (cost=0.00..0.01 rows=1 width=32)
                           ->  Seq Scan on phoml_trajectory_tmp s_1707  (cost=0.00..95.68 rows=17 width=40)
                                 Filter: ((unix_time >= '1685451558.143'::double precision) AND (unix_time <= '1685451618.143'::double precision))
   ->  Subquery Scan on "*SELECT* 1709"  (cost=97.82..97.83 rows=1 width=76)
         ->  Limit  (cost=97.82..97.82 rows=1 width=84)
               ->  Sort  (cost=97.82..97.82 rows=1 width=84)
                     Sort Key: (st_distance(st_transform(s_1708.the_geom, 25833), schw_1708.schw))
                     ->  Nested Loop  (cost=0.00..97.81 rows=1 width=84)
                           Join Filter: ((st_transform(s_1708.the_geom, 25833) && st_expand(schw_1708.schw, '300'::double precision)) AND (schw_1708.schw && st_expand(st_transform(s_1708.the_geom, 25833), '300'::double precision)) AND _st_dwithin(st_transform(s_1708.the_geom, 25833), schw_1708.schw, '300'::double precision))
                           ->  Function Scan on schw_1708  (cost=0.00..0.01 rows=1 width=32)
                           ->  Seq Scan on phoml_trajectory_tmp s_1708  (cost=0.00..95.68 rows=17 width=40)
                                 Filter: ((unix_time >= '1685451558.502'::double precision) AND (unix_time <= '1685451618.502'::double precision))
   ->  Subquery Scan on "*SELECT* 1710"  (cost=97.82..97.83 rows=1 width=76)
         ->  Limit  (cost=97.82..97.82 rows=1 width=84)
               ->  Sort  (cost=97.82..97.82 rows=1 width=84)
                     Sort Key: (st_distance(st_transform(s_1709.the_geom, 25833), schw_1709.schw))
                     ->  Nested Loop  (cost=0.00..97.81 rows=1 width=84)
                           Join Filter: ((st_transform(s_1709.the_geom, 25833) && st_expand(schw_1709.schw, '300'::double precision)) AND (schw_1709.schw && st_expand(st_transform(s_1709.the_geom, 25833), '300'::double precision)) AND _st_dwithin(st_transform(s_1709.the_geom, 25833), schw_1709.schw, '300'::double precision))
                           ->  Function Scan on schw_1709  (cost=0.00..0.01 rows=1 width=32)
                           ->  Seq Scan on phoml_trajectory_tmp s_1709  (cost=0.00..95.68 rows=17 width=40)
                                 Filter: ((unix_time >= '1685451558.882'::double precision) AND (unix_time <= '1685451618.882'::double precision))
   ->  Subquery Scan on "*SELECT* 1711"  (cost=97.82..97.83 rows=1 width=76)
         ->  Limit  (cost=97.82..97.82 rows=1 width=84)
               ->  Sort  (cost=97.82..97.82 rows=1 width=84)
                     Sort Key: (st_distance(st_transform(s_1710.the_geom, 25833), schw_1710.schw))
                     ->  Nested Loop  (cost=0.00..97.81 rows=1 width=84)
                           Join Filter: ((st_transform(s_1710.the_geom, 25833) && st_expand(schw_1710.schw, '300'::double precision)) AND (schw_1710.schw && st_expand(st_transform(s_1710.the_geom, 25833), '300'::double precision)) AND _st_dwithin(st_transform(s_1710.the_geom, 25833), schw_1710.schw, '300'::double precision))
                           ->  Function Scan on schw_1710  (cost=0.00..0.01 rows=1 width=32)
                           ->  Seq Scan on phoml_trajectory_tmp s_1710  (cost=0.00..95.68 rows=17 width=40)
                                 Filter: ((unix_time >= '1685451559.255'::double precision) AND (unix_time <= '1685451619.255'::double precision))
   ->  Subquery Scan on "*SELECT* 1712"  (cost=97.82..97.83 rows=1 width=76)
         ->  Limit  (cost=97.82..97.82 rows=1 width=84)
               ->  Sort  (cost=97.82..97.82 rows=1 width=84)
                     Sort Key: (st_distance(st_transform(s_1711.the_geom, 25833), schw_1711.schw))
                     ->  Nested Loop  (cost=0.00..97.81 rows=1 width=84)
                           Join Filter: ((st_transform(s_1711.the_geom, 25833) && st_expand(schw_1711.schw, '300'::double precision)) AND (schw_1711.schw && st_expand(st_transform(s_1711.the_geom, 25833), '300'::double precision)) AND _st_dwithin(st_transform(s_1711.the_geom, 25833), schw_1711.schw, '300'::double precision))
                           ->  Function Scan on schw_1711  (cost=0.00..0.01 rows=1 width=32)
                           ->  Seq Scan on phoml_trajectory_tmp s_1711  (cost=0.00..95.68 rows=17 width=40)
                                 Filter: ((unix_time >= '1685451559.645'::double precision) AND (unix_time <= '1685451619.645'::double precision))
   ->  Subquery Scan on "*SELECT* 1713"  (cost=97.82..97.83 rows=1 width=76)
         ->  Limit  (cost=97.82..97.82 rows=1 width=84)
               ->  Sort  (cost=97.82..97.82 rows=1 width=84)
                     Sort Key: (st_distance(st_transform(s_1712.the_geom, 25833), schw_1712.schw))
                     ->  Nested Loop  (cost=0.00..97.81 rows=1 width=84)
                           Join Filter: ((st_transform(s_1712.the_geom, 25833) && st_expand(schw_1712.schw, '300'::double precision)) AND (schw_1712.schw && st_expand(st_transform(s_1712.the_geom, 25833), '300'::double precision)) AND _st_dwithin(st_transform(s_1712.the_geom, 25833), schw_1712.schw, '300'::double precision))
                           ->  Function Scan on schw_1712  (cost=0.00..0.01 rows=1 width=32)
                           ->  Seq Scan on phoml_trajectory_tmp s_1712  (cost=0.00..95.68 rows=17 width=40)
                                 Filter: ((unix_time >= '1685451560.025'::double precision) AND (unix_time <= '1685451620.025'::double precision))
   ->  Subquery Scan on "*SELECT* 1714"  (cost=97.82..97.83 rows=1 width=76)
         ->  Limit  (cost=97.82..97.82 rows=1 width=84)
               ->  Sort  (cost=97.82..97.82 rows=1 width=84)
                     Sort Key: (st_distance(st_transform(s_1713.the_geom, 25833), schw_1713.schw))
                     ->  Nested Loop  (cost=0.00..97.81 rows=1 width=84)
                           Join Filter: ((st_transform(s_1713.the_geom, 25833) && st_expand(schw_1713.schw, '300'::double precision)) AND (schw_1713.schw && st_expand(st_transform(s_1713.the_geom, 25833), '300'::double precision)) AND _st_dwithin(st_transform(s_1713.the_geom, 25833), schw_1713.schw, '300'::double precision))
                           ->  Function Scan on schw_1713  (cost=0.00..0.01 rows=1 width=32)
                           ->  Seq Scan on phoml_trajectory_tmp s_1713  (cost=0.00..95.68 rows=17 width=40)
                                 Filter: ((unix_time >= '1685451560.41'::double precision) AND (unix_time <= '1685451620.41'::double precision))
   ->  Subquery Scan on "*SELECT* 1715"  (cost=97.82..97.83 rows=1 width=76)
         ->  Limit  (cost=97.82..97.82 rows=1 width=84)
               ->  Sort  (cost=97.82..97.82 rows=1 width=84)
                     Sort Key: (st_distance(st_transform(s_1714.the_geom, 25833), schw_1714.schw))
                     ->  Nested Loop  (cost=0.00..97.81 rows=1 width=84)
                           Join Filter: ((st_transform(s_1714.the_geom, 25833) && st_expand(schw_1714.schw, '300'::double precision)) AND (schw_1714.schw && st_expand(st_transform(s_1714.the_geom, 25833), '300'::double precision)) AND _st_dwithin(st_transform(s_1714.the_geom, 25833), schw_1714.schw, '300'::double precision))
                           ->  Function Scan on schw_1714  (cost=0.00..0.01 rows=1 width=32)
                           ->  Seq Scan on phoml_trajectory_tmp s_1714  (cost=0.00..95.68 rows=17 width=40)
                                 Filter: ((unix_time >= '1685451560.8'::double precision) AND (unix_time <= '1685451620.8'::double precision))
   ->  Subquery Scan on "*SELECT* 1716"  (cost=97.82..97.83 rows=1 width=76)
         ->  Limit  (cost=97.82..97.82 rows=1 width=84)
               ->  Sort  (cost=97.82..97.82 rows=1 width=84)
                     Sort Key: (st_distance(st_transform(s_1715.the_geom, 25833), schw_1715.schw))
                     ->  Nested Loop  (cost=0.00..97.81 rows=1 width=84)
                           Join Filter: ((st_transform(s_1715.the_geom, 25833) && st_expand(schw_1715.schw, '300'::double precision)) AND (schw_1715.schw && st_expand(st_transform(s_1715.the_geom, 25833), '300'::double precision)) AND _st_dwithin(st_transform(s_1715.the_geom, 25833), schw_1715.schw, '300'::double precision))
                           ->  Function Scan on schw_1715  (cost=0.00..0.01 rows=1 width=32)
                           ->  Seq Scan on phoml_trajectory_tmp s_1715  (cost=0.00..95.68 rows=17 width=40)
                                 Filter: ((unix_time >= '1685451561.192'::double precision) AND (unix_time <= '1685451621.192'::double precision))
   ->  Subquery Scan on "*SELECT* 1717"  (cost=97.82..97.83 rows=1 width=76)
         ->  Limit  (cost=97.82..97.82 rows=1 width=84)
               ->  Sort  (cost=97.82..97.82 rows=1 width=84)
                     Sort Key: (st_distance(st_transform(s_1716.the_geom, 25833), schw_1716.schw))
                     ->  Nested Loop  (cost=0.00..97.81 rows=1 width=84)
                           Join Filter: ((st_transform(s_1716.the_geom, 25833) && st_expand(schw_1716.schw, '300'::double precision)) AND (schw_1716.schw && st_expand(st_transform(s_1716.the_geom, 25833), '300'::double precision)) AND _st_dwithin(st_transform(s_1716.the_geom, 25833), schw_1716.schw, '300'::double precision))
                           ->  Function Scan on schw_1716  (cost=0.00..0.01 rows=1 width=32)
                           ->  Seq Scan on phoml_trajectory_tmp s_1716  (cost=0.00..95.68 rows=17 width=40)
                                 Filter: ((unix_time >= '1685451561.582'::double precision) AND (unix_time <= '1685451621.582'::double precision))
   ->  Subquery Scan on "*SELECT* 1718"  (cost=97.82..97.83 rows=1 width=76)
         ->  Limit  (cost=97.82..97.82 rows=1 width=84)
               ->  Sort  (cost=97.82..97.82 rows=1 width=84)
                     Sort Key: (st_distance(st_transform(s_1717.the_geom, 25833), schw_1717.schw))
                     ->  Nested Loop  (cost=0.00..97.81 rows=1 width=84)
                           Join Filter: ((st_transform(s_1717.the_geom, 25833) && st_expand(schw_1717.schw, '300'::double precision)) AND (schw_1717.schw && st_expand(st_transform(s_1717.the_geom, 25833), '300'::double precision)) AND _st_dwithin(st_transform(s_1717.the_geom, 25833), schw_1717.schw, '300'::double precision))
                           ->  Function Scan on schw_1717  (cost=0.00..0.01 rows=1 width=32)
                           ->  Seq Scan on phoml_trajectory_tmp s_1717  (cost=0.00..95.68 rows=17 width=40)
                                 Filter: ((unix_time >= '1685451561.982'::double precision) AND (unix_time <= '1685451621.982'::double precision))
   ->  Subquery Scan on "*SELECT* 1719"  (cost=97.82..97.83 rows=1 width=76)
         ->  Limit  (cost=97.82..97.82 rows=1 width=84)
               ->  Sort  (cost=97.82..97.82 rows=1 width=84)
                     Sort Key: (st_distance(st_transform(s_1718.the_geom, 25833), schw_1718.schw))
                     ->  Nested Loop  (cost=0.00..97.81 rows=1 width=84)
                           Join Filter: ((st_transform(s_1718.the_geom, 25833) && st_expand(schw_1718.schw, '300'::double precision)) AND (schw_1718.schw && st_expand(st_transform(s_1718.the_geom, 25833), '300'::double precision)) AND _st_dwithin(st_transform(s_1718.the_geom, 25833), schw_1718.schw, '300'::double precision))
                           ->  Function Scan on schw_1718  (cost=0.00..0.01 rows=1 width=32)
                           ->  Seq Scan on phoml_trajectory_tmp s_1718  (cost=0.00..95.68 rows=17 width=40)
                                 Filter: ((unix_time >= '1685451562.366'::double precision) AND (unix_time <= '1685451622.366'::double precision))
   ->  Subquery Scan on "*SELECT* 1720"  (cost=97.82..97.83 rows=1 width=76)
         ->  Limit  (cost=97.82..97.82 rows=1 width=84)
               ->  Sort  (cost=97.82..97.82 rows=1 width=84)
                     Sort Key: (st_distance(st_transform(s_1719.the_geom, 25833), schw_1719.schw))
                     ->  Nested Loop  (cost=0.00..97.81 rows=1 width=84)
                           Join Filter: ((st_transform(s_1719.the_geom, 25833) && st_expand(schw_1719.schw, '300'::double precision)) AND (schw_1719.schw && st_expand(st_transform(s_1719.the_geom, 25833), '300'::double precision)) AND _st_dwithin(st_transform(s_1719.the_geom, 25833), schw_1719.schw, '300'::double precision))
                           ->  Function Scan on schw_1719  (cost=0.00..0.01 rows=1 width=32)
                           ->  Seq Scan on phoml_trajectory_tmp s_1719  (cost=0.00..95.68 rows=17 width=40)
                                 Filter: ((unix_time >= '1685451562.756'::double precision) AND (unix_time <= '1685451622.756'::double precision))
   ->  Subquery Scan on "*SELECT* 1721"  (cost=97.82..97.83 rows=1 width=76)
         ->  Limit  (cost=97.82..97.82 rows=1 width=84)
               ->  Sort  (cost=97.82..97.82 rows=1 width=84)
                     Sort Key: (st_distance(st_transform(s_1720.the_geom, 25833), schw_1720.schw))
                     ->  Nested Loop  (cost=0.00..97.81 rows=1 width=84)
                           Join Filter: ((st_transform(s_1720.the_geom, 25833) && st_expand(schw_1720.schw, '300'::double precision)) AND (schw_1720.schw && st_expand(st_transform(s_1720.the_geom, 25833), '300'::double precision)) AND _st_dwithin(st_transform(s_1720.the_geom, 25833), schw_1720.schw, '300'::double precision))
                           ->  Function Scan on schw_1720  (cost=0.00..0.01 rows=1 width=32)
                           ->  Seq Scan on phoml_trajectory_tmp s_1720  (cost=0.00..95.68 rows=17 width=40)
                                 Filter: ((unix_time >= '1685451563.156'::double precision) AND (unix_time <= '1685451623.156'::double precision))
   ->  Subquery Scan on "*SELECT* 1722"  (cost=97.82..97.83 rows=1 width=76)
         ->  Limit  (cost=97.82..97.82 rows=1 width=84)
               ->  Sort  (cost=97.82..97.82 rows=1 width=84)
                     Sort Key: (st_distance(st_transform(s_1721.the_geom, 25833), schw_1721.schw))
                     ->  Nested Loop  (cost=0.00..97.81 rows=1 width=84)
                           Join Filter: ((st_transform(s_1721.the_geom, 25833) && st_expand(schw_1721.schw, '300'::double precision)) AND (schw_1721.schw && st_expand(st_transform(s_1721.the_geom, 25833), '300'::double precision)) AND _st_dwithin(st_transform(s_1721.the_geom, 25833), schw_1721.schw, '300'::double precision))
                           ->  Function Scan on schw_1721  (cost=0.00..0.01 rows=1 width=32)
                           ->  Seq Scan on phoml_trajectory_tmp s_1721  (cost=0.00..95.68 rows=17 width=40)
                                 Filter: ((unix_time >= '1685451563.546'::double precision) AND (unix_time <= '1685451623.546'::double precision))
   ->  Subquery Scan on "*SELECT* 1723"  (cost=97.82..97.83 rows=1 width=76)
         ->  Limit  (cost=97.82..97.82 rows=1 width=84)
               ->  Sort  (cost=97.82..97.82 rows=1 width=84)
                     Sort Key: (st_distance(st_transform(s_1722.the_geom, 25833), schw_1722.schw))
                     ->  Nested Loop  (cost=0.00..97.81 rows=1 width=84)
                           Join Filter: ((st_transform(s_1722.the_geom, 25833) && st_expand(schw_1722.schw, '300'::double precision)) AND (schw_1722.schw && st_expand(st_transform(s_1722.the_geom, 25833), '300'::double precision)) AND _st_dwithin(st_transform(s_1722.the_geom, 25833), schw_1722.schw, '300'::double precision))
                           ->  Function Scan on schw_1722  (cost=0.00..0.01 rows=1 width=32)
                           ->  Seq Scan on phoml_trajectory_tmp s_1722  (cost=0.00..95.68 rows=17 width=40)
                                 Filter: ((unix_time >= '1685451563.936'::double precision) AND (unix_time <= '1685451623.936'::double precision))
   ->  Subquery Scan on "*SELECT* 1724"  (cost=97.82..97.83 rows=1 width=76)
         ->  Limit  (cost=97.82..97.82 rows=1 width=84)
               ->  Sort  (cost=97.82..97.82 rows=1 width=84)
                     Sort Key: (st_distance(st_transform(s_1723.the_geom, 25833), schw_1723.schw))
                     ->  Nested Loop  (cost=0.00..97.81 rows=1 width=84)
                           Join Filter: ((st_transform(s_1723.the_geom, 25833) && st_expand(schw_1723.schw, '300'::double precision)) AND (schw_1723.schw && st_expand(st_transform(s_1723.the_geom, 25833), '300'::double precision)) AND _st_dwithin(st_transform(s_1723.the_geom, 25833), schw_1723.schw, '300'::double precision))
                           ->  Function Scan on schw_1723  (cost=0.00..0.01 rows=1 width=32)
                           ->  Seq Scan on phoml_trajectory_tmp s_1723  (cost=0.00..95.68 rows=17 width=40)
                                 Filter: ((unix_time >= '1685451564.329'::double precision) AND (unix_time <= '1685451624.329'::double precision))
   ->  Subquery Scan on "*SELECT* 1725"  (cost=97.82..97.83 rows=1 width=76)
         ->  Limit  (cost=97.82..97.82 rows=1 width=84)
               ->  Sort  (cost=97.82..97.82 rows=1 width=84)
                     Sort Key: (st_distance(st_transform(s_1724.the_geom, 25833), schw_1724.schw))
                     ->  Nested Loop  (cost=0.00..97.81 rows=1 width=84)
                           Join Filter: ((st_transform(s_1724.the_geom, 25833) && st_expand(schw_1724.schw, '300'::double precision)) AND (schw_1724.schw && st_expand(st_transform(s_1724.the_geom, 25833), '300'::double precision)) AND _st_dwithin(st_transform(s_1724.the_geom, 25833), schw_1724.schw, '300'::double precision))
                           ->  Function Scan on schw_1724  (cost=0.00..0.01 rows=1 width=32)
                           ->  Seq Scan on phoml_trajectory_tmp s_1724  (cost=0.00..95.68 rows=17 width=40)
                                 Filter: ((unix_time >= '1685451564.719'::double precision) AND (unix_time <= '1685451624.719'::double precision))
   ->  Subquery Scan on "*SELECT* 1726"  (cost=97.82..97.83 rows=1 width=76)
         ->  Limit  (cost=97.82..97.82 rows=1 width=84)
               ->  Sort  (cost=97.82..97.82 rows=1 width=84)
                     Sort Key: (st_distance(st_transform(s_1725.the_geom, 25833), schw_1725.schw))
                     ->  Nested Loop  (cost=0.00..97.81 rows=1 width=84)
                           Join Filter: ((st_transform(s_1725.the_geom, 25833) && st_expand(schw_1725.schw, '300'::double precision)) AND (schw_1725.schw && st_expand(st_transform(s_1725.the_geom, 25833), '300'::double precision)) AND _st_dwithin(st_transform(s_1725.the_geom, 25833), schw_1725.schw, '300'::double precision))
                           ->  Function Scan on schw_1725  (cost=0.00..0.01 rows=1 width=32)
                           ->  Seq Scan on phoml_trajectory_tmp s_1725  (cost=0.00..95.68 rows=17 width=40)
                                 Filter: ((unix_time >= '1685451565.119'::double precision) AND (unix_time <= '1685451625.119'::double precision))
   ->  Subquery Scan on "*SELECT* 1727"  (cost=97.82..97.83 rows=1 width=76)
         ->  Limit  (cost=97.82..97.82 rows=1 width=84)
               ->  Sort  (cost=97.82..97.82 rows=1 width=84)
                     Sort Key: (st_distance(st_transform(s_1726.the_geom, 25833), schw_1726.schw))
                     ->  Nested Loop  (cost=0.00..97.81 rows=1 width=84)
                           Join Filter: ((st_transform(s_1726.the_geom, 25833) && st_expand(schw_1726.schw, '300'::double precision)) AND (schw_1726.schw && st_expand(st_transform(s_1726.the_geom, 25833), '300'::double precision)) AND _st_dwithin(st_transform(s_1726.the_geom, 25833), schw_1726.schw, '300'::double precision))
                           ->  Function Scan on schw_1726  (cost=0.00..0.01 rows=1 width=32)
                           ->  Seq Scan on phoml_trajectory_tmp s_1726  (cost=0.00..95.68 rows=17 width=40)
                                 Filter: ((unix_time >= '1685451565.52'::double precision) AND (unix_time <= '1685451625.52'::double precision))
   ->  Subquery Scan on "*SELECT* 1728"  (cost=97.82..97.83 rows=1 width=76)
         ->  Limit  (cost=97.82..97.82 rows=1 width=84)
               ->  Sort  (cost=97.82..97.82 rows=1 width=84)
                     Sort Key: (st_distance(st_transform(s_1727.the_geom, 25833), schw_1727.schw))
                     ->  Nested Loop  (cost=0.00..97.81 rows=1 width=84)
                           Join Filter: ((st_transform(s_1727.the_geom, 25833) && st_expand(schw_1727.schw, '300'::double precision)) AND (schw_1727.schw && st_expand(st_transform(s_1727.the_geom, 25833), '300'::double precision)) AND _st_dwithin(st_transform(s_1727.the_geom, 25833), schw_1727.schw, '300'::double precision))
                           ->  Function Scan on schw_1727  (cost=0.00..0.01 rows=1 width=32)
                           ->  Seq Scan on phoml_trajectory_tmp s_1727  (cost=0.00..95.68 rows=17 width=40)
                                 Filter: ((unix_time >= '1685451565.93'::double precision) AND (unix_time <= '1685451625.93'::double precision))
   ->  Subquery Scan on "*SELECT* 1729"  (cost=97.82..97.83 rows=1 width=76)
         ->  Limit  (cost=97.82..97.82 rows=1 width=84)
               ->  Sort  (cost=97.82..97.82 rows=1 width=84)
                     Sort Key: (st_distance(st_transform(s_1728.the_geom, 25833), schw_1728.schw))
                     ->  Nested Loop  (cost=0.00..97.81 rows=1 width=84)
                           Join Filter: ((st_transform(s_1728.the_geom, 25833) && st_expand(schw_1728.schw, '300'::double precision)) AND (schw_1728.schw && st_expand(st_transform(s_1728.the_geom, 25833), '300'::double precision)) AND _st_dwithin(st_transform(s_1728.the_geom, 25833), schw_1728.schw, '300'::double precision))
                           ->  Function Scan on schw_1728  (cost=0.00..0.01 rows=1 width=32)
                           ->  Seq Scan on phoml_trajectory_tmp s_1728  (cost=0.00..95.68 rows=17 width=40)
                                 Filter: ((unix_time >= '1685451566.334'::double precision) AND (unix_time <= '1685451626.334'::double precision))
   ->  Subquery Scan on "*SELECT* 1730"  (cost=97.82..97.83 rows=1 width=76)
         ->  Limit  (cost=97.82..97.82 rows=1 width=84)
               ->  Sort  (cost=97.82..97.82 rows=1 width=84)
                     Sort Key: (st_distance(st_transform(s_1729.the_geom, 25833), schw_1729.schw))
                     ->  Nested Loop  (cost=0.00..97.81 rows=1 width=84)
                           Join Filter: ((st_transform(s_1729.the_geom, 25833) && st_expand(schw_1729.schw, '300'::double precision)) AND (schw_1729.schw && st_expand(st_transform(s_1729.the_geom, 25833), '300'::double precision)) AND _st_dwithin(st_transform(s_1729.the_geom, 25833), schw_1729.schw, '300'::double precision))
                           ->  Function Scan on schw_1729  (cost=0.00..0.01 rows=1 width=32)
                           ->  Seq Scan on phoml_trajectory_tmp s_1729  (cost=0.00..95.68 rows=17 width=40)
                                 Filter: ((unix_time >= '1685451566.754'::double precision) AND (unix_time <= '1685451626.754'::double precision))
   ->  Subquery Scan on "*SELECT* 1731"  (cost=97.82..97.83 rows=1 width=76)
         ->  Limit  (cost=97.82..97.82 rows=1 width=84)
               ->  Sort  (cost=97.82..97.82 rows=1 width=84)
                     Sort Key: (st_distance(st_transform(s_1730.the_geom, 25833), schw_1730.schw))
                     ->  Nested Loop  (cost=0.00..97.81 rows=1 width=84)
                           Join Filter: ((st_transform(s_1730.the_geom, 25833) && st_expand(schw_1730.schw, '300'::double precision)) AND (schw_1730.schw && st_expand(st_transform(s_1730.the_geom, 25833), '300'::double precision)) AND _st_dwithin(st_transform(s_1730.the_geom, 25833), schw_1730.schw, '300'::double precision))
                           ->  Function Scan on schw_1730  (cost=0.00..0.01 rows=1 width=32)
                           ->  Seq Scan on phoml_trajectory_tmp s_1730  (cost=0.00..95.68 rows=17 width=40)
                                 Filter: ((unix_time >= '1685451567.181'::double precision) AND (unix_time <= '1685451627.181'::double precision))
   ->  Subquery Scan on "*SELECT* 1732"  (cost=97.82..97.83 rows=1 width=76)
         ->  Limit  (cost=97.82..97.82 rows=1 width=84)
               ->  Sort  (cost=97.82..97.82 rows=1 width=84)
                     Sort Key: (st_distance(st_transform(s_1731.the_geom, 25833), schw_1731.schw))
                     ->  Nested Loop  (cost=0.00..97.81 rows=1 width=84)
                           Join Filter: ((st_transform(s_1731.the_geom, 25833) && st_expand(schw_1731.schw, '300'::double precision)) AND (schw_1731.schw && st_expand(st_transform(s_1731.the_geom, 25833), '300'::double precision)) AND _st_dwithin(st_transform(s_1731.the_geom, 25833), schw_1731.schw, '300'::double precision))
                           ->  Function Scan on schw_1731  (cost=0.00..0.01 rows=1 width=32)
                           ->  Seq Scan on phoml_trajectory_tmp s_1731  (cost=0.00..95.68 rows=17 width=40)
                                 Filter: ((unix_time >= '1685451567.601'::double precision) AND (unix_time <= '1685451627.601'::double precision))
   ->  Subquery Scan on "*SELECT* 1733"  (cost=97.82..97.83 rows=1 width=76)
         ->  Limit  (cost=97.82..97.82 rows=1 width=84)
               ->  Sort  (cost=97.82..97.82 rows=1 width=84)
                     Sort Key: (st_distance(st_transform(s_1732.the_geom, 25833), schw_1732.schw))
                     ->  Nested Loop  (cost=0.00..97.81 rows=1 width=84)
                           Join Filter: ((st_transform(s_1732.the_geom, 25833) && st_expand(schw_1732.schw, '300'::double precision)) AND (schw_1732.schw && st_expand(st_transform(s_1732.the_geom, 25833), '300'::double precision)) AND _st_dwithin(st_transform(s_1732.the_geom, 25833), schw_1732.schw, '300'::double precision))
                           ->  Function Scan on schw_1732  (cost=0.00..0.01 rows=1 width=32)
                           ->  Seq Scan on phoml_trajectory_tmp s_1732  (cost=0.00..95.68 rows=17 width=40)
                                 Filter: ((unix_time >= '1685451568.031'::double precision) AND (unix_time <= '1685451628.031'::double precision))
   ->  Subquery Scan on "*SELECT* 1734"  (cost=97.82..97.83 rows=1 width=76)
         ->  Limit  (cost=97.82..97.82 rows=1 width=84)
               ->  Sort  (cost=97.82..97.82 rows=1 width=84)
                     Sort Key: (st_distance(st_transform(s_1733.the_geom, 25833), schw_1733.schw))
                     ->  Nested Loop  (cost=0.00..97.81 rows=1 width=84)
                           Join Filter: ((st_transform(s_1733.the_geom, 25833) && st_expand(schw_1733.schw, '300'::double precision)) AND (schw_1733.schw && st_expand(st_transform(s_1733.the_geom, 25833), '300'::double precision)) AND _st_dwithin(st_transform(s_1733.the_geom, 25833), schw_1733.schw, '300'::double precision))
                           ->  Function Scan on schw_1733  (cost=0.00..0.01 rows=1 width=32)
                           ->  Seq Scan on phoml_trajectory_tmp s_1733  (cost=0.00..95.68 rows=17 width=40)
                                 Filter: ((unix_time >= '1685451568.468'::double precision) AND (unix_time <= '1685451628.468'::double precision))
   ->  Subquery Scan on "*SELECT* 1735"  (cost=97.82..97.83 rows=1 width=76)
         ->  Limit  (cost=97.82..97.82 rows=1 width=84)
               ->  Sort  (cost=97.82..97.82 rows=1 width=84)
                     Sort Key: (st_distance(st_transform(s_1734.the_geom, 25833), schw_1734.schw))
                     ->  Nested Loop  (cost=0.00..97.81 rows=1 width=84)
                           Join Filter: ((st_transform(s_1734.the_geom, 25833) && st_expand(schw_1734.schw, '300'::double precision)) AND (schw_1734.schw && st_expand(st_transform(s_1734.the_geom, 25833), '300'::double precision)) AND _st_dwithin(st_transform(s_1734.the_geom, 25833), schw_1734.schw, '300'::double precision))
                           ->  Function Scan on schw_1734  (cost=0.00..0.01 rows=1 width=32)
                           ->  Seq Scan on phoml_trajectory_tmp s_1734  (cost=0.00..95.68 rows=17 width=40)
                                 Filter: ((unix_time >= '1685451568.918'::double precision) AND (unix_time <= '1685451628.918'::double precision))
   ->  Subquery Scan on "*SELECT* 1736"  (cost=97.82..97.83 rows=1 width=76)
         ->  Limit  (cost=97.82..97.82 rows=1 width=84)
               ->  Sort  (cost=97.82..97.82 rows=1 width=84)
                     Sort Key: (st_distance(st_transform(s_1735.the_geom, 25833), schw_1735.schw))
                     ->  Nested Loop  (cost=0.00..97.81 rows=1 width=84)
                           Join Filter: ((st_transform(s_1735.the_geom, 25833) && st_expand(schw_1735.schw, '300'::double precision)) AND (schw_1735.schw && st_expand(st_transform(s_1735.the_geom, 25833), '300'::double precision)) AND _st_dwithin(st_transform(s_1735.the_geom, 25833), schw_1735.schw, '300'::double precision))
                           ->  Function Scan on schw_1735  (cost=0.00..0.01 rows=1 width=32)
                           ->  Seq Scan on phoml_trajectory_tmp s_1735  (cost=0.00..95.68 rows=17 width=40)
                                 Filter: ((unix_time >= '1685451569.37'::double precision) AND (unix_time <= '1685451629.37'::double precision))
   ->  Subquery Scan on "*SELECT* 1737"  (cost=97.82..97.83 rows=1 width=76)
         ->  Limit  (cost=97.82..97.82 rows=1 width=84)
               ->  Sort  (cost=97.82..97.82 rows=1 width=84)
                     Sort Key: (st_distance(st_transform(s_1736.the_geom, 25833), schw_1736.schw))
                     ->  Nested Loop  (cost=0.00..97.81 rows=1 width=84)
                           Join Filter: ((st_transform(s_1736.the_geom, 25833) && st_expand(schw_1736.schw, '300'::double precision)) AND (schw_1736.schw && st_expand(st_transform(s_1736.the_geom, 25833), '300'::double precision)) AND _st_dwithin(st_transform(s_1736.the_geom, 25833), schw_1736.schw, '300'::double precision))
                           ->  Function Scan on schw_1736  (cost=0.00..0.01 rows=1 width=32)
                           ->  Seq Scan on phoml_trajectory_tmp s_1736  (cost=0.00..95.68 rows=17 width=40)
                                 Filter: ((unix_time >= '1685451569.83'::double precision) AND (unix_time <= '1685451629.83'::double precision))
   ->  Subquery Scan on "*SELECT* 1738"  (cost=97.82..97.83 rows=1 width=76)
         ->  Limit  (cost=97.82..97.82 rows=1 width=84)
               ->  Sort  (cost=97.82..97.82 rows=1 width=84)
                     Sort Key: (st_distance(st_transform(s_1737.the_geom, 25833), schw_1737.schw))
                     ->  Nested Loop  (cost=0.00..97.81 rows=1 width=84)
                           Join Filter: ((st_transform(s_1737.the_geom, 25833) && st_expand(schw_1737.schw, '300'::double precision)) AND (schw_1737.schw && st_expand(st_transform(s_1737.the_geom, 25833), '300'::double precision)) AND _st_dwithin(st_transform(s_1737.the_geom, 25833), schw_1737.schw, '300'::double precision))
                           ->  Function Scan on schw_1737  (cost=0.00..0.01 rows=1 width=32)
                           ->  Seq Scan on phoml_trajectory_tmp s_1737  (cost=0.00..95.68 rows=17 width=40)
                                 Filter: ((unix_time >= '1685451570.276'::double precision) AND (unix_time <= '1685451630.276'::double precision))
   ->  Subquery Scan on "*SELECT* 1739"  (cost=97.82..97.83 rows=1 width=76)
         ->  Limit  (cost=97.82..97.82 rows=1 width=84)
               ->  Sort  (cost=97.82..97.82 rows=1 width=84)
                     Sort Key: (st_distance(st_transform(s_1738.the_geom, 25833), schw_1738.schw))
                     ->  Nested Loop  (cost=0.00..97.81 rows=1 width=84)
                           Join Filter: ((st_transform(s_1738.the_geom, 25833) && st_expand(schw_1738.schw, '300'::double precision)) AND (schw_1738.schw && st_expand(st_transform(s_1738.the_geom, 25833), '300'::double precision)) AND _st_dwithin(st_transform(s_1738.the_geom, 25833), schw_1738.schw, '300'::double precision))
                           ->  Function Scan on schw_1738  (cost=0.00..0.01 rows=1 width=32)
                           ->  Seq Scan on phoml_trajectory_tmp s_1738  (cost=0.00..95.68 rows=17 width=40)
                                 Filter: ((unix_time >= '1685451570.736'::double precision) AND (unix_time <= '1685451630.736'::double precision))
   ->  Subquery Scan on "*SELECT* 1740"  (cost=97.82..97.83 rows=1 width=76)
         ->  Limit  (cost=97.82..97.82 rows=1 width=84)
               ->  Sort  (cost=97.82..97.82 rows=1 width=84)
                     Sort Key: (st_distance(st_transform(s_1739.the_geom, 25833), schw_1739.schw))
                     ->  Nested Loop  (cost=0.00..97.81 rows=1 width=84)
                           Join Filter: ((st_transform(s_1739.the_geom, 25833) && st_expand(schw_1739.schw, '300'::double precision)) AND (schw_1739.schw && st_expand(st_transform(s_1739.the_geom, 25833), '300'::double precision)) AND _st_dwithin(st_transform(s_1739.the_geom, 25833), schw_1739.schw, '300'::double precision))
                           ->  Function Scan on schw_1739  (cost=0.00..0.01 rows=1 width=32)
                           ->  Seq Scan on phoml_trajectory_tmp s_1739  (cost=0.00..95.68 rows=17 width=40)
                                 Filter: ((unix_time >= '1685451571.237'::double precision) AND (unix_time <= '1685451631.237'::double precision))
   ->  Subquery Scan on "*SELECT* 1741"  (cost=97.82..97.83 rows=1 width=76)
         ->  Limit  (cost=97.82..97.82 rows=1 width=84)
               ->  Sort  (cost=97.82..97.82 rows=1 width=84)
                     Sort Key: (st_distance(st_transform(s_1740.the_geom, 25833), schw_1740.schw))
                     ->  Nested Loop  (cost=0.00..97.81 rows=1 width=84)
                           Join Filter: ((st_transform(s_1740.the_geom, 25833) && st_expand(schw_1740.schw, '300'::double precision)) AND (schw_1740.schw && st_expand(st_transform(s_1740.the_geom, 25833), '300'::double precision)) AND _st_dwithin(st_transform(s_1740.the_geom, 25833), schw_1740.schw, '300'::double precision))
                           ->  Function Scan on schw_1740  (cost=0.00..0.01 rows=1 width=32)
                           ->  Seq Scan on phoml_trajectory_tmp s_1740  (cost=0.00..95.68 rows=17 width=40)
                                 Filter: ((unix_time >= '1685451571.717'::double precision) AND (unix_time <= '1685451631.717'::double precision))
   ->  Subquery Scan on "*SELECT* 1742"  (cost=97.82..97.83 rows=1 width=76)
         ->  Limit  (cost=97.82..97.82 rows=1 width=84)
               ->  Sort  (cost=97.82..97.82 rows=1 width=84)
                     Sort Key: (st_distance(st_transform(s_1741.the_geom, 25833), schw_1741.schw))
                     ->  Nested Loop  (cost=0.00..97.81 rows=1 width=84)
                           Join Filter: ((st_transform(s_1741.the_geom, 25833) && st_expand(schw_1741.schw, '300'::double precision)) AND (schw_1741.schw && st_expand(st_transform(s_1741.the_geom, 25833), '300'::double precision)) AND _st_dwithin(st_transform(s_1741.the_geom, 25833), schw_1741.schw, '300'::double precision))
                           ->  Function Scan on schw_1741  (cost=0.00..0.01 rows=1 width=32)
                           ->  Seq Scan on phoml_trajectory_tmp s_1741  (cost=0.00..95.68 rows=17 width=40)
                                 Filter: ((unix_time >= '1685451572.149'::double precision) AND (unix_time <= '1685451632.149'::double precision))
   ->  Subquery Scan on "*SELECT* 1743"  (cost=97.82..97.83 rows=1 width=76)
         ->  Limit  (cost=97.82..97.82 rows=1 width=84)
               ->  Sort  (cost=97.82..97.82 rows=1 width=84)
                     Sort Key: (st_distance(st_transform(s_1742.the_geom, 25833), schw_1742.schw))
                     ->  Nested Loop  (cost=0.00..97.81 rows=1 width=84)
                           Join Filter: ((st_transform(s_1742.the_geom, 25833) && st_expand(schw_1742.schw, '300'::double precision)) AND (schw_1742.schw && st_expand(st_transform(s_1742.the_geom, 25833), '300'::double precision)) AND _st_dwithin(st_transform(s_1742.the_geom, 25833), schw_1742.schw, '300'::double precision))
                           ->  Function Scan on schw_1742  (cost=0.00..0.01 rows=1 width=32)
                           ->  Seq Scan on phoml_trajectory_tmp s_1742  (cost=0.00..95.68 rows=17 width=40)
                                 Filter: ((unix_time >= '1685451572.639'::double precision) AND (unix_time <= '1685451632.639'::double precision))
   ->  Subquery Scan on "*SELECT* 1744"  (cost=97.82..97.83 rows=1 width=76)
         ->  Limit  (cost=97.82..97.82 rows=1 width=84)
               ->  Sort  (cost=97.82..97.82 rows=1 width=84)
                     Sort Key: (st_distance(st_transform(s_1743.the_geom, 25833), schw_1743.schw))
                     ->  Nested Loop  (cost=0.00..97.81 rows=1 width=84)
                           Join Filter: ((st_transform(s_1743.the_geom, 25833) && st_expand(schw_1743.schw, '300'::double precision)) AND (schw_1743.schw && st_expand(st_transform(s_1743.the_geom, 25833), '300'::double precision)) AND _st_dwithin(st_transform(s_1743.the_geom, 25833), schw_1743.schw, '300'::double precision))
                           ->  Function Scan on schw_1743  (cost=0.00..0.01 rows=1 width=32)
                           ->  Seq Scan on phoml_trajectory_tmp s_1743  (cost=0.00..95.68 rows=17 width=40)
                                 Filter: ((unix_time >= '1685451573.143'::double precision) AND (unix_time <= '1685451633.143'::double precision))
   ->  Subquery Scan on "*SELECT* 1745"  (cost=97.82..97.83 rows=1 width=76)
         ->  Limit  (cost=97.82..97.82 rows=1 width=84)
               ->  Sort  (cost=97.82..97.82 rows=1 width=84)
                     Sort Key: (st_distance(st_transform(s_1744.the_geom, 25833), schw_1744.schw))
                     ->  Nested Loop  (cost=0.00..97.81 rows=1 width=84)
                           Join Filter: ((st_transform(s_1744.the_geom, 25833) && st_expand(schw_1744.schw, '300'::double precision)) AND (schw_1744.schw && st_expand(st_transform(s_1744.the_geom, 25833), '300'::double precision)) AND _st_dwithin(st_transform(s_1744.the_geom, 25833), schw_1744.schw, '300'::double precision))
                           ->  Function Scan on schw_1744  (cost=0.00..0.01 rows=1 width=32)
                           ->  Seq Scan on phoml_trajectory_tmp s_1744  (cost=0.00..95.68 rows=17 width=40)
                                 Filter: ((unix_time >= '1685451573.623'::double precision) AND (unix_time <= '1685451633.623'::double precision))
   ->  Subquery Scan on "*SELECT* 1746"  (cost=97.82..97.83 rows=1 width=76)
         ->  Limit  (cost=97.82..97.82 rows=1 width=84)
               ->  Sort  (cost=97.82..97.82 rows=1 width=84)
                     Sort Key: (st_distance(st_transform(s_1745.the_geom, 25833), schw_1745.schw))
                     ->  Nested Loop  (cost=0.00..97.81 rows=1 width=84)
                           Join Filter: ((st_transform(s_1745.the_geom, 25833) && st_expand(schw_1745.schw, '300'::double precision)) AND (schw_1745.schw && st_expand(st_transform(s_1745.the_geom, 25833), '300'::double precision)) AND _st_dwithin(st_transform(s_1745.the_geom, 25833), schw_1745.schw, '300'::double precision))
                           ->  Function Scan on schw_1745  (cost=0.00..0.01 rows=1 width=32)
                           ->  Seq Scan on phoml_trajectory_tmp s_1745  (cost=0.00..95.68 rows=17 width=40)
                                 Filter: ((unix_time >= '1685451574.103'::double precision) AND (unix_time <= '1685451634.103'::double precision))
   ->  Subquery Scan on "*SELECT* 1747"  (cost=97.82..97.83 rows=1 width=76)
         ->  Limit  (cost=97.82..97.82 rows=1 width=84)
               ->  Sort  (cost=97.82..97.82 rows=1 width=84)
                     Sort Key: (st_distance(st_transform(s_1746.the_geom, 25833), schw_1746.schw))
                     ->  Nested Loop  (cost=0.00..97.81 rows=1 width=84)
                           Join Filter: ((st_transform(s_1746.the_geom, 25833) && st_expand(schw_1746.schw, '300'::double precision)) AND (schw_1746.schw && st_expand(st_transform(s_1746.the_geom, 25833), '300'::double precision)) AND _st_dwithin(st_transform(s_1746.the_geom, 25833), schw_1746.schw, '300'::double precision))
                           ->  Function Scan on schw_1746  (cost=0.00..0.01 rows=1 width=32)
                           ->  Seq Scan on phoml_trajectory_tmp s_1746  (cost=0.00..95.68 rows=17 width=40)
                                 Filter: ((unix_time >= '1685451574.572'::double precision) AND (unix_time <= '1685451634.572'::double precision))
   ->  Subquery Scan on "*SELECT* 1748"  (cost=97.82..97.83 rows=1 width=76)
         ->  Limit  (cost=97.82..97.82 rows=1 width=84)
               ->  Sort  (cost=97.82..97.82 rows=1 width=84)
                     Sort Key: (st_distance(st_transform(s_1747.the_geom, 25833), schw_1747.schw))
                     ->  Nested Loop  (cost=0.00..97.81 rows=1 width=84)
                           Join Filter: ((st_transform(s_1747.the_geom, 25833) && st_expand(schw_1747.schw, '300'::double precision)) AND (schw_1747.schw && st_expand(st_transform(s_1747.the_geom, 25833), '300'::double precision)) AND _st_dwithin(st_transform(s_1747.the_geom, 25833), schw_1747.schw, '300'::double precision))
                           ->  Function Scan on schw_1747  (cost=0.00..0.01 rows=1 width=32)
                           ->  Seq Scan on phoml_trajectory_tmp s_1747  (cost=0.00..95.68 rows=17 width=40)
                                 Filter: ((unix_time >= '1685451575.042'::double precision) AND (unix_time <= '1685451635.042'::double precision))
   ->  Subquery Scan on "*SELECT* 1749"  (cost=97.82..97.83 rows=1 width=76)
         ->  Limit  (cost=97.82..97.82 rows=1 width=84)
               ->  Sort  (cost=97.82..97.82 rows=1 width=84)
                     Sort Key: (st_distance(st_transform(s_1748.the_geom, 25833), schw_1748.schw))
                     ->  Nested Loop  (cost=0.00..97.81 rows=1 width=84)
                           Join Filter: ((st_transform(s_1748.the_geom, 25833) && st_expand(schw_1748.schw, '300'::double precision)) AND (schw_1748.schw && st_expand(st_transform(s_1748.the_geom, 25833), '300'::double precision)) AND _st_dwithin(st_transform(s_1748.the_geom, 25833), schw_1748.schw, '300'::double precision))
                           ->  Function Scan on schw_1748  (cost=0.00..0.01 rows=1 width=32)
                           ->  Seq Scan on phoml_trajectory_tmp s_1748  (cost=0.00..95.68 rows=17 width=40)
                                 Filter: ((unix_time >= '1685451575.502'::double precision) AND (unix_time <= '1685451635.502'::double precision))
   ->  Subquery Scan on "*SELECT* 1750"  (cost=97.82..97.83 rows=1 width=76)
         ->  Limit  (cost=97.82..97.82 rows=1 width=84)
               ->  Sort  (cost=97.82..97.82 rows=1 width=84)
                     Sort Key: (st_distance(st_transform(s_1749.the_geom, 25833), schw_1749.schw))
                     ->  Nested Loop  (cost=0.00..97.81 rows=1 width=84)
                           Join Filter: ((st_transform(s_1749.the_geom, 25833) && st_expand(schw_1749.schw, '300'::double precision)) AND (schw_1749.schw && st_expand(st_transform(s_1749.the_geom, 25833), '300'::double precision)) AND _st_dwithin(st_transform(s_1749.the_geom, 25833), schw_1749.schw, '300'::double precision))
                           ->  Function Scan on schw_1749  (cost=0.00..0.01 rows=1 width=32)
                           ->  Seq Scan on phoml_trajectory_tmp s_1749  (cost=0.00..95.68 rows=17 width=40)
                                 Filter: ((unix_time >= '1685451575.942'::double precision) AND (unix_time <= '1685451635.942'::double precision))
   ->  Subquery Scan on "*SELECT* 1751"  (cost=97.82..97.83 rows=1 width=76)
         ->  Limit  (cost=97.82..97.82 rows=1 width=84)
               ->  Sort  (cost=97.82..97.82 rows=1 width=84)
                     Sort Key: (st_distance(st_transform(s_1750.the_geom, 25833), schw_1750.schw))
                     ->  Nested Loop  (cost=0.00..97.81 rows=1 width=84)
                           Join Filter: ((st_transform(s_1750.the_geom, 25833) && st_expand(schw_1750.schw, '300'::double precision)) AND (schw_1750.schw && st_expand(st_transform(s_1750.the_geom, 25833), '300'::double precision)) AND _st_dwithin(st_transform(s_1750.the_geom, 25833), schw_1750.schw, '300'::double precision))
                           ->  Function Scan on schw_1750  (cost=0.00..0.01 rows=1 width=32)
                           ->  Seq Scan on phoml_trajectory_tmp s_1750  (cost=0.00..95.68 rows=17 width=40)
                                 Filter: ((unix_time >= '1685451576.385'::double precision) AND (unix_time <= '1685451636.385'::double precision))
   ->  Subquery Scan on "*SELECT* 1752"  (cost=97.82..97.83 rows=1 width=76)
         ->  Limit  (cost=97.82..97.82 rows=1 width=84)
               ->  Sort  (cost=97.82..97.82 rows=1 width=84)
                     Sort Key: (st_distance(st_transform(s_1751.the_geom, 25833), schw_1751.schw))
                     ->  Nested Loop  (cost=0.00..97.81 rows=1 width=84)
                           Join Filter: ((st_transform(s_1751.the_geom, 25833) && st_expand(schw_1751.schw, '300'::double precision)) AND (schw_1751.schw && st_expand(st_transform(s_1751.the_geom, 25833), '300'::double precision)) AND _st_dwithin(st_transform(s_1751.the_geom, 25833), schw_1751.schw, '300'::double precision))
                           ->  Function Scan on schw_1751  (cost=0.00..0.01 rows=1 width=32)
                           ->  Seq Scan on phoml_trajectory_tmp s_1751  (cost=0.00..95.68 rows=17 width=40)
                                 Filter: ((unix_time >= '1685451576.805'::double precision) AND (unix_time <= '1685451636.805'::double precision))
   ->  Subquery Scan on "*SELECT* 1753"  (cost=97.82..97.83 rows=1 width=76)
         ->  Limit  (cost=97.82..97.82 rows=1 width=84)
               ->  Sort  (cost=97.82..97.82 rows=1 width=84)
                     Sort Key: (st_distance(st_transform(s_1752.the_geom, 25833), schw_1752.schw))
                     ->  Nested Loop  (cost=0.00..97.81 rows=1 width=84)
                           Join Filter: ((st_transform(s_1752.the_geom, 25833) && st_expand(schw_1752.schw, '300'::double precision)) AND (schw_1752.schw && st_expand(st_transform(s_1752.the_geom, 25833), '300'::double precision)) AND _st_dwithin(st_transform(s_1752.the_geom, 25833), schw_1752.schw, '300'::double precision))
                           ->  Function Scan on schw_1752  (cost=0.00..0.01 rows=1 width=32)
                           ->  Seq Scan on phoml_trajectory_tmp s_1752  (cost=0.00..95.68 rows=17 width=40)
                                 Filter: ((unix_time >= '1685451577.218'::double precision) AND (unix_time <= '1685451637.218'::double precision))
   ->  Subquery Scan on "*SELECT* 1754"  (cost=97.82..97.83 rows=1 width=76)
         ->  Limit  (cost=97.82..97.82 rows=1 width=84)
               ->  Sort  (cost=97.82..97.82 rows=1 width=84)
                     Sort Key: (st_distance(st_transform(s_1753.the_geom, 25833), schw_1753.schw))
                     ->  Nested Loop  (cost=0.00..97.81 rows=1 width=84)
                           Join Filter: ((st_transform(s_1753.the_geom, 25833) && st_expand(schw_1753.schw, '300'::double precision)) AND (schw_1753.schw && st_expand(st_transform(s_1753.the_geom, 25833), '300'::double precision)) AND _st_dwithin(st_transform(s_1753.the_geom, 25833), schw_1753.schw, '300'::double precision))
                           ->  Function Scan on schw_1753  (cost=0.00..0.01 rows=1 width=32)
                           ->  Seq Scan on phoml_trajectory_tmp s_1753  (cost=0.00..95.68 rows=17 width=40)
                                 Filter: ((unix_time >= '1685451577.648'::double precision) AND (unix_time <= '1685451637.648'::double precision))
   ->  Subquery Scan on "*SELECT* 1755"  (cost=97.82..97.83 rows=1 width=76)
         ->  Limit  (cost=97.82..97.82 rows=1 width=84)
               ->  Sort  (cost=97.82..97.82 rows=1 width=84)
                     Sort Key: (st_distance(st_transform(s_1754.the_geom, 25833), schw_1754.schw))
                     ->  Nested Loop  (cost=0.00..97.81 rows=1 width=84)
                           Join Filter: ((st_transform(s_1754.the_geom, 25833) && st_expand(schw_1754.schw, '300'::double precision)) AND (schw_1754.schw && st_expand(st_transform(s_1754.the_geom, 25833), '300'::double precision)) AND _st_dwithin(st_transform(s_1754.the_geom, 25833), schw_1754.schw, '300'::double precision))
                           ->  Function Scan on schw_1754  (cost=0.00..0.01 rows=1 width=32)
                           ->  Seq Scan on phoml_trajectory_tmp s_1754  (cost=0.00..95.68 rows=17 width=40)
                                 Filter: ((unix_time >= '1685451578.058'::double precision) AND (unix_time <= '1685451638.058'::double precision))
   ->  Subquery Scan on "*SELECT* 1756"  (cost=97.82..97.83 rows=1 width=76)
         ->  Limit  (cost=97.82..97.82 rows=1 width=84)
               ->  Sort  (cost=97.82..97.82 rows=1 width=84)
                     Sort Key: (st_distance(st_transform(s_1755.the_geom, 25833), schw_1755.schw))
                     ->  Nested Loop  (cost=0.00..97.81 rows=1 width=84)
                           Join Filter: ((st_transform(s_1755.the_geom, 25833) && st_expand(schw_1755.schw, '300'::double precision)) AND (schw_1755.schw && st_expand(st_transform(s_1755.the_geom, 25833), '300'::double precision)) AND _st_dwithin(st_transform(s_1755.the_geom, 25833), schw_1755.schw, '300'::double precision))
                           ->  Function Scan on schw_1755  (cost=0.00..0.01 rows=1 width=32)
                           ->  Seq Scan on phoml_trajectory_tmp s_1755  (cost=0.00..95.68 rows=17 width=40)
                                 Filter: ((unix_time >= '1685451578.465'::double precision) AND (unix_time <= '1685451638.465'::double precision))
   ->  Subquery Scan on "*SELECT* 1757"  (cost=97.82..97.83 rows=1 width=76)
         ->  Limit  (cost=97.82..97.82 rows=1 width=84)
               ->  Sort  (cost=97.82..97.82 rows=1 width=84)
                     Sort Key: (st_distance(st_transform(s_1756.the_geom, 25833), schw_1756.schw))
                     ->  Nested Loop  (cost=0.00..97.81 rows=1 width=84)
                           Join Filter: ((st_transform(s_1756.the_geom, 25833) && st_expand(schw_1756.schw, '300'::double precision)) AND (schw_1756.schw && st_expand(st_transform(s_1756.the_geom, 25833), '300'::double precision)) AND _st_dwithin(st_transform(s_1756.the_geom, 25833), schw_1756.schw, '300'::double precision))
                           ->  Function Scan on schw_1756  (cost=0.00..0.01 rows=1 width=32)
                           ->  Seq Scan on phoml_trajectory_tmp s_1756  (cost=0.00..95.68 rows=17 width=40)
                                 Filter: ((unix_time >= '1685451578.885'::double precision) AND (unix_time <= '1685451638.885'::double precision))
   ->  Subquery Scan on "*SELECT* 1758"  (cost=97.82..97.83 rows=1 width=76)
         ->  Limit  (cost=97.82..97.82 rows=1 width=84)
               ->  Sort  (cost=97.82..97.82 rows=1 width=84)
                     Sort Key: (st_distance(st_transform(s_1757.the_geom, 25833), schw_1757.schw))
                     ->  Nested Loop  (cost=0.00..97.81 rows=1 width=84)
                           Join Filter: ((st_transform(s_1757.the_geom, 25833) && st_expand(schw_1757.schw, '300'::double precision)) AND (schw_1757.schw && st_expand(st_transform(s_1757.the_geom, 25833), '300'::double precision)) AND _st_dwithin(st_transform(s_1757.the_geom, 25833), schw_1757.schw, '300'::double precision))
                           ->  Function Scan on schw_1757  (cost=0.00..0.01 rows=1 width=32)
                           ->  Seq Scan on phoml_trajectory_tmp s_1757  (cost=0.00..95.68 rows=17 width=40)
                                 Filter: ((unix_time >= '1685451579.301'::double precision) AND (unix_time <= '1685451639.301'::double precision))
   ->  Subquery Scan on "*SELECT* 1759"  (cost=97.82..97.83 rows=1 width=76)
         ->  Limit  (cost=97.82..97.82 rows=1 width=84)
               ->  Sort  (cost=97.82..97.82 rows=1 width=84)
                     Sort Key: (st_distance(st_transform(s_1758.the_geom, 25833), schw_1758.schw))
                     ->  Nested Loop  (cost=0.00..97.81 rows=1 width=84)
                           Join Filter: ((st_transform(s_1758.the_geom, 25833) && st_expand(schw_1758.schw, '300'::double precision)) AND (schw_1758.schw && st_expand(st_transform(s_1758.the_geom, 25833), '300'::double precision)) AND _st_dwithin(st_transform(s_1758.the_geom, 25833), schw_1758.schw, '300'::double precision))
                           ->  Function Scan on schw_1758  (cost=0.00..0.01 rows=1 width=32)
                           ->  Seq Scan on phoml_trajectory_tmp s_1758  (cost=0.00..95.68 rows=17 width=40)
                                 Filter: ((unix_time >= '1685451579.711'::double precision) AND (unix_time <= '1685451639.711'::double precision))
   ->  Subquery Scan on "*SELECT* 1760"  (cost=97.82..97.83 rows=1 width=76)
         ->  Limit  (cost=97.82..97.82 rows=1 width=84)
               ->  Sort  (cost=97.82..97.82 rows=1 width=84)
                     Sort Key: (st_distance(st_transform(s_1759.the_geom, 25833), schw_1759.schw))
                     ->  Nested Loop  (cost=0.00..97.81 rows=1 width=84)
                           Join Filter: ((st_transform(s_1759.the_geom, 25833) && st_expand(schw_1759.schw, '300'::double precision)) AND (schw_1759.schw && st_expand(st_transform(s_1759.the_geom, 25833), '300'::double precision)) AND _st_dwithin(st_transform(s_1759.the_geom, 25833), schw_1759.schw, '300'::double precision))
                           ->  Function Scan on schw_1759  (cost=0.00..0.01 rows=1 width=32)
                           ->  Seq Scan on phoml_trajectory_tmp s_1759  (cost=0.00..95.68 rows=17 width=40)
                                 Filter: ((unix_time >= '1685451580.147'::double precision) AND (unix_time <= '1685451640.147'::double precision))
   ->  Subquery Scan on "*SELECT* 1761"  (cost=97.82..97.83 rows=1 width=76)
         ->  Limit  (cost=97.82..97.82 rows=1 width=84)
               ->  Sort  (cost=97.82..97.82 rows=1 width=84)
                     Sort Key: (st_distance(st_transform(s_1760.the_geom, 25833), schw_1760.schw))
                     ->  Nested Loop  (cost=0.00..97.81 rows=1 width=84)
                           Join Filter: ((st_transform(s_1760.the_geom, 25833) && st_expand(schw_1760.schw, '300'::double precision)) AND (schw_1760.schw && st_expand(st_transform(s_1760.the_geom, 25833), '300'::double precision)) AND _st_dwithin(st_transform(s_1760.the_geom, 25833), schw_1760.schw, '300'::double precision))
                           ->  Function Scan on schw_1760  (cost=0.00..0.01 rows=1 width=32)
                           ->  Seq Scan on phoml_trajectory_tmp s_1760  (cost=0.00..95.68 rows=17 width=40)
                                 Filter: ((unix_time >= '1685451580.567'::double precision) AND (unix_time <= '1685451640.567'::double precision))
   ->  Subquery Scan on "*SELECT* 1762"  (cost=97.82..97.83 rows=1 width=76)
         ->  Limit  (cost=97.82..97.82 rows=1 width=84)
               ->  Sort  (cost=97.82..97.82 rows=1 width=84)
                     Sort Key: (st_distance(st_transform(s_1761.the_geom, 25833), schw_1761.schw))
                     ->  Nested Loop  (cost=0.00..97.81 rows=1 width=84)
                           Join Filter: ((st_transform(s_1761.the_geom, 25833) && st_expand(schw_1761.schw, '300'::double precision)) AND (schw_1761.schw && st_expand(st_transform(s_1761.the_geom, 25833), '300'::double precision)) AND _st_dwithin(st_transform(s_1761.the_geom, 25833), schw_1761.schw, '300'::double precision))
                           ->  Function Scan on schw_1761  (cost=0.00..0.01 rows=1 width=32)
                           ->  Seq Scan on phoml_trajectory_tmp s_1761  (cost=0.00..95.68 rows=17 width=40)
                                 Filter: ((unix_time >= '1685451581.017'::double precision) AND (unix_time <= '1685451641.017'::double precision))
   ->  Subquery Scan on "*SELECT* 1763"  (cost=97.82..97.83 rows=1 width=76)
         ->  Limit  (cost=97.82..97.82 rows=1 width=84)
               ->  Sort  (cost=97.82..97.82 rows=1 width=84)
                     Sort Key: (st_distance(st_transform(s_1762.the_geom, 25833), schw_1762.schw))
                     ->  Nested Loop  (cost=0.00..97.81 rows=1 width=84)
                           Join Filter: ((st_transform(s_1762.the_geom, 25833) && st_expand(schw_1762.schw, '300'::double precision)) AND (schw_1762.schw && st_expand(st_transform(s_1762.the_geom, 25833), '300'::double precision)) AND _st_dwithin(st_transform(s_1762.the_geom, 25833), schw_1762.schw, '300'::double precision))
                           ->  Function Scan on schw_1762  (cost=0.00..0.01 rows=1 width=32)
                           ->  Seq Scan on phoml_trajectory_tmp s_1762  (cost=0.00..95.68 rows=17 width=40)
                                 Filter: ((unix_time >= '1685451581.488'::double precision) AND (unix_time <= '1685451641.488'::double precision))
   ->  Subquery Scan on "*SELECT* 1764"  (cost=97.82..97.83 rows=1 width=76)
         ->  Limit  (cost=97.82..97.82 rows=1 width=84)
               ->  Sort  (cost=97.82..97.82 rows=1 width=84)
                     Sort Key: (st_distance(st_transform(s_1763.the_geom, 25833), schw_1763.schw))
                     ->  Nested Loop  (cost=0.00..97.81 rows=1 width=84)
                           Join Filter: ((st_transform(s_1763.the_geom, 25833) && st_expand(schw_1763.schw, '300'::double precision)) AND (schw_1763.schw && st_expand(st_transform(s_1763.the_geom, 25833), '300'::double precision)) AND _st_dwithin(st_transform(s_1763.the_geom, 25833), schw_1763.schw, '300'::double precision))
                           ->  Function Scan on schw_1763  (cost=0.00..0.01 rows=1 width=32)
                           ->  Seq Scan on phoml_trajectory_tmp s_1763  (cost=0.00..95.68 rows=17 width=40)
                                 Filter: ((unix_time >= '1685451581.958'::double precision) AND (unix_time <= '1685451641.958'::double precision))
   ->  Subquery Scan on "*SELECT* 1765"  (cost=97.82..97.83 rows=1 width=76)
         ->  Limit  (cost=97.82..97.82 rows=1 width=84)
               ->  Sort  (cost=97.82..97.82 rows=1 width=84)
                     Sort Key: (st_distance(st_transform(s_1764.the_geom, 25833), schw_1764.schw))
                     ->  Nested Loop  (cost=0.00..97.81 rows=1 width=84)
                           Join Filter: ((st_transform(s_1764.the_geom, 25833) && st_expand(schw_1764.schw, '300'::double precision)) AND (schw_1764.schw && st_expand(st_transform(s_1764.the_geom, 25833), '300'::double precision)) AND _st_dwithin(st_transform(s_1764.the_geom, 25833), schw_1764.schw, '300'::double precision))
                           ->  Function Scan on schw_1764  (cost=0.00..0.01 rows=1 width=32)
                           ->  Seq Scan on phoml_trajectory_tmp s_1764  (cost=0.00..95.68 rows=17 width=40)
                                 Filter: ((unix_time >= '1685451582.446'::double precision) AND (unix_time <= '1685451642.446'::double precision))
   ->  Subquery Scan on "*SELECT* 1766"  (cost=97.82..97.83 rows=1 width=76)
         ->  Limit  (cost=97.82..97.82 rows=1 width=84)
               ->  Sort  (cost=97.82..97.82 rows=1 width=84)
                     Sort Key: (st_distance(st_transform(s_1765.the_geom, 25833), schw_1765.schw))
                     ->  Nested Loop  (cost=0.00..97.81 rows=1 width=84)
                           Join Filter: ((st_transform(s_1765.the_geom, 25833) && st_expand(schw_1765.schw, '300'::double precision)) AND (schw_1765.schw && st_expand(st_transform(s_1765.the_geom, 25833), '300'::double precision)) AND _st_dwithin(st_transform(s_1765.the_geom, 25833), schw_1765.schw, '300'::double precision))
                           ->  Function Scan on schw_1765  (cost=0.00..0.01 rows=1 width=32)
                           ->  Seq Scan on phoml_trajectory_tmp s_1765  (cost=0.00..95.68 rows=17 width=40)
                                 Filter: ((unix_time >= '1685451582.946'::double precision) AND (unix_time <= '1685451642.946'::double precision))
   ->  Subquery Scan on "*SELECT* 1767"  (cost=97.82..97.83 rows=1 width=76)
         ->  Limit  (cost=97.82..97.82 rows=1 width=84)
               ->  Sort  (cost=97.82..97.82 rows=1 width=84)
                     Sort Key: (st_distance(st_transform(s_1766.the_geom, 25833), schw_1766.schw))
                     ->  Nested Loop  (cost=0.00..97.81 rows=1 width=84)
                           Join Filter: ((st_transform(s_1766.the_geom, 25833) && st_expand(schw_1766.schw, '300'::double precision)) AND (schw_1766.schw && st_expand(st_transform(s_1766.the_geom, 25833), '300'::double precision)) AND _st_dwithin(st_transform(s_1766.the_geom, 25833), schw_1766.schw, '300'::double precision))
                           ->  Function Scan on schw_1766  (cost=0.00..0.01 rows=1 width=32)
                           ->  Seq Scan on phoml_trajectory_tmp s_1766  (cost=0.00..95.68 rows=17 width=40)
                                 Filter: ((unix_time >= '1685451583.459'::double precision) AND (unix_time <= '1685451643.459'::double precision))
   ->  Subquery Scan on "*SELECT* 1768"  (cost=97.82..97.83 rows=1 width=76)
         ->  Limit  (cost=97.82..97.82 rows=1 width=84)
               ->  Sort  (cost=97.82..97.82 rows=1 width=84)
                     Sort Key: (st_distance(st_transform(s_1767.the_geom, 25833), schw_1767.schw))
                     ->  Nested Loop  (cost=0.00..97.81 rows=1 width=84)
                           Join Filter: ((st_transform(s_1767.the_geom, 25833) && st_expand(schw_1767.schw, '300'::double precision)) AND (schw_1767.schw && st_expand(st_transform(s_1767.the_geom, 25833), '300'::double precision)) AND _st_dwithin(st_transform(s_1767.the_geom, 25833), schw_1767.schw, '300'::double precision))
                           ->  Function Scan on schw_1767  (cost=0.00..0.01 rows=1 width=32)
                           ->  Seq Scan on phoml_trajectory_tmp s_1767  (cost=0.00..95.68 rows=17 width=40)
                                 Filter: ((unix_time >= '1685451583.959'::double precision) AND (unix_time <= '1685451643.959'::double precision))
   ->  Subquery Scan on "*SELECT* 1769"  (cost=97.82..97.83 rows=1 width=76)
         ->  Limit  (cost=97.82..97.82 rows=1 width=84)
               ->  Sort  (cost=97.82..97.82 rows=1 width=84)
                     Sort Key: (st_distance(st_transform(s_1768.the_geom, 25833), schw_1768.schw))
                     ->  Nested Loop  (cost=0.00..97.81 rows=1 width=84)
                           Join Filter: ((st_transform(s_1768.the_geom, 25833) && st_expand(schw_1768.schw, '300'::double precision)) AND (schw_1768.schw && st_expand(st_transform(s_1768.the_geom, 25833), '300'::double precision)) AND _st_dwithin(st_transform(s_1768.the_geom, 25833), schw_1768.schw, '300'::double precision))
                           ->  Function Scan on schw_1768  (cost=0.00..0.01 rows=1 width=32)
                           ->  Seq Scan on phoml_trajectory_tmp s_1768  (cost=0.00..95.68 rows=17 width=40)
                                 Filter: ((unix_time >= '1685451584.462'::double precision) AND (unix_time <= '1685451644.462'::double precision))
   ->  Subquery Scan on "*SELECT* 1770"  (cost=97.82..97.83 rows=1 width=76)
         ->  Limit  (cost=97.82..97.82 rows=1 width=84)
               ->  Sort  (cost=97.82..97.82 rows=1 width=84)
                     Sort Key: (st_distance(st_transform(s_1769.the_geom, 25833), schw_1769.schw))
                     ->  Nested Loop  (cost=0.00..97.81 rows=1 width=84)
                           Join Filter: ((st_transform(s_1769.the_geom, 25833) && st_expand(schw_1769.schw, '300'::double precision)) AND (schw_1769.schw && st_expand(st_transform(s_1769.the_geom, 25833), '300'::double precision)) AND _st_dwithin(st_transform(s_1769.the_geom, 25833), schw_1769.schw, '300'::double precision))
                           ->  Function Scan on schw_1769  (cost=0.00..0.01 rows=1 width=32)
                           ->  Seq Scan on phoml_trajectory_tmp s_1769  (cost=0.00..95.68 rows=17 width=40)
                                 Filter: ((unix_time >= '1685451584.942'::double precision) AND (unix_time <= '1685451644.942'::double precision))
   ->  Subquery Scan on "*SELECT* 1771"  (cost=97.82..97.83 rows=1 width=76)
         ->  Limit  (cost=97.82..97.82 rows=1 width=84)
               ->  Sort  (cost=97.82..97.82 rows=1 width=84)
                     Sort Key: (st_distance(st_transform(s_1770.the_geom, 25833), schw_1770.schw))
                     ->  Nested Loop  (cost=0.00..97.81 rows=1 width=84)
                           Join Filter: ((st_transform(s_1770.the_geom, 25833) && st_expand(schw_1770.schw, '300'::double precision)) AND (schw_1770.schw && st_expand(st_transform(s_1770.the_geom, 25833), '300'::double precision)) AND _st_dwithin(st_transform(s_1770.the_geom, 25833), schw_1770.schw, '300'::double precision))
                           ->  Function Scan on schw_1770  (cost=0.00..0.01 rows=1 width=32)
                           ->  Seq Scan on phoml_trajectory_tmp s_1770  (cost=0.00..95.68 rows=17 width=40)
                                 Filter: ((unix_time >= '1685451585.419'::double precision) AND (unix_time <= '1685451645.419'::double precision))
   ->  Subquery Scan on "*SELECT* 1772"  (cost=97.82..97.83 rows=1 width=76)
         ->  Limit  (cost=97.82..97.82 rows=1 width=84)
               ->  Sort  (cost=97.82..97.82 rows=1 width=84)
                     Sort Key: (st_distance(st_transform(s_1771.the_geom, 25833), schw_1771.schw))
                     ->  Nested Loop  (cost=0.00..97.81 rows=1 width=84)
                           Join Filter: ((st_transform(s_1771.the_geom, 25833) && st_expand(schw_1771.schw, '300'::double precision)) AND (schw_1771.schw && st_expand(st_transform(s_1771.the_geom, 25833), '300'::double precision)) AND _st_dwithin(st_transform(s_1771.the_geom, 25833), schw_1771.schw, '300'::double precision))
                           ->  Function Scan on schw_1771  (cost=0.00..0.01 rows=1 width=32)
                           ->  Seq Scan on phoml_trajectory_tmp s_1771  (cost=0.00..95.68 rows=17 width=40)
                                 Filter: ((unix_time >= '1685451585.869'::double precision) AND (unix_time <= '1685451645.869'::double precision))
   ->  Subquery Scan on "*SELECT* 1773"  (cost=97.82..97.83 rows=1 width=76)
         ->  Limit  (cost=97.82..97.82 rows=1 width=84)
               ->  Sort  (cost=97.82..97.82 rows=1 width=84)
                     Sort Key: (st_distance(st_transform(s_1772.the_geom, 25833), schw_1772.schw))
                     ->  Nested Loop  (cost=0.00..97.81 rows=1 width=84)
                           Join Filter: ((st_transform(s_1772.the_geom, 25833) && st_expand(schw_1772.schw, '300'::double precision)) AND (schw_1772.schw && st_expand(st_transform(s_1772.the_geom, 25833), '300'::double precision)) AND _st_dwithin(st_transform(s_1772.the_geom, 25833), schw_1772.schw, '300'::double precision))
                           ->  Function Scan on schw_1772  (cost=0.00..0.01 rows=1 width=32)
                           ->  Seq Scan on phoml_trajectory_tmp s_1772  (cost=0.00..95.68 rows=17 width=40)
                                 Filter: ((unix_time >= '1685451586.321'::double precision) AND (unix_time <= '1685451646.321'::double precision))
   ->  Subquery Scan on "*SELECT* 1774"  (cost=97.82..97.83 rows=1 width=76)
         ->  Limit  (cost=97.82..97.82 rows=1 width=84)
               ->  Sort  (cost=97.82..97.82 rows=1 width=84)
                     Sort Key: (st_distance(st_transform(s_1773.the_geom, 25833), schw_1773.schw))
                     ->  Nested Loop  (cost=0.00..97.81 rows=1 width=84)
                           Join Filter: ((st_transform(s_1773.the_geom, 25833) && st_expand(schw_1773.schw, '300'::double precision)) AND (schw_1773.schw && st_expand(st_transform(s_1773.the_geom, 25833), '300'::double precision)) AND _st_dwithin(st_transform(s_1773.the_geom, 25833), schw_1773.schw, '300'::double precision))
                           ->  Function Scan on schw_1773  (cost=0.00..0.01 rows=1 width=32)
                           ->  Seq Scan on phoml_trajectory_tmp s_1773  (cost=0.00..95.68 rows=17 width=40)
                                 Filter: ((unix_time >= '1685451586.761'::double precision) AND (unix_time <= '1685451646.761'::double precision))
   ->  Subquery Scan on "*SELECT* 1775"  (cost=97.82..97.83 rows=1 width=76)
         ->  Limit  (cost=97.82..97.82 rows=1 width=84)
               ->  Sort  (cost=97.82..97.82 rows=1 width=84)
                     Sort Key: (st_distance(st_transform(s_1774.the_geom, 25833), schw_1774.schw))
                     ->  Nested Loop  (cost=0.00..97.81 rows=1 width=84)
                           Join Filter: ((st_transform(s_1774.the_geom, 25833) && st_expand(schw_1774.schw, '300'::double precision)) AND (schw_1774.schw && st_expand(st_transform(s_1774.the_geom, 25833), '300'::double precision)) AND _st_dwithin(st_transform(s_1774.the_geom, 25833), schw_1774.schw, '300'::double precision))
                           ->  Function Scan on schw_1774  (cost=0.00..0.01 rows=1 width=32)
                           ->  Seq Scan on phoml_trajectory_tmp s_1774  (cost=0.00..95.68 rows=17 width=40)
                                 Filter: ((unix_time >= '1685451587.186'::double precision) AND (unix_time <= '1685451647.186'::double precision))
   ->  Subquery Scan on "*SELECT* 1776"  (cost=97.82..97.83 rows=1 width=76)
         ->  Limit  (cost=97.82..97.82 rows=1 width=84)
               ->  Sort  (cost=97.82..97.82 rows=1 width=84)
                     Sort Key: (st_distance(st_transform(s_1775.the_geom, 25833), schw_1775.schw))
                     ->  Nested Loop  (cost=0.00..97.81 rows=1 width=84)
                           Join Filter: ((st_transform(s_1775.the_geom, 25833) && st_expand(schw_1775.schw, '300'::double precision)) AND (schw_1775.schw && st_expand(st_transform(s_1775.the_geom, 25833), '300'::double precision)) AND _st_dwithin(st_transform(s_1775.the_geom, 25833), schw_1775.schw, '300'::double precision))
                           ->  Function Scan on schw_1775  (cost=0.00..0.01 rows=1 width=32)
                           ->  Seq Scan on phoml_trajectory_tmp s_1775  (cost=0.00..95.68 rows=17 width=40)
                                 Filter: ((unix_time >= '1685451587.586'::double precision) AND (unix_time <= '1685451647.586'::double precision))
   ->  Subquery Scan on "*SELECT* 1777"  (cost=97.82..97.83 rows=1 width=76)
         ->  Limit  (cost=97.82..97.82 rows=1 width=84)
               ->  Sort  (cost=97.82..97.82 rows=1 width=84)
                     Sort Key: (st_distance(st_transform(s_1776.the_geom, 25833), schw_1776.schw))
                     ->  Nested Loop  (cost=0.00..97.81 rows=1 width=84)
                           Join Filter: ((st_transform(s_1776.the_geom, 25833) && st_expand(schw_1776.schw, '300'::double precision)) AND (schw_1776.schw && st_expand(st_transform(s_1776.the_geom, 25833), '300'::double precision)) AND _st_dwithin(st_transform(s_1776.the_geom, 25833), schw_1776.schw, '300'::double precision))
                           ->  Function Scan on schw_1776  (cost=0.00..0.01 rows=1 width=32)
                           ->  Seq Scan on phoml_trajectory_tmp s_1776  (cost=0.00..95.68 rows=17 width=40)
                                 Filter: ((unix_time >= '1685451588.006'::double precision) AND (unix_time <= '1685451648.006'::double precision))
   ->  Subquery Scan on "*SELECT* 1778"  (cost=97.82..97.83 rows=1 width=76)
         ->  Limit  (cost=97.82..97.82 rows=1 width=84)
               ->  Sort  (cost=97.82..97.82 rows=1 width=84)
                     Sort Key: (st_distance(st_transform(s_1777.the_geom, 25833), schw_1777.schw))
                     ->  Nested Loop  (cost=0.00..97.81 rows=1 width=84)
                           Join Filter: ((st_transform(s_1777.the_geom, 25833) && st_expand(schw_1777.schw, '300'::double precision)) AND (schw_1777.schw && st_expand(st_transform(s_1777.the_geom, 25833), '300'::double precision)) AND _st_dwithin(st_transform(s_1777.the_geom, 25833), schw_1777.schw, '300'::double precision))
                           ->  Function Scan on schw_1777  (cost=0.00..0.01 rows=1 width=32)
                           ->  Seq Scan on phoml_trajectory_tmp s_1777  (cost=0.00..95.68 rows=17 width=40)
                                 Filter: ((unix_time >= '1685451588.395'::double precision) AND (unix_time <= '1685451648.395'::double precision))
   ->  Subquery Scan on "*SELECT* 1779"  (cost=97.82..97.83 rows=1 width=76)
         ->  Limit  (cost=97.82..97.82 rows=1 width=84)
               ->  Sort  (cost=97.82..97.82 rows=1 width=84)
                     Sort Key: (st_distance(st_transform(s_1778.the_geom, 25833), schw_1778.schw))
                     ->  Nested Loop  (cost=0.00..97.81 rows=1 width=84)
                           Join Filter: ((st_transform(s_1778.the_geom, 25833) && st_expand(schw_1778.schw, '300'::double precision)) AND (schw_1778.schw && st_expand(st_transform(s_1778.the_geom, 25833), '300'::double precision)) AND _st_dwithin(st_transform(s_1778.the_geom, 25833), schw_1778.schw, '300'::double precision))
                           ->  Function Scan on schw_1778  (cost=0.00..0.01 rows=1 width=32)
                           ->  Seq Scan on phoml_trajectory_tmp s_1778  (cost=0.00..95.68 rows=17 width=40)
                                 Filter: ((unix_time >= '1685451588.795'::double precision) AND (unix_time <= '1685451648.795'::double precision))
   ->  Subquery Scan on "*SELECT* 1780"  (cost=97.82..97.83 rows=1 width=76)
         ->  Limit  (cost=97.82..97.82 rows=1 width=84)
               ->  Sort  (cost=97.82..97.82 rows=1 width=84)
                     Sort Key: (st_distance(st_transform(s_1779.the_geom, 25833), schw_1779.schw))
                     ->  Nested Loop  (cost=0.00..97.81 rows=1 width=84)
                           Join Filter: ((st_transform(s_1779.the_geom, 25833) && st_expand(schw_1779.schw, '300'::double precision)) AND (schw_1779.schw && st_expand(st_transform(s_1779.the_geom, 25833), '300'::double precision)) AND _st_dwithin(st_transform(s_1779.the_geom, 25833), schw_1779.schw, '300'::double precision))
                           ->  Function Scan on schw_1779  (cost=0.00..0.01 rows=1 width=32)
                           ->  Seq Scan on phoml_trajectory_tmp s_1779  (cost=0.00..95.68 rows=17 width=40)
                                 Filter: ((unix_time >= '1685451589.194'::double precision) AND (unix_time <= '1685451649.194'::double precision))
   ->  Subquery Scan on "*SELECT* 1781"  (cost=97.82..97.83 rows=1 width=76)
         ->  Limit  (cost=97.82..97.82 rows=1 width=84)
               ->  Sort  (cost=97.82..97.82 rows=1 width=84)
                     Sort Key: (st_distance(st_transform(s_1780.the_geom, 25833), schw_1780.schw))
                     ->  Nested Loop  (cost=0.00..97.81 rows=1 width=84)
                           Join Filter: ((st_transform(s_1780.the_geom, 25833) && st_expand(schw_1780.schw, '300'::double precision)) AND (schw_1780.schw && st_expand(st_transform(s_1780.the_geom, 25833), '300'::double precision)) AND _st_dwithin(st_transform(s_1780.the_geom, 25833), schw_1780.schw, '300'::double precision))
                           ->  Function Scan on schw_1780  (cost=0.00..0.01 rows=1 width=32)
                           ->  Seq Scan on phoml_trajectory_tmp s_1780  (cost=0.00..95.68 rows=17 width=40)
                                 Filter: ((unix_time >= '1685451589.574'::double precision) AND (unix_time <= '1685451649.574'::double precision))
   ->  Subquery Scan on "*SELECT* 1782"  (cost=97.82..97.83 rows=1 width=76)
         ->  Limit  (cost=97.82..97.82 rows=1 width=84)
               ->  Sort  (cost=97.82..97.82 rows=1 width=84)
                     Sort Key: (st_distance(st_transform(s_1781.the_geom, 25833), schw_1781.schw))
                     ->  Nested Loop  (cost=0.00..97.81 rows=1 width=84)
                           Join Filter: ((st_transform(s_1781.the_geom, 25833) && st_expand(schw_1781.schw, '300'::double precision)) AND (schw_1781.schw && st_expand(st_transform(s_1781.the_geom, 25833), '300'::double precision)) AND _st_dwithin(st_transform(s_1781.the_geom, 25833), schw_1781.schw, '300'::double precision))
                           ->  Function Scan on schw_1781  (cost=0.00..0.01 rows=1 width=32)
                           ->  Seq Scan on phoml_trajectory_tmp s_1781  (cost=0.00..95.68 rows=17 width=40)
                                 Filter: ((unix_time >= '1685451589.954'::double precision) AND (unix_time <= '1685451649.954'::double precision))
   ->  Subquery Scan on "*SELECT* 1783"  (cost=97.82..97.83 rows=1 width=76)
         ->  Limit  (cost=97.82..97.82 rows=1 width=84)
               ->  Sort  (cost=97.82..97.82 rows=1 width=84)
                     Sort Key: (st_distance(st_transform(s_1782.the_geom, 25833), schw_1782.schw))
                     ->  Nested Loop  (cost=0.00..97.81 rows=1 width=84)
                           Join Filter: ((st_transform(s_1782.the_geom, 25833) && st_expand(schw_1782.schw, '300'::double precision)) AND (schw_1782.schw && st_expand(st_transform(s_1782.the_geom, 25833), '300'::double precision)) AND _st_dwithin(st_transform(s_1782.the_geom, 25833), schw_1782.schw, '300'::double precision))
                           ->  Function Scan on schw_1782  (cost=0.00..0.01 rows=1 width=32)
                           ->  Seq Scan on phoml_trajectory_tmp s_1782  (cost=0.00..95.68 rows=17 width=40)
                                 Filter: ((unix_time >= '1685451590.332'::double precision) AND (unix_time <= '1685451650.332'::double precision))
   ->  Subquery Scan on "*SELECT* 1784"  (cost=97.82..97.83 rows=1 width=76)
         ->  Limit  (cost=97.82..97.82 rows=1 width=84)
               ->  Sort  (cost=97.82..97.82 rows=1 width=84)
                     Sort Key: (st_distance(st_transform(s_1783.the_geom, 25833), schw_1783.schw))
                     ->  Nested Loop  (cost=0.00..97.81 rows=1 width=84)
                           Join Filter: ((st_transform(s_1783.the_geom, 25833) && st_expand(schw_1783.schw, '300'::double precision)) AND (schw_1783.schw && st_expand(st_transform(s_1783.the_geom, 25833), '300'::double precision)) AND _st_dwithin(st_transform(s_1783.the_geom, 25833), schw_1783.schw, '300'::double precision))
                           ->  Function Scan on schw_1783  (cost=0.00..0.01 rows=1 width=32)
                           ->  Seq Scan on phoml_trajectory_tmp s_1783  (cost=0.00..95.68 rows=17 width=40)
                                 Filter: ((unix_time >= '1685451590.722'::double precision) AND (unix_time <= '1685451650.722'::double precision))
   ->  Subquery Scan on "*SELECT* 1785"  (cost=97.82..97.83 rows=1 width=76)
         ->  Limit  (cost=97.82..97.82 rows=1 width=84)
               ->  Sort  (cost=97.82..97.82 rows=1 width=84)
                     Sort Key: (st_distance(st_transform(s_1784.the_geom, 25833), schw_1784.schw))
                     ->  Nested Loop  (cost=0.00..97.81 rows=1 width=84)
                           Join Filter: ((st_transform(s_1784.the_geom, 25833) && st_expand(schw_1784.schw, '300'::double precision)) AND (schw_1784.schw && st_expand(st_transform(s_1784.the_geom, 25833), '300'::double precision)) AND _st_dwithin(st_transform(s_1784.the_geom, 25833), schw_1784.schw, '300'::double precision))
                           ->  Function Scan on schw_1784  (cost=0.00..0.01 rows=1 width=32)
                           ->  Seq Scan on phoml_trajectory_tmp s_1784  (cost=0.00..95.68 rows=17 width=40)
                                 Filter: ((unix_time >= '1685451591.102'::double precision) AND (unix_time <= '1685451651.102'::double precision))
   ->  Subquery Scan on "*SELECT* 1786"  (cost=97.82..97.83 rows=1 width=76)
         ->  Limit  (cost=97.82..97.82 rows=1 width=84)
               ->  Sort  (cost=97.82..97.82 rows=1 width=84)
                     Sort Key: (st_distance(st_transform(s_1785.the_geom, 25833), schw_1785.schw))
                     ->  Nested Loop  (cost=0.00..97.81 rows=1 width=84)
                           Join Filter: ((st_transform(s_1785.the_geom, 25833) && st_expand(schw_1785.schw, '300'::double precision)) AND (schw_1785.schw && st_expand(st_transform(s_1785.the_geom, 25833), '300'::double precision)) AND _st_dwithin(st_transform(s_1785.the_geom, 25833), schw_1785.schw, '300'::double precision))
                           ->  Function Scan on schw_1785  (cost=0.00..0.01 rows=1 width=32)
                           ->  Seq Scan on phoml_trajectory_tmp s_1785  (cost=0.00..95.68 rows=17 width=40)
                                 Filter: ((unix_time >= '1685451591.493'::double precision) AND (unix_time <= '1685451651.493'::double precision))
   ->  Subquery Scan on "*SELECT* 1787"  (cost=97.82..97.83 rows=1 width=76)
         ->  Limit  (cost=97.82..97.82 rows=1 width=84)
               ->  Sort  (cost=97.82..97.82 rows=1 width=84)
                     Sort Key: (st_distance(st_transform(s_1786.the_geom, 25833), schw_1786.schw))
                     ->  Nested Loop  (cost=0.00..97.81 rows=1 width=84)
                           Join Filter: ((st_transform(s_1786.the_geom, 25833) && st_expand(schw_1786.schw, '300'::double precision)) AND (schw_1786.schw && st_expand(st_transform(s_1786.the_geom, 25833), '300'::double precision)) AND _st_dwithin(st_transform(s_1786.the_geom, 25833), schw_1786.schw, '300'::double precision))
                           ->  Function Scan on schw_1786  (cost=0.00..0.01 rows=1 width=32)
                           ->  Seq Scan on phoml_trajectory_tmp s_1786  (cost=0.00..95.68 rows=17 width=40)
                                 Filter: ((unix_time >= '1685451591.873'::double precision) AND (unix_time <= '1685451651.873'::double precision))
   ->  Subquery Scan on "*SELECT* 1788"  (cost=97.82..97.83 rows=1 width=76)
         ->  Limit  (cost=97.82..97.82 rows=1 width=84)
               ->  Sort  (cost=97.82..97.82 rows=1 width=84)
                     Sort Key: (st_distance(st_transform(s_1787.the_geom, 25833), schw_1787.schw))
                     ->  Nested Loop  (cost=0.00..97.81 rows=1 width=84)
                           Join Filter: ((st_transform(s_1787.the_geom, 25833) && st_expand(schw_1787.schw, '300'::double precision)) AND (schw_1787.schw && st_expand(st_transform(s_1787.the_geom, 25833), '300'::double precision)) AND _st_dwithin(st_transform(s_1787.the_geom, 25833), schw_1787.schw, '300'::double precision))
                           ->  Function Scan on schw_1787  (cost=0.00..0.01 rows=1 width=32)
                           ->  Seq Scan on phoml_trajectory_tmp s_1787  (cost=0.00..95.68 rows=17 width=40)
                                 Filter: ((unix_time >= '1685451592.259'::double precision) AND (unix_time <= '1685451652.259'::double precision))
   ->  Subquery Scan on "*SELECT* 1789"  (cost=97.82..97.83 rows=1 width=76)
         ->  Limit  (cost=97.82..97.82 rows=1 width=84)
               ->  Sort  (cost=97.82..97.82 rows=1 width=84)
                     Sort Key: (st_distance(st_transform(s_1788.the_geom, 25833), schw_1788.schw))
                     ->  Nested Loop  (cost=0.00..97.81 rows=1 width=84)
                           Join Filter: ((st_transform(s_1788.the_geom, 25833) && st_expand(schw_1788.schw, '300'::double precision)) AND (schw_1788.schw && st_expand(st_transform(s_1788.the_geom, 25833), '300'::double precision)) AND _st_dwithin(st_transform(s_1788.the_geom, 25833), schw_1788.schw, '300'::double precision))
                           ->  Function Scan on schw_1788  (cost=0.00..0.01 rows=1 width=32)
                           ->  Seq Scan on phoml_trajectory_tmp s_1788  (cost=0.00..95.68 rows=17 width=40)
                                 Filter: ((unix_time >= '1685451592.659'::double precision) AND (unix_time <= '1685451652.659'::double precision))
   ->  Subquery Scan on "*SELECT* 1790"  (cost=97.82..97.83 rows=1 width=76)
         ->  Limit  (cost=97.82..97.82 rows=1 width=84)
               ->  Sort  (cost=97.82..97.82 rows=1 width=84)
                     Sort Key: (st_distance(st_transform(s_1789.the_geom, 25833), schw_1789.schw))
                     ->  Nested Loop  (cost=0.00..97.81 rows=1 width=84)
                           Join Filter: ((st_transform(s_1789.the_geom, 25833) && st_expand(schw_1789.schw, '300'::double precision)) AND (schw_1789.schw && st_expand(st_transform(s_1789.the_geom, 25833), '300'::double precision)) AND _st_dwithin(st_transform(s_1789.the_geom, 25833), schw_1789.schw, '300'::double precision))
                           ->  Function Scan on schw_1789  (cost=0.00..0.01 rows=1 width=32)
                           ->  Seq Scan on phoml_trajectory_tmp s_1789  (cost=0.00..95.68 rows=17 width=40)
                                 Filter: ((unix_time >= '1685451593.049'::double precision) AND (unix_time <= '1685451653.049'::double precision))
   ->  Subquery Scan on "*SELECT* 1791"  (cost=97.82..97.83 rows=1 width=76)
         ->  Limit  (cost=97.82..97.82 rows=1 width=84)
               ->  Sort  (cost=97.82..97.82 rows=1 width=84)
                     Sort Key: (st_distance(st_transform(s_1790.the_geom, 25833), schw_1790.schw))
                     ->  Nested Loop  (cost=0.00..97.81 rows=1 width=84)
                           Join Filter: ((st_transform(s_1790.the_geom, 25833) && st_expand(schw_1790.schw, '300'::double precision)) AND (schw_1790.schw && st_expand(st_transform(s_1790.the_geom, 25833), '300'::double precision)) AND _st_dwithin(st_transform(s_1790.the_geom, 25833), schw_1790.schw, '300'::double precision))
                           ->  Function Scan on schw_1790  (cost=0.00..0.01 rows=1 width=32)
                           ->  Seq Scan on phoml_trajectory_tmp s_1790  (cost=0.00..95.68 rows=17 width=40)
                                 Filter: ((unix_time >= '1685451593.457'::double precision) AND (unix_time <= '1685451653.457'::double precision))
   ->  Subquery Scan on "*SELECT* 1792"  (cost=97.82..97.83 rows=1 width=76)
         ->  Limit  (cost=97.82..97.82 rows=1 width=84)
               ->  Sort  (cost=97.82..97.82 rows=1 width=84)
                     Sort Key: (st_distance(st_transform(s_1791.the_geom, 25833), schw_1791.schw))
                     ->  Nested Loop  (cost=0.00..97.81 rows=1 width=84)
                           Join Filter: ((st_transform(s_1791.the_geom, 25833) && st_expand(schw_1791.schw, '300'::double precision)) AND (schw_1791.schw && st_expand(st_transform(s_1791.the_geom, 25833), '300'::double precision)) AND _st_dwithin(st_transform(s_1791.the_geom, 25833), schw_1791.schw, '300'::double precision))
                           ->  Function Scan on schw_1791  (cost=0.00..0.01 rows=1 width=32)
                           ->  Seq Scan on phoml_trajectory_tmp s_1791  (cost=0.00..95.68 rows=17 width=40)
                                 Filter: ((unix_time >= '1685451593.867'::double precision) AND (unix_time <= '1685451653.867'::double precision))
   ->  Subquery Scan on "*SELECT* 1793"  (cost=97.82..97.83 rows=1 width=76)
         ->  Limit  (cost=97.82..97.82 rows=1 width=84)
               ->  Sort  (cost=97.82..97.82 rows=1 width=84)
                     Sort Key: (st_distance(st_transform(s_1792.the_geom, 25833), schw_1792.schw))
                     ->  Nested Loop  (cost=0.00..97.81 rows=1 width=84)
                           Join Filter: ((st_transform(s_1792.the_geom, 25833) && st_expand(schw_1792.schw, '300'::double precision)) AND (schw_1792.schw && st_expand(st_transform(s_1792.the_geom, 25833), '300'::double precision)) AND _st_dwithin(st_transform(s_1792.the_geom, 25833), schw_1792.schw, '300'::double precision))
                           ->  Function Scan on schw_1792  (cost=0.00..0.01 rows=1 width=32)
                           ->  Seq Scan on phoml_trajectory_tmp s_1792  (cost=0.00..95.68 rows=17 width=40)
                                 Filter: ((unix_time >= '1685451594.283'::double precision) AND (unix_time <= '1685451654.283'::double precision))
   ->  Subquery Scan on "*SELECT* 1794"  (cost=97.82..97.83 rows=1 width=76)
         ->  Limit  (cost=97.82..97.82 rows=1 width=84)
               ->  Sort  (cost=97.82..97.82 rows=1 width=84)
                     Sort Key: (st_distance(st_transform(s_1793.the_geom, 25833), schw_1793.schw))
                     ->  Nested Loop  (cost=0.00..97.81 rows=1 width=84)
                           Join Filter: ((st_transform(s_1793.the_geom, 25833) && st_expand(schw_1793.schw, '300'::double precision)) AND (schw_1793.schw && st_expand(st_transform(s_1793.the_geom, 25833), '300'::double precision)) AND _st_dwithin(st_transform(s_1793.the_geom, 25833), schw_1793.schw, '300'::double precision))
                           ->  Function Scan on schw_1793  (cost=0.00..0.01 rows=1 width=32)
                           ->  Seq Scan on phoml_trajectory_tmp s_1793  (cost=0.00..95.68 rows=17 width=40)
                                 Filter: ((unix_time >= '1685451594.713'::double precision) AND (unix_time <= '1685451654.713'::double precision))
   ->  Subquery Scan on "*SELECT* 1795"  (cost=97.82..97.83 rows=1 width=76)
         ->  Limit  (cost=97.82..97.82 rows=1 width=84)
               ->  Sort  (cost=97.82..97.82 rows=1 width=84)
                     Sort Key: (st_distance(st_transform(s_1794.the_geom, 25833), schw_1794.schw))
                     ->  Nested Loop  (cost=0.00..97.81 rows=1 width=84)
                           Join Filter: ((st_transform(s_1794.the_geom, 25833) && st_expand(schw_1794.schw, '300'::double precision)) AND (schw_1794.schw && st_expand(st_transform(s_1794.the_geom, 25833), '300'::double precision)) AND _st_dwithin(st_transform(s_1794.the_geom, 25833), schw_1794.schw, '300'::double precision))
                           ->  Function Scan on schw_1794  (cost=0.00..0.01 rows=1 width=32)
                           ->  Seq Scan on phoml_trajectory_tmp s_1794  (cost=0.00..95.68 rows=17 width=40)
                                 Filter: ((unix_time >= '1685451595.15'::double precision) AND (unix_time <= '1685451655.15'::double precision))
   ->  Subquery Scan on "*SELECT* 1796"  (cost=97.82..97.83 rows=1 width=76)
         ->  Limit  (cost=97.82..97.82 rows=1 width=84)
               ->  Sort  (cost=97.82..97.82 rows=1 width=84)
                     Sort Key: (st_distance(st_transform(s_1795.the_geom, 25833), schw_1795.schw))
                     ->  Nested Loop  (cost=0.00..97.81 rows=1 width=84)
                           Join Filter: ((st_transform(s_1795.the_geom, 25833) && st_expand(schw_1795.schw, '300'::double precision)) AND (schw_1795.schw && st_expand(st_transform(s_1795.the_geom, 25833), '300'::double precision)) AND _st_dwithin(st_transform(s_1795.the_geom, 25833), schw_1795.schw, '300'::double precision))
                           ->  Function Scan on schw_1795  (cost=0.00..0.01 rows=1 width=32)
                           ->  Seq Scan on phoml_trajectory_tmp s_1795  (cost=0.00..95.68 rows=17 width=40)
                                 Filter: ((unix_time >= '1685451595.59'::double precision) AND (unix_time <= '1685451655.59'::double precision))
   ->  Subquery Scan on "*SELECT* 1797"  (cost=97.82..97.83 rows=1 width=76)
         ->  Limit  (cost=97.82..97.82 rows=1 width=84)
               ->  Sort  (cost=97.82..97.82 rows=1 width=84)
                     Sort Key: (st_distance(st_transform(s_1796.the_geom, 25833), schw_1796.schw))
                     ->  Nested Loop  (cost=0.00..97.81 rows=1 width=84)
                           Join Filter: ((st_transform(s_1796.the_geom, 25833) && st_expand(schw_1796.schw, '300'::double precision)) AND (schw_1796.schw && st_expand(st_transform(s_1796.the_geom, 25833), '300'::double precision)) AND _st_dwithin(st_transform(s_1796.the_geom, 25833), schw_1796.schw, '300'::double precision))
                           ->  Function Scan on schw_1796  (cost=0.00..0.01 rows=1 width=32)
                           ->  Seq Scan on phoml_trajectory_tmp s_1796  (cost=0.00..95.68 rows=17 width=40)
                                 Filter: ((unix_time >= '1685451596.05'::double precision) AND (unix_time <= '1685451656.05'::double precision))
   ->  Subquery Scan on "*SELECT* 1798"  (cost=97.82..97.83 rows=1 width=76)
         ->  Limit  (cost=97.82..97.82 rows=1 width=84)
               ->  Sort  (cost=97.82..97.82 rows=1 width=84)
                     Sort Key: (st_distance(st_transform(s_1797.the_geom, 25833), schw_1797.schw))
                     ->  Nested Loop  (cost=0.00..97.81 rows=1 width=84)
                           Join Filter: ((st_transform(s_1797.the_geom, 25833) && st_expand(schw_1797.schw, '300'::double precision)) AND (schw_1797.schw && st_expand(st_transform(s_1797.the_geom, 25833), '300'::double precision)) AND _st_dwithin(st_transform(s_1797.the_geom, 25833), schw_1797.schw, '300'::double precision))
                           ->  Function Scan on schw_1797  (cost=0.00..0.01 rows=1 width=32)
                           ->  Seq Scan on phoml_trajectory_tmp s_1797  (cost=0.00..95.68 rows=17 width=40)
                                 Filter: ((unix_time >= '1685451596.54'::double precision) AND (unix_time <= '1685451656.54'::double precision))
   ->  Subquery Scan on "*SELECT* 1799"  (cost=97.82..97.83 rows=1 width=76)
         ->  Limit  (cost=97.82..97.82 rows=1 width=84)
               ->  Sort  (cost=97.82..97.82 rows=1 width=84)
                     Sort Key: (st_distance(st_transform(s_1798.the_geom, 25833), schw_1798.schw))
                     ->  Nested Loop  (cost=0.00..97.81 rows=1 width=84)
                           Join Filter: ((st_transform(s_1798.the_geom, 25833) && st_expand(schw_1798.schw, '300'::double precision)) AND (schw_1798.schw && st_expand(st_transform(s_1798.the_geom, 25833), '300'::double precision)) AND _st_dwithin(st_transform(s_1798.the_geom, 25833), schw_1798.schw, '300'::double precision))
                           ->  Function Scan on schw_1798  (cost=0.00..0.01 rows=1 width=32)
                           ->  Seq Scan on phoml_trajectory_tmp s_1798  (cost=0.00..95.68 rows=17 width=40)
                                 Filter: ((unix_time >= '1685451597.05'::double precision) AND (unix_time <= '1685451657.05'::double precision))
   ->  Subquery Scan on "*SELECT* 1800"  (cost=97.82..97.83 rows=1 width=76)
         ->  Limit  (cost=97.82..97.82 rows=1 width=84)
               ->  Sort  (cost=97.82..97.82 rows=1 width=84)
                     Sort Key: (st_distance(st_transform(s_1799.the_geom, 25833), schw_1799.schw))
                     ->  Nested Loop  (cost=0.00..97.81 rows=1 width=84)
                           Join Filter: ((st_transform(s_1799.the_geom, 25833) && st_expand(schw_1799.schw, '300'::double precision)) AND (schw_1799.schw && st_expand(st_transform(s_1799.the_geom, 25833), '300'::double precision)) AND _st_dwithin(st_transform(s_1799.the_geom, 25833), schw_1799.schw, '300'::double precision))
                           ->  Function Scan on schw_1799  (cost=0.00..0.01 rows=1 width=32)
                           ->  Seq Scan on phoml_trajectory_tmp s_1799  (cost=0.00..95.68 rows=17 width=40)
                                 Filter: ((unix_time >= '1685451597.586'::double precision) AND (unix_time <= '1685451657.586'::double precision))
   ->  Subquery Scan on "*SELECT* 1801"  (cost=97.82..97.83 rows=1 width=76)
         ->  Limit  (cost=97.82..97.82 rows=1 width=84)
               ->  Sort  (cost=97.82..97.82 rows=1 width=84)
                     Sort Key: (st_distance(st_transform(s_1800.the_geom, 25833), schw_1800.schw))
                     ->  Nested Loop  (cost=0.00..97.81 rows=1 width=84)
                           Join Filter: ((st_transform(s_1800.the_geom, 25833) && st_expand(schw_1800.schw, '300'::double precision)) AND (schw_1800.schw && st_expand(st_transform(s_1800.the_geom, 25833), '300'::double precision)) AND _st_dwithin(st_transform(s_1800.the_geom, 25833), schw_1800.schw, '300'::double precision))
                           ->  Function Scan on schw_1800  (cost=0.00..0.01 rows=1 width=32)
                           ->  Seq Scan on phoml_trajectory_tmp s_1800  (cost=0.00..95.68 rows=17 width=40)
                                 Filter: ((unix_time >= '1685451598.115'::double precision) AND (unix_time <= '1685451658.115'::double precision))
   ->  Subquery Scan on "*SELECT* 1802"  (cost=97.82..97.83 rows=1 width=76)
         ->  Limit  (cost=97.82..97.82 rows=1 width=84)
               ->  Sort  (cost=97.82..97.82 rows=1 width=84)
                     Sort Key: (st_distance(st_transform(s_1801.the_geom, 25833), schw_1801.schw))
                     ->  Nested Loop  (cost=0.00..97.81 rows=1 width=84)
                           Join Filter: ((st_transform(s_1801.the_geom, 25833) && st_expand(schw_1801.schw, '300'::double precision)) AND (schw_1801.schw && st_expand(st_transform(s_1801.the_geom, 25833), '300'::double precision)) AND _st_dwithin(st_transform(s_1801.the_geom, 25833), schw_1801.schw, '300'::double precision))
                           ->  Function Scan on schw_1801  (cost=0.00..0.01 rows=1 width=32)
                           ->  Seq Scan on phoml_trajectory_tmp s_1801  (cost=0.00..95.68 rows=17 width=40)
                                 Filter: ((unix_time >= '1685451598.65'::double precision) AND (unix_time <= '1685451658.65'::double precision))
   ->  Subquery Scan on "*SELECT* 1803"  (cost=97.82..97.83 rows=1 width=76)
         ->  Limit  (cost=97.82..97.82 rows=1 width=84)
               ->  Sort  (cost=97.82..97.82 rows=1 width=84)
                     Sort Key: (st_distance(st_transform(s_1802.the_geom, 25833), schw_1802.schw))
                     ->  Nested Loop  (cost=0.00..97.81 rows=1 width=84)
                           Join Filter: ((st_transform(s_1802.the_geom, 25833) && st_expand(schw_1802.schw, '300'::double precision)) AND (schw_1802.schw && st_expand(st_transform(s_1802.the_geom, 25833), '300'::double precision)) AND _st_dwithin(st_transform(s_1802.the_geom, 25833), schw_1802.schw, '300'::double precision))
                           ->  Function Scan on schw_1802  (cost=0.00..0.01 rows=1 width=32)
                           ->  Seq Scan on phoml_trajectory_tmp s_1802  (cost=0.00..95.68 rows=17 width=40)
                                 Filter: ((unix_time >= '1685451599.193'::double precision) AND (unix_time <= '1685451659.193'::double precision))
   ->  Subquery Scan on "*SELECT* 1804"  (cost=97.82..97.83 rows=1 width=76)
         ->  Limit  (cost=97.82..97.82 rows=1 width=84)
               ->  Sort  (cost=97.82..97.82 rows=1 width=84)
                     Sort Key: (st_distance(st_transform(s_1803.the_geom, 25833), schw_1803.schw))
                     ->  Nested Loop  (cost=0.00..97.81 rows=1 width=84)
                           Join Filter: ((st_transform(s_1803.the_geom, 25833) && st_expand(schw_1803.schw, '300'::double precision)) AND (schw_1803.schw && st_expand(st_transform(s_1803.the_geom, 25833), '300'::double precision)) AND _st_dwithin(st_transform(s_1803.the_geom, 25833), schw_1803.schw, '300'::double precision))
                           ->  Function Scan on schw_1803  (cost=0.00..0.01 rows=1 width=32)
                           ->  Seq Scan on phoml_trajectory_tmp s_1803  (cost=0.00..95.68 rows=17 width=40)
                                 Filter: ((unix_time >= '1685451599.778'::double precision) AND (unix_time <= '1685451659.778'::double precision))
   ->  Subquery Scan on "*SELECT* 1805"  (cost=97.82..97.83 rows=1 width=76)
         ->  Limit  (cost=97.82..97.82 rows=1 width=84)
               ->  Sort  (cost=97.82..97.82 rows=1 width=84)
                     Sort Key: (st_distance(st_transform(s_1804.the_geom, 25833), schw_1804.schw))
                     ->  Nested Loop  (cost=0.00..97.81 rows=1 width=84)
                           Join Filter: ((st_transform(s_1804.the_geom, 25833) && st_expand(schw_1804.schw, '300'::double precision)) AND (schw_1804.schw && st_expand(st_transform(s_1804.the_geom, 25833), '300'::double precision)) AND _st_dwithin(st_transform(s_1804.the_geom, 25833), schw_1804.schw, '300'::double precision))
                           ->  Function Scan on schw_1804  (cost=0.00..0.01 rows=1 width=32)
                           ->  Seq Scan on phoml_trajectory_tmp s_1804  (cost=0.00..95.68 rows=17 width=40)
                                 Filter: ((unix_time >= '1685451600.347'::double precision) AND (unix_time <= '1685451660.347'::double precision))
   ->  Subquery Scan on "*SELECT* 1806"  (cost=97.82..97.83 rows=1 width=76)
         ->  Limit  (cost=97.82..97.82 rows=1 width=84)
               ->  Sort  (cost=97.82..97.82 rows=1 width=84)
                     Sort Key: (st_distance(st_transform(s_1805.the_geom, 25833), schw_1805.schw))
                     ->  Nested Loop  (cost=0.00..97.81 rows=1 width=84)
                           Join Filter: ((st_transform(s_1805.the_geom, 25833) && st_expand(schw_1805.schw, '300'::double precision)) AND (schw_1805.schw && st_expand(st_transform(s_1805.the_geom, 25833), '300'::double precision)) AND _st_dwithin(st_transform(s_1805.the_geom, 25833), schw_1805.schw, '300'::double precision))
                           ->  Function Scan on schw_1805  (cost=0.00..0.01 rows=1 width=32)
                           ->  Seq Scan on phoml_trajectory_tmp s_1805  (cost=0.00..95.68 rows=17 width=40)
                                 Filter: ((unix_time >= '1685451600.931'::double precision) AND (unix_time <= '1685451660.931'::double precision))
   ->  Subquery Scan on "*SELECT* 1807"  (cost=97.82..97.83 rows=1 width=76)
         ->  Limit  (cost=97.82..97.82 rows=1 width=84)
               ->  Sort  (cost=97.82..97.82 rows=1 width=84)
                     Sort Key: (st_distance(st_transform(s_1806.the_geom, 25833), schw_1806.schw))
                     ->  Nested Loop  (cost=0.00..97.81 rows=1 width=84)
                           Join Filter: ((st_transform(s_1806.the_geom, 25833) && st_expand(schw_1806.schw, '300'::double precision)) AND (schw_1806.schw && st_expand(st_transform(s_1806.the_geom, 25833), '300'::double precision)) AND _st_dwithin(st_transform(s_1806.the_geom, 25833), schw_1806.schw, '300'::double precision))
                           ->  Function Scan on schw_1806  (cost=0.00..0.01 rows=1 width=32)
                           ->  Seq Scan on phoml_trajectory_tmp s_1806  (cost=0.00..95.68 rows=17 width=40)
                                 Filter: ((unix_time >= '1685451601.532'::double precision) AND (unix_time <= '1685451661.532'::double precision))
   ->  Subquery Scan on "*SELECT* 1808"  (cost=97.82..97.83 rows=1 width=76)
         ->  Limit  (cost=97.82..97.82 rows=1 width=84)
               ->  Sort  (cost=97.82..97.82 rows=1 width=84)
                     Sort Key: (st_distance(st_transform(s_1807.the_geom, 25833), schw_1807.schw))
                     ->  Nested Loop  (cost=0.00..97.81 rows=1 width=84)
                           Join Filter: ((st_transform(s_1807.the_geom, 25833) && st_expand(schw_1807.schw, '300'::double precision)) AND (schw_1807.schw && st_expand(st_transform(s_1807.the_geom, 25833), '300'::double precision)) AND _st_dwithin(st_transform(s_1807.the_geom, 25833), schw_1807.schw, '300'::double precision))
                           ->  Function Scan on schw_1807  (cost=0.00..0.01 rows=1 width=32)
                           ->  Seq Scan on phoml_trajectory_tmp s_1807  (cost=0.00..95.68 rows=17 width=40)
                                 Filter: ((unix_time >= '1685451602.118'::double precision) AND (unix_time <= '1685451662.118'::double precision))
   ->  Subquery Scan on "*SELECT* 1809"  (cost=97.82..97.83 rows=1 width=76)
         ->  Limit  (cost=97.82..97.82 rows=1 width=84)
               ->  Sort  (cost=97.82..97.82 rows=1 width=84)
                     Sort Key: (st_distance(st_transform(s_1808.the_geom, 25833), schw_1808.schw))
                     ->  Nested Loop  (cost=0.00..97.81 rows=1 width=84)
                           Join Filter: ((st_transform(s_1808.the_geom, 25833) && st_expand(schw_1808.schw, '300'::double precision)) AND (schw_1808.schw && st_expand(st_transform(s_1808.the_geom, 25833), '300'::double precision)) AND _st_dwithin(st_transform(s_1808.the_geom, 25833), schw_1808.schw, '300'::double precision))
                           ->  Function Scan on schw_1808  (cost=0.00..0.01 rows=1 width=32)
                           ->  Seq Scan on phoml_trajectory_tmp s_1808  (cost=0.00..95.68 rows=17 width=40)
                                 Filter: ((unix_time >= '1685451602.689'::double precision) AND (unix_time <= '1685451662.689'::double precision))
   ->  Subquery Scan on "*SELECT* 1810"  (cost=97.82..97.83 rows=1 width=76)
         ->  Limit  (cost=97.82..97.82 rows=1 width=84)
               ->  Sort  (cost=97.82..97.82 rows=1 width=84)
                     Sort Key: (st_distance(st_transform(s_1809.the_geom, 25833), schw_1809.schw))
                     ->  Nested Loop  (cost=0.00..97.81 rows=1 width=84)
                           Join Filter: ((st_transform(s_1809.the_geom, 25833) && st_expand(schw_1809.schw, '300'::double precision)) AND (schw_1809.schw && st_expand(st_transform(s_1809.the_geom, 25833), '300'::double precision)) AND _st_dwithin(st_transform(s_1809.the_geom, 25833), schw_1809.schw, '300'::double precision))
                           ->  Function Scan on schw_1809  (cost=0.00..0.01 rows=1 width=32)
                           ->  Seq Scan on phoml_trajectory_tmp s_1809  (cost=0.00..95.68 rows=17 width=40)
                                 Filter: ((unix_time >= '1685451603.244'::double precision) AND (unix_time <= '1685451663.244'::double precision))
   ->  Subquery Scan on "*SELECT* 1811"  (cost=97.82..97.83 rows=1 width=76)
         ->  Limit  (cost=97.82..97.82 rows=1 width=84)
               ->  Sort  (cost=97.82..97.82 rows=1 width=84)
                     Sort Key: (st_distance(st_transform(s_1810.the_geom, 25833), schw_1810.schw))
                     ->  Nested Loop  (cost=0.00..97.81 rows=1 width=84)
                           Join Filter: ((st_transform(s_1810.the_geom, 25833) && st_expand(schw_1810.schw, '300'::double precision)) AND (schw_1810.schw && st_expand(st_transform(s_1810.the_geom, 25833), '300'::double precision)) AND _st_dwithin(st_transform(s_1810.the_geom, 25833), schw_1810.schw, '300'::double precision))
                           ->  Function Scan on schw_1810  (cost=0.00..0.01 rows=1 width=32)
                           ->  Seq Scan on phoml_trajectory_tmp s_1810  (cost=0.00..95.68 rows=17 width=40)
                                 Filter: ((unix_time >= '1685451603.768'::double precision) AND (unix_time <= '1685451663.768'::double precision))
   ->  Subquery Scan on "*SELECT* 1812"  (cost=97.82..97.83 rows=1 width=76)
         ->  Limit  (cost=97.82..97.82 rows=1 width=84)
               ->  Sort  (cost=97.82..97.82 rows=1 width=84)
                     Sort Key: (st_distance(st_transform(s_1811.the_geom, 25833), schw_1811.schw))
                     ->  Nested Loop  (cost=0.00..97.81 rows=1 width=84)
                           Join Filter: ((st_transform(s_1811.the_geom, 25833) && st_expand(schw_1811.schw, '300'::double precision)) AND (schw_1811.schw && st_expand(st_transform(s_1811.the_geom, 25833), '300'::double precision)) AND _st_dwithin(st_transform(s_1811.the_geom, 25833), schw_1811.schw, '300'::double precision))
                           ->  Function Scan on schw_1811  (cost=0.00..0.01 rows=1 width=32)
                           ->  Seq Scan on phoml_trajectory_tmp s_1811  (cost=0.00..95.68 rows=17 width=40)
                                 Filter: ((unix_time >= '1685451604.267'::double precision) AND (unix_time <= '1685451664.267'::double precision))
   ->  Subquery Scan on "*SELECT* 1813"  (cost=97.82..97.83 rows=1 width=76)
         ->  Limit  (cost=97.82..97.82 rows=1 width=84)
               ->  Sort  (cost=97.82..97.82 rows=1 width=84)
                     Sort Key: (st_distance(st_transform(s_1812.the_geom, 25833), schw_1812.schw))
                     ->  Nested Loop  (cost=0.00..97.81 rows=1 width=84)
                           Join Filter: ((st_transform(s_1812.the_geom, 25833) && st_expand(schw_1812.schw, '300'::double precision)) AND (schw_1812.schw && st_expand(st_transform(s_1812.the_geom, 25833), '300'::double precision)) AND _st_dwithin(st_transform(s_1812.the_geom, 25833), schw_1812.schw, '300'::double precision))
                           ->  Function Scan on schw_1812  (cost=0.00..0.01 rows=1 width=32)
                           ->  Seq Scan on phoml_trajectory_tmp s_1812  (cost=0.00..95.68 rows=17 width=40)
                                 Filter: ((unix_time >= '1685451604.764'::double precision) AND (unix_time <= '1685451664.764'::double precision))
   ->  Subquery Scan on "*SELECT* 1814"  (cost=97.82..97.83 rows=1 width=76)
         ->  Limit  (cost=97.82..97.82 rows=1 width=84)
               ->  Sort  (cost=97.82..97.82 rows=1 width=84)
                     Sort Key: (st_distance(st_transform(s_1813.the_geom, 25833), schw_1813.schw))
                     ->  Nested Loop  (cost=0.00..97.81 rows=1 width=84)
                           Join Filter: ((st_transform(s_1813.the_geom, 25833) && st_expand(schw_1813.schw, '300'::double precision)) AND (schw_1813.schw && st_expand(st_transform(s_1813.the_geom, 25833), '300'::double precision)) AND _st_dwithin(st_transform(s_1813.the_geom, 25833), schw_1813.schw, '300'::double precision))
                           ->  Function Scan on schw_1813  (cost=0.00..0.01 rows=1 width=32)
                           ->  Seq Scan on phoml_trajectory_tmp s_1813  (cost=0.00..95.68 rows=17 width=40)
                                 Filter: ((unix_time >= '1685451605.247'::double precision) AND (unix_time <= '1685451665.247'::double precision))
   ->  Subquery Scan on "*SELECT* 1815"  (cost=97.82..97.83 rows=1 width=76)
         ->  Limit  (cost=97.82..97.82 rows=1 width=84)
               ->  Sort  (cost=97.82..97.82 rows=1 width=84)
                     Sort Key: (st_distance(st_transform(s_1814.the_geom, 25833), schw_1814.schw))
                     ->  Nested Loop  (cost=0.00..97.81 rows=1 width=84)
                           Join Filter: ((st_transform(s_1814.the_geom, 25833) && st_expand(schw_1814.schw, '300'::double precision)) AND (schw_1814.schw && st_expand(st_transform(s_1814.the_geom, 25833), '300'::double precision)) AND _st_dwithin(st_transform(s_1814.the_geom, 25833), schw_1814.schw, '300'::double precision))
                           ->  Function Scan on schw_1814  (cost=0.00..0.01 rows=1 width=32)
                           ->  Seq Scan on phoml_trajectory_tmp s_1814  (cost=0.00..95.68 rows=17 width=40)
                                 Filter: ((unix_time >= '1685451605.713'::double precision) AND (unix_time <= '1685451665.713'::double precision))
   ->  Subquery Scan on "*SELECT* 1816"  (cost=97.82..97.83 rows=1 width=76)
         ->  Limit  (cost=97.82..97.82 rows=1 width=84)
               ->  Sort  (cost=97.82..97.82 rows=1 width=84)
                     Sort Key: (st_distance(st_transform(s_1815.the_geom, 25833), schw_1815.schw))
                     ->  Nested Loop  (cost=0.00..97.81 rows=1 width=84)
                           Join Filter: ((st_transform(s_1815.the_geom, 25833) && st_expand(schw_1815.schw, '300'::double precision)) AND (schw_1815.schw && st_expand(st_transform(s_1815.the_geom, 25833), '300'::double precision)) AND _st_dwithin(st_transform(s_1815.the_geom, 25833), schw_1815.schw, '300'::double precision))
                           ->  Function Scan on schw_1815  (cost=0.00..0.01 rows=1 width=32)
                           ->  Seq Scan on phoml_trajectory_tmp s_1815  (cost=0.00..95.68 rows=17 width=40)
                                 Filter: ((unix_time >= '1685451606.193'::double precision) AND (unix_time <= '1685451666.193'::double precision))
   ->  Subquery Scan on "*SELECT* 1817"  (cost=97.82..97.83 rows=1 width=76)
         ->  Limit  (cost=97.82..97.82 rows=1 width=84)
               ->  Sort  (cost=97.82..97.82 rows=1 width=84)
                     Sort Key: (st_distance(st_transform(s_1816.the_geom, 25833), schw_1816.schw))
                     ->  Nested Loop  (cost=0.00..97.81 rows=1 width=84)
                           Join Filter: ((st_transform(s_1816.the_geom, 25833) && st_expand(schw_1816.schw, '300'::double precision)) AND (schw_1816.schw && st_expand(st_transform(s_1816.the_geom, 25833), '300'::double precision)) AND _st_dwithin(st_transform(s_1816.the_geom, 25833), schw_1816.schw, '300'::double precision))
                           ->  Function Scan on schw_1816  (cost=0.00..0.01 rows=1 width=32)
                           ->  Seq Scan on phoml_trajectory_tmp s_1816  (cost=0.00..95.68 rows=17 width=40)
                                 Filter: ((unix_time >= '1685451606.662'::double precision) AND (unix_time <= '1685451666.662'::double precision))
   ->  Subquery Scan on "*SELECT* 1818"  (cost=97.82..97.83 rows=1 width=76)
         ->  Limit  (cost=97.82..97.82 rows=1 width=84)
               ->  Sort  (cost=97.82..97.82 rows=1 width=84)
                     Sort Key: (st_distance(st_transform(s_1817.the_geom, 25833), schw_1817.schw))
                     ->  Nested Loop  (cost=0.00..97.81 rows=1 width=84)
                           Join Filter: ((st_transform(s_1817.the_geom, 25833) && st_expand(schw_1817.schw, '300'::double precision)) AND (schw_1817.schw && st_expand(st_transform(s_1817.the_geom, 25833), '300'::double precision)) AND _st_dwithin(st_transform(s_1817.the_geom, 25833), schw_1817.schw, '300'::double precision))
                           ->  Function Scan on schw_1817  (cost=0.00..0.01 rows=1 width=32)
                           ->  Seq Scan on phoml_trajectory_tmp s_1817  (cost=0.00..95.68 rows=17 width=40)
                                 Filter: ((unix_time >= '1685451607.13'::double precision) AND (unix_time <= '1685451667.13'::double precision))
   ->  Subquery Scan on "*SELECT* 1819"  (cost=97.82..97.83 rows=1 width=76)
         ->  Limit  (cost=97.82..97.82 rows=1 width=84)
               ->  Sort  (cost=97.82..97.82 rows=1 width=84)
                     Sort Key: (st_distance(st_transform(s_1818.the_geom, 25833), schw_1818.schw))
                     ->  Nested Loop  (cost=0.00..97.81 rows=1 width=84)
                           Join Filter: ((st_transform(s_1818.the_geom, 25833) && st_expand(schw_1818.schw, '300'::double precision)) AND (schw_1818.schw && st_expand(st_transform(s_1818.the_geom, 25833), '300'::double precision)) AND _st_dwithin(st_transform(s_1818.the_geom, 25833), schw_1818.schw, '300'::double precision))
                           ->  Function Scan on schw_1818  (cost=0.00..0.01 rows=1 width=32)
                           ->  Seq Scan on phoml_trajectory_tmp s_1818  (cost=0.00..95.68 rows=17 width=40)
                                 Filter: ((unix_time >= '1685451607.613'::double precision) AND (unix_time <= '1685451667.613'::double precision))
   ->  Subquery Scan on "*SELECT* 1820"  (cost=97.82..97.83 rows=1 width=76)
         ->  Limit  (cost=97.82..97.82 rows=1 width=84)
               ->  Sort  (cost=97.82..97.82 rows=1 width=84)
                     Sort Key: (st_distance(st_transform(s_1819.the_geom, 25833), schw_1819.schw))
                     ->  Nested Loop  (cost=0.00..97.81 rows=1 width=84)
                           Join Filter: ((st_transform(s_1819.the_geom, 25833) && st_expand(schw_1819.schw, '300'::double precision)) AND (schw_1819.schw && st_expand(st_transform(s_1819.the_geom, 25833), '300'::double precision)) AND _st_dwithin(st_transform(s_1819.the_geom, 25833), schw_1819.schw, '300'::double precision))
                           ->  Function Scan on schw_1819  (cost=0.00..0.01 rows=1 width=32)
                           ->  Seq Scan on phoml_trajectory_tmp s_1819  (cost=0.00..95.68 rows=17 width=40)
                                 Filter: ((unix_time >= '1685451608.107'::double precision) AND (unix_time <= '1685451668.107'::double precision))
   ->  Subquery Scan on "*SELECT* 1821"  (cost=97.82..97.83 rows=1 width=76)
         ->  Limit  (cost=97.82..97.82 rows=1 width=84)
               ->  Sort  (cost=97.82..97.82 rows=1 width=84)
                     Sort Key: (st_distance(st_transform(s_1820.the_geom, 25833), schw_1820.schw))
                     ->  Nested Loop  (cost=0.00..97.81 rows=1 width=84)
                           Join Filter: ((st_transform(s_1820.the_geom, 25833) && st_expand(schw_1820.schw, '300'::double precision)) AND (schw_1820.schw && st_expand(st_transform(s_1820.the_geom, 25833), '300'::double precision)) AND _st_dwithin(st_transform(s_1820.the_geom, 25833), schw_1820.schw, '300'::double precision))
                           ->  Function Scan on schw_1820  (cost=0.00..0.01 rows=1 width=32)
                           ->  Seq Scan on phoml_trajectory_tmp s_1820  (cost=0.00..95.68 rows=17 width=40)
                                 Filter: ((unix_time >= '1685451608.588'::double precision) AND (unix_time <= '1685451668.588'::double precision))
   ->  Subquery Scan on "*SELECT* 1822"  (cost=97.82..97.83 rows=1 width=76)
         ->  Limit  (cost=97.82..97.82 rows=1 width=84)
               ->  Sort  (cost=97.82..97.82 rows=1 width=84)
                     Sort Key: (st_distance(st_transform(s_1821.the_geom, 25833), schw_1821.schw))
                     ->  Nested Loop  (cost=0.00..97.81 rows=1 width=84)
                           Join Filter: ((st_transform(s_1821.the_geom, 25833) && st_expand(schw_1821.schw, '300'::double precision)) AND (schw_1821.schw && st_expand(st_transform(s_1821.the_geom, 25833), '300'::double precision)) AND _st_dwithin(st_transform(s_1821.the_geom, 25833), schw_1821.schw, '300'::double precision))
                           ->  Function Scan on schw_1821  (cost=0.00..0.01 rows=1 width=32)
                           ->  Seq Scan on phoml_trajectory_tmp s_1821  (cost=0.00..95.68 rows=17 width=40)
                                 Filter: ((unix_time >= '1685451609.133'::double precision) AND (unix_time <= '1685451669.133'::double precision))
   ->  Subquery Scan on "*SELECT* 1823"  (cost=97.82..97.83 rows=1 width=76)
         ->  Limit  (cost=97.82..97.82 rows=1 width=84)
               ->  Sort  (cost=97.82..97.82 rows=1 width=84)
                     Sort Key: (st_distance(st_transform(s_1822.the_geom, 25833), schw_1822.schw))
                     ->  Nested Loop  (cost=0.00..97.81 rows=1 width=84)
                           Join Filter: ((st_transform(s_1822.the_geom, 25833) && st_expand(schw_1822.schw, '300'::double precision)) AND (schw_1822.schw && st_expand(st_transform(s_1822.the_geom, 25833), '300'::double precision)) AND _st_dwithin(st_transform(s_1822.the_geom, 25833), schw_1822.schw, '300'::double precision))
                           ->  Function Scan on schw_1822  (cost=0.00..0.01 rows=1 width=32)
                           ->  Seq Scan on phoml_trajectory_tmp s_1822  (cost=0.00..95.68 rows=17 width=40)
                                 Filter: ((unix_time >= '1685451609.688'::double precision) AND (unix_time <= '1685451669.688'::double precision))
   ->  Subquery Scan on "*SELECT* 1824"  (cost=97.82..97.83 rows=1 width=76)
         ->  Limit  (cost=97.82..97.82 rows=1 width=84)
               ->  Sort  (cost=97.82..97.82 rows=1 width=84)
                     Sort Key: (st_distance(st_transform(s_1823.the_geom, 25833), schw_1823.schw))
                     ->  Nested Loop  (cost=0.00..97.81 rows=1 width=84)
                           Join Filter: ((st_transform(s_1823.the_geom, 25833) && st_expand(schw_1823.schw, '300'::double precision)) AND (schw_1823.schw && st_expand(st_transform(s_1823.the_geom, 25833), '300'::double precision)) AND _st_dwithin(st_transform(s_1823.the_geom, 25833), schw_1823.schw, '300'::double precision))
                           ->  Function Scan on schw_1823  (cost=0.00..0.01 rows=1 width=32)
                           ->  Seq Scan on phoml_trajectory_tmp s_1823  (cost=0.00..95.68 rows=17 width=40)
                                 Filter: ((unix_time >= '1685451610.258'::double precision) AND (unix_time <= '1685451670.258'::double precision))
   ->  Subquery Scan on "*SELECT* 1825"  (cost=97.82..97.83 rows=1 width=76)
         ->  Limit  (cost=97.82..97.82 rows=1 width=84)
               ->  Sort  (cost=97.82..97.82 rows=1 width=84)
                     Sort Key: (st_distance(st_transform(s_1824.the_geom, 25833), schw_1824.schw))
                     ->  Nested Loop  (cost=0.00..97.81 rows=1 width=84)
                           Join Filter: ((st_transform(s_1824.the_geom, 25833) && st_expand(schw_1824.schw, '300'::double precision)) AND (schw_1824.schw && st_expand(st_transform(s_1824.the_geom, 25833), '300'::double precision)) AND _st_dwithin(st_transform(s_1824.the_geom, 25833), schw_1824.schw, '300'::double precision))
                           ->  Function Scan on schw_1824  (cost=0.00..0.01 rows=1 width=32)
                           ->  Seq Scan on phoml_trajectory_tmp s_1824  (cost=0.00..95.68 rows=17 width=40)
                                 Filter: ((unix_time >= '1685451610.847'::double precision) AND (unix_time <= '1685451670.847'::double precision))
   ->  Subquery Scan on "*SELECT* 1826"  (cost=97.82..97.83 rows=1 width=76)
         ->  Limit  (cost=97.82..97.82 rows=1 width=84)
               ->  Sort  (cost=97.82..97.82 rows=1 width=84)
                     Sort Key: (st_distance(st_transform(s_1825.the_geom, 25833), schw_1825.schw))
                     ->  Nested Loop  (cost=0.00..97.81 rows=1 width=84)
                           Join Filter: ((st_transform(s_1825.the_geom, 25833) && st_expand(schw_1825.schw, '300'::double precision)) AND (schw_1825.schw && st_expand(st_transform(s_1825.the_geom, 25833), '300'::double precision)) AND _st_dwithin(st_transform(s_1825.the_geom, 25833), schw_1825.schw, '300'::double precision))
                           ->  Function Scan on schw_1825  (cost=0.00..0.01 rows=1 width=32)
                           ->  Seq Scan on phoml_trajectory_tmp s_1825  (cost=0.00..95.68 rows=17 width=40)
                                 Filter: ((unix_time >= '1685451611.5'::double precision) AND (unix_time <= '1685451671.5'::double precision))
   ->  Subquery Scan on "*SELECT* 1827"  (cost=97.82..97.83 rows=1 width=76)
         ->  Limit  (cost=97.82..97.82 rows=1 width=84)
               ->  Sort  (cost=97.82..97.82 rows=1 width=84)
                     Sort Key: (st_distance(st_transform(s_1826.the_geom, 25833), schw_1826.schw))
                     ->  Nested Loop  (cost=0.00..97.81 rows=1 width=84)
                           Join Filter: ((st_transform(s_1826.the_geom, 25833) && st_expand(schw_1826.schw, '300'::double precision)) AND (schw_1826.schw && st_expand(st_transform(s_1826.the_geom, 25833), '300'::double precision)) AND _st_dwithin(st_transform(s_1826.the_geom, 25833), schw_1826.schw, '300'::double precision))
                           ->  Function Scan on schw_1826  (cost=0.00..0.01 rows=1 width=32)
                           ->  Seq Scan on phoml_trajectory_tmp s_1826  (cost=0.00..95.68 rows=17 width=40)
                                 Filter: ((unix_time >= '1685451612.173'::double precision) AND (unix_time <= '1685451672.173'::double precision))
   ->  Subquery Scan on "*SELECT* 1828"  (cost=97.82..97.83 rows=1 width=76)
         ->  Limit  (cost=97.82..97.82 rows=1 width=84)
               ->  Sort  (cost=97.82..97.82 rows=1 width=84)
                     Sort Key: (st_distance(st_transform(s_1827.the_geom, 25833), schw_1827.schw))
                     ->  Nested Loop  (cost=0.00..97.81 rows=1 width=84)
                           Join Filter: ((st_transform(s_1827.the_geom, 25833) && st_expand(schw_1827.schw, '300'::double precision)) AND (schw_1827.schw && st_expand(st_transform(s_1827.the_geom, 25833), '300'::double precision)) AND _st_dwithin(st_transform(s_1827.the_geom, 25833), schw_1827.schw, '300'::double precision))
                           ->  Function Scan on schw_1827  (cost=0.00..0.01 rows=1 width=32)
                           ->  Seq Scan on phoml_trajectory_tmp s_1827  (cost=0.00..95.68 rows=17 width=40)
                                 Filter: ((unix_time >= '1685451612.943'::double precision) AND (unix_time <= '1685451672.943'::double precision))
   ->  Subquery Scan on "*SELECT* 1829"  (cost=97.82..97.83 rows=1 width=76)
         ->  Limit  (cost=97.82..97.82 rows=1 width=84)
               ->  Sort  (cost=97.82..97.82 rows=1 width=84)
                     Sort Key: (st_distance(st_transform(s_1828.the_geom, 25833), schw_1828.schw))
                     ->  Nested Loop  (cost=0.00..97.81 rows=1 width=84)
                           Join Filter: ((st_transform(s_1828.the_geom, 25833) && st_expand(schw_1828.schw, '300'::double precision)) AND (schw_1828.schw && st_expand(st_transform(s_1828.the_geom, 25833), '300'::double precision)) AND _st_dwithin(st_transform(s_1828.the_geom, 25833), schw_1828.schw, '300'::double precision))
                           ->  Function Scan on schw_1828  (cost=0.00..0.01 rows=1 width=32)
                           ->  Seq Scan on phoml_trajectory_tmp s_1828  (cost=0.00..95.68 rows=17 width=40)
                                 Filter: ((unix_time >= '1685451613.816'::double precision) AND (unix_time <= '1685451673.816'::double precision))
   ->  Subquery Scan on "*SELECT* 1830"  (cost=97.82..97.83 rows=1 width=76)
         ->  Limit  (cost=97.82..97.82 rows=1 width=84)
               ->  Sort  (cost=97.82..97.82 rows=1 width=84)
                     Sort Key: (st_distance(st_transform(s_1829.the_geom, 25833), schw_1829.schw))
                     ->  Nested Loop  (cost=0.00..97.81 rows=1 width=84)
                           Join Filter: ((st_transform(s_1829.the_geom, 25833) && st_expand(schw_1829.schw, '300'::double precision)) AND (schw_1829.schw && st_expand(st_transform(s_1829.the_geom, 25833), '300'::double precision)) AND _st_dwithin(st_transform(s_1829.the_geom, 25833), schw_1829.schw, '300'::double precision))
                           ->  Function Scan on schw_1829  (cost=0.00..0.01 rows=1 width=32)
                           ->  Seq Scan on phoml_trajectory_tmp s_1829  (cost=0.00..95.68 rows=17 width=40)
                                 Filter: ((unix_time >= '1685451614.827'::double precision) AND (unix_time <= '1685451674.827'::double precision))
   ->  Subquery Scan on "*SELECT* 1831"  (cost=97.82..97.83 rows=1 width=76)
         ->  Limit  (cost=97.82..97.82 rows=1 width=84)
               ->  Sort  (cost=97.82..97.82 rows=1 width=84)
                     Sort Key: (st_distance(st_transform(s_1830.the_geom, 25833), schw_1830.schw))
                     ->  Nested Loop  (cost=0.00..97.81 rows=1 width=84)
                           Join Filter: ((st_transform(s_1830.the_geom, 25833) && st_expand(schw_1830.schw, '300'::double precision)) AND (schw_1830.schw && st_expand(st_transform(s_1830.the_geom, 25833), '300'::double precision)) AND _st_dwithin(st_transform(s_1830.the_geom, 25833), schw_1830.schw, '300'::double precision))
                           ->  Function Scan on schw_1830  (cost=0.00..0.01 rows=1 width=32)
                           ->  Seq Scan on phoml_trajectory_tmp s_1830  (cost=0.00..95.68 rows=17 width=40)
                                 Filter: ((unix_time >= '1685451234.466'::double precision) AND (unix_time <= '1685451294.466'::double precision))
   ->  Subquery Scan on "*SELECT* 1832"  (cost=97.82..97.83 rows=1 width=76)
         ->  Limit  (cost=97.82..97.82 rows=1 width=84)
               ->  Sort  (cost=97.82..97.82 rows=1 width=84)
                     Sort Key: (st_distance(st_transform(s_1831.the_geom, 25833), schw_1831.schw))
                     ->  Nested Loop  (cost=0.00..97.81 rows=1 width=84)
                           Join Filter: ((st_transform(s_1831.the_geom, 25833) && st_expand(schw_1831.schw, '300'::double precision)) AND (schw_1831.schw && st_expand(st_transform(s_1831.the_geom, 25833), '300'::double precision)) AND _st_dwithin(st_transform(s_1831.the_geom, 25833), schw_1831.schw, '300'::double precision))
                           ->  Function Scan on schw_1831  (cost=0.00..0.01 rows=1 width=32)
                           ->  Seq Scan on phoml_trajectory_tmp s_1831  (cost=0.00..95.68 rows=17 width=40)
                                 Filter: ((unix_time >= '1685451237.592'::double precision) AND (unix_time <= '1685451297.592'::double precision))
   ->  Subquery Scan on "*SELECT* 1833"  (cost=97.82..97.83 rows=1 width=76)
         ->  Limit  (cost=97.82..97.82 rows=1 width=84)
               ->  Sort  (cost=97.82..97.82 rows=1 width=84)
                     Sort Key: (st_distance(st_transform(s_1832.the_geom, 25833), schw_1832.schw))
                     ->  Nested Loop  (cost=0.00..97.81 rows=1 width=84)
                           Join Filter: ((st_transform(s_1832.the_geom, 25833) && st_expand(schw_1832.schw, '300'::double precision)) AND (schw_1832.schw && st_expand(st_transform(s_1832.the_geom, 25833), '300'::double precision)) AND _st_dwithin(st_transform(s_1832.the_geom, 25833), schw_1832.schw, '300'::double precision))
                           ->  Function Scan on schw_1832  (cost=0.00..0.01 rows=1 width=32)
                           ->  Seq Scan on phoml_trajectory_tmp s_1832  (cost=0.00..95.68 rows=17 width=40)
                                 Filter: ((unix_time >= '1685451239.425'::double precision) AND (unix_time <= '1685451299.425'::double precision))
   ->  Subquery Scan on "*SELECT* 1834"  (cost=97.82..97.83 rows=1 width=76)
         ->  Limit  (cost=97.82..97.82 rows=1 width=84)
               ->  Sort  (cost=97.82..97.82 rows=1 width=84)
                     Sort Key: (st_distance(st_transform(s_1833.the_geom, 25833), schw_1833.schw))
                     ->  Nested Loop  (cost=0.00..97.81 rows=1 width=84)
                           Join Filter: ((st_transform(s_1833.the_geom, 25833) && st_expand(schw_1833.schw, '300'::double precision)) AND (schw_1833.schw && st_expand(st_transform(s_1833.the_geom, 25833), '300'::double precision)) AND _st_dwithin(st_transform(s_1833.the_geom, 25833), schw_1833.schw, '300'::double precision))
                           ->  Function Scan on schw_1833  (cost=0.00..0.01 rows=1 width=32)
                           ->  Seq Scan on phoml_trajectory_tmp s_1833  (cost=0.00..95.68 rows=17 width=40)
                                 Filter: ((unix_time >= '1685451240.801'::double precision) AND (unix_time <= '1685451300.801'::double precision))
   ->  Subquery Scan on "*SELECT* 1835"  (cost=97.82..97.83 rows=1 width=76)
         ->  Limit  (cost=97.82..97.82 rows=1 width=84)
               ->  Sort  (cost=97.82..97.82 rows=1 width=84)
                     Sort Key: (st_distance(st_transform(s_1834.the_geom, 25833), schw_1834.schw))
                     ->  Nested Loop  (cost=0.00..97.81 rows=1 width=84)
                           Join Filter: ((st_transform(s_1834.the_geom, 25833) && st_expand(schw_1834.schw, '300'::double precision)) AND (schw_1834.schw && st_expand(st_transform(s_1834.the_geom, 25833), '300'::double precision)) AND _st_dwithin(st_transform(s_1834.the_geom, 25833), schw_1834.schw, '300'::double precision))
                           ->  Function Scan on schw_1834  (cost=0.00..0.01 rows=1 width=32)
                           ->  Seq Scan on phoml_trajectory_tmp s_1834  (cost=0.00..95.68 rows=17 width=40)
                                 Filter: ((unix_time >= '1685451241.935'::double precision) AND (unix_time <= '1685451301.935'::double precision))
   ->  Subquery Scan on "*SELECT* 1836"  (cost=97.82..97.83 rows=1 width=76)
         ->  Limit  (cost=97.82..97.82 rows=1 width=84)
               ->  Sort  (cost=97.82..97.82 rows=1 width=84)
                     Sort Key: (st_distance(st_transform(s_1835.the_geom, 25833), schw_1835.schw))
                     ->  Nested Loop  (cost=0.00..97.81 rows=1 width=84)
                           Join Filter: ((st_transform(s_1835.the_geom, 25833) && st_expand(schw_1835.schw, '300'::double precision)) AND (schw_1835.schw && st_expand(st_transform(s_1835.the_geom, 25833), '300'::double precision)) AND _st_dwithin(st_transform(s_1835.the_geom, 25833), schw_1835.schw, '300'::double precision))
                           ->  Function Scan on schw_1835  (cost=0.00..0.01 rows=1 width=32)
                           ->  Seq Scan on phoml_trajectory_tmp s_1835  (cost=0.00..95.68 rows=17 width=40)
                                 Filter: ((unix_time >= '1685451242.931'::double precision) AND (unix_time <= '1685451302.931'::double precision))
   ->  Subquery Scan on "*SELECT* 1837"  (cost=97.82..97.83 rows=1 width=76)
         ->  Limit  (cost=97.82..97.82 rows=1 width=84)
               ->  Sort  (cost=97.82..97.82 rows=1 width=84)
                     Sort Key: (st_distance(st_transform(s_1836.the_geom, 25833), schw_1836.schw))
                     ->  Nested Loop  (cost=0.00..97.81 rows=1 width=84)
                           Join Filter: ((st_transform(s_1836.the_geom, 25833) && st_expand(schw_1836.schw, '300'::double precision)) AND (schw_1836.schw && st_expand(st_transform(s_1836.the_geom, 25833), '300'::double precision)) AND _st_dwithin(st_transform(s_1836.the_geom, 25833), schw_1836.schw, '300'::double precision))
                           ->  Function Scan on schw_1836  (cost=0.00..0.01 rows=1 width=32)
                           ->  Seq Scan on phoml_trajectory_tmp s_1836  (cost=0.00..95.68 rows=17 width=40)
                                 Filter: ((unix_time >= '1685451243.824'::double precision) AND (unix_time <= '1685451303.824'::double precision))
   ->  Subquery Scan on "*SELECT* 1838"  (cost=97.82..97.83 rows=1 width=76)
         ->  Limit  (cost=97.82..97.82 rows=1 width=84)
               ->  Sort  (cost=97.82..97.82 rows=1 width=84)
                     Sort Key: (st_distance(st_transform(s_1837.the_geom, 25833), schw_1837.schw))
                     ->  Nested Loop  (cost=0.00..97.81 rows=1 width=84)
                           Join Filter: ((st_transform(s_1837.the_geom, 25833) && st_expand(schw_1837.schw, '300'::double precision)) AND (schw_1837.schw && st_expand(st_transform(s_1837.the_geom, 25833), '300'::double precision)) AND _st_dwithin(st_transform(s_1837.the_geom, 25833), schw_1837.schw, '300'::double precision))
                           ->  Function Scan on schw_1837  (cost=0.00..0.01 rows=1 width=32)
                           ->  Seq Scan on phoml_trajectory_tmp s_1837  (cost=0.00..95.68 rows=17 width=40)
                                 Filter: ((unix_time >= '1685451244.624'::double precision) AND (unix_time <= '1685451304.624'::double precision))
   ->  Subquery Scan on "*SELECT* 1839"  (cost=97.82..97.83 rows=1 width=76)
         ->  Limit  (cost=97.82..97.82 rows=1 width=84)
               ->  Sort  (cost=97.82..97.82 rows=1 width=84)
                     Sort Key: (st_distance(st_transform(s_1838.the_geom, 25833), schw_1838.schw))
                     ->  Nested Loop  (cost=0.00..97.81 rows=1 width=84)
                           Join Filter: ((st_transform(s_1838.the_geom, 25833) && st_expand(schw_1838.schw, '300'::double precision)) AND (schw_1838.schw && st_expand(st_transform(s_1838.the_geom, 25833), '300'::double precision)) AND _st_dwithin(st_transform(s_1838.the_geom, 25833), schw_1838.schw, '300'::double precision))
                           ->  Function Scan on schw_1838  (cost=0.00..0.01 rows=1 width=32)
                           ->  Seq Scan on phoml_trajectory_tmp s_1838  (cost=0.00..95.68 rows=17 width=40)
                                 Filter: ((unix_time >= '1685451245.372'::double precision) AND (unix_time <= '1685451305.372'::double precision))
   ->  Subquery Scan on "*SELECT* 1840"  (cost=97.82..97.83 rows=1 width=76)
         ->  Limit  (cost=97.82..97.82 rows=1 width=84)
               ->  Sort  (cost=97.82..97.82 rows=1 width=84)
                     Sort Key: (st_distance(st_transform(s_1839.the_geom, 25833), schw_1839.schw))
                     ->  Nested Loop  (cost=0.00..97.81 rows=1 width=84)
                           Join Filter: ((st_transform(s_1839.the_geom, 25833) && st_expand(schw_1839.schw, '300'::double precision)) AND (schw_1839.schw && st_expand(st_transform(s_1839.the_geom, 25833), '300'::double precision)) AND _st_dwithin(st_transform(s_1839.the_geom, 25833), schw_1839.schw, '300'::double precision))
                           ->  Function Scan on schw_1839  (cost=0.00..0.01 rows=1 width=32)
                           ->  Seq Scan on phoml_trajectory_tmp s_1839  (cost=0.00..95.68 rows=17 width=40)
                                 Filter: ((unix_time >= '1685451246.092'::double precision) AND (unix_time <= '1685451306.092'::double precision))
   ->  Subquery Scan on "*SELECT* 1841"  (cost=97.82..97.83 rows=1 width=76)
         ->  Limit  (cost=97.82..97.82 rows=1 width=84)
               ->  Sort  (cost=97.82..97.82 rows=1 width=84)
                     Sort Key: (st_distance(st_transform(s_1840.the_geom, 25833), schw_1840.schw))
                     ->  Nested Loop  (cost=0.00..97.81 rows=1 width=84)
                           Join Filter: ((st_transform(s_1840.the_geom, 25833) && st_expand(schw_1840.schw, '300'::double precision)) AND (schw_1840.schw && st_expand(st_transform(s_1840.the_geom, 25833), '300'::double precision)) AND _st_dwithin(st_transform(s_1840.the_geom, 25833), schw_1840.schw, '300'::double precision))
                           ->  Function Scan on schw_1840  (cost=0.00..0.01 rows=1 width=32)
                           ->  Seq Scan on phoml_trajectory_tmp s_1840  (cost=0.00..95.68 rows=17 width=40)
                                 Filter: ((unix_time >= '1685451246.756'::double precision) AND (unix_time <= '1685451306.756'::double precision))
   ->  Subquery Scan on "*SELECT* 1842"  (cost=97.82..97.83 rows=1 width=76)
         ->  Limit  (cost=97.82..97.82 rows=1 width=84)
               ->  Sort  (cost=97.82..97.82 rows=1 width=84)
                     Sort Key: (st_distance(st_transform(s_1841.the_geom, 25833), schw_1841.schw))
                     ->  Nested Loop  (cost=0.00..97.81 rows=1 width=84)
                           Join Filter: ((st_transform(s_1841.the_geom, 25833) && st_expand(schw_1841.schw, '300'::double precision)) AND (schw_1841.schw && st_expand(st_transform(s_1841.the_geom, 25833), '300'::double precision)) AND _st_dwithin(st_transform(s_1841.the_geom, 25833), schw_1841.schw, '300'::double precision))
                           ->  Function Scan on schw_1841  (cost=0.00..0.01 rows=1 width=32)
                           ->  Seq Scan on phoml_trajectory_tmp s_1841  (cost=0.00..95.68 rows=17 width=40)
                                 Filter: ((unix_time >= '1685451247.426'::double precision) AND (unix_time <= '1685451307.426'::double precision))
   ->  Subquery Scan on "*SELECT* 1843"  (cost=97.82..97.83 rows=1 width=76)
         ->  Limit  (cost=97.82..97.82 rows=1 width=84)
               ->  Sort  (cost=97.82..97.82 rows=1 width=84)
                     Sort Key: (st_distance(st_transform(s_1842.the_geom, 25833), schw_1842.schw))
                     ->  Nested Loop  (cost=0.00..97.81 rows=1 width=84)
                           Join Filter: ((st_transform(s_1842.the_geom, 25833) && st_expand(schw_1842.schw, '300'::double precision)) AND (schw_1842.schw && st_expand(st_transform(s_1842.the_geom, 25833), '300'::double precision)) AND _st_dwithin(st_transform(s_1842.the_geom, 25833), schw_1842.schw, '300'::double precision))
                           ->  Function Scan on schw_1842  (cost=0.00..0.01 rows=1 width=32)
                           ->  Seq Scan on phoml_trajectory_tmp s_1842  (cost=0.00..95.68 rows=17 width=40)
                                 Filter: ((unix_time >= '1685451248.026'::double precision) AND (unix_time <= '1685451308.026'::double precision))
   ->  Subquery Scan on "*SELECT* 1844"  (cost=97.82..97.83 rows=1 width=76)
         ->  Limit  (cost=97.82..97.82 rows=1 width=84)
               ->  Sort  (cost=97.82..97.82 rows=1 width=84)
                     Sort Key: (st_distance(st_transform(s_1843.the_geom, 25833), schw_1843.schw))
                     ->  Nested Loop  (cost=0.00..97.81 rows=1 width=84)
                           Join Filter: ((st_transform(s_1843.the_geom, 25833) && st_expand(schw_1843.schw, '300'::double precision)) AND (schw_1843.schw && st_expand(st_transform(s_1843.the_geom, 25833), '300'::double precision)) AND _st_dwithin(st_transform(s_1843.the_geom, 25833), schw_1843.schw, '300'::double precision))
                           ->  Function Scan on schw_1843  (cost=0.00..0.01 rows=1 width=32)
                           ->  Seq Scan on phoml_trajectory_tmp s_1843  (cost=0.00..95.68 rows=17 width=40)
                                 Filter: ((unix_time >= '1685451248.631'::double precision) AND (unix_time <= '1685451308.631'::double precision))
   ->  Subquery Scan on "*SELECT* 1845"  (cost=97.82..97.83 rows=1 width=76)
         ->  Limit  (cost=97.82..97.82 rows=1 width=84)
               ->  Sort  (cost=97.82..97.82 rows=1 width=84)
                     Sort Key: (st_distance(st_transform(s_1844.the_geom, 25833), schw_1844.schw))
                     ->  Nested Loop  (cost=0.00..97.81 rows=1 width=84)
                           Join Filter: ((st_transform(s_1844.the_geom, 25833) && st_expand(schw_1844.schw, '300'::double precision)) AND (schw_1844.schw && st_expand(st_transform(s_1844.the_geom, 25833), '300'::double precision)) AND _st_dwithin(st_transform(s_1844.the_geom, 25833), schw_1844.schw, '300'::double precision))
                           ->  Function Scan on schw_1844  (cost=0.00..0.01 rows=1 width=32)
                           ->  Seq Scan on phoml_trajectory_tmp s_1844  (cost=0.00..95.68 rows=17 width=40)
                                 Filter: ((unix_time >= '1685451249.215'::double precision) AND (unix_time <= '1685451309.215'::double precision))
   ->  Subquery Scan on "*SELECT* 1846"  (cost=97.82..97.83 rows=1 width=76)
         ->  Limit  (cost=97.82..97.82 rows=1 width=84)
               ->  Sort  (cost=97.82..97.82 rows=1 width=84)
                     Sort Key: (st_distance(st_transform(s_1845.the_geom, 25833), schw_1845.schw))
                     ->  Nested Loop  (cost=0.00..97.81 rows=1 width=84)
                           Join Filter: ((st_transform(s_1845.the_geom, 25833) && st_expand(schw_1845.schw, '300'::double precision)) AND (schw_1845.schw && st_expand(st_transform(s_1845.the_geom, 25833), '300'::double precision)) AND _st_dwithin(st_transform(s_1845.the_geom, 25833), schw_1845.schw, '300'::double precision))
                           ->  Function Scan on schw_1845  (cost=0.00..0.01 rows=1 width=32)
                           ->  Seq Scan on phoml_trajectory_tmp s_1845  (cost=0.00..95.68 rows=17 width=40)
                                 Filter: ((unix_time >= '1685451249.755'::double precision) AND (unix_time <= '1685451309.755'::double precision))
   ->  Subquery Scan on "*SELECT* 1847"  (cost=97.82..97.83 rows=1 width=76)
         ->  Limit  (cost=97.82..97.82 rows=1 width=84)
               ->  Sort  (cost=97.82..97.82 rows=1 width=84)
                     Sort Key: (st_distance(st_transform(s_1846.the_geom, 25833), schw_1846.schw))
                     ->  Nested Loop  (cost=0.00..97.81 rows=1 width=84)
                           Join Filter: ((st_transform(s_1846.the_geom, 25833) && st_expand(schw_1846.schw, '300'::double precision)) AND (schw_1846.schw && st_expand(st_transform(s_1846.the_geom, 25833), '300'::double precision)) AND _st_dwithin(st_transform(s_1846.the_geom, 25833), schw_1846.schw, '300'::double precision))
                           ->  Function Scan on schw_1846  (cost=0.00..0.01 rows=1 width=32)
                           ->  Seq Scan on phoml_trajectory_tmp s_1846  (cost=0.00..95.68 rows=17 width=40)
                                 Filter: ((unix_time >= '1685451250.306'::double precision) AND (unix_time <= '1685451310.306'::double precision))
   ->  Subquery Scan on "*SELECT* 1848"  (cost=97.82..97.83 rows=1 width=76)
         ->  Limit  (cost=97.82..97.82 rows=1 width=84)
               ->  Sort  (cost=97.82..97.82 rows=1 width=84)
                     Sort Key: (st_distance(st_transform(s_1847.the_geom, 25833), schw_1847.schw))
                     ->  Nested Loop  (cost=0.00..97.81 rows=1 width=84)
                           Join Filter: ((st_transform(s_1847.the_geom, 25833) && st_expand(schw_1847.schw, '300'::double precision)) AND (schw_1847.schw && st_expand(st_transform(s_1847.the_geom, 25833), '300'::double precision)) AND _st_dwithin(st_transform(s_1847.the_geom, 25833), schw_1847.schw, '300'::double precision))
                           ->  Function Scan on schw_1847  (cost=0.00..0.01 rows=1 width=32)
                           ->  Seq Scan on phoml_trajectory_tmp s_1847  (cost=0.00..95.68 rows=17 width=40)
                                 Filter: ((unix_time >= '1685451250.826'::double precision) AND (unix_time <= '1685451310.826'::double precision))
   ->  Subquery Scan on "*SELECT* 1849"  (cost=97.82..97.83 rows=1 width=76)
         ->  Limit  (cost=97.82..97.82 rows=1 width=84)
               ->  Sort  (cost=97.82..97.82 rows=1 width=84)
                     Sort Key: (st_distance(st_transform(s_1848.the_geom, 25833), schw_1848.schw))
                     ->  Nested Loop  (cost=0.00..97.81 rows=1 width=84)
                           Join Filter: ((st_transform(s_1848.the_geom, 25833) && st_expand(schw_1848.schw, '300'::double precision)) AND (schw_1848.schw && st_expand(st_transform(s_1848.the_geom, 25833), '300'::double precision)) AND _st_dwithin(st_transform(s_1848.the_geom, 25833), schw_1848.schw, '300'::double precision))
                           ->  Function Scan on schw_1848  (cost=0.00..0.01 rows=1 width=32)
                           ->  Seq Scan on phoml_trajectory_tmp s_1848  (cost=0.00..95.68 rows=17 width=40)
                                 Filter: ((unix_time >= '1685451251.35'::double precision) AND (unix_time <= '1685451311.35'::double precision))
   ->  Subquery Scan on "*SELECT* 1850"  (cost=97.82..97.83 rows=1 width=76)
         ->  Limit  (cost=97.82..97.82 rows=1 width=84)
               ->  Sort  (cost=97.82..97.82 rows=1 width=84)
                     Sort Key: (st_distance(st_transform(s_1849.the_geom, 25833), schw_1849.schw))
                     ->  Nested Loop  (cost=0.00..97.81 rows=1 width=84)
                           Join Filter: ((st_transform(s_1849.the_geom, 25833) && st_expand(schw_1849.schw, '300'::double precision)) AND (schw_1849.schw && st_expand(st_transform(s_1849.the_geom, 25833), '300'::double precision)) AND _st_dwithin(st_transform(s_1849.the_geom, 25833), schw_1849.schw, '300'::double precision))
                           ->  Function Scan on schw_1849  (cost=0.00..0.01 rows=1 width=32)
                           ->  Seq Scan on phoml_trajectory_tmp s_1849  (cost=0.00..95.68 rows=17 width=40)
                                 Filter: ((unix_time >= '1685451251.86'::double precision) AND (unix_time <= '1685451311.86'::double precision))
   ->  Subquery Scan on "*SELECT* 1851"  (cost=97.82..97.83 rows=1 width=76)
         ->  Limit  (cost=97.82..97.82 rows=1 width=84)
               ->  Sort  (cost=97.82..97.82 rows=1 width=84)
                     Sort Key: (st_distance(st_transform(s_1850.the_geom, 25833), schw_1850.schw))
                     ->  Nested Loop  (cost=0.00..97.81 rows=1 width=84)
                           Join Filter: ((st_transform(s_1850.the_geom, 25833) && st_expand(schw_1850.schw, '300'::double precision)) AND (schw_1850.schw && st_expand(st_transform(s_1850.the_geom, 25833), '300'::double precision)) AND _st_dwithin(st_transform(s_1850.the_geom, 25833), schw_1850.schw, '300'::double precision))
                           ->  Function Scan on schw_1850  (cost=0.00..0.01 rows=1 width=32)
                           ->  Seq Scan on phoml_trajectory_tmp s_1850  (cost=0.00..95.68 rows=17 width=40)
                                 Filter: ((unix_time >= '1685451252.356'::double precision) AND (unix_time <= '1685451312.356'::double precision))
   ->  Subquery Scan on "*SELECT* 1852"  (cost=97.82..97.83 rows=1 width=76)
         ->  Limit  (cost=97.82..97.82 rows=1 width=84)
               ->  Sort  (cost=97.82..97.82 rows=1 width=84)
                     Sort Key: (st_distance(st_transform(s_1851.the_geom, 25833), schw_1851.schw))
                     ->  Nested Loop  (cost=0.00..97.81 rows=1 width=84)
                           Join Filter: ((st_transform(s_1851.the_geom, 25833) && st_expand(schw_1851.schw, '300'::double precision)) AND (schw_1851.schw && st_expand(st_transform(s_1851.the_geom, 25833), '300'::double precision)) AND _st_dwithin(st_transform(s_1851.the_geom, 25833), schw_1851.schw, '300'::double precision))
                           ->  Function Scan on schw_1851  (cost=0.00..0.01 rows=1 width=32)
                           ->  Seq Scan on phoml_trajectory_tmp s_1851  (cost=0.00..95.68 rows=17 width=40)
                                 Filter: ((unix_time >= '1685451252.866'::double precision) AND (unix_time <= '1685451312.866'::double precision))
   ->  Subquery Scan on "*SELECT* 1853"  (cost=97.82..97.83 rows=1 width=76)
         ->  Limit  (cost=97.82..97.82 rows=1 width=84)
               ->  Sort  (cost=97.82..97.82 rows=1 width=84)
                     Sort Key: (st_distance(st_transform(s_1852.the_geom, 25833), schw_1852.schw))
                     ->  Nested Loop  (cost=0.00..97.81 rows=1 width=84)
                           Join Filter: ((st_transform(s_1852.the_geom, 25833) && st_expand(schw_1852.schw, '300'::double precision)) AND (schw_1852.schw && st_expand(st_transform(s_1852.the_geom, 25833), '300'::double precision)) AND _st_dwithin(st_transform(s_1852.the_geom, 25833), schw_1852.schw, '300'::double precision))
                           ->  Function Scan on schw_1852  (cost=0.00..0.01 rows=1 width=32)
                           ->  Seq Scan on phoml_trajectory_tmp s_1852  (cost=0.00..95.68 rows=17 width=40)
                                 Filter: ((unix_time >= '1685451253.362'::double precision) AND (unix_time <= '1685451313.362'::double precision))
   ->  Subquery Scan on "*SELECT* 1854"  (cost=97.82..97.83 rows=1 width=76)
         ->  Limit  (cost=97.82..97.82 rows=1 width=84)
               ->  Sort  (cost=97.82..97.82 rows=1 width=84)
                     Sort Key: (st_distance(st_transform(s_1853.the_geom, 25833), schw_1853.schw))
                     ->  Nested Loop  (cost=0.00..97.81 rows=1 width=84)
                           Join Filter: ((st_transform(s_1853.the_geom, 25833) && st_expand(schw_1853.schw, '300'::double precision)) AND (schw_1853.schw && st_expand(st_transform(s_1853.the_geom, 25833), '300'::double precision)) AND _st_dwithin(st_transform(s_1853.the_geom, 25833), schw_1853.schw, '300'::double precision))
                           ->  Function Scan on schw_1853  (cost=0.00..0.01 rows=1 width=32)
                           ->  Seq Scan on phoml_trajectory_tmp s_1853  (cost=0.00..95.68 rows=17 width=40)
                                 Filter: ((unix_time >= '1685451253.852'::double precision) AND (unix_time <= '1685451313.852'::double precision))
   ->  Subquery Scan on "*SELECT* 1855"  (cost=97.82..97.83 rows=1 width=76)
         ->  Limit  (cost=97.82..97.82 rows=1 width=84)
               ->  Sort  (cost=97.82..97.82 rows=1 width=84)
                     Sort Key: (st_distance(st_transform(s_1854.the_geom, 25833), schw_1854.schw))
                     ->  Nested Loop  (cost=0.00..97.81 rows=1 width=84)
                           Join Filter: ((st_transform(s_1854.the_geom, 25833) && st_expand(schw_1854.schw, '300'::double precision)) AND (schw_1854.schw && st_expand(st_transform(s_1854.the_geom, 25833), '300'::double precision)) AND _st_dwithin(st_transform(s_1854.the_geom, 25833), schw_1854.schw, '300'::double precision))
                           ->  Function Scan on schw_1854  (cost=0.00..0.01 rows=1 width=32)
                           ->  Seq Scan on phoml_trajectory_tmp s_1854  (cost=0.00..95.68 rows=17 width=40)
                                 Filter: ((unix_time >= '1685451254.348'::double precision) AND (unix_time <= '1685451314.348'::double precision))
   ->  Subquery Scan on "*SELECT* 1856"  (cost=97.82..97.83 rows=1 width=76)
         ->  Limit  (cost=97.82..97.82 rows=1 width=84)
               ->  Sort  (cost=97.82..97.82 rows=1 width=84)
                     Sort Key: (st_distance(st_transform(s_1855.the_geom, 25833), schw_1855.schw))
                     ->  Nested Loop  (cost=0.00..97.81 rows=1 width=84)
                           Join Filter: ((st_transform(s_1855.the_geom, 25833) && st_expand(schw_1855.schw, '300'::double precision)) AND (schw_1855.schw && st_expand(st_transform(s_1855.the_geom, 25833), '300'::double precision)) AND _st_dwithin(st_transform(s_1855.the_geom, 25833), schw_1855.schw, '300'::double precision))
                           ->  Function Scan on schw_1855  (cost=0.00..0.01 rows=1 width=32)
                           ->  Seq Scan on phoml_trajectory_tmp s_1855  (cost=0.00..95.68 rows=17 width=40)
                                 Filter: ((unix_time >= '1685451254.828'::double precision) AND (unix_time <= '1685451314.828'::double precision))
   ->  Subquery Scan on "*SELECT* 1857"  (cost=97.82..97.83 rows=1 width=76)
         ->  Limit  (cost=97.82..97.82 rows=1 width=84)
               ->  Sort  (cost=97.82..97.82 rows=1 width=84)
                     Sort Key: (st_distance(st_transform(s_1856.the_geom, 25833), schw_1856.schw))
                     ->  Nested Loop  (cost=0.00..97.81 rows=1 width=84)
                           Join Filter: ((st_transform(s_1856.the_geom, 25833) && st_expand(schw_1856.schw, '300'::double precision)) AND (schw_1856.schw && st_expand(st_transform(s_1856.the_geom, 25833), '300'::double precision)) AND _st_dwithin(st_transform(s_1856.the_geom, 25833), schw_1856.schw, '300'::double precision))
                           ->  Function Scan on schw_1856  (cost=0.00..0.01 rows=1 width=32)
                           ->  Seq Scan on phoml_trajectory_tmp s_1856  (cost=0.00..95.68 rows=17 width=40)
                                 Filter: ((unix_time >= '1685451255.301'::double precision) AND (unix_time <= '1685451315.301'::double precision))
   ->  Subquery Scan on "*SELECT* 1858"  (cost=97.82..97.83 rows=1 width=76)
         ->  Limit  (cost=97.82..97.82 rows=1 width=84)
               ->  Sort  (cost=97.82..97.82 rows=1 width=84)
                     Sort Key: (st_distance(st_transform(s_1857.the_geom, 25833), schw_1857.schw))
                     ->  Nested Loop  (cost=0.00..97.81 rows=1 width=84)
                           Join Filter: ((st_transform(s_1857.the_geom, 25833) && st_expand(schw_1857.schw, '300'::double precision)) AND (schw_1857.schw && st_expand(st_transform(s_1857.the_geom, 25833), '300'::double precision)) AND _st_dwithin(st_transform(s_1857.the_geom, 25833), schw_1857.schw, '300'::double precision))
                           ->  Function Scan on schw_1857  (cost=0.00..0.01 rows=1 width=32)
                           ->  Seq Scan on phoml_trajectory_tmp s_1857  (cost=0.00..95.68 rows=17 width=40)
                                 Filter: ((unix_time >= '1685451255.781'::double precision) AND (unix_time <= '1685451315.781'::double precision))
   ->  Subquery Scan on "*SELECT* 1859"  (cost=97.82..97.83 rows=1 width=76)
         ->  Limit  (cost=97.82..97.82 rows=1 width=84)
               ->  Sort  (cost=97.82..97.82 rows=1 width=84)
                     Sort Key: (st_distance(st_transform(s_1858.the_geom, 25833), schw_1858.schw))
                     ->  Nested Loop  (cost=0.00..97.81 rows=1 width=84)
                           Join Filter: ((st_transform(s_1858.the_geom, 25833) && st_expand(schw_1858.schw, '300'::double precision)) AND (schw_1858.schw && st_expand(st_transform(s_1858.the_geom, 25833), '300'::double precision)) AND _st_dwithin(st_transform(s_1858.the_geom, 25833), schw_1858.schw, '300'::double precision))
                           ->  Function Scan on schw_1858  (cost=0.00..0.01 rows=1 width=32)
                           ->  Seq Scan on phoml_trajectory_tmp s_1858  (cost=0.00..95.68 rows=17 width=40)
                                 Filter: ((unix_time >= '1685451256.251'::double precision) AND (unix_time <= '1685451316.251'::double precision))
   ->  Subquery Scan on "*SELECT* 1860"  (cost=97.82..97.83 rows=1 width=76)
         ->  Limit  (cost=97.82..97.82 rows=1 width=84)
               ->  Sort  (cost=97.82..97.82 rows=1 width=84)
                     Sort Key: (st_distance(st_transform(s_1859.the_geom, 25833), schw_1859.schw))
                     ->  Nested Loop  (cost=0.00..97.81 rows=1 width=84)
                           Join Filter: ((st_transform(s_1859.the_geom, 25833) && st_expand(schw_1859.schw, '300'::double precision)) AND (schw_1859.schw && st_expand(st_transform(s_1859.the_geom, 25833), '300'::double precision)) AND _st_dwithin(st_transform(s_1859.the_geom, 25833), schw_1859.schw, '300'::double precision))
                           ->  Function Scan on schw_1859  (cost=0.00..0.01 rows=1 width=32)
                           ->  Seq Scan on phoml_trajectory_tmp s_1859  (cost=0.00..95.68 rows=17 width=40)
                                 Filter: ((unix_time >= '1685451256.721'::double precision) AND (unix_time <= '1685451316.721'::double precision))
   ->  Subquery Scan on "*SELECT* 1861"  (cost=97.82..97.83 rows=1 width=76)
         ->  Limit  (cost=97.82..97.82 rows=1 width=84)
               ->  Sort  (cost=97.82..97.82 rows=1 width=84)
                     Sort Key: (st_distance(st_transform(s_1860.the_geom, 25833), schw_1860.schw))
                     ->  Nested Loop  (cost=0.00..97.81 rows=1 width=84)
                           Join Filter: ((st_transform(s_1860.the_geom, 25833) && st_expand(schw_1860.schw, '300'::double precision)) AND (schw_1860.schw && st_expand(st_transform(s_1860.the_geom, 25833), '300'::double precision)) AND _st_dwithin(st_transform(s_1860.the_geom, 25833), schw_1860.schw, '300'::double precision))
                           ->  Function Scan on schw_1860  (cost=0.00..0.01 rows=1 width=32)
                           ->  Seq Scan on phoml_trajectory_tmp s_1860  (cost=0.00..95.68 rows=17 width=40)
                                 Filter: ((unix_time >= '1685451257.195'::double precision) AND (unix_time <= '1685451317.195'::double precision))
   ->  Subquery Scan on "*SELECT* 1862"  (cost=97.82..97.83 rows=1 width=76)
         ->  Limit  (cost=97.82..97.82 rows=1 width=84)
               ->  Sort  (cost=97.82..97.82 rows=1 width=84)
                     Sort Key: (st_distance(st_transform(s_1861.the_geom, 25833), schw_1861.schw))
                     ->  Nested Loop  (cost=0.00..97.81 rows=1 width=84)
                           Join Filter: ((st_transform(s_1861.the_geom, 25833) && st_expand(schw_1861.schw, '300'::double precision)) AND (schw_1861.schw && st_expand(st_transform(s_1861.the_geom, 25833), '300'::double precision)) AND _st_dwithin(st_transform(s_1861.the_geom, 25833), schw_1861.schw, '300'::double precision))
                           ->  Function Scan on schw_1861  (cost=0.00..0.01 rows=1 width=32)
                           ->  Seq Scan on phoml_trajectory_tmp s_1861  (cost=0.00..95.68 rows=17 width=40)
                                 Filter: ((unix_time >= '1685451257.645'::double precision) AND (unix_time <= '1685451317.645'::double precision))
   ->  Subquery Scan on "*SELECT* 1863"  (cost=97.82..97.83 rows=1 width=76)
         ->  Limit  (cost=97.82..97.82 rows=1 width=84)
               ->  Sort  (cost=97.82..97.82 rows=1 width=84)
                     Sort Key: (st_distance(st_transform(s_1862.the_geom, 25833), schw_1862.schw))
                     ->  Nested Loop  (cost=0.00..97.81 rows=1 width=84)
                           Join Filter: ((st_transform(s_1862.the_geom, 25833) && st_expand(schw_1862.schw, '300'::double precision)) AND (schw_1862.schw && st_expand(st_transform(s_1862.the_geom, 25833), '300'::double precision)) AND _st_dwithin(st_transform(s_1862.the_geom, 25833), schw_1862.schw, '300'::double precision))
                           ->  Function Scan on schw_1862  (cost=0.00..0.01 rows=1 width=32)
                           ->  Seq Scan on phoml_trajectory_tmp s_1862  (cost=0.00..95.68 rows=17 width=40)
                                 Filter: ((unix_time >= '1685451258.095'::double precision) AND (unix_time <= '1685451318.095'::double precision))
   ->  Subquery Scan on "*SELECT* 1864"  (cost=97.82..97.83 rows=1 width=76)
         ->  Limit  (cost=97.82..97.82 rows=1 width=84)
               ->  Sort  (cost=97.82..97.82 rows=1 width=84)
                     Sort Key: (st_distance(st_transform(s_1863.the_geom, 25833), schw_1863.schw))
                     ->  Nested Loop  (cost=0.00..97.81 rows=1 width=84)
                           Join Filter: ((st_transform(s_1863.the_geom, 25833) && st_expand(schw_1863.schw, '300'::double precision)) AND (schw_1863.schw && st_expand(st_transform(s_1863.the_geom, 25833), '300'::double precision)) AND _st_dwithin(st_transform(s_1863.the_geom, 25833), schw_1863.schw, '300'::double precision))
                           ->  Function Scan on schw_1863  (cost=0.00..0.01 rows=1 width=32)
                           ->  Seq Scan on phoml_trajectory_tmp s_1863  (cost=0.00..95.68 rows=17 width=40)
                                 Filter: ((unix_time >= '1685451258.541'::double precision) AND (unix_time <= '1685451318.541'::double precision))
   ->  Subquery Scan on "*SELECT* 1865"  (cost=97.82..97.83 rows=1 width=76)
         ->  Limit  (cost=97.82..97.82 rows=1 width=84)
               ->  Sort  (cost=97.82..97.82 rows=1 width=84)
                     Sort Key: (st_distance(st_transform(s_1864.the_geom, 25833), schw_1864.schw))
                     ->  Nested Loop  (cost=0.00..97.81 rows=1 width=84)
                           Join Filter: ((st_transform(s_1864.the_geom, 25833) && st_expand(schw_1864.schw, '300'::double precision)) AND (schw_1864.schw && st_expand(st_transform(s_1864.the_geom, 25833), '300'::double precision)) AND _st_dwithin(st_transform(s_1864.the_geom, 25833), schw_1864.schw, '300'::double precision))
                           ->  Function Scan on schw_1864  (cost=0.00..0.01 rows=1 width=32)
                           ->  Seq Scan on phoml_trajectory_tmp s_1864  (cost=0.00..95.68 rows=17 width=40)
                                 Filter: ((unix_time >= '1685451259.011'::double precision) AND (unix_time <= '1685451319.011'::double precision))
   ->  Subquery Scan on "*SELECT* 1866"  (cost=97.82..97.83 rows=1 width=76)
         ->  Limit  (cost=97.82..97.82 rows=1 width=84)
               ->  Sort  (cost=97.82..97.82 rows=1 width=84)
                     Sort Key: (st_distance(st_transform(s_1865.the_geom, 25833), schw_1865.schw))
                     ->  Nested Loop  (cost=0.00..97.81 rows=1 width=84)
                           Join Filter: ((st_transform(s_1865.the_geom, 25833) && st_expand(schw_1865.schw, '300'::double precision)) AND (schw_1865.schw && st_expand(st_transform(s_1865.the_geom, 25833), '300'::double precision)) AND _st_dwithin(st_transform(s_1865.the_geom, 25833), schw_1865.schw, '300'::double precision))
                           ->  Function Scan on schw_1865  (cost=0.00..0.01 rows=1 width=32)
                           ->  Seq Scan on phoml_trajectory_tmp s_1865  (cost=0.00..95.68 rows=17 width=40)
                                 Filter: ((unix_time >= '1685451259.449'::double precision) AND (unix_time <= '1685451319.449'::double precision))
   ->  Subquery Scan on "*SELECT* 1867"  (cost=97.82..97.83 rows=1 width=76)
         ->  Limit  (cost=97.82..97.82 rows=1 width=84)
               ->  Sort  (cost=97.82..97.82 rows=1 width=84)
                     Sort Key: (st_distance(st_transform(s_1866.the_geom, 25833), schw_1866.schw))
                     ->  Nested Loop  (cost=0.00..97.81 rows=1 width=84)
                           Join Filter: ((st_transform(s_1866.the_geom, 25833) && st_expand(schw_1866.schw, '300'::double precision)) AND (schw_1866.schw && st_expand(st_transform(s_1866.the_geom, 25833), '300'::double precision)) AND _st_dwithin(st_transform(s_1866.the_geom, 25833), schw_1866.schw, '300'::double precision))
                           ->  Function Scan on schw_1866  (cost=0.00..0.01 rows=1 width=32)
                           ->  Seq Scan on phoml_trajectory_tmp s_1866  (cost=0.00..95.68 rows=17 width=40)
                                 Filter: ((unix_time >= '1685451259.909'::double precision) AND (unix_time <= '1685451319.909'::double precision))
   ->  Subquery Scan on "*SELECT* 1868"  (cost=97.82..97.83 rows=1 width=76)
         ->  Limit  (cost=97.82..97.82 rows=1 width=84)
               ->  Sort  (cost=97.82..97.82 rows=1 width=84)
                     Sort Key: (st_distance(st_transform(s_1867.the_geom, 25833), schw_1867.schw))
                     ->  Nested Loop  (cost=0.00..97.81 rows=1 width=84)
                           Join Filter: ((st_transform(s_1867.the_geom, 25833) && st_expand(schw_1867.schw, '300'::double precision)) AND (schw_1867.schw && st_expand(st_transform(s_1867.the_geom, 25833), '300'::double precision)) AND _st_dwithin(st_transform(s_1867.the_geom, 25833), schw_1867.schw, '300'::double precision))
                           ->  Function Scan on schw_1867  (cost=0.00..0.01 rows=1 width=32)
                           ->  Seq Scan on phoml_trajectory_tmp s_1867  (cost=0.00..95.68 rows=17 width=40)
                                 Filter: ((unix_time >= '1685451260.375'::double precision) AND (unix_time <= '1685451320.375'::double precision))
   ->  Subquery Scan on "*SELECT* 1869"  (cost=97.82..97.83 rows=1 width=76)
         ->  Limit  (cost=97.82..97.82 rows=1 width=84)
               ->  Sort  (cost=97.82..97.82 rows=1 width=84)
                     Sort Key: (st_distance(st_transform(s_1868.the_geom, 25833), schw_1868.schw))
                     ->  Nested Loop  (cost=0.00..97.81 rows=1 width=84)
                           Join Filter: ((st_transform(s_1868.the_geom, 25833) && st_expand(schw_1868.schw, '300'::double precision)) AND (schw_1868.schw && st_expand(st_transform(s_1868.the_geom, 25833), '300'::double precision)) AND _st_dwithin(st_transform(s_1868.the_geom, 25833), schw_1868.schw, '300'::double precision))
                           ->  Function Scan on schw_1868  (cost=0.00..0.01 rows=1 width=32)
                           ->  Seq Scan on phoml_trajectory_tmp s_1868  (cost=0.00..95.68 rows=17 width=40)
                                 Filter: ((unix_time >= '1685451260.815'::double precision) AND (unix_time <= '1685451320.815'::double precision))
   ->  Subquery Scan on "*SELECT* 1870"  (cost=97.82..97.83 rows=1 width=76)
         ->  Limit  (cost=97.82..97.82 rows=1 width=84)
               ->  Sort  (cost=97.82..97.82 rows=1 width=84)
                     Sort Key: (st_distance(st_transform(s_1869.the_geom, 25833), schw_1869.schw))
                     ->  Nested Loop  (cost=0.00..97.81 rows=1 width=84)
                           Join Filter: ((st_transform(s_1869.the_geom, 25833) && st_expand(schw_1869.schw, '300'::double precision)) AND (schw_1869.schw && st_expand(st_transform(s_1869.the_geom, 25833), '300'::double precision)) AND _st_dwithin(st_transform(s_1869.the_geom, 25833), schw_1869.schw, '300'::double precision))
                           ->  Function Scan on schw_1869  (cost=0.00..0.01 rows=1 width=32)
                           ->  Seq Scan on phoml_trajectory_tmp s_1869  (cost=0.00..95.68 rows=17 width=40)
                                 Filter: ((unix_time >= '1685451261.281'::double precision) AND (unix_time <= '1685451321.281'::double precision))
   ->  Subquery Scan on "*SELECT* 1871"  (cost=97.82..97.83 rows=1 width=76)
         ->  Limit  (cost=97.82..97.82 rows=1 width=84)
               ->  Sort  (cost=97.82..97.82 rows=1 width=84)
                     Sort Key: (st_distance(st_transform(s_1870.the_geom, 25833), schw_1870.schw))
                     ->  Nested Loop  (cost=0.00..97.81 rows=1 width=84)
                           Join Filter: ((st_transform(s_1870.the_geom, 25833) && st_expand(schw_1870.schw, '300'::double precision)) AND (schw_1870.schw && st_expand(st_transform(s_1870.the_geom, 25833), '300'::double precision)) AND _st_dwithin(st_transform(s_1870.the_geom, 25833), schw_1870.schw, '300'::double precision))
                           ->  Function Scan on schw_1870  (cost=0.00..0.01 rows=1 width=32)
                           ->  Seq Scan on phoml_trajectory_tmp s_1870  (cost=0.00..95.68 rows=17 width=40)
                                 Filter: ((unix_time >= '1685451261.721'::double precision) AND (unix_time <= '1685451321.721'::double precision))
   ->  Subquery Scan on "*SELECT* 1872"  (cost=97.82..97.83 rows=1 width=76)
         ->  Limit  (cost=97.82..97.82 rows=1 width=84)
               ->  Sort  (cost=97.82..97.82 rows=1 width=84)
                     Sort Key: (st_distance(st_transform(s_1871.the_geom, 25833), schw_1871.schw))
                     ->  Nested Loop  (cost=0.00..97.81 rows=1 width=84)
                           Join Filter: ((st_transform(s_1871.the_geom, 25833) && st_expand(schw_1871.schw, '300'::double precision)) AND (schw_1871.schw && st_expand(st_transform(s_1871.the_geom, 25833), '300'::double precision)) AND _st_dwithin(st_transform(s_1871.the_geom, 25833), schw_1871.schw, '300'::double precision))
                           ->  Function Scan on schw_1871  (cost=0.00..0.01 rows=1 width=32)
                           ->  Seq Scan on phoml_trajectory_tmp s_1871  (cost=0.00..95.68 rows=17 width=40)
                                 Filter: ((unix_time >= '1685451262.17'::double precision) AND (unix_time <= '1685451322.17'::double precision))
   ->  Subquery Scan on "*SELECT* 1873"  (cost=97.82..97.83 rows=1 width=76)
         ->  Limit  (cost=97.82..97.82 rows=1 width=84)
               ->  Sort  (cost=97.82..97.82 rows=1 width=84)
                     Sort Key: (st_distance(st_transform(s_1872.the_geom, 25833), schw_1872.schw))
                     ->  Nested Loop  (cost=0.00..97.81 rows=1 width=84)
                           Join Filter: ((st_transform(s_1872.the_geom, 25833) && st_expand(schw_1872.schw, '300'::double precision)) AND (schw_1872.schw && st_expand(st_transform(s_1872.the_geom, 25833), '300'::double precision)) AND _st_dwithin(st_transform(s_1872.the_geom, 25833), schw_1872.schw, '300'::double precision))
                           ->  Function Scan on schw_1872  (cost=0.00..0.01 rows=1 width=32)
                           ->  Seq Scan on phoml_trajectory_tmp s_1872  (cost=0.00..95.68 rows=17 width=40)
                                 Filter: ((unix_time >= '1685451262.63'::double precision) AND (unix_time <= '1685451322.63'::double precision))
   ->  Subquery Scan on "*SELECT* 1874"  (cost=97.82..97.83 rows=1 width=76)
         ->  Limit  (cost=97.82..97.82 rows=1 width=84)
               ->  Sort  (cost=97.82..97.82 rows=1 width=84)
                     Sort Key: (st_distance(st_transform(s_1873.the_geom, 25833), schw_1873.schw))
                     ->  Nested Loop  (cost=0.00..97.81 rows=1 width=84)
                           Join Filter: ((st_transform(s_1873.the_geom, 25833) && st_expand(schw_1873.schw, '300'::double precision)) AND (schw_1873.schw && st_expand(st_transform(s_1873.the_geom, 25833), '300'::double precision)) AND _st_dwithin(st_transform(s_1873.the_geom, 25833), schw_1873.schw, '300'::double precision))
                           ->  Function Scan on schw_1873  (cost=0.00..0.01 rows=1 width=32)
                           ->  Seq Scan on phoml_trajectory_tmp s_1873  (cost=0.00..95.68 rows=17 width=40)
                                 Filter: ((unix_time >= '1685451263.09'::double precision) AND (unix_time <= '1685451323.09'::double precision))
   ->  Subquery Scan on "*SELECT* 1875"  (cost=97.82..97.83 rows=1 width=76)
         ->  Limit  (cost=97.82..97.82 rows=1 width=84)
               ->  Sort  (cost=97.82..97.82 rows=1 width=84)
                     Sort Key: (st_distance(st_transform(s_1874.the_geom, 25833), schw_1874.schw))
                     ->  Nested Loop  (cost=0.00..97.81 rows=1 width=84)
                           Join Filter: ((st_transform(s_1874.the_geom, 25833) && st_expand(schw_1874.schw, '300'::double precision)) AND (schw_1874.schw && st_expand(st_transform(s_1874.the_geom, 25833), '300'::double precision)) AND _st_dwithin(st_transform(s_1874.the_geom, 25833), schw_1874.schw, '300'::double precision))
                           ->  Function Scan on schw_1874  (cost=0.00..0.01 rows=1 width=32)
                           ->  Seq Scan on phoml_trajectory_tmp s_1874  (cost=0.00..95.68 rows=17 width=40)
                                 Filter: ((unix_time >= '1685451263.543'::double precision) AND (unix_time <= '1685451323.543'::double precision))
   ->  Subquery Scan on "*SELECT* 1876"  (cost=97.82..97.83 rows=1 width=76)
         ->  Limit  (cost=97.82..97.82 rows=1 width=84)
               ->  Sort  (cost=97.82..97.82 rows=1 width=84)
                     Sort Key: (st_distance(st_transform(s_1875.the_geom, 25833), schw_1875.schw))
                     ->  Nested Loop  (cost=0.00..97.81 rows=1 width=84)
                           Join Filter: ((st_transform(s_1875.the_geom, 25833) && st_expand(schw_1875.schw, '300'::double precision)) AND (schw_1875.schw && st_expand(st_transform(s_1875.the_geom, 25833), '300'::double precision)) AND _st_dwithin(st_transform(s_1875.the_geom, 25833), schw_1875.schw, '300'::double precision))
                           ->  Function Scan on schw_1875  (cost=0.00..0.01 rows=1 width=32)
                           ->  Seq Scan on phoml_trajectory_tmp s_1875  (cost=0.00..95.68 rows=17 width=40)
                                 Filter: ((unix_time >= '1685451263.973'::double precision) AND (unix_time <= '1685451323.973'::double precision))
   ->  Subquery Scan on "*SELECT* 1877"  (cost=97.82..97.83 rows=1 width=76)
         ->  Limit  (cost=97.82..97.82 rows=1 width=84)
               ->  Sort  (cost=97.82..97.82 rows=1 width=84)
                     Sort Key: (st_distance(st_transform(s_1876.the_geom, 25833), schw_1876.schw))
                     ->  Nested Loop  (cost=0.00..97.81 rows=1 width=84)
                           Join Filter: ((st_transform(s_1876.the_geom, 25833) && st_expand(schw_1876.schw, '300'::double precision)) AND (schw_1876.schw && st_expand(st_transform(s_1876.the_geom, 25833), '300'::double precision)) AND _st_dwithin(st_transform(s_1876.the_geom, 25833), schw_1876.schw, '300'::double precision))
                           ->  Function Scan on schw_1876  (cost=0.00..0.01 rows=1 width=32)
                           ->  Seq Scan on phoml_trajectory_tmp s_1876  (cost=0.00..95.68 rows=17 width=40)
                                 Filter: ((unix_time >= '1685451264.426'::double precision) AND (unix_time <= '1685451324.426'::double precision))
   ->  Subquery Scan on "*SELECT* 1878"  (cost=97.82..97.83 rows=1 width=76)
         ->  Limit  (cost=97.82..97.82 rows=1 width=84)
               ->  Sort  (cost=97.82..97.82 rows=1 width=84)
                     Sort Key: (st_distance(st_transform(s_1877.the_geom, 25833), schw_1877.schw))
                     ->  Nested Loop  (cost=0.00..97.81 rows=1 width=84)
                           Join Filter: ((st_transform(s_1877.the_geom, 25833) && st_expand(schw_1877.schw, '300'::double precision)) AND (schw_1877.schw && st_expand(st_transform(s_1877.the_geom, 25833), '300'::double precision)) AND _st_dwithin(st_transform(s_1877.the_geom, 25833), schw_1877.schw, '300'::double precision))
                           ->  Function Scan on schw_1877  (cost=0.00..0.01 rows=1 width=32)
                           ->  Seq Scan on phoml_trajectory_tmp s_1877  (cost=0.00..95.68 rows=17 width=40)
                                 Filter: ((unix_time >= '1685451264.866'::double precision) AND (unix_time <= '1685451324.866'::double precision))
   ->  Subquery Scan on "*SELECT* 1879"  (cost=97.82..97.83 rows=1 width=76)
         ->  Limit  (cost=97.82..97.82 rows=1 width=84)
               ->  Sort  (cost=97.82..97.82 rows=1 width=84)
                     Sort Key: (st_distance(st_transform(s_1878.the_geom, 25833), schw_1878.schw))
                     ->  Nested Loop  (cost=0.00..97.81 rows=1 width=84)
                           Join Filter: ((st_transform(s_1878.the_geom, 25833) && st_expand(schw_1878.schw, '300'::double precision)) AND (schw_1878.schw && st_expand(st_transform(s_1878.the_geom, 25833), '300'::double precision)) AND _st_dwithin(st_transform(s_1878.the_geom, 25833), schw_1878.schw, '300'::double precision))
                           ->  Function Scan on schw_1878  (cost=0.00..0.01 rows=1 width=32)
                           ->  Seq Scan on phoml_trajectory_tmp s_1878  (cost=0.00..95.68 rows=17 width=40)
                                 Filter: ((unix_time >= '1685451265.296'::double precision) AND (unix_time <= '1685451325.296'::double precision))
   ->  Subquery Scan on "*SELECT* 1880"  (cost=97.82..97.83 rows=1 width=76)
         ->  Limit  (cost=97.82..97.82 rows=1 width=84)
               ->  Sort  (cost=97.82..97.82 rows=1 width=84)
                     Sort Key: (st_distance(st_transform(s_1879.the_geom, 25833), schw_1879.schw))
                     ->  Nested Loop  (cost=0.00..97.81 rows=1 width=84)
                           Join Filter: ((st_transform(s_1879.the_geom, 25833) && st_expand(schw_1879.schw, '300'::double precision)) AND (schw_1879.schw && st_expand(st_transform(s_1879.the_geom, 25833), '300'::double precision)) AND _st_dwithin(st_transform(s_1879.the_geom, 25833), schw_1879.schw, '300'::double precision))
                           ->  Function Scan on schw_1879  (cost=0.00..0.01 rows=1 width=32)
                           ->  Seq Scan on phoml_trajectory_tmp s_1879  (cost=0.00..95.68 rows=17 width=40)
                                 Filter: ((unix_time >= '1685451265.746'::double precision) AND (unix_time <= '1685451325.746'::double precision))
   ->  Subquery Scan on "*SELECT* 1881"  (cost=97.82..97.83 rows=1 width=76)
         ->  Limit  (cost=97.82..97.82 rows=1 width=84)
               ->  Sort  (cost=97.82..97.82 rows=1 width=84)
                     Sort Key: (st_distance(st_transform(s_1880.the_geom, 25833), schw_1880.schw))
                     ->  Nested Loop  (cost=0.00..97.81 rows=1 width=84)
                           Join Filter: ((st_transform(s_1880.the_geom, 25833) && st_expand(schw_1880.schw, '300'::double precision)) AND (schw_1880.schw && st_expand(st_transform(s_1880.the_geom, 25833), '300'::double precision)) AND _st_dwithin(st_transform(s_1880.the_geom, 25833), schw_1880.schw, '300'::double precision))
                           ->  Function Scan on schw_1880  (cost=0.00..0.01 rows=1 width=32)
                           ->  Seq Scan on phoml_trajectory_tmp s_1880  (cost=0.00..95.68 rows=17 width=40)
                                 Filter: ((unix_time >= '1685451266.195'::double precision) AND (unix_time <= '1685451326.195'::double precision))
   ->  Subquery Scan on "*SELECT* 1882"  (cost=97.82..97.83 rows=1 width=76)
         ->  Limit  (cost=97.82..97.82 rows=1 width=84)
               ->  Sort  (cost=97.82..97.82 rows=1 width=84)
                     Sort Key: (st_distance(st_transform(s_1881.the_geom, 25833), schw_1881.schw))
                     ->  Nested Loop  (cost=0.00..97.81 rows=1 width=84)
                           Join Filter: ((st_transform(s_1881.the_geom, 25833) && st_expand(schw_1881.schw, '300'::double precision)) AND (schw_1881.schw && st_expand(st_transform(s_1881.the_geom, 25833), '300'::double precision)) AND _st_dwithin(st_transform(s_1881.the_geom, 25833), schw_1881.schw, '300'::double precision))
                           ->  Function Scan on schw_1881  (cost=0.00..0.01 rows=1 width=32)
                           ->  Seq Scan on phoml_trajectory_tmp s_1881  (cost=0.00..95.68 rows=17 width=40)
                                 Filter: ((unix_time >= '1685451266.635'::double precision) AND (unix_time <= '1685451326.635'::double precision))
   ->  Subquery Scan on "*SELECT* 1883"  (cost=97.82..97.83 rows=1 width=76)
         ->  Limit  (cost=97.82..97.82 rows=1 width=84)
               ->  Sort  (cost=97.82..97.82 rows=1 width=84)
                     Sort Key: (st_distance(st_transform(s_1882.the_geom, 25833), schw_1882.schw))
                     ->  Nested Loop  (cost=0.00..97.81 rows=1 width=84)
                           Join Filter: ((st_transform(s_1882.the_geom, 25833) && st_expand(schw_1882.schw, '300'::double precision)) AND (schw_1882.schw && st_expand(st_transform(s_1882.the_geom, 25833), '300'::double precision)) AND _st_dwithin(st_transform(s_1882.the_geom, 25833), schw_1882.schw, '300'::double precision))
                           ->  Function Scan on schw_1882  (cost=0.00..0.01 rows=1 width=32)
                           ->  Seq Scan on phoml_trajectory_tmp s_1882  (cost=0.00..95.68 rows=17 width=40)
                                 Filter: ((unix_time >= '1685451267.075'::double precision) AND (unix_time <= '1685451327.075'::double precision))
   ->  Subquery Scan on "*SELECT* 1884"  (cost=97.82..97.83 rows=1 width=76)
         ->  Limit  (cost=97.82..97.82 rows=1 width=84)
               ->  Sort  (cost=97.82..97.82 rows=1 width=84)
                     Sort Key: (st_distance(st_transform(s_1883.the_geom, 25833), schw_1883.schw))
                     ->  Nested Loop  (cost=0.00..97.81 rows=1 width=84)
                           Join Filter: ((st_transform(s_1883.the_geom, 25833) && st_expand(schw_1883.schw, '300'::double precision)) AND (schw_1883.schw && st_expand(st_transform(s_1883.the_geom, 25833), '300'::double precision)) AND _st_dwithin(st_transform(s_1883.the_geom, 25833), schw_1883.schw, '300'::double precision))
                           ->  Function Scan on schw_1883  (cost=0.00..0.01 rows=1 width=32)
                           ->  Seq Scan on phoml_trajectory_tmp s_1883  (cost=0.00..95.68 rows=17 width=40)
                                 Filter: ((unix_time >= '1685451267.513'::double precision) AND (unix_time <= '1685451327.513'::double precision))
   ->  Subquery Scan on "*SELECT* 1885"  (cost=97.82..97.83 rows=1 width=76)
         ->  Limit  (cost=97.82..97.82 rows=1 width=84)
               ->  Sort  (cost=97.82..97.82 rows=1 width=84)
                     Sort Key: (st_distance(st_transform(s_1884.the_geom, 25833), schw_1884.schw))
                     ->  Nested Loop  (cost=0.00..97.81 rows=1 width=84)
                           Join Filter: ((st_transform(s_1884.the_geom, 25833) && st_expand(schw_1884.schw, '300'::double precision)) AND (schw_1884.schw && st_expand(st_transform(s_1884.the_geom, 25833), '300'::double precision)) AND _st_dwithin(st_transform(s_1884.the_geom, 25833), schw_1884.schw, '300'::double precision))
                           ->  Function Scan on schw_1884  (cost=0.00..0.01 rows=1 width=32)
                           ->  Seq Scan on phoml_trajectory_tmp s_1884  (cost=0.00..95.68 rows=17 width=40)
                                 Filter: ((unix_time >= '1685451267.953'::double precision) AND (unix_time <= '1685451327.953'::double precision))
   ->  Subquery Scan on "*SELECT* 1886"  (cost=97.82..97.83 rows=1 width=76)
         ->  Limit  (cost=97.82..97.82 rows=1 width=84)
               ->  Sort  (cost=97.82..97.82 rows=1 width=84)
                     Sort Key: (st_distance(st_transform(s_1885.the_geom, 25833), schw_1885.schw))
                     ->  Nested Loop  (cost=0.00..97.81 rows=1 width=84)
                           Join Filter: ((st_transform(s_1885.the_geom, 25833) && st_expand(schw_1885.schw, '300'::double precision)) AND (schw_1885.schw && st_expand(st_transform(s_1885.the_geom, 25833), '300'::double precision)) AND _st_dwithin(st_transform(s_1885.the_geom, 25833), schw_1885.schw, '300'::double precision))
                           ->  Function Scan on schw_1885  (cost=0.00..0.01 rows=1 width=32)
                           ->  Seq Scan on phoml_trajectory_tmp s_1885  (cost=0.00..95.68 rows=17 width=40)
                                 Filter: ((unix_time >= '1685451268.392'::double precision) AND (unix_time <= '1685451328.392'::double precision))
   ->  Subquery Scan on "*SELECT* 1887"  (cost=97.82..97.83 rows=1 width=76)
         ->  Limit  (cost=97.82..97.82 rows=1 width=84)
               ->  Sort  (cost=97.82..97.82 rows=1 width=84)
                     Sort Key: (st_distance(st_transform(s_1886.the_geom, 25833), schw_1886.schw))
                     ->  Nested Loop  (cost=0.00..97.81 rows=1 width=84)
                           Join Filter: ((st_transform(s_1886.the_geom, 25833) && st_expand(schw_1886.schw, '300'::double precision)) AND (schw_1886.schw && st_expand(st_transform(s_1886.the_geom, 25833), '300'::double precision)) AND _st_dwithin(st_transform(s_1886.the_geom, 25833), schw_1886.schw, '300'::double precision))
                           ->  Function Scan on schw_1886  (cost=0.00..0.01 rows=1 width=32)
                           ->  Seq Scan on phoml_trajectory_tmp s_1886  (cost=0.00..95.68 rows=17 width=40)
                                 Filter: ((unix_time >= '1685451268.812'::double precision) AND (unix_time <= '1685451328.812'::double precision))
   ->  Subquery Scan on "*SELECT* 1888"  (cost=97.82..97.83 rows=1 width=76)
         ->  Limit  (cost=97.82..97.82 rows=1 width=84)
               ->  Sort  (cost=97.82..97.82 rows=1 width=84)
                     Sort Key: (st_distance(st_transform(s_1887.the_geom, 25833), schw_1887.schw))
                     ->  Nested Loop  (cost=0.00..97.81 rows=1 width=84)
                           Join Filter: ((st_transform(s_1887.the_geom, 25833) && st_expand(schw_1887.schw, '300'::double precision)) AND (schw_1887.schw && st_expand(st_transform(s_1887.the_geom, 25833), '300'::double precision)) AND _st_dwithin(st_transform(s_1887.the_geom, 25833), schw_1887.schw, '300'::double precision))
                           ->  Function Scan on schw_1887  (cost=0.00..0.01 rows=1 width=32)
                           ->  Seq Scan on phoml_trajectory_tmp s_1887  (cost=0.00..95.68 rows=17 width=40)
                                 Filter: ((unix_time >= '1685451269.241'::double precision) AND (unix_time <= '1685451329.241'::double precision))
   ->  Subquery Scan on "*SELECT* 1889"  (cost=97.82..97.83 rows=1 width=76)
         ->  Limit  (cost=97.82..97.82 rows=1 width=84)
               ->  Sort  (cost=97.82..97.82 rows=1 width=84)
                     Sort Key: (st_distance(st_transform(s_1888.the_geom, 25833), schw_1888.schw))
                     ->  Nested Loop  (cost=0.00..97.81 rows=1 width=84)
                           Join Filter: ((st_transform(s_1888.the_geom, 25833) && st_expand(schw_1888.schw, '300'::double precision)) AND (schw_1888.schw && st_expand(st_transform(s_1888.the_geom, 25833), '300'::double precision)) AND _st_dwithin(st_transform(s_1888.the_geom, 25833), schw_1888.schw, '300'::double precision))
                           ->  Function Scan on schw_1888  (cost=0.00..0.01 rows=1 width=32)
                           ->  Seq Scan on phoml_trajectory_tmp s_1888  (cost=0.00..95.68 rows=17 width=40)
                                 Filter: ((unix_time >= '1685451269.671'::double precision) AND (unix_time <= '1685451329.671'::double precision))
   ->  Subquery Scan on "*SELECT* 1890"  (cost=97.82..97.83 rows=1 width=76)
         ->  Limit  (cost=97.82..97.82 rows=1 width=84)
               ->  Sort  (cost=97.82..97.82 rows=1 width=84)
                     Sort Key: (st_distance(st_transform(s_1889.the_geom, 25833), schw_1889.schw))
                     ->  Nested Loop  (cost=0.00..97.81 rows=1 width=84)
                           Join Filter: ((st_transform(s_1889.the_geom, 25833) && st_expand(schw_1889.schw, '300'::double precision)) AND (schw_1889.schw && st_expand(st_transform(s_1889.the_geom, 25833), '300'::double precision)) AND _st_dwithin(st_transform(s_1889.the_geom, 25833), schw_1889.schw, '300'::double precision))
                           ->  Function Scan on schw_1889  (cost=0.00..0.01 rows=1 width=32)
                           ->  Seq Scan on phoml_trajectory_tmp s_1889  (cost=0.00..95.68 rows=17 width=40)
                                 Filter: ((unix_time >= '1685451270.101'::double precision) AND (unix_time <= '1685451330.101'::double precision))
   ->  Subquery Scan on "*SELECT* 1891"  (cost=97.82..97.83 rows=1 width=76)
         ->  Limit  (cost=97.82..97.82 rows=1 width=84)
               ->  Sort  (cost=97.82..97.82 rows=1 width=84)
                     Sort Key: (st_distance(st_transform(s_1890.the_geom, 25833), schw_1890.schw))
                     ->  Nested Loop  (cost=0.00..97.81 rows=1 width=84)
                           Join Filter: ((st_transform(s_1890.the_geom, 25833) && st_expand(schw_1890.schw, '300'::double precision)) AND (schw_1890.schw && st_expand(st_transform(s_1890.the_geom, 25833), '300'::double precision)) AND _st_dwithin(st_transform(s_1890.the_geom, 25833), schw_1890.schw, '300'::double precision))
                           ->  Function Scan on schw_1890  (cost=0.00..0.01 rows=1 width=32)
                           ->  Seq Scan on phoml_trajectory_tmp s_1890  (cost=0.00..95.68 rows=17 width=40)
                                 Filter: ((unix_time >= '1685451270.534'::double precision) AND (unix_time <= '1685451330.534'::double precision))
   ->  Subquery Scan on "*SELECT* 1892"  (cost=97.82..97.83 rows=1 width=76)
         ->  Limit  (cost=97.82..97.82 rows=1 width=84)
               ->  Sort  (cost=97.82..97.82 rows=1 width=84)
                     Sort Key: (st_distance(st_transform(s_1891.the_geom, 25833), schw_1891.schw))
                     ->  Nested Loop  (cost=0.00..97.81 rows=1 width=84)
                           Join Filter: ((st_transform(s_1891.the_geom, 25833) && st_expand(schw_1891.schw, '300'::double precision)) AND (schw_1891.schw && st_expand(st_transform(s_1891.the_geom, 25833), '300'::double precision)) AND _st_dwithin(st_transform(s_1891.the_geom, 25833), schw_1891.schw, '300'::double precision))
                           ->  Function Scan on schw_1891  (cost=0.00..0.01 rows=1 width=32)
                           ->  Seq Scan on phoml_trajectory_tmp s_1891  (cost=0.00..95.68 rows=17 width=40)
                                 Filter: ((unix_time >= '1685451270.954'::double precision) AND (unix_time <= '1685451330.954'::double precision))
   ->  Subquery Scan on "*SELECT* 1893"  (cost=97.82..97.83 rows=1 width=76)
         ->  Limit  (cost=97.82..97.82 rows=1 width=84)
               ->  Sort  (cost=97.82..97.82 rows=1 width=84)
                     Sort Key: (st_distance(st_transform(s_1892.the_geom, 25833), schw_1892.schw))
                     ->  Nested Loop  (cost=0.00..97.81 rows=1 width=84)
                           Join Filter: ((st_transform(s_1892.the_geom, 25833) && st_expand(schw_1892.schw, '300'::double precision)) AND (schw_1892.schw && st_expand(st_transform(s_1892.the_geom, 25833), '300'::double precision)) AND _st_dwithin(st_transform(s_1892.the_geom, 25833), schw_1892.schw, '300'::double precision))
                           ->  Function Scan on schw_1892  (cost=0.00..0.01 rows=1 width=32)
                           ->  Seq Scan on phoml_trajectory_tmp s_1892  (cost=0.00..95.68 rows=17 width=40)
                                 Filter: ((unix_time >= '1685451271.373'::double precision) AND (unix_time <= '1685451331.373'::double precision))
   ->  Subquery Scan on "*SELECT* 1894"  (cost=97.82..97.83 rows=1 width=76)
         ->  Limit  (cost=97.82..97.82 rows=1 width=84)
               ->  Sort  (cost=97.82..97.82 rows=1 width=84)
                     Sort Key: (st_distance(st_transform(s_1893.the_geom, 25833), schw_1893.schw))
                     ->  Nested Loop  (cost=0.00..97.81 rows=1 width=84)
                           Join Filter: ((st_transform(s_1893.the_geom, 25833) && st_expand(schw_1893.schw, '300'::double precision)) AND (schw_1893.schw && st_expand(st_transform(s_1893.the_geom, 25833), '300'::double precision)) AND _st_dwithin(st_transform(s_1893.the_geom, 25833), schw_1893.schw, '300'::double precision))
                           ->  Function Scan on schw_1893  (cost=0.00..0.01 rows=1 width=32)
                           ->  Seq Scan on phoml_trajectory_tmp s_1893  (cost=0.00..95.68 rows=17 width=40)
                                 Filter: ((unix_time >= '1685451271.793'::double precision) AND (unix_time <= '1685451331.793'::double precision))
   ->  Subquery Scan on "*SELECT* 1895"  (cost=97.82..97.83 rows=1 width=76)
         ->  Limit  (cost=97.82..97.82 rows=1 width=84)
               ->  Sort  (cost=97.82..97.82 rows=1 width=84)
                     Sort Key: (st_distance(st_transform(s_1894.the_geom, 25833), schw_1894.schw))
                     ->  Nested Loop  (cost=0.00..97.81 rows=1 width=84)
                           Join Filter: ((st_transform(s_1894.the_geom, 25833) && st_expand(schw_1894.schw, '300'::double precision)) AND (schw_1894.schw && st_expand(st_transform(s_1894.the_geom, 25833), '300'::double precision)) AND _st_dwithin(st_transform(s_1894.the_geom, 25833), schw_1894.schw, '300'::double precision))
                           ->  Function Scan on schw_1894  (cost=0.00..0.01 rows=1 width=32)
                           ->  Seq Scan on phoml_trajectory_tmp s_1894  (cost=0.00..95.68 rows=17 width=40)
                                 Filter: ((unix_time >= '1685451272.237'::double precision) AND (unix_time <= '1685451332.237'::double precision))
   ->  Subquery Scan on "*SELECT* 1896"  (cost=97.82..97.83 rows=1 width=76)
         ->  Limit  (cost=97.82..97.82 rows=1 width=84)
               ->  Sort  (cost=97.82..97.82 rows=1 width=84)
                     Sort Key: (st_distance(st_transform(s_1895.the_geom, 25833), schw_1895.schw))
                     ->  Nested Loop  (cost=0.00..97.81 rows=1 width=84)
                           Join Filter: ((st_transform(s_1895.the_geom, 25833) && st_expand(schw_1895.schw, '300'::double precision)) AND (schw_1895.schw && st_expand(st_transform(s_1895.the_geom, 25833), '300'::double precision)) AND _st_dwithin(st_transform(s_1895.the_geom, 25833), schw_1895.schw, '300'::double precision))
                           ->  Function Scan on schw_1895  (cost=0.00..0.01 rows=1 width=32)
                           ->  Seq Scan on phoml_trajectory_tmp s_1895  (cost=0.00..95.68 rows=17 width=40)
                                 Filter: ((unix_time >= '1685451272.637'::double precision) AND (unix_time <= '1685451332.637'::double precision))
   ->  Subquery Scan on "*SELECT* 1897"  (cost=97.82..97.83 rows=1 width=76)
         ->  Limit  (cost=97.82..97.82 rows=1 width=84)
               ->  Sort  (cost=97.82..97.82 rows=1 width=84)
                     Sort Key: (st_distance(st_transform(s_1896.the_geom, 25833), schw_1896.schw))
                     ->  Nested Loop  (cost=0.00..97.81 rows=1 width=84)
                           Join Filter: ((st_transform(s_1896.the_geom, 25833) && st_expand(schw_1896.schw, '300'::double precision)) AND (schw_1896.schw && st_expand(st_transform(s_1896.the_geom, 25833), '300'::double precision)) AND _st_dwithin(st_transform(s_1896.the_geom, 25833), schw_1896.schw, '300'::double precision))
                           ->  Function Scan on schw_1896  (cost=0.00..0.01 rows=1 width=32)
                           ->  Seq Scan on phoml_trajectory_tmp s_1896  (cost=0.00..95.68 rows=17 width=40)
                                 Filter: ((unix_time >= '1685451273.047'::double precision) AND (unix_time <= '1685451333.047'::double precision))
   ->  Subquery Scan on "*SELECT* 1898"  (cost=97.82..97.83 rows=1 width=76)
         ->  Limit  (cost=97.82..97.82 rows=1 width=84)
               ->  Sort  (cost=97.82..97.82 rows=1 width=84)
                     Sort Key: (st_distance(st_transform(s_1897.the_geom, 25833), schw_1897.schw))
                     ->  Nested Loop  (cost=0.00..97.81 rows=1 width=84)
                           Join Filter: ((st_transform(s_1897.the_geom, 25833) && st_expand(schw_1897.schw, '300'::double precision)) AND (schw_1897.schw && st_expand(st_transform(s_1897.the_geom, 25833), '300'::double precision)) AND _st_dwithin(st_transform(s_1897.the_geom, 25833), schw_1897.schw, '300'::double precision))
                           ->  Function Scan on schw_1897  (cost=0.00..0.01 rows=1 width=32)
                           ->  Seq Scan on phoml_trajectory_tmp s_1897  (cost=0.00..95.68 rows=17 width=40)
                                 Filter: ((unix_time >= '1685451273.482'::double precision) AND (unix_time <= '1685451333.482'::double precision))
   ->  Subquery Scan on "*SELECT* 1899"  (cost=97.82..97.83 rows=1 width=76)
         ->  Limit  (cost=97.82..97.82 rows=1 width=84)
               ->  Sort  (cost=97.82..97.82 rows=1 width=84)
                     Sort Key: (st_distance(st_transform(s_1898.the_geom, 25833), schw_1898.schw))
                     ->  Nested Loop  (cost=0.00..97.81 rows=1 width=84)
                           Join Filter: ((st_transform(s_1898.the_geom, 25833) && st_expand(schw_1898.schw, '300'::double precision)) AND (schw_1898.schw && st_expand(st_transform(s_1898.the_geom, 25833), '300'::double precision)) AND _st_dwithin(st_transform(s_1898.the_geom, 25833), schw_1898.schw, '300'::double precision))
                           ->  Function Scan on schw_1898  (cost=0.00..0.01 rows=1 width=32)
                           ->  Seq Scan on phoml_trajectory_tmp s_1898  (cost=0.00..95.68 rows=17 width=40)
                                 Filter: ((unix_time >= '1685451273.912'::double precision) AND (unix_time <= '1685451333.912'::double precision))
   ->  Subquery Scan on "*SELECT* 1900"  (cost=97.82..97.83 rows=1 width=76)
         ->  Limit  (cost=97.82..97.82 rows=1 width=84)
               ->  Sort  (cost=97.82..97.82 rows=1 width=84)
                     Sort Key: (st_distance(st_transform(s_1899.the_geom, 25833), schw_1899.schw))
                     ->  Nested Loop  (cost=0.00..97.81 rows=1 width=84)
                           Join Filter: ((st_transform(s_1899.the_geom, 25833) && st_expand(schw_1899.schw, '300'::double precision)) AND (schw_1899.schw && st_expand(st_transform(s_1899.the_geom, 25833), '300'::double precision)) AND _st_dwithin(st_transform(s_1899.the_geom, 25833), schw_1899.schw, '300'::double precision))
                           ->  Function Scan on schw_1899  (cost=0.00..0.01 rows=1 width=32)
                           ->  Seq Scan on phoml_trajectory_tmp s_1899  (cost=0.00..95.68 rows=17 width=40)
                                 Filter: ((unix_time >= '1685451274.335'::double precision) AND (unix_time <= '1685451334.335'::double precision))
   ->  Subquery Scan on "*SELECT* 1901"  (cost=97.82..97.83 rows=1 width=76)
         ->  Limit  (cost=97.82..97.82 rows=1 width=84)
               ->  Sort  (cost=97.82..97.82 rows=1 width=84)
                     Sort Key: (st_distance(st_transform(s_1900.the_geom, 25833), schw_1900.schw))
                     ->  Nested Loop  (cost=0.00..97.81 rows=1 width=84)
                           Join Filter: ((st_transform(s_1900.the_geom, 25833) && st_expand(schw_1900.schw, '300'::double precision)) AND (schw_1900.schw && st_expand(st_transform(s_1900.the_geom, 25833), '300'::double precision)) AND _st_dwithin(st_transform(s_1900.the_geom, 25833), schw_1900.schw, '300'::double precision))
                           ->  Function Scan on schw_1900  (cost=0.00..0.01 rows=1 width=32)
                           ->  Seq Scan on phoml_trajectory_tmp s_1900  (cost=0.00..95.68 rows=17 width=40)
                                 Filter: ((unix_time >= '1685451274.764'::double precision) AND (unix_time <= '1685451334.764'::double precision))
   ->  Subquery Scan on "*SELECT* 1902"  (cost=97.82..97.83 rows=1 width=76)
         ->  Limit  (cost=97.82..97.82 rows=1 width=84)
               ->  Sort  (cost=97.82..97.82 rows=1 width=84)
                     Sort Key: (st_distance(st_transform(s_1901.the_geom, 25833), schw_1901.schw))
                     ->  Nested Loop  (cost=0.00..97.81 rows=1 width=84)
                           Join Filter: ((st_transform(s_1901.the_geom, 25833) && st_expand(schw_1901.schw, '300'::double precision)) AND (schw_1901.schw && st_expand(st_transform(s_1901.the_geom, 25833), '300'::double precision)) AND _st_dwithin(st_transform(s_1901.the_geom, 25833), schw_1901.schw, '300'::double precision))
                           ->  Function Scan on schw_1901  (cost=0.00..0.01 rows=1 width=32)
                           ->  Seq Scan on phoml_trajectory_tmp s_1901  (cost=0.00..95.68 rows=17 width=40)
                                 Filter: ((unix_time >= '1685451275.191'::double precision) AND (unix_time <= '1685451335.191'::double precision))
   ->  Subquery Scan on "*SELECT* 1903"  (cost=97.82..97.83 rows=1 width=76)
         ->  Limit  (cost=97.82..97.82 rows=1 width=84)
               ->  Sort  (cost=97.82..97.82 rows=1 width=84)
                     Sort Key: (st_distance(st_transform(s_1902.the_geom, 25833), schw_1902.schw))
                     ->  Nested Loop  (cost=0.00..97.81 rows=1 width=84)
                           Join Filter: ((st_transform(s_1902.the_geom, 25833) && st_expand(schw_1902.schw, '300'::double precision)) AND (schw_1902.schw && st_expand(st_transform(s_1902.the_geom, 25833), '300'::double precision)) AND _st_dwithin(st_transform(s_1902.the_geom, 25833), schw_1902.schw, '300'::double precision))
                           ->  Function Scan on schw_1902  (cost=0.00..0.01 rows=1 width=32)
                           ->  Seq Scan on phoml_trajectory_tmp s_1902  (cost=0.00..95.68 rows=17 width=40)
                                 Filter: ((unix_time >= '1685451275.611'::double precision) AND (unix_time <= '1685451335.611'::double precision))
   ->  Subquery Scan on "*SELECT* 1904"  (cost=97.82..97.83 rows=1 width=76)
         ->  Limit  (cost=97.82..97.82 rows=1 width=84)
               ->  Sort  (cost=97.82..97.82 rows=1 width=84)
                     Sort Key: (st_distance(st_transform(s_1903.the_geom, 25833), schw_1903.schw))
                     ->  Nested Loop  (cost=0.00..97.81 rows=1 width=84)
                           Join Filter: ((st_transform(s_1903.the_geom, 25833) && st_expand(schw_1903.schw, '300'::double precision)) AND (schw_1903.schw && st_expand(st_transform(s_1903.the_geom, 25833), '300'::double precision)) AND _st_dwithin(st_transform(s_1903.the_geom, 25833), schw_1903.schw, '300'::double precision))
                           ->  Function Scan on schw_1903  (cost=0.00..0.01 rows=1 width=32)
                           ->  Seq Scan on phoml_trajectory_tmp s_1903  (cost=0.00..95.68 rows=17 width=40)
                                 Filter: ((unix_time >= '1685451276.041'::double precision) AND (unix_time <= '1685451336.041'::double precision))
   ->  Subquery Scan on "*SELECT* 1905"  (cost=97.82..97.83 rows=1 width=76)
         ->  Limit  (cost=97.82..97.82 rows=1 width=84)
               ->  Sort  (cost=97.82..97.82 rows=1 width=84)
                     Sort Key: (st_distance(st_transform(s_1904.the_geom, 25833), schw_1904.schw))
                     ->  Nested Loop  (cost=0.00..97.81 rows=1 width=84)
                           Join Filter: ((st_transform(s_1904.the_geom, 25833) && st_expand(schw_1904.schw, '300'::double precision)) AND (schw_1904.schw && st_expand(st_transform(s_1904.the_geom, 25833), '300'::double precision)) AND _st_dwithin(st_transform(s_1904.the_geom, 25833), schw_1904.schw, '300'::double precision))
                           ->  Function Scan on schw_1904  (cost=0.00..0.01 rows=1 width=32)
                           ->  Seq Scan on phoml_trajectory_tmp s_1904  (cost=0.00..95.68 rows=17 width=40)
                                 Filter: ((unix_time >= '1685451276.466'::double precision) AND (unix_time <= '1685451336.466'::double precision))
   ->  Subquery Scan on "*SELECT* 1906"  (cost=97.82..97.83 rows=1 width=76)
         ->  Limit  (cost=97.82..97.82 rows=1 width=84)
               ->  Sort  (cost=97.82..97.82 rows=1 width=84)
                     Sort Key: (st_distance(st_transform(s_1905.the_geom, 25833), schw_1905.schw))
                     ->  Nested Loop  (cost=0.00..97.81 rows=1 width=84)
                           Join Filter: ((st_transform(s_1905.the_geom, 25833) && st_expand(schw_1905.schw, '300'::double precision)) AND (schw_1905.schw && st_expand(st_transform(s_1905.the_geom, 25833), '300'::double precision)) AND _st_dwithin(st_transform(s_1905.the_geom, 25833), schw_1905.schw, '300'::double precision))
                           ->  Function Scan on schw_1905  (cost=0.00..0.01 rows=1 width=32)
                           ->  Seq Scan on phoml_trajectory_tmp s_1905  (cost=0.00..95.68 rows=17 width=40)
                                 Filter: ((unix_time >= '1685451276.886'::double precision) AND (unix_time <= '1685451336.886'::double precision))
   ->  Subquery Scan on "*SELECT* 1907"  (cost=97.82..97.83 rows=1 width=76)
         ->  Limit  (cost=97.82..97.82 rows=1 width=84)
               ->  Sort  (cost=97.82..97.82 rows=1 width=84)
                     Sort Key: (st_distance(st_transform(s_1906.the_geom, 25833), schw_1906.schw))
                     ->  Nested Loop  (cost=0.00..97.81 rows=1 width=84)
                           Join Filter: ((st_transform(s_1906.the_geom, 25833) && st_expand(schw_1906.schw, '300'::double precision)) AND (schw_1906.schw && st_expand(st_transform(s_1906.the_geom, 25833), '300'::double precision)) AND _st_dwithin(st_transform(s_1906.the_geom, 25833), schw_1906.schw, '300'::double precision))
                           ->  Function Scan on schw_1906  (cost=0.00..0.01 rows=1 width=32)
                           ->  Seq Scan on phoml_trajectory_tmp s_1906  (cost=0.00..95.68 rows=17 width=40)
                                 Filter: ((unix_time >= '1685451277.31'::double precision) AND (unix_time <= '1685451337.31'::double precision))
   ->  Subquery Scan on "*SELECT* 1908"  (cost=97.82..97.83 rows=1 width=76)
         ->  Limit  (cost=97.82..97.82 rows=1 width=84)
               ->  Sort  (cost=97.82..97.82 rows=1 width=84)
                     Sort Key: (st_distance(st_transform(s_1907.the_geom, 25833), schw_1907.schw))
                     ->  Nested Loop  (cost=0.00..97.81 rows=1 width=84)
                           Join Filter: ((st_transform(s_1907.the_geom, 25833) && st_expand(schw_1907.schw, '300'::double precision)) AND (schw_1907.schw && st_expand(st_transform(s_1907.the_geom, 25833), '300'::double precision)) AND _st_dwithin(st_transform(s_1907.the_geom, 25833), schw_1907.schw, '300'::double precision))
                           ->  Function Scan on schw_1907  (cost=0.00..0.01 rows=1 width=32)
                           ->  Seq Scan on phoml_trajectory_tmp s_1907  (cost=0.00..95.68 rows=17 width=40)
                                 Filter: ((unix_time >= '1685451277.73'::double precision) AND (unix_time <= '1685451337.73'::double precision))
   ->  Subquery Scan on "*SELECT* 1909"  (cost=97.82..97.83 rows=1 width=76)
         ->  Limit  (cost=97.82..97.82 rows=1 width=84)
               ->  Sort  (cost=97.82..97.82 rows=1 width=84)
                     Sort Key: (st_distance(st_transform(s_1908.the_geom, 25833), schw_1908.schw))
                     ->  Nested Loop  (cost=0.00..97.81 rows=1 width=84)
                           Join Filter: ((st_transform(s_1908.the_geom, 25833) && st_expand(schw_1908.schw, '300'::double precision)) AND (schw_1908.schw && st_expand(st_transform(s_1908.the_geom, 25833), '300'::double precision)) AND _st_dwithin(st_transform(s_1908.the_geom, 25833), schw_1908.schw, '300'::double precision))
                           ->  Function Scan on schw_1908  (cost=0.00..0.01 rows=1 width=32)
                           ->  Seq Scan on phoml_trajectory_tmp s_1908  (cost=0.00..95.68 rows=17 width=40)
                                 Filter: ((unix_time >= '1685451278.133'::double precision) AND (unix_time <= '1685451338.133'::double precision))
   ->  Subquery Scan on "*SELECT* 1910"  (cost=97.82..97.83 rows=1 width=76)
         ->  Limit  (cost=97.82..97.82 rows=1 width=84)
               ->  Sort  (cost=97.82..97.82 rows=1 width=84)
                     Sort Key: (st_distance(st_transform(s_1909.the_geom, 25833), schw_1909.schw))
                     ->  Nested Loop  (cost=0.00..97.81 rows=1 width=84)
                           Join Filter: ((st_transform(s_1909.the_geom, 25833) && st_expand(schw_1909.schw, '300'::double precision)) AND (schw_1909.schw && st_expand(st_transform(s_1909.the_geom, 25833), '300'::double precision)) AND _st_dwithin(st_transform(s_1909.the_geom, 25833), schw_1909.schw, '300'::double precision))
                           ->  Function Scan on schw_1909  (cost=0.00..0.01 rows=1 width=32)
                           ->  Seq Scan on phoml_trajectory_tmp s_1909  (cost=0.00..95.68 rows=17 width=40)
                                 Filter: ((unix_time >= '1685451278.563'::double precision) AND (unix_time <= '1685451338.563'::double precision))
   ->  Subquery Scan on "*SELECT* 1911"  (cost=97.82..97.83 rows=1 width=76)
         ->  Limit  (cost=97.82..97.82 rows=1 width=84)
               ->  Sort  (cost=97.82..97.82 rows=1 width=84)
                     Sort Key: (st_distance(st_transform(s_1910.the_geom, 25833), schw_1910.schw))
                     ->  Nested Loop  (cost=0.00..97.81 rows=1 width=84)
                           Join Filter: ((st_transform(s_1910.the_geom, 25833) && st_expand(schw_1910.schw, '300'::double precision)) AND (schw_1910.schw && st_expand(st_transform(s_1910.the_geom, 25833), '300'::double precision)) AND _st_dwithin(st_transform(s_1910.the_geom, 25833), schw_1910.schw, '300'::double precision))
                           ->  Function Scan on schw_1910  (cost=0.00..0.01 rows=1 width=32)
                           ->  Seq Scan on phoml_trajectory_tmp s_1910  (cost=0.00..95.68 rows=17 width=40)
                                 Filter: ((unix_time >= '1685451278.973'::double precision) AND (unix_time <= '1685451338.973'::double precision))
   ->  Subquery Scan on "*SELECT* 1912"  (cost=97.82..97.83 rows=1 width=76)
         ->  Limit  (cost=97.82..97.82 rows=1 width=84)
               ->  Sort  (cost=97.82..97.82 rows=1 width=84)
                     Sort Key: (st_distance(st_transform(s_1911.the_geom, 25833), schw_1911.schw))
                     ->  Nested Loop  (cost=0.00..97.81 rows=1 width=84)
                           Join Filter: ((st_transform(s_1911.the_geom, 25833) && st_expand(schw_1911.schw, '300'::double precision)) AND (schw_1911.schw && st_expand(st_transform(s_1911.the_geom, 25833), '300'::double precision)) AND _st_dwithin(st_transform(s_1911.the_geom, 25833), schw_1911.schw, '300'::double precision))
                           ->  Function Scan on schw_1911  (cost=0.00..0.01 rows=1 width=32)
                           ->  Seq Scan on phoml_trajectory_tmp s_1911  (cost=0.00..95.68 rows=17 width=40)
                                 Filter: ((unix_time >= '1685451279.391'::double precision) AND (unix_time <= '1685451339.391'::double precision))
   ->  Subquery Scan on "*SELECT* 1913"  (cost=97.82..97.83 rows=1 width=76)
         ->  Limit  (cost=97.82..97.82 rows=1 width=84)
               ->  Sort  (cost=97.82..97.82 rows=1 width=84)
                     Sort Key: (st_distance(st_transform(s_1912.the_geom, 25833), schw_1912.schw))
                     ->  Nested Loop  (cost=0.00..97.81 rows=1 width=84)
                           Join Filter: ((st_transform(s_1912.the_geom, 25833) && st_expand(schw_1912.schw, '300'::double precision)) AND (schw_1912.schw && st_expand(st_transform(s_1912.the_geom, 25833), '300'::double precision)) AND _st_dwithin(st_transform(s_1912.the_geom, 25833), schw_1912.schw, '300'::double precision))
                           ->  Function Scan on schw_1912  (cost=0.00..0.01 rows=1 width=32)
                           ->  Seq Scan on phoml_trajectory_tmp s_1912  (cost=0.00..95.68 rows=17 width=40)
                                 Filter: ((unix_time >= '1685451279.801'::double precision) AND (unix_time <= '1685451339.801'::double precision))
   ->  Subquery Scan on "*SELECT* 1914"  (cost=97.82..97.83 rows=1 width=76)
         ->  Limit  (cost=97.82..97.82 rows=1 width=84)
               ->  Sort  (cost=97.82..97.82 rows=1 width=84)
                     Sort Key: (st_distance(st_transform(s_1913.the_geom, 25833), schw_1913.schw))
                     ->  Nested Loop  (cost=0.00..97.81 rows=1 width=84)
                           Join Filter: ((st_transform(s_1913.the_geom, 25833) && st_expand(schw_1913.schw, '300'::double precision)) AND (schw_1913.schw && st_expand(st_transform(s_1913.the_geom, 25833), '300'::double precision)) AND _st_dwithin(st_transform(s_1913.the_geom, 25833), schw_1913.schw, '300'::double precision))
                           ->  Function Scan on schw_1913  (cost=0.00..0.01 rows=1 width=32)
                           ->  Seq Scan on phoml_trajectory_tmp s_1913  (cost=0.00..95.68 rows=17 width=40)
                                 Filter: ((unix_time >= '1685451280.224'::double precision) AND (unix_time <= '1685451340.224'::double precision))
   ->  Subquery Scan on "*SELECT* 1915"  (cost=97.82..97.83 rows=1 width=76)
         ->  Limit  (cost=97.82..97.82 rows=1 width=84)
               ->  Sort  (cost=97.82..97.82 rows=1 width=84)
                     Sort Key: (st_distance(st_transform(s_1914.the_geom, 25833), schw_1914.schw))
                     ->  Nested Loop  (cost=0.00..97.81 rows=1 width=84)
                           Join Filter: ((st_transform(s_1914.the_geom, 25833) && st_expand(schw_1914.schw, '300'::double precision)) AND (schw_1914.schw && st_expand(st_transform(s_1914.the_geom, 25833), '300'::double precision)) AND _st_dwithin(st_transform(s_1914.the_geom, 25833), schw_1914.schw, '300'::double precision))
                           ->  Function Scan on schw_1914  (cost=0.00..0.01 rows=1 width=32)
                           ->  Seq Scan on phoml_trajectory_tmp s_1914  (cost=0.00..95.68 rows=17 width=40)
                                 Filter: ((unix_time >= '1685451280.644'::double precision) AND (unix_time <= '1685451340.644'::double precision))
   ->  Subquery Scan on "*SELECT* 1916"  (cost=97.82..97.83 rows=1 width=76)
         ->  Limit  (cost=97.82..97.82 rows=1 width=84)
               ->  Sort  (cost=97.82..97.82 rows=1 width=84)
                     Sort Key: (st_distance(st_transform(s_1915.the_geom, 25833), schw_1915.schw))
                     ->  Nested Loop  (cost=0.00..97.81 rows=1 width=84)
                           Join Filter: ((st_transform(s_1915.the_geom, 25833) && st_expand(schw_1915.schw, '300'::double precision)) AND (schw_1915.schw && st_expand(st_transform(s_1915.the_geom, 25833), '300'::double precision)) AND _st_dwithin(st_transform(s_1915.the_geom, 25833), schw_1915.schw, '300'::double precision))
                           ->  Function Scan on schw_1915  (cost=0.00..0.01 rows=1 width=32)
                           ->  Seq Scan on phoml_trajectory_tmp s_1915  (cost=0.00..95.68 rows=17 width=40)
                                 Filter: ((unix_time >= '1685451281.054'::double precision) AND (unix_time <= '1685451341.054'::double precision))
   ->  Subquery Scan on "*SELECT* 1917"  (cost=97.82..97.83 rows=1 width=76)
         ->  Limit  (cost=97.82..97.82 rows=1 width=84)
               ->  Sort  (cost=97.82..97.82 rows=1 width=84)
                     Sort Key: (st_distance(st_transform(s_1916.the_geom, 25833), schw_1916.schw))
                     ->  Nested Loop  (cost=0.00..97.81 rows=1 width=84)
                           Join Filter: ((st_transform(s_1916.the_geom, 25833) && st_expand(schw_1916.schw, '300'::double precision)) AND (schw_1916.schw && st_expand(st_transform(s_1916.the_geom, 25833), '300'::double precision)) AND _st_dwithin(st_transform(s_1916.the_geom, 25833), schw_1916.schw, '300'::double precision))
                           ->  Function Scan on schw_1916  (cost=0.00..0.01 rows=1 width=32)
                           ->  Seq Scan on phoml_trajectory_tmp s_1916  (cost=0.00..95.68 rows=17 width=40)
                                 Filter: ((unix_time >= '1685451281.488'::double precision) AND (unix_time <= '1685451341.488'::double precision))
   ->  Subquery Scan on "*SELECT* 1918"  (cost=97.82..97.83 rows=1 width=76)
         ->  Limit  (cost=97.82..97.82 rows=1 width=84)
               ->  Sort  (cost=97.82..97.82 rows=1 width=84)
                     Sort Key: (st_distance(st_transform(s_1917.the_geom, 25833), schw_1917.schw))
                     ->  Nested Loop  (cost=0.00..97.81 rows=1 width=84)
                           Join Filter: ((st_transform(s_1917.the_geom, 25833) && st_expand(schw_1917.schw, '300'::double precision)) AND (schw_1917.schw && st_expand(st_transform(s_1917.the_geom, 25833), '300'::double precision)) AND _st_dwithin(st_transform(s_1917.the_geom, 25833), schw_1917.schw, '300'::double precision))
                           ->  Function Scan on schw_1917  (cost=0.00..0.01 rows=1 width=32)
                           ->  Seq Scan on phoml_trajectory_tmp s_1917  (cost=0.00..95.68 rows=17 width=40)
                                 Filter: ((unix_time >= '1685451281.918'::double precision) AND (unix_time <= '1685451341.918'::double precision))
   ->  Subquery Scan on "*SELECT* 1919"  (cost=97.82..97.83 rows=1 width=76)
         ->  Limit  (cost=97.82..97.82 rows=1 width=84)
               ->  Sort  (cost=97.82..97.82 rows=1 width=84)
                     Sort Key: (st_distance(st_transform(s_1918.the_geom, 25833), schw_1918.schw))
                     ->  Nested Loop  (cost=0.00..97.81 rows=1 width=84)
                           Join Filter: ((st_transform(s_1918.the_geom, 25833) && st_expand(schw_1918.schw, '300'::double precision)) AND (schw_1918.schw && st_expand(st_transform(s_1918.the_geom, 25833), '300'::double precision)) AND _st_dwithin(st_transform(s_1918.the_geom, 25833), schw_1918.schw, '300'::double precision))
                           ->  Function Scan on schw_1918  (cost=0.00..0.01 rows=1 width=32)
                           ->  Seq Scan on phoml_trajectory_tmp s_1918  (cost=0.00..95.68 rows=17 width=40)
                                 Filter: ((unix_time >= '1685451282.34'::double precision) AND (unix_time <= '1685451342.34'::double precision))
   ->  Subquery Scan on "*SELECT* 1920"  (cost=97.82..97.83 rows=1 width=76)
         ->  Limit  (cost=97.82..97.82 rows=1 width=84)
               ->  Sort  (cost=97.82..97.82 rows=1 width=84)
                     Sort Key: (st_distance(st_transform(s_1919.the_geom, 25833), schw_1919.schw))
                     ->  Nested Loop  (cost=0.00..97.81 rows=1 width=84)
                           Join Filter: ((st_transform(s_1919.the_geom, 25833) && st_expand(schw_1919.schw, '300'::double precision)) AND (schw_1919.schw && st_expand(st_transform(s_1919.the_geom, 25833), '300'::double precision)) AND _st_dwithin(st_transform(s_1919.the_geom, 25833), schw_1919.schw, '300'::double precision))
                           ->  Function Scan on schw_1919  (cost=0.00..0.01 rows=1 width=32)
                           ->  Seq Scan on phoml_trajectory_tmp s_1919  (cost=0.00..95.68 rows=17 width=40)
                                 Filter: ((unix_time >= '1685451282.78'::double precision) AND (unix_time <= '1685451342.78'::double precision))
   ->  Subquery Scan on "*SELECT* 1921"  (cost=97.82..97.83 rows=1 width=76)
         ->  Limit  (cost=97.82..97.82 rows=1 width=84)
               ->  Sort  (cost=97.82..97.82 rows=1 width=84)
                     Sort Key: (st_distance(st_transform(s_1920.the_geom, 25833), schw_1920.schw))
                     ->  Nested Loop  (cost=0.00..97.81 rows=1 width=84)
                           Join Filter: ((st_transform(s_1920.the_geom, 25833) && st_expand(schw_1920.schw, '300'::double precision)) AND (schw_1920.schw && st_expand(st_transform(s_1920.the_geom, 25833), '300'::double precision)) AND _st_dwithin(st_transform(s_1920.the_geom, 25833), schw_1920.schw, '300'::double precision))
                           ->  Function Scan on schw_1920  (cost=0.00..0.01 rows=1 width=32)
                           ->  Seq Scan on phoml_trajectory_tmp s_1920  (cost=0.00..95.68 rows=17 width=40)
                                 Filter: ((unix_time >= '1685451283.221'::double precision) AND (unix_time <= '1685451343.221'::double precision))
   ->  Subquery Scan on "*SELECT* 1922"  (cost=97.82..97.83 rows=1 width=76)
         ->  Limit  (cost=97.82..97.82 rows=1 width=84)
               ->  Sort  (cost=97.82..97.82 rows=1 width=84)
                     Sort Key: (st_distance(st_transform(s_1921.the_geom, 25833), schw_1921.schw))
                     ->  Nested Loop  (cost=0.00..97.81 rows=1 width=84)
                           Join Filter: ((st_transform(s_1921.the_geom, 25833) && st_expand(schw_1921.schw, '300'::double precision)) AND (schw_1921.schw && st_expand(st_transform(s_1921.the_geom, 25833), '300'::double precision)) AND _st_dwithin(st_transform(s_1921.the_geom, 25833), schw_1921.schw, '300'::double precision))
                           ->  Function Scan on schw_1921  (cost=0.00..0.01 rows=1 width=32)
                           ->  Seq Scan on phoml_trajectory_tmp s_1921  (cost=0.00..95.68 rows=17 width=40)
                                 Filter: ((unix_time >= '1685451283.661'::double precision) AND (unix_time <= '1685451343.661'::double precision))
   ->  Subquery Scan on "*SELECT* 1923"  (cost=97.82..97.83 rows=1 width=76)
         ->  Limit  (cost=97.82..97.82 rows=1 width=84)
               ->  Sort  (cost=97.82..97.82 rows=1 width=84)
                     Sort Key: (st_distance(st_transform(s_1922.the_geom, 25833), schw_1922.schw))
                     ->  Nested Loop  (cost=0.00..97.81 rows=1 width=84)
                           Join Filter: ((st_transform(s_1922.the_geom, 25833) && st_expand(schw_1922.schw, '300'::double precision)) AND (schw_1922.schw && st_expand(st_transform(s_1922.the_geom, 25833), '300'::double precision)) AND _st_dwithin(st_transform(s_1922.the_geom, 25833), schw_1922.schw, '300'::double precision))
                           ->  Function Scan on schw_1922  (cost=0.00..0.01 rows=1 width=32)
                           ->  Seq Scan on phoml_trajectory_tmp s_1922  (cost=0.00..95.68 rows=17 width=40)
                                 Filter: ((unix_time >= '1685451284.131'::double precision) AND (unix_time <= '1685451344.131'::double precision))
   ->  Subquery Scan on "*SELECT* 1924"  (cost=97.82..97.83 rows=1 width=76)
         ->  Limit  (cost=97.82..97.82 rows=1 width=84)
               ->  Sort  (cost=97.82..97.82 rows=1 width=84)
                     Sort Key: (st_distance(st_transform(s_1923.the_geom, 25833), schw_1923.schw))
                     ->  Nested Loop  (cost=0.00..97.81 rows=1 width=84)
                           Join Filter: ((st_transform(s_1923.the_geom, 25833) && st_expand(schw_1923.schw, '300'::double precision)) AND (schw_1923.schw && st_expand(st_transform(s_1923.the_geom, 25833), '300'::double precision)) AND _st_dwithin(st_transform(s_1923.the_geom, 25833), schw_1923.schw, '300'::double precision))
                           ->  Function Scan on schw_1923  (cost=0.00..0.01 rows=1 width=32)
                           ->  Seq Scan on phoml_trajectory_tmp s_1923  (cost=0.00..95.68 rows=17 width=40)
                                 Filter: ((unix_time >= '1685451284.604'::double precision) AND (unix_time <= '1685451344.604'::double precision))
   ->  Subquery Scan on "*SELECT* 1925"  (cost=97.82..97.83 rows=1 width=76)
         ->  Limit  (cost=97.82..97.82 rows=1 width=84)
               ->  Sort  (cost=97.82..97.82 rows=1 width=84)
                     Sort Key: (st_distance(st_transform(s_1924.the_geom, 25833), schw_1924.schw))
                     ->  Nested Loop  (cost=0.00..97.81 rows=1 width=84)
                           Join Filter: ((st_transform(s_1924.the_geom, 25833) && st_expand(schw_1924.schw, '300'::double precision)) AND (schw_1924.schw && st_expand(st_transform(s_1924.the_geom, 25833), '300'::double precision)) AND _st_dwithin(st_transform(s_1924.the_geom, 25833), schw_1924.schw, '300'::double precision))
                           ->  Function Scan on schw_1924  (cost=0.00..0.01 rows=1 width=32)
                           ->  Seq Scan on phoml_trajectory_tmp s_1924  (cost=0.00..95.68 rows=17 width=40)
                                 Filter: ((unix_time >= '1685451285.114'::double precision) AND (unix_time <= '1685451345.114'::double precision))
   ->  Subquery Scan on "*SELECT* 1926"  (cost=97.82..97.83 rows=1 width=76)
         ->  Limit  (cost=97.82..97.82 rows=1 width=84)
               ->  Sort  (cost=97.82..97.82 rows=1 width=84)
                     Sort Key: (st_distance(st_transform(s_1925.the_geom, 25833), schw_1925.schw))
                     ->  Nested Loop  (cost=0.00..97.81 rows=1 width=84)
                           Join Filter: ((st_transform(s_1925.the_geom, 25833) && st_expand(schw_1925.schw, '300'::double precision)) AND (schw_1925.schw && st_expand(st_transform(s_1925.the_geom, 25833), '300'::double precision)) AND _st_dwithin(st_transform(s_1925.the_geom, 25833), schw_1925.schw, '300'::double precision))
                           ->  Function Scan on schw_1925  (cost=0.00..0.01 rows=1 width=32)
                           ->  Seq Scan on phoml_trajectory_tmp s_1925  (cost=0.00..95.68 rows=17 width=40)
                                 Filter: ((unix_time >= '1685451285.631'::double precision) AND (unix_time <= '1685451345.631'::double precision))
   ->  Subquery Scan on "*SELECT* 1927"  (cost=97.82..97.83 rows=1 width=76)
         ->  Limit  (cost=97.82..97.82 rows=1 width=84)
               ->  Sort  (cost=97.82..97.82 rows=1 width=84)
                     Sort Key: (st_distance(st_transform(s_1926.the_geom, 25833), schw_1926.schw))
                     ->  Nested Loop  (cost=0.00..97.81 rows=1 width=84)
                           Join Filter: ((st_transform(s_1926.the_geom, 25833) && st_expand(schw_1926.schw, '300'::double precision)) AND (schw_1926.schw && st_expand(st_transform(s_1926.the_geom, 25833), '300'::double precision)) AND _st_dwithin(st_transform(s_1926.the_geom, 25833), schw_1926.schw, '300'::double precision))
                           ->  Function Scan on schw_1926  (cost=0.00..0.01 rows=1 width=32)
                           ->  Seq Scan on phoml_trajectory_tmp s_1926  (cost=0.00..95.68 rows=17 width=40)
                                 Filter: ((unix_time >= '1685451286.146'::double precision) AND (unix_time <= '1685451346.146'::double precision))
   ->  Subquery Scan on "*SELECT* 1928"  (cost=97.82..97.83 rows=1 width=76)
         ->  Limit  (cost=97.82..97.82 rows=1 width=84)
               ->  Sort  (cost=97.82..97.82 rows=1 width=84)
                     Sort Key: (st_distance(st_transform(s_1927.the_geom, 25833), schw_1927.schw))
                     ->  Nested Loop  (cost=0.00..97.81 rows=1 width=84)
                           Join Filter: ((st_transform(s_1927.the_geom, 25833) && st_expand(schw_1927.schw, '300'::double precision)) AND (schw_1927.schw && st_expand(st_transform(s_1927.the_geom, 25833), '300'::double precision)) AND _st_dwithin(st_transform(s_1927.the_geom, 25833), schw_1927.schw, '300'::double precision))
                           ->  Function Scan on schw_1927  (cost=0.00..0.01 rows=1 width=32)
                           ->  Seq Scan on phoml_trajectory_tmp s_1927  (cost=0.00..95.68 rows=17 width=40)
                                 Filter: ((unix_time >= '1685451286.686'::double precision) AND (unix_time <= '1685451346.686'::double precision))
   ->  Subquery Scan on "*SELECT* 1929"  (cost=97.82..97.83 rows=1 width=76)
         ->  Limit  (cost=97.82..97.82 rows=1 width=84)
               ->  Sort  (cost=97.82..97.82 rows=1 width=84)
                     Sort Key: (st_distance(st_transform(s_1928.the_geom, 25833), schw_1928.schw))
                     ->  Nested Loop  (cost=0.00..97.81 rows=1 width=84)
                           Join Filter: ((st_transform(s_1928.the_geom, 25833) && st_expand(schw_1928.schw, '300'::double precision)) AND (schw_1928.schw && st_expand(st_transform(s_1928.the_geom, 25833), '300'::double precision)) AND _st_dwithin(st_transform(s_1928.the_geom, 25833), schw_1928.schw, '300'::double precision))
                           ->  Function Scan on schw_1928  (cost=0.00..0.01 rows=1 width=32)
                           ->  Seq Scan on phoml_trajectory_tmp s_1928  (cost=0.00..95.68 rows=17 width=40)
                                 Filter: ((unix_time >= '1685451287.242'::double precision) AND (unix_time <= '1685451347.242'::double precision))
   ->  Subquery Scan on "*SELECT* 1930"  (cost=97.82..97.83 rows=1 width=76)
         ->  Limit  (cost=97.82..97.82 rows=1 width=84)
               ->  Sort  (cost=97.82..97.82 rows=1 width=84)
                     Sort Key: (st_distance(st_transform(s_1929.the_geom, 25833), schw_1929.schw))
                     ->  Nested Loop  (cost=0.00..97.81 rows=1 width=84)
                           Join Filter: ((st_transform(s_1929.the_geom, 25833) && st_expand(schw_1929.schw, '300'::double precision)) AND (schw_1929.schw && st_expand(st_transform(s_1929.the_geom, 25833), '300'::double precision)) AND _st_dwithin(st_transform(s_1929.the_geom, 25833), schw_1929.schw, '300'::double precision))
                           ->  Function Scan on schw_1929  (cost=0.00..0.01 rows=1 width=32)
                           ->  Seq Scan on phoml_trajectory_tmp s_1929  (cost=0.00..95.68 rows=17 width=40)
                                 Filter: ((unix_time >= '1685451287.802'::double precision) AND (unix_time <= '1685451347.802'::double precision))
   ->  Subquery Scan on "*SELECT* 1931"  (cost=97.82..97.83 rows=1 width=76)
         ->  Limit  (cost=97.82..97.82 rows=1 width=84)
               ->  Sort  (cost=97.82..97.82 rows=1 width=84)
                     Sort Key: (st_distance(st_transform(s_1930.the_geom, 25833), schw_1930.schw))
                     ->  Nested Loop  (cost=0.00..97.81 rows=1 width=84)
                           Join Filter: ((st_transform(s_1930.the_geom, 25833) && st_expand(schw_1930.schw, '300'::double precision)) AND (schw_1930.schw && st_expand(st_transform(s_1930.the_geom, 25833), '300'::double precision)) AND _st_dwithin(st_transform(s_1930.the_geom, 25833), schw_1930.schw, '300'::double precision))
                           ->  Function Scan on schw_1930  (cost=0.00..0.01 rows=1 width=32)
                           ->  Seq Scan on phoml_trajectory_tmp s_1930  (cost=0.00..95.68 rows=17 width=40)
                                 Filter: ((unix_time >= '1685451288.379'::double precision) AND (unix_time <= '1685451348.379'::double precision))
   ->  Subquery Scan on "*SELECT* 1932"  (cost=97.82..97.83 rows=1 width=76)
         ->  Limit  (cost=97.82..97.82 rows=1 width=84)
               ->  Sort  (cost=97.82..97.82 rows=1 width=84)
                     Sort Key: (st_distance(st_transform(s_1931.the_geom, 25833), schw_1931.schw))
                     ->  Nested Loop  (cost=0.00..97.81 rows=1 width=84)
                           Join Filter: ((st_transform(s_1931.the_geom, 25833) && st_expand(schw_1931.schw, '300'::double precision)) AND (schw_1931.schw && st_expand(st_transform(s_1931.the_geom, 25833), '300'::double precision)) AND _st_dwithin(st_transform(s_1931.the_geom, 25833), schw_1931.schw, '300'::double precision))
                           ->  Function Scan on schw_1931  (cost=0.00..0.01 rows=1 width=32)
                           ->  Seq Scan on phoml_trajectory_tmp s_1931  (cost=0.00..95.68 rows=17 width=40)
                                 Filter: ((unix_time >= '1685451288.969'::double precision) AND (unix_time <= '1685451348.969'::double precision))
   ->  Subquery Scan on "*SELECT* 1933"  (cost=97.82..97.83 rows=1 width=76)
         ->  Limit  (cost=97.82..97.82 rows=1 width=84)
               ->  Sort  (cost=97.82..97.82 rows=1 width=84)
                     Sort Key: (st_distance(st_transform(s_1932.the_geom, 25833), schw_1932.schw))
                     ->  Nested Loop  (cost=0.00..97.81 rows=1 width=84)
                           Join Filter: ((st_transform(s_1932.the_geom, 25833) && st_expand(schw_1932.schw, '300'::double precision)) AND (schw_1932.schw && st_expand(st_transform(s_1932.the_geom, 25833), '300'::double precision)) AND _st_dwithin(st_transform(s_1932.the_geom, 25833), schw_1932.schw, '300'::double precision))
                           ->  Function Scan on schw_1932  (cost=0.00..0.01 rows=1 width=32)
                           ->  Seq Scan on phoml_trajectory_tmp s_1932  (cost=0.00..95.68 rows=17 width=40)
                                 Filter: ((unix_time >= '1685451289.576'::double precision) AND (unix_time <= '1685451349.576'::double precision))
   ->  Subquery Scan on "*SELECT* 1934"  (cost=97.82..97.83 rows=1 width=76)
         ->  Limit  (cost=97.82..97.82 rows=1 width=84)
               ->  Sort  (cost=97.82..97.82 rows=1 width=84)
                     Sort Key: (st_distance(st_transform(s_1933.the_geom, 25833), schw_1933.schw))
                     ->  Nested Loop  (cost=0.00..97.81 rows=1 width=84)
                           Join Filter: ((st_transform(s_1933.the_geom, 25833) && st_expand(schw_1933.schw, '300'::double precision)) AND (schw_1933.schw && st_expand(st_transform(s_1933.the_geom, 25833), '300'::double precision)) AND _st_dwithin(st_transform(s_1933.the_geom, 25833), schw_1933.schw, '300'::double precision))
                           ->  Function Scan on schw_1933  (cost=0.00..0.01 rows=1 width=32)
                           ->  Seq Scan on phoml_trajectory_tmp s_1933  (cost=0.00..95.68 rows=17 width=40)
                                 Filter: ((unix_time >= '1685451290.189'::double precision) AND (unix_time <= '1685451350.189'::double precision))
   ->  Subquery Scan on "*SELECT* 1935"  (cost=97.82..97.83 rows=1 width=76)
         ->  Limit  (cost=97.82..97.82 rows=1 width=84)
               ->  Sort  (cost=97.82..97.82 rows=1 width=84)
                     Sort Key: (st_distance(st_transform(s_1934.the_geom, 25833), schw_1934.schw))
                     ->  Nested Loop  (cost=0.00..97.81 rows=1 width=84)
                           Join Filter: ((st_transform(s_1934.the_geom, 25833) && st_expand(schw_1934.schw, '300'::double precision)) AND (schw_1934.schw && st_expand(st_transform(s_1934.the_geom, 25833), '300'::double precision)) AND _st_dwithin(st_transform(s_1934.the_geom, 25833), schw_1934.schw, '300'::double precision))
                           ->  Function Scan on schw_1934  (cost=0.00..0.01 rows=1 width=32)
                           ->  Seq Scan on phoml_trajectory_tmp s_1934  (cost=0.00..95.68 rows=17 width=40)
                                 Filter: ((unix_time >= '1685451290.789'::double precision) AND (unix_time <= '1685451350.789'::double precision))
   ->  Subquery Scan on "*SELECT* 1936"  (cost=97.82..97.83 rows=1 width=76)
         ->  Limit  (cost=97.82..97.82 rows=1 width=84)
               ->  Sort  (cost=97.82..97.82 rows=1 width=84)
                     Sort Key: (st_distance(st_transform(s_1935.the_geom, 25833), schw_1935.schw))
                     ->  Nested Loop  (cost=0.00..97.81 rows=1 width=84)
                           Join Filter: ((st_transform(s_1935.the_geom, 25833) && st_expand(schw_1935.schw, '300'::double precision)) AND (schw_1935.schw && st_expand(st_transform(s_1935.the_geom, 25833), '300'::double precision)) AND _st_dwithin(st_transform(s_1935.the_geom, 25833), schw_1935.schw, '300'::double precision))
                           ->  Function Scan on schw_1935  (cost=0.00..0.01 rows=1 width=32)
                           ->  Seq Scan on phoml_trajectory_tmp s_1935  (cost=0.00..95.68 rows=17 width=40)
                                 Filter: ((unix_time >= '1685451291.422'::double precision) AND (unix_time <= '1685451351.422'::double precision))
   ->  Subquery Scan on "*SELECT* 1937"  (cost=97.82..97.83 rows=1 width=76)
         ->  Limit  (cost=97.82..97.82 rows=1 width=84)
               ->  Sort  (cost=97.82..97.82 rows=1 width=84)
                     Sort Key: (st_distance(st_transform(s_1936.the_geom, 25833), schw_1936.schw))
                     ->  Nested Loop  (cost=0.00..97.81 rows=1 width=84)
                           Join Filter: ((st_transform(s_1936.the_geom, 25833) && st_expand(schw_1936.schw, '300'::double precision)) AND (schw_1936.schw && st_expand(st_transform(s_1936.the_geom, 25833), '300'::double precision)) AND _st_dwithin(st_transform(s_1936.the_geom, 25833), schw_1936.schw, '300'::double precision))
                           ->  Function Scan on schw_1936  (cost=0.00..0.01 rows=1 width=32)
                           ->  Seq Scan on phoml_trajectory_tmp s_1936  (cost=0.00..95.68 rows=17 width=40)
                                 Filter: ((unix_time >= '1685451292.052'::double precision) AND (unix_time <= '1685451352.052'::double precision))
   ->  Subquery Scan on "*SELECT* 1938"  (cost=97.82..97.83 rows=1 width=76)
         ->  Limit  (cost=97.82..97.82 rows=1 width=84)
               ->  Sort  (cost=97.82..97.82 rows=1 width=84)
                     Sort Key: (st_distance(st_transform(s_1937.the_geom, 25833), schw_1937.schw))
                     ->  Nested Loop  (cost=0.00..97.81 rows=1 width=84)
                           Join Filter: ((st_transform(s_1937.the_geom, 25833) && st_expand(schw_1937.schw, '300'::double precision)) AND (schw_1937.schw && st_expand(st_transform(s_1937.the_geom, 25833), '300'::double precision)) AND _st_dwithin(st_transform(s_1937.the_geom, 25833), schw_1937.schw, '300'::double precision))
                           ->  Function Scan on schw_1937  (cost=0.00..0.01 rows=1 width=32)
                           ->  Seq Scan on phoml_trajectory_tmp s_1937  (cost=0.00..95.68 rows=17 width=40)
                                 Filter: ((unix_time >= '1685451292.675'::double precision) AND (unix_time <= '1685451352.675'::double precision))
   ->  Subquery Scan on "*SELECT* 1939"  (cost=97.82..97.83 rows=1 width=76)
         ->  Limit  (cost=97.82..97.82 rows=1 width=84)
               ->  Sort  (cost=97.82..97.82 rows=1 width=84)
                     Sort Key: (st_distance(st_transform(s_1938.the_geom, 25833), schw_1938.schw))
                     ->  Nested Loop  (cost=0.00..97.81 rows=1 width=84)
                           Join Filter: ((st_transform(s_1938.the_geom, 25833) && st_expand(schw_1938.schw, '300'::double precision)) AND (schw_1938.schw && st_expand(st_transform(s_1938.the_geom, 25833), '300'::double precision)) AND _st_dwithin(st_transform(s_1938.the_geom, 25833), schw_1938.schw, '300'::double precision))
                           ->  Function Scan on schw_1938  (cost=0.00..0.01 rows=1 width=32)
                           ->  Seq Scan on phoml_trajectory_tmp s_1938  (cost=0.00..95.68 rows=17 width=40)
                                 Filter: ((unix_time >= '1685451293.304'::double precision) AND (unix_time <= '1685451353.304'::double precision))
   ->  Subquery Scan on "*SELECT* 1940"  (cost=97.82..97.83 rows=1 width=76)
         ->  Limit  (cost=97.82..97.82 rows=1 width=84)
               ->  Sort  (cost=97.82..97.82 rows=1 width=84)
                     Sort Key: (st_distance(st_transform(s_1939.the_geom, 25833), schw_1939.schw))
                     ->  Nested Loop  (cost=0.00..97.81 rows=1 width=84)
                           Join Filter: ((st_transform(s_1939.the_geom, 25833) && st_expand(schw_1939.schw, '300'::double precision)) AND (schw_1939.schw && st_expand(st_transform(s_1939.the_geom, 25833), '300'::double precision)) AND _st_dwithin(st_transform(s_1939.the_geom, 25833), schw_1939.schw, '300'::double precision))
                           ->  Function Scan on schw_1939  (cost=0.00..0.01 rows=1 width=32)
                           ->  Seq Scan on phoml_trajectory_tmp s_1939  (cost=0.00..95.68 rows=17 width=40)
                                 Filter: ((unix_time >= '1685451293.924'::double precision) AND (unix_time <= '1685451353.924'::double precision))
   ->  Subquery Scan on "*SELECT* 1941"  (cost=97.82..97.83 rows=1 width=76)
         ->  Limit  (cost=97.82..97.82 rows=1 width=84)
               ->  Sort  (cost=97.82..97.82 rows=1 width=84)
                     Sort Key: (st_distance(st_transform(s_1940.the_geom, 25833), schw_1940.schw))
                     ->  Nested Loop  (cost=0.00..97.81 rows=1 width=84)
                           Join Filter: ((st_transform(s_1940.the_geom, 25833) && st_expand(schw_1940.schw, '300'::double precision)) AND (schw_1940.schw && st_expand(st_transform(s_1940.the_geom, 25833), '300'::double precision)) AND _st_dwithin(st_transform(s_1940.the_geom, 25833), schw_1940.schw, '300'::double precision))
                           ->  Function Scan on schw_1940  (cost=0.00..0.01 rows=1 width=32)
                           ->  Seq Scan on phoml_trajectory_tmp s_1940  (cost=0.00..95.68 rows=17 width=40)
                                 Filter: ((unix_time >= '1685451294.541'::double precision) AND (unix_time <= '1685451354.541'::double precision))
   ->  Subquery Scan on "*SELECT* 1942"  (cost=97.82..97.83 rows=1 width=76)
         ->  Limit  (cost=97.82..97.82 rows=1 width=84)
               ->  Sort  (cost=97.82..97.82 rows=1 width=84)
                     Sort Key: (st_distance(st_transform(s_1941.the_geom, 25833), schw_1941.schw))
                     ->  Nested Loop  (cost=0.00..97.81 rows=1 width=84)
                           Join Filter: ((st_transform(s_1941.the_geom, 25833) && st_expand(schw_1941.schw, '300'::double precision)) AND (schw_1941.schw && st_expand(st_transform(s_1941.the_geom, 25833), '300'::double precision)) AND _st_dwithin(st_transform(s_1941.the_geom, 25833), schw_1941.schw, '300'::double precision))
                           ->  Function Scan on schw_1941  (cost=0.00..0.01 rows=1 width=32)
                           ->  Seq Scan on phoml_trajectory_tmp s_1941  (cost=0.00..95.68 rows=17 width=40)
                                 Filter: ((unix_time >= '1685451295.198'::double precision) AND (unix_time <= '1685451355.198'::double precision))
   ->  Subquery Scan on "*SELECT* 1943"  (cost=97.82..97.83 rows=1 width=76)
         ->  Limit  (cost=97.82..97.82 rows=1 width=84)
               ->  Sort  (cost=97.82..97.82 rows=1 width=84)
                     Sort Key: (st_distance(st_transform(s_1942.the_geom, 25833), schw_1942.schw))
                     ->  Nested Loop  (cost=0.00..97.81 rows=1 width=84)
                           Join Filter: ((st_transform(s_1942.the_geom, 25833) && st_expand(schw_1942.schw, '300'::double precision)) AND (schw_1942.schw && st_expand(st_transform(s_1942.the_geom, 25833), '300'::double precision)) AND _st_dwithin(st_transform(s_1942.the_geom, 25833), schw_1942.schw, '300'::double precision))
                           ->  Function Scan on schw_1942  (cost=0.00..0.01 rows=1 width=32)
                           ->  Seq Scan on phoml_trajectory_tmp s_1942  (cost=0.00..95.68 rows=17 width=40)
                                 Filter: ((unix_time >= '1685451295.868'::double precision) AND (unix_time <= '1685451355.868'::double precision))
   ->  Subquery Scan on "*SELECT* 1944"  (cost=97.82..97.83 rows=1 width=76)
         ->  Limit  (cost=97.82..97.82 rows=1 width=84)
               ->  Sort  (cost=97.82..97.82 rows=1 width=84)
                     Sort Key: (st_distance(st_transform(s_1943.the_geom, 25833), schw_1943.schw))
                     ->  Nested Loop  (cost=0.00..97.81 rows=1 width=84)
                           Join Filter: ((st_transform(s_1943.the_geom, 25833) && st_expand(schw_1943.schw, '300'::double precision)) AND (schw_1943.schw && st_expand(st_transform(s_1943.the_geom, 25833), '300'::double precision)) AND _st_dwithin(st_transform(s_1943.the_geom, 25833), schw_1943.schw, '300'::double precision))
                           ->  Function Scan on schw_1943  (cost=0.00..0.01 rows=1 width=32)
                           ->  Seq Scan on phoml_trajectory_tmp s_1943  (cost=0.00..95.68 rows=17 width=40)
                                 Filter: ((unix_time >= '1685451296.573'::double precision) AND (unix_time <= '1685451356.573'::double precision))
   ->  Subquery Scan on "*SELECT* 1945"  (cost=97.82..97.83 rows=1 width=76)
         ->  Limit  (cost=97.82..97.82 rows=1 width=84)
               ->  Sort  (cost=97.82..97.82 rows=1 width=84)
                     Sort Key: (st_distance(st_transform(s_1944.the_geom, 25833), schw_1944.schw))
                     ->  Nested Loop  (cost=0.00..97.81 rows=1 width=84)
                           Join Filter: ((st_transform(s_1944.the_geom, 25833) && st_expand(schw_1944.schw, '300'::double precision)) AND (schw_1944.schw && st_expand(st_transform(s_1944.the_geom, 25833), '300'::double precision)) AND _st_dwithin(st_transform(s_1944.the_geom, 25833), schw_1944.schw, '300'::double precision))
                           ->  Function Scan on schw_1944  (cost=0.00..0.01 rows=1 width=32)
                           ->  Seq Scan on phoml_trajectory_tmp s_1944  (cost=0.00..95.68 rows=17 width=40)
                                 Filter: ((unix_time >= '1685451297.329'::double precision) AND (unix_time <= '1685451357.329'::double precision))
   ->  Subquery Scan on "*SELECT* 1946"  (cost=97.82..97.83 rows=1 width=76)
         ->  Limit  (cost=97.82..97.82 rows=1 width=84)
               ->  Sort  (cost=97.82..97.82 rows=1 width=84)
                     Sort Key: (st_distance(st_transform(s_1945.the_geom, 25833), schw_1945.schw))
                     ->  Nested Loop  (cost=0.00..97.81 rows=1 width=84)
                           Join Filter: ((st_transform(s_1945.the_geom, 25833) && st_expand(schw_1945.schw, '300'::double precision)) AND (schw_1945.schw && st_expand(st_transform(s_1945.the_geom, 25833), '300'::double precision)) AND _st_dwithin(st_transform(s_1945.the_geom, 25833), schw_1945.schw, '300'::double precision))
                           ->  Function Scan on schw_1945  (cost=0.00..0.01 rows=1 width=32)
                           ->  Seq Scan on phoml_trajectory_tmp s_1945  (cost=0.00..95.68 rows=17 width=40)
                                 Filter: ((unix_time >= '1685451298.089'::double precision) AND (unix_time <= '1685451358.089'::double precision))
   ->  Subquery Scan on "*SELECT* 1947"  (cost=97.82..97.83 rows=1 width=76)
         ->  Limit  (cost=97.82..97.82 rows=1 width=84)
               ->  Sort  (cost=97.82..97.82 rows=1 width=84)
                     Sort Key: (st_distance(st_transform(s_1946.the_geom, 25833), schw_1946.schw))
                     ->  Nested Loop  (cost=0.00..97.81 rows=1 width=84)
                           Join Filter: ((st_transform(s_1946.the_geom, 25833) && st_expand(schw_1946.schw, '300'::double precision)) AND (schw_1946.schw && st_expand(st_transform(s_1946.the_geom, 25833), '300'::double precision)) AND _st_dwithin(st_transform(s_1946.the_geom, 25833), schw_1946.schw, '300'::double precision))
                           ->  Function Scan on schw_1946  (cost=0.00..0.01 rows=1 width=32)
                           ->  Seq Scan on phoml_trajectory_tmp s_1946  (cost=0.00..95.68 rows=17 width=40)
                                 Filter: ((unix_time >= '1685451298.868'::double precision) AND (unix_time <= '1685451358.868'::double precision))
   ->  Subquery Scan on "*SELECT* 1948"  (cost=97.82..97.83 rows=1 width=76)
         ->  Limit  (cost=97.82..97.82 rows=1 width=84)
               ->  Sort  (cost=97.82..97.82 rows=1 width=84)
                     Sort Key: (st_distance(st_transform(s_1947.the_geom, 25833), schw_1947.schw))
                     ->  Nested Loop  (cost=0.00..97.81 rows=1 width=84)
                           Join Filter: ((st_transform(s_1947.the_geom, 25833) && st_expand(schw_1947.schw, '300'::double precision)) AND (schw_1947.schw && st_expand(st_transform(s_1947.the_geom, 25833), '300'::double precision)) AND _st_dwithin(st_transform(s_1947.the_geom, 25833), schw_1947.schw, '300'::double precision))
                           ->  Function Scan on schw_1947  (cost=0.00..0.01 rows=1 width=32)
                           ->  Seq Scan on phoml_trajectory_tmp s_1947  (cost=0.00..95.68 rows=17 width=40)
                                 Filter: ((unix_time >= '1685451299.639'::double precision) AND (unix_time <= '1685451359.639'::double precision))
   ->  Subquery Scan on "*SELECT* 1949"  (cost=97.82..97.83 rows=1 width=76)
         ->  Limit  (cost=97.82..97.82 rows=1 width=84)
               ->  Sort  (cost=97.82..97.82 rows=1 width=84)
                     Sort Key: (st_distance(st_transform(s_1948.the_geom, 25833), schw_1948.schw))
                     ->  Nested Loop  (cost=0.00..97.81 rows=1 width=84)
                           Join Filter: ((st_transform(s_1948.the_geom, 25833) && st_expand(schw_1948.schw, '300'::double precision)) AND (schw_1948.schw && st_expand(st_transform(s_1948.the_geom, 25833), '300'::double precision)) AND _st_dwithin(st_transform(s_1948.the_geom, 25833), schw_1948.schw, '300'::double precision))
                           ->  Function Scan on schw_1948  (cost=0.00..0.01 rows=1 width=32)
                           ->  Seq Scan on phoml_trajectory_tmp s_1948  (cost=0.00..95.68 rows=17 width=40)
                                 Filter: ((unix_time >= '1685451300.387'::double precision) AND (unix_time <= '1685451360.387'::double precision))
   ->  Subquery Scan on "*SELECT* 1950"  (cost=97.82..97.83 rows=1 width=76)
         ->  Limit  (cost=97.82..97.82 rows=1 width=84)
               ->  Sort  (cost=97.82..97.82 rows=1 width=84)
                     Sort Key: (st_distance(st_transform(s_1949.the_geom, 25833), schw_1949.schw))
                     ->  Nested Loop  (cost=0.00..97.81 rows=1 width=84)
                           Join Filter: ((st_transform(s_1949.the_geom, 25833) && st_expand(schw_1949.schw, '300'::double precision)) AND (schw_1949.schw && st_expand(st_transform(s_1949.the_geom, 25833), '300'::double precision)) AND _st_dwithin(st_transform(s_1949.the_geom, 25833), schw_1949.schw, '300'::double precision))
                           ->  Function Scan on schw_1949  (cost=0.00..0.01 rows=1 width=32)
                           ->  Seq Scan on phoml_trajectory_tmp s_1949  (cost=0.00..95.68 rows=17 width=40)
                                 Filter: ((unix_time >= '1685451301.097'::double precision) AND (unix_time <= '1685451361.097'::double precision))
   ->  Subquery Scan on "*SELECT* 1951"  (cost=97.82..97.83 rows=1 width=76)
         ->  Limit  (cost=97.82..97.82 rows=1 width=84)
               ->  Sort  (cost=97.82..97.82 rows=1 width=84)
                     Sort Key: (st_distance(st_transform(s_1950.the_geom, 25833), schw_1950.schw))
                     ->  Nested Loop  (cost=0.00..97.81 rows=1 width=84)
                           Join Filter: ((st_transform(s_1950.the_geom, 25833) && st_expand(schw_1950.schw, '300'::double precision)) AND (schw_1950.schw && st_expand(st_transform(s_1950.the_geom, 25833), '300'::double precision)) AND _st_dwithin(st_transform(s_1950.the_geom, 25833), schw_1950.schw, '300'::double precision))
                           ->  Function Scan on schw_1950  (cost=0.00..0.01 rows=1 width=32)
                           ->  Seq Scan on phoml_trajectory_tmp s_1950  (cost=0.00..95.68 rows=17 width=40)
                                 Filter: ((unix_time >= '1685451301.795'::double precision) AND (unix_time <= '1685451361.795'::double precision))
   ->  Subquery Scan on "*SELECT* 1952"  (cost=97.82..97.83 rows=1 width=76)
         ->  Limit  (cost=97.82..97.82 rows=1 width=84)
               ->  Sort  (cost=97.82..97.82 rows=1 width=84)
                     Sort Key: (st_distance(st_transform(s_1951.the_geom, 25833), schw_1951.schw))
                     ->  Nested Loop  (cost=0.00..97.81 rows=1 width=84)
                           Join Filter: ((st_transform(s_1951.the_geom, 25833) && st_expand(schw_1951.schw, '300'::double precision)) AND (schw_1951.schw && st_expand(st_transform(s_1951.the_geom, 25833), '300'::double precision)) AND _st_dwithin(st_transform(s_1951.the_geom, 25833), schw_1951.schw, '300'::double precision))
                           ->  Function Scan on schw_1951  (cost=0.00..0.01 rows=1 width=32)
                           ->  Seq Scan on phoml_trajectory_tmp s_1951  (cost=0.00..95.68 rows=17 width=40)
                                 Filter: ((unix_time >= '1685451302.456'::double precision) AND (unix_time <= '1685451362.456'::double precision))
   ->  Subquery Scan on "*SELECT* 1953"  (cost=97.82..97.83 rows=1 width=76)
         ->  Limit  (cost=97.82..97.82 rows=1 width=84)
               ->  Sort  (cost=97.82..97.82 rows=1 width=84)
                     Sort Key: (st_distance(st_transform(s_1952.the_geom, 25833), schw_1952.schw))
                     ->  Nested Loop  (cost=0.00..97.81 rows=1 width=84)
                           Join Filter: ((st_transform(s_1952.the_geom, 25833) && st_expand(schw_1952.schw, '300'::double precision)) AND (schw_1952.schw && st_expand(st_transform(s_1952.the_geom, 25833), '300'::double precision)) AND _st_dwithin(st_transform(s_1952.the_geom, 25833), schw_1952.schw, '300'::double precision))
                           ->  Function Scan on schw_1952  (cost=0.00..0.01 rows=1 width=32)
                           ->  Seq Scan on phoml_trajectory_tmp s_1952  (cost=0.00..95.68 rows=17 width=40)
                                 Filter: ((unix_time >= '1685451303.086'::double precision) AND (unix_time <= '1685451363.086'::double precision))
   ->  Subquery Scan on "*SELECT* 1954"  (cost=97.82..97.83 rows=1 width=76)
         ->  Limit  (cost=97.82..97.82 rows=1 width=84)
               ->  Sort  (cost=97.82..97.82 rows=1 width=84)
                     Sort Key: (st_distance(st_transform(s_1953.the_geom, 25833), schw_1953.schw))
                     ->  Nested Loop  (cost=0.00..97.81 rows=1 width=84)
                           Join Filter: ((st_transform(s_1953.the_geom, 25833) && st_expand(schw_1953.schw, '300'::double precision)) AND (schw_1953.schw && st_expand(st_transform(s_1953.the_geom, 25833), '300'::double precision)) AND _st_dwithin(st_transform(s_1953.the_geom, 25833), schw_1953.schw, '300'::double precision))
                           ->  Function Scan on schw_1953  (cost=0.00..0.01 rows=1 width=32)
                           ->  Seq Scan on phoml_trajectory_tmp s_1953  (cost=0.00..95.68 rows=17 width=40)
                                 Filter: ((unix_time >= '1685451303.707'::double precision) AND (unix_time <= '1685451363.707'::double precision))
   ->  Subquery Scan on "*SELECT* 1955"  (cost=97.82..97.83 rows=1 width=76)
         ->  Limit  (cost=97.82..97.82 rows=1 width=84)
               ->  Sort  (cost=97.82..97.82 rows=1 width=84)
                     Sort Key: (st_distance(st_transform(s_1954.the_geom, 25833), schw_1954.schw))
                     ->  Nested Loop  (cost=0.00..97.81 rows=1 width=84)
                           Join Filter: ((st_transform(s_1954.the_geom, 25833) && st_expand(schw_1954.schw, '300'::double precision)) AND (schw_1954.schw && st_expand(st_transform(s_1954.the_geom, 25833), '300'::double precision)) AND _st_dwithin(st_transform(s_1954.the_geom, 25833), schw_1954.schw, '300'::double precision))
                           ->  Function Scan on schw_1954  (cost=0.00..0.01 rows=1 width=32)
                           ->  Seq Scan on phoml_trajectory_tmp s_1954  (cost=0.00..95.68 rows=17 width=40)
                                 Filter: ((unix_time >= '1685451304.309'::double precision) AND (unix_time <= '1685451364.309'::double precision))
   ->  Subquery Scan on "*SELECT* 1956"  (cost=97.82..97.83 rows=1 width=76)
         ->  Limit  (cost=97.82..97.82 rows=1 width=84)
               ->  Sort  (cost=97.82..97.82 rows=1 width=84)
                     Sort Key: (st_distance(st_transform(s_1955.the_geom, 25833), schw_1955.schw))
                     ->  Nested Loop  (cost=0.00..97.81 rows=1 width=84)
                           Join Filter: ((st_transform(s_1955.the_geom, 25833) && st_expand(schw_1955.schw, '300'::double precision)) AND (schw_1955.schw && st_expand(st_transform(s_1955.the_geom, 25833), '300'::double precision)) AND _st_dwithin(st_transform(s_1955.the_geom, 25833), schw_1955.schw, '300'::double precision))
                           ->  Function Scan on schw_1955  (cost=0.00..0.01 rows=1 width=32)
                           ->  Seq Scan on phoml_trajectory_tmp s_1955  (cost=0.00..95.68 rows=17 width=40)
                                 Filter: ((unix_time >= '1685451304.879'::double precision) AND (unix_time <= '1685451364.879'::double precision))
   ->  Subquery Scan on "*SELECT* 1957"  (cost=97.82..97.83 rows=1 width=76)
         ->  Limit  (cost=97.82..97.82 rows=1 width=84)
               ->  Sort  (cost=97.82..97.82 rows=1 width=84)
                     Sort Key: (st_distance(st_transform(s_1956.the_geom, 25833), schw_1956.schw))
                     ->  Nested Loop  (cost=0.00..97.81 rows=1 width=84)
                           Join Filter: ((st_transform(s_1956.the_geom, 25833) && st_expand(schw_1956.schw, '300'::double precision)) AND (schw_1956.schw && st_expand(st_transform(s_1956.the_geom, 25833), '300'::double precision)) AND _st_dwithin(st_transform(s_1956.the_geom, 25833), schw_1956.schw, '300'::double precision))
                           ->  Function Scan on schw_1956  (cost=0.00..0.01 rows=1 width=32)
                           ->  Seq Scan on phoml_trajectory_tmp s_1956  (cost=0.00..95.68 rows=17 width=40)
                                 Filter: ((unix_time >= '1685451305.448'::double precision) AND (unix_time <= '1685451365.448'::double precision))
   ->  Subquery Scan on "*SELECT* 1958"  (cost=97.82..97.83 rows=1 width=76)
         ->  Limit  (cost=97.82..97.82 rows=1 width=84)
               ->  Sort  (cost=97.82..97.82 rows=1 width=84)
                     Sort Key: (st_distance(st_transform(s_1957.the_geom, 25833), schw_1957.schw))
                     ->  Nested Loop  (cost=0.00..97.81 rows=1 width=84)
                           Join Filter: ((st_transform(s_1957.the_geom, 25833) && st_expand(schw_1957.schw, '300'::double precision)) AND (schw_1957.schw && st_expand(st_transform(s_1957.the_geom, 25833), '300'::double precision)) AND _st_dwithin(st_transform(s_1957.the_geom, 25833), schw_1957.schw, '300'::double precision))
                           ->  Function Scan on schw_1957  (cost=0.00..0.01 rows=1 width=32)
                           ->  Seq Scan on phoml_trajectory_tmp s_1957  (cost=0.00..95.68 rows=17 width=40)
                                 Filter: ((unix_time >= '1685451305.988'::double precision) AND (unix_time <= '1685451365.988'::double precision))
   ->  Subquery Scan on "*SELECT* 1959"  (cost=97.82..97.83 rows=1 width=76)
         ->  Limit  (cost=97.82..97.82 rows=1 width=84)
               ->  Sort  (cost=97.82..97.82 rows=1 width=84)
                     Sort Key: (st_distance(st_transform(s_1958.the_geom, 25833), schw_1958.schw))
                     ->  Nested Loop  (cost=0.00..97.81 rows=1 width=84)
                           Join Filter: ((st_transform(s_1958.the_geom, 25833) && st_expand(schw_1958.schw, '300'::double precision)) AND (schw_1958.schw && st_expand(st_transform(s_1958.the_geom, 25833), '300'::double precision)) AND _st_dwithin(st_transform(s_1958.the_geom, 25833), schw_1958.schw, '300'::double precision))
                           ->  Function Scan on schw_1958  (cost=0.00..0.01 rows=1 width=32)
                           ->  Seq Scan on phoml_trajectory_tmp s_1958  (cost=0.00..95.68 rows=17 width=40)
                                 Filter: ((unix_time >= '1685451306.529'::double precision) AND (unix_time <= '1685451366.529'::double precision))
   ->  Subquery Scan on "*SELECT* 1960"  (cost=97.82..97.83 rows=1 width=76)
         ->  Limit  (cost=97.82..97.82 rows=1 width=84)
               ->  Sort  (cost=97.82..97.82 rows=1 width=84)
                     Sort Key: (st_distance(st_transform(s_1959.the_geom, 25833), schw_1959.schw))
                     ->  Nested Loop  (cost=0.00..97.81 rows=1 width=84)
                           Join Filter: ((st_transform(s_1959.the_geom, 25833) && st_expand(schw_1959.schw, '300'::double precision)) AND (schw_1959.schw && st_expand(st_transform(s_1959.the_geom, 25833), '300'::double precision)) AND _st_dwithin(st_transform(s_1959.the_geom, 25833), schw_1959.schw, '300'::double precision))
                           ->  Function Scan on schw_1959  (cost=0.00..0.01 rows=1 width=32)
                           ->  Seq Scan on phoml_trajectory_tmp s_1959  (cost=0.00..95.68 rows=17 width=40)
                                 Filter: ((unix_time >= '1685451307.059'::double precision) AND (unix_time <= '1685451367.059'::double precision))
   ->  Subquery Scan on "*SELECT* 1961"  (cost=97.82..97.83 rows=1 width=76)
         ->  Limit  (cost=97.82..97.82 rows=1 width=84)
               ->  Sort  (cost=97.82..97.82 rows=1 width=84)
                     Sort Key: (st_distance(st_transform(s_1960.the_geom, 25833), schw_1960.schw))
                     ->  Nested Loop  (cost=0.00..97.81 rows=1 width=84)
                           Join Filter: ((st_transform(s_1960.the_geom, 25833) && st_expand(schw_1960.schw, '300'::double precision)) AND (schw_1960.schw && st_expand(st_transform(s_1960.the_geom, 25833), '300'::double precision)) AND _st_dwithin(st_transform(s_1960.the_geom, 25833), schw_1960.schw, '300'::double precision))
                           ->  Function Scan on schw_1960  (cost=0.00..0.01 rows=1 width=32)
                           ->  Seq Scan on phoml_trajectory_tmp s_1960  (cost=0.00..95.68 rows=17 width=40)
                                 Filter: ((unix_time >= '1685451307.562'::double precision) AND (unix_time <= '1685451367.562'::double precision))
   ->  Subquery Scan on "*SELECT* 1962"  (cost=97.82..97.83 rows=1 width=76)
         ->  Limit  (cost=97.82..97.82 rows=1 width=84)
               ->  Sort  (cost=97.82..97.82 rows=1 width=84)
                     Sort Key: (st_distance(st_transform(s_1961.the_geom, 25833), schw_1961.schw))
                     ->  Nested Loop  (cost=0.00..97.81 rows=1 width=84)
                           Join Filter: ((st_transform(s_1961.the_geom, 25833) && st_expand(schw_1961.schw, '300'::double precision)) AND (schw_1961.schw && st_expand(st_transform(s_1961.the_geom, 25833), '300'::double precision)) AND _st_dwithin(st_transform(s_1961.the_geom, 25833), schw_1961.schw, '300'::double precision))
                           ->  Function Scan on schw_1961  (cost=0.00..0.01 rows=1 width=32)
                           ->  Seq Scan on phoml_trajectory_tmp s_1961  (cost=0.00..95.68 rows=17 width=40)
                                 Filter: ((unix_time >= '1685451308.102'::double precision) AND (unix_time <= '1685451368.102'::double precision))
   ->  Subquery Scan on "*SELECT* 1963"  (cost=97.82..97.83 rows=1 width=76)
         ->  Limit  (cost=97.82..97.82 rows=1 width=84)
               ->  Sort  (cost=97.82..97.82 rows=1 width=84)
                     Sort Key: (st_distance(st_transform(s_1962.the_geom, 25833), schw_1962.schw))
                     ->  Nested Loop  (cost=0.00..97.81 rows=1 width=84)
                           Join Filter: ((st_transform(s_1962.the_geom, 25833) && st_expand(schw_1962.schw, '300'::double precision)) AND (schw_1962.schw && st_expand(st_transform(s_1962.the_geom, 25833), '300'::double precision)) AND _st_dwithin(st_transform(s_1962.the_geom, 25833), schw_1962.schw, '300'::double precision))
                           ->  Function Scan on schw_1962  (cost=0.00..0.01 rows=1 width=32)
                           ->  Seq Scan on phoml_trajectory_tmp s_1962  (cost=0.00..95.68 rows=17 width=40)
                                 Filter: ((unix_time >= '1685451308.635'::double precision) AND (unix_time <= '1685451368.635'::double precision))
   ->  Subquery Scan on "*SELECT* 1964"  (cost=97.82..97.83 rows=1 width=76)
         ->  Limit  (cost=97.82..97.82 rows=1 width=84)
               ->  Sort  (cost=97.82..97.82 rows=1 width=84)
                     Sort Key: (st_distance(st_transform(s_1963.the_geom, 25833), schw_1963.schw))
                     ->  Nested Loop  (cost=0.00..97.81 rows=1 width=84)
                           Join Filter: ((st_transform(s_1963.the_geom, 25833) && st_expand(schw_1963.schw, '300'::double precision)) AND (schw_1963.schw && st_expand(st_transform(s_1963.the_geom, 25833), '300'::double precision)) AND _st_dwithin(st_transform(s_1963.the_geom, 25833), schw_1963.schw, '300'::double precision))
                           ->  Function Scan on schw_1963  (cost=0.00..0.01 rows=1 width=32)
                           ->  Seq Scan on phoml_trajectory_tmp s_1963  (cost=0.00..95.68 rows=17 width=40)
                                 Filter: ((unix_time >= '1685451309.177'::double precision) AND (unix_time <= '1685451369.177'::double precision))
   ->  Subquery Scan on "*SELECT* 1965"  (cost=97.82..97.83 rows=1 width=76)
         ->  Limit  (cost=97.82..97.82 rows=1 width=84)
               ->  Sort  (cost=97.82..97.82 rows=1 width=84)
                     Sort Key: (st_distance(st_transform(s_1964.the_geom, 25833), schw_1964.schw))
                     ->  Nested Loop  (cost=0.00..97.81 rows=1 width=84)
                           Join Filter: ((st_transform(s_1964.the_geom, 25833) && st_expand(schw_1964.schw, '300'::double precision)) AND (schw_1964.schw && st_expand(st_transform(s_1964.the_geom, 25833), '300'::double precision)) AND _st_dwithin(st_transform(s_1964.the_geom, 25833), schw_1964.schw, '300'::double precision))
                           ->  Function Scan on schw_1964  (cost=0.00..0.01 rows=1 width=32)
                           ->  Seq Scan on phoml_trajectory_tmp s_1964  (cost=0.00..95.68 rows=17 width=40)
                                 Filter: ((unix_time >= '1685451309.707'::double precision) AND (unix_time <= '1685451369.707'::double precision))
   ->  Subquery Scan on "*SELECT* 1966"  (cost=97.82..97.83 rows=1 width=76)
         ->  Limit  (cost=97.82..97.82 rows=1 width=84)
               ->  Sort  (cost=97.82..97.82 rows=1 width=84)
                     Sort Key: (st_distance(st_transform(s_1965.the_geom, 25833), schw_1965.schw))
                     ->  Nested Loop  (cost=0.00..97.81 rows=1 width=84)
                           Join Filter: ((st_transform(s_1965.the_geom, 25833) && st_expand(schw_1965.schw, '300'::double precision)) AND (schw_1965.schw && st_expand(st_transform(s_1965.the_geom, 25833), '300'::double precision)) AND _st_dwithin(st_transform(s_1965.the_geom, 25833), schw_1965.schw, '300'::double precision))
                           ->  Function Scan on schw_1965  (cost=0.00..0.01 rows=1 width=32)
                           ->  Seq Scan on phoml_trajectory_tmp s_1965  (cost=0.00..95.68 rows=17 width=40)
                                 Filter: ((unix_time >= '1685451310.249'::double precision) AND (unix_time <= '1685451370.249'::double precision))
   ->  Subquery Scan on "*SELECT* 1967"  (cost=97.82..97.83 rows=1 width=76)
         ->  Limit  (cost=97.82..97.82 rows=1 width=84)
               ->  Sort  (cost=97.82..97.82 rows=1 width=84)
                     Sort Key: (st_distance(st_transform(s_1966.the_geom, 25833), schw_1966.schw))
                     ->  Nested Loop  (cost=0.00..97.81 rows=1 width=84)
                           Join Filter: ((st_transform(s_1966.the_geom, 25833) && st_expand(schw_1966.schw, '300'::double precision)) AND (schw_1966.schw && st_expand(st_transform(s_1966.the_geom, 25833), '300'::double precision)) AND _st_dwithin(st_transform(s_1966.the_geom, 25833), schw_1966.schw, '300'::double precision))
                           ->  Function Scan on schw_1966  (cost=0.00..0.01 rows=1 width=32)
                           ->  Seq Scan on phoml_trajectory_tmp s_1966  (cost=0.00..95.68 rows=17 width=40)
                                 Filter: ((unix_time >= '1685451310.789'::double precision) AND (unix_time <= '1685451370.789'::double precision))
   ->  Subquery Scan on "*SELECT* 1968"  (cost=97.82..97.83 rows=1 width=76)
         ->  Limit  (cost=97.82..97.82 rows=1 width=84)
               ->  Sort  (cost=97.82..97.82 rows=1 width=84)
                     Sort Key: (st_distance(st_transform(s_1967.the_geom, 25833), schw_1967.schw))
                     ->  Nested Loop  (cost=0.00..97.81 rows=1 width=84)
                           Join Filter: ((st_transform(s_1967.the_geom, 25833) && st_expand(schw_1967.schw, '300'::double precision)) AND (schw_1967.schw && st_expand(st_transform(s_1967.the_geom, 25833), '300'::double precision)) AND _st_dwithin(st_transform(s_1967.the_geom, 25833), schw_1967.schw, '300'::double precision))
                           ->  Function Scan on schw_1967  (cost=0.00..0.01 rows=1 width=32)
                           ->  Seq Scan on phoml_trajectory_tmp s_1967  (cost=0.00..95.68 rows=17 width=40)
                                 Filter: ((unix_time >= '1685451311.344'::double precision) AND (unix_time <= '1685451371.344'::double precision))
   ->  Subquery Scan on "*SELECT* 1969"  (cost=97.82..97.83 rows=1 width=76)
         ->  Limit  (cost=97.82..97.82 rows=1 width=84)
               ->  Sort  (cost=97.82..97.82 rows=1 width=84)
                     Sort Key: (st_distance(st_transform(s_1968.the_geom, 25833), schw_1968.schw))
                     ->  Nested Loop  (cost=0.00..97.81 rows=1 width=84)
                           Join Filter: ((st_transform(s_1968.the_geom, 25833) && st_expand(schw_1968.schw, '300'::double precision)) AND (schw_1968.schw && st_expand(st_transform(s_1968.the_geom, 25833), '300'::double precision)) AND _st_dwithin(st_transform(s_1968.the_geom, 25833), schw_1968.schw, '300'::double precision))
                           ->  Function Scan on schw_1968  (cost=0.00..0.01 rows=1 width=32)
                           ->  Seq Scan on phoml_trajectory_tmp s_1968  (cost=0.00..95.68 rows=17 width=40)
                                 Filter: ((unix_time >= '1685451311.894'::double precision) AND (unix_time <= '1685451371.894'::double precision))
   ->  Subquery Scan on "*SELECT* 1970"  (cost=97.82..97.83 rows=1 width=76)
         ->  Limit  (cost=97.82..97.82 rows=1 width=84)
               ->  Sort  (cost=97.82..97.82 rows=1 width=84)
                     Sort Key: (st_distance(st_transform(s_1969.the_geom, 25833), schw_1969.schw))
                     ->  Nested Loop  (cost=0.00..97.81 rows=1 width=84)
                           Join Filter: ((st_transform(s_1969.the_geom, 25833) && st_expand(schw_1969.schw, '300'::double precision)) AND (schw_1969.schw && st_expand(st_transform(s_1969.the_geom, 25833), '300'::double precision)) AND _st_dwithin(st_transform(s_1969.the_geom, 25833), schw_1969.schw, '300'::double precision))
                           ->  Function Scan on schw_1969  (cost=0.00..0.01 rows=1 width=32)
                           ->  Seq Scan on phoml_trajectory_tmp s_1969  (cost=0.00..95.68 rows=17 width=40)
                                 Filter: ((unix_time >= '1685451312.466'::double precision) AND (unix_time <= '1685451372.466'::double precision))
   ->  Subquery Scan on "*SELECT* 1971"  (cost=97.82..97.83 rows=1 width=76)
         ->  Limit  (cost=97.82..97.82 rows=1 width=84)
               ->  Sort  (cost=97.82..97.82 rows=1 width=84)
                     Sort Key: (st_distance(st_transform(s_1970.the_geom, 25833), schw_1970.schw))
                     ->  Nested Loop  (cost=0.00..97.81 rows=1 width=84)
                           Join Filter: ((st_transform(s_1970.the_geom, 25833) && st_expand(schw_1970.schw, '300'::double precision)) AND (schw_1970.schw && st_expand(st_transform(s_1970.the_geom, 25833), '300'::double precision)) AND _st_dwithin(st_transform(s_1970.the_geom, 25833), schw_1970.schw, '300'::double precision))
                           ->  Function Scan on schw_1970  (cost=0.00..0.01 rows=1 width=32)
                           ->  Seq Scan on phoml_trajectory_tmp s_1970  (cost=0.00..95.68 rows=17 width=40)
                                 Filter: ((unix_time >= '1685451313.036'::double precision) AND (unix_time <= '1685451373.036'::double precision))
   ->  Subquery Scan on "*SELECT* 1972"  (cost=97.82..97.83 rows=1 width=76)
         ->  Limit  (cost=97.82..97.82 rows=1 width=84)
               ->  Sort  (cost=97.82..97.82 rows=1 width=84)
                     Sort Key: (st_distance(st_transform(s_1971.the_geom, 25833), schw_1971.schw))
                     ->  Nested Loop  (cost=0.00..97.81 rows=1 width=84)
                           Join Filter: ((st_transform(s_1971.the_geom, 25833) && st_expand(schw_1971.schw, '300'::double precision)) AND (schw_1971.schw && st_expand(st_transform(s_1971.the_geom, 25833), '300'::double precision)) AND _st_dwithin(st_transform(s_1971.the_geom, 25833), schw_1971.schw, '300'::double precision))
                           ->  Function Scan on schw_1971  (cost=0.00..0.01 rows=1 width=32)
                           ->  Seq Scan on phoml_trajectory_tmp s_1971  (cost=0.00..95.68 rows=17 width=40)
                                 Filter: ((unix_time >= '1685451313.621'::double precision) AND (unix_time <= '1685451373.621'::double precision))
   ->  Subquery Scan on "*SELECT* 1973"  (cost=97.82..97.83 rows=1 width=76)
         ->  Limit  (cost=97.82..97.82 rows=1 width=84)
               ->  Sort  (cost=97.82..97.82 rows=1 width=84)
                     Sort Key: (st_distance(st_transform(s_1972.the_geom, 25833), schw_1972.schw))
                     ->  Nested Loop  (cost=0.00..97.81 rows=1 width=84)
                           Join Filter: ((st_transform(s_1972.the_geom, 25833) && st_expand(schw_1972.schw, '300'::double precision)) AND (schw_1972.schw && st_expand(st_transform(s_1972.the_geom, 25833), '300'::double precision)) AND _st_dwithin(st_transform(s_1972.the_geom, 25833), schw_1972.schw, '300'::double precision))
                           ->  Function Scan on schw_1972  (cost=0.00..0.01 rows=1 width=32)
                           ->  Seq Scan on phoml_trajectory_tmp s_1972  (cost=0.00..95.68 rows=17 width=40)
                                 Filter: ((unix_time >= '1685451314.224'::double precision) AND (unix_time <= '1685451374.224'::double precision))
   ->  Subquery Scan on "*SELECT* 1974"  (cost=97.82..97.83 rows=1 width=76)
         ->  Limit  (cost=97.82..97.82 rows=1 width=84)
               ->  Sort  (cost=97.82..97.82 rows=1 width=84)
                     Sort Key: (st_distance(st_transform(s_1973.the_geom, 25833), schw_1973.schw))
                     ->  Nested Loop  (cost=0.00..97.81 rows=1 width=84)
                           Join Filter: ((st_transform(s_1973.the_geom, 25833) && st_expand(schw_1973.schw, '300'::double precision)) AND (schw_1973.schw && st_expand(st_transform(s_1973.the_geom, 25833), '300'::double precision)) AND _st_dwithin(st_transform(s_1973.the_geom, 25833), schw_1973.schw, '300'::double precision))
                           ->  Function Scan on schw_1973  (cost=0.00..0.01 rows=1 width=32)
                           ->  Seq Scan on phoml_trajectory_tmp s_1973  (cost=0.00..95.68 rows=17 width=40)
                                 Filter: ((unix_time >= '1685451314.824'::double precision) AND (unix_time <= '1685451374.824'::double precision))
   ->  Subquery Scan on "*SELECT* 1975"  (cost=97.82..97.83 rows=1 width=76)
         ->  Limit  (cost=97.82..97.82 rows=1 width=84)
               ->  Sort  (cost=97.82..97.82 rows=1 width=84)
                     Sort Key: (st_distance(st_transform(s_1974.the_geom, 25833), schw_1974.schw))
                     ->  Nested Loop  (cost=0.00..97.81 rows=1 width=84)
                           Join Filter: ((st_transform(s_1974.the_geom, 25833) && st_expand(schw_1974.schw, '300'::double precision)) AND (schw_1974.schw && st_expand(st_transform(s_1974.the_geom, 25833), '300'::double precision)) AND _st_dwithin(st_transform(s_1974.the_geom, 25833), schw_1974.schw, '300'::double precision))
                           ->  Function Scan on schw_1974  (cost=0.00..0.01 rows=1 width=32)
                           ->  Seq Scan on phoml_trajectory_tmp s_1974  (cost=0.00..95.68 rows=17 width=40)
                                 Filter: ((unix_time >= '1685451315.427'::double precision) AND (unix_time <= '1685451375.427'::double precision))
   ->  Subquery Scan on "*SELECT* 1976"  (cost=97.82..97.83 rows=1 width=76)
         ->  Limit  (cost=97.82..97.82 rows=1 width=84)
               ->  Sort  (cost=97.82..97.82 rows=1 width=84)
                     Sort Key: (st_distance(st_transform(s_1975.the_geom, 25833), schw_1975.schw))
                     ->  Nested Loop  (cost=0.00..97.81 rows=1 width=84)
                           Join Filter: ((st_transform(s_1975.the_geom, 25833) && st_expand(schw_1975.schw, '300'::double precision)) AND (schw_1975.schw && st_expand(st_transform(s_1975.the_geom, 25833), '300'::double precision)) AND _st_dwithin(st_transform(s_1975.the_geom, 25833), schw_1975.schw, '300'::double precision))
                           ->  Function Scan on schw_1975  (cost=0.00..0.01 rows=1 width=32)
                           ->  Seq Scan on phoml_trajectory_tmp s_1975  (cost=0.00..95.68 rows=17 width=40)
                                 Filter: ((unix_time >= '1685451316.017'::double precision) AND (unix_time <= '1685451376.017'::double precision))
   ->  Subquery Scan on "*SELECT* 1977"  (cost=97.82..97.83 rows=1 width=76)
         ->  Limit  (cost=97.82..97.82 rows=1 width=84)
               ->  Sort  (cost=97.82..97.82 rows=1 width=84)
                     Sort Key: (st_distance(st_transform(s_1976.the_geom, 25833), schw_1976.schw))
                     ->  Nested Loop  (cost=0.00..97.81 rows=1 width=84)
                           Join Filter: ((st_transform(s_1976.the_geom, 25833) && st_expand(schw_1976.schw, '300'::double precision)) AND (schw_1976.schw && st_expand(st_transform(s_1976.the_geom, 25833), '300'::double precision)) AND _st_dwithin(st_transform(s_1976.the_geom, 25833), schw_1976.schw, '300'::double precision))
                           ->  Function Scan on schw_1976  (cost=0.00..0.01 rows=1 width=32)
                           ->  Seq Scan on phoml_trajectory_tmp s_1976  (cost=0.00..95.68 rows=17 width=40)
                                 Filter: ((unix_time >= '1685451316.612'::double precision) AND (unix_time <= '1685451376.612'::double precision))
   ->  Subquery Scan on "*SELECT* 1978"  (cost=97.82..97.83 rows=1 width=76)
         ->  Limit  (cost=97.82..97.82 rows=1 width=84)
               ->  Sort  (cost=97.82..97.82 rows=1 width=84)
                     Sort Key: (st_distance(st_transform(s_1977.the_geom, 25833), schw_1977.schw))
                     ->  Nested Loop  (cost=0.00..97.81 rows=1 width=84)
                           Join Filter: ((st_transform(s_1977.the_geom, 25833) && st_expand(schw_1977.schw, '300'::double precision)) AND (schw_1977.schw && st_expand(st_transform(s_1977.the_geom, 25833), '300'::double precision)) AND _st_dwithin(st_transform(s_1977.the_geom, 25833), schw_1977.schw, '300'::double precision))
                           ->  Function Scan on schw_1977  (cost=0.00..0.01 rows=1 width=32)
                           ->  Seq Scan on phoml_trajectory_tmp s_1977  (cost=0.00..95.68 rows=17 width=40)
                                 Filter: ((unix_time >= '1685451317.207'::double precision) AND (unix_time <= '1685451377.207'::double precision))
   ->  Subquery Scan on "*SELECT* 1979"  (cost=97.82..97.83 rows=1 width=76)
         ->  Limit  (cost=97.82..97.82 rows=1 width=84)
               ->  Sort  (cost=97.82..97.82 rows=1 width=84)
                     Sort Key: (st_distance(st_transform(s_1978.the_geom, 25833), schw_1978.schw))
                     ->  Nested Loop  (cost=0.00..97.81 rows=1 width=84)
                           Join Filter: ((st_transform(s_1978.the_geom, 25833) && st_expand(schw_1978.schw, '300'::double precision)) AND (schw_1978.schw && st_expand(st_transform(s_1978.the_geom, 25833), '300'::double precision)) AND _st_dwithin(st_transform(s_1978.the_geom, 25833), schw_1978.schw, '300'::double precision))
                           ->  Function Scan on schw_1978  (cost=0.00..0.01 rows=1 width=32)
                           ->  Seq Scan on phoml_trajectory_tmp s_1978  (cost=0.00..95.68 rows=17 width=40)
                                 Filter: ((unix_time >= '1685451317.787'::double precision) AND (unix_time <= '1685451377.787'::double precision))
   ->  Subquery Scan on "*SELECT* 1980"  (cost=97.82..97.83 rows=1 width=76)
         ->  Limit  (cost=97.82..97.82 rows=1 width=84)
               ->  Sort  (cost=97.82..97.82 rows=1 width=84)
                     Sort Key: (st_distance(st_transform(s_1979.the_geom, 25833), schw_1979.schw))
                     ->  Nested Loop  (cost=0.00..97.81 rows=1 width=84)
                           Join Filter: ((st_transform(s_1979.the_geom, 25833) && st_expand(schw_1979.schw, '300'::double precision)) AND (schw_1979.schw && st_expand(st_transform(s_1979.the_geom, 25833), '300'::double precision)) AND _st_dwithin(st_transform(s_1979.the_geom, 25833), schw_1979.schw, '300'::double precision))
                           ->  Function Scan on schw_1979  (cost=0.00..0.01 rows=1 width=32)
                           ->  Seq Scan on phoml_trajectory_tmp s_1979  (cost=0.00..95.68 rows=17 width=40)
                                 Filter: ((unix_time >= '1685451318.384'::double precision) AND (unix_time <= '1685451378.384'::double precision))
   ->  Subquery Scan on "*SELECT* 1981"  (cost=97.82..97.83 rows=1 width=76)
         ->  Limit  (cost=97.82..97.82 rows=1 width=84)
               ->  Sort  (cost=97.82..97.82 rows=1 width=84)
                     Sort Key: (st_distance(st_transform(s_1980.the_geom, 25833), schw_1980.schw))
                     ->  Nested Loop  (cost=0.00..97.81 rows=1 width=84)
                           Join Filter: ((st_transform(s_1980.the_geom, 25833) && st_expand(schw_1980.schw, '300'::double precision)) AND (schw_1980.schw && st_expand(st_transform(s_1980.the_geom, 25833), '300'::double precision)) AND _st_dwithin(st_transform(s_1980.the_geom, 25833), schw_1980.schw, '300'::double precision))
                           ->  Function Scan on schw_1980  (cost=0.00..0.01 rows=1 width=32)
                           ->  Seq Scan on phoml_trajectory_tmp s_1980  (cost=0.00..95.68 rows=17 width=40)
                                 Filter: ((unix_time >= '1685451318.954'::double precision) AND (unix_time <= '1685451378.954'::double precision))
   ->  Subquery Scan on "*SELECT* 1982"  (cost=97.82..97.83 rows=1 width=76)
         ->  Limit  (cost=97.82..97.82 rows=1 width=84)
               ->  Sort  (cost=97.82..97.82 rows=1 width=84)
                     Sort Key: (st_distance(st_transform(s_1981.the_geom, 25833), schw_1981.schw))
                     ->  Nested Loop  (cost=0.00..97.81 rows=1 width=84)
                           Join Filter: ((st_transform(s_1981.the_geom, 25833) && st_expand(schw_1981.schw, '300'::double precision)) AND (schw_1981.schw && st_expand(st_transform(s_1981.the_geom, 25833), '300'::double precision)) AND _st_dwithin(st_transform(s_1981.the_geom, 25833), schw_1981.schw, '300'::double precision))
                           ->  Function Scan on schw_1981  (cost=0.00..0.01 rows=1 width=32)
                           ->  Seq Scan on phoml_trajectory_tmp s_1981  (cost=0.00..95.68 rows=17 width=40)
                                 Filter: ((unix_time >= '1685451319.512'::double precision) AND (unix_time <= '1685451379.512'::double precision))
   ->  Subquery Scan on "*SELECT* 1983"  (cost=97.82..97.83 rows=1 width=76)
         ->  Limit  (cost=97.82..97.82 rows=1 width=84)
               ->  Sort  (cost=97.82..97.82 rows=1 width=84)
                     Sort Key: (st_distance(st_transform(s_1982.the_geom, 25833), schw_1982.schw))
                     ->  Nested Loop  (cost=0.00..97.81 rows=1 width=84)
                           Join Filter: ((st_transform(s_1982.the_geom, 25833) && st_expand(schw_1982.schw, '300'::double precision)) AND (schw_1982.schw && st_expand(st_transform(s_1982.the_geom, 25833), '300'::double precision)) AND _st_dwithin(st_transform(s_1982.the_geom, 25833), schw_1982.schw, '300'::double precision))
                           ->  Function Scan on schw_1982  (cost=0.00..0.01 rows=1 width=32)
                           ->  Seq Scan on phoml_trajectory_tmp s_1982  (cost=0.00..95.68 rows=17 width=40)
                                 Filter: ((unix_time >= '1685451320.052'::double precision) AND (unix_time <= '1685451380.052'::double precision))
   ->  Subquery Scan on "*SELECT* 1984"  (cost=97.82..97.83 rows=1 width=76)
         ->  Limit  (cost=97.82..97.82 rows=1 width=84)
               ->  Sort  (cost=97.82..97.82 rows=1 width=84)
                     Sort Key: (st_distance(st_transform(s_1983.the_geom, 25833), schw_1983.schw))
                     ->  Nested Loop  (cost=0.00..97.81 rows=1 width=84)
                           Join Filter: ((st_transform(s_1983.the_geom, 25833) && st_expand(schw_1983.schw, '300'::double precision)) AND (schw_1983.schw && st_expand(st_transform(s_1983.the_geom, 25833), '300'::double precision)) AND _st_dwithin(st_transform(s_1983.the_geom, 25833), schw_1983.schw, '300'::double precision))
                           ->  Function Scan on schw_1983  (cost=0.00..0.01 rows=1 width=32)
                           ->  Seq Scan on phoml_trajectory_tmp s_1983  (cost=0.00..95.68 rows=17 width=40)
                                 Filter: ((unix_time >= '1685451320.575'::double precision) AND (unix_time <= '1685451380.575'::double precision))
   ->  Subquery Scan on "*SELECT* 1985"  (cost=97.82..97.83 rows=1 width=76)
         ->  Limit  (cost=97.82..97.82 rows=1 width=84)
               ->  Sort  (cost=97.82..97.82 rows=1 width=84)
                     Sort Key: (st_distance(st_transform(s_1984.the_geom, 25833), schw_1984.schw))
                     ->  Nested Loop  (cost=0.00..97.81 rows=1 width=84)
                           Join Filter: ((st_transform(s_1984.the_geom, 25833) && st_expand(schw_1984.schw, '300'::double precision)) AND (schw_1984.schw && st_expand(st_transform(s_1984.the_geom, 25833), '300'::double precision)) AND _st_dwithin(st_transform(s_1984.the_geom, 25833), schw_1984.schw, '300'::double precision))
                           ->  Function Scan on schw_1984  (cost=0.00..0.01 rows=1 width=32)
                           ->  Seq Scan on phoml_trajectory_tmp s_1984  (cost=0.00..95.68 rows=17 width=40)
                                 Filter: ((unix_time >= '1685451321.085'::double precision) AND (unix_time <= '1685451381.085'::double precision))
   ->  Subquery Scan on "*SELECT* 1986"  (cost=97.82..97.83 rows=1 width=76)
         ->  Limit  (cost=97.82..97.82 rows=1 width=84)
               ->  Sort  (cost=97.82..97.82 rows=1 width=84)
                     Sort Key: (st_distance(st_transform(s_1985.the_geom, 25833), schw_1985.schw))
                     ->  Nested Loop  (cost=0.00..97.81 rows=1 width=84)
                           Join Filter: ((st_transform(s_1985.the_geom, 25833) && st_expand(schw_1985.schw, '300'::double precision)) AND (schw_1985.schw && st_expand(st_transform(s_1985.the_geom, 25833), '300'::double precision)) AND _st_dwithin(st_transform(s_1985.the_geom, 25833), schw_1985.schw, '300'::double precision))
                           ->  Function Scan on schw_1985  (cost=0.00..0.01 rows=1 width=32)
                           ->  Seq Scan on phoml_trajectory_tmp s_1985  (cost=0.00..95.68 rows=17 width=40)
                                 Filter: ((unix_time >= '1685451321.59'::double precision) AND (unix_time <= '1685451381.59'::double precision))
   ->  Subquery Scan on "*SELECT* 1987"  (cost=97.82..97.83 rows=1 width=76)
         ->  Limit  (cost=97.82..97.82 rows=1 width=84)
               ->  Sort  (cost=97.82..97.82 rows=1 width=84)
                     Sort Key: (st_distance(st_transform(s_1986.the_geom, 25833), schw_1986.schw))
                     ->  Nested Loop  (cost=0.00..97.81 rows=1 width=84)
                           Join Filter: ((st_transform(s_1986.the_geom, 25833) && st_expand(schw_1986.schw, '300'::double precision)) AND (schw_1986.schw && st_expand(st_transform(s_1986.the_geom, 25833), '300'::double precision)) AND _st_dwithin(st_transform(s_1986.the_geom, 25833), schw_1986.schw, '300'::double precision))
                           ->  Function Scan on schw_1986  (cost=0.00..0.01 rows=1 width=32)
                           ->  Seq Scan on phoml_trajectory_tmp s_1986  (cost=0.00..95.68 rows=17 width=40)
                                 Filter: ((unix_time >= '1685451322.09'::double precision) AND (unix_time <= '1685451382.09'::double precision))
   ->  Subquery Scan on "*SELECT* 1988"  (cost=97.82..97.83 rows=1 width=76)
         ->  Limit  (cost=97.82..97.82 rows=1 width=84)
               ->  Sort  (cost=97.82..97.82 rows=1 width=84)
                     Sort Key: (st_distance(st_transform(s_1987.the_geom, 25833), schw_1987.schw))
                     ->  Nested Loop  (cost=0.00..97.81 rows=1 width=84)
                           Join Filter: ((st_transform(s_1987.the_geom, 25833) && st_expand(schw_1987.schw, '300'::double precision)) AND (schw_1987.schw && st_expand(st_transform(s_1987.the_geom, 25833), '300'::double precision)) AND _st_dwithin(st_transform(s_1987.the_geom, 25833), schw_1987.schw, '300'::double precision))
                           ->  Function Scan on schw_1987  (cost=0.00..0.01 rows=1 width=32)
                           ->  Seq Scan on phoml_trajectory_tmp s_1987  (cost=0.00..95.68 rows=17 width=40)
                                 Filter: ((unix_time >= '1685451322.574'::double precision) AND (unix_time <= '1685451382.574'::double precision))
   ->  Subquery Scan on "*SELECT* 1989"  (cost=97.82..97.83 rows=1 width=76)
         ->  Limit  (cost=97.82..97.82 rows=1 width=84)
               ->  Sort  (cost=97.82..97.82 rows=1 width=84)
                     Sort Key: (st_distance(st_transform(s_1988.the_geom, 25833), schw_1988.schw))
                     ->  Nested Loop  (cost=0.00..97.81 rows=1 width=84)
                           Join Filter: ((st_transform(s_1988.the_geom, 25833) && st_expand(schw_1988.schw, '300'::double precision)) AND (schw_1988.schw && st_expand(st_transform(s_1988.the_geom, 25833), '300'::double precision)) AND _st_dwithin(st_transform(s_1988.the_geom, 25833), schw_1988.schw, '300'::double precision))
                           ->  Function Scan on schw_1988  (cost=0.00..0.01 rows=1 width=32)
                           ->  Seq Scan on phoml_trajectory_tmp s_1988  (cost=0.00..95.68 rows=17 width=40)
                                 Filter: ((unix_time >= '1685451323.054'::double precision) AND (unix_time <= '1685451383.054'::double precision))
   ->  Subquery Scan on "*SELECT* 1990"  (cost=97.82..97.83 rows=1 width=76)
         ->  Limit  (cost=97.82..97.82 rows=1 width=84)
               ->  Sort  (cost=97.82..97.82 rows=1 width=84)
                     Sort Key: (st_distance(st_transform(s_1989.the_geom, 25833), schw_1989.schw))
                     ->  Nested Loop  (cost=0.00..97.81 rows=1 width=84)
                           Join Filter: ((st_transform(s_1989.the_geom, 25833) && st_expand(schw_1989.schw, '300'::double precision)) AND (schw_1989.schw && st_expand(st_transform(s_1989.the_geom, 25833), '300'::double precision)) AND _st_dwithin(st_transform(s_1989.the_geom, 25833), schw_1989.schw, '300'::double precision))
                           ->  Function Scan on schw_1989  (cost=0.00..0.01 rows=1 width=32)
                           ->  Seq Scan on phoml_trajectory_tmp s_1989  (cost=0.00..95.68 rows=17 width=40)
                                 Filter: ((unix_time >= '1685451323.538'::double precision) AND (unix_time <= '1685451383.538'::double precision))
   ->  Subquery Scan on "*SELECT* 1991"  (cost=97.82..97.83 rows=1 width=76)
         ->  Limit  (cost=97.82..97.82 rows=1 width=84)
               ->  Sort  (cost=97.82..97.82 rows=1 width=84)
                     Sort Key: (st_distance(st_transform(s_1990.the_geom, 25833), schw_1990.schw))
                     ->  Nested Loop  (cost=0.00..97.81 rows=1 width=84)
                           Join Filter: ((st_transform(s_1990.the_geom, 25833) && st_expand(schw_1990.schw, '300'::double precision)) AND (schw_1990.schw && st_expand(st_transform(s_1990.the_geom, 25833), '300'::double precision)) AND _st_dwithin(st_transform(s_1990.the_geom, 25833), schw_1990.schw, '300'::double precision))
                           ->  Function Scan on schw_1990  (cost=0.00..0.01 rows=1 width=32)
                           ->  Seq Scan on phoml_trajectory_tmp s_1990  (cost=0.00..95.68 rows=17 width=40)
                                 Filter: ((unix_time >= '1685451324.018'::double precision) AND (unix_time <= '1685451384.018'::double precision))
   ->  Subquery Scan on "*SELECT* 1992"  (cost=97.82..97.83 rows=1 width=76)
         ->  Limit  (cost=97.82..97.82 rows=1 width=84)
               ->  Sort  (cost=97.82..97.82 rows=1 width=84)
                     Sort Key: (st_distance(st_transform(s_1991.the_geom, 25833), schw_1991.schw))
                     ->  Nested Loop  (cost=0.00..97.81 rows=1 width=84)
                           Join Filter: ((st_transform(s_1991.the_geom, 25833) && st_expand(schw_1991.schw, '300'::double precision)) AND (schw_1991.schw && st_expand(st_transform(s_1991.the_geom, 25833), '300'::double precision)) AND _st_dwithin(st_transform(s_1991.the_geom, 25833), schw_1991.schw, '300'::double precision))
                           ->  Function Scan on schw_1991  (cost=0.00..0.01 rows=1 width=32)
                           ->  Seq Scan on phoml_trajectory_tmp s_1991  (cost=0.00..95.68 rows=17 width=40)
                                 Filter: ((unix_time >= '1685451324.485'::double precision) AND (unix_time <= '1685451384.485'::double precision))
   ->  Subquery Scan on "*SELECT* 1993"  (cost=97.82..97.83 rows=1 width=76)
         ->  Limit  (cost=97.82..97.82 rows=1 width=84)
               ->  Sort  (cost=97.82..97.82 rows=1 width=84)
                     Sort Key: (st_distance(st_transform(s_1992.the_geom, 25833), schw_1992.schw))
                     ->  Nested Loop  (cost=0.00..97.81 rows=1 width=84)
                           Join Filter: ((st_transform(s_1992.the_geom, 25833) && st_expand(schw_1992.schw, '300'::double precision)) AND (schw_1992.schw && st_expand(st_transform(s_1992.the_geom, 25833), '300'::double precision)) AND _st_dwithin(st_transform(s_1992.the_geom, 25833), schw_1992.schw, '300'::double precision))
                           ->  Function Scan on schw_1992  (cost=0.00..0.01 rows=1 width=32)
                           ->  Seq Scan on phoml_trajectory_tmp s_1992  (cost=0.00..95.68 rows=17 width=40)
                                 Filter: ((unix_time >= '1685451324.985'::double precision) AND (unix_time <= '1685451384.985'::double precision))
   ->  Subquery Scan on "*SELECT* 1994"  (cost=97.82..97.83 rows=1 width=76)
         ->  Limit  (cost=97.82..97.82 rows=1 width=84)
               ->  Sort  (cost=97.82..97.82 rows=1 width=84)
                     Sort Key: (st_distance(st_transform(s_1993.the_geom, 25833), schw_1993.schw))
                     ->  Nested Loop  (cost=0.00..97.81 rows=1 width=84)
                           Join Filter: ((st_transform(s_1993.the_geom, 25833) && st_expand(schw_1993.schw, '300'::double precision)) AND (schw_1993.schw && st_expand(st_transform(s_1993.the_geom, 25833), '300'::double precision)) AND _st_dwithin(st_transform(s_1993.the_geom, 25833), schw_1993.schw, '300'::double precision))
                           ->  Function Scan on schw_1993  (cost=0.00..0.01 rows=1 width=32)
                           ->  Seq Scan on phoml_trajectory_tmp s_1993  (cost=0.00..95.68 rows=17 width=40)
                                 Filter: ((unix_time >= '1685451325.46'::double precision) AND (unix_time <= '1685451385.46'::double precision))
   ->  Subquery Scan on "*SELECT* 1995"  (cost=97.82..97.83 rows=1 width=76)
         ->  Limit  (cost=97.82..97.82 rows=1 width=84)
               ->  Sort  (cost=97.82..97.82 rows=1 width=84)
                     Sort Key: (st_distance(st_transform(s_1994.the_geom, 25833), schw_1994.schw))
                     ->  Nested Loop  (cost=0.00..97.81 rows=1 width=84)
                           Join Filter: ((st_transform(s_1994.the_geom, 25833) && st_expand(schw_1994.schw, '300'::double precision)) AND (schw_1994.schw && st_expand(st_transform(s_1994.the_geom, 25833), '300'::double precision)) AND _st_dwithin(st_transform(s_1994.the_geom, 25833), schw_1994.schw, '300'::double precision))
                           ->  Function Scan on schw_1994  (cost=0.00..0.01 rows=1 width=32)
                           ->  Seq Scan on phoml_trajectory_tmp s_1994  (cost=0.00..95.68 rows=17 width=40)
                                 Filter: ((unix_time >= '1685451325.94'::double precision) AND (unix_time <= '1685451385.94'::double precision))
   ->  Subquery Scan on "*SELECT* 1996"  (cost=97.82..97.83 rows=1 width=76)
         ->  Limit  (cost=97.82..97.82 rows=1 width=84)
               ->  Sort  (cost=97.82..97.82 rows=1 width=84)
                     Sort Key: (st_distance(st_transform(s_1995.the_geom, 25833), schw_1995.schw))
                     ->  Nested Loop  (cost=0.00..97.81 rows=1 width=84)
                           Join Filter: ((st_transform(s_1995.the_geom, 25833) && st_expand(schw_1995.schw, '300'::double precision)) AND (schw_1995.schw && st_expand(st_transform(s_1995.the_geom, 25833), '300'::double precision)) AND _st_dwithin(st_transform(s_1995.the_geom, 25833), schw_1995.schw, '300'::double precision))
                           ->  Function Scan on schw_1995  (cost=0.00..0.01 rows=1 width=32)
                           ->  Seq Scan on phoml_trajectory_tmp s_1995  (cost=0.00..95.68 rows=17 width=40)
                                 Filter: ((unix_time >= '1685451326.412'::double precision) AND (unix_time <= '1685451386.412'::double precision))
   ->  Subquery Scan on "*SELECT* 1997"  (cost=97.82..97.83 rows=1 width=76)
         ->  Limit  (cost=97.82..97.82 rows=1 width=84)
               ->  Sort  (cost=97.82..97.82 rows=1 width=84)
                     Sort Key: (st_distance(st_transform(s_1996.the_geom, 25833), schw_1996.schw))
                     ->  Nested Loop  (cost=0.00..97.81 rows=1 width=84)
                           Join Filter: ((st_transform(s_1996.the_geom, 25833) && st_expand(schw_1996.schw, '300'::double precision)) AND (schw_1996.schw && st_expand(st_transform(s_1996.the_geom, 25833), '300'::double precision)) AND _st_dwithin(st_transform(s_1996.the_geom, 25833), schw_1996.schw, '300'::double precision))
                           ->  Function Scan on schw_1996  (cost=0.00..0.01 rows=1 width=32)
                           ->  Seq Scan on phoml_trajectory_tmp s_1996  (cost=0.00..95.68 rows=17 width=40)
                                 Filter: ((unix_time >= '1685451326.882'::double precision) AND (unix_time <= '1685451386.882'::double precision))
   ->  Subquery Scan on "*SELECT* 1998"  (cost=97.82..97.83 rows=1 width=76)
         ->  Limit  (cost=97.82..97.82 rows=1 width=84)
               ->  Sort  (cost=97.82..97.82 rows=1 width=84)
                     Sort Key: (st_distance(st_transform(s_1997.the_geom, 25833), schw_1997.schw))
                     ->  Nested Loop  (cost=0.00..97.81 rows=1 width=84)
                           Join Filter: ((st_transform(s_1997.the_geom, 25833) && st_expand(schw_1997.schw, '300'::double precision)) AND (schw_1997.schw && st_expand(st_transform(s_1997.the_geom, 25833), '300'::double precision)) AND _st_dwithin(st_transform(s_1997.the_geom, 25833), schw_1997.schw, '300'::double precision))
                           ->  Function Scan on schw_1997  (cost=0.00..0.01 rows=1 width=32)
                           ->  Seq Scan on phoml_trajectory_tmp s_1997  (cost=0.00..95.68 rows=17 width=40)
                                 Filter: ((unix_time >= '1685451327.359'::double precision) AND (unix_time <= '1685451387.359'::double precision))
   ->  Subquery Scan on "*SELECT* 1999"  (cost=97.82..97.83 rows=1 width=76)
         ->  Limit  (cost=97.82..97.82 rows=1 width=84)
               ->  Sort  (cost=97.82..97.82 rows=1 width=84)
                     Sort Key: (st_distance(st_transform(s_1998.the_geom, 25833), schw_1998.schw))
                     ->  Nested Loop  (cost=0.00..97.81 rows=1 width=84)
                           Join Filter: ((st_transform(s_1998.the_geom, 25833) && st_expand(schw_1998.schw, '300'::double precision)) AND (schw_1998.schw && st_expand(st_transform(s_1998.the_geom, 25833), '300'::double precision)) AND _st_dwithin(st_transform(s_1998.the_geom, 25833), schw_1998.schw, '300'::double precision))
                           ->  Function Scan on schw_1998  (cost=0.00..0.01 rows=1 width=32)
                           ->  Seq Scan on phoml_trajectory_tmp s_1998  (cost=0.00..95.68 rows=17 width=40)
                                 Filter: ((unix_time >= '1685451327.819'::double precision) AND (unix_time <= '1685451387.819'::double precision))
   ->  Subquery Scan on "*SELECT* 2000"  (cost=97.82..97.83 rows=1 width=76)
         ->  Limit  (cost=97.82..97.82 rows=1 width=84)
               ->  Sort  (cost=97.82..97.82 rows=1 width=84)
                     Sort Key: (st_distance(st_transform(s_1999.the_geom, 25833), schw_1999.schw))
                     ->  Nested Loop  (cost=0.00..97.81 rows=1 width=84)
                           Join Filter: ((st_transform(s_1999.the_geom, 25833) && st_expand(schw_1999.schw, '300'::double precision)) AND (schw_1999.schw && st_expand(st_transform(s_1999.the_geom, 25833), '300'::double precision)) AND _st_dwithin(st_transform(s_1999.the_geom, 25833), schw_1999.schw, '300'::double precision))
                           ->  Function Scan on schw_1999  (cost=0.00..0.01 rows=1 width=32)
                           ->  Seq Scan on phoml_trajectory_tmp s_1999  (cost=0.00..95.68 rows=17 width=40)
                                 Filter: ((unix_time >= '1685451328.275'::double precision) AND (unix_time <= '1685451388.275'::double precision))
   ->  Subquery Scan on "*SELECT* 2001"  (cost=97.82..97.83 rows=1 width=76)
         ->  Limit  (cost=97.82..97.82 rows=1 width=84)
               ->  Sort  (cost=97.82..97.82 rows=1 width=84)
                     Sort Key: (st_distance(st_transform(s_2000.the_geom, 25833), schw_2000.schw))
                     ->  Nested Loop  (cost=0.00..97.81 rows=1 width=84)
                           Join Filter: ((st_transform(s_2000.the_geom, 25833) && st_expand(schw_2000.schw, '300'::double precision)) AND (schw_2000.schw && st_expand(st_transform(s_2000.the_geom, 25833), '300'::double precision)) AND _st_dwithin(st_transform(s_2000.the_geom, 25833), schw_2000.schw, '300'::double precision))
                           ->  Function Scan on schw_2000  (cost=0.00..0.01 rows=1 width=32)
                           ->  Seq Scan on phoml_trajectory_tmp s_2000  (cost=0.00..95.68 rows=17 width=40)
                                 Filter: ((unix_time >= '1685451328.735'::double precision) AND (unix_time <= '1685451388.735'::double precision))
   ->  Subquery Scan on "*SELECT* 2002"  (cost=97.82..97.83 rows=1 width=76)
         ->  Limit  (cost=97.82..97.82 rows=1 width=84)
               ->  Sort  (cost=97.82..97.82 rows=1 width=84)
                     Sort Key: (st_distance(st_transform(s_2001.the_geom, 25833), schw_2001.schw))
                     ->  Nested Loop  (cost=0.00..97.81 rows=1 width=84)
                           Join Filter: ((st_transform(s_2001.the_geom, 25833) && st_expand(schw_2001.schw, '300'::double precision)) AND (schw_2001.schw && st_expand(st_transform(s_2001.the_geom, 25833), '300'::double precision)) AND _st_dwithin(st_transform(s_2001.the_geom, 25833), schw_2001.schw, '300'::double precision))
                           ->  Function Scan on schw_2001  (cost=0.00..0.01 rows=1 width=32)
                           ->  Seq Scan on phoml_trajectory_tmp s_2001  (cost=0.00..95.68 rows=17 width=40)
                                 Filter: ((unix_time >= '1685451329.181'::double precision) AND (unix_time <= '1685451389.181'::double precision))
   ->  Subquery Scan on "*SELECT* 2003"  (cost=97.82..97.83 rows=1 width=76)
         ->  Limit  (cost=97.82..97.82 rows=1 width=84)
               ->  Sort  (cost=97.82..97.82 rows=1 width=84)
                     Sort Key: (st_distance(st_transform(s_2002.the_geom, 25833), schw_2002.schw))
                     ->  Nested Loop  (cost=0.00..97.81 rows=1 width=84)
                           Join Filter: ((st_transform(s_2002.the_geom, 25833) && st_expand(schw_2002.schw, '300'::double precision)) AND (schw_2002.schw && st_expand(st_transform(s_2002.the_geom, 25833), '300'::double precision)) AND _st_dwithin(st_transform(s_2002.the_geom, 25833), schw_2002.schw, '300'::double precision))
                           ->  Function Scan on schw_2002  (cost=0.00..0.01 rows=1 width=32)
                           ->  Seq Scan on phoml_trajectory_tmp s_2002  (cost=0.00..95.68 rows=17 width=40)
                                 Filter: ((unix_time >= '1685451329.621'::double precision) AND (unix_time <= '1685451389.621'::double precision))
   ->  Subquery Scan on "*SELECT* 2004"  (cost=97.82..97.83 rows=1 width=76)
         ->  Limit  (cost=97.82..97.82 rows=1 width=84)
               ->  Sort  (cost=97.82..97.82 rows=1 width=84)
                     Sort Key: (st_distance(st_transform(s_2003.the_geom, 25833), schw_2003.schw))
                     ->  Nested Loop  (cost=0.00..97.81 rows=1 width=84)
                           Join Filter: ((st_transform(s_2003.the_geom, 25833) && st_expand(schw_2003.schw, '300'::double precision)) AND (schw_2003.schw && st_expand(st_transform(s_2003.the_geom, 25833), '300'::double precision)) AND _st_dwithin(st_transform(s_2003.the_geom, 25833), schw_2003.schw, '300'::double precision))
                           ->  Function Scan on schw_2003  (cost=0.00..0.01 rows=1 width=32)
                           ->  Seq Scan on phoml_trajectory_tmp s_2003  (cost=0.00..95.68 rows=17 width=40)
                                 Filter: ((unix_time >= '1685451330.061'::double precision) AND (unix_time <= '1685451390.061'::double precision))
   ->  Subquery Scan on "*SELECT* 2005"  (cost=97.82..97.83 rows=1 width=76)
         ->  Limit  (cost=97.82..97.82 rows=1 width=84)
               ->  Sort  (cost=97.82..97.82 rows=1 width=84)
                     Sort Key: (st_distance(st_transform(s_2004.the_geom, 25833), schw_2004.schw))
                     ->  Nested Loop  (cost=0.00..97.81 rows=1 width=84)
                           Join Filter: ((st_transform(s_2004.the_geom, 25833) && st_expand(schw_2004.schw, '300'::double precision)) AND (schw_2004.schw && st_expand(st_transform(s_2004.the_geom, 25833), '300'::double precision)) AND _st_dwithin(st_transform(s_2004.the_geom, 25833), schw_2004.schw, '300'::double precision))
                           ->  Function Scan on schw_2004  (cost=0.00..0.01 rows=1 width=32)
                           ->  Seq Scan on phoml_trajectory_tmp s_2004  (cost=0.00..95.68 rows=17 width=40)
                                 Filter: ((unix_time >= '1685451330.495'::double precision) AND (unix_time <= '1685451390.495'::double precision))
   ->  Subquery Scan on "*SELECT* 2006"  (cost=97.82..97.83 rows=1 width=76)
         ->  Limit  (cost=97.82..97.82 rows=1 width=84)
               ->  Sort  (cost=97.82..97.82 rows=1 width=84)
                     Sort Key: (st_distance(st_transform(s_2005.the_geom, 25833), schw_2005.schw))
                     ->  Nested Loop  (cost=0.00..97.81 rows=1 width=84)
                           Join Filter: ((st_transform(s_2005.the_geom, 25833) && st_expand(schw_2005.schw, '300'::double precision)) AND (schw_2005.schw && st_expand(st_transform(s_2005.the_geom, 25833), '300'::double precision)) AND _st_dwithin(st_transform(s_2005.the_geom, 25833), schw_2005.schw, '300'::double precision))
                           ->  Function Scan on schw_2005  (cost=0.00..0.01 rows=1 width=32)
                           ->  Seq Scan on phoml_trajectory_tmp s_2005  (cost=0.00..95.68 rows=17 width=40)
                                 Filter: ((unix_time >= '1685451330.905'::double precision) AND (unix_time <= '1685451390.905'::double precision))
   ->  Subquery Scan on "*SELECT* 2007"  (cost=97.82..97.83 rows=1 width=76)
         ->  Limit  (cost=97.82..97.82 rows=1 width=84)
               ->  Sort  (cost=97.82..97.82 rows=1 width=84)
                     Sort Key: (st_distance(st_transform(s_2006.the_geom, 25833), schw_2006.schw))
                     ->  Nested Loop  (cost=0.00..97.81 rows=1 width=84)
                           Join Filter: ((st_transform(s_2006.the_geom, 25833) && st_expand(schw_2006.schw, '300'::double precision)) AND (schw_2006.schw && st_expand(st_transform(s_2006.the_geom, 25833), '300'::double precision)) AND _st_dwithin(st_transform(s_2006.the_geom, 25833), schw_2006.schw, '300'::double precision))
                           ->  Function Scan on schw_2006  (cost=0.00..0.01 rows=1 width=32)
                           ->  Seq Scan on phoml_trajectory_tmp s_2006  (cost=0.00..95.68 rows=17 width=40)
                                 Filter: ((unix_time >= '1685451331.333'::double precision) AND (unix_time <= '1685451391.333'::double precision))
   ->  Subquery Scan on "*SELECT* 2008"  (cost=97.82..97.83 rows=1 width=76)
         ->  Limit  (cost=97.82..97.82 rows=1 width=84)
               ->  Sort  (cost=97.82..97.82 rows=1 width=84)
                     Sort Key: (st_distance(st_transform(s_2007.the_geom, 25833), schw_2007.schw))
                     ->  Nested Loop  (cost=0.00..97.81 rows=1 width=84)
                           Join Filter: ((st_transform(s_2007.the_geom, 25833) && st_expand(schw_2007.schw, '300'::double precision)) AND (schw_2007.schw && st_expand(st_transform(s_2007.the_geom, 25833), '300'::double precision)) AND _st_dwithin(st_transform(s_2007.the_geom, 25833), schw_2007.schw, '300'::double precision))
                           ->  Function Scan on schw_2007  (cost=0.00..0.01 rows=1 width=32)
                           ->  Seq Scan on phoml_trajectory_tmp s_2007  (cost=0.00..95.68 rows=17 width=40)
                                 Filter: ((unix_time >= '1685451331.753'::double precision) AND (unix_time <= '1685451391.753'::double precision))
   ->  Subquery Scan on "*SELECT* 2009"  (cost=97.82..97.83 rows=1 width=76)
         ->  Limit  (cost=97.82..97.82 rows=1 width=84)
               ->  Sort  (cost=97.82..97.82 rows=1 width=84)
                     Sort Key: (st_distance(st_transform(s_2008.the_geom, 25833), schw_2008.schw))
                     ->  Nested Loop  (cost=0.00..97.81 rows=1 width=84)
                           Join Filter: ((st_transform(s_2008.the_geom, 25833) && st_expand(schw_2008.schw, '300'::double precision)) AND (schw_2008.schw && st_expand(st_transform(s_2008.the_geom, 25833), '300'::double precision)) AND _st_dwithin(st_transform(s_2008.the_geom, 25833), schw_2008.schw, '300'::double precision))
                           ->  Function Scan on schw_2008  (cost=0.00..0.01 rows=1 width=32)
                           ->  Seq Scan on phoml_trajectory_tmp s_2008  (cost=0.00..95.68 rows=17 width=40)
                                 Filter: ((unix_time >= '1685451332.177'::double precision) AND (unix_time <= '1685451392.177'::double precision))
   ->  Subquery Scan on "*SELECT* 2010"  (cost=97.82..97.83 rows=1 width=76)
         ->  Limit  (cost=97.82..97.82 rows=1 width=84)
               ->  Sort  (cost=97.82..97.82 rows=1 width=84)
                     Sort Key: (st_distance(st_transform(s_2009.the_geom, 25833), schw_2009.schw))
                     ->  Nested Loop  (cost=0.00..97.81 rows=1 width=84)
                           Join Filter: ((st_transform(s_2009.the_geom, 25833) && st_expand(schw_2009.schw, '300'::double precision)) AND (schw_2009.schw && st_expand(st_transform(s_2009.the_geom, 25833), '300'::double precision)) AND _st_dwithin(st_transform(s_2009.the_geom, 25833), schw_2009.schw, '300'::double precision))
                           ->  Function Scan on schw_2009  (cost=0.00..0.01 rows=1 width=32)
                           ->  Seq Scan on phoml_trajectory_tmp s_2009  (cost=0.00..95.68 rows=17 width=40)
                                 Filter: ((unix_time >= '1685451332.597'::double precision) AND (unix_time <= '1685451392.597'::double precision))
   ->  Subquery Scan on "*SELECT* 2011"  (cost=97.82..97.83 rows=1 width=76)
         ->  Limit  (cost=97.82..97.82 rows=1 width=84)
               ->  Sort  (cost=97.82..97.82 rows=1 width=84)
                     Sort Key: (st_distance(st_transform(s_2010.the_geom, 25833), schw_2010.schw))
                     ->  Nested Loop  (cost=0.00..97.81 rows=1 width=84)
                           Join Filter: ((st_transform(s_2010.the_geom, 25833) && st_expand(schw_2010.schw, '300'::double precision)) AND (schw_2010.schw && st_expand(st_transform(s_2010.the_geom, 25833), '300'::double precision)) AND _st_dwithin(st_transform(s_2010.the_geom, 25833), schw_2010.schw, '300'::double precision))
                           ->  Function Scan on schw_2010  (cost=0.00..0.01 rows=1 width=32)
                           ->  Seq Scan on phoml_trajectory_tmp s_2010  (cost=0.00..95.68 rows=17 width=40)
                                 Filter: ((unix_time >= '1685451332.997'::double precision) AND (unix_time <= '1685451392.997'::double precision))
   ->  Subquery Scan on "*SELECT* 2012"  (cost=97.82..97.83 rows=1 width=76)
         ->  Limit  (cost=97.82..97.82 rows=1 width=84)
               ->  Sort  (cost=97.82..97.82 rows=1 width=84)
                     Sort Key: (st_distance(st_transform(s_2011.the_geom, 25833), schw_2011.schw))
                     ->  Nested Loop  (cost=0.00..97.81 rows=1 width=84)
                           Join Filter: ((st_transform(s_2011.the_geom, 25833) && st_expand(schw_2011.schw, '300'::double precision)) AND (schw_2011.schw && st_expand(st_transform(s_2011.the_geom, 25833), '300'::double precision)) AND _st_dwithin(st_transform(s_2011.the_geom, 25833), schw_2011.schw, '300'::double precision))
                           ->  Function Scan on schw_2011  (cost=0.00..0.01 rows=1 width=32)
                           ->  Seq Scan on phoml_trajectory_tmp s_2011  (cost=0.00..95.68 rows=17 width=40)
                                 Filter: ((unix_time >= '1685451333.404'::double precision) AND (unix_time <= '1685451393.404'::double precision))
   ->  Subquery Scan on "*SELECT* 2013"  (cost=97.82..97.83 rows=1 width=76)
         ->  Limit  (cost=97.82..97.82 rows=1 width=84)
               ->  Sort  (cost=97.82..97.82 rows=1 width=84)
                     Sort Key: (st_distance(st_transform(s_2012.the_geom, 25833), schw_2012.schw))
                     ->  Nested Loop  (cost=0.00..97.81 rows=1 width=84)
                           Join Filter: ((st_transform(s_2012.the_geom, 25833) && st_expand(schw_2012.schw, '300'::double precision)) AND (schw_2012.schw && st_expand(st_transform(s_2012.the_geom, 25833), '300'::double precision)) AND _st_dwithin(st_transform(s_2012.the_geom, 25833), schw_2012.schw, '300'::double precision))
                           ->  Function Scan on schw_2012  (cost=0.00..0.01 rows=1 width=32)
                           ->  Seq Scan on phoml_trajectory_tmp s_2012  (cost=0.00..95.68 rows=17 width=40)
                                 Filter: ((unix_time >= '1685451333.794'::double precision) AND (unix_time <= '1685451393.794'::double precision))
   ->  Subquery Scan on "*SELECT* 2014"  (cost=97.82..97.83 rows=1 width=76)
         ->  Limit  (cost=97.82..97.82 rows=1 width=84)
               ->  Sort  (cost=97.82..97.82 rows=1 width=84)
                     Sort Key: (st_distance(st_transform(s_2013.the_geom, 25833), schw_2013.schw))
                     ->  Nested Loop  (cost=0.00..97.81 rows=1 width=84)
                           Join Filter: ((st_transform(s_2013.the_geom, 25833) && st_expand(schw_2013.schw, '300'::double precision)) AND (schw_2013.schw && st_expand(st_transform(s_2013.the_geom, 25833), '300'::double precision)) AND _st_dwithin(st_transform(s_2013.the_geom, 25833), schw_2013.schw, '300'::double precision))
                           ->  Function Scan on schw_2013  (cost=0.00..0.01 rows=1 width=32)
                           ->  Seq Scan on phoml_trajectory_tmp s_2013  (cost=0.00..95.68 rows=17 width=40)
                                 Filter: ((unix_time >= '1685451334.199'::double precision) AND (unix_time <= '1685451394.199'::double precision))
   ->  Subquery Scan on "*SELECT* 2015"  (cost=97.82..97.83 rows=1 width=76)
         ->  Limit  (cost=97.82..97.82 rows=1 width=84)
               ->  Sort  (cost=97.82..97.82 rows=1 width=84)
                     Sort Key: (st_distance(st_transform(s_2014.the_geom, 25833), schw_2014.schw))
                     ->  Nested Loop  (cost=0.00..97.81 rows=1 width=84)
                           Join Filter: ((st_transform(s_2014.the_geom, 25833) && st_expand(schw_2014.schw, '300'::double precision)) AND (schw_2014.schw && st_expand(st_transform(s_2014.the_geom, 25833), '300'::double precision)) AND _st_dwithin(st_transform(s_2014.the_geom, 25833), schw_2014.schw, '300'::double precision))
                           ->  Function Scan on schw_2014  (cost=0.00..0.01 rows=1 width=32)
                           ->  Seq Scan on phoml_trajectory_tmp s_2014  (cost=0.00..95.68 rows=17 width=40)
                                 Filter: ((unix_time >= '1685451334.579'::double precision) AND (unix_time <= '1685451394.579'::double precision))
   ->  Subquery Scan on "*SELECT* 2016"  (cost=97.82..97.83 rows=1 width=76)
         ->  Limit  (cost=97.82..97.82 rows=1 width=84)
               ->  Sort  (cost=97.82..97.82 rows=1 width=84)
                     Sort Key: (st_distance(st_transform(s_2015.the_geom, 25833), schw_2015.schw))
                     ->  Nested Loop  (cost=0.00..97.81 rows=1 width=84)
                           Join Filter: ((st_transform(s_2015.the_geom, 25833) && st_expand(schw_2015.schw, '300'::double precision)) AND (schw_2015.schw && st_expand(st_transform(s_2015.the_geom, 25833), '300'::double precision)) AND _st_dwithin(st_transform(s_2015.the_geom, 25833), schw_2015.schw, '300'::double precision))
                           ->  Function Scan on schw_2015  (cost=0.00..0.01 rows=1 width=32)
                           ->  Seq Scan on phoml_trajectory_tmp s_2015  (cost=0.00..95.68 rows=17 width=40)
                                 Filter: ((unix_time >= '1685451334.959'::double precision) AND (unix_time <= '1685451394.959'::double precision))
   ->  Subquery Scan on "*SELECT* 2017"  (cost=97.82..97.83 rows=1 width=76)
         ->  Limit  (cost=97.82..97.82 rows=1 width=84)
               ->  Sort  (cost=97.82..97.82 rows=1 width=84)
                     Sort Key: (st_distance(st_transform(s_2016.the_geom, 25833), schw_2016.schw))
                     ->  Nested Loop  (cost=0.00..97.81 rows=1 width=84)
                           Join Filter: ((st_transform(s_2016.the_geom, 25833) && st_expand(schw_2016.schw, '300'::double precision)) AND (schw_2016.schw && st_expand(st_transform(s_2016.the_geom, 25833), '300'::double precision)) AND _st_dwithin(st_transform(s_2016.the_geom, 25833), schw_2016.schw, '300'::double precision))
                           ->  Function Scan on schw_2016  (cost=0.00..0.01 rows=1 width=32)
                           ->  Seq Scan on phoml_trajectory_tmp s_2016  (cost=0.00..95.68 rows=17 width=40)
                                 Filter: ((unix_time >= '1685451335.347'::double precision) AND (unix_time <= '1685451395.347'::double precision))
   ->  Subquery Scan on "*SELECT* 2018"  (cost=97.82..97.83 rows=1 width=76)
         ->  Limit  (cost=97.82..97.82 rows=1 width=84)
               ->  Sort  (cost=97.82..97.82 rows=1 width=84)
                     Sort Key: (st_distance(st_transform(s_2017.the_geom, 25833), schw_2017.schw))
                     ->  Nested Loop  (cost=0.00..97.81 rows=1 width=84)
                           Join Filter: ((st_transform(s_2017.the_geom, 25833) && st_expand(schw_2017.schw, '300'::double precision)) AND (schw_2017.schw && st_expand(st_transform(s_2017.the_geom, 25833), '300'::double precision)) AND _st_dwithin(st_transform(s_2017.the_geom, 25833), schw_2017.schw, '300'::double precision))
                           ->  Function Scan on schw_2017  (cost=0.00..0.01 rows=1 width=32)
                           ->  Seq Scan on phoml_trajectory_tmp s_2017  (cost=0.00..95.68 rows=17 width=40)
                                 Filter: ((unix_time >= '1685451335.737'::double precision) AND (unix_time <= '1685451395.737'::double precision))
   ->  Subquery Scan on "*SELECT* 2019"  (cost=97.82..97.83 rows=1 width=76)
         ->  Limit  (cost=97.82..97.82 rows=1 width=84)
               ->  Sort  (cost=97.82..97.82 rows=1 width=84)
                     Sort Key: (st_distance(st_transform(s_2018.the_geom, 25833), schw_2018.schw))
                     ->  Nested Loop  (cost=0.00..97.81 rows=1 width=84)
                           Join Filter: ((st_transform(s_2018.the_geom, 25833) && st_expand(schw_2018.schw, '300'::double precision)) AND (schw_2018.schw && st_expand(st_transform(s_2018.the_geom, 25833), '300'::double precision)) AND _st_dwithin(st_transform(s_2018.the_geom, 25833), schw_2018.schw, '300'::double precision))
                           ->  Function Scan on schw_2018  (cost=0.00..0.01 rows=1 width=32)
                           ->  Seq Scan on phoml_trajectory_tmp s_2018  (cost=0.00..95.68 rows=17 width=40)
                                 Filter: ((unix_time >= '1685451336.117'::double precision) AND (unix_time <= '1685451396.117'::double precision))
   ->  Subquery Scan on "*SELECT* 2020"  (cost=97.82..97.83 rows=1 width=76)
         ->  Limit  (cost=97.82..97.82 rows=1 width=84)
               ->  Sort  (cost=97.82..97.82 rows=1 width=84)
                     Sort Key: (st_distance(st_transform(s_2019.the_geom, 25833), schw_2019.schw))
                     ->  Nested Loop  (cost=0.00..97.81 rows=1 width=84)
                           Join Filter: ((st_transform(s_2019.the_geom, 25833) && st_expand(schw_2019.schw, '300'::double precision)) AND (schw_2019.schw && st_expand(st_transform(s_2019.the_geom, 25833), '300'::double precision)) AND _st_dwithin(st_transform(s_2019.the_geom, 25833), schw_2019.schw, '300'::double precision))
                           ->  Function Scan on schw_2019  (cost=0.00..0.01 rows=1 width=32)
                           ->  Seq Scan on phoml_trajectory_tmp s_2019  (cost=0.00..95.68 rows=17 width=40)
                                 Filter: ((unix_time >= '1685451336.503'::double precision) AND (unix_time <= '1685451396.503'::double precision))
   ->  Subquery Scan on "*SELECT* 2021"  (cost=97.82..97.83 rows=1 width=76)
         ->  Limit  (cost=97.82..97.82 rows=1 width=84)
               ->  Sort  (cost=97.82..97.82 rows=1 width=84)
                     Sort Key: (st_distance(st_transform(s_2020.the_geom, 25833), schw_2020.schw))
                     ->  Nested Loop  (cost=0.00..97.81 rows=1 width=84)
                           Join Filter: ((st_transform(s_2020.the_geom, 25833) && st_expand(schw_2020.schw, '300'::double precision)) AND (schw_2020.schw && st_expand(st_transform(s_2020.the_geom, 25833), '300'::double precision)) AND _st_dwithin(st_transform(s_2020.the_geom, 25833), schw_2020.schw, '300'::double precision))
                           ->  Function Scan on schw_2020  (cost=0.00..0.01 rows=1 width=32)
                           ->  Seq Scan on phoml_trajectory_tmp s_2020  (cost=0.00..95.68 rows=17 width=40)
                                 Filter: ((unix_time >= '1685451336.873'::double precision) AND (unix_time <= '1685451396.873'::double precision))
   ->  Subquery Scan on "*SELECT* 2022"  (cost=97.82..97.83 rows=1 width=76)
         ->  Limit  (cost=97.82..97.82 rows=1 width=84)
               ->  Sort  (cost=97.82..97.82 rows=1 width=84)
                     Sort Key: (st_distance(st_transform(s_2021.the_geom, 25833), schw_2021.schw))
                     ->  Nested Loop  (cost=0.00..97.81 rows=1 width=84)
                           Join Filter: ((st_transform(s_2021.the_geom, 25833) && st_expand(schw_2021.schw, '300'::double precision)) AND (schw_2021.schw && st_expand(st_transform(s_2021.the_geom, 25833), '300'::double precision)) AND _st_dwithin(st_transform(s_2021.the_geom, 25833), schw_2021.schw, '300'::double precision))
                           ->  Function Scan on schw_2021  (cost=0.00..0.01 rows=1 width=32)
                           ->  Seq Scan on phoml_trajectory_tmp s_2021  (cost=0.00..95.68 rows=17 width=40)
                                 Filter: ((unix_time >= '1685451337.253'::double precision) AND (unix_time <= '1685451397.253'::double precision))
   ->  Subquery Scan on "*SELECT* 2023"  (cost=97.82..97.83 rows=1 width=76)
         ->  Limit  (cost=97.82..97.82 rows=1 width=84)
               ->  Sort  (cost=97.82..97.82 rows=1 width=84)
                     Sort Key: (st_distance(st_transform(s_2022.the_geom, 25833), schw_2022.schw))
                     ->  Nested Loop  (cost=0.00..97.81 rows=1 width=84)
                           Join Filter: ((st_transform(s_2022.the_geom, 25833) && st_expand(schw_2022.schw, '300'::double precision)) AND (schw_2022.schw && st_expand(st_transform(s_2022.the_geom, 25833), '300'::double precision)) AND _st_dwithin(st_transform(s_2022.the_geom, 25833), schw_2022.schw, '300'::double precision))
                           ->  Function Scan on schw_2022  (cost=0.00..0.01 rows=1 width=32)
                           ->  Seq Scan on phoml_trajectory_tmp s_2022  (cost=0.00..95.68 rows=17 width=40)
                                 Filter: ((unix_time >= '1685451337.623'::double precision) AND (unix_time <= '1685451397.623'::double precision))
   ->  Subquery Scan on "*SELECT* 2024"  (cost=97.82..97.83 rows=1 width=76)
         ->  Limit  (cost=97.82..97.82 rows=1 width=84)
               ->  Sort  (cost=97.82..97.82 rows=1 width=84)
                     Sort Key: (st_distance(st_transform(s_2023.the_geom, 25833), schw_2023.schw))
                     ->  Nested Loop  (cost=0.00..97.81 rows=1 width=84)
                           Join Filter: ((st_transform(s_2023.the_geom, 25833) && st_expand(schw_2023.schw, '300'::double precision)) AND (schw_2023.schw && st_expand(st_transform(s_2023.the_geom, 25833), '300'::double precision)) AND _st_dwithin(st_transform(s_2023.the_geom, 25833), schw_2023.schw, '300'::double precision))
                           ->  Function Scan on schw_2023  (cost=0.00..0.01 rows=1 width=32)
                           ->  Seq Scan on phoml_trajectory_tmp s_2023  (cost=0.00..95.68 rows=17 width=40)
                                 Filter: ((unix_time >= '1685451338.003'::double precision) AND (unix_time <= '1685451398.003'::double precision))
   ->  Subquery Scan on "*SELECT* 2025"  (cost=97.82..97.83 rows=1 width=76)
         ->  Limit  (cost=97.82..97.82 rows=1 width=84)
               ->  Sort  (cost=97.82..97.82 rows=1 width=84)
                     Sort Key: (st_distance(st_transform(s_2024.the_geom, 25833), schw_2024.schw))
                     ->  Nested Loop  (cost=0.00..97.81 rows=1 width=84)
                           Join Filter: ((st_transform(s_2024.the_geom, 25833) && st_expand(schw_2024.schw, '300'::double precision)) AND (schw_2024.schw && st_expand(st_transform(s_2024.the_geom, 25833), '300'::double precision)) AND _st_dwithin(st_transform(s_2024.the_geom, 25833), schw_2024.schw, '300'::double precision))
                           ->  Function Scan on schw_2024  (cost=0.00..0.01 rows=1 width=32)
                           ->  Seq Scan on phoml_trajectory_tmp s_2024  (cost=0.00..95.68 rows=17 width=40)
                                 Filter: ((unix_time >= '1685451338.37'::double precision) AND (unix_time <= '1685451398.37'::double precision))
   ->  Subquery Scan on "*SELECT* 2026"  (cost=97.82..97.83 rows=1 width=76)
         ->  Limit  (cost=97.82..97.82 rows=1 width=84)
               ->  Sort  (cost=97.82..97.82 rows=1 width=84)
                     Sort Key: (st_distance(st_transform(s_2025.the_geom, 25833), schw_2025.schw))
                     ->  Nested Loop  (cost=0.00..97.81 rows=1 width=84)
                           Join Filter: ((st_transform(s_2025.the_geom, 25833) && st_expand(schw_2025.schw, '300'::double precision)) AND (schw_2025.schw && st_expand(st_transform(s_2025.the_geom, 25833), '300'::double precision)) AND _st_dwithin(st_transform(s_2025.the_geom, 25833), schw_2025.schw, '300'::double precision))
                           ->  Function Scan on schw_2025  (cost=0.00..0.01 rows=1 width=32)
                           ->  Seq Scan on phoml_trajectory_tmp s_2025  (cost=0.00..95.68 rows=17 width=40)
                                 Filter: ((unix_time >= '1685451338.74'::double precision) AND (unix_time <= '1685451398.74'::double precision))
   ->  Subquery Scan on "*SELECT* 2027"  (cost=97.82..97.83 rows=1 width=76)
         ->  Limit  (cost=97.82..97.82 rows=1 width=84)
               ->  Sort  (cost=97.82..97.82 rows=1 width=84)
                     Sort Key: (st_distance(st_transform(s_2026.the_geom, 25833), schw_2026.schw))
                     ->  Nested Loop  (cost=0.00..97.81 rows=1 width=84)
                           Join Filter: ((st_transform(s_2026.the_geom, 25833) && st_expand(schw_2026.schw, '300'::double precision)) AND (schw_2026.schw && st_expand(st_transform(s_2026.the_geom, 25833), '300'::double precision)) AND _st_dwithin(st_transform(s_2026.the_geom, 25833), schw_2026.schw, '300'::double precision))
                           ->  Function Scan on schw_2026  (cost=0.00..0.01 rows=1 width=32)
                           ->  Seq Scan on phoml_trajectory_tmp s_2026  (cost=0.00..95.68 rows=17 width=40)
                                 Filter: ((unix_time >= '1685451339.12'::double precision) AND (unix_time <= '1685451399.12'::double precision))
   ->  Subquery Scan on "*SELECT* 2028"  (cost=97.82..97.83 rows=1 width=76)
         ->  Limit  (cost=97.82..97.82 rows=1 width=84)
               ->  Sort  (cost=97.82..97.82 rows=1 width=84)
                     Sort Key: (st_distance(st_transform(s_2027.the_geom, 25833), schw_2027.schw))
                     ->  Nested Loop  (cost=0.00..97.81 rows=1 width=84)
                           Join Filter: ((st_transform(s_2027.the_geom, 25833) && st_expand(schw_2027.schw, '300'::double precision)) AND (schw_2027.schw && st_expand(st_transform(s_2027.the_geom, 25833), '300'::double precision)) AND _st_dwithin(st_transform(s_2027.the_geom, 25833), schw_2027.schw, '300'::double precision))
                           ->  Function Scan on schw_2027  (cost=0.00..0.01 rows=1 width=32)
                           ->  Seq Scan on phoml_trajectory_tmp s_2027  (cost=0.00..95.68 rows=17 width=40)
                                 Filter: ((unix_time >= '1685451339.493'::double precision) AND (unix_time <= '1685451399.493'::double precision))
   ->  Subquery Scan on "*SELECT* 2029"  (cost=97.82..97.83 rows=1 width=76)
         ->  Limit  (cost=97.82..97.82 rows=1 width=84)
               ->  Sort  (cost=97.82..97.82 rows=1 width=84)
                     Sort Key: (st_distance(st_transform(s_2028.the_geom, 25833), schw_2028.schw))
                     ->  Nested Loop  (cost=0.00..97.81 rows=1 width=84)
                           Join Filter: ((st_transform(s_2028.the_geom, 25833) && st_expand(schw_2028.schw, '300'::double precision)) AND (schw_2028.schw && st_expand(st_transform(s_2028.the_geom, 25833), '300'::double precision)) AND _st_dwithin(st_transform(s_2028.the_geom, 25833), schw_2028.schw, '300'::double precision))
                           ->  Function Scan on schw_2028  (cost=0.00..0.01 rows=1 width=32)
                           ->  Seq Scan on phoml_trajectory_tmp s_2028  (cost=0.00..95.68 rows=17 width=40)
                                 Filter: ((unix_time >= '1685451339.863'::double precision) AND (unix_time <= '1685451399.863'::double precision))
   ->  Subquery Scan on "*SELECT* 2030"  (cost=97.82..97.83 rows=1 width=76)
         ->  Limit  (cost=97.82..97.82 rows=1 width=84)
               ->  Sort  (cost=97.82..97.82 rows=1 width=84)
                     Sort Key: (st_distance(st_transform(s_2029.the_geom, 25833), schw_2029.schw))
                     ->  Nested Loop  (cost=0.00..97.81 rows=1 width=84)
                           Join Filter: ((st_transform(s_2029.the_geom, 25833) && st_expand(schw_2029.schw, '300'::double precision)) AND (schw_2029.schw && st_expand(st_transform(s_2029.the_geom, 25833), '300'::double precision)) AND _st_dwithin(st_transform(s_2029.the_geom, 25833), schw_2029.schw, '300'::double precision))
                           ->  Function Scan on schw_2029  (cost=0.00..0.01 rows=1 width=32)
                           ->  Seq Scan on phoml_trajectory_tmp s_2029  (cost=0.00..95.68 rows=17 width=40)
                                 Filter: ((unix_time >= '1685451340.255'::double precision) AND (unix_time <= '1685451400.255'::double precision))
   ->  Subquery Scan on "*SELECT* 2031"  (cost=97.82..97.83 rows=1 width=76)
         ->  Limit  (cost=97.82..97.82 rows=1 width=84)
               ->  Sort  (cost=97.82..97.82 rows=1 width=84)
                     Sort Key: (st_distance(st_transform(s_2030.the_geom, 25833), schw_2030.schw))
                     ->  Nested Loop  (cost=0.00..97.81 rows=1 width=84)
                           Join Filter: ((st_transform(s_2030.the_geom, 25833) && st_expand(schw_2030.schw, '300'::double precision)) AND (schw_2030.schw && st_expand(st_transform(s_2030.the_geom, 25833), '300'::double precision)) AND _st_dwithin(st_transform(s_2030.the_geom, 25833), schw_2030.schw, '300'::double precision))
                           ->  Function Scan on schw_2030  (cost=0.00..0.01 rows=1 width=32)
                           ->  Seq Scan on phoml_trajectory_tmp s_2030  (cost=0.00..95.68 rows=17 width=40)
                                 Filter: ((unix_time >= '1685451340.635'::double precision) AND (unix_time <= '1685451400.635'::double precision))
   ->  Subquery Scan on "*SELECT* 2032"  (cost=97.82..97.83 rows=1 width=76)
         ->  Limit  (cost=97.82..97.82 rows=1 width=84)
               ->  Sort  (cost=97.82..97.82 rows=1 width=84)
                     Sort Key: (st_distance(st_transform(s_2031.the_geom, 25833), schw_2031.schw))
                     ->  Nested Loop  (cost=0.00..97.81 rows=1 width=84)
                           Join Filter: ((st_transform(s_2031.the_geom, 25833) && st_expand(schw_2031.schw, '300'::double precision)) AND (schw_2031.schw && st_expand(st_transform(s_2031.the_geom, 25833), '300'::double precision)) AND _st_dwithin(st_transform(s_2031.the_geom, 25833), schw_2031.schw, '300'::double precision))
                           ->  Function Scan on schw_2031  (cost=0.00..0.01 rows=1 width=32)
                           ->  Seq Scan on phoml_trajectory_tmp s_2031  (cost=0.00..95.68 rows=17 width=40)
                                 Filter: ((unix_time >= '1685451341.035'::double precision) AND (unix_time <= '1685451401.035'::double precision))
   ->  Subquery Scan on "*SELECT* 2033"  (cost=97.82..97.83 rows=1 width=76)
         ->  Limit  (cost=97.82..97.82 rows=1 width=84)
               ->  Sort  (cost=97.82..97.82 rows=1 width=84)
                     Sort Key: (st_distance(st_transform(s_2032.the_geom, 25833), schw_2032.schw))
                     ->  Nested Loop  (cost=0.00..97.81 rows=1 width=84)
                           Join Filter: ((st_transform(s_2032.the_geom, 25833) && st_expand(schw_2032.schw, '300'::double precision)) AND (schw_2032.schw && st_expand(st_transform(s_2032.the_geom, 25833), '300'::double precision)) AND _st_dwithin(st_transform(s_2032.the_geom, 25833), schw_2032.schw, '300'::double precision))
                           ->  Function Scan on schw_2032  (cost=0.00..0.01 rows=1 width=32)
                           ->  Seq Scan on phoml_trajectory_tmp s_2032  (cost=0.00..95.68 rows=17 width=40)
                                 Filter: ((unix_time >= '1685451341.427'::double precision) AND (unix_time <= '1685451401.427'::double precision))
   ->  Subquery Scan on "*SELECT* 2034"  (cost=97.82..97.83 rows=1 width=76)
         ->  Limit  (cost=97.82..97.82 rows=1 width=84)
               ->  Sort  (cost=97.82..97.82 rows=1 width=84)
                     Sort Key: (st_distance(st_transform(s_2033.the_geom, 25833), schw_2033.schw))
                     ->  Nested Loop  (cost=0.00..97.81 rows=1 width=84)
                           Join Filter: ((st_transform(s_2033.the_geom, 25833) && st_expand(schw_2033.schw, '300'::double precision)) AND (schw_2033.schw && st_expand(st_transform(s_2033.the_geom, 25833), '300'::double precision)) AND _st_dwithin(st_transform(s_2033.the_geom, 25833), schw_2033.schw, '300'::double precision))
                           ->  Function Scan on schw_2033  (cost=0.00..0.01 rows=1 width=32)
                           ->  Seq Scan on phoml_trajectory_tmp s_2033  (cost=0.00..95.68 rows=17 width=40)
                                 Filter: ((unix_time >= '1685451341.837'::double precision) AND (unix_time <= '1685451401.837'::double precision))
   ->  Subquery Scan on "*SELECT* 2035"  (cost=97.82..97.83 rows=1 width=76)
         ->  Limit  (cost=97.82..97.82 rows=1 width=84)
               ->  Sort  (cost=97.82..97.82 rows=1 width=84)
                     Sort Key: (st_distance(st_transform(s_2034.the_geom, 25833), schw_2034.schw))
                     ->  Nested Loop  (cost=0.00..97.81 rows=1 width=84)
                           Join Filter: ((st_transform(s_2034.the_geom, 25833) && st_expand(schw_2034.schw, '300'::double precision)) AND (schw_2034.schw && st_expand(st_transform(s_2034.the_geom, 25833), '300'::double precision)) AND _st_dwithin(st_transform(s_2034.the_geom, 25833), schw_2034.schw, '300'::double precision))
                           ->  Function Scan on schw_2034  (cost=0.00..0.01 rows=1 width=32)
                           ->  Seq Scan on phoml_trajectory_tmp s_2034  (cost=0.00..95.68 rows=17 width=40)
                                 Filter: ((unix_time >= '1685451342.269'::double precision) AND (unix_time <= '1685451402.269'::double precision))
   ->  Subquery Scan on "*SELECT* 2036"  (cost=97.82..97.83 rows=1 width=76)
         ->  Limit  (cost=97.82..97.82 rows=1 width=84)
               ->  Sort  (cost=97.82..97.82 rows=1 width=84)
                     Sort Key: (st_distance(st_transform(s_2035.the_geom, 25833), schw_2035.schw))
                     ->  Nested Loop  (cost=0.00..97.81 rows=1 width=84)
                           Join Filter: ((st_transform(s_2035.the_geom, 25833) && st_expand(schw_2035.schw, '300'::double precision)) AND (schw_2035.schw && st_expand(st_transform(s_2035.the_geom, 25833), '300'::double precision)) AND _st_dwithin(st_transform(s_2035.the_geom, 25833), schw_2035.schw, '300'::double precision))
                           ->  Function Scan on schw_2035  (cost=0.00..0.01 rows=1 width=32)
                           ->  Seq Scan on phoml_trajectory_tmp s_2035  (cost=0.00..95.68 rows=17 width=40)
                                 Filter: ((unix_time >= '1685451342.709'::double precision) AND (unix_time <= '1685451402.709'::double precision))
   ->  Subquery Scan on "*SELECT* 2037"  (cost=97.82..97.83 rows=1 width=76)
         ->  Limit  (cost=97.82..97.82 rows=1 width=84)
               ->  Sort  (cost=97.82..97.82 rows=1 width=84)
                     Sort Key: (st_distance(st_transform(s_2036.the_geom, 25833), schw_2036.schw))
                     ->  Nested Loop  (cost=0.00..97.81 rows=1 width=84)
                           Join Filter: ((st_transform(s_2036.the_geom, 25833) && st_expand(schw_2036.schw, '300'::double precision)) AND (schw_2036.schw && st_expand(st_transform(s_2036.the_geom, 25833), '300'::double precision)) AND _st_dwithin(st_transform(s_2036.the_geom, 25833), schw_2036.schw, '300'::double precision))
                           ->  Function Scan on schw_2036  (cost=0.00..0.01 rows=1 width=32)
                           ->  Seq Scan on phoml_trajectory_tmp s_2036  (cost=0.00..95.68 rows=17 width=40)
                                 Filter: ((unix_time >= '1685451343.151'::double precision) AND (unix_time <= '1685451403.151'::double precision))
   ->  Subquery Scan on "*SELECT* 2038"  (cost=97.82..97.83 rows=1 width=76)
         ->  Limit  (cost=97.82..97.82 rows=1 width=84)
               ->  Sort  (cost=97.82..97.82 rows=1 width=84)
                     Sort Key: (st_distance(st_transform(s_2037.the_geom, 25833), schw_2037.schw))
                     ->  Nested Loop  (cost=0.00..97.81 rows=1 width=84)
                           Join Filter: ((st_transform(s_2037.the_geom, 25833) && st_expand(schw_2037.schw, '300'::double precision)) AND (schw_2037.schw && st_expand(st_transform(s_2037.the_geom, 25833), '300'::double precision)) AND _st_dwithin(st_transform(s_2037.the_geom, 25833), schw_2037.schw, '300'::double precision))
                           ->  Function Scan on schw_2037  (cost=0.00..0.01 rows=1 width=32)
                           ->  Seq Scan on phoml_trajectory_tmp s_2037  (cost=0.00..95.68 rows=17 width=40)
                                 Filter: ((unix_time >= '1685451343.611'::double precision) AND (unix_time <= '1685451403.611'::double precision))
   ->  Subquery Scan on "*SELECT* 2039"  (cost=97.82..97.83 rows=1 width=76)
         ->  Limit  (cost=97.82..97.82 rows=1 width=84)
               ->  Sort  (cost=97.82..97.82 rows=1 width=84)
                     Sort Key: (st_distance(st_transform(s_2038.the_geom, 25833), schw_2038.schw))
                     ->  Nested Loop  (cost=0.00..97.81 rows=1 width=84)
                           Join Filter: ((st_transform(s_2038.the_geom, 25833) && st_expand(schw_2038.schw, '300'::double precision)) AND (schw_2038.schw && st_expand(st_transform(s_2038.the_geom, 25833), '300'::double precision)) AND _st_dwithin(st_transform(s_2038.the_geom, 25833), schw_2038.schw, '300'::double precision))
                           ->  Function Scan on schw_2038  (cost=0.00..0.01 rows=1 width=32)
                           ->  Seq Scan on phoml_trajectory_tmp s_2038  (cost=0.00..95.68 rows=17 width=40)
                                 Filter: ((unix_time >= '1685451344.081'::double precision) AND (unix_time <= '1685451404.081'::double precision))
   ->  Subquery Scan on "*SELECT* 2040"  (cost=97.82..97.83 rows=1 width=76)
         ->  Limit  (cost=97.82..97.82 rows=1 width=84)
               ->  Sort  (cost=97.82..97.82 rows=1 width=84)
                     Sort Key: (st_distance(st_transform(s_2039.the_geom, 25833), schw_2039.schw))
                     ->  Nested Loop  (cost=0.00..97.81 rows=1 width=84)
                           Join Filter: ((st_transform(s_2039.the_geom, 25833) && st_expand(schw_2039.schw, '300'::double precision)) AND (schw_2039.schw && st_expand(st_transform(s_2039.the_geom, 25833), '300'::double precision)) AND _st_dwithin(st_transform(s_2039.the_geom, 25833), schw_2039.schw, '300'::double precision))
                           ->  Function Scan on schw_2039  (cost=0.00..0.01 rows=1 width=32)
                           ->  Seq Scan on phoml_trajectory_tmp s_2039  (cost=0.00..95.68 rows=17 width=40)
                                 Filter: ((unix_time >= '1685451344.567'::double precision) AND (unix_time <= '1685451404.567'::double precision))
   ->  Subquery Scan on "*SELECT* 2041"  (cost=97.82..97.83 rows=1 width=76)
         ->  Limit  (cost=97.82..97.82 rows=1 width=84)
               ->  Sort  (cost=97.82..97.82 rows=1 width=84)
                     Sort Key: (st_distance(st_transform(s_2040.the_geom, 25833), schw_2040.schw))
                     ->  Nested Loop  (cost=0.00..97.81 rows=1 width=84)
                           Join Filter: ((st_transform(s_2040.the_geom, 25833) && st_expand(schw_2040.schw, '300'::double precision)) AND (schw_2040.schw && st_expand(st_transform(s_2040.the_geom, 25833), '300'::double precision)) AND _st_dwithin(st_transform(s_2040.the_geom, 25833), schw_2040.schw, '300'::double precision))
                           ->  Function Scan on schw_2040  (cost=0.00..0.01 rows=1 width=32)
                           ->  Seq Scan on phoml_trajectory_tmp s_2040  (cost=0.00..95.68 rows=17 width=40)
                                 Filter: ((unix_time >= '1685451345.067'::double precision) AND (unix_time <= '1685451405.067'::double precision))
   ->  Subquery Scan on "*SELECT* 2042"  (cost=97.82..97.83 rows=1 width=76)
         ->  Limit  (cost=97.82..97.82 rows=1 width=84)
               ->  Sort  (cost=97.82..97.82 rows=1 width=84)
                     Sort Key: (st_distance(st_transform(s_2041.the_geom, 25833), schw_2041.schw))
                     ->  Nested Loop  (cost=0.00..97.81 rows=1 width=84)
                           Join Filter: ((st_transform(s_2041.the_geom, 25833) && st_expand(schw_2041.schw, '300'::double precision)) AND (schw_2041.schw && st_expand(st_transform(s_2041.the_geom, 25833), '300'::double precision)) AND _st_dwithin(st_transform(s_2041.the_geom, 25833), schw_2041.schw, '300'::double precision))
                           ->  Function Scan on schw_2041  (cost=0.00..0.01 rows=1 width=32)
                           ->  Seq Scan on phoml_trajectory_tmp s_2041  (cost=0.00..95.68 rows=17 width=40)
                                 Filter: ((unix_time >= '1685451345.578'::double precision) AND (unix_time <= '1685451405.578'::double precision))
   ->  Subquery Scan on "*SELECT* 2043"  (cost=97.82..97.83 rows=1 width=76)
         ->  Limit  (cost=97.82..97.82 rows=1 width=84)
               ->  Sort  (cost=97.82..97.82 rows=1 width=84)
                     Sort Key: (st_distance(st_transform(s_2042.the_geom, 25833), schw_2042.schw))
                     ->  Nested Loop  (cost=0.00..97.81 rows=1 width=84)
                           Join Filter: ((st_transform(s_2042.the_geom, 25833) && st_expand(schw_2042.schw, '300'::double precision)) AND (schw_2042.schw && st_expand(st_transform(s_2042.the_geom, 25833), '300'::double precision)) AND _st_dwithin(st_transform(s_2042.the_geom, 25833), schw_2042.schw, '300'::double precision))
                           ->  Function Scan on schw_2042  (cost=0.00..0.01 rows=1 width=32)
                           ->  Seq Scan on phoml_trajectory_tmp s_2042  (cost=0.00..95.68 rows=17 width=40)
                                 Filter: ((unix_time >= '1685451346.118'::double precision) AND (unix_time <= '1685451406.118'::double precision))
   ->  Subquery Scan on "*SELECT* 2044"  (cost=97.82..97.83 rows=1 width=76)
         ->  Limit  (cost=97.82..97.82 rows=1 width=84)
               ->  Sort  (cost=97.82..97.82 rows=1 width=84)
                     Sort Key: (st_distance(st_transform(s_2043.the_geom, 25833), schw_2043.schw))
                     ->  Nested Loop  (cost=0.00..97.81 rows=1 width=84)
                           Join Filter: ((st_transform(s_2043.the_geom, 25833) && st_expand(schw_2043.schw, '300'::double precision)) AND (schw_2043.schw && st_expand(st_transform(s_2043.the_geom, 25833), '300'::double precision)) AND _st_dwithin(st_transform(s_2043.the_geom, 25833), schw_2043.schw, '300'::double precision))
                           ->  Function Scan on schw_2043  (cost=0.00..0.01 rows=1 width=32)
                           ->  Seq Scan on phoml_trajectory_tmp s_2043  (cost=0.00..95.68 rows=17 width=40)
                                 Filter: ((unix_time >= '1685451346.639'::double precision) AND (unix_time <= '1685451406.639'::double precision))
   ->  Subquery Scan on "*SELECT* 2045"  (cost=97.82..97.83 rows=1 width=76)
         ->  Limit  (cost=97.82..97.82 rows=1 width=84)
               ->  Sort  (cost=97.82..97.82 rows=1 width=84)
                     Sort Key: (st_distance(st_transform(s_2044.the_geom, 25833), schw_2044.schw))
                     ->  Nested Loop  (cost=0.00..97.81 rows=1 width=84)
                           Join Filter: ((st_transform(s_2044.the_geom, 25833) && st_expand(schw_2044.schw, '300'::double precision)) AND (schw_2044.schw && st_expand(st_transform(s_2044.the_geom, 25833), '300'::double precision)) AND _st_dwithin(st_transform(s_2044.the_geom, 25833), schw_2044.schw, '300'::double precision))
                           ->  Function Scan on schw_2044  (cost=0.00..0.01 rows=1 width=32)
                           ->  Seq Scan on phoml_trajectory_tmp s_2044  (cost=0.00..95.68 rows=17 width=40)
                                 Filter: ((unix_time >= '1685451347.153'::double precision) AND (unix_time <= '1685451407.153'::double precision))
   ->  Subquery Scan on "*SELECT* 2046"  (cost=97.82..97.83 rows=1 width=76)
         ->  Limit  (cost=97.82..97.82 rows=1 width=84)
               ->  Sort  (cost=97.82..97.82 rows=1 width=84)
                     Sort Key: (st_distance(st_transform(s_2045.the_geom, 25833), schw_2045.schw))
                     ->  Nested Loop  (cost=0.00..97.81 rows=1 width=84)
                           Join Filter: ((st_transform(s_2045.the_geom, 25833) && st_expand(schw_2045.schw, '300'::double precision)) AND (schw_2045.schw && st_expand(st_transform(s_2045.the_geom, 25833), '300'::double precision)) AND _st_dwithin(st_transform(s_2045.the_geom, 25833), schw_2045.schw, '300'::double precision))
                           ->  Function Scan on schw_2045  (cost=0.00..0.01 rows=1 width=32)
                           ->  Seq Scan on phoml_trajectory_tmp s_2045  (cost=0.00..95.68 rows=17 width=40)
                                 Filter: ((unix_time >= '1685451347.663'::double precision) AND (unix_time <= '1685451407.663'::double precision))
   ->  Subquery Scan on "*SELECT* 2047"  (cost=97.82..97.83 rows=1 width=76)
         ->  Limit  (cost=97.82..97.82 rows=1 width=84)
               ->  Sort  (cost=97.82..97.82 rows=1 width=84)
                     Sort Key: (st_distance(st_transform(s_2046.the_geom, 25833), schw_2046.schw))
                     ->  Nested Loop  (cost=0.00..97.81 rows=1 width=84)
                           Join Filter: ((st_transform(s_2046.the_geom, 25833) && st_expand(schw_2046.schw, '300'::double precision)) AND (schw_2046.schw && st_expand(st_transform(s_2046.the_geom, 25833), '300'::double precision)) AND _st_dwithin(st_transform(s_2046.the_geom, 25833), schw_2046.schw, '300'::double precision))
                           ->  Function Scan on schw_2046  (cost=0.00..0.01 rows=1 width=32)
                           ->  Seq Scan on phoml_trajectory_tmp s_2046  (cost=0.00..95.68 rows=17 width=40)
                                 Filter: ((unix_time >= '1685451348.177'::double precision) AND (unix_time <= '1685451408.177'::double precision))
   ->  Subquery Scan on "*SELECT* 2048"  (cost=97.82..97.83 rows=1 width=76)
         ->  Limit  (cost=97.82..97.82 rows=1 width=84)
               ->  Sort  (cost=97.82..97.82 rows=1 width=84)
                     Sort Key: (st_distance(st_transform(s_2047.the_geom, 25833), schw_2047.schw))
                     ->  Nested Loop  (cost=0.00..97.81 rows=1 width=84)
                           Join Filter: ((st_transform(s_2047.the_geom, 25833) && st_expand(schw_2047.schw, '300'::double precision)) AND (schw_2047.schw && st_expand(st_transform(s_2047.the_geom, 25833), '300'::double precision)) AND _st_dwithin(st_transform(s_2047.the_geom, 25833), schw_2047.schw, '300'::double precision))
                           ->  Function Scan on schw_2047  (cost=0.00..0.01 rows=1 width=32)
                           ->  Seq Scan on phoml_trajectory_tmp s_2047  (cost=0.00..95.68 rows=17 width=40)
                                 Filter: ((unix_time >= '1685451348.647'::double precision) AND (unix_time <= '1685451408.647'::double precision))
   ->  Subquery Scan on "*SELECT* 2049"  (cost=97.82..97.83 rows=1 width=76)
         ->  Limit  (cost=97.82..97.82 rows=1 width=84)
               ->  Sort  (cost=97.82..97.82 rows=1 width=84)
                     Sort Key: (st_distance(st_transform(s_2048.the_geom, 25833), schw_2048.schw))
                     ->  Nested Loop  (cost=0.00..97.81 rows=1 width=84)
                           Join Filter: ((st_transform(s_2048.the_geom, 25833) && st_expand(schw_2048.schw, '300'::double precision)) AND (schw_2048.schw && st_expand(st_transform(s_2048.the_geom, 25833), '300'::double precision)) AND _st_dwithin(st_transform(s_2048.the_geom, 25833), schw_2048.schw, '300'::double precision))
                           ->  Function Scan on schw_2048  (cost=0.00..0.01 rows=1 width=32)
                           ->  Seq Scan on phoml_trajectory_tmp s_2048  (cost=0.00..95.68 rows=17 width=40)
                                 Filter: ((unix_time >= '1685451349.132'::double precision) AND (unix_time <= '1685451409.132'::double precision))
   ->  Subquery Scan on "*SELECT* 2050"  (cost=97.82..97.83 rows=1 width=76)
         ->  Limit  (cost=97.82..97.82 rows=1 width=84)
               ->  Sort  (cost=97.82..97.82 rows=1 width=84)
                     Sort Key: (st_distance(st_transform(s_2049.the_geom, 25833), schw_2049.schw))
                     ->  Nested Loop  (cost=0.00..97.81 rows=1 width=84)
                           Join Filter: ((st_transform(s_2049.the_geom, 25833) && st_expand(schw_2049.schw, '300'::double precision)) AND (schw_2049.schw && st_expand(st_transform(s_2049.the_geom, 25833), '300'::double precision)) AND _st_dwithin(st_transform(s_2049.the_geom, 25833), schw_2049.schw, '300'::double precision))
                           ->  Function Scan on schw_2049  (cost=0.00..0.01 rows=1 width=32)
                           ->  Seq Scan on phoml_trajectory_tmp s_2049  (cost=0.00..95.68 rows=17 width=40)
                                 Filter: ((unix_time >= '1685451349.602'::double precision) AND (unix_time <= '1685451409.602'::double precision))
   ->  Subquery Scan on "*SELECT* 2051"  (cost=97.82..97.83 rows=1 width=76)
         ->  Limit  (cost=97.82..97.82 rows=1 width=84)
               ->  Sort  (cost=97.82..97.82 rows=1 width=84)
                     Sort Key: (st_distance(st_transform(s_2050.the_geom, 25833), schw_2050.schw))
                     ->  Nested Loop  (cost=0.00..97.81 rows=1 width=84)
                           Join Filter: ((st_transform(s_2050.the_geom, 25833) && st_expand(schw_2050.schw, '300'::double precision)) AND (schw_2050.schw && st_expand(st_transform(s_2050.the_geom, 25833), '300'::double precision)) AND _st_dwithin(st_transform(s_2050.the_geom, 25833), schw_2050.schw, '300'::double precision))
                           ->  Function Scan on schw_2050  (cost=0.00..0.01 rows=1 width=32)
                           ->  Seq Scan on phoml_trajectory_tmp s_2050  (cost=0.00..95.68 rows=17 width=40)
                                 Filter: ((unix_time >= '1685451350.092'::double precision) AND (unix_time <= '1685451410.092'::double precision))
   ->  Subquery Scan on "*SELECT* 2052"  (cost=97.82..97.83 rows=1 width=76)
         ->  Limit  (cost=97.82..97.82 rows=1 width=84)
               ->  Sort  (cost=97.82..97.82 rows=1 width=84)
                     Sort Key: (st_distance(st_transform(s_2051.the_geom, 25833), schw_2051.schw))
                     ->  Nested Loop  (cost=0.00..97.81 rows=1 width=84)
                           Join Filter: ((st_transform(s_2051.the_geom, 25833) && st_expand(schw_2051.schw, '300'::double precision)) AND (schw_2051.schw && st_expand(st_transform(s_2051.the_geom, 25833), '300'::double precision)) AND _st_dwithin(st_transform(s_2051.the_geom, 25833), schw_2051.schw, '300'::double precision))
                           ->  Function Scan on schw_2051  (cost=0.00..0.01 rows=1 width=32)
                           ->  Seq Scan on phoml_trajectory_tmp s_2051  (cost=0.00..95.68 rows=17 width=40)
                                 Filter: ((unix_time >= '1685451350.552'::double precision) AND (unix_time <= '1685451410.552'::double precision))
   ->  Subquery Scan on "*SELECT* 2053"  (cost=97.82..97.83 rows=1 width=76)
         ->  Limit  (cost=97.82..97.82 rows=1 width=84)
               ->  Sort  (cost=97.82..97.82 rows=1 width=84)
                     Sort Key: (st_distance(st_transform(s_2052.the_geom, 25833), schw_2052.schw))
                     ->  Nested Loop  (cost=0.00..97.81 rows=1 width=84)
                           Join Filter: ((st_transform(s_2052.the_geom, 25833) && st_expand(schw_2052.schw, '300'::double precision)) AND (schw_2052.schw && st_expand(st_transform(s_2052.the_geom, 25833), '300'::double precision)) AND _st_dwithin(st_transform(s_2052.the_geom, 25833), schw_2052.schw, '300'::double precision))
                           ->  Function Scan on schw_2052  (cost=0.00..0.01 rows=1 width=32)
                           ->  Seq Scan on phoml_trajectory_tmp s_2052  (cost=0.00..95.68 rows=17 width=40)
                                 Filter: ((unix_time >= '1685451351.022'::double precision) AND (unix_time <= '1685451411.022'::double precision))
   ->  Subquery Scan on "*SELECT* 2054"  (cost=97.82..97.83 rows=1 width=76)
         ->  Limit  (cost=97.82..97.82 rows=1 width=84)
               ->  Sort  (cost=97.82..97.82 rows=1 width=84)
                     Sort Key: (st_distance(st_transform(s_2053.the_geom, 25833), schw_2053.schw))
                     ->  Nested Loop  (cost=0.00..97.81 rows=1 width=84)
                           Join Filter: ((st_transform(s_2053.the_geom, 25833) && st_expand(schw_2053.schw, '300'::double precision)) AND (schw_2053.schw && st_expand(st_transform(s_2053.the_geom, 25833), '300'::double precision)) AND _st_dwithin(st_transform(s_2053.the_geom, 25833), schw_2053.schw, '300'::double precision))
                           ->  Function Scan on schw_2053  (cost=0.00..0.01 rows=1 width=32)
                           ->  Seq Scan on phoml_trajectory_tmp s_2053  (cost=0.00..95.68 rows=17 width=40)
                                 Filter: ((unix_time >= '1685451351.476'::double precision) AND (unix_time <= '1685451411.476'::double precision))
   ->  Subquery Scan on "*SELECT* 2055"  (cost=97.82..97.83 rows=1 width=76)
         ->  Limit  (cost=97.82..97.82 rows=1 width=84)
               ->  Sort  (cost=97.82..97.82 rows=1 width=84)
                     Sort Key: (st_distance(st_transform(s_2054.the_geom, 25833), schw_2054.schw))
                     ->  Nested Loop  (cost=0.00..97.81 rows=1 width=84)
                           Join Filter: ((st_transform(s_2054.the_geom, 25833) && st_expand(schw_2054.schw, '300'::double precision)) AND (schw_2054.schw && st_expand(st_transform(s_2054.the_geom, 25833), '300'::double precision)) AND _st_dwithin(st_transform(s_2054.the_geom, 25833), schw_2054.schw, '300'::double precision))
                           ->  Function Scan on schw_2054  (cost=0.00..0.01 rows=1 width=32)
                           ->  Seq Scan on phoml_trajectory_tmp s_2054  (cost=0.00..95.68 rows=17 width=40)
                                 Filter: ((unix_time >= '1685451351.926'::double precision) AND (unix_time <= '1685451411.926'::double precision))
   ->  Subquery Scan on "*SELECT* 2056"  (cost=97.82..97.83 rows=1 width=76)
         ->  Limit  (cost=97.82..97.82 rows=1 width=84)
               ->  Sort  (cost=97.82..97.82 rows=1 width=84)
                     Sort Key: (st_distance(st_transform(s_2055.the_geom, 25833), schw_2055.schw))
                     ->  Nested Loop  (cost=0.00..97.81 rows=1 width=84)
                           Join Filter: ((st_transform(s_2055.the_geom, 25833) && st_expand(schw_2055.schw, '300'::double precision)) AND (schw_2055.schw && st_expand(st_transform(s_2055.the_geom, 25833), '300'::double precision)) AND _st_dwithin(st_transform(s_2055.the_geom, 25833), schw_2055.schw, '300'::double precision))
                           ->  Function Scan on schw_2055  (cost=0.00..0.01 rows=1 width=32)
                           ->  Seq Scan on phoml_trajectory_tmp s_2055  (cost=0.00..95.68 rows=17 width=40)
                                 Filter: ((unix_time >= '1685451352.38'::double precision) AND (unix_time <= '1685451412.38'::double precision))
   ->  Subquery Scan on "*SELECT* 2057"  (cost=97.82..97.83 rows=1 width=76)
         ->  Limit  (cost=97.82..97.82 rows=1 width=84)
               ->  Sort  (cost=97.82..97.82 rows=1 width=84)
                     Sort Key: (st_distance(st_transform(s_2056.the_geom, 25833), schw_2056.schw))
                     ->  Nested Loop  (cost=0.00..97.81 rows=1 width=84)
                           Join Filter: ((st_transform(s_2056.the_geom, 25833) && st_expand(schw_2056.schw, '300'::double precision)) AND (schw_2056.schw && st_expand(st_transform(s_2056.the_geom, 25833), '300'::double precision)) AND _st_dwithin(st_transform(s_2056.the_geom, 25833), schw_2056.schw, '300'::double precision))
                           ->  Function Scan on schw_2056  (cost=0.00..0.01 rows=1 width=32)
                           ->  Seq Scan on phoml_trajectory_tmp s_2056  (cost=0.00..95.68 rows=17 width=40)
                                 Filter: ((unix_time >= '1685451352.82'::double precision) AND (unix_time <= '1685451412.82'::double precision))
   ->  Subquery Scan on "*SELECT* 2058"  (cost=97.82..97.83 rows=1 width=76)
         ->  Limit  (cost=97.82..97.82 rows=1 width=84)
               ->  Sort  (cost=97.82..97.82 rows=1 width=84)
                     Sort Key: (st_distance(st_transform(s_2057.the_geom, 25833), schw_2057.schw))
                     ->  Nested Loop  (cost=0.00..97.81 rows=1 width=84)
                           Join Filter: ((st_transform(s_2057.the_geom, 25833) && st_expand(schw_2057.schw, '300'::double precision)) AND (schw_2057.schw && st_expand(st_transform(s_2057.the_geom, 25833), '300'::double precision)) AND _st_dwithin(st_transform(s_2057.the_geom, 25833), schw_2057.schw, '300'::double precision))
                           ->  Function Scan on schw_2057  (cost=0.00..0.01 rows=1 width=32)
                           ->  Seq Scan on phoml_trajectory_tmp s_2057  (cost=0.00..95.68 rows=17 width=40)
                                 Filter: ((unix_time >= '1685451353.266'::double precision) AND (unix_time <= '1685451413.266'::double precision))
   ->  Subquery Scan on "*SELECT* 2059"  (cost=97.82..97.83 rows=1 width=76)
         ->  Limit  (cost=97.82..97.82 rows=1 width=84)
               ->  Sort  (cost=97.82..97.82 rows=1 width=84)
                     Sort Key: (st_distance(st_transform(s_2058.the_geom, 25833), schw_2058.schw))
                     ->  Nested Loop  (cost=0.00..97.81 rows=1 width=84)
                           Join Filter: ((st_transform(s_2058.the_geom, 25833) && st_expand(schw_2058.schw, '300'::double precision)) AND (schw_2058.schw && st_expand(st_transform(s_2058.the_geom, 25833), '300'::double precision)) AND _st_dwithin(st_transform(s_2058.the_geom, 25833), schw_2058.schw, '300'::double precision))
                           ->  Function Scan on schw_2058  (cost=0.00..0.01 rows=1 width=32)
                           ->  Seq Scan on phoml_trajectory_tmp s_2058  (cost=0.00..95.68 rows=17 width=40)
                                 Filter: ((unix_time >= '1685451353.696'::double precision) AND (unix_time <= '1685451413.696'::double precision))
   ->  Subquery Scan on "*SELECT* 2060"  (cost=97.82..97.83 rows=1 width=76)
         ->  Limit  (cost=97.82..97.82 rows=1 width=84)
               ->  Sort  (cost=97.82..97.82 rows=1 width=84)
                     Sort Key: (st_distance(st_transform(s_2059.the_geom, 25833), schw_2059.schw))
                     ->  Nested Loop  (cost=0.00..97.81 rows=1 width=84)
                           Join Filter: ((st_transform(s_2059.the_geom, 25833) && st_expand(schw_2059.schw, '300'::double precision)) AND (schw_2059.schw && st_expand(st_transform(s_2059.the_geom, 25833), '300'::double precision)) AND _st_dwithin(st_transform(s_2059.the_geom, 25833), schw_2059.schw, '300'::double precision))
                           ->  Function Scan on schw_2059  (cost=0.00..0.01 rows=1 width=32)
                           ->  Seq Scan on phoml_trajectory_tmp s_2059  (cost=0.00..95.68 rows=17 width=40)
                                 Filter: ((unix_time >= '1685451354.142'::double precision) AND (unix_time <= '1685451414.142'::double precision))
   ->  Subquery Scan on "*SELECT* 2061"  (cost=97.82..97.83 rows=1 width=76)
         ->  Limit  (cost=97.82..97.82 rows=1 width=84)
               ->  Sort  (cost=97.82..97.82 rows=1 width=84)
                     Sort Key: (st_distance(st_transform(s_2060.the_geom, 25833), schw_2060.schw))
                     ->  Nested Loop  (cost=0.00..97.81 rows=1 width=84)
                           Join Filter: ((st_transform(s_2060.the_geom, 25833) && st_expand(schw_2060.schw, '300'::double precision)) AND (schw_2060.schw && st_expand(st_transform(s_2060.the_geom, 25833), '300'::double precision)) AND _st_dwithin(st_transform(s_2060.the_geom, 25833), schw_2060.schw, '300'::double precision))
                           ->  Function Scan on schw_2060  (cost=0.00..0.01 rows=1 width=32)
                           ->  Seq Scan on phoml_trajectory_tmp s_2060  (cost=0.00..95.68 rows=17 width=40)
                                 Filter: ((unix_time >= '1685451354.562'::double precision) AND (unix_time <= '1685451414.562'::double precision))
   ->  Subquery Scan on "*SELECT* 2062"  (cost=97.82..97.83 rows=1 width=76)
         ->  Limit  (cost=97.82..97.82 rows=1 width=84)
               ->  Sort  (cost=97.82..97.82 rows=1 width=84)
                     Sort Key: (st_distance(st_transform(s_2061.the_geom, 25833), schw_2061.schw))
                     ->  Nested Loop  (cost=0.00..97.81 rows=1 width=84)
                           Join Filter: ((st_transform(s_2061.the_geom, 25833) && st_expand(schw_2061.schw, '300'::double precision)) AND (schw_2061.schw && st_expand(st_transform(s_2061.the_geom, 25833), '300'::double precision)) AND _st_dwithin(st_transform(s_2061.the_geom, 25833), schw_2061.schw, '300'::double precision))
                           ->  Function Scan on schw_2061  (cost=0.00..0.01 rows=1 width=32)
                           ->  Seq Scan on phoml_trajectory_tmp s_2061  (cost=0.00..95.68 rows=17 width=40)
                                 Filter: ((unix_time >= '1685451354.982'::double precision) AND (unix_time <= '1685451414.982'::double precision))
   ->  Subquery Scan on "*SELECT* 2063"  (cost=97.82..97.83 rows=1 width=76)
         ->  Limit  (cost=97.82..97.82 rows=1 width=84)
               ->  Sort  (cost=97.82..97.82 rows=1 width=84)
                     Sort Key: (st_distance(st_transform(s_2062.the_geom, 25833), schw_2062.schw))
                     ->  Nested Loop  (cost=0.00..97.81 rows=1 width=84)
                           Join Filter: ((st_transform(s_2062.the_geom, 25833) && st_expand(schw_2062.schw, '300'::double precision)) AND (schw_2062.schw && st_expand(st_transform(s_2062.the_geom, 25833), '300'::double precision)) AND _st_dwithin(st_transform(s_2062.the_geom, 25833), schw_2062.schw, '300'::double precision))
                           ->  Function Scan on schw_2062  (cost=0.00..0.01 rows=1 width=32)
                           ->  Seq Scan on phoml_trajectory_tmp s_2062  (cost=0.00..95.68 rows=17 width=40)
                                 Filter: ((unix_time >= '1685451355.408'::double precision) AND (unix_time <= '1685451415.408'::double precision))
   ->  Subquery Scan on "*SELECT* 2064"  (cost=97.82..97.83 rows=1 width=76)
         ->  Limit  (cost=97.82..97.82 rows=1 width=84)
               ->  Sort  (cost=97.82..97.82 rows=1 width=84)
                     Sort Key: (st_distance(st_transform(s_2063.the_geom, 25833), schw_2063.schw))
                     ->  Nested Loop  (cost=0.00..97.81 rows=1 width=84)
                           Join Filter: ((st_transform(s_2063.the_geom, 25833) && st_expand(schw_2063.schw, '300'::double precision)) AND (schw_2063.schw && st_expand(st_transform(s_2063.the_geom, 25833), '300'::double precision)) AND _st_dwithin(st_transform(s_2063.the_geom, 25833), schw_2063.schw, '300'::double precision))
                           ->  Function Scan on schw_2063  (cost=0.00..0.01 rows=1 width=32)
                           ->  Seq Scan on phoml_trajectory_tmp s_2063  (cost=0.00..95.68 rows=17 width=40)
                                 Filter: ((unix_time >= '1685451355.828'::double precision) AND (unix_time <= '1685451415.828'::double precision))
   ->  Subquery Scan on "*SELECT* 2065"  (cost=97.82..97.83 rows=1 width=76)
         ->  Limit  (cost=97.82..97.82 rows=1 width=84)
               ->  Sort  (cost=97.82..97.82 rows=1 width=84)
                     Sort Key: (st_distance(st_transform(s_2064.the_geom, 25833), schw_2064.schw))
                     ->  Nested Loop  (cost=0.00..97.81 rows=1 width=84)
                           Join Filter: ((st_transform(s_2064.the_geom, 25833) && st_expand(schw_2064.schw, '300'::double precision)) AND (schw_2064.schw && st_expand(st_transform(s_2064.the_geom, 25833), '300'::double precision)) AND _st_dwithin(st_transform(s_2064.the_geom, 25833), schw_2064.schw, '300'::double precision))
                           ->  Function Scan on schw_2064  (cost=0.00..0.01 rows=1 width=32)
                           ->  Seq Scan on phoml_trajectory_tmp s_2064  (cost=0.00..95.68 rows=17 width=40)
                                 Filter: ((unix_time >= '1685451356.247'::double precision) AND (unix_time <= '1685451416.247'::double precision))
   ->  Subquery Scan on "*SELECT* 2066"  (cost=97.82..97.83 rows=1 width=76)
         ->  Limit  (cost=97.82..97.82 rows=1 width=84)
               ->  Sort  (cost=97.82..97.82 rows=1 width=84)
                     Sort Key: (st_distance(st_transform(s_2065.the_geom, 25833), schw_2065.schw))
                     ->  Nested Loop  (cost=0.00..97.81 rows=1 width=84)
                           Join Filter: ((st_transform(s_2065.the_geom, 25833) && st_expand(schw_2065.schw, '300'::double precision)) AND (schw_2065.schw && st_expand(st_transform(s_2065.the_geom, 25833), '300'::double precision)) AND _st_dwithin(st_transform(s_2065.the_geom, 25833), schw_2065.schw, '300'::double precision))
                           ->  Function Scan on schw_2065  (cost=0.00..0.01 rows=1 width=32)
                           ->  Seq Scan on phoml_trajectory_tmp s_2065  (cost=0.00..95.68 rows=17 width=40)
                                 Filter: ((unix_time >= '1685451356.667'::double precision) AND (unix_time <= '1685451416.667'::double precision))
   ->  Subquery Scan on "*SELECT* 2067"  (cost=97.82..97.83 rows=1 width=76)
         ->  Limit  (cost=97.82..97.82 rows=1 width=84)
               ->  Sort  (cost=97.82..97.82 rows=1 width=84)
                     Sort Key: (st_distance(st_transform(s_2066.the_geom, 25833), schw_2066.schw))
                     ->  Nested Loop  (cost=0.00..97.81 rows=1 width=84)
                           Join Filter: ((st_transform(s_2066.the_geom, 25833) && st_expand(schw_2066.schw, '300'::double precision)) AND (schw_2066.schw && st_expand(st_transform(s_2066.the_geom, 25833), '300'::double precision)) AND _st_dwithin(st_transform(s_2066.the_geom, 25833), schw_2066.schw, '300'::double precision))
                           ->  Function Scan on schw_2066  (cost=0.00..0.01 rows=1 width=32)
                           ->  Seq Scan on phoml_trajectory_tmp s_2066  (cost=0.00..95.68 rows=17 width=40)
                                 Filter: ((unix_time >= '1685451357.077'::double precision) AND (unix_time <= '1685451417.077'::double precision))
   ->  Subquery Scan on "*SELECT* 2068"  (cost=97.82..97.83 rows=1 width=76)
         ->  Limit  (cost=97.82..97.82 rows=1 width=84)
               ->  Sort  (cost=97.82..97.82 rows=1 width=84)
                     Sort Key: (st_distance(st_transform(s_2067.the_geom, 25833), schw_2067.schw))
                     ->  Nested Loop  (cost=0.00..97.81 rows=1 width=84)
                           Join Filter: ((st_transform(s_2067.the_geom, 25833) && st_expand(schw_2067.schw, '300'::double precision)) AND (schw_2067.schw && st_expand(st_transform(s_2067.the_geom, 25833), '300'::double precision)) AND _st_dwithin(st_transform(s_2067.the_geom, 25833), schw_2067.schw, '300'::double precision))
                           ->  Function Scan on schw_2067  (cost=0.00..0.01 rows=1 width=32)
                           ->  Seq Scan on phoml_trajectory_tmp s_2067  (cost=0.00..95.68 rows=17 width=40)
                                 Filter: ((unix_time >= '1685451357.495'::double precision) AND (unix_time <= '1685451417.495'::double precision))
   ->  Subquery Scan on "*SELECT* 2069"  (cost=97.82..97.83 rows=1 width=76)
         ->  Limit  (cost=97.82..97.82 rows=1 width=84)
               ->  Sort  (cost=97.82..97.82 rows=1 width=84)
                     Sort Key: (st_distance(st_transform(s_2068.the_geom, 25833), schw_2068.schw))
                     ->  Nested Loop  (cost=0.00..97.81 rows=1 width=84)
                           Join Filter: ((st_transform(s_2068.the_geom, 25833) && st_expand(schw_2068.schw, '300'::double precision)) AND (schw_2068.schw && st_expand(st_transform(s_2068.the_geom, 25833), '300'::double precision)) AND _st_dwithin(st_transform(s_2068.the_geom, 25833), schw_2068.schw, '300'::double precision))
                           ->  Function Scan on schw_2068  (cost=0.00..0.01 rows=1 width=32)
                           ->  Seq Scan on phoml_trajectory_tmp s_2068  (cost=0.00..95.68 rows=17 width=40)
                                 Filter: ((unix_time >= '1685451357.905'::double precision) AND (unix_time <= '1685451417.905'::double precision))
   ->  Subquery Scan on "*SELECT* 2070"  (cost=97.82..97.83 rows=1 width=76)
         ->  Limit  (cost=97.82..97.82 rows=1 width=84)
               ->  Sort  (cost=97.82..97.82 rows=1 width=84)
                     Sort Key: (st_distance(st_transform(s_2069.the_geom, 25833), schw_2069.schw))
                     ->  Nested Loop  (cost=0.00..97.81 rows=1 width=84)
                           Join Filter: ((st_transform(s_2069.the_geom, 25833) && st_expand(schw_2069.schw, '300'::double precision)) AND (schw_2069.schw && st_expand(st_transform(s_2069.the_geom, 25833), '300'::double precision)) AND _st_dwithin(st_transform(s_2069.the_geom, 25833), schw_2069.schw, '300'::double precision))
                           ->  Function Scan on schw_2069  (cost=0.00..0.01 rows=1 width=32)
                           ->  Seq Scan on phoml_trajectory_tmp s_2069  (cost=0.00..95.68 rows=17 width=40)
                                 Filter: ((unix_time >= '1685451358.331'::double precision) AND (unix_time <= '1685451418.331'::double precision))
   ->  Subquery Scan on "*SELECT* 2071"  (cost=97.82..97.83 rows=1 width=76)
         ->  Limit  (cost=97.82..97.82 rows=1 width=84)
               ->  Sort  (cost=97.82..97.82 rows=1 width=84)
                     Sort Key: (st_distance(st_transform(s_2070.the_geom, 25833), schw_2070.schw))
                     ->  Nested Loop  (cost=0.00..97.81 rows=1 width=84)
                           Join Filter: ((st_transform(s_2070.the_geom, 25833) && st_expand(schw_2070.schw, '300'::double precision)) AND (schw_2070.schw && st_expand(st_transform(s_2070.the_geom, 25833), '300'::double precision)) AND _st_dwithin(st_transform(s_2070.the_geom, 25833), schw_2070.schw, '300'::double precision))
                           ->  Function Scan on schw_2070  (cost=0.00..0.01 rows=1 width=32)
                           ->  Seq Scan on phoml_trajectory_tmp s_2070  (cost=0.00..95.68 rows=17 width=40)
                                 Filter: ((unix_time >= '1685451358.751'::double precision) AND (unix_time <= '1685451418.751'::double precision))
   ->  Subquery Scan on "*SELECT* 2072"  (cost=97.82..97.83 rows=1 width=76)
         ->  Limit  (cost=97.82..97.82 rows=1 width=84)
               ->  Sort  (cost=97.82..97.82 rows=1 width=84)
                     Sort Key: (st_distance(st_transform(s_2071.the_geom, 25833), schw_2071.schw))
                     ->  Nested Loop  (cost=0.00..97.81 rows=1 width=84)
                           Join Filter: ((st_transform(s_2071.the_geom, 25833) && st_expand(schw_2071.schw, '300'::double precision)) AND (schw_2071.schw && st_expand(st_transform(s_2071.the_geom, 25833), '300'::double precision)) AND _st_dwithin(st_transform(s_2071.the_geom, 25833), schw_2071.schw, '300'::double precision))
                           ->  Function Scan on schw_2071  (cost=0.00..0.01 rows=1 width=32)
                           ->  Seq Scan on phoml_trajectory_tmp s_2071  (cost=0.00..95.68 rows=17 width=40)
                                 Filter: ((unix_time >= '1685451359.19'::double precision) AND (unix_time <= '1685451419.19'::double precision))
   ->  Subquery Scan on "*SELECT* 2073"  (cost=97.82..97.83 rows=1 width=76)
         ->  Limit  (cost=97.82..97.82 rows=1 width=84)
               ->  Sort  (cost=97.82..97.82 rows=1 width=84)
                     Sort Key: (st_distance(st_transform(s_2072.the_geom, 25833), schw_2072.schw))
                     ->  Nested Loop  (cost=0.00..97.81 rows=1 width=84)
                           Join Filter: ((st_transform(s_2072.the_geom, 25833) && st_expand(schw_2072.schw, '300'::double precision)) AND (schw_2072.schw && st_expand(st_transform(s_2072.the_geom, 25833), '300'::double precision)) AND _st_dwithin(st_transform(s_2072.the_geom, 25833), schw_2072.schw, '300'::double precision))
                           ->  Function Scan on schw_2072  (cost=0.00..0.01 rows=1 width=32)
                           ->  Seq Scan on phoml_trajectory_tmp s_2072  (cost=0.00..95.68 rows=17 width=40)
                                 Filter: ((unix_time >= '1685451359.61'::double precision) AND (unix_time <= '1685451419.61'::double precision))
   ->  Subquery Scan on "*SELECT* 2074"  (cost=97.82..97.83 rows=1 width=76)
         ->  Limit  (cost=97.82..97.82 rows=1 width=84)
               ->  Sort  (cost=97.82..97.82 rows=1 width=84)
                     Sort Key: (st_distance(st_transform(s_2073.the_geom, 25833), schw_2073.schw))
                     ->  Nested Loop  (cost=0.00..97.81 rows=1 width=84)
                           Join Filter: ((st_transform(s_2073.the_geom, 25833) && st_expand(schw_2073.schw, '300'::double precision)) AND (schw_2073.schw && st_expand(st_transform(s_2073.the_geom, 25833), '300'::double precision)) AND _st_dwithin(st_transform(s_2073.the_geom, 25833), schw_2073.schw, '300'::double precision))
                           ->  Function Scan on schw_2073  (cost=0.00..0.01 rows=1 width=32)
                           ->  Seq Scan on phoml_trajectory_tmp s_2073  (cost=0.00..95.68 rows=17 width=40)
                                 Filter: ((unix_time >= '1685451360.04'::double precision) AND (unix_time <= '1685451420.04'::double precision))
   ->  Subquery Scan on "*SELECT* 2075"  (cost=97.82..97.83 rows=1 width=76)
         ->  Limit  (cost=97.82..97.82 rows=1 width=84)
               ->  Sort  (cost=97.82..97.82 rows=1 width=84)
                     Sort Key: (st_distance(st_transform(s_2074.the_geom, 25833), schw_2074.schw))
                     ->  Nested Loop  (cost=0.00..97.81 rows=1 width=84)
                           Join Filter: ((st_transform(s_2074.the_geom, 25833) && st_expand(schw_2074.schw, '300'::double precision)) AND (schw_2074.schw && st_expand(st_transform(s_2074.the_geom, 25833), '300'::double precision)) AND _st_dwithin(st_transform(s_2074.the_geom, 25833), schw_2074.schw, '300'::double precision))
                           ->  Function Scan on schw_2074  (cost=0.00..0.01 rows=1 width=32)
                           ->  Seq Scan on phoml_trajectory_tmp s_2074  (cost=0.00..95.68 rows=17 width=40)
                                 Filter: ((unix_time >= '1685451360.48'::double precision) AND (unix_time <= '1685451420.48'::double precision))
   ->  Subquery Scan on "*SELECT* 2076"  (cost=97.82..97.83 rows=1 width=76)
         ->  Limit  (cost=97.82..97.82 rows=1 width=84)
               ->  Sort  (cost=97.82..97.82 rows=1 width=84)
                     Sort Key: (st_distance(st_transform(s_2075.the_geom, 25833), schw_2075.schw))
                     ->  Nested Loop  (cost=0.00..97.81 rows=1 width=84)
                           Join Filter: ((st_transform(s_2075.the_geom, 25833) && st_expand(schw_2075.schw, '300'::double precision)) AND (schw_2075.schw && st_expand(st_transform(s_2075.the_geom, 25833), '300'::double precision)) AND _st_dwithin(st_transform(s_2075.the_geom, 25833), schw_2075.schw, '300'::double precision))
                           ->  Function Scan on schw_2075  (cost=0.00..0.01 rows=1 width=32)
                           ->  Seq Scan on phoml_trajectory_tmp s_2075  (cost=0.00..95.68 rows=17 width=40)
                                 Filter: ((unix_time >= '1685451360.92'::double precision) AND (unix_time <= '1685451420.92'::double precision))
   ->  Subquery Scan on "*SELECT* 2077"  (cost=97.82..97.83 rows=1 width=76)
         ->  Limit  (cost=97.82..97.82 rows=1 width=84)
               ->  Sort  (cost=97.82..97.82 rows=1 width=84)
                     Sort Key: (st_distance(st_transform(s_2076.the_geom, 25833), schw_2076.schw))
                     ->  Nested Loop  (cost=0.00..97.81 rows=1 width=84)
                           Join Filter: ((st_transform(s_2076.the_geom, 25833) && st_expand(schw_2076.schw, '300'::double precision)) AND (schw_2076.schw && st_expand(st_transform(s_2076.the_geom, 25833), '300'::double precision)) AND _st_dwithin(st_transform(s_2076.the_geom, 25833), schw_2076.schw, '300'::double precision))
                           ->  Function Scan on schw_2076  (cost=0.00..0.01 rows=1 width=32)
                           ->  Seq Scan on phoml_trajectory_tmp s_2076  (cost=0.00..95.68 rows=17 width=40)
                                 Filter: ((unix_time >= '1685451361.356'::double precision) AND (unix_time <= '1685451421.356'::double precision))
   ->  Subquery Scan on "*SELECT* 2078"  (cost=97.82..97.83 rows=1 width=76)
         ->  Limit  (cost=97.82..97.82 rows=1 width=84)
               ->  Sort  (cost=97.82..97.82 rows=1 width=84)
                     Sort Key: (st_distance(st_transform(s_2077.the_geom, 25833), schw_2077.schw))
                     ->  Nested Loop  (cost=0.00..97.81 rows=1 width=84)
                           Join Filter: ((st_transform(s_2077.the_geom, 25833) && st_expand(schw_2077.schw, '300'::double precision)) AND (schw_2077.schw && st_expand(st_transform(s_2077.the_geom, 25833), '300'::double precision)) AND _st_dwithin(st_transform(s_2077.the_geom, 25833), schw_2077.schw, '300'::double precision))
                           ->  Function Scan on schw_2077  (cost=0.00..0.01 rows=1 width=32)
                           ->  Seq Scan on phoml_trajectory_tmp s_2077  (cost=0.00..95.68 rows=17 width=40)
                                 Filter: ((unix_time >= '1685451361.796'::double precision) AND (unix_time <= '1685451421.796'::double precision))
   ->  Subquery Scan on "*SELECT* 2079"  (cost=97.82..97.83 rows=1 width=76)
         ->  Limit  (cost=97.82..97.82 rows=1 width=84)
               ->  Sort  (cost=97.82..97.82 rows=1 width=84)
                     Sort Key: (st_distance(st_transform(s_2078.the_geom, 25833), schw_2078.schw))
                     ->  Nested Loop  (cost=0.00..97.81 rows=1 width=84)
                           Join Filter: ((st_transform(s_2078.the_geom, 25833) && st_expand(schw_2078.schw, '300'::double precision)) AND (schw_2078.schw && st_expand(st_transform(s_2078.the_geom, 25833), '300'::double precision)) AND _st_dwithin(st_transform(s_2078.the_geom, 25833), schw_2078.schw, '300'::double precision))
                           ->  Function Scan on schw_2078  (cost=0.00..0.01 rows=1 width=32)
                           ->  Seq Scan on phoml_trajectory_tmp s_2078  (cost=0.00..95.68 rows=17 width=40)
                                 Filter: ((unix_time >= '1685451362.228'::double precision) AND (unix_time <= '1685451422.228'::double precision))
   ->  Subquery Scan on "*SELECT* 2080"  (cost=97.82..97.83 rows=1 width=76)
         ->  Limit  (cost=97.82..97.82 rows=1 width=84)
               ->  Sort  (cost=97.82..97.82 rows=1 width=84)
                     Sort Key: (st_distance(st_transform(s_2079.the_geom, 25833), schw_2079.schw))
                     ->  Nested Loop  (cost=0.00..97.81 rows=1 width=84)
                           Join Filter: ((st_transform(s_2079.the_geom, 25833) && st_expand(schw_2079.schw, '300'::double precision)) AND (schw_2079.schw && st_expand(st_transform(s_2079.the_geom, 25833), '300'::double precision)) AND _st_dwithin(st_transform(s_2079.the_geom, 25833), schw_2079.schw, '300'::double precision))
                           ->  Function Scan on schw_2079  (cost=0.00..0.01 rows=1 width=32)
                           ->  Seq Scan on phoml_trajectory_tmp s_2079  (cost=0.00..95.68 rows=17 width=40)
                                 Filter: ((unix_time >= '1685451362.658'::double precision) AND (unix_time <= '1685451422.658'::double precision))
   ->  Subquery Scan on "*SELECT* 2081"  (cost=97.82..97.83 rows=1 width=76)
         ->  Limit  (cost=97.82..97.82 rows=1 width=84)
               ->  Sort  (cost=97.82..97.82 rows=1 width=84)
                     Sort Key: (st_distance(st_transform(s_2080.the_geom, 25833), schw_2080.schw))
                     ->  Nested Loop  (cost=0.00..97.81 rows=1 width=84)
                           Join Filter: ((st_transform(s_2080.the_geom, 25833) && st_expand(schw_2080.schw, '300'::double precision)) AND (schw_2080.schw && st_expand(st_transform(s_2080.the_geom, 25833), '300'::double precision)) AND _st_dwithin(st_transform(s_2080.the_geom, 25833), schw_2080.schw, '300'::double precision))
                           ->  Function Scan on schw_2080  (cost=0.00..0.01 rows=1 width=32)
                           ->  Seq Scan on phoml_trajectory_tmp s_2080  (cost=0.00..95.68 rows=17 width=40)
                                 Filter: ((unix_time >= '1685451363.078'::double precision) AND (unix_time <= '1685451423.078'::double precision))
   ->  Subquery Scan on "*SELECT* 2082"  (cost=97.82..97.83 rows=1 width=76)
         ->  Limit  (cost=97.82..97.82 rows=1 width=84)
               ->  Sort  (cost=97.82..97.82 rows=1 width=84)
                     Sort Key: (st_distance(st_transform(s_2081.the_geom, 25833), schw_2081.schw))
                     ->  Nested Loop  (cost=0.00..97.81 rows=1 width=84)
                           Join Filter: ((st_transform(s_2081.the_geom, 25833) && st_expand(schw_2081.schw, '300'::double precision)) AND (schw_2081.schw && st_expand(st_transform(s_2081.the_geom, 25833), '300'::double precision)) AND _st_dwithin(st_transform(s_2081.the_geom, 25833), schw_2081.schw, '300'::double precision))
                           ->  Function Scan on schw_2081  (cost=0.00..0.01 rows=1 width=32)
                           ->  Seq Scan on phoml_trajectory_tmp s_2081  (cost=0.00..95.68 rows=17 width=40)
                                 Filter: ((unix_time >= '1685451363.504'::double precision) AND (unix_time <= '1685451423.504'::double precision))
   ->  Subquery Scan on "*SELECT* 2083"  (cost=97.82..97.83 rows=1 width=76)
         ->  Limit  (cost=97.82..97.82 rows=1 width=84)
               ->  Sort  (cost=97.82..97.82 rows=1 width=84)
                     Sort Key: (st_distance(st_transform(s_2082.the_geom, 25833), schw_2082.schw))
                     ->  Nested Loop  (cost=0.00..97.81 rows=1 width=84)
                           Join Filter: ((st_transform(s_2082.the_geom, 25833) && st_expand(schw_2082.schw, '300'::double precision)) AND (schw_2082.schw && st_expand(st_transform(s_2082.the_geom, 25833), '300'::double precision)) AND _st_dwithin(st_transform(s_2082.the_geom, 25833), schw_2082.schw, '300'::double precision))
                           ->  Function Scan on schw_2082  (cost=0.00..0.01 rows=1 width=32)
                           ->  Seq Scan on phoml_trajectory_tmp s_2082  (cost=0.00..95.68 rows=17 width=40)
                                 Filter: ((unix_time >= '1685451363.924'::double precision) AND (unix_time <= '1685451423.924'::double precision))
   ->  Subquery Scan on "*SELECT* 2084"  (cost=97.82..97.83 rows=1 width=76)
         ->  Limit  (cost=97.82..97.82 rows=1 width=84)
               ->  Sort  (cost=97.82..97.82 rows=1 width=84)
                     Sort Key: (st_distance(st_transform(s_2083.the_geom, 25833), schw_2083.schw))
                     ->  Nested Loop  (cost=0.00..97.81 rows=1 width=84)
                           Join Filter: ((st_transform(s_2083.the_geom, 25833) && st_expand(schw_2083.schw, '300'::double precision)) AND (schw_2083.schw && st_expand(st_transform(s_2083.the_geom, 25833), '300'::double precision)) AND _st_dwithin(st_transform(s_2083.the_geom, 25833), schw_2083.schw, '300'::double precision))
                           ->  Function Scan on schw_2083  (cost=0.00..0.01 rows=1 width=32)
                           ->  Seq Scan on phoml_trajectory_tmp s_2083  (cost=0.00..95.68 rows=17 width=40)
                                 Filter: ((unix_time >= '1685451364.329'::double precision) AND (unix_time <= '1685451424.329'::double precision))
   ->  Subquery Scan on "*SELECT* 2085"  (cost=97.82..97.83 rows=1 width=76)
         ->  Limit  (cost=97.82..97.82 rows=1 width=84)
               ->  Sort  (cost=97.82..97.82 rows=1 width=84)
                     Sort Key: (st_distance(st_transform(s_2084.the_geom, 25833), schw_2084.schw))
                     ->  Nested Loop  (cost=0.00..97.81 rows=1 width=84)
                           Join Filter: ((st_transform(s_2084.the_geom, 25833) && st_expand(schw_2084.schw, '300'::double precision)) AND (schw_2084.schw && st_expand(st_transform(s_2084.the_geom, 25833), '300'::double precision)) AND _st_dwithin(st_transform(s_2084.the_geom, 25833), schw_2084.schw, '300'::double precision))
                           ->  Function Scan on schw_2084  (cost=0.00..0.01 rows=1 width=32)
                           ->  Seq Scan on phoml_trajectory_tmp s_2084  (cost=0.00..95.68 rows=17 width=40)
                                 Filter: ((unix_time >= '1685451364.749'::double precision) AND (unix_time <= '1685451424.749'::double precision))
   ->  Subquery Scan on "*SELECT* 2086"  (cost=97.82..97.83 rows=1 width=76)
         ->  Limit  (cost=97.82..97.82 rows=1 width=84)
               ->  Sort  (cost=97.82..97.82 rows=1 width=84)
                     Sort Key: (st_distance(st_transform(s_2085.the_geom, 25833), schw_2085.schw))
                     ->  Nested Loop  (cost=0.00..97.81 rows=1 width=84)
                           Join Filter: ((st_transform(s_2085.the_geom, 25833) && st_expand(schw_2085.schw, '300'::double precision)) AND (schw_2085.schw && st_expand(st_transform(s_2085.the_geom, 25833), '300'::double precision)) AND _st_dwithin(st_transform(s_2085.the_geom, 25833), schw_2085.schw, '300'::double precision))
                           ->  Function Scan on schw_2085  (cost=0.00..0.01 rows=1 width=32)
                           ->  Seq Scan on phoml_trajectory_tmp s_2085  (cost=0.00..95.68 rows=17 width=40)
                                 Filter: ((unix_time >= '1685451365.154'::double precision) AND (unix_time <= '1685451425.154'::double precision))
   ->  Subquery Scan on "*SELECT* 2087"  (cost=97.82..97.83 rows=1 width=76)
         ->  Limit  (cost=97.82..97.82 rows=1 width=84)
               ->  Sort  (cost=97.82..97.82 rows=1 width=84)
                     Sort Key: (st_distance(st_transform(s_2086.the_geom, 25833), schw_2086.schw))
                     ->  Nested Loop  (cost=0.00..97.81 rows=1 width=84)
                           Join Filter: ((st_transform(s_2086.the_geom, 25833) && st_expand(schw_2086.schw, '300'::double precision)) AND (schw_2086.schw && st_expand(st_transform(s_2086.the_geom, 25833), '300'::double precision)) AND _st_dwithin(st_transform(s_2086.the_geom, 25833), schw_2086.schw, '300'::double precision))
                           ->  Function Scan on schw_2086  (cost=0.00..0.01 rows=1 width=32)
                           ->  Seq Scan on phoml_trajectory_tmp s_2086  (cost=0.00..95.68 rows=17 width=40)
                                 Filter: ((unix_time >= '1685451365.554'::double precision) AND (unix_time <= '1685451425.554'::double precision))
   ->  Subquery Scan on "*SELECT* 2088"  (cost=97.82..97.83 rows=1 width=76)
         ->  Limit  (cost=97.82..97.82 rows=1 width=84)
               ->  Sort  (cost=97.82..97.82 rows=1 width=84)
                     Sort Key: (st_distance(st_transform(s_2087.the_geom, 25833), schw_2087.schw))
                     ->  Nested Loop  (cost=0.00..97.81 rows=1 width=84)
                           Join Filter: ((st_transform(s_2087.the_geom, 25833) && st_expand(schw_2087.schw, '300'::double precision)) AND (schw_2087.schw && st_expand(st_transform(s_2087.the_geom, 25833), '300'::double precision)) AND _st_dwithin(st_transform(s_2087.the_geom, 25833), schw_2087.schw, '300'::double precision))
                           ->  Function Scan on schw_2087  (cost=0.00..0.01 rows=1 width=32)
                           ->  Seq Scan on phoml_trajectory_tmp s_2087  (cost=0.00..95.68 rows=17 width=40)
                                 Filter: ((unix_time >= '1685451365.954'::double precision) AND (unix_time <= '1685451425.954'::double precision))
   ->  Subquery Scan on "*SELECT* 2089"  (cost=97.82..97.83 rows=1 width=76)
         ->  Limit  (cost=97.82..97.82 rows=1 width=84)
               ->  Sort  (cost=97.82..97.82 rows=1 width=84)
                     Sort Key: (st_distance(st_transform(s_2088.the_geom, 25833), schw_2088.schw))
                     ->  Nested Loop  (cost=0.00..97.81 rows=1 width=84)
                           Join Filter: ((st_transform(s_2088.the_geom, 25833) && st_expand(schw_2088.schw, '300'::double precision)) AND (schw_2088.schw && st_expand(st_transform(s_2088.the_geom, 25833), '300'::double precision)) AND _st_dwithin(st_transform(s_2088.the_geom, 25833), schw_2088.schw, '300'::double precision))
                           ->  Function Scan on schw_2088  (cost=0.00..0.01 rows=1 width=32)
                           ->  Seq Scan on phoml_trajectory_tmp s_2088  (cost=0.00..95.68 rows=17 width=40)
                                 Filter: ((unix_time >= '1685451366.337'::double precision) AND (unix_time <= '1685451426.337'::double precision))
   ->  Subquery Scan on "*SELECT* 2090"  (cost=97.82..97.83 rows=1 width=76)
         ->  Limit  (cost=97.82..97.82 rows=1 width=84)
               ->  Sort  (cost=97.82..97.82 rows=1 width=84)
                     Sort Key: (st_distance(st_transform(s_2089.the_geom, 25833), schw_2089.schw))
                     ->  Nested Loop  (cost=0.00..97.81 rows=1 width=84)
                           Join Filter: ((st_transform(s_2089.the_geom, 25833) && st_expand(schw_2089.schw, '300'::double precision)) AND (schw_2089.schw && st_expand(st_transform(s_2089.the_geom, 25833), '300'::double precision)) AND _st_dwithin(st_transform(s_2089.the_geom, 25833), schw_2089.schw, '300'::double precision))
                           ->  Function Scan on schw_2089  (cost=0.00..0.01 rows=1 width=32)
                           ->  Seq Scan on phoml_trajectory_tmp s_2089  (cost=0.00..95.68 rows=17 width=40)
                                 Filter: ((unix_time >= '1685451366.737'::double precision) AND (unix_time <= '1685451426.737'::double precision))
   ->  Subquery Scan on "*SELECT* 2091"  (cost=97.82..97.83 rows=1 width=76)
         ->  Limit  (cost=97.82..97.82 rows=1 width=84)
               ->  Sort  (cost=97.82..97.82 rows=1 width=84)
                     Sort Key: (st_distance(st_transform(s_2090.the_geom, 25833), schw_2090.schw))
                     ->  Nested Loop  (cost=0.00..97.81 rows=1 width=84)
                           Join Filter: ((st_transform(s_2090.the_geom, 25833) && st_expand(schw_2090.schw, '300'::double precision)) AND (schw_2090.schw && st_expand(st_transform(s_2090.the_geom, 25833), '300'::double precision)) AND _st_dwithin(st_transform(s_2090.the_geom, 25833), schw_2090.schw, '300'::double precision))
                           ->  Function Scan on schw_2090  (cost=0.00..0.01 rows=1 width=32)
                           ->  Seq Scan on phoml_trajectory_tmp s_2090  (cost=0.00..95.68 rows=17 width=40)
                                 Filter: ((unix_time >= '1685451367.117'::double precision) AND (unix_time <= '1685451427.117'::double precision))
   ->  Subquery Scan on "*SELECT* 2092"  (cost=97.82..97.83 rows=1 width=76)
         ->  Limit  (cost=97.82..97.82 rows=1 width=84)
               ->  Sort  (cost=97.82..97.82 rows=1 width=84)
                     Sort Key: (st_distance(st_transform(s_2091.the_geom, 25833), schw_2091.schw))
                     ->  Nested Loop  (cost=0.00..97.81 rows=1 width=84)
                           Join Filter: ((st_transform(s_2091.the_geom, 25833) && st_expand(schw_2091.schw, '300'::double precision)) AND (schw_2091.schw && st_expand(st_transform(s_2091.the_geom, 25833), '300'::double precision)) AND _st_dwithin(st_transform(s_2091.the_geom, 25833), schw_2091.schw, '300'::double precision))
                           ->  Function Scan on schw_2091  (cost=0.00..0.01 rows=1 width=32)
                           ->  Seq Scan on phoml_trajectory_tmp s_2091  (cost=0.00..95.68 rows=17 width=40)
                                 Filter: ((unix_time >= '1685451367.497'::double precision) AND (unix_time <= '1685451427.497'::double precision))
   ->  Subquery Scan on "*SELECT* 2093"  (cost=97.82..97.83 rows=1 width=76)
         ->  Limit  (cost=97.82..97.82 rows=1 width=84)
               ->  Sort  (cost=97.82..97.82 rows=1 width=84)
                     Sort Key: (st_distance(st_transform(s_2092.the_geom, 25833), schw_2092.schw))
                     ->  Nested Loop  (cost=0.00..97.81 rows=1 width=84)
                           Join Filter: ((st_transform(s_2092.the_geom, 25833) && st_expand(schw_2092.schw, '300'::double precision)) AND (schw_2092.schw && st_expand(st_transform(s_2092.the_geom, 25833), '300'::double precision)) AND _st_dwithin(st_transform(s_2092.the_geom, 25833), schw_2092.schw, '300'::double precision))
                           ->  Function Scan on schw_2092  (cost=0.00..0.01 rows=1 width=32)
                           ->  Seq Scan on phoml_trajectory_tmp s_2092  (cost=0.00..95.68 rows=17 width=40)
                                 Filter: ((unix_time >= '1685451367.877'::double precision) AND (unix_time <= '1685451427.877'::double precision))
   ->  Subquery Scan on "*SELECT* 2094"  (cost=97.82..97.83 rows=1 width=76)
         ->  Limit  (cost=97.82..97.82 rows=1 width=84)
               ->  Sort  (cost=97.82..97.82 rows=1 width=84)
                     Sort Key: (st_distance(st_transform(s_2093.the_geom, 25833), schw_2093.schw))
                     ->  Nested Loop  (cost=0.00..97.81 rows=1 width=84)
                           Join Filter: ((st_transform(s_2093.the_geom, 25833) && st_expand(schw_2093.schw, '300'::double precision)) AND (schw_2093.schw && st_expand(st_transform(s_2093.the_geom, 25833), '300'::double precision)) AND _st_dwithin(st_transform(s_2093.the_geom, 25833), schw_2093.schw, '300'::double precision))
                           ->  Function Scan on schw_2093  (cost=0.00..0.01 rows=1 width=32)
                           ->  Seq Scan on phoml_trajectory_tmp s_2093  (cost=0.00..95.68 rows=17 width=40)
                                 Filter: ((unix_time >= '1685451368.244'::double precision) AND (unix_time <= '1685451428.244'::double precision))
   ->  Subquery Scan on "*SELECT* 2095"  (cost=97.82..97.83 rows=1 width=76)
         ->  Limit  (cost=97.82..97.82 rows=1 width=84)
               ->  Sort  (cost=97.82..97.82 rows=1 width=84)
                     Sort Key: (st_distance(st_transform(s_2094.the_geom, 25833), schw_2094.schw))
                     ->  Nested Loop  (cost=0.00..97.81 rows=1 width=84)
                           Join Filter: ((st_transform(s_2094.the_geom, 25833) && st_expand(schw_2094.schw, '300'::double precision)) AND (schw_2094.schw && st_expand(st_transform(s_2094.the_geom, 25833), '300'::double precision)) AND _st_dwithin(st_transform(s_2094.the_geom, 25833), schw_2094.schw, '300'::double precision))
                           ->  Function Scan on schw_2094  (cost=0.00..0.01 rows=1 width=32)
                           ->  Seq Scan on phoml_trajectory_tmp s_2094  (cost=0.00..95.68 rows=17 width=40)
                                 Filter: ((unix_time >= '1685451368.614'::double precision) AND (unix_time <= '1685451428.614'::double precision))
   ->  Subquery Scan on "*SELECT* 2096"  (cost=97.82..97.83 rows=1 width=76)
         ->  Limit  (cost=97.82..97.82 rows=1 width=84)
               ->  Sort  (cost=97.82..97.82 rows=1 width=84)
                     Sort Key: (st_distance(st_transform(s_2095.the_geom, 25833), schw_2095.schw))
                     ->  Nested Loop  (cost=0.00..97.81 rows=1 width=84)
                           Join Filter: ((st_transform(s_2095.the_geom, 25833) && st_expand(schw_2095.schw, '300'::double precision)) AND (schw_2095.schw && st_expand(st_transform(s_2095.the_geom, 25833), '300'::double precision)) AND _st_dwithin(st_transform(s_2095.the_geom, 25833), schw_2095.schw, '300'::double precision))
                           ->  Function Scan on schw_2095  (cost=0.00..0.01 rows=1 width=32)
                           ->  Seq Scan on phoml_trajectory_tmp s_2095  (cost=0.00..95.68 rows=17 width=40)
                                 Filter: ((unix_time >= '1685451368.984'::double precision) AND (unix_time <= '1685451428.984'::double precision))
   ->  Subquery Scan on "*SELECT* 2097"  (cost=97.82..97.83 rows=1 width=76)
         ->  Limit  (cost=97.82..97.82 rows=1 width=84)
               ->  Sort  (cost=97.82..97.82 rows=1 width=84)
                     Sort Key: (st_distance(st_transform(s_2096.the_geom, 25833), schw_2096.schw))
                     ->  Nested Loop  (cost=0.00..97.81 rows=1 width=84)
                           Join Filter: ((st_transform(s_2096.the_geom, 25833) && st_expand(schw_2096.schw, '300'::double precision)) AND (schw_2096.schw && st_expand(st_transform(s_2096.the_geom, 25833), '300'::double precision)) AND _st_dwithin(st_transform(s_2096.the_geom, 25833), schw_2096.schw, '300'::double precision))
                           ->  Function Scan on schw_2096  (cost=0.00..0.01 rows=1 width=32)
                           ->  Seq Scan on phoml_trajectory_tmp s_2096  (cost=0.00..95.68 rows=17 width=40)
                                 Filter: ((unix_time >= '1685451369.346'::double precision) AND (unix_time <= '1685451429.346'::double precision))
   ->  Subquery Scan on "*SELECT* 2098"  (cost=97.82..97.83 rows=1 width=76)
         ->  Limit  (cost=97.82..97.82 rows=1 width=84)
               ->  Sort  (cost=97.82..97.82 rows=1 width=84)
                     Sort Key: (st_distance(st_transform(s_2097.the_geom, 25833), schw_2097.schw))
                     ->  Nested Loop  (cost=0.00..97.81 rows=1 width=84)
                           Join Filter: ((st_transform(s_2097.the_geom, 25833) && st_expand(schw_2097.schw, '300'::double precision)) AND (schw_2097.schw && st_expand(st_transform(s_2097.the_geom, 25833), '300'::double precision)) AND _st_dwithin(st_transform(s_2097.the_geom, 25833), schw_2097.schw, '300'::double precision))
                           ->  Function Scan on schw_2097  (cost=0.00..0.01 rows=1 width=32)
                           ->  Seq Scan on phoml_trajectory_tmp s_2097  (cost=0.00..95.68 rows=17 width=40)
                                 Filter: ((unix_time >= '1685451369.716'::double precision) AND (unix_time <= '1685451429.716'::double precision))
   ->  Subquery Scan on "*SELECT* 2099"  (cost=97.82..97.83 rows=1 width=76)
         ->  Limit  (cost=97.82..97.82 rows=1 width=84)
               ->  Sort  (cost=97.82..97.82 rows=1 width=84)
                     Sort Key: (st_distance(st_transform(s_2098.the_geom, 25833), schw_2098.schw))
                     ->  Nested Loop  (cost=0.00..97.81 rows=1 width=84)
                           Join Filter: ((st_transform(s_2098.the_geom, 25833) && st_expand(schw_2098.schw, '300'::double precision)) AND (schw_2098.schw && st_expand(st_transform(s_2098.the_geom, 25833), '300'::double precision)) AND _st_dwithin(st_transform(s_2098.the_geom, 25833), schw_2098.schw, '300'::double precision))
                           ->  Function Scan on schw_2098  (cost=0.00..0.01 rows=1 width=32)
                           ->  Seq Scan on phoml_trajectory_tmp s_2098  (cost=0.00..95.68 rows=17 width=40)
                                 Filter: ((unix_time >= '1685451370.077'::double precision) AND (unix_time <= '1685451430.077'::double precision))
   ->  Subquery Scan on "*SELECT* 2100"  (cost=97.82..97.83 rows=1 width=76)
         ->  Limit  (cost=97.82..97.82 rows=1 width=84)
               ->  Sort  (cost=97.82..97.82 rows=1 width=84)
                     Sort Key: (st_distance(st_transform(s_2099.the_geom, 25833), schw_2099.schw))
                     ->  Nested Loop  (cost=0.00..97.81 rows=1 width=84)
                           Join Filter: ((st_transform(s_2099.the_geom, 25833) && st_expand(schw_2099.schw, '300'::double precision)) AND (schw_2099.schw && st_expand(st_transform(s_2099.the_geom, 25833), '300'::double precision)) AND _st_dwithin(st_transform(s_2099.the_geom, 25833), schw_2099.schw, '300'::double precision))
                           ->  Function Scan on schw_2099  (cost=0.00..0.01 rows=1 width=32)
                           ->  Seq Scan on phoml_trajectory_tmp s_2099  (cost=0.00..95.68 rows=17 width=40)
                                 Filter: ((unix_time >= '1685451370.452'::double precision) AND (unix_time <= '1685451430.452'::double precision))
   ->  Subquery Scan on "*SELECT* 2101"  (cost=97.82..97.83 rows=1 width=76)
         ->  Limit  (cost=97.82..97.82 rows=1 width=84)
               ->  Sort  (cost=97.82..97.82 rows=1 width=84)
                     Sort Key: (st_distance(st_transform(s_2100.the_geom, 25833), schw_2100.schw))
                     ->  Nested Loop  (cost=0.00..97.81 rows=1 width=84)
                           Join Filter: ((st_transform(s_2100.the_geom, 25833) && st_expand(schw_2100.schw, '300'::double precision)) AND (schw_2100.schw && st_expand(st_transform(s_2100.the_geom, 25833), '300'::double precision)) AND _st_dwithin(st_transform(s_2100.the_geom, 25833), schw_2100.schw, '300'::double precision))
                           ->  Function Scan on schw_2100  (cost=0.00..0.01 rows=1 width=32)
                           ->  Seq Scan on phoml_trajectory_tmp s_2100  (cost=0.00..95.68 rows=17 width=40)
                                 Filter: ((unix_time >= '1685451370.822'::double precision) AND (unix_time <= '1685451430.822'::double precision))
   ->  Subquery Scan on "*SELECT* 2102"  (cost=97.82..97.83 rows=1 width=76)
         ->  Limit  (cost=97.82..97.82 rows=1 width=84)
               ->  Sort  (cost=97.82..97.82 rows=1 width=84)
                     Sort Key: (st_distance(st_transform(s_2101.the_geom, 25833), schw_2101.schw))
                     ->  Nested Loop  (cost=0.00..97.81 rows=1 width=84)
                           Join Filter: ((st_transform(s_2101.the_geom, 25833) && st_expand(schw_2101.schw, '300'::double precision)) AND (schw_2101.schw && st_expand(st_transform(s_2101.the_geom, 25833), '300'::double precision)) AND _st_dwithin(st_transform(s_2101.the_geom, 25833), schw_2101.schw, '300'::double precision))
                           ->  Function Scan on schw_2101  (cost=0.00..0.01 rows=1 width=32)
                           ->  Seq Scan on phoml_trajectory_tmp s_2101  (cost=0.00..95.68 rows=17 width=40)
                                 Filter: ((unix_time >= '1685451371.206'::double precision) AND (unix_time <= '1685451431.206'::double precision))
   ->  Subquery Scan on "*SELECT* 2103"  (cost=97.82..97.83 rows=1 width=76)
         ->  Limit  (cost=97.82..97.82 rows=1 width=84)
               ->  Sort  (cost=97.82..97.82 rows=1 width=84)
                     Sort Key: (st_distance(st_transform(s_2102.the_geom, 25833), schw_2102.schw))
                     ->  Nested Loop  (cost=0.00..97.81 rows=1 width=84)
                           Join Filter: ((st_transform(s_2102.the_geom, 25833) && st_expand(schw_2102.schw, '300'::double precision)) AND (schw_2102.schw && st_expand(st_transform(s_2102.the_geom, 25833), '300'::double precision)) AND _st_dwithin(st_transform(s_2102.the_geom, 25833), schw_2102.schw, '300'::double precision))
                           ->  Function Scan on schw_2102  (cost=0.00..0.01 rows=1 width=32)
                           ->  Seq Scan on phoml_trajectory_tmp s_2102  (cost=0.00..95.68 rows=17 width=40)
                                 Filter: ((unix_time >= '1685451371.566'::double precision) AND (unix_time <= '1685451431.566'::double precision))
   ->  Subquery Scan on "*SELECT* 2104"  (cost=97.82..97.83 rows=1 width=76)
         ->  Limit  (cost=97.82..97.82 rows=1 width=84)
               ->  Sort  (cost=97.82..97.82 rows=1 width=84)
                     Sort Key: (st_distance(st_transform(s_2103.the_geom, 25833), schw_2103.schw))
                     ->  Nested Loop  (cost=0.00..97.81 rows=1 width=84)
                           Join Filter: ((st_transform(s_2103.the_geom, 25833) && st_expand(schw_2103.schw, '300'::double precision)) AND (schw_2103.schw && st_expand(st_transform(s_2103.the_geom, 25833), '300'::double precision)) AND _st_dwithin(st_transform(s_2103.the_geom, 25833), schw_2103.schw, '300'::double precision))
                           ->  Function Scan on schw_2103  (cost=0.00..0.01 rows=1 width=32)
                           ->  Seq Scan on phoml_trajectory_tmp s_2103  (cost=0.00..95.68 rows=17 width=40)
                                 Filter: ((unix_time >= '1685451371.946'::double precision) AND (unix_time <= '1685451431.946'::double precision))
   ->  Subquery Scan on "*SELECT* 2105"  (cost=97.82..97.83 rows=1 width=76)
         ->  Limit  (cost=97.82..97.82 rows=1 width=84)
               ->  Sort  (cost=97.82..97.82 rows=1 width=84)
                     Sort Key: (st_distance(st_transform(s_2104.the_geom, 25833), schw_2104.schw))
                     ->  Nested Loop  (cost=0.00..97.81 rows=1 width=84)
                           Join Filter: ((st_transform(s_2104.the_geom, 25833) && st_expand(schw_2104.schw, '300'::double precision)) AND (schw_2104.schw && st_expand(st_transform(s_2104.the_geom, 25833), '300'::double precision)) AND _st_dwithin(st_transform(s_2104.the_geom, 25833), schw_2104.schw, '300'::double precision))
                           ->  Function Scan on schw_2104  (cost=0.00..0.01 rows=1 width=32)
                           ->  Seq Scan on phoml_trajectory_tmp s_2104  (cost=0.00..95.68 rows=17 width=40)
                                 Filter: ((unix_time >= '1685451372.319'::double precision) AND (unix_time <= '1685451432.319'::double precision))
   ->  Subquery Scan on "*SELECT* 2106"  (cost=97.82..97.83 rows=1 width=76)
         ->  Limit  (cost=97.82..97.82 rows=1 width=84)
               ->  Sort  (cost=97.82..97.82 rows=1 width=84)
                     Sort Key: (st_distance(st_transform(s_2105.the_geom, 25833), schw_2105.schw))
                     ->  Nested Loop  (cost=0.00..97.81 rows=1 width=84)
                           Join Filter: ((st_transform(s_2105.the_geom, 25833) && st_expand(schw_2105.schw, '300'::double precision)) AND (schw_2105.schw && st_expand(st_transform(s_2105.the_geom, 25833), '300'::double precision)) AND _st_dwithin(st_transform(s_2105.the_geom, 25833), schw_2105.schw, '300'::double precision))
                           ->  Function Scan on schw_2105  (cost=0.00..0.01 rows=1 width=32)
                           ->  Seq Scan on phoml_trajectory_tmp s_2105  (cost=0.00..95.68 rows=17 width=40)
                                 Filter: ((unix_time >= '1685451372.689'::double precision) AND (unix_time <= '1685451432.689'::double precision))
   ->  Subquery Scan on "*SELECT* 2107"  (cost=97.82..97.83 rows=1 width=76)
         ->  Limit  (cost=97.82..97.82 rows=1 width=84)
               ->  Sort  (cost=97.82..97.82 rows=1 width=84)
                     Sort Key: (st_distance(st_transform(s_2106.the_geom, 25833), schw_2106.schw))
                     ->  Nested Loop  (cost=0.00..97.81 rows=1 width=84)
                           Join Filter: ((st_transform(s_2106.the_geom, 25833) && st_expand(schw_2106.schw, '300'::double precision)) AND (schw_2106.schw && st_expand(st_transform(s_2106.the_geom, 25833), '300'::double precision)) AND _st_dwithin(st_transform(s_2106.the_geom, 25833), schw_2106.schw, '300'::double precision))
                           ->  Function Scan on schw_2106  (cost=0.00..0.01 rows=1 width=32)
                           ->  Seq Scan on phoml_trajectory_tmp s_2106  (cost=0.00..95.68 rows=17 width=40)
                                 Filter: ((unix_time >= '1685451373.069'::double precision) AND (unix_time <= '1685451433.069'::double precision))
   ->  Subquery Scan on "*SELECT* 2108"  (cost=97.82..97.83 rows=1 width=76)
         ->  Limit  (cost=97.82..97.82 rows=1 width=84)
               ->  Sort  (cost=97.82..97.82 rows=1 width=84)
                     Sort Key: (st_distance(st_transform(s_2107.the_geom, 25833), schw_2107.schw))
                     ->  Nested Loop  (cost=0.00..97.81 rows=1 width=84)
                           Join Filter: ((st_transform(s_2107.the_geom, 25833) && st_expand(schw_2107.schw, '300'::double precision)) AND (schw_2107.schw && st_expand(st_transform(s_2107.the_geom, 25833), '300'::double precision)) AND _st_dwithin(st_transform(s_2107.the_geom, 25833), schw_2107.schw, '300'::double precision))
                           ->  Function Scan on schw_2107  (cost=0.00..0.01 rows=1 width=32)
                           ->  Seq Scan on phoml_trajectory_tmp s_2107  (cost=0.00..95.68 rows=17 width=40)
                                 Filter: ((unix_time >= '1685451373.445'::double precision) AND (unix_time <= '1685451433.445'::double precision))
   ->  Subquery Scan on "*SELECT* 2109"  (cost=97.82..97.83 rows=1 width=76)
         ->  Limit  (cost=97.82..97.82 rows=1 width=84)
               ->  Sort  (cost=97.82..97.82 rows=1 width=84)
                     Sort Key: (st_distance(st_transform(s_2108.the_geom, 25833), schw_2108.schw))
                     ->  Nested Loop  (cost=0.00..97.81 rows=1 width=84)
                           Join Filter: ((st_transform(s_2108.the_geom, 25833) && st_expand(schw_2108.schw, '300'::double precision)) AND (schw_2108.schw && st_expand(st_transform(s_2108.the_geom, 25833), '300'::double precision)) AND _st_dwithin(st_transform(s_2108.the_geom, 25833), schw_2108.schw, '300'::double precision))
                           ->  Function Scan on schw_2108  (cost=0.00..0.01 rows=1 width=32)
                           ->  Seq Scan on phoml_trajectory_tmp s_2108  (cost=0.00..95.68 rows=17 width=40)
                                 Filter: ((unix_time >= '1685451373.825'::double precision) AND (unix_time <= '1685451433.825'::double precision))
   ->  Subquery Scan on "*SELECT* 2110"  (cost=97.82..97.83 rows=1 width=76)
         ->  Limit  (cost=97.82..97.82 rows=1 width=84)
               ->  Sort  (cost=97.82..97.82 rows=1 width=84)
                     Sort Key: (st_distance(st_transform(s_2109.the_geom, 25833), schw_2109.schw))
                     ->  Nested Loop  (cost=0.00..97.81 rows=1 width=84)
                           Join Filter: ((st_transform(s_2109.the_geom, 25833) && st_expand(schw_2109.schw, '300'::double precision)) AND (schw_2109.schw && st_expand(st_transform(s_2109.the_geom, 25833), '300'::double precision)) AND _st_dwithin(st_transform(s_2109.the_geom, 25833), schw_2109.schw, '300'::double precision))
                           ->  Function Scan on schw_2109  (cost=0.00..0.01 rows=1 width=32)
                           ->  Seq Scan on phoml_trajectory_tmp s_2109  (cost=0.00..95.68 rows=17 width=40)
                                 Filter: ((unix_time >= '1685451374.215'::double precision) AND (unix_time <= '1685451434.215'::double precision))
   ->  Subquery Scan on "*SELECT* 2111"  (cost=97.82..97.83 rows=1 width=76)
         ->  Limit  (cost=97.82..97.82 rows=1 width=84)
               ->  Sort  (cost=97.82..97.82 rows=1 width=84)
                     Sort Key: (st_distance(st_transform(s_2110.the_geom, 25833), schw_2110.schw))
                     ->  Nested Loop  (cost=0.00..97.81 rows=1 width=84)
                           Join Filter: ((st_transform(s_2110.the_geom, 25833) && st_expand(schw_2110.schw, '300'::double precision)) AND (schw_2110.schw && st_expand(st_transform(s_2110.the_geom, 25833), '300'::double precision)) AND _st_dwithin(st_transform(s_2110.the_geom, 25833), schw_2110.schw, '300'::double precision))
                           ->  Function Scan on schw_2110  (cost=0.00..0.01 rows=1 width=32)
                           ->  Seq Scan on phoml_trajectory_tmp s_2110  (cost=0.00..95.68 rows=17 width=40)
                                 Filter: ((unix_time >= '1685451374.585'::double precision) AND (unix_time <= '1685451434.585'::double precision))
   ->  Subquery Scan on "*SELECT* 2112"  (cost=97.82..97.83 rows=1 width=76)
         ->  Limit  (cost=97.82..97.82 rows=1 width=84)
               ->  Sort  (cost=97.82..97.82 rows=1 width=84)
                     Sort Key: (st_distance(st_transform(s_2111.the_geom, 25833), schw_2111.schw))
                     ->  Nested Loop  (cost=0.00..97.81 rows=1 width=84)
                           Join Filter: ((st_transform(s_2111.the_geom, 25833) && st_expand(schw_2111.schw, '300'::double precision)) AND (schw_2111.schw && st_expand(st_transform(s_2111.the_geom, 25833), '300'::double precision)) AND _st_dwithin(st_transform(s_2111.the_geom, 25833), schw_2111.schw, '300'::double precision))
                           ->  Function Scan on schw_2111  (cost=0.00..0.01 rows=1 width=32)
                           ->  Seq Scan on phoml_trajectory_tmp s_2111  (cost=0.00..95.68 rows=17 width=40)
                                 Filter: ((unix_time >= '1685451374.965'::double precision) AND (unix_time <= '1685451434.965'::double precision))
   ->  Subquery Scan on "*SELECT* 2113"  (cost=97.82..97.83 rows=1 width=76)
         ->  Limit  (cost=97.82..97.82 rows=1 width=84)
               ->  Sort  (cost=97.82..97.82 rows=1 width=84)
                     Sort Key: (st_distance(st_transform(s_2112.the_geom, 25833), schw_2112.schw))
                     ->  Nested Loop  (cost=0.00..97.81 rows=1 width=84)
                           Join Filter: ((st_transform(s_2112.the_geom, 25833) && st_expand(schw_2112.schw, '300'::double precision)) AND (schw_2112.schw && st_expand(st_transform(s_2112.the_geom, 25833), '300'::double precision)) AND _st_dwithin(st_transform(s_2112.the_geom, 25833), schw_2112.schw, '300'::double precision))
                           ->  Function Scan on schw_2112  (cost=0.00..0.01 rows=1 width=32)
                           ->  Seq Scan on phoml_trajectory_tmp s_2112  (cost=0.00..95.68 rows=17 width=40)
                                 Filter: ((unix_time >= '1685451375.342'::double precision) AND (unix_time <= '1685451435.342'::double precision))
   ->  Subquery Scan on "*SELECT* 2114"  (cost=97.82..97.83 rows=1 width=76)
         ->  Limit  (cost=97.82..97.82 rows=1 width=84)
               ->  Sort  (cost=97.82..97.82 rows=1 width=84)
                     Sort Key: (st_distance(st_transform(s_2113.the_geom, 25833), schw_2113.schw))
                     ->  Nested Loop  (cost=0.00..97.81 rows=1 width=84)
                           Join Filter: ((st_transform(s_2113.the_geom, 25833) && st_expand(schw_2113.schw, '300'::double precision)) AND (schw_2113.schw && st_expand(st_transform(s_2113.the_geom, 25833), '300'::double precision)) AND _st_dwithin(st_transform(s_2113.the_geom, 25833), schw_2113.schw, '300'::double precision))
                           ->  Function Scan on schw_2113  (cost=0.00..0.01 rows=1 width=32)
                           ->  Seq Scan on phoml_trajectory_tmp s_2113  (cost=0.00..95.68 rows=17 width=40)
                                 Filter: ((unix_time >= '1685451375.722'::double precision) AND (unix_time <= '1685451435.722'::double precision))
   ->  Subquery Scan on "*SELECT* 2115"  (cost=97.82..97.83 rows=1 width=76)
         ->  Limit  (cost=97.82..97.82 rows=1 width=84)
               ->  Sort  (cost=97.82..97.82 rows=1 width=84)
                     Sort Key: (st_distance(st_transform(s_2114.the_geom, 25833), schw_2114.schw))
                     ->  Nested Loop  (cost=0.00..97.81 rows=1 width=84)
                           Join Filter: ((st_transform(s_2114.the_geom, 25833) && st_expand(schw_2114.schw, '300'::double precision)) AND (schw_2114.schw && st_expand(st_transform(s_2114.the_geom, 25833), '300'::double precision)) AND _st_dwithin(st_transform(s_2114.the_geom, 25833), schw_2114.schw, '300'::double precision))
                           ->  Function Scan on schw_2114  (cost=0.00..0.01 rows=1 width=32)
                           ->  Seq Scan on phoml_trajectory_tmp s_2114  (cost=0.00..95.68 rows=17 width=40)
                                 Filter: ((unix_time >= '1685451376.092'::double precision) AND (unix_time <= '1685451436.092'::double precision))
   ->  Subquery Scan on "*SELECT* 2116"  (cost=97.82..97.83 rows=1 width=76)
         ->  Limit  (cost=97.82..97.82 rows=1 width=84)
               ->  Sort  (cost=97.82..97.82 rows=1 width=84)
                     Sort Key: (st_distance(st_transform(s_2115.the_geom, 25833), schw_2115.schw))
                     ->  Nested Loop  (cost=0.00..97.81 rows=1 width=84)
                           Join Filter: ((st_transform(s_2115.the_geom, 25833) && st_expand(schw_2115.schw, '300'::double precision)) AND (schw_2115.schw && st_expand(st_transform(s_2115.the_geom, 25833), '300'::double precision)) AND _st_dwithin(st_transform(s_2115.the_geom, 25833), schw_2115.schw, '300'::double precision))
                           ->  Function Scan on schw_2115  (cost=0.00..0.01 rows=1 width=32)
                           ->  Seq Scan on phoml_trajectory_tmp s_2115  (cost=0.00..95.68 rows=17 width=40)
                                 Filter: ((unix_time >= '1685451376.469'::double precision) AND (unix_time <= '1685451436.469'::double precision))
   ->  Subquery Scan on "*SELECT* 2117"  (cost=97.82..97.83 rows=1 width=76)
         ->  Limit  (cost=97.82..97.82 rows=1 width=84)
               ->  Sort  (cost=97.82..97.82 rows=1 width=84)
                     Sort Key: (st_distance(st_transform(s_2116.the_geom, 25833), schw_2116.schw))
                     ->  Nested Loop  (cost=0.00..97.81 rows=1 width=84)
                           Join Filter: ((st_transform(s_2116.the_geom, 25833) && st_expand(schw_2116.schw, '300'::double precision)) AND (schw_2116.schw && st_expand(st_transform(s_2116.the_geom, 25833), '300'::double precision)) AND _st_dwithin(st_transform(s_2116.the_geom, 25833), schw_2116.schw, '300'::double precision))
                           ->  Function Scan on schw_2116  (cost=0.00..0.01 rows=1 width=32)
                           ->  Seq Scan on phoml_trajectory_tmp s_2116  (cost=0.00..95.68 rows=17 width=40)
                                 Filter: ((unix_time >= '1685451376.839'::double precision) AND (unix_time <= '1685451436.839'::double precision))
   ->  Subquery Scan on "*SELECT* 2118"  (cost=97.82..97.83 rows=1 width=76)
         ->  Limit  (cost=97.82..97.82 rows=1 width=84)
               ->  Sort  (cost=97.82..97.82 rows=1 width=84)
                     Sort Key: (st_distance(st_transform(s_2117.the_geom, 25833), schw_2117.schw))
                     ->  Nested Loop  (cost=0.00..97.81 rows=1 width=84)
                           Join Filter: ((st_transform(s_2117.the_geom, 25833) && st_expand(schw_2117.schw, '300'::double precision)) AND (schw_2117.schw && st_expand(st_transform(s_2117.the_geom, 25833), '300'::double precision)) AND _st_dwithin(st_transform(s_2117.the_geom, 25833), schw_2117.schw, '300'::double precision))
                           ->  Function Scan on schw_2117  (cost=0.00..0.01 rows=1 width=32)
                           ->  Seq Scan on phoml_trajectory_tmp s_2117  (cost=0.00..95.68 rows=17 width=40)
                                 Filter: ((unix_time >= '1685451377.221'::double precision) AND (unix_time <= '1685451437.221'::double precision))
   ->  Subquery Scan on "*SELECT* 2119"  (cost=97.82..97.83 rows=1 width=76)
         ->  Limit  (cost=97.82..97.82 rows=1 width=84)
               ->  Sort  (cost=97.82..97.82 rows=1 width=84)
                     Sort Key: (st_distance(st_transform(s_2118.the_geom, 25833), schw_2118.schw))
                     ->  Nested Loop  (cost=0.00..97.81 rows=1 width=84)
                           Join Filter: ((st_transform(s_2118.the_geom, 25833) && st_expand(schw_2118.schw, '300'::double precision)) AND (schw_2118.schw && st_expand(st_transform(s_2118.the_geom, 25833), '300'::double precision)) AND _st_dwithin(st_transform(s_2118.the_geom, 25833), schw_2118.schw, '300'::double precision))
                           ->  Function Scan on schw_2118  (cost=0.00..0.01 rows=1 width=32)
                           ->  Seq Scan on phoml_trajectory_tmp s_2118  (cost=0.00..95.68 rows=17 width=40)
                                 Filter: ((unix_time >= '1685451377.571'::double precision) AND (unix_time <= '1685451437.571'::double precision))
   ->  Subquery Scan on "*SELECT* 2120"  (cost=97.82..97.83 rows=1 width=76)
         ->  Limit  (cost=97.82..97.82 rows=1 width=84)
               ->  Sort  (cost=97.82..97.82 rows=1 width=84)
                     Sort Key: (st_distance(st_transform(s_2119.the_geom, 25833), schw_2119.schw))
                     ->  Nested Loop  (cost=0.00..97.81 rows=1 width=84)
                           Join Filter: ((st_transform(s_2119.the_geom, 25833) && st_expand(schw_2119.schw, '300'::double precision)) AND (schw_2119.schw && st_expand(st_transform(s_2119.the_geom, 25833), '300'::double precision)) AND _st_dwithin(st_transform(s_2119.the_geom, 25833), schw_2119.schw, '300'::double precision))
                           ->  Function Scan on schw_2119  (cost=0.00..0.01 rows=1 width=32)
                           ->  Seq Scan on phoml_trajectory_tmp s_2119  (cost=0.00..95.68 rows=17 width=40)
                                 Filter: ((unix_time >= '1685451377.941'::double precision) AND (unix_time <= '1685451437.941'::double precision))
   ->  Subquery Scan on "*SELECT* 2121"  (cost=97.82..97.83 rows=1 width=76)
         ->  Limit  (cost=97.82..97.82 rows=1 width=84)
               ->  Sort  (cost=97.82..97.82 rows=1 width=84)
                     Sort Key: (st_distance(st_transform(s_2120.the_geom, 25833), schw_2120.schw))
                     ->  Nested Loop  (cost=0.00..97.81 rows=1 width=84)
                           Join Filter: ((st_transform(s_2120.the_geom, 25833) && st_expand(schw_2120.schw, '300'::double precision)) AND (schw_2120.schw && st_expand(st_transform(s_2120.the_geom, 25833), '300'::double precision)) AND _st_dwithin(st_transform(s_2120.the_geom, 25833), schw_2120.schw, '300'::double precision))
                           ->  Function Scan on schw_2120  (cost=0.00..0.01 rows=1 width=32)
                           ->  Seq Scan on phoml_trajectory_tmp s_2120  (cost=0.00..95.68 rows=17 width=40)
                                 Filter: ((unix_time >= '1685451378.305'::double precision) AND (unix_time <= '1685451438.305'::double precision))
   ->  Subquery Scan on "*SELECT* 2122"  (cost=97.82..97.83 rows=1 width=76)
         ->  Limit  (cost=97.82..97.82 rows=1 width=84)
               ->  Sort  (cost=97.82..97.82 rows=1 width=84)
                     Sort Key: (st_distance(st_transform(s_2121.the_geom, 25833), schw_2121.schw))
                     ->  Nested Loop  (cost=0.00..97.81 rows=1 width=84)
                           Join Filter: ((st_transform(s_2121.the_geom, 25833) && st_expand(schw_2121.schw, '300'::double precision)) AND (schw_2121.schw && st_expand(st_transform(s_2121.the_geom, 25833), '300'::double precision)) AND _st_dwithin(st_transform(s_2121.the_geom, 25833), schw_2121.schw, '300'::double precision))
                           ->  Function Scan on schw_2121  (cost=0.00..0.01 rows=1 width=32)
                           ->  Seq Scan on phoml_trajectory_tmp s_2121  (cost=0.00..95.68 rows=17 width=40)
                                 Filter: ((unix_time >= '1685451378.675'::double precision) AND (unix_time <= '1685451438.675'::double precision))
   ->  Subquery Scan on "*SELECT* 2123"  (cost=97.82..97.83 rows=1 width=76)
         ->  Limit  (cost=97.82..97.82 rows=1 width=84)
               ->  Sort  (cost=97.82..97.82 rows=1 width=84)
                     Sort Key: (st_distance(st_transform(s_2122.the_geom, 25833), schw_2122.schw))
                     ->  Nested Loop  (cost=0.00..97.81 rows=1 width=84)
                           Join Filter: ((st_transform(s_2122.the_geom, 25833) && st_expand(schw_2122.schw, '300'::double precision)) AND (schw_2122.schw && st_expand(st_transform(s_2122.the_geom, 25833), '300'::double precision)) AND _st_dwithin(st_transform(s_2122.the_geom, 25833), schw_2122.schw, '300'::double precision))
                           ->  Function Scan on schw_2122  (cost=0.00..0.01 rows=1 width=32)
                           ->  Seq Scan on phoml_trajectory_tmp s_2122  (cost=0.00..95.68 rows=17 width=40)
                                 Filter: ((unix_time >= '1685451379.035'::double precision) AND (unix_time <= '1685451439.035'::double precision))
   ->  Subquery Scan on "*SELECT* 2124"  (cost=97.82..97.83 rows=1 width=76)
         ->  Limit  (cost=97.82..97.82 rows=1 width=84)
               ->  Sort  (cost=97.82..97.82 rows=1 width=84)
                     Sort Key: (st_distance(st_transform(s_2123.the_geom, 25833), schw_2123.schw))
                     ->  Nested Loop  (cost=0.00..97.81 rows=1 width=84)
                           Join Filter: ((st_transform(s_2123.the_geom, 25833) && st_expand(schw_2123.schw, '300'::double precision)) AND (schw_2123.schw && st_expand(st_transform(s_2123.the_geom, 25833), '300'::double precision)) AND _st_dwithin(st_transform(s_2123.the_geom, 25833), schw_2123.schw, '300'::double precision))
                           ->  Function Scan on schw_2123  (cost=0.00..0.01 rows=1 width=32)
                           ->  Seq Scan on phoml_trajectory_tmp s_2123  (cost=0.00..95.68 rows=17 width=40)
                                 Filter: ((unix_time >= '1685451379.412'::double precision) AND (unix_time <= '1685451439.412'::double precision))
   ->  Subquery Scan on "*SELECT* 2125"  (cost=97.82..97.83 rows=1 width=76)
         ->  Limit  (cost=97.82..97.82 rows=1 width=84)
               ->  Sort  (cost=97.82..97.82 rows=1 width=84)
                     Sort Key: (st_distance(st_transform(s_2124.the_geom, 25833), schw_2124.schw))
                     ->  Nested Loop  (cost=0.00..97.81 rows=1 width=84)
                           Join Filter: ((st_transform(s_2124.the_geom, 25833) && st_expand(schw_2124.schw, '300'::double precision)) AND (schw_2124.schw && st_expand(st_transform(s_2124.the_geom, 25833), '300'::double precision)) AND _st_dwithin(st_transform(s_2124.the_geom, 25833), schw_2124.schw, '300'::double precision))
                           ->  Function Scan on schw_2124  (cost=0.00..0.01 rows=1 width=32)
                           ->  Seq Scan on phoml_trajectory_tmp s_2124  (cost=0.00..95.68 rows=17 width=40)
                                 Filter: ((unix_time >= '1685451379.782'::double precision) AND (unix_time <= '1685451439.782'::double precision))
   ->  Subquery Scan on "*SELECT* 2126"  (cost=97.82..97.83 rows=1 width=76)
         ->  Limit  (cost=97.82..97.82 rows=1 width=84)
               ->  Sort  (cost=97.82..97.82 rows=1 width=84)
                     Sort Key: (st_distance(st_transform(s_2125.the_geom, 25833), schw_2125.schw))
                     ->  Nested Loop  (cost=0.00..97.81 rows=1 width=84)
                           Join Filter: ((st_transform(s_2125.the_geom, 25833) && st_expand(schw_2125.schw, '300'::double precision)) AND (schw_2125.schw && st_expand(st_transform(s_2125.the_geom, 25833), '300'::double precision)) AND _st_dwithin(st_transform(s_2125.the_geom, 25833), schw_2125.schw, '300'::double precision))
                           ->  Function Scan on schw_2125  (cost=0.00..0.01 rows=1 width=32)
                           ->  Seq Scan on phoml_trajectory_tmp s_2125  (cost=0.00..95.68 rows=17 width=40)
                                 Filter: ((unix_time >= '1685451380.161'::double precision) AND (unix_time <= '1685451440.161'::double precision))
   ->  Subquery Scan on "*SELECT* 2127"  (cost=97.82..97.83 rows=1 width=76)
         ->  Limit  (cost=97.82..97.82 rows=1 width=84)
               ->  Sort  (cost=97.82..97.82 rows=1 width=84)
                     Sort Key: (st_distance(st_transform(s_2126.the_geom, 25833), schw_2126.schw))
                     ->  Nested Loop  (cost=0.00..97.81 rows=1 width=84)
                           Join Filter: ((st_transform(s_2126.the_geom, 25833) && st_expand(schw_2126.schw, '300'::double precision)) AND (schw_2126.schw && st_expand(st_transform(s_2126.the_geom, 25833), '300'::double precision)) AND _st_dwithin(st_transform(s_2126.the_geom, 25833), schw_2126.schw, '300'::double precision))
                           ->  Function Scan on schw_2126  (cost=0.00..0.01 rows=1 width=32)
                           ->  Seq Scan on phoml_trajectory_tmp s_2126  (cost=0.00..95.68 rows=17 width=40)
                                 Filter: ((unix_time >= '1685451380.531'::double precision) AND (unix_time <= '1685451440.531'::double precision))
   ->  Subquery Scan on "*SELECT* 2128"  (cost=97.82..97.83 rows=1 width=76)
         ->  Limit  (cost=97.82..97.82 rows=1 width=84)
               ->  Sort  (cost=97.82..97.82 rows=1 width=84)
                     Sort Key: (st_distance(st_transform(s_2127.the_geom, 25833), schw_2127.schw))
                     ->  Nested Loop  (cost=0.00..97.81 rows=1 width=84)
                           Join Filter: ((st_transform(s_2127.the_geom, 25833) && st_expand(schw_2127.schw, '300'::double precision)) AND (schw_2127.schw && st_expand(st_transform(s_2127.the_geom, 25833), '300'::double precision)) AND _st_dwithin(st_transform(s_2127.the_geom, 25833), schw_2127.schw, '300'::double precision))
                           ->  Function Scan on schw_2127  (cost=0.00..0.01 rows=1 width=32)
                           ->  Seq Scan on phoml_trajectory_tmp s_2127  (cost=0.00..95.68 rows=17 width=40)
                                 Filter: ((unix_time >= '1685451380.911'::double precision) AND (unix_time <= '1685451440.911'::double precision))
   ->  Subquery Scan on "*SELECT* 2129"  (cost=97.82..97.83 rows=1 width=76)
         ->  Limit  (cost=97.82..97.82 rows=1 width=84)
               ->  Sort  (cost=97.82..97.82 rows=1 width=84)
                     Sort Key: (st_distance(st_transform(s_2128.the_geom, 25833), schw_2128.schw))
                     ->  Nested Loop  (cost=0.00..97.81 rows=1 width=84)
                           Join Filter: ((st_transform(s_2128.the_geom, 25833) && st_expand(schw_2128.schw, '300'::double precision)) AND (schw_2128.schw && st_expand(st_transform(s_2128.the_geom, 25833), '300'::double precision)) AND _st_dwithin(st_transform(s_2128.the_geom, 25833), schw_2128.schw, '300'::double precision))
                           ->  Function Scan on schw_2128  (cost=0.00..0.01 rows=1 width=32)
                           ->  Seq Scan on phoml_trajectory_tmp s_2128  (cost=0.00..95.68 rows=17 width=40)
                                 Filter: ((unix_time >= '1685451381.275'::double precision) AND (unix_time <= '1685451441.275'::double precision))
   ->  Subquery Scan on "*SELECT* 2130"  (cost=97.82..97.83 rows=1 width=76)
         ->  Limit  (cost=97.82..97.82 rows=1 width=84)
               ->  Sort  (cost=97.82..97.82 rows=1 width=84)
                     Sort Key: (st_distance(st_transform(s_2129.the_geom, 25833), schw_2129.schw))
                     ->  Nested Loop  (cost=0.00..97.81 rows=1 width=84)
                           Join Filter: ((st_transform(s_2129.the_geom, 25833) && st_expand(schw_2129.schw, '300'::double precision)) AND (schw_2129.schw && st_expand(st_transform(s_2129.the_geom, 25833), '300'::double precision)) AND _st_dwithin(st_transform(s_2129.the_geom, 25833), schw_2129.schw, '300'::double precision))
                           ->  Function Scan on schw_2129  (cost=0.00..0.01 rows=1 width=32)
                           ->  Seq Scan on phoml_trajectory_tmp s_2129  (cost=0.00..95.68 rows=17 width=40)
                                 Filter: ((unix_time >= '1685451381.665'::double precision) AND (unix_time <= '1685451441.665'::double precision))
   ->  Subquery Scan on "*SELECT* 2131"  (cost=97.82..97.83 rows=1 width=76)
         ->  Limit  (cost=97.82..97.82 rows=1 width=84)
               ->  Sort  (cost=97.82..97.82 rows=1 width=84)
                     Sort Key: (st_distance(st_transform(s_2130.the_geom, 25833), schw_2130.schw))
                     ->  Nested Loop  (cost=0.00..97.81 rows=1 width=84)
                           Join Filter: ((st_transform(s_2130.the_geom, 25833) && st_expand(schw_2130.schw, '300'::double precision)) AND (schw_2130.schw && st_expand(st_transform(s_2130.the_geom, 25833), '300'::double precision)) AND _st_dwithin(st_transform(s_2130.the_geom, 25833), schw_2130.schw, '300'::double precision))
                           ->  Function Scan on schw_2130  (cost=0.00..0.01 rows=1 width=32)
                           ->  Seq Scan on phoml_trajectory_tmp s_2130  (cost=0.00..95.68 rows=17 width=40)
                                 Filter: ((unix_time >= '1685451382.035'::double precision) AND (unix_time <= '1685451442.035'::double precision))
   ->  Subquery Scan on "*SELECT* 2132"  (cost=97.82..97.83 rows=1 width=76)
         ->  Limit  (cost=97.82..97.82 rows=1 width=84)
               ->  Sort  (cost=97.82..97.82 rows=1 width=84)
                     Sort Key: (st_distance(st_transform(s_2131.the_geom, 25833), schw_2131.schw))
                     ->  Nested Loop  (cost=0.00..97.81 rows=1 width=84)
                           Join Filter: ((st_transform(s_2131.the_geom, 25833) && st_expand(schw_2131.schw, '300'::double precision)) AND (schw_2131.schw && st_expand(st_transform(s_2131.the_geom, 25833), '300'::double precision)) AND _st_dwithin(st_transform(s_2131.the_geom, 25833), schw_2131.schw, '300'::double precision))
                           ->  Function Scan on schw_2131  (cost=0.00..0.01 rows=1 width=32)
                           ->  Seq Scan on phoml_trajectory_tmp s_2131  (cost=0.00..95.68 rows=17 width=40)
                                 Filter: ((unix_time >= '1685451382.423'::double precision) AND (unix_time <= '1685451442.423'::double precision))
   ->  Subquery Scan on "*SELECT* 2133"  (cost=97.82..97.83 rows=1 width=76)
         ->  Limit  (cost=97.82..97.82 rows=1 width=84)
               ->  Sort  (cost=97.82..97.82 rows=1 width=84)
                     Sort Key: (st_distance(st_transform(s_2132.the_geom, 25833), schw_2132.schw))
                     ->  Nested Loop  (cost=0.00..97.81 rows=1 width=84)
                           Join Filter: ((st_transform(s_2132.the_geom, 25833) && st_expand(schw_2132.schw, '300'::double precision)) AND (schw_2132.schw && st_expand(st_transform(s_2132.the_geom, 25833), '300'::double precision)) AND _st_dwithin(st_transform(s_2132.the_geom, 25833), schw_2132.schw, '300'::double precision))
                           ->  Function Scan on schw_2132  (cost=0.00..0.01 rows=1 width=32)
                           ->  Seq Scan on phoml_trajectory_tmp s_2132  (cost=0.00..95.68 rows=17 width=40)
                                 Filter: ((unix_time >= '1685451382.803'::double precision) AND (unix_time <= '1685451442.803'::double precision))
   ->  Subquery Scan on "*SELECT* 2134"  (cost=97.82..97.83 rows=1 width=76)
         ->  Limit  (cost=97.82..97.82 rows=1 width=84)
               ->  Sort  (cost=97.82..97.82 rows=1 width=84)
                     Sort Key: (st_distance(st_transform(s_2133.the_geom, 25833), schw_2133.schw))
                     ->  Nested Loop  (cost=0.00..97.81 rows=1 width=84)
                           Join Filter: ((st_transform(s_2133.the_geom, 25833) && st_expand(schw_2133.schw, '300'::double precision)) AND (schw_2133.schw && st_expand(st_transform(s_2133.the_geom, 25833), '300'::double precision)) AND _st_dwithin(st_transform(s_2133.the_geom, 25833), schw_2133.schw, '300'::double precision))
                           ->  Function Scan on schw_2133  (cost=0.00..0.01 rows=1 width=32)
                           ->  Seq Scan on phoml_trajectory_tmp s_2133  (cost=0.00..95.68 rows=17 width=40)
                                 Filter: ((unix_time >= '1685451383.194'::double precision) AND (unix_time <= '1685451443.194'::double precision))
   ->  Subquery Scan on "*SELECT* 2135"  (cost=97.82..97.83 rows=1 width=76)
         ->  Limit  (cost=97.82..97.82 rows=1 width=84)
               ->  Sort  (cost=97.82..97.82 rows=1 width=84)
                     Sort Key: (st_distance(st_transform(s_2134.the_geom, 25833), schw_2134.schw))
                     ->  Nested Loop  (cost=0.00..97.81 rows=1 width=84)
                           Join Filter: ((st_transform(s_2134.the_geom, 25833) && st_expand(schw_2134.schw, '300'::double precision)) AND (schw_2134.schw && st_expand(st_transform(s_2134.the_geom, 25833), '300'::double precision)) AND _st_dwithin(st_transform(s_2134.the_geom, 25833), schw_2134.schw, '300'::double precision))
                           ->  Function Scan on schw_2134  (cost=0.00..0.01 rows=1 width=32)
                           ->  Seq Scan on phoml_trajectory_tmp s_2134  (cost=0.00..95.68 rows=17 width=40)
                                 Filter: ((unix_time >= '1685451383.564'::double precision) AND (unix_time <= '1685451443.564'::double precision))
   ->  Subquery Scan on "*SELECT* 2136"  (cost=97.82..97.83 rows=1 width=76)
         ->  Limit  (cost=97.82..97.82 rows=1 width=84)
               ->  Sort  (cost=97.82..97.82 rows=1 width=84)
                     Sort Key: (st_distance(st_transform(s_2135.the_geom, 25833), schw_2135.schw))
                     ->  Nested Loop  (cost=0.00..97.81 rows=1 width=84)
                           Join Filter: ((st_transform(s_2135.the_geom, 25833) && st_expand(schw_2135.schw, '300'::double precision)) AND (schw_2135.schw && st_expand(st_transform(s_2135.the_geom, 25833), '300'::double precision)) AND _st_dwithin(st_transform(s_2135.the_geom, 25833), schw_2135.schw, '300'::double precision))
                           ->  Function Scan on schw_2135  (cost=0.00..0.01 rows=1 width=32)
                           ->  Seq Scan on phoml_trajectory_tmp s_2135  (cost=0.00..95.68 rows=17 width=40)
                                 Filter: ((unix_time >= '1685451383.954'::double precision) AND (unix_time <= '1685451443.954'::double precision))
   ->  Subquery Scan on "*SELECT* 2137"  (cost=97.82..97.83 rows=1 width=76)
         ->  Limit  (cost=97.82..97.82 rows=1 width=84)
               ->  Sort  (cost=97.82..97.82 rows=1 width=84)
                     Sort Key: (st_distance(st_transform(s_2136.the_geom, 25833), schw_2136.schw))
                     ->  Nested Loop  (cost=0.00..97.81 rows=1 width=84)
                           Join Filter: ((st_transform(s_2136.the_geom, 25833) && st_expand(schw_2136.schw, '300'::double precision)) AND (schw_2136.schw && st_expand(st_transform(s_2136.the_geom, 25833), '300'::double precision)) AND _st_dwithin(st_transform(s_2136.the_geom, 25833), schw_2136.schw, '300'::double precision))
                           ->  Function Scan on schw_2136  (cost=0.00..0.01 rows=1 width=32)
                           ->  Seq Scan on phoml_trajectory_tmp s_2136  (cost=0.00..95.68 rows=17 width=40)
                                 Filter: ((unix_time >= '1685451384.329'::double precision) AND (unix_time <= '1685451444.329'::double precision))
   ->  Subquery Scan on "*SELECT* 2138"  (cost=97.82..97.83 rows=1 width=76)
         ->  Limit  (cost=97.82..97.82 rows=1 width=84)
               ->  Sort  (cost=97.82..97.82 rows=1 width=84)
                     Sort Key: (st_distance(st_transform(s_2137.the_geom, 25833), schw_2137.schw))
                     ->  Nested Loop  (cost=0.00..97.81 rows=1 width=84)
                           Join Filter: ((st_transform(s_2137.the_geom, 25833) && st_expand(schw_2137.schw, '300'::double precision)) AND (schw_2137.schw && st_expand(st_transform(s_2137.the_geom, 25833), '300'::double precision)) AND _st_dwithin(st_transform(s_2137.the_geom, 25833), schw_2137.schw, '300'::double precision))
                           ->  Function Scan on schw_2137  (cost=0.00..0.01 rows=1 width=32)
                           ->  Seq Scan on phoml_trajectory_tmp s_2137  (cost=0.00..95.68 rows=17 width=40)
                                 Filter: ((unix_time >= '1685451384.719'::double precision) AND (unix_time <= '1685451444.719'::double precision))
   ->  Subquery Scan on "*SELECT* 2139"  (cost=97.82..97.83 rows=1 width=76)
         ->  Limit  (cost=97.82..97.82 rows=1 width=84)
               ->  Sort  (cost=97.82..97.82 rows=1 width=84)
                     Sort Key: (st_distance(st_transform(s_2138.the_geom, 25833), schw_2138.schw))
                     ->  Nested Loop  (cost=0.00..97.81 rows=1 width=84)
                           Join Filter: ((st_transform(s_2138.the_geom, 25833) && st_expand(schw_2138.schw, '300'::double precision)) AND (schw_2138.schw && st_expand(st_transform(s_2138.the_geom, 25833), '300'::double precision)) AND _st_dwithin(st_transform(s_2138.the_geom, 25833), schw_2138.schw, '300'::double precision))
                           ->  Function Scan on schw_2138  (cost=0.00..0.01 rows=1 width=32)
                           ->  Seq Scan on phoml_trajectory_tmp s_2138  (cost=0.00..95.68 rows=17 width=40)
                                 Filter: ((unix_time >= '1685451385.089'::double precision) AND (unix_time <= '1685451445.089'::double precision))
   ->  Subquery Scan on "*SELECT* 2140"  (cost=97.82..97.83 rows=1 width=76)
         ->  Limit  (cost=97.82..97.82 rows=1 width=84)
               ->  Sort  (cost=97.82..97.82 rows=1 width=84)
                     Sort Key: (st_distance(st_transform(s_2139.the_geom, 25833), schw_2139.schw))
                     ->  Nested Loop  (cost=0.00..97.81 rows=1 width=84)
                           Join Filter: ((st_transform(s_2139.the_geom, 25833) && st_expand(schw_2139.schw, '300'::double precision)) AND (schw_2139.schw && st_expand(st_transform(s_2139.the_geom, 25833), '300'::double precision)) AND _st_dwithin(st_transform(s_2139.the_geom, 25833), schw_2139.schw, '300'::double precision))
                           ->  Function Scan on schw_2139  (cost=0.00..0.01 rows=1 width=32)
                           ->  Seq Scan on phoml_trajectory_tmp s_2139  (cost=0.00..95.68 rows=17 width=40)
                                 Filter: ((unix_time >= '1685451385.482'::double precision) AND (unix_time <= '1685451445.482'::double precision))
   ->  Subquery Scan on "*SELECT* 2141"  (cost=97.82..97.83 rows=1 width=76)
         ->  Limit  (cost=97.82..97.82 rows=1 width=84)
               ->  Sort  (cost=97.82..97.82 rows=1 width=84)
                     Sort Key: (st_distance(st_transform(s_2140.the_geom, 25833), schw_2140.schw))
                     ->  Nested Loop  (cost=0.00..97.81 rows=1 width=84)
                           Join Filter: ((st_transform(s_2140.the_geom, 25833) && st_expand(schw_2140.schw, '300'::double precision)) AND (schw_2140.schw && st_expand(st_transform(s_2140.the_geom, 25833), '300'::double precision)) AND _st_dwithin(st_transform(s_2140.the_geom, 25833), schw_2140.schw, '300'::double precision))
                           ->  Function Scan on schw_2140  (cost=0.00..0.01 rows=1 width=32)
                           ->  Seq Scan on phoml_trajectory_tmp s_2140  (cost=0.00..95.68 rows=17 width=40)
                                 Filter: ((unix_time >= '1685451385.872'::double precision) AND (unix_time <= '1685451445.872'::double precision))
   ->  Subquery Scan on "*SELECT* 2142"  (cost=97.82..97.83 rows=1 width=76)
         ->  Limit  (cost=97.82..97.82 rows=1 width=84)
               ->  Sort  (cost=97.82..97.82 rows=1 width=84)
                     Sort Key: (st_distance(st_transform(s_2141.the_geom, 25833), schw_2141.schw))
                     ->  Nested Loop  (cost=0.00..97.81 rows=1 width=84)
                           Join Filter: ((st_transform(s_2141.the_geom, 25833) && st_expand(schw_2141.schw, '300'::double precision)) AND (schw_2141.schw && st_expand(st_transform(s_2141.the_geom, 25833), '300'::double precision)) AND _st_dwithin(st_transform(s_2141.the_geom, 25833), schw_2141.schw, '300'::double precision))
                           ->  Function Scan on schw_2141  (cost=0.00..0.01 rows=1 width=32)
                           ->  Seq Scan on phoml_trajectory_tmp s_2141  (cost=0.00..95.68 rows=17 width=40)
                                 Filter: ((unix_time >= '1685451386.246'::double precision) AND (unix_time <= '1685451446.246'::double precision))
   ->  Subquery Scan on "*SELECT* 2143"  (cost=97.82..97.83 rows=1 width=76)
         ->  Limit  (cost=97.82..97.82 rows=1 width=84)
               ->  Sort  (cost=97.82..97.82 rows=1 width=84)
                     Sort Key: (st_distance(st_transform(s_2142.the_geom, 25833), schw_2142.schw))
                     ->  Nested Loop  (cost=0.00..97.81 rows=1 width=84)
                           Join Filter: ((st_transform(s_2142.the_geom, 25833) && st_expand(schw_2142.schw, '300'::double precision)) AND (schw_2142.schw && st_expand(st_transform(s_2142.the_geom, 25833), '300'::double precision)) AND _st_dwithin(st_transform(s_2142.the_geom, 25833), schw_2142.schw, '300'::double precision))
                           ->  Function Scan on schw_2142  (cost=0.00..0.01 rows=1 width=32)
                           ->  Seq Scan on phoml_trajectory_tmp s_2142  (cost=0.00..95.68 rows=17 width=40)
                                 Filter: ((unix_time >= '1685451386.616'::double precision) AND (unix_time <= '1685451446.616'::double precision))
   ->  Subquery Scan on "*SELECT* 2144"  (cost=97.82..97.83 rows=1 width=76)
         ->  Limit  (cost=97.82..97.82 rows=1 width=84)
               ->  Sort  (cost=97.82..97.82 rows=1 width=84)
                     Sort Key: (st_distance(st_transform(s_2143.the_geom, 25833), schw_2143.schw))
                     ->  Nested Loop  (cost=0.00..97.81 rows=1 width=84)
                           Join Filter: ((st_transform(s_2143.the_geom, 25833) && st_expand(schw_2143.schw, '300'::double precision)) AND (schw_2143.schw && st_expand(st_transform(s_2143.the_geom, 25833), '300'::double precision)) AND _st_dwithin(st_transform(s_2143.the_geom, 25833), schw_2143.schw, '300'::double precision))
                           ->  Function Scan on schw_2143  (cost=0.00..0.01 rows=1 width=32)
                           ->  Seq Scan on phoml_trajectory_tmp s_2143  (cost=0.00..95.68 rows=17 width=40)
                                 Filter: ((unix_time >= '1685451386.986'::double precision) AND (unix_time <= '1685451446.986'::double precision))
   ->  Subquery Scan on "*SELECT* 2145"  (cost=97.82..97.83 rows=1 width=76)
         ->  Limit  (cost=97.82..97.82 rows=1 width=84)
               ->  Sort  (cost=97.82..97.82 rows=1 width=84)
                     Sort Key: (st_distance(st_transform(s_2144.the_geom, 25833), schw_2144.schw))
                     ->  Nested Loop  (cost=0.00..97.81 rows=1 width=84)
                           Join Filter: ((st_transform(s_2144.the_geom, 25833) && st_expand(schw_2144.schw, '300'::double precision)) AND (schw_2144.schw && st_expand(st_transform(s_2144.the_geom, 25833), '300'::double precision)) AND _st_dwithin(st_transform(s_2144.the_geom, 25833), schw_2144.schw, '300'::double precision))
                           ->  Function Scan on schw_2144  (cost=0.00..0.01 rows=1 width=32)
                           ->  Seq Scan on phoml_trajectory_tmp s_2144  (cost=0.00..95.68 rows=17 width=40)
                                 Filter: ((unix_time >= '1685451387.373'::double precision) AND (unix_time <= '1685451447.373'::double precision))
   ->  Subquery Scan on "*SELECT* 2146"  (cost=97.82..97.83 rows=1 width=76)
         ->  Limit  (cost=97.82..97.82 rows=1 width=84)
               ->  Sort  (cost=97.82..97.82 rows=1 width=84)
                     Sort Key: (st_distance(st_transform(s_2145.the_geom, 25833), schw_2145.schw))
                     ->  Nested Loop  (cost=0.00..97.81 rows=1 width=84)
                           Join Filter: ((st_transform(s_2145.the_geom, 25833) && st_expand(schw_2145.schw, '300'::double precision)) AND (schw_2145.schw && st_expand(st_transform(s_2145.the_geom, 25833), '300'::double precision)) AND _st_dwithin(st_transform(s_2145.the_geom, 25833), schw_2145.schw, '300'::double precision))
                           ->  Function Scan on schw_2145  (cost=0.00..0.01 rows=1 width=32)
                           ->  Seq Scan on phoml_trajectory_tmp s_2145  (cost=0.00..95.68 rows=17 width=40)
                                 Filter: ((unix_time >= '1685451387.743'::double precision) AND (unix_time <= '1685451447.743'::double precision))
   ->  Subquery Scan on "*SELECT* 2147"  (cost=97.82..97.83 rows=1 width=76)
         ->  Limit  (cost=97.82..97.82 rows=1 width=84)
               ->  Sort  (cost=97.82..97.82 rows=1 width=84)
                     Sort Key: (st_distance(st_transform(s_2146.the_geom, 25833), schw_2146.schw))
                     ->  Nested Loop  (cost=0.00..97.81 rows=1 width=84)
                           Join Filter: ((st_transform(s_2146.the_geom, 25833) && st_expand(schw_2146.schw, '300'::double precision)) AND (schw_2146.schw && st_expand(st_transform(s_2146.the_geom, 25833), '300'::double precision)) AND _st_dwithin(st_transform(s_2146.the_geom, 25833), schw_2146.schw, '300'::double precision))
                           ->  Function Scan on schw_2146  (cost=0.00..0.01 rows=1 width=32)
                           ->  Seq Scan on phoml_trajectory_tmp s_2146  (cost=0.00..95.68 rows=17 width=40)
                                 Filter: ((unix_time >= '1685451388.113'::double precision) AND (unix_time <= '1685451448.113'::double precision))
   ->  Subquery Scan on "*SELECT* 2148"  (cost=97.82..97.83 rows=1 width=76)
         ->  Limit  (cost=97.82..97.82 rows=1 width=84)
               ->  Sort  (cost=97.82..97.82 rows=1 width=84)
                     Sort Key: (st_distance(st_transform(s_2147.the_geom, 25833), schw_2147.schw))
                     ->  Nested Loop  (cost=0.00..97.81 rows=1 width=84)
                           Join Filter: ((st_transform(s_2147.the_geom, 25833) && st_expand(schw_2147.schw, '300'::double precision)) AND (schw_2147.schw && st_expand(st_transform(s_2147.the_geom, 25833), '300'::double precision)) AND _st_dwithin(st_transform(s_2147.the_geom, 25833), schw_2147.schw, '300'::double precision))
                           ->  Function Scan on schw_2147  (cost=0.00..0.01 rows=1 width=32)
                           ->  Seq Scan on phoml_trajectory_tmp s_2147  (cost=0.00..95.68 rows=17 width=40)
                                 Filter: ((unix_time >= '1685451388.468'::double precision) AND (unix_time <= '1685451448.468'::double precision))
   ->  Subquery Scan on "*SELECT* 2149"  (cost=97.82..97.83 rows=1 width=76)
         ->  Limit  (cost=97.82..97.82 rows=1 width=84)
               ->  Sort  (cost=97.82..97.82 rows=1 width=84)
                     Sort Key: (st_distance(st_transform(s_2148.the_geom, 25833), schw_2148.schw))
                     ->  Nested Loop  (cost=0.00..97.81 rows=1 width=84)
                           Join Filter: ((st_transform(s_2148.the_geom, 25833) && st_expand(schw_2148.schw, '300'::double precision)) AND (schw_2148.schw && st_expand(st_transform(s_2148.the_geom, 25833), '300'::double precision)) AND _st_dwithin(st_transform(s_2148.the_geom, 25833), schw_2148.schw, '300'::double precision))
                           ->  Function Scan on schw_2148  (cost=0.00..0.01 rows=1 width=32)
                           ->  Seq Scan on phoml_trajectory_tmp s_2148  (cost=0.00..95.68 rows=17 width=40)
                                 Filter: ((unix_time >= '1685451388.818'::double precision) AND (unix_time <= '1685451448.818'::double precision))
   ->  Subquery Scan on "*SELECT* 2150"  (cost=97.82..97.83 rows=1 width=76)
         ->  Limit  (cost=97.82..97.82 rows=1 width=84)
               ->  Sort  (cost=97.82..97.82 rows=1 width=84)
                     Sort Key: (st_distance(st_transform(s_2149.the_geom, 25833), schw_2149.schw))
                     ->  Nested Loop  (cost=0.00..97.81 rows=1 width=84)
                           Join Filter: ((st_transform(s_2149.the_geom, 25833) && st_expand(schw_2149.schw, '300'::double precision)) AND (schw_2149.schw && st_expand(st_transform(s_2149.the_geom, 25833), '300'::double precision)) AND _st_dwithin(st_transform(s_2149.the_geom, 25833), schw_2149.schw, '300'::double precision))
                           ->  Function Scan on schw_2149  (cost=0.00..0.01 rows=1 width=32)
                           ->  Seq Scan on phoml_trajectory_tmp s_2149  (cost=0.00..95.68 rows=17 width=40)
                                 Filter: ((unix_time >= '1685451389.197'::double precision) AND (unix_time <= '1685451449.197'::double precision))
   ->  Subquery Scan on "*SELECT* 2151"  (cost=97.82..97.83 rows=1 width=76)
         ->  Limit  (cost=97.82..97.82 rows=1 width=84)
               ->  Sort  (cost=97.82..97.82 rows=1 width=84)
                     Sort Key: (st_distance(st_transform(s_2150.the_geom, 25833), schw_2150.schw))
                     ->  Nested Loop  (cost=0.00..97.81 rows=1 width=84)
                           Join Filter: ((st_transform(s_2150.the_geom, 25833) && st_expand(schw_2150.schw, '300'::double precision)) AND (schw_2150.schw && st_expand(st_transform(s_2150.the_geom, 25833), '300'::double precision)) AND _st_dwithin(st_transform(s_2150.the_geom, 25833), schw_2150.schw, '300'::double precision))
                           ->  Function Scan on schw_2150  (cost=0.00..0.01 rows=1 width=32)
                           ->  Seq Scan on phoml_trajectory_tmp s_2150  (cost=0.00..95.68 rows=17 width=40)
                                 Filter: ((unix_time >= '1685451389.537'::double precision) AND (unix_time <= '1685451449.537'::double precision))
   ->  Subquery Scan on "*SELECT* 2152"  (cost=97.82..97.83 rows=1 width=76)
         ->  Limit  (cost=97.82..97.82 rows=1 width=84)
               ->  Sort  (cost=97.82..97.82 rows=1 width=84)
                     Sort Key: (st_distance(st_transform(s_2151.the_geom, 25833), schw_2151.schw))
                     ->  Nested Loop  (cost=0.00..97.81 rows=1 width=84)
                           Join Filter: ((st_transform(s_2151.the_geom, 25833) && st_expand(schw_2151.schw, '300'::double precision)) AND (schw_2151.schw && st_expand(st_transform(s_2151.the_geom, 25833), '300'::double precision)) AND _st_dwithin(st_transform(s_2151.the_geom, 25833), schw_2151.schw, '300'::double precision))
                           ->  Function Scan on schw_2151  (cost=0.00..0.01 rows=1 width=32)
                           ->  Seq Scan on phoml_trajectory_tmp s_2151  (cost=0.00..95.68 rows=17 width=40)
                                 Filter: ((unix_time >= '1685451389.867'::double precision) AND (unix_time <= '1685451449.867'::double precision))
   ->  Subquery Scan on "*SELECT* 2153"  (cost=97.82..97.83 rows=1 width=76)
         ->  Limit  (cost=97.82..97.82 rows=1 width=84)
               ->  Sort  (cost=97.82..97.82 rows=1 width=84)
                     Sort Key: (st_distance(st_transform(s_2152.the_geom, 25833), schw_2152.schw))
                     ->  Nested Loop  (cost=0.00..97.81 rows=1 width=84)
                           Join Filter: ((st_transform(s_2152.the_geom, 25833) && st_expand(schw_2152.schw, '300'::double precision)) AND (schw_2152.schw && st_expand(st_transform(s_2152.the_geom, 25833), '300'::double precision)) AND _st_dwithin(st_transform(s_2152.the_geom, 25833), schw_2152.schw, '300'::double precision))
                           ->  Function Scan on schw_2152  (cost=0.00..0.01 rows=1 width=32)
                           ->  Seq Scan on phoml_trajectory_tmp s_2152  (cost=0.00..95.68 rows=17 width=40)
                                 Filter: ((unix_time >= '1685451390.231'::double precision) AND (unix_time <= '1685451450.231'::double precision))
   ->  Subquery Scan on "*SELECT* 2154"  (cost=97.82..97.83 rows=1 width=76)
         ->  Limit  (cost=97.82..97.82 rows=1 width=84)
               ->  Sort  (cost=97.82..97.82 rows=1 width=84)
                     Sort Key: (st_distance(st_transform(s_2153.the_geom, 25833), schw_2153.schw))
                     ->  Nested Loop  (cost=0.00..97.81 rows=1 width=84)
                           Join Filter: ((st_transform(s_2153.the_geom, 25833) && st_expand(schw_2153.schw, '300'::double precision)) AND (schw_2153.schw && st_expand(st_transform(s_2153.the_geom, 25833), '300'::double precision)) AND _st_dwithin(st_transform(s_2153.the_geom, 25833), schw_2153.schw, '300'::double precision))
                           ->  Function Scan on schw_2153  (cost=0.00..0.01 rows=1 width=32)
                           ->  Seq Scan on phoml_trajectory_tmp s_2153  (cost=0.00..95.68 rows=17 width=40)
                                 Filter: ((unix_time >= '1685451390.571'::double precision) AND (unix_time <= '1685451450.571'::double precision))
   ->  Subquery Scan on "*SELECT* 2155"  (cost=97.82..97.83 rows=1 width=76)
         ->  Limit  (cost=97.82..97.82 rows=1 width=84)
               ->  Sort  (cost=97.82..97.82 rows=1 width=84)
                     Sort Key: (st_distance(st_transform(s_2154.the_geom, 25833), schw_2154.schw))
                     ->  Nested Loop  (cost=0.00..97.81 rows=1 width=84)
                           Join Filter: ((st_transform(s_2154.the_geom, 25833) && st_expand(schw_2154.schw, '300'::double precision)) AND (schw_2154.schw && st_expand(st_transform(s_2154.the_geom, 25833), '300'::double precision)) AND _st_dwithin(st_transform(s_2154.the_geom, 25833), schw_2154.schw, '300'::double precision))
                           ->  Function Scan on schw_2154  (cost=0.00..0.01 rows=1 width=32)
                           ->  Seq Scan on phoml_trajectory_tmp s_2154  (cost=0.00..95.68 rows=17 width=40)
                                 Filter: ((unix_time >= '1685451390.911'::double precision) AND (unix_time <= '1685451450.911'::double precision))
   ->  Subquery Scan on "*SELECT* 2156"  (cost=97.82..97.83 rows=1 width=76)
         ->  Limit  (cost=97.82..97.82 rows=1 width=84)
               ->  Sort  (cost=97.82..97.82 rows=1 width=84)
                     Sort Key: (st_distance(st_transform(s_2155.the_geom, 25833), schw_2155.schw))
                     ->  Nested Loop  (cost=0.00..97.81 rows=1 width=84)
                           Join Filter: ((st_transform(s_2155.the_geom, 25833) && st_expand(schw_2155.schw, '300'::double precision)) AND (schw_2155.schw && st_expand(st_transform(s_2155.the_geom, 25833), '300'::double precision)) AND _st_dwithin(st_transform(s_2155.the_geom, 25833), schw_2155.schw, '300'::double precision))
                           ->  Function Scan on schw_2155  (cost=0.00..0.01 rows=1 width=32)
                           ->  Seq Scan on phoml_trajectory_tmp s_2155  (cost=0.00..95.68 rows=17 width=40)
                                 Filter: ((unix_time >= '1685451391.262'::double precision) AND (unix_time <= '1685451451.262'::double precision))
   ->  Subquery Scan on "*SELECT* 2157"  (cost=97.82..97.83 rows=1 width=76)
         ->  Limit  (cost=97.82..97.82 rows=1 width=84)
               ->  Sort  (cost=97.82..97.82 rows=1 width=84)
                     Sort Key: (st_distance(st_transform(s_2156.the_geom, 25833), schw_2156.schw))
                     ->  Nested Loop  (cost=0.00..97.81 rows=1 width=84)
                           Join Filter: ((st_transform(s_2156.the_geom, 25833) && st_expand(schw_2156.schw, '300'::double precision)) AND (schw_2156.schw && st_expand(st_transform(s_2156.the_geom, 25833), '300'::double precision)) AND _st_dwithin(st_transform(s_2156.the_geom, 25833), schw_2156.schw, '300'::double precision))
                           ->  Function Scan on schw_2156  (cost=0.00..0.01 rows=1 width=32)
                           ->  Seq Scan on phoml_trajectory_tmp s_2156  (cost=0.00..95.68 rows=17 width=40)
                                 Filter: ((unix_time >= '1685451391.602'::double precision) AND (unix_time <= '1685451451.602'::double precision))
   ->  Subquery Scan on "*SELECT* 2158"  (cost=97.82..97.83 rows=1 width=76)
         ->  Limit  (cost=97.82..97.82 rows=1 width=84)
               ->  Sort  (cost=97.82..97.82 rows=1 width=84)
                     Sort Key: (st_distance(st_transform(s_2157.the_geom, 25833), schw_2157.schw))
                     ->  Nested Loop  (cost=0.00..97.81 rows=1 width=84)
                           Join Filter: ((st_transform(s_2157.the_geom, 25833) && st_expand(schw_2157.schw, '300'::double precision)) AND (schw_2157.schw && st_expand(st_transform(s_2157.the_geom, 25833), '300'::double precision)) AND _st_dwithin(st_transform(s_2157.the_geom, 25833), schw_2157.schw, '300'::double precision))
                           ->  Function Scan on schw_2157  (cost=0.00..0.01 rows=1 width=32)
                           ->  Seq Scan on phoml_trajectory_tmp s_2157  (cost=0.00..95.68 rows=17 width=40)
                                 Filter: ((unix_time >= '1685451391.942'::double precision) AND (unix_time <= '1685451451.942'::double precision))
   ->  Subquery Scan on "*SELECT* 2159"  (cost=97.82..97.83 rows=1 width=76)
         ->  Limit  (cost=97.82..97.82 rows=1 width=84)
               ->  Sort  (cost=97.82..97.82 rows=1 width=84)
                     Sort Key: (st_distance(st_transform(s_2158.the_geom, 25833), schw_2158.schw))
                     ->  Nested Loop  (cost=0.00..97.81 rows=1 width=84)
                           Join Filter: ((st_transform(s_2158.the_geom, 25833) && st_expand(schw_2158.schw, '300'::double precision)) AND (schw_2158.schw && st_expand(st_transform(s_2158.the_geom, 25833), '300'::double precision)) AND _st_dwithin(st_transform(s_2158.the_geom, 25833), schw_2158.schw, '300'::double precision))
                           ->  Function Scan on schw_2158  (cost=0.00..0.01 rows=1 width=32)
                           ->  Seq Scan on phoml_trajectory_tmp s_2158  (cost=0.00..95.68 rows=17 width=40)
                                 Filter: ((unix_time >= '1685451392.282'::double precision) AND (unix_time <= '1685451452.282'::double precision))
   ->  Subquery Scan on "*SELECT* 2160"  (cost=97.82..97.83 rows=1 width=76)
         ->  Limit  (cost=97.82..97.82 rows=1 width=84)
               ->  Sort  (cost=97.82..97.82 rows=1 width=84)
                     Sort Key: (st_distance(st_transform(s_2159.the_geom, 25833), schw_2159.schw))
                     ->  Nested Loop  (cost=0.00..97.81 rows=1 width=84)
                           Join Filter: ((st_transform(s_2159.the_geom, 25833) && st_expand(schw_2159.schw, '300'::double precision)) AND (schw_2159.schw && st_expand(st_transform(s_2159.the_geom, 25833), '300'::double precision)) AND _st_dwithin(st_transform(s_2159.the_geom, 25833), schw_2159.schw, '300'::double precision))
                           ->  Function Scan on schw_2159  (cost=0.00..0.01 rows=1 width=32)
                           ->  Seq Scan on phoml_trajectory_tmp s_2159  (cost=0.00..95.68 rows=17 width=40)
                                 Filter: ((unix_time >= '1685451392.632'::double precision) AND (unix_time <= '1685451452.632'::double precision))
   ->  Subquery Scan on "*SELECT* 2161"  (cost=97.82..97.83 rows=1 width=76)
         ->  Limit  (cost=97.82..97.82 rows=1 width=84)
               ->  Sort  (cost=97.82..97.82 rows=1 width=84)
                     Sort Key: (st_distance(st_transform(s_2160.the_geom, 25833), schw_2160.schw))
                     ->  Nested Loop  (cost=0.00..97.81 rows=1 width=84)
                           Join Filter: ((st_transform(s_2160.the_geom, 25833) && st_expand(schw_2160.schw, '300'::double precision)) AND (schw_2160.schw && st_expand(st_transform(s_2160.the_geom, 25833), '300'::double precision)) AND _st_dwithin(st_transform(s_2160.the_geom, 25833), schw_2160.schw, '300'::double precision))
                           ->  Function Scan on schw_2160  (cost=0.00..0.01 rows=1 width=32)
                           ->  Seq Scan on phoml_trajectory_tmp s_2160  (cost=0.00..95.68 rows=17 width=40)
                                 Filter: ((unix_time >= '1685451392.972'::double precision) AND (unix_time <= '1685451452.972'::double precision))
   ->  Subquery Scan on "*SELECT* 2162"  (cost=97.82..97.83 rows=1 width=76)
         ->  Limit  (cost=97.82..97.82 rows=1 width=84)
               ->  Sort  (cost=97.82..97.82 rows=1 width=84)
                     Sort Key: (st_distance(st_transform(s_2161.the_geom, 25833), schw_2161.schw))
                     ->  Nested Loop  (cost=0.00..97.81 rows=1 width=84)
                           Join Filter: ((st_transform(s_2161.the_geom, 25833) && st_expand(schw_2161.schw, '300'::double precision)) AND (schw_2161.schw && st_expand(st_transform(s_2161.the_geom, 25833), '300'::double precision)) AND _st_dwithin(st_transform(s_2161.the_geom, 25833), schw_2161.schw, '300'::double precision))
                           ->  Function Scan on schw_2161  (cost=0.00..0.01 rows=1 width=32)
                           ->  Seq Scan on phoml_trajectory_tmp s_2161  (cost=0.00..95.68 rows=17 width=40)
                                 Filter: ((unix_time >= '1685451393.33'::double precision) AND (unix_time <= '1685451453.33'::double precision))
   ->  Subquery Scan on "*SELECT* 2163"  (cost=97.82..97.83 rows=1 width=76)
         ->  Limit  (cost=97.82..97.82 rows=1 width=84)
               ->  Sort  (cost=97.82..97.82 rows=1 width=84)
                     Sort Key: (st_distance(st_transform(s_2162.the_geom, 25833), schw_2162.schw))
                     ->  Nested Loop  (cost=0.00..97.81 rows=1 width=84)
                           Join Filter: ((st_transform(s_2162.the_geom, 25833) && st_expand(schw_2162.schw, '300'::double precision)) AND (schw_2162.schw && st_expand(st_transform(s_2162.the_geom, 25833), '300'::double precision)) AND _st_dwithin(st_transform(s_2162.the_geom, 25833), schw_2162.schw, '300'::double precision))
                           ->  Function Scan on schw_2162  (cost=0.00..0.01 rows=1 width=32)
                           ->  Seq Scan on phoml_trajectory_tmp s_2162  (cost=0.00..95.68 rows=17 width=40)
                                 Filter: ((unix_time >= '1685451393.68'::double precision) AND (unix_time <= '1685451453.68'::double precision))
   ->  Subquery Scan on "*SELECT* 2164"  (cost=97.82..97.83 rows=1 width=76)
         ->  Limit  (cost=97.82..97.82 rows=1 width=84)
               ->  Sort  (cost=97.82..97.82 rows=1 width=84)
                     Sort Key: (st_distance(st_transform(s_2163.the_geom, 25833), schw_2163.schw))
                     ->  Nested Loop  (cost=0.00..97.81 rows=1 width=84)
                           Join Filter: ((st_transform(s_2163.the_geom, 25833) && st_expand(schw_2163.schw, '300'::double precision)) AND (schw_2163.schw && st_expand(st_transform(s_2163.the_geom, 25833), '300'::double precision)) AND _st_dwithin(st_transform(s_2163.the_geom, 25833), schw_2163.schw, '300'::double precision))
                           ->  Function Scan on schw_2163  (cost=0.00..0.01 rows=1 width=32)
                           ->  Seq Scan on phoml_trajectory_tmp s_2163  (cost=0.00..95.68 rows=17 width=40)
                                 Filter: ((unix_time >= '1685451394.03'::double precision) AND (unix_time <= '1685451454.03'::double precision))
   ->  Subquery Scan on "*SELECT* 2165"  (cost=97.82..97.83 rows=1 width=76)
         ->  Limit  (cost=97.82..97.82 rows=1 width=84)
               ->  Sort  (cost=97.82..97.82 rows=1 width=84)
                     Sort Key: (st_distance(st_transform(s_2164.the_geom, 25833), schw_2164.schw))
                     ->  Nested Loop  (cost=0.00..97.81 rows=1 width=84)
                           Join Filter: ((st_transform(s_2164.the_geom, 25833) && st_expand(schw_2164.schw, '300'::double precision)) AND (schw_2164.schw && st_expand(st_transform(s_2164.the_geom, 25833), '300'::double precision)) AND _st_dwithin(st_transform(s_2164.the_geom, 25833), schw_2164.schw, '300'::double precision))
                           ->  Function Scan on schw_2164  (cost=0.00..0.01 rows=1 width=32)
                           ->  Seq Scan on phoml_trajectory_tmp s_2164  (cost=0.00..95.68 rows=17 width=40)
                                 Filter: ((unix_time >= '1685451394.372'::double precision) AND (unix_time <= '1685451454.372'::double precision))
   ->  Subquery Scan on "*SELECT* 2166"  (cost=97.82..97.83 rows=1 width=76)
         ->  Limit  (cost=97.82..97.82 rows=1 width=84)
               ->  Sort  (cost=97.82..97.82 rows=1 width=84)
                     Sort Key: (st_distance(st_transform(s_2165.the_geom, 25833), schw_2165.schw))
                     ->  Nested Loop  (cost=0.00..97.81 rows=1 width=84)
                           Join Filter: ((st_transform(s_2165.the_geom, 25833) && st_expand(schw_2165.schw, '300'::double precision)) AND (schw_2165.schw && st_expand(st_transform(s_2165.the_geom, 25833), '300'::double precision)) AND _st_dwithin(st_transform(s_2165.the_geom, 25833), schw_2165.schw, '300'::double precision))
                           ->  Function Scan on schw_2165  (cost=0.00..0.01 rows=1 width=32)
                           ->  Seq Scan on phoml_trajectory_tmp s_2165  (cost=0.00..95.68 rows=17 width=40)
                                 Filter: ((unix_time >= '1685451394.712'::double precision) AND (unix_time <= '1685451454.712'::double precision))
   ->  Subquery Scan on "*SELECT* 2167"  (cost=97.82..97.83 rows=1 width=76)
         ->  Limit  (cost=97.82..97.82 rows=1 width=84)
               ->  Sort  (cost=97.82..97.82 rows=1 width=84)
                     Sort Key: (st_distance(st_transform(s_2166.the_geom, 25833), schw_2166.schw))
                     ->  Nested Loop  (cost=0.00..97.81 rows=1 width=84)
                           Join Filter: ((st_transform(s_2166.the_geom, 25833) && st_expand(schw_2166.schw, '300'::double precision)) AND (schw_2166.schw && st_expand(st_transform(s_2166.the_geom, 25833), '300'::double precision)) AND _st_dwithin(st_transform(s_2166.the_geom, 25833), schw_2166.schw, '300'::double precision))
                           ->  Function Scan on schw_2166  (cost=0.00..0.01 rows=1 width=32)
                           ->  Seq Scan on phoml_trajectory_tmp s_2166  (cost=0.00..95.68 rows=17 width=40)
                                 Filter: ((unix_time >= '1685451395.062'::double precision) AND (unix_time <= '1685451455.062'::double precision))
   ->  Subquery Scan on "*SELECT* 2168"  (cost=97.82..97.83 rows=1 width=76)
         ->  Limit  (cost=97.82..97.82 rows=1 width=84)
               ->  Sort  (cost=97.82..97.82 rows=1 width=84)
                     Sort Key: (st_distance(st_transform(s_2167.the_geom, 25833), schw_2167.schw))
                     ->  Nested Loop  (cost=0.00..97.81 rows=1 width=84)
                           Join Filter: ((st_transform(s_2167.the_geom, 25833) && st_expand(schw_2167.schw, '300'::double precision)) AND (schw_2167.schw && st_expand(st_transform(s_2167.the_geom, 25833), '300'::double precision)) AND _st_dwithin(st_transform(s_2167.the_geom, 25833), schw_2167.schw, '300'::double precision))
                           ->  Function Scan on schw_2167  (cost=0.00..0.01 rows=1 width=32)
                           ->  Seq Scan on phoml_trajectory_tmp s_2167  (cost=0.00..95.68 rows=17 width=40)
                                 Filter: ((unix_time >= '1685451395.403'::double precision) AND (unix_time <= '1685451455.403'::double precision))
   ->  Subquery Scan on "*SELECT* 2169"  (cost=97.82..97.83 rows=1 width=76)
         ->  Limit  (cost=97.82..97.82 rows=1 width=84)
               ->  Sort  (cost=97.82..97.82 rows=1 width=84)
                     Sort Key: (st_distance(st_transform(s_2168.the_geom, 25833), schw_2168.schw))
                     ->  Nested Loop  (cost=0.00..97.81 rows=1 width=84)
                           Join Filter: ((st_transform(s_2168.the_geom, 25833) && st_expand(schw_2168.schw, '300'::double precision)) AND (schw_2168.schw && st_expand(st_transform(s_2168.the_geom, 25833), '300'::double precision)) AND _st_dwithin(st_transform(s_2168.the_geom, 25833), schw_2168.schw, '300'::double precision))
                           ->  Function Scan on schw_2168  (cost=0.00..0.01 rows=1 width=32)
                           ->  Seq Scan on phoml_trajectory_tmp s_2168  (cost=0.00..95.68 rows=17 width=40)
                                 Filter: ((unix_time >= '1685451395.743'::double precision) AND (unix_time <= '1685451455.743'::double precision))
   ->  Subquery Scan on "*SELECT* 2170"  (cost=97.82..97.83 rows=1 width=76)
         ->  Limit  (cost=97.82..97.82 rows=1 width=84)
               ->  Sort  (cost=97.82..97.82 rows=1 width=84)
                     Sort Key: (st_distance(st_transform(s_2169.the_geom, 25833), schw_2169.schw))
                     ->  Nested Loop  (cost=0.00..97.81 rows=1 width=84)
                           Join Filter: ((st_transform(s_2169.the_geom, 25833) && st_expand(schw_2169.schw, '300'::double precision)) AND (schw_2169.schw && st_expand(st_transform(s_2169.the_geom, 25833), '300'::double precision)) AND _st_dwithin(st_transform(s_2169.the_geom, 25833), schw_2169.schw, '300'::double precision))
                           ->  Function Scan on schw_2169  (cost=0.00..0.01 rows=1 width=32)
                           ->  Seq Scan on phoml_trajectory_tmp s_2169  (cost=0.00..95.68 rows=17 width=40)
                                 Filter: ((unix_time >= '1685451396.083'::double precision) AND (unix_time <= '1685451456.083'::double precision))
   ->  Subquery Scan on "*SELECT* 2171"  (cost=97.82..97.83 rows=1 width=76)
         ->  Limit  (cost=97.82..97.82 rows=1 width=84)
               ->  Sort  (cost=97.82..97.82 rows=1 width=84)
                     Sort Key: (st_distance(st_transform(s_2170.the_geom, 25833), schw_2170.schw))
                     ->  Nested Loop  (cost=0.00..97.81 rows=1 width=84)
                           Join Filter: ((st_transform(s_2170.the_geom, 25833) && st_expand(schw_2170.schw, '300'::double precision)) AND (schw_2170.schw && st_expand(st_transform(s_2170.the_geom, 25833), '300'::double precision)) AND _st_dwithin(st_transform(s_2170.the_geom, 25833), schw_2170.schw, '300'::double precision))
                           ->  Function Scan on schw_2170  (cost=0.00..0.01 rows=1 width=32)
                           ->  Seq Scan on phoml_trajectory_tmp s_2170  (cost=0.00..95.68 rows=17 width=40)
                                 Filter: ((unix_time >= '1685451396.431'::double precision) AND (unix_time <= '1685451456.431'::double precision))
   ->  Subquery Scan on "*SELECT* 2172"  (cost=97.82..97.83 rows=1 width=76)
         ->  Limit  (cost=97.82..97.82 rows=1 width=84)
               ->  Sort  (cost=97.82..97.82 rows=1 width=84)
                     Sort Key: (st_distance(st_transform(s_2171.the_geom, 25833), schw_2171.schw))
                     ->  Nested Loop  (cost=0.00..97.81 rows=1 width=84)
                           Join Filter: ((st_transform(s_2171.the_geom, 25833) && st_expand(schw_2171.schw, '300'::double precision)) AND (schw_2171.schw && st_expand(st_transform(s_2171.the_geom, 25833), '300'::double precision)) AND _st_dwithin(st_transform(s_2171.the_geom, 25833), schw_2171.schw, '300'::double precision))
                           ->  Function Scan on schw_2171  (cost=0.00..0.01 rows=1 width=32)
                           ->  Seq Scan on phoml_trajectory_tmp s_2171  (cost=0.00..95.68 rows=17 width=40)
                                 Filter: ((unix_time >= '1685451396.761'::double precision) AND (unix_time <= '1685451456.761'::double precision))
   ->  Subquery Scan on "*SELECT* 2173"  (cost=97.82..97.83 rows=1 width=76)
         ->  Limit  (cost=97.82..97.82 rows=1 width=84)
               ->  Sort  (cost=97.82..97.82 rows=1 width=84)
                     Sort Key: (st_distance(st_transform(s_2172.the_geom, 25833), schw_2172.schw))
                     ->  Nested Loop  (cost=0.00..97.81 rows=1 width=84)
                           Join Filter: ((st_transform(s_2172.the_geom, 25833) && st_expand(schw_2172.schw, '300'::double precision)) AND (schw_2172.schw && st_expand(st_transform(s_2172.the_geom, 25833), '300'::double precision)) AND _st_dwithin(st_transform(s_2172.the_geom, 25833), schw_2172.schw, '300'::double precision))
                           ->  Function Scan on schw_2172  (cost=0.00..0.01 rows=1 width=32)
                           ->  Seq Scan on phoml_trajectory_tmp s_2172  (cost=0.00..95.68 rows=17 width=40)
                                 Filter: ((unix_time >= '1685451397.101'::double precision) AND (unix_time <= '1685451457.101'::double precision))
   ->  Subquery Scan on "*SELECT* 2174"  (cost=97.82..97.83 rows=1 width=76)
         ->  Limit  (cost=97.82..97.82 rows=1 width=84)
               ->  Sort  (cost=97.82..97.82 rows=1 width=84)
                     Sort Key: (st_distance(st_transform(s_2173.the_geom, 25833), schw_2173.schw))
                     ->  Nested Loop  (cost=0.00..97.81 rows=1 width=84)
                           Join Filter: ((st_transform(s_2173.the_geom, 25833) && st_expand(schw_2173.schw, '300'::double precision)) AND (schw_2173.schw && st_expand(st_transform(s_2173.the_geom, 25833), '300'::double precision)) AND _st_dwithin(st_transform(s_2173.the_geom, 25833), schw_2173.schw, '300'::double precision))
                           ->  Function Scan on schw_2173  (cost=0.00..0.01 rows=1 width=32)
                           ->  Seq Scan on phoml_trajectory_tmp s_2173  (cost=0.00..95.68 rows=17 width=40)
                                 Filter: ((unix_time >= '1685451397.44'::double precision) AND (unix_time <= '1685451457.44'::double precision))
   ->  Subquery Scan on "*SELECT* 2175"  (cost=97.82..97.83 rows=1 width=76)
         ->  Limit  (cost=97.82..97.82 rows=1 width=84)
               ->  Sort  (cost=97.82..97.82 rows=1 width=84)
                     Sort Key: (st_distance(st_transform(s_2174.the_geom, 25833), schw_2174.schw))
                     ->  Nested Loop  (cost=0.00..97.81 rows=1 width=84)
                           Join Filter: ((st_transform(s_2174.the_geom, 25833) && st_expand(schw_2174.schw, '300'::double precision)) AND (schw_2174.schw && st_expand(st_transform(s_2174.the_geom, 25833), '300'::double precision)) AND _st_dwithin(st_transform(s_2174.the_geom, 25833), schw_2174.schw, '300'::double precision))
                           ->  Function Scan on schw_2174  (cost=0.00..0.01 rows=1 width=32)
                           ->  Seq Scan on phoml_trajectory_tmp s_2174  (cost=0.00..95.68 rows=17 width=40)
                                 Filter: ((unix_time >= '1685451397.77'::double precision) AND (unix_time <= '1685451457.77'::double precision))
   ->  Subquery Scan on "*SELECT* 2176"  (cost=97.82..97.83 rows=1 width=76)
         ->  Limit  (cost=97.82..97.82 rows=1 width=84)
               ->  Sort  (cost=97.82..97.82 rows=1 width=84)
                     Sort Key: (st_distance(st_transform(s_2175.the_geom, 25833), schw_2175.schw))
                     ->  Nested Loop  (cost=0.00..97.81 rows=1 width=84)
                           Join Filter: ((st_transform(s_2175.the_geom, 25833) && st_expand(schw_2175.schw, '300'::double precision)) AND (schw_2175.schw && st_expand(st_transform(s_2175.the_geom, 25833), '300'::double precision)) AND _st_dwithin(st_transform(s_2175.the_geom, 25833), schw_2175.schw, '300'::double precision))
                           ->  Function Scan on schw_2175  (cost=0.00..0.01 rows=1 width=32)
                           ->  Seq Scan on phoml_trajectory_tmp s_2175  (cost=0.00..95.68 rows=17 width=40)
                                 Filter: ((unix_time >= '1685451398.11'::double precision) AND (unix_time <= '1685451458.11'::double precision))
   ->  Subquery Scan on "*SELECT* 2177"  (cost=97.82..97.83 rows=1 width=76)
         ->  Limit  (cost=97.82..97.82 rows=1 width=84)
               ->  Sort  (cost=97.82..97.82 rows=1 width=84)
                     Sort Key: (st_distance(st_transform(s_2176.the_geom, 25833), schw_2176.schw))
                     ->  Nested Loop  (cost=0.00..97.81 rows=1 width=84)
                           Join Filter: ((st_transform(s_2176.the_geom, 25833) && st_expand(schw_2176.schw, '300'::double precision)) AND (schw_2176.schw && st_expand(st_transform(s_2176.the_geom, 25833), '300'::double precision)) AND _st_dwithin(st_transform(s_2176.the_geom, 25833), schw_2176.schw, '300'::double precision))
                           ->  Function Scan on schw_2176  (cost=0.00..0.01 rows=1 width=32)
                           ->  Seq Scan on phoml_trajectory_tmp s_2176  (cost=0.00..95.68 rows=17 width=40)
                                 Filter: ((unix_time >= '1685451398.449'::double precision) AND (unix_time <= '1685451458.449'::double precision))
   ->  Subquery Scan on "*SELECT* 2178"  (cost=97.82..97.83 rows=1 width=76)
         ->  Limit  (cost=97.82..97.82 rows=1 width=84)
               ->  Sort  (cost=97.82..97.82 rows=1 width=84)
                     Sort Key: (st_distance(st_transform(s_2177.the_geom, 25833), schw_2177.schw))
                     ->  Nested Loop  (cost=0.00..97.81 rows=1 width=84)
                           Join Filter: ((st_transform(s_2177.the_geom, 25833) && st_expand(schw_2177.schw, '300'::double precision)) AND (schw_2177.schw && st_expand(st_transform(s_2177.the_geom, 25833), '300'::double precision)) AND _st_dwithin(st_transform(s_2177.the_geom, 25833), schw_2177.schw, '300'::double precision))
                           ->  Function Scan on schw_2177  (cost=0.00..0.01 rows=1 width=32)
                           ->  Seq Scan on phoml_trajectory_tmp s_2177  (cost=0.00..95.68 rows=17 width=40)
                                 Filter: ((unix_time >= '1685451398.779'::double precision) AND (unix_time <= '1685451458.779'::double precision))
   ->  Subquery Scan on "*SELECT* 2179"  (cost=97.82..97.83 rows=1 width=76)
         ->  Limit  (cost=97.82..97.82 rows=1 width=84)
               ->  Sort  (cost=97.82..97.82 rows=1 width=84)
                     Sort Key: (st_distance(st_transform(s_2178.the_geom, 25833), schw_2178.schw))
                     ->  Nested Loop  (cost=0.00..97.81 rows=1 width=84)
                           Join Filter: ((st_transform(s_2178.the_geom, 25833) && st_expand(schw_2178.schw, '300'::double precision)) AND (schw_2178.schw && st_expand(st_transform(s_2178.the_geom, 25833), '300'::double precision)) AND _st_dwithin(st_transform(s_2178.the_geom, 25833), schw_2178.schw, '300'::double precision))
                           ->  Function Scan on schw_2178  (cost=0.00..0.01 rows=1 width=32)
                           ->  Seq Scan on phoml_trajectory_tmp s_2178  (cost=0.00..95.68 rows=17 width=40)
                                 Filter: ((unix_time >= '1685451399.119'::double precision) AND (unix_time <= '1685451459.119'::double precision))
   ->  Subquery Scan on "*SELECT* 2180"  (cost=97.82..97.83 rows=1 width=76)
         ->  Limit  (cost=97.82..97.82 rows=1 width=84)
               ->  Sort  (cost=97.82..97.82 rows=1 width=84)
                     Sort Key: (st_distance(st_transform(s_2179.the_geom, 25833), schw_2179.schw))
                     ->  Nested Loop  (cost=0.00..97.81 rows=1 width=84)
                           Join Filter: ((st_transform(s_2179.the_geom, 25833) && st_expand(schw_2179.schw, '300'::double precision)) AND (schw_2179.schw && st_expand(st_transform(s_2179.the_geom, 25833), '300'::double precision)) AND _st_dwithin(st_transform(s_2179.the_geom, 25833), schw_2179.schw, '300'::double precision))
                           ->  Function Scan on schw_2179  (cost=0.00..0.01 rows=1 width=32)
                           ->  Seq Scan on phoml_trajectory_tmp s_2179  (cost=0.00..95.68 rows=17 width=40)
                                 Filter: ((unix_time >= '1685451399.445'::double precision) AND (unix_time <= '1685451459.445'::double precision))
   ->  Subquery Scan on "*SELECT* 2181"  (cost=97.82..97.83 rows=1 width=76)
         ->  Limit  (cost=97.82..97.82 rows=1 width=84)
               ->  Sort  (cost=97.82..97.82 rows=1 width=84)
                     Sort Key: (st_distance(st_transform(s_2180.the_geom, 25833), schw_2180.schw))
                     ->  Nested Loop  (cost=0.00..97.81 rows=1 width=84)
                           Join Filter: ((st_transform(s_2180.the_geom, 25833) && st_expand(schw_2180.schw, '300'::double precision)) AND (schw_2180.schw && st_expand(st_transform(s_2180.the_geom, 25833), '300'::double precision)) AND _st_dwithin(st_transform(s_2180.the_geom, 25833), schw_2180.schw, '300'::double precision))
                           ->  Function Scan on schw_2180  (cost=0.00..0.01 rows=1 width=32)
                           ->  Seq Scan on phoml_trajectory_tmp s_2180  (cost=0.00..95.68 rows=17 width=40)
                                 Filter: ((unix_time >= '1685451399.785'::double precision) AND (unix_time <= '1685451459.785'::double precision))
   ->  Subquery Scan on "*SELECT* 2182"  (cost=97.82..97.83 rows=1 width=76)
         ->  Limit  (cost=97.82..97.82 rows=1 width=84)
               ->  Sort  (cost=97.82..97.82 rows=1 width=84)
                     Sort Key: (st_distance(st_transform(s_2181.the_geom, 25833), schw_2181.schw))
                     ->  Nested Loop  (cost=0.00..97.81 rows=1 width=84)
                           Join Filter: ((st_transform(s_2181.the_geom, 25833) && st_expand(schw_2181.schw, '300'::double precision)) AND (schw_2181.schw && st_expand(st_transform(s_2181.the_geom, 25833), '300'::double precision)) AND _st_dwithin(st_transform(s_2181.the_geom, 25833), schw_2181.schw, '300'::double precision))
                           ->  Function Scan on schw_2181  (cost=0.00..0.01 rows=1 width=32)
                           ->  Seq Scan on phoml_trajectory_tmp s_2181  (cost=0.00..95.68 rows=17 width=40)
                                 Filter: ((unix_time >= '1685451400.125'::double precision) AND (unix_time <= '1685451460.125'::double precision))
   ->  Subquery Scan on "*SELECT* 2183"  (cost=97.82..97.83 rows=1 width=76)
         ->  Limit  (cost=97.82..97.82 rows=1 width=84)
               ->  Sort  (cost=97.82..97.82 rows=1 width=84)
                     Sort Key: (st_distance(st_transform(s_2182.the_geom, 25833), schw_2182.schw))
                     ->  Nested Loop  (cost=0.00..97.81 rows=1 width=84)
                           Join Filter: ((st_transform(s_2182.the_geom, 25833) && st_expand(schw_2182.schw, '300'::double precision)) AND (schw_2182.schw && st_expand(st_transform(s_2182.the_geom, 25833), '300'::double precision)) AND _st_dwithin(st_transform(s_2182.the_geom, 25833), schw_2182.schw, '300'::double precision))
                           ->  Function Scan on schw_2182  (cost=0.00..0.01 rows=1 width=32)
                           ->  Seq Scan on phoml_trajectory_tmp s_2182  (cost=0.00..95.68 rows=17 width=40)
                                 Filter: ((unix_time >= '1685451400.461'::double precision) AND (unix_time <= '1685451460.461'::double precision))
   ->  Subquery Scan on "*SELECT* 2184"  (cost=97.82..97.83 rows=1 width=76)
         ->  Limit  (cost=97.82..97.82 rows=1 width=84)
               ->  Sort  (cost=97.82..97.82 rows=1 width=84)
                     Sort Key: (st_distance(st_transform(s_2183.the_geom, 25833), schw_2183.schw))
                     ->  Nested Loop  (cost=0.00..97.81 rows=1 width=84)
                           Join Filter: ((st_transform(s_2183.the_geom, 25833) && st_expand(schw_2183.schw, '300'::double precision)) AND (schw_2183.schw && st_expand(st_transform(s_2183.the_geom, 25833), '300'::double precision)) AND _st_dwithin(st_transform(s_2183.the_geom, 25833), schw_2183.schw, '300'::double precision))
                           ->  Function Scan on schw_2183  (cost=0.00..0.01 rows=1 width=32)
                           ->  Seq Scan on phoml_trajectory_tmp s_2183  (cost=0.00..95.68 rows=17 width=40)
                                 Filter: ((unix_time >= '1685451400.791'::double precision) AND (unix_time <= '1685451460.791'::double precision))
   ->  Subquery Scan on "*SELECT* 2185"  (cost=97.82..97.83 rows=1 width=76)
         ->  Limit  (cost=97.82..97.82 rows=1 width=84)
               ->  Sort  (cost=97.82..97.82 rows=1 width=84)
                     Sort Key: (st_distance(st_transform(s_2184.the_geom, 25833), schw_2184.schw))
                     ->  Nested Loop  (cost=0.00..97.81 rows=1 width=84)
                           Join Filter: ((st_transform(s_2184.the_geom, 25833) && st_expand(schw_2184.schw, '300'::double precision)) AND (schw_2184.schw && st_expand(st_transform(s_2184.the_geom, 25833), '300'::double precision)) AND _st_dwithin(st_transform(s_2184.the_geom, 25833), schw_2184.schw, '300'::double precision))
                           ->  Function Scan on schw_2184  (cost=0.00..0.01 rows=1 width=32)
                           ->  Seq Scan on phoml_trajectory_tmp s_2184  (cost=0.00..95.68 rows=17 width=40)
                                 Filter: ((unix_time >= '1685451401.131'::double precision) AND (unix_time <= '1685451461.131'::double precision))
   ->  Subquery Scan on "*SELECT* 2186"  (cost=97.82..97.83 rows=1 width=76)
         ->  Limit  (cost=97.82..97.82 rows=1 width=84)
               ->  Sort  (cost=97.82..97.82 rows=1 width=84)
                     Sort Key: (st_distance(st_transform(s_2185.the_geom, 25833), schw_2185.schw))
                     ->  Nested Loop  (cost=0.00..97.81 rows=1 width=84)
                           Join Filter: ((st_transform(s_2185.the_geom, 25833) && st_expand(schw_2185.schw, '300'::double precision)) AND (schw_2185.schw && st_expand(st_transform(s_2185.the_geom, 25833), '300'::double precision)) AND _st_dwithin(st_transform(s_2185.the_geom, 25833), schw_2185.schw, '300'::double precision))
                           ->  Function Scan on schw_2185  (cost=0.00..0.01 rows=1 width=32)
                           ->  Seq Scan on phoml_trajectory_tmp s_2185  (cost=0.00..95.68 rows=17 width=40)
                                 Filter: ((unix_time >= '1685451401.457'::double precision) AND (unix_time <= '1685451461.457'::double precision))
   ->  Subquery Scan on "*SELECT* 2187"  (cost=97.82..97.83 rows=1 width=76)
         ->  Limit  (cost=97.82..97.82 rows=1 width=84)
               ->  Sort  (cost=97.82..97.82 rows=1 width=84)
                     Sort Key: (st_distance(st_transform(s_2186.the_geom, 25833), schw_2186.schw))
                     ->  Nested Loop  (cost=0.00..97.81 rows=1 width=84)
                           Join Filter: ((st_transform(s_2186.the_geom, 25833) && st_expand(schw_2186.schw, '300'::double precision)) AND (schw_2186.schw && st_expand(st_transform(s_2186.the_geom, 25833), '300'::double precision)) AND _st_dwithin(st_transform(s_2186.the_geom, 25833), schw_2186.schw, '300'::double precision))
                           ->  Function Scan on schw_2186  (cost=0.00..0.01 rows=1 width=32)
                           ->  Seq Scan on phoml_trajectory_tmp s_2186  (cost=0.00..95.68 rows=17 width=40)
                                 Filter: ((unix_time >= '1685451401.797'::double precision) AND (unix_time <= '1685451461.797'::double precision))
   ->  Subquery Scan on "*SELECT* 2188"  (cost=97.82..97.83 rows=1 width=76)
         ->  Limit  (cost=97.82..97.82 rows=1 width=84)
               ->  Sort  (cost=97.82..97.82 rows=1 width=84)
                     Sort Key: (st_distance(st_transform(s_2187.the_geom, 25833), schw_2187.schw))
                     ->  Nested Loop  (cost=0.00..97.81 rows=1 width=84)
                           Join Filter: ((st_transform(s_2187.the_geom, 25833) && st_expand(schw_2187.schw, '300'::double precision)) AND (schw_2187.schw && st_expand(st_transform(s_2187.the_geom, 25833), '300'::double precision)) AND _st_dwithin(st_transform(s_2187.the_geom, 25833), schw_2187.schw, '300'::double precision))
                           ->  Function Scan on schw_2187  (cost=0.00..0.01 rows=1 width=32)
                           ->  Seq Scan on phoml_trajectory_tmp s_2187  (cost=0.00..95.68 rows=17 width=40)
                                 Filter: ((unix_time >= '1685451402.142'::double precision) AND (unix_time <= '1685451462.142'::double precision))
   ->  Subquery Scan on "*SELECT* 2189"  (cost=97.82..97.83 rows=1 width=76)
         ->  Limit  (cost=97.82..97.82 rows=1 width=84)
               ->  Sort  (cost=97.82..97.82 rows=1 width=84)
                     Sort Key: (st_distance(st_transform(s_2188.the_geom, 25833), schw_2188.schw))
                     ->  Nested Loop  (cost=0.00..97.81 rows=1 width=84)
                           Join Filter: ((st_transform(s_2188.the_geom, 25833) && st_expand(schw_2188.schw, '300'::double precision)) AND (schw_2188.schw && st_expand(st_transform(s_2188.the_geom, 25833), '300'::double precision)) AND _st_dwithin(st_transform(s_2188.the_geom, 25833), schw_2188.schw, '300'::double precision))
                           ->  Function Scan on schw_2188  (cost=0.00..0.01 rows=1 width=32)
                           ->  Seq Scan on phoml_trajectory_tmp s_2188  (cost=0.00..95.68 rows=17 width=40)
                                 Filter: ((unix_time >= '1685451402.461'::double precision) AND (unix_time <= '1685451462.461'::double precision))
   ->  Subquery Scan on "*SELECT* 2190"  (cost=97.82..97.83 rows=1 width=76)
         ->  Limit  (cost=97.82..97.82 rows=1 width=84)
               ->  Sort  (cost=97.82..97.82 rows=1 width=84)
                     Sort Key: (st_distance(st_transform(s_2189.the_geom, 25833), schw_2189.schw))
                     ->  Nested Loop  (cost=0.00..97.81 rows=1 width=84)
                           Join Filter: ((st_transform(s_2189.the_geom, 25833) && st_expand(schw_2189.schw, '300'::double precision)) AND (schw_2189.schw && st_expand(st_transform(s_2189.the_geom, 25833), '300'::double precision)) AND _st_dwithin(st_transform(s_2189.the_geom, 25833), schw_2189.schw, '300'::double precision))
                           ->  Function Scan on schw_2189  (cost=0.00..0.01 rows=1 width=32)
                           ->  Seq Scan on phoml_trajectory_tmp s_2189  (cost=0.00..95.68 rows=17 width=40)
                                 Filter: ((unix_time >= '1685451402.811'::double precision) AND (unix_time <= '1685451462.811'::double precision))
   ->  Subquery Scan on "*SELECT* 2191"  (cost=97.82..97.83 rows=1 width=76)
         ->  Limit  (cost=97.82..97.82 rows=1 width=84)
               ->  Sort  (cost=97.82..97.82 rows=1 width=84)
                     Sort Key: (st_distance(st_transform(s_2190.the_geom, 25833), schw_2190.schw))
                     ->  Nested Loop  (cost=0.00..97.81 rows=1 width=84)
                           Join Filter: ((st_transform(s_2190.the_geom, 25833) && st_expand(schw_2190.schw, '300'::double precision)) AND (schw_2190.schw && st_expand(st_transform(s_2190.the_geom, 25833), '300'::double precision)) AND _st_dwithin(st_transform(s_2190.the_geom, 25833), schw_2190.schw, '300'::double precision))
                           ->  Function Scan on schw_2190  (cost=0.00..0.01 rows=1 width=32)
                           ->  Seq Scan on phoml_trajectory_tmp s_2190  (cost=0.00..95.68 rows=17 width=40)
                                 Filter: ((unix_time >= '1685451403.146'::double precision) AND (unix_time <= '1685451463.146'::double precision))
   ->  Subquery Scan on "*SELECT* 2192"  (cost=97.82..97.83 rows=1 width=76)
         ->  Limit  (cost=97.82..97.82 rows=1 width=84)
               ->  Sort  (cost=97.82..97.82 rows=1 width=84)
                     Sort Key: (st_distance(st_transform(s_2191.the_geom, 25833), schw_2191.schw))
                     ->  Nested Loop  (cost=0.00..97.81 rows=1 width=84)
                           Join Filter: ((st_transform(s_2191.the_geom, 25833) && st_expand(schw_2191.schw, '300'::double precision)) AND (schw_2191.schw && st_expand(st_transform(s_2191.the_geom, 25833), '300'::double precision)) AND _st_dwithin(st_transform(s_2191.the_geom, 25833), schw_2191.schw, '300'::double precision))
                           ->  Function Scan on schw_2191  (cost=0.00..0.01 rows=1 width=32)
                           ->  Seq Scan on phoml_trajectory_tmp s_2191  (cost=0.00..95.68 rows=17 width=40)
                                 Filter: ((unix_time >= '1685451403.484'::double precision) AND (unix_time <= '1685451463.484'::double precision))
   ->  Subquery Scan on "*SELECT* 2193"  (cost=97.82..97.83 rows=1 width=76)
         ->  Limit  (cost=97.82..97.82 rows=1 width=84)
               ->  Sort  (cost=97.82..97.82 rows=1 width=84)
                     Sort Key: (st_distance(st_transform(s_2192.the_geom, 25833), schw_2192.schw))
                     ->  Nested Loop  (cost=0.00..97.81 rows=1 width=84)
                           Join Filter: ((st_transform(s_2192.the_geom, 25833) && st_expand(schw_2192.schw, '300'::double precision)) AND (schw_2192.schw && st_expand(st_transform(s_2192.the_geom, 25833), '300'::double precision)) AND _st_dwithin(st_transform(s_2192.the_geom, 25833), schw_2192.schw, '300'::double precision))
                           ->  Function Scan on schw_2192  (cost=0.00..0.01 rows=1 width=32)
                           ->  Seq Scan on phoml_trajectory_tmp s_2192  (cost=0.00..95.68 rows=17 width=40)
                                 Filter: ((unix_time >= '1685451403.814'::double precision) AND (unix_time <= '1685451463.814'::double precision))
   ->  Subquery Scan on "*SELECT* 2194"  (cost=97.82..97.83 rows=1 width=76)
         ->  Limit  (cost=97.82..97.82 rows=1 width=84)
               ->  Sort  (cost=97.82..97.82 rows=1 width=84)
                     Sort Key: (st_distance(st_transform(s_2193.the_geom, 25833), schw_2193.schw))
                     ->  Nested Loop  (cost=0.00..97.81 rows=1 width=84)
                           Join Filter: ((st_transform(s_2193.the_geom, 25833) && st_expand(schw_2193.schw, '300'::double precision)) AND (schw_2193.schw && st_expand(st_transform(s_2193.the_geom, 25833), '300'::double precision)) AND _st_dwithin(st_transform(s_2193.the_geom, 25833), schw_2193.schw, '300'::double precision))
                           ->  Function Scan on schw_2193  (cost=0.00..0.01 rows=1 width=32)
                           ->  Seq Scan on phoml_trajectory_tmp s_2193  (cost=0.00..95.68 rows=17 width=40)
                                 Filter: ((unix_time >= '1685451404.154'::double precision) AND (unix_time <= '1685451464.154'::double precision))
   ->  Subquery Scan on "*SELECT* 2195"  (cost=97.82..97.83 rows=1 width=76)
         ->  Limit  (cost=97.82..97.82 rows=1 width=84)
               ->  Sort  (cost=97.82..97.82 rows=1 width=84)
                     Sort Key: (st_distance(st_transform(s_2194.the_geom, 25833), schw_2194.schw))
                     ->  Nested Loop  (cost=0.00..97.81 rows=1 width=84)
                           Join Filter: ((st_transform(s_2194.the_geom, 25833) && st_expand(schw_2194.schw, '300'::double precision)) AND (schw_2194.schw && st_expand(st_transform(s_2194.the_geom, 25833), '300'::double precision)) AND _st_dwithin(st_transform(s_2194.the_geom, 25833), schw_2194.schw, '300'::double precision))
                           ->  Function Scan on schw_2194  (cost=0.00..0.01 rows=1 width=32)
                           ->  Seq Scan on phoml_trajectory_tmp s_2194  (cost=0.00..95.68 rows=17 width=40)
                                 Filter: ((unix_time >= '1685451404.484'::double precision) AND (unix_time <= '1685451464.484'::double precision))
   ->  Subquery Scan on "*SELECT* 2196"  (cost=97.82..97.83 rows=1 width=76)
         ->  Limit  (cost=97.82..97.82 rows=1 width=84)
               ->  Sort  (cost=97.82..97.82 rows=1 width=84)
                     Sort Key: (st_distance(st_transform(s_2195.the_geom, 25833), schw_2195.schw))
                     ->  Nested Loop  (cost=0.00..97.81 rows=1 width=84)
                           Join Filter: ((st_transform(s_2195.the_geom, 25833) && st_expand(schw_2195.schw, '300'::double precision)) AND (schw_2195.schw && st_expand(st_transform(s_2195.the_geom, 25833), '300'::double precision)) AND _st_dwithin(st_transform(s_2195.the_geom, 25833), schw_2195.schw, '300'::double precision))
                           ->  Function Scan on schw_2195  (cost=0.00..0.01 rows=1 width=32)
                           ->  Seq Scan on phoml_trajectory_tmp s_2195  (cost=0.00..95.68 rows=17 width=40)
                                 Filter: ((unix_time >= '1685451404.834'::double precision) AND (unix_time <= '1685451464.834'::double precision))
   ->  Subquery Scan on "*SELECT* 2197"  (cost=97.82..97.83 rows=1 width=76)
         ->  Limit  (cost=97.82..97.82 rows=1 width=84)
               ->  Sort  (cost=97.82..97.82 rows=1 width=84)
                     Sort Key: (st_distance(st_transform(s_2196.the_geom, 25833), schw_2196.schw))
                     ->  Nested Loop  (cost=0.00..97.81 rows=1 width=84)
                           Join Filter: ((st_transform(s_2196.the_geom, 25833) && st_expand(schw_2196.schw, '300'::double precision)) AND (schw_2196.schw && st_expand(st_transform(s_2196.the_geom, 25833), '300'::double precision)) AND _st_dwithin(st_transform(s_2196.the_geom, 25833), schw_2196.schw, '300'::double precision))
                           ->  Function Scan on schw_2196  (cost=0.00..0.01 rows=1 width=32)
                           ->  Seq Scan on phoml_trajectory_tmp s_2196  (cost=0.00..95.68 rows=17 width=40)
                                 Filter: ((unix_time >= '1685451405.165'::double precision) AND (unix_time <= '1685451465.165'::double precision))
   ->  Subquery Scan on "*SELECT* 2198"  (cost=97.82..97.83 rows=1 width=76)
         ->  Limit  (cost=97.82..97.82 rows=1 width=84)
               ->  Sort  (cost=97.82..97.82 rows=1 width=84)
                     Sort Key: (st_distance(st_transform(s_2197.the_geom, 25833), schw_2197.schw))
                     ->  Nested Loop  (cost=0.00..97.81 rows=1 width=84)
                           Join Filter: ((st_transform(s_2197.the_geom, 25833) && st_expand(schw_2197.schw, '300'::double precision)) AND (schw_2197.schw && st_expand(st_transform(s_2197.the_geom, 25833), '300'::double precision)) AND _st_dwithin(st_transform(s_2197.the_geom, 25833), schw_2197.schw, '300'::double precision))
                           ->  Function Scan on schw_2197  (cost=0.00..0.01 rows=1 width=32)
                           ->  Seq Scan on phoml_trajectory_tmp s_2197  (cost=0.00..95.68 rows=17 width=40)
                                 Filter: ((unix_time >= '1685451405.505'::double precision) AND (unix_time <= '1685451465.505'::double precision))
   ->  Subquery Scan on "*SELECT* 2199"  (cost=97.82..97.83 rows=1 width=76)
         ->  Limit  (cost=97.82..97.82 rows=1 width=84)
               ->  Sort  (cost=97.82..97.82 rows=1 width=84)
                     Sort Key: (st_distance(st_transform(s_2198.the_geom, 25833), schw_2198.schw))
                     ->  Nested Loop  (cost=0.00..97.81 rows=1 width=84)
                           Join Filter: ((st_transform(s_2198.the_geom, 25833) && st_expand(schw_2198.schw, '300'::double precision)) AND (schw_2198.schw && st_expand(st_transform(s_2198.the_geom, 25833), '300'::double precision)) AND _st_dwithin(st_transform(s_2198.the_geom, 25833), schw_2198.schw, '300'::double precision))
                           ->  Function Scan on schw_2198  (cost=0.00..0.01 rows=1 width=32)
                           ->  Seq Scan on phoml_trajectory_tmp s_2198  (cost=0.00..95.68 rows=17 width=40)
                                 Filter: ((unix_time >= '1685451405.845'::double precision) AND (unix_time <= '1685451465.845'::double precision))
   ->  Subquery Scan on "*SELECT* 2200"  (cost=97.82..97.83 rows=1 width=76)
         ->  Limit  (cost=97.82..97.82 rows=1 width=84)
               ->  Sort  (cost=97.82..97.82 rows=1 width=84)
                     Sort Key: (st_distance(st_transform(s_2199.the_geom, 25833), schw_2199.schw))
                     ->  Nested Loop  (cost=0.00..97.81 rows=1 width=84)
                           Join Filter: ((st_transform(s_2199.the_geom, 25833) && st_expand(schw_2199.schw, '300'::double precision)) AND (schw_2199.schw && st_expand(st_transform(s_2199.the_geom, 25833), '300'::double precision)) AND _st_dwithin(st_transform(s_2199.the_geom, 25833), schw_2199.schw, '300'::double precision))
                           ->  Function Scan on schw_2199  (cost=0.00..0.01 rows=1 width=32)
                           ->  Seq Scan on phoml_trajectory_tmp s_2199  (cost=0.00..95.68 rows=17 width=40)
                                 Filter: ((unix_time >= '1685451406.193'::double precision) AND (unix_time <= '1685451466.193'::double precision))
   ->  Subquery Scan on "*SELECT* 2201"  (cost=97.82..97.83 rows=1 width=76)
         ->  Limit  (cost=97.82..97.82 rows=1 width=84)
               ->  Sort  (cost=97.82..97.82 rows=1 width=84)
                     Sort Key: (st_distance(st_transform(s_2200.the_geom, 25833), schw_2200.schw))
                     ->  Nested Loop  (cost=0.00..97.81 rows=1 width=84)
                           Join Filter: ((st_transform(s_2200.the_geom, 25833) && st_expand(schw_2200.schw, '300'::double precision)) AND (schw_2200.schw && st_expand(st_transform(s_2200.the_geom, 25833), '300'::double precision)) AND _st_dwithin(st_transform(s_2200.the_geom, 25833), schw_2200.schw, '300'::double precision))
                           ->  Function Scan on schw_2200  (cost=0.00..0.01 rows=1 width=32)
                           ->  Seq Scan on phoml_trajectory_tmp s_2200  (cost=0.00..95.68 rows=17 width=40)
                                 Filter: ((unix_time >= '1685451406.523'::double precision) AND (unix_time <= '1685451466.523'::double precision))
   ->  Subquery Scan on "*SELECT* 2202"  (cost=97.82..97.83 rows=1 width=76)
         ->  Limit  (cost=97.82..97.82 rows=1 width=84)
               ->  Sort  (cost=97.82..97.82 rows=1 width=84)
                     Sort Key: (st_distance(st_transform(s_2201.the_geom, 25833), schw_2201.schw))
                     ->  Nested Loop  (cost=0.00..97.81 rows=1 width=84)
                           Join Filter: ((st_transform(s_2201.the_geom, 25833) && st_expand(schw_2201.schw, '300'::double precision)) AND (schw_2201.schw && st_expand(st_transform(s_2201.the_geom, 25833), '300'::double precision)) AND _st_dwithin(st_transform(s_2201.the_geom, 25833), schw_2201.schw, '300'::double precision))
                           ->  Function Scan on schw_2201  (cost=0.00..0.01 rows=1 width=32)
                           ->  Seq Scan on phoml_trajectory_tmp s_2201  (cost=0.00..95.68 rows=17 width=40)
                                 Filter: ((unix_time >= '1685451406.853'::double precision) AND (unix_time <= '1685451466.853'::double precision))
   ->  Subquery Scan on "*SELECT* 2203"  (cost=97.82..97.83 rows=1 width=76)
         ->  Limit  (cost=97.82..97.82 rows=1 width=84)
               ->  Sort  (cost=97.82..97.82 rows=1 width=84)
                     Sort Key: (st_distance(st_transform(s_2202.the_geom, 25833), schw_2202.schw))
                     ->  Nested Loop  (cost=0.00..97.81 rows=1 width=84)
                           Join Filter: ((st_transform(s_2202.the_geom, 25833) && st_expand(schw_2202.schw, '300'::double precision)) AND (schw_2202.schw && st_expand(st_transform(s_2202.the_geom, 25833), '300'::double precision)) AND _st_dwithin(st_transform(s_2202.the_geom, 25833), schw_2202.schw, '300'::double precision))
                           ->  Function Scan on schw_2202  (cost=0.00..0.01 rows=1 width=32)
                           ->  Seq Scan on phoml_trajectory_tmp s_2202  (cost=0.00..95.68 rows=17 width=40)
                                 Filter: ((unix_time >= '1685451407.21'::double precision) AND (unix_time <= '1685451467.21'::double precision))
   ->  Subquery Scan on "*SELECT* 2204"  (cost=97.82..97.83 rows=1 width=76)
         ->  Limit  (cost=97.82..97.82 rows=1 width=84)
               ->  Sort  (cost=97.82..97.82 rows=1 width=84)
                     Sort Key: (st_distance(st_transform(s_2203.the_geom, 25833), schw_2203.schw))
                     ->  Nested Loop  (cost=0.00..97.81 rows=1 width=84)
                           Join Filter: ((st_transform(s_2203.the_geom, 25833) && st_expand(schw_2203.schw, '300'::double precision)) AND (schw_2203.schw && st_expand(st_transform(s_2203.the_geom, 25833), '300'::double precision)) AND _st_dwithin(st_transform(s_2203.the_geom, 25833), schw_2203.schw, '300'::double precision))
                           ->  Function Scan on schw_2203  (cost=0.00..0.01 rows=1 width=32)
                           ->  Seq Scan on phoml_trajectory_tmp s_2203  (cost=0.00..95.68 rows=17 width=40)
                                 Filter: ((unix_time >= '1685451407.54'::double precision) AND (unix_time <= '1685451467.54'::double precision))
   ->  Subquery Scan on "*SELECT* 2205"  (cost=97.82..97.83 rows=1 width=76)
         ->  Limit  (cost=97.82..97.82 rows=1 width=84)
               ->  Sort  (cost=97.82..97.82 rows=1 width=84)
                     Sort Key: (st_distance(st_transform(s_2204.the_geom, 25833), schw_2204.schw))
                     ->  Nested Loop  (cost=0.00..97.81 rows=1 width=84)
                           Join Filter: ((st_transform(s_2204.the_geom, 25833) && st_expand(schw_2204.schw, '300'::double precision)) AND (schw_2204.schw && st_expand(st_transform(s_2204.the_geom, 25833), '300'::double precision)) AND _st_dwithin(st_transform(s_2204.the_geom, 25833), schw_2204.schw, '300'::double precision))
                           ->  Function Scan on schw_2204  (cost=0.00..0.01 rows=1 width=32)
                           ->  Seq Scan on phoml_trajectory_tmp s_2204  (cost=0.00..95.68 rows=17 width=40)
                                 Filter: ((unix_time >= '1685451407.87'::double precision) AND (unix_time <= '1685451467.87'::double precision))
   ->  Subquery Scan on "*SELECT* 2206"  (cost=97.82..97.83 rows=1 width=76)
         ->  Limit  (cost=97.82..97.82 rows=1 width=84)
               ->  Sort  (cost=97.82..97.82 rows=1 width=84)
                     Sort Key: (st_distance(st_transform(s_2205.the_geom, 25833), schw_2205.schw))
                     ->  Nested Loop  (cost=0.00..97.81 rows=1 width=84)
                           Join Filter: ((st_transform(s_2205.the_geom, 25833) && st_expand(schw_2205.schw, '300'::double precision)) AND (schw_2205.schw && st_expand(st_transform(s_2205.the_geom, 25833), '300'::double precision)) AND _st_dwithin(st_transform(s_2205.the_geom, 25833), schw_2205.schw, '300'::double precision))
                           ->  Function Scan on schw_2205  (cost=0.00..0.01 rows=1 width=32)
                           ->  Seq Scan on phoml_trajectory_tmp s_2205  (cost=0.00..95.68 rows=17 width=40)
                                 Filter: ((unix_time >= '1685451408.221'::double precision) AND (unix_time <= '1685451468.221'::double precision))
   ->  Subquery Scan on "*SELECT* 2207"  (cost=97.82..97.83 rows=1 width=76)
         ->  Limit  (cost=97.82..97.82 rows=1 width=84)
               ->  Sort  (cost=97.82..97.82 rows=1 width=84)
                     Sort Key: (st_distance(st_transform(s_2206.the_geom, 25833), schw_2206.schw))
                     ->  Nested Loop  (cost=0.00..97.81 rows=1 width=84)
                           Join Filter: ((st_transform(s_2206.the_geom, 25833) && st_expand(schw_2206.schw, '300'::double precision)) AND (schw_2206.schw && st_expand(st_transform(s_2206.the_geom, 25833), '300'::double precision)) AND _st_dwithin(st_transform(s_2206.the_geom, 25833), schw_2206.schw, '300'::double precision))
                           ->  Function Scan on schw_2206  (cost=0.00..0.01 rows=1 width=32)
                           ->  Seq Scan on phoml_trajectory_tmp s_2206  (cost=0.00..95.68 rows=17 width=40)
                                 Filter: ((unix_time >= '1685451408.561'::double precision) AND (unix_time <= '1685451468.561'::double precision))
   ->  Subquery Scan on "*SELECT* 2208"  (cost=97.82..97.83 rows=1 width=76)
         ->  Limit  (cost=97.82..97.82 rows=1 width=84)
               ->  Sort  (cost=97.82..97.82 rows=1 width=84)
                     Sort Key: (st_distance(st_transform(s_2207.the_geom, 25833), schw_2207.schw))
                     ->  Nested Loop  (cost=0.00..97.81 rows=1 width=84)
                           Join Filter: ((st_transform(s_2207.the_geom, 25833) && st_expand(schw_2207.schw, '300'::double precision)) AND (schw_2207.schw && st_expand(st_transform(s_2207.the_geom, 25833), '300'::double precision)) AND _st_dwithin(st_transform(s_2207.the_geom, 25833), schw_2207.schw, '300'::double precision))
                           ->  Function Scan on schw_2207  (cost=0.00..0.01 rows=1 width=32)
                           ->  Seq Scan on phoml_trajectory_tmp s_2207  (cost=0.00..95.68 rows=17 width=40)
                                 Filter: ((unix_time >= '1685451408.901'::double precision) AND (unix_time <= '1685451468.901'::double precision))
   ->  Subquery Scan on "*SELECT* 2209"  (cost=97.82..97.83 rows=1 width=76)
         ->  Limit  (cost=97.82..97.82 rows=1 width=84)
               ->  Sort  (cost=97.82..97.82 rows=1 width=84)
                     Sort Key: (st_distance(st_transform(s_2208.the_geom, 25833), schw_2208.schw))
                     ->  Nested Loop  (cost=0.00..97.81 rows=1 width=84)
                           Join Filter: ((st_transform(s_2208.the_geom, 25833) && st_expand(schw_2208.schw, '300'::double precision)) AND (schw_2208.schw && st_expand(st_transform(s_2208.the_geom, 25833), '300'::double precision)) AND _st_dwithin(st_transform(s_2208.the_geom, 25833), schw_2208.schw, '300'::double precision))
                           ->  Function Scan on schw_2208  (cost=0.00..0.01 rows=1 width=32)
                           ->  Seq Scan on phoml_trajectory_tmp s_2208  (cost=0.00..95.68 rows=17 width=40)
                                 Filter: ((unix_time >= '1685451409.234'::double precision) AND (unix_time <= '1685451469.234'::double precision))
   ->  Subquery Scan on "*SELECT* 2210"  (cost=97.82..97.83 rows=1 width=76)
         ->  Limit  (cost=97.82..97.82 rows=1 width=84)
               ->  Sort  (cost=97.82..97.82 rows=1 width=84)
                     Sort Key: (st_distance(st_transform(s_2209.the_geom, 25833), schw_2209.schw))
                     ->  Nested Loop  (cost=0.00..97.81 rows=1 width=84)
                           Join Filter: ((st_transform(s_2209.the_geom, 25833) && st_expand(schw_2209.schw, '300'::double precision)) AND (schw_2209.schw && st_expand(st_transform(s_2209.the_geom, 25833), '300'::double precision)) AND _st_dwithin(st_transform(s_2209.the_geom, 25833), schw_2209.schw, '300'::double precision))
                           ->  Function Scan on schw_2209  (cost=0.00..0.01 rows=1 width=32)
                           ->  Seq Scan on phoml_trajectory_tmp s_2209  (cost=0.00..95.68 rows=17 width=40)
                                 Filter: ((unix_time >= '1685451409.564'::double precision) AND (unix_time <= '1685451469.564'::double precision))
   ->  Subquery Scan on "*SELECT* 2211"  (cost=97.82..97.83 rows=1 width=76)
         ->  Limit  (cost=97.82..97.82 rows=1 width=84)
               ->  Sort  (cost=97.82..97.82 rows=1 width=84)
                     Sort Key: (st_distance(st_transform(s_2210.the_geom, 25833), schw_2210.schw))
                     ->  Nested Loop  (cost=0.00..97.81 rows=1 width=84)
                           Join Filter: ((st_transform(s_2210.the_geom, 25833) && st_expand(schw_2210.schw, '300'::double precision)) AND (schw_2210.schw && st_expand(st_transform(s_2210.the_geom, 25833), '300'::double precision)) AND _st_dwithin(st_transform(s_2210.the_geom, 25833), schw_2210.schw, '300'::double precision))
                           ->  Function Scan on schw_2210  (cost=0.00..0.01 rows=1 width=32)
                           ->  Seq Scan on phoml_trajectory_tmp s_2210  (cost=0.00..95.68 rows=17 width=40)
                                 Filter: ((unix_time >= '1685451409.914'::double precision) AND (unix_time <= '1685451469.914'::double precision))
   ->  Subquery Scan on "*SELECT* 2212"  (cost=97.82..97.83 rows=1 width=76)
         ->  Limit  (cost=97.82..97.82 rows=1 width=84)
               ->  Sort  (cost=97.82..97.82 rows=1 width=84)
                     Sort Key: (st_distance(st_transform(s_2211.the_geom, 25833), schw_2211.schw))
                     ->  Nested Loop  (cost=0.00..97.81 rows=1 width=84)
                           Join Filter: ((st_transform(s_2211.the_geom, 25833) && st_expand(schw_2211.schw, '300'::double precision)) AND (schw_2211.schw && st_expand(st_transform(s_2211.the_geom, 25833), '300'::double precision)) AND _st_dwithin(st_transform(s_2211.the_geom, 25833), schw_2211.schw, '300'::double precision))
                           ->  Function Scan on schw_2211  (cost=0.00..0.01 rows=1 width=32)
                           ->  Seq Scan on phoml_trajectory_tmp s_2211  (cost=0.00..95.68 rows=17 width=40)
                                 Filter: ((unix_time >= '1685451410.258'::double precision) AND (unix_time <= '1685451470.258'::double precision))
   ->  Subquery Scan on "*SELECT* 2213"  (cost=97.82..97.83 rows=1 width=76)
         ->  Limit  (cost=97.82..97.82 rows=1 width=84)
               ->  Sort  (cost=97.82..97.82 rows=1 width=84)
                     Sort Key: (st_distance(st_transform(s_2212.the_geom, 25833), schw_2212.schw))
                     ->  Nested Loop  (cost=0.00..97.81 rows=1 width=84)
                           Join Filter: ((st_transform(s_2212.the_geom, 25833) && st_expand(schw_2212.schw, '300'::double precision)) AND (schw_2212.schw && st_expand(st_transform(s_2212.the_geom, 25833), '300'::double precision)) AND _st_dwithin(st_transform(s_2212.the_geom, 25833), schw_2212.schw, '300'::double precision))
                           ->  Function Scan on schw_2212  (cost=0.00..0.01 rows=1 width=32)
                           ->  Seq Scan on phoml_trajectory_tmp s_2212  (cost=0.00..95.68 rows=17 width=40)
                                 Filter: ((unix_time >= '1685451410.598'::double precision) AND (unix_time <= '1685451470.598'::double precision))
   ->  Subquery Scan on "*SELECT* 2214"  (cost=97.82..97.83 rows=1 width=76)
         ->  Limit  (cost=97.82..97.82 rows=1 width=84)
               ->  Sort  (cost=97.82..97.82 rows=1 width=84)
                     Sort Key: (st_distance(st_transform(s_2213.the_geom, 25833), schw_2213.schw))
                     ->  Nested Loop  (cost=0.00..97.81 rows=1 width=84)
                           Join Filter: ((st_transform(s_2213.the_geom, 25833) && st_expand(schw_2213.schw, '300'::double precision)) AND (schw_2213.schw && st_expand(st_transform(s_2213.the_geom, 25833), '300'::double precision)) AND _st_dwithin(st_transform(s_2213.the_geom, 25833), schw_2213.schw, '300'::double precision))
                           ->  Function Scan on schw_2213  (cost=0.00..0.01 rows=1 width=32)
                           ->  Seq Scan on phoml_trajectory_tmp s_2213  (cost=0.00..95.68 rows=17 width=40)
                                 Filter: ((unix_time >= '1685451410.938'::double precision) AND (unix_time <= '1685451470.938'::double precision))
   ->  Subquery Scan on "*SELECT* 2215"  (cost=97.82..97.83 rows=1 width=76)
         ->  Limit  (cost=97.82..97.82 rows=1 width=84)
               ->  Sort  (cost=97.82..97.82 rows=1 width=84)
                     Sort Key: (st_distance(st_transform(s_2214.the_geom, 25833), schw_2214.schw))
                     ->  Nested Loop  (cost=0.00..97.81 rows=1 width=84)
                           Join Filter: ((st_transform(s_2214.the_geom, 25833) && st_expand(schw_2214.schw, '300'::double precision)) AND (schw_2214.schw && st_expand(st_transform(s_2214.the_geom, 25833), '300'::double precision)) AND _st_dwithin(st_transform(s_2214.the_geom, 25833), schw_2214.schw, '300'::double precision))
                           ->  Function Scan on schw_2214  (cost=0.00..0.01 rows=1 width=32)
                           ->  Seq Scan on phoml_trajectory_tmp s_2214  (cost=0.00..95.68 rows=17 width=40)
                                 Filter: ((unix_time >= '1685451411.274'::double precision) AND (unix_time <= '1685451471.274'::double precision))
   ->  Subquery Scan on "*SELECT* 2216"  (cost=97.82..97.83 rows=1 width=76)
         ->  Limit  (cost=97.82..97.82 rows=1 width=84)
               ->  Sort  (cost=97.82..97.82 rows=1 width=84)
                     Sort Key: (st_distance(st_transform(s_2215.the_geom, 25833), schw_2215.schw))
                     ->  Nested Loop  (cost=0.00..97.81 rows=1 width=84)
                           Join Filter: ((st_transform(s_2215.the_geom, 25833) && st_expand(schw_2215.schw, '300'::double precision)) AND (schw_2215.schw && st_expand(st_transform(s_2215.the_geom, 25833), '300'::double precision)) AND _st_dwithin(st_transform(s_2215.the_geom, 25833), schw_2215.schw, '300'::double precision))
                           ->  Function Scan on schw_2215  (cost=0.00..0.01 rows=1 width=32)
                           ->  Seq Scan on phoml_trajectory_tmp s_2215  (cost=0.00..95.68 rows=17 width=40)
                                 Filter: ((unix_time >= '1685451411.614'::double precision) AND (unix_time <= '1685451471.614'::double precision))
   ->  Subquery Scan on "*SELECT* 2217"  (cost=97.82..97.83 rows=1 width=76)
         ->  Limit  (cost=97.82..97.82 rows=1 width=84)
               ->  Sort  (cost=97.82..97.82 rows=1 width=84)
                     Sort Key: (st_distance(st_transform(s_2216.the_geom, 25833), schw_2216.schw))
                     ->  Nested Loop  (cost=0.00..97.81 rows=1 width=84)
                           Join Filter: ((st_transform(s_2216.the_geom, 25833) && st_expand(schw_2216.schw, '300'::double precision)) AND (schw_2216.schw && st_expand(st_transform(s_2216.the_geom, 25833), '300'::double precision)) AND _st_dwithin(st_transform(s_2216.the_geom, 25833), schw_2216.schw, '300'::double precision))
                           ->  Function Scan on schw_2216  (cost=0.00..0.01 rows=1 width=32)
                           ->  Seq Scan on phoml_trajectory_tmp s_2216  (cost=0.00..95.68 rows=17 width=40)
                                 Filter: ((unix_time >= '1685451411.954'::double precision) AND (unix_time <= '1685451471.954'::double precision))
   ->  Subquery Scan on "*SELECT* 2218"  (cost=97.82..97.83 rows=1 width=76)
         ->  Limit  (cost=97.82..97.82 rows=1 width=84)
               ->  Sort  (cost=97.82..97.82 rows=1 width=84)
                     Sort Key: (st_distance(st_transform(s_2217.the_geom, 25833), schw_2217.schw))
                     ->  Nested Loop  (cost=0.00..97.81 rows=1 width=84)
                           Join Filter: ((st_transform(s_2217.the_geom, 25833) && st_expand(schw_2217.schw, '300'::double precision)) AND (schw_2217.schw && st_expand(st_transform(s_2217.the_geom, 25833), '300'::double precision)) AND _st_dwithin(st_transform(s_2217.the_geom, 25833), schw_2217.schw, '300'::double precision))
                           ->  Function Scan on schw_2217  (cost=0.00..0.01 rows=1 width=32)
                           ->  Seq Scan on phoml_trajectory_tmp s_2217  (cost=0.00..95.68 rows=17 width=40)
                                 Filter: ((unix_time >= '1685451412.297'::double precision) AND (unix_time <= '1685451472.297'::double precision))
   ->  Subquery Scan on "*SELECT* 2219"  (cost=97.82..97.83 rows=1 width=76)
         ->  Limit  (cost=97.82..97.82 rows=1 width=84)
               ->  Sort  (cost=97.82..97.82 rows=1 width=84)
                     Sort Key: (st_distance(st_transform(s_2218.the_geom, 25833), schw_2218.schw))
                     ->  Nested Loop  (cost=0.00..97.81 rows=1 width=84)
                           Join Filter: ((st_transform(s_2218.the_geom, 25833) && st_expand(schw_2218.schw, '300'::double precision)) AND (schw_2218.schw && st_expand(st_transform(s_2218.the_geom, 25833), '300'::double precision)) AND _st_dwithin(st_transform(s_2218.the_geom, 25833), schw_2218.schw, '300'::double precision))
                           ->  Function Scan on schw_2218  (cost=0.00..0.01 rows=1 width=32)
                           ->  Seq Scan on phoml_trajectory_tmp s_2218  (cost=0.00..95.68 rows=17 width=40)
                                 Filter: ((unix_time >= '1685451412.627'::double precision) AND (unix_time <= '1685451472.627'::double precision))
   ->  Subquery Scan on "*SELECT* 2220"  (cost=97.82..97.83 rows=1 width=76)
         ->  Limit  (cost=97.82..97.82 rows=1 width=84)
               ->  Sort  (cost=97.82..97.82 rows=1 width=84)
                     Sort Key: (st_distance(st_transform(s_2219.the_geom, 25833), schw_2219.schw))
                     ->  Nested Loop  (cost=0.00..97.81 rows=1 width=84)
                           Join Filter: ((st_transform(s_2219.the_geom, 25833) && st_expand(schw_2219.schw, '300'::double precision)) AND (schw_2219.schw && st_expand(st_transform(s_2219.the_geom, 25833), '300'::double precision)) AND _st_dwithin(st_transform(s_2219.the_geom, 25833), schw_2219.schw, '300'::double precision))
                           ->  Function Scan on schw_2219  (cost=0.00..0.01 rows=1 width=32)
                           ->  Seq Scan on phoml_trajectory_tmp s_2219  (cost=0.00..95.68 rows=17 width=40)
                                 Filter: ((unix_time >= '1685451412.977'::double precision) AND (unix_time <= '1685451472.977'::double precision))
   ->  Subquery Scan on "*SELECT* 2221"  (cost=97.82..97.83 rows=1 width=76)
         ->  Limit  (cost=97.82..97.82 rows=1 width=84)
               ->  Sort  (cost=97.82..97.82 rows=1 width=84)
                     Sort Key: (st_distance(st_transform(s_2220.the_geom, 25833), schw_2220.schw))
                     ->  Nested Loop  (cost=0.00..97.81 rows=1 width=84)
                           Join Filter: ((st_transform(s_2220.the_geom, 25833) && st_expand(schw_2220.schw, '300'::double precision)) AND (schw_2220.schw && st_expand(st_transform(s_2220.the_geom, 25833), '300'::double precision)) AND _st_dwithin(st_transform(s_2220.the_geom, 25833), schw_2220.schw, '300'::double precision))
                           ->  Function Scan on schw_2220  (cost=0.00..0.01 rows=1 width=32)
                           ->  Seq Scan on phoml_trajectory_tmp s_2220  (cost=0.00..95.68 rows=17 width=40)
                                 Filter: ((unix_time >= '1685451413.322'::double precision) AND (unix_time <= '1685451473.322'::double precision))
   ->  Subquery Scan on "*SELECT* 2222"  (cost=97.82..97.83 rows=1 width=76)
         ->  Limit  (cost=97.82..97.82 rows=1 width=84)
               ->  Sort  (cost=97.82..97.82 rows=1 width=84)
                     Sort Key: (st_distance(st_transform(s_2221.the_geom, 25833), schw_2221.schw))
                     ->  Nested Loop  (cost=0.00..97.81 rows=1 width=84)
                           Join Filter: ((st_transform(s_2221.the_geom, 25833) && st_expand(schw_2221.schw, '300'::double precision)) AND (schw_2221.schw && st_expand(st_transform(s_2221.the_geom, 25833), '300'::double precision)) AND _st_dwithin(st_transform(s_2221.the_geom, 25833), schw_2221.schw, '300'::double precision))
                           ->  Function Scan on schw_2221  (cost=0.00..0.01 rows=1 width=32)
                           ->  Seq Scan on phoml_trajectory_tmp s_2221  (cost=0.00..95.68 rows=17 width=40)
                                 Filter: ((unix_time >= '1685451413.672'::double precision) AND (unix_time <= '1685451473.672'::double precision))
   ->  Subquery Scan on "*SELECT* 2223"  (cost=97.82..97.83 rows=1 width=76)
         ->  Limit  (cost=97.82..97.82 rows=1 width=84)
               ->  Sort  (cost=97.82..97.82 rows=1 width=84)
                     Sort Key: (st_distance(st_transform(s_2222.the_geom, 25833), schw_2222.schw))
                     ->  Nested Loop  (cost=0.00..97.81 rows=1 width=84)
                           Join Filter: ((st_transform(s_2222.the_geom, 25833) && st_expand(schw_2222.schw, '300'::double precision)) AND (schw_2222.schw && st_expand(st_transform(s_2222.the_geom, 25833), '300'::double precision)) AND _st_dwithin(st_transform(s_2222.the_geom, 25833), schw_2222.schw, '300'::double precision))
                           ->  Function Scan on schw_2222  (cost=0.00..0.01 rows=1 width=32)
                           ->  Seq Scan on phoml_trajectory_tmp s_2222  (cost=0.00..95.68 rows=17 width=40)
                                 Filter: ((unix_time >= '1685451414.032'::double precision) AND (unix_time <= '1685451474.032'::double precision))
   ->  Subquery Scan on "*SELECT* 2224"  (cost=97.82..97.83 rows=1 width=76)
         ->  Limit  (cost=97.82..97.82 rows=1 width=84)
               ->  Sort  (cost=97.82..97.82 rows=1 width=84)
                     Sort Key: (st_distance(st_transform(s_2223.the_geom, 25833), schw_2223.schw))
                     ->  Nested Loop  (cost=0.00..97.81 rows=1 width=84)
                           Join Filter: ((st_transform(s_2223.the_geom, 25833) && st_expand(schw_2223.schw, '300'::double precision)) AND (schw_2223.schw && st_expand(st_transform(s_2223.the_geom, 25833), '300'::double precision)) AND _st_dwithin(st_transform(s_2223.the_geom, 25833), schw_2223.schw, '300'::double precision))
                           ->  Function Scan on schw_2223  (cost=0.00..0.01 rows=1 width=32)
                           ->  Seq Scan on phoml_trajectory_tmp s_2223  (cost=0.00..95.68 rows=17 width=40)
                                 Filter: ((unix_time >= '1685451414.396'::double precision) AND (unix_time <= '1685451474.396'::double precision))
   ->  Subquery Scan on "*SELECT* 2225"  (cost=97.82..97.83 rows=1 width=76)
         ->  Limit  (cost=97.82..97.82 rows=1 width=84)
               ->  Sort  (cost=97.82..97.82 rows=1 width=84)
                     Sort Key: (st_distance(st_transform(s_2224.the_geom, 25833), schw_2224.schw))
                     ->  Nested Loop  (cost=0.00..97.81 rows=1 width=84)
                           Join Filter: ((st_transform(s_2224.the_geom, 25833) && st_expand(schw_2224.schw, '300'::double precision)) AND (schw_2224.schw && st_expand(st_transform(s_2224.the_geom, 25833), '300'::double precision)) AND _st_dwithin(st_transform(s_2224.the_geom, 25833), schw_2224.schw, '300'::double precision))
                           ->  Function Scan on schw_2224  (cost=0.00..0.01 rows=1 width=32)
                           ->  Seq Scan on phoml_trajectory_tmp s_2224  (cost=0.00..95.68 rows=17 width=40)
                                 Filter: ((unix_time >= '1685451414.756'::double precision) AND (unix_time <= '1685451474.756'::double precision))
   ->  Subquery Scan on "*SELECT* 2226"  (cost=97.82..97.83 rows=1 width=76)
         ->  Limit  (cost=97.82..97.82 rows=1 width=84)
               ->  Sort  (cost=97.82..97.82 rows=1 width=84)
                     Sort Key: (st_distance(st_transform(s_2225.the_geom, 25833), schw_2225.schw))
                     ->  Nested Loop  (cost=0.00..97.81 rows=1 width=84)
                           Join Filter: ((st_transform(s_2225.the_geom, 25833) && st_expand(schw_2225.schw, '300'::double precision)) AND (schw_2225.schw && st_expand(st_transform(s_2225.the_geom, 25833), '300'::double precision)) AND _st_dwithin(st_transform(s_2225.the_geom, 25833), schw_2225.schw, '300'::double precision))
                           ->  Function Scan on schw_2225  (cost=0.00..0.01 rows=1 width=32)
                           ->  Seq Scan on phoml_trajectory_tmp s_2225  (cost=0.00..95.68 rows=17 width=40)
                                 Filter: ((unix_time >= '1685451415.133'::double precision) AND (unix_time <= '1685451475.133'::double precision))
   ->  Subquery Scan on "*SELECT* 2227"  (cost=97.82..97.83 rows=1 width=76)
         ->  Limit  (cost=97.82..97.82 rows=1 width=84)
               ->  Sort  (cost=97.82..97.82 rows=1 width=84)
                     Sort Key: (st_distance(st_transform(s_2226.the_geom, 25833), schw_2226.schw))
                     ->  Nested Loop  (cost=0.00..97.81 rows=1 width=84)
                           Join Filter: ((st_transform(s_2226.the_geom, 25833) && st_expand(schw_2226.schw, '300'::double precision)) AND (schw_2226.schw && st_expand(st_transform(s_2226.the_geom, 25833), '300'::double precision)) AND _st_dwithin(st_transform(s_2226.the_geom, 25833), schw_2226.schw, '300'::double precision))
                           ->  Function Scan on schw_2226  (cost=0.00..0.01 rows=1 width=32)
                           ->  Seq Scan on phoml_trajectory_tmp s_2226  (cost=0.00..95.68 rows=17 width=40)
                                 Filter: ((unix_time >= '1685451415.51'::double precision) AND (unix_time <= '1685451475.51'::double precision))
   ->  Subquery Scan on "*SELECT* 2228"  (cost=97.82..97.83 rows=1 width=76)
         ->  Limit  (cost=97.82..97.82 rows=1 width=84)
               ->  Sort  (cost=97.82..97.82 rows=1 width=84)
                     Sort Key: (st_distance(st_transform(s_2227.the_geom, 25833), schw_2227.schw))
                     ->  Nested Loop  (cost=0.00..97.81 rows=1 width=84)
                           Join Filter: ((st_transform(s_2227.the_geom, 25833) && st_expand(schw_2227.schw, '300'::double precision)) AND (schw_2227.schw && st_expand(st_transform(s_2227.the_geom, 25833), '300'::double precision)) AND _st_dwithin(st_transform(s_2227.the_geom, 25833), schw_2227.schw, '300'::double precision))
                           ->  Function Scan on schw_2227  (cost=0.00..0.01 rows=1 width=32)
                           ->  Seq Scan on phoml_trajectory_tmp s_2227  (cost=0.00..95.68 rows=17 width=40)
                                 Filter: ((unix_time >= '1685451415.88'::double precision) AND (unix_time <= '1685451475.88'::double precision))
   ->  Subquery Scan on "*SELECT* 2229"  (cost=97.82..97.83 rows=1 width=76)
         ->  Limit  (cost=97.82..97.82 rows=1 width=84)
               ->  Sort  (cost=97.82..97.82 rows=1 width=84)
                     Sort Key: (st_distance(st_transform(s_2228.the_geom, 25833), schw_2228.schw))
                     ->  Nested Loop  (cost=0.00..97.81 rows=1 width=84)
                           Join Filter: ((st_transform(s_2228.the_geom, 25833) && st_expand(schw_2228.schw, '300'::double precision)) AND (schw_2228.schw && st_expand(st_transform(s_2228.the_geom, 25833), '300'::double precision)) AND _st_dwithin(st_transform(s_2228.the_geom, 25833), schw_2228.schw, '300'::double precision))
                           ->  Function Scan on schw_2228  (cost=0.00..0.01 rows=1 width=32)
                           ->  Seq Scan on phoml_trajectory_tmp s_2228  (cost=0.00..95.68 rows=17 width=40)
                                 Filter: ((unix_time >= '1685451416.273'::double precision) AND (unix_time <= '1685451476.273'::double precision))
   ->  Subquery Scan on "*SELECT* 2230"  (cost=97.82..97.83 rows=1 width=76)
         ->  Limit  (cost=97.82..97.82 rows=1 width=84)
               ->  Sort  (cost=97.82..97.82 rows=1 width=84)
                     Sort Key: (st_distance(st_transform(s_2229.the_geom, 25833), schw_2229.schw))
                     ->  Nested Loop  (cost=0.00..97.81 rows=1 width=84)
                           Join Filter: ((st_transform(s_2229.the_geom, 25833) && st_expand(schw_2229.schw, '300'::double precision)) AND (schw_2229.schw && st_expand(st_transform(s_2229.the_geom, 25833), '300'::double precision)) AND _st_dwithin(st_transform(s_2229.the_geom, 25833), schw_2229.schw, '300'::double precision))
                           ->  Function Scan on schw_2229  (cost=0.00..0.01 rows=1 width=32)
                           ->  Seq Scan on phoml_trajectory_tmp s_2229  (cost=0.00..95.68 rows=17 width=40)
                                 Filter: ((unix_time >= '1685451416.663'::double precision) AND (unix_time <= '1685451476.663'::double precision))
   ->  Subquery Scan on "*SELECT* 2231"  (cost=97.82..97.83 rows=1 width=76)
         ->  Limit  (cost=97.82..97.82 rows=1 width=84)
               ->  Sort  (cost=97.82..97.82 rows=1 width=84)
                     Sort Key: (st_distance(st_transform(s_2230.the_geom, 25833), schw_2230.schw))
                     ->  Nested Loop  (cost=0.00..97.81 rows=1 width=84)
                           Join Filter: ((st_transform(s_2230.the_geom, 25833) && st_expand(schw_2230.schw, '300'::double precision)) AND (schw_2230.schw && st_expand(st_transform(s_2230.the_geom, 25833), '300'::double precision)) AND _st_dwithin(st_transform(s_2230.the_geom, 25833), schw_2230.schw, '300'::double precision))
                           ->  Function Scan on schw_2230  (cost=0.00..0.01 rows=1 width=32)
                           ->  Seq Scan on phoml_trajectory_tmp s_2230  (cost=0.00..95.68 rows=17 width=40)
                                 Filter: ((unix_time >= '1685451417.053'::double precision) AND (unix_time <= '1685451477.053'::double precision))
   ->  Subquery Scan on "*SELECT* 2232"  (cost=97.82..97.83 rows=1 width=76)
         ->  Limit  (cost=97.82..97.82 rows=1 width=84)
               ->  Sort  (cost=97.82..97.82 rows=1 width=84)
                     Sort Key: (st_distance(st_transform(s_2231.the_geom, 25833), schw_2231.schw))
                     ->  Nested Loop  (cost=0.00..97.81 rows=1 width=84)
                           Join Filter: ((st_transform(s_2231.the_geom, 25833) && st_expand(schw_2231.schw, '300'::double precision)) AND (schw_2231.schw && st_expand(st_transform(s_2231.the_geom, 25833), '300'::double precision)) AND _st_dwithin(st_transform(s_2231.the_geom, 25833), schw_2231.schw, '300'::double precision))
                           ->  Function Scan on schw_2231  (cost=0.00..0.01 rows=1 width=32)
                           ->  Seq Scan on phoml_trajectory_tmp s_2231  (cost=0.00..95.68 rows=17 width=40)
                                 Filter: ((unix_time >= '1685451417.458'::double precision) AND (unix_time <= '1685451477.458'::double precision))
   ->  Subquery Scan on "*SELECT* 2233"  (cost=97.82..97.83 rows=1 width=76)
         ->  Limit  (cost=97.82..97.82 rows=1 width=84)
               ->  Sort  (cost=97.82..97.82 rows=1 width=84)
                     Sort Key: (st_distance(st_transform(s_2232.the_geom, 25833), schw_2232.schw))
                     ->  Nested Loop  (cost=0.00..97.81 rows=1 width=84)
                           Join Filter: ((st_transform(s_2232.the_geom, 25833) && st_expand(schw_2232.schw, '300'::double precision)) AND (schw_2232.schw && st_expand(st_transform(s_2232.the_geom, 25833), '300'::double precision)) AND _st_dwithin(st_transform(s_2232.the_geom, 25833), schw_2232.schw, '300'::double precision))
                           ->  Function Scan on schw_2232  (cost=0.00..0.01 rows=1 width=32)
                           ->  Seq Scan on phoml_trajectory_tmp s_2232  (cost=0.00..95.68 rows=17 width=40)
                                 Filter: ((unix_time >= '1685451417.868'::double precision) AND (unix_time <= '1685451477.868'::double precision))
   ->  Subquery Scan on "*SELECT* 2234"  (cost=97.82..97.83 rows=1 width=76)
         ->  Limit  (cost=97.82..97.82 rows=1 width=84)
               ->  Sort  (cost=97.82..97.82 rows=1 width=84)
                     Sort Key: (st_distance(st_transform(s_2233.the_geom, 25833), schw_2233.schw))
                     ->  Nested Loop  (cost=0.00..97.81 rows=1 width=84)
                           Join Filter: ((st_transform(s_2233.the_geom, 25833) && st_expand(schw_2233.schw, '300'::double precision)) AND (schw_2233.schw && st_expand(st_transform(s_2233.the_geom, 25833), '300'::double precision)) AND _st_dwithin(st_transform(s_2233.the_geom, 25833), schw_2233.schw, '300'::double precision))
                           ->  Function Scan on schw_2233  (cost=0.00..0.01 rows=1 width=32)
                           ->  Seq Scan on phoml_trajectory_tmp s_2233  (cost=0.00..95.68 rows=17 width=40)
                                 Filter: ((unix_time >= '1685451418.282'::double precision) AND (unix_time <= '1685451478.282'::double precision))
   ->  Subquery Scan on "*SELECT* 2235"  (cost=97.82..97.83 rows=1 width=76)
         ->  Limit  (cost=97.82..97.82 rows=1 width=84)
               ->  Sort  (cost=97.82..97.82 rows=1 width=84)
                     Sort Key: (st_distance(st_transform(s_2234.the_geom, 25833), schw_2234.schw))
                     ->  Nested Loop  (cost=0.00..97.81 rows=1 width=84)
                           Join Filter: ((st_transform(s_2234.the_geom, 25833) && st_expand(schw_2234.schw, '300'::double precision)) AND (schw_2234.schw && st_expand(st_transform(s_2234.the_geom, 25833), '300'::double precision)) AND _st_dwithin(st_transform(s_2234.the_geom, 25833), schw_2234.schw, '300'::double precision))
                           ->  Function Scan on schw_2234  (cost=0.00..0.01 rows=1 width=32)
                           ->  Seq Scan on phoml_trajectory_tmp s_2234  (cost=0.00..95.68 rows=17 width=40)
                                 Filter: ((unix_time >= '1685451418.712'::double precision) AND (unix_time <= '1685451478.712'::double precision))
   ->  Subquery Scan on "*SELECT* 2236"  (cost=97.82..97.83 rows=1 width=76)
         ->  Limit  (cost=97.82..97.82 rows=1 width=84)
               ->  Sort  (cost=97.82..97.82 rows=1 width=84)
                     Sort Key: (st_distance(st_transform(s_2235.the_geom, 25833), schw_2235.schw))
                     ->  Nested Loop  (cost=0.00..97.81 rows=1 width=84)
                           Join Filter: ((st_transform(s_2235.the_geom, 25833) && st_expand(schw_2235.schw, '300'::double precision)) AND (schw_2235.schw && st_expand(st_transform(s_2235.the_geom, 25833), '300'::double precision)) AND _st_dwithin(st_transform(s_2235.the_geom, 25833), schw_2235.schw, '300'::double precision))
                           ->  Function Scan on schw_2235  (cost=0.00..0.01 rows=1 width=32)
                           ->  Seq Scan on phoml_trajectory_tmp s_2235  (cost=0.00..95.68 rows=17 width=40)
                                 Filter: ((unix_time >= '1685451419.138'::double precision) AND (unix_time <= '1685451479.138'::double precision))
   ->  Subquery Scan on "*SELECT* 2237"  (cost=97.82..97.83 rows=1 width=76)
         ->  Limit  (cost=97.82..97.82 rows=1 width=84)
               ->  Sort  (cost=97.82..97.82 rows=1 width=84)
                     Sort Key: (st_distance(st_transform(s_2236.the_geom, 25833), schw_2236.schw))
                     ->  Nested Loop  (cost=0.00..97.81 rows=1 width=84)
                           Join Filter: ((st_transform(s_2236.the_geom, 25833) && st_expand(schw_2236.schw, '300'::double precision)) AND (schw_2236.schw && st_expand(st_transform(s_2236.the_geom, 25833), '300'::double precision)) AND _st_dwithin(st_transform(s_2236.the_geom, 25833), schw_2236.schw, '300'::double precision))
                           ->  Function Scan on schw_2236  (cost=0.00..0.01 rows=1 width=32)
                           ->  Seq Scan on phoml_trajectory_tmp s_2236  (cost=0.00..95.68 rows=17 width=40)
                                 Filter: ((unix_time >= '1685451419.578'::double precision) AND (unix_time <= '1685451479.578'::double precision))
   ->  Subquery Scan on "*SELECT* 2238"  (cost=97.82..97.83 rows=1 width=76)
         ->  Limit  (cost=97.82..97.82 rows=1 width=84)
               ->  Sort  (cost=97.82..97.82 rows=1 width=84)
                     Sort Key: (st_distance(st_transform(s_2237.the_geom, 25833), schw_2237.schw))
                     ->  Nested Loop  (cost=0.00..97.81 rows=1 width=84)
                           Join Filter: ((st_transform(s_2237.the_geom, 25833) && st_expand(schw_2237.schw, '300'::double precision)) AND (schw_2237.schw && st_expand(st_transform(s_2237.the_geom, 25833), '300'::double precision)) AND _st_dwithin(st_transform(s_2237.the_geom, 25833), schw_2237.schw, '300'::double precision))
                           ->  Function Scan on schw_2237  (cost=0.00..0.01 rows=1 width=32)
                           ->  Seq Scan on phoml_trajectory_tmp s_2237  (cost=0.00..95.68 rows=17 width=40)
                                 Filter: ((unix_time >= '1685451420.018'::double precision) AND (unix_time <= '1685451480.018'::double precision))
   ->  Subquery Scan on "*SELECT* 2239"  (cost=97.82..97.83 rows=1 width=76)
         ->  Limit  (cost=97.82..97.82 rows=1 width=84)
               ->  Sort  (cost=97.82..97.82 rows=1 width=84)
                     Sort Key: (st_distance(st_transform(s_2238.the_geom, 25833), schw_2238.schw))
                     ->  Nested Loop  (cost=0.00..97.81 rows=1 width=84)
                           Join Filter: ((st_transform(s_2238.the_geom, 25833) && st_expand(schw_2238.schw, '300'::double precision)) AND (schw_2238.schw && st_expand(st_transform(s_2238.the_geom, 25833), '300'::double precision)) AND _st_dwithin(st_transform(s_2238.the_geom, 25833), schw_2238.schw, '300'::double precision))
                           ->  Function Scan on schw_2238  (cost=0.00..0.01 rows=1 width=32)
                           ->  Seq Scan on phoml_trajectory_tmp s_2238  (cost=0.00..95.68 rows=17 width=40)
                                 Filter: ((unix_time >= '1685451420.467'::double precision) AND (unix_time <= '1685451480.467'::double precision))
   ->  Subquery Scan on "*SELECT* 2240"  (cost=97.82..97.83 rows=1 width=76)
         ->  Limit  (cost=97.82..97.82 rows=1 width=84)
               ->  Sort  (cost=97.82..97.82 rows=1 width=84)
                     Sort Key: (st_distance(st_transform(s_2239.the_geom, 25833), schw_2239.schw))
                     ->  Nested Loop  (cost=0.00..97.81 rows=1 width=84)
                           Join Filter: ((st_transform(s_2239.the_geom, 25833) && st_expand(schw_2239.schw, '300'::double precision)) AND (schw_2239.schw && st_expand(st_transform(s_2239.the_geom, 25833), '300'::double precision)) AND _st_dwithin(st_transform(s_2239.the_geom, 25833), schw_2239.schw, '300'::double precision))
                           ->  Function Scan on schw_2239  (cost=0.00..0.01 rows=1 width=32)
                           ->  Seq Scan on phoml_trajectory_tmp s_2239  (cost=0.00..95.68 rows=17 width=40)
                                 Filter: ((unix_time >= '1685451420.917'::double precision) AND (unix_time <= '1685451480.917'::double precision))
   ->  Subquery Scan on "*SELECT* 2241"  (cost=97.82..97.83 rows=1 width=76)
         ->  Limit  (cost=97.82..97.82 rows=1 width=84)
               ->  Sort  (cost=97.82..97.82 rows=1 width=84)
                     Sort Key: (st_distance(st_transform(s_2240.the_geom, 25833), schw_2240.schw))
                     ->  Nested Loop  (cost=0.00..97.81 rows=1 width=84)
                           Join Filter: ((st_transform(s_2240.the_geom, 25833) && st_expand(schw_2240.schw, '300'::double precision)) AND (schw_2240.schw && st_expand(st_transform(s_2240.the_geom, 25833), '300'::double precision)) AND _st_dwithin(st_transform(s_2240.the_geom, 25833), schw_2240.schw, '300'::double precision))
                           ->  Function Scan on schw_2240  (cost=0.00..0.01 rows=1 width=32)
                           ->  Seq Scan on phoml_trajectory_tmp s_2240  (cost=0.00..95.68 rows=17 width=40)
                                 Filter: ((unix_time >= '1685451421.371'::double precision) AND (unix_time <= '1685451481.371'::double precision))
   ->  Subquery Scan on "*SELECT* 2242"  (cost=97.82..97.83 rows=1 width=76)
         ->  Limit  (cost=97.82..97.82 rows=1 width=84)
               ->  Sort  (cost=97.82..97.82 rows=1 width=84)
                     Sort Key: (st_distance(st_transform(s_2241.the_geom, 25833), schw_2241.schw))
                     ->  Nested Loop  (cost=0.00..97.81 rows=1 width=84)
                           Join Filter: ((st_transform(s_2241.the_geom, 25833) && st_expand(schw_2241.schw, '300'::double precision)) AND (schw_2241.schw && st_expand(st_transform(s_2241.the_geom, 25833), '300'::double precision)) AND _st_dwithin(st_transform(s_2241.the_geom, 25833), schw_2241.schw, '300'::double precision))
                           ->  Function Scan on schw_2241  (cost=0.00..0.01 rows=1 width=32)
                           ->  Seq Scan on phoml_trajectory_tmp s_2241  (cost=0.00..95.68 rows=17 width=40)
                                 Filter: ((unix_time >= '1685451421.811'::double precision) AND (unix_time <= '1685451481.811'::double precision))
   ->  Subquery Scan on "*SELECT* 2243"  (cost=97.82..97.83 rows=1 width=76)
         ->  Limit  (cost=97.82..97.82 rows=1 width=84)
               ->  Sort  (cost=97.82..97.82 rows=1 width=84)
                     Sort Key: (st_distance(st_transform(s_2242.the_geom, 25833), schw_2242.schw))
                     ->  Nested Loop  (cost=0.00..97.81 rows=1 width=84)
                           Join Filter: ((st_transform(s_2242.the_geom, 25833) && st_expand(schw_2242.schw, '300'::double precision)) AND (schw_2242.schw && st_expand(st_transform(s_2242.the_geom, 25833), '300'::double precision)) AND _st_dwithin(st_transform(s_2242.the_geom, 25833), schw_2242.schw, '300'::double precision))
                           ->  Function Scan on schw_2242  (cost=0.00..0.01 rows=1 width=32)
                           ->  Seq Scan on phoml_trajectory_tmp s_2242  (cost=0.00..95.68 rows=17 width=40)
                                 Filter: ((unix_time >= '1685451422.255'::double precision) AND (unix_time <= '1685451482.255'::double precision))
   ->  Subquery Scan on "*SELECT* 2244"  (cost=97.82..97.83 rows=1 width=76)
         ->  Limit  (cost=97.82..97.82 rows=1 width=84)
               ->  Sort  (cost=97.82..97.82 rows=1 width=84)
                     Sort Key: (st_distance(st_transform(s_2243.the_geom, 25833), schw_2243.schw))
                     ->  Nested Loop  (cost=0.00..97.81 rows=1 width=84)
                           Join Filter: ((st_transform(s_2243.the_geom, 25833) && st_expand(schw_2243.schw, '300'::double precision)) AND (schw_2243.schw && st_expand(st_transform(s_2243.the_geom, 25833), '300'::double precision)) AND _st_dwithin(st_transform(s_2243.the_geom, 25833), schw_2243.schw, '300'::double precision))
                           ->  Function Scan on schw_2243  (cost=0.00..0.01 rows=1 width=32)
                           ->  Seq Scan on phoml_trajectory_tmp s_2243  (cost=0.00..95.68 rows=17 width=40)
                                 Filter: ((unix_time >= '1685451422.695'::double precision) AND (unix_time <= '1685451482.695'::double precision))
   ->  Subquery Scan on "*SELECT* 2245"  (cost=97.82..97.83 rows=1 width=76)
         ->  Limit  (cost=97.82..97.82 rows=1 width=84)
               ->  Sort  (cost=97.82..97.82 rows=1 width=84)
                     Sort Key: (st_distance(st_transform(s_2244.the_geom, 25833), schw_2244.schw))
                     ->  Nested Loop  (cost=0.00..97.81 rows=1 width=84)
                           Join Filter: ((st_transform(s_2244.the_geom, 25833) && st_expand(schw_2244.schw, '300'::double precision)) AND (schw_2244.schw && st_expand(st_transform(s_2244.the_geom, 25833), '300'::double precision)) AND _st_dwithin(st_transform(s_2244.the_geom, 25833), schw_2244.schw, '300'::double precision))
                           ->  Function Scan on schw_2244  (cost=0.00..0.01 rows=1 width=32)
                           ->  Seq Scan on phoml_trajectory_tmp s_2244  (cost=0.00..95.68 rows=17 width=40)
                                 Filter: ((unix_time >= '1685451423.115'::double precision) AND (unix_time <= '1685451483.115'::double precision))
   ->  Subquery Scan on "*SELECT* 2246"  (cost=97.82..97.83 rows=1 width=76)
         ->  Limit  (cost=97.82..97.82 rows=1 width=84)
               ->  Sort  (cost=97.82..97.82 rows=1 width=84)
                     Sort Key: (st_distance(st_transform(s_2245.the_geom, 25833), schw_2245.schw))
                     ->  Nested Loop  (cost=0.00..97.81 rows=1 width=84)
                           Join Filter: ((st_transform(s_2245.the_geom, 25833) && st_expand(schw_2245.schw, '300'::double precision)) AND (schw_2245.schw && st_expand(st_transform(s_2245.the_geom, 25833), '300'::double precision)) AND _st_dwithin(st_transform(s_2245.the_geom, 25833), schw_2245.schw, '300'::double precision))
                           ->  Function Scan on schw_2245  (cost=0.00..0.01 rows=1 width=32)
                           ->  Seq Scan on phoml_trajectory_tmp s_2245  (cost=0.00..95.68 rows=17 width=40)
                                 Filter: ((unix_time >= '1685451423.538'::double precision) AND (unix_time <= '1685451483.538'::double precision))
   ->  Subquery Scan on "*SELECT* 2247"  (cost=97.82..97.83 rows=1 width=76)
         ->  Limit  (cost=97.82..97.82 rows=1 width=84)
               ->  Sort  (cost=97.82..97.82 rows=1 width=84)
                     Sort Key: (st_distance(st_transform(s_2246.the_geom, 25833), schw_2246.schw))
                     ->  Nested Loop  (cost=0.00..97.81 rows=1 width=84)
                           Join Filter: ((st_transform(s_2246.the_geom, 25833) && st_expand(schw_2246.schw, '300'::double precision)) AND (schw_2246.schw && st_expand(st_transform(s_2246.the_geom, 25833), '300'::double precision)) AND _st_dwithin(st_transform(s_2246.the_geom, 25833), schw_2246.schw, '300'::double precision))
                           ->  Function Scan on schw_2246  (cost=0.00..0.01 rows=1 width=32)
                           ->  Seq Scan on phoml_trajectory_tmp s_2246  (cost=0.00..95.68 rows=17 width=40)
                                 Filter: ((unix_time >= '1685451423.958'::double precision) AND (unix_time <= '1685451483.958'::double precision))
   ->  Subquery Scan on "*SELECT* 2248"  (cost=97.82..97.83 rows=1 width=76)
         ->  Limit  (cost=97.82..97.82 rows=1 width=84)
               ->  Sort  (cost=97.82..97.82 rows=1 width=84)
                     Sort Key: (st_distance(st_transform(s_2247.the_geom, 25833), schw_2247.schw))
                     ->  Nested Loop  (cost=0.00..97.81 rows=1 width=84)
                           Join Filter: ((st_transform(s_2247.the_geom, 25833) && st_expand(schw_2247.schw, '300'::double precision)) AND (schw_2247.schw && st_expand(st_transform(s_2247.the_geom, 25833), '300'::double precision)) AND _st_dwithin(st_transform(s_2247.the_geom, 25833), schw_2247.schw, '300'::double precision))
                           ->  Function Scan on schw_2247  (cost=0.00..0.01 rows=1 width=32)
                           ->  Seq Scan on phoml_trajectory_tmp s_2247  (cost=0.00..95.68 rows=17 width=40)
                                 Filter: ((unix_time >= '1685451424.363'::double precision) AND (unix_time <= '1685451484.363'::double precision))
   ->  Subquery Scan on "*SELECT* 2249"  (cost=97.82..97.83 rows=1 width=76)
         ->  Limit  (cost=97.82..97.82 rows=1 width=84)
               ->  Sort  (cost=97.82..97.82 rows=1 width=84)
                     Sort Key: (st_distance(st_transform(s_2248.the_geom, 25833), schw_2248.schw))
                     ->  Nested Loop  (cost=0.00..97.81 rows=1 width=84)
                           Join Filter: ((st_transform(s_2248.the_geom, 25833) && st_expand(schw_2248.schw, '300'::double precision)) AND (schw_2248.schw && st_expand(st_transform(s_2248.the_geom, 25833), '300'::double precision)) AND _st_dwithin(st_transform(s_2248.the_geom, 25833), schw_2248.schw, '300'::double precision))
                           ->  Function Scan on schw_2248  (cost=0.00..0.01 rows=1 width=32)
                           ->  Seq Scan on phoml_trajectory_tmp s_2248  (cost=0.00..95.68 rows=17 width=40)
                                 Filter: ((unix_time >= '1685451424.763'::double precision) AND (unix_time <= '1685451484.763'::double precision))
   ->  Subquery Scan on "*SELECT* 2250"  (cost=97.82..97.83 rows=1 width=76)
         ->  Limit  (cost=97.82..97.82 rows=1 width=84)
               ->  Sort  (cost=97.82..97.82 rows=1 width=84)
                     Sort Key: (st_distance(st_transform(s_2249.the_geom, 25833), schw_2249.schw))
                     ->  Nested Loop  (cost=0.00..97.81 rows=1 width=84)
                           Join Filter: ((st_transform(s_2249.the_geom, 25833) && st_expand(schw_2249.schw, '300'::double precision)) AND (schw_2249.schw && st_expand(st_transform(s_2249.the_geom, 25833), '300'::double precision)) AND _st_dwithin(st_transform(s_2249.the_geom, 25833), schw_2249.schw, '300'::double precision))
                           ->  Function Scan on schw_2249  (cost=0.00..0.01 rows=1 width=32)
                           ->  Seq Scan on phoml_trajectory_tmp s_2249  (cost=0.00..95.68 rows=17 width=40)
                                 Filter: ((unix_time >= '1685451425.167'::double precision) AND (unix_time <= '1685451485.167'::double precision))
   ->  Subquery Scan on "*SELECT* 2251"  (cost=97.82..97.83 rows=1 width=76)
         ->  Limit  (cost=97.82..97.82 rows=1 width=84)
               ->  Sort  (cost=97.82..97.82 rows=1 width=84)
                     Sort Key: (st_distance(st_transform(s_2250.the_geom, 25833), schw_2250.schw))
                     ->  Nested Loop  (cost=0.00..97.81 rows=1 width=84)
                           Join Filter: ((st_transform(s_2250.the_geom, 25833) && st_expand(schw_2250.schw, '300'::double precision)) AND (schw_2250.schw && st_expand(st_transform(s_2250.the_geom, 25833), '300'::double precision)) AND _st_dwithin(st_transform(s_2250.the_geom, 25833), schw_2250.schw, '300'::double precision))
                           ->  Function Scan on schw_2250  (cost=0.00..0.01 rows=1 width=32)
                           ->  Seq Scan on phoml_trajectory_tmp s_2250  (cost=0.00..95.68 rows=17 width=40)
                                 Filter: ((unix_time >= '1685451425.537'::double precision) AND (unix_time <= '1685451485.537'::double precision))
   ->  Subquery Scan on "*SELECT* 2252"  (cost=97.82..97.83 rows=1 width=76)
         ->  Limit  (cost=97.82..97.82 rows=1 width=84)
               ->  Sort  (cost=97.82..97.82 rows=1 width=84)
                     Sort Key: (st_distance(st_transform(s_2251.the_geom, 25833), schw_2251.schw))
                     ->  Nested Loop  (cost=0.00..97.81 rows=1 width=84)
                           Join Filter: ((st_transform(s_2251.the_geom, 25833) && st_expand(schw_2251.schw, '300'::double precision)) AND (schw_2251.schw && st_expand(st_transform(s_2251.the_geom, 25833), '300'::double precision)) AND _st_dwithin(st_transform(s_2251.the_geom, 25833), schw_2251.schw, '300'::double precision))
                           ->  Function Scan on schw_2251  (cost=0.00..0.01 rows=1 width=32)
                           ->  Seq Scan on phoml_trajectory_tmp s_2251  (cost=0.00..95.68 rows=17 width=40)
                                 Filter: ((unix_time >= '1685451425.937'::double precision) AND (unix_time <= '1685451485.937'::double precision))
   ->  Subquery Scan on "*SELECT* 2253"  (cost=97.82..97.83 rows=1 width=76)
         ->  Limit  (cost=97.82..97.82 rows=1 width=84)
               ->  Sort  (cost=97.82..97.82 rows=1 width=84)
                     Sort Key: (st_distance(st_transform(s_2252.the_geom, 25833), schw_2252.schw))
                     ->  Nested Loop  (cost=0.00..97.81 rows=1 width=84)
                           Join Filter: ((st_transform(s_2252.the_geom, 25833) && st_expand(schw_2252.schw, '300'::double precision)) AND (schw_2252.schw && st_expand(st_transform(s_2252.the_geom, 25833), '300'::double precision)) AND _st_dwithin(st_transform(s_2252.the_geom, 25833), schw_2252.schw, '300'::double precision))
                           ->  Function Scan on schw_2252  (cost=0.00..0.01 rows=1 width=32)
                           ->  Seq Scan on phoml_trajectory_tmp s_2252  (cost=0.00..95.68 rows=17 width=40)
                                 Filter: ((unix_time >= '1685451426.313'::double precision) AND (unix_time <= '1685451486.313'::double precision))
   ->  Subquery Scan on "*SELECT* 2254"  (cost=97.82..97.83 rows=1 width=76)
         ->  Limit  (cost=97.82..97.82 rows=1 width=84)
               ->  Sort  (cost=97.82..97.82 rows=1 width=84)
                     Sort Key: (st_distance(st_transform(s_2253.the_geom, 25833), schw_2253.schw))
                     ->  Nested Loop  (cost=0.00..97.81 rows=1 width=84)
                           Join Filter: ((st_transform(s_2253.the_geom, 25833) && st_expand(schw_2253.schw, '300'::double precision)) AND (schw_2253.schw && st_expand(st_transform(s_2253.the_geom, 25833), '300'::double precision)) AND _st_dwithin(st_transform(s_2253.the_geom, 25833), schw_2253.schw, '300'::double precision))
                           ->  Function Scan on schw_2253  (cost=0.00..0.01 rows=1 width=32)
                           ->  Seq Scan on phoml_trajectory_tmp s_2253  (cost=0.00..95.68 rows=17 width=40)
                                 Filter: ((unix_time >= '1685451426.693'::double precision) AND (unix_time <= '1685451486.693'::double precision))
   ->  Subquery Scan on "*SELECT* 2255"  (cost=97.82..97.83 rows=1 width=76)
         ->  Limit  (cost=97.82..97.82 rows=1 width=84)
               ->  Sort  (cost=97.82..97.82 rows=1 width=84)
                     Sort Key: (st_distance(st_transform(s_2254.the_geom, 25833), schw_2254.schw))
                     ->  Nested Loop  (cost=0.00..97.81 rows=1 width=84)
                           Join Filter: ((st_transform(s_2254.the_geom, 25833) && st_expand(schw_2254.schw, '300'::double precision)) AND (schw_2254.schw && st_expand(st_transform(s_2254.the_geom, 25833), '300'::double precision)) AND _st_dwithin(st_transform(s_2254.the_geom, 25833), schw_2254.schw, '300'::double precision))
                           ->  Function Scan on schw_2254  (cost=0.00..0.01 rows=1 width=32)
                           ->  Seq Scan on phoml_trajectory_tmp s_2254  (cost=0.00..95.68 rows=17 width=40)
                                 Filter: ((unix_time >= '1685451427.053'::double precision) AND (unix_time <= '1685451487.053'::double precision))
   ->  Subquery Scan on "*SELECT* 2256"  (cost=97.82..97.83 rows=1 width=76)
         ->  Limit  (cost=97.82..97.82 rows=1 width=84)
               ->  Sort  (cost=97.82..97.82 rows=1 width=84)
                     Sort Key: (st_distance(st_transform(s_2255.the_geom, 25833), schw_2255.schw))
                     ->  Nested Loop  (cost=0.00..97.81 rows=1 width=84)
                           Join Filter: ((st_transform(s_2255.the_geom, 25833) && st_expand(schw_2255.schw, '300'::double precision)) AND (schw_2255.schw && st_expand(st_transform(s_2255.the_geom, 25833), '300'::double precision)) AND _st_dwithin(st_transform(s_2255.the_geom, 25833), schw_2255.schw, '300'::double precision))
                           ->  Function Scan on schw_2255  (cost=0.00..0.01 rows=1 width=32)
                           ->  Seq Scan on phoml_trajectory_tmp s_2255  (cost=0.00..95.68 rows=17 width=40)
                                 Filter: ((unix_time >= '1685451427.415'::double precision) AND (unix_time <= '1685451487.415'::double precision))
   ->  Subquery Scan on "*SELECT* 2257"  (cost=97.82..97.83 rows=1 width=76)
         ->  Limit  (cost=97.82..97.82 rows=1 width=84)
               ->  Sort  (cost=97.82..97.82 rows=1 width=84)
                     Sort Key: (st_distance(st_transform(s_2256.the_geom, 25833), schw_2256.schw))
                     ->  Nested Loop  (cost=0.00..97.81 rows=1 width=84)
                           Join Filter: ((st_transform(s_2256.the_geom, 25833) && st_expand(schw_2256.schw, '300'::double precision)) AND (schw_2256.schw && st_expand(st_transform(s_2256.the_geom, 25833), '300'::double precision)) AND _st_dwithin(st_transform(s_2256.the_geom, 25833), schw_2256.schw, '300'::double precision))
                           ->  Function Scan on schw_2256  (cost=0.00..0.01 rows=1 width=32)
                           ->  Seq Scan on phoml_trajectory_tmp s_2256  (cost=0.00..95.68 rows=17 width=40)
                                 Filter: ((unix_time >= '1685451427.775'::double precision) AND (unix_time <= '1685451487.775'::double precision))
   ->  Subquery Scan on "*SELECT* 2258"  (cost=97.82..97.83 rows=1 width=76)
         ->  Limit  (cost=97.82..97.82 rows=1 width=84)
               ->  Sort  (cost=97.82..97.82 rows=1 width=84)
                     Sort Key: (st_distance(st_transform(s_2257.the_geom, 25833), schw_2257.schw))
                     ->  Nested Loop  (cost=0.00..97.81 rows=1 width=84)
                           Join Filter: ((st_transform(s_2257.the_geom, 25833) && st_expand(schw_2257.schw, '300'::double precision)) AND (schw_2257.schw && st_expand(st_transform(s_2257.the_geom, 25833), '300'::double precision)) AND _st_dwithin(st_transform(s_2257.the_geom, 25833), schw_2257.schw, '300'::double precision))
                           ->  Function Scan on schw_2257  (cost=0.00..0.01 rows=1 width=32)
                           ->  Seq Scan on phoml_trajectory_tmp s_2257  (cost=0.00..95.68 rows=17 width=40)
                                 Filter: ((unix_time >= '1685451428.132'::double precision) AND (unix_time <= '1685451488.132'::double precision))
   ->  Subquery Scan on "*SELECT* 2259"  (cost=97.82..97.83 rows=1 width=76)
         ->  Limit  (cost=97.82..97.82 rows=1 width=84)
               ->  Sort  (cost=97.82..97.82 rows=1 width=84)
                     Sort Key: (st_distance(st_transform(s_2258.the_geom, 25833), schw_2258.schw))
                     ->  Nested Loop  (cost=0.00..97.81 rows=1 width=84)
                           Join Filter: ((st_transform(s_2258.the_geom, 25833) && st_expand(schw_2258.schw, '300'::double precision)) AND (schw_2258.schw && st_expand(st_transform(s_2258.the_geom, 25833), '300'::double precision)) AND _st_dwithin(st_transform(s_2258.the_geom, 25833), schw_2258.schw, '300'::double precision))
                           ->  Function Scan on schw_2258  (cost=0.00..0.01 rows=1 width=32)
                           ->  Seq Scan on phoml_trajectory_tmp s_2258  (cost=0.00..95.68 rows=17 width=40)
                                 Filter: ((unix_time >= '1685451428.478'::double precision) AND (unix_time <= '1685451488.478'::double precision))
   ->  Subquery Scan on "*SELECT* 2260"  (cost=97.82..97.83 rows=1 width=76)
         ->  Limit  (cost=97.82..97.82 rows=1 width=84)
               ->  Sort  (cost=97.82..97.82 rows=1 width=84)
                     Sort Key: (st_distance(st_transform(s_2259.the_geom, 25833), schw_2259.schw))
                     ->  Nested Loop  (cost=0.00..97.81 rows=1 width=84)
                           Join Filter: ((st_transform(s_2259.the_geom, 25833) && st_expand(schw_2259.schw, '300'::double precision)) AND (schw_2259.schw && st_expand(st_transform(s_2259.the_geom, 25833), '300'::double precision)) AND _st_dwithin(st_transform(s_2259.the_geom, 25833), schw_2259.schw, '300'::double precision))
                           ->  Function Scan on schw_2259  (cost=0.00..0.01 rows=1 width=32)
                           ->  Seq Scan on phoml_trajectory_tmp s_2259  (cost=0.00..95.68 rows=17 width=40)
                                 Filter: ((unix_time >= '1685451428.828'::double precision) AND (unix_time <= '1685451488.828'::double precision))
   ->  Subquery Scan on "*SELECT* 2261"  (cost=97.82..97.83 rows=1 width=76)
         ->  Limit  (cost=97.82..97.82 rows=1 width=84)
               ->  Sort  (cost=97.82..97.82 rows=1 width=84)
                     Sort Key: (st_distance(st_transform(s_2260.the_geom, 25833), schw_2260.schw))
                     ->  Nested Loop  (cost=0.00..97.81 rows=1 width=84)
                           Join Filter: ((st_transform(s_2260.the_geom, 25833) && st_expand(schw_2260.schw, '300'::double precision)) AND (schw_2260.schw && st_expand(st_transform(s_2260.the_geom, 25833), '300'::double precision)) AND _st_dwithin(st_transform(s_2260.the_geom, 25833), schw_2260.schw, '300'::double precision))
                           ->  Function Scan on schw_2260  (cost=0.00..0.01 rows=1 width=32)
                           ->  Seq Scan on phoml_trajectory_tmp s_2260  (cost=0.00..95.68 rows=17 width=40)
                                 Filter: ((unix_time >= '1685451429.169'::double precision) AND (unix_time <= '1685451489.169'::double precision))
   ->  Subquery Scan on "*SELECT* 2262"  (cost=97.82..97.83 rows=1 width=76)
         ->  Limit  (cost=97.82..97.82 rows=1 width=84)
               ->  Sort  (cost=97.82..97.82 rows=1 width=84)
                     Sort Key: (st_distance(st_transform(s_2261.the_geom, 25833), schw_2261.schw))
                     ->  Nested Loop  (cost=0.00..97.81 rows=1 width=84)
                           Join Filter: ((st_transform(s_2261.the_geom, 25833) && st_expand(schw_2261.schw, '300'::double precision)) AND (schw_2261.schw && st_expand(st_transform(s_2261.the_geom, 25833), '300'::double precision)) AND _st_dwithin(st_transform(s_2261.the_geom, 25833), schw_2261.schw, '300'::double precision))
                           ->  Function Scan on schw_2261  (cost=0.00..0.01 rows=1 width=32)
                           ->  Seq Scan on phoml_trajectory_tmp s_2261  (cost=0.00..95.68 rows=17 width=40)
                                 Filter: ((unix_time >= '1685451429.519'::double precision) AND (unix_time <= '1685451489.519'::double precision))
   ->  Subquery Scan on "*SELECT* 2263"  (cost=97.82..97.83 rows=1 width=76)
         ->  Limit  (cost=97.82..97.82 rows=1 width=84)
               ->  Sort  (cost=97.82..97.82 rows=1 width=84)
                     Sort Key: (st_distance(st_transform(s_2262.the_geom, 25833), schw_2262.schw))
                     ->  Nested Loop  (cost=0.00..97.81 rows=1 width=84)
                           Join Filter: ((st_transform(s_2262.the_geom, 25833) && st_expand(schw_2262.schw, '300'::double precision)) AND (schw_2262.schw && st_expand(st_transform(s_2262.the_geom, 25833), '300'::double precision)) AND _st_dwithin(st_transform(s_2262.the_geom, 25833), schw_2262.schw, '300'::double precision))
                           ->  Function Scan on schw_2262  (cost=0.00..0.01 rows=1 width=32)
                           ->  Seq Scan on phoml_trajectory_tmp s_2262  (cost=0.00..95.68 rows=17 width=40)
                                 Filter: ((unix_time >= '1685451429.859'::double precision) AND (unix_time <= '1685451489.859'::double precision))
   ->  Subquery Scan on "*SELECT* 2264"  (cost=97.82..97.83 rows=1 width=76)
         ->  Limit  (cost=97.82..97.82 rows=1 width=84)
               ->  Sort  (cost=97.82..97.82 rows=1 width=84)
                     Sort Key: (st_distance(st_transform(s_2263.the_geom, 25833), schw_2263.schw))
                     ->  Nested Loop  (cost=0.00..97.81 rows=1 width=84)
                           Join Filter: ((st_transform(s_2263.the_geom, 25833) && st_expand(schw_2263.schw, '300'::double precision)) AND (schw_2263.schw && st_expand(st_transform(s_2263.the_geom, 25833), '300'::double precision)) AND _st_dwithin(st_transform(s_2263.the_geom, 25833), schw_2263.schw, '300'::double precision))
                           ->  Function Scan on schw_2263  (cost=0.00..0.01 rows=1 width=32)
                           ->  Seq Scan on phoml_trajectory_tmp s_2263  (cost=0.00..95.68 rows=17 width=40)
                                 Filter: ((unix_time >= '1685451430.21'::double precision) AND (unix_time <= '1685451490.21'::double precision))
   ->  Subquery Scan on "*SELECT* 2265"  (cost=97.82..97.83 rows=1 width=76)
         ->  Limit  (cost=97.82..97.82 rows=1 width=84)
               ->  Sort  (cost=97.82..97.82 rows=1 width=84)
                     Sort Key: (st_distance(st_transform(s_2264.the_geom, 25833), schw_2264.schw))
                     ->  Nested Loop  (cost=0.00..97.81 rows=1 width=84)
                           Join Filter: ((st_transform(s_2264.the_geom, 25833) && st_expand(schw_2264.schw, '300'::double precision)) AND (schw_2264.schw && st_expand(st_transform(s_2264.the_geom, 25833), '300'::double precision)) AND _st_dwithin(st_transform(s_2264.the_geom, 25833), schw_2264.schw, '300'::double precision))
                           ->  Function Scan on schw_2264  (cost=0.00..0.01 rows=1 width=32)
                           ->  Seq Scan on phoml_trajectory_tmp s_2264  (cost=0.00..95.68 rows=17 width=40)
                                 Filter: ((unix_time >= '1685451430.55'::double precision) AND (unix_time <= '1685451490.55'::double precision))
   ->  Subquery Scan on "*SELECT* 2266"  (cost=97.82..97.83 rows=1 width=76)
         ->  Limit  (cost=97.82..97.82 rows=1 width=84)
               ->  Sort  (cost=97.82..97.82 rows=1 width=84)
                     Sort Key: (st_distance(st_transform(s_2265.the_geom, 25833), schw_2265.schw))
                     ->  Nested Loop  (cost=0.00..97.81 rows=1 width=84)
                           Join Filter: ((st_transform(s_2265.the_geom, 25833) && st_expand(schw_2265.schw, '300'::double precision)) AND (schw_2265.schw && st_expand(st_transform(s_2265.the_geom, 25833), '300'::double precision)) AND _st_dwithin(st_transform(s_2265.the_geom, 25833), schw_2265.schw, '300'::double precision))
                           ->  Function Scan on schw_2265  (cost=0.00..0.01 rows=1 width=32)
                           ->  Seq Scan on phoml_trajectory_tmp s_2265  (cost=0.00..95.68 rows=17 width=40)
                                 Filter: ((unix_time >= '1685451430.89'::double precision) AND (unix_time <= '1685451490.89'::double precision))
   ->  Subquery Scan on "*SELECT* 2267"  (cost=97.82..97.83 rows=1 width=76)
         ->  Limit  (cost=97.82..97.82 rows=1 width=84)
               ->  Sort  (cost=97.82..97.82 rows=1 width=84)
                     Sort Key: (st_distance(st_transform(s_2266.the_geom, 25833), schw_2266.schw))
                     ->  Nested Loop  (cost=0.00..97.81 rows=1 width=84)
                           Join Filter: ((st_transform(s_2266.the_geom, 25833) && st_expand(schw_2266.schw, '300'::double precision)) AND (schw_2266.schw && st_expand(st_transform(s_2266.the_geom, 25833), '300'::double precision)) AND _st_dwithin(st_transform(s_2266.the_geom, 25833), schw_2266.schw, '300'::double precision))
                           ->  Function Scan on schw_2266  (cost=0.00..0.01 rows=1 width=32)
                           ->  Seq Scan on phoml_trajectory_tmp s_2266  (cost=0.00..95.68 rows=17 width=40)
                                 Filter: ((unix_time >= '1685451431.234'::double precision) AND (unix_time <= '1685451491.234'::double precision))
   ->  Subquery Scan on "*SELECT* 2268"  (cost=97.82..97.83 rows=1 width=76)
         ->  Limit  (cost=97.82..97.82 rows=1 width=84)
               ->  Sort  (cost=97.82..97.82 rows=1 width=84)
                     Sort Key: (st_distance(st_transform(s_2267.the_geom, 25833), schw_2267.schw))
                     ->  Nested Loop  (cost=0.00..97.81 rows=1 width=84)
                           Join Filter: ((st_transform(s_2267.the_geom, 25833) && st_expand(schw_2267.schw, '300'::double precision)) AND (schw_2267.schw && st_expand(st_transform(s_2267.the_geom, 25833), '300'::double precision)) AND _st_dwithin(st_transform(s_2267.the_geom, 25833), schw_2267.schw, '300'::double precision))
                           ->  Function Scan on schw_2267  (cost=0.00..0.01 rows=1 width=32)
                           ->  Seq Scan on phoml_trajectory_tmp s_2267  (cost=0.00..95.68 rows=17 width=40)
                                 Filter: ((unix_time >= '1685451431.564'::double precision) AND (unix_time <= '1685451491.564'::double precision))
   ->  Subquery Scan on "*SELECT* 2269"  (cost=97.82..97.83 rows=1 width=76)
         ->  Limit  (cost=97.82..97.82 rows=1 width=84)
               ->  Sort  (cost=97.82..97.82 rows=1 width=84)
                     Sort Key: (st_distance(st_transform(s_2268.the_geom, 25833), schw_2268.schw))
                     ->  Nested Loop  (cost=0.00..97.81 rows=1 width=84)
                           Join Filter: ((st_transform(s_2268.the_geom, 25833) && st_expand(schw_2268.schw, '300'::double precision)) AND (schw_2268.schw && st_expand(st_transform(s_2268.the_geom, 25833), '300'::double precision)) AND _st_dwithin(st_transform(s_2268.the_geom, 25833), schw_2268.schw, '300'::double precision))
                           ->  Function Scan on schw_2268  (cost=0.00..0.01 rows=1 width=32)
                           ->  Seq Scan on phoml_trajectory_tmp s_2268  (cost=0.00..95.68 rows=17 width=40)
                                 Filter: ((unix_time >= '1685451431.914'::double precision) AND (unix_time <= '1685451491.914'::double precision))
   ->  Subquery Scan on "*SELECT* 2270"  (cost=97.82..97.83 rows=1 width=76)
         ->  Limit  (cost=97.82..97.82 rows=1 width=84)
               ->  Sort  (cost=97.82..97.82 rows=1 width=84)
                     Sort Key: (st_distance(st_transform(s_2269.the_geom, 25833), schw_2269.schw))
                     ->  Nested Loop  (cost=0.00..97.81 rows=1 width=84)
                           Join Filter: ((st_transform(s_2269.the_geom, 25833) && st_expand(schw_2269.schw, '300'::double precision)) AND (schw_2269.schw && st_expand(st_transform(s_2269.the_geom, 25833), '300'::double precision)) AND _st_dwithin(st_transform(s_2269.the_geom, 25833), schw_2269.schw, '300'::double precision))
                           ->  Function Scan on schw_2269  (cost=0.00..0.01 rows=1 width=32)
                           ->  Seq Scan on phoml_trajectory_tmp s_2269  (cost=0.00..95.68 rows=17 width=40)
                                 Filter: ((unix_time >= '1685451432.268'::double precision) AND (unix_time <= '1685451492.268'::double precision))
   ->  Subquery Scan on "*SELECT* 2271"  (cost=97.82..97.83 rows=1 width=76)
         ->  Limit  (cost=97.82..97.82 rows=1 width=84)
               ->  Sort  (cost=97.82..97.82 rows=1 width=84)
                     Sort Key: (st_distance(st_transform(s_2270.the_geom, 25833), schw_2270.schw))
                     ->  Nested Loop  (cost=0.00..97.81 rows=1 width=84)
                           Join Filter: ((st_transform(s_2270.the_geom, 25833) && st_expand(schw_2270.schw, '300'::double precision)) AND (schw_2270.schw && st_expand(st_transform(s_2270.the_geom, 25833), '300'::double precision)) AND _st_dwithin(st_transform(s_2270.the_geom, 25833), schw_2270.schw, '300'::double precision))
                           ->  Function Scan on schw_2270  (cost=0.00..0.01 rows=1 width=32)
                           ->  Seq Scan on phoml_trajectory_tmp s_2270  (cost=0.00..95.68 rows=17 width=40)
                                 Filter: ((unix_time >= '1685451432.609'::double precision) AND (unix_time <= '1685451492.609'::double precision))
   ->  Subquery Scan on "*SELECT* 2272"  (cost=97.82..97.83 rows=1 width=76)
         ->  Limit  (cost=97.82..97.82 rows=1 width=84)
               ->  Sort  (cost=97.82..97.82 rows=1 width=84)
                     Sort Key: (st_distance(st_transform(s_2271.the_geom, 25833), schw_2271.schw))
                     ->  Nested Loop  (cost=0.00..97.81 rows=1 width=84)
                           Join Filter: ((st_transform(s_2271.the_geom, 25833) && st_expand(schw_2271.schw, '300'::double precision)) AND (schw_2271.schw && st_expand(st_transform(s_2271.the_geom, 25833), '300'::double precision)) AND _st_dwithin(st_transform(s_2271.the_geom, 25833), schw_2271.schw, '300'::double precision))
                           ->  Function Scan on schw_2271  (cost=0.00..0.01 rows=1 width=32)
                           ->  Seq Scan on phoml_trajectory_tmp s_2271  (cost=0.00..95.68 rows=17 width=40)
                                 Filter: ((unix_time >= '1685451432.958'::double precision) AND (unix_time <= '1685451492.958'::double precision))
   ->  Subquery Scan on "*SELECT* 2273"  (cost=97.82..97.83 rows=1 width=76)
         ->  Limit  (cost=97.82..97.82 rows=1 width=84)
               ->  Sort  (cost=97.82..97.82 rows=1 width=84)
                     Sort Key: (st_distance(st_transform(s_2272.the_geom, 25833), schw_2272.schw))
                     ->  Nested Loop  (cost=0.00..97.81 rows=1 width=84)
                           Join Filter: ((st_transform(s_2272.the_geom, 25833) && st_expand(schw_2272.schw, '300'::double precision)) AND (schw_2272.schw && st_expand(st_transform(s_2272.the_geom, 25833), '300'::double precision)) AND _st_dwithin(st_transform(s_2272.the_geom, 25833), schw_2272.schw, '300'::double precision))
                           ->  Function Scan on schw_2272  (cost=0.00..0.01 rows=1 width=32)
                           ->  Seq Scan on phoml_trajectory_tmp s_2272  (cost=0.00..95.68 rows=17 width=40)
                                 Filter: ((unix_time >= '1685451433.303'::double precision) AND (unix_time <= '1685451493.303'::double precision))
   ->  Subquery Scan on "*SELECT* 2274"  (cost=97.82..97.83 rows=1 width=76)
         ->  Limit  (cost=97.82..97.82 rows=1 width=84)
               ->  Sort  (cost=97.82..97.82 rows=1 width=84)
                     Sort Key: (st_distance(st_transform(s_2273.the_geom, 25833), schw_2273.schw))
                     ->  Nested Loop  (cost=0.00..97.81 rows=1 width=84)
                           Join Filter: ((st_transform(s_2273.the_geom, 25833) && st_expand(schw_2273.schw, '300'::double precision)) AND (schw_2273.schw && st_expand(st_transform(s_2273.the_geom, 25833), '300'::double precision)) AND _st_dwithin(st_transform(s_2273.the_geom, 25833), schw_2273.schw, '300'::double precision))
                           ->  Function Scan on schw_2273  (cost=0.00..0.01 rows=1 width=32)
                           ->  Seq Scan on phoml_trajectory_tmp s_2273  (cost=0.00..95.68 rows=17 width=40)
                                 Filter: ((unix_time >= '1685451433.643'::double precision) AND (unix_time <= '1685451493.643'::double precision))
   ->  Subquery Scan on "*SELECT* 2275"  (cost=97.82..97.83 rows=1 width=76)
         ->  Limit  (cost=97.82..97.82 rows=1 width=84)
               ->  Sort  (cost=97.82..97.82 rows=1 width=84)
                     Sort Key: (st_distance(st_transform(s_2274.the_geom, 25833), schw_2274.schw))
                     ->  Nested Loop  (cost=0.00..97.81 rows=1 width=84)
                           Join Filter: ((st_transform(s_2274.the_geom, 25833) && st_expand(schw_2274.schw, '300'::double precision)) AND (schw_2274.schw && st_expand(st_transform(s_2274.the_geom, 25833), '300'::double precision)) AND _st_dwithin(st_transform(s_2274.the_geom, 25833), schw_2274.schw, '300'::double precision))
                           ->  Function Scan on schw_2274  (cost=0.00..0.01 rows=1 width=32)
                           ->  Seq Scan on phoml_trajectory_tmp s_2274  (cost=0.00..95.68 rows=17 width=40)
                                 Filter: ((unix_time >= '1685451433.983'::double precision) AND (unix_time <= '1685451493.983'::double precision))
   ->  Subquery Scan on "*SELECT* 2276"  (cost=97.82..97.83 rows=1 width=76)
         ->  Limit  (cost=97.82..97.82 rows=1 width=84)
               ->  Sort  (cost=97.82..97.82 rows=1 width=84)
                     Sort Key: (st_distance(st_transform(s_2275.the_geom, 25833), schw_2275.schw))
                     ->  Nested Loop  (cost=0.00..97.81 rows=1 width=84)
                           Join Filter: ((st_transform(s_2275.the_geom, 25833) && st_expand(schw_2275.schw, '300'::double precision)) AND (schw_2275.schw && st_expand(st_transform(s_2275.the_geom, 25833), '300'::double precision)) AND _st_dwithin(st_transform(s_2275.the_geom, 25833), schw_2275.schw, '300'::double precision))
                           ->  Function Scan on schw_2275  (cost=0.00..0.01 rows=1 width=32)
                           ->  Seq Scan on phoml_trajectory_tmp s_2275  (cost=0.00..95.68 rows=17 width=40)
                                 Filter: ((unix_time >= '1685451434.332'::double precision) AND (unix_time <= '1685451494.332'::double precision))
   ->  Subquery Scan on "*SELECT* 2277"  (cost=97.82..97.83 rows=1 width=76)
         ->  Limit  (cost=97.82..97.82 rows=1 width=84)
               ->  Sort  (cost=97.82..97.82 rows=1 width=84)
                     Sort Key: (st_distance(st_transform(s_2276.the_geom, 25833), schw_2276.schw))
                     ->  Nested Loop  (cost=0.00..97.81 rows=1 width=84)
                           Join Filter: ((st_transform(s_2276.the_geom, 25833) && st_expand(schw_2276.schw, '300'::double precision)) AND (schw_2276.schw && st_expand(st_transform(s_2276.the_geom, 25833), '300'::double precision)) AND _st_dwithin(st_transform(s_2276.the_geom, 25833), schw_2276.schw, '300'::double precision))
                           ->  Function Scan on schw_2276  (cost=0.00..0.01 rows=1 width=32)
                           ->  Seq Scan on phoml_trajectory_tmp s_2276  (cost=0.00..95.68 rows=17 width=40)
                                 Filter: ((unix_time >= '1685451434.661'::double precision) AND (unix_time <= '1685451494.661'::double precision))
   ->  Subquery Scan on "*SELECT* 2278"  (cost=97.82..97.83 rows=1 width=76)
         ->  Limit  (cost=97.82..97.82 rows=1 width=84)
               ->  Sort  (cost=97.82..97.82 rows=1 width=84)
                     Sort Key: (st_distance(st_transform(s_2277.the_geom, 25833), schw_2277.schw))
                     ->  Nested Loop  (cost=0.00..97.81 rows=1 width=84)
                           Join Filter: ((st_transform(s_2277.the_geom, 25833) && st_expand(schw_2277.schw, '300'::double precision)) AND (schw_2277.schw && st_expand(st_transform(s_2277.the_geom, 25833), '300'::double precision)) AND _st_dwithin(st_transform(s_2277.the_geom, 25833), schw_2277.schw, '300'::double precision))
                           ->  Function Scan on schw_2277  (cost=0.00..0.01 rows=1 width=32)
                           ->  Seq Scan on phoml_trajectory_tmp s_2277  (cost=0.00..95.68 rows=17 width=40)
                                 Filter: ((unix_time >= '1685451435.011'::double precision) AND (unix_time <= '1685451495.011'::double precision))
   ->  Subquery Scan on "*SELECT* 2279"  (cost=97.82..97.83 rows=1 width=76)
         ->  Limit  (cost=97.82..97.82 rows=1 width=84)
               ->  Sort  (cost=97.82..97.82 rows=1 width=84)
                     Sort Key: (st_distance(st_transform(s_2278.the_geom, 25833), schw_2278.schw))
                     ->  Nested Loop  (cost=0.00..97.81 rows=1 width=84)
                           Join Filter: ((st_transform(s_2278.the_geom, 25833) && st_expand(schw_2278.schw, '300'::double precision)) AND (schw_2278.schw && st_expand(st_transform(s_2278.the_geom, 25833), '300'::double precision)) AND _st_dwithin(st_transform(s_2278.the_geom, 25833), schw_2278.schw, '300'::double precision))
                           ->  Function Scan on schw_2278  (cost=0.00..0.01 rows=1 width=32)
                           ->  Seq Scan on phoml_trajectory_tmp s_2278  (cost=0.00..95.68 rows=17 width=40)
                                 Filter: ((unix_time >= '1685451435.355'::double precision) AND (unix_time <= '1685451495.355'::double precision))
   ->  Subquery Scan on "*SELECT* 2280"  (cost=97.82..97.83 rows=1 width=76)
         ->  Limit  (cost=97.82..97.82 rows=1 width=84)
               ->  Sort  (cost=97.82..97.82 rows=1 width=84)
                     Sort Key: (st_distance(st_transform(s_2279.the_geom, 25833), schw_2279.schw))
                     ->  Nested Loop  (cost=0.00..97.81 rows=1 width=84)
                           Join Filter: ((st_transform(s_2279.the_geom, 25833) && st_expand(schw_2279.schw, '300'::double precision)) AND (schw_2279.schw && st_expand(st_transform(s_2279.the_geom, 25833), '300'::double precision)) AND _st_dwithin(st_transform(s_2279.the_geom, 25833), schw_2279.schw, '300'::double precision))
                           ->  Function Scan on schw_2279  (cost=0.00..0.01 rows=1 width=32)
                           ->  Seq Scan on phoml_trajectory_tmp s_2279  (cost=0.00..95.68 rows=17 width=40)
                                 Filter: ((unix_time >= '1685451435.695'::double precision) AND (unix_time <= '1685451495.695'::double precision))
   ->  Subquery Scan on "*SELECT* 2281"  (cost=97.82..97.83 rows=1 width=76)
         ->  Limit  (cost=97.82..97.82 rows=1 width=84)
               ->  Sort  (cost=97.82..97.82 rows=1 width=84)
                     Sort Key: (st_distance(st_transform(s_2280.the_geom, 25833), schw_2280.schw))
                     ->  Nested Loop  (cost=0.00..97.81 rows=1 width=84)
                           Join Filter: ((st_transform(s_2280.the_geom, 25833) && st_expand(schw_2280.schw, '300'::double precision)) AND (schw_2280.schw && st_expand(st_transform(s_2280.the_geom, 25833), '300'::double precision)) AND _st_dwithin(st_transform(s_2280.the_geom, 25833), schw_2280.schw, '300'::double precision))
                           ->  Function Scan on schw_2280  (cost=0.00..0.01 rows=1 width=32)
                           ->  Seq Scan on phoml_trajectory_tmp s_2280  (cost=0.00..95.68 rows=17 width=40)
                                 Filter: ((unix_time >= '1685451436.036'::double precision) AND (unix_time <= '1685451496.036'::double precision))
   ->  Subquery Scan on "*SELECT* 2282"  (cost=97.82..97.83 rows=1 width=76)
         ->  Limit  (cost=97.82..97.82 rows=1 width=84)
               ->  Sort  (cost=97.82..97.82 rows=1 width=84)
                     Sort Key: (st_distance(st_transform(s_2281.the_geom, 25833), schw_2281.schw))
                     ->  Nested Loop  (cost=0.00..97.81 rows=1 width=84)
                           Join Filter: ((st_transform(s_2281.the_geom, 25833) && st_expand(schw_2281.schw, '300'::double precision)) AND (schw_2281.schw && st_expand(st_transform(s_2281.the_geom, 25833), '300'::double precision)) AND _st_dwithin(st_transform(s_2281.the_geom, 25833), schw_2281.schw, '300'::double precision))
                           ->  Function Scan on schw_2281  (cost=0.00..0.01 rows=1 width=32)
                           ->  Seq Scan on phoml_trajectory_tmp s_2281  (cost=0.00..95.68 rows=17 width=40)
                                 Filter: ((unix_time >= '1685451436.381'::double precision) AND (unix_time <= '1685451496.381'::double precision))
   ->  Subquery Scan on "*SELECT* 2283"  (cost=97.82..97.83 rows=1 width=76)
         ->  Limit  (cost=97.82..97.82 rows=1 width=84)
               ->  Sort  (cost=97.82..97.82 rows=1 width=84)
                     Sort Key: (st_distance(st_transform(s_2282.the_geom, 25833), schw_2282.schw))
                     ->  Nested Loop  (cost=0.00..97.81 rows=1 width=84)
                           Join Filter: ((st_transform(s_2282.the_geom, 25833) && st_expand(schw_2282.schw, '300'::double precision)) AND (schw_2282.schw && st_expand(st_transform(s_2282.the_geom, 25833), '300'::double precision)) AND _st_dwithin(st_transform(s_2282.the_geom, 25833), schw_2282.schw, '300'::double precision))
                           ->  Function Scan on schw_2282  (cost=0.00..0.01 rows=1 width=32)
                           ->  Seq Scan on phoml_trajectory_tmp s_2282  (cost=0.00..95.68 rows=17 width=40)
                                 Filter: ((unix_time >= '1685451436.721'::double precision) AND (unix_time <= '1685451496.721'::double precision))
   ->  Subquery Scan on "*SELECT* 2284"  (cost=97.82..97.83 rows=1 width=76)
         ->  Limit  (cost=97.82..97.82 rows=1 width=84)
               ->  Sort  (cost=97.82..97.82 rows=1 width=84)
                     Sort Key: (st_distance(st_transform(s_2283.the_geom, 25833), schw_2283.schw))
                     ->  Nested Loop  (cost=0.00..97.81 rows=1 width=84)
                           Join Filter: ((st_transform(s_2283.the_geom, 25833) && st_expand(schw_2283.schw, '300'::double precision)) AND (schw_2283.schw && st_expand(st_transform(s_2283.the_geom, 25833), '300'::double precision)) AND _st_dwithin(st_transform(s_2283.the_geom, 25833), schw_2283.schw, '300'::double precision))
                           ->  Function Scan on schw_2283  (cost=0.00..0.01 rows=1 width=32)
                           ->  Seq Scan on phoml_trajectory_tmp s_2283  (cost=0.00..95.68 rows=17 width=40)
                                 Filter: ((unix_time >= '1685451437.041'::double precision) AND (unix_time <= '1685451497.041'::double precision))
   ->  Subquery Scan on "*SELECT* 2285"  (cost=97.82..97.83 rows=1 width=76)
         ->  Limit  (cost=97.82..97.82 rows=1 width=84)
               ->  Sort  (cost=97.82..97.82 rows=1 width=84)
                     Sort Key: (st_distance(st_transform(s_2284.the_geom, 25833), schw_2284.schw))
                     ->  Nested Loop  (cost=0.00..97.81 rows=1 width=84)
                           Join Filter: ((st_transform(s_2284.the_geom, 25833) && st_expand(schw_2284.schw, '300'::double precision)) AND (schw_2284.schw && st_expand(st_transform(s_2284.the_geom, 25833), '300'::double precision)) AND _st_dwithin(st_transform(s_2284.the_geom, 25833), schw_2284.schw, '300'::double precision))
                           ->  Function Scan on schw_2284  (cost=0.00..0.01 rows=1 width=32)
                           ->  Seq Scan on phoml_trajectory_tmp s_2284  (cost=0.00..95.68 rows=17 width=40)
                                 Filter: ((unix_time >= '1685451437.395'::double precision) AND (unix_time <= '1685451497.395'::double precision))
   ->  Subquery Scan on "*SELECT* 2286"  (cost=97.82..97.83 rows=1 width=76)
         ->  Limit  (cost=97.82..97.82 rows=1 width=84)
               ->  Sort  (cost=97.82..97.82 rows=1 width=84)
                     Sort Key: (st_distance(st_transform(s_2285.the_geom, 25833), schw_2285.schw))
                     ->  Nested Loop  (cost=0.00..97.81 rows=1 width=84)
                           Join Filter: ((st_transform(s_2285.the_geom, 25833) && st_expand(schw_2285.schw, '300'::double precision)) AND (schw_2285.schw && st_expand(st_transform(s_2285.the_geom, 25833), '300'::double precision)) AND _st_dwithin(st_transform(s_2285.the_geom, 25833), schw_2285.schw, '300'::double precision))
                           ->  Function Scan on schw_2285  (cost=0.00..0.01 rows=1 width=32)
                           ->  Seq Scan on phoml_trajectory_tmp s_2285  (cost=0.00..95.68 rows=17 width=40)
                                 Filter: ((unix_time >= '1685451437.715'::double precision) AND (unix_time <= '1685451497.715'::double precision))
   ->  Subquery Scan on "*SELECT* 2287"  (cost=97.82..97.83 rows=1 width=76)
         ->  Limit  (cost=97.82..97.82 rows=1 width=84)
               ->  Sort  (cost=97.82..97.82 rows=1 width=84)
                     Sort Key: (st_distance(st_transform(s_2286.the_geom, 25833), schw_2286.schw))
                     ->  Nested Loop  (cost=0.00..97.81 rows=1 width=84)
                           Join Filter: ((st_transform(s_2286.the_geom, 25833) && st_expand(schw_2286.schw, '300'::double precision)) AND (schw_2286.schw && st_expand(st_transform(s_2286.the_geom, 25833), '300'::double precision)) AND _st_dwithin(st_transform(s_2286.the_geom, 25833), schw_2286.schw, '300'::double precision))
                           ->  Function Scan on schw_2286  (cost=0.00..0.01 rows=1 width=32)
                           ->  Seq Scan on phoml_trajectory_tmp s_2286  (cost=0.00..95.68 rows=17 width=40)
                                 Filter: ((unix_time >= '1685451438.065'::double precision) AND (unix_time <= '1685451498.065'::double precision))
   ->  Subquery Scan on "*SELECT* 2288"  (cost=97.82..97.83 rows=1 width=76)
         ->  Limit  (cost=97.82..97.82 rows=1 width=84)
               ->  Sort  (cost=97.82..97.82 rows=1 width=84)
                     Sort Key: (st_distance(st_transform(s_2287.the_geom, 25833), schw_2287.schw))
                     ->  Nested Loop  (cost=0.00..97.81 rows=1 width=84)
                           Join Filter: ((st_transform(s_2287.the_geom, 25833) && st_expand(schw_2287.schw, '300'::double precision)) AND (schw_2287.schw && st_expand(st_transform(s_2287.the_geom, 25833), '300'::double precision)) AND _st_dwithin(st_transform(s_2287.the_geom, 25833), schw_2287.schw, '300'::double precision))
                           ->  Function Scan on schw_2287  (cost=0.00..0.01 rows=1 width=32)
                           ->  Seq Scan on phoml_trajectory_tmp s_2287  (cost=0.00..95.68 rows=17 width=40)
                                 Filter: ((unix_time >= '1685451438.381'::double precision) AND (unix_time <= '1685451498.381'::double precision))
   ->  Subquery Scan on "*SELECT* 2289"  (cost=97.82..97.83 rows=1 width=76)
         ->  Limit  (cost=97.82..97.82 rows=1 width=84)
               ->  Sort  (cost=97.82..97.82 rows=1 width=84)
                     Sort Key: (st_distance(st_transform(s_2288.the_geom, 25833), schw_2288.schw))
                     ->  Nested Loop  (cost=0.00..97.81 rows=1 width=84)
                           Join Filter: ((st_transform(s_2288.the_geom, 25833) && st_expand(schw_2288.schw, '300'::double precision)) AND (schw_2288.schw && st_expand(st_transform(s_2288.the_geom, 25833), '300'::double precision)) AND _st_dwithin(st_transform(s_2288.the_geom, 25833), schw_2288.schw, '300'::double precision))
                           ->  Function Scan on schw_2288  (cost=0.00..0.01 rows=1 width=32)
                           ->  Seq Scan on phoml_trajectory_tmp s_2288  (cost=0.00..95.68 rows=17 width=40)
                                 Filter: ((unix_time >= '1685451438.721'::double precision) AND (unix_time <= '1685451498.721'::double precision))
   ->  Subquery Scan on "*SELECT* 2290"  (cost=97.82..97.83 rows=1 width=76)
         ->  Limit  (cost=97.82..97.82 rows=1 width=84)
               ->  Sort  (cost=97.82..97.82 rows=1 width=84)
                     Sort Key: (st_distance(st_transform(s_2289.the_geom, 25833), schw_2289.schw))
                     ->  Nested Loop  (cost=0.00..97.81 rows=1 width=84)
                           Join Filter: ((st_transform(s_2289.the_geom, 25833) && st_expand(schw_2289.schw, '300'::double precision)) AND (schw_2289.schw && st_expand(st_transform(s_2289.the_geom, 25833), '300'::double precision)) AND _st_dwithin(st_transform(s_2289.the_geom, 25833), schw_2289.schw, '300'::double precision))
                           ->  Function Scan on schw_2289  (cost=0.00..0.01 rows=1 width=32)
                           ->  Seq Scan on phoml_trajectory_tmp s_2289  (cost=0.00..95.68 rows=17 width=40)
                                 Filter: ((unix_time >= '1685451439.061'::double precision) AND (unix_time <= '1685451499.061'::double precision))
   ->  Subquery Scan on "*SELECT* 2291"  (cost=97.82..97.83 rows=1 width=76)
         ->  Limit  (cost=97.82..97.82 rows=1 width=84)
               ->  Sort  (cost=97.82..97.82 rows=1 width=84)
                     Sort Key: (st_distance(st_transform(s_2290.the_geom, 25833), schw_2290.schw))
                     ->  Nested Loop  (cost=0.00..97.81 rows=1 width=84)
                           Join Filter: ((st_transform(s_2290.the_geom, 25833) && st_expand(schw_2290.schw, '300'::double precision)) AND (schw_2290.schw && st_expand(st_transform(s_2290.the_geom, 25833), '300'::double precision)) AND _st_dwithin(st_transform(s_2290.the_geom, 25833), schw_2290.schw, '300'::double precision))
                           ->  Function Scan on schw_2290  (cost=0.00..0.01 rows=1 width=32)
                           ->  Seq Scan on phoml_trajectory_tmp s_2290  (cost=0.00..95.68 rows=17 width=40)
                                 Filter: ((unix_time >= '1685451439.397'::double precision) AND (unix_time <= '1685451499.397'::double precision))
   ->  Subquery Scan on "*SELECT* 2292"  (cost=97.82..97.83 rows=1 width=76)
         ->  Limit  (cost=97.82..97.82 rows=1 width=84)
               ->  Sort  (cost=97.82..97.82 rows=1 width=84)
                     Sort Key: (st_distance(st_transform(s_2291.the_geom, 25833), schw_2291.schw))
                     ->  Nested Loop  (cost=0.00..97.81 rows=1 width=84)
                           Join Filter: ((st_transform(s_2291.the_geom, 25833) && st_expand(schw_2291.schw, '300'::double precision)) AND (schw_2291.schw && st_expand(st_transform(s_2291.the_geom, 25833), '300'::double precision)) AND _st_dwithin(st_transform(s_2291.the_geom, 25833), schw_2291.schw, '300'::double precision))
                           ->  Function Scan on schw_2291  (cost=0.00..0.01 rows=1 width=32)
                           ->  Seq Scan on phoml_trajectory_tmp s_2291  (cost=0.00..95.68 rows=17 width=40)
                                 Filter: ((unix_time >= '1685451439.717'::double precision) AND (unix_time <= '1685451499.717'::double precision))
   ->  Subquery Scan on "*SELECT* 2293"  (cost=97.82..97.83 rows=1 width=76)
         ->  Limit  (cost=97.82..97.82 rows=1 width=84)
               ->  Sort  (cost=97.82..97.82 rows=1 width=84)
                     Sort Key: (st_distance(st_transform(s_2292.the_geom, 25833), schw_2292.schw))
                     ->  Nested Loop  (cost=0.00..97.81 rows=1 width=84)
                           Join Filter: ((st_transform(s_2292.the_geom, 25833) && st_expand(schw_2292.schw, '300'::double precision)) AND (schw_2292.schw && st_expand(st_transform(s_2292.the_geom, 25833), '300'::double precision)) AND _st_dwithin(st_transform(s_2292.the_geom, 25833), schw_2292.schw, '300'::double precision))
                           ->  Function Scan on schw_2292  (cost=0.00..0.01 rows=1 width=32)
                           ->  Seq Scan on phoml_trajectory_tmp s_2292  (cost=0.00..95.68 rows=17 width=40)
                                 Filter: ((unix_time >= '1685451440.057'::double precision) AND (unix_time <= '1685451500.057'::double precision))
   ->  Subquery Scan on "*SELECT* 2294"  (cost=97.82..97.83 rows=1 width=76)
         ->  Limit  (cost=97.82..97.82 rows=1 width=84)
               ->  Sort  (cost=97.82..97.82 rows=1 width=84)
                     Sort Key: (st_distance(st_transform(s_2293.the_geom, 25833), schw_2293.schw))
                     ->  Nested Loop  (cost=0.00..97.81 rows=1 width=84)
                           Join Filter: ((st_transform(s_2293.the_geom, 25833) && st_expand(schw_2293.schw, '300'::double precision)) AND (schw_2293.schw && st_expand(st_transform(s_2293.the_geom, 25833), '300'::double precision)) AND _st_dwithin(st_transform(s_2293.the_geom, 25833), schw_2293.schw, '300'::double precision))
                           ->  Function Scan on schw_2293  (cost=0.00..0.01 rows=1 width=32)
                           ->  Seq Scan on phoml_trajectory_tmp s_2293  (cost=0.00..95.68 rows=17 width=40)
                                 Filter: ((unix_time >= '1685451440.388'::double precision) AND (unix_time <= '1685451500.388'::double precision))
   ->  Subquery Scan on "*SELECT* 2295"  (cost=97.82..97.83 rows=1 width=76)
         ->  Limit  (cost=97.82..97.82 rows=1 width=84)
               ->  Sort  (cost=97.82..97.82 rows=1 width=84)
                     Sort Key: (st_distance(st_transform(s_2294.the_geom, 25833), schw_2294.schw))
                     ->  Nested Loop  (cost=0.00..97.81 rows=1 width=84)
                           Join Filter: ((st_transform(s_2294.the_geom, 25833) && st_expand(schw_2294.schw, '300'::double precision)) AND (schw_2294.schw && st_expand(st_transform(s_2294.the_geom, 25833), '300'::double precision)) AND _st_dwithin(st_transform(s_2294.the_geom, 25833), schw_2294.schw, '300'::double precision))
                           ->  Function Scan on schw_2294  (cost=0.00..0.01 rows=1 width=32)
                           ->  Seq Scan on phoml_trajectory_tmp s_2294  (cost=0.00..95.68 rows=17 width=40)
                                 Filter: ((unix_time >= '1685451440.708'::double precision) AND (unix_time <= '1685451500.708'::double precision))
   ->  Subquery Scan on "*SELECT* 2296"  (cost=97.82..97.83 rows=1 width=76)
         ->  Limit  (cost=97.82..97.82 rows=1 width=84)
               ->  Sort  (cost=97.82..97.82 rows=1 width=84)
                     Sort Key: (st_distance(st_transform(s_2295.the_geom, 25833), schw_2295.schw))
                     ->  Nested Loop  (cost=0.00..97.81 rows=1 width=84)
                           Join Filter: ((st_transform(s_2295.the_geom, 25833) && st_expand(schw_2295.schw, '300'::double precision)) AND (schw_2295.schw && st_expand(st_transform(s_2295.the_geom, 25833), '300'::double precision)) AND _st_dwithin(st_transform(s_2295.the_geom, 25833), schw_2295.schw, '300'::double precision))
                           ->  Function Scan on schw_2295  (cost=0.00..0.01 rows=1 width=32)
                           ->  Seq Scan on phoml_trajectory_tmp s_2295  (cost=0.00..95.68 rows=17 width=40)
                                 Filter: ((unix_time >= '1685451441.048'::double precision) AND (unix_time <= '1685451501.048'::double precision))
   ->  Subquery Scan on "*SELECT* 2297"  (cost=97.82..97.83 rows=1 width=76)
         ->  Limit  (cost=97.82..97.82 rows=1 width=84)
               ->  Sort  (cost=97.82..97.82 rows=1 width=84)
                     Sort Key: (st_distance(st_transform(s_2296.the_geom, 25833), schw_2296.schw))
                     ->  Nested Loop  (cost=0.00..97.81 rows=1 width=84)
                           Join Filter: ((st_transform(s_2296.the_geom, 25833) && st_expand(schw_2296.schw, '300'::double precision)) AND (schw_2296.schw && st_expand(st_transform(s_2296.the_geom, 25833), '300'::double precision)) AND _st_dwithin(st_transform(s_2296.the_geom, 25833), schw_2296.schw, '300'::double precision))
                           ->  Function Scan on schw_2296  (cost=0.00..0.01 rows=1 width=32)
                           ->  Seq Scan on phoml_trajectory_tmp s_2296  (cost=0.00..95.68 rows=17 width=40)
                                 Filter: ((unix_time >= '1685451441.371'::double precision) AND (unix_time <= '1685451501.371'::double precision))
   ->  Subquery Scan on "*SELECT* 2298"  (cost=97.82..97.83 rows=1 width=76)
         ->  Limit  (cost=97.82..97.82 rows=1 width=84)
               ->  Sort  (cost=97.82..97.82 rows=1 width=84)
                     Sort Key: (st_distance(st_transform(s_2297.the_geom, 25833), schw_2297.schw))
                     ->  Nested Loop  (cost=0.00..97.81 rows=1 width=84)
                           Join Filter: ((st_transform(s_2297.the_geom, 25833) && st_expand(schw_2297.schw, '300'::double precision)) AND (schw_2297.schw && st_expand(st_transform(s_2297.the_geom, 25833), '300'::double precision)) AND _st_dwithin(st_transform(s_2297.the_geom, 25833), schw_2297.schw, '300'::double precision))
                           ->  Function Scan on schw_2297  (cost=0.00..0.01 rows=1 width=32)
                           ->  Seq Scan on phoml_trajectory_tmp s_2297  (cost=0.00..95.68 rows=17 width=40)
                                 Filter: ((unix_time >= '1685451441.701'::double precision) AND (unix_time <= '1685451501.701'::double precision))
   ->  Subquery Scan on "*SELECT* 2299"  (cost=97.82..97.83 rows=1 width=76)
         ->  Limit  (cost=97.82..97.82 rows=1 width=84)
               ->  Sort  (cost=97.82..97.82 rows=1 width=84)
                     Sort Key: (st_distance(st_transform(s_2298.the_geom, 25833), schw_2298.schw))
                     ->  Nested Loop  (cost=0.00..97.81 rows=1 width=84)
                           Join Filter: ((st_transform(s_2298.the_geom, 25833) && st_expand(schw_2298.schw, '300'::double precision)) AND (schw_2298.schw && st_expand(st_transform(s_2298.the_geom, 25833), '300'::double precision)) AND _st_dwithin(st_transform(s_2298.the_geom, 25833), schw_2298.schw, '300'::double precision))
                           ->  Function Scan on schw_2298  (cost=0.00..0.01 rows=1 width=32)
                           ->  Seq Scan on phoml_trajectory_tmp s_2298  (cost=0.00..95.68 rows=17 width=40)
                                 Filter: ((unix_time >= '1685451442.031'::double precision) AND (unix_time <= '1685451502.031'::double precision))
   ->  Subquery Scan on "*SELECT* 2300"  (cost=97.82..97.83 rows=1 width=76)
         ->  Limit  (cost=97.82..97.82 rows=1 width=84)
               ->  Sort  (cost=97.82..97.82 rows=1 width=84)
                     Sort Key: (st_distance(st_transform(s_2299.the_geom, 25833), schw_2299.schw))
                     ->  Nested Loop  (cost=0.00..97.81 rows=1 width=84)
                           Join Filter: ((st_transform(s_2299.the_geom, 25833) && st_expand(schw_2299.schw, '300'::double precision)) AND (schw_2299.schw && st_expand(st_transform(s_2299.the_geom, 25833), '300'::double precision)) AND _st_dwithin(st_transform(s_2299.the_geom, 25833), schw_2299.schw, '300'::double precision))
                           ->  Function Scan on schw_2299  (cost=0.00..0.01 rows=1 width=32)
                           ->  Seq Scan on phoml_trajectory_tmp s_2299  (cost=0.00..95.68 rows=17 width=40)
                                 Filter: ((unix_time >= '1685451442.356'::double precision) AND (unix_time <= '1685451502.356'::double precision))
   ->  Subquery Scan on "*SELECT* 2301"  (cost=97.82..97.83 rows=1 width=76)
         ->  Limit  (cost=97.82..97.82 rows=1 width=84)
               ->  Sort  (cost=97.82..97.82 rows=1 width=84)
                     Sort Key: (st_distance(st_transform(s_2300.the_geom, 25833), schw_2300.schw))
                     ->  Nested Loop  (cost=0.00..97.81 rows=1 width=84)
                           Join Filter: ((st_transform(s_2300.the_geom, 25833) && st_expand(schw_2300.schw, '300'::double precision)) AND (schw_2300.schw && st_expand(st_transform(s_2300.the_geom, 25833), '300'::double precision)) AND _st_dwithin(st_transform(s_2300.the_geom, 25833), schw_2300.schw, '300'::double precision))
                           ->  Function Scan on schw_2300  (cost=0.00..0.01 rows=1 width=32)
                           ->  Seq Scan on phoml_trajectory_tmp s_2300  (cost=0.00..95.68 rows=17 width=40)
                                 Filter: ((unix_time >= '1685451442.686'::double precision) AND (unix_time <= '1685451502.686'::double precision))
   ->  Subquery Scan on "*SELECT* 2302"  (cost=97.82..97.83 rows=1 width=76)
         ->  Limit  (cost=97.82..97.82 rows=1 width=84)
               ->  Sort  (cost=97.82..97.82 rows=1 width=84)
                     Sort Key: (st_distance(st_transform(s_2301.the_geom, 25833), schw_2301.schw))
                     ->  Nested Loop  (cost=0.00..97.81 rows=1 width=84)
                           Join Filter: ((st_transform(s_2301.the_geom, 25833) && st_expand(schw_2301.schw, '300'::double precision)) AND (schw_2301.schw && st_expand(st_transform(s_2301.the_geom, 25833), '300'::double precision)) AND _st_dwithin(st_transform(s_2301.the_geom, 25833), schw_2301.schw, '300'::double precision))
                           ->  Function Scan on schw_2301  (cost=0.00..0.01 rows=1 width=32)
                           ->  Seq Scan on phoml_trajectory_tmp s_2301  (cost=0.00..95.68 rows=17 width=40)
                                 Filter: ((unix_time >= '1685451443.016'::double precision) AND (unix_time <= '1685451503.016'::double precision))
   ->  Subquery Scan on "*SELECT* 2303"  (cost=97.82..97.83 rows=1 width=76)
         ->  Limit  (cost=97.82..97.82 rows=1 width=84)
               ->  Sort  (cost=97.82..97.82 rows=1 width=84)
                     Sort Key: (st_distance(st_transform(s_2302.the_geom, 25833), schw_2302.schw))
                     ->  Nested Loop  (cost=0.00..97.81 rows=1 width=84)
                           Join Filter: ((st_transform(s_2302.the_geom, 25833) && st_expand(schw_2302.schw, '300'::double precision)) AND (schw_2302.schw && st_expand(st_transform(s_2302.the_geom, 25833), '300'::double precision)) AND _st_dwithin(st_transform(s_2302.the_geom, 25833), schw_2302.schw, '300'::double precision))
                           ->  Function Scan on schw_2302  (cost=0.00..0.01 rows=1 width=32)
                           ->  Seq Scan on phoml_trajectory_tmp s_2302  (cost=0.00..95.68 rows=17 width=40)
                                 Filter: ((unix_time >= '1685451443.35'::double precision) AND (unix_time <= '1685451503.35'::double precision))
   ->  Subquery Scan on "*SELECT* 2304"  (cost=97.82..97.83 rows=1 width=76)
         ->  Limit  (cost=97.82..97.82 rows=1 width=84)
               ->  Sort  (cost=97.82..97.82 rows=1 width=84)
                     Sort Key: (st_distance(st_transform(s_2303.the_geom, 25833), schw_2303.schw))
                     ->  Nested Loop  (cost=0.00..97.81 rows=1 width=84)
                           Join Filter: ((st_transform(s_2303.the_geom, 25833) && st_expand(schw_2303.schw, '300'::double precision)) AND (schw_2303.schw && st_expand(st_transform(s_2303.the_geom, 25833), '300'::double precision)) AND _st_dwithin(st_transform(s_2303.the_geom, 25833), schw_2303.schw, '300'::double precision))
                           ->  Function Scan on schw_2303  (cost=0.00..0.01 rows=1 width=32)
                           ->  Seq Scan on phoml_trajectory_tmp s_2303  (cost=0.00..95.68 rows=17 width=40)
                                 Filter: ((unix_time >= '1685451443.68'::double precision) AND (unix_time <= '1685451503.68'::double precision))
   ->  Subquery Scan on "*SELECT* 2305"  (cost=97.82..97.83 rows=1 width=76)
         ->  Limit  (cost=97.82..97.82 rows=1 width=84)
               ->  Sort  (cost=97.82..97.82 rows=1 width=84)
                     Sort Key: (st_distance(st_transform(s_2304.the_geom, 25833), schw_2304.schw))
                     ->  Nested Loop  (cost=0.00..97.81 rows=1 width=84)
                           Join Filter: ((st_transform(s_2304.the_geom, 25833) && st_expand(schw_2304.schw, '300'::double precision)) AND (schw_2304.schw && st_expand(st_transform(s_2304.the_geom, 25833), '300'::double precision)) AND _st_dwithin(st_transform(s_2304.the_geom, 25833), schw_2304.schw, '300'::double precision))
                           ->  Function Scan on schw_2304  (cost=0.00..0.01 rows=1 width=32)
                           ->  Seq Scan on phoml_trajectory_tmp s_2304  (cost=0.00..95.68 rows=17 width=40)
                                 Filter: ((unix_time >= '1685451444.01'::double precision) AND (unix_time <= '1685451504.01'::double precision))
   ->  Subquery Scan on "*SELECT* 2306"  (cost=97.82..97.83 rows=1 width=76)
         ->  Limit  (cost=97.82..97.82 rows=1 width=84)
               ->  Sort  (cost=97.82..97.82 rows=1 width=84)
                     Sort Key: (st_distance(st_transform(s_2305.the_geom, 25833), schw_2305.schw))
                     ->  Nested Loop  (cost=0.00..97.81 rows=1 width=84)
                           Join Filter: ((st_transform(s_2305.the_geom, 25833) && st_expand(schw_2305.schw, '300'::double precision)) AND (schw_2305.schw && st_expand(st_transform(s_2305.the_geom, 25833), '300'::double precision)) AND _st_dwithin(st_transform(s_2305.the_geom, 25833), schw_2305.schw, '300'::double precision))
                           ->  Function Scan on schw_2305  (cost=0.00..0.01 rows=1 width=32)
                           ->  Seq Scan on phoml_trajectory_tmp s_2305  (cost=0.00..95.68 rows=17 width=40)
                                 Filter: ((unix_time >= '1685451444.341'::double precision) AND (unix_time <= '1685451504.341'::double precision))
   ->  Subquery Scan on "*SELECT* 2307"  (cost=97.82..97.83 rows=1 width=76)
         ->  Limit  (cost=97.82..97.82 rows=1 width=84)
               ->  Sort  (cost=97.82..97.82 rows=1 width=84)
                     Sort Key: (st_distance(st_transform(s_2306.the_geom, 25833), schw_2306.schw))
                     ->  Nested Loop  (cost=0.00..97.81 rows=1 width=84)
                           Join Filter: ((st_transform(s_2306.the_geom, 25833) && st_expand(schw_2306.schw, '300'::double precision)) AND (schw_2306.schw && st_expand(st_transform(s_2306.the_geom, 25833), '300'::double precision)) AND _st_dwithin(st_transform(s_2306.the_geom, 25833), schw_2306.schw, '300'::double precision))
                           ->  Function Scan on schw_2306  (cost=0.00..0.01 rows=1 width=32)
                           ->  Seq Scan on phoml_trajectory_tmp s_2306  (cost=0.00..95.68 rows=17 width=40)
                                 Filter: ((unix_time >= '1685451444.661'::double precision) AND (unix_time <= '1685451504.661'::double precision))
   ->  Subquery Scan on "*SELECT* 2308"  (cost=97.82..97.83 rows=1 width=76)
         ->  Limit  (cost=97.82..97.82 rows=1 width=84)
               ->  Sort  (cost=97.82..97.82 rows=1 width=84)
                     Sort Key: (st_distance(st_transform(s_2307.the_geom, 25833), schw_2307.schw))
                     ->  Nested Loop  (cost=0.00..97.81 rows=1 width=84)
                           Join Filter: ((st_transform(s_2307.the_geom, 25833) && st_expand(schw_2307.schw, '300'::double precision)) AND (schw_2307.schw && st_expand(st_transform(s_2307.the_geom, 25833), '300'::double precision)) AND _st_dwithin(st_transform(s_2307.the_geom, 25833), schw_2307.schw, '300'::double precision))
                           ->  Function Scan on schw_2307  (cost=0.00..0.01 rows=1 width=32)
                           ->  Seq Scan on phoml_trajectory_tmp s_2307  (cost=0.00..95.68 rows=17 width=40)
                                 Filter: ((unix_time >= '1685451445.001'::double precision) AND (unix_time <= '1685451505.001'::double precision))
   ->  Subquery Scan on "*SELECT* 2309"  (cost=97.82..97.83 rows=1 width=76)
         ->  Limit  (cost=97.82..97.82 rows=1 width=84)
               ->  Sort  (cost=97.82..97.82 rows=1 width=84)
                     Sort Key: (st_distance(st_transform(s_2308.the_geom, 25833), schw_2308.schw))
                     ->  Nested Loop  (cost=0.00..97.81 rows=1 width=84)
                           Join Filter: ((st_transform(s_2308.the_geom, 25833) && st_expand(schw_2308.schw, '300'::double precision)) AND (schw_2308.schw && st_expand(st_transform(s_2308.the_geom, 25833), '300'::double precision)) AND _st_dwithin(st_transform(s_2308.the_geom, 25833), schw_2308.schw, '300'::double precision))
                           ->  Function Scan on schw_2308  (cost=0.00..0.01 rows=1 width=32)
                           ->  Seq Scan on phoml_trajectory_tmp s_2308  (cost=0.00..95.68 rows=17 width=40)
                                 Filter: ((unix_time >= '1685451445.326'::double precision) AND (unix_time <= '1685451505.326'::double precision))
   ->  Subquery Scan on "*SELECT* 2310"  (cost=97.82..97.83 rows=1 width=76)
         ->  Limit  (cost=97.82..97.82 rows=1 width=84)
               ->  Sort  (cost=97.82..97.82 rows=1 width=84)
                     Sort Key: (st_distance(st_transform(s_2309.the_geom, 25833), schw_2309.schw))
                     ->  Nested Loop  (cost=0.00..97.81 rows=1 width=84)
                           Join Filter: ((st_transform(s_2309.the_geom, 25833) && st_expand(schw_2309.schw, '300'::double precision)) AND (schw_2309.schw && st_expand(st_transform(s_2309.the_geom, 25833), '300'::double precision)) AND _st_dwithin(st_transform(s_2309.the_geom, 25833), schw_2309.schw, '300'::double precision))
                           ->  Function Scan on schw_2309  (cost=0.00..0.01 rows=1 width=32)
                           ->  Seq Scan on phoml_trajectory_tmp s_2309  (cost=0.00..95.68 rows=17 width=40)
                                 Filter: ((unix_time >= '1685451445.676'::double precision) AND (unix_time <= '1685451505.676'::double precision))
   ->  Subquery Scan on "*SELECT* 2311"  (cost=97.82..97.83 rows=1 width=76)
         ->  Limit  (cost=97.82..97.82 rows=1 width=84)
               ->  Sort  (cost=97.82..97.82 rows=1 width=84)
                     Sort Key: (st_distance(st_transform(s_2310.the_geom, 25833), schw_2310.schw))
                     ->  Nested Loop  (cost=0.00..97.81 rows=1 width=84)
                           Join Filter: ((st_transform(s_2310.the_geom, 25833) && st_expand(schw_2310.schw, '300'::double precision)) AND (schw_2310.schw && st_expand(st_transform(s_2310.the_geom, 25833), '300'::double precision)) AND _st_dwithin(st_transform(s_2310.the_geom, 25833), schw_2310.schw, '300'::double precision))
                           ->  Function Scan on schw_2310  (cost=0.00..0.01 rows=1 width=32)
                           ->  Seq Scan on phoml_trajectory_tmp s_2310  (cost=0.00..95.68 rows=17 width=40)
                                 Filter: ((unix_time >= '1685451446.016'::double precision) AND (unix_time <= '1685451506.016'::double precision))
   ->  Subquery Scan on "*SELECT* 2312"  (cost=97.82..97.83 rows=1 width=76)
         ->  Limit  (cost=97.82..97.82 rows=1 width=84)
               ->  Sort  (cost=97.82..97.82 rows=1 width=84)
                     Sort Key: (st_distance(st_transform(s_2311.the_geom, 25833), schw_2311.schw))
                     ->  Nested Loop  (cost=0.00..97.81 rows=1 width=84)
                           Join Filter: ((st_transform(s_2311.the_geom, 25833) && st_expand(schw_2311.schw, '300'::double precision)) AND (schw_2311.schw && st_expand(st_transform(s_2311.the_geom, 25833), '300'::double precision)) AND _st_dwithin(st_transform(s_2311.the_geom, 25833), schw_2311.schw, '300'::double precision))
                           ->  Function Scan on schw_2311  (cost=0.00..0.01 rows=1 width=32)
                           ->  Seq Scan on phoml_trajectory_tmp s_2311  (cost=0.00..95.68 rows=17 width=40)
                                 Filter: ((unix_time >= '1685451446.357'::double precision) AND (unix_time <= '1685451506.357'::double precision))
   ->  Subquery Scan on "*SELECT* 2313"  (cost=97.82..97.83 rows=1 width=76)
         ->  Limit  (cost=97.82..97.82 rows=1 width=84)
               ->  Sort  (cost=97.82..97.82 rows=1 width=84)
                     Sort Key: (st_distance(st_transform(s_2312.the_geom, 25833), schw_2312.schw))
                     ->  Nested Loop  (cost=0.00..97.81 rows=1 width=84)
                           Join Filter: ((st_transform(s_2312.the_geom, 25833) && st_expand(schw_2312.schw, '300'::double precision)) AND (schw_2312.schw && st_expand(st_transform(s_2312.the_geom, 25833), '300'::double precision)) AND _st_dwithin(st_transform(s_2312.the_geom, 25833), schw_2312.schw, '300'::double precision))
                           ->  Function Scan on schw_2312  (cost=0.00..0.01 rows=1 width=32)
                           ->  Seq Scan on phoml_trajectory_tmp s_2312  (cost=0.00..95.68 rows=17 width=40)
                                 Filter: ((unix_time >= '1685451446.687'::double precision) AND (unix_time <= '1685451506.687'::double precision))
   ->  Subquery Scan on "*SELECT* 2314"  (cost=97.82..97.83 rows=1 width=76)
         ->  Limit  (cost=97.82..97.82 rows=1 width=84)
               ->  Sort  (cost=97.82..97.82 rows=1 width=84)
                     Sort Key: (st_distance(st_transform(s_2313.the_geom, 25833), schw_2313.schw))
                     ->  Nested Loop  (cost=0.00..97.81 rows=1 width=84)
                           Join Filter: ((st_transform(s_2313.the_geom, 25833) && st_expand(schw_2313.schw, '300'::double precision)) AND (schw_2313.schw && st_expand(st_transform(s_2313.the_geom, 25833), '300'::double precision)) AND _st_dwithin(st_transform(s_2313.the_geom, 25833), schw_2313.schw, '300'::double precision))
                           ->  Function Scan on schw_2313  (cost=0.00..0.01 rows=1 width=32)
                           ->  Seq Scan on phoml_trajectory_tmp s_2313  (cost=0.00..95.68 rows=17 width=40)
                                 Filter: ((unix_time >= '1685451447.037'::double precision) AND (unix_time <= '1685451507.037'::double precision))
   ->  Subquery Scan on "*SELECT* 2315"  (cost=97.82..97.83 rows=1 width=76)
         ->  Limit  (cost=97.82..97.82 rows=1 width=84)
               ->  Sort  (cost=97.82..97.82 rows=1 width=84)
                     Sort Key: (st_distance(st_transform(s_2314.the_geom, 25833), schw_2314.schw))
                     ->  Nested Loop  (cost=0.00..97.81 rows=1 width=84)
                           Join Filter: ((st_transform(s_2314.the_geom, 25833) && st_expand(schw_2314.schw, '300'::double precision)) AND (schw_2314.schw && st_expand(st_transform(s_2314.the_geom, 25833), '300'::double precision)) AND _st_dwithin(st_transform(s_2314.the_geom, 25833), schw_2314.schw, '300'::double precision))
                           ->  Function Scan on schw_2314  (cost=0.00..0.01 rows=1 width=32)
                           ->  Seq Scan on phoml_trajectory_tmp s_2314  (cost=0.00..95.68 rows=17 width=40)
                                 Filter: ((unix_time >= '1685451447.371'::double precision) AND (unix_time <= '1685451507.371'::double precision))
   ->  Subquery Scan on "*SELECT* 2316"  (cost=97.82..97.83 rows=1 width=76)
         ->  Limit  (cost=97.82..97.82 rows=1 width=84)
               ->  Sort  (cost=97.82..97.82 rows=1 width=84)
                     Sort Key: (st_distance(st_transform(s_2315.the_geom, 25833), schw_2315.schw))
                     ->  Nested Loop  (cost=0.00..97.81 rows=1 width=84)
                           Join Filter: ((st_transform(s_2315.the_geom, 25833) && st_expand(schw_2315.schw, '300'::double precision)) AND (schw_2315.schw && st_expand(st_transform(s_2315.the_geom, 25833), '300'::double precision)) AND _st_dwithin(st_transform(s_2315.the_geom, 25833), schw_2315.schw, '300'::double precision))
                           ->  Function Scan on schw_2315  (cost=0.00..0.01 rows=1 width=32)
                           ->  Seq Scan on phoml_trajectory_tmp s_2315  (cost=0.00..95.68 rows=17 width=40)
                                 Filter: ((unix_time >= '1685451447.711'::double precision) AND (unix_time <= '1685451507.711'::double precision))
   ->  Subquery Scan on "*SELECT* 2317"  (cost=97.82..97.83 rows=1 width=76)
         ->  Limit  (cost=97.82..97.82 rows=1 width=84)
               ->  Sort  (cost=97.82..97.82 rows=1 width=84)
                     Sort Key: (st_distance(st_transform(s_2316.the_geom, 25833), schw_2316.schw))
                     ->  Nested Loop  (cost=0.00..97.81 rows=1 width=84)
                           Join Filter: ((st_transform(s_2316.the_geom, 25833) && st_expand(schw_2316.schw, '300'::double precision)) AND (schw_2316.schw && st_expand(st_transform(s_2316.the_geom, 25833), '300'::double precision)) AND _st_dwithin(st_transform(s_2316.the_geom, 25833), schw_2316.schw, '300'::double precision))
                           ->  Function Scan on schw_2316  (cost=0.00..0.01 rows=1 width=32)
                           ->  Seq Scan on phoml_trajectory_tmp s_2316  (cost=0.00..95.68 rows=17 width=40)
                                 Filter: ((unix_time >= '1685451448.061'::double precision) AND (unix_time <= '1685451508.061'::double precision))
   ->  Subquery Scan on "*SELECT* 2318"  (cost=97.82..97.83 rows=1 width=76)
         ->  Limit  (cost=97.82..97.82 rows=1 width=84)
               ->  Sort  (cost=97.82..97.82 rows=1 width=84)
                     Sort Key: (st_distance(st_transform(s_2317.the_geom, 25833), schw_2317.schw))
                     ->  Nested Loop  (cost=0.00..97.81 rows=1 width=84)
                           Join Filter: ((st_transform(s_2317.the_geom, 25833) && st_expand(schw_2317.schw, '300'::double precision)) AND (schw_2317.schw && st_expand(st_transform(s_2317.the_geom, 25833), '300'::double precision)) AND _st_dwithin(st_transform(s_2317.the_geom, 25833), schw_2317.schw, '300'::double precision))
                           ->  Function Scan on schw_2317  (cost=0.00..0.01 rows=1 width=32)
                           ->  Seq Scan on phoml_trajectory_tmp s_2317  (cost=0.00..95.68 rows=17 width=40)
                                 Filter: ((unix_time >= '1685451448.397'::double precision) AND (unix_time <= '1685451508.397'::double precision))
   ->  Subquery Scan on "*SELECT* 2319"  (cost=97.82..97.83 rows=1 width=76)
         ->  Limit  (cost=97.82..97.82 rows=1 width=84)
               ->  Sort  (cost=97.82..97.82 rows=1 width=84)
                     Sort Key: (st_distance(st_transform(s_2318.the_geom, 25833), schw_2318.schw))
                     ->  Nested Loop  (cost=0.00..97.81 rows=1 width=84)
                           Join Filter: ((st_transform(s_2318.the_geom, 25833) && st_expand(schw_2318.schw, '300'::double precision)) AND (schw_2318.schw && st_expand(st_transform(s_2318.the_geom, 25833), '300'::double precision)) AND _st_dwithin(st_transform(s_2318.the_geom, 25833), schw_2318.schw, '300'::double precision))
                           ->  Function Scan on schw_2318  (cost=0.00..0.01 rows=1 width=32)
                           ->  Seq Scan on phoml_trajectory_tmp s_2318  (cost=0.00..95.68 rows=17 width=40)
                                 Filter: ((unix_time >= '1685451448.737'::double precision) AND (unix_time <= '1685451508.737'::double precision))
   ->  Subquery Scan on "*SELECT* 2320"  (cost=97.82..97.83 rows=1 width=76)
         ->  Limit  (cost=97.82..97.82 rows=1 width=84)
               ->  Sort  (cost=97.82..97.82 rows=1 width=84)
                     Sort Key: (st_distance(st_transform(s_2319.the_geom, 25833), schw_2319.schw))
                     ->  Nested Loop  (cost=0.00..97.81 rows=1 width=84)
                           Join Filter: ((st_transform(s_2319.the_geom, 25833) && st_expand(schw_2319.schw, '300'::double precision)) AND (schw_2319.schw && st_expand(st_transform(s_2319.the_geom, 25833), '300'::double precision)) AND _st_dwithin(st_transform(s_2319.the_geom, 25833), schw_2319.schw, '300'::double precision))
                           ->  Function Scan on schw_2319  (cost=0.00..0.01 rows=1 width=32)
                           ->  Seq Scan on phoml_trajectory_tmp s_2319  (cost=0.00..95.68 rows=17 width=40)
                                 Filter: ((unix_time >= '1685451449.077'::double precision) AND (unix_time <= '1685451509.077'::double precision))
   ->  Subquery Scan on "*SELECT* 2321"  (cost=97.82..97.83 rows=1 width=76)
         ->  Limit  (cost=97.82..97.82 rows=1 width=84)
               ->  Sort  (cost=97.82..97.82 rows=1 width=84)
                     Sort Key: (st_distance(st_transform(s_2320.the_geom, 25833), schw_2320.schw))
                     ->  Nested Loop  (cost=0.00..97.81 rows=1 width=84)
                           Join Filter: ((st_transform(s_2320.the_geom, 25833) && st_expand(schw_2320.schw, '300'::double precision)) AND (schw_2320.schw && st_expand(st_transform(s_2320.the_geom, 25833), '300'::double precision)) AND _st_dwithin(st_transform(s_2320.the_geom, 25833), schw_2320.schw, '300'::double precision))
                           ->  Function Scan on schw_2320  (cost=0.00..0.01 rows=1 width=32)
                           ->  Seq Scan on phoml_trajectory_tmp s_2320  (cost=0.00..95.68 rows=17 width=40)
                                 Filter: ((unix_time >= '1685451449.425'::double precision) AND (unix_time <= '1685451509.425'::double precision))
   ->  Subquery Scan on "*SELECT* 2322"  (cost=97.82..97.83 rows=1 width=76)
         ->  Limit  (cost=97.82..97.82 rows=1 width=84)
               ->  Sort  (cost=97.82..97.82 rows=1 width=84)
                     Sort Key: (st_distance(st_transform(s_2321.the_geom, 25833), schw_2321.schw))
                     ->  Nested Loop  (cost=0.00..97.81 rows=1 width=84)
                           Join Filter: ((st_transform(s_2321.the_geom, 25833) && st_expand(schw_2321.schw, '300'::double precision)) AND (schw_2321.schw && st_expand(st_transform(s_2321.the_geom, 25833), '300'::double precision)) AND _st_dwithin(st_transform(s_2321.the_geom, 25833), schw_2321.schw, '300'::double precision))
                           ->  Function Scan on schw_2321  (cost=0.00..0.01 rows=1 width=32)
                           ->  Seq Scan on phoml_trajectory_tmp s_2321  (cost=0.00..95.68 rows=17 width=40)
                                 Filter: ((unix_time >= '1685451449.765'::double precision) AND (unix_time <= '1685451509.765'::double precision))
   ->  Subquery Scan on "*SELECT* 2323"  (cost=97.82..97.83 rows=1 width=76)
         ->  Limit  (cost=97.82..97.82 rows=1 width=84)
               ->  Sort  (cost=97.82..97.82 rows=1 width=84)
                     Sort Key: (st_distance(st_transform(s_2322.the_geom, 25833), schw_2322.schw))
                     ->  Nested Loop  (cost=0.00..97.81 rows=1 width=84)
                           Join Filter: ((st_transform(s_2322.the_geom, 25833) && st_expand(schw_2322.schw, '300'::double precision)) AND (schw_2322.schw && st_expand(st_transform(s_2322.the_geom, 25833), '300'::double precision)) AND _st_dwithin(st_transform(s_2322.the_geom, 25833), schw_2322.schw, '300'::double precision))
                           ->  Function Scan on schw_2322  (cost=0.00..0.01 rows=1 width=32)
                           ->  Seq Scan on phoml_trajectory_tmp s_2322  (cost=0.00..95.68 rows=17 width=40)
                                 Filter: ((unix_time >= '1685451450.105'::double precision) AND (unix_time <= '1685451510.105'::double precision))
   ->  Subquery Scan on "*SELECT* 2324"  (cost=97.82..97.83 rows=1 width=76)
         ->  Limit  (cost=97.82..97.82 rows=1 width=84)
               ->  Sort  (cost=97.82..97.82 rows=1 width=84)
                     Sort Key: (st_distance(st_transform(s_2323.the_geom, 25833), schw_2323.schw))
                     ->  Nested Loop  (cost=0.00..97.81 rows=1 width=84)
                           Join Filter: ((st_transform(s_2323.the_geom, 25833) && st_expand(schw_2323.schw, '300'::double precision)) AND (schw_2323.schw && st_expand(st_transform(s_2323.the_geom, 25833), '300'::double precision)) AND _st_dwithin(st_transform(s_2323.the_geom, 25833), schw_2323.schw, '300'::double precision))
                           ->  Function Scan on schw_2323  (cost=0.00..0.01 rows=1 width=32)
                           ->  Seq Scan on phoml_trajectory_tmp s_2323  (cost=0.00..95.68 rows=17 width=40)
                                 Filter: ((unix_time >= '1685451450.429'::double precision) AND (unix_time <= '1685451510.429'::double precision))
   ->  Subquery Scan on "*SELECT* 2325"  (cost=97.82..97.83 rows=1 width=76)
         ->  Limit  (cost=97.82..97.82 rows=1 width=84)
               ->  Sort  (cost=97.82..97.82 rows=1 width=84)
                     Sort Key: (st_distance(st_transform(s_2324.the_geom, 25833), schw_2324.schw))
                     ->  Nested Loop  (cost=0.00..97.81 rows=1 width=84)
                           Join Filter: ((st_transform(s_2324.the_geom, 25833) && st_expand(schw_2324.schw, '300'::double precision)) AND (schw_2324.schw && st_expand(st_transform(s_2324.the_geom, 25833), '300'::double precision)) AND _st_dwithin(st_transform(s_2324.the_geom, 25833), schw_2324.schw, '300'::double precision))
                           ->  Function Scan on schw_2324  (cost=0.00..0.01 rows=1 width=32)
                           ->  Seq Scan on phoml_trajectory_tmp s_2324  (cost=0.00..95.68 rows=17 width=40)
                                 Filter: ((unix_time >= '1685451450.769'::double precision) AND (unix_time <= '1685451510.769'::double precision))
   ->  Subquery Scan on "*SELECT* 2326"  (cost=97.82..97.83 rows=1 width=76)
         ->  Limit  (cost=97.82..97.82 rows=1 width=84)
               ->  Sort  (cost=97.82..97.82 rows=1 width=84)
                     Sort Key: (st_distance(st_transform(s_2325.the_geom, 25833), schw_2325.schw))
                     ->  Nested Loop  (cost=0.00..97.81 rows=1 width=84)
                           Join Filter: ((st_transform(s_2325.the_geom, 25833) && st_expand(schw_2325.schw, '300'::double precision)) AND (schw_2325.schw && st_expand(st_transform(s_2325.the_geom, 25833), '300'::double precision)) AND _st_dwithin(st_transform(s_2325.the_geom, 25833), schw_2325.schw, '300'::double precision))
                           ->  Function Scan on schw_2325  (cost=0.00..0.01 rows=1 width=32)
                           ->  Seq Scan on phoml_trajectory_tmp s_2325  (cost=0.00..95.68 rows=17 width=40)
                                 Filter: ((unix_time >= '1685451451.129'::double precision) AND (unix_time <= '1685451511.129'::double precision))
   ->  Subquery Scan on "*SELECT* 2327"  (cost=97.82..97.83 rows=1 width=76)
         ->  Limit  (cost=97.82..97.82 rows=1 width=84)
               ->  Sort  (cost=97.82..97.82 rows=1 width=84)
                     Sort Key: (st_distance(st_transform(s_2326.the_geom, 25833), schw_2326.schw))
                     ->  Nested Loop  (cost=0.00..97.81 rows=1 width=84)
                           Join Filter: ((st_transform(s_2326.the_geom, 25833) && st_expand(schw_2326.schw, '300'::double precision)) AND (schw_2326.schw && st_expand(st_transform(s_2326.the_geom, 25833), '300'::double precision)) AND _st_dwithin(st_transform(s_2326.the_geom, 25833), schw_2326.schw, '300'::double precision))
                           ->  Function Scan on schw_2326  (cost=0.00..0.01 rows=1 width=32)
                           ->  Seq Scan on phoml_trajectory_tmp s_2326  (cost=0.00..95.68 rows=17 width=40)
                                 Filter: ((unix_time >= '1685451451.455'::double precision) AND (unix_time <= '1685451511.455'::double precision))
   ->  Subquery Scan on "*SELECT* 2328"  (cost=97.82..97.83 rows=1 width=76)
         ->  Limit  (cost=97.82..97.82 rows=1 width=84)
               ->  Sort  (cost=97.82..97.82 rows=1 width=84)
                     Sort Key: (st_distance(st_transform(s_2327.the_geom, 25833), schw_2327.schw))
                     ->  Nested Loop  (cost=0.00..97.81 rows=1 width=84)
                           Join Filter: ((st_transform(s_2327.the_geom, 25833) && st_expand(schw_2327.schw, '300'::double precision)) AND (schw_2327.schw && st_expand(st_transform(s_2327.the_geom, 25833), '300'::double precision)) AND _st_dwithin(st_transform(s_2327.the_geom, 25833), schw_2327.schw, '300'::double precision))
                           ->  Function Scan on schw_2327  (cost=0.00..0.01 rows=1 width=32)
                           ->  Seq Scan on phoml_trajectory_tmp s_2327  (cost=0.00..95.68 rows=17 width=40)
                                 Filter: ((unix_time >= '1685451451.795'::double precision) AND (unix_time <= '1685451511.795'::double precision))
   ->  Subquery Scan on "*SELECT* 2329"  (cost=97.82..97.83 rows=1 width=76)
         ->  Limit  (cost=97.82..97.82 rows=1 width=84)
               ->  Sort  (cost=97.82..97.82 rows=1 width=84)
                     Sort Key: (st_distance(st_transform(s_2328.the_geom, 25833), schw_2328.schw))
                     ->  Nested Loop  (cost=0.00..97.81 rows=1 width=84)
                           Join Filter: ((st_transform(s_2328.the_geom, 25833) && st_expand(schw_2328.schw, '300'::double precision)) AND (schw_2328.schw && st_expand(st_transform(s_2328.the_geom, 25833), '300'::double precision)) AND _st_dwithin(st_transform(s_2328.the_geom, 25833), schw_2328.schw, '300'::double precision))
                           ->  Function Scan on schw_2328  (cost=0.00..0.01 rows=1 width=32)
                           ->  Seq Scan on phoml_trajectory_tmp s_2328  (cost=0.00..95.68 rows=17 width=40)
                                 Filter: ((unix_time >= '1685451452.125'::double precision) AND (unix_time <= '1685451512.125'::double precision))
   ->  Subquery Scan on "*SELECT* 2330"  (cost=97.82..97.83 rows=1 width=76)
         ->  Limit  (cost=97.82..97.82 rows=1 width=84)
               ->  Sort  (cost=97.82..97.82 rows=1 width=84)
                     Sort Key: (st_distance(st_transform(s_2329.the_geom, 25833), schw_2329.schw))
                     ->  Nested Loop  (cost=0.00..97.81 rows=1 width=84)
                           Join Filter: ((st_transform(s_2329.the_geom, 25833) && st_expand(schw_2329.schw, '300'::double precision)) AND (schw_2329.schw && st_expand(st_transform(s_2329.the_geom, 25833), '300'::double precision)) AND _st_dwithin(st_transform(s_2329.the_geom, 25833), schw_2329.schw, '300'::double precision))
                           ->  Function Scan on schw_2329  (cost=0.00..0.01 rows=1 width=32)
                           ->  Seq Scan on phoml_trajectory_tmp s_2329  (cost=0.00..95.68 rows=17 width=40)
                                 Filter: ((unix_time >= '1685451452.48'::double precision) AND (unix_time <= '1685451512.48'::double precision))
   ->  Subquery Scan on "*SELECT* 2331"  (cost=97.82..97.83 rows=1 width=76)
         ->  Limit  (cost=97.82..97.82 rows=1 width=84)
               ->  Sort  (cost=97.82..97.82 rows=1 width=84)
                     Sort Key: (st_distance(st_transform(s_2330.the_geom, 25833), schw_2330.schw))
                     ->  Nested Loop  (cost=0.00..97.81 rows=1 width=84)
                           Join Filter: ((st_transform(s_2330.the_geom, 25833) && st_expand(schw_2330.schw, '300'::double precision)) AND (schw_2330.schw && st_expand(st_transform(s_2330.the_geom, 25833), '300'::double precision)) AND _st_dwithin(st_transform(s_2330.the_geom, 25833), schw_2330.schw, '300'::double precision))
                           ->  Function Scan on schw_2330  (cost=0.00..0.01 rows=1 width=32)
                           ->  Seq Scan on phoml_trajectory_tmp s_2330  (cost=0.00..95.68 rows=17 width=40)
                                 Filter: ((unix_time >= '1685451452.82'::double precision) AND (unix_time <= '1685451512.82'::double precision))
   ->  Subquery Scan on "*SELECT* 2332"  (cost=97.82..97.83 rows=1 width=76)
         ->  Limit  (cost=97.82..97.82 rows=1 width=84)
               ->  Sort  (cost=97.82..97.82 rows=1 width=84)
                     Sort Key: (st_distance(st_transform(s_2331.the_geom, 25833), schw_2331.schw))
                     ->  Nested Loop  (cost=0.00..97.81 rows=1 width=84)
                           Join Filter: ((st_transform(s_2331.the_geom, 25833) && st_expand(schw_2331.schw, '300'::double precision)) AND (schw_2331.schw && st_expand(st_transform(s_2331.the_geom, 25833), '300'::double precision)) AND _st_dwithin(st_transform(s_2331.the_geom, 25833), schw_2331.schw, '300'::double precision))
                           ->  Function Scan on schw_2331  (cost=0.00..0.01 rows=1 width=32)
                           ->  Seq Scan on phoml_trajectory_tmp s_2331  (cost=0.00..95.68 rows=17 width=40)
                                 Filter: ((unix_time >= '1685451453.146'::double precision) AND (unix_time <= '1685451513.146'::double precision))
   ->  Subquery Scan on "*SELECT* 2333"  (cost=97.82..97.83 rows=1 width=76)
         ->  Limit  (cost=97.82..97.82 rows=1 width=84)
               ->  Sort  (cost=97.82..97.82 rows=1 width=84)
                     Sort Key: (st_distance(st_transform(s_2332.the_geom, 25833), schw_2332.schw))
                     ->  Nested Loop  (cost=0.00..97.81 rows=1 width=84)
                           Join Filter: ((st_transform(s_2332.the_geom, 25833) && st_expand(schw_2332.schw, '300'::double precision)) AND (schw_2332.schw && st_expand(st_transform(s_2332.the_geom, 25833), '300'::double precision)) AND _st_dwithin(st_transform(s_2332.the_geom, 25833), schw_2332.schw, '300'::double precision))
                           ->  Function Scan on schw_2332  (cost=0.00..0.01 rows=1 width=32)
                           ->  Seq Scan on phoml_trajectory_tmp s_2332  (cost=0.00..95.68 rows=17 width=40)
                                 Filter: ((unix_time >= '1685451453.476'::double precision) AND (unix_time <= '1685451513.476'::double precision))
   ->  Subquery Scan on "*SELECT* 2334"  (cost=97.82..97.83 rows=1 width=76)
         ->  Limit  (cost=97.82..97.82 rows=1 width=84)
               ->  Sort  (cost=97.82..97.82 rows=1 width=84)
                     Sort Key: (st_distance(st_transform(s_2333.the_geom, 25833), schw_2333.schw))
                     ->  Nested Loop  (cost=0.00..97.81 rows=1 width=84)
                           Join Filter: ((st_transform(s_2333.the_geom, 25833) && st_expand(schw_2333.schw, '300'::double precision)) AND (schw_2333.schw && st_expand(st_transform(s_2333.the_geom, 25833), '300'::double precision)) AND _st_dwithin(st_transform(s_2333.the_geom, 25833), schw_2333.schw, '300'::double precision))
                           ->  Function Scan on schw_2333  (cost=0.00..0.01 rows=1 width=32)
                           ->  Seq Scan on phoml_trajectory_tmp s_2333  (cost=0.00..95.68 rows=17 width=40)
                                 Filter: ((unix_time >= '1685451453.816'::double precision) AND (unix_time <= '1685451513.816'::double precision))
   ->  Subquery Scan on "*SELECT* 2335"  (cost=97.82..97.83 rows=1 width=76)
         ->  Limit  (cost=97.82..97.82 rows=1 width=84)
               ->  Sort  (cost=97.82..97.82 rows=1 width=84)
                     Sort Key: (st_distance(st_transform(s_2334.the_geom, 25833), schw_2334.schw))
                     ->  Nested Loop  (cost=0.00..97.81 rows=1 width=84)
                           Join Filter: ((st_transform(s_2334.the_geom, 25833) && st_expand(schw_2334.schw, '300'::double precision)) AND (schw_2334.schw && st_expand(st_transform(s_2334.the_geom, 25833), '300'::double precision)) AND _st_dwithin(st_transform(s_2334.the_geom, 25833), schw_2334.schw, '300'::double precision))
                           ->  Function Scan on schw_2334  (cost=0.00..0.01 rows=1 width=32)
                           ->  Seq Scan on phoml_trajectory_tmp s_2334  (cost=0.00..95.68 rows=17 width=40)
                                 Filter: ((unix_time >= '1685451454.162'::double precision) AND (unix_time <= '1685451514.162'::double precision))
   ->  Subquery Scan on "*SELECT* 2336"  (cost=97.82..97.83 rows=1 width=76)
         ->  Limit  (cost=97.82..97.82 rows=1 width=84)
               ->  Sort  (cost=97.82..97.82 rows=1 width=84)
                     Sort Key: (st_distance(st_transform(s_2335.the_geom, 25833), schw_2335.schw))
                     ->  Nested Loop  (cost=0.00..97.81 rows=1 width=84)
                           Join Filter: ((st_transform(s_2335.the_geom, 25833) && st_expand(schw_2335.schw, '300'::double precision)) AND (schw_2335.schw && st_expand(st_transform(s_2335.the_geom, 25833), '300'::double precision)) AND _st_dwithin(st_transform(s_2335.the_geom, 25833), schw_2335.schw, '300'::double precision))
                           ->  Function Scan on schw_2335  (cost=0.00..0.01 rows=1 width=32)
                           ->  Seq Scan on phoml_trajectory_tmp s_2335  (cost=0.00..95.68 rows=17 width=40)
                                 Filter: ((unix_time >= '1685451454.502'::double precision) AND (unix_time <= '1685451514.502'::double precision))
   ->  Subquery Scan on "*SELECT* 2337"  (cost=97.82..97.83 rows=1 width=76)
         ->  Limit  (cost=97.82..97.82 rows=1 width=84)
               ->  Sort  (cost=97.82..97.82 rows=1 width=84)
                     Sort Key: (st_distance(st_transform(s_2336.the_geom, 25833), schw_2336.schw))
                     ->  Nested Loop  (cost=0.00..97.81 rows=1 width=84)
                           Join Filter: ((st_transform(s_2336.the_geom, 25833) && st_expand(schw_2336.schw, '300'::double precision)) AND (schw_2336.schw && st_expand(st_transform(s_2336.the_geom, 25833), '300'::double precision)) AND _st_dwithin(st_transform(s_2336.the_geom, 25833), schw_2336.schw, '300'::double precision))
                           ->  Function Scan on schw_2336  (cost=0.00..0.01 rows=1 width=32)
                           ->  Seq Scan on phoml_trajectory_tmp s_2336  (cost=0.00..95.68 rows=17 width=40)
                                 Filter: ((unix_time >= '1685451454.832'::double precision) AND (unix_time <= '1685451514.832'::double precision))
   ->  Subquery Scan on "*SELECT* 2338"  (cost=97.82..97.83 rows=1 width=76)
         ->  Limit  (cost=97.82..97.82 rows=1 width=84)
               ->  Sort  (cost=97.82..97.82 rows=1 width=84)
                     Sort Key: (st_distance(st_transform(s_2337.the_geom, 25833), schw_2337.schw))
                     ->  Nested Loop  (cost=0.00..97.81 rows=1 width=84)
                           Join Filter: ((st_transform(s_2337.the_geom, 25833) && st_expand(schw_2337.schw, '300'::double precision)) AND (schw_2337.schw && st_expand(st_transform(s_2337.the_geom, 25833), '300'::double precision)) AND _st_dwithin(st_transform(s_2337.the_geom, 25833), schw_2337.schw, '300'::double precision))
                           ->  Function Scan on schw_2337  (cost=0.00..0.01 rows=1 width=32)
                           ->  Seq Scan on phoml_trajectory_tmp s_2337  (cost=0.00..95.68 rows=17 width=40)
                                 Filter: ((unix_time >= '1685451455.179'::double precision) AND (unix_time <= '1685451515.179'::double precision))
   ->  Subquery Scan on "*SELECT* 2339"  (cost=97.82..97.83 rows=1 width=76)
         ->  Limit  (cost=97.82..97.82 rows=1 width=84)
               ->  Sort  (cost=97.82..97.82 rows=1 width=84)
                     Sort Key: (st_distance(st_transform(s_2338.the_geom, 25833), schw_2338.schw))
                     ->  Nested Loop  (cost=0.00..97.81 rows=1 width=84)
                           Join Filter: ((st_transform(s_2338.the_geom, 25833) && st_expand(schw_2338.schw, '300'::double precision)) AND (schw_2338.schw && st_expand(st_transform(s_2338.the_geom, 25833), '300'::double precision)) AND _st_dwithin(st_transform(s_2338.the_geom, 25833), schw_2338.schw, '300'::double precision))
                           ->  Function Scan on schw_2338  (cost=0.00..0.01 rows=1 width=32)
                           ->  Seq Scan on phoml_trajectory_tmp s_2338  (cost=0.00..95.68 rows=17 width=40)
                                 Filter: ((unix_time >= '1685451455.509'::double precision) AND (unix_time <= '1685451515.509'::double precision))
   ->  Subquery Scan on "*SELECT* 2340"  (cost=97.82..97.83 rows=1 width=76)
         ->  Limit  (cost=97.82..97.82 rows=1 width=84)
               ->  Sort  (cost=97.82..97.82 rows=1 width=84)
                     Sort Key: (st_distance(st_transform(s_2339.the_geom, 25833), schw_2339.schw))
                     ->  Nested Loop  (cost=0.00..97.81 rows=1 width=84)
                           Join Filter: ((st_transform(s_2339.the_geom, 25833) && st_expand(schw_2339.schw, '300'::double precision)) AND (schw_2339.schw && st_expand(st_transform(s_2339.the_geom, 25833), '300'::double precision)) AND _st_dwithin(st_transform(s_2339.the_geom, 25833), schw_2339.schw, '300'::double precision))
                           ->  Function Scan on schw_2339  (cost=0.00..0.01 rows=1 width=32)
                           ->  Seq Scan on phoml_trajectory_tmp s_2339  (cost=0.00..95.68 rows=17 width=40)
                                 Filter: ((unix_time >= '1685451455.829'::double precision) AND (unix_time <= '1685451515.829'::double precision))
   ->  Subquery Scan on "*SELECT* 2341"  (cost=97.82..97.83 rows=1 width=76)
         ->  Limit  (cost=97.82..97.82 rows=1 width=84)
               ->  Sort  (cost=97.82..97.82 rows=1 width=84)
                     Sort Key: (st_distance(st_transform(s_2340.the_geom, 25833), schw_2340.schw))
                     ->  Nested Loop  (cost=0.00..97.81 rows=1 width=84)
                           Join Filter: ((st_transform(s_2340.the_geom, 25833) && st_expand(schw_2340.schw, '300'::double precision)) AND (schw_2340.schw && st_expand(st_transform(s_2340.the_geom, 25833), '300'::double precision)) AND _st_dwithin(st_transform(s_2340.the_geom, 25833), schw_2340.schw, '300'::double precision))
                           ->  Function Scan on schw_2340  (cost=0.00..0.01 rows=1 width=32)
                           ->  Seq Scan on phoml_trajectory_tmp s_2340  (cost=0.00..95.68 rows=17 width=40)
                                 Filter: ((unix_time >= '1685451456.172'::double precision) AND (unix_time <= '1685451516.172'::double precision))
   ->  Subquery Scan on "*SELECT* 2342"  (cost=97.82..97.83 rows=1 width=76)
         ->  Limit  (cost=97.82..97.82 rows=1 width=84)
               ->  Sort  (cost=97.82..97.82 rows=1 width=84)
                     Sort Key: (st_distance(st_transform(s_2341.the_geom, 25833), schw_2341.schw))
                     ->  Nested Loop  (cost=0.00..97.81 rows=1 width=84)
                           Join Filter: ((st_transform(s_2341.the_geom, 25833) && st_expand(schw_2341.schw, '300'::double precision)) AND (schw_2341.schw && st_expand(st_transform(s_2341.the_geom, 25833), '300'::double precision)) AND _st_dwithin(st_transform(s_2341.the_geom, 25833), schw_2341.schw, '300'::double precision))
                           ->  Function Scan on schw_2341  (cost=0.00..0.01 rows=1 width=32)
                           ->  Seq Scan on phoml_trajectory_tmp s_2341  (cost=0.00..95.68 rows=17 width=40)
                                 Filter: ((unix_time >= '1685451456.502'::double precision) AND (unix_time <= '1685451516.502'::double precision))
   ->  Subquery Scan on "*SELECT* 2343"  (cost=97.82..97.83 rows=1 width=76)
         ->  Limit  (cost=97.82..97.82 rows=1 width=84)
               ->  Sort  (cost=97.82..97.82 rows=1 width=84)
                     Sort Key: (st_distance(st_transform(s_2342.the_geom, 25833), schw_2342.schw))
                     ->  Nested Loop  (cost=0.00..97.81 rows=1 width=84)
                           Join Filter: ((st_transform(s_2342.the_geom, 25833) && st_expand(schw_2342.schw, '300'::double precision)) AND (schw_2342.schw && st_expand(st_transform(s_2342.the_geom, 25833), '300'::double precision)) AND _st_dwithin(st_transform(s_2342.the_geom, 25833), schw_2342.schw, '300'::double precision))
                           ->  Function Scan on schw_2342  (cost=0.00..0.01 rows=1 width=32)
                           ->  Seq Scan on phoml_trajectory_tmp s_2342  (cost=0.00..95.68 rows=17 width=40)
                                 Filter: ((unix_time >= '1685451456.832'::double precision) AND (unix_time <= '1685451516.832'::double precision))
   ->  Subquery Scan on "*SELECT* 2344"  (cost=97.82..97.83 rows=1 width=76)
         ->  Limit  (cost=97.82..97.82 rows=1 width=84)
               ->  Sort  (cost=97.82..97.82 rows=1 width=84)
                     Sort Key: (st_distance(st_transform(s_2343.the_geom, 25833), schw_2343.schw))
                     ->  Nested Loop  (cost=0.00..97.81 rows=1 width=84)
                           Join Filter: ((st_transform(s_2343.the_geom, 25833) && st_expand(schw_2343.schw, '300'::double precision)) AND (schw_2343.schw && st_expand(st_transform(s_2343.the_geom, 25833), '300'::double precision)) AND _st_dwithin(st_transform(s_2343.the_geom, 25833), schw_2343.schw, '300'::double precision))
                           ->  Function Scan on schw_2343  (cost=0.00..0.01 rows=1 width=32)
                           ->  Seq Scan on phoml_trajectory_tmp s_2343  (cost=0.00..95.68 rows=17 width=40)
                                 Filter: ((unix_time >= '1685451457.17'::double precision) AND (unix_time <= '1685451517.17'::double precision))
   ->  Subquery Scan on "*SELECT* 2345"  (cost=97.82..97.83 rows=1 width=76)
         ->  Limit  (cost=97.82..97.82 rows=1 width=84)
               ->  Sort  (cost=97.82..97.82 rows=1 width=84)
                     Sort Key: (st_distance(st_transform(s_2344.the_geom, 25833), schw_2344.schw))
                     ->  Nested Loop  (cost=0.00..97.81 rows=1 width=84)
                           Join Filter: ((st_transform(s_2344.the_geom, 25833) && st_expand(schw_2344.schw, '300'::double precision)) AND (schw_2344.schw && st_expand(st_transform(s_2344.the_geom, 25833), '300'::double precision)) AND _st_dwithin(st_transform(s_2344.the_geom, 25833), schw_2344.schw, '300'::double precision))
                           ->  Function Scan on schw_2344  (cost=0.00..0.01 rows=1 width=32)
                           ->  Seq Scan on phoml_trajectory_tmp s_2344  (cost=0.00..95.68 rows=17 width=40)
                                 Filter: ((unix_time >= '1685451457.5'::double precision) AND (unix_time <= '1685451517.5'::double precision))
   ->  Subquery Scan on "*SELECT* 2346"  (cost=97.82..97.83 rows=1 width=76)
         ->  Limit  (cost=97.82..97.82 rows=1 width=84)
               ->  Sort  (cost=97.82..97.82 rows=1 width=84)
                     Sort Key: (st_distance(st_transform(s_2345.the_geom, 25833), schw_2345.schw))
                     ->  Nested Loop  (cost=0.00..97.81 rows=1 width=84)
                           Join Filter: ((st_transform(s_2345.the_geom, 25833) && st_expand(schw_2345.schw, '300'::double precision)) AND (schw_2345.schw && st_expand(st_transform(s_2345.the_geom, 25833), '300'::double precision)) AND _st_dwithin(st_transform(s_2345.the_geom, 25833), schw_2345.schw, '300'::double precision))
                           ->  Function Scan on schw_2345  (cost=0.00..0.01 rows=1 width=32)
                           ->  Seq Scan on phoml_trajectory_tmp s_2345  (cost=0.00..95.68 rows=17 width=40)
                                 Filter: ((unix_time >= '1685451457.82'::double precision) AND (unix_time <= '1685451517.82'::double precision))
   ->  Subquery Scan on "*SELECT* 2347"  (cost=97.82..97.83 rows=1 width=76)
         ->  Limit  (cost=97.82..97.82 rows=1 width=84)
               ->  Sort  (cost=97.82..97.82 rows=1 width=84)
                     Sort Key: (st_distance(st_transform(s_2346.the_geom, 25833), schw_2346.schw))
                     ->  Nested Loop  (cost=0.00..97.81 rows=1 width=84)
                           Join Filter: ((st_transform(s_2346.the_geom, 25833) && st_expand(schw_2346.schw, '300'::double precision)) AND (schw_2346.schw && st_expand(st_transform(s_2346.the_geom, 25833), '300'::double precision)) AND _st_dwithin(st_transform(s_2346.the_geom, 25833), schw_2346.schw, '300'::double precision))
                           ->  Function Scan on schw_2346  (cost=0.00..0.01 rows=1 width=32)
                           ->  Seq Scan on phoml_trajectory_tmp s_2346  (cost=0.00..95.68 rows=17 width=40)
                                 Filter: ((unix_time >= '1685451458.155'::double precision) AND (unix_time <= '1685451518.155'::double precision))
   ->  Subquery Scan on "*SELECT* 2348"  (cost=97.82..97.83 rows=1 width=76)
         ->  Limit  (cost=97.82..97.82 rows=1 width=84)
               ->  Sort  (cost=97.82..97.82 rows=1 width=84)
                     Sort Key: (st_distance(st_transform(s_2347.the_geom, 25833), schw_2347.schw))
                     ->  Nested Loop  (cost=0.00..97.81 rows=1 width=84)
                           Join Filter: ((st_transform(s_2347.the_geom, 25833) && st_expand(schw_2347.schw, '300'::double precision)) AND (schw_2347.schw && st_expand(st_transform(s_2347.the_geom, 25833), '300'::double precision)) AND _st_dwithin(st_transform(s_2347.the_geom, 25833), schw_2347.schw, '300'::double precision))
                           ->  Function Scan on schw_2347  (cost=0.00..0.01 rows=1 width=32)
                           ->  Seq Scan on phoml_trajectory_tmp s_2347  (cost=0.00..95.68 rows=17 width=40)
                                 Filter: ((unix_time >= '1685451458.485'::double precision) AND (unix_time <= '1685451518.485'::double precision))
   ->  Subquery Scan on "*SELECT* 2349"  (cost=97.82..97.83 rows=1 width=76)
         ->  Limit  (cost=97.82..97.82 rows=1 width=84)
               ->  Sort  (cost=97.82..97.82 rows=1 width=84)
                     Sort Key: (st_distance(st_transform(s_2348.the_geom, 25833), schw_2348.schw))
                     ->  Nested Loop  (cost=0.00..97.81 rows=1 width=84)
                           Join Filter: ((st_transform(s_2348.the_geom, 25833) && st_expand(schw_2348.schw, '300'::double precision)) AND (schw_2348.schw && st_expand(st_transform(s_2348.the_geom, 25833), '300'::double precision)) AND _st_dwithin(st_transform(s_2348.the_geom, 25833), schw_2348.schw, '300'::double precision))
                           ->  Function Scan on schw_2348  (cost=0.00..0.01 rows=1 width=32)
                           ->  Seq Scan on phoml_trajectory_tmp s_2348  (cost=0.00..95.68 rows=17 width=40)
                                 Filter: ((unix_time >= '1685451458.815'::double precision) AND (unix_time <= '1685451518.815'::double precision))
   ->  Subquery Scan on "*SELECT* 2350"  (cost=97.82..97.83 rows=1 width=76)
         ->  Limit  (cost=97.82..97.82 rows=1 width=84)
               ->  Sort  (cost=97.82..97.82 rows=1 width=84)
                     Sort Key: (st_distance(st_transform(s_2349.the_geom, 25833), schw_2349.schw))
                     ->  Nested Loop  (cost=0.00..97.81 rows=1 width=84)
                           Join Filter: ((st_transform(s_2349.the_geom, 25833) && st_expand(schw_2349.schw, '300'::double precision)) AND (schw_2349.schw && st_expand(st_transform(s_2349.the_geom, 25833), '300'::double precision)) AND _st_dwithin(st_transform(s_2349.the_geom, 25833), schw_2349.schw, '300'::double precision))
                           ->  Function Scan on schw_2349  (cost=0.00..0.01 rows=1 width=32)
                           ->  Seq Scan on phoml_trajectory_tmp s_2349  (cost=0.00..95.68 rows=17 width=40)
                                 Filter: ((unix_time >= '1685451459.159'::double precision) AND (unix_time <= '1685451519.159'::double precision))
   ->  Subquery Scan on "*SELECT* 2351"  (cost=97.82..97.83 rows=1 width=76)
         ->  Limit  (cost=97.82..97.82 rows=1 width=84)
               ->  Sort  (cost=97.82..97.82 rows=1 width=84)
                     Sort Key: (st_distance(st_transform(s_2350.the_geom, 25833), schw_2350.schw))
                     ->  Nested Loop  (cost=0.00..97.81 rows=1 width=84)
                           Join Filter: ((st_transform(s_2350.the_geom, 25833) && st_expand(schw_2350.schw, '300'::double precision)) AND (schw_2350.schw && st_expand(st_transform(s_2350.the_geom, 25833), '300'::double precision)) AND _st_dwithin(st_transform(s_2350.the_geom, 25833), schw_2350.schw, '300'::double precision))
                           ->  Function Scan on schw_2350  (cost=0.00..0.01 rows=1 width=32)
                           ->  Seq Scan on phoml_trajectory_tmp s_2350  (cost=0.00..95.68 rows=17 width=40)
                                 Filter: ((unix_time >= '1685451459.489'::double precision) AND (unix_time <= '1685451519.489'::double precision))
   ->  Subquery Scan on "*SELECT* 2352"  (cost=97.82..97.83 rows=1 width=76)
         ->  Limit  (cost=97.82..97.82 rows=1 width=84)
               ->  Sort  (cost=97.82..97.82 rows=1 width=84)
                     Sort Key: (st_distance(st_transform(s_2351.the_geom, 25833), schw_2351.schw))
                     ->  Nested Loop  (cost=0.00..97.81 rows=1 width=84)
                           Join Filter: ((st_transform(s_2351.the_geom, 25833) && st_expand(schw_2351.schw, '300'::double precision)) AND (schw_2351.schw && st_expand(st_transform(s_2351.the_geom, 25833), '300'::double precision)) AND _st_dwithin(st_transform(s_2351.the_geom, 25833), schw_2351.schw, '300'::double precision))
                           ->  Function Scan on schw_2351  (cost=0.00..0.01 rows=1 width=32)
                           ->  Seq Scan on phoml_trajectory_tmp s_2351  (cost=0.00..95.68 rows=17 width=40)
                                 Filter: ((unix_time >= '1685451459.819'::double precision) AND (unix_time <= '1685451519.819'::double precision))
   ->  Subquery Scan on "*SELECT* 2353"  (cost=97.82..97.83 rows=1 width=76)
         ->  Limit  (cost=97.82..97.82 rows=1 width=84)
               ->  Sort  (cost=97.82..97.82 rows=1 width=84)
                     Sort Key: (st_distance(st_transform(s_2352.the_geom, 25833), schw_2352.schw))
                     ->  Nested Loop  (cost=0.00..97.81 rows=1 width=84)
                           Join Filter: ((st_transform(s_2352.the_geom, 25833) && st_expand(schw_2352.schw, '300'::double precision)) AND (schw_2352.schw && st_expand(st_transform(s_2352.the_geom, 25833), '300'::double precision)) AND _st_dwithin(st_transform(s_2352.the_geom, 25833), schw_2352.schw, '300'::double precision))
                           ->  Function Scan on schw_2352  (cost=0.00..0.01 rows=1 width=32)
                           ->  Seq Scan on phoml_trajectory_tmp s_2352  (cost=0.00..95.68 rows=17 width=40)
                                 Filter: ((unix_time >= '1685451460.164'::double precision) AND (unix_time <= '1685451520.164'::double precision))
   ->  Subquery Scan on "*SELECT* 2354"  (cost=97.82..97.83 rows=1 width=76)
         ->  Limit  (cost=97.82..97.82 rows=1 width=84)
               ->  Sort  (cost=97.82..97.82 rows=1 width=84)
                     Sort Key: (st_distance(st_transform(s_2353.the_geom, 25833), schw_2353.schw))
                     ->  Nested Loop  (cost=0.00..97.81 rows=1 width=84)
                           Join Filter: ((st_transform(s_2353.the_geom, 25833) && st_expand(schw_2353.schw, '300'::double precision)) AND (schw_2353.schw && st_expand(st_transform(s_2353.the_geom, 25833), '300'::double precision)) AND _st_dwithin(st_transform(s_2353.the_geom, 25833), schw_2353.schw, '300'::double precision))
                           ->  Function Scan on schw_2353  (cost=0.00..0.01 rows=1 width=32)
                           ->  Seq Scan on phoml_trajectory_tmp s_2353  (cost=0.00..95.68 rows=17 width=40)
                                 Filter: ((unix_time >= '1685451460.494'::double precision) AND (unix_time <= '1685451520.494'::double precision))
   ->  Subquery Scan on "*SELECT* 2355"  (cost=97.82..97.83 rows=1 width=76)
         ->  Limit  (cost=97.82..97.82 rows=1 width=84)
               ->  Sort  (cost=97.82..97.82 rows=1 width=84)
                     Sort Key: (st_distance(st_transform(s_2354.the_geom, 25833), schw_2354.schw))
                     ->  Nested Loop  (cost=0.00..97.81 rows=1 width=84)
                           Join Filter: ((st_transform(s_2354.the_geom, 25833) && st_expand(schw_2354.schw, '300'::double precision)) AND (schw_2354.schw && st_expand(st_transform(s_2354.the_geom, 25833), '300'::double precision)) AND _st_dwithin(st_transform(s_2354.the_geom, 25833), schw_2354.schw, '300'::double precision))
                           ->  Function Scan on schw_2354  (cost=0.00..0.01 rows=1 width=32)
                           ->  Seq Scan on phoml_trajectory_tmp s_2354  (cost=0.00..95.68 rows=17 width=40)
                                 Filter: ((unix_time >= '1685451460.824'::double precision) AND (unix_time <= '1685451520.824'::double precision))
   ->  Subquery Scan on "*SELECT* 2356"  (cost=97.82..97.83 rows=1 width=76)
         ->  Limit  (cost=97.82..97.82 rows=1 width=84)
               ->  Sort  (cost=97.82..97.82 rows=1 width=84)
                     Sort Key: (st_distance(st_transform(s_2355.the_geom, 25833), schw_2355.schw))
                     ->  Nested Loop  (cost=0.00..97.81 rows=1 width=84)
                           Join Filter: ((st_transform(s_2355.the_geom, 25833) && st_expand(schw_2355.schw, '300'::double precision)) AND (schw_2355.schw && st_expand(st_transform(s_2355.the_geom, 25833), '300'::double precision)) AND _st_dwithin(st_transform(s_2355.the_geom, 25833), schw_2355.schw, '300'::double precision))
                           ->  Function Scan on schw_2355  (cost=0.00..0.01 rows=1 width=32)
                           ->  Seq Scan on phoml_trajectory_tmp s_2355  (cost=0.00..95.68 rows=17 width=40)
                                 Filter: ((unix_time >= '1685451461.162'::double precision) AND (unix_time <= '1685451521.162'::double precision))
   ->  Subquery Scan on "*SELECT* 2357"  (cost=97.82..97.83 rows=1 width=76)
         ->  Limit  (cost=97.82..97.82 rows=1 width=84)
               ->  Sort  (cost=97.82..97.82 rows=1 width=84)
                     Sort Key: (st_distance(st_transform(s_2356.the_geom, 25833), schw_2356.schw))
                     ->  Nested Loop  (cost=0.00..97.81 rows=1 width=84)
                           Join Filter: ((st_transform(s_2356.the_geom, 25833) && st_expand(schw_2356.schw, '300'::double precision)) AND (schw_2356.schw && st_expand(st_transform(s_2356.the_geom, 25833), '300'::double precision)) AND _st_dwithin(st_transform(s_2356.the_geom, 25833), schw_2356.schw, '300'::double precision))
                           ->  Function Scan on schw_2356  (cost=0.00..0.01 rows=1 width=32)
                           ->  Seq Scan on phoml_trajectory_tmp s_2356  (cost=0.00..95.68 rows=17 width=40)
                                 Filter: ((unix_time >= '1685451461.502'::double precision) AND (unix_time <= '1685451521.502'::double precision))
   ->  Subquery Scan on "*SELECT* 2358"  (cost=97.82..97.83 rows=1 width=76)
         ->  Limit  (cost=97.82..97.82 rows=1 width=84)
               ->  Sort  (cost=97.82..97.82 rows=1 width=84)
                     Sort Key: (st_distance(st_transform(s_2357.the_geom, 25833), schw_2357.schw))
                     ->  Nested Loop  (cost=0.00..97.81 rows=1 width=84)
                           Join Filter: ((st_transform(s_2357.the_geom, 25833) && st_expand(schw_2357.schw, '300'::double precision)) AND (schw_2357.schw && st_expand(st_transform(s_2357.the_geom, 25833), '300'::double precision)) AND _st_dwithin(st_transform(s_2357.the_geom, 25833), schw_2357.schw, '300'::double precision))
                           ->  Function Scan on schw_2357  (cost=0.00..0.01 rows=1 width=32)
                           ->  Seq Scan on phoml_trajectory_tmp s_2357  (cost=0.00..95.68 rows=17 width=40)
                                 Filter: ((unix_time >= '1685451461.832'::double precision) AND (unix_time <= '1685451521.832'::double precision))
   ->  Subquery Scan on "*SELECT* 2359"  (cost=97.82..97.83 rows=1 width=76)
         ->  Limit  (cost=97.82..97.82 rows=1 width=84)
               ->  Sort  (cost=97.82..97.82 rows=1 width=84)
                     Sort Key: (st_distance(st_transform(s_2358.the_geom, 25833), schw_2358.schw))
                     ->  Nested Loop  (cost=0.00..97.81 rows=1 width=84)
                           Join Filter: ((st_transform(s_2358.the_geom, 25833) && st_expand(schw_2358.schw, '300'::double precision)) AND (schw_2358.schw && st_expand(st_transform(s_2358.the_geom, 25833), '300'::double precision)) AND _st_dwithin(st_transform(s_2358.the_geom, 25833), schw_2358.schw, '300'::double precision))
                           ->  Function Scan on schw_2358  (cost=0.00..0.01 rows=1 width=32)
                           ->  Seq Scan on phoml_trajectory_tmp s_2358  (cost=0.00..95.68 rows=17 width=40)
                                 Filter: ((unix_time >= '1685451462.177'::double precision) AND (unix_time <= '1685451522.177'::double precision))
   ->  Subquery Scan on "*SELECT* 2360"  (cost=97.82..97.83 rows=1 width=76)
         ->  Limit  (cost=97.82..97.82 rows=1 width=84)
               ->  Sort  (cost=97.82..97.82 rows=1 width=84)
                     Sort Key: (st_distance(st_transform(s_2359.the_geom, 25833), schw_2359.schw))
                     ->  Nested Loop  (cost=0.00..97.81 rows=1 width=84)
                           Join Filter: ((st_transform(s_2359.the_geom, 25833) && st_expand(schw_2359.schw, '300'::double precision)) AND (schw_2359.schw && st_expand(st_transform(s_2359.the_geom, 25833), '300'::double precision)) AND _st_dwithin(st_transform(s_2359.the_geom, 25833), schw_2359.schw, '300'::double precision))
                           ->  Function Scan on schw_2359  (cost=0.00..0.01 rows=1 width=32)
                           ->  Seq Scan on phoml_trajectory_tmp s_2359  (cost=0.00..95.68 rows=17 width=40)
                                 Filter: ((unix_time >= '1685451462.527'::double precision) AND (unix_time <= '1685451522.527'::double precision))
   ->  Subquery Scan on "*SELECT* 2361"  (cost=97.82..97.83 rows=1 width=76)
         ->  Limit  (cost=97.82..97.82 rows=1 width=84)
               ->  Sort  (cost=97.82..97.82 rows=1 width=84)
                     Sort Key: (st_distance(st_transform(s_2360.the_geom, 25833), schw_2360.schw))
                     ->  Nested Loop  (cost=0.00..97.81 rows=1 width=84)
                           Join Filter: ((st_transform(s_2360.the_geom, 25833) && st_expand(schw_2360.schw, '300'::double precision)) AND (schw_2360.schw && st_expand(st_transform(s_2360.the_geom, 25833), '300'::double precision)) AND _st_dwithin(st_transform(s_2360.the_geom, 25833), schw_2360.schw, '300'::double precision))
                           ->  Function Scan on schw_2360  (cost=0.00..0.01 rows=1 width=32)
                           ->  Seq Scan on phoml_trajectory_tmp s_2360  (cost=0.00..95.68 rows=17 width=40)
                                 Filter: ((unix_time >= '1685451462.867'::double precision) AND (unix_time <= '1685451522.867'::double precision))
   ->  Subquery Scan on "*SELECT* 2362"  (cost=97.82..97.83 rows=1 width=76)
         ->  Limit  (cost=97.82..97.82 rows=1 width=84)
               ->  Sort  (cost=97.82..97.82 rows=1 width=84)
                     Sort Key: (st_distance(st_transform(s_2361.the_geom, 25833), schw_2361.schw))
                     ->  Nested Loop  (cost=0.00..97.81 rows=1 width=84)
                           Join Filter: ((st_transform(s_2361.the_geom, 25833) && st_expand(schw_2361.schw, '300'::double precision)) AND (schw_2361.schw && st_expand(st_transform(s_2361.the_geom, 25833), '300'::double precision)) AND _st_dwithin(st_transform(s_2361.the_geom, 25833), schw_2361.schw, '300'::double precision))
                           ->  Function Scan on schw_2361  (cost=0.00..0.01 rows=1 width=32)
                           ->  Seq Scan on phoml_trajectory_tmp s_2361  (cost=0.00..95.68 rows=17 width=40)
                                 Filter: ((unix_time >= '1685451463.221'::double precision) AND (unix_time <= '1685451523.221'::double precision))
   ->  Subquery Scan on "*SELECT* 2363"  (cost=97.82..97.83 rows=1 width=76)
         ->  Limit  (cost=97.82..97.82 rows=1 width=84)
               ->  Sort  (cost=97.82..97.82 rows=1 width=84)
                     Sort Key: (st_distance(st_transform(s_2362.the_geom, 25833), schw_2362.schw))
                     ->  Nested Loop  (cost=0.00..97.81 rows=1 width=84)
                           Join Filter: ((st_transform(s_2362.the_geom, 25833) && st_expand(schw_2362.schw, '300'::double precision)) AND (schw_2362.schw && st_expand(st_transform(s_2362.the_geom, 25833), '300'::double precision)) AND _st_dwithin(st_transform(s_2362.the_geom, 25833), schw_2362.schw, '300'::double precision))
                           ->  Function Scan on schw_2362  (cost=0.00..0.01 rows=1 width=32)
                           ->  Seq Scan on phoml_trajectory_tmp s_2362  (cost=0.00..95.68 rows=17 width=40)
                                 Filter: ((unix_time >= '1685451463.551'::double precision) AND (unix_time <= '1685451523.551'::double precision))
   ->  Subquery Scan on "*SELECT* 2364"  (cost=97.82..97.83 rows=1 width=76)
         ->  Limit  (cost=97.82..97.82 rows=1 width=84)
               ->  Sort  (cost=97.82..97.82 rows=1 width=84)
                     Sort Key: (st_distance(st_transform(s_2363.the_geom, 25833), schw_2363.schw))
                     ->  Nested Loop  (cost=0.00..97.81 rows=1 width=84)
                           Join Filter: ((st_transform(s_2363.the_geom, 25833) && st_expand(schw_2363.schw, '300'::double precision)) AND (schw_2363.schw && st_expand(st_transform(s_2363.the_geom, 25833), '300'::double precision)) AND _st_dwithin(st_transform(s_2363.the_geom, 25833), schw_2363.schw, '300'::double precision))
                           ->  Function Scan on schw_2363  (cost=0.00..0.01 rows=1 width=32)
                           ->  Seq Scan on phoml_trajectory_tmp s_2363  (cost=0.00..95.68 rows=17 width=40)
                                 Filter: ((unix_time >= '1685451463.901'::double precision) AND (unix_time <= '1685451523.901'::double precision))
   ->  Subquery Scan on "*SELECT* 2365"  (cost=97.82..97.83 rows=1 width=76)
         ->  Limit  (cost=97.82..97.82 rows=1 width=84)
               ->  Sort  (cost=97.82..97.82 rows=1 width=84)
                     Sort Key: (st_distance(st_transform(s_2364.the_geom, 25833), schw_2364.schw))
                     ->  Nested Loop  (cost=0.00..97.81 rows=1 width=84)
                           Join Filter: ((st_transform(s_2364.the_geom, 25833) && st_expand(schw_2364.schw, '300'::double precision)) AND (schw_2364.schw && st_expand(st_transform(s_2364.the_geom, 25833), '300'::double precision)) AND _st_dwithin(st_transform(s_2364.the_geom, 25833), schw_2364.schw, '300'::double precision))
                           ->  Function Scan on schw_2364  (cost=0.00..0.01 rows=1 width=32)
                           ->  Seq Scan on phoml_trajectory_tmp s_2364  (cost=0.00..95.68 rows=17 width=40)
                                 Filter: ((unix_time >= '1685451464.247'::double precision) AND (unix_time <= '1685451524.247'::double precision))
   ->  Subquery Scan on "*SELECT* 2366"  (cost=97.82..97.83 rows=1 width=76)
         ->  Limit  (cost=97.82..97.82 rows=1 width=84)
               ->  Sort  (cost=97.82..97.82 rows=1 width=84)
                     Sort Key: (st_distance(st_transform(s_2365.the_geom, 25833), schw_2365.schw))
                     ->  Nested Loop  (cost=0.00..97.81 rows=1 width=84)
                           Join Filter: ((st_transform(s_2365.the_geom, 25833) && st_expand(schw_2365.schw, '300'::double precision)) AND (schw_2365.schw && st_expand(st_transform(s_2365.the_geom, 25833), '300'::double precision)) AND _st_dwithin(st_transform(s_2365.the_geom, 25833), schw_2365.schw, '300'::double precision))
                           ->  Function Scan on schw_2365  (cost=0.00..0.01 rows=1 width=32)
                           ->  Seq Scan on phoml_trajectory_tmp s_2365  (cost=0.00..95.68 rows=17 width=40)
                                 Filter: ((unix_time >= '1685451464.587'::double precision) AND (unix_time <= '1685451524.587'::double precision))
   ->  Subquery Scan on "*SELECT* 2367"  (cost=97.82..97.83 rows=1 width=76)
         ->  Limit  (cost=97.82..97.82 rows=1 width=84)
               ->  Sort  (cost=97.82..97.82 rows=1 width=84)
                     Sort Key: (st_distance(st_transform(s_2366.the_geom, 25833), schw_2366.schw))
                     ->  Nested Loop  (cost=0.00..97.81 rows=1 width=84)
                           Join Filter: ((st_transform(s_2366.the_geom, 25833) && st_expand(schw_2366.schw, '300'::double precision)) AND (schw_2366.schw && st_expand(st_transform(s_2366.the_geom, 25833), '300'::double precision)) AND _st_dwithin(st_transform(s_2366.the_geom, 25833), schw_2366.schw, '300'::double precision))
                           ->  Function Scan on schw_2366  (cost=0.00..0.01 rows=1 width=32)
                           ->  Seq Scan on phoml_trajectory_tmp s_2366  (cost=0.00..95.68 rows=17 width=40)
                                 Filter: ((unix_time >= '1685451464.927'::double precision) AND (unix_time <= '1685451524.927'::double precision))
   ->  Subquery Scan on "*SELECT* 2368"  (cost=97.82..97.83 rows=1 width=76)
         ->  Limit  (cost=97.82..97.82 rows=1 width=84)
               ->  Sort  (cost=97.82..97.82 rows=1 width=84)
                     Sort Key: (st_distance(st_transform(s_2367.the_geom, 25833), schw_2367.schw))
                     ->  Nested Loop  (cost=0.00..97.81 rows=1 width=84)
                           Join Filter: ((st_transform(s_2367.the_geom, 25833) && st_expand(schw_2367.schw, '300'::double precision)) AND (schw_2367.schw && st_expand(st_transform(s_2367.the_geom, 25833), '300'::double precision)) AND _st_dwithin(st_transform(s_2367.the_geom, 25833), schw_2367.schw, '300'::double precision))
                           ->  Function Scan on schw_2367  (cost=0.00..0.01 rows=1 width=32)
                           ->  Seq Scan on phoml_trajectory_tmp s_2367  (cost=0.00..95.68 rows=17 width=40)
                                 Filter: ((unix_time >= '1685451465.274'::double precision) AND (unix_time <= '1685451525.274'::double precision))
   ->  Subquery Scan on "*SELECT* 2369"  (cost=97.82..97.83 rows=1 width=76)
         ->  Limit  (cost=97.82..97.82 rows=1 width=84)
               ->  Sort  (cost=97.82..97.82 rows=1 width=84)
                     Sort Key: (st_distance(st_transform(s_2368.the_geom, 25833), schw_2368.schw))
                     ->  Nested Loop  (cost=0.00..97.81 rows=1 width=84)
                           Join Filter: ((st_transform(s_2368.the_geom, 25833) && st_expand(schw_2368.schw, '300'::double precision)) AND (schw_2368.schw && st_expand(st_transform(s_2368.the_geom, 25833), '300'::double precision)) AND _st_dwithin(st_transform(s_2368.the_geom, 25833), schw_2368.schw, '300'::double precision))
                           ->  Function Scan on schw_2368  (cost=0.00..0.01 rows=1 width=32)
                           ->  Seq Scan on phoml_trajectory_tmp s_2368  (cost=0.00..95.68 rows=17 width=40)
                                 Filter: ((unix_time >= '1685451465.634'::double precision) AND (unix_time <= '1685451525.634'::double precision))
   ->  Subquery Scan on "*SELECT* 2370"  (cost=97.82..97.83 rows=1 width=76)
         ->  Limit  (cost=97.82..97.82 rows=1 width=84)
               ->  Sort  (cost=97.82..97.82 rows=1 width=84)
                     Sort Key: (st_distance(st_transform(s_2369.the_geom, 25833), schw_2369.schw))
                     ->  Nested Loop  (cost=0.00..97.81 rows=1 width=84)
                           Join Filter: ((st_transform(s_2369.the_geom, 25833) && st_expand(schw_2369.schw, '300'::double precision)) AND (schw_2369.schw && st_expand(st_transform(s_2369.the_geom, 25833), '300'::double precision)) AND _st_dwithin(st_transform(s_2369.the_geom, 25833), schw_2369.schw, '300'::double precision))
                           ->  Function Scan on schw_2369  (cost=0.00..0.01 rows=1 width=32)
                           ->  Seq Scan on phoml_trajectory_tmp s_2369  (cost=0.00..95.68 rows=17 width=40)
                                 Filter: ((unix_time >= '1685451465.974'::double precision) AND (unix_time <= '1685451525.974'::double precision))
   ->  Subquery Scan on "*SELECT* 2371"  (cost=97.82..97.83 rows=1 width=76)
         ->  Limit  (cost=97.82..97.82 rows=1 width=84)
               ->  Sort  (cost=97.82..97.82 rows=1 width=84)
                     Sort Key: (st_distance(st_transform(s_2370.the_geom, 25833), schw_2370.schw))
                     ->  Nested Loop  (cost=0.00..97.81 rows=1 width=84)
                           Join Filter: ((st_transform(s_2370.the_geom, 25833) && st_expand(schw_2370.schw, '300'::double precision)) AND (schw_2370.schw && st_expand(st_transform(s_2370.the_geom, 25833), '300'::double precision)) AND _st_dwithin(st_transform(s_2370.the_geom, 25833), schw_2370.schw, '300'::double precision))
                           ->  Function Scan on schw_2370  (cost=0.00..0.01 rows=1 width=32)
                           ->  Seq Scan on phoml_trajectory_tmp s_2370  (cost=0.00..95.68 rows=17 width=40)
                                 Filter: ((unix_time >= '1685451466.319'::double precision) AND (unix_time <= '1685451526.319'::double precision))
   ->  Subquery Scan on "*SELECT* 2372"  (cost=97.82..97.83 rows=1 width=76)
         ->  Limit  (cost=97.82..97.82 rows=1 width=84)
               ->  Sort  (cost=97.82..97.82 rows=1 width=84)
                     Sort Key: (st_distance(st_transform(s_2371.the_geom, 25833), schw_2371.schw))
                     ->  Nested Loop  (cost=0.00..97.81 rows=1 width=84)
                           Join Filter: ((st_transform(s_2371.the_geom, 25833) && st_expand(schw_2371.schw, '300'::double precision)) AND (schw_2371.schw && st_expand(st_transform(s_2371.the_geom, 25833), '300'::double precision)) AND _st_dwithin(st_transform(s_2371.the_geom, 25833), schw_2371.schw, '300'::double precision))
                           ->  Function Scan on schw_2371  (cost=0.00..0.01 rows=1 width=32)
                           ->  Seq Scan on phoml_trajectory_tmp s_2371  (cost=0.00..95.68 rows=17 width=40)
                                 Filter: ((unix_time >= '1685451466.649'::double precision) AND (unix_time <= '1685451526.649'::double precision))
   ->  Subquery Scan on "*SELECT* 2373"  (cost=97.82..97.83 rows=1 width=76)
         ->  Limit  (cost=97.82..97.82 rows=1 width=84)
               ->  Sort  (cost=97.82..97.82 rows=1 width=84)
                     Sort Key: (st_distance(st_transform(s_2372.the_geom, 25833), schw_2372.schw))
                     ->  Nested Loop  (cost=0.00..97.81 rows=1 width=84)
                           Join Filter: ((st_transform(s_2372.the_geom, 25833) && st_expand(schw_2372.schw, '300'::double precision)) AND (schw_2372.schw && st_expand(st_transform(s_2372.the_geom, 25833), '300'::double precision)) AND _st_dwithin(st_transform(s_2372.the_geom, 25833), schw_2372.schw, '300'::double precision))
                           ->  Function Scan on schw_2372  (cost=0.00..0.01 rows=1 width=32)
                           ->  Seq Scan on phoml_trajectory_tmp s_2372  (cost=0.00..95.68 rows=17 width=40)
                                 Filter: ((unix_time >= '1685451466.989'::double precision) AND (unix_time <= '1685451526.989'::double precision))
   ->  Subquery Scan on "*SELECT* 2374"  (cost=97.82..97.83 rows=1 width=76)
         ->  Limit  (cost=97.82..97.82 rows=1 width=84)
               ->  Sort  (cost=97.82..97.82 rows=1 width=84)
                     Sort Key: (st_distance(st_transform(s_2373.the_geom, 25833), schw_2373.schw))
                     ->  Nested Loop  (cost=0.00..97.81 rows=1 width=84)
                           Join Filter: ((st_transform(s_2373.the_geom, 25833) && st_expand(schw_2373.schw, '300'::double precision)) AND (schw_2373.schw && st_expand(st_transform(s_2373.the_geom, 25833), '300'::double precision)) AND _st_dwithin(st_transform(s_2373.the_geom, 25833), schw_2373.schw, '300'::double precision))
                           ->  Function Scan on schw_2373  (cost=0.00..0.01 rows=1 width=32)
                           ->  Seq Scan on phoml_trajectory_tmp s_2373  (cost=0.00..95.68 rows=17 width=40)
                                 Filter: ((unix_time >= '1685451467.323'::double precision) AND (unix_time <= '1685451527.323'::double precision))
   ->  Subquery Scan on "*SELECT* 2375"  (cost=97.82..97.83 rows=1 width=76)
         ->  Limit  (cost=97.82..97.82 rows=1 width=84)
               ->  Sort  (cost=97.82..97.82 rows=1 width=84)
                     Sort Key: (st_distance(st_transform(s_2374.the_geom, 25833), schw_2374.schw))
                     ->  Nested Loop  (cost=0.00..97.81 rows=1 width=84)
                           Join Filter: ((st_transform(s_2374.the_geom, 25833) && st_expand(schw_2374.schw, '300'::double precision)) AND (schw_2374.schw && st_expand(st_transform(s_2374.the_geom, 25833), '300'::double precision)) AND _st_dwithin(st_transform(s_2374.the_geom, 25833), schw_2374.schw, '300'::double precision))
                           ->  Function Scan on schw_2374  (cost=0.00..0.01 rows=1 width=32)
                           ->  Seq Scan on phoml_trajectory_tmp s_2374  (cost=0.00..95.68 rows=17 width=40)
                                 Filter: ((unix_time >= '1685451467.673'::double precision) AND (unix_time <= '1685451527.673'::double precision))
   ->  Subquery Scan on "*SELECT* 2376"  (cost=97.82..97.83 rows=1 width=76)
         ->  Limit  (cost=97.82..97.82 rows=1 width=84)
               ->  Sort  (cost=97.82..97.82 rows=1 width=84)
                     Sort Key: (st_distance(st_transform(s_2375.the_geom, 25833), schw_2375.schw))
                     ->  Nested Loop  (cost=0.00..97.81 rows=1 width=84)
                           Join Filter: ((st_transform(s_2375.the_geom, 25833) && st_expand(schw_2375.schw, '300'::double precision)) AND (schw_2375.schw && st_expand(st_transform(s_2375.the_geom, 25833), '300'::double precision)) AND _st_dwithin(st_transform(s_2375.the_geom, 25833), schw_2375.schw, '300'::double precision))
                           ->  Function Scan on schw_2375  (cost=0.00..0.01 rows=1 width=32)
                           ->  Seq Scan on phoml_trajectory_tmp s_2375  (cost=0.00..95.68 rows=17 width=40)
                                 Filter: ((unix_time >= '1685451467.993'::double precision) AND (unix_time <= '1685451527.993'::double precision))
   ->  Subquery Scan on "*SELECT* 2377"  (cost=97.82..97.83 rows=1 width=76)
         ->  Limit  (cost=97.82..97.82 rows=1 width=84)
               ->  Sort  (cost=97.82..97.82 rows=1 width=84)
                     Sort Key: (st_distance(st_transform(s_2376.the_geom, 25833), schw_2376.schw))
                     ->  Nested Loop  (cost=0.00..97.81 rows=1 width=84)
                           Join Filter: ((st_transform(s_2376.the_geom, 25833) && st_expand(schw_2376.schw, '300'::double precision)) AND (schw_2376.schw && st_expand(st_transform(s_2376.the_geom, 25833), '300'::double precision)) AND _st_dwithin(st_transform(s_2376.the_geom, 25833), schw_2376.schw, '300'::double precision))
                           ->  Function Scan on schw_2376  (cost=0.00..0.01 rows=1 width=32)
                           ->  Seq Scan on phoml_trajectory_tmp s_2376  (cost=0.00..95.68 rows=17 width=40)
                                 Filter: ((unix_time >= '1685451468.344'::double precision) AND (unix_time <= '1685451528.344'::double precision))
   ->  Subquery Scan on "*SELECT* 2378"  (cost=97.82..97.83 rows=1 width=76)
         ->  Limit  (cost=97.82..97.82 rows=1 width=84)
               ->  Sort  (cost=97.82..97.82 rows=1 width=84)
                     Sort Key: (st_distance(st_transform(s_2377.the_geom, 25833), schw_2377.schw))
                     ->  Nested Loop  (cost=0.00..97.81 rows=1 width=84)
                           Join Filter: ((st_transform(s_2377.the_geom, 25833) && st_expand(schw_2377.schw, '300'::double precision)) AND (schw_2377.schw && st_expand(st_transform(s_2377.the_geom, 25833), '300'::double precision)) AND _st_dwithin(st_transform(s_2377.the_geom, 25833), schw_2377.schw, '300'::double precision))
                           ->  Function Scan on schw_2377  (cost=0.00..0.01 rows=1 width=32)
                           ->  Seq Scan on phoml_trajectory_tmp s_2377  (cost=0.00..95.68 rows=17 width=40)
                                 Filter: ((unix_time >= '1685451468.664'::double precision) AND (unix_time <= '1685451528.664'::double precision))
   ->  Subquery Scan on "*SELECT* 2379"  (cost=97.82..97.83 rows=1 width=76)
         ->  Limit  (cost=97.82..97.82 rows=1 width=84)
               ->  Sort  (cost=97.82..97.82 rows=1 width=84)
                     Sort Key: (st_distance(st_transform(s_2378.the_geom, 25833), schw_2378.schw))
                     ->  Nested Loop  (cost=0.00..97.81 rows=1 width=84)
                           Join Filter: ((st_transform(s_2378.the_geom, 25833) && st_expand(schw_2378.schw, '300'::double precision)) AND (schw_2378.schw && st_expand(st_transform(s_2378.the_geom, 25833), '300'::double precision)) AND _st_dwithin(st_transform(s_2378.the_geom, 25833), schw_2378.schw, '300'::double precision))
                           ->  Function Scan on schw_2378  (cost=0.00..0.01 rows=1 width=32)
                           ->  Seq Scan on phoml_trajectory_tmp s_2378  (cost=0.00..95.68 rows=17 width=40)
                                 Filter: ((unix_time >= '1685451468.994'::double precision) AND (unix_time <= '1685451528.994'::double precision))
   ->  Subquery Scan on "*SELECT* 2380"  (cost=97.82..97.83 rows=1 width=76)
         ->  Limit  (cost=97.82..97.82 rows=1 width=84)
               ->  Sort  (cost=97.82..97.82 rows=1 width=84)
                     Sort Key: (st_distance(st_transform(s_2379.the_geom, 25833), schw_2379.schw))
                     ->  Nested Loop  (cost=0.00..97.81 rows=1 width=84)
                           Join Filter: ((st_transform(s_2379.the_geom, 25833) && st_expand(schw_2379.schw, '300'::double precision)) AND (schw_2379.schw && st_expand(st_transform(s_2379.the_geom, 25833), '300'::double precision)) AND _st_dwithin(st_transform(s_2379.the_geom, 25833), schw_2379.schw, '300'::double precision))
                           ->  Function Scan on schw_2379  (cost=0.00..0.01 rows=1 width=32)
                           ->  Seq Scan on phoml_trajectory_tmp s_2379  (cost=0.00..95.68 rows=17 width=40)
                                 Filter: ((unix_time >= '1685451469.32'::double precision) AND (unix_time <= '1685451529.32'::double precision))
   ->  Subquery Scan on "*SELECT* 2381"  (cost=97.82..97.83 rows=1 width=76)
         ->  Limit  (cost=97.82..97.82 rows=1 width=84)
               ->  Sort  (cost=97.82..97.82 rows=1 width=84)
                     Sort Key: (st_distance(st_transform(s_2380.the_geom, 25833), schw_2380.schw))
                     ->  Nested Loop  (cost=0.00..97.81 rows=1 width=84)
                           Join Filter: ((st_transform(s_2380.the_geom, 25833) && st_expand(schw_2380.schw, '300'::double precision)) AND (schw_2380.schw && st_expand(st_transform(s_2380.the_geom, 25833), '300'::double precision)) AND _st_dwithin(st_transform(s_2380.the_geom, 25833), schw_2380.schw, '300'::double precision))
                           ->  Function Scan on schw_2380  (cost=0.00..0.01 rows=1 width=32)
                           ->  Seq Scan on phoml_trajectory_tmp s_2380  (cost=0.00..95.68 rows=17 width=40)
                                 Filter: ((unix_time >= '1685451469.65'::double precision) AND (unix_time <= '1685451529.65'::double precision))
   ->  Subquery Scan on "*SELECT* 2382"  (cost=97.82..97.83 rows=1 width=76)
         ->  Limit  (cost=97.82..97.82 rows=1 width=84)
               ->  Sort  (cost=97.82..97.82 rows=1 width=84)
                     Sort Key: (st_distance(st_transform(s_2381.the_geom, 25833), schw_2381.schw))
                     ->  Nested Loop  (cost=0.00..97.81 rows=1 width=84)
                           Join Filter: ((st_transform(s_2381.the_geom, 25833) && st_expand(schw_2381.schw, '300'::double precision)) AND (schw_2381.schw && st_expand(st_transform(s_2381.the_geom, 25833), '300'::double precision)) AND _st_dwithin(st_transform(s_2381.the_geom, 25833), schw_2381.schw, '300'::double precision))
                           ->  Function Scan on schw_2381  (cost=0.00..0.01 rows=1 width=32)
                           ->  Seq Scan on phoml_trajectory_tmp s_2381  (cost=0.00..95.68 rows=17 width=40)
                                 Filter: ((unix_time >= '1685451469.97'::double precision) AND (unix_time <= '1685451529.97'::double precision))
   ->  Subquery Scan on "*SELECT* 2383"  (cost=97.82..97.83 rows=1 width=76)
         ->  Limit  (cost=97.82..97.82 rows=1 width=84)
               ->  Sort  (cost=97.82..97.82 rows=1 width=84)
                     Sort Key: (st_distance(st_transform(s_2382.the_geom, 25833), schw_2382.schw))
                     ->  Nested Loop  (cost=0.00..97.81 rows=1 width=84)
                           Join Filter: ((st_transform(s_2382.the_geom, 25833) && st_expand(schw_2382.schw, '300'::double precision)) AND (schw_2382.schw && st_expand(st_transform(s_2382.the_geom, 25833), '300'::double precision)) AND _st_dwithin(st_transform(s_2382.the_geom, 25833), schw_2382.schw, '300'::double precision))
                           ->  Function Scan on schw_2382  (cost=0.00..0.01 rows=1 width=32)
                           ->  Seq Scan on phoml_trajectory_tmp s_2382  (cost=0.00..95.68 rows=17 width=40)
                                 Filter: ((unix_time >= '1685451470.292'::double precision) AND (unix_time <= '1685451530.292'::double precision))
   ->  Subquery Scan on "*SELECT* 2384"  (cost=97.82..97.83 rows=1 width=76)
         ->  Limit  (cost=97.82..97.82 rows=1 width=84)
               ->  Sort  (cost=97.82..97.82 rows=1 width=84)
                     Sort Key: (st_distance(st_transform(s_2383.the_geom, 25833), schw_2383.schw))
                     ->  Nested Loop  (cost=0.00..97.81 rows=1 width=84)
                           Join Filter: ((st_transform(s_2383.the_geom, 25833) && st_expand(schw_2383.schw, '300'::double precision)) AND (schw_2383.schw && st_expand(st_transform(s_2383.the_geom, 25833), '300'::double precision)) AND _st_dwithin(st_transform(s_2383.the_geom, 25833), schw_2383.schw, '300'::double precision))
                           ->  Function Scan on schw_2383  (cost=0.00..0.01 rows=1 width=32)
                           ->  Seq Scan on phoml_trajectory_tmp s_2383  (cost=0.00..95.68 rows=17 width=40)
                                 Filter: ((unix_time >= '1685451470.612'::double precision) AND (unix_time <= '1685451530.612'::double precision))
   ->  Subquery Scan on "*SELECT* 2385"  (cost=97.82..97.83 rows=1 width=76)
         ->  Limit  (cost=97.82..97.82 rows=1 width=84)
               ->  Sort  (cost=97.82..97.82 rows=1 width=84)
                     Sort Key: (st_distance(st_transform(s_2384.the_geom, 25833), schw_2384.schw))
                     ->  Nested Loop  (cost=0.00..97.81 rows=1 width=84)
                           Join Filter: ((st_transform(s_2384.the_geom, 25833) && st_expand(schw_2384.schw, '300'::double precision)) AND (schw_2384.schw && st_expand(st_transform(s_2384.the_geom, 25833), '300'::double precision)) AND _st_dwithin(st_transform(s_2384.the_geom, 25833), schw_2384.schw, '300'::double precision))
                           ->  Function Scan on schw_2384  (cost=0.00..0.01 rows=1 width=32)
                           ->  Seq Scan on phoml_trajectory_tmp s_2384  (cost=0.00..95.68 rows=17 width=40)
                                 Filter: ((unix_time >= '1685451470.932'::double precision) AND (unix_time <= '1685451530.932'::double precision))
   ->  Subquery Scan on "*SELECT* 2386"  (cost=97.82..97.83 rows=1 width=76)
         ->  Limit  (cost=97.82..97.82 rows=1 width=84)
               ->  Sort  (cost=97.82..97.82 rows=1 width=84)
                     Sort Key: (st_distance(st_transform(s_2385.the_geom, 25833), schw_2385.schw))
                     ->  Nested Loop  (cost=0.00..97.81 rows=1 width=84)
                           Join Filter: ((st_transform(s_2385.the_geom, 25833) && st_expand(schw_2385.schw, '300'::double precision)) AND (schw_2385.schw && st_expand(st_transform(s_2385.the_geom, 25833), '300'::double precision)) AND _st_dwithin(st_transform(s_2385.the_geom, 25833), schw_2385.schw, '300'::double precision))
                           ->  Function Scan on schw_2385  (cost=0.00..0.01 rows=1 width=32)
                           ->  Seq Scan on phoml_trajectory_tmp s_2385  (cost=0.00..95.68 rows=17 width=40)
                                 Filter: ((unix_time >= '1685451471.265'::double precision) AND (unix_time <= '1685451531.265'::double precision))
   ->  Subquery Scan on "*SELECT* 2387"  (cost=97.82..97.83 rows=1 width=76)
         ->  Limit  (cost=97.82..97.82 rows=1 width=84)
               ->  Sort  (cost=97.82..97.82 rows=1 width=84)
                     Sort Key: (st_distance(st_transform(s_2386.the_geom, 25833), schw_2386.schw))
                     ->  Nested Loop  (cost=0.00..97.81 rows=1 width=84)
                           Join Filter: ((st_transform(s_2386.the_geom, 25833) && st_expand(schw_2386.schw, '300'::double precision)) AND (schw_2386.schw && st_expand(st_transform(s_2386.the_geom, 25833), '300'::double precision)) AND _st_dwithin(st_transform(s_2386.the_geom, 25833), schw_2386.schw, '300'::double precision))
                           ->  Function Scan on schw_2386  (cost=0.00..0.01 rows=1 width=32)
                           ->  Seq Scan on phoml_trajectory_tmp s_2386  (cost=0.00..95.68 rows=17 width=40)
                                 Filter: ((unix_time >= '1685451471.595'::double precision) AND (unix_time <= '1685451531.595'::double precision))
   ->  Subquery Scan on "*SELECT* 2388"  (cost=97.82..97.83 rows=1 width=76)
         ->  Limit  (cost=97.82..97.82 rows=1 width=84)
               ->  Sort  (cost=97.82..97.82 rows=1 width=84)
                     Sort Key: (st_distance(st_transform(s_2387.the_geom, 25833), schw_2387.schw))
                     ->  Nested Loop  (cost=0.00..97.81 rows=1 width=84)
                           Join Filter: ((st_transform(s_2387.the_geom, 25833) && st_expand(schw_2387.schw, '300'::double precision)) AND (schw_2387.schw && st_expand(st_transform(s_2387.the_geom, 25833), '300'::double precision)) AND _st_dwithin(st_transform(s_2387.the_geom, 25833), schw_2387.schw, '300'::double precision))
                           ->  Function Scan on schw_2387  (cost=0.00..0.01 rows=1 width=32)
                           ->  Seq Scan on phoml_trajectory_tmp s_2387  (cost=0.00..95.68 rows=17 width=40)
                                 Filter: ((unix_time >= '1685451471.925'::double precision) AND (unix_time <= '1685451531.925'::double precision))
   ->  Subquery Scan on "*SELECT* 2389"  (cost=97.82..97.83 rows=1 width=76)
         ->  Limit  (cost=97.82..97.82 rows=1 width=84)
               ->  Sort  (cost=97.82..97.82 rows=1 width=84)
                     Sort Key: (st_distance(st_transform(s_2388.the_geom, 25833), schw_2388.schw))
                     ->  Nested Loop  (cost=0.00..97.81 rows=1 width=84)
                           Join Filter: ((st_transform(s_2388.the_geom, 25833) && st_expand(schw_2388.schw, '300'::double precision)) AND (schw_2388.schw && st_expand(st_transform(s_2388.the_geom, 25833), '300'::double precision)) AND _st_dwithin(st_transform(s_2388.the_geom, 25833), schw_2388.schw, '300'::double precision))
                           ->  Function Scan on schw_2388  (cost=0.00..0.01 rows=1 width=32)
                           ->  Seq Scan on phoml_trajectory_tmp s_2388  (cost=0.00..95.68 rows=17 width=40)
                                 Filter: ((unix_time >= '1685451472.249'::double precision) AND (unix_time <= '1685451532.249'::double precision))
   ->  Subquery Scan on "*SELECT* 2390"  (cost=97.82..97.83 rows=1 width=76)
         ->  Limit  (cost=97.82..97.82 rows=1 width=84)
               ->  Sort  (cost=97.82..97.82 rows=1 width=84)
                     Sort Key: (st_distance(st_transform(s_2389.the_geom, 25833), schw_2389.schw))
                     ->  Nested Loop  (cost=0.00..97.81 rows=1 width=84)
                           Join Filter: ((st_transform(s_2389.the_geom, 25833) && st_expand(schw_2389.schw, '300'::double precision)) AND (schw_2389.schw && st_expand(st_transform(s_2389.the_geom, 25833), '300'::double precision)) AND _st_dwithin(st_transform(s_2389.the_geom, 25833), schw_2389.schw, '300'::double precision))
                           ->  Function Scan on schw_2389  (cost=0.00..0.01 rows=1 width=32)
                           ->  Seq Scan on phoml_trajectory_tmp s_2389  (cost=0.00..95.68 rows=17 width=40)
                                 Filter: ((unix_time >= '1685451472.579'::double precision) AND (unix_time <= '1685451532.579'::double precision))
   ->  Subquery Scan on "*SELECT* 2391"  (cost=97.82..97.83 rows=1 width=76)
         ->  Limit  (cost=97.82..97.82 rows=1 width=84)
               ->  Sort  (cost=97.82..97.82 rows=1 width=84)
                     Sort Key: (st_distance(st_transform(s_2390.the_geom, 25833), schw_2390.schw))
                     ->  Nested Loop  (cost=0.00..97.81 rows=1 width=84)
                           Join Filter: ((st_transform(s_2390.the_geom, 25833) && st_expand(schw_2390.schw, '300'::double precision)) AND (schw_2390.schw && st_expand(st_transform(s_2390.the_geom, 25833), '300'::double precision)) AND _st_dwithin(st_transform(s_2390.the_geom, 25833), schw_2390.schw, '300'::double precision))
                           ->  Function Scan on schw_2390  (cost=0.00..0.01 rows=1 width=32)
                           ->  Seq Scan on phoml_trajectory_tmp s_2390  (cost=0.00..95.68 rows=17 width=40)
                                 Filter: ((unix_time >= '1685451472.909'::double precision) AND (unix_time <= '1685451532.909'::double precision))
   ->  Subquery Scan on "*SELECT* 2392"  (cost=97.82..97.83 rows=1 width=76)
         ->  Limit  (cost=97.82..97.82 rows=1 width=84)
               ->  Sort  (cost=97.82..97.82 rows=1 width=84)
                     Sort Key: (st_distance(st_transform(s_2391.the_geom, 25833), schw_2391.schw))
                     ->  Nested Loop  (cost=0.00..97.81 rows=1 width=84)
                           Join Filter: ((st_transform(s_2391.the_geom, 25833) && st_expand(schw_2391.schw, '300'::double precision)) AND (schw_2391.schw && st_expand(st_transform(s_2391.the_geom, 25833), '300'::double precision)) AND _st_dwithin(st_transform(s_2391.the_geom, 25833), schw_2391.schw, '300'::double precision))
                           ->  Function Scan on schw_2391  (cost=0.00..0.01 rows=1 width=32)
                           ->  Seq Scan on phoml_trajectory_tmp s_2391  (cost=0.00..95.68 rows=17 width=40)
                                 Filter: ((unix_time >= '1685451473.242'::double precision) AND (unix_time <= '1685451533.242'::double precision))
   ->  Subquery Scan on "*SELECT* 2393"  (cost=97.82..97.83 rows=1 width=76)
         ->  Limit  (cost=97.82..97.82 rows=1 width=84)
               ->  Sort  (cost=97.82..97.82 rows=1 width=84)
                     Sort Key: (st_distance(st_transform(s_2392.the_geom, 25833), schw_2392.schw))
                     ->  Nested Loop  (cost=0.00..97.81 rows=1 width=84)
                           Join Filter: ((st_transform(s_2392.the_geom, 25833) && st_expand(schw_2392.schw, '300'::double precision)) AND (schw_2392.schw && st_expand(st_transform(s_2392.the_geom, 25833), '300'::double precision)) AND _st_dwithin(st_transform(s_2392.the_geom, 25833), schw_2392.schw, '300'::double precision))
                           ->  Function Scan on schw_2392  (cost=0.00..0.01 rows=1 width=32)
                           ->  Seq Scan on phoml_trajectory_tmp s_2392  (cost=0.00..95.68 rows=17 width=40)
                                 Filter: ((unix_time >= '1685451473.572'::double precision) AND (unix_time <= '1685451533.572'::double precision))
   ->  Subquery Scan on "*SELECT* 2394"  (cost=97.82..97.83 rows=1 width=76)
         ->  Limit  (cost=97.82..97.82 rows=1 width=84)
               ->  Sort  (cost=97.82..97.82 rows=1 width=84)
                     Sort Key: (st_distance(st_transform(s_2393.the_geom, 25833), schw_2393.schw))
                     ->  Nested Loop  (cost=0.00..97.81 rows=1 width=84)
                           Join Filter: ((st_transform(s_2393.the_geom, 25833) && st_expand(schw_2393.schw, '300'::double precision)) AND (schw_2393.schw && st_expand(st_transform(s_2393.the_geom, 25833), '300'::double precision)) AND _st_dwithin(st_transform(s_2393.the_geom, 25833), schw_2393.schw, '300'::double precision))
                           ->  Function Scan on schw_2393  (cost=0.00..0.01 rows=1 width=32)
                           ->  Seq Scan on phoml_trajectory_tmp s_2393  (cost=0.00..95.68 rows=17 width=40)
                                 Filter: ((unix_time >= '1685451473.912'::double precision) AND (unix_time <= '1685451533.912'::double precision))
   ->  Subquery Scan on "*SELECT* 2395"  (cost=97.82..97.83 rows=1 width=76)
         ->  Limit  (cost=97.82..97.82 rows=1 width=84)
               ->  Sort  (cost=97.82..97.82 rows=1 width=84)
                     Sort Key: (st_distance(st_transform(s_2394.the_geom, 25833), schw_2394.schw))
                     ->  Nested Loop  (cost=0.00..97.81 rows=1 width=84)
                           Join Filter: ((st_transform(s_2394.the_geom, 25833) && st_expand(schw_2394.schw, '300'::double precision)) AND (schw_2394.schw && st_expand(st_transform(s_2394.the_geom, 25833), '300'::double precision)) AND _st_dwithin(st_transform(s_2394.the_geom, 25833), schw_2394.schw, '300'::double precision))
                           ->  Function Scan on schw_2394  (cost=0.00..0.01 rows=1 width=32)
                           ->  Seq Scan on phoml_trajectory_tmp s_2394  (cost=0.00..95.68 rows=17 width=40)
                                 Filter: ((unix_time >= '1685451474.245'::double precision) AND (unix_time <= '1685451534.245'::double precision))
   ->  Subquery Scan on "*SELECT* 2396"  (cost=97.82..97.83 rows=1 width=76)
         ->  Limit  (cost=97.82..97.82 rows=1 width=84)
               ->  Sort  (cost=97.82..97.82 rows=1 width=84)
                     Sort Key: (st_distance(st_transform(s_2395.the_geom, 25833), schw_2395.schw))
                     ->  Nested Loop  (cost=0.00..97.81 rows=1 width=84)
                           Join Filter: ((st_transform(s_2395.the_geom, 25833) && st_expand(schw_2395.schw, '300'::double precision)) AND (schw_2395.schw && st_expand(st_transform(s_2395.the_geom, 25833), '300'::double precision)) AND _st_dwithin(st_transform(s_2395.the_geom, 25833), schw_2395.schw, '300'::double precision))
                           ->  Function Scan on schw_2395  (cost=0.00..0.01 rows=1 width=32)
                           ->  Seq Scan on phoml_trajectory_tmp s_2395  (cost=0.00..95.68 rows=17 width=40)
                                 Filter: ((unix_time >= '1685451474.585'::double precision) AND (unix_time <= '1685451534.585'::double precision))
   ->  Subquery Scan on "*SELECT* 2397"  (cost=97.82..97.83 rows=1 width=76)
         ->  Limit  (cost=97.82..97.82 rows=1 width=84)
               ->  Sort  (cost=97.82..97.82 rows=1 width=84)
                     Sort Key: (st_distance(st_transform(s_2396.the_geom, 25833), schw_2396.schw))
                     ->  Nested Loop  (cost=0.00..97.81 rows=1 width=84)
                           Join Filter: ((st_transform(s_2396.the_geom, 25833) && st_expand(schw_2396.schw, '300'::double precision)) AND (schw_2396.schw && st_expand(st_transform(s_2396.the_geom, 25833), '300'::double precision)) AND _st_dwithin(st_transform(s_2396.the_geom, 25833), schw_2396.schw, '300'::double precision))
                           ->  Function Scan on schw_2396  (cost=0.00..0.01 rows=1 width=32)
                           ->  Seq Scan on phoml_trajectory_tmp s_2396  (cost=0.00..95.68 rows=17 width=40)
                                 Filter: ((unix_time >= '1685451474.925'::double precision) AND (unix_time <= '1685451534.925'::double precision))
   ->  Subquery Scan on "*SELECT* 2398"  (cost=97.82..97.83 rows=1 width=76)
         ->  Limit  (cost=97.82..97.82 rows=1 width=84)
               ->  Sort  (cost=97.82..97.82 rows=1 width=84)
                     Sort Key: (st_distance(st_transform(s_2397.the_geom, 25833), schw_2397.schw))
                     ->  Nested Loop  (cost=0.00..97.81 rows=1 width=84)
                           Join Filter: ((st_transform(s_2397.the_geom, 25833) && st_expand(schw_2397.schw, '300'::double precision)) AND (schw_2397.schw && st_expand(st_transform(s_2397.the_geom, 25833), '300'::double precision)) AND _st_dwithin(st_transform(s_2397.the_geom, 25833), schw_2397.schw, '300'::double precision))
                           ->  Function Scan on schw_2397  (cost=0.00..0.01 rows=1 width=32)
                           ->  Seq Scan on phoml_trajectory_tmp s_2397  (cost=0.00..95.68 rows=17 width=40)
                                 Filter: ((unix_time >= '1685451475.259'::double precision) AND (unix_time <= '1685451535.259'::double precision))
   ->  Subquery Scan on "*SELECT* 2399"  (cost=97.82..97.83 rows=1 width=76)
         ->  Limit  (cost=97.82..97.82 rows=1 width=84)
               ->  Sort  (cost=97.82..97.82 rows=1 width=84)
                     Sort Key: (st_distance(st_transform(s_2398.the_geom, 25833), schw_2398.schw))
                     ->  Nested Loop  (cost=0.00..97.81 rows=1 width=84)
                           Join Filter: ((st_transform(s_2398.the_geom, 25833) && st_expand(schw_2398.schw, '300'::double precision)) AND (schw_2398.schw && st_expand(st_transform(s_2398.the_geom, 25833), '300'::double precision)) AND _st_dwithin(st_transform(s_2398.the_geom, 25833), schw_2398.schw, '300'::double precision))
                           ->  Function Scan on schw_2398  (cost=0.00..0.01 rows=1 width=32)
                           ->  Seq Scan on phoml_trajectory_tmp s_2398  (cost=0.00..95.68 rows=17 width=40)
                                 Filter: ((unix_time >= '1685451475.599'::double precision) AND (unix_time <= '1685451535.599'::double precision))
   ->  Subquery Scan on "*SELECT* 2400"  (cost=97.82..97.83 rows=1 width=76)
         ->  Limit  (cost=97.82..97.82 rows=1 width=84)
               ->  Sort  (cost=97.82..97.82 rows=1 width=84)
                     Sort Key: (st_distance(st_transform(s_2399.the_geom, 25833), schw_2399.schw))
                     ->  Nested Loop  (cost=0.00..97.81 rows=1 width=84)
                           Join Filter: ((st_transform(s_2399.the_geom, 25833) && st_expand(schw_2399.schw, '300'::double precision)) AND (schw_2399.schw && st_expand(st_transform(s_2399.the_geom, 25833), '300'::double precision)) AND _st_dwithin(st_transform(s_2399.the_geom, 25833), schw_2399.schw, '300'::double precision))
                           ->  Function Scan on schw_2399  (cost=0.00..0.01 rows=1 width=32)
                           ->  Seq Scan on phoml_trajectory_tmp s_2399  (cost=0.00..95.68 rows=17 width=40)
                                 Filter: ((unix_time >= '1685451475.949'::double precision) AND (unix_time <= '1685451535.949'::double precision))
   ->  Subquery Scan on "*SELECT* 2401"  (cost=97.82..97.83 rows=1 width=76)
         ->  Limit  (cost=97.82..97.82 rows=1 width=84)
               ->  Sort  (cost=97.82..97.82 rows=1 width=84)
                     Sort Key: (st_distance(st_transform(s_2400.the_geom, 25833), schw_2400.schw))
                     ->  Nested Loop  (cost=0.00..97.81 rows=1 width=84)
                           Join Filter: ((st_transform(s_2400.the_geom, 25833) && st_expand(schw_2400.schw, '300'::double precision)) AND (schw_2400.schw && st_expand(st_transform(s_2400.the_geom, 25833), '300'::double precision)) AND _st_dwithin(st_transform(s_2400.the_geom, 25833), schw_2400.schw, '300'::double precision))
                           ->  Function Scan on schw_2400  (cost=0.00..0.01 rows=1 width=32)
                           ->  Seq Scan on phoml_trajectory_tmp s_2400  (cost=0.00..95.68 rows=17 width=40)
                                 Filter: ((unix_time >= '1685451476.292'::double precision) AND (unix_time <= '1685451536.292'::double precision))
   ->  Subquery Scan on "*SELECT* 2402"  (cost=97.82..97.83 rows=1 width=76)
         ->  Limit  (cost=97.82..97.82 rows=1 width=84)
               ->  Sort  (cost=97.82..97.82 rows=1 width=84)
                     Sort Key: (st_distance(st_transform(s_2401.the_geom, 25833), schw_2401.schw))
                     ->  Nested Loop  (cost=0.00..97.81 rows=1 width=84)
                           Join Filter: ((st_transform(s_2401.the_geom, 25833) && st_expand(schw_2401.schw, '300'::double precision)) AND (schw_2401.schw && st_expand(st_transform(s_2401.the_geom, 25833), '300'::double precision)) AND _st_dwithin(st_transform(s_2401.the_geom, 25833), schw_2401.schw, '300'::double precision))
                           ->  Function Scan on schw_2401  (cost=0.00..0.01 rows=1 width=32)
                           ->  Seq Scan on phoml_trajectory_tmp s_2401  (cost=0.00..95.68 rows=17 width=40)
                                 Filter: ((unix_time >= '1685451476.632'::double precision) AND (unix_time <= '1685451536.632'::double precision))
   ->  Subquery Scan on "*SELECT* 2403"  (cost=97.82..97.83 rows=1 width=76)
         ->  Limit  (cost=97.82..97.82 rows=1 width=84)
               ->  Sort  (cost=97.82..97.82 rows=1 width=84)
                     Sort Key: (st_distance(st_transform(s_2402.the_geom, 25833), schw_2402.schw))
                     ->  Nested Loop  (cost=0.00..97.81 rows=1 width=84)
                           Join Filter: ((st_transform(s_2402.the_geom, 25833) && st_expand(schw_2402.schw, '300'::double precision)) AND (schw_2402.schw && st_expand(st_transform(s_2402.the_geom, 25833), '300'::double precision)) AND _st_dwithin(st_transform(s_2402.the_geom, 25833), schw_2402.schw, '300'::double precision))
                           ->  Function Scan on schw_2402  (cost=0.00..0.01 rows=1 width=32)
                           ->  Seq Scan on phoml_trajectory_tmp s_2402  (cost=0.00..95.68 rows=17 width=40)
                                 Filter: ((unix_time >= '1685451476.982'::double precision) AND (unix_time <= '1685451536.982'::double precision))
   ->  Subquery Scan on "*SELECT* 2404"  (cost=97.82..97.83 rows=1 width=76)
         ->  Limit  (cost=97.82..97.82 rows=1 width=84)
               ->  Sort  (cost=97.82..97.82 rows=1 width=84)
                     Sort Key: (st_distance(st_transform(s_2403.the_geom, 25833), schw_2403.schw))
                     ->  Nested Loop  (cost=0.00..97.81 rows=1 width=84)
                           Join Filter: ((st_transform(s_2403.the_geom, 25833) && st_expand(schw_2403.schw, '300'::double precision)) AND (schw_2403.schw && st_expand(st_transform(s_2403.the_geom, 25833), '300'::double precision)) AND _st_dwithin(st_transform(s_2403.the_geom, 25833), schw_2403.schw, '300'::double precision))
                           ->  Function Scan on schw_2403  (cost=0.00..0.01 rows=1 width=32)
                           ->  Seq Scan on phoml_trajectory_tmp s_2403  (cost=0.00..95.68 rows=17 width=40)
                                 Filter: ((unix_time >= '1685451477.322'::double precision) AND (unix_time <= '1685451537.322'::double precision))
   ->  Subquery Scan on "*SELECT* 2405"  (cost=97.82..97.83 rows=1 width=76)
         ->  Limit  (cost=97.82..97.82 rows=1 width=84)
               ->  Sort  (cost=97.82..97.82 rows=1 width=84)
                     Sort Key: (st_distance(st_transform(s_2404.the_geom, 25833), schw_2404.schw))
                     ->  Nested Loop  (cost=0.00..97.81 rows=1 width=84)
                           Join Filter: ((st_transform(s_2404.the_geom, 25833) && st_expand(schw_2404.schw, '300'::double precision)) AND (schw_2404.schw && st_expand(st_transform(s_2404.the_geom, 25833), '300'::double precision)) AND _st_dwithin(st_transform(s_2404.the_geom, 25833), schw_2404.schw, '300'::double precision))
                           ->  Function Scan on schw_2404  (cost=0.00..0.01 rows=1 width=32)
                           ->  Seq Scan on phoml_trajectory_tmp s_2404  (cost=0.00..95.68 rows=17 width=40)
                                 Filter: ((unix_time >= '1685451477.662'::double precision) AND (unix_time <= '1685451537.662'::double precision))
   ->  Subquery Scan on "*SELECT* 2406"  (cost=97.82..97.83 rows=1 width=76)
         ->  Limit  (cost=97.82..97.82 rows=1 width=84)
               ->  Sort  (cost=97.82..97.82 rows=1 width=84)
                     Sort Key: (st_distance(st_transform(s_2405.the_geom, 25833), schw_2405.schw))
                     ->  Nested Loop  (cost=0.00..97.81 rows=1 width=84)
                           Join Filter: ((st_transform(s_2405.the_geom, 25833) && st_expand(schw_2405.schw, '300'::double precision)) AND (schw_2405.schw && st_expand(st_transform(s_2405.the_geom, 25833), '300'::double precision)) AND _st_dwithin(st_transform(s_2405.the_geom, 25833), schw_2405.schw, '300'::double precision))
                           ->  Function Scan on schw_2405  (cost=0.00..0.01 rows=1 width=32)
                           ->  Seq Scan on phoml_trajectory_tmp s_2405  (cost=0.00..95.68 rows=17 width=40)
                                 Filter: ((unix_time >= '1685451478.012'::double precision) AND (unix_time <= '1685451538.012'::double precision))
   ->  Subquery Scan on "*SELECT* 2407"  (cost=97.82..97.83 rows=1 width=76)
         ->  Limit  (cost=97.82..97.82 rows=1 width=84)
               ->  Sort  (cost=97.82..97.82 rows=1 width=84)
                     Sort Key: (st_distance(st_transform(s_2406.the_geom, 25833), schw_2406.schw))
                     ->  Nested Loop  (cost=0.00..97.81 rows=1 width=84)
                           Join Filter: ((st_transform(s_2406.the_geom, 25833) && st_expand(schw_2406.schw, '300'::double precision)) AND (schw_2406.schw && st_expand(st_transform(s_2406.the_geom, 25833), '300'::double precision)) AND _st_dwithin(st_transform(s_2406.the_geom, 25833), schw_2406.schw, '300'::double precision))
                           ->  Function Scan on schw_2406  (cost=0.00..0.01 rows=1 width=32)
                           ->  Seq Scan on phoml_trajectory_tmp s_2406  (cost=0.00..95.68 rows=17 width=40)
                                 Filter: ((unix_time >= '1685451478.347'::double precision) AND (unix_time <= '1685451538.347'::double precision))
   ->  Subquery Scan on "*SELECT* 2408"  (cost=97.82..97.83 rows=1 width=76)
         ->  Limit  (cost=97.82..97.82 rows=1 width=84)
               ->  Sort  (cost=97.82..97.82 rows=1 width=84)
                     Sort Key: (st_distance(st_transform(s_2407.the_geom, 25833), schw_2407.schw))
                     ->  Nested Loop  (cost=0.00..97.81 rows=1 width=84)
                           Join Filter: ((st_transform(s_2407.the_geom, 25833) && st_expand(schw_2407.schw, '300'::double precision)) AND (schw_2407.schw && st_expand(st_transform(s_2407.the_geom, 25833), '300'::double precision)) AND _st_dwithin(st_transform(s_2407.the_geom, 25833), schw_2407.schw, '300'::double precision))
                           ->  Function Scan on schw_2407  (cost=0.00..0.01 rows=1 width=32)
                           ->  Seq Scan on phoml_trajectory_tmp s_2407  (cost=0.00..95.68 rows=17 width=40)
                                 Filter: ((unix_time >= '1685451478.687'::double precision) AND (unix_time <= '1685451538.687'::double precision))
   ->  Subquery Scan on "*SELECT* 2409"  (cost=97.82..97.83 rows=1 width=76)
         ->  Limit  (cost=97.82..97.82 rows=1 width=84)
               ->  Sort  (cost=97.82..97.82 rows=1 width=84)
                     Sort Key: (st_distance(st_transform(s_2408.the_geom, 25833), schw_2408.schw))
                     ->  Nested Loop  (cost=0.00..97.81 rows=1 width=84)
                           Join Filter: ((st_transform(s_2408.the_geom, 25833) && st_expand(schw_2408.schw, '300'::double precision)) AND (schw_2408.schw && st_expand(st_transform(s_2408.the_geom, 25833), '300'::double precision)) AND _st_dwithin(st_transform(s_2408.the_geom, 25833), schw_2408.schw, '300'::double precision))
                           ->  Function Scan on schw_2408  (cost=0.00..0.01 rows=1 width=32)
                           ->  Seq Scan on phoml_trajectory_tmp s_2408  (cost=0.00..95.68 rows=17 width=40)
                                 Filter: ((unix_time >= '1685451479.037'::double precision) AND (unix_time <= '1685451539.037'::double precision))
   ->  Subquery Scan on "*SELECT* 2410"  (cost=97.82..97.83 rows=1 width=76)
         ->  Limit  (cost=97.82..97.82 rows=1 width=84)
               ->  Sort  (cost=97.82..97.82 rows=1 width=84)
                     Sort Key: (st_distance(st_transform(s_2409.the_geom, 25833), schw_2409.schw))
                     ->  Nested Loop  (cost=0.00..97.81 rows=1 width=84)
                           Join Filter: ((st_transform(s_2409.the_geom, 25833) && st_expand(schw_2409.schw, '300'::double precision)) AND (schw_2409.schw && st_expand(st_transform(s_2409.the_geom, 25833), '300'::double precision)) AND _st_dwithin(st_transform(s_2409.the_geom, 25833), schw_2409.schw, '300'::double precision))
                           ->  Function Scan on schw_2409  (cost=0.00..0.01 rows=1 width=32)
                           ->  Seq Scan on phoml_trajectory_tmp s_2409  (cost=0.00..95.68 rows=17 width=40)
                                 Filter: ((unix_time >= '1685451479.38'::double precision) AND (unix_time <= '1685451539.38'::double precision))
   ->  Subquery Scan on "*SELECT* 2411"  (cost=97.82..97.83 rows=1 width=76)
         ->  Limit  (cost=97.82..97.82 rows=1 width=84)
               ->  Sort  (cost=97.82..97.82 rows=1 width=84)
                     Sort Key: (st_distance(st_transform(s_2410.the_geom, 25833), schw_2410.schw))
                     ->  Nested Loop  (cost=0.00..97.81 rows=1 width=84)
                           Join Filter: ((st_transform(s_2410.the_geom, 25833) && st_expand(schw_2410.schw, '300'::double precision)) AND (schw_2410.schw && st_expand(st_transform(s_2410.the_geom, 25833), '300'::double precision)) AND _st_dwithin(st_transform(s_2410.the_geom, 25833), schw_2410.schw, '300'::double precision))
                           ->  Function Scan on schw_2410  (cost=0.00..0.01 rows=1 width=32)
                           ->  Seq Scan on phoml_trajectory_tmp s_2410  (cost=0.00..95.68 rows=17 width=40)
                                 Filter: ((unix_time >= '1685451479.71'::double precision) AND (unix_time <= '1685451539.71'::double precision))
   ->  Subquery Scan on "*SELECT* 2412"  (cost=97.82..97.83 rows=1 width=76)
         ->  Limit  (cost=97.82..97.82 rows=1 width=84)
               ->  Sort  (cost=97.82..97.82 rows=1 width=84)
                     Sort Key: (st_distance(st_transform(s_2411.the_geom, 25833), schw_2411.schw))
                     ->  Nested Loop  (cost=0.00..97.81 rows=1 width=84)
                           Join Filter: ((st_transform(s_2411.the_geom, 25833) && st_expand(schw_2411.schw, '300'::double precision)) AND (schw_2411.schw && st_expand(st_transform(s_2411.the_geom, 25833), '300'::double precision)) AND _st_dwithin(st_transform(s_2411.the_geom, 25833), schw_2411.schw, '300'::double precision))
                           ->  Function Scan on schw_2411  (cost=0.00..0.01 rows=1 width=32)
                           ->  Seq Scan on phoml_trajectory_tmp s_2411  (cost=0.00..95.68 rows=17 width=40)
                                 Filter: ((unix_time >= '1685451480.05'::double precision) AND (unix_time <= '1685451540.05'::double precision))
   ->  Subquery Scan on "*SELECT* 2413"  (cost=97.82..97.83 rows=1 width=76)
         ->  Limit  (cost=97.82..97.82 rows=1 width=84)
               ->  Sort  (cost=97.82..97.82 rows=1 width=84)
                     Sort Key: (st_distance(st_transform(s_2412.the_geom, 25833), schw_2412.schw))
                     ->  Nested Loop  (cost=0.00..97.81 rows=1 width=84)
                           Join Filter: ((st_transform(s_2412.the_geom, 25833) && st_expand(schw_2412.schw, '300'::double precision)) AND (schw_2412.schw && st_expand(st_transform(s_2412.the_geom, 25833), '300'::double precision)) AND _st_dwithin(st_transform(s_2412.the_geom, 25833), schw_2412.schw, '300'::double precision))
                           ->  Function Scan on schw_2412  (cost=0.00..0.01 rows=1 width=32)
                           ->  Seq Scan on phoml_trajectory_tmp s_2412  (cost=0.00..95.68 rows=17 width=40)
                                 Filter: ((unix_time >= '1685451480.393'::double precision) AND (unix_time <= '1685451540.393'::double precision))
   ->  Subquery Scan on "*SELECT* 2414"  (cost=97.82..97.83 rows=1 width=76)
         ->  Limit  (cost=97.82..97.82 rows=1 width=84)
               ->  Sort  (cost=97.82..97.82 rows=1 width=84)
                     Sort Key: (st_distance(st_transform(s_2413.the_geom, 25833), schw_2413.schw))
                     ->  Nested Loop  (cost=0.00..97.81 rows=1 width=84)
                           Join Filter: ((st_transform(s_2413.the_geom, 25833) && st_expand(schw_2413.schw, '300'::double precision)) AND (schw_2413.schw && st_expand(st_transform(s_2413.the_geom, 25833), '300'::double precision)) AND _st_dwithin(st_transform(s_2413.the_geom, 25833), schw_2413.schw, '300'::double precision))
                           ->  Function Scan on schw_2413  (cost=0.00..0.01 rows=1 width=32)
                           ->  Seq Scan on phoml_trajectory_tmp s_2413  (cost=0.00..95.68 rows=17 width=40)
                                 Filter: ((unix_time >= '1685451480.713'::double precision) AND (unix_time <= '1685451540.713'::double precision))
   ->  Subquery Scan on "*SELECT* 2415"  (cost=97.82..97.83 rows=1 width=76)
         ->  Limit  (cost=97.82..97.82 rows=1 width=84)
               ->  Sort  (cost=97.82..97.82 rows=1 width=84)
                     Sort Key: (st_distance(st_transform(s_2414.the_geom, 25833), schw_2414.schw))
                     ->  Nested Loop  (cost=0.00..97.81 rows=1 width=84)
                           Join Filter: ((st_transform(s_2414.the_geom, 25833) && st_expand(schw_2414.schw, '300'::double precision)) AND (schw_2414.schw && st_expand(st_transform(s_2414.the_geom, 25833), '300'::double precision)) AND _st_dwithin(st_transform(s_2414.the_geom, 25833), schw_2414.schw, '300'::double precision))
                           ->  Function Scan on schw_2414  (cost=0.00..0.01 rows=1 width=32)
                           ->  Seq Scan on phoml_trajectory_tmp s_2414  (cost=0.00..95.68 rows=17 width=40)
                                 Filter: ((unix_time >= '1685451481.063'::double precision) AND (unix_time <= '1685451541.063'::double precision))
   ->  Subquery Scan on "*SELECT* 2416"  (cost=97.82..97.83 rows=1 width=76)
         ->  Limit  (cost=97.82..97.82 rows=1 width=84)
               ->  Sort  (cost=97.82..97.82 rows=1 width=84)
                     Sort Key: (st_distance(st_transform(s_2415.the_geom, 25833), schw_2415.schw))
                     ->  Nested Loop  (cost=0.00..97.81 rows=1 width=84)
                           Join Filter: ((st_transform(s_2415.the_geom, 25833) && st_expand(schw_2415.schw, '300'::double precision)) AND (schw_2415.schw && st_expand(st_transform(s_2415.the_geom, 25833), '300'::double precision)) AND _st_dwithin(st_transform(s_2415.the_geom, 25833), schw_2415.schw, '300'::double precision))
                           ->  Function Scan on schw_2415  (cost=0.00..0.01 rows=1 width=32)
                           ->  Seq Scan on phoml_trajectory_tmp s_2415  (cost=0.00..95.68 rows=17 width=40)
                                 Filter: ((unix_time >= '1685451481.401'::double precision) AND (unix_time <= '1685451541.401'::double precision))
   ->  Subquery Scan on "*SELECT* 2417"  (cost=97.82..97.83 rows=1 width=76)
         ->  Limit  (cost=97.82..97.82 rows=1 width=84)
               ->  Sort  (cost=97.82..97.82 rows=1 width=84)
                     Sort Key: (st_distance(st_transform(s_2416.the_geom, 25833), schw_2416.schw))
                     ->  Nested Loop  (cost=0.00..97.81 rows=1 width=84)
                           Join Filter: ((st_transform(s_2416.the_geom, 25833) && st_expand(schw_2416.schw, '300'::double precision)) AND (schw_2416.schw && st_expand(st_transform(s_2416.the_geom, 25833), '300'::double precision)) AND _st_dwithin(st_transform(s_2416.the_geom, 25833), schw_2416.schw, '300'::double precision))
                           ->  Function Scan on schw_2416  (cost=0.00..0.01 rows=1 width=32)
                           ->  Seq Scan on phoml_trajectory_tmp s_2416  (cost=0.00..95.68 rows=17 width=40)
                                 Filter: ((unix_time >= '1685451481.731'::double precision) AND (unix_time <= '1685451541.731'::double precision))
   ->  Subquery Scan on "*SELECT* 2418"  (cost=97.82..97.83 rows=1 width=76)
         ->  Limit  (cost=97.82..97.82 rows=1 width=84)
               ->  Sort  (cost=97.82..97.82 rows=1 width=84)
                     Sort Key: (st_distance(st_transform(s_2417.the_geom, 25833), schw_2417.schw))
                     ->  Nested Loop  (cost=0.00..97.81 rows=1 width=84)
                           Join Filter: ((st_transform(s_2417.the_geom, 25833) && st_expand(schw_2417.schw, '300'::double precision)) AND (schw_2417.schw && st_expand(st_transform(s_2417.the_geom, 25833), '300'::double precision)) AND _st_dwithin(st_transform(s_2417.the_geom, 25833), schw_2417.schw, '300'::double precision))
                           ->  Function Scan on schw_2417  (cost=0.00..0.01 rows=1 width=32)
                           ->  Seq Scan on phoml_trajectory_tmp s_2417  (cost=0.00..95.68 rows=17 width=40)
                                 Filter: ((unix_time >= '1685451482.061'::double precision) AND (unix_time <= '1685451542.061'::double precision))
   ->  Subquery Scan on "*SELECT* 2419"  (cost=97.82..97.83 rows=1 width=76)
         ->  Limit  (cost=97.82..97.82 rows=1 width=84)
               ->  Sort  (cost=97.82..97.82 rows=1 width=84)
                     Sort Key: (st_distance(st_transform(s_2418.the_geom, 25833), schw_2418.schw))
                     ->  Nested Loop  (cost=0.00..97.81 rows=1 width=84)
                           Join Filter: ((st_transform(s_2418.the_geom, 25833) && st_expand(schw_2418.schw, '300'::double precision)) AND (schw_2418.schw && st_expand(st_transform(s_2418.the_geom, 25833), '300'::double precision)) AND _st_dwithin(st_transform(s_2418.the_geom, 25833), schw_2418.schw, '300'::double precision))
                           ->  Function Scan on schw_2418  (cost=0.00..0.01 rows=1 width=32)
                           ->  Seq Scan on phoml_trajectory_tmp s_2418  (cost=0.00..95.68 rows=17 width=40)
                                 Filter: ((unix_time >= '1685451482.394'::double precision) AND (unix_time <= '1685451542.394'::double precision))
   ->  Subquery Scan on "*SELECT* 2420"  (cost=97.82..97.83 rows=1 width=76)
         ->  Limit  (cost=97.82..97.82 rows=1 width=84)
               ->  Sort  (cost=97.82..97.82 rows=1 width=84)
                     Sort Key: (st_distance(st_transform(s_2419.the_geom, 25833), schw_2419.schw))
                     ->  Nested Loop  (cost=0.00..97.81 rows=1 width=84)
                           Join Filter: ((st_transform(s_2419.the_geom, 25833) && st_expand(schw_2419.schw, '300'::double precision)) AND (schw_2419.schw && st_expand(st_transform(s_2419.the_geom, 25833), '300'::double precision)) AND _st_dwithin(st_transform(s_2419.the_geom, 25833), schw_2419.schw, '300'::double precision))
                           ->  Function Scan on schw_2419  (cost=0.00..0.01 rows=1 width=32)
                           ->  Seq Scan on phoml_trajectory_tmp s_2419  (cost=0.00..95.68 rows=17 width=40)
                                 Filter: ((unix_time >= '1685451482.714'::double precision) AND (unix_time <= '1685451542.714'::double precision))
   ->  Subquery Scan on "*SELECT* 2421"  (cost=97.82..97.83 rows=1 width=76)
         ->  Limit  (cost=97.82..97.82 rows=1 width=84)
               ->  Sort  (cost=97.82..97.82 rows=1 width=84)
                     Sort Key: (st_distance(st_transform(s_2420.the_geom, 25833), schw_2420.schw))
                     ->  Nested Loop  (cost=0.00..97.81 rows=1 width=84)
                           Join Filter: ((st_transform(s_2420.the_geom, 25833) && st_expand(schw_2420.schw, '300'::double precision)) AND (schw_2420.schw && st_expand(st_transform(s_2420.the_geom, 25833), '300'::double precision)) AND _st_dwithin(st_transform(s_2420.the_geom, 25833), schw_2420.schw, '300'::double precision))
                           ->  Function Scan on schw_2420  (cost=0.00..0.01 rows=1 width=32)
                           ->  Seq Scan on phoml_trajectory_tmp s_2420  (cost=0.00..95.68 rows=17 width=40)
                                 Filter: ((unix_time >= '1685451483.054'::double precision) AND (unix_time <= '1685451543.054'::double precision))
   ->  Subquery Scan on "*SELECT* 2422"  (cost=97.82..97.83 rows=1 width=76)
         ->  Limit  (cost=97.82..97.82 rows=1 width=84)
               ->  Sort  (cost=97.82..97.82 rows=1 width=84)
                     Sort Key: (st_distance(st_transform(s_2421.the_geom, 25833), schw_2421.schw))
                     ->  Nested Loop  (cost=0.00..97.81 rows=1 width=84)
                           Join Filter: ((st_transform(s_2421.the_geom, 25833) && st_expand(schw_2421.schw, '300'::double precision)) AND (schw_2421.schw && st_expand(st_transform(s_2421.the_geom, 25833), '300'::double precision)) AND _st_dwithin(st_transform(s_2421.the_geom, 25833), schw_2421.schw, '300'::double precision))
                           ->  Function Scan on schw_2421  (cost=0.00..0.01 rows=1 width=32)
                           ->  Seq Scan on phoml_trajectory_tmp s_2421  (cost=0.00..95.68 rows=17 width=40)
                                 Filter: ((unix_time >= '1685451483.381'::double precision) AND (unix_time <= '1685451543.381'::double precision))
   ->  Subquery Scan on "*SELECT* 2423"  (cost=97.82..97.83 rows=1 width=76)
         ->  Limit  (cost=97.82..97.82 rows=1 width=84)
               ->  Sort  (cost=97.82..97.82 rows=1 width=84)
                     Sort Key: (st_distance(st_transform(s_2422.the_geom, 25833), schw_2422.schw))
                     ->  Nested Loop  (cost=0.00..97.81 rows=1 width=84)
                           Join Filter: ((st_transform(s_2422.the_geom, 25833) && st_expand(schw_2422.schw, '300'::double precision)) AND (schw_2422.schw && st_expand(st_transform(s_2422.the_geom, 25833), '300'::double precision)) AND _st_dwithin(st_transform(s_2422.the_geom, 25833), schw_2422.schw, '300'::double precision))
                           ->  Function Scan on schw_2422  (cost=0.00..0.01 rows=1 width=32)
                           ->  Seq Scan on phoml_trajectory_tmp s_2422  (cost=0.00..95.68 rows=17 width=40)
                                 Filter: ((unix_time >= '1685451483.701'::double precision) AND (unix_time <= '1685451543.701'::double precision))
   ->  Subquery Scan on "*SELECT* 2424"  (cost=97.82..97.83 rows=1 width=76)
         ->  Limit  (cost=97.82..97.82 rows=1 width=84)
               ->  Sort  (cost=97.82..97.82 rows=1 width=84)
                     Sort Key: (st_distance(st_transform(s_2423.the_geom, 25833), schw_2423.schw))
                     ->  Nested Loop  (cost=0.00..97.81 rows=1 width=84)
                           Join Filter: ((st_transform(s_2423.the_geom, 25833) && st_expand(schw_2423.schw, '300'::double precision)) AND (schw_2423.schw && st_expand(st_transform(s_2423.the_geom, 25833), '300'::double precision)) AND _st_dwithin(st_transform(s_2423.the_geom, 25833), schw_2423.schw, '300'::double precision))
                           ->  Function Scan on schw_2423  (cost=0.00..0.01 rows=1 width=32)
                           ->  Seq Scan on phoml_trajectory_tmp s_2423  (cost=0.00..95.68 rows=17 width=40)
                                 Filter: ((unix_time >= '1685451484.031'::double precision) AND (unix_time <= '1685451544.031'::double precision))
   ->  Subquery Scan on "*SELECT* 2425"  (cost=97.82..97.83 rows=1 width=76)
         ->  Limit  (cost=97.82..97.82 rows=1 width=84)
               ->  Sort  (cost=97.82..97.82 rows=1 width=84)
                     Sort Key: (st_distance(st_transform(s_2424.the_geom, 25833), schw_2424.schw))
                     ->  Nested Loop  (cost=0.00..97.81 rows=1 width=84)
                           Join Filter: ((st_transform(s_2424.the_geom, 25833) && st_expand(schw_2424.schw, '300'::double precision)) AND (schw_2424.schw && st_expand(st_transform(s_2424.the_geom, 25833), '300'::double precision)) AND _st_dwithin(st_transform(s_2424.the_geom, 25833), schw_2424.schw, '300'::double precision))
                           ->  Function Scan on schw_2424  (cost=0.00..0.01 rows=1 width=32)
                           ->  Seq Scan on phoml_trajectory_tmp s_2424  (cost=0.00..95.68 rows=17 width=40)
                                 Filter: ((unix_time >= '1685451484.361'::double precision) AND (unix_time <= '1685451544.361'::double precision))
   ->  Subquery Scan on "*SELECT* 2426"  (cost=97.82..97.83 rows=1 width=76)
         ->  Limit  (cost=97.82..97.82 rows=1 width=84)
               ->  Sort  (cost=97.82..97.82 rows=1 width=84)
                     Sort Key: (st_distance(st_transform(s_2425.the_geom, 25833), schw_2425.schw))
                     ->  Nested Loop  (cost=0.00..97.81 rows=1 width=84)
                           Join Filter: ((st_transform(s_2425.the_geom, 25833) && st_expand(schw_2425.schw, '300'::double precision)) AND (schw_2425.schw && st_expand(st_transform(s_2425.the_geom, 25833), '300'::double precision)) AND _st_dwithin(st_transform(s_2425.the_geom, 25833), schw_2425.schw, '300'::double precision))
                           ->  Function Scan on schw_2425  (cost=0.00..0.01 rows=1 width=32)
                           ->  Seq Scan on phoml_trajectory_tmp s_2425  (cost=0.00..95.68 rows=17 width=40)
                                 Filter: ((unix_time >= '1685451484.681'::double precision) AND (unix_time <= '1685451544.681'::double precision))
   ->  Subquery Scan on "*SELECT* 2427"  (cost=97.82..97.83 rows=1 width=76)
         ->  Limit  (cost=97.82..97.82 rows=1 width=84)
               ->  Sort  (cost=97.82..97.82 rows=1 width=84)
                     Sort Key: (st_distance(st_transform(s_2426.the_geom, 25833), schw_2426.schw))
                     ->  Nested Loop  (cost=0.00..97.81 rows=1 width=84)
                           Join Filter: ((st_transform(s_2426.the_geom, 25833) && st_expand(schw_2426.schw, '300'::double precision)) AND (schw_2426.schw && st_expand(st_transform(s_2426.the_geom, 25833), '300'::double precision)) AND _st_dwithin(st_transform(s_2426.the_geom, 25833), schw_2426.schw, '300'::double precision))
                           ->  Function Scan on schw_2426  (cost=0.00..0.01 rows=1 width=32)
                           ->  Seq Scan on phoml_trajectory_tmp s_2426  (cost=0.00..95.68 rows=17 width=40)
                                 Filter: ((unix_time >= '1685451485.021'::double precision) AND (unix_time <= '1685451545.021'::double precision))
   ->  Subquery Scan on "*SELECT* 2428"  (cost=97.82..97.83 rows=1 width=76)
         ->  Limit  (cost=97.82..97.82 rows=1 width=84)
               ->  Sort  (cost=97.82..97.82 rows=1 width=84)
                     Sort Key: (st_distance(st_transform(s_2427.the_geom, 25833), schw_2427.schw))
                     ->  Nested Loop  (cost=0.00..97.81 rows=1 width=84)
                           Join Filter: ((st_transform(s_2427.the_geom, 25833) && st_expand(schw_2427.schw, '300'::double precision)) AND (schw_2427.schw && st_expand(st_transform(s_2427.the_geom, 25833), '300'::double precision)) AND _st_dwithin(st_transform(s_2427.the_geom, 25833), schw_2427.schw, '300'::double precision))
                           ->  Function Scan on schw_2427  (cost=0.00..0.01 rows=1 width=32)
                           ->  Seq Scan on phoml_trajectory_tmp s_2427  (cost=0.00..95.68 rows=17 width=40)
                                 Filter: ((unix_time >= '1685451485.335'::double precision) AND (unix_time <= '1685451545.335'::double precision))
   ->  Subquery Scan on "*SELECT* 2429"  (cost=97.82..97.83 rows=1 width=76)
         ->  Limit  (cost=97.82..97.82 rows=1 width=84)
               ->  Sort  (cost=97.82..97.82 rows=1 width=84)
                     Sort Key: (st_distance(st_transform(s_2428.the_geom, 25833), schw_2428.schw))
                     ->  Nested Loop  (cost=0.00..97.81 rows=1 width=84)
                           Join Filter: ((st_transform(s_2428.the_geom, 25833) && st_expand(schw_2428.schw, '300'::double precision)) AND (schw_2428.schw && st_expand(st_transform(s_2428.the_geom, 25833), '300'::double precision)) AND _st_dwithin(st_transform(s_2428.the_geom, 25833), schw_2428.schw, '300'::double precision))
                           ->  Function Scan on schw_2428  (cost=0.00..0.01 rows=1 width=32)
                           ->  Seq Scan on phoml_trajectory_tmp s_2428  (cost=0.00..95.68 rows=17 width=40)
                                 Filter: ((unix_time >= '1685451485.675'::double precision) AND (unix_time <= '1685451545.675'::double precision))
   ->  Subquery Scan on "*SELECT* 2430"  (cost=97.82..97.83 rows=1 width=76)
         ->  Limit  (cost=97.82..97.82 rows=1 width=84)
               ->  Sort  (cost=97.82..97.82 rows=1 width=84)
                     Sort Key: (st_distance(st_transform(s_2429.the_geom, 25833), schw_2429.schw))
                     ->  Nested Loop  (cost=0.00..97.81 rows=1 width=84)
                           Join Filter: ((st_transform(s_2429.the_geom, 25833) && st_expand(schw_2429.schw, '300'::double precision)) AND (schw_2429.schw && st_expand(st_transform(s_2429.the_geom, 25833), '300'::double precision)) AND _st_dwithin(st_transform(s_2429.the_geom, 25833), schw_2429.schw, '300'::double precision))
                           ->  Function Scan on schw_2429  (cost=0.00..0.01 rows=1 width=32)
                           ->  Seq Scan on phoml_trajectory_tmp s_2429  (cost=0.00..95.68 rows=17 width=40)
                                 Filter: ((unix_time >= '1685451486.005'::double precision) AND (unix_time <= '1685451546.005'::double precision))
   ->  Subquery Scan on "*SELECT* 2431"  (cost=97.82..97.83 rows=1 width=76)
         ->  Limit  (cost=97.82..97.82 rows=1 width=84)
               ->  Sort  (cost=97.82..97.82 rows=1 width=84)
                     Sort Key: (st_distance(st_transform(s_2430.the_geom, 25833), schw_2430.schw))
                     ->  Nested Loop  (cost=0.00..97.81 rows=1 width=84)
                           Join Filter: ((st_transform(s_2430.the_geom, 25833) && st_expand(schw_2430.schw, '300'::double precision)) AND (schw_2430.schw && st_expand(st_transform(s_2430.the_geom, 25833), '300'::double precision)) AND _st_dwithin(st_transform(s_2430.the_geom, 25833), schw_2430.schw, '300'::double precision))
                           ->  Function Scan on schw_2430  (cost=0.00..0.01 rows=1 width=32)
                           ->  Seq Scan on phoml_trajectory_tmp s_2430  (cost=0.00..95.68 rows=17 width=40)
                                 Filter: ((unix_time >= '1685451486.332'::double precision) AND (unix_time <= '1685451546.332'::double precision))
   ->  Subquery Scan on "*SELECT* 2432"  (cost=97.82..97.83 rows=1 width=76)
         ->  Limit  (cost=97.82..97.82 rows=1 width=84)
               ->  Sort  (cost=97.82..97.82 rows=1 width=84)
                     Sort Key: (st_distance(st_transform(s_2431.the_geom, 25833), schw_2431.schw))
                     ->  Nested Loop  (cost=0.00..97.81 rows=1 width=84)
                           Join Filter: ((st_transform(s_2431.the_geom, 25833) && st_expand(schw_2431.schw, '300'::double precision)) AND (schw_2431.schw && st_expand(st_transform(s_2431.the_geom, 25833), '300'::double precision)) AND _st_dwithin(st_transform(s_2431.the_geom, 25833), schw_2431.schw, '300'::double precision))
                           ->  Function Scan on schw_2431  (cost=0.00..0.01 rows=1 width=32)
                           ->  Seq Scan on phoml_trajectory_tmp s_2431  (cost=0.00..95.68 rows=17 width=40)
                                 Filter: ((unix_time >= '1685451486.672'::double precision) AND (unix_time <= '1685451546.672'::double precision))
   ->  Subquery Scan on "*SELECT* 2433"  (cost=97.82..97.83 rows=1 width=76)
         ->  Limit  (cost=97.82..97.82 rows=1 width=84)
               ->  Sort  (cost=97.82..97.82 rows=1 width=84)
                     Sort Key: (st_distance(st_transform(s_2432.the_geom, 25833), schw_2432.schw))
                     ->  Nested Loop  (cost=0.00..97.81 rows=1 width=84)
                           Join Filter: ((st_transform(s_2432.the_geom, 25833) && st_expand(schw_2432.schw, '300'::double precision)) AND (schw_2432.schw && st_expand(st_transform(s_2432.the_geom, 25833), '300'::double precision)) AND _st_dwithin(st_transform(s_2432.the_geom, 25833), schw_2432.schw, '300'::double precision))
                           ->  Function Scan on schw_2432  (cost=0.00..0.01 rows=1 width=32)
                           ->  Seq Scan on phoml_trajectory_tmp s_2432  (cost=0.00..95.68 rows=17 width=40)
                                 Filter: ((unix_time >= '1685451487.002'::double precision) AND (unix_time <= '1685451547.002'::double precision))
   ->  Subquery Scan on "*SELECT* 2434"  (cost=97.82..97.83 rows=1 width=76)
         ->  Limit  (cost=97.82..97.82 rows=1 width=84)
               ->  Sort  (cost=97.82..97.82 rows=1 width=84)
                     Sort Key: (st_distance(st_transform(s_2433.the_geom, 25833), schw_2433.schw))
                     ->  Nested Loop  (cost=0.00..97.81 rows=1 width=84)
                           Join Filter: ((st_transform(s_2433.the_geom, 25833) && st_expand(schw_2433.schw, '300'::double precision)) AND (schw_2433.schw && st_expand(st_transform(s_2433.the_geom, 25833), '300'::double precision)) AND _st_dwithin(st_transform(s_2433.the_geom, 25833), schw_2433.schw, '300'::double precision))
                           ->  Function Scan on schw_2433  (cost=0.00..0.01 rows=1 width=32)
                           ->  Seq Scan on phoml_trajectory_tmp s_2433  (cost=0.00..95.68 rows=17 width=40)
                                 Filter: ((unix_time >= '1685451487.333'::double precision) AND (unix_time <= '1685451547.333'::double precision))
   ->  Subquery Scan on "*SELECT* 2435"  (cost=97.82..97.83 rows=1 width=76)
         ->  Limit  (cost=97.82..97.82 rows=1 width=84)
               ->  Sort  (cost=97.82..97.82 rows=1 width=84)
                     Sort Key: (st_distance(st_transform(s_2434.the_geom, 25833), schw_2434.schw))
                     ->  Nested Loop  (cost=0.00..97.81 rows=1 width=84)
                           Join Filter: ((st_transform(s_2434.the_geom, 25833) && st_expand(schw_2434.schw, '300'::double precision)) AND (schw_2434.schw && st_expand(st_transform(s_2434.the_geom, 25833), '300'::double precision)) AND _st_dwithin(st_transform(s_2434.the_geom, 25833), schw_2434.schw, '300'::double precision))
                           ->  Function Scan on schw_2434  (cost=0.00..0.01 rows=1 width=32)
                           ->  Seq Scan on phoml_trajectory_tmp s_2434  (cost=0.00..95.68 rows=17 width=40)
                                 Filter: ((unix_time >= '1685451487.663'::double precision) AND (unix_time <= '1685451547.663'::double precision))
   ->  Subquery Scan on "*SELECT* 2436"  (cost=97.82..97.83 rows=1 width=76)
         ->  Limit  (cost=97.82..97.82 rows=1 width=84)
               ->  Sort  (cost=97.82..97.82 rows=1 width=84)
                     Sort Key: (st_distance(st_transform(s_2435.the_geom, 25833), schw_2435.schw))
                     ->  Nested Loop  (cost=0.00..97.81 rows=1 width=84)
                           Join Filter: ((st_transform(s_2435.the_geom, 25833) && st_expand(schw_2435.schw, '300'::double precision)) AND (schw_2435.schw && st_expand(st_transform(s_2435.the_geom, 25833), '300'::double precision)) AND _st_dwithin(st_transform(s_2435.the_geom, 25833), schw_2435.schw, '300'::double precision))
                           ->  Function Scan on schw_2435  (cost=0.00..0.01 rows=1 width=32)
                           ->  Seq Scan on phoml_trajectory_tmp s_2435  (cost=0.00..95.68 rows=17 width=40)
                                 Filter: ((unix_time >= '1685451488.003'::double precision) AND (unix_time <= '1685451548.003'::double precision))
   ->  Subquery Scan on "*SELECT* 2437"  (cost=97.82..97.83 rows=1 width=76)
         ->  Limit  (cost=97.82..97.82 rows=1 width=84)
               ->  Sort  (cost=97.82..97.82 rows=1 width=84)
                     Sort Key: (st_distance(st_transform(s_2436.the_geom, 25833), schw_2436.schw))
                     ->  Nested Loop  (cost=0.00..97.81 rows=1 width=84)
                           Join Filter: ((st_transform(s_2436.the_geom, 25833) && st_expand(schw_2436.schw, '300'::double precision)) AND (schw_2436.schw && st_expand(st_transform(s_2436.the_geom, 25833), '300'::double precision)) AND _st_dwithin(st_transform(s_2436.the_geom, 25833), schw_2436.schw, '300'::double precision))
                           ->  Function Scan on schw_2436  (cost=0.00..0.01 rows=1 width=32)
                           ->  Seq Scan on phoml_trajectory_tmp s_2436  (cost=0.00..95.68 rows=17 width=40)
                                 Filter: ((unix_time >= '1685451488.341'::double precision) AND (unix_time <= '1685451548.341'::double precision))
   ->  Subquery Scan on "*SELECT* 2438"  (cost=97.82..97.83 rows=1 width=76)
         ->  Limit  (cost=97.82..97.82 rows=1 width=84)
               ->  Sort  (cost=97.82..97.82 rows=1 width=84)
                     Sort Key: (st_distance(st_transform(s_2437.the_geom, 25833), schw_2437.schw))
                     ->  Nested Loop  (cost=0.00..97.81 rows=1 width=84)
                           Join Filter: ((st_transform(s_2437.the_geom, 25833) && st_expand(schw_2437.schw, '300'::double precision)) AND (schw_2437.schw && st_expand(st_transform(s_2437.the_geom, 25833), '300'::double precision)) AND _st_dwithin(st_transform(s_2437.the_geom, 25833), schw_2437.schw, '300'::double precision))
                           ->  Function Scan on schw_2437  (cost=0.00..0.01 rows=1 width=32)
                           ->  Seq Scan on phoml_trajectory_tmp s_2437  (cost=0.00..95.68 rows=17 width=40)
                                 Filter: ((unix_time >= '1685451488.681'::double precision) AND (unix_time <= '1685451548.681'::double precision))
   ->  Subquery Scan on "*SELECT* 2439"  (cost=97.82..97.83 rows=1 width=76)
         ->  Limit  (cost=97.82..97.82 rows=1 width=84)
               ->  Sort  (cost=97.82..97.82 rows=1 width=84)
                     Sort Key: (st_distance(st_transform(s_2438.the_geom, 25833), schw_2438.schw))
                     ->  Nested Loop  (cost=0.00..97.81 rows=1 width=84)
                           Join Filter: ((st_transform(s_2438.the_geom, 25833) && st_expand(schw_2438.schw, '300'::double precision)) AND (schw_2438.schw && st_expand(st_transform(s_2438.the_geom, 25833), '300'::double precision)) AND _st_dwithin(st_transform(s_2438.the_geom, 25833), schw_2438.schw, '300'::double precision))
                           ->  Function Scan on schw_2438  (cost=0.00..0.01 rows=1 width=32)
                           ->  Seq Scan on phoml_trajectory_tmp s_2438  (cost=0.00..95.68 rows=17 width=40)
                                 Filter: ((unix_time >= '1685451489.021'::double precision) AND (unix_time <= '1685451549.021'::double precision))
   ->  Subquery Scan on "*SELECT* 2440"  (cost=97.82..97.83 rows=1 width=76)
         ->  Limit  (cost=97.82..97.82 rows=1 width=84)
               ->  Sort  (cost=97.82..97.82 rows=1 width=84)
                     Sort Key: (st_distance(st_transform(s_2439.the_geom, 25833), schw_2439.schw))
                     ->  Nested Loop  (cost=0.00..97.81 rows=1 width=84)
                           Join Filter: ((st_transform(s_2439.the_geom, 25833) && st_expand(schw_2439.schw, '300'::double precision)) AND (schw_2439.schw && st_expand(st_transform(s_2439.the_geom, 25833), '300'::double precision)) AND _st_dwithin(st_transform(s_2439.the_geom, 25833), schw_2439.schw, '300'::double precision))
                           ->  Function Scan on schw_2439  (cost=0.00..0.01 rows=1 width=32)
                           ->  Seq Scan on phoml_trajectory_tmp s_2439  (cost=0.00..95.68 rows=17 width=40)
                                 Filter: ((unix_time >= '1685451489.36'::double precision) AND (unix_time <= '1685451549.36'::double precision))
   ->  Subquery Scan on "*SELECT* 2441"  (cost=97.82..97.83 rows=1 width=76)
         ->  Limit  (cost=97.82..97.82 rows=1 width=84)
               ->  Sort  (cost=97.82..97.82 rows=1 width=84)
                     Sort Key: (st_distance(st_transform(s_2440.the_geom, 25833), schw_2440.schw))
                     ->  Nested Loop  (cost=0.00..97.81 rows=1 width=84)
                           Join Filter: ((st_transform(s_2440.the_geom, 25833) && st_expand(schw_2440.schw, '300'::double precision)) AND (schw_2440.schw && st_expand(st_transform(s_2440.the_geom, 25833), '300'::double precision)) AND _st_dwithin(st_transform(s_2440.the_geom, 25833), schw_2440.schw, '300'::double precision))
                           ->  Function Scan on schw_2440  (cost=0.00..0.01 rows=1 width=32)
                           ->  Seq Scan on phoml_trajectory_tmp s_2440  (cost=0.00..95.68 rows=17 width=40)
                                 Filter: ((unix_time >= '1685451489.7'::double precision) AND (unix_time <= '1685451549.7'::double precision))
   ->  Subquery Scan on "*SELECT* 2442"  (cost=97.82..97.83 rows=1 width=76)
         ->  Limit  (cost=97.82..97.82 rows=1 width=84)
               ->  Sort  (cost=97.82..97.82 rows=1 width=84)
                     Sort Key: (st_distance(st_transform(s_2441.the_geom, 25833), schw_2441.schw))
                     ->  Nested Loop  (cost=0.00..97.81 rows=1 width=84)
                           Join Filter: ((st_transform(s_2441.the_geom, 25833) && st_expand(schw_2441.schw, '300'::double precision)) AND (schw_2441.schw && st_expand(st_transform(s_2441.the_geom, 25833), '300'::double precision)) AND _st_dwithin(st_transform(s_2441.the_geom, 25833), schw_2441.schw, '300'::double precision))
                           ->  Function Scan on schw_2441  (cost=0.00..0.01 rows=1 width=32)
                           ->  Seq Scan on phoml_trajectory_tmp s_2441  (cost=0.00..95.68 rows=17 width=40)
                                 Filter: ((unix_time >= '1685451490.04'::double precision) AND (unix_time <= '1685451550.04'::double precision))
   ->  Subquery Scan on "*SELECT* 2443"  (cost=97.82..97.83 rows=1 width=76)
         ->  Limit  (cost=97.82..97.82 rows=1 width=84)
               ->  Sort  (cost=97.82..97.82 rows=1 width=84)
                     Sort Key: (st_distance(st_transform(s_2442.the_geom, 25833), schw_2442.schw))
                     ->  Nested Loop  (cost=0.00..97.81 rows=1 width=84)
                           Join Filter: ((st_transform(s_2442.the_geom, 25833) && st_expand(schw_2442.schw, '300'::double precision)) AND (schw_2442.schw && st_expand(st_transform(s_2442.the_geom, 25833), '300'::double precision)) AND _st_dwithin(st_transform(s_2442.the_geom, 25833), schw_2442.schw, '300'::double precision))
                           ->  Function Scan on schw_2442  (cost=0.00..0.01 rows=1 width=32)
                           ->  Seq Scan on phoml_trajectory_tmp s_2442  (cost=0.00..95.68 rows=17 width=40)
                                 Filter: ((unix_time >= '1685451490.364'::double precision) AND (unix_time <= '1685451550.364'::double precision))
   ->  Subquery Scan on "*SELECT* 2444"  (cost=97.82..97.83 rows=1 width=76)
         ->  Limit  (cost=97.82..97.82 rows=1 width=84)
               ->  Sort  (cost=97.82..97.82 rows=1 width=84)
                     Sort Key: (st_distance(st_transform(s_2443.the_geom, 25833), schw_2443.schw))
                     ->  Nested Loop  (cost=0.00..97.81 rows=1 width=84)
                           Join Filter: ((st_transform(s_2443.the_geom, 25833) && st_expand(schw_2443.schw, '300'::double precision)) AND (schw_2443.schw && st_expand(st_transform(s_2443.the_geom, 25833), '300'::double precision)) AND _st_dwithin(st_transform(s_2443.the_geom, 25833), schw_2443.schw, '300'::double precision))
                           ->  Function Scan on schw_2443  (cost=0.00..0.01 rows=1 width=32)
                           ->  Seq Scan on phoml_trajectory_tmp s_2443  (cost=0.00..95.68 rows=17 width=40)
                                 Filter: ((unix_time >= '1685451490.714'::double precision) AND (unix_time <= '1685451550.714'::double precision))
   ->  Subquery Scan on "*SELECT* 2445"  (cost=97.82..97.83 rows=1 width=76)
         ->  Limit  (cost=97.82..97.82 rows=1 width=84)
               ->  Sort  (cost=97.82..97.82 rows=1 width=84)
                     Sort Key: (st_distance(st_transform(s_2444.the_geom, 25833), schw_2444.schw))
                     ->  Nested Loop  (cost=0.00..97.81 rows=1 width=84)
                           Join Filter: ((st_transform(s_2444.the_geom, 25833) && st_expand(schw_2444.schw, '300'::double precision)) AND (schw_2444.schw && st_expand(st_transform(s_2444.the_geom, 25833), '300'::double precision)) AND _st_dwithin(st_transform(s_2444.the_geom, 25833), schw_2444.schw, '300'::double precision))
                           ->  Function Scan on schw_2444  (cost=0.00..0.01 rows=1 width=32)
                           ->  Seq Scan on phoml_trajectory_tmp s_2444  (cost=0.00..95.68 rows=17 width=40)
                                 Filter: ((unix_time >= '1685451491.064'::double precision) AND (unix_time <= '1685451551.064'::double precision))
   ->  Subquery Scan on "*SELECT* 2446"  (cost=97.82..97.83 rows=1 width=76)
         ->  Limit  (cost=97.82..97.82 rows=1 width=84)
               ->  Sort  (cost=97.82..97.82 rows=1 width=84)
                     Sort Key: (st_distance(st_transform(s_2445.the_geom, 25833), schw_2445.schw))
                     ->  Nested Loop  (cost=0.00..97.81 rows=1 width=84)
                           Join Filter: ((st_transform(s_2445.the_geom, 25833) && st_expand(schw_2445.schw, '300'::double precision)) AND (schw_2445.schw && st_expand(st_transform(s_2445.the_geom, 25833), '300'::double precision)) AND _st_dwithin(st_transform(s_2445.the_geom, 25833), schw_2445.schw, '300'::double precision))
                           ->  Function Scan on schw_2445  (cost=0.00..0.01 rows=1 width=32)
                           ->  Seq Scan on phoml_trajectory_tmp s_2445  (cost=0.00..95.68 rows=17 width=40)
                                 Filter: ((unix_time >= '1685451491.397'::double precision) AND (unix_time <= '1685451551.397'::double precision))
   ->  Subquery Scan on "*SELECT* 2447"  (cost=97.82..97.83 rows=1 width=76)
         ->  Limit  (cost=97.82..97.82 rows=1 width=84)
               ->  Sort  (cost=97.82..97.82 rows=1 width=84)
                     Sort Key: (st_distance(st_transform(s_2446.the_geom, 25833), schw_2446.schw))
                     ->  Nested Loop  (cost=0.00..97.81 rows=1 width=84)
                           Join Filter: ((st_transform(s_2446.the_geom, 25833) && st_expand(schw_2446.schw, '300'::double precision)) AND (schw_2446.schw && st_expand(st_transform(s_2446.the_geom, 25833), '300'::double precision)) AND _st_dwithin(st_transform(s_2446.the_geom, 25833), schw_2446.schw, '300'::double precision))
                           ->  Function Scan on schw_2446  (cost=0.00..0.01 rows=1 width=32)
                           ->  Seq Scan on phoml_trajectory_tmp s_2446  (cost=0.00..95.68 rows=17 width=40)
                                 Filter: ((unix_time >= '1685451491.747'::double precision) AND (unix_time <= '1685451551.747'::double precision))
   ->  Subquery Scan on "*SELECT* 2448"  (cost=97.82..97.83 rows=1 width=76)
         ->  Limit  (cost=97.82..97.82 rows=1 width=84)
               ->  Sort  (cost=97.82..97.82 rows=1 width=84)
                     Sort Key: (st_distance(st_transform(s_2447.the_geom, 25833), schw_2447.schw))
                     ->  Nested Loop  (cost=0.00..97.81 rows=1 width=84)
                           Join Filter: ((st_transform(s_2447.the_geom, 25833) && st_expand(schw_2447.schw, '300'::double precision)) AND (schw_2447.schw && st_expand(st_transform(s_2447.the_geom, 25833), '300'::double precision)) AND _st_dwithin(st_transform(s_2447.the_geom, 25833), schw_2447.schw, '300'::double precision))
                           ->  Function Scan on schw_2447  (cost=0.00..0.01 rows=1 width=32)
                           ->  Seq Scan on phoml_trajectory_tmp s_2447  (cost=0.00..95.68 rows=17 width=40)
                                 Filter: ((unix_time >= '1685451492.087'::double precision) AND (unix_time <= '1685451552.087'::double precision))
   ->  Subquery Scan on "*SELECT* 2449"  (cost=97.82..97.83 rows=1 width=76)
         ->  Limit  (cost=97.82..97.82 rows=1 width=84)
               ->  Sort  (cost=97.82..97.82 rows=1 width=84)
                     Sort Key: (st_distance(st_transform(s_2448.the_geom, 25833), schw_2448.schw))
                     ->  Nested Loop  (cost=0.00..97.81 rows=1 width=84)
                           Join Filter: ((st_transform(s_2448.the_geom, 25833) && st_expand(schw_2448.schw, '300'::double precision)) AND (schw_2448.schw && st_expand(st_transform(s_2448.the_geom, 25833), '300'::double precision)) AND _st_dwithin(st_transform(s_2448.the_geom, 25833), schw_2448.schw, '300'::double precision))
                           ->  Function Scan on schw_2448  (cost=0.00..0.01 rows=1 width=32)
                           ->  Seq Scan on phoml_trajectory_tmp s_2448  (cost=0.00..95.68 rows=17 width=40)
                                 Filter: ((unix_time >= '1685451492.431'::double precision) AND (unix_time <= '1685451552.431'::double precision))
   ->  Subquery Scan on "*SELECT* 2450"  (cost=97.82..97.83 rows=1 width=76)
         ->  Limit  (cost=97.82..97.82 rows=1 width=84)
               ->  Sort  (cost=97.82..97.82 rows=1 width=84)
                     Sort Key: (st_distance(st_transform(s_2449.the_geom, 25833), schw_2449.schw))
                     ->  Nested Loop  (cost=0.00..97.81 rows=1 width=84)
                           Join Filter: ((st_transform(s_2449.the_geom, 25833) && st_expand(schw_2449.schw, '300'::double precision)) AND (schw_2449.schw && st_expand(st_transform(s_2449.the_geom, 25833), '300'::double precision)) AND _st_dwithin(st_transform(s_2449.the_geom, 25833), schw_2449.schw, '300'::double precision))
                           ->  Function Scan on schw_2449  (cost=0.00..0.01 rows=1 width=32)
                           ->  Seq Scan on phoml_trajectory_tmp s_2449  (cost=0.00..95.68 rows=17 width=40)
                                 Filter: ((unix_time >= '1685451492.771'::double precision) AND (unix_time <= '1685451552.771'::double precision))
   ->  Subquery Scan on "*SELECT* 2451"  (cost=97.82..97.83 rows=1 width=76)
         ->  Limit  (cost=97.82..97.82 rows=1 width=84)
               ->  Sort  (cost=97.82..97.82 rows=1 width=84)
                     Sort Key: (st_distance(st_transform(s_2450.the_geom, 25833), schw_2450.schw))
                     ->  Nested Loop  (cost=0.00..97.81 rows=1 width=84)
                           Join Filter: ((st_transform(s_2450.the_geom, 25833) && st_expand(schw_2450.schw, '300'::double precision)) AND (schw_2450.schw && st_expand(st_transform(s_2450.the_geom, 25833), '300'::double precision)) AND _st_dwithin(st_transform(s_2450.the_geom, 25833), schw_2450.schw, '300'::double precision))
                           ->  Function Scan on schw_2450  (cost=0.00..0.01 rows=1 width=32)
                           ->  Seq Scan on phoml_trajectory_tmp s_2450  (cost=0.00..95.68 rows=17 width=40)
                                 Filter: ((unix_time >= '1685451493.131'::double precision) AND (unix_time <= '1685451553.131'::double precision))
   ->  Subquery Scan on "*SELECT* 2452"  (cost=97.82..97.83 rows=1 width=76)
         ->  Limit  (cost=97.82..97.82 rows=1 width=84)
               ->  Sort  (cost=97.82..97.82 rows=1 width=84)
                     Sort Key: (st_distance(st_transform(s_2451.the_geom, 25833), schw_2451.schw))
                     ->  Nested Loop  (cost=0.00..97.81 rows=1 width=84)
                           Join Filter: ((st_transform(s_2451.the_geom, 25833) && st_expand(schw_2451.schw, '300'::double precision)) AND (schw_2451.schw && st_expand(st_transform(s_2451.the_geom, 25833), '300'::double precision)) AND _st_dwithin(st_transform(s_2451.the_geom, 25833), schw_2451.schw, '300'::double precision))
                           ->  Function Scan on schw_2451  (cost=0.00..0.01 rows=1 width=32)
                           ->  Seq Scan on phoml_trajectory_tmp s_2451  (cost=0.00..95.68 rows=17 width=40)
                                 Filter: ((unix_time >= '1685451493.474'::double precision) AND (unix_time <= '1685451553.474'::double precision))
   ->  Subquery Scan on "*SELECT* 2453"  (cost=97.82..97.83 rows=1 width=76)
         ->  Limit  (cost=97.82..97.82 rows=1 width=84)
               ->  Sort  (cost=97.82..97.82 rows=1 width=84)
                     Sort Key: (st_distance(st_transform(s_2452.the_geom, 25833), schw_2452.schw))
                     ->  Nested Loop  (cost=0.00..97.81 rows=1 width=84)
                           Join Filter: ((st_transform(s_2452.the_geom, 25833) && st_expand(schw_2452.schw, '300'::double precision)) AND (schw_2452.schw && st_expand(st_transform(s_2452.the_geom, 25833), '300'::double precision)) AND _st_dwithin(st_transform(s_2452.the_geom, 25833), schw_2452.schw, '300'::double precision))
                           ->  Function Scan on schw_2452  (cost=0.00..0.01 rows=1 width=32)
                           ->  Seq Scan on phoml_trajectory_tmp s_2452  (cost=0.00..95.68 rows=17 width=40)
                                 Filter: ((unix_time >= '1685451493.804'::double precision) AND (unix_time <= '1685451553.804'::double precision))
   ->  Subquery Scan on "*SELECT* 2454"  (cost=97.82..97.83 rows=1 width=76)
         ->  Limit  (cost=97.82..97.82 rows=1 width=84)
               ->  Sort  (cost=97.82..97.82 rows=1 width=84)
                     Sort Key: (st_distance(st_transform(s_2453.the_geom, 25833), schw_2453.schw))
                     ->  Nested Loop  (cost=0.00..97.81 rows=1 width=84)
                           Join Filter: ((st_transform(s_2453.the_geom, 25833) && st_expand(schw_2453.schw, '300'::double precision)) AND (schw_2453.schw && st_expand(st_transform(s_2453.the_geom, 25833), '300'::double precision)) AND _st_dwithin(st_transform(s_2453.the_geom, 25833), schw_2453.schw, '300'::double precision))
                           ->  Function Scan on schw_2453  (cost=0.00..0.01 rows=1 width=32)
                           ->  Seq Scan on phoml_trajectory_tmp s_2453  (cost=0.00..95.68 rows=17 width=40)
                                 Filter: ((unix_time >= '1685451494.165'::double precision) AND (unix_time <= '1685451554.165'::double precision))
   ->  Subquery Scan on "*SELECT* 2455"  (cost=97.82..97.83 rows=1 width=76)
         ->  Limit  (cost=97.82..97.82 rows=1 width=84)
               ->  Sort  (cost=97.82..97.82 rows=1 width=84)
                     Sort Key: (st_distance(st_transform(s_2454.the_geom, 25833), schw_2454.schw))
                     ->  Nested Loop  (cost=0.00..97.81 rows=1 width=84)
                           Join Filter: ((st_transform(s_2454.the_geom, 25833) && st_expand(schw_2454.schw, '300'::double precision)) AND (schw_2454.schw && st_expand(st_transform(s_2454.the_geom, 25833), '300'::double precision)) AND _st_dwithin(st_transform(s_2454.the_geom, 25833), schw_2454.schw, '300'::double precision))
                           ->  Function Scan on schw_2454  (cost=0.00..0.01 rows=1 width=32)
                           ->  Seq Scan on phoml_trajectory_tmp s_2454  (cost=0.00..95.68 rows=17 width=40)
                                 Filter: ((unix_time >= '1685451494.505'::double precision) AND (unix_time <= '1685451554.505'::double precision))
   ->  Subquery Scan on "*SELECT* 2456"  (cost=97.82..97.83 rows=1 width=76)
         ->  Limit  (cost=97.82..97.82 rows=1 width=84)
               ->  Sort  (cost=97.82..97.82 rows=1 width=84)
                     Sort Key: (st_distance(st_transform(s_2455.the_geom, 25833), schw_2455.schw))
                     ->  Nested Loop  (cost=0.00..97.81 rows=1 width=84)
                           Join Filter: ((st_transform(s_2455.the_geom, 25833) && st_expand(schw_2455.schw, '300'::double precision)) AND (schw_2455.schw && st_expand(st_transform(s_2455.the_geom, 25833), '300'::double precision)) AND _st_dwithin(st_transform(s_2455.the_geom, 25833), schw_2455.schw, '300'::double precision))
                           ->  Function Scan on schw_2455  (cost=0.00..0.01 rows=1 width=32)
                           ->  Seq Scan on phoml_trajectory_tmp s_2455  (cost=0.00..95.68 rows=17 width=40)
                                 Filter: ((unix_time >= '1685451494.845'::double precision) AND (unix_time <= '1685451554.845'::double precision))
   ->  Subquery Scan on "*SELECT* 2457"  (cost=97.82..97.83 rows=1 width=76)
         ->  Limit  (cost=97.82..97.82 rows=1 width=84)
               ->  Sort  (cost=97.82..97.82 rows=1 width=84)
                     Sort Key: (st_distance(st_transform(s_2456.the_geom, 25833), schw_2456.schw))
                     ->  Nested Loop  (cost=0.00..97.81 rows=1 width=84)
                           Join Filter: ((st_transform(s_2456.the_geom, 25833) && st_expand(schw_2456.schw, '300'::double precision)) AND (schw_2456.schw && st_expand(st_transform(s_2456.the_geom, 25833), '300'::double precision)) AND _st_dwithin(st_transform(s_2456.the_geom, 25833), schw_2456.schw, '300'::double precision))
                           ->  Function Scan on schw_2456  (cost=0.00..0.01 rows=1 width=32)
                           ->  Seq Scan on phoml_trajectory_tmp s_2456  (cost=0.00..95.68 rows=17 width=40)
                                 Filter: ((unix_time >= '1685451495.197'::double precision) AND (unix_time <= '1685451555.197'::double precision))
   ->  Subquery Scan on "*SELECT* 2458"  (cost=97.82..97.83 rows=1 width=76)
         ->  Limit  (cost=97.82..97.82 rows=1 width=84)
               ->  Sort  (cost=97.82..97.82 rows=1 width=84)
                     Sort Key: (st_distance(st_transform(s_2457.the_geom, 25833), schw_2457.schw))
                     ->  Nested Loop  (cost=0.00..97.81 rows=1 width=84)
                           Join Filter: ((st_transform(s_2457.the_geom, 25833) && st_expand(schw_2457.schw, '300'::double precision)) AND (schw_2457.schw && st_expand(st_transform(s_2457.the_geom, 25833), '300'::double precision)) AND _st_dwithin(st_transform(s_2457.the_geom, 25833), schw_2457.schw, '300'::double precision))
                           ->  Function Scan on schw_2457  (cost=0.00..0.01 rows=1 width=32)
                           ->  Seq Scan on phoml_trajectory_tmp s_2457  (cost=0.00..95.68 rows=17 width=40)
                                 Filter: ((unix_time >= '1685451495.527'::double precision) AND (unix_time <= '1685451555.527'::double precision))
   ->  Subquery Scan on "*SELECT* 2459"  (cost=97.82..97.83 rows=1 width=76)
         ->  Limit  (cost=97.82..97.82 rows=1 width=84)
               ->  Sort  (cost=97.82..97.82 rows=1 width=84)
                     Sort Key: (st_distance(st_transform(s_2458.the_geom, 25833), schw_2458.schw))
                     ->  Nested Loop  (cost=0.00..97.81 rows=1 width=84)
                           Join Filter: ((st_transform(s_2458.the_geom, 25833) && st_expand(schw_2458.schw, '300'::double precision)) AND (schw_2458.schw && st_expand(st_transform(s_2458.the_geom, 25833), '300'::double precision)) AND _st_dwithin(st_transform(s_2458.the_geom, 25833), schw_2458.schw, '300'::double precision))
                           ->  Function Scan on schw_2458  (cost=0.00..0.01 rows=1 width=32)
                           ->  Seq Scan on phoml_trajectory_tmp s_2458  (cost=0.00..95.68 rows=17 width=40)
                                 Filter: ((unix_time >= '1685451495.857'::double precision) AND (unix_time <= '1685451555.857'::double precision))
   ->  Subquery Scan on "*SELECT* 2460"  (cost=97.82..97.83 rows=1 width=76)
         ->  Limit  (cost=97.82..97.82 rows=1 width=84)
               ->  Sort  (cost=97.82..97.82 rows=1 width=84)
                     Sort Key: (st_distance(st_transform(s_2459.the_geom, 25833), schw_2459.schw))
                     ->  Nested Loop  (cost=0.00..97.81 rows=1 width=84)
                           Join Filter: ((st_transform(s_2459.the_geom, 25833) && st_expand(schw_2459.schw, '300'::double precision)) AND (schw_2459.schw && st_expand(st_transform(s_2459.the_geom, 25833), '300'::double precision)) AND _st_dwithin(st_transform(s_2459.the_geom, 25833), schw_2459.schw, '300'::double precision))
                           ->  Function Scan on schw_2459  (cost=0.00..0.01 rows=1 width=32)
                           ->  Seq Scan on phoml_trajectory_tmp s_2459  (cost=0.00..95.68 rows=17 width=40)
                                 Filter: ((unix_time >= '1685451496.217'::double precision) AND (unix_time <= '1685451556.217'::double precision))
   ->  Subquery Scan on "*SELECT* 2461"  (cost=97.82..97.83 rows=1 width=76)
         ->  Limit  (cost=97.82..97.82 rows=1 width=84)
               ->  Sort  (cost=97.82..97.82 rows=1 width=84)
                     Sort Key: (st_distance(st_transform(s_2460.the_geom, 25833), schw_2460.schw))
                     ->  Nested Loop  (cost=0.00..97.81 rows=1 width=84)
                           Join Filter: ((st_transform(s_2460.the_geom, 25833) && st_expand(schw_2460.schw, '300'::double precision)) AND (schw_2460.schw && st_expand(st_transform(s_2460.the_geom, 25833), '300'::double precision)) AND _st_dwithin(st_transform(s_2460.the_geom, 25833), schw_2460.schw, '300'::double precision))
                           ->  Function Scan on schw_2460  (cost=0.00..0.01 rows=1 width=32)
                           ->  Seq Scan on phoml_trajectory_tmp s_2460  (cost=0.00..95.68 rows=17 width=40)
                                 Filter: ((unix_time >= '1685451496.547'::double precision) AND (unix_time <= '1685451556.547'::double precision))
   ->  Subquery Scan on "*SELECT* 2462"  (cost=97.82..97.83 rows=1 width=76)
         ->  Limit  (cost=97.82..97.82 rows=1 width=84)
               ->  Sort  (cost=97.82..97.82 rows=1 width=84)
                     Sort Key: (st_distance(st_transform(s_2461.the_geom, 25833), schw_2461.schw))
                     ->  Nested Loop  (cost=0.00..97.81 rows=1 width=84)
                           Join Filter: ((st_transform(s_2461.the_geom, 25833) && st_expand(schw_2461.schw, '300'::double precision)) AND (schw_2461.schw && st_expand(st_transform(s_2461.the_geom, 25833), '300'::double precision)) AND _st_dwithin(st_transform(s_2461.the_geom, 25833), schw_2461.schw, '300'::double precision))
                           ->  Function Scan on schw_2461  (cost=0.00..0.01 rows=1 width=32)
                           ->  Seq Scan on phoml_trajectory_tmp s_2461  (cost=0.00..95.68 rows=17 width=40)
                                 Filter: ((unix_time >= '1685451496.887'::double precision) AND (unix_time <= '1685451556.887'::double precision))
   ->  Subquery Scan on "*SELECT* 2463"  (cost=97.82..97.83 rows=1 width=76)
         ->  Limit  (cost=97.82..97.82 rows=1 width=84)
               ->  Sort  (cost=97.82..97.82 rows=1 width=84)
                     Sort Key: (st_distance(st_transform(s_2462.the_geom, 25833), schw_2462.schw))
                     ->  Nested Loop  (cost=0.00..97.81 rows=1 width=84)
                           Join Filter: ((st_transform(s_2462.the_geom, 25833) && st_expand(schw_2462.schw, '300'::double precision)) AND (schw_2462.schw && st_expand(st_transform(s_2462.the_geom, 25833), '300'::double precision)) AND _st_dwithin(st_transform(s_2462.the_geom, 25833), schw_2462.schw, '300'::double precision))
                           ->  Function Scan on schw_2462  (cost=0.00..0.01 rows=1 width=32)
                           ->  Seq Scan on phoml_trajectory_tmp s_2462  (cost=0.00..95.68 rows=17 width=40)
                                 Filter: ((unix_time >= '1685451497.22'::double precision) AND (unix_time <= '1685451557.22'::double precision))
   ->  Subquery Scan on "*SELECT* 2464"  (cost=97.82..97.83 rows=1 width=76)
         ->  Limit  (cost=97.82..97.82 rows=1 width=84)
               ->  Sort  (cost=97.82..97.82 rows=1 width=84)
                     Sort Key: (st_distance(st_transform(s_2463.the_geom, 25833), schw_2463.schw))
                     ->  Nested Loop  (cost=0.00..97.81 rows=1 width=84)
                           Join Filter: ((st_transform(s_2463.the_geom, 25833) && st_expand(schw_2463.schw, '300'::double precision)) AND (schw_2463.schw && st_expand(st_transform(s_2463.the_geom, 25833), '300'::double precision)) AND _st_dwithin(st_transform(s_2463.the_geom, 25833), schw_2463.schw, '300'::double precision))
                           ->  Function Scan on schw_2463  (cost=0.00..0.01 rows=1 width=32)
                           ->  Seq Scan on phoml_trajectory_tmp s_2463  (cost=0.00..95.68 rows=17 width=40)
                                 Filter: ((unix_time >= '1685451497.56'::double precision) AND (unix_time <= '1685451557.56'::double precision))
   ->  Subquery Scan on "*SELECT* 2465"  (cost=97.82..97.83 rows=1 width=76)
         ->  Limit  (cost=97.82..97.82 rows=1 width=84)
               ->  Sort  (cost=97.82..97.82 rows=1 width=84)
                     Sort Key: (st_distance(st_transform(s_2464.the_geom, 25833), schw_2464.schw))
                     ->  Nested Loop  (cost=0.00..97.81 rows=1 width=84)
                           Join Filter: ((st_transform(s_2464.the_geom, 25833) && st_expand(schw_2464.schw, '300'::double precision)) AND (schw_2464.schw && st_expand(st_transform(s_2464.the_geom, 25833), '300'::double precision)) AND _st_dwithin(st_transform(s_2464.the_geom, 25833), schw_2464.schw, '300'::double precision))
                           ->  Function Scan on schw_2464  (cost=0.00..0.01 rows=1 width=32)
                           ->  Seq Scan on phoml_trajectory_tmp s_2464  (cost=0.00..95.68 rows=17 width=40)
                                 Filter: ((unix_time >= '1685451497.89'::double precision) AND (unix_time <= '1685451557.89'::double precision))
   ->  Subquery Scan on "*SELECT* 2466"  (cost=97.82..97.83 rows=1 width=76)
         ->  Limit  (cost=97.82..97.82 rows=1 width=84)
               ->  Sort  (cost=97.82..97.82 rows=1 width=84)
                     Sort Key: (st_distance(st_transform(s_2465.the_geom, 25833), schw_2465.schw))
                     ->  Nested Loop  (cost=0.00..97.81 rows=1 width=84)
                           Join Filter: ((st_transform(s_2465.the_geom, 25833) && st_expand(schw_2465.schw, '300'::double precision)) AND (schw_2465.schw && st_expand(st_transform(s_2465.the_geom, 25833), '300'::double precision)) AND _st_dwithin(st_transform(s_2465.the_geom, 25833), schw_2465.schw, '300'::double precision))
                           ->  Function Scan on schw_2465  (cost=0.00..0.01 rows=1 width=32)
                           ->  Seq Scan on phoml_trajectory_tmp s_2465  (cost=0.00..95.68 rows=17 width=40)
                                 Filter: ((unix_time >= '1685451498.233'::double precision) AND (unix_time <= '1685451558.233'::double precision))
   ->  Subquery Scan on "*SELECT* 2467"  (cost=97.82..97.83 rows=1 width=76)
         ->  Limit  (cost=97.82..97.82 rows=1 width=84)
               ->  Sort  (cost=97.82..97.82 rows=1 width=84)
                     Sort Key: (st_distance(st_transform(s_2466.the_geom, 25833), schw_2466.schw))
                     ->  Nested Loop  (cost=0.00..97.81 rows=1 width=84)
                           Join Filter: ((st_transform(s_2466.the_geom, 25833) && st_expand(schw_2466.schw, '300'::double precision)) AND (schw_2466.schw && st_expand(st_transform(s_2466.the_geom, 25833), '300'::double precision)) AND _st_dwithin(st_transform(s_2466.the_geom, 25833), schw_2466.schw, '300'::double precision))
                           ->  Function Scan on schw_2466  (cost=0.00..0.01 rows=1 width=32)
                           ->  Seq Scan on phoml_trajectory_tmp s_2466  (cost=0.00..95.68 rows=17 width=40)
                                 Filter: ((unix_time >= '1685451498.563'::double precision) AND (unix_time <= '1685451558.563'::double precision))
   ->  Subquery Scan on "*SELECT* 2468"  (cost=97.82..97.83 rows=1 width=76)
         ->  Limit  (cost=97.82..97.82 rows=1 width=84)
               ->  Sort  (cost=97.82..97.82 rows=1 width=84)
                     Sort Key: (st_distance(st_transform(s_2467.the_geom, 25833), schw_2467.schw))
                     ->  Nested Loop  (cost=0.00..97.81 rows=1 width=84)
                           Join Filter: ((st_transform(s_2467.the_geom, 25833) && st_expand(schw_2467.schw, '300'::double precision)) AND (schw_2467.schw && st_expand(st_transform(s_2467.the_geom, 25833), '300'::double precision)) AND _st_dwithin(st_transform(s_2467.the_geom, 25833), schw_2467.schw, '300'::double precision))
                           ->  Function Scan on schw_2467  (cost=0.00..0.01 rows=1 width=32)
                           ->  Seq Scan on phoml_trajectory_tmp s_2467  (cost=0.00..95.68 rows=17 width=40)
                                 Filter: ((unix_time >= '1685451498.893'::double precision) AND (unix_time <= '1685451558.893'::double precision))
   ->  Subquery Scan on "*SELECT* 2469"  (cost=97.82..97.83 rows=1 width=76)
         ->  Limit  (cost=97.82..97.82 rows=1 width=84)
               ->  Sort  (cost=97.82..97.82 rows=1 width=84)
                     Sort Key: (st_distance(st_transform(s_2468.the_geom, 25833), schw_2468.schw))
                     ->  Nested Loop  (cost=0.00..97.81 rows=1 width=84)
                           Join Filter: ((st_transform(s_2468.the_geom, 25833) && st_expand(schw_2468.schw, '300'::double precision)) AND (schw_2468.schw && st_expand(st_transform(s_2468.the_geom, 25833), '300'::double precision)) AND _st_dwithin(st_transform(s_2468.the_geom, 25833), schw_2468.schw, '300'::double precision))
                           ->  Function Scan on schw_2468  (cost=0.00..0.01 rows=1 width=32)
                           ->  Seq Scan on phoml_trajectory_tmp s_2468  (cost=0.00..95.68 rows=17 width=40)
                                 Filter: ((unix_time >= '1685451499.225'::double precision) AND (unix_time <= '1685451559.225'::double precision))
   ->  Subquery Scan on "*SELECT* 2470"  (cost=97.82..97.83 rows=1 width=76)
         ->  Limit  (cost=97.82..97.82 rows=1 width=84)
               ->  Sort  (cost=97.82..97.82 rows=1 width=84)
                     Sort Key: (st_distance(st_transform(s_2469.the_geom, 25833), schw_2469.schw))
                     ->  Nested Loop  (cost=0.00..97.81 rows=1 width=84)
                           Join Filter: ((st_transform(s_2469.the_geom, 25833) && st_expand(schw_2469.schw, '300'::double precision)) AND (schw_2469.schw && st_expand(st_transform(s_2469.the_geom, 25833), '300'::double precision)) AND _st_dwithin(st_transform(s_2469.the_geom, 25833), schw_2469.schw, '300'::double precision))
                           ->  Function Scan on schw_2469  (cost=0.00..0.01 rows=1 width=32)
                           ->  Seq Scan on phoml_trajectory_tmp s_2469  (cost=0.00..95.68 rows=17 width=40)
                                 Filter: ((unix_time >= '1685451499.565'::double precision) AND (unix_time <= '1685451559.565'::double precision))
   ->  Subquery Scan on "*SELECT* 2471"  (cost=97.82..97.83 rows=1 width=76)
         ->  Limit  (cost=97.82..97.82 rows=1 width=84)
               ->  Sort  (cost=97.82..97.82 rows=1 width=84)
                     Sort Key: (st_distance(st_transform(s_2470.the_geom, 25833), schw_2470.schw))
                     ->  Nested Loop  (cost=0.00..97.81 rows=1 width=84)
                           Join Filter: ((st_transform(s_2470.the_geom, 25833) && st_expand(schw_2470.schw, '300'::double precision)) AND (schw_2470.schw && st_expand(st_transform(s_2470.the_geom, 25833), '300'::double precision)) AND _st_dwithin(st_transform(s_2470.the_geom, 25833), schw_2470.schw, '300'::double precision))
                           ->  Function Scan on schw_2470  (cost=0.00..0.01 rows=1 width=32)
                           ->  Seq Scan on phoml_trajectory_tmp s_2470  (cost=0.00..95.68 rows=17 width=40)
                                 Filter: ((unix_time >= '1685451499.895'::double precision) AND (unix_time <= '1685451559.895'::double precision))
   ->  Subquery Scan on "*SELECT* 2472"  (cost=97.82..97.83 rows=1 width=76)
         ->  Limit  (cost=97.82..97.82 rows=1 width=84)
               ->  Sort  (cost=97.82..97.82 rows=1 width=84)
                     Sort Key: (st_distance(st_transform(s_2471.the_geom, 25833), schw_2471.schw))
                     ->  Nested Loop  (cost=0.00..97.81 rows=1 width=84)
                           Join Filter: ((st_transform(s_2471.the_geom, 25833) && st_expand(schw_2471.schw, '300'::double precision)) AND (schw_2471.schw && st_expand(st_transform(s_2471.the_geom, 25833), '300'::double precision)) AND _st_dwithin(st_transform(s_2471.the_geom, 25833), schw_2471.schw, '300'::double precision))
                           ->  Function Scan on schw_2471  (cost=0.00..0.01 rows=1 width=32)
                           ->  Seq Scan on phoml_trajectory_tmp s_2471  (cost=0.00..95.68 rows=17 width=40)
                                 Filter: ((unix_time >= '1685451500.226'::double precision) AND (unix_time <= '1685451560.226'::double precision))
   ->  Subquery Scan on "*SELECT* 2473"  (cost=97.82..97.83 rows=1 width=76)
         ->  Limit  (cost=97.82..97.82 rows=1 width=84)
               ->  Sort  (cost=97.82..97.82 rows=1 width=84)
                     Sort Key: (st_distance(st_transform(s_2472.the_geom, 25833), schw_2472.schw))
                     ->  Nested Loop  (cost=0.00..97.81 rows=1 width=84)
                           Join Filter: ((st_transform(s_2472.the_geom, 25833) && st_expand(schw_2472.schw, '300'::double precision)) AND (schw_2472.schw && st_expand(st_transform(s_2472.the_geom, 25833), '300'::double precision)) AND _st_dwithin(st_transform(s_2472.the_geom, 25833), schw_2472.schw, '300'::double precision))
                           ->  Function Scan on schw_2472  (cost=0.00..0.01 rows=1 width=32)
                           ->  Seq Scan on phoml_trajectory_tmp s_2472  (cost=0.00..95.68 rows=17 width=40)
                                 Filter: ((unix_time >= '1685451500.556'::double precision) AND (unix_time <= '1685451560.556'::double precision))
   ->  Subquery Scan on "*SELECT* 2474"  (cost=97.82..97.83 rows=1 width=76)
         ->  Limit  (cost=97.82..97.82 rows=1 width=84)
               ->  Sort  (cost=97.82..97.82 rows=1 width=84)
                     Sort Key: (st_distance(st_transform(s_2473.the_geom, 25833), schw_2473.schw))
                     ->  Nested Loop  (cost=0.00..97.81 rows=1 width=84)
                           Join Filter: ((st_transform(s_2473.the_geom, 25833) && st_expand(schw_2473.schw, '300'::double precision)) AND (schw_2473.schw && st_expand(st_transform(s_2473.the_geom, 25833), '300'::double precision)) AND _st_dwithin(st_transform(s_2473.the_geom, 25833), schw_2473.schw, '300'::double precision))
                           ->  Function Scan on schw_2473  (cost=0.00..0.01 rows=1 width=32)
                           ->  Seq Scan on phoml_trajectory_tmp s_2473  (cost=0.00..95.68 rows=17 width=40)
                                 Filter: ((unix_time >= '1685451500.886'::double precision) AND (unix_time <= '1685451560.886'::double precision))
   ->  Subquery Scan on "*SELECT* 2475"  (cost=97.82..97.83 rows=1 width=76)
         ->  Limit  (cost=97.82..97.82 rows=1 width=84)
               ->  Sort  (cost=97.82..97.82 rows=1 width=84)
                     Sort Key: (st_distance(st_transform(s_2474.the_geom, 25833), schw_2474.schw))
                     ->  Nested Loop  (cost=0.00..97.81 rows=1 width=84)
                           Join Filter: ((st_transform(s_2474.the_geom, 25833) && st_expand(schw_2474.schw, '300'::double precision)) AND (schw_2474.schw && st_expand(st_transform(s_2474.the_geom, 25833), '300'::double precision)) AND _st_dwithin(st_transform(s_2474.the_geom, 25833), schw_2474.schw, '300'::double precision))
                           ->  Function Scan on schw_2474  (cost=0.00..0.01 rows=1 width=32)
                           ->  Seq Scan on phoml_trajectory_tmp s_2474  (cost=0.00..95.68 rows=17 width=40)
                                 Filter: ((unix_time >= '1685451501.22'::double precision) AND (unix_time <= '1685451561.22'::double precision))
   ->  Subquery Scan on "*SELECT* 2476"  (cost=97.82..97.83 rows=1 width=76)
         ->  Limit  (cost=97.82..97.82 rows=1 width=84)
               ->  Sort  (cost=97.82..97.82 rows=1 width=84)
                     Sort Key: (st_distance(st_transform(s_2475.the_geom, 25833), schw_2475.schw))
                     ->  Nested Loop  (cost=0.00..97.81 rows=1 width=84)
                           Join Filter: ((st_transform(s_2475.the_geom, 25833) && st_expand(schw_2475.schw, '300'::double precision)) AND (schw_2475.schw && st_expand(st_transform(s_2475.the_geom, 25833), '300'::double precision)) AND _st_dwithin(st_transform(s_2475.the_geom, 25833), schw_2475.schw, '300'::double precision))
                           ->  Function Scan on schw_2475  (cost=0.00..0.01 rows=1 width=32)
                           ->  Seq Scan on phoml_trajectory_tmp s_2475  (cost=0.00..95.68 rows=17 width=40)
                                 Filter: ((unix_time >= '1685451501.55'::double precision) AND (unix_time <= '1685451561.55'::double precision))
   ->  Subquery Scan on "*SELECT* 2477"  (cost=97.82..97.83 rows=1 width=76)
         ->  Limit  (cost=97.82..97.82 rows=1 width=84)
               ->  Sort  (cost=97.82..97.82 rows=1 width=84)
                     Sort Key: (st_distance(st_transform(s_2476.the_geom, 25833), schw_2476.schw))
                     ->  Nested Loop  (cost=0.00..97.81 rows=1 width=84)
                           Join Filter: ((st_transform(s_2476.the_geom, 25833) && st_expand(schw_2476.schw, '300'::double precision)) AND (schw_2476.schw && st_expand(st_transform(s_2476.the_geom, 25833), '300'::double precision)) AND _st_dwithin(st_transform(s_2476.the_geom, 25833), schw_2476.schw, '300'::double precision))
                           ->  Function Scan on schw_2476  (cost=0.00..0.01 rows=1 width=32)
                           ->  Seq Scan on phoml_trajectory_tmp s_2476  (cost=0.00..95.68 rows=17 width=40)
                                 Filter: ((unix_time >= '1685451501.88'::double precision) AND (unix_time <= '1685451561.88'::double precision))
   ->  Subquery Scan on "*SELECT* 2478"  (cost=97.82..97.83 rows=1 width=76)
         ->  Limit  (cost=97.82..97.82 rows=1 width=84)
               ->  Sort  (cost=97.82..97.82 rows=1 width=84)
                     Sort Key: (st_distance(st_transform(s_2477.the_geom, 25833), schw_2477.schw))
                     ->  Nested Loop  (cost=0.00..97.81 rows=1 width=84)
                           Join Filter: ((st_transform(s_2477.the_geom, 25833) && st_expand(schw_2477.schw, '300'::double precision)) AND (schw_2477.schw && st_expand(st_transform(s_2477.the_geom, 25833), '300'::double precision)) AND _st_dwithin(st_transform(s_2477.the_geom, 25833), schw_2477.schw, '300'::double precision))
                           ->  Function Scan on schw_2477  (cost=0.00..0.01 rows=1 width=32)
                           ->  Seq Scan on phoml_trajectory_tmp s_2477  (cost=0.00..95.68 rows=17 width=40)
                                 Filter: ((unix_time >= '1685451502.22'::double precision) AND (unix_time <= '1685451562.22'::double precision))
   ->  Subquery Scan on "*SELECT* 2479"  (cost=97.82..97.83 rows=1 width=76)
         ->  Limit  (cost=97.82..97.82 rows=1 width=84)
               ->  Sort  (cost=97.82..97.82 rows=1 width=84)
                     Sort Key: (st_distance(st_transform(s_2478.the_geom, 25833), schw_2478.schw))
                     ->  Nested Loop  (cost=0.00..97.81 rows=1 width=84)
                           Join Filter: ((st_transform(s_2478.the_geom, 25833) && st_expand(schw_2478.schw, '300'::double precision)) AND (schw_2478.schw && st_expand(st_transform(s_2478.the_geom, 25833), '300'::double precision)) AND _st_dwithin(st_transform(s_2478.the_geom, 25833), schw_2478.schw, '300'::double precision))
                           ->  Function Scan on schw_2478  (cost=0.00..0.01 rows=1 width=32)
                           ->  Seq Scan on phoml_trajectory_tmp s_2478  (cost=0.00..95.68 rows=17 width=40)
                                 Filter: ((unix_time >= '1685451502.55'::double precision) AND (unix_time <= '1685451562.55'::double precision))
   ->  Subquery Scan on "*SELECT* 2480"  (cost=97.82..97.83 rows=1 width=76)
         ->  Limit  (cost=97.82..97.82 rows=1 width=84)
               ->  Sort  (cost=97.82..97.82 rows=1 width=84)
                     Sort Key: (st_distance(st_transform(s_2479.the_geom, 25833), schw_2479.schw))
                     ->  Nested Loop  (cost=0.00..97.81 rows=1 width=84)
                           Join Filter: ((st_transform(s_2479.the_geom, 25833) && st_expand(schw_2479.schw, '300'::double precision)) AND (schw_2479.schw && st_expand(st_transform(s_2479.the_geom, 25833), '300'::double precision)) AND _st_dwithin(st_transform(s_2479.the_geom, 25833), schw_2479.schw, '300'::double precision))
                           ->  Function Scan on schw_2479  (cost=0.00..0.01 rows=1 width=32)
                           ->  Seq Scan on phoml_trajectory_tmp s_2479  (cost=0.00..95.68 rows=17 width=40)
                                 Filter: ((unix_time >= '1685451502.879'::double precision) AND (unix_time <= '1685451562.879'::double precision))
   ->  Subquery Scan on "*SELECT* 2481"  (cost=97.82..97.83 rows=1 width=76)
         ->  Limit  (cost=97.82..97.82 rows=1 width=84)
               ->  Sort  (cost=97.82..97.82 rows=1 width=84)
                     Sort Key: (st_distance(st_transform(s_2480.the_geom, 25833), schw_2480.schw))
                     ->  Nested Loop  (cost=0.00..97.81 rows=1 width=84)
                           Join Filter: ((st_transform(s_2480.the_geom, 25833) && st_expand(schw_2480.schw, '300'::double precision)) AND (schw_2480.schw && st_expand(st_transform(s_2480.the_geom, 25833), '300'::double precision)) AND _st_dwithin(st_transform(s_2480.the_geom, 25833), schw_2480.schw, '300'::double precision))
                           ->  Function Scan on schw_2480  (cost=0.00..0.01 rows=1 width=32)
                           ->  Seq Scan on phoml_trajectory_tmp s_2480  (cost=0.00..95.68 rows=17 width=40)
                                 Filter: ((unix_time >= '1685451503.202'::double precision) AND (unix_time <= '1685451563.202'::double precision))
   ->  Subquery Scan on "*SELECT* 2482"  (cost=97.82..97.83 rows=1 width=76)
         ->  Limit  (cost=97.82..97.82 rows=1 width=84)
               ->  Sort  (cost=97.82..97.82 rows=1 width=84)
                     Sort Key: (st_distance(st_transform(s_2481.the_geom, 25833), schw_2481.schw))
                     ->  Nested Loop  (cost=0.00..97.81 rows=1 width=84)
                           Join Filter: ((st_transform(s_2481.the_geom, 25833) && st_expand(schw_2481.schw, '300'::double precision)) AND (schw_2481.schw && st_expand(st_transform(s_2481.the_geom, 25833), '300'::double precision)) AND _st_dwithin(st_transform(s_2481.the_geom, 25833), schw_2481.schw, '300'::double precision))
                           ->  Function Scan on schw_2481  (cost=0.00..0.01 rows=1 width=32)
                           ->  Seq Scan on phoml_trajectory_tmp s_2481  (cost=0.00..95.68 rows=17 width=40)
                                 Filter: ((unix_time >= '1685451503.542'::double precision) AND (unix_time <= '1685451563.542'::double precision))
   ->  Subquery Scan on "*SELECT* 2483"  (cost=97.82..97.83 rows=1 width=76)
         ->  Limit  (cost=97.82..97.82 rows=1 width=84)
               ->  Sort  (cost=97.82..97.82 rows=1 width=84)
                     Sort Key: (st_distance(st_transform(s_2482.the_geom, 25833), schw_2482.schw))
                     ->  Nested Loop  (cost=0.00..97.81 rows=1 width=84)
                           Join Filter: ((st_transform(s_2482.the_geom, 25833) && st_expand(schw_2482.schw, '300'::double precision)) AND (schw_2482.schw && st_expand(st_transform(s_2482.the_geom, 25833), '300'::double precision)) AND _st_dwithin(st_transform(s_2482.the_geom, 25833), schw_2482.schw, '300'::double precision))
                           ->  Function Scan on schw_2482  (cost=0.00..0.01 rows=1 width=32)
                           ->  Seq Scan on phoml_trajectory_tmp s_2482  (cost=0.00..95.68 rows=17 width=40)
                                 Filter: ((unix_time >= '1685451503.862'::double precision) AND (unix_time <= '1685451563.862'::double precision))
   ->  Subquery Scan on "*SELECT* 2484"  (cost=97.82..97.83 rows=1 width=76)
         ->  Limit  (cost=97.82..97.82 rows=1 width=84)
               ->  Sort  (cost=97.82..97.82 rows=1 width=84)
                     Sort Key: (st_distance(st_transform(s_2483.the_geom, 25833), schw_2483.schw))
                     ->  Nested Loop  (cost=0.00..97.81 rows=1 width=84)
                           Join Filter: ((st_transform(s_2483.the_geom, 25833) && st_expand(schw_2483.schw, '300'::double precision)) AND (schw_2483.schw && st_expand(st_transform(s_2483.the_geom, 25833), '300'::double precision)) AND _st_dwithin(st_transform(s_2483.the_geom, 25833), schw_2483.schw, '300'::double precision))
                           ->  Function Scan on schw_2483  (cost=0.00..0.01 rows=1 width=32)
                           ->  Seq Scan on phoml_trajectory_tmp s_2483  (cost=0.00..95.68 rows=17 width=40)
                                 Filter: ((unix_time >= '1685451504.204'::double precision) AND (unix_time <= '1685451564.204'::double precision))
   ->  Subquery Scan on "*SELECT* 2485"  (cost=97.82..97.83 rows=1 width=76)
         ->  Limit  (cost=97.82..97.82 rows=1 width=84)
               ->  Sort  (cost=97.82..97.82 rows=1 width=84)
                     Sort Key: (st_distance(st_transform(s_2484.the_geom, 25833), schw_2484.schw))
                     ->  Nested Loop  (cost=0.00..97.81 rows=1 width=84)
                           Join Filter: ((st_transform(s_2484.the_geom, 25833) && st_expand(schw_2484.schw, '300'::double precision)) AND (schw_2484.schw && st_expand(st_transform(s_2484.the_geom, 25833), '300'::double precision)) AND _st_dwithin(st_transform(s_2484.the_geom, 25833), schw_2484.schw, '300'::double precision))
                           ->  Function Scan on schw_2484  (cost=0.00..0.01 rows=1 width=32)
                           ->  Seq Scan on phoml_trajectory_tmp s_2484  (cost=0.00..95.68 rows=17 width=40)
                                 Filter: ((unix_time >= '1685451504.544'::double precision) AND (unix_time <= '1685451564.544'::double precision))
   ->  Subquery Scan on "*SELECT* 2486"  (cost=97.82..97.83 rows=1 width=76)
         ->  Limit  (cost=97.82..97.82 rows=1 width=84)
               ->  Sort  (cost=97.82..97.82 rows=1 width=84)
                     Sort Key: (st_distance(st_transform(s_2485.the_geom, 25833), schw_2485.schw))
                     ->  Nested Loop  (cost=0.00..97.81 rows=1 width=84)
                           Join Filter: ((st_transform(s_2485.the_geom, 25833) && st_expand(schw_2485.schw, '300'::double precision)) AND (schw_2485.schw && st_expand(st_transform(s_2485.the_geom, 25833), '300'::double precision)) AND _st_dwithin(st_transform(s_2485.the_geom, 25833), schw_2485.schw, '300'::double precision))
                           ->  Function Scan on schw_2485  (cost=0.00..0.01 rows=1 width=32)
                           ->  Seq Scan on phoml_trajectory_tmp s_2485  (cost=0.00..95.68 rows=17 width=40)
                                 Filter: ((unix_time >= '1685451504.874'::double precision) AND (unix_time <= '1685451564.874'::double precision))
   ->  Subquery Scan on "*SELECT* 2487"  (cost=97.82..97.83 rows=1 width=76)
         ->  Limit  (cost=97.82..97.82 rows=1 width=84)
               ->  Sort  (cost=97.82..97.82 rows=1 width=84)
                     Sort Key: (st_distance(st_transform(s_2486.the_geom, 25833), schw_2486.schw))
                     ->  Nested Loop  (cost=0.00..97.81 rows=1 width=84)
                           Join Filter: ((st_transform(s_2486.the_geom, 25833) && st_expand(schw_2486.schw, '300'::double precision)) AND (schw_2486.schw && st_expand(st_transform(s_2486.the_geom, 25833), '300'::double precision)) AND _st_dwithin(st_transform(s_2486.the_geom, 25833), schw_2486.schw, '300'::double precision))
                           ->  Function Scan on schw_2486  (cost=0.00..0.01 rows=1 width=32)
                           ->  Seq Scan on phoml_trajectory_tmp s_2486  (cost=0.00..95.68 rows=17 width=40)
                                 Filter: ((unix_time >= '1685451505.209'::double precision) AND (unix_time <= '1685451565.209'::double precision))
   ->  Subquery Scan on "*SELECT* 2488"  (cost=97.82..97.83 rows=1 width=76)
         ->  Limit  (cost=97.82..97.82 rows=1 width=84)
               ->  Sort  (cost=97.82..97.82 rows=1 width=84)
                     Sort Key: (st_distance(st_transform(s_2487.the_geom, 25833), schw_2487.schw))
                     ->  Nested Loop  (cost=0.00..97.81 rows=1 width=84)
                           Join Filter: ((st_transform(s_2487.the_geom, 25833) && st_expand(schw_2487.schw, '300'::double precision)) AND (schw_2487.schw && st_expand(st_transform(s_2487.the_geom, 25833), '300'::double precision)) AND _st_dwithin(st_transform(s_2487.the_geom, 25833), schw_2487.schw, '300'::double precision))
                           ->  Function Scan on schw_2487  (cost=0.00..0.01 rows=1 width=32)
                           ->  Seq Scan on phoml_trajectory_tmp s_2487  (cost=0.00..95.68 rows=17 width=40)
                                 Filter: ((unix_time >= '1685451505.539'::double precision) AND (unix_time <= '1685451565.539'::double precision))
   ->  Subquery Scan on "*SELECT* 2489"  (cost=97.82..97.83 rows=1 width=76)
         ->  Limit  (cost=97.82..97.82 rows=1 width=84)
               ->  Sort  (cost=97.82..97.82 rows=1 width=84)
                     Sort Key: (st_distance(st_transform(s_2488.the_geom, 25833), schw_2488.schw))
                     ->  Nested Loop  (cost=0.00..97.81 rows=1 width=84)
                           Join Filter: ((st_transform(s_2488.the_geom, 25833) && st_expand(schw_2488.schw, '300'::double precision)) AND (schw_2488.schw && st_expand(st_transform(s_2488.the_geom, 25833), '300'::double precision)) AND _st_dwithin(st_transform(s_2488.the_geom, 25833), schw_2488.schw, '300'::double precision))
                           ->  Function Scan on schw_2488  (cost=0.00..0.01 rows=1 width=32)
                           ->  Seq Scan on phoml_trajectory_tmp s_2488  (cost=0.00..95.68 rows=17 width=40)
                                 Filter: ((unix_time >= '1685451505.879'::double precision) AND (unix_time <= '1685451565.879'::double precision))
   ->  Subquery Scan on "*SELECT* 2490"  (cost=97.82..97.83 rows=1 width=76)
         ->  Limit  (cost=97.82..97.82 rows=1 width=84)
               ->  Sort  (cost=97.82..97.82 rows=1 width=84)
                     Sort Key: (st_distance(st_transform(s_2489.the_geom, 25833), schw_2489.schw))
                     ->  Nested Loop  (cost=0.00..97.81 rows=1 width=84)
                           Join Filter: ((st_transform(s_2489.the_geom, 25833) && st_expand(schw_2489.schw, '300'::double precision)) AND (schw_2489.schw && st_expand(st_transform(s_2489.the_geom, 25833), '300'::double precision)) AND _st_dwithin(st_transform(s_2489.the_geom, 25833), schw_2489.schw, '300'::double precision))
                           ->  Function Scan on schw_2489  (cost=0.00..0.01 rows=1 width=32)
                           ->  Seq Scan on phoml_trajectory_tmp s_2489  (cost=0.00..95.68 rows=17 width=40)
                                 Filter: ((unix_time >= '1685451506.215'::double precision) AND (unix_time <= '1685451566.215'::double precision))
   ->  Subquery Scan on "*SELECT* 2491"  (cost=97.82..97.83 rows=1 width=76)
         ->  Limit  (cost=97.82..97.82 rows=1 width=84)
               ->  Sort  (cost=97.82..97.82 rows=1 width=84)
                     Sort Key: (st_distance(st_transform(s_2490.the_geom, 25833), schw_2490.schw))
                     ->  Nested Loop  (cost=0.00..97.81 rows=1 width=84)
                           Join Filter: ((st_transform(s_2490.the_geom, 25833) && st_expand(schw_2490.schw, '300'::double precision)) AND (schw_2490.schw && st_expand(st_transform(s_2490.the_geom, 25833), '300'::double precision)) AND _st_dwithin(st_transform(s_2490.the_geom, 25833), schw_2490.schw, '300'::double precision))
                           ->  Function Scan on schw_2490  (cost=0.00..0.01 rows=1 width=32)
                           ->  Seq Scan on phoml_trajectory_tmp s_2490  (cost=0.00..95.68 rows=17 width=40)
                                 Filter: ((unix_time >= '1685451506.545'::double precision) AND (unix_time <= '1685451566.545'::double precision))
   ->  Subquery Scan on "*SELECT* 2492"  (cost=97.82..97.83 rows=1 width=76)
         ->  Limit  (cost=97.82..97.82 rows=1 width=84)
               ->  Sort  (cost=97.82..97.82 rows=1 width=84)
                     Sort Key: (st_distance(st_transform(s_2491.the_geom, 25833), schw_2491.schw))
                     ->  Nested Loop  (cost=0.00..97.81 rows=1 width=84)
                           Join Filter: ((st_transform(s_2491.the_geom, 25833) && st_expand(schw_2491.schw, '300'::double precision)) AND (schw_2491.schw && st_expand(st_transform(s_2491.the_geom, 25833), '300'::double precision)) AND _st_dwithin(st_transform(s_2491.the_geom, 25833), schw_2491.schw, '300'::double precision))
                           ->  Function Scan on schw_2491  (cost=0.00..0.01 rows=1 width=32)
                           ->  Seq Scan on phoml_trajectory_tmp s_2491  (cost=0.00..95.68 rows=17 width=40)
                                 Filter: ((unix_time >= '1685451506.885'::double precision) AND (unix_time <= '1685451566.885'::double precision))
   ->  Subquery Scan on "*SELECT* 2493"  (cost=97.82..97.83 rows=1 width=76)
         ->  Limit  (cost=97.82..97.82 rows=1 width=84)
               ->  Sort  (cost=97.82..97.82 rows=1 width=84)
                     Sort Key: (st_distance(st_transform(s_2492.the_geom, 25833), schw_2492.schw))
                     ->  Nested Loop  (cost=0.00..97.81 rows=1 width=84)
                           Join Filter: ((st_transform(s_2492.the_geom, 25833) && st_expand(schw_2492.schw, '300'::double precision)) AND (schw_2492.schw && st_expand(st_transform(s_2492.the_geom, 25833), '300'::double precision)) AND _st_dwithin(st_transform(s_2492.the_geom, 25833), schw_2492.schw, '300'::double precision))
                           ->  Function Scan on schw_2492  (cost=0.00..0.01 rows=1 width=32)
                           ->  Seq Scan on phoml_trajectory_tmp s_2492  (cost=0.00..95.68 rows=17 width=40)
                                 Filter: ((unix_time >= '1685451507.218'::double precision) AND (unix_time <= '1685451567.218'::double precision))
   ->  Subquery Scan on "*SELECT* 2494"  (cost=97.82..97.83 rows=1 width=76)
         ->  Limit  (cost=97.82..97.82 rows=1 width=84)
               ->  Sort  (cost=97.82..97.82 rows=1 width=84)
                     Sort Key: (st_distance(st_transform(s_2493.the_geom, 25833), schw_2493.schw))
                     ->  Nested Loop  (cost=0.00..97.81 rows=1 width=84)
                           Join Filter: ((st_transform(s_2493.the_geom, 25833) && st_expand(schw_2493.schw, '300'::double precision)) AND (schw_2493.schw && st_expand(st_transform(s_2493.the_geom, 25833), '300'::double precision)) AND _st_dwithin(st_transform(s_2493.the_geom, 25833), schw_2493.schw, '300'::double precision))
                           ->  Function Scan on schw_2493  (cost=0.00..0.01 rows=1 width=32)
                           ->  Seq Scan on phoml_trajectory_tmp s_2493  (cost=0.00..95.68 rows=17 width=40)
                                 Filter: ((unix_time >= '1685451507.548'::double precision) AND (unix_time <= '1685451567.548'::double precision))
   ->  Subquery Scan on "*SELECT* 2495"  (cost=97.82..97.83 rows=1 width=76)
         ->  Limit  (cost=97.82..97.82 rows=1 width=84)
               ->  Sort  (cost=97.82..97.82 rows=1 width=84)
                     Sort Key: (st_distance(st_transform(s_2494.the_geom, 25833), schw_2494.schw))
                     ->  Nested Loop  (cost=0.00..97.81 rows=1 width=84)
                           Join Filter: ((st_transform(s_2494.the_geom, 25833) && st_expand(schw_2494.schw, '300'::double precision)) AND (schw_2494.schw && st_expand(st_transform(s_2494.the_geom, 25833), '300'::double precision)) AND _st_dwithin(st_transform(s_2494.the_geom, 25833), schw_2494.schw, '300'::double precision))
                           ->  Function Scan on schw_2494  (cost=0.00..0.01 rows=1 width=32)
                           ->  Seq Scan on phoml_trajectory_tmp s_2494  (cost=0.00..95.68 rows=17 width=40)
                                 Filter: ((unix_time >= '1685451507.898'::double precision) AND (unix_time <= '1685451567.898'::double precision))
   ->  Subquery Scan on "*SELECT* 2496"  (cost=97.82..97.83 rows=1 width=76)
         ->  Limit  (cost=97.82..97.82 rows=1 width=84)
               ->  Sort  (cost=97.82..97.82 rows=1 width=84)
                     Sort Key: (st_distance(st_transform(s_2495.the_geom, 25833), schw_2495.schw))
                     ->  Nested Loop  (cost=0.00..97.81 rows=1 width=84)
                           Join Filter: ((st_transform(s_2495.the_geom, 25833) && st_expand(schw_2495.schw, '300'::double precision)) AND (schw_2495.schw && st_expand(st_transform(s_2495.the_geom, 25833), '300'::double precision)) AND _st_dwithin(st_transform(s_2495.the_geom, 25833), schw_2495.schw, '300'::double precision))
                           ->  Function Scan on schw_2495  (cost=0.00..0.01 rows=1 width=32)
                           ->  Seq Scan on phoml_trajectory_tmp s_2495  (cost=0.00..95.68 rows=17 width=40)
                                 Filter: ((unix_time >= '1685451508.231'::double precision) AND (unix_time <= '1685451568.231'::double precision))
   ->  Subquery Scan on "*SELECT* 2497"  (cost=97.82..97.83 rows=1 width=76)
         ->  Limit  (cost=97.82..97.82 rows=1 width=84)
               ->  Sort  (cost=97.82..97.82 rows=1 width=84)
                     Sort Key: (st_distance(st_transform(s_2496.the_geom, 25833), schw_2496.schw))
                     ->  Nested Loop  (cost=0.00..97.81 rows=1 width=84)
                           Join Filter: ((st_transform(s_2496.the_geom, 25833) && st_expand(schw_2496.schw, '300'::double precision)) AND (schw_2496.schw && st_expand(st_transform(s_2496.the_geom, 25833), '300'::double precision)) AND _st_dwithin(st_transform(s_2496.the_geom, 25833), schw_2496.schw, '300'::double precision))
                           ->  Function Scan on schw_2496  (cost=0.00..0.01 rows=1 width=32)
                           ->  Seq Scan on phoml_trajectory_tmp s_2496  (cost=0.00..95.68 rows=17 width=40)
                                 Filter: ((unix_time >= '1685451508.551'::double precision) AND (unix_time <= '1685451568.551'::double precision))
   ->  Subquery Scan on "*SELECT* 2498"  (cost=97.82..97.83 rows=1 width=76)
         ->  Limit  (cost=97.82..97.82 rows=1 width=84)
               ->  Sort  (cost=97.82..97.82 rows=1 width=84)
                     Sort Key: (st_distance(st_transform(s_2497.the_geom, 25833), schw_2497.schw))
                     ->  Nested Loop  (cost=0.00..97.81 rows=1 width=84)
                           Join Filter: ((st_transform(s_2497.the_geom, 25833) && st_expand(schw_2497.schw, '300'::double precision)) AND (schw_2497.schw && st_expand(st_transform(s_2497.the_geom, 25833), '300'::double precision)) AND _st_dwithin(st_transform(s_2497.the_geom, 25833), schw_2497.schw, '300'::double precision))
                           ->  Function Scan on schw_2497  (cost=0.00..0.01 rows=1 width=32)
                           ->  Seq Scan on phoml_trajectory_tmp s_2497  (cost=0.00..95.68 rows=17 width=40)
                                 Filter: ((unix_time >= '1685451508.901'::double precision) AND (unix_time <= '1685451568.901'::double precision))
   ->  Subquery Scan on "*SELECT* 2499"  (cost=97.82..97.83 rows=1 width=76)
         ->  Limit  (cost=97.82..97.82 rows=1 width=84)
               ->  Sort  (cost=97.82..97.82 rows=1 width=84)
                     Sort Key: (st_distance(st_transform(s_2498.the_geom, 25833), schw_2498.schw))
                     ->  Nested Loop  (cost=0.00..97.81 rows=1 width=84)
                           Join Filter: ((st_transform(s_2498.the_geom, 25833) && st_expand(schw_2498.schw, '300'::double precision)) AND (schw_2498.schw && st_expand(st_transform(s_2498.the_geom, 25833), '300'::double precision)) AND _st_dwithin(st_transform(s_2498.the_geom, 25833), schw_2498.schw, '300'::double precision))
                           ->  Function Scan on schw_2498  (cost=0.00..0.01 rows=1 width=32)
                           ->  Seq Scan on phoml_trajectory_tmp s_2498  (cost=0.00..95.68 rows=17 width=40)
                                 Filter: ((unix_time >= '1685451509.235'::double precision) AND (unix_time <= '1685451569.235'::double precision))
   ->  Subquery Scan on "*SELECT* 2500"  (cost=97.82..97.83 rows=1 width=76)
         ->  Limit  (cost=97.82..97.82 rows=1 width=84)
               ->  Sort  (cost=97.82..97.82 rows=1 width=84)
                     Sort Key: (st_distance(st_transform(s_2499.the_geom, 25833), schw_2499.schw))
                     ->  Nested Loop  (cost=0.00..97.81 rows=1 width=84)
                           Join Filter: ((st_transform(s_2499.the_geom, 25833) && st_expand(schw_2499.schw, '300'::double precision)) AND (schw_2499.schw && st_expand(st_transform(s_2499.the_geom, 25833), '300'::double precision)) AND _st_dwithin(st_transform(s_2499.the_geom, 25833), schw_2499.schw, '300'::double precision))
                           ->  Function Scan on schw_2499  (cost=0.00..0.01 rows=1 width=32)
                           ->  Seq Scan on phoml_trajectory_tmp s_2499  (cost=0.00..95.68 rows=17 width=40)
                                 Filter: ((unix_time >= '1685451509.575'::double precision) AND (unix_time <= '1685451569.575'::double precision))
   ->  Subquery Scan on "*SELECT* 2501"  (cost=97.82..97.83 rows=1 width=76)
         ->  Limit  (cost=97.82..97.82 rows=1 width=84)
               ->  Sort  (cost=97.82..97.82 rows=1 width=84)
                     Sort Key: (st_distance(st_transform(s_2500.the_geom, 25833), schw_2500.schw))
                     ->  Nested Loop  (cost=0.00..97.81 rows=1 width=84)
                           Join Filter: ((st_transform(s_2500.the_geom, 25833) && st_expand(schw_2500.schw, '300'::double precision)) AND (schw_2500.schw && st_expand(st_transform(s_2500.the_geom, 25833), '300'::double precision)) AND _st_dwithin(st_transform(s_2500.the_geom, 25833), schw_2500.schw, '300'::double precision))
                           ->  Function Scan on schw_2500  (cost=0.00..0.01 rows=1 width=32)
                           ->  Seq Scan on phoml_trajectory_tmp s_2500  (cost=0.00..95.68 rows=17 width=40)
                                 Filter: ((unix_time >= '1685451509.905'::double precision) AND (unix_time <= '1685451569.905'::double precision))
   ->  Subquery Scan on "*SELECT* 2502"  (cost=97.82..97.83 rows=1 width=76)
         ->  Limit  (cost=97.82..97.82 rows=1 width=84)
               ->  Sort  (cost=97.82..97.82 rows=1 width=84)
                     Sort Key: (st_distance(st_transform(s_2501.the_geom, 25833), schw_2501.schw))
                     ->  Nested Loop  (cost=0.00..97.81 rows=1 width=84)
                           Join Filter: ((st_transform(s_2501.the_geom, 25833) && st_expand(schw_2501.schw, '300'::double precision)) AND (schw_2501.schw && st_expand(st_transform(s_2501.the_geom, 25833), '300'::double precision)) AND _st_dwithin(st_transform(s_2501.the_geom, 25833), schw_2501.schw, '300'::double precision))
                           ->  Function Scan on schw_2501  (cost=0.00..0.01 rows=1 width=32)
                           ->  Seq Scan on phoml_trajectory_tmp s_2501  (cost=0.00..95.68 rows=17 width=40)
                                 Filter: ((unix_time >= '1685451510.24'::double precision) AND (unix_time <= '1685451570.24'::double precision))
   ->  Subquery Scan on "*SELECT* 2503"  (cost=97.82..97.83 rows=1 width=76)
         ->  Limit  (cost=97.82..97.82 rows=1 width=84)
               ->  Sort  (cost=97.82..97.82 rows=1 width=84)
                     Sort Key: (st_distance(st_transform(s_2502.the_geom, 25833), schw_2502.schw))
                     ->  Nested Loop  (cost=0.00..97.81 rows=1 width=84)
                           Join Filter: ((st_transform(s_2502.the_geom, 25833) && st_expand(schw_2502.schw, '300'::double precision)) AND (schw_2502.schw && st_expand(st_transform(s_2502.the_geom, 25833), '300'::double precision)) AND _st_dwithin(st_transform(s_2502.the_geom, 25833), schw_2502.schw, '300'::double precision))
                           ->  Function Scan on schw_2502  (cost=0.00..0.01 rows=1 width=32)
                           ->  Seq Scan on phoml_trajectory_tmp s_2502  (cost=0.00..95.68 rows=17 width=40)
                                 Filter: ((unix_time >= '1685451510.57'::double precision) AND (unix_time <= '1685451570.57'::double precision))
   ->  Subquery Scan on "*SELECT* 2504"  (cost=97.82..97.83 rows=1 width=76)
         ->  Limit  (cost=97.82..97.82 rows=1 width=84)
               ->  Sort  (cost=97.82..97.82 rows=1 width=84)
                     Sort Key: (st_distance(st_transform(s_2503.the_geom, 25833), schw_2503.schw))
                     ->  Nested Loop  (cost=0.00..97.81 rows=1 width=84)
                           Join Filter: ((st_transform(s_2503.the_geom, 25833) && st_expand(schw_2503.schw, '300'::double precision)) AND (schw_2503.schw && st_expand(st_transform(s_2503.the_geom, 25833), '300'::double precision)) AND _st_dwithin(st_transform(s_2503.the_geom, 25833), schw_2503.schw, '300'::double precision))
                           ->  Function Scan on schw_2503  (cost=0.00..0.01 rows=1 width=32)
                           ->  Seq Scan on phoml_trajectory_tmp s_2503  (cost=0.00..95.68 rows=17 width=40)
                                 Filter: ((unix_time >= '1685451510.91'::double precision) AND (unix_time <= '1685451570.91'::double precision))
   ->  Subquery Scan on "*SELECT* 2505"  (cost=97.82..97.83 rows=1 width=76)
         ->  Limit  (cost=97.82..97.82 rows=1 width=84)
               ->  Sort  (cost=97.82..97.82 rows=1 width=84)
                     Sort Key: (st_distance(st_transform(s_2504.the_geom, 25833), schw_2504.schw))
                     ->  Nested Loop  (cost=0.00..97.81 rows=1 width=84)
                           Join Filter: ((st_transform(s_2504.the_geom, 25833) && st_expand(schw_2504.schw, '300'::double precision)) AND (schw_2504.schw && st_expand(st_transform(s_2504.the_geom, 25833), '300'::double precision)) AND _st_dwithin(st_transform(s_2504.the_geom, 25833), schw_2504.schw, '300'::double precision))
                           ->  Function Scan on schw_2504  (cost=0.00..0.01 rows=1 width=32)
                           ->  Seq Scan on phoml_trajectory_tmp s_2504  (cost=0.00..95.68 rows=17 width=40)
                                 Filter: ((unix_time >= '1685451511.234'::double precision) AND (unix_time <= '1685451571.234'::double precision))
   ->  Subquery Scan on "*SELECT* 2506"  (cost=97.82..97.83 rows=1 width=76)
         ->  Limit  (cost=97.82..97.82 rows=1 width=84)
               ->  Sort  (cost=97.82..97.82 rows=1 width=84)
                     Sort Key: (st_distance(st_transform(s_2505.the_geom, 25833), schw_2505.schw))
                     ->  Nested Loop  (cost=0.00..97.81 rows=1 width=84)
                           Join Filter: ((st_transform(s_2505.the_geom, 25833) && st_expand(schw_2505.schw, '300'::double precision)) AND (schw_2505.schw && st_expand(st_transform(s_2505.the_geom, 25833), '300'::double precision)) AND _st_dwithin(st_transform(s_2505.the_geom, 25833), schw_2505.schw, '300'::double precision))
                           ->  Function Scan on schw_2505  (cost=0.00..0.01 rows=1 width=32)
                           ->  Seq Scan on phoml_trajectory_tmp s_2505  (cost=0.00..95.68 rows=17 width=40)
                                 Filter: ((unix_time >= '1685451511.574'::double precision) AND (unix_time <= '1685451571.574'::double precision))
   ->  Subquery Scan on "*SELECT* 2507"  (cost=97.82..97.83 rows=1 width=76)
         ->  Limit  (cost=97.82..97.82 rows=1 width=84)
               ->  Sort  (cost=97.82..97.82 rows=1 width=84)
                     Sort Key: (st_distance(st_transform(s_2506.the_geom, 25833), schw_2506.schw))
                     ->  Nested Loop  (cost=0.00..97.81 rows=1 width=84)
                           Join Filter: ((st_transform(s_2506.the_geom, 25833) && st_expand(schw_2506.schw, '300'::double precision)) AND (schw_2506.schw && st_expand(st_transform(s_2506.the_geom, 25833), '300'::double precision)) AND _st_dwithin(st_transform(s_2506.the_geom, 25833), schw_2506.schw, '300'::double precision))
                           ->  Function Scan on schw_2506  (cost=0.00..0.01 rows=1 width=32)
                           ->  Seq Scan on phoml_trajectory_tmp s_2506  (cost=0.00..95.68 rows=17 width=40)
                                 Filter: ((unix_time >= '1685451511.904'::double precision) AND (unix_time <= '1685451571.904'::double precision))
   ->  Subquery Scan on "*SELECT* 2508"  (cost=97.82..97.83 rows=1 width=76)
         ->  Limit  (cost=97.82..97.82 rows=1 width=84)
               ->  Sort  (cost=97.82..97.82 rows=1 width=84)
                     Sort Key: (st_distance(st_transform(s_2507.the_geom, 25833), schw_2507.schw))
                     ->  Nested Loop  (cost=0.00..97.81 rows=1 width=84)
                           Join Filter: ((st_transform(s_2507.the_geom, 25833) && st_expand(schw_2507.schw, '300'::double precision)) AND (schw_2507.schw && st_expand(st_transform(s_2507.the_geom, 25833), '300'::double precision)) AND _st_dwithin(st_transform(s_2507.the_geom, 25833), schw_2507.schw, '300'::double precision))
                           ->  Function Scan on schw_2507  (cost=0.00..0.01 rows=1 width=32)
                           ->  Seq Scan on phoml_trajectory_tmp s_2507  (cost=0.00..95.68 rows=17 width=40)
                                 Filter: ((unix_time >= '1685451512.239'::double precision) AND (unix_time <= '1685451572.239'::double precision))
   ->  Subquery Scan on "*SELECT* 2509"  (cost=97.82..97.83 rows=1 width=76)
         ->  Limit  (cost=97.82..97.82 rows=1 width=84)
               ->  Sort  (cost=97.82..97.82 rows=1 width=84)
                     Sort Key: (st_distance(st_transform(s_2508.the_geom, 25833), schw_2508.schw))
                     ->  Nested Loop  (cost=0.00..97.81 rows=1 width=84)
                           Join Filter: ((st_transform(s_2508.the_geom, 25833) && st_expand(schw_2508.schw, '300'::double precision)) AND (schw_2508.schw && st_expand(st_transform(s_2508.the_geom, 25833), '300'::double precision)) AND _st_dwithin(st_transform(s_2508.the_geom, 25833), schw_2508.schw, '300'::double precision))
                           ->  Function Scan on schw_2508  (cost=0.00..0.01 rows=1 width=32)
                           ->  Seq Scan on phoml_trajectory_tmp s_2508  (cost=0.00..95.68 rows=17 width=40)
                                 Filter: ((unix_time >= '1685451512.579'::double precision) AND (unix_time <= '1685451572.579'::double precision))
   ->  Subquery Scan on "*SELECT* 2510"  (cost=97.82..97.83 rows=1 width=76)
         ->  Limit  (cost=97.82..97.82 rows=1 width=84)
               ->  Sort  (cost=97.82..97.82 rows=1 width=84)
                     Sort Key: (st_distance(st_transform(s_2509.the_geom, 25833), schw_2509.schw))
                     ->  Nested Loop  (cost=0.00..97.81 rows=1 width=84)
                           Join Filter: ((st_transform(s_2509.the_geom, 25833) && st_expand(schw_2509.schw, '300'::double precision)) AND (schw_2509.schw && st_expand(st_transform(s_2509.the_geom, 25833), '300'::double precision)) AND _st_dwithin(st_transform(s_2509.the_geom, 25833), schw_2509.schw, '300'::double precision))
                           ->  Function Scan on schw_2509  (cost=0.00..0.01 rows=1 width=32)
                           ->  Seq Scan on phoml_trajectory_tmp s_2509  (cost=0.00..95.68 rows=17 width=40)
                                 Filter: ((unix_time >= '1685451512.929'::double precision) AND (unix_time <= '1685451572.929'::double precision))
   ->  Subquery Scan on "*SELECT* 2511"  (cost=97.82..97.83 rows=1 width=76)
         ->  Limit  (cost=97.82..97.82 rows=1 width=84)
               ->  Sort  (cost=97.82..97.82 rows=1 width=84)
                     Sort Key: (st_distance(st_transform(s_2510.the_geom, 25833), schw_2510.schw))
                     ->  Nested Loop  (cost=0.00..97.81 rows=1 width=84)
                           Join Filter: ((st_transform(s_2510.the_geom, 25833) && st_expand(schw_2510.schw, '300'::double precision)) AND (schw_2510.schw && st_expand(st_transform(s_2510.the_geom, 25833), '300'::double precision)) AND _st_dwithin(st_transform(s_2510.the_geom, 25833), schw_2510.schw, '300'::double precision))
                           ->  Function Scan on schw_2510  (cost=0.00..0.01 rows=1 width=32)
                           ->  Seq Scan on phoml_trajectory_tmp s_2510  (cost=0.00..95.68 rows=17 width=40)
                                 Filter: ((unix_time >= '1685451513.287'::double precision) AND (unix_time <= '1685451573.287'::double precision))
   ->  Subquery Scan on "*SELECT* 2512"  (cost=97.82..97.83 rows=1 width=76)
         ->  Limit  (cost=97.82..97.82 rows=1 width=84)
               ->  Sort  (cost=97.82..97.82 rows=1 width=84)
                     Sort Key: (st_distance(st_transform(s_2511.the_geom, 25833), schw_2511.schw))
                     ->  Nested Loop  (cost=0.00..97.81 rows=1 width=84)
                           Join Filter: ((st_transform(s_2511.the_geom, 25833) && st_expand(schw_2511.schw, '300'::double precision)) AND (schw_2511.schw && st_expand(st_transform(s_2511.the_geom, 25833), '300'::double precision)) AND _st_dwithin(st_transform(s_2511.the_geom, 25833), schw_2511.schw, '300'::double precision))
                           ->  Function Scan on schw_2511  (cost=0.00..0.01 rows=1 width=32)
                           ->  Seq Scan on phoml_trajectory_tmp s_2511  (cost=0.00..95.68 rows=17 width=40)
                                 Filter: ((unix_time >= '1685451513.647'::double precision) AND (unix_time <= '1685451573.647'::double precision))
   ->  Subquery Scan on "*SELECT* 2513"  (cost=97.82..97.83 rows=1 width=76)
         ->  Limit  (cost=97.82..97.82 rows=1 width=84)
               ->  Sort  (cost=97.82..97.82 rows=1 width=84)
                     Sort Key: (st_distance(st_transform(s_2512.the_geom, 25833), schw_2512.schw))
                     ->  Nested Loop  (cost=0.00..97.81 rows=1 width=84)
                           Join Filter: ((st_transform(s_2512.the_geom, 25833) && st_expand(schw_2512.schw, '300'::double precision)) AND (schw_2512.schw && st_expand(st_transform(s_2512.the_geom, 25833), '300'::double precision)) AND _st_dwithin(st_transform(s_2512.the_geom, 25833), schw_2512.schw, '300'::double precision))
                           ->  Function Scan on schw_2512  (cost=0.00..0.01 rows=1 width=32)
                           ->  Seq Scan on phoml_trajectory_tmp s_2512  (cost=0.00..95.68 rows=17 width=40)
                                 Filter: ((unix_time >= '1685451514.037'::double precision) AND (unix_time <= '1685451574.037'::double precision))
   ->  Subquery Scan on "*SELECT* 2514"  (cost=97.82..97.83 rows=1 width=76)
         ->  Limit  (cost=97.82..97.82 rows=1 width=84)
               ->  Sort  (cost=97.82..97.82 rows=1 width=84)
                     Sort Key: (st_distance(st_transform(s_2513.the_geom, 25833), schw_2513.schw))
                     ->  Nested Loop  (cost=0.00..97.81 rows=1 width=84)
                           Join Filter: ((st_transform(s_2513.the_geom, 25833) && st_expand(schw_2513.schw, '300'::double precision)) AND (schw_2513.schw && st_expand(st_transform(s_2513.the_geom, 25833), '300'::double precision)) AND _st_dwithin(st_transform(s_2513.the_geom, 25833), schw_2513.schw, '300'::double precision))
                           ->  Function Scan on schw_2513  (cost=0.00..0.01 rows=1 width=32)
                           ->  Seq Scan on phoml_trajectory_tmp s_2513  (cost=0.00..95.68 rows=17 width=40)
                                 Filter: ((unix_time >= '1685451514.447'::double precision) AND (unix_time <= '1685451574.447'::double precision))
   ->  Subquery Scan on "*SELECT* 2515"  (cost=97.82..97.83 rows=1 width=76)
         ->  Limit  (cost=97.82..97.82 rows=1 width=84)
               ->  Sort  (cost=97.82..97.82 rows=1 width=84)
                     Sort Key: (st_distance(st_transform(s_2514.the_geom, 25833), schw_2514.schw))
                     ->  Nested Loop  (cost=0.00..97.81 rows=1 width=84)
                           Join Filter: ((st_transform(s_2514.the_geom, 25833) && st_expand(schw_2514.schw, '300'::double precision)) AND (schw_2514.schw && st_expand(st_transform(s_2514.the_geom, 25833), '300'::double precision)) AND _st_dwithin(st_transform(s_2514.the_geom, 25833), schw_2514.schw, '300'::double precision))
                           ->  Function Scan on schw_2514  (cost=0.00..0.01 rows=1 width=32)
                           ->  Seq Scan on phoml_trajectory_tmp s_2514  (cost=0.00..95.68 rows=17 width=40)
                                 Filter: ((unix_time >= '1685451514.887'::double precision) AND (unix_time <= '1685451574.887'::double precision))
   ->  Subquery Scan on "*SELECT* 2516"  (cost=97.82..97.83 rows=1 width=76)
         ->  Limit  (cost=97.82..97.82 rows=1 width=84)
               ->  Sort  (cost=97.82..97.82 rows=1 width=84)
                     Sort Key: (st_distance(st_transform(s_2515.the_geom, 25833), schw_2515.schw))
                     ->  Nested Loop  (cost=0.00..97.81 rows=1 width=84)
                           Join Filter: ((st_transform(s_2515.the_geom, 25833) && st_expand(schw_2515.schw, '300'::double precision)) AND (schw_2515.schw && st_expand(st_transform(s_2515.the_geom, 25833), '300'::double precision)) AND _st_dwithin(st_transform(s_2515.the_geom, 25833), schw_2515.schw, '300'::double precision))
                           ->  Function Scan on schw_2515  (cost=0.00..0.01 rows=1 width=32)
                           ->  Seq Scan on phoml_trajectory_tmp s_2515  (cost=0.00..95.68 rows=17 width=40)
                                 Filter: ((unix_time >= '1685451515.357'::double precision) AND (unix_time <= '1685451575.357'::double precision))
   ->  Subquery Scan on "*SELECT* 2517"  (cost=97.82..97.83 rows=1 width=76)
         ->  Limit  (cost=97.82..97.82 rows=1 width=84)
               ->  Sort  (cost=97.82..97.82 rows=1 width=84)
                     Sort Key: (st_distance(st_transform(s_2516.the_geom, 25833), schw_2516.schw))
                     ->  Nested Loop  (cost=0.00..97.81 rows=1 width=84)
                           Join Filter: ((st_transform(s_2516.the_geom, 25833) && st_expand(schw_2516.schw, '300'::double precision)) AND (schw_2516.schw && st_expand(st_transform(s_2516.the_geom, 25833), '300'::double precision)) AND _st_dwithin(st_transform(s_2516.the_geom, 25833), schw_2516.schw, '300'::double precision))
                           ->  Function Scan on schw_2516  (cost=0.00..0.01 rows=1 width=32)
                           ->  Seq Scan on phoml_trajectory_tmp s_2516  (cost=0.00..95.68 rows=17 width=40)
                                 Filter: ((unix_time >= '1685451515.877'::double precision) AND (unix_time <= '1685451575.877'::double precision))
   ->  Subquery Scan on "*SELECT* 2518"  (cost=97.82..97.83 rows=1 width=76)
         ->  Limit  (cost=97.82..97.82 rows=1 width=84)
               ->  Sort  (cost=97.82..97.82 rows=1 width=84)
                     Sort Key: (st_distance(st_transform(s_2517.the_geom, 25833), schw_2517.schw))
                     ->  Nested Loop  (cost=0.00..97.81 rows=1 width=84)
                           Join Filter: ((st_transform(s_2517.the_geom, 25833) && st_expand(schw_2517.schw, '300'::double precision)) AND (schw_2517.schw && st_expand(st_transform(s_2517.the_geom, 25833), '300'::double precision)) AND _st_dwithin(st_transform(s_2517.the_geom, 25833), schw_2517.schw, '300'::double precision))
                           ->  Function Scan on schw_2517  (cost=0.00..0.01 rows=1 width=32)
                           ->  Seq Scan on phoml_trajectory_tmp s_2517  (cost=0.00..95.68 rows=17 width=40)
                                 Filter: ((unix_time >= '1685451516.426'::double precision) AND (unix_time <= '1685451576.426'::double precision))
   ->  Subquery Scan on "*SELECT* 2519"  (cost=97.82..97.83 rows=1 width=76)
         ->  Limit  (cost=97.82..97.82 rows=1 width=84)
               ->  Sort  (cost=97.82..97.82 rows=1 width=84)
                     Sort Key: (st_distance(st_transform(s_2518.the_geom, 25833), schw_2518.schw))
                     ->  Nested Loop  (cost=0.00..97.81 rows=1 width=84)
                           Join Filter: ((st_transform(s_2518.the_geom, 25833) && st_expand(schw_2518.schw, '300'::double precision)) AND (schw_2518.schw && st_expand(st_transform(s_2518.the_geom, 25833), '300'::double precision)) AND _st_dwithin(st_transform(s_2518.the_geom, 25833), schw_2518.schw, '300'::double precision))
                           ->  Function Scan on schw_2518  (cost=0.00..0.01 rows=1 width=32)
                           ->  Seq Scan on phoml_trajectory_tmp s_2518  (cost=0.00..95.68 rows=17 width=40)
                                 Filter: ((unix_time >= '1685451516.996'::double precision) AND (unix_time <= '1685451576.996'::double precision))
   ->  Subquery Scan on "*SELECT* 2520"  (cost=97.82..97.83 rows=1 width=76)
         ->  Limit  (cost=97.82..97.82 rows=1 width=84)
               ->  Sort  (cost=97.82..97.82 rows=1 width=84)
                     Sort Key: (st_distance(st_transform(s_2519.the_geom, 25833), schw_2519.schw))
                     ->  Nested Loop  (cost=0.00..97.81 rows=1 width=84)
                           Join Filter: ((st_transform(s_2519.the_geom, 25833) && st_expand(schw_2519.schw, '300'::double precision)) AND (schw_2519.schw && st_expand(st_transform(s_2519.the_geom, 25833), '300'::double precision)) AND _st_dwithin(st_transform(s_2519.the_geom, 25833), schw_2519.schw, '300'::double precision))
                           ->  Function Scan on schw_2519  (cost=0.00..0.01 rows=1 width=32)
                           ->  Seq Scan on phoml_trajectory_tmp s_2519  (cost=0.00..95.68 rows=17 width=40)
                                 Filter: ((unix_time >= '1685451517.583'::double precision) AND (unix_time <= '1685451577.583'::double precision))
   ->  Subquery Scan on "*SELECT* 2521"  (cost=97.82..97.83 rows=1 width=76)
         ->  Limit  (cost=97.82..97.82 rows=1 width=84)
               ->  Sort  (cost=97.82..97.82 rows=1 width=84)
                     Sort Key: (st_distance(st_transform(s_2520.the_geom, 25833), schw_2520.schw))
                     ->  Nested Loop  (cost=0.00..97.81 rows=1 width=84)
                           Join Filter: ((st_transform(s_2520.the_geom, 25833) && st_expand(schw_2520.schw, '300'::double precision)) AND (schw_2520.schw && st_expand(st_transform(s_2520.the_geom, 25833), '300'::double precision)) AND _st_dwithin(st_transform(s_2520.the_geom, 25833), schw_2520.schw, '300'::double precision))
                           ->  Function Scan on schw_2520  (cost=0.00..0.01 rows=1 width=32)
                           ->  Seq Scan on phoml_trajectory_tmp s_2520  (cost=0.00..95.68 rows=17 width=40)
                                 Filter: ((unix_time >= '1685451518.199'::double precision) AND (unix_time <= '1685451578.199'::double precision))
   ->  Subquery Scan on "*SELECT* 2522"  (cost=97.82..97.83 rows=1 width=76)
         ->  Limit  (cost=97.82..97.82 rows=1 width=84)
               ->  Sort  (cost=97.82..97.82 rows=1 width=84)
                     Sort Key: (st_distance(st_transform(s_2521.the_geom, 25833), schw_2521.schw))
                     ->  Nested Loop  (cost=0.00..97.81 rows=1 width=84)
                           Join Filter: ((st_transform(s_2521.the_geom, 25833) && st_expand(schw_2521.schw, '300'::double precision)) AND (schw_2521.schw && st_expand(st_transform(s_2521.the_geom, 25833), '300'::double precision)) AND _st_dwithin(st_transform(s_2521.the_geom, 25833), schw_2521.schw, '300'::double precision))
                           ->  Function Scan on schw_2521  (cost=0.00..0.01 rows=1 width=32)
                           ->  Seq Scan on phoml_trajectory_tmp s_2521  (cost=0.00..95.68 rows=17 width=40)
                                 Filter: ((unix_time >= '1685451518.829'::double precision) AND (unix_time <= '1685451578.829'::double precision))
   ->  Subquery Scan on "*SELECT* 2523"  (cost=97.82..97.83 rows=1 width=76)
         ->  Limit  (cost=97.82..97.82 rows=1 width=84)
               ->  Sort  (cost=97.82..97.82 rows=1 width=84)
                     Sort Key: (st_distance(st_transform(s_2522.the_geom, 25833), schw_2522.schw))
                     ->  Nested Loop  (cost=0.00..97.81 rows=1 width=84)
                           Join Filter: ((st_transform(s_2522.the_geom, 25833) && st_expand(schw_2522.schw, '300'::double precision)) AND (schw_2522.schw && st_expand(st_transform(s_2522.the_geom, 25833), '300'::double precision)) AND _st_dwithin(st_transform(s_2522.the_geom, 25833), schw_2522.schw, '300'::double precision))
                           ->  Function Scan on schw_2522  (cost=0.00..0.01 rows=1 width=32)
                           ->  Seq Scan on phoml_trajectory_tmp s_2522  (cost=0.00..95.68 rows=17 width=40)
                                 Filter: ((unix_time >= '1685451519.473'::double precision) AND (unix_time <= '1685451579.473'::double precision))
   ->  Subquery Scan on "*SELECT* 2524"  (cost=97.82..97.83 rows=1 width=76)
         ->  Limit  (cost=97.82..97.82 rows=1 width=84)
               ->  Sort  (cost=97.82..97.82 rows=1 width=84)
                     Sort Key: (st_distance(st_transform(s_2523.the_geom, 25833), schw_2523.schw))
                     ->  Nested Loop  (cost=0.00..97.81 rows=1 width=84)
                           Join Filter: ((st_transform(s_2523.the_geom, 25833) && st_expand(schw_2523.schw, '300'::double precision)) AND (schw_2523.schw && st_expand(st_transform(s_2523.the_geom, 25833), '300'::double precision)) AND _st_dwithin(st_transform(s_2523.the_geom, 25833), schw_2523.schw, '300'::double precision))
                           ->  Function Scan on schw_2523  (cost=0.00..0.01 rows=1 width=32)
                           ->  Seq Scan on phoml_trajectory_tmp s_2523  (cost=0.00..95.68 rows=17 width=40)
                                 Filter: ((unix_time >= '1685451520.136'::double precision) AND (unix_time <= '1685451580.136'::double precision))
   ->  Subquery Scan on "*SELECT* 2525"  (cost=97.82..97.83 rows=1 width=76)
         ->  Limit  (cost=97.82..97.82 rows=1 width=84)
               ->  Sort  (cost=97.82..97.82 rows=1 width=84)
                     Sort Key: (st_distance(st_transform(s_2524.the_geom, 25833), schw_2524.schw))
                     ->  Nested Loop  (cost=0.00..97.81 rows=1 width=84)
                           Join Filter: ((st_transform(s_2524.the_geom, 25833) && st_expand(schw_2524.schw, '300'::double precision)) AND (schw_2524.schw && st_expand(st_transform(s_2524.the_geom, 25833), '300'::double precision)) AND _st_dwithin(st_transform(s_2524.the_geom, 25833), schw_2524.schw, '300'::double precision))
                           ->  Function Scan on schw_2524  (cost=0.00..0.01 rows=1 width=32)
                           ->  Seq Scan on phoml_trajectory_tmp s_2524  (cost=0.00..95.68 rows=17 width=40)
                                 Filter: ((unix_time >= '1685451520.816'::double precision) AND (unix_time <= '1685451580.816'::double precision))
   ->  Subquery Scan on "*SELECT* 2526"  (cost=97.82..97.83 rows=1 width=76)
         ->  Limit  (cost=97.82..97.82 rows=1 width=84)
               ->  Sort  (cost=97.82..97.82 rows=1 width=84)
                     Sort Key: (st_distance(st_transform(s_2525.the_geom, 25833), schw_2525.schw))
                     ->  Nested Loop  (cost=0.00..97.81 rows=1 width=84)
                           Join Filter: ((st_transform(s_2525.the_geom, 25833) && st_expand(schw_2525.schw, '300'::double precision)) AND (schw_2525.schw && st_expand(st_transform(s_2525.the_geom, 25833), '300'::double precision)) AND _st_dwithin(st_transform(s_2525.the_geom, 25833), schw_2525.schw, '300'::double precision))
                           ->  Function Scan on schw_2525  (cost=0.00..0.01 rows=1 width=32)
                           ->  Seq Scan on phoml_trajectory_tmp s_2525  (cost=0.00..95.68 rows=17 width=40)
                                 Filter: ((unix_time >= '1685451521.506'::double precision) AND (unix_time <= '1685451581.506'::double precision))
   ->  Subquery Scan on "*SELECT* 2527"  (cost=97.82..97.83 rows=1 width=76)
         ->  Limit  (cost=97.82..97.82 rows=1 width=84)
               ->  Sort  (cost=97.82..97.82 rows=1 width=84)
                     Sort Key: (st_distance(st_transform(s_2526.the_geom, 25833), schw_2526.schw))
                     ->  Nested Loop  (cost=0.00..97.81 rows=1 width=84)
                           Join Filter: ((st_transform(s_2526.the_geom, 25833) && st_expand(schw_2526.schw, '300'::double precision)) AND (schw_2526.schw && st_expand(st_transform(s_2526.the_geom, 25833), '300'::double precision)) AND _st_dwithin(st_transform(s_2526.the_geom, 25833), schw_2526.schw, '300'::double precision))
                           ->  Function Scan on schw_2526  (cost=0.00..0.01 rows=1 width=32)
                           ->  Seq Scan on phoml_trajectory_tmp s_2526  (cost=0.00..95.68 rows=17 width=40)
                                 Filter: ((unix_time >= '1685451522.218'::double precision) AND (unix_time <= '1685451582.218'::double precision))
   ->  Subquery Scan on "*SELECT* 2528"  (cost=97.82..97.83 rows=1 width=76)
         ->  Limit  (cost=97.82..97.82 rows=1 width=84)
               ->  Sort  (cost=97.82..97.82 rows=1 width=84)
                     Sort Key: (st_distance(st_transform(s_2527.the_geom, 25833), schw_2527.schw))
                     ->  Nested Loop  (cost=0.00..97.81 rows=1 width=84)
                           Join Filter: ((st_transform(s_2527.the_geom, 25833) && st_expand(schw_2527.schw, '300'::double precision)) AND (schw_2527.schw && st_expand(st_transform(s_2527.the_geom, 25833), '300'::double precision)) AND _st_dwithin(st_transform(s_2527.the_geom, 25833), schw_2527.schw, '300'::double precision))
                           ->  Function Scan on schw_2527  (cost=0.00..0.01 rows=1 width=32)
                           ->  Seq Scan on phoml_trajectory_tmp s_2527  (cost=0.00..95.68 rows=17 width=40)
                                 Filter: ((unix_time >= '1685451522.958'::double precision) AND (unix_time <= '1685451582.958'::double precision))
   ->  Subquery Scan on "*SELECT* 2529"  (cost=97.82..97.83 rows=1 width=76)
         ->  Limit  (cost=97.82..97.82 rows=1 width=84)
               ->  Sort  (cost=97.82..97.82 rows=1 width=84)
                     Sort Key: (st_distance(st_transform(s_2528.the_geom, 25833), schw_2528.schw))
                     ->  Nested Loop  (cost=0.00..97.81 rows=1 width=84)
                           Join Filter: ((st_transform(s_2528.the_geom, 25833) && st_expand(schw_2528.schw, '300'::double precision)) AND (schw_2528.schw && st_expand(st_transform(s_2528.the_geom, 25833), '300'::double precision)) AND _st_dwithin(st_transform(s_2528.the_geom, 25833), schw_2528.schw, '300'::double precision))
                           ->  Function Scan on schw_2528  (cost=0.00..0.01 rows=1 width=32)
                           ->  Seq Scan on phoml_trajectory_tmp s_2528  (cost=0.00..95.68 rows=17 width=40)
                                 Filter: ((unix_time >= '1685451523.662'::double precision) AND (unix_time <= '1685451583.662'::double precision))
   ->  Subquery Scan on "*SELECT* 2530"  (cost=97.82..97.83 rows=1 width=76)
         ->  Limit  (cost=97.82..97.82 rows=1 width=84)
               ->  Sort  (cost=97.82..97.82 rows=1 width=84)
                     Sort Key: (st_distance(st_transform(s_2529.the_geom, 25833), schw_2529.schw))
                     ->  Nested Loop  (cost=0.00..97.81 rows=1 width=84)
                           Join Filter: ((st_transform(s_2529.the_geom, 25833) && st_expand(schw_2529.schw, '300'::double precision)) AND (schw_2529.schw && st_expand(st_transform(s_2529.the_geom, 25833), '300'::double precision)) AND _st_dwithin(st_transform(s_2529.the_geom, 25833), schw_2529.schw, '300'::double precision))
                           ->  Function Scan on schw_2529  (cost=0.00..0.01 rows=1 width=32)
                           ->  Seq Scan on phoml_trajectory_tmp s_2529  (cost=0.00..95.68 rows=17 width=40)
                                 Filter: ((unix_time >= '1685451524.323'::double precision) AND (unix_time <= '1685451584.323'::double precision))
   ->  Subquery Scan on "*SELECT* 2531"  (cost=97.82..97.83 rows=1 width=76)
         ->  Limit  (cost=97.82..97.82 rows=1 width=84)
               ->  Sort  (cost=97.82..97.82 rows=1 width=84)
                     Sort Key: (st_distance(st_transform(s_2530.the_geom, 25833), schw_2530.schw))
                     ->  Nested Loop  (cost=0.00..97.81 rows=1 width=84)
                           Join Filter: ((st_transform(s_2530.the_geom, 25833) && st_expand(schw_2530.schw, '300'::double precision)) AND (schw_2530.schw && st_expand(st_transform(s_2530.the_geom, 25833), '300'::double precision)) AND _st_dwithin(st_transform(s_2530.the_geom, 25833), schw_2530.schw, '300'::double precision))
                           ->  Function Scan on schw_2530  (cost=0.00..0.01 rows=1 width=32)
                           ->  Seq Scan on phoml_trajectory_tmp s_2530  (cost=0.00..95.68 rows=17 width=40)
                                 Filter: ((unix_time >= '1685451524.953'::double precision) AND (unix_time <= '1685451584.953'::double precision))
   ->  Subquery Scan on "*SELECT* 2532"  (cost=97.82..97.83 rows=1 width=76)
         ->  Limit  (cost=97.82..97.82 rows=1 width=84)
               ->  Sort  (cost=97.82..97.82 rows=1 width=84)
                     Sort Key: (st_distance(st_transform(s_2531.the_geom, 25833), schw_2531.schw))
                     ->  Nested Loop  (cost=0.00..97.81 rows=1 width=84)
                           Join Filter: ((st_transform(s_2531.the_geom, 25833) && st_expand(schw_2531.schw, '300'::double precision)) AND (schw_2531.schw && st_expand(st_transform(s_2531.the_geom, 25833), '300'::double precision)) AND _st_dwithin(st_transform(s_2531.the_geom, 25833), schw_2531.schw, '300'::double precision))
                           ->  Function Scan on schw_2531  (cost=0.00..0.01 rows=1 width=32)
                           ->  Seq Scan on phoml_trajectory_tmp s_2531  (cost=0.00..95.68 rows=17 width=40)
                                 Filter: ((unix_time >= '1685451525.534'::double precision) AND (unix_time <= '1685451585.534'::double precision))
   ->  Subquery Scan on "*SELECT* 2533"  (cost=97.82..97.83 rows=1 width=76)
         ->  Limit  (cost=97.82..97.82 rows=1 width=84)
               ->  Sort  (cost=97.82..97.82 rows=1 width=84)
                     Sort Key: (st_distance(st_transform(s_2532.the_geom, 25833), schw_2532.schw))
                     ->  Nested Loop  (cost=0.00..97.81 rows=1 width=84)
                           Join Filter: ((st_transform(s_2532.the_geom, 25833) && st_expand(schw_2532.schw, '300'::double precision)) AND (schw_2532.schw && st_expand(st_transform(s_2532.the_geom, 25833), '300'::double precision)) AND _st_dwithin(st_transform(s_2532.the_geom, 25833), schw_2532.schw, '300'::double precision))
                           ->  Function Scan on schw_2532  (cost=0.00..0.01 rows=1 width=32)
                           ->  Seq Scan on phoml_trajectory_tmp s_2532  (cost=0.00..95.68 rows=17 width=40)
                                 Filter: ((unix_time >= '1685451526.114'::double precision) AND (unix_time <= '1685451586.114'::double precision))
   ->  Subquery Scan on "*SELECT* 2534"  (cost=97.82..97.83 rows=1 width=76)
         ->  Limit  (cost=97.82..97.82 rows=1 width=84)
               ->  Sort  (cost=97.82..97.82 rows=1 width=84)
                     Sort Key: (st_distance(st_transform(s_2533.the_geom, 25833), schw_2533.schw))
                     ->  Nested Loop  (cost=0.00..97.81 rows=1 width=84)
                           Join Filter: ((st_transform(s_2533.the_geom, 25833) && st_expand(schw_2533.schw, '300'::double precision)) AND (schw_2533.schw && st_expand(st_transform(s_2533.the_geom, 25833), '300'::double precision)) AND _st_dwithin(st_transform(s_2533.the_geom, 25833), schw_2533.schw, '300'::double precision))
                           ->  Function Scan on schw_2533  (cost=0.00..0.01 rows=1 width=32)
                           ->  Seq Scan on phoml_trajectory_tmp s_2533  (cost=0.00..95.68 rows=17 width=40)
                                 Filter: ((unix_time >= '1685451526.656'::double precision) AND (unix_time <= '1685451586.656'::double precision))
   ->  Subquery Scan on "*SELECT* 2535"  (cost=97.82..97.83 rows=1 width=76)
         ->  Limit  (cost=97.82..97.82 rows=1 width=84)
               ->  Sort  (cost=97.82..97.82 rows=1 width=84)
                     Sort Key: (st_distance(st_transform(s_2534.the_geom, 25833), schw_2534.schw))
                     ->  Nested Loop  (cost=0.00..97.81 rows=1 width=84)
                           Join Filter: ((st_transform(s_2534.the_geom, 25833) && st_expand(schw_2534.schw, '300'::double precision)) AND (schw_2534.schw && st_expand(st_transform(s_2534.the_geom, 25833), '300'::double precision)) AND _st_dwithin(st_transform(s_2534.the_geom, 25833), schw_2534.schw, '300'::double precision))
                           ->  Function Scan on schw_2534  (cost=0.00..0.01 rows=1 width=32)
                           ->  Seq Scan on phoml_trajectory_tmp s_2534  (cost=0.00..95.68 rows=17 width=40)
                                 Filter: ((unix_time >= '1685451527.195'::double precision) AND (unix_time <= '1685451587.195'::double precision))
   ->  Subquery Scan on "*SELECT* 2536"  (cost=97.82..97.83 rows=1 width=76)
         ->  Limit  (cost=97.82..97.82 rows=1 width=84)
               ->  Sort  (cost=97.82..97.82 rows=1 width=84)
                     Sort Key: (st_distance(st_transform(s_2535.the_geom, 25833), schw_2535.schw))
                     ->  Nested Loop  (cost=0.00..97.81 rows=1 width=84)
                           Join Filter: ((st_transform(s_2535.the_geom, 25833) && st_expand(schw_2535.schw, '300'::double precision)) AND (schw_2535.schw && st_expand(st_transform(s_2535.the_geom, 25833), '300'::double precision)) AND _st_dwithin(st_transform(s_2535.the_geom, 25833), schw_2535.schw, '300'::double precision))
                           ->  Function Scan on schw_2535  (cost=0.00..0.01 rows=1 width=32)
                           ->  Seq Scan on phoml_trajectory_tmp s_2535  (cost=0.00..95.68 rows=17 width=40)
                                 Filter: ((unix_time >= '1685451527.695'::double precision) AND (unix_time <= '1685451587.695'::double precision))
   ->  Subquery Scan on "*SELECT* 2537"  (cost=97.82..97.83 rows=1 width=76)
         ->  Limit  (cost=97.82..97.82 rows=1 width=84)
               ->  Sort  (cost=97.82..97.82 rows=1 width=84)
                     Sort Key: (st_distance(st_transform(s_2536.the_geom, 25833), schw_2536.schw))
                     ->  Nested Loop  (cost=0.00..97.81 rows=1 width=84)
                           Join Filter: ((st_transform(s_2536.the_geom, 25833) && st_expand(schw_2536.schw, '300'::double precision)) AND (schw_2536.schw && st_expand(st_transform(s_2536.the_geom, 25833), '300'::double precision)) AND _st_dwithin(st_transform(s_2536.the_geom, 25833), schw_2536.schw, '300'::double precision))
                           ->  Function Scan on schw_2536  (cost=0.00..0.01 rows=1 width=32)
                           ->  Seq Scan on phoml_trajectory_tmp s_2536  (cost=0.00..95.68 rows=17 width=40)
                                 Filter: ((unix_time >= '1685451528.192'::double precision) AND (unix_time <= '1685451588.192'::double precision))
   ->  Subquery Scan on "*SELECT* 2538"  (cost=97.82..97.83 rows=1 width=76)
         ->  Limit  (cost=97.82..97.82 rows=1 width=84)
               ->  Sort  (cost=97.82..97.82 rows=1 width=84)
                     Sort Key: (st_distance(st_transform(s_2537.the_geom, 25833), schw_2537.schw))
                     ->  Nested Loop  (cost=0.00..97.81 rows=1 width=84)
                           Join Filter: ((st_transform(s_2537.the_geom, 25833) && st_expand(schw_2537.schw, '300'::double precision)) AND (schw_2537.schw && st_expand(st_transform(s_2537.the_geom, 25833), '300'::double precision)) AND _st_dwithin(st_transform(s_2537.the_geom, 25833), schw_2537.schw, '300'::double precision))
                           ->  Function Scan on schw_2537  (cost=0.00..0.01 rows=1 width=32)
                           ->  Seq Scan on phoml_trajectory_tmp s_2537  (cost=0.00..95.68 rows=17 width=40)
                                 Filter: ((unix_time >= '1685451528.672'::double precision) AND (unix_time <= '1685451588.672'::double precision))
   ->  Subquery Scan on "*SELECT* 2539"  (cost=97.82..97.83 rows=1 width=76)
         ->  Limit  (cost=97.82..97.82 rows=1 width=84)
               ->  Sort  (cost=97.82..97.82 rows=1 width=84)
                     Sort Key: (st_distance(st_transform(s_2538.the_geom, 25833), schw_2538.schw))
                     ->  Nested Loop  (cost=0.00..97.81 rows=1 width=84)
                           Join Filter: ((st_transform(s_2538.the_geom, 25833) && st_expand(schw_2538.schw, '300'::double precision)) AND (schw_2538.schw && st_expand(st_transform(s_2538.the_geom, 25833), '300'::double precision)) AND _st_dwithin(st_transform(s_2538.the_geom, 25833), schw_2538.schw, '300'::double precision))
                           ->  Function Scan on schw_2538  (cost=0.00..0.01 rows=1 width=32)
                           ->  Seq Scan on phoml_trajectory_tmp s_2538  (cost=0.00..95.68 rows=17 width=40)
                                 Filter: ((unix_time >= '1685451529.139'::double precision) AND (unix_time <= '1685451589.139'::double precision))
   ->  Subquery Scan on "*SELECT* 2540"  (cost=97.82..97.83 rows=1 width=76)
         ->  Limit  (cost=97.82..97.82 rows=1 width=84)
               ->  Sort  (cost=97.82..97.82 rows=1 width=84)
                     Sort Key: (st_distance(st_transform(s_2539.the_geom, 25833), schw_2539.schw))
                     ->  Nested Loop  (cost=0.00..97.81 rows=1 width=84)
                           Join Filter: ((st_transform(s_2539.the_geom, 25833) && st_expand(schw_2539.schw, '300'::double precision)) AND (schw_2539.schw && st_expand(st_transform(s_2539.the_geom, 25833), '300'::double precision)) AND _st_dwithin(st_transform(s_2539.the_geom, 25833), schw_2539.schw, '300'::double precision))
                           ->  Function Scan on schw_2539  (cost=0.00..0.01 rows=1 width=32)
                           ->  Seq Scan on phoml_trajectory_tmp s_2539  (cost=0.00..95.68 rows=17 width=40)
                                 Filter: ((unix_time >= '1685451529.599'::double precision) AND (unix_time <= '1685451589.599'::double precision))
   ->  Subquery Scan on "*SELECT* 2541"  (cost=97.82..97.83 rows=1 width=76)
         ->  Limit  (cost=97.82..97.82 rows=1 width=84)
               ->  Sort  (cost=97.82..97.82 rows=1 width=84)
                     Sort Key: (st_distance(st_transform(s_2540.the_geom, 25833), schw_2540.schw))
                     ->  Nested Loop  (cost=0.00..97.81 rows=1 width=84)
                           Join Filter: ((st_transform(s_2540.the_geom, 25833) && st_expand(schw_2540.schw, '300'::double precision)) AND (schw_2540.schw && st_expand(st_transform(s_2540.the_geom, 25833), '300'::double precision)) AND _st_dwithin(st_transform(s_2540.the_geom, 25833), schw_2540.schw, '300'::double precision))
                           ->  Function Scan on schw_2540  (cost=0.00..0.01 rows=1 width=32)
                           ->  Seq Scan on phoml_trajectory_tmp s_2540  (cost=0.00..95.68 rows=17 width=40)
                                 Filter: ((unix_time >= '1685451530.049'::double precision) AND (unix_time <= '1685451590.049'::double precision))
   ->  Subquery Scan on "*SELECT* 2542"  (cost=97.82..97.83 rows=1 width=76)
         ->  Limit  (cost=97.82..97.82 rows=1 width=84)
               ->  Sort  (cost=97.82..97.82 rows=1 width=84)
                     Sort Key: (st_distance(st_transform(s_2541.the_geom, 25833), schw_2541.schw))
                     ->  Nested Loop  (cost=0.00..97.81 rows=1 width=84)
                           Join Filter: ((st_transform(s_2541.the_geom, 25833) && st_expand(schw_2541.schw, '300'::double precision)) AND (schw_2541.schw && st_expand(st_transform(s_2541.the_geom, 25833), '300'::double precision)) AND _st_dwithin(st_transform(s_2541.the_geom, 25833), schw_2541.schw, '300'::double precision))
                           ->  Function Scan on schw_2541  (cost=0.00..0.01 rows=1 width=32)
                           ->  Seq Scan on phoml_trajectory_tmp s_2541  (cost=0.00..95.68 rows=17 width=40)
                                 Filter: ((unix_time >= '1685451530.477'::double precision) AND (unix_time <= '1685451590.477'::double precision))
   ->  Subquery Scan on "*SELECT* 2543"  (cost=97.82..97.83 rows=1 width=76)
         ->  Limit  (cost=97.82..97.82 rows=1 width=84)
               ->  Sort  (cost=97.82..97.82 rows=1 width=84)
                     Sort Key: (st_distance(st_transform(s_2542.the_geom, 25833), schw_2542.schw))
                     ->  Nested Loop  (cost=0.00..97.81 rows=1 width=84)
                           Join Filter: ((st_transform(s_2542.the_geom, 25833) && st_expand(schw_2542.schw, '300'::double precision)) AND (schw_2542.schw && st_expand(st_transform(s_2542.the_geom, 25833), '300'::double precision)) AND _st_dwithin(st_transform(s_2542.the_geom, 25833), schw_2542.schw, '300'::double precision))
                           ->  Function Scan on schw_2542  (cost=0.00..0.01 rows=1 width=32)
                           ->  Seq Scan on phoml_trajectory_tmp s_2542  (cost=0.00..95.68 rows=17 width=40)
                                 Filter: ((unix_time >= '1685451530.897'::double precision) AND (unix_time <= '1685451590.897'::double precision))
   ->  Subquery Scan on "*SELECT* 2544"  (cost=97.82..97.83 rows=1 width=76)
         ->  Limit  (cost=97.82..97.82 rows=1 width=84)
               ->  Sort  (cost=97.82..97.82 rows=1 width=84)
                     Sort Key: (st_distance(st_transform(s_2543.the_geom, 25833), schw_2543.schw))
                     ->  Nested Loop  (cost=0.00..97.81 rows=1 width=84)
                           Join Filter: ((st_transform(s_2543.the_geom, 25833) && st_expand(schw_2543.schw, '300'::double precision)) AND (schw_2543.schw && st_expand(st_transform(s_2543.the_geom, 25833), '300'::double precision)) AND _st_dwithin(st_transform(s_2543.the_geom, 25833), schw_2543.schw, '300'::double precision))
                           ->  Function Scan on schw_2543  (cost=0.00..0.01 rows=1 width=32)
                           ->  Seq Scan on phoml_trajectory_tmp s_2543  (cost=0.00..95.68 rows=17 width=40)
                                 Filter: ((unix_time >= '1685451531.302'::double precision) AND (unix_time <= '1685451591.302'::double precision))
   ->  Subquery Scan on "*SELECT* 2545"  (cost=97.82..97.83 rows=1 width=76)
         ->  Limit  (cost=97.82..97.82 rows=1 width=84)
               ->  Sort  (cost=97.82..97.82 rows=1 width=84)
                     Sort Key: (st_distance(st_transform(s_2544.the_geom, 25833), schw_2544.schw))
                     ->  Nested Loop  (cost=0.00..97.81 rows=1 width=84)
                           Join Filter: ((st_transform(s_2544.the_geom, 25833) && st_expand(schw_2544.schw, '300'::double precision)) AND (schw_2544.schw && st_expand(st_transform(s_2544.the_geom, 25833), '300'::double precision)) AND _st_dwithin(st_transform(s_2544.the_geom, 25833), schw_2544.schw, '300'::double precision))
                           ->  Function Scan on schw_2544  (cost=0.00..0.01 rows=1 width=32)
                           ->  Seq Scan on phoml_trajectory_tmp s_2544  (cost=0.00..95.68 rows=17 width=40)
                                 Filter: ((unix_time >= '1685451531.702'::double precision) AND (unix_time <= '1685451591.702'::double precision))
   ->  Subquery Scan on "*SELECT* 2546"  (cost=97.82..97.83 rows=1 width=76)
         ->  Limit  (cost=97.82..97.82 rows=1 width=84)
               ->  Sort  (cost=97.82..97.82 rows=1 width=84)
                     Sort Key: (st_distance(st_transform(s_2545.the_geom, 25833), schw_2545.schw))
                     ->  Nested Loop  (cost=0.00..97.81 rows=1 width=84)
                           Join Filter: ((st_transform(s_2545.the_geom, 25833) && st_expand(schw_2545.schw, '300'::double precision)) AND (schw_2545.schw && st_expand(st_transform(s_2545.the_geom, 25833), '300'::double precision)) AND _st_dwithin(st_transform(s_2545.the_geom, 25833), schw_2545.schw, '300'::double precision))
                           ->  Function Scan on schw_2545  (cost=0.00..0.01 rows=1 width=32)
                           ->  Seq Scan on phoml_trajectory_tmp s_2545  (cost=0.00..95.68 rows=17 width=40)
                                 Filter: ((unix_time >= '1685451532.092'::double precision) AND (unix_time <= '1685451592.092'::double precision))
   ->  Subquery Scan on "*SELECT* 2547"  (cost=97.82..97.83 rows=1 width=76)
         ->  Limit  (cost=97.82..97.82 rows=1 width=84)
               ->  Sort  (cost=97.82..97.82 rows=1 width=84)
                     Sort Key: (st_distance(st_transform(s_2546.the_geom, 25833), schw_2546.schw))
                     ->  Nested Loop  (cost=0.00..97.81 rows=1 width=84)
                           Join Filter: ((st_transform(s_2546.the_geom, 25833) && st_expand(schw_2546.schw, '300'::double precision)) AND (schw_2546.schw && st_expand(st_transform(s_2546.the_geom, 25833), '300'::double precision)) AND _st_dwithin(st_transform(s_2546.the_geom, 25833), schw_2546.schw, '300'::double precision))
                           ->  Function Scan on schw_2546  (cost=0.00..0.01 rows=1 width=32)
                           ->  Seq Scan on phoml_trajectory_tmp s_2546  (cost=0.00..95.68 rows=17 width=40)
                                 Filter: ((unix_time >= '1685451532.463'::double precision) AND (unix_time <= '1685451592.463'::double precision))
   ->  Subquery Scan on "*SELECT* 2548"  (cost=97.82..97.83 rows=1 width=76)
         ->  Limit  (cost=97.82..97.82 rows=1 width=84)
               ->  Sort  (cost=97.82..97.82 rows=1 width=84)
                     Sort Key: (st_distance(st_transform(s_2547.the_geom, 25833), schw_2547.schw))
                     ->  Nested Loop  (cost=0.00..97.81 rows=1 width=84)
                           Join Filter: ((st_transform(s_2547.the_geom, 25833) && st_expand(schw_2547.schw, '300'::double precision)) AND (schw_2547.schw && st_expand(st_transform(s_2547.the_geom, 25833), '300'::double precision)) AND _st_dwithin(st_transform(s_2547.the_geom, 25833), schw_2547.schw, '300'::double precision))
                           ->  Function Scan on schw_2547  (cost=0.00..0.01 rows=1 width=32)
                           ->  Seq Scan on phoml_trajectory_tmp s_2547  (cost=0.00..95.68 rows=17 width=40)
                                 Filter: ((unix_time >= '1685451532.833'::double precision) AND (unix_time <= '1685451592.833'::double precision))
   ->  Subquery Scan on "*SELECT* 2549"  (cost=97.82..97.83 rows=1 width=76)
         ->  Limit  (cost=97.82..97.82 rows=1 width=84)
               ->  Sort  (cost=97.82..97.82 rows=1 width=84)
                     Sort Key: (st_distance(st_transform(s_2548.the_geom, 25833), schw_2548.schw))
                     ->  Nested Loop  (cost=0.00..97.81 rows=1 width=84)
                           Join Filter: ((st_transform(s_2548.the_geom, 25833) && st_expand(schw_2548.schw, '300'::double precision)) AND (schw_2548.schw && st_expand(st_transform(s_2548.the_geom, 25833), '300'::double precision)) AND _st_dwithin(st_transform(s_2548.the_geom, 25833), schw_2548.schw, '300'::double precision))
                           ->  Function Scan on schw_2548  (cost=0.00..0.01 rows=1 width=32)
                           ->  Seq Scan on phoml_trajectory_tmp s_2548  (cost=0.00..95.68 rows=17 width=40)
                                 Filter: ((unix_time >= '1685451533.204'::double precision) AND (unix_time <= '1685451593.204'::double precision))
   ->  Subquery Scan on "*SELECT* 2550"  (cost=97.82..97.83 rows=1 width=76)
         ->  Limit  (cost=97.82..97.82 rows=1 width=84)
               ->  Sort  (cost=97.82..97.82 rows=1 width=84)
                     Sort Key: (st_distance(st_transform(s_2549.the_geom, 25833), schw_2549.schw))
                     ->  Nested Loop  (cost=0.00..97.81 rows=1 width=84)
                           Join Filter: ((st_transform(s_2549.the_geom, 25833) && st_expand(schw_2549.schw, '300'::double precision)) AND (schw_2549.schw && st_expand(st_transform(s_2549.the_geom, 25833), '300'::double precision)) AND _st_dwithin(st_transform(s_2549.the_geom, 25833), schw_2549.schw, '300'::double precision))
                           ->  Function Scan on schw_2549  (cost=0.00..0.01 rows=1 width=32)
                           ->  Seq Scan on phoml_trajectory_tmp s_2549  (cost=0.00..95.68 rows=17 width=40)
                                 Filter: ((unix_time >= '1685451533.534'::double precision) AND (unix_time <= '1685451593.534'::double precision))
   ->  Subquery Scan on "*SELECT* 2551"  (cost=97.82..97.83 rows=1 width=76)
         ->  Limit  (cost=97.82..97.82 rows=1 width=84)
               ->  Sort  (cost=97.82..97.82 rows=1 width=84)
                     Sort Key: (st_distance(st_transform(s_2550.the_geom, 25833), schw_2550.schw))
                     ->  Nested Loop  (cost=0.00..97.81 rows=1 width=84)
                           Join Filter: ((st_transform(s_2550.the_geom, 25833) && st_expand(schw_2550.schw, '300'::double precision)) AND (schw_2550.schw && st_expand(st_transform(s_2550.the_geom, 25833), '300'::double precision)) AND _st_dwithin(st_transform(s_2550.the_geom, 25833), schw_2550.schw, '300'::double precision))
                           ->  Function Scan on schw_2550  (cost=0.00..0.01 rows=1 width=32)
                           ->  Seq Scan on phoml_trajectory_tmp s_2550  (cost=0.00..95.68 rows=17 width=40)
                                 Filter: ((unix_time >= '1685451533.884'::double precision) AND (unix_time <= '1685451593.884'::double precision))
   ->  Subquery Scan on "*SELECT* 2552"  (cost=97.82..97.83 rows=1 width=76)
         ->  Limit  (cost=97.82..97.82 rows=1 width=84)
               ->  Sort  (cost=97.82..97.82 rows=1 width=84)
                     Sort Key: (st_distance(st_transform(s_2551.the_geom, 25833), schw_2551.schw))
                     ->  Nested Loop  (cost=0.00..97.81 rows=1 width=84)
                           Join Filter: ((st_transform(s_2551.the_geom, 25833) && st_expand(schw_2551.schw, '300'::double precision)) AND (schw_2551.schw && st_expand(st_transform(s_2551.the_geom, 25833), '300'::double precision)) AND _st_dwithin(st_transform(s_2551.the_geom, 25833), schw_2551.schw, '300'::double precision))
                           ->  Function Scan on schw_2551  (cost=0.00..0.01 rows=1 width=32)
                           ->  Seq Scan on phoml_trajectory_tmp s_2551  (cost=0.00..95.68 rows=17 width=40)
                                 Filter: ((unix_time >= '1685451534.231'::double precision) AND (unix_time <= '1685451594.231'::double precision))
   ->  Subquery Scan on "*SELECT* 2553"  (cost=97.82..97.83 rows=1 width=76)
         ->  Limit  (cost=97.82..97.82 rows=1 width=84)
               ->  Sort  (cost=97.82..97.82 rows=1 width=84)
                     Sort Key: (st_distance(st_transform(s_2552.the_geom, 25833), schw_2552.schw))
                     ->  Nested Loop  (cost=0.00..97.81 rows=1 width=84)
                           Join Filter: ((st_transform(s_2552.the_geom, 25833) && st_expand(schw_2552.schw, '300'::double precision)) AND (schw_2552.schw && st_expand(st_transform(s_2552.the_geom, 25833), '300'::double precision)) AND _st_dwithin(st_transform(s_2552.the_geom, 25833), schw_2552.schw, '300'::double precision))
                           ->  Function Scan on schw_2552  (cost=0.00..0.01 rows=1 width=32)
                           ->  Seq Scan on phoml_trajectory_tmp s_2552  (cost=0.00..95.68 rows=17 width=40)
                                 Filter: ((unix_time >= '1685451534.561'::double precision) AND (unix_time <= '1685451594.561'::double precision))
   ->  Subquery Scan on "*SELECT* 2554"  (cost=97.82..97.83 rows=1 width=76)
         ->  Limit  (cost=97.82..97.82 rows=1 width=84)
               ->  Sort  (cost=97.82..97.82 rows=1 width=84)
                     Sort Key: (st_distance(st_transform(s_2553.the_geom, 25833), schw_2553.schw))
                     ->  Nested Loop  (cost=0.00..97.81 rows=1 width=84)
                           Join Filter: ((st_transform(s_2553.the_geom, 25833) && st_expand(schw_2553.schw, '300'::double precision)) AND (schw_2553.schw && st_expand(st_transform(s_2553.the_geom, 25833), '300'::double precision)) AND _st_dwithin(st_transform(s_2553.the_geom, 25833), schw_2553.schw, '300'::double precision))
                           ->  Function Scan on schw_2553  (cost=0.00..0.01 rows=1 width=32)
                           ->  Seq Scan on phoml_trajectory_tmp s_2553  (cost=0.00..95.68 rows=17 width=40)
                                 Filter: ((unix_time >= '1685451534.901'::double precision) AND (unix_time <= '1685451594.901'::double precision))
   ->  Subquery Scan on "*SELECT* 2555"  (cost=97.82..97.83 rows=1 width=76)
         ->  Limit  (cost=97.82..97.82 rows=1 width=84)
               ->  Sort  (cost=97.82..97.82 rows=1 width=84)
                     Sort Key: (st_distance(st_transform(s_2554.the_geom, 25833), schw_2554.schw))
                     ->  Nested Loop  (cost=0.00..97.81 rows=1 width=84)
                           Join Filter: ((st_transform(s_2554.the_geom, 25833) && st_expand(schw_2554.schw, '300'::double precision)) AND (schw_2554.schw && st_expand(st_transform(s_2554.the_geom, 25833), '300'::double precision)) AND _st_dwithin(st_transform(s_2554.the_geom, 25833), schw_2554.schw, '300'::double precision))
                           ->  Function Scan on schw_2554  (cost=0.00..0.01 rows=1 width=32)
                           ->  Seq Scan on phoml_trajectory_tmp s_2554  (cost=0.00..95.68 rows=17 width=40)
                                 Filter: ((unix_time >= '1685451535.224'::double precision) AND (unix_time <= '1685451595.224'::double precision))
   ->  Subquery Scan on "*SELECT* 2556"  (cost=97.82..97.83 rows=1 width=76)
         ->  Limit  (cost=97.82..97.82 rows=1 width=84)
               ->  Sort  (cost=97.82..97.82 rows=1 width=84)
                     Sort Key: (st_distance(st_transform(s_2555.the_geom, 25833), schw_2555.schw))
                     ->  Nested Loop  (cost=0.00..97.81 rows=1 width=84)
                           Join Filter: ((st_transform(s_2555.the_geom, 25833) && st_expand(schw_2555.schw, '300'::double precision)) AND (schw_2555.schw && st_expand(st_transform(s_2555.the_geom, 25833), '300'::double precision)) AND _st_dwithin(st_transform(s_2555.the_geom, 25833), schw_2555.schw, '300'::double precision))
                           ->  Function Scan on schw_2555  (cost=0.00..0.01 rows=1 width=32)
                           ->  Seq Scan on phoml_trajectory_tmp s_2555  (cost=0.00..95.68 rows=17 width=40)
                                 Filter: ((unix_time >= '1685451535.564'::double precision) AND (unix_time <= '1685451595.564'::double precision))
   ->  Subquery Scan on "*SELECT* 2557"  (cost=97.82..97.83 rows=1 width=76)
         ->  Limit  (cost=97.82..97.82 rows=1 width=84)
               ->  Sort  (cost=97.82..97.82 rows=1 width=84)
                     Sort Key: (st_distance(st_transform(s_2556.the_geom, 25833), schw_2556.schw))
                     ->  Nested Loop  (cost=0.00..97.81 rows=1 width=84)
                           Join Filter: ((st_transform(s_2556.the_geom, 25833) && st_expand(schw_2556.schw, '300'::double precision)) AND (schw_2556.schw && st_expand(st_transform(s_2556.the_geom, 25833), '300'::double precision)) AND _st_dwithin(st_transform(s_2556.the_geom, 25833), schw_2556.schw, '300'::double precision))
                           ->  Function Scan on schw_2556  (cost=0.00..0.01 rows=1 width=32)
                           ->  Seq Scan on phoml_trajectory_tmp s_2556  (cost=0.00..95.68 rows=17 width=40)
                                 Filter: ((unix_time >= '1685451535.894'::double precision) AND (unix_time <= '1685451595.894'::double precision))
   ->  Subquery Scan on "*SELECT* 2558"  (cost=97.82..97.83 rows=1 width=76)
         ->  Limit  (cost=97.82..97.82 rows=1 width=84)
               ->  Sort  (cost=97.82..97.82 rows=1 width=84)
                     Sort Key: (st_distance(st_transform(s_2557.the_geom, 25833), schw_2557.schw))
                     ->  Nested Loop  (cost=0.00..97.81 rows=1 width=84)
                           Join Filter: ((st_transform(s_2557.the_geom, 25833) && st_expand(schw_2557.schw, '300'::double precision)) AND (schw_2557.schw && st_expand(st_transform(s_2557.the_geom, 25833), '300'::double precision)) AND _st_dwithin(st_transform(s_2557.the_geom, 25833), schw_2557.schw, '300'::double precision))
                           ->  Function Scan on schw_2557  (cost=0.00..0.01 rows=1 width=32)
                           ->  Seq Scan on phoml_trajectory_tmp s_2557  (cost=0.00..95.68 rows=17 width=40)
                                 Filter: ((unix_time >= '1685451536.227'::double precision) AND (unix_time <= '1685451596.227'::double precision))
   ->  Subquery Scan on "*SELECT* 2559"  (cost=97.82..97.83 rows=1 width=76)
         ->  Limit  (cost=97.82..97.82 rows=1 width=84)
               ->  Sort  (cost=97.82..97.82 rows=1 width=84)
                     Sort Key: (st_distance(st_transform(s_2558.the_geom, 25833), schw_2558.schw))
                     ->  Nested Loop  (cost=0.00..97.81 rows=1 width=84)
                           Join Filter: ((st_transform(s_2558.the_geom, 25833) && st_expand(schw_2558.schw, '300'::double precision)) AND (schw_2558.schw && st_expand(st_transform(s_2558.the_geom, 25833), '300'::double precision)) AND _st_dwithin(st_transform(s_2558.the_geom, 25833), schw_2558.schw, '300'::double precision))
                           ->  Function Scan on schw_2558  (cost=0.00..0.01 rows=1 width=32)
                           ->  Seq Scan on phoml_trajectory_tmp s_2558  (cost=0.00..95.68 rows=17 width=40)
                                 Filter: ((unix_time >= '1685451536.557'::double precision) AND (unix_time <= '1685451596.557'::double precision))
   ->  Subquery Scan on "*SELECT* 2560"  (cost=97.82..97.83 rows=1 width=76)
         ->  Limit  (cost=97.82..97.82 rows=1 width=84)
               ->  Sort  (cost=97.82..97.82 rows=1 width=84)
                     Sort Key: (st_distance(st_transform(s_2559.the_geom, 25833), schw_2559.schw))
                     ->  Nested Loop  (cost=0.00..97.81 rows=1 width=84)
                           Join Filter: ((st_transform(s_2559.the_geom, 25833) && st_expand(schw_2559.schw, '300'::double precision)) AND (schw_2559.schw && st_expand(st_transform(s_2559.the_geom, 25833), '300'::double precision)) AND _st_dwithin(st_transform(s_2559.the_geom, 25833), schw_2559.schw, '300'::double precision))
                           ->  Function Scan on schw_2559  (cost=0.00..0.01 rows=1 width=32)
                           ->  Seq Scan on phoml_trajectory_tmp s_2559  (cost=0.00..95.68 rows=17 width=40)
                                 Filter: ((unix_time >= '1685451536.867'::double precision) AND (unix_time <= '1685451596.867'::double precision))
   ->  Subquery Scan on "*SELECT* 2561"  (cost=97.82..97.83 rows=1 width=76)
         ->  Limit  (cost=97.82..97.82 rows=1 width=84)
               ->  Sort  (cost=97.82..97.82 rows=1 width=84)
                     Sort Key: (st_distance(st_transform(s_2560.the_geom, 25833), schw_2560.schw))
                     ->  Nested Loop  (cost=0.00..97.81 rows=1 width=84)
                           Join Filter: ((st_transform(s_2560.the_geom, 25833) && st_expand(schw_2560.schw, '300'::double precision)) AND (schw_2560.schw && st_expand(st_transform(s_2560.the_geom, 25833), '300'::double precision)) AND _st_dwithin(st_transform(s_2560.the_geom, 25833), schw_2560.schw, '300'::double precision))
                           ->  Function Scan on schw_2560  (cost=0.00..0.01 rows=1 width=32)
                           ->  Seq Scan on phoml_trajectory_tmp s_2560  (cost=0.00..95.68 rows=17 width=40)
                                 Filter: ((unix_time >= '1685451537.213'::double precision) AND (unix_time <= '1685451597.213'::double precision))
   ->  Subquery Scan on "*SELECT* 2562"  (cost=97.82..97.83 rows=1 width=76)
         ->  Limit  (cost=97.82..97.82 rows=1 width=84)
               ->  Sort  (cost=97.82..97.82 rows=1 width=84)
                     Sort Key: (st_distance(st_transform(s_2561.the_geom, 25833), schw_2561.schw))
                     ->  Nested Loop  (cost=0.00..97.81 rows=1 width=84)
                           Join Filter: ((st_transform(s_2561.the_geom, 25833) && st_expand(schw_2561.schw, '300'::double precision)) AND (schw_2561.schw && st_expand(st_transform(s_2561.the_geom, 25833), '300'::double precision)) AND _st_dwithin(st_transform(s_2561.the_geom, 25833), schw_2561.schw, '300'::double precision))
                           ->  Function Scan on schw_2561  (cost=0.00..0.01 rows=1 width=32)
                           ->  Seq Scan on phoml_trajectory_tmp s_2561  (cost=0.00..95.68 rows=17 width=40)
                                 Filter: ((unix_time >= '1685451537.543'::double precision) AND (unix_time <= '1685451597.543'::double precision))
   ->  Subquery Scan on "*SELECT* 2563"  (cost=97.82..97.83 rows=1 width=76)
         ->  Limit  (cost=97.82..97.82 rows=1 width=84)
               ->  Sort  (cost=97.82..97.82 rows=1 width=84)
                     Sort Key: (st_distance(st_transform(s_2562.the_geom, 25833), schw_2562.schw))
                     ->  Nested Loop  (cost=0.00..97.81 rows=1 width=84)
                           Join Filter: ((st_transform(s_2562.the_geom, 25833) && st_expand(schw_2562.schw, '300'::double precision)) AND (schw_2562.schw && st_expand(st_transform(s_2562.the_geom, 25833), '300'::double precision)) AND _st_dwithin(st_transform(s_2562.the_geom, 25833), schw_2562.schw, '300'::double precision))
                           ->  Function Scan on schw_2562  (cost=0.00..0.01 rows=1 width=32)
                           ->  Seq Scan on phoml_trajectory_tmp s_2562  (cost=0.00..95.68 rows=17 width=40)
                                 Filter: ((unix_time >= '1685451537.873'::double precision) AND (unix_time <= '1685451597.873'::double precision))
   ->  Subquery Scan on "*SELECT* 2564"  (cost=97.82..97.83 rows=1 width=76)
         ->  Limit  (cost=97.82..97.82 rows=1 width=84)
               ->  Sort  (cost=97.82..97.82 rows=1 width=84)
                     Sort Key: (st_distance(st_transform(s_2563.the_geom, 25833), schw_2563.schw))
                     ->  Nested Loop  (cost=0.00..97.81 rows=1 width=84)
                           Join Filter: ((st_transform(s_2563.the_geom, 25833) && st_expand(schw_2563.schw, '300'::double precision)) AND (schw_2563.schw && st_expand(st_transform(s_2563.the_geom, 25833), '300'::double precision)) AND _st_dwithin(st_transform(s_2563.the_geom, 25833), schw_2563.schw, '300'::double precision))
                           ->  Function Scan on schw_2563  (cost=0.00..0.01 rows=1 width=32)
                           ->  Seq Scan on phoml_trajectory_tmp s_2563  (cost=0.00..95.68 rows=17 width=40)
                                 Filter: ((unix_time >= '1685451538.208'::double precision) AND (unix_time <= '1685451598.208'::double precision))
   ->  Subquery Scan on "*SELECT* 2565"  (cost=97.82..97.83 rows=1 width=76)
         ->  Limit  (cost=97.82..97.82 rows=1 width=84)
               ->  Sort  (cost=97.82..97.82 rows=1 width=84)
                     Sort Key: (st_distance(st_transform(s_2564.the_geom, 25833), schw_2564.schw))
                     ->  Nested Loop  (cost=0.00..97.81 rows=1 width=84)
                           Join Filter: ((st_transform(s_2564.the_geom, 25833) && st_expand(schw_2564.schw, '300'::double precision)) AND (schw_2564.schw && st_expand(st_transform(s_2564.the_geom, 25833), '300'::double precision)) AND _st_dwithin(st_transform(s_2564.the_geom, 25833), schw_2564.schw, '300'::double precision))
                           ->  Function Scan on schw_2564  (cost=0.00..0.01 rows=1 width=32)
                           ->  Seq Scan on phoml_trajectory_tmp s_2564  (cost=0.00..95.68 rows=17 width=40)
                                 Filter: ((unix_time >= '1685451538.528'::double precision) AND (unix_time <= '1685451598.528'::double precision))
   ->  Subquery Scan on "*SELECT* 2566"  (cost=97.82..97.83 rows=1 width=76)
         ->  Limit  (cost=97.82..97.82 rows=1 width=84)
               ->  Sort  (cost=97.82..97.82 rows=1 width=84)
                     Sort Key: (st_distance(st_transform(s_2565.the_geom, 25833), schw_2565.schw))
                     ->  Nested Loop  (cost=0.00..97.81 rows=1 width=84)
                           Join Filter: ((st_transform(s_2565.the_geom, 25833) && st_expand(schw_2565.schw, '300'::double precision)) AND (schw_2565.schw && st_expand(st_transform(s_2565.the_geom, 25833), '300'::double precision)) AND _st_dwithin(st_transform(s_2565.the_geom, 25833), schw_2565.schw, '300'::double precision))
                           ->  Function Scan on schw_2565  (cost=0.00..0.01 rows=1 width=32)
                           ->  Seq Scan on phoml_trajectory_tmp s_2565  (cost=0.00..95.68 rows=17 width=40)
                                 Filter: ((unix_time >= '1685451538.868'::double precision) AND (unix_time <= '1685451598.868'::double precision))
   ->  Subquery Scan on "*SELECT* 2567"  (cost=97.82..97.83 rows=1 width=76)
         ->  Limit  (cost=97.82..97.82 rows=1 width=84)
               ->  Sort  (cost=97.82..97.82 rows=1 width=84)
                     Sort Key: (st_distance(st_transform(s_2566.the_geom, 25833), schw_2566.schw))
                     ->  Nested Loop  (cost=0.00..97.81 rows=1 width=84)
                           Join Filter: ((st_transform(s_2566.the_geom, 25833) && st_expand(schw_2566.schw, '300'::double precision)) AND (schw_2566.schw && st_expand(st_transform(s_2566.the_geom, 25833), '300'::double precision)) AND _st_dwithin(st_transform(s_2566.the_geom, 25833), schw_2566.schw, '300'::double precision))
                           ->  Function Scan on schw_2566  (cost=0.00..0.01 rows=1 width=32)
                           ->  Seq Scan on phoml_trajectory_tmp s_2566  (cost=0.00..95.68 rows=17 width=40)
                                 Filter: ((unix_time >= '1685451539.203'::double precision) AND (unix_time <= '1685451599.203'::double precision))
   ->  Subquery Scan on "*SELECT* 2568"  (cost=97.82..97.83 rows=1 width=76)
         ->  Limit  (cost=97.82..97.82 rows=1 width=84)
               ->  Sort  (cost=97.82..97.82 rows=1 width=84)
                     Sort Key: (st_distance(st_transform(s_2567.the_geom, 25833), schw_2567.schw))
                     ->  Nested Loop  (cost=0.00..97.81 rows=1 width=84)
                           Join Filter: ((st_transform(s_2567.the_geom, 25833) && st_expand(schw_2567.schw, '300'::double precision)) AND (schw_2567.schw && st_expand(st_transform(s_2567.the_geom, 25833), '300'::double precision)) AND _st_dwithin(st_transform(s_2567.the_geom, 25833), schw_2567.schw, '300'::double precision))
                           ->  Function Scan on schw_2567  (cost=0.00..0.01 rows=1 width=32)
                           ->  Seq Scan on phoml_trajectory_tmp s_2567  (cost=0.00..95.68 rows=17 width=40)
                                 Filter: ((unix_time >= '1685451539.533'::double precision) AND (unix_time <= '1685451599.533'::double precision))
   ->  Subquery Scan on "*SELECT* 2569"  (cost=97.82..97.83 rows=1 width=76)
         ->  Limit  (cost=97.82..97.82 rows=1 width=84)
               ->  Sort  (cost=97.82..97.82 rows=1 width=84)
                     Sort Key: (st_distance(st_transform(s_2568.the_geom, 25833), schw_2568.schw))
                     ->  Nested Loop  (cost=0.00..97.81 rows=1 width=84)
                           Join Filter: ((st_transform(s_2568.the_geom, 25833) && st_expand(schw_2568.schw, '300'::double precision)) AND (schw_2568.schw && st_expand(st_transform(s_2568.the_geom, 25833), '300'::double precision)) AND _st_dwithin(st_transform(s_2568.the_geom, 25833), schw_2568.schw, '300'::double precision))
                           ->  Function Scan on schw_2568  (cost=0.00..0.01 rows=1 width=32)
                           ->  Seq Scan on phoml_trajectory_tmp s_2568  (cost=0.00..95.68 rows=17 width=40)
                                 Filter: ((unix_time >= '1685451539.853'::double precision) AND (unix_time <= '1685451599.853'::double precision))
   ->  Subquery Scan on "*SELECT* 2570"  (cost=97.82..97.83 rows=1 width=76)
         ->  Limit  (cost=97.82..97.82 rows=1 width=84)
               ->  Sort  (cost=97.82..97.82 rows=1 width=84)
                     Sort Key: (st_distance(st_transform(s_2569.the_geom, 25833), schw_2569.schw))
                     ->  Nested Loop  (cost=0.00..97.81 rows=1 width=84)
                           Join Filter: ((st_transform(s_2569.the_geom, 25833) && st_expand(schw_2569.schw, '300'::double precision)) AND (schw_2569.schw && st_expand(st_transform(s_2569.the_geom, 25833), '300'::double precision)) AND _st_dwithin(st_transform(s_2569.the_geom, 25833), schw_2569.schw, '300'::double precision))
                           ->  Function Scan on schw_2569  (cost=0.00..0.01 rows=1 width=32)
                           ->  Seq Scan on phoml_trajectory_tmp s_2569  (cost=0.00..95.68 rows=17 width=40)
                                 Filter: ((unix_time >= '1685451540.199'::double precision) AND (unix_time <= '1685451600.199'::double precision))
   ->  Subquery Scan on "*SELECT* 2571"  (cost=97.82..97.83 rows=1 width=76)
         ->  Limit  (cost=97.82..97.82 rows=1 width=84)
               ->  Sort  (cost=97.82..97.82 rows=1 width=84)
                     Sort Key: (st_distance(st_transform(s_2570.the_geom, 25833), schw_2570.schw))
                     ->  Nested Loop  (cost=0.00..97.81 rows=1 width=84)
                           Join Filter: ((st_transform(s_2570.the_geom, 25833) && st_expand(schw_2570.schw, '300'::double precision)) AND (schw_2570.schw && st_expand(st_transform(s_2570.the_geom, 25833), '300'::double precision)) AND _st_dwithin(st_transform(s_2570.the_geom, 25833), schw_2570.schw, '300'::double precision))
                           ->  Function Scan on schw_2570  (cost=0.00..0.01 rows=1 width=32)
                           ->  Seq Scan on phoml_trajectory_tmp s_2570  (cost=0.00..95.68 rows=17 width=40)
                                 Filter: ((unix_time >= '1685451540.539'::double precision) AND (unix_time <= '1685451600.539'::double precision))
   ->  Subquery Scan on "*SELECT* 2572"  (cost=97.82..97.83 rows=1 width=76)
         ->  Limit  (cost=97.82..97.82 rows=1 width=84)
               ->  Sort  (cost=97.82..97.82 rows=1 width=84)
                     Sort Key: (st_distance(st_transform(s_2571.the_geom, 25833), schw_2571.schw))
                     ->  Nested Loop  (cost=0.00..97.81 rows=1 width=84)
                           Join Filter: ((st_transform(s_2571.the_geom, 25833) && st_expand(schw_2571.schw, '300'::double precision)) AND (schw_2571.schw && st_expand(st_transform(s_2571.the_geom, 25833), '300'::double precision)) AND _st_dwithin(st_transform(s_2571.the_geom, 25833), schw_2571.schw, '300'::double precision))
                           ->  Function Scan on schw_2571  (cost=0.00..0.01 rows=1 width=32)
                           ->  Seq Scan on phoml_trajectory_tmp s_2571  (cost=0.00..95.68 rows=17 width=40)
                                 Filter: ((unix_time >= '1685451540.869'::double precision) AND (unix_time <= '1685451600.869'::double precision))
   ->  Subquery Scan on "*SELECT* 2573"  (cost=97.82..97.83 rows=1 width=76)
         ->  Limit  (cost=97.82..97.82 rows=1 width=84)
               ->  Sort  (cost=97.82..97.82 rows=1 width=84)
                     Sort Key: (st_distance(st_transform(s_2572.the_geom, 25833), schw_2572.schw))
                     ->  Nested Loop  (cost=0.00..97.81 rows=1 width=84)
                           Join Filter: ((st_transform(s_2572.the_geom, 25833) && st_expand(schw_2572.schw, '300'::double precision)) AND (schw_2572.schw && st_expand(st_transform(s_2572.the_geom, 25833), '300'::double precision)) AND _st_dwithin(st_transform(s_2572.the_geom, 25833), schw_2572.schw, '300'::double precision))
                           ->  Function Scan on schw_2572  (cost=0.00..0.01 rows=1 width=32)
                           ->  Seq Scan on phoml_trajectory_tmp s_2572  (cost=0.00..95.68 rows=17 width=40)
                                 Filter: ((unix_time >= '1685451541.212'::double precision) AND (unix_time <= '1685451601.212'::double precision))
   ->  Subquery Scan on "*SELECT* 2574"  (cost=97.82..97.83 rows=1 width=76)
         ->  Limit  (cost=97.82..97.82 rows=1 width=84)
               ->  Sort  (cost=97.82..97.82 rows=1 width=84)
                     Sort Key: (st_distance(st_transform(s_2573.the_geom, 25833), schw_2573.schw))
                     ->  Nested Loop  (cost=0.00..97.81 rows=1 width=84)
                           Join Filter: ((st_transform(s_2573.the_geom, 25833) && st_expand(schw_2573.schw, '300'::double precision)) AND (schw_2573.schw && st_expand(st_transform(s_2573.the_geom, 25833), '300'::double precision)) AND _st_dwithin(st_transform(s_2573.the_geom, 25833), schw_2573.schw, '300'::double precision))
                           ->  Function Scan on schw_2573  (cost=0.00..0.01 rows=1 width=32)
                           ->  Seq Scan on phoml_trajectory_tmp s_2573  (cost=0.00..95.68 rows=17 width=40)
                                 Filter: ((unix_time >= '1685451541.552'::double precision) AND (unix_time <= '1685451601.552'::double precision))
   ->  Subquery Scan on "*SELECT* 2575"  (cost=97.82..97.83 rows=1 width=76)
         ->  Limit  (cost=97.82..97.82 rows=1 width=84)
               ->  Sort  (cost=97.82..97.82 rows=1 width=84)
                     Sort Key: (st_distance(st_transform(s_2574.the_geom, 25833), schw_2574.schw))
                     ->  Nested Loop  (cost=0.00..97.81 rows=1 width=84)
                           Join Filter: ((st_transform(s_2574.the_geom, 25833) && st_expand(schw_2574.schw, '300'::double precision)) AND (schw_2574.schw && st_expand(st_transform(s_2574.the_geom, 25833), '300'::double precision)) AND _st_dwithin(st_transform(s_2574.the_geom, 25833), schw_2574.schw, '300'::double precision))
                           ->  Function Scan on schw_2574  (cost=0.00..0.01 rows=1 width=32)
                           ->  Seq Scan on phoml_trajectory_tmp s_2574  (cost=0.00..95.68 rows=17 width=40)
                                 Filter: ((unix_time >= '1685451541.882'::double precision) AND (unix_time <= '1685451601.882'::double precision))
   ->  Subquery Scan on "*SELECT* 2576"  (cost=97.82..97.83 rows=1 width=76)
         ->  Limit  (cost=97.82..97.82 rows=1 width=84)
               ->  Sort  (cost=97.82..97.82 rows=1 width=84)
                     Sort Key: (st_distance(st_transform(s_2575.the_geom, 25833), schw_2575.schw))
                     ->  Nested Loop  (cost=0.00..97.81 rows=1 width=84)
                           Join Filter: ((st_transform(s_2575.the_geom, 25833) && st_expand(schw_2575.schw, '300'::double precision)) AND (schw_2575.schw && st_expand(st_transform(s_2575.the_geom, 25833), '300'::double precision)) AND _st_dwithin(st_transform(s_2575.the_geom, 25833), schw_2575.schw, '300'::double precision))
                           ->  Function Scan on schw_2575  (cost=0.00..0.01 rows=1 width=32)
                           ->  Seq Scan on phoml_trajectory_tmp s_2575  (cost=0.00..95.68 rows=17 width=40)
                                 Filter: ((unix_time >= '1685451542.233'::double precision) AND (unix_time <= '1685451602.233'::double precision))
   ->  Subquery Scan on "*SELECT* 2577"  (cost=97.82..97.83 rows=1 width=76)
         ->  Limit  (cost=97.82..97.82 rows=1 width=84)
               ->  Sort  (cost=97.82..97.82 rows=1 width=84)
                     Sort Key: (st_distance(st_transform(s_2576.the_geom, 25833), schw_2576.schw))
                     ->  Nested Loop  (cost=0.00..97.81 rows=1 width=84)
                           Join Filter: ((st_transform(s_2576.the_geom, 25833) && st_expand(schw_2576.schw, '300'::double precision)) AND (schw_2576.schw && st_expand(st_transform(s_2576.the_geom, 25833), '300'::double precision)) AND _st_dwithin(st_transform(s_2576.the_geom, 25833), schw_2576.schw, '300'::double precision))
                           ->  Function Scan on schw_2576  (cost=0.00..0.01 rows=1 width=32)
                           ->  Seq Scan on phoml_trajectory_tmp s_2576  (cost=0.00..95.68 rows=17 width=40)
                                 Filter: ((unix_time >= '1685451542.563'::double precision) AND (unix_time <= '1685451602.563'::double precision))
   ->  Subquery Scan on "*SELECT* 2578"  (cost=97.82..97.83 rows=1 width=76)
         ->  Limit  (cost=97.82..97.82 rows=1 width=84)
               ->  Sort  (cost=97.82..97.82 rows=1 width=84)
                     Sort Key: (st_distance(st_transform(s_2577.the_geom, 25833), schw_2577.schw))
                     ->  Nested Loop  (cost=0.00..97.81 rows=1 width=84)
                           Join Filter: ((st_transform(s_2577.the_geom, 25833) && st_expand(schw_2577.schw, '300'::double precision)) AND (schw_2577.schw && st_expand(st_transform(s_2577.the_geom, 25833), '300'::double precision)) AND _st_dwithin(st_transform(s_2577.the_geom, 25833), schw_2577.schw, '300'::double precision))
                           ->  Function Scan on schw_2577  (cost=0.00..0.01 rows=1 width=32)
                           ->  Seq Scan on phoml_trajectory_tmp s_2577  (cost=0.00..95.68 rows=17 width=40)
                                 Filter: ((unix_time >= '1685451542.903'::double precision) AND (unix_time <= '1685451602.903'::double precision))
   ->  Subquery Scan on "*SELECT* 2579"  (cost=97.82..97.83 rows=1 width=76)
         ->  Limit  (cost=97.82..97.82 rows=1 width=84)
               ->  Sort  (cost=97.82..97.82 rows=1 width=84)
                     Sort Key: (st_distance(st_transform(s_2578.the_geom, 25833), schw_2578.schw))
                     ->  Nested Loop  (cost=0.00..97.81 rows=1 width=84)
                           Join Filter: ((st_transform(s_2578.the_geom, 25833) && st_expand(schw_2578.schw, '300'::double precision)) AND (schw_2578.schw && st_expand(st_transform(s_2578.the_geom, 25833), '300'::double precision)) AND _st_dwithin(st_transform(s_2578.the_geom, 25833), schw_2578.schw, '300'::double precision))
                           ->  Function Scan on schw_2578  (cost=0.00..0.01 rows=1 width=32)
                           ->  Seq Scan on phoml_trajectory_tmp s_2578  (cost=0.00..95.68 rows=17 width=40)
                                 Filter: ((unix_time >= '1685451543.24'::double precision) AND (unix_time <= '1685451603.24'::double precision))
   ->  Subquery Scan on "*SELECT* 2580"  (cost=97.82..97.83 rows=1 width=76)
         ->  Limit  (cost=97.82..97.82 rows=1 width=84)
               ->  Sort  (cost=97.82..97.82 rows=1 width=84)
                     Sort Key: (st_distance(st_transform(s_2579.the_geom, 25833), schw_2579.schw))
                     ->  Nested Loop  (cost=0.00..97.81 rows=1 width=84)
                           Join Filter: ((st_transform(s_2579.the_geom, 25833) && st_expand(schw_2579.schw, '300'::double precision)) AND (schw_2579.schw && st_expand(st_transform(s_2579.the_geom, 25833), '300'::double precision)) AND _st_dwithin(st_transform(s_2579.the_geom, 25833), schw_2579.schw, '300'::double precision))
                           ->  Function Scan on schw_2579  (cost=0.00..0.01 rows=1 width=32)
                           ->  Seq Scan on phoml_trajectory_tmp s_2579  (cost=0.00..95.68 rows=17 width=40)
                                 Filter: ((unix_time >= '1685451543.58'::double precision) AND (unix_time <= '1685451603.58'::double precision))
   ->  Subquery Scan on "*SELECT* 2581"  (cost=97.82..97.83 rows=1 width=76)
         ->  Limit  (cost=97.82..97.82 rows=1 width=84)
               ->  Sort  (cost=97.82..97.82 rows=1 width=84)
                     Sort Key: (st_distance(st_transform(s_2580.the_geom, 25833), schw_2580.schw))
                     ->  Nested Loop  (cost=0.00..97.81 rows=1 width=84)
                           Join Filter: ((st_transform(s_2580.the_geom, 25833) && st_expand(schw_2580.schw, '300'::double precision)) AND (schw_2580.schw && st_expand(st_transform(s_2580.the_geom, 25833), '300'::double precision)) AND _st_dwithin(st_transform(s_2580.the_geom, 25833), schw_2580.schw, '300'::double precision))
                           ->  Function Scan on schw_2580  (cost=0.00..0.01 rows=1 width=32)
                           ->  Seq Scan on phoml_trajectory_tmp s_2580  (cost=0.00..95.68 rows=17 width=40)
                                 Filter: ((unix_time >= '1685451543.91'::double precision) AND (unix_time <= '1685451603.91'::double precision))
   ->  Subquery Scan on "*SELECT* 2582"  (cost=97.82..97.83 rows=1 width=76)
         ->  Limit  (cost=97.82..97.82 rows=1 width=84)
               ->  Sort  (cost=97.82..97.82 rows=1 width=84)
                     Sort Key: (st_distance(st_transform(s_2581.the_geom, 25833), schw_2581.schw))
                     ->  Nested Loop  (cost=0.00..97.81 rows=1 width=84)
                           Join Filter: ((st_transform(s_2581.the_geom, 25833) && st_expand(schw_2581.schw, '300'::double precision)) AND (schw_2581.schw && st_expand(st_transform(s_2581.the_geom, 25833), '300'::double precision)) AND _st_dwithin(st_transform(s_2581.the_geom, 25833), schw_2581.schw, '300'::double precision))
                           ->  Function Scan on schw_2581  (cost=0.00..0.01 rows=1 width=32)
                           ->  Seq Scan on phoml_trajectory_tmp s_2581  (cost=0.00..95.68 rows=17 width=40)
                                 Filter: ((unix_time >= '1685451544.255'::double precision) AND (unix_time <= '1685451604.255'::double precision))
   ->  Subquery Scan on "*SELECT* 2583"  (cost=97.82..97.83 rows=1 width=76)
         ->  Limit  (cost=97.82..97.82 rows=1 width=84)
               ->  Sort  (cost=97.82..97.82 rows=1 width=84)
                     Sort Key: (st_distance(st_transform(s_2582.the_geom, 25833), schw_2582.schw))
                     ->  Nested Loop  (cost=0.00..97.81 rows=1 width=84)
                           Join Filter: ((st_transform(s_2582.the_geom, 25833) && st_expand(schw_2582.schw, '300'::double precision)) AND (schw_2582.schw && st_expand(st_transform(s_2582.the_geom, 25833), '300'::double precision)) AND _st_dwithin(st_transform(s_2582.the_geom, 25833), schw_2582.schw, '300'::double precision))
                           ->  Function Scan on schw_2582  (cost=0.00..0.01 rows=1 width=32)
                           ->  Seq Scan on phoml_trajectory_tmp s_2582  (cost=0.00..95.68 rows=17 width=40)
                                 Filter: ((unix_time >= '1685451544.605'::double precision) AND (unix_time <= '1685451604.605'::double precision))
   ->  Subquery Scan on "*SELECT* 2584"  (cost=97.82..97.83 rows=1 width=76)
         ->  Limit  (cost=97.82..97.82 rows=1 width=84)
               ->  Sort  (cost=97.82..97.82 rows=1 width=84)
                     Sort Key: (st_distance(st_transform(s_2583.the_geom, 25833), schw_2583.schw))
                     ->  Nested Loop  (cost=0.00..97.81 rows=1 width=84)
                           Join Filter: ((st_transform(s_2583.the_geom, 25833) && st_expand(schw_2583.schw, '300'::double precision)) AND (schw_2583.schw && st_expand(st_transform(s_2583.the_geom, 25833), '300'::double precision)) AND _st_dwithin(st_transform(s_2583.the_geom, 25833), schw_2583.schw, '300'::double precision))
                           ->  Function Scan on schw_2583  (cost=0.00..0.01 rows=1 width=32)
                           ->  Seq Scan on phoml_trajectory_tmp s_2583  (cost=0.00..95.68 rows=17 width=40)
                                 Filter: ((unix_time >= '1685451544.945'::double precision) AND (unix_time <= '1685451604.945'::double precision))
   ->  Subquery Scan on "*SELECT* 2585"  (cost=97.82..97.83 rows=1 width=76)
         ->  Limit  (cost=97.82..97.82 rows=1 width=84)
               ->  Sort  (cost=97.82..97.82 rows=1 width=84)
                     Sort Key: (st_distance(st_transform(s_2584.the_geom, 25833), schw_2584.schw))
                     ->  Nested Loop  (cost=0.00..97.81 rows=1 width=84)
                           Join Filter: ((st_transform(s_2584.the_geom, 25833) && st_expand(schw_2584.schw, '300'::double precision)) AND (schw_2584.schw && st_expand(st_transform(s_2584.the_geom, 25833), '300'::double precision)) AND _st_dwithin(st_transform(s_2584.the_geom, 25833), schw_2584.schw, '300'::double precision))
                           ->  Function Scan on schw_2584  (cost=0.00..0.01 rows=1 width=32)
                           ->  Seq Scan on phoml_trajectory_tmp s_2584  (cost=0.00..95.68 rows=17 width=40)
                                 Filter: ((unix_time >= '1685451545.283'::double precision) AND (unix_time <= '1685451605.283'::double precision))
   ->  Subquery Scan on "*SELECT* 2586"  (cost=97.82..97.83 rows=1 width=76)
         ->  Limit  (cost=97.82..97.82 rows=1 width=84)
               ->  Sort  (cost=97.82..97.82 rows=1 width=84)
                     Sort Key: (st_distance(st_transform(s_2585.the_geom, 25833), schw_2585.schw))
                     ->  Nested Loop  (cost=0.00..97.81 rows=1 width=84)
                           Join Filter: ((st_transform(s_2585.the_geom, 25833) && st_expand(schw_2585.schw, '300'::double precision)) AND (schw_2585.schw && st_expand(st_transform(s_2585.the_geom, 25833), '300'::double precision)) AND _st_dwithin(st_transform(s_2585.the_geom, 25833), schw_2585.schw, '300'::double precision))
                           ->  Function Scan on schw_2585  (cost=0.00..0.01 rows=1 width=32)
                           ->  Seq Scan on phoml_trajectory_tmp s_2585  (cost=0.00..95.68 rows=17 width=40)
                                 Filter: ((unix_time >= '1685451545.623'::double precision) AND (unix_time <= '1685451605.623'::double precision))
   ->  Subquery Scan on "*SELECT* 2587"  (cost=97.82..97.83 rows=1 width=76)
         ->  Limit  (cost=97.82..97.82 rows=1 width=84)
               ->  Sort  (cost=97.82..97.82 rows=1 width=84)
                     Sort Key: (st_distance(st_transform(s_2586.the_geom, 25833), schw_2586.schw))
                     ->  Nested Loop  (cost=0.00..97.81 rows=1 width=84)
                           Join Filter: ((st_transform(s_2586.the_geom, 25833) && st_expand(schw_2586.schw, '300'::double precision)) AND (schw_2586.schw && st_expand(st_transform(s_2586.the_geom, 25833), '300'::double precision)) AND _st_dwithin(st_transform(s_2586.the_geom, 25833), schw_2586.schw, '300'::double precision))
                           ->  Function Scan on schw_2586  (cost=0.00..0.01 rows=1 width=32)
                           ->  Seq Scan on phoml_trajectory_tmp s_2586  (cost=0.00..95.68 rows=17 width=40)
                                 Filter: ((unix_time >= '1685451545.973'::double precision) AND (unix_time <= '1685451605.973'::double precision))
   ->  Subquery Scan on "*SELECT* 2588"  (cost=97.82..97.83 rows=1 width=76)
         ->  Limit  (cost=97.82..97.82 rows=1 width=84)
               ->  Sort  (cost=97.82..97.82 rows=1 width=84)
                     Sort Key: (st_distance(st_transform(s_2587.the_geom, 25833), schw_2587.schw))
                     ->  Nested Loop  (cost=0.00..97.81 rows=1 width=84)
                           Join Filter: ((st_transform(s_2587.the_geom, 25833) && st_expand(schw_2587.schw, '300'::double precision)) AND (schw_2587.schw && st_expand(st_transform(s_2587.the_geom, 25833), '300'::double precision)) AND _st_dwithin(st_transform(s_2587.the_geom, 25833), schw_2587.schw, '300'::double precision))
                           ->  Function Scan on schw_2587  (cost=0.00..0.01 rows=1 width=32)
                           ->  Seq Scan on phoml_trajectory_tmp s_2587  (cost=0.00..95.68 rows=17 width=40)
                                 Filter: ((unix_time >= '1685451546.307'::double precision) AND (unix_time <= '1685451606.307'::double precision))
   ->  Subquery Scan on "*SELECT* 2589"  (cost=97.82..97.83 rows=1 width=76)
         ->  Limit  (cost=97.82..97.82 rows=1 width=84)
               ->  Sort  (cost=97.82..97.82 rows=1 width=84)
                     Sort Key: (st_distance(st_transform(s_2588.the_geom, 25833), schw_2588.schw))
                     ->  Nested Loop  (cost=0.00..97.81 rows=1 width=84)
                           Join Filter: ((st_transform(s_2588.the_geom, 25833) && st_expand(schw_2588.schw, '300'::double precision)) AND (schw_2588.schw && st_expand(st_transform(s_2588.the_geom, 25833), '300'::double precision)) AND _st_dwithin(st_transform(s_2588.the_geom, 25833), schw_2588.schw, '300'::double precision))
                           ->  Function Scan on schw_2588  (cost=0.00..0.01 rows=1 width=32)
                           ->  Seq Scan on phoml_trajectory_tmp s_2588  (cost=0.00..95.68 rows=17 width=40)
                                 Filter: ((unix_time >= '1685451546.647'::double precision) AND (unix_time <= '1685451606.647'::double precision))
   ->  Subquery Scan on "*SELECT* 2590"  (cost=97.82..97.83 rows=1 width=76)
         ->  Limit  (cost=97.82..97.82 rows=1 width=84)
               ->  Sort  (cost=97.82..97.82 rows=1 width=84)
                     Sort Key: (st_distance(st_transform(s_2589.the_geom, 25833), schw_2589.schw))
                     ->  Nested Loop  (cost=0.00..97.81 rows=1 width=84)
                           Join Filter: ((st_transform(s_2589.the_geom, 25833) && st_expand(schw_2589.schw, '300'::double precision)) AND (schw_2589.schw && st_expand(st_transform(s_2589.the_geom, 25833), '300'::double precision)) AND _st_dwithin(st_transform(s_2589.the_geom, 25833), schw_2589.schw, '300'::double precision))
                           ->  Function Scan on schw_2589  (cost=0.00..0.01 rows=1 width=32)
                           ->  Seq Scan on phoml_trajectory_tmp s_2589  (cost=0.00..95.68 rows=17 width=40)
                                 Filter: ((unix_time >= '1685451546.987'::double precision) AND (unix_time <= '1685451606.987'::double precision))
   ->  Subquery Scan on "*SELECT* 2591"  (cost=97.82..97.83 rows=1 width=76)
         ->  Limit  (cost=97.82..97.82 rows=1 width=84)
               ->  Sort  (cost=97.82..97.82 rows=1 width=84)
                     Sort Key: (st_distance(st_transform(s_2590.the_geom, 25833), schw_2590.schw))
                     ->  Nested Loop  (cost=0.00..97.81 rows=1 width=84)
                           Join Filter: ((st_transform(s_2590.the_geom, 25833) && st_expand(schw_2590.schw, '300'::double precision)) AND (schw_2590.schw && st_expand(st_transform(s_2590.the_geom, 25833), '300'::double precision)) AND _st_dwithin(st_transform(s_2590.the_geom, 25833), schw_2590.schw, '300'::double precision))
                           ->  Function Scan on schw_2590  (cost=0.00..0.01 rows=1 width=32)
                           ->  Seq Scan on phoml_trajectory_tmp s_2590  (cost=0.00..95.68 rows=17 width=40)
                                 Filter: ((unix_time >= '1685451547.323'::double precision) AND (unix_time <= '1685451607.323'::double precision))
   ->  Subquery Scan on "*SELECT* 2592"  (cost=97.82..97.83 rows=1 width=76)
         ->  Limit  (cost=97.82..97.82 rows=1 width=84)
               ->  Sort  (cost=97.82..97.82 rows=1 width=84)
                     Sort Key: (st_distance(st_transform(s_2591.the_geom, 25833), schw_2591.schw))
                     ->  Nested Loop  (cost=0.00..97.81 rows=1 width=84)
                           Join Filter: ((st_transform(s_2591.the_geom, 25833) && st_expand(schw_2591.schw, '300'::double precision)) AND (schw_2591.schw && st_expand(st_transform(s_2591.the_geom, 25833), '300'::double precision)) AND _st_dwithin(st_transform(s_2591.the_geom, 25833), schw_2591.schw, '300'::double precision))
                           ->  Function Scan on schw_2591  (cost=0.00..0.01 rows=1 width=32)
                           ->  Seq Scan on phoml_trajectory_tmp s_2591  (cost=0.00..95.68 rows=17 width=40)
                                 Filter: ((unix_time >= '1685451547.673'::double precision) AND (unix_time <= '1685451607.673'::double precision))
   ->  Subquery Scan on "*SELECT* 2593"  (cost=97.82..97.83 rows=1 width=76)
         ->  Limit  (cost=97.82..97.82 rows=1 width=84)
               ->  Sort  (cost=97.82..97.82 rows=1 width=84)
                     Sort Key: (st_distance(st_transform(s_2592.the_geom, 25833), schw_2592.schw))
                     ->  Nested Loop  (cost=0.00..97.81 rows=1 width=84)
                           Join Filter: ((st_transform(s_2592.the_geom, 25833) && st_expand(schw_2592.schw, '300'::double precision)) AND (schw_2592.schw && st_expand(st_transform(s_2592.the_geom, 25833), '300'::double precision)) AND _st_dwithin(st_transform(s_2592.the_geom, 25833), schw_2592.schw, '300'::double precision))
                           ->  Function Scan on schw_2592  (cost=0.00..0.01 rows=1 width=32)
                           ->  Seq Scan on phoml_trajectory_tmp s_2592  (cost=0.00..95.68 rows=17 width=40)
                                 Filter: ((unix_time >= '1685451548.003'::double precision) AND (unix_time <= '1685451608.003'::double precision))
   ->  Subquery Scan on "*SELECT* 2594"  (cost=97.82..97.83 rows=1 width=76)
         ->  Limit  (cost=97.82..97.82 rows=1 width=84)
               ->  Sort  (cost=97.82..97.82 rows=1 width=84)
                     Sort Key: (st_distance(st_transform(s_2593.the_geom, 25833), schw_2593.schw))
                     ->  Nested Loop  (cost=0.00..97.81 rows=1 width=84)
                           Join Filter: ((st_transform(s_2593.the_geom, 25833) && st_expand(schw_2593.schw, '300'::double precision)) AND (schw_2593.schw && st_expand(st_transform(s_2593.the_geom, 25833), '300'::double precision)) AND _st_dwithin(st_transform(s_2593.the_geom, 25833), schw_2593.schw, '300'::double precision))
                           ->  Function Scan on schw_2593  (cost=0.00..0.01 rows=1 width=32)
                           ->  Seq Scan on phoml_trajectory_tmp s_2593  (cost=0.00..95.68 rows=17 width=40)
                                 Filter: ((unix_time >= '1685451548.349'::double precision) AND (unix_time <= '1685451608.349'::double precision))
   ->  Subquery Scan on "*SELECT* 2595"  (cost=97.82..97.83 rows=1 width=76)
         ->  Limit  (cost=97.82..97.82 rows=1 width=84)
               ->  Sort  (cost=97.82..97.82 rows=1 width=84)
                     Sort Key: (st_distance(st_transform(s_2594.the_geom, 25833), schw_2594.schw))
                     ->  Nested Loop  (cost=0.00..97.81 rows=1 width=84)
                           Join Filter: ((st_transform(s_2594.the_geom, 25833) && st_expand(schw_2594.schw, '300'::double precision)) AND (schw_2594.schw && st_expand(st_transform(s_2594.the_geom, 25833), '300'::double precision)) AND _st_dwithin(st_transform(s_2594.the_geom, 25833), schw_2594.schw, '300'::double precision))
                           ->  Function Scan on schw_2594  (cost=0.00..0.01 rows=1 width=32)
                           ->  Seq Scan on phoml_trajectory_tmp s_2594  (cost=0.00..95.68 rows=17 width=40)
                                 Filter: ((unix_time >= '1685451548.679'::double precision) AND (unix_time <= '1685451608.679'::double precision))
   ->  Subquery Scan on "*SELECT* 2596"  (cost=97.82..97.83 rows=1 width=76)
         ->  Limit  (cost=97.82..97.82 rows=1 width=84)
               ->  Sort  (cost=97.82..97.82 rows=1 width=84)
                     Sort Key: (st_distance(st_transform(s_2595.the_geom, 25833), schw_2595.schw))
                     ->  Nested Loop  (cost=0.00..97.81 rows=1 width=84)
                           Join Filter: ((st_transform(s_2595.the_geom, 25833) && st_expand(schw_2595.schw, '300'::double precision)) AND (schw_2595.schw && st_expand(st_transform(s_2595.the_geom, 25833), '300'::double precision)) AND _st_dwithin(st_transform(s_2595.the_geom, 25833), schw_2595.schw, '300'::double precision))
                           ->  Function Scan on schw_2595  (cost=0.00..0.01 rows=1 width=32)
                           ->  Seq Scan on phoml_trajectory_tmp s_2595  (cost=0.00..95.68 rows=17 width=40)
                                 Filter: ((unix_time >= '1685451549.009'::double precision) AND (unix_time <= '1685451609.009'::double precision))
   ->  Subquery Scan on "*SELECT* 2597"  (cost=97.82..97.83 rows=1 width=76)
         ->  Limit  (cost=97.82..97.82 rows=1 width=84)
               ->  Sort  (cost=97.82..97.82 rows=1 width=84)
                     Sort Key: (st_distance(st_transform(s_2596.the_geom, 25833), schw_2596.schw))
                     ->  Nested Loop  (cost=0.00..97.81 rows=1 width=84)
                           Join Filter: ((st_transform(s_2596.the_geom, 25833) && st_expand(schw_2596.schw, '300'::double precision)) AND (schw_2596.schw && st_expand(st_transform(s_2596.the_geom, 25833), '300'::double precision)) AND _st_dwithin(st_transform(s_2596.the_geom, 25833), schw_2596.schw, '300'::double precision))
                           ->  Function Scan on schw_2596  (cost=0.00..0.01 rows=1 width=32)
                           ->  Seq Scan on phoml_trajectory_tmp s_2596  (cost=0.00..95.68 rows=17 width=40)
                                 Filter: ((unix_time >= '1685451549.355'::double precision) AND (unix_time <= '1685451609.355'::double precision))
   ->  Subquery Scan on "*SELECT* 2598"  (cost=97.82..97.83 rows=1 width=76)
         ->  Limit  (cost=97.82..97.82 rows=1 width=84)
               ->  Sort  (cost=97.82..97.82 rows=1 width=84)
                     Sort Key: (st_distance(st_transform(s_2597.the_geom, 25833), schw_2597.schw))
                     ->  Nested Loop  (cost=0.00..97.81 rows=1 width=84)
                           Join Filter: ((st_transform(s_2597.the_geom, 25833) && st_expand(schw_2597.schw, '300'::double precision)) AND (schw_2597.schw && st_expand(st_transform(s_2597.the_geom, 25833), '300'::double precision)) AND _st_dwithin(st_transform(s_2597.the_geom, 25833), schw_2597.schw, '300'::double precision))
                           ->  Function Scan on schw_2597  (cost=0.00..0.01 rows=1 width=32)
                           ->  Seq Scan on phoml_trajectory_tmp s_2597  (cost=0.00..95.68 rows=17 width=40)
                                 Filter: ((unix_time >= '1685451549.675'::double precision) AND (unix_time <= '1685451609.675'::double precision))
   ->  Subquery Scan on "*SELECT* 2599"  (cost=97.82..97.83 rows=1 width=76)
         ->  Limit  (cost=97.82..97.82 rows=1 width=84)
               ->  Sort  (cost=97.82..97.82 rows=1 width=84)
                     Sort Key: (st_distance(st_transform(s_2598.the_geom, 25833), schw_2598.schw))
                     ->  Nested Loop  (cost=0.00..97.81 rows=1 width=84)
                           Join Filter: ((st_transform(s_2598.the_geom, 25833) && st_expand(schw_2598.schw, '300'::double precision)) AND (schw_2598.schw && st_expand(st_transform(s_2598.the_geom, 25833), '300'::double precision)) AND _st_dwithin(st_transform(s_2598.the_geom, 25833), schw_2598.schw, '300'::double precision))
                           ->  Function Scan on schw_2598  (cost=0.00..0.01 rows=1 width=32)
                           ->  Seq Scan on phoml_trajectory_tmp s_2598  (cost=0.00..95.68 rows=17 width=40)
                                 Filter: ((unix_time >= '1685451550.025'::double precision) AND (unix_time <= '1685451610.025'::double precision))
   ->  Subquery Scan on "*SELECT* 2600"  (cost=97.82..97.83 rows=1 width=76)
         ->  Limit  (cost=97.82..97.82 rows=1 width=84)
               ->  Sort  (cost=97.82..97.82 rows=1 width=84)
                     Sort Key: (st_distance(st_transform(s_2599.the_geom, 25833), schw_2599.schw))
                     ->  Nested Loop  (cost=0.00..97.81 rows=1 width=84)
                           Join Filter: ((st_transform(s_2599.the_geom, 25833) && st_expand(schw_2599.schw, '300'::double precision)) AND (schw_2599.schw && st_expand(st_transform(s_2599.the_geom, 25833), '300'::double precision)) AND _st_dwithin(st_transform(s_2599.the_geom, 25833), schw_2599.schw, '300'::double precision))
                           ->  Function Scan on schw_2599  (cost=0.00..0.01 rows=1 width=32)
                           ->  Seq Scan on phoml_trajectory_tmp s_2599  (cost=0.00..95.68 rows=17 width=40)
                                 Filter: ((unix_time >= '1685451550.358'::double precision) AND (unix_time <= '1685451610.358'::double precision))
   ->  Subquery Scan on "*SELECT* 2601"  (cost=97.82..97.83 rows=1 width=76)
         ->  Limit  (cost=97.82..97.82 rows=1 width=84)
               ->  Sort  (cost=97.82..97.82 rows=1 width=84)
                     Sort Key: (st_distance(st_transform(s_2600.the_geom, 25833), schw_2600.schw))
                     ->  Nested Loop  (cost=0.00..97.81 rows=1 width=84)
                           Join Filter: ((st_transform(s_2600.the_geom, 25833) && st_expand(schw_2600.schw, '300'::double precision)) AND (schw_2600.schw && st_expand(st_transform(s_2600.the_geom, 25833), '300'::double precision)) AND _st_dwithin(st_transform(s_2600.the_geom, 25833), schw_2600.schw, '300'::double precision))
                           ->  Function Scan on schw_2600  (cost=0.00..0.01 rows=1 width=32)
                           ->  Seq Scan on phoml_trajectory_tmp s_2600  (cost=0.00..95.68 rows=17 width=40)
                                 Filter: ((unix_time >= '1685451550.688'::double precision) AND (unix_time <= '1685451610.688'::double precision))
   ->  Subquery Scan on "*SELECT* 2602"  (cost=97.82..97.83 rows=1 width=76)
         ->  Limit  (cost=97.82..97.82 rows=1 width=84)
               ->  Sort  (cost=97.82..97.82 rows=1 width=84)
                     Sort Key: (st_distance(st_transform(s_2601.the_geom, 25833), schw_2601.schw))
                     ->  Nested Loop  (cost=0.00..97.81 rows=1 width=84)
                           Join Filter: ((st_transform(s_2601.the_geom, 25833) && st_expand(schw_2601.schw, '300'::double precision)) AND (schw_2601.schw && st_expand(st_transform(s_2601.the_geom, 25833), '300'::double precision)) AND _st_dwithin(st_transform(s_2601.the_geom, 25833), schw_2601.schw, '300'::double precision))
                           ->  Function Scan on schw_2601  (cost=0.00..0.01 rows=1 width=32)
                           ->  Seq Scan on phoml_trajectory_tmp s_2601  (cost=0.00..95.68 rows=17 width=40)
                                 Filter: ((unix_time >= '1685451551.028'::double precision) AND (unix_time <= '1685451611.028'::double precision))
   ->  Subquery Scan on "*SELECT* 2603"  (cost=97.82..97.83 rows=1 width=76)
         ->  Limit  (cost=97.82..97.82 rows=1 width=84)
               ->  Sort  (cost=97.82..97.82 rows=1 width=84)
                     Sort Key: (st_distance(st_transform(s_2602.the_geom, 25833), schw_2602.schw))
                     ->  Nested Loop  (cost=0.00..97.81 rows=1 width=84)
                           Join Filter: ((st_transform(s_2602.the_geom, 25833) && st_expand(schw_2602.schw, '300'::double precision)) AND (schw_2602.schw && st_expand(st_transform(s_2602.the_geom, 25833), '300'::double precision)) AND _st_dwithin(st_transform(s_2602.the_geom, 25833), schw_2602.schw, '300'::double precision))
                           ->  Function Scan on schw_2602  (cost=0.00..0.01 rows=1 width=32)
                           ->  Seq Scan on phoml_trajectory_tmp s_2602  (cost=0.00..95.68 rows=17 width=40)
                                 Filter: ((unix_time >= '1685451551.358'::double precision) AND (unix_time <= '1685451611.358'::double precision))
   ->  Subquery Scan on "*SELECT* 2604"  (cost=97.82..97.83 rows=1 width=76)
         ->  Limit  (cost=97.82..97.82 rows=1 width=84)
               ->  Sort  (cost=97.82..97.82 rows=1 width=84)
                     Sort Key: (st_distance(st_transform(s_2603.the_geom, 25833), schw_2603.schw))
                     ->  Nested Loop  (cost=0.00..97.81 rows=1 width=84)
                           Join Filter: ((st_transform(s_2603.the_geom, 25833) && st_expand(schw_2603.schw, '300'::double precision)) AND (schw_2603.schw && st_expand(st_transform(s_2603.the_geom, 25833), '300'::double precision)) AND _st_dwithin(st_transform(s_2603.the_geom, 25833), schw_2603.schw, '300'::double precision))
                           ->  Function Scan on schw_2603  (cost=0.00..0.01 rows=1 width=32)
                           ->  Seq Scan on phoml_trajectory_tmp s_2603  (cost=0.00..95.68 rows=17 width=40)
                                 Filter: ((unix_time >= '1685451551.698'::double precision) AND (unix_time <= '1685451611.698'::double precision))
   ->  Subquery Scan on "*SELECT* 2605"  (cost=97.82..97.83 rows=1 width=76)
         ->  Limit  (cost=97.82..97.82 rows=1 width=84)
               ->  Sort  (cost=97.82..97.82 rows=1 width=84)
                     Sort Key: (st_distance(st_transform(s_2604.the_geom, 25833), schw_2604.schw))
                     ->  Nested Loop  (cost=0.00..97.81 rows=1 width=84)
                           Join Filter: ((st_transform(s_2604.the_geom, 25833) && st_expand(schw_2604.schw, '300'::double precision)) AND (schw_2604.schw && st_expand(st_transform(s_2604.the_geom, 25833), '300'::double precision)) AND _st_dwithin(st_transform(s_2604.the_geom, 25833), schw_2604.schw, '300'::double precision))
                           ->  Function Scan on schw_2604  (cost=0.00..0.01 rows=1 width=32)
                           ->  Seq Scan on phoml_trajectory_tmp s_2604  (cost=0.00..95.68 rows=17 width=40)
                                 Filter: ((unix_time >= '1685451552.028'::double precision) AND (unix_time <= '1685451612.028'::double precision))
   ->  Subquery Scan on "*SELECT* 2606"  (cost=97.82..97.83 rows=1 width=76)
         ->  Limit  (cost=97.82..97.82 rows=1 width=84)
               ->  Sort  (cost=97.82..97.82 rows=1 width=84)
                     Sort Key: (st_distance(st_transform(s_2605.the_geom, 25833), schw_2605.schw))
                     ->  Nested Loop  (cost=0.00..97.81 rows=1 width=84)
                           Join Filter: ((st_transform(s_2605.the_geom, 25833) && st_expand(schw_2605.schw, '300'::double precision)) AND (schw_2605.schw && st_expand(st_transform(s_2605.the_geom, 25833), '300'::double precision)) AND _st_dwithin(st_transform(s_2605.the_geom, 25833), schw_2605.schw, '300'::double precision))
                           ->  Function Scan on schw_2605  (cost=0.00..0.01 rows=1 width=32)
                           ->  Seq Scan on phoml_trajectory_tmp s_2605  (cost=0.00..95.68 rows=17 width=40)
                                 Filter: ((unix_time >= '1685451552.365'::double precision) AND (unix_time <= '1685451612.365'::double precision))
   ->  Subquery Scan on "*SELECT* 2607"  (cost=97.82..97.83 rows=1 width=76)
         ->  Limit  (cost=97.82..97.82 rows=1 width=84)
               ->  Sort  (cost=97.82..97.82 rows=1 width=84)
                     Sort Key: (st_distance(st_transform(s_2606.the_geom, 25833), schw_2606.schw))
                     ->  Nested Loop  (cost=0.00..97.81 rows=1 width=84)
                           Join Filter: ((st_transform(s_2606.the_geom, 25833) && st_expand(schw_2606.schw, '300'::double precision)) AND (schw_2606.schw && st_expand(st_transform(s_2606.the_geom, 25833), '300'::double precision)) AND _st_dwithin(st_transform(s_2606.the_geom, 25833), schw_2606.schw, '300'::double precision))
                           ->  Function Scan on schw_2606  (cost=0.00..0.01 rows=1 width=32)
                           ->  Seq Scan on phoml_trajectory_tmp s_2606  (cost=0.00..95.68 rows=17 width=40)
                                 Filter: ((unix_time >= '1685451552.695'::double precision) AND (unix_time <= '1685451612.695'::double precision))
   ->  Subquery Scan on "*SELECT* 2608"  (cost=97.82..97.83 rows=1 width=76)
         ->  Limit  (cost=97.82..97.82 rows=1 width=84)
               ->  Sort  (cost=97.82..97.82 rows=1 width=84)
                     Sort Key: (st_distance(st_transform(s_2607.the_geom, 25833), schw_2607.schw))
                     ->  Nested Loop  (cost=0.00..97.81 rows=1 width=84)
                           Join Filter: ((st_transform(s_2607.the_geom, 25833) && st_expand(schw_2607.schw, '300'::double precision)) AND (schw_2607.schw && st_expand(st_transform(s_2607.the_geom, 25833), '300'::double precision)) AND _st_dwithin(st_transform(s_2607.the_geom, 25833), schw_2607.schw, '300'::double precision))
                           ->  Function Scan on schw_2607  (cost=0.00..0.01 rows=1 width=32)
                           ->  Seq Scan on phoml_trajectory_tmp s_2607  (cost=0.00..95.68 rows=17 width=40)
                                 Filter: ((unix_time >= '1685451553.025'::double precision) AND (unix_time <= '1685451613.025'::double precision))
   ->  Subquery Scan on "*SELECT* 2609"  (cost=97.82..97.83 rows=1 width=76)
         ->  Limit  (cost=97.82..97.82 rows=1 width=84)
               ->  Sort  (cost=97.82..97.82 rows=1 width=84)
                     Sort Key: (st_distance(st_transform(s_2608.the_geom, 25833), schw_2608.schw))
                     ->  Nested Loop  (cost=0.00..97.81 rows=1 width=84)
                           Join Filter: ((st_transform(s_2608.the_geom, 25833) && st_expand(schw_2608.schw, '300'::double precision)) AND (schw_2608.schw && st_expand(st_transform(s_2608.the_geom, 25833), '300'::double precision)) AND _st_dwithin(st_transform(s_2608.the_geom, 25833), schw_2608.schw, '300'::double precision))
                           ->  Function Scan on schw_2608  (cost=0.00..0.01 rows=1 width=32)
                           ->  Seq Scan on phoml_trajectory_tmp s_2608  (cost=0.00..95.68 rows=17 width=40)
                                 Filter: ((unix_time >= '1685451553.36'::double precision) AND (unix_time <= '1685451613.36'::double precision))
   ->  Subquery Scan on "*SELECT* 2610"  (cost=97.82..97.83 rows=1 width=76)
         ->  Limit  (cost=97.82..97.82 rows=1 width=84)
               ->  Sort  (cost=97.82..97.82 rows=1 width=84)
                     Sort Key: (st_distance(st_transform(s_2609.the_geom, 25833), schw_2609.schw))
                     ->  Nested Loop  (cost=0.00..97.81 rows=1 width=84)
                           Join Filter: ((st_transform(s_2609.the_geom, 25833) && st_expand(schw_2609.schw, '300'::double precision)) AND (schw_2609.schw && st_expand(st_transform(s_2609.the_geom, 25833), '300'::double precision)) AND _st_dwithin(st_transform(s_2609.the_geom, 25833), schw_2609.schw, '300'::double precision))
                           ->  Function Scan on schw_2609  (cost=0.00..0.01 rows=1 width=32)
                           ->  Seq Scan on phoml_trajectory_tmp s_2609  (cost=0.00..95.68 rows=17 width=40)
                                 Filter: ((unix_time >= '1685451553.7'::double precision) AND (unix_time <= '1685451613.7'::double precision))
   ->  Subquery Scan on "*SELECT* 2611"  (cost=97.82..97.83 rows=1 width=76)
         ->  Limit  (cost=97.82..97.82 rows=1 width=84)
               ->  Sort  (cost=97.82..97.82 rows=1 width=84)
                     Sort Key: (st_distance(st_transform(s_2610.the_geom, 25833), schw_2610.schw))
                     ->  Nested Loop  (cost=0.00..97.81 rows=1 width=84)
                           Join Filter: ((st_transform(s_2610.the_geom, 25833) && st_expand(schw_2610.schw, '300'::double precision)) AND (schw_2610.schw && st_expand(st_transform(s_2610.the_geom, 25833), '300'::double precision)) AND _st_dwithin(st_transform(s_2610.the_geom, 25833), schw_2610.schw, '300'::double precision))
                           ->  Function Scan on schw_2610  (cost=0.00..0.01 rows=1 width=32)
                           ->  Seq Scan on phoml_trajectory_tmp s_2610  (cost=0.00..95.68 rows=17 width=40)
                                 Filter: ((unix_time >= '1685451554.03'::double precision) AND (unix_time <= '1685451614.03'::double precision))
   ->  Subquery Scan on "*SELECT* 2612"  (cost=97.82..97.83 rows=1 width=76)
         ->  Limit  (cost=97.82..97.82 rows=1 width=84)
               ->  Sort  (cost=97.82..97.82 rows=1 width=84)
                     Sort Key: (st_distance(st_transform(s_2611.the_geom, 25833), schw_2611.schw))
                     ->  Nested Loop  (cost=0.00..97.81 rows=1 width=84)
                           Join Filter: ((st_transform(s_2611.the_geom, 25833) && st_expand(schw_2611.schw, '300'::double precision)) AND (schw_2611.schw && st_expand(st_transform(s_2611.the_geom, 25833), '300'::double precision)) AND _st_dwithin(st_transform(s_2611.the_geom, 25833), schw_2611.schw, '300'::double precision))
                           ->  Function Scan on schw_2611  (cost=0.00..0.01 rows=1 width=32)
                           ->  Seq Scan on phoml_trajectory_tmp s_2611  (cost=0.00..95.68 rows=17 width=40)
                                 Filter: ((unix_time >= '1685451554.365'::double precision) AND (unix_time <= '1685451614.365'::double precision))
   ->  Subquery Scan on "*SELECT* 2613"  (cost=97.82..97.83 rows=1 width=76)
         ->  Limit  (cost=97.82..97.82 rows=1 width=84)
               ->  Sort  (cost=97.82..97.82 rows=1 width=84)
                     Sort Key: (st_distance(st_transform(s_2612.the_geom, 25833), schw_2612.schw))
                     ->  Nested Loop  (cost=0.00..97.81 rows=1 width=84)
                           Join Filter: ((st_transform(s_2612.the_geom, 25833) && st_expand(schw_2612.schw, '300'::double precision)) AND (schw_2612.schw && st_expand(st_transform(s_2612.the_geom, 25833), '300'::double precision)) AND _st_dwithin(st_transform(s_2612.the_geom, 25833), schw_2612.schw, '300'::double precision))
                           ->  Function Scan on schw_2612  (cost=0.00..0.01 rows=1 width=32)
                           ->  Seq Scan on phoml_trajectory_tmp s_2612  (cost=0.00..95.68 rows=17 width=40)
                                 Filter: ((unix_time >= '1685451554.695'::double precision) AND (unix_time <= '1685451614.695'::double precision))
   ->  Subquery Scan on "*SELECT* 2614"  (cost=97.82..97.83 rows=1 width=76)
         ->  Limit  (cost=97.82..97.82 rows=1 width=84)
               ->  Sort  (cost=97.82..97.82 rows=1 width=84)
                     Sort Key: (st_distance(st_transform(s_2613.the_geom, 25833), schw_2613.schw))
                     ->  Nested Loop  (cost=0.00..97.81 rows=1 width=84)
                           Join Filter: ((st_transform(s_2613.the_geom, 25833) && st_expand(schw_2613.schw, '300'::double precision)) AND (schw_2613.schw && st_expand(st_transform(s_2613.the_geom, 25833), '300'::double precision)) AND _st_dwithin(st_transform(s_2613.the_geom, 25833), schw_2613.schw, '300'::double precision))
                           ->  Function Scan on schw_2613  (cost=0.00..0.01 rows=1 width=32)
                           ->  Seq Scan on phoml_trajectory_tmp s_2613  (cost=0.00..95.68 rows=17 width=40)
                                 Filter: ((unix_time >= '1685451555.035'::double precision) AND (unix_time <= '1685451615.035'::double precision))
   ->  Subquery Scan on "*SELECT* 2615"  (cost=97.82..97.83 rows=1 width=76)
         ->  Limit  (cost=97.82..97.82 rows=1 width=84)
               ->  Sort  (cost=97.82..97.82 rows=1 width=84)
                     Sort Key: (st_distance(st_transform(s_2614.the_geom, 25833), schw_2614.schw))
                     ->  Nested Loop  (cost=0.00..97.81 rows=1 width=84)
                           Join Filter: ((st_transform(s_2614.the_geom, 25833) && st_expand(schw_2614.schw, '300'::double precision)) AND (schw_2614.schw && st_expand(st_transform(s_2614.the_geom, 25833), '300'::double precision)) AND _st_dwithin(st_transform(s_2614.the_geom, 25833), schw_2614.schw, '300'::double precision))
                           ->  Function Scan on schw_2614  (cost=0.00..0.01 rows=1 width=32)
                           ->  Seq Scan on phoml_trajectory_tmp s_2614  (cost=0.00..95.68 rows=17 width=40)
                                 Filter: ((unix_time >= '1685451555.371'::double precision) AND (unix_time <= '1685451615.371'::double precision))
   ->  Subquery Scan on "*SELECT* 2616"  (cost=97.82..97.83 rows=1 width=76)
         ->  Limit  (cost=97.82..97.82 rows=1 width=84)
               ->  Sort  (cost=97.82..97.82 rows=1 width=84)
                     Sort Key: (st_distance(st_transform(s_2615.the_geom, 25833), schw_2615.schw))
                     ->  Nested Loop  (cost=0.00..97.81 rows=1 width=84)
                           Join Filter: ((st_transform(s_2615.the_geom, 25833) && st_expand(schw_2615.schw, '300'::double precision)) AND (schw_2615.schw && st_expand(st_transform(s_2615.the_geom, 25833), '300'::double precision)) AND _st_dwithin(st_transform(s_2615.the_geom, 25833), schw_2615.schw, '300'::double precision))
                           ->  Function Scan on schw_2615  (cost=0.00..0.01 rows=1 width=32)
                           ->  Seq Scan on phoml_trajectory_tmp s_2615  (cost=0.00..95.68 rows=17 width=40)
                                 Filter: ((unix_time >= '1685451555.711'::double precision) AND (unix_time <= '1685451615.711'::double precision))
   ->  Subquery Scan on "*SELECT* 2617"  (cost=97.82..97.83 rows=1 width=76)
         ->  Limit  (cost=97.82..97.82 rows=1 width=84)
               ->  Sort  (cost=97.82..97.82 rows=1 width=84)
                     Sort Key: (st_distance(st_transform(s_2616.the_geom, 25833), schw_2616.schw))
                     ->  Nested Loop  (cost=0.00..97.81 rows=1 width=84)
                           Join Filter: ((st_transform(s_2616.the_geom, 25833) && st_expand(schw_2616.schw, '300'::double precision)) AND (schw_2616.schw && st_expand(st_transform(s_2616.the_geom, 25833), '300'::double precision)) AND _st_dwithin(st_transform(s_2616.the_geom, 25833), schw_2616.schw, '300'::double precision))
                           ->  Function Scan on schw_2616  (cost=0.00..0.01 rows=1 width=32)
                           ->  Seq Scan on phoml_trajectory_tmp s_2616  (cost=0.00..95.68 rows=17 width=40)
                                 Filter: ((unix_time >= '1685451556.041'::double precision) AND (unix_time <= '1685451616.041'::double precision))
   ->  Subquery Scan on "*SELECT* 2618"  (cost=97.82..97.83 rows=1 width=76)
         ->  Limit  (cost=97.82..97.82 rows=1 width=84)
               ->  Sort  (cost=97.82..97.82 rows=1 width=84)
                     Sort Key: (st_distance(st_transform(s_2617.the_geom, 25833), schw_2617.schw))
                     ->  Nested Loop  (cost=0.00..97.81 rows=1 width=84)
                           Join Filter: ((st_transform(s_2617.the_geom, 25833) && st_expand(schw_2617.schw, '300'::double precision)) AND (schw_2617.schw && st_expand(st_transform(s_2617.the_geom, 25833), '300'::double precision)) AND _st_dwithin(st_transform(s_2617.the_geom, 25833), schw_2617.schw, '300'::double precision))
                           ->  Function Scan on schw_2617  (cost=0.00..0.01 rows=1 width=32)
                           ->  Seq Scan on phoml_trajectory_tmp s_2617  (cost=0.00..95.68 rows=17 width=40)
                                 Filter: ((unix_time >= '1685451556.407'::double precision) AND (unix_time <= '1685451616.407'::double precision))
   ->  Subquery Scan on "*SELECT* 2619"  (cost=97.82..97.83 rows=1 width=76)
         ->  Limit  (cost=97.82..97.82 rows=1 width=84)
               ->  Sort  (cost=97.82..97.82 rows=1 width=84)
                     Sort Key: (st_distance(st_transform(s_2618.the_geom, 25833), schw_2618.schw))
                     ->  Nested Loop  (cost=0.00..97.81 rows=1 width=84)
                           Join Filter: ((st_transform(s_2618.the_geom, 25833) && st_expand(schw_2618.schw, '300'::double precision)) AND (schw_2618.schw && st_expand(st_transform(s_2618.the_geom, 25833), '300'::double precision)) AND _st_dwithin(st_transform(s_2618.the_geom, 25833), schw_2618.schw, '300'::double precision))
                           ->  Function Scan on schw_2618  (cost=0.00..0.01 rows=1 width=32)
                           ->  Seq Scan on phoml_trajectory_tmp s_2618  (cost=0.00..95.68 rows=17 width=40)
                                 Filter: ((unix_time >= '1685451556.747'::double precision) AND (unix_time <= '1685451616.747'::double precision))
   ->  Subquery Scan on "*SELECT* 2620"  (cost=97.82..97.83 rows=1 width=76)
         ->  Limit  (cost=97.82..97.82 rows=1 width=84)
               ->  Sort  (cost=97.82..97.82 rows=1 width=84)
                     Sort Key: (st_distance(st_transform(s_2619.the_geom, 25833), schw_2619.schw))
                     ->  Nested Loop  (cost=0.00..97.81 rows=1 width=84)
                           Join Filter: ((st_transform(s_2619.the_geom, 25833) && st_expand(schw_2619.schw, '300'::double precision)) AND (schw_2619.schw && st_expand(st_transform(s_2619.the_geom, 25833), '300'::double precision)) AND _st_dwithin(st_transform(s_2619.the_geom, 25833), schw_2619.schw, '300'::double precision))
                           ->  Function Scan on schw_2619  (cost=0.00..0.01 rows=1 width=32)
                           ->  Seq Scan on phoml_trajectory_tmp s_2619  (cost=0.00..95.68 rows=17 width=40)
                                 Filter: ((unix_time >= '1685451557.097'::double precision) AND (unix_time <= '1685451617.097'::double precision))
   ->  Subquery Scan on "*SELECT* 2621"  (cost=97.82..97.83 rows=1 width=76)
         ->  Limit  (cost=97.82..97.82 rows=1 width=84)
               ->  Sort  (cost=97.82..97.82 rows=1 width=84)
                     Sort Key: (st_distance(st_transform(s_2620.the_geom, 25833), schw_2620.schw))
                     ->  Nested Loop  (cost=0.00..97.81 rows=1 width=84)
                           Join Filter: ((st_transform(s_2620.the_geom, 25833) && st_expand(schw_2620.schw, '300'::double precision)) AND (schw_2620.schw && st_expand(st_transform(s_2620.the_geom, 25833), '300'::double precision)) AND _st_dwithin(st_transform(s_2620.the_geom, 25833), schw_2620.schw, '300'::double precision))
                           ->  Function Scan on schw_2620  (cost=0.00..0.01 rows=1 width=32)
                           ->  Seq Scan on phoml_trajectory_tmp s_2620  (cost=0.00..95.68 rows=17 width=40)
                                 Filter: ((unix_time >= '1685451557.453'::double precision) AND (unix_time <= '1685451617.453'::double precision))
   ->  Subquery Scan on "*SELECT* 2622"  (cost=97.82..97.83 rows=1 width=76)
         ->  Limit  (cost=97.82..97.82 rows=1 width=84)
               ->  Sort  (cost=97.82..97.82 rows=1 width=84)
                     Sort Key: (st_distance(st_transform(s_2621.the_geom, 25833), schw_2621.schw))
                     ->  Nested Loop  (cost=0.00..97.81 rows=1 width=84)
                           Join Filter: ((st_transform(s_2621.the_geom, 25833) && st_expand(schw_2621.schw, '300'::double precision)) AND (schw_2621.schw && st_expand(st_transform(s_2621.the_geom, 25833), '300'::double precision)) AND _st_dwithin(st_transform(s_2621.the_geom, 25833), schw_2621.schw, '300'::double precision))
                           ->  Function Scan on schw_2621  (cost=0.00..0.01 rows=1 width=32)
                           ->  Seq Scan on phoml_trajectory_tmp s_2621  (cost=0.00..95.68 rows=17 width=40)
                                 Filter: ((unix_time >= '1685451557.813'::double precision) AND (unix_time <= '1685451617.813'::double precision))
   ->  Subquery Scan on "*SELECT* 2623"  (cost=97.82..97.83 rows=1 width=76)
         ->  Limit  (cost=97.82..97.82 rows=1 width=84)
               ->  Sort  (cost=97.82..97.82 rows=1 width=84)
                     Sort Key: (st_distance(st_transform(s_2622.the_geom, 25833), schw_2622.schw))
                     ->  Nested Loop  (cost=0.00..97.81 rows=1 width=84)
                           Join Filter: ((st_transform(s_2622.the_geom, 25833) && st_expand(schw_2622.schw, '300'::double precision)) AND (schw_2622.schw && st_expand(st_transform(s_2622.the_geom, 25833), '300'::double precision)) AND _st_dwithin(st_transform(s_2622.the_geom, 25833), schw_2622.schw, '300'::double precision))
                           ->  Function Scan on schw_2622  (cost=0.00..0.01 rows=1 width=32)
                           ->  Seq Scan on phoml_trajectory_tmp s_2622  (cost=0.00..95.68 rows=17 width=40)
                                 Filter: ((unix_time >= '1685451558.182'::double precision) AND (unix_time <= '1685451618.182'::double precision))
   ->  Subquery Scan on "*SELECT* 2624"  (cost=97.82..97.83 rows=1 width=76)
         ->  Limit  (cost=97.82..97.82 rows=1 width=84)
               ->  Sort  (cost=97.82..97.82 rows=1 width=84)
                     Sort Key: (st_distance(st_transform(s_2623.the_geom, 25833), schw_2623.schw))
                     ->  Nested Loop  (cost=0.00..97.81 rows=1 width=84)
                           Join Filter: ((st_transform(s_2623.the_geom, 25833) && st_expand(schw_2623.schw, '300'::double precision)) AND (schw_2623.schw && st_expand(st_transform(s_2623.the_geom, 25833), '300'::double precision)) AND _st_dwithin(st_transform(s_2623.the_geom, 25833), schw_2623.schw, '300'::double precision))
                           ->  Function Scan on schw_2623  (cost=0.00..0.01 rows=1 width=32)
                           ->  Seq Scan on phoml_trajectory_tmp s_2623  (cost=0.00..95.68 rows=17 width=40)
                                 Filter: ((unix_time >= '1685451558.542'::double precision) AND (unix_time <= '1685451618.542'::double precision))
   ->  Subquery Scan on "*SELECT* 2625"  (cost=97.82..97.83 rows=1 width=76)
         ->  Limit  (cost=97.82..97.82 rows=1 width=84)
               ->  Sort  (cost=97.82..97.82 rows=1 width=84)
                     Sort Key: (st_distance(st_transform(s_2624.the_geom, 25833), schw_2624.schw))
                     ->  Nested Loop  (cost=0.00..97.81 rows=1 width=84)
                           Join Filter: ((st_transform(s_2624.the_geom, 25833) && st_expand(schw_2624.schw, '300'::double precision)) AND (schw_2624.schw && st_expand(st_transform(s_2624.the_geom, 25833), '300'::double precision)) AND _st_dwithin(st_transform(s_2624.the_geom, 25833), schw_2624.schw, '300'::double precision))
                           ->  Function Scan on schw_2624  (cost=0.00..0.01 rows=1 width=32)
                           ->  Seq Scan on phoml_trajectory_tmp s_2624  (cost=0.00..95.68 rows=17 width=40)
                                 Filter: ((unix_time >= '1685451558.922'::double precision) AND (unix_time <= '1685451618.922'::double precision))
   ->  Subquery Scan on "*SELECT* 2626"  (cost=97.82..97.83 rows=1 width=76)
         ->  Limit  (cost=97.82..97.82 rows=1 width=84)
               ->  Sort  (cost=97.82..97.82 rows=1 width=84)
                     Sort Key: (st_distance(st_transform(s_2625.the_geom, 25833), schw_2625.schw))
                     ->  Nested Loop  (cost=0.00..97.81 rows=1 width=84)
                           Join Filter: ((st_transform(s_2625.the_geom, 25833) && st_expand(schw_2625.schw, '300'::double precision)) AND (schw_2625.schw && st_expand(st_transform(s_2625.the_geom, 25833), '300'::double precision)) AND _st_dwithin(st_transform(s_2625.the_geom, 25833), schw_2625.schw, '300'::double precision))
                           ->  Function Scan on schw_2625  (cost=0.00..0.01 rows=1 width=32)
                           ->  Seq Scan on phoml_trajectory_tmp s_2625  (cost=0.00..95.68 rows=17 width=40)
                                 Filter: ((unix_time >= '1685451559.295'::double precision) AND (unix_time <= '1685451619.295'::double precision))
   ->  Subquery Scan on "*SELECT* 2627"  (cost=97.82..97.83 rows=1 width=76)
         ->  Limit  (cost=97.82..97.82 rows=1 width=84)
               ->  Sort  (cost=97.82..97.82 rows=1 width=84)
                     Sort Key: (st_distance(st_transform(s_2626.the_geom, 25833), schw_2626.schw))
                     ->  Nested Loop  (cost=0.00..97.81 rows=1 width=84)
                           Join Filter: ((st_transform(s_2626.the_geom, 25833) && st_expand(schw_2626.schw, '300'::double precision)) AND (schw_2626.schw && st_expand(st_transform(s_2626.the_geom, 25833), '300'::double precision)) AND _st_dwithin(st_transform(s_2626.the_geom, 25833), schw_2626.schw, '300'::double precision))
                           ->  Function Scan on schw_2626  (cost=0.00..0.01 rows=1 width=32)
                           ->  Seq Scan on phoml_trajectory_tmp s_2626  (cost=0.00..95.68 rows=17 width=40)
                                 Filter: ((unix_time >= '1685451559.685'::double precision) AND (unix_time <= '1685451619.685'::double precision))
   ->  Subquery Scan on "*SELECT* 2628"  (cost=97.82..97.83 rows=1 width=76)
         ->  Limit  (cost=97.82..97.82 rows=1 width=84)
               ->  Sort  (cost=97.82..97.82 rows=1 width=84)
                     Sort Key: (st_distance(st_transform(s_2627.the_geom, 25833), schw_2627.schw))
                     ->  Nested Loop  (cost=0.00..97.81 rows=1 width=84)
                           Join Filter: ((st_transform(s_2627.the_geom, 25833) && st_expand(schw_2627.schw, '300'::double precision)) AND (schw_2627.schw && st_expand(st_transform(s_2627.the_geom, 25833), '300'::double precision)) AND _st_dwithin(st_transform(s_2627.the_geom, 25833), schw_2627.schw, '300'::double precision))
                           ->  Function Scan on schw_2627  (cost=0.00..0.01 rows=1 width=32)
                           ->  Seq Scan on phoml_trajectory_tmp s_2627  (cost=0.00..95.68 rows=17 width=40)
                                 Filter: ((unix_time >= '1685451560.065'::double precision) AND (unix_time <= '1685451620.065'::double precision))
   ->  Subquery Scan on "*SELECT* 2629"  (cost=97.82..97.83 rows=1 width=76)
         ->  Limit  (cost=97.82..97.82 rows=1 width=84)
               ->  Sort  (cost=97.82..97.82 rows=1 width=84)
                     Sort Key: (st_distance(st_transform(s_2628.the_geom, 25833), schw_2628.schw))
                     ->  Nested Loop  (cost=0.00..97.81 rows=1 width=84)
                           Join Filter: ((st_transform(s_2628.the_geom, 25833) && st_expand(schw_2628.schw, '300'::double precision)) AND (schw_2628.schw && st_expand(st_transform(s_2628.the_geom, 25833), '300'::double precision)) AND _st_dwithin(st_transform(s_2628.the_geom, 25833), schw_2628.schw, '300'::double precision))
                           ->  Function Scan on schw_2628  (cost=0.00..0.01 rows=1 width=32)
                           ->  Seq Scan on phoml_trajectory_tmp s_2628  (cost=0.00..95.68 rows=17 width=40)
                                 Filter: ((unix_time >= '1685451560.45'::double precision) AND (unix_time <= '1685451620.45'::double precision))
   ->  Subquery Scan on "*SELECT* 2630"  (cost=97.82..97.83 rows=1 width=76)
         ->  Limit  (cost=97.82..97.82 rows=1 width=84)
               ->  Sort  (cost=97.82..97.82 rows=1 width=84)
                     Sort Key: (st_distance(st_transform(s_2629.the_geom, 25833), schw_2629.schw))
                     ->  Nested Loop  (cost=0.00..97.81 rows=1 width=84)
                           Join Filter: ((st_transform(s_2629.the_geom, 25833) && st_expand(schw_2629.schw, '300'::double precision)) AND (schw_2629.schw && st_expand(st_transform(s_2629.the_geom, 25833), '300'::double precision)) AND _st_dwithin(st_transform(s_2629.the_geom, 25833), schw_2629.schw, '300'::double precision))
                           ->  Function Scan on schw_2629  (cost=0.00..0.01 rows=1 width=32)
                           ->  Seq Scan on phoml_trajectory_tmp s_2629  (cost=0.00..95.68 rows=17 width=40)
                                 Filter: ((unix_time >= '1685451560.85'::double precision) AND (unix_time <= '1685451620.85'::double precision))
   ->  Subquery Scan on "*SELECT* 2631"  (cost=97.82..97.83 rows=1 width=76)
         ->  Limit  (cost=97.82..97.82 rows=1 width=84)
               ->  Sort  (cost=97.82..97.82 rows=1 width=84)
                     Sort Key: (st_distance(st_transform(s_2630.the_geom, 25833), schw_2630.schw))
                     ->  Nested Loop  (cost=0.00..97.81 rows=1 width=84)
                           Join Filter: ((st_transform(s_2630.the_geom, 25833) && st_expand(schw_2630.schw, '300'::double precision)) AND (schw_2630.schw && st_expand(st_transform(s_2630.the_geom, 25833), '300'::double precision)) AND _st_dwithin(st_transform(s_2630.the_geom, 25833), schw_2630.schw, '300'::double precision))
                           ->  Function Scan on schw_2630  (cost=0.00..0.01 rows=1 width=32)
                           ->  Seq Scan on phoml_trajectory_tmp s_2630  (cost=0.00..95.68 rows=17 width=40)
                                 Filter: ((unix_time >= '1685451561.232'::double precision) AND (unix_time <= '1685451621.232'::double precision))
   ->  Subquery Scan on "*SELECT* 2632"  (cost=97.82..97.83 rows=1 width=76)
         ->  Limit  (cost=97.82..97.82 rows=1 width=84)
               ->  Sort  (cost=97.82..97.82 rows=1 width=84)
                     Sort Key: (st_distance(st_transform(s_2631.the_geom, 25833), schw_2631.schw))
                     ->  Nested Loop  (cost=0.00..97.81 rows=1 width=84)
                           Join Filter: ((st_transform(s_2631.the_geom, 25833) && st_expand(schw_2631.schw, '300'::double precision)) AND (schw_2631.schw && st_expand(st_transform(s_2631.the_geom, 25833), '300'::double precision)) AND _st_dwithin(st_transform(s_2631.the_geom, 25833), schw_2631.schw, '300'::double precision))
                           ->  Function Scan on schw_2631  (cost=0.00..0.01 rows=1 width=32)
                           ->  Seq Scan on phoml_trajectory_tmp s_2631  (cost=0.00..95.68 rows=17 width=40)
                                 Filter: ((unix_time >= '1685451561.622'::double precision) AND (unix_time <= '1685451621.622'::double precision))
   ->  Subquery Scan on "*SELECT* 2633"  (cost=97.82..97.83 rows=1 width=76)
         ->  Limit  (cost=97.82..97.82 rows=1 width=84)
               ->  Sort  (cost=97.82..97.82 rows=1 width=84)
                     Sort Key: (st_distance(st_transform(s_2632.the_geom, 25833), schw_2632.schw))
                     ->  Nested Loop  (cost=0.00..97.81 rows=1 width=84)
                           Join Filter: ((st_transform(s_2632.the_geom, 25833) && st_expand(schw_2632.schw, '300'::double precision)) AND (schw_2632.schw && st_expand(st_transform(s_2632.the_geom, 25833), '300'::double precision)) AND _st_dwithin(st_transform(s_2632.the_geom, 25833), schw_2632.schw, '300'::double precision))
                           ->  Function Scan on schw_2632  (cost=0.00..0.01 rows=1 width=32)
                           ->  Seq Scan on phoml_trajectory_tmp s_2632  (cost=0.00..95.68 rows=17 width=40)
                                 Filter: ((unix_time >= '1685451562.022'::double precision) AND (unix_time <= '1685451622.022'::double precision))
   ->  Subquery Scan on "*SELECT* 2634"  (cost=97.82..97.83 rows=1 width=76)
         ->  Limit  (cost=97.82..97.82 rows=1 width=84)
               ->  Sort  (cost=97.82..97.82 rows=1 width=84)
                     Sort Key: (st_distance(st_transform(s_2633.the_geom, 25833), schw_2633.schw))
                     ->  Nested Loop  (cost=0.00..97.81 rows=1 width=84)
                           Join Filter: ((st_transform(s_2633.the_geom, 25833) && st_expand(schw_2633.schw, '300'::double precision)) AND (schw_2633.schw && st_expand(st_transform(s_2633.the_geom, 25833), '300'::double precision)) AND _st_dwithin(st_transform(s_2633.the_geom, 25833), schw_2633.schw, '300'::double precision))
                           ->  Function Scan on schw_2633  (cost=0.00..0.01 rows=1 width=32)
                           ->  Seq Scan on phoml_trajectory_tmp s_2633  (cost=0.00..95.68 rows=17 width=40)
                                 Filter: ((unix_time >= '1685451562.406'::double precision) AND (unix_time <= '1685451622.406'::double precision))
   ->  Subquery Scan on "*SELECT* 2635"  (cost=97.82..97.83 rows=1 width=76)
         ->  Limit  (cost=97.82..97.82 rows=1 width=84)
               ->  Sort  (cost=97.82..97.82 rows=1 width=84)
                     Sort Key: (st_distance(st_transform(s_2634.the_geom, 25833), schw_2634.schw))
                     ->  Nested Loop  (cost=0.00..97.81 rows=1 width=84)
                           Join Filter: ((st_transform(s_2634.the_geom, 25833) && st_expand(schw_2634.schw, '300'::double precision)) AND (schw_2634.schw && st_expand(st_transform(s_2634.the_geom, 25833), '300'::double precision)) AND _st_dwithin(st_transform(s_2634.the_geom, 25833), schw_2634.schw, '300'::double precision))
                           ->  Function Scan on schw_2634  (cost=0.00..0.01 rows=1 width=32)
                           ->  Seq Scan on phoml_trajectory_tmp s_2634  (cost=0.00..95.68 rows=17 width=40)
                                 Filter: ((unix_time >= '1685451562.796'::double precision) AND (unix_time <= '1685451622.796'::double precision))
   ->  Subquery Scan on "*SELECT* 2636"  (cost=97.82..97.83 rows=1 width=76)
         ->  Limit  (cost=97.82..97.82 rows=1 width=84)
               ->  Sort  (cost=97.82..97.82 rows=1 width=84)
                     Sort Key: (st_distance(st_transform(s_2635.the_geom, 25833), schw_2635.schw))
                     ->  Nested Loop  (cost=0.00..97.81 rows=1 width=84)
                           Join Filter: ((st_transform(s_2635.the_geom, 25833) && st_expand(schw_2635.schw, '300'::double precision)) AND (schw_2635.schw && st_expand(st_transform(s_2635.the_geom, 25833), '300'::double precision)) AND _st_dwithin(st_transform(s_2635.the_geom, 25833), schw_2635.schw, '300'::double precision))
                           ->  Function Scan on schw_2635  (cost=0.00..0.01 rows=1 width=32)
                           ->  Seq Scan on phoml_trajectory_tmp s_2635  (cost=0.00..95.68 rows=17 width=40)
                                 Filter: ((unix_time >= '1685451563.196'::double precision) AND (unix_time <= '1685451623.196'::double precision))
   ->  Subquery Scan on "*SELECT* 2637"  (cost=97.82..97.83 rows=1 width=76)
         ->  Limit  (cost=97.82..97.82 rows=1 width=84)
               ->  Sort  (cost=97.82..97.82 rows=1 width=84)
                     Sort Key: (st_distance(st_transform(s_2636.the_geom, 25833), schw_2636.schw))
                     ->  Nested Loop  (cost=0.00..97.81 rows=1 width=84)
                           Join Filter: ((st_transform(s_2636.the_geom, 25833) && st_expand(schw_2636.schw, '300'::double precision)) AND (schw_2636.schw && st_expand(st_transform(s_2636.the_geom, 25833), '300'::double precision)) AND _st_dwithin(st_transform(s_2636.the_geom, 25833), schw_2636.schw, '300'::double precision))
                           ->  Function Scan on schw_2636  (cost=0.00..0.01 rows=1 width=32)
                           ->  Seq Scan on phoml_trajectory_tmp s_2636  (cost=0.00..95.68 rows=17 width=40)
                                 Filter: ((unix_time >= '1685451563.586'::double precision) AND (unix_time <= '1685451623.586'::double precision))
   ->  Subquery Scan on "*SELECT* 2638"  (cost=97.82..97.83 rows=1 width=76)
         ->  Limit  (cost=97.82..97.82 rows=1 width=84)
               ->  Sort  (cost=97.82..97.82 rows=1 width=84)
                     Sort Key: (st_distance(st_transform(s_2637.the_geom, 25833), schw_2637.schw))
                     ->  Nested Loop  (cost=0.00..97.81 rows=1 width=84)
                           Join Filter: ((st_transform(s_2637.the_geom, 25833) && st_expand(schw_2637.schw, '300'::double precision)) AND (schw_2637.schw && st_expand(st_transform(s_2637.the_geom, 25833), '300'::double precision)) AND _st_dwithin(st_transform(s_2637.the_geom, 25833), schw_2637.schw, '300'::double precision))
                           ->  Function Scan on schw_2637  (cost=0.00..0.01 rows=1 width=32)
                           ->  Seq Scan on phoml_trajectory_tmp s_2637  (cost=0.00..95.68 rows=17 width=40)
                                 Filter: ((unix_time >= '1685451563.976'::double precision) AND (unix_time <= '1685451623.976'::double precision))
   ->  Subquery Scan on "*SELECT* 2639"  (cost=97.82..97.83 rows=1 width=76)
         ->  Limit  (cost=97.82..97.82 rows=1 width=84)
               ->  Sort  (cost=97.82..97.82 rows=1 width=84)
                     Sort Key: (st_distance(st_transform(s_2638.the_geom, 25833), schw_2638.schw))
                     ->  Nested Loop  (cost=0.00..97.81 rows=1 width=84)
                           Join Filter: ((st_transform(s_2638.the_geom, 25833) && st_expand(schw_2638.schw, '300'::double precision)) AND (schw_2638.schw && st_expand(st_transform(s_2638.the_geom, 25833), '300'::double precision)) AND _st_dwithin(st_transform(s_2638.the_geom, 25833), schw_2638.schw, '300'::double precision))
                           ->  Function Scan on schw_2638  (cost=0.00..0.01 rows=1 width=32)
                           ->  Seq Scan on phoml_trajectory_tmp s_2638  (cost=0.00..95.68 rows=17 width=40)
                                 Filter: ((unix_time >= '1685451564.369'::double precision) AND (unix_time <= '1685451624.369'::double precision))
   ->  Subquery Scan on "*SELECT* 2640"  (cost=97.82..97.83 rows=1 width=76)
         ->  Limit  (cost=97.82..97.82 rows=1 width=84)
               ->  Sort  (cost=97.82..97.82 rows=1 width=84)
                     Sort Key: (st_distance(st_transform(s_2639.the_geom, 25833), schw_2639.schw))
                     ->  Nested Loop  (cost=0.00..97.81 rows=1 width=84)
                           Join Filter: ((st_transform(s_2639.the_geom, 25833) && st_expand(schw_2639.schw, '300'::double precision)) AND (schw_2639.schw && st_expand(st_transform(s_2639.the_geom, 25833), '300'::double precision)) AND _st_dwithin(st_transform(s_2639.the_geom, 25833), schw_2639.schw, '300'::double precision))
                           ->  Function Scan on schw_2639  (cost=0.00..0.01 rows=1 width=32)
                           ->  Seq Scan on phoml_trajectory_tmp s_2639  (cost=0.00..95.68 rows=17 width=40)
                                 Filter: ((unix_time >= '1685451564.759'::double precision) AND (unix_time <= '1685451624.759'::double precision))
   ->  Subquery Scan on "*SELECT* 2641"  (cost=97.82..97.83 rows=1 width=76)
         ->  Limit  (cost=97.82..97.82 rows=1 width=84)
               ->  Sort  (cost=97.82..97.82 rows=1 width=84)
                     Sort Key: (st_distance(st_transform(s_2640.the_geom, 25833), schw_2640.schw))
                     ->  Nested Loop  (cost=0.00..97.81 rows=1 width=84)
                           Join Filter: ((st_transform(s_2640.the_geom, 25833) && st_expand(schw_2640.schw, '300'::double precision)) AND (schw_2640.schw && st_expand(st_transform(s_2640.the_geom, 25833), '300'::double precision)) AND _st_dwithin(st_transform(s_2640.the_geom, 25833), schw_2640.schw, '300'::double precision))
                           ->  Function Scan on schw_2640  (cost=0.00..0.01 rows=1 width=32)
                           ->  Seq Scan on phoml_trajectory_tmp s_2640  (cost=0.00..95.68 rows=17 width=40)
                                 Filter: ((unix_time >= '1685451565.16'::double precision) AND (unix_time <= '1685451625.16'::double precision))
   ->  Subquery Scan on "*SELECT* 2642"  (cost=97.82..97.83 rows=1 width=76)
         ->  Limit  (cost=97.82..97.82 rows=1 width=84)
               ->  Sort  (cost=97.82..97.82 rows=1 width=84)
                     Sort Key: (st_distance(st_transform(s_2641.the_geom, 25833), schw_2641.schw))
                     ->  Nested Loop  (cost=0.00..97.81 rows=1 width=84)
                           Join Filter: ((st_transform(s_2641.the_geom, 25833) && st_expand(schw_2641.schw, '300'::double precision)) AND (schw_2641.schw && st_expand(st_transform(s_2641.the_geom, 25833), '300'::double precision)) AND _st_dwithin(st_transform(s_2641.the_geom, 25833), schw_2641.schw, '300'::double precision))
                           ->  Function Scan on schw_2641  (cost=0.00..0.01 rows=1 width=32)
                           ->  Seq Scan on phoml_trajectory_tmp s_2641  (cost=0.00..95.68 rows=17 width=40)
                                 Filter: ((unix_time >= '1685451565.56'::double precision) AND (unix_time <= '1685451625.56'::double precision))
   ->  Subquery Scan on "*SELECT* 2643"  (cost=97.82..97.83 rows=1 width=76)
         ->  Limit  (cost=97.82..97.82 rows=1 width=84)
               ->  Sort  (cost=97.82..97.82 rows=1 width=84)
                     Sort Key: (st_distance(st_transform(s_2642.the_geom, 25833), schw_2642.schw))
                     ->  Nested Loop  (cost=0.00..97.81 rows=1 width=84)
                           Join Filter: ((st_transform(s_2642.the_geom, 25833) && st_expand(schw_2642.schw, '300'::double precision)) AND (schw_2642.schw && st_expand(st_transform(s_2642.the_geom, 25833), '300'::double precision)) AND _st_dwithin(st_transform(s_2642.the_geom, 25833), schw_2642.schw, '300'::double precision))
                           ->  Function Scan on schw_2642  (cost=0.00..0.01 rows=1 width=32)
                           ->  Seq Scan on phoml_trajectory_tmp s_2642  (cost=0.00..95.68 rows=17 width=40)
                                 Filter: ((unix_time >= '1685451565.97'::double precision) AND (unix_time <= '1685451625.97'::double precision))
   ->  Subquery Scan on "*SELECT* 2644"  (cost=97.82..97.83 rows=1 width=76)
         ->  Limit  (cost=97.82..97.82 rows=1 width=84)
               ->  Sort  (cost=97.82..97.82 rows=1 width=84)
                     Sort Key: (st_distance(st_transform(s_2643.the_geom, 25833), schw_2643.schw))
                     ->  Nested Loop  (cost=0.00..97.81 rows=1 width=84)
                           Join Filter: ((st_transform(s_2643.the_geom, 25833) && st_expand(schw_2643.schw, '300'::double precision)) AND (schw_2643.schw && st_expand(st_transform(s_2643.the_geom, 25833), '300'::double precision)) AND _st_dwithin(st_transform(s_2643.the_geom, 25833), schw_2643.schw, '300'::double precision))
                           ->  Function Scan on schw_2643  (cost=0.00..0.01 rows=1 width=32)
                           ->  Seq Scan on phoml_trajectory_tmp s_2643  (cost=0.00..95.68 rows=17 width=40)
                                 Filter: ((unix_time >= '1685451566.374'::double precision) AND (unix_time <= '1685451626.374'::double precision))
   ->  Subquery Scan on "*SELECT* 2645"  (cost=97.82..97.83 rows=1 width=76)
         ->  Limit  (cost=97.82..97.82 rows=1 width=84)
               ->  Sort  (cost=97.82..97.82 rows=1 width=84)
                     Sort Key: (st_distance(st_transform(s_2644.the_geom, 25833), schw_2644.schw))
                     ->  Nested Loop  (cost=0.00..97.81 rows=1 width=84)
                           Join Filter: ((st_transform(s_2644.the_geom, 25833) && st_expand(schw_2644.schw, '300'::double precision)) AND (schw_2644.schw && st_expand(st_transform(s_2644.the_geom, 25833), '300'::double precision)) AND _st_dwithin(st_transform(s_2644.the_geom, 25833), schw_2644.schw, '300'::double precision))
                           ->  Function Scan on schw_2644  (cost=0.00..0.01 rows=1 width=32)
                           ->  Seq Scan on phoml_trajectory_tmp s_2644  (cost=0.00..95.68 rows=17 width=40)
                                 Filter: ((unix_time >= '1685451566.794'::double precision) AND (unix_time <= '1685451626.794'::double precision))
   ->  Subquery Scan on "*SELECT* 2646"  (cost=97.82..97.83 rows=1 width=76)
         ->  Limit  (cost=97.82..97.82 rows=1 width=84)
               ->  Sort  (cost=97.82..97.82 rows=1 width=84)
                     Sort Key: (st_distance(st_transform(s_2645.the_geom, 25833), schw_2645.schw))
                     ->  Nested Loop  (cost=0.00..97.81 rows=1 width=84)
                           Join Filter: ((st_transform(s_2645.the_geom, 25833) && st_expand(schw_2645.schw, '300'::double precision)) AND (schw_2645.schw && st_expand(st_transform(s_2645.the_geom, 25833), '300'::double precision)) AND _st_dwithin(st_transform(s_2645.the_geom, 25833), schw_2645.schw, '300'::double precision))
                           ->  Function Scan on schw_2645  (cost=0.00..0.01 rows=1 width=32)
                           ->  Seq Scan on phoml_trajectory_tmp s_2645  (cost=0.00..95.68 rows=17 width=40)
                                 Filter: ((unix_time >= '1685451567.221'::double precision) AND (unix_time <= '1685451627.221'::double precision))
   ->  Subquery Scan on "*SELECT* 2647"  (cost=97.82..97.83 rows=1 width=76)
         ->  Limit  (cost=97.82..97.82 rows=1 width=84)
               ->  Sort  (cost=97.82..97.82 rows=1 width=84)
                     Sort Key: (st_distance(st_transform(s_2646.the_geom, 25833), schw_2646.schw))
                     ->  Nested Loop  (cost=0.00..97.81 rows=1 width=84)
                           Join Filter: ((st_transform(s_2646.the_geom, 25833) && st_expand(schw_2646.schw, '300'::double precision)) AND (schw_2646.schw && st_expand(st_transform(s_2646.the_geom, 25833), '300'::double precision)) AND _st_dwithin(st_transform(s_2646.the_geom, 25833), schw_2646.schw, '300'::double precision))
                           ->  Function Scan on schw_2646  (cost=0.00..0.01 rows=1 width=32)
                           ->  Seq Scan on phoml_trajectory_tmp s_2646  (cost=0.00..95.68 rows=17 width=40)
                                 Filter: ((unix_time >= '1685451567.641'::double precision) AND (unix_time <= '1685451627.641'::double precision))
   ->  Subquery Scan on "*SELECT* 2648"  (cost=97.82..97.83 rows=1 width=76)
         ->  Limit  (cost=97.82..97.82 rows=1 width=84)
               ->  Sort  (cost=97.82..97.82 rows=1 width=84)
                     Sort Key: (st_distance(st_transform(s_2647.the_geom, 25833), schw_2647.schw))
                     ->  Nested Loop  (cost=0.00..97.81 rows=1 width=84)
                           Join Filter: ((st_transform(s_2647.the_geom, 25833) && st_expand(schw_2647.schw, '300'::double precision)) AND (schw_2647.schw && st_expand(st_transform(s_2647.the_geom, 25833), '300'::double precision)) AND _st_dwithin(st_transform(s_2647.the_geom, 25833), schw_2647.schw, '300'::double precision))
                           ->  Function Scan on schw_2647  (cost=0.00..0.01 rows=1 width=32)
                           ->  Seq Scan on phoml_trajectory_tmp s_2647  (cost=0.00..95.68 rows=17 width=40)
                                 Filter: ((unix_time >= '1685451568.071'::double precision) AND (unix_time <= '1685451628.071'::double precision))
   ->  Subquery Scan on "*SELECT* 2649"  (cost=97.82..97.83 rows=1 width=76)
         ->  Limit  (cost=97.82..97.82 rows=1 width=84)
               ->  Sort  (cost=97.82..97.82 rows=1 width=84)
                     Sort Key: (st_distance(st_transform(s_2648.the_geom, 25833), schw_2648.schw))
                     ->  Nested Loop  (cost=0.00..97.81 rows=1 width=84)
                           Join Filter: ((st_transform(s_2648.the_geom, 25833) && st_expand(schw_2648.schw, '300'::double precision)) AND (schw_2648.schw && st_expand(st_transform(s_2648.the_geom, 25833), '300'::double precision)) AND _st_dwithin(st_transform(s_2648.the_geom, 25833), schw_2648.schw, '300'::double precision))
                           ->  Function Scan on schw_2648  (cost=0.00..0.01 rows=1 width=32)
                           ->  Seq Scan on phoml_trajectory_tmp s_2648  (cost=0.00..95.68 rows=17 width=40)
                                 Filter: ((unix_time >= '1685451568.508'::double precision) AND (unix_time <= '1685451628.508'::double precision))
   ->  Subquery Scan on "*SELECT* 2650"  (cost=97.82..97.83 rows=1 width=76)
         ->  Limit  (cost=97.82..97.82 rows=1 width=84)
               ->  Sort  (cost=97.82..97.82 rows=1 width=84)
                     Sort Key: (st_distance(st_transform(s_2649.the_geom, 25833), schw_2649.schw))
                     ->  Nested Loop  (cost=0.00..97.81 rows=1 width=84)
                           Join Filter: ((st_transform(s_2649.the_geom, 25833) && st_expand(schw_2649.schw, '300'::double precision)) AND (schw_2649.schw && st_expand(st_transform(s_2649.the_geom, 25833), '300'::double precision)) AND _st_dwithin(st_transform(s_2649.the_geom, 25833), schw_2649.schw, '300'::double precision))
                           ->  Function Scan on schw_2649  (cost=0.00..0.01 rows=1 width=32)
                           ->  Seq Scan on phoml_trajectory_tmp s_2649  (cost=0.00..95.68 rows=17 width=40)
                                 Filter: ((unix_time >= '1685451568.958'::double precision) AND (unix_time <= '1685451628.958'::double precision))
   ->  Subquery Scan on "*SELECT* 2651"  (cost=97.82..97.83 rows=1 width=76)
         ->  Limit  (cost=97.82..97.82 rows=1 width=84)
               ->  Sort  (cost=97.82..97.82 rows=1 width=84)
                     Sort Key: (st_distance(st_transform(s_2650.the_geom, 25833), schw_2650.schw))
                     ->  Nested Loop  (cost=0.00..97.81 rows=1 width=84)
                           Join Filter: ((st_transform(s_2650.the_geom, 25833) && st_expand(schw_2650.schw, '300'::double precision)) AND (schw_2650.schw && st_expand(st_transform(s_2650.the_geom, 25833), '300'::double precision)) AND _st_dwithin(st_transform(s_2650.the_geom, 25833), schw_2650.schw, '300'::double precision))
                           ->  Function Scan on schw_2650  (cost=0.00..0.01 rows=1 width=32)
                           ->  Seq Scan on phoml_trajectory_tmp s_2650  (cost=0.00..95.68 rows=17 width=40)
                                 Filter: ((unix_time >= '1685451569.41'::double precision) AND (unix_time <= '1685451629.41'::double precision))
   ->  Subquery Scan on "*SELECT* 2652"  (cost=97.82..97.83 rows=1 width=76)
         ->  Limit  (cost=97.82..97.82 rows=1 width=84)
               ->  Sort  (cost=97.82..97.82 rows=1 width=84)
                     Sort Key: (st_distance(st_transform(s_2651.the_geom, 25833), schw_2651.schw))
                     ->  Nested Loop  (cost=0.00..97.81 rows=1 width=84)
                           Join Filter: ((st_transform(s_2651.the_geom, 25833) && st_expand(schw_2651.schw, '300'::double precision)) AND (schw_2651.schw && st_expand(st_transform(s_2651.the_geom, 25833), '300'::double precision)) AND _st_dwithin(st_transform(s_2651.the_geom, 25833), schw_2651.schw, '300'::double precision))
                           ->  Function Scan on schw_2651  (cost=0.00..0.01 rows=1 width=32)
                           ->  Seq Scan on phoml_trajectory_tmp s_2651  (cost=0.00..95.68 rows=17 width=40)
                                 Filter: ((unix_time >= '1685451569.87'::double precision) AND (unix_time <= '1685451629.87'::double precision))
   ->  Subquery Scan on "*SELECT* 2653"  (cost=97.82..97.83 rows=1 width=76)
         ->  Limit  (cost=97.82..97.82 rows=1 width=84)
               ->  Sort  (cost=97.82..97.82 rows=1 width=84)
                     Sort Key: (st_distance(st_transform(s_2652.the_geom, 25833), schw_2652.schw))
                     ->  Nested Loop  (cost=0.00..97.81 rows=1 width=84)
                           Join Filter: ((st_transform(s_2652.the_geom, 25833) && st_expand(schw_2652.schw, '300'::double precision)) AND (schw_2652.schw && st_expand(st_transform(s_2652.the_geom, 25833), '300'::double precision)) AND _st_dwithin(st_transform(s_2652.the_geom, 25833), schw_2652.schw, '300'::double precision))
                           ->  Function Scan on schw_2652  (cost=0.00..0.01 rows=1 width=32)
                           ->  Seq Scan on phoml_trajectory_tmp s_2652  (cost=0.00..95.68 rows=17 width=40)
                                 Filter: ((unix_time >= '1685451570.316'::double precision) AND (unix_time <= '1685451630.316'::double precision))
   ->  Subquery Scan on "*SELECT* 2654"  (cost=97.82..97.83 rows=1 width=76)
         ->  Limit  (cost=97.82..97.82 rows=1 width=84)
               ->  Sort  (cost=97.82..97.82 rows=1 width=84)
                     Sort Key: (st_distance(st_transform(s_2653.the_geom, 25833), schw_2653.schw))
                     ->  Nested Loop  (cost=0.00..97.81 rows=1 width=84)
                           Join Filter: ((st_transform(s_2653.the_geom, 25833) && st_expand(schw_2653.schw, '300'::double precision)) AND (schw_2653.schw && st_expand(st_transform(s_2653.the_geom, 25833), '300'::double precision)) AND _st_dwithin(st_transform(s_2653.the_geom, 25833), schw_2653.schw, '300'::double precision))
                           ->  Function Scan on schw_2653  (cost=0.00..0.01 rows=1 width=32)
                           ->  Seq Scan on phoml_trajectory_tmp s_2653  (cost=0.00..95.68 rows=17 width=40)
                                 Filter: ((unix_time >= '1685451570.776'::double precision) AND (unix_time <= '1685451630.776'::double precision))
   ->  Subquery Scan on "*SELECT* 2655"  (cost=97.82..97.83 rows=1 width=76)
         ->  Limit  (cost=97.82..97.82 rows=1 width=84)
               ->  Sort  (cost=97.82..97.82 rows=1 width=84)
                     Sort Key: (st_distance(st_transform(s_2654.the_geom, 25833), schw_2654.schw))
                     ->  Nested Loop  (cost=0.00..97.81 rows=1 width=84)
                           Join Filter: ((st_transform(s_2654.the_geom, 25833) && st_expand(schw_2654.schw, '300'::double precision)) AND (schw_2654.schw && st_expand(st_transform(s_2654.the_geom, 25833), '300'::double precision)) AND _st_dwithin(st_transform(s_2654.the_geom, 25833), schw_2654.schw, '300'::double precision))
                           ->  Function Scan on schw_2654  (cost=0.00..0.01 rows=1 width=32)
                           ->  Seq Scan on phoml_trajectory_tmp s_2654  (cost=0.00..95.68 rows=17 width=40)
                                 Filter: ((unix_time >= '1685451571.232'::double precision) AND (unix_time <= '1685451631.232'::double precision))
   ->  Subquery Scan on "*SELECT* 2656"  (cost=97.82..97.83 rows=1 width=76)
         ->  Limit  (cost=97.82..97.82 rows=1 width=84)
               ->  Sort  (cost=97.82..97.82 rows=1 width=84)
                     Sort Key: (st_distance(st_transform(s_2655.the_geom, 25833), schw_2655.schw))
                     ->  Nested Loop  (cost=0.00..97.81 rows=1 width=84)
                           Join Filter: ((st_transform(s_2655.the_geom, 25833) && st_expand(schw_2655.schw, '300'::double precision)) AND (schw_2655.schw && st_expand(st_transform(s_2655.the_geom, 25833), '300'::double precision)) AND _st_dwithin(st_transform(s_2655.the_geom, 25833), schw_2655.schw, '300'::double precision))
                           ->  Function Scan on schw_2655  (cost=0.00..0.01 rows=1 width=32)
                           ->  Seq Scan on phoml_trajectory_tmp s_2655  (cost=0.00..95.68 rows=17 width=40)
                                 Filter: ((unix_time >= '1685451571.712'::double precision) AND (unix_time <= '1685451631.712'::double precision))
   ->  Subquery Scan on "*SELECT* 2657"  (cost=97.82..97.83 rows=1 width=76)
         ->  Limit  (cost=97.82..97.82 rows=1 width=84)
               ->  Sort  (cost=97.82..97.82 rows=1 width=84)
                     Sort Key: (st_distance(st_transform(s_2656.the_geom, 25833), schw_2656.schw))
                     ->  Nested Loop  (cost=0.00..97.81 rows=1 width=84)
                           Join Filter: ((st_transform(s_2656.the_geom, 25833) && st_expand(schw_2656.schw, '300'::double precision)) AND (schw_2656.schw && st_expand(st_transform(s_2656.the_geom, 25833), '300'::double precision)) AND _st_dwithin(st_transform(s_2656.the_geom, 25833), schw_2656.schw, '300'::double precision))
                           ->  Function Scan on schw_2656  (cost=0.00..0.01 rows=1 width=32)
                           ->  Seq Scan on phoml_trajectory_tmp s_2656  (cost=0.00..95.68 rows=17 width=40)
                                 Filter: ((unix_time >= '1685451572.189'::double precision) AND (unix_time <= '1685451632.189'::double precision))
   ->  Subquery Scan on "*SELECT* 2658"  (cost=97.82..97.83 rows=1 width=76)
         ->  Limit  (cost=97.82..97.82 rows=1 width=84)
               ->  Sort  (cost=97.82..97.82 rows=1 width=84)
                     Sort Key: (st_distance(st_transform(s_2657.the_geom, 25833), schw_2657.schw))
                     ->  Nested Loop  (cost=0.00..97.81 rows=1 width=84)
                           Join Filter: ((st_transform(s_2657.the_geom, 25833) && st_expand(schw_2657.schw, '300'::double precision)) AND (schw_2657.schw && st_expand(st_transform(s_2657.the_geom, 25833), '300'::double precision)) AND _st_dwithin(st_transform(s_2657.the_geom, 25833), schw_2657.schw, '300'::double precision))
                           ->  Function Scan on schw_2657  (cost=0.00..0.01 rows=1 width=32)
                           ->  Seq Scan on phoml_trajectory_tmp s_2657  (cost=0.00..95.68 rows=17 width=40)
                                 Filter: ((unix_time >= '1685451572.679'::double precision) AND (unix_time <= '1685451632.679'::double precision))
   ->  Subquery Scan on "*SELECT* 2659"  (cost=97.82..97.83 rows=1 width=76)
         ->  Limit  (cost=97.82..97.82 rows=1 width=84)
               ->  Sort  (cost=97.82..97.82 rows=1 width=84)
                     Sort Key: (st_distance(st_transform(s_2658.the_geom, 25833), schw_2658.schw))
                     ->  Nested Loop  (cost=0.00..97.81 rows=1 width=84)
                           Join Filter: ((st_transform(s_2658.the_geom, 25833) && st_expand(schw_2658.schw, '300'::double precision)) AND (schw_2658.schw && st_expand(st_transform(s_2658.the_geom, 25833), '300'::double precision)) AND _st_dwithin(st_transform(s_2658.the_geom, 25833), schw_2658.schw, '300'::double precision))
                           ->  Function Scan on schw_2658  (cost=0.00..0.01 rows=1 width=32)
                           ->  Seq Scan on phoml_trajectory_tmp s_2658  (cost=0.00..95.68 rows=17 width=40)
                                 Filter: ((unix_time >= '1685451573.183'::double precision) AND (unix_time <= '1685451633.183'::double precision))
   ->  Subquery Scan on "*SELECT* 2660"  (cost=97.82..97.83 rows=1 width=76)
         ->  Limit  (cost=97.82..97.82 rows=1 width=84)
               ->  Sort  (cost=97.82..97.82 rows=1 width=84)
                     Sort Key: (st_distance(st_transform(s_2659.the_geom, 25833), schw_2659.schw))
                     ->  Nested Loop  (cost=0.00..97.81 rows=1 width=84)
                           Join Filter: ((st_transform(s_2659.the_geom, 25833) && st_expand(schw_2659.schw, '300'::double precision)) AND (schw_2659.schw && st_expand(st_transform(s_2659.the_geom, 25833), '300'::double precision)) AND _st_dwithin(st_transform(s_2659.the_geom, 25833), schw_2659.schw, '300'::double precision))
                           ->  Function Scan on schw_2659  (cost=0.00..0.01 rows=1 width=32)
                           ->  Seq Scan on phoml_trajectory_tmp s_2659  (cost=0.00..95.68 rows=17 width=40)
                                 Filter: ((unix_time >= '1685451573.663'::double precision) AND (unix_time <= '1685451633.663'::double precision))
   ->  Subquery Scan on "*SELECT* 2661"  (cost=97.82..97.83 rows=1 width=76)
         ->  Limit  (cost=97.82..97.82 rows=1 width=84)
               ->  Sort  (cost=97.82..97.82 rows=1 width=84)
                     Sort Key: (st_distance(st_transform(s_2660.the_geom, 25833), schw_2660.schw))
                     ->  Nested Loop  (cost=0.00..97.81 rows=1 width=84)
                           Join Filter: ((st_transform(s_2660.the_geom, 25833) && st_expand(schw_2660.schw, '300'::double precision)) AND (schw_2660.schw && st_expand(st_transform(s_2660.the_geom, 25833), '300'::double precision)) AND _st_dwithin(st_transform(s_2660.the_geom, 25833), schw_2660.schw, '300'::double precision))
                           ->  Function Scan on schw_2660  (cost=0.00..0.01 rows=1 width=32)
                           ->  Seq Scan on phoml_trajectory_tmp s_2660  (cost=0.00..95.68 rows=17 width=40)
                                 Filter: ((unix_time >= '1685451574.142'::double precision) AND (unix_time <= '1685451634.142'::double precision))
   ->  Subquery Scan on "*SELECT* 2662"  (cost=97.82..97.83 rows=1 width=76)
         ->  Limit  (cost=97.82..97.82 rows=1 width=84)
               ->  Sort  (cost=97.82..97.82 rows=1 width=84)
                     Sort Key: (st_distance(st_transform(s_2661.the_geom, 25833), schw_2661.schw))
                     ->  Nested Loop  (cost=0.00..97.81 rows=1 width=84)
                           Join Filter: ((st_transform(s_2661.the_geom, 25833) && st_expand(schw_2661.schw, '300'::double precision)) AND (schw_2661.schw && st_expand(st_transform(s_2661.the_geom, 25833), '300'::double precision)) AND _st_dwithin(st_transform(s_2661.the_geom, 25833), schw_2661.schw, '300'::double precision))
                           ->  Function Scan on schw_2661  (cost=0.00..0.01 rows=1 width=32)
                           ->  Seq Scan on phoml_trajectory_tmp s_2661  (cost=0.00..95.68 rows=17 width=40)
                                 Filter: ((unix_time >= '1685451574.612'::double precision) AND (unix_time <= '1685451634.612'::double precision))
   ->  Subquery Scan on "*SELECT* 2663"  (cost=97.82..97.83 rows=1 width=76)
         ->  Limit  (cost=97.82..97.82 rows=1 width=84)
               ->  Sort  (cost=97.82..97.82 rows=1 width=84)
                     Sort Key: (st_distance(st_transform(s_2662.the_geom, 25833), schw_2662.schw))
                     ->  Nested Loop  (cost=0.00..97.81 rows=1 width=84)
                           Join Filter: ((st_transform(s_2662.the_geom, 25833) && st_expand(schw_2662.schw, '300'::double precision)) AND (schw_2662.schw && st_expand(st_transform(s_2662.the_geom, 25833), '300'::double precision)) AND _st_dwithin(st_transform(s_2662.the_geom, 25833), schw_2662.schw, '300'::double precision))
                           ->  Function Scan on schw_2662  (cost=0.00..0.01 rows=1 width=32)
                           ->  Seq Scan on phoml_trajectory_tmp s_2662  (cost=0.00..95.68 rows=17 width=40)
                                 Filter: ((unix_time >= '1685451575.082'::double precision) AND (unix_time <= '1685451635.082'::double precision))
   ->  Subquery Scan on "*SELECT* 2664"  (cost=97.82..97.83 rows=1 width=76)
         ->  Limit  (cost=97.82..97.82 rows=1 width=84)
               ->  Sort  (cost=97.82..97.82 rows=1 width=84)
                     Sort Key: (st_distance(st_transform(s_2663.the_geom, 25833), schw_2663.schw))
                     ->  Nested Loop  (cost=0.00..97.81 rows=1 width=84)
                           Join Filter: ((st_transform(s_2663.the_geom, 25833) && st_expand(schw_2663.schw, '300'::double precision)) AND (schw_2663.schw && st_expand(st_transform(s_2663.the_geom, 25833), '300'::double precision)) AND _st_dwithin(st_transform(s_2663.the_geom, 25833), schw_2663.schw, '300'::double precision))
                           ->  Function Scan on schw_2663  (cost=0.00..0.01 rows=1 width=32)
                           ->  Seq Scan on phoml_trajectory_tmp s_2663  (cost=0.00..95.68 rows=17 width=40)
                                 Filter: ((unix_time >= '1685451575.542'::double precision) AND (unix_time <= '1685451635.542'::double precision))
   ->  Subquery Scan on "*SELECT* 2665"  (cost=97.82..97.83 rows=1 width=76)
         ->  Limit  (cost=97.82..97.82 rows=1 width=84)
               ->  Sort  (cost=97.82..97.82 rows=1 width=84)
                     Sort Key: (st_distance(st_transform(s_2664.the_geom, 25833), schw_2664.schw))
                     ->  Nested Loop  (cost=0.00..97.81 rows=1 width=84)
                           Join Filter: ((st_transform(s_2664.the_geom, 25833) && st_expand(schw_2664.schw, '300'::double precision)) AND (schw_2664.schw && st_expand(st_transform(s_2664.the_geom, 25833), '300'::double precision)) AND _st_dwithin(st_transform(s_2664.the_geom, 25833), schw_2664.schw, '300'::double precision))
                           ->  Function Scan on schw_2664  (cost=0.00..0.01 rows=1 width=32)
                           ->  Seq Scan on phoml_trajectory_tmp s_2664  (cost=0.00..95.68 rows=17 width=40)
                                 Filter: ((unix_time >= '1685451575.992'::double precision) AND (unix_time <= '1685451635.992'::double precision))
   ->  Subquery Scan on "*SELECT* 2666"  (cost=97.82..97.83 rows=1 width=76)
         ->  Limit  (cost=97.82..97.82 rows=1 width=84)
               ->  Sort  (cost=97.82..97.82 rows=1 width=84)
                     Sort Key: (st_distance(st_transform(s_2665.the_geom, 25833), schw_2665.schw))
                     ->  Nested Loop  (cost=0.00..97.81 rows=1 width=84)
                           Join Filter: ((st_transform(s_2665.the_geom, 25833) && st_expand(schw_2665.schw, '300'::double precision)) AND (schw_2665.schw && st_expand(st_transform(s_2665.the_geom, 25833), '300'::double precision)) AND _st_dwithin(st_transform(s_2665.the_geom, 25833), schw_2665.schw, '300'::double precision))
                           ->  Function Scan on schw_2665  (cost=0.00..0.01 rows=1 width=32)
                           ->  Seq Scan on phoml_trajectory_tmp s_2665  (cost=0.00..95.68 rows=17 width=40)
                                 Filter: ((unix_time >= '1685451576.435'::double precision) AND (unix_time <= '1685451636.435'::double precision))
   ->  Subquery Scan on "*SELECT* 2667"  (cost=97.82..97.83 rows=1 width=76)
         ->  Limit  (cost=97.82..97.82 rows=1 width=84)
               ->  Sort  (cost=97.82..97.82 rows=1 width=84)
                     Sort Key: (st_distance(st_transform(s_2666.the_geom, 25833), schw_2666.schw))
                     ->  Nested Loop  (cost=0.00..97.81 rows=1 width=84)
                           Join Filter: ((st_transform(s_2666.the_geom, 25833) && st_expand(schw_2666.schw, '300'::double precision)) AND (schw_2666.schw && st_expand(st_transform(s_2666.the_geom, 25833), '300'::double precision)) AND _st_dwithin(st_transform(s_2666.the_geom, 25833), schw_2666.schw, '300'::double precision))
                           ->  Function Scan on schw_2666  (cost=0.00..0.01 rows=1 width=32)
                           ->  Seq Scan on phoml_trajectory_tmp s_2666  (cost=0.00..95.68 rows=17 width=40)
                                 Filter: ((unix_time >= '1685451576.855'::double precision) AND (unix_time <= '1685451636.855'::double precision))
   ->  Subquery Scan on "*SELECT* 2668"  (cost=97.82..97.83 rows=1 width=76)
         ->  Limit  (cost=97.82..97.82 rows=1 width=84)
               ->  Sort  (cost=97.82..97.82 rows=1 width=84)
                     Sort Key: (st_distance(st_transform(s_2667.the_geom, 25833), schw_2667.schw))
                     ->  Nested Loop  (cost=0.00..97.81 rows=1 width=84)
                           Join Filter: ((st_transform(s_2667.the_geom, 25833) && st_expand(schw_2667.schw, '300'::double precision)) AND (schw_2667.schw && st_expand(st_transform(s_2667.the_geom, 25833), '300'::double precision)) AND _st_dwithin(st_transform(s_2667.the_geom, 25833), schw_2667.schw, '300'::double precision))
                           ->  Function Scan on schw_2667  (cost=0.00..0.01 rows=1 width=32)
                           ->  Seq Scan on phoml_trajectory_tmp s_2667  (cost=0.00..95.68 rows=17 width=40)
                                 Filter: ((unix_time >= '1685451577.268'::double precision) AND (unix_time <= '1685451637.268'::double precision))
   ->  Subquery Scan on "*SELECT* 2669"  (cost=97.82..97.83 rows=1 width=76)
         ->  Limit  (cost=97.82..97.82 rows=1 width=84)
               ->  Sort  (cost=97.82..97.82 rows=1 width=84)
                     Sort Key: (st_distance(st_transform(s_2668.the_geom, 25833), schw_2668.schw))
                     ->  Nested Loop  (cost=0.00..97.81 rows=1 width=84)
                           Join Filter: ((st_transform(s_2668.the_geom, 25833) && st_expand(schw_2668.schw, '300'::double precision)) AND (schw_2668.schw && st_expand(st_transform(s_2668.the_geom, 25833), '300'::double precision)) AND _st_dwithin(st_transform(s_2668.the_geom, 25833), schw_2668.schw, '300'::double precision))
                           ->  Function Scan on schw_2668  (cost=0.00..0.01 rows=1 width=32)
                           ->  Seq Scan on phoml_trajectory_tmp s_2668  (cost=0.00..95.68 rows=17 width=40)
                                 Filter: ((unix_time >= '1685451577.698'::double precision) AND (unix_time <= '1685451637.698'::double precision))
   ->  Subquery Scan on "*SELECT* 2670"  (cost=97.82..97.83 rows=1 width=76)
         ->  Limit  (cost=97.82..97.82 rows=1 width=84)
               ->  Sort  (cost=97.82..97.82 rows=1 width=84)
                     Sort Key: (st_distance(st_transform(s_2669.the_geom, 25833), schw_2669.schw))
                     ->  Nested Loop  (cost=0.00..97.81 rows=1 width=84)
                           Join Filter: ((st_transform(s_2669.the_geom, 25833) && st_expand(schw_2669.schw, '300'::double precision)) AND (schw_2669.schw && st_expand(st_transform(s_2669.the_geom, 25833), '300'::double precision)) AND _st_dwithin(st_transform(s_2669.the_geom, 25833), schw_2669.schw, '300'::double precision))
                           ->  Function Scan on schw_2669  (cost=0.00..0.01 rows=1 width=32)
                           ->  Seq Scan on phoml_trajectory_tmp s_2669  (cost=0.00..95.68 rows=17 width=40)
                                 Filter: ((unix_time >= '1685451578.108'::double precision) AND (unix_time <= '1685451638.108'::double precision))
   ->  Subquery Scan on "*SELECT* 2671"  (cost=97.82..97.83 rows=1 width=76)
         ->  Limit  (cost=97.82..97.82 rows=1 width=84)
               ->  Sort  (cost=97.82..97.82 rows=1 width=84)
                     Sort Key: (st_distance(st_transform(s_2670.the_geom, 25833), schw_2670.schw))
                     ->  Nested Loop  (cost=0.00..97.81 rows=1 width=84)
                           Join Filter: ((st_transform(s_2670.the_geom, 25833) && st_expand(schw_2670.schw, '300'::double precision)) AND (schw_2670.schw && st_expand(st_transform(s_2670.the_geom, 25833), '300'::double precision)) AND _st_dwithin(st_transform(s_2670.the_geom, 25833), schw_2670.schw, '300'::double precision))
                           ->  Function Scan on schw_2670  (cost=0.00..0.01 rows=1 width=32)
                           ->  Seq Scan on phoml_trajectory_tmp s_2670  (cost=0.00..95.68 rows=17 width=40)
                                 Filter: ((unix_time >= '1685451578.515'::double precision) AND (unix_time <= '1685451638.515'::double precision))
   ->  Subquery Scan on "*SELECT* 2672"  (cost=97.82..97.83 rows=1 width=76)
         ->  Limit  (cost=97.82..97.82 rows=1 width=84)
               ->  Sort  (cost=97.82..97.82 rows=1 width=84)
                     Sort Key: (st_distance(st_transform(s_2671.the_geom, 25833), schw_2671.schw))
                     ->  Nested Loop  (cost=0.00..97.81 rows=1 width=84)
                           Join Filter: ((st_transform(s_2671.the_geom, 25833) && st_expand(schw_2671.schw, '300'::double precision)) AND (schw_2671.schw && st_expand(st_transform(s_2671.the_geom, 25833), '300'::double precision)) AND _st_dwithin(st_transform(s_2671.the_geom, 25833), schw_2671.schw, '300'::double precision))
                           ->  Function Scan on schw_2671  (cost=0.00..0.01 rows=1 width=32)
                           ->  Seq Scan on phoml_trajectory_tmp s_2671  (cost=0.00..95.68 rows=17 width=40)
                                 Filter: ((unix_time >= '1685451578.935'::double precision) AND (unix_time <= '1685451638.935'::double precision))
   ->  Subquery Scan on "*SELECT* 2673"  (cost=97.82..97.83 rows=1 width=76)
         ->  Limit  (cost=97.82..97.82 rows=1 width=84)
               ->  Sort  (cost=97.82..97.82 rows=1 width=84)
                     Sort Key: (st_distance(st_transform(s_2672.the_geom, 25833), schw_2672.schw))
                     ->  Nested Loop  (cost=0.00..97.81 rows=1 width=84)
                           Join Filter: ((st_transform(s_2672.the_geom, 25833) && st_expand(schw_2672.schw, '300'::double precision)) AND (schw_2672.schw && st_expand(st_transform(s_2672.the_geom, 25833), '300'::double precision)) AND _st_dwithin(st_transform(s_2672.the_geom, 25833), schw_2672.schw, '300'::double precision))
                           ->  Function Scan on schw_2672  (cost=0.00..0.01 rows=1 width=32)
                           ->  Seq Scan on phoml_trajectory_tmp s_2672  (cost=0.00..95.68 rows=17 width=40)
                                 Filter: ((unix_time >= '1685451579.351'::double precision) AND (unix_time <= '1685451639.351'::double precision))
   ->  Subquery Scan on "*SELECT* 2674"  (cost=97.82..97.83 rows=1 width=76)
         ->  Limit  (cost=97.82..97.82 rows=1 width=84)
               ->  Sort  (cost=97.82..97.82 rows=1 width=84)
                     Sort Key: (st_distance(st_transform(s_2673.the_geom, 25833), schw_2673.schw))
                     ->  Nested Loop  (cost=0.00..97.81 rows=1 width=84)
                           Join Filter: ((st_transform(s_2673.the_geom, 25833) && st_expand(schw_2673.schw, '300'::double precision)) AND (schw_2673.schw && st_expand(st_transform(s_2673.the_geom, 25833), '300'::double precision)) AND _st_dwithin(st_transform(s_2673.the_geom, 25833), schw_2673.schw, '300'::double precision))
                           ->  Function Scan on schw_2673  (cost=0.00..0.01 rows=1 width=32)
                           ->  Seq Scan on phoml_trajectory_tmp s_2673  (cost=0.00..95.68 rows=17 width=40)
                                 Filter: ((unix_time >= '1685451579.761'::double precision) AND (unix_time <= '1685451639.761'::double precision))
   ->  Subquery Scan on "*SELECT* 2675"  (cost=97.82..97.83 rows=1 width=76)
         ->  Limit  (cost=97.82..97.82 rows=1 width=84)
               ->  Sort  (cost=97.82..97.82 rows=1 width=84)
                     Sort Key: (st_distance(st_transform(s_2674.the_geom, 25833), schw_2674.schw))
                     ->  Nested Loop  (cost=0.00..97.81 rows=1 width=84)
                           Join Filter: ((st_transform(s_2674.the_geom, 25833) && st_expand(schw_2674.schw, '300'::double precision)) AND (schw_2674.schw && st_expand(st_transform(s_2674.the_geom, 25833), '300'::double precision)) AND _st_dwithin(st_transform(s_2674.the_geom, 25833), schw_2674.schw, '300'::double precision))
                           ->  Function Scan on schw_2674  (cost=0.00..0.01 rows=1 width=32)
                           ->  Seq Scan on phoml_trajectory_tmp s_2674  (cost=0.00..95.68 rows=17 width=40)
                                 Filter: ((unix_time >= '1685451580.197'::double precision) AND (unix_time <= '1685451640.197'::double precision))
   ->  Subquery Scan on "*SELECT* 2676"  (cost=97.82..97.83 rows=1 width=76)
         ->  Limit  (cost=97.82..97.82 rows=1 width=84)
               ->  Sort  (cost=97.82..97.82 rows=1 width=84)
                     Sort Key: (st_distance(st_transform(s_2675.the_geom, 25833), schw_2675.schw))
                     ->  Nested Loop  (cost=0.00..97.81 rows=1 width=84)
                           Join Filter: ((st_transform(s_2675.the_geom, 25833) && st_expand(schw_2675.schw, '300'::double precision)) AND (schw_2675.schw && st_expand(st_transform(s_2675.the_geom, 25833), '300'::double precision)) AND _st_dwithin(st_transform(s_2675.the_geom, 25833), schw_2675.schw, '300'::double precision))
                           ->  Function Scan on schw_2675  (cost=0.00..0.01 rows=1 width=32)
                           ->  Seq Scan on phoml_trajectory_tmp s_2675  (cost=0.00..95.68 rows=17 width=40)
                                 Filter: ((unix_time >= '1685451580.617'::double precision) AND (unix_time <= '1685451640.617'::double precision))
   ->  Subquery Scan on "*SELECT* 2677"  (cost=97.82..97.83 rows=1 width=76)
         ->  Limit  (cost=97.82..97.82 rows=1 width=84)
               ->  Sort  (cost=97.82..97.82 rows=1 width=84)
                     Sort Key: (st_distance(st_transform(s_2676.the_geom, 25833), schw_2676.schw))
                     ->  Nested Loop  (cost=0.00..97.81 rows=1 width=84)
                           Join Filter: ((st_transform(s_2676.the_geom, 25833) && st_expand(schw_2676.schw, '300'::double precision)) AND (schw_2676.schw && st_expand(st_transform(s_2676.the_geom, 25833), '300'::double precision)) AND _st_dwithin(st_transform(s_2676.the_geom, 25833), schw_2676.schw, '300'::double precision))
                           ->  Function Scan on schw_2676  (cost=0.00..0.01 rows=1 width=32)
                           ->  Seq Scan on phoml_trajectory_tmp s_2676  (cost=0.00..95.68 rows=17 width=40)
                                 Filter: ((unix_time >= '1685451581.067'::double precision) AND (unix_time <= '1685451641.067'::double precision))
   ->  Subquery Scan on "*SELECT* 2678"  (cost=97.82..97.83 rows=1 width=76)
         ->  Limit  (cost=97.82..97.82 rows=1 width=84)
               ->  Sort  (cost=97.82..97.82 rows=1 width=84)
                     Sort Key: (st_distance(st_transform(s_2677.the_geom, 25833), schw_2677.schw))
                     ->  Nested Loop  (cost=0.00..97.81 rows=1 width=84)
                           Join Filter: ((st_transform(s_2677.the_geom, 25833) && st_expand(schw_2677.schw, '300'::double precision)) AND (schw_2677.schw && st_expand(st_transform(s_2677.the_geom, 25833), '300'::double precision)) AND _st_dwithin(st_transform(s_2677.the_geom, 25833), schw_2677.schw, '300'::double precision))
                           ->  Function Scan on schw_2677  (cost=0.00..0.01 rows=1 width=32)
                           ->  Seq Scan on phoml_trajectory_tmp s_2677  (cost=0.00..95.68 rows=17 width=40)
                                 Filter: ((unix_time >= '1685451581.538'::double precision) AND (unix_time <= '1685451641.538'::double precision))
   ->  Subquery Scan on "*SELECT* 2679"  (cost=97.82..97.83 rows=1 width=76)
         ->  Limit  (cost=97.82..97.82 rows=1 width=84)
               ->  Sort  (cost=97.82..97.82 rows=1 width=84)
                     Sort Key: (st_distance(st_transform(s_2678.the_geom, 25833), schw_2678.schw))
                     ->  Nested Loop  (cost=0.00..97.81 rows=1 width=84)
                           Join Filter: ((st_transform(s_2678.the_geom, 25833) && st_expand(schw_2678.schw, '300'::double precision)) AND (schw_2678.schw && st_expand(st_transform(s_2678.the_geom, 25833), '300'::double precision)) AND _st_dwithin(st_transform(s_2678.the_geom, 25833), schw_2678.schw, '300'::double precision))
                           ->  Function Scan on schw_2678  (cost=0.00..0.01 rows=1 width=32)
                           ->  Seq Scan on phoml_trajectory_tmp s_2678  (cost=0.00..95.68 rows=17 width=40)
                                 Filter: ((unix_time >= '1685451582.008'::double precision) AND (unix_time <= '1685451642.008'::double precision))
   ->  Subquery Scan on "*SELECT* 2680"  (cost=97.82..97.83 rows=1 width=76)
         ->  Limit  (cost=97.82..97.82 rows=1 width=84)
               ->  Sort  (cost=97.82..97.82 rows=1 width=84)
                     Sort Key: (st_distance(st_transform(s_2679.the_geom, 25833), schw_2679.schw))
                     ->  Nested Loop  (cost=0.00..97.81 rows=1 width=84)
                           Join Filter: ((st_transform(s_2679.the_geom, 25833) && st_expand(schw_2679.schw, '300'::double precision)) AND (schw_2679.schw && st_expand(st_transform(s_2679.the_geom, 25833), '300'::double precision)) AND _st_dwithin(st_transform(s_2679.the_geom, 25833), schw_2679.schw, '300'::double precision))
                           ->  Function Scan on schw_2679  (cost=0.00..0.01 rows=1 width=32)
                           ->  Seq Scan on phoml_trajectory_tmp s_2679  (cost=0.00..95.68 rows=17 width=40)
                                 Filter: ((unix_time >= '1685451582.496'::double precision) AND (unix_time <= '1685451642.496'::double precision))
   ->  Subquery Scan on "*SELECT* 2681"  (cost=97.82..97.83 rows=1 width=76)
         ->  Limit  (cost=97.82..97.82 rows=1 width=84)
               ->  Sort  (cost=97.82..97.82 rows=1 width=84)
                     Sort Key: (st_distance(st_transform(s_2680.the_geom, 25833), schw_2680.schw))
                     ->  Nested Loop  (cost=0.00..97.81 rows=1 width=84)
                           Join Filter: ((st_transform(s_2680.the_geom, 25833) && st_expand(schw_2680.schw, '300'::double precision)) AND (schw_2680.schw && st_expand(st_transform(s_2680.the_geom, 25833), '300'::double precision)) AND _st_dwithin(st_transform(s_2680.the_geom, 25833), schw_2680.schw, '300'::double precision))
                           ->  Function Scan on schw_2680  (cost=0.00..0.01 rows=1 width=32)
                           ->  Seq Scan on phoml_trajectory_tmp s_2680  (cost=0.00..95.68 rows=17 width=40)
                                 Filter: ((unix_time >= '1685451582.996'::double precision) AND (unix_time <= '1685451642.996'::double precision))
   ->  Subquery Scan on "*SELECT* 2682"  (cost=97.82..97.83 rows=1 width=76)
         ->  Limit  (cost=97.82..97.82 rows=1 width=84)
               ->  Sort  (cost=97.82..97.82 rows=1 width=84)
                     Sort Key: (st_distance(st_transform(s_2681.the_geom, 25833), schw_2681.schw))
                     ->  Nested Loop  (cost=0.00..97.81 rows=1 width=84)
                           Join Filter: ((st_transform(s_2681.the_geom, 25833) && st_expand(schw_2681.schw, '300'::double precision)) AND (schw_2681.schw && st_expand(st_transform(s_2681.the_geom, 25833), '300'::double precision)) AND _st_dwithin(st_transform(s_2681.the_geom, 25833), schw_2681.schw, '300'::double precision))
                           ->  Function Scan on schw_2681  (cost=0.00..0.01 rows=1 width=32)
                           ->  Seq Scan on phoml_trajectory_tmp s_2681  (cost=0.00..95.68 rows=17 width=40)
                                 Filter: ((unix_time >= '1685451583.509'::double precision) AND (unix_time <= '1685451643.509'::double precision))
   ->  Subquery Scan on "*SELECT* 2683"  (cost=97.82..97.83 rows=1 width=76)
         ->  Limit  (cost=97.82..97.82 rows=1 width=84)
               ->  Sort  (cost=97.82..97.82 rows=1 width=84)
                     Sort Key: (st_distance(st_transform(s_2682.the_geom, 25833), schw_2682.schw))
                     ->  Nested Loop  (cost=0.00..97.81 rows=1 width=84)
                           Join Filter: ((st_transform(s_2682.the_geom, 25833) && st_expand(schw_2682.schw, '300'::double precision)) AND (schw_2682.schw && st_expand(st_transform(s_2682.the_geom, 25833), '300'::double precision)) AND _st_dwithin(st_transform(s_2682.the_geom, 25833), schw_2682.schw, '300'::double precision))
                           ->  Function Scan on schw_2682  (cost=0.00..0.01 rows=1 width=32)
                           ->  Seq Scan on phoml_trajectory_tmp s_2682  (cost=0.00..95.68 rows=17 width=40)
                                 Filter: ((unix_time >= '1685451584.009'::double precision) AND (unix_time <= '1685451644.009'::double precision))
   ->  Subquery Scan on "*SELECT* 2684"  (cost=97.82..97.83 rows=1 width=76)
         ->  Limit  (cost=97.82..97.82 rows=1 width=84)
               ->  Sort  (cost=97.82..97.82 rows=1 width=84)
                     Sort Key: (st_distance(st_transform(s_2683.the_geom, 25833), schw_2683.schw))
                     ->  Nested Loop  (cost=0.00..97.81 rows=1 width=84)
                           Join Filter: ((st_transform(s_2683.the_geom, 25833) && st_expand(schw_2683.schw, '300'::double precision)) AND (schw_2683.schw && st_expand(st_transform(s_2683.the_geom, 25833), '300'::double precision)) AND _st_dwithin(st_transform(s_2683.the_geom, 25833), schw_2683.schw, '300'::double precision))
                           ->  Function Scan on schw_2683  (cost=0.00..0.01 rows=1 width=32)
                           ->  Seq Scan on phoml_trajectory_tmp s_2683  (cost=0.00..95.68 rows=17 width=40)
                                 Filter: ((unix_time >= '1685451584.502'::double precision) AND (unix_time <= '1685451644.502'::double precision))
   ->  Subquery Scan on "*SELECT* 2685"  (cost=97.82..97.83 rows=1 width=76)
         ->  Limit  (cost=97.82..97.82 rows=1 width=84)
               ->  Sort  (cost=97.82..97.82 rows=1 width=84)
                     Sort Key: (st_distance(st_transform(s_2684.the_geom, 25833), schw_2684.schw))
                     ->  Nested Loop  (cost=0.00..97.81 rows=1 width=84)
                           Join Filter: ((st_transform(s_2684.the_geom, 25833) && st_expand(schw_2684.schw, '300'::double precision)) AND (schw_2684.schw && st_expand(st_transform(s_2684.the_geom, 25833), '300'::double precision)) AND _st_dwithin(st_transform(s_2684.the_geom, 25833), schw_2684.schw, '300'::double precision))
                           ->  Function Scan on schw_2684  (cost=0.00..0.01 rows=1 width=32)
                           ->  Seq Scan on phoml_trajectory_tmp s_2684  (cost=0.00..95.68 rows=17 width=40)
                                 Filter: ((unix_time >= '1685451584.982'::double precision) AND (unix_time <= '1685451644.982'::double precision))
   ->  Subquery Scan on "*SELECT* 2686"  (cost=97.82..97.83 rows=1 width=76)
         ->  Limit  (cost=97.82..97.82 rows=1 width=84)
               ->  Sort  (cost=97.82..97.82 rows=1 width=84)
                     Sort Key: (st_distance(st_transform(s_2685.the_geom, 25833), schw_2685.schw))
                     ->  Nested Loop  (cost=0.00..97.81 rows=1 width=84)
                           Join Filter: ((st_transform(s_2685.the_geom, 25833) && st_expand(schw_2685.schw, '300'::double precision)) AND (schw_2685.schw && st_expand(st_transform(s_2685.the_geom, 25833), '300'::double precision)) AND _st_dwithin(st_transform(s_2685.the_geom, 25833), schw_2685.schw, '300'::double precision))
                           ->  Function Scan on schw_2685  (cost=0.00..0.01 rows=1 width=32)
                           ->  Seq Scan on phoml_trajectory_tmp s_2685  (cost=0.00..95.68 rows=17 width=40)
                                 Filter: ((unix_time >= '1685451585.459'::double precision) AND (unix_time <= '1685451645.459'::double precision))
   ->  Subquery Scan on "*SELECT* 2687"  (cost=97.82..97.83 rows=1 width=76)
         ->  Limit  (cost=97.82..97.82 rows=1 width=84)
               ->  Sort  (cost=97.82..97.82 rows=1 width=84)
                     Sort Key: (st_distance(st_transform(s_2686.the_geom, 25833), schw_2686.schw))
                     ->  Nested Loop  (cost=0.00..97.81 rows=1 width=84)
                           Join Filter: ((st_transform(s_2686.the_geom, 25833) && st_expand(schw_2686.schw, '300'::double precision)) AND (schw_2686.schw && st_expand(st_transform(s_2686.the_geom, 25833), '300'::double precision)) AND _st_dwithin(st_transform(s_2686.the_geom, 25833), schw_2686.schw, '300'::double precision))
                           ->  Function Scan on schw_2686  (cost=0.00..0.01 rows=1 width=32)
                           ->  Seq Scan on phoml_trajectory_tmp s_2686  (cost=0.00..95.68 rows=17 width=40)
                                 Filter: ((unix_time >= '1685451585.909'::double precision) AND (unix_time <= '1685451645.909'::double precision))
   ->  Subquery Scan on "*SELECT* 2688"  (cost=97.82..97.83 rows=1 width=76)
         ->  Limit  (cost=97.82..97.82 rows=1 width=84)
               ->  Sort  (cost=97.82..97.82 rows=1 width=84)
                     Sort Key: (st_distance(st_transform(s_2687.the_geom, 25833), schw_2687.schw))
                     ->  Nested Loop  (cost=0.00..97.81 rows=1 width=84)
                           Join Filter: ((st_transform(s_2687.the_geom, 25833) && st_expand(schw_2687.schw, '300'::double precision)) AND (schw_2687.schw && st_expand(st_transform(s_2687.the_geom, 25833), '300'::double precision)) AND _st_dwithin(st_transform(s_2687.the_geom, 25833), schw_2687.schw, '300'::double precision))
                           ->  Function Scan on schw_2687  (cost=0.00..0.01 rows=1 width=32)
                           ->  Seq Scan on phoml_trajectory_tmp s_2687  (cost=0.00..95.68 rows=17 width=40)
                                 Filter: ((unix_time >= '1685451586.361'::double precision) AND (unix_time <= '1685451646.361'::double precision))
   ->  Subquery Scan on "*SELECT* 2689"  (cost=97.82..97.83 rows=1 width=76)
         ->  Limit  (cost=97.82..97.82 rows=1 width=84)
               ->  Sort  (cost=97.82..97.82 rows=1 width=84)
                     Sort Key: (st_distance(st_transform(s_2688.the_geom, 25833), schw_2688.schw))
                     ->  Nested Loop  (cost=0.00..97.81 rows=1 width=84)
                           Join Filter: ((st_transform(s_2688.the_geom, 25833) && st_expand(schw_2688.schw, '300'::double precision)) AND (schw_2688.schw && st_expand(st_transform(s_2688.the_geom, 25833), '300'::double precision)) AND _st_dwithin(st_transform(s_2688.the_geom, 25833), schw_2688.schw, '300'::double precision))
                           ->  Function Scan on schw_2688  (cost=0.00..0.01 rows=1 width=32)
                           ->  Seq Scan on phoml_trajectory_tmp s_2688  (cost=0.00..95.68 rows=17 width=40)
                                 Filter: ((unix_time >= '1685451586.801'::double precision) AND (unix_time <= '1685451646.801'::double precision))
   ->  Subquery Scan on "*SELECT* 2690"  (cost=97.82..97.83 rows=1 width=76)
         ->  Limit  (cost=97.82..97.82 rows=1 width=84)
               ->  Sort  (cost=97.82..97.82 rows=1 width=84)
                     Sort Key: (st_distance(st_transform(s_2689.the_geom, 25833), schw_2689.schw))
                     ->  Nested Loop  (cost=0.00..97.81 rows=1 width=84)
                           Join Filter: ((st_transform(s_2689.the_geom, 25833) && st_expand(schw_2689.schw, '300'::double precision)) AND (schw_2689.schw && st_expand(st_transform(s_2689.the_geom, 25833), '300'::double precision)) AND _st_dwithin(st_transform(s_2689.the_geom, 25833), schw_2689.schw, '300'::double precision))
                           ->  Function Scan on schw_2689  (cost=0.00..0.01 rows=1 width=32)
                           ->  Seq Scan on phoml_trajectory_tmp s_2689  (cost=0.00..95.68 rows=17 width=40)
                                 Filter: ((unix_time >= '1685451587.236'::double precision) AND (unix_time <= '1685451647.236'::double precision))
   ->  Subquery Scan on "*SELECT* 2691"  (cost=97.82..97.83 rows=1 width=76)
         ->  Limit  (cost=97.82..97.82 rows=1 width=84)
               ->  Sort  (cost=97.82..97.82 rows=1 width=84)
                     Sort Key: (st_distance(st_transform(s_2690.the_geom, 25833), schw_2690.schw))
                     ->  Nested Loop  (cost=0.00..97.81 rows=1 width=84)
                           Join Filter: ((st_transform(s_2690.the_geom, 25833) && st_expand(schw_2690.schw, '300'::double precision)) AND (schw_2690.schw && st_expand(st_transform(s_2690.the_geom, 25833), '300'::double precision)) AND _st_dwithin(st_transform(s_2690.the_geom, 25833), schw_2690.schw, '300'::double precision))
                           ->  Function Scan on schw_2690  (cost=0.00..0.01 rows=1 width=32)
                           ->  Seq Scan on phoml_trajectory_tmp s_2690  (cost=0.00..95.68 rows=17 width=40)
                                 Filter: ((unix_time >= '1685451587.636'::double precision) AND (unix_time <= '1685451647.636'::double precision))
   ->  Subquery Scan on "*SELECT* 2692"  (cost=97.82..97.83 rows=1 width=76)
         ->  Limit  (cost=97.82..97.82 rows=1 width=84)
               ->  Sort  (cost=97.82..97.82 rows=1 width=84)
                     Sort Key: (st_distance(st_transform(s_2691.the_geom, 25833), schw_2691.schw))
                     ->  Nested Loop  (cost=0.00..97.81 rows=1 width=84)
                           Join Filter: ((st_transform(s_2691.the_geom, 25833) && st_expand(schw_2691.schw, '300'::double precision)) AND (schw_2691.schw && st_expand(st_transform(s_2691.the_geom, 25833), '300'::double precision)) AND _st_dwithin(st_transform(s_2691.the_geom, 25833), schw_2691.schw, '300'::double precision))
                           ->  Function Scan on schw_2691  (cost=0.00..0.01 rows=1 width=32)
                           ->  Seq Scan on phoml_trajectory_tmp s_2691  (cost=0.00..95.68 rows=17 width=40)
                                 Filter: ((unix_time >= '1685451588.046'::double precision) AND (unix_time <= '1685451648.046'::double precision))
   ->  Subquery Scan on "*SELECT* 2693"  (cost=97.82..97.83 rows=1 width=76)
         ->  Limit  (cost=97.82..97.82 rows=1 width=84)
               ->  Sort  (cost=97.82..97.82 rows=1 width=84)
                     Sort Key: (st_distance(st_transform(s_2692.the_geom, 25833), schw_2692.schw))
                     ->  Nested Loop  (cost=0.00..97.81 rows=1 width=84)
                           Join Filter: ((st_transform(s_2692.the_geom, 25833) && st_expand(schw_2692.schw, '300'::double precision)) AND (schw_2692.schw && st_expand(st_transform(s_2692.the_geom, 25833), '300'::double precision)) AND _st_dwithin(st_transform(s_2692.the_geom, 25833), schw_2692.schw, '300'::double precision))
                           ->  Function Scan on schw_2692  (cost=0.00..0.01 rows=1 width=32)
                           ->  Seq Scan on phoml_trajectory_tmp s_2692  (cost=0.00..95.68 rows=17 width=40)
                                 Filter: ((unix_time >= '1685451588.435'::double precision) AND (unix_time <= '1685451648.435'::double precision))
   ->  Subquery Scan on "*SELECT* 2694"  (cost=97.82..97.83 rows=1 width=76)
         ->  Limit  (cost=97.82..97.82 rows=1 width=84)
               ->  Sort  (cost=97.82..97.82 rows=1 width=84)
                     Sort Key: (st_distance(st_transform(s_2693.the_geom, 25833), schw_2693.schw))
                     ->  Nested Loop  (cost=0.00..97.81 rows=1 width=84)
                           Join Filter: ((st_transform(s_2693.the_geom, 25833) && st_expand(schw_2693.schw, '300'::double precision)) AND (schw_2693.schw && st_expand(st_transform(s_2693.the_geom, 25833), '300'::double precision)) AND _st_dwithin(st_transform(s_2693.the_geom, 25833), schw_2693.schw, '300'::double precision))
                           ->  Function Scan on schw_2693  (cost=0.00..0.01 rows=1 width=32)
                           ->  Seq Scan on phoml_trajectory_tmp s_2693  (cost=0.00..95.68 rows=17 width=40)
                                 Filter: ((unix_time >= '1685451588.845'::double precision) AND (unix_time <= '1685451648.845'::double precision))
   ->  Subquery Scan on "*SELECT* 2695"  (cost=97.82..97.83 rows=1 width=76)
         ->  Limit  (cost=97.82..97.82 rows=1 width=84)
               ->  Sort  (cost=97.82..97.82 rows=1 width=84)
                     Sort Key: (st_distance(st_transform(s_2694.the_geom, 25833), schw_2694.schw))
                     ->  Nested Loop  (cost=0.00..97.81 rows=1 width=84)
                           Join Filter: ((st_transform(s_2694.the_geom, 25833) && st_expand(schw_2694.schw, '300'::double precision)) AND (schw_2694.schw && st_expand(st_transform(s_2694.the_geom, 25833), '300'::double precision)) AND _st_dwithin(st_transform(s_2694.the_geom, 25833), schw_2694.schw, '300'::double precision))
                           ->  Function Scan on schw_2694  (cost=0.00..0.01 rows=1 width=32)
                           ->  Seq Scan on phoml_trajectory_tmp s_2694  (cost=0.00..95.68 rows=17 width=40)
                                 Filter: ((unix_time >= '1685451589.234'::double precision) AND (unix_time <= '1685451649.234'::double precision))
   ->  Subquery Scan on "*SELECT* 2696"  (cost=97.82..97.83 rows=1 width=76)
         ->  Limit  (cost=97.82..97.82 rows=1 width=84)
               ->  Sort  (cost=97.82..97.82 rows=1 width=84)
                     Sort Key: (st_distance(st_transform(s_2695.the_geom, 25833), schw_2695.schw))
                     ->  Nested Loop  (cost=0.00..97.81 rows=1 width=84)
                           Join Filter: ((st_transform(s_2695.the_geom, 25833) && st_expand(schw_2695.schw, '300'::double precision)) AND (schw_2695.schw && st_expand(st_transform(s_2695.the_geom, 25833), '300'::double precision)) AND _st_dwithin(st_transform(s_2695.the_geom, 25833), schw_2695.schw, '300'::double precision))
                           ->  Function Scan on schw_2695  (cost=0.00..0.01 rows=1 width=32)
                           ->  Seq Scan on phoml_trajectory_tmp s_2695  (cost=0.00..95.68 rows=17 width=40)
                                 Filter: ((unix_time >= '1685451589.614'::double precision) AND (unix_time <= '1685451649.614'::double precision))
   ->  Subquery Scan on "*SELECT* 2697"  (cost=97.82..97.83 rows=1 width=76)
         ->  Limit  (cost=97.82..97.82 rows=1 width=84)
               ->  Sort  (cost=97.82..97.82 rows=1 width=84)
                     Sort Key: (st_distance(st_transform(s_2696.the_geom, 25833), schw_2696.schw))
                     ->  Nested Loop  (cost=0.00..97.81 rows=1 width=84)
                           Join Filter: ((st_transform(s_2696.the_geom, 25833) && st_expand(schw_2696.schw, '300'::double precision)) AND (schw_2696.schw && st_expand(st_transform(s_2696.the_geom, 25833), '300'::double precision)) AND _st_dwithin(st_transform(s_2696.the_geom, 25833), schw_2696.schw, '300'::double precision))
                           ->  Function Scan on schw_2696  (cost=0.00..0.01 rows=1 width=32)
                           ->  Seq Scan on phoml_trajectory_tmp s_2696  (cost=0.00..95.68 rows=17 width=40)
                                 Filter: ((unix_time >= '1685451589.994'::double precision) AND (unix_time <= '1685451649.994'::double precision))
   ->  Subquery Scan on "*SELECT* 2698"  (cost=97.82..97.83 rows=1 width=76)
         ->  Limit  (cost=97.82..97.82 rows=1 width=84)
               ->  Sort  (cost=97.82..97.82 rows=1 width=84)
                     Sort Key: (st_distance(st_transform(s_2697.the_geom, 25833), schw_2697.schw))
                     ->  Nested Loop  (cost=0.00..97.81 rows=1 width=84)
                           Join Filter: ((st_transform(s_2697.the_geom, 25833) && st_expand(schw_2697.schw, '300'::double precision)) AND (schw_2697.schw && st_expand(st_transform(s_2697.the_geom, 25833), '300'::double precision)) AND _st_dwithin(st_transform(s_2697.the_geom, 25833), schw_2697.schw, '300'::double precision))
                           ->  Function Scan on schw_2697  (cost=0.00..0.01 rows=1 width=32)
                           ->  Seq Scan on phoml_trajectory_tmp s_2697  (cost=0.00..95.68 rows=17 width=40)
                                 Filter: ((unix_time >= '1685451590.372'::double precision) AND (unix_time <= '1685451650.372'::double precision))
   ->  Subquery Scan on "*SELECT* 2699"  (cost=97.82..97.83 rows=1 width=76)
         ->  Limit  (cost=97.82..97.82 rows=1 width=84)
               ->  Sort  (cost=97.82..97.82 rows=1 width=84)
                     Sort Key: (st_distance(st_transform(s_2698.the_geom, 25833), schw_2698.schw))
                     ->  Nested Loop  (cost=0.00..97.81 rows=1 width=84)
                           Join Filter: ((st_transform(s_2698.the_geom, 25833) && st_expand(schw_2698.schw, '300'::double precision)) AND (schw_2698.schw && st_expand(st_transform(s_2698.the_geom, 25833), '300'::double precision)) AND _st_dwithin(st_transform(s_2698.the_geom, 25833), schw_2698.schw, '300'::double precision))
                           ->  Function Scan on schw_2698  (cost=0.00..0.01 rows=1 width=32)
                           ->  Seq Scan on phoml_trajectory_tmp s_2698  (cost=0.00..95.68 rows=17 width=40)
                                 Filter: ((unix_time >= '1685451590.762'::double precision) AND (unix_time <= '1685451650.762'::double precision))
   ->  Subquery Scan on "*SELECT* 2700"  (cost=97.82..97.83 rows=1 width=76)
         ->  Limit  (cost=97.82..97.82 rows=1 width=84)
               ->  Sort  (cost=97.82..97.82 rows=1 width=84)
                     Sort Key: (st_distance(st_transform(s_2699.the_geom, 25833), schw_2699.schw))
                     ->  Nested Loop  (cost=0.00..97.81 rows=1 width=84)
                           Join Filter: ((st_transform(s_2699.the_geom, 25833) && st_expand(schw_2699.schw, '300'::double precision)) AND (schw_2699.schw && st_expand(st_transform(s_2699.the_geom, 25833), '300'::double precision)) AND _st_dwithin(st_transform(s_2699.the_geom, 25833), schw_2699.schw, '300'::double precision))
                           ->  Function Scan on schw_2699  (cost=0.00..0.01 rows=1 width=32)
                           ->  Seq Scan on phoml_trajectory_tmp s_2699  (cost=0.00..95.68 rows=17 width=40)
                                 Filter: ((unix_time >= '1685451591.142'::double precision) AND (unix_time <= '1685451651.142'::double precision))
   ->  Subquery Scan on "*SELECT* 2701"  (cost=97.82..97.83 rows=1 width=76)
         ->  Limit  (cost=97.82..97.82 rows=1 width=84)
               ->  Sort  (cost=97.82..97.82 rows=1 width=84)
                     Sort Key: (st_distance(st_transform(s_2700.the_geom, 25833), schw_2700.schw))
                     ->  Nested Loop  (cost=0.00..97.81 rows=1 width=84)
                           Join Filter: ((st_transform(s_2700.the_geom, 25833) && st_expand(schw_2700.schw, '300'::double precision)) AND (schw_2700.schw && st_expand(st_transform(s_2700.the_geom, 25833), '300'::double precision)) AND _st_dwithin(st_transform(s_2700.the_geom, 25833), schw_2700.schw, '300'::double precision))
                           ->  Function Scan on schw_2700  (cost=0.00..0.01 rows=1 width=32)
                           ->  Seq Scan on phoml_trajectory_tmp s_2700  (cost=0.00..95.68 rows=17 width=40)
                                 Filter: ((unix_time >= '1685451591.532'::double precision) AND (unix_time <= '1685451651.532'::double precision))
   ->  Subquery Scan on "*SELECT* 2702"  (cost=97.82..97.83 rows=1 width=76)
         ->  Limit  (cost=97.82..97.82 rows=1 width=84)
               ->  Sort  (cost=97.82..97.82 rows=1 width=84)
                     Sort Key: (st_distance(st_transform(s_2701.the_geom, 25833), schw_2701.schw))
                     ->  Nested Loop  (cost=0.00..97.81 rows=1 width=84)
                           Join Filter: ((st_transform(s_2701.the_geom, 25833) && st_expand(schw_2701.schw, '300'::double precision)) AND (schw_2701.schw && st_expand(st_transform(s_2701.the_geom, 25833), '300'::double precision)) AND _st_dwithin(st_transform(s_2701.the_geom, 25833), schw_2701.schw, '300'::double precision))
                           ->  Function Scan on schw_2701  (cost=0.00..0.01 rows=1 width=32)
                           ->  Seq Scan on phoml_trajectory_tmp s_2701  (cost=0.00..95.68 rows=17 width=40)
                                 Filter: ((unix_time >= '1685451591.912'::double precision) AND (unix_time <= '1685451651.912'::double precision))
   ->  Subquery Scan on "*SELECT* 2703"  (cost=97.82..97.83 rows=1 width=76)
         ->  Limit  (cost=97.82..97.82 rows=1 width=84)
               ->  Sort  (cost=97.82..97.82 rows=1 width=84)
                     Sort Key: (st_distance(st_transform(s_2702.the_geom, 25833), schw_2702.schw))
                     ->  Nested Loop  (cost=0.00..97.81 rows=1 width=84)
                           Join Filter: ((st_transform(s_2702.the_geom, 25833) && st_expand(schw_2702.schw, '300'::double precision)) AND (schw_2702.schw && st_expand(st_transform(s_2702.the_geom, 25833), '300'::double precision)) AND _st_dwithin(st_transform(s_2702.the_geom, 25833), schw_2702.schw, '300'::double precision))
                           ->  Function Scan on schw_2702  (cost=0.00..0.01 rows=1 width=32)
                           ->  Seq Scan on phoml_trajectory_tmp s_2702  (cost=0.00..95.68 rows=17 width=40)
                                 Filter: ((unix_time >= '1685451592.299'::double precision) AND (unix_time <= '1685451652.299'::double precision))
   ->  Subquery Scan on "*SELECT* 2704"  (cost=97.82..97.83 rows=1 width=76)
         ->  Limit  (cost=97.82..97.82 rows=1 width=84)
               ->  Sort  (cost=97.82..97.82 rows=1 width=84)
                     Sort Key: (st_distance(st_transform(s_2703.the_geom, 25833), schw_2703.schw))
                     ->  Nested Loop  (cost=0.00..97.81 rows=1 width=84)
                           Join Filter: ((st_transform(s_2703.the_geom, 25833) && st_expand(schw_2703.schw, '300'::double precision)) AND (schw_2703.schw && st_expand(st_transform(s_2703.the_geom, 25833), '300'::double precision)) AND _st_dwithin(st_transform(s_2703.the_geom, 25833), schw_2703.schw, '300'::double precision))
                           ->  Function Scan on schw_2703  (cost=0.00..0.01 rows=1 width=32)
                           ->  Seq Scan on phoml_trajectory_tmp s_2703  (cost=0.00..95.68 rows=17 width=40)
                                 Filter: ((unix_time >= '1685451592.709'::double precision) AND (unix_time <= '1685451652.709'::double precision))
   ->  Subquery Scan on "*SELECT* 2705"  (cost=97.82..97.83 rows=1 width=76)
         ->  Limit  (cost=97.82..97.82 rows=1 width=84)
               ->  Sort  (cost=97.82..97.82 rows=1 width=84)
                     Sort Key: (st_distance(st_transform(s_2704.the_geom, 25833), schw_2704.schw))
                     ->  Nested Loop  (cost=0.00..97.81 rows=1 width=84)
                           Join Filter: ((st_transform(s_2704.the_geom, 25833) && st_expand(schw_2704.schw, '300'::double precision)) AND (schw_2704.schw && st_expand(st_transform(s_2704.the_geom, 25833), '300'::double precision)) AND _st_dwithin(st_transform(s_2704.the_geom, 25833), schw_2704.schw, '300'::double precision))
                           ->  Function Scan on schw_2704  (cost=0.00..0.01 rows=1 width=32)
                           ->  Seq Scan on phoml_trajectory_tmp s_2704  (cost=0.00..95.68 rows=17 width=40)
                                 Filter: ((unix_time >= '1685451593.099'::double precision) AND (unix_time <= '1685451653.099'::double precision))
   ->  Subquery Scan on "*SELECT* 2706"  (cost=97.82..97.83 rows=1 width=76)
         ->  Limit  (cost=97.82..97.82 rows=1 width=84)
               ->  Sort  (cost=97.82..97.82 rows=1 width=84)
                     Sort Key: (st_distance(st_transform(s_2705.the_geom, 25833), schw_2705.schw))
                     ->  Nested Loop  (cost=0.00..97.81 rows=1 width=84)
                           Join Filter: ((st_transform(s_2705.the_geom, 25833) && st_expand(schw_2705.schw, '300'::double precision)) AND (schw_2705.schw && st_expand(st_transform(s_2705.the_geom, 25833), '300'::double precision)) AND _st_dwithin(st_transform(s_2705.the_geom, 25833), schw_2705.schw, '300'::double precision))
                           ->  Function Scan on schw_2705  (cost=0.00..0.01 rows=1 width=32)
                           ->  Seq Scan on phoml_trajectory_tmp s_2705  (cost=0.00..95.68 rows=17 width=40)
                                 Filter: ((unix_time >= '1685451593.507'::double precision) AND (unix_time <= '1685451653.507'::double precision))
   ->  Subquery Scan on "*SELECT* 2707"  (cost=97.82..97.83 rows=1 width=76)
         ->  Limit  (cost=97.82..97.82 rows=1 width=84)
               ->  Sort  (cost=97.82..97.82 rows=1 width=84)
                     Sort Key: (st_distance(st_transform(s_2706.the_geom, 25833), schw_2706.schw))
                     ->  Nested Loop  (cost=0.00..97.81 rows=1 width=84)
                           Join Filter: ((st_transform(s_2706.the_geom, 25833) && st_expand(schw_2706.schw, '300'::double precision)) AND (schw_2706.schw && st_expand(st_transform(s_2706.the_geom, 25833), '300'::double precision)) AND _st_dwithin(st_transform(s_2706.the_geom, 25833), schw_2706.schw, '300'::double precision))
                           ->  Function Scan on schw_2706  (cost=0.00..0.01 rows=1 width=32)
                           ->  Seq Scan on phoml_trajectory_tmp s_2706  (cost=0.00..95.68 rows=17 width=40)
                                 Filter: ((unix_time >= '1685451593.917'::double precision) AND (unix_time <= '1685451653.917'::double precision))
   ->  Subquery Scan on "*SELECT* 2708"  (cost=97.82..97.83 rows=1 width=76)
         ->  Limit  (cost=97.82..97.82 rows=1 width=84)
               ->  Sort  (cost=97.82..97.82 rows=1 width=84)
                     Sort Key: (st_distance(st_transform(s_2707.the_geom, 25833), schw_2707.schw))
                     ->  Nested Loop  (cost=0.00..97.81 rows=1 width=84)
                           Join Filter: ((st_transform(s_2707.the_geom, 25833) && st_expand(schw_2707.schw, '300'::double precision)) AND (schw_2707.schw && st_expand(st_transform(s_2707.the_geom, 25833), '300'::double precision)) AND _st_dwithin(st_transform(s_2707.the_geom, 25833), schw_2707.schw, '300'::double precision))
                           ->  Function Scan on schw_2707  (cost=0.00..0.01 rows=1 width=32)
                           ->  Seq Scan on phoml_trajectory_tmp s_2707  (cost=0.00..95.68 rows=17 width=40)
                                 Filter: ((unix_time >= '1685451594.323'::double precision) AND (unix_time <= '1685451654.323'::double precision))
   ->  Subquery Scan on "*SELECT* 2709"  (cost=97.82..97.83 rows=1 width=76)
         ->  Limit  (cost=97.82..97.82 rows=1 width=84)
               ->  Sort  (cost=97.82..97.82 rows=1 width=84)
                     Sort Key: (st_distance(st_transform(s_2708.the_geom, 25833), schw_2708.schw))
                     ->  Nested Loop  (cost=0.00..97.81 rows=1 width=84)
                           Join Filter: ((st_transform(s_2708.the_geom, 25833) && st_expand(schw_2708.schw, '300'::double precision)) AND (schw_2708.schw && st_expand(st_transform(s_2708.the_geom, 25833), '300'::double precision)) AND _st_dwithin(st_transform(s_2708.the_geom, 25833), schw_2708.schw, '300'::double precision))
                           ->  Function Scan on schw_2708  (cost=0.00..0.01 rows=1 width=32)
                           ->  Seq Scan on phoml_trajectory_tmp s_2708  (cost=0.00..95.68 rows=17 width=40)
                                 Filter: ((unix_time >= '1685451594.753'::double precision) AND (unix_time <= '1685451654.753'::double precision))
   ->  Subquery Scan on "*SELECT* 2710"  (cost=97.82..97.83 rows=1 width=76)
         ->  Limit  (cost=97.82..97.82 rows=1 width=84)
               ->  Sort  (cost=97.82..97.82 rows=1 width=84)
                     Sort Key: (st_distance(st_transform(s_2709.the_geom, 25833), schw_2709.schw))
                     ->  Nested Loop  (cost=0.00..97.81 rows=1 width=84)
                           Join Filter: ((st_transform(s_2709.the_geom, 25833) && st_expand(schw_2709.schw, '300'::double precision)) AND (schw_2709.schw && st_expand(st_transform(s_2709.the_geom, 25833), '300'::double precision)) AND _st_dwithin(st_transform(s_2709.the_geom, 25833), schw_2709.schw, '300'::double precision))
                           ->  Function Scan on schw_2709  (cost=0.00..0.01 rows=1 width=32)
                           ->  Seq Scan on phoml_trajectory_tmp s_2709  (cost=0.00..95.68 rows=17 width=40)
                                 Filter: ((unix_time >= '1685451595.19'::double precision) AND (unix_time <= '1685451655.19'::double precision))
   ->  Subquery Scan on "*SELECT* 2711"  (cost=97.82..97.83 rows=1 width=76)
         ->  Limit  (cost=97.82..97.82 rows=1 width=84)
               ->  Sort  (cost=97.82..97.82 rows=1 width=84)
                     Sort Key: (st_distance(st_transform(s_2710.the_geom, 25833), schw_2710.schw))
                     ->  Nested Loop  (cost=0.00..97.81 rows=1 width=84)
                           Join Filter: ((st_transform(s_2710.the_geom, 25833) && st_expand(schw_2710.schw, '300'::double precision)) AND (schw_2710.schw && st_expand(st_transform(s_2710.the_geom, 25833), '300'::double precision)) AND _st_dwithin(st_transform(s_2710.the_geom, 25833), schw_2710.schw, '300'::double precision))
                           ->  Function Scan on schw_2710  (cost=0.00..0.01 rows=1 width=32)
                           ->  Seq Scan on phoml_trajectory_tmp s_2710  (cost=0.00..95.68 rows=17 width=40)
                                 Filter: ((unix_time >= '1685451595.63'::double precision) AND (unix_time <= '1685451655.63'::double precision))
   ->  Subquery Scan on "*SELECT* 2712"  (cost=97.82..97.83 rows=1 width=76)
         ->  Limit  (cost=97.82..97.82 rows=1 width=84)
               ->  Sort  (cost=97.82..97.82 rows=1 width=84)
                     Sort Key: (st_distance(st_transform(s_2711.the_geom, 25833), schw_2711.schw))
                     ->  Nested Loop  (cost=0.00..97.81 rows=1 width=84)
                           Join Filter: ((st_transform(s_2711.the_geom, 25833) && st_expand(schw_2711.schw, '300'::double precision)) AND (schw_2711.schw && st_expand(st_transform(s_2711.the_geom, 25833), '300'::double precision)) AND _st_dwithin(st_transform(s_2711.the_geom, 25833), schw_2711.schw, '300'::double precision))
                           ->  Function Scan on schw_2711  (cost=0.00..0.01 rows=1 width=32)
                           ->  Seq Scan on phoml_trajectory_tmp s_2711  (cost=0.00..95.68 rows=17 width=40)
                                 Filter: ((unix_time >= '1685451596.09'::double precision) AND (unix_time <= '1685451656.09'::double precision))
   ->  Subquery Scan on "*SELECT* 2713"  (cost=97.82..97.83 rows=1 width=76)
         ->  Limit  (cost=97.82..97.82 rows=1 width=84)
               ->  Sort  (cost=97.82..97.82 rows=1 width=84)
                     Sort Key: (st_distance(st_transform(s_2712.the_geom, 25833), schw_2712.schw))
                     ->  Nested Loop  (cost=0.00..97.81 rows=1 width=84)
                           Join Filter: ((st_transform(s_2712.the_geom, 25833) && st_expand(schw_2712.schw, '300'::double precision)) AND (schw_2712.schw && st_expand(st_transform(s_2712.the_geom, 25833), '300'::double precision)) AND _st_dwithin(st_transform(s_2712.the_geom, 25833), schw_2712.schw, '300'::double precision))
                           ->  Function Scan on schw_2712  (cost=0.00..0.01 rows=1 width=32)
                           ->  Seq Scan on phoml_trajectory_tmp s_2712  (cost=0.00..95.68 rows=17 width=40)
                                 Filter: ((unix_time >= '1685451596.59'::double precision) AND (unix_time <= '1685451656.59'::double precision))
   ->  Subquery Scan on "*SELECT* 2714"  (cost=97.82..97.83 rows=1 width=76)
         ->  Limit  (cost=97.82..97.82 rows=1 width=84)
               ->  Sort  (cost=97.82..97.82 rows=1 width=84)
                     Sort Key: (st_distance(st_transform(s_2713.the_geom, 25833), schw_2713.schw))
                     ->  Nested Loop  (cost=0.00..97.81 rows=1 width=84)
                           Join Filter: ((st_transform(s_2713.the_geom, 25833) && st_expand(schw_2713.schw, '300'::double precision)) AND (schw_2713.schw && st_expand(st_transform(s_2713.the_geom, 25833), '300'::double precision)) AND _st_dwithin(st_transform(s_2713.the_geom, 25833), schw_2713.schw, '300'::double precision))
                           ->  Function Scan on schw_2713  (cost=0.00..0.01 rows=1 width=32)
                           ->  Seq Scan on phoml_trajectory_tmp s_2713  (cost=0.00..95.68 rows=17 width=40)
                                 Filter: ((unix_time >= '1685451597.1'::double precision) AND (unix_time <= '1685451657.1'::double precision))
   ->  Subquery Scan on "*SELECT* 2715"  (cost=97.82..97.83 rows=1 width=76)
         ->  Limit  (cost=97.82..97.82 rows=1 width=84)
               ->  Sort  (cost=97.82..97.82 rows=1 width=84)
                     Sort Key: (st_distance(st_transform(s_2714.the_geom, 25833), schw_2714.schw))
                     ->  Nested Loop  (cost=0.00..97.81 rows=1 width=84)
                           Join Filter: ((st_transform(s_2714.the_geom, 25833) && st_expand(schw_2714.schw, '300'::double precision)) AND (schw_2714.schw && st_expand(st_transform(s_2714.the_geom, 25833), '300'::double precision)) AND _st_dwithin(st_transform(s_2714.the_geom, 25833), schw_2714.schw, '300'::double precision))
                           ->  Function Scan on schw_2714  (cost=0.00..0.01 rows=1 width=32)
                           ->  Seq Scan on phoml_trajectory_tmp s_2714  (cost=0.00..95.68 rows=17 width=40)
                                 Filter: ((unix_time >= '1685451597.625'::double precision) AND (unix_time <= '1685451657.625'::double precision))
   ->  Subquery Scan on "*SELECT* 2716"  (cost=97.82..97.83 rows=1 width=76)
         ->  Limit  (cost=97.82..97.82 rows=1 width=84)
               ->  Sort  (cost=97.82..97.82 rows=1 width=84)
                     Sort Key: (st_distance(st_transform(s_2715.the_geom, 25833), schw_2715.schw))
                     ->  Nested Loop  (cost=0.00..97.81 rows=1 width=84)
                           Join Filter: ((st_transform(s_2715.the_geom, 25833) && st_expand(schw_2715.schw, '300'::double precision)) AND (schw_2715.schw && st_expand(st_transform(s_2715.the_geom, 25833), '300'::double precision)) AND _st_dwithin(st_transform(s_2715.the_geom, 25833), schw_2715.schw, '300'::double precision))
                           ->  Function Scan on schw_2715  (cost=0.00..0.01 rows=1 width=32)
                           ->  Seq Scan on phoml_trajectory_tmp s_2715  (cost=0.00..95.68 rows=17 width=40)
                                 Filter: ((unix_time >= '1685451598.16'::double precision) AND (unix_time <= '1685451658.16'::double precision))
   ->  Subquery Scan on "*SELECT* 2717"  (cost=97.82..97.83 rows=1 width=76)
         ->  Limit  (cost=97.82..97.82 rows=1 width=84)
               ->  Sort  (cost=97.82..97.82 rows=1 width=84)
                     Sort Key: (st_distance(st_transform(s_2716.the_geom, 25833), schw_2716.schw))
                     ->  Nested Loop  (cost=0.00..97.81 rows=1 width=84)
                           Join Filter: ((st_transform(s_2716.the_geom, 25833) && st_expand(schw_2716.schw, '300'::double precision)) AND (schw_2716.schw && st_expand(st_transform(s_2716.the_geom, 25833), '300'::double precision)) AND _st_dwithin(st_transform(s_2716.the_geom, 25833), schw_2716.schw, '300'::double precision))
                           ->  Function Scan on schw_2716  (cost=0.00..0.01 rows=1 width=32)
                           ->  Seq Scan on phoml_trajectory_tmp s_2716  (cost=0.00..95.68 rows=17 width=40)
                                 Filter: ((unix_time >= '1685451598.7'::double precision) AND (unix_time <= '1685451658.7'::double precision))
   ->  Subquery Scan on "*SELECT* 2718"  (cost=97.82..97.83 rows=1 width=76)
         ->  Limit  (cost=97.82..97.82 rows=1 width=84)
               ->  Sort  (cost=97.82..97.82 rows=1 width=84)
                     Sort Key: (st_distance(st_transform(s_2717.the_geom, 25833), schw_2717.schw))
                     ->  Nested Loop  (cost=0.00..97.81 rows=1 width=84)
                           Join Filter: ((st_transform(s_2717.the_geom, 25833) && st_expand(schw_2717.schw, '300'::double precision)) AND (schw_2717.schw && st_expand(st_transform(s_2717.the_geom, 25833), '300'::double precision)) AND _st_dwithin(st_transform(s_2717.the_geom, 25833), schw_2717.schw, '300'::double precision))
                           ->  Function Scan on schw_2717  (cost=0.00..0.01 rows=1 width=32)
                           ->  Seq Scan on phoml_trajectory_tmp s_2717  (cost=0.00..95.68 rows=17 width=40)
                                 Filter: ((unix_time >= '1685451599.243'::double precision) AND (unix_time <= '1685451659.243'::double precision))
   ->  Subquery Scan on "*SELECT* 2719"  (cost=97.82..97.83 rows=1 width=76)
         ->  Limit  (cost=97.82..97.82 rows=1 width=84)
               ->  Sort  (cost=97.82..97.82 rows=1 width=84)
                     Sort Key: (st_distance(st_transform(s_2718.the_geom, 25833), schw_2718.schw))
                     ->  Nested Loop  (cost=0.00..97.81 rows=1 width=84)
                           Join Filter: ((st_transform(s_2718.the_geom, 25833) && st_expand(schw_2718.schw, '300'::double precision)) AND (schw_2718.schw && st_expand(st_transform(s_2718.the_geom, 25833), '300'::double precision)) AND _st_dwithin(st_transform(s_2718.the_geom, 25833), schw_2718.schw, '300'::double precision))
                           ->  Function Scan on schw_2718  (cost=0.00..0.01 rows=1 width=32)
                           ->  Seq Scan on phoml_trajectory_tmp s_2718  (cost=0.00..95.68 rows=17 width=40)
                                 Filter: ((unix_time >= '1685451599.832'::double precision) AND (unix_time <= '1685451659.832'::double precision))
   ->  Subquery Scan on "*SELECT* 2720"  (cost=97.82..97.83 rows=1 width=76)
         ->  Limit  (cost=97.82..97.82 rows=1 width=84)
               ->  Sort  (cost=97.82..97.82 rows=1 width=84)
                     Sort Key: (st_distance(st_transform(s_2719.the_geom, 25833), schw_2719.schw))
                     ->  Nested Loop  (cost=0.00..97.81 rows=1 width=84)
                           Join Filter: ((st_transform(s_2719.the_geom, 25833) && st_expand(schw_2719.schw, '300'::double precision)) AND (schw_2719.schw && st_expand(st_transform(s_2719.the_geom, 25833), '300'::double precision)) AND _st_dwithin(st_transform(s_2719.the_geom, 25833), schw_2719.schw, '300'::double precision))
                           ->  Function Scan on schw_2719  (cost=0.00..0.01 rows=1 width=32)
                           ->  Seq Scan on phoml_trajectory_tmp s_2719  (cost=0.00..95.68 rows=17 width=40)
                                 Filter: ((unix_time >= '1685451600.394'::double precision) AND (unix_time <= '1685451660.394'::double precision))
   ->  Subquery Scan on "*SELECT* 2721"  (cost=97.82..97.83 rows=1 width=76)
         ->  Limit  (cost=97.82..97.82 rows=1 width=84)
               ->  Sort  (cost=97.82..97.82 rows=1 width=84)
                     Sort Key: (st_distance(st_transform(s_2720.the_geom, 25833), schw_2720.schw))
                     ->  Nested Loop  (cost=0.00..97.81 rows=1 width=84)
                           Join Filter: ((st_transform(s_2720.the_geom, 25833) && st_expand(schw_2720.schw, '300'::double precision)) AND (schw_2720.schw && st_expand(st_transform(s_2720.the_geom, 25833), '300'::double precision)) AND _st_dwithin(st_transform(s_2720.the_geom, 25833), schw_2720.schw, '300'::double precision))
                           ->  Function Scan on schw_2720  (cost=0.00..0.01 rows=1 width=32)
                           ->  Seq Scan on phoml_trajectory_tmp s_2720  (cost=0.00..95.68 rows=17 width=40)
                                 Filter: ((unix_time >= '1685451600.979'::double precision) AND (unix_time <= '1685451660.979'::double precision))
   ->  Subquery Scan on "*SELECT* 2722"  (cost=97.82..97.83 rows=1 width=76)
         ->  Limit  (cost=97.82..97.82 rows=1 width=84)
               ->  Sort  (cost=97.82..97.82 rows=1 width=84)
                     Sort Key: (st_distance(st_transform(s_2721.the_geom, 25833), schw_2721.schw))
                     ->  Nested Loop  (cost=0.00..97.81 rows=1 width=84)
                           Join Filter: ((st_transform(s_2721.the_geom, 25833) && st_expand(schw_2721.schw, '300'::double precision)) AND (schw_2721.schw && st_expand(st_transform(s_2721.the_geom, 25833), '300'::double precision)) AND _st_dwithin(st_transform(s_2721.the_geom, 25833), schw_2721.schw, '300'::double precision))
                           ->  Function Scan on schw_2721  (cost=0.00..0.01 rows=1 width=32)
                           ->  Seq Scan on phoml_trajectory_tmp s_2721  (cost=0.00..95.68 rows=17 width=40)
                                 Filter: ((unix_time >= '1685451601.581'::double precision) AND (unix_time <= '1685451661.581'::double precision))
   ->  Subquery Scan on "*SELECT* 2723"  (cost=97.82..97.83 rows=1 width=76)
         ->  Limit  (cost=97.82..97.82 rows=1 width=84)
               ->  Sort  (cost=97.82..97.82 rows=1 width=84)
                     Sort Key: (st_distance(st_transform(s_2722.the_geom, 25833), schw_2722.schw))
                     ->  Nested Loop  (cost=0.00..97.81 rows=1 width=84)
                           Join Filter: ((st_transform(s_2722.the_geom, 25833) && st_expand(schw_2722.schw, '300'::double precision)) AND (schw_2722.schw && st_expand(st_transform(s_2722.the_geom, 25833), '300'::double precision)) AND _st_dwithin(st_transform(s_2722.the_geom, 25833), schw_2722.schw, '300'::double precision))
                           ->  Function Scan on schw_2722  (cost=0.00..0.01 rows=1 width=32)
                           ->  Seq Scan on phoml_trajectory_tmp s_2722  (cost=0.00..95.68 rows=17 width=40)
                                 Filter: ((unix_time >= '1685451602.165'::double precision) AND (unix_time <= '1685451662.165'::double precision))
   ->  Subquery Scan on "*SELECT* 2724"  (cost=97.82..97.83 rows=1 width=76)
         ->  Limit  (cost=97.82..97.82 rows=1 width=84)
               ->  Sort  (cost=97.82..97.82 rows=1 width=84)
                     Sort Key: (st_distance(st_transform(s_2723.the_geom, 25833), schw_2723.schw))
                     ->  Nested Loop  (cost=0.00..97.81 rows=1 width=84)
                           Join Filter: ((st_transform(s_2723.the_geom, 25833) && st_expand(schw_2723.schw, '300'::double precision)) AND (schw_2723.schw && st_expand(st_transform(s_2723.the_geom, 25833), '300'::double precision)) AND _st_dwithin(st_transform(s_2723.the_geom, 25833), schw_2723.schw, '300'::double precision))
                           ->  Function Scan on schw_2723  (cost=0.00..0.01 rows=1 width=32)
                           ->  Seq Scan on phoml_trajectory_tmp s_2723  (cost=0.00..95.68 rows=17 width=40)
                                 Filter: ((unix_time >= '1685451602.735'::double precision) AND (unix_time <= '1685451662.735'::double precision))
   ->  Subquery Scan on "*SELECT* 2725"  (cost=97.82..97.83 rows=1 width=76)
         ->  Limit  (cost=97.82..97.82 rows=1 width=84)
               ->  Sort  (cost=97.82..97.82 rows=1 width=84)
                     Sort Key: (st_distance(st_transform(s_2724.the_geom, 25833), schw_2724.schw))
                     ->  Nested Loop  (cost=0.00..97.81 rows=1 width=84)
                           Join Filter: ((st_transform(s_2724.the_geom, 25833) && st_expand(schw_2724.schw, '300'::double precision)) AND (schw_2724.schw && st_expand(st_transform(s_2724.the_geom, 25833), '300'::double precision)) AND _st_dwithin(st_transform(s_2724.the_geom, 25833), schw_2724.schw, '300'::double precision))
                           ->  Function Scan on schw_2724  (cost=0.00..0.01 rows=1 width=32)
                           ->  Seq Scan on phoml_trajectory_tmp s_2724  (cost=0.00..95.68 rows=17 width=40)
                                 Filter: ((unix_time >= '1685451603.289'::double precision) AND (unix_time <= '1685451663.289'::double precision))
   ->  Subquery Scan on "*SELECT* 2726"  (cost=97.82..97.83 rows=1 width=76)
         ->  Limit  (cost=97.82..97.82 rows=1 width=84)
               ->  Sort  (cost=97.82..97.82 rows=1 width=84)
                     Sort Key: (st_distance(st_transform(s_2725.the_geom, 25833), schw_2725.schw))
                     ->  Nested Loop  (cost=0.00..97.81 rows=1 width=84)
                           Join Filter: ((st_transform(s_2725.the_geom, 25833) && st_expand(schw_2725.schw, '300'::double precision)) AND (schw_2725.schw && st_expand(st_transform(s_2725.the_geom, 25833), '300'::double precision)) AND _st_dwithin(st_transform(s_2725.the_geom, 25833), schw_2725.schw, '300'::double precision))
                           ->  Function Scan on schw_2725  (cost=0.00..0.01 rows=1 width=32)
                           ->  Seq Scan on phoml_trajectory_tmp s_2725  (cost=0.00..95.68 rows=17 width=40)
                                 Filter: ((unix_time >= '1685451603.812'::double precision) AND (unix_time <= '1685451663.812'::double precision))
   ->  Subquery Scan on "*SELECT* 2727"  (cost=97.82..97.83 rows=1 width=76)
         ->  Limit  (cost=97.82..97.82 rows=1 width=84)
               ->  Sort  (cost=97.82..97.82 rows=1 width=84)
                     Sort Key: (st_distance(st_transform(s_2726.the_geom, 25833), schw_2726.schw))
                     ->  Nested Loop  (cost=0.00..97.81 rows=1 width=84)
                           Join Filter: ((st_transform(s_2726.the_geom, 25833) && st_expand(schw_2726.schw, '300'::double precision)) AND (schw_2726.schw && st_expand(st_transform(s_2726.the_geom, 25833), '300'::double precision)) AND _st_dwithin(st_transform(s_2726.the_geom, 25833), schw_2726.schw, '300'::double precision))
                           ->  Function Scan on schw_2726  (cost=0.00..0.01 rows=1 width=32)
                           ->  Seq Scan on phoml_trajectory_tmp s_2726  (cost=0.00..95.68 rows=17 width=40)
                                 Filter: ((unix_time >= '1685451604.31'::double precision) AND (unix_time <= '1685451664.31'::double precision))
   ->  Subquery Scan on "*SELECT* 2728"  (cost=97.82..97.83 rows=1 width=76)
         ->  Limit  (cost=97.82..97.82 rows=1 width=84)
               ->  Sort  (cost=97.82..97.82 rows=1 width=84)
                     Sort Key: (st_distance(st_transform(s_2727.the_geom, 25833), schw_2727.schw))
                     ->  Nested Loop  (cost=0.00..97.81 rows=1 width=84)
                           Join Filter: ((st_transform(s_2727.the_geom, 25833) && st_expand(schw_2727.schw, '300'::double precision)) AND (schw_2727.schw && st_expand(st_transform(s_2727.the_geom, 25833), '300'::double precision)) AND _st_dwithin(st_transform(s_2727.the_geom, 25833), schw_2727.schw, '300'::double precision))
                           ->  Function Scan on schw_2727  (cost=0.00..0.01 rows=1 width=32)
                           ->  Seq Scan on phoml_trajectory_tmp s_2727  (cost=0.00..95.68 rows=17 width=40)
                                 Filter: ((unix_time >= '1685451604.81'::double precision) AND (unix_time <= '1685451664.81'::double precision))
   ->  Subquery Scan on "*SELECT* 2729"  (cost=97.82..97.83 rows=1 width=76)
         ->  Limit  (cost=97.82..97.82 rows=1 width=84)
               ->  Sort  (cost=97.82..97.82 rows=1 width=84)
                     Sort Key: (st_distance(st_transform(s_2728.the_geom, 25833), schw_2728.schw))
                     ->  Nested Loop  (cost=0.00..97.81 rows=1 width=84)
                           Join Filter: ((st_transform(s_2728.the_geom, 25833) && st_expand(schw_2728.schw, '300'::double precision)) AND (schw_2728.schw && st_expand(st_transform(s_2728.the_geom, 25833), '300'::double precision)) AND _st_dwithin(st_transform(s_2728.the_geom, 25833), schw_2728.schw, '300'::double precision))
                           ->  Function Scan on schw_2728  (cost=0.00..0.01 rows=1 width=32)
                           ->  Seq Scan on phoml_trajectory_tmp s_2728  (cost=0.00..95.68 rows=17 width=40)
                                 Filter: ((unix_time >= '1685451605.292'::double precision) AND (unix_time <= '1685451665.292'::double precision))
   ->  Subquery Scan on "*SELECT* 2730"  (cost=97.82..97.83 rows=1 width=76)
         ->  Limit  (cost=97.82..97.82 rows=1 width=84)
               ->  Sort  (cost=97.82..97.82 rows=1 width=84)
                     Sort Key: (st_distance(st_transform(s_2729.the_geom, 25833), schw_2729.schw))
                     ->  Nested Loop  (cost=0.00..97.81 rows=1 width=84)
                           Join Filter: ((st_transform(s_2729.the_geom, 25833) && st_expand(schw_2729.schw, '300'::double precision)) AND (schw_2729.schw && st_expand(st_transform(s_2729.the_geom, 25833), '300'::double precision)) AND _st_dwithin(st_transform(s_2729.the_geom, 25833), schw_2729.schw, '300'::double precision))
                           ->  Function Scan on schw_2729  (cost=0.00..0.01 rows=1 width=32)
                           ->  Seq Scan on phoml_trajectory_tmp s_2729  (cost=0.00..95.68 rows=17 width=40)
                                 Filter: ((unix_time >= '1685451605.758'::double precision) AND (unix_time <= '1685451665.758'::double precision))
   ->  Subquery Scan on "*SELECT* 2731"  (cost=97.82..97.83 rows=1 width=76)
         ->  Limit  (cost=97.82..97.82 rows=1 width=84)
               ->  Sort  (cost=97.82..97.82 rows=1 width=84)
                     Sort Key: (st_distance(st_transform(s_2730.the_geom, 25833), schw_2730.schw))
                     ->  Nested Loop  (cost=0.00..97.81 rows=1 width=84)
                           Join Filter: ((st_transform(s_2730.the_geom, 25833) && st_expand(schw_2730.schw, '300'::double precision)) AND (schw_2730.schw && st_expand(st_transform(s_2730.the_geom, 25833), '300'::double precision)) AND _st_dwithin(st_transform(s_2730.the_geom, 25833), schw_2730.schw, '300'::double precision))
                           ->  Function Scan on schw_2730  (cost=0.00..0.01 rows=1 width=32)
                           ->  Seq Scan on phoml_trajectory_tmp s_2730  (cost=0.00..95.68 rows=17 width=40)
                                 Filter: ((unix_time >= '1685451606.235'::double precision) AND (unix_time <= '1685451666.235'::double precision))
   ->  Subquery Scan on "*SELECT* 2732"  (cost=97.82..97.83 rows=1 width=76)
         ->  Limit  (cost=97.82..97.82 rows=1 width=84)
               ->  Sort  (cost=97.82..97.82 rows=1 width=84)
                     Sort Key: (st_distance(st_transform(s_2731.the_geom, 25833), schw_2731.schw))
                     ->  Nested Loop  (cost=0.00..97.81 rows=1 width=84)
                           Join Filter: ((st_transform(s_2731.the_geom, 25833) && st_expand(schw_2731.schw, '300'::double precision)) AND (schw_2731.schw && st_expand(st_transform(s_2731.the_geom, 25833), '300'::double precision)) AND _st_dwithin(st_transform(s_2731.the_geom, 25833), schw_2731.schw, '300'::double precision))
                           ->  Function Scan on schw_2731  (cost=0.00..0.01 rows=1 width=32)
                           ->  Seq Scan on phoml_trajectory_tmp s_2731  (cost=0.00..95.68 rows=17 width=40)
                                 Filter: ((unix_time >= '1685451606.708'::double precision) AND (unix_time <= '1685451666.708'::double precision))
   ->  Subquery Scan on "*SELECT* 2733"  (cost=97.82..97.83 rows=1 width=76)
         ->  Limit  (cost=97.82..97.82 rows=1 width=84)
               ->  Sort  (cost=97.82..97.82 rows=1 width=84)
                     Sort Key: (st_distance(st_transform(s_2732.the_geom, 25833), schw_2732.schw))
                     ->  Nested Loop  (cost=0.00..97.81 rows=1 width=84)
                           Join Filter: ((st_transform(s_2732.the_geom, 25833) && st_expand(schw_2732.schw, '300'::double precision)) AND (schw_2732.schw && st_expand(st_transform(s_2732.the_geom, 25833), '300'::double precision)) AND _st_dwithin(st_transform(s_2732.the_geom, 25833), schw_2732.schw, '300'::double precision))
                           ->  Function Scan on schw_2732  (cost=0.00..0.01 rows=1 width=32)
                           ->  Seq Scan on phoml_trajectory_tmp s_2732  (cost=0.00..95.68 rows=17 width=40)
                                 Filter: ((unix_time >= '1685451607.173'::double precision) AND (unix_time <= '1685451667.173'::double precision))
   ->  Subquery Scan on "*SELECT* 2734"  (cost=97.82..97.83 rows=1 width=76)
         ->  Limit  (cost=97.82..97.82 rows=1 width=84)
               ->  Sort  (cost=97.82..97.82 rows=1 width=84)
                     Sort Key: (st_distance(st_transform(s_2733.the_geom, 25833), schw_2733.schw))
                     ->  Nested Loop  (cost=0.00..97.81 rows=1 width=84)
                           Join Filter: ((st_transform(s_2733.the_geom, 25833) && st_expand(schw_2733.schw, '300'::double precision)) AND (schw_2733.schw && st_expand(st_transform(s_2733.the_geom, 25833), '300'::double precision)) AND _st_dwithin(st_transform(s_2733.the_geom, 25833), schw_2733.schw, '300'::double precision))
                           ->  Function Scan on schw_2733  (cost=0.00..0.01 rows=1 width=32)
                           ->  Seq Scan on phoml_trajectory_tmp s_2733  (cost=0.00..95.68 rows=17 width=40)
                                 Filter: ((unix_time >= '1685451607.659'::double precision) AND (unix_time <= '1685451667.659'::double precision))
   ->  Subquery Scan on "*SELECT* 2735"  (cost=97.82..97.83 rows=1 width=76)
         ->  Limit  (cost=97.82..97.82 rows=1 width=84)
               ->  Sort  (cost=97.82..97.82 rows=1 width=84)
                     Sort Key: (st_distance(st_transform(s_2734.the_geom, 25833), schw_2734.schw))
                     ->  Nested Loop  (cost=0.00..97.81 rows=1 width=84)
                           Join Filter: ((st_transform(s_2734.the_geom, 25833) && st_expand(schw_2734.schw, '300'::double precision)) AND (schw_2734.schw && st_expand(st_transform(s_2734.the_geom, 25833), '300'::double precision)) AND _st_dwithin(st_transform(s_2734.the_geom, 25833), schw_2734.schw, '300'::double precision))
                           ->  Function Scan on schw_2734  (cost=0.00..0.01 rows=1 width=32)
                           ->  Seq Scan on phoml_trajectory_tmp s_2734  (cost=0.00..95.68 rows=17 width=40)
                                 Filter: ((unix_time >= '1685451608.154'::double precision) AND (unix_time <= '1685451668.154'::double precision))
   ->  Subquery Scan on "*SELECT* 2736"  (cost=97.82..97.83 rows=1 width=76)
         ->  Limit  (cost=97.82..97.82 rows=1 width=84)
               ->  Sort  (cost=97.82..97.82 rows=1 width=84)
                     Sort Key: (st_distance(st_transform(s_2735.the_geom, 25833), schw_2735.schw))
                     ->  Nested Loop  (cost=0.00..97.81 rows=1 width=84)
                           Join Filter: ((st_transform(s_2735.the_geom, 25833) && st_expand(schw_2735.schw, '300'::double precision)) AND (schw_2735.schw && st_expand(st_transform(s_2735.the_geom, 25833), '300'::double precision)) AND _st_dwithin(st_transform(s_2735.the_geom, 25833), schw_2735.schw, '300'::double precision))
                           ->  Function Scan on schw_2735  (cost=0.00..0.01 rows=1 width=32)
                           ->  Seq Scan on phoml_trajectory_tmp s_2735  (cost=0.00..95.68 rows=17 width=40)
                                 Filter: ((unix_time >= '1685451608.635'::double precision) AND (unix_time <= '1685451668.635'::double precision))
   ->  Subquery Scan on "*SELECT* 2737"  (cost=97.82..97.83 rows=1 width=76)
         ->  Limit  (cost=97.82..97.82 rows=1 width=84)
               ->  Sort  (cost=97.82..97.82 rows=1 width=84)
                     Sort Key: (st_distance(st_transform(s_2736.the_geom, 25833), schw_2736.schw))
                     ->  Nested Loop  (cost=0.00..97.81 rows=1 width=84)
                           Join Filter: ((st_transform(s_2736.the_geom, 25833) && st_expand(schw_2736.schw, '300'::double precision)) AND (schw_2736.schw && st_expand(st_transform(s_2736.the_geom, 25833), '300'::double precision)) AND _st_dwithin(st_transform(s_2736.the_geom, 25833), schw_2736.schw, '300'::double precision))
                           ->  Function Scan on schw_2736  (cost=0.00..0.01 rows=1 width=32)
                           ->  Seq Scan on phoml_trajectory_tmp s_2736  (cost=0.00..95.68 rows=17 width=40)
                                 Filter: ((unix_time >= '1685451609.18'::double precision) AND (unix_time <= '1685451669.18'::double precision))
   ->  Subquery Scan on "*SELECT* 2738"  (cost=97.82..97.83 rows=1 width=76)
         ->  Limit  (cost=97.82..97.82 rows=1 width=84)
               ->  Sort  (cost=97.82..97.82 rows=1 width=84)
                     Sort Key: (st_distance(st_transform(s_2737.the_geom, 25833), schw_2737.schw))
                     ->  Nested Loop  (cost=0.00..97.81 rows=1 width=84)
                           Join Filter: ((st_transform(s_2737.the_geom, 25833) && st_expand(schw_2737.schw, '300'::double precision)) AND (schw_2737.schw && st_expand(st_transform(s_2737.the_geom, 25833), '300'::double precision)) AND _st_dwithin(st_transform(s_2737.the_geom, 25833), schw_2737.schw, '300'::double precision))
                           ->  Function Scan on schw_2737  (cost=0.00..0.01 rows=1 width=32)
                           ->  Seq Scan on phoml_trajectory_tmp s_2737  (cost=0.00..95.68 rows=17 width=40)
                                 Filter: ((unix_time >= '1685451609.738'::double precision) AND (unix_time <= '1685451669.738'::double precision))
   ->  Subquery Scan on "*SELECT* 2739"  (cost=97.82..97.83 rows=1 width=76)
         ->  Limit  (cost=97.82..97.82 rows=1 width=84)
               ->  Sort  (cost=97.82..97.82 rows=1 width=84)
                     Sort Key: (st_distance(st_transform(s_2738.the_geom, 25833), schw_2738.schw))
                     ->  Nested Loop  (cost=0.00..97.81 rows=1 width=84)
                           Join Filter: ((st_transform(s_2738.the_geom, 25833) && st_expand(schw_2738.schw, '300'::double precision)) AND (schw_2738.schw && st_expand(st_transform(s_2738.the_geom, 25833), '300'::double precision)) AND _st_dwithin(st_transform(s_2738.the_geom, 25833), schw_2738.schw, '300'::double precision))
                           ->  Function Scan on schw_2738  (cost=0.00..0.01 rows=1 width=32)
                           ->  Seq Scan on phoml_trajectory_tmp s_2738  (cost=0.00..95.68 rows=17 width=40)
                                 Filter: ((unix_time >= '1685451610.301'::double precision) AND (unix_time <= '1685451670.301'::double precision))
   ->  Subquery Scan on "*SELECT* 2740"  (cost=97.82..97.83 rows=1 width=76)
         ->  Limit  (cost=97.82..97.82 rows=1 width=84)
               ->  Sort  (cost=97.82..97.82 rows=1 width=84)
                     Sort Key: (st_distance(st_transform(s_2739.the_geom, 25833), schw_2739.schw))
                     ->  Nested Loop  (cost=0.00..97.81 rows=1 width=84)
                           Join Filter: ((st_transform(s_2739.the_geom, 25833) && st_expand(schw_2739.schw, '300'::double precision)) AND (schw_2739.schw && st_expand(st_transform(s_2739.the_geom, 25833), '300'::double precision)) AND _st_dwithin(st_transform(s_2739.the_geom, 25833), schw_2739.schw, '300'::double precision))
                           ->  Function Scan on schw_2739  (cost=0.00..0.01 rows=1 width=32)
                           ->  Seq Scan on phoml_trajectory_tmp s_2739  (cost=0.00..95.68 rows=17 width=40)
                                 Filter: ((unix_time >= '1685451610.887'::double precision) AND (unix_time <= '1685451670.887'::double precision))
   ->  Subquery Scan on "*SELECT* 2741"  (cost=97.82..97.83 rows=1 width=76)
         ->  Limit  (cost=97.82..97.82 rows=1 width=84)
               ->  Sort  (cost=97.82..97.82 rows=1 width=84)
                     Sort Key: (st_distance(st_transform(s_2740.the_geom, 25833), schw_2740.schw))
                     ->  Nested Loop  (cost=0.00..97.81 rows=1 width=84)
                           Join Filter: ((st_transform(s_2740.the_geom, 25833) && st_expand(schw_2740.schw, '300'::double precision)) AND (schw_2740.schw && st_expand(st_transform(s_2740.the_geom, 25833), '300'::double precision)) AND _st_dwithin(st_transform(s_2740.the_geom, 25833), schw_2740.schw, '300'::double precision))
                           ->  Function Scan on schw_2740  (cost=0.00..0.01 rows=1 width=32)
                           ->  Seq Scan on phoml_trajectory_tmp s_2740  (cost=0.00..95.68 rows=17 width=40)
                                 Filter: ((unix_time >= '1685451611.54'::double precision) AND (unix_time <= '1685451671.54'::double precision))
   ->  Subquery Scan on "*SELECT* 2742"  (cost=97.82..97.83 rows=1 width=76)
         ->  Limit  (cost=97.82..97.82 rows=1 width=84)
               ->  Sort  (cost=97.82..97.82 rows=1 width=84)
                     Sort Key: (st_distance(st_transform(s_2741.the_geom, 25833), schw_2741.schw))
                     ->  Nested Loop  (cost=0.00..97.81 rows=1 width=84)
                           Join Filter: ((st_transform(s_2741.the_geom, 25833) && st_expand(schw_2741.schw, '300'::double precision)) AND (schw_2741.schw && st_expand(st_transform(s_2741.the_geom, 25833), '300'::double precision)) AND _st_dwithin(st_transform(s_2741.the_geom, 25833), schw_2741.schw, '300'::double precision))
                           ->  Function Scan on schw_2741  (cost=0.00..0.01 rows=1 width=32)
                           ->  Seq Scan on phoml_trajectory_tmp s_2741  (cost=0.00..95.68 rows=17 width=40)
                                 Filter: ((unix_time >= '1685451612.213'::double precision) AND (unix_time <= '1685451672.213'::double precision))
   ->  Subquery Scan on "*SELECT* 2743"  (cost=97.82..97.83 rows=1 width=76)
         ->  Limit  (cost=97.82..97.82 rows=1 width=84)
               ->  Sort  (cost=97.82..97.82 rows=1 width=84)
                     Sort Key: (st_distance(st_transform(s_2742.the_geom, 25833), schw_2742.schw))
                     ->  Nested Loop  (cost=0.00..97.81 rows=1 width=84)
                           Join Filter: ((st_transform(s_2742.the_geom, 25833) && st_expand(schw_2742.schw, '300'::double precision)) AND (schw_2742.schw && st_expand(st_transform(s_2742.the_geom, 25833), '300'::double precision)) AND _st_dwithin(st_transform(s_2742.the_geom, 25833), schw_2742.schw, '300'::double precision))
                           ->  Function Scan on schw_2742  (cost=0.00..0.01 rows=1 width=32)
                           ->  Seq Scan on phoml_trajectory_tmp s_2742  (cost=0.00..95.68 rows=17 width=40)
                                 Filter: ((unix_time >= '1685451612.983'::double precision) AND (unix_time <= '1685451672.983'::double precision))
   ->  Subquery Scan on "*SELECT* 2744"  (cost=97.82..97.83 rows=1 width=76)
         ->  Limit  (cost=97.82..97.82 rows=1 width=84)
               ->  Sort  (cost=97.82..97.82 rows=1 width=84)
                     Sort Key: (st_distance(st_transform(s_2743.the_geom, 25833), schw_2743.schw))
                     ->  Nested Loop  (cost=0.00..97.81 rows=1 width=84)
                           Join Filter: ((st_transform(s_2743.the_geom, 25833) && st_expand(schw_2743.schw, '300'::double precision)) AND (schw_2743.schw && st_expand(st_transform(s_2743.the_geom, 25833), '300'::double precision)) AND _st_dwithin(st_transform(s_2743.the_geom, 25833), schw_2743.schw, '300'::double precision))
                           ->  Function Scan on schw_2743  (cost=0.00..0.01 rows=1 width=32)
                           ->  Seq Scan on phoml_trajectory_tmp s_2743  (cost=0.00..95.68 rows=17 width=40)
                                 Filter: ((unix_time >= '1685451613.856'::double precision) AND (unix_time <= '1685451673.856'::double precision))
   ->  Subquery Scan on "*SELECT* 2745"  (cost=97.82..97.83 rows=1 width=76)
         ->  Limit  (cost=97.82..97.82 rows=1 width=84)
               ->  Sort  (cost=97.82..97.82 rows=1 width=84)
                     Sort Key: (st_distance(st_transform(s_2744.the_geom, 25833), schw_2744.schw))
                     ->  Nested Loop  (cost=0.00..97.81 rows=1 width=84)
                           Join Filter: ((st_transform(s_2744.the_geom, 25833) && st_expand(schw_2744.schw, '300'::double precision)) AND (schw_2744.schw && st_expand(st_transform(s_2744.the_geom, 25833), '300'::double precision)) AND _st_dwithin(st_transform(s_2744.the_geom, 25833), schw_2744.schw, '300'::double precision))
                           ->  Function Scan on schw_2744  (cost=0.00..0.01 rows=1 width=32)
                           ->  Seq Scan on phoml_trajectory_tmp s_2744  (cost=0.00..95.68 rows=17 width=40)
                                 Filter: ((unix_time >= '1685451614.867'::double precision) AND (unix_time <= '1685451674.867'::double precision))
   ->  Subquery Scan on "*SELECT* 2746"  (cost=97.82..97.83 rows=1 width=76)
         ->  Limit  (cost=97.82..97.82 rows=1 width=84)
               ->  Sort  (cost=97.82..97.82 rows=1 width=84)
                     Sort Key: (st_distance(st_transform(s_2745.the_geom, 25833), schw_2745.schw))
                     ->  Nested Loop  (cost=0.00..97.81 rows=1 width=84)
                           Join Filter: ((st_transform(s_2745.the_geom, 25833) && st_expand(schw_2745.schw, '300'::double precision)) AND (schw_2745.schw && st_expand(st_transform(s_2745.the_geom, 25833), '300'::double precision)) AND _st_dwithin(st_transform(s_2745.the_geom, 25833), schw_2745.schw, '300'::double precision))
                           ->  Function Scan on schw_2745  (cost=0.00..0.01 rows=1 width=32)
                           ->  Seq Scan on phoml_trajectory_tmp s_2745  (cost=0.00..95.68 rows=17 width=40)
                                 Filter: ((unix_time >= '1685451234.466'::double precision) AND (unix_time <= '1685451294.466'::double precision))
   ->  Subquery Scan on "*SELECT* 2747"  (cost=97.82..97.83 rows=1 width=76)
         ->  Limit  (cost=97.82..97.82 rows=1 width=84)
               ->  Sort  (cost=97.82..97.82 rows=1 width=84)
                     Sort Key: (st_distance(st_transform(s_2746.the_geom, 25833), schw_2746.schw))
                     ->  Nested Loop  (cost=0.00..97.81 rows=1 width=84)
                           Join Filter: ((st_transform(s_2746.the_geom, 25833) && st_expand(schw_2746.schw, '300'::double precision)) AND (schw_2746.schw && st_expand(st_transform(s_2746.the_geom, 25833), '300'::double precision)) AND _st_dwithin(st_transform(s_2746.the_geom, 25833), schw_2746.schw, '300'::double precision))
                           ->  Function Scan on schw_2746  (cost=0.00..0.01 rows=1 width=32)
                           ->  Seq Scan on phoml_trajectory_tmp s_2746  (cost=0.00..95.68 rows=17 width=40)
                                 Filter: ((unix_time >= '1685451237.592'::double precision) AND (unix_time <= '1685451297.592'::double precision))
   ->  Subquery Scan on "*SELECT* 2748"  (cost=97.82..97.83 rows=1 width=76)
         ->  Limit  (cost=97.82..97.82 rows=1 width=84)
               ->  Sort  (cost=97.82..97.82 rows=1 width=84)
                     Sort Key: (st_distance(st_transform(s_2747.the_geom, 25833), schw_2747.schw))
                     ->  Nested Loop  (cost=0.00..97.81 rows=1 width=84)
                           Join Filter: ((st_transform(s_2747.the_geom, 25833) && st_expand(schw_2747.schw, '300'::double precision)) AND (schw_2747.schw && st_expand(st_transform(s_2747.the_geom, 25833), '300'::double precision)) AND _st_dwithin(st_transform(s_2747.the_geom, 25833), schw_2747.schw, '300'::double precision))
                           ->  Function Scan on schw_2747  (cost=0.00..0.01 rows=1 width=32)
                           ->  Seq Scan on phoml_trajectory_tmp s_2747  (cost=0.00..95.68 rows=17 width=40)
                                 Filter: ((unix_time >= '1685451239.425'::double precision) AND (unix_time <= '1685451299.425'::double precision))
   ->  Subquery Scan on "*SELECT* 2749"  (cost=97.82..97.83 rows=1 width=76)
         ->  Limit  (cost=97.82..97.82 rows=1 width=84)
               ->  Sort  (cost=97.82..97.82 rows=1 width=84)
                     Sort Key: (st_distance(st_transform(s_2748.the_geom, 25833), schw_2748.schw))
                     ->  Nested Loop  (cost=0.00..97.81 rows=1 width=84)
                           Join Filter: ((st_transform(s_2748.the_geom, 25833) && st_expand(schw_2748.schw, '300'::double precision)) AND (schw_2748.schw && st_expand(st_transform(s_2748.the_geom, 25833), '300'::double precision)) AND _st_dwithin(st_transform(s_2748.the_geom, 25833), schw_2748.schw, '300'::double precision))
                           ->  Function Scan on schw_2748  (cost=0.00..0.01 rows=1 width=32)
                           ->  Seq Scan on phoml_trajectory_tmp s_2748  (cost=0.00..95.68 rows=17 width=40)
                                 Filter: ((unix_time >= '1685451240.801'::double precision) AND (unix_time <= '1685451300.801'::double precision))
   ->  Subquery Scan on "*SELECT* 2750"  (cost=97.82..97.83 rows=1 width=76)
         ->  Limit  (cost=97.82..97.82 rows=1 width=84)
               ->  Sort  (cost=97.82..97.82 rows=1 width=84)
                     Sort Key: (st_distance(st_transform(s_2749.the_geom, 25833), schw_2749.schw))
                     ->  Nested Loop  (cost=0.00..97.81 rows=1 width=84)
                           Join Filter: ((st_transform(s_2749.the_geom, 25833) && st_expand(schw_2749.schw, '300'::double precision)) AND (schw_2749.schw && st_expand(st_transform(s_2749.the_geom, 25833), '300'::double precision)) AND _st_dwithin(st_transform(s_2749.the_geom, 25833), schw_2749.schw, '300'::double precision))
                           ->  Function Scan on schw_2749  (cost=0.00..0.01 rows=1 width=32)
                           ->  Seq Scan on phoml_trajectory_tmp s_2749  (cost=0.00..95.68 rows=17 width=40)
                                 Filter: ((unix_time >= '1685451241.935'::double precision) AND (unix_time <= '1685451301.935'::double precision))
   ->  Subquery Scan on "*SELECT* 2751"  (cost=97.82..97.83 rows=1 width=76)
         ->  Limit  (cost=97.82..97.82 rows=1 width=84)
               ->  Sort  (cost=97.82..97.82 rows=1 width=84)
                     Sort Key: (st_distance(st_transform(s_2750.the_geom, 25833), schw_2750.schw))
                     ->  Nested Loop  (cost=0.00..97.81 rows=1 width=84)
                           Join Filter: ((st_transform(s_2750.the_geom, 25833) && st_expand(schw_2750.schw, '300'::double precision)) AND (schw_2750.schw && st_expand(st_transform(s_2750.the_geom, 25833), '300'::double precision)) AND _st_dwithin(st_transform(s_2750.the_geom, 25833), schw_2750.schw, '300'::double precision))
                           ->  Function Scan on schw_2750  (cost=0.00..0.01 rows=1 width=32)
                           ->  Seq Scan on phoml_trajectory_tmp s_2750  (cost=0.00..95.68 rows=17 width=40)
                                 Filter: ((unix_time >= '1685451242.941'::double precision) AND (unix_time <= '1685451302.941'::double precision))
   ->  Subquery Scan on "*SELECT* 2752"  (cost=97.82..97.83 rows=1 width=76)
         ->  Limit  (cost=97.82..97.82 rows=1 width=84)
               ->  Sort  (cost=97.82..97.82 rows=1 width=84)
                     Sort Key: (st_distance(st_transform(s_2751.the_geom, 25833), schw_2751.schw))
                     ->  Nested Loop  (cost=0.00..97.81 rows=1 width=84)
                           Join Filter: ((st_transform(s_2751.the_geom, 25833) && st_expand(schw_2751.schw, '300'::double precision)) AND (schw_2751.schw && st_expand(st_transform(s_2751.the_geom, 25833), '300'::double precision)) AND _st_dwithin(st_transform(s_2751.the_geom, 25833), schw_2751.schw, '300'::double precision))
                           ->  Function Scan on schw_2751  (cost=0.00..0.01 rows=1 width=32)
                           ->  Seq Scan on phoml_trajectory_tmp s_2751  (cost=0.00..95.68 rows=17 width=40)
                                 Filter: ((unix_time >= '1685451243.834'::double precision) AND (unix_time <= '1685451303.834'::double precision))
   ->  Subquery Scan on "*SELECT* 2753"  (cost=97.82..97.83 rows=1 width=76)
         ->  Limit  (cost=97.82..97.82 rows=1 width=84)
               ->  Sort  (cost=97.82..97.82 rows=1 width=84)
                     Sort Key: (st_distance(st_transform(s_2752.the_geom, 25833), schw_2752.schw))
                     ->  Nested Loop  (cost=0.00..97.81 rows=1 width=84)
                           Join Filter: ((st_transform(s_2752.the_geom, 25833) && st_expand(schw_2752.schw, '300'::double precision)) AND (schw_2752.schw && st_expand(st_transform(s_2752.the_geom, 25833), '300'::double precision)) AND _st_dwithin(st_transform(s_2752.the_geom, 25833), schw_2752.schw, '300'::double precision))
                           ->  Function Scan on schw_2752  (cost=0.00..0.01 rows=1 width=32)
                           ->  Seq Scan on phoml_trajectory_tmp s_2752  (cost=0.00..95.68 rows=17 width=40)
                                 Filter: ((unix_time >= '1685451244.634'::double precision) AND (unix_time <= '1685451304.634'::double precision))
   ->  Subquery Scan on "*SELECT* 2754"  (cost=97.82..97.83 rows=1 width=76)
         ->  Limit  (cost=97.82..97.82 rows=1 width=84)
               ->  Sort  (cost=97.82..97.82 rows=1 width=84)
                     Sort Key: (st_distance(st_transform(s_2753.the_geom, 25833), schw_2753.schw))
                     ->  Nested Loop  (cost=0.00..97.81 rows=1 width=84)
                           Join Filter: ((st_transform(s_2753.the_geom, 25833) && st_expand(schw_2753.schw, '300'::double precision)) AND (schw_2753.schw && st_expand(st_transform(s_2753.the_geom, 25833), '300'::double precision)) AND _st_dwithin(st_transform(s_2753.the_geom, 25833), schw_2753.schw, '300'::double precision))
                           ->  Function Scan on schw_2753  (cost=0.00..0.01 rows=1 width=32)
                           ->  Seq Scan on phoml_trajectory_tmp s_2753  (cost=0.00..95.68 rows=17 width=40)
                                 Filter: ((unix_time >= '1685451245.372'::double precision) AND (unix_time <= '1685451305.372'::double precision))
   ->  Subquery Scan on "*SELECT* 2755"  (cost=97.82..97.83 rows=1 width=76)
         ->  Limit  (cost=97.82..97.82 rows=1 width=84)
               ->  Sort  (cost=97.82..97.82 rows=1 width=84)
                     Sort Key: (st_distance(st_transform(s_2754.the_geom, 25833), schw_2754.schw))
                     ->  Nested Loop  (cost=0.00..97.81 rows=1 width=84)
                           Join Filter: ((st_transform(s_2754.the_geom, 25833) && st_expand(schw_2754.schw, '300'::double precision)) AND (schw_2754.schw && st_expand(st_transform(s_2754.the_geom, 25833), '300'::double precision)) AND _st_dwithin(st_transform(s_2754.the_geom, 25833), schw_2754.schw, '300'::double precision))
                           ->  Function Scan on schw_2754  (cost=0.00..0.01 rows=1 width=32)
                           ->  Seq Scan on phoml_trajectory_tmp s_2754  (cost=0.00..95.68 rows=17 width=40)
                                 Filter: ((unix_time >= '1685451246.092'::double precision) AND (unix_time <= '1685451306.092'::double precision))
   ->  Subquery Scan on "*SELECT* 2756"  (cost=97.82..97.83 rows=1 width=76)
         ->  Limit  (cost=97.82..97.82 rows=1 width=84)
               ->  Sort  (cost=97.82..97.82 rows=1 width=84)
                     Sort Key: (st_distance(st_transform(s_2755.the_geom, 25833), schw_2755.schw))
                     ->  Nested Loop  (cost=0.00..97.81 rows=1 width=84)
                           Join Filter: ((st_transform(s_2755.the_geom, 25833) && st_expand(schw_2755.schw, '300'::double precision)) AND (schw_2755.schw && st_expand(st_transform(s_2755.the_geom, 25833), '300'::double precision)) AND _st_dwithin(st_transform(s_2755.the_geom, 25833), schw_2755.schw, '300'::double precision))
                           ->  Function Scan on schw_2755  (cost=0.00..0.01 rows=1 width=32)
                           ->  Seq Scan on phoml_trajectory_tmp s_2755  (cost=0.00..95.68 rows=17 width=40)
                                 Filter: ((unix_time >= '1685451246.756'::double precision) AND (unix_time <= '1685451306.756'::double precision))
   ->  Subquery Scan on "*SELECT* 2757"  (cost=97.82..97.83 rows=1 width=76)
         ->  Limit  (cost=97.82..97.82 rows=1 width=84)
               ->  Sort  (cost=97.82..97.82 rows=1 width=84)
                     Sort Key: (st_distance(st_transform(s_2756.the_geom, 25833), schw_2756.schw))
                     ->  Nested Loop  (cost=0.00..97.81 rows=1 width=84)
                           Join Filter: ((st_transform(s_2756.the_geom, 25833) && st_expand(schw_2756.schw, '300'::double precision)) AND (schw_2756.schw && st_expand(st_transform(s_2756.the_geom, 25833), '300'::double precision)) AND _st_dwithin(st_transform(s_2756.the_geom, 25833), schw_2756.schw, '300'::double precision))
                           ->  Function Scan on schw_2756  (cost=0.00..0.01 rows=1 width=32)
                           ->  Seq Scan on phoml_trajectory_tmp s_2756  (cost=0.00..95.68 rows=17 width=40)
                                 Filter: ((unix_time >= '1685451247.416'::double precision) AND (unix_time <= '1685451307.416'::double precision))
   ->  Subquery Scan on "*SELECT* 2758"  (cost=97.82..97.83 rows=1 width=76)
         ->  Limit  (cost=97.82..97.82 rows=1 width=84)
               ->  Sort  (cost=97.82..97.82 rows=1 width=84)
                     Sort Key: (st_distance(st_transform(s_2757.the_geom, 25833), schw_2757.schw))
                     ->  Nested Loop  (cost=0.00..97.81 rows=1 width=84)
                           Join Filter: ((st_transform(s_2757.the_geom, 25833) && st_expand(schw_2757.schw, '300'::double precision)) AND (schw_2757.schw && st_expand(st_transform(s_2757.the_geom, 25833), '300'::double precision)) AND _st_dwithin(st_transform(s_2757.the_geom, 25833), schw_2757.schw, '300'::double precision))
                           ->  Function Scan on schw_2757  (cost=0.00..0.01 rows=1 width=32)
                           ->  Seq Scan on phoml_trajectory_tmp s_2757  (cost=0.00..95.68 rows=17 width=40)
                                 Filter: ((unix_time >= '1685451248.036'::double precision) AND (unix_time <= '1685451308.036'::double precision))
   ->  Subquery Scan on "*SELECT* 2759"  (cost=97.82..97.83 rows=1 width=76)
         ->  Limit  (cost=97.82..97.82 rows=1 width=84)
               ->  Sort  (cost=97.82..97.82 rows=1 width=84)
                     Sort Key: (st_distance(st_transform(s_2758.the_geom, 25833), schw_2758.schw))
                     ->  Nested Loop  (cost=0.00..97.81 rows=1 width=84)
                           Join Filter: ((st_transform(s_2758.the_geom, 25833) && st_expand(schw_2758.schw, '300'::double precision)) AND (schw_2758.schw && st_expand(st_transform(s_2758.the_geom, 25833), '300'::double precision)) AND _st_dwithin(st_transform(s_2758.the_geom, 25833), schw_2758.schw, '300'::double precision))
                           ->  Function Scan on schw_2758  (cost=0.00..0.01 rows=1 width=32)
                           ->  Seq Scan on phoml_trajectory_tmp s_2758  (cost=0.00..95.68 rows=17 width=40)
                                 Filter: ((unix_time >= '1685451248.641'::double precision) AND (unix_time <= '1685451308.641'::double precision))
   ->  Subquery Scan on "*SELECT* 2760"  (cost=97.82..97.83 rows=1 width=76)
         ->  Limit  (cost=97.82..97.82 rows=1 width=84)
               ->  Sort  (cost=97.82..97.82 rows=1 width=84)
                     Sort Key: (st_distance(st_transform(s_2759.the_geom, 25833), schw_2759.schw))
                     ->  Nested Loop  (cost=0.00..97.81 rows=1 width=84)
                           Join Filter: ((st_transform(s_2759.the_geom, 25833) && st_expand(schw_2759.schw, '300'::double precision)) AND (schw_2759.schw && st_expand(st_transform(s_2759.the_geom, 25833), '300'::double precision)) AND _st_dwithin(st_transform(s_2759.the_geom, 25833), schw_2759.schw, '300'::double precision))
                           ->  Function Scan on schw_2759  (cost=0.00..0.01 rows=1 width=32)
                           ->  Seq Scan on phoml_trajectory_tmp s_2759  (cost=0.00..95.68 rows=17 width=40)
                                 Filter: ((unix_time >= '1685451249.215'::double precision) AND (unix_time <= '1685451309.215'::double precision))
   ->  Subquery Scan on "*SELECT* 2761"  (cost=97.82..97.83 rows=1 width=76)
         ->  Limit  (cost=97.82..97.82 rows=1 width=84)
               ->  Sort  (cost=97.82..97.82 rows=1 width=84)
                     Sort Key: (st_distance(st_transform(s_2760.the_geom, 25833), schw_2760.schw))
                     ->  Nested Loop  (cost=0.00..97.81 rows=1 width=84)
                           Join Filter: ((st_transform(s_2760.the_geom, 25833) && st_expand(schw_2760.schw, '300'::double precision)) AND (schw_2760.schw && st_expand(st_transform(s_2760.the_geom, 25833), '300'::double precision)) AND _st_dwithin(st_transform(s_2760.the_geom, 25833), schw_2760.schw, '300'::double precision))
                           ->  Function Scan on schw_2760  (cost=0.00..0.01 rows=1 width=32)
                           ->  Seq Scan on phoml_trajectory_tmp s_2760  (cost=0.00..95.68 rows=17 width=40)
                                 Filter: ((unix_time >= '1685451249.755'::double precision) AND (unix_time <= '1685451309.755'::double precision))
   ->  Subquery Scan on "*SELECT* 2762"  (cost=97.82..97.83 rows=1 width=76)
         ->  Limit  (cost=97.82..97.82 rows=1 width=84)
               ->  Sort  (cost=97.82..97.82 rows=1 width=84)
                     Sort Key: (st_distance(st_transform(s_2761.the_geom, 25833), schw_2761.schw))
                     ->  Nested Loop  (cost=0.00..97.81 rows=1 width=84)
                           Join Filter: ((st_transform(s_2761.the_geom, 25833) && st_expand(schw_2761.schw, '300'::double precision)) AND (schw_2761.schw && st_expand(st_transform(s_2761.the_geom, 25833), '300'::double precision)) AND _st_dwithin(st_transform(s_2761.the_geom, 25833), schw_2761.schw, '300'::double precision))
                           ->  Function Scan on schw_2761  (cost=0.00..0.01 rows=1 width=32)
                           ->  Seq Scan on phoml_trajectory_tmp s_2761  (cost=0.00..95.68 rows=17 width=40)
                                 Filter: ((unix_time >= '1685451250.296'::double precision) AND (unix_time <= '1685451310.296'::double precision))
   ->  Subquery Scan on "*SELECT* 2763"  (cost=97.82..97.83 rows=1 width=76)
         ->  Limit  (cost=97.82..97.82 rows=1 width=84)
               ->  Sort  (cost=97.82..97.82 rows=1 width=84)
                     Sort Key: (st_distance(st_transform(s_2762.the_geom, 25833), schw_2762.schw))
                     ->  Nested Loop  (cost=0.00..97.81 rows=1 width=84)
                           Join Filter: ((st_transform(s_2762.the_geom, 25833) && st_expand(schw_2762.schw, '300'::double precision)) AND (schw_2762.schw && st_expand(st_transform(s_2762.the_geom, 25833), '300'::double precision)) AND _st_dwithin(st_transform(s_2762.the_geom, 25833), schw_2762.schw, '300'::double precision))
                           ->  Function Scan on schw_2762  (cost=0.00..0.01 rows=1 width=32)
                           ->  Seq Scan on phoml_trajectory_tmp s_2762  (cost=0.00..95.68 rows=17 width=40)
                                 Filter: ((unix_time >= '1685451250.816'::double precision) AND (unix_time <= '1685451310.816'::double precision))
   ->  Subquery Scan on "*SELECT* 2764"  (cost=97.82..97.83 rows=1 width=76)
         ->  Limit  (cost=97.82..97.82 rows=1 width=84)
               ->  Sort  (cost=97.82..97.82 rows=1 width=84)
                     Sort Key: (st_distance(st_transform(s_2763.the_geom, 25833), schw_2763.schw))
                     ->  Nested Loop  (cost=0.00..97.81 rows=1 width=84)
                           Join Filter: ((st_transform(s_2763.the_geom, 25833) && st_expand(schw_2763.schw, '300'::double precision)) AND (schw_2763.schw && st_expand(st_transform(s_2763.the_geom, 25833), '300'::double precision)) AND _st_dwithin(st_transform(s_2763.the_geom, 25833), schw_2763.schw, '300'::double precision))
                           ->  Function Scan on schw_2763  (cost=0.00..0.01 rows=1 width=32)
                           ->  Seq Scan on phoml_trajectory_tmp s_2763  (cost=0.00..95.68 rows=17 width=40)
                                 Filter: ((unix_time >= '1685451251.34'::double precision) AND (unix_time <= '1685451311.34'::double precision))
   ->  Subquery Scan on "*SELECT* 2765"  (cost=97.82..97.83 rows=1 width=76)
         ->  Limit  (cost=97.82..97.82 rows=1 width=84)
               ->  Sort  (cost=97.82..97.82 rows=1 width=84)
                     Sort Key: (st_distance(st_transform(s_2764.the_geom, 25833), schw_2764.schw))
                     ->  Nested Loop  (cost=0.00..97.81 rows=1 width=84)
                           Join Filter: ((st_transform(s_2764.the_geom, 25833) && st_expand(schw_2764.schw, '300'::double precision)) AND (schw_2764.schw && st_expand(st_transform(s_2764.the_geom, 25833), '300'::double precision)) AND _st_dwithin(st_transform(s_2764.the_geom, 25833), schw_2764.schw, '300'::double precision))
                           ->  Function Scan on schw_2764  (cost=0.00..0.01 rows=1 width=32)
                           ->  Seq Scan on phoml_trajectory_tmp s_2764  (cost=0.00..95.68 rows=17 width=40)
                                 Filter: ((unix_time >= '1685451251.86'::double precision) AND (unix_time <= '1685451311.86'::double precision))
   ->  Subquery Scan on "*SELECT* 2766"  (cost=97.82..97.83 rows=1 width=76)
         ->  Limit  (cost=97.82..97.82 rows=1 width=84)
               ->  Sort  (cost=97.82..97.82 rows=1 width=84)
                     Sort Key: (st_distance(st_transform(s_2765.the_geom, 25833), schw_2765.schw))
                     ->  Nested Loop  (cost=0.00..97.81 rows=1 width=84)
                           Join Filter: ((st_transform(s_2765.the_geom, 25833) && st_expand(schw_2765.schw, '300'::double precision)) AND (schw_2765.schw && st_expand(st_transform(s_2765.the_geom, 25833), '300'::double precision)) AND _st_dwithin(st_transform(s_2765.the_geom, 25833), schw_2765.schw, '300'::double precision))
                           ->  Function Scan on schw_2765  (cost=0.00..0.01 rows=1 width=32)
                           ->  Seq Scan on phoml_trajectory_tmp s_2765  (cost=0.00..95.68 rows=17 width=40)
                                 Filter: ((unix_time >= '1685451252.346'::double precision) AND (unix_time <= '1685451312.346'::double precision))
   ->  Subquery Scan on "*SELECT* 2767"  (cost=97.82..97.83 rows=1 width=76)
         ->  Limit  (cost=97.82..97.82 rows=1 width=84)
               ->  Sort  (cost=97.82..97.82 rows=1 width=84)
                     Sort Key: (st_distance(st_transform(s_2766.the_geom, 25833), schw_2766.schw))
                     ->  Nested Loop  (cost=0.00..97.81 rows=1 width=84)
                           Join Filter: ((st_transform(s_2766.the_geom, 25833) && st_expand(schw_2766.schw, '300'::double precision)) AND (schw_2766.schw && st_expand(st_transform(s_2766.the_geom, 25833), '300'::double precision)) AND _st_dwithin(st_transform(s_2766.the_geom, 25833), schw_2766.schw, '300'::double precision))
                           ->  Function Scan on schw_2766  (cost=0.00..0.01 rows=1 width=32)
                           ->  Seq Scan on phoml_trajectory_tmp s_2766  (cost=0.00..95.68 rows=17 width=40)
                                 Filter: ((unix_time >= '1685451252.856'::double precision) AND (unix_time <= '1685451312.856'::double precision))
   ->  Subquery Scan on "*SELECT* 2768"  (cost=97.82..97.83 rows=1 width=76)
         ->  Limit  (cost=97.82..97.82 rows=1 width=84)
               ->  Sort  (cost=97.82..97.82 rows=1 width=84)
                     Sort Key: (st_distance(st_transform(s_2767.the_geom, 25833), schw_2767.schw))
                     ->  Nested Loop  (cost=0.00..97.81 rows=1 width=84)
                           Join Filter: ((st_transform(s_2767.the_geom, 25833) && st_expand(schw_2767.schw, '300'::double precision)) AND (schw_2767.schw && st_expand(st_transform(s_2767.the_geom, 25833), '300'::double precision)) AND _st_dwithin(st_transform(s_2767.the_geom, 25833), schw_2767.schw, '300'::double precision))
                           ->  Function Scan on schw_2767  (cost=0.00..0.01 rows=1 width=32)
                           ->  Seq Scan on phoml_trajectory_tmp s_2767  (cost=0.00..95.68 rows=17 width=40)
                                 Filter: ((unix_time >= '1685451253.352'::double precision) AND (unix_time <= '1685451313.352'::double precision))
   ->  Subquery Scan on "*SELECT* 2769"  (cost=97.82..97.83 rows=1 width=76)
         ->  Limit  (cost=97.82..97.82 rows=1 width=84)
               ->  Sort  (cost=97.82..97.82 rows=1 width=84)
                     Sort Key: (st_distance(st_transform(s_2768.the_geom, 25833), schw_2768.schw))
                     ->  Nested Loop  (cost=0.00..97.81 rows=1 width=84)
                           Join Filter: ((st_transform(s_2768.the_geom, 25833) && st_expand(schw_2768.schw, '300'::double precision)) AND (schw_2768.schw && st_expand(st_transform(s_2768.the_geom, 25833), '300'::double precision)) AND _st_dwithin(st_transform(s_2768.the_geom, 25833), schw_2768.schw, '300'::double precision))
                           ->  Function Scan on schw_2768  (cost=0.00..0.01 rows=1 width=32)
                           ->  Seq Scan on phoml_trajectory_tmp s_2768  (cost=0.00..95.68 rows=17 width=40)
                                 Filter: ((unix_time >= '1685451253.842'::double precision) AND (unix_time <= '1685451313.842'::double precision))
   ->  Subquery Scan on "*SELECT* 2770"  (cost=97.82..97.83 rows=1 width=76)
         ->  Limit  (cost=97.82..97.82 rows=1 width=84)
               ->  Sort  (cost=97.82..97.82 rows=1 width=84)
                     Sort Key: (st_distance(st_transform(s_2769.the_geom, 25833), schw_2769.schw))
                     ->  Nested Loop  (cost=0.00..97.81 rows=1 width=84)
                           Join Filter: ((st_transform(s_2769.the_geom, 25833) && st_expand(schw_2769.schw, '300'::double precision)) AND (schw_2769.schw && st_expand(st_transform(s_2769.the_geom, 25833), '300'::double precision)) AND _st_dwithin(st_transform(s_2769.the_geom, 25833), schw_2769.schw, '300'::double precision))
                           ->  Function Scan on schw_2769  (cost=0.00..0.01 rows=1 width=32)
                           ->  Seq Scan on phoml_trajectory_tmp s_2769  (cost=0.00..95.68 rows=17 width=40)
                                 Filter: ((unix_time >= '1685451254.338'::double precision) AND (unix_time <= '1685451314.338'::double precision))
   ->  Subquery Scan on "*SELECT* 2771"  (cost=97.82..97.83 rows=1 width=76)
         ->  Limit  (cost=97.82..97.82 rows=1 width=84)
               ->  Sort  (cost=97.82..97.82 rows=1 width=84)
                     Sort Key: (st_distance(st_transform(s_2770.the_geom, 25833), schw_2770.schw))
                     ->  Nested Loop  (cost=0.00..97.81 rows=1 width=84)
                           Join Filter: ((st_transform(s_2770.the_geom, 25833) && st_expand(schw_2770.schw, '300'::double precision)) AND (schw_2770.schw && st_expand(st_transform(s_2770.the_geom, 25833), '300'::double precision)) AND _st_dwithin(st_transform(s_2770.the_geom, 25833), schw_2770.schw, '300'::double precision))
                           ->  Function Scan on schw_2770  (cost=0.00..0.01 rows=1 width=32)
                           ->  Seq Scan on phoml_trajectory_tmp s_2770  (cost=0.00..95.68 rows=17 width=40)
                                 Filter: ((unix_time >= '1685451254.818'::double precision) AND (unix_time <= '1685451314.818'::double precision))
   ->  Subquery Scan on "*SELECT* 2772"  (cost=97.82..97.83 rows=1 width=76)
         ->  Limit  (cost=97.82..97.82 rows=1 width=84)
               ->  Sort  (cost=97.82..97.82 rows=1 width=84)
                     Sort Key: (st_distance(st_transform(s_2771.the_geom, 25833), schw_2771.schw))
                     ->  Nested Loop  (cost=0.00..97.81 rows=1 width=84)
                           Join Filter: ((st_transform(s_2771.the_geom, 25833) && st_expand(schw_2771.schw, '300'::double precision)) AND (schw_2771.schw && st_expand(st_transform(s_2771.the_geom, 25833), '300'::double precision)) AND _st_dwithin(st_transform(s_2771.the_geom, 25833), schw_2771.schw, '300'::double precision))
                           ->  Function Scan on schw_2771  (cost=0.00..0.01 rows=1 width=32)
                           ->  Seq Scan on phoml_trajectory_tmp s_2771  (cost=0.00..95.68 rows=17 width=40)
                                 Filter: ((unix_time >= '1685451255.311'::double precision) AND (unix_time <= '1685451315.311'::double precision))
   ->  Subquery Scan on "*SELECT* 2773"  (cost=97.82..97.83 rows=1 width=76)
         ->  Limit  (cost=97.82..97.82 rows=1 width=84)
               ->  Sort  (cost=97.82..97.82 rows=1 width=84)
                     Sort Key: (st_distance(st_transform(s_2772.the_geom, 25833), schw_2772.schw))
                     ->  Nested Loop  (cost=0.00..97.81 rows=1 width=84)
                           Join Filter: ((st_transform(s_2772.the_geom, 25833) && st_expand(schw_2772.schw, '300'::double precision)) AND (schw_2772.schw && st_expand(st_transform(s_2772.the_geom, 25833), '300'::double precision)) AND _st_dwithin(st_transform(s_2772.the_geom, 25833), schw_2772.schw, '300'::double precision))
                           ->  Function Scan on schw_2772  (cost=0.00..0.01 rows=1 width=32)
                           ->  Seq Scan on phoml_trajectory_tmp s_2772  (cost=0.00..95.68 rows=17 width=40)
                                 Filter: ((unix_time >= '1685451255.791'::double precision) AND (unix_time <= '1685451315.791'::double precision))
   ->  Subquery Scan on "*SELECT* 2774"  (cost=97.82..97.83 rows=1 width=76)
         ->  Limit  (cost=97.82..97.82 rows=1 width=84)
               ->  Sort  (cost=97.82..97.82 rows=1 width=84)
                     Sort Key: (st_distance(st_transform(s_2773.the_geom, 25833), schw_2773.schw))
                     ->  Nested Loop  (cost=0.00..97.81 rows=1 width=84)
                           Join Filter: ((st_transform(s_2773.the_geom, 25833) && st_expand(schw_2773.schw, '300'::double precision)) AND (schw_2773.schw && st_expand(st_transform(s_2773.the_geom, 25833), '300'::double precision)) AND _st_dwithin(st_transform(s_2773.the_geom, 25833), schw_2773.schw, '300'::double precision))
                           ->  Function Scan on schw_2773  (cost=0.00..0.01 rows=1 width=32)
                           ->  Seq Scan on phoml_trajectory_tmp s_2773  (cost=0.00..95.68 rows=17 width=40)
                                 Filter: ((unix_time >= '1685451256.251'::double precision) AND (unix_time <= '1685451316.251'::double precision))
   ->  Subquery Scan on "*SELECT* 2775"  (cost=97.82..97.83 rows=1 width=76)
         ->  Limit  (cost=97.82..97.82 rows=1 width=84)
               ->  Sort  (cost=97.82..97.82 rows=1 width=84)
                     Sort Key: (st_distance(st_transform(s_2774.the_geom, 25833), schw_2774.schw))
                     ->  Nested Loop  (cost=0.00..97.81 rows=1 width=84)
                           Join Filter: ((st_transform(s_2774.the_geom, 25833) && st_expand(schw_2774.schw, '300'::double precision)) AND (schw_2774.schw && st_expand(st_transform(s_2774.the_geom, 25833), '300'::double precision)) AND _st_dwithin(st_transform(s_2774.the_geom, 25833), schw_2774.schw, '300'::double precision))
                           ->  Function Scan on schw_2774  (cost=0.00..0.01 rows=1 width=32)
                           ->  Seq Scan on phoml_trajectory_tmp s_2774  (cost=0.00..95.68 rows=17 width=40)
                                 Filter: ((unix_time >= '1685451256.731'::double precision) AND (unix_time <= '1685451316.731'::double precision))
   ->  Subquery Scan on "*SELECT* 2776"  (cost=97.82..97.83 rows=1 width=76)
         ->  Limit  (cost=97.82..97.82 rows=1 width=84)
               ->  Sort  (cost=97.82..97.82 rows=1 width=84)
                     Sort Key: (st_distance(st_transform(s_2775.the_geom, 25833), schw_2775.schw))
                     ->  Nested Loop  (cost=0.00..97.81 rows=1 width=84)
                           Join Filter: ((st_transform(s_2775.the_geom, 25833) && st_expand(schw_2775.schw, '300'::double precision)) AND (schw_2775.schw && st_expand(st_transform(s_2775.the_geom, 25833), '300'::double precision)) AND _st_dwithin(st_transform(s_2775.the_geom, 25833), schw_2775.schw, '300'::double precision))
                           ->  Function Scan on schw_2775  (cost=0.00..0.01 rows=1 width=32)
                           ->  Seq Scan on phoml_trajectory_tmp s_2775  (cost=0.00..95.68 rows=17 width=40)
                                 Filter: ((unix_time >= '1685451257.205'::double precision) AND (unix_time <= '1685451317.205'::double precision))
   ->  Subquery Scan on "*SELECT* 2777"  (cost=97.82..97.83 rows=1 width=76)
         ->  Limit  (cost=97.82..97.82 rows=1 width=84)
               ->  Sort  (cost=97.82..97.82 rows=1 width=84)
                     Sort Key: (st_distance(st_transform(s_2776.the_geom, 25833), schw_2776.schw))
                     ->  Nested Loop  (cost=0.00..97.81 rows=1 width=84)
                           Join Filter: ((st_transform(s_2776.the_geom, 25833) && st_expand(schw_2776.schw, '300'::double precision)) AND (schw_2776.schw && st_expand(st_transform(s_2776.the_geom, 25833), '300'::double precision)) AND _st_dwithin(st_transform(s_2776.the_geom, 25833), schw_2776.schw, '300'::double precision))
                           ->  Function Scan on schw_2776  (cost=0.00..0.01 rows=1 width=32)
                           ->  Seq Scan on phoml_trajectory_tmp s_2776  (cost=0.00..95.68 rows=17 width=40)
                                 Filter: ((unix_time >= '1685451257.645'::double precision) AND (unix_time <= '1685451317.645'::double precision))
   ->  Subquery Scan on "*SELECT* 2778"  (cost=97.82..97.83 rows=1 width=76)
         ->  Limit  (cost=97.82..97.82 rows=1 width=84)
               ->  Sort  (cost=97.82..97.82 rows=1 width=84)
                     Sort Key: (st_distance(st_transform(s_2777.the_geom, 25833), schw_2777.schw))
                     ->  Nested Loop  (cost=0.00..97.81 rows=1 width=84)
                           Join Filter: ((st_transform(s_2777.the_geom, 25833) && st_expand(schw_2777.schw, '300'::double precision)) AND (schw_2777.schw && st_expand(st_transform(s_2777.the_geom, 25833), '300'::double precision)) AND _st_dwithin(st_transform(s_2777.the_geom, 25833), schw_2777.schw, '300'::double precision))
                           ->  Function Scan on schw_2777  (cost=0.00..0.01 rows=1 width=32)
                           ->  Seq Scan on phoml_trajectory_tmp s_2777  (cost=0.00..95.68 rows=17 width=40)
                                 Filter: ((unix_time >= '1685451258.095'::double precision) AND (unix_time <= '1685451318.095'::double precision))
   ->  Subquery Scan on "*SELECT* 2779"  (cost=97.82..97.83 rows=1 width=76)
         ->  Limit  (cost=97.82..97.82 rows=1 width=84)
               ->  Sort  (cost=97.82..97.82 rows=1 width=84)
                     Sort Key: (st_distance(st_transform(s_2778.the_geom, 25833), schw_2778.schw))
                     ->  Nested Loop  (cost=0.00..97.81 rows=1 width=84)
                           Join Filter: ((st_transform(s_2778.the_geom, 25833) && st_expand(schw_2778.schw, '300'::double precision)) AND (schw_2778.schw && st_expand(st_transform(s_2778.the_geom, 25833), '300'::double precision)) AND _st_dwithin(st_transform(s_2778.the_geom, 25833), schw_2778.schw, '300'::double precision))
                           ->  Function Scan on schw_2778  (cost=0.00..0.01 rows=1 width=32)
                           ->  Seq Scan on phoml_trajectory_tmp s_2778  (cost=0.00..95.68 rows=17 width=40)
                                 Filter: ((unix_time >= '1685451258.551'::double precision) AND (unix_time <= '1685451318.551'::double precision))
   ->  Subquery Scan on "*SELECT* 2780"  (cost=97.82..97.83 rows=1 width=76)
         ->  Limit  (cost=97.82..97.82 rows=1 width=84)
               ->  Sort  (cost=97.82..97.82 rows=1 width=84)
                     Sort Key: (st_distance(st_transform(s_2779.the_geom, 25833), schw_2779.schw))
                     ->  Nested Loop  (cost=0.00..97.81 rows=1 width=84)
                           Join Filter: ((st_transform(s_2779.the_geom, 25833) && st_expand(schw_2779.schw, '300'::double precision)) AND (schw_2779.schw && st_expand(st_transform(s_2779.the_geom, 25833), '300'::double precision)) AND _st_dwithin(st_transform(s_2779.the_geom, 25833), schw_2779.schw, '300'::double precision))
                           ->  Function Scan on schw_2779  (cost=0.00..0.01 rows=1 width=32)
                           ->  Seq Scan on phoml_trajectory_tmp s_2779  (cost=0.00..95.68 rows=17 width=40)
                                 Filter: ((unix_time >= '1685451259.011'::double precision) AND (unix_time <= '1685451319.011'::double precision))
   ->  Subquery Scan on "*SELECT* 2781"  (cost=97.82..97.83 rows=1 width=76)
         ->  Limit  (cost=97.82..97.82 rows=1 width=84)
               ->  Sort  (cost=97.82..97.82 rows=1 width=84)
                     Sort Key: (st_distance(st_transform(s_2780.the_geom, 25833), schw_2780.schw))
                     ->  Nested Loop  (cost=0.00..97.81 rows=1 width=84)
                           Join Filter: ((st_transform(s_2780.the_geom, 25833) && st_expand(schw_2780.schw, '300'::double precision)) AND (schw_2780.schw && st_expand(st_transform(s_2780.the_geom, 25833), '300'::double precision)) AND _st_dwithin(st_transform(s_2780.the_geom, 25833), schw_2780.schw, '300'::double precision))
                           ->  Function Scan on schw_2780  (cost=0.00..0.01 rows=1 width=32)
                           ->  Seq Scan on phoml_trajectory_tmp s_2780  (cost=0.00..95.68 rows=17 width=40)
                                 Filter: ((unix_time >= '1685451259.459'::double precision) AND (unix_time <= '1685451319.459'::double precision))
   ->  Subquery Scan on "*SELECT* 2782"  (cost=97.82..97.83 rows=1 width=76)
         ->  Limit  (cost=97.82..97.82 rows=1 width=84)
               ->  Sort  (cost=97.82..97.82 rows=1 width=84)
                     Sort Key: (st_distance(st_transform(s_2781.the_geom, 25833), schw_2781.schw))
                     ->  Nested Loop  (cost=0.00..97.81 rows=1 width=84)
                           Join Filter: ((st_transform(s_2781.the_geom, 25833) && st_expand(schw_2781.schw, '300'::double precision)) AND (schw_2781.schw && st_expand(st_transform(s_2781.the_geom, 25833), '300'::double precision)) AND _st_dwithin(st_transform(s_2781.the_geom, 25833), schw_2781.schw, '300'::double precision))
                           ->  Function Scan on schw_2781  (cost=0.00..0.01 rows=1 width=32)
                           ->  Seq Scan on phoml_trajectory_tmp s_2781  (cost=0.00..95.68 rows=17 width=40)
                                 Filter: ((unix_time >= '1685451259.909'::double precision) AND (unix_time <= '1685451319.909'::double precision))
   ->  Subquery Scan on "*SELECT* 2783"  (cost=97.82..97.83 rows=1 width=76)
         ->  Limit  (cost=97.82..97.82 rows=1 width=84)
               ->  Sort  (cost=97.82..97.82 rows=1 width=84)
                     Sort Key: (st_distance(st_transform(s_2782.the_geom, 25833), schw_2782.schw))
                     ->  Nested Loop  (cost=0.00..97.81 rows=1 width=84)
                           Join Filter: ((st_transform(s_2782.the_geom, 25833) && st_expand(schw_2782.schw, '300'::double precision)) AND (schw_2782.schw && st_expand(st_transform(s_2782.the_geom, 25833), '300'::double precision)) AND _st_dwithin(st_transform(s_2782.the_geom, 25833), schw_2782.schw, '300'::double precision))
                           ->  Function Scan on schw_2782  (cost=0.00..0.01 rows=1 width=32)
                           ->  Seq Scan on phoml_trajectory_tmp s_2782  (cost=0.00..95.68 rows=17 width=40)
                                 Filter: ((unix_time >= '1685451260.375'::double precision) AND (unix_time <= '1685451320.375'::double precision))
   ->  Subquery Scan on "*SELECT* 2784"  (cost=97.82..97.83 rows=1 width=76)
         ->  Limit  (cost=97.82..97.82 rows=1 width=84)
               ->  Sort  (cost=97.82..97.82 rows=1 width=84)
                     Sort Key: (st_distance(st_transform(s_2783.the_geom, 25833), schw_2783.schw))
                     ->  Nested Loop  (cost=0.00..97.81 rows=1 width=84)
                           Join Filter: ((st_transform(s_2783.the_geom, 25833) && st_expand(schw_2783.schw, '300'::double precision)) AND (schw_2783.schw && st_expand(st_transform(s_2783.the_geom, 25833), '300'::double precision)) AND _st_dwithin(st_transform(s_2783.the_geom, 25833), schw_2783.schw, '300'::double precision))
                           ->  Function Scan on schw_2783  (cost=0.00..0.01 rows=1 width=32)
                           ->  Seq Scan on phoml_trajectory_tmp s_2783  (cost=0.00..95.68 rows=17 width=40)
                                 Filter: ((unix_time >= '1685451260.825'::double precision) AND (unix_time <= '1685451320.825'::double precision))
   ->  Subquery Scan on "*SELECT* 2785"  (cost=97.82..97.83 rows=1 width=76)
         ->  Limit  (cost=97.82..97.82 rows=1 width=84)
               ->  Sort  (cost=97.82..97.82 rows=1 width=84)
                     Sort Key: (st_distance(st_transform(s_2784.the_geom, 25833), schw_2784.schw))
                     ->  Nested Loop  (cost=0.00..97.81 rows=1 width=84)
                           Join Filter: ((st_transform(s_2784.the_geom, 25833) && st_expand(schw_2784.schw, '300'::double precision)) AND (schw_2784.schw && st_expand(st_transform(s_2784.the_geom, 25833), '300'::double precision)) AND _st_dwithin(st_transform(s_2784.the_geom, 25833), schw_2784.schw, '300'::double precision))
                           ->  Function Scan on schw_2784  (cost=0.00..0.01 rows=1 width=32)
                           ->  Seq Scan on phoml_trajectory_tmp s_2784  (cost=0.00..95.68 rows=17 width=40)
                                 Filter: ((unix_time >= '1685451261.281'::double precision) AND (unix_time <= '1685451321.281'::double precision))
   ->  Subquery Scan on "*SELECT* 2786"  (cost=97.82..97.83 rows=1 width=76)
         ->  Limit  (cost=97.82..97.82 rows=1 width=84)
               ->  Sort  (cost=97.82..97.82 rows=1 width=84)
                     Sort Key: (st_distance(st_transform(s_2785.the_geom, 25833), schw_2785.schw))
                     ->  Nested Loop  (cost=0.00..97.81 rows=1 width=84)
                           Join Filter: ((st_transform(s_2785.the_geom, 25833) && st_expand(schw_2785.schw, '300'::double precision)) AND (schw_2785.schw && st_expand(st_transform(s_2785.the_geom, 25833), '300'::double precision)) AND _st_dwithin(st_transform(s_2785.the_geom, 25833), schw_2785.schw, '300'::double precision))
                           ->  Function Scan on schw_2785  (cost=0.00..0.01 rows=1 width=32)
                           ->  Seq Scan on phoml_trajectory_tmp s_2785  (cost=0.00..95.68 rows=17 width=40)
                                 Filter: ((unix_time >= '1685451261.721'::double precision) AND (unix_time <= '1685451321.721'::double precision))
   ->  Subquery Scan on "*SELECT* 2787"  (cost=97.82..97.83 rows=1 width=76)
         ->  Limit  (cost=97.82..97.82 rows=1 width=84)
               ->  Sort  (cost=97.82..97.82 rows=1 width=84)
                     Sort Key: (st_distance(st_transform(s_2786.the_geom, 25833), schw_2786.schw))
                     ->  Nested Loop  (cost=0.00..97.81 rows=1 width=84)
                           Join Filter: ((st_transform(s_2786.the_geom, 25833) && st_expand(schw_2786.schw, '300'::double precision)) AND (schw_2786.schw && st_expand(st_transform(s_2786.the_geom, 25833), '300'::double precision)) AND _st_dwithin(st_transform(s_2786.the_geom, 25833), schw_2786.schw, '300'::double precision))
                           ->  Function Scan on schw_2786  (cost=0.00..0.01 rows=1 width=32)
                           ->  Seq Scan on phoml_trajectory_tmp s_2786  (cost=0.00..95.68 rows=17 width=40)
                                 Filter: ((unix_time >= '1685451262.17'::double precision) AND (unix_time <= '1685451322.17'::double precision))
   ->  Subquery Scan on "*SELECT* 2788"  (cost=97.82..97.83 rows=1 width=76)
         ->  Limit  (cost=97.82..97.82 rows=1 width=84)
               ->  Sort  (cost=97.82..97.82 rows=1 width=84)
                     Sort Key: (st_distance(st_transform(s_2787.the_geom, 25833), schw_2787.schw))
                     ->  Nested Loop  (cost=0.00..97.81 rows=1 width=84)
                           Join Filter: ((st_transform(s_2787.the_geom, 25833) && st_expand(schw_2787.schw, '300'::double precision)) AND (schw_2787.schw && st_expand(st_transform(s_2787.the_geom, 25833), '300'::double precision)) AND _st_dwithin(st_transform(s_2787.the_geom, 25833), schw_2787.schw, '300'::double precision))
                           ->  Function Scan on schw_2787  (cost=0.00..0.01 rows=1 width=32)
                           ->  Seq Scan on phoml_trajectory_tmp s_2787  (cost=0.00..95.68 rows=17 width=40)
                                 Filter: ((unix_time >= '1685451262.63'::double precision) AND (unix_time <= '1685451322.63'::double precision))
   ->  Subquery Scan on "*SELECT* 2789"  (cost=97.82..97.83 rows=1 width=76)
         ->  Limit  (cost=97.82..97.82 rows=1 width=84)
               ->  Sort  (cost=97.82..97.82 rows=1 width=84)
                     Sort Key: (st_distance(st_transform(s_2788.the_geom, 25833), schw_2788.schw))
                     ->  Nested Loop  (cost=0.00..97.81 rows=1 width=84)
                           Join Filter: ((st_transform(s_2788.the_geom, 25833) && st_expand(schw_2788.schw, '300'::double precision)) AND (schw_2788.schw && st_expand(st_transform(s_2788.the_geom, 25833), '300'::double precision)) AND _st_dwithin(st_transform(s_2788.the_geom, 25833), schw_2788.schw, '300'::double precision))
                           ->  Function Scan on schw_2788  (cost=0.00..0.01 rows=1 width=32)
                           ->  Seq Scan on phoml_trajectory_tmp s_2788  (cost=0.00..95.68 rows=17 width=40)
                                 Filter: ((unix_time >= '1685451263.09'::double precision) AND (unix_time <= '1685451323.09'::double precision))
   ->  Subquery Scan on "*SELECT* 2790"  (cost=97.82..97.83 rows=1 width=76)
         ->  Limit  (cost=97.82..97.82 rows=1 width=84)
               ->  Sort  (cost=97.82..97.82 rows=1 width=84)
                     Sort Key: (st_distance(st_transform(s_2789.the_geom, 25833), schw_2789.schw))
                     ->  Nested Loop  (cost=0.00..97.81 rows=1 width=84)
                           Join Filter: ((st_transform(s_2789.the_geom, 25833) && st_expand(schw_2789.schw, '300'::double precision)) AND (schw_2789.schw && st_expand(st_transform(s_2789.the_geom, 25833), '300'::double precision)) AND _st_dwithin(st_transform(s_2789.the_geom, 25833), schw_2789.schw, '300'::double precision))
                           ->  Function Scan on schw_2789  (cost=0.00..0.01 rows=1 width=32)
                           ->  Seq Scan on phoml_trajectory_tmp s_2789  (cost=0.00..95.68 rows=17 width=40)
                                 Filter: ((unix_time >= '1685451263.543'::double precision) AND (unix_time <= '1685451323.543'::double precision))
   ->  Subquery Scan on "*SELECT* 2791"  (cost=97.82..97.83 rows=1 width=76)
         ->  Limit  (cost=97.82..97.82 rows=1 width=84)
               ->  Sort  (cost=97.82..97.82 rows=1 width=84)
                     Sort Key: (st_distance(st_transform(s_2790.the_geom, 25833), schw_2790.schw))
                     ->  Nested Loop  (cost=0.00..97.81 rows=1 width=84)
                           Join Filter: ((st_transform(s_2790.the_geom, 25833) && st_expand(schw_2790.schw, '300'::double precision)) AND (schw_2790.schw && st_expand(st_transform(s_2790.the_geom, 25833), '300'::double precision)) AND _st_dwithin(st_transform(s_2790.the_geom, 25833), schw_2790.schw, '300'::double precision))
                           ->  Function Scan on schw_2790  (cost=0.00..0.01 rows=1 width=32)
                           ->  Seq Scan on phoml_trajectory_tmp s_2790  (cost=0.00..95.68 rows=17 width=40)
                                 Filter: ((unix_time >= '1685451263.973'::double precision) AND (unix_time <= '1685451323.973'::double precision))
   ->  Subquery Scan on "*SELECT* 2792"  (cost=97.82..97.83 rows=1 width=76)
         ->  Limit  (cost=97.82..97.82 rows=1 width=84)
               ->  Sort  (cost=97.82..97.82 rows=1 width=84)
                     Sort Key: (st_distance(st_transform(s_2791.the_geom, 25833), schw_2791.schw))
                     ->  Nested Loop  (cost=0.00..97.81 rows=1 width=84)
                           Join Filter: ((st_transform(s_2791.the_geom, 25833) && st_expand(schw_2791.schw, '300'::double precision)) AND (schw_2791.schw && st_expand(st_transform(s_2791.the_geom, 25833), '300'::double precision)) AND _st_dwithin(st_transform(s_2791.the_geom, 25833), schw_2791.schw, '300'::double precision))
                           ->  Function Scan on schw_2791  (cost=0.00..0.01 rows=1 width=32)
                           ->  Seq Scan on phoml_trajectory_tmp s_2791  (cost=0.00..95.68 rows=17 width=40)
                                 Filter: ((unix_time >= '1685451264.426'::double precision) AND (unix_time <= '1685451324.426'::double precision))
   ->  Subquery Scan on "*SELECT* 2793"  (cost=97.82..97.83 rows=1 width=76)
         ->  Limit  (cost=97.82..97.82 rows=1 width=84)
               ->  Sort  (cost=97.82..97.82 rows=1 width=84)
                     Sort Key: (st_distance(st_transform(s_2792.the_geom, 25833), schw_2792.schw))
                     ->  Nested Loop  (cost=0.00..97.81 rows=1 width=84)
                           Join Filter: ((st_transform(s_2792.the_geom, 25833) && st_expand(schw_2792.schw, '300'::double precision)) AND (schw_2792.schw && st_expand(st_transform(s_2792.the_geom, 25833), '300'::double precision)) AND _st_dwithin(st_transform(s_2792.the_geom, 25833), schw_2792.schw, '300'::double precision))
                           ->  Function Scan on schw_2792  (cost=0.00..0.01 rows=1 width=32)
                           ->  Seq Scan on phoml_trajectory_tmp s_2792  (cost=0.00..95.68 rows=17 width=40)
                                 Filter: ((unix_time >= '1685451264.866'::double precision) AND (unix_time <= '1685451324.866'::double precision))
   ->  Subquery Scan on "*SELECT* 2794"  (cost=97.82..97.83 rows=1 width=76)
         ->  Limit  (cost=97.82..97.82 rows=1 width=84)
               ->  Sort  (cost=97.82..97.82 rows=1 width=84)
                     Sort Key: (st_distance(st_transform(s_2793.the_geom, 25833), schw_2793.schw))
                     ->  Nested Loop  (cost=0.00..97.81 rows=1 width=84)
                           Join Filter: ((st_transform(s_2793.the_geom, 25833) && st_expand(schw_2793.schw, '300'::double precision)) AND (schw_2793.schw && st_expand(st_transform(s_2793.the_geom, 25833), '300'::double precision)) AND _st_dwithin(st_transform(s_2793.the_geom, 25833), schw_2793.schw, '300'::double precision))
                           ->  Function Scan on schw_2793  (cost=0.00..0.01 rows=1 width=32)
                           ->  Seq Scan on phoml_trajectory_tmp s_2793  (cost=0.00..95.68 rows=17 width=40)
                                 Filter: ((unix_time >= '1685451265.296'::double precision) AND (unix_time <= '1685451325.296'::double precision))
   ->  Subquery Scan on "*SELECT* 2795"  (cost=97.82..97.83 rows=1 width=76)
         ->  Limit  (cost=97.82..97.82 rows=1 width=84)
               ->  Sort  (cost=97.82..97.82 rows=1 width=84)
                     Sort Key: (st_distance(st_transform(s_2794.the_geom, 25833), schw_2794.schw))
                     ->  Nested Loop  (cost=0.00..97.81 rows=1 width=84)
                           Join Filter: ((st_transform(s_2794.the_geom, 25833) && st_expand(schw_2794.schw, '300'::double precision)) AND (schw_2794.schw && st_expand(st_transform(s_2794.the_geom, 25833), '300'::double precision)) AND _st_dwithin(st_transform(s_2794.the_geom, 25833), schw_2794.schw, '300'::double precision))
                           ->  Function Scan on schw_2794  (cost=0.00..0.01 rows=1 width=32)
                           ->  Seq Scan on phoml_trajectory_tmp s_2794  (cost=0.00..95.68 rows=17 width=40)
                                 Filter: ((unix_time >= '1685451265.756'::double precision) AND (unix_time <= '1685451325.756'::double precision))
   ->  Subquery Scan on "*SELECT* 2796"  (cost=97.82..97.83 rows=1 width=76)
         ->  Limit  (cost=97.82..97.82 rows=1 width=84)
               ->  Sort  (cost=97.82..97.82 rows=1 width=84)
                     Sort Key: (st_distance(st_transform(s_2795.the_geom, 25833), schw_2795.schw))
                     ->  Nested Loop  (cost=0.00..97.81 rows=1 width=84)
                           Join Filter: ((st_transform(s_2795.the_geom, 25833) && st_expand(schw_2795.schw, '300'::double precision)) AND (schw_2795.schw && st_expand(st_transform(s_2795.the_geom, 25833), '300'::double precision)) AND _st_dwithin(st_transform(s_2795.the_geom, 25833), schw_2795.schw, '300'::double precision))
                           ->  Function Scan on schw_2795  (cost=0.00..0.01 rows=1 width=32)
                           ->  Seq Scan on phoml_trajectory_tmp s_2795  (cost=0.00..95.68 rows=17 width=40)
                                 Filter: ((unix_time >= '1685451266.195'::double precision) AND (unix_time <= '1685451326.195'::double precision))
   ->  Subquery Scan on "*SELECT* 2797"  (cost=97.82..97.83 rows=1 width=76)
         ->  Limit  (cost=97.82..97.82 rows=1 width=84)
               ->  Sort  (cost=97.82..97.82 rows=1 width=84)
                     Sort Key: (st_distance(st_transform(s_2796.the_geom, 25833), schw_2796.schw))
                     ->  Nested Loop  (cost=0.00..97.81 rows=1 width=84)
                           Join Filter: ((st_transform(s_2796.the_geom, 25833) && st_expand(schw_2796.schw, '300'::double precision)) AND (schw_2796.schw && st_expand(st_transform(s_2796.the_geom, 25833), '300'::double precision)) AND _st_dwithin(st_transform(s_2796.the_geom, 25833), schw_2796.schw, '300'::double precision))
                           ->  Function Scan on schw_2796  (cost=0.00..0.01 rows=1 width=32)
                           ->  Seq Scan on phoml_trajectory_tmp s_2796  (cost=0.00..95.68 rows=17 width=40)
                                 Filter: ((unix_time >= '1685451266.635'::double precision) AND (unix_time <= '1685451326.635'::double precision))
   ->  Subquery Scan on "*SELECT* 2798"  (cost=97.82..97.83 rows=1 width=76)
         ->  Limit  (cost=97.82..97.82 rows=1 width=84)
               ->  Sort  (cost=97.82..97.82 rows=1 width=84)
                     Sort Key: (st_distance(st_transform(s_2797.the_geom, 25833), schw_2797.schw))
                     ->  Nested Loop  (cost=0.00..97.81 rows=1 width=84)
                           Join Filter: ((st_transform(s_2797.the_geom, 25833) && st_expand(schw_2797.schw, '300'::double precision)) AND (schw_2797.schw && st_expand(st_transform(s_2797.the_geom, 25833), '300'::double precision)) AND _st_dwithin(st_transform(s_2797.the_geom, 25833), schw_2797.schw, '300'::double precision))
                           ->  Function Scan on schw_2797  (cost=0.00..0.01 rows=1 width=32)
                           ->  Seq Scan on phoml_trajectory_tmp s_2797  (cost=0.00..95.68 rows=17 width=40)
                                 Filter: ((unix_time >= '1685451267.075'::double precision) AND (unix_time <= '1685451327.075'::double precision))
   ->  Subquery Scan on "*SELECT* 2799"  (cost=97.82..97.83 rows=1 width=76)
         ->  Limit  (cost=97.82..97.82 rows=1 width=84)
               ->  Sort  (cost=97.82..97.82 rows=1 width=84)
                     Sort Key: (st_distance(st_transform(s_2798.the_geom, 25833), schw_2798.schw))
                     ->  Nested Loop  (cost=0.00..97.81 rows=1 width=84)
                           Join Filter: ((st_transform(s_2798.the_geom, 25833) && st_expand(schw_2798.schw, '300'::double precision)) AND (schw_2798.schw && st_expand(st_transform(s_2798.the_geom, 25833), '300'::double precision)) AND _st_dwithin(st_transform(s_2798.the_geom, 25833), schw_2798.schw, '300'::double precision))
                           ->  Function Scan on schw_2798  (cost=0.00..0.01 rows=1 width=32)
                           ->  Seq Scan on phoml_trajectory_tmp s_2798  (cost=0.00..95.68 rows=17 width=40)
                                 Filter: ((unix_time >= '1685451267.513'::double precision) AND (unix_time <= '1685451327.513'::double precision))
   ->  Subquery Scan on "*SELECT* 2800"  (cost=97.82..97.83 rows=1 width=76)
         ->  Limit  (cost=97.82..97.82 rows=1 width=84)
               ->  Sort  (cost=97.82..97.82 rows=1 width=84)
                     Sort Key: (st_distance(st_transform(s_2799.the_geom, 25833), schw_2799.schw))
                     ->  Nested Loop  (cost=0.00..97.81 rows=1 width=84)
                           Join Filter: ((st_transform(s_2799.the_geom, 25833) && st_expand(schw_2799.schw, '300'::double precision)) AND (schw_2799.schw && st_expand(st_transform(s_2799.the_geom, 25833), '300'::double precision)) AND _st_dwithin(st_transform(s_2799.the_geom, 25833), schw_2799.schw, '300'::double precision))
                           ->  Function Scan on schw_2799  (cost=0.00..0.01 rows=1 width=32)
                           ->  Seq Scan on phoml_trajectory_tmp s_2799  (cost=0.00..95.68 rows=17 width=40)
                                 Filter: ((unix_time >= '1685451267.953'::double precision) AND (unix_time <= '1685451327.953'::double precision))
   ->  Subquery Scan on "*SELECT* 2801"  (cost=97.82..97.83 rows=1 width=76)
         ->  Limit  (cost=97.82..97.82 rows=1 width=84)
               ->  Sort  (cost=97.82..97.82 rows=1 width=84)
                     Sort Key: (st_distance(st_transform(s_2800.the_geom, 25833), schw_2800.schw))
                     ->  Nested Loop  (cost=0.00..97.81 rows=1 width=84)
                           Join Filter: ((st_transform(s_2800.the_geom, 25833) && st_expand(schw_2800.schw, '300'::double precision)) AND (schw_2800.schw && st_expand(st_transform(s_2800.the_geom, 25833), '300'::double precision)) AND _st_dwithin(st_transform(s_2800.the_geom, 25833), schw_2800.schw, '300'::double precision))
                           ->  Function Scan on schw_2800  (cost=0.00..0.01 rows=1 width=32)
                           ->  Seq Scan on phoml_trajectory_tmp s_2800  (cost=0.00..95.68 rows=17 width=40)
                                 Filter: ((unix_time >= '1685451268.392'::double precision) AND (unix_time <= '1685451328.392'::double precision))
   ->  Subquery Scan on "*SELECT* 2802"  (cost=97.82..97.83 rows=1 width=76)
         ->  Limit  (cost=97.82..97.82 rows=1 width=84)
               ->  Sort  (cost=97.82..97.82 rows=1 width=84)
                     Sort Key: (st_distance(st_transform(s_2801.the_geom, 25833), schw_2801.schw))
                     ->  Nested Loop  (cost=0.00..97.81 rows=1 width=84)
                           Join Filter: ((st_transform(s_2801.the_geom, 25833) && st_expand(schw_2801.schw, '300'::double precision)) AND (schw_2801.schw && st_expand(st_transform(s_2801.the_geom, 25833), '300'::double precision)) AND _st_dwithin(st_transform(s_2801.the_geom, 25833), schw_2801.schw, '300'::double precision))
                           ->  Function Scan on schw_2801  (cost=0.00..0.01 rows=1 width=32)
                           ->  Seq Scan on phoml_trajectory_tmp s_2801  (cost=0.00..95.68 rows=17 width=40)
                                 Filter: ((unix_time >= '1685451268.812'::double precision) AND (unix_time <= '1685451328.812'::double precision))
   ->  Subquery Scan on "*SELECT* 2803"  (cost=97.82..97.83 rows=1 width=76)
         ->  Limit  (cost=97.82..97.82 rows=1 width=84)
               ->  Sort  (cost=97.82..97.82 rows=1 width=84)
                     Sort Key: (st_distance(st_transform(s_2802.the_geom, 25833), schw_2802.schw))
                     ->  Nested Loop  (cost=0.00..97.81 rows=1 width=84)
                           Join Filter: ((st_transform(s_2802.the_geom, 25833) && st_expand(schw_2802.schw, '300'::double precision)) AND (schw_2802.schw && st_expand(st_transform(s_2802.the_geom, 25833), '300'::double precision)) AND _st_dwithin(st_transform(s_2802.the_geom, 25833), schw_2802.schw, '300'::double precision))
                           ->  Function Scan on schw_2802  (cost=0.00..0.01 rows=1 width=32)
                           ->  Seq Scan on phoml_trajectory_tmp s_2802  (cost=0.00..95.68 rows=17 width=40)
                                 Filter: ((unix_time >= '1685451269.241'::double precision) AND (unix_time <= '1685451329.241'::double precision))
   ->  Subquery Scan on "*SELECT* 2804"  (cost=97.82..97.83 rows=1 width=76)
         ->  Limit  (cost=97.82..97.82 rows=1 width=84)
               ->  Sort  (cost=97.82..97.82 rows=1 width=84)
                     Sort Key: (st_distance(st_transform(s_2803.the_geom, 25833), schw_2803.schw))
                     ->  Nested Loop  (cost=0.00..97.81 rows=1 width=84)
                           Join Filter: ((st_transform(s_2803.the_geom, 25833) && st_expand(schw_2803.schw, '300'::double precision)) AND (schw_2803.schw && st_expand(st_transform(s_2803.the_geom, 25833), '300'::double precision)) AND _st_dwithin(st_transform(s_2803.the_geom, 25833), schw_2803.schw, '300'::double precision))
                           ->  Function Scan on schw_2803  (cost=0.00..0.01 rows=1 width=32)
                           ->  Seq Scan on phoml_trajectory_tmp s_2803  (cost=0.00..95.68 rows=17 width=40)
                                 Filter: ((unix_time >= '1685451269.671'::double precision) AND (unix_time <= '1685451329.671'::double precision))
   ->  Subquery Scan on "*SELECT* 2805"  (cost=97.82..97.83 rows=1 width=76)
         ->  Limit  (cost=97.82..97.82 rows=1 width=84)
               ->  Sort  (cost=97.82..97.82 rows=1 width=84)
                     Sort Key: (st_distance(st_transform(s_2804.the_geom, 25833), schw_2804.schw))
                     ->  Nested Loop  (cost=0.00..97.81 rows=1 width=84)
                           Join Filter: ((st_transform(s_2804.the_geom, 25833) && st_expand(schw_2804.schw, '300'::double precision)) AND (schw_2804.schw && st_expand(st_transform(s_2804.the_geom, 25833), '300'::double precision)) AND _st_dwithin(st_transform(s_2804.the_geom, 25833), schw_2804.schw, '300'::double precision))
                           ->  Function Scan on schw_2804  (cost=0.00..0.01 rows=1 width=32)
                           ->  Seq Scan on phoml_trajectory_tmp s_2804  (cost=0.00..95.68 rows=17 width=40)
                                 Filter: ((unix_time >= '1685451270.101'::double precision) AND (unix_time <= '1685451330.101'::double precision))
   ->  Subquery Scan on "*SELECT* 2806"  (cost=97.82..97.83 rows=1 width=76)
         ->  Limit  (cost=97.82..97.82 rows=1 width=84)
               ->  Sort  (cost=97.82..97.82 rows=1 width=84)
                     Sort Key: (st_distance(st_transform(s_2805.the_geom, 25833), schw_2805.schw))
                     ->  Nested Loop  (cost=0.00..97.81 rows=1 width=84)
                           Join Filter: ((st_transform(s_2805.the_geom, 25833) && st_expand(schw_2805.schw, '300'::double precision)) AND (schw_2805.schw && st_expand(st_transform(s_2805.the_geom, 25833), '300'::double precision)) AND _st_dwithin(st_transform(s_2805.the_geom, 25833), schw_2805.schw, '300'::double precision))
                           ->  Function Scan on schw_2805  (cost=0.00..0.01 rows=1 width=32)
                           ->  Seq Scan on phoml_trajectory_tmp s_2805  (cost=0.00..95.68 rows=17 width=40)
                                 Filter: ((unix_time >= '1685451270.524'::double precision) AND (unix_time <= '1685451330.524'::double precision))
   ->  Subquery Scan on "*SELECT* 2807"  (cost=97.82..97.83 rows=1 width=76)
         ->  Limit  (cost=97.82..97.82 rows=1 width=84)
               ->  Sort  (cost=97.82..97.82 rows=1 width=84)
                     Sort Key: (st_distance(st_transform(s_2806.the_geom, 25833), schw_2806.schw))
                     ->  Nested Loop  (cost=0.00..97.81 rows=1 width=84)
                           Join Filter: ((st_transform(s_2806.the_geom, 25833) && st_expand(schw_2806.schw, '300'::double precision)) AND (schw_2806.schw && st_expand(st_transform(s_2806.the_geom, 25833), '300'::double precision)) AND _st_dwithin(st_transform(s_2806.the_geom, 25833), schw_2806.schw, '300'::double precision))
                           ->  Function Scan on schw_2806  (cost=0.00..0.01 rows=1 width=32)
                           ->  Seq Scan on phoml_trajectory_tmp s_2806  (cost=0.00..95.68 rows=17 width=40)
                                 Filter: ((unix_time >= '1685451270.944'::double precision) AND (unix_time <= '1685451330.944'::double precision))
   ->  Subquery Scan on "*SELECT* 2808"  (cost=97.82..97.83 rows=1 width=76)
         ->  Limit  (cost=97.82..97.82 rows=1 width=84)
               ->  Sort  (cost=97.82..97.82 rows=1 width=84)
                     Sort Key: (st_distance(st_transform(s_2807.the_geom, 25833), schw_2807.schw))
                     ->  Nested Loop  (cost=0.00..97.81 rows=1 width=84)
                           Join Filter: ((st_transform(s_2807.the_geom, 25833) && st_expand(schw_2807.schw, '300'::double precision)) AND (schw_2807.schw && st_expand(st_transform(s_2807.the_geom, 25833), '300'::double precision)) AND _st_dwithin(st_transform(s_2807.the_geom, 25833), schw_2807.schw, '300'::double precision))
                           ->  Function Scan on schw_2807  (cost=0.00..0.01 rows=1 width=32)
                           ->  Seq Scan on phoml_trajectory_tmp s_2807  (cost=0.00..95.68 rows=17 width=40)
                                 Filter: ((unix_time >= '1685451271.363'::double precision) AND (unix_time <= '1685451331.363'::double precision))
   ->  Subquery Scan on "*SELECT* 2809"  (cost=97.82..97.83 rows=1 width=76)
         ->  Limit  (cost=97.82..97.82 rows=1 width=84)
               ->  Sort  (cost=97.82..97.82 rows=1 width=84)
                     Sort Key: (st_distance(st_transform(s_2808.the_geom, 25833), schw_2808.schw))
                     ->  Nested Loop  (cost=0.00..97.81 rows=1 width=84)
                           Join Filter: ((st_transform(s_2808.the_geom, 25833) && st_expand(schw_2808.schw, '300'::double precision)) AND (schw_2808.schw && st_expand(st_transform(s_2808.the_geom, 25833), '300'::double precision)) AND _st_dwithin(st_transform(s_2808.the_geom, 25833), schw_2808.schw, '300'::double precision))
                           ->  Function Scan on schw_2808  (cost=0.00..0.01 rows=1 width=32)
                           ->  Seq Scan on phoml_trajectory_tmp s_2808  (cost=0.00..95.68 rows=17 width=40)
                                 Filter: ((unix_time >= '1685451271.783'::double precision) AND (unix_time <= '1685451331.783'::double precision))
   ->  Subquery Scan on "*SELECT* 2810"  (cost=97.82..97.83 rows=1 width=76)
         ->  Limit  (cost=97.82..97.82 rows=1 width=84)
               ->  Sort  (cost=97.82..97.82 rows=1 width=84)
                     Sort Key: (st_distance(st_transform(s_2809.the_geom, 25833), schw_2809.schw))
                     ->  Nested Loop  (cost=0.00..97.81 rows=1 width=84)
                           Join Filter: ((st_transform(s_2809.the_geom, 25833) && st_expand(schw_2809.schw, '300'::double precision)) AND (schw_2809.schw && st_expand(st_transform(s_2809.the_geom, 25833), '300'::double precision)) AND _st_dwithin(st_transform(s_2809.the_geom, 25833), schw_2809.schw, '300'::double precision))
                           ->  Function Scan on schw_2809  (cost=0.00..0.01 rows=1 width=32)
                           ->  Seq Scan on phoml_trajectory_tmp s_2809  (cost=0.00..95.68 rows=17 width=40)
                                 Filter: ((unix_time >= '1685451272.227'::double precision) AND (unix_time <= '1685451332.227'::double precision))
   ->  Subquery Scan on "*SELECT* 2811"  (cost=97.82..97.83 rows=1 width=76)
         ->  Limit  (cost=97.82..97.82 rows=1 width=84)
               ->  Sort  (cost=97.82..97.82 rows=1 width=84)
                     Sort Key: (st_distance(st_transform(s_2810.the_geom, 25833), schw_2810.schw))
                     ->  Nested Loop  (cost=0.00..97.81 rows=1 width=84)
                           Join Filter: ((st_transform(s_2810.the_geom, 25833) && st_expand(schw_2810.schw, '300'::double precision)) AND (schw_2810.schw && st_expand(st_transform(s_2810.the_geom, 25833), '300'::double precision)) AND _st_dwithin(st_transform(s_2810.the_geom, 25833), schw_2810.schw, '300'::double precision))
                           ->  Function Scan on schw_2810  (cost=0.00..0.01 rows=1 width=32)
                           ->  Seq Scan on phoml_trajectory_tmp s_2810  (cost=0.00..95.68 rows=17 width=40)
                                 Filter: ((unix_time >= '1685451272.637'::double precision) AND (unix_time <= '1685451332.637'::double precision))
   ->  Subquery Scan on "*SELECT* 2812"  (cost=97.82..97.83 rows=1 width=76)
         ->  Limit  (cost=97.82..97.82 rows=1 width=84)
               ->  Sort  (cost=97.82..97.82 rows=1 width=84)
                     Sort Key: (st_distance(st_transform(s_2811.the_geom, 25833), schw_2811.schw))
                     ->  Nested Loop  (cost=0.00..97.81 rows=1 width=84)
                           Join Filter: ((st_transform(s_2811.the_geom, 25833) && st_expand(schw_2811.schw, '300'::double precision)) AND (schw_2811.schw && st_expand(st_transform(s_2811.the_geom, 25833), '300'::double precision)) AND _st_dwithin(st_transform(s_2811.the_geom, 25833), schw_2811.schw, '300'::double precision))
                           ->  Function Scan on schw_2811  (cost=0.00..0.01 rows=1 width=32)
                           ->  Seq Scan on phoml_trajectory_tmp s_2811  (cost=0.00..95.68 rows=17 width=40)
                                 Filter: ((unix_time >= '1685451273.057'::double precision) AND (unix_time <= '1685451333.057'::double precision))
   ->  Subquery Scan on "*SELECT* 2813"  (cost=97.82..97.83 rows=1 width=76)
         ->  Limit  (cost=97.82..97.82 rows=1 width=84)
               ->  Sort  (cost=97.82..97.82 rows=1 width=84)
                     Sort Key: (st_distance(st_transform(s_2812.the_geom, 25833), schw_2812.schw))
                     ->  Nested Loop  (cost=0.00..97.81 rows=1 width=84)
                           Join Filter: ((st_transform(s_2812.the_geom, 25833) && st_expand(schw_2812.schw, '300'::double precision)) AND (schw_2812.schw && st_expand(st_transform(s_2812.the_geom, 25833), '300'::double precision)) AND _st_dwithin(st_transform(s_2812.the_geom, 25833), schw_2812.schw, '300'::double precision))
                           ->  Function Scan on schw_2812  (cost=0.00..0.01 rows=1 width=32)
                           ->  Seq Scan on phoml_trajectory_tmp s_2812  (cost=0.00..95.68 rows=17 width=40)
                                 Filter: ((unix_time >= '1685451273.492'::double precision) AND (unix_time <= '1685451333.492'::double precision))
   ->  Subquery Scan on "*SELECT* 2814"  (cost=97.82..97.83 rows=1 width=76)
         ->  Limit  (cost=97.82..97.82 rows=1 width=84)
               ->  Sort  (cost=97.82..97.82 rows=1 width=84)
                     Sort Key: (st_distance(st_transform(s_2813.the_geom, 25833), schw_2813.schw))
                     ->  Nested Loop  (cost=0.00..97.81 rows=1 width=84)
                           Join Filter: ((st_transform(s_2813.the_geom, 25833) && st_expand(schw_2813.schw, '300'::double precision)) AND (schw_2813.schw && st_expand(st_transform(s_2813.the_geom, 25833), '300'::double precision)) AND _st_dwithin(st_transform(s_2813.the_geom, 25833), schw_2813.schw, '300'::double precision))
                           ->  Function Scan on schw_2813  (cost=0.00..0.01 rows=1 width=32)
                           ->  Seq Scan on phoml_trajectory_tmp s_2813  (cost=0.00..95.68 rows=17 width=40)
                                 Filter: ((unix_time >= '1685451273.912'::double precision) AND (unix_time <= '1685451333.912'::double precision))
   ->  Subquery Scan on "*SELECT* 2815"  (cost=97.82..97.83 rows=1 width=76)
         ->  Limit  (cost=97.82..97.82 rows=1 width=84)
               ->  Sort  (cost=97.82..97.82 rows=1 width=84)
                     Sort Key: (st_distance(st_transform(s_2814.the_geom, 25833), schw_2814.schw))
                     ->  Nested Loop  (cost=0.00..97.81 rows=1 width=84)
                           Join Filter: ((st_transform(s_2814.the_geom, 25833) && st_expand(schw_2814.schw, '300'::double precision)) AND (schw_2814.schw && st_expand(st_transform(s_2814.the_geom, 25833), '300'::double precision)) AND _st_dwithin(st_transform(s_2814.the_geom, 25833), schw_2814.schw, '300'::double precision))
                           ->  Function Scan on schw_2814  (cost=0.00..0.01 rows=1 width=32)
                           ->  Seq Scan on phoml_trajectory_tmp s_2814  (cost=0.00..95.68 rows=17 width=40)
                                 Filter: ((unix_time >= '1685451274.335'::double precision) AND (unix_time <= '1685451334.335'::double precision))
   ->  Subquery Scan on "*SELECT* 2816"  (cost=97.82..97.83 rows=1 width=76)
         ->  Limit  (cost=97.82..97.82 rows=1 width=84)
               ->  Sort  (cost=97.82..97.82 rows=1 width=84)
                     Sort Key: (st_distance(st_transform(s_2815.the_geom, 25833), schw_2815.schw))
                     ->  Nested Loop  (cost=0.00..97.81 rows=1 width=84)
                           Join Filter: ((st_transform(s_2815.the_geom, 25833) && st_expand(schw_2815.schw, '300'::double precision)) AND (schw_2815.schw && st_expand(st_transform(s_2815.the_geom, 25833), '300'::double precision)) AND _st_dwithin(st_transform(s_2815.the_geom, 25833), schw_2815.schw, '300'::double precision))
                           ->  Function Scan on schw_2815  (cost=0.00..0.01 rows=1 width=32)
                           ->  Seq Scan on phoml_trajectory_tmp s_2815  (cost=0.00..95.68 rows=17 width=40)
                                 Filter: ((unix_time >= '1685451274.764'::double precision) AND (unix_time <= '1685451334.764'::double precision))
   ->  Subquery Scan on "*SELECT* 2817"  (cost=97.82..97.83 rows=1 width=76)
         ->  Limit  (cost=97.82..97.82 rows=1 width=84)
               ->  Sort  (cost=97.82..97.82 rows=1 width=84)
                     Sort Key: (st_distance(st_transform(s_2816.the_geom, 25833), schw_2816.schw))
                     ->  Nested Loop  (cost=0.00..97.81 rows=1 width=84)
                           Join Filter: ((st_transform(s_2816.the_geom, 25833) && st_expand(schw_2816.schw, '300'::double precision)) AND (schw_2816.schw && st_expand(st_transform(s_2816.the_geom, 25833), '300'::double precision)) AND _st_dwithin(st_transform(s_2816.the_geom, 25833), schw_2816.schw, '300'::double precision))
                           ->  Function Scan on schw_2816  (cost=0.00..0.01 rows=1 width=32)
                           ->  Seq Scan on phoml_trajectory_tmp s_2816  (cost=0.00..95.68 rows=17 width=40)
                                 Filter: ((unix_time >= '1685451275.201'::double precision) AND (unix_time <= '1685451335.201'::double precision))
   ->  Subquery Scan on "*SELECT* 2818"  (cost=97.82..97.83 rows=1 width=76)
         ->  Limit  (cost=97.82..97.82 rows=1 width=84)
               ->  Sort  (cost=97.82..97.82 rows=1 width=84)
                     Sort Key: (st_distance(st_transform(s_2817.the_geom, 25833), schw_2817.schw))
                     ->  Nested Loop  (cost=0.00..97.81 rows=1 width=84)
                           Join Filter: ((st_transform(s_2817.the_geom, 25833) && st_expand(schw_2817.schw, '300'::double precision)) AND (schw_2817.schw && st_expand(st_transform(s_2817.the_geom, 25833), '300'::double precision)) AND _st_dwithin(st_transform(s_2817.the_geom, 25833), schw_2817.schw, '300'::double precision))
                           ->  Function Scan on schw_2817  (cost=0.00..0.01 rows=1 width=32)
                           ->  Seq Scan on phoml_trajectory_tmp s_2817  (cost=0.00..95.68 rows=17 width=40)
                                 Filter: ((unix_time >= '1685451275.611'::double precision) AND (unix_time <= '1685451335.611'::double precision))
   ->  Subquery Scan on "*SELECT* 2819"  (cost=97.82..97.83 rows=1 width=76)
         ->  Limit  (cost=97.82..97.82 rows=1 width=84)
               ->  Sort  (cost=97.82..97.82 rows=1 width=84)
                     Sort Key: (st_distance(st_transform(s_2818.the_geom, 25833), schw_2818.schw))
                     ->  Nested Loop  (cost=0.00..97.81 rows=1 width=84)
                           Join Filter: ((st_transform(s_2818.the_geom, 25833) && st_expand(schw_2818.schw, '300'::double precision)) AND (schw_2818.schw && st_expand(st_transform(s_2818.the_geom, 25833), '300'::double precision)) AND _st_dwithin(st_transform(s_2818.the_geom, 25833), schw_2818.schw, '300'::double precision))
                           ->  Function Scan on schw_2818  (cost=0.00..0.01 rows=1 width=32)
                           ->  Seq Scan on phoml_trajectory_tmp s_2818  (cost=0.00..95.68 rows=17 width=40)
                                 Filter: ((unix_time >= '1685451276.041'::double precision) AND (unix_time <= '1685451336.041'::double precision))
   ->  Subquery Scan on "*SELECT* 2820"  (cost=97.82..97.83 rows=1 width=76)
         ->  Limit  (cost=97.82..97.82 rows=1 width=84)
               ->  Sort  (cost=97.82..97.82 rows=1 width=84)
                     Sort Key: (st_distance(st_transform(s_2819.the_geom, 25833), schw_2819.schw))
                     ->  Nested Loop  (cost=0.00..97.81 rows=1 width=84)
                           Join Filter: ((st_transform(s_2819.the_geom, 25833) && st_expand(schw_2819.schw, '300'::double precision)) AND (schw_2819.schw && st_expand(st_transform(s_2819.the_geom, 25833), '300'::double precision)) AND _st_dwithin(st_transform(s_2819.the_geom, 25833), schw_2819.schw, '300'::double precision))
                           ->  Function Scan on schw_2819  (cost=0.00..0.01 rows=1 width=32)
                           ->  Seq Scan on phoml_trajectory_tmp s_2819  (cost=0.00..95.68 rows=17 width=40)
                                 Filter: ((unix_time >= '1685451276.456'::double precision) AND (unix_time <= '1685451336.456'::double precision))
   ->  Subquery Scan on "*SELECT* 2821"  (cost=97.82..97.83 rows=1 width=76)
         ->  Limit  (cost=97.82..97.82 rows=1 width=84)
               ->  Sort  (cost=97.82..97.82 rows=1 width=84)
                     Sort Key: (st_distance(st_transform(s_2820.the_geom, 25833), schw_2820.schw))
                     ->  Nested Loop  (cost=0.00..97.81 rows=1 width=84)
                           Join Filter: ((st_transform(s_2820.the_geom, 25833) && st_expand(schw_2820.schw, '300'::double precision)) AND (schw_2820.schw && st_expand(st_transform(s_2820.the_geom, 25833), '300'::double precision)) AND _st_dwithin(st_transform(s_2820.the_geom, 25833), schw_2820.schw, '300'::double precision))
                           ->  Function Scan on schw_2820  (cost=0.00..0.01 rows=1 width=32)
                           ->  Seq Scan on phoml_trajectory_tmp s_2820  (cost=0.00..95.68 rows=17 width=40)
                                 Filter: ((unix_time >= '1685451276.886'::double precision) AND (unix_time <= '1685451336.886'::double precision))
   ->  Subquery Scan on "*SELECT* 2822"  (cost=97.82..97.83 rows=1 width=76)
         ->  Limit  (cost=97.82..97.82 rows=1 width=84)
               ->  Sort  (cost=97.82..97.82 rows=1 width=84)
                     Sort Key: (st_distance(st_transform(s_2821.the_geom, 25833), schw_2821.schw))
                     ->  Nested Loop  (cost=0.00..97.81 rows=1 width=84)
                           Join Filter: ((st_transform(s_2821.the_geom, 25833) && st_expand(schw_2821.schw, '300'::double precision)) AND (schw_2821.schw && st_expand(st_transform(s_2821.the_geom, 25833), '300'::double precision)) AND _st_dwithin(st_transform(s_2821.the_geom, 25833), schw_2821.schw, '300'::double precision))
                           ->  Function Scan on schw_2821  (cost=0.00..0.01 rows=1 width=32)
                           ->  Seq Scan on phoml_trajectory_tmp s_2821  (cost=0.00..95.68 rows=17 width=40)
                                 Filter: ((unix_time >= '1685451277.3'::double precision) AND (unix_time <= '1685451337.3'::double precision))
   ->  Subquery Scan on "*SELECT* 2823"  (cost=97.82..97.83 rows=1 width=76)
         ->  Limit  (cost=97.82..97.82 rows=1 width=84)
               ->  Sort  (cost=97.82..97.82 rows=1 width=84)
                     Sort Key: (st_distance(st_transform(s_2822.the_geom, 25833), schw_2822.schw))
                     ->  Nested Loop  (cost=0.00..97.81 rows=1 width=84)
                           Join Filter: ((st_transform(s_2822.the_geom, 25833) && st_expand(schw_2822.schw, '300'::double precision)) AND (schw_2822.schw && st_expand(st_transform(s_2822.the_geom, 25833), '300'::double precision)) AND _st_dwithin(st_transform(s_2822.the_geom, 25833), schw_2822.schw, '300'::double precision))
                           ->  Function Scan on schw_2822  (cost=0.00..0.01 rows=1 width=32)
                           ->  Seq Scan on phoml_trajectory_tmp s_2822  (cost=0.00..95.68 rows=17 width=40)
                                 Filter: ((unix_time >= '1685451277.72'::double precision) AND (unix_time <= '1685451337.72'::double precision))
   ->  Subquery Scan on "*SELECT* 2824"  (cost=97.82..97.83 rows=1 width=76)
         ->  Limit  (cost=97.82..97.82 rows=1 width=84)
               ->  Sort  (cost=97.82..97.82 rows=1 width=84)
                     Sort Key: (st_distance(st_transform(s_2823.the_geom, 25833), schw_2823.schw))
                     ->  Nested Loop  (cost=0.00..97.81 rows=1 width=84)
                           Join Filter: ((st_transform(s_2823.the_geom, 25833) && st_expand(schw_2823.schw, '300'::double precision)) AND (schw_2823.schw && st_expand(st_transform(s_2823.the_geom, 25833), '300'::double precision)) AND _st_dwithin(st_transform(s_2823.the_geom, 25833), schw_2823.schw, '300'::double precision))
                           ->  Function Scan on schw_2823  (cost=0.00..0.01 rows=1 width=32)
                           ->  Seq Scan on phoml_trajectory_tmp s_2823  (cost=0.00..95.68 rows=17 width=40)
                                 Filter: ((unix_time >= '1685451278.133'::double precision) AND (unix_time <= '1685451338.133'::double precision))
   ->  Subquery Scan on "*SELECT* 2825"  (cost=97.82..97.83 rows=1 width=76)
         ->  Limit  (cost=97.82..97.82 rows=1 width=84)
               ->  Sort  (cost=97.82..97.82 rows=1 width=84)
                     Sort Key: (st_distance(st_transform(s_2824.the_geom, 25833), schw_2824.schw))
                     ->  Nested Loop  (cost=0.00..97.81 rows=1 width=84)
                           Join Filter: ((st_transform(s_2824.the_geom, 25833) && st_expand(schw_2824.schw, '300'::double precision)) AND (schw_2824.schw && st_expand(st_transform(s_2824.the_geom, 25833), '300'::double precision)) AND _st_dwithin(st_transform(s_2824.the_geom, 25833), schw_2824.schw, '300'::double precision))
                           ->  Function Scan on schw_2824  (cost=0.00..0.01 rows=1 width=32)
                           ->  Seq Scan on phoml_trajectory_tmp s_2824  (cost=0.00..95.68 rows=17 width=40)
                                 Filter: ((unix_time >= '1685451278.553'::double precision) AND (unix_time <= '1685451338.553'::double precision))
   ->  Subquery Scan on "*SELECT* 2826"  (cost=97.82..97.83 rows=1 width=76)
         ->  Limit  (cost=97.82..97.82 rows=1 width=84)
               ->  Sort  (cost=97.82..97.82 rows=1 width=84)
                     Sort Key: (st_distance(st_transform(s_2825.the_geom, 25833), schw_2825.schw))
                     ->  Nested Loop  (cost=0.00..97.81 rows=1 width=84)
                           Join Filter: ((st_transform(s_2825.the_geom, 25833) && st_expand(schw_2825.schw, '300'::double precision)) AND (schw_2825.schw && st_expand(st_transform(s_2825.the_geom, 25833), '300'::double precision)) AND _st_dwithin(st_transform(s_2825.the_geom, 25833), schw_2825.schw, '300'::double precision))
                           ->  Function Scan on schw_2825  (cost=0.00..0.01 rows=1 width=32)
                           ->  Seq Scan on phoml_trajectory_tmp s_2825  (cost=0.00..95.68 rows=17 width=40)
                                 Filter: ((unix_time >= '1685451278.963'::double precision) AND (unix_time <= '1685451338.963'::double precision))
   ->  Subquery Scan on "*SELECT* 2827"  (cost=97.82..97.83 rows=1 width=76)
         ->  Limit  (cost=97.82..97.82 rows=1 width=84)
               ->  Sort  (cost=97.82..97.82 rows=1 width=84)
                     Sort Key: (st_distance(st_transform(s_2826.the_geom, 25833), schw_2826.schw))
                     ->  Nested Loop  (cost=0.00..97.81 rows=1 width=84)
                           Join Filter: ((st_transform(s_2826.the_geom, 25833) && st_expand(schw_2826.schw, '300'::double precision)) AND (schw_2826.schw && st_expand(st_transform(s_2826.the_geom, 25833), '300'::double precision)) AND _st_dwithin(st_transform(s_2826.the_geom, 25833), schw_2826.schw, '300'::double precision))
                           ->  Function Scan on schw_2826  (cost=0.00..0.01 rows=1 width=32)
                           ->  Seq Scan on phoml_trajectory_tmp s_2826  (cost=0.00..95.68 rows=17 width=40)
                                 Filter: ((unix_time >= '1685451279.381'::double precision) AND (unix_time <= '1685451339.381'::double precision))
   ->  Subquery Scan on "*SELECT* 2828"  (cost=97.82..97.83 rows=1 width=76)
         ->  Limit  (cost=97.82..97.82 rows=1 width=84)
               ->  Sort  (cost=97.82..97.82 rows=1 width=84)
                     Sort Key: (st_distance(st_transform(s_2827.the_geom, 25833), schw_2827.schw))
                     ->  Nested Loop  (cost=0.00..97.81 rows=1 width=84)
                           Join Filter: ((st_transform(s_2827.the_geom, 25833) && st_expand(schw_2827.schw, '300'::double precision)) AND (schw_2827.schw && st_expand(st_transform(s_2827.the_geom, 25833), '300'::double precision)) AND _st_dwithin(st_transform(s_2827.the_geom, 25833), schw_2827.schw, '300'::double precision))
                           ->  Function Scan on schw_2827  (cost=0.00..0.01 rows=1 width=32)
                           ->  Seq Scan on phoml_trajectory_tmp s_2827  (cost=0.00..95.68 rows=17 width=40)
                                 Filter: ((unix_time >= '1685451279.811'::double precision) AND (unix_time <= '1685451339.811'::double precision))
   ->  Subquery Scan on "*SELECT* 2829"  (cost=97.82..97.83 rows=1 width=76)
         ->  Limit  (cost=97.82..97.82 rows=1 width=84)
               ->  Sort  (cost=97.82..97.82 rows=1 width=84)
                     Sort Key: (st_distance(st_transform(s_2828.the_geom, 25833), schw_2828.schw))
                     ->  Nested Loop  (cost=0.00..97.81 rows=1 width=84)
                           Join Filter: ((st_transform(s_2828.the_geom, 25833) && st_expand(schw_2828.schw, '300'::double precision)) AND (schw_2828.schw && st_expand(st_transform(s_2828.the_geom, 25833), '300'::double precision)) AND _st_dwithin(st_transform(s_2828.the_geom, 25833), schw_2828.schw, '300'::double precision))
                           ->  Function Scan on schw_2828  (cost=0.00..0.01 rows=1 width=32)
                           ->  Seq Scan on phoml_trajectory_tmp s_2828  (cost=0.00..95.68 rows=17 width=40)
                                 Filter: ((unix_time >= '1685451280.234'::double precision) AND (unix_time <= '1685451340.234'::double precision))
   ->  Subquery Scan on "*SELECT* 2830"  (cost=97.82..97.83 rows=1 width=76)
         ->  Limit  (cost=97.82..97.82 rows=1 width=84)
               ->  Sort  (cost=97.82..97.82 rows=1 width=84)
                     Sort Key: (st_distance(st_transform(s_2829.the_geom, 25833), schw_2829.schw))
                     ->  Nested Loop  (cost=0.00..97.81 rows=1 width=84)
                           Join Filter: ((st_transform(s_2829.the_geom, 25833) && st_expand(schw_2829.schw, '300'::double precision)) AND (schw_2829.schw && st_expand(st_transform(s_2829.the_geom, 25833), '300'::double precision)) AND _st_dwithin(st_transform(s_2829.the_geom, 25833), schw_2829.schw, '300'::double precision))
                           ->  Function Scan on schw_2829  (cost=0.00..0.01 rows=1 width=32)
                           ->  Seq Scan on phoml_trajectory_tmp s_2829  (cost=0.00..95.68 rows=17 width=40)
                                 Filter: ((unix_time >= '1685451280.634'::double precision) AND (unix_time <= '1685451340.634'::double precision))
   ->  Subquery Scan on "*SELECT* 2831"  (cost=97.82..97.83 rows=1 width=76)
         ->  Limit  (cost=97.82..97.82 rows=1 width=84)
               ->  Sort  (cost=97.82..97.82 rows=1 width=84)
                     Sort Key: (st_distance(st_transform(s_2830.the_geom, 25833), schw_2830.schw))
                     ->  Nested Loop  (cost=0.00..97.81 rows=1 width=84)
                           Join Filter: ((st_transform(s_2830.the_geom, 25833) && st_expand(schw_2830.schw, '300'::double precision)) AND (schw_2830.schw && st_expand(st_transform(s_2830.the_geom, 25833), '300'::double precision)) AND _st_dwithin(st_transform(s_2830.the_geom, 25833), schw_2830.schw, '300'::double precision))
                           ->  Function Scan on schw_2830  (cost=0.00..0.01 rows=1 width=32)
                           ->  Seq Scan on phoml_trajectory_tmp s_2830  (cost=0.00..95.68 rows=17 width=40)
                                 Filter: ((unix_time >= '1685451281.044'::double precision) AND (unix_time <= '1685451341.044'::double precision))
   ->  Subquery Scan on "*SELECT* 2832"  (cost=97.82..97.83 rows=1 width=76)
         ->  Limit  (cost=97.82..97.82 rows=1 width=84)
               ->  Sort  (cost=97.82..97.82 rows=1 width=84)
                     Sort Key: (st_distance(st_transform(s_2831.the_geom, 25833), schw_2831.schw))
                     ->  Nested Loop  (cost=0.00..97.81 rows=1 width=84)
                           Join Filter: ((st_transform(s_2831.the_geom, 25833) && st_expand(schw_2831.schw, '300'::double precision)) AND (schw_2831.schw && st_expand(st_transform(s_2831.the_geom, 25833), '300'::double precision)) AND _st_dwithin(st_transform(s_2831.the_geom, 25833), schw_2831.schw, '300'::double precision))
                           ->  Function Scan on schw_2831  (cost=0.00..0.01 rows=1 width=32)
                           ->  Seq Scan on phoml_trajectory_tmp s_2831  (cost=0.00..95.68 rows=17 width=40)
                                 Filter: ((unix_time >= '1685451281.478'::double precision) AND (unix_time <= '1685451341.478'::double precision))
   ->  Subquery Scan on "*SELECT* 2833"  (cost=97.82..97.83 rows=1 width=76)
         ->  Limit  (cost=97.82..97.82 rows=1 width=84)
               ->  Sort  (cost=97.82..97.82 rows=1 width=84)
                     Sort Key: (st_distance(st_transform(s_2832.the_geom, 25833), schw_2832.schw))
                     ->  Nested Loop  (cost=0.00..97.81 rows=1 width=84)
                           Join Filter: ((st_transform(s_2832.the_geom, 25833) && st_expand(schw_2832.schw, '300'::double precision)) AND (schw_2832.schw && st_expand(st_transform(s_2832.the_geom, 25833), '300'::double precision)) AND _st_dwithin(st_transform(s_2832.the_geom, 25833), schw_2832.schw, '300'::double precision))
                           ->  Function Scan on schw_2832  (cost=0.00..0.01 rows=1 width=32)
                           ->  Seq Scan on phoml_trajectory_tmp s_2832  (cost=0.00..95.68 rows=17 width=40)
                                 Filter: ((unix_time >= '1685451281.908'::double precision) AND (unix_time <= '1685451341.908'::double precision))
   ->  Subquery Scan on "*SELECT* 2834"  (cost=97.82..97.83 rows=1 width=76)
         ->  Limit  (cost=97.82..97.82 rows=1 width=84)
               ->  Sort  (cost=97.82..97.82 rows=1 width=84)
                     Sort Key: (st_distance(st_transform(s_2833.the_geom, 25833), schw_2833.schw))
                     ->  Nested Loop  (cost=0.00..97.81 rows=1 width=84)
                           Join Filter: ((st_transform(s_2833.the_geom, 25833) && st_expand(schw_2833.schw, '300'::double precision)) AND (schw_2833.schw && st_expand(st_transform(s_2833.the_geom, 25833), '300'::double precision)) AND _st_dwithin(st_transform(s_2833.the_geom, 25833), schw_2833.schw, '300'::double precision))
                           ->  Function Scan on schw_2833  (cost=0.00..0.01 rows=1 width=32)
                           ->  Seq Scan on phoml_trajectory_tmp s_2833  (cost=0.00..95.68 rows=17 width=40)
                                 Filter: ((unix_time >= '1685451282.33'::double precision) AND (unix_time <= '1685451342.33'::double precision))
   ->  Subquery Scan on "*SELECT* 2835"  (cost=97.82..97.83 rows=1 width=76)
         ->  Limit  (cost=97.82..97.82 rows=1 width=84)
               ->  Sort  (cost=97.82..97.82 rows=1 width=84)
                     Sort Key: (st_distance(st_transform(s_2834.the_geom, 25833), schw_2834.schw))
                     ->  Nested Loop  (cost=0.00..97.81 rows=1 width=84)
                           Join Filter: ((st_transform(s_2834.the_geom, 25833) && st_expand(schw_2834.schw, '300'::double precision)) AND (schw_2834.schw && st_expand(st_transform(s_2834.the_geom, 25833), '300'::double precision)) AND _st_dwithin(st_transform(s_2834.the_geom, 25833), schw_2834.schw, '300'::double precision))
                           ->  Function Scan on schw_2834  (cost=0.00..0.01 rows=1 width=32)
                           ->  Seq Scan on phoml_trajectory_tmp s_2834  (cost=0.00..95.68 rows=17 width=40)
                                 Filter: ((unix_time >= '1685451282.77'::double precision) AND (unix_time <= '1685451342.77'::double precision))
   ->  Subquery Scan on "*SELECT* 2836"  (cost=97.82..97.83 rows=1 width=76)
         ->  Limit  (cost=97.82..97.82 rows=1 width=84)
               ->  Sort  (cost=97.82..97.82 rows=1 width=84)
                     Sort Key: (st_distance(st_transform(s_2835.the_geom, 25833), schw_2835.schw))
                     ->  Nested Loop  (cost=0.00..97.81 rows=1 width=84)
                           Join Filter: ((st_transform(s_2835.the_geom, 25833) && st_expand(schw_2835.schw, '300'::double precision)) AND (schw_2835.schw && st_expand(st_transform(s_2835.the_geom, 25833), '300'::double precision)) AND _st_dwithin(st_transform(s_2835.the_geom, 25833), schw_2835.schw, '300'::double precision))
                           ->  Function Scan on schw_2835  (cost=0.00..0.01 rows=1 width=32)
                           ->  Seq Scan on phoml_trajectory_tmp s_2835  (cost=0.00..95.68 rows=17 width=40)
                                 Filter: ((unix_time >= '1685451283.211'::double precision) AND (unix_time <= '1685451343.211'::double precision))
   ->  Subquery Scan on "*SELECT* 2837"  (cost=97.82..97.83 rows=1 width=76)
         ->  Limit  (cost=97.82..97.82 rows=1 width=84)
               ->  Sort  (cost=97.82..97.82 rows=1 width=84)
                     Sort Key: (st_distance(st_transform(s_2836.the_geom, 25833), schw_2836.schw))
                     ->  Nested Loop  (cost=0.00..97.81 rows=1 width=84)
                           Join Filter: ((st_transform(s_2836.the_geom, 25833) && st_expand(schw_2836.schw, '300'::double precision)) AND (schw_2836.schw && st_expand(st_transform(s_2836.the_geom, 25833), '300'::double precision)) AND _st_dwithin(st_transform(s_2836.the_geom, 25833), schw_2836.schw, '300'::double precision))
                           ->  Function Scan on schw_2836  (cost=0.00..0.01 rows=1 width=32)
                           ->  Seq Scan on phoml_trajectory_tmp s_2836  (cost=0.00..95.68 rows=17 width=40)
                                 Filter: ((unix_time >= '1685451283.661'::double precision) AND (unix_time <= '1685451343.661'::double precision))
   ->  Subquery Scan on "*SELECT* 2838"  (cost=97.82..97.83 rows=1 width=76)
         ->  Limit  (cost=97.82..97.82 rows=1 width=84)
               ->  Sort  (cost=97.82..97.82 rows=1 width=84)
                     Sort Key: (st_distance(st_transform(s_2837.the_geom, 25833), schw_2837.schw))
                     ->  Nested Loop  (cost=0.00..97.81 rows=1 width=84)
                           Join Filter: ((st_transform(s_2837.the_geom, 25833) && st_expand(schw_2837.schw, '300'::double precision)) AND (schw_2837.schw && st_expand(st_transform(s_2837.the_geom, 25833), '300'::double precision)) AND _st_dwithin(st_transform(s_2837.the_geom, 25833), schw_2837.schw, '300'::double precision))
                           ->  Function Scan on schw_2837  (cost=0.00..0.01 rows=1 width=32)
                           ->  Seq Scan on phoml_trajectory_tmp s_2837  (cost=0.00..95.68 rows=17 width=40)
                                 Filter: ((unix_time >= '1685451284.121'::double precision) AND (unix_time <= '1685451344.121'::double precision))
   ->  Subquery Scan on "*SELECT* 2839"  (cost=97.82..97.83 rows=1 width=76)
         ->  Limit  (cost=97.82..97.82 rows=1 width=84)
               ->  Sort  (cost=97.82..97.82 rows=1 width=84)
                     Sort Key: (st_distance(st_transform(s_2838.the_geom, 25833), schw_2838.schw))
                     ->  Nested Loop  (cost=0.00..97.81 rows=1 width=84)
                           Join Filter: ((st_transform(s_2838.the_geom, 25833) && st_expand(schw_2838.schw, '300'::double precision)) AND (schw_2838.schw && st_expand(st_transform(s_2838.the_geom, 25833), '300'::double precision)) AND _st_dwithin(st_transform(s_2838.the_geom, 25833), schw_2838.schw, '300'::double precision))
                           ->  Function Scan on schw_2838  (cost=0.00..0.01 rows=1 width=32)
                           ->  Seq Scan on phoml_trajectory_tmp s_2838  (cost=0.00..95.68 rows=17 width=40)
                                 Filter: ((unix_time >= '1685451284.594'::double precision) AND (unix_time <= '1685451344.594'::double precision))
   ->  Subquery Scan on "*SELECT* 2840"  (cost=97.82..97.83 rows=1 width=76)
         ->  Limit  (cost=97.82..97.82 rows=1 width=84)
               ->  Sort  (cost=97.82..97.82 rows=1 width=84)
                     Sort Key: (st_distance(st_transform(s_2839.the_geom, 25833), schw_2839.schw))
                     ->  Nested Loop  (cost=0.00..97.81 rows=1 width=84)
                           Join Filter: ((st_transform(s_2839.the_geom, 25833) && st_expand(schw_2839.schw, '300'::double precision)) AND (schw_2839.schw && st_expand(st_transform(s_2839.the_geom, 25833), '300'::double precision)) AND _st_dwithin(st_transform(s_2839.the_geom, 25833), schw_2839.schw, '300'::double precision))
                           ->  Function Scan on schw_2839  (cost=0.00..0.01 rows=1 width=32)
                           ->  Seq Scan on phoml_trajectory_tmp s_2839  (cost=0.00..95.68 rows=17 width=40)
                                 Filter: ((unix_time >= '1685451285.104'::double precision) AND (unix_time <= '1685451345.104'::double precision))
   ->  Subquery Scan on "*SELECT* 2841"  (cost=97.82..97.83 rows=1 width=76)
         ->  Limit  (cost=97.82..97.82 rows=1 width=84)
               ->  Sort  (cost=97.82..97.82 rows=1 width=84)
                     Sort Key: (st_distance(st_transform(s_2840.the_geom, 25833), schw_2840.schw))
                     ->  Nested Loop  (cost=0.00..97.81 rows=1 width=84)
                           Join Filter: ((st_transform(s_2840.the_geom, 25833) && st_expand(schw_2840.schw, '300'::double precision)) AND (schw_2840.schw && st_expand(st_transform(s_2840.the_geom, 25833), '300'::double precision)) AND _st_dwithin(st_transform(s_2840.the_geom, 25833), schw_2840.schw, '300'::double precision))
                           ->  Function Scan on schw_2840  (cost=0.00..0.01 rows=1 width=32)
                           ->  Seq Scan on phoml_trajectory_tmp s_2840  (cost=0.00..95.68 rows=17 width=40)
                                 Filter: ((unix_time >= '1685451285.621'::double precision) AND (unix_time <= '1685451345.621'::double precision))
   ->  Subquery Scan on "*SELECT* 2842"  (cost=97.82..97.83 rows=1 width=76)
         ->  Limit  (cost=97.82..97.82 rows=1 width=84)
               ->  Sort  (cost=97.82..97.82 rows=1 width=84)
                     Sort Key: (st_distance(st_transform(s_2841.the_geom, 25833), schw_2841.schw))
                     ->  Nested Loop  (cost=0.00..97.81 rows=1 width=84)
                           Join Filter: ((st_transform(s_2841.the_geom, 25833) && st_expand(schw_2841.schw, '300'::double precision)) AND (schw_2841.schw && st_expand(st_transform(s_2841.the_geom, 25833), '300'::double precision)) AND _st_dwithin(st_transform(s_2841.the_geom, 25833), schw_2841.schw, '300'::double precision))
                           ->  Function Scan on schw_2841  (cost=0.00..0.01 rows=1 width=32)
                           ->  Seq Scan on phoml_trajectory_tmp s_2841  (cost=0.00..95.68 rows=17 width=40)
                                 Filter: ((unix_time >= '1685451286.146'::double precision) AND (unix_time <= '1685451346.146'::double precision))
   ->  Subquery Scan on "*SELECT* 2843"  (cost=97.82..97.83 rows=1 width=76)
         ->  Limit  (cost=97.82..97.82 rows=1 width=84)
               ->  Sort  (cost=97.82..97.82 rows=1 width=84)
                     Sort Key: (st_distance(st_transform(s_2842.the_geom, 25833), schw_2842.schw))
                     ->  Nested Loop  (cost=0.00..97.81 rows=1 width=84)
                           Join Filter: ((st_transform(s_2842.the_geom, 25833) && st_expand(schw_2842.schw, '300'::double precision)) AND (schw_2842.schw && st_expand(st_transform(s_2842.the_geom, 25833), '300'::double precision)) AND _st_dwithin(st_transform(s_2842.the_geom, 25833), schw_2842.schw, '300'::double precision))
                           ->  Function Scan on schw_2842  (cost=0.00..0.01 rows=1 width=32)
                           ->  Seq Scan on phoml_trajectory_tmp s_2842  (cost=0.00..95.68 rows=17 width=40)
                                 Filter: ((unix_time >= '1685451286.676'::double precision) AND (unix_time <= '1685451346.676'::double precision))
   ->  Subquery Scan on "*SELECT* 2844"  (cost=97.82..97.83 rows=1 width=76)
         ->  Limit  (cost=97.82..97.82 rows=1 width=84)
               ->  Sort  (cost=97.82..97.82 rows=1 width=84)
                     Sort Key: (st_distance(st_transform(s_2843.the_geom, 25833), schw_2843.schw))
                     ->  Nested Loop  (cost=0.00..97.81 rows=1 width=84)
                           Join Filter: ((st_transform(s_2843.the_geom, 25833) && st_expand(schw_2843.schw, '300'::double precision)) AND (schw_2843.schw && st_expand(st_transform(s_2843.the_geom, 25833), '300'::double precision)) AND _st_dwithin(st_transform(s_2843.the_geom, 25833), schw_2843.schw, '300'::double precision))
                           ->  Function Scan on schw_2843  (cost=0.00..0.01 rows=1 width=32)
                           ->  Seq Scan on phoml_trajectory_tmp s_2843  (cost=0.00..95.68 rows=17 width=40)
                                 Filter: ((unix_time >= '1685451287.232'::double precision) AND (unix_time <= '1685451347.232'::double precision))
   ->  Subquery Scan on "*SELECT* 2845"  (cost=97.82..97.83 rows=1 width=76)
         ->  Limit  (cost=97.82..97.82 rows=1 width=84)
               ->  Sort  (cost=97.82..97.82 rows=1 width=84)
                     Sort Key: (st_distance(st_transform(s_2844.the_geom, 25833), schw_2844.schw))
                     ->  Nested Loop  (cost=0.00..97.81 rows=1 width=84)
                           Join Filter: ((st_transform(s_2844.the_geom, 25833) && st_expand(schw_2844.schw, '300'::double precision)) AND (schw_2844.schw && st_expand(st_transform(s_2844.the_geom, 25833), '300'::double precision)) AND _st_dwithin(st_transform(s_2844.the_geom, 25833), schw_2844.schw, '300'::double precision))
                           ->  Function Scan on schw_2844  (cost=0.00..0.01 rows=1 width=32)
                           ->  Seq Scan on phoml_trajectory_tmp s_2844  (cost=0.00..95.68 rows=17 width=40)
                                 Filter: ((unix_time >= '1685451287.802'::double precision) AND (unix_time <= '1685451347.802'::double precision))
   ->  Subquery Scan on "*SELECT* 2846"  (cost=97.82..97.83 rows=1 width=76)
         ->  Limit  (cost=97.82..97.82 rows=1 width=84)
               ->  Sort  (cost=97.82..97.82 rows=1 width=84)
                     Sort Key: (st_distance(st_transform(s_2845.the_geom, 25833), schw_2845.schw))
                     ->  Nested Loop  (cost=0.00..97.81 rows=1 width=84)
                           Join Filter: ((st_transform(s_2845.the_geom, 25833) && st_expand(schw_2845.schw, '300'::double precision)) AND (schw_2845.schw && st_expand(st_transform(s_2845.the_geom, 25833), '300'::double precision)) AND _st_dwithin(st_transform(s_2845.the_geom, 25833), schw_2845.schw, '300'::double precision))
                           ->  Function Scan on schw_2845  (cost=0.00..0.01 rows=1 width=32)
                           ->  Seq Scan on phoml_trajectory_tmp s_2845  (cost=0.00..95.68 rows=17 width=40)
                                 Filter: ((unix_time >= '1685451288.369'::double precision) AND (unix_time <= '1685451348.369'::double precision))
   ->  Subquery Scan on "*SELECT* 2847"  (cost=97.82..97.83 rows=1 width=76)
         ->  Limit  (cost=97.82..97.82 rows=1 width=84)
               ->  Sort  (cost=97.82..97.82 rows=1 width=84)
                     Sort Key: (st_distance(st_transform(s_2846.the_geom, 25833), schw_2846.schw))
                     ->  Nested Loop  (cost=0.00..97.81 rows=1 width=84)
                           Join Filter: ((st_transform(s_2846.the_geom, 25833) && st_expand(schw_2846.schw, '300'::double precision)) AND (schw_2846.schw && st_expand(st_transform(s_2846.the_geom, 25833), '300'::double precision)) AND _st_dwithin(st_transform(s_2846.the_geom, 25833), schw_2846.schw, '300'::double precision))
                           ->  Function Scan on schw_2846  (cost=0.00..0.01 rows=1 width=32)
                           ->  Seq Scan on phoml_trajectory_tmp s_2846  (cost=0.00..95.68 rows=17 width=40)
                                 Filter: ((unix_time >= '1685451288.959'::double precision) AND (unix_time <= '1685451348.959'::double precision))
   ->  Subquery Scan on "*SELECT* 2848"  (cost=97.82..97.83 rows=1 width=76)
         ->  Limit  (cost=97.82..97.82 rows=1 width=84)
               ->  Sort  (cost=97.82..97.82 rows=1 width=84)
                     Sort Key: (st_distance(st_transform(s_2847.the_geom, 25833), schw_2847.schw))
                     ->  Nested Loop  (cost=0.00..97.81 rows=1 width=84)
                           Join Filter: ((st_transform(s_2847.the_geom, 25833) && st_expand(schw_2847.schw, '300'::double precision)) AND (schw_2847.schw && st_expand(st_transform(s_2847.the_geom, 25833), '300'::double precision)) AND _st_dwithin(st_transform(s_2847.the_geom, 25833), schw_2847.schw, '300'::double precision))
                           ->  Function Scan on schw_2847  (cost=0.00..0.01 rows=1 width=32)
                           ->  Seq Scan on phoml_trajectory_tmp s_2847  (cost=0.00..95.68 rows=17 width=40)
                                 Filter: ((unix_time >= '1685451289.566'::double precision) AND (unix_time <= '1685451349.566'::double precision))
   ->  Subquery Scan on "*SELECT* 2849"  (cost=97.82..97.83 rows=1 width=76)
         ->  Limit  (cost=97.82..97.82 rows=1 width=84)
               ->  Sort  (cost=97.82..97.82 rows=1 width=84)
                     Sort Key: (st_distance(st_transform(s_2848.the_geom, 25833), schw_2848.schw))
                     ->  Nested Loop  (cost=0.00..97.81 rows=1 width=84)
                           Join Filter: ((st_transform(s_2848.the_geom, 25833) && st_expand(schw_2848.schw, '300'::double precision)) AND (schw_2848.schw && st_expand(st_transform(s_2848.the_geom, 25833), '300'::double precision)) AND _st_dwithin(st_transform(s_2848.the_geom, 25833), schw_2848.schw, '300'::double precision))
                           ->  Function Scan on schw_2848  (cost=0.00..0.01 rows=1 width=32)
                           ->  Seq Scan on phoml_trajectory_tmp s_2848  (cost=0.00..95.68 rows=17 width=40)
                                 Filter: ((unix_time >= '1685451290.179'::double precision) AND (unix_time <= '1685451350.179'::double precision))
   ->  Subquery Scan on "*SELECT* 2850"  (cost=97.82..97.83 rows=1 width=76)
         ->  Limit  (cost=97.82..97.82 rows=1 width=84)
               ->  Sort  (cost=97.82..97.82 rows=1 width=84)
                     Sort Key: (st_distance(st_transform(s_2849.the_geom, 25833), schw_2849.schw))
                     ->  Nested Loop  (cost=0.00..97.81 rows=1 width=84)
                           Join Filter: ((st_transform(s_2849.the_geom, 25833) && st_expand(schw_2849.schw, '300'::double precision)) AND (schw_2849.schw && st_expand(st_transform(s_2849.the_geom, 25833), '300'::double precision)) AND _st_dwithin(st_transform(s_2849.the_geom, 25833), schw_2849.schw, '300'::double precision))
                           ->  Function Scan on schw_2849  (cost=0.00..0.01 rows=1 width=32)
                           ->  Seq Scan on phoml_trajectory_tmp s_2849  (cost=0.00..95.68 rows=17 width=40)
                                 Filter: ((unix_time >= '1685451290.779'::double precision) AND (unix_time <= '1685451350.779'::double precision))
   ->  Subquery Scan on "*SELECT* 2851"  (cost=97.82..97.83 rows=1 width=76)
         ->  Limit  (cost=97.82..97.82 rows=1 width=84)
               ->  Sort  (cost=97.82..97.82 rows=1 width=84)
                     Sort Key: (st_distance(st_transform(s_2850.the_geom, 25833), schw_2850.schw))
                     ->  Nested Loop  (cost=0.00..97.81 rows=1 width=84)
                           Join Filter: ((st_transform(s_2850.the_geom, 25833) && st_expand(schw_2850.schw, '300'::double precision)) AND (schw_2850.schw && st_expand(st_transform(s_2850.the_geom, 25833), '300'::double precision)) AND _st_dwithin(st_transform(s_2850.the_geom, 25833), schw_2850.schw, '300'::double precision))
                           ->  Function Scan on schw_2850  (cost=0.00..0.01 rows=1 width=32)
                           ->  Seq Scan on phoml_trajectory_tmp s_2850  (cost=0.00..95.68 rows=17 width=40)
                                 Filter: ((unix_time >= '1685451291.412'::double precision) AND (unix_time <= '1685451351.412'::double precision))
   ->  Subquery Scan on "*SELECT* 2852"  (cost=97.82..97.83 rows=1 width=76)
         ->  Limit  (cost=97.82..97.82 rows=1 width=84)
               ->  Sort  (cost=97.82..97.82 rows=1 width=84)
                     Sort Key: (st_distance(st_transform(s_2851.the_geom, 25833), schw_2851.schw))
                     ->  Nested Loop  (cost=0.00..97.81 rows=1 width=84)
                           Join Filter: ((st_transform(s_2851.the_geom, 25833) && st_expand(schw_2851.schw, '300'::double precision)) AND (schw_2851.schw && st_expand(st_transform(s_2851.the_geom, 25833), '300'::double precision)) AND _st_dwithin(st_transform(s_2851.the_geom, 25833), schw_2851.schw, '300'::double precision))
                           ->  Function Scan on schw_2851  (cost=0.00..0.01 rows=1 width=32)
                           ->  Seq Scan on phoml_trajectory_tmp s_2851  (cost=0.00..95.68 rows=17 width=40)
                                 Filter: ((unix_time >= '1685451292.042'::double precision) AND (unix_time <= '1685451352.042'::double precision))
   ->  Subquery Scan on "*SELECT* 2853"  (cost=97.82..97.83 rows=1 width=76)
         ->  Limit  (cost=97.82..97.82 rows=1 width=84)
               ->  Sort  (cost=97.82..97.82 rows=1 width=84)
                     Sort Key: (st_distance(st_transform(s_2852.the_geom, 25833), schw_2852.schw))
                     ->  Nested Loop  (cost=0.00..97.81 rows=1 width=84)
                           Join Filter: ((st_transform(s_2852.the_geom, 25833) && st_expand(schw_2852.schw, '300'::double precision)) AND (schw_2852.schw && st_expand(st_transform(s_2852.the_geom, 25833), '300'::double precision)) AND _st_dwithin(st_transform(s_2852.the_geom, 25833), schw_2852.schw, '300'::double precision))
                           ->  Function Scan on schw_2852  (cost=0.00..0.01 rows=1 width=32)
                           ->  Seq Scan on phoml_trajectory_tmp s_2852  (cost=0.00..95.68 rows=17 width=40)
                                 Filter: ((unix_time >= '1685451292.675'::double precision) AND (unix_time <= '1685451352.675'::double precision))
   ->  Subquery Scan on "*SELECT* 2854"  (cost=97.82..97.83 rows=1 width=76)
         ->  Limit  (cost=97.82..97.82 rows=1 width=84)
               ->  Sort  (cost=97.82..97.82 rows=1 width=84)
                     Sort Key: (st_distance(st_transform(s_2853.the_geom, 25833), schw_2853.schw))
                     ->  Nested Loop  (cost=0.00..97.81 rows=1 width=84)
                           Join Filter: ((st_transform(s_2853.the_geom, 25833) && st_expand(schw_2853.schw, '300'::double precision)) AND (schw_2853.schw && st_expand(st_transform(s_2853.the_geom, 25833), '300'::double precision)) AND _st_dwithin(st_transform(s_2853.the_geom, 25833), schw_2853.schw, '300'::double precision))
                           ->  Function Scan on schw_2853  (cost=0.00..0.01 rows=1 width=32)
                           ->  Seq Scan on phoml_trajectory_tmp s_2853  (cost=0.00..95.68 rows=17 width=40)
                                 Filter: ((unix_time >= '1685451293.294'::double precision) AND (unix_time <= '1685451353.294'::double precision))
   ->  Subquery Scan on "*SELECT* 2855"  (cost=97.82..97.83 rows=1 width=76)
         ->  Limit  (cost=97.82..97.82 rows=1 width=84)
               ->  Sort  (cost=97.82..97.82 rows=1 width=84)
                     Sort Key: (st_distance(st_transform(s_2854.the_geom, 25833), schw_2854.schw))
                     ->  Nested Loop  (cost=0.00..97.81 rows=1 width=84)
                           Join Filter: ((st_transform(s_2854.the_geom, 25833) && st_expand(schw_2854.schw, '300'::double precision)) AND (schw_2854.schw && st_expand(st_transform(s_2854.the_geom, 25833), '300'::double precision)) AND _st_dwithin(st_transform(s_2854.the_geom, 25833), schw_2854.schw, '300'::double precision))
                           ->  Function Scan on schw_2854  (cost=0.00..0.01 rows=1 width=32)
                           ->  Seq Scan on phoml_trajectory_tmp s_2854  (cost=0.00..95.68 rows=17 width=40)
                                 Filter: ((unix_time >= '1685451293.914'::double precision) AND (unix_time <= '1685451353.914'::double precision))
   ->  Subquery Scan on "*SELECT* 2856"  (cost=97.82..97.83 rows=1 width=76)
         ->  Limit  (cost=97.82..97.82 rows=1 width=84)
               ->  Sort  (cost=97.82..97.82 rows=1 width=84)
                     Sort Key: (st_distance(st_transform(s_2855.the_geom, 25833), schw_2855.schw))
                     ->  Nested Loop  (cost=0.00..97.81 rows=1 width=84)
                           Join Filter: ((st_transform(s_2855.the_geom, 25833) && st_expand(schw_2855.schw, '300'::double precision)) AND (schw_2855.schw && st_expand(st_transform(s_2855.the_geom, 25833), '300'::double precision)) AND _st_dwithin(st_transform(s_2855.the_geom, 25833), schw_2855.schw, '300'::double precision))
                           ->  Function Scan on schw_2855  (cost=0.00..0.01 rows=1 width=32)
                           ->  Seq Scan on phoml_trajectory_tmp s_2855  (cost=0.00..95.68 rows=17 width=40)
                                 Filter: ((unix_time >= '1685451294.531'::double precision) AND (unix_time <= '1685451354.531'::double precision))
   ->  Subquery Scan on "*SELECT* 2857"  (cost=97.82..97.83 rows=1 width=76)
         ->  Limit  (cost=97.82..97.82 rows=1 width=84)
               ->  Sort  (cost=97.82..97.82 rows=1 width=84)
                     Sort Key: (st_distance(st_transform(s_2856.the_geom, 25833), schw_2856.schw))
                     ->  Nested Loop  (cost=0.00..97.81 rows=1 width=84)
                           Join Filter: ((st_transform(s_2856.the_geom, 25833) && st_expand(schw_2856.schw, '300'::double precision)) AND (schw_2856.schw && st_expand(st_transform(s_2856.the_geom, 25833), '300'::double precision)) AND _st_dwithin(st_transform(s_2856.the_geom, 25833), schw_2856.schw, '300'::double precision))
                           ->  Function Scan on schw_2856  (cost=0.00..0.01 rows=1 width=32)
                           ->  Seq Scan on phoml_trajectory_tmp s_2856  (cost=0.00..95.68 rows=17 width=40)
                                 Filter: ((unix_time >= '1685451295.188'::double precision) AND (unix_time <= '1685451355.188'::double precision))
   ->  Subquery Scan on "*SELECT* 2858"  (cost=97.82..97.83 rows=1 width=76)
         ->  Limit  (cost=97.82..97.82 rows=1 width=84)
               ->  Sort  (cost=97.82..97.82 rows=1 width=84)
                     Sort Key: (st_distance(st_transform(s_2857.the_geom, 25833), schw_2857.schw))
                     ->  Nested Loop  (cost=0.00..97.81 rows=1 width=84)
                           Join Filter: ((st_transform(s_2857.the_geom, 25833) && st_expand(schw_2857.schw, '300'::double precision)) AND (schw_2857.schw && st_expand(st_transform(s_2857.the_geom, 25833), '300'::double precision)) AND _st_dwithin(st_transform(s_2857.the_geom, 25833), schw_2857.schw, '300'::double precision))
                           ->  Function Scan on schw_2857  (cost=0.00..0.01 rows=1 width=32)
                           ->  Seq Scan on phoml_trajectory_tmp s_2857  (cost=0.00..95.68 rows=17 width=40)
                                 Filter: ((unix_time >= '1685451295.868'::double precision) AND (unix_time <= '1685451355.868'::double precision))
   ->  Subquery Scan on "*SELECT* 2859"  (cost=97.82..97.83 rows=1 width=76)
         ->  Limit  (cost=97.82..97.82 rows=1 width=84)
               ->  Sort  (cost=97.82..97.82 rows=1 width=84)
                     Sort Key: (st_distance(st_transform(s_2858.the_geom, 25833), schw_2858.schw))
                     ->  Nested Loop  (cost=0.00..97.81 rows=1 width=84)
                           Join Filter: ((st_transform(s_2858.the_geom, 25833) && st_expand(schw_2858.schw, '300'::double precision)) AND (schw_2858.schw && st_expand(st_transform(s_2858.the_geom, 25833), '300'::double precision)) AND _st_dwithin(st_transform(s_2858.the_geom, 25833), schw_2858.schw, '300'::double precision))
                           ->  Function Scan on schw_2858  (cost=0.00..0.01 rows=1 width=32)
                           ->  Seq Scan on phoml_trajectory_tmp s_2858  (cost=0.00..95.68 rows=17 width=40)
                                 Filter: ((unix_time >= '1685451296.573'::double precision) AND (unix_time <= '1685451356.573'::double precision))
   ->  Subquery Scan on "*SELECT* 2860"  (cost=97.82..97.83 rows=1 width=76)
         ->  Limit  (cost=97.82..97.82 rows=1 width=84)
               ->  Sort  (cost=97.82..97.82 rows=1 width=84)
                     Sort Key: (st_distance(st_transform(s_2859.the_geom, 25833), schw_2859.schw))
                     ->  Nested Loop  (cost=0.00..97.81 rows=1 width=84)
                           Join Filter: ((st_transform(s_2859.the_geom, 25833) && st_expand(schw_2859.schw, '300'::double precision)) AND (schw_2859.schw && st_expand(st_transform(s_2859.the_geom, 25833), '300'::double precision)) AND _st_dwithin(st_transform(s_2859.the_geom, 25833), schw_2859.schw, '300'::double precision))
                           ->  Function Scan on schw_2859  (cost=0.00..0.01 rows=1 width=32)
                           ->  Seq Scan on phoml_trajectory_tmp s_2859  (cost=0.00..95.68 rows=17 width=40)
                                 Filter: ((unix_time >= '1685451297.329'::double precision) AND (unix_time <= '1685451357.329'::double precision))
   ->  Subquery Scan on "*SELECT* 2861"  (cost=97.82..97.83 rows=1 width=76)
         ->  Limit  (cost=97.82..97.82 rows=1 width=84)
               ->  Sort  (cost=97.82..97.82 rows=1 width=84)
                     Sort Key: (st_distance(st_transform(s_2860.the_geom, 25833), schw_2860.schw))
                     ->  Nested Loop  (cost=0.00..97.81 rows=1 width=84)
                           Join Filter: ((st_transform(s_2860.the_geom, 25833) && st_expand(schw_2860.schw, '300'::double precision)) AND (schw_2860.schw && st_expand(st_transform(s_2860.the_geom, 25833), '300'::double precision)) AND _st_dwithin(st_transform(s_2860.the_geom, 25833), schw_2860.schw, '300'::double precision))
                           ->  Function Scan on schw_2860  (cost=0.00..0.01 rows=1 width=32)
                           ->  Seq Scan on phoml_trajectory_tmp s_2860  (cost=0.00..95.68 rows=17 width=40)
                                 Filter: ((unix_time >= '1685451298.099'::double precision) AND (unix_time <= '1685451358.099'::double precision))
   ->  Subquery Scan on "*SELECT* 2862"  (cost=97.82..97.83 rows=1 width=76)
         ->  Limit  (cost=97.82..97.82 rows=1 width=84)
               ->  Sort  (cost=97.82..97.82 rows=1 width=84)
                     Sort Key: (st_distance(st_transform(s_2861.the_geom, 25833), schw_2861.schw))
                     ->  Nested Loop  (cost=0.00..97.81 rows=1 width=84)
                           Join Filter: ((st_transform(s_2861.the_geom, 25833) && st_expand(schw_2861.schw, '300'::double precision)) AND (schw_2861.schw && st_expand(st_transform(s_2861.the_geom, 25833), '300'::double precision)) AND _st_dwithin(st_transform(s_2861.the_geom, 25833), schw_2861.schw, '300'::double precision))
                           ->  Function Scan on schw_2861  (cost=0.00..0.01 rows=1 width=32)
                           ->  Seq Scan on phoml_trajectory_tmp s_2861  (cost=0.00..95.68 rows=17 width=40)
                                 Filter: ((unix_time >= '1685451298.878'::double precision) AND (unix_time <= '1685451358.878'::double precision))
   ->  Subquery Scan on "*SELECT* 2863"  (cost=97.82..97.83 rows=1 width=76)
         ->  Limit  (cost=97.82..97.82 rows=1 width=84)
               ->  Sort  (cost=97.82..97.82 rows=1 width=84)
                     Sort Key: (st_distance(st_transform(s_2862.the_geom, 25833), schw_2862.schw))
                     ->  Nested Loop  (cost=0.00..97.81 rows=1 width=84)
                           Join Filter: ((st_transform(s_2862.the_geom, 25833) && st_expand(schw_2862.schw, '300'::double precision)) AND (schw_2862.schw && st_expand(st_transform(s_2862.the_geom, 25833), '300'::double precision)) AND _st_dwithin(st_transform(s_2862.the_geom, 25833), schw_2862.schw, '300'::double precision))
                           ->  Function Scan on schw_2862  (cost=0.00..0.01 rows=1 width=32)
                           ->  Seq Scan on phoml_trajectory_tmp s_2862  (cost=0.00..95.68 rows=17 width=40)
                                 Filter: ((unix_time >= '1685451299.639'::double precision) AND (unix_time <= '1685451359.639'::double precision))
   ->  Subquery Scan on "*SELECT* 2864"  (cost=97.82..97.83 rows=1 width=76)
         ->  Limit  (cost=97.82..97.82 rows=1 width=84)
               ->  Sort  (cost=97.82..97.82 rows=1 width=84)
                     Sort Key: (st_distance(st_transform(s_2863.the_geom, 25833), schw_2863.schw))
                     ->  Nested Loop  (cost=0.00..97.81 rows=1 width=84)
                           Join Filter: ((st_transform(s_2863.the_geom, 25833) && st_expand(schw_2863.schw, '300'::double precision)) AND (schw_2863.schw && st_expand(st_transform(s_2863.the_geom, 25833), '300'::double precision)) AND _st_dwithin(st_transform(s_2863.the_geom, 25833), schw_2863.schw, '300'::double precision))
                           ->  Function Scan on schw_2863  (cost=0.00..0.01 rows=1 width=32)
                           ->  Seq Scan on phoml_trajectory_tmp s_2863  (cost=0.00..95.68 rows=17 width=40)
                                 Filter: ((unix_time >= '1685451300.387'::double precision) AND (unix_time <= '1685451360.387'::double precision))
   ->  Subquery Scan on "*SELECT* 2865"  (cost=97.82..97.83 rows=1 width=76)
         ->  Limit  (cost=97.82..97.82 rows=1 width=84)
               ->  Sort  (cost=97.82..97.82 rows=1 width=84)
                     Sort Key: (st_distance(st_transform(s_2864.the_geom, 25833), schw_2864.schw))
                     ->  Nested Loop  (cost=0.00..97.81 rows=1 width=84)
                           Join Filter: ((st_transform(s_2864.the_geom, 25833) && st_expand(schw_2864.schw, '300'::double precision)) AND (schw_2864.schw && st_expand(st_transform(s_2864.the_geom, 25833), '300'::double precision)) AND _st_dwithin(st_transform(s_2864.the_geom, 25833), schw_2864.schw, '300'::double precision))
                           ->  Function Scan on schw_2864  (cost=0.00..0.01 rows=1 width=32)
                           ->  Seq Scan on phoml_trajectory_tmp s_2864  (cost=0.00..95.68 rows=17 width=40)
                                 Filter: ((unix_time >= '1685451301.097'::double precision) AND (unix_time <= '1685451361.097'::double precision))
   ->  Subquery Scan on "*SELECT* 2866"  (cost=97.82..97.83 rows=1 width=76)
         ->  Limit  (cost=97.82..97.82 rows=1 width=84)
               ->  Sort  (cost=97.82..97.82 rows=1 width=84)
                     Sort Key: (st_distance(st_transform(s_2865.the_geom, 25833), schw_2865.schw))
                     ->  Nested Loop  (cost=0.00..97.81 rows=1 width=84)
                           Join Filter: ((st_transform(s_2865.the_geom, 25833) && st_expand(schw_2865.schw, '300'::double precision)) AND (schw_2865.schw && st_expand(st_transform(s_2865.the_geom, 25833), '300'::double precision)) AND _st_dwithin(st_transform(s_2865.the_geom, 25833), schw_2865.schw, '300'::double precision))
                           ->  Function Scan on schw_2865  (cost=0.00..0.01 rows=1 width=32)
                           ->  Seq Scan on phoml_trajectory_tmp s_2865  (cost=0.00..95.68 rows=17 width=40)
                                 Filter: ((unix_time >= '1685451301.795'::double precision) AND (unix_time <= '1685451361.795'::double precision))
   ->  Subquery Scan on "*SELECT* 2867"  (cost=97.82..97.83 rows=1 width=76)
         ->  Limit  (cost=97.82..97.82 rows=1 width=84)
               ->  Sort  (cost=97.82..97.82 rows=1 width=84)
                     Sort Key: (st_distance(st_transform(s_2866.the_geom, 25833), schw_2866.schw))
                     ->  Nested Loop  (cost=0.00..97.81 rows=1 width=84)
                           Join Filter: ((st_transform(s_2866.the_geom, 25833) && st_expand(schw_2866.schw, '300'::double precision)) AND (schw_2866.schw && st_expand(st_transform(s_2866.the_geom, 25833), '300'::double precision)) AND _st_dwithin(st_transform(s_2866.the_geom, 25833), schw_2866.schw, '300'::double precision))
                           ->  Function Scan on schw_2866  (cost=0.00..0.01 rows=1 width=32)
                           ->  Seq Scan on phoml_trajectory_tmp s_2866  (cost=0.00..95.68 rows=17 width=40)
                                 Filter: ((unix_time >= '1685451302.456'::double precision) AND (unix_time <= '1685451362.456'::double precision))
   ->  Subquery Scan on "*SELECT* 2868"  (cost=97.82..97.83 rows=1 width=76)
         ->  Limit  (cost=97.82..97.82 rows=1 width=84)
               ->  Sort  (cost=97.82..97.82 rows=1 width=84)
                     Sort Key: (st_distance(st_transform(s_2867.the_geom, 25833), schw_2867.schw))
                     ->  Nested Loop  (cost=0.00..97.81 rows=1 width=84)
                           Join Filter: ((st_transform(s_2867.the_geom, 25833) && st_expand(schw_2867.schw, '300'::double precision)) AND (schw_2867.schw && st_expand(st_transform(s_2867.the_geom, 25833), '300'::double precision)) AND _st_dwithin(st_transform(s_2867.the_geom, 25833), schw_2867.schw, '300'::double precision))
                           ->  Function Scan on schw_2867  (cost=0.00..0.01 rows=1 width=32)
                           ->  Seq Scan on phoml_trajectory_tmp s_2867  (cost=0.00..95.68 rows=17 width=40)
                                 Filter: ((unix_time >= '1685451303.086'::double precision) AND (unix_time <= '1685451363.086'::double precision))
   ->  Subquery Scan on "*SELECT* 2869"  (cost=97.82..97.83 rows=1 width=76)
         ->  Limit  (cost=97.82..97.82 rows=1 width=84)
               ->  Sort  (cost=97.82..97.82 rows=1 width=84)
                     Sort Key: (st_distance(st_transform(s_2868.the_geom, 25833), schw_2868.schw))
                     ->  Nested Loop  (cost=0.00..97.81 rows=1 width=84)
                           Join Filter: ((st_transform(s_2868.the_geom, 25833) && st_expand(schw_2868.schw, '300'::double precision)) AND (schw_2868.schw && st_expand(st_transform(s_2868.the_geom, 25833), '300'::double precision)) AND _st_dwithin(st_transform(s_2868.the_geom, 25833), schw_2868.schw, '300'::double precision))
                           ->  Function Scan on schw_2868  (cost=0.00..0.01 rows=1 width=32)
                           ->  Seq Scan on phoml_trajectory_tmp s_2868  (cost=0.00..95.68 rows=17 width=40)
                                 Filter: ((unix_time >= '1685451303.707'::double precision) AND (unix_time <= '1685451363.707'::double precision))
   ->  Subquery Scan on "*SELECT* 2870"  (cost=97.82..97.83 rows=1 width=76)
         ->  Limit  (cost=97.82..97.82 rows=1 width=84)
               ->  Sort  (cost=97.82..97.82 rows=1 width=84)
                     Sort Key: (st_distance(st_transform(s_2869.the_geom, 25833), schw_2869.schw))
                     ->  Nested Loop  (cost=0.00..97.81 rows=1 width=84)
                           Join Filter: ((st_transform(s_2869.the_geom, 25833) && st_expand(schw_2869.schw, '300'::double precision)) AND (schw_2869.schw && st_expand(st_transform(s_2869.the_geom, 25833), '300'::double precision)) AND _st_dwithin(st_transform(s_2869.the_geom, 25833), schw_2869.schw, '300'::double precision))
                           ->  Function Scan on schw_2869  (cost=0.00..0.01 rows=1 width=32)
                           ->  Seq Scan on phoml_trajectory_tmp s_2869  (cost=0.00..95.68 rows=17 width=40)
                                 Filter: ((unix_time >= '1685451304.309'::double precision) AND (unix_time <= '1685451364.309'::double precision))
   ->  Subquery Scan on "*SELECT* 2871"  (cost=97.82..97.83 rows=1 width=76)
         ->  Limit  (cost=97.82..97.82 rows=1 width=84)
               ->  Sort  (cost=97.82..97.82 rows=1 width=84)
                     Sort Key: (st_distance(st_transform(s_2870.the_geom, 25833), schw_2870.schw))
                     ->  Nested Loop  (cost=0.00..97.81 rows=1 width=84)
                           Join Filter: ((st_transform(s_2870.the_geom, 25833) && st_expand(schw_2870.schw, '300'::double precision)) AND (schw_2870.schw && st_expand(st_transform(s_2870.the_geom, 25833), '300'::double precision)) AND _st_dwithin(st_transform(s_2870.the_geom, 25833), schw_2870.schw, '300'::double precision))
                           ->  Function Scan on schw_2870  (cost=0.00..0.01 rows=1 width=32)
                           ->  Seq Scan on phoml_trajectory_tmp s_2870  (cost=0.00..95.68 rows=17 width=40)
                                 Filter: ((unix_time >= '1685451304.879'::double precision) AND (unix_time <= '1685451364.879'::double precision))
   ->  Subquery Scan on "*SELECT* 2872"  (cost=97.82..97.83 rows=1 width=76)
         ->  Limit  (cost=97.82..97.82 rows=1 width=84)
               ->  Sort  (cost=97.82..97.82 rows=1 width=84)
                     Sort Key: (st_distance(st_transform(s_2871.the_geom, 25833), schw_2871.schw))
                     ->  Nested Loop  (cost=0.00..97.81 rows=1 width=84)
                           Join Filter: ((st_transform(s_2871.the_geom, 25833) && st_expand(schw_2871.schw, '300'::double precision)) AND (schw_2871.schw && st_expand(st_transform(s_2871.the_geom, 25833), '300'::double precision)) AND _st_dwithin(st_transform(s_2871.the_geom, 25833), schw_2871.schw, '300'::double precision))
                           ->  Function Scan on schw_2871  (cost=0.00..0.01 rows=1 width=32)
                           ->  Seq Scan on phoml_trajectory_tmp s_2871  (cost=0.00..95.68 rows=17 width=40)
                                 Filter: ((unix_time >= '1685451305.448'::double precision) AND (unix_time <= '1685451365.448'::double precision))
   ->  Subquery Scan on "*SELECT* 2873"  (cost=97.82..97.83 rows=1 width=76)
         ->  Limit  (cost=97.82..97.82 rows=1 width=84)
               ->  Sort  (cost=97.82..97.82 rows=1 width=84)
                     Sort Key: (st_distance(st_transform(s_2872.the_geom, 25833), schw_2872.schw))
                     ->  Nested Loop  (cost=0.00..97.81 rows=1 width=84)
                           Join Filter: ((st_transform(s_2872.the_geom, 25833) && st_expand(schw_2872.schw, '300'::double precision)) AND (schw_2872.schw && st_expand(st_transform(s_2872.the_geom, 25833), '300'::double precision)) AND _st_dwithin(st_transform(s_2872.the_geom, 25833), schw_2872.schw, '300'::double precision))
                           ->  Function Scan on schw_2872  (cost=0.00..0.01 rows=1 width=32)
                           ->  Seq Scan on phoml_trajectory_tmp s_2872  (cost=0.00..95.68 rows=17 width=40)
                                 Filter: ((unix_time >= '1685451305.988'::double precision) AND (unix_time <= '1685451365.988'::double precision))
   ->  Subquery Scan on "*SELECT* 2874"  (cost=97.82..97.83 rows=1 width=76)
         ->  Limit  (cost=97.82..97.82 rows=1 width=84)
               ->  Sort  (cost=97.82..97.82 rows=1 width=84)
                     Sort Key: (st_distance(st_transform(s_2873.the_geom, 25833), schw_2873.schw))
                     ->  Nested Loop  (cost=0.00..97.81 rows=1 width=84)
                           Join Filter: ((st_transform(s_2873.the_geom, 25833) && st_expand(schw_2873.schw, '300'::double precision)) AND (schw_2873.schw && st_expand(st_transform(s_2873.the_geom, 25833), '300'::double precision)) AND _st_dwithin(st_transform(s_2873.the_geom, 25833), schw_2873.schw, '300'::double precision))
                           ->  Function Scan on schw_2873  (cost=0.00..0.01 rows=1 width=32)
                           ->  Seq Scan on phoml_trajectory_tmp s_2873  (cost=0.00..95.68 rows=17 width=40)
                                 Filter: ((unix_time >= '1685451306.529'::double precision) AND (unix_time <= '1685451366.529'::double precision))
   ->  Subquery Scan on "*SELECT* 2875"  (cost=97.82..97.83 rows=1 width=76)
         ->  Limit  (cost=97.82..97.82 rows=1 width=84)
               ->  Sort  (cost=97.82..97.82 rows=1 width=84)
                     Sort Key: (st_distance(st_transform(s_2874.the_geom, 25833), schw_2874.schw))
                     ->  Nested Loop  (cost=0.00..97.81 rows=1 width=84)
                           Join Filter: ((st_transform(s_2874.the_geom, 25833) && st_expand(schw_2874.schw, '300'::double precision)) AND (schw_2874.schw && st_expand(st_transform(s_2874.the_geom, 25833), '300'::double precision)) AND _st_dwithin(st_transform(s_2874.the_geom, 25833), schw_2874.schw, '300'::double precision))
                           ->  Function Scan on schw_2874  (cost=0.00..0.01 rows=1 width=32)
                           ->  Seq Scan on phoml_trajectory_tmp s_2874  (cost=0.00..95.68 rows=17 width=40)
                                 Filter: ((unix_time >= '1685451307.059'::double precision) AND (unix_time <= '1685451367.059'::double precision))
   ->  Subquery Scan on "*SELECT* 2876"  (cost=97.82..97.83 rows=1 width=76)
         ->  Limit  (cost=97.82..97.82 rows=1 width=84)
               ->  Sort  (cost=97.82..97.82 rows=1 width=84)
                     Sort Key: (st_distance(st_transform(s_2875.the_geom, 25833), schw_2875.schw))
                     ->  Nested Loop  (cost=0.00..97.81 rows=1 width=84)
                           Join Filter: ((st_transform(s_2875.the_geom, 25833) && st_expand(schw_2875.schw, '300'::double precision)) AND (schw_2875.schw && st_expand(st_transform(s_2875.the_geom, 25833), '300'::double precision)) AND _st_dwithin(st_transform(s_2875.the_geom, 25833), schw_2875.schw, '300'::double precision))
                           ->  Function Scan on schw_2875  (cost=0.00..0.01 rows=1 width=32)
                           ->  Seq Scan on phoml_trajectory_tmp s_2875  (cost=0.00..95.68 rows=17 width=40)
                                 Filter: ((unix_time >= '1685451307.572'::double precision) AND (unix_time <= '1685451367.572'::double precision))
   ->  Subquery Scan on "*SELECT* 2877"  (cost=97.82..97.83 rows=1 width=76)
         ->  Limit  (cost=97.82..97.82 rows=1 width=84)
               ->  Sort  (cost=97.82..97.82 rows=1 width=84)
                     Sort Key: (st_distance(st_transform(s_2876.the_geom, 25833), schw_2876.schw))
                     ->  Nested Loop  (cost=0.00..97.81 rows=1 width=84)
                           Join Filter: ((st_transform(s_2876.the_geom, 25833) && st_expand(schw_2876.schw, '300'::double precision)) AND (schw_2876.schw && st_expand(st_transform(s_2876.the_geom, 25833), '300'::double precision)) AND _st_dwithin(st_transform(s_2876.the_geom, 25833), schw_2876.schw, '300'::double precision))
                           ->  Function Scan on schw_2876  (cost=0.00..0.01 rows=1 width=32)
                           ->  Seq Scan on phoml_trajectory_tmp s_2876  (cost=0.00..95.68 rows=17 width=40)
                                 Filter: ((unix_time >= '1685451308.112'::double precision) AND (unix_time <= '1685451368.112'::double precision))
   ->  Subquery Scan on "*SELECT* 2878"  (cost=97.82..97.83 rows=1 width=76)
         ->  Limit  (cost=97.82..97.82 rows=1 width=84)
               ->  Sort  (cost=97.82..97.82 rows=1 width=84)
                     Sort Key: (st_distance(st_transform(s_2877.the_geom, 25833), schw_2877.schw))
                     ->  Nested Loop  (cost=0.00..97.81 rows=1 width=84)
                           Join Filter: ((st_transform(s_2877.the_geom, 25833) && st_expand(schw_2877.schw, '300'::double precision)) AND (schw_2877.schw && st_expand(st_transform(s_2877.the_geom, 25833), '300'::double precision)) AND _st_dwithin(st_transform(s_2877.the_geom, 25833), schw_2877.schw, '300'::double precision))
                           ->  Function Scan on schw_2877  (cost=0.00..0.01 rows=1 width=32)
                           ->  Seq Scan on phoml_trajectory_tmp s_2877  (cost=0.00..95.68 rows=17 width=40)
                                 Filter: ((unix_time >= '1685451308.635'::double precision) AND (unix_time <= '1685451368.635'::double precision))
   ->  Subquery Scan on "*SELECT* 2879"  (cost=97.82..97.83 rows=1 width=76)
         ->  Limit  (cost=97.82..97.82 rows=1 width=84)
               ->  Sort  (cost=97.82..97.82 rows=1 width=84)
                     Sort Key: (st_distance(st_transform(s_2878.the_geom, 25833), schw_2878.schw))
                     ->  Nested Loop  (cost=0.00..97.81 rows=1 width=84)
                           Join Filter: ((st_transform(s_2878.the_geom, 25833) && st_expand(schw_2878.schw, '300'::double precision)) AND (schw_2878.schw && st_expand(st_transform(s_2878.the_geom, 25833), '300'::double precision)) AND _st_dwithin(st_transform(s_2878.the_geom, 25833), schw_2878.schw, '300'::double precision))
                           ->  Function Scan on schw_2878  (cost=0.00..0.01 rows=1 width=32)
                           ->  Seq Scan on phoml_trajectory_tmp s_2878  (cost=0.00..95.68 rows=17 width=40)
                                 Filter: ((unix_time >= '1685451309.177'::double precision) AND (unix_time <= '1685451369.177'::double precision))
   ->  Subquery Scan on "*SELECT* 2880"  (cost=97.82..97.83 rows=1 width=76)
         ->  Limit  (cost=97.82..97.82 rows=1 width=84)
               ->  Sort  (cost=97.82..97.82 rows=1 width=84)
                     Sort Key: (st_distance(st_transform(s_2879.the_geom, 25833), schw_2879.schw))
                     ->  Nested Loop  (cost=0.00..97.81 rows=1 width=84)
                           Join Filter: ((st_transform(s_2879.the_geom, 25833) && st_expand(schw_2879.schw, '300'::double precision)) AND (schw_2879.schw && st_expand(st_transform(s_2879.the_geom, 25833), '300'::double precision)) AND _st_dwithin(st_transform(s_2879.the_geom, 25833), schw_2879.schw, '300'::double precision))
                           ->  Function Scan on schw_2879  (cost=0.00..0.01 rows=1 width=32)
                           ->  Seq Scan on phoml_trajectory_tmp s_2879  (cost=0.00..95.68 rows=17 width=40)
                                 Filter: ((unix_time >= '1685451309.707'::double precision) AND (unix_time <= '1685451369.707'::double precision))
   ->  Subquery Scan on "*SELECT* 2881"  (cost=97.82..97.83 rows=1 width=76)
         ->  Limit  (cost=97.82..97.82 rows=1 width=84)
               ->  Sort  (cost=97.82..97.82 rows=1 width=84)
                     Sort Key: (st_distance(st_transform(s_2880.the_geom, 25833), schw_2880.schw))
                     ->  Nested Loop  (cost=0.00..97.81 rows=1 width=84)
                           Join Filter: ((st_transform(s_2880.the_geom, 25833) && st_expand(schw_2880.schw, '300'::double precision)) AND (schw_2880.schw && st_expand(st_transform(s_2880.the_geom, 25833), '300'::double precision)) AND _st_dwithin(st_transform(s_2880.the_geom, 25833), schw_2880.schw, '300'::double precision))
                           ->  Function Scan on schw_2880  (cost=0.00..0.01 rows=1 width=32)
                           ->  Seq Scan on phoml_trajectory_tmp s_2880  (cost=0.00..95.68 rows=17 width=40)
                                 Filter: ((unix_time >= '1685451310.249'::double precision) AND (unix_time <= '1685451370.249'::double precision))
   ->  Subquery Scan on "*SELECT* 2882"  (cost=97.82..97.83 rows=1 width=76)
         ->  Limit  (cost=97.82..97.82 rows=1 width=84)
               ->  Sort  (cost=97.82..97.82 rows=1 width=84)
                     Sort Key: (st_distance(st_transform(s_2881.the_geom, 25833), schw_2881.schw))
                     ->  Nested Loop  (cost=0.00..97.81 rows=1 width=84)
                           Join Filter: ((st_transform(s_2881.the_geom, 25833) && st_expand(schw_2881.schw, '300'::double precision)) AND (schw_2881.schw && st_expand(st_transform(s_2881.the_geom, 25833), '300'::double precision)) AND _st_dwithin(st_transform(s_2881.the_geom, 25833), schw_2881.schw, '300'::double precision))
                           ->  Function Scan on schw_2881  (cost=0.00..0.01 rows=1 width=32)
                           ->  Seq Scan on phoml_trajectory_tmp s_2881  (cost=0.00..95.68 rows=17 width=40)
                                 Filter: ((unix_time >= '1685451310.789'::double precision) AND (unix_time <= '1685451370.789'::double precision))
   ->  Subquery Scan on "*SELECT* 2883"  (cost=97.82..97.83 rows=1 width=76)
         ->  Limit  (cost=97.82..97.82 rows=1 width=84)
               ->  Sort  (cost=97.82..97.82 rows=1 width=84)
                     Sort Key: (st_distance(st_transform(s_2882.the_geom, 25833), schw_2882.schw))
                     ->  Nested Loop  (cost=0.00..97.81 rows=1 width=84)
                           Join Filter: ((st_transform(s_2882.the_geom, 25833) && st_expand(schw_2882.schw, '300'::double precision)) AND (schw_2882.schw && st_expand(st_transform(s_2882.the_geom, 25833), '300'::double precision)) AND _st_dwithin(st_transform(s_2882.the_geom, 25833), schw_2882.schw, '300'::double precision))
                           ->  Function Scan on schw_2882  (cost=0.00..0.01 rows=1 width=32)
                           ->  Seq Scan on phoml_trajectory_tmp s_2882  (cost=0.00..95.68 rows=17 width=40)
                                 Filter: ((unix_time >= '1685451311.344'::double precision) AND (unix_time <= '1685451371.344'::double precision))
   ->  Subquery Scan on "*SELECT* 2884"  (cost=97.82..97.83 rows=1 width=76)
         ->  Limit  (cost=97.82..97.82 rows=1 width=84)
               ->  Sort  (cost=97.82..97.82 rows=1 width=84)
                     Sort Key: (st_distance(st_transform(s_2883.the_geom, 25833), schw_2883.schw))
                     ->  Nested Loop  (cost=0.00..97.81 rows=1 width=84)
                           Join Filter: ((st_transform(s_2883.the_geom, 25833) && st_expand(schw_2883.schw, '300'::double precision)) AND (schw_2883.schw && st_expand(st_transform(s_2883.the_geom, 25833), '300'::double precision)) AND _st_dwithin(st_transform(s_2883.the_geom, 25833), schw_2883.schw, '300'::double precision))
                           ->  Function Scan on schw_2883  (cost=0.00..0.01 rows=1 width=32)
                           ->  Seq Scan on phoml_trajectory_tmp s_2883  (cost=0.00..95.68 rows=17 width=40)
                                 Filter: ((unix_time >= '1685451311.894'::double precision) AND (unix_time <= '1685451371.894'::double precision))
   ->  Subquery Scan on "*SELECT* 2885"  (cost=97.82..97.83 rows=1 width=76)
         ->  Limit  (cost=97.82..97.82 rows=1 width=84)
               ->  Sort  (cost=97.82..97.82 rows=1 width=84)
                     Sort Key: (st_distance(st_transform(s_2884.the_geom, 25833), schw_2884.schw))
                     ->  Nested Loop  (cost=0.00..97.81 rows=1 width=84)
                           Join Filter: ((st_transform(s_2884.the_geom, 25833) && st_expand(schw_2884.schw, '300'::double precision)) AND (schw_2884.schw && st_expand(st_transform(s_2884.the_geom, 25833), '300'::double precision)) AND _st_dwithin(st_transform(s_2884.the_geom, 25833), schw_2884.schw, '300'::double precision))
                           ->  Function Scan on schw_2884  (cost=0.00..0.01 rows=1 width=32)
                           ->  Seq Scan on phoml_trajectory_tmp s_2884  (cost=0.00..95.68 rows=17 width=40)
                                 Filter: ((unix_time >= '1685451312.466'::double precision) AND (unix_time <= '1685451372.466'::double precision))
   ->  Subquery Scan on "*SELECT* 2886"  (cost=97.82..97.83 rows=1 width=76)
         ->  Limit  (cost=97.82..97.82 rows=1 width=84)
               ->  Sort  (cost=97.82..97.82 rows=1 width=84)
                     Sort Key: (st_distance(st_transform(s_2885.the_geom, 25833), schw_2885.schw))
                     ->  Nested Loop  (cost=0.00..97.81 rows=1 width=84)
                           Join Filter: ((st_transform(s_2885.the_geom, 25833) && st_expand(schw_2885.schw, '300'::double precision)) AND (schw_2885.schw && st_expand(st_transform(s_2885.the_geom, 25833), '300'::double precision)) AND _st_dwithin(st_transform(s_2885.the_geom, 25833), schw_2885.schw, '300'::double precision))
                           ->  Function Scan on schw_2885  (cost=0.00..0.01 rows=1 width=32)
                           ->  Seq Scan on phoml_trajectory_tmp s_2885  (cost=0.00..95.68 rows=17 width=40)
                                 Filter: ((unix_time >= '1685451313.036'::double precision) AND (unix_time <= '1685451373.036'::double precision))
   ->  Subquery Scan on "*SELECT* 2887"  (cost=97.82..97.83 rows=1 width=76)
         ->  Limit  (cost=97.82..97.82 rows=1 width=84)
               ->  Sort  (cost=97.82..97.82 rows=1 width=84)
                     Sort Key: (st_distance(st_transform(s_2886.the_geom, 25833), schw_2886.schw))
                     ->  Nested Loop  (cost=0.00..97.81 rows=1 width=84)
                           Join Filter: ((st_transform(s_2886.the_geom, 25833) && st_expand(schw_2886.schw, '300'::double precision)) AND (schw_2886.schw && st_expand(st_transform(s_2886.the_geom, 25833), '300'::double precision)) AND _st_dwithin(st_transform(s_2886.the_geom, 25833), schw_2886.schw, '300'::double precision))
                           ->  Function Scan on schw_2886  (cost=0.00..0.01 rows=1 width=32)
                           ->  Seq Scan on phoml_trajectory_tmp s_2886  (cost=0.00..95.68 rows=17 width=40)
                                 Filter: ((unix_time >= '1685451313.621'::double precision) AND (unix_time <= '1685451373.621'::double precision))
   ->  Subquery Scan on "*SELECT* 2888"  (cost=97.82..97.83 rows=1 width=76)
         ->  Limit  (cost=97.82..97.82 rows=1 width=84)
               ->  Sort  (cost=97.82..97.82 rows=1 width=84)
                     Sort Key: (st_distance(st_transform(s_2887.the_geom, 25833), schw_2887.schw))
                     ->  Nested Loop  (cost=0.00..97.81 rows=1 width=84)
                           Join Filter: ((st_transform(s_2887.the_geom, 25833) && st_expand(schw_2887.schw, '300'::double precision)) AND (schw_2887.schw && st_expand(st_transform(s_2887.the_geom, 25833), '300'::double precision)) AND _st_dwithin(st_transform(s_2887.the_geom, 25833), schw_2887.schw, '300'::double precision))
                           ->  Function Scan on schw_2887  (cost=0.00..0.01 rows=1 width=32)
                           ->  Seq Scan on phoml_trajectory_tmp s_2887  (cost=0.00..95.68 rows=17 width=40)
                                 Filter: ((unix_time >= '1685451314.224'::double precision) AND (unix_time <= '1685451374.224'::double precision))
   ->  Subquery Scan on "*SELECT* 2889"  (cost=97.82..97.83 rows=1 width=76)
         ->  Limit  (cost=97.82..97.82 rows=1 width=84)
               ->  Sort  (cost=97.82..97.82 rows=1 width=84)
                     Sort Key: (st_distance(st_transform(s_2888.the_geom, 25833), schw_2888.schw))
                     ->  Nested Loop  (cost=0.00..97.81 rows=1 width=84)
                           Join Filter: ((st_transform(s_2888.the_geom, 25833) && st_expand(schw_2888.schw, '300'::double precision)) AND (schw_2888.schw && st_expand(st_transform(s_2888.the_geom, 25833), '300'::double precision)) AND _st_dwithin(st_transform(s_2888.the_geom, 25833), schw_2888.schw, '300'::double precision))
                           ->  Function Scan on schw_2888  (cost=0.00..0.01 rows=1 width=32)
                           ->  Seq Scan on phoml_trajectory_tmp s_2888  (cost=0.00..95.68 rows=17 width=40)
                                 Filter: ((unix_time >= '1685451314.824'::double precision) AND (unix_time <= '1685451374.824'::double precision))
   ->  Subquery Scan on "*SELECT* 2890"  (cost=97.82..97.83 rows=1 width=76)
         ->  Limit  (cost=97.82..97.82 rows=1 width=84)
               ->  Sort  (cost=97.82..97.82 rows=1 width=84)
                     Sort Key: (st_distance(st_transform(s_2889.the_geom, 25833), schw_2889.schw))
                     ->  Nested Loop  (cost=0.00..97.81 rows=1 width=84)
                           Join Filter: ((st_transform(s_2889.the_geom, 25833) && st_expand(schw_2889.schw, '300'::double precision)) AND (schw_2889.schw && st_expand(st_transform(s_2889.the_geom, 25833), '300'::double precision)) AND _st_dwithin(st_transform(s_2889.the_geom, 25833), schw_2889.schw, '300'::double precision))
                           ->  Function Scan on schw_2889  (cost=0.00..0.01 rows=1 width=32)
                           ->  Seq Scan on phoml_trajectory_tmp s_2889  (cost=0.00..95.68 rows=17 width=40)
                                 Filter: ((unix_time >= '1685451315.427'::double precision) AND (unix_time <= '1685451375.427'::double precision))
   ->  Subquery Scan on "*SELECT* 2891"  (cost=97.82..97.83 rows=1 width=76)
         ->  Limit  (cost=97.82..97.82 rows=1 width=84)
               ->  Sort  (cost=97.82..97.82 rows=1 width=84)
                     Sort Key: (st_distance(st_transform(s_2890.the_geom, 25833), schw_2890.schw))
                     ->  Nested Loop  (cost=0.00..97.81 rows=1 width=84)
                           Join Filter: ((st_transform(s_2890.the_geom, 25833) && st_expand(schw_2890.schw, '300'::double precision)) AND (schw_2890.schw && st_expand(st_transform(s_2890.the_geom, 25833), '300'::double precision)) AND _st_dwithin(st_transform(s_2890.the_geom, 25833), schw_2890.schw, '300'::double precision))
                           ->  Function Scan on schw_2890  (cost=0.00..0.01 rows=1 width=32)
                           ->  Seq Scan on phoml_trajectory_tmp s_2890  (cost=0.00..95.68 rows=17 width=40)
                                 Filter: ((unix_time >= '1685451316.017'::double precision) AND (unix_time <= '1685451376.017'::double precision))
   ->  Subquery Scan on "*SELECT* 2892"  (cost=97.82..97.83 rows=1 width=76)
         ->  Limit  (cost=97.82..97.82 rows=1 width=84)
               ->  Sort  (cost=97.82..97.82 rows=1 width=84)
                     Sort Key: (st_distance(st_transform(s_2891.the_geom, 25833), schw_2891.schw))
                     ->  Nested Loop  (cost=0.00..97.81 rows=1 width=84)
                           Join Filter: ((st_transform(s_2891.the_geom, 25833) && st_expand(schw_2891.schw, '300'::double precision)) AND (schw_2891.schw && st_expand(st_transform(s_2891.the_geom, 25833), '300'::double precision)) AND _st_dwithin(st_transform(s_2891.the_geom, 25833), schw_2891.schw, '300'::double precision))
                           ->  Function Scan on schw_2891  (cost=0.00..0.01 rows=1 width=32)
                           ->  Seq Scan on phoml_trajectory_tmp s_2891  (cost=0.00..95.68 rows=17 width=40)
                                 Filter: ((unix_time >= '1685451316.612'::double precision) AND (unix_time <= '1685451376.612'::double precision))
   ->  Subquery Scan on "*SELECT* 2893"  (cost=97.82..97.83 rows=1 width=76)
         ->  Limit  (cost=97.82..97.82 rows=1 width=84)
               ->  Sort  (cost=97.82..97.82 rows=1 width=84)
                     Sort Key: (st_distance(st_transform(s_2892.the_geom, 25833), schw_2892.schw))
                     ->  Nested Loop  (cost=0.00..97.81 rows=1 width=84)
                           Join Filter: ((st_transform(s_2892.the_geom, 25833) && st_expand(schw_2892.schw, '300'::double precision)) AND (schw_2892.schw && st_expand(st_transform(s_2892.the_geom, 25833), '300'::double precision)) AND _st_dwithin(st_transform(s_2892.the_geom, 25833), schw_2892.schw, '300'::double precision))
                           ->  Function Scan on schw_2892  (cost=0.00..0.01 rows=1 width=32)
                           ->  Seq Scan on phoml_trajectory_tmp s_2892  (cost=0.00..95.68 rows=17 width=40)
                                 Filter: ((unix_time >= '1685451317.207'::double precision) AND (unix_time <= '1685451377.207'::double precision))
   ->  Subquery Scan on "*SELECT* 2894"  (cost=97.82..97.83 rows=1 width=76)
         ->  Limit  (cost=97.82..97.82 rows=1 width=84)
               ->  Sort  (cost=97.82..97.82 rows=1 width=84)
                     Sort Key: (st_distance(st_transform(s_2893.the_geom, 25833), schw_2893.schw))
                     ->  Nested Loop  (cost=0.00..97.81 rows=1 width=84)
                           Join Filter: ((st_transform(s_2893.the_geom, 25833) && st_expand(schw_2893.schw, '300'::double precision)) AND (schw_2893.schw && st_expand(st_transform(s_2893.the_geom, 25833), '300'::double precision)) AND _st_dwithin(st_transform(s_2893.the_geom, 25833), schw_2893.schw, '300'::double precision))
                           ->  Function Scan on schw_2893  (cost=0.00..0.01 rows=1 width=32)
                           ->  Seq Scan on phoml_trajectory_tmp s_2893  (cost=0.00..95.68 rows=17 width=40)
                                 Filter: ((unix_time >= '1685451317.787'::double precision) AND (unix_time <= '1685451377.787'::double precision))
   ->  Subquery Scan on "*SELECT* 2895"  (cost=97.82..97.83 rows=1 width=76)
         ->  Limit  (cost=97.82..97.82 rows=1 width=84)
               ->  Sort  (cost=97.82..97.82 rows=1 width=84)
                     Sort Key: (st_distance(st_transform(s_2894.the_geom, 25833), schw_2894.schw))
                     ->  Nested Loop  (cost=0.00..97.81 rows=1 width=84)
                           Join Filter: ((st_transform(s_2894.the_geom, 25833) && st_expand(schw_2894.schw, '300'::double precision)) AND (schw_2894.schw && st_expand(st_transform(s_2894.the_geom, 25833), '300'::double precision)) AND _st_dwithin(st_transform(s_2894.the_geom, 25833), schw_2894.schw, '300'::double precision))
                           ->  Function Scan on schw_2894  (cost=0.00..0.01 rows=1 width=32)
                           ->  Seq Scan on phoml_trajectory_tmp s_2894  (cost=0.00..95.68 rows=17 width=40)
                                 Filter: ((unix_time >= '1685451318.384'::double precision) AND (unix_time <= '1685451378.384'::double precision))
   ->  Subquery Scan on "*SELECT* 2896"  (cost=97.82..97.83 rows=1 width=76)
         ->  Limit  (cost=97.82..97.82 rows=1 width=84)
               ->  Sort  (cost=97.82..97.82 rows=1 width=84)
                     Sort Key: (st_distance(st_transform(s_2895.the_geom, 25833), schw_2895.schw))
                     ->  Nested Loop  (cost=0.00..97.81 rows=1 width=84)
                           Join Filter: ((st_transform(s_2895.the_geom, 25833) && st_expand(schw_2895.schw, '300'::double precision)) AND (schw_2895.schw && st_expand(st_transform(s_2895.the_geom, 25833), '300'::double precision)) AND _st_dwithin(st_transform(s_2895.the_geom, 25833), schw_2895.schw, '300'::double precision))
                           ->  Function Scan on schw_2895  (cost=0.00..0.01 rows=1 width=32)
                           ->  Seq Scan on phoml_trajectory_tmp s_2895  (cost=0.00..95.68 rows=17 width=40)
                                 Filter: ((unix_time >= '1685451318.954'::double precision) AND (unix_time <= '1685451378.954'::double precision))
   ->  Subquery Scan on "*SELECT* 2897"  (cost=97.82..97.83 rows=1 width=76)
         ->  Limit  (cost=97.82..97.82 rows=1 width=84)
               ->  Sort  (cost=97.82..97.82 rows=1 width=84)
                     Sort Key: (st_distance(st_transform(s_2896.the_geom, 25833), schw_2896.schw))
                     ->  Nested Loop  (cost=0.00..97.81 rows=1 width=84)
                           Join Filter: ((st_transform(s_2896.the_geom, 25833) && st_expand(schw_2896.schw, '300'::double precision)) AND (schw_2896.schw && st_expand(st_transform(s_2896.the_geom, 25833), '300'::double precision)) AND _st_dwithin(st_transform(s_2896.the_geom, 25833), schw_2896.schw, '300'::double precision))
                           ->  Function Scan on schw_2896  (cost=0.00..0.01 rows=1 width=32)
                           ->  Seq Scan on phoml_trajectory_tmp s_2896  (cost=0.00..95.68 rows=17 width=40)
                                 Filter: ((unix_time >= '1685451319.512'::double precision) AND (unix_time <= '1685451379.512'::double precision))
   ->  Subquery Scan on "*SELECT* 2898"  (cost=97.82..97.83 rows=1 width=76)
         ->  Limit  (cost=97.82..97.82 rows=1 width=84)
               ->  Sort  (cost=97.82..97.82 rows=1 width=84)
                     Sort Key: (st_distance(st_transform(s_2897.the_geom, 25833), schw_2897.schw))
                     ->  Nested Loop  (cost=0.00..97.81 rows=1 width=84)
                           Join Filter: ((st_transform(s_2897.the_geom, 25833) && st_expand(schw_2897.schw, '300'::double precision)) AND (schw_2897.schw && st_expand(st_transform(s_2897.the_geom, 25833), '300'::double precision)) AND _st_dwithin(st_transform(s_2897.the_geom, 25833), schw_2897.schw, '300'::double precision))
                           ->  Function Scan on schw_2897  (cost=0.00..0.01 rows=1 width=32)
                           ->  Seq Scan on phoml_trajectory_tmp s_2897  (cost=0.00..95.68 rows=17 width=40)
                                 Filter: ((unix_time >= '1685451320.052'::double precision) AND (unix_time <= '1685451380.052'::double precision))
   ->  Subquery Scan on "*SELECT* 2899"  (cost=97.82..97.83 rows=1 width=76)
         ->  Limit  (cost=97.82..97.82 rows=1 width=84)
               ->  Sort  (cost=97.82..97.82 rows=1 width=84)
                     Sort Key: (st_distance(st_transform(s_2898.the_geom, 25833), schw_2898.schw))
                     ->  Nested Loop  (cost=0.00..97.81 rows=1 width=84)
                           Join Filter: ((st_transform(s_2898.the_geom, 25833) && st_expand(schw_2898.schw, '300'::double precision)) AND (schw_2898.schw && st_expand(st_transform(s_2898.the_geom, 25833), '300'::double precision)) AND _st_dwithin(st_transform(s_2898.the_geom, 25833), schw_2898.schw, '300'::double precision))
                           ->  Function Scan on schw_2898  (cost=0.00..0.01 rows=1 width=32)
                           ->  Seq Scan on phoml_trajectory_tmp s_2898  (cost=0.00..95.68 rows=17 width=40)
                                 Filter: ((unix_time >= '1685451320.575'::double precision) AND (unix_time <= '1685451380.575'::double precision))
   ->  Subquery Scan on "*SELECT* 2900"  (cost=97.82..97.83 rows=1 width=76)
         ->  Limit  (cost=97.82..97.82 rows=1 width=84)
               ->  Sort  (cost=97.82..97.82 rows=1 width=84)
                     Sort Key: (st_distance(st_transform(s_2899.the_geom, 25833), schw_2899.schw))
                     ->  Nested Loop  (cost=0.00..97.81 rows=1 width=84)
                           Join Filter: ((st_transform(s_2899.the_geom, 25833) && st_expand(schw_2899.schw, '300'::double precision)) AND (schw_2899.schw && st_expand(st_transform(s_2899.the_geom, 25833), '300'::double precision)) AND _st_dwithin(st_transform(s_2899.the_geom, 25833), schw_2899.schw, '300'::double precision))
                           ->  Function Scan on schw_2899  (cost=0.00..0.01 rows=1 width=32)
                           ->  Seq Scan on phoml_trajectory_tmp s_2899  (cost=0.00..95.68 rows=17 width=40)
                                 Filter: ((unix_time >= '1685451321.085'::double precision) AND (unix_time <= '1685451381.085'::double precision))
   ->  Subquery Scan on "*SELECT* 2901"  (cost=97.82..97.83 rows=1 width=76)
         ->  Limit  (cost=97.82..97.82 rows=1 width=84)
               ->  Sort  (cost=97.82..97.82 rows=1 width=84)
                     Sort Key: (st_distance(st_transform(s_2900.the_geom, 25833), schw_2900.schw))
                     ->  Nested Loop  (cost=0.00..97.81 rows=1 width=84)
                           Join Filter: ((st_transform(s_2900.the_geom, 25833) && st_expand(schw_2900.schw, '300'::double precision)) AND (schw_2900.schw && st_expand(st_transform(s_2900.the_geom, 25833), '300'::double precision)) AND _st_dwithin(st_transform(s_2900.the_geom, 25833), schw_2900.schw, '300'::double precision))
                           ->  Function Scan on schw_2900  (cost=0.00..0.01 rows=1 width=32)
                           ->  Seq Scan on phoml_trajectory_tmp s_2900  (cost=0.00..95.68 rows=17 width=40)
                                 Filter: ((unix_time >= '1685451321.59'::double precision) AND (unix_time <= '1685451381.59'::double precision))
   ->  Subquery Scan on "*SELECT* 2902"  (cost=97.82..97.83 rows=1 width=76)
         ->  Limit  (cost=97.82..97.82 rows=1 width=84)
               ->  Sort  (cost=97.82..97.82 rows=1 width=84)
                     Sort Key: (st_distance(st_transform(s_2901.the_geom, 25833), schw_2901.schw))
                     ->  Nested Loop  (cost=0.00..97.81 rows=1 width=84)
                           Join Filter: ((st_transform(s_2901.the_geom, 25833) && st_expand(schw_2901.schw, '300'::double precision)) AND (schw_2901.schw && st_expand(st_transform(s_2901.the_geom, 25833), '300'::double precision)) AND _st_dwithin(st_transform(s_2901.the_geom, 25833), schw_2901.schw, '300'::double precision))
                           ->  Function Scan on schw_2901  (cost=0.00..0.01 rows=1 width=32)
                           ->  Seq Scan on phoml_trajectory_tmp s_2901  (cost=0.00..95.68 rows=17 width=40)
                                 Filter: ((unix_time >= '1685451322.09'::double precision) AND (unix_time <= '1685451382.09'::double precision))
   ->  Subquery Scan on "*SELECT* 2903"  (cost=97.82..97.83 rows=1 width=76)
         ->  Limit  (cost=97.82..97.82 rows=1 width=84)
               ->  Sort  (cost=97.82..97.82 rows=1 width=84)
                     Sort Key: (st_distance(st_transform(s_2902.the_geom, 25833), schw_2902.schw))
                     ->  Nested Loop  (cost=0.00..97.81 rows=1 width=84)
                           Join Filter: ((st_transform(s_2902.the_geom, 25833) && st_expand(schw_2902.schw, '300'::double precision)) AND (schw_2902.schw && st_expand(st_transform(s_2902.the_geom, 25833), '300'::double precision)) AND _st_dwithin(st_transform(s_2902.the_geom, 25833), schw_2902.schw, '300'::double precision))
                           ->  Function Scan on schw_2902  (cost=0.00..0.01 rows=1 width=32)
                           ->  Seq Scan on phoml_trajectory_tmp s_2902  (cost=0.00..95.68 rows=17 width=40)
                                 Filter: ((unix_time >= '1685451322.574'::double precision) AND (unix_time <= '1685451382.574'::double precision))
   ->  Subquery Scan on "*SELECT* 2904"  (cost=97.82..97.83 rows=1 width=76)
         ->  Limit  (cost=97.82..97.82 rows=1 width=84)
               ->  Sort  (cost=97.82..97.82 rows=1 width=84)
                     Sort Key: (st_distance(st_transform(s_2903.the_geom, 25833), schw_2903.schw))
                     ->  Nested Loop  (cost=0.00..97.81 rows=1 width=84)
                           Join Filter: ((st_transform(s_2903.the_geom, 25833) && st_expand(schw_2903.schw, '300'::double precision)) AND (schw_2903.schw && st_expand(st_transform(s_2903.the_geom, 25833), '300'::double precision)) AND _st_dwithin(st_transform(s_2903.the_geom, 25833), schw_2903.schw, '300'::double precision))
                           ->  Function Scan on schw_2903  (cost=0.00..0.01 rows=1 width=32)
                           ->  Seq Scan on phoml_trajectory_tmp s_2903  (cost=0.00..95.68 rows=17 width=40)
                                 Filter: ((unix_time >= '1685451323.054'::double precision) AND (unix_time <= '1685451383.054'::double precision))
   ->  Subquery Scan on "*SELECT* 2905"  (cost=97.82..97.83 rows=1 width=76)
         ->  Limit  (cost=97.82..97.82 rows=1 width=84)
               ->  Sort  (cost=97.82..97.82 rows=1 width=84)
                     Sort Key: (st_distance(st_transform(s_2904.the_geom, 25833), schw_2904.schw))
                     ->  Nested Loop  (cost=0.00..97.81 rows=1 width=84)
                           Join Filter: ((st_transform(s_2904.the_geom, 25833) && st_expand(schw_2904.schw, '300'::double precision)) AND (schw_2904.schw && st_expand(st_transform(s_2904.the_geom, 25833), '300'::double precision)) AND _st_dwithin(st_transform(s_2904.the_geom, 25833), schw_2904.schw, '300'::double precision))
                           ->  Function Scan on schw_2904  (cost=0.00..0.01 rows=1 width=32)
                           ->  Seq Scan on phoml_trajectory_tmp s_2904  (cost=0.00..95.68 rows=17 width=40)
                                 Filter: ((unix_time >= '1685451323.538'::double precision) AND (unix_time <= '1685451383.538'::double precision))
   ->  Subquery Scan on "*SELECT* 2906"  (cost=97.82..97.83 rows=1 width=76)
         ->  Limit  (cost=97.82..97.82 rows=1 width=84)
               ->  Sort  (cost=97.82..97.82 rows=1 width=84)
                     Sort Key: (st_distance(st_transform(s_2905.the_geom, 25833), schw_2905.schw))
                     ->  Nested Loop  (cost=0.00..97.81 rows=1 width=84)
                           Join Filter: ((st_transform(s_2905.the_geom, 25833) && st_expand(schw_2905.schw, '300'::double precision)) AND (schw_2905.schw && st_expand(st_transform(s_2905.the_geom, 25833), '300'::double precision)) AND _st_dwithin(st_transform(s_2905.the_geom, 25833), schw_2905.schw, '300'::double precision))
                           ->  Function Scan on schw_2905  (cost=0.00..0.01 rows=1 width=32)
                           ->  Seq Scan on phoml_trajectory_tmp s_2905  (cost=0.00..95.68 rows=17 width=40)
                                 Filter: ((unix_time >= '1685451324.018'::double precision) AND (unix_time <= '1685451384.018'::double precision))
   ->  Subquery Scan on "*SELECT* 2907"  (cost=97.82..97.83 rows=1 width=76)
         ->  Limit  (cost=97.82..97.82 rows=1 width=84)
               ->  Sort  (cost=97.82..97.82 rows=1 width=84)
                     Sort Key: (st_distance(st_transform(s_2906.the_geom, 25833), schw_2906.schw))
                     ->  Nested Loop  (cost=0.00..97.81 rows=1 width=84)
                           Join Filter: ((st_transform(s_2906.the_geom, 25833) && st_expand(schw_2906.schw, '300'::double precision)) AND (schw_2906.schw && st_expand(st_transform(s_2906.the_geom, 25833), '300'::double precision)) AND _st_dwithin(st_transform(s_2906.the_geom, 25833), schw_2906.schw, '300'::double precision))
                           ->  Function Scan on schw_2906  (cost=0.00..0.01 rows=1 width=32)
                           ->  Seq Scan on phoml_trajectory_tmp s_2906  (cost=0.00..95.68 rows=17 width=40)
                                 Filter: ((unix_time >= '1685451324.485'::double precision) AND (unix_time <= '1685451384.485'::double precision))
   ->  Subquery Scan on "*SELECT* 2908"  (cost=97.82..97.83 rows=1 width=76)
         ->  Limit  (cost=97.82..97.82 rows=1 width=84)
               ->  Sort  (cost=97.82..97.82 rows=1 width=84)
                     Sort Key: (st_distance(st_transform(s_2907.the_geom, 25833), schw_2907.schw))
                     ->  Nested Loop  (cost=0.00..97.81 rows=1 width=84)
                           Join Filter: ((st_transform(s_2907.the_geom, 25833) && st_expand(schw_2907.schw, '300'::double precision)) AND (schw_2907.schw && st_expand(st_transform(s_2907.the_geom, 25833), '300'::double precision)) AND _st_dwithin(st_transform(s_2907.the_geom, 25833), schw_2907.schw, '300'::double precision))
                           ->  Function Scan on schw_2907  (cost=0.00..0.01 rows=1 width=32)
                           ->  Seq Scan on phoml_trajectory_tmp s_2907  (cost=0.00..95.68 rows=17 width=40)
                                 Filter: ((unix_time >= '1685451324.985'::double precision) AND (unix_time <= '1685451384.985'::double precision))
   ->  Subquery Scan on "*SELECT* 2909"  (cost=97.82..97.83 rows=1 width=76)
         ->  Limit  (cost=97.82..97.82 rows=1 width=84)
               ->  Sort  (cost=97.82..97.82 rows=1 width=84)
                     Sort Key: (st_distance(st_transform(s_2908.the_geom, 25833), schw_2908.schw))
                     ->  Nested Loop  (cost=0.00..97.81 rows=1 width=84)
                           Join Filter: ((st_transform(s_2908.the_geom, 25833) && st_expand(schw_2908.schw, '300'::double precision)) AND (schw_2908.schw && st_expand(st_transform(s_2908.the_geom, 25833), '300'::double precision)) AND _st_dwithin(st_transform(s_2908.the_geom, 25833), schw_2908.schw, '300'::double precision))
                           ->  Function Scan on schw_2908  (cost=0.00..0.01 rows=1 width=32)
                           ->  Seq Scan on phoml_trajectory_tmp s_2908  (cost=0.00..95.68 rows=17 width=40)
                                 Filter: ((unix_time >= '1685451325.46'::double precision) AND (unix_time <= '1685451385.46'::double precision))
   ->  Subquery Scan on "*SELECT* 2910"  (cost=97.82..97.83 rows=1 width=76)
         ->  Limit  (cost=97.82..97.82 rows=1 width=84)
               ->  Sort  (cost=97.82..97.82 rows=1 width=84)
                     Sort Key: (st_distance(st_transform(s_2909.the_geom, 25833), schw_2909.schw))
                     ->  Nested Loop  (cost=0.00..97.81 rows=1 width=84)
                           Join Filter: ((st_transform(s_2909.the_geom, 25833) && st_expand(schw_2909.schw, '300'::double precision)) AND (schw_2909.schw && st_expand(st_transform(s_2909.the_geom, 25833), '300'::double precision)) AND _st_dwithin(st_transform(s_2909.the_geom, 25833), schw_2909.schw, '300'::double precision))
                           ->  Function Scan on schw_2909  (cost=0.00..0.01 rows=1 width=32)
                           ->  Seq Scan on phoml_trajectory_tmp s_2909  (cost=0.00..95.68 rows=17 width=40)
                                 Filter: ((unix_time >= '1685451325.94'::double precision) AND (unix_time <= '1685451385.94'::double precision))
   ->  Subquery Scan on "*SELECT* 2911"  (cost=97.82..97.83 rows=1 width=76)
         ->  Limit  (cost=97.82..97.82 rows=1 width=84)
               ->  Sort  (cost=97.82..97.82 rows=1 width=84)
                     Sort Key: (st_distance(st_transform(s_2910.the_geom, 25833), schw_2910.schw))
                     ->  Nested Loop  (cost=0.00..97.81 rows=1 width=84)
                           Join Filter: ((st_transform(s_2910.the_geom, 25833) && st_expand(schw_2910.schw, '300'::double precision)) AND (schw_2910.schw && st_expand(st_transform(s_2910.the_geom, 25833), '300'::double precision)) AND _st_dwithin(st_transform(s_2910.the_geom, 25833), schw_2910.schw, '300'::double precision))
                           ->  Function Scan on schw_2910  (cost=0.00..0.01 rows=1 width=32)
                           ->  Seq Scan on phoml_trajectory_tmp s_2910  (cost=0.00..95.68 rows=17 width=40)
                                 Filter: ((unix_time >= '1685451326.412'::double precision) AND (unix_time <= '1685451386.412'::double precision))
   ->  Subquery Scan on "*SELECT* 2912"  (cost=97.82..97.83 rows=1 width=76)
         ->  Limit  (cost=97.82..97.82 rows=1 width=84)
               ->  Sort  (cost=97.82..97.82 rows=1 width=84)
                     Sort Key: (st_distance(st_transform(s_2911.the_geom, 25833), schw_2911.schw))
                     ->  Nested Loop  (cost=0.00..97.81 rows=1 width=84)
                           Join Filter: ((st_transform(s_2911.the_geom, 25833) && st_expand(schw_2911.schw, '300'::double precision)) AND (schw_2911.schw && st_expand(st_transform(s_2911.the_geom, 25833), '300'::double precision)) AND _st_dwithin(st_transform(s_2911.the_geom, 25833), schw_2911.schw, '300'::double precision))
                           ->  Function Scan on schw_2911  (cost=0.00..0.01 rows=1 width=32)
                           ->  Seq Scan on phoml_trajectory_tmp s_2911  (cost=0.00..95.68 rows=17 width=40)
                                 Filter: ((unix_time >= '1685451326.882'::double precision) AND (unix_time <= '1685451386.882'::double precision))
   ->  Subquery Scan on "*SELECT* 2913"  (cost=97.82..97.83 rows=1 width=76)
         ->  Limit  (cost=97.82..97.82 rows=1 width=84)
               ->  Sort  (cost=97.82..97.82 rows=1 width=84)
                     Sort Key: (st_distance(st_transform(s_2912.the_geom, 25833), schw_2912.schw))
                     ->  Nested Loop  (cost=0.00..97.81 rows=1 width=84)
                           Join Filter: ((st_transform(s_2912.the_geom, 25833) && st_expand(schw_2912.schw, '300'::double precision)) AND (schw_2912.schw && st_expand(st_transform(s_2912.the_geom, 25833), '300'::double precision)) AND _st_dwithin(st_transform(s_2912.the_geom, 25833), schw_2912.schw, '300'::double precision))
                           ->  Function Scan on schw_2912  (cost=0.00..0.01 rows=1 width=32)
                           ->  Seq Scan on phoml_trajectory_tmp s_2912  (cost=0.00..95.68 rows=17 width=40)
                                 Filter: ((unix_time >= '1685451327.359'::double precision) AND (unix_time <= '1685451387.359'::double precision))
   ->  Subquery Scan on "*SELECT* 2914"  (cost=97.82..97.83 rows=1 width=76)
         ->  Limit  (cost=97.82..97.82 rows=1 width=84)
               ->  Sort  (cost=97.82..97.82 rows=1 width=84)
                     Sort Key: (st_distance(st_transform(s_2913.the_geom, 25833), schw_2913.schw))
                     ->  Nested Loop  (cost=0.00..97.81 rows=1 width=84)
                           Join Filter: ((st_transform(s_2913.the_geom, 25833) && st_expand(schw_2913.schw, '300'::double precision)) AND (schw_2913.schw && st_expand(st_transform(s_2913.the_geom, 25833), '300'::double precision)) AND _st_dwithin(st_transform(s_2913.the_geom, 25833), schw_2913.schw, '300'::double precision))
                           ->  Function Scan on schw_2913  (cost=0.00..0.01 rows=1 width=32)
                           ->  Seq Scan on phoml_trajectory_tmp s_2913  (cost=0.00..95.68 rows=17 width=40)
                                 Filter: ((unix_time >= '1685451327.819'::double precision) AND (unix_time <= '1685451387.819'::double precision))
   ->  Subquery Scan on "*SELECT* 2915"  (cost=97.82..97.83 rows=1 width=76)
         ->  Limit  (cost=97.82..97.82 rows=1 width=84)
               ->  Sort  (cost=97.82..97.82 rows=1 width=84)
                     Sort Key: (st_distance(st_transform(s_2914.the_geom, 25833), schw_2914.schw))
                     ->  Nested Loop  (cost=0.00..97.81 rows=1 width=84)
                           Join Filter: ((st_transform(s_2914.the_geom, 25833) && st_expand(schw_2914.schw, '300'::double precision)) AND (schw_2914.schw && st_expand(st_transform(s_2914.the_geom, 25833), '300'::double precision)) AND _st_dwithin(st_transform(s_2914.the_geom, 25833), schw_2914.schw, '300'::double precision))
                           ->  Function Scan on schw_2914  (cost=0.00..0.01 rows=1 width=32)
                           ->  Seq Scan on phoml_trajectory_tmp s_2914  (cost=0.00..95.68 rows=17 width=40)
                                 Filter: ((unix_time >= '1685451328.275'::double precision) AND (unix_time <= '1685451388.275'::double precision))
   ->  Subquery Scan on "*SELECT* 2916"  (cost=97.82..97.83 rows=1 width=76)
         ->  Limit  (cost=97.82..97.82 rows=1 width=84)
               ->  Sort  (cost=97.82..97.82 rows=1 width=84)
                     Sort Key: (st_distance(st_transform(s_2915.the_geom, 25833), schw_2915.schw))
                     ->  Nested Loop  (cost=0.00..97.81 rows=1 width=84)
                           Join Filter: ((st_transform(s_2915.the_geom, 25833) && st_expand(schw_2915.schw, '300'::double precision)) AND (schw_2915.schw && st_expand(st_transform(s_2915.the_geom, 25833), '300'::double precision)) AND _st_dwithin(st_transform(s_2915.the_geom, 25833), schw_2915.schw, '300'::double precision))
                           ->  Function Scan on schw_2915  (cost=0.00..0.01 rows=1 width=32)
                           ->  Seq Scan on phoml_trajectory_tmp s_2915  (cost=0.00..95.68 rows=17 width=40)
                                 Filter: ((unix_time >= '1685451328.735'::double precision) AND (unix_time <= '1685451388.735'::double precision))
   ->  Subquery Scan on "*SELECT* 2917"  (cost=97.82..97.83 rows=1 width=76)
         ->  Limit  (cost=97.82..97.82 rows=1 width=84)
               ->  Sort  (cost=97.82..97.82 rows=1 width=84)
                     Sort Key: (st_distance(st_transform(s_2916.the_geom, 25833), schw_2916.schw))
                     ->  Nested Loop  (cost=0.00..97.81 rows=1 width=84)
                           Join Filter: ((st_transform(s_2916.the_geom, 25833) && st_expand(schw_2916.schw, '300'::double precision)) AND (schw_2916.schw && st_expand(st_transform(s_2916.the_geom, 25833), '300'::double precision)) AND _st_dwithin(st_transform(s_2916.the_geom, 25833), schw_2916.schw, '300'::double precision))
                           ->  Function Scan on schw_2916  (cost=0.00..0.01 rows=1 width=32)
                           ->  Seq Scan on phoml_trajectory_tmp s_2916  (cost=0.00..95.68 rows=17 width=40)
                                 Filter: ((unix_time >= '1685451329.171'::double precision) AND (unix_time <= '1685451389.171'::double precision))
   ->  Subquery Scan on "*SELECT* 2918"  (cost=97.82..97.83 rows=1 width=76)
         ->  Limit  (cost=97.82..97.82 rows=1 width=84)
               ->  Sort  (cost=97.82..97.82 rows=1 width=84)
                     Sort Key: (st_distance(st_transform(s_2917.the_geom, 25833), schw_2917.schw))
                     ->  Nested Loop  (cost=0.00..97.81 rows=1 width=84)
                           Join Filter: ((st_transform(s_2917.the_geom, 25833) && st_expand(schw_2917.schw, '300'::double precision)) AND (schw_2917.schw && st_expand(st_transform(s_2917.the_geom, 25833), '300'::double precision)) AND _st_dwithin(st_transform(s_2917.the_geom, 25833), schw_2917.schw, '300'::double precision))
                           ->  Function Scan on schw_2917  (cost=0.00..0.01 rows=1 width=32)
                           ->  Seq Scan on phoml_trajectory_tmp s_2917  (cost=0.00..95.68 rows=17 width=40)
                                 Filter: ((unix_time >= '1685451329.621'::double precision) AND (unix_time <= '1685451389.621'::double precision))
   ->  Subquery Scan on "*SELECT* 2919"  (cost=97.82..97.83 rows=1 width=76)
         ->  Limit  (cost=97.82..97.82 rows=1 width=84)
               ->  Sort  (cost=97.82..97.82 rows=1 width=84)
                     Sort Key: (st_distance(st_transform(s_2918.the_geom, 25833), schw_2918.schw))
                     ->  Nested Loop  (cost=0.00..97.81 rows=1 width=84)
                           Join Filter: ((st_transform(s_2918.the_geom, 25833) && st_expand(schw_2918.schw, '300'::double precision)) AND (schw_2918.schw && st_expand(st_transform(s_2918.the_geom, 25833), '300'::double precision)) AND _st_dwithin(st_transform(s_2918.the_geom, 25833), schw_2918.schw, '300'::double precision))
                           ->  Function Scan on schw_2918  (cost=0.00..0.01 rows=1 width=32)
                           ->  Seq Scan on phoml_trajectory_tmp s_2918  (cost=0.00..95.68 rows=17 width=40)
                                 Filter: ((unix_time >= '1685451330.061'::double precision) AND (unix_time <= '1685451390.061'::double precision))
   ->  Subquery Scan on "*SELECT* 2920"  (cost=97.82..97.83 rows=1 width=76)
         ->  Limit  (cost=97.82..97.82 rows=1 width=84)
               ->  Sort  (cost=97.82..97.82 rows=1 width=84)
                     Sort Key: (st_distance(st_transform(s_2919.the_geom, 25833), schw_2919.schw))
                     ->  Nested Loop  (cost=0.00..97.81 rows=1 width=84)
                           Join Filter: ((st_transform(s_2919.the_geom, 25833) && st_expand(schw_2919.schw, '300'::double precision)) AND (schw_2919.schw && st_expand(st_transform(s_2919.the_geom, 25833), '300'::double precision)) AND _st_dwithin(st_transform(s_2919.the_geom, 25833), schw_2919.schw, '300'::double precision))
                           ->  Function Scan on schw_2919  (cost=0.00..0.01 rows=1 width=32)
                           ->  Seq Scan on phoml_trajectory_tmp s_2919  (cost=0.00..95.68 rows=17 width=40)
                                 Filter: ((unix_time >= '1685451330.495'::double precision) AND (unix_time <= '1685451390.495'::double precision))
   ->  Subquery Scan on "*SELECT* 2921"  (cost=97.82..97.83 rows=1 width=76)
         ->  Limit  (cost=97.82..97.82 rows=1 width=84)
               ->  Sort  (cost=97.82..97.82 rows=1 width=84)
                     Sort Key: (st_distance(st_transform(s_2920.the_geom, 25833), schw_2920.schw))
                     ->  Nested Loop  (cost=0.00..97.81 rows=1 width=84)
                           Join Filter: ((st_transform(s_2920.the_geom, 25833) && st_expand(schw_2920.schw, '300'::double precision)) AND (schw_2920.schw && st_expand(st_transform(s_2920.the_geom, 25833), '300'::double precision)) AND _st_dwithin(st_transform(s_2920.the_geom, 25833), schw_2920.schw, '300'::double precision))
                           ->  Function Scan on schw_2920  (cost=0.00..0.01 rows=1 width=32)
                           ->  Seq Scan on phoml_trajectory_tmp s_2920  (cost=0.00..95.68 rows=17 width=40)
                                 Filter: ((unix_time >= '1685451330.905'::double precision) AND (unix_time <= '1685451390.905'::double precision))
   ->  Subquery Scan on "*SELECT* 2922"  (cost=97.82..97.83 rows=1 width=76)
         ->  Limit  (cost=97.82..97.82 rows=1 width=84)
               ->  Sort  (cost=97.82..97.82 rows=1 width=84)
                     Sort Key: (st_distance(st_transform(s_2921.the_geom, 25833), schw_2921.schw))
                     ->  Nested Loop  (cost=0.00..97.81 rows=1 width=84)
                           Join Filter: ((st_transform(s_2921.the_geom, 25833) && st_expand(schw_2921.schw, '300'::double precision)) AND (schw_2921.schw && st_expand(st_transform(s_2921.the_geom, 25833), '300'::double precision)) AND _st_dwithin(st_transform(s_2921.the_geom, 25833), schw_2921.schw, '300'::double precision))
                           ->  Function Scan on schw_2921  (cost=0.00..0.01 rows=1 width=32)
                           ->  Seq Scan on phoml_trajectory_tmp s_2921  (cost=0.00..95.68 rows=17 width=40)
                                 Filter: ((unix_time >= '1685451331.333'::double precision) AND (unix_time <= '1685451391.333'::double precision))
   ->  Subquery Scan on "*SELECT* 2923"  (cost=97.82..97.83 rows=1 width=76)
         ->  Limit  (cost=97.82..97.82 rows=1 width=84)
               ->  Sort  (cost=97.82..97.82 rows=1 width=84)
                     Sort Key: (st_distance(st_transform(s_2922.the_geom, 25833), schw_2922.schw))
                     ->  Nested Loop  (cost=0.00..97.81 rows=1 width=84)
                           Join Filter: ((st_transform(s_2922.the_geom, 25833) && st_expand(schw_2922.schw, '300'::double precision)) AND (schw_2922.schw && st_expand(st_transform(s_2922.the_geom, 25833), '300'::double precision)) AND _st_dwithin(st_transform(s_2922.the_geom, 25833), schw_2922.schw, '300'::double precision))
                           ->  Function Scan on schw_2922  (cost=0.00..0.01 rows=1 width=32)
                           ->  Seq Scan on phoml_trajectory_tmp s_2922  (cost=0.00..95.68 rows=17 width=40)
                                 Filter: ((unix_time >= '1685451331.753'::double precision) AND (unix_time <= '1685451391.753'::double precision))
   ->  Subquery Scan on "*SELECT* 2924"  (cost=97.82..97.83 rows=1 width=76)
         ->  Limit  (cost=97.82..97.82 rows=1 width=84)
               ->  Sort  (cost=97.82..97.82 rows=1 width=84)
                     Sort Key: (st_distance(st_transform(s_2923.the_geom, 25833), schw_2923.schw))
                     ->  Nested Loop  (cost=0.00..97.81 rows=1 width=84)
                           Join Filter: ((st_transform(s_2923.the_geom, 25833) && st_expand(schw_2923.schw, '300'::double precision)) AND (schw_2923.schw && st_expand(st_transform(s_2923.the_geom, 25833), '300'::double precision)) AND _st_dwithin(st_transform(s_2923.the_geom, 25833), schw_2923.schw, '300'::double precision))
                           ->  Function Scan on schw_2923  (cost=0.00..0.01 rows=1 width=32)
                           ->  Seq Scan on phoml_trajectory_tmp s_2923  (cost=0.00..95.68 rows=17 width=40)
                                 Filter: ((unix_time >= '1685451332.167'::double precision) AND (unix_time <= '1685451392.167'::double precision))
   ->  Subquery Scan on "*SELECT* 2925"  (cost=97.82..97.83 rows=1 width=76)
         ->  Limit  (cost=97.82..97.82 rows=1 width=84)
               ->  Sort  (cost=97.82..97.82 rows=1 width=84)
                     Sort Key: (st_distance(st_transform(s_2924.the_geom, 25833), schw_2924.schw))
                     ->  Nested Loop  (cost=0.00..97.81 rows=1 width=84)
                           Join Filter: ((st_transform(s_2924.the_geom, 25833) && st_expand(schw_2924.schw, '300'::double precision)) AND (schw_2924.schw && st_expand(st_transform(s_2924.the_geom, 25833), '300'::double precision)) AND _st_dwithin(st_transform(s_2924.the_geom, 25833), schw_2924.schw, '300'::double precision))
                           ->  Function Scan on schw_2924  (cost=0.00..0.01 rows=1 width=32)
                           ->  Seq Scan on phoml_trajectory_tmp s_2924  (cost=0.00..95.68 rows=17 width=40)
                                 Filter: ((unix_time >= '1685451332.597'::double precision) AND (unix_time <= '1685451392.597'::double precision))
   ->  Subquery Scan on "*SELECT* 2926"  (cost=97.82..97.83 rows=1 width=76)
         ->  Limit  (cost=97.82..97.82 rows=1 width=84)
               ->  Sort  (cost=97.82..97.82 rows=1 width=84)
                     Sort Key: (st_distance(st_transform(s_2925.the_geom, 25833), schw_2925.schw))
                     ->  Nested Loop  (cost=0.00..97.81 rows=1 width=84)
                           Join Filter: ((st_transform(s_2925.the_geom, 25833) && st_expand(schw_2925.schw, '300'::double precision)) AND (schw_2925.schw && st_expand(st_transform(s_2925.the_geom, 25833), '300'::double precision)) AND _st_dwithin(st_transform(s_2925.the_geom, 25833), schw_2925.schw, '300'::double precision))
                           ->  Function Scan on schw_2925  (cost=0.00..0.01 rows=1 width=32)
                           ->  Seq Scan on phoml_trajectory_tmp s_2925  (cost=0.00..95.68 rows=17 width=40)
                                 Filter: ((unix_time >= '1685451332.997'::double precision) AND (unix_time <= '1685451392.997'::double precision))
   ->  Subquery Scan on "*SELECT* 2927"  (cost=97.82..97.83 rows=1 width=76)
         ->  Limit  (cost=97.82..97.82 rows=1 width=84)
               ->  Sort  (cost=97.82..97.82 rows=1 width=84)
                     Sort Key: (st_distance(st_transform(s_2926.the_geom, 25833), schw_2926.schw))
                     ->  Nested Loop  (cost=0.00..97.81 rows=1 width=84)
                           Join Filter: ((st_transform(s_2926.the_geom, 25833) && st_expand(schw_2926.schw, '300'::double precision)) AND (schw_2926.schw && st_expand(st_transform(s_2926.the_geom, 25833), '300'::double precision)) AND _st_dwithin(st_transform(s_2926.the_geom, 25833), schw_2926.schw, '300'::double precision))
                           ->  Function Scan on schw_2926  (cost=0.00..0.01 rows=1 width=32)
                           ->  Seq Scan on phoml_trajectory_tmp s_2926  (cost=0.00..95.68 rows=17 width=40)
                                 Filter: ((unix_time >= '1685451333.404'::double precision) AND (unix_time <= '1685451393.404'::double precision))
   ->  Subquery Scan on "*SELECT* 2928"  (cost=97.82..97.83 rows=1 width=76)
         ->  Limit  (cost=97.82..97.82 rows=1 width=84)
               ->  Sort  (cost=97.82..97.82 rows=1 width=84)
                     Sort Key: (st_distance(st_transform(s_2927.the_geom, 25833), schw_2927.schw))
                     ->  Nested Loop  (cost=0.00..97.81 rows=1 width=84)
                           Join Filter: ((st_transform(s_2927.the_geom, 25833) && st_expand(schw_2927.schw, '300'::double precision)) AND (schw_2927.schw && st_expand(st_transform(s_2927.the_geom, 25833), '300'::double precision)) AND _st_dwithin(st_transform(s_2927.the_geom, 25833), schw_2927.schw, '300'::double precision))
                           ->  Function Scan on schw_2927  (cost=0.00..0.01 rows=1 width=32)
                           ->  Seq Scan on phoml_trajectory_tmp s_2927  (cost=0.00..95.68 rows=17 width=40)
                                 Filter: ((unix_time >= '1685451333.794'::double precision) AND (unix_time <= '1685451393.794'::double precision))
   ->  Subquery Scan on "*SELECT* 2929"  (cost=97.82..97.83 rows=1 width=76)
         ->  Limit  (cost=97.82..97.82 rows=1 width=84)
               ->  Sort  (cost=97.82..97.82 rows=1 width=84)
                     Sort Key: (st_distance(st_transform(s_2928.the_geom, 25833), schw_2928.schw))
                     ->  Nested Loop  (cost=0.00..97.81 rows=1 width=84)
                           Join Filter: ((st_transform(s_2928.the_geom, 25833) && st_expand(schw_2928.schw, '300'::double precision)) AND (schw_2928.schw && st_expand(st_transform(s_2928.the_geom, 25833), '300'::double precision)) AND _st_dwithin(st_transform(s_2928.the_geom, 25833), schw_2928.schw, '300'::double precision))
                           ->  Function Scan on schw_2928  (cost=0.00..0.01 rows=1 width=32)
                           ->  Seq Scan on phoml_trajectory_tmp s_2928  (cost=0.00..95.68 rows=17 width=40)
                                 Filter: ((unix_time >= '1685451334.199'::double precision) AND (unix_time <= '1685451394.199'::double precision))
   ->  Subquery Scan on "*SELECT* 2930"  (cost=97.82..97.83 rows=1 width=76)
         ->  Limit  (cost=97.82..97.82 rows=1 width=84)
               ->  Sort  (cost=97.82..97.82 rows=1 width=84)
                     Sort Key: (st_distance(st_transform(s_2929.the_geom, 25833), schw_2929.schw))
                     ->  Nested Loop  (cost=0.00..97.81 rows=1 width=84)
                           Join Filter: ((st_transform(s_2929.the_geom, 25833) && st_expand(schw_2929.schw, '300'::double precision)) AND (schw_2929.schw && st_expand(st_transform(s_2929.the_geom, 25833), '300'::double precision)) AND _st_dwithin(st_transform(s_2929.the_geom, 25833), schw_2929.schw, '300'::double precision))
                           ->  Function Scan on schw_2929  (cost=0.00..0.01 rows=1 width=32)
                           ->  Seq Scan on phoml_trajectory_tmp s_2929  (cost=0.00..95.68 rows=17 width=40)
                                 Filter: ((unix_time >= '1685451334.579'::double precision) AND (unix_time <= '1685451394.579'::double precision))
   ->  Subquery Scan on "*SELECT* 2931"  (cost=97.82..97.83 rows=1 width=76)
         ->  Limit  (cost=97.82..97.82 rows=1 width=84)
               ->  Sort  (cost=97.82..97.82 rows=1 width=84)
                     Sort Key: (st_distance(st_transform(s_2930.the_geom, 25833), schw_2930.schw))
                     ->  Nested Loop  (cost=0.00..97.81 rows=1 width=84)
                           Join Filter: ((st_transform(s_2930.the_geom, 25833) && st_expand(schw_2930.schw, '300'::double precision)) AND (schw_2930.schw && st_expand(st_transform(s_2930.the_geom, 25833), '300'::double precision)) AND _st_dwithin(st_transform(s_2930.the_geom, 25833), schw_2930.schw, '300'::double precision))
                           ->  Function Scan on schw_2930  (cost=0.00..0.01 rows=1 width=32)
                           ->  Seq Scan on phoml_trajectory_tmp s_2930  (cost=0.00..95.68 rows=17 width=40)
                                 Filter: ((unix_time >= '1685451334.959'::double precision) AND (unix_time <= '1685451394.959'::double precision))
   ->  Subquery Scan on "*SELECT* 2932"  (cost=97.82..97.83 rows=1 width=76)
         ->  Limit  (cost=97.82..97.82 rows=1 width=84)
               ->  Sort  (cost=97.82..97.82 rows=1 width=84)
                     Sort Key: (st_distance(st_transform(s_2931.the_geom, 25833), schw_2931.schw))
                     ->  Nested Loop  (cost=0.00..97.81 rows=1 width=84)
                           Join Filter: ((st_transform(s_2931.the_geom, 25833) && st_expand(schw_2931.schw, '300'::double precision)) AND (schw_2931.schw && st_expand(st_transform(s_2931.the_geom, 25833), '300'::double precision)) AND _st_dwithin(st_transform(s_2931.the_geom, 25833), schw_2931.schw, '300'::double precision))
                           ->  Function Scan on schw_2931  (cost=0.00..0.01 rows=1 width=32)
                           ->  Seq Scan on phoml_trajectory_tmp s_2931  (cost=0.00..95.68 rows=17 width=40)
                                 Filter: ((unix_time >= '1685451335.347'::double precision) AND (unix_time <= '1685451395.347'::double precision))
   ->  Subquery Scan on "*SELECT* 2933"  (cost=97.82..97.83 rows=1 width=76)
         ->  Limit  (cost=97.82..97.82 rows=1 width=84)
               ->  Sort  (cost=97.82..97.82 rows=1 width=84)
                     Sort Key: (st_distance(st_transform(s_2932.the_geom, 25833), schw_2932.schw))
                     ->  Nested Loop  (cost=0.00..97.81 rows=1 width=84)
                           Join Filter: ((st_transform(s_2932.the_geom, 25833) && st_expand(schw_2932.schw, '300'::double precision)) AND (schw_2932.schw && st_expand(st_transform(s_2932.the_geom, 25833), '300'::double precision)) AND _st_dwithin(st_transform(s_2932.the_geom, 25833), schw_2932.schw, '300'::double precision))
                           ->  Function Scan on schw_2932  (cost=0.00..0.01 rows=1 width=32)
                           ->  Seq Scan on phoml_trajectory_tmp s_2932  (cost=0.00..95.68 rows=17 width=40)
                                 Filter: ((unix_time >= '1685451335.737'::double precision) AND (unix_time <= '1685451395.737'::double precision))
   ->  Subquery Scan on "*SELECT* 2934"  (cost=97.82..97.83 rows=1 width=76)
         ->  Limit  (cost=97.82..97.82 rows=1 width=84)
               ->  Sort  (cost=97.82..97.82 rows=1 width=84)
                     Sort Key: (st_distance(st_transform(s_2933.the_geom, 25833), schw_2933.schw))
                     ->  Nested Loop  (cost=0.00..97.81 rows=1 width=84)
                           Join Filter: ((st_transform(s_2933.the_geom, 25833) && st_expand(schw_2933.schw, '300'::double precision)) AND (schw_2933.schw && st_expand(st_transform(s_2933.the_geom, 25833), '300'::double precision)) AND _st_dwithin(st_transform(s_2933.the_geom, 25833), schw_2933.schw, '300'::double precision))
                           ->  Function Scan on schw_2933  (cost=0.00..0.01 rows=1 width=32)
                           ->  Seq Scan on phoml_trajectory_tmp s_2933  (cost=0.00..95.68 rows=17 width=40)
                                 Filter: ((unix_time >= '1685451336.117'::double precision) AND (unix_time <= '1685451396.117'::double precision))
   ->  Subquery Scan on "*SELECT* 2935"  (cost=97.82..97.83 rows=1 width=76)
         ->  Limit  (cost=97.82..97.82 rows=1 width=84)
               ->  Sort  (cost=97.82..97.82 rows=1 width=84)
                     Sort Key: (st_distance(st_transform(s_2934.the_geom, 25833), schw_2934.schw))
                     ->  Nested Loop  (cost=0.00..97.81 rows=1 width=84)
                           Join Filter: ((st_transform(s_2934.the_geom, 25833) && st_expand(schw_2934.schw, '300'::double precision)) AND (schw_2934.schw && st_expand(st_transform(s_2934.the_geom, 25833), '300'::double precision)) AND _st_dwithin(st_transform(s_2934.the_geom, 25833), schw_2934.schw, '300'::double precision))
                           ->  Function Scan on schw_2934  (cost=0.00..0.01 rows=1 width=32)
                           ->  Seq Scan on phoml_trajectory_tmp s_2934  (cost=0.00..95.68 rows=17 width=40)
                                 Filter: ((unix_time >= '1685451336.503'::double precision) AND (unix_time <= '1685451396.503'::double precision))
   ->  Subquery Scan on "*SELECT* 2936"  (cost=97.82..97.83 rows=1 width=76)
         ->  Limit  (cost=97.82..97.82 rows=1 width=84)
               ->  Sort  (cost=97.82..97.82 rows=1 width=84)
                     Sort Key: (st_distance(st_transform(s_2935.the_geom, 25833), schw_2935.schw))
                     ->  Nested Loop  (cost=0.00..97.81 rows=1 width=84)
                           Join Filter: ((st_transform(s_2935.the_geom, 25833) && st_expand(schw_2935.schw, '300'::double precision)) AND (schw_2935.schw && st_expand(st_transform(s_2935.the_geom, 25833), '300'::double precision)) AND _st_dwithin(st_transform(s_2935.the_geom, 25833), schw_2935.schw, '300'::double precision))
                           ->  Function Scan on schw_2935  (cost=0.00..0.01 rows=1 width=32)
                           ->  Seq Scan on phoml_trajectory_tmp s_2935  (cost=0.00..95.68 rows=17 width=40)
                                 Filter: ((unix_time >= '1685451336.873'::double precision) AND (unix_time <= '1685451396.873'::double precision))
   ->  Subquery Scan on "*SELECT* 2937"  (cost=97.82..97.83 rows=1 width=76)
         ->  Limit  (cost=97.82..97.82 rows=1 width=84)
               ->  Sort  (cost=97.82..97.82 rows=1 width=84)
                     Sort Key: (st_distance(st_transform(s_2936.the_geom, 25833), schw_2936.schw))
                     ->  Nested Loop  (cost=0.00..97.81 rows=1 width=84)
                           Join Filter: ((st_transform(s_2936.the_geom, 25833) && st_expand(schw_2936.schw, '300'::double precision)) AND (schw_2936.schw && st_expand(st_transform(s_2936.the_geom, 25833), '300'::double precision)) AND _st_dwithin(st_transform(s_2936.the_geom, 25833), schw_2936.schw, '300'::double precision))
                           ->  Function Scan on schw_2936  (cost=0.00..0.01 rows=1 width=32)
                           ->  Seq Scan on phoml_trajectory_tmp s_2936  (cost=0.00..95.68 rows=17 width=40)
                                 Filter: ((unix_time >= '1685451337.253'::double precision) AND (unix_time <= '1685451397.253'::double precision))
   ->  Subquery Scan on "*SELECT* 2938"  (cost=97.82..97.83 rows=1 width=76)
         ->  Limit  (cost=97.82..97.82 rows=1 width=84)
               ->  Sort  (cost=97.82..97.82 rows=1 width=84)
                     Sort Key: (st_distance(st_transform(s_2937.the_geom, 25833), schw_2937.schw))
                     ->  Nested Loop  (cost=0.00..97.81 rows=1 width=84)
                           Join Filter: ((st_transform(s_2937.the_geom, 25833) && st_expand(schw_2937.schw, '300'::double precision)) AND (schw_2937.schw && st_expand(st_transform(s_2937.the_geom, 25833), '300'::double precision)) AND _st_dwithin(st_transform(s_2937.the_geom, 25833), schw_2937.schw, '300'::double precision))
                           ->  Function Scan on schw_2937  (cost=0.00..0.01 rows=1 width=32)
                           ->  Seq Scan on phoml_trajectory_tmp s_2937  (cost=0.00..95.68 rows=17 width=40)
                                 Filter: ((unix_time >= '1685451337.623'::double precision) AND (unix_time <= '1685451397.623'::double precision))
   ->  Subquery Scan on "*SELECT* 2939"  (cost=97.82..97.83 rows=1 width=76)
         ->  Limit  (cost=97.82..97.82 rows=1 width=84)
               ->  Sort  (cost=97.82..97.82 rows=1 width=84)
                     Sort Key: (st_distance(st_transform(s_2938.the_geom, 25833), schw_2938.schw))
                     ->  Nested Loop  (cost=0.00..97.81 rows=1 width=84)
                           Join Filter: ((st_transform(s_2938.the_geom, 25833) && st_expand(schw_2938.schw, '300'::double precision)) AND (schw_2938.schw && st_expand(st_transform(s_2938.the_geom, 25833), '300'::double precision)) AND _st_dwithin(st_transform(s_2938.the_geom, 25833), schw_2938.schw, '300'::double precision))
                           ->  Function Scan on schw_2938  (cost=0.00..0.01 rows=1 width=32)
                           ->  Seq Scan on phoml_trajectory_tmp s_2938  (cost=0.00..95.68 rows=17 width=40)
                                 Filter: ((unix_time >= '1685451338.003'::double precision) AND (unix_time <= '1685451398.003'::double precision))
   ->  Subquery Scan on "*SELECT* 2940"  (cost=97.82..97.83 rows=1 width=76)
         ->  Limit  (cost=97.82..97.82 rows=1 width=84)
               ->  Sort  (cost=97.82..97.82 rows=1 width=84)
                     Sort Key: (st_distance(st_transform(s_2939.the_geom, 25833), schw_2939.schw))
                     ->  Nested Loop  (cost=0.00..97.81 rows=1 width=84)
                           Join Filter: ((st_transform(s_2939.the_geom, 25833) && st_expand(schw_2939.schw, '300'::double precision)) AND (schw_2939.schw && st_expand(st_transform(s_2939.the_geom, 25833), '300'::double precision)) AND _st_dwithin(st_transform(s_2939.the_geom, 25833), schw_2939.schw, '300'::double precision))
                           ->  Function Scan on schw_2939  (cost=0.00..0.01 rows=1 width=32)
                           ->  Seq Scan on phoml_trajectory_tmp s_2939  (cost=0.00..95.68 rows=17 width=40)
                                 Filter: ((unix_time >= '1685451338.37'::double precision) AND (unix_time <= '1685451398.37'::double precision))
   ->  Subquery Scan on "*SELECT* 2941"  (cost=97.82..97.83 rows=1 width=76)
         ->  Limit  (cost=97.82..97.82 rows=1 width=84)
               ->  Sort  (cost=97.82..97.82 rows=1 width=84)
                     Sort Key: (st_distance(st_transform(s_2940.the_geom, 25833), schw_2940.schw))
                     ->  Nested Loop  (cost=0.00..97.81 rows=1 width=84)
                           Join Filter: ((st_transform(s_2940.the_geom, 25833) && st_expand(schw_2940.schw, '300'::double precision)) AND (schw_2940.schw && st_expand(st_transform(s_2940.the_geom, 25833), '300'::double precision)) AND _st_dwithin(st_transform(s_2940.the_geom, 25833), schw_2940.schw, '300'::double precision))
                           ->  Function Scan on schw_2940  (cost=0.00..0.01 rows=1 width=32)
                           ->  Seq Scan on phoml_trajectory_tmp s_2940  (cost=0.00..95.68 rows=17 width=40)
                                 Filter: ((unix_time >= '1685451338.74'::double precision) AND (unix_time <= '1685451398.74'::double precision))
   ->  Subquery Scan on "*SELECT* 2942"  (cost=97.82..97.83 rows=1 width=76)
         ->  Limit  (cost=97.82..97.82 rows=1 width=84)
               ->  Sort  (cost=97.82..97.82 rows=1 width=84)
                     Sort Key: (st_distance(st_transform(s_2941.the_geom, 25833), schw_2941.schw))
                     ->  Nested Loop  (cost=0.00..97.81 rows=1 width=84)
                           Join Filter: ((st_transform(s_2941.the_geom, 25833) && st_expand(schw_2941.schw, '300'::double precision)) AND (schw_2941.schw && st_expand(st_transform(s_2941.the_geom, 25833), '300'::double precision)) AND _st_dwithin(st_transform(s_2941.the_geom, 25833), schw_2941.schw, '300'::double precision))
                           ->  Function Scan on schw_2941  (cost=0.00..0.01 rows=1 width=32)
                           ->  Seq Scan on phoml_trajectory_tmp s_2941  (cost=0.00..95.68 rows=17 width=40)
                                 Filter: ((unix_time >= '1685451339.12'::double precision) AND (unix_time <= '1685451399.12'::double precision))
   ->  Subquery Scan on "*SELECT* 2943"  (cost=97.82..97.83 rows=1 width=76)
         ->  Limit  (cost=97.82..97.82 rows=1 width=84)
               ->  Sort  (cost=97.82..97.82 rows=1 width=84)
                     Sort Key: (st_distance(st_transform(s_2942.the_geom, 25833), schw_2942.schw))
                     ->  Nested Loop  (cost=0.00..97.81 rows=1 width=84)
                           Join Filter: ((st_transform(s_2942.the_geom, 25833) && st_expand(schw_2942.schw, '300'::double precision)) AND (schw_2942.schw && st_expand(st_transform(s_2942.the_geom, 25833), '300'::double precision)) AND _st_dwithin(st_transform(s_2942.the_geom, 25833), schw_2942.schw, '300'::double precision))
                           ->  Function Scan on schw_2942  (cost=0.00..0.01 rows=1 width=32)
                           ->  Seq Scan on phoml_trajectory_tmp s_2942  (cost=0.00..95.68 rows=17 width=40)
                                 Filter: ((unix_time >= '1685451339.493'::double precision) AND (unix_time <= '1685451399.493'::double precision))
   ->  Subquery Scan on "*SELECT* 2944"  (cost=97.82..97.83 rows=1 width=76)
         ->  Limit  (cost=97.82..97.82 rows=1 width=84)
               ->  Sort  (cost=97.82..97.82 rows=1 width=84)
                     Sort Key: (st_distance(st_transform(s_2943.the_geom, 25833), schw_2943.schw))
                     ->  Nested Loop  (cost=0.00..97.81 rows=1 width=84)
                           Join Filter: ((st_transform(s_2943.the_geom, 25833) && st_expand(schw_2943.schw, '300'::double precision)) AND (schw_2943.schw && st_expand(st_transform(s_2943.the_geom, 25833), '300'::double precision)) AND _st_dwithin(st_transform(s_2943.the_geom, 25833), schw_2943.schw, '300'::double precision))
                           ->  Function Scan on schw_2943  (cost=0.00..0.01 rows=1 width=32)
                           ->  Seq Scan on phoml_trajectory_tmp s_2943  (cost=0.00..95.68 rows=17 width=40)
                                 Filter: ((unix_time >= '1685451339.863'::double precision) AND (unix_time <= '1685451399.863'::double precision))
   ->  Subquery Scan on "*SELECT* 2945"  (cost=97.82..97.83 rows=1 width=76)
         ->  Limit  (cost=97.82..97.82 rows=1 width=84)
               ->  Sort  (cost=97.82..97.82 rows=1 width=84)
                     Sort Key: (st_distance(st_transform(s_2944.the_geom, 25833), schw_2944.schw))
                     ->  Nested Loop  (cost=0.00..97.81 rows=1 width=84)
                           Join Filter: ((st_transform(s_2944.the_geom, 25833) && st_expand(schw_2944.schw, '300'::double precision)) AND (schw_2944.schw && st_expand(st_transform(s_2944.the_geom, 25833), '300'::double precision)) AND _st_dwithin(st_transform(s_2944.the_geom, 25833), schw_2944.schw, '300'::double precision))
                           ->  Function Scan on schw_2944  (cost=0.00..0.01 rows=1 width=32)
                           ->  Seq Scan on phoml_trajectory_tmp s_2944  (cost=0.00..95.68 rows=17 width=40)
                                 Filter: ((unix_time >= '1685451340.255'::double precision) AND (unix_time <= '1685451400.255'::double precision))
   ->  Subquery Scan on "*SELECT* 2946"  (cost=97.82..97.83 rows=1 width=76)
         ->  Limit  (cost=97.82..97.82 rows=1 width=84)
               ->  Sort  (cost=97.82..97.82 rows=1 width=84)
                     Sort Key: (st_distance(st_transform(s_2945.the_geom, 25833), schw_2945.schw))
                     ->  Nested Loop  (cost=0.00..97.81 rows=1 width=84)
                           Join Filter: ((st_transform(s_2945.the_geom, 25833) && st_expand(schw_2945.schw, '300'::double precision)) AND (schw_2945.schw && st_expand(st_transform(s_2945.the_geom, 25833), '300'::double precision)) AND _st_dwithin(st_transform(s_2945.the_geom, 25833), schw_2945.schw, '300'::double precision))
                           ->  Function Scan on schw_2945  (cost=0.00..0.01 rows=1 width=32)
                           ->  Seq Scan on phoml_trajectory_tmp s_2945  (cost=0.00..95.68 rows=17 width=40)
                                 Filter: ((unix_time >= '1685451340.635'::double precision) AND (unix_time <= '1685451400.635'::double precision))
   ->  Subquery Scan on "*SELECT* 2947"  (cost=97.82..97.83 rows=1 width=76)
         ->  Limit  (cost=97.82..97.82 rows=1 width=84)
               ->  Sort  (cost=97.82..97.82 rows=1 width=84)
                     Sort Key: (st_distance(st_transform(s_2946.the_geom, 25833), schw_2946.schw))
                     ->  Nested Loop  (cost=0.00..97.81 rows=1 width=84)
                           Join Filter: ((st_transform(s_2946.the_geom, 25833) && st_expand(schw_2946.schw, '300'::double precision)) AND (schw_2946.schw && st_expand(st_transform(s_2946.the_geom, 25833), '300'::double precision)) AND _st_dwithin(st_transform(s_2946.the_geom, 25833), schw_2946.schw, '300'::double precision))
                           ->  Function Scan on schw_2946  (cost=0.00..0.01 rows=1 width=32)
                           ->  Seq Scan on phoml_trajectory_tmp s_2946  (cost=0.00..95.68 rows=17 width=40)
                                 Filter: ((unix_time >= '1685451341.035'::double precision) AND (unix_time <= '1685451401.035'::double precision))
   ->  Subquery Scan on "*SELECT* 2948"  (cost=97.82..97.83 rows=1 width=76)
         ->  Limit  (cost=97.82..97.82 rows=1 width=84)
               ->  Sort  (cost=97.82..97.82 rows=1 width=84)
                     Sort Key: (st_distance(st_transform(s_2947.the_geom, 25833), schw_2947.schw))
                     ->  Nested Loop  (cost=0.00..97.81 rows=1 width=84)
                           Join Filter: ((st_transform(s_2947.the_geom, 25833) && st_expand(schw_2947.schw, '300'::double precision)) AND (schw_2947.schw && st_expand(st_transform(s_2947.the_geom, 25833), '300'::double precision)) AND _st_dwithin(st_transform(s_2947.the_geom, 25833), schw_2947.schw, '300'::double precision))
                           ->  Function Scan on schw_2947  (cost=0.00..0.01 rows=1 width=32)
                           ->  Seq Scan on phoml_trajectory_tmp s_2947  (cost=0.00..95.68 rows=17 width=40)
                                 Filter: ((unix_time >= '1685451341.427'::double precision) AND (unix_time <= '1685451401.427'::double precision))
   ->  Subquery Scan on "*SELECT* 2949"  (cost=97.82..97.83 rows=1 width=76)
         ->  Limit  (cost=97.82..97.82 rows=1 width=84)
               ->  Sort  (cost=97.82..97.82 rows=1 width=84)
                     Sort Key: (st_distance(st_transform(s_2948.the_geom, 25833), schw_2948.schw))
                     ->  Nested Loop  (cost=0.00..97.81 rows=1 width=84)
                           Join Filter: ((st_transform(s_2948.the_geom, 25833) && st_expand(schw_2948.schw, '300'::double precision)) AND (schw_2948.schw && st_expand(st_transform(s_2948.the_geom, 25833), '300'::double precision)) AND _st_dwithin(st_transform(s_2948.the_geom, 25833), schw_2948.schw, '300'::double precision))
                           ->  Function Scan on schw_2948  (cost=0.00..0.01 rows=1 width=32)
                           ->  Seq Scan on phoml_trajectory_tmp s_2948  (cost=0.00..95.68 rows=17 width=40)
                                 Filter: ((unix_time >= '1685451341.837'::double precision) AND (unix_time <= '1685451401.837'::double precision))
   ->  Subquery Scan on "*SELECT* 2950"  (cost=97.82..97.83 rows=1 width=76)
         ->  Limit  (cost=97.82..97.82 rows=1 width=84)
               ->  Sort  (cost=97.82..97.82 rows=1 width=84)
                     Sort Key: (st_distance(st_transform(s_2949.the_geom, 25833), schw_2949.schw))
                     ->  Nested Loop  (cost=0.00..97.81 rows=1 width=84)
                           Join Filter: ((st_transform(s_2949.the_geom, 25833) && st_expand(schw_2949.schw, '300'::double precision)) AND (schw_2949.schw && st_expand(st_transform(s_2949.the_geom, 25833), '300'::double precision)) AND _st_dwithin(st_transform(s_2949.the_geom, 25833), schw_2949.schw, '300'::double precision))
                           ->  Function Scan on schw_2949  (cost=0.00..0.01 rows=1 width=32)
                           ->  Seq Scan on phoml_trajectory_tmp s_2949  (cost=0.00..95.68 rows=17 width=40)
                                 Filter: ((unix_time >= '1685451342.269'::double precision) AND (unix_time <= '1685451402.269'::double precision))
   ->  Subquery Scan on "*SELECT* 2951"  (cost=97.82..97.83 rows=1 width=76)
         ->  Limit  (cost=97.82..97.82 rows=1 width=84)
               ->  Sort  (cost=97.82..97.82 rows=1 width=84)
                     Sort Key: (st_distance(st_transform(s_2950.the_geom, 25833), schw_2950.schw))
                     ->  Nested Loop  (cost=0.00..97.81 rows=1 width=84)
                           Join Filter: ((st_transform(s_2950.the_geom, 25833) && st_expand(schw_2950.schw, '300'::double precision)) AND (schw_2950.schw && st_expand(st_transform(s_2950.the_geom, 25833), '300'::double precision)) AND _st_dwithin(st_transform(s_2950.the_geom, 25833), schw_2950.schw, '300'::double precision))
                           ->  Function Scan on schw_2950  (cost=0.00..0.01 rows=1 width=32)
                           ->  Seq Scan on phoml_trajectory_tmp s_2950  (cost=0.00..95.68 rows=17 width=40)
                                 Filter: ((unix_time >= '1685451342.709'::double precision) AND (unix_time <= '1685451402.709'::double precision))
   ->  Subquery Scan on "*SELECT* 2952"  (cost=97.82..97.83 rows=1 width=76)
         ->  Limit  (cost=97.82..97.82 rows=1 width=84)
               ->  Sort  (cost=97.82..97.82 rows=1 width=84)
                     Sort Key: (st_distance(st_transform(s_2951.the_geom, 25833), schw_2951.schw))
                     ->  Nested Loop  (cost=0.00..97.81 rows=1 width=84)
                           Join Filter: ((st_transform(s_2951.the_geom, 25833) && st_expand(schw_2951.schw, '300'::double precision)) AND (schw_2951.schw && st_expand(st_transform(s_2951.the_geom, 25833), '300'::double precision)) AND _st_dwithin(st_transform(s_2951.the_geom, 25833), schw_2951.schw, '300'::double precision))
                           ->  Function Scan on schw_2951  (cost=0.00..0.01 rows=1 width=32)
                           ->  Seq Scan on phoml_trajectory_tmp s_2951  (cost=0.00..95.68 rows=17 width=40)
                                 Filter: ((unix_time >= '1685451343.141'::double precision) AND (unix_time <= '1685451403.141'::double precision))
   ->  Subquery Scan on "*SELECT* 2953"  (cost=97.82..97.83 rows=1 width=76)
         ->  Limit  (cost=97.82..97.82 rows=1 width=84)
               ->  Sort  (cost=97.82..97.82 rows=1 width=84)
                     Sort Key: (st_distance(st_transform(s_2952.the_geom, 25833), schw_2952.schw))
                     ->  Nested Loop  (cost=0.00..97.81 rows=1 width=84)
                           Join Filter: ((st_transform(s_2952.the_geom, 25833) && st_expand(schw_2952.schw, '300'::double precision)) AND (schw_2952.schw && st_expand(st_transform(s_2952.the_geom, 25833), '300'::double precision)) AND _st_dwithin(st_transform(s_2952.the_geom, 25833), schw_2952.schw, '300'::double precision))
                           ->  Function Scan on schw_2952  (cost=0.00..0.01 rows=1 width=32)
                           ->  Seq Scan on phoml_trajectory_tmp s_2952  (cost=0.00..95.68 rows=17 width=40)
                                 Filter: ((unix_time >= '1685451343.611'::double precision) AND (unix_time <= '1685451403.611'::double precision))
   ->  Subquery Scan on "*SELECT* 2954"  (cost=97.82..97.83 rows=1 width=76)
         ->  Limit  (cost=97.82..97.82 rows=1 width=84)
               ->  Sort  (cost=97.82..97.82 rows=1 width=84)
                     Sort Key: (st_distance(st_transform(s_2953.the_geom, 25833), schw_2953.schw))
                     ->  Nested Loop  (cost=0.00..97.81 rows=1 width=84)
                           Join Filter: ((st_transform(s_2953.the_geom, 25833) && st_expand(schw_2953.schw, '300'::double precision)) AND (schw_2953.schw && st_expand(st_transform(s_2953.the_geom, 25833), '300'::double precision)) AND _st_dwithin(st_transform(s_2953.the_geom, 25833), schw_2953.schw, '300'::double precision))
                           ->  Function Scan on schw_2953  (cost=0.00..0.01 rows=1 width=32)
                           ->  Seq Scan on phoml_trajectory_tmp s_2953  (cost=0.00..95.68 rows=17 width=40)
                                 Filter: ((unix_time >= '1685451344.081'::double precision) AND (unix_time <= '1685451404.081'::double precision))
   ->  Subquery Scan on "*SELECT* 2955"  (cost=97.82..97.83 rows=1 width=76)
         ->  Limit  (cost=97.82..97.82 rows=1 width=84)
               ->  Sort  (cost=97.82..97.82 rows=1 width=84)
                     Sort Key: (st_distance(st_transform(s_2954.the_geom, 25833), schw_2954.schw))
                     ->  Nested Loop  (cost=0.00..97.81 rows=1 width=84)
                           Join Filter: ((st_transform(s_2954.the_geom, 25833) && st_expand(schw_2954.schw, '300'::double precision)) AND (schw_2954.schw && st_expand(st_transform(s_2954.the_geom, 25833), '300'::double precision)) AND _st_dwithin(st_transform(s_2954.the_geom, 25833), schw_2954.schw, '300'::double precision))
                           ->  Function Scan on schw_2954  (cost=0.00..0.01 rows=1 width=32)
                           ->  Seq Scan on phoml_trajectory_tmp s_2954  (cost=0.00..95.68 rows=17 width=40)
                                 Filter: ((unix_time >= '1685451344.567'::double precision) AND (unix_time <= '1685451404.567'::double precision))
   ->  Subquery Scan on "*SELECT* 2956"  (cost=97.82..97.83 rows=1 width=76)
         ->  Limit  (cost=97.82..97.82 rows=1 width=84)
               ->  Sort  (cost=97.82..97.82 rows=1 width=84)
                     Sort Key: (st_distance(st_transform(s_2955.the_geom, 25833), schw_2955.schw))
                     ->  Nested Loop  (cost=0.00..97.81 rows=1 width=84)
                           Join Filter: ((st_transform(s_2955.the_geom, 25833) && st_expand(schw_2955.schw, '300'::double precision)) AND (schw_2955.schw && st_expand(st_transform(s_2955.the_geom, 25833), '300'::double precision)) AND _st_dwithin(st_transform(s_2955.the_geom, 25833), schw_2955.schw, '300'::double precision))
                           ->  Function Scan on schw_2955  (cost=0.00..0.01 rows=1 width=32)
                           ->  Seq Scan on phoml_trajectory_tmp s_2955  (cost=0.00..95.68 rows=17 width=40)
                                 Filter: ((unix_time >= '1685451345.067'::double precision) AND (unix_time <= '1685451405.067'::double precision))
   ->  Subquery Scan on "*SELECT* 2957"  (cost=97.82..97.83 rows=1 width=76)
         ->  Limit  (cost=97.82..97.82 rows=1 width=84)
               ->  Sort  (cost=97.82..97.82 rows=1 width=84)
                     Sort Key: (st_distance(st_transform(s_2956.the_geom, 25833), schw_2956.schw))
                     ->  Nested Loop  (cost=0.00..97.81 rows=1 width=84)
                           Join Filter: ((st_transform(s_2956.the_geom, 25833) && st_expand(schw_2956.schw, '300'::double precision)) AND (schw_2956.schw && st_expand(st_transform(s_2956.the_geom, 25833), '300'::double precision)) AND _st_dwithin(st_transform(s_2956.the_geom, 25833), schw_2956.schw, '300'::double precision))
                           ->  Function Scan on schw_2956  (cost=0.00..0.01 rows=1 width=32)
                           ->  Seq Scan on phoml_trajectory_tmp s_2956  (cost=0.00..95.68 rows=17 width=40)
                                 Filter: ((unix_time >= '1685451345.578'::double precision) AND (unix_time <= '1685451405.578'::double precision))
   ->  Subquery Scan on "*SELECT* 2958"  (cost=97.82..97.83 rows=1 width=76)
         ->  Limit  (cost=97.82..97.82 rows=1 width=84)
               ->  Sort  (cost=97.82..97.82 rows=1 width=84)
                     Sort Key: (st_distance(st_transform(s_2957.the_geom, 25833), schw_2957.schw))
                     ->  Nested Loop  (cost=0.00..97.81 rows=1 width=84)
                           Join Filter: ((st_transform(s_2957.the_geom, 25833) && st_expand(schw_2957.schw, '300'::double precision)) AND (schw_2957.schw && st_expand(st_transform(s_2957.the_geom, 25833), '300'::double precision)) AND _st_dwithin(st_transform(s_2957.the_geom, 25833), schw_2957.schw, '300'::double precision))
                           ->  Function Scan on schw_2957  (cost=0.00..0.01 rows=1 width=32)
                           ->  Seq Scan on phoml_trajectory_tmp s_2957  (cost=0.00..95.68 rows=17 width=40)
                                 Filter: ((unix_time >= '1685451346.118'::double precision) AND (unix_time <= '1685451406.118'::double precision))
   ->  Subquery Scan on "*SELECT* 2959"  (cost=97.82..97.83 rows=1 width=76)
         ->  Limit  (cost=97.82..97.82 rows=1 width=84)
               ->  Sort  (cost=97.82..97.82 rows=1 width=84)
                     Sort Key: (st_distance(st_transform(s_2958.the_geom, 25833), schw_2958.schw))
                     ->  Nested Loop  (cost=0.00..97.81 rows=1 width=84)
                           Join Filter: ((st_transform(s_2958.the_geom, 25833) && st_expand(schw_2958.schw, '300'::double precision)) AND (schw_2958.schw && st_expand(st_transform(s_2958.the_geom, 25833), '300'::double precision)) AND _st_dwithin(st_transform(s_2958.the_geom, 25833), schw_2958.schw, '300'::double precision))
                           ->  Function Scan on schw_2958  (cost=0.00..0.01 rows=1 width=32)
                           ->  Seq Scan on phoml_trajectory_tmp s_2958  (cost=0.00..95.68 rows=17 width=40)
                                 Filter: ((unix_time >= '1685451346.639'::double precision) AND (unix_time <= '1685451406.639'::double precision))
   ->  Subquery Scan on "*SELECT* 2960"  (cost=97.82..97.83 rows=1 width=76)
         ->  Limit  (cost=97.82..97.82 rows=1 width=84)
               ->  Sort  (cost=97.82..97.82 rows=1 width=84)
                     Sort Key: (st_distance(st_transform(s_2959.the_geom, 25833), schw_2959.schw))
                     ->  Nested Loop  (cost=0.00..97.81 rows=1 width=84)
                           Join Filter: ((st_transform(s_2959.the_geom, 25833) && st_expand(schw_2959.schw, '300'::double precision)) AND (schw_2959.schw && st_expand(st_transform(s_2959.the_geom, 25833), '300'::double precision)) AND _st_dwithin(st_transform(s_2959.the_geom, 25833), schw_2959.schw, '300'::double precision))
                           ->  Function Scan on schw_2959  (cost=0.00..0.01 rows=1 width=32)
                           ->  Seq Scan on phoml_trajectory_tmp s_2959  (cost=0.00..95.68 rows=17 width=40)
                                 Filter: ((unix_time >= '1685451347.143'::double precision) AND (unix_time <= '1685451407.143'::double precision))
   ->  Subquery Scan on "*SELECT* 2961"  (cost=97.82..97.83 rows=1 width=76)
         ->  Limit  (cost=97.82..97.82 rows=1 width=84)
               ->  Sort  (cost=97.82..97.82 rows=1 width=84)
                     Sort Key: (st_distance(st_transform(s_2960.the_geom, 25833), schw_2960.schw))
                     ->  Nested Loop  (cost=0.00..97.81 rows=1 width=84)
                           Join Filter: ((st_transform(s_2960.the_geom, 25833) && st_expand(schw_2960.schw, '300'::double precision)) AND (schw_2960.schw && st_expand(st_transform(s_2960.the_geom, 25833), '300'::double precision)) AND _st_dwithin(st_transform(s_2960.the_geom, 25833), schw_2960.schw, '300'::double precision))
                           ->  Function Scan on schw_2960  (cost=0.00..0.01 rows=1 width=32)
                           ->  Seq Scan on phoml_trajectory_tmp s_2960  (cost=0.00..95.68 rows=17 width=40)
                                 Filter: ((unix_time >= '1685451347.663'::double precision) AND (unix_time <= '1685451407.663'::double precision))
   ->  Subquery Scan on "*SELECT* 2962"  (cost=97.82..97.83 rows=1 width=76)
         ->  Limit  (cost=97.82..97.82 rows=1 width=84)
               ->  Sort  (cost=97.82..97.82 rows=1 width=84)
                     Sort Key: (st_distance(st_transform(s_2961.the_geom, 25833), schw_2961.schw))
                     ->  Nested Loop  (cost=0.00..97.81 rows=1 width=84)
                           Join Filter: ((st_transform(s_2961.the_geom, 25833) && st_expand(schw_2961.schw, '300'::double precision)) AND (schw_2961.schw && st_expand(st_transform(s_2961.the_geom, 25833), '300'::double precision)) AND _st_dwithin(st_transform(s_2961.the_geom, 25833), schw_2961.schw, '300'::double precision))
                           ->  Function Scan on schw_2961  (cost=0.00..0.01 rows=1 width=32)
                           ->  Seq Scan on phoml_trajectory_tmp s_2961  (cost=0.00..95.68 rows=17 width=40)
                                 Filter: ((unix_time >= '1685451348.177'::double precision) AND (unix_time <= '1685451408.177'::double precision))
   ->  Subquery Scan on "*SELECT* 2963"  (cost=97.82..97.83 rows=1 width=76)
         ->  Limit  (cost=97.82..97.82 rows=1 width=84)
               ->  Sort  (cost=97.82..97.82 rows=1 width=84)
                     Sort Key: (st_distance(st_transform(s_2962.the_geom, 25833), schw_2962.schw))
                     ->  Nested Loop  (cost=0.00..97.81 rows=1 width=84)
                           Join Filter: ((st_transform(s_2962.the_geom, 25833) && st_expand(schw_2962.schw, '300'::double precision)) AND (schw_2962.schw && st_expand(st_transform(s_2962.the_geom, 25833), '300'::double precision)) AND _st_dwithin(st_transform(s_2962.the_geom, 25833), schw_2962.schw, '300'::double precision))
                           ->  Function Scan on schw_2962  (cost=0.00..0.01 rows=1 width=32)
                           ->  Seq Scan on phoml_trajectory_tmp s_2962  (cost=0.00..95.68 rows=17 width=40)
                                 Filter: ((unix_time >= '1685451348.647'::double precision) AND (unix_time <= '1685451408.647'::double precision))
   ->  Subquery Scan on "*SELECT* 2964"  (cost=97.82..97.83 rows=1 width=76)
         ->  Limit  (cost=97.82..97.82 rows=1 width=84)
               ->  Sort  (cost=97.82..97.82 rows=1 width=84)
                     Sort Key: (st_distance(st_transform(s_2963.the_geom, 25833), schw_2963.schw))
                     ->  Nested Loop  (cost=0.00..97.81 rows=1 width=84)
                           Join Filter: ((st_transform(s_2963.the_geom, 25833) && st_expand(schw_2963.schw, '300'::double precision)) AND (schw_2963.schw && st_expand(st_transform(s_2963.the_geom, 25833), '300'::double precision)) AND _st_dwithin(st_transform(s_2963.the_geom, 25833), schw_2963.schw, '300'::double precision))
                           ->  Function Scan on schw_2963  (cost=0.00..0.01 rows=1 width=32)
                           ->  Seq Scan on phoml_trajectory_tmp s_2963  (cost=0.00..95.68 rows=17 width=40)
                                 Filter: ((unix_time >= '1685451349.132'::double precision) AND (unix_time <= '1685451409.132'::double precision))
   ->  Subquery Scan on "*SELECT* 2965"  (cost=97.82..97.83 rows=1 width=76)
         ->  Limit  (cost=97.82..97.82 rows=1 width=84)
               ->  Sort  (cost=97.82..97.82 rows=1 width=84)
                     Sort Key: (st_distance(st_transform(s_2964.the_geom, 25833), schw_2964.schw))
                     ->  Nested Loop  (cost=0.00..97.81 rows=1 width=84)
                           Join Filter: ((st_transform(s_2964.the_geom, 25833) && st_expand(schw_2964.schw, '300'::double precision)) AND (schw_2964.schw && st_expand(st_transform(s_2964.the_geom, 25833), '300'::double precision)) AND _st_dwithin(st_transform(s_2964.the_geom, 25833), schw_2964.schw, '300'::double precision))
                           ->  Function Scan on schw_2964  (cost=0.00..0.01 rows=1 width=32)
                           ->  Seq Scan on phoml_trajectory_tmp s_2964  (cost=0.00..95.68 rows=17 width=40)
                                 Filter: ((unix_time >= '1685451349.602'::double precision) AND (unix_time <= '1685451409.602'::double precision))
   ->  Subquery Scan on "*SELECT* 2966"  (cost=97.82..97.83 rows=1 width=76)
         ->  Limit  (cost=97.82..97.82 rows=1 width=84)
               ->  Sort  (cost=97.82..97.82 rows=1 width=84)
                     Sort Key: (st_distance(st_transform(s_2965.the_geom, 25833), schw_2965.schw))
                     ->  Nested Loop  (cost=0.00..97.81 rows=1 width=84)
                           Join Filter: ((st_transform(s_2965.the_geom, 25833) && st_expand(schw_2965.schw, '300'::double precision)) AND (schw_2965.schw && st_expand(st_transform(s_2965.the_geom, 25833), '300'::double precision)) AND _st_dwithin(st_transform(s_2965.the_geom, 25833), schw_2965.schw, '300'::double precision))
                           ->  Function Scan on schw_2965  (cost=0.00..0.01 rows=1 width=32)
                           ->  Seq Scan on phoml_trajectory_tmp s_2965  (cost=0.00..95.68 rows=17 width=40)
                                 Filter: ((unix_time >= '1685451350.092'::double precision) AND (unix_time <= '1685451410.092'::double precision))
   ->  Subquery Scan on "*SELECT* 2967"  (cost=97.82..97.83 rows=1 width=76)
         ->  Limit  (cost=97.82..97.82 rows=1 width=84)
               ->  Sort  (cost=97.82..97.82 rows=1 width=84)
                     Sort Key: (st_distance(st_transform(s_2966.the_geom, 25833), schw_2966.schw))
                     ->  Nested Loop  (cost=0.00..97.81 rows=1 width=84)
                           Join Filter: ((st_transform(s_2966.the_geom, 25833) && st_expand(schw_2966.schw, '300'::double precision)) AND (schw_2966.schw && st_expand(st_transform(s_2966.the_geom, 25833), '300'::double precision)) AND _st_dwithin(st_transform(s_2966.the_geom, 25833), schw_2966.schw, '300'::double precision))
                           ->  Function Scan on schw_2966  (cost=0.00..0.01 rows=1 width=32)
                           ->  Seq Scan on phoml_trajectory_tmp s_2966  (cost=0.00..95.68 rows=17 width=40)
                                 Filter: ((unix_time >= '1685451350.552'::double precision) AND (unix_time <= '1685451410.552'::double precision))
   ->  Subquery Scan on "*SELECT* 2968"  (cost=97.82..97.83 rows=1 width=76)
         ->  Limit  (cost=97.82..97.82 rows=1 width=84)
               ->  Sort  (cost=97.82..97.82 rows=1 width=84)
                     Sort Key: (st_distance(st_transform(s_2967.the_geom, 25833), schw_2967.schw))
                     ->  Nested Loop  (cost=0.00..97.81 rows=1 width=84)
                           Join Filter: ((st_transform(s_2967.the_geom, 25833) && st_expand(schw_2967.schw, '300'::double precision)) AND (schw_2967.schw && st_expand(st_transform(s_2967.the_geom, 25833), '300'::double precision)) AND _st_dwithin(st_transform(s_2967.the_geom, 25833), schw_2967.schw, '300'::double precision))
                           ->  Function Scan on schw_2967  (cost=0.00..0.01 rows=1 width=32)
                           ->  Seq Scan on phoml_trajectory_tmp s_2967  (cost=0.00..95.68 rows=17 width=40)
                                 Filter: ((unix_time >= '1685451351.022'::double precision) AND (unix_time <= '1685451411.022'::double precision))
   ->  Subquery Scan on "*SELECT* 2969"  (cost=97.82..97.83 rows=1 width=76)
         ->  Limit  (cost=97.82..97.82 rows=1 width=84)
               ->  Sort  (cost=97.82..97.82 rows=1 width=84)
                     Sort Key: (st_distance(st_transform(s_2968.the_geom, 25833), schw_2968.schw))
                     ->  Nested Loop  (cost=0.00..97.81 rows=1 width=84)
                           Join Filter: ((st_transform(s_2968.the_geom, 25833) && st_expand(schw_2968.schw, '300'::double precision)) AND (schw_2968.schw && st_expand(st_transform(s_2968.the_geom, 25833), '300'::double precision)) AND _st_dwithin(st_transform(s_2968.the_geom, 25833), schw_2968.schw, '300'::double precision))
                           ->  Function Scan on schw_2968  (cost=0.00..0.01 rows=1 width=32)
                           ->  Seq Scan on phoml_trajectory_tmp s_2968  (cost=0.00..95.68 rows=17 width=40)
                                 Filter: ((unix_time >= '1685451351.476'::double precision) AND (unix_time <= '1685451411.476'::double precision))
   ->  Subquery Scan on "*SELECT* 2970"  (cost=97.82..97.83 rows=1 width=76)
         ->  Limit  (cost=97.82..97.82 rows=1 width=84)
               ->  Sort  (cost=97.82..97.82 rows=1 width=84)
                     Sort Key: (st_distance(st_transform(s_2969.the_geom, 25833), schw_2969.schw))
                     ->  Nested Loop  (cost=0.00..97.81 rows=1 width=84)
                           Join Filter: ((st_transform(s_2969.the_geom, 25833) && st_expand(schw_2969.schw, '300'::double precision)) AND (schw_2969.schw && st_expand(st_transform(s_2969.the_geom, 25833), '300'::double precision)) AND _st_dwithin(st_transform(s_2969.the_geom, 25833), schw_2969.schw, '300'::double precision))
                           ->  Function Scan on schw_2969  (cost=0.00..0.01 rows=1 width=32)
                           ->  Seq Scan on phoml_trajectory_tmp s_2969  (cost=0.00..95.68 rows=17 width=40)
                                 Filter: ((unix_time >= '1685451351.926'::double precision) AND (unix_time <= '1685451411.926'::double precision))
   ->  Subquery Scan on "*SELECT* 2971"  (cost=97.82..97.83 rows=1 width=76)
         ->  Limit  (cost=97.82..97.82 rows=1 width=84)
               ->  Sort  (cost=97.82..97.82 rows=1 width=84)
                     Sort Key: (st_distance(st_transform(s_2970.the_geom, 25833), schw_2970.schw))
                     ->  Nested Loop  (cost=0.00..97.81 rows=1 width=84)
                           Join Filter: ((st_transform(s_2970.the_geom, 25833) && st_expand(schw_2970.schw, '300'::double precision)) AND (schw_2970.schw && st_expand(st_transform(s_2970.the_geom, 25833), '300'::double precision)) AND _st_dwithin(st_transform(s_2970.the_geom, 25833), schw_2970.schw, '300'::double precision))
                           ->  Function Scan on schw_2970  (cost=0.00..0.01 rows=1 width=32)
                           ->  Seq Scan on phoml_trajectory_tmp s_2970  (cost=0.00..95.68 rows=17 width=40)
                                 Filter: ((unix_time >= '1685451352.38'::double precision) AND (unix_time <= '1685451412.38'::double precision))
   ->  Subquery Scan on "*SELECT* 2972"  (cost=97.82..97.83 rows=1 width=76)
         ->  Limit  (cost=97.82..97.82 rows=1 width=84)
               ->  Sort  (cost=97.82..97.82 rows=1 width=84)
                     Sort Key: (st_distance(st_transform(s_2971.the_geom, 25833), schw_2971.schw))
                     ->  Nested Loop  (cost=0.00..97.81 rows=1 width=84)
                           Join Filter: ((st_transform(s_2971.the_geom, 25833) && st_expand(schw_2971.schw, '300'::double precision)) AND (schw_2971.schw && st_expand(st_transform(s_2971.the_geom, 25833), '300'::double precision)) AND _st_dwithin(st_transform(s_2971.the_geom, 25833), schw_2971.schw, '300'::double precision))
                           ->  Function Scan on schw_2971  (cost=0.00..0.01 rows=1 width=32)
                           ->  Seq Scan on phoml_trajectory_tmp s_2971  (cost=0.00..95.68 rows=17 width=40)
                                 Filter: ((unix_time >= '1685451352.82'::double precision) AND (unix_time <= '1685451412.82'::double precision))
   ->  Subquery Scan on "*SELECT* 2973"  (cost=97.82..97.83 rows=1 width=76)
         ->  Limit  (cost=97.82..97.82 rows=1 width=84)
               ->  Sort  (cost=97.82..97.82 rows=1 width=84)
                     Sort Key: (st_distance(st_transform(s_2972.the_geom, 25833), schw_2972.schw))
                     ->  Nested Loop  (cost=0.00..97.81 rows=1 width=84)
                           Join Filter: ((st_transform(s_2972.the_geom, 25833) && st_expand(schw_2972.schw, '300'::double precision)) AND (schw_2972.schw && st_expand(st_transform(s_2972.the_geom, 25833), '300'::double precision)) AND _st_dwithin(st_transform(s_2972.the_geom, 25833), schw_2972.schw, '300'::double precision))
                           ->  Function Scan on schw_2972  (cost=0.00..0.01 rows=1 width=32)
                           ->  Seq Scan on phoml_trajectory_tmp s_2972  (cost=0.00..95.68 rows=17 width=40)
                                 Filter: ((unix_time >= '1685451353.266'::double precision) AND (unix_time <= '1685451413.266'::double precision))
   ->  Subquery Scan on "*SELECT* 2974"  (cost=97.82..97.83 rows=1 width=76)
         ->  Limit  (cost=97.82..97.82 rows=1 width=84)
               ->  Sort  (cost=97.82..97.82 rows=1 width=84)
                     Sort Key: (st_distance(st_transform(s_2973.the_geom, 25833), schw_2973.schw))
                     ->  Nested Loop  (cost=0.00..97.81 rows=1 width=84)
                           Join Filter: ((st_transform(s_2973.the_geom, 25833) && st_expand(schw_2973.schw, '300'::double precision)) AND (schw_2973.schw && st_expand(st_transform(s_2973.the_geom, 25833), '300'::double precision)) AND _st_dwithin(st_transform(s_2973.the_geom, 25833), schw_2973.schw, '300'::double precision))
                           ->  Function Scan on schw_2973  (cost=0.00..0.01 rows=1 width=32)
                           ->  Seq Scan on phoml_trajectory_tmp s_2973  (cost=0.00..95.68 rows=17 width=40)
                                 Filter: ((unix_time >= '1685451353.696'::double precision) AND (unix_time <= '1685451413.696'::double precision))
   ->  Subquery Scan on "*SELECT* 2975"  (cost=97.82..97.83 rows=1 width=76)
         ->  Limit  (cost=97.82..97.82 rows=1 width=84)
               ->  Sort  (cost=97.82..97.82 rows=1 width=84)
                     Sort Key: (st_distance(st_transform(s_2974.the_geom, 25833), schw_2974.schw))
                     ->  Nested Loop  (cost=0.00..97.81 rows=1 width=84)
                           Join Filter: ((st_transform(s_2974.the_geom, 25833) && st_expand(schw_2974.schw, '300'::double precision)) AND (schw_2974.schw && st_expand(st_transform(s_2974.the_geom, 25833), '300'::double precision)) AND _st_dwithin(st_transform(s_2974.the_geom, 25833), schw_2974.schw, '300'::double precision))
                           ->  Function Scan on schw_2974  (cost=0.00..0.01 rows=1 width=32)
                           ->  Seq Scan on phoml_trajectory_tmp s_2974  (cost=0.00..95.68 rows=17 width=40)
                                 Filter: ((unix_time >= '1685451354.132'::double precision) AND (unix_time <= '1685451414.132'::double precision))
   ->  Subquery Scan on "*SELECT* 2976"  (cost=97.82..97.83 rows=1 width=76)
         ->  Limit  (cost=97.82..97.82 rows=1 width=84)
               ->  Sort  (cost=97.82..97.82 rows=1 width=84)
                     Sort Key: (st_distance(st_transform(s_2975.the_geom, 25833), schw_2975.schw))
                     ->  Nested Loop  (cost=0.00..97.81 rows=1 width=84)
                           Join Filter: ((st_transform(s_2975.the_geom, 25833) && st_expand(schw_2975.schw, '300'::double precision)) AND (schw_2975.schw && st_expand(st_transform(s_2975.the_geom, 25833), '300'::double precision)) AND _st_dwithin(st_transform(s_2975.the_geom, 25833), schw_2975.schw, '300'::double precision))
                           ->  Function Scan on schw_2975  (cost=0.00..0.01 rows=1 width=32)
                           ->  Seq Scan on phoml_trajectory_tmp s_2975  (cost=0.00..95.68 rows=17 width=40)
                                 Filter: ((unix_time >= '1685451354.562'::double precision) AND (unix_time <= '1685451414.562'::double precision))
   ->  Subquery Scan on "*SELECT* 2977"  (cost=97.82..97.83 rows=1 width=76)
         ->  Limit  (cost=97.82..97.82 rows=1 width=84)
               ->  Sort  (cost=97.82..97.82 rows=1 width=84)
                     Sort Key: (st_distance(st_transform(s_2976.the_geom, 25833), schw_2976.schw))
                     ->  Nested Loop  (cost=0.00..97.81 rows=1 width=84)
                           Join Filter: ((st_transform(s_2976.the_geom, 25833) && st_expand(schw_2976.schw, '300'::double precision)) AND (schw_2976.schw && st_expand(st_transform(s_2976.the_geom, 25833), '300'::double precision)) AND _st_dwithin(st_transform(s_2976.the_geom, 25833), schw_2976.schw, '300'::double precision))
                           ->  Function Scan on schw_2976  (cost=0.00..0.01 rows=1 width=32)
                           ->  Seq Scan on phoml_trajectory_tmp s_2976  (cost=0.00..95.68 rows=17 width=40)
                                 Filter: ((unix_time >= '1685451354.982'::double precision) AND (unix_time <= '1685451414.982'::double precision))
   ->  Subquery Scan on "*SELECT* 2978"  (cost=97.82..97.83 rows=1 width=76)
         ->  Limit  (cost=97.82..97.82 rows=1 width=84)
               ->  Sort  (cost=97.82..97.82 rows=1 width=84)
                     Sort Key: (st_distance(st_transform(s_2977.the_geom, 25833), schw_2977.schw))
                     ->  Nested Loop  (cost=0.00..97.81 rows=1 width=84)
                           Join Filter: ((st_transform(s_2977.the_geom, 25833) && st_expand(schw_2977.schw, '300'::double precision)) AND (schw_2977.schw && st_expand(st_transform(s_2977.the_geom, 25833), '300'::double precision)) AND _st_dwithin(st_transform(s_2977.the_geom, 25833), schw_2977.schw, '300'::double precision))
                           ->  Function Scan on schw_2977  (cost=0.00..0.01 rows=1 width=32)
                           ->  Seq Scan on phoml_trajectory_tmp s_2977  (cost=0.00..95.68 rows=17 width=40)
                                 Filter: ((unix_time >= '1685451355.408'::double precision) AND (unix_time <= '1685451415.408'::double precision))
   ->  Subquery Scan on "*SELECT* 2979"  (cost=97.82..97.83 rows=1 width=76)
         ->  Limit  (cost=97.82..97.82 rows=1 width=84)
               ->  Sort  (cost=97.82..97.82 rows=1 width=84)
                     Sort Key: (st_distance(st_transform(s_2978.the_geom, 25833), schw_2978.schw))
                     ->  Nested Loop  (cost=0.00..97.81 rows=1 width=84)
                           Join Filter: ((st_transform(s_2978.the_geom, 25833) && st_expand(schw_2978.schw, '300'::double precision)) AND (schw_2978.schw && st_expand(st_transform(s_2978.the_geom, 25833), '300'::double precision)) AND _st_dwithin(st_transform(s_2978.the_geom, 25833), schw_2978.schw, '300'::double precision))
                           ->  Function Scan on schw_2978  (cost=0.00..0.01 rows=1 width=32)
                           ->  Seq Scan on phoml_trajectory_tmp s_2978  (cost=0.00..95.68 rows=17 width=40)
                                 Filter: ((unix_time >= '1685451355.828'::double precision) AND (unix_time <= '1685451415.828'::double precision))
   ->  Subquery Scan on "*SELECT* 2980"  (cost=97.82..97.83 rows=1 width=76)
         ->  Limit  (cost=97.82..97.82 rows=1 width=84)
               ->  Sort  (cost=97.82..97.82 rows=1 width=84)
                     Sort Key: (st_distance(st_transform(s_2979.the_geom, 25833), schw_2979.schw))
                     ->  Nested Loop  (cost=0.00..97.81 rows=1 width=84)
                           Join Filter: ((st_transform(s_2979.the_geom, 25833) && st_expand(schw_2979.schw, '300'::double precision)) AND (schw_2979.schw && st_expand(st_transform(s_2979.the_geom, 25833), '300'::double precision)) AND _st_dwithin(st_transform(s_2979.the_geom, 25833), schw_2979.schw, '300'::double precision))
                           ->  Function Scan on schw_2979  (cost=0.00..0.01 rows=1 width=32)
                           ->  Seq Scan on phoml_trajectory_tmp s_2979  (cost=0.00..95.68 rows=17 width=40)
                                 Filter: ((unix_time >= '1685451356.247'::double precision) AND (unix_time <= '1685451416.247'::double precision))
   ->  Subquery Scan on "*SELECT* 2981"  (cost=97.82..97.83 rows=1 width=76)
         ->  Limit  (cost=97.82..97.82 rows=1 width=84)
               ->  Sort  (cost=97.82..97.82 rows=1 width=84)
                     Sort Key: (st_distance(st_transform(s_2980.the_geom, 25833), schw_2980.schw))
                     ->  Nested Loop  (cost=0.00..97.81 rows=1 width=84)
                           Join Filter: ((st_transform(s_2980.the_geom, 25833) && st_expand(schw_2980.schw, '300'::double precision)) AND (schw_2980.schw && st_expand(st_transform(s_2980.the_geom, 25833), '300'::double precision)) AND _st_dwithin(st_transform(s_2980.the_geom, 25833), schw_2980.schw, '300'::double precision))
                           ->  Function Scan on schw_2980  (cost=0.00..0.01 rows=1 width=32)
                           ->  Seq Scan on phoml_trajectory_tmp s_2980  (cost=0.00..95.68 rows=17 width=40)
                                 Filter: ((unix_time >= '1685451356.667'::double precision) AND (unix_time <= '1685451416.667'::double precision))
   ->  Subquery Scan on "*SELECT* 2982"  (cost=97.82..97.83 rows=1 width=76)
         ->  Limit  (cost=97.82..97.82 rows=1 width=84)
               ->  Sort  (cost=97.82..97.82 rows=1 width=84)
                     Sort Key: (st_distance(st_transform(s_2981.the_geom, 25833), schw_2981.schw))
                     ->  Nested Loop  (cost=0.00..97.81 rows=1 width=84)
                           Join Filter: ((st_transform(s_2981.the_geom, 25833) && st_expand(schw_2981.schw, '300'::double precision)) AND (schw_2981.schw && st_expand(st_transform(s_2981.the_geom, 25833), '300'::double precision)) AND _st_dwithin(st_transform(s_2981.the_geom, 25833), schw_2981.schw, '300'::double precision))
                           ->  Function Scan on schw_2981  (cost=0.00..0.01 rows=1 width=32)
                           ->  Seq Scan on phoml_trajectory_tmp s_2981  (cost=0.00..95.68 rows=17 width=40)
                                 Filter: ((unix_time >= '1685451357.077'::double precision) AND (unix_time <= '1685451417.077'::double precision))
   ->  Subquery Scan on "*SELECT* 2983"  (cost=97.82..97.83 rows=1 width=76)
         ->  Limit  (cost=97.82..97.82 rows=1 width=84)
               ->  Sort  (cost=97.82..97.82 rows=1 width=84)
                     Sort Key: (st_distance(st_transform(s_2982.the_geom, 25833), schw_2982.schw))
                     ->  Nested Loop  (cost=0.00..97.81 rows=1 width=84)
                           Join Filter: ((st_transform(s_2982.the_geom, 25833) && st_expand(schw_2982.schw, '300'::double precision)) AND (schw_2982.schw && st_expand(st_transform(s_2982.the_geom, 25833), '300'::double precision)) AND _st_dwithin(st_transform(s_2982.the_geom, 25833), schw_2982.schw, '300'::double precision))
                           ->  Function Scan on schw_2982  (cost=0.00..0.01 rows=1 width=32)
                           ->  Seq Scan on phoml_trajectory_tmp s_2982  (cost=0.00..95.68 rows=17 width=40)
                                 Filter: ((unix_time >= '1685451357.495'::double precision) AND (unix_time <= '1685451417.495'::double precision))
   ->  Subquery Scan on "*SELECT* 2984"  (cost=97.82..97.83 rows=1 width=76)
         ->  Limit  (cost=97.82..97.82 rows=1 width=84)
               ->  Sort  (cost=97.82..97.82 rows=1 width=84)
                     Sort Key: (st_distance(st_transform(s_2983.the_geom, 25833), schw_2983.schw))
                     ->  Nested Loop  (cost=0.00..97.81 rows=1 width=84)
                           Join Filter: ((st_transform(s_2983.the_geom, 25833) && st_expand(schw_2983.schw, '300'::double precision)) AND (schw_2983.schw && st_expand(st_transform(s_2983.the_geom, 25833), '300'::double precision)) AND _st_dwithin(st_transform(s_2983.the_geom, 25833), schw_2983.schw, '300'::double precision))
                           ->  Function Scan on schw_2983  (cost=0.00..0.01 rows=1 width=32)
                           ->  Seq Scan on phoml_trajectory_tmp s_2983  (cost=0.00..95.68 rows=17 width=40)
                                 Filter: ((unix_time >= '1685451357.905'::double precision) AND (unix_time <= '1685451417.905'::double precision))
   ->  Subquery Scan on "*SELECT* 2985"  (cost=97.82..97.83 rows=1 width=76)
         ->  Limit  (cost=97.82..97.82 rows=1 width=84)
               ->  Sort  (cost=97.82..97.82 rows=1 width=84)
                     Sort Key: (st_distance(st_transform(s_2984.the_geom, 25833), schw_2984.schw))
                     ->  Nested Loop  (cost=0.00..97.81 rows=1 width=84)
                           Join Filter: ((st_transform(s_2984.the_geom, 25833) && st_expand(schw_2984.schw, '300'::double precision)) AND (schw_2984.schw && st_expand(st_transform(s_2984.the_geom, 25833), '300'::double precision)) AND _st_dwithin(st_transform(s_2984.the_geom, 25833), schw_2984.schw, '300'::double precision))
                           ->  Function Scan on schw_2984  (cost=0.00..0.01 rows=1 width=32)
                           ->  Seq Scan on phoml_trajectory_tmp s_2984  (cost=0.00..95.68 rows=17 width=40)
                                 Filter: ((unix_time >= '1685451358.331'::double precision) AND (unix_time <= '1685451418.331'::double precision))
   ->  Subquery Scan on "*SELECT* 2986"  (cost=97.82..97.83 rows=1 width=76)
         ->  Limit  (cost=97.82..97.82 rows=1 width=84)
               ->  Sort  (cost=97.82..97.82 rows=1 width=84)
                     Sort Key: (st_distance(st_transform(s_2985.the_geom, 25833), schw_2985.schw))
                     ->  Nested Loop  (cost=0.00..97.81 rows=1 width=84)
                           Join Filter: ((st_transform(s_2985.the_geom, 25833) && st_expand(schw_2985.schw, '300'::double precision)) AND (schw_2985.schw && st_expand(st_transform(s_2985.the_geom, 25833), '300'::double precision)) AND _st_dwithin(st_transform(s_2985.the_geom, 25833), schw_2985.schw, '300'::double precision))
                           ->  Function Scan on schw_2985  (cost=0.00..0.01 rows=1 width=32)
                           ->  Seq Scan on phoml_trajectory_tmp s_2985  (cost=0.00..95.68 rows=17 width=40)
                                 Filter: ((unix_time >= '1685451358.751'::double precision) AND (unix_time <= '1685451418.751'::double precision))
   ->  Subquery Scan on "*SELECT* 2987"  (cost=97.82..97.83 rows=1 width=76)
         ->  Limit  (cost=97.82..97.82 rows=1 width=84)
               ->  Sort  (cost=97.82..97.82 rows=1 width=84)
                     Sort Key: (st_distance(st_transform(s_2986.the_geom, 25833), schw_2986.schw))
                     ->  Nested Loop  (cost=0.00..97.81 rows=1 width=84)
                           Join Filter: ((st_transform(s_2986.the_geom, 25833) && st_expand(schw_2986.schw, '300'::double precision)) AND (schw_2986.schw && st_expand(st_transform(s_2986.the_geom, 25833), '300'::double precision)) AND _st_dwithin(st_transform(s_2986.the_geom, 25833), schw_2986.schw, '300'::double precision))
                           ->  Function Scan on schw_2986  (cost=0.00..0.01 rows=1 width=32)
                           ->  Seq Scan on phoml_trajectory_tmp s_2986  (cost=0.00..95.68 rows=17 width=40)
                                 Filter: ((unix_time >= '1685451359.19'::double precision) AND (unix_time <= '1685451419.19'::double precision))
   ->  Subquery Scan on "*SELECT* 2988"  (cost=97.82..97.83 rows=1 width=76)
         ->  Limit  (cost=97.82..97.82 rows=1 width=84)
               ->  Sort  (cost=97.82..97.82 rows=1 width=84)
                     Sort Key: (st_distance(st_transform(s_2987.the_geom, 25833), schw_2987.schw))
                     ->  Nested Loop  (cost=0.00..97.81 rows=1 width=84)
                           Join Filter: ((st_transform(s_2987.the_geom, 25833) && st_expand(schw_2987.schw, '300'::double precision)) AND (schw_2987.schw && st_expand(st_transform(s_2987.the_geom, 25833), '300'::double precision)) AND _st_dwithin(st_transform(s_2987.the_geom, 25833), schw_2987.schw, '300'::double precision))
                           ->  Function Scan on schw_2987  (cost=0.00..0.01 rows=1 width=32)
                           ->  Seq Scan on phoml_trajectory_tmp s_2987  (cost=0.00..95.68 rows=17 width=40)
                                 Filter: ((unix_time >= '1685451359.61'::double precision) AND (unix_time <= '1685451419.61'::double precision))
   ->  Subquery Scan on "*SELECT* 2989"  (cost=97.82..97.83 rows=1 width=76)
         ->  Limit  (cost=97.82..97.82 rows=1 width=84)
               ->  Sort  (cost=97.82..97.82 rows=1 width=84)
                     Sort Key: (st_distance(st_transform(s_2988.the_geom, 25833), schw_2988.schw))
                     ->  Nested Loop  (cost=0.00..97.81 rows=1 width=84)
                           Join Filter: ((st_transform(s_2988.the_geom, 25833) && st_expand(schw_2988.schw, '300'::double precision)) AND (schw_2988.schw && st_expand(st_transform(s_2988.the_geom, 25833), '300'::double precision)) AND _st_dwithin(st_transform(s_2988.the_geom, 25833), schw_2988.schw, '300'::double precision))
                           ->  Function Scan on schw_2988  (cost=0.00..0.01 rows=1 width=32)
                           ->  Seq Scan on phoml_trajectory_tmp s_2988  (cost=0.00..95.68 rows=17 width=40)
                                 Filter: ((unix_time >= '1685451360.04'::double precision) AND (unix_time <= '1685451420.04'::double precision))
   ->  Subquery Scan on "*SELECT* 2990"  (cost=97.82..97.83 rows=1 width=76)
         ->  Limit  (cost=97.82..97.82 rows=1 width=84)
               ->  Sort  (cost=97.82..97.82 rows=1 width=84)
                     Sort Key: (st_distance(st_transform(s_2989.the_geom, 25833), schw_2989.schw))
                     ->  Nested Loop  (cost=0.00..97.81 rows=1 width=84)
                           Join Filter: ((st_transform(s_2989.the_geom, 25833) && st_expand(schw_2989.schw, '300'::double precision)) AND (schw_2989.schw && st_expand(st_transform(s_2989.the_geom, 25833), '300'::double precision)) AND _st_dwithin(st_transform(s_2989.the_geom, 25833), schw_2989.schw, '300'::double precision))
                           ->  Function Scan on schw_2989  (cost=0.00..0.01 rows=1 width=32)
                           ->  Seq Scan on phoml_trajectory_tmp s_2989  (cost=0.00..95.68 rows=17 width=40)
                                 Filter: ((unix_time >= '1685451360.48'::double precision) AND (unix_time <= '1685451420.48'::double precision))
   ->  Subquery Scan on "*SELECT* 2991"  (cost=97.82..97.83 rows=1 width=76)
         ->  Limit  (cost=97.82..97.82 rows=1 width=84)
               ->  Sort  (cost=97.82..97.82 rows=1 width=84)
                     Sort Key: (st_distance(st_transform(s_2990.the_geom, 25833), schw_2990.schw))
                     ->  Nested Loop  (cost=0.00..97.81 rows=1 width=84)
                           Join Filter: ((st_transform(s_2990.the_geom, 25833) && st_expand(schw_2990.schw, '300'::double precision)) AND (schw_2990.schw && st_expand(st_transform(s_2990.the_geom, 25833), '300'::double precision)) AND _st_dwithin(st_transform(s_2990.the_geom, 25833), schw_2990.schw, '300'::double precision))
                           ->  Function Scan on schw_2990  (cost=0.00..0.01 rows=1 width=32)
                           ->  Seq Scan on phoml_trajectory_tmp s_2990  (cost=0.00..95.68 rows=17 width=40)
                                 Filter: ((unix_time >= '1685451360.92'::double precision) AND (unix_time <= '1685451420.92'::double precision))
   ->  Subquery Scan on "*SELECT* 2992"  (cost=97.82..97.83 rows=1 width=76)
         ->  Limit  (cost=97.82..97.82 rows=1 width=84)
               ->  Sort  (cost=97.82..97.82 rows=1 width=84)
                     Sort Key: (st_distance(st_transform(s_2991.the_geom, 25833), schw_2991.schw))
                     ->  Nested Loop  (cost=0.00..97.81 rows=1 width=84)
                           Join Filter: ((st_transform(s_2991.the_geom, 25833) && st_expand(schw_2991.schw, '300'::double precision)) AND (schw_2991.schw && st_expand(st_transform(s_2991.the_geom, 25833), '300'::double precision)) AND _st_dwithin(st_transform(s_2991.the_geom, 25833), schw_2991.schw, '300'::double precision))
                           ->  Function Scan on schw_2991  (cost=0.00..0.01 rows=1 width=32)
                           ->  Seq Scan on phoml_trajectory_tmp s_2991  (cost=0.00..95.68 rows=17 width=40)
                                 Filter: ((unix_time >= '1685451361.356'::double precision) AND (unix_time <= '1685451421.356'::double precision))
   ->  Subquery Scan on "*SELECT* 2993"  (cost=97.82..97.83 rows=1 width=76)
         ->  Limit  (cost=97.82..97.82 rows=1 width=84)
               ->  Sort  (cost=97.82..97.82 rows=1 width=84)
                     Sort Key: (st_distance(st_transform(s_2992.the_geom, 25833), schw_2992.schw))
                     ->  Nested Loop  (cost=0.00..97.81 rows=1 width=84)
                           Join Filter: ((st_transform(s_2992.the_geom, 25833) && st_expand(schw_2992.schw, '300'::double precision)) AND (schw_2992.schw && st_expand(st_transform(s_2992.the_geom, 25833), '300'::double precision)) AND _st_dwithin(st_transform(s_2992.the_geom, 25833), schw_2992.schw, '300'::double precision))
                           ->  Function Scan on schw_2992  (cost=0.00..0.01 rows=1 width=32)
                           ->  Seq Scan on phoml_trajectory_tmp s_2992  (cost=0.00..95.68 rows=17 width=40)
                                 Filter: ((unix_time >= '1685451361.796'::double precision) AND (unix_time <= '1685451421.796'::double precision))
   ->  Subquery Scan on "*SELECT* 2994"  (cost=97.82..97.83 rows=1 width=76)
         ->  Limit  (cost=97.82..97.82 rows=1 width=84)
               ->  Sort  (cost=97.82..97.82 rows=1 width=84)
                     Sort Key: (st_distance(st_transform(s_2993.the_geom, 25833), schw_2993.schw))
                     ->  Nested Loop  (cost=0.00..97.81 rows=1 width=84)
                           Join Filter: ((st_transform(s_2993.the_geom, 25833) && st_expand(schw_2993.schw, '300'::double precision)) AND (schw_2993.schw && st_expand(st_transform(s_2993.the_geom, 25833), '300'::double precision)) AND _st_dwithin(st_transform(s_2993.the_geom, 25833), schw_2993.schw, '300'::double precision))
                           ->  Function Scan on schw_2993  (cost=0.00..0.01 rows=1 width=32)
                           ->  Seq Scan on phoml_trajectory_tmp s_2993  (cost=0.00..95.68 rows=17 width=40)
                                 Filter: ((unix_time >= '1685451362.228'::double precision) AND (unix_time <= '1685451422.228'::double precision))
   ->  Subquery Scan on "*SELECT* 2995"  (cost=97.82..97.83 rows=1 width=76)
         ->  Limit  (cost=97.82..97.82 rows=1 width=84)
               ->  Sort  (cost=97.82..97.82 rows=1 width=84)
                     Sort Key: (st_distance(st_transform(s_2994.the_geom, 25833), schw_2994.schw))
                     ->  Nested Loop  (cost=0.00..97.81 rows=1 width=84)
                           Join Filter: ((st_transform(s_2994.the_geom, 25833) && st_expand(schw_2994.schw, '300'::double precision)) AND (schw_2994.schw && st_expand(st_transform(s_2994.the_geom, 25833), '300'::double precision)) AND _st_dwithin(st_transform(s_2994.the_geom, 25833), schw_2994.schw, '300'::double precision))
                           ->  Function Scan on schw_2994  (cost=0.00..0.01 rows=1 width=32)
                           ->  Seq Scan on phoml_trajectory_tmp s_2994  (cost=0.00..95.68 rows=17 width=40)
                                 Filter: ((unix_time >= '1685451362.658'::double precision) AND (unix_time <= '1685451422.658'::double precision))
   ->  Subquery Scan on "*SELECT* 2996"  (cost=97.82..97.83 rows=1 width=76)
         ->  Limit  (cost=97.82..97.82 rows=1 width=84)
               ->  Sort  (cost=97.82..97.82 rows=1 width=84)
                     Sort Key: (st_distance(st_transform(s_2995.the_geom, 25833), schw_2995.schw))
                     ->  Nested Loop  (cost=0.00..97.81 rows=1 width=84)
                           Join Filter: ((st_transform(s_2995.the_geom, 25833) && st_expand(schw_2995.schw, '300'::double precision)) AND (schw_2995.schw && st_expand(st_transform(s_2995.the_geom, 25833), '300'::double precision)) AND _st_dwithin(st_transform(s_2995.the_geom, 25833), schw_2995.schw, '300'::double precision))
                           ->  Function Scan on schw_2995  (cost=0.00..0.01 rows=1 width=32)
                           ->  Seq Scan on phoml_trajectory_tmp s_2995  (cost=0.00..95.68 rows=17 width=40)
                                 Filter: ((unix_time >= '1685451363.078'::double precision) AND (unix_time <= '1685451423.078'::double precision))
   ->  Subquery Scan on "*SELECT* 2997"  (cost=97.82..97.83 rows=1 width=76)
         ->  Limit  (cost=97.82..97.82 rows=1 width=84)
               ->  Sort  (cost=97.82..97.82 rows=1 width=84)
                     Sort Key: (st_distance(st_transform(s_2996.the_geom, 25833), schw_2996.schw))
                     ->  Nested Loop  (cost=0.00..97.81 rows=1 width=84)
                           Join Filter: ((st_transform(s_2996.the_geom, 25833) && st_expand(schw_2996.schw, '300'::double precision)) AND (schw_2996.schw && st_expand(st_transform(s_2996.the_geom, 25833), '300'::double precision)) AND _st_dwithin(st_transform(s_2996.the_geom, 25833), schw_2996.schw, '300'::double precision))
                           ->  Function Scan on schw_2996  (cost=0.00..0.01 rows=1 width=32)
                           ->  Seq Scan on phoml_trajectory_tmp s_2996  (cost=0.00..95.68 rows=17 width=40)
                                 Filter: ((unix_time >= '1685451363.504'::double precision) AND (unix_time <= '1685451423.504'::double precision))
   ->  Subquery Scan on "*SELECT* 2998"  (cost=97.82..97.83 rows=1 width=76)
         ->  Limit  (cost=97.82..97.82 rows=1 width=84)
               ->  Sort  (cost=97.82..97.82 rows=1 width=84)
                     Sort Key: (st_distance(st_transform(s_2997.the_geom, 25833), schw_2997.schw))
                     ->  Nested Loop  (cost=0.00..97.81 rows=1 width=84)
                           Join Filter: ((st_transform(s_2997.the_geom, 25833) && st_expand(schw_2997.schw, '300'::double precision)) AND (schw_2997.schw && st_expand(st_transform(s_2997.the_geom, 25833), '300'::double precision)) AND _st_dwithin(st_transform(s_2997.the_geom, 25833), schw_2997.schw, '300'::double precision))
                           ->  Function Scan on schw_2997  (cost=0.00..0.01 rows=1 width=32)
                           ->  Seq Scan on phoml_trajectory_tmp s_2997  (cost=0.00..95.68 rows=17 width=40)
                                 Filter: ((unix_time >= '1685451363.924'::double precision) AND (unix_time <= '1685451423.924'::double precision))
   ->  Subquery Scan on "*SELECT* 2999"  (cost=97.82..97.83 rows=1 width=76)
         ->  Limit  (cost=97.82..97.82 rows=1 width=84)
               ->  Sort  (cost=97.82..97.82 rows=1 width=84)
                     Sort Key: (st_distance(st_transform(s_2998.the_geom, 25833), schw_2998.schw))
                     ->  Nested Loop  (cost=0.00..97.81 rows=1 width=84)
                           Join Filter: ((st_transform(s_2998.the_geom, 25833) && st_expand(schw_2998.schw, '300'::double precision)) AND (schw_2998.schw && st_expand(st_transform(s_2998.the_geom, 25833), '300'::double precision)) AND _st_dwithin(st_transform(s_2998.the_geom, 25833), schw_2998.schw, '300'::double precision))
                           ->  Function Scan on schw_2998  (cost=0.00..0.01 rows=1 width=32)
                           ->  Seq Scan on phoml_trajectory_tmp s_2998  (cost=0.00..95.68 rows=17 width=40)
                                 Filter: ((unix_time >= '1685451364.329'::double precision) AND (unix_time <= '1685451424.329'::double precision))
   ->  Subquery Scan on "*SELECT* 3000"  (cost=97.82..97.83 rows=1 width=76)
         ->  Limit  (cost=97.82..97.82 rows=1 width=84)
               ->  Sort  (cost=97.82..97.82 rows=1 width=84)
                     Sort Key: (st_distance(st_transform(s_2999.the_geom, 25833), schw_2999.schw))
                     ->  Nested Loop  (cost=0.00..97.81 rows=1 width=84)
                           Join Filter: ((st_transform(s_2999.the_geom, 25833) && st_expand(schw_2999.schw, '300'::double precision)) AND (schw_2999.schw && st_expand(st_transform(s_2999.the_geom, 25833), '300'::double precision)) AND _st_dwithin(st_transform(s_2999.the_geom, 25833), schw_2999.schw, '300'::double precision))
                           ->  Function Scan on schw_2999  (cost=0.00..0.01 rows=1 width=32)
                           ->  Seq Scan on phoml_trajectory_tmp s_2999  (cost=0.00..95.68 rows=17 width=40)
                                 Filter: ((unix_time >= '1685451364.749'::double precision) AND (unix_time <= '1685451424.749'::double precision))
   ->  Subquery Scan on "*SELECT* 3001"  (cost=97.82..97.83 rows=1 width=76)
         ->  Limit  (cost=97.82..97.82 rows=1 width=84)
               ->  Sort  (cost=97.82..97.82 rows=1 width=84)
                     Sort Key: (st_distance(st_transform(s_3000.the_geom, 25833), schw_3000.schw))
                     ->  Nested Loop  (cost=0.00..97.81 rows=1 width=84)
                           Join Filter: ((st_transform(s_3000.the_geom, 25833) && st_expand(schw_3000.schw, '300'::double precision)) AND (schw_3000.schw && st_expand(st_transform(s_3000.the_geom, 25833), '300'::double precision)) AND _st_dwithin(st_transform(s_3000.the_geom, 25833), schw_3000.schw, '300'::double precision))
                           ->  Function Scan on schw_3000  (cost=0.00..0.01 rows=1 width=32)
                           ->  Seq Scan on phoml_trajectory_tmp s_3000  (cost=0.00..95.68 rows=17 width=40)
                                 Filter: ((unix_time >= '1685451365.15'::double precision) AND (unix_time <= '1685451425.15'::double precision))
   ->  Subquery Scan on "*SELECT* 3002"  (cost=97.82..97.83 rows=1 width=76)
         ->  Limit  (cost=97.82..97.82 rows=1 width=84)
               ->  Sort  (cost=97.82..97.82 rows=1 width=84)
                     Sort Key: (st_distance(st_transform(s_3001.the_geom, 25833), schw_3001.schw))
                     ->  Nested Loop  (cost=0.00..97.81 rows=1 width=84)
                           Join Filter: ((st_transform(s_3001.the_geom, 25833) && st_expand(schw_3001.schw, '300'::double precision)) AND (schw_3001.schw && st_expand(st_transform(s_3001.the_geom, 25833), '300'::double precision)) AND _st_dwithin(st_transform(s_3001.the_geom, 25833), schw_3001.schw, '300'::double precision))
                           ->  Function Scan on schw_3001  (cost=0.00..0.01 rows=1 width=32)
                           ->  Seq Scan on phoml_trajectory_tmp s_3001  (cost=0.00..95.68 rows=17 width=40)
                                 Filter: ((unix_time >= '1685451365.554'::double precision) AND (unix_time <= '1685451425.554'::double precision))
   ->  Subquery Scan on "*SELECT* 3003"  (cost=97.82..97.83 rows=1 width=76)
         ->  Limit  (cost=97.82..97.82 rows=1 width=84)
               ->  Sort  (cost=97.82..97.82 rows=1 width=84)
                     Sort Key: (st_distance(st_transform(s_3002.the_geom, 25833), schw_3002.schw))
                     ->  Nested Loop  (cost=0.00..97.81 rows=1 width=84)
                           Join Filter: ((st_transform(s_3002.the_geom, 25833) && st_expand(schw_3002.schw, '300'::double precision)) AND (schw_3002.schw && st_expand(st_transform(s_3002.the_geom, 25833), '300'::double precision)) AND _st_dwithin(st_transform(s_3002.the_geom, 25833), schw_3002.schw, '300'::double precision))
                           ->  Function Scan on schw_3002  (cost=0.00..0.01 rows=1 width=32)
                           ->  Seq Scan on phoml_trajectory_tmp s_3002  (cost=0.00..95.68 rows=17 width=40)
                                 Filter: ((unix_time >= '1685451365.954'::double precision) AND (unix_time <= '1685451425.954'::double precision))
   ->  Subquery Scan on "*SELECT* 3004"  (cost=97.82..97.83 rows=1 width=76)
         ->  Limit  (cost=97.82..97.82 rows=1 width=84)
               ->  Sort  (cost=97.82..97.82 rows=1 width=84)
                     Sort Key: (st_distance(st_transform(s_3003.the_geom, 25833), schw_3003.schw))
                     ->  Nested Loop  (cost=0.00..97.81 rows=1 width=84)
                           Join Filter: ((st_transform(s_3003.the_geom, 25833) && st_expand(schw_3003.schw, '300'::double precision)) AND (schw_3003.schw && st_expand(st_transform(s_3003.the_geom, 25833), '300'::double precision)) AND _st_dwithin(st_transform(s_3003.the_geom, 25833), schw_3003.schw, '300'::double precision))
                           ->  Function Scan on schw_3003  (cost=0.00..0.01 rows=1 width=32)
                           ->  Seq Scan on phoml_trajectory_tmp s_3003  (cost=0.00..95.68 rows=17 width=40)
                                 Filter: ((unix_time >= '1685451366.337'::double precision) AND (unix_time <= '1685451426.337'::double precision))
   ->  Subquery Scan on "*SELECT* 3005"  (cost=97.82..97.83 rows=1 width=76)
         ->  Limit  (cost=97.82..97.82 rows=1 width=84)
               ->  Sort  (cost=97.82..97.82 rows=1 width=84)
                     Sort Key: (st_distance(st_transform(s_3004.the_geom, 25833), schw_3004.schw))
                     ->  Nested Loop  (cost=0.00..97.81 rows=1 width=84)
                           Join Filter: ((st_transform(s_3004.the_geom, 25833) && st_expand(schw_3004.schw, '300'::double precision)) AND (schw_3004.schw && st_expand(st_transform(s_3004.the_geom, 25833), '300'::double precision)) AND _st_dwithin(st_transform(s_3004.the_geom, 25833), schw_3004.schw, '300'::double precision))
                           ->  Function Scan on schw_3004  (cost=0.00..0.01 rows=1 width=32)
                           ->  Seq Scan on phoml_trajectory_tmp s_3004  (cost=0.00..95.68 rows=17 width=40)
                                 Filter: ((unix_time >= '1685451366.737'::double precision) AND (unix_time <= '1685451426.737'::double precision))
   ->  Subquery Scan on "*SELECT* 3006"  (cost=97.82..97.83 rows=1 width=76)
         ->  Limit  (cost=97.82..97.82 rows=1 width=84)
               ->  Sort  (cost=97.82..97.82 rows=1 width=84)
                     Sort Key: (st_distance(st_transform(s_3005.the_geom, 25833), schw_3005.schw))
                     ->  Nested Loop  (cost=0.00..97.81 rows=1 width=84)
                           Join Filter: ((st_transform(s_3005.the_geom, 25833) && st_expand(schw_3005.schw, '300'::double precision)) AND (schw_3005.schw && st_expand(st_transform(s_3005.the_geom, 25833), '300'::double precision)) AND _st_dwithin(st_transform(s_3005.the_geom, 25833), schw_3005.schw, '300'::double precision))
                           ->  Function Scan on schw_3005  (cost=0.00..0.01 rows=1 width=32)
                           ->  Seq Scan on phoml_trajectory_tmp s_3005  (cost=0.00..95.68 rows=17 width=40)
                                 Filter: ((unix_time >= '1685451367.117'::double precision) AND (unix_time <= '1685451427.117'::double precision))
   ->  Subquery Scan on "*SELECT* 3007"  (cost=97.82..97.83 rows=1 width=76)
         ->  Limit  (cost=97.82..97.82 rows=1 width=84)
               ->  Sort  (cost=97.82..97.82 rows=1 width=84)
                     Sort Key: (st_distance(st_transform(s_3006.the_geom, 25833), schw_3006.schw))
                     ->  Nested Loop  (cost=0.00..97.81 rows=1 width=84)
                           Join Filter: ((st_transform(s_3006.the_geom, 25833) && st_expand(schw_3006.schw, '300'::double precision)) AND (schw_3006.schw && st_expand(st_transform(s_3006.the_geom, 25833), '300'::double precision)) AND _st_dwithin(st_transform(s_3006.the_geom, 25833), schw_3006.schw, '300'::double precision))
                           ->  Function Scan on schw_3006  (cost=0.00..0.01 rows=1 width=32)
                           ->  Seq Scan on phoml_trajectory_tmp s_3006  (cost=0.00..95.68 rows=17 width=40)
                                 Filter: ((unix_time >= '1685451367.497'::double precision) AND (unix_time <= '1685451427.497'::double precision))
   ->  Subquery Scan on "*SELECT* 3008"  (cost=97.82..97.83 rows=1 width=76)
         ->  Limit  (cost=97.82..97.82 rows=1 width=84)
               ->  Sort  (cost=97.82..97.82 rows=1 width=84)
                     Sort Key: (st_distance(st_transform(s_3007.the_geom, 25833), schw_3007.schw))
                     ->  Nested Loop  (cost=0.00..97.81 rows=1 width=84)
                           Join Filter: ((st_transform(s_3007.the_geom, 25833) && st_expand(schw_3007.schw, '300'::double precision)) AND (schw_3007.schw && st_expand(st_transform(s_3007.the_geom, 25833), '300'::double precision)) AND _st_dwithin(st_transform(s_3007.the_geom, 25833), schw_3007.schw, '300'::double precision))
                           ->  Function Scan on schw_3007  (cost=0.00..0.01 rows=1 width=32)
                           ->  Seq Scan on phoml_trajectory_tmp s_3007  (cost=0.00..95.68 rows=17 width=40)
                                 Filter: ((unix_time >= '1685451367.877'::double precision) AND (unix_time <= '1685451427.877'::double precision))
   ->  Subquery Scan on "*SELECT* 3009"  (cost=97.82..97.83 rows=1 width=76)
         ->  Limit  (cost=97.82..97.82 rows=1 width=84)
               ->  Sort  (cost=97.82..97.82 rows=1 width=84)
                     Sort Key: (st_distance(st_transform(s_3008.the_geom, 25833), schw_3008.schw))
                     ->  Nested Loop  (cost=0.00..97.81 rows=1 width=84)
                           Join Filter: ((st_transform(s_3008.the_geom, 25833) && st_expand(schw_3008.schw, '300'::double precision)) AND (schw_3008.schw && st_expand(st_transform(s_3008.the_geom, 25833), '300'::double precision)) AND _st_dwithin(st_transform(s_3008.the_geom, 25833), schw_3008.schw, '300'::double precision))
                           ->  Function Scan on schw_3008  (cost=0.00..0.01 rows=1 width=32)
                           ->  Seq Scan on phoml_trajectory_tmp s_3008  (cost=0.00..95.68 rows=17 width=40)
                                 Filter: ((unix_time >= '1685451368.244'::double precision) AND (unix_time <= '1685451428.244'::double precision))
   ->  Subquery Scan on "*SELECT* 3010"  (cost=97.82..97.83 rows=1 width=76)
         ->  Limit  (cost=97.82..97.82 rows=1 width=84)
               ->  Sort  (cost=97.82..97.82 rows=1 width=84)
                     Sort Key: (st_distance(st_transform(s_3009.the_geom, 25833), schw_3009.schw))
                     ->  Nested Loop  (cost=0.00..97.81 rows=1 width=84)
                           Join Filter: ((st_transform(s_3009.the_geom, 25833) && st_expand(schw_3009.schw, '300'::double precision)) AND (schw_3009.schw && st_expand(st_transform(s_3009.the_geom, 25833), '300'::double precision)) AND _st_dwithin(st_transform(s_3009.the_geom, 25833), schw_3009.schw, '300'::double precision))
                           ->  Function Scan on schw_3009  (cost=0.00..0.01 rows=1 width=32)
                           ->  Seq Scan on phoml_trajectory_tmp s_3009  (cost=0.00..95.68 rows=17 width=40)
                                 Filter: ((unix_time >= '1685451368.614'::double precision) AND (unix_time <= '1685451428.614'::double precision))
   ->  Subquery Scan on "*SELECT* 3011"  (cost=97.82..97.83 rows=1 width=76)
         ->  Limit  (cost=97.82..97.82 rows=1 width=84)
               ->  Sort  (cost=97.82..97.82 rows=1 width=84)
                     Sort Key: (st_distance(st_transform(s_3010.the_geom, 25833), schw_3010.schw))
                     ->  Nested Loop  (cost=0.00..97.81 rows=1 width=84)
                           Join Filter: ((st_transform(s_3010.the_geom, 25833) && st_expand(schw_3010.schw, '300'::double precision)) AND (schw_3010.schw && st_expand(st_transform(s_3010.the_geom, 25833), '300'::double precision)) AND _st_dwithin(st_transform(s_3010.the_geom, 25833), schw_3010.schw, '300'::double precision))
                           ->  Function Scan on schw_3010  (cost=0.00..0.01 rows=1 width=32)
                           ->  Seq Scan on phoml_trajectory_tmp s_3010  (cost=0.00..95.68 rows=17 width=40)
                                 Filter: ((unix_time >= '1685451368.984'::double precision) AND (unix_time <= '1685451428.984'::double precision))
   ->  Subquery Scan on "*SELECT* 3012"  (cost=97.82..97.83 rows=1 width=76)
         ->  Limit  (cost=97.82..97.82 rows=1 width=84)
               ->  Sort  (cost=97.82..97.82 rows=1 width=84)
                     Sort Key: (st_distance(st_transform(s_3011.the_geom, 25833), schw_3011.schw))
                     ->  Nested Loop  (cost=0.00..97.81 rows=1 width=84)
                           Join Filter: ((st_transform(s_3011.the_geom, 25833) && st_expand(schw_3011.schw, '300'::double precision)) AND (schw_3011.schw && st_expand(st_transform(s_3011.the_geom, 25833), '300'::double precision)) AND _st_dwithin(st_transform(s_3011.the_geom, 25833), schw_3011.schw, '300'::double precision))
                           ->  Function Scan on schw_3011  (cost=0.00..0.01 rows=1 width=32)
                           ->  Seq Scan on phoml_trajectory_tmp s_3011  (cost=0.00..95.68 rows=17 width=40)
                                 Filter: ((unix_time >= '1685451369.346'::double precision) AND (unix_time <= '1685451429.346'::double precision))
   ->  Subquery Scan on "*SELECT* 3013"  (cost=97.82..97.83 rows=1 width=76)
         ->  Limit  (cost=97.82..97.82 rows=1 width=84)
               ->  Sort  (cost=97.82..97.82 rows=1 width=84)
                     Sort Key: (st_distance(st_transform(s_3012.the_geom, 25833), schw_3012.schw))
                     ->  Nested Loop  (cost=0.00..97.81 rows=1 width=84)
                           Join Filter: ((st_transform(s_3012.the_geom, 25833) && st_expand(schw_3012.schw, '300'::double precision)) AND (schw_3012.schw && st_expand(st_transform(s_3012.the_geom, 25833), '300'::double precision)) AND _st_dwithin(st_transform(s_3012.the_geom, 25833), schw_3012.schw, '300'::double precision))
                           ->  Function Scan on schw_3012  (cost=0.00..0.01 rows=1 width=32)
                           ->  Seq Scan on phoml_trajectory_tmp s_3012  (cost=0.00..95.68 rows=17 width=40)
                                 Filter: ((unix_time >= '1685451369.716'::double precision) AND (unix_time <= '1685451429.716'::double precision))
   ->  Subquery Scan on "*SELECT* 3014"  (cost=97.82..97.83 rows=1 width=76)
         ->  Limit  (cost=97.82..97.82 rows=1 width=84)
               ->  Sort  (cost=97.82..97.82 rows=1 width=84)
                     Sort Key: (st_distance(st_transform(s_3013.the_geom, 25833), schw_3013.schw))
                     ->  Nested Loop  (cost=0.00..97.81 rows=1 width=84)
                           Join Filter: ((st_transform(s_3013.the_geom, 25833) && st_expand(schw_3013.schw, '300'::double precision)) AND (schw_3013.schw && st_expand(st_transform(s_3013.the_geom, 25833), '300'::double precision)) AND _st_dwithin(st_transform(s_3013.the_geom, 25833), schw_3013.schw, '300'::double precision))
                           ->  Function Scan on schw_3013  (cost=0.00..0.01 rows=1 width=32)
                           ->  Seq Scan on phoml_trajectory_tmp s_3013  (cost=0.00..95.68 rows=17 width=40)
                                 Filter: ((unix_time >= '1685451370.077'::double precision) AND (unix_time <= '1685451430.077'::double precision))
   ->  Subquery Scan on "*SELECT* 3015"  (cost=97.82..97.83 rows=1 width=76)
         ->  Limit  (cost=97.82..97.82 rows=1 width=84)
               ->  Sort  (cost=97.82..97.82 rows=1 width=84)
                     Sort Key: (st_distance(st_transform(s_3014.the_geom, 25833), schw_3014.schw))
                     ->  Nested Loop  (cost=0.00..97.81 rows=1 width=84)
                           Join Filter: ((st_transform(s_3014.the_geom, 25833) && st_expand(schw_3014.schw, '300'::double precision)) AND (schw_3014.schw && st_expand(st_transform(s_3014.the_geom, 25833), '300'::double precision)) AND _st_dwithin(st_transform(s_3014.the_geom, 25833), schw_3014.schw, '300'::double precision))
                           ->  Function Scan on schw_3014  (cost=0.00..0.01 rows=1 width=32)
                           ->  Seq Scan on phoml_trajectory_tmp s_3014  (cost=0.00..95.68 rows=17 width=40)
                                 Filter: ((unix_time >= '1685451370.452'::double precision) AND (unix_time <= '1685451430.452'::double precision))
   ->  Subquery Scan on "*SELECT* 3016"  (cost=97.82..97.83 rows=1 width=76)
         ->  Limit  (cost=97.82..97.82 rows=1 width=84)
               ->  Sort  (cost=97.82..97.82 rows=1 width=84)
                     Sort Key: (st_distance(st_transform(s_3015.the_geom, 25833), schw_3015.schw))
                     ->  Nested Loop  (cost=0.00..97.81 rows=1 width=84)
                           Join Filter: ((st_transform(s_3015.the_geom, 25833) && st_expand(schw_3015.schw, '300'::double precision)) AND (schw_3015.schw && st_expand(st_transform(s_3015.the_geom, 25833), '300'::double precision)) AND _st_dwithin(st_transform(s_3015.the_geom, 25833), schw_3015.schw, '300'::double precision))
                           ->  Function Scan on schw_3015  (cost=0.00..0.01 rows=1 width=32)
                           ->  Seq Scan on phoml_trajectory_tmp s_3015  (cost=0.00..95.68 rows=17 width=40)
                                 Filter: ((unix_time >= '1685451370.822'::double precision) AND (unix_time <= '1685451430.822'::double precision))
   ->  Subquery Scan on "*SELECT* 3017"  (cost=97.82..97.83 rows=1 width=76)
         ->  Limit  (cost=97.82..97.82 rows=1 width=84)
               ->  Sort  (cost=97.82..97.82 rows=1 width=84)
                     Sort Key: (st_distance(st_transform(s_3016.the_geom, 25833), schw_3016.schw))
                     ->  Nested Loop  (cost=0.00..97.81 rows=1 width=84)
                           Join Filter: ((st_transform(s_3016.the_geom, 25833) && st_expand(schw_3016.schw, '300'::double precision)) AND (schw_3016.schw && st_expand(st_transform(s_3016.the_geom, 25833), '300'::double precision)) AND _st_dwithin(st_transform(s_3016.the_geom, 25833), schw_3016.schw, '300'::double precision))
                           ->  Function Scan on schw_3016  (cost=0.00..0.01 rows=1 width=32)
                           ->  Seq Scan on phoml_trajectory_tmp s_3016  (cost=0.00..95.68 rows=17 width=40)
                                 Filter: ((unix_time >= '1685451371.206'::double precision) AND (unix_time <= '1685451431.206'::double precision))
   ->  Subquery Scan on "*SELECT* 3018"  (cost=97.82..97.83 rows=1 width=76)
         ->  Limit  (cost=97.82..97.82 rows=1 width=84)
               ->  Sort  (cost=97.82..97.82 rows=1 width=84)
                     Sort Key: (st_distance(st_transform(s_3017.the_geom, 25833), schw_3017.schw))
                     ->  Nested Loop  (cost=0.00..97.81 rows=1 width=84)
                           Join Filter: ((st_transform(s_3017.the_geom, 25833) && st_expand(schw_3017.schw, '300'::double precision)) AND (schw_3017.schw && st_expand(st_transform(s_3017.the_geom, 25833), '300'::double precision)) AND _st_dwithin(st_transform(s_3017.the_geom, 25833), schw_3017.schw, '300'::double precision))
                           ->  Function Scan on schw_3017  (cost=0.00..0.01 rows=1 width=32)
                           ->  Seq Scan on phoml_trajectory_tmp s_3017  (cost=0.00..95.68 rows=17 width=40)
                                 Filter: ((unix_time >= '1685451371.566'::double precision) AND (unix_time <= '1685451431.566'::double precision))
   ->  Subquery Scan on "*SELECT* 3019"  (cost=97.82..97.83 rows=1 width=76)
         ->  Limit  (cost=97.82..97.82 rows=1 width=84)
               ->  Sort  (cost=97.82..97.82 rows=1 width=84)
                     Sort Key: (st_distance(st_transform(s_3018.the_geom, 25833), schw_3018.schw))
                     ->  Nested Loop  (cost=0.00..97.81 rows=1 width=84)
                           Join Filter: ((st_transform(s_3018.the_geom, 25833) && st_expand(schw_3018.schw, '300'::double precision)) AND (schw_3018.schw && st_expand(st_transform(s_3018.the_geom, 25833), '300'::double precision)) AND _st_dwithin(st_transform(s_3018.the_geom, 25833), schw_3018.schw, '300'::double precision))
                           ->  Function Scan on schw_3018  (cost=0.00..0.01 rows=1 width=32)
                           ->  Seq Scan on phoml_trajectory_tmp s_3018  (cost=0.00..95.68 rows=17 width=40)
                                 Filter: ((unix_time >= '1685451371.946'::double precision) AND (unix_time <= '1685451431.946'::double precision))
   ->  Subquery Scan on "*SELECT* 3020"  (cost=97.82..97.83 rows=1 width=76)
         ->  Limit  (cost=97.82..97.82 rows=1 width=84)
               ->  Sort  (cost=97.82..97.82 rows=1 width=84)
                     Sort Key: (st_distance(st_transform(s_3019.the_geom, 25833), schw_3019.schw))
                     ->  Nested Loop  (cost=0.00..97.81 rows=1 width=84)
                           Join Filter: ((st_transform(s_3019.the_geom, 25833) && st_expand(schw_3019.schw, '300'::double precision)) AND (schw_3019.schw && st_expand(st_transform(s_3019.the_geom, 25833), '300'::double precision)) AND _st_dwithin(st_transform(s_3019.the_geom, 25833), schw_3019.schw, '300'::double precision))
                           ->  Function Scan on schw_3019  (cost=0.00..0.01 rows=1 width=32)
                           ->  Seq Scan on phoml_trajectory_tmp s_3019  (cost=0.00..95.68 rows=17 width=40)
                                 Filter: ((unix_time >= '1685451372.319'::double precision) AND (unix_time <= '1685451432.319'::double precision))
   ->  Subquery Scan on "*SELECT* 3021"  (cost=97.82..97.83 rows=1 width=76)
         ->  Limit  (cost=97.82..97.82 rows=1 width=84)
               ->  Sort  (cost=97.82..97.82 rows=1 width=84)
                     Sort Key: (st_distance(st_transform(s_3020.the_geom, 25833), schw_3020.schw))
                     ->  Nested Loop  (cost=0.00..97.81 rows=1 width=84)
                           Join Filter: ((st_transform(s_3020.the_geom, 25833) && st_expand(schw_3020.schw, '300'::double precision)) AND (schw_3020.schw && st_expand(st_transform(s_3020.the_geom, 25833), '300'::double precision)) AND _st_dwithin(st_transform(s_3020.the_geom, 25833), schw_3020.schw, '300'::double precision))
                           ->  Function Scan on schw_3020  (cost=0.00..0.01 rows=1 width=32)
                           ->  Seq Scan on phoml_trajectory_tmp s_3020  (cost=0.00..95.68 rows=17 width=40)
                                 Filter: ((unix_time >= '1685451372.689'::double precision) AND (unix_time <= '1685451432.689'::double precision))
   ->  Subquery Scan on "*SELECT* 3022"  (cost=97.82..97.83 rows=1 width=76)
         ->  Limit  (cost=97.82..97.82 rows=1 width=84)
               ->  Sort  (cost=97.82..97.82 rows=1 width=84)
                     Sort Key: (st_distance(st_transform(s_3021.the_geom, 25833), schw_3021.schw))
                     ->  Nested Loop  (cost=0.00..97.81 rows=1 width=84)
                           Join Filter: ((st_transform(s_3021.the_geom, 25833) && st_expand(schw_3021.schw, '300'::double precision)) AND (schw_3021.schw && st_expand(st_transform(s_3021.the_geom, 25833), '300'::double precision)) AND _st_dwithin(st_transform(s_3021.the_geom, 25833), schw_3021.schw, '300'::double precision))
                           ->  Function Scan on schw_3021  (cost=0.00..0.01 rows=1 width=32)
                           ->  Seq Scan on phoml_trajectory_tmp s_3021  (cost=0.00..95.68 rows=17 width=40)
                                 Filter: ((unix_time >= '1685451373.069'::double precision) AND (unix_time <= '1685451433.069'::double precision))
   ->  Subquery Scan on "*SELECT* 3023"  (cost=97.82..97.83 rows=1 width=76)
         ->  Limit  (cost=97.82..97.82 rows=1 width=84)
               ->  Sort  (cost=97.82..97.82 rows=1 width=84)
                     Sort Key: (st_distance(st_transform(s_3022.the_geom, 25833), schw_3022.schw))
                     ->  Nested Loop  (cost=0.00..97.81 rows=1 width=84)
                           Join Filter: ((st_transform(s_3022.the_geom, 25833) && st_expand(schw_3022.schw, '300'::double precision)) AND (schw_3022.schw && st_expand(st_transform(s_3022.the_geom, 25833), '300'::double precision)) AND _st_dwithin(st_transform(s_3022.the_geom, 25833), schw_3022.schw, '300'::double precision))
                           ->  Function Scan on schw_3022  (cost=0.00..0.01 rows=1 width=32)
                           ->  Seq Scan on phoml_trajectory_tmp s_3022  (cost=0.00..95.68 rows=17 width=40)
                                 Filter: ((unix_time >= '1685451373.445'::double precision) AND (unix_time <= '1685451433.445'::double precision))
   ->  Subquery Scan on "*SELECT* 3024"  (cost=97.82..97.83 rows=1 width=76)
         ->  Limit  (cost=97.82..97.82 rows=1 width=84)
               ->  Sort  (cost=97.82..97.82 rows=1 width=84)
                     Sort Key: (st_distance(st_transform(s_3023.the_geom, 25833), schw_3023.schw))
                     ->  Nested Loop  (cost=0.00..97.81 rows=1 width=84)
                           Join Filter: ((st_transform(s_3023.the_geom, 25833) && st_expand(schw_3023.schw, '300'::double precision)) AND (schw_3023.schw && st_expand(st_transform(s_3023.the_geom, 25833), '300'::double precision)) AND _st_dwithin(st_transform(s_3023.the_geom, 25833), schw_3023.schw, '300'::double precision))
                           ->  Function Scan on schw_3023  (cost=0.00..0.01 rows=1 width=32)
                           ->  Seq Scan on phoml_trajectory_tmp s_3023  (cost=0.00..95.68 rows=17 width=40)
                                 Filter: ((unix_time >= '1685451373.825'::double precision) AND (unix_time <= '1685451433.825'::double precision))
   ->  Subquery Scan on "*SELECT* 3025"  (cost=97.82..97.83 rows=1 width=76)
         ->  Limit  (cost=97.82..97.82 rows=1 width=84)
               ->  Sort  (cost=97.82..97.82 rows=1 width=84)
                     Sort Key: (st_distance(st_transform(s_3024.the_geom, 25833), schw_3024.schw))
                     ->  Nested Loop  (cost=0.00..97.81 rows=1 width=84)
                           Join Filter: ((st_transform(s_3024.the_geom, 25833) && st_expand(schw_3024.schw, '300'::double precision)) AND (schw_3024.schw && st_expand(st_transform(s_3024.the_geom, 25833), '300'::double precision)) AND _st_dwithin(st_transform(s_3024.the_geom, 25833), schw_3024.schw, '300'::double precision))
                           ->  Function Scan on schw_3024  (cost=0.00..0.01 rows=1 width=32)
                           ->  Seq Scan on phoml_trajectory_tmp s_3024  (cost=0.00..95.68 rows=17 width=40)
                                 Filter: ((unix_time >= '1685451374.215'::double precision) AND (unix_time <= '1685451434.215'::double precision))
   ->  Subquery Scan on "*SELECT* 3026"  (cost=97.82..97.83 rows=1 width=76)
         ->  Limit  (cost=97.82..97.82 rows=1 width=84)
               ->  Sort  (cost=97.82..97.82 rows=1 width=84)
                     Sort Key: (st_distance(st_transform(s_3025.the_geom, 25833), schw_3025.schw))
                     ->  Nested Loop  (cost=0.00..97.81 rows=1 width=84)
                           Join Filter: ((st_transform(s_3025.the_geom, 25833) && st_expand(schw_3025.schw, '300'::double precision)) AND (schw_3025.schw && st_expand(st_transform(s_3025.the_geom, 25833), '300'::double precision)) AND _st_dwithin(st_transform(s_3025.the_geom, 25833), schw_3025.schw, '300'::double precision))
                           ->  Function Scan on schw_3025  (cost=0.00..0.01 rows=1 width=32)
                           ->  Seq Scan on phoml_trajectory_tmp s_3025  (cost=0.00..95.68 rows=17 width=40)
                                 Filter: ((unix_time >= '1685451374.585'::double precision) AND (unix_time <= '1685451434.585'::double precision))
   ->  Subquery Scan on "*SELECT* 3027"  (cost=97.82..97.83 rows=1 width=76)
         ->  Limit  (cost=97.82..97.82 rows=1 width=84)
               ->  Sort  (cost=97.82..97.82 rows=1 width=84)
                     Sort Key: (st_distance(st_transform(s_3026.the_geom, 25833), schw_3026.schw))
                     ->  Nested Loop  (cost=0.00..97.81 rows=1 width=84)
                           Join Filter: ((st_transform(s_3026.the_geom, 25833) && st_expand(schw_3026.schw, '300'::double precision)) AND (schw_3026.schw && st_expand(st_transform(s_3026.the_geom, 25833), '300'::double precision)) AND _st_dwithin(st_transform(s_3026.the_geom, 25833), schw_3026.schw, '300'::double precision))
                           ->  Function Scan on schw_3026  (cost=0.00..0.01 rows=1 width=32)
                           ->  Seq Scan on phoml_trajectory_tmp s_3026  (cost=0.00..95.68 rows=17 width=40)
                                 Filter: ((unix_time >= '1685451374.965'::double precision) AND (unix_time <= '1685451434.965'::double precision))
   ->  Subquery Scan on "*SELECT* 3028"  (cost=97.82..97.83 rows=1 width=76)
         ->  Limit  (cost=97.82..97.82 rows=1 width=84)
               ->  Sort  (cost=97.82..97.82 rows=1 width=84)
                     Sort Key: (st_distance(st_transform(s_3027.the_geom, 25833), schw_3027.schw))
                     ->  Nested Loop  (cost=0.00..97.81 rows=1 width=84)
                           Join Filter: ((st_transform(s_3027.the_geom, 25833) && st_expand(schw_3027.schw, '300'::double precision)) AND (schw_3027.schw && st_expand(st_transform(s_3027.the_geom, 25833), '300'::double precision)) AND _st_dwithin(st_transform(s_3027.the_geom, 25833), schw_3027.schw, '300'::double precision))
                           ->  Function Scan on schw_3027  (cost=0.00..0.01 rows=1 width=32)
                           ->  Seq Scan on phoml_trajectory_tmp s_3027  (cost=0.00..95.68 rows=17 width=40)
                                 Filter: ((unix_time >= '1685451375.342'::double precision) AND (unix_time <= '1685451435.342'::double precision))
   ->  Subquery Scan on "*SELECT* 3029"  (cost=97.82..97.83 rows=1 width=76)
         ->  Limit  (cost=97.82..97.82 rows=1 width=84)
               ->  Sort  (cost=97.82..97.82 rows=1 width=84)
                     Sort Key: (st_distance(st_transform(s_3028.the_geom, 25833), schw_3028.schw))
                     ->  Nested Loop  (cost=0.00..97.81 rows=1 width=84)
                           Join Filter: ((st_transform(s_3028.the_geom, 25833) && st_expand(schw_3028.schw, '300'::double precision)) AND (schw_3028.schw && st_expand(st_transform(s_3028.the_geom, 25833), '300'::double precision)) AND _st_dwithin(st_transform(s_3028.the_geom, 25833), schw_3028.schw, '300'::double precision))
                           ->  Function Scan on schw_3028  (cost=0.00..0.01 rows=1 width=32)
                           ->  Seq Scan on phoml_trajectory_tmp s_3028  (cost=0.00..95.68 rows=17 width=40)
                                 Filter: ((unix_time >= '1685451375.732'::double precision) AND (unix_time <= '1685451435.732'::double precision))
   ->  Subquery Scan on "*SELECT* 3030"  (cost=97.82..97.83 rows=1 width=76)
         ->  Limit  (cost=97.82..97.82 rows=1 width=84)
               ->  Sort  (cost=97.82..97.82 rows=1 width=84)
                     Sort Key: (st_distance(st_transform(s_3029.the_geom, 25833), schw_3029.schw))
                     ->  Nested Loop  (cost=0.00..97.81 rows=1 width=84)
                           Join Filter: ((st_transform(s_3029.the_geom, 25833) && st_expand(schw_3029.schw, '300'::double precision)) AND (schw_3029.schw && st_expand(st_transform(s_3029.the_geom, 25833), '300'::double precision)) AND _st_dwithin(st_transform(s_3029.the_geom, 25833), schw_3029.schw, '300'::double precision))
                           ->  Function Scan on schw_3029  (cost=0.00..0.01 rows=1 width=32)
                           ->  Seq Scan on phoml_trajectory_tmp s_3029  (cost=0.00..95.68 rows=17 width=40)
                                 Filter: ((unix_time >= '1685451376.092'::double precision) AND (unix_time <= '1685451436.092'::double precision))
   ->  Subquery Scan on "*SELECT* 3031"  (cost=97.82..97.83 rows=1 width=76)
         ->  Limit  (cost=97.82..97.82 rows=1 width=84)
               ->  Sort  (cost=97.82..97.82 rows=1 width=84)
                     Sort Key: (st_distance(st_transform(s_3030.the_geom, 25833), schw_3030.schw))
                     ->  Nested Loop  (cost=0.00..97.81 rows=1 width=84)
                           Join Filter: ((st_transform(s_3030.the_geom, 25833) && st_expand(schw_3030.schw, '300'::double precision)) AND (schw_3030.schw && st_expand(st_transform(s_3030.the_geom, 25833), '300'::double precision)) AND _st_dwithin(st_transform(s_3030.the_geom, 25833), schw_3030.schw, '300'::double precision))
                           ->  Function Scan on schw_3030  (cost=0.00..0.01 rows=1 width=32)
                           ->  Seq Scan on phoml_trajectory_tmp s_3030  (cost=0.00..95.68 rows=17 width=40)
                                 Filter: ((unix_time >= '1685451376.469'::double precision) AND (unix_time <= '1685451436.469'::double precision))
   ->  Subquery Scan on "*SELECT* 3032"  (cost=97.82..97.83 rows=1 width=76)
         ->  Limit  (cost=97.82..97.82 rows=1 width=84)
               ->  Sort  (cost=97.82..97.82 rows=1 width=84)
                     Sort Key: (st_distance(st_transform(s_3031.the_geom, 25833), schw_3031.schw))
                     ->  Nested Loop  (cost=0.00..97.81 rows=1 width=84)
                           Join Filter: ((st_transform(s_3031.the_geom, 25833) && st_expand(schw_3031.schw, '300'::double precision)) AND (schw_3031.schw && st_expand(st_transform(s_3031.the_geom, 25833), '300'::double precision)) AND _st_dwithin(st_transform(s_3031.the_geom, 25833), schw_3031.schw, '300'::double precision))
                           ->  Function Scan on schw_3031  (cost=0.00..0.01 rows=1 width=32)
                           ->  Seq Scan on phoml_trajectory_tmp s_3031  (cost=0.00..95.68 rows=17 width=40)
                                 Filter: ((unix_time >= '1685451376.839'::double precision) AND (unix_time <= '1685451436.839'::double precision))
   ->  Subquery Scan on "*SELECT* 3033"  (cost=97.82..97.83 rows=1 width=76)
         ->  Limit  (cost=97.82..97.82 rows=1 width=84)
               ->  Sort  (cost=97.82..97.82 rows=1 width=84)
                     Sort Key: (st_distance(st_transform(s_3032.the_geom, 25833), schw_3032.schw))
                     ->  Nested Loop  (cost=0.00..97.81 rows=1 width=84)
                           Join Filter: ((st_transform(s_3032.the_geom, 25833) && st_expand(schw_3032.schw, '300'::double precision)) AND (schw_3032.schw && st_expand(st_transform(s_3032.the_geom, 25833), '300'::double precision)) AND _st_dwithin(st_transform(s_3032.the_geom, 25833), schw_3032.schw, '300'::double precision))
                           ->  Function Scan on schw_3032  (cost=0.00..0.01 rows=1 width=32)
                           ->  Seq Scan on phoml_trajectory_tmp s_3032  (cost=0.00..95.68 rows=17 width=40)
                                 Filter: ((unix_time >= '1685451377.221'::double precision) AND (unix_time <= '1685451437.221'::double precision))
   ->  Subquery Scan on "*SELECT* 3034"  (cost=97.82..97.83 rows=1 width=76)
         ->  Limit  (cost=97.82..97.82 rows=1 width=84)
               ->  Sort  (cost=97.82..97.82 rows=1 width=84)
                     Sort Key: (st_distance(st_transform(s_3033.the_geom, 25833), schw_3033.schw))
                     ->  Nested Loop  (cost=0.00..97.81 rows=1 width=84)
                           Join Filter: ((st_transform(s_3033.the_geom, 25833) && st_expand(schw_3033.schw, '300'::double precision)) AND (schw_3033.schw && st_expand(st_transform(s_3033.the_geom, 25833), '300'::double precision)) AND _st_dwithin(st_transform(s_3033.the_geom, 25833), schw_3033.schw, '300'::double precision))
                           ->  Function Scan on schw_3033  (cost=0.00..0.01 rows=1 width=32)
                           ->  Seq Scan on phoml_trajectory_tmp s_3033  (cost=0.00..95.68 rows=17 width=40)
                                 Filter: ((unix_time >= '1685451377.571'::double precision) AND (unix_time <= '1685451437.571'::double precision))
   ->  Subquery Scan on "*SELECT* 3035"  (cost=97.82..97.83 rows=1 width=76)
         ->  Limit  (cost=97.82..97.82 rows=1 width=84)
               ->  Sort  (cost=97.82..97.82 rows=1 width=84)
                     Sort Key: (st_distance(st_transform(s_3034.the_geom, 25833), schw_3034.schw))
                     ->  Nested Loop  (cost=0.00..97.81 rows=1 width=84)
                           Join Filter: ((st_transform(s_3034.the_geom, 25833) && st_expand(schw_3034.schw, '300'::double precision)) AND (schw_3034.schw && st_expand(st_transform(s_3034.the_geom, 25833), '300'::double precision)) AND _st_dwithin(st_transform(s_3034.the_geom, 25833), schw_3034.schw, '300'::double precision))
                           ->  Function Scan on schw_3034  (cost=0.00..0.01 rows=1 width=32)
                           ->  Seq Scan on phoml_trajectory_tmp s_3034  (cost=0.00..95.68 rows=17 width=40)
                                 Filter: ((unix_time >= '1685451377.941'::double precision) AND (unix_time <= '1685451437.941'::double precision))
   ->  Subquery Scan on "*SELECT* 3036"  (cost=97.82..97.83 rows=1 width=76)
         ->  Limit  (cost=97.82..97.82 rows=1 width=84)
               ->  Sort  (cost=97.82..97.82 rows=1 width=84)
                     Sort Key: (st_distance(st_transform(s_3035.the_geom, 25833), schw_3035.schw))
                     ->  Nested Loop  (cost=0.00..97.81 rows=1 width=84)
                           Join Filter: ((st_transform(s_3035.the_geom, 25833) && st_expand(schw_3035.schw, '300'::double precision)) AND (schw_3035.schw && st_expand(st_transform(s_3035.the_geom, 25833), '300'::double precision)) AND _st_dwithin(st_transform(s_3035.the_geom, 25833), schw_3035.schw, '300'::double precision))
                           ->  Function Scan on schw_3035  (cost=0.00..0.01 rows=1 width=32)
                           ->  Seq Scan on phoml_trajectory_tmp s_3035  (cost=0.00..95.68 rows=17 width=40)
                                 Filter: ((unix_time >= '1685451378.305'::double precision) AND (unix_time <= '1685451438.305'::double precision))
   ->  Subquery Scan on "*SELECT* 3037"  (cost=97.82..97.83 rows=1 width=76)
         ->  Limit  (cost=97.82..97.82 rows=1 width=84)
               ->  Sort  (cost=97.82..97.82 rows=1 width=84)
                     Sort Key: (st_distance(st_transform(s_3036.the_geom, 25833), schw_3036.schw))
                     ->  Nested Loop  (cost=0.00..97.81 rows=1 width=84)
                           Join Filter: ((st_transform(s_3036.the_geom, 25833) && st_expand(schw_3036.schw, '300'::double precision)) AND (schw_3036.schw && st_expand(st_transform(s_3036.the_geom, 25833), '300'::double precision)) AND _st_dwithin(st_transform(s_3036.the_geom, 25833), schw_3036.schw, '300'::double precision))
                           ->  Function Scan on schw_3036  (cost=0.00..0.01 rows=1 width=32)
                           ->  Seq Scan on phoml_trajectory_tmp s_3036  (cost=0.00..95.68 rows=17 width=40)
                                 Filter: ((unix_time >= '1685451378.675'::double precision) AND (unix_time <= '1685451438.675'::double precision))
   ->  Subquery Scan on "*SELECT* 3038"  (cost=97.82..97.83 rows=1 width=76)
         ->  Limit  (cost=97.82..97.82 rows=1 width=84)
               ->  Sort  (cost=97.82..97.82 rows=1 width=84)
                     Sort Key: (st_distance(st_transform(s_3037.the_geom, 25833), schw_3037.schw))
                     ->  Nested Loop  (cost=0.00..97.81 rows=1 width=84)
                           Join Filter: ((st_transform(s_3037.the_geom, 25833) && st_expand(schw_3037.schw, '300'::double precision)) AND (schw_3037.schw && st_expand(st_transform(s_3037.the_geom, 25833), '300'::double precision)) AND _st_dwithin(st_transform(s_3037.the_geom, 25833), schw_3037.schw, '300'::double precision))
                           ->  Function Scan on schw_3037  (cost=0.00..0.01 rows=1 width=32)
                           ->  Seq Scan on phoml_trajectory_tmp s_3037  (cost=0.00..95.68 rows=17 width=40)
                                 Filter: ((unix_time >= '1685451379.035'::double precision) AND (unix_time <= '1685451439.035'::double precision))
   ->  Subquery Scan on "*SELECT* 3039"  (cost=97.82..97.83 rows=1 width=76)
         ->  Limit  (cost=97.82..97.82 rows=1 width=84)
               ->  Sort  (cost=97.82..97.82 rows=1 width=84)
                     Sort Key: (st_distance(st_transform(s_3038.the_geom, 25833), schw_3038.schw))
                     ->  Nested Loop  (cost=0.00..97.81 rows=1 width=84)
                           Join Filter: ((st_transform(s_3038.the_geom, 25833) && st_expand(schw_3038.schw, '300'::double precision)) AND (schw_3038.schw && st_expand(st_transform(s_3038.the_geom, 25833), '300'::double precision)) AND _st_dwithin(st_transform(s_3038.the_geom, 25833), schw_3038.schw, '300'::double precision))
                           ->  Function Scan on schw_3038  (cost=0.00..0.01 rows=1 width=32)
                           ->  Seq Scan on phoml_trajectory_tmp s_3038  (cost=0.00..95.68 rows=17 width=40)
                                 Filter: ((unix_time >= '1685451379.412'::double precision) AND (unix_time <= '1685451439.412'::double precision))
   ->  Subquery Scan on "*SELECT* 3040"  (cost=97.82..97.83 rows=1 width=76)
         ->  Limit  (cost=97.82..97.82 rows=1 width=84)
               ->  Sort  (cost=97.82..97.82 rows=1 width=84)
                     Sort Key: (st_distance(st_transform(s_3039.the_geom, 25833), schw_3039.schw))
                     ->  Nested Loop  (cost=0.00..97.81 rows=1 width=84)
                           Join Filter: ((st_transform(s_3039.the_geom, 25833) && st_expand(schw_3039.schw, '300'::double precision)) AND (schw_3039.schw && st_expand(st_transform(s_3039.the_geom, 25833), '300'::double precision)) AND _st_dwithin(st_transform(s_3039.the_geom, 25833), schw_3039.schw, '300'::double precision))
                           ->  Function Scan on schw_3039  (cost=0.00..0.01 rows=1 width=32)
                           ->  Seq Scan on phoml_trajectory_tmp s_3039  (cost=0.00..95.68 rows=17 width=40)
                                 Filter: ((unix_time >= '1685451379.782'::double precision) AND (unix_time <= '1685451439.782'::double precision))
   ->  Subquery Scan on "*SELECT* 3041"  (cost=97.82..97.83 rows=1 width=76)
         ->  Limit  (cost=97.82..97.82 rows=1 width=84)
               ->  Sort  (cost=97.82..97.82 rows=1 width=84)
                     Sort Key: (st_distance(st_transform(s_3040.the_geom, 25833), schw_3040.schw))
                     ->  Nested Loop  (cost=0.00..97.81 rows=1 width=84)
                           Join Filter: ((st_transform(s_3040.the_geom, 25833) && st_expand(schw_3040.schw, '300'::double precision)) AND (schw_3040.schw && st_expand(st_transform(s_3040.the_geom, 25833), '300'::double precision)) AND _st_dwithin(st_transform(s_3040.the_geom, 25833), schw_3040.schw, '300'::double precision))
                           ->  Function Scan on schw_3040  (cost=0.00..0.01 rows=1 width=32)
                           ->  Seq Scan on phoml_trajectory_tmp s_3040  (cost=0.00..95.68 rows=17 width=40)
                                 Filter: ((unix_time >= '1685451380.161'::double precision) AND (unix_time <= '1685451440.161'::double precision))
   ->  Subquery Scan on "*SELECT* 3042"  (cost=97.82..97.83 rows=1 width=76)
         ->  Limit  (cost=97.82..97.82 rows=1 width=84)
               ->  Sort  (cost=97.82..97.82 rows=1 width=84)
                     Sort Key: (st_distance(st_transform(s_3041.the_geom, 25833), schw_3041.schw))
                     ->  Nested Loop  (cost=0.00..97.81 rows=1 width=84)
                           Join Filter: ((st_transform(s_3041.the_geom, 25833) && st_expand(schw_3041.schw, '300'::double precision)) AND (schw_3041.schw && st_expand(st_transform(s_3041.the_geom, 25833), '300'::double precision)) AND _st_dwithin(st_transform(s_3041.the_geom, 25833), schw_3041.schw, '300'::double precision))
                           ->  Function Scan on schw_3041  (cost=0.00..0.01 rows=1 width=32)
                           ->  Seq Scan on phoml_trajectory_tmp s_3041  (cost=0.00..95.68 rows=17 width=40)
                                 Filter: ((unix_time >= '1685451380.531'::double precision) AND (unix_time <= '1685451440.531'::double precision))
   ->  Subquery Scan on "*SELECT* 3043"  (cost=97.82..97.83 rows=1 width=76)
         ->  Limit  (cost=97.82..97.82 rows=1 width=84)
               ->  Sort  (cost=97.82..97.82 rows=1 width=84)
                     Sort Key: (st_distance(st_transform(s_3042.the_geom, 25833), schw_3042.schw))
                     ->  Nested Loop  (cost=0.00..97.81 rows=1 width=84)
                           Join Filter: ((st_transform(s_3042.the_geom, 25833) && st_expand(schw_3042.schw, '300'::double precision)) AND (schw_3042.schw && st_expand(st_transform(s_3042.the_geom, 25833), '300'::double precision)) AND _st_dwithin(st_transform(s_3042.the_geom, 25833), schw_3042.schw, '300'::double precision))
                           ->  Function Scan on schw_3042  (cost=0.00..0.01 rows=1 width=32)
                           ->  Seq Scan on phoml_trajectory_tmp s_3042  (cost=0.00..95.68 rows=17 width=40)
                                 Filter: ((unix_time >= '1685451380.911'::double precision) AND (unix_time <= '1685451440.911'::double precision))
   ->  Subquery Scan on "*SELECT* 3044"  (cost=97.82..97.83 rows=1 width=76)
         ->  Limit  (cost=97.82..97.82 rows=1 width=84)
               ->  Sort  (cost=97.82..97.82 rows=1 width=84)
                     Sort Key: (st_distance(st_transform(s_3043.the_geom, 25833), schw_3043.schw))
                     ->  Nested Loop  (cost=0.00..97.81 rows=1 width=84)
                           Join Filter: ((st_transform(s_3043.the_geom, 25833) && st_expand(schw_3043.schw, '300'::double precision)) AND (schw_3043.schw && st_expand(st_transform(s_3043.the_geom, 25833), '300'::double precision)) AND _st_dwithin(st_transform(s_3043.the_geom, 25833), schw_3043.schw, '300'::double precision))
                           ->  Function Scan on schw_3043  (cost=0.00..0.01 rows=1 width=32)
                           ->  Seq Scan on phoml_trajectory_tmp s_3043  (cost=0.00..95.68 rows=17 width=40)
                                 Filter: ((unix_time >= '1685451381.275'::double precision) AND (unix_time <= '1685451441.275'::double precision))
   ->  Subquery Scan on "*SELECT* 3045"  (cost=97.82..97.83 rows=1 width=76)
         ->  Limit  (cost=97.82..97.82 rows=1 width=84)
               ->  Sort  (cost=97.82..97.82 rows=1 width=84)
                     Sort Key: (st_distance(st_transform(s_3044.the_geom, 25833), schw_3044.schw))
                     ->  Nested Loop  (cost=0.00..97.81 rows=1 width=84)
                           Join Filter: ((st_transform(s_3044.the_geom, 25833) && st_expand(schw_3044.schw, '300'::double precision)) AND (schw_3044.schw && st_expand(st_transform(s_3044.the_geom, 25833), '300'::double precision)) AND _st_dwithin(st_transform(s_3044.the_geom, 25833), schw_3044.schw, '300'::double precision))
                           ->  Function Scan on schw_3044  (cost=0.00..0.01 rows=1 width=32)
                           ->  Seq Scan on phoml_trajectory_tmp s_3044  (cost=0.00..95.68 rows=17 width=40)
                                 Filter: ((unix_time >= '1685451381.665'::double precision) AND (unix_time <= '1685451441.665'::double precision))
   ->  Subquery Scan on "*SELECT* 3046"  (cost=97.82..97.83 rows=1 width=76)
         ->  Limit  (cost=97.82..97.82 rows=1 width=84)
               ->  Sort  (cost=97.82..97.82 rows=1 width=84)
                     Sort Key: (st_distance(st_transform(s_3045.the_geom, 25833), schw_3045.schw))
                     ->  Nested Loop  (cost=0.00..97.81 rows=1 width=84)
                           Join Filter: ((st_transform(s_3045.the_geom, 25833) && st_expand(schw_3045.schw, '300'::double precision)) AND (schw_3045.schw && st_expand(st_transform(s_3045.the_geom, 25833), '300'::double precision)) AND _st_dwithin(st_transform(s_3045.the_geom, 25833), schw_3045.schw, '300'::double precision))
                           ->  Function Scan on schw_3045  (cost=0.00..0.01 rows=1 width=32)
                           ->  Seq Scan on phoml_trajectory_tmp s_3045  (cost=0.00..95.68 rows=17 width=40)
                                 Filter: ((unix_time >= '1685451382.035'::double precision) AND (unix_time <= '1685451442.035'::double precision))
   ->  Subquery Scan on "*SELECT* 3047"  (cost=97.82..97.83 rows=1 width=76)
         ->  Limit  (cost=97.82..97.82 rows=1 width=84)
               ->  Sort  (cost=97.82..97.82 rows=1 width=84)
                     Sort Key: (st_distance(st_transform(s_3046.the_geom, 25833), schw_3046.schw))
                     ->  Nested Loop  (cost=0.00..97.81 rows=1 width=84)
                           Join Filter: ((st_transform(s_3046.the_geom, 25833) && st_expand(schw_3046.schw, '300'::double precision)) AND (schw_3046.schw && st_expand(st_transform(s_3046.the_geom, 25833), '300'::double precision)) AND _st_dwithin(st_transform(s_3046.the_geom, 25833), schw_3046.schw, '300'::double precision))
                           ->  Function Scan on schw_3046  (cost=0.00..0.01 rows=1 width=32)
                           ->  Seq Scan on phoml_trajectory_tmp s_3046  (cost=0.00..95.68 rows=17 width=40)
                                 Filter: ((unix_time >= '1685451382.423'::double precision) AND (unix_time <= '1685451442.423'::double precision))
   ->  Subquery Scan on "*SELECT* 3048"  (cost=97.82..97.83 rows=1 width=76)
         ->  Limit  (cost=97.82..97.82 rows=1 width=84)
               ->  Sort  (cost=97.82..97.82 rows=1 width=84)
                     Sort Key: (st_distance(st_transform(s_3047.the_geom, 25833), schw_3047.schw))
                     ->  Nested Loop  (cost=0.00..97.81 rows=1 width=84)
                           Join Filter: ((st_transform(s_3047.the_geom, 25833) && st_expand(schw_3047.schw, '300'::double precision)) AND (schw_3047.schw && st_expand(st_transform(s_3047.the_geom, 25833), '300'::double precision)) AND _st_dwithin(st_transform(s_3047.the_geom, 25833), schw_3047.schw, '300'::double precision))
                           ->  Function Scan on schw_3047  (cost=0.00..0.01 rows=1 width=32)
                           ->  Seq Scan on phoml_trajectory_tmp s_3047  (cost=0.00..95.68 rows=17 width=40)
                                 Filter: ((unix_time >= '1685451382.803'::double precision) AND (unix_time <= '1685451442.803'::double precision))
   ->  Subquery Scan on "*SELECT* 3049"  (cost=97.82..97.83 rows=1 width=76)
         ->  Limit  (cost=97.82..97.82 rows=1 width=84)
               ->  Sort  (cost=97.82..97.82 rows=1 width=84)
                     Sort Key: (st_distance(st_transform(s_3048.the_geom, 25833), schw_3048.schw))
                     ->  Nested Loop  (cost=0.00..97.81 rows=1 width=84)
                           Join Filter: ((st_transform(s_3048.the_geom, 25833) && st_expand(schw_3048.schw, '300'::double precision)) AND (schw_3048.schw && st_expand(st_transform(s_3048.the_geom, 25833), '300'::double precision)) AND _st_dwithin(st_transform(s_3048.the_geom, 25833), schw_3048.schw, '300'::double precision))
                           ->  Function Scan on schw_3048  (cost=0.00..0.01 rows=1 width=32)
                           ->  Seq Scan on phoml_trajectory_tmp s_3048  (cost=0.00..95.68 rows=17 width=40)
                                 Filter: ((unix_time >= '1685451383.194'::double precision) AND (unix_time <= '1685451443.194'::double precision))
   ->  Subquery Scan on "*SELECT* 3050"  (cost=97.82..97.83 rows=1 width=76)
         ->  Limit  (cost=97.82..97.82 rows=1 width=84)
               ->  Sort  (cost=97.82..97.82 rows=1 width=84)
                     Sort Key: (st_distance(st_transform(s_3049.the_geom, 25833), schw_3049.schw))
                     ->  Nested Loop  (cost=0.00..97.81 rows=1 width=84)
                           Join Filter: ((st_transform(s_3049.the_geom, 25833) && st_expand(schw_3049.schw, '300'::double precision)) AND (schw_3049.schw && st_expand(st_transform(s_3049.the_geom, 25833), '300'::double precision)) AND _st_dwithin(st_transform(s_3049.the_geom, 25833), schw_3049.schw, '300'::double precision))
                           ->  Function Scan on schw_3049  (cost=0.00..0.01 rows=1 width=32)
                           ->  Seq Scan on phoml_trajectory_tmp s_3049  (cost=0.00..95.68 rows=17 width=40)
                                 Filter: ((unix_time >= '1685451383.564'::double precision) AND (unix_time <= '1685451443.564'::double precision))
   ->  Subquery Scan on "*SELECT* 3051"  (cost=97.82..97.83 rows=1 width=76)
         ->  Limit  (cost=97.82..97.82 rows=1 width=84)
               ->  Sort  (cost=97.82..97.82 rows=1 width=84)
                     Sort Key: (st_distance(st_transform(s_3050.the_geom, 25833), schw_3050.schw))
                     ->  Nested Loop  (cost=0.00..97.81 rows=1 width=84)
                           Join Filter: ((st_transform(s_3050.the_geom, 25833) && st_expand(schw_3050.schw, '300'::double precision)) AND (schw_3050.schw && st_expand(st_transform(s_3050.the_geom, 25833), '300'::double precision)) AND _st_dwithin(st_transform(s_3050.the_geom, 25833), schw_3050.schw, '300'::double precision))
                           ->  Function Scan on schw_3050  (cost=0.00..0.01 rows=1 width=32)
                           ->  Seq Scan on phoml_trajectory_tmp s_3050  (cost=0.00..95.68 rows=17 width=40)
                                 Filter: ((unix_time >= '1685451383.954'::double precision) AND (unix_time <= '1685451443.954'::double precision))
   ->  Subquery Scan on "*SELECT* 3052"  (cost=97.82..97.83 rows=1 width=76)
         ->  Limit  (cost=97.82..97.82 rows=1 width=84)
               ->  Sort  (cost=97.82..97.82 rows=1 width=84)
                     Sort Key: (st_distance(st_transform(s_3051.the_geom, 25833), schw_3051.schw))
                     ->  Nested Loop  (cost=0.00..97.81 rows=1 width=84)
                           Join Filter: ((st_transform(s_3051.the_geom, 25833) && st_expand(schw_3051.schw, '300'::double precision)) AND (schw_3051.schw && st_expand(st_transform(s_3051.the_geom, 25833), '300'::double precision)) AND _st_dwithin(st_transform(s_3051.the_geom, 25833), schw_3051.schw, '300'::double precision))
                           ->  Function Scan on schw_3051  (cost=0.00..0.01 rows=1 width=32)
                           ->  Seq Scan on phoml_trajectory_tmp s_3051  (cost=0.00..95.68 rows=17 width=40)
                                 Filter: ((unix_time >= '1685451384.329'::double precision) AND (unix_time <= '1685451444.329'::double precision))
   ->  Subquery Scan on "*SELECT* 3053"  (cost=97.82..97.83 rows=1 width=76)
         ->  Limit  (cost=97.82..97.82 rows=1 width=84)
               ->  Sort  (cost=97.82..97.82 rows=1 width=84)
                     Sort Key: (st_distance(st_transform(s_3052.the_geom, 25833), schw_3052.schw))
                     ->  Nested Loop  (cost=0.00..97.81 rows=1 width=84)
                           Join Filter: ((st_transform(s_3052.the_geom, 25833) && st_expand(schw_3052.schw, '300'::double precision)) AND (schw_3052.schw && st_expand(st_transform(s_3052.the_geom, 25833), '300'::double precision)) AND _st_dwithin(st_transform(s_3052.the_geom, 25833), schw_3052.schw, '300'::double precision))
                           ->  Function Scan on schw_3052  (cost=0.00..0.01 rows=1 width=32)
                           ->  Seq Scan on phoml_trajectory_tmp s_3052  (cost=0.00..95.68 rows=17 width=40)
                                 Filter: ((unix_time >= '1685451384.719'::double precision) AND (unix_time <= '1685451444.719'::double precision))
   ->  Subquery Scan on "*SELECT* 3054"  (cost=97.82..97.83 rows=1 width=76)
         ->  Limit  (cost=97.82..97.82 rows=1 width=84)
               ->  Sort  (cost=97.82..97.82 rows=1 width=84)
                     Sort Key: (st_distance(st_transform(s_3053.the_geom, 25833), schw_3053.schw))
                     ->  Nested Loop  (cost=0.00..97.81 rows=1 width=84)
                           Join Filter: ((st_transform(s_3053.the_geom, 25833) && st_expand(schw_3053.schw, '300'::double precision)) AND (schw_3053.schw && st_expand(st_transform(s_3053.the_geom, 25833), '300'::double precision)) AND _st_dwithin(st_transform(s_3053.the_geom, 25833), schw_3053.schw, '300'::double precision))
                           ->  Function Scan on schw_3053  (cost=0.00..0.01 rows=1 width=32)
                           ->  Seq Scan on phoml_trajectory_tmp s_3053  (cost=0.00..95.68 rows=17 width=40)
                                 Filter: ((unix_time >= '1685451385.089'::double precision) AND (unix_time <= '1685451445.089'::double precision))
   ->  Subquery Scan on "*SELECT* 3055"  (cost=97.82..97.83 rows=1 width=76)
         ->  Limit  (cost=97.82..97.82 rows=1 width=84)
               ->  Sort  (cost=97.82..97.82 rows=1 width=84)
                     Sort Key: (st_distance(st_transform(s_3054.the_geom, 25833), schw_3054.schw))
                     ->  Nested Loop  (cost=0.00..97.81 rows=1 width=84)
                           Join Filter: ((st_transform(s_3054.the_geom, 25833) && st_expand(schw_3054.schw, '300'::double precision)) AND (schw_3054.schw && st_expand(st_transform(s_3054.the_geom, 25833), '300'::double precision)) AND _st_dwithin(st_transform(s_3054.the_geom, 25833), schw_3054.schw, '300'::double precision))
                           ->  Function Scan on schw_3054  (cost=0.00..0.01 rows=1 width=32)
                           ->  Seq Scan on phoml_trajectory_tmp s_3054  (cost=0.00..95.68 rows=17 width=40)
                                 Filter: ((unix_time >= '1685451385.482'::double precision) AND (unix_time <= '1685451445.482'::double precision))
   ->  Subquery Scan on "*SELECT* 3056"  (cost=97.82..97.83 rows=1 width=76)
         ->  Limit  (cost=97.82..97.82 rows=1 width=84)
               ->  Sort  (cost=97.82..97.82 rows=1 width=84)
                     Sort Key: (st_distance(st_transform(s_3055.the_geom, 25833), schw_3055.schw))
                     ->  Nested Loop  (cost=0.00..97.81 rows=1 width=84)
                           Join Filter: ((st_transform(s_3055.the_geom, 25833) && st_expand(schw_3055.schw, '300'::double precision)) AND (schw_3055.schw && st_expand(st_transform(s_3055.the_geom, 25833), '300'::double precision)) AND _st_dwithin(st_transform(s_3055.the_geom, 25833), schw_3055.schw, '300'::double precision))
                           ->  Function Scan on schw_3055  (cost=0.00..0.01 rows=1 width=32)
                           ->  Seq Scan on phoml_trajectory_tmp s_3055  (cost=0.00..95.68 rows=17 width=40)
                                 Filter: ((unix_time >= '1685451385.872'::double precision) AND (unix_time <= '1685451445.872'::double precision))
   ->  Subquery Scan on "*SELECT* 3057"  (cost=97.82..97.83 rows=1 width=76)
         ->  Limit  (cost=97.82..97.82 rows=1 width=84)
               ->  Sort  (cost=97.82..97.82 rows=1 width=84)
                     Sort Key: (st_distance(st_transform(s_3056.the_geom, 25833), schw_3056.schw))
                     ->  Nested Loop  (cost=0.00..97.81 rows=1 width=84)
                           Join Filter: ((st_transform(s_3056.the_geom, 25833) && st_expand(schw_3056.schw, '300'::double precision)) AND (schw_3056.schw && st_expand(st_transform(s_3056.the_geom, 25833), '300'::double precision)) AND _st_dwithin(st_transform(s_3056.the_geom, 25833), schw_3056.schw, '300'::double precision))
                           ->  Function Scan on schw_3056  (cost=0.00..0.01 rows=1 width=32)
                           ->  Seq Scan on phoml_trajectory_tmp s_3056  (cost=0.00..95.68 rows=17 width=40)
                                 Filter: ((unix_time >= '1685451386.246'::double precision) AND (unix_time <= '1685451446.246'::double precision))
   ->  Subquery Scan on "*SELECT* 3058"  (cost=97.82..97.83 rows=1 width=76)
         ->  Limit  (cost=97.82..97.82 rows=1 width=84)
               ->  Sort  (cost=97.82..97.82 rows=1 width=84)
                     Sort Key: (st_distance(st_transform(s_3057.the_geom, 25833), schw_3057.schw))
                     ->  Nested Loop  (cost=0.00..97.81 rows=1 width=84)
                           Join Filter: ((st_transform(s_3057.the_geom, 25833) && st_expand(schw_3057.schw, '300'::double precision)) AND (schw_3057.schw && st_expand(st_transform(s_3057.the_geom, 25833), '300'::double precision)) AND _st_dwithin(st_transform(s_3057.the_geom, 25833), schw_3057.schw, '300'::double precision))
                           ->  Function Scan on schw_3057  (cost=0.00..0.01 rows=1 width=32)
                           ->  Seq Scan on phoml_trajectory_tmp s_3057  (cost=0.00..95.68 rows=17 width=40)
                                 Filter: ((unix_time >= '1685451386.616'::double precision) AND (unix_time <= '1685451446.616'::double precision))
   ->  Subquery Scan on "*SELECT* 3059"  (cost=97.82..97.83 rows=1 width=76)
         ->  Limit  (cost=97.82..97.82 rows=1 width=84)
               ->  Sort  (cost=97.82..97.82 rows=1 width=84)
                     Sort Key: (st_distance(st_transform(s_3058.the_geom, 25833), schw_3058.schw))
                     ->  Nested Loop  (cost=0.00..97.81 rows=1 width=84)
                           Join Filter: ((st_transform(s_3058.the_geom, 25833) && st_expand(schw_3058.schw, '300'::double precision)) AND (schw_3058.schw && st_expand(st_transform(s_3058.the_geom, 25833), '300'::double precision)) AND _st_dwithin(st_transform(s_3058.the_geom, 25833), schw_3058.schw, '300'::double precision))
                           ->  Function Scan on schw_3058  (cost=0.00..0.01 rows=1 width=32)
                           ->  Seq Scan on phoml_trajectory_tmp s_3058  (cost=0.00..95.68 rows=17 width=40)
                                 Filter: ((unix_time >= '1685451386.986'::double precision) AND (unix_time <= '1685451446.986'::double precision))
   ->  Subquery Scan on "*SELECT* 3060"  (cost=97.82..97.83 rows=1 width=76)
         ->  Limit  (cost=97.82..97.82 rows=1 width=84)
               ->  Sort  (cost=97.82..97.82 rows=1 width=84)
                     Sort Key: (st_distance(st_transform(s_3059.the_geom, 25833), schw_3059.schw))
                     ->  Nested Loop  (cost=0.00..97.81 rows=1 width=84)
                           Join Filter: ((st_transform(s_3059.the_geom, 25833) && st_expand(schw_3059.schw, '300'::double precision)) AND (schw_3059.schw && st_expand(st_transform(s_3059.the_geom, 25833), '300'::double precision)) AND _st_dwithin(st_transform(s_3059.the_geom, 25833), schw_3059.schw, '300'::double precision))
                           ->  Function Scan on schw_3059  (cost=0.00..0.01 rows=1 width=32)
                           ->  Seq Scan on phoml_trajectory_tmp s_3059  (cost=0.00..95.68 rows=17 width=40)
                                 Filter: ((unix_time >= '1685451387.373'::double precision) AND (unix_time <= '1685451447.373'::double precision))
   ->  Subquery Scan on "*SELECT* 3061"  (cost=97.82..97.83 rows=1 width=76)
         ->  Limit  (cost=97.82..97.82 rows=1 width=84)
               ->  Sort  (cost=97.82..97.82 rows=1 width=84)
                     Sort Key: (st_distance(st_transform(s_3060.the_geom, 25833), schw_3060.schw))
                     ->  Nested Loop  (cost=0.00..97.81 rows=1 width=84)
                           Join Filter: ((st_transform(s_3060.the_geom, 25833) && st_expand(schw_3060.schw, '300'::double precision)) AND (schw_3060.schw && st_expand(st_transform(s_3060.the_geom, 25833), '300'::double precision)) AND _st_dwithin(st_transform(s_3060.the_geom, 25833), schw_3060.schw, '300'::double precision))
                           ->  Function Scan on schw_3060  (cost=0.00..0.01 rows=1 width=32)
                           ->  Seq Scan on phoml_trajectory_tmp s_3060  (cost=0.00..95.68 rows=17 width=40)
                                 Filter: ((unix_time >= '1685451387.743'::double precision) AND (unix_time <= '1685451447.743'::double precision))
   ->  Subquery Scan on "*SELECT* 3062"  (cost=97.82..97.83 rows=1 width=76)
         ->  Limit  (cost=97.82..97.82 rows=1 width=84)
               ->  Sort  (cost=97.82..97.82 rows=1 width=84)
                     Sort Key: (st_distance(st_transform(s_3061.the_geom, 25833), schw_3061.schw))
                     ->  Nested Loop  (cost=0.00..97.81 rows=1 width=84)
                           Join Filter: ((st_transform(s_3061.the_geom, 25833) && st_expand(schw_3061.schw, '300'::double precision)) AND (schw_3061.schw && st_expand(st_transform(s_3061.the_geom, 25833), '300'::double precision)) AND _st_dwithin(st_transform(s_3061.the_geom, 25833), schw_3061.schw, '300'::double precision))
                           ->  Function Scan on schw_3061  (cost=0.00..0.01 rows=1 width=32)
                           ->  Seq Scan on phoml_trajectory_tmp s_3061  (cost=0.00..95.68 rows=17 width=40)
                                 Filter: ((unix_time >= '1685451388.113'::double precision) AND (unix_time <= '1685451448.113'::double precision))
   ->  Subquery Scan on "*SELECT* 3063"  (cost=97.82..97.83 rows=1 width=76)
         ->  Limit  (cost=97.82..97.82 rows=1 width=84)
               ->  Sort  (cost=97.82..97.82 rows=1 width=84)
                     Sort Key: (st_distance(st_transform(s_3062.the_geom, 25833), schw_3062.schw))
                     ->  Nested Loop  (cost=0.00..97.81 rows=1 width=84)
                           Join Filter: ((st_transform(s_3062.the_geom, 25833) && st_expand(schw_3062.schw, '300'::double precision)) AND (schw_3062.schw && st_expand(st_transform(s_3062.the_geom, 25833), '300'::double precision)) AND _st_dwithin(st_transform(s_3062.the_geom, 25833), schw_3062.schw, '300'::double precision))
                           ->  Function Scan on schw_3062  (cost=0.00..0.01 rows=1 width=32)
                           ->  Seq Scan on phoml_trajectory_tmp s_3062  (cost=0.00..95.68 rows=17 width=40)
                                 Filter: ((unix_time >= '1685451388.468'::double precision) AND (unix_time <= '1685451448.468'::double precision))
   ->  Subquery Scan on "*SELECT* 3064"  (cost=97.82..97.83 rows=1 width=76)
         ->  Limit  (cost=97.82..97.82 rows=1 width=84)
               ->  Sort  (cost=97.82..97.82 rows=1 width=84)
                     Sort Key: (st_distance(st_transform(s_3063.the_geom, 25833), schw_3063.schw))
                     ->  Nested Loop  (cost=0.00..97.81 rows=1 width=84)
                           Join Filter: ((st_transform(s_3063.the_geom, 25833) && st_expand(schw_3063.schw, '300'::double precision)) AND (schw_3063.schw && st_expand(st_transform(s_3063.the_geom, 25833), '300'::double precision)) AND _st_dwithin(st_transform(s_3063.the_geom, 25833), schw_3063.schw, '300'::double precision))
                           ->  Function Scan on schw_3063  (cost=0.00..0.01 rows=1 width=32)
                           ->  Seq Scan on phoml_trajectory_tmp s_3063  (cost=0.00..95.68 rows=17 width=40)
                                 Filter: ((unix_time >= '1685451388.818'::double precision) AND (unix_time <= '1685451448.818'::double precision))
   ->  Subquery Scan on "*SELECT* 3065"  (cost=97.82..97.83 rows=1 width=76)
         ->  Limit  (cost=97.82..97.82 rows=1 width=84)
               ->  Sort  (cost=97.82..97.82 rows=1 width=84)
                     Sort Key: (st_distance(st_transform(s_3064.the_geom, 25833), schw_3064.schw))
                     ->  Nested Loop  (cost=0.00..97.81 rows=1 width=84)
                           Join Filter: ((st_transform(s_3064.the_geom, 25833) && st_expand(schw_3064.schw, '300'::double precision)) AND (schw_3064.schw && st_expand(st_transform(s_3064.the_geom, 25833), '300'::double precision)) AND _st_dwithin(st_transform(s_3064.the_geom, 25833), schw_3064.schw, '300'::double precision))
                           ->  Function Scan on schw_3064  (cost=0.00..0.01 rows=1 width=32)
                           ->  Seq Scan on phoml_trajectory_tmp s_3064  (cost=0.00..95.68 rows=17 width=40)
                                 Filter: ((unix_time >= '1685451389.197'::double precision) AND (unix_time <= '1685451449.197'::double precision))
   ->  Subquery Scan on "*SELECT* 3066"  (cost=97.82..97.83 rows=1 width=76)
         ->  Limit  (cost=97.82..97.82 rows=1 width=84)
               ->  Sort  (cost=97.82..97.82 rows=1 width=84)
                     Sort Key: (st_distance(st_transform(s_3065.the_geom, 25833), schw_3065.schw))
                     ->  Nested Loop  (cost=0.00..97.81 rows=1 width=84)
                           Join Filter: ((st_transform(s_3065.the_geom, 25833) && st_expand(schw_3065.schw, '300'::double precision)) AND (schw_3065.schw && st_expand(st_transform(s_3065.the_geom, 25833), '300'::double precision)) AND _st_dwithin(st_transform(s_3065.the_geom, 25833), schw_3065.schw, '300'::double precision))
                           ->  Function Scan on schw_3065  (cost=0.00..0.01 rows=1 width=32)
                           ->  Seq Scan on phoml_trajectory_tmp s_3065  (cost=0.00..95.68 rows=17 width=40)
                                 Filter: ((unix_time >= '1685451389.537'::double precision) AND (unix_time <= '1685451449.537'::double precision))
   ->  Subquery Scan on "*SELECT* 3067"  (cost=97.82..97.83 rows=1 width=76)
         ->  Limit  (cost=97.82..97.82 rows=1 width=84)
               ->  Sort  (cost=97.82..97.82 rows=1 width=84)
                     Sort Key: (st_distance(st_transform(s_3066.the_geom, 25833), schw_3066.schw))
                     ->  Nested Loop  (cost=0.00..97.81 rows=1 width=84)
                           Join Filter: ((st_transform(s_3066.the_geom, 25833) && st_expand(schw_3066.schw, '300'::double precision)) AND (schw_3066.schw && st_expand(st_transform(s_3066.the_geom, 25833), '300'::double precision)) AND _st_dwithin(st_transform(s_3066.the_geom, 25833), schw_3066.schw, '300'::double precision))
                           ->  Function Scan on schw_3066  (cost=0.00..0.01 rows=1 width=32)
                           ->  Seq Scan on phoml_trajectory_tmp s_3066  (cost=0.00..95.68 rows=17 width=40)
                                 Filter: ((unix_time >= '1685451389.867'::double precision) AND (unix_time <= '1685451449.867'::double precision))
   ->  Subquery Scan on "*SELECT* 3068"  (cost=97.82..97.83 rows=1 width=76)
         ->  Limit  (cost=97.82..97.82 rows=1 width=84)
               ->  Sort  (cost=97.82..97.82 rows=1 width=84)
                     Sort Key: (st_distance(st_transform(s_3067.the_geom, 25833), schw_3067.schw))
                     ->  Nested Loop  (cost=0.00..97.81 rows=1 width=84)
                           Join Filter: ((st_transform(s_3067.the_geom, 25833) && st_expand(schw_3067.schw, '300'::double precision)) AND (schw_3067.schw && st_expand(st_transform(s_3067.the_geom, 25833), '300'::double precision)) AND _st_dwithin(st_transform(s_3067.the_geom, 25833), schw_3067.schw, '300'::double precision))
                           ->  Function Scan on schw_3067  (cost=0.00..0.01 rows=1 width=32)
                           ->  Seq Scan on phoml_trajectory_tmp s_3067  (cost=0.00..95.68 rows=17 width=40)
                                 Filter: ((unix_time >= '1685451390.231'::double precision) AND (unix_time <= '1685451450.231'::double precision))
   ->  Subquery Scan on "*SELECT* 3069"  (cost=97.82..97.83 rows=1 width=76)
         ->  Limit  (cost=97.82..97.82 rows=1 width=84)
               ->  Sort  (cost=97.82..97.82 rows=1 width=84)
                     Sort Key: (st_distance(st_transform(s_3068.the_geom, 25833), schw_3068.schw))
                     ->  Nested Loop  (cost=0.00..97.81 rows=1 width=84)
                           Join Filter: ((st_transform(s_3068.the_geom, 25833) && st_expand(schw_3068.schw, '300'::double precision)) AND (schw_3068.schw && st_expand(st_transform(s_3068.the_geom, 25833), '300'::double precision)) AND _st_dwithin(st_transform(s_3068.the_geom, 25833), schw_3068.schw, '300'::double precision))
                           ->  Function Scan on schw_3068  (cost=0.00..0.01 rows=1 width=32)
                           ->  Seq Scan on phoml_trajectory_tmp s_3068  (cost=0.00..95.68 rows=17 width=40)
                                 Filter: ((unix_time >= '1685451390.571'::double precision) AND (unix_time <= '1685451450.571'::double precision))
   ->  Subquery Scan on "*SELECT* 3070"  (cost=97.82..97.83 rows=1 width=76)
         ->  Limit  (cost=97.82..97.82 rows=1 width=84)
               ->  Sort  (cost=97.82..97.82 rows=1 width=84)
                     Sort Key: (st_distance(st_transform(s_3069.the_geom, 25833), schw_3069.schw))
                     ->  Nested Loop  (cost=0.00..97.81 rows=1 width=84)
                           Join Filter: ((st_transform(s_3069.the_geom, 25833) && st_expand(schw_3069.schw, '300'::double precision)) AND (schw_3069.schw && st_expand(st_transform(s_3069.the_geom, 25833), '300'::double precision)) AND _st_dwithin(st_transform(s_3069.the_geom, 25833), schw_3069.schw, '300'::double precision))
                           ->  Function Scan on schw_3069  (cost=0.00..0.01 rows=1 width=32)
                           ->  Seq Scan on phoml_trajectory_tmp s_3069  (cost=0.00..95.68 rows=17 width=40)
                                 Filter: ((unix_time >= '1685451390.911'::double precision) AND (unix_time <= '1685451450.911'::double precision))
   ->  Subquery Scan on "*SELECT* 3071"  (cost=97.82..97.83 rows=1 width=76)
         ->  Limit  (cost=97.82..97.82 rows=1 width=84)
               ->  Sort  (cost=97.82..97.82 rows=1 width=84)
                     Sort Key: (st_distance(st_transform(s_3070.the_geom, 25833), schw_3070.schw))
                     ->  Nested Loop  (cost=0.00..97.81 rows=1 width=84)
                           Join Filter: ((st_transform(s_3070.the_geom, 25833) && st_expand(schw_3070.schw, '300'::double precision)) AND (schw_3070.schw && st_expand(st_transform(s_3070.the_geom, 25833), '300'::double precision)) AND _st_dwithin(st_transform(s_3070.the_geom, 25833), schw_3070.schw, '300'::double precision))
                           ->  Function Scan on schw_3070  (cost=0.00..0.01 rows=1 width=32)
                           ->  Seq Scan on phoml_trajectory_tmp s_3070  (cost=0.00..95.68 rows=17 width=40)
                                 Filter: ((unix_time >= '1685451391.262'::double precision) AND (unix_time <= '1685451451.262'::double precision))
   ->  Subquery Scan on "*SELECT* 3072"  (cost=97.82..97.83 rows=1 width=76)
         ->  Limit  (cost=97.82..97.82 rows=1 width=84)
               ->  Sort  (cost=97.82..97.82 rows=1 width=84)
                     Sort Key: (st_distance(st_transform(s_3071.the_geom, 25833), schw_3071.schw))
                     ->  Nested Loop  (cost=0.00..97.81 rows=1 width=84)
                           Join Filter: ((st_transform(s_3071.the_geom, 25833) && st_expand(schw_3071.schw, '300'::double precision)) AND (schw_3071.schw && st_expand(st_transform(s_3071.the_geom, 25833), '300'::double precision)) AND _st_dwithin(st_transform(s_3071.the_geom, 25833), schw_3071.schw, '300'::double precision))
                           ->  Function Scan on schw_3071  (cost=0.00..0.01 rows=1 width=32)
                           ->  Seq Scan on phoml_trajectory_tmp s_3071  (cost=0.00..95.68 rows=17 width=40)
                                 Filter: ((unix_time >= '1685451391.602'::double precision) AND (unix_time <= '1685451451.602'::double precision))
   ->  Subquery Scan on "*SELECT* 3073"  (cost=97.82..97.83 rows=1 width=76)
         ->  Limit  (cost=97.82..97.82 rows=1 width=84)
               ->  Sort  (cost=97.82..97.82 rows=1 width=84)
                     Sort Key: (st_distance(st_transform(s_3072.the_geom, 25833), schw_3072.schw))
                     ->  Nested Loop  (cost=0.00..97.81 rows=1 width=84)
                           Join Filter: ((st_transform(s_3072.the_geom, 25833) && st_expand(schw_3072.schw, '300'::double precision)) AND (schw_3072.schw && st_expand(st_transform(s_3072.the_geom, 25833), '300'::double precision)) AND _st_dwithin(st_transform(s_3072.the_geom, 25833), schw_3072.schw, '300'::double precision))
                           ->  Function Scan on schw_3072  (cost=0.00..0.01 rows=1 width=32)
                           ->  Seq Scan on phoml_trajectory_tmp s_3072  (cost=0.00..95.68 rows=17 width=40)
                                 Filter: ((unix_time >= '1685451391.942'::double precision) AND (unix_time <= '1685451451.942'::double precision))
   ->  Subquery Scan on "*SELECT* 3074"  (cost=97.82..97.83 rows=1 width=76)
         ->  Limit  (cost=97.82..97.82 rows=1 width=84)
               ->  Sort  (cost=97.82..97.82 rows=1 width=84)
                     Sort Key: (st_distance(st_transform(s_3073.the_geom, 25833), schw_3073.schw))
                     ->  Nested Loop  (cost=0.00..97.81 rows=1 width=84)
                           Join Filter: ((st_transform(s_3073.the_geom, 25833) && st_expand(schw_3073.schw, '300'::double precision)) AND (schw_3073.schw && st_expand(st_transform(s_3073.the_geom, 25833), '300'::double precision)) AND _st_dwithin(st_transform(s_3073.the_geom, 25833), schw_3073.schw, '300'::double precision))
                           ->  Function Scan on schw_3073  (cost=0.00..0.01 rows=1 width=32)
                           ->  Seq Scan on phoml_trajectory_tmp s_3073  (cost=0.00..95.68 rows=17 width=40)
                                 Filter: ((unix_time >= '1685451392.282'::double precision) AND (unix_time <= '1685451452.282'::double precision))
   ->  Subquery Scan on "*SELECT* 3075"  (cost=97.82..97.83 rows=1 width=76)
         ->  Limit  (cost=97.82..97.82 rows=1 width=84)
               ->  Sort  (cost=97.82..97.82 rows=1 width=84)
                     Sort Key: (st_distance(st_transform(s_3074.the_geom, 25833), schw_3074.schw))
                     ->  Nested Loop  (cost=0.00..97.81 rows=1 width=84)
                           Join Filter: ((st_transform(s_3074.the_geom, 25833) && st_expand(schw_3074.schw, '300'::double precision)) AND (schw_3074.schw && st_expand(st_transform(s_3074.the_geom, 25833), '300'::double precision)) AND _st_dwithin(st_transform(s_3074.the_geom, 25833), schw_3074.schw, '300'::double precision))
                           ->  Function Scan on schw_3074  (cost=0.00..0.01 rows=1 width=32)
                           ->  Seq Scan on phoml_trajectory_tmp s_3074  (cost=0.00..95.68 rows=17 width=40)
                                 Filter: ((unix_time >= '1685451392.632'::double precision) AND (unix_time <= '1685451452.632'::double precision))
   ->  Subquery Scan on "*SELECT* 3076"  (cost=97.82..97.83 rows=1 width=76)
         ->  Limit  (cost=97.82..97.82 rows=1 width=84)
               ->  Sort  (cost=97.82..97.82 rows=1 width=84)
                     Sort Key: (st_distance(st_transform(s_3075.the_geom, 25833), schw_3075.schw))
                     ->  Nested Loop  (cost=0.00..97.81 rows=1 width=84)
                           Join Filter: ((st_transform(s_3075.the_geom, 25833) && st_expand(schw_3075.schw, '300'::double precision)) AND (schw_3075.schw && st_expand(st_transform(s_3075.the_geom, 25833), '300'::double precision)) AND _st_dwithin(st_transform(s_3075.the_geom, 25833), schw_3075.schw, '300'::double precision))
                           ->  Function Scan on schw_3075  (cost=0.00..0.01 rows=1 width=32)
                           ->  Seq Scan on phoml_trajectory_tmp s_3075  (cost=0.00..95.68 rows=17 width=40)
                                 Filter: ((unix_time >= '1685451392.972'::double precision) AND (unix_time <= '1685451452.972'::double precision))
   ->  Subquery Scan on "*SELECT* 3077"  (cost=97.82..97.83 rows=1 width=76)
         ->  Limit  (cost=97.82..97.82 rows=1 width=84)
               ->  Sort  (cost=97.82..97.82 rows=1 width=84)
                     Sort Key: (st_distance(st_transform(s_3076.the_geom, 25833), schw_3076.schw))
                     ->  Nested Loop  (cost=0.00..97.81 rows=1 width=84)
                           Join Filter: ((st_transform(s_3076.the_geom, 25833) && st_expand(schw_3076.schw, '300'::double precision)) AND (schw_3076.schw && st_expand(st_transform(s_3076.the_geom, 25833), '300'::double precision)) AND _st_dwithin(st_transform(s_3076.the_geom, 25833), schw_3076.schw, '300'::double precision))
                           ->  Function Scan on schw_3076  (cost=0.00..0.01 rows=1 width=32)
                           ->  Seq Scan on phoml_trajectory_tmp s_3076  (cost=0.00..95.68 rows=17 width=40)
                                 Filter: ((unix_time >= '1685451393.33'::double precision) AND (unix_time <= '1685451453.33'::double precision))
   ->  Subquery Scan on "*SELECT* 3078"  (cost=97.82..97.83 rows=1 width=76)
         ->  Limit  (cost=97.82..97.82 rows=1 width=84)
               ->  Sort  (cost=97.82..97.82 rows=1 width=84)
                     Sort Key: (st_distance(st_transform(s_3077.the_geom, 25833), schw_3077.schw))
                     ->  Nested Loop  (cost=0.00..97.81 rows=1 width=84)
                           Join Filter: ((st_transform(s_3077.the_geom, 25833) && st_expand(schw_3077.schw, '300'::double precision)) AND (schw_3077.schw && st_expand(st_transform(s_3077.the_geom, 25833), '300'::double precision)) AND _st_dwithin(st_transform(s_3077.the_geom, 25833), schw_3077.schw, '300'::double precision))
                           ->  Function Scan on schw_3077  (cost=0.00..0.01 rows=1 width=32)
                           ->  Seq Scan on phoml_trajectory_tmp s_3077  (cost=0.00..95.68 rows=17 width=40)
                                 Filter: ((unix_time >= '1685451393.68'::double precision) AND (unix_time <= '1685451453.68'::double precision))
   ->  Subquery Scan on "*SELECT* 3079"  (cost=97.82..97.83 rows=1 width=76)
         ->  Limit  (cost=97.82..97.82 rows=1 width=84)
               ->  Sort  (cost=97.82..97.82 rows=1 width=84)
                     Sort Key: (st_distance(st_transform(s_3078.the_geom, 25833), schw_3078.schw))
                     ->  Nested Loop  (cost=0.00..97.81 rows=1 width=84)
                           Join Filter: ((st_transform(s_3078.the_geom, 25833) && st_expand(schw_3078.schw, '300'::double precision)) AND (schw_3078.schw && st_expand(st_transform(s_3078.the_geom, 25833), '300'::double precision)) AND _st_dwithin(st_transform(s_3078.the_geom, 25833), schw_3078.schw, '300'::double precision))
                           ->  Function Scan on schw_3078  (cost=0.00..0.01 rows=1 width=32)
                           ->  Seq Scan on phoml_trajectory_tmp s_3078  (cost=0.00..95.68 rows=17 width=40)
                                 Filter: ((unix_time >= '1685451394.03'::double precision) AND (unix_time <= '1685451454.03'::double precision))
   ->  Subquery Scan on "*SELECT* 3080"  (cost=97.82..97.83 rows=1 width=76)
         ->  Limit  (cost=97.82..97.82 rows=1 width=84)
               ->  Sort  (cost=97.82..97.82 rows=1 width=84)
                     Sort Key: (st_distance(st_transform(s_3079.the_geom, 25833), schw_3079.schw))
                     ->  Nested Loop  (cost=0.00..97.81 rows=1 width=84)
                           Join Filter: ((st_transform(s_3079.the_geom, 25833) && st_expand(schw_3079.schw, '300'::double precision)) AND (schw_3079.schw && st_expand(st_transform(s_3079.the_geom, 25833), '300'::double precision)) AND _st_dwithin(st_transform(s_3079.the_geom, 25833), schw_3079.schw, '300'::double precision))
                           ->  Function Scan on schw_3079  (cost=0.00..0.01 rows=1 width=32)
                           ->  Seq Scan on phoml_trajectory_tmp s_3079  (cost=0.00..95.68 rows=17 width=40)
                                 Filter: ((unix_time >= '1685451394.372'::double precision) AND (unix_time <= '1685451454.372'::double precision))
   ->  Subquery Scan on "*SELECT* 3081"  (cost=97.82..97.83 rows=1 width=76)
         ->  Limit  (cost=97.82..97.82 rows=1 width=84)
               ->  Sort  (cost=97.82..97.82 rows=1 width=84)
                     Sort Key: (st_distance(st_transform(s_3080.the_geom, 25833), schw_3080.schw))
                     ->  Nested Loop  (cost=0.00..97.81 rows=1 width=84)
                           Join Filter: ((st_transform(s_3080.the_geom, 25833) && st_expand(schw_3080.schw, '300'::double precision)) AND (schw_3080.schw && st_expand(st_transform(s_3080.the_geom, 25833), '300'::double precision)) AND _st_dwithin(st_transform(s_3080.the_geom, 25833), schw_3080.schw, '300'::double precision))
                           ->  Function Scan on schw_3080  (cost=0.00..0.01 rows=1 width=32)
                           ->  Seq Scan on phoml_trajectory_tmp s_3080  (cost=0.00..95.68 rows=17 width=40)
                                 Filter: ((unix_time >= '1685451394.712'::double precision) AND (unix_time <= '1685451454.712'::double precision))
   ->  Subquery Scan on "*SELECT* 3082"  (cost=97.82..97.83 rows=1 width=76)
         ->  Limit  (cost=97.82..97.82 rows=1 width=84)
               ->  Sort  (cost=97.82..97.82 rows=1 width=84)
                     Sort Key: (st_distance(st_transform(s_3081.the_geom, 25833), schw_3081.schw))
                     ->  Nested Loop  (cost=0.00..97.81 rows=1 width=84)
                           Join Filter: ((st_transform(s_3081.the_geom, 25833) && st_expand(schw_3081.schw, '300'::double precision)) AND (schw_3081.schw && st_expand(st_transform(s_3081.the_geom, 25833), '300'::double precision)) AND _st_dwithin(st_transform(s_3081.the_geom, 25833), schw_3081.schw, '300'::double precision))
                           ->  Function Scan on schw_3081  (cost=0.00..0.01 rows=1 width=32)
                           ->  Seq Scan on phoml_trajectory_tmp s_3081  (cost=0.00..95.68 rows=17 width=40)
                                 Filter: ((unix_time >= '1685451395.062'::double precision) AND (unix_time <= '1685451455.062'::double precision))
   ->  Subquery Scan on "*SELECT* 3083"  (cost=97.82..97.83 rows=1 width=76)
         ->  Limit  (cost=97.82..97.82 rows=1 width=84)
               ->  Sort  (cost=97.82..97.82 rows=1 width=84)
                     Sort Key: (st_distance(st_transform(s_3082.the_geom, 25833), schw_3082.schw))
                     ->  Nested Loop  (cost=0.00..97.81 rows=1 width=84)
                           Join Filter: ((st_transform(s_3082.the_geom, 25833) && st_expand(schw_3082.schw, '300'::double precision)) AND (schw_3082.schw && st_expand(st_transform(s_3082.the_geom, 25833), '300'::double precision)) AND _st_dwithin(st_transform(s_3082.the_geom, 25833), schw_3082.schw, '300'::double precision))
                           ->  Function Scan on schw_3082  (cost=0.00..0.01 rows=1 width=32)
                           ->  Seq Scan on phoml_trajectory_tmp s_3082  (cost=0.00..95.68 rows=17 width=40)
                                 Filter: ((unix_time >= '1685451395.403'::double precision) AND (unix_time <= '1685451455.403'::double precision))
   ->  Subquery Scan on "*SELECT* 3084"  (cost=97.82..97.83 rows=1 width=76)
         ->  Limit  (cost=97.82..97.82 rows=1 width=84)
               ->  Sort  (cost=97.82..97.82 rows=1 width=84)
                     Sort Key: (st_distance(st_transform(s_3083.the_geom, 25833), schw_3083.schw))
                     ->  Nested Loop  (cost=0.00..97.81 rows=1 width=84)
                           Join Filter: ((st_transform(s_3083.the_geom, 25833) && st_expand(schw_3083.schw, '300'::double precision)) AND (schw_3083.schw && st_expand(st_transform(s_3083.the_geom, 25833), '300'::double precision)) AND _st_dwithin(st_transform(s_3083.the_geom, 25833), schw_3083.schw, '300'::double precision))
                           ->  Function Scan on schw_3083  (cost=0.00..0.01 rows=1 width=32)
                           ->  Seq Scan on phoml_trajectory_tmp s_3083  (cost=0.00..95.68 rows=17 width=40)
                                 Filter: ((unix_time >= '1685451395.743'::double precision) AND (unix_time <= '1685451455.743'::double precision))
   ->  Subquery Scan on "*SELECT* 3085"  (cost=97.82..97.83 rows=1 width=76)
         ->  Limit  (cost=97.82..97.82 rows=1 width=84)
               ->  Sort  (cost=97.82..97.82 rows=1 width=84)
                     Sort Key: (st_distance(st_transform(s_3084.the_geom, 25833), schw_3084.schw))
                     ->  Nested Loop  (cost=0.00..97.81 rows=1 width=84)
                           Join Filter: ((st_transform(s_3084.the_geom, 25833) && st_expand(schw_3084.schw, '300'::double precision)) AND (schw_3084.schw && st_expand(st_transform(s_3084.the_geom, 25833), '300'::double precision)) AND _st_dwithin(st_transform(s_3084.the_geom, 25833), schw_3084.schw, '300'::double precision))
                           ->  Function Scan on schw_3084  (cost=0.00..0.01 rows=1 width=32)
                           ->  Seq Scan on phoml_trajectory_tmp s_3084  (cost=0.00..95.68 rows=17 width=40)
                                 Filter: ((unix_time >= '1685451396.083'::double precision) AND (unix_time <= '1685451456.083'::double precision))
   ->  Subquery Scan on "*SELECT* 3086"  (cost=97.82..97.83 rows=1 width=76)
         ->  Limit  (cost=97.82..97.82 rows=1 width=84)
               ->  Sort  (cost=97.82..97.82 rows=1 width=84)
                     Sort Key: (st_distance(st_transform(s_3085.the_geom, 25833), schw_3085.schw))
                     ->  Nested Loop  (cost=0.00..97.81 rows=1 width=84)
                           Join Filter: ((st_transform(s_3085.the_geom, 25833) && st_expand(schw_3085.schw, '300'::double precision)) AND (schw_3085.schw && st_expand(st_transform(s_3085.the_geom, 25833), '300'::double precision)) AND _st_dwithin(st_transform(s_3085.the_geom, 25833), schw_3085.schw, '300'::double precision))
                           ->  Function Scan on schw_3085  (cost=0.00..0.01 rows=1 width=32)
                           ->  Seq Scan on phoml_trajectory_tmp s_3085  (cost=0.00..95.68 rows=17 width=40)
                                 Filter: ((unix_time >= '1685451396.431'::double precision) AND (unix_time <= '1685451456.431'::double precision))
   ->  Subquery Scan on "*SELECT* 3087"  (cost=97.82..97.83 rows=1 width=76)
         ->  Limit  (cost=97.82..97.82 rows=1 width=84)
               ->  Sort  (cost=97.82..97.82 rows=1 width=84)
                     Sort Key: (st_distance(st_transform(s_3086.the_geom, 25833), schw_3086.schw))
                     ->  Nested Loop  (cost=0.00..97.81 rows=1 width=84)
                           Join Filter: ((st_transform(s_3086.the_geom, 25833) && st_expand(schw_3086.schw, '300'::double precision)) AND (schw_3086.schw && st_expand(st_transform(s_3086.the_geom, 25833), '300'::double precision)) AND _st_dwithin(st_transform(s_3086.the_geom, 25833), schw_3086.schw, '300'::double precision))
                           ->  Function Scan on schw_3086  (cost=0.00..0.01 rows=1 width=32)
                           ->  Seq Scan on phoml_trajectory_tmp s_3086  (cost=0.00..95.68 rows=17 width=40)
                                 Filter: ((unix_time >= '1685451396.761'::double precision) AND (unix_time <= '1685451456.761'::double precision))
   ->  Subquery Scan on "*SELECT* 3088"  (cost=97.82..97.83 rows=1 width=76)
         ->  Limit  (cost=97.82..97.82 rows=1 width=84)
               ->  Sort  (cost=97.82..97.82 rows=1 width=84)
                     Sort Key: (st_distance(st_transform(s_3087.the_geom, 25833), schw_3087.schw))
                     ->  Nested Loop  (cost=0.00..97.81 rows=1 width=84)
                           Join Filter: ((st_transform(s_3087.the_geom, 25833) && st_expand(schw_3087.schw, '300'::double precision)) AND (schw_3087.schw && st_expand(st_transform(s_3087.the_geom, 25833), '300'::double precision)) AND _st_dwithin(st_transform(s_3087.the_geom, 25833), schw_3087.schw, '300'::double precision))
                           ->  Function Scan on schw_3087  (cost=0.00..0.01 rows=1 width=32)
                           ->  Seq Scan on phoml_trajectory_tmp s_3087  (cost=0.00..95.68 rows=17 width=40)
                                 Filter: ((unix_time >= '1685451397.101'::double precision) AND (unix_time <= '1685451457.101'::double precision))
   ->  Subquery Scan on "*SELECT* 3089"  (cost=97.82..97.83 rows=1 width=76)
         ->  Limit  (cost=97.82..97.82 rows=1 width=84)
               ->  Sort  (cost=97.82..97.82 rows=1 width=84)
                     Sort Key: (st_distance(st_transform(s_3088.the_geom, 25833), schw_3088.schw))
                     ->  Nested Loop  (cost=0.00..97.81 rows=1 width=84)
                           Join Filter: ((st_transform(s_3088.the_geom, 25833) && st_expand(schw_3088.schw, '300'::double precision)) AND (schw_3088.schw && st_expand(st_transform(s_3088.the_geom, 25833), '300'::double precision)) AND _st_dwithin(st_transform(s_3088.the_geom, 25833), schw_3088.schw, '300'::double precision))
                           ->  Function Scan on schw_3088  (cost=0.00..0.01 rows=1 width=32)
                           ->  Seq Scan on phoml_trajectory_tmp s_3088  (cost=0.00..95.68 rows=17 width=40)
                                 Filter: ((unix_time >= '1685451397.44'::double precision) AND (unix_time <= '1685451457.44'::double precision))
   ->  Subquery Scan on "*SELECT* 3090"  (cost=97.82..97.83 rows=1 width=76)
         ->  Limit  (cost=97.82..97.82 rows=1 width=84)
               ->  Sort  (cost=97.82..97.82 rows=1 width=84)
                     Sort Key: (st_distance(st_transform(s_3089.the_geom, 25833), schw_3089.schw))
                     ->  Nested Loop  (cost=0.00..97.81 rows=1 width=84)
                           Join Filter: ((st_transform(s_3089.the_geom, 25833) && st_expand(schw_3089.schw, '300'::double precision)) AND (schw_3089.schw && st_expand(st_transform(s_3089.the_geom, 25833), '300'::double precision)) AND _st_dwithin(st_transform(s_3089.the_geom, 25833), schw_3089.schw, '300'::double precision))
                           ->  Function Scan on schw_3089  (cost=0.00..0.01 rows=1 width=32)
                           ->  Seq Scan on phoml_trajectory_tmp s_3089  (cost=0.00..95.68 rows=17 width=40)
                                 Filter: ((unix_time >= '1685451397.77'::double precision) AND (unix_time <= '1685451457.77'::double precision))
   ->  Subquery Scan on "*SELECT* 3091"  (cost=97.82..97.83 rows=1 width=76)
         ->  Limit  (cost=97.82..97.82 rows=1 width=84)
               ->  Sort  (cost=97.82..97.82 rows=1 width=84)
                     Sort Key: (st_distance(st_transform(s_3090.the_geom, 25833), schw_3090.schw))
                     ->  Nested Loop  (cost=0.00..97.81 rows=1 width=84)
                           Join Filter: ((st_transform(s_3090.the_geom, 25833) && st_expand(schw_3090.schw, '300'::double precision)) AND (schw_3090.schw && st_expand(st_transform(s_3090.the_geom, 25833), '300'::double precision)) AND _st_dwithin(st_transform(s_3090.the_geom, 25833), schw_3090.schw, '300'::double precision))
                           ->  Function Scan on schw_3090  (cost=0.00..0.01 rows=1 width=32)
                           ->  Seq Scan on phoml_trajectory_tmp s_3090  (cost=0.00..95.68 rows=17 width=40)
                                 Filter: ((unix_time >= '1685451398.11'::double precision) AND (unix_time <= '1685451458.11'::double precision))
   ->  Subquery Scan on "*SELECT* 3092"  (cost=97.82..97.83 rows=1 width=76)
         ->  Limit  (cost=97.82..97.82 rows=1 width=84)
               ->  Sort  (cost=97.82..97.82 rows=1 width=84)
                     Sort Key: (st_distance(st_transform(s_3091.the_geom, 25833), schw_3091.schw))
                     ->  Nested Loop  (cost=0.00..97.81 rows=1 width=84)
                           Join Filter: ((st_transform(s_3091.the_geom, 25833) && st_expand(schw_3091.schw, '300'::double precision)) AND (schw_3091.schw && st_expand(st_transform(s_3091.the_geom, 25833), '300'::double precision)) AND _st_dwithin(st_transform(s_3091.the_geom, 25833), schw_3091.schw, '300'::double precision))
                           ->  Function Scan on schw_3091  (cost=0.00..0.01 rows=1 width=32)
                           ->  Seq Scan on phoml_trajectory_tmp s_3091  (cost=0.00..95.68 rows=17 width=40)
                                 Filter: ((unix_time >= '1685451398.449'::double precision) AND (unix_time <= '1685451458.449'::double precision))
   ->  Subquery Scan on "*SELECT* 3093"  (cost=97.82..97.83 rows=1 width=76)
         ->  Limit  (cost=97.82..97.82 rows=1 width=84)
               ->  Sort  (cost=97.82..97.82 rows=1 width=84)
                     Sort Key: (st_distance(st_transform(s_3092.the_geom, 25833), schw_3092.schw))
                     ->  Nested Loop  (cost=0.00..97.81 rows=1 width=84)
                           Join Filter: ((st_transform(s_3092.the_geom, 25833) && st_expand(schw_3092.schw, '300'::double precision)) AND (schw_3092.schw && st_expand(st_transform(s_3092.the_geom, 25833), '300'::double precision)) AND _st_dwithin(st_transform(s_3092.the_geom, 25833), schw_3092.schw, '300'::double precision))
                           ->  Function Scan on schw_3092  (cost=0.00..0.01 rows=1 width=32)
                           ->  Seq Scan on phoml_trajectory_tmp s_3092  (cost=0.00..95.68 rows=17 width=40)
                                 Filter: ((unix_time >= '1685451398.779'::double precision) AND (unix_time <= '1685451458.779'::double precision))
   ->  Subquery Scan on "*SELECT* 3094"  (cost=97.82..97.83 rows=1 width=76)
         ->  Limit  (cost=97.82..97.82 rows=1 width=84)
               ->  Sort  (cost=97.82..97.82 rows=1 width=84)
                     Sort Key: (st_distance(st_transform(s_3093.the_geom, 25833), schw_3093.schw))
                     ->  Nested Loop  (cost=0.00..97.81 rows=1 width=84)
                           Join Filter: ((st_transform(s_3093.the_geom, 25833) && st_expand(schw_3093.schw, '300'::double precision)) AND (schw_3093.schw && st_expand(st_transform(s_3093.the_geom, 25833), '300'::double precision)) AND _st_dwithin(st_transform(s_3093.the_geom, 25833), schw_3093.schw, '300'::double precision))
                           ->  Function Scan on schw_3093  (cost=0.00..0.01 rows=1 width=32)
                           ->  Seq Scan on phoml_trajectory_tmp s_3093  (cost=0.00..95.68 rows=17 width=40)
                                 Filter: ((unix_time >= '1685451399.119'::double precision) AND (unix_time <= '1685451459.119'::double precision))
   ->  Subquery Scan on "*SELECT* 3095"  (cost=97.82..97.83 rows=1 width=76)
         ->  Limit  (cost=97.82..97.82 rows=1 width=84)
               ->  Sort  (cost=97.82..97.82 rows=1 width=84)
                     Sort Key: (st_distance(st_transform(s_3094.the_geom, 25833), schw_3094.schw))
                     ->  Nested Loop  (cost=0.00..97.81 rows=1 width=84)
                           Join Filter: ((st_transform(s_3094.the_geom, 25833) && st_expand(schw_3094.schw, '300'::double precision)) AND (schw_3094.schw && st_expand(st_transform(s_3094.the_geom, 25833), '300'::double precision)) AND _st_dwithin(st_transform(s_3094.the_geom, 25833), schw_3094.schw, '300'::double precision))
                           ->  Function Scan on schw_3094  (cost=0.00..0.01 rows=1 width=32)
                           ->  Seq Scan on phoml_trajectory_tmp s_3094  (cost=0.00..95.68 rows=17 width=40)
                                 Filter: ((unix_time >= '1685451399.445'::double precision) AND (unix_time <= '1685451459.445'::double precision))
   ->  Subquery Scan on "*SELECT* 3096"  (cost=97.82..97.83 rows=1 width=76)
         ->  Limit  (cost=97.82..97.82 rows=1 width=84)
               ->  Sort  (cost=97.82..97.82 rows=1 width=84)
                     Sort Key: (st_distance(st_transform(s_3095.the_geom, 25833), schw_3095.schw))
                     ->  Nested Loop  (cost=0.00..97.81 rows=1 width=84)
                           Join Filter: ((st_transform(s_3095.the_geom, 25833) && st_expand(schw_3095.schw, '300'::double precision)) AND (schw_3095.schw && st_expand(st_transform(s_3095.the_geom, 25833), '300'::double precision)) AND _st_dwithin(st_transform(s_3095.the_geom, 25833), schw_3095.schw, '300'::double precision))
                           ->  Function Scan on schw_3095  (cost=0.00..0.01 rows=1 width=32)
                           ->  Seq Scan on phoml_trajectory_tmp s_3095  (cost=0.00..95.68 rows=17 width=40)
                                 Filter: ((unix_time >= '1685451399.785'::double precision) AND (unix_time <= '1685451459.785'::double precision))
   ->  Subquery Scan on "*SELECT* 3097"  (cost=97.82..97.83 rows=1 width=76)
         ->  Limit  (cost=97.82..97.82 rows=1 width=84)
               ->  Sort  (cost=97.82..97.82 rows=1 width=84)
                     Sort Key: (st_distance(st_transform(s_3096.the_geom, 25833), schw_3096.schw))
                     ->  Nested Loop  (cost=0.00..97.81 rows=1 width=84)
                           Join Filter: ((st_transform(s_3096.the_geom, 25833) && st_expand(schw_3096.schw, '300'::double precision)) AND (schw_3096.schw && st_expand(st_transform(s_3096.the_geom, 25833), '300'::double precision)) AND _st_dwithin(st_transform(s_3096.the_geom, 25833), schw_3096.schw, '300'::double precision))
                           ->  Function Scan on schw_3096  (cost=0.00..0.01 rows=1 width=32)
                           ->  Seq Scan on phoml_trajectory_tmp s_3096  (cost=0.00..95.68 rows=17 width=40)
                                 Filter: ((unix_time >= '1685451400.125'::double precision) AND (unix_time <= '1685451460.125'::double precision))
   ->  Subquery Scan on "*SELECT* 3098"  (cost=97.82..97.83 rows=1 width=76)
         ->  Limit  (cost=97.82..97.82 rows=1 width=84)
               ->  Sort  (cost=97.82..97.82 rows=1 width=84)
                     Sort Key: (st_distance(st_transform(s_3097.the_geom, 25833), schw_3097.schw))
                     ->  Nested Loop  (cost=0.00..97.81 rows=1 width=84)
                           Join Filter: ((st_transform(s_3097.the_geom, 25833) && st_expand(schw_3097.schw, '300'::double precision)) AND (schw_3097.schw && st_expand(st_transform(s_3097.the_geom, 25833), '300'::double precision)) AND _st_dwithin(st_transform(s_3097.the_geom, 25833), schw_3097.schw, '300'::double precision))
                           ->  Function Scan on schw_3097  (cost=0.00..0.01 rows=1 width=32)
                           ->  Seq Scan on phoml_trajectory_tmp s_3097  (cost=0.00..95.68 rows=17 width=40)
                                 Filter: ((unix_time >= '1685451400.461'::double precision) AND (unix_time <= '1685451460.461'::double precision))
   ->  Subquery Scan on "*SELECT* 3099"  (cost=97.82..97.83 rows=1 width=76)
         ->  Limit  (cost=97.82..97.82 rows=1 width=84)
               ->  Sort  (cost=97.82..97.82 rows=1 width=84)
                     Sort Key: (st_distance(st_transform(s_3098.the_geom, 25833), schw_3098.schw))
                     ->  Nested Loop  (cost=0.00..97.81 rows=1 width=84)
                           Join Filter: ((st_transform(s_3098.the_geom, 25833) && st_expand(schw_3098.schw, '300'::double precision)) AND (schw_3098.schw && st_expand(st_transform(s_3098.the_geom, 25833), '300'::double precision)) AND _st_dwithin(st_transform(s_3098.the_geom, 25833), schw_3098.schw, '300'::double precision))
                           ->  Function Scan on schw_3098  (cost=0.00..0.01 rows=1 width=32)
                           ->  Seq Scan on phoml_trajectory_tmp s_3098  (cost=0.00..95.68 rows=17 width=40)
                                 Filter: ((unix_time >= '1685451400.791'::double precision) AND (unix_time <= '1685451460.791'::double precision))
   ->  Subquery Scan on "*SELECT* 3100"  (cost=97.82..97.83 rows=1 width=76)
         ->  Limit  (cost=97.82..97.82 rows=1 width=84)
               ->  Sort  (cost=97.82..97.82 rows=1 width=84)
                     Sort Key: (st_distance(st_transform(s_3099.the_geom, 25833), schw_3099.schw))
                     ->  Nested Loop  (cost=0.00..97.81 rows=1 width=84)
                           Join Filter: ((st_transform(s_3099.the_geom, 25833) && st_expand(schw_3099.schw, '300'::double precision)) AND (schw_3099.schw && st_expand(st_transform(s_3099.the_geom, 25833), '300'::double precision)) AND _st_dwithin(st_transform(s_3099.the_geom, 25833), schw_3099.schw, '300'::double precision))
                           ->  Function Scan on schw_3099  (cost=0.00..0.01 rows=1 width=32)
                           ->  Seq Scan on phoml_trajectory_tmp s_3099  (cost=0.00..95.68 rows=17 width=40)
                                 Filter: ((unix_time >= '1685451401.131'::double precision) AND (unix_time <= '1685451461.131'::double precision))
   ->  Subquery Scan on "*SELECT* 3101"  (cost=97.82..97.83 rows=1 width=76)
         ->  Limit  (cost=97.82..97.82 rows=1 width=84)
               ->  Sort  (cost=97.82..97.82 rows=1 width=84)
                     Sort Key: (st_distance(st_transform(s_3100.the_geom, 25833), schw_3100.schw))
                     ->  Nested Loop  (cost=0.00..97.81 rows=1 width=84)
                           Join Filter: ((st_transform(s_3100.the_geom, 25833) && st_expand(schw_3100.schw, '300'::double precision)) AND (schw_3100.schw && st_expand(st_transform(s_3100.the_geom, 25833), '300'::double precision)) AND _st_dwithin(st_transform(s_3100.the_geom, 25833), schw_3100.schw, '300'::double precision))
                           ->  Function Scan on schw_3100  (cost=0.00..0.01 rows=1 width=32)
                           ->  Seq Scan on phoml_trajectory_tmp s_3100  (cost=0.00..95.68 rows=17 width=40)
                                 Filter: ((unix_time >= '1685451401.457'::double precision) AND (unix_time <= '1685451461.457'::double precision))
   ->  Subquery Scan on "*SELECT* 3102"  (cost=97.82..97.83 rows=1 width=76)
         ->  Limit  (cost=97.82..97.82 rows=1 width=84)
               ->  Sort  (cost=97.82..97.82 rows=1 width=84)
                     Sort Key: (st_distance(st_transform(s_3101.the_geom, 25833), schw_3101.schw))
                     ->  Nested Loop  (cost=0.00..97.81 rows=1 width=84)
                           Join Filter: ((st_transform(s_3101.the_geom, 25833) && st_expand(schw_3101.schw, '300'::double precision)) AND (schw_3101.schw && st_expand(st_transform(s_3101.the_geom, 25833), '300'::double precision)) AND _st_dwithin(st_transform(s_3101.the_geom, 25833), schw_3101.schw, '300'::double precision))
                           ->  Function Scan on schw_3101  (cost=0.00..0.01 rows=1 width=32)
                           ->  Seq Scan on phoml_trajectory_tmp s_3101  (cost=0.00..95.68 rows=17 width=40)
                                 Filter: ((unix_time >= '1685451401.797'::double precision) AND (unix_time <= '1685451461.797'::double precision))
   ->  Subquery Scan on "*SELECT* 3103"  (cost=97.82..97.83 rows=1 width=76)
         ->  Limit  (cost=97.82..97.82 rows=1 width=84)
               ->  Sort  (cost=97.82..97.82 rows=1 width=84)
                     Sort Key: (st_distance(st_transform(s_3102.the_geom, 25833), schw_3102.schw))
                     ->  Nested Loop  (cost=0.00..97.81 rows=1 width=84)
                           Join Filter: ((st_transform(s_3102.the_geom, 25833) && st_expand(schw_3102.schw, '300'::double precision)) AND (schw_3102.schw && st_expand(st_transform(s_3102.the_geom, 25833), '300'::double precision)) AND _st_dwithin(st_transform(s_3102.the_geom, 25833), schw_3102.schw, '300'::double precision))
                           ->  Function Scan on schw_3102  (cost=0.00..0.01 rows=1 width=32)
                           ->  Seq Scan on phoml_trajectory_tmp s_3102  (cost=0.00..95.68 rows=17 width=40)
                                 Filter: ((unix_time >= '1685451402.138'::double precision) AND (unix_time <= '1685451462.138'::double precision))
   ->  Subquery Scan on "*SELECT* 3104"  (cost=97.82..97.83 rows=1 width=76)
         ->  Limit  (cost=97.82..97.82 rows=1 width=84)
               ->  Sort  (cost=97.82..97.82 rows=1 width=84)
                     Sort Key: (st_distance(st_transform(s_3103.the_geom, 25833), schw_3103.schw))
                     ->  Nested Loop  (cost=0.00..97.81 rows=1 width=84)
                           Join Filter: ((st_transform(s_3103.the_geom, 25833) && st_expand(schw_3103.schw, '300'::double precision)) AND (schw_3103.schw && st_expand(st_transform(s_3103.the_geom, 25833), '300'::double precision)) AND _st_dwithin(st_transform(s_3103.the_geom, 25833), schw_3103.schw, '300'::double precision))
                           ->  Function Scan on schw_3103  (cost=0.00..0.01 rows=1 width=32)
                           ->  Seq Scan on phoml_trajectory_tmp s_3103  (cost=0.00..95.68 rows=17 width=40)
                                 Filter: ((unix_time >= '1685451402.461'::double precision) AND (unix_time <= '1685451462.461'::double precision))
   ->  Subquery Scan on "*SELECT* 3105"  (cost=97.82..97.83 rows=1 width=76)
         ->  Limit  (cost=97.82..97.82 rows=1 width=84)
               ->  Sort  (cost=97.82..97.82 rows=1 width=84)
                     Sort Key: (st_distance(st_transform(s_3104.the_geom, 25833), schw_3104.schw))
                     ->  Nested Loop  (cost=0.00..97.81 rows=1 width=84)
                           Join Filter: ((st_transform(s_3104.the_geom, 25833) && st_expand(schw_3104.schw, '300'::double precision)) AND (schw_3104.schw && st_expand(st_transform(s_3104.the_geom, 25833), '300'::double precision)) AND _st_dwithin(st_transform(s_3104.the_geom, 25833), schw_3104.schw, '300'::double precision))
                           ->  Function Scan on schw_3104  (cost=0.00..0.01 rows=1 width=32)
                           ->  Seq Scan on phoml_trajectory_tmp s_3104  (cost=0.00..95.68 rows=17 width=40)
                                 Filter: ((unix_time >= '1685451402.811'::double precision) AND (unix_time <= '1685451462.811'::double precision))
   ->  Subquery Scan on "*SELECT* 3106"  (cost=97.82..97.83 rows=1 width=76)
         ->  Limit  (cost=97.82..97.82 rows=1 width=84)
               ->  Sort  (cost=97.82..97.82 rows=1 width=84)
                     Sort Key: (st_distance(st_transform(s_3105.the_geom, 25833), schw_3105.schw))
                     ->  Nested Loop  (cost=0.00..97.81 rows=1 width=84)
                           Join Filter: ((st_transform(s_3105.the_geom, 25833) && st_expand(schw_3105.schw, '300'::double precision)) AND (schw_3105.schw && st_expand(st_transform(s_3105.the_geom, 25833), '300'::double precision)) AND _st_dwithin(st_transform(s_3105.the_geom, 25833), schw_3105.schw, '300'::double precision))
                           ->  Function Scan on schw_3105  (cost=0.00..0.01 rows=1 width=32)
                           ->  Seq Scan on phoml_trajectory_tmp s_3105  (cost=0.00..95.68 rows=17 width=40)
                                 Filter: ((unix_time >= '1685451403.142'::double precision) AND (unix_time <= '1685451463.142'::double precision))
   ->  Subquery Scan on "*SELECT* 3107"  (cost=97.82..97.83 rows=1 width=76)
         ->  Limit  (cost=97.82..97.82 rows=1 width=84)
               ->  Sort  (cost=97.82..97.82 rows=1 width=84)
                     Sort Key: (st_distance(st_transform(s_3106.the_geom, 25833), schw_3106.schw))
                     ->  Nested Loop  (cost=0.00..97.81 rows=1 width=84)
                           Join Filter: ((st_transform(s_3106.the_geom, 25833) && st_expand(schw_3106.schw, '300'::double precision)) AND (schw_3106.schw && st_expand(st_transform(s_3106.the_geom, 25833), '300'::double precision)) AND _st_dwithin(st_transform(s_3106.the_geom, 25833), schw_3106.schw, '300'::double precision))
                           ->  Function Scan on schw_3106  (cost=0.00..0.01 rows=1 width=32)
                           ->  Seq Scan on phoml_trajectory_tmp s_3106  (cost=0.00..95.68 rows=17 width=40)
                                 Filter: ((unix_time >= '1685451403.484'::double precision) AND (unix_time <= '1685451463.484'::double precision))
   ->  Subquery Scan on "*SELECT* 3108"  (cost=97.82..97.83 rows=1 width=76)
         ->  Limit  (cost=97.82..97.82 rows=1 width=84)
               ->  Sort  (cost=97.82..97.82 rows=1 width=84)
                     Sort Key: (st_distance(st_transform(s_3107.the_geom, 25833), schw_3107.schw))
                     ->  Nested Loop  (cost=0.00..97.81 rows=1 width=84)
                           Join Filter: ((st_transform(s_3107.the_geom, 25833) && st_expand(schw_3107.schw, '300'::double precision)) AND (schw_3107.schw && st_expand(st_transform(s_3107.the_geom, 25833), '300'::double precision)) AND _st_dwithin(st_transform(s_3107.the_geom, 25833), schw_3107.schw, '300'::double precision))
                           ->  Function Scan on schw_3107  (cost=0.00..0.01 rows=1 width=32)
                           ->  Seq Scan on phoml_trajectory_tmp s_3107  (cost=0.00..95.68 rows=17 width=40)
                                 Filter: ((unix_time >= '1685451403.814'::double precision) AND (unix_time <= '1685451463.814'::double precision))
   ->  Subquery Scan on "*SELECT* 3109"  (cost=97.82..97.83 rows=1 width=76)
         ->  Limit  (cost=97.82..97.82 rows=1 width=84)
               ->  Sort  (cost=97.82..97.82 rows=1 width=84)
                     Sort Key: (st_distance(st_transform(s_3108.the_geom, 25833), schw_3108.schw))
                     ->  Nested Loop  (cost=0.00..97.81 rows=1 width=84)
                           Join Filter: ((st_transform(s_3108.the_geom, 25833) && st_expand(schw_3108.schw, '300'::double precision)) AND (schw_3108.schw && st_expand(st_transform(s_3108.the_geom, 25833), '300'::double precision)) AND _st_dwithin(st_transform(s_3108.the_geom, 25833), schw_3108.schw, '300'::double precision))
                           ->  Function Scan on schw_3108  (cost=0.00..0.01 rows=1 width=32)
                           ->  Seq Scan on phoml_trajectory_tmp s_3108  (cost=0.00..95.68 rows=17 width=40)
                                 Filter: ((unix_time >= '1685451404.154'::double precision) AND (unix_time <= '1685451464.154'::double precision))
   ->  Subquery Scan on "*SELECT* 3110"  (cost=97.82..97.83 rows=1 width=76)
         ->  Limit  (cost=97.82..97.82 rows=1 width=84)
               ->  Sort  (cost=97.82..97.82 rows=1 width=84)
                     Sort Key: (st_distance(st_transform(s_3109.the_geom, 25833), schw_3109.schw))
                     ->  Nested Loop  (cost=0.00..97.81 rows=1 width=84)
                           Join Filter: ((st_transform(s_3109.the_geom, 25833) && st_expand(schw_3109.schw, '300'::double precision)) AND (schw_3109.schw && st_expand(st_transform(s_3109.the_geom, 25833), '300'::double precision)) AND _st_dwithin(st_transform(s_3109.the_geom, 25833), schw_3109.schw, '300'::double precision))
                           ->  Function Scan on schw_3109  (cost=0.00..0.01 rows=1 width=32)
                           ->  Seq Scan on phoml_trajectory_tmp s_3109  (cost=0.00..95.68 rows=17 width=40)
                                 Filter: ((unix_time >= '1685451404.484'::double precision) AND (unix_time <= '1685451464.484'::double precision))
   ->  Subquery Scan on "*SELECT* 3111"  (cost=97.82..97.83 rows=1 width=76)
         ->  Limit  (cost=97.82..97.82 rows=1 width=84)
               ->  Sort  (cost=97.82..97.82 rows=1 width=84)
                     Sort Key: (st_distance(st_transform(s_3110.the_geom, 25833), schw_3110.schw))
                     ->  Nested Loop  (cost=0.00..97.81 rows=1 width=84)
                           Join Filter: ((st_transform(s_3110.the_geom, 25833) && st_expand(schw_3110.schw, '300'::double precision)) AND (schw_3110.schw && st_expand(st_transform(s_3110.the_geom, 25833), '300'::double precision)) AND _st_dwithin(st_transform(s_3110.the_geom, 25833), schw_3110.schw, '300'::double precision))
                           ->  Function Scan on schw_3110  (cost=0.00..0.01 rows=1 width=32)
                           ->  Seq Scan on phoml_trajectory_tmp s_3110  (cost=0.00..95.68 rows=17 width=40)
                                 Filter: ((unix_time >= '1685451404.834'::double precision) AND (unix_time <= '1685451464.834'::double precision))
   ->  Subquery Scan on "*SELECT* 3112"  (cost=97.82..97.83 rows=1 width=76)
         ->  Limit  (cost=97.82..97.82 rows=1 width=84)
               ->  Sort  (cost=97.82..97.82 rows=1 width=84)
                     Sort Key: (st_distance(st_transform(s_3111.the_geom, 25833), schw_3111.schw))
                     ->  Nested Loop  (cost=0.00..97.81 rows=1 width=84)
                           Join Filter: ((st_transform(s_3111.the_geom, 25833) && st_expand(schw_3111.schw, '300'::double precision)) AND (schw_3111.schw && st_expand(st_transform(s_3111.the_geom, 25833), '300'::double precision)) AND _st_dwithin(st_transform(s_3111.the_geom, 25833), schw_3111.schw, '300'::double precision))
                           ->  Function Scan on schw_3111  (cost=0.00..0.01 rows=1 width=32)
                           ->  Seq Scan on phoml_trajectory_tmp s_3111  (cost=0.00..95.68 rows=17 width=40)
                                 Filter: ((unix_time >= '1685451405.165'::double precision) AND (unix_time <= '1685451465.165'::double precision))
   ->  Subquery Scan on "*SELECT* 3113"  (cost=97.82..97.83 rows=1 width=76)
         ->  Limit  (cost=97.82..97.82 rows=1 width=84)
               ->  Sort  (cost=97.82..97.82 rows=1 width=84)
                     Sort Key: (st_distance(st_transform(s_3112.the_geom, 25833), schw_3112.schw))
                     ->  Nested Loop  (cost=0.00..97.81 rows=1 width=84)
                           Join Filter: ((st_transform(s_3112.the_geom, 25833) && st_expand(schw_3112.schw, '300'::double precision)) AND (schw_3112.schw && st_expand(st_transform(s_3112.the_geom, 25833), '300'::double precision)) AND _st_dwithin(st_transform(s_3112.the_geom, 25833), schw_3112.schw, '300'::double precision))
                           ->  Function Scan on schw_3112  (cost=0.00..0.01 rows=1 width=32)
                           ->  Seq Scan on phoml_trajectory_tmp s_3112  (cost=0.00..95.68 rows=17 width=40)
                                 Filter: ((unix_time >= '1685451405.505'::double precision) AND (unix_time <= '1685451465.505'::double precision))
   ->  Subquery Scan on "*SELECT* 3114"  (cost=97.82..97.83 rows=1 width=76)
         ->  Limit  (cost=97.82..97.82 rows=1 width=84)
               ->  Sort  (cost=97.82..97.82 rows=1 width=84)
                     Sort Key: (st_distance(st_transform(s_3113.the_geom, 25833), schw_3113.schw))
                     ->  Nested Loop  (cost=0.00..97.81 rows=1 width=84)
                           Join Filter: ((st_transform(s_3113.the_geom, 25833) && st_expand(schw_3113.schw, '300'::double precision)) AND (schw_3113.schw && st_expand(st_transform(s_3113.the_geom, 25833), '300'::double precision)) AND _st_dwithin(st_transform(s_3113.the_geom, 25833), schw_3113.schw, '300'::double precision))
                           ->  Function Scan on schw_3113  (cost=0.00..0.01 rows=1 width=32)
                           ->  Seq Scan on phoml_trajectory_tmp s_3113  (cost=0.00..95.68 rows=17 width=40)
                                 Filter: ((unix_time >= '1685451405.845'::double precision) AND (unix_time <= '1685451465.845'::double precision))
   ->  Subquery Scan on "*SELECT* 3115"  (cost=97.82..97.83 rows=1 width=76)
         ->  Limit  (cost=97.82..97.82 rows=1 width=84)
               ->  Sort  (cost=97.82..97.82 rows=1 width=84)
                     Sort Key: (st_distance(st_transform(s_3114.the_geom, 25833), schw_3114.schw))
                     ->  Nested Loop  (cost=0.00..97.81 rows=1 width=84)
                           Join Filter: ((st_transform(s_3114.the_geom, 25833) && st_expand(schw_3114.schw, '300'::double precision)) AND (schw_3114.schw && st_expand(st_transform(s_3114.the_geom, 25833), '300'::double precision)) AND _st_dwithin(st_transform(s_3114.the_geom, 25833), schw_3114.schw, '300'::double precision))
                           ->  Function Scan on schw_3114  (cost=0.00..0.01 rows=1 width=32)
                           ->  Seq Scan on phoml_trajectory_tmp s_3114  (cost=0.00..95.68 rows=17 width=40)
                                 Filter: ((unix_time >= '1685451406.193'::double precision) AND (unix_time <= '1685451466.193'::double precision))
   ->  Subquery Scan on "*SELECT* 3116"  (cost=97.82..97.83 rows=1 width=76)
         ->  Limit  (cost=97.82..97.82 rows=1 width=84)
               ->  Sort  (cost=97.82..97.82 rows=1 width=84)
                     Sort Key: (st_distance(st_transform(s_3115.the_geom, 25833), schw_3115.schw))
                     ->  Nested Loop  (cost=0.00..97.81 rows=1 width=84)
                           Join Filter: ((st_transform(s_3115.the_geom, 25833) && st_expand(schw_3115.schw, '300'::double precision)) AND (schw_3115.schw && st_expand(st_transform(s_3115.the_geom, 25833), '300'::double precision)) AND _st_dwithin(st_transform(s_3115.the_geom, 25833), schw_3115.schw, '300'::double precision))
                           ->  Function Scan on schw_3115  (cost=0.00..0.01 rows=1 width=32)
                           ->  Seq Scan on phoml_trajectory_tmp s_3115  (cost=0.00..95.68 rows=17 width=40)
                                 Filter: ((unix_time >= '1685451406.523'::double precision) AND (unix_time <= '1685451466.523'::double precision))
   ->  Subquery Scan on "*SELECT* 3117"  (cost=97.82..97.83 rows=1 width=76)
         ->  Limit  (cost=97.82..97.82 rows=1 width=84)
               ->  Sort  (cost=97.82..97.82 rows=1 width=84)
                     Sort Key: (st_distance(st_transform(s_3116.the_geom, 25833), schw_3116.schw))
                     ->  Nested Loop  (cost=0.00..97.81 rows=1 width=84)
                           Join Filter: ((st_transform(s_3116.the_geom, 25833) && st_expand(schw_3116.schw, '300'::double precision)) AND (schw_3116.schw && st_expand(st_transform(s_3116.the_geom, 25833), '300'::double precision)) AND _st_dwithin(st_transform(s_3116.the_geom, 25833), schw_3116.schw, '300'::double precision))
                           ->  Function Scan on schw_3116  (cost=0.00..0.01 rows=1 width=32)
                           ->  Seq Scan on phoml_trajectory_tmp s_3116  (cost=0.00..95.68 rows=17 width=40)
                                 Filter: ((unix_time >= '1685451406.853'::double precision) AND (unix_time <= '1685451466.853'::double precision))
   ->  Subquery Scan on "*SELECT* 3118"  (cost=97.82..97.83 rows=1 width=76)
         ->  Limit  (cost=97.82..97.82 rows=1 width=84)
               ->  Sort  (cost=97.82..97.82 rows=1 width=84)
                     Sort Key: (st_distance(st_transform(s_3117.the_geom, 25833), schw_3117.schw))
                     ->  Nested Loop  (cost=0.00..97.81 rows=1 width=84)
                           Join Filter: ((st_transform(s_3117.the_geom, 25833) && st_expand(schw_3117.schw, '300'::double precision)) AND (schw_3117.schw && st_expand(st_transform(s_3117.the_geom, 25833), '300'::double precision)) AND _st_dwithin(st_transform(s_3117.the_geom, 25833), schw_3117.schw, '300'::double precision))
                           ->  Function Scan on schw_3117  (cost=0.00..0.01 rows=1 width=32)
                           ->  Seq Scan on phoml_trajectory_tmp s_3117  (cost=0.00..95.68 rows=17 width=40)
                                 Filter: ((unix_time >= '1685451407.21'::double precision) AND (unix_time <= '1685451467.21'::double precision))
   ->  Subquery Scan on "*SELECT* 3119"  (cost=97.82..97.83 rows=1 width=76)
         ->  Limit  (cost=97.82..97.82 rows=1 width=84)
               ->  Sort  (cost=97.82..97.82 rows=1 width=84)
                     Sort Key: (st_distance(st_transform(s_3118.the_geom, 25833), schw_3118.schw))
                     ->  Nested Loop  (cost=0.00..97.81 rows=1 width=84)
                           Join Filter: ((st_transform(s_3118.the_geom, 25833) && st_expand(schw_3118.schw, '300'::double precision)) AND (schw_3118.schw && st_expand(st_transform(s_3118.the_geom, 25833), '300'::double precision)) AND _st_dwithin(st_transform(s_3118.the_geom, 25833), schw_3118.schw, '300'::double precision))
                           ->  Function Scan on schw_3118  (cost=0.00..0.01 rows=1 width=32)
                           ->  Seq Scan on phoml_trajectory_tmp s_3118  (cost=0.00..95.68 rows=17 width=40)
                                 Filter: ((unix_time >= '1685451407.54'::double precision) AND (unix_time <= '1685451467.54'::double precision))
   ->  Subquery Scan on "*SELECT* 3120"  (cost=97.82..97.83 rows=1 width=76)
         ->  Limit  (cost=97.82..97.82 rows=1 width=84)
               ->  Sort  (cost=97.82..97.82 rows=1 width=84)
                     Sort Key: (st_distance(st_transform(s_3119.the_geom, 25833), schw_3119.schw))
                     ->  Nested Loop  (cost=0.00..97.81 rows=1 width=84)
                           Join Filter: ((st_transform(s_3119.the_geom, 25833) && st_expand(schw_3119.schw, '300'::double precision)) AND (schw_3119.schw && st_expand(st_transform(s_3119.the_geom, 25833), '300'::double precision)) AND _st_dwithin(st_transform(s_3119.the_geom, 25833), schw_3119.schw, '300'::double precision))
                           ->  Function Scan on schw_3119  (cost=0.00..0.01 rows=1 width=32)
                           ->  Seq Scan on phoml_trajectory_tmp s_3119  (cost=0.00..95.68 rows=17 width=40)
                                 Filter: ((unix_time >= '1685451407.87'::double precision) AND (unix_time <= '1685451467.87'::double precision))
   ->  Subquery Scan on "*SELECT* 3121"  (cost=97.82..97.83 rows=1 width=76)
         ->  Limit  (cost=97.82..97.82 rows=1 width=84)
               ->  Sort  (cost=97.82..97.82 rows=1 width=84)
                     Sort Key: (st_distance(st_transform(s_3120.the_geom, 25833), schw_3120.schw))
                     ->  Nested Loop  (cost=0.00..97.81 rows=1 width=84)
                           Join Filter: ((st_transform(s_3120.the_geom, 25833) && st_expand(schw_3120.schw, '300'::double precision)) AND (schw_3120.schw && st_expand(st_transform(s_3120.the_geom, 25833), '300'::double precision)) AND _st_dwithin(st_transform(s_3120.the_geom, 25833), schw_3120.schw, '300'::double precision))
                           ->  Function Scan on schw_3120  (cost=0.00..0.01 rows=1 width=32)
                           ->  Seq Scan on phoml_trajectory_tmp s_3120  (cost=0.00..95.68 rows=17 width=40)
                                 Filter: ((unix_time >= '1685451408.221'::double precision) AND (unix_time <= '1685451468.221'::double precision))
   ->  Subquery Scan on "*SELECT* 3122"  (cost=97.82..97.83 rows=1 width=76)
         ->  Limit  (cost=97.82..97.82 rows=1 width=84)
               ->  Sort  (cost=97.82..97.82 rows=1 width=84)
                     Sort Key: (st_distance(st_transform(s_3121.the_geom, 25833), schw_3121.schw))
                     ->  Nested Loop  (cost=0.00..97.81 rows=1 width=84)
                           Join Filter: ((st_transform(s_3121.the_geom, 25833) && st_expand(schw_3121.schw, '300'::double precision)) AND (schw_3121.schw && st_expand(st_transform(s_3121.the_geom, 25833), '300'::double precision)) AND _st_dwithin(st_transform(s_3121.the_geom, 25833), schw_3121.schw, '300'::double precision))
                           ->  Function Scan on schw_3121  (cost=0.00..0.01 rows=1 width=32)
                           ->  Seq Scan on phoml_trajectory_tmp s_3121  (cost=0.00..95.68 rows=17 width=40)
                                 Filter: ((unix_time >= '1685451408.561'::double precision) AND (unix_time <= '1685451468.561'::double precision))
   ->  Subquery Scan on "*SELECT* 3123"  (cost=97.82..97.83 rows=1 width=76)
         ->  Limit  (cost=97.82..97.82 rows=1 width=84)
               ->  Sort  (cost=97.82..97.82 rows=1 width=84)
                     Sort Key: (st_distance(st_transform(s_3122.the_geom, 25833), schw_3122.schw))
                     ->  Nested Loop  (cost=0.00..97.81 rows=1 width=84)
                           Join Filter: ((st_transform(s_3122.the_geom, 25833) && st_expand(schw_3122.schw, '300'::double precision)) AND (schw_3122.schw && st_expand(st_transform(s_3122.the_geom, 25833), '300'::double precision)) AND _st_dwithin(st_transform(s_3122.the_geom, 25833), schw_3122.schw, '300'::double precision))
                           ->  Function Scan on schw_3122  (cost=0.00..0.01 rows=1 width=32)
                           ->  Seq Scan on phoml_trajectory_tmp s_3122  (cost=0.00..95.68 rows=17 width=40)
                                 Filter: ((unix_time >= '1685451408.901'::double precision) AND (unix_time <= '1685451468.901'::double precision))
   ->  Subquery Scan on "*SELECT* 3124"  (cost=97.82..97.83 rows=1 width=76)
         ->  Limit  (cost=97.82..97.82 rows=1 width=84)
               ->  Sort  (cost=97.82..97.82 rows=1 width=84)
                     Sort Key: (st_distance(st_transform(s_3123.the_geom, 25833), schw_3123.schw))
                     ->  Nested Loop  (cost=0.00..97.81 rows=1 width=84)
                           Join Filter: ((st_transform(s_3123.the_geom, 25833) && st_expand(schw_3123.schw, '300'::double precision)) AND (schw_3123.schw && st_expand(st_transform(s_3123.the_geom, 25833), '300'::double precision)) AND _st_dwithin(st_transform(s_3123.the_geom, 25833), schw_3123.schw, '300'::double precision))
                           ->  Function Scan on schw_3123  (cost=0.00..0.01 rows=1 width=32)
                           ->  Seq Scan on phoml_trajectory_tmp s_3123  (cost=0.00..95.68 rows=17 width=40)
                                 Filter: ((unix_time >= '1685451409.234'::double precision) AND (unix_time <= '1685451469.234'::double precision))
   ->  Subquery Scan on "*SELECT* 3125"  (cost=97.82..97.83 rows=1 width=76)
         ->  Limit  (cost=97.82..97.82 rows=1 width=84)
               ->  Sort  (cost=97.82..97.82 rows=1 width=84)
                     Sort Key: (st_distance(st_transform(s_3124.the_geom, 25833), schw_3124.schw))
                     ->  Nested Loop  (cost=0.00..97.81 rows=1 width=84)
                           Join Filter: ((st_transform(s_3124.the_geom, 25833) && st_expand(schw_3124.schw, '300'::double precision)) AND (schw_3124.schw && st_expand(st_transform(s_3124.the_geom, 25833), '300'::double precision)) AND _st_dwithin(st_transform(s_3124.the_geom, 25833), schw_3124.schw, '300'::double precision))
                           ->  Function Scan on schw_3124  (cost=0.00..0.01 rows=1 width=32)
                           ->  Seq Scan on phoml_trajectory_tmp s_3124  (cost=0.00..95.68 rows=17 width=40)
                                 Filter: ((unix_time >= '1685451409.564'::double precision) AND (unix_time <= '1685451469.564'::double precision))
   ->  Subquery Scan on "*SELECT* 3126"  (cost=97.82..97.83 rows=1 width=76)
         ->  Limit  (cost=97.82..97.82 rows=1 width=84)
               ->  Sort  (cost=97.82..97.82 rows=1 width=84)
                     Sort Key: (st_distance(st_transform(s_3125.the_geom, 25833), schw_3125.schw))
                     ->  Nested Loop  (cost=0.00..97.81 rows=1 width=84)
                           Join Filter: ((st_transform(s_3125.the_geom, 25833) && st_expand(schw_3125.schw, '300'::double precision)) AND (schw_3125.schw && st_expand(st_transform(s_3125.the_geom, 25833), '300'::double precision)) AND _st_dwithin(st_transform(s_3125.the_geom, 25833), schw_3125.schw, '300'::double precision))
                           ->  Function Scan on schw_3125  (cost=0.00..0.01 rows=1 width=32)
                           ->  Seq Scan on phoml_trajectory_tmp s_3125  (cost=0.00..95.68 rows=17 width=40)
                                 Filter: ((unix_time >= '1685451409.914'::double precision) AND (unix_time <= '1685451469.914'::double precision))
   ->  Subquery Scan on "*SELECT* 3127"  (cost=97.82..97.83 rows=1 width=76)
         ->  Limit  (cost=97.82..97.82 rows=1 width=84)
               ->  Sort  (cost=97.82..97.82 rows=1 width=84)
                     Sort Key: (st_distance(st_transform(s_3126.the_geom, 25833), schw_3126.schw))
                     ->  Nested Loop  (cost=0.00..97.81 rows=1 width=84)
                           Join Filter: ((st_transform(s_3126.the_geom, 25833) && st_expand(schw_3126.schw, '300'::double precision)) AND (schw_3126.schw && st_expand(st_transform(s_3126.the_geom, 25833), '300'::double precision)) AND _st_dwithin(st_transform(s_3126.the_geom, 25833), schw_3126.schw, '300'::double precision))
                           ->  Function Scan on schw_3126  (cost=0.00..0.01 rows=1 width=32)
                           ->  Seq Scan on phoml_trajectory_tmp s_3126  (cost=0.00..95.68 rows=17 width=40)
                                 Filter: ((unix_time >= '1685451410.258'::double precision) AND (unix_time <= '1685451470.258'::double precision))
   ->  Subquery Scan on "*SELECT* 3128"  (cost=97.82..97.83 rows=1 width=76)
         ->  Limit  (cost=97.82..97.82 rows=1 width=84)
               ->  Sort  (cost=97.82..97.82 rows=1 width=84)
                     Sort Key: (st_distance(st_transform(s_3127.the_geom, 25833), schw_3127.schw))
                     ->  Nested Loop  (cost=0.00..97.81 rows=1 width=84)
                           Join Filter: ((st_transform(s_3127.the_geom, 25833) && st_expand(schw_3127.schw, '300'::double precision)) AND (schw_3127.schw && st_expand(st_transform(s_3127.the_geom, 25833), '300'::double precision)) AND _st_dwithin(st_transform(s_3127.the_geom, 25833), schw_3127.schw, '300'::double precision))
                           ->  Function Scan on schw_3127  (cost=0.00..0.01 rows=1 width=32)
                           ->  Seq Scan on phoml_trajectory_tmp s_3127  (cost=0.00..95.68 rows=17 width=40)
                                 Filter: ((unix_time >= '1685451410.598'::double precision) AND (unix_time <= '1685451470.598'::double precision))
   ->  Subquery Scan on "*SELECT* 3129"  (cost=97.82..97.83 rows=1 width=76)
         ->  Limit  (cost=97.82..97.82 rows=1 width=84)
               ->  Sort  (cost=97.82..97.82 rows=1 width=84)
                     Sort Key: (st_distance(st_transform(s_3128.the_geom, 25833), schw_3128.schw))
                     ->  Nested Loop  (cost=0.00..97.81 rows=1 width=84)
                           Join Filter: ((st_transform(s_3128.the_geom, 25833) && st_expand(schw_3128.schw, '300'::double precision)) AND (schw_3128.schw && st_expand(st_transform(s_3128.the_geom, 25833), '300'::double precision)) AND _st_dwithin(st_transform(s_3128.the_geom, 25833), schw_3128.schw, '300'::double precision))
                           ->  Function Scan on schw_3128  (cost=0.00..0.01 rows=1 width=32)
                           ->  Seq Scan on phoml_trajectory_tmp s_3128  (cost=0.00..95.68 rows=17 width=40)
                                 Filter: ((unix_time >= '1685451410.938'::double precision) AND (unix_time <= '1685451470.938'::double precision))
   ->  Subquery Scan on "*SELECT* 3130"  (cost=97.82..97.83 rows=1 width=76)
         ->  Limit  (cost=97.82..97.82 rows=1 width=84)
               ->  Sort  (cost=97.82..97.82 rows=1 width=84)
                     Sort Key: (st_distance(st_transform(s_3129.the_geom, 25833), schw_3129.schw))
                     ->  Nested Loop  (cost=0.00..97.81 rows=1 width=84)
                           Join Filter: ((st_transform(s_3129.the_geom, 25833) && st_expand(schw_3129.schw, '300'::double precision)) AND (schw_3129.schw && st_expand(st_transform(s_3129.the_geom, 25833), '300'::double precision)) AND _st_dwithin(st_transform(s_3129.the_geom, 25833), schw_3129.schw, '300'::double precision))
                           ->  Function Scan on schw_3129  (cost=0.00..0.01 rows=1 width=32)
                           ->  Seq Scan on phoml_trajectory_tmp s_3129  (cost=0.00..95.68 rows=17 width=40)
                                 Filter: ((unix_time >= '1685451411.274'::double precision) AND (unix_time <= '1685451471.274'::double precision))
   ->  Subquery Scan on "*SELECT* 3131"  (cost=97.82..97.83 rows=1 width=76)
         ->  Limit  (cost=97.82..97.82 rows=1 width=84)
               ->  Sort  (cost=97.82..97.82 rows=1 width=84)
                     Sort Key: (st_distance(st_transform(s_3130.the_geom, 25833), schw_3130.schw))
                     ->  Nested Loop  (cost=0.00..97.81 rows=1 width=84)
                           Join Filter: ((st_transform(s_3130.the_geom, 25833) && st_expand(schw_3130.schw, '300'::double precision)) AND (schw_3130.schw && st_expand(st_transform(s_3130.the_geom, 25833), '300'::double precision)) AND _st_dwithin(st_transform(s_3130.the_geom, 25833), schw_3130.schw, '300'::double precision))
                           ->  Function Scan on schw_3130  (cost=0.00..0.01 rows=1 width=32)
                           ->  Seq Scan on phoml_trajectory_tmp s_3130  (cost=0.00..95.68 rows=17 width=40)
                                 Filter: ((unix_time >= '1685451411.614'::double precision) AND (unix_time <= '1685451471.614'::double precision))
   ->  Subquery Scan on "*SELECT* 3132"  (cost=97.82..97.83 rows=1 width=76)
         ->  Limit  (cost=97.82..97.82 rows=1 width=84)
               ->  Sort  (cost=97.82..97.82 rows=1 width=84)
                     Sort Key: (st_distance(st_transform(s_3131.the_geom, 25833), schw_3131.schw))
                     ->  Nested Loop  (cost=0.00..97.81 rows=1 width=84)
                           Join Filter: ((st_transform(s_3131.the_geom, 25833) && st_expand(schw_3131.schw, '300'::double precision)) AND (schw_3131.schw && st_expand(st_transform(s_3131.the_geom, 25833), '300'::double precision)) AND _st_dwithin(st_transform(s_3131.the_geom, 25833), schw_3131.schw, '300'::double precision))
                           ->  Function Scan on schw_3131  (cost=0.00..0.01 rows=1 width=32)
                           ->  Seq Scan on phoml_trajectory_tmp s_3131  (cost=0.00..95.68 rows=17 width=40)
                                 Filter: ((unix_time >= '1685451411.954'::double precision) AND (unix_time <= '1685451471.954'::double precision))
   ->  Subquery Scan on "*SELECT* 3133"  (cost=97.82..97.83 rows=1 width=76)
         ->  Limit  (cost=97.82..97.82 rows=1 width=84)
               ->  Sort  (cost=97.82..97.82 rows=1 width=84)
                     Sort Key: (st_distance(st_transform(s_3132.the_geom, 25833), schw_3132.schw))
                     ->  Nested Loop  (cost=0.00..97.81 rows=1 width=84)
                           Join Filter: ((st_transform(s_3132.the_geom, 25833) && st_expand(schw_3132.schw, '300'::double precision)) AND (schw_3132.schw && st_expand(st_transform(s_3132.the_geom, 25833), '300'::double precision)) AND _st_dwithin(st_transform(s_3132.the_geom, 25833), schw_3132.schw, '300'::double precision))
                           ->  Function Scan on schw_3132  (cost=0.00..0.01 rows=1 width=32)
                           ->  Seq Scan on phoml_trajectory_tmp s_3132  (cost=0.00..95.68 rows=17 width=40)
                                 Filter: ((unix_time >= '1685451412.297'::double precision) AND (unix_time <= '1685451472.297'::double precision))
   ->  Subquery Scan on "*SELECT* 3134"  (cost=97.82..97.83 rows=1 width=76)
         ->  Limit  (cost=97.82..97.82 rows=1 width=84)
               ->  Sort  (cost=97.82..97.82 rows=1 width=84)
                     Sort Key: (st_distance(st_transform(s_3133.the_geom, 25833), schw_3133.schw))
                     ->  Nested Loop  (cost=0.00..97.81 rows=1 width=84)
                           Join Filter: ((st_transform(s_3133.the_geom, 25833) && st_expand(schw_3133.schw, '300'::double precision)) AND (schw_3133.schw && st_expand(st_transform(s_3133.the_geom, 25833), '300'::double precision)) AND _st_dwithin(st_transform(s_3133.the_geom, 25833), schw_3133.schw, '300'::double precision))
                           ->  Function Scan on schw_3133  (cost=0.00..0.01 rows=1 width=32)
                           ->  Seq Scan on phoml_trajectory_tmp s_3133  (cost=0.00..95.68 rows=17 width=40)
                                 Filter: ((unix_time >= '1685451412.627'::double precision) AND (unix_time <= '1685451472.627'::double precision))
   ->  Subquery Scan on "*SELECT* 3135"  (cost=97.82..97.83 rows=1 width=76)
         ->  Limit  (cost=97.82..97.82 rows=1 width=84)
               ->  Sort  (cost=97.82..97.82 rows=1 width=84)
                     Sort Key: (st_distance(st_transform(s_3134.the_geom, 25833), schw_3134.schw))
                     ->  Nested Loop  (cost=0.00..97.81 rows=1 width=84)
                           Join Filter: ((st_transform(s_3134.the_geom, 25833) && st_expand(schw_3134.schw, '300'::double precision)) AND (schw_3134.schw && st_expand(st_transform(s_3134.the_geom, 25833), '300'::double precision)) AND _st_dwithin(st_transform(s_3134.the_geom, 25833), schw_3134.schw, '300'::double precision))
                           ->  Function Scan on schw_3134  (cost=0.00..0.01 rows=1 width=32)
                           ->  Seq Scan on phoml_trajectory_tmp s_3134  (cost=0.00..95.68 rows=17 width=40)
                                 Filter: ((unix_time >= '1685451412.977'::double precision) AND (unix_time <= '1685451472.977'::double precision))
   ->  Subquery Scan on "*SELECT* 3136"  (cost=97.82..97.83 rows=1 width=76)
         ->  Limit  (cost=97.82..97.82 rows=1 width=84)
               ->  Sort  (cost=97.82..97.82 rows=1 width=84)
                     Sort Key: (st_distance(st_transform(s_3135.the_geom, 25833), schw_3135.schw))
                     ->  Nested Loop  (cost=0.00..97.81 rows=1 width=84)
                           Join Filter: ((st_transform(s_3135.the_geom, 25833) && st_expand(schw_3135.schw, '300'::double precision)) AND (schw_3135.schw && st_expand(st_transform(s_3135.the_geom, 25833), '300'::double precision)) AND _st_dwithin(st_transform(s_3135.the_geom, 25833), schw_3135.schw, '300'::double precision))
                           ->  Function Scan on schw_3135  (cost=0.00..0.01 rows=1 width=32)
                           ->  Seq Scan on phoml_trajectory_tmp s_3135  (cost=0.00..95.68 rows=17 width=40)
                                 Filter: ((unix_time >= '1685451413.322'::double precision) AND (unix_time <= '1685451473.322'::double precision))
   ->  Subquery Scan on "*SELECT* 3137"  (cost=97.82..97.83 rows=1 width=76)
         ->  Limit  (cost=97.82..97.82 rows=1 width=84)
               ->  Sort  (cost=97.82..97.82 rows=1 width=84)
                     Sort Key: (st_distance(st_transform(s_3136.the_geom, 25833), schw_3136.schw))
                     ->  Nested Loop  (cost=0.00..97.81 rows=1 width=84)
                           Join Filter: ((st_transform(s_3136.the_geom, 25833) && st_expand(schw_3136.schw, '300'::double precision)) AND (schw_3136.schw && st_expand(st_transform(s_3136.the_geom, 25833), '300'::double precision)) AND _st_dwithin(st_transform(s_3136.the_geom, 25833), schw_3136.schw, '300'::double precision))
                           ->  Function Scan on schw_3136  (cost=0.00..0.01 rows=1 width=32)
                           ->  Seq Scan on phoml_trajectory_tmp s_3136  (cost=0.00..95.68 rows=17 width=40)
                                 Filter: ((unix_time >= '1685451413.672'::double precision) AND (unix_time <= '1685451473.672'::double precision))
   ->  Subquery Scan on "*SELECT* 3138"  (cost=97.82..97.83 rows=1 width=76)
         ->  Limit  (cost=97.82..97.82 rows=1 width=84)
               ->  Sort  (cost=97.82..97.82 rows=1 width=84)
                     Sort Key: (st_distance(st_transform(s_3137.the_geom, 25833), schw_3137.schw))
                     ->  Nested Loop  (cost=0.00..97.81 rows=1 width=84)
                           Join Filter: ((st_transform(s_3137.the_geom, 25833) && st_expand(schw_3137.schw, '300'::double precision)) AND (schw_3137.schw && st_expand(st_transform(s_3137.the_geom, 25833), '300'::double precision)) AND _st_dwithin(st_transform(s_3137.the_geom, 25833), schw_3137.schw, '300'::double precision))
                           ->  Function Scan on schw_3137  (cost=0.00..0.01 rows=1 width=32)
                           ->  Seq Scan on phoml_trajectory_tmp s_3137  (cost=0.00..95.68 rows=17 width=40)
                                 Filter: ((unix_time >= '1685451414.032'::double precision) AND (unix_time <= '1685451474.032'::double precision))
   ->  Subquery Scan on "*SELECT* 3139"  (cost=97.82..97.83 rows=1 width=76)
         ->  Limit  (cost=97.82..97.82 rows=1 width=84)
               ->  Sort  (cost=97.82..97.82 rows=1 width=84)
                     Sort Key: (st_distance(st_transform(s_3138.the_geom, 25833), schw_3138.schw))
                     ->  Nested Loop  (cost=0.00..97.81 rows=1 width=84)
                           Join Filter: ((st_transform(s_3138.the_geom, 25833) && st_expand(schw_3138.schw, '300'::double precision)) AND (schw_3138.schw && st_expand(st_transform(s_3138.the_geom, 25833), '300'::double precision)) AND _st_dwithin(st_transform(s_3138.the_geom, 25833), schw_3138.schw, '300'::double precision))
                           ->  Function Scan on schw_3138  (cost=0.00..0.01 rows=1 width=32)
                           ->  Seq Scan on phoml_trajectory_tmp s_3138  (cost=0.00..95.68 rows=17 width=40)
                                 Filter: ((unix_time >= '1685451414.396'::double precision) AND (unix_time <= '1685451474.396'::double precision))
   ->  Subquery Scan on "*SELECT* 3140"  (cost=97.82..97.83 rows=1 width=76)
         ->  Limit  (cost=97.82..97.82 rows=1 width=84)
               ->  Sort  (cost=97.82..97.82 rows=1 width=84)
                     Sort Key: (st_distance(st_transform(s_3139.the_geom, 25833), schw_3139.schw))
                     ->  Nested Loop  (cost=0.00..97.81 rows=1 width=84)
                           Join Filter: ((st_transform(s_3139.the_geom, 25833) && st_expand(schw_3139.schw, '300'::double precision)) AND (schw_3139.schw && st_expand(st_transform(s_3139.the_geom, 25833), '300'::double precision)) AND _st_dwithin(st_transform(s_3139.the_geom, 25833), schw_3139.schw, '300'::double precision))
                           ->  Function Scan on schw_3139  (cost=0.00..0.01 rows=1 width=32)
                           ->  Seq Scan on phoml_trajectory_tmp s_3139  (cost=0.00..95.68 rows=17 width=40)
                                 Filter: ((unix_time >= '1685451414.756'::double precision) AND (unix_time <= '1685451474.756'::double precision))
   ->  Subquery Scan on "*SELECT* 3141"  (cost=97.82..97.83 rows=1 width=76)
         ->  Limit  (cost=97.82..97.82 rows=1 width=84)
               ->  Sort  (cost=97.82..97.82 rows=1 width=84)
                     Sort Key: (st_distance(st_transform(s_3140.the_geom, 25833), schw_3140.schw))
                     ->  Nested Loop  (cost=0.00..97.81 rows=1 width=84)
                           Join Filter: ((st_transform(s_3140.the_geom, 25833) && st_expand(schw_3140.schw, '300'::double precision)) AND (schw_3140.schw && st_expand(st_transform(s_3140.the_geom, 25833), '300'::double precision)) AND _st_dwithin(st_transform(s_3140.the_geom, 25833), schw_3140.schw, '300'::double precision))
                           ->  Function Scan on schw_3140  (cost=0.00..0.01 rows=1 width=32)
                           ->  Seq Scan on phoml_trajectory_tmp s_3140  (cost=0.00..95.68 rows=17 width=40)
                                 Filter: ((unix_time >= '1685451415.129'::double precision) AND (unix_time <= '1685451475.129'::double precision))
   ->  Subquery Scan on "*SELECT* 3142"  (cost=97.82..97.83 rows=1 width=76)
         ->  Limit  (cost=97.82..97.82 rows=1 width=84)
               ->  Sort  (cost=97.82..97.82 rows=1 width=84)
                     Sort Key: (st_distance(st_transform(s_3141.the_geom, 25833), schw_3141.schw))
                     ->  Nested Loop  (cost=0.00..97.81 rows=1 width=84)
                           Join Filter: ((st_transform(s_3141.the_geom, 25833) && st_expand(schw_3141.schw, '300'::double precision)) AND (schw_3141.schw && st_expand(st_transform(s_3141.the_geom, 25833), '300'::double precision)) AND _st_dwithin(st_transform(s_3141.the_geom, 25833), schw_3141.schw, '300'::double precision))
                           ->  Function Scan on schw_3141  (cost=0.00..0.01 rows=1 width=32)
                           ->  Seq Scan on phoml_trajectory_tmp s_3141  (cost=0.00..95.68 rows=17 width=40)
                                 Filter: ((unix_time >= '1685451415.51'::double precision) AND (unix_time <= '1685451475.51'::double precision))
   ->  Subquery Scan on "*SELECT* 3143"  (cost=97.82..97.83 rows=1 width=76)
         ->  Limit  (cost=97.82..97.82 rows=1 width=84)
               ->  Sort  (cost=97.82..97.82 rows=1 width=84)
                     Sort Key: (st_distance(st_transform(s_3142.the_geom, 25833), schw_3142.schw))
                     ->  Nested Loop  (cost=0.00..97.81 rows=1 width=84)
                           Join Filter: ((st_transform(s_3142.the_geom, 25833) && st_expand(schw_3142.schw, '300'::double precision)) AND (schw_3142.schw && st_expand(st_transform(s_3142.the_geom, 25833), '300'::double precision)) AND _st_dwithin(st_transform(s_3142.the_geom, 25833), schw_3142.schw, '300'::double precision))
                           ->  Function Scan on schw_3142  (cost=0.00..0.01 rows=1 width=32)
                           ->  Seq Scan on phoml_trajectory_tmp s_3142  (cost=0.00..95.68 rows=17 width=40)
                                 Filter: ((unix_time >= '1685451415.88'::double precision) AND (unix_time <= '1685451475.88'::double precision))
   ->  Subquery Scan on "*SELECT* 3144"  (cost=97.82..97.83 rows=1 width=76)
         ->  Limit  (cost=97.82..97.82 rows=1 width=84)
               ->  Sort  (cost=97.82..97.82 rows=1 width=84)
                     Sort Key: (st_distance(st_transform(s_3143.the_geom, 25833), schw_3143.schw))
                     ->  Nested Loop  (cost=0.00..97.81 rows=1 width=84)
                           Join Filter: ((st_transform(s_3143.the_geom, 25833) && st_expand(schw_3143.schw, '300'::double precision)) AND (schw_3143.schw && st_expand(st_transform(s_3143.the_geom, 25833), '300'::double precision)) AND _st_dwithin(st_transform(s_3143.the_geom, 25833), schw_3143.schw, '300'::double precision))
                           ->  Function Scan on schw_3143  (cost=0.00..0.01 rows=1 width=32)
                           ->  Seq Scan on phoml_trajectory_tmp s_3143  (cost=0.00..95.68 rows=17 width=40)
                                 Filter: ((unix_time >= '1685451416.273'::double precision) AND (unix_time <= '1685451476.273'::double precision))
   ->  Subquery Scan on "*SELECT* 3145"  (cost=97.82..97.83 rows=1 width=76)
         ->  Limit  (cost=97.82..97.82 rows=1 width=84)
               ->  Sort  (cost=97.82..97.82 rows=1 width=84)
                     Sort Key: (st_distance(st_transform(s_3144.the_geom, 25833), schw_3144.schw))
                     ->  Nested Loop  (cost=0.00..97.81 rows=1 width=84)
                           Join Filter: ((st_transform(s_3144.the_geom, 25833) && st_expand(schw_3144.schw, '300'::double precision)) AND (schw_3144.schw && st_expand(st_transform(s_3144.the_geom, 25833), '300'::double precision)) AND _st_dwithin(st_transform(s_3144.the_geom, 25833), schw_3144.schw, '300'::double precision))
                           ->  Function Scan on schw_3144  (cost=0.00..0.01 rows=1 width=32)
                           ->  Seq Scan on phoml_trajectory_tmp s_3144  (cost=0.00..95.68 rows=17 width=40)
                                 Filter: ((unix_time >= '1685451416.663'::double precision) AND (unix_time <= '1685451476.663'::double precision))
   ->  Subquery Scan on "*SELECT* 3146"  (cost=97.82..97.83 rows=1 width=76)
         ->  Limit  (cost=97.82..97.82 rows=1 width=84)
               ->  Sort  (cost=97.82..97.82 rows=1 width=84)
                     Sort Key: (st_distance(st_transform(s_3145.the_geom, 25833), schw_3145.schw))
                     ->  Nested Loop  (cost=0.00..97.81 rows=1 width=84)
                           Join Filter: ((st_transform(s_3145.the_geom, 25833) && st_expand(schw_3145.schw, '300'::double precision)) AND (schw_3145.schw && st_expand(st_transform(s_3145.the_geom, 25833), '300'::double precision)) AND _st_dwithin(st_transform(s_3145.the_geom, 25833), schw_3145.schw, '300'::double precision))
                           ->  Function Scan on schw_3145  (cost=0.00..0.01 rows=1 width=32)
                           ->  Seq Scan on phoml_trajectory_tmp s_3145  (cost=0.00..95.68 rows=17 width=40)
                                 Filter: ((unix_time >= '1685451417.053'::double precision) AND (unix_time <= '1685451477.053'::double precision))
   ->  Subquery Scan on "*SELECT* 3147"  (cost=97.82..97.83 rows=1 width=76)
         ->  Limit  (cost=97.82..97.82 rows=1 width=84)
               ->  Sort  (cost=97.82..97.82 rows=1 width=84)
                     Sort Key: (st_distance(st_transform(s_3146.the_geom, 25833), schw_3146.schw))
                     ->  Nested Loop  (cost=0.00..97.81 rows=1 width=84)
                           Join Filter: ((st_transform(s_3146.the_geom, 25833) && st_expand(schw_3146.schw, '300'::double precision)) AND (schw_3146.schw && st_expand(st_transform(s_3146.the_geom, 25833), '300'::double precision)) AND _st_dwithin(st_transform(s_3146.the_geom, 25833), schw_3146.schw, '300'::double precision))
                           ->  Function Scan on schw_3146  (cost=0.00..0.01 rows=1 width=32)
                           ->  Seq Scan on phoml_trajectory_tmp s_3146  (cost=0.00..95.68 rows=17 width=40)
                                 Filter: ((unix_time >= '1685451417.458'::double precision) AND (unix_time <= '1685451477.458'::double precision))
   ->  Subquery Scan on "*SELECT* 3148"  (cost=97.82..97.83 rows=1 width=76)
         ->  Limit  (cost=97.82..97.82 rows=1 width=84)
               ->  Sort  (cost=97.82..97.82 rows=1 width=84)
                     Sort Key: (st_distance(st_transform(s_3147.the_geom, 25833), schw_3147.schw))
                     ->  Nested Loop  (cost=0.00..97.81 rows=1 width=84)
                           Join Filter: ((st_transform(s_3147.the_geom, 25833) && st_expand(schw_3147.schw, '300'::double precision)) AND (schw_3147.schw && st_expand(st_transform(s_3147.the_geom, 25833), '300'::double precision)) AND _st_dwithin(st_transform(s_3147.the_geom, 25833), schw_3147.schw, '300'::double precision))
                           ->  Function Scan on schw_3147  (cost=0.00..0.01 rows=1 width=32)
                           ->  Seq Scan on phoml_trajectory_tmp s_3147  (cost=0.00..95.68 rows=17 width=40)
                                 Filter: ((unix_time >= '1685451417.868'::double precision) AND (unix_time <= '1685451477.868'::double precision))
   ->  Subquery Scan on "*SELECT* 3149"  (cost=97.82..97.83 rows=1 width=76)
         ->  Limit  (cost=97.82..97.82 rows=1 width=84)
               ->  Sort  (cost=97.82..97.82 rows=1 width=84)
                     Sort Key: (st_distance(st_transform(s_3148.the_geom, 25833), schw_3148.schw))
                     ->  Nested Loop  (cost=0.00..97.81 rows=1 width=84)
                           Join Filter: ((st_transform(s_3148.the_geom, 25833) && st_expand(schw_3148.schw, '300'::double precision)) AND (schw_3148.schw && st_expand(st_transform(s_3148.the_geom, 25833), '300'::double precision)) AND _st_dwithin(st_transform(s_3148.the_geom, 25833), schw_3148.schw, '300'::double precision))
                           ->  Function Scan on schw_3148  (cost=0.00..0.01 rows=1 width=32)
                           ->  Seq Scan on phoml_trajectory_tmp s_3148  (cost=0.00..95.68 rows=17 width=40)
                                 Filter: ((unix_time >= '1685451418.282'::double precision) AND (unix_time <= '1685451478.282'::double precision))
   ->  Subquery Scan on "*SELECT* 3150"  (cost=97.82..97.83 rows=1 width=76)
         ->  Limit  (cost=97.82..97.82 rows=1 width=84)
               ->  Sort  (cost=97.82..97.82 rows=1 width=84)
                     Sort Key: (st_distance(st_transform(s_3149.the_geom, 25833), schw_3149.schw))
                     ->  Nested Loop  (cost=0.00..97.81 rows=1 width=84)
                           Join Filter: ((st_transform(s_3149.the_geom, 25833) && st_expand(schw_3149.schw, '300'::double precision)) AND (schw_3149.schw && st_expand(st_transform(s_3149.the_geom, 25833), '300'::double precision)) AND _st_dwithin(st_transform(s_3149.the_geom, 25833), schw_3149.schw, '300'::double precision))
                           ->  Function Scan on schw_3149  (cost=0.00..0.01 rows=1 width=32)
                           ->  Seq Scan on phoml_trajectory_tmp s_3149  (cost=0.00..95.68 rows=17 width=40)
                                 Filter: ((unix_time >= '1685451418.712'::double precision) AND (unix_time <= '1685451478.712'::double precision))
   ->  Subquery Scan on "*SELECT* 3151"  (cost=97.82..97.83 rows=1 width=76)
         ->  Limit  (cost=97.82..97.82 rows=1 width=84)
               ->  Sort  (cost=97.82..97.82 rows=1 width=84)
                     Sort Key: (st_distance(st_transform(s_3150.the_geom, 25833), schw_3150.schw))
                     ->  Nested Loop  (cost=0.00..97.81 rows=1 width=84)
                           Join Filter: ((st_transform(s_3150.the_geom, 25833) && st_expand(schw_3150.schw, '300'::double precision)) AND (schw_3150.schw && st_expand(st_transform(s_3150.the_geom, 25833), '300'::double precision)) AND _st_dwithin(st_transform(s_3150.the_geom, 25833), schw_3150.schw, '300'::double precision))
                           ->  Function Scan on schw_3150  (cost=0.00..0.01 rows=1 width=32)
                           ->  Seq Scan on phoml_trajectory_tmp s_3150  (cost=0.00..95.68 rows=17 width=40)
                                 Filter: ((unix_time >= '1685451419.138'::double precision) AND (unix_time <= '1685451479.138'::double precision))
   ->  Subquery Scan on "*SELECT* 3152"  (cost=97.82..97.83 rows=1 width=76)
         ->  Limit  (cost=97.82..97.82 rows=1 width=84)
               ->  Sort  (cost=97.82..97.82 rows=1 width=84)
                     Sort Key: (st_distance(st_transform(s_3151.the_geom, 25833), schw_3151.schw))
                     ->  Nested Loop  (cost=0.00..97.81 rows=1 width=84)
                           Join Filter: ((st_transform(s_3151.the_geom, 25833) && st_expand(schw_3151.schw, '300'::double precision)) AND (schw_3151.schw && st_expand(st_transform(s_3151.the_geom, 25833), '300'::double precision)) AND _st_dwithin(st_transform(s_3151.the_geom, 25833), schw_3151.schw, '300'::double precision))
                           ->  Function Scan on schw_3151  (cost=0.00..0.01 rows=1 width=32)
                           ->  Seq Scan on phoml_trajectory_tmp s_3151  (cost=0.00..95.68 rows=17 width=40)
                                 Filter: ((unix_time >= '1685451419.578'::double precision) AND (unix_time <= '1685451479.578'::double precision))
   ->  Subquery Scan on "*SELECT* 3153"  (cost=97.82..97.83 rows=1 width=76)
         ->  Limit  (cost=97.82..97.82 rows=1 width=84)
               ->  Sort  (cost=97.82..97.82 rows=1 width=84)
                     Sort Key: (st_distance(st_transform(s_3152.the_geom, 25833), schw_3152.schw))
                     ->  Nested Loop  (cost=0.00..97.81 rows=1 width=84)
                           Join Filter: ((st_transform(s_3152.the_geom, 25833) && st_expand(schw_3152.schw, '300'::double precision)) AND (schw_3152.schw && st_expand(st_transform(s_3152.the_geom, 25833), '300'::double precision)) AND _st_dwithin(st_transform(s_3152.the_geom, 25833), schw_3152.schw, '300'::double precision))
                           ->  Function Scan on schw_3152  (cost=0.00..0.01 rows=1 width=32)
                           ->  Seq Scan on phoml_trajectory_tmp s_3152  (cost=0.00..95.68 rows=17 width=40)
                                 Filter: ((unix_time >= '1685451420.018'::double precision) AND (unix_time <= '1685451480.018'::double precision))
   ->  Subquery Scan on "*SELECT* 3154"  (cost=97.82..97.83 rows=1 width=76)
         ->  Limit  (cost=97.82..97.82 rows=1 width=84)
               ->  Sort  (cost=97.82..97.82 rows=1 width=84)
                     Sort Key: (st_distance(st_transform(s_3153.the_geom, 25833), schw_3153.schw))
                     ->  Nested Loop  (cost=0.00..97.81 rows=1 width=84)
                           Join Filter: ((st_transform(s_3153.the_geom, 25833) && st_expand(schw_3153.schw, '300'::double precision)) AND (schw_3153.schw && st_expand(st_transform(s_3153.the_geom, 25833), '300'::double precision)) AND _st_dwithin(st_transform(s_3153.the_geom, 25833), schw_3153.schw, '300'::double precision))
                           ->  Function Scan on schw_3153  (cost=0.00..0.01 rows=1 width=32)
                           ->  Seq Scan on phoml_trajectory_tmp s_3153  (cost=0.00..95.68 rows=17 width=40)
                                 Filter: ((unix_time >= '1685451420.467'::double precision) AND (unix_time <= '1685451480.467'::double precision))
   ->  Subquery Scan on "*SELECT* 3155"  (cost=97.82..97.83 rows=1 width=76)
         ->  Limit  (cost=97.82..97.82 rows=1 width=84)
               ->  Sort  (cost=97.82..97.82 rows=1 width=84)
                     Sort Key: (st_distance(st_transform(s_3154.the_geom, 25833), schw_3154.schw))
                     ->  Nested Loop  (cost=0.00..97.81 rows=1 width=84)
                           Join Filter: ((st_transform(s_3154.the_geom, 25833) && st_expand(schw_3154.schw, '300'::double precision)) AND (schw_3154.schw && st_expand(st_transform(s_3154.the_geom, 25833), '300'::double precision)) AND _st_dwithin(st_transform(s_3154.the_geom, 25833), schw_3154.schw, '300'::double precision))
                           ->  Function Scan on schw_3154  (cost=0.00..0.01 rows=1 width=32)
                           ->  Seq Scan on phoml_trajectory_tmp s_3154  (cost=0.00..95.68 rows=17 width=40)
                                 Filter: ((unix_time >= '1685451420.917'::double precision) AND (unix_time <= '1685451480.917'::double precision))
   ->  Subquery Scan on "*SELECT* 3156"  (cost=97.82..97.83 rows=1 width=76)
         ->  Limit  (cost=97.82..97.82 rows=1 width=84)
               ->  Sort  (cost=97.82..97.82 rows=1 width=84)
                     Sort Key: (st_distance(st_transform(s_3155.the_geom, 25833), schw_3155.schw))
                     ->  Nested Loop  (cost=0.00..97.81 rows=1 width=84)
                           Join Filter: ((st_transform(s_3155.the_geom, 25833) && st_expand(schw_3155.schw, '300'::double precision)) AND (schw_3155.schw && st_expand(st_transform(s_3155.the_geom, 25833), '300'::double precision)) AND _st_dwithin(st_transform(s_3155.the_geom, 25833), schw_3155.schw, '300'::double precision))
                           ->  Function Scan on schw_3155  (cost=0.00..0.01 rows=1 width=32)
                           ->  Seq Scan on phoml_trajectory_tmp s_3155  (cost=0.00..95.68 rows=17 width=40)
                                 Filter: ((unix_time >= '1685451421.371'::double precision) AND (unix_time <= '1685451481.371'::double precision))
   ->  Subquery Scan on "*SELECT* 3157"  (cost=97.82..97.83 rows=1 width=76)
         ->  Limit  (cost=97.82..97.82 rows=1 width=84)
               ->  Sort  (cost=97.82..97.82 rows=1 width=84)
                     Sort Key: (st_distance(st_transform(s_3156.the_geom, 25833), schw_3156.schw))
                     ->  Nested Loop  (cost=0.00..97.81 rows=1 width=84)
                           Join Filter: ((st_transform(s_3156.the_geom, 25833) && st_expand(schw_3156.schw, '300'::double precision)) AND (schw_3156.schw && st_expand(st_transform(s_3156.the_geom, 25833), '300'::double precision)) AND _st_dwithin(st_transform(s_3156.the_geom, 25833), schw_3156.schw, '300'::double precision))
                           ->  Function Scan on schw_3156  (cost=0.00..0.01 rows=1 width=32)
                           ->  Seq Scan on phoml_trajectory_tmp s_3156  (cost=0.00..95.68 rows=17 width=40)
                                 Filter: ((unix_time >= '1685451421.811'::double precision) AND (unix_time <= '1685451481.811'::double precision))
   ->  Subquery Scan on "*SELECT* 3158"  (cost=97.82..97.83 rows=1 width=76)
         ->  Limit  (cost=97.82..97.82 rows=1 width=84)
               ->  Sort  (cost=97.82..97.82 rows=1 width=84)
                     Sort Key: (st_distance(st_transform(s_3157.the_geom, 25833), schw_3157.schw))
                     ->  Nested Loop  (cost=0.00..97.81 rows=1 width=84)
                           Join Filter: ((st_transform(s_3157.the_geom, 25833) && st_expand(schw_3157.schw, '300'::double precision)) AND (schw_3157.schw && st_expand(st_transform(s_3157.the_geom, 25833), '300'::double precision)) AND _st_dwithin(st_transform(s_3157.the_geom, 25833), schw_3157.schw, '300'::double precision))
                           ->  Function Scan on schw_3157  (cost=0.00..0.01 rows=1 width=32)
                           ->  Seq Scan on phoml_trajectory_tmp s_3157  (cost=0.00..95.68 rows=17 width=40)
                                 Filter: ((unix_time >= '1685451422.255'::double precision) AND (unix_time <= '1685451482.255'::double precision))
   ->  Subquery Scan on "*SELECT* 3159"  (cost=97.82..97.83 rows=1 width=76)
         ->  Limit  (cost=97.82..97.82 rows=1 width=84)
               ->  Sort  (cost=97.82..97.82 rows=1 width=84)
                     Sort Key: (st_distance(st_transform(s_3158.the_geom, 25833), schw_3158.schw))
                     ->  Nested Loop  (cost=0.00..97.81 rows=1 width=84)
                           Join Filter: ((st_transform(s_3158.the_geom, 25833) && st_expand(schw_3158.schw, '300'::double precision)) AND (schw_3158.schw && st_expand(st_transform(s_3158.the_geom, 25833), '300'::double precision)) AND _st_dwithin(st_transform(s_3158.the_geom, 25833), schw_3158.schw, '300'::double precision))
                           ->  Function Scan on schw_3158  (cost=0.00..0.01 rows=1 width=32)
                           ->  Seq Scan on phoml_trajectory_tmp s_3158  (cost=0.00..95.68 rows=17 width=40)
                                 Filter: ((unix_time >= '1685451422.695'::double precision) AND (unix_time <= '1685451482.695'::double precision))
   ->  Subquery Scan on "*SELECT* 3160"  (cost=97.82..97.83 rows=1 width=76)
         ->  Limit  (cost=97.82..97.82 rows=1 width=84)
               ->  Sort  (cost=97.82..97.82 rows=1 width=84)
                     Sort Key: (st_distance(st_transform(s_3159.the_geom, 25833), schw_3159.schw))
                     ->  Nested Loop  (cost=0.00..97.81 rows=1 width=84)
                           Join Filter: ((st_transform(s_3159.the_geom, 25833) && st_expand(schw_3159.schw, '300'::double precision)) AND (schw_3159.schw && st_expand(st_transform(s_3159.the_geom, 25833), '300'::double precision)) AND _st_dwithin(st_transform(s_3159.the_geom, 25833), schw_3159.schw, '300'::double precision))
                           ->  Function Scan on schw_3159  (cost=0.00..0.01 rows=1 width=32)
                           ->  Seq Scan on phoml_trajectory_tmp s_3159  (cost=0.00..95.68 rows=17 width=40)
                                 Filter: ((unix_time >= '1685451423.115'::double precision) AND (unix_time <= '1685451483.115'::double precision))
   ->  Subquery Scan on "*SELECT* 3161"  (cost=97.82..97.83 rows=1 width=76)
         ->  Limit  (cost=97.82..97.82 rows=1 width=84)
               ->  Sort  (cost=97.82..97.82 rows=1 width=84)
                     Sort Key: (st_distance(st_transform(s_3160.the_geom, 25833), schw_3160.schw))
                     ->  Nested Loop  (cost=0.00..97.81 rows=1 width=84)
                           Join Filter: ((st_transform(s_3160.the_geom, 25833) && st_expand(schw_3160.schw, '300'::double precision)) AND (schw_3160.schw && st_expand(st_transform(s_3160.the_geom, 25833), '300'::double precision)) AND _st_dwithin(st_transform(s_3160.the_geom, 25833), schw_3160.schw, '300'::double precision))
                           ->  Function Scan on schw_3160  (cost=0.00..0.01 rows=1 width=32)
                           ->  Seq Scan on phoml_trajectory_tmp s_3160  (cost=0.00..95.68 rows=17 width=40)
                                 Filter: ((unix_time >= '1685451423.538'::double precision) AND (unix_time <= '1685451483.538'::double precision))
   ->  Subquery Scan on "*SELECT* 3162"  (cost=97.82..97.83 rows=1 width=76)
         ->  Limit  (cost=97.82..97.82 rows=1 width=84)
               ->  Sort  (cost=97.82..97.82 rows=1 width=84)
                     Sort Key: (st_distance(st_transform(s_3161.the_geom, 25833), schw_3161.schw))
                     ->  Nested Loop  (cost=0.00..97.81 rows=1 width=84)
                           Join Filter: ((st_transform(s_3161.the_geom, 25833) && st_expand(schw_3161.schw, '300'::double precision)) AND (schw_3161.schw && st_expand(st_transform(s_3161.the_geom, 25833), '300'::double precision)) AND _st_dwithin(st_transform(s_3161.the_geom, 25833), schw_3161.schw, '300'::double precision))
                           ->  Function Scan on schw_3161  (cost=0.00..0.01 rows=1 width=32)
                           ->  Seq Scan on phoml_trajectory_tmp s_3161  (cost=0.00..95.68 rows=17 width=40)
                                 Filter: ((unix_time >= '1685451423.958'::double precision) AND (unix_time <= '1685451483.958'::double precision))
   ->  Subquery Scan on "*SELECT* 3163"  (cost=97.82..97.83 rows=1 width=76)
         ->  Limit  (cost=97.82..97.82 rows=1 width=84)
               ->  Sort  (cost=97.82..97.82 rows=1 width=84)
                     Sort Key: (st_distance(st_transform(s_3162.the_geom, 25833), schw_3162.schw))
                     ->  Nested Loop  (cost=0.00..97.81 rows=1 width=84)
                           Join Filter: ((st_transform(s_3162.the_geom, 25833) && st_expand(schw_3162.schw, '300'::double precision)) AND (schw_3162.schw && st_expand(st_transform(s_3162.the_geom, 25833), '300'::double precision)) AND _st_dwithin(st_transform(s_3162.the_geom, 25833), schw_3162.schw, '300'::double precision))
                           ->  Function Scan on schw_3162  (cost=0.00..0.01 rows=1 width=32)
                           ->  Seq Scan on phoml_trajectory_tmp s_3162  (cost=0.00..95.68 rows=17 width=40)
                                 Filter: ((unix_time >= '1685451424.363'::double precision) AND (unix_time <= '1685451484.363'::double precision))
   ->  Subquery Scan on "*SELECT* 3164"  (cost=97.82..97.83 rows=1 width=76)
         ->  Limit  (cost=97.82..97.82 rows=1 width=84)
               ->  Sort  (cost=97.82..97.82 rows=1 width=84)
                     Sort Key: (st_distance(st_transform(s_3163.the_geom, 25833), schw_3163.schw))
                     ->  Nested Loop  (cost=0.00..97.81 rows=1 width=84)
                           Join Filter: ((st_transform(s_3163.the_geom, 25833) && st_expand(schw_3163.schw, '300'::double precision)) AND (schw_3163.schw && st_expand(st_transform(s_3163.the_geom, 25833), '300'::double precision)) AND _st_dwithin(st_transform(s_3163.the_geom, 25833), schw_3163.schw, '300'::double precision))
                           ->  Function Scan on schw_3163  (cost=0.00..0.01 rows=1 width=32)
                           ->  Seq Scan on phoml_trajectory_tmp s_3163  (cost=0.00..95.68 rows=17 width=40)
                                 Filter: ((unix_time >= '1685451424.763'::double precision) AND (unix_time <= '1685451484.763'::double precision))
   ->  Subquery Scan on "*SELECT* 3165"  (cost=97.82..97.83 rows=1 width=76)
         ->  Limit  (cost=97.82..97.82 rows=1 width=84)
               ->  Sort  (cost=97.82..97.82 rows=1 width=84)
                     Sort Key: (st_distance(st_transform(s_3164.the_geom, 25833), schw_3164.schw))
                     ->  Nested Loop  (cost=0.00..97.81 rows=1 width=84)
                           Join Filter: ((st_transform(s_3164.the_geom, 25833) && st_expand(schw_3164.schw, '300'::double precision)) AND (schw_3164.schw && st_expand(st_transform(s_3164.the_geom, 25833), '300'::double precision)) AND _st_dwithin(st_transform(s_3164.the_geom, 25833), schw_3164.schw, '300'::double precision))
                           ->  Function Scan on schw_3164  (cost=0.00..0.01 rows=1 width=32)
                           ->  Seq Scan on phoml_trajectory_tmp s_3164  (cost=0.00..95.68 rows=17 width=40)
                                 Filter: ((unix_time >= '1685451425.157'::double precision) AND (unix_time <= '1685451485.157'::double precision))
   ->  Subquery Scan on "*SELECT* 3166"  (cost=97.82..97.83 rows=1 width=76)
         ->  Limit  (cost=97.82..97.82 rows=1 width=84)
               ->  Sort  (cost=97.82..97.82 rows=1 width=84)
                     Sort Key: (st_distance(st_transform(s_3165.the_geom, 25833), schw_3165.schw))
                     ->  Nested Loop  (cost=0.00..97.81 rows=1 width=84)
                           Join Filter: ((st_transform(s_3165.the_geom, 25833) && st_expand(schw_3165.schw, '300'::double precision)) AND (schw_3165.schw && st_expand(st_transform(s_3165.the_geom, 25833), '300'::double precision)) AND _st_dwithin(st_transform(s_3165.the_geom, 25833), schw_3165.schw, '300'::double precision))
                           ->  Function Scan on schw_3165  (cost=0.00..0.01 rows=1 width=32)
                           ->  Seq Scan on phoml_trajectory_tmp s_3165  (cost=0.00..95.68 rows=17 width=40)
                                 Filter: ((unix_time >= '1685451425.537'::double precision) AND (unix_time <= '1685451485.537'::double precision))
   ->  Subquery Scan on "*SELECT* 3167"  (cost=97.82..97.83 rows=1 width=76)
         ->  Limit  (cost=97.82..97.82 rows=1 width=84)
               ->  Sort  (cost=97.82..97.82 rows=1 width=84)
                     Sort Key: (st_distance(st_transform(s_3166.the_geom, 25833), schw_3166.schw))
                     ->  Nested Loop  (cost=0.00..97.81 rows=1 width=84)
                           Join Filter: ((st_transform(s_3166.the_geom, 25833) && st_expand(schw_3166.schw, '300'::double precision)) AND (schw_3166.schw && st_expand(st_transform(s_3166.the_geom, 25833), '300'::double precision)) AND _st_dwithin(st_transform(s_3166.the_geom, 25833), schw_3166.schw, '300'::double precision))
                           ->  Function Scan on schw_3166  (cost=0.00..0.01 rows=1 width=32)
                           ->  Seq Scan on phoml_trajectory_tmp s_3166  (cost=0.00..95.68 rows=17 width=40)
                                 Filter: ((unix_time >= '1685451425.937'::double precision) AND (unix_time <= '1685451485.937'::double precision))
   ->  Subquery Scan on "*SELECT* 3168"  (cost=97.82..97.83 rows=1 width=76)
         ->  Limit  (cost=97.82..97.82 rows=1 width=84)
               ->  Sort  (cost=97.82..97.82 rows=1 width=84)
                     Sort Key: (st_distance(st_transform(s_3167.the_geom, 25833), schw_3167.schw))
                     ->  Nested Loop  (cost=0.00..97.81 rows=1 width=84)
                           Join Filter: ((st_transform(s_3167.the_geom, 25833) && st_expand(schw_3167.schw, '300'::double precision)) AND (schw_3167.schw && st_expand(st_transform(s_3167.the_geom, 25833), '300'::double precision)) AND _st_dwithin(st_transform(s_3167.the_geom, 25833), schw_3167.schw, '300'::double precision))
                           ->  Function Scan on schw_3167  (cost=0.00..0.01 rows=1 width=32)
                           ->  Seq Scan on phoml_trajectory_tmp s_3167  (cost=0.00..95.68 rows=17 width=40)
                                 Filter: ((unix_time >= '1685451426.313'::double precision) AND (unix_time <= '1685451486.313'::double precision))
   ->  Subquery Scan on "*SELECT* 3169"  (cost=97.82..97.83 rows=1 width=76)
         ->  Limit  (cost=97.82..97.82 rows=1 width=84)
               ->  Sort  (cost=97.82..97.82 rows=1 width=84)
                     Sort Key: (st_distance(st_transform(s_3168.the_geom, 25833), schw_3168.schw))
                     ->  Nested Loop  (cost=0.00..97.81 rows=1 width=84)
                           Join Filter: ((st_transform(s_3168.the_geom, 25833) && st_expand(schw_3168.schw, '300'::double precision)) AND (schw_3168.schw && st_expand(st_transform(s_3168.the_geom, 25833), '300'::double precision)) AND _st_dwithin(st_transform(s_3168.the_geom, 25833), schw_3168.schw, '300'::double precision))
                           ->  Function Scan on schw_3168  (cost=0.00..0.01 rows=1 width=32)
                           ->  Seq Scan on phoml_trajectory_tmp s_3168  (cost=0.00..95.68 rows=17 width=40)
                                 Filter: ((unix_time >= '1685451426.693'::double precision) AND (unix_time <= '1685451486.693'::double precision))
   ->  Subquery Scan on "*SELECT* 3170"  (cost=97.82..97.83 rows=1 width=76)
         ->  Limit  (cost=97.82..97.82 rows=1 width=84)
               ->  Sort  (cost=97.82..97.82 rows=1 width=84)
                     Sort Key: (st_distance(st_transform(s_3169.the_geom, 25833), schw_3169.schw))
                     ->  Nested Loop  (cost=0.00..97.81 rows=1 width=84)
                           Join Filter: ((st_transform(s_3169.the_geom, 25833) && st_expand(schw_3169.schw, '300'::double precision)) AND (schw_3169.schw && st_expand(st_transform(s_3169.the_geom, 25833), '300'::double precision)) AND _st_dwithin(st_transform(s_3169.the_geom, 25833), schw_3169.schw, '300'::double precision))
                           ->  Function Scan on schw_3169  (cost=0.00..0.01 rows=1 width=32)
                           ->  Seq Scan on phoml_trajectory_tmp s_3169  (cost=0.00..95.68 rows=17 width=40)
                                 Filter: ((unix_time >= '1685451427.053'::double precision) AND (unix_time <= '1685451487.053'::double precision))
   ->  Subquery Scan on "*SELECT* 3171"  (cost=97.82..97.83 rows=1 width=76)
         ->  Limit  (cost=97.82..97.82 rows=1 width=84)
               ->  Sort  (cost=97.82..97.82 rows=1 width=84)
                     Sort Key: (st_distance(st_transform(s_3170.the_geom, 25833), schw_3170.schw))
                     ->  Nested Loop  (cost=0.00..97.81 rows=1 width=84)
                           Join Filter: ((st_transform(s_3170.the_geom, 25833) && st_expand(schw_3170.schw, '300'::double precision)) AND (schw_3170.schw && st_expand(st_transform(s_3170.the_geom, 25833), '300'::double precision)) AND _st_dwithin(st_transform(s_3170.the_geom, 25833), schw_3170.schw, '300'::double precision))
                           ->  Function Scan on schw_3170  (cost=0.00..0.01 rows=1 width=32)
                           ->  Seq Scan on phoml_trajectory_tmp s_3170  (cost=0.00..95.68 rows=17 width=40)
                                 Filter: ((unix_time >= '1685451427.415'::double precision) AND (unix_time <= '1685451487.415'::double precision))
   ->  Subquery Scan on "*SELECT* 3172"  (cost=97.82..97.83 rows=1 width=76)
         ->  Limit  (cost=97.82..97.82 rows=1 width=84)
               ->  Sort  (cost=97.82..97.82 rows=1 width=84)
                     Sort Key: (st_distance(st_transform(s_3171.the_geom, 25833), schw_3171.schw))
                     ->  Nested Loop  (cost=0.00..97.81 rows=1 width=84)
                           Join Filter: ((st_transform(s_3171.the_geom, 25833) && st_expand(schw_3171.schw, '300'::double precision)) AND (schw_3171.schw && st_expand(st_transform(s_3171.the_geom, 25833), '300'::double precision)) AND _st_dwithin(st_transform(s_3171.the_geom, 25833), schw_3171.schw, '300'::double precision))
                           ->  Function Scan on schw_3171  (cost=0.00..0.01 rows=1 width=32)
                           ->  Seq Scan on phoml_trajectory_tmp s_3171  (cost=0.00..95.68 rows=17 width=40)
                                 Filter: ((unix_time >= '1685451427.775'::double precision) AND (unix_time <= '1685451487.775'::double precision))
   ->  Subquery Scan on "*SELECT* 3173"  (cost=97.82..97.83 rows=1 width=76)
         ->  Limit  (cost=97.82..97.82 rows=1 width=84)
               ->  Sort  (cost=97.82..97.82 rows=1 width=84)
                     Sort Key: (st_distance(st_transform(s_3172.the_geom, 25833), schw_3172.schw))
                     ->  Nested Loop  (cost=0.00..97.81 rows=1 width=84)
                           Join Filter: ((st_transform(s_3172.the_geom, 25833) && st_expand(schw_3172.schw, '300'::double precision)) AND (schw_3172.schw && st_expand(st_transform(s_3172.the_geom, 25833), '300'::double precision)) AND _st_dwithin(st_transform(s_3172.the_geom, 25833), schw_3172.schw, '300'::double precision))
                           ->  Function Scan on schw_3172  (cost=0.00..0.01 rows=1 width=32)
                           ->  Seq Scan on phoml_trajectory_tmp s_3172  (cost=0.00..95.68 rows=17 width=40)
                                 Filter: ((unix_time >= '1685451428.128'::double precision) AND (unix_time <= '1685451488.128'::double precision))
   ->  Subquery Scan on "*SELECT* 3174"  (cost=97.82..97.83 rows=1 width=76)
         ->  Limit  (cost=97.82..97.82 rows=1 width=84)
               ->  Sort  (cost=97.82..97.82 rows=1 width=84)
                     Sort Key: (st_distance(st_transform(s_3173.the_geom, 25833), schw_3173.schw))
                     ->  Nested Loop  (cost=0.00..97.81 rows=1 width=84)
                           Join Filter: ((st_transform(s_3173.the_geom, 25833) && st_expand(schw_3173.schw, '300'::double precision)) AND (schw_3173.schw && st_expand(st_transform(s_3173.the_geom, 25833), '300'::double precision)) AND _st_dwithin(st_transform(s_3173.the_geom, 25833), schw_3173.schw, '300'::double precision))
                           ->  Function Scan on schw_3173  (cost=0.00..0.01 rows=1 width=32)
                           ->  Seq Scan on phoml_trajectory_tmp s_3173  (cost=0.00..95.68 rows=17 width=40)
                                 Filter: ((unix_time >= '1685451428.478'::double precision) AND (unix_time <= '1685451488.478'::double precision))
   ->  Subquery Scan on "*SELECT* 3175"  (cost=97.82..97.83 rows=1 width=76)
         ->  Limit  (cost=97.82..97.82 rows=1 width=84)
               ->  Sort  (cost=97.82..97.82 rows=1 width=84)
                     Sort Key: (st_distance(st_transform(s_3174.the_geom, 25833), schw_3174.schw))
                     ->  Nested Loop  (cost=0.00..97.81 rows=1 width=84)
                           Join Filter: ((st_transform(s_3174.the_geom, 25833) && st_expand(schw_3174.schw, '300'::double precision)) AND (schw_3174.schw && st_expand(st_transform(s_3174.the_geom, 25833), '300'::double precision)) AND _st_dwithin(st_transform(s_3174.the_geom, 25833), schw_3174.schw, '300'::double precision))
                           ->  Function Scan on schw_3174  (cost=0.00..0.01 rows=1 width=32)
                           ->  Seq Scan on phoml_trajectory_tmp s_3174  (cost=0.00..95.68 rows=17 width=40)
                                 Filter: ((unix_time >= '1685451428.828'::double precision) AND (unix_time <= '1685451488.828'::double precision))
   ->  Subquery Scan on "*SELECT* 3176"  (cost=97.82..97.83 rows=1 width=76)
         ->  Limit  (cost=97.82..97.82 rows=1 width=84)
               ->  Sort  (cost=97.82..97.82 rows=1 width=84)
                     Sort Key: (st_distance(st_transform(s_3175.the_geom, 25833), schw_3175.schw))
                     ->  Nested Loop  (cost=0.00..97.81 rows=1 width=84)
                           Join Filter: ((st_transform(s_3175.the_geom, 25833) && st_expand(schw_3175.schw, '300'::double precision)) AND (schw_3175.schw && st_expand(st_transform(s_3175.the_geom, 25833), '300'::double precision)) AND _st_dwithin(st_transform(s_3175.the_geom, 25833), schw_3175.schw, '300'::double precision))
                           ->  Function Scan on schw_3175  (cost=0.00..0.01 rows=1 width=32)
                           ->  Seq Scan on phoml_trajectory_tmp s_3175  (cost=0.00..95.68 rows=17 width=40)
                                 Filter: ((unix_time >= '1685451429.169'::double precision) AND (unix_time <= '1685451489.169'::double precision))
   ->  Subquery Scan on "*SELECT* 3177"  (cost=97.82..97.83 rows=1 width=76)
         ->  Limit  (cost=97.82..97.82 rows=1 width=84)
               ->  Sort  (cost=97.82..97.82 rows=1 width=84)
                     Sort Key: (st_distance(st_transform(s_3176.the_geom, 25833), schw_3176.schw))
                     ->  Nested Loop  (cost=0.00..97.81 rows=1 width=84)
                           Join Filter: ((st_transform(s_3176.the_geom, 25833) && st_expand(schw_3176.schw, '300'::double precision)) AND (schw_3176.schw && st_expand(st_transform(s_3176.the_geom, 25833), '300'::double precision)) AND _st_dwithin(st_transform(s_3176.the_geom, 25833), schw_3176.schw, '300'::double precision))
                           ->  Function Scan on schw_3176  (cost=0.00..0.01 rows=1 width=32)
                           ->  Seq Scan on phoml_trajectory_tmp s_3176  (cost=0.00..95.68 rows=17 width=40)
                                 Filter: ((unix_time >= '1685451429.519'::double precision) AND (unix_time <= '1685451489.519'::double precision))
   ->  Subquery Scan on "*SELECT* 3178"  (cost=97.82..97.83 rows=1 width=76)
         ->  Limit  (cost=97.82..97.82 rows=1 width=84)
               ->  Sort  (cost=97.82..97.82 rows=1 width=84)
                     Sort Key: (st_distance(st_transform(s_3177.the_geom, 25833), schw_3177.schw))
                     ->  Nested Loop  (cost=0.00..97.81 rows=1 width=84)
                           Join Filter: ((st_transform(s_3177.the_geom, 25833) && st_expand(schw_3177.schw, '300'::double precision)) AND (schw_3177.schw && st_expand(st_transform(s_3177.the_geom, 25833), '300'::double precision)) AND _st_dwithin(st_transform(s_3177.the_geom, 25833), schw_3177.schw, '300'::double precision))
                           ->  Function Scan on schw_3177  (cost=0.00..0.01 rows=1 width=32)
                           ->  Seq Scan on phoml_trajectory_tmp s_3177  (cost=0.00..95.68 rows=17 width=40)
                                 Filter: ((unix_time >= '1685451429.859'::double precision) AND (unix_time <= '1685451489.859'::double precision))
   ->  Subquery Scan on "*SELECT* 3179"  (cost=97.82..97.83 rows=1 width=76)
         ->  Limit  (cost=97.82..97.82 rows=1 width=84)
               ->  Sort  (cost=97.82..97.82 rows=1 width=84)
                     Sort Key: (st_distance(st_transform(s_3178.the_geom, 25833), schw_3178.schw))
                     ->  Nested Loop  (cost=0.00..97.81 rows=1 width=84)
                           Join Filter: ((st_transform(s_3178.the_geom, 25833) && st_expand(schw_3178.schw, '300'::double precision)) AND (schw_3178.schw && st_expand(st_transform(s_3178.the_geom, 25833), '300'::double precision)) AND _st_dwithin(st_transform(s_3178.the_geom, 25833), schw_3178.schw, '300'::double precision))
                           ->  Function Scan on schw_3178  (cost=0.00..0.01 rows=1 width=32)
                           ->  Seq Scan on phoml_trajectory_tmp s_3178  (cost=0.00..95.68 rows=17 width=40)
                                 Filter: ((unix_time >= '1685451430.21'::double precision) AND (unix_time <= '1685451490.21'::double precision))
   ->  Subquery Scan on "*SELECT* 3180"  (cost=97.82..97.83 rows=1 width=76)
         ->  Limit  (cost=97.82..97.82 rows=1 width=84)
               ->  Sort  (cost=97.82..97.82 rows=1 width=84)
                     Sort Key: (st_distance(st_transform(s_3179.the_geom, 25833), schw_3179.schw))
                     ->  Nested Loop  (cost=0.00..97.81 rows=1 width=84)
                           Join Filter: ((st_transform(s_3179.the_geom, 25833) && st_expand(schw_3179.schw, '300'::double precision)) AND (schw_3179.schw && st_expand(st_transform(s_3179.the_geom, 25833), '300'::double precision)) AND _st_dwithin(st_transform(s_3179.the_geom, 25833), schw_3179.schw, '300'::double precision))
                           ->  Function Scan on schw_3179  (cost=0.00..0.01 rows=1 width=32)
                           ->  Seq Scan on phoml_trajectory_tmp s_3179  (cost=0.00..95.68 rows=17 width=40)
                                 Filter: ((unix_time >= '1685451430.55'::double precision) AND (unix_time <= '1685451490.55'::double precision))
   ->  Subquery Scan on "*SELECT* 3181"  (cost=97.82..97.83 rows=1 width=76)
         ->  Limit  (cost=97.82..97.82 rows=1 width=84)
               ->  Sort  (cost=97.82..97.82 rows=1 width=84)
                     Sort Key: (st_distance(st_transform(s_3180.the_geom, 25833), schw_3180.schw))
                     ->  Nested Loop  (cost=0.00..97.81 rows=1 width=84)
                           Join Filter: ((st_transform(s_3180.the_geom, 25833) && st_expand(schw_3180.schw, '300'::double precision)) AND (schw_3180.schw && st_expand(st_transform(s_3180.the_geom, 25833), '300'::double precision)) AND _st_dwithin(st_transform(s_3180.the_geom, 25833), schw_3180.schw, '300'::double precision))
                           ->  Function Scan on schw_3180  (cost=0.00..0.01 rows=1 width=32)
                           ->  Seq Scan on phoml_trajectory_tmp s_3180  (cost=0.00..95.68 rows=17 width=40)
                                 Filter: ((unix_time >= '1685451430.89'::double precision) AND (unix_time <= '1685451490.89'::double precision))
   ->  Subquery Scan on "*SELECT* 3182"  (cost=97.82..97.83 rows=1 width=76)
         ->  Limit  (cost=97.82..97.82 rows=1 width=84)
               ->  Sort  (cost=97.82..97.82 rows=1 width=84)
                     Sort Key: (st_distance(st_transform(s_3181.the_geom, 25833), schw_3181.schw))
                     ->  Nested Loop  (cost=0.00..97.81 rows=1 width=84)
                           Join Filter: ((st_transform(s_3181.the_geom, 25833) && st_expand(schw_3181.schw, '300'::double precision)) AND (schw_3181.schw && st_expand(st_transform(s_3181.the_geom, 25833), '300'::double precision)) AND _st_dwithin(st_transform(s_3181.the_geom, 25833), schw_3181.schw, '300'::double precision))
                           ->  Function Scan on schw_3181  (cost=0.00..0.01 rows=1 width=32)
                           ->  Seq Scan on phoml_trajectory_tmp s_3181  (cost=0.00..95.68 rows=17 width=40)
                                 Filter: ((unix_time >= '1685451431.234'::double precision) AND (unix_time <= '1685451491.234'::double precision))
   ->  Subquery Scan on "*SELECT* 3183"  (cost=97.82..97.83 rows=1 width=76)
         ->  Limit  (cost=97.82..97.82 rows=1 width=84)
               ->  Sort  (cost=97.82..97.82 rows=1 width=84)
                     Sort Key: (st_distance(st_transform(s_3182.the_geom, 25833), schw_3182.schw))
                     ->  Nested Loop  (cost=0.00..97.81 rows=1 width=84)
                           Join Filter: ((st_transform(s_3182.the_geom, 25833) && st_expand(schw_3182.schw, '300'::double precision)) AND (schw_3182.schw && st_expand(st_transform(s_3182.the_geom, 25833), '300'::double precision)) AND _st_dwithin(st_transform(s_3182.the_geom, 25833), schw_3182.schw, '300'::double precision))
                           ->  Function Scan on schw_3182  (cost=0.00..0.01 rows=1 width=32)
                           ->  Seq Scan on phoml_trajectory_tmp s_3182  (cost=0.00..95.68 rows=17 width=40)
                                 Filter: ((unix_time >= '1685451431.564'::double precision) AND (unix_time <= '1685451491.564'::double precision))
   ->  Subquery Scan on "*SELECT* 3184"  (cost=97.82..97.83 rows=1 width=76)
         ->  Limit  (cost=97.82..97.82 rows=1 width=84)
               ->  Sort  (cost=97.82..97.82 rows=1 width=84)
                     Sort Key: (st_distance(st_transform(s_3183.the_geom, 25833), schw_3183.schw))
                     ->  Nested Loop  (cost=0.00..97.81 rows=1 width=84)
                           Join Filter: ((st_transform(s_3183.the_geom, 25833) && st_expand(schw_3183.schw, '300'::double precision)) AND (schw_3183.schw && st_expand(st_transform(s_3183.the_geom, 25833), '300'::double precision)) AND _st_dwithin(st_transform(s_3183.the_geom, 25833), schw_3183.schw, '300'::double precision))
                           ->  Function Scan on schw_3183  (cost=0.00..0.01 rows=1 width=32)
                           ->  Seq Scan on phoml_trajectory_tmp s_3183  (cost=0.00..95.68 rows=17 width=40)
                                 Filter: ((unix_time >= '1685451431.914'::double precision) AND (unix_time <= '1685451491.914'::double precision))
   ->  Subquery Scan on "*SELECT* 3185"  (cost=97.82..97.83 rows=1 width=76)
         ->  Limit  (cost=97.82..97.82 rows=1 width=84)
               ->  Sort  (cost=97.82..97.82 rows=1 width=84)
                     Sort Key: (st_distance(st_transform(s_3184.the_geom, 25833), schw_3184.schw))
                     ->  Nested Loop  (cost=0.00..97.81 rows=1 width=84)
                           Join Filter: ((st_transform(s_3184.the_geom, 25833) && st_expand(schw_3184.schw, '300'::double precision)) AND (schw_3184.schw && st_expand(st_transform(s_3184.the_geom, 25833), '300'::double precision)) AND _st_dwithin(st_transform(s_3184.the_geom, 25833), schw_3184.schw, '300'::double precision))
                           ->  Function Scan on schw_3184  (cost=0.00..0.01 rows=1 width=32)
                           ->  Seq Scan on phoml_trajectory_tmp s_3184  (cost=0.00..95.68 rows=17 width=40)
                                 Filter: ((unix_time >= '1685451432.268'::double precision) AND (unix_time <= '1685451492.268'::double precision))
   ->  Subquery Scan on "*SELECT* 3186"  (cost=97.82..97.83 rows=1 width=76)
         ->  Limit  (cost=97.82..97.82 rows=1 width=84)
               ->  Sort  (cost=97.82..97.82 rows=1 width=84)
                     Sort Key: (st_distance(st_transform(s_3185.the_geom, 25833), schw_3185.schw))
                     ->  Nested Loop  (cost=0.00..97.81 rows=1 width=84)
                           Join Filter: ((st_transform(s_3185.the_geom, 25833) && st_expand(schw_3185.schw, '300'::double precision)) AND (schw_3185.schw && st_expand(st_transform(s_3185.the_geom, 25833), '300'::double precision)) AND _st_dwithin(st_transform(s_3185.the_geom, 25833), schw_3185.schw, '300'::double precision))
                           ->  Function Scan on schw_3185  (cost=0.00..0.01 rows=1 width=32)
                           ->  Seq Scan on phoml_trajectory_tmp s_3185  (cost=0.00..95.68 rows=17 width=40)
                                 Filter: ((unix_time >= '1685451432.609'::double precision) AND (unix_time <= '1685451492.609'::double precision))
   ->  Subquery Scan on "*SELECT* 3187"  (cost=97.82..97.83 rows=1 width=76)
         ->  Limit  (cost=97.82..97.82 rows=1 width=84)
               ->  Sort  (cost=97.82..97.82 rows=1 width=84)
                     Sort Key: (st_distance(st_transform(s_3186.the_geom, 25833), schw_3186.schw))
                     ->  Nested Loop  (cost=0.00..97.81 rows=1 width=84)
                           Join Filter: ((st_transform(s_3186.the_geom, 25833) && st_expand(schw_3186.schw, '300'::double precision)) AND (schw_3186.schw && st_expand(st_transform(s_3186.the_geom, 25833), '300'::double precision)) AND _st_dwithin(st_transform(s_3186.the_geom, 25833), schw_3186.schw, '300'::double precision))
                           ->  Function Scan on schw_3186  (cost=0.00..0.01 rows=1 width=32)
                           ->  Seq Scan on phoml_trajectory_tmp s_3186  (cost=0.00..95.68 rows=17 width=40)
                                 Filter: ((unix_time >= '1685451432.958'::double precision) AND (unix_time <= '1685451492.958'::double precision))
   ->  Subquery Scan on "*SELECT* 3188"  (cost=97.82..97.83 rows=1 width=76)
         ->  Limit  (cost=97.82..97.82 rows=1 width=84)
               ->  Sort  (cost=97.82..97.82 rows=1 width=84)
                     Sort Key: (st_distance(st_transform(s_3187.the_geom, 25833), schw_3187.schw))
                     ->  Nested Loop  (cost=0.00..97.81 rows=1 width=84)
                           Join Filter: ((st_transform(s_3187.the_geom, 25833) && st_expand(schw_3187.schw, '300'::double precision)) AND (schw_3187.schw && st_expand(st_transform(s_3187.the_geom, 25833), '300'::double precision)) AND _st_dwithin(st_transform(s_3187.the_geom, 25833), schw_3187.schw, '300'::double precision))
                           ->  Function Scan on schw_3187  (cost=0.00..0.01 rows=1 width=32)
                           ->  Seq Scan on phoml_trajectory_tmp s_3187  (cost=0.00..95.68 rows=17 width=40)
                                 Filter: ((unix_time >= '1685451433.303'::double precision) AND (unix_time <= '1685451493.303'::double precision))
   ->  Subquery Scan on "*SELECT* 3189"  (cost=97.82..97.83 rows=1 width=76)
         ->  Limit  (cost=97.82..97.82 rows=1 width=84)
               ->  Sort  (cost=97.82..97.82 rows=1 width=84)
                     Sort Key: (st_distance(st_transform(s_3188.the_geom, 25833), schw_3188.schw))
                     ->  Nested Loop  (cost=0.00..97.81 rows=1 width=84)
                           Join Filter: ((st_transform(s_3188.the_geom, 25833) && st_expand(schw_3188.schw, '300'::double precision)) AND (schw_3188.schw && st_expand(st_transform(s_3188.the_geom, 25833), '300'::double precision)) AND _st_dwithin(st_transform(s_3188.the_geom, 25833), schw_3188.schw, '300'::double precision))
                           ->  Function Scan on schw_3188  (cost=0.00..0.01 rows=1 width=32)
                           ->  Seq Scan on phoml_trajectory_tmp s_3188  (cost=0.00..95.68 rows=17 width=40)
                                 Filter: ((unix_time >= '1685451433.643'::double precision) AND (unix_time <= '1685451493.643'::double precision))
   ->  Subquery Scan on "*SELECT* 3190"  (cost=97.82..97.83 rows=1 width=76)
         ->  Limit  (cost=97.82..97.82 rows=1 width=84)
               ->  Sort  (cost=97.82..97.82 rows=1 width=84)
                     Sort Key: (st_distance(st_transform(s_3189.the_geom, 25833), schw_3189.schw))
                     ->  Nested Loop  (cost=0.00..97.81 rows=1 width=84)
                           Join Filter: ((st_transform(s_3189.the_geom, 25833) && st_expand(schw_3189.schw, '300'::double precision)) AND (schw_3189.schw && st_expand(st_transform(s_3189.the_geom, 25833), '300'::double precision)) AND _st_dwithin(st_transform(s_3189.the_geom, 25833), schw_3189.schw, '300'::double precision))
                           ->  Function Scan on schw_3189  (cost=0.00..0.01 rows=1 width=32)
                           ->  Seq Scan on phoml_trajectory_tmp s_3189  (cost=0.00..95.68 rows=17 width=40)
                                 Filter: ((unix_time >= '1685451433.983'::double precision) AND (unix_time <= '1685451493.983'::double precision))
   ->  Subquery Scan on "*SELECT* 3191"  (cost=97.82..97.83 rows=1 width=76)
         ->  Limit  (cost=97.82..97.82 rows=1 width=84)
               ->  Sort  (cost=97.82..97.82 rows=1 width=84)
                     Sort Key: (st_distance(st_transform(s_3190.the_geom, 25833), schw_3190.schw))
                     ->  Nested Loop  (cost=0.00..97.81 rows=1 width=84)
                           Join Filter: ((st_transform(s_3190.the_geom, 25833) && st_expand(schw_3190.schw, '300'::double precision)) AND (schw_3190.schw && st_expand(st_transform(s_3190.the_geom, 25833), '300'::double precision)) AND _st_dwithin(st_transform(s_3190.the_geom, 25833), schw_3190.schw, '300'::double precision))
                           ->  Function Scan on schw_3190  (cost=0.00..0.01 rows=1 width=32)
                           ->  Seq Scan on phoml_trajectory_tmp s_3190  (cost=0.00..95.68 rows=17 width=40)
                                 Filter: ((unix_time >= '1685451434.332'::double precision) AND (unix_time <= '1685451494.332'::double precision))
   ->  Subquery Scan on "*SELECT* 3192"  (cost=97.82..97.83 rows=1 width=76)
         ->  Limit  (cost=97.82..97.82 rows=1 width=84)
               ->  Sort  (cost=97.82..97.82 rows=1 width=84)
                     Sort Key: (st_distance(st_transform(s_3191.the_geom, 25833), schw_3191.schw))
                     ->  Nested Loop  (cost=0.00..97.81 rows=1 width=84)
                           Join Filter: ((st_transform(s_3191.the_geom, 25833) && st_expand(schw_3191.schw, '300'::double precision)) AND (schw_3191.schw && st_expand(st_transform(s_3191.the_geom, 25833), '300'::double precision)) AND _st_dwithin(st_transform(s_3191.the_geom, 25833), schw_3191.schw, '300'::double precision))
                           ->  Function Scan on schw_3191  (cost=0.00..0.01 rows=1 width=32)
                           ->  Seq Scan on phoml_trajectory_tmp s_3191  (cost=0.00..95.68 rows=17 width=40)
                                 Filter: ((unix_time >= '1685451434.661'::double precision) AND (unix_time <= '1685451494.661'::double precision))
   ->  Subquery Scan on "*SELECT* 3193"  (cost=97.82..97.83 rows=1 width=76)
         ->  Limit  (cost=97.82..97.82 rows=1 width=84)
               ->  Sort  (cost=97.82..97.82 rows=1 width=84)
                     Sort Key: (st_distance(st_transform(s_3192.the_geom, 25833), schw_3192.schw))
                     ->  Nested Loop  (cost=0.00..97.81 rows=1 width=84)
                           Join Filter: ((st_transform(s_3192.the_geom, 25833) && st_expand(schw_3192.schw, '300'::double precision)) AND (schw_3192.schw && st_expand(st_transform(s_3192.the_geom, 25833), '300'::double precision)) AND _st_dwithin(st_transform(s_3192.the_geom, 25833), schw_3192.schw, '300'::double precision))
                           ->  Function Scan on schw_3192  (cost=0.00..0.01 rows=1 width=32)
                           ->  Seq Scan on phoml_trajectory_tmp s_3192  (cost=0.00..95.68 rows=17 width=40)
                                 Filter: ((unix_time >= '1685451435.011'::double precision) AND (unix_time <= '1685451495.011'::double precision))
   ->  Subquery Scan on "*SELECT* 3194"  (cost=97.82..97.83 rows=1 width=76)
         ->  Limit  (cost=97.82..97.82 rows=1 width=84)
               ->  Sort  (cost=97.82..97.82 rows=1 width=84)
                     Sort Key: (st_distance(st_transform(s_3193.the_geom, 25833), schw_3193.schw))
                     ->  Nested Loop  (cost=0.00..97.81 rows=1 width=84)
                           Join Filter: ((st_transform(s_3193.the_geom, 25833) && st_expand(schw_3193.schw, '300'::double precision)) AND (schw_3193.schw && st_expand(st_transform(s_3193.the_geom, 25833), '300'::double precision)) AND _st_dwithin(st_transform(s_3193.the_geom, 25833), schw_3193.schw, '300'::double precision))
                           ->  Function Scan on schw_3193  (cost=0.00..0.01 rows=1 width=32)
                           ->  Seq Scan on phoml_trajectory_tmp s_3193  (cost=0.00..95.68 rows=17 width=40)
                                 Filter: ((unix_time >= '1685451435.355'::double precision) AND (unix_time <= '1685451495.355'::double precision))
   ->  Subquery Scan on "*SELECT* 3195"  (cost=97.82..97.83 rows=1 width=76)
         ->  Limit  (cost=97.82..97.82 rows=1 width=84)
               ->  Sort  (cost=97.82..97.82 rows=1 width=84)
                     Sort Key: (st_distance(st_transform(s_3194.the_geom, 25833), schw_3194.schw))
                     ->  Nested Loop  (cost=0.00..97.81 rows=1 width=84)
                           Join Filter: ((st_transform(s_3194.the_geom, 25833) && st_expand(schw_3194.schw, '300'::double precision)) AND (schw_3194.schw && st_expand(st_transform(s_3194.the_geom, 25833), '300'::double precision)) AND _st_dwithin(st_transform(s_3194.the_geom, 25833), schw_3194.schw, '300'::double precision))
                           ->  Function Scan on schw_3194  (cost=0.00..0.01 rows=1 width=32)
                           ->  Seq Scan on phoml_trajectory_tmp s_3194  (cost=0.00..95.68 rows=17 width=40)
                                 Filter: ((unix_time >= '1685451435.695'::double precision) AND (unix_time <= '1685451495.695'::double precision))
   ->  Subquery Scan on "*SELECT* 3196"  (cost=97.82..97.83 rows=1 width=76)
         ->  Limit  (cost=97.82..97.82 rows=1 width=84)
               ->  Sort  (cost=97.82..97.82 rows=1 width=84)
                     Sort Key: (st_distance(st_transform(s_3195.the_geom, 25833), schw_3195.schw))
                     ->  Nested Loop  (cost=0.00..97.81 rows=1 width=84)
                           Join Filter: ((st_transform(s_3195.the_geom, 25833) && st_expand(schw_3195.schw, '300'::double precision)) AND (schw_3195.schw && st_expand(st_transform(s_3195.the_geom, 25833), '300'::double precision)) AND _st_dwithin(st_transform(s_3195.the_geom, 25833), schw_3195.schw, '300'::double precision))
                           ->  Function Scan on schw_3195  (cost=0.00..0.01 rows=1 width=32)
                           ->  Seq Scan on phoml_trajectory_tmp s_3195  (cost=0.00..95.68 rows=17 width=40)
                                 Filter: ((unix_time >= '1685451436.036'::double precision) AND (unix_time <= '1685451496.036'::double precision))
   ->  Subquery Scan on "*SELECT* 3197"  (cost=97.82..97.83 rows=1 width=76)
         ->  Limit  (cost=97.82..97.82 rows=1 width=84)
               ->  Sort  (cost=97.82..97.82 rows=1 width=84)
                     Sort Key: (st_distance(st_transform(s_3196.the_geom, 25833), schw_3196.schw))
                     ->  Nested Loop  (cost=0.00..97.81 rows=1 width=84)
                           Join Filter: ((st_transform(s_3196.the_geom, 25833) && st_expand(schw_3196.schw, '300'::double precision)) AND (schw_3196.schw && st_expand(st_transform(s_3196.the_geom, 25833), '300'::double precision)) AND _st_dwithin(st_transform(s_3196.the_geom, 25833), schw_3196.schw, '300'::double precision))
                           ->  Function Scan on schw_3196  (cost=0.00..0.01 rows=1 width=32)
                           ->  Seq Scan on phoml_trajectory_tmp s_3196  (cost=0.00..95.68 rows=17 width=40)
                                 Filter: ((unix_time >= '1685451436.381'::double precision) AND (unix_time <= '1685451496.381'::double precision))
   ->  Subquery Scan on "*SELECT* 3198"  (cost=97.82..97.83 rows=1 width=76)
         ->  Limit  (cost=97.82..97.82 rows=1 width=84)
               ->  Sort  (cost=97.82..97.82 rows=1 width=84)
                     Sort Key: (st_distance(st_transform(s_3197.the_geom, 25833), schw_3197.schw))
                     ->  Nested Loop  (cost=0.00..97.81 rows=1 width=84)
                           Join Filter: ((st_transform(s_3197.the_geom, 25833) && st_expand(schw_3197.schw, '300'::double precision)) AND (schw_3197.schw && st_expand(st_transform(s_3197.the_geom, 25833), '300'::double precision)) AND _st_dwithin(st_transform(s_3197.the_geom, 25833), schw_3197.schw, '300'::double precision))
                           ->  Function Scan on schw_3197  (cost=0.00..0.01 rows=1 width=32)
                           ->  Seq Scan on phoml_trajectory_tmp s_3197  (cost=0.00..95.68 rows=17 width=40)
                                 Filter: ((unix_time >= '1685451436.721'::double precision) AND (unix_time <= '1685451496.721'::double precision))
   ->  Subquery Scan on "*SELECT* 3199"  (cost=97.82..97.83 rows=1 width=76)
         ->  Limit  (cost=97.82..97.82 rows=1 width=84)
               ->  Sort  (cost=97.82..97.82 rows=1 width=84)
                     Sort Key: (st_distance(st_transform(s_3198.the_geom, 25833), schw_3198.schw))
                     ->  Nested Loop  (cost=0.00..97.81 rows=1 width=84)
                           Join Filter: ((st_transform(s_3198.the_geom, 25833) && st_expand(schw_3198.schw, '300'::double precision)) AND (schw_3198.schw && st_expand(st_transform(s_3198.the_geom, 25833), '300'::double precision)) AND _st_dwithin(st_transform(s_3198.the_geom, 25833), schw_3198.schw, '300'::double precision))
                           ->  Function Scan on schw_3198  (cost=0.00..0.01 rows=1 width=32)
                           ->  Seq Scan on phoml_trajectory_tmp s_3198  (cost=0.00..95.68 rows=17 width=40)
                                 Filter: ((unix_time >= '1685451437.041'::double precision) AND (unix_time <= '1685451497.041'::double precision))
   ->  Subquery Scan on "*SELECT* 3200"  (cost=97.82..97.83 rows=1 width=76)
         ->  Limit  (cost=97.82..97.82 rows=1 width=84)
               ->  Sort  (cost=97.82..97.82 rows=1 width=84)
                     Sort Key: (st_distance(st_transform(s_3199.the_geom, 25833), schw_3199.schw))
                     ->  Nested Loop  (cost=0.00..97.81 rows=1 width=84)
                           Join Filter: ((st_transform(s_3199.the_geom, 25833) && st_expand(schw_3199.schw, '300'::double precision)) AND (schw_3199.schw && st_expand(st_transform(s_3199.the_geom, 25833), '300'::double precision)) AND _st_dwithin(st_transform(s_3199.the_geom, 25833), schw_3199.schw, '300'::double precision))
                           ->  Function Scan on schw_3199  (cost=0.00..0.01 rows=1 width=32)
                           ->  Seq Scan on phoml_trajectory_tmp s_3199  (cost=0.00..95.68 rows=17 width=40)
                                 Filter: ((unix_time >= '1685451437.395'::double precision) AND (unix_time <= '1685451497.395'::double precision))
   ->  Subquery Scan on "*SELECT* 3201"  (cost=97.82..97.83 rows=1 width=76)
         ->  Limit  (cost=97.82..97.82 rows=1 width=84)
               ->  Sort  (cost=97.82..97.82 rows=1 width=84)
                     Sort Key: (st_distance(st_transform(s_3200.the_geom, 25833), schw_3200.schw))
                     ->  Nested Loop  (cost=0.00..97.81 rows=1 width=84)
                           Join Filter: ((st_transform(s_3200.the_geom, 25833) && st_expand(schw_3200.schw, '300'::double precision)) AND (schw_3200.schw && st_expand(st_transform(s_3200.the_geom, 25833), '300'::double precision)) AND _st_dwithin(st_transform(s_3200.the_geom, 25833), schw_3200.schw, '300'::double precision))
                           ->  Function Scan on schw_3200  (cost=0.00..0.01 rows=1 width=32)
                           ->  Seq Scan on phoml_trajectory_tmp s_3200  (cost=0.00..95.68 rows=17 width=40)
                                 Filter: ((unix_time >= '1685451437.715'::double precision) AND (unix_time <= '1685451497.715'::double precision))
   ->  Subquery Scan on "*SELECT* 3202"  (cost=97.82..97.83 rows=1 width=76)
         ->  Limit  (cost=97.82..97.82 rows=1 width=84)
               ->  Sort  (cost=97.82..97.82 rows=1 width=84)
                     Sort Key: (st_distance(st_transform(s_3201.the_geom, 25833), schw_3201.schw))
                     ->  Nested Loop  (cost=0.00..97.81 rows=1 width=84)
                           Join Filter: ((st_transform(s_3201.the_geom, 25833) && st_expand(schw_3201.schw, '300'::double precision)) AND (schw_3201.schw && st_expand(st_transform(s_3201.the_geom, 25833), '300'::double precision)) AND _st_dwithin(st_transform(s_3201.the_geom, 25833), schw_3201.schw, '300'::double precision))
                           ->  Function Scan on schw_3201  (cost=0.00..0.01 rows=1 width=32)
                           ->  Seq Scan on phoml_trajectory_tmp s_3201  (cost=0.00..95.68 rows=17 width=40)
                                 Filter: ((unix_time >= '1685451438.065'::double precision) AND (unix_time <= '1685451498.065'::double precision))
   ->  Subquery Scan on "*SELECT* 3203"  (cost=97.82..97.83 rows=1 width=76)
         ->  Limit  (cost=97.82..97.82 rows=1 width=84)
               ->  Sort  (cost=97.82..97.82 rows=1 width=84)
                     Sort Key: (st_distance(st_transform(s_3202.the_geom, 25833), schw_3202.schw))
                     ->  Nested Loop  (cost=0.00..97.81 rows=1 width=84)
                           Join Filter: ((st_transform(s_3202.the_geom, 25833) && st_expand(schw_3202.schw, '300'::double precision)) AND (schw_3202.schw && st_expand(st_transform(s_3202.the_geom, 25833), '300'::double precision)) AND _st_dwithin(st_transform(s_3202.the_geom, 25833), schw_3202.schw, '300'::double precision))
                           ->  Function Scan on schw_3202  (cost=0.00..0.01 rows=1 width=32)
                           ->  Seq Scan on phoml_trajectory_tmp s_3202  (cost=0.00..95.68 rows=17 width=40)
                                 Filter: ((unix_time >= '1685451438.381'::double precision) AND (unix_time <= '1685451498.381'::double precision))
   ->  Subquery Scan on "*SELECT* 3204"  (cost=97.82..97.83 rows=1 width=76)
         ->  Limit  (cost=97.82..97.82 rows=1 width=84)
               ->  Sort  (cost=97.82..97.82 rows=1 width=84)
                     Sort Key: (st_distance(st_transform(s_3203.the_geom, 25833), schw_3203.schw))
                     ->  Nested Loop  (cost=0.00..97.81 rows=1 width=84)
                           Join Filter: ((st_transform(s_3203.the_geom, 25833) && st_expand(schw_3203.schw, '300'::double precision)) AND (schw_3203.schw && st_expand(st_transform(s_3203.the_geom, 25833), '300'::double precision)) AND _st_dwithin(st_transform(s_3203.the_geom, 25833), schw_3203.schw, '300'::double precision))
                           ->  Function Scan on schw_3203  (cost=0.00..0.01 rows=1 width=32)
                           ->  Seq Scan on phoml_trajectory_tmp s_3203  (cost=0.00..95.68 rows=17 width=40)
                                 Filter: ((unix_time >= '1685451438.721'::double precision) AND (unix_time <= '1685451498.721'::double precision))
   ->  Subquery Scan on "*SELECT* 3205"  (cost=97.82..97.83 rows=1 width=76)
         ->  Limit  (cost=97.82..97.82 rows=1 width=84)
               ->  Sort  (cost=97.82..97.82 rows=1 width=84)
                     Sort Key: (st_distance(st_transform(s_3204.the_geom, 25833), schw_3204.schw))
                     ->  Nested Loop  (cost=0.00..97.81 rows=1 width=84)
                           Join Filter: ((st_transform(s_3204.the_geom, 25833) && st_expand(schw_3204.schw, '300'::double precision)) AND (schw_3204.schw && st_expand(st_transform(s_3204.the_geom, 25833), '300'::double precision)) AND _st_dwithin(st_transform(s_3204.the_geom, 25833), schw_3204.schw, '300'::double precision))
                           ->  Function Scan on schw_3204  (cost=0.00..0.01 rows=1 width=32)
                           ->  Seq Scan on phoml_trajectory_tmp s_3204  (cost=0.00..95.68 rows=17 width=40)
                                 Filter: ((unix_time >= '1685451439.061'::double precision) AND (unix_time <= '1685451499.061'::double precision))
   ->  Subquery Scan on "*SELECT* 3206"  (cost=97.82..97.83 rows=1 width=76)
         ->  Limit  (cost=97.82..97.82 rows=1 width=84)
               ->  Sort  (cost=97.82..97.82 rows=1 width=84)
                     Sort Key: (st_distance(st_transform(s_3205.the_geom, 25833), schw_3205.schw))
                     ->  Nested Loop  (cost=0.00..97.81 rows=1 width=84)
                           Join Filter: ((st_transform(s_3205.the_geom, 25833) && st_expand(schw_3205.schw, '300'::double precision)) AND (schw_3205.schw && st_expand(st_transform(s_3205.the_geom, 25833), '300'::double precision)) AND _st_dwithin(st_transform(s_3205.the_geom, 25833), schw_3205.schw, '300'::double precision))
                           ->  Function Scan on schw_3205  (cost=0.00..0.01 rows=1 width=32)
                           ->  Seq Scan on phoml_trajectory_tmp s_3205  (cost=0.00..95.68 rows=17 width=40)
                                 Filter: ((unix_time >= '1685451439.397'::double precision) AND (unix_time <= '1685451499.397'::double precision))
   ->  Subquery Scan on "*SELECT* 3207"  (cost=97.82..97.83 rows=1 width=76)
         ->  Limit  (cost=97.82..97.82 rows=1 width=84)
               ->  Sort  (cost=97.82..97.82 rows=1 width=84)
                     Sort Key: (st_distance(st_transform(s_3206.the_geom, 25833), schw_3206.schw))
                     ->  Nested Loop  (cost=0.00..97.81 rows=1 width=84)
                           Join Filter: ((st_transform(s_3206.the_geom, 25833) && st_expand(schw_3206.schw, '300'::double precision)) AND (schw_3206.schw && st_expand(st_transform(s_3206.the_geom, 25833), '300'::double precision)) AND _st_dwithin(st_transform(s_3206.the_geom, 25833), schw_3206.schw, '300'::double precision))
                           ->  Function Scan on schw_3206  (cost=0.00..0.01 rows=1 width=32)
                           ->  Seq Scan on phoml_trajectory_tmp s_3206  (cost=0.00..95.68 rows=17 width=40)
                                 Filter: ((unix_time >= '1685451439.717'::double precision) AND (unix_time <= '1685451499.717'::double precision))
   ->  Subquery Scan on "*SELECT* 3208"  (cost=97.82..97.83 rows=1 width=76)
         ->  Limit  (cost=97.82..97.82 rows=1 width=84)
               ->  Sort  (cost=97.82..97.82 rows=1 width=84)
                     Sort Key: (st_distance(st_transform(s_3207.the_geom, 25833), schw_3207.schw))
                     ->  Nested Loop  (cost=0.00..97.81 rows=1 width=84)
                           Join Filter: ((st_transform(s_3207.the_geom, 25833) && st_expand(schw_3207.schw, '300'::double precision)) AND (schw_3207.schw && st_expand(st_transform(s_3207.the_geom, 25833), '300'::double precision)) AND _st_dwithin(st_transform(s_3207.the_geom, 25833), schw_3207.schw, '300'::double precision))
                           ->  Function Scan on schw_3207  (cost=0.00..0.01 rows=1 width=32)
                           ->  Seq Scan on phoml_trajectory_tmp s_3207  (cost=0.00..95.68 rows=17 width=40)
                                 Filter: ((unix_time >= '1685451440.057'::double precision) AND (unix_time <= '1685451500.057'::double precision))
   ->  Subquery Scan on "*SELECT* 3209"  (cost=97.82..97.83 rows=1 width=76)
         ->  Limit  (cost=97.82..97.82 rows=1 width=84)
               ->  Sort  (cost=97.82..97.82 rows=1 width=84)
                     Sort Key: (st_distance(st_transform(s_3208.the_geom, 25833), schw_3208.schw))
                     ->  Nested Loop  (cost=0.00..97.81 rows=1 width=84)
                           Join Filter: ((st_transform(s_3208.the_geom, 25833) && st_expand(schw_3208.schw, '300'::double precision)) AND (schw_3208.schw && st_expand(st_transform(s_3208.the_geom, 25833), '300'::double precision)) AND _st_dwithin(st_transform(s_3208.the_geom, 25833), schw_3208.schw, '300'::double precision))
                           ->  Function Scan on schw_3208  (cost=0.00..0.01 rows=1 width=32)
                           ->  Seq Scan on phoml_trajectory_tmp s_3208  (cost=0.00..95.68 rows=17 width=40)
                                 Filter: ((unix_time >= '1685451440.388'::double precision) AND (unix_time <= '1685451500.388'::double precision))
   ->  Subquery Scan on "*SELECT* 3210"  (cost=97.82..97.83 rows=1 width=76)
         ->  Limit  (cost=97.82..97.82 rows=1 width=84)
               ->  Sort  (cost=97.82..97.82 rows=1 width=84)
                     Sort Key: (st_distance(st_transform(s_3209.the_geom, 25833), schw_3209.schw))
                     ->  Nested Loop  (cost=0.00..97.81 rows=1 width=84)
                           Join Filter: ((st_transform(s_3209.the_geom, 25833) && st_expand(schw_3209.schw, '300'::double precision)) AND (schw_3209.schw && st_expand(st_transform(s_3209.the_geom, 25833), '300'::double precision)) AND _st_dwithin(st_transform(s_3209.the_geom, 25833), schw_3209.schw, '300'::double precision))
                           ->  Function Scan on schw_3209  (cost=0.00..0.01 rows=1 width=32)
                           ->  Seq Scan on phoml_trajectory_tmp s_3209  (cost=0.00..95.68 rows=17 width=40)
                                 Filter: ((unix_time >= '1685451440.708'::double precision) AND (unix_time <= '1685451500.708'::double precision))
   ->  Subquery Scan on "*SELECT* 3211"  (cost=97.82..97.83 rows=1 width=76)
         ->  Limit  (cost=97.82..97.82 rows=1 width=84)
               ->  Sort  (cost=97.82..97.82 rows=1 width=84)
                     Sort Key: (st_distance(st_transform(s_3210.the_geom, 25833), schw_3210.schw))
                     ->  Nested Loop  (cost=0.00..97.81 rows=1 width=84)
                           Join Filter: ((st_transform(s_3210.the_geom, 25833) && st_expand(schw_3210.schw, '300'::double precision)) AND (schw_3210.schw && st_expand(st_transform(s_3210.the_geom, 25833), '300'::double precision)) AND _st_dwithin(st_transform(s_3210.the_geom, 25833), schw_3210.schw, '300'::double precision))
                           ->  Function Scan on schw_3210  (cost=0.00..0.01 rows=1 width=32)
                           ->  Seq Scan on phoml_trajectory_tmp s_3210  (cost=0.00..95.68 rows=17 width=40)
                                 Filter: ((unix_time >= '1685451441.048'::double precision) AND (unix_time <= '1685451501.048'::double precision))
   ->  Subquery Scan on "*SELECT* 3212"  (cost=97.82..97.83 rows=1 width=76)
         ->  Limit  (cost=97.82..97.82 rows=1 width=84)
               ->  Sort  (cost=97.82..97.82 rows=1 width=84)
                     Sort Key: (st_distance(st_transform(s_3211.the_geom, 25833), schw_3211.schw))
                     ->  Nested Loop  (cost=0.00..97.81 rows=1 width=84)
                           Join Filter: ((st_transform(s_3211.the_geom, 25833) && st_expand(schw_3211.schw, '300'::double precision)) AND (schw_3211.schw && st_expand(st_transform(s_3211.the_geom, 25833), '300'::double precision)) AND _st_dwithin(st_transform(s_3211.the_geom, 25833), schw_3211.schw, '300'::double precision))
                           ->  Function Scan on schw_3211  (cost=0.00..0.01 rows=1 width=32)
                           ->  Seq Scan on phoml_trajectory_tmp s_3211  (cost=0.00..95.68 rows=17 width=40)
                                 Filter: ((unix_time >= '1685451441.371'::double precision) AND (unix_time <= '1685451501.371'::double precision))
   ->  Subquery Scan on "*SELECT* 3213"  (cost=97.82..97.83 rows=1 width=76)
         ->  Limit  (cost=97.82..97.82 rows=1 width=84)
               ->  Sort  (cost=97.82..97.82 rows=1 width=84)
                     Sort Key: (st_distance(st_transform(s_3212.the_geom, 25833), schw_3212.schw))
                     ->  Nested Loop  (cost=0.00..97.81 rows=1 width=84)
                           Join Filter: ((st_transform(s_3212.the_geom, 25833) && st_expand(schw_3212.schw, '300'::double precision)) AND (schw_3212.schw && st_expand(st_transform(s_3212.the_geom, 25833), '300'::double precision)) AND _st_dwithin(st_transform(s_3212.the_geom, 25833), schw_3212.schw, '300'::double precision))
                           ->  Function Scan on schw_3212  (cost=0.00..0.01 rows=1 width=32)
                           ->  Seq Scan on phoml_trajectory_tmp s_3212  (cost=0.00..95.68 rows=17 width=40)
                                 Filter: ((unix_time >= '1685451441.701'::double precision) AND (unix_time <= '1685451501.701'::double precision))
   ->  Subquery Scan on "*SELECT* 3214"  (cost=97.82..97.83 rows=1 width=76)
         ->  Limit  (cost=97.82..97.82 rows=1 width=84)
               ->  Sort  (cost=97.82..97.82 rows=1 width=84)
                     Sort Key: (st_distance(st_transform(s_3213.the_geom, 25833), schw_3213.schw))
                     ->  Nested Loop  (cost=0.00..97.81 rows=1 width=84)
                           Join Filter: ((st_transform(s_3213.the_geom, 25833) && st_expand(schw_3213.schw, '300'::double precision)) AND (schw_3213.schw && st_expand(st_transform(s_3213.the_geom, 25833), '300'::double precision)) AND _st_dwithin(st_transform(s_3213.the_geom, 25833), schw_3213.schw, '300'::double precision))
                           ->  Function Scan on schw_3213  (cost=0.00..0.01 rows=1 width=32)
                           ->  Seq Scan on phoml_trajectory_tmp s_3213  (cost=0.00..95.68 rows=17 width=40)
                                 Filter: ((unix_time >= '1685451442.031'::double precision) AND (unix_time <= '1685451502.031'::double precision))
   ->  Subquery Scan on "*SELECT* 3215"  (cost=97.82..97.83 rows=1 width=76)
         ->  Limit  (cost=97.82..97.82 rows=1 width=84)
               ->  Sort  (cost=97.82..97.82 rows=1 width=84)
                     Sort Key: (st_distance(st_transform(s_3214.the_geom, 25833), schw_3214.schw))
                     ->  Nested Loop  (cost=0.00..97.81 rows=1 width=84)
                           Join Filter: ((st_transform(s_3214.the_geom, 25833) && st_expand(schw_3214.schw, '300'::double precision)) AND (schw_3214.schw && st_expand(st_transform(s_3214.the_geom, 25833), '300'::double precision)) AND _st_dwithin(st_transform(s_3214.the_geom, 25833), schw_3214.schw, '300'::double precision))
                           ->  Function Scan on schw_3214  (cost=0.00..0.01 rows=1 width=32)
                           ->  Seq Scan on phoml_trajectory_tmp s_3214  (cost=0.00..95.68 rows=17 width=40)
                                 Filter: ((unix_time >= '1685451442.356'::double precision) AND (unix_time <= '1685451502.356'::double precision))
   ->  Subquery Scan on "*SELECT* 3216"  (cost=97.82..97.83 rows=1 width=76)
         ->  Limit  (cost=97.82..97.82 rows=1 width=84)
               ->  Sort  (cost=97.82..97.82 rows=1 width=84)
                     Sort Key: (st_distance(st_transform(s_3215.the_geom, 25833), schw_3215.schw))
                     ->  Nested Loop  (cost=0.00..97.81 rows=1 width=84)
                           Join Filter: ((st_transform(s_3215.the_geom, 25833) && st_expand(schw_3215.schw, '300'::double precision)) AND (schw_3215.schw && st_expand(st_transform(s_3215.the_geom, 25833), '300'::double precision)) AND _st_dwithin(st_transform(s_3215.the_geom, 25833), schw_3215.schw, '300'::double precision))
                           ->  Function Scan on schw_3215  (cost=0.00..0.01 rows=1 width=32)
                           ->  Seq Scan on phoml_trajectory_tmp s_3215  (cost=0.00..95.68 rows=17 width=40)
                                 Filter: ((unix_time >= '1685451442.686'::double precision) AND (unix_time <= '1685451502.686'::double precision))
   ->  Subquery Scan on "*SELECT* 3217"  (cost=97.82..97.83 rows=1 width=76)
         ->  Limit  (cost=97.82..97.82 rows=1 width=84)
               ->  Sort  (cost=97.82..97.82 rows=1 width=84)
                     Sort Key: (st_distance(st_transform(s_3216.the_geom, 25833), schw_3216.schw))
                     ->  Nested Loop  (cost=0.00..97.81 rows=1 width=84)
                           Join Filter: ((st_transform(s_3216.the_geom, 25833) && st_expand(schw_3216.schw, '300'::double precision)) AND (schw_3216.schw && st_expand(st_transform(s_3216.the_geom, 25833), '300'::double precision)) AND _st_dwithin(st_transform(s_3216.the_geom, 25833), schw_3216.schw, '300'::double precision))
                           ->  Function Scan on schw_3216  (cost=0.00..0.01 rows=1 width=32)
                           ->  Seq Scan on phoml_trajectory_tmp s_3216  (cost=0.00..95.68 rows=17 width=40)
                                 Filter: ((unix_time >= '1685451443.016'::double precision) AND (unix_time <= '1685451503.016'::double precision))
   ->  Subquery Scan on "*SELECT* 3218"  (cost=97.82..97.83 rows=1 width=76)
         ->  Limit  (cost=97.82..97.82 rows=1 width=84)
               ->  Sort  (cost=97.82..97.82 rows=1 width=84)
                     Sort Key: (st_distance(st_transform(s_3217.the_geom, 25833), schw_3217.schw))
                     ->  Nested Loop  (cost=0.00..97.81 rows=1 width=84)
                           Join Filter: ((st_transform(s_3217.the_geom, 25833) && st_expand(schw_3217.schw, '300'::double precision)) AND (schw_3217.schw && st_expand(st_transform(s_3217.the_geom, 25833), '300'::double precision)) AND _st_dwithin(st_transform(s_3217.the_geom, 25833), schw_3217.schw, '300'::double precision))
                           ->  Function Scan on schw_3217  (cost=0.00..0.01 rows=1 width=32)
                           ->  Seq Scan on phoml_trajectory_tmp s_3217  (cost=0.00..95.68 rows=17 width=40)
                                 Filter: ((unix_time >= '1685451443.35'::double precision) AND (unix_time <= '1685451503.35'::double precision))
   ->  Subquery Scan on "*SELECT* 3219"  (cost=97.82..97.83 rows=1 width=76)
         ->  Limit  (cost=97.82..97.82 rows=1 width=84)
               ->  Sort  (cost=97.82..97.82 rows=1 width=84)
                     Sort Key: (st_distance(st_transform(s_3218.the_geom, 25833), schw_3218.schw))
                     ->  Nested Loop  (cost=0.00..97.81 rows=1 width=84)
                           Join Filter: ((st_transform(s_3218.the_geom, 25833) && st_expand(schw_3218.schw, '300'::double precision)) AND (schw_3218.schw && st_expand(st_transform(s_3218.the_geom, 25833), '300'::double precision)) AND _st_dwithin(st_transform(s_3218.the_geom, 25833), schw_3218.schw, '300'::double precision))
                           ->  Function Scan on schw_3218  (cost=0.00..0.01 rows=1 width=32)
                           ->  Seq Scan on phoml_trajectory_tmp s_3218  (cost=0.00..95.68 rows=17 width=40)
                                 Filter: ((unix_time >= '1685451443.68'::double precision) AND (unix_time <= '1685451503.68'::double precision))
   ->  Subquery Scan on "*SELECT* 3220"  (cost=97.82..97.83 rows=1 width=76)
         ->  Limit  (cost=97.82..97.82 rows=1 width=84)
               ->  Sort  (cost=97.82..97.82 rows=1 width=84)
                     Sort Key: (st_distance(st_transform(s_3219.the_geom, 25833), schw_3219.schw))
                     ->  Nested Loop  (cost=0.00..97.81 rows=1 width=84)
                           Join Filter: ((st_transform(s_3219.the_geom, 25833) && st_expand(schw_3219.schw, '300'::double precision)) AND (schw_3219.schw && st_expand(st_transform(s_3219.the_geom, 25833), '300'::double precision)) AND _st_dwithin(st_transform(s_3219.the_geom, 25833), schw_3219.schw, '300'::double precision))
                           ->  Function Scan on schw_3219  (cost=0.00..0.01 rows=1 width=32)
                           ->  Seq Scan on phoml_trajectory_tmp s_3219  (cost=0.00..95.68 rows=17 width=40)
                                 Filter: ((unix_time >= '1685451444.01'::double precision) AND (unix_time <= '1685451504.01'::double precision))
   ->  Subquery Scan on "*SELECT* 3221"  (cost=97.82..97.83 rows=1 width=76)
         ->  Limit  (cost=97.82..97.82 rows=1 width=84)
               ->  Sort  (cost=97.82..97.82 rows=1 width=84)
                     Sort Key: (st_distance(st_transform(s_3220.the_geom, 25833), schw_3220.schw))
                     ->  Nested Loop  (cost=0.00..97.81 rows=1 width=84)
                           Join Filter: ((st_transform(s_3220.the_geom, 25833) && st_expand(schw_3220.schw, '300'::double precision)) AND (schw_3220.schw && st_expand(st_transform(s_3220.the_geom, 25833), '300'::double precision)) AND _st_dwithin(st_transform(s_3220.the_geom, 25833), schw_3220.schw, '300'::double precision))
                           ->  Function Scan on schw_3220  (cost=0.00..0.01 rows=1 width=32)
                           ->  Seq Scan on phoml_trajectory_tmp s_3220  (cost=0.00..95.68 rows=17 width=40)
                                 Filter: ((unix_time >= '1685451444.341'::double precision) AND (unix_time <= '1685451504.341'::double precision))
   ->  Subquery Scan on "*SELECT* 3222"  (cost=97.82..97.83 rows=1 width=76)
         ->  Limit  (cost=97.82..97.82 rows=1 width=84)
               ->  Sort  (cost=97.82..97.82 rows=1 width=84)
                     Sort Key: (st_distance(st_transform(s_3221.the_geom, 25833), schw_3221.schw))
                     ->  Nested Loop  (cost=0.00..97.81 rows=1 width=84)
                           Join Filter: ((st_transform(s_3221.the_geom, 25833) && st_expand(schw_3221.schw, '300'::double precision)) AND (schw_3221.schw && st_expand(st_transform(s_3221.the_geom, 25833), '300'::double precision)) AND _st_dwithin(st_transform(s_3221.the_geom, 25833), schw_3221.schw, '300'::double precision))
                           ->  Function Scan on schw_3221  (cost=0.00..0.01 rows=1 width=32)
                           ->  Seq Scan on phoml_trajectory_tmp s_3221  (cost=0.00..95.68 rows=17 width=40)
                                 Filter: ((unix_time >= '1685451444.661'::double precision) AND (unix_time <= '1685451504.661'::double precision))
   ->  Subquery Scan on "*SELECT* 3223"  (cost=97.82..97.83 rows=1 width=76)
         ->  Limit  (cost=97.82..97.82 rows=1 width=84)
               ->  Sort  (cost=97.82..97.82 rows=1 width=84)
                     Sort Key: (st_distance(st_transform(s_3222.the_geom, 25833), schw_3222.schw))
                     ->  Nested Loop  (cost=0.00..97.81 rows=1 width=84)
                           Join Filter: ((st_transform(s_3222.the_geom, 25833) && st_expand(schw_3222.schw, '300'::double precision)) AND (schw_3222.schw && st_expand(st_transform(s_3222.the_geom, 25833), '300'::double precision)) AND _st_dwithin(st_transform(s_3222.the_geom, 25833), schw_3222.schw, '300'::double precision))
                           ->  Function Scan on schw_3222  (cost=0.00..0.01 rows=1 width=32)
                           ->  Seq Scan on phoml_trajectory_tmp s_3222  (cost=0.00..95.68 rows=17 width=40)
                                 Filter: ((unix_time >= '1685451445.001'::double precision) AND (unix_time <= '1685451505.001'::double precision))
   ->  Subquery Scan on "*SELECT* 3224"  (cost=97.82..97.83 rows=1 width=76)
         ->  Limit  (cost=97.82..97.82 rows=1 width=84)
               ->  Sort  (cost=97.82..97.82 rows=1 width=84)
                     Sort Key: (st_distance(st_transform(s_3223.the_geom, 25833), schw_3223.schw))
                     ->  Nested Loop  (cost=0.00..97.81 rows=1 width=84)
                           Join Filter: ((st_transform(s_3223.the_geom, 25833) && st_expand(schw_3223.schw, '300'::double precision)) AND (schw_3223.schw && st_expand(st_transform(s_3223.the_geom, 25833), '300'::double precision)) AND _st_dwithin(st_transform(s_3223.the_geom, 25833), schw_3223.schw, '300'::double precision))
                           ->  Function Scan on schw_3223  (cost=0.00..0.01 rows=1 width=32)
                           ->  Seq Scan on phoml_trajectory_tmp s_3223  (cost=0.00..95.68 rows=17 width=40)
                                 Filter: ((unix_time >= '1685451445.326'::double precision) AND (unix_time <= '1685451505.326'::double precision))
   ->  Subquery Scan on "*SELECT* 3225"  (cost=97.82..97.83 rows=1 width=76)
         ->  Limit  (cost=97.82..97.82 rows=1 width=84)
               ->  Sort  (cost=97.82..97.82 rows=1 width=84)
                     Sort Key: (st_distance(st_transform(s_3224.the_geom, 25833), schw_3224.schw))
                     ->  Nested Loop  (cost=0.00..97.81 rows=1 width=84)
                           Join Filter: ((st_transform(s_3224.the_geom, 25833) && st_expand(schw_3224.schw, '300'::double precision)) AND (schw_3224.schw && st_expand(st_transform(s_3224.the_geom, 25833), '300'::double precision)) AND _st_dwithin(st_transform(s_3224.the_geom, 25833), schw_3224.schw, '300'::double precision))
                           ->  Function Scan on schw_3224  (cost=0.00..0.01 rows=1 width=32)
                           ->  Seq Scan on phoml_trajectory_tmp s_3224  (cost=0.00..95.68 rows=17 width=40)
                                 Filter: ((unix_time >= '1685451445.676'::double precision) AND (unix_time <= '1685451505.676'::double precision))
   ->  Subquery Scan on "*SELECT* 3226"  (cost=97.82..97.83 rows=1 width=76)
         ->  Limit  (cost=97.82..97.82 rows=1 width=84)
               ->  Sort  (cost=97.82..97.82 rows=1 width=84)
                     Sort Key: (st_distance(st_transform(s_3225.the_geom, 25833), schw_3225.schw))
                     ->  Nested Loop  (cost=0.00..97.81 rows=1 width=84)
                           Join Filter: ((st_transform(s_3225.the_geom, 25833) && st_expand(schw_3225.schw, '300'::double precision)) AND (schw_3225.schw && st_expand(st_transform(s_3225.the_geom, 25833), '300'::double precision)) AND _st_dwithin(st_transform(s_3225.the_geom, 25833), schw_3225.schw, '300'::double precision))
                           ->  Function Scan on schw_3225  (cost=0.00..0.01 rows=1 width=32)
                           ->  Seq Scan on phoml_trajectory_tmp s_3225  (cost=0.00..95.68 rows=17 width=40)
                                 Filter: ((unix_time >= '1685451446.016'::double precision) AND (unix_time <= '1685451506.016'::double precision))
   ->  Subquery Scan on "*SELECT* 3227"  (cost=97.82..97.83 rows=1 width=76)
         ->  Limit  (cost=97.82..97.82 rows=1 width=84)
               ->  Sort  (cost=97.82..97.82 rows=1 width=84)
                     Sort Key: (st_distance(st_transform(s_3226.the_geom, 25833), schw_3226.schw))
                     ->  Nested Loop  (cost=0.00..97.81 rows=1 width=84)
                           Join Filter: ((st_transform(s_3226.the_geom, 25833) && st_expand(schw_3226.schw, '300'::double precision)) AND (schw_3226.schw && st_expand(st_transform(s_3226.the_geom, 25833), '300'::double precision)) AND _st_dwithin(st_transform(s_3226.the_geom, 25833), schw_3226.schw, '300'::double precision))
                           ->  Function Scan on schw_3226  (cost=0.00..0.01 rows=1 width=32)
                           ->  Seq Scan on phoml_trajectory_tmp s_3226  (cost=0.00..95.68 rows=17 width=40)
                                 Filter: ((unix_time >= '1685451446.357'::double precision) AND (unix_time <= '1685451506.357'::double precision))
   ->  Subquery Scan on "*SELECT* 3228"  (cost=97.82..97.83 rows=1 width=76)
         ->  Limit  (cost=97.82..97.82 rows=1 width=84)
               ->  Sort  (cost=97.82..97.82 rows=1 width=84)
                     Sort Key: (st_distance(st_transform(s_3227.the_geom, 25833), schw_3227.schw))
                     ->  Nested Loop  (cost=0.00..97.81 rows=1 width=84)
                           Join Filter: ((st_transform(s_3227.the_geom, 25833) && st_expand(schw_3227.schw, '300'::double precision)) AND (schw_3227.schw && st_expand(st_transform(s_3227.the_geom, 25833), '300'::double precision)) AND _st_dwithin(st_transform(s_3227.the_geom, 25833), schw_3227.schw, '300'::double precision))
                           ->  Function Scan on schw_3227  (cost=0.00..0.01 rows=1 width=32)
                           ->  Seq Scan on phoml_trajectory_tmp s_3227  (cost=0.00..95.68 rows=17 width=40)
                                 Filter: ((unix_time >= '1685451446.687'::double precision) AND (unix_time <= '1685451506.687'::double precision))
   ->  Subquery Scan on "*SELECT* 3229"  (cost=97.82..97.83 rows=1 width=76)
         ->  Limit  (cost=97.82..97.82 rows=1 width=84)
               ->  Sort  (cost=97.82..97.82 rows=1 width=84)
                     Sort Key: (st_distance(st_transform(s_3228.the_geom, 25833), schw_3228.schw))
                     ->  Nested Loop  (cost=0.00..97.81 rows=1 width=84)
                           Join Filter: ((st_transform(s_3228.the_geom, 25833) && st_expand(schw_3228.schw, '300'::double precision)) AND (schw_3228.schw && st_expand(st_transform(s_3228.the_geom, 25833), '300'::double precision)) AND _st_dwithin(st_transform(s_3228.the_geom, 25833), schw_3228.schw, '300'::double precision))
                           ->  Function Scan on schw_3228  (cost=0.00..0.01 rows=1 width=32)
                           ->  Seq Scan on phoml_trajectory_tmp s_3228  (cost=0.00..95.68 rows=17 width=40)
                                 Filter: ((unix_time >= '1685451447.037'::double precision) AND (unix_time <= '1685451507.037'::double precision))
   ->  Subquery Scan on "*SELECT* 3230"  (cost=97.82..97.83 rows=1 width=76)
         ->  Limit  (cost=97.82..97.82 rows=1 width=84)
               ->  Sort  (cost=97.82..97.82 rows=1 width=84)
                     Sort Key: (st_distance(st_transform(s_3229.the_geom, 25833), schw_3229.schw))
                     ->  Nested Loop  (cost=0.00..97.81 rows=1 width=84)
                           Join Filter: ((st_transform(s_3229.the_geom, 25833) && st_expand(schw_3229.schw, '300'::double precision)) AND (schw_3229.schw && st_expand(st_transform(s_3229.the_geom, 25833), '300'::double precision)) AND _st_dwithin(st_transform(s_3229.the_geom, 25833), schw_3229.schw, '300'::double precision))
                           ->  Function Scan on schw_3229  (cost=0.00..0.01 rows=1 width=32)
                           ->  Seq Scan on phoml_trajectory_tmp s_3229  (cost=0.00..95.68 rows=17 width=40)
                                 Filter: ((unix_time >= '1685451447.371'::double precision) AND (unix_time <= '1685451507.371'::double precision))
   ->  Subquery Scan on "*SELECT* 3231"  (cost=97.82..97.83 rows=1 width=76)
         ->  Limit  (cost=97.82..97.82 rows=1 width=84)
               ->  Sort  (cost=97.82..97.82 rows=1 width=84)
                     Sort Key: (st_distance(st_transform(s_3230.the_geom, 25833), schw_3230.schw))
                     ->  Nested Loop  (cost=0.00..97.81 rows=1 width=84)
                           Join Filter: ((st_transform(s_3230.the_geom, 25833) && st_expand(schw_3230.schw, '300'::double precision)) AND (schw_3230.schw && st_expand(st_transform(s_3230.the_geom, 25833), '300'::double precision)) AND _st_dwithin(st_transform(s_3230.the_geom, 25833), schw_3230.schw, '300'::double precision))
                           ->  Function Scan on schw_3230  (cost=0.00..0.01 rows=1 width=32)
                           ->  Seq Scan on phoml_trajectory_tmp s_3230  (cost=0.00..95.68 rows=17 width=40)
                                 Filter: ((unix_time >= '1685451447.711'::double precision) AND (unix_time <= '1685451507.711'::double precision))
   ->  Subquery Scan on "*SELECT* 3232"  (cost=97.82..97.83 rows=1 width=76)
         ->  Limit  (cost=97.82..97.82 rows=1 width=84)
               ->  Sort  (cost=97.82..97.82 rows=1 width=84)
                     Sort Key: (st_distance(st_transform(s_3231.the_geom, 25833), schw_3231.schw))
                     ->  Nested Loop  (cost=0.00..97.81 rows=1 width=84)
                           Join Filter: ((st_transform(s_3231.the_geom, 25833) && st_expand(schw_3231.schw, '300'::double precision)) AND (schw_3231.schw && st_expand(st_transform(s_3231.the_geom, 25833), '300'::double precision)) AND _st_dwithin(st_transform(s_3231.the_geom, 25833), schw_3231.schw, '300'::double precision))
                           ->  Function Scan on schw_3231  (cost=0.00..0.01 rows=1 width=32)
                           ->  Seq Scan on phoml_trajectory_tmp s_3231  (cost=0.00..95.68 rows=17 width=40)
                                 Filter: ((unix_time >= '1685451448.061'::double precision) AND (unix_time <= '1685451508.061'::double precision))
   ->  Subquery Scan on "*SELECT* 3233"  (cost=97.82..97.83 rows=1 width=76)
         ->  Limit  (cost=97.82..97.82 rows=1 width=84)
               ->  Sort  (cost=97.82..97.82 rows=1 width=84)
                     Sort Key: (st_distance(st_transform(s_3232.the_geom, 25833), schw_3232.schw))
                     ->  Nested Loop  (cost=0.00..97.81 rows=1 width=84)
                           Join Filter: ((st_transform(s_3232.the_geom, 25833) && st_expand(schw_3232.schw, '300'::double precision)) AND (schw_3232.schw && st_expand(st_transform(s_3232.the_geom, 25833), '300'::double precision)) AND _st_dwithin(st_transform(s_3232.the_geom, 25833), schw_3232.schw, '300'::double precision))
                           ->  Function Scan on schw_3232  (cost=0.00..0.01 rows=1 width=32)
                           ->  Seq Scan on phoml_trajectory_tmp s_3232  (cost=0.00..95.68 rows=17 width=40)
                                 Filter: ((unix_time >= '1685451448.397'::double precision) AND (unix_time <= '1685451508.397'::double precision))
   ->  Subquery Scan on "*SELECT* 3234"  (cost=97.82..97.83 rows=1 width=76)
         ->  Limit  (cost=97.82..97.82 rows=1 width=84)
               ->  Sort  (cost=97.82..97.82 rows=1 width=84)
                     Sort Key: (st_distance(st_transform(s_3233.the_geom, 25833), schw_3233.schw))
                     ->  Nested Loop  (cost=0.00..97.81 rows=1 width=84)
                           Join Filter: ((st_transform(s_3233.the_geom, 25833) && st_expand(schw_3233.schw, '300'::double precision)) AND (schw_3233.schw && st_expand(st_transform(s_3233.the_geom, 25833), '300'::double precision)) AND _st_dwithin(st_transform(s_3233.the_geom, 25833), schw_3233.schw, '300'::double precision))
                           ->  Function Scan on schw_3233  (cost=0.00..0.01 rows=1 width=32)
                           ->  Seq Scan on phoml_trajectory_tmp s_3233  (cost=0.00..95.68 rows=17 width=40)
                                 Filter: ((unix_time >= '1685451448.737'::double precision) AND (unix_time <= '1685451508.737'::double precision))
   ->  Subquery Scan on "*SELECT* 3235"  (cost=97.82..97.83 rows=1 width=76)
         ->  Limit  (cost=97.82..97.82 rows=1 width=84)
               ->  Sort  (cost=97.82..97.82 rows=1 width=84)
                     Sort Key: (st_distance(st_transform(s_3234.the_geom, 25833), schw_3234.schw))
                     ->  Nested Loop  (cost=0.00..97.81 rows=1 width=84)
                           Join Filter: ((st_transform(s_3234.the_geom, 25833) && st_expand(schw_3234.schw, '300'::double precision)) AND (schw_3234.schw && st_expand(st_transform(s_3234.the_geom, 25833), '300'::double precision)) AND _st_dwithin(st_transform(s_3234.the_geom, 25833), schw_3234.schw, '300'::double precision))
                           ->  Function Scan on schw_3234  (cost=0.00..0.01 rows=1 width=32)
                           ->  Seq Scan on phoml_trajectory_tmp s_3234  (cost=0.00..95.68 rows=17 width=40)
                                 Filter: ((unix_time >= '1685451449.077'::double precision) AND (unix_time <= '1685451509.077'::double precision))
   ->  Subquery Scan on "*SELECT* 3236"  (cost=97.82..97.83 rows=1 width=76)
         ->  Limit  (cost=97.82..97.82 rows=1 width=84)
               ->  Sort  (cost=97.82..97.82 rows=1 width=84)
                     Sort Key: (st_distance(st_transform(s_3235.the_geom, 25833), schw_3235.schw))
                     ->  Nested Loop  (cost=0.00..97.81 rows=1 width=84)
                           Join Filter: ((st_transform(s_3235.the_geom, 25833) && st_expand(schw_3235.schw, '300'::double precision)) AND (schw_3235.schw && st_expand(st_transform(s_3235.the_geom, 25833), '300'::double precision)) AND _st_dwithin(st_transform(s_3235.the_geom, 25833), schw_3235.schw, '300'::double precision))
                           ->  Function Scan on schw_3235  (cost=0.00..0.01 rows=1 width=32)
                           ->  Seq Scan on phoml_trajectory_tmp s_3235  (cost=0.00..95.68 rows=17 width=40)
                                 Filter: ((unix_time >= '1685451449.425'::double precision) AND (unix_time <= '1685451509.425'::double precision))
   ->  Subquery Scan on "*SELECT* 3237"  (cost=97.82..97.83 rows=1 width=76)
         ->  Limit  (cost=97.82..97.82 rows=1 width=84)
               ->  Sort  (cost=97.82..97.82 rows=1 width=84)
                     Sort Key: (st_distance(st_transform(s_3236.the_geom, 25833), schw_3236.schw))
                     ->  Nested Loop  (cost=0.00..97.81 rows=1 width=84)
                           Join Filter: ((st_transform(s_3236.the_geom, 25833) && st_expand(schw_3236.schw, '300'::double precision)) AND (schw_3236.schw && st_expand(st_transform(s_3236.the_geom, 25833), '300'::double precision)) AND _st_dwithin(st_transform(s_3236.the_geom, 25833), schw_3236.schw, '300'::double precision))
                           ->  Function Scan on schw_3236  (cost=0.00..0.01 rows=1 width=32)
                           ->  Seq Scan on phoml_trajectory_tmp s_3236  (cost=0.00..95.68 rows=17 width=40)
                                 Filter: ((unix_time >= '1685451449.765'::double precision) AND (unix_time <= '1685451509.765'::double precision))
   ->  Subquery Scan on "*SELECT* 3238"  (cost=97.82..97.83 rows=1 width=76)
         ->  Limit  (cost=97.82..97.82 rows=1 width=84)
               ->  Sort  (cost=97.82..97.82 rows=1 width=84)
                     Sort Key: (st_distance(st_transform(s_3237.the_geom, 25833), schw_3237.schw))
                     ->  Nested Loop  (cost=0.00..97.81 rows=1 width=84)
                           Join Filter: ((st_transform(s_3237.the_geom, 25833) && st_expand(schw_3237.schw, '300'::double precision)) AND (schw_3237.schw && st_expand(st_transform(s_3237.the_geom, 25833), '300'::double precision)) AND _st_dwithin(st_transform(s_3237.the_geom, 25833), schw_3237.schw, '300'::double precision))
                           ->  Function Scan on schw_3237  (cost=0.00..0.01 rows=1 width=32)
                           ->  Seq Scan on phoml_trajectory_tmp s_3237  (cost=0.00..95.68 rows=17 width=40)
                                 Filter: ((unix_time >= '1685451450.105'::double precision) AND (unix_time <= '1685451510.105'::double precision))
   ->  Subquery Scan on "*SELECT* 3239"  (cost=97.82..97.83 rows=1 width=76)
         ->  Limit  (cost=97.82..97.82 rows=1 width=84)
               ->  Sort  (cost=97.82..97.82 rows=1 width=84)
                     Sort Key: (st_distance(st_transform(s_3238.the_geom, 25833), schw_3238.schw))
                     ->  Nested Loop  (cost=0.00..97.81 rows=1 width=84)
                           Join Filter: ((st_transform(s_3238.the_geom, 25833) && st_expand(schw_3238.schw, '300'::double precision)) AND (schw_3238.schw && st_expand(st_transform(s_3238.the_geom, 25833), '300'::double precision)) AND _st_dwithin(st_transform(s_3238.the_geom, 25833), schw_3238.schw, '300'::double precision))
                           ->  Function Scan on schw_3238  (cost=0.00..0.01 rows=1 width=32)
                           ->  Seq Scan on phoml_trajectory_tmp s_3238  (cost=0.00..95.68 rows=17 width=40)
                                 Filter: ((unix_time >= '1685451450.429'::double precision) AND (unix_time <= '1685451510.429'::double precision))
   ->  Subquery Scan on "*SELECT* 3240"  (cost=97.82..97.83 rows=1 width=76)
         ->  Limit  (cost=97.82..97.82 rows=1 width=84)
               ->  Sort  (cost=97.82..97.82 rows=1 width=84)
                     Sort Key: (st_distance(st_transform(s_3239.the_geom, 25833), schw_3239.schw))
                     ->  Nested Loop  (cost=0.00..97.81 rows=1 width=84)
                           Join Filter: ((st_transform(s_3239.the_geom, 25833) && st_expand(schw_3239.schw, '300'::double precision)) AND (schw_3239.schw && st_expand(st_transform(s_3239.the_geom, 25833), '300'::double precision)) AND _st_dwithin(st_transform(s_3239.the_geom, 25833), schw_3239.schw, '300'::double precision))
                           ->  Function Scan on schw_3239  (cost=0.00..0.01 rows=1 width=32)
                           ->  Seq Scan on phoml_trajectory_tmp s_3239  (cost=0.00..95.68 rows=17 width=40)
                                 Filter: ((unix_time >= '1685451450.769'::double precision) AND (unix_time <= '1685451510.769'::double precision))
   ->  Subquery Scan on "*SELECT* 3241"  (cost=97.82..97.83 rows=1 width=76)
         ->  Limit  (cost=97.82..97.82 rows=1 width=84)
               ->  Sort  (cost=97.82..97.82 rows=1 width=84)
                     Sort Key: (st_distance(st_transform(s_3240.the_geom, 25833), schw_3240.schw))
                     ->  Nested Loop  (cost=0.00..97.81 rows=1 width=84)
                           Join Filter: ((st_transform(s_3240.the_geom, 25833) && st_expand(schw_3240.schw, '300'::double precision)) AND (schw_3240.schw && st_expand(st_transform(s_3240.the_geom, 25833), '300'::double precision)) AND _st_dwithin(st_transform(s_3240.the_geom, 25833), schw_3240.schw, '300'::double precision))
                           ->  Function Scan on schw_3240  (cost=0.00..0.01 rows=1 width=32)
                           ->  Seq Scan on phoml_trajectory_tmp s_3240  (cost=0.00..95.68 rows=17 width=40)
                                 Filter: ((unix_time >= '1685451451.129'::double precision) AND (unix_time <= '1685451511.129'::double precision))
   ->  Subquery Scan on "*SELECT* 3242"  (cost=97.82..97.83 rows=1 width=76)
         ->  Limit  (cost=97.82..97.82 rows=1 width=84)
               ->  Sort  (cost=97.82..97.82 rows=1 width=84)
                     Sort Key: (st_distance(st_transform(s_3241.the_geom, 25833), schw_3241.schw))
                     ->  Nested Loop  (cost=0.00..97.81 rows=1 width=84)
                           Join Filter: ((st_transform(s_3241.the_geom, 25833) && st_expand(schw_3241.schw, '300'::double precision)) AND (schw_3241.schw && st_expand(st_transform(s_3241.the_geom, 25833), '300'::double precision)) AND _st_dwithin(st_transform(s_3241.the_geom, 25833), schw_3241.schw, '300'::double precision))
                           ->  Function Scan on schw_3241  (cost=0.00..0.01 rows=1 width=32)
                           ->  Seq Scan on phoml_trajectory_tmp s_3241  (cost=0.00..95.68 rows=17 width=40)
                                 Filter: ((unix_time >= '1685451451.455'::double precision) AND (unix_time <= '1685451511.455'::double precision))
   ->  Subquery Scan on "*SELECT* 3243"  (cost=97.82..97.83 rows=1 width=76)
         ->  Limit  (cost=97.82..97.82 rows=1 width=84)
               ->  Sort  (cost=97.82..97.82 rows=1 width=84)
                     Sort Key: (st_distance(st_transform(s_3242.the_geom, 25833), schw_3242.schw))
                     ->  Nested Loop  (cost=0.00..97.81 rows=1 width=84)
                           Join Filter: ((st_transform(s_3242.the_geom, 25833) && st_expand(schw_3242.schw, '300'::double precision)) AND (schw_3242.schw && st_expand(st_transform(s_3242.the_geom, 25833), '300'::double precision)) AND _st_dwithin(st_transform(s_3242.the_geom, 25833), schw_3242.schw, '300'::double precision))
                           ->  Function Scan on schw_3242  (cost=0.00..0.01 rows=1 width=32)
                           ->  Seq Scan on phoml_trajectory_tmp s_3242  (cost=0.00..95.68 rows=17 width=40)
                                 Filter: ((unix_time >= '1685451451.795'::double precision) AND (unix_time <= '1685451511.795'::double precision))
   ->  Subquery Scan on "*SELECT* 3244"  (cost=97.82..97.83 rows=1 width=76)
         ->  Limit  (cost=97.82..97.82 rows=1 width=84)
               ->  Sort  (cost=97.82..97.82 rows=1 width=84)
                     Sort Key: (st_distance(st_transform(s_3243.the_geom, 25833), schw_3243.schw))
                     ->  Nested Loop  (cost=0.00..97.81 rows=1 width=84)
                           Join Filter: ((st_transform(s_3243.the_geom, 25833) && st_expand(schw_3243.schw, '300'::double precision)) AND (schw_3243.schw && st_expand(st_transform(s_3243.the_geom, 25833), '300'::double precision)) AND _st_dwithin(st_transform(s_3243.the_geom, 25833), schw_3243.schw, '300'::double precision))
                           ->  Function Scan on schw_3243  (cost=0.00..0.01 rows=1 width=32)
                           ->  Seq Scan on phoml_trajectory_tmp s_3243  (cost=0.00..95.68 rows=17 width=40)
                                 Filter: ((unix_time >= '1685451452.125'::double precision) AND (unix_time <= '1685451512.125'::double precision))
   ->  Subquery Scan on "*SELECT* 3245"  (cost=97.82..97.83 rows=1 width=76)
         ->  Limit  (cost=97.82..97.82 rows=1 width=84)
               ->  Sort  (cost=97.82..97.82 rows=1 width=84)
                     Sort Key: (st_distance(st_transform(s_3244.the_geom, 25833), schw_3244.schw))
                     ->  Nested Loop  (cost=0.00..97.81 rows=1 width=84)
                           Join Filter: ((st_transform(s_3244.the_geom, 25833) && st_expand(schw_3244.schw, '300'::double precision)) AND (schw_3244.schw && st_expand(st_transform(s_3244.the_geom, 25833), '300'::double precision)) AND _st_dwithin(st_transform(s_3244.the_geom, 25833), schw_3244.schw, '300'::double precision))
                           ->  Function Scan on schw_3244  (cost=0.00..0.01 rows=1 width=32)
                           ->  Seq Scan on phoml_trajectory_tmp s_3244  (cost=0.00..95.68 rows=17 width=40)
                                 Filter: ((unix_time >= '1685451452.48'::double precision) AND (unix_time <= '1685451512.48'::double precision))
   ->  Subquery Scan on "*SELECT* 3246"  (cost=97.82..97.83 rows=1 width=76)
         ->  Limit  (cost=97.82..97.82 rows=1 width=84)
               ->  Sort  (cost=97.82..97.82 rows=1 width=84)
                     Sort Key: (st_distance(st_transform(s_3245.the_geom, 25833), schw_3245.schw))
                     ->  Nested Loop  (cost=0.00..97.81 rows=1 width=84)
                           Join Filter: ((st_transform(s_3245.the_geom, 25833) && st_expand(schw_3245.schw, '300'::double precision)) AND (schw_3245.schw && st_expand(st_transform(s_3245.the_geom, 25833), '300'::double precision)) AND _st_dwithin(st_transform(s_3245.the_geom, 25833), schw_3245.schw, '300'::double precision))
                           ->  Function Scan on schw_3245  (cost=0.00..0.01 rows=1 width=32)
                           ->  Seq Scan on phoml_trajectory_tmp s_3245  (cost=0.00..95.68 rows=17 width=40)
                                 Filter: ((unix_time >= '1685451452.82'::double precision) AND (unix_time <= '1685451512.82'::double precision))
   ->  Subquery Scan on "*SELECT* 3247"  (cost=97.82..97.83 rows=1 width=76)
         ->  Limit  (cost=97.82..97.82 rows=1 width=84)
               ->  Sort  (cost=97.82..97.82 rows=1 width=84)
                     Sort Key: (st_distance(st_transform(s_3246.the_geom, 25833), schw_3246.schw))
                     ->  Nested Loop  (cost=0.00..97.81 rows=1 width=84)
                           Join Filter: ((st_transform(s_3246.the_geom, 25833) && st_expand(schw_3246.schw, '300'::double precision)) AND (schw_3246.schw && st_expand(st_transform(s_3246.the_geom, 25833), '300'::double precision)) AND _st_dwithin(st_transform(s_3246.the_geom, 25833), schw_3246.schw, '300'::double precision))
                           ->  Function Scan on schw_3246  (cost=0.00..0.01 rows=1 width=32)
                           ->  Seq Scan on phoml_trajectory_tmp s_3246  (cost=0.00..95.68 rows=17 width=40)
                                 Filter: ((unix_time >= '1685451453.146'::double precision) AND (unix_time <= '1685451513.146'::double precision))
   ->  Subquery Scan on "*SELECT* 3248"  (cost=97.82..97.83 rows=1 width=76)
         ->  Limit  (cost=97.82..97.82 rows=1 width=84)
               ->  Sort  (cost=97.82..97.82 rows=1 width=84)
                     Sort Key: (st_distance(st_transform(s_3247.the_geom, 25833), schw_3247.schw))
                     ->  Nested Loop  (cost=0.00..97.81 rows=1 width=84)
                           Join Filter: ((st_transform(s_3247.the_geom, 25833) && st_expand(schw_3247.schw, '300'::double precision)) AND (schw_3247.schw && st_expand(st_transform(s_3247.the_geom, 25833), '300'::double precision)) AND _st_dwithin(st_transform(s_3247.the_geom, 25833), schw_3247.schw, '300'::double precision))
                           ->  Function Scan on schw_3247  (cost=0.00..0.01 rows=1 width=32)
                           ->  Seq Scan on phoml_trajectory_tmp s_3247  (cost=0.00..95.68 rows=17 width=40)
                                 Filter: ((unix_time >= '1685451453.476'::double precision) AND (unix_time <= '1685451513.476'::double precision))
   ->  Subquery Scan on "*SELECT* 3249"  (cost=97.82..97.83 rows=1 width=76)
         ->  Limit  (cost=97.82..97.82 rows=1 width=84)
               ->  Sort  (cost=97.82..97.82 rows=1 width=84)
                     Sort Key: (st_distance(st_transform(s_3248.the_geom, 25833), schw_3248.schw))
                     ->  Nested Loop  (cost=0.00..97.81 rows=1 width=84)
                           Join Filter: ((st_transform(s_3248.the_geom, 25833) && st_expand(schw_3248.schw, '300'::double precision)) AND (schw_3248.schw && st_expand(st_transform(s_3248.the_geom, 25833), '300'::double precision)) AND _st_dwithin(st_transform(s_3248.the_geom, 25833), schw_3248.schw, '300'::double precision))
                           ->  Function Scan on schw_3248  (cost=0.00..0.01 rows=1 width=32)
                           ->  Seq Scan on phoml_trajectory_tmp s_3248  (cost=0.00..95.68 rows=17 width=40)
                                 Filter: ((unix_time >= '1685451453.816'::double precision) AND (unix_time <= '1685451513.816'::double precision))
   ->  Subquery Scan on "*SELECT* 3250"  (cost=97.82..97.83 rows=1 width=76)
         ->  Limit  (cost=97.82..97.82 rows=1 width=84)
               ->  Sort  (cost=97.82..97.82 rows=1 width=84)
                     Sort Key: (st_distance(st_transform(s_3249.the_geom, 25833), schw_3249.schw))
                     ->  Nested Loop  (cost=0.00..97.81 rows=1 width=84)
                           Join Filter: ((st_transform(s_3249.the_geom, 25833) && st_expand(schw_3249.schw, '300'::double precision)) AND (schw_3249.schw && st_expand(st_transform(s_3249.the_geom, 25833), '300'::double precision)) AND _st_dwithin(st_transform(s_3249.the_geom, 25833), schw_3249.schw, '300'::double precision))
                           ->  Function Scan on schw_3249  (cost=0.00..0.01 rows=1 width=32)
                           ->  Seq Scan on phoml_trajectory_tmp s_3249  (cost=0.00..95.68 rows=17 width=40)
                                 Filter: ((unix_time >= '1685451454.162'::double precision) AND (unix_time <= '1685451514.162'::double precision))
   ->  Subquery Scan on "*SELECT* 3251"  (cost=97.82..97.83 rows=1 width=76)
         ->  Limit  (cost=97.82..97.82 rows=1 width=84)
               ->  Sort  (cost=97.82..97.82 rows=1 width=84)
                     Sort Key: (st_distance(st_transform(s_3250.the_geom, 25833), schw_3250.schw))
                     ->  Nested Loop  (cost=0.00..97.81 rows=1 width=84)
                           Join Filter: ((st_transform(s_3250.the_geom, 25833) && st_expand(schw_3250.schw, '300'::double precision)) AND (schw_3250.schw && st_expand(st_transform(s_3250.the_geom, 25833), '300'::double precision)) AND _st_dwithin(st_transform(s_3250.the_geom, 25833), schw_3250.schw, '300'::double precision))
                           ->  Function Scan on schw_3250  (cost=0.00..0.01 rows=1 width=32)
                           ->  Seq Scan on phoml_trajectory_tmp s_3250  (cost=0.00..95.68 rows=17 width=40)
                                 Filter: ((unix_time >= '1685451454.502'::double precision) AND (unix_time <= '1685451514.502'::double precision))
   ->  Subquery Scan on "*SELECT* 3252"  (cost=97.82..97.83 rows=1 width=76)
         ->  Limit  (cost=97.82..97.82 rows=1 width=84)
               ->  Sort  (cost=97.82..97.82 rows=1 width=84)
                     Sort Key: (st_distance(st_transform(s_3251.the_geom, 25833), schw_3251.schw))
                     ->  Nested Loop  (cost=0.00..97.81 rows=1 width=84)
                           Join Filter: ((st_transform(s_3251.the_geom, 25833) && st_expand(schw_3251.schw, '300'::double precision)) AND (schw_3251.schw && st_expand(st_transform(s_3251.the_geom, 25833), '300'::double precision)) AND _st_dwithin(st_transform(s_3251.the_geom, 25833), schw_3251.schw, '300'::double precision))
                           ->  Function Scan on schw_3251  (cost=0.00..0.01 rows=1 width=32)
                           ->  Seq Scan on phoml_trajectory_tmp s_3251  (cost=0.00..95.68 rows=17 width=40)
                                 Filter: ((unix_time >= '1685451454.832'::double precision) AND (unix_time <= '1685451514.832'::double precision))
   ->  Subquery Scan on "*SELECT* 3253"  (cost=97.82..97.83 rows=1 width=76)
         ->  Limit  (cost=97.82..97.82 rows=1 width=84)
               ->  Sort  (cost=97.82..97.82 rows=1 width=84)
                     Sort Key: (st_distance(st_transform(s_3252.the_geom, 25833), schw_3252.schw))
                     ->  Nested Loop  (cost=0.00..97.81 rows=1 width=84)
                           Join Filter: ((st_transform(s_3252.the_geom, 25833) && st_expand(schw_3252.schw, '300'::double precision)) AND (schw_3252.schw && st_expand(st_transform(s_3252.the_geom, 25833), '300'::double precision)) AND _st_dwithin(st_transform(s_3252.the_geom, 25833), schw_3252.schw, '300'::double precision))
                           ->  Function Scan on schw_3252  (cost=0.00..0.01 rows=1 width=32)
                           ->  Seq Scan on phoml_trajectory_tmp s_3252  (cost=0.00..95.68 rows=17 width=40)
                                 Filter: ((unix_time >= '1685451455.169'::double precision) AND (unix_time <= '1685451515.169'::double precision))
   ->  Subquery Scan on "*SELECT* 3254"  (cost=97.82..97.83 rows=1 width=76)
         ->  Limit  (cost=97.82..97.82 rows=1 width=84)
               ->  Sort  (cost=97.82..97.82 rows=1 width=84)
                     Sort Key: (st_distance(st_transform(s_3253.the_geom, 25833), schw_3253.schw))
                     ->  Nested Loop  (cost=0.00..97.81 rows=1 width=84)
                           Join Filter: ((st_transform(s_3253.the_geom, 25833) && st_expand(schw_3253.schw, '300'::double precision)) AND (schw_3253.schw && st_expand(st_transform(s_3253.the_geom, 25833), '300'::double precision)) AND _st_dwithin(st_transform(s_3253.the_geom, 25833), schw_3253.schw, '300'::double precision))
                           ->  Function Scan on schw_3253  (cost=0.00..0.01 rows=1 width=32)
                           ->  Seq Scan on phoml_trajectory_tmp s_3253  (cost=0.00..95.68 rows=17 width=40)
                                 Filter: ((unix_time >= '1685451455.509'::double precision) AND (unix_time <= '1685451515.509'::double precision))
   ->  Subquery Scan on "*SELECT* 3255"  (cost=97.82..97.83 rows=1 width=76)
         ->  Limit  (cost=97.82..97.82 rows=1 width=84)
               ->  Sort  (cost=97.82..97.82 rows=1 width=84)
                     Sort Key: (st_distance(st_transform(s_3254.the_geom, 25833), schw_3254.schw))
                     ->  Nested Loop  (cost=0.00..97.81 rows=1 width=84)
                           Join Filter: ((st_transform(s_3254.the_geom, 25833) && st_expand(schw_3254.schw, '300'::double precision)) AND (schw_3254.schw && st_expand(st_transform(s_3254.the_geom, 25833), '300'::double precision)) AND _st_dwithin(st_transform(s_3254.the_geom, 25833), schw_3254.schw, '300'::double precision))
                           ->  Function Scan on schw_3254  (cost=0.00..0.01 rows=1 width=32)
                           ->  Seq Scan on phoml_trajectory_tmp s_3254  (cost=0.00..95.68 rows=17 width=40)
                                 Filter: ((unix_time >= '1685451455.829'::double precision) AND (unix_time <= '1685451515.829'::double precision))
   ->  Subquery Scan on "*SELECT* 3256"  (cost=97.82..97.83 rows=1 width=76)
         ->  Limit  (cost=97.82..97.82 rows=1 width=84)
               ->  Sort  (cost=97.82..97.82 rows=1 width=84)
                     Sort Key: (st_distance(st_transform(s_3255.the_geom, 25833), schw_3255.schw))
                     ->  Nested Loop  (cost=0.00..97.81 rows=1 width=84)
                           Join Filter: ((st_transform(s_3255.the_geom, 25833) && st_expand(schw_3255.schw, '300'::double precision)) AND (schw_3255.schw && st_expand(st_transform(s_3255.the_geom, 25833), '300'::double precision)) AND _st_dwithin(st_transform(s_3255.the_geom, 25833), schw_3255.schw, '300'::double precision))
                           ->  Function Scan on schw_3255  (cost=0.00..0.01 rows=1 width=32)
                           ->  Seq Scan on phoml_trajectory_tmp s_3255  (cost=0.00..95.68 rows=17 width=40)
                                 Filter: ((unix_time >= '1685451456.162'::double precision) AND (unix_time <= '1685451516.162'::double precision))
   ->  Subquery Scan on "*SELECT* 3257"  (cost=97.82..97.83 rows=1 width=76)
         ->  Limit  (cost=97.82..97.82 rows=1 width=84)
               ->  Sort  (cost=97.82..97.82 rows=1 width=84)
                     Sort Key: (st_distance(st_transform(s_3256.the_geom, 25833), schw_3256.schw))
                     ->  Nested Loop  (cost=0.00..97.81 rows=1 width=84)
                           Join Filter: ((st_transform(s_3256.the_geom, 25833) && st_expand(schw_3256.schw, '300'::double precision)) AND (schw_3256.schw && st_expand(st_transform(s_3256.the_geom, 25833), '300'::double precision)) AND _st_dwithin(st_transform(s_3256.the_geom, 25833), schw_3256.schw, '300'::double precision))
                           ->  Function Scan on schw_3256  (cost=0.00..0.01 rows=1 width=32)
                           ->  Seq Scan on phoml_trajectory_tmp s_3256  (cost=0.00..95.68 rows=17 width=40)
                                 Filter: ((unix_time >= '1685451456.502'::double precision) AND (unix_time <= '1685451516.502'::double precision))
   ->  Subquery Scan on "*SELECT* 3258"  (cost=97.82..97.83 rows=1 width=76)
         ->  Limit  (cost=97.82..97.82 rows=1 width=84)
               ->  Sort  (cost=97.82..97.82 rows=1 width=84)
                     Sort Key: (st_distance(st_transform(s_3257.the_geom, 25833), schw_3257.schw))
                     ->  Nested Loop  (cost=0.00..97.81 rows=1 width=84)
                           Join Filter: ((st_transform(s_3257.the_geom, 25833) && st_expand(schw_3257.schw, '300'::double precision)) AND (schw_3257.schw && st_expand(st_transform(s_3257.the_geom, 25833), '300'::double precision)) AND _st_dwithin(st_transform(s_3257.the_geom, 25833), schw_3257.schw, '300'::double precision))
                           ->  Function Scan on schw_3257  (cost=0.00..0.01 rows=1 width=32)
                           ->  Seq Scan on phoml_trajectory_tmp s_3257  (cost=0.00..95.68 rows=17 width=40)
                                 Filter: ((unix_time >= '1685451456.832'::double precision) AND (unix_time <= '1685451516.832'::double precision))
   ->  Subquery Scan on "*SELECT* 3259"  (cost=97.82..97.83 rows=1 width=76)
         ->  Limit  (cost=97.82..97.82 rows=1 width=84)
               ->  Sort  (cost=97.82..97.82 rows=1 width=84)
                     Sort Key: (st_distance(st_transform(s_3258.the_geom, 25833), schw_3258.schw))
                     ->  Nested Loop  (cost=0.00..97.81 rows=1 width=84)
                           Join Filter: ((st_transform(s_3258.the_geom, 25833) && st_expand(schw_3258.schw, '300'::double precision)) AND (schw_3258.schw && st_expand(st_transform(s_3258.the_geom, 25833), '300'::double precision)) AND _st_dwithin(st_transform(s_3258.the_geom, 25833), schw_3258.schw, '300'::double precision))
                           ->  Function Scan on schw_3258  (cost=0.00..0.01 rows=1 width=32)
                           ->  Seq Scan on phoml_trajectory_tmp s_3258  (cost=0.00..95.68 rows=17 width=40)
                                 Filter: ((unix_time >= '1685451457.17'::double precision) AND (unix_time <= '1685451517.17'::double precision))
   ->  Subquery Scan on "*SELECT* 3260"  (cost=97.82..97.83 rows=1 width=76)
         ->  Limit  (cost=97.82..97.82 rows=1 width=84)
               ->  Sort  (cost=97.82..97.82 rows=1 width=84)
                     Sort Key: (st_distance(st_transform(s_3259.the_geom, 25833), schw_3259.schw))
                     ->  Nested Loop  (cost=0.00..97.81 rows=1 width=84)
                           Join Filter: ((st_transform(s_3259.the_geom, 25833) && st_expand(schw_3259.schw, '300'::double precision)) AND (schw_3259.schw && st_expand(st_transform(s_3259.the_geom, 25833), '300'::double precision)) AND _st_dwithin(st_transform(s_3259.the_geom, 25833), schw_3259.schw, '300'::double precision))
                           ->  Function Scan on schw_3259  (cost=0.00..0.01 rows=1 width=32)
                           ->  Seq Scan on phoml_trajectory_tmp s_3259  (cost=0.00..95.68 rows=17 width=40)
                                 Filter: ((unix_time >= '1685451457.5'::double precision) AND (unix_time <= '1685451517.5'::double precision))
   ->  Subquery Scan on "*SELECT* 3261"  (cost=97.82..97.83 rows=1 width=76)
         ->  Limit  (cost=97.82..97.82 rows=1 width=84)
               ->  Sort  (cost=97.82..97.82 rows=1 width=84)
                     Sort Key: (st_distance(st_transform(s_3260.the_geom, 25833), schw_3260.schw))
                     ->  Nested Loop  (cost=0.00..97.81 rows=1 width=84)
                           Join Filter: ((st_transform(s_3260.the_geom, 25833) && st_expand(schw_3260.schw, '300'::double precision)) AND (schw_3260.schw && st_expand(st_transform(s_3260.the_geom, 25833), '300'::double precision)) AND _st_dwithin(st_transform(s_3260.the_geom, 25833), schw_3260.schw, '300'::double precision))
                           ->  Function Scan on schw_3260  (cost=0.00..0.01 rows=1 width=32)
                           ->  Seq Scan on phoml_trajectory_tmp s_3260  (cost=0.00..95.68 rows=17 width=40)
                                 Filter: ((unix_time >= '1685451457.82'::double precision) AND (unix_time <= '1685451517.82'::double precision))
   ->  Subquery Scan on "*SELECT* 3262"  (cost=97.82..97.83 rows=1 width=76)
         ->  Limit  (cost=97.82..97.82 rows=1 width=84)
               ->  Sort  (cost=97.82..97.82 rows=1 width=84)
                     Sort Key: (st_distance(st_transform(s_3261.the_geom, 25833), schw_3261.schw))
                     ->  Nested Loop  (cost=0.00..97.81 rows=1 width=84)
                           Join Filter: ((st_transform(s_3261.the_geom, 25833) && st_expand(schw_3261.schw, '300'::double precision)) AND (schw_3261.schw && st_expand(st_transform(s_3261.the_geom, 25833), '300'::double precision)) AND _st_dwithin(st_transform(s_3261.the_geom, 25833), schw_3261.schw, '300'::double precision))
                           ->  Function Scan on schw_3261  (cost=0.00..0.01 rows=1 width=32)
                           ->  Seq Scan on phoml_trajectory_tmp s_3261  (cost=0.00..95.68 rows=17 width=40)
                                 Filter: ((unix_time >= '1685451458.155'::double precision) AND (unix_time <= '1685451518.155'::double precision))
   ->  Subquery Scan on "*SELECT* 3263"  (cost=97.82..97.83 rows=1 width=76)
         ->  Limit  (cost=97.82..97.82 rows=1 width=84)
               ->  Sort  (cost=97.82..97.82 rows=1 width=84)
                     Sort Key: (st_distance(st_transform(s_3262.the_geom, 25833), schw_3262.schw))
                     ->  Nested Loop  (cost=0.00..97.81 rows=1 width=84)
                           Join Filter: ((st_transform(s_3262.the_geom, 25833) && st_expand(schw_3262.schw, '300'::double precision)) AND (schw_3262.schw && st_expand(st_transform(s_3262.the_geom, 25833), '300'::double precision)) AND _st_dwithin(st_transform(s_3262.the_geom, 25833), schw_3262.schw, '300'::double precision))
                           ->  Function Scan on schw_3262  (cost=0.00..0.01 rows=1 width=32)
                           ->  Seq Scan on phoml_trajectory_tmp s_3262  (cost=0.00..95.68 rows=17 width=40)
                                 Filter: ((unix_time >= '1685451458.485'::double precision) AND (unix_time <= '1685451518.485'::double precision))
   ->  Subquery Scan on "*SELECT* 3264"  (cost=97.82..97.83 rows=1 width=76)
         ->  Limit  (cost=97.82..97.82 rows=1 width=84)
               ->  Sort  (cost=97.82..97.82 rows=1 width=84)
                     Sort Key: (st_distance(st_transform(s_3263.the_geom, 25833), schw_3263.schw))
                     ->  Nested Loop  (cost=0.00..97.81 rows=1 width=84)
                           Join Filter: ((st_transform(s_3263.the_geom, 25833) && st_expand(schw_3263.schw, '300'::double precision)) AND (schw_3263.schw && st_expand(st_transform(s_3263.the_geom, 25833), '300'::double precision)) AND _st_dwithin(st_transform(s_3263.the_geom, 25833), schw_3263.schw, '300'::double precision))
                           ->  Function Scan on schw_3263  (cost=0.00..0.01 rows=1 width=32)
                           ->  Seq Scan on phoml_trajectory_tmp s_3263  (cost=0.00..95.68 rows=17 width=40)
                                 Filter: ((unix_time >= '1685451458.815'::double precision) AND (unix_time <= '1685451518.815'::double precision))
   ->  Subquery Scan on "*SELECT* 3265"  (cost=97.82..97.83 rows=1 width=76)
         ->  Limit  (cost=97.82..97.82 rows=1 width=84)
               ->  Sort  (cost=97.82..97.82 rows=1 width=84)
                     Sort Key: (st_distance(st_transform(s_3264.the_geom, 25833), schw_3264.schw))
                     ->  Nested Loop  (cost=0.00..97.81 rows=1 width=84)
                           Join Filter: ((st_transform(s_3264.the_geom, 25833) && st_expand(schw_3264.schw, '300'::double precision)) AND (schw_3264.schw && st_expand(st_transform(s_3264.the_geom, 25833), '300'::double precision)) AND _st_dwithin(st_transform(s_3264.the_geom, 25833), schw_3264.schw, '300'::double precision))
                           ->  Function Scan on schw_3264  (cost=0.00..0.01 rows=1 width=32)
                           ->  Seq Scan on phoml_trajectory_tmp s_3264  (cost=0.00..95.68 rows=17 width=40)
                                 Filter: ((unix_time >= '1685451459.149'::double precision) AND (unix_time <= '1685451519.149'::double precision))
   ->  Subquery Scan on "*SELECT* 3266"  (cost=97.82..97.83 rows=1 width=76)
         ->  Limit  (cost=97.82..97.82 rows=1 width=84)
               ->  Sort  (cost=97.82..97.82 rows=1 width=84)
                     Sort Key: (st_distance(st_transform(s_3265.the_geom, 25833), schw_3265.schw))
                     ->  Nested Loop  (cost=0.00..97.81 rows=1 width=84)
                           Join Filter: ((st_transform(s_3265.the_geom, 25833) && st_expand(schw_3265.schw, '300'::double precision)) AND (schw_3265.schw && st_expand(st_transform(s_3265.the_geom, 25833), '300'::double precision)) AND _st_dwithin(st_transform(s_3265.the_geom, 25833), schw_3265.schw, '300'::double precision))
                           ->  Function Scan on schw_3265  (cost=0.00..0.01 rows=1 width=32)
                           ->  Seq Scan on phoml_trajectory_tmp s_3265  (cost=0.00..95.68 rows=17 width=40)
                                 Filter: ((unix_time >= '1685451459.489'::double precision) AND (unix_time <= '1685451519.489'::double precision))
   ->  Subquery Scan on "*SELECT* 3267"  (cost=97.82..97.83 rows=1 width=76)
         ->  Limit  (cost=97.82..97.82 rows=1 width=84)
               ->  Sort  (cost=97.82..97.82 rows=1 width=84)
                     Sort Key: (st_distance(st_transform(s_3266.the_geom, 25833), schw_3266.schw))
                     ->  Nested Loop  (cost=0.00..97.81 rows=1 width=84)
                           Join Filter: ((st_transform(s_3266.the_geom, 25833) && st_expand(schw_3266.schw, '300'::double precision)) AND (schw_3266.schw && st_expand(st_transform(s_3266.the_geom, 25833), '300'::double precision)) AND _st_dwithin(st_transform(s_3266.the_geom, 25833), schw_3266.schw, '300'::double precision))
                           ->  Function Scan on schw_3266  (cost=0.00..0.01 rows=1 width=32)
                           ->  Seq Scan on phoml_trajectory_tmp s_3266  (cost=0.00..95.68 rows=17 width=40)
                                 Filter: ((unix_time >= '1685451459.819'::double precision) AND (unix_time <= '1685451519.819'::double precision))
   ->  Subquery Scan on "*SELECT* 3268"  (cost=97.82..97.83 rows=1 width=76)
         ->  Limit  (cost=97.82..97.82 rows=1 width=84)
               ->  Sort  (cost=97.82..97.82 rows=1 width=84)
                     Sort Key: (st_distance(st_transform(s_3267.the_geom, 25833), schw_3267.schw))
                     ->  Nested Loop  (cost=0.00..97.81 rows=1 width=84)
                           Join Filter: ((st_transform(s_3267.the_geom, 25833) && st_expand(schw_3267.schw, '300'::double precision)) AND (schw_3267.schw && st_expand(st_transform(s_3267.the_geom, 25833), '300'::double precision)) AND _st_dwithin(st_transform(s_3267.the_geom, 25833), schw_3267.schw, '300'::double precision))
                           ->  Function Scan on schw_3267  (cost=0.00..0.01 rows=1 width=32)
                           ->  Seq Scan on phoml_trajectory_tmp s_3267  (cost=0.00..95.68 rows=17 width=40)
                                 Filter: ((unix_time >= '1685451460.154'::double precision) AND (unix_time <= '1685451520.154'::double precision))
   ->  Subquery Scan on "*SELECT* 3269"  (cost=97.82..97.83 rows=1 width=76)
         ->  Limit  (cost=97.82..97.82 rows=1 width=84)
               ->  Sort  (cost=97.82..97.82 rows=1 width=84)
                     Sort Key: (st_distance(st_transform(s_3268.the_geom, 25833), schw_3268.schw))
                     ->  Nested Loop  (cost=0.00..97.81 rows=1 width=84)
                           Join Filter: ((st_transform(s_3268.the_geom, 25833) && st_expand(schw_3268.schw, '300'::double precision)) AND (schw_3268.schw && st_expand(st_transform(s_3268.the_geom, 25833), '300'::double precision)) AND _st_dwithin(st_transform(s_3268.the_geom, 25833), schw_3268.schw, '300'::double precision))
                           ->  Function Scan on schw_3268  (cost=0.00..0.01 rows=1 width=32)
                           ->  Seq Scan on phoml_trajectory_tmp s_3268  (cost=0.00..95.68 rows=17 width=40)
                                 Filter: ((unix_time >= '1685451460.494'::double precision) AND (unix_time <= '1685451520.494'::double precision))
   ->  Subquery Scan on "*SELECT* 3270"  (cost=97.82..97.83 rows=1 width=76)
         ->  Limit  (cost=97.82..97.82 rows=1 width=84)
               ->  Sort  (cost=97.82..97.82 rows=1 width=84)
                     Sort Key: (st_distance(st_transform(s_3269.the_geom, 25833), schw_3269.schw))
                     ->  Nested Loop  (cost=0.00..97.81 rows=1 width=84)
                           Join Filter: ((st_transform(s_3269.the_geom, 25833) && st_expand(schw_3269.schw, '300'::double precision)) AND (schw_3269.schw && st_expand(st_transform(s_3269.the_geom, 25833), '300'::double precision)) AND _st_dwithin(st_transform(s_3269.the_geom, 25833), schw_3269.schw, '300'::double precision))
                           ->  Function Scan on schw_3269  (cost=0.00..0.01 rows=1 width=32)
                           ->  Seq Scan on phoml_trajectory_tmp s_3269  (cost=0.00..95.68 rows=17 width=40)
                                 Filter: ((unix_time >= '1685451460.824'::double precision) AND (unix_time <= '1685451520.824'::double precision))
   ->  Subquery Scan on "*SELECT* 3271"  (cost=97.82..97.83 rows=1 width=76)
         ->  Limit  (cost=97.82..97.82 rows=1 width=84)
               ->  Sort  (cost=97.82..97.82 rows=1 width=84)
                     Sort Key: (st_distance(st_transform(s_3270.the_geom, 25833), schw_3270.schw))
                     ->  Nested Loop  (cost=0.00..97.81 rows=1 width=84)
                           Join Filter: ((st_transform(s_3270.the_geom, 25833) && st_expand(schw_3270.schw, '300'::double precision)) AND (schw_3270.schw && st_expand(st_transform(s_3270.the_geom, 25833), '300'::double precision)) AND _st_dwithin(st_transform(s_3270.the_geom, 25833), schw_3270.schw, '300'::double precision))
                           ->  Function Scan on schw_3270  (cost=0.00..0.01 rows=1 width=32)
                           ->  Seq Scan on phoml_trajectory_tmp s_3270  (cost=0.00..95.68 rows=17 width=40)
                                 Filter: ((unix_time >= '1685451461.162'::double precision) AND (unix_time <= '1685451521.162'::double precision))
   ->  Subquery Scan on "*SELECT* 3272"  (cost=97.82..97.83 rows=1 width=76)
         ->  Limit  (cost=97.82..97.82 rows=1 width=84)
               ->  Sort  (cost=97.82..97.82 rows=1 width=84)
                     Sort Key: (st_distance(st_transform(s_3271.the_geom, 25833), schw_3271.schw))
                     ->  Nested Loop  (cost=0.00..97.81 rows=1 width=84)
                           Join Filter: ((st_transform(s_3271.the_geom, 25833) && st_expand(schw_3271.schw, '300'::double precision)) AND (schw_3271.schw && st_expand(st_transform(s_3271.the_geom, 25833), '300'::double precision)) AND _st_dwithin(st_transform(s_3271.the_geom, 25833), schw_3271.schw, '300'::double precision))
                           ->  Function Scan on schw_3271  (cost=0.00..0.01 rows=1 width=32)
                           ->  Seq Scan on phoml_trajectory_tmp s_3271  (cost=0.00..95.68 rows=17 width=40)
                                 Filter: ((unix_time >= '1685451461.502'::double precision) AND (unix_time <= '1685451521.502'::double precision))
   ->  Subquery Scan on "*SELECT* 3273"  (cost=97.82..97.83 rows=1 width=76)
         ->  Limit  (cost=97.82..97.82 rows=1 width=84)
               ->  Sort  (cost=97.82..97.82 rows=1 width=84)
                     Sort Key: (st_distance(st_transform(s_3272.the_geom, 25833), schw_3272.schw))
                     ->  Nested Loop  (cost=0.00..97.81 rows=1 width=84)
                           Join Filter: ((st_transform(s_3272.the_geom, 25833) && st_expand(schw_3272.schw, '300'::double precision)) AND (schw_3272.schw && st_expand(st_transform(s_3272.the_geom, 25833), '300'::double precision)) AND _st_dwithin(st_transform(s_3272.the_geom, 25833), schw_3272.schw, '300'::double precision))
                           ->  Function Scan on schw_3272  (cost=0.00..0.01 rows=1 width=32)
                           ->  Seq Scan on phoml_trajectory_tmp s_3272  (cost=0.00..95.68 rows=17 width=40)
                                 Filter: ((unix_time >= '1685451461.832'::double precision) AND (unix_time <= '1685451521.832'::double precision))
   ->  Subquery Scan on "*SELECT* 3274"  (cost=97.82..97.83 rows=1 width=76)
         ->  Limit  (cost=97.82..97.82 rows=1 width=84)
               ->  Sort  (cost=97.82..97.82 rows=1 width=84)
                     Sort Key: (st_distance(st_transform(s_3273.the_geom, 25833), schw_3273.schw))
                     ->  Nested Loop  (cost=0.00..97.81 rows=1 width=84)
                           Join Filter: ((st_transform(s_3273.the_geom, 25833) && st_expand(schw_3273.schw, '300'::double precision)) AND (schw_3273.schw && st_expand(st_transform(s_3273.the_geom, 25833), '300'::double precision)) AND _st_dwithin(st_transform(s_3273.the_geom, 25833), schw_3273.schw, '300'::double precision))
                           ->  Function Scan on schw_3273  (cost=0.00..0.01 rows=1 width=32)
                           ->  Seq Scan on phoml_trajectory_tmp s_3273  (cost=0.00..95.68 rows=17 width=40)
                                 Filter: ((unix_time >= '1685451462.167'::double precision) AND (unix_time <= '1685451522.167'::double precision))
   ->  Subquery Scan on "*SELECT* 3275"  (cost=97.82..97.83 rows=1 width=76)
         ->  Limit  (cost=97.82..97.82 rows=1 width=84)
               ->  Sort  (cost=97.82..97.82 rows=1 width=84)
                     Sort Key: (st_distance(st_transform(s_3274.the_geom, 25833), schw_3274.schw))
                     ->  Nested Loop  (cost=0.00..97.81 rows=1 width=84)
                           Join Filter: ((st_transform(s_3274.the_geom, 25833) && st_expand(schw_3274.schw, '300'::double precision)) AND (schw_3274.schw && st_expand(st_transform(s_3274.the_geom, 25833), '300'::double precision)) AND _st_dwithin(st_transform(s_3274.the_geom, 25833), schw_3274.schw, '300'::double precision))
                           ->  Function Scan on schw_3274  (cost=0.00..0.01 rows=1 width=32)
                           ->  Seq Scan on phoml_trajectory_tmp s_3274  (cost=0.00..95.68 rows=17 width=40)
                                 Filter: ((unix_time >= '1685451462.527'::double precision) AND (unix_time <= '1685451522.527'::double precision))
   ->  Subquery Scan on "*SELECT* 3276"  (cost=97.82..97.83 rows=1 width=76)
         ->  Limit  (cost=97.82..97.82 rows=1 width=84)
               ->  Sort  (cost=97.82..97.82 rows=1 width=84)
                     Sort Key: (st_distance(st_transform(s_3275.the_geom, 25833), schw_3275.schw))
                     ->  Nested Loop  (cost=0.00..97.81 rows=1 width=84)
                           Join Filter: ((st_transform(s_3275.the_geom, 25833) && st_expand(schw_3275.schw, '300'::double precision)) AND (schw_3275.schw && st_expand(st_transform(s_3275.the_geom, 25833), '300'::double precision)) AND _st_dwithin(st_transform(s_3275.the_geom, 25833), schw_3275.schw, '300'::double precision))
                           ->  Function Scan on schw_3275  (cost=0.00..0.01 rows=1 width=32)
                           ->  Seq Scan on phoml_trajectory_tmp s_3275  (cost=0.00..95.68 rows=17 width=40)
                                 Filter: ((unix_time >= '1685451462.867'::double precision) AND (unix_time <= '1685451522.867'::double precision))
   ->  Subquery Scan on "*SELECT* 3277"  (cost=97.82..97.83 rows=1 width=76)
         ->  Limit  (cost=97.82..97.82 rows=1 width=84)
               ->  Sort  (cost=97.82..97.82 rows=1 width=84)
                     Sort Key: (st_distance(st_transform(s_3276.the_geom, 25833), schw_3276.schw))
                     ->  Nested Loop  (cost=0.00..97.81 rows=1 width=84)
                           Join Filter: ((st_transform(s_3276.the_geom, 25833) && st_expand(schw_3276.schw, '300'::double precision)) AND (schw_3276.schw && st_expand(st_transform(s_3276.the_geom, 25833), '300'::double precision)) AND _st_dwithin(st_transform(s_3276.the_geom, 25833), schw_3276.schw, '300'::double precision))
                           ->  Function Scan on schw_3276  (cost=0.00..0.01 rows=1 width=32)
                           ->  Seq Scan on phoml_trajectory_tmp s_3276  (cost=0.00..95.68 rows=17 width=40)
                                 Filter: ((unix_time >= '1685451463.221'::double precision) AND (unix_time <= '1685451523.221'::double precision))
   ->  Subquery Scan on "*SELECT* 3278"  (cost=97.82..97.83 rows=1 width=76)
         ->  Limit  (cost=97.82..97.82 rows=1 width=84)
               ->  Sort  (cost=97.82..97.82 rows=1 width=84)
                     Sort Key: (st_distance(st_transform(s_3277.the_geom, 25833), schw_3277.schw))
                     ->  Nested Loop  (cost=0.00..97.81 rows=1 width=84)
                           Join Filter: ((st_transform(s_3277.the_geom, 25833) && st_expand(schw_3277.schw, '300'::double precision)) AND (schw_3277.schw && st_expand(st_transform(s_3277.the_geom, 25833), '300'::double precision)) AND _st_dwithin(st_transform(s_3277.the_geom, 25833), schw_3277.schw, '300'::double precision))
                           ->  Function Scan on schw_3277  (cost=0.00..0.01 rows=1 width=32)
                           ->  Seq Scan on phoml_trajectory_tmp s_3277  (cost=0.00..95.68 rows=17 width=40)
                                 Filter: ((unix_time >= '1685451463.551'::double precision) AND (unix_time <= '1685451523.551'::double precision))
   ->  Subquery Scan on "*SELECT* 3279"  (cost=97.82..97.83 rows=1 width=76)
         ->  Limit  (cost=97.82..97.82 rows=1 width=84)
               ->  Sort  (cost=97.82..97.82 rows=1 width=84)
                     Sort Key: (st_distance(st_transform(s_3278.the_geom, 25833), schw_3278.schw))
                     ->  Nested Loop  (cost=0.00..97.81 rows=1 width=84)
                           Join Filter: ((st_transform(s_3278.the_geom, 25833) && st_expand(schw_3278.schw, '300'::double precision)) AND (schw_3278.schw && st_expand(st_transform(s_3278.the_geom, 25833), '300'::double precision)) AND _st_dwithin(st_transform(s_3278.the_geom, 25833), schw_3278.schw, '300'::double precision))
                           ->  Function Scan on schw_3278  (cost=0.00..0.01 rows=1 width=32)
                           ->  Seq Scan on phoml_trajectory_tmp s_3278  (cost=0.00..95.68 rows=17 width=40)
                                 Filter: ((unix_time >= '1685451463.901'::double precision) AND (unix_time <= '1685451523.901'::double precision))
   ->  Subquery Scan on "*SELECT* 3280"  (cost=97.82..97.83 rows=1 width=76)
         ->  Limit  (cost=97.82..97.82 rows=1 width=84)
               ->  Sort  (cost=97.82..97.82 rows=1 width=84)
                     Sort Key: (st_distance(st_transform(s_3279.the_geom, 25833), schw_3279.schw))
                     ->  Nested Loop  (cost=0.00..97.81 rows=1 width=84)
                           Join Filter: ((st_transform(s_3279.the_geom, 25833) && st_expand(schw_3279.schw, '300'::double precision)) AND (schw_3279.schw && st_expand(st_transform(s_3279.the_geom, 25833), '300'::double precision)) AND _st_dwithin(st_transform(s_3279.the_geom, 25833), schw_3279.schw, '300'::double precision))
                           ->  Function Scan on schw_3279  (cost=0.00..0.01 rows=1 width=32)
                           ->  Seq Scan on phoml_trajectory_tmp s_3279  (cost=0.00..95.68 rows=17 width=40)
                                 Filter: ((unix_time >= '1685451464.247'::double precision) AND (unix_time <= '1685451524.247'::double precision))
   ->  Subquery Scan on "*SELECT* 3281"  (cost=97.82..97.83 rows=1 width=76)
         ->  Limit  (cost=97.82..97.82 rows=1 width=84)
               ->  Sort  (cost=97.82..97.82 rows=1 width=84)
                     Sort Key: (st_distance(st_transform(s_3280.the_geom, 25833), schw_3280.schw))
                     ->  Nested Loop  (cost=0.00..97.81 rows=1 width=84)
                           Join Filter: ((st_transform(s_3280.the_geom, 25833) && st_expand(schw_3280.schw, '300'::double precision)) AND (schw_3280.schw && st_expand(st_transform(s_3280.the_geom, 25833), '300'::double precision)) AND _st_dwithin(st_transform(s_3280.the_geom, 25833), schw_3280.schw, '300'::double precision))
                           ->  Function Scan on schw_3280  (cost=0.00..0.01 rows=1 width=32)
                           ->  Seq Scan on phoml_trajectory_tmp s_3280  (cost=0.00..95.68 rows=17 width=40)
                                 Filter: ((unix_time >= '1685451464.587'::double precision) AND (unix_time <= '1685451524.587'::double precision))
   ->  Subquery Scan on "*SELECT* 3282"  (cost=97.82..97.83 rows=1 width=76)
         ->  Limit  (cost=97.82..97.82 rows=1 width=84)
               ->  Sort  (cost=97.82..97.82 rows=1 width=84)
                     Sort Key: (st_distance(st_transform(s_3281.the_geom, 25833), schw_3281.schw))
                     ->  Nested Loop  (cost=0.00..97.81 rows=1 width=84)
                           Join Filter: ((st_transform(s_3281.the_geom, 25833) && st_expand(schw_3281.schw, '300'::double precision)) AND (schw_3281.schw && st_expand(st_transform(s_3281.the_geom, 25833), '300'::double precision)) AND _st_dwithin(st_transform(s_3281.the_geom, 25833), schw_3281.schw, '300'::double precision))
                           ->  Function Scan on schw_3281  (cost=0.00..0.01 rows=1 width=32)
                           ->  Seq Scan on phoml_trajectory_tmp s_3281  (cost=0.00..95.68 rows=17 width=40)
                                 Filter: ((unix_time >= '1685451464.927'::double precision) AND (unix_time <= '1685451524.927'::double precision))
   ->  Subquery Scan on "*SELECT* 3283"  (cost=97.82..97.83 rows=1 width=76)
         ->  Limit  (cost=97.82..97.82 rows=1 width=84)
               ->  Sort  (cost=97.82..97.82 rows=1 width=84)
                     Sort Key: (st_distance(st_transform(s_3282.the_geom, 25833), schw_3282.schw))
                     ->  Nested Loop  (cost=0.00..97.81 rows=1 width=84)
                           Join Filter: ((st_transform(s_3282.the_geom, 25833) && st_expand(schw_3282.schw, '300'::double precision)) AND (schw_3282.schw && st_expand(st_transform(s_3282.the_geom, 25833), '300'::double precision)) AND _st_dwithin(st_transform(s_3282.the_geom, 25833), schw_3282.schw, '300'::double precision))
                           ->  Function Scan on schw_3282  (cost=0.00..0.01 rows=1 width=32)
                           ->  Seq Scan on phoml_trajectory_tmp s_3282  (cost=0.00..95.68 rows=17 width=40)
                                 Filter: ((unix_time >= '1685451465.274'::double precision) AND (unix_time <= '1685451525.274'::double precision))
   ->  Subquery Scan on "*SELECT* 3284"  (cost=97.82..97.83 rows=1 width=76)
         ->  Limit  (cost=97.82..97.82 rows=1 width=84)
               ->  Sort  (cost=97.82..97.82 rows=1 width=84)
                     Sort Key: (st_distance(st_transform(s_3283.the_geom, 25833), schw_3283.schw))
                     ->  Nested Loop  (cost=0.00..97.81 rows=1 width=84)
                           Join Filter: ((st_transform(s_3283.the_geom, 25833) && st_expand(schw_3283.schw, '300'::double precision)) AND (schw_3283.schw && st_expand(st_transform(s_3283.the_geom, 25833), '300'::double precision)) AND _st_dwithin(st_transform(s_3283.the_geom, 25833), schw_3283.schw, '300'::double precision))
                           ->  Function Scan on schw_3283  (cost=0.00..0.01 rows=1 width=32)
                           ->  Seq Scan on phoml_trajectory_tmp s_3283  (cost=0.00..95.68 rows=17 width=40)
                                 Filter: ((unix_time >= '1685451465.634'::double precision) AND (unix_time <= '1685451525.634'::double precision))
   ->  Subquery Scan on "*SELECT* 3285"  (cost=97.82..97.83 rows=1 width=76)
         ->  Limit  (cost=97.82..97.82 rows=1 width=84)
               ->  Sort  (cost=97.82..97.82 rows=1 width=84)
                     Sort Key: (st_distance(st_transform(s_3284.the_geom, 25833), schw_3284.schw))
                     ->  Nested Loop  (cost=0.00..97.81 rows=1 width=84)
                           Join Filter: ((st_transform(s_3284.the_geom, 25833) && st_expand(schw_3284.schw, '300'::double precision)) AND (schw_3284.schw && st_expand(st_transform(s_3284.the_geom, 25833), '300'::double precision)) AND _st_dwithin(st_transform(s_3284.the_geom, 25833), schw_3284.schw, '300'::double precision))
                           ->  Function Scan on schw_3284  (cost=0.00..0.01 rows=1 width=32)
                           ->  Seq Scan on phoml_trajectory_tmp s_3284  (cost=0.00..95.68 rows=17 width=40)
                                 Filter: ((unix_time >= '1685451465.974'::double precision) AND (unix_time <= '1685451525.974'::double precision))
   ->  Subquery Scan on "*SELECT* 3286"  (cost=97.82..97.83 rows=1 width=76)
         ->  Limit  (cost=97.82..97.82 rows=1 width=84)
               ->  Sort  (cost=97.82..97.82 rows=1 width=84)
                     Sort Key: (st_distance(st_transform(s_3285.the_geom, 25833), schw_3285.schw))
                     ->  Nested Loop  (cost=0.00..97.81 rows=1 width=84)
                           Join Filter: ((st_transform(s_3285.the_geom, 25833) && st_expand(schw_3285.schw, '300'::double precision)) AND (schw_3285.schw && st_expand(st_transform(s_3285.the_geom, 25833), '300'::double precision)) AND _st_dwithin(st_transform(s_3285.the_geom, 25833), schw_3285.schw, '300'::double precision))
                           ->  Function Scan on schw_3285  (cost=0.00..0.01 rows=1 width=32)
                           ->  Seq Scan on phoml_trajectory_tmp s_3285  (cost=0.00..95.68 rows=17 width=40)
                                 Filter: ((unix_time >= '1685451466.319'::double precision) AND (unix_time <= '1685451526.319'::double precision))
   ->  Subquery Scan on "*SELECT* 3287"  (cost=97.82..97.83 rows=1 width=76)
         ->  Limit  (cost=97.82..97.82 rows=1 width=84)
               ->  Sort  (cost=97.82..97.82 rows=1 width=84)
                     Sort Key: (st_distance(st_transform(s_3286.the_geom, 25833), schw_3286.schw))
                     ->  Nested Loop  (cost=0.00..97.81 rows=1 width=84)
                           Join Filter: ((st_transform(s_3286.the_geom, 25833) && st_expand(schw_3286.schw, '300'::double precision)) AND (schw_3286.schw && st_expand(st_transform(s_3286.the_geom, 25833), '300'::double precision)) AND _st_dwithin(st_transform(s_3286.the_geom, 25833), schw_3286.schw, '300'::double precision))
                           ->  Function Scan on schw_3286  (cost=0.00..0.01 rows=1 width=32)
                           ->  Seq Scan on phoml_trajectory_tmp s_3286  (cost=0.00..95.68 rows=17 width=40)
                                 Filter: ((unix_time >= '1685451466.649'::double precision) AND (unix_time <= '1685451526.649'::double precision))
   ->  Subquery Scan on "*SELECT* 3288"  (cost=97.82..97.83 rows=1 width=76)
         ->  Limit  (cost=97.82..97.82 rows=1 width=84)
               ->  Sort  (cost=97.82..97.82 rows=1 width=84)
                     Sort Key: (st_distance(st_transform(s_3287.the_geom, 25833), schw_3287.schw))
                     ->  Nested Loop  (cost=0.00..97.81 rows=1 width=84)
                           Join Filter: ((st_transform(s_3287.the_geom, 25833) && st_expand(schw_3287.schw, '300'::double precision)) AND (schw_3287.schw && st_expand(st_transform(s_3287.the_geom, 25833), '300'::double precision)) AND _st_dwithin(st_transform(s_3287.the_geom, 25833), schw_3287.schw, '300'::double precision))
                           ->  Function Scan on schw_3287  (cost=0.00..0.01 rows=1 width=32)
                           ->  Seq Scan on phoml_trajectory_tmp s_3287  (cost=0.00..95.68 rows=17 width=40)
                                 Filter: ((unix_time >= '1685451466.989'::double precision) AND (unix_time <= '1685451526.989'::double precision))
   ->  Subquery Scan on "*SELECT* 3289"  (cost=97.82..97.83 rows=1 width=76)
         ->  Limit  (cost=97.82..97.82 rows=1 width=84)
               ->  Sort  (cost=97.82..97.82 rows=1 width=84)
                     Sort Key: (st_distance(st_transform(s_3288.the_geom, 25833), schw_3288.schw))
                     ->  Nested Loop  (cost=0.00..97.81 rows=1 width=84)
                           Join Filter: ((st_transform(s_3288.the_geom, 25833) && st_expand(schw_3288.schw, '300'::double precision)) AND (schw_3288.schw && st_expand(st_transform(s_3288.the_geom, 25833), '300'::double precision)) AND _st_dwithin(st_transform(s_3288.the_geom, 25833), schw_3288.schw, '300'::double precision))
                           ->  Function Scan on schw_3288  (cost=0.00..0.01 rows=1 width=32)
                           ->  Seq Scan on phoml_trajectory_tmp s_3288  (cost=0.00..95.68 rows=17 width=40)
                                 Filter: ((unix_time >= '1685451467.323'::double precision) AND (unix_time <= '1685451527.323'::double precision))
   ->  Subquery Scan on "*SELECT* 3290"  (cost=97.82..97.83 rows=1 width=76)
         ->  Limit  (cost=97.82..97.82 rows=1 width=84)
               ->  Sort  (cost=97.82..97.82 rows=1 width=84)
                     Sort Key: (st_distance(st_transform(s_3289.the_geom, 25833), schw_3289.schw))
                     ->  Nested Loop  (cost=0.00..97.81 rows=1 width=84)
                           Join Filter: ((st_transform(s_3289.the_geom, 25833) && st_expand(schw_3289.schw, '300'::double precision)) AND (schw_3289.schw && st_expand(st_transform(s_3289.the_geom, 25833), '300'::double precision)) AND _st_dwithin(st_transform(s_3289.the_geom, 25833), schw_3289.schw, '300'::double precision))
                           ->  Function Scan on schw_3289  (cost=0.00..0.01 rows=1 width=32)
                           ->  Seq Scan on phoml_trajectory_tmp s_3289  (cost=0.00..95.68 rows=17 width=40)
                                 Filter: ((unix_time >= '1685451467.673'::double precision) AND (unix_time <= '1685451527.673'::double precision))
   ->  Subquery Scan on "*SELECT* 3291"  (cost=97.82..97.83 rows=1 width=76)
         ->  Limit  (cost=97.82..97.82 rows=1 width=84)
               ->  Sort  (cost=97.82..97.82 rows=1 width=84)
                     Sort Key: (st_distance(st_transform(s_3290.the_geom, 25833), schw_3290.schw))
                     ->  Nested Loop  (cost=0.00..97.81 rows=1 width=84)
                           Join Filter: ((st_transform(s_3290.the_geom, 25833) && st_expand(schw_3290.schw, '300'::double precision)) AND (schw_3290.schw && st_expand(st_transform(s_3290.the_geom, 25833), '300'::double precision)) AND _st_dwithin(st_transform(s_3290.the_geom, 25833), schw_3290.schw, '300'::double precision))
                           ->  Function Scan on schw_3290  (cost=0.00..0.01 rows=1 width=32)
                           ->  Seq Scan on phoml_trajectory_tmp s_3290  (cost=0.00..95.68 rows=17 width=40)
                                 Filter: ((unix_time >= '1685451467.993'::double precision) AND (unix_time <= '1685451527.993'::double precision))
   ->  Subquery Scan on "*SELECT* 3292"  (cost=97.82..97.83 rows=1 width=76)
         ->  Limit  (cost=97.82..97.82 rows=1 width=84)
               ->  Sort  (cost=97.82..97.82 rows=1 width=84)
                     Sort Key: (st_distance(st_transform(s_3291.the_geom, 25833), schw_3291.schw))
                     ->  Nested Loop  (cost=0.00..97.81 rows=1 width=84)
                           Join Filter: ((st_transform(s_3291.the_geom, 25833) && st_expand(schw_3291.schw, '300'::double precision)) AND (schw_3291.schw && st_expand(st_transform(s_3291.the_geom, 25833), '300'::double precision)) AND _st_dwithin(st_transform(s_3291.the_geom, 25833), schw_3291.schw, '300'::double precision))
                           ->  Function Scan on schw_3291  (cost=0.00..0.01 rows=1 width=32)
                           ->  Seq Scan on phoml_trajectory_tmp s_3291  (cost=0.00..95.68 rows=17 width=40)
                                 Filter: ((unix_time >= '1685451468.344'::double precision) AND (unix_time <= '1685451528.344'::double precision))
   ->  Subquery Scan on "*SELECT* 3293"  (cost=97.82..97.83 rows=1 width=76)
         ->  Limit  (cost=97.82..97.82 rows=1 width=84)
               ->  Sort  (cost=97.82..97.82 rows=1 width=84)
                     Sort Key: (st_distance(st_transform(s_3292.the_geom, 25833), schw_3292.schw))
                     ->  Nested Loop  (cost=0.00..97.81 rows=1 width=84)
                           Join Filter: ((st_transform(s_3292.the_geom, 25833) && st_expand(schw_3292.schw, '300'::double precision)) AND (schw_3292.schw && st_expand(st_transform(s_3292.the_geom, 25833), '300'::double precision)) AND _st_dwithin(st_transform(s_3292.the_geom, 25833), schw_3292.schw, '300'::double precision))
                           ->  Function Scan on schw_3292  (cost=0.00..0.01 rows=1 width=32)
                           ->  Seq Scan on phoml_trajectory_tmp s_3292  (cost=0.00..95.68 rows=17 width=40)
                                 Filter: ((unix_time >= '1685451468.664'::double precision) AND (unix_time <= '1685451528.664'::double precision))
   ->  Subquery Scan on "*SELECT* 3294"  (cost=97.82..97.83 rows=1 width=76)
         ->  Limit  (cost=97.82..97.82 rows=1 width=84)
               ->  Sort  (cost=97.82..97.82 rows=1 width=84)
                     Sort Key: (st_distance(st_transform(s_3293.the_geom, 25833), schw_3293.schw))
                     ->  Nested Loop  (cost=0.00..97.81 rows=1 width=84)
                           Join Filter: ((st_transform(s_3293.the_geom, 25833) && st_expand(schw_3293.schw, '300'::double precision)) AND (schw_3293.schw && st_expand(st_transform(s_3293.the_geom, 25833), '300'::double precision)) AND _st_dwithin(st_transform(s_3293.the_geom, 25833), schw_3293.schw, '300'::double precision))
                           ->  Function Scan on schw_3293  (cost=0.00..0.01 rows=1 width=32)
                           ->  Seq Scan on phoml_trajectory_tmp s_3293  (cost=0.00..95.68 rows=17 width=40)
                                 Filter: ((unix_time >= '1685451468.994'::double precision) AND (unix_time <= '1685451528.994'::double precision))
   ->  Subquery Scan on "*SELECT* 3295"  (cost=97.82..97.83 rows=1 width=76)
         ->  Limit  (cost=97.82..97.82 rows=1 width=84)
               ->  Sort  (cost=97.82..97.82 rows=1 width=84)
                     Sort Key: (st_distance(st_transform(s_3294.the_geom, 25833), schw_3294.schw))
                     ->  Nested Loop  (cost=0.00..97.81 rows=1 width=84)
                           Join Filter: ((st_transform(s_3294.the_geom, 25833) && st_expand(schw_3294.schw, '300'::double precision)) AND (schw_3294.schw && st_expand(st_transform(s_3294.the_geom, 25833), '300'::double precision)) AND _st_dwithin(st_transform(s_3294.the_geom, 25833), schw_3294.schw, '300'::double precision))
                           ->  Function Scan on schw_3294  (cost=0.00..0.01 rows=1 width=32)
                           ->  Seq Scan on phoml_trajectory_tmp s_3294  (cost=0.00..95.68 rows=17 width=40)
                                 Filter: ((unix_time >= '1685451469.32'::double precision) AND (unix_time <= '1685451529.32'::double precision))
   ->  Subquery Scan on "*SELECT* 3296"  (cost=97.82..97.83 rows=1 width=76)
         ->  Limit  (cost=97.82..97.82 rows=1 width=84)
               ->  Sort  (cost=97.82..97.82 rows=1 width=84)
                     Sort Key: (st_distance(st_transform(s_3295.the_geom, 25833), schw_3295.schw))
                     ->  Nested Loop  (cost=0.00..97.81 rows=1 width=84)
                           Join Filter: ((st_transform(s_3295.the_geom, 25833) && st_expand(schw_3295.schw, '300'::double precision)) AND (schw_3295.schw && st_expand(st_transform(s_3295.the_geom, 25833), '300'::double precision)) AND _st_dwithin(st_transform(s_3295.the_geom, 25833), schw_3295.schw, '300'::double precision))
                           ->  Function Scan on schw_3295  (cost=0.00..0.01 rows=1 width=32)
                           ->  Seq Scan on phoml_trajectory_tmp s_3295  (cost=0.00..95.68 rows=17 width=40)
                                 Filter: ((unix_time >= '1685451469.65'::double precision) AND (unix_time <= '1685451529.65'::double precision))
   ->  Subquery Scan on "*SELECT* 3297"  (cost=97.82..97.83 rows=1 width=76)
         ->  Limit  (cost=97.82..97.82 rows=1 width=84)
               ->  Sort  (cost=97.82..97.82 rows=1 width=84)
                     Sort Key: (st_distance(st_transform(s_3296.the_geom, 25833), schw_3296.schw))
                     ->  Nested Loop  (cost=0.00..97.81 rows=1 width=84)
                           Join Filter: ((st_transform(s_3296.the_geom, 25833) && st_expand(schw_3296.schw, '300'::double precision)) AND (schw_3296.schw && st_expand(st_transform(s_3296.the_geom, 25833), '300'::double precision)) AND _st_dwithin(st_transform(s_3296.the_geom, 25833), schw_3296.schw, '300'::double precision))
                           ->  Function Scan on schw_3296  (cost=0.00..0.01 rows=1 width=32)
                           ->  Seq Scan on phoml_trajectory_tmp s_3296  (cost=0.00..95.68 rows=17 width=40)
                                 Filter: ((unix_time >= '1685451469.97'::double precision) AND (unix_time <= '1685451529.97'::double precision))
   ->  Subquery Scan on "*SELECT* 3298"  (cost=97.82..97.83 rows=1 width=76)
         ->  Limit  (cost=97.82..97.82 rows=1 width=84)
               ->  Sort  (cost=97.82..97.82 rows=1 width=84)
                     Sort Key: (st_distance(st_transform(s_3297.the_geom, 25833), schw_3297.schw))
                     ->  Nested Loop  (cost=0.00..97.81 rows=1 width=84)
                           Join Filter: ((st_transform(s_3297.the_geom, 25833) && st_expand(schw_3297.schw, '300'::double precision)) AND (schw_3297.schw && st_expand(st_transform(s_3297.the_geom, 25833), '300'::double precision)) AND _st_dwithin(st_transform(s_3297.the_geom, 25833), schw_3297.schw, '300'::double precision))
                           ->  Function Scan on schw_3297  (cost=0.00..0.01 rows=1 width=32)
                           ->  Seq Scan on phoml_trajectory_tmp s_3297  (cost=0.00..95.68 rows=17 width=40)
                                 Filter: ((unix_time >= '1685451470.292'::double precision) AND (unix_time <= '1685451530.292'::double precision))
   ->  Subquery Scan on "*SELECT* 3299"  (cost=97.82..97.83 rows=1 width=76)
         ->  Limit  (cost=97.82..97.82 rows=1 width=84)
               ->  Sort  (cost=97.82..97.82 rows=1 width=84)
                     Sort Key: (st_distance(st_transform(s_3298.the_geom, 25833), schw_3298.schw))
                     ->  Nested Loop  (cost=0.00..97.81 rows=1 width=84)
                           Join Filter: ((st_transform(s_3298.the_geom, 25833) && st_expand(schw_3298.schw, '300'::double precision)) AND (schw_3298.schw && st_expand(st_transform(s_3298.the_geom, 25833), '300'::double precision)) AND _st_dwithin(st_transform(s_3298.the_geom, 25833), schw_3298.schw, '300'::double precision))
                           ->  Function Scan on schw_3298  (cost=0.00..0.01 rows=1 width=32)
                           ->  Seq Scan on phoml_trajectory_tmp s_3298  (cost=0.00..95.68 rows=17 width=40)
                                 Filter: ((unix_time >= '1685451470.612'::double precision) AND (unix_time <= '1685451530.612'::double precision))
   ->  Subquery Scan on "*SELECT* 3300"  (cost=97.82..97.83 rows=1 width=76)
         ->  Limit  (cost=97.82..97.82 rows=1 width=84)
               ->  Sort  (cost=97.82..97.82 rows=1 width=84)
                     Sort Key: (st_distance(st_transform(s_3299.the_geom, 25833), schw_3299.schw))
                     ->  Nested Loop  (cost=0.00..97.81 rows=1 width=84)
                           Join Filter: ((st_transform(s_3299.the_geom, 25833) && st_expand(schw_3299.schw, '300'::double precision)) AND (schw_3299.schw && st_expand(st_transform(s_3299.the_geom, 25833), '300'::double precision)) AND _st_dwithin(st_transform(s_3299.the_geom, 25833), schw_3299.schw, '300'::double precision))
                           ->  Function Scan on schw_3299  (cost=0.00..0.01 rows=1 width=32)
                           ->  Seq Scan on phoml_trajectory_tmp s_3299  (cost=0.00..95.68 rows=17 width=40)
                                 Filter: ((unix_time >= '1685451470.932'::double precision) AND (unix_time <= '1685451530.932'::double precision))
   ->  Subquery Scan on "*SELECT* 3301"  (cost=97.82..97.83 rows=1 width=76)
         ->  Limit  (cost=97.82..97.82 rows=1 width=84)
               ->  Sort  (cost=97.82..97.82 rows=1 width=84)
                     Sort Key: (st_distance(st_transform(s_3300.the_geom, 25833), schw_3300.schw))
                     ->  Nested Loop  (cost=0.00..97.81 rows=1 width=84)
                           Join Filter: ((st_transform(s_3300.the_geom, 25833) && st_expand(schw_3300.schw, '300'::double precision)) AND (schw_3300.schw && st_expand(st_transform(s_3300.the_geom, 25833), '300'::double precision)) AND _st_dwithin(st_transform(s_3300.the_geom, 25833), schw_3300.schw, '300'::double precision))
                           ->  Function Scan on schw_3300  (cost=0.00..0.01 rows=1 width=32)
                           ->  Seq Scan on phoml_trajectory_tmp s_3300  (cost=0.00..95.68 rows=17 width=40)
                                 Filter: ((unix_time >= '1685451471.265'::double precision) AND (unix_time <= '1685451531.265'::double precision))
   ->  Subquery Scan on "*SELECT* 3302"  (cost=97.82..97.83 rows=1 width=76)
         ->  Limit  (cost=97.82..97.82 rows=1 width=84)
               ->  Sort  (cost=97.82..97.82 rows=1 width=84)
                     Sort Key: (st_distance(st_transform(s_3301.the_geom, 25833), schw_3301.schw))
                     ->  Nested Loop  (cost=0.00..97.81 rows=1 width=84)
                           Join Filter: ((st_transform(s_3301.the_geom, 25833) && st_expand(schw_3301.schw, '300'::double precision)) AND (schw_3301.schw && st_expand(st_transform(s_3301.the_geom, 25833), '300'::double precision)) AND _st_dwithin(st_transform(s_3301.the_geom, 25833), schw_3301.schw, '300'::double precision))
                           ->  Function Scan on schw_3301  (cost=0.00..0.01 rows=1 width=32)
                           ->  Seq Scan on phoml_trajectory_tmp s_3301  (cost=0.00..95.68 rows=17 width=40)
                                 Filter: ((unix_time >= '1685451471.595'::double precision) AND (unix_time <= '1685451531.595'::double precision))
   ->  Subquery Scan on "*SELECT* 3303"  (cost=97.82..97.83 rows=1 width=76)
         ->  Limit  (cost=97.82..97.82 rows=1 width=84)
               ->  Sort  (cost=97.82..97.82 rows=1 width=84)
                     Sort Key: (st_distance(st_transform(s_3302.the_geom, 25833), schw_3302.schw))
                     ->  Nested Loop  (cost=0.00..97.81 rows=1 width=84)
                           Join Filter: ((st_transform(s_3302.the_geom, 25833) && st_expand(schw_3302.schw, '300'::double precision)) AND (schw_3302.schw && st_expand(st_transform(s_3302.the_geom, 25833), '300'::double precision)) AND _st_dwithin(st_transform(s_3302.the_geom, 25833), schw_3302.schw, '300'::double precision))
                           ->  Function Scan on schw_3302  (cost=0.00..0.01 rows=1 width=32)
                           ->  Seq Scan on phoml_trajectory_tmp s_3302  (cost=0.00..95.68 rows=17 width=40)
                                 Filter: ((unix_time >= '1685451471.925'::double precision) AND (unix_time <= '1685451531.925'::double precision))
   ->  Subquery Scan on "*SELECT* 3304"  (cost=97.82..97.83 rows=1 width=76)
         ->  Limit  (cost=97.82..97.82 rows=1 width=84)
               ->  Sort  (cost=97.82..97.82 rows=1 width=84)
                     Sort Key: (st_distance(st_transform(s_3303.the_geom, 25833), schw_3303.schw))
                     ->  Nested Loop  (cost=0.00..97.81 rows=1 width=84)
                           Join Filter: ((st_transform(s_3303.the_geom, 25833) && st_expand(schw_3303.schw, '300'::double precision)) AND (schw_3303.schw && st_expand(st_transform(s_3303.the_geom, 25833), '300'::double precision)) AND _st_dwithin(st_transform(s_3303.the_geom, 25833), schw_3303.schw, '300'::double precision))
                           ->  Function Scan on schw_3303  (cost=0.00..0.01 rows=1 width=32)
                           ->  Seq Scan on phoml_trajectory_tmp s_3303  (cost=0.00..95.68 rows=17 width=40)
                                 Filter: ((unix_time >= '1685451472.249'::double precision) AND (unix_time <= '1685451532.249'::double precision))
   ->  Subquery Scan on "*SELECT* 3305"  (cost=97.82..97.83 rows=1 width=76)
         ->  Limit  (cost=97.82..97.82 rows=1 width=84)
               ->  Sort  (cost=97.82..97.82 rows=1 width=84)
                     Sort Key: (st_distance(st_transform(s_3304.the_geom, 25833), schw_3304.schw))
                     ->  Nested Loop  (cost=0.00..97.81 rows=1 width=84)
                           Join Filter: ((st_transform(s_3304.the_geom, 25833) && st_expand(schw_3304.schw, '300'::double precision)) AND (schw_3304.schw && st_expand(st_transform(s_3304.the_geom, 25833), '300'::double precision)) AND _st_dwithin(st_transform(s_3304.the_geom, 25833), schw_3304.schw, '300'::double precision))
                           ->  Function Scan on schw_3304  (cost=0.00..0.01 rows=1 width=32)
                           ->  Seq Scan on phoml_trajectory_tmp s_3304  (cost=0.00..95.68 rows=17 width=40)
                                 Filter: ((unix_time >= '1685451472.579'::double precision) AND (unix_time <= '1685451532.579'::double precision))
   ->  Subquery Scan on "*SELECT* 3306"  (cost=97.82..97.83 rows=1 width=76)
         ->  Limit  (cost=97.82..97.82 rows=1 width=84)
               ->  Sort  (cost=97.82..97.82 rows=1 width=84)
                     Sort Key: (st_distance(st_transform(s_3305.the_geom, 25833), schw_3305.schw))
                     ->  Nested Loop  (cost=0.00..97.81 rows=1 width=84)
                           Join Filter: ((st_transform(s_3305.the_geom, 25833) && st_expand(schw_3305.schw, '300'::double precision)) AND (schw_3305.schw && st_expand(st_transform(s_3305.the_geom, 25833), '300'::double precision)) AND _st_dwithin(st_transform(s_3305.the_geom, 25833), schw_3305.schw, '300'::double precision))
                           ->  Function Scan on schw_3305  (cost=0.00..0.01 rows=1 width=32)
                           ->  Seq Scan on phoml_trajectory_tmp s_3305  (cost=0.00..95.68 rows=17 width=40)
                                 Filter: ((unix_time >= '1685451472.909'::double precision) AND (unix_time <= '1685451532.909'::double precision))
   ->  Subquery Scan on "*SELECT* 3307"  (cost=97.82..97.83 rows=1 width=76)
         ->  Limit  (cost=97.82..97.82 rows=1 width=84)
               ->  Sort  (cost=97.82..97.82 rows=1 width=84)
                     Sort Key: (st_distance(st_transform(s_3306.the_geom, 25833), schw_3306.schw))
                     ->  Nested Loop  (cost=0.00..97.81 rows=1 width=84)
                           Join Filter: ((st_transform(s_3306.the_geom, 25833) && st_expand(schw_3306.schw, '300'::double precision)) AND (schw_3306.schw && st_expand(st_transform(s_3306.the_geom, 25833), '300'::double precision)) AND _st_dwithin(st_transform(s_3306.the_geom, 25833), schw_3306.schw, '300'::double precision))
                           ->  Function Scan on schw_3306  (cost=0.00..0.01 rows=1 width=32)
                           ->  Seq Scan on phoml_trajectory_tmp s_3306  (cost=0.00..95.68 rows=17 width=40)
                                 Filter: ((unix_time >= '1685451473.242'::double precision) AND (unix_time <= '1685451533.242'::double precision))
   ->  Subquery Scan on "*SELECT* 3308"  (cost=97.82..97.83 rows=1 width=76)
         ->  Limit  (cost=97.82..97.82 rows=1 width=84)
               ->  Sort  (cost=97.82..97.82 rows=1 width=84)
                     Sort Key: (st_distance(st_transform(s_3307.the_geom, 25833), schw_3307.schw))
                     ->  Nested Loop  (cost=0.00..97.81 rows=1 width=84)
                           Join Filter: ((st_transform(s_3307.the_geom, 25833) && st_expand(schw_3307.schw, '300'::double precision)) AND (schw_3307.schw && st_expand(st_transform(s_3307.the_geom, 25833), '300'::double precision)) AND _st_dwithin(st_transform(s_3307.the_geom, 25833), schw_3307.schw, '300'::double precision))
                           ->  Function Scan on schw_3307  (cost=0.00..0.01 rows=1 width=32)
                           ->  Seq Scan on phoml_trajectory_tmp s_3307  (cost=0.00..95.68 rows=17 width=40)
                                 Filter: ((unix_time >= '1685451473.572'::double precision) AND (unix_time <= '1685451533.572'::double precision))
   ->  Subquery Scan on "*SELECT* 3309"  (cost=97.82..97.83 rows=1 width=76)
         ->  Limit  (cost=97.82..97.82 rows=1 width=84)
               ->  Sort  (cost=97.82..97.82 rows=1 width=84)
                     Sort Key: (st_distance(st_transform(s_3308.the_geom, 25833), schw_3308.schw))
                     ->  Nested Loop  (cost=0.00..97.81 rows=1 width=84)
                           Join Filter: ((st_transform(s_3308.the_geom, 25833) && st_expand(schw_3308.schw, '300'::double precision)) AND (schw_3308.schw && st_expand(st_transform(s_3308.the_geom, 25833), '300'::double precision)) AND _st_dwithin(st_transform(s_3308.the_geom, 25833), schw_3308.schw, '300'::double precision))
                           ->  Function Scan on schw_3308  (cost=0.00..0.01 rows=1 width=32)
                           ->  Seq Scan on phoml_trajectory_tmp s_3308  (cost=0.00..95.68 rows=17 width=40)
                                 Filter: ((unix_time >= '1685451473.912'::double precision) AND (unix_time <= '1685451533.912'::double precision))
   ->  Subquery Scan on "*SELECT* 3310"  (cost=97.82..97.83 rows=1 width=76)
         ->  Limit  (cost=97.82..97.82 rows=1 width=84)
               ->  Sort  (cost=97.82..97.82 rows=1 width=84)
                     Sort Key: (st_distance(st_transform(s_3309.the_geom, 25833), schw_3309.schw))
                     ->  Nested Loop  (cost=0.00..97.81 rows=1 width=84)
                           Join Filter: ((st_transform(s_3309.the_geom, 25833) && st_expand(schw_3309.schw, '300'::double precision)) AND (schw_3309.schw && st_expand(st_transform(s_3309.the_geom, 25833), '300'::double precision)) AND _st_dwithin(st_transform(s_3309.the_geom, 25833), schw_3309.schw, '300'::double precision))
                           ->  Function Scan on schw_3309  (cost=0.00..0.01 rows=1 width=32)
                           ->  Seq Scan on phoml_trajectory_tmp s_3309  (cost=0.00..95.68 rows=17 width=40)
                                 Filter: ((unix_time >= '1685451474.245'::double precision) AND (unix_time <= '1685451534.245'::double precision))
   ->  Subquery Scan on "*SELECT* 3311"  (cost=97.82..97.83 rows=1 width=76)
         ->  Limit  (cost=97.82..97.82 rows=1 width=84)
               ->  Sort  (cost=97.82..97.82 rows=1 width=84)
                     Sort Key: (st_distance(st_transform(s_3310.the_geom, 25833), schw_3310.schw))
                     ->  Nested Loop  (cost=0.00..97.81 rows=1 width=84)
                           Join Filter: ((st_transform(s_3310.the_geom, 25833) && st_expand(schw_3310.schw, '300'::double precision)) AND (schw_3310.schw && st_expand(st_transform(s_3310.the_geom, 25833), '300'::double precision)) AND _st_dwithin(st_transform(s_3310.the_geom, 25833), schw_3310.schw, '300'::double precision))
                           ->  Function Scan on schw_3310  (cost=0.00..0.01 rows=1 width=32)
                           ->  Seq Scan on phoml_trajectory_tmp s_3310  (cost=0.00..95.68 rows=17 width=40)
                                 Filter: ((unix_time >= '1685451474.585'::double precision) AND (unix_time <= '1685451534.585'::double precision))
   ->  Subquery Scan on "*SELECT* 3312"  (cost=97.82..97.83 rows=1 width=76)
         ->  Limit  (cost=97.82..97.82 rows=1 width=84)
               ->  Sort  (cost=97.82..97.82 rows=1 width=84)
                     Sort Key: (st_distance(st_transform(s_3311.the_geom, 25833), schw_3311.schw))
                     ->  Nested Loop  (cost=0.00..97.81 rows=1 width=84)
                           Join Filter: ((st_transform(s_3311.the_geom, 25833) && st_expand(schw_3311.schw, '300'::double precision)) AND (schw_3311.schw && st_expand(st_transform(s_3311.the_geom, 25833), '300'::double precision)) AND _st_dwithin(st_transform(s_3311.the_geom, 25833), schw_3311.schw, '300'::double precision))
                           ->  Function Scan on schw_3311  (cost=0.00..0.01 rows=1 width=32)
                           ->  Seq Scan on phoml_trajectory_tmp s_3311  (cost=0.00..95.68 rows=17 width=40)
                                 Filter: ((unix_time >= '1685451474.925'::double precision) AND (unix_time <= '1685451534.925'::double precision))
   ->  Subquery Scan on "*SELECT* 3313"  (cost=97.82..97.83 rows=1 width=76)
         ->  Limit  (cost=97.82..97.82 rows=1 width=84)
               ->  Sort  (cost=97.82..97.82 rows=1 width=84)
                     Sort Key: (st_distance(st_transform(s_3312.the_geom, 25833), schw_3312.schw))
                     ->  Nested Loop  (cost=0.00..97.81 rows=1 width=84)
                           Join Filter: ((st_transform(s_3312.the_geom, 25833) && st_expand(schw_3312.schw, '300'::double precision)) AND (schw_3312.schw && st_expand(st_transform(s_3312.the_geom, 25833), '300'::double precision)) AND _st_dwithin(st_transform(s_3312.the_geom, 25833), schw_3312.schw, '300'::double precision))
                           ->  Function Scan on schw_3312  (cost=0.00..0.01 rows=1 width=32)
                           ->  Seq Scan on phoml_trajectory_tmp s_3312  (cost=0.00..95.68 rows=17 width=40)
                                 Filter: ((unix_time >= '1685451475.259'::double precision) AND (unix_time <= '1685451535.259'::double precision))
   ->  Subquery Scan on "*SELECT* 3314"  (cost=97.82..97.83 rows=1 width=76)
         ->  Limit  (cost=97.82..97.82 rows=1 width=84)
               ->  Sort  (cost=97.82..97.82 rows=1 width=84)
                     Sort Key: (st_distance(st_transform(s_3313.the_geom, 25833), schw_3313.schw))
                     ->  Nested Loop  (cost=0.00..97.81 rows=1 width=84)
                           Join Filter: ((st_transform(s_3313.the_geom, 25833) && st_expand(schw_3313.schw, '300'::double precision)) AND (schw_3313.schw && st_expand(st_transform(s_3313.the_geom, 25833), '300'::double precision)) AND _st_dwithin(st_transform(s_3313.the_geom, 25833), schw_3313.schw, '300'::double precision))
                           ->  Function Scan on schw_3313  (cost=0.00..0.01 rows=1 width=32)
                           ->  Seq Scan on phoml_trajectory_tmp s_3313  (cost=0.00..95.68 rows=17 width=40)
                                 Filter: ((unix_time >= '1685451475.599'::double precision) AND (unix_time <= '1685451535.599'::double precision))
   ->  Subquery Scan on "*SELECT* 3315"  (cost=97.82..97.83 rows=1 width=76)
         ->  Limit  (cost=97.82..97.82 rows=1 width=84)
               ->  Sort  (cost=97.82..97.82 rows=1 width=84)
                     Sort Key: (st_distance(st_transform(s_3314.the_geom, 25833), schw_3314.schw))
                     ->  Nested Loop  (cost=0.00..97.81 rows=1 width=84)
                           Join Filter: ((st_transform(s_3314.the_geom, 25833) && st_expand(schw_3314.schw, '300'::double precision)) AND (schw_3314.schw && st_expand(st_transform(s_3314.the_geom, 25833), '300'::double precision)) AND _st_dwithin(st_transform(s_3314.the_geom, 25833), schw_3314.schw, '300'::double precision))
                           ->  Function Scan on schw_3314  (cost=0.00..0.01 rows=1 width=32)
                           ->  Seq Scan on phoml_trajectory_tmp s_3314  (cost=0.00..95.68 rows=17 width=40)
                                 Filter: ((unix_time >= '1685451475.949'::double precision) AND (unix_time <= '1685451535.949'::double precision))
   ->  Subquery Scan on "*SELECT* 3316"  (cost=97.82..97.83 rows=1 width=76)
         ->  Limit  (cost=97.82..97.82 rows=1 width=84)
               ->  Sort  (cost=97.82..97.82 rows=1 width=84)
                     Sort Key: (st_distance(st_transform(s_3315.the_geom, 25833), schw_3315.schw))
                     ->  Nested Loop  (cost=0.00..97.81 rows=1 width=84)
                           Join Filter: ((st_transform(s_3315.the_geom, 25833) && st_expand(schw_3315.schw, '300'::double precision)) AND (schw_3315.schw && st_expand(st_transform(s_3315.the_geom, 25833), '300'::double precision)) AND _st_dwithin(st_transform(s_3315.the_geom, 25833), schw_3315.schw, '300'::double precision))
                           ->  Function Scan on schw_3315  (cost=0.00..0.01 rows=1 width=32)
                           ->  Seq Scan on phoml_trajectory_tmp s_3315  (cost=0.00..95.68 rows=17 width=40)
                                 Filter: ((unix_time >= '1685451476.292'::double precision) AND (unix_time <= '1685451536.292'::double precision))
   ->  Subquery Scan on "*SELECT* 3317"  (cost=97.82..97.83 rows=1 width=76)
         ->  Limit  (cost=97.82..97.82 rows=1 width=84)
               ->  Sort  (cost=97.82..97.82 rows=1 width=84)
                     Sort Key: (st_distance(st_transform(s_3316.the_geom, 25833), schw_3316.schw))
                     ->  Nested Loop  (cost=0.00..97.81 rows=1 width=84)
                           Join Filter: ((st_transform(s_3316.the_geom, 25833) && st_expand(schw_3316.schw, '300'::double precision)) AND (schw_3316.schw && st_expand(st_transform(s_3316.the_geom, 25833), '300'::double precision)) AND _st_dwithin(st_transform(s_3316.the_geom, 25833), schw_3316.schw, '300'::double precision))
                           ->  Function Scan on schw_3316  (cost=0.00..0.01 rows=1 width=32)
                           ->  Seq Scan on phoml_trajectory_tmp s_3316  (cost=0.00..95.68 rows=17 width=40)
                                 Filter: ((unix_time >= '1685451476.632'::double precision) AND (unix_time <= '1685451536.632'::double precision))
   ->  Subquery Scan on "*SELECT* 3318"  (cost=97.82..97.83 rows=1 width=76)
         ->  Limit  (cost=97.82..97.82 rows=1 width=84)
               ->  Sort  (cost=97.82..97.82 rows=1 width=84)
                     Sort Key: (st_distance(st_transform(s_3317.the_geom, 25833), schw_3317.schw))
                     ->  Nested Loop  (cost=0.00..97.81 rows=1 width=84)
                           Join Filter: ((st_transform(s_3317.the_geom, 25833) && st_expand(schw_3317.schw, '300'::double precision)) AND (schw_3317.schw && st_expand(st_transform(s_3317.the_geom, 25833), '300'::double precision)) AND _st_dwithin(st_transform(s_3317.the_geom, 25833), schw_3317.schw, '300'::double precision))
                           ->  Function Scan on schw_3317  (cost=0.00..0.01 rows=1 width=32)
                           ->  Seq Scan on phoml_trajectory_tmp s_3317  (cost=0.00..95.68 rows=17 width=40)
                                 Filter: ((unix_time >= '1685451476.982'::double precision) AND (unix_time <= '1685451536.982'::double precision))
   ->  Subquery Scan on "*SELECT* 3319"  (cost=97.82..97.83 rows=1 width=76)
         ->  Limit  (cost=97.82..97.82 rows=1 width=84)
               ->  Sort  (cost=97.82..97.82 rows=1 width=84)
                     Sort Key: (st_distance(st_transform(s_3318.the_geom, 25833), schw_3318.schw))
                     ->  Nested Loop  (cost=0.00..97.81 rows=1 width=84)
                           Join Filter: ((st_transform(s_3318.the_geom, 25833) && st_expand(schw_3318.schw, '300'::double precision)) AND (schw_3318.schw && st_expand(st_transform(s_3318.the_geom, 25833), '300'::double precision)) AND _st_dwithin(st_transform(s_3318.the_geom, 25833), schw_3318.schw, '300'::double precision))
                           ->  Function Scan on schw_3318  (cost=0.00..0.01 rows=1 width=32)
                           ->  Seq Scan on phoml_trajectory_tmp s_3318  (cost=0.00..95.68 rows=17 width=40)
                                 Filter: ((unix_time >= '1685451477.322'::double precision) AND (unix_time <= '1685451537.322'::double precision))
   ->  Subquery Scan on "*SELECT* 3320"  (cost=97.82..97.83 rows=1 width=76)
         ->  Limit  (cost=97.82..97.82 rows=1 width=84)
               ->  Sort  (cost=97.82..97.82 rows=1 width=84)
                     Sort Key: (st_distance(st_transform(s_3319.the_geom, 25833), schw_3319.schw))
                     ->  Nested Loop  (cost=0.00..97.81 rows=1 width=84)
                           Join Filter: ((st_transform(s_3319.the_geom, 25833) && st_expand(schw_3319.schw, '300'::double precision)) AND (schw_3319.schw && st_expand(st_transform(s_3319.the_geom, 25833), '300'::double precision)) AND _st_dwithin(st_transform(s_3319.the_geom, 25833), schw_3319.schw, '300'::double precision))
                           ->  Function Scan on schw_3319  (cost=0.00..0.01 rows=1 width=32)
                           ->  Seq Scan on phoml_trajectory_tmp s_3319  (cost=0.00..95.68 rows=17 width=40)
                                 Filter: ((unix_time >= '1685451477.662'::double precision) AND (unix_time <= '1685451537.662'::double precision))
   ->  Subquery Scan on "*SELECT* 3321"  (cost=97.82..97.83 rows=1 width=76)
         ->  Limit  (cost=97.82..97.82 rows=1 width=84)
               ->  Sort  (cost=97.82..97.82 rows=1 width=84)
                     Sort Key: (st_distance(st_transform(s_3320.the_geom, 25833), schw_3320.schw))
                     ->  Nested Loop  (cost=0.00..97.81 rows=1 width=84)
                           Join Filter: ((st_transform(s_3320.the_geom, 25833) && st_expand(schw_3320.schw, '300'::double precision)) AND (schw_3320.schw && st_expand(st_transform(s_3320.the_geom, 25833), '300'::double precision)) AND _st_dwithin(st_transform(s_3320.the_geom, 25833), schw_3320.schw, '300'::double precision))
                           ->  Function Scan on schw_3320  (cost=0.00..0.01 rows=1 width=32)
                           ->  Seq Scan on phoml_trajectory_tmp s_3320  (cost=0.00..95.68 rows=17 width=40)
                                 Filter: ((unix_time >= '1685451478.012'::double precision) AND (unix_time <= '1685451538.012'::double precision))
   ->  Subquery Scan on "*SELECT* 3322"  (cost=97.82..97.83 rows=1 width=76)
         ->  Limit  (cost=97.82..97.82 rows=1 width=84)
               ->  Sort  (cost=97.82..97.82 rows=1 width=84)
                     Sort Key: (st_distance(st_transform(s_3321.the_geom, 25833), schw_3321.schw))
                     ->  Nested Loop  (cost=0.00..97.81 rows=1 width=84)
                           Join Filter: ((st_transform(s_3321.the_geom, 25833) && st_expand(schw_3321.schw, '300'::double precision)) AND (schw_3321.schw && st_expand(st_transform(s_3321.the_geom, 25833), '300'::double precision)) AND _st_dwithin(st_transform(s_3321.the_geom, 25833), schw_3321.schw, '300'::double precision))
                           ->  Function Scan on schw_3321  (cost=0.00..0.01 rows=1 width=32)
                           ->  Seq Scan on phoml_trajectory_tmp s_3321  (cost=0.00..95.68 rows=17 width=40)
                                 Filter: ((unix_time >= '1685451478.347'::double precision) AND (unix_time <= '1685451538.347'::double precision))
   ->  Subquery Scan on "*SELECT* 3323"  (cost=97.82..97.83 rows=1 width=76)
         ->  Limit  (cost=97.82..97.82 rows=1 width=84)
               ->  Sort  (cost=97.82..97.82 rows=1 width=84)
                     Sort Key: (st_distance(st_transform(s_3322.the_geom, 25833), schw_3322.schw))
                     ->  Nested Loop  (cost=0.00..97.81 rows=1 width=84)
                           Join Filter: ((st_transform(s_3322.the_geom, 25833) && st_expand(schw_3322.schw, '300'::double precision)) AND (schw_3322.schw && st_expand(st_transform(s_3322.the_geom, 25833), '300'::double precision)) AND _st_dwithin(st_transform(s_3322.the_geom, 25833), schw_3322.schw, '300'::double precision))
                           ->  Function Scan on schw_3322  (cost=0.00..0.01 rows=1 width=32)
                           ->  Seq Scan on phoml_trajectory_tmp s_3322  (cost=0.00..95.68 rows=17 width=40)
                                 Filter: ((unix_time >= '1685451478.687'::double precision) AND (unix_time <= '1685451538.687'::double precision))
   ->  Subquery Scan on "*SELECT* 3324"  (cost=97.82..97.83 rows=1 width=76)
         ->  Limit  (cost=97.82..97.82 rows=1 width=84)
               ->  Sort  (cost=97.82..97.82 rows=1 width=84)
                     Sort Key: (st_distance(st_transform(s_3323.the_geom, 25833), schw_3323.schw))
                     ->  Nested Loop  (cost=0.00..97.81 rows=1 width=84)
                           Join Filter: ((st_transform(s_3323.the_geom, 25833) && st_expand(schw_3323.schw, '300'::double precision)) AND (schw_3323.schw && st_expand(st_transform(s_3323.the_geom, 25833), '300'::double precision)) AND _st_dwithin(st_transform(s_3323.the_geom, 25833), schw_3323.schw, '300'::double precision))
                           ->  Function Scan on schw_3323  (cost=0.00..0.01 rows=1 width=32)
                           ->  Seq Scan on phoml_trajectory_tmp s_3323  (cost=0.00..95.68 rows=17 width=40)
                                 Filter: ((unix_time >= '1685451479.037'::double precision) AND (unix_time <= '1685451539.037'::double precision))
   ->  Subquery Scan on "*SELECT* 3325"  (cost=97.82..97.83 rows=1 width=76)
         ->  Limit  (cost=97.82..97.82 rows=1 width=84)
               ->  Sort  (cost=97.82..97.82 rows=1 width=84)
                     Sort Key: (st_distance(st_transform(s_3324.the_geom, 25833), schw_3324.schw))
                     ->  Nested Loop  (cost=0.00..97.81 rows=1 width=84)
                           Join Filter: ((st_transform(s_3324.the_geom, 25833) && st_expand(schw_3324.schw, '300'::double precision)) AND (schw_3324.schw && st_expand(st_transform(s_3324.the_geom, 25833), '300'::double precision)) AND _st_dwithin(st_transform(s_3324.the_geom, 25833), schw_3324.schw, '300'::double precision))
                           ->  Function Scan on schw_3324  (cost=0.00..0.01 rows=1 width=32)
                           ->  Seq Scan on phoml_trajectory_tmp s_3324  (cost=0.00..95.68 rows=17 width=40)
                                 Filter: ((unix_time >= '1685451479.38'::double precision) AND (unix_time <= '1685451539.38'::double precision))
   ->  Subquery Scan on "*SELECT* 3326"  (cost=97.82..97.83 rows=1 width=76)
         ->  Limit  (cost=97.82..97.82 rows=1 width=84)
               ->  Sort  (cost=97.82..97.82 rows=1 width=84)
                     Sort Key: (st_distance(st_transform(s_3325.the_geom, 25833), schw_3325.schw))
                     ->  Nested Loop  (cost=0.00..97.81 rows=1 width=84)
                           Join Filter: ((st_transform(s_3325.the_geom, 25833) && st_expand(schw_3325.schw, '300'::double precision)) AND (schw_3325.schw && st_expand(st_transform(s_3325.the_geom, 25833), '300'::double precision)) AND _st_dwithin(st_transform(s_3325.the_geom, 25833), schw_3325.schw, '300'::double precision))
                           ->  Function Scan on schw_3325  (cost=0.00..0.01 rows=1 width=32)
                           ->  Seq Scan on phoml_trajectory_tmp s_3325  (cost=0.00..95.68 rows=17 width=40)
                                 Filter: ((unix_time >= '1685451479.71'::double precision) AND (unix_time <= '1685451539.71'::double precision))
   ->  Subquery Scan on "*SELECT* 3327"  (cost=97.82..97.83 rows=1 width=76)
         ->  Limit  (cost=97.82..97.82 rows=1 width=84)
               ->  Sort  (cost=97.82..97.82 rows=1 width=84)
                     Sort Key: (st_distance(st_transform(s_3326.the_geom, 25833), schw_3326.schw))
                     ->  Nested Loop  (cost=0.00..97.81 rows=1 width=84)
                           Join Filter: ((st_transform(s_3326.the_geom, 25833) && st_expand(schw_3326.schw, '300'::double precision)) AND (schw_3326.schw && st_expand(st_transform(s_3326.the_geom, 25833), '300'::double precision)) AND _st_dwithin(st_transform(s_3326.the_geom, 25833), schw_3326.schw, '300'::double precision))
                           ->  Function Scan on schw_3326  (cost=0.00..0.01 rows=1 width=32)
                           ->  Seq Scan on phoml_trajectory_tmp s_3326  (cost=0.00..95.68 rows=17 width=40)
                                 Filter: ((unix_time >= '1685451480.05'::double precision) AND (unix_time <= '1685451540.05'::double precision))
   ->  Subquery Scan on "*SELECT* 3328"  (cost=97.82..97.83 rows=1 width=76)
         ->  Limit  (cost=97.82..97.82 rows=1 width=84)
               ->  Sort  (cost=97.82..97.82 rows=1 width=84)
                     Sort Key: (st_distance(st_transform(s_3327.the_geom, 25833), schw_3327.schw))
                     ->  Nested Loop  (cost=0.00..97.81 rows=1 width=84)
                           Join Filter: ((st_transform(s_3327.the_geom, 25833) && st_expand(schw_3327.schw, '300'::double precision)) AND (schw_3327.schw && st_expand(st_transform(s_3327.the_geom, 25833), '300'::double precision)) AND _st_dwithin(st_transform(s_3327.the_geom, 25833), schw_3327.schw, '300'::double precision))
                           ->  Function Scan on schw_3327  (cost=0.00..0.01 rows=1 width=32)
                           ->  Seq Scan on phoml_trajectory_tmp s_3327  (cost=0.00..95.68 rows=17 width=40)
                                 Filter: ((unix_time >= '1685451480.393'::double precision) AND (unix_time <= '1685451540.393'::double precision))
   ->  Subquery Scan on "*SELECT* 3329"  (cost=97.82..97.83 rows=1 width=76)
         ->  Limit  (cost=97.82..97.82 rows=1 width=84)
               ->  Sort  (cost=97.82..97.82 rows=1 width=84)
                     Sort Key: (st_distance(st_transform(s_3328.the_geom, 25833), schw_3328.schw))
                     ->  Nested Loop  (cost=0.00..97.81 rows=1 width=84)
                           Join Filter: ((st_transform(s_3328.the_geom, 25833) && st_expand(schw_3328.schw, '300'::double precision)) AND (schw_3328.schw && st_expand(st_transform(s_3328.the_geom, 25833), '300'::double precision)) AND _st_dwithin(st_transform(s_3328.the_geom, 25833), schw_3328.schw, '300'::double precision))
                           ->  Function Scan on schw_3328  (cost=0.00..0.01 rows=1 width=32)
                           ->  Seq Scan on phoml_trajectory_tmp s_3328  (cost=0.00..95.68 rows=17 width=40)
                                 Filter: ((unix_time >= '1685451480.713'::double precision) AND (unix_time <= '1685451540.713'::double precision))
   ->  Subquery Scan on "*SELECT* 3330"  (cost=97.82..97.83 rows=1 width=76)
         ->  Limit  (cost=97.82..97.82 rows=1 width=84)
               ->  Sort  (cost=97.82..97.82 rows=1 width=84)
                     Sort Key: (st_distance(st_transform(s_3329.the_geom, 25833), schw_3329.schw))
                     ->  Nested Loop  (cost=0.00..97.81 rows=1 width=84)
                           Join Filter: ((st_transform(s_3329.the_geom, 25833) && st_expand(schw_3329.schw, '300'::double precision)) AND (schw_3329.schw && st_expand(st_transform(s_3329.the_geom, 25833), '300'::double precision)) AND _st_dwithin(st_transform(s_3329.the_geom, 25833), schw_3329.schw, '300'::double precision))
                           ->  Function Scan on schw_3329  (cost=0.00..0.01 rows=1 width=32)
                           ->  Seq Scan on phoml_trajectory_tmp s_3329  (cost=0.00..95.68 rows=17 width=40)
                                 Filter: ((unix_time >= '1685451481.063'::double precision) AND (unix_time <= '1685451541.063'::double precision))
   ->  Subquery Scan on "*SELECT* 3331"  (cost=97.82..97.83 rows=1 width=76)
         ->  Limit  (cost=97.82..97.82 rows=1 width=84)
               ->  Sort  (cost=97.82..97.82 rows=1 width=84)
                     Sort Key: (st_distance(st_transform(s_3330.the_geom, 25833), schw_3330.schw))
                     ->  Nested Loop  (cost=0.00..97.81 rows=1 width=84)
                           Join Filter: ((st_transform(s_3330.the_geom, 25833) && st_expand(schw_3330.schw, '300'::double precision)) AND (schw_3330.schw && st_expand(st_transform(s_3330.the_geom, 25833), '300'::double precision)) AND _st_dwithin(st_transform(s_3330.the_geom, 25833), schw_3330.schw, '300'::double precision))
                           ->  Function Scan on schw_3330  (cost=0.00..0.01 rows=1 width=32)
                           ->  Seq Scan on phoml_trajectory_tmp s_3330  (cost=0.00..95.68 rows=17 width=40)
                                 Filter: ((unix_time >= '1685451481.401'::double precision) AND (unix_time <= '1685451541.401'::double precision))
   ->  Subquery Scan on "*SELECT* 3332"  (cost=97.82..97.83 rows=1 width=76)
         ->  Limit  (cost=97.82..97.82 rows=1 width=84)
               ->  Sort  (cost=97.82..97.82 rows=1 width=84)
                     Sort Key: (st_distance(st_transform(s_3331.the_geom, 25833), schw_3331.schw))
                     ->  Nested Loop  (cost=0.00..97.81 rows=1 width=84)
                           Join Filter: ((st_transform(s_3331.the_geom, 25833) && st_expand(schw_3331.schw, '300'::double precision)) AND (schw_3331.schw && st_expand(st_transform(s_3331.the_geom, 25833), '300'::double precision)) AND _st_dwithin(st_transform(s_3331.the_geom, 25833), schw_3331.schw, '300'::double precision))
                           ->  Function Scan on schw_3331  (cost=0.00..0.01 rows=1 width=32)
                           ->  Seq Scan on phoml_trajectory_tmp s_3331  (cost=0.00..95.68 rows=17 width=40)
                                 Filter: ((unix_time >= '1685451481.731'::double precision) AND (unix_time <= '1685451541.731'::double precision))
   ->  Subquery Scan on "*SELECT* 3333"  (cost=97.82..97.83 rows=1 width=76)
         ->  Limit  (cost=97.82..97.82 rows=1 width=84)
               ->  Sort  (cost=97.82..97.82 rows=1 width=84)
                     Sort Key: (st_distance(st_transform(s_3332.the_geom, 25833), schw_3332.schw))
                     ->  Nested Loop  (cost=0.00..97.81 rows=1 width=84)
                           Join Filter: ((st_transform(s_3332.the_geom, 25833) && st_expand(schw_3332.schw, '300'::double precision)) AND (schw_3332.schw && st_expand(st_transform(s_3332.the_geom, 25833), '300'::double precision)) AND _st_dwithin(st_transform(s_3332.the_geom, 25833), schw_3332.schw, '300'::double precision))
                           ->  Function Scan on schw_3332  (cost=0.00..0.01 rows=1 width=32)
                           ->  Seq Scan on phoml_trajectory_tmp s_3332  (cost=0.00..95.68 rows=17 width=40)
                                 Filter: ((unix_time >= '1685451482.061'::double precision) AND (unix_time <= '1685451542.061'::double precision))
   ->  Subquery Scan on "*SELECT* 3334"  (cost=97.82..97.83 rows=1 width=76)
         ->  Limit  (cost=97.82..97.82 rows=1 width=84)
               ->  Sort  (cost=97.82..97.82 rows=1 width=84)
                     Sort Key: (st_distance(st_transform(s_3333.the_geom, 25833), schw_3333.schw))
                     ->  Nested Loop  (cost=0.00..97.81 rows=1 width=84)
                           Join Filter: ((st_transform(s_3333.the_geom, 25833) && st_expand(schw_3333.schw, '300'::double precision)) AND (schw_3333.schw && st_expand(st_transform(s_3333.the_geom, 25833), '300'::double precision)) AND _st_dwithin(st_transform(s_3333.the_geom, 25833), schw_3333.schw, '300'::double precision))
                           ->  Function Scan on schw_3333  (cost=0.00..0.01 rows=1 width=32)
                           ->  Seq Scan on phoml_trajectory_tmp s_3333  (cost=0.00..95.68 rows=17 width=40)
                                 Filter: ((unix_time >= '1685451482.394'::double precision) AND (unix_time <= '1685451542.394'::double precision))
   ->  Subquery Scan on "*SELECT* 3335"  (cost=97.82..97.83 rows=1 width=76)
         ->  Limit  (cost=97.82..97.82 rows=1 width=84)
               ->  Sort  (cost=97.82..97.82 rows=1 width=84)
                     Sort Key: (st_distance(st_transform(s_3334.the_geom, 25833), schw_3334.schw))
                     ->  Nested Loop  (cost=0.00..97.81 rows=1 width=84)
                           Join Filter: ((st_transform(s_3334.the_geom, 25833) && st_expand(schw_3334.schw, '300'::double precision)) AND (schw_3334.schw && st_expand(st_transform(s_3334.the_geom, 25833), '300'::double precision)) AND _st_dwithin(st_transform(s_3334.the_geom, 25833), schw_3334.schw, '300'::double precision))
                           ->  Function Scan on schw_3334  (cost=0.00..0.01 rows=1 width=32)
                           ->  Seq Scan on phoml_trajectory_tmp s_3334  (cost=0.00..95.68 rows=17 width=40)
                                 Filter: ((unix_time >= '1685451482.714'::double precision) AND (unix_time <= '1685451542.714'::double precision))
   ->  Subquery Scan on "*SELECT* 3336"  (cost=97.82..97.83 rows=1 width=76)
         ->  Limit  (cost=97.82..97.82 rows=1 width=84)
               ->  Sort  (cost=97.82..97.82 rows=1 width=84)
                     Sort Key: (st_distance(st_transform(s_3335.the_geom, 25833), schw_3335.schw))
                     ->  Nested Loop  (cost=0.00..97.81 rows=1 width=84)
                           Join Filter: ((st_transform(s_3335.the_geom, 25833) && st_expand(schw_3335.schw, '300'::double precision)) AND (schw_3335.schw && st_expand(st_transform(s_3335.the_geom, 25833), '300'::double precision)) AND _st_dwithin(st_transform(s_3335.the_geom, 25833), schw_3335.schw, '300'::double precision))
                           ->  Function Scan on schw_3335  (cost=0.00..0.01 rows=1 width=32)
                           ->  Seq Scan on phoml_trajectory_tmp s_3335  (cost=0.00..95.68 rows=17 width=40)
                                 Filter: ((unix_time >= '1685451483.054'::double precision) AND (unix_time <= '1685451543.054'::double precision))
   ->  Subquery Scan on "*SELECT* 3337"  (cost=97.82..97.83 rows=1 width=76)
         ->  Limit  (cost=97.82..97.82 rows=1 width=84)
               ->  Sort  (cost=97.82..97.82 rows=1 width=84)
                     Sort Key: (st_distance(st_transform(s_3336.the_geom, 25833), schw_3336.schw))
                     ->  Nested Loop  (cost=0.00..97.81 rows=1 width=84)
                           Join Filter: ((st_transform(s_3336.the_geom, 25833) && st_expand(schw_3336.schw, '300'::double precision)) AND (schw_3336.schw && st_expand(st_transform(s_3336.the_geom, 25833), '300'::double precision)) AND _st_dwithin(st_transform(s_3336.the_geom, 25833), schw_3336.schw, '300'::double precision))
                           ->  Function Scan on schw_3336  (cost=0.00..0.01 rows=1 width=32)
                           ->  Seq Scan on phoml_trajectory_tmp s_3336  (cost=0.00..95.68 rows=17 width=40)
                                 Filter: ((unix_time >= '1685451483.381'::double precision) AND (unix_time <= '1685451543.381'::double precision))
   ->  Subquery Scan on "*SELECT* 3338"  (cost=97.82..97.83 rows=1 width=76)
         ->  Limit  (cost=97.82..97.82 rows=1 width=84)
               ->  Sort  (cost=97.82..97.82 rows=1 width=84)
                     Sort Key: (st_distance(st_transform(s_3337.the_geom, 25833), schw_3337.schw))
                     ->  Nested Loop  (cost=0.00..97.81 rows=1 width=84)
                           Join Filter: ((st_transform(s_3337.the_geom, 25833) && st_expand(schw_3337.schw, '300'::double precision)) AND (schw_3337.schw && st_expand(st_transform(s_3337.the_geom, 25833), '300'::double precision)) AND _st_dwithin(st_transform(s_3337.the_geom, 25833), schw_3337.schw, '300'::double precision))
                           ->  Function Scan on schw_3337  (cost=0.00..0.01 rows=1 width=32)
                           ->  Seq Scan on phoml_trajectory_tmp s_3337  (cost=0.00..95.68 rows=17 width=40)
                                 Filter: ((unix_time >= '1685451483.701'::double precision) AND (unix_time <= '1685451543.701'::double precision))
   ->  Subquery Scan on "*SELECT* 3339"  (cost=97.82..97.83 rows=1 width=76)
         ->  Limit  (cost=97.82..97.82 rows=1 width=84)
               ->  Sort  (cost=97.82..97.82 rows=1 width=84)
                     Sort Key: (st_distance(st_transform(s_3338.the_geom, 25833), schw_3338.schw))
                     ->  Nested Loop  (cost=0.00..97.81 rows=1 width=84)
                           Join Filter: ((st_transform(s_3338.the_geom, 25833) && st_expand(schw_3338.schw, '300'::double precision)) AND (schw_3338.schw && st_expand(st_transform(s_3338.the_geom, 25833), '300'::double precision)) AND _st_dwithin(st_transform(s_3338.the_geom, 25833), schw_3338.schw, '300'::double precision))
                           ->  Function Scan on schw_3338  (cost=0.00..0.01 rows=1 width=32)
                           ->  Seq Scan on phoml_trajectory_tmp s_3338  (cost=0.00..95.68 rows=17 width=40)
                                 Filter: ((unix_time >= '1685451484.031'::double precision) AND (unix_time <= '1685451544.031'::double precision))
   ->  Subquery Scan on "*SELECT* 3340"  (cost=97.82..97.83 rows=1 width=76)
         ->  Limit  (cost=97.82..97.82 rows=1 width=84)
               ->  Sort  (cost=97.82..97.82 rows=1 width=84)
                     Sort Key: (st_distance(st_transform(s_3339.the_geom, 25833), schw_3339.schw))
                     ->  Nested Loop  (cost=0.00..97.81 rows=1 width=84)
                           Join Filter: ((st_transform(s_3339.the_geom, 25833) && st_expand(schw_3339.schw, '300'::double precision)) AND (schw_3339.schw && st_expand(st_transform(s_3339.the_geom, 25833), '300'::double precision)) AND _st_dwithin(st_transform(s_3339.the_geom, 25833), schw_3339.schw, '300'::double precision))
                           ->  Function Scan on schw_3339  (cost=0.00..0.01 rows=1 width=32)
                           ->  Seq Scan on phoml_trajectory_tmp s_3339  (cost=0.00..95.68 rows=17 width=40)
                                 Filter: ((unix_time >= '1685451484.361'::double precision) AND (unix_time <= '1685451544.361'::double precision))
   ->  Subquery Scan on "*SELECT* 3341"  (cost=97.82..97.83 rows=1 width=76)
         ->  Limit  (cost=97.82..97.82 rows=1 width=84)
               ->  Sort  (cost=97.82..97.82 rows=1 width=84)
                     Sort Key: (st_distance(st_transform(s_3340.the_geom, 25833), schw_3340.schw))
                     ->  Nested Loop  (cost=0.00..97.81 rows=1 width=84)
                           Join Filter: ((st_transform(s_3340.the_geom, 25833) && st_expand(schw_3340.schw, '300'::double precision)) AND (schw_3340.schw && st_expand(st_transform(s_3340.the_geom, 25833), '300'::double precision)) AND _st_dwithin(st_transform(s_3340.the_geom, 25833), schw_3340.schw, '300'::double precision))
                           ->  Function Scan on schw_3340  (cost=0.00..0.01 rows=1 width=32)
                           ->  Seq Scan on phoml_trajectory_tmp s_3340  (cost=0.00..95.68 rows=17 width=40)
                                 Filter: ((unix_time >= '1685451484.681'::double precision) AND (unix_time <= '1685451544.681'::double precision))
   ->  Subquery Scan on "*SELECT* 3342"  (cost=97.82..97.83 rows=1 width=76)
         ->  Limit  (cost=97.82..97.82 rows=1 width=84)
               ->  Sort  (cost=97.82..97.82 rows=1 width=84)
                     Sort Key: (st_distance(st_transform(s_3341.the_geom, 25833), schw_3341.schw))
                     ->  Nested Loop  (cost=0.00..97.81 rows=1 width=84)
                           Join Filter: ((st_transform(s_3341.the_geom, 25833) && st_expand(schw_3341.schw, '300'::double precision)) AND (schw_3341.schw && st_expand(st_transform(s_3341.the_geom, 25833), '300'::double precision)) AND _st_dwithin(st_transform(s_3341.the_geom, 25833), schw_3341.schw, '300'::double precision))
                           ->  Function Scan on schw_3341  (cost=0.00..0.01 rows=1 width=32)
                           ->  Seq Scan on phoml_trajectory_tmp s_3341  (cost=0.00..95.68 rows=17 width=40)
                                 Filter: ((unix_time >= '1685451485.021'::double precision) AND (unix_time <= '1685451545.021'::double precision))
   ->  Subquery Scan on "*SELECT* 3343"  (cost=97.82..97.83 rows=1 width=76)
         ->  Limit  (cost=97.82..97.82 rows=1 width=84)
               ->  Sort  (cost=97.82..97.82 rows=1 width=84)
                     Sort Key: (st_distance(st_transform(s_3342.the_geom, 25833), schw_3342.schw))
                     ->  Nested Loop  (cost=0.00..97.81 rows=1 width=84)
                           Join Filter: ((st_transform(s_3342.the_geom, 25833) && st_expand(schw_3342.schw, '300'::double precision)) AND (schw_3342.schw && st_expand(st_transform(s_3342.the_geom, 25833), '300'::double precision)) AND _st_dwithin(st_transform(s_3342.the_geom, 25833), schw_3342.schw, '300'::double precision))
                           ->  Function Scan on schw_3342  (cost=0.00..0.01 rows=1 width=32)
                           ->  Seq Scan on phoml_trajectory_tmp s_3342  (cost=0.00..95.68 rows=17 width=40)
                                 Filter: ((unix_time >= '1685451485.335'::double precision) AND (unix_time <= '1685451545.335'::double precision))
   ->  Subquery Scan on "*SELECT* 3344"  (cost=97.82..97.83 rows=1 width=76)
         ->  Limit  (cost=97.82..97.82 rows=1 width=84)
               ->  Sort  (cost=97.82..97.82 rows=1 width=84)
                     Sort Key: (st_distance(st_transform(s_3343.the_geom, 25833), schw_3343.schw))
                     ->  Nested Loop  (cost=0.00..97.81 rows=1 width=84)
                           Join Filter: ((st_transform(s_3343.the_geom, 25833) && st_expand(schw_3343.schw, '300'::double precision)) AND (schw_3343.schw && st_expand(st_transform(s_3343.the_geom, 25833), '300'::double precision)) AND _st_dwithin(st_transform(s_3343.the_geom, 25833), schw_3343.schw, '300'::double precision))
                           ->  Function Scan on schw_3343  (cost=0.00..0.01 rows=1 width=32)
                           ->  Seq Scan on phoml_trajectory_tmp s_3343  (cost=0.00..95.68 rows=17 width=40)
                                 Filter: ((unix_time >= '1685451485.675'::double precision) AND (unix_time <= '1685451545.675'::double precision))
   ->  Subquery Scan on "*SELECT* 3345"  (cost=97.82..97.83 rows=1 width=76)
         ->  Limit  (cost=97.82..97.82 rows=1 width=84)
               ->  Sort  (cost=97.82..97.82 rows=1 width=84)
                     Sort Key: (st_distance(st_transform(s_3344.the_geom, 25833), schw_3344.schw))
                     ->  Nested Loop  (cost=0.00..97.81 rows=1 width=84)
                           Join Filter: ((st_transform(s_3344.the_geom, 25833) && st_expand(schw_3344.schw, '300'::double precision)) AND (schw_3344.schw && st_expand(st_transform(s_3344.the_geom, 25833), '300'::double precision)) AND _st_dwithin(st_transform(s_3344.the_geom, 25833), schw_3344.schw, '300'::double precision))
                           ->  Function Scan on schw_3344  (cost=0.00..0.01 rows=1 width=32)
                           ->  Seq Scan on phoml_trajectory_tmp s_3344  (cost=0.00..95.68 rows=17 width=40)
                                 Filter: ((unix_time >= '1685451486.005'::double precision) AND (unix_time <= '1685451546.005'::double precision))
   ->  Subquery Scan on "*SELECT* 3346"  (cost=97.82..97.83 rows=1 width=76)
         ->  Limit  (cost=97.82..97.82 rows=1 width=84)
               ->  Sort  (cost=97.82..97.82 rows=1 width=84)
                     Sort Key: (st_distance(st_transform(s_3345.the_geom, 25833), schw_3345.schw))
                     ->  Nested Loop  (cost=0.00..97.81 rows=1 width=84)
                           Join Filter: ((st_transform(s_3345.the_geom, 25833) && st_expand(schw_3345.schw, '300'::double precision)) AND (schw_3345.schw && st_expand(st_transform(s_3345.the_geom, 25833), '300'::double precision)) AND _st_dwithin(st_transform(s_3345.the_geom, 25833), schw_3345.schw, '300'::double precision))
                           ->  Function Scan on schw_3345  (cost=0.00..0.01 rows=1 width=32)
                           ->  Seq Scan on phoml_trajectory_tmp s_3345  (cost=0.00..95.68 rows=17 width=40)
                                 Filter: ((unix_time >= '1685451486.332'::double precision) AND (unix_time <= '1685451546.332'::double precision))
   ->  Subquery Scan on "*SELECT* 3347"  (cost=97.82..97.83 rows=1 width=76)
         ->  Limit  (cost=97.82..97.82 rows=1 width=84)
               ->  Sort  (cost=97.82..97.82 rows=1 width=84)
                     Sort Key: (st_distance(st_transform(s_3346.the_geom, 25833), schw_3346.schw))
                     ->  Nested Loop  (cost=0.00..97.81 rows=1 width=84)
                           Join Filter: ((st_transform(s_3346.the_geom, 25833) && st_expand(schw_3346.schw, '300'::double precision)) AND (schw_3346.schw && st_expand(st_transform(s_3346.the_geom, 25833), '300'::double precision)) AND _st_dwithin(st_transform(s_3346.the_geom, 25833), schw_3346.schw, '300'::double precision))
                           ->  Function Scan on schw_3346  (cost=0.00..0.01 rows=1 width=32)
                           ->  Seq Scan on phoml_trajectory_tmp s_3346  (cost=0.00..95.68 rows=17 width=40)
                                 Filter: ((unix_time >= '1685451486.672'::double precision) AND (unix_time <= '1685451546.672'::double precision))
   ->  Subquery Scan on "*SELECT* 3348"  (cost=97.82..97.83 rows=1 width=76)
         ->  Limit  (cost=97.82..97.82 rows=1 width=84)
               ->  Sort  (cost=97.82..97.82 rows=1 width=84)
                     Sort Key: (st_distance(st_transform(s_3347.the_geom, 25833), schw_3347.schw))
                     ->  Nested Loop  (cost=0.00..97.81 rows=1 width=84)
                           Join Filter: ((st_transform(s_3347.the_geom, 25833) && st_expand(schw_3347.schw, '300'::double precision)) AND (schw_3347.schw && st_expand(st_transform(s_3347.the_geom, 25833), '300'::double precision)) AND _st_dwithin(st_transform(s_3347.the_geom, 25833), schw_3347.schw, '300'::double precision))
                           ->  Function Scan on schw_3347  (cost=0.00..0.01 rows=1 width=32)
                           ->  Seq Scan on phoml_trajectory_tmp s_3347  (cost=0.00..95.68 rows=17 width=40)
                                 Filter: ((unix_time >= '1685451487.002'::double precision) AND (unix_time <= '1685451547.002'::double precision))
   ->  Subquery Scan on "*SELECT* 3349"  (cost=97.82..97.83 rows=1 width=76)
         ->  Limit  (cost=97.82..97.82 rows=1 width=84)
               ->  Sort  (cost=97.82..97.82 rows=1 width=84)
                     Sort Key: (st_distance(st_transform(s_3348.the_geom, 25833), schw_3348.schw))
                     ->  Nested Loop  (cost=0.00..97.81 rows=1 width=84)
                           Join Filter: ((st_transform(s_3348.the_geom, 25833) && st_expand(schw_3348.schw, '300'::double precision)) AND (schw_3348.schw && st_expand(st_transform(s_3348.the_geom, 25833), '300'::double precision)) AND _st_dwithin(st_transform(s_3348.the_geom, 25833), schw_3348.schw, '300'::double precision))
                           ->  Function Scan on schw_3348  (cost=0.00..0.01 rows=1 width=32)
                           ->  Seq Scan on phoml_trajectory_tmp s_3348  (cost=0.00..95.68 rows=17 width=40)
                                 Filter: ((unix_time >= '1685451487.333'::double precision) AND (unix_time <= '1685451547.333'::double precision))
   ->  Subquery Scan on "*SELECT* 3350"  (cost=97.82..97.83 rows=1 width=76)
         ->  Limit  (cost=97.82..97.82 rows=1 width=84)
               ->  Sort  (cost=97.82..97.82 rows=1 width=84)
                     Sort Key: (st_distance(st_transform(s_3349.the_geom, 25833), schw_3349.schw))
                     ->  Nested Loop  (cost=0.00..97.81 rows=1 width=84)
                           Join Filter: ((st_transform(s_3349.the_geom, 25833) && st_expand(schw_3349.schw, '300'::double precision)) AND (schw_3349.schw && st_expand(st_transform(s_3349.the_geom, 25833), '300'::double precision)) AND _st_dwithin(st_transform(s_3349.the_geom, 25833), schw_3349.schw, '300'::double precision))
                           ->  Function Scan on schw_3349  (cost=0.00..0.01 rows=1 width=32)
                           ->  Seq Scan on phoml_trajectory_tmp s_3349  (cost=0.00..95.68 rows=17 width=40)
                                 Filter: ((unix_time >= '1685451487.663'::double precision) AND (unix_time <= '1685451547.663'::double precision))
   ->  Subquery Scan on "*SELECT* 3351"  (cost=97.82..97.83 rows=1 width=76)
         ->  Limit  (cost=97.82..97.82 rows=1 width=84)
               ->  Sort  (cost=97.82..97.82 rows=1 width=84)
                     Sort Key: (st_distance(st_transform(s_3350.the_geom, 25833), schw_3350.schw))
                     ->  Nested Loop  (cost=0.00..97.81 rows=1 width=84)
                           Join Filter: ((st_transform(s_3350.the_geom, 25833) && st_expand(schw_3350.schw, '300'::double precision)) AND (schw_3350.schw && st_expand(st_transform(s_3350.the_geom, 25833), '300'::double precision)) AND _st_dwithin(st_transform(s_3350.the_geom, 25833), schw_3350.schw, '300'::double precision))
                           ->  Function Scan on schw_3350  (cost=0.00..0.01 rows=1 width=32)
                           ->  Seq Scan on phoml_trajectory_tmp s_3350  (cost=0.00..95.68 rows=17 width=40)
                                 Filter: ((unix_time >= '1685451488.003'::double precision) AND (unix_time <= '1685451548.003'::double precision))
   ->  Subquery Scan on "*SELECT* 3352"  (cost=97.82..97.83 rows=1 width=76)
         ->  Limit  (cost=97.82..97.82 rows=1 width=84)
               ->  Sort  (cost=97.82..97.82 rows=1 width=84)
                     Sort Key: (st_distance(st_transform(s_3351.the_geom, 25833), schw_3351.schw))
                     ->  Nested Loop  (cost=0.00..97.81 rows=1 width=84)
                           Join Filter: ((st_transform(s_3351.the_geom, 25833) && st_expand(schw_3351.schw, '300'::double precision)) AND (schw_3351.schw && st_expand(st_transform(s_3351.the_geom, 25833), '300'::double precision)) AND _st_dwithin(st_transform(s_3351.the_geom, 25833), schw_3351.schw, '300'::double precision))
                           ->  Function Scan on schw_3351  (cost=0.00..0.01 rows=1 width=32)
                           ->  Seq Scan on phoml_trajectory_tmp s_3351  (cost=0.00..95.68 rows=17 width=40)
                                 Filter: ((unix_time >= '1685451488.341'::double precision) AND (unix_time <= '1685451548.341'::double precision))
   ->  Subquery Scan on "*SELECT* 3353"  (cost=97.82..97.83 rows=1 width=76)
         ->  Limit  (cost=97.82..97.82 rows=1 width=84)
               ->  Sort  (cost=97.82..97.82 rows=1 width=84)
                     Sort Key: (st_distance(st_transform(s_3352.the_geom, 25833), schw_3352.schw))
                     ->  Nested Loop  (cost=0.00..97.81 rows=1 width=84)
                           Join Filter: ((st_transform(s_3352.the_geom, 25833) && st_expand(schw_3352.schw, '300'::double precision)) AND (schw_3352.schw && st_expand(st_transform(s_3352.the_geom, 25833), '300'::double precision)) AND _st_dwithin(st_transform(s_3352.the_geom, 25833), schw_3352.schw, '300'::double precision))
                           ->  Function Scan on schw_3352  (cost=0.00..0.01 rows=1 width=32)
                           ->  Seq Scan on phoml_trajectory_tmp s_3352  (cost=0.00..95.68 rows=17 width=40)
                                 Filter: ((unix_time >= '1685451488.681'::double precision) AND (unix_time <= '1685451548.681'::double precision))
   ->  Subquery Scan on "*SELECT* 3354"  (cost=97.82..97.83 rows=1 width=76)
         ->  Limit  (cost=97.82..97.82 rows=1 width=84)
               ->  Sort  (cost=97.82..97.82 rows=1 width=84)
                     Sort Key: (st_distance(st_transform(s_3353.the_geom, 25833), schw_3353.schw))
                     ->  Nested Loop  (cost=0.00..97.81 rows=1 width=84)
                           Join Filter: ((st_transform(s_3353.the_geom, 25833) && st_expand(schw_3353.schw, '300'::double precision)) AND (schw_3353.schw && st_expand(st_transform(s_3353.the_geom, 25833), '300'::double precision)) AND _st_dwithin(st_transform(s_3353.the_geom, 25833), schw_3353.schw, '300'::double precision))
                           ->  Function Scan on schw_3353  (cost=0.00..0.01 rows=1 width=32)
                           ->  Seq Scan on phoml_trajectory_tmp s_3353  (cost=0.00..95.68 rows=17 width=40)
                                 Filter: ((unix_time >= '1685451489.021'::double precision) AND (unix_time <= '1685451549.021'::double precision))
   ->  Subquery Scan on "*SELECT* 3355"  (cost=97.82..97.83 rows=1 width=76)
         ->  Limit  (cost=97.82..97.82 rows=1 width=84)
               ->  Sort  (cost=97.82..97.82 rows=1 width=84)
                     Sort Key: (st_distance(st_transform(s_3354.the_geom, 25833), schw_3354.schw))
                     ->  Nested Loop  (cost=0.00..97.81 rows=1 width=84)
                           Join Filter: ((st_transform(s_3354.the_geom, 25833) && st_expand(schw_3354.schw, '300'::double precision)) AND (schw_3354.schw && st_expand(st_transform(s_3354.the_geom, 25833), '300'::double precision)) AND _st_dwithin(st_transform(s_3354.the_geom, 25833), schw_3354.schw, '300'::double precision))
                           ->  Function Scan on schw_3354  (cost=0.00..0.01 rows=1 width=32)
                           ->  Seq Scan on phoml_trajectory_tmp s_3354  (cost=0.00..95.68 rows=17 width=40)
                                 Filter: ((unix_time >= '1685451489.36'::double precision) AND (unix_time <= '1685451549.36'::double precision))
   ->  Subquery Scan on "*SELECT* 3356"  (cost=97.82..97.83 rows=1 width=76)
         ->  Limit  (cost=97.82..97.82 rows=1 width=84)
               ->  Sort  (cost=97.82..97.82 rows=1 width=84)
                     Sort Key: (st_distance(st_transform(s_3355.the_geom, 25833), schw_3355.schw))
                     ->  Nested Loop  (cost=0.00..97.81 rows=1 width=84)
                           Join Filter: ((st_transform(s_3355.the_geom, 25833) && st_expand(schw_3355.schw, '300'::double precision)) AND (schw_3355.schw && st_expand(st_transform(s_3355.the_geom, 25833), '300'::double precision)) AND _st_dwithin(st_transform(s_3355.the_geom, 25833), schw_3355.schw, '300'::double precision))
                           ->  Function Scan on schw_3355  (cost=0.00..0.01 rows=1 width=32)
                           ->  Seq Scan on phoml_trajectory_tmp s_3355  (cost=0.00..95.68 rows=17 width=40)
                                 Filter: ((unix_time >= '1685451489.7'::double precision) AND (unix_time <= '1685451549.7'::double precision))
   ->  Subquery Scan on "*SELECT* 3357"  (cost=97.82..97.83 rows=1 width=76)
         ->  Limit  (cost=97.82..97.82 rows=1 width=84)
               ->  Sort  (cost=97.82..97.82 rows=1 width=84)
                     Sort Key: (st_distance(st_transform(s_3356.the_geom, 25833), schw_3356.schw))
                     ->  Nested Loop  (cost=0.00..97.81 rows=1 width=84)
                           Join Filter: ((st_transform(s_3356.the_geom, 25833) && st_expand(schw_3356.schw, '300'::double precision)) AND (schw_3356.schw && st_expand(st_transform(s_3356.the_geom, 25833), '300'::double precision)) AND _st_dwithin(st_transform(s_3356.the_geom, 25833), schw_3356.schw, '300'::double precision))
                           ->  Function Scan on schw_3356  (cost=0.00..0.01 rows=1 width=32)
                           ->  Seq Scan on phoml_trajectory_tmp s_3356  (cost=0.00..95.68 rows=17 width=40)
                                 Filter: ((unix_time >= '1685451490.03'::double precision) AND (unix_time <= '1685451550.03'::double precision))
   ->  Subquery Scan on "*SELECT* 3358"  (cost=97.82..97.83 rows=1 width=76)
         ->  Limit  (cost=97.82..97.82 rows=1 width=84)
               ->  Sort  (cost=97.82..97.82 rows=1 width=84)
                     Sort Key: (st_distance(st_transform(s_3357.the_geom, 25833), schw_3357.schw))
                     ->  Nested Loop  (cost=0.00..97.81 rows=1 width=84)
                           Join Filter: ((st_transform(s_3357.the_geom, 25833) && st_expand(schw_3357.schw, '300'::double precision)) AND (schw_3357.schw && st_expand(st_transform(s_3357.the_geom, 25833), '300'::double precision)) AND _st_dwithin(st_transform(s_3357.the_geom, 25833), schw_3357.schw, '300'::double precision))
                           ->  Function Scan on schw_3357  (cost=0.00..0.01 rows=1 width=32)
                           ->  Seq Scan on phoml_trajectory_tmp s_3357  (cost=0.00..95.68 rows=17 width=40)
                                 Filter: ((unix_time >= '1685451490.364'::double precision) AND (unix_time <= '1685451550.364'::double precision))
   ->  Subquery Scan on "*SELECT* 3359"  (cost=97.82..97.83 rows=1 width=76)
         ->  Limit  (cost=97.82..97.82 rows=1 width=84)
               ->  Sort  (cost=97.82..97.82 rows=1 width=84)
                     Sort Key: (st_distance(st_transform(s_3358.the_geom, 25833), schw_3358.schw))
                     ->  Nested Loop  (cost=0.00..97.81 rows=1 width=84)
                           Join Filter: ((st_transform(s_3358.the_geom, 25833) && st_expand(schw_3358.schw, '300'::double precision)) AND (schw_3358.schw && st_expand(st_transform(s_3358.the_geom, 25833), '300'::double precision)) AND _st_dwithin(st_transform(s_3358.the_geom, 25833), schw_3358.schw, '300'::double precision))
                           ->  Function Scan on schw_3358  (cost=0.00..0.01 rows=1 width=32)
                           ->  Seq Scan on phoml_trajectory_tmp s_3358  (cost=0.00..95.68 rows=17 width=40)
                                 Filter: ((unix_time >= '1685451490.714'::double precision) AND (unix_time <= '1685451550.714'::double precision))
   ->  Subquery Scan on "*SELECT* 3360"  (cost=97.82..97.83 rows=1 width=76)
         ->  Limit  (cost=97.82..97.82 rows=1 width=84)
               ->  Sort  (cost=97.82..97.82 rows=1 width=84)
                     Sort Key: (st_distance(st_transform(s_3359.the_geom, 25833), schw_3359.schw))
                     ->  Nested Loop  (cost=0.00..97.81 rows=1 width=84)
                           Join Filter: ((st_transform(s_3359.the_geom, 25833) && st_expand(schw_3359.schw, '300'::double precision)) AND (schw_3359.schw && st_expand(st_transform(s_3359.the_geom, 25833), '300'::double precision)) AND _st_dwithin(st_transform(s_3359.the_geom, 25833), schw_3359.schw, '300'::double precision))
                           ->  Function Scan on schw_3359  (cost=0.00..0.01 rows=1 width=32)
                           ->  Seq Scan on phoml_trajectory_tmp s_3359  (cost=0.00..95.68 rows=17 width=40)
                                 Filter: ((unix_time >= '1685451491.064'::double precision) AND (unix_time <= '1685451551.064'::double precision))
   ->  Subquery Scan on "*SELECT* 3361"  (cost=97.82..97.83 rows=1 width=76)
         ->  Limit  (cost=97.82..97.82 rows=1 width=84)
               ->  Sort  (cost=97.82..97.82 rows=1 width=84)
                     Sort Key: (st_distance(st_transform(s_3360.the_geom, 25833), schw_3360.schw))
                     ->  Nested Loop  (cost=0.00..97.81 rows=1 width=84)
                           Join Filter: ((st_transform(s_3360.the_geom, 25833) && st_expand(schw_3360.schw, '300'::double precision)) AND (schw_3360.schw && st_expand(st_transform(s_3360.the_geom, 25833), '300'::double precision)) AND _st_dwithin(st_transform(s_3360.the_geom, 25833), schw_3360.schw, '300'::double precision))
                           ->  Function Scan on schw_3360  (cost=0.00..0.01 rows=1 width=32)
                           ->  Seq Scan on phoml_trajectory_tmp s_3360  (cost=0.00..95.68 rows=17 width=40)
                                 Filter: ((unix_time >= '1685451491.397'::double precision) AND (unix_time <= '1685451551.397'::double precision))
   ->  Subquery Scan on "*SELECT* 3362"  (cost=97.82..97.83 rows=1 width=76)
         ->  Limit  (cost=97.82..97.82 rows=1 width=84)
               ->  Sort  (cost=97.82..97.82 rows=1 width=84)
                     Sort Key: (st_distance(st_transform(s_3361.the_geom, 25833), schw_3361.schw))
                     ->  Nested Loop  (cost=0.00..97.81 rows=1 width=84)
                           Join Filter: ((st_transform(s_3361.the_geom, 25833) && st_expand(schw_3361.schw, '300'::double precision)) AND (schw_3361.schw && st_expand(st_transform(s_3361.the_geom, 25833), '300'::double precision)) AND _st_dwithin(st_transform(s_3361.the_geom, 25833), schw_3361.schw, '300'::double precision))
                           ->  Function Scan on schw_3361  (cost=0.00..0.01 rows=1 width=32)
                           ->  Seq Scan on phoml_trajectory_tmp s_3361  (cost=0.00..95.68 rows=17 width=40)
                                 Filter: ((unix_time >= '1685451491.747'::double precision) AND (unix_time <= '1685451551.747'::double precision))
   ->  Subquery Scan on "*SELECT* 3363"  (cost=97.82..97.83 rows=1 width=76)
         ->  Limit  (cost=97.82..97.82 rows=1 width=84)
               ->  Sort  (cost=97.82..97.82 rows=1 width=84)
                     Sort Key: (st_distance(st_transform(s_3362.the_geom, 25833), schw_3362.schw))
                     ->  Nested Loop  (cost=0.00..97.81 rows=1 width=84)
                           Join Filter: ((st_transform(s_3362.the_geom, 25833) && st_expand(schw_3362.schw, '300'::double precision)) AND (schw_3362.schw && st_expand(st_transform(s_3362.the_geom, 25833), '300'::double precision)) AND _st_dwithin(st_transform(s_3362.the_geom, 25833), schw_3362.schw, '300'::double precision))
                           ->  Function Scan on schw_3362  (cost=0.00..0.01 rows=1 width=32)
                           ->  Seq Scan on phoml_trajectory_tmp s_3362  (cost=0.00..95.68 rows=17 width=40)
                                 Filter: ((unix_time >= '1685451492.087'::double precision) AND (unix_time <= '1685451552.087'::double precision))
   ->  Subquery Scan on "*SELECT* 3364"  (cost=97.82..97.83 rows=1 width=76)
         ->  Limit  (cost=97.82..97.82 rows=1 width=84)
               ->  Sort  (cost=97.82..97.82 rows=1 width=84)
                     Sort Key: (st_distance(st_transform(s_3363.the_geom, 25833), schw_3363.schw))
                     ->  Nested Loop  (cost=0.00..97.81 rows=1 width=84)
                           Join Filter: ((st_transform(s_3363.the_geom, 25833) && st_expand(schw_3363.schw, '300'::double precision)) AND (schw_3363.schw && st_expand(st_transform(s_3363.the_geom, 25833), '300'::double precision)) AND _st_dwithin(st_transform(s_3363.the_geom, 25833), schw_3363.schw, '300'::double precision))
                           ->  Function Scan on schw_3363  (cost=0.00..0.01 rows=1 width=32)
                           ->  Seq Scan on phoml_trajectory_tmp s_3363  (cost=0.00..95.68 rows=17 width=40)
                                 Filter: ((unix_time >= '1685451492.431'::double precision) AND (unix_time <= '1685451552.431'::double precision))
   ->  Subquery Scan on "*SELECT* 3365"  (cost=97.82..97.83 rows=1 width=76)
         ->  Limit  (cost=97.82..97.82 rows=1 width=84)
               ->  Sort  (cost=97.82..97.82 rows=1 width=84)
                     Sort Key: (st_distance(st_transform(s_3364.the_geom, 25833), schw_3364.schw))
                     ->  Nested Loop  (cost=0.00..97.81 rows=1 width=84)
                           Join Filter: ((st_transform(s_3364.the_geom, 25833) && st_expand(schw_3364.schw, '300'::double precision)) AND (schw_3364.schw && st_expand(st_transform(s_3364.the_geom, 25833), '300'::double precision)) AND _st_dwithin(st_transform(s_3364.the_geom, 25833), schw_3364.schw, '300'::double precision))
                           ->  Function Scan on schw_3364  (cost=0.00..0.01 rows=1 width=32)
                           ->  Seq Scan on phoml_trajectory_tmp s_3364  (cost=0.00..95.68 rows=17 width=40)
                                 Filter: ((unix_time >= '1685451492.771'::double precision) AND (unix_time <= '1685451552.771'::double precision))
   ->  Subquery Scan on "*SELECT* 3366"  (cost=97.82..97.83 rows=1 width=76)
         ->  Limit  (cost=97.82..97.82 rows=1 width=84)
               ->  Sort  (cost=97.82..97.82 rows=1 width=84)
                     Sort Key: (st_distance(st_transform(s_3365.the_geom, 25833), schw_3365.schw))
                     ->  Nested Loop  (cost=0.00..97.81 rows=1 width=84)
                           Join Filter: ((st_transform(s_3365.the_geom, 25833) && st_expand(schw_3365.schw, '300'::double precision)) AND (schw_3365.schw && st_expand(st_transform(s_3365.the_geom, 25833), '300'::double precision)) AND _st_dwithin(st_transform(s_3365.the_geom, 25833), schw_3365.schw, '300'::double precision))
                           ->  Function Scan on schw_3365  (cost=0.00..0.01 rows=1 width=32)
                           ->  Seq Scan on phoml_trajectory_tmp s_3365  (cost=0.00..95.68 rows=17 width=40)
                                 Filter: ((unix_time >= '1685451493.131'::double precision) AND (unix_time <= '1685451553.131'::double precision))
   ->  Subquery Scan on "*SELECT* 3367"  (cost=97.82..97.83 rows=1 width=76)
         ->  Limit  (cost=97.82..97.82 rows=1 width=84)
               ->  Sort  (cost=97.82..97.82 rows=1 width=84)
                     Sort Key: (st_distance(st_transform(s_3366.the_geom, 25833), schw_3366.schw))
                     ->  Nested Loop  (cost=0.00..97.81 rows=1 width=84)
                           Join Filter: ((st_transform(s_3366.the_geom, 25833) && st_expand(schw_3366.schw, '300'::double precision)) AND (schw_3366.schw && st_expand(st_transform(s_3366.the_geom, 25833), '300'::double precision)) AND _st_dwithin(st_transform(s_3366.the_geom, 25833), schw_3366.schw, '300'::double precision))
                           ->  Function Scan on schw_3366  (cost=0.00..0.01 rows=1 width=32)
                           ->  Seq Scan on phoml_trajectory_tmp s_3366  (cost=0.00..95.68 rows=17 width=40)
                                 Filter: ((unix_time >= '1685451493.474'::double precision) AND (unix_time <= '1685451553.474'::double precision))
   ->  Subquery Scan on "*SELECT* 3368"  (cost=97.82..97.83 rows=1 width=76)
         ->  Limit  (cost=97.82..97.82 rows=1 width=84)
               ->  Sort  (cost=97.82..97.82 rows=1 width=84)
                     Sort Key: (st_distance(st_transform(s_3367.the_geom, 25833), schw_3367.schw))
                     ->  Nested Loop  (cost=0.00..97.81 rows=1 width=84)
                           Join Filter: ((st_transform(s_3367.the_geom, 25833) && st_expand(schw_3367.schw, '300'::double precision)) AND (schw_3367.schw && st_expand(st_transform(s_3367.the_geom, 25833), '300'::double precision)) AND _st_dwithin(st_transform(s_3367.the_geom, 25833), schw_3367.schw, '300'::double precision))
                           ->  Function Scan on schw_3367  (cost=0.00..0.01 rows=1 width=32)
                           ->  Seq Scan on phoml_trajectory_tmp s_3367  (cost=0.00..95.68 rows=17 width=40)
                                 Filter: ((unix_time >= '1685451493.804'::double precision) AND (unix_time <= '1685451553.804'::double precision))
   ->  Subquery Scan on "*SELECT* 3369"  (cost=97.82..97.83 rows=1 width=76)
         ->  Limit  (cost=97.82..97.82 rows=1 width=84)
               ->  Sort  (cost=97.82..97.82 rows=1 width=84)
                     Sort Key: (st_distance(st_transform(s_3368.the_geom, 25833), schw_3368.schw))
                     ->  Nested Loop  (cost=0.00..97.81 rows=1 width=84)
                           Join Filter: ((st_transform(s_3368.the_geom, 25833) && st_expand(schw_3368.schw, '300'::double precision)) AND (schw_3368.schw && st_expand(st_transform(s_3368.the_geom, 25833), '300'::double precision)) AND _st_dwithin(st_transform(s_3368.the_geom, 25833), schw_3368.schw, '300'::double precision))
                           ->  Function Scan on schw_3368  (cost=0.00..0.01 rows=1 width=32)
                           ->  Seq Scan on phoml_trajectory_tmp s_3368  (cost=0.00..95.68 rows=17 width=40)
                                 Filter: ((unix_time >= '1685451494.165'::double precision) AND (unix_time <= '1685451554.165'::double precision))
   ->  Subquery Scan on "*SELECT* 3370"  (cost=97.82..97.83 rows=1 width=76)
         ->  Limit  (cost=97.82..97.82 rows=1 width=84)
               ->  Sort  (cost=97.82..97.82 rows=1 width=84)
                     Sort Key: (st_distance(st_transform(s_3369.the_geom, 25833), schw_3369.schw))
                     ->  Nested Loop  (cost=0.00..97.81 rows=1 width=84)
                           Join Filter: ((st_transform(s_3369.the_geom, 25833) && st_expand(schw_3369.schw, '300'::double precision)) AND (schw_3369.schw && st_expand(st_transform(s_3369.the_geom, 25833), '300'::double precision)) AND _st_dwithin(st_transform(s_3369.the_geom, 25833), schw_3369.schw, '300'::double precision))
                           ->  Function Scan on schw_3369  (cost=0.00..0.01 rows=1 width=32)
                           ->  Seq Scan on phoml_trajectory_tmp s_3369  (cost=0.00..95.68 rows=17 width=40)
                                 Filter: ((unix_time >= '1685451494.505'::double precision) AND (unix_time <= '1685451554.505'::double precision))
   ->  Subquery Scan on "*SELECT* 3371"  (cost=97.82..97.83 rows=1 width=76)
         ->  Limit  (cost=97.82..97.82 rows=1 width=84)
               ->  Sort  (cost=97.82..97.82 rows=1 width=84)
                     Sort Key: (st_distance(st_transform(s_3370.the_geom, 25833), schw_3370.schw))
                     ->  Nested Loop  (cost=0.00..97.81 rows=1 width=84)
                           Join Filter: ((st_transform(s_3370.the_geom, 25833) && st_expand(schw_3370.schw, '300'::double precision)) AND (schw_3370.schw && st_expand(st_transform(s_3370.the_geom, 25833), '300'::double precision)) AND _st_dwithin(st_transform(s_3370.the_geom, 25833), schw_3370.schw, '300'::double precision))
                           ->  Function Scan on schw_3370  (cost=0.00..0.01 rows=1 width=32)
                           ->  Seq Scan on phoml_trajectory_tmp s_3370  (cost=0.00..95.68 rows=17 width=40)
                                 Filter: ((unix_time >= '1685451494.845'::double precision) AND (unix_time <= '1685451554.845'::double precision))
   ->  Subquery Scan on "*SELECT* 3372"  (cost=97.82..97.83 rows=1 width=76)
         ->  Limit  (cost=97.82..97.82 rows=1 width=84)
               ->  Sort  (cost=97.82..97.82 rows=1 width=84)
                     Sort Key: (st_distance(st_transform(s_3371.the_geom, 25833), schw_3371.schw))
                     ->  Nested Loop  (cost=0.00..97.81 rows=1 width=84)
                           Join Filter: ((st_transform(s_3371.the_geom, 25833) && st_expand(schw_3371.schw, '300'::double precision)) AND (schw_3371.schw && st_expand(st_transform(s_3371.the_geom, 25833), '300'::double precision)) AND _st_dwithin(st_transform(s_3371.the_geom, 25833), schw_3371.schw, '300'::double precision))
                           ->  Function Scan on schw_3371  (cost=0.00..0.01 rows=1 width=32)
                           ->  Seq Scan on phoml_trajectory_tmp s_3371  (cost=0.00..95.68 rows=17 width=40)
                                 Filter: ((unix_time >= '1685451495.197'::double precision) AND (unix_time <= '1685451555.197'::double precision))
   ->  Subquery Scan on "*SELECT* 3373"  (cost=97.82..97.83 rows=1 width=76)
         ->  Limit  (cost=97.82..97.82 rows=1 width=84)
               ->  Sort  (cost=97.82..97.82 rows=1 width=84)
                     Sort Key: (st_distance(st_transform(s_3372.the_geom, 25833), schw_3372.schw))
                     ->  Nested Loop  (cost=0.00..97.81 rows=1 width=84)
                           Join Filter: ((st_transform(s_3372.the_geom, 25833) && st_expand(schw_3372.schw, '300'::double precision)) AND (schw_3372.schw && st_expand(st_transform(s_3372.the_geom, 25833), '300'::double precision)) AND _st_dwithin(st_transform(s_3372.the_geom, 25833), schw_3372.schw, '300'::double precision))
                           ->  Function Scan on schw_3372  (cost=0.00..0.01 rows=1 width=32)
                           ->  Seq Scan on phoml_trajectory_tmp s_3372  (cost=0.00..95.68 rows=17 width=40)
                                 Filter: ((unix_time >= '1685451495.527'::double precision) AND (unix_time <= '1685451555.527'::double precision))
   ->  Subquery Scan on "*SELECT* 3374"  (cost=97.82..97.83 rows=1 width=76)
         ->  Limit  (cost=97.82..97.82 rows=1 width=84)
               ->  Sort  (cost=97.82..97.82 rows=1 width=84)
                     Sort Key: (st_distance(st_transform(s_3373.the_geom, 25833), schw_3373.schw))
                     ->  Nested Loop  (cost=0.00..97.81 rows=1 width=84)
                           Join Filter: ((st_transform(s_3373.the_geom, 25833) && st_expand(schw_3373.schw, '300'::double precision)) AND (schw_3373.schw && st_expand(st_transform(s_3373.the_geom, 25833), '300'::double precision)) AND _st_dwithin(st_transform(s_3373.the_geom, 25833), schw_3373.schw, '300'::double precision))
                           ->  Function Scan on schw_3373  (cost=0.00..0.01 rows=1 width=32)
                           ->  Seq Scan on phoml_trajectory_tmp s_3373  (cost=0.00..95.68 rows=17 width=40)
                                 Filter: ((unix_time >= '1685451495.857'::double precision) AND (unix_time <= '1685451555.857'::double precision))
   ->  Subquery Scan on "*SELECT* 3375"  (cost=97.82..97.83 rows=1 width=76)
         ->  Limit  (cost=97.82..97.82 rows=1 width=84)
               ->  Sort  (cost=97.82..97.82 rows=1 width=84)
                     Sort Key: (st_distance(st_transform(s_3374.the_geom, 25833), schw_3374.schw))
                     ->  Nested Loop  (cost=0.00..97.81 rows=1 width=84)
                           Join Filter: ((st_transform(s_3374.the_geom, 25833) && st_expand(schw_3374.schw, '300'::double precision)) AND (schw_3374.schw && st_expand(st_transform(s_3374.the_geom, 25833), '300'::double precision)) AND _st_dwithin(st_transform(s_3374.the_geom, 25833), schw_3374.schw, '300'::double precision))
                           ->  Function Scan on schw_3374  (cost=0.00..0.01 rows=1 width=32)
                           ->  Seq Scan on phoml_trajectory_tmp s_3374  (cost=0.00..95.68 rows=17 width=40)
                                 Filter: ((unix_time >= '1685451496.217'::double precision) AND (unix_time <= '1685451556.217'::double precision))
   ->  Subquery Scan on "*SELECT* 3376"  (cost=97.82..97.83 rows=1 width=76)
         ->  Limit  (cost=97.82..97.82 rows=1 width=84)
               ->  Sort  (cost=97.82..97.82 rows=1 width=84)
                     Sort Key: (st_distance(st_transform(s_3375.the_geom, 25833), schw_3375.schw))
                     ->  Nested Loop  (cost=0.00..97.81 rows=1 width=84)
                           Join Filter: ((st_transform(s_3375.the_geom, 25833) && st_expand(schw_3375.schw, '300'::double precision)) AND (schw_3375.schw && st_expand(st_transform(s_3375.the_geom, 25833), '300'::double precision)) AND _st_dwithin(st_transform(s_3375.the_geom, 25833), schw_3375.schw, '300'::double precision))
                           ->  Function Scan on schw_3375  (cost=0.00..0.01 rows=1 width=32)
                           ->  Seq Scan on phoml_trajectory_tmp s_3375  (cost=0.00..95.68 rows=17 width=40)
                                 Filter: ((unix_time >= '1685451496.547'::double precision) AND (unix_time <= '1685451556.547'::double precision))
   ->  Subquery Scan on "*SELECT* 3377"  (cost=97.82..97.83 rows=1 width=76)
         ->  Limit  (cost=97.82..97.82 rows=1 width=84)
               ->  Sort  (cost=97.82..97.82 rows=1 width=84)
                     Sort Key: (st_distance(st_transform(s_3376.the_geom, 25833), schw_3376.schw))
                     ->  Nested Loop  (cost=0.00..97.81 rows=1 width=84)
                           Join Filter: ((st_transform(s_3376.the_geom, 25833) && st_expand(schw_3376.schw, '300'::double precision)) AND (schw_3376.schw && st_expand(st_transform(s_3376.the_geom, 25833), '300'::double precision)) AND _st_dwithin(st_transform(s_3376.the_geom, 25833), schw_3376.schw, '300'::double precision))
                           ->  Function Scan on schw_3376  (cost=0.00..0.01 rows=1 width=32)
                           ->  Seq Scan on phoml_trajectory_tmp s_3376  (cost=0.00..95.68 rows=17 width=40)
                                 Filter: ((unix_time >= '1685451496.887'::double precision) AND (unix_time <= '1685451556.887'::double precision))
   ->  Subquery Scan on "*SELECT* 3378"  (cost=97.82..97.83 rows=1 width=76)
         ->  Limit  (cost=97.82..97.82 rows=1 width=84)
               ->  Sort  (cost=97.82..97.82 rows=1 width=84)
                     Sort Key: (st_distance(st_transform(s_3377.the_geom, 25833), schw_3377.schw))
                     ->  Nested Loop  (cost=0.00..97.81 rows=1 width=84)
                           Join Filter: ((st_transform(s_3377.the_geom, 25833) && st_expand(schw_3377.schw, '300'::double precision)) AND (schw_3377.schw && st_expand(st_transform(s_3377.the_geom, 25833), '300'::double precision)) AND _st_dwithin(st_transform(s_3377.the_geom, 25833), schw_3377.schw, '300'::double precision))
                           ->  Function Scan on schw_3377  (cost=0.00..0.01 rows=1 width=32)
                           ->  Seq Scan on phoml_trajectory_tmp s_3377  (cost=0.00..95.68 rows=17 width=40)
                                 Filter: ((unix_time >= '1685451497.22'::double precision) AND (unix_time <= '1685451557.22'::double precision))
   ->  Subquery Scan on "*SELECT* 3379"  (cost=97.82..97.83 rows=1 width=76)
         ->  Limit  (cost=97.82..97.82 rows=1 width=84)
               ->  Sort  (cost=97.82..97.82 rows=1 width=84)
                     Sort Key: (st_distance(st_transform(s_3378.the_geom, 25833), schw_3378.schw))
                     ->  Nested Loop  (cost=0.00..97.81 rows=1 width=84)
                           Join Filter: ((st_transform(s_3378.the_geom, 25833) && st_expand(schw_3378.schw, '300'::double precision)) AND (schw_3378.schw && st_expand(st_transform(s_3378.the_geom, 25833), '300'::double precision)) AND _st_dwithin(st_transform(s_3378.the_geom, 25833), schw_3378.schw, '300'::double precision))
                           ->  Function Scan on schw_3378  (cost=0.00..0.01 rows=1 width=32)
                           ->  Seq Scan on phoml_trajectory_tmp s_3378  (cost=0.00..95.68 rows=17 width=40)
                                 Filter: ((unix_time >= '1685451497.56'::double precision) AND (unix_time <= '1685451557.56'::double precision))
   ->  Subquery Scan on "*SELECT* 3380"  (cost=97.82..97.83 rows=1 width=76)
         ->  Limit  (cost=97.82..97.82 rows=1 width=84)
               ->  Sort  (cost=97.82..97.82 rows=1 width=84)
                     Sort Key: (st_distance(st_transform(s_3379.the_geom, 25833), schw_3379.schw))
                     ->  Nested Loop  (cost=0.00..97.81 rows=1 width=84)
                           Join Filter: ((st_transform(s_3379.the_geom, 25833) && st_expand(schw_3379.schw, '300'::double precision)) AND (schw_3379.schw && st_expand(st_transform(s_3379.the_geom, 25833), '300'::double precision)) AND _st_dwithin(st_transform(s_3379.the_geom, 25833), schw_3379.schw, '300'::double precision))
                           ->  Function Scan on schw_3379  (cost=0.00..0.01 rows=1 width=32)
                           ->  Seq Scan on phoml_trajectory_tmp s_3379  (cost=0.00..95.68 rows=17 width=40)
                                 Filter: ((unix_time >= '1685451497.89'::double precision) AND (unix_time <= '1685451557.89'::double precision))
   ->  Subquery Scan on "*SELECT* 3381"  (cost=97.82..97.83 rows=1 width=76)
         ->  Limit  (cost=97.82..97.82 rows=1 width=84)
               ->  Sort  (cost=97.82..97.82 rows=1 width=84)
                     Sort Key: (st_distance(st_transform(s_3380.the_geom, 25833), schw_3380.schw))
                     ->  Nested Loop  (cost=0.00..97.81 rows=1 width=84)
                           Join Filter: ((st_transform(s_3380.the_geom, 25833) && st_expand(schw_3380.schw, '300'::double precision)) AND (schw_3380.schw && st_expand(st_transform(s_3380.the_geom, 25833), '300'::double precision)) AND _st_dwithin(st_transform(s_3380.the_geom, 25833), schw_3380.schw, '300'::double precision))
                           ->  Function Scan on schw_3380  (cost=0.00..0.01 rows=1 width=32)
                           ->  Seq Scan on phoml_trajectory_tmp s_3380  (cost=0.00..95.68 rows=17 width=40)
                                 Filter: ((unix_time >= '1685451498.233'::double precision) AND (unix_time <= '1685451558.233'::double precision))
   ->  Subquery Scan on "*SELECT* 3382"  (cost=97.82..97.83 rows=1 width=76)
         ->  Limit  (cost=97.82..97.82 rows=1 width=84)
               ->  Sort  (cost=97.82..97.82 rows=1 width=84)
                     Sort Key: (st_distance(st_transform(s_3381.the_geom, 25833), schw_3381.schw))
                     ->  Nested Loop  (cost=0.00..97.81 rows=1 width=84)
                           Join Filter: ((st_transform(s_3381.the_geom, 25833) && st_expand(schw_3381.schw, '300'::double precision)) AND (schw_3381.schw && st_expand(st_transform(s_3381.the_geom, 25833), '300'::double precision)) AND _st_dwithin(st_transform(s_3381.the_geom, 25833), schw_3381.schw, '300'::double precision))
                           ->  Function Scan on schw_3381  (cost=0.00..0.01 rows=1 width=32)
                           ->  Seq Scan on phoml_trajectory_tmp s_3381  (cost=0.00..95.68 rows=17 width=40)
                                 Filter: ((unix_time >= '1685451498.563'::double precision) AND (unix_time <= '1685451558.563'::double precision))
   ->  Subquery Scan on "*SELECT* 3383"  (cost=97.82..97.83 rows=1 width=76)
         ->  Limit  (cost=97.82..97.82 rows=1 width=84)
               ->  Sort  (cost=97.82..97.82 rows=1 width=84)
                     Sort Key: (st_distance(st_transform(s_3382.the_geom, 25833), schw_3382.schw))
                     ->  Nested Loop  (cost=0.00..97.81 rows=1 width=84)
                           Join Filter: ((st_transform(s_3382.the_geom, 25833) && st_expand(schw_3382.schw, '300'::double precision)) AND (schw_3382.schw && st_expand(st_transform(s_3382.the_geom, 25833), '300'::double precision)) AND _st_dwithin(st_transform(s_3382.the_geom, 25833), schw_3382.schw, '300'::double precision))
                           ->  Function Scan on schw_3382  (cost=0.00..0.01 rows=1 width=32)
                           ->  Seq Scan on phoml_trajectory_tmp s_3382  (cost=0.00..95.68 rows=17 width=40)
                                 Filter: ((unix_time >= '1685451498.893'::double precision) AND (unix_time <= '1685451558.893'::double precision))
   ->  Subquery Scan on "*SELECT* 3384"  (cost=97.82..97.83 rows=1 width=76)
         ->  Limit  (cost=97.82..97.82 rows=1 width=84)
               ->  Sort  (cost=97.82..97.82 rows=1 width=84)
                     Sort Key: (st_distance(st_transform(s_3383.the_geom, 25833), schw_3383.schw))
                     ->  Nested Loop  (cost=0.00..97.81 rows=1 width=84)
                           Join Filter: ((st_transform(s_3383.the_geom, 25833) && st_expand(schw_3383.schw, '300'::double precision)) AND (schw_3383.schw && st_expand(st_transform(s_3383.the_geom, 25833), '300'::double precision)) AND _st_dwithin(st_transform(s_3383.the_geom, 25833), schw_3383.schw, '300'::double precision))
                           ->  Function Scan on schw_3383  (cost=0.00..0.01 rows=1 width=32)
                           ->  Seq Scan on phoml_trajectory_tmp s_3383  (cost=0.00..95.68 rows=17 width=40)
                                 Filter: ((unix_time >= '1685451499.225'::double precision) AND (unix_time <= '1685451559.225'::double precision))
   ->  Subquery Scan on "*SELECT* 3385"  (cost=97.82..97.83 rows=1 width=76)
         ->  Limit  (cost=97.82..97.82 rows=1 width=84)
               ->  Sort  (cost=97.82..97.82 rows=1 width=84)
                     Sort Key: (st_distance(st_transform(s_3384.the_geom, 25833), schw_3384.schw))
                     ->  Nested Loop  (cost=0.00..97.81 rows=1 width=84)
                           Join Filter: ((st_transform(s_3384.the_geom, 25833) && st_expand(schw_3384.schw, '300'::double precision)) AND (schw_3384.schw && st_expand(st_transform(s_3384.the_geom, 25833), '300'::double precision)) AND _st_dwithin(st_transform(s_3384.the_geom, 25833), schw_3384.schw, '300'::double precision))
                           ->  Function Scan on schw_3384  (cost=0.00..0.01 rows=1 width=32)
                           ->  Seq Scan on phoml_trajectory_tmp s_3384  (cost=0.00..95.68 rows=17 width=40)
                                 Filter: ((unix_time >= '1685451499.565'::double precision) AND (unix_time <= '1685451559.565'::double precision))
   ->  Subquery Scan on "*SELECT* 3386"  (cost=97.82..97.83 rows=1 width=76)
         ->  Limit  (cost=97.82..97.82 rows=1 width=84)
               ->  Sort  (cost=97.82..97.82 rows=1 width=84)
                     Sort Key: (st_distance(st_transform(s_3385.the_geom, 25833), schw_3385.schw))
                     ->  Nested Loop  (cost=0.00..97.81 rows=1 width=84)
                           Join Filter: ((st_transform(s_3385.the_geom, 25833) && st_expand(schw_3385.schw, '300'::double precision)) AND (schw_3385.schw && st_expand(st_transform(s_3385.the_geom, 25833), '300'::double precision)) AND _st_dwithin(st_transform(s_3385.the_geom, 25833), schw_3385.schw, '300'::double precision))
                           ->  Function Scan on schw_3385  (cost=0.00..0.01 rows=1 width=32)
                           ->  Seq Scan on phoml_trajectory_tmp s_3385  (cost=0.00..95.68 rows=17 width=40)
                                 Filter: ((unix_time >= '1685451499.895'::double precision) AND (unix_time <= '1685451559.895'::double precision))
   ->  Subquery Scan on "*SELECT* 3387"  (cost=97.82..97.83 rows=1 width=76)
         ->  Limit  (cost=97.82..97.82 rows=1 width=84)
               ->  Sort  (cost=97.82..97.82 rows=1 width=84)
                     Sort Key: (st_distance(st_transform(s_3386.the_geom, 25833), schw_3386.schw))
                     ->  Nested Loop  (cost=0.00..97.81 rows=1 width=84)
                           Join Filter: ((st_transform(s_3386.the_geom, 25833) && st_expand(schw_3386.schw, '300'::double precision)) AND (schw_3386.schw && st_expand(st_transform(s_3386.the_geom, 25833), '300'::double precision)) AND _st_dwithin(st_transform(s_3386.the_geom, 25833), schw_3386.schw, '300'::double precision))
                           ->  Function Scan on schw_3386  (cost=0.00..0.01 rows=1 width=32)
                           ->  Seq Scan on phoml_trajectory_tmp s_3386  (cost=0.00..95.68 rows=17 width=40)
                                 Filter: ((unix_time >= '1685451500.226'::double precision) AND (unix_time <= '1685451560.226'::double precision))
   ->  Subquery Scan on "*SELECT* 3388"  (cost=97.82..97.83 rows=1 width=76)
         ->  Limit  (cost=97.82..97.82 rows=1 width=84)
               ->  Sort  (cost=97.82..97.82 rows=1 width=84)
                     Sort Key: (st_distance(st_transform(s_3387.the_geom, 25833), schw_3387.schw))
                     ->  Nested Loop  (cost=0.00..97.81 rows=1 width=84)
                           Join Filter: ((st_transform(s_3387.the_geom, 25833) && st_expand(schw_3387.schw, '300'::double precision)) AND (schw_3387.schw && st_expand(st_transform(s_3387.the_geom, 25833), '300'::double precision)) AND _st_dwithin(st_transform(s_3387.the_geom, 25833), schw_3387.schw, '300'::double precision))
                           ->  Function Scan on schw_3387  (cost=0.00..0.01 rows=1 width=32)
                           ->  Seq Scan on phoml_trajectory_tmp s_3387  (cost=0.00..95.68 rows=17 width=40)
                                 Filter: ((unix_time >= '1685451500.556'::double precision) AND (unix_time <= '1685451560.556'::double precision))
   ->  Subquery Scan on "*SELECT* 3389"  (cost=97.82..97.83 rows=1 width=76)
         ->  Limit  (cost=97.82..97.82 rows=1 width=84)
               ->  Sort  (cost=97.82..97.82 rows=1 width=84)
                     Sort Key: (st_distance(st_transform(s_3388.the_geom, 25833), schw_3388.schw))
                     ->  Nested Loop  (cost=0.00..97.81 rows=1 width=84)
                           Join Filter: ((st_transform(s_3388.the_geom, 25833) && st_expand(schw_3388.schw, '300'::double precision)) AND (schw_3388.schw && st_expand(st_transform(s_3388.the_geom, 25833), '300'::double precision)) AND _st_dwithin(st_transform(s_3388.the_geom, 25833), schw_3388.schw, '300'::double precision))
                           ->  Function Scan on schw_3388  (cost=0.00..0.01 rows=1 width=32)
                           ->  Seq Scan on phoml_trajectory_tmp s_3388  (cost=0.00..95.68 rows=17 width=40)
                                 Filter: ((unix_time >= '1685451500.886'::double precision) AND (unix_time <= '1685451560.886'::double precision))
   ->  Subquery Scan on "*SELECT* 3390"  (cost=97.82..97.83 rows=1 width=76)
         ->  Limit  (cost=97.82..97.82 rows=1 width=84)
               ->  Sort  (cost=97.82..97.82 rows=1 width=84)
                     Sort Key: (st_distance(st_transform(s_3389.the_geom, 25833), schw_3389.schw))
                     ->  Nested Loop  (cost=0.00..97.81 rows=1 width=84)
                           Join Filter: ((st_transform(s_3389.the_geom, 25833) && st_expand(schw_3389.schw, '300'::double precision)) AND (schw_3389.schw && st_expand(st_transform(s_3389.the_geom, 25833), '300'::double precision)) AND _st_dwithin(st_transform(s_3389.the_geom, 25833), schw_3389.schw, '300'::double precision))
                           ->  Function Scan on schw_3389  (cost=0.00..0.01 rows=1 width=32)
                           ->  Seq Scan on phoml_trajectory_tmp s_3389  (cost=0.00..95.68 rows=17 width=40)
                                 Filter: ((unix_time >= '1685451501.22'::double precision) AND (unix_time <= '1685451561.22'::double precision))
   ->  Subquery Scan on "*SELECT* 3391"  (cost=97.82..97.83 rows=1 width=76)
         ->  Limit  (cost=97.82..97.82 rows=1 width=84)
               ->  Sort  (cost=97.82..97.82 rows=1 width=84)
                     Sort Key: (st_distance(st_transform(s_3390.the_geom, 25833), schw_3390.schw))
                     ->  Nested Loop  (cost=0.00..97.81 rows=1 width=84)
                           Join Filter: ((st_transform(s_3390.the_geom, 25833) && st_expand(schw_3390.schw, '300'::double precision)) AND (schw_3390.schw && st_expand(st_transform(s_3390.the_geom, 25833), '300'::double precision)) AND _st_dwithin(st_transform(s_3390.the_geom, 25833), schw_3390.schw, '300'::double precision))
                           ->  Function Scan on schw_3390  (cost=0.00..0.01 rows=1 width=32)
                           ->  Seq Scan on phoml_trajectory_tmp s_3390  (cost=0.00..95.68 rows=17 width=40)
                                 Filter: ((unix_time >= '1685451501.55'::double precision) AND (unix_time <= '1685451561.55'::double precision))
   ->  Subquery Scan on "*SELECT* 3392"  (cost=97.82..97.83 rows=1 width=76)
         ->  Limit  (cost=97.82..97.82 rows=1 width=84)
               ->  Sort  (cost=97.82..97.82 rows=1 width=84)
                     Sort Key: (st_distance(st_transform(s_3391.the_geom, 25833), schw_3391.schw))
                     ->  Nested Loop  (cost=0.00..97.81 rows=1 width=84)
                           Join Filter: ((st_transform(s_3391.the_geom, 25833) && st_expand(schw_3391.schw, '300'::double precision)) AND (schw_3391.schw && st_expand(st_transform(s_3391.the_geom, 25833), '300'::double precision)) AND _st_dwithin(st_transform(s_3391.the_geom, 25833), schw_3391.schw, '300'::double precision))
                           ->  Function Scan on schw_3391  (cost=0.00..0.01 rows=1 width=32)
                           ->  Seq Scan on phoml_trajectory_tmp s_3391  (cost=0.00..95.68 rows=17 width=40)
                                 Filter: ((unix_time >= '1685451501.88'::double precision) AND (unix_time <= '1685451561.88'::double precision))
   ->  Subquery Scan on "*SELECT* 3393"  (cost=97.82..97.83 rows=1 width=76)
         ->  Limit  (cost=97.82..97.82 rows=1 width=84)
               ->  Sort  (cost=97.82..97.82 rows=1 width=84)
                     Sort Key: (st_distance(st_transform(s_3392.the_geom, 25833), schw_3392.schw))
                     ->  Nested Loop  (cost=0.00..97.81 rows=1 width=84)
                           Join Filter: ((st_transform(s_3392.the_geom, 25833) && st_expand(schw_3392.schw, '300'::double precision)) AND (schw_3392.schw && st_expand(st_transform(s_3392.the_geom, 25833), '300'::double precision)) AND _st_dwithin(st_transform(s_3392.the_geom, 25833), schw_3392.schw, '300'::double precision))
                           ->  Function Scan on schw_3392  (cost=0.00..0.01 rows=1 width=32)
                           ->  Seq Scan on phoml_trajectory_tmp s_3392  (cost=0.00..95.68 rows=17 width=40)
                                 Filter: ((unix_time >= '1685451502.22'::double precision) AND (unix_time <= '1685451562.22'::double precision))
   ->  Subquery Scan on "*SELECT* 3394"  (cost=97.82..97.83 rows=1 width=76)
         ->  Limit  (cost=97.82..97.82 rows=1 width=84)
               ->  Sort  (cost=97.82..97.82 rows=1 width=84)
                     Sort Key: (st_distance(st_transform(s_3393.the_geom, 25833), schw_3393.schw))
                     ->  Nested Loop  (cost=0.00..97.81 rows=1 width=84)
                           Join Filter: ((st_transform(s_3393.the_geom, 25833) && st_expand(schw_3393.schw, '300'::double precision)) AND (schw_3393.schw && st_expand(st_transform(s_3393.the_geom, 25833), '300'::double precision)) AND _st_dwithin(st_transform(s_3393.the_geom, 25833), schw_3393.schw, '300'::double precision))
                           ->  Function Scan on schw_3393  (cost=0.00..0.01 rows=1 width=32)
                           ->  Seq Scan on phoml_trajectory_tmp s_3393  (cost=0.00..95.68 rows=17 width=40)
                                 Filter: ((unix_time >= '1685451502.55'::double precision) AND (unix_time <= '1685451562.55'::double precision))
   ->  Subquery Scan on "*SELECT* 3395"  (cost=97.82..97.83 rows=1 width=76)
         ->  Limit  (cost=97.82..97.82 rows=1 width=84)
               ->  Sort  (cost=97.82..97.82 rows=1 width=84)
                     Sort Key: (st_distance(st_transform(s_3394.the_geom, 25833), schw_3394.schw))
                     ->  Nested Loop  (cost=0.00..97.81 rows=1 width=84)
                           Join Filter: ((st_transform(s_3394.the_geom, 25833) && st_expand(schw_3394.schw, '300'::double precision)) AND (schw_3394.schw && st_expand(st_transform(s_3394.the_geom, 25833), '300'::double precision)) AND _st_dwithin(st_transform(s_3394.the_geom, 25833), schw_3394.schw, '300'::double precision))
                           ->  Function Scan on schw_3394  (cost=0.00..0.01 rows=1 width=32)
                           ->  Seq Scan on phoml_trajectory_tmp s_3394  (cost=0.00..95.68 rows=17 width=40)
                                 Filter: ((unix_time >= '1685451502.879'::double precision) AND (unix_time <= '1685451562.879'::double precision))
   ->  Subquery Scan on "*SELECT* 3396"  (cost=97.82..97.83 rows=1 width=76)
         ->  Limit  (cost=97.82..97.82 rows=1 width=84)
               ->  Sort  (cost=97.82..97.82 rows=1 width=84)
                     Sort Key: (st_distance(st_transform(s_3395.the_geom, 25833), schw_3395.schw))
                     ->  Nested Loop  (cost=0.00..97.81 rows=1 width=84)
                           Join Filter: ((st_transform(s_3395.the_geom, 25833) && st_expand(schw_3395.schw, '300'::double precision)) AND (schw_3395.schw && st_expand(st_transform(s_3395.the_geom, 25833), '300'::double precision)) AND _st_dwithin(st_transform(s_3395.the_geom, 25833), schw_3395.schw, '300'::double precision))
                           ->  Function Scan on schw_3395  (cost=0.00..0.01 rows=1 width=32)
                           ->  Seq Scan on phoml_trajectory_tmp s_3395  (cost=0.00..95.68 rows=17 width=40)
                                 Filter: ((unix_time >= '1685451503.202'::double precision) AND (unix_time <= '1685451563.202'::double precision))
   ->  Subquery Scan on "*SELECT* 3397"  (cost=97.82..97.83 rows=1 width=76)
         ->  Limit  (cost=97.82..97.82 rows=1 width=84)
               ->  Sort  (cost=97.82..97.82 rows=1 width=84)
                     Sort Key: (st_distance(st_transform(s_3396.the_geom, 25833), schw_3396.schw))
                     ->  Nested Loop  (cost=0.00..97.81 rows=1 width=84)
                           Join Filter: ((st_transform(s_3396.the_geom, 25833) && st_expand(schw_3396.schw, '300'::double precision)) AND (schw_3396.schw && st_expand(st_transform(s_3396.the_geom, 25833), '300'::double precision)) AND _st_dwithin(st_transform(s_3396.the_geom, 25833), schw_3396.schw, '300'::double precision))
                           ->  Function Scan on schw_3396  (cost=0.00..0.01 rows=1 width=32)
                           ->  Seq Scan on phoml_trajectory_tmp s_3396  (cost=0.00..95.68 rows=17 width=40)
                                 Filter: ((unix_time >= '1685451503.542'::double precision) AND (unix_time <= '1685451563.542'::double precision))
   ->  Subquery Scan on "*SELECT* 3398"  (cost=97.82..97.83 rows=1 width=76)
         ->  Limit  (cost=97.82..97.82 rows=1 width=84)
               ->  Sort  (cost=97.82..97.82 rows=1 width=84)
                     Sort Key: (st_distance(st_transform(s_3397.the_geom, 25833), schw_3397.schw))
                     ->  Nested Loop  (cost=0.00..97.81 rows=1 width=84)
                           Join Filter: ((st_transform(s_3397.the_geom, 25833) && st_expand(schw_3397.schw, '300'::double precision)) AND (schw_3397.schw && st_expand(st_transform(s_3397.the_geom, 25833), '300'::double precision)) AND _st_dwithin(st_transform(s_3397.the_geom, 25833), schw_3397.schw, '300'::double precision))
                           ->  Function Scan on schw_3397  (cost=0.00..0.01 rows=1 width=32)
                           ->  Seq Scan on phoml_trajectory_tmp s_3397  (cost=0.00..95.68 rows=17 width=40)
                                 Filter: ((unix_time >= '1685451503.862'::double precision) AND (unix_time <= '1685451563.862'::double precision))
   ->  Subquery Scan on "*SELECT* 3399"  (cost=97.82..97.83 rows=1 width=76)
         ->  Limit  (cost=97.82..97.82 rows=1 width=84)
               ->  Sort  (cost=97.82..97.82 rows=1 width=84)
                     Sort Key: (st_distance(st_transform(s_3398.the_geom, 25833), schw_3398.schw))
                     ->  Nested Loop  (cost=0.00..97.81 rows=1 width=84)
                           Join Filter: ((st_transform(s_3398.the_geom, 25833) && st_expand(schw_3398.schw, '300'::double precision)) AND (schw_3398.schw && st_expand(st_transform(s_3398.the_geom, 25833), '300'::double precision)) AND _st_dwithin(st_transform(s_3398.the_geom, 25833), schw_3398.schw, '300'::double precision))
                           ->  Function Scan on schw_3398  (cost=0.00..0.01 rows=1 width=32)
                           ->  Seq Scan on phoml_trajectory_tmp s_3398  (cost=0.00..95.68 rows=17 width=40)
                                 Filter: ((unix_time >= '1685451504.204'::double precision) AND (unix_time <= '1685451564.204'::double precision))
   ->  Subquery Scan on "*SELECT* 3400"  (cost=97.82..97.83 rows=1 width=76)
         ->  Limit  (cost=97.82..97.82 rows=1 width=84)
               ->  Sort  (cost=97.82..97.82 rows=1 width=84)
                     Sort Key: (st_distance(st_transform(s_3399.the_geom, 25833), schw_3399.schw))
                     ->  Nested Loop  (cost=0.00..97.81 rows=1 width=84)
                           Join Filter: ((st_transform(s_3399.the_geom, 25833) && st_expand(schw_3399.schw, '300'::double precision)) AND (schw_3399.schw && st_expand(st_transform(s_3399.the_geom, 25833), '300'::double precision)) AND _st_dwithin(st_transform(s_3399.the_geom, 25833), schw_3399.schw, '300'::double precision))
                           ->  Function Scan on schw_3399  (cost=0.00..0.01 rows=1 width=32)
                           ->  Seq Scan on phoml_trajectory_tmp s_3399  (cost=0.00..95.68 rows=17 width=40)
                                 Filter: ((unix_time >= '1685451504.544'::double precision) AND (unix_time <= '1685451564.544'::double precision))
   ->  Subquery Scan on "*SELECT* 3401"  (cost=97.82..97.83 rows=1 width=76)
         ->  Limit  (cost=97.82..97.82 rows=1 width=84)
               ->  Sort  (cost=97.82..97.82 rows=1 width=84)
                     Sort Key: (st_distance(st_transform(s_3400.the_geom, 25833), schw_3400.schw))
                     ->  Nested Loop  (cost=0.00..97.81 rows=1 width=84)
                           Join Filter: ((st_transform(s_3400.the_geom, 25833) && st_expand(schw_3400.schw, '300'::double precision)) AND (schw_3400.schw && st_expand(st_transform(s_3400.the_geom, 25833), '300'::double precision)) AND _st_dwithin(st_transform(s_3400.the_geom, 25833), schw_3400.schw, '300'::double precision))
                           ->  Function Scan on schw_3400  (cost=0.00..0.01 rows=1 width=32)
                           ->  Seq Scan on phoml_trajectory_tmp s_3400  (cost=0.00..95.68 rows=17 width=40)
                                 Filter: ((unix_time >= '1685451504.874'::double precision) AND (unix_time <= '1685451564.874'::double precision))
   ->  Subquery Scan on "*SELECT* 3402"  (cost=97.82..97.83 rows=1 width=76)
         ->  Limit  (cost=97.82..97.82 rows=1 width=84)
               ->  Sort  (cost=97.82..97.82 rows=1 width=84)
                     Sort Key: (st_distance(st_transform(s_3401.the_geom, 25833), schw_3401.schw))
                     ->  Nested Loop  (cost=0.00..97.81 rows=1 width=84)
                           Join Filter: ((st_transform(s_3401.the_geom, 25833) && st_expand(schw_3401.schw, '300'::double precision)) AND (schw_3401.schw && st_expand(st_transform(s_3401.the_geom, 25833), '300'::double precision)) AND _st_dwithin(st_transform(s_3401.the_geom, 25833), schw_3401.schw, '300'::double precision))
                           ->  Function Scan on schw_3401  (cost=0.00..0.01 rows=1 width=32)
                           ->  Seq Scan on phoml_trajectory_tmp s_3401  (cost=0.00..95.68 rows=17 width=40)
                                 Filter: ((unix_time >= '1685451505.209'::double precision) AND (unix_time <= '1685451565.209'::double precision))
   ->  Subquery Scan on "*SELECT* 3403"  (cost=97.82..97.83 rows=1 width=76)
         ->  Limit  (cost=97.82..97.82 rows=1 width=84)
               ->  Sort  (cost=97.82..97.82 rows=1 width=84)
                     Sort Key: (st_distance(st_transform(s_3402.the_geom, 25833), schw_3402.schw))
                     ->  Nested Loop  (cost=0.00..97.81 rows=1 width=84)
                           Join Filter: ((st_transform(s_3402.the_geom, 25833) && st_expand(schw_3402.schw, '300'::double precision)) AND (schw_3402.schw && st_expand(st_transform(s_3402.the_geom, 25833), '300'::double precision)) AND _st_dwithin(st_transform(s_3402.the_geom, 25833), schw_3402.schw, '300'::double precision))
                           ->  Function Scan on schw_3402  (cost=0.00..0.01 rows=1 width=32)
                           ->  Seq Scan on phoml_trajectory_tmp s_3402  (cost=0.00..95.68 rows=17 width=40)
                                 Filter: ((unix_time >= '1685451505.539'::double precision) AND (unix_time <= '1685451565.539'::double precision))
   ->  Subquery Scan on "*SELECT* 3404"  (cost=97.82..97.83 rows=1 width=76)
         ->  Limit  (cost=97.82..97.82 rows=1 width=84)
               ->  Sort  (cost=97.82..97.82 rows=1 width=84)
                     Sort Key: (st_distance(st_transform(s_3403.the_geom, 25833), schw_3403.schw))
                     ->  Nested Loop  (cost=0.00..97.81 rows=1 width=84)
                           Join Filter: ((st_transform(s_3403.the_geom, 25833) && st_expand(schw_3403.schw, '300'::double precision)) AND (schw_3403.schw && st_expand(st_transform(s_3403.the_geom, 25833), '300'::double precision)) AND _st_dwithin(st_transform(s_3403.the_geom, 25833), schw_3403.schw, '300'::double precision))
                           ->  Function Scan on schw_3403  (cost=0.00..0.01 rows=1 width=32)
                           ->  Seq Scan on phoml_trajectory_tmp s_3403  (cost=0.00..95.68 rows=17 width=40)
                                 Filter: ((unix_time >= '1685451505.879'::double precision) AND (unix_time <= '1685451565.879'::double precision))
   ->  Subquery Scan on "*SELECT* 3405"  (cost=97.82..97.83 rows=1 width=76)
         ->  Limit  (cost=97.82..97.82 rows=1 width=84)
               ->  Sort  (cost=97.82..97.82 rows=1 width=84)
                     Sort Key: (st_distance(st_transform(s_3404.the_geom, 25833), schw_3404.schw))
                     ->  Nested Loop  (cost=0.00..97.81 rows=1 width=84)
                           Join Filter: ((st_transform(s_3404.the_geom, 25833) && st_expand(schw_3404.schw, '300'::double precision)) AND (schw_3404.schw && st_expand(st_transform(s_3404.the_geom, 25833), '300'::double precision)) AND _st_dwithin(st_transform(s_3404.the_geom, 25833), schw_3404.schw, '300'::double precision))
                           ->  Function Scan on schw_3404  (cost=0.00..0.01 rows=1 width=32)
                           ->  Seq Scan on phoml_trajectory_tmp s_3404  (cost=0.00..95.68 rows=17 width=40)
                                 Filter: ((unix_time >= '1685451506.215'::double precision) AND (unix_time <= '1685451566.215'::double precision))
   ->  Subquery Scan on "*SELECT* 3406"  (cost=97.82..97.83 rows=1 width=76)
         ->  Limit  (cost=97.82..97.82 rows=1 width=84)
               ->  Sort  (cost=97.82..97.82 rows=1 width=84)
                     Sort Key: (st_distance(st_transform(s_3405.the_geom, 25833), schw_3405.schw))
                     ->  Nested Loop  (cost=0.00..97.81 rows=1 width=84)
                           Join Filter: ((st_transform(s_3405.the_geom, 25833) && st_expand(schw_3405.schw, '300'::double precision)) AND (schw_3405.schw && st_expand(st_transform(s_3405.the_geom, 25833), '300'::double precision)) AND _st_dwithin(st_transform(s_3405.the_geom, 25833), schw_3405.schw, '300'::double precision))
                           ->  Function Scan on schw_3405  (cost=0.00..0.01 rows=1 width=32)
                           ->  Seq Scan on phoml_trajectory_tmp s_3405  (cost=0.00..95.68 rows=17 width=40)
                                 Filter: ((unix_time >= '1685451506.545'::double precision) AND (unix_time <= '1685451566.545'::double precision))
   ->  Subquery Scan on "*SELECT* 3407"  (cost=97.82..97.83 rows=1 width=76)
         ->  Limit  (cost=97.82..97.82 rows=1 width=84)
               ->  Sort  (cost=97.82..97.82 rows=1 width=84)
                     Sort Key: (st_distance(st_transform(s_3406.the_geom, 25833), schw_3406.schw))
                     ->  Nested Loop  (cost=0.00..97.81 rows=1 width=84)
                           Join Filter: ((st_transform(s_3406.the_geom, 25833) && st_expand(schw_3406.schw, '300'::double precision)) AND (schw_3406.schw && st_expand(st_transform(s_3406.the_geom, 25833), '300'::double precision)) AND _st_dwithin(st_transform(s_3406.the_geom, 25833), schw_3406.schw, '300'::double precision))
                           ->  Function Scan on schw_3406  (cost=0.00..0.01 rows=1 width=32)
                           ->  Seq Scan on phoml_trajectory_tmp s_3406  (cost=0.00..95.68 rows=17 width=40)
                                 Filter: ((unix_time >= '1685451506.885'::double precision) AND (unix_time <= '1685451566.885'::double precision))
   ->  Subquery Scan on "*SELECT* 3408"  (cost=97.82..97.83 rows=1 width=76)
         ->  Limit  (cost=97.82..97.82 rows=1 width=84)
               ->  Sort  (cost=97.82..97.82 rows=1 width=84)
                     Sort Key: (st_distance(st_transform(s_3407.the_geom, 25833), schw_3407.schw))
                     ->  Nested Loop  (cost=0.00..97.81 rows=1 width=84)
                           Join Filter: ((st_transform(s_3407.the_geom, 25833) && st_expand(schw_3407.schw, '300'::double precision)) AND (schw_3407.schw && st_expand(st_transform(s_3407.the_geom, 25833), '300'::double precision)) AND _st_dwithin(st_transform(s_3407.the_geom, 25833), schw_3407.schw, '300'::double precision))
                           ->  Function Scan on schw_3407  (cost=0.00..0.01 rows=1 width=32)
                           ->  Seq Scan on phoml_trajectory_tmp s_3407  (cost=0.00..95.68 rows=17 width=40)
                                 Filter: ((unix_time >= '1685451507.218'::double precision) AND (unix_time <= '1685451567.218'::double precision))
   ->  Subquery Scan on "*SELECT* 3409"  (cost=97.82..97.83 rows=1 width=76)
         ->  Limit  (cost=97.82..97.82 rows=1 width=84)
               ->  Sort  (cost=97.82..97.82 rows=1 width=84)
                     Sort Key: (st_distance(st_transform(s_3408.the_geom, 25833), schw_3408.schw))
                     ->  Nested Loop  (cost=0.00..97.81 rows=1 width=84)
                           Join Filter: ((st_transform(s_3408.the_geom, 25833) && st_expand(schw_3408.schw, '300'::double precision)) AND (schw_3408.schw && st_expand(st_transform(s_3408.the_geom, 25833), '300'::double precision)) AND _st_dwithin(st_transform(s_3408.the_geom, 25833), schw_3408.schw, '300'::double precision))
                           ->  Function Scan on schw_3408  (cost=0.00..0.01 rows=1 width=32)
                           ->  Seq Scan on phoml_trajectory_tmp s_3408  (cost=0.00..95.68 rows=17 width=40)
                                 Filter: ((unix_time >= '1685451507.548'::double precision) AND (unix_time <= '1685451567.548'::double precision))
   ->  Subquery Scan on "*SELECT* 3410"  (cost=97.82..97.83 rows=1 width=76)
         ->  Limit  (cost=97.82..97.82 rows=1 width=84)
               ->  Sort  (cost=97.82..97.82 rows=1 width=84)
                     Sort Key: (st_distance(st_transform(s_3409.the_geom, 25833), schw_3409.schw))
                     ->  Nested Loop  (cost=0.00..97.81 rows=1 width=84)
                           Join Filter: ((st_transform(s_3409.the_geom, 25833) && st_expand(schw_3409.schw, '300'::double precision)) AND (schw_3409.schw && st_expand(st_transform(s_3409.the_geom, 25833), '300'::double precision)) AND _st_dwithin(st_transform(s_3409.the_geom, 25833), schw_3409.schw, '300'::double precision))
                           ->  Function Scan on schw_3409  (cost=0.00..0.01 rows=1 width=32)
                           ->  Seq Scan on phoml_trajectory_tmp s_3409  (cost=0.00..95.68 rows=17 width=40)
                                 Filter: ((unix_time >= '1685451507.898'::double precision) AND (unix_time <= '1685451567.898'::double precision))
   ->  Subquery Scan on "*SELECT* 3411"  (cost=97.82..97.83 rows=1 width=76)
         ->  Limit  (cost=97.82..97.82 rows=1 width=84)
               ->  Sort  (cost=97.82..97.82 rows=1 width=84)
                     Sort Key: (st_distance(st_transform(s_3410.the_geom, 25833), schw_3410.schw))
                     ->  Nested Loop  (cost=0.00..97.81 rows=1 width=84)
                           Join Filter: ((st_transform(s_3410.the_geom, 25833) && st_expand(schw_3410.schw, '300'::double precision)) AND (schw_3410.schw && st_expand(st_transform(s_3410.the_geom, 25833), '300'::double precision)) AND _st_dwithin(st_transform(s_3410.the_geom, 25833), schw_3410.schw, '300'::double precision))
                           ->  Function Scan on schw_3410  (cost=0.00..0.01 rows=1 width=32)
                           ->  Seq Scan on phoml_trajectory_tmp s_3410  (cost=0.00..95.68 rows=17 width=40)
                                 Filter: ((unix_time >= '1685451508.231'::double precision) AND (unix_time <= '1685451568.231'::double precision))
   ->  Subquery Scan on "*SELECT* 3412"  (cost=97.82..97.83 rows=1 width=76)
         ->  Limit  (cost=97.82..97.82 rows=1 width=84)
               ->  Sort  (cost=97.82..97.82 rows=1 width=84)
                     Sort Key: (st_distance(st_transform(s_3411.the_geom, 25833), schw_3411.schw))
                     ->  Nested Loop  (cost=0.00..97.81 rows=1 width=84)
                           Join Filter: ((st_transform(s_3411.the_geom, 25833) && st_expand(schw_3411.schw, '300'::double precision)) AND (schw_3411.schw && st_expand(st_transform(s_3411.the_geom, 25833), '300'::double precision)) AND _st_dwithin(st_transform(s_3411.the_geom, 25833), schw_3411.schw, '300'::double precision))
                           ->  Function Scan on schw_3411  (cost=0.00..0.01 rows=1 width=32)
                           ->  Seq Scan on phoml_trajectory_tmp s_3411  (cost=0.00..95.68 rows=17 width=40)
                                 Filter: ((unix_time >= '1685451508.551'::double precision) AND (unix_time <= '1685451568.551'::double precision))
   ->  Subquery Scan on "*SELECT* 3413"  (cost=97.82..97.83 rows=1 width=76)
         ->  Limit  (cost=97.82..97.82 rows=1 width=84)
               ->  Sort  (cost=97.82..97.82 rows=1 width=84)
                     Sort Key: (st_distance(st_transform(s_3412.the_geom, 25833), schw_3412.schw))
                     ->  Nested Loop  (cost=0.00..97.81 rows=1 width=84)
                           Join Filter: ((st_transform(s_3412.the_geom, 25833) && st_expand(schw_3412.schw, '300'::double precision)) AND (schw_3412.schw && st_expand(st_transform(s_3412.the_geom, 25833), '300'::double precision)) AND _st_dwithin(st_transform(s_3412.the_geom, 25833), schw_3412.schw, '300'::double precision))
                           ->  Function Scan on schw_3412  (cost=0.00..0.01 rows=1 width=32)
                           ->  Seq Scan on phoml_trajectory_tmp s_3412  (cost=0.00..95.68 rows=17 width=40)
                                 Filter: ((unix_time >= '1685451508.901'::double precision) AND (unix_time <= '1685451568.901'::double precision))
   ->  Subquery Scan on "*SELECT* 3414"  (cost=97.82..97.83 rows=1 width=76)
         ->  Limit  (cost=97.82..97.82 rows=1 width=84)
               ->  Sort  (cost=97.82..97.82 rows=1 width=84)
                     Sort Key: (st_distance(st_transform(s_3413.the_geom, 25833), schw_3413.schw))
                     ->  Nested Loop  (cost=0.00..97.81 rows=1 width=84)
                           Join Filter: ((st_transform(s_3413.the_geom, 25833) && st_expand(schw_3413.schw, '300'::double precision)) AND (schw_3413.schw && st_expand(st_transform(s_3413.the_geom, 25833), '300'::double precision)) AND _st_dwithin(st_transform(s_3413.the_geom, 25833), schw_3413.schw, '300'::double precision))
                           ->  Function Scan on schw_3413  (cost=0.00..0.01 rows=1 width=32)
                           ->  Seq Scan on phoml_trajectory_tmp s_3413  (cost=0.00..95.68 rows=17 width=40)
                                 Filter: ((unix_time >= '1685451509.235'::double precision) AND (unix_time <= '1685451569.235'::double precision))
   ->  Subquery Scan on "*SELECT* 3415"  (cost=97.82..97.83 rows=1 width=76)
         ->  Limit  (cost=97.82..97.82 rows=1 width=84)
               ->  Sort  (cost=97.82..97.82 rows=1 width=84)
                     Sort Key: (st_distance(st_transform(s_3414.the_geom, 25833), schw_3414.schw))
                     ->  Nested Loop  (cost=0.00..97.81 rows=1 width=84)
                           Join Filter: ((st_transform(s_3414.the_geom, 25833) && st_expand(schw_3414.schw, '300'::double precision)) AND (schw_3414.schw && st_expand(st_transform(s_3414.the_geom, 25833), '300'::double precision)) AND _st_dwithin(st_transform(s_3414.the_geom, 25833), schw_3414.schw, '300'::double precision))
                           ->  Function Scan on schw_3414  (cost=0.00..0.01 rows=1 width=32)
                           ->  Seq Scan on phoml_trajectory_tmp s_3414  (cost=0.00..95.68 rows=17 width=40)
                                 Filter: ((unix_time >= '1685451509.575'::double precision) AND (unix_time <= '1685451569.575'::double precision))
   ->  Subquery Scan on "*SELECT* 3416"  (cost=97.82..97.83 rows=1 width=76)
         ->  Limit  (cost=97.82..97.82 rows=1 width=84)
               ->  Sort  (cost=97.82..97.82 rows=1 width=84)
                     Sort Key: (st_distance(st_transform(s_3415.the_geom, 25833), schw_3415.schw))
                     ->  Nested Loop  (cost=0.00..97.81 rows=1 width=84)
                           Join Filter: ((st_transform(s_3415.the_geom, 25833) && st_expand(schw_3415.schw, '300'::double precision)) AND (schw_3415.schw && st_expand(st_transform(s_3415.the_geom, 25833), '300'::double precision)) AND _st_dwithin(st_transform(s_3415.the_geom, 25833), schw_3415.schw, '300'::double precision))
                           ->  Function Scan on schw_3415  (cost=0.00..0.01 rows=1 width=32)
                           ->  Seq Scan on phoml_trajectory_tmp s_3415  (cost=0.00..95.68 rows=17 width=40)
                                 Filter: ((unix_time >= '1685451509.905'::double precision) AND (unix_time <= '1685451569.905'::double precision))
   ->  Subquery Scan on "*SELECT* 3417"  (cost=97.82..97.83 rows=1 width=76)
         ->  Limit  (cost=97.82..97.82 rows=1 width=84)
               ->  Sort  (cost=97.82..97.82 rows=1 width=84)
                     Sort Key: (st_distance(st_transform(s_3416.the_geom, 25833), schw_3416.schw))
                     ->  Nested Loop  (cost=0.00..97.81 rows=1 width=84)
                           Join Filter: ((st_transform(s_3416.the_geom, 25833) && st_expand(schw_3416.schw, '300'::double precision)) AND (schw_3416.schw && st_expand(st_transform(s_3416.the_geom, 25833), '300'::double precision)) AND _st_dwithin(st_transform(s_3416.the_geom, 25833), schw_3416.schw, '300'::double precision))
                           ->  Function Scan on schw_3416  (cost=0.00..0.01 rows=1 width=32)
                           ->  Seq Scan on phoml_trajectory_tmp s_3416  (cost=0.00..95.68 rows=17 width=40)
                                 Filter: ((unix_time >= '1685451510.24'::double precision) AND (unix_time <= '1685451570.24'::double precision))
   ->  Subquery Scan on "*SELECT* 3418"  (cost=97.82..97.83 rows=1 width=76)
         ->  Limit  (cost=97.82..97.82 rows=1 width=84)
               ->  Sort  (cost=97.82..97.82 rows=1 width=84)
                     Sort Key: (st_distance(st_transform(s_3417.the_geom, 25833), schw_3417.schw))
                     ->  Nested Loop  (cost=0.00..97.81 rows=1 width=84)
                           Join Filter: ((st_transform(s_3417.the_geom, 25833) && st_expand(schw_3417.schw, '300'::double precision)) AND (schw_3417.schw && st_expand(st_transform(s_3417.the_geom, 25833), '300'::double precision)) AND _st_dwithin(st_transform(s_3417.the_geom, 25833), schw_3417.schw, '300'::double precision))
                           ->  Function Scan on schw_3417  (cost=0.00..0.01 rows=1 width=32)
                           ->  Seq Scan on phoml_trajectory_tmp s_3417  (cost=0.00..95.68 rows=17 width=40)
                                 Filter: ((unix_time >= '1685451510.57'::double precision) AND (unix_time <= '1685451570.57'::double precision))
   ->  Subquery Scan on "*SELECT* 3419"  (cost=97.82..97.83 rows=1 width=76)
         ->  Limit  (cost=97.82..97.82 rows=1 width=84)
               ->  Sort  (cost=97.82..97.82 rows=1 width=84)
                     Sort Key: (st_distance(st_transform(s_3418.the_geom, 25833), schw_3418.schw))
                     ->  Nested Loop  (cost=0.00..97.81 rows=1 width=84)
                           Join Filter: ((st_transform(s_3418.the_geom, 25833) && st_expand(schw_3418.schw, '300'::double precision)) AND (schw_3418.schw && st_expand(st_transform(s_3418.the_geom, 25833), '300'::double precision)) AND _st_dwithin(st_transform(s_3418.the_geom, 25833), schw_3418.schw, '300'::double precision))
                           ->  Function Scan on schw_3418  (cost=0.00..0.01 rows=1 width=32)
                           ->  Seq Scan on phoml_trajectory_tmp s_3418  (cost=0.00..95.68 rows=17 width=40)
                                 Filter: ((unix_time >= '1685451510.91'::double precision) AND (unix_time <= '1685451570.91'::double precision))
   ->  Subquery Scan on "*SELECT* 3420"  (cost=97.82..97.83 rows=1 width=76)
         ->  Limit  (cost=97.82..97.82 rows=1 width=84)
               ->  Sort  (cost=97.82..97.82 rows=1 width=84)
                     Sort Key: (st_distance(st_transform(s_3419.the_geom, 25833), schw_3419.schw))
                     ->  Nested Loop  (cost=0.00..97.81 rows=1 width=84)
                           Join Filter: ((st_transform(s_3419.the_geom, 25833) && st_expand(schw_3419.schw, '300'::double precision)) AND (schw_3419.schw && st_expand(st_transform(s_3419.the_geom, 25833), '300'::double precision)) AND _st_dwithin(st_transform(s_3419.the_geom, 25833), schw_3419.schw, '300'::double precision))
                           ->  Function Scan on schw_3419  (cost=0.00..0.01 rows=1 width=32)
                           ->  Seq Scan on phoml_trajectory_tmp s_3419  (cost=0.00..95.68 rows=17 width=40)
                                 Filter: ((unix_time >= '1685451511.234'::double precision) AND (unix_time <= '1685451571.234'::double precision))
   ->  Subquery Scan on "*SELECT* 3421"  (cost=97.82..97.83 rows=1 width=76)
         ->  Limit  (cost=97.82..97.82 rows=1 width=84)
               ->  Sort  (cost=97.82..97.82 rows=1 width=84)
                     Sort Key: (st_distance(st_transform(s_3420.the_geom, 25833), schw_3420.schw))
                     ->  Nested Loop  (cost=0.00..97.81 rows=1 width=84)
                           Join Filter: ((st_transform(s_3420.the_geom, 25833) && st_expand(schw_3420.schw, '300'::double precision)) AND (schw_3420.schw && st_expand(st_transform(s_3420.the_geom, 25833), '300'::double precision)) AND _st_dwithin(st_transform(s_3420.the_geom, 25833), schw_3420.schw, '300'::double precision))
                           ->  Function Scan on schw_3420  (cost=0.00..0.01 rows=1 width=32)
                           ->  Seq Scan on phoml_trajectory_tmp s_3420  (cost=0.00..95.68 rows=17 width=40)
                                 Filter: ((unix_time >= '1685451511.574'::double precision) AND (unix_time <= '1685451571.574'::double precision))
   ->  Subquery Scan on "*SELECT* 3422"  (cost=97.82..97.83 rows=1 width=76)
         ->  Limit  (cost=97.82..97.82 rows=1 width=84)
               ->  Sort  (cost=97.82..97.82 rows=1 width=84)
                     Sort Key: (st_distance(st_transform(s_3421.the_geom, 25833), schw_3421.schw))
                     ->  Nested Loop  (cost=0.00..97.81 rows=1 width=84)
                           Join Filter: ((st_transform(s_3421.the_geom, 25833) && st_expand(schw_3421.schw, '300'::double precision)) AND (schw_3421.schw && st_expand(st_transform(s_3421.the_geom, 25833), '300'::double precision)) AND _st_dwithin(st_transform(s_3421.the_geom, 25833), schw_3421.schw, '300'::double precision))
                           ->  Function Scan on schw_3421  (cost=0.00..0.01 rows=1 width=32)
                           ->  Seq Scan on phoml_trajectory_tmp s_3421  (cost=0.00..95.68 rows=17 width=40)
                                 Filter: ((unix_time >= '1685451511.904'::double precision) AND (unix_time <= '1685451571.904'::double precision))
   ->  Subquery Scan on "*SELECT* 3423"  (cost=97.82..97.83 rows=1 width=76)
         ->  Limit  (cost=97.82..97.82 rows=1 width=84)
               ->  Sort  (cost=97.82..97.82 rows=1 width=84)
                     Sort Key: (st_distance(st_transform(s_3422.the_geom, 25833), schw_3422.schw))
                     ->  Nested Loop  (cost=0.00..97.81 rows=1 width=84)
                           Join Filter: ((st_transform(s_3422.the_geom, 25833) && st_expand(schw_3422.schw, '300'::double precision)) AND (schw_3422.schw && st_expand(st_transform(s_3422.the_geom, 25833), '300'::double precision)) AND _st_dwithin(st_transform(s_3422.the_geom, 25833), schw_3422.schw, '300'::double precision))
                           ->  Function Scan on schw_3422  (cost=0.00..0.01 rows=1 width=32)
                           ->  Seq Scan on phoml_trajectory_tmp s_3422  (cost=0.00..95.68 rows=17 width=40)
                                 Filter: ((unix_time >= '1685451512.239'::double precision) AND (unix_time <= '1685451572.239'::double precision))
   ->  Subquery Scan on "*SELECT* 3424"  (cost=97.82..97.83 rows=1 width=76)
         ->  Limit  (cost=97.82..97.82 rows=1 width=84)
               ->  Sort  (cost=97.82..97.82 rows=1 width=84)
                     Sort Key: (st_distance(st_transform(s_3423.the_geom, 25833), schw_3423.schw))
                     ->  Nested Loop  (cost=0.00..97.81 rows=1 width=84)
                           Join Filter: ((st_transform(s_3423.the_geom, 25833) && st_expand(schw_3423.schw, '300'::double precision)) AND (schw_3423.schw && st_expand(st_transform(s_3423.the_geom, 25833), '300'::double precision)) AND _st_dwithin(st_transform(s_3423.the_geom, 25833), schw_3423.schw, '300'::double precision))
                           ->  Function Scan on schw_3423  (cost=0.00..0.01 rows=1 width=32)
                           ->  Seq Scan on phoml_trajectory_tmp s_3423  (cost=0.00..95.68 rows=17 width=40)
                                 Filter: ((unix_time >= '1685451512.579'::double precision) AND (unix_time <= '1685451572.579'::double precision))
   ->  Subquery Scan on "*SELECT* 3425"  (cost=97.82..97.83 rows=1 width=76)
         ->  Limit  (cost=97.82..97.82 rows=1 width=84)
               ->  Sort  (cost=97.82..97.82 rows=1 width=84)
                     Sort Key: (st_distance(st_transform(s_3424.the_geom, 25833), schw_3424.schw))
                     ->  Nested Loop  (cost=0.00..97.81 rows=1 width=84)
                           Join Filter: ((st_transform(s_3424.the_geom, 25833) && st_expand(schw_3424.schw, '300'::double precision)) AND (schw_3424.schw && st_expand(st_transform(s_3424.the_geom, 25833), '300'::double precision)) AND _st_dwithin(st_transform(s_3424.the_geom, 25833), schw_3424.schw, '300'::double precision))
                           ->  Function Scan on schw_3424  (cost=0.00..0.01 rows=1 width=32)
                           ->  Seq Scan on phoml_trajectory_tmp s_3424  (cost=0.00..95.68 rows=17 width=40)
                                 Filter: ((unix_time >= '1685451512.929'::double precision) AND (unix_time <= '1685451572.929'::double precision))
   ->  Subquery Scan on "*SELECT* 3426"  (cost=97.82..97.83 rows=1 width=76)
         ->  Limit  (cost=97.82..97.82 rows=1 width=84)
               ->  Sort  (cost=97.82..97.82 rows=1 width=84)
                     Sort Key: (st_distance(st_transform(s_3425.the_geom, 25833), schw_3425.schw))
                     ->  Nested Loop  (cost=0.00..97.81 rows=1 width=84)
                           Join Filter: ((st_transform(s_3425.the_geom, 25833) && st_expand(schw_3425.schw, '300'::double precision)) AND (schw_3425.schw && st_expand(st_transform(s_3425.the_geom, 25833), '300'::double precision)) AND _st_dwithin(st_transform(s_3425.the_geom, 25833), schw_3425.schw, '300'::double precision))
                           ->  Function Scan on schw_3425  (cost=0.00..0.01 rows=1 width=32)
                           ->  Seq Scan on phoml_trajectory_tmp s_3425  (cost=0.00..95.68 rows=17 width=40)
                                 Filter: ((unix_time >= '1685451513.287'::double precision) AND (unix_time <= '1685451573.287'::double precision))
   ->  Subquery Scan on "*SELECT* 3427"  (cost=97.82..97.83 rows=1 width=76)
         ->  Limit  (cost=97.82..97.82 rows=1 width=84)
               ->  Sort  (cost=97.82..97.82 rows=1 width=84)
                     Sort Key: (st_distance(st_transform(s_3426.the_geom, 25833), schw_3426.schw))
                     ->  Nested Loop  (cost=0.00..97.81 rows=1 width=84)
                           Join Filter: ((st_transform(s_3426.the_geom, 25833) && st_expand(schw_3426.schw, '300'::double precision)) AND (schw_3426.schw && st_expand(st_transform(s_3426.the_geom, 25833), '300'::double precision)) AND _st_dwithin(st_transform(s_3426.the_geom, 25833), schw_3426.schw, '300'::double precision))
                           ->  Function Scan on schw_3426  (cost=0.00..0.01 rows=1 width=32)
                           ->  Seq Scan on phoml_trajectory_tmp s_3426  (cost=0.00..95.68 rows=17 width=40)
                                 Filter: ((unix_time >= '1685451513.647'::double precision) AND (unix_time <= '1685451573.647'::double precision))
   ->  Subquery Scan on "*SELECT* 3428"  (cost=97.82..97.83 rows=1 width=76)
         ->  Limit  (cost=97.82..97.82 rows=1 width=84)
               ->  Sort  (cost=97.82..97.82 rows=1 width=84)
                     Sort Key: (st_distance(st_transform(s_3427.the_geom, 25833), schw_3427.schw))
                     ->  Nested Loop  (cost=0.00..97.81 rows=1 width=84)
                           Join Filter: ((st_transform(s_3427.the_geom, 25833) && st_expand(schw_3427.schw, '300'::double precision)) AND (schw_3427.schw && st_expand(st_transform(s_3427.the_geom, 25833), '300'::double precision)) AND _st_dwithin(st_transform(s_3427.the_geom, 25833), schw_3427.schw, '300'::double precision))
                           ->  Function Scan on schw_3427  (cost=0.00..0.01 rows=1 width=32)
                           ->  Seq Scan on phoml_trajectory_tmp s_3427  (cost=0.00..95.68 rows=17 width=40)
                                 Filter: ((unix_time >= '1685451514.037'::double precision) AND (unix_time <= '1685451574.037'::double precision))
   ->  Subquery Scan on "*SELECT* 3429"  (cost=97.82..97.83 rows=1 width=76)
         ->  Limit  (cost=97.82..97.82 rows=1 width=84)
               ->  Sort  (cost=97.82..97.82 rows=1 width=84)
                     Sort Key: (st_distance(st_transform(s_3428.the_geom, 25833), schw_3428.schw))
                     ->  Nested Loop  (cost=0.00..97.81 rows=1 width=84)
                           Join Filter: ((st_transform(s_3428.the_geom, 25833) && st_expand(schw_3428.schw, '300'::double precision)) AND (schw_3428.schw && st_expand(st_transform(s_3428.the_geom, 25833), '300'::double precision)) AND _st_dwithin(st_transform(s_3428.the_geom, 25833), schw_3428.schw, '300'::double precision))
                           ->  Function Scan on schw_3428  (cost=0.00..0.01 rows=1 width=32)
                           ->  Seq Scan on phoml_trajectory_tmp s_3428  (cost=0.00..95.68 rows=17 width=40)
                                 Filter: ((unix_time >= '1685451514.447'::double precision) AND (unix_time <= '1685451574.447'::double precision))
   ->  Subquery Scan on "*SELECT* 3430"  (cost=97.82..97.83 rows=1 width=76)
         ->  Limit  (cost=97.82..97.82 rows=1 width=84)
               ->  Sort  (cost=97.82..97.82 rows=1 width=84)
                     Sort Key: (st_distance(st_transform(s_3429.the_geom, 25833), schw_3429.schw))
                     ->  Nested Loop  (cost=0.00..97.81 rows=1 width=84)
                           Join Filter: ((st_transform(s_3429.the_geom, 25833) && st_expand(schw_3429.schw, '300'::double precision)) AND (schw_3429.schw && st_expand(st_transform(s_3429.the_geom, 25833), '300'::double precision)) AND _st_dwithin(st_transform(s_3429.the_geom, 25833), schw_3429.schw, '300'::double precision))
                           ->  Function Scan on schw_3429  (cost=0.00..0.01 rows=1 width=32)
                           ->  Seq Scan on phoml_trajectory_tmp s_3429  (cost=0.00..95.68 rows=17 width=40)
                                 Filter: ((unix_time >= '1685451514.887'::double precision) AND (unix_time <= '1685451574.887'::double precision))
   ->  Subquery Scan on "*SELECT* 3431"  (cost=97.82..97.83 rows=1 width=76)
         ->  Limit  (cost=97.82..97.82 rows=1 width=84)
               ->  Sort  (cost=97.82..97.82 rows=1 width=84)
                     Sort Key: (st_distance(st_transform(s_3430.the_geom, 25833), schw_3430.schw))
                     ->  Nested Loop  (cost=0.00..97.81 rows=1 width=84)
                           Join Filter: ((st_transform(s_3430.the_geom, 25833) && st_expand(schw_3430.schw, '300'::double precision)) AND (schw_3430.schw && st_expand(st_transform(s_3430.the_geom, 25833), '300'::double precision)) AND _st_dwithin(st_transform(s_3430.the_geom, 25833), schw_3430.schw, '300'::double precision))
                           ->  Function Scan on schw_3430  (cost=0.00..0.01 rows=1 width=32)
                           ->  Seq Scan on phoml_trajectory_tmp s_3430  (cost=0.00..95.68 rows=17 width=40)
                                 Filter: ((unix_time >= '1685451515.357'::double precision) AND (unix_time <= '1685451575.357'::double precision))
   ->  Subquery Scan on "*SELECT* 3432"  (cost=97.82..97.83 rows=1 width=76)
         ->  Limit  (cost=97.82..97.82 rows=1 width=84)
               ->  Sort  (cost=97.82..97.82 rows=1 width=84)
                     Sort Key: (st_distance(st_transform(s_3431.the_geom, 25833), schw_3431.schw))
                     ->  Nested Loop  (cost=0.00..97.81 rows=1 width=84)
                           Join Filter: ((st_transform(s_3431.the_geom, 25833) && st_expand(schw_3431.schw, '300'::double precision)) AND (schw_3431.schw && st_expand(st_transform(s_3431.the_geom, 25833), '300'::double precision)) AND _st_dwithin(st_transform(s_3431.the_geom, 25833), schw_3431.schw, '300'::double precision))
                           ->  Function Scan on schw_3431  (cost=0.00..0.01 rows=1 width=32)
                           ->  Seq Scan on phoml_trajectory_tmp s_3431  (cost=0.00..95.68 rows=17 width=40)
                                 Filter: ((unix_time >= '1685451515.887'::double precision) AND (unix_time <= '1685451575.887'::double precision))
   ->  Subquery Scan on "*SELECT* 3433"  (cost=97.82..97.83 rows=1 width=76)
         ->  Limit  (cost=97.82..97.82 rows=1 width=84)
               ->  Sort  (cost=97.82..97.82 rows=1 width=84)
                     Sort Key: (st_distance(st_transform(s_3432.the_geom, 25833), schw_3432.schw))
                     ->  Nested Loop  (cost=0.00..97.81 rows=1 width=84)
                           Join Filter: ((st_transform(s_3432.the_geom, 25833) && st_expand(schw_3432.schw, '300'::double precision)) AND (schw_3432.schw && st_expand(st_transform(s_3432.the_geom, 25833), '300'::double precision)) AND _st_dwithin(st_transform(s_3432.the_geom, 25833), schw_3432.schw, '300'::double precision))
                           ->  Function Scan on schw_3432  (cost=0.00..0.01 rows=1 width=32)
                           ->  Seq Scan on phoml_trajectory_tmp s_3432  (cost=0.00..95.68 rows=17 width=40)
                                 Filter: ((unix_time >= '1685451516.426'::double precision) AND (unix_time <= '1685451576.426'::double precision))
   ->  Subquery Scan on "*SELECT* 3434"  (cost=97.82..97.83 rows=1 width=76)
         ->  Limit  (cost=97.82..97.82 rows=1 width=84)
               ->  Sort  (cost=97.82..97.82 rows=1 width=84)
                     Sort Key: (st_distance(st_transform(s_3433.the_geom, 25833), schw_3433.schw))
                     ->  Nested Loop  (cost=0.00..97.81 rows=1 width=84)
                           Join Filter: ((st_transform(s_3433.the_geom, 25833) && st_expand(schw_3433.schw, '300'::double precision)) AND (schw_3433.schw && st_expand(st_transform(s_3433.the_geom, 25833), '300'::double precision)) AND _st_dwithin(st_transform(s_3433.the_geom, 25833), schw_3433.schw, '300'::double precision))
                           ->  Function Scan on schw_3433  (cost=0.00..0.01 rows=1 width=32)
                           ->  Seq Scan on phoml_trajectory_tmp s_3433  (cost=0.00..95.68 rows=17 width=40)
                                 Filter: ((unix_time >= '1685451516.996'::double precision) AND (unix_time <= '1685451576.996'::double precision))
   ->  Subquery Scan on "*SELECT* 3435"  (cost=97.82..97.83 rows=1 width=76)
         ->  Limit  (cost=97.82..97.82 rows=1 width=84)
               ->  Sort  (cost=97.82..97.82 rows=1 width=84)
                     Sort Key: (st_distance(st_transform(s_3434.the_geom, 25833), schw_3434.schw))
                     ->  Nested Loop  (cost=0.00..97.81 rows=1 width=84)
                           Join Filter: ((st_transform(s_3434.the_geom, 25833) && st_expand(schw_3434.schw, '300'::double precision)) AND (schw_3434.schw && st_expand(st_transform(s_3434.the_geom, 25833), '300'::double precision)) AND _st_dwithin(st_transform(s_3434.the_geom, 25833), schw_3434.schw, '300'::double precision))
                           ->  Function Scan on schw_3434  (cost=0.00..0.01 rows=1 width=32)
                           ->  Seq Scan on phoml_trajectory_tmp s_3434  (cost=0.00..95.68 rows=17 width=40)
                                 Filter: ((unix_time >= '1685451517.583'::double precision) AND (unix_time <= '1685451577.583'::double precision))
   ->  Subquery Scan on "*SELECT* 3436"  (cost=97.82..97.83 rows=1 width=76)
         ->  Limit  (cost=97.82..97.82 rows=1 width=84)
               ->  Sort  (cost=97.82..97.82 rows=1 width=84)
                     Sort Key: (st_distance(st_transform(s_3435.the_geom, 25833), schw_3435.schw))
                     ->  Nested Loop  (cost=0.00..97.81 rows=1 width=84)
                           Join Filter: ((st_transform(s_3435.the_geom, 25833) && st_expand(schw_3435.schw, '300'::double precision)) AND (schw_3435.schw && st_expand(st_transform(s_3435.the_geom, 25833), '300'::double precision)) AND _st_dwithin(st_transform(s_3435.the_geom, 25833), schw_3435.schw, '300'::double precision))
                           ->  Function Scan on schw_3435  (cost=0.00..0.01 rows=1 width=32)
                           ->  Seq Scan on phoml_trajectory_tmp s_3435  (cost=0.00..95.68 rows=17 width=40)
                                 Filter: ((unix_time >= '1685451518.199'::double precision) AND (unix_time <= '1685451578.199'::double precision))
   ->  Subquery Scan on "*SELECT* 3437"  (cost=97.82..97.83 rows=1 width=76)
         ->  Limit  (cost=97.82..97.82 rows=1 width=84)
               ->  Sort  (cost=97.82..97.82 rows=1 width=84)
                     Sort Key: (st_distance(st_transform(s_3436.the_geom, 25833), schw_3436.schw))
                     ->  Nested Loop  (cost=0.00..97.81 rows=1 width=84)
                           Join Filter: ((st_transform(s_3436.the_geom, 25833) && st_expand(schw_3436.schw, '300'::double precision)) AND (schw_3436.schw && st_expand(st_transform(s_3436.the_geom, 25833), '300'::double precision)) AND _st_dwithin(st_transform(s_3436.the_geom, 25833), schw_3436.schw, '300'::double precision))
                           ->  Function Scan on schw_3436  (cost=0.00..0.01 rows=1 width=32)
                           ->  Seq Scan on phoml_trajectory_tmp s_3436  (cost=0.00..95.68 rows=17 width=40)
                                 Filter: ((unix_time >= '1685451518.829'::double precision) AND (unix_time <= '1685451578.829'::double precision))
   ->  Subquery Scan on "*SELECT* 3438"  (cost=97.82..97.83 rows=1 width=76)
         ->  Limit  (cost=97.82..97.82 rows=1 width=84)
               ->  Sort  (cost=97.82..97.82 rows=1 width=84)
                     Sort Key: (st_distance(st_transform(s_3437.the_geom, 25833), schw_3437.schw))
                     ->  Nested Loop  (cost=0.00..97.81 rows=1 width=84)
                           Join Filter: ((st_transform(s_3437.the_geom, 25833) && st_expand(schw_3437.schw, '300'::double precision)) AND (schw_3437.schw && st_expand(st_transform(s_3437.the_geom, 25833), '300'::double precision)) AND _st_dwithin(st_transform(s_3437.the_geom, 25833), schw_3437.schw, '300'::double precision))
                           ->  Function Scan on schw_3437  (cost=0.00..0.01 rows=1 width=32)
                           ->  Seq Scan on phoml_trajectory_tmp s_3437  (cost=0.00..95.68 rows=17 width=40)
                                 Filter: ((unix_time >= '1685451519.473'::double precision) AND (unix_time <= '1685451579.473'::double precision))
   ->  Subquery Scan on "*SELECT* 3439"  (cost=97.82..97.83 rows=1 width=76)
         ->  Limit  (cost=97.82..97.82 rows=1 width=84)
               ->  Sort  (cost=97.82..97.82 rows=1 width=84)
                     Sort Key: (st_distance(st_transform(s_3438.the_geom, 25833), schw_3438.schw))
                     ->  Nested Loop  (cost=0.00..97.81 rows=1 width=84)
                           Join Filter: ((st_transform(s_3438.the_geom, 25833) && st_expand(schw_3438.schw, '300'::double precision)) AND (schw_3438.schw && st_expand(st_transform(s_3438.the_geom, 25833), '300'::double precision)) AND _st_dwithin(st_transform(s_3438.the_geom, 25833), schw_3438.schw, '300'::double precision))
                           ->  Function Scan on schw_3438  (cost=0.00..0.01 rows=1 width=32)
                           ->  Seq Scan on phoml_trajectory_tmp s_3438  (cost=0.00..95.68 rows=17 width=40)
                                 Filter: ((unix_time >= '1685451520.126'::double precision) AND (unix_time <= '1685451580.126'::double precision))
   ->  Subquery Scan on "*SELECT* 3440"  (cost=97.82..97.83 rows=1 width=76)
         ->  Limit  (cost=97.82..97.82 rows=1 width=84)
               ->  Sort  (cost=97.82..97.82 rows=1 width=84)
                     Sort Key: (st_distance(st_transform(s_3439.the_geom, 25833), schw_3439.schw))
                     ->  Nested Loop  (cost=0.00..97.81 rows=1 width=84)
                           Join Filter: ((st_transform(s_3439.the_geom, 25833) && st_expand(schw_3439.schw, '300'::double precision)) AND (schw_3439.schw && st_expand(st_transform(s_3439.the_geom, 25833), '300'::double precision)) AND _st_dwithin(st_transform(s_3439.the_geom, 25833), schw_3439.schw, '300'::double precision))
                           ->  Function Scan on schw_3439  (cost=0.00..0.01 rows=1 width=32)
                           ->  Seq Scan on phoml_trajectory_tmp s_3439  (cost=0.00..95.68 rows=17 width=40)
                                 Filter: ((unix_time >= '1685451520.816'::double precision) AND (unix_time <= '1685451580.816'::double precision))
   ->  Subquery Scan on "*SELECT* 3441"  (cost=97.82..97.83 rows=1 width=76)
         ->  Limit  (cost=97.82..97.82 rows=1 width=84)
               ->  Sort  (cost=97.82..97.82 rows=1 width=84)
                     Sort Key: (st_distance(st_transform(s_3440.the_geom, 25833), schw_3440.schw))
                     ->  Nested Loop  (cost=0.00..97.81 rows=1 width=84)
                           Join Filter: ((st_transform(s_3440.the_geom, 25833) && st_expand(schw_3440.schw, '300'::double precision)) AND (schw_3440.schw && st_expand(st_transform(s_3440.the_geom, 25833), '300'::double precision)) AND _st_dwithin(st_transform(s_3440.the_geom, 25833), schw_3440.schw, '300'::double precision))
                           ->  Function Scan on schw_3440  (cost=0.00..0.01 rows=1 width=32)
                           ->  Seq Scan on phoml_trajectory_tmp s_3440  (cost=0.00..95.68 rows=17 width=40)
                                 Filter: ((unix_time >= '1685451521.506'::double precision) AND (unix_time <= '1685451581.506'::double precision))
   ->  Subquery Scan on "*SELECT* 3442"  (cost=97.82..97.83 rows=1 width=76)
         ->  Limit  (cost=97.82..97.82 rows=1 width=84)
               ->  Sort  (cost=97.82..97.82 rows=1 width=84)
                     Sort Key: (st_distance(st_transform(s_3441.the_geom, 25833), schw_3441.schw))
                     ->  Nested Loop  (cost=0.00..97.81 rows=1 width=84)
                           Join Filter: ((st_transform(s_3441.the_geom, 25833) && st_expand(schw_3441.schw, '300'::double precision)) AND (schw_3441.schw && st_expand(st_transform(s_3441.the_geom, 25833), '300'::double precision)) AND _st_dwithin(st_transform(s_3441.the_geom, 25833), schw_3441.schw, '300'::double precision))
                           ->  Function Scan on schw_3441  (cost=0.00..0.01 rows=1 width=32)
                           ->  Seq Scan on phoml_trajectory_tmp s_3441  (cost=0.00..95.68 rows=17 width=40)
                                 Filter: ((unix_time >= '1685451522.218'::double precision) AND (unix_time <= '1685451582.218'::double precision))
   ->  Subquery Scan on "*SELECT* 3443"  (cost=97.82..97.83 rows=1 width=76)
         ->  Limit  (cost=97.82..97.82 rows=1 width=84)
               ->  Sort  (cost=97.82..97.82 rows=1 width=84)
                     Sort Key: (st_distance(st_transform(s_3442.the_geom, 25833), schw_3442.schw))
                     ->  Nested Loop  (cost=0.00..97.81 rows=1 width=84)
                           Join Filter: ((st_transform(s_3442.the_geom, 25833) && st_expand(schw_3442.schw, '300'::double precision)) AND (schw_3442.schw && st_expand(st_transform(s_3442.the_geom, 25833), '300'::double precision)) AND _st_dwithin(st_transform(s_3442.the_geom, 25833), schw_3442.schw, '300'::double precision))
                           ->  Function Scan on schw_3442  (cost=0.00..0.01 rows=1 width=32)
                           ->  Seq Scan on phoml_trajectory_tmp s_3442  (cost=0.00..95.68 rows=17 width=40)
                                 Filter: ((unix_time >= '1685451522.958'::double precision) AND (unix_time <= '1685451582.958'::double precision))
   ->  Subquery Scan on "*SELECT* 3444"  (cost=97.82..97.83 rows=1 width=76)
         ->  Limit  (cost=97.82..97.82 rows=1 width=84)
               ->  Sort  (cost=97.82..97.82 rows=1 width=84)
                     Sort Key: (st_distance(st_transform(s_3443.the_geom, 25833), schw_3443.schw))
                     ->  Nested Loop  (cost=0.00..97.81 rows=1 width=84)
                           Join Filter: ((st_transform(s_3443.the_geom, 25833) && st_expand(schw_3443.schw, '300'::double precision)) AND (schw_3443.schw && st_expand(st_transform(s_3443.the_geom, 25833), '300'::double precision)) AND _st_dwithin(st_transform(s_3443.the_geom, 25833), schw_3443.schw, '300'::double precision))
                           ->  Function Scan on schw_3443  (cost=0.00..0.01 rows=1 width=32)
                           ->  Seq Scan on phoml_trajectory_tmp s_3443  (cost=0.00..95.68 rows=17 width=40)
                                 Filter: ((unix_time >= '1685451523.662'::double precision) AND (unix_time <= '1685451583.662'::double precision))
   ->  Subquery Scan on "*SELECT* 3445"  (cost=97.82..97.83 rows=1 width=76)
         ->  Limit  (cost=97.82..97.82 rows=1 width=84)
               ->  Sort  (cost=97.82..97.82 rows=1 width=84)
                     Sort Key: (st_distance(st_transform(s_3444.the_geom, 25833), schw_3444.schw))
                     ->  Nested Loop  (cost=0.00..97.81 rows=1 width=84)
                           Join Filter: ((st_transform(s_3444.the_geom, 25833) && st_expand(schw_3444.schw, '300'::double precision)) AND (schw_3444.schw && st_expand(st_transform(s_3444.the_geom, 25833), '300'::double precision)) AND _st_dwithin(st_transform(s_3444.the_geom, 25833), schw_3444.schw, '300'::double precision))
                           ->  Function Scan on schw_3444  (cost=0.00..0.01 rows=1 width=32)
                           ->  Seq Scan on phoml_trajectory_tmp s_3444  (cost=0.00..95.68 rows=17 width=40)
                                 Filter: ((unix_time >= '1685451524.323'::double precision) AND (unix_time <= '1685451584.323'::double precision))
   ->  Subquery Scan on "*SELECT* 3446"  (cost=97.82..97.83 rows=1 width=76)
         ->  Limit  (cost=97.82..97.82 rows=1 width=84)
               ->  Sort  (cost=97.82..97.82 rows=1 width=84)
                     Sort Key: (st_distance(st_transform(s_3445.the_geom, 25833), schw_3445.schw))
                     ->  Nested Loop  (cost=0.00..97.81 rows=1 width=84)
                           Join Filter: ((st_transform(s_3445.the_geom, 25833) && st_expand(schw_3445.schw, '300'::double precision)) AND (schw_3445.schw && st_expand(st_transform(s_3445.the_geom, 25833), '300'::double precision)) AND _st_dwithin(st_transform(s_3445.the_geom, 25833), schw_3445.schw, '300'::double precision))
                           ->  Function Scan on schw_3445  (cost=0.00..0.01 rows=1 width=32)
                           ->  Seq Scan on phoml_trajectory_tmp s_3445  (cost=0.00..95.68 rows=17 width=40)
                                 Filter: ((unix_time >= '1685451524.953'::double precision) AND (unix_time <= '1685451584.953'::double precision))
   ->  Subquery Scan on "*SELECT* 3447"  (cost=97.82..97.83 rows=1 width=76)
         ->  Limit  (cost=97.82..97.82 rows=1 width=84)
               ->  Sort  (cost=97.82..97.82 rows=1 width=84)
                     Sort Key: (st_distance(st_transform(s_3446.the_geom, 25833), schw_3446.schw))
                     ->  Nested Loop  (cost=0.00..97.81 rows=1 width=84)
                           Join Filter: ((st_transform(s_3446.the_geom, 25833) && st_expand(schw_3446.schw, '300'::double precision)) AND (schw_3446.schw && st_expand(st_transform(s_3446.the_geom, 25833), '300'::double precision)) AND _st_dwithin(st_transform(s_3446.the_geom, 25833), schw_3446.schw, '300'::double precision))
                           ->  Function Scan on schw_3446  (cost=0.00..0.01 rows=1 width=32)
                           ->  Seq Scan on phoml_trajectory_tmp s_3446  (cost=0.00..95.68 rows=17 width=40)
                                 Filter: ((unix_time >= '1685451525.534'::double precision) AND (unix_time <= '1685451585.534'::double precision))
   ->  Subquery Scan on "*SELECT* 3448"  (cost=97.82..97.83 rows=1 width=76)
         ->  Limit  (cost=97.82..97.82 rows=1 width=84)
               ->  Sort  (cost=97.82..97.82 rows=1 width=84)
                     Sort Key: (st_distance(st_transform(s_3447.the_geom, 25833), schw_3447.schw))
                     ->  Nested Loop  (cost=0.00..97.81 rows=1 width=84)
                           Join Filter: ((st_transform(s_3447.the_geom, 25833) && st_expand(schw_3447.schw, '300'::double precision)) AND (schw_3447.schw && st_expand(st_transform(s_3447.the_geom, 25833), '300'::double precision)) AND _st_dwithin(st_transform(s_3447.the_geom, 25833), schw_3447.schw, '300'::double precision))
                           ->  Function Scan on schw_3447  (cost=0.00..0.01 rows=1 width=32)
                           ->  Seq Scan on phoml_trajectory_tmp s_3447  (cost=0.00..95.68 rows=17 width=40)
                                 Filter: ((unix_time >= '1685451526.114'::double precision) AND (unix_time <= '1685451586.114'::double precision))
   ->  Subquery Scan on "*SELECT* 3449"  (cost=97.82..97.83 rows=1 width=76)
         ->  Limit  (cost=97.82..97.82 rows=1 width=84)
               ->  Sort  (cost=97.82..97.82 rows=1 width=84)
                     Sort Key: (st_distance(st_transform(s_3448.the_geom, 25833), schw_3448.schw))
                     ->  Nested Loop  (cost=0.00..97.81 rows=1 width=84)
                           Join Filter: ((st_transform(s_3448.the_geom, 25833) && st_expand(schw_3448.schw, '300'::double precision)) AND (schw_3448.schw && st_expand(st_transform(s_3448.the_geom, 25833), '300'::double precision)) AND _st_dwithin(st_transform(s_3448.the_geom, 25833), schw_3448.schw, '300'::double precision))
                           ->  Function Scan on schw_3448  (cost=0.00..0.01 rows=1 width=32)
                           ->  Seq Scan on phoml_trajectory_tmp s_3448  (cost=0.00..95.68 rows=17 width=40)
                                 Filter: ((unix_time >= '1685451526.656'::double precision) AND (unix_time <= '1685451586.656'::double precision))
   ->  Subquery Scan on "*SELECT* 3450"  (cost=97.82..97.83 rows=1 width=76)
         ->  Limit  (cost=97.82..97.82 rows=1 width=84)
               ->  Sort  (cost=97.82..97.82 rows=1 width=84)
                     Sort Key: (st_distance(st_transform(s_3449.the_geom, 25833), schw_3449.schw))
                     ->  Nested Loop  (cost=0.00..97.81 rows=1 width=84)
                           Join Filter: ((st_transform(s_3449.the_geom, 25833) && st_expand(schw_3449.schw, '300'::double precision)) AND (schw_3449.schw && st_expand(st_transform(s_3449.the_geom, 25833), '300'::double precision)) AND _st_dwithin(st_transform(s_3449.the_geom, 25833), schw_3449.schw, '300'::double precision))
                           ->  Function Scan on schw_3449  (cost=0.00..0.01 rows=1 width=32)
                           ->  Seq Scan on phoml_trajectory_tmp s_3449  (cost=0.00..95.68 rows=17 width=40)
                                 Filter: ((unix_time >= '1685451527.195'::double precision) AND (unix_time <= '1685451587.195'::double precision))
   ->  Subquery Scan on "*SELECT* 3451"  (cost=97.82..97.83 rows=1 width=76)
         ->  Limit  (cost=97.82..97.82 rows=1 width=84)
               ->  Sort  (cost=97.82..97.82 rows=1 width=84)
                     Sort Key: (st_distance(st_transform(s_3450.the_geom, 25833), schw_3450.schw))
                     ->  Nested Loop  (cost=0.00..97.81 rows=1 width=84)
                           Join Filter: ((st_transform(s_3450.the_geom, 25833) && st_expand(schw_3450.schw, '300'::double precision)) AND (schw_3450.schw && st_expand(st_transform(s_3450.the_geom, 25833), '300'::double precision)) AND _st_dwithin(st_transform(s_3450.the_geom, 25833), schw_3450.schw, '300'::double precision))
                           ->  Function Scan on schw_3450  (cost=0.00..0.01 rows=1 width=32)
                           ->  Seq Scan on phoml_trajectory_tmp s_3450  (cost=0.00..95.68 rows=17 width=40)
                                 Filter: ((unix_time >= '1685451527.695'::double precision) AND (unix_time <= '1685451587.695'::double precision))
   ->  Subquery Scan on "*SELECT* 3452"  (cost=97.82..97.83 rows=1 width=76)
         ->  Limit  (cost=97.82..97.82 rows=1 width=84)
               ->  Sort  (cost=97.82..97.82 rows=1 width=84)
                     Sort Key: (st_distance(st_transform(s_3451.the_geom, 25833), schw_3451.schw))
                     ->  Nested Loop  (cost=0.00..97.81 rows=1 width=84)
                           Join Filter: ((st_transform(s_3451.the_geom, 25833) && st_expand(schw_3451.schw, '300'::double precision)) AND (schw_3451.schw && st_expand(st_transform(s_3451.the_geom, 25833), '300'::double precision)) AND _st_dwithin(st_transform(s_3451.the_geom, 25833), schw_3451.schw, '300'::double precision))
                           ->  Function Scan on schw_3451  (cost=0.00..0.01 rows=1 width=32)
                           ->  Seq Scan on phoml_trajectory_tmp s_3451  (cost=0.00..95.68 rows=17 width=40)
                                 Filter: ((unix_time >= '1685451528.192'::double precision) AND (unix_time <= '1685451588.192'::double precision))
   ->  Subquery Scan on "*SELECT* 3453"  (cost=97.82..97.83 rows=1 width=76)
         ->  Limit  (cost=97.82..97.82 rows=1 width=84)
               ->  Sort  (cost=97.82..97.82 rows=1 width=84)
                     Sort Key: (st_distance(st_transform(s_3452.the_geom, 25833), schw_3452.schw))
                     ->  Nested Loop  (cost=0.00..97.81 rows=1 width=84)
                           Join Filter: ((st_transform(s_3452.the_geom, 25833) && st_expand(schw_3452.schw, '300'::double precision)) AND (schw_3452.schw && st_expand(st_transform(s_3452.the_geom, 25833), '300'::double precision)) AND _st_dwithin(st_transform(s_3452.the_geom, 25833), schw_3452.schw, '300'::double precision))
                           ->  Function Scan on schw_3452  (cost=0.00..0.01 rows=1 width=32)
                           ->  Seq Scan on phoml_trajectory_tmp s_3452  (cost=0.00..95.68 rows=17 width=40)
                                 Filter: ((unix_time >= '1685451528.682'::double precision) AND (unix_time <= '1685451588.682'::double precision))
   ->  Subquery Scan on "*SELECT* 3454"  (cost=97.82..97.83 rows=1 width=76)
         ->  Limit  (cost=97.82..97.82 rows=1 width=84)
               ->  Sort  (cost=97.82..97.82 rows=1 width=84)
                     Sort Key: (st_distance(st_transform(s_3453.the_geom, 25833), schw_3453.schw))
                     ->  Nested Loop  (cost=0.00..97.81 rows=1 width=84)
                           Join Filter: ((st_transform(s_3453.the_geom, 25833) && st_expand(schw_3453.schw, '300'::double precision)) AND (schw_3453.schw && st_expand(st_transform(s_3453.the_geom, 25833), '300'::double precision)) AND _st_dwithin(st_transform(s_3453.the_geom, 25833), schw_3453.schw, '300'::double precision))
                           ->  Function Scan on schw_3453  (cost=0.00..0.01 rows=1 width=32)
                           ->  Seq Scan on phoml_trajectory_tmp s_3453  (cost=0.00..95.68 rows=17 width=40)
                                 Filter: ((unix_time >= '1685451529.149'::double precision) AND (unix_time <= '1685451589.149'::double precision))
   ->  Subquery Scan on "*SELECT* 3455"  (cost=97.82..97.83 rows=1 width=76)
         ->  Limit  (cost=97.82..97.82 rows=1 width=84)
               ->  Sort  (cost=97.82..97.82 rows=1 width=84)
                     Sort Key: (st_distance(st_transform(s_3454.the_geom, 25833), schw_3454.schw))
                     ->  Nested Loop  (cost=0.00..97.81 rows=1 width=84)
                           Join Filter: ((st_transform(s_3454.the_geom, 25833) && st_expand(schw_3454.schw, '300'::double precision)) AND (schw_3454.schw && st_expand(st_transform(s_3454.the_geom, 25833), '300'::double precision)) AND _st_dwithin(st_transform(s_3454.the_geom, 25833), schw_3454.schw, '300'::double precision))
                           ->  Function Scan on schw_3454  (cost=0.00..0.01 rows=1 width=32)
                           ->  Seq Scan on phoml_trajectory_tmp s_3454  (cost=0.00..95.68 rows=17 width=40)
                                 Filter: ((unix_time >= '1685451529.599'::double precision) AND (unix_time <= '1685451589.599'::double precision))
   ->  Subquery Scan on "*SELECT* 3456"  (cost=97.82..97.83 rows=1 width=76)
         ->  Limit  (cost=97.82..97.82 rows=1 width=84)
               ->  Sort  (cost=97.82..97.82 rows=1 width=84)
                     Sort Key: (st_distance(st_transform(s_3455.the_geom, 25833), schw_3455.schw))
                     ->  Nested Loop  (cost=0.00..97.81 rows=1 width=84)
                           Join Filter: ((st_transform(s_3455.the_geom, 25833) && st_expand(schw_3455.schw, '300'::double precision)) AND (schw_3455.schw && st_expand(st_transform(s_3455.the_geom, 25833), '300'::double precision)) AND _st_dwithin(st_transform(s_3455.the_geom, 25833), schw_3455.schw, '300'::double precision))
                           ->  Function Scan on schw_3455  (cost=0.00..0.01 rows=1 width=32)
                           ->  Seq Scan on phoml_trajectory_tmp s_3455  (cost=0.00..95.68 rows=17 width=40)
                                 Filter: ((unix_time >= '1685451530.049'::double precision) AND (unix_time <= '1685451590.049'::double precision))
   ->  Subquery Scan on "*SELECT* 3457"  (cost=97.82..97.83 rows=1 width=76)
         ->  Limit  (cost=97.82..97.82 rows=1 width=84)
               ->  Sort  (cost=97.82..97.82 rows=1 width=84)
                     Sort Key: (st_distance(st_transform(s_3456.the_geom, 25833), schw_3456.schw))
                     ->  Nested Loop  (cost=0.00..97.81 rows=1 width=84)
                           Join Filter: ((st_transform(s_3456.the_geom, 25833) && st_expand(schw_3456.schw, '300'::double precision)) AND (schw_3456.schw && st_expand(st_transform(s_3456.the_geom, 25833), '300'::double precision)) AND _st_dwithin(st_transform(s_3456.the_geom, 25833), schw_3456.schw, '300'::double precision))
                           ->  Function Scan on schw_3456  (cost=0.00..0.01 rows=1 width=32)
                           ->  Seq Scan on phoml_trajectory_tmp s_3456  (cost=0.00..95.68 rows=17 width=40)
                                 Filter: ((unix_time >= '1685451530.477'::double precision) AND (unix_time <= '1685451590.477'::double precision))
   ->  Subquery Scan on "*SELECT* 3458"  (cost=97.82..97.83 rows=1 width=76)
         ->  Limit  (cost=97.82..97.82 rows=1 width=84)
               ->  Sort  (cost=97.82..97.82 rows=1 width=84)
                     Sort Key: (st_distance(st_transform(s_3457.the_geom, 25833), schw_3457.schw))
                     ->  Nested Loop  (cost=0.00..97.81 rows=1 width=84)
                           Join Filter: ((st_transform(s_3457.the_geom, 25833) && st_expand(schw_3457.schw, '300'::double precision)) AND (schw_3457.schw && st_expand(st_transform(s_3457.the_geom, 25833), '300'::double precision)) AND _st_dwithin(st_transform(s_3457.the_geom, 25833), schw_3457.schw, '300'::double precision))
                           ->  Function Scan on schw_3457  (cost=0.00..0.01 rows=1 width=32)
                           ->  Seq Scan on phoml_trajectory_tmp s_3457  (cost=0.00..95.68 rows=17 width=40)
                                 Filter: ((unix_time >= '1685451530.897'::double precision) AND (unix_time <= '1685451590.897'::double precision))
   ->  Subquery Scan on "*SELECT* 3459"  (cost=97.82..97.83 rows=1 width=76)
         ->  Limit  (cost=97.82..97.82 rows=1 width=84)
               ->  Sort  (cost=97.82..97.82 rows=1 width=84)
                     Sort Key: (st_distance(st_transform(s_3458.the_geom, 25833), schw_3458.schw))
                     ->  Nested Loop  (cost=0.00..97.81 rows=1 width=84)
                           Join Filter: ((st_transform(s_3458.the_geom, 25833) && st_expand(schw_3458.schw, '300'::double precision)) AND (schw_3458.schw && st_expand(st_transform(s_3458.the_geom, 25833), '300'::double precision)) AND _st_dwithin(st_transform(s_3458.the_geom, 25833), schw_3458.schw, '300'::double precision))
                           ->  Function Scan on schw_3458  (cost=0.00..0.01 rows=1 width=32)
                           ->  Seq Scan on phoml_trajectory_tmp s_3458  (cost=0.00..95.68 rows=17 width=40)
                                 Filter: ((unix_time >= '1685451531.302'::double precision) AND (unix_time <= '1685451591.302'::double precision))
   ->  Subquery Scan on "*SELECT* 3460"  (cost=97.82..97.83 rows=1 width=76)
         ->  Limit  (cost=97.82..97.82 rows=1 width=84)
               ->  Sort  (cost=97.82..97.82 rows=1 width=84)
                     Sort Key: (st_distance(st_transform(s_3459.the_geom, 25833), schw_3459.schw))
                     ->  Nested Loop  (cost=0.00..97.81 rows=1 width=84)
                           Join Filter: ((st_transform(s_3459.the_geom, 25833) && st_expand(schw_3459.schw, '300'::double precision)) AND (schw_3459.schw && st_expand(st_transform(s_3459.the_geom, 25833), '300'::double precision)) AND _st_dwithin(st_transform(s_3459.the_geom, 25833), schw_3459.schw, '300'::double precision))
                           ->  Function Scan on schw_3459  (cost=0.00..0.01 rows=1 width=32)
                           ->  Seq Scan on phoml_trajectory_tmp s_3459  (cost=0.00..95.68 rows=17 width=40)
                                 Filter: ((unix_time >= '1685451531.702'::double precision) AND (unix_time <= '1685451591.702'::double precision))
   ->  Subquery Scan on "*SELECT* 3461"  (cost=97.82..97.83 rows=1 width=76)
         ->  Limit  (cost=97.82..97.82 rows=1 width=84)
               ->  Sort  (cost=97.82..97.82 rows=1 width=84)
                     Sort Key: (st_distance(st_transform(s_3460.the_geom, 25833), schw_3460.schw))
                     ->  Nested Loop  (cost=0.00..97.81 rows=1 width=84)
                           Join Filter: ((st_transform(s_3460.the_geom, 25833) && st_expand(schw_3460.schw, '300'::double precision)) AND (schw_3460.schw && st_expand(st_transform(s_3460.the_geom, 25833), '300'::double precision)) AND _st_dwithin(st_transform(s_3460.the_geom, 25833), schw_3460.schw, '300'::double precision))
                           ->  Function Scan on schw_3460  (cost=0.00..0.01 rows=1 width=32)
                           ->  Seq Scan on phoml_trajectory_tmp s_3460  (cost=0.00..95.68 rows=17 width=40)
                                 Filter: ((unix_time >= '1685451532.092'::double precision) AND (unix_time <= '1685451592.092'::double precision))
   ->  Subquery Scan on "*SELECT* 3462"  (cost=97.82..97.83 rows=1 width=76)
         ->  Limit  (cost=97.82..97.82 rows=1 width=84)
               ->  Sort  (cost=97.82..97.82 rows=1 width=84)
                     Sort Key: (st_distance(st_transform(s_3461.the_geom, 25833), schw_3461.schw))
                     ->  Nested Loop  (cost=0.00..97.81 rows=1 width=84)
                           Join Filter: ((st_transform(s_3461.the_geom, 25833) && st_expand(schw_3461.schw, '300'::double precision)) AND (schw_3461.schw && st_expand(st_transform(s_3461.the_geom, 25833), '300'::double precision)) AND _st_dwithin(st_transform(s_3461.the_geom, 25833), schw_3461.schw, '300'::double precision))
                           ->  Function Scan on schw_3461  (cost=0.00..0.01 rows=1 width=32)
                           ->  Seq Scan on phoml_trajectory_tmp s_3461  (cost=0.00..95.68 rows=17 width=40)
                                 Filter: ((unix_time >= '1685451532.463'::double precision) AND (unix_time <= '1685451592.463'::double precision))
   ->  Subquery Scan on "*SELECT* 3463"  (cost=97.82..97.83 rows=1 width=76)
         ->  Limit  (cost=97.82..97.82 rows=1 width=84)
               ->  Sort  (cost=97.82..97.82 rows=1 width=84)
                     Sort Key: (st_distance(st_transform(s_3462.the_geom, 25833), schw_3462.schw))
                     ->  Nested Loop  (cost=0.00..97.81 rows=1 width=84)
                           Join Filter: ((st_transform(s_3462.the_geom, 25833) && st_expand(schw_3462.schw, '300'::double precision)) AND (schw_3462.schw && st_expand(st_transform(s_3462.the_geom, 25833), '300'::double precision)) AND _st_dwithin(st_transform(s_3462.the_geom, 25833), schw_3462.schw, '300'::double precision))
                           ->  Function Scan on schw_3462  (cost=0.00..0.01 rows=1 width=32)
                           ->  Seq Scan on phoml_trajectory_tmp s_3462  (cost=0.00..95.68 rows=17 width=40)
                                 Filter: ((unix_time >= '1685451532.833'::double precision) AND (unix_time <= '1685451592.833'::double precision))
   ->  Subquery Scan on "*SELECT* 3464"  (cost=97.82..97.83 rows=1 width=76)
         ->  Limit  (cost=97.82..97.82 rows=1 width=84)
               ->  Sort  (cost=97.82..97.82 rows=1 width=84)
                     Sort Key: (st_distance(st_transform(s_3463.the_geom, 25833), schw_3463.schw))
                     ->  Nested Loop  (cost=0.00..97.81 rows=1 width=84)
                           Join Filter: ((st_transform(s_3463.the_geom, 25833) && st_expand(schw_3463.schw, '300'::double precision)) AND (schw_3463.schw && st_expand(st_transform(s_3463.the_geom, 25833), '300'::double precision)) AND _st_dwithin(st_transform(s_3463.the_geom, 25833), schw_3463.schw, '300'::double precision))
                           ->  Function Scan on schw_3463  (cost=0.00..0.01 rows=1 width=32)
                           ->  Seq Scan on phoml_trajectory_tmp s_3463  (cost=0.00..95.68 rows=17 width=40)
                                 Filter: ((unix_time >= '1685451533.204'::double precision) AND (unix_time <= '1685451593.204'::double precision))
   ->  Subquery Scan on "*SELECT* 3465"  (cost=97.82..97.83 rows=1 width=76)
         ->  Limit  (cost=97.82..97.82 rows=1 width=84)
               ->  Sort  (cost=97.82..97.82 rows=1 width=84)
                     Sort Key: (st_distance(st_transform(s_3464.the_geom, 25833), schw_3464.schw))
                     ->  Nested Loop  (cost=0.00..97.81 rows=1 width=84)
                           Join Filter: ((st_transform(s_3464.the_geom, 25833) && st_expand(schw_3464.schw, '300'::double precision)) AND (schw_3464.schw && st_expand(st_transform(s_3464.the_geom, 25833), '300'::double precision)) AND _st_dwithin(st_transform(s_3464.the_geom, 25833), schw_3464.schw, '300'::double precision))
                           ->  Function Scan on schw_3464  (cost=0.00..0.01 rows=1 width=32)
                           ->  Seq Scan on phoml_trajectory_tmp s_3464  (cost=0.00..95.68 rows=17 width=40)
                                 Filter: ((unix_time >= '1685451533.534'::double precision) AND (unix_time <= '1685451593.534'::double precision))
   ->  Subquery Scan on "*SELECT* 3466"  (cost=97.82..97.83 rows=1 width=76)
         ->  Limit  (cost=97.82..97.82 rows=1 width=84)
               ->  Sort  (cost=97.82..97.82 rows=1 width=84)
                     Sort Key: (st_distance(st_transform(s_3465.the_geom, 25833), schw_3465.schw))
                     ->  Nested Loop  (cost=0.00..97.81 rows=1 width=84)
                           Join Filter: ((st_transform(s_3465.the_geom, 25833) && st_expand(schw_3465.schw, '300'::double precision)) AND (schw_3465.schw && st_expand(st_transform(s_3465.the_geom, 25833), '300'::double precision)) AND _st_dwithin(st_transform(s_3465.the_geom, 25833), schw_3465.schw, '300'::double precision))
                           ->  Function Scan on schw_3465  (cost=0.00..0.01 rows=1 width=32)
                           ->  Seq Scan on phoml_trajectory_tmp s_3465  (cost=0.00..95.68 rows=17 width=40)
                                 Filter: ((unix_time >= '1685451533.884'::double precision) AND (unix_time <= '1685451593.884'::double precision))
   ->  Subquery Scan on "*SELECT* 3467"  (cost=97.82..97.83 rows=1 width=76)
         ->  Limit  (cost=97.82..97.82 rows=1 width=84)
               ->  Sort  (cost=97.82..97.82 rows=1 width=84)
                     Sort Key: (st_distance(st_transform(s_3466.the_geom, 25833), schw_3466.schw))
                     ->  Nested Loop  (cost=0.00..97.81 rows=1 width=84)
                           Join Filter: ((st_transform(s_3466.the_geom, 25833) && st_expand(schw_3466.schw, '300'::double precision)) AND (schw_3466.schw && st_expand(st_transform(s_3466.the_geom, 25833), '300'::double precision)) AND _st_dwithin(st_transform(s_3466.the_geom, 25833), schw_3466.schw, '300'::double precision))
                           ->  Function Scan on schw_3466  (cost=0.00..0.01 rows=1 width=32)
                           ->  Seq Scan on phoml_trajectory_tmp s_3466  (cost=0.00..95.68 rows=17 width=40)
                                 Filter: ((unix_time >= '1685451534.231'::double precision) AND (unix_time <= '1685451594.231'::double precision))
   ->  Subquery Scan on "*SELECT* 3468"  (cost=97.82..97.83 rows=1 width=76)
         ->  Limit  (cost=97.82..97.82 rows=1 width=84)
               ->  Sort  (cost=97.82..97.82 rows=1 width=84)
                     Sort Key: (st_distance(st_transform(s_3467.the_geom, 25833), schw_3467.schw))
                     ->  Nested Loop  (cost=0.00..97.81 rows=1 width=84)
                           Join Filter: ((st_transform(s_3467.the_geom, 25833) && st_expand(schw_3467.schw, '300'::double precision)) AND (schw_3467.schw && st_expand(st_transform(s_3467.the_geom, 25833), '300'::double precision)) AND _st_dwithin(st_transform(s_3467.the_geom, 25833), schw_3467.schw, '300'::double precision))
                           ->  Function Scan on schw_3467  (cost=0.00..0.01 rows=1 width=32)
                           ->  Seq Scan on phoml_trajectory_tmp s_3467  (cost=0.00..95.68 rows=17 width=40)
                                 Filter: ((unix_time >= '1685451534.561'::double precision) AND (unix_time <= '1685451594.561'::double precision))
   ->  Subquery Scan on "*SELECT* 3469"  (cost=97.82..97.83 rows=1 width=76)
         ->  Limit  (cost=97.82..97.82 rows=1 width=84)
               ->  Sort  (cost=97.82..97.82 rows=1 width=84)
                     Sort Key: (st_distance(st_transform(s_3468.the_geom, 25833), schw_3468.schw))
                     ->  Nested Loop  (cost=0.00..97.81 rows=1 width=84)
                           Join Filter: ((st_transform(s_3468.the_geom, 25833) && st_expand(schw_3468.schw, '300'::double precision)) AND (schw_3468.schw && st_expand(st_transform(s_3468.the_geom, 25833), '300'::double precision)) AND _st_dwithin(st_transform(s_3468.the_geom, 25833), schw_3468.schw, '300'::double precision))
                           ->  Function Scan on schw_3468  (cost=0.00..0.01 rows=1 width=32)
                           ->  Seq Scan on phoml_trajectory_tmp s_3468  (cost=0.00..95.68 rows=17 width=40)
                                 Filter: ((unix_time >= '1685451534.901'::double precision) AND (unix_time <= '1685451594.901'::double precision))
   ->  Subquery Scan on "*SELECT* 3470"  (cost=97.82..97.83 rows=1 width=76)
         ->  Limit  (cost=97.82..97.82 rows=1 width=84)
               ->  Sort  (cost=97.82..97.82 rows=1 width=84)
                     Sort Key: (st_distance(st_transform(s_3469.the_geom, 25833), schw_3469.schw))
                     ->  Nested Loop  (cost=0.00..97.81 rows=1 width=84)
                           Join Filter: ((st_transform(s_3469.the_geom, 25833) && st_expand(schw_3469.schw, '300'::double precision)) AND (schw_3469.schw && st_expand(st_transform(s_3469.the_geom, 25833), '300'::double precision)) AND _st_dwithin(st_transform(s_3469.the_geom, 25833), schw_3469.schw, '300'::double precision))
                           ->  Function Scan on schw_3469  (cost=0.00..0.01 rows=1 width=32)
                           ->  Seq Scan on phoml_trajectory_tmp s_3469  (cost=0.00..95.68 rows=17 width=40)
                                 Filter: ((unix_time >= '1685451535.224'::double precision) AND (unix_time <= '1685451595.224'::double precision))
   ->  Subquery Scan on "*SELECT* 3471"  (cost=97.82..97.83 rows=1 width=76)
         ->  Limit  (cost=97.82..97.82 rows=1 width=84)
               ->  Sort  (cost=97.82..97.82 rows=1 width=84)
                     Sort Key: (st_distance(st_transform(s_3470.the_geom, 25833), schw_3470.schw))
                     ->  Nested Loop  (cost=0.00..97.81 rows=1 width=84)
                           Join Filter: ((st_transform(s_3470.the_geom, 25833) && st_expand(schw_3470.schw, '300'::double precision)) AND (schw_3470.schw && st_expand(st_transform(s_3470.the_geom, 25833), '300'::double precision)) AND _st_dwithin(st_transform(s_3470.the_geom, 25833), schw_3470.schw, '300'::double precision))
                           ->  Function Scan on schw_3470  (cost=0.00..0.01 rows=1 width=32)
                           ->  Seq Scan on phoml_trajectory_tmp s_3470  (cost=0.00..95.68 rows=17 width=40)
                                 Filter: ((unix_time >= '1685451535.564'::double precision) AND (unix_time <= '1685451595.564'::double precision))
   ->  Subquery Scan on "*SELECT* 3472"  (cost=97.82..97.83 rows=1 width=76)
         ->  Limit  (cost=97.82..97.82 rows=1 width=84)
               ->  Sort  (cost=97.82..97.82 rows=1 width=84)
                     Sort Key: (st_distance(st_transform(s_3471.the_geom, 25833), schw_3471.schw))
                     ->  Nested Loop  (cost=0.00..97.81 rows=1 width=84)
                           Join Filter: ((st_transform(s_3471.the_geom, 25833) && st_expand(schw_3471.schw, '300'::double precision)) AND (schw_3471.schw && st_expand(st_transform(s_3471.the_geom, 25833), '300'::double precision)) AND _st_dwithin(st_transform(s_3471.the_geom, 25833), schw_3471.schw, '300'::double precision))
                           ->  Function Scan on schw_3471  (cost=0.00..0.01 rows=1 width=32)
                           ->  Seq Scan on phoml_trajectory_tmp s_3471  (cost=0.00..95.68 rows=17 width=40)
                                 Filter: ((unix_time >= '1685451535.894'::double precision) AND (unix_time <= '1685451595.894'::double precision))
   ->  Subquery Scan on "*SELECT* 3473"  (cost=97.82..97.83 rows=1 width=76)
         ->  Limit  (cost=97.82..97.82 rows=1 width=84)
               ->  Sort  (cost=97.82..97.82 rows=1 width=84)
                     Sort Key: (st_distance(st_transform(s_3472.the_geom, 25833), schw_3472.schw))
                     ->  Nested Loop  (cost=0.00..97.81 rows=1 width=84)
                           Join Filter: ((st_transform(s_3472.the_geom, 25833) && st_expand(schw_3472.schw, '300'::double precision)) AND (schw_3472.schw && st_expand(st_transform(s_3472.the_geom, 25833), '300'::double precision)) AND _st_dwithin(st_transform(s_3472.the_geom, 25833), schw_3472.schw, '300'::double precision))
                           ->  Function Scan on schw_3472  (cost=0.00..0.01 rows=1 width=32)
                           ->  Seq Scan on phoml_trajectory_tmp s_3472  (cost=0.00..95.68 rows=17 width=40)
                                 Filter: ((unix_time >= '1685451536.227'::double precision) AND (unix_time <= '1685451596.227'::double precision))
   ->  Subquery Scan on "*SELECT* 3474"  (cost=97.82..97.83 rows=1 width=76)
         ->  Limit  (cost=97.82..97.82 rows=1 width=84)
               ->  Sort  (cost=97.82..97.82 rows=1 width=84)
                     Sort Key: (st_distance(st_transform(s_3473.the_geom, 25833), schw_3473.schw))
                     ->  Nested Loop  (cost=0.00..97.81 rows=1 width=84)
                           Join Filter: ((st_transform(s_3473.the_geom, 25833) && st_expand(schw_3473.schw, '300'::double precision)) AND (schw_3473.schw && st_expand(st_transform(s_3473.the_geom, 25833), '300'::double precision)) AND _st_dwithin(st_transform(s_3473.the_geom, 25833), schw_3473.schw, '300'::double precision))
                           ->  Function Scan on schw_3473  (cost=0.00..0.01 rows=1 width=32)
                           ->  Seq Scan on phoml_trajectory_tmp s_3473  (cost=0.00..95.68 rows=17 width=40)
                                 Filter: ((unix_time >= '1685451536.557'::double precision) AND (unix_time <= '1685451596.557'::double precision))
   ->  Subquery Scan on "*SELECT* 3475"  (cost=97.82..97.83 rows=1 width=76)
         ->  Limit  (cost=97.82..97.82 rows=1 width=84)
               ->  Sort  (cost=97.82..97.82 rows=1 width=84)
                     Sort Key: (st_distance(st_transform(s_3474.the_geom, 25833), schw_3474.schw))
                     ->  Nested Loop  (cost=0.00..97.81 rows=1 width=84)
                           Join Filter: ((st_transform(s_3474.the_geom, 25833) && st_expand(schw_3474.schw, '300'::double precision)) AND (schw_3474.schw && st_expand(st_transform(s_3474.the_geom, 25833), '300'::double precision)) AND _st_dwithin(st_transform(s_3474.the_geom, 25833), schw_3474.schw, '300'::double precision))
                           ->  Function Scan on schw_3474  (cost=0.00..0.01 rows=1 width=32)
                           ->  Seq Scan on phoml_trajectory_tmp s_3474  (cost=0.00..95.68 rows=17 width=40)
                                 Filter: ((unix_time >= '1685451536.867'::double precision) AND (unix_time <= '1685451596.867'::double precision))
   ->  Subquery Scan on "*SELECT* 3476"  (cost=97.82..97.83 rows=1 width=76)
         ->  Limit  (cost=97.82..97.82 rows=1 width=84)
               ->  Sort  (cost=97.82..97.82 rows=1 width=84)
                     Sort Key: (st_distance(st_transform(s_3475.the_geom, 25833), schw_3475.schw))
                     ->  Nested Loop  (cost=0.00..97.81 rows=1 width=84)
                           Join Filter: ((st_transform(s_3475.the_geom, 25833) && st_expand(schw_3475.schw, '300'::double precision)) AND (schw_3475.schw && st_expand(st_transform(s_3475.the_geom, 25833), '300'::double precision)) AND _st_dwithin(st_transform(s_3475.the_geom, 25833), schw_3475.schw, '300'::double precision))
                           ->  Function Scan on schw_3475  (cost=0.00..0.01 rows=1 width=32)
                           ->  Seq Scan on phoml_trajectory_tmp s_3475  (cost=0.00..95.68 rows=17 width=40)
                                 Filter: ((unix_time >= '1685451537.213'::double precision) AND (unix_time <= '1685451597.213'::double precision))
   ->  Subquery Scan on "*SELECT* 3477"  (cost=97.82..97.83 rows=1 width=76)
         ->  Limit  (cost=97.82..97.82 rows=1 width=84)
               ->  Sort  (cost=97.82..97.82 rows=1 width=84)
                     Sort Key: (st_distance(st_transform(s_3476.the_geom, 25833), schw_3476.schw))
                     ->  Nested Loop  (cost=0.00..97.81 rows=1 width=84)
                           Join Filter: ((st_transform(s_3476.the_geom, 25833) && st_expand(schw_3476.schw, '300'::double precision)) AND (schw_3476.schw && st_expand(st_transform(s_3476.the_geom, 25833), '300'::double precision)) AND _st_dwithin(st_transform(s_3476.the_geom, 25833), schw_3476.schw, '300'::double precision))
                           ->  Function Scan on schw_3476  (cost=0.00..0.01 rows=1 width=32)
                           ->  Seq Scan on phoml_trajectory_tmp s_3476  (cost=0.00..95.68 rows=17 width=40)
                                 Filter: ((unix_time >= '1685451537.543'::double precision) AND (unix_time <= '1685451597.543'::double precision))
   ->  Subquery Scan on "*SELECT* 3478"  (cost=97.82..97.83 rows=1 width=76)
         ->  Limit  (cost=97.82..97.82 rows=1 width=84)
               ->  Sort  (cost=97.82..97.82 rows=1 width=84)
                     Sort Key: (st_distance(st_transform(s_3477.the_geom, 25833), schw_3477.schw))
                     ->  Nested Loop  (cost=0.00..97.81 rows=1 width=84)
                           Join Filter: ((st_transform(s_3477.the_geom, 25833) && st_expand(schw_3477.schw, '300'::double precision)) AND (schw_3477.schw && st_expand(st_transform(s_3477.the_geom, 25833), '300'::double precision)) AND _st_dwithin(st_transform(s_3477.the_geom, 25833), schw_3477.schw, '300'::double precision))
                           ->  Function Scan on schw_3477  (cost=0.00..0.01 rows=1 width=32)
                           ->  Seq Scan on phoml_trajectory_tmp s_3477  (cost=0.00..95.68 rows=17 width=40)
                                 Filter: ((unix_time >= '1685451537.873'::double precision) AND (unix_time <= '1685451597.873'::double precision))
   ->  Subquery Scan on "*SELECT* 3479"  (cost=97.82..97.83 rows=1 width=76)
         ->  Limit  (cost=97.82..97.82 rows=1 width=84)
               ->  Sort  (cost=97.82..97.82 rows=1 width=84)
                     Sort Key: (st_distance(st_transform(s_3478.the_geom, 25833), schw_3478.schw))
                     ->  Nested Loop  (cost=0.00..97.81 rows=1 width=84)
                           Join Filter: ((st_transform(s_3478.the_geom, 25833) && st_expand(schw_3478.schw, '300'::double precision)) AND (schw_3478.schw && st_expand(st_transform(s_3478.the_geom, 25833), '300'::double precision)) AND _st_dwithin(st_transform(s_3478.the_geom, 25833), schw_3478.schw, '300'::double precision))
                           ->  Function Scan on schw_3478  (cost=0.00..0.01 rows=1 width=32)
                           ->  Seq Scan on phoml_trajectory_tmp s_3478  (cost=0.00..95.68 rows=17 width=40)
                                 Filter: ((unix_time >= '1685451538.208'::double precision) AND (unix_time <= '1685451598.208'::double precision))
   ->  Subquery Scan on "*SELECT* 3480"  (cost=97.82..97.83 rows=1 width=76)
         ->  Limit  (cost=97.82..97.82 rows=1 width=84)
               ->  Sort  (cost=97.82..97.82 rows=1 width=84)
                     Sort Key: (st_distance(st_transform(s_3479.the_geom, 25833), schw_3479.schw))
                     ->  Nested Loop  (cost=0.00..97.81 rows=1 width=84)
                           Join Filter: ((st_transform(s_3479.the_geom, 25833) && st_expand(schw_3479.schw, '300'::double precision)) AND (schw_3479.schw && st_expand(st_transform(s_3479.the_geom, 25833), '300'::double precision)) AND _st_dwithin(st_transform(s_3479.the_geom, 25833), schw_3479.schw, '300'::double precision))
                           ->  Function Scan on schw_3479  (cost=0.00..0.01 rows=1 width=32)
                           ->  Seq Scan on phoml_trajectory_tmp s_3479  (cost=0.00..95.68 rows=17 width=40)
                                 Filter: ((unix_time >= '1685451538.528'::double precision) AND (unix_time <= '1685451598.528'::double precision))
   ->  Subquery Scan on "*SELECT* 3481"  (cost=97.82..97.83 rows=1 width=76)
         ->  Limit  (cost=97.82..97.82 rows=1 width=84)
               ->  Sort  (cost=97.82..97.82 rows=1 width=84)
                     Sort Key: (st_distance(st_transform(s_3480.the_geom, 25833), schw_3480.schw))
                     ->  Nested Loop  (cost=0.00..97.81 rows=1 width=84)
                           Join Filter: ((st_transform(s_3480.the_geom, 25833) && st_expand(schw_3480.schw, '300'::double precision)) AND (schw_3480.schw && st_expand(st_transform(s_3480.the_geom, 25833), '300'::double precision)) AND _st_dwithin(st_transform(s_3480.the_geom, 25833), schw_3480.schw, '300'::double precision))
                           ->  Function Scan on schw_3480  (cost=0.00..0.01 rows=1 width=32)
                           ->  Seq Scan on phoml_trajectory_tmp s_3480  (cost=0.00..95.68 rows=17 width=40)
                                 Filter: ((unix_time >= '1685451538.868'::double precision) AND (unix_time <= '1685451598.868'::double precision))
   ->  Subquery Scan on "*SELECT* 3482"  (cost=97.82..97.83 rows=1 width=76)
         ->  Limit  (cost=97.82..97.82 rows=1 width=84)
               ->  Sort  (cost=97.82..97.82 rows=1 width=84)
                     Sort Key: (st_distance(st_transform(s_3481.the_geom, 25833), schw_3481.schw))
                     ->  Nested Loop  (cost=0.00..97.81 rows=1 width=84)
                           Join Filter: ((st_transform(s_3481.the_geom, 25833) && st_expand(schw_3481.schw, '300'::double precision)) AND (schw_3481.schw && st_expand(st_transform(s_3481.the_geom, 25833), '300'::double precision)) AND _st_dwithin(st_transform(s_3481.the_geom, 25833), schw_3481.schw, '300'::double precision))
                           ->  Function Scan on schw_3481  (cost=0.00..0.01 rows=1 width=32)
                           ->  Seq Scan on phoml_trajectory_tmp s_3481  (cost=0.00..95.68 rows=17 width=40)
                                 Filter: ((unix_time >= '1685451539.203'::double precision) AND (unix_time <= '1685451599.203'::double precision))
   ->  Subquery Scan on "*SELECT* 3483"  (cost=97.82..97.83 rows=1 width=76)
         ->  Limit  (cost=97.82..97.82 rows=1 width=84)
               ->  Sort  (cost=97.82..97.82 rows=1 width=84)
                     Sort Key: (st_distance(st_transform(s_3482.the_geom, 25833), schw_3482.schw))
                     ->  Nested Loop  (cost=0.00..97.81 rows=1 width=84)
                           Join Filter: ((st_transform(s_3482.the_geom, 25833) && st_expand(schw_3482.schw, '300'::double precision)) AND (schw_3482.schw && st_expand(st_transform(s_3482.the_geom, 25833), '300'::double precision)) AND _st_dwithin(st_transform(s_3482.the_geom, 25833), schw_3482.schw, '300'::double precision))
                           ->  Function Scan on schw_3482  (cost=0.00..0.01 rows=1 width=32)
                           ->  Seq Scan on phoml_trajectory_tmp s_3482  (cost=0.00..95.68 rows=17 width=40)
                                 Filter: ((unix_time >= '1685451539.533'::double precision) AND (unix_time <= '1685451599.533'::double precision))
   ->  Subquery Scan on "*SELECT* 3484"  (cost=97.82..97.83 rows=1 width=76)
         ->  Limit  (cost=97.82..97.82 rows=1 width=84)
               ->  Sort  (cost=97.82..97.82 rows=1 width=84)
                     Sort Key: (st_distance(st_transform(s_3483.the_geom, 25833), schw_3483.schw))
                     ->  Nested Loop  (cost=0.00..97.81 rows=1 width=84)
                           Join Filter: ((st_transform(s_3483.the_geom, 25833) && st_expand(schw_3483.schw, '300'::double precision)) AND (schw_3483.schw && st_expand(st_transform(s_3483.the_geom, 25833), '300'::double precision)) AND _st_dwithin(st_transform(s_3483.the_geom, 25833), schw_3483.schw, '300'::double precision))
                           ->  Function Scan on schw_3483  (cost=0.00..0.01 rows=1 width=32)
                           ->  Seq Scan on phoml_trajectory_tmp s_3483  (cost=0.00..95.68 rows=17 width=40)
                                 Filter: ((unix_time >= '1685451539.853'::double precision) AND (unix_time <= '1685451599.853'::double precision))
   ->  Subquery Scan on "*SELECT* 3485"  (cost=97.82..97.83 rows=1 width=76)
         ->  Limit  (cost=97.82..97.82 rows=1 width=84)
               ->  Sort  (cost=97.82..97.82 rows=1 width=84)
                     Sort Key: (st_distance(st_transform(s_3484.the_geom, 25833), schw_3484.schw))
                     ->  Nested Loop  (cost=0.00..97.81 rows=1 width=84)
                           Join Filter: ((st_transform(s_3484.the_geom, 25833) && st_expand(schw_3484.schw, '300'::double precision)) AND (schw_3484.schw && st_expand(st_transform(s_3484.the_geom, 25833), '300'::double precision)) AND _st_dwithin(st_transform(s_3484.the_geom, 25833), schw_3484.schw, '300'::double precision))
                           ->  Function Scan on schw_3484  (cost=0.00..0.01 rows=1 width=32)
                           ->  Seq Scan on phoml_trajectory_tmp s_3484  (cost=0.00..95.68 rows=17 width=40)
                                 Filter: ((unix_time >= '1685451540.199'::double precision) AND (unix_time <= '1685451600.199'::double precision))
   ->  Subquery Scan on "*SELECT* 3486"  (cost=97.82..97.83 rows=1 width=76)
         ->  Limit  (cost=97.82..97.82 rows=1 width=84)
               ->  Sort  (cost=97.82..97.82 rows=1 width=84)
                     Sort Key: (st_distance(st_transform(s_3485.the_geom, 25833), schw_3485.schw))
                     ->  Nested Loop  (cost=0.00..97.81 rows=1 width=84)
                           Join Filter: ((st_transform(s_3485.the_geom, 25833) && st_expand(schw_3485.schw, '300'::double precision)) AND (schw_3485.schw && st_expand(st_transform(s_3485.the_geom, 25833), '300'::double precision)) AND _st_dwithin(st_transform(s_3485.the_geom, 25833), schw_3485.schw, '300'::double precision))
                           ->  Function Scan on schw_3485  (cost=0.00..0.01 rows=1 width=32)
                           ->  Seq Scan on phoml_trajectory_tmp s_3485  (cost=0.00..95.68 rows=17 width=40)
                                 Filter: ((unix_time >= '1685451540.539'::double precision) AND (unix_time <= '1685451600.539'::double precision))
   ->  Subquery Scan on "*SELECT* 3487"  (cost=97.82..97.83 rows=1 width=76)
         ->  Limit  (cost=97.82..97.82 rows=1 width=84)
               ->  Sort  (cost=97.82..97.82 rows=1 width=84)
                     Sort Key: (st_distance(st_transform(s_3486.the_geom, 25833), schw_3486.schw))
                     ->  Nested Loop  (cost=0.00..97.81 rows=1 width=84)
                           Join Filter: ((st_transform(s_3486.the_geom, 25833) && st_expand(schw_3486.schw, '300'::double precision)) AND (schw_3486.schw && st_expand(st_transform(s_3486.the_geom, 25833), '300'::double precision)) AND _st_dwithin(st_transform(s_3486.the_geom, 25833), schw_3486.schw, '300'::double precision))
                           ->  Function Scan on schw_3486  (cost=0.00..0.01 rows=1 width=32)
                           ->  Seq Scan on phoml_trajectory_tmp s_3486  (cost=0.00..95.68 rows=17 width=40)
                                 Filter: ((unix_time >= '1685451540.869'::double precision) AND (unix_time <= '1685451600.869'::double precision))
   ->  Subquery Scan on "*SELECT* 3488"  (cost=97.82..97.83 rows=1 width=76)
         ->  Limit  (cost=97.82..97.82 rows=1 width=84)
               ->  Sort  (cost=97.82..97.82 rows=1 width=84)
                     Sort Key: (st_distance(st_transform(s_3487.the_geom, 25833), schw_3487.schw))
                     ->  Nested Loop  (cost=0.00..97.81 rows=1 width=84)
                           Join Filter: ((st_transform(s_3487.the_geom, 25833) && st_expand(schw_3487.schw, '300'::double precision)) AND (schw_3487.schw && st_expand(st_transform(s_3487.the_geom, 25833), '300'::double precision)) AND _st_dwithin(st_transform(s_3487.the_geom, 25833), schw_3487.schw, '300'::double precision))
                           ->  Function Scan on schw_3487  (cost=0.00..0.01 rows=1 width=32)
                           ->  Seq Scan on phoml_trajectory_tmp s_3487  (cost=0.00..95.68 rows=17 width=40)
                                 Filter: ((unix_time >= '1685451541.212'::double precision) AND (unix_time <= '1685451601.212'::double precision))
   ->  Subquery Scan on "*SELECT* 3489"  (cost=97.82..97.83 rows=1 width=76)
         ->  Limit  (cost=97.82..97.82 rows=1 width=84)
               ->  Sort  (cost=97.82..97.82 rows=1 width=84)
                     Sort Key: (st_distance(st_transform(s_3488.the_geom, 25833), schw_3488.schw))
                     ->  Nested Loop  (cost=0.00..97.81 rows=1 width=84)
                           Join Filter: ((st_transform(s_3488.the_geom, 25833) && st_expand(schw_3488.schw, '300'::double precision)) AND (schw_3488.schw && st_expand(st_transform(s_3488.the_geom, 25833), '300'::double precision)) AND _st_dwithin(st_transform(s_3488.the_geom, 25833), schw_3488.schw, '300'::double precision))
                           ->  Function Scan on schw_3488  (cost=0.00..0.01 rows=1 width=32)
                           ->  Seq Scan on phoml_trajectory_tmp s_3488  (cost=0.00..95.68 rows=17 width=40)
                                 Filter: ((unix_time >= '1685451541.552'::double precision) AND (unix_time <= '1685451601.552'::double precision))
   ->  Subquery Scan on "*SELECT* 3490"  (cost=97.82..97.83 rows=1 width=76)
         ->  Limit  (cost=97.82..97.82 rows=1 width=84)
               ->  Sort  (cost=97.82..97.82 rows=1 width=84)
                     Sort Key: (st_distance(st_transform(s_3489.the_geom, 25833), schw_3489.schw))
                     ->  Nested Loop  (cost=0.00..97.81 rows=1 width=84)
                           Join Filter: ((st_transform(s_3489.the_geom, 25833) && st_expand(schw_3489.schw, '300'::double precision)) AND (schw_3489.schw && st_expand(st_transform(s_3489.the_geom, 25833), '300'::double precision)) AND _st_dwithin(st_transform(s_3489.the_geom, 25833), schw_3489.schw, '300'::double precision))
                           ->  Function Scan on schw_3489  (cost=0.00..0.01 rows=1 width=32)
                           ->  Seq Scan on phoml_trajectory_tmp s_3489  (cost=0.00..95.68 rows=17 width=40)
                                 Filter: ((unix_time >= '1685451541.882'::double precision) AND (unix_time <= '1685451601.882'::double precision))
   ->  Subquery Scan on "*SELECT* 3491"  (cost=97.82..97.83 rows=1 width=76)
         ->  Limit  (cost=97.82..97.82 rows=1 width=84)
               ->  Sort  (cost=97.82..97.82 rows=1 width=84)
                     Sort Key: (st_distance(st_transform(s_3490.the_geom, 25833), schw_3490.schw))
                     ->  Nested Loop  (cost=0.00..97.81 rows=1 width=84)
                           Join Filter: ((st_transform(s_3490.the_geom, 25833) && st_expand(schw_3490.schw, '300'::double precision)) AND (schw_3490.schw && st_expand(st_transform(s_3490.the_geom, 25833), '300'::double precision)) AND _st_dwithin(st_transform(s_3490.the_geom, 25833), schw_3490.schw, '300'::double precision))
                           ->  Function Scan on schw_3490  (cost=0.00..0.01 rows=1 width=32)
                           ->  Seq Scan on phoml_trajectory_tmp s_3490  (cost=0.00..95.68 rows=17 width=40)
                                 Filter: ((unix_time >= '1685451542.233'::double precision) AND (unix_time <= '1685451602.233'::double precision))
   ->  Subquery Scan on "*SELECT* 3492"  (cost=97.82..97.83 rows=1 width=76)
         ->  Limit  (cost=97.82..97.82 rows=1 width=84)
               ->  Sort  (cost=97.82..97.82 rows=1 width=84)
                     Sort Key: (st_distance(st_transform(s_3491.the_geom, 25833), schw_3491.schw))
                     ->  Nested Loop  (cost=0.00..97.81 rows=1 width=84)
                           Join Filter: ((st_transform(s_3491.the_geom, 25833) && st_expand(schw_3491.schw, '300'::double precision)) AND (schw_3491.schw && st_expand(st_transform(s_3491.the_geom, 25833), '300'::double precision)) AND _st_dwithin(st_transform(s_3491.the_geom, 25833), schw_3491.schw, '300'::double precision))
                           ->  Function Scan on schw_3491  (cost=0.00..0.01 rows=1 width=32)
                           ->  Seq Scan on phoml_trajectory_tmp s_3491  (cost=0.00..95.68 rows=17 width=40)
                                 Filter: ((unix_time >= '1685451542.563'::double precision) AND (unix_time <= '1685451602.563'::double precision))
   ->  Subquery Scan on "*SELECT* 3493"  (cost=97.82..97.83 rows=1 width=76)
         ->  Limit  (cost=97.82..97.82 rows=1 width=84)
               ->  Sort  (cost=97.82..97.82 rows=1 width=84)
                     Sort Key: (st_distance(st_transform(s_3492.the_geom, 25833), schw_3492.schw))
                     ->  Nested Loop  (cost=0.00..97.81 rows=1 width=84)
                           Join Filter: ((st_transform(s_3492.the_geom, 25833) && st_expand(schw_3492.schw, '300'::double precision)) AND (schw_3492.schw && st_expand(st_transform(s_3492.the_geom, 25833), '300'::double precision)) AND _st_dwithin(st_transform(s_3492.the_geom, 25833), schw_3492.schw, '300'::double precision))
                           ->  Function Scan on schw_3492  (cost=0.00..0.01 rows=1 width=32)
                           ->  Seq Scan on phoml_trajectory_tmp s_3492  (cost=0.00..95.68 rows=17 width=40)
                                 Filter: ((unix_time >= '1685451542.913'::double precision) AND (unix_time <= '1685451602.913'::double precision))
   ->  Subquery Scan on "*SELECT* 3494"  (cost=97.82..97.83 rows=1 width=76)
         ->  Limit  (cost=97.82..97.82 rows=1 width=84)
               ->  Sort  (cost=97.82..97.82 rows=1 width=84)
                     Sort Key: (st_distance(st_transform(s_3493.the_geom, 25833), schw_3493.schw))
                     ->  Nested Loop  (cost=0.00..97.81 rows=1 width=84)
                           Join Filter: ((st_transform(s_3493.the_geom, 25833) && st_expand(schw_3493.schw, '300'::double precision)) AND (schw_3493.schw && st_expand(st_transform(s_3493.the_geom, 25833), '300'::double precision)) AND _st_dwithin(st_transform(s_3493.the_geom, 25833), schw_3493.schw, '300'::double precision))
                           ->  Function Scan on schw_3493  (cost=0.00..0.01 rows=1 width=32)
                           ->  Seq Scan on phoml_trajectory_tmp s_3493  (cost=0.00..95.68 rows=17 width=40)
                                 Filter: ((unix_time >= '1685451543.24'::double precision) AND (unix_time <= '1685451603.24'::double precision))
   ->  Subquery Scan on "*SELECT* 3495"  (cost=97.82..97.83 rows=1 width=76)
         ->  Limit  (cost=97.82..97.82 rows=1 width=84)
               ->  Sort  (cost=97.82..97.82 rows=1 width=84)
                     Sort Key: (st_distance(st_transform(s_3494.the_geom, 25833), schw_3494.schw))
                     ->  Nested Loop  (cost=0.00..97.81 rows=1 width=84)
                           Join Filter: ((st_transform(s_3494.the_geom, 25833) && st_expand(schw_3494.schw, '300'::double precision)) AND (schw_3494.schw && st_expand(st_transform(s_3494.the_geom, 25833), '300'::double precision)) AND _st_dwithin(st_transform(s_3494.the_geom, 25833), schw_3494.schw, '300'::double precision))
                           ->  Function Scan on schw_3494  (cost=0.00..0.01 rows=1 width=32)
                           ->  Seq Scan on phoml_trajectory_tmp s_3494  (cost=0.00..95.68 rows=17 width=40)
                                 Filter: ((unix_time >= '1685451543.58'::double precision) AND (unix_time <= '1685451603.58'::double precision))
   ->  Subquery Scan on "*SELECT* 3496"  (cost=97.82..97.83 rows=1 width=76)
         ->  Limit  (cost=97.82..97.82 rows=1 width=84)
               ->  Sort  (cost=97.82..97.82 rows=1 width=84)
                     Sort Key: (st_distance(st_transform(s_3495.the_geom, 25833), schw_3495.schw))
                     ->  Nested Loop  (cost=0.00..97.81 rows=1 width=84)
                           Join Filter: ((st_transform(s_3495.the_geom, 25833) && st_expand(schw_3495.schw, '300'::double precision)) AND (schw_3495.schw && st_expand(st_transform(s_3495.the_geom, 25833), '300'::double precision)) AND _st_dwithin(st_transform(s_3495.the_geom, 25833), schw_3495.schw, '300'::double precision))
                           ->  Function Scan on schw_3495  (cost=0.00..0.01 rows=1 width=32)
                           ->  Seq Scan on phoml_trajectory_tmp s_3495  (cost=0.00..95.68 rows=17 width=40)
                                 Filter: ((unix_time >= '1685451543.91'::double precision) AND (unix_time <= '1685451603.91'::double precision))
   ->  Subquery Scan on "*SELECT* 3497"  (cost=97.82..97.83 rows=1 width=76)
         ->  Limit  (cost=97.82..97.82 rows=1 width=84)
               ->  Sort  (cost=97.82..97.82 rows=1 width=84)
                     Sort Key: (st_distance(st_transform(s_3496.the_geom, 25833), schw_3496.schw))
                     ->  Nested Loop  (cost=0.00..97.81 rows=1 width=84)
                           Join Filter: ((st_transform(s_3496.the_geom, 25833) && st_expand(schw_3496.schw, '300'::double precision)) AND (schw_3496.schw && st_expand(st_transform(s_3496.the_geom, 25833), '300'::double precision)) AND _st_dwithin(st_transform(s_3496.the_geom, 25833), schw_3496.schw, '300'::double precision))
                           ->  Function Scan on schw_3496  (cost=0.00..0.01 rows=1 width=32)
                           ->  Seq Scan on phoml_trajectory_tmp s_3496  (cost=0.00..95.68 rows=17 width=40)
                                 Filter: ((unix_time >= '1685451544.255'::double precision) AND (unix_time <= '1685451604.255'::double precision))
   ->  Subquery Scan on "*SELECT* 3498"  (cost=97.82..97.83 rows=1 width=76)
         ->  Limit  (cost=97.82..97.82 rows=1 width=84)
               ->  Sort  (cost=97.82..97.82 rows=1 width=84)
                     Sort Key: (st_distance(st_transform(s_3497.the_geom, 25833), schw_3497.schw))
                     ->  Nested Loop  (cost=0.00..97.81 rows=1 width=84)
                           Join Filter: ((st_transform(s_3497.the_geom, 25833) && st_expand(schw_3497.schw, '300'::double precision)) AND (schw_3497.schw && st_expand(st_transform(s_3497.the_geom, 25833), '300'::double precision)) AND _st_dwithin(st_transform(s_3497.the_geom, 25833), schw_3497.schw, '300'::double precision))
                           ->  Function Scan on schw_3497  (cost=0.00..0.01 rows=1 width=32)
                           ->  Seq Scan on phoml_trajectory_tmp s_3497  (cost=0.00..95.68 rows=17 width=40)
                                 Filter: ((unix_time >= '1685451544.605'::double precision) AND (unix_time <= '1685451604.605'::double precision))
   ->  Subquery Scan on "*SELECT* 3499"  (cost=97.82..97.83 rows=1 width=76)
         ->  Limit  (cost=97.82..97.82 rows=1 width=84)
               ->  Sort  (cost=97.82..97.82 rows=1 width=84)
                     Sort Key: (st_distance(st_transform(s_3498.the_geom, 25833), schw_3498.schw))
                     ->  Nested Loop  (cost=0.00..97.81 rows=1 width=84)
                           Join Filter: ((st_transform(s_3498.the_geom, 25833) && st_expand(schw_3498.schw, '300'::double precision)) AND (schw_3498.schw && st_expand(st_transform(s_3498.the_geom, 25833), '300'::double precision)) AND _st_dwithin(st_transform(s_3498.the_geom, 25833), schw_3498.schw, '300'::double precision))
                           ->  Function Scan on schw_3498  (cost=0.00..0.01 rows=1 width=32)
                           ->  Seq Scan on phoml_trajectory_tmp s_3498  (cost=0.00..95.68 rows=17 width=40)
                                 Filter: ((unix_time >= '1685451544.955'::double precision) AND (unix_time <= '1685451604.955'::double precision))
   ->  Subquery Scan on "*SELECT* 3500"  (cost=97.82..97.83 rows=1 width=76)
         ->  Limit  (cost=97.82..97.82 rows=1 width=84)
               ->  Sort  (cost=97.82..97.82 rows=1 width=84)
                     Sort Key: (st_distance(st_transform(s_3499.the_geom, 25833), schw_3499.schw))
                     ->  Nested Loop  (cost=0.00..97.81 rows=1 width=84)
                           Join Filter: ((st_transform(s_3499.the_geom, 25833) && st_expand(schw_3499.schw, '300'::double precision)) AND (schw_3499.schw && st_expand(st_transform(s_3499.the_geom, 25833), '300'::double precision)) AND _st_dwithin(st_transform(s_3499.the_geom, 25833), schw_3499.schw, '300'::double precision))
                           ->  Function Scan on schw_3499  (cost=0.00..0.01 rows=1 width=32)
                           ->  Seq Scan on phoml_trajectory_tmp s_3499  (cost=0.00..95.68 rows=17 width=40)
                                 Filter: ((unix_time >= '1685451545.293'::double precision) AND (unix_time <= '1685451605.293'::double precision))
   ->  Subquery Scan on "*SELECT* 3501"  (cost=97.82..97.83 rows=1 width=76)
         ->  Limit  (cost=97.82..97.82 rows=1 width=84)
               ->  Sort  (cost=97.82..97.82 rows=1 width=84)
                     Sort Key: (st_distance(st_transform(s_3500.the_geom, 25833), schw_3500.schw))
                     ->  Nested Loop  (cost=0.00..97.81 rows=1 width=84)
                           Join Filter: ((st_transform(s_3500.the_geom, 25833) && st_expand(schw_3500.schw, '300'::double precision)) AND (schw_3500.schw && st_expand(st_transform(s_3500.the_geom, 25833), '300'::double precision)) AND _st_dwithin(st_transform(s_3500.the_geom, 25833), schw_3500.schw, '300'::double precision))
                           ->  Function Scan on schw_3500  (cost=0.00..0.01 rows=1 width=32)
                           ->  Seq Scan on phoml_trajectory_tmp s_3500  (cost=0.00..95.68 rows=17 width=40)
                                 Filter: ((unix_time >= '1685451545.633'::double precision) AND (unix_time <= '1685451605.633'::double precision))
   ->  Subquery Scan on "*SELECT* 3502"  (cost=97.82..97.83 rows=1 width=76)
         ->  Limit  (cost=97.82..97.82 rows=1 width=84)
               ->  Sort  (cost=97.82..97.82 rows=1 width=84)
                     Sort Key: (st_distance(st_transform(s_3501.the_geom, 25833), schw_3501.schw))
                     ->  Nested Loop  (cost=0.00..97.81 rows=1 width=84)
                           Join Filter: ((st_transform(s_3501.the_geom, 25833) && st_expand(schw_3501.schw, '300'::double precision)) AND (schw_3501.schw && st_expand(st_transform(s_3501.the_geom, 25833), '300'::double precision)) AND _st_dwithin(st_transform(s_3501.the_geom, 25833), schw_3501.schw, '300'::double precision))
                           ->  Function Scan on schw_3501  (cost=0.00..0.01 rows=1 width=32)
                           ->  Seq Scan on phoml_trajectory_tmp s_3501  (cost=0.00..95.68 rows=17 width=40)
                                 Filter: ((unix_time >= '1685451545.973'::double precision) AND (unix_time <= '1685451605.973'::double precision))
   ->  Subquery Scan on "*SELECT* 3503"  (cost=97.82..97.83 rows=1 width=76)
         ->  Limit  (cost=97.82..97.82 rows=1 width=84)
               ->  Sort  (cost=97.82..97.82 rows=1 width=84)
                     Sort Key: (st_distance(st_transform(s_3502.the_geom, 25833), schw_3502.schw))
                     ->  Nested Loop  (cost=0.00..97.81 rows=1 width=84)
                           Join Filter: ((st_transform(s_3502.the_geom, 25833) && st_expand(schw_3502.schw, '300'::double precision)) AND (schw_3502.schw && st_expand(st_transform(s_3502.the_geom, 25833), '300'::double precision)) AND _st_dwithin(st_transform(s_3502.the_geom, 25833), schw_3502.schw, '300'::double precision))
                           ->  Function Scan on schw_3502  (cost=0.00..0.01 rows=1 width=32)
                           ->  Seq Scan on phoml_trajectory_tmp s_3502  (cost=0.00..95.68 rows=17 width=40)
                                 Filter: ((unix_time >= '1685451546.307'::double precision) AND (unix_time <= '1685451606.307'::double precision))
   ->  Subquery Scan on "*SELECT* 3504"  (cost=97.82..97.83 rows=1 width=76)
         ->  Limit  (cost=97.82..97.82 rows=1 width=84)
               ->  Sort  (cost=97.82..97.82 rows=1 width=84)
                     Sort Key: (st_distance(st_transform(s_3503.the_geom, 25833), schw_3503.schw))
                     ->  Nested Loop  (cost=0.00..97.81 rows=1 width=84)
                           Join Filter: ((st_transform(s_3503.the_geom, 25833) && st_expand(schw_3503.schw, '300'::double precision)) AND (schw_3503.schw && st_expand(st_transform(s_3503.the_geom, 25833), '300'::double precision)) AND _st_dwithin(st_transform(s_3503.the_geom, 25833), schw_3503.schw, '300'::double precision))
                           ->  Function Scan on schw_3503  (cost=0.00..0.01 rows=1 width=32)
                           ->  Seq Scan on phoml_trajectory_tmp s_3503  (cost=0.00..95.68 rows=17 width=40)
                                 Filter: ((unix_time >= '1685451546.647'::double precision) AND (unix_time <= '1685451606.647'::double precision))
   ->  Subquery Scan on "*SELECT* 3505"  (cost=97.82..97.83 rows=1 width=76)
         ->  Limit  (cost=97.82..97.82 rows=1 width=84)
               ->  Sort  (cost=97.82..97.82 rows=1 width=84)
                     Sort Key: (st_distance(st_transform(s_3504.the_geom, 25833), schw_3504.schw))
                     ->  Nested Loop  (cost=0.00..97.81 rows=1 width=84)
                           Join Filter: ((st_transform(s_3504.the_geom, 25833) && st_expand(schw_3504.schw, '300'::double precision)) AND (schw_3504.schw && st_expand(st_transform(s_3504.the_geom, 25833), '300'::double precision)) AND _st_dwithin(st_transform(s_3504.the_geom, 25833), schw_3504.schw, '300'::double precision))
                           ->  Function Scan on schw_3504  (cost=0.00..0.01 rows=1 width=32)
                           ->  Seq Scan on phoml_trajectory_tmp s_3504  (cost=0.00..95.68 rows=17 width=40)
                                 Filter: ((unix_time >= '1685451546.987'::double precision) AND (unix_time <= '1685451606.987'::double precision))
   ->  Subquery Scan on "*SELECT* 3506"  (cost=97.82..97.83 rows=1 width=76)
         ->  Limit  (cost=97.82..97.82 rows=1 width=84)
               ->  Sort  (cost=97.82..97.82 rows=1 width=84)
                     Sort Key: (st_distance(st_transform(s_3505.the_geom, 25833), schw_3505.schw))
                     ->  Nested Loop  (cost=0.00..97.81 rows=1 width=84)
                           Join Filter: ((st_transform(s_3505.the_geom, 25833) && st_expand(schw_3505.schw, '300'::double precision)) AND (schw_3505.schw && st_expand(st_transform(s_3505.the_geom, 25833), '300'::double precision)) AND _st_dwithin(st_transform(s_3505.the_geom, 25833), schw_3505.schw, '300'::double precision))
                           ->  Function Scan on schw_3505  (cost=0.00..0.01 rows=1 width=32)
                           ->  Seq Scan on phoml_trajectory_tmp s_3505  (cost=0.00..95.68 rows=17 width=40)
                                 Filter: ((unix_time >= '1685451547.323'::double precision) AND (unix_time <= '1685451607.323'::double precision))
   ->  Subquery Scan on "*SELECT* 3507"  (cost=97.82..97.83 rows=1 width=76)
         ->  Limit  (cost=97.82..97.82 rows=1 width=84)
               ->  Sort  (cost=97.82..97.82 rows=1 width=84)
                     Sort Key: (st_distance(st_transform(s_3506.the_geom, 25833), schw_3506.schw))
                     ->  Nested Loop  (cost=0.00..97.81 rows=1 width=84)
                           Join Filter: ((st_transform(s_3506.the_geom, 25833) && st_expand(schw_3506.schw, '300'::double precision)) AND (schw_3506.schw && st_expand(st_transform(s_3506.the_geom, 25833), '300'::double precision)) AND _st_dwithin(st_transform(s_3506.the_geom, 25833), schw_3506.schw, '300'::double precision))
                           ->  Function Scan on schw_3506  (cost=0.00..0.01 rows=1 width=32)
                           ->  Seq Scan on phoml_trajectory_tmp s_3506  (cost=0.00..95.68 rows=17 width=40)
                                 Filter: ((unix_time >= '1685451547.673'::double precision) AND (unix_time <= '1685451607.673'::double precision))
   ->  Subquery Scan on "*SELECT* 3508"  (cost=97.82..97.83 rows=1 width=76)
         ->  Limit  (cost=97.82..97.82 rows=1 width=84)
               ->  Sort  (cost=97.82..97.82 rows=1 width=84)
                     Sort Key: (st_distance(st_transform(s_3507.the_geom, 25833), schw_3507.schw))
                     ->  Nested Loop  (cost=0.00..97.81 rows=1 width=84)
                           Join Filter: ((st_transform(s_3507.the_geom, 25833) && st_expand(schw_3507.schw, '300'::double precision)) AND (schw_3507.schw && st_expand(st_transform(s_3507.the_geom, 25833), '300'::double precision)) AND _st_dwithin(st_transform(s_3507.the_geom, 25833), schw_3507.schw, '300'::double precision))
                           ->  Function Scan on schw_3507  (cost=0.00..0.01 rows=1 width=32)
                           ->  Seq Scan on phoml_trajectory_tmp s_3507  (cost=0.00..95.68 rows=17 width=40)
                                 Filter: ((unix_time >= '1685451548.003'::double precision) AND (unix_time <= '1685451608.003'::double precision))
   ->  Subquery Scan on "*SELECT* 3509"  (cost=97.82..97.83 rows=1 width=76)
         ->  Limit  (cost=97.82..97.82 rows=1 width=84)
               ->  Sort  (cost=97.82..97.82 rows=1 width=84)
                     Sort Key: (st_distance(st_transform(s_3508.the_geom, 25833), schw_3508.schw))
                     ->  Nested Loop  (cost=0.00..97.81 rows=1 width=84)
                           Join Filter: ((st_transform(s_3508.the_geom, 25833) && st_expand(schw_3508.schw, '300'::double precision)) AND (schw_3508.schw && st_expand(st_transform(s_3508.the_geom, 25833), '300'::double precision)) AND _st_dwithin(st_transform(s_3508.the_geom, 25833), schw_3508.schw, '300'::double precision))
                           ->  Function Scan on schw_3508  (cost=0.00..0.01 rows=1 width=32)
                           ->  Seq Scan on phoml_trajectory_tmp s_3508  (cost=0.00..95.68 rows=17 width=40)
                                 Filter: ((unix_time >= '1685451548.359'::double precision) AND (unix_time <= '1685451608.359'::double precision))
   ->  Subquery Scan on "*SELECT* 3510"  (cost=97.82..97.83 rows=1 width=76)
         ->  Limit  (cost=97.82..97.82 rows=1 width=84)
               ->  Sort  (cost=97.82..97.82 rows=1 width=84)
                     Sort Key: (st_distance(st_transform(s_3509.the_geom, 25833), schw_3509.schw))
                     ->  Nested Loop  (cost=0.00..97.81 rows=1 width=84)
                           Join Filter: ((st_transform(s_3509.the_geom, 25833) && st_expand(schw_3509.schw, '300'::double precision)) AND (schw_3509.schw && st_expand(st_transform(s_3509.the_geom, 25833), '300'::double precision)) AND _st_dwithin(st_transform(s_3509.the_geom, 25833), schw_3509.schw, '300'::double precision))
                           ->  Function Scan on schw_3509  (cost=0.00..0.01 rows=1 width=32)
                           ->  Seq Scan on phoml_trajectory_tmp s_3509  (cost=0.00..95.68 rows=17 width=40)
                                 Filter: ((unix_time >= '1685451548.689'::double precision) AND (unix_time <= '1685451608.689'::double precision))
   ->  Subquery Scan on "*SELECT* 3511"  (cost=97.82..97.83 rows=1 width=76)
         ->  Limit  (cost=97.82..97.82 rows=1 width=84)
               ->  Sort  (cost=97.82..97.82 rows=1 width=84)
                     Sort Key: (st_distance(st_transform(s_3510.the_geom, 25833), schw_3510.schw))
                     ->  Nested Loop  (cost=0.00..97.81 rows=1 width=84)
                           Join Filter: ((st_transform(s_3510.the_geom, 25833) && st_expand(schw_3510.schw, '300'::double precision)) AND (schw_3510.schw && st_expand(st_transform(s_3510.the_geom, 25833), '300'::double precision)) AND _st_dwithin(st_transform(s_3510.the_geom, 25833), schw_3510.schw, '300'::double precision))
                           ->  Function Scan on schw_3510  (cost=0.00..0.01 rows=1 width=32)
                           ->  Seq Scan on phoml_trajectory_tmp s_3510  (cost=0.00..95.68 rows=17 width=40)
                                 Filter: ((unix_time >= '1685451549.019'::double precision) AND (unix_time <= '1685451609.019'::double precision))
   ->  Subquery Scan on "*SELECT* 3512"  (cost=97.82..97.83 rows=1 width=76)
         ->  Limit  (cost=97.82..97.82 rows=1 width=84)
               ->  Sort  (cost=97.82..97.82 rows=1 width=84)
                     Sort Key: (st_distance(st_transform(s_3511.the_geom, 25833), schw_3511.schw))
                     ->  Nested Loop  (cost=0.00..97.81 rows=1 width=84)
                           Join Filter: ((st_transform(s_3511.the_geom, 25833) && st_expand(schw_3511.schw, '300'::double precision)) AND (schw_3511.schw && st_expand(st_transform(s_3511.the_geom, 25833), '300'::double precision)) AND _st_dwithin(st_transform(s_3511.the_geom, 25833), schw_3511.schw, '300'::double precision))
                           ->  Function Scan on schw_3511  (cost=0.00..0.01 rows=1 width=32)
                           ->  Seq Scan on phoml_trajectory_tmp s_3511  (cost=0.00..95.68 rows=17 width=40)
                                 Filter: ((unix_time >= '1685451549.365'::double precision) AND (unix_time <= '1685451609.365'::double precision))
   ->  Subquery Scan on "*SELECT* 3513"  (cost=97.82..97.83 rows=1 width=76)
         ->  Limit  (cost=97.82..97.82 rows=1 width=84)
               ->  Sort  (cost=97.82..97.82 rows=1 width=84)
                     Sort Key: (st_distance(st_transform(s_3512.the_geom, 25833), schw_3512.schw))
                     ->  Nested Loop  (cost=0.00..97.81 rows=1 width=84)
                           Join Filter: ((st_transform(s_3512.the_geom, 25833) && st_expand(schw_3512.schw, '300'::double precision)) AND (schw_3512.schw && st_expand(st_transform(s_3512.the_geom, 25833), '300'::double precision)) AND _st_dwithin(st_transform(s_3512.the_geom, 25833), schw_3512.schw, '300'::double precision))
                           ->  Function Scan on schw_3512  (cost=0.00..0.01 rows=1 width=32)
                           ->  Seq Scan on phoml_trajectory_tmp s_3512  (cost=0.00..95.68 rows=17 width=40)
                                 Filter: ((unix_time >= '1685451549.675'::double precision) AND (unix_time <= '1685451609.675'::double precision))
   ->  Subquery Scan on "*SELECT* 3514"  (cost=97.82..97.83 rows=1 width=76)
         ->  Limit  (cost=97.82..97.82 rows=1 width=84)
               ->  Sort  (cost=97.82..97.82 rows=1 width=84)
                     Sort Key: (st_distance(st_transform(s_3513.the_geom, 25833), schw_3513.schw))
                     ->  Nested Loop  (cost=0.00..97.81 rows=1 width=84)
                           Join Filter: ((st_transform(s_3513.the_geom, 25833) && st_expand(schw_3513.schw, '300'::double precision)) AND (schw_3513.schw && st_expand(st_transform(s_3513.the_geom, 25833), '300'::double precision)) AND _st_dwithin(st_transform(s_3513.the_geom, 25833), schw_3513.schw, '300'::double precision))
                           ->  Function Scan on schw_3513  (cost=0.00..0.01 rows=1 width=32)
                           ->  Seq Scan on phoml_trajectory_tmp s_3513  (cost=0.00..95.68 rows=17 width=40)
                                 Filter: ((unix_time >= '1685451550.025'::double precision) AND (unix_time <= '1685451610.025'::double precision))
   ->  Subquery Scan on "*SELECT* 3515"  (cost=97.82..97.83 rows=1 width=76)
         ->  Limit  (cost=97.82..97.82 rows=1 width=84)
               ->  Sort  (cost=97.82..97.82 rows=1 width=84)
                     Sort Key: (st_distance(st_transform(s_3514.the_geom, 25833), schw_3514.schw))
                     ->  Nested Loop  (cost=0.00..97.81 rows=1 width=84)
                           Join Filter: ((st_transform(s_3514.the_geom, 25833) && st_expand(schw_3514.schw, '300'::double precision)) AND (schw_3514.schw && st_expand(st_transform(s_3514.the_geom, 25833), '300'::double precision)) AND _st_dwithin(st_transform(s_3514.the_geom, 25833), schw_3514.schw, '300'::double precision))
                           ->  Function Scan on schw_3514  (cost=0.00..0.01 rows=1 width=32)
                           ->  Seq Scan on phoml_trajectory_tmp s_3514  (cost=0.00..95.68 rows=17 width=40)
                                 Filter: ((unix_time >= '1685451550.358'::double precision) AND (unix_time <= '1685451610.358'::double precision))
   ->  Subquery Scan on "*SELECT* 3516"  (cost=97.82..97.83 rows=1 width=76)
         ->  Limit  (cost=97.82..97.82 rows=1 width=84)
               ->  Sort  (cost=97.82..97.82 rows=1 width=84)
                     Sort Key: (st_distance(st_transform(s_3515.the_geom, 25833), schw_3515.schw))
                     ->  Nested Loop  (cost=0.00..97.81 rows=1 width=84)
                           Join Filter: ((st_transform(s_3515.the_geom, 25833) && st_expand(schw_3515.schw, '300'::double precision)) AND (schw_3515.schw && st_expand(st_transform(s_3515.the_geom, 25833), '300'::double precision)) AND _st_dwithin(st_transform(s_3515.the_geom, 25833), schw_3515.schw, '300'::double precision))
                           ->  Function Scan on schw_3515  (cost=0.00..0.01 rows=1 width=32)
                           ->  Seq Scan on phoml_trajectory_tmp s_3515  (cost=0.00..95.68 rows=17 width=40)
                                 Filter: ((unix_time >= '1685451550.688'::double precision) AND (unix_time <= '1685451610.688'::double precision))
   ->  Subquery Scan on "*SELECT* 3517"  (cost=97.82..97.83 rows=1 width=76)
         ->  Limit  (cost=97.82..97.82 rows=1 width=84)
               ->  Sort  (cost=97.82..97.82 rows=1 width=84)
                     Sort Key: (st_distance(st_transform(s_3516.the_geom, 25833), schw_3516.schw))
                     ->  Nested Loop  (cost=0.00..97.81 rows=1 width=84)
                           Join Filter: ((st_transform(s_3516.the_geom, 25833) && st_expand(schw_3516.schw, '300'::double precision)) AND (schw_3516.schw && st_expand(st_transform(s_3516.the_geom, 25833), '300'::double precision)) AND _st_dwithin(st_transform(s_3516.the_geom, 25833), schw_3516.schw, '300'::double precision))
                           ->  Function Scan on schw_3516  (cost=0.00..0.01 rows=1 width=32)
                           ->  Seq Scan on phoml_trajectory_tmp s_3516  (cost=0.00..95.68 rows=17 width=40)
                                 Filter: ((unix_time >= '1685451551.038'::double precision) AND (unix_time <= '1685451611.038'::double precision))
   ->  Subquery Scan on "*SELECT* 3518"  (cost=97.82..97.83 rows=1 width=76)
         ->  Limit  (cost=97.82..97.82 rows=1 width=84)
               ->  Sort  (cost=97.82..97.82 rows=1 width=84)
                     Sort Key: (st_distance(st_transform(s_3517.the_geom, 25833), schw_3517.schw))
                     ->  Nested Loop  (cost=0.00..97.81 rows=1 width=84)
                           Join Filter: ((st_transform(s_3517.the_geom, 25833) && st_expand(schw_3517.schw, '300'::double precision)) AND (schw_3517.schw && st_expand(st_transform(s_3517.the_geom, 25833), '300'::double precision)) AND _st_dwithin(st_transform(s_3517.the_geom, 25833), schw_3517.schw, '300'::double precision))
                           ->  Function Scan on schw_3517  (cost=0.00..0.01 rows=1 width=32)
                           ->  Seq Scan on phoml_trajectory_tmp s_3517  (cost=0.00..95.68 rows=17 width=40)
                                 Filter: ((unix_time >= '1685451551.358'::double precision) AND (unix_time <= '1685451611.358'::double precision))
   ->  Subquery Scan on "*SELECT* 3519"  (cost=97.82..97.83 rows=1 width=76)
         ->  Limit  (cost=97.82..97.82 rows=1 width=84)
               ->  Sort  (cost=97.82..97.82 rows=1 width=84)
                     Sort Key: (st_distance(st_transform(s_3518.the_geom, 25833), schw_3518.schw))
                     ->  Nested Loop  (cost=0.00..97.81 rows=1 width=84)
                           Join Filter: ((st_transform(s_3518.the_geom, 25833) && st_expand(schw_3518.schw, '300'::double precision)) AND (schw_3518.schw && st_expand(st_transform(s_3518.the_geom, 25833), '300'::double precision)) AND _st_dwithin(st_transform(s_3518.the_geom, 25833), schw_3518.schw, '300'::double precision))
                           ->  Function Scan on schw_3518  (cost=0.00..0.01 rows=1 width=32)
                           ->  Seq Scan on phoml_trajectory_tmp s_3518  (cost=0.00..95.68 rows=17 width=40)
                                 Filter: ((unix_time >= '1685451551.698'::double precision) AND (unix_time <= '1685451611.698'::double precision))
   ->  Subquery Scan on "*SELECT* 3520"  (cost=97.82..97.83 rows=1 width=76)
         ->  Limit  (cost=97.82..97.82 rows=1 width=84)
               ->  Sort  (cost=97.82..97.82 rows=1 width=84)
                     Sort Key: (st_distance(st_transform(s_3519.the_geom, 25833), schw_3519.schw))
                     ->  Nested Loop  (cost=0.00..97.81 rows=1 width=84)
                           Join Filter: ((st_transform(s_3519.the_geom, 25833) && st_expand(schw_3519.schw, '300'::double precision)) AND (schw_3519.schw && st_expand(st_transform(s_3519.the_geom, 25833), '300'::double precision)) AND _st_dwithin(st_transform(s_3519.the_geom, 25833), schw_3519.schw, '300'::double precision))
                           ->  Function Scan on schw_3519  (cost=0.00..0.01 rows=1 width=32)
                           ->  Seq Scan on phoml_trajectory_tmp s_3519  (cost=0.00..95.68 rows=17 width=40)
                                 Filter: ((unix_time >= '1685451552.028'::double precision) AND (unix_time <= '1685451612.028'::double precision))
   ->  Subquery Scan on "*SELECT* 3521"  (cost=97.82..97.83 rows=1 width=76)
         ->  Limit  (cost=97.82..97.82 rows=1 width=84)
               ->  Sort  (cost=97.82..97.82 rows=1 width=84)
                     Sort Key: (st_distance(st_transform(s_3520.the_geom, 25833), schw_3520.schw))
                     ->  Nested Loop  (cost=0.00..97.81 rows=1 width=84)
                           Join Filter: ((st_transform(s_3520.the_geom, 25833) && st_expand(schw_3520.schw, '300'::double precision)) AND (schw_3520.schw && st_expand(st_transform(s_3520.the_geom, 25833), '300'::double precision)) AND _st_dwithin(st_transform(s_3520.the_geom, 25833), schw_3520.schw, '300'::double precision))
                           ->  Function Scan on schw_3520  (cost=0.00..0.01 rows=1 width=32)
                           ->  Seq Scan on phoml_trajectory_tmp s_3520  (cost=0.00..95.68 rows=17 width=40)
                                 Filter: ((unix_time >= '1685451552.375'::double precision) AND (unix_time <= '1685451612.375'::double precision))
   ->  Subquery Scan on "*SELECT* 3522"  (cost=97.82..97.83 rows=1 width=76)
         ->  Limit  (cost=97.82..97.82 rows=1 width=84)
               ->  Sort  (cost=97.82..97.82 rows=1 width=84)
                     Sort Key: (st_distance(st_transform(s_3521.the_geom, 25833), schw_3521.schw))
                     ->  Nested Loop  (cost=0.00..97.81 rows=1 width=84)
                           Join Filter: ((st_transform(s_3521.the_geom, 25833) && st_expand(schw_3521.schw, '300'::double precision)) AND (schw_3521.schw && st_expand(st_transform(s_3521.the_geom, 25833), '300'::double precision)) AND _st_dwithin(st_transform(s_3521.the_geom, 25833), schw_3521.schw, '300'::double precision))
                           ->  Function Scan on schw_3521  (cost=0.00..0.01 rows=1 width=32)
                           ->  Seq Scan on phoml_trajectory_tmp s_3521  (cost=0.00..95.68 rows=17 width=40)
                                 Filter: ((unix_time >= '1685451552.705'::double precision) AND (unix_time <= '1685451612.705'::double precision))
   ->  Subquery Scan on "*SELECT* 3523"  (cost=97.82..97.83 rows=1 width=76)
         ->  Limit  (cost=97.82..97.82 rows=1 width=84)
               ->  Sort  (cost=97.82..97.82 rows=1 width=84)
                     Sort Key: (st_distance(st_transform(s_3522.the_geom, 25833), schw_3522.schw))
                     ->  Nested Loop  (cost=0.00..97.81 rows=1 width=84)
                           Join Filter: ((st_transform(s_3522.the_geom, 25833) && st_expand(schw_3522.schw, '300'::double precision)) AND (schw_3522.schw && st_expand(st_transform(s_3522.the_geom, 25833), '300'::double precision)) AND _st_dwithin(st_transform(s_3522.the_geom, 25833), schw_3522.schw, '300'::double precision))
                           ->  Function Scan on schw_3522  (cost=0.00..0.01 rows=1 width=32)
                           ->  Seq Scan on phoml_trajectory_tmp s_3522  (cost=0.00..95.68 rows=17 width=40)
                                 Filter: ((unix_time >= '1685451553.035'::double precision) AND (unix_time <= '1685451613.035'::double precision))
   ->  Subquery Scan on "*SELECT* 3524"  (cost=97.82..97.83 rows=1 width=76)
         ->  Limit  (cost=97.82..97.82 rows=1 width=84)
               ->  Sort  (cost=97.82..97.82 rows=1 width=84)
                     Sort Key: (st_distance(st_transform(s_3523.the_geom, 25833), schw_3523.schw))
                     ->  Nested Loop  (cost=0.00..97.81 rows=1 width=84)
                           Join Filter: ((st_transform(s_3523.the_geom, 25833) && st_expand(schw_3523.schw, '300'::double precision)) AND (schw_3523.schw && st_expand(st_transform(s_3523.the_geom, 25833), '300'::double precision)) AND _st_dwithin(st_transform(s_3523.the_geom, 25833), schw_3523.schw, '300'::double precision))
                           ->  Function Scan on schw_3523  (cost=0.00..0.01 rows=1 width=32)
                           ->  Seq Scan on phoml_trajectory_tmp s_3523  (cost=0.00..95.68 rows=17 width=40)
                                 Filter: ((unix_time >= '1685451553.36'::double precision) AND (unix_time <= '1685451613.36'::double precision))
   ->  Subquery Scan on "*SELECT* 3525"  (cost=97.82..97.83 rows=1 width=76)
         ->  Limit  (cost=97.82..97.82 rows=1 width=84)
               ->  Sort  (cost=97.82..97.82 rows=1 width=84)
                     Sort Key: (st_distance(st_transform(s_3524.the_geom, 25833), schw_3524.schw))
                     ->  Nested Loop  (cost=0.00..97.81 rows=1 width=84)
                           Join Filter: ((st_transform(s_3524.the_geom, 25833) && st_expand(schw_3524.schw, '300'::double precision)) AND (schw_3524.schw && st_expand(st_transform(s_3524.the_geom, 25833), '300'::double precision)) AND _st_dwithin(st_transform(s_3524.the_geom, 25833), schw_3524.schw, '300'::double precision))
                           ->  Function Scan on schw_3524  (cost=0.00..0.01 rows=1 width=32)
                           ->  Seq Scan on phoml_trajectory_tmp s_3524  (cost=0.00..95.68 rows=17 width=40)
                                 Filter: ((unix_time >= '1685451553.71'::double precision) AND (unix_time <= '1685451613.71'::double precision))
   ->  Subquery Scan on "*SELECT* 3526"  (cost=97.82..97.83 rows=1 width=76)
         ->  Limit  (cost=97.82..97.82 rows=1 width=84)
               ->  Sort  (cost=97.82..97.82 rows=1 width=84)
                     Sort Key: (st_distance(st_transform(s_3525.the_geom, 25833), schw_3525.schw))
                     ->  Nested Loop  (cost=0.00..97.81 rows=1 width=84)
                           Join Filter: ((st_transform(s_3525.the_geom, 25833) && st_expand(schw_3525.schw, '300'::double precision)) AND (schw_3525.schw && st_expand(st_transform(s_3525.the_geom, 25833), '300'::double precision)) AND _st_dwithin(st_transform(s_3525.the_geom, 25833), schw_3525.schw, '300'::double precision))
                           ->  Function Scan on schw_3525  (cost=0.00..0.01 rows=1 width=32)
                           ->  Seq Scan on phoml_trajectory_tmp s_3525  (cost=0.00..95.68 rows=17 width=40)
                                 Filter: ((unix_time >= '1685451554.03'::double precision) AND (unix_time <= '1685451614.03'::double precision))
   ->  Subquery Scan on "*SELECT* 3527"  (cost=97.82..97.83 rows=1 width=76)
         ->  Limit  (cost=97.82..97.82 rows=1 width=84)
               ->  Sort  (cost=97.82..97.82 rows=1 width=84)
                     Sort Key: (st_distance(st_transform(s_3526.the_geom, 25833), schw_3526.schw))
                     ->  Nested Loop  (cost=0.00..97.81 rows=1 width=84)
                           Join Filter: ((st_transform(s_3526.the_geom, 25833) && st_expand(schw_3526.schw, '300'::double precision)) AND (schw_3526.schw && st_expand(st_transform(s_3526.the_geom, 25833), '300'::double precision)) AND _st_dwithin(st_transform(s_3526.the_geom, 25833), schw_3526.schw, '300'::double precision))
                           ->  Function Scan on schw_3526  (cost=0.00..0.01 rows=1 width=32)
                           ->  Seq Scan on phoml_trajectory_tmp s_3526  (cost=0.00..95.68 rows=17 width=40)
                                 Filter: ((unix_time >= '1685451554.375'::double precision) AND (unix_time <= '1685451614.375'::double precision))
   ->  Subquery Scan on "*SELECT* 3528"  (cost=97.82..97.83 rows=1 width=76)
         ->  Limit  (cost=97.82..97.82 rows=1 width=84)
               ->  Sort  (cost=97.82..97.82 rows=1 width=84)
                     Sort Key: (st_distance(st_transform(s_3527.the_geom, 25833), schw_3527.schw))
                     ->  Nested Loop  (cost=0.00..97.81 rows=1 width=84)
                           Join Filter: ((st_transform(s_3527.the_geom, 25833) && st_expand(schw_3527.schw, '300'::double precision)) AND (schw_3527.schw && st_expand(st_transform(s_3527.the_geom, 25833), '300'::double precision)) AND _st_dwithin(st_transform(s_3527.the_geom, 25833), schw_3527.schw, '300'::double precision))
                           ->  Function Scan on schw_3527  (cost=0.00..0.01 rows=1 width=32)
                           ->  Seq Scan on phoml_trajectory_tmp s_3527  (cost=0.00..95.68 rows=17 width=40)
                                 Filter: ((unix_time >= '1685451554.695'::double precision) AND (unix_time <= '1685451614.695'::double precision))
   ->  Subquery Scan on "*SELECT* 3529"  (cost=97.82..97.83 rows=1 width=76)
         ->  Limit  (cost=97.82..97.82 rows=1 width=84)
               ->  Sort  (cost=97.82..97.82 rows=1 width=84)
                     Sort Key: (st_distance(st_transform(s_3528.the_geom, 25833), schw_3528.schw))
                     ->  Nested Loop  (cost=0.00..97.81 rows=1 width=84)
                           Join Filter: ((st_transform(s_3528.the_geom, 25833) && st_expand(schw_3528.schw, '300'::double precision)) AND (schw_3528.schw && st_expand(st_transform(s_3528.the_geom, 25833), '300'::double precision)) AND _st_dwithin(st_transform(s_3528.the_geom, 25833), schw_3528.schw, '300'::double precision))
                           ->  Function Scan on schw_3528  (cost=0.00..0.01 rows=1 width=32)
                           ->  Seq Scan on phoml_trajectory_tmp s_3528  (cost=0.00..95.68 rows=17 width=40)
                                 Filter: ((unix_time >= '1685451555.035'::double precision) AND (unix_time <= '1685451615.035'::double precision))
   ->  Subquery Scan on "*SELECT* 3530"  (cost=97.82..97.83 rows=1 width=76)
         ->  Limit  (cost=97.82..97.82 rows=1 width=84)
               ->  Sort  (cost=97.82..97.82 rows=1 width=84)
                     Sort Key: (st_distance(st_transform(s_3529.the_geom, 25833), schw_3529.schw))
                     ->  Nested Loop  (cost=0.00..97.81 rows=1 width=84)
                           Join Filter: ((st_transform(s_3529.the_geom, 25833) && st_expand(schw_3529.schw, '300'::double precision)) AND (schw_3529.schw && st_expand(st_transform(s_3529.the_geom, 25833), '300'::double precision)) AND _st_dwithin(st_transform(s_3529.the_geom, 25833), schw_3529.schw, '300'::double precision))
                           ->  Function Scan on schw_3529  (cost=0.00..0.01 rows=1 width=32)
                           ->  Seq Scan on phoml_trajectory_tmp s_3529  (cost=0.00..95.68 rows=17 width=40)
                                 Filter: ((unix_time >= '1685451555.381'::double precision) AND (unix_time <= '1685451615.381'::double precision))
   ->  Subquery Scan on "*SELECT* 3531"  (cost=97.82..97.83 rows=1 width=76)
         ->  Limit  (cost=97.82..97.82 rows=1 width=84)
               ->  Sort  (cost=97.82..97.82 rows=1 width=84)
                     Sort Key: (st_distance(st_transform(s_3530.the_geom, 25833), schw_3530.schw))
                     ->  Nested Loop  (cost=0.00..97.81 rows=1 width=84)
                           Join Filter: ((st_transform(s_3530.the_geom, 25833) && st_expand(schw_3530.schw, '300'::double precision)) AND (schw_3530.schw && st_expand(st_transform(s_3530.the_geom, 25833), '300'::double precision)) AND _st_dwithin(st_transform(s_3530.the_geom, 25833), schw_3530.schw, '300'::double precision))
                           ->  Function Scan on schw_3530  (cost=0.00..0.01 rows=1 width=32)
                           ->  Seq Scan on phoml_trajectory_tmp s_3530  (cost=0.00..95.68 rows=17 width=40)
                                 Filter: ((unix_time >= '1685451555.721'::double precision) AND (unix_time <= '1685451615.721'::double precision))
   ->  Subquery Scan on "*SELECT* 3532"  (cost=97.82..97.83 rows=1 width=76)
         ->  Limit  (cost=97.82..97.82 rows=1 width=84)
               ->  Sort  (cost=97.82..97.82 rows=1 width=84)
                     Sort Key: (st_distance(st_transform(s_3531.the_geom, 25833), schw_3531.schw))
                     ->  Nested Loop  (cost=0.00..97.81 rows=1 width=84)
                           Join Filter: ((st_transform(s_3531.the_geom, 25833) && st_expand(schw_3531.schw, '300'::double precision)) AND (schw_3531.schw && st_expand(st_transform(s_3531.the_geom, 25833), '300'::double precision)) AND _st_dwithin(st_transform(s_3531.the_geom, 25833), schw_3531.schw, '300'::double precision))
                           ->  Function Scan on schw_3531  (cost=0.00..0.01 rows=1 width=32)
                           ->  Seq Scan on phoml_trajectory_tmp s_3531  (cost=0.00..95.68 rows=17 width=40)
                                 Filter: ((unix_time >= '1685451556.051'::double precision) AND (unix_time <= '1685451616.051'::double precision))
   ->  Subquery Scan on "*SELECT* 3533"  (cost=97.82..97.83 rows=1 width=76)
         ->  Limit  (cost=97.82..97.82 rows=1 width=84)
               ->  Sort  (cost=97.82..97.82 rows=1 width=84)
                     Sort Key: (st_distance(st_transform(s_3532.the_geom, 25833), schw_3532.schw))
                     ->  Nested Loop  (cost=0.00..97.81 rows=1 width=84)
                           Join Filter: ((st_transform(s_3532.the_geom, 25833) && st_expand(schw_3532.schw, '300'::double precision)) AND (schw_3532.schw && st_expand(st_transform(s_3532.the_geom, 25833), '300'::double precision)) AND _st_dwithin(st_transform(s_3532.the_geom, 25833), schw_3532.schw, '300'::double precision))
                           ->  Function Scan on schw_3532  (cost=0.00..0.01 rows=1 width=32)
                           ->  Seq Scan on phoml_trajectory_tmp s_3532  (cost=0.00..95.68 rows=17 width=40)
                                 Filter: ((unix_time >= '1685451556.407'::double precision) AND (unix_time <= '1685451616.407'::double precision))
   ->  Subquery Scan on "*SELECT* 3534"  (cost=97.82..97.83 rows=1 width=76)
         ->  Limit  (cost=97.82..97.82 rows=1 width=84)
               ->  Sort  (cost=97.82..97.82 rows=1 width=84)
                     Sort Key: (st_distance(st_transform(s_3533.the_geom, 25833), schw_3533.schw))
                     ->  Nested Loop  (cost=0.00..97.81 rows=1 width=84)
                           Join Filter: ((st_transform(s_3533.the_geom, 25833) && st_expand(schw_3533.schw, '300'::double precision)) AND (schw_3533.schw && st_expand(st_transform(s_3533.the_geom, 25833), '300'::double precision)) AND _st_dwithin(st_transform(s_3533.the_geom, 25833), schw_3533.schw, '300'::double precision))
                           ->  Function Scan on schw_3533  (cost=0.00..0.01 rows=1 width=32)
                           ->  Seq Scan on phoml_trajectory_tmp s_3533  (cost=0.00..95.68 rows=17 width=40)
                                 Filter: ((unix_time >= '1685451556.757'::double precision) AND (unix_time <= '1685451616.757'::double precision))
   ->  Subquery Scan on "*SELECT* 3535"  (cost=97.82..97.83 rows=1 width=76)
         ->  Limit  (cost=97.82..97.82 rows=1 width=84)
               ->  Sort  (cost=97.82..97.82 rows=1 width=84)
                     Sort Key: (st_distance(st_transform(s_3534.the_geom, 25833), schw_3534.schw))
                     ->  Nested Loop  (cost=0.00..97.81 rows=1 width=84)
                           Join Filter: ((st_transform(s_3534.the_geom, 25833) && st_expand(schw_3534.schw, '300'::double precision)) AND (schw_3534.schw && st_expand(st_transform(s_3534.the_geom, 25833), '300'::double precision)) AND _st_dwithin(st_transform(s_3534.the_geom, 25833), schw_3534.schw, '300'::double precision))
                           ->  Function Scan on schw_3534  (cost=0.00..0.01 rows=1 width=32)
                           ->  Seq Scan on phoml_trajectory_tmp s_3534  (cost=0.00..95.68 rows=17 width=40)
                                 Filter: ((unix_time >= '1685451557.097'::double precision) AND (unix_time <= '1685451617.097'::double precision))
   ->  Subquery Scan on "*SELECT* 3536"  (cost=97.82..97.83 rows=1 width=76)
         ->  Limit  (cost=97.82..97.82 rows=1 width=84)
               ->  Sort  (cost=97.82..97.82 rows=1 width=84)
                     Sort Key: (st_distance(st_transform(s_3535.the_geom, 25833), schw_3535.schw))
                     ->  Nested Loop  (cost=0.00..97.81 rows=1 width=84)
                           Join Filter: ((st_transform(s_3535.the_geom, 25833) && st_expand(schw_3535.schw, '300'::double precision)) AND (schw_3535.schw && st_expand(st_transform(s_3535.the_geom, 25833), '300'::double precision)) AND _st_dwithin(st_transform(s_3535.the_geom, 25833), schw_3535.schw, '300'::double precision))
                           ->  Function Scan on schw_3535  (cost=0.00..0.01 rows=1 width=32)
                           ->  Seq Scan on phoml_trajectory_tmp s_3535  (cost=0.00..95.68 rows=17 width=40)
                                 Filter: ((unix_time >= '1685451557.453'::double precision) AND (unix_time <= '1685451617.453'::double precision))
   ->  Subquery Scan on "*SELECT* 3537"  (cost=97.82..97.83 rows=1 width=76)
         ->  Limit  (cost=97.82..97.82 rows=1 width=84)
               ->  Sort  (cost=97.82..97.82 rows=1 width=84)
                     Sort Key: (st_distance(st_transform(s_3536.the_geom, 25833), schw_3536.schw))
                     ->  Nested Loop  (cost=0.00..97.81 rows=1 width=84)
                           Join Filter: ((st_transform(s_3536.the_geom, 25833) && st_expand(schw_3536.schw, '300'::double precision)) AND (schw_3536.schw && st_expand(st_transform(s_3536.the_geom, 25833), '300'::double precision)) AND _st_dwithin(st_transform(s_3536.the_geom, 25833), schw_3536.schw, '300'::double precision))
                           ->  Function Scan on schw_3536  (cost=0.00..0.01 rows=1 width=32)
                           ->  Seq Scan on phoml_trajectory_tmp s_3536  (cost=0.00..95.68 rows=17 width=40)
                                 Filter: ((unix_time >= '1685451557.813'::double precision) AND (unix_time <= '1685451617.813'::double precision))
   ->  Subquery Scan on "*SELECT* 3538"  (cost=97.82..97.83 rows=1 width=76)
         ->  Limit  (cost=97.82..97.82 rows=1 width=84)
               ->  Sort  (cost=97.82..97.82 rows=1 width=84)
                     Sort Key: (st_distance(st_transform(s_3537.the_geom, 25833), schw_3537.schw))
                     ->  Nested Loop  (cost=0.00..97.81 rows=1 width=84)
                           Join Filter: ((st_transform(s_3537.the_geom, 25833) && st_expand(schw_3537.schw, '300'::double precision)) AND (schw_3537.schw && st_expand(st_transform(s_3537.the_geom, 25833), '300'::double precision)) AND _st_dwithin(st_transform(s_3537.the_geom, 25833), schw_3537.schw, '300'::double precision))
                           ->  Function Scan on schw_3537  (cost=0.00..0.01 rows=1 width=32)
                           ->  Seq Scan on phoml_trajectory_tmp s_3537  (cost=0.00..95.68 rows=17 width=40)
                                 Filter: ((unix_time >= '1685451558.192'::double precision) AND (unix_time <= '1685451618.192'::double precision))
   ->  Subquery Scan on "*SELECT* 3539"  (cost=97.82..97.83 rows=1 width=76)
         ->  Limit  (cost=97.82..97.82 rows=1 width=84)
               ->  Sort  (cost=97.82..97.82 rows=1 width=84)
                     Sort Key: (st_distance(st_transform(s_3538.the_geom, 25833), schw_3538.schw))
                     ->  Nested Loop  (cost=0.00..97.81 rows=1 width=84)
                           Join Filter: ((st_transform(s_3538.the_geom, 25833) && st_expand(schw_3538.schw, '300'::double precision)) AND (schw_3538.schw && st_expand(st_transform(s_3538.the_geom, 25833), '300'::double precision)) AND _st_dwithin(st_transform(s_3538.the_geom, 25833), schw_3538.schw, '300'::double precision))
                           ->  Function Scan on schw_3538  (cost=0.00..0.01 rows=1 width=32)
                           ->  Seq Scan on phoml_trajectory_tmp s_3538  (cost=0.00..95.68 rows=17 width=40)
                                 Filter: ((unix_time >= '1685451558.552'::double precision) AND (unix_time <= '1685451618.552'::double precision))
   ->  Subquery Scan on "*SELECT* 3540"  (cost=97.82..97.83 rows=1 width=76)
         ->  Limit  (cost=97.82..97.82 rows=1 width=84)
               ->  Sort  (cost=97.82..97.82 rows=1 width=84)
                     Sort Key: (st_distance(st_transform(s_3539.the_geom, 25833), schw_3539.schw))
                     ->  Nested Loop  (cost=0.00..97.81 rows=1 width=84)
                           Join Filter: ((st_transform(s_3539.the_geom, 25833) && st_expand(schw_3539.schw, '300'::double precision)) AND (schw_3539.schw && st_expand(st_transform(s_3539.the_geom, 25833), '300'::double precision)) AND _st_dwithin(st_transform(s_3539.the_geom, 25833), schw_3539.schw, '300'::double precision))
                           ->  Function Scan on schw_3539  (cost=0.00..0.01 rows=1 width=32)
                           ->  Seq Scan on phoml_trajectory_tmp s_3539  (cost=0.00..95.68 rows=17 width=40)
                                 Filter: ((unix_time >= '1685451558.932'::double precision) AND (unix_time <= '1685451618.932'::double precision))
   ->  Subquery Scan on "*SELECT* 3541"  (cost=97.82..97.83 rows=1 width=76)
         ->  Limit  (cost=97.82..97.82 rows=1 width=84)
               ->  Sort  (cost=97.82..97.82 rows=1 width=84)
                     Sort Key: (st_distance(st_transform(s_3540.the_geom, 25833), schw_3540.schw))
                     ->  Nested Loop  (cost=0.00..97.81 rows=1 width=84)
                           Join Filter: ((st_transform(s_3540.the_geom, 25833) && st_expand(schw_3540.schw, '300'::double precision)) AND (schw_3540.schw && st_expand(st_transform(s_3540.the_geom, 25833), '300'::double precision)) AND _st_dwithin(st_transform(s_3540.the_geom, 25833), schw_3540.schw, '300'::double precision))
                           ->  Function Scan on schw_3540  (cost=0.00..0.01 rows=1 width=32)
                           ->  Seq Scan on phoml_trajectory_tmp s_3540  (cost=0.00..95.68 rows=17 width=40)
                                 Filter: ((unix_time >= '1685451559.305'::double precision) AND (unix_time <= '1685451619.305'::double precision))
   ->  Subquery Scan on "*SELECT* 3542"  (cost=97.82..97.83 rows=1 width=76)
         ->  Limit  (cost=97.82..97.82 rows=1 width=84)
               ->  Sort  (cost=97.82..97.82 rows=1 width=84)
                     Sort Key: (st_distance(st_transform(s_3541.the_geom, 25833), schw_3541.schw))
                     ->  Nested Loop  (cost=0.00..97.81 rows=1 width=84)
                           Join Filter: ((st_transform(s_3541.the_geom, 25833) && st_expand(schw_3541.schw, '300'::double precision)) AND (schw_3541.schw && st_expand(st_transform(s_3541.the_geom, 25833), '300'::double precision)) AND _st_dwithin(st_transform(s_3541.the_geom, 25833), schw_3541.schw, '300'::double precision))
                           ->  Function Scan on schw_3541  (cost=0.00..0.01 rows=1 width=32)
                           ->  Seq Scan on phoml_trajectory_tmp s_3541  (cost=0.00..95.68 rows=17 width=40)
                                 Filter: ((unix_time >= '1685451559.695'::double precision) AND (unix_time <= '1685451619.695'::double precision))
   ->  Subquery Scan on "*SELECT* 3543"  (cost=97.82..97.83 rows=1 width=76)
         ->  Limit  (cost=97.82..97.82 rows=1 width=84)
               ->  Sort  (cost=97.82..97.82 rows=1 width=84)
                     Sort Key: (st_distance(st_transform(s_3542.the_geom, 25833), schw_3542.schw))
                     ->  Nested Loop  (cost=0.00..97.81 rows=1 width=84)
                           Join Filter: ((st_transform(s_3542.the_geom, 25833) && st_expand(schw_3542.schw, '300'::double precision)) AND (schw_3542.schw && st_expand(st_transform(s_3542.the_geom, 25833), '300'::double precision)) AND _st_dwithin(st_transform(s_3542.the_geom, 25833), schw_3542.schw, '300'::double precision))
                           ->  Function Scan on schw_3542  (cost=0.00..0.01 rows=1 width=32)
                           ->  Seq Scan on phoml_trajectory_tmp s_3542  (cost=0.00..95.68 rows=17 width=40)
                                 Filter: ((unix_time >= '1685451560.075'::double precision) AND (unix_time <= '1685451620.075'::double precision))
   ->  Subquery Scan on "*SELECT* 3544"  (cost=97.82..97.83 rows=1 width=76)
         ->  Limit  (cost=97.82..97.82 rows=1 width=84)
               ->  Sort  (cost=97.82..97.82 rows=1 width=84)
                     Sort Key: (st_distance(st_transform(s_3543.the_geom, 25833), schw_3543.schw))
                     ->  Nested Loop  (cost=0.00..97.81 rows=1 width=84)
                           Join Filter: ((st_transform(s_3543.the_geom, 25833) && st_expand(schw_3543.schw, '300'::double precision)) AND (schw_3543.schw && st_expand(st_transform(s_3543.the_geom, 25833), '300'::double precision)) AND _st_dwithin(st_transform(s_3543.the_geom, 25833), schw_3543.schw, '300'::double precision))
                           ->  Function Scan on schw_3543  (cost=0.00..0.01 rows=1 width=32)
                           ->  Seq Scan on phoml_trajectory_tmp s_3543  (cost=0.00..95.68 rows=17 width=40)
                                 Filter: ((unix_time >= '1685451560.46'::double precision) AND (unix_time <= '1685451620.46'::double precision))
   ->  Subquery Scan on "*SELECT* 3545"  (cost=97.82..97.83 rows=1 width=76)
         ->  Limit  (cost=97.82..97.82 rows=1 width=84)
               ->  Sort  (cost=97.82..97.82 rows=1 width=84)
                     Sort Key: (st_distance(st_transform(s_3544.the_geom, 25833), schw_3544.schw))
                     ->  Nested Loop  (cost=0.00..97.81 rows=1 width=84)
                           Join Filter: ((st_transform(s_3544.the_geom, 25833) && st_expand(schw_3544.schw, '300'::double precision)) AND (schw_3544.schw && st_expand(st_transform(s_3544.the_geom, 25833), '300'::double precision)) AND _st_dwithin(st_transform(s_3544.the_geom, 25833), schw_3544.schw, '300'::double precision))
                           ->  Function Scan on schw_3544  (cost=0.00..0.01 rows=1 width=32)
                           ->  Seq Scan on phoml_trajectory_tmp s_3544  (cost=0.00..95.68 rows=17 width=40)
                                 Filter: ((unix_time >= '1685451560.84'::double precision) AND (unix_time <= '1685451620.84'::double precision))
   ->  Subquery Scan on "*SELECT* 3546"  (cost=97.82..97.83 rows=1 width=76)
         ->  Limit  (cost=97.82..97.82 rows=1 width=84)
               ->  Sort  (cost=97.82..97.82 rows=1 width=84)
                     Sort Key: (st_distance(st_transform(s_3545.the_geom, 25833), schw_3545.schw))
                     ->  Nested Loop  (cost=0.00..97.81 rows=1 width=84)
                           Join Filter: ((st_transform(s_3545.the_geom, 25833) && st_expand(schw_3545.schw, '300'::double precision)) AND (schw_3545.schw && st_expand(st_transform(s_3545.the_geom, 25833), '300'::double precision)) AND _st_dwithin(st_transform(s_3545.the_geom, 25833), schw_3545.schw, '300'::double precision))
                           ->  Function Scan on schw_3545  (cost=0.00..0.01 rows=1 width=32)
                           ->  Seq Scan on phoml_trajectory_tmp s_3545  (cost=0.00..95.68 rows=17 width=40)
                                 Filter: ((unix_time >= '1685451561.232'::double precision) AND (unix_time <= '1685451621.232'::double precision))
   ->  Subquery Scan on "*SELECT* 3547"  (cost=97.82..97.83 rows=1 width=76)
         ->  Limit  (cost=97.82..97.82 rows=1 width=84)
               ->  Sort  (cost=97.82..97.82 rows=1 width=84)
                     Sort Key: (st_distance(st_transform(s_3546.the_geom, 25833), schw_3546.schw))
                     ->  Nested Loop  (cost=0.00..97.81 rows=1 width=84)
                           Join Filter: ((st_transform(s_3546.the_geom, 25833) && st_expand(schw_3546.schw, '300'::double precision)) AND (schw_3546.schw && st_expand(st_transform(s_3546.the_geom, 25833), '300'::double precision)) AND _st_dwithin(st_transform(s_3546.the_geom, 25833), schw_3546.schw, '300'::double precision))
                           ->  Function Scan on schw_3546  (cost=0.00..0.01 rows=1 width=32)
                           ->  Seq Scan on phoml_trajectory_tmp s_3546  (cost=0.00..95.68 rows=17 width=40)
                                 Filter: ((unix_time >= '1685451561.632'::double precision) AND (unix_time <= '1685451621.632'::double precision))
   ->  Subquery Scan on "*SELECT* 3548"  (cost=97.82..97.83 rows=1 width=76)
         ->  Limit  (cost=97.82..97.82 rows=1 width=84)
               ->  Sort  (cost=97.82..97.82 rows=1 width=84)
                     Sort Key: (st_distance(st_transform(s_3547.the_geom, 25833), schw_3547.schw))
                     ->  Nested Loop  (cost=0.00..97.81 rows=1 width=84)
                           Join Filter: ((st_transform(s_3547.the_geom, 25833) && st_expand(schw_3547.schw, '300'::double precision)) AND (schw_3547.schw && st_expand(st_transform(s_3547.the_geom, 25833), '300'::double precision)) AND _st_dwithin(st_transform(s_3547.the_geom, 25833), schw_3547.schw, '300'::double precision))
                           ->  Function Scan on schw_3547  (cost=0.00..0.01 rows=1 width=32)
                           ->  Seq Scan on phoml_trajectory_tmp s_3547  (cost=0.00..95.68 rows=17 width=40)
                                 Filter: ((unix_time >= '1685451562.032'::double precision) AND (unix_time <= '1685451622.032'::double precision))
   ->  Subquery Scan on "*SELECT* 3549"  (cost=97.82..97.83 rows=1 width=76)
         ->  Limit  (cost=97.82..97.82 rows=1 width=84)
               ->  Sort  (cost=97.82..97.82 rows=1 width=84)
                     Sort Key: (st_distance(st_transform(s_3548.the_geom, 25833), schw_3548.schw))
                     ->  Nested Loop  (cost=0.00..97.81 rows=1 width=84)
                           Join Filter: ((st_transform(s_3548.the_geom, 25833) && st_expand(schw_3548.schw, '300'::double precision)) AND (schw_3548.schw && st_expand(st_transform(s_3548.the_geom, 25833), '300'::double precision)) AND _st_dwithin(st_transform(s_3548.the_geom, 25833), schw_3548.schw, '300'::double precision))
                           ->  Function Scan on schw_3548  (cost=0.00..0.01 rows=1 width=32)
                           ->  Seq Scan on phoml_trajectory_tmp s_3548  (cost=0.00..95.68 rows=17 width=40)
                                 Filter: ((unix_time >= '1685451562.416'::double precision) AND (unix_time <= '1685451622.416'::double precision))
   ->  Subquery Scan on "*SELECT* 3550"  (cost=97.82..97.83 rows=1 width=76)
         ->  Limit  (cost=97.82..97.82 rows=1 width=84)
               ->  Sort  (cost=97.82..97.82 rows=1 width=84)
                     Sort Key: (st_distance(st_transform(s_3549.the_geom, 25833), schw_3549.schw))
                     ->  Nested Loop  (cost=0.00..97.81 rows=1 width=84)
                           Join Filter: ((st_transform(s_3549.the_geom, 25833) && st_expand(schw_3549.schw, '300'::double precision)) AND (schw_3549.schw && st_expand(st_transform(s_3549.the_geom, 25833), '300'::double precision)) AND _st_dwithin(st_transform(s_3549.the_geom, 25833), schw_3549.schw, '300'::double precision))
                           ->  Function Scan on schw_3549  (cost=0.00..0.01 rows=1 width=32)
                           ->  Seq Scan on phoml_trajectory_tmp s_3549  (cost=0.00..95.68 rows=17 width=40)
                                 Filter: ((unix_time >= '1685451562.796'::double precision) AND (unix_time <= '1685451622.796'::double precision))
   ->  Subquery Scan on "*SELECT* 3551"  (cost=97.82..97.83 rows=1 width=76)
         ->  Limit  (cost=97.82..97.82 rows=1 width=84)
               ->  Sort  (cost=97.82..97.82 rows=1 width=84)
                     Sort Key: (st_distance(st_transform(s_3550.the_geom, 25833), schw_3550.schw))
                     ->  Nested Loop  (cost=0.00..97.81 rows=1 width=84)
                           Join Filter: ((st_transform(s_3550.the_geom, 25833) && st_expand(schw_3550.schw, '300'::double precision)) AND (schw_3550.schw && st_expand(st_transform(s_3550.the_geom, 25833), '300'::double precision)) AND _st_dwithin(st_transform(s_3550.the_geom, 25833), schw_3550.schw, '300'::double precision))
                           ->  Function Scan on schw_3550  (cost=0.00..0.01 rows=1 width=32)
                           ->  Seq Scan on phoml_trajectory_tmp s_3550  (cost=0.00..95.68 rows=17 width=40)
                                 Filter: ((unix_time >= '1685451563.206'::double precision) AND (unix_time <= '1685451623.206'::double precision))
   ->  Subquery Scan on "*SELECT* 3552"  (cost=97.82..97.83 rows=1 width=76)
         ->  Limit  (cost=97.82..97.82 rows=1 width=84)
               ->  Sort  (cost=97.82..97.82 rows=1 width=84)
                     Sort Key: (st_distance(st_transform(s_3551.the_geom, 25833), schw_3551.schw))
                     ->  Nested Loop  (cost=0.00..97.81 rows=1 width=84)
                           Join Filter: ((st_transform(s_3551.the_geom, 25833) && st_expand(schw_3551.schw, '300'::double precision)) AND (schw_3551.schw && st_expand(st_transform(s_3551.the_geom, 25833), '300'::double precision)) AND _st_dwithin(st_transform(s_3551.the_geom, 25833), schw_3551.schw, '300'::double precision))
                           ->  Function Scan on schw_3551  (cost=0.00..0.01 rows=1 width=32)
                           ->  Seq Scan on phoml_trajectory_tmp s_3551  (cost=0.00..95.68 rows=17 width=40)
                                 Filter: ((unix_time >= '1685451563.596'::double precision) AND (unix_time <= '1685451623.596'::double precision))
   ->  Subquery Scan on "*SELECT* 3553"  (cost=97.82..97.83 rows=1 width=76)
         ->  Limit  (cost=97.82..97.82 rows=1 width=84)
               ->  Sort  (cost=97.82..97.82 rows=1 width=84)
                     Sort Key: (st_distance(st_transform(s_3552.the_geom, 25833), schw_3552.schw))
                     ->  Nested Loop  (cost=0.00..97.81 rows=1 width=84)
                           Join Filter: ((st_transform(s_3552.the_geom, 25833) && st_expand(schw_3552.schw, '300'::double precision)) AND (schw_3552.schw && st_expand(st_transform(s_3552.the_geom, 25833), '300'::double precision)) AND _st_dwithin(st_transform(s_3552.the_geom, 25833), schw_3552.schw, '300'::double precision))
                           ->  Function Scan on schw_3552  (cost=0.00..0.01 rows=1 width=32)
                           ->  Seq Scan on phoml_trajectory_tmp s_3552  (cost=0.00..95.68 rows=17 width=40)
                                 Filter: ((unix_time >= '1685451563.986'::double precision) AND (unix_time <= '1685451623.986'::double precision))
   ->  Subquery Scan on "*SELECT* 3554"  (cost=97.82..97.83 rows=1 width=76)
         ->  Limit  (cost=97.82..97.82 rows=1 width=84)
               ->  Sort  (cost=97.82..97.82 rows=1 width=84)
                     Sort Key: (st_distance(st_transform(s_3553.the_geom, 25833), schw_3553.schw))
                     ->  Nested Loop  (cost=0.00..97.81 rows=1 width=84)
                           Join Filter: ((st_transform(s_3553.the_geom, 25833) && st_expand(schw_3553.schw, '300'::double precision)) AND (schw_3553.schw && st_expand(st_transform(s_3553.the_geom, 25833), '300'::double precision)) AND _st_dwithin(st_transform(s_3553.the_geom, 25833), schw_3553.schw, '300'::double precision))
                           ->  Function Scan on schw_3553  (cost=0.00..0.01 rows=1 width=32)
                           ->  Seq Scan on phoml_trajectory_tmp s_3553  (cost=0.00..95.68 rows=17 width=40)
                                 Filter: ((unix_time >= '1685451564.379'::double precision) AND (unix_time <= '1685451624.379'::double precision))
   ->  Subquery Scan on "*SELECT* 3555"  (cost=97.82..97.83 rows=1 width=76)
         ->  Limit  (cost=97.82..97.82 rows=1 width=84)
               ->  Sort  (cost=97.82..97.82 rows=1 width=84)
                     Sort Key: (st_distance(st_transform(s_3554.the_geom, 25833), schw_3554.schw))
                     ->  Nested Loop  (cost=0.00..97.81 rows=1 width=84)
                           Join Filter: ((st_transform(s_3554.the_geom, 25833) && st_expand(schw_3554.schw, '300'::double precision)) AND (schw_3554.schw && st_expand(st_transform(s_3554.the_geom, 25833), '300'::double precision)) AND _st_dwithin(st_transform(s_3554.the_geom, 25833), schw_3554.schw, '300'::double precision))
                           ->  Function Scan on schw_3554  (cost=0.00..0.01 rows=1 width=32)
                           ->  Seq Scan on phoml_trajectory_tmp s_3554  (cost=0.00..95.68 rows=17 width=40)
                                 Filter: ((unix_time >= '1685451564.769'::double precision) AND (unix_time <= '1685451624.769'::double precision))
   ->  Subquery Scan on "*SELECT* 3556"  (cost=97.82..97.83 rows=1 width=76)
         ->  Limit  (cost=97.82..97.82 rows=1 width=84)
               ->  Sort  (cost=97.82..97.82 rows=1 width=84)
                     Sort Key: (st_distance(st_transform(s_3555.the_geom, 25833), schw_3555.schw))
                     ->  Nested Loop  (cost=0.00..97.81 rows=1 width=84)
                           Join Filter: ((st_transform(s_3555.the_geom, 25833) && st_expand(schw_3555.schw, '300'::double precision)) AND (schw_3555.schw && st_expand(st_transform(s_3555.the_geom, 25833), '300'::double precision)) AND _st_dwithin(st_transform(s_3555.the_geom, 25833), schw_3555.schw, '300'::double precision))
                           ->  Function Scan on schw_3555  (cost=0.00..0.01 rows=1 width=32)
                           ->  Seq Scan on phoml_trajectory_tmp s_3555  (cost=0.00..95.68 rows=17 width=40)
                                 Filter: ((unix_time >= '1685451565.16'::double precision) AND (unix_time <= '1685451625.16'::double precision))
   ->  Subquery Scan on "*SELECT* 3557"  (cost=97.82..97.83 rows=1 width=76)
         ->  Limit  (cost=97.82..97.82 rows=1 width=84)
               ->  Sort  (cost=97.82..97.82 rows=1 width=84)
                     Sort Key: (st_distance(st_transform(s_3556.the_geom, 25833), schw_3556.schw))
                     ->  Nested Loop  (cost=0.00..97.81 rows=1 width=84)
                           Join Filter: ((st_transform(s_3556.the_geom, 25833) && st_expand(schw_3556.schw, '300'::double precision)) AND (schw_3556.schw && st_expand(st_transform(s_3556.the_geom, 25833), '300'::double precision)) AND _st_dwithin(st_transform(s_3556.the_geom, 25833), schw_3556.schw, '300'::double precision))
                           ->  Function Scan on schw_3556  (cost=0.00..0.01 rows=1 width=32)
                           ->  Seq Scan on phoml_trajectory_tmp s_3556  (cost=0.00..95.68 rows=17 width=40)
                                 Filter: ((unix_time >= '1685451565.57'::double precision) AND (unix_time <= '1685451625.57'::double precision))
   ->  Subquery Scan on "*SELECT* 3558"  (cost=97.82..97.83 rows=1 width=76)
         ->  Limit  (cost=97.82..97.82 rows=1 width=84)
               ->  Sort  (cost=97.82..97.82 rows=1 width=84)
                     Sort Key: (st_distance(st_transform(s_3557.the_geom, 25833), schw_3557.schw))
                     ->  Nested Loop  (cost=0.00..97.81 rows=1 width=84)
                           Join Filter: ((st_transform(s_3557.the_geom, 25833) && st_expand(schw_3557.schw, '300'::double precision)) AND (schw_3557.schw && st_expand(st_transform(s_3557.the_geom, 25833), '300'::double precision)) AND _st_dwithin(st_transform(s_3557.the_geom, 25833), schw_3557.schw, '300'::double precision))
                           ->  Function Scan on schw_3557  (cost=0.00..0.01 rows=1 width=32)
                           ->  Seq Scan on phoml_trajectory_tmp s_3557  (cost=0.00..95.68 rows=17 width=40)
                                 Filter: ((unix_time >= '1685451565.98'::double precision) AND (unix_time <= '1685451625.98'::double precision))
   ->  Subquery Scan on "*SELECT* 3559"  (cost=97.82..97.83 rows=1 width=76)
         ->  Limit  (cost=97.82..97.82 rows=1 width=84)
               ->  Sort  (cost=97.82..97.82 rows=1 width=84)
                     Sort Key: (st_distance(st_transform(s_3558.the_geom, 25833), schw_3558.schw))
                     ->  Nested Loop  (cost=0.00..97.81 rows=1 width=84)
                           Join Filter: ((st_transform(s_3558.the_geom, 25833) && st_expand(schw_3558.schw, '300'::double precision)) AND (schw_3558.schw && st_expand(st_transform(s_3558.the_geom, 25833), '300'::double precision)) AND _st_dwithin(st_transform(s_3558.the_geom, 25833), schw_3558.schw, '300'::double precision))
                           ->  Function Scan on schw_3558  (cost=0.00..0.01 rows=1 width=32)
                           ->  Seq Scan on phoml_trajectory_tmp s_3558  (cost=0.00..95.68 rows=17 width=40)
                                 Filter: ((unix_time >= '1685451566.374'::double precision) AND (unix_time <= '1685451626.374'::double precision))
   ->  Subquery Scan on "*SELECT* 3560"  (cost=97.82..97.83 rows=1 width=76)
         ->  Limit  (cost=97.82..97.82 rows=1 width=84)
               ->  Sort  (cost=97.82..97.82 rows=1 width=84)
                     Sort Key: (st_distance(st_transform(s_3559.the_geom, 25833), schw_3559.schw))
                     ->  Nested Loop  (cost=0.00..97.81 rows=1 width=84)
                           Join Filter: ((st_transform(s_3559.the_geom, 25833) && st_expand(schw_3559.schw, '300'::double precision)) AND (schw_3559.schw && st_expand(st_transform(s_3559.the_geom, 25833), '300'::double precision)) AND _st_dwithin(st_transform(s_3559.the_geom, 25833), schw_3559.schw, '300'::double precision))
                           ->  Function Scan on schw_3559  (cost=0.00..0.01 rows=1 width=32)
                           ->  Seq Scan on phoml_trajectory_tmp s_3559  (cost=0.00..95.68 rows=17 width=40)
                                 Filter: ((unix_time >= '1685451566.794'::double precision) AND (unix_time <= '1685451626.794'::double precision))
   ->  Subquery Scan on "*SELECT* 3561"  (cost=97.82..97.83 rows=1 width=76)
         ->  Limit  (cost=97.82..97.82 rows=1 width=84)
               ->  Sort  (cost=97.82..97.82 rows=1 width=84)
                     Sort Key: (st_distance(st_transform(s_3560.the_geom, 25833), schw_3560.schw))
                     ->  Nested Loop  (cost=0.00..97.81 rows=1 width=84)
                           Join Filter: ((st_transform(s_3560.the_geom, 25833) && st_expand(schw_3560.schw, '300'::double precision)) AND (schw_3560.schw && st_expand(st_transform(s_3560.the_geom, 25833), '300'::double precision)) AND _st_dwithin(st_transform(s_3560.the_geom, 25833), schw_3560.schw, '300'::double precision))
                           ->  Function Scan on schw_3560  (cost=0.00..0.01 rows=1 width=32)
                           ->  Seq Scan on phoml_trajectory_tmp s_3560  (cost=0.00..95.68 rows=17 width=40)
                                 Filter: ((unix_time >= '1685451567.221'::double precision) AND (unix_time <= '1685451627.221'::double precision))
   ->  Subquery Scan on "*SELECT* 3562"  (cost=97.82..97.83 rows=1 width=76)
         ->  Limit  (cost=97.82..97.82 rows=1 width=84)
               ->  Sort  (cost=97.82..97.82 rows=1 width=84)
                     Sort Key: (st_distance(st_transform(s_3561.the_geom, 25833), schw_3561.schw))
                     ->  Nested Loop  (cost=0.00..97.81 rows=1 width=84)
                           Join Filter: ((st_transform(s_3561.the_geom, 25833) && st_expand(schw_3561.schw, '300'::double precision)) AND (schw_3561.schw && st_expand(st_transform(s_3561.the_geom, 25833), '300'::double precision)) AND _st_dwithin(st_transform(s_3561.the_geom, 25833), schw_3561.schw, '300'::double precision))
                           ->  Function Scan on schw_3561  (cost=0.00..0.01 rows=1 width=32)
                           ->  Seq Scan on phoml_trajectory_tmp s_3561  (cost=0.00..95.68 rows=17 width=40)
                                 Filter: ((unix_time >= '1685451567.651'::double precision) AND (unix_time <= '1685451627.651'::double precision))
   ->  Subquery Scan on "*SELECT* 3563"  (cost=97.82..97.83 rows=1 width=76)
         ->  Limit  (cost=97.82..97.82 rows=1 width=84)
               ->  Sort  (cost=97.82..97.82 rows=1 width=84)
                     Sort Key: (st_distance(st_transform(s_3562.the_geom, 25833), schw_3562.schw))
                     ->  Nested Loop  (cost=0.00..97.81 rows=1 width=84)
                           Join Filter: ((st_transform(s_3562.the_geom, 25833) && st_expand(schw_3562.schw, '300'::double precision)) AND (schw_3562.schw && st_expand(st_transform(s_3562.the_geom, 25833), '300'::double precision)) AND _st_dwithin(st_transform(s_3562.the_geom, 25833), schw_3562.schw, '300'::double precision))
                           ->  Function Scan on schw_3562  (cost=0.00..0.01 rows=1 width=32)
                           ->  Seq Scan on phoml_trajectory_tmp s_3562  (cost=0.00..95.68 rows=17 width=40)
                                 Filter: ((unix_time >= '1685451568.081'::double precision) AND (unix_time <= '1685451628.081'::double precision))
   ->  Subquery Scan on "*SELECT* 3564"  (cost=97.82..97.83 rows=1 width=76)
         ->  Limit  (cost=97.82..97.82 rows=1 width=84)
               ->  Sort  (cost=97.82..97.82 rows=1 width=84)
                     Sort Key: (st_distance(st_transform(s_3563.the_geom, 25833), schw_3563.schw))
                     ->  Nested Loop  (cost=0.00..97.81 rows=1 width=84)
                           Join Filter: ((st_transform(s_3563.the_geom, 25833) && st_expand(schw_3563.schw, '300'::double precision)) AND (schw_3563.schw && st_expand(st_transform(s_3563.the_geom, 25833), '300'::double precision)) AND _st_dwithin(st_transform(s_3563.the_geom, 25833), schw_3563.schw, '300'::double precision))
                           ->  Function Scan on schw_3563  (cost=0.00..0.01 rows=1 width=32)
                           ->  Seq Scan on phoml_trajectory_tmp s_3563  (cost=0.00..95.68 rows=17 width=40)
                                 Filter: ((unix_time >= '1685451568.518'::double precision) AND (unix_time <= '1685451628.518'::double precision))
   ->  Subquery Scan on "*SELECT* 3565"  (cost=97.82..97.83 rows=1 width=76)
         ->  Limit  (cost=97.82..97.82 rows=1 width=84)
               ->  Sort  (cost=97.82..97.82 rows=1 width=84)
                     Sort Key: (st_distance(st_transform(s_3564.the_geom, 25833), schw_3564.schw))
                     ->  Nested Loop  (cost=0.00..97.81 rows=1 width=84)
                           Join Filter: ((st_transform(s_3564.the_geom, 25833) && st_expand(schw_3564.schw, '300'::double precision)) AND (schw_3564.schw && st_expand(st_transform(s_3564.the_geom, 25833), '300'::double precision)) AND _st_dwithin(st_transform(s_3564.the_geom, 25833), schw_3564.schw, '300'::double precision))
                           ->  Function Scan on schw_3564  (cost=0.00..0.01 rows=1 width=32)
                           ->  Seq Scan on phoml_trajectory_tmp s_3564  (cost=0.00..95.68 rows=17 width=40)
                                 Filter: ((unix_time >= '1685451568.968'::double precision) AND (unix_time <= '1685451628.968'::double precision))
   ->  Subquery Scan on "*SELECT* 3566"  (cost=97.82..97.83 rows=1 width=76)
         ->  Limit  (cost=97.82..97.82 rows=1 width=84)
               ->  Sort  (cost=97.82..97.82 rows=1 width=84)
                     Sort Key: (st_distance(st_transform(s_3565.the_geom, 25833), schw_3565.schw))
                     ->  Nested Loop  (cost=0.00..97.81 rows=1 width=84)
                           Join Filter: ((st_transform(s_3565.the_geom, 25833) && st_expand(schw_3565.schw, '300'::double precision)) AND (schw_3565.schw && st_expand(st_transform(s_3565.the_geom, 25833), '300'::double precision)) AND _st_dwithin(st_transform(s_3565.the_geom, 25833), schw_3565.schw, '300'::double precision))
                           ->  Function Scan on schw_3565  (cost=0.00..0.01 rows=1 width=32)
                           ->  Seq Scan on phoml_trajectory_tmp s_3565  (cost=0.00..95.68 rows=17 width=40)
                                 Filter: ((unix_time >= '1685451569.42'::double precision) AND (unix_time <= '1685451629.42'::double precision))
   ->  Subquery Scan on "*SELECT* 3567"  (cost=97.82..97.83 rows=1 width=76)
         ->  Limit  (cost=97.82..97.82 rows=1 width=84)
               ->  Sort  (cost=97.82..97.82 rows=1 width=84)
                     Sort Key: (st_distance(st_transform(s_3566.the_geom, 25833), schw_3566.schw))
                     ->  Nested Loop  (cost=0.00..97.81 rows=1 width=84)
                           Join Filter: ((st_transform(s_3566.the_geom, 25833) && st_expand(schw_3566.schw, '300'::double precision)) AND (schw_3566.schw && st_expand(st_transform(s_3566.the_geom, 25833), '300'::double precision)) AND _st_dwithin(st_transform(s_3566.the_geom, 25833), schw_3566.schw, '300'::double precision))
                           ->  Function Scan on schw_3566  (cost=0.00..0.01 rows=1 width=32)
                           ->  Seq Scan on phoml_trajectory_tmp s_3566  (cost=0.00..95.68 rows=17 width=40)
                                 Filter: ((unix_time >= '1685451569.87'::double precision) AND (unix_time <= '1685451629.87'::double precision))
   ->  Subquery Scan on "*SELECT* 3568"  (cost=97.82..97.83 rows=1 width=76)
         ->  Limit  (cost=97.82..97.82 rows=1 width=84)
               ->  Sort  (cost=97.82..97.82 rows=1 width=84)
                     Sort Key: (st_distance(st_transform(s_3567.the_geom, 25833), schw_3567.schw))
                     ->  Nested Loop  (cost=0.00..97.81 rows=1 width=84)
                           Join Filter: ((st_transform(s_3567.the_geom, 25833) && st_expand(schw_3567.schw, '300'::double precision)) AND (schw_3567.schw && st_expand(st_transform(s_3567.the_geom, 25833), '300'::double precision)) AND _st_dwithin(st_transform(s_3567.the_geom, 25833), schw_3567.schw, '300'::double precision))
                           ->  Function Scan on schw_3567  (cost=0.00..0.01 rows=1 width=32)
                           ->  Seq Scan on phoml_trajectory_tmp s_3567  (cost=0.00..95.68 rows=17 width=40)
                                 Filter: ((unix_time >= '1685451570.316'::double precision) AND (unix_time <= '1685451630.316'::double precision))
   ->  Subquery Scan on "*SELECT* 3569"  (cost=97.82..97.83 rows=1 width=76)
         ->  Limit  (cost=97.82..97.82 rows=1 width=84)
               ->  Sort  (cost=97.82..97.82 rows=1 width=84)
                     Sort Key: (st_distance(st_transform(s_3568.the_geom, 25833), schw_3568.schw))
                     ->  Nested Loop  (cost=0.00..97.81 rows=1 width=84)
                           Join Filter: ((st_transform(s_3568.the_geom, 25833) && st_expand(schw_3568.schw, '300'::double precision)) AND (schw_3568.schw && st_expand(st_transform(s_3568.the_geom, 25833), '300'::double precision)) AND _st_dwithin(st_transform(s_3568.the_geom, 25833), schw_3568.schw, '300'::double precision))
                           ->  Function Scan on schw_3568  (cost=0.00..0.01 rows=1 width=32)
                           ->  Seq Scan on phoml_trajectory_tmp s_3568  (cost=0.00..95.68 rows=17 width=40)
                                 Filter: ((unix_time >= '1685451570.776'::double precision) AND (unix_time <= '1685451630.776'::double precision))
   ->  Subquery Scan on "*SELECT* 3570"  (cost=97.82..97.83 rows=1 width=76)
         ->  Limit  (cost=97.82..97.82 rows=1 width=84)
               ->  Sort  (cost=97.82..97.82 rows=1 width=84)
                     Sort Key: (st_distance(st_transform(s_3569.the_geom, 25833), schw_3569.schw))
                     ->  Nested Loop  (cost=0.00..97.81 rows=1 width=84)
                           Join Filter: ((st_transform(s_3569.the_geom, 25833) && st_expand(schw_3569.schw, '300'::double precision)) AND (schw_3569.schw && st_expand(st_transform(s_3569.the_geom, 25833), '300'::double precision)) AND _st_dwithin(st_transform(s_3569.the_geom, 25833), schw_3569.schw, '300'::double precision))
                           ->  Function Scan on schw_3569  (cost=0.00..0.01 rows=1 width=32)
                           ->  Seq Scan on phoml_trajectory_tmp s_3569  (cost=0.00..95.68 rows=17 width=40)
                                 Filter: ((unix_time >= '1685451571.232'::double precision) AND (unix_time <= '1685451631.232'::double precision))
   ->  Subquery Scan on "*SELECT* 3571"  (cost=97.82..97.83 rows=1 width=76)
         ->  Limit  (cost=97.82..97.82 rows=1 width=84)
               ->  Sort  (cost=97.82..97.82 rows=1 width=84)
                     Sort Key: (st_distance(st_transform(s_3570.the_geom, 25833), schw_3570.schw))
                     ->  Nested Loop  (cost=0.00..97.81 rows=1 width=84)
                           Join Filter: ((st_transform(s_3570.the_geom, 25833) && st_expand(schw_3570.schw, '300'::double precision)) AND (schw_3570.schw && st_expand(st_transform(s_3570.the_geom, 25833), '300'::double precision)) AND _st_dwithin(st_transform(s_3570.the_geom, 25833), schw_3570.schw, '300'::double precision))
                           ->  Function Scan on schw_3570  (cost=0.00..0.01 rows=1 width=32)
                           ->  Seq Scan on phoml_trajectory_tmp s_3570  (cost=0.00..95.68 rows=17 width=40)
                                 Filter: ((unix_time >= '1685451571.722'::double precision) AND (unix_time <= '1685451631.722'::double precision))
   ->  Subquery Scan on "*SELECT* 3572"  (cost=97.82..97.83 rows=1 width=76)
         ->  Limit  (cost=97.82..97.82 rows=1 width=84)
               ->  Sort  (cost=97.82..97.82 rows=1 width=84)
                     Sort Key: (st_distance(st_transform(s_3571.the_geom, 25833), schw_3571.schw))
                     ->  Nested Loop  (cost=0.00..97.81 rows=1 width=84)
                           Join Filter: ((st_transform(s_3571.the_geom, 25833) && st_expand(schw_3571.schw, '300'::double precision)) AND (schw_3571.schw && st_expand(st_transform(s_3571.the_geom, 25833), '300'::double precision)) AND _st_dwithin(st_transform(s_3571.the_geom, 25833), schw_3571.schw, '300'::double precision))
                           ->  Function Scan on schw_3571  (cost=0.00..0.01 rows=1 width=32)
                           ->  Seq Scan on phoml_trajectory_tmp s_3571  (cost=0.00..95.68 rows=17 width=40)
                                 Filter: ((unix_time >= '1685451572.189'::double precision) AND (unix_time <= '1685451632.189'::double precision))
   ->  Subquery Scan on "*SELECT* 3573"  (cost=97.82..97.83 rows=1 width=76)
         ->  Limit  (cost=97.82..97.82 rows=1 width=84)
               ->  Sort  (cost=97.82..97.82 rows=1 width=84)
                     Sort Key: (st_distance(st_transform(s_3572.the_geom, 25833), schw_3572.schw))
                     ->  Nested Loop  (cost=0.00..97.81 rows=1 width=84)
                           Join Filter: ((st_transform(s_3572.the_geom, 25833) && st_expand(schw_3572.schw, '300'::double precision)) AND (schw_3572.schw && st_expand(st_transform(s_3572.the_geom, 25833), '300'::double precision)) AND _st_dwithin(st_transform(s_3572.the_geom, 25833), schw_3572.schw, '300'::double precision))
                           ->  Function Scan on schw_3572  (cost=0.00..0.01 rows=1 width=32)
                           ->  Seq Scan on phoml_trajectory_tmp s_3572  (cost=0.00..95.68 rows=17 width=40)
                                 Filter: ((unix_time >= '1685451572.689'::double precision) AND (unix_time <= '1685451632.689'::double precision))
   ->  Subquery Scan on "*SELECT* 3574"  (cost=97.82..97.83 rows=1 width=76)
         ->  Limit  (cost=97.82..97.82 rows=1 width=84)
               ->  Sort  (cost=97.82..97.82 rows=1 width=84)
                     Sort Key: (st_distance(st_transform(s_3573.the_geom, 25833), schw_3573.schw))
                     ->  Nested Loop  (cost=0.00..97.81 rows=1 width=84)
                           Join Filter: ((st_transform(s_3573.the_geom, 25833) && st_expand(schw_3573.schw, '300'::double precision)) AND (schw_3573.schw && st_expand(st_transform(s_3573.the_geom, 25833), '300'::double precision)) AND _st_dwithin(st_transform(s_3573.the_geom, 25833), schw_3573.schw, '300'::double precision))
                           ->  Function Scan on schw_3573  (cost=0.00..0.01 rows=1 width=32)
                           ->  Seq Scan on phoml_trajectory_tmp s_3573  (cost=0.00..95.68 rows=17 width=40)
                                 Filter: ((unix_time >= '1685451573.183'::double precision) AND (unix_time <= '1685451633.183'::double precision))
   ->  Subquery Scan on "*SELECT* 3575"  (cost=97.82..97.83 rows=1 width=76)
         ->  Limit  (cost=97.82..97.82 rows=1 width=84)
               ->  Sort  (cost=97.82..97.82 rows=1 width=84)
                     Sort Key: (st_distance(st_transform(s_3574.the_geom, 25833), schw_3574.schw))
                     ->  Nested Loop  (cost=0.00..97.81 rows=1 width=84)
                           Join Filter: ((st_transform(s_3574.the_geom, 25833) && st_expand(schw_3574.schw, '300'::double precision)) AND (schw_3574.schw && st_expand(st_transform(s_3574.the_geom, 25833), '300'::double precision)) AND _st_dwithin(st_transform(s_3574.the_geom, 25833), schw_3574.schw, '300'::double precision))
                           ->  Function Scan on schw_3574  (cost=0.00..0.01 rows=1 width=32)
                           ->  Seq Scan on phoml_trajectory_tmp s_3574  (cost=0.00..95.68 rows=17 width=40)
                                 Filter: ((unix_time >= '1685451573.673'::double precision) AND (unix_time <= '1685451633.673'::double precision))
   ->  Subquery Scan on "*SELECT* 3576"  (cost=97.82..97.83 rows=1 width=76)
         ->  Limit  (cost=97.82..97.82 rows=1 width=84)
               ->  Sort  (cost=97.82..97.82 rows=1 width=84)
                     Sort Key: (st_distance(st_transform(s_3575.the_geom, 25833), schw_3575.schw))
                     ->  Nested Loop  (cost=0.00..97.81 rows=1 width=84)
                           Join Filter: ((st_transform(s_3575.the_geom, 25833) && st_expand(schw_3575.schw, '300'::double precision)) AND (schw_3575.schw && st_expand(st_transform(s_3575.the_geom, 25833), '300'::double precision)) AND _st_dwithin(st_transform(s_3575.the_geom, 25833), schw_3575.schw, '300'::double precision))
                           ->  Function Scan on schw_3575  (cost=0.00..0.01 rows=1 width=32)
                           ->  Seq Scan on phoml_trajectory_tmp s_3575  (cost=0.00..95.68 rows=17 width=40)
                                 Filter: ((unix_time >= '1685451574.152'::double precision) AND (unix_time <= '1685451634.152'::double precision))
   ->  Subquery Scan on "*SELECT* 3577"  (cost=97.82..97.83 rows=1 width=76)
         ->  Limit  (cost=97.82..97.82 rows=1 width=84)
               ->  Sort  (cost=97.82..97.82 rows=1 width=84)
                     Sort Key: (st_distance(st_transform(s_3576.the_geom, 25833), schw_3576.schw))
                     ->  Nested Loop  (cost=0.00..97.81 rows=1 width=84)
                           Join Filter: ((st_transform(s_3576.the_geom, 25833) && st_expand(schw_3576.schw, '300'::double precision)) AND (schw_3576.schw && st_expand(st_transform(s_3576.the_geom, 25833), '300'::double precision)) AND _st_dwithin(st_transform(s_3576.the_geom, 25833), schw_3576.schw, '300'::double precision))
                           ->  Function Scan on schw_3576  (cost=0.00..0.01 rows=1 width=32)
                           ->  Seq Scan on phoml_trajectory_tmp s_3576  (cost=0.00..95.68 rows=17 width=40)
                                 Filter: ((unix_time >= '1685451574.622'::double precision) AND (unix_time <= '1685451634.622'::double precision))
   ->  Subquery Scan on "*SELECT* 3578"  (cost=97.82..97.83 rows=1 width=76)
         ->  Limit  (cost=97.82..97.82 rows=1 width=84)
               ->  Sort  (cost=97.82..97.82 rows=1 width=84)
                     Sort Key: (st_distance(st_transform(s_3577.the_geom, 25833), schw_3577.schw))
                     ->  Nested Loop  (cost=0.00..97.81 rows=1 width=84)
                           Join Filter: ((st_transform(s_3577.the_geom, 25833) && st_expand(schw_3577.schw, '300'::double precision)) AND (schw_3577.schw && st_expand(st_transform(s_3577.the_geom, 25833), '300'::double precision)) AND _st_dwithin(st_transform(s_3577.the_geom, 25833), schw_3577.schw, '300'::double precision))
                           ->  Function Scan on schw_3577  (cost=0.00..0.01 rows=1 width=32)
                           ->  Seq Scan on phoml_trajectory_tmp s_3577  (cost=0.00..95.68 rows=17 width=40)
                                 Filter: ((unix_time >= '1685451575.092'::double precision) AND (unix_time <= '1685451635.092'::double precision))
   ->  Subquery Scan on "*SELECT* 3579"  (cost=97.82..97.83 rows=1 width=76)
         ->  Limit  (cost=97.82..97.82 rows=1 width=84)
               ->  Sort  (cost=97.82..97.82 rows=1 width=84)
                     Sort Key: (st_distance(st_transform(s_3578.the_geom, 25833), schw_3578.schw))
                     ->  Nested Loop  (cost=0.00..97.81 rows=1 width=84)
                           Join Filter: ((st_transform(s_3578.the_geom, 25833) && st_expand(schw_3578.schw, '300'::double precision)) AND (schw_3578.schw && st_expand(st_transform(s_3578.the_geom, 25833), '300'::double precision)) AND _st_dwithin(st_transform(s_3578.the_geom, 25833), schw_3578.schw, '300'::double precision))
                           ->  Function Scan on schw_3578  (cost=0.00..0.01 rows=1 width=32)
                           ->  Seq Scan on phoml_trajectory_tmp s_3578  (cost=0.00..95.68 rows=17 width=40)
                                 Filter: ((unix_time >= '1685451575.552'::double precision) AND (unix_time <= '1685451635.552'::double precision))
   ->  Subquery Scan on "*SELECT* 3580"  (cost=97.82..97.83 rows=1 width=76)
         ->  Limit  (cost=97.82..97.82 rows=1 width=84)
               ->  Sort  (cost=97.82..97.82 rows=1 width=84)
                     Sort Key: (st_distance(st_transform(s_3579.the_geom, 25833), schw_3579.schw))
                     ->  Nested Loop  (cost=0.00..97.81 rows=1 width=84)
                           Join Filter: ((st_transform(s_3579.the_geom, 25833) && st_expand(schw_3579.schw, '300'::double precision)) AND (schw_3579.schw && st_expand(st_transform(s_3579.the_geom, 25833), '300'::double precision)) AND _st_dwithin(st_transform(s_3579.the_geom, 25833), schw_3579.schw, '300'::double precision))
                           ->  Function Scan on schw_3579  (cost=0.00..0.01 rows=1 width=32)
                           ->  Seq Scan on phoml_trajectory_tmp s_3579  (cost=0.00..95.68 rows=17 width=40)
                                 Filter: ((unix_time >= '1685451575.982'::double precision) AND (unix_time <= '1685451635.982'::double precision))
   ->  Subquery Scan on "*SELECT* 3581"  (cost=97.82..97.83 rows=1 width=76)
         ->  Limit  (cost=97.82..97.82 rows=1 width=84)
               ->  Sort  (cost=97.82..97.82 rows=1 width=84)
                     Sort Key: (st_distance(st_transform(s_3580.the_geom, 25833), schw_3580.schw))
                     ->  Nested Loop  (cost=0.00..97.81 rows=1 width=84)
                           Join Filter: ((st_transform(s_3580.the_geom, 25833) && st_expand(schw_3580.schw, '300'::double precision)) AND (schw_3580.schw && st_expand(st_transform(s_3580.the_geom, 25833), '300'::double precision)) AND _st_dwithin(st_transform(s_3580.the_geom, 25833), schw_3580.schw, '300'::double precision))
                           ->  Function Scan on schw_3580  (cost=0.00..0.01 rows=1 width=32)
                           ->  Seq Scan on phoml_trajectory_tmp s_3580  (cost=0.00..95.68 rows=17 width=40)
                                 Filter: ((unix_time >= '1685451576.435'::double precision) AND (unix_time <= '1685451636.435'::double precision))
   ->  Subquery Scan on "*SELECT* 3582"  (cost=97.82..97.83 rows=1 width=76)
         ->  Limit  (cost=97.82..97.82 rows=1 width=84)
               ->  Sort  (cost=97.82..97.82 rows=1 width=84)
                     Sort Key: (st_distance(st_transform(s_3581.the_geom, 25833), schw_3581.schw))
                     ->  Nested Loop  (cost=0.00..97.81 rows=1 width=84)
                           Join Filter: ((st_transform(s_3581.the_geom, 25833) && st_expand(schw_3581.schw, '300'::double precision)) AND (schw_3581.schw && st_expand(st_transform(s_3581.the_geom, 25833), '300'::double precision)) AND _st_dwithin(st_transform(s_3581.the_geom, 25833), schw_3581.schw, '300'::double precision))
                           ->  Function Scan on schw_3581  (cost=0.00..0.01 rows=1 width=32)
                           ->  Seq Scan on phoml_trajectory_tmp s_3581  (cost=0.00..95.68 rows=17 width=40)
                                 Filter: ((unix_time >= '1685451576.845'::double precision) AND (unix_time <= '1685451636.845'::double precision))
   ->  Subquery Scan on "*SELECT* 3583"  (cost=97.82..97.83 rows=1 width=76)
         ->  Limit  (cost=97.82..97.82 rows=1 width=84)
               ->  Sort  (cost=97.82..97.82 rows=1 width=84)
                     Sort Key: (st_distance(st_transform(s_3582.the_geom, 25833), schw_3582.schw))
                     ->  Nested Loop  (cost=0.00..97.81 rows=1 width=84)
                           Join Filter: ((st_transform(s_3582.the_geom, 25833) && st_expand(schw_3582.schw, '300'::double precision)) AND (schw_3582.schw && st_expand(st_transform(s_3582.the_geom, 25833), '300'::double precision)) AND _st_dwithin(st_transform(s_3582.the_geom, 25833), schw_3582.schw, '300'::double precision))
                           ->  Function Scan on schw_3582  (cost=0.00..0.01 rows=1 width=32)
                           ->  Seq Scan on phoml_trajectory_tmp s_3582  (cost=0.00..95.68 rows=17 width=40)
                                 Filter: ((unix_time >= '1685451577.258'::double precision) AND (unix_time <= '1685451637.258'::double precision))
   ->  Subquery Scan on "*SELECT* 3584"  (cost=97.82..97.83 rows=1 width=76)
         ->  Limit  (cost=97.82..97.82 rows=1 width=84)
               ->  Sort  (cost=97.82..97.82 rows=1 width=84)
                     Sort Key: (st_distance(st_transform(s_3583.the_geom, 25833), schw_3583.schw))
                     ->  Nested Loop  (cost=0.00..97.81 rows=1 width=84)
                           Join Filter: ((st_transform(s_3583.the_geom, 25833) && st_expand(schw_3583.schw, '300'::double precision)) AND (schw_3583.schw && st_expand(st_transform(s_3583.the_geom, 25833), '300'::double precision)) AND _st_dwithin(st_transform(s_3583.the_geom, 25833), schw_3583.schw, '300'::double precision))
                           ->  Function Scan on schw_3583  (cost=0.00..0.01 rows=1 width=32)
                           ->  Seq Scan on phoml_trajectory_tmp s_3583  (cost=0.00..95.68 rows=17 width=40)
                                 Filter: ((unix_time >= '1685451577.688'::double precision) AND (unix_time <= '1685451637.688'::double precision))
   ->  Subquery Scan on "*SELECT* 3585"  (cost=97.82..97.83 rows=1 width=76)
         ->  Limit  (cost=97.82..97.82 rows=1 width=84)
               ->  Sort  (cost=97.82..97.82 rows=1 width=84)
                     Sort Key: (st_distance(st_transform(s_3584.the_geom, 25833), schw_3584.schw))
                     ->  Nested Loop  (cost=0.00..97.81 rows=1 width=84)
                           Join Filter: ((st_transform(s_3584.the_geom, 25833) && st_expand(schw_3584.schw, '300'::double precision)) AND (schw_3584.schw && st_expand(st_transform(s_3584.the_geom, 25833), '300'::double precision)) AND _st_dwithin(st_transform(s_3584.the_geom, 25833), schw_3584.schw, '300'::double precision))
                           ->  Function Scan on schw_3584  (cost=0.00..0.01 rows=1 width=32)
                           ->  Seq Scan on phoml_trajectory_tmp s_3584  (cost=0.00..95.68 rows=17 width=40)
                                 Filter: ((unix_time >= '1685451578.098'::double precision) AND (unix_time <= '1685451638.098'::double precision))
   ->  Subquery Scan on "*SELECT* 3586"  (cost=97.82..97.83 rows=1 width=76)
         ->  Limit  (cost=97.82..97.82 rows=1 width=84)
               ->  Sort  (cost=97.82..97.82 rows=1 width=84)
                     Sort Key: (st_distance(st_transform(s_3585.the_geom, 25833), schw_3585.schw))
                     ->  Nested Loop  (cost=0.00..97.81 rows=1 width=84)
                           Join Filter: ((st_transform(s_3585.the_geom, 25833) && st_expand(schw_3585.schw, '300'::double precision)) AND (schw_3585.schw && st_expand(st_transform(s_3585.the_geom, 25833), '300'::double precision)) AND _st_dwithin(st_transform(s_3585.the_geom, 25833), schw_3585.schw, '300'::double precision))
                           ->  Function Scan on schw_3585  (cost=0.00..0.01 rows=1 width=32)
                           ->  Seq Scan on phoml_trajectory_tmp s_3585  (cost=0.00..95.68 rows=17 width=40)
                                 Filter: ((unix_time >= '1685451578.505'::double precision) AND (unix_time <= '1685451638.505'::double precision))
   ->  Subquery Scan on "*SELECT* 3587"  (cost=97.82..97.83 rows=1 width=76)
         ->  Limit  (cost=97.82..97.82 rows=1 width=84)
               ->  Sort  (cost=97.82..97.82 rows=1 width=84)
                     Sort Key: (st_distance(st_transform(s_3586.the_geom, 25833), schw_3586.schw))
                     ->  Nested Loop  (cost=0.00..97.81 rows=1 width=84)
                           Join Filter: ((st_transform(s_3586.the_geom, 25833) && st_expand(schw_3586.schw, '300'::double precision)) AND (schw_3586.schw && st_expand(st_transform(s_3586.the_geom, 25833), '300'::double precision)) AND _st_dwithin(st_transform(s_3586.the_geom, 25833), schw_3586.schw, '300'::double precision))
                           ->  Function Scan on schw_3586  (cost=0.00..0.01 rows=1 width=32)
                           ->  Seq Scan on phoml_trajectory_tmp s_3586  (cost=0.00..95.68 rows=17 width=40)
                                 Filter: ((unix_time >= '1685451578.925'::double precision) AND (unix_time <= '1685451638.925'::double precision))
   ->  Subquery Scan on "*SELECT* 3588"  (cost=97.82..97.83 rows=1 width=76)
         ->  Limit  (cost=97.82..97.82 rows=1 width=84)
               ->  Sort  (cost=97.82..97.82 rows=1 width=84)
                     Sort Key: (st_distance(st_transform(s_3587.the_geom, 25833), schw_3587.schw))
                     ->  Nested Loop  (cost=0.00..97.81 rows=1 width=84)
                           Join Filter: ((st_transform(s_3587.the_geom, 25833) && st_expand(schw_3587.schw, '300'::double precision)) AND (schw_3587.schw && st_expand(st_transform(s_3587.the_geom, 25833), '300'::double precision)) AND _st_dwithin(st_transform(s_3587.the_geom, 25833), schw_3587.schw, '300'::double precision))
                           ->  Function Scan on schw_3587  (cost=0.00..0.01 rows=1 width=32)
                           ->  Seq Scan on phoml_trajectory_tmp s_3587  (cost=0.00..95.68 rows=17 width=40)
                                 Filter: ((unix_time >= '1685451579.341'::double precision) AND (unix_time <= '1685451639.341'::double precision))
   ->  Subquery Scan on "*SELECT* 3589"  (cost=97.82..97.83 rows=1 width=76)
         ->  Limit  (cost=97.82..97.82 rows=1 width=84)
               ->  Sort  (cost=97.82..97.82 rows=1 width=84)
                     Sort Key: (st_distance(st_transform(s_3588.the_geom, 25833), schw_3588.schw))
                     ->  Nested Loop  (cost=0.00..97.81 rows=1 width=84)
                           Join Filter: ((st_transform(s_3588.the_geom, 25833) && st_expand(schw_3588.schw, '300'::double precision)) AND (schw_3588.schw && st_expand(st_transform(s_3588.the_geom, 25833), '300'::double precision)) AND _st_dwithin(st_transform(s_3588.the_geom, 25833), schw_3588.schw, '300'::double precision))
                           ->  Function Scan on schw_3588  (cost=0.00..0.01 rows=1 width=32)
                           ->  Seq Scan on phoml_trajectory_tmp s_3588  (cost=0.00..95.68 rows=17 width=40)
                                 Filter: ((unix_time >= '1685451579.761'::double precision) AND (unix_time <= '1685451639.761'::double precision))
   ->  Subquery Scan on "*SELECT* 3590"  (cost=97.82..97.83 rows=1 width=76)
         ->  Limit  (cost=97.82..97.82 rows=1 width=84)
               ->  Sort  (cost=97.82..97.82 rows=1 width=84)
                     Sort Key: (st_distance(st_transform(s_3589.the_geom, 25833), schw_3589.schw))
                     ->  Nested Loop  (cost=0.00..97.81 rows=1 width=84)
                           Join Filter: ((st_transform(s_3589.the_geom, 25833) && st_expand(schw_3589.schw, '300'::double precision)) AND (schw_3589.schw && st_expand(st_transform(s_3589.the_geom, 25833), '300'::double precision)) AND _st_dwithin(st_transform(s_3589.the_geom, 25833), schw_3589.schw, '300'::double precision))
                           ->  Function Scan on schw_3589  (cost=0.00..0.01 rows=1 width=32)
                           ->  Seq Scan on phoml_trajectory_tmp s_3589  (cost=0.00..95.68 rows=17 width=40)
                                 Filter: ((unix_time >= '1685451580.187'::double precision) AND (unix_time <= '1685451640.187'::double precision))
   ->  Subquery Scan on "*SELECT* 3591"  (cost=97.82..97.83 rows=1 width=76)
         ->  Limit  (cost=97.82..97.82 rows=1 width=84)
               ->  Sort  (cost=97.82..97.82 rows=1 width=84)
                     Sort Key: (st_distance(st_transform(s_3590.the_geom, 25833), schw_3590.schw))
                     ->  Nested Loop  (cost=0.00..97.81 rows=1 width=84)
                           Join Filter: ((st_transform(s_3590.the_geom, 25833) && st_expand(schw_3590.schw, '300'::double precision)) AND (schw_3590.schw && st_expand(st_transform(s_3590.the_geom, 25833), '300'::double precision)) AND _st_dwithin(st_transform(s_3590.the_geom, 25833), schw_3590.schw, '300'::double precision))
                           ->  Function Scan on schw_3590  (cost=0.00..0.01 rows=1 width=32)
                           ->  Seq Scan on phoml_trajectory_tmp s_3590  (cost=0.00..95.68 rows=17 width=40)
                                 Filter: ((unix_time >= '1685451580.607'::double precision) AND (unix_time <= '1685451640.607'::double precision))
   ->  Subquery Scan on "*SELECT* 3592"  (cost=97.82..97.83 rows=1 width=76)
         ->  Limit  (cost=97.82..97.82 rows=1 width=84)
               ->  Sort  (cost=97.82..97.82 rows=1 width=84)
                     Sort Key: (st_distance(st_transform(s_3591.the_geom, 25833), schw_3591.schw))
                     ->  Nested Loop  (cost=0.00..97.81 rows=1 width=84)
                           Join Filter: ((st_transform(s_3591.the_geom, 25833) && st_expand(schw_3591.schw, '300'::double precision)) AND (schw_3591.schw && st_expand(st_transform(s_3591.the_geom, 25833), '300'::double precision)) AND _st_dwithin(st_transform(s_3591.the_geom, 25833), schw_3591.schw, '300'::double precision))
                           ->  Function Scan on schw_3591  (cost=0.00..0.01 rows=1 width=32)
                           ->  Seq Scan on phoml_trajectory_tmp s_3591  (cost=0.00..95.68 rows=17 width=40)
                                 Filter: ((unix_time >= '1685451581.057'::double precision) AND (unix_time <= '1685451641.057'::double precision))
   ->  Subquery Scan on "*SELECT* 3593"  (cost=97.82..97.83 rows=1 width=76)
         ->  Limit  (cost=97.82..97.82 rows=1 width=84)
               ->  Sort  (cost=97.82..97.82 rows=1 width=84)
                     Sort Key: (st_distance(st_transform(s_3592.the_geom, 25833), schw_3592.schw))
                     ->  Nested Loop  (cost=0.00..97.81 rows=1 width=84)
                           Join Filter: ((st_transform(s_3592.the_geom, 25833) && st_expand(schw_3592.schw, '300'::double precision)) AND (schw_3592.schw && st_expand(st_transform(s_3592.the_geom, 25833), '300'::double precision)) AND _st_dwithin(st_transform(s_3592.the_geom, 25833), schw_3592.schw, '300'::double precision))
                           ->  Function Scan on schw_3592  (cost=0.00..0.01 rows=1 width=32)
                           ->  Seq Scan on phoml_trajectory_tmp s_3592  (cost=0.00..95.68 rows=17 width=40)
                                 Filter: ((unix_time >= '1685451581.528'::double precision) AND (unix_time <= '1685451641.528'::double precision))
   ->  Subquery Scan on "*SELECT* 3594"  (cost=97.82..97.83 rows=1 width=76)
         ->  Limit  (cost=97.82..97.82 rows=1 width=84)
               ->  Sort  (cost=97.82..97.82 rows=1 width=84)
                     Sort Key: (st_distance(st_transform(s_3593.the_geom, 25833), schw_3593.schw))
                     ->  Nested Loop  (cost=0.00..97.81 rows=1 width=84)
                           Join Filter: ((st_transform(s_3593.the_geom, 25833) && st_expand(schw_3593.schw, '300'::double precision)) AND (schw_3593.schw && st_expand(st_transform(s_3593.the_geom, 25833), '300'::double precision)) AND _st_dwithin(st_transform(s_3593.the_geom, 25833), schw_3593.schw, '300'::double precision))
                           ->  Function Scan on schw_3593  (cost=0.00..0.01 rows=1 width=32)
                           ->  Seq Scan on phoml_trajectory_tmp s_3593  (cost=0.00..95.68 rows=17 width=40)
                                 Filter: ((unix_time >= '1685451581.998'::double precision) AND (unix_time <= '1685451641.998'::double precision))
   ->  Subquery Scan on "*SELECT* 3595"  (cost=97.82..97.83 rows=1 width=76)
         ->  Limit  (cost=97.82..97.82 rows=1 width=84)
               ->  Sort  (cost=97.82..97.82 rows=1 width=84)
                     Sort Key: (st_distance(st_transform(s_3594.the_geom, 25833), schw_3594.schw))
                     ->  Nested Loop  (cost=0.00..97.81 rows=1 width=84)
                           Join Filter: ((st_transform(s_3594.the_geom, 25833) && st_expand(schw_3594.schw, '300'::double precision)) AND (schw_3594.schw && st_expand(st_transform(s_3594.the_geom, 25833), '300'::double precision)) AND _st_dwithin(st_transform(s_3594.the_geom, 25833), schw_3594.schw, '300'::double precision))
                           ->  Function Scan on schw_3594  (cost=0.00..0.01 rows=1 width=32)
                           ->  Seq Scan on phoml_trajectory_tmp s_3594  (cost=0.00..95.68 rows=17 width=40)
                                 Filter: ((unix_time >= '1685451582.486'::double precision) AND (unix_time <= '1685451642.486'::double precision))
   ->  Subquery Scan on "*SELECT* 3596"  (cost=97.82..97.83 rows=1 width=76)
         ->  Limit  (cost=97.82..97.82 rows=1 width=84)
               ->  Sort  (cost=97.82..97.82 rows=1 width=84)
                     Sort Key: (st_distance(st_transform(s_3595.the_geom, 25833), schw_3595.schw))
                     ->  Nested Loop  (cost=0.00..97.81 rows=1 width=84)
                           Join Filter: ((st_transform(s_3595.the_geom, 25833) && st_expand(schw_3595.schw, '300'::double precision)) AND (schw_3595.schw && st_expand(st_transform(s_3595.the_geom, 25833), '300'::double precision)) AND _st_dwithin(st_transform(s_3595.the_geom, 25833), schw_3595.schw, '300'::double precision))
                           ->  Function Scan on schw_3595  (cost=0.00..0.01 rows=1 width=32)
                           ->  Seq Scan on phoml_trajectory_tmp s_3595  (cost=0.00..95.68 rows=17 width=40)
                                 Filter: ((unix_time >= '1685451582.986'::double precision) AND (unix_time <= '1685451642.986'::double precision))
   ->  Subquery Scan on "*SELECT* 3597"  (cost=97.82..97.83 rows=1 width=76)
         ->  Limit  (cost=97.82..97.82 rows=1 width=84)
               ->  Sort  (cost=97.82..97.82 rows=1 width=84)
                     Sort Key: (st_distance(st_transform(s_3596.the_geom, 25833), schw_3596.schw))
                     ->  Nested Loop  (cost=0.00..97.81 rows=1 width=84)
                           Join Filter: ((st_transform(s_3596.the_geom, 25833) && st_expand(schw_3596.schw, '300'::double precision)) AND (schw_3596.schw && st_expand(st_transform(s_3596.the_geom, 25833), '300'::double precision)) AND _st_dwithin(st_transform(s_3596.the_geom, 25833), schw_3596.schw, '300'::double precision))
                           ->  Function Scan on schw_3596  (cost=0.00..0.01 rows=1 width=32)
                           ->  Seq Scan on phoml_trajectory_tmp s_3596  (cost=0.00..95.68 rows=17 width=40)
                                 Filter: ((unix_time >= '1685451583.509'::double precision) AND (unix_time <= '1685451643.509'::double precision))
   ->  Subquery Scan on "*SELECT* 3598"  (cost=97.82..97.83 rows=1 width=76)
         ->  Limit  (cost=97.82..97.82 rows=1 width=84)
               ->  Sort  (cost=97.82..97.82 rows=1 width=84)
                     Sort Key: (st_distance(st_transform(s_3597.the_geom, 25833), schw_3597.schw))
                     ->  Nested Loop  (cost=0.00..97.81 rows=1 width=84)
                           Join Filter: ((st_transform(s_3597.the_geom, 25833) && st_expand(schw_3597.schw, '300'::double precision)) AND (schw_3597.schw && st_expand(st_transform(s_3597.the_geom, 25833), '300'::double precision)) AND _st_dwithin(st_transform(s_3597.the_geom, 25833), schw_3597.schw, '300'::double precision))
                           ->  Function Scan on schw_3597  (cost=0.00..0.01 rows=1 width=32)
                           ->  Seq Scan on phoml_trajectory_tmp s_3597  (cost=0.00..95.68 rows=17 width=40)
                                 Filter: ((unix_time >= '1685451583.999'::double precision) AND (unix_time <= '1685451643.999'::double precision))
   ->  Subquery Scan on "*SELECT* 3599"  (cost=97.82..97.83 rows=1 width=76)
         ->  Limit  (cost=97.82..97.82 rows=1 width=84)
               ->  Sort  (cost=97.82..97.82 rows=1 width=84)
                     Sort Key: (st_distance(st_transform(s_3598.the_geom, 25833), schw_3598.schw))
                     ->  Nested Loop  (cost=0.00..97.81 rows=1 width=84)
                           Join Filter: ((st_transform(s_3598.the_geom, 25833) && st_expand(schw_3598.schw, '300'::double precision)) AND (schw_3598.schw && st_expand(st_transform(s_3598.the_geom, 25833), '300'::double precision)) AND _st_dwithin(st_transform(s_3598.the_geom, 25833), schw_3598.schw, '300'::double precision))
                           ->  Function Scan on schw_3598  (cost=0.00..0.01 rows=1 width=32)
                           ->  Seq Scan on phoml_trajectory_tmp s_3598  (cost=0.00..95.68 rows=17 width=40)
                                 Filter: ((unix_time >= '1685451584.512'::double precision) AND (unix_time <= '1685451644.512'::double precision))
   ->  Subquery Scan on "*SELECT* 3600"  (cost=97.82..97.83 rows=1 width=76)
         ->  Limit  (cost=97.82..97.82 rows=1 width=84)
               ->  Sort  (cost=97.82..97.82 rows=1 width=84)
                     Sort Key: (st_distance(st_transform(s_3599.the_geom, 25833), schw_3599.schw))
                     ->  Nested Loop  (cost=0.00..97.81 rows=1 width=84)
                           Join Filter: ((st_transform(s_3599.the_geom, 25833) && st_expand(schw_3599.schw, '300'::double precision)) AND (schw_3599.schw && st_expand(st_transform(s_3599.the_geom, 25833), '300'::double precision)) AND _st_dwithin(st_transform(s_3599.the_geom, 25833), schw_3599.schw, '300'::double precision))
                           ->  Function Scan on schw_3599  (cost=0.00..0.01 rows=1 width=32)
                           ->  Seq Scan on phoml_trajectory_tmp s_3599  (cost=0.00..95.68 rows=17 width=40)
                                 Filter: ((unix_time >= '1685451584.982'::double precision) AND (unix_time <= '1685451644.982'::double precision))
   ->  Subquery Scan on "*SELECT* 3601"  (cost=97.82..97.83 rows=1 width=76)
         ->  Limit  (cost=97.82..97.82 rows=1 width=84)
               ->  Sort  (cost=97.82..97.82 rows=1 width=84)
                     Sort Key: (st_distance(st_transform(s_3600.the_geom, 25833), schw_3600.schw))
                     ->  Nested Loop  (cost=0.00..97.81 rows=1 width=84)
                           Join Filter: ((st_transform(s_3600.the_geom, 25833) && st_expand(schw_3600.schw, '300'::double precision)) AND (schw_3600.schw && st_expand(st_transform(s_3600.the_geom, 25833), '300'::double precision)) AND _st_dwithin(st_transform(s_3600.the_geom, 25833), schw_3600.schw, '300'::double precision))
                           ->  Function Scan on schw_3600  (cost=0.00..0.01 rows=1 width=32)
                           ->  Seq Scan on phoml_trajectory_tmp s_3600  (cost=0.00..95.68 rows=17 width=40)
                                 Filter: ((unix_time >= '1685451585.459'::double precision) AND (unix_time <= '1685451645.459'::double precision))
   ->  Subquery Scan on "*SELECT* 3602"  (cost=97.82..97.83 rows=1 width=76)
         ->  Limit  (cost=97.82..97.82 rows=1 width=84)
               ->  Sort  (cost=97.82..97.82 rows=1 width=84)
                     Sort Key: (st_distance(st_transform(s_3601.the_geom, 25833), schw_3601.schw))
                     ->  Nested Loop  (cost=0.00..97.81 rows=1 width=84)
                           Join Filter: ((st_transform(s_3601.the_geom, 25833) && st_expand(schw_3601.schw, '300'::double precision)) AND (schw_3601.schw && st_expand(st_transform(s_3601.the_geom, 25833), '300'::double precision)) AND _st_dwithin(st_transform(s_3601.the_geom, 25833), schw_3601.schw, '300'::double precision))
                           ->  Function Scan on schw_3601  (cost=0.00..0.01 rows=1 width=32)
                           ->  Seq Scan on phoml_trajectory_tmp s_3601  (cost=0.00..95.68 rows=17 width=40)
                                 Filter: ((unix_time >= '1685451585.909'::double precision) AND (unix_time <= '1685451645.909'::double precision))
   ->  Subquery Scan on "*SELECT* 3603"  (cost=97.82..97.83 rows=1 width=76)
         ->  Limit  (cost=97.82..97.82 rows=1 width=84)
               ->  Sort  (cost=97.82..97.82 rows=1 width=84)
                     Sort Key: (st_distance(st_transform(s_3602.the_geom, 25833), schw_3602.schw))
                     ->  Nested Loop  (cost=0.00..97.81 rows=1 width=84)
                           Join Filter: ((st_transform(s_3602.the_geom, 25833) && st_expand(schw_3602.schw, '300'::double precision)) AND (schw_3602.schw && st_expand(st_transform(s_3602.the_geom, 25833), '300'::double precision)) AND _st_dwithin(st_transform(s_3602.the_geom, 25833), schw_3602.schw, '300'::double precision))
                           ->  Function Scan on schw_3602  (cost=0.00..0.01 rows=1 width=32)
                           ->  Seq Scan on phoml_trajectory_tmp s_3602  (cost=0.00..95.68 rows=17 width=40)
                                 Filter: ((unix_time >= '1685451586.361'::double precision) AND (unix_time <= '1685451646.361'::double precision))
   ->  Subquery Scan on "*SELECT* 3604"  (cost=97.82..97.83 rows=1 width=76)
         ->  Limit  (cost=97.82..97.82 rows=1 width=84)
               ->  Sort  (cost=97.82..97.82 rows=1 width=84)
                     Sort Key: (st_distance(st_transform(s_3603.the_geom, 25833), schw_3603.schw))
                     ->  Nested Loop  (cost=0.00..97.81 rows=1 width=84)
                           Join Filter: ((st_transform(s_3603.the_geom, 25833) && st_expand(schw_3603.schw, '300'::double precision)) AND (schw_3603.schw && st_expand(st_transform(s_3603.the_geom, 25833), '300'::double precision)) AND _st_dwithin(st_transform(s_3603.the_geom, 25833), schw_3603.schw, '300'::double precision))
                           ->  Function Scan on schw_3603  (cost=0.00..0.01 rows=1 width=32)
                           ->  Seq Scan on phoml_trajectory_tmp s_3603  (cost=0.00..95.68 rows=17 width=40)
                                 Filter: ((unix_time >= '1685451586.801'::double precision) AND (unix_time <= '1685451646.801'::double precision))
   ->  Subquery Scan on "*SELECT* 3605"  (cost=97.82..97.83 rows=1 width=76)
         ->  Limit  (cost=97.82..97.82 rows=1 width=84)
               ->  Sort  (cost=97.82..97.82 rows=1 width=84)
                     Sort Key: (st_distance(st_transform(s_3604.the_geom, 25833), schw_3604.schw))
                     ->  Nested Loop  (cost=0.00..97.81 rows=1 width=84)
                           Join Filter: ((st_transform(s_3604.the_geom, 25833) && st_expand(schw_3604.schw, '300'::double precision)) AND (schw_3604.schw && st_expand(st_transform(s_3604.the_geom, 25833), '300'::double precision)) AND _st_dwithin(st_transform(s_3604.the_geom, 25833), schw_3604.schw, '300'::double precision))
                           ->  Function Scan on schw_3604  (cost=0.00..0.01 rows=1 width=32)
                           ->  Seq Scan on phoml_trajectory_tmp s_3604  (cost=0.00..95.68 rows=17 width=40)
                                 Filter: ((unix_time >= '1685451587.226'::double precision) AND (unix_time <= '1685451647.226'::double precision))
   ->  Subquery Scan on "*SELECT* 3606"  (cost=97.82..97.83 rows=1 width=76)
         ->  Limit  (cost=97.82..97.82 rows=1 width=84)
               ->  Sort  (cost=97.82..97.82 rows=1 width=84)
                     Sort Key: (st_distance(st_transform(s_3605.the_geom, 25833), schw_3605.schw))
                     ->  Nested Loop  (cost=0.00..97.81 rows=1 width=84)
                           Join Filter: ((st_transform(s_3605.the_geom, 25833) && st_expand(schw_3605.schw, '300'::double precision)) AND (schw_3605.schw && st_expand(st_transform(s_3605.the_geom, 25833), '300'::double precision)) AND _st_dwithin(st_transform(s_3605.the_geom, 25833), schw_3605.schw, '300'::double precision))
                           ->  Function Scan on schw_3605  (cost=0.00..0.01 rows=1 width=32)
                           ->  Seq Scan on phoml_trajectory_tmp s_3605  (cost=0.00..95.68 rows=17 width=40)
                                 Filter: ((unix_time >= '1685451587.626'::double precision) AND (unix_time <= '1685451647.626'::double precision))
   ->  Subquery Scan on "*SELECT* 3607"  (cost=97.82..97.83 rows=1 width=76)
         ->  Limit  (cost=97.82..97.82 rows=1 width=84)
               ->  Sort  (cost=97.82..97.82 rows=1 width=84)
                     Sort Key: (st_distance(st_transform(s_3606.the_geom, 25833), schw_3606.schw))
                     ->  Nested Loop  (cost=0.00..97.81 rows=1 width=84)
                           Join Filter: ((st_transform(s_3606.the_geom, 25833) && st_expand(schw_3606.schw, '300'::double precision)) AND (schw_3606.schw && st_expand(st_transform(s_3606.the_geom, 25833), '300'::double precision)) AND _st_dwithin(st_transform(s_3606.the_geom, 25833), schw_3606.schw, '300'::double precision))
                           ->  Function Scan on schw_3606  (cost=0.00..0.01 rows=1 width=32)
                           ->  Seq Scan on phoml_trajectory_tmp s_3606  (cost=0.00..95.68 rows=17 width=40)
                                 Filter: ((unix_time >= '1685451588.056'::double precision) AND (unix_time <= '1685451648.056'::double precision))
   ->  Subquery Scan on "*SELECT* 3608"  (cost=97.82..97.83 rows=1 width=76)
         ->  Limit  (cost=97.82..97.82 rows=1 width=84)
               ->  Sort  (cost=97.82..97.82 rows=1 width=84)
                     Sort Key: (st_distance(st_transform(s_3607.the_geom, 25833), schw_3607.schw))
                     ->  Nested Loop  (cost=0.00..97.81 rows=1 width=84)
                           Join Filter: ((st_transform(s_3607.the_geom, 25833) && st_expand(schw_3607.schw, '300'::double precision)) AND (schw_3607.schw && st_expand(st_transform(s_3607.the_geom, 25833), '300'::double precision)) AND _st_dwithin(st_transform(s_3607.the_geom, 25833), schw_3607.schw, '300'::double precision))
                           ->  Function Scan on schw_3607  (cost=0.00..0.01 rows=1 width=32)
                           ->  Seq Scan on phoml_trajectory_tmp s_3607  (cost=0.00..95.68 rows=17 width=40)
                                 Filter: ((unix_time >= '1685451588.435'::double precision) AND (unix_time <= '1685451648.435'::double precision))
   ->  Subquery Scan on "*SELECT* 3609"  (cost=97.82..97.83 rows=1 width=76)
         ->  Limit  (cost=97.82..97.82 rows=1 width=84)
               ->  Sort  (cost=97.82..97.82 rows=1 width=84)
                     Sort Key: (st_distance(st_transform(s_3608.the_geom, 25833), schw_3608.schw))
                     ->  Nested Loop  (cost=0.00..97.81 rows=1 width=84)
                           Join Filter: ((st_transform(s_3608.the_geom, 25833) && st_expand(schw_3608.schw, '300'::double precision)) AND (schw_3608.schw && st_expand(st_transform(s_3608.the_geom, 25833), '300'::double precision)) AND _st_dwithin(st_transform(s_3608.the_geom, 25833), schw_3608.schw, '300'::double precision))
                           ->  Function Scan on schw_3608  (cost=0.00..0.01 rows=1 width=32)
                           ->  Seq Scan on phoml_trajectory_tmp s_3608  (cost=0.00..95.68 rows=17 width=40)
                                 Filter: ((unix_time >= '1685451588.835'::double precision) AND (unix_time <= '1685451648.835'::double precision))
   ->  Subquery Scan on "*SELECT* 3610"  (cost=97.82..97.83 rows=1 width=76)
         ->  Limit  (cost=97.82..97.82 rows=1 width=84)
               ->  Sort  (cost=97.82..97.82 rows=1 width=84)
                     Sort Key: (st_distance(st_transform(s_3609.the_geom, 25833), schw_3609.schw))
                     ->  Nested Loop  (cost=0.00..97.81 rows=1 width=84)
                           Join Filter: ((st_transform(s_3609.the_geom, 25833) && st_expand(schw_3609.schw, '300'::double precision)) AND (schw_3609.schw && st_expand(st_transform(s_3609.the_geom, 25833), '300'::double precision)) AND _st_dwithin(st_transform(s_3609.the_geom, 25833), schw_3609.schw, '300'::double precision))
                           ->  Function Scan on schw_3609  (cost=0.00..0.01 rows=1 width=32)
                           ->  Seq Scan on phoml_trajectory_tmp s_3609  (cost=0.00..95.68 rows=17 width=40)
                                 Filter: ((unix_time >= '1685451589.234'::double precision) AND (unix_time <= '1685451649.234'::double precision))
   ->  Subquery Scan on "*SELECT* 3611"  (cost=97.82..97.83 rows=1 width=76)
         ->  Limit  (cost=97.82..97.82 rows=1 width=84)
               ->  Sort  (cost=97.82..97.82 rows=1 width=84)
                     Sort Key: (st_distance(st_transform(s_3610.the_geom, 25833), schw_3610.schw))
                     ->  Nested Loop  (cost=0.00..97.81 rows=1 width=84)
                           Join Filter: ((st_transform(s_3610.the_geom, 25833) && st_expand(schw_3610.schw, '300'::double precision)) AND (schw_3610.schw && st_expand(st_transform(s_3610.the_geom, 25833), '300'::double precision)) AND _st_dwithin(st_transform(s_3610.the_geom, 25833), schw_3610.schw, '300'::double precision))
                           ->  Function Scan on schw_3610  (cost=0.00..0.01 rows=1 width=32)
                           ->  Seq Scan on phoml_trajectory_tmp s_3610  (cost=0.00..95.68 rows=17 width=40)
                                 Filter: ((unix_time >= '1685451589.624'::double precision) AND (unix_time <= '1685451649.624'::double precision))
   ->  Subquery Scan on "*SELECT* 3612"  (cost=97.82..97.83 rows=1 width=76)
         ->  Limit  (cost=97.82..97.82 rows=1 width=84)
               ->  Sort  (cost=97.82..97.82 rows=1 width=84)
                     Sort Key: (st_distance(st_transform(s_3611.the_geom, 25833), schw_3611.schw))
                     ->  Nested Loop  (cost=0.00..97.81 rows=1 width=84)
                           Join Filter: ((st_transform(s_3611.the_geom, 25833) && st_expand(schw_3611.schw, '300'::double precision)) AND (schw_3611.schw && st_expand(st_transform(s_3611.the_geom, 25833), '300'::double precision)) AND _st_dwithin(st_transform(s_3611.the_geom, 25833), schw_3611.schw, '300'::double precision))
                           ->  Function Scan on schw_3611  (cost=0.00..0.01 rows=1 width=32)
                           ->  Seq Scan on phoml_trajectory_tmp s_3611  (cost=0.00..95.68 rows=17 width=40)
                                 Filter: ((unix_time >= '1685451589.994'::double precision) AND (unix_time <= '1685451649.994'::double precision))
   ->  Subquery Scan on "*SELECT* 3613"  (cost=97.82..97.83 rows=1 width=76)
         ->  Limit  (cost=97.82..97.82 rows=1 width=84)
               ->  Sort  (cost=97.82..97.82 rows=1 width=84)
                     Sort Key: (st_distance(st_transform(s_3612.the_geom, 25833), schw_3612.schw))
                     ->  Nested Loop  (cost=0.00..97.81 rows=1 width=84)
                           Join Filter: ((st_transform(s_3612.the_geom, 25833) && st_expand(schw_3612.schw, '300'::double precision)) AND (schw_3612.schw && st_expand(st_transform(s_3612.the_geom, 25833), '300'::double precision)) AND _st_dwithin(st_transform(s_3612.the_geom, 25833), schw_3612.schw, '300'::double precision))
                           ->  Function Scan on schw_3612  (cost=0.00..0.01 rows=1 width=32)
                           ->  Seq Scan on phoml_trajectory_tmp s_3612  (cost=0.00..95.68 rows=17 width=40)
                                 Filter: ((unix_time >= '1685451590.382'::double precision) AND (unix_time <= '1685451650.382'::double precision))
   ->  Subquery Scan on "*SELECT* 3614"  (cost=97.82..97.83 rows=1 width=76)
         ->  Limit  (cost=97.82..97.82 rows=1 width=84)
               ->  Sort  (cost=97.82..97.82 rows=1 width=84)
                     Sort Key: (st_distance(st_transform(s_3613.the_geom, 25833), schw_3613.schw))
                     ->  Nested Loop  (cost=0.00..97.81 rows=1 width=84)
                           Join Filter: ((st_transform(s_3613.the_geom, 25833) && st_expand(schw_3613.schw, '300'::double precision)) AND (schw_3613.schw && st_expand(st_transform(s_3613.the_geom, 25833), '300'::double precision)) AND _st_dwithin(st_transform(s_3613.the_geom, 25833), schw_3613.schw, '300'::double precision))
                           ->  Function Scan on schw_3613  (cost=0.00..0.01 rows=1 width=32)
                           ->  Seq Scan on phoml_trajectory_tmp s_3613  (cost=0.00..95.68 rows=17 width=40)
                                 Filter: ((unix_time >= '1685451590.762'::double precision) AND (unix_time <= '1685451650.762'::double precision))
   ->  Subquery Scan on "*SELECT* 3615"  (cost=97.82..97.83 rows=1 width=76)
         ->  Limit  (cost=97.82..97.82 rows=1 width=84)
               ->  Sort  (cost=97.82..97.82 rows=1 width=84)
                     Sort Key: (st_distance(st_transform(s_3614.the_geom, 25833), schw_3614.schw))
                     ->  Nested Loop  (cost=0.00..97.81 rows=1 width=84)
                           Join Filter: ((st_transform(s_3614.the_geom, 25833) && st_expand(schw_3614.schw, '300'::double precision)) AND (schw_3614.schw && st_expand(st_transform(s_3614.the_geom, 25833), '300'::double precision)) AND _st_dwithin(st_transform(s_3614.the_geom, 25833), schw_3614.schw, '300'::double precision))
                           ->  Function Scan on schw_3614  (cost=0.00..0.01 rows=1 width=32)
                           ->  Seq Scan on phoml_trajectory_tmp s_3614  (cost=0.00..95.68 rows=17 width=40)
                                 Filter: ((unix_time >= '1685451591.142'::double precision) AND (unix_time <= '1685451651.142'::double precision))
   ->  Subquery Scan on "*SELECT* 3616"  (cost=97.82..97.83 rows=1 width=76)
         ->  Limit  (cost=97.82..97.82 rows=1 width=84)
               ->  Sort  (cost=97.82..97.82 rows=1 width=84)
                     Sort Key: (st_distance(st_transform(s_3615.the_geom, 25833), schw_3615.schw))
                     ->  Nested Loop  (cost=0.00..97.81 rows=1 width=84)
                           Join Filter: ((st_transform(s_3615.the_geom, 25833) && st_expand(schw_3615.schw, '300'::double precision)) AND (schw_3615.schw && st_expand(st_transform(s_3615.the_geom, 25833), '300'::double precision)) AND _st_dwithin(st_transform(s_3615.the_geom, 25833), schw_3615.schw, '300'::double precision))
                           ->  Function Scan on schw_3615  (cost=0.00..0.01 rows=1 width=32)
                           ->  Seq Scan on phoml_trajectory_tmp s_3615  (cost=0.00..95.68 rows=17 width=40)
                                 Filter: ((unix_time >= '1685451591.532'::double precision) AND (unix_time <= '1685451651.532'::double precision))
   ->  Subquery Scan on "*SELECT* 3617"  (cost=97.82..97.83 rows=1 width=76)
         ->  Limit  (cost=97.82..97.82 rows=1 width=84)
               ->  Sort  (cost=97.82..97.82 rows=1 width=84)
                     Sort Key: (st_distance(st_transform(s_3616.the_geom, 25833), schw_3616.schw))
                     ->  Nested Loop  (cost=0.00..97.81 rows=1 width=84)
                           Join Filter: ((st_transform(s_3616.the_geom, 25833) && st_expand(schw_3616.schw, '300'::double precision)) AND (schw_3616.schw && st_expand(st_transform(s_3616.the_geom, 25833), '300'::double precision)) AND _st_dwithin(st_transform(s_3616.the_geom, 25833), schw_3616.schw, '300'::double precision))
                           ->  Function Scan on schw_3616  (cost=0.00..0.01 rows=1 width=32)
                           ->  Seq Scan on phoml_trajectory_tmp s_3616  (cost=0.00..95.68 rows=17 width=40)
                                 Filter: ((unix_time >= '1685451591.912'::double precision) AND (unix_time <= '1685451651.912'::double precision))
   ->  Subquery Scan on "*SELECT* 3618"  (cost=97.82..97.83 rows=1 width=76)
         ->  Limit  (cost=97.82..97.82 rows=1 width=84)
               ->  Sort  (cost=97.82..97.82 rows=1 width=84)
                     Sort Key: (st_distance(st_transform(s_3617.the_geom, 25833), schw_3617.schw))
                     ->  Nested Loop  (cost=0.00..97.81 rows=1 width=84)
                           Join Filter: ((st_transform(s_3617.the_geom, 25833) && st_expand(schw_3617.schw, '300'::double precision)) AND (schw_3617.schw && st_expand(st_transform(s_3617.the_geom, 25833), '300'::double precision)) AND _st_dwithin(st_transform(s_3617.the_geom, 25833), schw_3617.schw, '300'::double precision))
                           ->  Function Scan on schw_3617  (cost=0.00..0.01 rows=1 width=32)
                           ->  Seq Scan on phoml_trajectory_tmp s_3617  (cost=0.00..95.68 rows=17 width=40)
                                 Filter: ((unix_time >= '1685451592.309'::double precision) AND (unix_time <= '1685451652.309'::double precision))
   ->  Subquery Scan on "*SELECT* 3619"  (cost=97.82..97.83 rows=1 width=76)
         ->  Limit  (cost=97.82..97.82 rows=1 width=84)
               ->  Sort  (cost=97.82..97.82 rows=1 width=84)
                     Sort Key: (st_distance(st_transform(s_3618.the_geom, 25833), schw_3618.schw))
                     ->  Nested Loop  (cost=0.00..97.81 rows=1 width=84)
                           Join Filter: ((st_transform(s_3618.the_geom, 25833) && st_expand(schw_3618.schw, '300'::double precision)) AND (schw_3618.schw && st_expand(st_transform(s_3618.the_geom, 25833), '300'::double precision)) AND _st_dwithin(st_transform(s_3618.the_geom, 25833), schw_3618.schw, '300'::double precision))
                           ->  Function Scan on schw_3618  (cost=0.00..0.01 rows=1 width=32)
                           ->  Seq Scan on phoml_trajectory_tmp s_3618  (cost=0.00..95.68 rows=17 width=40)
                                 Filter: ((unix_time >= '1685451592.699'::double precision) AND (unix_time <= '1685451652.699'::double precision))
   ->  Subquery Scan on "*SELECT* 3620"  (cost=97.82..97.83 rows=1 width=76)
         ->  Limit  (cost=97.82..97.82 rows=1 width=84)
               ->  Sort  (cost=97.82..97.82 rows=1 width=84)
                     Sort Key: (st_distance(st_transform(s_3619.the_geom, 25833), schw_3619.schw))
                     ->  Nested Loop  (cost=0.00..97.81 rows=1 width=84)
                           Join Filter: ((st_transform(s_3619.the_geom, 25833) && st_expand(schw_3619.schw, '300'::double precision)) AND (schw_3619.schw && st_expand(st_transform(s_3619.the_geom, 25833), '300'::double precision)) AND _st_dwithin(st_transform(s_3619.the_geom, 25833), schw_3619.schw, '300'::double precision))
                           ->  Function Scan on schw_3619  (cost=0.00..0.01 rows=1 width=32)
                           ->  Seq Scan on phoml_trajectory_tmp s_3619  (cost=0.00..95.68 rows=17 width=40)
                                 Filter: ((unix_time >= '1685451593.089'::double precision) AND (unix_time <= '1685451653.089'::double precision))
   ->  Subquery Scan on "*SELECT* 3621"  (cost=97.82..97.83 rows=1 width=76)
         ->  Limit  (cost=97.82..97.82 rows=1 width=84)
               ->  Sort  (cost=97.82..97.82 rows=1 width=84)
                     Sort Key: (st_distance(st_transform(s_3620.the_geom, 25833), schw_3620.schw))
                     ->  Nested Loop  (cost=0.00..97.81 rows=1 width=84)
                           Join Filter: ((st_transform(s_3620.the_geom, 25833) && st_expand(schw_3620.schw, '300'::double precision)) AND (schw_3620.schw && st_expand(st_transform(s_3620.the_geom, 25833), '300'::double precision)) AND _st_dwithin(st_transform(s_3620.the_geom, 25833), schw_3620.schw, '300'::double precision))
                           ->  Function Scan on schw_3620  (cost=0.00..0.01 rows=1 width=32)
                           ->  Seq Scan on phoml_trajectory_tmp s_3620  (cost=0.00..95.68 rows=17 width=40)
                                 Filter: ((unix_time >= '1685451593.507'::double precision) AND (unix_time <= '1685451653.507'::double precision))
   ->  Subquery Scan on "*SELECT* 3622"  (cost=97.82..97.83 rows=1 width=76)
         ->  Limit  (cost=97.82..97.82 rows=1 width=84)
               ->  Sort  (cost=97.82..97.82 rows=1 width=84)
                     Sort Key: (st_distance(st_transform(s_3621.the_geom, 25833), schw_3621.schw))
                     ->  Nested Loop  (cost=0.00..97.81 rows=1 width=84)
                           Join Filter: ((st_transform(s_3621.the_geom, 25833) && st_expand(schw_3621.schw, '300'::double precision)) AND (schw_3621.schw && st_expand(st_transform(s_3621.the_geom, 25833), '300'::double precision)) AND _st_dwithin(st_transform(s_3621.the_geom, 25833), schw_3621.schw, '300'::double precision))
                           ->  Function Scan on schw_3621  (cost=0.00..0.01 rows=1 width=32)
                           ->  Seq Scan on phoml_trajectory_tmp s_3621  (cost=0.00..95.68 rows=17 width=40)
                                 Filter: ((unix_time >= '1685451593.907'::double precision) AND (unix_time <= '1685451653.907'::double precision))
   ->  Subquery Scan on "*SELECT* 3623"  (cost=97.82..97.83 rows=1 width=76)
         ->  Limit  (cost=97.82..97.82 rows=1 width=84)
               ->  Sort  (cost=97.82..97.82 rows=1 width=84)
                     Sort Key: (st_distance(st_transform(s_3622.the_geom, 25833), schw_3622.schw))
                     ->  Nested Loop  (cost=0.00..97.81 rows=1 width=84)
                           Join Filter: ((st_transform(s_3622.the_geom, 25833) && st_expand(schw_3622.schw, '300'::double precision)) AND (schw_3622.schw && st_expand(st_transform(s_3622.the_geom, 25833), '300'::double precision)) AND _st_dwithin(st_transform(s_3622.the_geom, 25833), schw_3622.schw, '300'::double precision))
                           ->  Function Scan on schw_3622  (cost=0.00..0.01 rows=1 width=32)
                           ->  Seq Scan on phoml_trajectory_tmp s_3622  (cost=0.00..95.68 rows=17 width=40)
                                 Filter: ((unix_time >= '1685451594.323'::double precision) AND (unix_time <= '1685451654.323'::double precision))
   ->  Subquery Scan on "*SELECT* 3624"  (cost=97.82..97.83 rows=1 width=76)
         ->  Limit  (cost=97.82..97.82 rows=1 width=84)
               ->  Sort  (cost=97.82..97.82 rows=1 width=84)
                     Sort Key: (st_distance(st_transform(s_3623.the_geom, 25833), schw_3623.schw))
                     ->  Nested Loop  (cost=0.00..97.81 rows=1 width=84)
                           Join Filter: ((st_transform(s_3623.the_geom, 25833) && st_expand(schw_3623.schw, '300'::double precision)) AND (schw_3623.schw && st_expand(st_transform(s_3623.the_geom, 25833), '300'::double precision)) AND _st_dwithin(st_transform(s_3623.the_geom, 25833), schw_3623.schw, '300'::double precision))
                           ->  Function Scan on schw_3623  (cost=0.00..0.01 rows=1 width=32)
                           ->  Seq Scan on phoml_trajectory_tmp s_3623  (cost=0.00..95.68 rows=17 width=40)
                                 Filter: ((unix_time >= '1685451594.763'::double precision) AND (unix_time <= '1685451654.763'::double precision))
   ->  Subquery Scan on "*SELECT* 3625"  (cost=97.82..97.83 rows=1 width=76)
         ->  Limit  (cost=97.82..97.82 rows=1 width=84)
               ->  Sort  (cost=97.82..97.82 rows=1 width=84)
                     Sort Key: (st_distance(st_transform(s_3624.the_geom, 25833), schw_3624.schw))
                     ->  Nested Loop  (cost=0.00..97.81 rows=1 width=84)
                           Join Filter: ((st_transform(s_3624.the_geom, 25833) && st_expand(schw_3624.schw, '300'::double precision)) AND (schw_3624.schw && st_expand(st_transform(s_3624.the_geom, 25833), '300'::double precision)) AND _st_dwithin(st_transform(s_3624.the_geom, 25833), schw_3624.schw, '300'::double precision))
                           ->  Function Scan on schw_3624  (cost=0.00..0.01 rows=1 width=32)
                           ->  Seq Scan on phoml_trajectory_tmp s_3624  (cost=0.00..95.68 rows=17 width=40)
                                 Filter: ((unix_time >= '1685451595.19'::double precision) AND (unix_time <= '1685451655.19'::double precision))
   ->  Subquery Scan on "*SELECT* 3626"  (cost=97.82..97.83 rows=1 width=76)
         ->  Limit  (cost=97.82..97.82 rows=1 width=84)
               ->  Sort  (cost=97.82..97.82 rows=1 width=84)
                     Sort Key: (st_distance(st_transform(s_3625.the_geom, 25833), schw_3625.schw))
                     ->  Nested Loop  (cost=0.00..97.81 rows=1 width=84)
                           Join Filter: ((st_transform(s_3625.the_geom, 25833) && st_expand(schw_3625.schw, '300'::double precision)) AND (schw_3625.schw && st_expand(st_transform(s_3625.the_geom, 25833), '300'::double precision)) AND _st_dwithin(st_transform(s_3625.the_geom, 25833), schw_3625.schw, '300'::double precision))
                           ->  Function Scan on schw_3625  (cost=0.00..0.01 rows=1 width=32)
                           ->  Seq Scan on phoml_trajectory_tmp s_3625  (cost=0.00..95.68 rows=17 width=40)
                                 Filter: ((unix_time >= '1685451595.63'::double precision) AND (unix_time <= '1685451655.63'::double precision))
   ->  Subquery Scan on "*SELECT* 3627"  (cost=97.82..97.83 rows=1 width=76)
         ->  Limit  (cost=97.82..97.82 rows=1 width=84)
               ->  Sort  (cost=97.82..97.82 rows=1 width=84)
                     Sort Key: (st_distance(st_transform(s_3626.the_geom, 25833), schw_3626.schw))
                     ->  Nested Loop  (cost=0.00..97.81 rows=1 width=84)
                           Join Filter: ((st_transform(s_3626.the_geom, 25833) && st_expand(schw_3626.schw, '300'::double precision)) AND (schw_3626.schw && st_expand(st_transform(s_3626.the_geom, 25833), '300'::double precision)) AND _st_dwithin(st_transform(s_3626.the_geom, 25833), schw_3626.schw, '300'::double precision))
                           ->  Function Scan on schw_3626  (cost=0.00..0.01 rows=1 width=32)
                           ->  Seq Scan on phoml_trajectory_tmp s_3626  (cost=0.00..95.68 rows=17 width=40)
                                 Filter: ((unix_time >= '1685451596.09'::double precision) AND (unix_time <= '1685451656.09'::double precision))
   ->  Subquery Scan on "*SELECT* 3628"  (cost=97.82..97.83 rows=1 width=76)
         ->  Limit  (cost=97.82..97.82 rows=1 width=84)
               ->  Sort  (cost=97.82..97.82 rows=1 width=84)
                     Sort Key: (st_distance(st_transform(s_3627.the_geom, 25833), schw_3627.schw))
                     ->  Nested Loop  (cost=0.00..97.81 rows=1 width=84)
                           Join Filter: ((st_transform(s_3627.the_geom, 25833) && st_expand(schw_3627.schw, '300'::double precision)) AND (schw_3627.schw && st_expand(st_transform(s_3627.the_geom, 25833), '300'::double precision)) AND _st_dwithin(st_transform(s_3627.the_geom, 25833), schw_3627.schw, '300'::double precision))
                           ->  Function Scan on schw_3627  (cost=0.00..0.01 rows=1 width=32)
                           ->  Seq Scan on phoml_trajectory_tmp s_3627  (cost=0.00..95.68 rows=17 width=40)
                                 Filter: ((unix_time >= '1685451596.58'::double precision) AND (unix_time <= '1685451656.58'::double precision))
   ->  Subquery Scan on "*SELECT* 3629"  (cost=97.82..97.83 rows=1 width=76)
         ->  Limit  (cost=97.82..97.82 rows=1 width=84)
               ->  Sort  (cost=97.82..97.82 rows=1 width=84)
                     Sort Key: (st_distance(st_transform(s_3628.the_geom, 25833), schw_3628.schw))
                     ->  Nested Loop  (cost=0.00..97.81 rows=1 width=84)
                           Join Filter: ((st_transform(s_3628.the_geom, 25833) && st_expand(schw_3628.schw, '300'::double precision)) AND (schw_3628.schw && st_expand(st_transform(s_3628.the_geom, 25833), '300'::double precision)) AND _st_dwithin(st_transform(s_3628.the_geom, 25833), schw_3628.schw, '300'::double precision))
                           ->  Function Scan on schw_3628  (cost=0.00..0.01 rows=1 width=32)
                           ->  Seq Scan on phoml_trajectory_tmp s_3628  (cost=0.00..95.68 rows=17 width=40)
                                 Filter: ((unix_time >= '1685451597.1'::double precision) AND (unix_time <= '1685451657.1'::double precision))
   ->  Subquery Scan on "*SELECT* 3630"  (cost=97.82..97.83 rows=1 width=76)
         ->  Limit  (cost=97.82..97.82 rows=1 width=84)
               ->  Sort  (cost=97.82..97.82 rows=1 width=84)
                     Sort Key: (st_distance(st_transform(s_3629.the_geom, 25833), schw_3629.schw))
                     ->  Nested Loop  (cost=0.00..97.81 rows=1 width=84)
                           Join Filter: ((st_transform(s_3629.the_geom, 25833) && st_expand(schw_3629.schw, '300'::double precision)) AND (schw_3629.schw && st_expand(st_transform(s_3629.the_geom, 25833), '300'::double precision)) AND _st_dwithin(st_transform(s_3629.the_geom, 25833), schw_3629.schw, '300'::double precision))
                           ->  Function Scan on schw_3629  (cost=0.00..0.01 rows=1 width=32)
                           ->  Seq Scan on phoml_trajectory_tmp s_3629  (cost=0.00..95.68 rows=17 width=40)
                                 Filter: ((unix_time >= '1685451597.635'::double precision) AND (unix_time <= '1685451657.635'::double precision))
   ->  Subquery Scan on "*SELECT* 3631"  (cost=97.82..97.83 rows=1 width=76)
         ->  Limit  (cost=97.82..97.82 rows=1 width=84)
               ->  Sort  (cost=97.82..97.82 rows=1 width=84)
                     Sort Key: (st_distance(st_transform(s_3630.the_geom, 25833), schw_3630.schw))
                     ->  Nested Loop  (cost=0.00..97.81 rows=1 width=84)
                           Join Filter: ((st_transform(s_3630.the_geom, 25833) && st_expand(schw_3630.schw, '300'::double precision)) AND (schw_3630.schw && st_expand(st_transform(s_3630.the_geom, 25833), '300'::double precision)) AND _st_dwithin(st_transform(s_3630.the_geom, 25833), schw_3630.schw, '300'::double precision))
                           ->  Function Scan on schw_3630  (cost=0.00..0.01 rows=1 width=32)
                           ->  Seq Scan on phoml_trajectory_tmp s_3630  (cost=0.00..95.68 rows=17 width=40)
                                 Filter: ((unix_time >= '1685451598.16'::double precision) AND (unix_time <= '1685451658.16'::double precision))
   ->  Subquery Scan on "*SELECT* 3632"  (cost=97.82..97.83 rows=1 width=76)
         ->  Limit  (cost=97.82..97.82 rows=1 width=84)
               ->  Sort  (cost=97.82..97.82 rows=1 width=84)
                     Sort Key: (st_distance(st_transform(s_3631.the_geom, 25833), schw_3631.schw))
                     ->  Nested Loop  (cost=0.00..97.81 rows=1 width=84)
                           Join Filter: ((st_transform(s_3631.the_geom, 25833) && st_expand(schw_3631.schw, '300'::double precision)) AND (schw_3631.schw && st_expand(st_transform(s_3631.the_geom, 25833), '300'::double precision)) AND _st_dwithin(st_transform(s_3631.the_geom, 25833), schw_3631.schw, '300'::double precision))
                           ->  Function Scan on schw_3631  (cost=0.00..0.01 rows=1 width=32)
                           ->  Seq Scan on phoml_trajectory_tmp s_3631  (cost=0.00..95.68 rows=17 width=40)
                                 Filter: ((unix_time >= '1685451598.69'::double precision) AND (unix_time <= '1685451658.69'::double precision))
   ->  Subquery Scan on "*SELECT* 3633"  (cost=97.82..97.83 rows=1 width=76)
         ->  Limit  (cost=97.82..97.82 rows=1 width=84)
               ->  Sort  (cost=97.82..97.82 rows=1 width=84)
                     Sort Key: (st_distance(st_transform(s_3632.the_geom, 25833), schw_3632.schw))
                     ->  Nested Loop  (cost=0.00..97.81 rows=1 width=84)
                           Join Filter: ((st_transform(s_3632.the_geom, 25833) && st_expand(schw_3632.schw, '300'::double precision)) AND (schw_3632.schw && st_expand(st_transform(s_3632.the_geom, 25833), '300'::double precision)) AND _st_dwithin(st_transform(s_3632.the_geom, 25833), schw_3632.schw, '300'::double precision))
                           ->  Function Scan on schw_3632  (cost=0.00..0.01 rows=1 width=32)
                           ->  Seq Scan on phoml_trajectory_tmp s_3632  (cost=0.00..95.68 rows=17 width=40)
                                 Filter: ((unix_time >= '1685451599.233'::double precision) AND (unix_time <= '1685451659.233'::double precision))
   ->  Subquery Scan on "*SELECT* 3634"  (cost=97.82..97.83 rows=1 width=76)
         ->  Limit  (cost=97.82..97.82 rows=1 width=84)
               ->  Sort  (cost=97.82..97.82 rows=1 width=84)
                     Sort Key: (st_distance(st_transform(s_3633.the_geom, 25833), schw_3633.schw))
                     ->  Nested Loop  (cost=0.00..97.81 rows=1 width=84)
                           Join Filter: ((st_transform(s_3633.the_geom, 25833) && st_expand(schw_3633.schw, '300'::double precision)) AND (schw_3633.schw && st_expand(st_transform(s_3633.the_geom, 25833), '300'::double precision)) AND _st_dwithin(st_transform(s_3633.the_geom, 25833), schw_3633.schw, '300'::double precision))
                           ->  Function Scan on schw_3633  (cost=0.00..0.01 rows=1 width=32)
                           ->  Seq Scan on phoml_trajectory_tmp s_3633  (cost=0.00..95.68 rows=17 width=40)
                                 Filter: ((unix_time >= '1685451599.827'::double precision) AND (unix_time <= '1685451659.827'::double precision))
   ->  Subquery Scan on "*SELECT* 3635"  (cost=97.82..97.83 rows=1 width=76)
         ->  Limit  (cost=97.82..97.82 rows=1 width=84)
               ->  Sort  (cost=97.82..97.82 rows=1 width=84)
                     Sort Key: (st_distance(st_transform(s_3634.the_geom, 25833), schw_3634.schw))
                     ->  Nested Loop  (cost=0.00..97.81 rows=1 width=84)
                           Join Filter: ((st_transform(s_3634.the_geom, 25833) && st_expand(schw_3634.schw, '300'::double precision)) AND (schw_3634.schw && st_expand(st_transform(s_3634.the_geom, 25833), '300'::double precision)) AND _st_dwithin(st_transform(s_3634.the_geom, 25833), schw_3634.schw, '300'::double precision))
                           ->  Function Scan on schw_3634  (cost=0.00..0.01 rows=1 width=32)
                           ->  Seq Scan on phoml_trajectory_tmp s_3634  (cost=0.00..95.68 rows=17 width=40)
                                 Filter: ((unix_time >= '1685451600.4'::double precision) AND (unix_time <= '1685451660.4'::double precision))
   ->  Subquery Scan on "*SELECT* 3636"  (cost=97.82..97.83 rows=1 width=76)
         ->  Limit  (cost=97.82..97.82 rows=1 width=84)
               ->  Sort  (cost=97.82..97.82 rows=1 width=84)
                     Sort Key: (st_distance(st_transform(s_3635.the_geom, 25833), schw_3635.schw))
                     ->  Nested Loop  (cost=0.00..97.81 rows=1 width=84)
                           Join Filter: ((st_transform(s_3635.the_geom, 25833) && st_expand(schw_3635.schw, '300'::double precision)) AND (schw_3635.schw && st_expand(st_transform(s_3635.the_geom, 25833), '300'::double precision)) AND _st_dwithin(st_transform(s_3635.the_geom, 25833), schw_3635.schw, '300'::double precision))
                           ->  Function Scan on schw_3635  (cost=0.00..0.01 rows=1 width=32)
                           ->  Seq Scan on phoml_trajectory_tmp s_3635  (cost=0.00..95.68 rows=17 width=40)
                                 Filter: ((unix_time >= '1685451600.981'::double precision) AND (unix_time <= '1685451660.981'::double precision))
   ->  Subquery Scan on "*SELECT* 3637"  (cost=97.82..97.83 rows=1 width=76)
         ->  Limit  (cost=97.82..97.82 rows=1 width=84)
               ->  Sort  (cost=97.82..97.82 rows=1 width=84)
                     Sort Key: (st_distance(st_transform(s_3636.the_geom, 25833), schw_3636.schw))
                     ->  Nested Loop  (cost=0.00..97.81 rows=1 width=84)
                           Join Filter: ((st_transform(s_3636.the_geom, 25833) && st_expand(schw_3636.schw, '300'::double precision)) AND (schw_3636.schw && st_expand(st_transform(s_3636.the_geom, 25833), '300'::double precision)) AND _st_dwithin(st_transform(s_3636.the_geom, 25833), schw_3636.schw, '300'::double precision))
                           ->  Function Scan on schw_3636  (cost=0.00..0.01 rows=1 width=32)
                           ->  Seq Scan on phoml_trajectory_tmp s_3636  (cost=0.00..95.68 rows=17 width=40)
                                 Filter: ((unix_time >= '1685451601.584'::double precision) AND (unix_time <= '1685451661.584'::double precision))
   ->  Subquery Scan on "*SELECT* 3638"  (cost=97.82..97.83 rows=1 width=76)
         ->  Limit  (cost=97.82..97.82 rows=1 width=84)
               ->  Sort  (cost=97.82..97.82 rows=1 width=84)
                     Sort Key: (st_distance(st_transform(s_3637.the_geom, 25833), schw_3637.schw))
                     ->  Nested Loop  (cost=0.00..97.81 rows=1 width=84)
                           Join Filter: ((st_transform(s_3637.the_geom, 25833) && st_expand(schw_3637.schw, '300'::double precision)) AND (schw_3637.schw && st_expand(st_transform(s_3637.the_geom, 25833), '300'::double precision)) AND _st_dwithin(st_transform(s_3637.the_geom, 25833), schw_3637.schw, '300'::double precision))
                           ->  Function Scan on schw_3637  (cost=0.00..0.01 rows=1 width=32)
                           ->  Seq Scan on phoml_trajectory_tmp s_3637  (cost=0.00..95.68 rows=17 width=40)
                                 Filter: ((unix_time >= '1685451602.169'::double precision) AND (unix_time <= '1685451662.169'::double precision))
   ->  Subquery Scan on "*SELECT* 3639"  (cost=97.82..97.83 rows=1 width=76)
         ->  Limit  (cost=97.82..97.82 rows=1 width=84)
               ->  Sort  (cost=97.82..97.82 rows=1 width=84)
                     Sort Key: (st_distance(st_transform(s_3638.the_geom, 25833), schw_3638.schw))
                     ->  Nested Loop  (cost=0.00..97.81 rows=1 width=84)
                           Join Filter: ((st_transform(s_3638.the_geom, 25833) && st_expand(schw_3638.schw, '300'::double precision)) AND (schw_3638.schw && st_expand(st_transform(s_3638.the_geom, 25833), '300'::double precision)) AND _st_dwithin(st_transform(s_3638.the_geom, 25833), schw_3638.schw, '300'::double precision))
                           ->  Function Scan on schw_3638  (cost=0.00..0.01 rows=1 width=32)
                           ->  Seq Scan on phoml_trajectory_tmp s_3638  (cost=0.00..95.68 rows=17 width=40)
                                 Filter: ((unix_time >= '1685451602.739'::double precision) AND (unix_time <= '1685451662.739'::double precision))
   ->  Subquery Scan on "*SELECT* 3640"  (cost=97.82..97.83 rows=1 width=76)
         ->  Limit  (cost=97.82..97.82 rows=1 width=84)
               ->  Sort  (cost=97.82..97.82 rows=1 width=84)
                     Sort Key: (st_distance(st_transform(s_3639.the_geom, 25833), schw_3639.schw))
                     ->  Nested Loop  (cost=0.00..97.81 rows=1 width=84)
                           Join Filter: ((st_transform(s_3639.the_geom, 25833) && st_expand(schw_3639.schw, '300'::double precision)) AND (schw_3639.schw && st_expand(st_transform(s_3639.the_geom, 25833), '300'::double precision)) AND _st_dwithin(st_transform(s_3639.the_geom, 25833), schw_3639.schw, '300'::double precision))
                           ->  Function Scan on schw_3639  (cost=0.00..0.01 rows=1 width=32)
                           ->  Seq Scan on phoml_trajectory_tmp s_3639  (cost=0.00..95.68 rows=17 width=40)
                                 Filter: ((unix_time >= '1685451603.293'::double precision) AND (unix_time <= '1685451663.293'::double precision))
   ->  Subquery Scan on "*SELECT* 3641"  (cost=97.82..97.83 rows=1 width=76)
         ->  Limit  (cost=97.82..97.82 rows=1 width=84)
               ->  Sort  (cost=97.82..97.82 rows=1 width=84)
                     Sort Key: (st_distance(st_transform(s_3640.the_geom, 25833), schw_3640.schw))
                     ->  Nested Loop  (cost=0.00..97.81 rows=1 width=84)
                           Join Filter: ((st_transform(s_3640.the_geom, 25833) && st_expand(schw_3640.schw, '300'::double precision)) AND (schw_3640.schw && st_expand(st_transform(s_3640.the_geom, 25833), '300'::double precision)) AND _st_dwithin(st_transform(s_3640.the_geom, 25833), schw_3640.schw, '300'::double precision))
                           ->  Function Scan on schw_3640  (cost=0.00..0.01 rows=1 width=32)
                           ->  Seq Scan on phoml_trajectory_tmp s_3640  (cost=0.00..95.68 rows=17 width=40)
                                 Filter: ((unix_time >= '1685451603.816'::double precision) AND (unix_time <= '1685451663.816'::double precision))
   ->  Subquery Scan on "*SELECT* 3642"  (cost=97.82..97.83 rows=1 width=76)
         ->  Limit  (cost=97.82..97.82 rows=1 width=84)
               ->  Sort  (cost=97.82..97.82 rows=1 width=84)
                     Sort Key: (st_distance(st_transform(s_3641.the_geom, 25833), schw_3641.schw))
                     ->  Nested Loop  (cost=0.00..97.81 rows=1 width=84)
                           Join Filter: ((st_transform(s_3641.the_geom, 25833) && st_expand(schw_3641.schw, '300'::double precision)) AND (schw_3641.schw && st_expand(st_transform(s_3641.the_geom, 25833), '300'::double precision)) AND _st_dwithin(st_transform(s_3641.the_geom, 25833), schw_3641.schw, '300'::double precision))
                           ->  Function Scan on schw_3641  (cost=0.00..0.01 rows=1 width=32)
                           ->  Seq Scan on phoml_trajectory_tmp s_3641  (cost=0.00..95.68 rows=17 width=40)
                                 Filter: ((unix_time >= '1685451604.31'::double precision) AND (unix_time <= '1685451664.31'::double precision))
   ->  Subquery Scan on "*SELECT* 3643"  (cost=97.82..97.83 rows=1 width=76)
         ->  Limit  (cost=97.82..97.82 rows=1 width=84)
               ->  Sort  (cost=97.82..97.82 rows=1 width=84)
                     Sort Key: (st_distance(st_transform(s_3642.the_geom, 25833), schw_3642.schw))
                     ->  Nested Loop  (cost=0.00..97.81 rows=1 width=84)
                           Join Filter: ((st_transform(s_3642.the_geom, 25833) && st_expand(schw_3642.schw, '300'::double precision)) AND (schw_3642.schw && st_expand(st_transform(s_3642.the_geom, 25833), '300'::double precision)) AND _st_dwithin(st_transform(s_3642.the_geom, 25833), schw_3642.schw, '300'::double precision))
                           ->  Function Scan on schw_3642  (cost=0.00..0.01 rows=1 width=32)
                           ->  Seq Scan on phoml_trajectory_tmp s_3642  (cost=0.00..95.68 rows=17 width=40)
                                 Filter: ((unix_time >= '1685451604.806'::double precision) AND (unix_time <= '1685451664.806'::double precision))
   ->  Subquery Scan on "*SELECT* 3644"  (cost=97.82..97.83 rows=1 width=76)
         ->  Limit  (cost=97.82..97.82 rows=1 width=84)
               ->  Sort  (cost=97.82..97.82 rows=1 width=84)
                     Sort Key: (st_distance(st_transform(s_3643.the_geom, 25833), schw_3643.schw))
                     ->  Nested Loop  (cost=0.00..97.81 rows=1 width=84)
                           Join Filter: ((st_transform(s_3643.the_geom, 25833) && st_expand(schw_3643.schw, '300'::double precision)) AND (schw_3643.schw && st_expand(st_transform(s_3643.the_geom, 25833), '300'::double precision)) AND _st_dwithin(st_transform(s_3643.the_geom, 25833), schw_3643.schw, '300'::double precision))
                           ->  Function Scan on schw_3643  (cost=0.00..0.01 rows=1 width=32)
                           ->  Seq Scan on phoml_trajectory_tmp s_3643  (cost=0.00..95.68 rows=17 width=40)
                                 Filter: ((unix_time >= '1685451605.288'::double precision) AND (unix_time <= '1685451665.288'::double precision))
   ->  Subquery Scan on "*SELECT* 3645"  (cost=97.82..97.83 rows=1 width=76)
         ->  Limit  (cost=97.82..97.82 rows=1 width=84)
               ->  Sort  (cost=97.82..97.82 rows=1 width=84)
                     Sort Key: (st_distance(st_transform(s_3644.the_geom, 25833), schw_3644.schw))
                     ->  Nested Loop  (cost=0.00..97.81 rows=1 width=84)
                           Join Filter: ((st_transform(s_3644.the_geom, 25833) && st_expand(schw_3644.schw, '300'::double precision)) AND (schw_3644.schw && st_expand(st_transform(s_3644.the_geom, 25833), '300'::double precision)) AND _st_dwithin(st_transform(s_3644.the_geom, 25833), schw_3644.schw, '300'::double precision))
                           ->  Function Scan on schw_3644  (cost=0.00..0.01 rows=1 width=32)
                           ->  Seq Scan on phoml_trajectory_tmp s_3644  (cost=0.00..95.68 rows=17 width=40)
                                 Filter: ((unix_time >= '1685451605.757'::double precision) AND (unix_time <= '1685451665.757'::double precision))
   ->  Subquery Scan on "*SELECT* 3646"  (cost=97.82..97.83 rows=1 width=76)
         ->  Limit  (cost=97.82..97.82 rows=1 width=84)
               ->  Sort  (cost=97.82..97.82 rows=1 width=84)
                     Sort Key: (st_distance(st_transform(s_3645.the_geom, 25833), schw_3645.schw))
                     ->  Nested Loop  (cost=0.00..97.81 rows=1 width=84)
                           Join Filter: ((st_transform(s_3645.the_geom, 25833) && st_expand(schw_3645.schw, '300'::double precision)) AND (schw_3645.schw && st_expand(st_transform(s_3645.the_geom, 25833), '300'::double precision)) AND _st_dwithin(st_transform(s_3645.the_geom, 25833), schw_3645.schw, '300'::double precision))
                           ->  Function Scan on schw_3645  (cost=0.00..0.01 rows=1 width=32)
                           ->  Seq Scan on phoml_trajectory_tmp s_3645  (cost=0.00..95.68 rows=17 width=40)
                                 Filter: ((unix_time >= '1685451606.235'::double precision) AND (unix_time <= '1685451666.235'::double precision))
   ->  Subquery Scan on "*SELECT* 3647"  (cost=97.82..97.83 rows=1 width=76)
         ->  Limit  (cost=97.82..97.82 rows=1 width=84)
               ->  Sort  (cost=97.82..97.82 rows=1 width=84)
                     Sort Key: (st_distance(st_transform(s_3646.the_geom, 25833), schw_3646.schw))
                     ->  Nested Loop  (cost=0.00..97.81 rows=1 width=84)
                           Join Filter: ((st_transform(s_3646.the_geom, 25833) && st_expand(schw_3646.schw, '300'::double precision)) AND (schw_3646.schw && st_expand(st_transform(s_3646.the_geom, 25833), '300'::double precision)) AND _st_dwithin(st_transform(s_3646.the_geom, 25833), schw_3646.schw, '300'::double precision))
                           ->  Function Scan on schw_3646  (cost=0.00..0.01 rows=1 width=32)
                           ->  Seq Scan on phoml_trajectory_tmp s_3646  (cost=0.00..95.68 rows=17 width=40)
                                 Filter: ((unix_time >= '1685451606.703'::double precision) AND (unix_time <= '1685451666.703'::double precision))
   ->  Subquery Scan on "*SELECT* 3648"  (cost=97.82..97.83 rows=1 width=76)
         ->  Limit  (cost=97.82..97.82 rows=1 width=84)
               ->  Sort  (cost=97.82..97.82 rows=1 width=84)
                     Sort Key: (st_distance(st_transform(s_3647.the_geom, 25833), schw_3647.schw))
                     ->  Nested Loop  (cost=0.00..97.81 rows=1 width=84)
                           Join Filter: ((st_transform(s_3647.the_geom, 25833) && st_expand(schw_3647.schw, '300'::double precision)) AND (schw_3647.schw && st_expand(st_transform(s_3647.the_geom, 25833), '300'::double precision)) AND _st_dwithin(st_transform(s_3647.the_geom, 25833), schw_3647.schw, '300'::double precision))
                           ->  Function Scan on schw_3647  (cost=0.00..0.01 rows=1 width=32)
                           ->  Seq Scan on phoml_trajectory_tmp s_3647  (cost=0.00..95.68 rows=17 width=40)
                                 Filter: ((unix_time >= '1685451607.174'::double precision) AND (unix_time <= '1685451667.174'::double precision))
   ->  Subquery Scan on "*SELECT* 3649"  (cost=97.82..97.83 rows=1 width=76)
         ->  Limit  (cost=97.82..97.82 rows=1 width=84)
               ->  Sort  (cost=97.82..97.82 rows=1 width=84)
                     Sort Key: (st_distance(st_transform(s_3648.the_geom, 25833), schw_3648.schw))
                     ->  Nested Loop  (cost=0.00..97.81 rows=1 width=84)
                           Join Filter: ((st_transform(s_3648.the_geom, 25833) && st_expand(schw_3648.schw, '300'::double precision)) AND (schw_3648.schw && st_expand(st_transform(s_3648.the_geom, 25833), '300'::double precision)) AND _st_dwithin(st_transform(s_3648.the_geom, 25833), schw_3648.schw, '300'::double precision))
                           ->  Function Scan on schw_3648  (cost=0.00..0.01 rows=1 width=32)
                           ->  Seq Scan on phoml_trajectory_tmp s_3648  (cost=0.00..95.68 rows=17 width=40)
                                 Filter: ((unix_time >= '1685451607.663'::double precision) AND (unix_time <= '1685451667.663'::double precision))
   ->  Subquery Scan on "*SELECT* 3650"  (cost=97.82..97.83 rows=1 width=76)
         ->  Limit  (cost=97.82..97.82 rows=1 width=84)
               ->  Sort  (cost=97.82..97.82 rows=1 width=84)
                     Sort Key: (st_distance(st_transform(s_3649.the_geom, 25833), schw_3649.schw))
                     ->  Nested Loop  (cost=0.00..97.81 rows=1 width=84)
                           Join Filter: ((st_transform(s_3649.the_geom, 25833) && st_expand(schw_3649.schw, '300'::double precision)) AND (schw_3649.schw && st_expand(st_transform(s_3649.the_geom, 25833), '300'::double precision)) AND _st_dwithin(st_transform(s_3649.the_geom, 25833), schw_3649.schw, '300'::double precision))
                           ->  Function Scan on schw_3649  (cost=0.00..0.01 rows=1 width=32)
                           ->  Seq Scan on phoml_trajectory_tmp s_3649  (cost=0.00..95.68 rows=17 width=40)
                                 Filter: ((unix_time >= '1685451608.158'::double precision) AND (unix_time <= '1685451668.158'::double precision))
   ->  Subquery Scan on "*SELECT* 3651"  (cost=97.82..97.83 rows=1 width=76)
         ->  Limit  (cost=97.82..97.82 rows=1 width=84)
               ->  Sort  (cost=97.82..97.82 rows=1 width=84)
                     Sort Key: (st_distance(st_transform(s_3650.the_geom, 25833), schw_3650.schw))
                     ->  Nested Loop  (cost=0.00..97.81 rows=1 width=84)
                           Join Filter: ((st_transform(s_3650.the_geom, 25833) && st_expand(schw_3650.schw, '300'::double precision)) AND (schw_3650.schw && st_expand(st_transform(s_3650.the_geom, 25833), '300'::double precision)) AND _st_dwithin(st_transform(s_3650.the_geom, 25833), schw_3650.schw, '300'::double precision))
                           ->  Function Scan on schw_3650  (cost=0.00..0.01 rows=1 width=32)
                           ->  Seq Scan on phoml_trajectory_tmp s_3650  (cost=0.00..95.68 rows=17 width=40)
                                 Filter: ((unix_time >= '1685451608.637'::double precision) AND (unix_time <= '1685451668.637'::double precision))
   ->  Subquery Scan on "*SELECT* 3652"  (cost=97.82..97.83 rows=1 width=76)
         ->  Limit  (cost=97.82..97.82 rows=1 width=84)
               ->  Sort  (cost=97.82..97.82 rows=1 width=84)
                     Sort Key: (st_distance(st_transform(s_3651.the_geom, 25833), schw_3651.schw))
                     ->  Nested Loop  (cost=0.00..97.81 rows=1 width=84)
                           Join Filter: ((st_transform(s_3651.the_geom, 25833) && st_expand(schw_3651.schw, '300'::double precision)) AND (schw_3651.schw && st_expand(st_transform(s_3651.the_geom, 25833), '300'::double precision)) AND _st_dwithin(st_transform(s_3651.the_geom, 25833), schw_3651.schw, '300'::double precision))
                           ->  Function Scan on schw_3651  (cost=0.00..0.01 rows=1 width=32)
                           ->  Seq Scan on phoml_trajectory_tmp s_3651  (cost=0.00..95.68 rows=17 width=40)
                                 Filter: ((unix_time >= '1685451609.177'::double precision) AND (unix_time <= '1685451669.177'::double precision))
   ->  Subquery Scan on "*SELECT* 3653"  (cost=97.82..97.83 rows=1 width=76)
         ->  Limit  (cost=97.82..97.82 rows=1 width=84)
               ->  Sort  (cost=97.82..97.82 rows=1 width=84)
                     Sort Key: (st_distance(st_transform(s_3652.the_geom, 25833), schw_3652.schw))
                     ->  Nested Loop  (cost=0.00..97.81 rows=1 width=84)
                           Join Filter: ((st_transform(s_3652.the_geom, 25833) && st_expand(schw_3652.schw, '300'::double precision)) AND (schw_3652.schw && st_expand(st_transform(s_3652.the_geom, 25833), '300'::double precision)) AND _st_dwithin(st_transform(s_3652.the_geom, 25833), schw_3652.schw, '300'::double precision))
                           ->  Function Scan on schw_3652  (cost=0.00..0.01 rows=1 width=32)
                           ->  Seq Scan on phoml_trajectory_tmp s_3652  (cost=0.00..95.68 rows=17 width=40)
                                 Filter: ((unix_time >= '1685451609.733'::double precision) AND (unix_time <= '1685451669.733'::double precision))
   ->  Subquery Scan on "*SELECT* 3654"  (cost=97.82..97.83 rows=1 width=76)
         ->  Limit  (cost=97.82..97.82 rows=1 width=84)
               ->  Sort  (cost=97.82..97.82 rows=1 width=84)
                     Sort Key: (st_distance(st_transform(s_3653.the_geom, 25833), schw_3653.schw))
                     ->  Nested Loop  (cost=0.00..97.81 rows=1 width=84)
                           Join Filter: ((st_transform(s_3653.the_geom, 25833) && st_expand(schw_3653.schw, '300'::double precision)) AND (schw_3653.schw && st_expand(st_transform(s_3653.the_geom, 25833), '300'::double precision)) AND _st_dwithin(st_transform(s_3653.the_geom, 25833), schw_3653.schw, '300'::double precision))
                           ->  Function Scan on schw_3653  (cost=0.00..0.01 rows=1 width=32)
                           ->  Seq Scan on phoml_trajectory_tmp s_3653  (cost=0.00..95.68 rows=17 width=40)
                                 Filter: ((unix_time >= '1685451610.301'::double precision) AND (unix_time <= '1685451670.301'::double precision))
   ->  Subquery Scan on "*SELECT* 3655"  (cost=97.82..97.83 rows=1 width=76)
         ->  Limit  (cost=97.82..97.82 rows=1 width=84)
               ->  Sort  (cost=97.82..97.82 rows=1 width=84)
                     Sort Key: (st_distance(st_transform(s_3654.the_geom, 25833), schw_3654.schw))
                     ->  Nested Loop  (cost=0.00..97.81 rows=1 width=84)
                           Join Filter: ((st_transform(s_3654.the_geom, 25833) && st_expand(schw_3654.schw, '300'::double precision)) AND (schw_3654.schw && st_expand(st_transform(s_3654.the_geom, 25833), '300'::double precision)) AND _st_dwithin(st_transform(s_3654.the_geom, 25833), schw_3654.schw, '300'::double precision))
                           ->  Function Scan on schw_3654  (cost=0.00..0.01 rows=1 width=32)
                           ->  Seq Scan on phoml_trajectory_tmp s_3654  (cost=0.00..95.68 rows=17 width=40)
                                 Filter: ((unix_time >= '1685451610.887'::double precision) AND (unix_time <= '1685451670.887'::double precision))
   ->  Subquery Scan on "*SELECT* 3656"  (cost=97.82..97.83 rows=1 width=76)
         ->  Limit  (cost=97.82..97.82 rows=1 width=84)
               ->  Sort  (cost=97.82..97.82 rows=1 width=84)
                     Sort Key: (st_distance(st_transform(s_3655.the_geom, 25833), schw_3655.schw))
                     ->  Nested Loop  (cost=0.00..97.81 rows=1 width=84)
                           Join Filter: ((st_transform(s_3655.the_geom, 25833) && st_expand(schw_3655.schw, '300'::double precision)) AND (schw_3655.schw && st_expand(st_transform(s_3655.the_geom, 25833), '300'::double precision)) AND _st_dwithin(st_transform(s_3655.the_geom, 25833), schw_3655.schw, '300'::double precision))
                           ->  Function Scan on schw_3655  (cost=0.00..0.01 rows=1 width=32)
                           ->  Seq Scan on phoml_trajectory_tmp s_3655  (cost=0.00..95.68 rows=17 width=40)
                                 Filter: ((unix_time >= '1685451611.54'::double precision) AND (unix_time <= '1685451671.54'::double precision))
   ->  Subquery Scan on "*SELECT* 3657"  (cost=97.82..97.83 rows=1 width=76)
         ->  Limit  (cost=97.82..97.82 rows=1 width=84)
               ->  Sort  (cost=97.82..97.82 rows=1 width=84)
                     Sort Key: (st_distance(st_transform(s_3656.the_geom, 25833), schw_3656.schw))
                     ->  Nested Loop  (cost=0.00..97.81 rows=1 width=84)
                           Join Filter: ((st_transform(s_3656.the_geom, 25833) && st_expand(schw_3656.schw, '300'::double precision)) AND (schw_3656.schw && st_expand(st_transform(s_3656.the_geom, 25833), '300'::double precision)) AND _st_dwithin(st_transform(s_3656.the_geom, 25833), schw_3656.schw, '300'::double precision))
                           ->  Function Scan on schw_3656  (cost=0.00..0.01 rows=1 width=32)
                           ->  Seq Scan on phoml_trajectory_tmp s_3656  (cost=0.00..95.68 rows=17 width=40)
                                 Filter: ((unix_time >= '1685451612.213'::double precision) AND (unix_time <= '1685451672.213'::double precision))
   ->  Subquery Scan on "*SELECT* 3658"  (cost=97.82..97.83 rows=1 width=76)
         ->  Limit  (cost=97.82..97.82 rows=1 width=84)
               ->  Sort  (cost=97.82..97.82 rows=1 width=84)
                     Sort Key: (st_distance(st_transform(s_3657.the_geom, 25833), schw_3657.schw))
                     ->  Nested Loop  (cost=0.00..97.81 rows=1 width=84)
                           Join Filter: ((st_transform(s_3657.the_geom, 25833) && st_expand(schw_3657.schw, '300'::double precision)) AND (schw_3657.schw && st_expand(st_transform(s_3657.the_geom, 25833), '300'::double precision)) AND _st_dwithin(st_transform(s_3657.the_geom, 25833), schw_3657.schw, '300'::double precision))
                           ->  Function Scan on schw_3657  (cost=0.00..0.01 rows=1 width=32)
                           ->  Seq Scan on phoml_trajectory_tmp s_3657  (cost=0.00..95.68 rows=17 width=40)
                                 Filter: ((unix_time >= '1685451612.983'::double precision) AND (unix_time <= '1685451672.983'::double precision))
   ->  Subquery Scan on "*SELECT* 3659"  (cost=97.82..97.83 rows=1 width=76)
         ->  Limit  (cost=97.82..97.82 rows=1 width=84)
               ->  Sort  (cost=97.82..97.82 rows=1 width=84)
                     Sort Key: (st_distance(st_transform(s_3658.the_geom, 25833), schw_3658.schw))
                     ->  Nested Loop  (cost=0.00..97.81 rows=1 width=84)
                           Join Filter: ((st_transform(s_3658.the_geom, 25833) && st_expand(schw_3658.schw, '300'::double precision)) AND (schw_3658.schw && st_expand(st_transform(s_3658.the_geom, 25833), '300'::double precision)) AND _st_dwithin(st_transform(s_3658.the_geom, 25833), schw_3658.schw, '300'::double precision))
                           ->  Function Scan on schw_3658  (cost=0.00..0.01 rows=1 width=32)
                           ->  Seq Scan on phoml_trajectory_tmp s_3658  (cost=0.00..95.68 rows=17 width=40)
                                 Filter: ((unix_time >= '1685451613.856'::double precision) AND (unix_time <= '1685451673.856'::double precision))
   ->  Subquery Scan on "*SELECT* 3660"  (cost=97.82..97.83 rows=1 width=76)
         ->  Limit  (cost=97.82..97.82 rows=1 width=84)
               ->  Sort  (cost=97.82..97.82 rows=1 width=84)
                     Sort Key: (st_distance(st_transform(s_3659.the_geom, 25833), schw_3659.schw))
                     ->  Nested Loop  (cost=0.00..97.81 rows=1 width=84)
                           Join Filter: ((st_transform(s_3659.the_geom, 25833) && st_expand(schw_3659.schw, '300'::double precision)) AND (schw_3659.schw && st_expand(st_transform(s_3659.the_geom, 25833), '300'::double precision)) AND _st_dwithin(st_transform(s_3659.the_geom, 25833), schw_3659.schw, '300'::double precision))
                           ->  Function Scan on schw_3659  (cost=0.00..0.01 rows=1 width=32)
                           ->  Seq Scan on phoml_trajectory_tmp s_3659  (cost=0.00..95.68 rows=17 width=40)
                                 Filter: ((unix_time >= '1685451614.867'::double precision) AND (unix_time <= '1685451674.867'::double precision))
(32941 rows)

Time: 4337,631 ms (00:04,338)
