Timing is on.
CREATE TABLE
Time: 8,572 ms
INSERT 0 3660
Time: 37,998 ms
                                                                                                                                     QUERY PLAN                                                                                                                                     
------------------------------------------------------------------------------------------------------------------------------------------------------------------------------------------------------------------------------------------------------------------------------------
 Append  (cost=165745.69..606629298.60 rows=3660 width=76) (actual time=157866.601..160292.969 rows=3660 loops=1)
   ->  Subquery Scan on "*SELECT* 1_1"  (cost=165745.69..165745.70 rows=1 width=76) (actual time=157866.600..157866.602 rows=1 loops=1)
         ->  Limit  (cost=165745.69..165745.69 rows=1 width=84) (actual time=157866.597..157866.599 rows=1 loops=1)
               ->  Sort  (cost=165745.69..165745.69 rows=1 width=84) (actual time=3.817..3.818 rows=1 loops=1)
                     Sort Key: (st_distance(st_transform(s.the_geom, 25833), '0101000020E96400000DA3B28760DC234179E704E8270F5741'::geometry))
                     Sort Method: top-N heapsort  Memory: 25kB
                     ->  Seq Scan on phoml_trajectory_tmp s  (cost=0.00..165745.68 rows=1 width=84) (actual time=0.075..0.400 rows=188 loops=1)
                           Filter: ((unix_time >= '1685451234.426'::double precision) AND (unix_time <= '1685451294.426'::double precision) AND st_dwithin(st_transform(the_geom, 25833), '0101000020E96400000DA3B28760DC234179E704E8270F5741'::geometry, '300'::double precision))
                           Rows Removed by Filter: 3472
   ->  Subquery Scan on "*SELECT* 2"  (cost=165745.69..165745.70 rows=1 width=76) (actual time=0.343..0.344 rows=1 loops=1)
         ->  Limit  (cost=165745.69..165745.69 rows=1 width=84) (actual time=0.339..0.340 rows=1 loops=1)
               ->  Sort  (cost=165745.69..165745.69 rows=1 width=84) (actual time=0.337..0.337 rows=1 loops=1)
                     Sort Key: (st_distance(st_transform(s_1.the_geom, 25833), '0101000020E96400003A4D994465DC2341646AAE52270F5741'::geometry))
                     Sort Method: top-N heapsort  Memory: 25kB
                     ->  Seq Scan on phoml_trajectory_tmp s_1  (cost=0.00..165745.68 rows=1 width=84) (actual time=0.008..0.303 rows=216 loops=1)
                           Filter: ((unix_time >= '1685451237.551'::double precision) AND (unix_time <= '1685451297.551'::double precision) AND st_dwithin(st_transform(the_geom, 25833), '0101000020E96400003A4D994465DC2341646AAE52270F5741'::geometry, '300'::double precision))
                           Rows Removed by Filter: 3444
   ->  Subquery Scan on "*SELECT* 3"  (cost=165745.69..165745.70 rows=1 width=76) (actual time=0.345..0.346 rows=1 loops=1)
         ->  Limit  (cost=165745.69..165745.69 rows=1 width=84) (actual time=0.343..0.344 rows=1 loops=1)
               ->  Sort  (cost=165745.69..165745.69 rows=1 width=84) (actual time=0.340..0.341 rows=1 loops=1)
                     Sort Key: (st_distance(st_transform(s_2.the_geom, 25833), '0101000020E9640000A9ADBD0E6ADC23418794853D260F5741'::geometry))
                     Sort Method: top-N heapsort  Memory: 25kB
                     ->  Seq Scan on phoml_trajectory_tmp s_2  (cost=0.00..165745.68 rows=1 width=84) (actual time=0.009..0.305 rows=232 loops=1)
                           Filter: ((unix_time >= '1685451239.385'::double precision) AND (unix_time <= '1685451299.385'::double precision) AND st_dwithin(st_transform(the_geom, 25833), '0101000020E9640000A9ADBD0E6ADC23418794853D260F5741'::geometry, '300'::double precision))
                           Rows Removed by Filter: 3428
   ->  Subquery Scan on "*SELECT* 4"  (cost=165745.69..165745.70 rows=1 width=76) (actual time=0.371..0.372 rows=1 loops=1)
         ->  Limit  (cost=165745.69..165745.69 rows=1 width=84) (actual time=0.368..0.369 rows=1 loops=1)
               ->  Sort  (cost=165745.69..165745.69 rows=1 width=84) (actual time=0.366..0.367 rows=1 loops=1)
                     Sort Key: (st_distance(st_transform(s_3.the_geom, 25833), '0101000020E9640000CA4828406DDC23414E51405E240F5741'::geometry))
                     Sort Method: top-N heapsort  Memory: 25kB
                     ->  Seq Scan on phoml_trajectory_tmp s_3  (cost=0.00..165745.68 rows=1 width=84) (actual time=0.025..0.330 rows=244 loops=1)
                           Filter: ((unix_time >= '1685451240.761'::double precision) AND (unix_time <= '1685451300.761'::double precision) AND st_dwithin(st_transform(the_geom, 25833), '0101000020E9640000CA4828406DDC23414E51405E240F5741'::geometry, '300'::double precision))
                           Rows Removed by Filter: 3416
   ->  Subquery Scan on "*SELECT* 5"  (cost=165745.69..165745.70 rows=1 width=76) (actual time=0.379..0.380 rows=1 loops=1)
         ->  Limit  (cost=165745.69..165745.69 rows=1 width=84) (actual time=0.376..0.377 rows=1 loops=1)
               ->  Sort  (cost=165745.69..165745.69 rows=1 width=84) (actual time=0.375..0.375 rows=1 loops=1)
                     Sort Key: (st_distance(st_transform(s_4.the_geom, 25833), '0101000020E964000058C75E116DDC23413E95FECB210F5741'::geometry))
                     Sort Method: top-N heapsort  Memory: 25kB
                     ->  Seq Scan on phoml_trajectory_tmp s_4  (cost=0.00..165745.68 rows=1 width=84) (actual time=0.009..0.336 rows=256 loops=1)
                           Filter: ((unix_time >= '1685451241.894'::double precision) AND (unix_time <= '1685451301.894'::double precision) AND st_dwithin(st_transform(the_geom, 25833), '0101000020E964000058C75E116DDC23413E95FECB210F5741'::geometry, '300'::double precision))
                           Rows Removed by Filter: 3404
   ->  Subquery Scan on "*SELECT* 6"  (cost=165745.69..165745.70 rows=1 width=76) (actual time=0.374..0.375 rows=1 loops=1)
         ->  Limit  (cost=165745.69..165745.69 rows=1 width=84) (actual time=0.372..0.373 rows=1 loops=1)
               ->  Sort  (cost=165745.69..165745.69 rows=1 width=84) (actual time=0.370..0.370 rows=1 loops=1)
                     Sort Key: (st_distance(st_transform(s_5.the_geom, 25833), '0101000020E96400007B993CF269DC2341C3B50A6A1F0F5741'::geometry))
                     Sort Method: top-N heapsort  Memory: 25kB
                     ->  Seq Scan on phoml_trajectory_tmp s_5  (cost=0.00..165745.68 rows=1 width=84) (actual time=0.009..0.331 rows=264 loops=1)
                           Filter: ((unix_time >= '1685451242.891'::double precision) AND (unix_time <= '1685451302.891'::double precision) AND st_dwithin(st_transform(the_geom, 25833), '0101000020E96400007B993CF269DC2341C3B50A6A1F0F5741'::geometry, '300'::double precision))
                           Rows Removed by Filter: 3396
   ->  Subquery Scan on "*SELECT* 7"  (cost=165745.69..165745.70 rows=1 width=76) (actual time=0.397..0.398 rows=1 loops=1)
         ->  Limit  (cost=165745.69..165745.69 rows=1 width=84) (actual time=0.394..0.395 rows=1 loops=1)
               ->  Sort  (cost=165745.69..165745.69 rows=1 width=84) (actual time=0.393..0.394 rows=1 loops=1)
                     Sort Key: (st_distance(st_transform(s_6.the_geom, 25833), '0101000020E9640000C52BCFCD65DC23417258F35C1D0F5741'::geometry))
                     Sort Method: top-N heapsort  Memory: 25kB
                     ->  Seq Scan on phoml_trajectory_tmp s_6  (cost=0.00..165745.68 rows=1 width=84) (actual time=0.007..0.353 rows=272 loops=1)
                           Filter: ((unix_time >= '1685451243.784'::double precision) AND (unix_time <= '1685451303.784'::double precision) AND st_dwithin(st_transform(the_geom, 25833), '0101000020E9640000C52BCFCD65DC23417258F35C1D0F5741'::geometry, '300'::double precision))
                           Rows Removed by Filter: 3388
   ->  Subquery Scan on "*SELECT* 8"  (cost=165745.69..165745.70 rows=1 width=76) (actual time=0.388..0.389 rows=1 loops=1)
         ->  Limit  (cost=165745.69..165745.69 rows=1 width=84) (actual time=0.387..0.387 rows=1 loops=1)
               ->  Sort  (cost=165745.69..165745.69 rows=1 width=84) (actual time=0.385..0.386 rows=1 loops=1)
                     Sort Key: (st_distance(st_transform(s_7.the_geom, 25833), '0101000020E964000060E92F5C61DC2341FD585CA11B0F5741'::geometry))
                     Sort Method: top-N heapsort  Memory: 25kB
                     ->  Seq Scan on phoml_trajectory_tmp s_7  (cost=0.00..165745.68 rows=1 width=84) (actual time=0.010..0.343 rows=280 loops=1)
                           Filter: ((unix_time >= '1685451244.584'::double precision) AND (unix_time <= '1685451304.584'::double precision) AND st_dwithin(st_transform(the_geom, 25833), '0101000020E964000060E92F5C61DC2341FD585CA11B0F5741'::geometry, '300'::double precision))
                           Rows Removed by Filter: 3380
   ->  Subquery Scan on "*SELECT* 9"  (cost=165745.69..165745.70 rows=1 width=76) (actual time=0.394..0.395 rows=1 loops=1)
         ->  Limit  (cost=165745.69..165745.69 rows=1 width=84) (actual time=0.392..0.393 rows=1 loops=1)
               ->  Sort  (cost=165745.69..165745.69 rows=1 width=84) (actual time=0.390..0.391 rows=1 loops=1)
                     Sort Key: (st_distance(st_transform(s_8.the_geom, 25833), '0101000020E9640000615AFCEA5CDC2341075B430A1A0F5741'::geometry))
                     Sort Method: top-N heapsort  Memory: 25kB
                     ->  Seq Scan on phoml_trajectory_tmp s_8  (cost=0.00..165745.68 rows=1 width=84) (actual time=0.008..0.350 rows=284 loops=1)
                           Filter: ((unix_time >= '1685451245.332'::double precision) AND (unix_time <= '1685451305.332'::double precision) AND st_dwithin(st_transform(the_geom, 25833), '0101000020E9640000615AFCEA5CDC2341075B430A1A0F5741'::geometry, '300'::double precision))
                           Rows Removed by Filter: 3376
   ->  Subquery Scan on "*SELECT* 10"  (cost=165745.69..165745.70 rows=1 width=76) (actual time=0.410..0.411 rows=1 loops=1)
         ->  Limit  (cost=165745.69..165745.69 rows=1 width=84) (actual time=0.407..0.407 rows=1 loops=1)
               ->  Sort  (cost=165745.69..165745.69 rows=1 width=84) (actual time=0.405..0.406 rows=1 loops=1)
                     Sort Key: (st_distance(st_transform(s_9.the_geom, 25833), '0101000020E96400001E6AE13858DC234165932285180F5741'::geometry))
                     Sort Method: top-N heapsort  Memory: 25kB
                     ->  Seq Scan on phoml_trajectory_tmp s_9  (cost=0.00..165745.68 rows=1 width=84) (actual time=0.007..0.363 rows=288 loops=1)
                           Filter: ((unix_time >= '1685451246.052'::double precision) AND (unix_time <= '1685451306.052'::double precision) AND st_dwithin(st_transform(the_geom, 25833), '0101000020E96400001E6AE13858DC234165932285180F5741'::geometry, '300'::double precision))
                           Rows Removed by Filter: 3372
   ->  Subquery Scan on "*SELECT* 11"  (cost=165745.69..165745.70 rows=1 width=76) (actual time=0.403..0.405 rows=1 loops=1)
         ->  Limit  (cost=165745.69..165745.69 rows=1 width=84) (actual time=0.402..0.402 rows=1 loops=1)
               ->  Sort  (cost=165745.69..165745.69 rows=1 width=84) (actual time=0.400..0.400 rows=1 loops=1)
                     Sort Key: (st_distance(st_transform(s_10.the_geom, 25833), '0101000020E96400000F156EC654DC2341E39C3A41170F5741'::geometry))
                     Sort Method: top-N heapsort  Memory: 25kB
                     ->  Seq Scan on phoml_trajectory_tmp s_10  (cost=0.00..165745.68 rows=1 width=84) (actual time=0.008..0.359 rows=292 loops=1)
                           Filter: ((unix_time >= '1685451246.716'::double precision) AND (unix_time <= '1685451306.716'::double precision) AND st_dwithin(st_transform(the_geom, 25833), '0101000020E96400000F156EC654DC2341E39C3A41170F5741'::geometry, '300'::double precision))
                           Rows Removed by Filter: 3368
   ->  Subquery Scan on "*SELECT* 12"  (cost=165745.69..165745.70 rows=1 width=76) (actual time=0.421..0.422 rows=1 loops=1)
         ->  Limit  (cost=165745.69..165745.69 rows=1 width=84) (actual time=0.418..0.419 rows=1 loops=1)
               ->  Sort  (cost=165745.69..165745.69 rows=1 width=84) (actual time=0.416..0.416 rows=1 loops=1)
                     Sort Key: (st_distance(st_transform(s_11.the_geom, 25833), '0101000020E96400003631DA9B51DC23419D7019F8150F5741'::geometry))
                     Sort Method: top-N heapsort  Memory: 25kB
                     ->  Seq Scan on phoml_trajectory_tmp s_11  (cost=0.00..165745.68 rows=1 width=84) (actual time=0.010..0.374 rows=296 loops=1)
                           Filter: ((unix_time >= '1685451247.376'::double precision) AND (unix_time <= '1685451307.376'::double precision) AND st_dwithin(st_transform(the_geom, 25833), '0101000020E96400003631DA9B51DC23419D7019F8150F5741'::geometry, '300'::double precision))
                           Rows Removed by Filter: 3364
   ->  Subquery Scan on "*SELECT* 13"  (cost=165745.69..165745.70 rows=1 width=76) (actual time=0.412..0.413 rows=1 loops=1)
         ->  Limit  (cost=165745.69..165745.69 rows=1 width=84) (actual time=0.410..0.411 rows=1 loops=1)
               ->  Sort  (cost=165745.69..165745.69 rows=1 width=84) (actual time=0.408..0.409 rows=1 loops=1)
                     Sort Key: (st_distance(st_transform(s_12.the_geom, 25833), '0101000020E96400003CDC5E2A4EDC23411775B1B7140F5741'::geometry))
                     Sort Method: top-N heapsort  Memory: 25kB
                     ->  Seq Scan on phoml_trajectory_tmp s_12  (cost=0.00..165745.68 rows=1 width=84) (actual time=0.008..0.365 rows=300 loops=1)
                           Filter: ((unix_time >= '1685451247.986'::double precision) AND (unix_time <= '1685451307.986'::double precision) AND st_dwithin(st_transform(the_geom, 25833), '0101000020E96400003CDC5E2A4EDC23411775B1B7140F5741'::geometry, '300'::double precision))
                           Rows Removed by Filter: 3360
   ->  Subquery Scan on "*SELECT* 14"  (cost=165745.69..165745.70 rows=1 width=76) (actual time=0.428..0.429 rows=1 loops=1)
         ->  Limit  (cost=165745.69..165745.69 rows=1 width=84) (actual time=0.425..0.426 rows=1 loops=1)
               ->  Sort  (cost=165745.69..165745.69 rows=1 width=84) (actual time=0.423..0.424 rows=1 loops=1)
                     Sort Key: (st_distance(st_transform(s_13.the_geom, 25833), '0101000020E96400007B1018374ADC23414CE3EE6A130F5741'::geometry))
                     Sort Method: top-N heapsort  Memory: 25kB
                     ->  Seq Scan on phoml_trajectory_tmp s_13  (cost=0.00..165745.68 rows=1 width=84) (actual time=0.007..0.379 rows=308 loops=1)
                           Filter: ((unix_time >= '1685451248.591'::double precision) AND (unix_time <= '1685451308.591'::double precision) AND st_dwithin(st_transform(the_geom, 25833), '0101000020E96400007B1018374ADC23414CE3EE6A130F5741'::geometry, '300'::double precision))
                           Rows Removed by Filter: 3352
   ->  Subquery Scan on "*SELECT* 15"  (cost=165745.69..165745.70 rows=1 width=76) (actual time=0.441..0.442 rows=1 loops=1)
         ->  Limit  (cost=165745.69..165745.69 rows=1 width=84) (actual time=0.439..0.440 rows=1 loops=1)
               ->  Sort  (cost=165745.69..165745.69 rows=1 width=84) (actual time=0.437..0.438 rows=1 loops=1)
                     Sort Key: (st_distance(st_transform(s_14.the_geom, 25833), '0101000020E9640000FE1325C046DC234165609F2E120F5741'::geometry))
                     Sort Method: top-N heapsort  Memory: 25kB
                     ->  Seq Scan on phoml_trajectory_tmp s_14  (cost=0.00..165745.68 rows=1 width=84) (actual time=0.008..0.392 rows=312 loops=1)
                           Filter: ((unix_time >= '1685451249.175'::double precision) AND (unix_time <= '1685451309.175'::double precision) AND st_dwithin(st_transform(the_geom, 25833), '0101000020E9640000FE1325C046DC234165609F2E120F5741'::geometry, '300'::double precision))
                           Rows Removed by Filter: 3348
   ->  Subquery Scan on "*SELECT* 16"  (cost=165745.69..165745.70 rows=1 width=76) (actual time=0.431..0.432 rows=1 loops=1)
         ->  Limit  (cost=165745.69..165745.69 rows=1 width=84) (actual time=0.429..0.429 rows=1 loops=1)
               ->  Sort  (cost=165745.69..165745.69 rows=1 width=84) (actual time=0.427..0.427 rows=1 loops=1)
                     Sort Key: (st_distance(st_transform(s_15.the_geom, 25833), '0101000020E96400003CC7FC9F43DC23419E07860D110F5741'::geometry))
                     Sort Method: top-N heapsort  Memory: 25kB
                     ->  Seq Scan on phoml_trajectory_tmp s_15  (cost=0.00..165745.68 rows=1 width=84) (actual time=0.010..0.382 rows=316 loops=1)
                           Filter: ((unix_time >= '1685451249.715'::double precision) AND (unix_time <= '1685451309.715'::double precision) AND st_dwithin(st_transform(the_geom, 25833), '0101000020E96400003CC7FC9F43DC23419E07860D110F5741'::geometry, '300'::double precision))
                           Rows Removed by Filter: 3344
   ->  Subquery Scan on "*SELECT* 17"  (cost=165745.69..165745.70 rows=1 width=76) (actual time=0.455..0.456 rows=1 loops=1)
         ->  Limit  (cost=165745.69..165745.69 rows=1 width=84) (actual time=0.451..0.452 rows=1 loops=1)
               ->  Sort  (cost=165745.69..165745.69 rows=1 width=84) (actual time=0.450..0.450 rows=1 loops=1)
                     Sort Key: (st_distance(st_transform(s_16.the_geom, 25833), '0101000020E9640000061F35C840DC234144A1FFDB0F0F5741'::geometry))
                     Sort Method: top-N heapsort  Memory: 25kB
                     ->  Seq Scan on phoml_trajectory_tmp s_16  (cost=0.00..165745.68 rows=1 width=84) (actual time=0.007..0.404 rows=320 loops=1)
                           Filter: ((unix_time >= '1685451250.256'::double precision) AND (unix_time <= '1685451310.256'::double precision) AND st_dwithin(st_transform(the_geom, 25833), '0101000020E9640000061F35C840DC234144A1FFDB0F0F5741'::geometry, '300'::double precision))
                           Rows Removed by Filter: 3340
   ->  Subquery Scan on "*SELECT* 18"  (cost=165745.69..165745.70 rows=1 width=76) (actual time=0.436..0.437 rows=1 loops=1)
         ->  Limit  (cost=165745.69..165745.69 rows=1 width=84) (actual time=0.435..0.436 rows=1 loops=1)
               ->  Sort  (cost=165745.69..165745.69 rows=1 width=84) (actual time=0.433..0.433 rows=1 loops=1)
                     Sort Key: (st_distance(st_transform(s_17.the_geom, 25833), '0101000020E96400000D0A21C93DDC2341B0BE4FAE0E0F5741'::geometry))
                     Sort Method: top-N heapsort  Memory: 25kB
                     ->  Seq Scan on phoml_trajectory_tmp s_17  (cost=0.00..165745.68 rows=1 width=84) (actual time=0.009..0.386 rows=324 loops=1)
                           Filter: ((unix_time >= '1685451250.776'::double precision) AND (unix_time <= '1685451310.776'::double precision) AND st_dwithin(st_transform(the_geom, 25833), '0101000020E96400000D0A21C93DDC2341B0BE4FAE0E0F5741'::geometry, '300'::double precision))
                           Rows Removed by Filter: 3336
   ->  Subquery Scan on "*SELECT* 19"  (cost=165745.69..165745.70 rows=1 width=76) (actual time=0.472..0.473 rows=1 loops=1)
         ->  Limit  (cost=165745.69..165745.69 rows=1 width=84) (actual time=0.469..0.470 rows=1 loops=1)
               ->  Sort  (cost=165745.69..165745.69 rows=1 width=84) (actual time=0.467..0.468 rows=1 loops=1)
                     Sort Key: (st_distance(st_transform(s_18.the_geom, 25833), '0101000020E96400007DDB2AA23ADC2341ACBEEA800D0F5741'::geometry))
                     Sort Method: top-N heapsort  Memory: 25kB
                     ->  Seq Scan on phoml_trajectory_tmp s_18  (cost=0.00..165745.68 rows=1 width=84) (actual time=0.007..0.419 rows=328 loops=1)
                           Filter: ((unix_time >= '1685451251.3'::double precision) AND (unix_time <= '1685451311.3'::double precision) AND st_dwithin(st_transform(the_geom, 25833), '0101000020E96400007DDB2AA23ADC2341ACBEEA800D0F5741'::geometry, '300'::double precision))
                           Rows Removed by Filter: 3332
   ->  Subquery Scan on "*SELECT* 20"  (cost=165745.69..165745.70 rows=1 width=76) (actual time=0.449..0.451 rows=1 loops=1)
         ->  Limit  (cost=165745.69..165745.69 rows=1 width=84) (actual time=0.448..0.448 rows=1 loops=1)
               ->  Sort  (cost=165745.69..165745.69 rows=1 width=84) (actual time=0.446..0.446 rows=1 loops=1)
                     Sort Key: (st_distance(st_transform(s_19.the_geom, 25833), '0101000020E9640000BDC674AF37DC23418CAF1C500C0F5741'::geometry))
                     Sort Method: top-N heapsort  Memory: 25kB
                     ->  Seq Scan on phoml_trajectory_tmp s_19  (cost=0.00..165745.68 rows=1 width=84) (actual time=0.010..0.397 rows=332 loops=1)
                           Filter: ((unix_time >= '1685451251.81'::double precision) AND (unix_time <= '1685451311.81'::double precision) AND st_dwithin(st_transform(the_geom, 25833), '0101000020E9640000BDC674AF37DC23418CAF1C500C0F5741'::geometry, '300'::double precision))
                           Rows Removed by Filter: 3328
   ->  Subquery Scan on "*SELECT* 21"  (cost=165745.69..165745.70 rows=1 width=76) (actual time=0.461..0.462 rows=1 loops=1)
         ->  Limit  (cost=165745.69..165745.69 rows=1 width=84) (actual time=0.457..0.458 rows=1 loops=1)
               ->  Sort  (cost=165745.69..165745.69 rows=1 width=84) (actual time=0.456..0.456 rows=1 loops=1)
                     Sort Key: (st_distance(st_transform(s_20.the_geom, 25833), '0101000020E96400008722479834DC23413B56A51F0B0F5741'::geometry))
                     Sort Method: top-N heapsort  Memory: 25kB
                     ->  Seq Scan on phoml_trajectory_tmp s_20  (cost=0.00..165745.68 rows=1 width=84) (actual time=0.008..0.402 rows=336 loops=1)
                           Filter: ((unix_time >= '1685451252.306'::double precision) AND (unix_time <= '1685451312.306'::double precision) AND st_dwithin(st_transform(the_geom, 25833), '0101000020E96400008722479834DC23413B56A51F0B0F5741'::geometry, '300'::double precision))
                           Rows Removed by Filter: 3324
   ->  Subquery Scan on "*SELECT* 22"  (cost=165745.69..165745.70 rows=1 width=76) (actual time=0.452..0.453 rows=1 loops=1)
         ->  Limit  (cost=165745.69..165745.69 rows=1 width=84) (actual time=0.450..0.451 rows=1 loops=1)
               ->  Sort  (cost=165745.69..165745.69 rows=1 width=84) (actual time=0.448..0.449 rows=1 loops=1)
                     Sort Key: (st_distance(st_transform(s_21.the_geom, 25833), '0101000020E964000029AA994731DC234152AC69E0090F5741'::geometry))
                     Sort Method: top-N heapsort  Memory: 25kB
                     ->  Seq Scan on phoml_trajectory_tmp s_21  (cost=0.00..165745.68 rows=1 width=84) (actual time=0.008..0.400 rows=340 loops=1)
                           Filter: ((unix_time >= '1685451252.816'::double precision) AND (unix_time <= '1685451312.816'::double precision) AND st_dwithin(st_transform(the_geom, 25833), '0101000020E964000029AA994731DC234152AC69E0090F5741'::geometry, '300'::double precision))
                           Rows Removed by Filter: 3320
   ->  Subquery Scan on "*SELECT* 23"  (cost=165745.69..165745.70 rows=1 width=76) (actual time=0.475..0.476 rows=1 loops=1)
         ->  Limit  (cost=165745.69..165745.69 rows=1 width=84) (actual time=0.472..0.473 rows=1 loops=1)
               ->  Sort  (cost=165745.69..165745.69 rows=1 width=84) (actual time=0.471..0.471 rows=1 loops=1)
                     Sort Key: (st_distance(st_transform(s_22.the_geom, 25833), '0101000020E96400003B829E3E2EDC2341CC8A6DB7080F5741'::geometry))
                     Sort Method: top-N heapsort  Memory: 25kB
                     ->  Seq Scan on phoml_trajectory_tmp s_22  (cost=0.00..165745.68 rows=1 width=84) (actual time=0.007..0.421 rows=344 loops=1)
                           Filter: ((unix_time >= '1685451253.312'::double precision) AND (unix_time <= '1685451313.312'::double precision) AND st_dwithin(st_transform(the_geom, 25833), '0101000020E96400003B829E3E2EDC2341CC8A6DB7080F5741'::geometry, '300'::double precision))
                           Rows Removed by Filter: 3316
   ->  Subquery Scan on "*SELECT* 24"  (cost=165745.69..165745.70 rows=1 width=76) (actual time=0.473..0.474 rows=1 loops=1)
         ->  Limit  (cost=165745.69..165745.69 rows=1 width=84) (actual time=0.471..0.472 rows=1 loops=1)
               ->  Sort  (cost=165745.69..165745.69 rows=1 width=84) (actual time=0.470..0.470 rows=1 loops=1)
                     Sort Key: (st_distance(st_transform(s_23.the_geom, 25833), '0101000020E9640000F5CA2D212BDC2341ED42958C070F5741'::geometry))
                     Sort Method: top-N heapsort  Memory: 25kB
                     ->  Seq Scan on phoml_trajectory_tmp s_23  (cost=0.00..165745.68 rows=1 width=84) (actual time=0.010..0.417 rows=348 loops=1)
                           Filter: ((unix_time >= '1685451253.802'::double precision) AND (unix_time <= '1685451313.802'::double precision) AND st_dwithin(st_transform(the_geom, 25833), '0101000020E9640000F5CA2D212BDC2341ED42958C070F5741'::geometry, '300'::double precision))
                           Rows Removed by Filter: 3312
   ->  Subquery Scan on "*SELECT* 25"  (cost=165745.69..165745.70 rows=1 width=76) (actual time=0.473..0.475 rows=1 loops=1)
         ->  Limit  (cost=165745.69..165745.69 rows=1 width=84) (actual time=0.470..0.471 rows=1 loops=1)
               ->  Sort  (cost=165745.69..165745.69 rows=1 width=84) (actual time=0.469..0.469 rows=1 loops=1)
                     Sort Key: (st_distance(st_transform(s_24.the_geom, 25833), '0101000020E9640000F90E262B28DC234168B1435A060F5741'::geometry))
                     Sort Method: top-N heapsort  Memory: 25kB
                     ->  Seq Scan on phoml_trajectory_tmp s_24  (cost=0.00..165745.68 rows=1 width=84) (actual time=0.007..0.417 rows=352 loops=1)
                           Filter: ((unix_time >= '1685451254.298'::double precision) AND (unix_time <= '1685451314.298'::double precision) AND st_dwithin(st_transform(the_geom, 25833), '0101000020E9640000F90E262B28DC234168B1435A060F5741'::geometry, '300'::double precision))
                           Rows Removed by Filter: 3308
   ->  Subquery Scan on "*SELECT* 26"  (cost=165745.69..165745.70 rows=1 width=76) (actual time=0.466..0.467 rows=1 loops=1)
         ->  Limit  (cost=165745.69..165745.69 rows=1 width=84) (actual time=0.464..0.465 rows=1 loops=1)
               ->  Sort  (cost=165745.69..165745.69 rows=1 width=84) (actual time=0.462..0.463 rows=1 loops=1)
                     Sort Key: (st_distance(st_transform(s_25.the_geom, 25833), '0101000020E9640000E0C1A61925DC23415A492F2A050F5741'::geometry))
                     Sort Method: top-N heapsort  Memory: 25kB
                     ->  Seq Scan on phoml_trajectory_tmp s_25  (cost=0.00..165745.68 rows=1 width=84) (actual time=0.007..0.412 rows=356 loops=1)
                           Filter: ((unix_time >= '1685451254.778'::double precision) AND (unix_time <= '1685451314.778'::double precision) AND st_dwithin(st_transform(the_geom, 25833), '0101000020E9640000E0C1A61925DC23415A492F2A050F5741'::geometry, '300'::double precision))
                           Rows Removed by Filter: 3304
   ->  Subquery Scan on "*SELECT* 27"  (cost=165745.69..165745.70 rows=1 width=76) (actual time=0.480..0.481 rows=1 loops=1)
         ->  Limit  (cost=165745.69..165745.69 rows=1 width=84) (actual time=0.477..0.478 rows=1 loops=1)
               ->  Sort  (cost=165745.69..165745.69 rows=1 width=84) (actual time=0.475..0.476 rows=1 loops=1)
                     Sort Key: (st_distance(st_transform(s_26.the_geom, 25833), '0101000020E96400007E4F2E5F22DC2341CA3197FE030F5741'::geometry))
                     Sort Method: top-N heapsort  Memory: 25kB
                     ->  Seq Scan on phoml_trajectory_tmp s_26  (cost=0.00..165745.68 rows=1 width=84) (actual time=0.007..0.424 rows=360 loops=1)
                           Filter: ((unix_time >= '1685451255.261'::double precision) AND (unix_time <= '1685451315.261'::double precision) AND st_dwithin(st_transform(the_geom, 25833), '0101000020E96400007E4F2E5F22DC2341CA3197FE030F5741'::geometry, '300'::double precision))
                           Rows Removed by Filter: 3300
   ->  Subquery Scan on "*SELECT* 28"  (cost=165745.69..165745.70 rows=1 width=76) (actual time=0.482..0.484 rows=1 loops=1)
         ->  Limit  (cost=165745.69..165745.69 rows=1 width=84) (actual time=0.480..0.481 rows=1 loops=1)
               ->  Sort  (cost=165745.69..165745.69 rows=1 width=84) (actual time=0.479..0.479 rows=1 loops=1)
                     Sort Key: (st_distance(st_transform(s_27.the_geom, 25833), '0101000020E964000032824C901FDC23416BF0B9D3020F5741'::geometry))
                     Sort Method: top-N heapsort  Memory: 25kB
                     ->  Seq Scan on phoml_trajectory_tmp s_27  (cost=0.00..165745.68 rows=1 width=84) (actual time=0.009..0.425 rows=364 loops=1)
                           Filter: ((unix_time >= '1685451255.741'::double precision) AND (unix_time <= '1685451315.741'::double precision) AND st_dwithin(st_transform(the_geom, 25833), '0101000020E964000032824C901FDC23416BF0B9D3020F5741'::geometry, '300'::double precision))
                           Rows Removed by Filter: 3296
   ->  Subquery Scan on "*SELECT* 29"  (cost=165745.69..165745.70 rows=1 width=76) (actual time=0.492..0.493 rows=1 loops=1)
         ->  Limit  (cost=165745.69..165745.69 rows=1 width=84) (actual time=0.489..0.489 rows=1 loops=1)
               ->  Sort  (cost=165745.69..165745.69 rows=1 width=84) (actual time=0.487..0.487 rows=1 loops=1)
                     Sort Key: (st_distance(st_transform(s_28.the_geom, 25833), '0101000020E96400005CAF71C71CDC234156CE3BA3010F5741'::geometry))
                     Sort Method: top-N heapsort  Memory: 25kB
                     ->  Seq Scan on phoml_trajectory_tmp s_28  (cost=0.00..165745.68 rows=1 width=84) (actual time=0.007..0.434 rows=368 loops=1)
                           Filter: ((unix_time >= '1685451256.211'::double precision) AND (unix_time <= '1685451316.211'::double precision) AND st_dwithin(st_transform(the_geom, 25833), '0101000020E96400005CAF71C71CDC234156CE3BA3010F5741'::geometry, '300'::double precision))
                           Rows Removed by Filter: 3292
   ->  Subquery Scan on "*SELECT* 30"  (cost=165745.69..165745.70 rows=1 width=76) (actual time=0.484..0.485 rows=1 loops=1)
         ->  Limit  (cost=165745.69..165745.69 rows=1 width=84) (actual time=0.482..0.483 rows=1 loops=1)
               ->  Sort  (cost=165745.69..165745.69 rows=1 width=84) (actual time=0.481..0.481 rows=1 loops=1)
                     Sort Key: (st_distance(st_transform(s_29.the_geom, 25833), '0101000020E964000092D486BB19DC23418137F574000F5741'::geometry))
                     Sort Method: top-N heapsort  Memory: 25kB
                     ->  Seq Scan on phoml_trajectory_tmp s_29  (cost=0.00..165745.68 rows=1 width=84) (actual time=0.008..0.428 rows=372 loops=1)
                           Filter: ((unix_time >= '1685451256.681'::double precision) AND (unix_time <= '1685451316.681'::double precision) AND st_dwithin(st_transform(the_geom, 25833), '0101000020E964000092D486BB19DC23418137F574000F5741'::geometry, '300'::double precision))
                           Rows Removed by Filter: 3288
   ->  Subquery Scan on "*SELECT* 31"  (cost=165745.69..165745.70 rows=1 width=76) (actual time=0.505..0.507 rows=1 loops=1)
         ->  Limit  (cost=165745.69..165745.69 rows=1 width=84) (actual time=0.502..0.503 rows=1 loops=1)
               ->  Sort  (cost=165745.69..165745.69 rows=1 width=84) (actual time=0.501..0.501 rows=1 loops=1)
                     Sort Key: (st_distance(st_transform(s_30.the_geom, 25833), '0101000020E9640000CACADFE016DC234134092840FF0E5741'::geometry))
                     Sort Method: top-N heapsort  Memory: 25kB
                     ->  Seq Scan on phoml_trajectory_tmp s_30  (cost=0.00..165745.68 rows=1 width=84) (actual time=0.008..0.447 rows=380 loops=1)
                           Filter: ((unix_time >= '1685451257.155'::double precision) AND (unix_time <= '1685451317.155'::double precision) AND st_dwithin(st_transform(the_geom, 25833), '0101000020E9640000CACADFE016DC234134092840FF0E5741'::geometry, '300'::double precision))
                           Rows Removed by Filter: 3280
   ->  Subquery Scan on "*SELECT* 32"  (cost=165745.69..165745.70 rows=1 width=76) (actual time=0.511..0.512 rows=1 loops=1)
         ->  Limit  (cost=165745.69..165745.69 rows=1 width=84) (actual time=0.510..0.510 rows=1 loops=1)
               ->  Sort  (cost=165745.69..165745.69 rows=1 width=84) (actual time=0.508..0.508 rows=1 loops=1)
                     Sort Key: (st_distance(st_transform(s_31.the_geom, 25833), '0101000020E96400001F8B5BD613DC2341EC8A2907FE0E5741'::geometry))
                     Sort Method: top-N heapsort  Memory: 25kB
                     ->  Seq Scan on phoml_trajectory_tmp s_31  (cost=0.00..165745.68 rows=1 width=84) (actual time=0.013..0.453 rows=384 loops=1)
                           Filter: ((unix_time >= '1685451257.605'::double precision) AND (unix_time <= '1685451317.605'::double precision) AND st_dwithin(st_transform(the_geom, 25833), '0101000020E96400001F8B5BD613DC2341EC8A2907FE0E5741'::geometry, '300'::double precision))
                           Rows Removed by Filter: 3276
   ->  Subquery Scan on "*SELECT* 33"  (cost=165745.69..165745.70 rows=1 width=76) (actual time=0.513..0.514 rows=1 loops=1)
         ->  Limit  (cost=165745.69..165745.69 rows=1 width=84) (actual time=0.510..0.511 rows=1 loops=1)
               ->  Sort  (cost=165745.69..165745.69 rows=1 width=84) (actual time=0.508..0.509 rows=1 loops=1)
                     Sort Key: (st_distance(st_transform(s_32.the_geom, 25833), '0101000020E964000083EBF7DA10DC2341FD0E20D7FC0E5741'::geometry))
                     Sort Method: top-N heapsort  Memory: 25kB
                     ->  Seq Scan on phoml_trajectory_tmp s_32  (cost=0.00..165745.68 rows=1 width=84) (actual time=0.007..0.454 rows=388 loops=1)
                           Filter: ((unix_time >= '1685451258.055'::double precision) AND (unix_time <= '1685451318.055'::double precision) AND st_dwithin(st_transform(the_geom, 25833), '0101000020E964000083EBF7DA10DC2341FD0E20D7FC0E5741'::geometry, '300'::double precision))
                           Rows Removed by Filter: 3272
   ->  Subquery Scan on "*SELECT* 34"  (cost=165745.69..165745.70 rows=1 width=76) (actual time=0.505..0.506 rows=1 loops=1)
         ->  Limit  (cost=165745.69..165745.69 rows=1 width=84) (actual time=0.503..0.504 rows=1 loops=1)
               ->  Sort  (cost=165745.69..165745.69 rows=1 width=84) (actual time=0.501..0.502 rows=1 loops=1)
                     Sort Key: (st_distance(st_transform(s_33.the_geom, 25833), '0101000020E9640000E10C2BF20DDC234168F08BB1FB0E5741'::geometry))
                     Sort Method: top-N heapsort  Memory: 25kB
                     ->  Seq Scan on phoml_trajectory_tmp s_33  (cost=0.00..165745.68 rows=1 width=84) (actual time=0.007..0.444 rows=396 loops=1)
                           Filter: ((unix_time >= '1685451258.501'::double precision) AND (unix_time <= '1685451318.501'::double precision) AND st_dwithin(st_transform(the_geom, 25833), '0101000020E9640000E10C2BF20DDC234168F08BB1FB0E5741'::geometry, '300'::double precision))
                           Rows Removed by Filter: 3264
   ->  Subquery Scan on "*SELECT* 35"  (cost=165745.69..165745.70 rows=1 width=76) (actual time=0.522..0.523 rows=1 loops=1)
         ->  Limit  (cost=165745.69..165745.69 rows=1 width=84) (actual time=0.518..0.519 rows=1 loops=1)
               ->  Sort  (cost=165745.69..165745.69 rows=1 width=84) (actual time=0.516..0.517 rows=1 loops=1)
                     Sort Key: (st_distance(st_transform(s_34.the_geom, 25833), '0101000020E96400009B5454B00ADC2341A484866DFA0E5741'::geometry))
                     Sort Method: top-N heapsort  Memory: 25kB
                     ->  Seq Scan on phoml_trajectory_tmp s_34  (cost=0.00..165745.68 rows=1 width=84) (actual time=0.009..0.460 rows=404 loops=1)
                           Filter: ((unix_time >= '1685451258.971'::double precision) AND (unix_time <= '1685451318.971'::double precision) AND st_dwithin(st_transform(the_geom, 25833), '0101000020E96400009B5454B00ADC2341A484866DFA0E5741'::geometry, '300'::double precision))
                           Rows Removed by Filter: 3256
   ->  Subquery Scan on "*SELECT* 36"  (cost=165745.69..165745.70 rows=1 width=76) (actual time=0.518..0.519 rows=1 loops=1)
         ->  Limit  (cost=165745.69..165745.69 rows=1 width=84) (actual time=0.516..0.516 rows=1 loops=1)
               ->  Sort  (cost=165745.69..165745.69 rows=1 width=84) (actual time=0.514..0.515 rows=1 loops=1)
                     Sort Key: (st_distance(st_transform(s_35.the_geom, 25833), '0101000020E96400002C448C9407DC23418BCF0846F90E5741'::geometry))
                     Sort Method: top-N heapsort  Memory: 25kB
                     ->  Seq Scan on phoml_trajectory_tmp s_35  (cost=0.00..165745.68 rows=1 width=84) (actual time=0.009..0.456 rows=408 loops=1)
                           Filter: ((unix_time >= '1685451259.409'::double precision) AND (unix_time <= '1685451319.409'::double precision) AND st_dwithin(st_transform(the_geom, 25833), '0101000020E96400002C448C9407DC23418BCF0846F90E5741'::geometry, '300'::double precision))
                           Rows Removed by Filter: 3252
   ->  Subquery Scan on "*SELECT* 37"  (cost=165745.69..165745.70 rows=1 width=76) (actual time=0.529..0.530 rows=1 loops=1)
         ->  Limit  (cost=165745.69..165745.69 rows=1 width=84) (actual time=0.526..0.526 rows=1 loops=1)
               ->  Sort  (cost=165745.69..165745.69 rows=1 width=84) (actual time=0.524..0.525 rows=1 loops=1)
                     Sort Key: (st_distance(st_transform(s_36.the_geom, 25833), '0101000020E96400007D16AC3404DC2341C9E54C06F80E5741'::geometry))
                     Sort Method: top-N heapsort  Memory: 25kB
                     ->  Seq Scan on phoml_trajectory_tmp s_36  (cost=0.00..165745.68 rows=1 width=84) (actual time=0.007..0.466 rows=412 loops=1)
                           Filter: ((unix_time >= '1685451259.869'::double precision) AND (unix_time <= '1685451319.869'::double precision) AND st_dwithin(st_transform(the_geom, 25833), '0101000020E96400007D16AC3404DC2341C9E54C06F80E5741'::geometry, '300'::double precision))
                           Rows Removed by Filter: 3248
   ->  Subquery Scan on "*SELECT* 38"  (cost=165745.69..165745.70 rows=1 width=76) (actual time=0.524..0.525 rows=1 loops=1)
         ->  Limit  (cost=165745.69..165745.69 rows=1 width=84) (actual time=0.523..0.523 rows=1 loops=1)
               ->  Sort  (cost=165745.69..165745.69 rows=1 width=84) (actual time=0.521..0.521 rows=1 loops=1)
                     Sort Key: (st_distance(st_transform(s_37.the_geom, 25833), '0101000020E9640000AD0A26AD00DC2341323F39C3F60E5741'::geometry))
                     Sort Method: top-N heapsort  Memory: 25kB
                     ->  Seq Scan on phoml_trajectory_tmp s_37  (cost=0.00..165745.68 rows=1 width=84) (actual time=0.007..0.461 rows=416 loops=1)
                           Filter: ((unix_time >= '1685451260.335'::double precision) AND (unix_time <= '1685451320.335'::double precision) AND st_dwithin(st_transform(the_geom, 25833), '0101000020E9640000AD0A26AD00DC2341323F39C3F60E5741'::geometry, '300'::double precision))
                           Rows Removed by Filter: 3244
   ->  Subquery Scan on "*SELECT* 39"  (cost=165745.69..165745.70 rows=1 width=76) (actual time=0.537..0.538 rows=1 loops=1)
         ->  Limit  (cost=165745.69..165745.69 rows=1 width=84) (actual time=0.534..0.535 rows=1 loops=1)
               ->  Sort  (cost=165745.69..165745.69 rows=1 width=84) (actual time=0.532..0.533 rows=1 loops=1)
                     Sort Key: (st_distance(st_transform(s_38.the_geom, 25833), '0101000020E9640000AC703EA2FDDB2341BAC566A7F50E5741'::geometry))
                     Sort Method: top-N heapsort  Memory: 25kB
                     ->  Seq Scan on phoml_trajectory_tmp s_38  (cost=0.00..165745.68 rows=1 width=84) (actual time=0.007..0.474 rows=418 loops=1)
                           Filter: ((unix_time >= '1685451260.775'::double precision) AND (unix_time <= '1685451320.775'::double precision) AND st_dwithin(st_transform(the_geom, 25833), '0101000020E9640000AC703EA2FDDB2341BAC566A7F50E5741'::geometry, '300'::double precision))
                           Rows Removed by Filter: 3242
   ->  Subquery Scan on "*SELECT* 40"  (cost=165745.69..165745.70 rows=1 width=76) (actual time=0.539..0.540 rows=1 loops=1)
         ->  Limit  (cost=165745.69..165745.69 rows=1 width=84) (actual time=0.535..0.535 rows=1 loops=1)
               ->  Sort  (cost=165745.69..165745.69 rows=1 width=84) (actual time=0.533..0.533 rows=1 loops=1)
                     Sort Key: (st_distance(st_transform(s_39.the_geom, 25833), '0101000020E96400004EC231F4F9DB2341B016CE5BF40E5741'::geometry))
                     Sort Method: top-N heapsort  Memory: 25kB
                     ->  Seq Scan on phoml_trajectory_tmp s_39  (cost=0.00..165745.68 rows=1 width=84) (actual time=0.009..0.473 rows=420 loops=1)
                           Filter: ((unix_time >= '1685451261.241'::double precision) AND (unix_time <= '1685451321.241'::double precision) AND st_dwithin(st_transform(the_geom, 25833), '0101000020E96400004EC231F4F9DB2341B016CE5BF40E5741'::geometry, '300'::double precision))
                           Rows Removed by Filter: 3240
   ->  Subquery Scan on "*SELECT* 41"  (cost=165745.69..165745.70 rows=1 width=76) (actual time=0.599..0.601 rows=1 loops=1)
         ->  Limit  (cost=165745.69..165745.69 rows=1 width=84) (actual time=0.597..0.598 rows=1 loops=1)
               ->  Sort  (cost=165745.69..165745.69 rows=1 width=84) (actual time=0.594..0.595 rows=1 loops=1)
                     Sort Key: (st_distance(st_transform(s_40.the_geom, 25833), '0101000020E964000055D765FEF5DB2341EAABC322F30E5741'::geometry))
                     Sort Method: top-N heapsort  Memory: 25kB
                     ->  Seq Scan on phoml_trajectory_tmp s_40  (cost=0.00..165745.68 rows=1 width=84) (actual time=0.039..0.528 rows=424 loops=1)
                           Filter: ((unix_time >= '1685451261.681'::double precision) AND (unix_time <= '1685451321.681'::double precision) AND st_dwithin(st_transform(the_geom, 25833), '0101000020E964000055D765FEF5DB2341EAABC322F30E5741'::geometry, '300'::double precision))
                           Rows Removed by Filter: 3236
   ->  Subquery Scan on "*SELECT* 42"  (cost=165745.69..165745.70 rows=1 width=76) (actual time=0.549..0.550 rows=1 loops=1)
         ->  Limit  (cost=165745.69..165745.69 rows=1 width=84) (actual time=0.546..0.547 rows=1 loops=1)
               ->  Sort  (cost=165745.69..165745.69 rows=1 width=84) (actual time=0.545..0.545 rows=1 loops=1)
                     Sort Key: (st_distance(st_transform(s_41.the_geom, 25833), '0101000020E9640000585F2459F2DB23419C5179F3F10E5741'::geometry))
                     Sort Method: top-N heapsort  Memory: 25kB
                     ->  Seq Scan on phoml_trajectory_tmp s_41  (cost=0.00..165745.68 rows=1 width=84) (actual time=0.011..0.483 rows=428 loops=1)
                           Filter: ((unix_time >= '1685451262.131'::double precision) AND (unix_time <= '1685451322.131'::double precision) AND st_dwithin(st_transform(the_geom, 25833), '0101000020E9640000585F2459F2DB23419C5179F3F10E5741'::geometry, '300'::double precision))
                           Rows Removed by Filter: 3232
   ->  Subquery Scan on "*SELECT* 43"  (cost=165745.69..165745.70 rows=1 width=76) (actual time=0.536..0.538 rows=1 loops=1)
         ->  Limit  (cost=165745.69..165745.69 rows=1 width=84) (actual time=0.535..0.535 rows=1 loops=1)
               ->  Sort  (cost=165745.69..165745.69 rows=1 width=84) (actual time=0.533..0.534 rows=1 loops=1)
                     Sort Key: (st_distance(st_transform(s_42.the_geom, 25833), '0101000020E9640000ABE44E63EFDB2341E0425AC8F00E5741'::geometry))
                     Sort Method: top-N heapsort  Memory: 25kB
                     ->  Seq Scan on phoml_trajectory_tmp s_42  (cost=0.00..165745.68 rows=1 width=84) (actual time=0.008..0.471 rows=428 loops=1)
                           Filter: ((unix_time >= '1685451262.59'::double precision) AND (unix_time <= '1685451322.59'::double precision) AND st_dwithin(st_transform(the_geom, 25833), '0101000020E9640000ABE44E63EFDB2341E0425AC8F00E5741'::geometry, '300'::double precision))
                           Rows Removed by Filter: 3232
   ->  Subquery Scan on "*SELECT* 44"  (cost=165745.69..165745.70 rows=1 width=76) (actual time=0.553..0.554 rows=1 loops=1)
         ->  Limit  (cost=165745.69..165745.69 rows=1 width=84) (actual time=0.550..0.551 rows=1 loops=1)
               ->  Sort  (cost=165745.69..165745.69 rows=1 width=84) (actual time=0.548..0.549 rows=1 loops=1)
                     Sort Key: (st_distance(st_transform(s_43.the_geom, 25833), '0101000020E964000046EF0998ECDB2341B102DDA2EF0E5741'::geometry))
                     Sort Method: top-N heapsort  Memory: 25kB
                     ->  Seq Scan on phoml_trajectory_tmp s_43  (cost=0.00..165745.68 rows=1 width=84) (actual time=0.009..0.480 rows=432 loops=1)
                           Filter: ((unix_time >= '1685451263.05'::double precision) AND (unix_time <= '1685451323.05'::double precision) AND st_dwithin(st_transform(the_geom, 25833), '0101000020E964000046EF0998ECDB2341B102DDA2EF0E5741'::geometry, '300'::double precision))
                           Rows Removed by Filter: 3228
   ->  Subquery Scan on "*SELECT* 45"  (cost=165745.69..165745.70 rows=1 width=76) (actual time=0.537..0.538 rows=1 loops=1)
         ->  Limit  (cost=165745.69..165745.69 rows=1 width=84) (actual time=0.535..0.536 rows=1 loops=1)
               ->  Sort  (cost=165745.69..165745.69 rows=1 width=84) (actual time=0.534..0.534 rows=1 loops=1)
                     Sort Key: (st_distance(st_transform(s_44.the_geom, 25833), '0101000020E964000040C98794E9DB234117ED5A71EE0E5741'::geometry))
                     Sort Method: top-N heapsort  Memory: 25kB
                     ->  Seq Scan on phoml_trajectory_tmp s_44  (cost=0.00..165745.68 rows=1 width=84) (actual time=0.009..0.472 rows=436 loops=1)
                           Filter: ((unix_time >= '1685451263.503'::double precision) AND (unix_time <= '1685451323.503'::double precision) AND st_dwithin(st_transform(the_geom, 25833), '0101000020E964000040C98794E9DB234117ED5A71EE0E5741'::geometry, '300'::double precision))
                           Rows Removed by Filter: 3224
   ->  Subquery Scan on "*SELECT* 46"  (cost=165745.69..165745.70 rows=1 width=76) (actual time=0.551..0.552 rows=1 loops=1)
         ->  Limit  (cost=165745.69..165745.69 rows=1 width=84) (actual time=0.548..0.549 rows=1 loops=1)
               ->  Sort  (cost=165745.69..165745.69 rows=1 width=84) (actual time=0.547..0.547 rows=1 loops=1)
                     Sort Key: (st_distance(st_transform(s_45.the_geom, 25833), '0101000020E9640000876F7172E6DB23417115844FED0E5741'::geometry))
                     Sort Method: top-N heapsort  Memory: 25kB
                     ->  Seq Scan on phoml_trajectory_tmp s_45  (cost=0.00..165745.68 rows=1 width=84) (actual time=0.008..0.486 rows=440 loops=1)
                           Filter: ((unix_time >= '1685451263.933'::double precision) AND (unix_time <= '1685451323.933'::double precision) AND st_dwithin(st_transform(the_geom, 25833), '0101000020E9640000876F7172E6DB23417115844FED0E5741'::geometry, '300'::double precision))
                           Rows Removed by Filter: 3220
   ->  Subquery Scan on "*SELECT* 47"  (cost=165745.69..165745.70 rows=1 width=76) (actual time=0.544..0.545 rows=1 loops=1)
         ->  Limit  (cost=165745.69..165745.69 rows=1 width=84) (actual time=0.542..0.543 rows=1 loops=1)
               ->  Sort  (cost=165745.69..165745.69 rows=1 width=84) (actual time=0.540..0.540 rows=1 loops=1)
                     Sort Key: (st_distance(st_transform(s_46.the_geom, 25833), '0101000020E9640000CB5FBA26E3DB234161999612EC0E5741'::geometry))
                     Sort Method: top-N heapsort  Memory: 25kB
                     ->  Seq Scan on phoml_trajectory_tmp s_46  (cost=0.00..165745.68 rows=1 width=84) (actual time=0.008..0.478 rows=440 loops=1)
                           Filter: ((unix_time >= '1685451264.386'::double precision) AND (unix_time <= '1685451324.386'::double precision) AND st_dwithin(st_transform(the_geom, 25833), '0101000020E9640000CB5FBA26E3DB234161999612EC0E5741'::geometry, '300'::double precision))
                           Rows Removed by Filter: 3220
   ->  Subquery Scan on "*SELECT* 48"  (cost=165745.69..165745.70 rows=1 width=76) (actual time=0.565..0.566 rows=1 loops=1)
         ->  Limit  (cost=165745.69..165745.69 rows=1 width=84) (actual time=0.562..0.563 rows=1 loops=1)
               ->  Sort  (cost=165745.69..165745.69 rows=1 width=84) (actual time=0.561..0.561 rows=1 loops=1)
                     Sort Key: (st_distance(st_transform(s_47.the_geom, 25833), '0101000020E964000019F39CAFDFDB23419CC394DFEA0E5741'::geometry))
                     Sort Method: top-N heapsort  Memory: 25kB
                     ->  Seq Scan on phoml_trajectory_tmp s_47  (cost=0.00..165745.68 rows=1 width=84) (actual time=0.009..0.500 rows=440 loops=1)
                           Filter: ((unix_time >= '1685451264.827'::double precision) AND (unix_time <= '1685451324.827'::double precision) AND st_dwithin(st_transform(the_geom, 25833), '0101000020E964000019F39CAFDFDB23419CC394DFEA0E5741'::geometry, '300'::double precision))
                           Rows Removed by Filter: 3220
   ->  Subquery Scan on "*SELECT* 49"  (cost=165745.69..165745.70 rows=1 width=76) (actual time=0.569..0.570 rows=1 loops=1)
         ->  Limit  (cost=165745.69..165745.69 rows=1 width=84) (actual time=0.566..0.567 rows=1 loops=1)
               ->  Sort  (cost=165745.69..165745.69 rows=1 width=84) (actual time=0.565..0.565 rows=1 loops=1)
                     Sort Key: (st_distance(st_transform(s_48.the_geom, 25833), '0101000020E964000065BFDC9CDCDB2341888210BCE90E5741'::geometry))
                     Sort Method: top-N heapsort  Memory: 25kB
                     ->  Seq Scan on phoml_trajectory_tmp s_48  (cost=0.00..165745.68 rows=1 width=84) (actual time=0.008..0.495 rows=444 loops=1)
                           Filter: ((unix_time >= '1685451265.256'::double precision) AND (unix_time <= '1685451325.256'::double precision) AND st_dwithin(st_transform(the_geom, 25833), '0101000020E964000065BFDC9CDCDB2341888210BCE90E5741'::geometry, '300'::double precision))
                           Rows Removed by Filter: 3216
   ->  Subquery Scan on "*SELECT* 50"  (cost=165745.69..165745.70 rows=1 width=76) (actual time=0.552..0.553 rows=1 loops=1)
         ->  Limit  (cost=165745.69..165745.69 rows=1 width=84) (actual time=0.551..0.551 rows=1 loops=1)
               ->  Sort  (cost=165745.69..165745.69 rows=1 width=84) (actual time=0.549..0.550 rows=1 loops=1)
                     Sort Key: (st_distance(st_transform(s_49.the_geom, 25833), '0101000020E9640000E833FFA1D9DB2341BBD0368AE80E5741'::geometry))
                     Sort Method: top-N heapsort  Memory: 25kB
                     ->  Seq Scan on phoml_trajectory_tmp s_49  (cost=0.00..165745.68 rows=1 width=84) (actual time=0.008..0.486 rows=444 loops=1)
                           Filter: ((unix_time >= '1685451265.706'::double precision) AND (unix_time <= '1685451325.706'::double precision) AND st_dwithin(st_transform(the_geom, 25833), '0101000020E9640000E833FFA1D9DB2341BBD0368AE80E5741'::geometry, '300'::double precision))
                           Rows Removed by Filter: 3216
   ->  Subquery Scan on "*SELECT* 51"  (cost=165745.69..165745.70 rows=1 width=76) (actual time=0.567..0.568 rows=1 loops=1)
         ->  Limit  (cost=165745.69..165745.69 rows=1 width=84) (actual time=0.564..0.565 rows=1 loops=1)
               ->  Sort  (cost=165745.69..165745.69 rows=1 width=84) (actual time=0.562..0.563 rows=1 loops=1)
                     Sort Key: (st_distance(st_transform(s_50.the_geom, 25833), '0101000020E96400009738D153D6DB234187A62354E70E5741'::geometry))
                     Sort Method: top-N heapsort  Memory: 25kB
                     ->  Seq Scan on phoml_trajectory_tmp s_50  (cost=0.00..165745.68 rows=1 width=84) (actual time=0.008..0.500 rows=448 loops=1)
                           Filter: ((unix_time >= '1685451266.155'::double precision) AND (unix_time <= '1685451326.155'::double precision) AND st_dwithin(st_transform(the_geom, 25833), '0101000020E96400009738D153D6DB234187A62354E70E5741'::geometry, '300'::double precision))
                           Rows Removed by Filter: 3212
   ->  Subquery Scan on "*SELECT* 52"  (cost=165745.69..165745.70 rows=1 width=76) (actual time=0.558..0.559 rows=1 loops=1)
         ->  Limit  (cost=165745.69..165745.69 rows=1 width=84) (actual time=0.557..0.557 rows=1 loops=1)
               ->  Sort  (cost=165745.69..165745.69 rows=1 width=84) (actual time=0.555..0.555 rows=1 loops=1)
                     Sort Key: (st_distance(st_transform(s_51.the_geom, 25833), '0101000020E9640000C0F88B1CD3DB23413A0A7324E60E5741'::geometry))
                     Sort Method: top-N heapsort  Memory: 25kB
                     ->  Seq Scan on phoml_trajectory_tmp s_51  (cost=0.00..165745.68 rows=1 width=84) (actual time=0.011..0.492 rows=452 loops=1)
                           Filter: ((unix_time >= '1685451266.595'::double precision) AND (unix_time <= '1685451326.595'::double precision) AND st_dwithin(st_transform(the_geom, 25833), '0101000020E9640000C0F88B1CD3DB23413A0A7324E60E5741'::geometry, '300'::double precision))
                           Rows Removed by Filter: 3208
   ->  Subquery Scan on "*SELECT* 53"  (cost=165745.69..165745.70 rows=1 width=76) (actual time=0.565..0.565 rows=1 loops=1)
         ->  Limit  (cost=165745.69..165745.69 rows=1 width=84) (actual time=0.561..0.562 rows=1 loops=1)
               ->  Sort  (cost=165745.69..165745.69 rows=1 width=84) (actual time=0.560..0.560 rows=1 loops=1)
                     Sort Key: (st_distance(st_transform(s_52.the_geom, 25833), '0101000020E96400006E24A413CFDB2341A4C0BBE0E40E5741'::geometry))
                     Sort Method: top-N heapsort  Memory: 25kB
                     ->  Seq Scan on phoml_trajectory_tmp s_52  (cost=0.00..165745.68 rows=1 width=84) (actual time=0.007..0.490 rows=452 loops=1)
                           Filter: ((unix_time >= '1685451267.035'::double precision) AND (unix_time <= '1685451327.035'::double precision) AND st_dwithin(st_transform(the_geom, 25833), '0101000020E96400006E24A413CFDB2341A4C0BBE0E40E5741'::geometry, '300'::double precision))
                           Rows Removed by Filter: 3208
   ->  Subquery Scan on "*SELECT* 54"  (cost=165745.69..165745.70 rows=1 width=76) (actual time=0.555..0.556 rows=1 loops=1)
         ->  Limit  (cost=165745.69..165745.69 rows=1 width=84) (actual time=0.553..0.554 rows=1 loops=1)
               ->  Sort  (cost=165745.69..165745.69 rows=1 width=84) (actual time=0.550..0.551 rows=1 loops=1)
                     Sort Key: (st_distance(st_transform(s_53.the_geom, 25833), '0101000020E96400004B3F12ADCADB234114E70AA3E30E5741'::geometry))
                     Sort Method: top-N heapsort  Memory: 25kB
                     ->  Seq Scan on phoml_trajectory_tmp s_53  (cost=0.00..165745.68 rows=1 width=84) (actual time=0.008..0.487 rows=456 loops=1)
                           Filter: ((unix_time >= '1685451267.473'::double precision) AND (unix_time <= '1685451327.473'::double precision) AND st_dwithin(st_transform(the_geom, 25833), '0101000020E96400004B3F12ADCADB234114E70AA3E30E5741'::geometry, '300'::double precision))
                           Rows Removed by Filter: 3204
   ->  Subquery Scan on "*SELECT* 55"  (cost=165745.69..165745.70 rows=1 width=76) (actual time=0.577..0.578 rows=1 loops=1)
         ->  Limit  (cost=165745.69..165745.69 rows=1 width=84) (actual time=0.574..0.575 rows=1 loops=1)
               ->  Sort  (cost=165745.69..165745.69 rows=1 width=84) (actual time=0.572..0.573 rows=1 loops=1)
                     Sort Key: (st_distance(st_transform(s_54.the_geom, 25833), '0101000020E96400004D786C8BC5DB234157B3EF4FE20E5741'::geometry))
                     Sort Method: top-N heapsort  Memory: 25kB
                     ->  Seq Scan on phoml_trajectory_tmp s_54  (cost=0.00..165745.68 rows=1 width=84) (actual time=0.008..0.503 rows=452 loops=1)
                           Filter: ((unix_time >= '1685451267.913'::double precision) AND (unix_time <= '1685451327.913'::double precision) AND st_dwithin(st_transform(the_geom, 25833), '0101000020E96400004D786C8BC5DB234157B3EF4FE20E5741'::geometry, '300'::double precision))
                           Rows Removed by Filter: 3208
   ->  Subquery Scan on "*SELECT* 56"  (cost=165745.69..165745.70 rows=1 width=76) (actual time=0.684..0.685 rows=1 loops=1)
         ->  Limit  (cost=165745.69..165745.69 rows=1 width=84) (actual time=0.673..0.674 rows=1 loops=1)
               ->  Sort  (cost=165745.69..165745.69 rows=1 width=84) (actual time=0.672..0.672 rows=1 loops=1)
                     Sort Key: (st_distance(st_transform(s_55.the_geom, 25833), '0101000020E96400001179A947C0DB2341A927450AE10E5741'::geometry))
                     Sort Method: top-N heapsort  Memory: 25kB
                     ->  Seq Scan on phoml_trajectory_tmp s_55  (cost=0.00..165745.68 rows=1 width=84) (actual time=0.010..0.604 rows=456 loops=1)
                           Filter: ((unix_time >= '1685451268.352'::double precision) AND (unix_time <= '1685451328.352'::double precision) AND st_dwithin(st_transform(the_geom, 25833), '0101000020E96400001179A947C0DB2341A927450AE10E5741'::geometry, '300'::double precision))
                           Rows Removed by Filter: 3204
   ->  Subquery Scan on "*SELECT* 57"  (cost=165745.69..165745.70 rows=1 width=76) (actual time=0.584..0.585 rows=1 loops=1)
         ->  Limit  (cost=165745.69..165745.69 rows=1 width=84) (actual time=0.582..0.582 rows=1 loops=1)
               ->  Sort  (cost=165745.69..165745.69 rows=1 width=84) (actual time=0.580..0.580 rows=1 loops=1)
                     Sort Key: (st_distance(st_transform(s_56.the_geom, 25833), '0101000020E96400000BE202A2BADB2341BB9426C9DF0E5741'::geometry))
                     Sort Method: top-N heapsort  Memory: 25kB
                     ->  Seq Scan on phoml_trajectory_tmp s_56  (cost=0.00..165745.68 rows=1 width=84) (actual time=0.019..0.509 rows=456 loops=1)
                           Filter: ((unix_time >= '1685451268.772'::double precision) AND (unix_time <= '1685451328.772'::double precision) AND st_dwithin(st_transform(the_geom, 25833), '0101000020E96400000BE202A2BADB2341BB9426C9DF0E5741'::geometry, '300'::double precision))
                           Rows Removed by Filter: 3204
   ->  Subquery Scan on "*SELECT* 58"  (cost=165745.69..165745.70 rows=1 width=76) (actual time=0.612..0.613 rows=1 loops=1)
         ->  Limit  (cost=165745.69..165745.69 rows=1 width=84) (actual time=0.609..0.609 rows=1 loops=1)
               ->  Sort  (cost=165745.69..165745.69 rows=1 width=84) (actual time=0.607..0.607 rows=1 loops=1)
                     Sort Key: (st_distance(st_transform(s_57.the_geom, 25833), '0101000020E96400001776B9FCB4DB2341181BC690DE0E5741'::geometry))
                     Sort Method: top-N heapsort  Memory: 25kB
                     ->  Seq Scan on phoml_trajectory_tmp s_57  (cost=0.00..165745.68 rows=1 width=84) (actual time=0.009..0.541 rows=460 loops=1)
                           Filter: ((unix_time >= '1685451269.201'::double precision) AND (unix_time <= '1685451329.201'::double precision) AND st_dwithin(st_transform(the_geom, 25833), '0101000020E96400001776B9FCB4DB2341181BC690DE0E5741'::geometry, '300'::double precision))
                           Rows Removed by Filter: 3200
   ->  Subquery Scan on "*SELECT* 59"  (cost=165745.69..165745.70 rows=1 width=76) (actual time=0.589..0.591 rows=1 loops=1)
         ->  Limit  (cost=165745.69..165745.69 rows=1 width=84) (actual time=0.586..0.587 rows=1 loops=1)
               ->  Sort  (cost=165745.69..165745.69 rows=1 width=84) (actual time=0.583..0.584 rows=1 loops=1)
                     Sort Key: (st_distance(st_transform(s_58.the_geom, 25833), '0101000020E9640000DBA2D653AFDB2341487C9D5ADD0E5741'::geometry))
                     Sort Method: top-N heapsort  Memory: 25kB
                     ->  Seq Scan on phoml_trajectory_tmp s_58  (cost=0.00..165745.68 rows=1 width=84) (actual time=0.008..0.509 rows=458 loops=1)
                           Filter: ((unix_time >= '1685451269.631'::double precision) AND (unix_time <= '1685451329.631'::double precision) AND st_dwithin(st_transform(the_geom, 25833), '0101000020E9640000DBA2D653AFDB2341487C9D5ADD0E5741'::geometry, '300'::double precision))
                           Rows Removed by Filter: 3202
   ->  Subquery Scan on "*SELECT* 60"  (cost=165745.69..165745.70 rows=1 width=76) (actual time=0.584..0.585 rows=1 loops=1)
         ->  Limit  (cost=165745.69..165745.69 rows=1 width=84) (actual time=0.582..0.583 rows=1 loops=1)
               ->  Sort  (cost=165745.69..165745.69 rows=1 width=84) (actual time=0.581..0.581 rows=1 loops=1)
                     Sort Key: (st_distance(st_transform(s_59.the_geom, 25833), '0101000020E96400000F77DEE5A9DB2341BF59D838DC0E5741'::geometry))
                     Sort Method: top-N heapsort  Memory: 25kB
                     ->  Seq Scan on phoml_trajectory_tmp s_59  (cost=0.00..165745.68 rows=1 width=84) (actual time=0.014..0.513 rows=456 loops=1)
                           Filter: ((unix_time >= '1685451270.051'::double precision) AND (unix_time <= '1685451330.051'::double precision) AND st_dwithin(st_transform(the_geom, 25833), '0101000020E96400000F77DEE5A9DB2341BF59D838DC0E5741'::geometry, '300'::double precision))
                           Rows Removed by Filter: 3204
   ->  Subquery Scan on "*SELECT* 61"  (cost=165745.69..165745.70 rows=1 width=76) (actual time=0.584..0.585 rows=1 loops=1)
         ->  Limit  (cost=165745.69..165745.69 rows=1 width=84) (actual time=0.581..0.582 rows=1 loops=1)
               ->  Sort  (cost=165745.69..165745.69 rows=1 width=84) (actual time=0.579..0.579 rows=1 loops=1)
                     Sort Key: (st_distance(st_transform(s_60.the_geom, 25833), '0101000020E9640000D444E5C9A4DB2341D2492114DB0E5741'::geometry))
                     Sort Method: top-N heapsort  Memory: 25kB
                     ->  Seq Scan on phoml_trajectory_tmp s_60  (cost=0.00..165745.68 rows=1 width=84) (actual time=0.008..0.514 rows=456 loops=1)
                           Filter: ((unix_time >= '1685451270.484'::double precision) AND (unix_time <= '1685451330.484'::double precision) AND st_dwithin(st_transform(the_geom, 25833), '0101000020E9640000D444E5C9A4DB2341D2492114DB0E5741'::geometry, '300'::double precision))
                           Rows Removed by Filter: 3204
   ->  Subquery Scan on "*SELECT* 62"  (cost=165745.69..165745.70 rows=1 width=76) (actual time=0.563..0.564 rows=1 loops=1)
         ->  Limit  (cost=165745.69..165745.69 rows=1 width=84) (actual time=0.561..0.562 rows=1 loops=1)
               ->  Sort  (cost=165745.69..165745.69 rows=1 width=84) (actual time=0.559..0.559 rows=1 loops=1)
                     Sort Key: (st_distance(st_transform(s_61.the_geom, 25833), '0101000020E96400007F8B492CA0DB234161552503DA0E5741'::geometry))
                     Sort Method: top-N heapsort  Memory: 25kB
                     ->  Seq Scan on phoml_trajectory_tmp s_61  (cost=0.00..165745.68 rows=1 width=84) (actual time=0.009..0.495 rows=452 loops=1)
                           Filter: ((unix_time >= '1685451270.904'::double precision) AND (unix_time <= '1685451330.904'::double precision) AND st_dwithin(st_transform(the_geom, 25833), '0101000020E96400007F8B492CA0DB234161552503DA0E5741'::geometry, '300'::double precision))
                           Rows Removed by Filter: 3208
   ->  Subquery Scan on "*SELECT* 63"  (cost=165745.69..165745.70 rows=1 width=76) (actual time=0.570..0.571 rows=1 loops=1)
         ->  Limit  (cost=165745.69..165745.69 rows=1 width=84) (actual time=0.567..0.568 rows=1 loops=1)
               ->  Sort  (cost=165745.69..165745.69 rows=1 width=84) (actual time=0.565..0.566 rows=1 loops=1)
                     Sort Key: (st_distance(st_transform(s_62.the_geom, 25833), '0101000020E9640000623181919BDB2341933195E7D80E5741'::geometry))
                     Sort Method: top-N heapsort  Memory: 25kB
                     ->  Seq Scan on phoml_trajectory_tmp s_62  (cost=0.00..165745.68 rows=1 width=84) (actual time=0.012..0.503 rows=452 loops=1)
                           Filter: ((unix_time >= '1685451271.323'::double precision) AND (unix_time <= '1685451331.323'::double precision) AND st_dwithin(st_transform(the_geom, 25833), '0101000020E9640000623181919BDB2341933195E7D80E5741'::geometry, '300'::double precision))
                           Rows Removed by Filter: 3208
   ->  Subquery Scan on "*SELECT* 64"  (cost=165745.69..165745.70 rows=1 width=76) (actual time=0.569..0.570 rows=1 loops=1)
         ->  Limit  (cost=165745.69..165745.69 rows=1 width=84) (actual time=0.566..0.567 rows=1 loops=1)
               ->  Sort  (cost=165745.69..165745.69 rows=1 width=84) (actual time=0.564..0.564 rows=1 loops=1)
                     Sort Key: (st_distance(st_transform(s_63.the_geom, 25833), '0101000020E9640000920BB5A096DB2341A4C631D1D70E5741'::geometry))
                     Sort Method: top-N heapsort  Memory: 25kB
                     ->  Seq Scan on phoml_trajectory_tmp s_63  (cost=0.00..165745.68 rows=1 width=84) (actual time=0.010..0.496 rows=448 loops=1)
                           Filter: ((unix_time >= '1685451271.743'::double precision) AND (unix_time <= '1685451331.743'::double precision) AND st_dwithin(st_transform(the_geom, 25833), '0101000020E9640000920BB5A096DB2341A4C631D1D70E5741'::geometry, '300'::double precision))
                           Rows Removed by Filter: 3212
   ->  Subquery Scan on "*SELECT* 65"  (cost=165745.69..165745.70 rows=1 width=76) (actual time=0.562..0.563 rows=1 loops=1)
         ->  Limit  (cost=165745.69..165745.69 rows=1 width=84) (actual time=0.560..0.561 rows=1 loops=1)
               ->  Sort  (cost=165745.69..165745.69 rows=1 width=84) (actual time=0.558..0.558 rows=1 loops=1)
                     Sort Key: (st_distance(st_transform(s_64.the_geom, 25833), '0101000020E9640000B4CDED3591DB2341F58896A3D60E5741'::geometry))
                     Sort Method: top-N heapsort  Memory: 25kB
                     ->  Seq Scan on phoml_trajectory_tmp s_64  (cost=0.00..165745.68 rows=1 width=84) (actual time=0.010..0.493 rows=448 loops=1)
                           Filter: ((unix_time >= '1685451272.187'::double precision) AND (unix_time <= '1685451332.187'::double precision) AND st_dwithin(st_transform(the_geom, 25833), '0101000020E9640000B4CDED3591DB2341F58896A3D60E5741'::geometry, '300'::double precision))
                           Rows Removed by Filter: 3212
   ->  Subquery Scan on "*SELECT* 66"  (cost=165745.69..165745.70 rows=1 width=76) (actual time=0.565..0.566 rows=1 loops=1)
         ->  Limit  (cost=165745.69..165745.69 rows=1 width=84) (actual time=0.562..0.563 rows=1 loops=1)
               ->  Sort  (cost=165745.69..165745.69 rows=1 width=84) (actual time=0.560..0.561 rows=1 loops=1)
                     Sort Key: (st_distance(st_transform(s_65.the_geom, 25833), '0101000020E9640000DDF10C1D8CDB23410E3F598ED50E5741'::geometry))
                     Sort Method: top-N heapsort  Memory: 25kB
                     ->  Seq Scan on phoml_trajectory_tmp s_65  (cost=0.00..165745.68 rows=1 width=84) (actual time=0.010..0.494 rows=448 loops=1)
                           Filter: ((unix_time >= '1685451272.597'::double precision) AND (unix_time <= '1685451332.597'::double precision) AND st_dwithin(st_transform(the_geom, 25833), '0101000020E9640000DDF10C1D8CDB23410E3F598ED50E5741'::geometry, '300'::double precision))
                           Rows Removed by Filter: 3212
   ->  Subquery Scan on "*SELECT* 67"  (cost=165745.69..165745.70 rows=1 width=76) (actual time=0.562..0.563 rows=1 loops=1)
         ->  Limit  (cost=165745.69..165745.69 rows=1 width=84) (actual time=0.560..0.560 rows=1 loops=1)
               ->  Sort  (cost=165745.69..165745.69 rows=1 width=84) (actual time=0.558..0.559 rows=1 loops=1)
                     Sort Key: (st_distance(st_transform(s_66.the_geom, 25833), '0101000020E96400002B44A0EA86DB23412DE0C772D40E5741'::geometry))
                     Sort Method: top-N heapsort  Memory: 25kB
                     ->  Seq Scan on phoml_trajectory_tmp s_66  (cost=0.00..165745.68 rows=1 width=84) (actual time=0.013..0.494 rows=444 loops=1)
                           Filter: ((unix_time >= '1685451273.007'::double precision) AND (unix_time <= '1685451333.007'::double precision) AND st_dwithin(st_transform(the_geom, 25833), '0101000020E96400002B44A0EA86DB23412DE0C772D40E5741'::geometry, '300'::double precision))
                           Rows Removed by Filter: 3216
   ->  Subquery Scan on "*SELECT* 68"  (cost=165745.69..165745.70 rows=1 width=76) (actual time=0.573..0.574 rows=1 loops=1)
         ->  Limit  (cost=165745.69..165745.69 rows=1 width=84) (actual time=0.570..0.571 rows=1 loops=1)
               ->  Sort  (cost=165745.69..165745.69 rows=1 width=84) (actual time=0.568..0.568 rows=1 loops=1)
                     Sort Key: (st_distance(st_transform(s_67.the_geom, 25833), '0101000020E96400002D7014B881DB2341D57EDA57D30E5741'::geometry))
                     Sort Method: top-N heapsort  Memory: 25kB
                     ->  Seq Scan on phoml_trajectory_tmp s_67  (cost=0.00..165745.68 rows=1 width=84) (actual time=0.010..0.505 rows=444 loops=1)
                           Filter: ((unix_time >= '1685451273.442'::double precision) AND (unix_time <= '1685451333.442'::double precision) AND st_dwithin(st_transform(the_geom, 25833), '0101000020E96400002D7014B881DB2341D57EDA57D30E5741'::geometry, '300'::double precision))
                           Rows Removed by Filter: 3216
   ->  Subquery Scan on "*SELECT* 69"  (cost=165745.69..165745.70 rows=1 width=76) (actual time=0.566..0.567 rows=1 loops=1)
         ->  Limit  (cost=165745.69..165745.69 rows=1 width=84) (actual time=0.564..0.565 rows=1 loops=1)
               ->  Sort  (cost=165745.69..165745.69 rows=1 width=84) (actual time=0.562..0.562 rows=1 loops=1)
                     Sort Key: (st_distance(st_transform(s_68.the_geom, 25833), '0101000020E964000005FE11FC7CDB2341180FA447D20E5741'::geometry))
                     Sort Method: top-N heapsort  Memory: 25kB
                     ->  Seq Scan on phoml_trajectory_tmp s_68  (cost=0.00..165745.68 rows=1 width=84) (actual time=0.011..0.498 rows=444 loops=1)
                           Filter: ((unix_time >= '1685451273.872'::double precision) AND (unix_time <= '1685451333.872'::double precision) AND st_dwithin(st_transform(the_geom, 25833), '0101000020E964000005FE11FC7CDB2341180FA447D20E5741'::geometry, '300'::double precision))
                           Rows Removed by Filter: 3216
   ->  Subquery Scan on "*SELECT* 70"  (cost=165745.69..165745.70 rows=1 width=76) (actual time=0.569..0.570 rows=1 loops=1)
         ->  Limit  (cost=165745.69..165745.69 rows=1 width=84) (actual time=0.566..0.567 rows=1 loops=1)
               ->  Sort  (cost=165745.69..165745.69 rows=1 width=84) (actual time=0.565..0.565 rows=1 loops=1)
                     Sort Key: (st_distance(st_transform(s_69.the_geom, 25833), '0101000020E96400000BC1486578DB2341C60ACD37D10E5741'::geometry))
                     Sort Method: top-N heapsort  Memory: 25kB
                     ->  Seq Scan on phoml_trajectory_tmp s_69  (cost=0.00..165745.68 rows=1 width=84) (actual time=0.012..0.503 rows=442 loops=1)
                           Filter: ((unix_time >= '1685451274.294'::double precision) AND (unix_time <= '1685451334.294'::double precision) AND st_dwithin(st_transform(the_geom, 25833), '0101000020E96400000BC1486578DB2341C60ACD37D10E5741'::geometry, '300'::double precision))
                           Rows Removed by Filter: 3218
   ->  Subquery Scan on "*SELECT* 71"  (cost=165745.69..165745.70 rows=1 width=76) (actual time=0.566..0.567 rows=1 loops=1)
         ->  Limit  (cost=165745.69..165745.69 rows=1 width=84) (actual time=0.563..0.564 rows=1 loops=1)
               ->  Sort  (cost=165745.69..165745.69 rows=1 width=84) (actual time=0.561..0.562 rows=1 loops=1)
                     Sort Key: (st_distance(st_transform(s_70.the_geom, 25833), '0101000020E9640000C24DD8FA73DB2341B4175625D00E5741'::geometry))
                     Sort Method: top-N heapsort  Memory: 25kB
                     ->  Seq Scan on phoml_trajectory_tmp s_70  (cost=0.00..165745.68 rows=1 width=84) (actual time=0.012..0.497 rows=440 loops=1)
                           Filter: ((unix_time >= '1685451274.724'::double precision) AND (unix_time <= '1685451334.724'::double precision) AND st_dwithin(st_transform(the_geom, 25833), '0101000020E9640000C24DD8FA73DB2341B4175625D00E5741'::geometry, '300'::double precision))
                           Rows Removed by Filter: 3220
   ->  Subquery Scan on "*SELECT* 72"  (cost=165745.69..165745.70 rows=1 width=76) (actual time=0.565..0.566 rows=1 loops=1)
         ->  Limit  (cost=165745.69..165745.69 rows=1 width=84) (actual time=0.563..0.564 rows=1 loops=1)
               ->  Sort  (cost=165745.69..165745.69 rows=1 width=84) (actual time=0.561..0.561 rows=1 loops=1)
                     Sort Key: (st_distance(st_transform(s_71.the_geom, 25833), '0101000020E96400002A2175E46FDB23414402BC12CF0E5741'::geometry))
                     Sort Method: top-N heapsort  Memory: 25kB
                     ->  Seq Scan on phoml_trajectory_tmp s_71  (cost=0.00..165745.68 rows=1 width=84) (actual time=0.013..0.497 rows=440 loops=1)
                           Filter: ((unix_time >= '1685451275.151'::double precision) AND (unix_time <= '1685451335.151'::double precision) AND st_dwithin(st_transform(the_geom, 25833), '0101000020E96400002A2175E46FDB23414402BC12CF0E5741'::geometry, '300'::double precision))
                           Rows Removed by Filter: 3220
   ->  Subquery Scan on "*SELECT* 73"  (cost=165745.69..165745.70 rows=1 width=76) (actual time=0.572..0.573 rows=1 loops=1)
         ->  Limit  (cost=165745.69..165745.69 rows=1 width=84) (actual time=0.569..0.570 rows=1 loops=1)
               ->  Sort  (cost=165745.69..165745.69 rows=1 width=84) (actual time=0.567..0.567 rows=1 loops=1)
                     Sort Key: (st_distance(st_transform(s_72.the_geom, 25833), '0101000020E96400002FFA4B0A6CDB234121698C07CE0E5741'::geometry))
                     Sort Method: top-N heapsort  Memory: 25kB
                     ->  Seq Scan on phoml_trajectory_tmp s_72  (cost=0.00..165745.68 rows=1 width=84) (actual time=0.011..0.504 rows=440 loops=1)
                           Filter: ((unix_time >= '1685451275.571'::double precision) AND (unix_time <= '1685451335.571'::double precision) AND st_dwithin(st_transform(the_geom, 25833), '0101000020E96400002FFA4B0A6CDB234121698C07CE0E5741'::geometry, '300'::double precision))
                           Rows Removed by Filter: 3220
   ->  Subquery Scan on "*SELECT* 74"  (cost=165745.69..165745.70 rows=1 width=76) (actual time=0.562..0.563 rows=1 loops=1)
         ->  Limit  (cost=165745.69..165745.69 rows=1 width=84) (actual time=0.560..0.561 rows=1 loops=1)
               ->  Sort  (cost=165745.69..165745.69 rows=1 width=84) (actual time=0.558..0.558 rows=1 loops=1)
                     Sort Key: (st_distance(st_transform(s_73.the_geom, 25833), '0101000020E964000057D230C668DB2341CA324FFCCC0E5741'::geometry))
                     Sort Method: top-N heapsort  Memory: 25kB
                     ->  Seq Scan on phoml_trajectory_tmp s_73  (cost=0.00..165745.68 rows=1 width=84) (actual time=0.012..0.495 rows=440 loops=1)
                           Filter: ((unix_time >= '1685451276.001'::double precision) AND (unix_time <= '1685451336.001'::double precision) AND st_dwithin(st_transform(the_geom, 25833), '0101000020E964000057D230C668DB2341CA324FFCCC0E5741'::geometry, '300'::double precision))
                           Rows Removed by Filter: 3220
   ->  Subquery Scan on "*SELECT* 75"  (cost=165745.69..165745.70 rows=1 width=76) (actual time=0.576..0.577 rows=1 loops=1)
         ->  Limit  (cost=165745.69..165745.69 rows=1 width=84) (actual time=0.573..0.573 rows=1 loops=1)
               ->  Sort  (cost=165745.69..165745.69 rows=1 width=84) (actual time=0.571..0.571 rows=1 loops=1)
                     Sort Key: (st_distance(st_transform(s_74.the_geom, 25833), '0101000020E9640000EB1B1A3666DB23410385AD02CC0E5741'::geometry))
                     Sort Method: top-N heapsort  Memory: 25kB
                     ->  Seq Scan on phoml_trajectory_tmp s_74  (cost=0.00..165745.68 rows=1 width=84) (actual time=0.012..0.510 rows=440 loops=1)
                           Filter: ((unix_time >= '1685451276.416'::double precision) AND (unix_time <= '1685451336.416'::double precision) AND st_dwithin(st_transform(the_geom, 25833), '0101000020E9640000EB1B1A3666DB23410385AD02CC0E5741'::geometry, '300'::double precision))
                           Rows Removed by Filter: 3220
   ->  Subquery Scan on "*SELECT* 76"  (cost=165745.69..165745.70 rows=1 width=76) (actual time=0.564..0.565 rows=1 loops=1)
         ->  Limit  (cost=165745.69..165745.69 rows=1 width=84) (actual time=0.562..0.562 rows=1 loops=1)
               ->  Sort  (cost=165745.69..165745.69 rows=1 width=84) (actual time=0.560..0.560 rows=1 loops=1)
                     Sort Key: (st_distance(st_transform(s_75.the_geom, 25833), '0101000020E96400001DC60A1464DB2341AD609400CB0E5741'::geometry))
                     Sort Method: top-N heapsort  Memory: 25kB
                     ->  Seq Scan on phoml_trajectory_tmp s_75  (cost=0.00..165745.68 rows=1 width=84) (actual time=0.011..0.495 rows=440 loops=1)
                           Filter: ((unix_time >= '1685451276.836'::double precision) AND (unix_time <= '1685451336.836'::double precision) AND st_dwithin(st_transform(the_geom, 25833), '0101000020E96400001DC60A1464DB2341AD609400CB0E5741'::geometry, '300'::double precision))
                           Rows Removed by Filter: 3220
   ->  Subquery Scan on "*SELECT* 77"  (cost=165745.69..165745.70 rows=1 width=76) (actual time=0.568..0.569 rows=1 loops=1)
         ->  Limit  (cost=165745.69..165745.69 rows=1 width=84) (actual time=0.566..0.567 rows=1 loops=1)
               ->  Sort  (cost=165745.69..165745.69 rows=1 width=84) (actual time=0.564..0.565 rows=1 loops=1)
                     Sort Key: (st_distance(st_transform(s_76.the_geom, 25833), '0101000020E9640000436986D562DB2341537EC10DCA0E5741'::geometry))
                     Sort Method: top-N heapsort  Memory: 25kB
                     ->  Seq Scan on phoml_trajectory_tmp s_76  (cost=0.00..165745.68 rows=1 width=84) (actual time=0.013..0.501 rows=440 loops=1)
                           Filter: ((unix_time >= '1685451277.26'::double precision) AND (unix_time <= '1685451337.26'::double precision) AND st_dwithin(st_transform(the_geom, 25833), '0101000020E9640000436986D562DB2341537EC10DCA0E5741'::geometry, '300'::double precision))
                           Rows Removed by Filter: 3220
   ->  Subquery Scan on "*SELECT* 78"  (cost=165745.69..165745.70 rows=1 width=76) (actual time=0.608..0.610 rows=1 loops=1)
         ->  Limit  (cost=165745.69..165745.69 rows=1 width=84) (actual time=0.604..0.605 rows=1 loops=1)
               ->  Sort  (cost=165745.69..165745.69 rows=1 width=84) (actual time=0.603..0.603 rows=1 loops=1)
                     Sort Key: (st_distance(st_transform(s_77.the_geom, 25833), '0101000020E9640000CE9782E361DB2341EB66231AC90E5741'::geometry))
                     Sort Method: top-N heapsort  Memory: 25kB
                     ->  Seq Scan on phoml_trajectory_tmp s_77  (cost=0.00..165745.68 rows=1 width=84) (actual time=0.012..0.539 rows=440 loops=1)
                           Filter: ((unix_time >= '1685451277.68'::double precision) AND (unix_time <= '1685451337.68'::double precision) AND st_dwithin(st_transform(the_geom, 25833), '0101000020E9640000CE9782E361DB2341EB66231AC90E5741'::geometry, '300'::double precision))
                           Rows Removed by Filter: 3220
   ->  Subquery Scan on "*SELECT* 79"  (cost=165745.69..165745.70 rows=1 width=76) (actual time=0.585..0.586 rows=1 loops=1)
         ->  Limit  (cost=165745.69..165745.69 rows=1 width=84) (actual time=0.583..0.584 rows=1 loops=1)
               ->  Sort  (cost=165745.69..165745.69 rows=1 width=84) (actual time=0.581..0.582 rows=1 loops=1)
                     Sort Key: (st_distance(st_transform(s_78.the_geom, 25833), '0101000020E9640000EA40983B61DB23417CCCF022C80E5741'::geometry))
                     Sort Method: top-N heapsort  Memory: 25kB
                     ->  Seq Scan on phoml_trajectory_tmp s_78  (cost=0.00..165745.68 rows=1 width=84) (actual time=0.018..0.519 rows=438 loops=1)
                           Filter: ((unix_time >= '1685451278.09'::double precision) AND (unix_time <= '1685451338.09'::double precision) AND st_dwithin(st_transform(the_geom, 25833), '0101000020E9640000EA40983B61DB23417CCCF022C80E5741'::geometry, '300'::double precision))
                           Rows Removed by Filter: 3222
   ->  Subquery Scan on "*SELECT* 80"  (cost=165745.69..165745.70 rows=1 width=76) (actual time=0.574..0.575 rows=1 loops=1)
         ->  Limit  (cost=165745.69..165745.69 rows=1 width=84) (actual time=0.571..0.572 rows=1 loops=1)
               ->  Sort  (cost=165745.69..165745.69 rows=1 width=84) (actual time=0.570..0.570 rows=1 loops=1)
                     Sort Key: (st_distance(st_transform(s_79.the_geom, 25833), '0101000020E96400007317C68660DB234104977918C70E5741'::geometry))
                     Sort Method: top-N heapsort  Memory: 25kB
                     ->  Seq Scan on phoml_trajectory_tmp s_79  (cost=0.00..165745.68 rows=1 width=84) (actual time=0.013..0.508 rows=440 loops=1)
                           Filter: ((unix_time >= '1685451278.513'::double precision) AND (unix_time <= '1685451338.513'::double precision) AND st_dwithin(st_transform(the_geom, 25833), '0101000020E96400007317C68660DB234104977918C70E5741'::geometry, '300'::double precision))
                           Rows Removed by Filter: 3220
   ->  Subquery Scan on "*SELECT* 81"  (cost=165745.69..165745.70 rows=1 width=76) (actual time=0.671..0.672 rows=1 loops=1)
         ->  Limit  (cost=165745.69..165745.69 rows=1 width=84) (actual time=0.665..0.666 rows=1 loops=1)
               ->  Sort  (cost=165745.69..165745.69 rows=1 width=84) (actual time=0.664..0.664 rows=1 loops=1)
                     Sort Key: (st_distance(st_transform(s_80.the_geom, 25833), '0101000020E9640000FF46E3CB5FDB23415C4C3A0CC60E5741'::geometry))
                     Sort Method: top-N heapsort  Memory: 25kB
                     ->  Seq Scan on phoml_trajectory_tmp s_80  (cost=0.00..165745.68 rows=1 width=84) (actual time=0.012..0.587 rows=440 loops=1)
                           Filter: ((unix_time >= '1685451278.923'::double precision) AND (unix_time <= '1685451338.923'::double precision) AND st_dwithin(st_transform(the_geom, 25833), '0101000020E9640000FF46E3CB5FDB23415C4C3A0CC60E5741'::geometry, '300'::double precision))
                           Rows Removed by Filter: 3220
   ->  Subquery Scan on "*SELECT* 82"  (cost=165745.69..165745.70 rows=1 width=76) (actual time=0.682..0.683 rows=1 loops=1)
         ->  Limit  (cost=165745.69..165745.69 rows=1 width=84) (actual time=0.679..0.680 rows=1 loops=1)
               ->  Sort  (cost=165745.69..165745.69 rows=1 width=84) (actual time=0.677..0.677 rows=1 loops=1)
                     Sort Key: (st_distance(st_transform(s_81.the_geom, 25833), '0101000020E96400006E7F030B5FDB234192FCEAF5C40E5741'::geometry))
                     Sort Method: top-N heapsort  Memory: 25kB
                     ->  Seq Scan on phoml_trajectory_tmp s_81  (cost=0.00..165745.68 rows=1 width=84) (actual time=0.019..0.600 rows=440 loops=1)
                           Filter: ((unix_time >= '1685451279.341'::double precision) AND (unix_time <= '1685451339.341'::double precision) AND st_dwithin(st_transform(the_geom, 25833), '0101000020E96400006E7F030B5FDB234192FCEAF5C40E5741'::geometry, '300'::double precision))
                           Rows Removed by Filter: 3220
   ->  Subquery Scan on "*SELECT* 83"  (cost=165745.69..165745.70 rows=1 width=76) (actual time=0.597..0.598 rows=1 loops=1)
         ->  Limit  (cost=165745.69..165745.69 rows=1 width=84) (actual time=0.594..0.595 rows=1 loops=1)
               ->  Sort  (cost=165745.69..165745.69 rows=1 width=84) (actual time=0.593..0.593 rows=1 loops=1)
                     Sort Key: (st_distance(st_transform(s_82.the_geom, 25833), '0101000020E96400004E00C0685EDB234166A987DCC30E5741'::geometry))
                     Sort Method: top-N heapsort  Memory: 25kB
                     ->  Seq Scan on phoml_trajectory_tmp s_82  (cost=0.00..165745.68 rows=1 width=84) (actual time=0.017..0.528 rows=440 loops=1)
                           Filter: ((unix_time >= '1685451279.761'::double precision) AND (unix_time <= '1685451339.761'::double precision) AND st_dwithin(st_transform(the_geom, 25833), '0101000020E96400004E00C0685EDB234166A987DCC30E5741'::geometry, '300'::double precision))
                           Rows Removed by Filter: 3220
   ->  Subquery Scan on "*SELECT* 84"  (cost=165745.69..165745.70 rows=1 width=76) (actual time=0.585..0.586 rows=1 loops=1)
         ->  Limit  (cost=165745.69..165745.69 rows=1 width=84) (actual time=0.582..0.582 rows=1 loops=1)
               ->  Sort  (cost=165745.69..165745.69 rows=1 width=84) (actual time=0.580..0.581 rows=1 loops=1)
                     Sort Key: (st_distance(st_transform(s_83.the_geom, 25833), '0101000020E9640000C71AB1F15DDB23419FA77CBFC20E5741'::geometry))
                     Sort Method: top-N heapsort  Memory: 25kB
                     ->  Seq Scan on phoml_trajectory_tmp s_83  (cost=0.00..165745.68 rows=1 width=84) (actual time=0.025..0.518 rows=436 loops=1)
                           Filter: ((unix_time >= '1685451280.184'::double precision) AND (unix_time <= '1685451340.184'::double precision) AND st_dwithin(st_transform(the_geom, 25833), '0101000020E9640000C71AB1F15DDB23419FA77CBFC20E5741'::geometry, '300'::double precision))
                           Rows Removed by Filter: 3224
   ->  Subquery Scan on "*SELECT* 85"  (cost=165745.69..165745.70 rows=1 width=76) (actual time=0.563..0.564 rows=1 loops=1)
         ->  Limit  (cost=165745.69..165745.69 rows=1 width=84) (actual time=0.561..0.562 rows=1 loops=1)
               ->  Sort  (cost=165745.69..165745.69 rows=1 width=84) (actual time=0.559..0.560 rows=1 loops=1)
                     Sort Key: (st_distance(st_transform(s_84.the_geom, 25833), '0101000020E9640000717E9DBC5DDB2341968478A7C10E5741'::geometry))
                     Sort Method: top-N heapsort  Memory: 25kB
                     ->  Seq Scan on phoml_trajectory_tmp s_84  (cost=0.00..165745.68 rows=1 width=84) (actual time=0.014..0.497 rows=436 loops=1)
                           Filter: ((unix_time >= '1685451280.594'::double precision) AND (unix_time <= '1685451340.594'::double precision) AND st_dwithin(st_transform(the_geom, 25833), '0101000020E9640000717E9DBC5DDB2341968478A7C10E5741'::geometry, '300'::double precision))
                           Rows Removed by Filter: 3224
   ->  Subquery Scan on "*SELECT* 86"  (cost=165745.69..165745.70 rows=1 width=76) (actual time=0.585..0.586 rows=1 loops=1)
         ->  Limit  (cost=165745.69..165745.69 rows=1 width=84) (actual time=0.582..0.583 rows=1 loops=1)
               ->  Sort  (cost=165745.69..165745.69 rows=1 width=84) (actual time=0.580..0.581 rows=1 loops=1)
                     Sort Key: (st_distance(st_transform(s_85.the_geom, 25833), '0101000020E9640000B66DD2BD5DDB2341121F4A95C00E5741'::geometry))
                     Sort Method: top-N heapsort  Memory: 25kB
                     ->  Seq Scan on phoml_trajectory_tmp s_85  (cost=0.00..165745.68 rows=1 width=84) (actual time=0.012..0.517 rows=440 loops=1)
                           Filter: ((unix_time >= '1685451281.004'::double precision) AND (unix_time <= '1685451341.004'::double precision) AND st_dwithin(st_transform(the_geom, 25833), '0101000020E9640000B66DD2BD5DDB2341121F4A95C00E5741'::geometry, '300'::double precision))
                           Rows Removed by Filter: 3220
   ->  Subquery Scan on "*SELECT* 87"  (cost=165745.69..165745.70 rows=1 width=76) (actual time=0.559..0.560 rows=1 loops=1)
         ->  Limit  (cost=165745.69..165745.69 rows=1 width=84) (actual time=0.557..0.558 rows=1 loops=1)
               ->  Sort  (cost=165745.69..165745.69 rows=1 width=84) (actual time=0.556..0.556 rows=1 loops=1)
                     Sort Key: (st_distance(st_transform(s_86.the_geom, 25833), '0101000020E9640000CF6D0CA75DDB23413A2C766ABF0E5741'::geometry))
                     Sort Method: top-N heapsort  Memory: 25kB
                     ->  Seq Scan on phoml_trajectory_tmp s_86  (cost=0.00..165745.68 rows=1 width=84) (actual time=0.015..0.495 rows=440 loops=1)
                           Filter: ((unix_time >= '1685451281.438'::double precision) AND (unix_time <= '1685451341.438'::double precision) AND st_dwithin(st_transform(the_geom, 25833), '0101000020E9640000CF6D0CA75DDB23413A2C766ABF0E5741'::geometry, '300'::double precision))
                           Rows Removed by Filter: 3220
   ->  Subquery Scan on "*SELECT* 88"  (cost=165745.69..165745.70 rows=1 width=76) (actual time=0.564..0.565 rows=1 loops=1)
         ->  Limit  (cost=165745.69..165745.69 rows=1 width=84) (actual time=0.560..0.561 rows=1 loops=1)
               ->  Sort  (cost=165745.69..165745.69 rows=1 width=84) (actual time=0.559..0.559 rows=1 loops=1)
                     Sort Key: (st_distance(st_transform(s_87.the_geom, 25833), '0101000020E9640000030A00DC5DDB2341DA75E752BE0E5741'::geometry))
                     Sort Method: top-N heapsort  Memory: 25kB
                     ->  Seq Scan on phoml_trajectory_tmp s_87  (cost=0.00..165745.68 rows=1 width=84) (actual time=0.012..0.497 rows=438 loops=1)
                           Filter: ((unix_time >= '1685451281.868'::double precision) AND (unix_time <= '1685451341.868'::double precision) AND st_dwithin(st_transform(the_geom, 25833), '0101000020E9640000030A00DC5DDB2341DA75E752BE0E5741'::geometry, '300'::double precision))
                           Rows Removed by Filter: 3222
   ->  Subquery Scan on "*SELECT* 89"  (cost=165745.69..165745.70 rows=1 width=76) (actual time=0.559..0.560 rows=1 loops=1)
         ->  Limit  (cost=165745.69..165745.69 rows=1 width=84) (actual time=0.557..0.558 rows=1 loops=1)
               ->  Sort  (cost=165745.69..165745.69 rows=1 width=84) (actual time=0.556..0.556 rows=1 loops=1)
                     Sort Key: (st_distance(st_transform(s_88.the_geom, 25833), '0101000020E9640000432C5A175EDB234190BBC331BD0E5741'::geometry))
                     Sort Method: top-N heapsort  Memory: 25kB
                     ->  Seq Scan on phoml_trajectory_tmp s_88  (cost=0.00..165745.68 rows=1 width=84) (actual time=0.012..0.495 rows=436 loops=1)
                           Filter: ((unix_time >= '1685451282.29'::double precision) AND (unix_time <= '1685451342.29'::double precision) AND st_dwithin(st_transform(the_geom, 25833), '0101000020E9640000432C5A175EDB234190BBC331BD0E5741'::geometry, '300'::double precision))
                           Rows Removed by Filter: 3224
   ->  Subquery Scan on "*SELECT* 90"  (cost=165745.69..165745.70 rows=1 width=76) (actual time=0.569..0.571 rows=1 loops=1)
         ->  Limit  (cost=165745.69..165745.69 rows=1 width=84) (actual time=0.567..0.567 rows=1 loops=1)
               ->  Sort  (cost=165745.69..165745.69 rows=1 width=84) (actual time=0.565..0.565 rows=1 loops=1)
                     Sort Key: (st_distance(st_transform(s_89.the_geom, 25833), '0101000020E96400002AF5E4205EDB2341D5102BFBBB0E5741'::geometry))
                     Sort Method: top-N heapsort  Memory: 25kB
                     ->  Seq Scan on phoml_trajectory_tmp s_89  (cost=0.00..165745.68 rows=1 width=84) (actual time=0.013..0.502 rows=436 loops=1)
                           Filter: ((unix_time >= '1685451282.73'::double precision) AND (unix_time <= '1685451342.73'::double precision) AND st_dwithin(st_transform(the_geom, 25833), '0101000020E96400002AF5E4205EDB2341D5102BFBBB0E5741'::geometry, '300'::double precision))
                           Rows Removed by Filter: 3224
   ->  Subquery Scan on "*SELECT* 91"  (cost=165745.69..165745.70 rows=1 width=76) (actual time=0.568..0.569 rows=1 loops=1)
         ->  Limit  (cost=165745.69..165745.69 rows=1 width=84) (actual time=0.565..0.566 rows=1 loops=1)
               ->  Sort  (cost=165745.69..165745.69 rows=1 width=84) (actual time=0.563..0.563 rows=1 loops=1)
                     Sort Key: (st_distance(st_transform(s_90.the_geom, 25833), '0101000020E9640000BC26C35D5EDB23413FA171C6BA0E5741'::geometry))
                     Sort Method: top-N heapsort  Memory: 25kB
                     ->  Seq Scan on phoml_trajectory_tmp s_90  (cost=0.00..165745.68 rows=1 width=84) (actual time=0.013..0.501 rows=436 loops=1)
                           Filter: ((unix_time >= '1685451283.17'::double precision) AND (unix_time <= '1685451343.17'::double precision) AND st_dwithin(st_transform(the_geom, 25833), '0101000020E9640000BC26C35D5EDB23413FA171C6BA0E5741'::geometry, '300'::double precision))
                           Rows Removed by Filter: 3224
   ->  Subquery Scan on "*SELECT* 92"  (cost=165745.69..165745.70 rows=1 width=76) (actual time=0.568..0.569 rows=1 loops=1)
         ->  Limit  (cost=165745.69..165745.69 rows=1 width=84) (actual time=0.566..0.566 rows=1 loops=1)
               ->  Sort  (cost=165745.69..165745.69 rows=1 width=84) (actual time=0.564..0.564 rows=1 loops=1)
                     Sort Key: (st_distance(st_transform(s_91.the_geom, 25833), '0101000020E9640000CFDDCB5B5FDB23418EA411C1B90E5741'::geometry))
                     Sort Method: top-N heapsort  Memory: 25kB
                     ->  Seq Scan on phoml_trajectory_tmp s_91  (cost=0.00..165745.68 rows=1 width=84) (actual time=0.012..0.500 rows=434 loops=1)
                           Filter: ((unix_time >= '1685451283.611'::double precision) AND (unix_time <= '1685451343.611'::double precision) AND st_dwithin(st_transform(the_geom, 25833), '0101000020E9640000CFDDCB5B5FDB23418EA411C1B90E5741'::geometry, '300'::double precision))
                           Rows Removed by Filter: 3226
   ->  Subquery Scan on "*SELECT* 93"  (cost=165745.69..165745.70 rows=1 width=76) (actual time=0.583..0.584 rows=1 loops=1)
         ->  Limit  (cost=165745.69..165745.69 rows=1 width=84) (actual time=0.580..0.580 rows=1 loops=1)
               ->  Sort  (cost=165745.69..165745.69 rows=1 width=84) (actual time=0.578..0.579 rows=1 loops=1)
                     Sort Key: (st_distance(st_transform(s_92.the_geom, 25833), '0101000020E9640000C24B691861DB234136DB65CAB80E5741'::geometry))
                     Sort Method: top-N heapsort  Memory: 25kB
                     ->  Seq Scan on phoml_trajectory_tmp s_92  (cost=0.00..165745.68 rows=1 width=84) (actual time=0.014..0.516 rows=432 loops=1)
                           Filter: ((unix_time >= '1685451284.08'::double precision) AND (unix_time <= '1685451344.08'::double precision) AND st_dwithin(st_transform(the_geom, 25833), '0101000020E9640000C24B691861DB234136DB65CAB80E5741'::geometry, '300'::double precision))
                           Rows Removed by Filter: 3228
   ->  Subquery Scan on "*SELECT* 94"  (cost=165745.69..165745.70 rows=1 width=76) (actual time=0.554..0.555 rows=1 loops=1)
         ->  Limit  (cost=165745.69..165745.69 rows=1 width=84) (actual time=0.552..0.553 rows=1 loops=1)
               ->  Sort  (cost=165745.69..165745.69 rows=1 width=84) (actual time=0.550..0.550 rows=1 loops=1)
                     Sort Key: (st_distance(st_transform(s_93.the_geom, 25833), '0101000020E9640000788187B363DB23418BC785FFB70E5741'::geometry))
                     Sort Method: top-N heapsort  Memory: 25kB
                     ->  Seq Scan on phoml_trajectory_tmp s_93  (cost=0.00..165745.68 rows=1 width=84) (actual time=0.012..0.490 rows=436 loops=1)
                           Filter: ((unix_time >= '1685451284.554'::double precision) AND (unix_time <= '1685451344.554'::double precision) AND st_dwithin(st_transform(the_geom, 25833), '0101000020E9640000788187B363DB23418BC785FFB70E5741'::geometry, '300'::double precision))
                           Rows Removed by Filter: 3224
   ->  Subquery Scan on "*SELECT* 95"  (cost=165745.69..165745.70 rows=1 width=76) (actual time=0.577..0.578 rows=1 loops=1)
         ->  Limit  (cost=165745.69..165745.69 rows=1 width=84) (actual time=0.574..0.575 rows=1 loops=1)
               ->  Sort  (cost=165745.69..165745.69 rows=1 width=84) (actual time=0.572..0.573 rows=1 loops=1)
                     Sort Key: (st_distance(st_transform(s_94.the_geom, 25833), '0101000020E9640000E01E440967DB2341B5B4303FB70E5741'::geometry))
                     Sort Method: top-N heapsort  Memory: 25kB
                     ->  Seq Scan on phoml_trajectory_tmp s_94  (cost=0.00..165745.68 rows=1 width=84) (actual time=0.014..0.510 rows=440 loops=1)
                           Filter: ((unix_time >= '1685451285.064'::double precision) AND (unix_time <= '1685451345.064'::double precision) AND st_dwithin(st_transform(the_geom, 25833), '0101000020E9640000E01E440967DB2341B5B4303FB70E5741'::geometry, '300'::double precision))
                           Rows Removed by Filter: 3220
   ->  Subquery Scan on "*SELECT* 96"  (cost=165745.69..165745.70 rows=1 width=76) (actual time=0.557..0.558 rows=1 loops=1)
         ->  Limit  (cost=165745.69..165745.69 rows=1 width=84) (actual time=0.555..0.556 rows=1 loops=1)
               ->  Sort  (cost=165745.69..165745.69 rows=1 width=84) (actual time=0.553..0.554 rows=1 loops=1)
                     Sort Key: (st_distance(st_transform(s_95.the_geom, 25833), '0101000020E9640000E2E9D4D36ADB234137DE7692B60E5741'::geometry))
                     Sort Method: top-N heapsort  Memory: 25kB
                     ->  Seq Scan on phoml_trajectory_tmp s_95  (cost=0.00..165745.68 rows=1 width=84) (actual time=0.011..0.488 rows=440 loops=1)
                           Filter: ((unix_time >= '1685451285.581'::double precision) AND (unix_time <= '1685451345.581'::double precision) AND st_dwithin(st_transform(the_geom, 25833), '0101000020E9640000E2E9D4D36ADB234137DE7692B60E5741'::geometry, '300'::double precision))
                           Rows Removed by Filter: 3220
   ->  Subquery Scan on "*SELECT* 97"  (cost=165745.69..165745.70 rows=1 width=76) (actual time=0.590..0.591 rows=1 loops=1)
         ->  Limit  (cost=165745.69..165745.69 rows=1 width=84) (actual time=0.588..0.589 rows=1 loops=1)
               ->  Sort  (cost=165745.69..165745.69 rows=1 width=84) (actual time=0.586..0.587 rows=1 loops=1)
                     Sort Key: (st_distance(st_transform(s_96.the_geom, 25833), '0101000020E96400000022A7056FDB2341214DB8ECB50E5741'::geometry))
                     Sort Method: top-N heapsort  Memory: 25kB
                     ->  Seq Scan on phoml_trajectory_tmp s_96  (cost=0.00..165745.68 rows=1 width=84) (actual time=0.022..0.521 rows=444 loops=1)
                           Filter: ((unix_time >= '1685451286.101'::double precision) AND (unix_time <= '1685451346.101'::double precision) AND st_dwithin(st_transform(the_geom, 25833), '0101000020E96400000022A7056FDB2341214DB8ECB50E5741'::geometry, '300'::double precision))
                           Rows Removed by Filter: 3216
   ->  Subquery Scan on "*SELECT* 98"  (cost=165745.69..165745.70 rows=1 width=76) (actual time=0.565..0.567 rows=1 loops=1)
         ->  Limit  (cost=165745.69..165745.69 rows=1 width=84) (actual time=0.562..0.563 rows=1 loops=1)
               ->  Sort  (cost=165745.69..165745.69 rows=1 width=84) (actual time=0.561..0.561 rows=1 loops=1)
                     Sort Key: (st_distance(st_transform(s_97.the_geom, 25833), '0101000020E964000025F44DD273DB2341BB160D7AB50E5741'::geometry))
                     Sort Method: top-N heapsort  Memory: 25kB
                     ->  Seq Scan on phoml_trajectory_tmp s_97  (cost=0.00..165745.68 rows=1 width=84) (actual time=0.011..0.498 rows=444 loops=1)
                           Filter: ((unix_time >= '1685451286.636'::double precision) AND (unix_time <= '1685451346.636'::double precision) AND st_dwithin(st_transform(the_geom, 25833), '0101000020E964000025F44DD273DB2341BB160D7AB50E5741'::geometry, '300'::double precision))
                           Rows Removed by Filter: 3216
   ->  Subquery Scan on "*SELECT* 99"  (cost=165745.69..165745.70 rows=1 width=76) (actual time=0.558..0.559 rows=1 loops=1)
         ->  Limit  (cost=165745.69..165745.69 rows=1 width=84) (actual time=0.556..0.557 rows=1 loops=1)
               ->  Sort  (cost=165745.69..165745.69 rows=1 width=84) (actual time=0.554..0.554 rows=1 loops=1)
                     Sort Key: (st_distance(st_transform(s_98.the_geom, 25833), '0101000020E964000091CB822A79DB234126A69D69B50E5741'::geometry))
                     Sort Method: top-N heapsort  Memory: 25kB
                     ->  Seq Scan on phoml_trajectory_tmp s_98  (cost=0.00..165745.68 rows=1 width=84) (actual time=0.013..0.489 rows=446 loops=1)
                           Filter: ((unix_time >= '1685451287.192'::double precision) AND (unix_time <= '1685451347.192'::double precision) AND st_dwithin(st_transform(the_geom, 25833), '0101000020E964000091CB822A79DB234126A69D69B50E5741'::geometry, '300'::double precision))
                           Rows Removed by Filter: 3214
   ->  Subquery Scan on "*SELECT* 100"  (cost=165745.69..165745.70 rows=1 width=76) (actual time=0.577..0.578 rows=1 loops=1)
         ->  Limit  (cost=165745.69..165745.69 rows=1 width=84) (actual time=0.574..0.574 rows=1 loops=1)
               ->  Sort  (cost=165745.69..165745.69 rows=1 width=84) (actual time=0.572..0.573 rows=1 loops=1)
                     Sort Key: (st_distance(st_transform(s_99.the_geom, 25833), '0101000020E964000074DC4A997EDB2341072EA38FB50E5741'::geometry))
                     Sort Method: top-N heapsort  Memory: 25kB
                     ->  Seq Scan on phoml_trajectory_tmp s_99  (cost=0.00..165745.68 rows=1 width=84) (actual time=0.011..0.508 rows=454 loops=1)
                           Filter: ((unix_time >= '1685451287.752'::double precision) AND (unix_time <= '1685451347.752'::double precision) AND st_dwithin(st_transform(the_geom, 25833), '0101000020E964000074DC4A997EDB2341072EA38FB50E5741'::geometry, '300'::double precision))
                           Rows Removed by Filter: 3206
   ->  Subquery Scan on "*SELECT* 101"  (cost=165745.69..165745.70 rows=1 width=76) (actual time=0.566..0.567 rows=1 loops=1)
         ->  Limit  (cost=165745.69..165745.69 rows=1 width=84) (actual time=0.564..0.565 rows=1 loops=1)
               ->  Sort  (cost=165745.69..165745.69 rows=1 width=84) (actual time=0.562..0.562 rows=1 loops=1)
                     Sort Key: (st_distance(st_transform(s_100.the_geom, 25833), '0101000020E96400000EA7D7B683DB2341BB46C8D0B50E5741'::geometry))
                     Sort Method: top-N heapsort  Memory: 25kB
                     ->  Seq Scan on phoml_trajectory_tmp s_100  (cost=0.00..165745.68 rows=1 width=84) (actual time=0.010..0.497 rows=456 loops=1)
                           Filter: ((unix_time >= '1685451288.329'::double precision) AND (unix_time <= '1685451348.329'::double precision) AND st_dwithin(st_transform(the_geom, 25833), '0101000020E96400000EA7D7B683DB2341BB46C8D0B50E5741'::geometry, '300'::double precision))
                           Rows Removed by Filter: 3204
   ->  Subquery Scan on "*SELECT* 102"  (cost=165745.69..165745.70 rows=1 width=76) (actual time=0.600..0.601 rows=1 loops=1)
         ->  Limit  (cost=165745.69..165745.69 rows=1 width=84) (actual time=0.597..0.597 rows=1 loops=1)
               ->  Sort  (cost=165745.69..165745.69 rows=1 width=84) (actual time=0.594..0.594 rows=1 loops=1)
                     Sort Key: (st_distance(st_transform(s_101.the_geom, 25833), '0101000020E96400003A911ABA88DB2341B4C4F505B60E5741'::geometry))
                     Sort Method: top-N heapsort  Memory: 25kB
                     ->  Seq Scan on phoml_trajectory_tmp s_101  (cost=0.00..165745.68 rows=1 width=84) (actual time=0.009..0.522 rows=462 loops=1)
                           Filter: ((unix_time >= '1685451288.918'::double precision) AND (unix_time <= '1685451348.918'::double precision) AND st_dwithin(st_transform(the_geom, 25833), '0101000020E96400003A911ABA88DB2341B4C4F505B60E5741'::geometry, '300'::double precision))
                           Rows Removed by Filter: 3198
   ->  Subquery Scan on "*SELECT* 103"  (cost=165745.69..165745.70 rows=1 width=76) (actual time=0.587..0.588 rows=1 loops=1)
         ->  Limit  (cost=165745.69..165745.69 rows=1 width=84) (actual time=0.584..0.585 rows=1 loops=1)
               ->  Sort  (cost=165745.69..165745.69 rows=1 width=84) (actual time=0.582..0.583 rows=1 loops=1)
                     Sort Key: (st_distance(st_transform(s_102.the_geom, 25833), '0101000020E9640000FB5A46DB8DDB234188244B4AB60E5741'::geometry))
                     Sort Method: top-N heapsort  Memory: 25kB
                     ->  Seq Scan on phoml_trajectory_tmp s_102  (cost=0.00..165745.68 rows=1 width=84) (actual time=0.012..0.509 rows=464 loops=1)
                           Filter: ((unix_time >= '1685451289.526'::double precision) AND (unix_time <= '1685451349.526'::double precision) AND st_dwithin(st_transform(the_geom, 25833), '0101000020E9640000FB5A46DB8DDB234188244B4AB60E5741'::geometry, '300'::double precision))
                           Rows Removed by Filter: 3196
   ->  Subquery Scan on "*SELECT* 104"  (cost=165745.69..165745.70 rows=1 width=76) (actual time=0.569..0.570 rows=1 loops=1)
         ->  Limit  (cost=165745.69..165745.69 rows=1 width=84) (actual time=0.567..0.567 rows=1 loops=1)
               ->  Sort  (cost=165745.69..165745.69 rows=1 width=84) (actual time=0.565..0.565 rows=1 loops=1)
                     Sort Key: (st_distance(st_transform(s_103.the_geom, 25833), '0101000020E9640000AB3E3FF292DB2341B1F55993B60E5741'::geometry))
                     Sort Method: top-N heapsort  Memory: 25kB
                     ->  Seq Scan on phoml_trajectory_tmp s_103  (cost=0.00..165745.68 rows=1 width=84) (actual time=0.009..0.498 rows=464 loops=1)
                           Filter: ((unix_time >= '1685451290.139'::double precision) AND (unix_time <= '1685451350.139'::double precision) AND st_dwithin(st_transform(the_geom, 25833), '0101000020E9640000AB3E3FF292DB2341B1F55993B60E5741'::geometry, '300'::double precision))
                           Rows Removed by Filter: 3196
   ->  Subquery Scan on "*SELECT* 105"  (cost=165745.69..165745.70 rows=1 width=76) (actual time=0.577..0.578 rows=1 loops=1)
         ->  Limit  (cost=165745.69..165745.69 rows=1 width=84) (actual time=0.574..0.575 rows=1 loops=1)
               ->  Sort  (cost=165745.69..165745.69 rows=1 width=84) (actual time=0.573..0.573 rows=1 loops=1)
                     Sort Key: (st_distance(st_transform(s_104.the_geom, 25833), '0101000020E9640000EEBDE57398DB2341CB0859C8B60E5741'::geometry))
                     Sort Method: top-N heapsort  Memory: 25kB
                     ->  Seq Scan on phoml_trajectory_tmp s_104  (cost=0.00..165745.68 rows=1 width=84) (actual time=0.009..0.508 rows=464 loops=1)
                           Filter: ((unix_time >= '1685451290.739'::double precision) AND (unix_time <= '1685451350.739'::double precision) AND st_dwithin(st_transform(the_geom, 25833), '0101000020E9640000EEBDE57398DB2341CB0859C8B60E5741'::geometry, '300'::double precision))
                           Rows Removed by Filter: 3196
   ->  Subquery Scan on "*SELECT* 106"  (cost=165745.69..165745.70 rows=1 width=76) (actual time=0.567..0.569 rows=1 loops=1)
         ->  Limit  (cost=165745.69..165745.69 rows=1 width=84) (actual time=0.566..0.566 rows=1 loops=1)
               ->  Sort  (cost=165745.69..165745.69 rows=1 width=84) (actual time=0.564..0.564 rows=1 loops=1)
                     Sort Key: (st_distance(st_transform(s_105.the_geom, 25833), '0101000020E964000078B5A4DD9FDB2341E6B1B7CAB60E5741'::geometry))
                     Sort Method: top-N heapsort  Memory: 25kB
                     ->  Seq Scan on phoml_trajectory_tmp s_105  (cost=0.00..165745.68 rows=1 width=84) (actual time=0.009..0.498 rows=460 loops=1)
                           Filter: ((unix_time >= '1685451291.371'::double precision) AND (unix_time <= '1685451351.371'::double precision) AND st_dwithin(st_transform(the_geom, 25833), '0101000020E964000078B5A4DD9FDB2341E6B1B7CAB60E5741'::geometry, '300'::double precision))
                           Rows Removed by Filter: 3200
   ->  Subquery Scan on "*SELECT* 107"  (cost=165745.69..165745.70 rows=1 width=76) (actual time=0.580..0.581 rows=1 loops=1)
         ->  Limit  (cost=165745.69..165745.69 rows=1 width=84) (actual time=0.577..0.577 rows=1 loops=1)
               ->  Sort  (cost=165745.69..165745.69 rows=1 width=84) (actual time=0.575..0.576 rows=1 loops=1)
                     Sort Key: (st_distance(st_transform(s_106.the_geom, 25833), '0101000020E964000077E04054A9DB2341A4556291B60E5741'::geometry))
                     Sort Method: top-N heapsort  Memory: 25kB
                     ->  Seq Scan on phoml_trajectory_tmp s_106  (cost=0.00..165745.68 rows=1 width=84) (actual time=0.012..0.511 rows=460 loops=1)
                           Filter: ((unix_time >= '1685451292.001'::double precision) AND (unix_time <= '1685451352.001'::double precision) AND st_dwithin(st_transform(the_geom, 25833), '0101000020E964000077E04054A9DB2341A4556291B60E5741'::geometry, '300'::double precision))
                           Rows Removed by Filter: 3200
   ->  Subquery Scan on "*SELECT* 108"  (cost=165745.69..165745.70 rows=1 width=76) (actual time=0.578..0.579 rows=1 loops=1)
         ->  Limit  (cost=165745.69..165745.69 rows=1 width=84) (actual time=0.575..0.576 rows=1 loops=1)
               ->  Sort  (cost=165745.69..165745.69 rows=1 width=84) (actual time=0.573..0.574 rows=1 loops=1)
                     Sort Key: (st_distance(st_transform(s_107.the_geom, 25833), '0101000020E9640000D6F887D9B2DB2341E9A92952B60E5741'::geometry))
                     Sort Method: top-N heapsort  Memory: 25kB
                     ->  Seq Scan on phoml_trajectory_tmp s_107  (cost=0.00..165745.68 rows=1 width=84) (actual time=0.009..0.500 rows=462 loops=1)
                           Filter: ((unix_time >= '1685451292.625'::double precision) AND (unix_time <= '1685451352.625'::double precision) AND st_dwithin(st_transform(the_geom, 25833), '0101000020E9640000D6F887D9B2DB2341E9A92952B60E5741'::geometry, '300'::double precision))
                           Rows Removed by Filter: 3198
   ->  Subquery Scan on "*SELECT* 109"  (cost=165745.69..165745.70 rows=1 width=76) (actual time=0.567..0.568 rows=1 loops=1)
         ->  Limit  (cost=165745.69..165745.69 rows=1 width=84) (actual time=0.565..0.566 rows=1 loops=1)
               ->  Sort  (cost=165745.69..165745.69 rows=1 width=84) (actual time=0.563..0.563 rows=1 loops=1)
                     Sort Key: (st_distance(st_transform(s_108.the_geom, 25833), '0101000020E964000046A6E684BCDB2341ED0E1116B60E5741'::geometry))
                     Sort Method: top-N heapsort  Memory: 25kB
                     ->  Seq Scan on phoml_trajectory_tmp s_108  (cost=0.00..165745.68 rows=1 width=84) (actual time=0.009..0.498 rows=460 loops=1)
                           Filter: ((unix_time >= '1685451293.254'::double precision) AND (unix_time <= '1685451353.254'::double precision) AND st_dwithin(st_transform(the_geom, 25833), '0101000020E964000046A6E684BCDB2341ED0E1116B60E5741'::geometry, '300'::double precision))
                           Rows Removed by Filter: 3200
   ->  Subquery Scan on "*SELECT* 110"  (cost=165745.69..165745.70 rows=1 width=76) (actual time=0.587..0.588 rows=1 loops=1)
         ->  Limit  (cost=165745.69..165745.69 rows=1 width=84) (actual time=0.584..0.585 rows=1 loops=1)
               ->  Sort  (cost=165745.69..165745.69 rows=1 width=84) (actual time=0.583..0.583 rows=1 loops=1)
                     Sort Key: (st_distance(st_transform(s_109.the_geom, 25833), '0101000020E9640000BFE8A36FC6DB2341DA5605CEB50E5741'::geometry))
                     Sort Method: top-N heapsort  Memory: 25kB
                     ->  Seq Scan on phoml_trajectory_tmp s_109  (cost=0.00..165745.68 rows=1 width=84) (actual time=0.011..0.517 rows=460 loops=1)
                           Filter: ((unix_time >= '1685451293.874'::double precision) AND (unix_time <= '1685451353.874'::double precision) AND st_dwithin(st_transform(the_geom, 25833), '0101000020E9640000BFE8A36FC6DB2341DA5605CEB50E5741'::geometry, '300'::double precision))
                           Rows Removed by Filter: 3200
   ->  Subquery Scan on "*SELECT* 111"  (cost=165745.69..165745.70 rows=1 width=76) (actual time=0.580..0.581 rows=1 loops=1)
         ->  Limit  (cost=165745.69..165745.69 rows=1 width=84) (actual time=0.578..0.579 rows=1 loops=1)
               ->  Sort  (cost=165745.69..165745.69 rows=1 width=84) (actual time=0.577..0.577 rows=1 loops=1)
                     Sort Key: (st_distance(st_transform(s_110.the_geom, 25833), '0101000020E9640000FB2C58FCCFDB23416932EE8FB50E5741'::geometry))
                     Sort Method: top-N heapsort  Memory: 25kB
                     ->  Seq Scan on phoml_trajectory_tmp s_110  (cost=0.00..165745.68 rows=1 width=84) (actual time=0.010..0.513 rows=460 loops=1)
                           Filter: ((unix_time >= '1685451294.491'::double precision) AND (unix_time <= '1685451354.491'::double precision) AND st_dwithin(st_transform(the_geom, 25833), '0101000020E9640000FB2C58FCCFDB23416932EE8FB50E5741'::geometry, '300'::double precision))
                           Rows Removed by Filter: 3200
   ->  Subquery Scan on "*SELECT* 112"  (cost=165745.69..165745.70 rows=1 width=76) (actual time=0.598..0.599 rows=1 loops=1)
         ->  Limit  (cost=165745.69..165745.69 rows=1 width=84) (actual time=0.595..0.596 rows=1 loops=1)
               ->  Sort  (cost=165745.69..165745.69 rows=1 width=84) (actual time=0.594..0.594 rows=1 loops=1)
                     Sort Key: (st_distance(st_transform(s_111.the_geom, 25833), '0101000020E9640000C02D83D4D9DB234168E7E049B50E5741'::geometry))
                     Sort Method: top-N heapsort  Memory: 25kB
                     ->  Seq Scan on phoml_trajectory_tmp s_111  (cost=0.00..165745.68 rows=1 width=84) (actual time=0.009..0.527 rows=460 loops=1)
                           Filter: ((unix_time >= '1685451295.148'::double precision) AND (unix_time <= '1685451355.148'::double precision) AND st_dwithin(st_transform(the_geom, 25833), '0101000020E9640000C02D83D4D9DB234168E7E049B50E5741'::geometry, '300'::double precision))
                           Rows Removed by Filter: 3200
   ->  Subquery Scan on "*SELECT* 113"  (cost=165745.69..165745.70 rows=1 width=76) (actual time=0.574..0.575 rows=1 loops=1)
         ->  Limit  (cost=165745.69..165745.69 rows=1 width=84) (actual time=0.571..0.572 rows=1 loops=1)
               ->  Sort  (cost=165745.69..165745.69 rows=1 width=84) (actual time=0.570..0.570 rows=1 loops=1)
                     Sort Key: (st_distance(st_transform(s_112.the_geom, 25833), '0101000020E9640000922B0CCAE3DB23416E958FF8B40E5741'::geometry))
                     Sort Method: top-N heapsort  Memory: 25kB
                     ->  Seq Scan on phoml_trajectory_tmp s_112  (cost=0.00..165745.68 rows=1 width=84) (actual time=0.011..0.506 rows=456 loops=1)
                           Filter: ((unix_time >= '1685451295.828'::double precision) AND (unix_time <= '1685451355.828'::double precision) AND st_dwithin(st_transform(the_geom, 25833), '0101000020E9640000922B0CCAE3DB23416E958FF8B40E5741'::geometry, '300'::double precision))
                           Rows Removed by Filter: 3204
   ->  Subquery Scan on "*SELECT* 114"  (cost=165745.69..165745.70 rows=1 width=76) (actual time=0.602..0.603 rows=1 loops=1)
         ->  Limit  (cost=165745.69..165745.69 rows=1 width=84) (actual time=0.600..0.601 rows=1 loops=1)
               ->  Sort  (cost=165745.69..165745.69 rows=1 width=84) (actual time=0.598..0.598 rows=1 loops=1)
                     Sort Key: (st_distance(st_transform(s_113.the_geom, 25833), '0101000020E9640000E22BBDBBEDDB234116352DABB40E5741'::geometry))
                     Sort Method: top-N heapsort  Memory: 25kB
                     ->  Seq Scan on phoml_trajectory_tmp s_113  (cost=0.00..165745.68 rows=1 width=84) (actual time=0.027..0.533 rows=460 loops=1)
                           Filter: ((unix_time >= '1685451296.533'::double precision) AND (unix_time <= '1685451356.533'::double precision) AND st_dwithin(st_transform(the_geom, 25833), '0101000020E9640000E22BBDBBEDDB234116352DABB40E5741'::geometry, '300'::double precision))
                           Rows Removed by Filter: 3200
   ->  Subquery Scan on "*SELECT* 115"  (cost=165745.69..165745.70 rows=1 width=76) (actual time=0.633..0.634 rows=1 loops=1)
         ->  Limit  (cost=165745.69..165745.69 rows=1 width=84) (actual time=0.630..0.630 rows=1 loops=1)
               ->  Sort  (cost=165745.69..165745.69 rows=1 width=84) (actual time=0.628..0.628 rows=1 loops=1)
                     Sort Key: (st_distance(st_transform(s_114.the_geom, 25833), '0101000020E96400006DAA9602F8DB234159313D50B40E5741'::geometry))
                     Sort Method: top-N heapsort  Memory: 25kB
                     ->  Seq Scan on phoml_trajectory_tmp s_114  (cost=0.00..165745.68 rows=1 width=84) (actual time=0.011..0.562 rows=456 loops=1)
                           Filter: ((unix_time >= '1685451297.289'::double precision) AND (unix_time <= '1685451357.289'::double precision) AND st_dwithin(st_transform(the_geom, 25833), '0101000020E96400006DAA9602F8DB234159313D50B40E5741'::geometry, '300'::double precision))
                           Rows Removed by Filter: 3204
   ->  Subquery Scan on "*SELECT* 116"  (cost=165745.69..165745.70 rows=1 width=76) (actual time=0.570..0.571 rows=1 loops=1)
         ->  Limit  (cost=165745.69..165745.69 rows=1 width=84) (actual time=0.567..0.568 rows=1 loops=1)
               ->  Sort  (cost=165745.69..165745.69 rows=1 width=84) (actual time=0.566..0.566 rows=1 loops=1)
                     Sort Key: (st_distance(st_transform(s_115.the_geom, 25833), '0101000020E9640000953C162103DC23415D6E0ED1B30E5741'::geometry))
                     Sort Method: top-N heapsort  Memory: 25kB
                     ->  Seq Scan on phoml_trajectory_tmp s_115  (cost=0.00..165745.68 rows=1 width=84) (actual time=0.009..0.501 rows=456 loops=1)
                           Filter: ((unix_time >= '1685451298.049'::double precision) AND (unix_time <= '1685451358.049'::double precision) AND st_dwithin(st_transform(the_geom, 25833), '0101000020E9640000953C162103DC23415D6E0ED1B30E5741'::geometry, '300'::double precision))
                           Rows Removed by Filter: 3204
   ->  Subquery Scan on "*SELECT* 117"  (cost=165745.69..165745.70 rows=1 width=76) (actual time=0.575..0.576 rows=1 loops=1)
         ->  Limit  (cost=165745.69..165745.69 rows=1 width=84) (actual time=0.572..0.572 rows=1 loops=1)
               ->  Sort  (cost=165745.69..165745.69 rows=1 width=84) (actual time=0.570..0.570 rows=1 loops=1)
                     Sort Key: (st_distance(st_transform(s_116.the_geom, 25833), '0101000020E96400003214C02210DC2341F074CDE5B20E5741'::geometry))
                     Sort Method: top-N heapsort  Memory: 25kB
                     ->  Seq Scan on phoml_trajectory_tmp s_116  (cost=0.00..165745.68 rows=1 width=84) (actual time=0.012..0.505 rows=456 loops=1)
                           Filter: ((unix_time >= '1685451298.828'::double precision) AND (unix_time <= '1685451358.828'::double precision) AND st_dwithin(st_transform(the_geom, 25833), '0101000020E96400003214C02210DC2341F074CDE5B20E5741'::geometry, '300'::double precision))
                           Rows Removed by Filter: 3204
   ->  Subquery Scan on "*SELECT* 118"  (cost=165745.69..165745.70 rows=1 width=76) (actual time=0.574..0.575 rows=1 loops=1)
         ->  Limit  (cost=165745.69..165745.69 rows=1 width=84) (actual time=0.571..0.572 rows=1 loops=1)
               ->  Sort  (cost=165745.69..165745.69 rows=1 width=84) (actual time=0.569..0.570 rows=1 loops=1)
                     Sort Key: (st_distance(st_transform(s_117.the_geom, 25833), '0101000020E9640000D0DA7FC81CDC2341423E62C1B10E5741'::geometry))
                     Sort Method: top-N heapsort  Memory: 25kB
                     ->  Seq Scan on phoml_trajectory_tmp s_117  (cost=0.00..165745.68 rows=1 width=84) (actual time=0.010..0.505 rows=458 loops=1)
                           Filter: ((unix_time >= '1685451299.599'::double precision) AND (unix_time <= '1685451359.599'::double precision) AND st_dwithin(st_transform(the_geom, 25833), '0101000020E9640000D0DA7FC81CDC2341423E62C1B10E5741'::geometry, '300'::double precision))
                           Rows Removed by Filter: 3202
   ->  Subquery Scan on "*SELECT* 119"  (cost=165745.69..165745.70 rows=1 width=76) (actual time=0.569..0.570 rows=1 loops=1)
         ->  Limit  (cost=165745.69..165745.69 rows=1 width=84) (actual time=0.567..0.567 rows=1 loops=1)
               ->  Sort  (cost=165745.69..165745.69 rows=1 width=84) (actual time=0.565..0.565 rows=1 loops=1)
                     Sort Key: (st_distance(st_transform(s_118.the_geom, 25833), '0101000020E96400006CC755B028DC2341A6677A64B00E5741'::geometry))
                     Sort Method: top-N heapsort  Memory: 25kB
                     ->  Seq Scan on phoml_trajectory_tmp s_118  (cost=0.00..165745.68 rows=1 width=84) (actual time=0.013..0.501 rows=456 loops=1)
                           Filter: ((unix_time >= '1685451300.347'::double precision) AND (unix_time <= '1685451360.347'::double precision) AND st_dwithin(st_transform(the_geom, 25833), '0101000020E96400006CC755B028DC2341A6677A64B00E5741'::geometry, '300'::double precision))
                           Rows Removed by Filter: 3204
   ->  Subquery Scan on "*SELECT* 120"  (cost=165745.69..165745.70 rows=1 width=76) (actual time=0.576..0.577 rows=1 loops=1)
         ->  Limit  (cost=165745.69..165745.69 rows=1 width=84) (actual time=0.573..0.574 rows=1 loops=1)
               ->  Sort  (cost=165745.69..165745.69 rows=1 width=84) (actual time=0.572..0.572 rows=1 loops=1)
                     Sort Key: (st_distance(st_transform(s_119.the_geom, 25833), '0101000020E9640000F420A27E33DC2341EFA5BEDEAE0E5741'::geometry))
                     Sort Method: top-N heapsort  Memory: 25kB
                     ->  Seq Scan on phoml_trajectory_tmp s_119  (cost=0.00..165745.68 rows=1 width=84) (actual time=0.011..0.506 rows=456 loops=1)
                           Filter: ((unix_time >= '1685451301.057'::double precision) AND (unix_time <= '1685451361.057'::double precision) AND st_dwithin(st_transform(the_geom, 25833), '0101000020E9640000F420A27E33DC2341EFA5BEDEAE0E5741'::geometry, '300'::double precision))
                           Rows Removed by Filter: 3204
   ->  Subquery Scan on "*SELECT* 121"  (cost=165745.69..165745.70 rows=1 width=76) (actual time=0.568..0.569 rows=1 loops=1)
         ->  Limit  (cost=165745.69..165745.69 rows=1 width=84) (actual time=0.566..0.567 rows=1 loops=1)
               ->  Sort  (cost=165745.69..165745.69 rows=1 width=84) (actual time=0.564..0.565 rows=1 loops=1)
                     Sort Key: (st_distance(st_transform(s_120.the_geom, 25833), '0101000020E96400005C80C50E3DDC2341DAFFA31FAD0E5741'::geometry))
                     Sort Method: top-N heapsort  Memory: 25kB
                     ->  Seq Scan on phoml_trajectory_tmp s_120  (cost=0.00..165745.68 rows=1 width=84) (actual time=0.009..0.494 rows=459 loops=1)
                           Filter: ((unix_time >= '1685451301.755'::double precision) AND (unix_time <= '1685451361.755'::double precision) AND st_dwithin(st_transform(the_geom, 25833), '0101000020E96400005C80C50E3DDC2341DAFFA31FAD0E5741'::geometry, '300'::double precision))
                           Rows Removed by Filter: 3201
   ->  Subquery Scan on "*SELECT* 122"  (cost=165745.69..165745.70 rows=1 width=76) (actual time=0.586..0.587 rows=1 loops=1)
         ->  Limit  (cost=165745.69..165745.69 rows=1 width=84) (actual time=0.583..0.584 rows=1 loops=1)
               ->  Sort  (cost=165745.69..165745.69 rows=1 width=84) (actual time=0.581..0.582 rows=1 loops=1)
                     Sort Key: (st_distance(st_transform(s_121.the_geom, 25833), '0101000020E9640000125D69EA44DC23411085864CAB0E5741'::geometry))
                     Sort Method: top-N heapsort  Memory: 25kB
                     ->  Seq Scan on phoml_trajectory_tmp s_121  (cost=0.00..165745.68 rows=1 width=84) (actual time=0.009..0.516 rows=456 loops=1)
                           Filter: ((unix_time >= '1685451302.416'::double precision) AND (unix_time <= '1685451362.416'::double precision) AND st_dwithin(st_transform(the_geom, 25833), '0101000020E9640000125D69EA44DC23411085864CAB0E5741'::geometry, '300'::double precision))
                           Rows Removed by Filter: 3204
   ->  Subquery Scan on "*SELECT* 123"  (cost=165745.69..165745.70 rows=1 width=76) (actual time=0.575..0.576 rows=1 loops=1)
         ->  Limit  (cost=165745.69..165745.69 rows=1 width=84) (actual time=0.573..0.574 rows=1 loops=1)
               ->  Sort  (cost=165745.69..165745.69 rows=1 width=84) (actual time=0.571..0.571 rows=1 loops=1)
                     Sort Key: (st_distance(st_transform(s_122.the_geom, 25833), '0101000020E9640000875EE1114BDC23415ACBF477A90E5741'::geometry))
                     Sort Method: top-N heapsort  Memory: 25kB
                     ->  Seq Scan on phoml_trajectory_tmp s_122  (cost=0.00..165745.68 rows=1 width=84) (actual time=0.014..0.507 rows=458 loops=1)
                           Filter: ((unix_time >= '1685451303.046'::double precision) AND (unix_time <= '1685451363.046'::double precision) AND st_dwithin(st_transform(the_geom, 25833), '0101000020E9640000875EE1114BDC23415ACBF477A90E5741'::geometry, '300'::double precision))
                           Rows Removed by Filter: 3202
   ->  Subquery Scan on "*SELECT* 124"  (cost=165745.69..165745.70 rows=1 width=76) (actual time=0.567..0.568 rows=1 loops=1)
         ->  Limit  (cost=165745.69..165745.69 rows=1 width=84) (actual time=0.564..0.565 rows=1 loops=1)
               ->  Sort  (cost=165745.69..165745.69 rows=1 width=84) (actual time=0.562..0.563 rows=1 loops=1)
                     Sort Key: (st_distance(st_transform(s_123.the_geom, 25833), '0101000020E9640000CCB40FE44FDC2341CDF6E094A70E5741'::geometry))
                     Sort Method: top-N heapsort  Memory: 25kB
                     ->  Seq Scan on phoml_trajectory_tmp s_123  (cost=0.00..165745.68 rows=1 width=84) (actual time=0.009..0.498 rows=456 loops=1)
                           Filter: ((unix_time >= '1685451303.667'::double precision) AND (unix_time <= '1685451363.667'::double precision) AND st_dwithin(st_transform(the_geom, 25833), '0101000020E9640000CCB40FE44FDC2341CDF6E094A70E5741'::geometry, '300'::double precision))
                           Rows Removed by Filter: 3204
   ->  Subquery Scan on "*SELECT* 125"  (cost=165745.69..165745.70 rows=1 width=76) (actual time=0.580..0.581 rows=1 loops=1)
         ->  Limit  (cost=165745.69..165745.69 rows=1 width=84) (actual time=0.577..0.577 rows=1 loops=1)
               ->  Sort  (cost=165745.69..165745.69 rows=1 width=84) (actual time=0.575..0.575 rows=1 loops=1)
                     Sort Key: (st_distance(st_transform(s_124.the_geom, 25833), '0101000020E9640000F9068F4A53DC234137FA46C4A50E5741'::geometry))
                     Sort Method: top-N heapsort  Memory: 25kB
                     ->  Seq Scan on phoml_trajectory_tmp s_124  (cost=0.00..165745.68 rows=1 width=84) (actual time=0.010..0.509 rows=460 loops=1)
                           Filter: ((unix_time >= '1685451304.269'::double precision) AND (unix_time <= '1685451364.269'::double precision) AND st_dwithin(st_transform(the_geom, 25833), '0101000020E9640000F9068F4A53DC234137FA46C4A50E5741'::geometry, '300'::double precision))
                           Rows Removed by Filter: 3200
   ->  Subquery Scan on "*SELECT* 126"  (cost=165745.69..165745.70 rows=1 width=76) (actual time=0.567..0.568 rows=1 loops=1)
         ->  Limit  (cost=165745.69..165745.69 rows=1 width=84) (actual time=0.565..0.566 rows=1 loops=1)
               ->  Sort  (cost=165745.69..165745.69 rows=1 width=84) (actual time=0.564..0.564 rows=1 loops=1)
                     Sort Key: (st_distance(st_transform(s_125.the_geom, 25833), '0101000020E9640000848FCB1E56DC234142836B27A40E5741'::geometry))
                     Sort Method: top-N heapsort  Memory: 25kB
                     ->  Seq Scan on phoml_trajectory_tmp s_125  (cost=0.00..165745.68 rows=1 width=84) (actual time=0.011..0.497 rows=456 loops=1)
                           Filter: ((unix_time >= '1685451304.839'::double precision) AND (unix_time <= '1685451364.839'::double precision) AND st_dwithin(st_transform(the_geom, 25833), '0101000020E9640000848FCB1E56DC234142836B27A40E5741'::geometry, '300'::double precision))
                           Rows Removed by Filter: 3204
   ->  Subquery Scan on "*SELECT* 127"  (cost=165745.69..165745.70 rows=1 width=76) (actual time=0.580..0.581 rows=1 loops=1)
         ->  Limit  (cost=165745.69..165745.69 rows=1 width=84) (actual time=0.576..0.577 rows=1 loops=1)
               ->  Sort  (cost=165745.69..165745.69 rows=1 width=84) (actual time=0.575..0.575 rows=1 loops=1)
                     Sort Key: (st_distance(st_transform(s_126.the_geom, 25833), '0101000020E9640000D396EA8558DC2341F15FF49CA20E5741'::geometry))
                     Sort Method: top-N heapsort  Memory: 25kB
                     ->  Seq Scan on phoml_trajectory_tmp s_126  (cost=0.00..165745.68 rows=1 width=84) (actual time=0.009..0.510 rows=460 loops=1)
                           Filter: ((unix_time >= '1685451305.408'::double precision) AND (unix_time <= '1685451365.408'::double precision) AND st_dwithin(st_transform(the_geom, 25833), '0101000020E9640000D396EA8558DC2341F15FF49CA20E5741'::geometry, '300'::double precision))
                           Rows Removed by Filter: 3200
   ->  Subquery Scan on "*SELECT* 128"  (cost=165745.69..165745.70 rows=1 width=76) (actual time=0.560..0.561 rows=1 loops=1)
         ->  Limit  (cost=165745.69..165745.69 rows=1 width=84) (actual time=0.558..0.559 rows=1 loops=1)
               ->  Sort  (cost=165745.69..165745.69 rows=1 width=84) (actual time=0.556..0.556 rows=1 loops=1)
                     Sort Key: (st_distance(st_transform(s_127.the_geom, 25833), '0101000020E9640000EF64A2B85ADC23416A657E3DA10E5741'::geometry))
                     Sort Method: top-N heapsort  Memory: 25kB
                     ->  Seq Scan on phoml_trajectory_tmp s_127  (cost=0.00..165745.68 rows=1 width=84) (actual time=0.010..0.493 rows=460 loops=1)
                           Filter: ((unix_time >= '1685451305.948'::double precision) AND (unix_time <= '1685451365.948'::double precision) AND st_dwithin(st_transform(the_geom, 25833), '0101000020E9640000EF64A2B85ADC23416A657E3DA10E5741'::geometry, '300'::double precision))
                           Rows Removed by Filter: 3200
   ->  Subquery Scan on "*SELECT* 129"  (cost=165745.69..165745.70 rows=1 width=76) (actual time=0.576..0.578 rows=1 loops=1)
         ->  Limit  (cost=165745.69..165745.69 rows=1 width=84) (actual time=0.574..0.574 rows=1 loops=1)
               ->  Sort  (cost=165745.69..165745.69 rows=1 width=84) (actual time=0.571..0.572 rows=1 loops=1)
                     Sort Key: (st_distance(st_transform(s_128.the_geom, 25833), '0101000020E9640000DC3C66465DDC234116EE53F79F0E5741'::geometry))
                     Sort Method: top-N heapsort  Memory: 25kB
                     ->  Seq Scan on phoml_trajectory_tmp s_128  (cost=0.00..165745.68 rows=1 width=84) (actual time=0.010..0.507 rows=458 loops=1)
                           Filter: ((unix_time >= '1685451306.489'::double precision) AND (unix_time <= '1685451366.489'::double precision) AND st_dwithin(st_transform(the_geom, 25833), '0101000020E9640000DC3C66465DDC234116EE53F79F0E5741'::geometry, '300'::double precision))
                           Rows Removed by Filter: 3202
   ->  Subquery Scan on "*SELECT* 130"  (cost=165745.69..165745.70 rows=1 width=76) (actual time=0.590..0.591 rows=1 loops=1)
         ->  Limit  (cost=165745.69..165745.69 rows=1 width=84) (actual time=0.586..0.587 rows=1 loops=1)
               ->  Sort  (cost=165745.69..165745.69 rows=1 width=84) (actual time=0.584..0.585 rows=1 loops=1)
                     Sort Key: (st_distance(st_transform(s_129.the_geom, 25833), '0101000020E9640000AE50E7D95FDC234124E769B89E0E5741'::geometry))
                     Sort Method: top-N heapsort  Memory: 25kB
                     ->  Seq Scan on phoml_trajectory_tmp s_129  (cost=0.00..165745.68 rows=1 width=84) (actual time=0.014..0.518 rows=460 loops=1)
                           Filter: ((unix_time >= '1685451307.019'::double precision) AND (unix_time <= '1685451367.019'::double precision) AND st_dwithin(st_transform(the_geom, 25833), '0101000020E9640000AE50E7D95FDC234124E769B89E0E5741'::geometry, '300'::double precision))
                           Rows Removed by Filter: 3200
   ->  Subquery Scan on "*SELECT* 131"  (cost=165745.69..165745.70 rows=1 width=76) (actual time=0.571..0.572 rows=1 loops=1)
         ->  Limit  (cost=165745.69..165745.69 rows=1 width=84) (actual time=0.570..0.570 rows=1 loops=1)
               ->  Sort  (cost=165745.69..165745.69 rows=1 width=84) (actual time=0.568..0.568 rows=1 loops=1)
                     Sort Key: (st_distance(st_transform(s_130.the_geom, 25833), '0101000020E9640000CB224BED61DC2341D36C7A6D9D0E5741'::geometry))
                     Sort Method: top-N heapsort  Memory: 25kB
                     ->  Seq Scan on phoml_trajectory_tmp s_130  (cost=0.00..165745.68 rows=1 width=84) (actual time=0.010..0.501 rows=460 loops=1)
                           Filter: ((unix_time >= '1685451307.522'::double precision) AND (unix_time <= '1685451367.522'::double precision) AND st_dwithin(st_transform(the_geom, 25833), '0101000020E9640000CB224BED61DC2341D36C7A6D9D0E5741'::geometry, '300'::double precision))
                           Rows Removed by Filter: 3200
   ->  Subquery Scan on "*SELECT* 132"  (cost=165745.69..165745.70 rows=1 width=76) (actual time=0.593..0.594 rows=1 loops=1)
         ->  Limit  (cost=165745.69..165745.69 rows=1 width=84) (actual time=0.590..0.591 rows=1 loops=1)
               ->  Sort  (cost=165745.69..165745.69 rows=1 width=84) (actual time=0.588..0.589 rows=1 loops=1)
                     Sort Key: (st_distance(st_transform(s_131.the_geom, 25833), '0101000020E9640000E765FF2664DC2341EE9D0F209C0E5741'::geometry))
                     Sort Method: top-N heapsort  Memory: 25kB
                     ->  Seq Scan on phoml_trajectory_tmp s_131  (cost=0.00..165745.68 rows=1 width=84) (actual time=0.011..0.521 rows=464 loops=1)
                           Filter: ((unix_time >= '1685451308.062'::double precision) AND (unix_time <= '1685451368.062'::double precision) AND st_dwithin(st_transform(the_geom, 25833), '0101000020E9640000E765FF2664DC2341EE9D0F209C0E5741'::geometry, '300'::double precision))
                           Rows Removed by Filter: 3196
   ->  Subquery Scan on "*SELECT* 133"  (cost=165745.69..165745.70 rows=1 width=76) (actual time=0.566..0.568 rows=1 loops=1)
         ->  Limit  (cost=165745.69..165745.69 rows=1 width=84) (actual time=0.564..0.566 rows=1 loops=1)
               ->  Sort  (cost=165745.69..165745.69 rows=1 width=84) (actual time=0.563..0.563 rows=1 loops=1)
                     Sort Key: (st_distance(st_transform(s_132.the_geom, 25833), '0101000020E96400008493566C66DC2341A6F146EA9A0E5741'::geometry))
                     Sort Method: top-N heapsort  Memory: 25kB
                     ->  Seq Scan on phoml_trajectory_tmp s_132  (cost=0.00..165745.68 rows=1 width=84) (actual time=0.012..0.497 rows=460 loops=1)
                           Filter: ((unix_time >= '1685451308.595'::double precision) AND (unix_time <= '1685451368.595'::double precision) AND st_dwithin(st_transform(the_geom, 25833), '0101000020E96400008493566C66DC2341A6F146EA9A0E5741'::geometry, '300'::double precision))
                           Rows Removed by Filter: 3200
   ->  Subquery Scan on "*SELECT* 134"  (cost=165745.69..165745.70 rows=1 width=76) (actual time=0.602..0.604 rows=1 loops=1)
         ->  Limit  (cost=165745.69..165745.69 rows=1 width=84) (actual time=0.599..0.600 rows=1 loops=1)
               ->  Sort  (cost=165745.69..165745.69 rows=1 width=84) (actual time=0.598..0.598 rows=1 loops=1)
                     Sort Key: (st_distance(st_transform(s_133.the_geom, 25833), '0101000020E9640000B42DF4C668DC2341FB1CCBBF990E5741'::geometry))
                     Sort Method: top-N heapsort  Memory: 25kB
                     ->  Seq Scan on phoml_trajectory_tmp s_133  (cost=0.00..165745.68 rows=1 width=84) (actual time=0.011..0.532 rows=460 loops=1)
                           Filter: ((unix_time >= '1685451309.137'::double precision) AND (unix_time <= '1685451369.137'::double precision) AND st_dwithin(st_transform(the_geom, 25833), '0101000020E9640000B42DF4C668DC2341FB1CCBBF990E5741'::geometry, '300'::double precision))
                           Rows Removed by Filter: 3200
   ->  Subquery Scan on "*SELECT* 135"  (cost=165745.69..165745.70 rows=1 width=76) (actual time=0.581..0.582 rows=1 loops=1)
         ->  Limit  (cost=165745.69..165745.69 rows=1 width=84) (actual time=0.578..0.579 rows=1 loops=1)
               ->  Sort  (cost=165745.69..165745.69 rows=1 width=84) (actual time=0.576..0.577 rows=1 loops=1)
                     Sort Key: (st_distance(st_transform(s_134.the_geom, 25833), '0101000020E964000049A6D6376BDC234174285785980E5741'::geometry))
                     Sort Method: top-N heapsort  Memory: 25kB
                     ->  Seq Scan on phoml_trajectory_tmp s_134  (cost=0.00..165745.68 rows=1 width=84) (actual time=0.012..0.510 rows=460 loops=1)
                           Filter: ((unix_time >= '1685451309.667'::double precision) AND (unix_time <= '1685451369.667'::double precision) AND st_dwithin(st_transform(the_geom, 25833), '0101000020E964000049A6D6376BDC234174285785980E5741'::geometry, '300'::double precision))
                           Rows Removed by Filter: 3200
   ->  Subquery Scan on "*SELECT* 136"  (cost=165745.69..165745.70 rows=1 width=76) (actual time=0.565..0.566 rows=1 loops=1)
         ->  Limit  (cost=165745.69..165745.69 rows=1 width=84) (actual time=0.563..0.564 rows=1 loops=1)
               ->  Sort  (cost=165745.69..165745.69 rows=1 width=84) (actual time=0.561..0.562 rows=1 loops=1)
                     Sort Key: (st_distance(st_transform(s_135.the_geom, 25833), '0101000020E9640000DD052D9E6DDC2341DD894557970E5741'::geometry))
                     Sort Method: top-N heapsort  Memory: 25kB
                     ->  Seq Scan on phoml_trajectory_tmp s_135  (cost=0.00..165745.68 rows=1 width=84) (actual time=0.010..0.497 rows=458 loops=1)
                           Filter: ((unix_time >= '1685451310.209'::double precision) AND (unix_time <= '1685451370.209'::double precision) AND st_dwithin(st_transform(the_geom, 25833), '0101000020E9640000DD052D9E6DDC2341DD894557970E5741'::geometry, '300'::double precision))
                           Rows Removed by Filter: 3202
   ->  Subquery Scan on "*SELECT* 137"  (cost=165745.69..165745.70 rows=1 width=76) (actual time=0.585..0.586 rows=1 loops=1)
         ->  Limit  (cost=165745.69..165745.69 rows=1 width=84) (actual time=0.582..0.583 rows=1 loops=1)
               ->  Sort  (cost=165745.69..165745.69 rows=1 width=84) (actual time=0.581..0.581 rows=1 loops=1)
                     Sort Key: (st_distance(st_transform(s_136.the_geom, 25833), '0101000020E964000009035E0670DC2341EDC91022960E5741'::geometry))
                     Sort Method: top-N heapsort  Memory: 25kB
                     ->  Seq Scan on phoml_trajectory_tmp s_136  (cost=0.00..165745.68 rows=1 width=84) (actual time=0.011..0.515 rows=456 loops=1)
                           Filter: ((unix_time >= '1685451310.749'::double precision) AND (unix_time <= '1685451370.749'::double precision) AND st_dwithin(st_transform(the_geom, 25833), '0101000020E964000009035E0670DC2341EDC91022960E5741'::geometry, '300'::double precision))
                           Rows Removed by Filter: 3204
   ->  Subquery Scan on "*SELECT* 138"  (cost=165745.69..165745.70 rows=1 width=76) (actual time=0.567..0.568 rows=1 loops=1)
         ->  Limit  (cost=165745.69..165745.69 rows=1 width=84) (actual time=0.566..0.566 rows=1 loops=1)
               ->  Sort  (cost=165745.69..165745.69 rows=1 width=84) (actual time=0.564..0.564 rows=1 loops=1)
                     Sort Key: (st_distance(st_transform(s_137.the_geom, 25833), '0101000020E9640000A91AC86C72DC2341E2727CEE940E5741'::geometry))
                     Sort Method: top-N heapsort  Memory: 25kB
                     ->  Seq Scan on phoml_trajectory_tmp s_137  (cost=0.00..165745.68 rows=1 width=84) (actual time=0.013..0.499 rows=452 loops=1)
                           Filter: ((unix_time >= '1685451311.304'::double precision) AND (unix_time <= '1685451371.304'::double precision) AND st_dwithin(st_transform(the_geom, 25833), '0101000020E9640000A91AC86C72DC2341E2727CEE940E5741'::geometry, '300'::double precision))
                           Rows Removed by Filter: 3208
   ->  Subquery Scan on "*SELECT* 139"  (cost=165745.69..165745.70 rows=1 width=76) (actual time=0.584..0.586 rows=1 loops=1)
         ->  Limit  (cost=165745.69..165745.69 rows=1 width=84) (actual time=0.581..0.583 rows=1 loops=1)
               ->  Sort  (cost=165745.69..165745.69 rows=1 width=84) (actual time=0.580..0.581 rows=1 loops=1)
                     Sort Key: (st_distance(st_transform(s_138.the_geom, 25833), '0101000020E964000036124AEC74DC2341A5FCD3BF930E5741'::geometry))
                     Sort Method: top-N heapsort  Memory: 25kB
                     ->  Seq Scan on phoml_trajectory_tmp s_138  (cost=0.00..165745.68 rows=1 width=84) (actual time=0.010..0.517 rows=452 loops=1)
                           Filter: ((unix_time >= '1685451311.854'::double precision) AND (unix_time <= '1685451371.854'::double precision) AND st_dwithin(st_transform(the_geom, 25833), '0101000020E964000036124AEC74DC2341A5FCD3BF930E5741'::geometry, '300'::double precision))
                           Rows Removed by Filter: 3208
   ->  Subquery Scan on "*SELECT* 140"  (cost=165745.69..165745.70 rows=1 width=76) (actual time=0.574..0.575 rows=1 loops=1)
         ->  Limit  (cost=165745.69..165745.69 rows=1 width=84) (actual time=0.571..0.571 rows=1 loops=1)
               ->  Sort  (cost=165745.69..165745.69 rows=1 width=84) (actual time=0.569..0.569 rows=1 loops=1)
                     Sort Key: (st_distance(st_transform(s_139.the_geom, 25833), '0101000020E96400007AC82AAF77DC2341BAC6A89D920E5741'::geometry))
                     Sort Method: top-N heapsort  Memory: 25kB
                     ->  Seq Scan on phoml_trajectory_tmp s_139  (cost=0.00..165745.68 rows=1 width=84) (actual time=0.013..0.503 rows=448 loops=1)
                           Filter: ((unix_time >= '1685451312.426'::double precision) AND (unix_time <= '1685451372.426'::double precision) AND st_dwithin(st_transform(the_geom, 25833), '0101000020E96400007AC82AAF77DC2341BAC6A89D920E5741'::geometry, '300'::double precision))
                           Rows Removed by Filter: 3212
   ->  Subquery Scan on "*SELECT* 141"  (cost=165745.69..165745.70 rows=1 width=76) (actual time=0.599..0.600 rows=1 loops=1)
         ->  Limit  (cost=165745.69..165745.69 rows=1 width=84) (actual time=0.597..0.598 rows=1 loops=1)
               ->  Sort  (cost=165745.69..165745.69 rows=1 width=84) (actual time=0.595..0.596 rows=1 loops=1)
                     Sort Key: (st_distance(st_transform(s_140.the_geom, 25833), '0101000020E9640000907AEB747ADC2341E8BE467A910E5741'::geometry))
                     Sort Method: top-N heapsort  Memory: 25kB
                     ->  Seq Scan on phoml_trajectory_tmp s_140  (cost=0.00..165745.68 rows=1 width=84) (actual time=0.012..0.527 rows=448 loops=1)
                           Filter: ((unix_time >= '1685451312.996'::double precision) AND (unix_time <= '1685451372.996'::double precision) AND st_dwithin(st_transform(the_geom, 25833), '0101000020E9640000907AEB747ADC2341E8BE467A910E5741'::geometry, '300'::double precision))
                           Rows Removed by Filter: 3212
   ->  Subquery Scan on "*SELECT* 142"  (cost=165745.69..165745.70 rows=1 width=76) (actual time=0.569..0.570 rows=1 loops=1)
         ->  Limit  (cost=165745.69..165745.69 rows=1 width=84) (actual time=0.566..0.567 rows=1 loops=1)
               ->  Sort  (cost=165745.69..165745.69 rows=1 width=84) (actual time=0.564..0.565 rows=1 loops=1)
                     Sort Key: (st_distance(st_transform(s_141.the_geom, 25833), '0101000020E96400008A6837CC7CDC23414D9CF535900E5741'::geometry))
                     Sort Method: top-N heapsort  Memory: 25kB
                     ->  Seq Scan on phoml_trajectory_tmp s_141  (cost=0.00..165745.68 rows=1 width=84) (actual time=0.012..0.502 rows=448 loops=1)
                           Filter: ((unix_time >= '1685451313.581'::double precision) AND (unix_time <= '1685451373.581'::double precision) AND st_dwithin(st_transform(the_geom, 25833), '0101000020E96400008A6837CC7CDC23414D9CF535900E5741'::geometry, '300'::double precision))
                           Rows Removed by Filter: 3212
   ->  Subquery Scan on "*SELECT* 143"  (cost=165745.69..165745.70 rows=1 width=76) (actual time=0.555..0.557 rows=1 loops=1)
         ->  Limit  (cost=165745.69..165745.69 rows=1 width=84) (actual time=0.554..0.554 rows=1 loops=1)
               ->  Sort  (cost=165745.69..165745.69 rows=1 width=84) (actual time=0.552..0.552 rows=1 loops=1)
                     Sort Key: (st_distance(st_transform(s_142.the_geom, 25833), '0101000020E9640000DAD3A03A7EDC23413D0B41A48E0E5741'::geometry))
                     Sort Method: top-N heapsort  Memory: 25kB
                     ->  Seq Scan on phoml_trajectory_tmp s_142  (cost=0.00..165745.68 rows=1 width=84) (actual time=0.013..0.488 rows=444 loops=1)
                           Filter: ((unix_time >= '1685451314.184'::double precision) AND (unix_time <= '1685451374.184'::double precision) AND st_dwithin(st_transform(the_geom, 25833), '0101000020E9640000DAD3A03A7EDC23413D0B41A48E0E5741'::geometry, '300'::double precision))
                           Rows Removed by Filter: 3216
   ->  Subquery Scan on "*SELECT* 144"  (cost=165745.69..165745.70 rows=1 width=76) (actual time=0.569..0.570 rows=1 loops=1)
         ->  Limit  (cost=165745.69..165745.69 rows=1 width=84) (actual time=0.566..0.567 rows=1 loops=1)
               ->  Sort  (cost=165745.69..165745.69 rows=1 width=84) (actual time=0.564..0.564 rows=1 loops=1)
                     Sort Key: (st_distance(st_transform(s_143.the_geom, 25833), '0101000020E96400009B75AADD7EDC2341619895028D0E5741'::geometry))
                     Sort Method: top-N heapsort  Memory: 25kB
                     ->  Seq Scan on phoml_trajectory_tmp s_143  (cost=0.00..165745.68 rows=1 width=84) (actual time=0.010..0.496 rows=444 loops=1)
                           Filter: ((unix_time >= '1685451314.784'::double precision) AND (unix_time <= '1685451374.784'::double precision) AND st_dwithin(st_transform(the_geom, 25833), '0101000020E96400009B75AADD7EDC2341619895028D0E5741'::geometry, '300'::double precision))
                           Rows Removed by Filter: 3216
   ->  Subquery Scan on "*SELECT* 145"  (cost=165745.69..165745.70 rows=1 width=76) (actual time=0.559..0.560 rows=1 loops=1)
         ->  Limit  (cost=165745.69..165745.69 rows=1 width=84) (actual time=0.558..0.558 rows=1 loops=1)
               ->  Sort  (cost=165745.69..165745.69 rows=1 width=84) (actual time=0.555..0.556 rows=1 loops=1)
                     Sort Key: (st_distance(st_transform(s_144.the_geom, 25833), '0101000020E96400006E997B0E7FDC2341CA5F00758B0E5741'::geometry))
                     Sort Method: top-N heapsort  Memory: 25kB
                     ->  Seq Scan on phoml_trajectory_tmp s_144  (cost=0.00..165745.68 rows=1 width=84) (actual time=0.011..0.491 rows=444 loops=1)
                           Filter: ((unix_time >= '1685451315.387'::double precision) AND (unix_time <= '1685451375.387'::double precision) AND st_dwithin(st_transform(the_geom, 25833), '0101000020E96400006E997B0E7FDC2341CA5F00758B0E5741'::geometry, '300'::double precision))
                           Rows Removed by Filter: 3216
   ->  Subquery Scan on "*SELECT* 146"  (cost=165745.69..165745.70 rows=1 width=76) (actual time=0.569..0.570 rows=1 loops=1)
         ->  Limit  (cost=165745.69..165745.69 rows=1 width=84) (actual time=0.566..0.567 rows=1 loops=1)
               ->  Sort  (cost=165745.69..165745.69 rows=1 width=84) (actual time=0.564..0.564 rows=1 loops=1)
                     Sort Key: (st_distance(st_transform(s_145.the_geom, 25833), '0101000020E96400007E2C38747FDC2341CD45E9118A0E5741'::geometry))
                     Sort Method: top-N heapsort  Memory: 25kB
                     ->  Seq Scan on phoml_trajectory_tmp s_145  (cost=0.00..165745.68 rows=1 width=84) (actual time=0.012..0.503 rows=444 loops=1)
                           Filter: ((unix_time >= '1685451315.977'::double precision) AND (unix_time <= '1685451375.977'::double precision) AND st_dwithin(st_transform(the_geom, 25833), '0101000020E96400007E2C38747FDC2341CD45E9118A0E5741'::geometry, '300'::double precision))
                           Rows Removed by Filter: 3216
   ->  Subquery Scan on "*SELECT* 147"  (cost=165745.69..165745.70 rows=1 width=76) (actual time=0.583..0.585 rows=1 loops=1)
         ->  Limit  (cost=165745.69..165745.69 rows=1 width=84) (actual time=0.570..0.571 rows=1 loops=1)
               ->  Sort  (cost=165745.69..165745.69 rows=1 width=84) (actual time=0.568..0.568 rows=1 loops=1)
                     Sort Key: (st_distance(st_transform(s_146.the_geom, 25833), '0101000020E9640000C2761DBC7FDC2341A2893DB1880E5741'::geometry))
                     Sort Method: top-N heapsort  Memory: 25kB
                     ->  Seq Scan on phoml_trajectory_tmp s_146  (cost=0.00..165745.68 rows=1 width=84) (actual time=0.011..0.504 rows=444 loops=1)
                           Filter: ((unix_time >= '1685451316.572'::double precision) AND (unix_time <= '1685451376.572'::double precision) AND st_dwithin(st_transform(the_geom, 25833), '0101000020E9640000C2761DBC7FDC2341A2893DB1880E5741'::geometry, '300'::double precision))
                           Rows Removed by Filter: 3216
   ->  Subquery Scan on "*SELECT* 148"  (cost=165745.69..165745.70 rows=1 width=76) (actual time=0.563..0.564 rows=1 loops=1)
         ->  Limit  (cost=165745.69..165745.69 rows=1 width=84) (actual time=0.561..0.562 rows=1 loops=1)
               ->  Sort  (cost=165745.69..165745.69 rows=1 width=84) (actual time=0.559..0.560 rows=1 loops=1)
                     Sort Key: (st_distance(st_transform(s_147.the_geom, 25833), '0101000020E964000080FA5EC27FDC2341F82FBC51870E5741'::geometry))
                     Sort Method: top-N heapsort  Memory: 25kB
                     ->  Seq Scan on phoml_trajectory_tmp s_147  (cost=0.00..165745.68 rows=1 width=84) (actual time=0.011..0.494 rows=444 loops=1)
                           Filter: ((unix_time >= '1685451317.167'::double precision) AND (unix_time <= '1685451377.167'::double precision) AND st_dwithin(st_transform(the_geom, 25833), '0101000020E964000080FA5EC27FDC2341F82FBC51870E5741'::geometry, '300'::double precision))
                           Rows Removed by Filter: 3216
   ->  Subquery Scan on "*SELECT* 149"  (cost=165745.69..165745.70 rows=1 width=76) (actual time=0.569..0.570 rows=1 loops=1)
         ->  Limit  (cost=165745.69..165745.69 rows=1 width=84) (actual time=0.566..0.567 rows=1 loops=1)
               ->  Sort  (cost=165745.69..165745.69 rows=1 width=84) (actual time=0.564..0.564 rows=1 loops=1)
                     Sort Key: (st_distance(st_transform(s_148.the_geom, 25833), '0101000020E96400008FC211677FDC2341D1BA16E4850E5741'::geometry))
                     Sort Method: top-N heapsort  Memory: 25kB
                     ->  Seq Scan on phoml_trajectory_tmp s_148  (cost=0.00..165745.68 rows=1 width=84) (actual time=0.011..0.501 rows=444 loops=1)
                           Filter: ((unix_time >= '1685451317.747'::double precision) AND (unix_time <= '1685451377.747'::double precision) AND st_dwithin(st_transform(the_geom, 25833), '0101000020E96400008FC211677FDC2341D1BA16E4850E5741'::geometry, '300'::double precision))
                           Rows Removed by Filter: 3216
   ->  Subquery Scan on "*SELECT* 150"  (cost=165745.69..165745.70 rows=1 width=76) (actual time=0.559..0.560 rows=1 loops=1)
         ->  Limit  (cost=165745.69..165745.69 rows=1 width=84) (actual time=0.557..0.558 rows=1 loops=1)
               ->  Sort  (cost=165745.69..165745.69 rows=1 width=84) (actual time=0.555..0.556 rows=1 loops=1)
                     Sort Key: (st_distance(st_transform(s_149.the_geom, 25833), '0101000020E9640000427627D57DDC23414071B844840E5741'::geometry))
                     Sort Method: top-N heapsort  Memory: 25kB
                     ->  Seq Scan on phoml_trajectory_tmp s_149  (cost=0.00..165745.68 rows=1 width=84) (actual time=0.013..0.494 rows=442 loops=1)
                           Filter: ((unix_time >= '1685451318.344'::double precision) AND (unix_time <= '1685451378.344'::double precision) AND st_dwithin(st_transform(the_geom, 25833), '0101000020E9640000427627D57DDC23414071B844840E5741'::geometry, '300'::double precision))
                           Rows Removed by Filter: 3218
   ->  Subquery Scan on "*SELECT* 151"  (cost=165745.69..165745.70 rows=1 width=76) (actual time=0.581..0.582 rows=1 loops=1)
         ->  Limit  (cost=165745.69..165745.69 rows=1 width=84) (actual time=0.578..0.579 rows=1 loops=1)
               ->  Sort  (cost=165745.69..165745.69 rows=1 width=84) (actual time=0.576..0.577 rows=1 loops=1)
                     Sort Key: (st_distance(st_transform(s_150.the_geom, 25833), '0101000020E964000074C897EC7BDC23413E6E77C2820E5741'::geometry))
                     Sort Method: top-N heapsort  Memory: 25kB
                     ->  Seq Scan on phoml_trajectory_tmp s_150  (cost=0.00..165745.68 rows=1 width=84) (actual time=0.011..0.507 rows=448 loops=1)
                           Filter: ((unix_time >= '1685451318.914'::double precision) AND (unix_time <= '1685451378.914'::double precision) AND st_dwithin(st_transform(the_geom, 25833), '0101000020E964000074C897EC7BDC23413E6E77C2820E5741'::geometry, '300'::double precision))
                           Rows Removed by Filter: 3212
   ->  Subquery Scan on "*SELECT* 152"  (cost=165745.69..165745.70 rows=1 width=76) (actual time=0.594..0.596 rows=1 loops=1)
         ->  Limit  (cost=165745.69..165745.69 rows=1 width=84) (actual time=0.590..0.591 rows=1 loops=1)
               ->  Sort  (cost=165745.69..165745.69 rows=1 width=84) (actual time=0.588..0.589 rows=1 loops=1)
                     Sort Key: (st_distance(st_transform(s_151.the_geom, 25833), '0101000020E9640000B96D7B497ADC234135F10656810E5741'::geometry))
                     Sort Method: top-N heapsort  Memory: 25kB
                     ->  Seq Scan on phoml_trajectory_tmp s_151  (cost=0.00..165745.68 rows=1 width=84) (actual time=0.011..0.517 rows=448 loops=1)
                           Filter: ((unix_time >= '1685451319.472'::double precision) AND (unix_time <= '1685451379.472'::double precision) AND st_dwithin(st_transform(the_geom, 25833), '0101000020E9640000B96D7B497ADC234135F10656810E5741'::geometry, '300'::double precision))
                           Rows Removed by Filter: 3212
   ->  Subquery Scan on "*SELECT* 153"  (cost=165745.69..165745.70 rows=1 width=76) (actual time=0.579..0.580 rows=1 loops=1)
         ->  Limit  (cost=165745.69..165745.69 rows=1 width=84) (actual time=0.578..0.578 rows=1 loops=1)
               ->  Sort  (cost=165745.69..165745.69 rows=1 width=84) (actual time=0.576..0.576 rows=1 loops=1)
                     Sort Key: (st_distance(st_transform(s_152.the_geom, 25833), '0101000020E96400005F098E1078DC234135513AE87F0E5741'::geometry))
                     Sort Method: top-N heapsort  Memory: 25kB
                     ->  Seq Scan on phoml_trajectory_tmp s_152  (cost=0.00..165745.68 rows=1 width=84) (actual time=0.012..0.512 rows=452 loops=1)
                           Filter: ((unix_time >= '1685451320.012'::double precision) AND (unix_time <= '1685451380.012'::double precision) AND st_dwithin(st_transform(the_geom, 25833), '0101000020E96400005F098E1078DC234135513AE87F0E5741'::geometry, '300'::double precision))
                           Rows Removed by Filter: 3208
   ->  Subquery Scan on "*SELECT* 154"  (cost=165745.69..165745.70 rows=1 width=76) (actual time=0.599..0.600 rows=1 loops=1)
         ->  Limit  (cost=165745.69..165745.69 rows=1 width=84) (actual time=0.596..0.597 rows=1 loops=1)
               ->  Sort  (cost=165745.69..165745.69 rows=1 width=84) (actual time=0.594..0.595 rows=1 loops=1)
                     Sort Key: (st_distance(st_transform(s_153.the_geom, 25833), '0101000020E9640000A0A7295975DC2341662790767E0E5741'::geometry))
                     Sort Method: top-N heapsort  Memory: 25kB
                     ->  Seq Scan on phoml_trajectory_tmp s_153  (cost=0.00..165745.68 rows=1 width=84) (actual time=0.013..0.527 rows=456 loops=1)
                           Filter: ((unix_time >= '1685451320.535'::double precision) AND (unix_time <= '1685451380.535'::double precision) AND st_dwithin(st_transform(the_geom, 25833), '0101000020E9640000A0A7295975DC2341662790767E0E5741'::geometry, '300'::double precision))
                           Rows Removed by Filter: 3204
   ->  Subquery Scan on "*SELECT* 155"  (cost=165745.69..165745.70 rows=1 width=76) (actual time=0.569..0.570 rows=1 loops=1)
         ->  Limit  (cost=165745.69..165745.69 rows=1 width=84) (actual time=0.567..0.567 rows=1 loops=1)
               ->  Sort  (cost=165745.69..165745.69 rows=1 width=84) (actual time=0.565..0.566 rows=1 loops=1)
                     Sort Key: (st_distance(st_transform(s_154.the_geom, 25833), '0101000020E9640000F05A181A73DC23411A1BC9247D0E5741'::geometry))
                     Sort Method: top-N heapsort  Memory: 25kB
                     ->  Seq Scan on phoml_trajectory_tmp s_154  (cost=0.00..165745.68 rows=1 width=84) (actual time=0.011..0.498 rows=460 loops=1)
                           Filter: ((unix_time >= '1685451321.045'::double precision) AND (unix_time <= '1685451381.045'::double precision) AND st_dwithin(st_transform(the_geom, 25833), '0101000020E9640000F05A181A73DC23411A1BC9247D0E5741'::geometry, '300'::double precision))
                           Rows Removed by Filter: 3200
   ->  Subquery Scan on "*SELECT* 156"  (cost=165745.69..165745.70 rows=1 width=76) (actual time=0.579..0.580 rows=1 loops=1)
         ->  Limit  (cost=165745.69..165745.69 rows=1 width=84) (actual time=0.575..0.576 rows=1 loops=1)
               ->  Sort  (cost=165745.69..165745.69 rows=1 width=84) (actual time=0.573..0.574 rows=1 loops=1)
                     Sort Key: (st_distance(st_transform(s_155.the_geom, 25833), '0101000020E96400008F45A86071DC23414E365CE77B0E5741'::geometry))
                     Sort Method: top-N heapsort  Memory: 25kB
                     ->  Seq Scan on phoml_trajectory_tmp s_155  (cost=0.00..165745.68 rows=1 width=84) (actual time=0.010..0.509 rows=464 loops=1)
                           Filter: ((unix_time >= '1685451321.55'::double precision) AND (unix_time <= '1685451381.55'::double precision) AND st_dwithin(st_transform(the_geom, 25833), '0101000020E96400008F45A86071DC23414E365CE77B0E5741'::geometry, '300'::double precision))
                           Rows Removed by Filter: 3196
   ->  Subquery Scan on "*SELECT* 157"  (cost=165745.69..165745.70 rows=1 width=76) (actual time=0.587..0.588 rows=1 loops=1)
         ->  Limit  (cost=165745.69..165745.69 rows=1 width=84) (actual time=0.584..0.585 rows=1 loops=1)
               ->  Sort  (cost=165745.69..165745.69 rows=1 width=84) (actual time=0.582..0.583 rows=1 loops=1)
                     Sort Key: (st_distance(st_transform(s_156.the_geom, 25833), '0101000020E9640000088A0E8E6FDC23411116859C7A0E5741'::geometry))
                     Sort Method: top-N heapsort  Memory: 25kB
                     ->  Seq Scan on phoml_trajectory_tmp s_156  (cost=0.00..165745.68 rows=1 width=84) (actual time=0.012..0.515 rows=465 loops=1)
                           Filter: ((unix_time >= '1685451322.05'::double precision) AND (unix_time <= '1685451382.05'::double precision) AND st_dwithin(st_transform(the_geom, 25833), '0101000020E9640000088A0E8E6FDC23411116859C7A0E5741'::geometry, '300'::double precision))
                           Rows Removed by Filter: 3195
   ->  Subquery Scan on "*SELECT* 158"  (cost=165745.69..165745.70 rows=1 width=76) (actual time=0.581..0.582 rows=1 loops=1)
         ->  Limit  (cost=165745.69..165745.69 rows=1 width=84) (actual time=0.579..0.580 rows=1 loops=1)
               ->  Sort  (cost=165745.69..165745.69 rows=1 width=84) (actual time=0.577..0.578 rows=1 loops=1)
                     Sort Key: (st_distance(st_transform(s_157.the_geom, 25833), '0101000020E964000050B251846DDC2341F3648F5A790E5741'::geometry))
                     Sort Method: top-N heapsort  Memory: 25kB
                     ->  Seq Scan on phoml_trajectory_tmp s_157  (cost=0.00..165745.68 rows=1 width=84) (actual time=0.013..0.511 rows=472 loops=1)
                           Filter: ((unix_time >= '1685451322.534'::double precision) AND (unix_time <= '1685451382.534'::double precision) AND st_dwithin(st_transform(the_geom, 25833), '0101000020E964000050B251846DDC2341F3648F5A790E5741'::geometry, '300'::double precision))
                           Rows Removed by Filter: 3188
   ->  Subquery Scan on "*SELECT* 159"  (cost=165745.69..165745.70 rows=1 width=76) (actual time=0.591..0.593 rows=1 loops=1)
         ->  Limit  (cost=165745.69..165745.69 rows=1 width=84) (actual time=0.588..0.589 rows=1 loops=1)
               ->  Sort  (cost=165745.69..165745.69 rows=1 width=84) (actual time=0.586..0.587 rows=1 loops=1)
                     Sort Key: (st_distance(st_transform(s_158.the_geom, 25833), '0101000020E96400007AA299A56BDC2341BB2AF120780E5741'::geometry))
                     Sort Method: top-N heapsort  Memory: 25kB
                     ->  Seq Scan on phoml_trajectory_tmp s_158  (cost=0.00..165745.68 rows=1 width=84) (actual time=0.011..0.520 rows=476 loops=1)
                           Filter: ((unix_time >= '1685451323.014'::double precision) AND (unix_time <= '1685451383.014'::double precision) AND st_dwithin(st_transform(the_geom, 25833), '0101000020E96400007AA299A56BDC2341BB2AF120780E5741'::geometry, '300'::double precision))
                           Rows Removed by Filter: 3184
   ->  Subquery Scan on "*SELECT* 160"  (cost=165745.69..165745.70 rows=1 width=76) (actual time=0.590..0.591 rows=1 loops=1)
         ->  Limit  (cost=165745.69..165745.69 rows=1 width=84) (actual time=0.588..0.589 rows=1 loops=1)
               ->  Sort  (cost=165745.69..165745.69 rows=1 width=84) (actual time=0.587..0.587 rows=1 loops=1)
                     Sort Key: (st_distance(st_transform(s_159.the_geom, 25833), '0101000020E9640000635B6D9869DC2341646F05D7760E5741'::geometry))
                     Sort Method: top-N heapsort  Memory: 25kB
                     ->  Seq Scan on phoml_trajectory_tmp s_159  (cost=0.00..165745.68 rows=1 width=84) (actual time=0.014..0.519 rows=476 loops=1)
                           Filter: ((unix_time >= '1685451323.498'::double precision) AND (unix_time <= '1685451383.498'::double precision) AND st_dwithin(st_transform(the_geom, 25833), '0101000020E9640000635B6D9869DC2341646F05D7760E5741'::geometry, '300'::double precision))
                           Rows Removed by Filter: 3184
   ->  Subquery Scan on "*SELECT* 161"  (cost=165745.69..165745.70 rows=1 width=76) (actual time=0.591..0.592 rows=1 loops=1)
         ->  Limit  (cost=165745.69..165745.69 rows=1 width=84) (actual time=0.588..0.589 rows=1 loops=1)
               ->  Sort  (cost=165745.69..165745.69 rows=1 width=84) (actual time=0.586..0.587 rows=1 loops=1)
                     Sort Key: (st_distance(st_transform(s_160.the_geom, 25833), '0101000020E9640000B0FCFF9467DC2341A149579A750E5741'::geometry))
                     Sort Method: top-N heapsort  Memory: 25kB
                     ->  Seq Scan on phoml_trajectory_tmp s_160  (cost=0.00..165745.68 rows=1 width=84) (actual time=0.011..0.514 rows=476 loops=1)
                           Filter: ((unix_time >= '1685451323.978'::double precision) AND (unix_time <= '1685451383.978'::double precision) AND st_dwithin(st_transform(the_geom, 25833), '0101000020E9640000B0FCFF9467DC2341A149579A750E5741'::geometry, '300'::double precision))
                           Rows Removed by Filter: 3184
   ->  Subquery Scan on "*SELECT* 162"  (cost=165745.69..165745.70 rows=1 width=76) (actual time=0.599..0.600 rows=1 loops=1)
         ->  Limit  (cost=165745.69..165745.69 rows=1 width=84) (actual time=0.596..0.597 rows=1 loops=1)
               ->  Sort  (cost=165745.69..165745.69 rows=1 width=84) (actual time=0.594..0.595 rows=1 loops=1)
                     Sort Key: (st_distance(st_transform(s_161.the_geom, 25833), '0101000020E9640000037DE9B265DC2341AC611165740E5741'::geometry))
                     Sort Method: top-N heapsort  Memory: 25kB
                     ->  Seq Scan on phoml_trajectory_tmp s_161  (cost=0.00..165745.68 rows=1 width=84) (actual time=0.013..0.525 rows=480 loops=1)
                           Filter: ((unix_time >= '1685451324.445'::double precision) AND (unix_time <= '1685451384.445'::double precision) AND st_dwithin(st_transform(the_geom, 25833), '0101000020E9640000037DE9B265DC2341AC611165740E5741'::geometry, '300'::double precision))
                           Rows Removed by Filter: 3180
   ->  Subquery Scan on "*SELECT* 163"  (cost=165745.69..165745.70 rows=1 width=76) (actual time=0.585..0.586 rows=1 loops=1)
         ->  Limit  (cost=165745.69..165745.69 rows=1 width=84) (actual time=0.583..0.584 rows=1 loops=1)
               ->  Sort  (cost=165745.69..165745.69 rows=1 width=84) (actual time=0.581..0.582 rows=1 loops=1)
                     Sort Key: (st_distance(st_transform(s_162.the_geom, 25833), '0101000020E96400007C52466A63DC23419F725517730E5741'::geometry))
                     Sort Method: top-N heapsort  Memory: 25kB
                     ->  Seq Scan on phoml_trajectory_tmp s_162  (cost=0.00..165745.68 rows=1 width=84) (actual time=0.012..0.514 rows=481 loops=1)
                           Filter: ((unix_time >= '1685451324.945'::double precision) AND (unix_time <= '1685451384.945'::double precision) AND st_dwithin(st_transform(the_geom, 25833), '0101000020E96400007C52466A63DC23419F725517730E5741'::geometry, '300'::double precision))
                           Rows Removed by Filter: 3179
   ->  Subquery Scan on "*SELECT* 164"  (cost=165745.69..165745.70 rows=1 width=76) (actual time=0.597..0.598 rows=1 loops=1)
         ->  Limit  (cost=165745.69..165745.69 rows=1 width=84) (actual time=0.595..0.595 rows=1 loops=1)
               ->  Sort  (cost=165745.69..165745.69 rows=1 width=84) (actual time=0.593..0.593 rows=1 loops=1)
                     Sort Key: (st_distance(st_transform(s_163.the_geom, 25833), '0101000020E9640000CD829E4D61DC2341999195D4710E5741'::geometry))
                     Sort Method: top-N heapsort  Memory: 25kB
                     ->  Seq Scan on phoml_trajectory_tmp s_163  (cost=0.00..165745.68 rows=1 width=84) (actual time=0.011..0.524 rows=484 loops=1)
                           Filter: ((unix_time >= '1685451325.42'::double precision) AND (unix_time <= '1685451385.42'::double precision) AND st_dwithin(st_transform(the_geom, 25833), '0101000020E9640000CD829E4D61DC2341999195D4710E5741'::geometry, '300'::double precision))
                           Rows Removed by Filter: 3176
   ->  Subquery Scan on "*SELECT* 165"  (cost=165745.69..165745.70 rows=1 width=76) (actual time=0.586..0.587 rows=1 loops=1)
         ->  Limit  (cost=165745.69..165745.69 rows=1 width=84) (actual time=0.584..0.585 rows=1 loops=1)
               ->  Sort  (cost=165745.69..165745.69 rows=1 width=84) (actual time=0.582..0.583 rows=1 loops=1)
                     Sort Key: (st_distance(st_transform(s_164.the_geom, 25833), '0101000020E9640000043C2AE35EDC23416924CD8B700E5741'::geometry))
                     Sort Method: top-N heapsort  Memory: 25kB
                     ->  Seq Scan on phoml_trajectory_tmp s_164  (cost=0.00..165745.68 rows=1 width=84) (actual time=0.011..0.515 rows=484 loops=1)
                           Filter: ((unix_time >= '1685451325.9'::double precision) AND (unix_time <= '1685451385.9'::double precision) AND st_dwithin(st_transform(the_geom, 25833), '0101000020E9640000043C2AE35EDC23416924CD8B700E5741'::geometry, '300'::double precision))
                           Rows Removed by Filter: 3176
   ->  Subquery Scan on "*SELECT* 166"  (cost=165745.69..165745.70 rows=1 width=76) (actual time=0.601..0.602 rows=1 loops=1)
         ->  Limit  (cost=165745.69..165745.69 rows=1 width=84) (actual time=0.598..0.599 rows=1 loops=1)
               ->  Sort  (cost=165745.69..165745.69 rows=1 width=84) (actual time=0.597..0.597 rows=1 loops=1)
                     Sort Key: (st_distance(st_transform(s_165.the_geom, 25833), '0101000020E9640000D145B2FC5BDC23415B27B73F6F0E5741'::geometry))
                     Sort Method: top-N heapsort  Memory: 25kB
                     ->  Seq Scan on phoml_trajectory_tmp s_165  (cost=0.00..165745.68 rows=1 width=84) (actual time=0.013..0.523 rows=488 loops=1)
                           Filter: ((unix_time >= '1685451326.372'::double precision) AND (unix_time <= '1685451386.372'::double precision) AND st_dwithin(st_transform(the_geom, 25833), '0101000020E9640000D145B2FC5BDC23415B27B73F6F0E5741'::geometry, '300'::double precision))
                           Rows Removed by Filter: 3172
   ->  Subquery Scan on "*SELECT* 167"  (cost=165745.69..165745.70 rows=1 width=76) (actual time=0.610..0.611 rows=1 loops=1)
         ->  Limit  (cost=165745.69..165745.69 rows=1 width=84) (actual time=0.607..0.608 rows=1 loops=1)
               ->  Sort  (cost=165745.69..165745.69 rows=1 width=84) (actual time=0.606..0.606 rows=1 loops=1)
                     Sort Key: (st_distance(st_transform(s_166.the_geom, 25833), '0101000020E96400000C5E2A7858DC2341E99972E56D0E5741'::geometry))
                     Sort Method: top-N heapsort  Memory: 25kB
                     ->  Seq Scan on phoml_trajectory_tmp s_166  (cost=0.00..165745.68 rows=1 width=84) (actual time=0.012..0.536 rows=488 loops=1)
                           Filter: ((unix_time >= '1685451326.842'::double precision) AND (unix_time <= '1685451386.842'::double precision) AND st_dwithin(st_transform(the_geom, 25833), '0101000020E96400000C5E2A7858DC2341E99972E56D0E5741'::geometry, '300'::double precision))
                           Rows Removed by Filter: 3172
   ->  Subquery Scan on "*SELECT* 168"  (cost=165745.69..165745.70 rows=1 width=76) (actual time=0.613..0.614 rows=1 loops=1)
         ->  Limit  (cost=165745.69..165745.69 rows=1 width=84) (actual time=0.611..0.612 rows=1 loops=1)
               ->  Sort  (cost=165745.69..165745.69 rows=1 width=84) (actual time=0.609..0.610 rows=1 loops=1)
                     Sort Key: (st_distance(st_transform(s_167.the_geom, 25833), '0101000020E96400003D91478654DC2341EA4461846C0E5741'::geometry))
                     Sort Method: top-N heapsort  Memory: 25kB
                     ->  Seq Scan on phoml_trajectory_tmp s_167  (cost=0.00..165745.68 rows=1 width=84) (actual time=0.021..0.538 rows=490 loops=1)
                           Filter: ((unix_time >= '1685451327.319'::double precision) AND (unix_time <= '1685451387.319'::double precision) AND st_dwithin(st_transform(the_geom, 25833), '0101000020E96400003D91478654DC2341EA4461846C0E5741'::geometry, '300'::double precision))
                           Rows Removed by Filter: 3170
   ->  Subquery Scan on "*SELECT* 169"  (cost=165745.69..165745.70 rows=1 width=76) (actual time=0.619..0.620 rows=1 loops=1)
         ->  Limit  (cost=165745.69..165745.69 rows=1 width=84) (actual time=0.616..0.617 rows=1 loops=1)
               ->  Sort  (cost=165745.69..165745.69 rows=1 width=84) (actual time=0.614..0.615 rows=1 loops=1)
                     Sort Key: (st_distance(st_transform(s_168.the_geom, 25833), '0101000020E9640000E9B61BAE50DC2341C09DCA3A6B0E5741'::geometry))
                     Sort Method: top-N heapsort  Memory: 25kB
                     ->  Seq Scan on phoml_trajectory_tmp s_168  (cost=0.00..165745.68 rows=1 width=84) (actual time=0.011..0.542 rows=492 loops=1)
                           Filter: ((unix_time >= '1685451327.779'::double precision) AND (unix_time <= '1685451387.779'::double precision) AND st_dwithin(st_transform(the_geom, 25833), '0101000020E9640000E9B61BAE50DC2341C09DCA3A6B0E5741'::geometry, '300'::double precision))
                           Rows Removed by Filter: 3168
   ->  Subquery Scan on "*SELECT* 170"  (cost=165745.69..165745.70 rows=1 width=76) (actual time=0.607..0.608 rows=1 loops=1)
         ->  Limit  (cost=165745.69..165745.69 rows=1 width=84) (actual time=0.603..0.604 rows=1 loops=1)
               ->  Sort  (cost=165745.69..165745.69 rows=1 width=84) (actual time=0.601..0.602 rows=1 loops=1)
                     Sort Key: (st_distance(st_transform(s_169.the_geom, 25833), '0101000020E96400009F2147044DDC2341C16667F9690E5741'::geometry))
                     Sort Method: top-N heapsort  Memory: 25kB
                     ->  Seq Scan on phoml_trajectory_tmp s_169  (cost=0.00..165745.68 rows=1 width=84) (actual time=0.014..0.533 rows=492 loops=1)
                           Filter: ((unix_time >= '1685451328.235'::double precision) AND (unix_time <= '1685451388.235'::double precision) AND st_dwithin(st_transform(the_geom, 25833), '0101000020E96400009F2147044DDC2341C16667F9690E5741'::geometry, '300'::double precision))
                           Rows Removed by Filter: 3168
   ->  Subquery Scan on "*SELECT* 171"  (cost=165745.69..165745.70 rows=1 width=76) (actual time=0.632..0.633 rows=1 loops=1)
         ->  Limit  (cost=165745.69..165745.69 rows=1 width=84) (actual time=0.630..0.631 rows=1 loops=1)
               ->  Sort  (cost=165745.69..165745.69 rows=1 width=84) (actual time=0.629..0.629 rows=1 loops=1)
                     Sort Key: (st_distance(st_transform(s_170.the_geom, 25833), '0101000020E9640000180BC8F448DC234195FCCAAD680E5741'::geometry))
                     Sort Method: top-N heapsort  Memory: 25kB
                     ->  Seq Scan on phoml_trajectory_tmp s_170  (cost=0.00..165745.68 rows=1 width=84) (actual time=0.031..0.555 rows=496 loops=1)
                           Filter: ((unix_time >= '1685451328.695'::double precision) AND (unix_time <= '1685451388.695'::double precision) AND st_dwithin(st_transform(the_geom, 25833), '0101000020E9640000180BC8F448DC234195FCCAAD680E5741'::geometry, '300'::double precision))
                           Rows Removed by Filter: 3164
   ->  Subquery Scan on "*SELECT* 172"  (cost=165745.69..165745.70 rows=1 width=76) (actual time=0.611..0.613 rows=1 loops=1)
         ->  Limit  (cost=165745.69..165745.69 rows=1 width=84) (actual time=0.608..0.609 rows=1 loops=1)
               ->  Sort  (cost=165745.69..165745.69 rows=1 width=84) (actual time=0.606..0.607 rows=1 loops=1)
                     Sort Key: (st_distance(st_transform(s_171.the_geom, 25833), '0101000020E9640000725708BE44DC2341CF72F872670E5741'::geometry))
                     Sort Method: top-N heapsort  Memory: 25kB
                     ->  Seq Scan on phoml_trajectory_tmp s_171  (cost=0.00..165745.68 rows=1 width=84) (actual time=0.011..0.537 rows=496 loops=1)
                           Filter: ((unix_time >= '1685451329.135'::double precision) AND (unix_time <= '1685451389.135'::double precision) AND st_dwithin(st_transform(the_geom, 25833), '0101000020E9640000725708BE44DC2341CF72F872670E5741'::geometry, '300'::double precision))
                           Rows Removed by Filter: 3164
   ->  Subquery Scan on "*SELECT* 173"  (cost=165745.69..165745.70 rows=1 width=76) (actual time=0.604..0.605 rows=1 loops=1)
         ->  Limit  (cost=165745.69..165745.69 rows=1 width=84) (actual time=0.602..0.603 rows=1 loops=1)
               ->  Sort  (cost=165745.69..165745.69 rows=1 width=84) (actual time=0.600..0.601 rows=1 loops=1)
                     Sort Key: (st_distance(st_transform(s_172.the_geom, 25833), '0101000020E96400008776BB8840DC2341BBA36630660E5741'::geometry))
                     Sort Method: top-N heapsort  Memory: 25kB
                     ->  Seq Scan on phoml_trajectory_tmp s_172  (cost=0.00..165745.68 rows=1 width=84) (actual time=0.013..0.529 rows=502 loops=1)
                           Filter: ((unix_time >= '1685451329.581'::double precision) AND (unix_time <= '1685451389.581'::double precision) AND st_dwithin(st_transform(the_geom, 25833), '0101000020E96400008776BB8840DC2341BBA36630660E5741'::geometry, '300'::double precision))
                           Rows Removed by Filter: 3158
   ->  Subquery Scan on "*SELECT* 174"  (cost=165745.69..165745.70 rows=1 width=76) (actual time=0.617..0.618 rows=1 loops=1)
         ->  Limit  (cost=165745.69..165745.69 rows=1 width=84) (actual time=0.614..0.614 rows=1 loops=1)
               ->  Sort  (cost=165745.69..165745.69 rows=1 width=84) (actual time=0.612..0.612 rows=1 loops=1)
                     Sort Key: (st_distance(st_transform(s_173.the_geom, 25833), '0101000020E9640000BBEB04F83BDC2341897C7FEC640E5741'::geometry))
                     Sort Method: top-N heapsort  Memory: 25kB
                     ->  Seq Scan on phoml_trajectory_tmp s_173  (cost=0.00..165745.68 rows=1 width=84) (actual time=0.012..0.542 rows=502 loops=1)
                           Filter: ((unix_time >= '1685451330.021'::double precision) AND (unix_time <= '1685451390.021'::double precision) AND st_dwithin(st_transform(the_geom, 25833), '0101000020E9640000BBEB04F83BDC2341897C7FEC640E5741'::geometry, '300'::double precision))
                           Rows Removed by Filter: 3158
   ->  Subquery Scan on "*SELECT* 175"  (cost=165745.69..165745.70 rows=1 width=76) (actual time=0.614..0.615 rows=1 loops=1)
         ->  Limit  (cost=165745.69..165745.69 rows=1 width=84) (actual time=0.611..0.612 rows=1 loops=1)
               ->  Sort  (cost=165745.69..165745.69 rows=1 width=84) (actual time=0.609..0.610 rows=1 loops=1)
                     Sort Key: (st_distance(st_transform(s_174.the_geom, 25833), '0101000020E9640000B399688537DC2341ED7E4DB3630E5741'::geometry))
                     Sort Method: top-N heapsort  Memory: 25kB
                     ->  Seq Scan on phoml_trajectory_tmp s_174  (cost=0.00..165745.68 rows=1 width=84) (actual time=0.011..0.539 rows=502 loops=1)
                           Filter: ((unix_time >= '1685451330.455'::double precision) AND (unix_time <= '1685451390.455'::double precision) AND st_dwithin(st_transform(the_geom, 25833), '0101000020E9640000B399688537DC2341ED7E4DB3630E5741'::geometry, '300'::double precision))
                           Rows Removed by Filter: 3158
   ->  Subquery Scan on "*SELECT* 176"  (cost=165745.69..165745.70 rows=1 width=76) (actual time=0.617..0.618 rows=1 loops=1)
         ->  Limit  (cost=165745.69..165745.69 rows=1 width=84) (actual time=0.615..0.615 rows=1 loops=1)
               ->  Sort  (cost=165745.69..165745.69 rows=1 width=84) (actual time=0.613..0.613 rows=1 loops=1)
                     Sort Key: (st_distance(st_transform(s_175.the_geom, 25833), '0101000020E96400002F31F76333DC2341F2304990620E5741'::geometry))
                     Sort Method: top-N heapsort  Memory: 25kB
                     ->  Seq Scan on phoml_trajectory_tmp s_175  (cost=0.00..165745.68 rows=1 width=84) (actual time=0.013..0.542 rows=504 loops=1)
                           Filter: ((unix_time >= '1685451330.865'::double precision) AND (unix_time <= '1685451390.865'::double precision) AND st_dwithin(st_transform(the_geom, 25833), '0101000020E96400002F31F76333DC2341F2304990620E5741'::geometry, '300'::double precision))
                           Rows Removed by Filter: 3156
   ->  Subquery Scan on "*SELECT* 177"  (cost=165745.69..165745.70 rows=1 width=76) (actual time=0.618..0.619 rows=1 loops=1)
         ->  Limit  (cost=165745.69..165745.69 rows=1 width=84) (actual time=0.613..0.614 rows=1 loops=1)
               ->  Sort  (cost=165745.69..165745.69 rows=1 width=84) (actual time=0.612..0.612 rows=1 loops=1)
                     Sort Key: (st_distance(st_transform(s_176.the_geom, 25833), '0101000020E9640000E9292C812FDC23416259C366610E5741'::geometry))
                     Sort Method: top-N heapsort  Memory: 25kB
                     ->  Seq Scan on phoml_trajectory_tmp s_176  (cost=0.00..165745.68 rows=1 width=84) (actual time=0.012..0.541 rows=504 loops=1)
                           Filter: ((unix_time >= '1685451331.293'::double precision) AND (unix_time <= '1685451391.293'::double precision) AND st_dwithin(st_transform(the_geom, 25833), '0101000020E9640000E9292C812FDC23416259C366610E5741'::geometry, '300'::double precision))
                           Rows Removed by Filter: 3156
   ->  Subquery Scan on "*SELECT* 178"  (cost=165745.69..165745.70 rows=1 width=76) (actual time=0.627..0.628 rows=1 loops=1)
         ->  Limit  (cost=165745.69..165745.69 rows=1 width=84) (actual time=0.624..0.625 rows=1 loops=1)
               ->  Sort  (cost=165745.69..165745.69 rows=1 width=84) (actual time=0.623..0.623 rows=1 loops=1)
                     Sort Key: (st_distance(st_transform(s_177.the_geom, 25833), '0101000020E964000099B255B12BDC23415DC8143F600E5741'::geometry))
                     Sort Method: top-N heapsort  Memory: 25kB
                     ->  Seq Scan on phoml_trajectory_tmp s_177  (cost=0.00..165745.68 rows=1 width=84) (actual time=0.013..0.548 rows=504 loops=1)
                           Filter: ((unix_time >= '1685451331.713'::double precision) AND (unix_time <= '1685451391.713'::double precision) AND st_dwithin(st_transform(the_geom, 25833), '0101000020E964000099B255B12BDC23415DC8143F600E5741'::geometry, '300'::double precision))
                           Rows Removed by Filter: 3156
   ->  Subquery Scan on "*SELECT* 179"  (cost=165745.69..165745.70 rows=1 width=76) (actual time=0.617..0.618 rows=1 loops=1)
         ->  Limit  (cost=165745.69..165745.69 rows=1 width=84) (actual time=0.615..0.616 rows=1 loops=1)
               ->  Sort  (cost=165745.69..165745.69 rows=1 width=84) (actual time=0.613..0.614 rows=1 loops=1)
                     Sort Key: (st_distance(st_transform(s_178.the_geom, 25833), '0101000020E9640000DC9A2E9627DC23411F0796135F0E5741'::geometry))
                     Sort Method: top-N heapsort  Memory: 25kB
                     ->  Seq Scan on phoml_trajectory_tmp s_178  (cost=0.00..165745.68 rows=1 width=84) (actual time=0.012..0.538 rows=504 loops=1)
                           Filter: ((unix_time >= '1685451332.133'::double precision) AND (unix_time <= '1685451392.133'::double precision) AND st_dwithin(st_transform(the_geom, 25833), '0101000020E9640000DC9A2E9627DC23411F0796135F0E5741'::geometry, '300'::double precision))
                           Rows Removed by Filter: 3156
   ->  Subquery Scan on "*SELECT* 180"  (cost=165745.69..165745.70 rows=1 width=76) (actual time=0.634..0.635 rows=1 loops=1)
         ->  Limit  (cost=165745.69..165745.69 rows=1 width=84) (actual time=0.630..0.631 rows=1 loops=1)
               ->  Sort  (cost=165745.69..165745.69 rows=1 width=84) (actual time=0.629..0.629 rows=1 loops=1)
                     Sort Key: (st_distance(st_transform(s_179.the_geom, 25833), '0101000020E9640000B0D6FA6623DC2341565FF1E15D0E5741'::geometry))
                     Sort Method: top-N heapsort  Memory: 25kB
                     ->  Seq Scan on phoml_trajectory_tmp s_179  (cost=0.00..165745.68 rows=1 width=84) (actual time=0.014..0.556 rows=504 loops=1)
                           Filter: ((unix_time >= '1685451332.557'::double precision) AND (unix_time <= '1685451392.557'::double precision) AND st_dwithin(st_transform(the_geom, 25833), '0101000020E9640000B0D6FA6623DC2341565FF1E15D0E5741'::geometry, '300'::double precision))
                           Rows Removed by Filter: 3156
   ->  Subquery Scan on "*SELECT* 181"  (cost=165745.69..165745.70 rows=1 width=76) (actual time=0.621..0.622 rows=1 loops=1)
         ->  Limit  (cost=165745.69..165745.69 rows=1 width=84) (actual time=0.618..0.618 rows=1 loops=1)
               ->  Sort  (cost=165745.69..165745.69 rows=1 width=84) (actual time=0.616..0.617 rows=1 loops=1)
                     Sort Key: (st_distance(st_transform(s_180.the_geom, 25833), '0101000020E964000082A836591FDC23418D2F24BC5C0E5741'::geometry))
                     Sort Method: top-N heapsort  Memory: 25kB
                     ->  Seq Scan on phoml_trajectory_tmp s_180  (cost=0.00..165745.68 rows=1 width=84) (actual time=0.013..0.545 rows=504 loops=1)
                           Filter: ((unix_time >= '1685451332.957'::double precision) AND (unix_time <= '1685451392.957'::double precision) AND st_dwithin(st_transform(the_geom, 25833), '0101000020E964000082A836591FDC23418D2F24BC5C0E5741'::geometry, '300'::double precision))
                           Rows Removed by Filter: 3156
   ->  Subquery Scan on "*SELECT* 182"  (cost=165745.69..165745.70 rows=1 width=76) (actual time=0.615..0.616 rows=1 loops=1)
         ->  Limit  (cost=165745.69..165745.69 rows=1 width=84) (actual time=0.614..0.614 rows=1 loops=1)
               ->  Sort  (cost=165745.69..165745.69 rows=1 width=84) (actual time=0.612..0.612 rows=1 loops=1)
                     Sort Key: (st_distance(st_transform(s_181.the_geom, 25833), '0101000020E9640000FE9F7B2A1BDC2341DEFEF18A5B0E5741'::geometry))
                     Sort Method: top-N heapsort  Memory: 25kB
                     ->  Seq Scan on phoml_trajectory_tmp s_181  (cost=0.00..165745.68 rows=1 width=84) (actual time=0.016..0.541 rows=504 loops=1)
                           Filter: ((unix_time >= '1685451333.364'::double precision) AND (unix_time <= '1685451393.364'::double precision) AND st_dwithin(st_transform(the_geom, 25833), '0101000020E9640000FE9F7B2A1BDC2341DEFEF18A5B0E5741'::geometry, '300'::double precision))
                           Rows Removed by Filter: 3156
   ->  Subquery Scan on "*SELECT* 183"  (cost=165745.69..165745.70 rows=1 width=76) (actual time=0.621..0.622 rows=1 loops=1)
         ->  Limit  (cost=165745.69..165745.69 rows=1 width=84) (actual time=0.618..0.619 rows=1 loops=1)
               ->  Sort  (cost=165745.69..165745.69 rows=1 width=84) (actual time=0.616..0.617 rows=1 loops=1)
                     Sort Key: (st_distance(st_transform(s_182.the_geom, 25833), '0101000020E964000065F38A1F17DC2341BB78A86C5A0E5741'::geometry))
                     Sort Method: top-N heapsort  Memory: 25kB
                     ->  Seq Scan on phoml_trajectory_tmp s_182  (cost=0.00..165745.68 rows=1 width=84) (actual time=0.013..0.544 rows=504 loops=1)
                           Filter: ((unix_time >= '1685451333.754'::double precision) AND (unix_time <= '1685451393.754'::double precision) AND st_dwithin(st_transform(the_geom, 25833), '0101000020E964000065F38A1F17DC2341BB78A86C5A0E5741'::geometry, '300'::double precision))
                           Rows Removed by Filter: 3156
   ->  Subquery Scan on "*SELECT* 184"  (cost=165745.69..165745.70 rows=1 width=76) (actual time=0.615..0.617 rows=1 loops=1)
         ->  Limit  (cost=165745.69..165745.69 rows=1 width=84) (actual time=0.613..0.614 rows=1 loops=1)
               ->  Sort  (cost=165745.69..165745.69 rows=1 width=84) (actual time=0.611..0.612 rows=1 loops=1)
                     Sort Key: (st_distance(st_transform(s_183.the_geom, 25833), '0101000020E9640000EDD373F912DC2341C1B0FF40590E5741'::geometry))
                     Sort Method: top-N heapsort  Memory: 25kB
                     ->  Seq Scan on phoml_trajectory_tmp s_183  (cost=0.00..165745.68 rows=1 width=84) (actual time=0.013..0.539 rows=504 loops=1)
                           Filter: ((unix_time >= '1685451334.159'::double precision) AND (unix_time <= '1685451394.159'::double precision) AND st_dwithin(st_transform(the_geom, 25833), '0101000020E9640000EDD373F912DC2341C1B0FF40590E5741'::geometry, '300'::double precision))
                           Rows Removed by Filter: 3156
   ->  Subquery Scan on "*SELECT* 185"  (cost=165745.69..165745.70 rows=1 width=76) (actual time=0.622..0.623 rows=1 loops=1)
         ->  Limit  (cost=165745.69..165745.69 rows=1 width=84) (actual time=0.620..0.620 rows=1 loops=1)
               ->  Sort  (cost=165745.69..165745.69 rows=1 width=84) (actual time=0.618..0.618 rows=1 loops=1)
                     Sort Key: (st_distance(st_transform(s_184.the_geom, 25833), '0101000020E9640000B3CA30C10EDC2341C983AE15580E5741'::geometry))
                     Sort Method: top-N heapsort  Memory: 25kB
                     ->  Seq Scan on phoml_trajectory_tmp s_184  (cost=0.00..165745.68 rows=1 width=84) (actual time=0.012..0.546 rows=504 loops=1)
                           Filter: ((unix_time >= '1685451334.539'::double precision) AND (unix_time <= '1685451394.539'::double precision) AND st_dwithin(st_transform(the_geom, 25833), '0101000020E9640000B3CA30C10EDC2341C983AE15580E5741'::geometry, '300'::double precision))
                           Rows Removed by Filter: 3156
   ->  Subquery Scan on "*SELECT* 186"  (cost=165745.69..165745.70 rows=1 width=76) (actual time=0.651..0.652 rows=1 loops=1)
         ->  Limit  (cost=165745.69..165745.69 rows=1 width=84) (actual time=0.640..0.641 rows=1 loops=1)
               ->  Sort  (cost=165745.69..165745.69 rows=1 width=84) (actual time=0.638..0.639 rows=1 loops=1)
                     Sort Key: (st_distance(st_transform(s_185.the_geom, 25833), '0101000020E9640000ED5A9B940ADC2341660D2CFA560E5741'::geometry))
                     Sort Method: top-N heapsort  Memory: 25kB
                     ->  Seq Scan on phoml_trajectory_tmp s_185  (cost=0.00..165745.68 rows=1 width=84) (actual time=0.016..0.564 rows=504 loops=1)
                           Filter: ((unix_time >= '1685451334.919'::double precision) AND (unix_time <= '1685451394.919'::double precision) AND st_dwithin(st_transform(the_geom, 25833), '0101000020E9640000ED5A9B940ADC2341660D2CFA560E5741'::geometry, '300'::double precision))
                           Rows Removed by Filter: 3156
   ->  Subquery Scan on "*SELECT* 187"  (cost=165745.69..165745.70 rows=1 width=76) (actual time=0.626..0.628 rows=1 loops=1)
         ->  Limit  (cost=165745.69..165745.69 rows=1 width=84) (actual time=0.624..0.625 rows=1 loops=1)
               ->  Sort  (cost=165745.69..165745.69 rows=1 width=84) (actual time=0.623..0.623 rows=1 loops=1)
                     Sort Key: (st_distance(st_transform(s_186.the_geom, 25833), '0101000020E9640000CA31927906DC23415071BDD1550E5741'::geometry))
                     Sort Method: top-N heapsort  Memory: 25kB
                     ->  Seq Scan on phoml_trajectory_tmp s_186  (cost=0.00..165745.68 rows=1 width=84) (actual time=0.013..0.552 rows=504 loops=1)
                           Filter: ((unix_time >= '1685451335.307'::double precision) AND (unix_time <= '1685451395.307'::double precision) AND st_dwithin(st_transform(the_geom, 25833), '0101000020E9640000CA31927906DC23415071BDD1550E5741'::geometry, '300'::double precision))
                           Rows Removed by Filter: 3156
   ->  Subquery Scan on "*SELECT* 188"  (cost=165745.69..165745.70 rows=1 width=76) (actual time=0.641..0.642 rows=1 loops=1)
         ->  Limit  (cost=165745.69..165745.69 rows=1 width=84) (actual time=0.638..0.639 rows=1 loops=1)
               ->  Sort  (cost=165745.69..165745.69 rows=1 width=84) (actual time=0.637..0.637 rows=1 loops=1)
                     Sort Key: (st_distance(st_transform(s_187.the_geom, 25833), '0101000020E9640000B953499002DC2341F3DACDAC540E5741'::geometry))
                     Sort Method: top-N heapsort  Memory: 25kB
                     ->  Seq Scan on phoml_trajectory_tmp s_187  (cost=0.00..165745.68 rows=1 width=84) (actual time=0.012..0.564 rows=504 loops=1)
                           Filter: ((unix_time >= '1685451335.697'::double precision) AND (unix_time <= '1685451395.697'::double precision) AND st_dwithin(st_transform(the_geom, 25833), '0101000020E9640000B953499002DC2341F3DACDAC540E5741'::geometry, '300'::double precision))
                           Rows Removed by Filter: 3156
   ->  Subquery Scan on "*SELECT* 189"  (cost=165745.69..165745.70 rows=1 width=76) (actual time=0.628..0.629 rows=1 loops=1)
         ->  Limit  (cost=165745.69..165745.69 rows=1 width=84) (actual time=0.625..0.626 rows=1 loops=1)
               ->  Sort  (cost=165745.69..165745.69 rows=1 width=84) (actual time=0.623..0.623 rows=1 loops=1)
                     Sort Key: (st_distance(st_transform(s_188.the_geom, 25833), '0101000020E96400008DECDC9AFEDB23417499598C530E5741'::geometry))
                     Sort Method: top-N heapsort  Memory: 25kB
                     ->  Seq Scan on phoml_trajectory_tmp s_188  (cost=0.00..165745.68 rows=1 width=84) (actual time=0.014..0.550 rows=504 loops=1)
                           Filter: ((unix_time >= '1685451336.077'::double precision) AND (unix_time <= '1685451396.077'::double precision) AND st_dwithin(st_transform(the_geom, 25833), '0101000020E96400008DECDC9AFEDB23417499598C530E5741'::geometry, '300'::double precision))
                           Rows Removed by Filter: 3156
   ->  Subquery Scan on "*SELECT* 190"  (cost=165745.69..165745.70 rows=1 width=76) (actual time=0.614..0.615 rows=1 loops=1)
         ->  Limit  (cost=165745.69..165745.69 rows=1 width=84) (actual time=0.612..0.613 rows=1 loops=1)
               ->  Sort  (cost=165745.69..165745.69 rows=1 width=84) (actual time=0.610..0.611 rows=1 loops=1)
                     Sort Key: (st_distance(st_transform(s_189.the_geom, 25833), '0101000020E9640000C0726872FADB2341BD895F62520E5741'::geometry))
                     Sort Method: top-N heapsort  Memory: 25kB
                     ->  Seq Scan on phoml_trajectory_tmp s_189  (cost=0.00..165745.68 rows=1 width=84) (actual time=0.017..0.540 rows=504 loops=1)
                           Filter: ((unix_time >= '1685451336.463'::double precision) AND (unix_time <= '1685451396.463'::double precision) AND st_dwithin(st_transform(the_geom, 25833), '0101000020E9640000C0726872FADB2341BD895F62520E5741'::geometry, '300'::double precision))
                           Rows Removed by Filter: 3156
   ->  Subquery Scan on "*SELECT* 191"  (cost=165745.69..165745.70 rows=1 width=76) (actual time=0.620..0.621 rows=1 loops=1)
         ->  Limit  (cost=165745.69..165745.69 rows=1 width=84) (actual time=0.618..0.618 rows=1 loops=1)
               ->  Sort  (cost=165745.69..165745.69 rows=1 width=84) (actual time=0.616..0.616 rows=1 loops=1)
                     Sort Key: (st_distance(st_transform(s_190.the_geom, 25833), '0101000020E9640000B402236BF6DB23411F5B5040510E5741'::geometry))
                     Sort Method: top-N heapsort  Memory: 25kB
                     ->  Seq Scan on phoml_trajectory_tmp s_190  (cost=0.00..165745.68 rows=1 width=84) (actual time=0.013..0.542 rows=504 loops=1)
                           Filter: ((unix_time >= '1685451336.833'::double precision) AND (unix_time <= '1685451396.833'::double precision) AND st_dwithin(st_transform(the_geom, 25833), '0101000020E9640000B402236BF6DB23411F5B5040510E5741'::geometry, '300'::double precision))
                           Rows Removed by Filter: 3156
   ->  Subquery Scan on "*SELECT* 192"  (cost=165745.69..165745.70 rows=1 width=76) (actual time=0.629..0.630 rows=1 loops=1)
         ->  Limit  (cost=165745.69..165745.69 rows=1 width=84) (actual time=0.626..0.627 rows=1 loops=1)
               ->  Sort  (cost=165745.69..165745.69 rows=1 width=84) (actual time=0.625..0.625 rows=1 loops=1)
                     Sort Key: (st_distance(st_transform(s_191.the_geom, 25833), '0101000020E9640000E11E8541F2DB2341E0EEAE16500E5741'::geometry))
                     Sort Method: top-N heapsort  Memory: 25kB
                     ->  Seq Scan on phoml_trajectory_tmp s_191  (cost=0.00..165745.68 rows=1 width=84) (actual time=0.014..0.545 rows=504 loops=1)
                           Filter: ((unix_time >= '1685451337.213'::double precision) AND (unix_time <= '1685451397.213'::double precision) AND st_dwithin(st_transform(the_geom, 25833), '0101000020E9640000E11E8541F2DB2341E0EEAE16500E5741'::geometry, '300'::double precision))
                           Rows Removed by Filter: 3156
   ->  Subquery Scan on "*SELECT* 193"  (cost=165745.69..165745.70 rows=1 width=76) (actual time=0.617..0.617 rows=1 loops=1)
         ->  Limit  (cost=165745.69..165745.69 rows=1 width=84) (actual time=0.615..0.616 rows=1 loops=1)
               ->  Sort  (cost=165745.69..165745.69 rows=1 width=84) (actual time=0.613..0.614 rows=1 loops=1)
                     Sort Key: (st_distance(st_transform(s_192.the_geom, 25833), '0101000020E9640000C6079C39EEDB2341A503E0F44E0E5741'::geometry))
                     Sort Method: top-N heapsort  Memory: 25kB
                     ->  Seq Scan on phoml_trajectory_tmp s_192  (cost=0.00..165745.68 rows=1 width=84) (actual time=0.016..0.542 rows=504 loops=1)
                           Filter: ((unix_time >= '1685451337.583'::double precision) AND (unix_time <= '1685451397.583'::double precision) AND st_dwithin(st_transform(the_geom, 25833), '0101000020E9640000C6079C39EEDB2341A503E0F44E0E5741'::geometry, '300'::double precision))
                           Rows Removed by Filter: 3156
   ->  Subquery Scan on "*SELECT* 194"  (cost=165745.69..165745.70 rows=1 width=76) (actual time=0.629..0.630 rows=1 loops=1)
         ->  Limit  (cost=165745.69..165745.69 rows=1 width=84) (actual time=0.626..0.627 rows=1 loops=1)
               ->  Sort  (cost=165745.69..165745.69 rows=1 width=84) (actual time=0.624..0.625 rows=1 loops=1)
                     Sort Key: (st_distance(st_transform(s_193.the_geom, 25833), '0101000020E96400007A8DBE01EADB2341625966CB4D0E5741'::geometry))
                     Sort Method: top-N heapsort  Memory: 25kB
                     ->  Seq Scan on phoml_trajectory_tmp s_193  (cost=0.00..165745.68 rows=1 width=84) (actual time=0.014..0.554 rows=504 loops=1)
                           Filter: ((unix_time >= '1685451337.963'::double precision) AND (unix_time <= '1685451397.963'::double precision) AND st_dwithin(st_transform(the_geom, 25833), '0101000020E96400007A8DBE01EADB2341625966CB4D0E5741'::geometry, '300'::double precision))
                           Rows Removed by Filter: 3156
   ->  Subquery Scan on "*SELECT* 195"  (cost=165745.69..165745.70 rows=1 width=76) (actual time=0.635..0.636 rows=1 loops=1)
         ->  Limit  (cost=165745.69..165745.69 rows=1 width=84) (actual time=0.632..0.633 rows=1 loops=1)
               ->  Sort  (cost=165745.69..165745.69 rows=1 width=84) (actual time=0.631..0.631 rows=1 loops=1)
                     Sort Key: (st_distance(st_transform(s_194.the_geom, 25833), '0101000020E96400009430AC05E6DB2341D60016B14C0E5741'::geometry))
                     Sort Method: top-N heapsort  Memory: 25kB
                     ->  Seq Scan on phoml_trajectory_tmp s_194  (cost=0.00..165745.68 rows=1 width=84) (actual time=0.015..0.559 rows=504 loops=1)
                           Filter: ((unix_time >= '1685451338.33'::double precision) AND (unix_time <= '1685451398.33'::double precision) AND st_dwithin(st_transform(the_geom, 25833), '0101000020E96400009430AC05E6DB2341D60016B14C0E5741'::geometry, '300'::double precision))
                           Rows Removed by Filter: 3156
   ->  Subquery Scan on "*SELECT* 196"  (cost=165745.69..165745.70 rows=1 width=76) (actual time=0.647..0.648 rows=1 loops=1)
         ->  Limit  (cost=165745.69..165745.69 rows=1 width=84) (actual time=0.644..0.645 rows=1 loops=1)
               ->  Sort  (cost=165745.69..165745.69 rows=1 width=84) (actual time=0.643..0.643 rows=1 loops=1)
                     Sort Key: (st_distance(st_transform(s_195.the_geom, 25833), '0101000020E964000076EA98C7E1DB234194B639854B0E5741'::geometry))
                     Sort Method: top-N heapsort  Memory: 25kB
                     ->  Seq Scan on phoml_trajectory_tmp s_195  (cost=0.00..165745.68 rows=1 width=84) (actual time=0.016..0.566 rows=504 loops=1)
                           Filter: ((unix_time >= '1685451338.7'::double precision) AND (unix_time <= '1685451398.7'::double precision) AND st_dwithin(st_transform(the_geom, 25833), '0101000020E964000076EA98C7E1DB234194B639854B0E5741'::geometry, '300'::double precision))
                           Rows Removed by Filter: 3156
   ->  Subquery Scan on "*SELECT* 197"  (cost=165745.69..165745.70 rows=1 width=76) (actual time=0.629..0.630 rows=1 loops=1)
         ->  Limit  (cost=165745.69..165745.69 rows=1 width=84) (actual time=0.626..0.627 rows=1 loops=1)
               ->  Sort  (cost=165745.69..165745.69 rows=1 width=84) (actual time=0.625..0.625 rows=1 loops=1)
                     Sort Key: (st_distance(st_transform(s_196.the_geom, 25833), '0101000020E96400004B761A77DDDB23419BB2B75A4A0E5741'::geometry))
                     Sort Method: top-N heapsort  Memory: 25kB
                     ->  Seq Scan on phoml_trajectory_tmp s_196  (cost=0.00..165745.68 rows=1 width=84) (actual time=0.015..0.553 rows=504 loops=1)
                           Filter: ((unix_time >= '1685451339.08'::double precision) AND (unix_time <= '1685451399.08'::double precision) AND st_dwithin(st_transform(the_geom, 25833), '0101000020E96400004B761A77DDDB23419BB2B75A4A0E5741'::geometry, '300'::double precision))
                           Rows Removed by Filter: 3156
   ->  Subquery Scan on "*SELECT* 198"  (cost=165745.69..165745.70 rows=1 width=76) (actual time=0.625..0.626 rows=1 loops=1)
         ->  Limit  (cost=165745.69..165745.69 rows=1 width=84) (actual time=0.623..0.624 rows=1 loops=1)
               ->  Sort  (cost=165745.69..165745.69 rows=1 width=84) (actual time=0.621..0.622 rows=1 loops=1)
                     Sort Key: (st_distance(st_transform(s_197.the_geom, 25833), '0101000020E9640000975ECB29D9DB234198111235490E5741'::geometry))
                     Sort Method: top-N heapsort  Memory: 25kB
                     ->  Seq Scan on phoml_trajectory_tmp s_197  (cost=0.00..165745.68 rows=1 width=84) (actual time=0.014..0.549 rows=504 loops=1)
                           Filter: ((unix_time >= '1685451339.453'::double precision) AND (unix_time <= '1685451399.453'::double precision) AND st_dwithin(st_transform(the_geom, 25833), '0101000020E9640000975ECB29D9DB234198111235490E5741'::geometry, '300'::double precision))
                           Rows Removed by Filter: 3156
   ->  Subquery Scan on "*SELECT* 199"  (cost=165745.69..165745.70 rows=1 width=76) (actual time=0.628..0.629 rows=1 loops=1)
         ->  Limit  (cost=165745.69..165745.69 rows=1 width=84) (actual time=0.625..0.626 rows=1 loops=1)
               ->  Sort  (cost=165745.69..165745.69 rows=1 width=84) (actual time=0.623..0.624 rows=1 loops=1)
                     Sort Key: (st_distance(st_transform(s_198.the_geom, 25833), '0101000020E9640000D127D4EAD4DB234196372811480E5741'::geometry))
                     Sort Method: top-N heapsort  Memory: 25kB
                     ->  Seq Scan on phoml_trajectory_tmp s_198  (cost=0.00..165745.68 rows=1 width=84) (actual time=0.013..0.553 rows=504 loops=1)
                           Filter: ((unix_time >= '1685451339.823'::double precision) AND (unix_time <= '1685451399.823'::double precision) AND st_dwithin(st_transform(the_geom, 25833), '0101000020E9640000D127D4EAD4DB234196372811480E5741'::geometry, '300'::double precision))
                           Rows Removed by Filter: 3156
   ->  Subquery Scan on "*SELECT* 200"  (cost=165745.69..165745.70 rows=1 width=76) (actual time=0.632..0.633 rows=1 loops=1)
         ->  Limit  (cost=165745.69..165745.69 rows=1 width=84) (actual time=0.629..0.629 rows=1 loops=1)
               ->  Sort  (cost=165745.69..165745.69 rows=1 width=84) (actual time=0.627..0.627 rows=1 loops=1)
                     Sort Key: (st_distance(st_transform(s_199.the_geom, 25833), '0101000020E964000095FAC47CD0DB234124E836E7460E5741'::geometry))
                     Sort Method: top-N heapsort  Memory: 25kB
                     ->  Seq Scan on phoml_trajectory_tmp s_199  (cost=0.00..165745.68 rows=1 width=84) (actual time=0.014..0.557 rows=504 loops=1)
                           Filter: ((unix_time >= '1685451340.215'::double precision) AND (unix_time <= '1685451400.215'::double precision) AND st_dwithin(st_transform(the_geom, 25833), '0101000020E964000095FAC47CD0DB234124E836E7460E5741'::geometry, '300'::double precision))
                           Rows Removed by Filter: 3156
   ->  Subquery Scan on "*SELECT* 201"  (cost=165745.69..165745.70 rows=1 width=76) (actual time=0.620..0.621 rows=1 loops=1)
         ->  Limit  (cost=165745.69..165745.69 rows=1 width=84) (actual time=0.618..0.618 rows=1 loops=1)
               ->  Sort  (cost=165745.69..165745.69 rows=1 width=84) (actual time=0.616..0.616 rows=1 loops=1)
                     Sort Key: (st_distance(st_transform(s_200.the_geom, 25833), '0101000020E9640000C577A363CCDB2341F1743FC6450E5741'::geometry))
                     Sort Method: top-N heapsort  Memory: 25kB
                     ->  Seq Scan on phoml_trajectory_tmp s_200  (cost=0.00..165745.68 rows=1 width=84) (actual time=0.016..0.546 rows=504 loops=1)
                           Filter: ((unix_time >= '1685451340.595'::double precision) AND (unix_time <= '1685451400.595'::double precision) AND st_dwithin(st_transform(the_geom, 25833), '0101000020E9640000C577A363CCDB2341F1743FC6450E5741'::geometry, '300'::double precision))
                           Rows Removed by Filter: 3156
   ->  Subquery Scan on "*SELECT* 202"  (cost=165745.69..165745.70 rows=1 width=76) (actual time=0.646..0.647 rows=1 loops=1)
         ->  Limit  (cost=165745.69..165745.69 rows=1 width=84) (actual time=0.643..0.644 rows=1 loops=1)
               ->  Sort  (cost=165745.69..165745.69 rows=1 width=84) (actual time=0.642..0.642 rows=1 loops=1)
                     Sort Key: (st_distance(st_transform(s_201.the_geom, 25833), '0101000020E96400006C2E0264C8DB23418748DEA2440E5741'::geometry))
                     Sort Method: top-N heapsort  Memory: 25kB
                     ->  Seq Scan on phoml_trajectory_tmp s_201  (cost=0.00..165745.68 rows=1 width=84) (actual time=0.015..0.569 rows=504 loops=1)
                           Filter: ((unix_time >= '1685451340.995'::double precision) AND (unix_time <= '1685451400.995'::double precision) AND st_dwithin(st_transform(the_geom, 25833), '0101000020E96400006C2E0264C8DB23418748DEA2440E5741'::geometry, '300'::double precision))
                           Rows Removed by Filter: 3156
   ->  Subquery Scan on "*SELECT* 203"  (cost=165745.69..165745.70 rows=1 width=76) (actual time=0.650..0.651 rows=1 loops=1)
         ->  Limit  (cost=165745.69..165745.69 rows=1 width=84) (actual time=0.647..0.648 rows=1 loops=1)
               ->  Sort  (cost=165745.69..165745.69 rows=1 width=84) (actual time=0.645..0.645 rows=1 loops=1)
                     Sort Key: (st_distance(st_transform(s_202.the_geom, 25833), '0101000020E96400002C5AA493C4DB2341B324B186430E5741'::geometry))
                     Sort Method: top-N heapsort  Memory: 25kB
                     ->  Seq Scan on phoml_trajectory_tmp s_202  (cost=0.00..165745.68 rows=1 width=84) (actual time=0.017..0.565 rows=504 loops=1)
                           Filter: ((unix_time >= '1685451341.387'::double precision) AND (unix_time <= '1685451401.387'::double precision) AND st_dwithin(st_transform(the_geom, 25833), '0101000020E96400002C5AA493C4DB2341B324B186430E5741'::geometry, '300'::double precision))
                           Rows Removed by Filter: 3156
   ->  Subquery Scan on "*SELECT* 204"  (cost=165745.69..165745.70 rows=1 width=76) (actual time=0.639..0.641 rows=1 loops=1)
         ->  Limit  (cost=165745.69..165745.69 rows=1 width=84) (actual time=0.638..0.639 rows=1 loops=1)
               ->  Sort  (cost=165745.69..165745.69 rows=1 width=84) (actual time=0.636..0.636 rows=1 loops=1)
                     Sort Key: (st_distance(st_transform(s_203.the_geom, 25833), '0101000020E964000082335BD2C0DB2341F1CEC96D420E5741'::geometry))
                     Sort Method: top-N heapsort  Memory: 25kB
                     ->  Seq Scan on phoml_trajectory_tmp s_203  (cost=0.00..165745.68 rows=1 width=84) (actual time=0.026..0.565 rows=504 loops=1)
                           Filter: ((unix_time >= '1685451341.797'::double precision) AND (unix_time <= '1685451401.797'::double precision) AND st_dwithin(st_transform(the_geom, 25833), '0101000020E964000082335BD2C0DB2341F1CEC96D420E5741'::geometry, '300'::double precision))
                           Rows Removed by Filter: 3156
   ->  Subquery Scan on "*SELECT* 205"  (cost=165745.69..165745.70 rows=1 width=76) (actual time=0.650..0.651 rows=1 loops=1)
         ->  Limit  (cost=165745.69..165745.69 rows=1 width=84) (actual time=0.647..0.648 rows=1 loops=1)
               ->  Sort  (cost=165745.69..165745.69 rows=1 width=84) (actual time=0.645..0.646 rows=1 loops=1)
                     Sort Key: (st_distance(st_transform(s_204.the_geom, 25833), '0101000020E964000038DB810EBDDB2341D188924A410E5741'::geometry))
                     Sort Method: top-N heapsort  Memory: 25kB
                     ->  Seq Scan on phoml_trajectory_tmp s_204  (cost=0.00..165745.68 rows=1 width=84) (actual time=0.020..0.573 rows=500 loops=1)
                           Filter: ((unix_time >= '1685451342.229'::double precision) AND (unix_time <= '1685451402.229'::double precision) AND st_dwithin(st_transform(the_geom, 25833), '0101000020E964000038DB810EBDDB2341D188924A410E5741'::geometry, '300'::double precision))
                           Rows Removed by Filter: 3160
   ->  Subquery Scan on "*SELECT* 206"  (cost=165745.69..165745.70 rows=1 width=76) (actual time=0.636..0.637 rows=1 loops=1)
         ->  Limit  (cost=165745.69..165745.69 rows=1 width=84) (actual time=0.633..0.633 rows=1 loops=1)
               ->  Sort  (cost=165745.69..165745.69 rows=1 width=84) (actual time=0.630..0.631 rows=1 loops=1)
                     Sort Key: (st_distance(st_transform(s_205.the_geom, 25833), '0101000020E96400009155694FB9DB23414C29D126400E5741'::geometry))
                     Sort Method: top-N heapsort  Memory: 25kB
                     ->  Seq Scan on phoml_trajectory_tmp s_205  (cost=0.00..165745.68 rows=1 width=84) (actual time=0.017..0.553 rows=500 loops=1)
                           Filter: ((unix_time >= '1685451342.669'::double precision) AND (unix_time <= '1685451402.669'::double precision) AND st_dwithin(st_transform(the_geom, 25833), '0101000020E96400009155694FB9DB23414C29D126400E5741'::geometry, '300'::double precision))
                           Rows Removed by Filter: 3160
   ->  Subquery Scan on "*SELECT* 207"  (cost=165745.69..165745.70 rows=1 width=76) (actual time=0.621..0.622 rows=1 loops=1)
         ->  Limit  (cost=165745.69..165745.69 rows=1 width=84) (actual time=0.619..0.620 rows=1 loops=1)
               ->  Sort  (cost=165745.69..165745.69 rows=1 width=84) (actual time=0.617..0.618 rows=1 loops=1)
                     Sort Key: (st_distance(st_transform(s_206.the_geom, 25833), '0101000020E96400000EFD1A27B6DB234176CA5D153F0E5741'::geometry))
                     Sort Method: top-N heapsort  Memory: 25kB
                     ->  Seq Scan on phoml_trajectory_tmp s_206  (cost=0.00..165745.68 rows=1 width=84) (actual time=0.016..0.545 rows=500 loops=1)
                           Filter: ((unix_time >= '1685451343.109'::double precision) AND (unix_time <= '1685451403.109'::double precision) AND st_dwithin(st_transform(the_geom, 25833), '0101000020E96400000EFD1A27B6DB234176CA5D153F0E5741'::geometry, '300'::double precision))
                           Rows Removed by Filter: 3160
   ->  Subquery Scan on "*SELECT* 208"  (cost=165745.69..165745.70 rows=1 width=76) (actual time=0.631..0.632 rows=1 loops=1)
         ->  Limit  (cost=165745.69..165745.69 rows=1 width=84) (actual time=0.628..0.629 rows=1 loops=1)
               ->  Sort  (cost=165745.69..165745.69 rows=1 width=84) (actual time=0.626..0.626 rows=1 loops=1)
                     Sort Key: (st_distance(st_transform(s_207.the_geom, 25833), '0101000020E96400005E6121E5B4DB2341DAE9EB1D3E0E5741'::geometry))
                     Sort Method: top-N heapsort  Memory: 25kB
                     ->  Seq Scan on phoml_trajectory_tmp s_207  (cost=0.00..165745.68 rows=1 width=84) (actual time=0.016..0.557 rows=496 loops=1)
                           Filter: ((unix_time >= '1685451343.571'::double precision) AND (unix_time <= '1685451403.571'::double precision) AND st_dwithin(st_transform(the_geom, 25833), '0101000020E96400005E6121E5B4DB2341DAE9EB1D3E0E5741'::geometry, '300'::double precision))
                           Rows Removed by Filter: 3164
   ->  Subquery Scan on "*SELECT* 209"  (cost=165745.69..165745.70 rows=1 width=76) (actual time=0.636..0.637 rows=1 loops=1)
         ->  Limit  (cost=165745.69..165745.69 rows=1 width=84) (actual time=0.633..0.633 rows=1 loops=1)
               ->  Sort  (cost=165745.69..165745.69 rows=1 width=84) (actual time=0.631..0.631 rows=1 loops=1)
                     Sort Key: (st_distance(st_transform(s_208.the_geom, 25833), '0101000020E964000026652695B5DB2341A64A5D523D0E5741'::geometry))
                     Sort Method: top-N heapsort  Memory: 25kB
                     ->  Seq Scan on phoml_trajectory_tmp s_208  (cost=0.00..165745.68 rows=1 width=84) (actual time=0.018..0.555 rows=496 loops=1)
                           Filter: ((unix_time >= '1685451344.041'::double precision) AND (unix_time <= '1685451404.041'::double precision) AND st_dwithin(st_transform(the_geom, 25833), '0101000020E964000026652695B5DB2341A64A5D523D0E5741'::geometry, '300'::double precision))
                           Rows Removed by Filter: 3164
   ->  Subquery Scan on "*SELECT* 210"  (cost=165745.69..165745.70 rows=1 width=76) (actual time=0.623..0.624 rows=1 loops=1)
         ->  Limit  (cost=165745.69..165745.69 rows=1 width=84) (actual time=0.621..0.622 rows=1 loops=1)
               ->  Sort  (cost=165745.69..165745.69 rows=1 width=84) (actual time=0.619..0.619 rows=1 loops=1)
                     Sort Key: (st_distance(st_transform(s_209.the_geom, 25833), '0101000020E9640000FB9E37AAB7DB234165507FA23C0E5741'::geometry))
                     Sort Method: top-N heapsort  Memory: 25kB
                     ->  Seq Scan on phoml_trajectory_tmp s_209  (cost=0.00..165745.68 rows=1 width=84) (actual time=0.015..0.547 rows=496 loops=1)
                           Filter: ((unix_time >= '1685451344.527'::double precision) AND (unix_time <= '1685451404.527'::double precision) AND st_dwithin(st_transform(the_geom, 25833), '0101000020E9640000FB9E37AAB7DB234165507FA23C0E5741'::geometry, '300'::double precision))
                           Rows Removed by Filter: 3164
   ->  Subquery Scan on "*SELECT* 211"  (cost=165745.69..165745.70 rows=1 width=76) (actual time=0.630..0.631 rows=1 loops=1)
         ->  Limit  (cost=165745.69..165745.69 rows=1 width=84) (actual time=0.627..0.628 rows=1 loops=1)
               ->  Sort  (cost=165745.69..165745.69 rows=1 width=84) (actual time=0.625..0.625 rows=1 loops=1)
                     Sort Key: (st_distance(st_transform(s_210.the_geom, 25833), '0101000020E9640000C6D9C015BBDB234134EECC133C0E5741'::geometry))
                     Sort Method: top-N heapsort  Memory: 25kB
                     ->  Seq Scan on phoml_trajectory_tmp s_210  (cost=0.00..165745.68 rows=1 width=84) (actual time=0.015..0.554 rows=496 loops=1)
                           Filter: ((unix_time >= '1685451345.027'::double precision) AND (unix_time <= '1685451405.027'::double precision) AND st_dwithin(st_transform(the_geom, 25833), '0101000020E9640000C6D9C015BBDB234134EECC133C0E5741'::geometry, '300'::double precision))
                           Rows Removed by Filter: 3164
   ->  Subquery Scan on "*SELECT* 212"  (cost=165745.69..165745.70 rows=1 width=76) (actual time=0.650..0.651 rows=1 loops=1)
         ->  Limit  (cost=165745.69..165745.69 rows=1 width=84) (actual time=0.647..0.648 rows=1 loops=1)
               ->  Sort  (cost=165745.69..165745.69 rows=1 width=84) (actual time=0.645..0.646 rows=1 loops=1)
                     Sort Key: (st_distance(st_transform(s_211.the_geom, 25833), '0101000020E964000096A2EACCBFDB234141F03DC93B0E5741'::geometry))
                     Sort Method: top-N heapsort  Memory: 25kB
                     ->  Seq Scan on phoml_trajectory_tmp s_211  (cost=0.00..165745.68 rows=1 width=84) (actual time=0.016..0.573 rows=496 loops=1)
                           Filter: ((unix_time >= '1685451345.538'::double precision) AND (unix_time <= '1685451405.538'::double precision) AND st_dwithin(st_transform(the_geom, 25833), '0101000020E964000096A2EACCBFDB234141F03DC93B0E5741'::geometry, '300'::double precision))
                           Rows Removed by Filter: 3164
   ->  Subquery Scan on "*SELECT* 213"  (cost=165745.69..165745.70 rows=1 width=76) (actual time=0.643..0.644 rows=1 loops=1)
         ->  Limit  (cost=165745.69..165745.69 rows=1 width=84) (actual time=0.641..0.642 rows=1 loops=1)
               ->  Sort  (cost=165745.69..165745.69 rows=1 width=84) (actual time=0.640..0.640 rows=1 loops=1)
                     Sort Key: (st_distance(st_transform(s_212.the_geom, 25833), '0101000020E9640000AB71E8E0C4DB23416789DF7A3B0E5741'::geometry))
                     Sort Method: top-N heapsort  Memory: 25kB
                     ->  Seq Scan on phoml_trajectory_tmp s_212  (cost=0.00..165745.68 rows=1 width=84) (actual time=0.018..0.569 rows=500 loops=1)
                           Filter: ((unix_time >= '1685451346.078'::double precision) AND (unix_time <= '1685451406.078'::double precision) AND st_dwithin(st_transform(the_geom, 25833), '0101000020E9640000AB71E8E0C4DB23416789DF7A3B0E5741'::geometry, '300'::double precision))
                           Rows Removed by Filter: 3160
   ->  Subquery Scan on "*SELECT* 214"  (cost=165745.69..165745.70 rows=1 width=76) (actual time=0.637..0.638 rows=1 loops=1)
         ->  Limit  (cost=165745.69..165745.69 rows=1 width=84) (actual time=0.634..0.634 rows=1 loops=1)
               ->  Sort  (cost=165745.69..165745.69 rows=1 width=84) (actual time=0.632..0.633 rows=1 loops=1)
                     Sort Key: (st_distance(st_transform(s_213.the_geom, 25833), '0101000020E96400001997B5C0C9DB234122B2F12C3B0E5741'::geometry))
                     Sort Method: top-N heapsort  Memory: 25kB
                     ->  Seq Scan on phoml_trajectory_tmp s_213  (cost=0.00..165745.68 rows=1 width=84) (actual time=0.014..0.555 rows=500 loops=1)
                           Filter: ((unix_time >= '1685451346.599'::double precision) AND (unix_time <= '1685451406.599'::double precision) AND st_dwithin(st_transform(the_geom, 25833), '0101000020E96400001997B5C0C9DB234122B2F12C3B0E5741'::geometry, '300'::double precision))
                           Rows Removed by Filter: 3160
   ->  Subquery Scan on "*SELECT* 215"  (cost=165745.69..165745.70 rows=1 width=76) (actual time=0.639..0.640 rows=1 loops=1)
         ->  Limit  (cost=165745.69..165745.69 rows=1 width=84) (actual time=0.635..0.636 rows=1 loops=1)
               ->  Sort  (cost=165745.69..165745.69 rows=1 width=84) (actual time=0.633..0.634 rows=1 loops=1)
                     Sort Key: (st_distance(st_transform(s_214.the_geom, 25833), '0101000020E96400009CF7E5B9CEDB2341C69962D93A0E5741'::geometry))
                     Sort Method: top-N heapsort  Memory: 25kB
                     ->  Seq Scan on phoml_trajectory_tmp s_214  (cost=0.00..165745.68 rows=1 width=84) (actual time=0.014..0.564 rows=504 loops=1)
                           Filter: ((unix_time >= '1685451347.109'::double precision) AND (unix_time <= '1685451407.109'::double precision) AND st_dwithin(st_transform(the_geom, 25833), '0101000020E96400009CF7E5B9CEDB2341C69962D93A0E5741'::geometry, '300'::double precision))
                           Rows Removed by Filter: 3156
   ->  Subquery Scan on "*SELECT* 216"  (cost=165745.69..165745.70 rows=1 width=76) (actual time=0.639..0.640 rows=1 loops=1)
         ->  Limit  (cost=165745.69..165745.69 rows=1 width=84) (actual time=0.637..0.638 rows=1 loops=1)
               ->  Sort  (cost=165745.69..165745.69 rows=1 width=84) (actual time=0.635..0.636 rows=1 loops=1)
                     Sort Key: (st_distance(st_transform(s_215.the_geom, 25833), '0101000020E9640000A50C79A8D3DB23414FBDBC4F3A0E5741'::geometry))
                     Sort Method: top-N heapsort  Memory: 25kB
                     ->  Seq Scan on phoml_trajectory_tmp s_215  (cost=0.00..165745.68 rows=1 width=84) (actual time=0.017..0.566 rows=500 loops=1)
                           Filter: ((unix_time >= '1685451347.623'::double precision) AND (unix_time <= '1685451407.623'::double precision) AND st_dwithin(st_transform(the_geom, 25833), '0101000020E9640000A50C79A8D3DB23414FBDBC4F3A0E5741'::geometry, '300'::double precision))
                           Rows Removed by Filter: 3160
   ->  Subquery Scan on "*SELECT* 217"  (cost=165745.69..165745.70 rows=1 width=76) (actual time=0.646..0.648 rows=1 loops=1)
         ->  Limit  (cost=165745.69..165745.69 rows=1 width=84) (actual time=0.643..0.644 rows=1 loops=1)
               ->  Sort  (cost=165745.69..165745.69 rows=1 width=84) (actual time=0.641..0.642 rows=1 loops=1)
                     Sort Key: (st_distance(st_transform(s_216.the_geom, 25833), '0101000020E96400001E0DE2F3D8DB23415DB68DBB390E5741'::geometry))
                     Sort Method: top-N heapsort  Memory: 25kB
                     ->  Seq Scan on phoml_trajectory_tmp s_216  (cost=0.00..165745.68 rows=1 width=84) (actual time=0.015..0.564 rows=504 loops=1)
                           Filter: ((unix_time >= '1685451348.137'::double precision) AND (unix_time <= '1685451408.137'::double precision) AND st_dwithin(st_transform(the_geom, 25833), '0101000020E96400001E0DE2F3D8DB23415DB68DBB390E5741'::geometry, '300'::double precision))
                           Rows Removed by Filter: 3156
   ->  Subquery Scan on "*SELECT* 218"  (cost=165745.69..165745.70 rows=1 width=76) (actual time=0.644..0.645 rows=1 loops=1)
         ->  Limit  (cost=165745.69..165745.69 rows=1 width=84) (actual time=0.642..0.642 rows=1 loops=1)
               ->  Sort  (cost=165745.69..165745.69 rows=1 width=84) (actual time=0.640..0.640 rows=1 loops=1)
                     Sort Key: (st_distance(st_transform(s_217.the_geom, 25833), '0101000020E96400009E80DA4CDEDB2341FB0FB202390E5741'::geometry))
                     Sort Method: top-N heapsort  Memory: 25kB
                     ->  Seq Scan on phoml_trajectory_tmp s_217  (cost=0.00..165745.68 rows=1 width=84) (actual time=0.013..0.570 rows=508 loops=1)
                           Filter: ((unix_time >= '1685451348.607'::double precision) AND (unix_time <= '1685451408.607'::double precision) AND st_dwithin(st_transform(the_geom, 25833), '0101000020E96400009E80DA4CDEDB2341FB0FB202390E5741'::geometry, '300'::double precision))
                           Rows Removed by Filter: 3152
   ->  Subquery Scan on "*SELECT* 219"  (cost=165745.69..165745.70 rows=1 width=76) (actual time=0.646..0.647 rows=1 loops=1)
         ->  Limit  (cost=165745.69..165745.69 rows=1 width=84) (actual time=0.644..0.645 rows=1 loops=1)
               ->  Sort  (cost=165745.69..165745.69 rows=1 width=84) (actual time=0.642..0.643 rows=1 loops=1)
                     Sort Key: (st_distance(st_transform(s_218.the_geom, 25833), '0101000020E9640000CDCED5FCE3DB23414D9CB423380E5741'::geometry))
                     Sort Method: top-N heapsort  Memory: 25kB
                     ->  Seq Scan on phoml_trajectory_tmp s_218  (cost=0.00..165745.68 rows=1 width=84) (actual time=0.016..0.572 rows=508 loops=1)
                           Filter: ((unix_time >= '1685451349.097'::double precision) AND (unix_time <= '1685451409.097'::double precision) AND st_dwithin(st_transform(the_geom, 25833), '0101000020E9640000CDCED5FCE3DB23414D9CB423380E5741'::geometry, '300'::double precision))
                           Rows Removed by Filter: 3152
   ->  Subquery Scan on "*SELECT* 220"  (cost=165745.69..165745.70 rows=1 width=76) (actual time=0.674..0.675 rows=1 loops=1)
         ->  Limit  (cost=165745.69..165745.69 rows=1 width=84) (actual time=0.671..0.672 rows=1 loops=1)
               ->  Sort  (cost=165745.69..165745.69 rows=1 width=84) (actual time=0.670..0.670 rows=1 loops=1)
                     Sort Key: (st_distance(st_transform(s_219.the_geom, 25833), '0101000020E96400007B3F6992E9DB2341A1229317370E5741'::geometry))
                     Sort Method: top-N heapsort  Memory: 25kB
                     ->  Seq Scan on phoml_trajectory_tmp s_219  (cost=0.00..165745.68 rows=1 width=84) (actual time=0.014..0.596 rows=508 loops=1)
                           Filter: ((unix_time >= '1685451349.562'::double precision) AND (unix_time <= '1685451409.562'::double precision) AND st_dwithin(st_transform(the_geom, 25833), '0101000020E96400007B3F6992E9DB2341A1229317370E5741'::geometry, '300'::double precision))
                           Rows Removed by Filter: 3152
   ->  Subquery Scan on "*SELECT* 221"  (cost=165745.69..165745.70 rows=1 width=76) (actual time=0.661..0.662 rows=1 loops=1)
         ->  Limit  (cost=165745.69..165745.69 rows=1 width=84) (actual time=0.657..0.658 rows=1 loops=1)
               ->  Sort  (cost=165745.69..165745.69 rows=1 width=84) (actual time=0.656..0.656 rows=1 loops=1)
                     Sort Key: (st_distance(st_transform(s_220.the_geom, 25833), '0101000020E964000045CCC091EFDB2341F18BFEF4350E5741'::geometry))
                     Sort Method: top-N heapsort  Memory: 25kB
                     ->  Seq Scan on phoml_trajectory_tmp s_220  (cost=0.00..165745.68 rows=1 width=84) (actual time=0.017..0.584 rows=512 loops=1)
                           Filter: ((unix_time >= '1685451350.052'::double precision) AND (unix_time <= '1685451410.052'::double precision) AND st_dwithin(st_transform(the_geom, 25833), '0101000020E964000045CCC091EFDB2341F18BFEF4350E5741'::geometry, '300'::double precision))
                           Rows Removed by Filter: 3148
   ->  Subquery Scan on "*SELECT* 222"  (cost=165745.69..165745.70 rows=1 width=76) (actual time=0.669..0.670 rows=1 loops=1)
         ->  Limit  (cost=165745.69..165745.69 rows=1 width=84) (actual time=0.667..0.668 rows=1 loops=1)
               ->  Sort  (cost=165745.69..165745.69 rows=1 width=84) (actual time=0.665..0.666 rows=1 loops=1)
                     Sort Key: (st_distance(st_transform(s_221.the_geom, 25833), '0101000020E96400009D596427F5DB2341F788D2E7340E5741'::geometry))
                     Sort Method: top-N heapsort  Memory: 25kB
                     ->  Seq Scan on phoml_trajectory_tmp s_221  (cost=0.00..165745.68 rows=1 width=84) (actual time=0.031..0.591 rows=512 loops=1)
                           Filter: ((unix_time >= '1685451350.512'::double precision) AND (unix_time <= '1685451410.512'::double precision) AND st_dwithin(st_transform(the_geom, 25833), '0101000020E96400009D596427F5DB2341F788D2E7340E5741'::geometry, '300'::double precision))
                           Rows Removed by Filter: 3148
   ->  Subquery Scan on "*SELECT* 223"  (cost=165745.69..165745.70 rows=1 width=76) (actual time=0.662..0.664 rows=1 loops=1)
         ->  Limit  (cost=165745.69..165745.69 rows=1 width=84) (actual time=0.659..0.660 rows=1 loops=1)
               ->  Sort  (cost=165745.69..165745.69 rows=1 width=84) (actual time=0.658..0.658 rows=1 loops=1)
                     Sort Key: (st_distance(st_transform(s_222.the_geom, 25833), '0101000020E9640000EAB55DE0FADB2341E5646BDB330E5741'::geometry))
                     Sort Method: top-N heapsort  Memory: 25kB
                     ->  Seq Scan on phoml_trajectory_tmp s_222  (cost=0.00..165745.68 rows=1 width=84) (actual time=0.017..0.577 rows=512 loops=1)
                           Filter: ((unix_time >= '1685451350.982'::double precision) AND (unix_time <= '1685451410.982'::double precision) AND st_dwithin(st_transform(the_geom, 25833), '0101000020E9640000EAB55DE0FADB2341E5646BDB330E5741'::geometry, '300'::double precision))
                           Rows Removed by Filter: 3148
   ->  Subquery Scan on "*SELECT* 224"  (cost=165745.69..165745.70 rows=1 width=76) (actual time=0.666..0.667 rows=1 loops=1)
         ->  Limit  (cost=165745.69..165745.69 rows=1 width=84) (actual time=0.662..0.663 rows=1 loops=1)
               ->  Sort  (cost=165745.69..165745.69 rows=1 width=84) (actual time=0.660..0.660 rows=1 loops=1)
                     Sort Key: (st_distance(st_transform(s_223.the_geom, 25833), '0101000020E96400008A52357100DC234160E56FE7320E5741'::geometry))
                     Sort Method: top-N heapsort  Memory: 25kB
                     ->  Seq Scan on phoml_trajectory_tmp s_223  (cost=0.00..165745.68 rows=1 width=84) (actual time=0.014..0.589 rows=512 loops=1)
                           Filter: ((unix_time >= '1685451351.436'::double precision) AND (unix_time <= '1685451411.436'::double precision) AND st_dwithin(st_transform(the_geom, 25833), '0101000020E96400008A52357100DC234160E56FE7320E5741'::geometry, '300'::double precision))
                           Rows Removed by Filter: 3148
   ->  Subquery Scan on "*SELECT* 225"  (cost=165745.69..165745.70 rows=1 width=76) (actual time=0.644..0.645 rows=1 loops=1)
         ->  Limit  (cost=165745.69..165745.69 rows=1 width=84) (actual time=0.642..0.643 rows=1 loops=1)
               ->  Sort  (cost=165745.69..165745.69 rows=1 width=84) (actual time=0.641..0.641 rows=1 loops=1)
                     Sort Key: (st_distance(st_transform(s_224.the_geom, 25833), '0101000020E9640000D4FF6C0506DC2341A0282FE7310E5741'::geometry))
                     Sort Method: top-N heapsort  Memory: 25kB
                     ->  Seq Scan on phoml_trajectory_tmp s_224  (cost=0.00..165745.68 rows=1 width=84) (actual time=0.015..0.568 rows=516 loops=1)
                           Filter: ((unix_time >= '1685451351.886'::double precision) AND (unix_time <= '1685451411.886'::double precision) AND st_dwithin(st_transform(the_geom, 25833), '0101000020E9640000D4FF6C0506DC2341A0282FE7310E5741'::geometry, '300'::double precision))
                           Rows Removed by Filter: 3144
   ->  Subquery Scan on "*SELECT* 226"  (cost=165745.69..165745.70 rows=1 width=76) (actual time=0.654..0.655 rows=1 loops=1)
         ->  Limit  (cost=165745.69..165745.69 rows=1 width=84) (actual time=0.650..0.651 rows=1 loops=1)
               ->  Sort  (cost=165745.69..165745.69 rows=1 width=84) (actual time=0.649..0.649 rows=1 loops=1)
                     Sort Key: (st_distance(st_transform(s_225.the_geom, 25833), '0101000020E9640000B80E79D80BDC23418A8C51EE300E5741'::geometry))
                     Sort Method: top-N heapsort  Memory: 25kB
                     ->  Seq Scan on phoml_trajectory_tmp s_225  (cost=0.00..165745.68 rows=1 width=84) (actual time=0.015..0.577 rows=520 loops=1)
                           Filter: ((unix_time >= '1685451352.34'::double precision) AND (unix_time <= '1685451412.34'::double precision) AND st_dwithin(st_transform(the_geom, 25833), '0101000020E9640000B80E79D80BDC23418A8C51EE300E5741'::geometry, '300'::double precision))
                           Rows Removed by Filter: 3140
   ->  Subquery Scan on "*SELECT* 227"  (cost=165745.69..165745.70 rows=1 width=76) (actual time=0.668..0.669 rows=1 loops=1)
         ->  Limit  (cost=165745.69..165745.69 rows=1 width=84) (actual time=0.665..0.666 rows=1 loops=1)
               ->  Sort  (cost=165745.69..165745.69 rows=1 width=84) (actual time=0.664..0.664 rows=1 loops=1)
                     Sort Key: (st_distance(st_transform(s_226.the_geom, 25833), '0101000020E96400002B8A128C11DC2341928702F72F0E5741'::geometry))
                     Sort Method: top-N heapsort  Memory: 25kB
                     ->  Seq Scan on phoml_trajectory_tmp s_226  (cost=0.00..165745.68 rows=1 width=84) (actual time=0.013..0.589 rows=520 loops=1)
                           Filter: ((unix_time >= '1685451352.78'::double precision) AND (unix_time <= '1685451412.78'::double precision) AND st_dwithin(st_transform(the_geom, 25833), '0101000020E96400002B8A128C11DC2341928702F72F0E5741'::geometry, '300'::double precision))
                           Rows Removed by Filter: 3140
   ->  Subquery Scan on "*SELECT* 228"  (cost=165745.69..165745.70 rows=1 width=76) (actual time=0.643..0.644 rows=1 loops=1)
         ->  Limit  (cost=165745.69..165745.69 rows=1 width=84) (actual time=0.641..0.642 rows=1 loops=1)
               ->  Sort  (cost=165745.69..165745.69 rows=1 width=84) (actual time=0.639..0.640 rows=1 loops=1)
                     Sort Key: (st_distance(st_transform(s_227.the_geom, 25833), '0101000020E9640000C906FF8417DC23417FBB6FF12E0E5741'::geometry))
                     Sort Method: top-N heapsort  Memory: 25kB
                     ->  Seq Scan on phoml_trajectory_tmp s_227  (cost=0.00..165745.68 rows=1 width=84) (actual time=0.014..0.566 rows=520 loops=1)
                           Filter: ((unix_time >= '1685451353.226'::double precision) AND (unix_time <= '1685451413.226'::double precision) AND st_dwithin(st_transform(the_geom, 25833), '0101000020E9640000C906FF8417DC23417FBB6FF12E0E5741'::geometry, '300'::double precision))
                           Rows Removed by Filter: 3140
   ->  Subquery Scan on "*SELECT* 229"  (cost=165745.69..165745.70 rows=1 width=76) (actual time=0.679..0.680 rows=1 loops=1)
         ->  Limit  (cost=165745.69..165745.69 rows=1 width=84) (actual time=0.676..0.677 rows=1 loops=1)
               ->  Sort  (cost=165745.69..165745.69 rows=1 width=84) (actual time=0.675..0.675 rows=1 loops=1)
                     Sort Key: (st_distance(st_transform(s_228.the_geom, 25833), '0101000020E96400008EA0B83A1DDC2341453BE3F32D0E5741'::geometry))
                     Sort Method: top-N heapsort  Memory: 25kB
                     ->  Seq Scan on phoml_trajectory_tmp s_228  (cost=0.00..165745.68 rows=1 width=84) (actual time=0.015..0.601 rows=524 loops=1)
                           Filter: ((unix_time >= '1685451353.656'::double precision) AND (unix_time <= '1685451413.656'::double precision) AND st_dwithin(st_transform(the_geom, 25833), '0101000020E96400008EA0B83A1DDC2341453BE3F32D0E5741'::geometry, '300'::double precision))
                           Rows Removed by Filter: 3136
   ->  Subquery Scan on "*SELECT* 230"  (cost=165745.69..165745.70 rows=1 width=76) (actual time=0.663..0.665 rows=1 loops=1)
         ->  Limit  (cost=165745.69..165745.69 rows=1 width=84) (actual time=0.660..0.661 rows=1 loops=1)
               ->  Sort  (cost=165745.69..165745.69 rows=1 width=84) (actual time=0.658..0.659 rows=1 loops=1)
                     Sort Key: (st_distance(st_transform(s_229.the_geom, 25833), '0101000020E964000040F6501223DC234125CAC9E62C0E5741'::geometry))
                     Sort Method: top-N heapsort  Memory: 25kB
                     ->  Seq Scan on phoml_trajectory_tmp s_229  (cost=0.00..165745.68 rows=1 width=84) (actual time=0.014..0.576 rows=524 loops=1)
                           Filter: ((unix_time >= '1685451354.096'::double precision) AND (unix_time <= '1685451414.096'::double precision) AND st_dwithin(st_transform(the_geom, 25833), '0101000020E964000040F6501223DC234125CAC9E62C0E5741'::geometry, '300'::double precision))
                           Rows Removed by Filter: 3136
   ->  Subquery Scan on "*SELECT* 231"  (cost=165745.69..165745.70 rows=1 width=76) (actual time=0.669..0.670 rows=1 loops=1)
         ->  Limit  (cost=165745.69..165745.69 rows=1 width=84) (actual time=0.668..0.668 rows=1 loops=1)
               ->  Sort  (cost=165745.69..165745.69 rows=1 width=84) (actual time=0.666..0.666 rows=1 loops=1)
                     Sort Key: (st_distance(st_transform(s_230.the_geom, 25833), '0101000020E9640000F89B1CE528DC23413BD079E82B0E5741'::geometry))
                     Sort Method: top-N heapsort  Memory: 25kB
                     ->  Seq Scan on phoml_trajectory_tmp s_230  (cost=0.00..165745.68 rows=1 width=84) (actual time=0.020..0.592 rows=524 loops=1)
                           Filter: ((unix_time >= '1685451354.522'::double precision) AND (unix_time <= '1685451414.522'::double precision) AND st_dwithin(st_transform(the_geom, 25833), '0101000020E9640000F89B1CE528DC23413BD079E82B0E5741'::geometry, '300'::double precision))
                           Rows Removed by Filter: 3136
   ->  Subquery Scan on "*SELECT* 232"  (cost=165745.69..165745.70 rows=1 width=76) (actual time=0.691..0.692 rows=1 loops=1)
         ->  Limit  (cost=165745.69..165745.69 rows=1 width=84) (actual time=0.688..0.689 rows=1 loops=1)
               ->  Sort  (cost=165745.69..165745.69 rows=1 width=84) (actual time=0.686..0.686 rows=1 loops=1)
                     Sort Key: (st_distance(st_transform(s_231.the_geom, 25833), '0101000020E9640000E96E709E2EDC2341BED603E92A0E5741'::geometry))
                     Sort Method: top-N heapsort  Memory: 25kB
                     ->  Seq Scan on phoml_trajectory_tmp s_231  (cost=0.00..165745.68 rows=1 width=84) (actual time=0.015..0.607 rows=524 loops=1)
                           Filter: ((unix_time >= '1685451354.942'::double precision) AND (unix_time <= '1685451414.942'::double precision) AND st_dwithin(st_transform(the_geom, 25833), '0101000020E9640000E96E709E2EDC2341BED603E92A0E5741'::geometry, '300'::double precision))
                           Rows Removed by Filter: 3136
   ->  Subquery Scan on "*SELECT* 233"  (cost=165745.69..165745.70 rows=1 width=76) (actual time=0.670..0.671 rows=1 loops=1)
         ->  Limit  (cost=165745.69..165745.69 rows=1 width=84) (actual time=0.667..0.667 rows=1 loops=1)
               ->  Sort  (cost=165745.69..165745.69 rows=1 width=84) (actual time=0.665..0.665 rows=1 loops=1)
                     Sort Key: (st_distance(st_transform(s_232.the_geom, 25833), '0101000020E96400005F183E7034DC234118DA54E8290E5741'::geometry))
                     Sort Method: top-N heapsort  Memory: 25kB
                     ->  Seq Scan on phoml_trajectory_tmp s_232  (cost=0.00..165745.68 rows=1 width=84) (actual time=0.017..0.589 rows=524 loops=1)
                           Filter: ((unix_time >= '1685451355.368'::double precision) AND (unix_time <= '1685451415.368'::double precision) AND st_dwithin(st_transform(the_geom, 25833), '0101000020E96400005F183E7034DC234118DA54E8290E5741'::geometry, '300'::double precision))
                           Rows Removed by Filter: 3136
   ->  Subquery Scan on "*SELECT* 234"  (cost=165745.69..165745.70 rows=1 width=76) (actual time=0.651..0.652 rows=1 loops=1)
         ->  Limit  (cost=165745.69..165745.69 rows=1 width=84) (actual time=0.650..0.651 rows=1 loops=1)
               ->  Sort  (cost=165745.69..165745.69 rows=1 width=84) (actual time=0.648..0.649 rows=1 loops=1)
                     Sort Key: (st_distance(st_transform(s_233.the_geom, 25833), '0101000020E964000058CAD4483ADC234130CB72EB280E5741'::geometry))
                     Sort Method: top-N heapsort  Memory: 25kB
                     ->  Seq Scan on phoml_trajectory_tmp s_233  (cost=0.00..165745.68 rows=1 width=84) (actual time=0.014..0.574 rows=524 loops=1)
                           Filter: ((unix_time >= '1685451355.788'::double precision) AND (unix_time <= '1685451415.788'::double precision) AND st_dwithin(st_transform(the_geom, 25833), '0101000020E964000058CAD4483ADC234130CB72EB280E5741'::geometry, '300'::double precision))
                           Rows Removed by Filter: 3136
   ->  Subquery Scan on "*SELECT* 235"  (cost=165745.69..165745.70 rows=1 width=76) (actual time=0.662..0.664 rows=1 loops=1)
         ->  Limit  (cost=165745.69..165745.69 rows=1 width=84) (actual time=0.660..0.661 rows=1 loops=1)
               ->  Sort  (cost=165745.69..165745.69 rows=1 width=84) (actual time=0.658..0.658 rows=1 loops=1)
                     Sort Key: (st_distance(st_transform(s_234.the_geom, 25833), '0101000020E96400008D03553B40DC23418F6CB2F1270E5741'::geometry))
                     Sort Method: top-N heapsort  Memory: 25kB
                     ->  Seq Scan on phoml_trajectory_tmp s_234  (cost=0.00..165745.68 rows=1 width=84) (actual time=0.014..0.584 rows=528 loops=1)
                           Filter: ((unix_time >= '1685451356.207'::double precision) AND (unix_time <= '1685451416.207'::double precision) AND st_dwithin(st_transform(the_geom, 25833), '0101000020E96400008D03553B40DC23418F6CB2F1270E5741'::geometry, '300'::double precision))
                           Rows Removed by Filter: 3132
   ->  Subquery Scan on "*SELECT* 236"  (cost=165745.69..165745.70 rows=1 width=76) (actual time=0.687..0.688 rows=1 loops=1)
         ->  Limit  (cost=165745.69..165745.69 rows=1 width=84) (actual time=0.684..0.685 rows=1 loops=1)
               ->  Sort  (cost=165745.69..165745.69 rows=1 width=84) (actual time=0.682..0.683 rows=1 loops=1)
                     Sort Key: (st_distance(st_transform(s_235.the_geom, 25833), '0101000020E96400000F6C6D1346DC2341C5CF97EB260E5741'::geometry))
                     Sort Method: top-N heapsort  Memory: 25kB
                     ->  Seq Scan on phoml_trajectory_tmp s_235  (cost=0.00..165745.68 rows=1 width=84) (actual time=0.015..0.596 rows=528 loops=1)
                           Filter: ((unix_time >= '1685451356.627'::double precision) AND (unix_time <= '1685451416.627'::double precision) AND st_dwithin(st_transform(the_geom, 25833), '0101000020E96400000F6C6D1346DC2341C5CF97EB260E5741'::geometry, '300'::double precision))
                           Rows Removed by Filter: 3132
   ->  Subquery Scan on "*SELECT* 237"  (cost=165745.69..165745.70 rows=1 width=76) (actual time=0.678..0.679 rows=1 loops=1)
         ->  Limit  (cost=165745.69..165745.69 rows=1 width=84) (actual time=0.676..0.677 rows=1 loops=1)
               ->  Sort  (cost=165745.69..165745.69 rows=1 width=84) (actual time=0.675..0.675 rows=1 loops=1)
                     Sort Key: (st_distance(st_transform(s_236.the_geom, 25833), '0101000020E964000084D02EE54BDC2341C230CEF3250E5741'::geometry))
                     Sort Method: top-N heapsort  Memory: 25kB
                     ->  Seq Scan on phoml_trajectory_tmp s_236  (cost=0.00..165745.68 rows=1 width=84) (actual time=0.034..0.599 rows=528 loops=1)
                           Filter: ((unix_time >= '1685451357.037'::double precision) AND (unix_time <= '1685451417.037'::double precision) AND st_dwithin(st_transform(the_geom, 25833), '0101000020E964000084D02EE54BDC2341C230CEF3250E5741'::geometry, '300'::double precision))
                           Rows Removed by Filter: 3132
   ->  Subquery Scan on "*SELECT* 238"  (cost=165745.69..165745.70 rows=1 width=76) (actual time=0.683..0.684 rows=1 loops=1)
         ->  Limit  (cost=165745.69..165745.69 rows=1 width=84) (actual time=0.680..0.681 rows=1 loops=1)
               ->  Sort  (cost=165745.69..165745.69 rows=1 width=84) (actual time=0.679..0.679 rows=1 loops=1)
                     Sort Key: (st_distance(st_transform(s_237.the_geom, 25833), '0101000020E9640000009129DD51DC23411CAF65E9240E5741'::geometry))
                     Sort Method: top-N heapsort  Memory: 25kB
                     ->  Seq Scan on phoml_trajectory_tmp s_237  (cost=0.00..165745.68 rows=1 width=84) (actual time=0.022..0.603 rows=528 loops=1)
                           Filter: ((unix_time >= '1685451357.455'::double precision) AND (unix_time <= '1685451417.455'::double precision) AND st_dwithin(st_transform(the_geom, 25833), '0101000020E9640000009129DD51DC23411CAF65E9240E5741'::geometry, '300'::double precision))
                           Rows Removed by Filter: 3132
   ->  Subquery Scan on "*SELECT* 239"  (cost=165745.69..165745.70 rows=1 width=76) (actual time=0.671..0.672 rows=1 loops=1)
         ->  Limit  (cost=165745.69..165745.69 rows=1 width=84) (actual time=0.668..0.669 rows=1 loops=1)
               ->  Sort  (cost=165745.69..165745.69 rows=1 width=84) (actual time=0.666..0.666 rows=1 loops=1)
                     Sort Key: (st_distance(st_transform(s_238.the_geom, 25833), '0101000020E96400008707309657DC234125094FEC230E5741'::geometry))
                     Sort Method: top-N heapsort  Memory: 25kB
                     ->  Seq Scan on phoml_trajectory_tmp s_238  (cost=0.00..165745.68 rows=1 width=84) (actual time=0.014..0.592 rows=528 loops=1)
                           Filter: ((unix_time >= '1685451357.865'::double precision) AND (unix_time <= '1685451417.865'::double precision) AND st_dwithin(st_transform(the_geom, 25833), '0101000020E96400008707309657DC234125094FEC230E5741'::geometry, '300'::double precision))
                           Rows Removed by Filter: 3132
   ->  Subquery Scan on "*SELECT* 240"  (cost=165745.69..165745.70 rows=1 width=76) (actual time=0.665..0.666 rows=1 loops=1)
         ->  Limit  (cost=165745.69..165745.69 rows=1 width=84) (actual time=0.661..0.662 rows=1 loops=1)
               ->  Sort  (cost=165745.69..165745.69 rows=1 width=84) (actual time=0.659..0.660 rows=1 loops=1)
                     Sort Key: (st_distance(st_transform(s_239.the_geom, 25833), '0101000020E9640000BDEEB0AF5DDC2341F3CBCFE5220E5741'::geometry))
                     Sort Method: top-N heapsort  Memory: 25kB
                     ->  Seq Scan on phoml_trajectory_tmp s_239  (cost=0.00..165745.68 rows=1 width=84) (actual time=0.013..0.579 rows=528 loops=1)
                           Filter: ((unix_time >= '1685451358.291'::double precision) AND (unix_time <= '1685451418.291'::double precision) AND st_dwithin(st_transform(the_geom, 25833), '0101000020E9640000BDEEB0AF5DDC2341F3CBCFE5220E5741'::geometry, '300'::double precision))
                           Rows Removed by Filter: 3132
   ->  Subquery Scan on "*SELECT* 241"  (cost=165745.69..165745.70 rows=1 width=76) (actual time=0.680..0.681 rows=1 loops=1)
         ->  Limit  (cost=165745.69..165745.69 rows=1 width=84) (actual time=0.678..0.679 rows=1 loops=1)
               ->  Sort  (cost=165745.69..165745.69 rows=1 width=84) (actual time=0.676..0.676 rows=1 loops=1)
                     Sort Key: (st_distance(st_transform(s_240.the_geom, 25833), '0101000020E964000065E5C68563DC23417072AEE4210E5741'::geometry))
                     Sort Method: top-N heapsort  Memory: 25kB
                     ->  Seq Scan on phoml_trajectory_tmp s_240  (cost=0.00..165745.68 rows=1 width=84) (actual time=0.035..0.601 rows=528 loops=1)
                           Filter: ((unix_time >= '1685451358.711'::double precision) AND (unix_time <= '1685451418.711'::double precision) AND st_dwithin(st_transform(the_geom, 25833), '0101000020E964000065E5C68563DC23417072AEE4210E5741'::geometry, '300'::double precision))
                           Rows Removed by Filter: 3132
   ->  Subquery Scan on "*SELECT* 242"  (cost=165745.69..165745.70 rows=1 width=76) (actual time=0.662..0.663 rows=1 loops=1)
         ->  Limit  (cost=165745.69..165745.69 rows=1 width=84) (actual time=0.659..0.659 rows=1 loops=1)
               ->  Sort  (cost=165745.69..165745.69 rows=1 width=84) (actual time=0.657..0.658 rows=1 loops=1)
                     Sort Key: (st_distance(st_transform(s_241.the_geom, 25833), '0101000020E9640000C26BFE9869DC2341CD3CB4E8200E5741'::geometry))
                     Sort Method: top-N heapsort  Memory: 25kB
                     ->  Seq Scan on phoml_trajectory_tmp s_241  (cost=0.00..165745.68 rows=1 width=84) (actual time=0.014..0.584 rows=528 loops=1)
                           Filter: ((unix_time >= '1685451359.15'::double precision) AND (unix_time <= '1685451419.15'::double precision) AND st_dwithin(st_transform(the_geom, 25833), '0101000020E9640000C26BFE9869DC2341CD3CB4E8200E5741'::geometry, '300'::double precision))
                           Rows Removed by Filter: 3132
   ->  Subquery Scan on "*SELECT* 243"  (cost=165745.69..165745.70 rows=1 width=76) (actual time=0.669..0.671 rows=1 loops=1)
         ->  Limit  (cost=165745.69..165745.69 rows=1 width=84) (actual time=0.666..0.668 rows=1 loops=1)
               ->  Sort  (cost=165745.69..165745.69 rows=1 width=84) (actual time=0.664..0.665 rows=1 loops=1)
                     Sort Key: (st_distance(st_transform(s_242.the_geom, 25833), '0101000020E9640000B2EC38676FDC2341A0C393EA1F0E5741'::geometry))
                     Sort Method: top-N heapsort  Memory: 25kB
                     ->  Seq Scan on phoml_trajectory_tmp s_242  (cost=0.00..165745.68 rows=1 width=84) (actual time=0.016..0.587 rows=528 loops=1)
                           Filter: ((unix_time >= '1685451359.57'::double precision) AND (unix_time <= '1685451419.57'::double precision) AND st_dwithin(st_transform(the_geom, 25833), '0101000020E9640000B2EC38676FDC2341A0C393EA1F0E5741'::geometry, '300'::double precision))
                           Rows Removed by Filter: 3132
   ->  Subquery Scan on "*SELECT* 244"  (cost=165745.69..165745.70 rows=1 width=76) (actual time=0.661..0.662 rows=1 loops=1)
         ->  Limit  (cost=165745.69..165745.69 rows=1 width=84) (actual time=0.659..0.660 rows=1 loops=1)
               ->  Sort  (cost=165745.69..165745.69 rows=1 width=84) (actual time=0.657..0.658 rows=1 loops=1)
                     Sort Key: (st_distance(st_transform(s_243.the_geom, 25833), '0101000020E96400008E422F5275DC23419564DCF41E0E5741'::geometry))
                     Sort Method: top-N heapsort  Memory: 25kB
                     ->  Seq Scan on phoml_trajectory_tmp s_243  (cost=0.00..165745.68 rows=1 width=84) (actual time=0.014..0.582 rows=528 loops=1)
                           Filter: ((unix_time >= '1685451360'::double precision) AND (unix_time <= '1685451420'::double precision) AND st_dwithin(st_transform(the_geom, 25833), '0101000020E96400008E422F5275DC23419564DCF41E0E5741'::geometry, '300'::double precision))
                           Rows Removed by Filter: 3132
   ->  Subquery Scan on "*SELECT* 245"  (cost=165745.69..165745.70 rows=1 width=76) (actual time=0.668..0.669 rows=1 loops=1)
         ->  Limit  (cost=165745.69..165745.69 rows=1 width=84) (actual time=0.665..0.666 rows=1 loops=1)
               ->  Sort  (cost=165745.69..165745.69 rows=1 width=84) (actual time=0.663..0.663 rows=1 loops=1)
                     Sort Key: (st_distance(st_transform(s_244.the_geom, 25833), '0101000020E96400009BA6954E7BDC23416417C8FB1D0E5741'::geometry))
                     Sort Method: top-N heapsort  Memory: 25kB
                     ->  Seq Scan on phoml_trajectory_tmp s_244  (cost=0.00..165745.68 rows=1 width=84) (actual time=0.016..0.589 rows=528 loops=1)
                           Filter: ((unix_time >= '1685451360.44'::double precision) AND (unix_time <= '1685451420.44'::double precision) AND st_dwithin(st_transform(the_geom, 25833), '0101000020E96400009BA6954E7BDC23416417C8FB1D0E5741'::geometry, '300'::double precision))
                           Rows Removed by Filter: 3132
   ->  Subquery Scan on "*SELECT* 246"  (cost=165745.69..165745.70 rows=1 width=76) (actual time=0.667..0.668 rows=1 loops=1)
         ->  Limit  (cost=165745.69..165745.69 rows=1 width=84) (actual time=0.664..0.665 rows=1 loops=1)
               ->  Sort  (cost=165745.69..165745.69 rows=1 width=84) (actual time=0.662..0.662 rows=1 loops=1)
                     Sort Key: (st_distance(st_transform(s_245.the_geom, 25833), '0101000020E96400009F61106081DC234114F0EB011D0E5741'::geometry))
                     Sort Method: top-N heapsort  Memory: 25kB
                     ->  Seq Scan on phoml_trajectory_tmp s_245  (cost=0.00..165745.68 rows=1 width=84) (actual time=0.016..0.582 rows=528 loops=1)
                           Filter: ((unix_time >= '1685451360.88'::double precision) AND (unix_time <= '1685451420.88'::double precision) AND st_dwithin(st_transform(the_geom, 25833), '0101000020E96400009F61106081DC234114F0EB011D0E5741'::geometry, '300'::double precision))
                           Rows Removed by Filter: 3132
   ->  Subquery Scan on "*SELECT* 247"  (cost=165745.69..165745.70 rows=1 width=76) (actual time=0.677..0.678 rows=1 loops=1)
         ->  Limit  (cost=165745.69..165745.69 rows=1 width=84) (actual time=0.675..0.676 rows=1 loops=1)
               ->  Sort  (cost=165745.69..165745.69 rows=1 width=84) (actual time=0.673..0.674 rows=1 loops=1)
                     Sort Key: (st_distance(st_transform(s_246.the_geom, 25833), '0101000020E9640000DD0B5E5587DC2341BD9C080A1C0E5741'::geometry))
                     Sort Method: top-N heapsort  Memory: 25kB
                     ->  Seq Scan on phoml_trajectory_tmp s_246  (cost=0.00..165745.68 rows=1 width=84) (actual time=0.014..0.599 rows=528 loops=1)
                           Filter: ((unix_time >= '1685451361.316'::double precision) AND (unix_time <= '1685451421.316'::double precision) AND st_dwithin(st_transform(the_geom, 25833), '0101000020E9640000DD0B5E5587DC2341BD9C080A1C0E5741'::geometry, '300'::double precision))
                           Rows Removed by Filter: 3132
   ->  Subquery Scan on "*SELECT* 248"  (cost=165745.69..165745.70 rows=1 width=76) (actual time=0.682..0.683 rows=1 loops=1)
         ->  Limit  (cost=165745.69..165745.69 rows=1 width=84) (actual time=0.679..0.680 rows=1 loops=1)
               ->  Sort  (cost=165745.69..165745.69 rows=1 width=84) (actual time=0.677..0.677 rows=1 loops=1)
                     Sort Key: (st_distance(st_transform(s_247.the_geom, 25833), '0101000020E9640000DBA7B9768DDC2341148F81FF1A0E5741'::geometry))
                     Sort Method: top-N heapsort  Memory: 25kB
                     ->  Seq Scan on phoml_trajectory_tmp s_247  (cost=0.00..165745.68 rows=1 width=84) (actual time=0.014..0.587 rows=528 loops=1)
                           Filter: ((unix_time >= '1685451361.756'::double precision) AND (unix_time <= '1685451421.756'::double precision) AND st_dwithin(st_transform(the_geom, 25833), '0101000020E9640000DBA7B9768DDC2341148F81FF1A0E5741'::geometry, '300'::double precision))
                           Rows Removed by Filter: 3132
   ->  Subquery Scan on "*SELECT* 249"  (cost=165745.69..165745.70 rows=1 width=76) (actual time=0.666..0.668 rows=1 loops=1)
         ->  Limit  (cost=165745.69..165745.69 rows=1 width=84) (actual time=0.663..0.664 rows=1 loops=1)
               ->  Sort  (cost=165745.69..165745.69 rows=1 width=84) (actual time=0.662..0.662 rows=1 loops=1)
                     Sort Key: (st_distance(st_transform(s_248.the_geom, 25833), '0101000020E96400002C12A08293DC23417C21F3DB190E5741'::geometry))
                     Sort Method: top-N heapsort  Memory: 25kB
                     ->  Seq Scan on phoml_trajectory_tmp s_248  (cost=0.00..165745.68 rows=1 width=84) (actual time=0.016..0.588 rows=524 loops=1)
                           Filter: ((unix_time >= '1685451362.188'::double precision) AND (unix_time <= '1685451422.188'::double precision) AND st_dwithin(st_transform(the_geom, 25833), '0101000020E96400002C12A08293DC23417C21F3DB190E5741'::geometry, '300'::double precision))
                           Rows Removed by Filter: 3136
   ->  Subquery Scan on "*SELECT* 250"  (cost=165745.69..165745.70 rows=1 width=76) (actual time=0.657..0.658 rows=1 loops=1)
         ->  Limit  (cost=165745.69..165745.69 rows=1 width=84) (actual time=0.655..0.656 rows=1 loops=1)
               ->  Sort  (cost=165745.69..165745.69 rows=1 width=84) (actual time=0.653..0.653 rows=1 loops=1)
                     Sort Key: (st_distance(st_transform(s_249.the_geom, 25833), '0101000020E96400006FD5636A99DC2341C2256D9E180E5741'::geometry))
                     Sort Method: top-N heapsort  Memory: 25kB
                     ->  Seq Scan on phoml_trajectory_tmp s_249  (cost=0.00..165745.68 rows=1 width=84) (actual time=0.015..0.579 rows=528 loops=1)
                           Filter: ((unix_time >= '1685451362.618'::double precision) AND (unix_time <= '1685451422.618'::double precision) AND st_dwithin(st_transform(the_geom, 25833), '0101000020E96400006FD5636A99DC2341C2256D9E180E5741'::geometry, '300'::double precision))
                           Rows Removed by Filter: 3132
   ->  Subquery Scan on "*SELECT* 251"  (cost=165745.69..165745.70 rows=1 width=76) (actual time=0.667..0.668 rows=1 loops=1)
         ->  Limit  (cost=165745.69..165745.69 rows=1 width=84) (actual time=0.664..0.664 rows=1 loops=1)
               ->  Sort  (cost=165745.69..165745.69 rows=1 width=84) (actual time=0.662..0.662 rows=1 loops=1)
                     Sort Key: (st_distance(st_transform(s_250.the_geom, 25833), '0101000020E964000024C377E19EDC23414316725C170E5741'::geometry))
                     Sort Method: top-N heapsort  Memory: 25kB
                     ->  Seq Scan on phoml_trajectory_tmp s_250  (cost=0.00..165745.68 rows=1 width=84) (actual time=0.015..0.588 rows=528 loops=1)
                           Filter: ((unix_time >= '1685451363.038'::double precision) AND (unix_time <= '1685451423.038'::double precision) AND st_dwithin(st_transform(the_geom, 25833), '0101000020E964000024C377E19EDC23414316725C170E5741'::geometry, '300'::double precision))
                           Rows Removed by Filter: 3132
   ->  Subquery Scan on "*SELECT* 252"  (cost=165745.69..165745.70 rows=1 width=76) (actual time=0.677..0.678 rows=1 loops=1)
         ->  Limit  (cost=165745.69..165745.69 rows=1 width=84) (actual time=0.674..0.675 rows=1 loops=1)
               ->  Sort  (cost=165745.69..165745.69 rows=1 width=84) (actual time=0.672..0.672 rows=1 loops=1)
                     Sort Key: (st_distance(st_transform(s_251.the_geom, 25833), '0101000020E964000027211C2CA4DC234117B9FAF9150E5741'::geometry))
                     Sort Method: top-N heapsort  Memory: 25kB
                     ->  Seq Scan on phoml_trajectory_tmp s_251  (cost=0.00..165745.68 rows=1 width=84) (actual time=0.015..0.593 rows=524 loops=1)
                           Filter: ((unix_time >= '1685451363.464'::double precision) AND (unix_time <= '1685451423.464'::double precision) AND st_dwithin(st_transform(the_geom, 25833), '0101000020E964000027211C2CA4DC234117B9FAF9150E5741'::geometry, '300'::double precision))
                           Rows Removed by Filter: 3136
   ->  Subquery Scan on "*SELECT* 253"  (cost=165745.69..165745.70 rows=1 width=76) (actual time=0.687..0.688 rows=1 loops=1)
         ->  Limit  (cost=165745.69..165745.69 rows=1 width=84) (actual time=0.686..0.687 rows=1 loops=1)
               ->  Sort  (cost=165745.69..165745.69 rows=1 width=84) (actual time=0.684..0.684 rows=1 loops=1)
                     Sort Key: (st_distance(st_transform(s_252.the_geom, 25833), '0101000020E964000005F7DD1AA9DC2341FC591994140E5741'::geometry))
                     Sort Method: top-N heapsort  Memory: 25kB
                     ->  Seq Scan on phoml_trajectory_tmp s_252  (cost=0.00..165745.68 rows=1 width=84) (actual time=0.040..0.606 rows=520 loops=1)
                           Filter: ((unix_time >= '1685451363.884'::double precision) AND (unix_time <= '1685451423.884'::double precision) AND st_dwithin(st_transform(the_geom, 25833), '0101000020E964000005F7DD1AA9DC2341FC591994140E5741'::geometry, '300'::double precision))
                           Rows Removed by Filter: 3140
   ->  Subquery Scan on "*SELECT* 254"  (cost=165745.69..165745.70 rows=1 width=76) (actual time=0.679..0.681 rows=1 loops=1)
         ->  Limit  (cost=165745.69..165745.69 rows=1 width=84) (actual time=0.677..0.678 rows=1 loops=1)
               ->  Sort  (cost=165745.69..165745.69 rows=1 width=84) (actual time=0.675..0.675 rows=1 loops=1)
                     Sort Key: (st_distance(st_transform(s_253.the_geom, 25833), '0101000020E9640000D81A4C73ADDC23415D2A9F40130E5741'::geometry))
                     Sort Method: top-N heapsort  Memory: 25kB
                     ->  Seq Scan on phoml_trajectory_tmp s_253  (cost=0.00..165745.68 rows=1 width=84) (actual time=0.020..0.594 rows=520 loops=1)
                           Filter: ((unix_time >= '1685451364.289'::double precision) AND (unix_time <= '1685451424.289'::double precision) AND st_dwithin(st_transform(the_geom, 25833), '0101000020E9640000D81A4C73ADDC23415D2A9F40130E5741'::geometry, '300'::double precision))
                           Rows Removed by Filter: 3140
   ->  Subquery Scan on "*SELECT* 255"  (cost=165745.69..165745.70 rows=1 width=76) (actual time=0.662..0.663 rows=1 loops=1)
         ->  Limit  (cost=165745.69..165745.69 rows=1 width=84) (actual time=0.658..0.659 rows=1 loops=1)
               ->  Sort  (cost=165745.69..165745.69 rows=1 width=84) (actual time=0.656..0.657 rows=1 loops=1)
                     Sort Key: (st_distance(st_transform(s_254.the_geom, 25833), '0101000020E96400007652E9D3B1DC2341CB2241E7110E5741'::geometry))
                     Sort Method: top-N heapsort  Memory: 25kB
                     ->  Seq Scan on phoml_trajectory_tmp s_254  (cost=0.00..165745.68 rows=1 width=84) (actual time=0.015..0.584 rows=516 loops=1)
                           Filter: ((unix_time >= '1685451364.709'::double precision) AND (unix_time <= '1685451424.709'::double precision) AND st_dwithin(st_transform(the_geom, 25833), '0101000020E96400007652E9D3B1DC2341CB2241E7110E5741'::geometry, '300'::double precision))
                           Rows Removed by Filter: 3144
   ->  Subquery Scan on "*SELECT* 256"  (cost=165745.69..165745.70 rows=1 width=76) (actual time=0.677..0.678 rows=1 loops=1)
         ->  Limit  (cost=165745.69..165745.69 rows=1 width=84) (actual time=0.673..0.674 rows=1 loops=1)
               ->  Sort  (cost=165745.69..165745.69 rows=1 width=84) (actual time=0.672..0.672 rows=1 loops=1)
                     Sort Key: (st_distance(st_transform(s_255.the_geom, 25833), '0101000020E9640000536E73B5B5DC23410D83719F100E5741'::geometry))
                     Sort Method: top-N heapsort  Memory: 25kB
                     ->  Seq Scan on phoml_trajectory_tmp s_255  (cost=0.00..165745.68 rows=1 width=84) (actual time=0.019..0.599 rows=516 loops=1)
                           Filter: ((unix_time >= '1685451365.109'::double precision) AND (unix_time <= '1685451425.109'::double precision) AND st_dwithin(st_transform(the_geom, 25833), '0101000020E9640000536E73B5B5DC23410D83719F100E5741'::geometry, '300'::double precision))
                           Rows Removed by Filter: 3144
   ->  Subquery Scan on "*SELECT* 257"  (cost=165745.69..165745.70 rows=1 width=76) (actual time=0.667..0.668 rows=1 loops=1)
         ->  Limit  (cost=165745.69..165745.69 rows=1 width=84) (actual time=0.665..0.666 rows=1 loops=1)
               ->  Sort  (cost=165745.69..165745.69 rows=1 width=84) (actual time=0.663..0.664 rows=1 loops=1)
                     Sort Key: (st_distance(st_transform(s_256.the_geom, 25833), '0101000020E96400000238E5B3B9DC2341F3E5C9520F0E5741'::geometry))
                     Sort Method: top-N heapsort  Memory: 25kB
                     ->  Seq Scan on phoml_trajectory_tmp s_256  (cost=0.00..165745.68 rows=1 width=84) (actual time=0.017..0.590 rows=516 loops=1)
                           Filter: ((unix_time >= '1685451365.514'::double precision) AND (unix_time <= '1685451425.514'::double precision) AND st_dwithin(st_transform(the_geom, 25833), '0101000020E96400000238E5B3B9DC2341F3E5C9520F0E5741'::geometry, '300'::double precision))
                           Rows Removed by Filter: 3144
   ->  Subquery Scan on "*SELECT* 258"  (cost=165745.69..165745.70 rows=1 width=76) (actual time=0.682..0.683 rows=1 loops=1)
         ->  Limit  (cost=165745.69..165745.69 rows=1 width=84) (actual time=0.679..0.680 rows=1 loops=1)
               ->  Sort  (cost=165745.69..165745.69 rows=1 width=84) (actual time=0.678..0.678 rows=1 loops=1)
                     Sort Key: (st_distance(st_transform(s_257.the_geom, 25833), '0101000020E96400006A0C7F68BDDC234129D59F1A0E0E5741'::geometry))
                     Sort Method: top-N heapsort  Memory: 25kB
                     ->  Seq Scan on phoml_trajectory_tmp s_257  (cost=0.00..165745.68 rows=1 width=84) (actual time=0.016..0.597 rows=512 loops=1)
                           Filter: ((unix_time >= '1685451365.914'::double precision) AND (unix_time <= '1685451425.914'::double precision) AND st_dwithin(st_transform(the_geom, 25833), '0101000020E96400006A0C7F68BDDC234129D59F1A0E0E5741'::geometry, '300'::double precision))
                           Rows Removed by Filter: 3148
   ->  Subquery Scan on "*SELECT* 259"  (cost=165745.69..165745.70 rows=1 width=76) (actual time=0.674..0.675 rows=1 loops=1)
         ->  Limit  (cost=165745.69..165745.69 rows=1 width=84) (actual time=0.671..0.671 rows=1 loops=1)
               ->  Sort  (cost=165745.69..165745.69 rows=1 width=84) (actual time=0.668..0.669 rows=1 loops=1)
                     Sort Key: (st_distance(st_transform(s_258.the_geom, 25833), '0101000020E9640000063C3125C1DC23417AA465F00C0E5741'::geometry))
                     Sort Method: top-N heapsort  Memory: 25kB
                     ->  Seq Scan on phoml_trajectory_tmp s_258  (cost=0.00..165745.68 rows=1 width=84) (actual time=0.017..0.590 rows=508 loops=1)
                           Filter: ((unix_time >= '1685451366.297'::double precision) AND (unix_time <= '1685451426.297'::double precision) AND st_dwithin(st_transform(the_geom, 25833), '0101000020E9640000063C3125C1DC23417AA465F00C0E5741'::geometry, '300'::double precision))
                           Rows Removed by Filter: 3152
   ->  Subquery Scan on "*SELECT* 260"  (cost=165745.69..165745.70 rows=1 width=76) (actual time=0.675..0.676 rows=1 loops=1)
         ->  Limit  (cost=165745.69..165745.69 rows=1 width=84) (actual time=0.674..0.674 rows=1 loops=1)
               ->  Sort  (cost=165745.69..165745.69 rows=1 width=84) (actual time=0.672..0.672 rows=1 loops=1)
                     Sort Key: (st_distance(st_transform(s_259.the_geom, 25833), '0101000020E9640000EB3F7F03C5DC234163C9EAB50B0E5741'::geometry))
                     Sort Method: top-N heapsort  Memory: 25kB
                     ->  Seq Scan on phoml_trajectory_tmp s_259  (cost=0.00..165745.68 rows=1 width=84) (actual time=0.019..0.600 rows=508 loops=1)
                           Filter: ((unix_time >= '1685451366.697'::double precision) AND (unix_time <= '1685451426.697'::double precision) AND st_dwithin(st_transform(the_geom, 25833), '0101000020E9640000EB3F7F03C5DC234163C9EAB50B0E5741'::geometry, '300'::double precision))
                           Rows Removed by Filter: 3152
   ->  Subquery Scan on "*SELECT* 261"  (cost=165745.69..165745.70 rows=1 width=76) (actual time=0.674..0.675 rows=1 loops=1)
         ->  Limit  (cost=165745.69..165745.69 rows=1 width=84) (actual time=0.670..0.671 rows=1 loops=1)
               ->  Sort  (cost=165745.69..165745.69 rows=1 width=84) (actual time=0.669..0.669 rows=1 loops=1)
                     Sort Key: (st_distance(st_transform(s_260.the_geom, 25833), '0101000020E96400003D5C41A3C8DC2341D1BB308E0A0E5741'::geometry))
                     Sort Method: top-N heapsort  Memory: 25kB
                     ->  Seq Scan on phoml_trajectory_tmp s_260  (cost=0.00..165745.68 rows=1 width=84) (actual time=0.017..0.599 rows=504 loops=1)
                           Filter: ((unix_time >= '1685451367.077'::double precision) AND (unix_time <= '1685451427.077'::double precision) AND st_dwithin(st_transform(the_geom, 25833), '0101000020E96400003D5C41A3C8DC2341D1BB308E0A0E5741'::geometry, '300'::double precision))
                           Rows Removed by Filter: 3156
   ->  Subquery Scan on "*SELECT* 262"  (cost=165745.69..165745.70 rows=1 width=76) (actual time=0.689..0.690 rows=1 loops=1)
         ->  Limit  (cost=165745.69..165745.69 rows=1 width=84) (actual time=0.686..0.687 rows=1 loops=1)
               ->  Sort  (cost=165745.69..165745.69 rows=1 width=84) (actual time=0.684..0.685 rows=1 loops=1)
                     Sort Key: (st_distance(st_transform(s_261.the_geom, 25833), '0101000020E96400006525C475CCDC2341490B1B62090E5741'::geometry))
                     Sort Method: top-N heapsort  Memory: 25kB
                     ->  Seq Scan on phoml_trajectory_tmp s_261  (cost=0.00..165745.68 rows=1 width=84) (actual time=0.026..0.611 rows=500 loops=1)
                           Filter: ((unix_time >= '1685451367.457'::double precision) AND (unix_time <= '1685451427.457'::double precision) AND st_dwithin(st_transform(the_geom, 25833), '0101000020E96400006525C475CCDC2341490B1B62090E5741'::geometry, '300'::double precision))
                           Rows Removed by Filter: 3160
   ->  Subquery Scan on "*SELECT* 263"  (cost=165745.69..165745.70 rows=1 width=76) (actual time=0.663..0.664 rows=1 loops=1)
         ->  Limit  (cost=165745.69..165745.69 rows=1 width=84) (actual time=0.661..0.661 rows=1 loops=1)
               ->  Sort  (cost=165745.69..165745.69 rows=1 width=84) (actual time=0.659..0.660 rows=1 loops=1)
                     Sort Key: (st_distance(st_transform(s_262.the_geom, 25833), '0101000020E9640000C0F9E44AD0DC234140DB293F080E5741'::geometry))
                     Sort Method: top-N heapsort  Memory: 25kB
                     ->  Seq Scan on phoml_trajectory_tmp s_262  (cost=0.00..165745.68 rows=1 width=84) (actual time=0.020..0.587 rows=500 loops=1)
                           Filter: ((unix_time >= '1685451367.837'::double precision) AND (unix_time <= '1685451427.837'::double precision) AND st_dwithin(st_transform(the_geom, 25833), '0101000020E9640000C0F9E44AD0DC234140DB293F080E5741'::geometry, '300'::double precision))
                           Rows Removed by Filter: 3160
   ->  Subquery Scan on "*SELECT* 264"  (cost=165745.69..165745.70 rows=1 width=76) (actual time=0.678..0.679 rows=1 loops=1)
         ->  Limit  (cost=165745.69..165745.69 rows=1 width=84) (actual time=0.675..0.676 rows=1 loops=1)
               ->  Sort  (cost=165745.69..165745.69 rows=1 width=84) (actual time=0.673..0.674 rows=1 loops=1)
                     Sort Key: (st_distance(st_transform(s_263.the_geom, 25833), '0101000020E96400007E42FF1BD4DC234135FDC519070E5741'::geometry))
                     Sort Method: top-N heapsort  Memory: 25kB
                     ->  Seq Scan on phoml_trajectory_tmp s_263  (cost=0.00..165745.68 rows=1 width=84) (actual time=0.018..0.601 rows=496 loops=1)
                           Filter: ((unix_time >= '1685451368.204'::double precision) AND (unix_time <= '1685451428.204'::double precision) AND st_dwithin(st_transform(the_geom, 25833), '0101000020E96400007E42FF1BD4DC234135FDC519070E5741'::geometry, '300'::double precision))
                           Rows Removed by Filter: 3164
   ->  Subquery Scan on "*SELECT* 265"  (cost=165745.69..165745.70 rows=1 width=76) (actual time=0.678..0.679 rows=1 loops=1)
         ->  Limit  (cost=165745.69..165745.69 rows=1 width=84) (actual time=0.675..0.676 rows=1 loops=1)
               ->  Sort  (cost=165745.69..165745.69 rows=1 width=84) (actual time=0.673..0.674 rows=1 loops=1)
                     Sort Key: (st_distance(st_transform(s_264.the_geom, 25833), '0101000020E96400000B7081EAD7DC2341D30316F3050E5741'::geometry))
                     Sort Method: top-N heapsort  Memory: 25kB
                     ->  Seq Scan on phoml_trajectory_tmp s_264  (cost=0.00..165745.68 rows=1 width=84) (actual time=0.021..0.603 rows=492 loops=1)
                           Filter: ((unix_time >= '1685451368.574'::double precision) AND (unix_time <= '1685451428.574'::double precision) AND st_dwithin(st_transform(the_geom, 25833), '0101000020E96400000B7081EAD7DC2341D30316F3050E5741'::geometry, '300'::double precision))
                           Rows Removed by Filter: 3168
   ->  Subquery Scan on "*SELECT* 266"  (cost=165745.69..165745.70 rows=1 width=76) (actual time=0.654..0.655 rows=1 loops=1)
         ->  Limit  (cost=165745.69..165745.69 rows=1 width=84) (actual time=0.651..0.652 rows=1 loops=1)
               ->  Sort  (cost=165745.69..165745.69 rows=1 width=84) (actual time=0.649..0.650 rows=1 loops=1)
                     Sort Key: (st_distance(st_transform(s_265.the_geom, 25833), '0101000020E96400007AFF5DC3DBDC2341E56044CA040E5741'::geometry))
                     Sort Method: top-N heapsort  Memory: 25kB
                     ->  Seq Scan on phoml_trajectory_tmp s_265  (cost=0.00..165745.68 rows=1 width=84) (actual time=0.020..0.580 rows=492 loops=1)
                           Filter: ((unix_time >= '1685451368.944'::double precision) AND (unix_time <= '1685451428.944'::double precision) AND st_dwithin(st_transform(the_geom, 25833), '0101000020E96400007AFF5DC3DBDC2341E56044CA040E5741'::geometry, '300'::double precision))
                           Rows Removed by Filter: 3168
   ->  Subquery Scan on "*SELECT* 267"  (cost=165745.69..165745.70 rows=1 width=76) (actual time=0.664..0.665 rows=1 loops=1)
         ->  Limit  (cost=165745.69..165745.69 rows=1 width=84) (actual time=0.662..0.663 rows=1 loops=1)
               ->  Sort  (cost=165745.69..165745.69 rows=1 width=84) (actual time=0.660..0.660 rows=1 loops=1)
                     Sort Key: (st_distance(st_transform(s_266.the_geom, 25833), '0101000020E964000008580EA5DFDC23412A3494AF030E5741'::geometry))
                     Sort Method: top-N heapsort  Memory: 25kB
                     ->  Seq Scan on phoml_trajectory_tmp s_266  (cost=0.00..165745.68 rows=1 width=84) (actual time=0.029..0.588 rows=492 loops=1)
                           Filter: ((unix_time >= '1685451369.307'::double precision) AND (unix_time <= '1685451429.307'::double precision) AND st_dwithin(st_transform(the_geom, 25833), '0101000020E964000008580EA5DFDC23412A3494AF030E5741'::geometry, '300'::double precision))
                           Rows Removed by Filter: 3168
   ->  Subquery Scan on "*SELECT* 268"  (cost=165745.69..165745.70 rows=1 width=76) (actual time=0.689..0.690 rows=1 loops=1)
         ->  Limit  (cost=165745.69..165745.69 rows=1 width=84) (actual time=0.686..0.687 rows=1 loops=1)
               ->  Sort  (cost=165745.69..165745.69 rows=1 width=84) (actual time=0.684..0.685 rows=1 loops=1)
                     Sort Key: (st_distance(st_transform(s_267.the_geom, 25833), '0101000020E96400009552FEB3E3DC23412E45329E020E5741'::geometry))
                     Sort Method: top-N heapsort  Memory: 25kB
                     ->  Seq Scan on phoml_trajectory_tmp s_267  (cost=0.00..165745.68 rows=1 width=84) (actual time=0.021..0.596 rows=488 loops=1)
                           Filter: ((unix_time >= '1685451369.676'::double precision) AND (unix_time <= '1685451429.676'::double precision) AND st_dwithin(st_transform(the_geom, 25833), '0101000020E96400009552FEB3E3DC23412E45329E020E5741'::geometry, '300'::double precision))
                           Rows Removed by Filter: 3172
   ->  Subquery Scan on "*SELECT* 269"  (cost=165745.69..165745.70 rows=1 width=76) (actual time=0.667..0.668 rows=1 loops=1)
         ->  Limit  (cost=165745.69..165745.69 rows=1 width=84) (actual time=0.662..0.663 rows=1 loops=1)
               ->  Sort  (cost=165745.69..165745.69 rows=1 width=84) (actual time=0.660..0.661 rows=1 loops=1)
                     Sort Key: (st_distance(st_transform(s_268.the_geom, 25833), '0101000020E9640000E51AD0C9E7DC234176BC219C010E5741'::geometry))
                     Sort Method: top-N heapsort  Memory: 25kB
                     ->  Seq Scan on phoml_trajectory_tmp s_268  (cost=0.00..165745.68 rows=1 width=84) (actual time=0.022..0.591 rows=484 loops=1)
                           Filter: ((unix_time >= '1685451370.037'::double precision) AND (unix_time <= '1685451430.037'::double precision) AND st_dwithin(st_transform(the_geom, 25833), '0101000020E9640000E51AD0C9E7DC234176BC219C010E5741'::geometry, '300'::double precision))
                           Rows Removed by Filter: 3176
   ->  Subquery Scan on "*SELECT* 270"  (cost=165745.69..165745.70 rows=1 width=76) (actual time=0.644..0.645 rows=1 loops=1)
         ->  Limit  (cost=165745.69..165745.69 rows=1 width=84) (actual time=0.642..0.642 rows=1 loops=1)
               ->  Sort  (cost=165745.69..165745.69 rows=1 width=84) (actual time=0.639..0.640 rows=1 loops=1)
                     Sort Key: (st_distance(st_transform(s_269.the_geom, 25833), '0101000020E96400003D7E7526ECDC234179CC1A9A000E5741'::geometry))
                     Sort Method: top-N heapsort  Memory: 25kB
                     ->  Seq Scan on phoml_trajectory_tmp s_269  (cost=0.00..165745.68 rows=1 width=84) (actual time=0.021..0.570 rows=484 loops=1)
                           Filter: ((unix_time >= '1685451370.412'::double precision) AND (unix_time <= '1685451430.412'::double precision) AND st_dwithin(st_transform(the_geom, 25833), '0101000020E96400003D7E7526ECDC234179CC1A9A000E5741'::geometry, '300'::double precision))
                           Rows Removed by Filter: 3176
   ->  Subquery Scan on "*SELECT* 271"  (cost=165745.69..165745.70 rows=1 width=76) (actual time=0.655..0.656 rows=1 loops=1)
         ->  Limit  (cost=165745.69..165745.69 rows=1 width=84) (actual time=0.653..0.653 rows=1 loops=1)
               ->  Sort  (cost=165745.69..165745.69 rows=1 width=84) (actual time=0.651..0.652 rows=1 loops=1)
                     Sort Key: (st_distance(st_transform(s_270.the_geom, 25833), '0101000020E96400004FF3BCA0F0DC2341AD7573A3FF0D5741'::geometry))
                     Sort Method: top-N heapsort  Memory: 25kB
                     ->  Seq Scan on phoml_trajectory_tmp s_270  (cost=0.00..165745.68 rows=1 width=84) (actual time=0.020..0.582 rows=484 loops=1)
                           Filter: ((unix_time >= '1685451370.782'::double precision) AND (unix_time <= '1685451430.782'::double precision) AND st_dwithin(st_transform(the_geom, 25833), '0101000020E96400004FF3BCA0F0DC2341AD7573A3FF0D5741'::geometry, '300'::double precision))
                           Rows Removed by Filter: 3176
   ->  Subquery Scan on "*SELECT* 272"  (cost=165745.69..165745.70 rows=1 width=76) (actual time=0.680..0.681 rows=1 loops=1)
         ->  Limit  (cost=165745.69..165745.69 rows=1 width=84) (actual time=0.667..0.667 rows=1 loops=1)
               ->  Sort  (cost=165745.69..165745.69 rows=1 width=84) (actual time=0.665..0.665 rows=1 loops=1)
                     Sort Key: (st_distance(st_transform(s_271.the_geom, 25833), '0101000020E96400004050408CF5DC23415C6152B9FE0D5741'::geometry))
                     Sort Method: top-N heapsort  Memory: 25kB
                     ->  Seq Scan on phoml_trajectory_tmp s_271  (cost=0.00..165745.68 rows=1 width=84) (actual time=0.021..0.592 rows=488 loops=1)
                           Filter: ((unix_time >= '1685451371.166'::double precision) AND (unix_time <= '1685451431.166'::double precision) AND st_dwithin(st_transform(the_geom, 25833), '0101000020E96400004050408CF5DC23415C6152B9FE0D5741'::geometry, '300'::double precision))
                           Rows Removed by Filter: 3172
   ->  Subquery Scan on "*SELECT* 273"  (cost=165745.69..165745.70 rows=1 width=76) (actual time=0.630..0.631 rows=1 loops=1)
         ->  Limit  (cost=165745.69..165745.69 rows=1 width=84) (actual time=0.627..0.628 rows=1 loops=1)
               ->  Sort  (cost=165745.69..165745.69 rows=1 width=84) (actual time=0.626..0.626 rows=1 loops=1)
                     Sort Key: (st_distance(st_transform(s_272.the_geom, 25833), '0101000020E96400008BC5A563FADC2341BFFA4BE9FD0D5741'::geometry))
                     Sort Method: top-N heapsort  Memory: 25kB
                     ->  Seq Scan on phoml_trajectory_tmp s_272  (cost=0.00..165745.68 rows=1 width=84) (actual time=0.021..0.557 rows=488 loops=1)
                           Filter: ((unix_time >= '1685451371.526'::double precision) AND (unix_time <= '1685451431.526'::double precision) AND st_dwithin(st_transform(the_geom, 25833), '0101000020E96400008BC5A563FADC2341BFFA4BE9FD0D5741'::geometry, '300'::double precision))
                           Rows Removed by Filter: 3172
   ->  Subquery Scan on "*SELECT* 274"  (cost=165745.69..165745.70 rows=1 width=76) (actual time=0.647..0.648 rows=1 loops=1)
         ->  Limit  (cost=165745.69..165745.69 rows=1 width=84) (actual time=0.644..0.645 rows=1 loops=1)
               ->  Sort  (cost=165745.69..165745.69 rows=1 width=84) (actual time=0.642..0.642 rows=1 loops=1)
                     Sort Key: (st_distance(st_transform(s_273.the_geom, 25833), '0101000020E964000095816495FFDC234143001F22FD0D5741'::geometry))
                     Sort Method: top-N heapsort  Memory: 25kB
                     ->  Seq Scan on phoml_trajectory_tmp s_273  (cost=0.00..165745.68 rows=1 width=84) (actual time=0.019..0.567 rows=488 loops=1)
                           Filter: ((unix_time >= '1685451371.906'::double precision) AND (unix_time <= '1685451431.906'::double precision) AND st_dwithin(st_transform(the_geom, 25833), '0101000020E964000095816495FFDC234143001F22FD0D5741'::geometry, '300'::double precision))
                           Rows Removed by Filter: 3172
   ->  Subquery Scan on "*SELECT* 275"  (cost=165745.69..165745.70 rows=1 width=76) (actual time=0.654..0.655 rows=1 loops=1)
         ->  Limit  (cost=165745.69..165745.69 rows=1 width=84) (actual time=0.650..0.651 rows=1 loops=1)
               ->  Sort  (cost=165745.69..165745.69 rows=1 width=84) (actual time=0.648..0.649 rows=1 loops=1)
                     Sort Key: (st_distance(st_transform(s_274.the_geom, 25833), '0101000020E96400007786E51005DD2341497E6B5CFC0D5741'::geometry))
                     Sort Method: top-N heapsort  Memory: 25kB
                     ->  Seq Scan on phoml_trajectory_tmp s_274  (cost=0.00..165745.68 rows=1 width=84) (actual time=0.018..0.578 rows=488 loops=1)
                           Filter: ((unix_time >= '1685451372.279'::double precision) AND (unix_time <= '1685451432.279'::double precision) AND st_dwithin(st_transform(the_geom, 25833), '0101000020E96400007786E51005DD2341497E6B5CFC0D5741'::geometry, '300'::double precision))
                           Rows Removed by Filter: 3172
   ->  Subquery Scan on "*SELECT* 276"  (cost=165745.69..165745.70 rows=1 width=76) (actual time=0.646..0.647 rows=1 loops=1)
         ->  Limit  (cost=165745.69..165745.69 rows=1 width=84) (actual time=0.644..0.644 rows=1 loops=1)
               ->  Sort  (cost=165745.69..165745.69 rows=1 width=84) (actual time=0.642..0.642 rows=1 loops=1)
                     Sort Key: (st_distance(st_transform(s_275.the_geom, 25833), '0101000020E964000019E833950ADD2341B848679EFB0D5741'::geometry))
                     Sort Method: top-N heapsort  Memory: 25kB
                     ->  Seq Scan on phoml_trajectory_tmp s_275  (cost=0.00..165745.68 rows=1 width=84) (actual time=0.022..0.573 rows=488 loops=1)
                           Filter: ((unix_time >= '1685451372.649'::double precision) AND (unix_time <= '1685451432.649'::double precision) AND st_dwithin(st_transform(the_geom, 25833), '0101000020E964000019E833950ADD2341B848679EFB0D5741'::geometry, '300'::double precision))
                           Rows Removed by Filter: 3172
   ->  Subquery Scan on "*SELECT* 277"  (cost=165745.69..165745.70 rows=1 width=76) (actual time=0.650..0.651 rows=1 loops=1)
         ->  Limit  (cost=165745.69..165745.69 rows=1 width=84) (actual time=0.647..0.647 rows=1 loops=1)
               ->  Sort  (cost=165745.69..165745.69 rows=1 width=84) (actual time=0.645..0.645 rows=1 loops=1)
                     Sort Key: (st_distance(st_transform(s_276.the_geom, 25833), '0101000020E96400009934639410DD23415A57AFD7FA0D5741'::geometry))
                     Sort Method: top-N heapsort  Memory: 25kB
                     ->  Seq Scan on phoml_trajectory_tmp s_276  (cost=0.00..165745.68 rows=1 width=84) (actual time=0.020..0.576 rows=488 loops=1)
                           Filter: ((unix_time >= '1685451373.029'::double precision) AND (unix_time <= '1685451433.029'::double precision) AND st_dwithin(st_transform(the_geom, 25833), '0101000020E96400009934639410DD23415A57AFD7FA0D5741'::geometry, '300'::double precision))
                           Rows Removed by Filter: 3172
   ->  Subquery Scan on "*SELECT* 278"  (cost=165745.69..165745.70 rows=1 width=76) (actual time=0.650..0.652 rows=1 loops=1)
         ->  Limit  (cost=165745.69..165745.69 rows=1 width=84) (actual time=0.647..0.648 rows=1 loops=1)
               ->  Sort  (cost=165745.69..165745.69 rows=1 width=84) (actual time=0.645..0.646 rows=1 loops=1)
                     Sort Key: (st_distance(st_transform(s_277.the_geom, 25833), '0101000020E96400004F19557416DD234152F75D2AFA0D5741'::geometry))
                     Sort Method: top-N heapsort  Memory: 25kB
                     ->  Seq Scan on phoml_trajectory_tmp s_277  (cost=0.00..165745.68 rows=1 width=84) (actual time=0.019..0.570 rows=488 loops=1)
                           Filter: ((unix_time >= '1685451373.405'::double precision) AND (unix_time <= '1685451433.405'::double precision) AND st_dwithin(st_transform(the_geom, 25833), '0101000020E96400004F19557416DD234152F75D2AFA0D5741'::geometry, '300'::double precision))
                           Rows Removed by Filter: 3172
   ->  Subquery Scan on "*SELECT* 279"  (cost=165745.69..165745.70 rows=1 width=76) (actual time=0.643..0.643 rows=1 loops=1)
         ->  Limit  (cost=165745.69..165745.69 rows=1 width=84) (actual time=0.641..0.641 rows=1 loops=1)
               ->  Sort  (cost=165745.69..165745.69 rows=1 width=84) (actual time=0.639..0.639 rows=1 loops=1)
                     Sort Key: (st_distance(st_transform(s_278.the_geom, 25833), '0101000020E964000089D3229B1CDD2341B3585186F90D5741'::geometry))
                     Sort Method: top-N heapsort  Memory: 25kB
                     ->  Seq Scan on phoml_trajectory_tmp s_278  (cost=0.00..165745.68 rows=1 width=84) (actual time=0.021..0.571 rows=488 loops=1)
                           Filter: ((unix_time >= '1685451373.785'::double precision) AND (unix_time <= '1685451433.785'::double precision) AND st_dwithin(st_transform(the_geom, 25833), '0101000020E964000089D3229B1CDD2341B3585186F90D5741'::geometry, '300'::double precision))
                           Rows Removed by Filter: 3172
   ->  Subquery Scan on "*SELECT* 280"  (cost=165745.69..165745.70 rows=1 width=76) (actual time=0.653..0.654 rows=1 loops=1)
         ->  Limit  (cost=165745.69..165745.69 rows=1 width=84) (actual time=0.649..0.650 rows=1 loops=1)
               ->  Sort  (cost=165745.69..165745.69 rows=1 width=84) (actual time=0.648..0.648 rows=1 loops=1)
                     Sort Key: (st_distance(st_transform(s_279.the_geom, 25833), '0101000020E9640000472EF13D23DD2341AD48A4D2F80D5741'::geometry))
                     Sort Method: top-N heapsort  Memory: 25kB
                     ->  Seq Scan on phoml_trajectory_tmp s_279  (cost=0.00..165745.68 rows=1 width=84) (actual time=0.020..0.579 rows=488 loops=1)
                           Filter: ((unix_time >= '1685451374.175'::double precision) AND (unix_time <= '1685451434.175'::double precision) AND st_dwithin(st_transform(the_geom, 25833), '0101000020E9640000472EF13D23DD2341AD48A4D2F80D5741'::geometry, '300'::double precision))
                           Rows Removed by Filter: 3172
   ->  Subquery Scan on "*SELECT* 281"  (cost=165745.69..165745.70 rows=1 width=76) (actual time=0.654..0.655 rows=1 loops=1)
         ->  Limit  (cost=165745.69..165745.69 rows=1 width=84) (actual time=0.650..0.651 rows=1 loops=1)
               ->  Sort  (cost=165745.69..165745.69 rows=1 width=84) (actual time=0.648..0.649 rows=1 loops=1)
                     Sort Key: (st_distance(st_transform(s_280.the_geom, 25833), '0101000020E9640000506B32AE29DD2341E731AC34F80D5741'::geometry))
                     Sort Method: top-N heapsort  Memory: 25kB
                     ->  Seq Scan on phoml_trajectory_tmp s_280  (cost=0.00..165745.68 rows=1 width=84) (actual time=0.019..0.579 rows=484 loops=1)
                           Filter: ((unix_time >= '1685451374.545'::double precision) AND (unix_time <= '1685451434.545'::double precision) AND st_dwithin(st_transform(the_geom, 25833), '0101000020E9640000506B32AE29DD2341E731AC34F80D5741'::geometry, '300'::double precision))
                           Rows Removed by Filter: 3176
   ->  Subquery Scan on "*SELECT* 282"  (cost=165745.69..165745.70 rows=1 width=76) (actual time=0.676..0.678 rows=1 loops=1)
         ->  Limit  (cost=165745.69..165745.69 rows=1 width=84) (actual time=0.674..0.675 rows=1 loops=1)
               ->  Sort  (cost=165745.69..165745.69 rows=1 width=84) (actual time=0.671..0.671 rows=1 loops=1)
                     Sort Key: (st_distance(st_transform(s_281.the_geom, 25833), '0101000020E9640000580B717530DD23413C73DA96F70D5741'::geometry))
                     Sort Method: top-N heapsort  Memory: 25kB
                     ->  Seq Scan on phoml_trajectory_tmp s_281  (cost=0.00..165745.68 rows=1 width=84) (actual time=0.027..0.586 rows=484 loops=1)
                           Filter: ((unix_time >= '1685451374.925'::double precision) AND (unix_time <= '1685451434.925'::double precision) AND st_dwithin(st_transform(the_geom, 25833), '0101000020E9640000580B717530DD23413C73DA96F70D5741'::geometry, '300'::double precision))
                           Rows Removed by Filter: 3176
   ->  Subquery Scan on "*SELECT* 283"  (cost=165745.69..165745.70 rows=1 width=76) (actual time=0.658..0.659 rows=1 loops=1)
         ->  Limit  (cost=165745.69..165745.69 rows=1 width=84) (actual time=0.655..0.656 rows=1 loops=1)
               ->  Sort  (cost=165745.69..165745.69 rows=1 width=84) (actual time=0.653..0.653 rows=1 loops=1)
                     Sort Key: (st_distance(st_transform(s_282.the_geom, 25833), '0101000020E96400000785A07237DD2341CA4FCDFEF60D5741'::geometry))
                     Sort Method: top-N heapsort  Memory: 25kB
                     ->  Seq Scan on phoml_trajectory_tmp s_282  (cost=0.00..165745.68 rows=1 width=84) (actual time=0.023..0.585 rows=488 loops=1)
                           Filter: ((unix_time >= '1685451375.302'::double precision) AND (unix_time <= '1685451435.302'::double precision) AND st_dwithin(st_transform(the_geom, 25833), '0101000020E96400000785A07237DD2341CA4FCDFEF60D5741'::geometry, '300'::double precision))
                           Rows Removed by Filter: 3172
   ->  Subquery Scan on "*SELECT* 284"  (cost=165745.69..165745.70 rows=1 width=76) (actual time=0.660..0.661 rows=1 loops=1)
         ->  Limit  (cost=165745.69..165745.69 rows=1 width=84) (actual time=0.656..0.657 rows=1 loops=1)
               ->  Sort  (cost=165745.69..165745.69 rows=1 width=84) (actual time=0.655..0.655 rows=1 loops=1)
                     Sort Key: (st_distance(st_transform(s_283.the_geom, 25833), '0101000020E9640000ECA3E17A3EDD234139C4A368F60D5741'::geometry))
                     Sort Method: top-N heapsort  Memory: 25kB
                     ->  Seq Scan on phoml_trajectory_tmp s_283  (cost=0.00..165745.68 rows=1 width=84) (actual time=0.021..0.585 rows=488 loops=1)
                           Filter: ((unix_time >= '1685451375.682'::double precision) AND (unix_time <= '1685451435.682'::double precision) AND st_dwithin(st_transform(the_geom, 25833), '0101000020E9640000ECA3E17A3EDD234139C4A368F60D5741'::geometry, '300'::double precision))
                           Rows Removed by Filter: 3172
   ->  Subquery Scan on "*SELECT* 285"  (cost=165745.69..165745.70 rows=1 width=76) (actual time=0.658..0.659 rows=1 loops=1)
         ->  Limit  (cost=165745.69..165745.69 rows=1 width=84) (actual time=0.656..0.657 rows=1 loops=1)
               ->  Sort  (cost=165745.69..165745.69 rows=1 width=84) (actual time=0.654..0.654 rows=1 loops=1)
                     Sort Key: (st_distance(st_transform(s_284.the_geom, 25833), '0101000020E96400008A7DF4AC45DD23412F015FD5F50D5741'::geometry))
                     Sort Method: top-N heapsort  Memory: 25kB
                     ->  Seq Scan on phoml_trajectory_tmp s_284  (cost=0.00..165745.68 rows=1 width=84) (actual time=0.020..0.582 rows=484 loops=1)
                           Filter: ((unix_time >= '1685451376.052'::double precision) AND (unix_time <= '1685451436.052'::double precision) AND st_dwithin(st_transform(the_geom, 25833), '0101000020E96400008A7DF4AC45DD23412F015FD5F50D5741'::geometry, '300'::double precision))
                           Rows Removed by Filter: 3176
   ->  Subquery Scan on "*SELECT* 286"  (cost=165745.69..165745.70 rows=1 width=76) (actual time=0.666..0.667 rows=1 loops=1)
         ->  Limit  (cost=165745.69..165745.69 rows=1 width=84) (actual time=0.663..0.664 rows=1 loops=1)
               ->  Sort  (cost=165745.69..165745.69 rows=1 width=84) (actual time=0.661..0.662 rows=1 loops=1)
                     Sort Key: (st_distance(st_transform(s_285.the_geom, 25833), '0101000020E9640000265DEF3B4DDD23419203DA46F50D5741'::geometry))
                     Sort Method: top-N heapsort  Memory: 25kB
                     ->  Seq Scan on phoml_trajectory_tmp s_285  (cost=0.00..165745.68 rows=1 width=84) (actual time=0.020..0.591 rows=484 loops=1)
                           Filter: ((unix_time >= '1685451376.429'::double precision) AND (unix_time <= '1685451436.429'::double precision) AND st_dwithin(st_transform(the_geom, 25833), '0101000020E9640000265DEF3B4DDD23419203DA46F50D5741'::geometry, '300'::double precision))
                           Rows Removed by Filter: 3176
   ->  Subquery Scan on "*SELECT* 287"  (cost=165745.69..165745.70 rows=1 width=76) (actual time=0.651..0.652 rows=1 loops=1)
         ->  Limit  (cost=165745.69..165745.69 rows=1 width=84) (actual time=0.648..0.649 rows=1 loops=1)
               ->  Sort  (cost=165745.69..165745.69 rows=1 width=84) (actual time=0.646..0.646 rows=1 loops=1)
                     Sort Key: (st_distance(st_transform(s_286.the_geom, 25833), '0101000020E96400004AE5C0BD54DD23418D8AFAAEF40D5741'::geometry))
                     Sort Method: top-N heapsort  Memory: 25kB
                     ->  Seq Scan on phoml_trajectory_tmp s_286  (cost=0.00..165745.68 rows=1 width=84) (actual time=0.020..0.579 rows=484 loops=1)
                           Filter: ((unix_time >= '1685451376.799'::double precision) AND (unix_time <= '1685451436.799'::double precision) AND st_dwithin(st_transform(the_geom, 25833), '0101000020E96400004AE5C0BD54DD23418D8AFAAEF40D5741'::geometry, '300'::double precision))
                           Rows Removed by Filter: 3176
   ->  Subquery Scan on "*SELECT* 288"  (cost=165745.69..165745.70 rows=1 width=76) (actual time=0.645..0.646 rows=1 loops=1)
         ->  Limit  (cost=165745.69..165745.69 rows=1 width=84) (actual time=0.643..0.644 rows=1 loops=1)
               ->  Sort  (cost=165745.69..165745.69 rows=1 width=84) (actual time=0.641..0.642 rows=1 loops=1)
                     Sort Key: (st_distance(st_transform(s_287.the_geom, 25833), '0101000020E9640000CA1482025DDD2341B563AE0BF40D5741'::geometry))
                     Sort Method: top-N heapsort  Memory: 25kB
                     ->  Seq Scan on phoml_trajectory_tmp s_287  (cost=0.00..165745.68 rows=1 width=84) (actual time=0.020..0.572 rows=488 loops=1)
                           Filter: ((unix_time >= '1685451377.181'::double precision) AND (unix_time <= '1685451437.181'::double precision) AND st_dwithin(st_transform(the_geom, 25833), '0101000020E9640000CA1482025DDD2341B563AE0BF40D5741'::geometry, '300'::double precision))
                           Rows Removed by Filter: 3172
   ->  Subquery Scan on "*SELECT* 289"  (cost=165745.69..165745.70 rows=1 width=76) (actual time=0.650..0.651 rows=1 loops=1)
         ->  Limit  (cost=165745.69..165745.69 rows=1 width=84) (actual time=0.647..0.648 rows=1 loops=1)
               ->  Sort  (cost=165745.69..165745.69 rows=1 width=84) (actual time=0.646..0.646 rows=1 loops=1)
                     Sort Key: (st_distance(st_transform(s_288.the_geom, 25833), '0101000020E964000086BC68AB64DD23417BC1236EF30D5741'::geometry))
                     Sort Method: top-N heapsort  Memory: 25kB
                     ->  Seq Scan on phoml_trajectory_tmp s_288  (cost=0.00..165745.68 rows=1 width=84) (actual time=0.020..0.577 rows=484 loops=1)
                           Filter: ((unix_time >= '1685451377.531'::double precision) AND (unix_time <= '1685451437.531'::double precision) AND st_dwithin(st_transform(the_geom, 25833), '0101000020E964000086BC68AB64DD23417BC1236EF30D5741'::geometry, '300'::double precision))
                           Rows Removed by Filter: 3176
   ->  Subquery Scan on "*SELECT* 290"  (cost=165745.69..165745.70 rows=1 width=76) (actual time=0.658..0.659 rows=1 loops=1)
         ->  Limit  (cost=165745.69..165745.69 rows=1 width=84) (actual time=0.655..0.656 rows=1 loops=1)
               ->  Sort  (cost=165745.69..165745.69 rows=1 width=84) (actual time=0.653..0.654 rows=1 loops=1)
                     Sort Key: (st_distance(st_transform(s_289.the_geom, 25833), '0101000020E964000028E17CF96CDD2341259F73BBF20D5741'::geometry))
                     Sort Method: top-N heapsort  Memory: 25kB
                     ->  Seq Scan on phoml_trajectory_tmp s_289  (cost=0.00..165745.68 rows=1 width=84) (actual time=0.019..0.582 rows=484 loops=1)
                           Filter: ((unix_time >= '1685451377.901'::double precision) AND (unix_time <= '1685451437.901'::double precision) AND st_dwithin(st_transform(the_geom, 25833), '0101000020E964000028E17CF96CDD2341259F73BBF20D5741'::geometry, '300'::double precision))
                           Rows Removed by Filter: 3176
   ->  Subquery Scan on "*SELECT* 291"  (cost=165745.69..165745.70 rows=1 width=76) (actual time=0.639..0.640 rows=1 loops=1)
         ->  Limit  (cost=165745.69..165745.69 rows=1 width=84) (actual time=0.638..0.638 rows=1 loops=1)
               ->  Sort  (cost=165745.69..165745.69 rows=1 width=84) (actual time=0.636..0.637 rows=1 loops=1)
                     Sort Key: (st_distance(st_transform(s_290.the_geom, 25833), '0101000020E96400001AFB0A4975DD23410611A00DF20D5741'::geometry))
                     Sort Method: top-N heapsort  Memory: 25kB
                     ->  Seq Scan on phoml_trajectory_tmp s_290  (cost=0.00..165745.68 rows=1 width=84) (actual time=0.020..0.569 rows=484 loops=1)
                           Filter: ((unix_time >= '1685451378.265'::double precision) AND (unix_time <= '1685451438.265'::double precision) AND st_dwithin(st_transform(the_geom, 25833), '0101000020E96400001AFB0A4975DD23410611A00DF20D5741'::geometry, '300'::double precision))
                           Rows Removed by Filter: 3176
   ->  Subquery Scan on "*SELECT* 292"  (cost=165745.69..165745.70 rows=1 width=76) (actual time=0.659..0.660 rows=1 loops=1)
         ->  Limit  (cost=165745.69..165745.69 rows=1 width=84) (actual time=0.656..0.657 rows=1 loops=1)
               ->  Sort  (cost=165745.69..165745.69 rows=1 width=84) (actual time=0.653..0.654 rows=1 loops=1)
                     Sort Key: (st_distance(st_transform(s_291.the_geom, 25833), '0101000020E96400005669689C7DDD2341858E205FF10D5741'::geometry))
                     Sort Method: top-N heapsort  Memory: 25kB
                     ->  Seq Scan on phoml_trajectory_tmp s_291  (cost=0.00..165745.68 rows=1 width=84) (actual time=0.021..0.583 rows=484 loops=1)
                           Filter: ((unix_time >= '1685451378.635'::double precision) AND (unix_time <= '1685451438.635'::double precision) AND st_dwithin(st_transform(the_geom, 25833), '0101000020E96400005669689C7DDD2341858E205FF10D5741'::geometry, '300'::double precision))
                           Rows Removed by Filter: 3176
   ->  Subquery Scan on "*SELECT* 293"  (cost=165745.69..165745.70 rows=1 width=76) (actual time=0.665..0.666 rows=1 loops=1)
         ->  Limit  (cost=165745.69..165745.69 rows=1 width=84) (actual time=0.662..0.663 rows=1 loops=1)
               ->  Sort  (cost=165745.69..165745.69 rows=1 width=84) (actual time=0.660..0.660 rows=1 loops=1)
                     Sort Key: (st_distance(st_transform(s_292.the_geom, 25833), '0101000020E96400000DABBBCD85DD2341AF0451B0F00D5741'::geometry))
                     Sort Method: top-N heapsort  Memory: 25kB
                     ->  Seq Scan on phoml_trajectory_tmp s_292  (cost=0.00..165745.68 rows=1 width=84) (actual time=0.023..0.593 rows=484 loops=1)
                           Filter: ((unix_time >= '1685451378.995'::double precision) AND (unix_time <= '1685451438.995'::double precision) AND st_dwithin(st_transform(the_geom, 25833), '0101000020E96400000DABBBCD85DD2341AF0451B0F00D5741'::geometry, '300'::double precision))
                           Rows Removed by Filter: 3176
   ->  Subquery Scan on "*SELECT* 294"  (cost=165745.69..165745.70 rows=1 width=76) (actual time=0.656..0.657 rows=1 loops=1)
         ->  Limit  (cost=165745.69..165745.69 rows=1 width=84) (actual time=0.654..0.654 rows=1 loops=1)
               ->  Sort  (cost=165745.69..165745.69 rows=1 width=84) (actual time=0.652..0.652 rows=1 loops=1)
                     Sort Key: (st_distance(st_transform(s_293.the_geom, 25833), '0101000020E9640000D9E94D4E8EDD2341C84ACDF6EF0D5741'::geometry))
                     Sort Method: top-N heapsort  Memory: 25kB
                     ->  Seq Scan on phoml_trajectory_tmp s_293  (cost=0.00..165745.68 rows=1 width=84) (actual time=0.021..0.582 rows=484 loops=1)
                           Filter: ((unix_time >= '1685451379.372'::double precision) AND (unix_time <= '1685451439.372'::double precision) AND st_dwithin(st_transform(the_geom, 25833), '0101000020E9640000D9E94D4E8EDD2341C84ACDF6EF0D5741'::geometry, '300'::double precision))
                           Rows Removed by Filter: 3176
   ->  Subquery Scan on "*SELECT* 295"  (cost=165745.69..165745.70 rows=1 width=76) (actual time=0.658..0.659 rows=1 loops=1)
         ->  Limit  (cost=165745.69..165745.69 rows=1 width=84) (actual time=0.655..0.656 rows=1 loops=1)
               ->  Sort  (cost=165745.69..165745.69 rows=1 width=84) (actual time=0.654..0.654 rows=1 loops=1)
                     Sort Key: (st_distance(st_transform(s_294.the_geom, 25833), '0101000020E9640000EA779CC496DD2341A743AD3DEF0D5741'::geometry))
                     Sort Method: top-N heapsort  Memory: 25kB
                     ->  Seq Scan on phoml_trajectory_tmp s_294  (cost=0.00..165745.68 rows=1 width=84) (actual time=0.020..0.587 rows=484 loops=1)
                           Filter: ((unix_time >= '1685451379.742'::double precision) AND (unix_time <= '1685451439.742'::double precision) AND st_dwithin(st_transform(the_geom, 25833), '0101000020E9640000EA779CC496DD2341A743AD3DEF0D5741'::geometry, '300'::double precision))
                           Rows Removed by Filter: 3176
   ->  Subquery Scan on "*SELECT* 296"  (cost=165745.69..165745.70 rows=1 width=76) (actual time=0.657..0.658 rows=1 loops=1)
         ->  Limit  (cost=165745.69..165745.69 rows=1 width=84) (actual time=0.654..0.655 rows=1 loops=1)
               ->  Sort  (cost=165745.69..165745.69 rows=1 width=84) (actual time=0.652..0.653 rows=1 loops=1)
                     Sort Key: (st_distance(st_transform(s_295.the_geom, 25833), '0101000020E964000075E80C5D9FDD23415197AB73EE0D5741'::geometry))
                     Sort Method: top-N heapsort  Memory: 25kB
                     ->  Seq Scan on phoml_trajectory_tmp s_295  (cost=0.00..165745.68 rows=1 width=84) (actual time=0.023..0.584 rows=484 loops=1)
                           Filter: ((unix_time >= '1685451380.122'::double precision) AND (unix_time <= '1685451440.122'::double precision) AND st_dwithin(st_transform(the_geom, 25833), '0101000020E964000075E80C5D9FDD23415197AB73EE0D5741'::geometry, '300'::double precision))
                           Rows Removed by Filter: 3176
   ->  Subquery Scan on "*SELECT* 297"  (cost=165745.69..165745.70 rows=1 width=76) (actual time=0.648..0.649 rows=1 loops=1)
         ->  Limit  (cost=165745.69..165745.69 rows=1 width=84) (actual time=0.646..0.647 rows=1 loops=1)
               ->  Sort  (cost=165745.69..165745.69 rows=1 width=84) (actual time=0.645..0.645 rows=1 loops=1)
                     Sort Key: (st_distance(st_transform(s_296.the_geom, 25833), '0101000020E964000048433B91A7DD23417B7D79A8ED0D5741'::geometry))
                     Sort Method: top-N heapsort  Memory: 25kB
                     ->  Seq Scan on phoml_trajectory_tmp s_296  (cost=0.00..165745.68 rows=1 width=84) (actual time=0.020..0.576 rows=480 loops=1)
                           Filter: ((unix_time >= '1685451380.491'::double precision) AND (unix_time <= '1685451440.491'::double precision) AND st_dwithin(st_transform(the_geom, 25833), '0101000020E964000048433B91A7DD23417B7D79A8ED0D5741'::geometry, '300'::double precision))
                           Rows Removed by Filter: 3180
   ->  Subquery Scan on "*SELECT* 298"  (cost=165745.69..165745.70 rows=1 width=76) (actual time=0.653..0.654 rows=1 loops=1)
         ->  Limit  (cost=165745.69..165745.69 rows=1 width=84) (actual time=0.650..0.651 rows=1 loops=1)
               ->  Sort  (cost=165745.69..165745.69 rows=1 width=84) (actual time=0.649..0.649 rows=1 loops=1)
                     Sort Key: (st_distance(st_transform(s_297.the_geom, 25833), '0101000020E96400003DA51612B0DD2341FE0C29D9EC0D5741'::geometry))
                     Sort Method: top-N heapsort  Memory: 25kB
                     ->  Seq Scan on phoml_trajectory_tmp s_297  (cost=0.00..165745.68 rows=1 width=84) (actual time=0.021..0.581 rows=480 loops=1)
                           Filter: ((unix_time >= '1685451380.871'::double precision) AND (unix_time <= '1685451440.871'::double precision) AND st_dwithin(st_transform(the_geom, 25833), '0101000020E96400003DA51612B0DD2341FE0C29D9EC0D5741'::geometry, '300'::double precision))
                           Rows Removed by Filter: 3180
   ->  Subquery Scan on "*SELECT* 299"  (cost=165745.69..165745.70 rows=1 width=76) (actual time=0.657..0.658 rows=1 loops=1)
         ->  Limit  (cost=165745.69..165745.69 rows=1 width=84) (actual time=0.654..0.655 rows=1 loops=1)
               ->  Sort  (cost=165745.69..165745.69 rows=1 width=84) (actual time=0.652..0.653 rows=1 loops=1)
                     Sort Key: (st_distance(st_transform(s_298.the_geom, 25833), '0101000020E964000069C74F60B8DD2341C32A3FF7EB0D5741'::geometry))
                     Sort Method: top-N heapsort  Memory: 25kB
                     ->  Seq Scan on phoml_trajectory_tmp s_298  (cost=0.00..165745.68 rows=1 width=84) (actual time=0.021..0.584 rows=480 loops=1)
                           Filter: ((unix_time >= '1685451381.235'::double precision) AND (unix_time <= '1685451441.235'::double precision) AND st_dwithin(st_transform(the_geom, 25833), '0101000020E964000069C74F60B8DD2341C32A3FF7EB0D5741'::geometry, '300'::double precision))
                           Rows Removed by Filter: 3180
   ->  Subquery Scan on "*SELECT* 300"  (cost=165745.69..165745.70 rows=1 width=76) (actual time=0.639..0.640 rows=1 loops=1)
         ->  Limit  (cost=165745.69..165745.69 rows=1 width=84) (actual time=0.637..0.638 rows=1 loops=1)
               ->  Sort  (cost=165745.69..165745.69 rows=1 width=84) (actual time=0.636..0.636 rows=1 loops=1)
                     Sort Key: (st_distance(st_transform(s_299.the_geom, 25833), '0101000020E9640000D5C2CC38C1DD23417EC601F0EA0D5741'::geometry))
                     Sort Method: top-N heapsort  Memory: 25kB
                     ->  Seq Scan on phoml_trajectory_tmp s_299  (cost=0.00..165745.68 rows=1 width=84) (actual time=0.022..0.566 rows=476 loops=1)
                           Filter: ((unix_time >= '1685451381.625'::double precision) AND (unix_time <= '1685451441.625'::double precision) AND st_dwithin(st_transform(the_geom, 25833), '0101000020E9640000D5C2CC38C1DD23417EC601F0EA0D5741'::geometry, '300'::double precision))
                           Rows Removed by Filter: 3184
   ->  Subquery Scan on "*SELECT* 301"  (cost=165745.69..165745.70 rows=1 width=76) (actual time=0.693..0.695 rows=1 loops=1)
         ->  Limit  (cost=165745.69..165745.69 rows=1 width=84) (actual time=0.690..0.691 rows=1 loops=1)
               ->  Sort  (cost=165745.69..165745.69 rows=1 width=84) (actual time=0.688..0.689 rows=1 loops=1)
                     Sort Key: (st_distance(st_transform(s_300.the_geom, 25833), '0101000020E9640000E351A58BC9DD23412C73CEDBE90D5741'::geometry))
                     Sort Method: top-N heapsort  Memory: 25kB
                     ->  Seq Scan on phoml_trajectory_tmp s_300  (cost=0.00..165745.68 rows=1 width=84) (actual time=0.021..0.615 rows=480 loops=1)
                           Filter: ((unix_time >= '1685451381.995'::double precision) AND (unix_time <= '1685451441.995'::double precision) AND st_dwithin(st_transform(the_geom, 25833), '0101000020E9640000E351A58BC9DD23412C73CEDBE90D5741'::geometry, '300'::double precision))
                           Rows Removed by Filter: 3180
   ->  Subquery Scan on "*SELECT* 302"  (cost=165745.69..165745.70 rows=1 width=76) (actual time=0.706..0.707 rows=1 loops=1)
         ->  Limit  (cost=165745.69..165745.69 rows=1 width=84) (actual time=0.702..0.703 rows=1 loops=1)
               ->  Sort  (cost=165745.69..165745.69 rows=1 width=84) (actual time=0.701..0.701 rows=1 loops=1)
                     Sort Key: (st_distance(st_transform(s_301.the_geom, 25833), '0101000020E964000057FCBA07D2DD234126E0CD91E80D5741'::geometry))
                     Sort Method: top-N heapsort  Memory: 25kB
                     ->  Seq Scan on phoml_trajectory_tmp s_301  (cost=0.00..165745.68 rows=1 width=84) (actual time=0.033..0.630 rows=480 loops=1)
                           Filter: ((unix_time >= '1685451382.383'::double precision) AND (unix_time <= '1685451442.383'::double precision) AND st_dwithin(st_transform(the_geom, 25833), '0101000020E964000057FCBA07D2DD234126E0CD91E80D5741'::geometry, '300'::double precision))
                           Rows Removed by Filter: 3180
   ->  Subquery Scan on "*SELECT* 303"  (cost=165745.69..165745.70 rows=1 width=76) (actual time=0.642..0.643 rows=1 loops=1)
         ->  Limit  (cost=165745.69..165745.69 rows=1 width=84) (actual time=0.639..0.641 rows=1 loops=1)
               ->  Sort  (cost=165745.69..165745.69 rows=1 width=84) (actual time=0.638..0.638 rows=1 loops=1)
                     Sort Key: (st_distance(st_transform(s_302.the_geom, 25833), '0101000020E9640000D5A4AEDED9DD23415A131233E70D5741'::geometry))
                     Sort Method: top-N heapsort  Memory: 25kB
                     ->  Seq Scan on phoml_trajectory_tmp s_302  (cost=0.00..165745.68 rows=1 width=84) (actual time=0.023..0.567 rows=476 loops=1)
                           Filter: ((unix_time >= '1685451382.763'::double precision) AND (unix_time <= '1685451442.763'::double precision) AND st_dwithin(st_transform(the_geom, 25833), '0101000020E9640000D5A4AEDED9DD23415A131233E70D5741'::geometry, '300'::double precision))
                           Rows Removed by Filter: 3184
   ->  Subquery Scan on "*SELECT* 304"  (cost=165745.69..165745.70 rows=1 width=76) (actual time=0.657..0.659 rows=1 loops=1)
         ->  Limit  (cost=165745.69..165745.69 rows=1 width=84) (actual time=0.655..0.656 rows=1 loops=1)
               ->  Sort  (cost=165745.69..165745.69 rows=1 width=84) (actual time=0.653..0.654 rows=1 loops=1)
                     Sort Key: (st_distance(st_transform(s_303.the_geom, 25833), '0101000020E9640000E26B42ECE0DD234150BA6BACE50D5741'::geometry))
                     Sort Method: top-N heapsort  Memory: 25kB
                     ->  Seq Scan on phoml_trajectory_tmp s_303  (cost=0.00..165745.68 rows=1 width=84) (actual time=0.026..0.586 rows=476 loops=1)
                           Filter: ((unix_time >= '1685451383.154'::double precision) AND (unix_time <= '1685451443.154'::double precision) AND st_dwithin(st_transform(the_geom, 25833), '0101000020E9640000E26B42ECE0DD234150BA6BACE50D5741'::geometry, '300'::double precision))
                           Rows Removed by Filter: 3184
   ->  Subquery Scan on "*SELECT* 305"  (cost=165745.69..165745.70 rows=1 width=76) (actual time=0.662..0.663 rows=1 loops=1)
         ->  Limit  (cost=165745.69..165745.69 rows=1 width=84) (actual time=0.659..0.660 rows=1 loops=1)
               ->  Sort  (cost=165745.69..165745.69 rows=1 width=84) (actual time=0.657..0.657 rows=1 loops=1)
                     Sort Key: (st_distance(st_transform(s_304.the_geom, 25833), '0101000020E96400009017FE1BE7DD23411B9F4B29E40D5741'::geometry))
                     Sort Method: top-N heapsort  Memory: 25kB
                     ->  Seq Scan on phoml_trajectory_tmp s_304  (cost=0.00..165745.68 rows=1 width=84) (actual time=0.023..0.582 rows=480 loops=1)
                           Filter: ((unix_time >= '1685451383.524'::double precision) AND (unix_time <= '1685451443.524'::double precision) AND st_dwithin(st_transform(the_geom, 25833), '0101000020E96400009017FE1BE7DD23411B9F4B29E40D5741'::geometry, '300'::double precision))
                           Rows Removed by Filter: 3180
   ->  Subquery Scan on "*SELECT* 306"  (cost=165745.69..165745.70 rows=1 width=76) (actual time=0.644..0.646 rows=1 loops=1)
         ->  Limit  (cost=165745.69..165745.69 rows=1 width=84) (actual time=0.643..0.643 rows=1 loops=1)
               ->  Sort  (cost=165745.69..165745.69 rows=1 width=84) (actual time=0.641..0.641 rows=1 loops=1)
                     Sort Key: (st_distance(st_transform(s_305.the_geom, 25833), '0101000020E964000044B113AFECDD234126CA6AA5E20D5741'::geometry))
                     Sort Method: top-N heapsort  Memory: 25kB
                     ->  Seq Scan on phoml_trajectory_tmp s_305  (cost=0.00..165745.68 rows=1 width=84) (actual time=0.023..0.575 rows=476 loops=1)
                           Filter: ((unix_time >= '1685451383.914'::double precision) AND (unix_time <= '1685451443.914'::double precision) AND st_dwithin(st_transform(the_geom, 25833), '0101000020E964000044B113AFECDD234126CA6AA5E20D5741'::geometry, '300'::double precision))
                           Rows Removed by Filter: 3184
   ->  Subquery Scan on "*SELECT* 307"  (cost=165745.69..165745.70 rows=1 width=76) (actual time=0.657..0.658 rows=1 loops=1)
         ->  Limit  (cost=165745.69..165745.69 rows=1 width=84) (actual time=0.654..0.655 rows=1 loops=1)
               ->  Sort  (cost=165745.69..165745.69 rows=1 width=84) (actual time=0.652..0.653 rows=1 loops=1)
                     Sort Key: (st_distance(st_transform(s_306.the_geom, 25833), '0101000020E96400001D9B9575F1DD23412141F63DE10D5741'::geometry))
                     Sort Method: top-N heapsort  Memory: 25kB
                     ->  Seq Scan on phoml_trajectory_tmp s_306  (cost=0.00..165745.68 rows=1 width=84) (actual time=0.024..0.586 rows=476 loops=1)
                           Filter: ((unix_time >= '1685451384.289'::double precision) AND (unix_time <= '1685451444.289'::double precision) AND st_dwithin(st_transform(the_geom, 25833), '0101000020E96400001D9B9575F1DD23412141F63DE10D5741'::geometry, '300'::double precision))
                           Rows Removed by Filter: 3184
   ->  Subquery Scan on "*SELECT* 308"  (cost=165745.69..165745.70 rows=1 width=76) (actual time=0.659..0.673 rows=1 loops=1)
         ->  Limit  (cost=165745.69..165745.69 rows=1 width=84) (actual time=0.656..0.656 rows=1 loops=1)
               ->  Sort  (cost=165745.69..165745.69 rows=1 width=84) (actual time=0.654..0.654 rows=1 loops=1)
                     Sort Key: (st_distance(st_transform(s_307.the_geom, 25833), '0101000020E9640000DE2D7310F6DD23419BA18BD8DF0D5741'::geometry))
                     Sort Method: top-N heapsort  Memory: 25kB
                     ->  Seq Scan on phoml_trajectory_tmp s_307  (cost=0.00..165745.68 rows=1 width=84) (actual time=0.025..0.584 rows=480 loops=1)
                           Filter: ((unix_time >= '1685451384.679'::double precision) AND (unix_time <= '1685451444.679'::double precision) AND st_dwithin(st_transform(the_geom, 25833), '0101000020E9640000DE2D7310F6DD23419BA18BD8DF0D5741'::geometry, '300'::double precision))
                           Rows Removed by Filter: 3180
   ->  Subquery Scan on "*SELECT* 309"  (cost=165745.69..165745.70 rows=1 width=76) (actual time=0.649..0.651 rows=1 loops=1)
         ->  Limit  (cost=165745.69..165745.69 rows=1 width=84) (actual time=0.648..0.648 rows=1 loops=1)
               ->  Sort  (cost=165745.69..165745.69 rows=1 width=84) (actual time=0.646..0.646 rows=1 loops=1)
                     Sort Key: (st_distance(st_transform(s_308.the_geom, 25833), '0101000020E964000096E5282EFADD2341AA8A7594DE0D5741'::geometry))
                     Sort Method: top-N heapsort  Memory: 25kB
                     ->  Seq Scan on phoml_trajectory_tmp s_308  (cost=0.00..165745.68 rows=1 width=84) (actual time=0.022..0.576 rows=480 loops=1)
                           Filter: ((unix_time >= '1685451385.049'::double precision) AND (unix_time <= '1685451445.049'::double precision) AND st_dwithin(st_transform(the_geom, 25833), '0101000020E964000096E5282EFADD2341AA8A7594DE0D5741'::geometry, '300'::double precision))
                           Rows Removed by Filter: 3180
   ->  Subquery Scan on "*SELECT* 310"  (cost=165745.69..165745.70 rows=1 width=76) (actual time=0.654..0.655 rows=1 loops=1)
         ->  Limit  (cost=165745.69..165745.69 rows=1 width=84) (actual time=0.650..0.651 rows=1 loops=1)
               ->  Sort  (cost=165745.69..165745.69 rows=1 width=84) (actual time=0.649..0.649 rows=1 loops=1)
                     Sort Key: (st_distance(st_transform(s_309.the_geom, 25833), '0101000020E964000082CA7E66FEDD2341BC50AE53DD0D5741'::geometry))
                     Sort Method: top-N heapsort  Memory: 25kB
                     ->  Seq Scan on phoml_trajectory_tmp s_309  (cost=0.00..165745.68 rows=1 width=84) (actual time=0.022..0.575 rows=480 loops=1)
                           Filter: ((unix_time >= '1685451385.442'::double precision) AND (unix_time <= '1685451445.442'::double precision) AND st_dwithin(st_transform(the_geom, 25833), '0101000020E964000082CA7E66FEDD2341BC50AE53DD0D5741'::geometry, '300'::double precision))
                           Rows Removed by Filter: 3180
   ->  Subquery Scan on "*SELECT* 311"  (cost=165745.69..165745.70 rows=1 width=76) (actual time=0.657..0.659 rows=1 loops=1)
         ->  Limit  (cost=165745.69..165745.69 rows=1 width=84) (actual time=0.654..0.655 rows=1 loops=1)
               ->  Sort  (cost=165745.69..165745.69 rows=1 width=84) (actual time=0.652..0.653 rows=1 loops=1)
                     Sort Key: (st_distance(st_transform(s_310.the_geom, 25833), '0101000020E9640000ACC0D8B402DE234181673D29DC0D5741'::geometry))
                     Sort Method: top-N heapsort  Memory: 25kB
                     ->  Seq Scan on phoml_trajectory_tmp s_310  (cost=0.00..165745.68 rows=1 width=84) (actual time=0.022..0.584 rows=480 loops=1)
                           Filter: ((unix_time >= '1685451385.832'::double precision) AND (unix_time <= '1685451445.832'::double precision) AND st_dwithin(st_transform(the_geom, 25833), '0101000020E9640000ACC0D8B402DE234181673D29DC0D5741'::geometry, '300'::double precision))
                           Rows Removed by Filter: 3180
   ->  Subquery Scan on "*SELECT* 312"  (cost=165745.69..165745.70 rows=1 width=76) (actual time=0.666..0.667 rows=1 loops=1)
         ->  Limit  (cost=165745.69..165745.69 rows=1 width=84) (actual time=0.664..0.665 rows=1 loops=1)
               ->  Sort  (cost=165745.69..165745.69 rows=1 width=84) (actual time=0.662..0.663 rows=1 loops=1)
                     Sort Key: (st_distance(st_transform(s_311.the_geom, 25833), '0101000020E9640000E937E9E806DE2341DC434612DB0D5741'::geometry))
                     Sort Method: top-N heapsort  Memory: 25kB
                     ->  Seq Scan on phoml_trajectory_tmp s_311  (cost=0.00..165745.68 rows=1 width=84) (actual time=0.026..0.590 rows=480 loops=1)
                           Filter: ((unix_time >= '1685451386.206'::double precision) AND (unix_time <= '1685451446.206'::double precision) AND st_dwithin(st_transform(the_geom, 25833), '0101000020E9640000E937E9E806DE2341DC434612DB0D5741'::geometry, '300'::double precision))
                           Rows Removed by Filter: 3180
   ->  Subquery Scan on "*SELECT* 313"  (cost=165745.69..165745.70 rows=1 width=76) (actual time=0.653..0.655 rows=1 loops=1)
         ->  Limit  (cost=165745.69..165745.69 rows=1 width=84) (actual time=0.650..0.651 rows=1 loops=1)
               ->  Sort  (cost=165745.69..165745.69 rows=1 width=84) (actual time=0.648..0.649 rows=1 loops=1)
                     Sort Key: (st_distance(st_transform(s_312.the_geom, 25833), '0101000020E96400005DD8CB160BDE23413AF957EED90D5741'::geometry))
                     Sort Method: top-N heapsort  Memory: 25kB
                     ->  Seq Scan on phoml_trajectory_tmp s_312  (cost=0.00..165745.68 rows=1 width=84) (actual time=0.033..0.577 rows=480 loops=1)
                           Filter: ((unix_time >= '1685451386.576'::double precision) AND (unix_time <= '1685451446.576'::double precision) AND st_dwithin(st_transform(the_geom, 25833), '0101000020E96400005DD8CB160BDE23413AF957EED90D5741'::geometry, '300'::double precision))
                           Rows Removed by Filter: 3180
   ->  Subquery Scan on "*SELECT* 314"  (cost=165745.69..165745.70 rows=1 width=76) (actual time=0.655..0.657 rows=1 loops=1)
         ->  Limit  (cost=165745.69..165745.69 rows=1 width=84) (actual time=0.652..0.654 rows=1 loops=1)
               ->  Sort  (cost=165745.69..165745.69 rows=1 width=84) (actual time=0.651..0.651 rows=1 loops=1)
                     Sort Key: (st_distance(st_transform(s_313.the_geom, 25833), '0101000020E9640000BE697A3F0FDE2341DD9016D2D80D5741'::geometry))
                     Sort Method: top-N heapsort  Memory: 25kB
                     ->  Seq Scan on phoml_trajectory_tmp s_313  (cost=0.00..165745.68 rows=1 width=84) (actual time=0.023..0.584 rows=480 loops=1)
                           Filter: ((unix_time >= '1685451386.946'::double precision) AND (unix_time <= '1685451446.946'::double precision) AND st_dwithin(st_transform(the_geom, 25833), '0101000020E9640000BE697A3F0FDE2341DD9016D2D80D5741'::geometry, '300'::double precision))
                           Rows Removed by Filter: 3180
   ->  Subquery Scan on "*SELECT* 315"  (cost=165745.69..165745.70 rows=1 width=76) (actual time=0.648..0.650 rows=1 loops=1)
         ->  Limit  (cost=165745.69..165745.69 rows=1 width=84) (actual time=0.647..0.648 rows=1 loops=1)
               ->  Sort  (cost=165745.69..165745.69 rows=1 width=84) (actual time=0.645..0.646 rows=1 loops=1)
                     Sort Key: (st_distance(st_transform(s_314.the_geom, 25833), '0101000020E96400000171079413DE234173021DA2D70D5741'::geometry))
                     Sort Method: top-N heapsort  Memory: 25kB
                     ->  Seq Scan on phoml_trajectory_tmp s_314  (cost=0.00..165745.68 rows=1 width=84) (actual time=0.023..0.578 rows=480 loops=1)
                           Filter: ((unix_time >= '1685451387.334'::double precision) AND (unix_time <= '1685451447.334'::double precision) AND st_dwithin(st_transform(the_geom, 25833), '0101000020E96400000171079413DE234173021DA2D70D5741'::geometry, '300'::double precision))
                           Rows Removed by Filter: 3180
   ->  Subquery Scan on "*SELECT* 316"  (cost=165745.69..165745.70 rows=1 width=76) (actual time=0.669..0.670 rows=1 loops=1)
         ->  Limit  (cost=165745.69..165745.69 rows=1 width=84) (actual time=0.667..0.668 rows=1 loops=1)
               ->  Sort  (cost=165745.69..165745.69 rows=1 width=84) (actual time=0.665..0.666 rows=1 loops=1)
                     Sort Key: (st_distance(st_transform(s_315.the_geom, 25833), '0101000020E9640000C933B1BF17DE2341869A9A76D60D5741'::geometry))
                     Sort Method: top-N heapsort  Memory: 25kB
                     ->  Seq Scan on phoml_trajectory_tmp s_315  (cost=0.00..165745.68 rows=1 width=84) (actual time=0.042..0.595 rows=480 loops=1)
                           Filter: ((unix_time >= '1685451387.703'::double precision) AND (unix_time <= '1685451447.703'::double precision) AND st_dwithin(st_transform(the_geom, 25833), '0101000020E9640000C933B1BF17DE2341869A9A76D60D5741'::geometry, '300'::double precision))
                           Rows Removed by Filter: 3180
   ->  Subquery Scan on "*SELECT* 317"  (cost=165745.69..165745.70 rows=1 width=76) (actual time=0.670..0.671 rows=1 loops=1)
         ->  Limit  (cost=165745.69..165745.69 rows=1 width=84) (actual time=0.667..0.667 rows=1 loops=1)
               ->  Sort  (cost=165745.69..165745.69 rows=1 width=84) (actual time=0.665..0.665 rows=1 loops=1)
                     Sort Key: (st_distance(st_transform(s_316.the_geom, 25833), '0101000020E964000023643FE91BDE23410DBDA756D50D5741'::geometry))
                     Sort Method: top-N heapsort  Memory: 25kB
                     ->  Seq Scan on phoml_trajectory_tmp s_316  (cost=0.00..165745.68 rows=1 width=84) (actual time=0.024..0.597 rows=480 loops=1)
                           Filter: ((unix_time >= '1685451388.073'::double precision) AND (unix_time <= '1685451448.073'::double precision) AND st_dwithin(st_transform(the_geom, 25833), '0101000020E964000023643FE91BDE23410DBDA756D50D5741'::geometry, '300'::double precision))
                           Rows Removed by Filter: 3180
   ->  Subquery Scan on "*SELECT* 318"  (cost=165745.69..165745.70 rows=1 width=76) (actual time=0.665..0.676 rows=1 loops=1)
         ->  Limit  (cost=165745.69..165745.69 rows=1 width=84) (actual time=0.661..0.672 rows=1 loops=1)
               ->  Sort  (cost=165745.69..165745.69 rows=1 width=84) (actual time=0.659..0.660 rows=1 loops=1)
                     Sort Key: (st_distance(st_transform(s_317.the_geom, 25833), '0101000020E9640000E2D6261B20DE2341CE0AC73AD40D5741'::geometry))
                     Sort Method: top-N heapsort  Memory: 25kB
                     ->  Seq Scan on phoml_trajectory_tmp s_317  (cost=0.00..165745.68 rows=1 width=84) (actual time=0.023..0.591 rows=480 loops=1)
                           Filter: ((unix_time >= '1685451388.428'::double precision) AND (unix_time <= '1685451448.428'::double precision) AND st_dwithin(st_transform(the_geom, 25833), '0101000020E9640000E2D6261B20DE2341CE0AC73AD40D5741'::geometry, '300'::double precision))
                           Rows Removed by Filter: 3180
   ->  Subquery Scan on "*SELECT* 319"  (cost=165745.69..165745.70 rows=1 width=76) (actual time=0.685..0.686 rows=1 loops=1)
         ->  Limit  (cost=165745.69..165745.69 rows=1 width=84) (actual time=0.683..0.684 rows=1 loops=1)
               ->  Sort  (cost=165745.69..165745.69 rows=1 width=84) (actual time=0.681..0.682 rows=1 loops=1)
                     Sort Key: (st_distance(st_transform(s_318.the_geom, 25833), '0101000020E9640000B269842F24DE234114B96225D30D5741'::geometry))
                     Sort Method: top-N heapsort  Memory: 25kB
                     ->  Seq Scan on phoml_trajectory_tmp s_318  (cost=0.00..165745.68 rows=1 width=84) (actual time=0.049..0.611 rows=480 loops=1)
                           Filter: ((unix_time >= '1685451388.778'::double precision) AND (unix_time <= '1685451448.778'::double precision) AND st_dwithin(st_transform(the_geom, 25833), '0101000020E9640000B269842F24DE234114B96225D30D5741'::geometry, '300'::double precision))
                           Rows Removed by Filter: 3180
   ->  Subquery Scan on "*SELECT* 320"  (cost=165745.69..165745.70 rows=1 width=76) (actual time=0.664..0.665 rows=1 loops=1)
         ->  Limit  (cost=165745.69..165745.69 rows=1 width=84) (actual time=0.661..0.662 rows=1 loops=1)
               ->  Sort  (cost=165745.69..165745.69 rows=1 width=84) (actual time=0.659..0.660 rows=1 loops=1)
                     Sort Key: (st_distance(st_transform(s_319.the_geom, 25833), '0101000020E96400008289709228DE23415FF92FFBD10D5741'::geometry))
                     Sort Method: top-N heapsort  Memory: 25kB
                     ->  Seq Scan on phoml_trajectory_tmp s_319  (cost=0.00..165745.68 rows=1 width=84) (actual time=0.024..0.591 rows=480 loops=1)
                           Filter: ((unix_time >= '1685451389.157'::double precision) AND (unix_time <= '1685451449.157'::double precision) AND st_dwithin(st_transform(the_geom, 25833), '0101000020E96400008289709228DE23415FF92FFBD10D5741'::geometry, '300'::double precision))
                           Rows Removed by Filter: 3180
   ->  Subquery Scan on "*SELECT* 321"  (cost=165745.69..165745.70 rows=1 width=76) (actual time=0.662..0.663 rows=1 loops=1)
         ->  Limit  (cost=165745.69..165745.69 rows=1 width=84) (actual time=0.659..0.659 rows=1 loops=1)
               ->  Sort  (cost=165745.69..165745.69 rows=1 width=84) (actual time=0.657..0.657 rows=1 loops=1)
                     Sort Key: (st_distance(st_transform(s_320.the_geom, 25833), '0101000020E9640000ABEB91EB2CDE2341E006AFD4D00D5741'::geometry))
                     Sort Method: top-N heapsort  Memory: 25kB
                     ->  Seq Scan on phoml_trajectory_tmp s_320  (cost=0.00..165745.68 rows=1 width=84) (actual time=0.024..0.587 rows=480 loops=1)
                           Filter: ((unix_time >= '1685451389.497'::double precision) AND (unix_time <= '1685451449.497'::double precision) AND st_dwithin(st_transform(the_geom, 25833), '0101000020E9640000ABEB91EB2CDE2341E006AFD4D00D5741'::geometry, '300'::double precision))
                           Rows Removed by Filter: 3180
   ->  Subquery Scan on "*SELECT* 322"  (cost=165745.69..165745.70 rows=1 width=76) (actual time=0.656..0.657 rows=1 loops=1)
         ->  Limit  (cost=165745.69..165745.69 rows=1 width=84) (actual time=0.654..0.655 rows=1 loops=1)
               ->  Sort  (cost=165745.69..165745.69 rows=1 width=84) (actual time=0.652..0.653 rows=1 loops=1)
                     Sort Key: (st_distance(st_transform(s_321.the_geom, 25833), '0101000020E9640000F1103FEB30DE23410B70A7BDCF0D5741'::geometry))
                     Sort Method: top-N heapsort  Memory: 25kB
                     ->  Seq Scan on phoml_trajectory_tmp s_321  (cost=0.00..165745.68 rows=1 width=84) (actual time=0.025..0.583 rows=480 loops=1)
                           Filter: ((unix_time >= '1685451389.827'::double precision) AND (unix_time <= '1685451449.827'::double precision) AND st_dwithin(st_transform(the_geom, 25833), '0101000020E9640000F1103FEB30DE23410B70A7BDCF0D5741'::geometry, '300'::double precision))
                           Rows Removed by Filter: 3180
   ->  Subquery Scan on "*SELECT* 323"  (cost=165745.69..165745.70 rows=1 width=76) (actual time=0.667..0.668 rows=1 loops=1)
         ->  Limit  (cost=165745.69..165745.69 rows=1 width=84) (actual time=0.664..0.665 rows=1 loops=1)
               ->  Sort  (cost=165745.69..165745.69 rows=1 width=84) (actual time=0.663..0.663 rows=1 loops=1)
                     Sort Key: (st_distance(st_transform(s_322.the_geom, 25833), '0101000020E9640000D892F14B35DE2341D99C1895CE0D5741'::geometry))
                     Sort Method: top-N heapsort  Memory: 25kB
                     ->  Seq Scan on phoml_trajectory_tmp s_322  (cost=0.00..165745.68 rows=1 width=84) (actual time=0.025..0.594 rows=480 loops=1)
                           Filter: ((unix_time >= '1685451390.191'::double precision) AND (unix_time <= '1685451450.191'::double precision) AND st_dwithin(st_transform(the_geom, 25833), '0101000020E9640000D892F14B35DE2341D99C1895CE0D5741'::geometry, '300'::double precision))
                           Rows Removed by Filter: 3180
   ->  Subquery Scan on "*SELECT* 324"  (cost=165745.69..165745.70 rows=1 width=76) (actual time=0.658..0.659 rows=1 loops=1)
         ->  Limit  (cost=165745.69..165745.69 rows=1 width=84) (actual time=0.654..0.655 rows=1 loops=1)
               ->  Sort  (cost=165745.69..165745.69 rows=1 width=84) (actual time=0.653..0.653 rows=1 loops=1)
                     Sort Key: (st_distance(st_transform(s_323.the_geom, 25833), '0101000020E9640000A740637639DE2341A2A37A78CD0D5741'::geometry))
                     Sort Method: top-N heapsort  Memory: 25kB
                     ->  Seq Scan on phoml_trajectory_tmp s_323  (cost=0.00..165745.68 rows=1 width=84) (actual time=0.023..0.585 rows=480 loops=1)
                           Filter: ((unix_time >= '1685451390.531'::double precision) AND (unix_time <= '1685451450.531'::double precision) AND st_dwithin(st_transform(the_geom, 25833), '0101000020E9640000A740637639DE2341A2A37A78CD0D5741'::geometry, '300'::double precision))
                           Rows Removed by Filter: 3180
   ->  Subquery Scan on "*SELECT* 325"  (cost=165745.69..165745.70 rows=1 width=76) (actual time=0.640..0.641 rows=1 loops=1)
         ->  Limit  (cost=165745.69..165745.69 rows=1 width=84) (actual time=0.638..0.639 rows=1 loops=1)
               ->  Sort  (cost=165745.69..165745.69 rows=1 width=84) (actual time=0.636..0.637 rows=1 loops=1)
                     Sort Key: (st_distance(st_transform(s_324.the_geom, 25833), '0101000020E96400000BB12DA83DDE23410131565DCC0D5741'::geometry))
                     Sort Method: top-N heapsort  Memory: 25kB
                     ->  Seq Scan on phoml_trajectory_tmp s_324  (cost=0.00..165745.68 rows=1 width=84) (actual time=0.024..0.568 rows=480 loops=1)
                           Filter: ((unix_time >= '1685451390.871'::double precision) AND (unix_time <= '1685451450.871'::double precision) AND st_dwithin(st_transform(the_geom, 25833), '0101000020E96400000BB12DA83DDE23410131565DCC0D5741'::geometry, '300'::double precision))
                           Rows Removed by Filter: 3180
   ->  Subquery Scan on "*SELECT* 326"  (cost=165745.69..165745.70 rows=1 width=76) (actual time=0.663..0.664 rows=1 loops=1)
         ->  Limit  (cost=165745.69..165745.69 rows=1 width=84) (actual time=0.660..0.660 rows=1 loops=1)
               ->  Sort  (cost=165745.69..165745.69 rows=1 width=84) (actual time=0.658..0.658 rows=1 loops=1)
                     Sort Key: (st_distance(st_transform(s_325.the_geom, 25833), '0101000020E9640000438C6A2242DE234123714F33CB0D5741'::geometry))
                     Sort Method: top-N heapsort  Memory: 25kB
                     ->  Seq Scan on phoml_trajectory_tmp s_325  (cost=0.00..165745.68 rows=1 width=84) (actual time=0.026..0.591 rows=480 loops=1)
                           Filter: ((unix_time >= '1685451391.221'::double precision) AND (unix_time <= '1685451451.221'::double precision) AND st_dwithin(st_transform(the_geom, 25833), '0101000020E9640000438C6A2242DE234123714F33CB0D5741'::geometry, '300'::double precision))
                           Rows Removed by Filter: 3180
   ->  Subquery Scan on "*SELECT* 327"  (cost=165745.69..165745.70 rows=1 width=76) (actual time=0.667..0.668 rows=1 loops=1)
         ->  Limit  (cost=165745.69..165745.69 rows=1 width=84) (actual time=0.663..0.664 rows=1 loops=1)
               ->  Sort  (cost=165745.69..165745.69 rows=1 width=84) (actual time=0.661..0.662 rows=1 loops=1)
                     Sort Key: (st_distance(st_transform(s_326.the_geom, 25833), '0101000020E9640000B109E44D46DE2341675A0916CA0D5741'::geometry))
                     Sort Method: top-N heapsort  Memory: 25kB
                     ->  Seq Scan on phoml_trajectory_tmp s_326  (cost=0.00..165745.68 rows=1 width=84) (actual time=0.027..0.593 rows=480 loops=1)
                           Filter: ((unix_time >= '1685451391.562'::double precision) AND (unix_time <= '1685451451.562'::double precision) AND st_dwithin(st_transform(the_geom, 25833), '0101000020E9640000B109E44D46DE2341675A0916CA0D5741'::geometry, '300'::double precision))
                           Rows Removed by Filter: 3180
   ->  Subquery Scan on "*SELECT* 328"  (cost=165745.69..165745.70 rows=1 width=76) (actual time=0.652..0.653 rows=1 loops=1)
         ->  Limit  (cost=165745.69..165745.69 rows=1 width=84) (actual time=0.650..0.651 rows=1 loops=1)
               ->  Sort  (cost=165745.69..165745.69 rows=1 width=84) (actual time=0.649..0.649 rows=1 loops=1)
                     Sort Key: (st_distance(st_transform(s_327.the_geom, 25833), '0101000020E9640000650C8A7F4ADE2341FD4E12F6C80D5741'::geometry))
                     Sort Method: top-N heapsort  Memory: 25kB
                     ->  Seq Scan on phoml_trajectory_tmp s_327  (cost=0.00..165745.68 rows=1 width=84) (actual time=0.025..0.578 rows=480 loops=1)
                           Filter: ((unix_time >= '1685451391.902'::double precision) AND (unix_time <= '1685451451.902'::double precision) AND st_dwithin(st_transform(the_geom, 25833), '0101000020E9640000650C8A7F4ADE2341FD4E12F6C80D5741'::geometry, '300'::double precision))
                           Rows Removed by Filter: 3180
   ->  Subquery Scan on "*SELECT* 329"  (cost=165745.69..165745.70 rows=1 width=76) (actual time=0.657..0.658 rows=1 loops=1)
         ->  Limit  (cost=165745.69..165745.69 rows=1 width=84) (actual time=0.654..0.655 rows=1 loops=1)
               ->  Sort  (cost=165745.69..165745.69 rows=1 width=84) (actual time=0.652..0.653 rows=1 loops=1)
                     Sort Key: (st_distance(st_transform(s_328.the_geom, 25833), '0101000020E96400005D9183CD4EDE2341740B1BD2C70D5741'::geometry))
                     Sort Method: top-N heapsort  Memory: 25kB
                     ->  Seq Scan on phoml_trajectory_tmp s_328  (cost=0.00..165745.68 rows=1 width=84) (actual time=0.025..0.585 rows=480 loops=1)
                           Filter: ((unix_time >= '1685451392.243'::double precision) AND (unix_time <= '1685451452.243'::double precision) AND st_dwithin(st_transform(the_geom, 25833), '0101000020E96400005D9183CD4EDE2341740B1BD2C70D5741'::geometry, '300'::double precision))
                           Rows Removed by Filter: 3180
   ->  Subquery Scan on "*SELECT* 330"  (cost=165745.69..165745.70 rows=1 width=76) (actual time=0.671..0.673 rows=1 loops=1)
         ->  Limit  (cost=165745.69..165745.69 rows=1 width=84) (actual time=0.668..0.669 rows=1 loops=1)
               ->  Sort  (cost=165745.69..165745.69 rows=1 width=84) (actual time=0.666..0.667 rows=1 loops=1)
                     Sort Key: (st_distance(st_transform(s_329.the_geom, 25833), '0101000020E9640000814E16F852DE234166716BA5C60D5741'::geometry))
                     Sort Method: top-N heapsort  Memory: 25kB
                     ->  Seq Scan on phoml_trajectory_tmp s_329  (cost=0.00..165745.68 rows=1 width=84) (actual time=0.025..0.598 rows=480 loops=1)
                           Filter: ((unix_time >= '1685451392.593'::double precision) AND (unix_time <= '1685451452.593'::double precision) AND st_dwithin(st_transform(the_geom, 25833), '0101000020E9640000814E16F852DE234166716BA5C60D5741'::geometry, '300'::double precision))
                           Rows Removed by Filter: 3180
   ->  Subquery Scan on "*SELECT* 331"  (cost=165745.69..165745.70 rows=1 width=76) (actual time=0.662..0.663 rows=1 loops=1)
         ->  Limit  (cost=165745.69..165745.69 rows=1 width=84) (actual time=0.660..0.661 rows=1 loops=1)
               ->  Sort  (cost=165745.69..165745.69 rows=1 width=84) (actual time=0.658..0.658 rows=1 loops=1)
                     Sort Key: (st_distance(st_transform(s_330.the_geom, 25833), '0101000020E9640000AE85821B57DE2341DEC5F184C50D5741'::geometry))
                     Sort Method: top-N heapsort  Memory: 25kB
                     ->  Seq Scan on phoml_trajectory_tmp s_330  (cost=0.00..165745.68 rows=1 width=84) (actual time=0.027..0.589 rows=480 loops=1)
                           Filter: ((unix_time >= '1685451392.933'::double precision) AND (unix_time <= '1685451452.933'::double precision) AND st_dwithin(st_transform(the_geom, 25833), '0101000020E9640000AE85821B57DE2341DEC5F184C50D5741'::geometry, '300'::double precision))
                           Rows Removed by Filter: 3180
   ->  Subquery Scan on "*SELECT* 332"  (cost=165745.69..165745.70 rows=1 width=76) (actual time=0.683..0.684 rows=1 loops=1)
         ->  Limit  (cost=165745.69..165745.69 rows=1 width=84) (actual time=0.680..0.681 rows=1 loops=1)
               ->  Sort  (cost=165745.69..165745.69 rows=1 width=84) (actual time=0.668..0.669 rows=1 loops=1)
                     Sort Key: (st_distance(st_transform(s_331.the_geom, 25833), '0101000020E9640000F3FA096A5BDE23411BB7AA52C40D5741'::geometry))
                     Sort Method: top-N heapsort  Memory: 25kB
                     ->  Seq Scan on phoml_trajectory_tmp s_331  (cost=0.00..165745.68 rows=1 width=84) (actual time=0.024..0.599 rows=480 loops=1)
                           Filter: ((unix_time >= '1685451393.29'::double precision) AND (unix_time <= '1685451453.29'::double precision) AND st_dwithin(st_transform(the_geom, 25833), '0101000020E9640000F3FA096A5BDE23411BB7AA52C40D5741'::geometry, '300'::double precision))
                           Rows Removed by Filter: 3180
   ->  Subquery Scan on "*SELECT* 333"  (cost=165745.69..165745.70 rows=1 width=76) (actual time=0.682..0.683 rows=1 loops=1)
         ->  Limit  (cost=165745.69..165745.69 rows=1 width=84) (actual time=0.679..0.680 rows=1 loops=1)
               ->  Sort  (cost=165745.69..165745.69 rows=1 width=84) (actual time=0.677..0.677 rows=1 loops=1)
                     Sort Key: (st_distance(st_transform(s_332.the_geom, 25833), '0101000020E964000058E904985FDE234153DA5131C30D5741'::geometry))
                     Sort Method: top-N heapsort  Memory: 25kB
                     ->  Seq Scan on phoml_trajectory_tmp s_332  (cost=0.00..165745.68 rows=1 width=84) (actual time=0.025..0.606 rows=480 loops=1)
                           Filter: ((unix_time >= '1685451393.64'::double precision) AND (unix_time <= '1685451453.64'::double precision) AND st_dwithin(st_transform(the_geom, 25833), '0101000020E964000058E904985FDE234153DA5131C30D5741'::geometry, '300'::double precision))
                           Rows Removed by Filter: 3180
   ->  Subquery Scan on "*SELECT* 334"  (cost=165745.69..165745.70 rows=1 width=76) (actual time=0.693..0.694 rows=1 loops=1)
         ->  Limit  (cost=165745.69..165745.69 rows=1 width=84) (actual time=0.690..0.691 rows=1 loops=1)
               ->  Sort  (cost=165745.69..165745.69 rows=1 width=84) (actual time=0.688..0.689 rows=1 loops=1)
                     Sort Key: (st_distance(st_transform(s_333.the_geom, 25833), '0101000020E9640000F5AA37CA63DE23411A23F90EC20D5741'::geometry))
                     Sort Method: top-N heapsort  Memory: 25kB
                     ->  Seq Scan on phoml_trajectory_tmp s_333  (cost=0.00..165745.68 rows=1 width=84) (actual time=0.027..0.609 rows=480 loops=1)
                           Filter: ((unix_time >= '1685451393.99'::double precision) AND (unix_time <= '1685451453.99'::double precision) AND st_dwithin(st_transform(the_geom, 25833), '0101000020E9640000F5AA37CA63DE23411A23F90EC20D5741'::geometry, '300'::double precision))
                           Rows Removed by Filter: 3180
   ->  Subquery Scan on "*SELECT* 335"  (cost=165745.69..165745.70 rows=1 width=76) (actual time=0.719..0.720 rows=1 loops=1)
         ->  Limit  (cost=165745.69..165745.69 rows=1 width=84) (actual time=0.716..0.717 rows=1 loops=1)
               ->  Sort  (cost=165745.69..165745.69 rows=1 width=84) (actual time=0.714..0.715 rows=1 loops=1)
                     Sort Key: (st_distance(st_transform(s_334.the_geom, 25833), '0101000020E9640000211CC6FC67DE23419BCB9CF0C00D5741'::geometry))
                     Sort Method: top-N heapsort  Memory: 25kB
                     ->  Seq Scan on phoml_trajectory_tmp s_334  (cost=0.00..165745.68 rows=1 width=84) (actual time=0.037..0.639 rows=480 loops=1)
                           Filter: ((unix_time >= '1685451394.332'::double precision) AND (unix_time <= '1685451454.332'::double precision) AND st_dwithin(st_transform(the_geom, 25833), '0101000020E9640000211CC6FC67DE23419BCB9CF0C00D5741'::geometry, '300'::double precision))
                           Rows Removed by Filter: 3180
   ->  Subquery Scan on "*SELECT* 336"  (cost=165745.69..165745.70 rows=1 width=76) (actual time=0.708..0.710 rows=1 loops=1)
         ->  Limit  (cost=165745.69..165745.69 rows=1 width=84) (actual time=0.705..0.706 rows=1 loops=1)
               ->  Sort  (cost=165745.69..165745.69 rows=1 width=84) (actual time=0.704..0.704 rows=1 loops=1)
                     Sort Key: (st_distance(st_transform(s_335.the_geom, 25833), '0101000020E9640000E2B3FC0D6CDE23419EB7B2D3BF0D5741'::geometry))
                     Sort Method: top-N heapsort  Memory: 25kB
                     ->  Seq Scan on phoml_trajectory_tmp s_335  (cost=0.00..165745.68 rows=1 width=84) (actual time=0.028..0.633 rows=480 loops=1)
                           Filter: ((unix_time >= '1685451394.672'::double precision) AND (unix_time <= '1685451454.672'::double precision) AND st_dwithin(st_transform(the_geom, 25833), '0101000020E9640000E2B3FC0D6CDE23419EB7B2D3BF0D5741'::geometry, '300'::double precision))
                           Rows Removed by Filter: 3180
   ->  Subquery Scan on "*SELECT* 337"  (cost=165745.69..165745.70 rows=1 width=76) (actual time=0.702..0.703 rows=1 loops=1)
         ->  Limit  (cost=165745.69..165745.69 rows=1 width=84) (actual time=0.698..0.699 rows=1 loops=1)
               ->  Sort  (cost=165745.69..165745.69 rows=1 width=84) (actual time=0.696..0.697 rows=1 loops=1)
                     Sort Key: (st_distance(st_transform(s_336.the_geom, 25833), '0101000020E9640000DF9ED56570DE23413BD931AEBE0D5741'::geometry))
                     Sort Method: top-N heapsort  Memory: 25kB
                     ->  Seq Scan on phoml_trajectory_tmp s_336  (cost=0.00..165745.68 rows=1 width=84) (actual time=0.026..0.626 rows=480 loops=1)
                           Filter: ((unix_time >= '1685451395.022'::double precision) AND (unix_time <= '1685451455.022'::double precision) AND st_dwithin(st_transform(the_geom, 25833), '0101000020E9640000DF9ED56570DE23413BD931AEBE0D5741'::geometry, '300'::double precision))
                           Rows Removed by Filter: 3180
   ->  Subquery Scan on "*SELECT* 338"  (cost=165745.69..165745.70 rows=1 width=76) (actual time=0.706..0.707 rows=1 loops=1)
         ->  Limit  (cost=165745.69..165745.69 rows=1 width=84) (actual time=0.703..0.704 rows=1 loops=1)
               ->  Sort  (cost=165745.69..165745.69 rows=1 width=84) (actual time=0.701..0.702 rows=1 loops=1)
                     Sort Key: (st_distance(st_transform(s_337.the_geom, 25833), '0101000020E96400008726C49874DE23417B0AD98EBD0D5741'::geometry))
                     Sort Method: top-N heapsort  Memory: 25kB
                     ->  Seq Scan on phoml_trajectory_tmp s_337  (cost=0.00..165745.68 rows=1 width=84) (actual time=0.027..0.630 rows=480 loops=1)
                           Filter: ((unix_time >= '1685451395.363'::double precision) AND (unix_time <= '1685451455.363'::double precision) AND st_dwithin(st_transform(the_geom, 25833), '0101000020E96400008726C49874DE23417B0AD98EBD0D5741'::geometry, '300'::double precision))
                           Rows Removed by Filter: 3180
   ->  Subquery Scan on "*SELECT* 339"  (cost=165745.69..165745.70 rows=1 width=76) (actual time=0.717..0.718 rows=1 loops=1)
         ->  Limit  (cost=165745.69..165745.69 rows=1 width=84) (actual time=0.714..0.715 rows=1 loops=1)
               ->  Sort  (cost=165745.69..165745.69 rows=1 width=84) (actual time=0.712..0.713 rows=1 loops=1)
                     Sort Key: (st_distance(st_transform(s_338.the_geom, 25833), '0101000020E964000081EB41C578DE23412F2AA36CBC0D5741'::geometry))
                     Sort Method: top-N heapsort  Memory: 25kB
                     ->  Seq Scan on phoml_trajectory_tmp s_338  (cost=0.00..165745.68 rows=1 width=84) (actual time=0.029..0.641 rows=480 loops=1)
                           Filter: ((unix_time >= '1685451395.703'::double precision) AND (unix_time <= '1685451455.703'::double precision) AND st_dwithin(st_transform(the_geom, 25833), '0101000020E964000081EB41C578DE23412F2AA36CBC0D5741'::geometry, '300'::double precision))
                           Rows Removed by Filter: 3180
   ->  Subquery Scan on "*SELECT* 340"  (cost=165745.69..165745.70 rows=1 width=76) (actual time=0.713..0.714 rows=1 loops=1)
         ->  Limit  (cost=165745.69..165745.69 rows=1 width=84) (actual time=0.710..0.711 rows=1 loops=1)
               ->  Sort  (cost=165745.69..165745.69 rows=1 width=84) (actual time=0.708..0.708 rows=1 loops=1)
                     Sort Key: (st_distance(st_transform(s_339.the_geom, 25833), '0101000020E964000082879CF77CDE234149791E45BB0D5741'::geometry))
                     Sort Method: top-N heapsort  Memory: 25kB
                     ->  Seq Scan on phoml_trajectory_tmp s_339  (cost=0.00..165745.68 rows=1 width=84) (actual time=0.028..0.635 rows=480 loops=1)
                           Filter: ((unix_time >= '1685451396.043'::double precision) AND (unix_time <= '1685451456.043'::double precision) AND st_dwithin(st_transform(the_geom, 25833), '0101000020E964000082879CF77CDE234149791E45BB0D5741'::geometry, '300'::double precision))
                           Rows Removed by Filter: 3180
   ->  Subquery Scan on "*SELECT* 341"  (cost=165745.69..165745.70 rows=1 width=76) (actual time=0.705..0.706 rows=1 loops=1)
         ->  Limit  (cost=165745.69..165745.69 rows=1 width=84) (actual time=0.701..0.702 rows=1 loops=1)
               ->  Sort  (cost=165745.69..165745.69 rows=1 width=84) (actual time=0.699..0.699 rows=1 loops=1)
                     Sort Key: (st_distance(st_transform(s_340.the_geom, 25833), '0101000020E96400007624DD4781DE23416E6CF41EBA0D5741'::geometry))
                     Sort Method: top-N heapsort  Memory: 25kB
                     ->  Seq Scan on phoml_trajectory_tmp s_340  (cost=0.00..165745.68 rows=1 width=84) (actual time=0.026..0.627 rows=480 loops=1)
                           Filter: ((unix_time >= '1685451396.391'::double precision) AND (unix_time <= '1685451456.391'::double precision) AND st_dwithin(st_transform(the_geom, 25833), '0101000020E96400007624DD4781DE23416E6CF41EBA0D5741'::geometry, '300'::double precision))
                           Rows Removed by Filter: 3180
   ->  Subquery Scan on "*SELECT* 342"  (cost=165745.69..165745.70 rows=1 width=76) (actual time=0.681..0.682 rows=1 loops=1)
         ->  Limit  (cost=165745.69..165745.69 rows=1 width=84) (actual time=0.679..0.679 rows=1 loops=1)
               ->  Sort  (cost=165745.69..165745.69 rows=1 width=84) (actual time=0.677..0.677 rows=1 loops=1)
                     Sort Key: (st_distance(st_transform(s_341.the_geom, 25833), '0101000020E9640000BEB18D5385DE234140F0C707B90D5741'::geometry))
                     Sort Method: top-N heapsort  Memory: 25kB
                     ->  Seq Scan on phoml_trajectory_tmp s_341  (cost=0.00..165745.68 rows=1 width=84) (actual time=0.032..0.606 rows=480 loops=1)
                           Filter: ((unix_time >= '1685451396.721'::double precision) AND (unix_time <= '1685451456.721'::double precision) AND st_dwithin(st_transform(the_geom, 25833), '0101000020E9640000BEB18D5385DE234140F0C707B90D5741'::geometry, '300'::double precision))
                           Rows Removed by Filter: 3180
   ->  Subquery Scan on "*SELECT* 343"  (cost=165745.69..165745.70 rows=1 width=76) (actual time=0.691..0.693 rows=1 loops=1)
         ->  Limit  (cost=165745.69..165745.69 rows=1 width=84) (actual time=0.688..0.689 rows=1 loops=1)
               ->  Sort  (cost=165745.69..165745.69 rows=1 width=84) (actual time=0.686..0.687 rows=1 loops=1)
                     Sort Key: (st_distance(st_transform(s_342.the_geom, 25833), '0101000020E9640000CE0324A489DE2341C69BB0E0B70D5741'::geometry))
                     Sort Method: top-N heapsort  Memory: 25kB
                     ->  Seq Scan on phoml_trajectory_tmp s_342  (cost=0.00..165745.68 rows=1 width=84) (actual time=0.028..0.616 rows=480 loops=1)
                           Filter: ((unix_time >= '1685451397.061'::double precision) AND (unix_time <= '1685451457.061'::double precision) AND st_dwithin(st_transform(the_geom, 25833), '0101000020E9640000CE0324A489DE2341C69BB0E0B70D5741'::geometry, '300'::double precision))
                           Rows Removed by Filter: 3180
   ->  Subquery Scan on "*SELECT* 344"  (cost=165745.69..165745.70 rows=1 width=76) (actual time=0.696..0.697 rows=1 loops=1)
         ->  Limit  (cost=165745.69..165745.69 rows=1 width=84) (actual time=0.693..0.694 rows=1 loops=1)
               ->  Sort  (cost=165745.69..165745.69 rows=1 width=84) (actual time=0.691..0.691 rows=1 loops=1)
                     Sort Key: (st_distance(st_transform(s_343.the_geom, 25833), '0101000020E9640000A314DCD28DDE2341D4F4E9BAB60D5741'::geometry))
                     Sort Method: top-N heapsort  Memory: 25kB
                     ->  Seq Scan on phoml_trajectory_tmp s_343  (cost=0.00..165745.68 rows=1 width=84) (actual time=0.036..0.620 rows=480 loops=1)
                           Filter: ((unix_time >= '1685451397.4'::double precision) AND (unix_time <= '1685451457.4'::double precision) AND st_dwithin(st_transform(the_geom, 25833), '0101000020E9640000A314DCD28DDE2341D4F4E9BAB60D5741'::geometry, '300'::double precision))
                           Rows Removed by Filter: 3180
   ->  Subquery Scan on "*SELECT* 345"  (cost=165745.69..165745.70 rows=1 width=76) (actual time=0.677..0.678 rows=1 loops=1)
         ->  Limit  (cost=165745.69..165745.69 rows=1 width=84) (actual time=0.674..0.675 rows=1 loops=1)
               ->  Sort  (cost=165745.69..165745.69 rows=1 width=84) (actual time=0.673..0.673 rows=1 loops=1)
                     Sort Key: (st_distance(st_transform(s_344.the_geom, 25833), '0101000020E9640000E0ED33DA91DE234160B7C6A0B50D5741'::geometry))
                     Sort Method: top-N heapsort  Memory: 25kB
                     ->  Seq Scan on phoml_trajectory_tmp s_344  (cost=0.00..165745.68 rows=1 width=84) (actual time=0.027..0.602 rows=480 loops=1)
                           Filter: ((unix_time >= '1685451397.73'::double precision) AND (unix_time <= '1685451457.73'::double precision) AND st_dwithin(st_transform(the_geom, 25833), '0101000020E9640000E0ED33DA91DE234160B7C6A0B50D5741'::geometry, '300'::double precision))
                           Rows Removed by Filter: 3180
   ->  Subquery Scan on "*SELECT* 346"  (cost=165745.69..165745.70 rows=1 width=76) (actual time=0.698..0.699 rows=1 loops=1)
         ->  Limit  (cost=165745.69..165745.69 rows=1 width=84) (actual time=0.694..0.695 rows=1 loops=1)
               ->  Sort  (cost=165745.69..165745.69 rows=1 width=84) (actual time=0.693..0.693 rows=1 loops=1)
                     Sort Key: (st_distance(st_transform(s_345.the_geom, 25833), '0101000020E964000043CCD32796DE23413BF68279B40D5741'::geometry))
                     Sort Method: top-N heapsort  Memory: 25kB
                     ->  Seq Scan on phoml_trajectory_tmp s_345  (cost=0.00..165745.68 rows=1 width=84) (actual time=0.029..0.622 rows=480 loops=1)
                           Filter: ((unix_time >= '1685451398.07'::double precision) AND (unix_time <= '1685451458.07'::double precision) AND st_dwithin(st_transform(the_geom, 25833), '0101000020E964000043CCD32796DE23413BF68279B40D5741'::geometry, '300'::double precision))
                           Rows Removed by Filter: 3180
   ->  Subquery Scan on "*SELECT* 347"  (cost=165745.69..165745.70 rows=1 width=76) (actual time=0.708..0.709 rows=1 loops=1)
         ->  Limit  (cost=165745.69..165745.69 rows=1 width=84) (actual time=0.705..0.706 rows=1 loops=1)
               ->  Sort  (cost=165745.69..165745.69 rows=1 width=84) (actual time=0.703..0.704 rows=1 loops=1)
                     Sort Key: (st_distance(st_transform(s_346.the_geom, 25833), '0101000020E9640000153AA7589ADE2341A86BF952B30D5741'::geometry))
                     Sort Method: top-N heapsort  Memory: 25kB
                     ->  Seq Scan on phoml_trajectory_tmp s_346  (cost=0.00..165745.68 rows=1 width=84) (actual time=0.030..0.630 rows=480 loops=1)
                           Filter: ((unix_time >= '1685451398.409'::double precision) AND (unix_time <= '1685451458.409'::double precision) AND st_dwithin(st_transform(the_geom, 25833), '0101000020E9640000153AA7589ADE2341A86BF952B30D5741'::geometry, '300'::double precision))
                           Rows Removed by Filter: 3180
   ->  Subquery Scan on "*SELECT* 348"  (cost=165745.69..165745.70 rows=1 width=76) (actual time=0.702..0.703 rows=1 loops=1)
         ->  Limit  (cost=165745.69..165745.69 rows=1 width=84) (actual time=0.698..0.699 rows=1 loops=1)
               ->  Sort  (cost=165745.69..165745.69 rows=1 width=84) (actual time=0.696..0.697 rows=1 loops=1)
                     Sort Key: (st_distance(st_transform(s_347.the_geom, 25833), '0101000020E96400006C59938A9EDE23414E4B3B30B20D5741'::geometry))
                     Sort Method: top-N heapsort  Memory: 25kB
                     ->  Seq Scan on phoml_trajectory_tmp s_347  (cost=0.00..165745.68 rows=1 width=84) (actual time=0.026..0.623 rows=480 loops=1)
                           Filter: ((unix_time >= '1685451398.739'::double precision) AND (unix_time <= '1685451458.739'::double precision) AND st_dwithin(st_transform(the_geom, 25833), '0101000020E96400006C59938A9EDE23414E4B3B30B20D5741'::geometry, '300'::double precision))
                           Rows Removed by Filter: 3180
   ->  Subquery Scan on "*SELECT* 349"  (cost=165745.69..165745.70 rows=1 width=76) (actual time=0.682..0.684 rows=1 loops=1)
         ->  Limit  (cost=165745.69..165745.69 rows=1 width=84) (actual time=0.680..0.681 rows=1 loops=1)
               ->  Sort  (cost=165745.69..165745.69 rows=1 width=84) (actual time=0.678..0.678 rows=1 loops=1)
                     Sort Key: (st_distance(st_transform(s_348.the_geom, 25833), '0101000020E9640000B9BB1EB5A2DE23413487C00BB10D5741'::geometry))
                     Sort Method: top-N heapsort  Memory: 25kB
                     ->  Seq Scan on phoml_trajectory_tmp s_348  (cost=0.00..165745.68 rows=1 width=84) (actual time=0.030..0.608 rows=480 loops=1)
                           Filter: ((unix_time >= '1685451399.079'::double precision) AND (unix_time <= '1685451459.079'::double precision) AND st_dwithin(st_transform(the_geom, 25833), '0101000020E9640000B9BB1EB5A2DE23413487C00BB10D5741'::geometry, '300'::double precision))
                           Rows Removed by Filter: 3180
   ->  Subquery Scan on "*SELECT* 350"  (cost=165745.69..165745.70 rows=1 width=76) (actual time=0.725..0.726 rows=1 loops=1)
         ->  Limit  (cost=165745.69..165745.69 rows=1 width=84) (actual time=0.720..0.721 rows=1 loops=1)
               ->  Sort  (cost=165745.69..165745.69 rows=1 width=84) (actual time=0.719..0.719 rows=1 loops=1)
                     Sort Key: (st_distance(st_transform(s_349.the_geom, 25833), '0101000020E96400001FA854C8A6DE2341F4C23AFCAF0D5741'::geometry))
                     Sort Method: top-N heapsort  Memory: 25kB
                     ->  Seq Scan on phoml_trajectory_tmp s_349  (cost=0.00..165745.68 rows=1 width=84) (actual time=0.027..0.631 rows=480 loops=1)
                           Filter: ((unix_time >= '1685451399.405'::double precision) AND (unix_time <= '1685451459.405'::double precision) AND st_dwithin(st_transform(the_geom, 25833), '0101000020E96400001FA854C8A6DE2341F4C23AFCAF0D5741'::geometry, '300'::double precision))
                           Rows Removed by Filter: 3180
   ->  Subquery Scan on "*SELECT* 351"  (cost=165745.69..165745.70 rows=1 width=76) (actual time=0.688..0.689 rows=1 loops=1)
         ->  Limit  (cost=165745.69..165745.69 rows=1 width=84) (actual time=0.685..0.685 rows=1 loops=1)
               ->  Sort  (cost=165745.69..165745.69 rows=1 width=84) (actual time=0.683..0.683 rows=1 loops=1)
                     Sort Key: (st_distance(st_transform(s_350.the_geom, 25833), '0101000020E9640000ACD45724ABDE23418F8054DEAE0D5741'::geometry))
                     Sort Method: top-N heapsort  Memory: 25kB
                     ->  Seq Scan on phoml_trajectory_tmp s_350  (cost=0.00..165745.68 rows=1 width=84) (actual time=0.029..0.610 rows=480 loops=1)
                           Filter: ((unix_time >= '1685451399.745'::double precision) AND (unix_time <= '1685451459.745'::double precision) AND st_dwithin(st_transform(the_geom, 25833), '0101000020E9640000ACD45724ABDE23418F8054DEAE0D5741'::geometry, '300'::double precision))
                           Rows Removed by Filter: 3180
   ->  Subquery Scan on "*SELECT* 352"  (cost=165745.69..165745.70 rows=1 width=76) (actual time=0.680..0.680 rows=1 loops=1)
         ->  Limit  (cost=165745.69..165745.69 rows=1 width=84) (actual time=0.677..0.678 rows=1 loops=1)
               ->  Sort  (cost=165745.69..165745.69 rows=1 width=84) (actual time=0.675..0.676 rows=1 loops=1)
                     Sort Key: (st_distance(st_transform(s_351.the_geom, 25833), '0101000020E9640000DED37C85AFDE2341AA7681C3AD0D5741'::geometry))
                     Sort Method: top-N heapsort  Memory: 25kB
                     ->  Seq Scan on phoml_trajectory_tmp s_351  (cost=0.00..165745.68 rows=1 width=84) (actual time=0.029..0.604 rows=480 loops=1)
                           Filter: ((unix_time >= '1685451400.085'::double precision) AND (unix_time <= '1685451460.085'::double precision) AND st_dwithin(st_transform(the_geom, 25833), '0101000020E9640000DED37C85AFDE2341AA7681C3AD0D5741'::geometry, '300'::double precision))
                           Rows Removed by Filter: 3180
   ->  Subquery Scan on "*SELECT* 353"  (cost=165745.69..165745.70 rows=1 width=76) (actual time=0.700..0.701 rows=1 loops=1)
         ->  Limit  (cost=165745.69..165745.69 rows=1 width=84) (actual time=0.697..0.698 rows=1 loops=1)
               ->  Sort  (cost=165745.69..165745.69 rows=1 width=84) (actual time=0.695..0.695 rows=1 loops=1)
                     Sort Key: (st_distance(st_transform(s_352.the_geom, 25833), '0101000020E96400002FFA8CE1B3DE2341D60865A6AC0D5741'::geometry))
                     Sort Method: top-N heapsort  Memory: 25kB
                     ->  Seq Scan on phoml_trajectory_tmp s_352  (cost=0.00..165745.68 rows=1 width=84) (actual time=0.026..0.622 rows=480 loops=1)
                           Filter: ((unix_time >= '1685451400.421'::double precision) AND (unix_time <= '1685451460.421'::double precision) AND st_dwithin(st_transform(the_geom, 25833), '0101000020E96400002FFA8CE1B3DE2341D60865A6AC0D5741'::geometry, '300'::double precision))
                           Rows Removed by Filter: 3180
   ->  Subquery Scan on "*SELECT* 354"  (cost=165745.69..165745.70 rows=1 width=76) (actual time=0.705..0.706 rows=1 loops=1)
         ->  Limit  (cost=165745.69..165745.69 rows=1 width=84) (actual time=0.702..0.703 rows=1 loops=1)
               ->  Sort  (cost=165745.69..165745.69 rows=1 width=84) (actual time=0.700..0.701 rows=1 loops=1)
                     Sort Key: (st_distance(st_transform(s_353.the_geom, 25833), '0101000020E9640000CF89283BB8DE2341AB258C89AB0D5741'::geometry))
                     Sort Method: top-N heapsort  Memory: 25kB
                     ->  Seq Scan on phoml_trajectory_tmp s_353  (cost=0.00..165745.68 rows=1 width=84) (actual time=0.027..0.627 rows=480 loops=1)
                           Filter: ((unix_time >= '1685451400.751'::double precision) AND (unix_time <= '1685451460.751'::double precision) AND st_dwithin(st_transform(the_geom, 25833), '0101000020E9640000CF89283BB8DE2341AB258C89AB0D5741'::geometry, '300'::double precision))
                           Rows Removed by Filter: 3180
   ->  Subquery Scan on "*SELECT* 355"  (cost=165745.69..165745.70 rows=1 width=76) (actual time=0.703..0.704 rows=1 loops=1)
         ->  Limit  (cost=165745.69..165745.69 rows=1 width=84) (actual time=0.685..0.686 rows=1 loops=1)
               ->  Sort  (cost=165745.69..165745.69 rows=1 width=84) (actual time=0.683..0.684 rows=1 loops=1)
                     Sort Key: (st_distance(st_transform(s_354.the_geom, 25833), '0101000020E9640000D552BCB1BCDE23412D31B369AA0D5741'::geometry))
                     Sort Method: top-N heapsort  Memory: 25kB
                     ->  Seq Scan on phoml_trajectory_tmp s_354  (cost=0.00..165745.68 rows=1 width=84) (actual time=0.029..0.611 rows=480 loops=1)
                           Filter: ((unix_time >= '1685451401.091'::double precision) AND (unix_time <= '1685451461.091'::double precision) AND st_dwithin(st_transform(the_geom, 25833), '0101000020E9640000D552BCB1BCDE23412D31B369AA0D5741'::geometry, '300'::double precision))
                           Rows Removed by Filter: 3180
   ->  Subquery Scan on "*SELECT* 356"  (cost=165745.69..165745.70 rows=1 width=76) (actual time=0.699..0.700 rows=1 loops=1)
         ->  Limit  (cost=165745.69..165745.69 rows=1 width=84) (actual time=0.697..0.698 rows=1 loops=1)
               ->  Sort  (cost=165745.69..165745.69 rows=1 width=84) (actual time=0.695..0.696 rows=1 loops=1)
                     Sort Key: (st_distance(st_transform(s_355.the_geom, 25833), '0101000020E9640000181424DEC0DE23410A730750A90D5741'::geometry))
                     Sort Method: top-N heapsort  Memory: 25kB
                     ->  Seq Scan on phoml_trajectory_tmp s_355  (cost=0.00..165745.68 rows=1 width=84) (actual time=0.030..0.623 rows=480 loops=1)
                           Filter: ((unix_time >= '1685451401.417'::double precision) AND (unix_time <= '1685451461.417'::double precision) AND st_dwithin(st_transform(the_geom, 25833), '0101000020E9640000181424DEC0DE23410A730750A90D5741'::geometry, '300'::double precision))
                           Rows Removed by Filter: 3180
   ->  Subquery Scan on "*SELECT* 357"  (cost=165745.69..165745.70 rows=1 width=76) (actual time=0.714..0.715 rows=1 loops=1)
         ->  Limit  (cost=165745.69..165745.69 rows=1 width=84) (actual time=0.710..0.711 rows=1 loops=1)
               ->  Sort  (cost=165745.69..165745.69 rows=1 width=84) (actual time=0.709..0.709 rows=1 loops=1)
                     Sort Key: (st_distance(st_transform(s_356.the_geom, 25833), '0101000020E9640000F181184FC5DE234139988320A80D5741'::geometry))
                     Sort Method: top-N heapsort  Memory: 25kB
                     ->  Seq Scan on phoml_trajectory_tmp s_356  (cost=0.00..165745.68 rows=1 width=84) (actual time=0.028..0.635 rows=480 loops=1)
                           Filter: ((unix_time >= '1685451401.757'::double precision) AND (unix_time <= '1685451461.757'::double precision) AND st_dwithin(st_transform(the_geom, 25833), '0101000020E9640000F181184FC5DE234139988320A80D5741'::geometry, '300'::double precision))
                           Rows Removed by Filter: 3180
   ->  Subquery Scan on "*SELECT* 358"  (cost=165745.69..165745.70 rows=1 width=76) (actual time=0.706..0.707 rows=1 loops=1)
         ->  Limit  (cost=165745.69..165745.69 rows=1 width=84) (actual time=0.703..0.704 rows=1 loops=1)
               ->  Sort  (cost=165745.69..165745.69 rows=1 width=84) (actual time=0.701..0.701 rows=1 loops=1)
                     Sort Key: (st_distance(st_transform(s_357.the_geom, 25833), '0101000020E9640000182A0693C9DE234192E798F4A60D5741'::geometry))
                     Sort Method: top-N heapsort  Memory: 25kB
                     ->  Seq Scan on phoml_trajectory_tmp s_357  (cost=0.00..165745.68 rows=1 width=84) (actual time=0.028..0.623 rows=480 loops=1)
                           Filter: ((unix_time >= '1685451402.097'::double precision) AND (unix_time <= '1685451462.097'::double precision) AND st_dwithin(st_transform(the_geom, 25833), '0101000020E9640000182A0693C9DE234192E798F4A60D5741'::geometry, '300'::double precision))
                           Rows Removed by Filter: 3180
   ->  Subquery Scan on "*SELECT* 359"  (cost=165745.69..165745.70 rows=1 width=76) (actual time=0.688..0.689 rows=1 loops=1)
         ->  Limit  (cost=165745.69..165745.69 rows=1 width=84) (actual time=0.686..0.686 rows=1 loops=1)
               ->  Sort  (cost=165745.69..165745.69 rows=1 width=84) (actual time=0.684..0.684 rows=1 loops=1)
                     Sort Key: (st_distance(st_transform(s_358.the_geom, 25833), '0101000020E96400006828D598CDDE2341F6F4B2D8A50D5741'::geometry))
                     Sort Method: top-N heapsort  Memory: 25kB
                     ->  Seq Scan on phoml_trajectory_tmp s_358  (cost=0.00..165745.68 rows=1 width=84) (actual time=0.031..0.612 rows=480 loops=1)
                           Filter: ((unix_time >= '1685451402.421'::double precision) AND (unix_time <= '1685451462.421'::double precision) AND st_dwithin(st_transform(the_geom, 25833), '0101000020E96400006828D598CDDE2341F6F4B2D8A50D5741'::geometry, '300'::double precision))
                           Rows Removed by Filter: 3180
   ->  Subquery Scan on "*SELECT* 360"  (cost=165745.69..165745.70 rows=1 width=76) (actual time=0.688..0.689 rows=1 loops=1)
         ->  Limit  (cost=165745.69..165745.69 rows=1 width=84) (actual time=0.684..0.685 rows=1 loops=1)
               ->  Sort  (cost=165745.69..165745.69 rows=1 width=84) (actual time=0.682..0.683 rows=1 loops=1)
                     Sort Key: (st_distance(st_transform(s_359.the_geom, 25833), '0101000020E964000006C6A70BD2DE23414AEDC7A7A40D5741'::geometry))
                     Sort Method: top-N heapsort  Memory: 25kB
                     ->  Seq Scan on phoml_trajectory_tmp s_359  (cost=0.00..165745.68 rows=1 width=84) (actual time=0.027..0.613 rows=480 loops=1)
                           Filter: ((unix_time >= '1685451402.771'::double precision) AND (unix_time <= '1685451462.771'::double precision) AND st_dwithin(st_transform(the_geom, 25833), '0101000020E964000006C6A70BD2DE23414AEDC7A7A40D5741'::geometry, '300'::double precision))
                           Rows Removed by Filter: 3180
   ->  Subquery Scan on "*SELECT* 361"  (cost=165745.69..165745.70 rows=1 width=76) (actual time=0.708..0.709 rows=1 loops=1)
         ->  Limit  (cost=165745.69..165745.69 rows=1 width=84) (actual time=0.705..0.705 rows=1 loops=1)
               ->  Sort  (cost=165745.69..165745.69 rows=1 width=84) (actual time=0.703..0.703 rows=1 loops=1)
                     Sort Key: (st_distance(st_transform(s_360.the_geom, 25833), '0101000020E9640000E5D6863DD6DE2341CC56F08AA30D5741'::geometry))
                     Sort Method: top-N heapsort  Memory: 25kB
                     ->  Seq Scan on phoml_trajectory_tmp s_360  (cost=0.00..165745.68 rows=1 width=84) (actual time=0.028..0.631 rows=480 loops=1)
                           Filter: ((unix_time >= '1685451403.101'::double precision) AND (unix_time <= '1685451463.101'::double precision) AND st_dwithin(st_transform(the_geom, 25833), '0101000020E9640000E5D6863DD6DE2341CC56F08AA30D5741'::geometry, '300'::double precision))
                           Rows Removed by Filter: 3180
   ->  Subquery Scan on "*SELECT* 362"  (cost=165745.69..165745.70 rows=1 width=76) (actual time=0.695..0.697 rows=1 loops=1)
         ->  Limit  (cost=165745.69..165745.69 rows=1 width=84) (actual time=0.692..0.693 rows=1 loops=1)
               ->  Sort  (cost=165745.69..165745.69 rows=1 width=84) (actual time=0.690..0.691 rows=1 loops=1)
                     Sort Key: (st_distance(st_transform(s_361.the_geom, 25833), '0101000020E9640000FC698A70DADE2341A5274562A20D5741'::geometry))
                     Sort Method: top-N heapsort  Memory: 25kB
                     ->  Seq Scan on phoml_trajectory_tmp s_361  (cost=0.00..165745.68 rows=1 width=84) (actual time=0.030..0.620 rows=480 loops=1)
                           Filter: ((unix_time >= '1685451403.444'::double precision) AND (unix_time <= '1685451463.444'::double precision) AND st_dwithin(st_transform(the_geom, 25833), '0101000020E9640000FC698A70DADE2341A5274562A20D5741'::geometry, '300'::double precision))
                           Rows Removed by Filter: 3180
   ->  Subquery Scan on "*SELECT* 363"  (cost=165745.69..165745.70 rows=1 width=76) (actual time=0.679..0.680 rows=1 loops=1)
         ->  Limit  (cost=165745.69..165745.69 rows=1 width=84) (actual time=0.677..0.677 rows=1 loops=1)
               ->  Sort  (cost=165745.69..165745.69 rows=1 width=84) (actual time=0.675..0.675 rows=1 loops=1)
                     Sort Key: (st_distance(st_transform(s_362.the_geom, 25833), '0101000020E96400001277259FDEDE2341477D9F48A10D5741'::geometry))
                     Sort Method: top-N heapsort  Memory: 25kB
                     ->  Seq Scan on phoml_trajectory_tmp s_362  (cost=0.00..165745.68 rows=1 width=84) (actual time=0.030..0.605 rows=480 loops=1)
                           Filter: ((unix_time >= '1685451403.774'::double precision) AND (unix_time <= '1685451463.774'::double precision) AND st_dwithin(st_transform(the_geom, 25833), '0101000020E96400001277259FDEDE2341477D9F48A10D5741'::geometry, '300'::double precision))
                           Rows Removed by Filter: 3180
   ->  Subquery Scan on "*SELECT* 364"  (cost=165745.69..165745.70 rows=1 width=76) (actual time=0.711..0.712 rows=1 loops=1)
         ->  Limit  (cost=165745.69..165745.69 rows=1 width=84) (actual time=0.707..0.707 rows=1 loops=1)
               ->  Sort  (cost=165745.69..165745.69 rows=1 width=84) (actual time=0.705..0.705 rows=1 loops=1)
                     Sort Key: (st_distance(st_transform(s_363.the_geom, 25833), '0101000020E9640000D621C2F2E2DE2341648E2822A00D5741'::geometry))
                     Sort Method: top-N heapsort  Memory: 25kB
                     ->  Seq Scan on phoml_trajectory_tmp s_363  (cost=0.00..165745.68 rows=1 width=84) (actual time=0.028..0.630 rows=480 loops=1)
                           Filter: ((unix_time >= '1685451404.114'::double precision) AND (unix_time <= '1685451464.114'::double precision) AND st_dwithin(st_transform(the_geom, 25833), '0101000020E9640000D621C2F2E2DE2341648E2822A00D5741'::geometry, '300'::double precision))
                           Rows Removed by Filter: 3180
   ->  Subquery Scan on "*SELECT* 365"  (cost=165745.69..165745.70 rows=1 width=76) (actual time=0.711..0.712 rows=1 loops=1)
         ->  Limit  (cost=165745.69..165745.69 rows=1 width=84) (actual time=0.708..0.708 rows=1 loops=1)
               ->  Sort  (cost=165745.69..165745.69 rows=1 width=84) (actual time=0.705..0.706 rows=1 loops=1)
                     Sort Key: (st_distance(st_transform(s_364.the_geom, 25833), '0101000020E96400005232B702E7DE234188F8770B9F0D5741'::geometry))
                     Sort Method: top-N heapsort  Memory: 25kB
                     ->  Seq Scan on phoml_trajectory_tmp s_364  (cost=0.00..165745.68 rows=1 width=84) (actual time=0.027..0.634 rows=480 loops=1)
                           Filter: ((unix_time >= '1685451404.444'::double precision) AND (unix_time <= '1685451464.444'::double precision) AND st_dwithin(st_transform(the_geom, 25833), '0101000020E96400005232B702E7DE234188F8770B9F0D5741'::geometry, '300'::double precision))
                           Rows Removed by Filter: 3180
   ->  Subquery Scan on "*SELECT* 366"  (cost=165745.69..165745.70 rows=1 width=76) (actual time=0.684..0.685 rows=1 loops=1)
         ->  Limit  (cost=165745.69..165745.69 rows=1 width=84) (actual time=0.682..0.683 rows=1 loops=1)
               ->  Sort  (cost=165745.69..165745.69 rows=1 width=84) (actual time=0.680..0.680 rows=1 loops=1)
                     Sort Key: (st_distance(st_transform(s_365.the_geom, 25833), '0101000020E9640000C77A8A7BEBDE2341A1071AE09D0D5741'::geometry))
                     Sort Method: top-N heapsort  Memory: 25kB
                     ->  Seq Scan on phoml_trajectory_tmp s_365  (cost=0.00..165745.68 rows=1 width=84) (actual time=0.031..0.612 rows=476 loops=1)
                           Filter: ((unix_time >= '1685451404.794'::double precision) AND (unix_time <= '1685451464.794'::double precision) AND st_dwithin(st_transform(the_geom, 25833), '0101000020E9640000C77A8A7BEBDE2341A1071AE09D0D5741'::geometry, '300'::double precision))
                           Rows Removed by Filter: 3184
   ->  Subquery Scan on "*SELECT* 367"  (cost=165745.69..165745.70 rows=1 width=76) (actual time=0.694..0.696 rows=1 loops=1)
         ->  Limit  (cost=165745.69..165745.69 rows=1 width=84) (actual time=0.691..0.692 rows=1 loops=1)
               ->  Sort  (cost=165745.69..165745.69 rows=1 width=84) (actual time=0.689..0.690 rows=1 loops=1)
                     Sort Key: (st_distance(st_transform(s_366.the_geom, 25833), '0101000020E9640000BB669CAEEFDE2341F5E508CD9C0D5741'::geometry))
                     Sort Method: top-N heapsort  Memory: 25kB
                     ->  Seq Scan on phoml_trajectory_tmp s_366  (cost=0.00..165745.68 rows=1 width=84) (actual time=0.028..0.620 rows=480 loops=1)
                           Filter: ((unix_time >= '1685451405.124'::double precision) AND (unix_time <= '1685451465.124'::double precision) AND st_dwithin(st_transform(the_geom, 25833), '0101000020E9640000BB669CAEEFDE2341F5E508CD9C0D5741'::geometry, '300'::double precision))
                           Rows Removed by Filter: 3180
   ->  Subquery Scan on "*SELECT* 368"  (cost=165745.69..165745.70 rows=1 width=76) (actual time=0.678..0.679 rows=1 loops=1)
         ->  Limit  (cost=165745.69..165745.69 rows=1 width=84) (actual time=0.675..0.676 rows=1 loops=1)
               ->  Sort  (cost=165745.69..165745.69 rows=1 width=84) (actual time=0.673..0.673 rows=1 loops=1)
                     Sort Key: (st_distance(st_transform(s_367.the_geom, 25833), '0101000020E96400001FF6C707F4DE2341947B3AAC9B0D5741'::geometry))
                     Sort Method: top-N heapsort  Memory: 25kB
                     ->  Seq Scan on phoml_trajectory_tmp s_367  (cost=0.00..165745.68 rows=1 width=84) (actual time=0.027..0.602 rows=476 loops=1)
                           Filter: ((unix_time >= '1685451405.465'::double precision) AND (unix_time <= '1685451465.465'::double precision) AND st_dwithin(st_transform(the_geom, 25833), '0101000020E96400001FF6C707F4DE2341947B3AAC9B0D5741'::geometry, '300'::double precision))
                           Rows Removed by Filter: 3184
   ->  Subquery Scan on "*SELECT* 369"  (cost=165745.69..165745.70 rows=1 width=76) (actual time=0.691..0.692 rows=1 loops=1)
         ->  Limit  (cost=165745.69..165745.69 rows=1 width=84) (actual time=0.687..0.688 rows=1 loops=1)
               ->  Sort  (cost=165745.69..165745.69 rows=1 width=84) (actual time=0.686..0.686 rows=1 loops=1)
                     Sort Key: (st_distance(st_transform(s_368.the_geom, 25833), '0101000020E9640000365A0E63F8DE23411D15FC959A0D5741'::geometry))
                     Sort Method: top-N heapsort  Memory: 25kB
                     ->  Seq Scan on phoml_trajectory_tmp s_368  (cost=0.00..165745.68 rows=1 width=84) (actual time=0.029..0.605 rows=476 loops=1)
                           Filter: ((unix_time >= '1685451405.805'::double precision) AND (unix_time <= '1685451465.805'::double precision) AND st_dwithin(st_transform(the_geom, 25833), '0101000020E9640000365A0E63F8DE23411D15FC959A0D5741'::geometry, '300'::double precision))
                           Rows Removed by Filter: 3184
   ->  Subquery Scan on "*SELECT* 370"  (cost=165745.69..165745.70 rows=1 width=76) (actual time=0.702..0.703 rows=1 loops=1)
         ->  Limit  (cost=165745.69..165745.69 rows=1 width=84) (actual time=0.700..0.701 rows=1 loops=1)
               ->  Sort  (cost=165745.69..165745.69 rows=1 width=84) (actual time=0.698..0.699 rows=1 loops=1)
                     Sort Key: (st_distance(st_transform(s_369.the_geom, 25833), '0101000020E96400001CC0B0B8FCDE2341CD6E3C7A990D5741'::geometry))
                     Sort Method: top-N heapsort  Memory: 25kB
                     ->  Seq Scan on phoml_trajectory_tmp s_369  (cost=0.00..165745.68 rows=1 width=84) (actual time=0.040..0.628 rows=476 loops=1)
                           Filter: ((unix_time >= '1685451406.153'::double precision) AND (unix_time <= '1685451466.153'::double precision) AND st_dwithin(st_transform(the_geom, 25833), '0101000020E96400001CC0B0B8FCDE2341CD6E3C7A990D5741'::geometry, '300'::double precision))
                           Rows Removed by Filter: 3184
   ->  Subquery Scan on "*SELECT* 371"  (cost=165745.69..165745.70 rows=1 width=76) (actual time=0.707..0.708 rows=1 loops=1)
         ->  Limit  (cost=165745.69..165745.69 rows=1 width=84) (actual time=0.704..0.705 rows=1 loops=1)
               ->  Sort  (cost=165745.69..165745.69 rows=1 width=84) (actual time=0.702..0.703 rows=1 loops=1)
                     Sort Key: (st_distance(st_transform(s_370.the_geom, 25833), '0101000020E964000077B5AD1A01DF23415A338F4B980D5741'::geometry))
                     Sort Method: top-N heapsort  Memory: 25kB
                     ->  Seq Scan on phoml_trajectory_tmp s_370  (cost=0.00..165745.68 rows=1 width=84) (actual time=0.030..0.632 rows=476 loops=1)
                           Filter: ((unix_time >= '1685451406.483'::double precision) AND (unix_time <= '1685451466.483'::double precision) AND st_dwithin(st_transform(the_geom, 25833), '0101000020E964000077B5AD1A01DF23415A338F4B980D5741'::geometry, '300'::double precision))
                           Rows Removed by Filter: 3184
   ->  Subquery Scan on "*SELECT* 372"  (cost=165745.69..165745.70 rows=1 width=76) (actual time=0.693..0.694 rows=1 loops=1)
         ->  Limit  (cost=165745.69..165745.69 rows=1 width=84) (actual time=0.690..0.691 rows=1 loops=1)
               ->  Sort  (cost=165745.69..165745.69 rows=1 width=84) (actual time=0.688..0.688 rows=1 loops=1)
                     Sort Key: (st_distance(st_transform(s_371.the_geom, 25833), '0101000020E96400008B7A101905DF2341D8095F26970D5741'::geometry))
                     Sort Method: top-N heapsort  Memory: 25kB
                     ->  Seq Scan on phoml_trajectory_tmp s_371  (cost=0.00..165745.68 rows=1 width=84) (actual time=0.029..0.616 rows=476 loops=1)
                           Filter: ((unix_time >= '1685451406.813'::double precision) AND (unix_time <= '1685451466.813'::double precision) AND st_dwithin(st_transform(the_geom, 25833), '0101000020E96400008B7A101905DF2341D8095F26970D5741'::geometry, '300'::double precision))
                           Rows Removed by Filter: 3184
   ->  Subquery Scan on "*SELECT* 373"  (cost=165745.69..165745.70 rows=1 width=76) (actual time=0.678..0.678 rows=1 loops=1)
         ->  Limit  (cost=165745.69..165745.69 rows=1 width=84) (actual time=0.676..0.676 rows=1 loops=1)
               ->  Sort  (cost=165745.69..165745.69 rows=1 width=84) (actual time=0.665..0.665 rows=1 loops=1)
                     Sort Key: (st_distance(st_transform(s_372.the_geom, 25833), '0101000020E9640000EBEC138609DF2341E365B8E8950D5741'::geometry))
                     Sort Method: top-N heapsort  Memory: 25kB
                     ->  Seq Scan on phoml_trajectory_tmp s_372  (cost=0.00..165745.68 rows=1 width=84) (actual time=0.029..0.597 rows=476 loops=1)
                           Filter: ((unix_time >= '1685451407.169'::double precision) AND (unix_time <= '1685451467.169'::double precision) AND st_dwithin(st_transform(the_geom, 25833), '0101000020E9640000EBEC138609DF2341E365B8E8950D5741'::geometry, '300'::double precision))
                           Rows Removed by Filter: 3184
   ->  Subquery Scan on "*SELECT* 374"  (cost=165745.69..165745.70 rows=1 width=76) (actual time=0.684..0.685 rows=1 loops=1)
         ->  Limit  (cost=165745.69..165745.69 rows=1 width=84) (actual time=0.681..0.681 rows=1 loops=1)
               ->  Sort  (cost=165745.69..165745.69 rows=1 width=84) (actual time=0.679..0.679 rows=1 loops=1)
                     Sort Key: (st_distance(st_transform(s_373.the_geom, 25833), '0101000020E9640000D4809CAF0DDF234196527CCC940D5741'::geometry))
                     Sort Method: top-N heapsort  Memory: 25kB
                     ->  Seq Scan on phoml_trajectory_tmp s_373  (cost=0.00..165745.68 rows=1 width=84) (actual time=0.027..0.609 rows=476 loops=1)
                           Filter: ((unix_time >= '1685451407.5'::double precision) AND (unix_time <= '1685451467.5'::double precision) AND st_dwithin(st_transform(the_geom, 25833), '0101000020E9640000D4809CAF0DDF234196527CCC940D5741'::geometry, '300'::double precision))
                           Rows Removed by Filter: 3184
   ->  Subquery Scan on "*SELECT* 375"  (cost=165745.69..165745.70 rows=1 width=76) (actual time=0.675..0.676 rows=1 loops=1)
         ->  Limit  (cost=165745.69..165745.69 rows=1 width=84) (actual time=0.672..0.672 rows=1 loops=1)
               ->  Sort  (cost=165745.69..165745.69 rows=1 width=84) (actual time=0.670..0.670 rows=1 loops=1)
                     Sort Key: (st_distance(st_transform(s_374.the_geom, 25833), '0101000020E9640000A83A4ABE11DF23419463DFAC930D5741'::geometry))
                     Sort Method: top-N heapsort  Memory: 25kB
                     ->  Seq Scan on phoml_trajectory_tmp s_374  (cost=0.00..165745.68 rows=1 width=84) (actual time=0.031..0.599 rows=476 loops=1)
                           Filter: ((unix_time >= '1685451407.829'::double precision) AND (unix_time <= '1685451467.829'::double precision) AND st_dwithin(st_transform(the_geom, 25833), '0101000020E9640000A83A4ABE11DF23419463DFAC930D5741'::geometry, '300'::double precision))
                           Rows Removed by Filter: 3184
   ->  Subquery Scan on "*SELECT* 376"  (cost=165745.69..165745.70 rows=1 width=76) (actual time=0.658..0.659 rows=1 loops=1)
         ->  Limit  (cost=165745.69..165745.69 rows=1 width=84) (actual time=0.655..0.656 rows=1 loops=1)
               ->  Sort  (cost=165745.69..165745.69 rows=1 width=84) (actual time=0.653..0.654 rows=1 loops=1)
                     Sort Key: (st_distance(st_transform(s_375.the_geom, 25833), '0101000020E96400005B18DB1216DF23415A92F487920D5741'::geometry))
                     Sort Method: top-N heapsort  Memory: 25kB
                     ->  Seq Scan on phoml_trajectory_tmp s_375  (cost=0.00..165745.68 rows=1 width=84) (actual time=0.028..0.584 rows=476 loops=1)
                           Filter: ((unix_time >= '1685451408.181'::double precision) AND (unix_time <= '1685451468.181'::double precision) AND st_dwithin(st_transform(the_geom, 25833), '0101000020E96400005B18DB1216DF23415A92F487920D5741'::geometry, '300'::double precision))
                           Rows Removed by Filter: 3184
   ->  Subquery Scan on "*SELECT* 377"  (cost=165745.69..165745.70 rows=1 width=76) (actual time=0.697..0.698 rows=1 loops=1)
         ->  Limit  (cost=165745.69..165745.69 rows=1 width=84) (actual time=0.693..0.694 rows=1 loops=1)
               ->  Sort  (cost=165745.69..165745.69 rows=1 width=84) (actual time=0.692..0.692 rows=1 loops=1)
                     Sort Key: (st_distance(st_transform(s_376.the_geom, 25833), '0101000020E96400005510A24A1ADF234185925566910D5741'::geometry))
                     Sort Method: top-N heapsort  Memory: 25kB
                     ->  Seq Scan on phoml_trajectory_tmp s_376  (cost=0.00..165745.68 rows=1 width=84) (actual time=0.028..0.619 rows=476 loops=1)
                           Filter: ((unix_time >= '1685451408.521'::double precision) AND (unix_time <= '1685451468.521'::double precision) AND st_dwithin(st_transform(the_geom, 25833), '0101000020E96400005510A24A1ADF234185925566910D5741'::geometry, '300'::double precision))
                           Rows Removed by Filter: 3184
   ->  Subquery Scan on "*SELECT* 378"  (cost=165745.69..165745.70 rows=1 width=76) (actual time=0.682..0.683 rows=1 loops=1)
         ->  Limit  (cost=165745.69..165745.69 rows=1 width=84) (actual time=0.678..0.679 rows=1 loops=1)
               ->  Sort  (cost=165745.69..165745.69 rows=1 width=84) (actual time=0.676..0.677 rows=1 loops=1)
                     Sort Key: (st_distance(st_transform(s_377.the_geom, 25833), '0101000020E9640000D905359D1EDF23411840C247900D5741'::geometry))
                     Sort Method: top-N heapsort  Memory: 25kB
                     ->  Seq Scan on phoml_trajectory_tmp s_377  (cost=0.00..165745.68 rows=1 width=84) (actual time=0.029..0.606 rows=476 loops=1)
                           Filter: ((unix_time >= '1685451408.861'::double precision) AND (unix_time <= '1685451468.861'::double precision) AND st_dwithin(st_transform(the_geom, 25833), '0101000020E9640000D905359D1EDF23411840C247900D5741'::geometry, '300'::double precision))
                           Rows Removed by Filter: 3184
   ->  Subquery Scan on "*SELECT* 379"  (cost=165745.69..165745.70 rows=1 width=76) (actual time=0.731..0.733 rows=1 loops=1)
         ->  Limit  (cost=165745.69..165745.69 rows=1 width=84) (actual time=0.725..0.726 rows=1 loops=1)
               ->  Sort  (cost=165745.69..165745.69 rows=1 width=84) (actual time=0.723..0.724 rows=1 loops=1)
                     Sort Key: (st_distance(st_transform(s_378.the_geom, 25833), '0101000020E9640000A36330D022DF2341A212C32A8F0D5741'::geometry))
                     Sort Method: top-N heapsort  Memory: 25kB
                     ->  Seq Scan on phoml_trajectory_tmp s_378  (cost=0.00..165745.68 rows=1 width=84) (actual time=0.033..0.651 rows=476 loops=1)
                           Filter: ((unix_time >= '1685451409.194'::double precision) AND (unix_time <= '1685451469.194'::double precision) AND st_dwithin(st_transform(the_geom, 25833), '0101000020E9640000A36330D022DF2341A212C32A8F0D5741'::geometry, '300'::double precision))
                           Rows Removed by Filter: 3184
   ->  Subquery Scan on "*SELECT* 380"  (cost=165745.69..165745.70 rows=1 width=76) (actual time=0.684..0.684 rows=1 loops=1)
         ->  Limit  (cost=165745.69..165745.69 rows=1 width=84) (actual time=0.681..0.682 rows=1 loops=1)
               ->  Sort  (cost=165745.69..165745.69 rows=1 width=84) (actual time=0.679..0.680 rows=1 loops=1)
                     Sort Key: (st_distance(st_transform(s_379.the_geom, 25833), '0101000020E9640000C095A5DD26DF2341513EDC128E0D5741'::geometry))
                     Sort Method: top-N heapsort  Memory: 25kB
                     ->  Seq Scan on phoml_trajectory_tmp s_379  (cost=0.00..165745.68 rows=1 width=84) (actual time=0.034..0.605 rows=476 loops=1)
                           Filter: ((unix_time >= '1685451409.524'::double precision) AND (unix_time <= '1685451469.524'::double precision) AND st_dwithin(st_transform(the_geom, 25833), '0101000020E9640000C095A5DD26DF2341513EDC128E0D5741'::geometry, '300'::double precision))
                           Rows Removed by Filter: 3184
   ->  Subquery Scan on "*SELECT* 381"  (cost=165745.69..165745.70 rows=1 width=76) (actual time=0.713..0.714 rows=1 loops=1)
         ->  Limit  (cost=165745.69..165745.69 rows=1 width=84) (actual time=0.709..0.710 rows=1 loops=1)
               ->  Sort  (cost=165745.69..165745.69 rows=1 width=84) (actual time=0.707..0.708 rows=1 loops=1)
                     Sort Key: (st_distance(st_transform(s_380.the_geom, 25833), '0101000020E96400007E8504522BDF2341C2E991EC8C0D5741'::geometry))
                     Sort Method: top-N heapsort  Memory: 25kB
                     ->  Seq Scan on phoml_trajectory_tmp s_380  (cost=0.00..165745.68 rows=1 width=84) (actual time=0.029..0.635 rows=476 loops=1)
                           Filter: ((unix_time >= '1685451409.874'::double precision) AND (unix_time <= '1685451469.874'::double precision) AND st_dwithin(st_transform(the_geom, 25833), '0101000020E96400007E8504522BDF2341C2E991EC8C0D5741'::geometry, '300'::double precision))
                           Rows Removed by Filter: 3184
   ->  Subquery Scan on "*SELECT* 382"  (cost=165745.69..165745.70 rows=1 width=76) (actual time=0.675..0.676 rows=1 loops=1)
         ->  Limit  (cost=165745.69..165745.69 rows=1 width=84) (actual time=0.672..0.673 rows=1 loops=1)
               ->  Sort  (cost=165745.69..165745.69 rows=1 width=84) (actual time=0.670..0.670 rows=1 loops=1)
                     Sort Key: (st_distance(st_transform(s_381.the_geom, 25833), '0101000020E9640000E773697F2FDF234159BD41C28B0D5741'::geometry))
                     Sort Method: top-N heapsort  Memory: 25kB
                     ->  Seq Scan on phoml_trajectory_tmp s_381  (cost=0.00..165745.68 rows=1 width=84) (actual time=0.033..0.600 rows=476 loops=1)
                           Filter: ((unix_time >= '1685451410.218'::double precision) AND (unix_time <= '1685451470.218'::double precision) AND st_dwithin(st_transform(the_geom, 25833), '0101000020E9640000E773697F2FDF234159BD41C28B0D5741'::geometry, '300'::double precision))
                           Rows Removed by Filter: 3184
   ->  Subquery Scan on "*SELECT* 383"  (cost=165745.69..165745.70 rows=1 width=76) (actual time=0.651..0.652 rows=1 loops=1)
         ->  Limit  (cost=165745.69..165745.69 rows=1 width=84) (actual time=0.649..0.650 rows=1 loops=1)
               ->  Sort  (cost=165745.69..165745.69 rows=1 width=84) (actual time=0.647..0.647 rows=1 loops=1)
                     Sort Key: (st_distance(st_transform(s_382.the_geom, 25833), '0101000020E96400009DC665D133DF23414D9A139B8A0D5741'::geometry))
                     Sort Method: top-N heapsort  Memory: 25kB
                     ->  Seq Scan on phoml_trajectory_tmp s_382  (cost=0.00..165745.68 rows=1 width=84) (actual time=0.028..0.579 rows=476 loops=1)
                           Filter: ((unix_time >= '1685451410.558'::double precision) AND (unix_time <= '1685451470.558'::double precision) AND st_dwithin(st_transform(the_geom, 25833), '0101000020E96400009DC665D133DF23414D9A139B8A0D5741'::geometry, '300'::double precision))
                           Rows Removed by Filter: 3184
   ->  Subquery Scan on "*SELECT* 384"  (cost=165745.69..165745.70 rows=1 width=76) (actual time=0.655..0.657 rows=1 loops=1)
         ->  Limit  (cost=165745.69..165745.69 rows=1 width=84) (actual time=0.653..0.653 rows=1 loops=1)
               ->  Sort  (cost=165745.69..165745.69 rows=1 width=84) (actual time=0.651..0.651 rows=1 loops=1)
                     Sort Key: (st_distance(st_transform(s_383.the_geom, 25833), '0101000020E964000072E820FD37DF234145AD0778890D5741'::geometry))
                     Sort Method: top-N heapsort  Memory: 25kB
                     ->  Seq Scan on phoml_trajectory_tmp s_383  (cost=0.00..165745.68 rows=1 width=84) (actual time=0.027..0.581 rows=476 loops=1)
                           Filter: ((unix_time >= '1685451410.898'::double precision) AND (unix_time <= '1685451470.898'::double precision) AND st_dwithin(st_transform(the_geom, 25833), '0101000020E964000072E820FD37DF234145AD0778890D5741'::geometry, '300'::double precision))
                           Rows Removed by Filter: 3184
   ->  Subquery Scan on "*SELECT* 385"  (cost=165745.69..165745.70 rows=1 width=76) (actual time=0.677..0.678 rows=1 loops=1)
         ->  Limit  (cost=165745.69..165745.69 rows=1 width=84) (actual time=0.673..0.674 rows=1 loops=1)
               ->  Sort  (cost=165745.69..165745.69 rows=1 width=84) (actual time=0.672..0.672 rows=1 loops=1)
                     Sort Key: (st_distance(st_transform(s_384.the_geom, 25833), '0101000020E9640000A8912B2A3CDF23411E473756880D5741'::geometry))
                     Sort Method: top-N heapsort  Memory: 25kB
                     ->  Seq Scan on phoml_trajectory_tmp s_384  (cost=0.00..165745.68 rows=1 width=84) (actual time=0.030..0.603 rows=476 loops=1)
                           Filter: ((unix_time >= '1685451411.233'::double precision) AND (unix_time <= '1685451471.233'::double precision) AND st_dwithin(st_transform(the_geom, 25833), '0101000020E9640000A8912B2A3CDF23411E473756880D5741'::geometry, '300'::double precision))
                           Rows Removed by Filter: 3184
   ->  Subquery Scan on "*SELECT* 386"  (cost=165745.69..165745.70 rows=1 width=76) (actual time=0.666..0.667 rows=1 loops=1)
         ->  Limit  (cost=165745.69..165745.69 rows=1 width=84) (actual time=0.664..0.665 rows=1 loops=1)
               ->  Sort  (cost=165745.69..165745.69 rows=1 width=84) (actual time=0.662..0.663 rows=1 loops=1)
                     Sort Key: (st_distance(st_transform(s_385.the_geom, 25833), '0101000020E964000094D02E5540DF2341D45FFD34870D5741'::geometry))
                     Sort Method: top-N heapsort  Memory: 25kB
                     ->  Seq Scan on phoml_trajectory_tmp s_385  (cost=0.00..165745.68 rows=1 width=84) (actual time=0.032..0.595 rows=476 loops=1)
                           Filter: ((unix_time >= '1685451411.573'::double precision) AND (unix_time <= '1685451471.573'::double precision) AND st_dwithin(st_transform(the_geom, 25833), '0101000020E964000094D02E5540DF2341D45FFD34870D5741'::geometry, '300'::double precision))
                           Rows Removed by Filter: 3184
   ->  Subquery Scan on "*SELECT* 387"  (cost=165745.69..165745.70 rows=1 width=76) (actual time=0.679..0.680 rows=1 loops=1)
         ->  Limit  (cost=165745.69..165745.69 rows=1 width=84) (actual time=0.677..0.678 rows=1 loops=1)
               ->  Sort  (cost=165745.69..165745.69 rows=1 width=84) (actual time=0.675..0.676 rows=1 loops=1)
                     Sort Key: (st_distance(st_transform(s_386.the_geom, 25833), '0101000020E96400004F5E6B7F44DF23418CDABB0E860D5741'::geometry))
                     Sort Method: top-N heapsort  Memory: 25kB
                     ->  Seq Scan on phoml_trajectory_tmp s_386  (cost=0.00..165745.68 rows=1 width=84) (actual time=0.038..0.607 rows=476 loops=1)
                           Filter: ((unix_time >= '1685451411.913'::double precision) AND (unix_time <= '1685451471.913'::double precision) AND st_dwithin(st_transform(the_geom, 25833), '0101000020E96400004F5E6B7F44DF23418CDABB0E860D5741'::geometry, '300'::double precision))
                           Rows Removed by Filter: 3184
   ->  Subquery Scan on "*SELECT* 388"  (cost=165745.69..165745.70 rows=1 width=76) (actual time=0.667..0.668 rows=1 loops=1)
         ->  Limit  (cost=165745.69..165745.69 rows=1 width=84) (actual time=0.664..0.665 rows=1 loops=1)
               ->  Sort  (cost=165745.69..165745.69 rows=1 width=84) (actual time=0.662..0.662 rows=1 loops=1)
                     Sort Key: (st_distance(st_transform(s_387.the_geom, 25833), '0101000020E9640000A5D645AB48DF2341074BA4E4840D5741'::geometry))
                     Sort Method: top-N heapsort  Memory: 25kB
                     ->  Seq Scan on phoml_trajectory_tmp s_387  (cost=0.00..165745.68 rows=1 width=84) (actual time=0.029..0.595 rows=476 loops=1)
                           Filter: ((unix_time >= '1685451412.257'::double precision) AND (unix_time <= '1685451472.257'::double precision) AND st_dwithin(st_transform(the_geom, 25833), '0101000020E9640000A5D645AB48DF2341074BA4E4840D5741'::geometry, '300'::double precision))
                           Rows Removed by Filter: 3184
   ->  Subquery Scan on "*SELECT* 389"  (cost=165745.69..165745.70 rows=1 width=76) (actual time=0.671..0.673 rows=1 loops=1)
         ->  Limit  (cost=165745.69..165745.69 rows=1 width=84) (actual time=0.669..0.669 rows=1 loops=1)
               ->  Sort  (cost=165745.69..165745.69 rows=1 width=84) (actual time=0.666..0.667 rows=1 loops=1)
                     Sort Key: (st_distance(st_transform(s_388.the_geom, 25833), '0101000020E9640000E71DF6B04CDF2341ADFCB7C0830D5741'::geometry))
                     Sort Method: top-N heapsort  Memory: 25kB
                     ->  Seq Scan on phoml_trajectory_tmp s_388  (cost=0.00..165745.68 rows=1 width=84) (actual time=0.030..0.590 rows=476 loops=1)
                           Filter: ((unix_time >= '1685451412.587'::double precision) AND (unix_time <= '1685451472.587'::double precision) AND st_dwithin(st_transform(the_geom, 25833), '0101000020E9640000E71DF6B04CDF2341ADFCB7C0830D5741'::geometry, '300'::double precision))
                           Rows Removed by Filter: 3184
   ->  Subquery Scan on "*SELECT* 390"  (cost=165745.69..165745.70 rows=1 width=76) (actual time=0.648..0.649 rows=1 loops=1)
         ->  Limit  (cost=165745.69..165745.69 rows=1 width=84) (actual time=0.646..0.647 rows=1 loops=1)
               ->  Sort  (cost=165745.69..165745.69 rows=1 width=84) (actual time=0.644..0.645 rows=1 loops=1)
                     Sort Key: (st_distance(st_transform(s_389.the_geom, 25833), '0101000020E96400007FEF16D550DF234130E2E48F820D5741'::geometry))
                     Sort Method: top-N heapsort  Memory: 25kB
                     ->  Seq Scan on phoml_trajectory_tmp s_389  (cost=0.00..165745.68 rows=1 width=84) (actual time=0.031..0.579 rows=472 loops=1)
                           Filter: ((unix_time >= '1685451412.937'::double precision) AND (unix_time <= '1685451472.937'::double precision) AND st_dwithin(st_transform(the_geom, 25833), '0101000020E96400007FEF16D550DF234130E2E48F820D5741'::geometry, '300'::double precision))
                           Rows Removed by Filter: 3188
   ->  Subquery Scan on "*SELECT* 391"  (cost=165745.69..165745.70 rows=1 width=76) (actual time=0.668..0.669 rows=1 loops=1)
         ->  Limit  (cost=165745.69..165745.69 rows=1 width=84) (actual time=0.665..0.666 rows=1 loops=1)
               ->  Sort  (cost=165745.69..165745.69 rows=1 width=84) (actual time=0.663..0.663 rows=1 loops=1)
                     Sort Key: (st_distance(st_transform(s_390.the_geom, 25833), '0101000020E9640000B6FEBAD454DF2341052EC866810D5741'::geometry))
                     Sort Method: top-N heapsort  Memory: 25kB
                     ->  Seq Scan on phoml_trajectory_tmp s_390  (cost=0.00..165745.68 rows=1 width=84) (actual time=0.028..0.596 rows=476 loops=1)
                           Filter: ((unix_time >= '1685451413.282'::double precision) AND (unix_time <= '1685451473.282'::double precision) AND st_dwithin(st_transform(the_geom, 25833), '0101000020E9640000B6FEBAD454DF2341052EC866810D5741'::geometry, '300'::double precision))
                           Rows Removed by Filter: 3184
   ->  Subquery Scan on "*SELECT* 392"  (cost=165745.69..165745.70 rows=1 width=76) (actual time=0.664..0.666 rows=1 loops=1)
         ->  Limit  (cost=165745.69..165745.69 rows=1 width=84) (actual time=0.661..0.662 rows=1 loops=1)
               ->  Sort  (cost=165745.69..165745.69 rows=1 width=84) (actual time=0.660..0.660 rows=1 loops=1)
                     Sort Key: (st_distance(st_transform(s_391.the_geom, 25833), '0101000020E96400006897A7D058DF2341835F2C30800D5741'::geometry))
                     Sort Method: top-N heapsort  Memory: 25kB
                     ->  Seq Scan on phoml_trajectory_tmp s_391  (cost=0.00..165745.68 rows=1 width=84) (actual time=0.030..0.586 rows=476 loops=1)
                           Filter: ((unix_time >= '1685451413.632'::double precision) AND (unix_time <= '1685451473.632'::double precision) AND st_dwithin(st_transform(the_geom, 25833), '0101000020E96400006897A7D058DF2341835F2C30800D5741'::geometry, '300'::double precision))
                           Rows Removed by Filter: 3184
   ->  Subquery Scan on "*SELECT* 393"  (cost=165745.69..165745.70 rows=1 width=76) (actual time=0.653..0.654 rows=1 loops=1)
         ->  Limit  (cost=165745.69..165745.69 rows=1 width=84) (actual time=0.650..0.651 rows=1 loops=1)
               ->  Sort  (cost=165745.69..165745.69 rows=1 width=84) (actual time=0.648..0.649 rows=1 loops=1)
                     Sort Key: (st_distance(st_transform(s_392.the_geom, 25833), '0101000020E9640000B4C380AC5CDF234152A4A4FB7E0D5741'::geometry))
                     Sort Method: top-N heapsort  Memory: 25kB
                     ->  Seq Scan on phoml_trajectory_tmp s_392  (cost=0.00..165745.68 rows=1 width=84) (actual time=0.029..0.579 rows=476 loops=1)
                           Filter: ((unix_time >= '1685451413.992'::double precision) AND (unix_time <= '1685451473.992'::double precision) AND st_dwithin(st_transform(the_geom, 25833), '0101000020E9640000B4C380AC5CDF234152A4A4FB7E0D5741'::geometry, '300'::double precision))
                           Rows Removed by Filter: 3184
   ->  Subquery Scan on "*SELECT* 394"  (cost=165745.69..165745.70 rows=1 width=76) (actual time=0.677..0.678 rows=1 loops=1)
         ->  Limit  (cost=165745.69..165745.69 rows=1 width=84) (actual time=0.674..0.675 rows=1 loops=1)
               ->  Sort  (cost=165745.69..165745.69 rows=1 width=84) (actual time=0.672..0.673 rows=1 loops=1)
                     Sort Key: (st_distance(st_transform(s_393.the_geom, 25833), '0101000020E9640000943DAB8160DF2341CE60A5B97D0D5741'::geometry))
                     Sort Method: top-N heapsort  Memory: 25kB
                     ->  Seq Scan on phoml_trajectory_tmp s_393  (cost=0.00..165745.68 rows=1 width=84) (actual time=0.030..0.605 rows=472 loops=1)
                           Filter: ((unix_time >= '1685451414.356'::double precision) AND (unix_time <= '1685451474.356'::double precision) AND st_dwithin(st_transform(the_geom, 25833), '0101000020E9640000943DAB8160DF2341CE60A5B97D0D5741'::geometry, '300'::double precision))
                           Rows Removed by Filter: 3188
   ->  Subquery Scan on "*SELECT* 395"  (cost=165745.69..165745.70 rows=1 width=76) (actual time=0.698..0.699 rows=1 loops=1)
         ->  Limit  (cost=165745.69..165745.69 rows=1 width=84) (actual time=0.694..0.695 rows=1 loops=1)
               ->  Sort  (cost=165745.69..165745.69 rows=1 width=84) (actual time=0.692..0.692 rows=1 loops=1)
                     Sort Key: (st_distance(st_transform(s_394.the_geom, 25833), '0101000020E964000043516E2764DF2341B650C0847C0D5741'::geometry))
                     Sort Method: top-N heapsort  Memory: 25kB
                     ->  Seq Scan on phoml_trajectory_tmp s_394  (cost=0.00..165745.68 rows=1 width=84) (actual time=0.029..0.618 rows=472 loops=1)
                           Filter: ((unix_time >= '1685451414.715'::double precision) AND (unix_time <= '1685451474.715'::double precision) AND st_dwithin(st_transform(the_geom, 25833), '0101000020E964000043516E2764DF2341B650C0847C0D5741'::geometry, '300'::double precision))
                           Rows Removed by Filter: 3188
   ->  Subquery Scan on "*SELECT* 396"  (cost=165745.69..165745.70 rows=1 width=76) (actual time=0.681..0.682 rows=1 loops=1)
         ->  Limit  (cost=165745.69..165745.69 rows=1 width=84) (actual time=0.679..0.680 rows=1 loops=1)
               ->  Sort  (cost=165745.69..165745.69 rows=1 width=84) (actual time=0.677..0.677 rows=1 loops=1)
                     Sort Key: (st_distance(st_transform(s_395.the_geom, 25833), '0101000020E964000010B3E9AD67DF23411010943C7B0D5741'::geometry))
                     Sort Method: top-N heapsort  Memory: 25kB
                     ->  Seq Scan on phoml_trajectory_tmp s_395  (cost=0.00..165745.68 rows=1 width=84) (actual time=0.047..0.609 rows=472 loops=1)
                           Filter: ((unix_time >= '1685451415.086'::double precision) AND (unix_time <= '1685451475.086'::double precision) AND st_dwithin(st_transform(the_geom, 25833), '0101000020E964000010B3E9AD67DF23411010943C7B0D5741'::geometry, '300'::double precision))
                           Rows Removed by Filter: 3188
   ->  Subquery Scan on "*SELECT* 397"  (cost=165745.69..165745.70 rows=1 width=76) (actual time=0.707..0.708 rows=1 loops=1)
         ->  Limit  (cost=165745.69..165745.69 rows=1 width=84) (actual time=0.703..0.704 rows=1 loops=1)
               ->  Sort  (cost=165745.69..165745.69 rows=1 width=84) (actual time=0.702..0.702 rows=1 loops=1)
                     Sort Key: (st_distance(st_transform(s_396.the_geom, 25833), '0101000020E96400007E7A6A0A6BDF234127EAEEEE790D5741'::geometry))
                     Sort Method: top-N heapsort  Memory: 25kB
                     ->  Seq Scan on phoml_trajectory_tmp s_396  (cost=0.00..165745.68 rows=1 width=84) (actual time=0.030..0.635 rows=472 loops=1)
                           Filter: ((unix_time >= '1685451415.47'::double precision) AND (unix_time <= '1685451475.47'::double precision) AND st_dwithin(st_transform(the_geom, 25833), '0101000020E96400007E7A6A0A6BDF234127EAEEEE790D5741'::geometry, '300'::double precision))
                           Rows Removed by Filter: 3188
   ->  Subquery Scan on "*SELECT* 398"  (cost=165745.69..165745.70 rows=1 width=76) (actual time=0.673..0.674 rows=1 loops=1)
         ->  Limit  (cost=165745.69..165745.69 rows=1 width=84) (actual time=0.670..0.670 rows=1 loops=1)
               ->  Sort  (cost=165745.69..165745.69 rows=1 width=84) (actual time=0.668..0.668 rows=1 loops=1)
                     Sort Key: (st_distance(st_transform(s_397.the_geom, 25833), '0101000020E96400000B3C423C6EDF2341C0DBA9A8780D5741'::geometry))
                     Sort Method: top-N heapsort  Memory: 25kB
                     ->  Seq Scan on phoml_trajectory_tmp s_397  (cost=0.00..165745.68 rows=1 width=84) (actual time=0.033..0.594 rows=472 loops=1)
                           Filter: ((unix_time >= '1685451415.84'::double precision) AND (unix_time <= '1685451475.84'::double precision) AND st_dwithin(st_transform(the_geom, 25833), '0101000020E96400000B3C423C6EDF2341C0DBA9A8780D5741'::geometry, '300'::double precision))
                           Rows Removed by Filter: 3188
   ->  Subquery Scan on "*SELECT* 399"  (cost=165745.69..165745.70 rows=1 width=76) (actual time=0.646..0.647 rows=1 loops=1)
         ->  Limit  (cost=165745.69..165745.69 rows=1 width=84) (actual time=0.644..0.645 rows=1 loops=1)
               ->  Sort  (cost=165745.69..165745.69 rows=1 width=84) (actual time=0.642..0.642 rows=1 loops=1)
                     Sort Key: (st_distance(st_transform(s_398.the_geom, 25833), '0101000020E9640000581BDC3371DF23417FB4554D770D5741'::geometry))
                     Sort Method: top-N heapsort  Memory: 25kB
                     ->  Seq Scan on phoml_trajectory_tmp s_398  (cost=0.00..165745.68 rows=1 width=84) (actual time=0.031..0.572 rows=472 loops=1)
                           Filter: ((unix_time >= '1685451416.233'::double precision) AND (unix_time <= '1685451476.233'::double precision) AND st_dwithin(st_transform(the_geom, 25833), '0101000020E9640000581BDC3371DF23417FB4554D770D5741'::geometry, '300'::double precision))
                           Rows Removed by Filter: 3188
   ->  Subquery Scan on "*SELECT* 400"  (cost=165745.69..165745.70 rows=1 width=76) (actual time=0.670..0.671 rows=1 loops=1)
         ->  Limit  (cost=165745.69..165745.69 rows=1 width=84) (actual time=0.667..0.668 rows=1 loops=1)
               ->  Sort  (cost=165745.69..165745.69 rows=1 width=84) (actual time=0.665..0.666 rows=1 loops=1)
                     Sort Key: (st_distance(st_transform(s_399.the_geom, 25833), '0101000020E964000008DD5A0974DF234172D6EDFA750D5741'::geometry))
                     Sort Method: top-N heapsort  Memory: 25kB
                     ->  Seq Scan on phoml_trajectory_tmp s_399  (cost=0.00..165745.68 rows=1 width=84) (actual time=0.028..0.598 rows=472 loops=1)
                           Filter: ((unix_time >= '1685451416.623'::double precision) AND (unix_time <= '1685451476.623'::double precision) AND st_dwithin(st_transform(the_geom, 25833), '0101000020E964000008DD5A0974DF234172D6EDFA750D5741'::geometry, '300'::double precision))
                           Rows Removed by Filter: 3188
   ->  Subquery Scan on "*SELECT* 401"  (cost=165745.69..165745.70 rows=1 width=76) (actual time=0.676..0.677 rows=1 loops=1)
         ->  Limit  (cost=165745.69..165745.69 rows=1 width=84) (actual time=0.673..0.673 rows=1 loops=1)
               ->  Sort  (cost=165745.69..165745.69 rows=1 width=84) (actual time=0.671..0.671 rows=1 loops=1)
                     Sort Key: (st_distance(st_transform(s_400.the_geom, 25833), '0101000020E9640000644CB38276DF23417E44A6A8740D5741'::geometry))
                     Sort Method: top-N heapsort  Memory: 25kB
                     ->  Seq Scan on phoml_trajectory_tmp s_400  (cost=0.00..165745.68 rows=1 width=84) (actual time=0.030..0.605 rows=472 loops=1)
                           Filter: ((unix_time >= '1685451417.013'::double precision) AND (unix_time <= '1685451477.013'::double precision) AND st_dwithin(st_transform(the_geom, 25833), '0101000020E9640000644CB38276DF23417E44A6A8740D5741'::geometry, '300'::double precision))
                           Rows Removed by Filter: 3188
   ->  Subquery Scan on "*SELECT* 402"  (cost=165745.69..165745.70 rows=1 width=76) (actual time=0.655..0.656 rows=1 loops=1)
         ->  Limit  (cost=165745.69..165745.69 rows=1 width=84) (actual time=0.654..0.654 rows=1 loops=1)
               ->  Sort  (cost=165745.69..165745.69 rows=1 width=84) (actual time=0.651..0.652 rows=1 loops=1)
                     Sort Key: (st_distance(st_transform(s_401.the_geom, 25833), '0101000020E964000084D55DF178DF23417372864F730D5741'::geometry))
                     Sort Method: top-N heapsort  Memory: 25kB
                     ->  Seq Scan on phoml_trajectory_tmp s_401  (cost=0.00..165745.68 rows=1 width=84) (actual time=0.032..0.585 rows=472 loops=1)
                           Filter: ((unix_time >= '1685451417.418'::double precision) AND (unix_time <= '1685451477.418'::double precision) AND st_dwithin(st_transform(the_geom, 25833), '0101000020E964000084D55DF178DF23417372864F730D5741'::geometry, '300'::double precision))
                           Rows Removed by Filter: 3188
   ->  Subquery Scan on "*SELECT* 403"  (cost=165745.69..165745.70 rows=1 width=76) (actual time=0.667..0.668 rows=1 loops=1)
         ->  Limit  (cost=165745.69..165745.69 rows=1 width=84) (actual time=0.665..0.666 rows=1 loops=1)
               ->  Sort  (cost=165745.69..165745.69 rows=1 width=84) (actual time=0.663..0.664 rows=1 loops=1)
                     Sort Key: (st_distance(st_transform(s_402.the_geom, 25833), '0101000020E9640000FD8CF4417BDF2341F541AEF7710D5741'::geometry))
                     Sort Method: top-N heapsort  Memory: 25kB
                     ->  Seq Scan on phoml_trajectory_tmp s_402  (cost=0.00..165745.68 rows=1 width=84) (actual time=0.039..0.594 rows=472 loops=1)
                           Filter: ((unix_time >= '1685451417.828'::double precision) AND (unix_time <= '1685451477.828'::double precision) AND st_dwithin(st_transform(the_geom, 25833), '0101000020E9640000FD8CF4417BDF2341F541AEF7710D5741'::geometry, '300'::double precision))
                           Rows Removed by Filter: 3188
   ->  Subquery Scan on "*SELECT* 404"  (cost=165745.69..165745.70 rows=1 width=76) (actual time=0.661..0.661 rows=1 loops=1)
         ->  Limit  (cost=165745.69..165745.69 rows=1 width=84) (actual time=0.657..0.658 rows=1 loops=1)
               ->  Sort  (cost=165745.69..165745.69 rows=1 width=84) (actual time=0.656..0.656 rows=1 loops=1)
                     Sort Key: (st_distance(st_transform(s_403.the_geom, 25833), '0101000020E9640000BF5660587DDF2341C6274BAA700D5741'::geometry))
                     Sort Method: top-N heapsort  Memory: 25kB
                     ->  Seq Scan on phoml_trajectory_tmp s_403  (cost=0.00..165745.68 rows=1 width=84) (actual time=0.029..0.589 rows=472 loops=1)
                           Filter: ((unix_time >= '1685451418.242'::double precision) AND (unix_time <= '1685451478.242'::double precision) AND st_dwithin(st_transform(the_geom, 25833), '0101000020E9640000BF5660587DDF2341C6274BAA700D5741'::geometry, '300'::double precision))
                           Rows Removed by Filter: 3188
   ->  Subquery Scan on "*SELECT* 405"  (cost=165745.69..165745.70 rows=1 width=76) (actual time=0.673..0.674 rows=1 loops=1)
         ->  Limit  (cost=165745.69..165745.69 rows=1 width=84) (actual time=0.670..0.671 rows=1 loops=1)
               ->  Sort  (cost=165745.69..165745.69 rows=1 width=84) (actual time=0.668..0.668 rows=1 loops=1)
                     Sort Key: (st_distance(st_transform(s_404.the_geom, 25833), '0101000020E96400004C64135C7FDF2341E88EC4486F0D5741'::geometry))
                     Sort Method: top-N heapsort  Memory: 25kB
                     ->  Seq Scan on phoml_trajectory_tmp s_404  (cost=0.00..165745.68 rows=1 width=84) (actual time=0.030..0.597 rows=476 loops=1)
                           Filter: ((unix_time >= '1685451418.672'::double precision) AND (unix_time <= '1685451478.672'::double precision) AND st_dwithin(st_transform(the_geom, 25833), '0101000020E96400004C64135C7FDF2341E88EC4486F0D5741'::geometry, '300'::double precision))
                           Rows Removed by Filter: 3184
   ->  Subquery Scan on "*SELECT* 406"  (cost=165745.69..165745.70 rows=1 width=76) (actual time=0.680..0.681 rows=1 loops=1)
         ->  Limit  (cost=165745.69..165745.69 rows=1 width=84) (actual time=0.678..0.678 rows=1 loops=1)
               ->  Sort  (cost=165745.69..165745.69 rows=1 width=84) (actual time=0.676..0.676 rows=1 loops=1)
                     Sort Key: (st_distance(st_transform(s_405.the_geom, 25833), '0101000020E9640000F2E3C3F480DF23418B0B63E96D0D5741'::geometry))
                     Sort Method: top-N heapsort  Memory: 25kB
                     ->  Seq Scan on phoml_trajectory_tmp s_405  (cost=0.00..165745.68 rows=1 width=84) (actual time=0.046..0.604 rows=476 loops=1)
                           Filter: ((unix_time >= '1685451419.102'::double precision) AND (unix_time <= '1685451479.102'::double precision) AND st_dwithin(st_transform(the_geom, 25833), '0101000020E9640000F2E3C3F480DF23418B0B63E96D0D5741'::geometry, '300'::double precision))
                           Rows Removed by Filter: 3184
   ->  Subquery Scan on "*SELECT* 407"  (cost=165745.69..165745.70 rows=1 width=76) (actual time=0.671..0.673 rows=1 loops=1)
         ->  Limit  (cost=165745.69..165745.69 rows=1 width=84) (actual time=0.668..0.669 rows=1 loops=1)
               ->  Sort  (cost=165745.69..165745.69 rows=1 width=84) (actual time=0.666..0.667 rows=1 loops=1)
                     Sort Key: (st_distance(st_transform(s_406.the_geom, 25833), '0101000020E96400008A6A238582DF23415919828E6C0D5741'::geometry))
                     Sort Method: top-N heapsort  Memory: 25kB
                     ->  Seq Scan on phoml_trajectory_tmp s_406  (cost=0.00..165745.68 rows=1 width=84) (actual time=0.028..0.598 rows=476 loops=1)
                           Filter: ((unix_time >= '1685451419.538'::double precision) AND (unix_time <= '1685451479.538'::double precision) AND st_dwithin(st_transform(the_geom, 25833), '0101000020E96400008A6A238582DF23415919828E6C0D5741'::geometry, '300'::double precision))
                           Rows Removed by Filter: 3184
   ->  Subquery Scan on "*SELECT* 408"  (cost=165745.69..165745.70 rows=1 width=76) (actual time=0.685..0.687 rows=1 loops=1)
         ->  Limit  (cost=165745.69..165745.69 rows=1 width=84) (actual time=0.682..0.683 rows=1 loops=1)
               ->  Sort  (cost=165745.69..165745.69 rows=1 width=84) (actual time=0.680..0.681 rows=1 loops=1)
                     Sort Key: (st_distance(st_transform(s_407.the_geom, 25833), '0101000020E96400003F9B46EE83DF2341A03EAC3E6B0D5741'::geometry))
                     Sort Method: top-N heapsort  Memory: 25kB
                     ->  Seq Scan on phoml_trajectory_tmp s_407  (cost=0.00..165745.68 rows=1 width=84) (actual time=0.030..0.613 rows=476 loops=1)
                           Filter: ((unix_time >= '1685451419.978'::double precision) AND (unix_time <= '1685451479.978'::double precision) AND st_dwithin(st_transform(the_geom, 25833), '0101000020E96400003F9B46EE83DF2341A03EAC3E6B0D5741'::geometry, '300'::double precision))
                           Rows Removed by Filter: 3184
   ->  Subquery Scan on "*SELECT* 409"  (cost=165745.69..165745.70 rows=1 width=76) (actual time=0.686..0.687 rows=1 loops=1)
         ->  Limit  (cost=165745.69..165745.69 rows=1 width=84) (actual time=0.684..0.685 rows=1 loops=1)
               ->  Sort  (cost=165745.69..165745.69 rows=1 width=84) (actual time=0.682..0.682 rows=1 loops=1)
                     Sort Key: (st_distance(st_transform(s_408.the_geom, 25833), '0101000020E9640000708E9B5B85DF234196746CF0690D5741'::geometry))
                     Sort Method: top-N heapsort  Memory: 25kB
                     ->  Seq Scan on phoml_trajectory_tmp s_408  (cost=0.00..165745.68 rows=1 width=84) (actual time=0.038..0.614 rows=476 loops=1)
                           Filter: ((unix_time >= '1685451420.427'::double precision) AND (unix_time <= '1685451480.427'::double precision) AND st_dwithin(st_transform(the_geom, 25833), '0101000020E9640000708E9B5B85DF234196746CF0690D5741'::geometry, '300'::double precision))
                           Rows Removed by Filter: 3184
   ->  Subquery Scan on "*SELECT* 410"  (cost=165745.69..165745.70 rows=1 width=76) (actual time=0.670..0.671 rows=1 loops=1)
         ->  Limit  (cost=165745.69..165745.69 rows=1 width=84) (actual time=0.667..0.668 rows=1 loops=1)
               ->  Sort  (cost=165745.69..165745.69 rows=1 width=84) (actual time=0.665..0.666 rows=1 loops=1)
                     Sort Key: (st_distance(st_transform(s_409.the_geom, 25833), '0101000020E9640000FDAC6EDD86DF2341330129B1680D5741'::geometry))
                     Sort Method: top-N heapsort  Memory: 25kB
                     ->  Seq Scan on phoml_trajectory_tmp s_409  (cost=0.00..165745.68 rows=1 width=84) (actual time=0.032..0.599 rows=476 loops=1)
                           Filter: ((unix_time >= '1685451420.878'::double precision) AND (unix_time <= '1685451480.878'::double precision) AND st_dwithin(st_transform(the_geom, 25833), '0101000020E9640000FDAC6EDD86DF2341330129B1680D5741'::geometry, '300'::double precision))
                           Rows Removed by Filter: 3184
   ->  Subquery Scan on "*SELECT* 411"  (cost=165745.69..165745.70 rows=1 width=76) (actual time=0.697..0.698 rows=1 loops=1)
         ->  Limit  (cost=165745.69..165745.69 rows=1 width=84) (actual time=0.678..0.678 rows=1 loops=1)
               ->  Sort  (cost=165745.69..165745.69 rows=1 width=84) (actual time=0.676..0.676 rows=1 loops=1)
                     Sort Key: (st_distance(st_transform(s_410.the_geom, 25833), '0101000020E9640000D443876888DF2341E9B1396C670D5741'::geometry))
                     Sort Method: top-N heapsort  Memory: 25kB
                     ->  Seq Scan on phoml_trajectory_tmp s_410  (cost=0.00..165745.68 rows=1 width=84) (actual time=0.028..0.606 rows=476 loops=1)
                           Filter: ((unix_time >= '1685451421.331'::double precision) AND (unix_time <= '1685451481.331'::double precision) AND st_dwithin(st_transform(the_geom, 25833), '0101000020E9640000D443876888DF2341E9B1396C670D5741'::geometry, '300'::double precision))
                           Rows Removed by Filter: 3184
   ->  Subquery Scan on "*SELECT* 412"  (cost=165745.69..165745.70 rows=1 width=76) (actual time=0.687..0.688 rows=1 loops=1)
         ->  Limit  (cost=165745.69..165745.69 rows=1 width=84) (actual time=0.685..0.686 rows=1 loops=1)
               ->  Sort  (cost=165745.69..165745.69 rows=1 width=84) (actual time=0.683..0.683 rows=1 loops=1)
                     Sort Key: (st_distance(st_transform(s_411.the_geom, 25833), '0101000020E96400006E22C6F889DF234133919331660D5741'::geometry))
                     Sort Method: top-N heapsort  Memory: 25kB
                     ->  Seq Scan on phoml_trajectory_tmp s_411  (cost=0.00..165745.68 rows=1 width=84) (actual time=0.055..0.612 rows=476 loops=1)
                           Filter: ((unix_time >= '1685451421.771'::double precision) AND (unix_time <= '1685451481.771'::double precision) AND st_dwithin(st_transform(the_geom, 25833), '0101000020E96400006E22C6F889DF234133919331660D5741'::geometry, '300'::double precision))
                           Rows Removed by Filter: 3184
   ->  Subquery Scan on "*SELECT* 413"  (cost=165745.69..165745.70 rows=1 width=76) (actual time=0.687..0.688 rows=1 loops=1)
         ->  Limit  (cost=165745.69..165745.69 rows=1 width=84) (actual time=0.683..0.684 rows=1 loops=1)
               ->  Sort  (cost=165745.69..165745.69 rows=1 width=84) (actual time=0.681..0.682 rows=1 loops=1)
                     Sort Key: (st_distance(st_transform(s_412.the_geom, 25833), '0101000020E9640000F83D67688BDF23412C1753EE640D5741'::geometry))
                     Sort Method: top-N heapsort  Memory: 25kB
                     ->  Seq Scan on phoml_trajectory_tmp s_412  (cost=0.00..165745.68 rows=1 width=84) (actual time=0.029..0.612 rows=476 loops=1)
                           Filter: ((unix_time >= '1685451422.215'::double precision) AND (unix_time <= '1685451482.215'::double precision) AND st_dwithin(st_transform(the_geom, 25833), '0101000020E9640000F83D67688BDF23412C1753EE640D5741'::geometry, '300'::double precision))
                           Rows Removed by Filter: 3184
   ->  Subquery Scan on "*SELECT* 414"  (cost=165745.69..165745.70 rows=1 width=76) (actual time=0.664..0.666 rows=1 loops=1)
         ->  Limit  (cost=165745.69..165745.69 rows=1 width=84) (actual time=0.660..0.662 rows=1 loops=1)
               ->  Sort  (cost=165745.69..165745.69 rows=1 width=84) (actual time=0.658..0.659 rows=1 loops=1)
                     Sort Key: (st_distance(st_transform(s_413.the_geom, 25833), '0101000020E9640000D836EE158DDF2341D667DCB2630D5741'::geometry))
                     Sort Method: top-N heapsort  Memory: 25kB
                     ->  Seq Scan on phoml_trajectory_tmp s_413  (cost=0.00..165745.68 rows=1 width=84) (actual time=0.031..0.591 rows=476 loops=1)
                           Filter: ((unix_time >= '1685451422.655'::double precision) AND (unix_time <= '1685451482.655'::double precision) AND st_dwithin(st_transform(the_geom, 25833), '0101000020E9640000D836EE158DDF2341D667DCB2630D5741'::geometry, '300'::double precision))
                           Rows Removed by Filter: 3184
   ->  Subquery Scan on "*SELECT* 415"  (cost=165745.69..165745.70 rows=1 width=76) (actual time=0.661..0.662 rows=1 loops=1)
         ->  Limit  (cost=165745.69..165745.69 rows=1 width=84) (actual time=0.659..0.659 rows=1 loops=1)
               ->  Sort  (cost=165745.69..165745.69 rows=1 width=84) (actual time=0.656..0.657 rows=1 loops=1)
                     Sort Key: (st_distance(st_transform(s_414.the_geom, 25833), '0101000020E96400000E54CEB98EDF2341B6149385620D5741'::geometry))
                     Sort Method: top-N heapsort  Memory: 25kB
                     ->  Seq Scan on phoml_trajectory_tmp s_414  (cost=0.00..165745.68 rows=1 width=84) (actual time=0.029..0.587 rows=476 loops=1)
                           Filter: ((unix_time >= '1685451423.075'::double precision) AND (unix_time <= '1685451483.075'::double precision) AND st_dwithin(st_transform(the_geom, 25833), '0101000020E96400000E54CEB98EDF2341B6149385620D5741'::geometry, '300'::double precision))
                           Rows Removed by Filter: 3184
   ->  Subquery Scan on "*SELECT* 416"  (cost=165745.69..165745.70 rows=1 width=76) (actual time=0.672..0.673 rows=1 loops=1)
         ->  Limit  (cost=165745.69..165745.69 rows=1 width=84) (actual time=0.670..0.671 rows=1 loops=1)
               ->  Sort  (cost=165745.69..165745.69 rows=1 width=84) (actual time=0.661..0.662 rows=1 loops=1)
                     Sort Key: (st_distance(st_transform(s_415.the_geom, 25833), '0101000020E96400005090BA7390DF2341CBB0C454610D5741'::geometry))
                     Sort Method: top-N heapsort  Memory: 25kB
                     ->  Seq Scan on phoml_trajectory_tmp s_415  (cost=0.00..165745.68 rows=1 width=84) (actual time=0.031..0.591 rows=476 loops=1)
                           Filter: ((unix_time >= '1685451423.498'::double precision) AND (unix_time <= '1685451483.498'::double precision) AND st_dwithin(st_transform(the_geom, 25833), '0101000020E96400005090BA7390DF2341CBB0C454610D5741'::geometry, '300'::double precision))
                           Rows Removed by Filter: 3184
   ->  Subquery Scan on "*SELECT* 417"  (cost=165745.69..165745.70 rows=1 width=76) (actual time=0.677..0.678 rows=1 loops=1)
         ->  Limit  (cost=165745.69..165745.69 rows=1 width=84) (actual time=0.674..0.675 rows=1 loops=1)
               ->  Sort  (cost=165745.69..165745.69 rows=1 width=84) (actual time=0.672..0.673 rows=1 loops=1)
                     Sort Key: (st_distance(st_transform(s_416.the_geom, 25833), '0101000020E9640000269A8C3392DF23415393D70C600D5741'::geometry))
                     Sort Method: top-N heapsort  Memory: 25kB
                     ->  Seq Scan on phoml_trajectory_tmp s_416  (cost=0.00..165745.68 rows=1 width=84) (actual time=0.028..0.594 rows=476 loops=1)
                           Filter: ((unix_time >= '1685451423.918'::double precision) AND (unix_time <= '1685451483.918'::double precision) AND st_dwithin(st_transform(the_geom, 25833), '0101000020E9640000269A8C3392DF23415393D70C600D5741'::geometry, '300'::double precision))
                           Rows Removed by Filter: 3184
   ->  Subquery Scan on "*SELECT* 418"  (cost=165745.69..165745.70 rows=1 width=76) (actual time=0.721..0.722 rows=1 loops=1)
         ->  Limit  (cost=165745.69..165745.69 rows=1 width=84) (actual time=0.718..0.719 rows=1 loops=1)
               ->  Sort  (cost=165745.69..165745.69 rows=1 width=84) (actual time=0.715..0.715 rows=1 loops=1)
                     Sort Key: (st_distance(st_transform(s_417.the_geom, 25833), '0101000020E964000065BC37D193DF2341269DF5D25E0D5741'::geometry))
                     Sort Method: top-N heapsort  Memory: 25kB
                     ->  Seq Scan on phoml_trajectory_tmp s_417  (cost=0.00..165745.68 rows=1 width=84) (actual time=0.031..0.626 rows=476 loops=1)
                           Filter: ((unix_time >= '1685451424.323'::double precision) AND (unix_time <= '1685451484.323'::double precision) AND st_dwithin(st_transform(the_geom, 25833), '0101000020E964000065BC37D193DF2341269DF5D25E0D5741'::geometry, '300'::double precision))
                           Rows Removed by Filter: 3184
   ->  Subquery Scan on "*SELECT* 419"  (cost=165745.69..165745.70 rows=1 width=76) (actual time=0.704..0.705 rows=1 loops=1)
         ->  Limit  (cost=165745.69..165745.69 rows=1 width=84) (actual time=0.702..0.702 rows=1 loops=1)
               ->  Sort  (cost=165745.69..165745.69 rows=1 width=84) (actual time=0.699..0.700 rows=1 loops=1)
                     Sort Key: (st_distance(st_transform(s_418.the_geom, 25833), '0101000020E9640000D2FECE6D95DF2341E830329A5D0D5741'::geometry))
                     Sort Method: top-N heapsort  Memory: 25kB
                     ->  Seq Scan on phoml_trajectory_tmp s_418  (cost=0.00..165745.68 rows=1 width=84) (actual time=0.036..0.624 rows=476 loops=1)
                           Filter: ((unix_time >= '1685451424.723'::double precision) AND (unix_time <= '1685451484.723'::double precision) AND st_dwithin(st_transform(the_geom, 25833), '0101000020E9640000D2FECE6D95DF2341E830329A5D0D5741'::geometry, '300'::double precision))
                           Rows Removed by Filter: 3184
   ->  Subquery Scan on "*SELECT* 420"  (cost=165745.69..165745.70 rows=1 width=76) (actual time=0.724..0.725 rows=1 loops=1)
         ->  Limit  (cost=165745.69..165745.69 rows=1 width=84) (actual time=0.719..0.720 rows=1 loops=1)
               ->  Sort  (cost=165745.69..165745.69 rows=1 width=84) (actual time=0.717..0.718 rows=1 loops=1)
                     Sort Key: (st_distance(st_transform(s_419.the_geom, 25833), '0101000020E96400009331FA0B97DF2341CB8D6F595C0D5741'::geometry))
                     Sort Method: top-N heapsort  Memory: 25kB
                     ->  Seq Scan on phoml_trajectory_tmp s_419  (cost=0.00..165745.68 rows=1 width=84) (actual time=0.029..0.643 rows=476 loops=1)
                           Filter: ((unix_time >= '1685451425.123'::double precision) AND (unix_time <= '1685451485.123'::double precision) AND st_dwithin(st_transform(the_geom, 25833), '0101000020E96400009331FA0B97DF2341CB8D6F595C0D5741'::geometry, '300'::double precision))
                           Rows Removed by Filter: 3184
   ->  Subquery Scan on "*SELECT* 421"  (cost=165745.69..165745.70 rows=1 width=76) (actual time=0.703..0.705 rows=1 loops=1)
         ->  Limit  (cost=165745.69..165745.69 rows=1 width=84) (actual time=0.700..0.701 rows=1 loops=1)
               ->  Sort  (cost=165745.69..165745.69 rows=1 width=84) (actual time=0.698..0.698 rows=1 loops=1)
                     Sort Key: (st_distance(st_transform(s_420.the_geom, 25833), '0101000020E9640000297186AA98DF2341F068BB285B0D5741'::geometry))
                     Sort Method: top-N heapsort  Memory: 25kB
                     ->  Seq Scan on phoml_trajectory_tmp s_420  (cost=0.00..165745.68 rows=1 width=84) (actual time=0.029..0.629 rows=476 loops=1)
                           Filter: ((unix_time >= '1685451425.497'::double precision) AND (unix_time <= '1685451485.497'::double precision) AND st_dwithin(st_transform(the_geom, 25833), '0101000020E9640000297186AA98DF2341F068BB285B0D5741'::geometry, '300'::double precision))
                           Rows Removed by Filter: 3184
   ->  Subquery Scan on "*SELECT* 422"  (cost=165745.69..165745.70 rows=1 width=76) (actual time=0.681..0.682 rows=1 loops=1)
         ->  Limit  (cost=165745.69..165745.69 rows=1 width=84) (actual time=0.678..0.678 rows=1 loops=1)
               ->  Sort  (cost=165745.69..165745.69 rows=1 width=84) (actual time=0.676..0.676 rows=1 loops=1)
                     Sort Key: (st_distance(st_transform(s_421.the_geom, 25833), '0101000020E9640000EBEFC35D9ADF2341F7966AE7590D5741'::geometry))
                     Sort Method: top-N heapsort  Memory: 25kB
                     ->  Seq Scan on phoml_trajectory_tmp s_421  (cost=0.00..165745.68 rows=1 width=84) (actual time=0.033..0.606 rows=476 loops=1)
                           Filter: ((unix_time >= '1685451425.897'::double precision) AND (unix_time <= '1685451485.897'::double precision) AND st_dwithin(st_transform(the_geom, 25833), '0101000020E9640000EBEFC35D9ADF2341F7966AE7590D5741'::geometry, '300'::double precision))
                           Rows Removed by Filter: 3184
   ->  Subquery Scan on "*SELECT* 423"  (cost=165745.69..165745.70 rows=1 width=76) (actual time=0.672..0.673 rows=1 loops=1)
         ->  Limit  (cost=165745.69..165745.69 rows=1 width=84) (actual time=0.670..0.670 rows=1 loops=1)
               ->  Sort  (cost=165745.69..165745.69 rows=1 width=84) (actual time=0.667..0.668 rows=1 loops=1)
                     Sort Key: (st_distance(st_transform(s_422.the_geom, 25833), '0101000020E96400009749170B9CDF23412EEDA4B3580D5741'::geometry))
                     Sort Method: top-N heapsort  Memory: 25kB
                     ->  Seq Scan on phoml_trajectory_tmp s_422  (cost=0.00..165745.68 rows=1 width=84) (actual time=0.031..0.597 rows=476 loops=1)
                           Filter: ((unix_time >= '1685451426.273'::double precision) AND (unix_time <= '1685451486.273'::double precision) AND st_dwithin(st_transform(the_geom, 25833), '0101000020E96400009749170B9CDF23412EEDA4B3580D5741'::geometry, '300'::double precision))
                           Rows Removed by Filter: 3184
   ->  Subquery Scan on "*SELECT* 424"  (cost=165745.69..165745.70 rows=1 width=76) (actual time=0.694..0.695 rows=1 loops=1)
         ->  Limit  (cost=165745.69..165745.69 rows=1 width=84) (actual time=0.691..0.691 rows=1 loops=1)
               ->  Sort  (cost=165745.69..165745.69 rows=1 width=84) (actual time=0.689..0.689 rows=1 loops=1)
                     Sort Key: (st_distance(st_transform(s_423.the_geom, 25833), '0101000020E964000051FA1ADF9DDF23417AC14F7A570D5741'::geometry))
                     Sort Method: top-N heapsort  Memory: 25kB
                     ->  Seq Scan on phoml_trajectory_tmp s_423  (cost=0.00..165745.68 rows=1 width=84) (actual time=0.028..0.620 rows=476 loops=1)
                           Filter: ((unix_time >= '1685451426.653'::double precision) AND (unix_time <= '1685451486.653'::double precision) AND st_dwithin(st_transform(the_geom, 25833), '0101000020E964000051FA1ADF9DDF23417AC14F7A570D5741'::geometry, '300'::double precision))
                           Rows Removed by Filter: 3184
   ->  Subquery Scan on "*SELECT* 425"  (cost=165745.69..165745.70 rows=1 width=76) (actual time=0.694..0.695 rows=1 loops=1)
         ->  Limit  (cost=165745.69..165745.69 rows=1 width=84) (actual time=0.691..0.692 rows=1 loops=1)
               ->  Sort  (cost=165745.69..165745.69 rows=1 width=84) (actual time=0.689..0.689 rows=1 loops=1)
                     Sort Key: (st_distance(st_transform(s_424.the_geom, 25833), '0101000020E9640000F4C9318A9FDF2341E067F345560D5741'::geometry))
                     Sort Method: top-N heapsort  Memory: 25kB
                     ->  Seq Scan on phoml_trajectory_tmp s_424  (cost=0.00..165745.68 rows=1 width=84) (actual time=0.028..0.620 rows=476 loops=1)
                           Filter: ((unix_time >= '1685451427.013'::double precision) AND (unix_time <= '1685451487.013'::double precision) AND st_dwithin(st_transform(the_geom, 25833), '0101000020E9640000F4C9318A9FDF2341E067F345560D5741'::geometry, '300'::double precision))
                           Rows Removed by Filter: 3184
   ->  Subquery Scan on "*SELECT* 426"  (cost=165745.69..165745.70 rows=1 width=76) (actual time=0.673..0.674 rows=1 loops=1)
         ->  Limit  (cost=165745.69..165745.69 rows=1 width=84) (actual time=0.671..0.672 rows=1 loops=1)
               ->  Sort  (cost=165745.69..165745.69 rows=1 width=84) (actual time=0.669..0.670 rows=1 loops=1)
                     Sort Key: (st_distance(st_transform(s_425.the_geom, 25833), '0101000020E9640000C0ED524BA1DF2341DD7EDB06550D5741'::geometry))
                     Sort Method: top-N heapsort  Memory: 25kB
                     ->  Seq Scan on phoml_trajectory_tmp s_425  (cost=0.00..165745.68 rows=1 width=84) (actual time=0.031..0.601 rows=476 loops=1)
                           Filter: ((unix_time >= '1685451427.375'::double precision) AND (unix_time <= '1685451487.375'::double precision) AND st_dwithin(st_transform(the_geom, 25833), '0101000020E9640000C0ED524BA1DF2341DD7EDB06550D5741'::geometry, '300'::double precision))
                           Rows Removed by Filter: 3184
   ->  Subquery Scan on "*SELECT* 427"  (cost=165745.69..165745.70 rows=1 width=76) (actual time=0.701..0.703 rows=1 loops=1)
         ->  Limit  (cost=165745.69..165745.69 rows=1 width=84) (actual time=0.698..0.699 rows=1 loops=1)
               ->  Sort  (cost=165745.69..165745.69 rows=1 width=84) (actual time=0.696..0.697 rows=1 loops=1)
                     Sort Key: (st_distance(st_transform(s_426.the_geom, 25833), '0101000020E964000006E504FDA2DF2341ADD87CC3530D5741'::geometry))
                     Sort Method: top-N heapsort  Memory: 25kB
                     ->  Seq Scan on phoml_trajectory_tmp s_426  (cost=0.00..165745.68 rows=1 width=84) (actual time=0.028..0.624 rows=476 loops=1)
                           Filter: ((unix_time >= '1685451427.735'::double precision) AND (unix_time <= '1685451487.735'::double precision) AND st_dwithin(st_transform(the_geom, 25833), '0101000020E964000006E504FDA2DF2341ADD87CC3530D5741'::geometry, '300'::double precision))
                           Rows Removed by Filter: 3184
   ->  Subquery Scan on "*SELECT* 428"  (cost=165745.69..165745.70 rows=1 width=76) (actual time=0.708..0.709 rows=1 loops=1)
         ->  Limit  (cost=165745.69..165745.69 rows=1 width=84) (actual time=0.704..0.705 rows=1 loops=1)
               ->  Sort  (cost=165745.69..165745.69 rows=1 width=84) (actual time=0.702..0.702 rows=1 loops=1)
                     Sort Key: (st_distance(st_transform(s_427.the_geom, 25833), '0101000020E96400006FD5A58BA4DF2341C5989387520D5741'::geometry))
                     Sort Method: top-N heapsort  Memory: 25kB
                     ->  Seq Scan on phoml_trajectory_tmp s_427  (cost=0.00..165745.68 rows=1 width=84) (actual time=0.029..0.630 rows=476 loops=1)
                           Filter: ((unix_time >= '1685451428.085'::double precision) AND (unix_time <= '1685451488.085'::double precision) AND st_dwithin(st_transform(the_geom, 25833), '0101000020E96400006FD5A58BA4DF2341C5989387520D5741'::geometry, '300'::double precision))
                           Rows Removed by Filter: 3184
   ->  Subquery Scan on "*SELECT* 429"  (cost=165745.69..165745.70 rows=1 width=76) (actual time=0.692..0.693 rows=1 loops=1)
         ->  Limit  (cost=165745.69..165745.69 rows=1 width=84) (actual time=0.689..0.690 rows=1 loops=1)
               ->  Sort  (cost=165745.69..165745.69 rows=1 width=84) (actual time=0.687..0.688 rows=1 loops=1)
                     Sort Key: (st_distance(st_transform(s_428.the_geom, 25833), '0101000020E9640000540F5F24A6DF2341D218E945510D5741'::geometry))
                     Sort Method: top-N heapsort  Memory: 25kB
                     ->  Seq Scan on phoml_trajectory_tmp s_428  (cost=0.00..165745.68 rows=1 width=84) (actual time=0.034..0.616 rows=476 loops=1)
                           Filter: ((unix_time >= '1685451428.438'::double precision) AND (unix_time <= '1685451488.438'::double precision) AND st_dwithin(st_transform(the_geom, 25833), '0101000020E9640000540F5F24A6DF2341D218E945510D5741'::geometry, '300'::double precision))
                           Rows Removed by Filter: 3184
   ->  Subquery Scan on "*SELECT* 430"  (cost=165745.69..165745.70 rows=1 width=76) (actual time=0.691..0.692 rows=1 loops=1)
         ->  Limit  (cost=165745.69..165745.69 rows=1 width=84) (actual time=0.688..0.689 rows=1 loops=1)
               ->  Sort  (cost=165745.69..165745.69 rows=1 width=84) (actual time=0.686..0.687 rows=1 loops=1)
                     Sort Key: (st_distance(st_transform(s_429.the_geom, 25833), '0101000020E9640000E59245E2A7DF23418035A005500D5741'::geometry))
                     Sort Method: top-N heapsort  Memory: 25kB
                     ->  Seq Scan on phoml_trajectory_tmp s_429  (cost=0.00..165745.68 rows=1 width=84) (actual time=0.039..0.615 rows=476 loops=1)
                           Filter: ((unix_time >= '1685451428.788'::double precision) AND (unix_time <= '1685451488.788'::double precision) AND st_dwithin(st_transform(the_geom, 25833), '0101000020E9640000E59245E2A7DF23418035A005500D5741'::geometry, '300'::double precision))
                           Rows Removed by Filter: 3184
   ->  Subquery Scan on "*SELECT* 431"  (cost=165745.69..165745.70 rows=1 width=76) (actual time=0.695..0.696 rows=1 loops=1)
         ->  Limit  (cost=165745.69..165745.69 rows=1 width=84) (actual time=0.692..0.693 rows=1 loops=1)
               ->  Sort  (cost=165745.69..165745.69 rows=1 width=84) (actual time=0.690..0.691 rows=1 loops=1)
                     Sort Key: (st_distance(st_transform(s_430.the_geom, 25833), '0101000020E96400004008637BA9DF23410FB5E8D34E0D5741'::geometry))
                     Sort Method: top-N heapsort  Memory: 25kB
                     ->  Seq Scan on phoml_trajectory_tmp s_430  (cost=0.00..165745.68 rows=1 width=84) (actual time=0.039..0.619 rows=480 loops=1)
                           Filter: ((unix_time >= '1685451429.128'::double precision) AND (unix_time <= '1685451489.128'::double precision) AND st_dwithin(st_transform(the_geom, 25833), '0101000020E96400004008637BA9DF23410FB5E8D34E0D5741'::geometry, '300'::double precision))
                           Rows Removed by Filter: 3180
   ->  Subquery Scan on "*SELECT* 432"  (cost=165745.69..165745.70 rows=1 width=76) (actual time=0.688..0.689 rows=1 loops=1)
         ->  Limit  (cost=165745.69..165745.69 rows=1 width=84) (actual time=0.685..0.685 rows=1 loops=1)
               ->  Sort  (cost=165745.69..165745.69 rows=1 width=84) (actual time=0.683..0.683 rows=1 loops=1)
                     Sort Key: (st_distance(st_transform(s_431.the_geom, 25833), '0101000020E9640000B0203609ABDF2341EB8323884D0D5741'::geometry))
                     Sort Method: top-N heapsort  Memory: 25kB
                     ->  Seq Scan on phoml_trajectory_tmp s_431  (cost=0.00..165745.68 rows=1 width=84) (actual time=0.031..0.614 rows=476 loops=1)
                           Filter: ((unix_time >= '1685451429.479'::double precision) AND (unix_time <= '1685451489.479'::double precision) AND st_dwithin(st_transform(the_geom, 25833), '0101000020E9640000B0203609ABDF2341EB8323884D0D5741'::geometry, '300'::double precision))
                           Rows Removed by Filter: 3184
   ->  Subquery Scan on "*SELECT* 433"  (cost=165745.69..165745.70 rows=1 width=76) (actual time=0.675..0.676 rows=1 loops=1)
         ->  Limit  (cost=165745.69..165745.69 rows=1 width=84) (actual time=0.673..0.673 rows=1 loops=1)
               ->  Sort  (cost=165745.69..165745.69 rows=1 width=84) (actual time=0.671..0.671 rows=1 loops=1)
                     Sort Key: (st_distance(st_transform(s_432.the_geom, 25833), '0101000020E964000036F2C670ACDF23415F0AFE494C0D5741'::geometry))
                     Sort Method: top-N heapsort  Memory: 25kB
                     ->  Seq Scan on phoml_trajectory_tmp s_432  (cost=0.00..165745.68 rows=1 width=84) (actual time=0.029..0.602 rows=476 loops=1)
                           Filter: ((unix_time >= '1685451429.819'::double precision) AND (unix_time <= '1685451489.819'::double precision) AND st_dwithin(st_transform(the_geom, 25833), '0101000020E964000036F2C670ACDF23415F0AFE494C0D5741'::geometry, '300'::double precision))
                           Rows Removed by Filter: 3184
   ->  Subquery Scan on "*SELECT* 434"  (cost=165745.69..165745.70 rows=1 width=76) (actual time=0.696..0.698 rows=1 loops=1)
         ->  Limit  (cost=165745.69..165745.69 rows=1 width=84) (actual time=0.693..0.694 rows=1 loops=1)
               ->  Sort  (cost=165745.69..165745.69 rows=1 width=84) (actual time=0.691..0.692 rows=1 loops=1)
                     Sort Key: (st_distance(st_transform(s_433.the_geom, 25833), '0101000020E9640000CEC2E1FFADDF23411E83A6064B0D5741'::geometry))
                     Sort Method: top-N heapsort  Memory: 25kB
                     ->  Seq Scan on phoml_trajectory_tmp s_433  (cost=0.00..165745.68 rows=1 width=84) (actual time=0.031..0.621 rows=476 loops=1)
                           Filter: ((unix_time >= '1685451430.17'::double precision) AND (unix_time <= '1685451490.17'::double precision) AND st_dwithin(st_transform(the_geom, 25833), '0101000020E9640000CEC2E1FFADDF23411E83A6064B0D5741'::geometry, '300'::double precision))
                           Rows Removed by Filter: 3184
   ->  Subquery Scan on "*SELECT* 435"  (cost=165745.69..165745.70 rows=1 width=76) (actual time=0.694..0.696 rows=1 loops=1)
         ->  Limit  (cost=165745.69..165745.69 rows=1 width=84) (actual time=0.691..0.692 rows=1 loops=1)
               ->  Sort  (cost=165745.69..165745.69 rows=1 width=84) (actual time=0.689..0.689 rows=1 loops=1)
                     Sort Key: (st_distance(st_transform(s_434.the_geom, 25833), '0101000020E964000083EAE391AFDF2341E09478CB490D5741'::geometry))
                     Sort Method: top-N heapsort  Memory: 25kB
                     ->  Seq Scan on phoml_trajectory_tmp s_434  (cost=0.00..165745.68 rows=1 width=84) (actual time=0.031..0.620 rows=476 loops=1)
                           Filter: ((unix_time >= '1685451430.51'::double precision) AND (unix_time <= '1685451490.51'::double precision) AND st_dwithin(st_transform(the_geom, 25833), '0101000020E964000083EAE391AFDF2341E09478CB490D5741'::geometry, '300'::double precision))
                           Rows Removed by Filter: 3184
   ->  Subquery Scan on "*SELECT* 436"  (cost=165745.69..165745.70 rows=1 width=76) (actual time=0.678..0.679 rows=1 loops=1)
         ->  Limit  (cost=165745.69..165745.69 rows=1 width=84) (actual time=0.676..0.676 rows=1 loops=1)
               ->  Sort  (cost=165745.69..165745.69 rows=1 width=84) (actual time=0.674..0.674 rows=1 loops=1)
                     Sort Key: (st_distance(st_transform(s_435.the_geom, 25833), '0101000020E9640000A720F019B1DF23413AD9C58E480D5741'::geometry))
                     Sort Method: top-N heapsort  Memory: 25kB
                     ->  Seq Scan on phoml_trajectory_tmp s_435  (cost=0.00..165745.68 rows=1 width=84) (actual time=0.029..0.602 rows=476 loops=1)
                           Filter: ((unix_time >= '1685451430.85'::double precision) AND (unix_time <= '1685451490.85'::double precision) AND st_dwithin(st_transform(the_geom, 25833), '0101000020E9640000A720F019B1DF23413AD9C58E480D5741'::geometry, '300'::double precision))
                           Rows Removed by Filter: 3184
   ->  Subquery Scan on "*SELECT* 437"  (cost=165745.69..165745.70 rows=1 width=76) (actual time=0.674..0.675 rows=1 loops=1)
         ->  Limit  (cost=165745.69..165745.69 rows=1 width=84) (actual time=0.671..0.671 rows=1 loops=1)
               ->  Sort  (cost=165745.69..165745.69 rows=1 width=84) (actual time=0.669..0.669 rows=1 loops=1)
                     Sort Key: (st_distance(st_transform(s_436.the_geom, 25833), '0101000020E964000079000B9FB2DF23419F9EBA58470D5741'::geometry))
                     Sort Method: top-N heapsort  Memory: 25kB
                     ->  Seq Scan on phoml_trajectory_tmp s_436  (cost=0.00..165745.68 rows=1 width=84) (actual time=0.029..0.600 rows=476 loops=1)
                           Filter: ((unix_time >= '1685451431.194'::double precision) AND (unix_time <= '1685451491.194'::double precision) AND st_dwithin(st_transform(the_geom, 25833), '0101000020E964000079000B9FB2DF23419F9EBA58470D5741'::geometry, '300'::double precision))
                           Rows Removed by Filter: 3184
   ->  Subquery Scan on "*SELECT* 438"  (cost=165745.69..165745.70 rows=1 width=76) (actual time=0.711..0.712 rows=1 loops=1)
         ->  Limit  (cost=165745.69..165745.69 rows=1 width=84) (actual time=0.708..0.709 rows=1 loops=1)
               ->  Sort  (cost=165745.69..165745.69 rows=1 width=84) (actual time=0.706..0.706 rows=1 loops=1)
                     Sort Key: (st_distance(st_transform(s_437.the_geom, 25833), '0101000020E964000089B85E22B4DF234144900F2A460D5741'::geometry))
                     Sort Method: top-N heapsort  Memory: 25kB
                     ->  Seq Scan on phoml_trajectory_tmp s_437  (cost=0.00..165745.68 rows=1 width=84) (actual time=0.031..0.635 rows=480 loops=1)
                           Filter: ((unix_time >= '1685451431.524'::double precision) AND (unix_time <= '1685451491.524'::double precision) AND st_dwithin(st_transform(the_geom, 25833), '0101000020E964000089B85E22B4DF234144900F2A460D5741'::geometry, '300'::double precision))
                           Rows Removed by Filter: 3180
   ->  Subquery Scan on "*SELECT* 439"  (cost=165745.69..165745.70 rows=1 width=76) (actual time=0.709..0.710 rows=1 loops=1)
         ->  Limit  (cost=165745.69..165745.69 rows=1 width=84) (actual time=0.706..0.707 rows=1 loops=1)
               ->  Sort  (cost=165745.69..165745.69 rows=1 width=84) (actual time=0.704..0.704 rows=1 loops=1)
                     Sort Key: (st_distance(st_transform(s_438.the_geom, 25833), '0101000020E9640000E2985FC5B5DF2341AF4387EB440D5741'::geometry))
                     Sort Method: top-N heapsort  Memory: 25kB
                     ->  Seq Scan on phoml_trajectory_tmp s_438  (cost=0.00..165745.68 rows=1 width=84) (actual time=0.031..0.624 rows=480 loops=1)
                           Filter: ((unix_time >= '1685451431.874'::double precision) AND (unix_time <= '1685451491.874'::double precision) AND st_dwithin(st_transform(the_geom, 25833), '0101000020E9640000E2985FC5B5DF2341AF4387EB440D5741'::geometry, '300'::double precision))
                           Rows Removed by Filter: 3180
   ->  Subquery Scan on "*SELECT* 440"  (cost=165745.69..165745.70 rows=1 width=76) (actual time=0.689..0.690 rows=1 loops=1)
         ->  Limit  (cost=165745.69..165745.69 rows=1 width=84) (actual time=0.687..0.688 rows=1 loops=1)
               ->  Sort  (cost=165745.69..165745.69 rows=1 width=84) (actual time=0.685..0.685 rows=1 loops=1)
                     Sort Key: (st_distance(st_transform(s_439.the_geom, 25833), '0101000020E96400006DD86B6CB7DF2341F95C75A6430D5741'::geometry))
                     Sort Method: top-N heapsort  Memory: 25kB
                     ->  Seq Scan on phoml_trajectory_tmp s_439  (cost=0.00..165745.68 rows=1 width=84) (actual time=0.029..0.615 rows=480 loops=1)
                           Filter: ((unix_time >= '1685451432.228'::double precision) AND (unix_time <= '1685451492.228'::double precision) AND st_dwithin(st_transform(the_geom, 25833), '0101000020E96400006DD86B6CB7DF2341F95C75A6430D5741'::geometry, '300'::double precision))
                           Rows Removed by Filter: 3180
   ->  Subquery Scan on "*SELECT* 441"  (cost=165745.69..165745.70 rows=1 width=76) (actual time=0.696..0.697 rows=1 loops=1)
         ->  Limit  (cost=165745.69..165745.69 rows=1 width=84) (actual time=0.693..0.693 rows=1 loops=1)
               ->  Sort  (cost=165745.69..165745.69 rows=1 width=84) (actual time=0.691..0.691 rows=1 loops=1)
                     Sort Key: (st_distance(st_transform(s_440.the_geom, 25833), '0101000020E964000061B6FF14B9DF234170DB3E71420D5741'::geometry))
                     Sort Method: top-N heapsort  Memory: 25kB
                     ->  Seq Scan on phoml_trajectory_tmp s_440  (cost=0.00..165745.68 rows=1 width=84) (actual time=0.029..0.621 rows=480 loops=1)
                           Filter: ((unix_time >= '1685451432.569'::double precision) AND (unix_time <= '1685451492.569'::double precision) AND st_dwithin(st_transform(the_geom, 25833), '0101000020E964000061B6FF14B9DF234170DB3E71420D5741'::geometry, '300'::double precision))
                           Rows Removed by Filter: 3180
   ->  Subquery Scan on "*SELECT* 442"  (cost=165745.69..165745.70 rows=1 width=76) (actual time=0.695..0.696 rows=1 loops=1)
         ->  Limit  (cost=165745.69..165745.69 rows=1 width=84) (actual time=0.686..0.687 rows=1 loops=1)
               ->  Sort  (cost=165745.69..165745.69 rows=1 width=84) (actual time=0.685..0.685 rows=1 loops=1)
                     Sort Key: (st_distance(st_transform(s_441.the_geom, 25833), '0101000020E9640000FA77AEAABADF2341B4E41A2F410D5741'::geometry))
                     Sort Method: top-N heapsort  Memory: 25kB
                     ->  Seq Scan on phoml_trajectory_tmp s_441  (cost=0.00..165745.68 rows=1 width=84) (actual time=0.032..0.616 rows=476 loops=1)
                           Filter: ((unix_time >= '1685451432.919'::double precision) AND (unix_time <= '1685451492.919'::double precision) AND st_dwithin(st_transform(the_geom, 25833), '0101000020E9640000FA77AEAABADF2341B4E41A2F410D5741'::geometry, '300'::double precision))
                           Rows Removed by Filter: 3184
   ->  Subquery Scan on "*SELECT* 443"  (cost=165745.69..165745.70 rows=1 width=76) (actual time=0.672..0.673 rows=1 loops=1)
         ->  Limit  (cost=165745.69..165745.69 rows=1 width=84) (actual time=0.669..0.670 rows=1 loops=1)
               ->  Sort  (cost=165745.69..165745.69 rows=1 width=84) (actual time=0.667..0.668 rows=1 loops=1)
                     Sort Key: (st_distance(st_transform(s_442.the_geom, 25833), '0101000020E96400009C712727BCDF2341C70129EF3F0D5741'::geometry))
                     Sort Method: top-N heapsort  Memory: 25kB
                     ->  Seq Scan on phoml_trajectory_tmp s_442  (cost=0.00..165745.68 rows=1 width=84) (actual time=0.030..0.599 rows=476 loops=1)
                           Filter: ((unix_time >= '1685451433.263'::double precision) AND (unix_time <= '1685451493.263'::double precision) AND st_dwithin(st_transform(the_geom, 25833), '0101000020E96400009C712727BCDF2341C70129EF3F0D5741'::geometry, '300'::double precision))
                           Rows Removed by Filter: 3184
   ->  Subquery Scan on "*SELECT* 444"  (cost=165745.69..165745.70 rows=1 width=76) (actual time=0.724..0.725 rows=1 loops=1)
         ->  Limit  (cost=165745.69..165745.69 rows=1 width=84) (actual time=0.720..0.721 rows=1 loops=1)
               ->  Sort  (cost=165745.69..165745.69 rows=1 width=84) (actual time=0.718..0.719 rows=1 loops=1)
                     Sort Key: (st_distance(st_transform(s_443.the_geom, 25833), '0101000020E9640000678073C1BDDF2341BCB019B63E0D5741'::geometry))
                     Sort Method: top-N heapsort  Memory: 25kB
                     ->  Seq Scan on phoml_trajectory_tmp s_443  (cost=0.00..165745.68 rows=1 width=84) (actual time=0.029..0.645 rows=476 loops=1)
                           Filter: ((unix_time >= '1685451433.603'::double precision) AND (unix_time <= '1685451493.603'::double precision) AND st_dwithin(st_transform(the_geom, 25833), '0101000020E9640000678073C1BDDF2341BCB019B63E0D5741'::geometry, '300'::double precision))
                           Rows Removed by Filter: 3184
   ->  Subquery Scan on "*SELECT* 445"  (cost=165745.69..165745.70 rows=1 width=76) (actual time=0.695..0.696 rows=1 loops=1)
         ->  Limit  (cost=165745.69..165745.69 rows=1 width=84) (actual time=0.692..0.692 rows=1 loops=1)
               ->  Sort  (cost=165745.69..165745.69 rows=1 width=84) (actual time=0.689..0.690 rows=1 loops=1)
                     Sort Key: (st_distance(st_transform(s_444.the_geom, 25833), '0101000020E9640000855E2142BFDF2341F530027F3D0D5741'::geometry))
                     Sort Method: top-N heapsort  Memory: 25kB
                     ->  Seq Scan on phoml_trajectory_tmp s_444  (cost=0.00..165745.68 rows=1 width=84) (actual time=0.031..0.620 rows=476 loops=1)
                           Filter: ((unix_time >= '1685451433.943'::double precision) AND (unix_time <= '1685451493.943'::double precision) AND st_dwithin(st_transform(the_geom, 25833), '0101000020E9640000855E2142BFDF2341F530027F3D0D5741'::geometry, '300'::double precision))
                           Rows Removed by Filter: 3184
   ->  Subquery Scan on "*SELECT* 446"  (cost=165745.69..165745.70 rows=1 width=76) (actual time=0.702..0.704 rows=1 loops=1)
         ->  Limit  (cost=165745.69..165745.69 rows=1 width=84) (actual time=0.699..0.700 rows=1 loops=1)
               ->  Sort  (cost=165745.69..165745.69 rows=1 width=84) (actual time=0.697..0.697 rows=1 loops=1)
                     Sort Key: (st_distance(st_transform(s_445.the_geom, 25833), '0101000020E9640000F81D41F1C0DF2341CBFF6F443C0D5741'::geometry))
                     Sort Method: top-N heapsort  Memory: 25kB
                     ->  Seq Scan on phoml_trajectory_tmp s_445  (cost=0.00..165745.68 rows=1 width=84) (actual time=0.031..0.614 rows=480 loops=1)
                           Filter: ((unix_time >= '1685451434.291'::double precision) AND (unix_time <= '1685451494.291'::double precision) AND st_dwithin(st_transform(the_geom, 25833), '0101000020E9640000F81D41F1C0DF2341CBFF6F443C0D5741'::geometry, '300'::double precision))
                           Rows Removed by Filter: 3180
   ->  Subquery Scan on "*SELECT* 447"  (cost=165745.69..165745.70 rows=1 width=76) (actual time=0.679..0.680 rows=1 loops=1)
         ->  Limit  (cost=165745.69..165745.69 rows=1 width=84) (actual time=0.677..0.677 rows=1 loops=1)
               ->  Sort  (cost=165745.69..165745.69 rows=1 width=84) (actual time=0.674..0.675 rows=1 loops=1)
                     Sort Key: (st_distance(st_transform(s_446.the_geom, 25833), '0101000020E96400001F290895C2DF2341225837163B0D5741'::geometry))
                     Sort Method: top-N heapsort  Memory: 25kB
                     ->  Seq Scan on phoml_trajectory_tmp s_446  (cost=0.00..165745.68 rows=1 width=84) (actual time=0.030..0.603 rows=480 loops=1)
                           Filter: ((unix_time >= '1685451434.621'::double precision) AND (unix_time <= '1685451494.621'::double precision) AND st_dwithin(st_transform(the_geom, 25833), '0101000020E96400001F290895C2DF2341225837163B0D5741'::geometry, '300'::double precision))
                           Rows Removed by Filter: 3180
   ->  Subquery Scan on "*SELECT* 448"  (cost=165745.69..165745.70 rows=1 width=76) (actual time=0.710..0.711 rows=1 loops=1)
         ->  Limit  (cost=165745.69..165745.69 rows=1 width=84) (actual time=0.707..0.707 rows=1 loops=1)
               ->  Sort  (cost=165745.69..165745.69 rows=1 width=84) (actual time=0.705..0.705 rows=1 loops=1)
                     Sort Key: (st_distance(st_transform(s_447.the_geom, 25833), '0101000020E964000025F5A645C4DF2341928838DC390D5741'::geometry))
                     Sort Method: top-N heapsort  Memory: 25kB
                     ->  Seq Scan on phoml_trajectory_tmp s_447  (cost=0.00..165745.68 rows=1 width=84) (actual time=0.028..0.634 rows=480 loops=1)
                           Filter: ((unix_time >= '1685451434.971'::double precision) AND (unix_time <= '1685451494.971'::double precision) AND st_dwithin(st_transform(the_geom, 25833), '0101000020E964000025F5A645C4DF2341928838DC390D5741'::geometry, '300'::double precision))
                           Rows Removed by Filter: 3180
   ->  Subquery Scan on "*SELECT* 449"  (cost=165745.69..165745.70 rows=1 width=76) (actual time=0.695..0.696 rows=1 loops=1)
         ->  Limit  (cost=165745.69..165745.69 rows=1 width=84) (actual time=0.692..0.692 rows=1 loops=1)
               ->  Sort  (cost=165745.69..165745.69 rows=1 width=84) (actual time=0.690..0.690 rows=1 loops=1)
                     Sort Key: (st_distance(st_transform(s_448.the_geom, 25833), '0101000020E96400008EE880ECC5DF2341E361EE9D380D5741'::geometry))
                     Sort Method: top-N heapsort  Memory: 25kB
                     ->  Seq Scan on phoml_trajectory_tmp s_448  (cost=0.00..165745.68 rows=1 width=84) (actual time=0.032..0.619 rows=480 loops=1)
                           Filter: ((unix_time >= '1685451435.315'::double precision) AND (unix_time <= '1685451495.315'::double precision) AND st_dwithin(st_transform(the_geom, 25833), '0101000020E96400008EE880ECC5DF2341E361EE9D380D5741'::geometry, '300'::double precision))
                           Rows Removed by Filter: 3180
   ->  Subquery Scan on "*SELECT* 450"  (cost=165745.69..165745.70 rows=1 width=76) (actual time=0.673..0.674 rows=1 loops=1)
         ->  Limit  (cost=165745.69..165745.69 rows=1 width=84) (actual time=0.671..0.672 rows=1 loops=1)
               ->  Sort  (cost=165745.69..165745.69 rows=1 width=84) (actual time=0.669..0.670 rows=1 loops=1)
                     Sort Key: (st_distance(st_transform(s_449.the_geom, 25833), '0101000020E9640000BA94A88FC7DF2341A6CE9567370D5741'::geometry))
                     Sort Method: top-N heapsort  Memory: 25kB
                     ->  Seq Scan on phoml_trajectory_tmp s_449  (cost=0.00..165745.68 rows=1 width=84) (actual time=0.028..0.600 rows=480 loops=1)
                           Filter: ((unix_time >= '1685451435.656'::double precision) AND (unix_time <= '1685451495.656'::double precision) AND st_dwithin(st_transform(the_geom, 25833), '0101000020E9640000BA94A88FC7DF2341A6CE9567370D5741'::geometry, '300'::double precision))
                           Rows Removed by Filter: 3180
   ->  Subquery Scan on "*SELECT* 451"  (cost=165745.69..165745.70 rows=1 width=76) (actual time=0.716..0.717 rows=1 loops=1)
         ->  Limit  (cost=165745.69..165745.69 rows=1 width=84) (actual time=0.712..0.713 rows=1 loops=1)
               ->  Sort  (cost=165745.69..165745.69 rows=1 width=84) (actual time=0.710..0.711 rows=1 loops=1)
                     Sort Key: (st_distance(st_transform(s_450.the_geom, 25833), '0101000020E9640000B9F68230C9DF23413B02F829360D5741'::geometry))
                     Sort Method: top-N heapsort  Memory: 25kB
                     ->  Seq Scan on phoml_trajectory_tmp s_450  (cost=0.00..165745.68 rows=1 width=84) (actual time=0.028..0.637 rows=480 loops=1)
                           Filter: ((unix_time >= '1685451435.996'::double precision) AND (unix_time <= '1685451495.996'::double precision) AND st_dwithin(st_transform(the_geom, 25833), '0101000020E9640000B9F68230C9DF23413B02F829360D5741'::geometry, '300'::double precision))
                           Rows Removed by Filter: 3180
   ->  Subquery Scan on "*SELECT* 452"  (cost=165745.69..165745.70 rows=1 width=76) (actual time=0.725..0.725 rows=1 loops=1)
         ->  Limit  (cost=165745.69..165745.69 rows=1 width=84) (actual time=0.721..0.722 rows=1 loops=1)
               ->  Sort  (cost=165745.69..165745.69 rows=1 width=84) (actual time=0.711..0.711 rows=1 loops=1)
                     Sort Key: (st_distance(st_transform(s_451.the_geom, 25833), '0101000020E96400004C791BEFCADF23414FF9ADEA340D5741'::geometry))
                     Sort Method: top-N heapsort  Memory: 25kB
                     ->  Seq Scan on phoml_trajectory_tmp s_451  (cost=0.00..165745.68 rows=1 width=84) (actual time=0.044..0.640 rows=480 loops=1)
                           Filter: ((unix_time >= '1685451436.341'::double precision) AND (unix_time <= '1685451496.341'::double precision) AND st_dwithin(st_transform(the_geom, 25833), '0101000020E96400004C791BEFCADF23414FF9ADEA340D5741'::geometry, '300'::double precision))
                           Rows Removed by Filter: 3180
   ->  Subquery Scan on "*SELECT* 453"  (cost=165745.69..165745.70 rows=1 width=76) (actual time=0.709..0.711 rows=1 loops=1)
         ->  Limit  (cost=165745.69..165745.69 rows=1 width=84) (actual time=0.706..0.707 rows=1 loops=1)
               ->  Sort  (cost=165745.69..165745.69 rows=1 width=84) (actual time=0.704..0.705 rows=1 loops=1)
                     Sort Key: (st_distance(st_transform(s_452.the_geom, 25833), '0101000020E964000031AA6F90CCDF2341E2E7F3AB330D5741'::geometry))
                     Sort Method: top-N heapsort  Memory: 25kB
                     ->  Seq Scan on phoml_trajectory_tmp s_452  (cost=0.00..165745.68 rows=1 width=84) (actual time=0.041..0.635 rows=480 loops=1)
                           Filter: ((unix_time >= '1685451436.681'::double precision) AND (unix_time <= '1685451496.681'::double precision) AND st_dwithin(st_transform(the_geom, 25833), '0101000020E964000031AA6F90CCDF2341E2E7F3AB330D5741'::geometry, '300'::double precision))
                           Rows Removed by Filter: 3180
   ->  Subquery Scan on "*SELECT* 454"  (cost=165745.69..165745.70 rows=1 width=76) (actual time=0.688..0.689 rows=1 loops=1)
         ->  Limit  (cost=165745.69..165745.69 rows=1 width=84) (actual time=0.686..0.687 rows=1 loops=1)
               ->  Sort  (cost=165745.69..165745.69 rows=1 width=84) (actual time=0.684..0.684 rows=1 loops=1)
                     Sort Key: (st_distance(st_transform(s_453.the_geom, 25833), '0101000020E964000058F6BD08CEDF234136202281320D5741'::geometry))
                     Sort Method: top-N heapsort  Memory: 25kB
                     ->  Seq Scan on phoml_trajectory_tmp s_453  (cost=0.00..165745.68 rows=1 width=84) (actual time=0.029..0.614 rows=480 loops=1)
                           Filter: ((unix_time >= '1685451437.001'::double precision) AND (unix_time <= '1685451497.001'::double precision) AND st_dwithin(st_transform(the_geom, 25833), '0101000020E964000058F6BD08CEDF234136202281320D5741'::geometry, '300'::double precision))
                           Rows Removed by Filter: 3180
   ->  Subquery Scan on "*SELECT* 455"  (cost=165745.69..165745.70 rows=1 width=76) (actual time=0.695..0.696 rows=1 loops=1)
         ->  Limit  (cost=165745.69..165745.69 rows=1 width=84) (actual time=0.692..0.692 rows=1 loops=1)
               ->  Sort  (cost=165745.69..165745.69 rows=1 width=84) (actual time=0.690..0.690 rows=1 loops=1)
                     Sort Key: (st_distance(st_transform(s_454.the_geom, 25833), '0101000020E964000065B103D6CFDF234156B2CE35310D5741'::geometry))
                     Sort Method: top-N heapsort  Memory: 25kB
                     ->  Seq Scan on phoml_trajectory_tmp s_454  (cost=0.00..165745.68 rows=1 width=84) (actual time=0.030..0.621 rows=480 loops=1)
                           Filter: ((unix_time >= '1685451437.355'::double precision) AND (unix_time <= '1685451497.355'::double precision) AND st_dwithin(st_transform(the_geom, 25833), '0101000020E964000065B103D6CFDF234156B2CE35310D5741'::geometry, '300'::double precision))
                           Rows Removed by Filter: 3180
   ->  Subquery Scan on "*SELECT* 456"  (cost=165745.69..165745.70 rows=1 width=76) (actual time=0.695..0.696 rows=1 loops=1)
         ->  Limit  (cost=165745.69..165745.69 rows=1 width=84) (actual time=0.692..0.692 rows=1 loops=1)
               ->  Sort  (cost=165745.69..165745.69 rows=1 width=84) (actual time=0.690..0.690 rows=1 loops=1)
                     Sort Key: (st_distance(st_transform(s_455.the_geom, 25833), '0101000020E964000032DDDA6DD1DF23417C4B9C0A300D5741'::geometry))
                     Sort Method: top-N heapsort  Memory: 25kB
                     ->  Seq Scan on phoml_trajectory_tmp s_455  (cost=0.00..165745.68 rows=1 width=84) (actual time=0.029..0.621 rows=480 loops=1)
                           Filter: ((unix_time >= '1685451437.675'::double precision) AND (unix_time <= '1685451497.675'::double precision) AND st_dwithin(st_transform(the_geom, 25833), '0101000020E964000032DDDA6DD1DF23417C4B9C0A300D5741'::geometry, '300'::double precision))
                           Rows Removed by Filter: 3180
   ->  Subquery Scan on "*SELECT* 457"  (cost=165745.69..165745.70 rows=1 width=76) (actual time=0.679..0.680 rows=1 loops=1)
         ->  Limit  (cost=165745.69..165745.69 rows=1 width=84) (actual time=0.676..0.677 rows=1 loops=1)
               ->  Sort  (cost=165745.69..165745.69 rows=1 width=84) (actual time=0.675..0.675 rows=1 loops=1)
                     Sort Key: (st_distance(st_transform(s_456.the_geom, 25833), '0101000020E9640000C4C72D00D3DF23413A5C3DB82E0D5741'::geometry))
                     Sort Method: top-N heapsort  Memory: 25kB
                     ->  Seq Scan on phoml_trajectory_tmp s_456  (cost=0.00..165745.68 rows=1 width=84) (actual time=0.030..0.603 rows=480 loops=1)
                           Filter: ((unix_time >= '1685451438.025'::double precision) AND (unix_time <= '1685451498.025'::double precision) AND st_dwithin(st_transform(the_geom, 25833), '0101000020E9640000C4C72D00D3DF23413A5C3DB82E0D5741'::geometry, '300'::double precision))
                           Rows Removed by Filter: 3180
   ->  Subquery Scan on "*SELECT* 458"  (cost=165745.69..165745.70 rows=1 width=76) (actual time=0.690..0.691 rows=1 loops=1)
         ->  Limit  (cost=165745.69..165745.69 rows=1 width=84) (actual time=0.686..0.687 rows=1 loops=1)
               ->  Sort  (cost=165745.69..165745.69 rows=1 width=84) (actual time=0.684..0.685 rows=1 loops=1)
                     Sort Key: (st_distance(st_transform(s_457.the_geom, 25833), '0101000020E9640000F62D688BD4DF2341D11AA08A2D0D5741'::geometry))
                     Sort Method: top-N heapsort  Memory: 25kB
                     ->  Seq Scan on phoml_trajectory_tmp s_457  (cost=0.00..165745.68 rows=1 width=84) (actual time=0.028..0.608 rows=480 loops=1)
                           Filter: ((unix_time >= '1685451438.342'::double precision) AND (unix_time <= '1685451498.342'::double precision) AND st_dwithin(st_transform(the_geom, 25833), '0101000020E9640000F62D688BD4DF2341D11AA08A2D0D5741'::geometry, '300'::double precision))
                           Rows Removed by Filter: 3180
   ->  Subquery Scan on "*SELECT* 459"  (cost=165745.69..165745.70 rows=1 width=76) (actual time=0.712..0.713 rows=1 loops=1)
         ->  Limit  (cost=165745.69..165745.69 rows=1 width=84) (actual time=0.708..0.709 rows=1 loops=1)
               ->  Sort  (cost=165745.69..165745.69 rows=1 width=84) (actual time=0.707..0.707 rows=1 loops=1)
                     Sort Key: (st_distance(st_transform(s_458.the_geom, 25833), '0101000020E964000056D8811AD6DF23415C3211472C0D5741'::geometry))
                     Sort Method: top-N heapsort  Memory: 25kB
                     ->  Seq Scan on phoml_trajectory_tmp s_458  (cost=0.00..165745.68 rows=1 width=84) (actual time=0.032..0.636 rows=480 loops=1)
                           Filter: ((unix_time >= '1685451438.682'::double precision) AND (unix_time <= '1685451498.682'::double precision) AND st_dwithin(st_transform(the_geom, 25833), '0101000020E964000056D8811AD6DF23415C3211472C0D5741'::geometry, '300'::double precision))
                           Rows Removed by Filter: 3180
   ->  Subquery Scan on "*SELECT* 460"  (cost=165745.69..165745.70 rows=1 width=76) (actual time=0.692..0.694 rows=1 loops=1)
         ->  Limit  (cost=165745.69..165745.69 rows=1 width=84) (actual time=0.689..0.690 rows=1 loops=1)
               ->  Sort  (cost=165745.69..165745.69 rows=1 width=84) (actual time=0.687..0.687 rows=1 loops=1)
                     Sort Key: (st_distance(st_transform(s_459.the_geom, 25833), '0101000020E964000004D89BB4D7DF234194D332FF2A0D5741'::geometry))
                     Sort Method: top-N heapsort  Memory: 25kB
                     ->  Seq Scan on phoml_trajectory_tmp s_459  (cost=0.00..165745.68 rows=1 width=84) (actual time=0.030..0.618 rows=480 loops=1)
                           Filter: ((unix_time >= '1685451439.022'::double precision) AND (unix_time <= '1685451499.022'::double precision) AND st_dwithin(st_transform(the_geom, 25833), '0101000020E964000004D89BB4D7DF234194D332FF2A0D5741'::geometry, '300'::double precision))
                           Rows Removed by Filter: 3180
   ->  Subquery Scan on "*SELECT* 461"  (cost=165745.69..165745.70 rows=1 width=76) (actual time=0.683..0.684 rows=1 loops=1)
         ->  Limit  (cost=165745.69..165745.69 rows=1 width=84) (actual time=0.681..0.682 rows=1 loops=1)
               ->  Sort  (cost=165745.69..165745.69 rows=1 width=84) (actual time=0.679..0.680 rows=1 loops=1)
                     Sort Key: (st_distance(st_transform(s_460.the_geom, 25833), '0101000020E9640000D8641C41D9DF2341145109C4290D5741'::geometry))
                     Sort Method: top-N heapsort  Memory: 25kB
                     ->  Seq Scan on phoml_trajectory_tmp s_460  (cost=0.00..165745.68 rows=1 width=84) (actual time=0.033..0.612 rows=480 loops=1)
                           Filter: ((unix_time >= '1685451439.357'::double precision) AND (unix_time <= '1685451499.357'::double precision) AND st_dwithin(st_transform(the_geom, 25833), '0101000020E9640000D8641C41D9DF2341145109C4290D5741'::geometry, '300'::double precision))
                           Rows Removed by Filter: 3180
   ->  Subquery Scan on "*SELECT* 462"  (cost=165745.69..165745.70 rows=1 width=76) (actual time=0.706..0.707 rows=1 loops=1)
         ->  Limit  (cost=165745.69..165745.69 rows=1 width=84) (actual time=0.703..0.704 rows=1 loops=1)
               ->  Sort  (cost=165745.69..165745.69 rows=1 width=84) (actual time=0.701..0.701 rows=1 loops=1)
                     Sort Key: (st_distance(st_transform(s_461.the_geom, 25833), '0101000020E96400006D19A1E2DADF23410EC18695280D5741'::geometry))
                     Sort Method: top-N heapsort  Memory: 25kB
                     ->  Seq Scan on phoml_trajectory_tmp s_461  (cost=0.00..165745.68 rows=1 width=84) (actual time=0.030..0.631 rows=480 loops=1)
                           Filter: ((unix_time >= '1685451439.677'::double precision) AND (unix_time <= '1685451499.677'::double precision) AND st_dwithin(st_transform(the_geom, 25833), '0101000020E96400006D19A1E2DADF23410EC18695280D5741'::geometry, '300'::double precision))
                           Rows Removed by Filter: 3180
   ->  Subquery Scan on "*SELECT* 463"  (cost=165745.69..165745.70 rows=1 width=76) (actual time=0.692..0.693 rows=1 loops=1)
         ->  Limit  (cost=165745.69..165745.69 rows=1 width=84) (actual time=0.689..0.689 rows=1 loops=1)
               ->  Sort  (cost=165745.69..165745.69 rows=1 width=84) (actual time=0.687..0.687 rows=1 loops=1)
                     Sort Key: (st_distance(st_transform(s_462.the_geom, 25833), '0101000020E9640000EA7C5A97DCDF23416107625C270D5741'::geometry))
                     Sort Method: top-N heapsort  Memory: 25kB
                     ->  Seq Scan on phoml_trajectory_tmp s_462  (cost=0.00..165745.68 rows=1 width=84) (actual time=0.032..0.615 rows=480 loops=1)
                           Filter: ((unix_time >= '1685451440.017'::double precision) AND (unix_time <= '1685451500.017'::double precision) AND st_dwithin(st_transform(the_geom, 25833), '0101000020E9640000EA7C5A97DCDF23416107625C270D5741'::geometry, '300'::double precision))
                           Rows Removed by Filter: 3180
   ->  Subquery Scan on "*SELECT* 464"  (cost=165745.69..165745.70 rows=1 width=76) (actual time=0.684..0.685 rows=1 loops=1)
         ->  Limit  (cost=165745.69..165745.69 rows=1 width=84) (actual time=0.682..0.683 rows=1 loops=1)
               ->  Sort  (cost=165745.69..165745.69 rows=1 width=84) (actual time=0.680..0.680 rows=1 loops=1)
                     Sort Key: (st_distance(st_transform(s_463.the_geom, 25833), '0101000020E96400000EAF5D4DDEDF23413FD9D021260D5741'::geometry))
                     Sort Method: top-N heapsort  Memory: 25kB
                     ->  Seq Scan on phoml_trajectory_tmp s_463  (cost=0.00..165745.68 rows=1 width=84) (actual time=0.031..0.612 rows=480 loops=1)
                           Filter: ((unix_time >= '1685451440.348'::double precision) AND (unix_time <= '1685451500.348'::double precision) AND st_dwithin(st_transform(the_geom, 25833), '0101000020E96400000EAF5D4DDEDF23413FD9D021260D5741'::geometry, '300'::double precision))
                           Rows Removed by Filter: 3180
   ->  Subquery Scan on "*SELECT* 465"  (cost=165745.69..165745.70 rows=1 width=76) (actual time=0.699..0.700 rows=1 loops=1)
         ->  Limit  (cost=165745.69..165745.69 rows=1 width=84) (actual time=0.695..0.696 rows=1 loops=1)
               ->  Sort  (cost=165745.69..165745.69 rows=1 width=84) (actual time=0.694..0.694 rows=1 loops=1)
                     Sort Key: (st_distance(st_transform(s_464.the_geom, 25833), '0101000020E96400008EF49600E0DF23414A0683F6240D5741'::geometry))
                     Sort Method: top-N heapsort  Memory: 25kB
                     ->  Seq Scan on phoml_trajectory_tmp s_464  (cost=0.00..165745.68 rows=1 width=84) (actual time=0.034..0.625 rows=480 loops=1)
                           Filter: ((unix_time >= '1685451440.668'::double precision) AND (unix_time <= '1685451500.668'::double precision) AND st_dwithin(st_transform(the_geom, 25833), '0101000020E96400008EF49600E0DF23414A0683F6240D5741'::geometry, '300'::double precision))
                           Rows Removed by Filter: 3180
   ->  Subquery Scan on "*SELECT* 466"  (cost=165745.69..165745.70 rows=1 width=76) (actual time=0.689..0.690 rows=1 loops=1)
         ->  Limit  (cost=165745.69..165745.69 rows=1 width=84) (actual time=0.686..0.686 rows=1 loops=1)
               ->  Sort  (cost=165745.69..165745.69 rows=1 width=84) (actual time=0.684..0.684 rows=1 loops=1)
                     Sort Key: (st_distance(st_transform(s_465.the_geom, 25833), '0101000020E96400006CE4A0C2E1DF2341976576B0230D5741'::geometry))
                     Sort Method: top-N heapsort  Memory: 25kB
                     ->  Seq Scan on phoml_trajectory_tmp s_465  (cost=0.00..165745.68 rows=1 width=84) (actual time=0.031..0.607 rows=480 loops=1)
                           Filter: ((unix_time >= '1685451441.008'::double precision) AND (unix_time <= '1685451501.008'::double precision) AND st_dwithin(st_transform(the_geom, 25833), '0101000020E96400006CE4A0C2E1DF2341976576B0230D5741'::geometry, '300'::double precision))
                           Rows Removed by Filter: 3180
   ->  Subquery Scan on "*SELECT* 467"  (cost=165745.69..165745.70 rows=1 width=76) (actual time=0.680..0.681 rows=1 loops=1)
         ->  Limit  (cost=165745.69..165745.69 rows=1 width=84) (actual time=0.677..0.677 rows=1 loops=1)
               ->  Sort  (cost=165745.69..165745.69 rows=1 width=84) (actual time=0.675..0.675 rows=1 loops=1)
                     Sort Key: (st_distance(st_transform(s_466.the_geom, 25833), '0101000020E9640000F1314167E3DF2341583BDA7A220D5741'::geometry))
                     Sort Method: top-N heapsort  Memory: 25kB
                     ->  Seq Scan on phoml_trajectory_tmp s_466  (cost=0.00..165745.68 rows=1 width=84) (actual time=0.030..0.606 rows=480 loops=1)
                           Filter: ((unix_time >= '1685451441.331'::double precision) AND (unix_time <= '1685451501.331'::double precision) AND st_dwithin(st_transform(the_geom, 25833), '0101000020E9640000F1314167E3DF2341583BDA7A220D5741'::geometry, '300'::double precision))
                           Rows Removed by Filter: 3180
   ->  Subquery Scan on "*SELECT* 468"  (cost=165745.69..165745.70 rows=1 width=76) (actual time=0.717..0.718 rows=1 loops=1)
         ->  Limit  (cost=165745.69..165745.69 rows=1 width=84) (actual time=0.715..0.715 rows=1 loops=1)
               ->  Sort  (cost=165745.69..165745.69 rows=1 width=84) (actual time=0.713..0.713 rows=1 loops=1)
                     Sort Key: (st_distance(st_transform(s_467.the_geom, 25833), '0101000020E9640000A7CC1E03E5DF2341B351AA39210D5741'::geometry))
                     Sort Method: top-N heapsort  Memory: 25kB
                     ->  Seq Scan on phoml_trajectory_tmp s_467  (cost=0.00..165745.68 rows=1 width=84) (actual time=0.033..0.642 rows=480 loops=1)
                           Filter: ((unix_time >= '1685451441.661'::double precision) AND (unix_time <= '1685451501.661'::double precision) AND st_dwithin(st_transform(the_geom, 25833), '0101000020E9640000A7CC1E03E5DF2341B351AA39210D5741'::geometry, '300'::double precision))
                           Rows Removed by Filter: 3180
   ->  Subquery Scan on "*SELECT* 469"  (cost=165745.69..165745.70 rows=1 width=76) (actual time=0.776..0.777 rows=1 loops=1)
         ->  Limit  (cost=165745.69..165745.69 rows=1 width=84) (actual time=0.773..0.774 rows=1 loops=1)
               ->  Sort  (cost=165745.69..165745.69 rows=1 width=84) (actual time=0.771..0.771 rows=1 loops=1)
                     Sort Key: (st_distance(st_transform(s_468.the_geom, 25833), '0101000020E96400005C114CC2E6DF23419DA2D002200D5741'::geometry))
                     Sort Method: top-N heapsort  Memory: 25kB
                     ->  Seq Scan on phoml_trajectory_tmp s_468  (cost=0.00..165745.68 rows=1 width=84) (actual time=0.048..0.694 rows=480 loops=1)
                           Filter: ((unix_time >= '1685451441.991'::double precision) AND (unix_time <= '1685451501.991'::double precision) AND st_dwithin(st_transform(the_geom, 25833), '0101000020E96400005C114CC2E6DF23419DA2D002200D5741'::geometry, '300'::double precision))
                           Rows Removed by Filter: 3180
   ->  Subquery Scan on "*SELECT* 470"  (cost=165745.69..165745.70 rows=1 width=76) (actual time=0.736..0.737 rows=1 loops=1)
         ->  Limit  (cost=165745.69..165745.69 rows=1 width=84) (actual time=0.733..0.734 rows=1 loops=1)
               ->  Sort  (cost=165745.69..165745.69 rows=1 width=84) (actual time=0.731..0.731 rows=1 loops=1)
                     Sort Key: (st_distance(st_transform(s_469.the_geom, 25833), '0101000020E96400000F0C9663E8DF23412A3828CC1E0D5741'::geometry))
                     Sort Method: top-N heapsort  Memory: 25kB
                     ->  Seq Scan on phoml_trajectory_tmp s_469  (cost=0.00..165745.68 rows=1 width=84) (actual time=0.050..0.658 rows=480 loops=1)
                           Filter: ((unix_time >= '1685451442.316'::double precision) AND (unix_time <= '1685451502.316'::double precision) AND st_dwithin(st_transform(the_geom, 25833), '0101000020E96400000F0C9663E8DF23412A3828CC1E0D5741'::geometry, '300'::double precision))
                           Rows Removed by Filter: 3180
   ->  Subquery Scan on "*SELECT* 471"  (cost=165745.69..165745.70 rows=1 width=76) (actual time=0.702..0.703 rows=1 loops=1)
         ->  Limit  (cost=165745.69..165745.69 rows=1 width=84) (actual time=0.699..0.700 rows=1 loops=1)
               ->  Sort  (cost=165745.69..165745.69 rows=1 width=84) (actual time=0.697..0.697 rows=1 loops=1)
                     Sort Key: (st_distance(st_transform(s_470.the_geom, 25833), '0101000020E96400006A1BDC23EADF234180CB088B1D0D5741'::geometry))
                     Sort Method: top-N heapsort  Memory: 25kB
                     ->  Seq Scan on phoml_trajectory_tmp s_470  (cost=0.00..165745.68 rows=1 width=84) (actual time=0.031..0.627 rows=480 loops=1)
                           Filter: ((unix_time >= '1685451442.646'::double precision) AND (unix_time <= '1685451502.646'::double precision) AND st_dwithin(st_transform(the_geom, 25833), '0101000020E96400006A1BDC23EADF234180CB088B1D0D5741'::geometry, '300'::double precision))
                           Rows Removed by Filter: 3180
   ->  Subquery Scan on "*SELECT* 472"  (cost=165745.69..165745.70 rows=1 width=76) (actual time=0.697..0.698 rows=1 loops=1)
         ->  Limit  (cost=165745.69..165745.69 rows=1 width=84) (actual time=0.695..0.695 rows=1 loops=1)
               ->  Sort  (cost=165745.69..165745.69 rows=1 width=84) (actual time=0.693..0.693 rows=1 loops=1)
                     Sort Key: (st_distance(st_transform(s_471.the_geom, 25833), '0101000020E96400007D0156C5EBDF23416643D64B1C0D5741'::geometry))
                     Sort Method: top-N heapsort  Memory: 25kB
                     ->  Seq Scan on phoml_trajectory_tmp s_471  (cost=0.00..165745.68 rows=1 width=84) (actual time=0.034..0.620 rows=480 loops=1)
                           Filter: ((unix_time >= '1685451442.976'::double precision) AND (unix_time <= '1685451502.976'::double precision) AND st_dwithin(st_transform(the_geom, 25833), '0101000020E96400007D0156C5EBDF23416643D64B1C0D5741'::geometry, '300'::double precision))
                           Rows Removed by Filter: 3180
   ->  Subquery Scan on "*SELECT* 473"  (cost=165745.69..165745.70 rows=1 width=76) (actual time=0.747..0.749 rows=1 loops=1)
         ->  Limit  (cost=165745.69..165745.69 rows=1 width=84) (actual time=0.743..0.744 rows=1 loops=1)
               ->  Sort  (cost=165745.69..165745.69 rows=1 width=84) (actual time=0.741..0.741 rows=1 loops=1)
                     Sort Key: (st_distance(st_transform(s_472.the_geom, 25833), '0101000020E9640000EC408285EDDF2341CC99960C1B0D5741'::geometry))
                     Sort Method: top-N heapsort  Memory: 25kB
                     ->  Seq Scan on phoml_trajectory_tmp s_472  (cost=0.00..165745.68 rows=1 width=84) (actual time=0.033..0.667 rows=480 loops=1)
                           Filter: ((unix_time >= '1685451443.31'::double precision) AND (unix_time <= '1685451503.31'::double precision) AND st_dwithin(st_transform(the_geom, 25833), '0101000020E9640000EC408285EDDF2341CC99960C1B0D5741'::geometry, '300'::double precision))
                           Rows Removed by Filter: 3180
   ->  Subquery Scan on "*SELECT* 474"  (cost=165745.69..165745.70 rows=1 width=76) (actual time=0.751..0.753 rows=1 loops=1)
         ->  Limit  (cost=165745.69..165745.69 rows=1 width=84) (actual time=0.748..0.749 rows=1 loops=1)
               ->  Sort  (cost=165745.69..165745.69 rows=1 width=84) (actual time=0.745..0.746 rows=1 loops=1)
                     Sort Key: (st_distance(st_transform(s_473.the_geom, 25833), '0101000020E964000005807521EFDF2341129F39D4190D5741'::geometry))
                     Sort Method: top-N heapsort  Memory: 25kB
                     ->  Seq Scan on phoml_trajectory_tmp s_473  (cost=0.00..165745.68 rows=1 width=84) (actual time=0.032..0.671 rows=480 loops=1)
                           Filter: ((unix_time >= '1685451443.64'::double precision) AND (unix_time <= '1685451503.64'::double precision) AND st_dwithin(st_transform(the_geom, 25833), '0101000020E964000005807521EFDF2341129F39D4190D5741'::geometry, '300'::double precision))
                           Rows Removed by Filter: 3180
   ->  Subquery Scan on "*SELECT* 475"  (cost=165745.69..165745.70 rows=1 width=76) (actual time=0.724..0.725 rows=1 loops=1)
         ->  Limit  (cost=165745.69..165745.69 rows=1 width=84) (actual time=0.720..0.721 rows=1 loops=1)
               ->  Sort  (cost=165745.69..165745.69 rows=1 width=84) (actual time=0.718..0.718 rows=1 loops=1)
                     Sort Key: (st_distance(st_transform(s_474.the_geom, 25833), '0101000020E9640000AA5E2FE0F0DF234114567594180D5741'::geometry))
                     Sort Method: top-N heapsort  Memory: 25kB
                     ->  Seq Scan on phoml_trajectory_tmp s_474  (cost=0.00..165745.68 rows=1 width=84) (actual time=0.035..0.645 rows=480 loops=1)
                           Filter: ((unix_time >= '1685451443.97'::double precision) AND (unix_time <= '1685451503.97'::double precision) AND st_dwithin(st_transform(the_geom, 25833), '0101000020E9640000AA5E2FE0F0DF234114567594180D5741'::geometry, '300'::double precision))
                           Rows Removed by Filter: 3180
   ->  Subquery Scan on "*SELECT* 476"  (cost=165745.69..165745.70 rows=1 width=76) (actual time=0.717..0.718 rows=1 loops=1)
         ->  Limit  (cost=165745.69..165745.69 rows=1 width=84) (actual time=0.715..0.716 rows=1 loops=1)
               ->  Sort  (cost=165745.69..165745.69 rows=1 width=84) (actual time=0.713..0.714 rows=1 loops=1)
                     Sort Key: (st_distance(st_transform(s_475.the_geom, 25833), '0101000020E96400009B5E4D7AF2DF23415BAA405B170D5741'::geometry))
                     Sort Method: top-N heapsort  Memory: 25kB
                     ->  Seq Scan on phoml_trajectory_tmp s_475  (cost=0.00..165745.68 rows=1 width=84) (actual time=0.033..0.638 rows=480 loops=1)
                           Filter: ((unix_time >= '1685451444.301'::double precision) AND (unix_time <= '1685451504.301'::double precision) AND st_dwithin(st_transform(the_geom, 25833), '0101000020E96400009B5E4D7AF2DF23415BAA405B170D5741'::geometry, '300'::double precision))
                           Rows Removed by Filter: 3180
   ->  Subquery Scan on "*SELECT* 477"  (cost=165745.69..165745.70 rows=1 width=76) (actual time=0.721..0.722 rows=1 loops=1)
         ->  Limit  (cost=165745.69..165745.69 rows=1 width=84) (actual time=0.717..0.718 rows=1 loops=1)
               ->  Sort  (cost=165745.69..165745.69 rows=1 width=84) (actual time=0.716..0.716 rows=1 loops=1)
                     Sort Key: (st_distance(st_transform(s_476.the_geom, 25833), '0101000020E9640000A3E2E916F4DF2341A8D56A2A160D5741'::geometry))
                     Sort Method: top-N heapsort  Memory: 25kB
                     ->  Seq Scan on phoml_trajectory_tmp s_476  (cost=0.00..165745.68 rows=1 width=84) (actual time=0.033..0.642 rows=480 loops=1)
                           Filter: ((unix_time >= '1685451444.621'::double precision) AND (unix_time <= '1685451504.621'::double precision) AND st_dwithin(st_transform(the_geom, 25833), '0101000020E9640000A3E2E916F4DF2341A8D56A2A160D5741'::geometry, '300'::double precision))
                           Rows Removed by Filter: 3180
   ->  Subquery Scan on "*SELECT* 478"  (cost=165745.69..165745.70 rows=1 width=76) (actual time=0.715..0.717 rows=1 loops=1)
         ->  Limit  (cost=165745.69..165745.69 rows=1 width=84) (actual time=0.712..0.713 rows=1 loops=1)
               ->  Sort  (cost=165745.69..165745.69 rows=1 width=84) (actual time=0.709..0.710 rows=1 loops=1)
                     Sort Key: (st_distance(st_transform(s_477.the_geom, 25833), '0101000020E96400002F7EA4B7F5DF23416168BEE3140D5741'::geometry))
                     Sort Method: top-N heapsort  Memory: 25kB
                     ->  Seq Scan on phoml_trajectory_tmp s_477  (cost=0.00..165745.68 rows=1 width=84) (actual time=0.031..0.637 rows=480 loops=1)
                           Filter: ((unix_time >= '1685451444.961'::double precision) AND (unix_time <= '1685451504.961'::double precision) AND st_dwithin(st_transform(the_geom, 25833), '0101000020E96400002F7EA4B7F5DF23416168BEE3140D5741'::geometry, '300'::double precision))
                           Rows Removed by Filter: 3180
   ->  Subquery Scan on "*SELECT* 479"  (cost=165745.69..165745.70 rows=1 width=76) (actual time=0.698..0.700 rows=1 loops=1)
         ->  Limit  (cost=165745.69..165745.69 rows=1 width=84) (actual time=0.696..0.697 rows=1 loops=1)
               ->  Sort  (cost=165745.69..165745.69 rows=1 width=84) (actual time=0.694..0.694 rows=1 loops=1)
                     Sort Key: (st_distance(st_transform(s_478.the_geom, 25833), '0101000020E96400009286C64CF7DF23412248C4B0130D5741'::geometry))
                     Sort Method: top-N heapsort  Memory: 25kB
                     ->  Seq Scan on phoml_trajectory_tmp s_478  (cost=0.00..165745.68 rows=1 width=84) (actual time=0.031..0.622 rows=480 loops=1)
                           Filter: ((unix_time >= '1685451445.286'::double precision) AND (unix_time <= '1685451505.286'::double precision) AND st_dwithin(st_transform(the_geom, 25833), '0101000020E96400009286C64CF7DF23412248C4B0130D5741'::geometry, '300'::double precision))
                           Rows Removed by Filter: 3180
   ->  Subquery Scan on "*SELECT* 480"  (cost=165745.69..165745.70 rows=1 width=76) (actual time=0.716..0.717 rows=1 loops=1)
         ->  Limit  (cost=165745.69..165745.69 rows=1 width=84) (actual time=0.712..0.713 rows=1 loops=1)
               ->  Sort  (cost=165745.69..165745.69 rows=1 width=84) (actual time=0.710..0.710 rows=1 loops=1)
                     Sort Key: (st_distance(st_transform(s_479.the_geom, 25833), '0101000020E9640000A62F720CF9DF23414AFEB569120D5741'::geometry))
                     Sort Method: top-N heapsort  Memory: 25kB
                     ->  Seq Scan on phoml_trajectory_tmp s_479  (cost=0.00..165745.68 rows=1 width=84) (actual time=0.031..0.632 rows=480 loops=1)
                           Filter: ((unix_time >= '1685451445.636'::double precision) AND (unix_time <= '1685451505.636'::double precision) AND st_dwithin(st_transform(the_geom, 25833), '0101000020E9640000A62F720CF9DF23414AFEB569120D5741'::geometry, '300'::double precision))
                           Rows Removed by Filter: 3180
   ->  Subquery Scan on "*SELECT* 481"  (cost=165745.69..165745.70 rows=1 width=76) (actual time=0.721..0.723 rows=1 loops=1)
         ->  Limit  (cost=165745.69..165745.69 rows=1 width=84) (actual time=0.718..0.719 rows=1 loops=1)
               ->  Sort  (cost=165745.69..165745.69 rows=1 width=84) (actual time=0.716..0.717 rows=1 loops=1)
                     Sort Key: (st_distance(st_transform(s_480.the_geom, 25833), '0101000020E9640000F71C399EFADF234143DF8E26110D5741'::geometry))
                     Sort Method: top-N heapsort  Memory: 25kB
                     ->  Seq Scan on phoml_trajectory_tmp s_480  (cost=0.00..165745.68 rows=1 width=84) (actual time=0.033..0.644 rows=480 loops=1)
                           Filter: ((unix_time >= '1685451445.976'::double precision) AND (unix_time <= '1685451505.976'::double precision) AND st_dwithin(st_transform(the_geom, 25833), '0101000020E9640000F71C399EFADF234143DF8E26110D5741'::geometry, '300'::double precision))
                           Rows Removed by Filter: 3180
   ->  Subquery Scan on "*SELECT* 482"  (cost=165745.69..165745.70 rows=1 width=76) (actual time=0.724..0.724 rows=1 loops=1)
         ->  Limit  (cost=165745.69..165745.69 rows=1 width=84) (actual time=0.720..0.720 rows=1 loops=1)
               ->  Sort  (cost=165745.69..165745.69 rows=1 width=84) (actual time=0.718..0.718 rows=1 loops=1)
                     Sort Key: (st_distance(st_transform(s_481.the_geom, 25833), '0101000020E96400004C91A439FCDF23416ECE1FE60F0D5741'::geometry))
                     Sort Method: top-N heapsort  Memory: 25kB
                     ->  Seq Scan on phoml_trajectory_tmp s_481  (cost=0.00..165745.68 rows=1 width=84) (actual time=0.033..0.644 rows=480 loops=1)
                           Filter: ((unix_time >= '1685451446.317'::double precision) AND (unix_time <= '1685451506.317'::double precision) AND st_dwithin(st_transform(the_geom, 25833), '0101000020E96400004C91A439FCDF23416ECE1FE60F0D5741'::geometry, '300'::double precision))
                           Rows Removed by Filter: 3180
   ->  Subquery Scan on "*SELECT* 483"  (cost=165745.69..165745.70 rows=1 width=76) (actual time=0.712..0.713 rows=1 loops=1)
         ->  Limit  (cost=165745.69..165745.69 rows=1 width=84) (actual time=0.710..0.711 rows=1 loops=1)
               ->  Sort  (cost=165745.69..165745.69 rows=1 width=84) (actual time=0.708..0.708 rows=1 loops=1)
                     Sort Key: (st_distance(st_transform(s_482.the_geom, 25833), '0101000020E964000028C9F6CDFDDF2341E76C12B30E0D5741'::geometry))
                     Sort Method: top-N heapsort  Memory: 25kB
                     ->  Seq Scan on phoml_trajectory_tmp s_482  (cost=0.00..165745.68 rows=1 width=84) (actual time=0.032..0.635 rows=480 loops=1)
                           Filter: ((unix_time >= '1685451446.647'::double precision) AND (unix_time <= '1685451506.647'::double precision) AND st_dwithin(st_transform(the_geom, 25833), '0101000020E964000028C9F6CDFDDF2341E76C12B30E0D5741'::geometry, '300'::double precision))
                           Rows Removed by Filter: 3180
   ->  Subquery Scan on "*SELECT* 484"  (cost=165745.69..165745.70 rows=1 width=76) (actual time=0.725..0.726 rows=1 loops=1)
         ->  Limit  (cost=165745.69..165745.69 rows=1 width=84) (actual time=0.719..0.719 rows=1 loops=1)
               ->  Sort  (cost=165745.69..165745.69 rows=1 width=84) (actual time=0.716..0.717 rows=1 loops=1)
                     Sort Key: (st_distance(st_transform(s_483.the_geom, 25833), '0101000020E964000069DB8668FFDF2341CCD1096B0D0D5741'::geometry))
                     Sort Method: top-N heapsort  Memory: 25kB
                     ->  Seq Scan on phoml_trajectory_tmp s_483  (cost=0.00..165745.68 rows=1 width=84) (actual time=0.032..0.643 rows=480 loops=1)
                           Filter: ((unix_time >= '1685451446.997'::double precision) AND (unix_time <= '1685451506.997'::double precision) AND st_dwithin(st_transform(the_geom, 25833), '0101000020E964000069DB8668FFDF2341CCD1096B0D0D5741'::geometry, '300'::double precision))
                           Rows Removed by Filter: 3180
   ->  Subquery Scan on "*SELECT* 485"  (cost=165745.69..165745.70 rows=1 width=76) (actual time=0.726..0.727 rows=1 loops=1)
         ->  Limit  (cost=165745.69..165745.69 rows=1 width=84) (actual time=0.722..0.723 rows=1 loops=1)
               ->  Sort  (cost=165745.69..165745.69 rows=1 width=84) (actual time=0.720..0.721 rows=1 loops=1)
                     Sort Key: (st_distance(st_transform(s_484.the_geom, 25833), '0101000020E9640000D7AE450101E02341CB3069310C0D5741'::geometry))
                     Sort Method: top-N heapsort  Memory: 25kB
                     ->  Seq Scan on phoml_trajectory_tmp s_484  (cost=0.00..165745.68 rows=1 width=84) (actual time=0.039..0.647 rows=480 loops=1)
                           Filter: ((unix_time >= '1685451447.331'::double precision) AND (unix_time <= '1685451507.331'::double precision) AND st_dwithin(st_transform(the_geom, 25833), '0101000020E9640000D7AE450101E02341CB3069310C0D5741'::geometry, '300'::double precision))
                           Rows Removed by Filter: 3180
   ->  Subquery Scan on "*SELECT* 486"  (cost=165745.69..165745.70 rows=1 width=76) (actual time=0.722..0.723 rows=1 loops=1)
         ->  Limit  (cost=165745.69..165745.69 rows=1 width=84) (actual time=0.718..0.719 rows=1 loops=1)
               ->  Sort  (cost=165745.69..165745.69 rows=1 width=84) (actual time=0.716..0.717 rows=1 loops=1)
                     Sort Key: (st_distance(st_transform(s_485.the_geom, 25833), '0101000020E9640000130003A202E0234100AFF8F90A0D5741'::geometry))
                     Sort Method: top-N heapsort  Memory: 25kB
                     ->  Seq Scan on phoml_trajectory_tmp s_485  (cost=0.00..165745.68 rows=1 width=84) (actual time=0.031..0.639 rows=480 loops=1)
                           Filter: ((unix_time >= '1685451447.671'::double precision) AND (unix_time <= '1685451507.671'::double precision) AND st_dwithin(st_transform(the_geom, 25833), '0101000020E9640000130003A202E0234100AFF8F90A0D5741'::geometry, '300'::double precision))
                           Rows Removed by Filter: 3180
   ->  Subquery Scan on "*SELECT* 487"  (cost=165745.69..165745.70 rows=1 width=76) (actual time=0.718..0.719 rows=1 loops=1)
         ->  Limit  (cost=165745.69..165745.69 rows=1 width=84) (actual time=0.716..0.717 rows=1 loops=1)
               ->  Sort  (cost=165745.69..165745.69 rows=1 width=84) (actual time=0.714..0.714 rows=1 loops=1)
                     Sort Key: (st_distance(st_transform(s_486.the_geom, 25833), '0101000020E96400007DA8343504E023414AE613B9090D5741'::geometry))
                     Sort Method: top-N heapsort  Memory: 25kB
                     ->  Seq Scan on phoml_trajectory_tmp s_486  (cost=0.00..165745.68 rows=1 width=84) (actual time=0.032..0.638 rows=480 loops=1)
                           Filter: ((unix_time >= '1685451448.021'::double precision) AND (unix_time <= '1685451508.021'::double precision) AND st_dwithin(st_transform(the_geom, 25833), '0101000020E96400007DA8343504E023414AE613B9090D5741'::geometry, '300'::double precision))
                           Rows Removed by Filter: 3180
   ->  Subquery Scan on "*SELECT* 488"  (cost=165745.69..165745.70 rows=1 width=76) (actual time=0.727..0.728 rows=1 loops=1)
         ->  Limit  (cost=165745.69..165745.69 rows=1 width=84) (actual time=0.724..0.724 rows=1 loops=1)
               ->  Sort  (cost=165745.69..165745.69 rows=1 width=84) (actual time=0.722..0.722 rows=1 loops=1)
                     Sort Key: (st_distance(st_transform(s_487.the_geom, 25833), '0101000020E96400002FDDCBDA05E023415E80B482080D5741'::geometry))
                     Sort Method: top-N heapsort  Memory: 25kB
                     ->  Seq Scan on phoml_trajectory_tmp s_487  (cost=0.00..165745.68 rows=1 width=84) (actual time=0.032..0.650 rows=480 loops=1)
                           Filter: ((unix_time >= '1685451448.357'::double precision) AND (unix_time <= '1685451508.357'::double precision) AND st_dwithin(st_transform(the_geom, 25833), '0101000020E96400002FDDCBDA05E023415E80B482080D5741'::geometry, '300'::double precision))
                           Rows Removed by Filter: 3180
   ->  Subquery Scan on "*SELECT* 489"  (cost=165745.69..165745.70 rows=1 width=76) (actual time=0.734..0.735 rows=1 loops=1)
         ->  Limit  (cost=165745.69..165745.69 rows=1 width=84) (actual time=0.730..0.731 rows=1 loops=1)
               ->  Sort  (cost=165745.69..165745.69 rows=1 width=84) (actual time=0.728..0.728 rows=1 loops=1)
                     Sort Key: (st_distance(st_transform(s_488.the_geom, 25833), '0101000020E96400001D52417D07E02341F897284C070D5741'::geometry))
                     Sort Method: top-N heapsort  Memory: 25kB
                     ->  Seq Scan on phoml_trajectory_tmp s_488  (cost=0.00..165745.68 rows=1 width=84) (actual time=0.034..0.655 rows=480 loops=1)
                           Filter: ((unix_time >= '1685451448.697'::double precision) AND (unix_time <= '1685451508.697'::double precision) AND st_dwithin(st_transform(the_geom, 25833), '0101000020E96400001D52417D07E02341F897284C070D5741'::geometry, '300'::double precision))
                           Rows Removed by Filter: 3180
   ->  Subquery Scan on "*SELECT* 490"  (cost=165745.69..165745.70 rows=1 width=76) (actual time=0.727..0.728 rows=1 loops=1)
         ->  Limit  (cost=165745.69..165745.69 rows=1 width=84) (actual time=0.724..0.725 rows=1 loops=1)
               ->  Sort  (cost=165745.69..165745.69 rows=1 width=84) (actual time=0.722..0.722 rows=1 loops=1)
                     Sort Key: (st_distance(st_transform(s_489.the_geom, 25833), '0101000020E9640000B7D7251A09E0234137463B14060D5741'::geometry))
                     Sort Method: top-N heapsort  Memory: 25kB
                     ->  Seq Scan on phoml_trajectory_tmp s_489  (cost=0.00..165745.68 rows=1 width=84) (actual time=0.033..0.639 rows=480 loops=1)
                           Filter: ((unix_time >= '1685451449.037'::double precision) AND (unix_time <= '1685451509.037'::double precision) AND st_dwithin(st_transform(the_geom, 25833), '0101000020E9640000B7D7251A09E0234137463B14060D5741'::geometry, '300'::double precision))
                           Rows Removed by Filter: 3180
   ->  Subquery Scan on "*SELECT* 491"  (cost=165745.69..165745.70 rows=1 width=76) (actual time=0.711..0.712 rows=1 loops=1)
         ->  Limit  (cost=165745.69..165745.69 rows=1 width=84) (actual time=0.709..0.709 rows=1 loops=1)
               ->  Sort  (cost=165745.69..165745.69 rows=1 width=84) (actual time=0.706..0.707 rows=1 loops=1)
                     Sort Key: (st_distance(st_transform(s_490.the_geom, 25833), '0101000020E9640000B7F034B70AE023412159E6CB040D5741'::geometry))
                     Sort Method: top-N heapsort  Memory: 25kB
                     ->  Seq Scan on phoml_trajectory_tmp s_490  (cost=0.00..165745.68 rows=1 width=84) (actual time=0.032..0.634 rows=480 loops=1)
                           Filter: ((unix_time >= '1685451449.385'::double precision) AND (unix_time <= '1685451509.385'::double precision) AND st_dwithin(st_transform(the_geom, 25833), '0101000020E9640000B7F034B70AE023412159E6CB040D5741'::geometry, '300'::double precision))
                           Rows Removed by Filter: 3180
   ->  Subquery Scan on "*SELECT* 492"  (cost=165745.69..165745.70 rows=1 width=76) (actual time=0.723..0.724 rows=1 loops=1)
         ->  Limit  (cost=165745.69..165745.69 rows=1 width=84) (actual time=0.719..0.719 rows=1 loops=1)
               ->  Sort  (cost=165745.69..165745.69 rows=1 width=84) (actual time=0.716..0.717 rows=1 loops=1)
                     Sort Key: (st_distance(st_transform(s_491.the_geom, 25833), '0101000020E96400005DEC41550CE02341FED5348C030D5741'::geometry))
                     Sort Method: top-N heapsort  Memory: 25kB
                     ->  Seq Scan on phoml_trajectory_tmp s_491  (cost=0.00..165745.68 rows=1 width=84) (actual time=0.036..0.643 rows=480 loops=1)
                           Filter: ((unix_time >= '1685451449.725'::double precision) AND (unix_time <= '1685451509.725'::double precision) AND st_dwithin(st_transform(the_geom, 25833), '0101000020E96400005DEC41550CE02341FED5348C030D5741'::geometry, '300'::double precision))
                           Rows Removed by Filter: 3180
   ->  Subquery Scan on "*SELECT* 493"  (cost=165745.69..165745.70 rows=1 width=76) (actual time=0.724..0.725 rows=1 loops=1)
         ->  Limit  (cost=165745.69..165745.69 rows=1 width=84) (actual time=0.720..0.721 rows=1 loops=1)
               ->  Sort  (cost=165745.69..165745.69 rows=1 width=84) (actual time=0.718..0.719 rows=1 loops=1)
                     Sort Key: (st_distance(st_transform(s_492.the_geom, 25833), '0101000020E9640000E4DC8FF40DE023411DD3B254020D5741'::geometry))
                     Sort Method: top-N heapsort  Memory: 25kB
                     ->  Seq Scan on phoml_trajectory_tmp s_492  (cost=0.00..165745.68 rows=1 width=84) (actual time=0.035..0.646 rows=480 loops=1)
                           Filter: ((unix_time >= '1685451450.065'::double precision) AND (unix_time <= '1685451510.065'::double precision) AND st_dwithin(st_transform(the_geom, 25833), '0101000020E9640000E4DC8FF40DE023411DD3B254020D5741'::geometry, '300'::double precision))
                           Rows Removed by Filter: 3180
   ->  Subquery Scan on "*SELECT* 494"  (cost=165745.69..165745.70 rows=1 width=76) (actual time=0.727..0.728 rows=1 loops=1)
         ->  Limit  (cost=165745.69..165745.69 rows=1 width=84) (actual time=0.724..0.725 rows=1 loops=1)
               ->  Sort  (cost=165745.69..165745.69 rows=1 width=84) (actual time=0.722..0.722 rows=1 loops=1)
                     Sort Key: (st_distance(st_transform(s_493.the_geom, 25833), '0101000020E96400003DADE18C0FE023417AC1592A010D5741'::geometry))
                     Sort Method: top-N heapsort  Memory: 25kB
                     ->  Seq Scan on phoml_trajectory_tmp s_493  (cost=0.00..165745.68 rows=1 width=84) (actual time=0.033..0.646 rows=480 loops=1)
                           Filter: ((unix_time >= '1685451450.389'::double precision) AND (unix_time <= '1685451510.389'::double precision) AND st_dwithin(st_transform(the_geom, 25833), '0101000020E96400003DADE18C0FE023417AC1592A010D5741'::geometry, '300'::double precision))
                           Rows Removed by Filter: 3180
   ->  Subquery Scan on "*SELECT* 495"  (cost=165745.69..165745.70 rows=1 width=76) (actual time=0.720..0.721 rows=1 loops=1)
         ->  Limit  (cost=165745.69..165745.69 rows=1 width=84) (actual time=0.717..0.718 rows=1 loops=1)
               ->  Sort  (cost=165745.69..165745.69 rows=1 width=84) (actual time=0.715..0.716 rows=1 loops=1)
                     Sort Key: (st_distance(st_transform(s_494.the_geom, 25833), '0101000020E96400008D65EE2311E02341D95803E9FF0C5741'::geometry))
                     Sort Method: top-N heapsort  Memory: 25kB
                     ->  Seq Scan on phoml_trajectory_tmp s_494  (cost=0.00..165745.68 rows=1 width=84) (actual time=0.035..0.644 rows=480 loops=1)
                           Filter: ((unix_time >= '1685451450.729'::double precision) AND (unix_time <= '1685451510.729'::double precision) AND st_dwithin(st_transform(the_geom, 25833), '0101000020E96400008D65EE2311E02341D95803E9FF0C5741'::geometry, '300'::double precision))
                           Rows Removed by Filter: 3180
   ->  Subquery Scan on "*SELECT* 496"  (cost=165745.69..165745.70 rows=1 width=76) (actual time=0.727..0.728 rows=1 loops=1)
         ->  Limit  (cost=165745.69..165745.69 rows=1 width=84) (actual time=0.723..0.724 rows=1 loops=1)
               ->  Sort  (cost=165745.69..165745.69 rows=1 width=84) (actual time=0.721..0.722 rows=1 loops=1)
                     Sort Key: (st_distance(st_transform(s_495.the_geom, 25833), '0101000020E96400006FCC00CD12E023418F8CA39DFE0C5741'::geometry))
                     Sort Method: top-N heapsort  Memory: 25kB
                     ->  Seq Scan on phoml_trajectory_tmp s_495  (cost=0.00..165745.68 rows=1 width=84) (actual time=0.032..0.650 rows=480 loops=1)
                           Filter: ((unix_time >= '1685451451.089'::double precision) AND (unix_time <= '1685451511.089'::double precision) AND st_dwithin(st_transform(the_geom, 25833), '0101000020E96400006FCC00CD12E023418F8CA39DFE0C5741'::geometry, '300'::double precision))
                           Rows Removed by Filter: 3180
   ->  Subquery Scan on "*SELECT* 497"  (cost=165745.69..165745.70 rows=1 width=76) (actual time=0.725..0.726 rows=1 loops=1)
         ->  Limit  (cost=165745.69..165745.69 rows=1 width=84) (actual time=0.722..0.722 rows=1 loops=1)
               ->  Sort  (cost=165745.69..165745.69 rows=1 width=84) (actual time=0.720..0.720 rows=1 loops=1)
                     Sort Key: (st_distance(st_transform(s_496.the_geom, 25833), '0101000020E9640000A1A50D4614E02341E9D7816BFD0C5741'::geometry))
                     Sort Method: top-N heapsort  Memory: 25kB
                     ->  Seq Scan on phoml_trajectory_tmp s_496  (cost=0.00..165745.68 rows=1 width=84) (actual time=0.034..0.647 rows=480 loops=1)
                           Filter: ((unix_time >= '1685451451.415'::double precision) AND (unix_time <= '1685451511.415'::double precision) AND st_dwithin(st_transform(the_geom, 25833), '0101000020E9640000A1A50D4614E02341E9D7816BFD0C5741'::geometry, '300'::double precision))
                           Rows Removed by Filter: 3180
   ->  Subquery Scan on "*SELECT* 498"  (cost=165745.69..165745.70 rows=1 width=76) (actual time=0.724..0.725 rows=1 loops=1)
         ->  Limit  (cost=165745.69..165745.69 rows=1 width=84) (actual time=0.720..0.721 rows=1 loops=1)
               ->  Sort  (cost=165745.69..165745.69 rows=1 width=84) (actual time=0.718..0.718 rows=1 loops=1)
                     Sort Key: (st_distance(st_transform(s_497.the_geom, 25833), '0101000020E96400005BCD8FED15E02341EB1C612EFC0C5741'::geometry))
                     Sort Method: top-N heapsort  Memory: 25kB
                     ->  Seq Scan on phoml_trajectory_tmp s_497  (cost=0.00..165745.68 rows=1 width=84) (actual time=0.033..0.642 rows=480 loops=1)
                           Filter: ((unix_time >= '1685451451.755'::double precision) AND (unix_time <= '1685451511.755'::double precision) AND st_dwithin(st_transform(the_geom, 25833), '0101000020E96400005BCD8FED15E02341EB1C612EFC0C5741'::geometry, '300'::double precision))
                           Rows Removed by Filter: 3180
   ->  Subquery Scan on "*SELECT* 499"  (cost=165745.69..165745.70 rows=1 width=76) (actual time=0.708..0.709 rows=1 loops=1)
         ->  Limit  (cost=165745.69..165745.69 rows=1 width=84) (actual time=0.706..0.707 rows=1 loops=1)
               ->  Sort  (cost=165745.69..165745.69 rows=1 width=84) (actual time=0.704..0.705 rows=1 loops=1)
                     Sort Key: (st_distance(st_transform(s_498.the_geom, 25833), '0101000020E9640000A9249C8C17E02341AD353DFEFA0C5741'::geometry))
                     Sort Method: top-N heapsort  Memory: 25kB
                     ->  Seq Scan on phoml_trajectory_tmp s_498  (cost=0.00..165745.68 rows=1 width=84) (actual time=0.036..0.629 rows=480 loops=1)
                           Filter: ((unix_time >= '1685451452.085'::double precision) AND (unix_time <= '1685451512.085'::double precision) AND st_dwithin(st_transform(the_geom, 25833), '0101000020E9640000A9249C8C17E02341AD353DFEFA0C5741'::geometry, '300'::double precision))
                           Rows Removed by Filter: 3180
   ->  Subquery Scan on "*SELECT* 500"  (cost=165745.69..165745.70 rows=1 width=76) (actual time=0.720..0.721 rows=1 loops=1)
         ->  Limit  (cost=165745.69..165745.69 rows=1 width=84) (actual time=0.716..0.717 rows=1 loops=1)
               ->  Sort  (cost=165745.69..165745.69 rows=1 width=84) (actual time=0.714..0.715 rows=1 loops=1)
                     Sort Key: (st_distance(st_transform(s_499.the_geom, 25833), '0101000020E96400004EEAF93119E02341014C9CB1F90C5741'::geometry))
                     Sort Method: top-N heapsort  Memory: 25kB
                     ->  Seq Scan on phoml_trajectory_tmp s_499  (cost=0.00..165745.68 rows=1 width=84) (actual time=0.034..0.643 rows=480 loops=1)
                           Filter: ((unix_time >= '1685451452.439'::double precision) AND (unix_time <= '1685451512.439'::double precision) AND st_dwithin(st_transform(the_geom, 25833), '0101000020E96400004EEAF93119E02341014C9CB1F90C5741'::geometry, '300'::double precision))
                           Rows Removed by Filter: 3180
   ->  Subquery Scan on "*SELECT* 501"  (cost=165745.69..165745.70 rows=1 width=76) (actual time=0.733..0.734 rows=1 loops=1)
         ->  Limit  (cost=165745.69..165745.69 rows=1 width=84) (actual time=0.729..0.730 rows=1 loops=1)
               ->  Sort  (cost=165745.69..165745.69 rows=1 width=84) (actual time=0.727..0.727 rows=1 loops=1)
                     Sort Key: (st_distance(st_transform(s_500.the_geom, 25833), '0101000020E964000045C2BDD61AE02341B6031074F80C5741'::geometry))
                     Sort Method: top-N heapsort  Memory: 25kB
                     ->  Seq Scan on phoml_trajectory_tmp s_500  (cost=0.00..165745.68 rows=1 width=84) (actual time=0.038..0.654 rows=480 loops=1)
                           Filter: ((unix_time >= '1685451452.779'::double precision) AND (unix_time <= '1685451512.779'::double precision) AND st_dwithin(st_transform(the_geom, 25833), '0101000020E964000045C2BDD61AE02341B6031074F80C5741'::geometry, '300'::double precision))
                           Rows Removed by Filter: 3180
   ->  Subquery Scan on "*SELECT* 502"  (cost=165745.69..165745.70 rows=1 width=76) (actual time=0.715..0.716 rows=1 loops=1)
         ->  Limit  (cost=165745.69..165745.69 rows=1 width=84) (actual time=0.713..0.714 rows=1 loops=1)
               ->  Sort  (cost=165745.69..165745.69 rows=1 width=84) (actual time=0.711..0.711 rows=1 loops=1)
                     Sort Key: (st_distance(st_transform(s_501.the_geom, 25833), '0101000020E9640000E4A6F3761CE02341C547E543F70C5741'::geometry))
                     Sort Method: top-N heapsort  Memory: 25kB
                     ->  Seq Scan on phoml_trajectory_tmp s_501  (cost=0.00..165745.68 rows=1 width=84) (actual time=0.035..0.637 rows=480 loops=1)
                           Filter: ((unix_time >= '1685451453.109'::double precision) AND (unix_time <= '1685451513.109'::double precision) AND st_dwithin(st_transform(the_geom, 25833), '0101000020E9640000E4A6F3761CE02341C547E543F70C5741'::geometry, '300'::double precision))
                           Rows Removed by Filter: 3180
   ->  Subquery Scan on "*SELECT* 503"  (cost=165745.69..165745.70 rows=1 width=76) (actual time=0.725..0.726 rows=1 loops=1)
         ->  Limit  (cost=165745.69..165745.69 rows=1 width=84) (actual time=0.723..0.724 rows=1 loops=1)
               ->  Sort  (cost=165745.69..165745.69 rows=1 width=84) (actual time=0.721..0.721 rows=1 loops=1)
                     Sort Key: (st_distance(st_transform(s_502.the_geom, 25833), '0101000020E96400002D12E91A1EE023410E7CDB14F60C5741'::geometry))
                     Sort Method: top-N heapsort  Memory: 25kB
                     ->  Seq Scan on phoml_trajectory_tmp s_502  (cost=0.00..165745.68 rows=1 width=84) (actual time=0.045..0.647 rows=480 loops=1)
                           Filter: ((unix_time >= '1685451453.436'::double precision) AND (unix_time <= '1685451513.436'::double precision) AND st_dwithin(st_transform(the_geom, 25833), '0101000020E96400002D12E91A1EE023410E7CDB14F60C5741'::geometry, '300'::double precision))
                           Rows Removed by Filter: 3180
   ->  Subquery Scan on "*SELECT* 504"  (cost=165745.69..165745.70 rows=1 width=76) (actual time=0.752..0.754 rows=1 loops=1)
         ->  Limit  (cost=165745.69..165745.69 rows=1 width=84) (actual time=0.748..0.749 rows=1 loops=1)
               ->  Sort  (cost=165745.69..165745.69 rows=1 width=84) (actual time=0.746..0.746 rows=1 loops=1)
                     Sort Key: (st_distance(st_transform(s_503.the_geom, 25833), '0101000020E9640000BA6259BE1FE02341DC6A7BD6F40C5741'::geometry))
                     Sort Method: top-N heapsort  Memory: 25kB
                     ->  Seq Scan on phoml_trajectory_tmp s_503  (cost=0.00..165745.68 rows=1 width=84) (actual time=0.033..0.665 rows=480 loops=1)
                           Filter: ((unix_time >= '1685451453.776'::double precision) AND (unix_time <= '1685451513.776'::double precision) AND st_dwithin(st_transform(the_geom, 25833), '0101000020E9640000BA6259BE1FE02341DC6A7BD6F40C5741'::geometry, '300'::double precision))
                           Rows Removed by Filter: 3180
   ->  Subquery Scan on "*SELECT* 505"  (cost=165745.69..165745.70 rows=1 width=76) (actual time=0.747..0.747 rows=1 loops=1)
         ->  Limit  (cost=165745.69..165745.69 rows=1 width=84) (actual time=0.743..0.744 rows=1 loops=1)
               ->  Sort  (cost=165745.69..165745.69 rows=1 width=84) (actual time=0.741..0.741 rows=1 loops=1)
                     Sort Key: (st_distance(st_transform(s_504.the_geom, 25833), '0101000020E9640000EC679F6521E0234187B6A991F30C5741'::geometry))
                     Sort Method: top-N heapsort  Memory: 25kB
                     ->  Seq Scan on phoml_trajectory_tmp s_504  (cost=0.00..165745.68 rows=1 width=84) (actual time=0.039..0.669 rows=480 loops=1)
                           Filter: ((unix_time >= '1685451454.126'::double precision) AND (unix_time <= '1685451514.126'::double precision) AND st_dwithin(st_transform(the_geom, 25833), '0101000020E9640000EC679F6521E0234187B6A991F30C5741'::geometry, '300'::double precision))
                           Rows Removed by Filter: 3180
   ->  Subquery Scan on "*SELECT* 506"  (cost=165745.69..165745.70 rows=1 width=76) (actual time=0.713..0.714 rows=1 loops=1)
         ->  Limit  (cost=165745.69..165745.69 rows=1 width=84) (actual time=0.711..0.712 rows=1 loops=1)
               ->  Sort  (cost=165745.69..165745.69 rows=1 width=84) (actual time=0.709..0.709 rows=1 loops=1)
                     Sort Key: (st_distance(st_transform(s_505.the_geom, 25833), '0101000020E964000005822E3323E02341AC5B1756F20C5741'::geometry))
                     Sort Method: top-N heapsort  Memory: 25kB
                     ->  Seq Scan on phoml_trajectory_tmp s_505  (cost=0.00..165745.68 rows=1 width=84) (actual time=0.035..0.637 rows=480 loops=1)
                           Filter: ((unix_time >= '1685451454.462'::double precision) AND (unix_time <= '1685451514.462'::double precision) AND st_dwithin(st_transform(the_geom, 25833), '0101000020E964000005822E3323E02341AC5B1756F20C5741'::geometry, '300'::double precision))
                           Rows Removed by Filter: 3180
   ->  Subquery Scan on "*SELECT* 507"  (cost=165745.69..165745.70 rows=1 width=76) (actual time=0.721..0.723 rows=1 loops=1)
         ->  Limit  (cost=165745.69..165745.69 rows=1 width=84) (actual time=0.719..0.720 rows=1 loops=1)
               ->  Sort  (cost=165745.69..165745.69 rows=1 width=84) (actual time=0.718..0.718 rows=1 loops=1)
                     Sort Key: (st_distance(st_transform(s_506.the_geom, 25833), '0101000020E96400004B8B93D224E023417F038E1EF10C5741'::geometry))
                     Sort Method: top-N heapsort  Memory: 25kB
                     ->  Seq Scan on phoml_trajectory_tmp s_506  (cost=0.00..165745.68 rows=1 width=84) (actual time=0.043..0.644 rows=480 loops=1)
                           Filter: ((unix_time >= '1685451454.792'::double precision) AND (unix_time <= '1685451514.792'::double precision) AND st_dwithin(st_transform(the_geom, 25833), '0101000020E96400004B8B93D224E023417F038E1EF10C5741'::geometry, '300'::double precision))
                           Rows Removed by Filter: 3180
   ->  Subquery Scan on "*SELECT* 508"  (cost=165745.69..165745.70 rows=1 width=76) (actual time=0.736..0.737 rows=1 loops=1)
         ->  Limit  (cost=165745.69..165745.69 rows=1 width=84) (actual time=0.733..0.734 rows=1 loops=1)
               ->  Sort  (cost=165745.69..165745.69 rows=1 width=84) (actual time=0.731..0.731 rows=1 loops=1)
                     Sort Key: (st_distance(st_transform(s_507.the_geom, 25833), '0101000020E964000093404F7B26E02341189AD1E2EF0C5741'::geometry))
                     Sort Method: top-N heapsort  Memory: 25kB
                     ->  Seq Scan on phoml_trajectory_tmp s_507  (cost=0.00..165745.68 rows=1 width=84) (actual time=0.036..0.659 rows=480 loops=1)
                           Filter: ((unix_time >= '1685451455.132'::double precision) AND (unix_time <= '1685451515.132'::double precision) AND st_dwithin(st_transform(the_geom, 25833), '0101000020E964000093404F7B26E02341189AD1E2EF0C5741'::geometry, '300'::double precision))
                           Rows Removed by Filter: 3180
   ->  Subquery Scan on "*SELECT* 509"  (cost=165745.69..165745.70 rows=1 width=76) (actual time=0.754..0.755 rows=1 loops=1)
         ->  Limit  (cost=165745.69..165745.69 rows=1 width=84) (actual time=0.750..0.751 rows=1 loops=1)
               ->  Sort  (cost=165745.69..165745.69 rows=1 width=84) (actual time=0.748..0.749 rows=1 loops=1)
                     Sort Key: (st_distance(st_transform(s_508.the_geom, 25833), '0101000020E9640000A70BC03A28E02341F11B9DA4EE0C5741'::geometry))
                     Sort Method: top-N heapsort  Memory: 25kB
                     ->  Seq Scan on phoml_trajectory_tmp s_508  (cost=0.00..165745.68 rows=1 width=84) (actual time=0.036..0.675 rows=480 loops=1)
                           Filter: ((unix_time >= '1685451455.469'::double precision) AND (unix_time <= '1685451515.469'::double precision) AND st_dwithin(st_transform(the_geom, 25833), '0101000020E9640000A70BC03A28E02341F11B9DA4EE0C5741'::geometry, '300'::double precision))
                           Rows Removed by Filter: 3180
   ->  Subquery Scan on "*SELECT* 510"  (cost=165745.69..165745.70 rows=1 width=76) (actual time=0.715..0.716 rows=1 loops=1)
         ->  Limit  (cost=165745.69..165745.69 rows=1 width=84) (actual time=0.713..0.714 rows=1 loops=1)
               ->  Sort  (cost=165745.69..165745.69 rows=1 width=84) (actual time=0.711..0.711 rows=1 loops=1)
                     Sort Key: (st_distance(st_transform(s_509.the_geom, 25833), '0101000020E96400009D9341DE29E02341A8E1E37CED0C5741'::geometry))
                     Sort Method: top-N heapsort  Memory: 25kB
                     ->  Seq Scan on phoml_trajectory_tmp s_509  (cost=0.00..165745.68 rows=1 width=84) (actual time=0.035..0.638 rows=480 loops=1)
                           Filter: ((unix_time >= '1685451455.789'::double precision) AND (unix_time <= '1685451515.789'::double precision) AND st_dwithin(st_transform(the_geom, 25833), '0101000020E96400009D9341DE29E02341A8E1E37CED0C5741'::geometry, '300'::double precision))
                           Rows Removed by Filter: 3180
   ->  Subquery Scan on "*SELECT* 511"  (cost=165745.69..165745.70 rows=1 width=76) (actual time=0.726..0.727 rows=1 loops=1)
         ->  Limit  (cost=165745.69..165745.69 rows=1 width=84) (actual time=0.723..0.724 rows=1 loops=1)
               ->  Sort  (cost=165745.69..165745.69 rows=1 width=84) (actual time=0.721..0.722 rows=1 loops=1)
                     Sort Key: (st_distance(st_transform(s_510.the_geom, 25833), '0101000020E96400005426B47E2BE02341D695FC34EC0C5741'::geometry))
                     Sort Method: top-N heapsort  Memory: 25kB
                     ->  Seq Scan on phoml_trajectory_tmp s_510  (cost=0.00..165745.68 rows=1 width=84) (actual time=0.044..0.649 rows=480 loops=1)
                           Filter: ((unix_time >= '1685451456.129'::double precision) AND (unix_time <= '1685451516.129'::double precision) AND st_dwithin(st_transform(the_geom, 25833), '0101000020E96400005426B47E2BE02341D695FC34EC0C5741'::geometry, '300'::double precision))
                           Rows Removed by Filter: 3180
   ->  Subquery Scan on "*SELECT* 512"  (cost=165745.69..165745.70 rows=1 width=76) (actual time=0.730..0.731 rows=1 loops=1)
         ->  Limit  (cost=165745.69..165745.69 rows=1 width=84) (actual time=0.726..0.727 rows=1 loops=1)
               ->  Sort  (cost=165745.69..165745.69 rows=1 width=84) (actual time=0.725..0.725 rows=1 loops=1)
                     Sort Key: (st_distance(st_transform(s_511.the_geom, 25833), '0101000020E9640000184E3E362DE023418E255DF3EA0C5741'::geometry))
                     Sort Method: top-N heapsort  Memory: 25kB
                     ->  Seq Scan on phoml_trajectory_tmp s_511  (cost=0.00..165745.68 rows=1 width=84) (actual time=0.038..0.644 rows=480 loops=1)
                           Filter: ((unix_time >= '1685451456.462'::double precision) AND (unix_time <= '1685451516.462'::double precision) AND st_dwithin(st_transform(the_geom, 25833), '0101000020E9640000184E3E362DE023418E255DF3EA0C5741'::geometry, '300'::double precision))
                           Rows Removed by Filter: 3180
   ->  Subquery Scan on "*SELECT* 513"  (cost=165745.69..165745.70 rows=1 width=76) (actual time=0.723..0.724 rows=1 loops=1)
         ->  Limit  (cost=165745.69..165745.69 rows=1 width=84) (actual time=0.719..0.720 rows=1 loops=1)
               ->  Sort  (cost=165745.69..165745.69 rows=1 width=84) (actual time=0.717..0.718 rows=1 loops=1)
                     Sort Key: (st_distance(st_transform(s_512.the_geom, 25833), '0101000020E96400006BD819C92EE02341B0153BB8E90C5741'::geometry))
                     Sort Method: top-N heapsort  Memory: 25kB
                     ->  Seq Scan on phoml_trajectory_tmp s_512  (cost=0.00..165745.68 rows=1 width=84) (actual time=0.035..0.644 rows=480 loops=1)
                           Filter: ((unix_time >= '1685451456.792'::double precision) AND (unix_time <= '1685451516.792'::double precision) AND st_dwithin(st_transform(the_geom, 25833), '0101000020E96400006BD819C92EE02341B0153BB8E90C5741'::geometry, '300'::double precision))
                           Rows Removed by Filter: 3180
   ->  Subquery Scan on "*SELECT* 514"  (cost=165745.69..165745.70 rows=1 width=76) (actual time=0.722..0.723 rows=1 loops=1)
         ->  Limit  (cost=165745.69..165745.69 rows=1 width=84) (actual time=0.720..0.720 rows=1 loops=1)
               ->  Sort  (cost=165745.69..165745.69 rows=1 width=84) (actual time=0.717..0.718 rows=1 loops=1)
                     Sort Key: (st_distance(st_transform(s_513.the_geom, 25833), '0101000020E964000006D28F5E30E023419F09EA75E80C5741'::geometry))
                     Sort Method: top-N heapsort  Memory: 25kB
                     ->  Seq Scan on phoml_trajectory_tmp s_513  (cost=0.00..165745.68 rows=1 width=84) (actual time=0.035..0.646 rows=480 loops=1)
                           Filter: ((unix_time >= '1685451457.132'::double precision) AND (unix_time <= '1685451517.132'::double precision) AND st_dwithin(st_transform(the_geom, 25833), '0101000020E964000006D28F5E30E023419F09EA75E80C5741'::geometry, '300'::double precision))
                           Rows Removed by Filter: 3180
   ->  Subquery Scan on "*SELECT* 515"  (cost=165745.69..165745.70 rows=1 width=76) (actual time=0.750..0.751 rows=1 loops=1)
         ->  Limit  (cost=165745.69..165745.69 rows=1 width=84) (actual time=0.747..0.747 rows=1 loops=1)
               ->  Sort  (cost=165745.69..165745.69 rows=1 width=84) (actual time=0.745..0.745 rows=1 loops=1)
                     Sort Key: (st_distance(st_transform(s_514.the_geom, 25833), '0101000020E9640000F2B44AFB31E023413ADD5235E70C5741'::geometry))
                     Sort Method: top-N heapsort  Memory: 25kB
                     ->  Seq Scan on phoml_trajectory_tmp s_514  (cost=0.00..165745.68 rows=1 width=84) (actual time=0.039..0.668 rows=480 loops=1)
                           Filter: ((unix_time >= '1685451457.46'::double precision) AND (unix_time <= '1685451517.46'::double precision) AND st_dwithin(st_transform(the_geom, 25833), '0101000020E9640000F2B44AFB31E023413ADD5235E70C5741'::geometry, '300'::double precision))
                           Rows Removed by Filter: 3180
   ->  Subquery Scan on "*SELECT* 516"  (cost=165745.69..165745.70 rows=1 width=76) (actual time=0.730..0.731 rows=1 loops=1)
         ->  Limit  (cost=165745.69..165745.69 rows=1 width=84) (actual time=0.726..0.727 rows=1 loops=1)
               ->  Sort  (cost=165745.69..165745.69 rows=1 width=84) (actual time=0.723..0.724 rows=1 loops=1)
                     Sort Key: (st_distance(st_transform(s_515.the_geom, 25833), '0101000020E96400003C2ECC8F33E023414DC92802E60C5741'::geometry))
                     Sort Method: top-N heapsort  Memory: 25kB
                     ->  Seq Scan on phoml_trajectory_tmp s_515  (cost=0.00..165745.68 rows=1 width=84) (actual time=0.037..0.650 rows=480 loops=1)
                           Filter: ((unix_time >= '1685451457.78'::double precision) AND (unix_time <= '1685451517.78'::double precision) AND st_dwithin(st_transform(the_geom, 25833), '0101000020E96400003C2ECC8F33E023414DC92802E60C5741'::geometry, '300'::double precision))
                           Rows Removed by Filter: 3180
   ->  Subquery Scan on "*SELECT* 517"  (cost=165745.69..165745.70 rows=1 width=76) (actual time=0.726..0.727 rows=1 loops=1)
         ->  Limit  (cost=165745.69..165745.69 rows=1 width=84) (actual time=0.722..0.723 rows=1 loops=1)
               ->  Sort  (cost=165745.69..165745.69 rows=1 width=84) (actual time=0.720..0.720 rows=1 loops=1)
                     Sort Key: (st_distance(st_transform(s_516.the_geom, 25833), '0101000020E96400002177D53635E0234124E06ABDE40C5741'::geometry))
                     Sort Method: top-N heapsort  Memory: 25kB
                     ->  Seq Scan on phoml_trajectory_tmp s_516  (cost=0.00..165745.68 rows=1 width=84) (actual time=0.035..0.648 rows=480 loops=1)
                           Filter: ((unix_time >= '1685451458.12'::double precision) AND (unix_time <= '1685451518.12'::double precision) AND st_dwithin(st_transform(the_geom, 25833), '0101000020E96400002177D53635E0234124E06ABDE40C5741'::geometry, '300'::double precision))
                           Rows Removed by Filter: 3180
   ->  Subquery Scan on "*SELECT* 518"  (cost=165745.69..165745.70 rows=1 width=76) (actual time=0.754..0.755 rows=1 loops=1)
         ->  Limit  (cost=165745.69..165745.69 rows=1 width=84) (actual time=0.749..0.749 rows=1 loops=1)
               ->  Sort  (cost=165745.69..165745.69 rows=1 width=84) (actual time=0.747..0.747 rows=1 loops=1)
                     Sort Key: (st_distance(st_transform(s_517.the_geom, 25833), '0101000020E96400001F11A1D736E023416F31C98DE30C5741'::geometry))
                     Sort Method: top-N heapsort  Memory: 25kB
                     ->  Seq Scan on phoml_trajectory_tmp s_517  (cost=0.00..165745.68 rows=1 width=84) (actual time=0.034..0.674 rows=480 loops=1)
                           Filter: ((unix_time >= '1685451458.445'::double precision) AND (unix_time <= '1685451518.445'::double precision) AND st_dwithin(st_transform(the_geom, 25833), '0101000020E96400001F11A1D736E023416F31C98DE30C5741'::geometry, '300'::double precision))
                           Rows Removed by Filter: 3180
   ->  Subquery Scan on "*SELECT* 519"  (cost=165745.69..165745.70 rows=1 width=76) (actual time=0.729..0.730 rows=1 loops=1)
         ->  Limit  (cost=165745.69..165745.69 rows=1 width=84) (actual time=0.725..0.726 rows=1 loops=1)
               ->  Sort  (cost=165745.69..165745.69 rows=1 width=84) (actual time=0.723..0.724 rows=1 loops=1)
                     Sort Key: (st_distance(st_transform(s_518.the_geom, 25833), '0101000020E96400001A58C47A38E023414AFE9A4FE20C5741'::geometry))
                     Sort Method: top-N heapsort  Memory: 25kB
                     ->  Seq Scan on phoml_trajectory_tmp s_518  (cost=0.00..165745.68 rows=1 width=84) (actual time=0.036..0.649 rows=480 loops=1)
                           Filter: ((unix_time >= '1685451458.775'::double precision) AND (unix_time <= '1685451518.775'::double precision) AND st_dwithin(st_transform(the_geom, 25833), '0101000020E96400001A58C47A38E023414AFE9A4FE20C5741'::geometry, '300'::double precision))
                           Rows Removed by Filter: 3180
   ->  Subquery Scan on "*SELECT* 520"  (cost=165745.69..165745.70 rows=1 width=76) (actual time=0.739..0.740 rows=1 loops=1)
         ->  Limit  (cost=165745.69..165745.69 rows=1 width=84) (actual time=0.737..0.738 rows=1 loops=1)
               ->  Sort  (cost=165745.69..165745.69 rows=1 width=84) (actual time=0.735..0.735 rows=1 loops=1)
                     Sort Key: (st_distance(st_transform(s_519.the_geom, 25833), '0101000020E9640000400DFD3F3AE02341890E9612E10C5741'::geometry))
                     Sort Method: top-N heapsort  Memory: 25kB
                     ->  Seq Scan on phoml_trajectory_tmp s_519  (cost=0.00..165745.68 rows=1 width=84) (actual time=0.050..0.659 rows=480 loops=1)
                           Filter: ((unix_time >= '1685451459.115'::double precision) AND (unix_time <= '1685451519.115'::double precision) AND st_dwithin(st_transform(the_geom, 25833), '0101000020E9640000400DFD3F3AE02341890E9612E10C5741'::geometry, '300'::double precision))
                           Rows Removed by Filter: 3180
   ->  Subquery Scan on "*SELECT* 521"  (cost=165745.69..165745.70 rows=1 width=76) (actual time=0.744..0.745 rows=1 loops=1)
         ->  Limit  (cost=165745.69..165745.69 rows=1 width=84) (actual time=0.741..0.742 rows=1 loops=1)
               ->  Sort  (cost=165745.69..165745.69 rows=1 width=84) (actual time=0.739..0.740 rows=1 loops=1)
                     Sort Key: (st_distance(st_transform(s_520.the_geom, 25833), '0101000020E9640000CFFE02E23BE023417F5157D4DF0C5741'::geometry))
                     Sort Method: top-N heapsort  Memory: 25kB
                     ->  Seq Scan on phoml_trajectory_tmp s_520  (cost=0.00..165745.68 rows=1 width=84) (actual time=0.035..0.664 rows=480 loops=1)
                           Filter: ((unix_time >= '1685451459.449'::double precision) AND (unix_time <= '1685451519.449'::double precision) AND st_dwithin(st_transform(the_geom, 25833), '0101000020E9640000CFFE02E23BE023417F5157D4DF0C5741'::geometry, '300'::double precision))
                           Rows Removed by Filter: 3180
   ->  Subquery Scan on "*SELECT* 522"  (cost=165745.69..165745.70 rows=1 width=76) (actual time=0.742..0.743 rows=1 loops=1)
         ->  Limit  (cost=165745.69..165745.69 rows=1 width=84) (actual time=0.739..0.739 rows=1 loops=1)
               ->  Sort  (cost=165745.69..165745.69 rows=1 width=84) (actual time=0.737..0.737 rows=1 loops=1)
                     Sort Key: (st_distance(st_transform(s_521.the_geom, 25833), '0101000020E9640000447EEA813DE023419BC3A79CDE0C5741'::geometry))
                     Sort Method: top-N heapsort  Memory: 25kB
                     ->  Seq Scan on phoml_trajectory_tmp s_521  (cost=0.00..165745.68 rows=1 width=84) (actual time=0.038..0.664 rows=480 loops=1)
                           Filter: ((unix_time >= '1685451459.779'::double precision) AND (unix_time <= '1685451519.779'::double precision) AND st_dwithin(st_transform(the_geom, 25833), '0101000020E9640000447EEA813DE023419BC3A79CDE0C5741'::geometry, '300'::double precision))
                           Rows Removed by Filter: 3180
   ->  Subquery Scan on "*SELECT* 523"  (cost=165745.69..165745.70 rows=1 width=76) (actual time=0.740..0.741 rows=1 loops=1)
         ->  Limit  (cost=165745.69..165745.69 rows=1 width=84) (actual time=0.736..0.737 rows=1 loops=1)
               ->  Sort  (cost=165745.69..165745.69 rows=1 width=84) (actual time=0.734..0.734 rows=1 loops=1)
                     Sort Key: (st_distance(st_transform(s_522.the_geom, 25833), '0101000020E96400009779241D3FE02341CEA2BA5BDD0C5741'::geometry))
                     Sort Method: top-N heapsort  Memory: 25kB
                     ->  Seq Scan on phoml_trajectory_tmp s_522  (cost=0.00..165745.68 rows=1 width=84) (actual time=0.036..0.654 rows=480 loops=1)
                           Filter: ((unix_time >= '1685451460.119'::double precision) AND (unix_time <= '1685451520.119'::double precision) AND st_dwithin(st_transform(the_geom, 25833), '0101000020E96400009779241D3FE02341CEA2BA5BDD0C5741'::geometry, '300'::double precision))
                           Rows Removed by Filter: 3180
   ->  Subquery Scan on "*SELECT* 524"  (cost=165745.69..165745.70 rows=1 width=76) (actual time=0.721..0.723 rows=1 loops=1)
         ->  Limit  (cost=165745.69..165745.69 rows=1 width=84) (actual time=0.719..0.720 rows=1 loops=1)
               ->  Sort  (cost=165745.69..165745.69 rows=1 width=84) (actual time=0.717..0.718 rows=1 loops=1)
                     Sort Key: (st_distance(st_transform(s_523.the_geom, 25833), '0101000020E9640000D43833B940E02341A8A3051BDC0C5741'::geometry))
                     Sort Method: top-N heapsort  Memory: 25kB
                     ->  Seq Scan on phoml_trajectory_tmp s_523  (cost=0.00..165745.68 rows=1 width=84) (actual time=0.037..0.643 rows=480 loops=1)
                           Filter: ((unix_time >= '1685451460.454'::double precision) AND (unix_time <= '1685451520.454'::double precision) AND st_dwithin(st_transform(the_geom, 25833), '0101000020E9640000D43833B940E02341A8A3051BDC0C5741'::geometry, '300'::double precision))
                           Rows Removed by Filter: 3180
   ->  Subquery Scan on "*SELECT* 525"  (cost=165745.69..165745.70 rows=1 width=76) (actual time=0.775..0.776 rows=1 loops=1)
         ->  Limit  (cost=165745.69..165745.69 rows=1 width=84) (actual time=0.767..0.768 rows=1 loops=1)
               ->  Sort  (cost=165745.69..165745.69 rows=1 width=84) (actual time=0.765..0.765 rows=1 loops=1)
                     Sort Key: (st_distance(st_transform(s_524.the_geom, 25833), '0101000020E9640000DA2E964042E023416BEBD2DCDA0C5741'::geometry))
                     Sort Method: top-N heapsort  Memory: 25kB
                     ->  Seq Scan on phoml_trajectory_tmp s_524  (cost=0.00..165745.68 rows=1 width=84) (actual time=0.036..0.688 rows=480 loops=1)
                           Filter: ((unix_time >= '1685451460.784'::double precision) AND (unix_time <= '1685451520.784'::double precision) AND st_dwithin(st_transform(the_geom, 25833), '0101000020E9640000DA2E964042E023416BEBD2DCDA0C5741'::geometry, '300'::double precision))
                           Rows Removed by Filter: 3180
   ->  Subquery Scan on "*SELECT* 526"  (cost=165745.69..165745.70 rows=1 width=76) (actual time=0.744..0.745 rows=1 loops=1)
         ->  Limit  (cost=165745.69..165745.69 rows=1 width=84) (actual time=0.740..0.741 rows=1 loops=1)
               ->  Sort  (cost=165745.69..165745.69 rows=1 width=84) (actual time=0.738..0.738 rows=1 loops=1)
                     Sort Key: (st_distance(st_transform(s_525.the_geom, 25833), '0101000020E96400003941AAD043E0234136C8E19AD90C5741'::geometry))
                     Sort Method: top-N heapsort  Memory: 25kB
                     ->  Seq Scan on phoml_trajectory_tmp s_525  (cost=0.00..165745.68 rows=1 width=84) (actual time=0.040..0.655 rows=480 loops=1)
                           Filter: ((unix_time >= '1685451461.124'::double precision) AND (unix_time <= '1685451521.124'::double precision) AND st_dwithin(st_transform(the_geom, 25833), '0101000020E96400003941AAD043E0234136C8E19AD90C5741'::geometry, '300'::double precision))
                           Rows Removed by Filter: 3180
   ->  Subquery Scan on "*SELECT* 527"  (cost=165745.69..165745.70 rows=1 width=76) (actual time=0.743..0.744 rows=1 loops=1)
         ->  Limit  (cost=165745.69..165745.69 rows=1 width=84) (actual time=0.740..0.741 rows=1 loops=1)
               ->  Sort  (cost=165745.69..165745.69 rows=1 width=84) (actual time=0.738..0.738 rows=1 loops=1)
                     Sort Key: (st_distance(st_transform(s_526.the_geom, 25833), '0101000020E9640000FC09F94745E02341BE749760D80C5741'::geometry))
                     Sort Method: top-N heapsort  Memory: 25kB
                     ->  Seq Scan on phoml_trajectory_tmp s_526  (cost=0.00..165745.68 rows=1 width=84) (actual time=0.037..0.665 rows=480 loops=1)
                           Filter: ((unix_time >= '1685451461.462'::double precision) AND (unix_time <= '1685451521.462'::double precision) AND st_dwithin(st_transform(the_geom, 25833), '0101000020E9640000FC09F94745E02341BE749760D80C5741'::geometry, '300'::double precision))
                           Rows Removed by Filter: 3180
   ->  Subquery Scan on "*SELECT* 528"  (cost=165745.69..165745.70 rows=1 width=76) (actual time=0.720..0.722 rows=1 loops=1)
         ->  Limit  (cost=165745.69..165745.69 rows=1 width=84) (actual time=0.719..0.719 rows=1 loops=1)
               ->  Sort  (cost=165745.69..165745.69 rows=1 width=84) (actual time=0.716..0.716 rows=1 loops=1)
                     Sort Key: (st_distance(st_transform(s_527.the_geom, 25833), '0101000020E9640000C79B1EC146E02341CDF11C26D70C5741'::geometry))
                     Sort Method: top-N heapsort  Memory: 25kB
                     ->  Seq Scan on phoml_trajectory_tmp s_527  (cost=0.00..165745.68 rows=1 width=84) (actual time=0.040..0.642 rows=480 loops=1)
                           Filter: ((unix_time >= '1685451461.792'::double precision) AND (unix_time <= '1685451521.792'::double precision) AND st_dwithin(st_transform(the_geom, 25833), '0101000020E9640000C79B1EC146E02341CDF11C26D70C5741'::geometry, '300'::double precision))
                           Rows Removed by Filter: 3180
   ->  Subquery Scan on "*SELECT* 529"  (cost=165745.69..165745.70 rows=1 width=76) (actual time=0.729..0.730 rows=1 loops=1)
         ->  Limit  (cost=165745.69..165745.69 rows=1 width=84) (actual time=0.725..0.726 rows=1 loops=1)
               ->  Sort  (cost=165745.69..165745.69 rows=1 width=84) (actual time=0.723..0.724 rows=1 loops=1)
                     Sort Key: (st_distance(st_transform(s_528.the_geom, 25833), '0101000020E9640000E69D535F48E0234138F632EED50C5741'::geometry))
                     Sort Method: top-N heapsort  Memory: 25kB
                     ->  Seq Scan on phoml_trajectory_tmp s_528  (cost=0.00..165745.68 rows=1 width=84) (actual time=0.035..0.651 rows=480 loops=1)
                           Filter: ((unix_time >= '1685451462.132'::double precision) AND (unix_time <= '1685451522.132'::double precision) AND st_dwithin(st_transform(the_geom, 25833), '0101000020E9640000E69D535F48E0234138F632EED50C5741'::geometry, '300'::double precision))
                           Rows Removed by Filter: 3180
   ->  Subquery Scan on "*SELECT* 530"  (cost=165745.69..165745.70 rows=1 width=76) (actual time=0.723..0.725 rows=1 loops=1)
         ->  Limit  (cost=165745.69..165745.69 rows=1 width=84) (actual time=0.720..0.720 rows=1 loops=1)
               ->  Sort  (cost=165745.69..165745.69 rows=1 width=84) (actual time=0.718..0.718 rows=1 loops=1)
                     Sort Key: (st_distance(st_transform(s_529.the_geom, 25833), '0101000020E9640000C6ED94004AE02341C3F00BA0D40C5741'::geometry))
                     Sort Method: top-N heapsort  Memory: 25kB
                     ->  Seq Scan on phoml_trajectory_tmp s_529  (cost=0.00..165745.68 rows=1 width=84) (actual time=0.035..0.646 rows=480 loops=1)
                           Filter: ((unix_time >= '1685451462.487'::double precision) AND (unix_time <= '1685451522.487'::double precision) AND st_dwithin(st_transform(the_geom, 25833), '0101000020E9640000C6ED94004AE02341C3F00BA0D40C5741'::geometry, '300'::double precision))
                           Rows Removed by Filter: 3180
   ->  Subquery Scan on "*SELECT* 531"  (cost=165745.69..165745.70 rows=1 width=76) (actual time=0.752..0.753 rows=1 loops=1)
         ->  Limit  (cost=165745.69..165745.69 rows=1 width=84) (actual time=0.747..0.748 rows=1 loops=1)
               ->  Sort  (cost=165745.69..165745.69 rows=1 width=84) (actual time=0.745..0.745 rows=1 loops=1)
                     Sort Key: (st_distance(st_transform(s_530.the_geom, 25833), '0101000020E9640000F1F3667A4BE0234133430867D30C5741'::geometry))
                     Sort Method: top-N heapsort  Memory: 25kB
                     ->  Seq Scan on phoml_trajectory_tmp s_530  (cost=0.00..165745.68 rows=1 width=84) (actual time=0.035..0.668 rows=480 loops=1)
                           Filter: ((unix_time >= '1685451462.827'::double precision) AND (unix_time <= '1685451522.827'::double precision) AND st_dwithin(st_transform(the_geom, 25833), '0101000020E9640000F1F3667A4BE0234133430867D30C5741'::geometry, '300'::double precision))
                           Rows Removed by Filter: 3180
   ->  Subquery Scan on "*SELECT* 532"  (cost=165745.69..165745.70 rows=1 width=76) (actual time=0.735..0.736 rows=1 loops=1)
         ->  Limit  (cost=165745.69..165745.69 rows=1 width=84) (actual time=0.733..0.734 rows=1 loops=1)
               ->  Sort  (cost=165745.69..165745.69 rows=1 width=84) (actual time=0.730..0.731 rows=1 loops=1)
                     Sort Key: (st_distance(st_transform(s_531.the_geom, 25833), '0101000020E9640000DC9FBF254DE02341EF3B8223D20C5741'::geometry))
                     Sort Method: top-N heapsort  Memory: 25kB
                     ->  Seq Scan on phoml_trajectory_tmp s_531  (cost=0.00..165745.68 rows=1 width=84) (actual time=0.045..0.653 rows=480 loops=1)
                           Filter: ((unix_time >= '1685451463.181'::double precision) AND (unix_time <= '1685451523.181'::double precision) AND st_dwithin(st_transform(the_geom, 25833), '0101000020E9640000DC9FBF254DE02341EF3B8223D20C5741'::geometry, '300'::double precision))
                           Rows Removed by Filter: 3180
   ->  Subquery Scan on "*SELECT* 533"  (cost=165745.69..165745.70 rows=1 width=76) (actual time=0.736..0.737 rows=1 loops=1)
         ->  Limit  (cost=165745.69..165745.69 rows=1 width=84) (actual time=0.733..0.734 rows=1 loops=1)
               ->  Sort  (cost=165745.69..165745.69 rows=1 width=84) (actual time=0.731..0.731 rows=1 loops=1)
                     Sort Key: (st_distance(st_transform(s_532.the_geom, 25833), '0101000020E9640000A5E89EB84EE0234173F839F9D00C5741'::geometry))
                     Sort Method: top-N heapsort  Memory: 25kB
                     ->  Seq Scan on phoml_trajectory_tmp s_532  (cost=0.00..165745.68 rows=1 width=84) (actual time=0.045..0.658 rows=480 loops=1)
                           Filter: ((unix_time >= '1685451463.511'::double precision) AND (unix_time <= '1685451523.511'::double precision) AND st_dwithin(st_transform(the_geom, 25833), '0101000020E9640000A5E89EB84EE0234173F839F9D00C5741'::geometry, '300'::double precision))
                           Rows Removed by Filter: 3180
   ->  Subquery Scan on "*SELECT* 534"  (cost=165745.69..165745.70 rows=1 width=76) (actual time=0.713..0.714 rows=1 loops=1)
         ->  Limit  (cost=165745.69..165745.69 rows=1 width=84) (actual time=0.709..0.710 rows=1 loops=1)
               ->  Sort  (cost=165745.69..165745.69 rows=1 width=84) (actual time=0.707..0.708 rows=1 loops=1)
                     Sort Key: (st_distance(st_transform(s_533.the_geom, 25833), '0101000020E9640000F37FC66450E0234155E725BDCF0C5741'::geometry))
                     Sort Method: top-N heapsort  Memory: 25kB
                     ->  Seq Scan on phoml_trajectory_tmp s_533  (cost=0.00..165745.68 rows=1 width=84) (actual time=0.036..0.636 rows=480 loops=1)
                           Filter: ((unix_time >= '1685451463.861'::double precision) AND (unix_time <= '1685451523.861'::double precision) AND st_dwithin(st_transform(the_geom, 25833), '0101000020E9640000F37FC66450E0234155E725BDCF0C5741'::geometry, '300'::double precision))
                           Rows Removed by Filter: 3180
   ->  Subquery Scan on "*SELECT* 535"  (cost=165745.69..165745.70 rows=1 width=76) (actual time=0.730..0.731 rows=1 loops=1)
         ->  Limit  (cost=165745.69..165745.69 rows=1 width=84) (actual time=0.726..0.727 rows=1 loops=1)
               ->  Sort  (cost=165745.69..165745.69 rows=1 width=84) (actual time=0.724..0.724 rows=1 loops=1)
                     Sort Key: (st_distance(st_transform(s_534.the_geom, 25833), '0101000020E9640000A0879D1B52E023419938F28CCE0C5741'::geometry))
                     Sort Method: top-N heapsort  Memory: 25kB
                     ->  Seq Scan on phoml_trajectory_tmp s_534  (cost=0.00..165745.68 rows=1 width=84) (actual time=0.037..0.651 rows=480 loops=1)
                           Filter: ((unix_time >= '1685451464.207'::double precision) AND (unix_time <= '1685451524.207'::double precision) AND st_dwithin(st_transform(the_geom, 25833), '0101000020E9640000A0879D1B52E023419938F28CCE0C5741'::geometry, '300'::double precision))
                           Rows Removed by Filter: 3180
   ->  Subquery Scan on "*SELECT* 536"  (cost=165745.69..165745.70 rows=1 width=76) (actual time=0.756..0.757 rows=1 loops=1)
         ->  Limit  (cost=165745.69..165745.69 rows=1 width=84) (actual time=0.751..0.752 rows=1 loops=1)
               ->  Sort  (cost=165745.69..165745.69 rows=1 width=84) (actual time=0.749..0.749 rows=1 loops=1)
                     Sort Key: (st_distance(st_transform(s_535.the_geom, 25833), '0101000020E96400009DD88BCB53E02341D0A1A159CD0C5741'::geometry))
                     Sort Method: top-N heapsort  Memory: 25kB
                     ->  Seq Scan on phoml_trajectory_tmp s_535  (cost=0.00..165745.68 rows=1 width=84) (actual time=0.038..0.676 rows=480 loops=1)
                           Filter: ((unix_time >= '1685451464.547'::double precision) AND (unix_time <= '1685451524.547'::double precision) AND st_dwithin(st_transform(the_geom, 25833), '0101000020E96400009DD88BCB53E02341D0A1A159CD0C5741'::geometry, '300'::double precision))
                           Rows Removed by Filter: 3180
   ->  Subquery Scan on "*SELECT* 537"  (cost=165745.69..165745.70 rows=1 width=76) (actual time=0.731..0.732 rows=1 loops=1)
         ->  Limit  (cost=165745.69..165745.69 rows=1 width=84) (actual time=0.729..0.729 rows=1 loops=1)
               ->  Sort  (cost=165745.69..165745.69 rows=1 width=84) (actual time=0.727..0.727 rows=1 loops=1)
                     Sort Key: (st_distance(st_transform(s_536.the_geom, 25833), '0101000020E96400007EC1846B55E02341ED482621CC0C5741'::geometry))
                     Sort Method: top-N heapsort  Memory: 25kB
                     ->  Seq Scan on phoml_trajectory_tmp s_536  (cost=0.00..165745.68 rows=1 width=84) (actual time=0.054..0.654 rows=480 loops=1)
                           Filter: ((unix_time >= '1685451464.887'::double precision) AND (unix_time <= '1685451524.887'::double precision) AND st_dwithin(st_transform(the_geom, 25833), '0101000020E96400007EC1846B55E02341ED482621CC0C5741'::geometry, '300'::double precision))
                           Rows Removed by Filter: 3180
   ->  Subquery Scan on "*SELECT* 538"  (cost=165745.69..165745.70 rows=1 width=76) (actual time=0.731..0.732 rows=1 loops=1)
         ->  Limit  (cost=165745.69..165745.69 rows=1 width=84) (actual time=0.727..0.728 rows=1 loops=1)
               ->  Sort  (cost=165745.69..165745.69 rows=1 width=84) (actual time=0.724..0.725 rows=1 loops=1)
                     Sort Key: (st_distance(st_transform(s_537.the_geom, 25833), '0101000020E964000040F6AC2257E02341323084E7CA0C5741'::geometry))
                     Sort Method: top-N heapsort  Memory: 25kB
                     ->  Seq Scan on phoml_trajectory_tmp s_537  (cost=0.00..165745.68 rows=1 width=84) (actual time=0.036..0.652 rows=480 loops=1)
                           Filter: ((unix_time >= '1685451465.234'::double precision) AND (unix_time <= '1685451525.234'::double precision) AND st_dwithin(st_transform(the_geom, 25833), '0101000020E964000040F6AC2257E02341323084E7CA0C5741'::geometry, '300'::double precision))
                           Rows Removed by Filter: 3180
   ->  Subquery Scan on "*SELECT* 539"  (cost=165745.69..165745.70 rows=1 width=76) (actual time=0.711..0.712 rows=1 loops=1)
         ->  Limit  (cost=165745.69..165745.69 rows=1 width=84) (actual time=0.708..0.709 rows=1 loops=1)
               ->  Sort  (cost=165745.69..165745.69 rows=1 width=84) (actual time=0.706..0.706 rows=1 loops=1)
                     Sort Key: (st_distance(st_transform(s_538.the_geom, 25833), '0101000020E9640000B60829B858E023413CB864A0C90C5741'::geometry))
                     Sort Method: top-N heapsort  Memory: 25kB
                     ->  Seq Scan on phoml_trajectory_tmp s_538  (cost=0.00..165745.68 rows=1 width=84) (actual time=0.036..0.629 rows=480 loops=1)
                           Filter: ((unix_time >= '1685451465.594'::double precision) AND (unix_time <= '1685451525.594'::double precision) AND st_dwithin(st_transform(the_geom, 25833), '0101000020E9640000B60829B858E023413CB864A0C90C5741'::geometry, '300'::double precision))
                           Rows Removed by Filter: 3180
   ->  Subquery Scan on "*SELECT* 540"  (cost=165745.69..165745.70 rows=1 width=76) (actual time=0.702..0.703 rows=1 loops=1)
         ->  Limit  (cost=165745.69..165745.69 rows=1 width=84) (actual time=0.700..0.700 rows=1 loops=1)
               ->  Sort  (cost=165745.69..165745.69 rows=1 width=84) (actual time=0.697..0.697 rows=1 loops=1)
                     Sort Key: (st_distance(st_transform(s_539.the_geom, 25833), '0101000020E96400000598403E5AE02341EF1F8261C80C5741'::geometry))
                     Sort Method: top-N heapsort  Memory: 25kB
                     ->  Seq Scan on phoml_trajectory_tmp s_539  (cost=0.00..165745.68 rows=1 width=84) (actual time=0.039..0.625 rows=480 loops=1)
                           Filter: ((unix_time >= '1685451465.934'::double precision) AND (unix_time <= '1685451525.934'::double precision) AND st_dwithin(st_transform(the_geom, 25833), '0101000020E96400000598403E5AE02341EF1F8261C80C5741'::geometry, '300'::double precision))
                           Rows Removed by Filter: 3180
   ->  Subquery Scan on "*SELECT* 541"  (cost=165745.69..165745.70 rows=1 width=76) (actual time=0.708..0.709 rows=1 loops=1)
         ->  Limit  (cost=165745.69..165745.69 rows=1 width=84) (actual time=0.704..0.704 rows=1 loops=1)
               ->  Sort  (cost=165745.69..165745.69 rows=1 width=84) (actual time=0.702..0.702 rows=1 loops=1)
                     Sort Key: (st_distance(st_transform(s_540.the_geom, 25833), '0101000020E96400007BB62CCC5BE02341B94F501EC70C5741'::geometry))
                     Sort Method: top-N heapsort  Memory: 25kB
                     ->  Seq Scan on phoml_trajectory_tmp s_540  (cost=0.00..165745.68 rows=1 width=84) (actual time=0.035..0.631 rows=480 loops=1)
                           Filter: ((unix_time >= '1685451466.279'::double precision) AND (unix_time <= '1685451526.279'::double precision) AND st_dwithin(st_transform(the_geom, 25833), '0101000020E96400007BB62CCC5BE02341B94F501EC70C5741'::geometry, '300'::double precision))
                           Rows Removed by Filter: 3180
   ->  Subquery Scan on "*SELECT* 542"  (cost=165745.69..165745.70 rows=1 width=76) (actual time=0.718..0.719 rows=1 loops=1)
         ->  Limit  (cost=165745.69..165745.69 rows=1 width=84) (actual time=0.714..0.715 rows=1 loops=1)
               ->  Sort  (cost=165745.69..165745.69 rows=1 width=84) (actual time=0.712..0.712 rows=1 loops=1)
                     Sort Key: (st_distance(st_transform(s_541.the_geom, 25833), '0101000020E9640000CA868A345DE02341C67572E7C50C5741'::geometry))
                     Sort Method: top-N heapsort  Memory: 25kB
                     ->  Seq Scan on phoml_trajectory_tmp s_541  (cost=0.00..165745.68 rows=1 width=84) (actual time=0.037..0.639 rows=480 loops=1)
                           Filter: ((unix_time >= '1685451466.609'::double precision) AND (unix_time <= '1685451526.609'::double precision) AND st_dwithin(st_transform(the_geom, 25833), '0101000020E9640000CA868A345DE02341C67572E7C50C5741'::geometry, '300'::double precision))
                           Rows Removed by Filter: 3180
   ->  Subquery Scan on "*SELECT* 543"  (cost=165745.69..165745.70 rows=1 width=76) (actual time=0.711..0.712 rows=1 loops=1)
         ->  Limit  (cost=165745.69..165745.69 rows=1 width=84) (actual time=0.707..0.708 rows=1 loops=1)
               ->  Sort  (cost=165745.69..165745.69 rows=1 width=84) (actual time=0.705..0.705 rows=1 loops=1)
                     Sort Key: (st_distance(st_transform(s_542.the_geom, 25833), '0101000020E964000030FCF2CB5EE02341BBBEC0A5C40C5741'::geometry))
                     Sort Method: top-N heapsort  Memory: 25kB
                     ->  Seq Scan on phoml_trajectory_tmp s_542  (cost=0.00..165745.68 rows=1 width=84) (actual time=0.035..0.632 rows=480 loops=1)
                           Filter: ((unix_time >= '1685451466.949'::double precision) AND (unix_time <= '1685451526.949'::double precision) AND st_dwithin(st_transform(the_geom, 25833), '0101000020E964000030FCF2CB5EE02341BBBEC0A5C40C5741'::geometry, '300'::double precision))
                           Rows Removed by Filter: 3180
   ->  Subquery Scan on "*SELECT* 544"  (cost=165745.69..165745.70 rows=1 width=76) (actual time=0.722..0.723 rows=1 loops=1)
         ->  Limit  (cost=165745.69..165745.69 rows=1 width=84) (actual time=0.720..0.720 rows=1 loops=1)
               ->  Sort  (cost=165745.69..165745.69 rows=1 width=84) (actual time=0.717..0.718 rows=1 loops=1)
                     Sort Key: (st_distance(st_transform(s_543.the_geom, 25833), '0101000020E9640000CD3E864B60E0234128116A6DC30C5741'::geometry))
                     Sort Method: top-N heapsort  Memory: 25kB
                     ->  Seq Scan on phoml_trajectory_tmp s_543  (cost=0.00..165745.68 rows=1 width=84) (actual time=0.039..0.647 rows=480 loops=1)
                           Filter: ((unix_time >= '1685451467.283'::double precision) AND (unix_time <= '1685451527.283'::double precision) AND st_dwithin(st_transform(the_geom, 25833), '0101000020E9640000CD3E864B60E0234128116A6DC30C5741'::geometry, '300'::double precision))
                           Rows Removed by Filter: 3180
   ->  Subquery Scan on "*SELECT* 545"  (cost=165745.69..165745.70 rows=1 width=76) (actual time=1.129..1.130 rows=1 loops=1)
         ->  Limit  (cost=165745.69..165745.69 rows=1 width=84) (actual time=1.122..1.123 rows=1 loops=1)
               ->  Sort  (cost=165745.69..165745.69 rows=1 width=84) (actual time=1.120..1.121 rows=1 loops=1)
                     Sort Key: (st_distance(st_transform(s_544.the_geom, 25833), '0101000020E9640000099C4CC361E023411DD41823C20C5741'::geometry))
                     Sort Method: top-N heapsort  Memory: 25kB
                     ->  Seq Scan on phoml_trajectory_tmp s_544  (cost=0.00..165745.68 rows=1 width=84) (actual time=0.038..1.009 rows=480 loops=1)
                           Filter: ((unix_time >= '1685451467.633'::double precision) AND (unix_time <= '1685451527.633'::double precision) AND st_dwithin(st_transform(the_geom, 25833), '0101000020E9640000099C4CC361E023411DD41823C20C5741'::geometry, '300'::double precision))
                           Rows Removed by Filter: 3180
   ->  Subquery Scan on "*SELECT* 546"  (cost=165745.69..165745.70 rows=1 width=76) (actual time=0.775..0.776 rows=1 loops=1)
         ->  Limit  (cost=165745.69..165745.69 rows=1 width=84) (actual time=0.772..0.772 rows=1 loops=1)
               ->  Sort  (cost=165745.69..165745.69 rows=1 width=84) (actual time=0.766..0.767 rows=1 loops=1)
                     Sort Key: (st_distance(st_transform(s_545.the_geom, 25833), '0101000020E96400005866024363E02341C4BF29F4C00C5741'::geometry))
                     Sort Method: top-N heapsort  Memory: 25kB
                     ->  Seq Scan on phoml_trajectory_tmp s_545  (cost=0.00..165745.68 rows=1 width=84) (actual time=0.063..0.686 rows=480 loops=1)
                           Filter: ((unix_time >= '1685451467.953'::double precision) AND (unix_time <= '1685451527.953'::double precision) AND st_dwithin(st_transform(the_geom, 25833), '0101000020E96400005866024363E02341C4BF29F4C00C5741'::geometry, '300'::double precision))
                           Rows Removed by Filter: 3180
   ->  Subquery Scan on "*SELECT* 547"  (cost=165745.69..165745.70 rows=1 width=76) (actual time=0.758..0.759 rows=1 loops=1)
         ->  Limit  (cost=165745.69..165745.69 rows=1 width=84) (actual time=0.754..0.755 rows=1 loops=1)
               ->  Sort  (cost=165745.69..165745.69 rows=1 width=84) (actual time=0.752..0.752 rows=1 loops=1)
                     Sort Key: (st_distance(st_transform(s_546.the_geom, 25833), '0101000020E9640000534C8DE164E023419B89D8A4BF0C5741'::geometry))
                     Sort Method: top-N heapsort  Memory: 25kB
                     ->  Seq Scan on phoml_trajectory_tmp s_546  (cost=0.00..165745.68 rows=1 width=84) (actual time=0.050..0.679 rows=480 loops=1)
                           Filter: ((unix_time >= '1685451468.304'::double precision) AND (unix_time <= '1685451528.304'::double precision) AND st_dwithin(st_transform(the_geom, 25833), '0101000020E9640000534C8DE164E023419B89D8A4BF0C5741'::geometry, '300'::double precision))
                           Rows Removed by Filter: 3180
   ->  Subquery Scan on "*SELECT* 548"  (cost=165745.69..165745.70 rows=1 width=76) (actual time=0.938..0.940 rows=1 loops=1)
         ->  Limit  (cost=165745.69..165745.69 rows=1 width=84) (actual time=0.931..0.932 rows=1 loops=1)
               ->  Sort  (cost=165745.69..165745.69 rows=1 width=84) (actual time=0.929..0.929 rows=1 loops=1)
                     Sort Key: (st_distance(st_transform(s_547.the_geom, 25833), '0101000020E96400003825F95E66E023418D30AC73BE0C5741'::geometry))
                     Sort Method: top-N heapsort  Memory: 25kB
                     ->  Seq Scan on phoml_trajectory_tmp s_547  (cost=0.00..165745.68 rows=1 width=84) (actual time=0.058..0.836 rows=480 loops=1)
                           Filter: ((unix_time >= '1685451468.624'::double precision) AND (unix_time <= '1685451528.624'::double precision) AND st_dwithin(st_transform(the_geom, 25833), '0101000020E96400003825F95E66E023418D30AC73BE0C5741'::geometry, '300'::double precision))
                           Rows Removed by Filter: 3180
   ->  Subquery Scan on "*SELECT* 549"  (cost=165745.69..165745.70 rows=1 width=76) (actual time=0.913..0.915 rows=1 loops=1)
         ->  Limit  (cost=165745.69..165745.69 rows=1 width=84) (actual time=0.909..0.910 rows=1 loops=1)
               ->  Sort  (cost=165745.69..165745.69 rows=1 width=84) (actual time=0.906..0.907 rows=1 loops=1)
                     Sort Key: (st_distance(st_transform(s_548.the_geom, 25833), '0101000020E964000073D80FDE67E023416EAD8034BD0C5741'::geometry))
                     Sort Method: top-N heapsort  Memory: 25kB
                     ->  Seq Scan on phoml_trajectory_tmp s_548  (cost=0.00..165745.68 rows=1 width=84) (actual time=0.049..0.814 rows=480 loops=1)
                           Filter: ((unix_time >= '1685451468.954'::double precision) AND (unix_time <= '1685451528.954'::double precision) AND st_dwithin(st_transform(the_geom, 25833), '0101000020E964000073D80FDE67E023416EAD8034BD0C5741'::geometry, '300'::double precision))
                           Rows Removed by Filter: 3180
   ->  Subquery Scan on "*SELECT* 550"  (cost=165745.69..165745.70 rows=1 width=76) (actual time=0.817..0.818 rows=1 loops=1)
         ->  Limit  (cost=165745.69..165745.69 rows=1 width=84) (actual time=0.813..0.814 rows=1 loops=1)
               ->  Sort  (cost=165745.69..165745.69 rows=1 width=84) (actual time=0.811..0.811 rows=1 loops=1)
                     Sort Key: (st_distance(st_transform(s_549.the_geom, 25833), '0101000020E964000040EBC95A69E023415C7A65F4BB0C5741'::geometry))
                     Sort Method: top-N heapsort  Memory: 25kB
                     ->  Seq Scan on phoml_trajectory_tmp s_549  (cost=0.00..165745.68 rows=1 width=84) (actual time=0.039..0.731 rows=480 loops=1)
                           Filter: ((unix_time >= '1685451469.28'::double precision) AND (unix_time <= '1685451529.28'::double precision) AND st_dwithin(st_transform(the_geom, 25833), '0101000020E964000040EBC95A69E023415C7A65F4BB0C5741'::geometry, '300'::double precision))
                           Rows Removed by Filter: 3180
   ->  Subquery Scan on "*SELECT* 551"  (cost=165745.69..165745.70 rows=1 width=76) (actual time=0.730..0.731 rows=1 loops=1)
         ->  Limit  (cost=165745.69..165745.69 rows=1 width=84) (actual time=0.726..0.727 rows=1 loops=1)
               ->  Sort  (cost=165745.69..165745.69 rows=1 width=84) (actual time=0.724..0.724 rows=1 loops=1)
                     Sort Key: (st_distance(st_transform(s_550.the_geom, 25833), '0101000020E9640000A57DA0FF6AE023419E2B82B6BA0C5741'::geometry))
                     Sort Method: top-N heapsort  Memory: 25kB
                     ->  Seq Scan on phoml_trajectory_tmp s_550  (cost=0.00..165745.68 rows=1 width=84) (actual time=0.036..0.651 rows=480 loops=1)
                           Filter: ((unix_time >= '1685451469.61'::double precision) AND (unix_time <= '1685451529.61'::double precision) AND st_dwithin(st_transform(the_geom, 25833), '0101000020E9640000A57DA0FF6AE023419E2B82B6BA0C5741'::geometry, '300'::double precision))
                           Rows Removed by Filter: 3180
   ->  Subquery Scan on "*SELECT* 552"  (cost=165745.69..165745.70 rows=1 width=76) (actual time=0.722..0.724 rows=1 loops=1)
         ->  Limit  (cost=165745.69..165745.69 rows=1 width=84) (actual time=0.720..0.721 rows=1 loops=1)
               ->  Sort  (cost=165745.69..165745.69 rows=1 width=84) (actual time=0.718..0.719 rows=1 loops=1)
                     Sort Key: (st_distance(st_transform(s_551.the_geom, 25833), '0101000020E9640000F71171846CE02341847F4480B90C5741'::geometry))
                     Sort Method: top-N heapsort  Memory: 25kB
                     ->  Seq Scan on phoml_trajectory_tmp s_551  (cost=0.00..165745.68 rows=1 width=84) (actual time=0.042..0.643 rows=480 loops=1)
                           Filter: ((unix_time >= '1685451469.93'::double precision) AND (unix_time <= '1685451529.93'::double precision) AND st_dwithin(st_transform(the_geom, 25833), '0101000020E9640000F71171846CE02341847F4480B90C5741'::geometry, '300'::double precision))
                           Rows Removed by Filter: 3180
   ->  Subquery Scan on "*SELECT* 553"  (cost=165745.69..165745.70 rows=1 width=76) (actual time=0.725..0.726 rows=1 loops=1)
         ->  Limit  (cost=165745.69..165745.69 rows=1 width=84) (actual time=0.721..0.722 rows=1 loops=1)
               ->  Sort  (cost=165745.69..165745.69 rows=1 width=84) (actual time=0.719..0.720 rows=1 loops=1)
                     Sort Key: (st_distance(st_transform(s_552.the_geom, 25833), '0101000020E9640000E337740E6EE023414D13A84BB80C5741'::geometry))
                     Sort Method: top-N heapsort  Memory: 25kB
                     ->  Seq Scan on phoml_trajectory_tmp s_552  (cost=0.00..165745.68 rows=1 width=84) (actual time=0.036..0.647 rows=480 loops=1)
                           Filter: ((unix_time >= '1685451470.252'::double precision) AND (unix_time <= '1685451530.252'::double precision) AND st_dwithin(st_transform(the_geom, 25833), '0101000020E9640000E337740E6EE023414D13A84BB80C5741'::geometry, '300'::double precision))
                           Rows Removed by Filter: 3180
   ->  Subquery Scan on "*SELECT* 554"  (cost=165745.69..165745.70 rows=1 width=76) (actual time=0.729..0.730 rows=1 loops=1)
         ->  Limit  (cost=165745.69..165745.69 rows=1 width=84) (actual time=0.725..0.726 rows=1 loops=1)
               ->  Sort  (cost=165745.69..165745.69 rows=1 width=84) (actual time=0.722..0.723 rows=1 loops=1)
                     Sort Key: (st_distance(st_transform(s_553.the_geom, 25833), '0101000020E9640000864AA7C16FE02341606CDE11B70C5741'::geometry))
                     Sort Method: top-N heapsort  Memory: 25kB
                     ->  Seq Scan on phoml_trajectory_tmp s_553  (cost=0.00..165745.68 rows=1 width=84) (actual time=0.036..0.648 rows=480 loops=1)
                           Filter: ((unix_time >= '1685451470.572'::double precision) AND (unix_time <= '1685451530.572'::double precision) AND st_dwithin(st_transform(the_geom, 25833), '0101000020E9640000864AA7C16FE02341606CDE11B70C5741'::geometry, '300'::double precision))
                           Rows Removed by Filter: 3180
   ->  Subquery Scan on "*SELECT* 555"  (cost=165745.69..165745.70 rows=1 width=76) (actual time=0.746..0.747 rows=1 loops=1)
         ->  Limit  (cost=165745.69..165745.69 rows=1 width=84) (actual time=0.742..0.743 rows=1 loops=1)
               ->  Sort  (cost=165745.69..165745.69 rows=1 width=84) (actual time=0.740..0.741 rows=1 loops=1)
                     Sort Key: (st_distance(st_transform(s_554.the_geom, 25833), '0101000020E9640000DE35304D71E023416555EEDDB50C5741'::geometry))
                     Sort Method: top-N heapsort  Memory: 25kB
                     ->  Seq Scan on phoml_trajectory_tmp s_554  (cost=0.00..165745.68 rows=1 width=84) (actual time=0.040..0.667 rows=480 loops=1)
                           Filter: ((unix_time >= '1685451470.892'::double precision) AND (unix_time <= '1685451530.892'::double precision) AND st_dwithin(st_transform(the_geom, 25833), '0101000020E9640000DE35304D71E023416555EEDDB50C5741'::geometry, '300'::double precision))
                           Rows Removed by Filter: 3180
   ->  Subquery Scan on "*SELECT* 556"  (cost=165745.69..165745.70 rows=1 width=76) (actual time=0.725..0.726 rows=1 loops=1)
         ->  Limit  (cost=165745.69..165745.69 rows=1 width=84) (actual time=0.723..0.723 rows=1 loops=1)
               ->  Sort  (cost=165745.69..165745.69 rows=1 width=84) (actual time=0.720..0.721 rows=1 loops=1)
                     Sort Key: (st_distance(st_transform(s_555.the_geom, 25833), '0101000020E9640000AD194BF572E02341AAA514A1B40C5741'::geometry))
                     Sort Method: top-N heapsort  Memory: 25kB
                     ->  Seq Scan on phoml_trajectory_tmp s_555  (cost=0.00..165745.68 rows=1 width=84) (actual time=0.038..0.646 rows=480 loops=1)
                           Filter: ((unix_time >= '1685451471.225'::double precision) AND (unix_time <= '1685451531.225'::double precision) AND st_dwithin(st_transform(the_geom, 25833), '0101000020E9640000AD194BF572E02341AAA514A1B40C5741'::geometry, '300'::double precision))
                           Rows Removed by Filter: 3180
   ->  Subquery Scan on "*SELECT* 557"  (cost=165745.69..165745.70 rows=1 width=76) (actual time=0.751..0.752 rows=1 loops=1)
         ->  Limit  (cost=165745.69..165745.69 rows=1 width=84) (actual time=0.746..0.746 rows=1 loops=1)
               ->  Sort  (cost=165745.69..165745.69 rows=1 width=84) (actual time=0.744..0.744 rows=1 loops=1)
                     Sort Key: (st_distance(st_transform(s_556.the_geom, 25833), '0101000020E9640000092B4A9C74E02341F5B5AA64B30C5741'::geometry))
                     Sort Method: top-N heapsort  Memory: 25kB
                     ->  Seq Scan on phoml_trajectory_tmp s_556  (cost=0.00..165745.68 rows=1 width=84) (actual time=0.037..0.670 rows=480 loops=1)
                           Filter: ((unix_time >= '1685451471.555'::double precision) AND (unix_time <= '1685451531.555'::double precision) AND st_dwithin(st_transform(the_geom, 25833), '0101000020E9640000092B4A9C74E02341F5B5AA64B30C5741'::geometry, '300'::double precision))
                           Rows Removed by Filter: 3180
   ->  Subquery Scan on "*SELECT* 558"  (cost=165745.69..165745.70 rows=1 width=76) (actual time=0.753..0.754 rows=1 loops=1)
         ->  Limit  (cost=165745.69..165745.69 rows=1 width=84) (actual time=0.750..0.751 rows=1 loops=1)
               ->  Sort  (cost=165745.69..165745.69 rows=1 width=84) (actual time=0.748..0.748 rows=1 loops=1)
                     Sort Key: (st_distance(st_transform(s_557.the_geom, 25833), '0101000020E96400008FB2E44676E023411BB01E28B20C5741'::geometry))
                     Sort Method: top-N heapsort  Memory: 25kB
                     ->  Seq Scan on phoml_trajectory_tmp s_557  (cost=0.00..165745.68 rows=1 width=84) (actual time=0.056..0.673 rows=480 loops=1)
                           Filter: ((unix_time >= '1685451471.885'::double precision) AND (unix_time <= '1685451531.885'::double precision) AND st_dwithin(st_transform(the_geom, 25833), '0101000020E96400008FB2E44676E023411BB01E28B20C5741'::geometry, '300'::double precision))
                           Rows Removed by Filter: 3180
   ->  Subquery Scan on "*SELECT* 559"  (cost=165745.69..165745.70 rows=1 width=76) (actual time=0.737..0.738 rows=1 loops=1)
         ->  Limit  (cost=165745.69..165745.69 rows=1 width=84) (actual time=0.734..0.734 rows=1 loops=1)
               ->  Sort  (cost=165745.69..165745.69 rows=1 width=84) (actual time=0.731..0.732 rows=1 loops=1)
                     Sort Key: (st_distance(st_transform(s_558.the_geom, 25833), '0101000020E9640000F47868EA77E0234182ACE0F0B00C5741'::geometry))
                     Sort Method: top-N heapsort  Memory: 25kB
                     ->  Seq Scan on phoml_trajectory_tmp s_558  (cost=0.00..165745.68 rows=1 width=84) (actual time=0.036..0.655 rows=480 loops=1)
                           Filter: ((unix_time >= '1685451472.21'::double precision) AND (unix_time <= '1685451532.21'::double precision) AND st_dwithin(st_transform(the_geom, 25833), '0101000020E9640000F47868EA77E0234182ACE0F0B00C5741'::geometry, '300'::double precision))
                           Rows Removed by Filter: 3180
   ->  Subquery Scan on "*SELECT* 560"  (cost=165745.69..165745.70 rows=1 width=76) (actual time=0.719..0.720 rows=1 loops=1)
         ->  Limit  (cost=165745.69..165745.69 rows=1 width=84) (actual time=0.717..0.718 rows=1 loops=1)
               ->  Sort  (cost=165745.69..165745.69 rows=1 width=84) (actual time=0.715..0.715 rows=1 loops=1)
                     Sort Key: (st_distance(st_transform(s_559.the_geom, 25833), '0101000020E9640000BDC7499079E02341DE8E4EB3AF0C5741'::geometry))
                     Sort Method: top-N heapsort  Memory: 25kB
                     ->  Seq Scan on phoml_trajectory_tmp s_559  (cost=0.00..165745.68 rows=1 width=84) (actual time=0.039..0.638 rows=480 loops=1)
                           Filter: ((unix_time >= '1685451472.539'::double precision) AND (unix_time <= '1685451532.539'::double precision) AND st_dwithin(st_transform(the_geom, 25833), '0101000020E9640000BDC7499079E02341DE8E4EB3AF0C5741'::geometry, '300'::double precision))
                           Rows Removed by Filter: 3180
   ->  Subquery Scan on "*SELECT* 561"  (cost=165745.69..165745.70 rows=1 width=76) (actual time=0.738..0.740 rows=1 loops=1)
         ->  Limit  (cost=165745.69..165745.69 rows=1 width=84) (actual time=0.733..0.734 rows=1 loops=1)
               ->  Sort  (cost=165745.69..165745.69 rows=1 width=84) (actual time=0.731..0.731 rows=1 loops=1)
                     Sort Key: (st_distance(st_transform(s_560.the_geom, 25833), '0101000020E96400005149C45B7BE023416D4FDD7EAE0C5741'::geometry))
                     Sort Method: top-N heapsort  Memory: 25kB
                     ->  Seq Scan on phoml_trajectory_tmp s_560  (cost=0.00..165745.68 rows=1 width=84) (actual time=0.037..0.658 rows=480 loops=1)
                           Filter: ((unix_time >= '1685451472.869'::double precision) AND (unix_time <= '1685451532.869'::double precision) AND st_dwithin(st_transform(the_geom, 25833), '0101000020E96400005149C45B7BE023416D4FDD7EAE0C5741'::geometry, '300'::double precision))
                           Rows Removed by Filter: 3180
   ->  Subquery Scan on "*SELECT* 562"  (cost=165745.69..165745.70 rows=1 width=76) (actual time=0.753..0.754 rows=1 loops=1)
         ->  Limit  (cost=165745.69..165745.69 rows=1 width=84) (actual time=0.748..0.749 rows=1 loops=1)
               ->  Sort  (cost=165745.69..165745.69 rows=1 width=84) (actual time=0.743..0.743 rows=1 loops=1)
                     Sort Key: (st_distance(st_transform(s_561.the_geom, 25833), '0101000020E96400008940D0F97CE02341B5BC483FAD0C5741'::geometry))
                     Sort Method: top-N heapsort  Memory: 25kB
                     ->  Seq Scan on phoml_trajectory_tmp s_561  (cost=0.00..165745.68 rows=1 width=84) (actual time=0.048..0.665 rows=480 loops=1)
                           Filter: ((unix_time >= '1685451473.202'::double precision) AND (unix_time <= '1685451533.202'::double precision) AND st_dwithin(st_transform(the_geom, 25833), '0101000020E96400008940D0F97CE02341B5BC483FAD0C5741'::geometry, '300'::double precision))
                           Rows Removed by Filter: 3180
   ->  Subquery Scan on "*SELECT* 563"  (cost=165745.69..165745.70 rows=1 width=76) (actual time=0.729..0.730 rows=1 loops=1)
         ->  Limit  (cost=165745.69..165745.69 rows=1 width=84) (actual time=0.726..0.726 rows=1 loops=1)
               ->  Sort  (cost=165745.69..165745.69 rows=1 width=84) (actual time=0.723..0.724 rows=1 loops=1)
                     Sort Key: (st_distance(st_transform(s_562.the_geom, 25833), '0101000020E96400007A787CA37EE02341C2C2A30BAC0C5741'::geometry))
                     Sort Method: top-N heapsort  Memory: 25kB
                     ->  Seq Scan on phoml_trajectory_tmp s_562  (cost=0.00..165745.68 rows=1 width=84) (actual time=0.037..0.652 rows=480 loops=1)
                           Filter: ((unix_time >= '1685451473.532'::double precision) AND (unix_time <= '1685451533.532'::double precision) AND st_dwithin(st_transform(the_geom, 25833), '0101000020E96400007A787CA37EE02341C2C2A30BAC0C5741'::geometry, '300'::double precision))
                           Rows Removed by Filter: 3180
   ->  Subquery Scan on "*SELECT* 564"  (cost=165745.69..165745.70 rows=1 width=76) (actual time=0.727..0.728 rows=1 loops=1)
         ->  Limit  (cost=165745.69..165745.69 rows=1 width=84) (actual time=0.725..0.726 rows=1 loops=1)
               ->  Sort  (cost=165745.69..165745.69 rows=1 width=84) (actual time=0.723..0.723 rows=1 loops=1)
                     Sort Key: (st_distance(st_transform(s_563.the_geom, 25833), '0101000020E96400009AE5576880E02341B4A0C5C5AA0C5741'::geometry))
                     Sort Method: top-N heapsort  Memory: 25kB
                     ->  Seq Scan on phoml_trajectory_tmp s_563  (cost=0.00..165745.68 rows=1 width=84) (actual time=0.042..0.649 rows=480 loops=1)
                           Filter: ((unix_time >= '1685451473.872'::double precision) AND (unix_time <= '1685451533.872'::double precision) AND st_dwithin(st_transform(the_geom, 25833), '0101000020E96400009AE5576880E02341B4A0C5C5AA0C5741'::geometry, '300'::double precision))
                           Rows Removed by Filter: 3180
   ->  Subquery Scan on "*SELECT* 565"  (cost=165745.69..165745.70 rows=1 width=76) (actual time=0.732..0.733 rows=1 loops=1)
         ->  Limit  (cost=165745.69..165745.69 rows=1 width=84) (actual time=0.729..0.730 rows=1 loops=1)
               ->  Sort  (cost=165745.69..165745.69 rows=1 width=84) (actual time=0.727..0.727 rows=1 loops=1)
                     Sort Key: (st_distance(st_transform(s_564.the_geom, 25833), '0101000020E96400002669790A82E02341028C668EA90C5741'::geometry))
                     Sort Method: top-N heapsort  Memory: 25kB
                     ->  Seq Scan on phoml_trajectory_tmp s_564  (cost=0.00..165745.68 rows=1 width=84) (actual time=0.038..0.655 rows=480 loops=1)
                           Filter: ((unix_time >= '1685451474.205'::double precision) AND (unix_time <= '1685451534.205'::double precision) AND st_dwithin(st_transform(the_geom, 25833), '0101000020E96400002669790A82E02341028C668EA90C5741'::geometry, '300'::double precision))
                           Rows Removed by Filter: 3180
   ->  Subquery Scan on "*SELECT* 566"  (cost=165745.69..165745.70 rows=1 width=76) (actual time=0.729..0.730 rows=1 loops=1)
         ->  Limit  (cost=165745.69..165745.69 rows=1 width=84) (actual time=0.725..0.726 rows=1 loops=1)
               ->  Sort  (cost=165745.69..165745.69 rows=1 width=84) (actual time=0.723..0.724 rows=1 loops=1)
                     Sort Key: (st_distance(st_transform(s_565.the_geom, 25833), '0101000020E9640000C908A4D383E0234143DF6351A80C5741'::geometry))
                     Sort Method: top-N heapsort  Memory: 25kB
                     ->  Seq Scan on phoml_trajectory_tmp s_565  (cost=0.00..165745.68 rows=1 width=84) (actual time=0.037..0.651 rows=480 loops=1)
                           Filter: ((unix_time >= '1685451474.545'::double precision) AND (unix_time <= '1685451534.545'::double precision) AND st_dwithin(st_transform(the_geom, 25833), '0101000020E9640000C908A4D383E0234143DF6351A80C5741'::geometry, '300'::double precision))
                           Rows Removed by Filter: 3180
   ->  Subquery Scan on "*SELECT* 567"  (cost=165745.69..165745.70 rows=1 width=76) (actual time=0.724..0.725 rows=1 loops=1)
         ->  Limit  (cost=165745.69..165745.69 rows=1 width=84) (actual time=0.721..0.721 rows=1 loops=1)
               ->  Sort  (cost=165745.69..165745.69 rows=1 width=84) (actual time=0.718..0.719 rows=1 loops=1)
                     Sort Key: (st_distance(st_transform(s_566.the_geom, 25833), '0101000020E9640000A33F876885E02341586FEB16A70C5741'::geometry))
                     Sort Method: top-N heapsort  Memory: 25kB
                     ->  Seq Scan on phoml_trajectory_tmp s_566  (cost=0.00..165745.68 rows=1 width=84) (actual time=0.036..0.644 rows=480 loops=1)
                           Filter: ((unix_time >= '1685451474.885'::double precision) AND (unix_time <= '1685451534.885'::double precision) AND st_dwithin(st_transform(the_geom, 25833), '0101000020E9640000A33F876885E02341586FEB16A70C5741'::geometry, '300'::double precision))
                           Rows Removed by Filter: 3180
   ->  Subquery Scan on "*SELECT* 568"  (cost=165745.69..165745.70 rows=1 width=76) (actual time=0.727..0.728 rows=1 loops=1)
         ->  Limit  (cost=165745.69..165745.69 rows=1 width=84) (actual time=0.724..0.725 rows=1 loops=1)
               ->  Sort  (cost=165745.69..165745.69 rows=1 width=84) (actual time=0.722..0.723 rows=1 loops=1)
                     Sort Key: (st_distance(st_transform(s_567.the_geom, 25833), '0101000020E9640000F906ADFD86E023418218DFDDA50C5741'::geometry))
                     Sort Method: top-N heapsort  Memory: 25kB
                     ->  Seq Scan on phoml_trajectory_tmp s_567  (cost=0.00..165745.68 rows=1 width=84) (actual time=0.042..0.646 rows=480 loops=1)
                           Filter: ((unix_time >= '1685451475.219'::double precision) AND (unix_time <= '1685451535.219'::double precision) AND st_dwithin(st_transform(the_geom, 25833), '0101000020E9640000F906ADFD86E023418218DFDDA50C5741'::geometry, '300'::double precision))
                           Rows Removed by Filter: 3180
   ->  Subquery Scan on "*SELECT* 569"  (cost=165745.69..165745.70 rows=1 width=76) (actual time=0.732..0.733 rows=1 loops=1)
         ->  Limit  (cost=165745.69..165745.69 rows=1 width=84) (actual time=0.728..0.729 rows=1 loops=1)
               ->  Sort  (cost=165745.69..165745.69 rows=1 width=84) (actual time=0.726..0.727 rows=1 loops=1)
                     Sort Key: (st_distance(st_transform(s_568.the_geom, 25833), '0101000020E9640000FCA017B188E02341E81DACA2A40C5741'::geometry))
                     Sort Method: top-N heapsort  Memory: 25kB
                     ->  Seq Scan on phoml_trajectory_tmp s_568  (cost=0.00..165745.68 rows=1 width=84) (actual time=0.038..0.647 rows=480 loops=1)
                           Filter: ((unix_time >= '1685451475.559'::double precision) AND (unix_time <= '1685451535.559'::double precision) AND st_dwithin(st_transform(the_geom, 25833), '0101000020E9640000FCA017B188E02341E81DACA2A40C5741'::geometry, '300'::double precision))
                           Rows Removed by Filter: 3180
   ->  Subquery Scan on "*SELECT* 570"  (cost=165745.69..165745.70 rows=1 width=76) (actual time=0.732..0.733 rows=1 loops=1)
         ->  Limit  (cost=165745.69..165745.69 rows=1 width=84) (actual time=0.728..0.729 rows=1 loops=1)
               ->  Sort  (cost=165745.69..165745.69 rows=1 width=84) (actual time=0.726..0.726 rows=1 loops=1)
                     Sort Key: (st_distance(st_transform(s_569.the_geom, 25833), '0101000020E96400004FB81B518AE0234138C7945BA30C5741'::geometry))
                     Sort Method: top-N heapsort  Memory: 25kB
                     ->  Seq Scan on phoml_trajectory_tmp s_569  (cost=0.00..165745.68 rows=1 width=84) (actual time=0.036..0.653 rows=480 loops=1)
                           Filter: ((unix_time >= '1685451475.909'::double precision) AND (unix_time <= '1685451535.909'::double precision) AND st_dwithin(st_transform(the_geom, 25833), '0101000020E96400004FB81B518AE0234138C7945BA30C5741'::geometry, '300'::double precision))
                           Rows Removed by Filter: 3180
   ->  Subquery Scan on "*SELECT* 571"  (cost=165745.69..165745.70 rows=1 width=76) (actual time=0.745..0.746 rows=1 loops=1)
         ->  Limit  (cost=165745.69..165745.69 rows=1 width=84) (actual time=0.741..0.742 rows=1 loops=1)
               ->  Sort  (cost=165745.69..165745.69 rows=1 width=84) (actual time=0.739..0.739 rows=1 loops=1)
                     Sort Key: (st_distance(st_transform(s_570.the_geom, 25833), '0101000020E9640000438211F68BE02341E790A124A20C5741'::geometry))
                     Sort Method: top-N heapsort  Memory: 25kB
                     ->  Seq Scan on phoml_trajectory_tmp s_570  (cost=0.00..165745.68 rows=1 width=84) (actual time=0.038..0.665 rows=480 loops=1)
                           Filter: ((unix_time >= '1685451476.252'::double precision) AND (unix_time <= '1685451536.252'::double precision) AND st_dwithin(st_transform(the_geom, 25833), '0101000020E9640000438211F68BE02341E790A124A20C5741'::geometry, '300'::double precision))
                           Rows Removed by Filter: 3180
   ->  Subquery Scan on "*SELECT* 572"  (cost=165745.69..165745.70 rows=1 width=76) (actual time=0.841..0.842 rows=1 loops=1)
         ->  Limit  (cost=165745.69..165745.69 rows=1 width=84) (actual time=0.839..0.839 rows=1 loops=1)
               ->  Sort  (cost=165745.69..165745.69 rows=1 width=84) (actual time=0.836..0.837 rows=1 loops=1)
                     Sort Key: (st_distance(st_transform(s_571.the_geom, 25833), '0101000020E964000060F79E9C8DE0234125261FEFA00C5741'::geometry))
                     Sort Method: top-N heapsort  Memory: 25kB
                     ->  Seq Scan on phoml_trajectory_tmp s_571  (cost=0.00..165745.68 rows=1 width=84) (actual time=0.047..0.752 rows=480 loops=1)
                           Filter: ((unix_time >= '1685451476.592'::double precision) AND (unix_time <= '1685451536.592'::double precision) AND st_dwithin(st_transform(the_geom, 25833), '0101000020E964000060F79E9C8DE0234125261FEFA00C5741'::geometry, '300'::double precision))
                           Rows Removed by Filter: 3180
   ->  Subquery Scan on "*SELECT* 573"  (cost=165745.69..165745.70 rows=1 width=76) (actual time=0.852..0.853 rows=1 loops=1)
         ->  Limit  (cost=165745.69..165745.69 rows=1 width=84) (actual time=0.849..0.849 rows=1 loops=1)
               ->  Sort  (cost=165745.69..165745.69 rows=1 width=84) (actual time=0.846..0.847 rows=1 loops=1)
                     Sort Key: (st_distance(st_transform(s_572.the_geom, 25833), '0101000020E9640000BD320F728FE023416EEED5AE9F0C5741'::geometry))
                     Sort Method: top-N heapsort  Memory: 25kB
                     ->  Seq Scan on phoml_trajectory_tmp s_572  (cost=0.00..165745.68 rows=1 width=84) (actual time=0.055..0.762 rows=480 loops=1)
                           Filter: ((unix_time >= '1685451476.942'::double precision) AND (unix_time <= '1685451536.942'::double precision) AND st_dwithin(st_transform(the_geom, 25833), '0101000020E9640000BD320F728FE023416EEED5AE9F0C5741'::geometry, '300'::double precision))
                           Rows Removed by Filter: 3180
   ->  Subquery Scan on "*SELECT* 574"  (cost=165745.69..165745.70 rows=1 width=76) (actual time=0.771..0.772 rows=1 loops=1)
         ->  Limit  (cost=165745.69..165745.69 rows=1 width=84) (actual time=0.766..0.766 rows=1 loops=1)
               ->  Sort  (cost=165745.69..165745.69 rows=1 width=84) (actual time=0.763..0.764 rows=1 loops=1)
                     Sort Key: (st_distance(st_transform(s_573.the_geom, 25833), '0101000020E964000039570A2691E02341011D507C9E0C5741'::geometry))
                     Sort Method: top-N heapsort  Memory: 25kB
                     ->  Seq Scan on phoml_trajectory_tmp s_573  (cost=0.00..165745.68 rows=1 width=84) (actual time=0.044..0.689 rows=480 loops=1)
                           Filter: ((unix_time >= '1685451477.282'::double precision) AND (unix_time <= '1685451537.282'::double precision) AND st_dwithin(st_transform(the_geom, 25833), '0101000020E964000039570A2691E02341011D507C9E0C5741'::geometry, '300'::double precision))
                           Rows Removed by Filter: 3180
   ->  Subquery Scan on "*SELECT* 575"  (cost=165745.69..165745.70 rows=1 width=76) (actual time=0.916..0.917 rows=1 loops=1)
         ->  Limit  (cost=165745.69..165745.69 rows=1 width=84) (actual time=0.911..0.912 rows=1 loops=1)
               ->  Sort  (cost=165745.69..165745.69 rows=1 width=84) (actual time=0.909..0.909 rows=1 loops=1)
                     Sort Key: (st_distance(st_transform(s_574.the_geom, 25833), '0101000020E9640000375488EE92E02341DFAC3B4F9D0C5741'::geometry))
                     Sort Method: top-N heapsort  Memory: 25kB
                     ->  Seq Scan on phoml_trajectory_tmp s_574  (cost=0.00..165745.68 rows=1 width=84) (actual time=0.043..0.816 rows=480 loops=1)
                           Filter: ((unix_time >= '1685451477.622'::double precision) AND (unix_time <= '1685451537.622'::double precision) AND st_dwithin(st_transform(the_geom, 25833), '0101000020E9640000375488EE92E02341DFAC3B4F9D0C5741'::geometry, '300'::double precision))
                           Rows Removed by Filter: 3180
   ->  Subquery Scan on "*SELECT* 576"  (cost=165745.69..165745.70 rows=1 width=76) (actual time=0.888..0.889 rows=1 loops=1)
         ->  Limit  (cost=165745.69..165745.69 rows=1 width=84) (actual time=0.883..0.884 rows=1 loops=1)
               ->  Sort  (cost=165745.69..165745.69 rows=1 width=84) (actual time=0.880..0.881 rows=1 loops=1)
                     Sort Key: (st_distance(st_transform(s_575.the_geom, 25833), '0101000020E9640000D02DECB994E02341CE40900C9C0C5741'::geometry))
                     Sort Method: top-N heapsort  Memory: 25kB
                     ->  Seq Scan on phoml_trajectory_tmp s_575  (cost=0.00..165745.68 rows=1 width=84) (actual time=0.057..0.793 rows=480 loops=1)
                           Filter: ((unix_time >= '1685451477.972'::double precision) AND (unix_time <= '1685451537.972'::double precision) AND st_dwithin(st_transform(the_geom, 25833), '0101000020E9640000D02DECB994E02341CE40900C9C0C5741'::geometry, '300'::double precision))
                           Rows Removed by Filter: 3180
   ->  Subquery Scan on "*SELECT* 577"  (cost=165745.69..165745.70 rows=1 width=76) (actual time=0.738..0.739 rows=1 loops=1)
         ->  Limit  (cost=165745.69..165745.69 rows=1 width=84) (actual time=0.735..0.735 rows=1 loops=1)
               ->  Sort  (cost=165745.69..165745.69 rows=1 width=84) (actual time=0.732..0.733 rows=1 loops=1)
                     Sort Key: (st_distance(st_transform(s_576.the_geom, 25833), '0101000020E9640000118F3A7F96E023412BF4BDDD9A0C5741'::geometry))
                     Sort Method: top-N heapsort  Memory: 25kB
                     ->  Seq Scan on phoml_trajectory_tmp s_576  (cost=0.00..165745.68 rows=1 width=84) (actual time=0.044..0.658 rows=480 loops=1)
                           Filter: ((unix_time >= '1685451478.307'::double precision) AND (unix_time <= '1685451538.307'::double precision) AND st_dwithin(st_transform(the_geom, 25833), '0101000020E9640000118F3A7F96E023412BF4BDDD9A0C5741'::geometry, '300'::double precision))
                           Rows Removed by Filter: 3180
   ->  Subquery Scan on "*SELECT* 578"  (cost=165745.69..165745.70 rows=1 width=76) (actual time=0.723..0.724 rows=1 loops=1)
         ->  Limit  (cost=165745.69..165745.69 rows=1 width=84) (actual time=0.721..0.722 rows=1 loops=1)
               ->  Sort  (cost=165745.69..165745.69 rows=1 width=84) (actual time=0.719..0.720 rows=1 loops=1)
                     Sort Key: (st_distance(st_transform(s_577.the_geom, 25833), '0101000020E96400003568604E98E02341F0B155A1990C5741'::geometry))
                     Sort Method: top-N heapsort  Memory: 25kB
                     ->  Seq Scan on phoml_trajectory_tmp s_577  (cost=0.00..165745.68 rows=1 width=84) (actual time=0.038..0.648 rows=480 loops=1)
                           Filter: ((unix_time >= '1685451478.647'::double precision) AND (unix_time <= '1685451538.647'::double precision) AND st_dwithin(st_transform(the_geom, 25833), '0101000020E96400003568604E98E02341F0B155A1990C5741'::geometry, '300'::double precision))
                           Rows Removed by Filter: 3180
   ->  Subquery Scan on "*SELECT* 579"  (cost=165745.69..165745.70 rows=1 width=76) (actual time=0.982..0.983 rows=1 loops=1)
         ->  Limit  (cost=165745.69..165745.69 rows=1 width=84) (actual time=0.978..0.978 rows=1 loops=1)
               ->  Sort  (cost=165745.69..165745.69 rows=1 width=84) (actual time=0.976..0.976 rows=1 loops=1)
                     Sort Key: (st_distance(st_transform(s_578.the_geom, 25833), '0101000020E96400005897E1099AE023414B7CD75F980C5741'::geometry))
                     Sort Method: top-N heapsort  Memory: 25kB
                     ->  Seq Scan on phoml_trajectory_tmp s_578  (cost=0.00..165745.68 rows=1 width=84) (actual time=0.043..0.858 rows=480 loops=1)
                           Filter: ((unix_time >= '1685451478.997'::double precision) AND (unix_time <= '1685451538.997'::double precision) AND st_dwithin(st_transform(the_geom, 25833), '0101000020E96400005897E1099AE023414B7CD75F980C5741'::geometry, '300'::double precision))
                           Rows Removed by Filter: 3180
   ->  Subquery Scan on "*SELECT* 580"  (cost=165745.69..165745.70 rows=1 width=76) (actual time=0.937..0.938 rows=1 loops=1)
         ->  Limit  (cost=165745.69..165745.69 rows=1 width=84) (actual time=0.933..0.933 rows=1 loops=1)
               ->  Sort  (cost=165745.69..165745.69 rows=1 width=84) (actual time=0.921..0.921 rows=1 loops=1)
                     Sort Key: (st_distance(st_transform(s_579.the_geom, 25833), '0101000020E9640000A977EEC49BE023414EC30B1F970C5741'::geometry))
                     Sort Method: top-N heapsort  Memory: 25kB
                     ->  Seq Scan on phoml_trajectory_tmp s_579  (cost=0.00..165745.68 rows=1 width=84) (actual time=0.085..0.831 rows=480 loops=1)
                           Filter: ((unix_time >= '1685451479.34'::double precision) AND (unix_time <= '1685451539.34'::double precision) AND st_dwithin(st_transform(the_geom, 25833), '0101000020E9640000A977EEC49BE023414EC30B1F970C5741'::geometry, '300'::double precision))
                           Rows Removed by Filter: 3180
   ->  Subquery Scan on "*SELECT* 581"  (cost=165745.69..165745.70 rows=1 width=76) (actual time=0.798..0.799 rows=1 loops=1)
         ->  Limit  (cost=165745.69..165745.69 rows=1 width=84) (actual time=0.792..0.793 rows=1 loops=1)
               ->  Sort  (cost=165745.69..165745.69 rows=1 width=84) (actual time=0.789..0.790 rows=1 loops=1)
                     Sort Key: (st_distance(st_transform(s_580.the_geom, 25833), '0101000020E9640000E99B5C7C9DE023413FC186EC950C5741'::geometry))
                     Sort Method: top-N heapsort  Memory: 25kB
                     ->  Seq Scan on phoml_trajectory_tmp s_580  (cost=0.00..165745.68 rows=1 width=84) (actual time=0.054..0.708 rows=480 loops=1)
                           Filter: ((unix_time >= '1685451479.67'::double precision) AND (unix_time <= '1685451539.67'::double precision) AND st_dwithin(st_transform(the_geom, 25833), '0101000020E9640000E99B5C7C9DE023413FC186EC950C5741'::geometry, '300'::double precision))
                           Rows Removed by Filter: 3180
   ->  Subquery Scan on "*SELECT* 582"  (cost=165745.69..165745.70 rows=1 width=76) (actual time=1.004..1.005 rows=1 loops=1)
         ->  Limit  (cost=165745.69..165745.69 rows=1 width=84) (actual time=0.999..1.000 rows=1 loops=1)
               ->  Sort  (cost=165745.69..165745.69 rows=1 width=84) (actual time=0.993..0.994 rows=1 loops=1)
                     Sort Key: (st_distance(st_transform(s_581.the_geom, 25833), '0101000020E9640000FA804A3E9FE02341D126E6AD940C5741'::geometry))
                     Sort Method: top-N heapsort  Memory: 25kB
                     ->  Seq Scan on phoml_trajectory_tmp s_581  (cost=0.00..165745.68 rows=1 width=84) (actual time=0.067..0.892 rows=480 loops=1)
                           Filter: ((unix_time >= '1685451480.01'::double precision) AND (unix_time <= '1685451540.01'::double precision) AND st_dwithin(st_transform(the_geom, 25833), '0101000020E9640000FA804A3E9FE02341D126E6AD940C5741'::geometry, '300'::double precision))
                           Rows Removed by Filter: 3180
   ->  Subquery Scan on "*SELECT* 583"  (cost=165745.69..165745.70 rows=1 width=76) (actual time=0.854..0.855 rows=1 loops=1)
         ->  Limit  (cost=165745.69..165745.69 rows=1 width=84) (actual time=0.845..0.846 rows=1 loops=1)
               ->  Sort  (cost=165745.69..165745.69 rows=1 width=84) (actual time=0.843..0.843 rows=1 loops=1)
                     Sort Key: (st_distance(st_transform(s_582.the_geom, 25833), '0101000020E9640000E911DC00A1E02341E6D6246F930C5741'::geometry))
                     Sort Method: top-N heapsort  Memory: 25kB
                     ->  Seq Scan on phoml_trajectory_tmp s_582  (cost=0.00..165745.68 rows=1 width=84) (actual time=0.048..0.759 rows=480 loops=1)
                           Filter: ((unix_time >= '1685451480.353'::double precision) AND (unix_time <= '1685451540.353'::double precision) AND st_dwithin(st_transform(the_geom, 25833), '0101000020E9640000E911DC00A1E02341E6D6246F930C5741'::geometry, '300'::double precision))
                           Rows Removed by Filter: 3180
   ->  Subquery Scan on "*SELECT* 584"  (cost=165745.69..165745.70 rows=1 width=76) (actual time=0.758..0.759 rows=1 loops=1)
         ->  Limit  (cost=165745.69..165745.69 rows=1 width=84) (actual time=0.755..0.755 rows=1 loops=1)
               ->  Sort  (cost=165745.69..165745.69 rows=1 width=84) (actual time=0.751..0.752 rows=1 loops=1)
                     Sort Key: (st_distance(st_transform(s_583.the_geom, 25833), '0101000020E9640000634808C6A2E02341A8564C48920C5741'::geometry))
                     Sort Method: top-N heapsort  Memory: 25kB
                     ->  Seq Scan on phoml_trajectory_tmp s_583  (cost=0.00..165745.68 rows=1 width=84) (actual time=0.043..0.677 rows=480 loops=1)
                           Filter: ((unix_time >= '1685451480.673'::double precision) AND (unix_time <= '1685451540.673'::double precision) AND st_dwithin(st_transform(the_geom, 25833), '0101000020E9640000634808C6A2E02341A8564C48920C5741'::geometry, '300'::double precision))
                           Rows Removed by Filter: 3180
   ->  Subquery Scan on "*SELECT* 585"  (cost=165745.69..165745.70 rows=1 width=76) (actual time=0.911..0.913 rows=1 loops=1)
         ->  Limit  (cost=165745.69..165745.69 rows=1 width=84) (actual time=0.906..0.907 rows=1 loops=1)
               ->  Sort  (cost=165745.69..165745.69 rows=1 width=84) (actual time=0.904..0.904 rows=1 loops=1)
                     Sort Key: (st_distance(st_transform(s_584.the_geom, 25833), '0101000020E96400001C31EB96A4E0234194687EFE900C5741'::geometry))
                     Sort Method: top-N heapsort  Memory: 25kB
                     ->  Seq Scan on phoml_trajectory_tmp s_584  (cost=0.00..165745.68 rows=1 width=84) (actual time=0.041..0.812 rows=480 loops=1)
                           Filter: ((unix_time >= '1685451481.023'::double precision) AND (unix_time <= '1685451541.023'::double precision) AND st_dwithin(st_transform(the_geom, 25833), '0101000020E96400001C31EB96A4E0234194687EFE900C5741'::geometry, '300'::double precision))
                           Rows Removed by Filter: 3180
   ->  Subquery Scan on "*SELECT* 586"  (cost=165745.69..165745.70 rows=1 width=76) (actual time=0.959..0.961 rows=1 loops=1)
         ->  Limit  (cost=165745.69..165745.69 rows=1 width=84) (actual time=0.953..0.954 rows=1 loops=1)
               ->  Sort  (cost=165745.69..165745.69 rows=1 width=84) (actual time=0.950..0.951 rows=1 loops=1)
                     Sort Key: (st_distance(st_transform(s_585.the_geom, 25833), '0101000020E9640000261D0279A6E02341CDDEB2C78F0C5741'::geometry))
                     Sort Method: top-N heapsort  Memory: 25kB
                     ->  Seq Scan on phoml_trajectory_tmp s_585  (cost=0.00..165745.68 rows=1 width=84) (actual time=0.057..0.853 rows=480 loops=1)
                           Filter: ((unix_time >= '1685451481.361'::double precision) AND (unix_time <= '1685451541.361'::double precision) AND st_dwithin(st_transform(the_geom, 25833), '0101000020E9640000261D0279A6E02341CDDEB2C78F0C5741'::geometry, '300'::double precision))
                           Rows Removed by Filter: 3180
   ->  Subquery Scan on "*SELECT* 587"  (cost=165745.69..165745.70 rows=1 width=76) (actual time=1.322..1.323 rows=1 loops=1)
         ->  Limit  (cost=165745.69..165745.69 rows=1 width=84) (actual time=1.309..1.310 rows=1 loops=1)
               ->  Sort  (cost=165745.69..165745.69 rows=1 width=84) (actual time=1.307..1.307 rows=1 loops=1)
                     Sort Key: (st_distance(st_transform(s_586.the_geom, 25833), '0101000020E96400000B36CB3DA8E0234115E859918E0C5741'::geometry))
                     Sort Method: top-N heapsort  Memory: 25kB
                     ->  Seq Scan on phoml_trajectory_tmp s_586  (cost=0.00..165745.68 rows=1 width=84) (actual time=0.041..1.138 rows=480 loops=1)
                           Filter: ((unix_time >= '1685451481.691'::double precision) AND (unix_time <= '1685451541.691'::double precision) AND st_dwithin(st_transform(the_geom, 25833), '0101000020E96400000B36CB3DA8E0234115E859918E0C5741'::geometry, '300'::double precision))
                           Rows Removed by Filter: 3180
   ->  Subquery Scan on "*SELECT* 588"  (cost=165745.69..165745.70 rows=1 width=76) (actual time=1.439..1.441 rows=1 loops=1)
         ->  Limit  (cost=165745.69..165745.69 rows=1 width=84) (actual time=1.434..1.435 rows=1 loops=1)
               ->  Sort  (cost=165745.69..165745.69 rows=1 width=84) (actual time=1.429..1.429 rows=1 loops=1)
                     Sort Key: (st_distance(st_transform(s_587.the_geom, 25833), '0101000020E96400003EAB38FAA9E0234151C408518D0C5741'::geometry))
                     Sort Method: top-N heapsort  Memory: 25kB
                     ->  Seq Scan on phoml_trajectory_tmp s_587  (cost=0.00..165745.68 rows=1 width=84) (actual time=0.163..1.250 rows=480 loops=1)
                           Filter: ((unix_time >= '1685451482.021'::double precision) AND (unix_time <= '1685451542.021'::double precision) AND st_dwithin(st_transform(the_geom, 25833), '0101000020E96400003EAB38FAA9E0234151C408518D0C5741'::geometry, '300'::double precision))
                           Rows Removed by Filter: 3180
   ->  Subquery Scan on "*SELECT* 589"  (cost=165745.69..165745.70 rows=1 width=76) (actual time=0.783..0.784 rows=1 loops=1)
         ->  Limit  (cost=165745.69..165745.69 rows=1 width=84) (actual time=0.779..0.780 rows=1 loops=1)
               ->  Sort  (cost=165745.69..165745.69 rows=1 width=84) (actual time=0.777..0.777 rows=1 loops=1)
                     Sort Key: (st_distance(st_transform(s_588.the_geom, 25833), '0101000020E96400003B7E9DCFABE02341C922930E8C0C5741'::geometry))
                     Sort Method: top-N heapsort  Memory: 25kB
                     ->  Seq Scan on phoml_trajectory_tmp s_588  (cost=0.00..165745.68 rows=1 width=84) (actual time=0.041..0.699 rows=480 loops=1)
                           Filter: ((unix_time >= '1685451482.354'::double precision) AND (unix_time <= '1685451542.354'::double precision) AND st_dwithin(st_transform(the_geom, 25833), '0101000020E96400003B7E9DCFABE02341C922930E8C0C5741'::geometry, '300'::double precision))
                           Rows Removed by Filter: 3180
   ->  Subquery Scan on "*SELECT* 590"  (cost=165745.69..165745.70 rows=1 width=76) (actual time=0.821..0.822 rows=1 loops=1)
         ->  Limit  (cost=165745.69..165745.69 rows=1 width=84) (actual time=0.818..0.818 rows=1 loops=1)
               ->  Sort  (cost=165745.69..165745.69 rows=1 width=84) (actual time=0.815..0.816 rows=1 loops=1)
                     Sort Key: (st_distance(st_transform(s_589.the_geom, 25833), '0101000020E9640000230F4265ADE02341FCAC69DB8A0C5741'::geometry))
                     Sort Method: top-N heapsort  Memory: 25kB
                     ->  Seq Scan on phoml_trajectory_tmp s_589  (cost=0.00..165745.68 rows=1 width=84) (actual time=0.042..0.735 rows=480 loops=1)
                           Filter: ((unix_time >= '1685451482.674'::double precision) AND (unix_time <= '1685451542.674'::double precision) AND st_dwithin(st_transform(the_geom, 25833), '0101000020E9640000230F4265ADE02341FCAC69DB8A0C5741'::geometry, '300'::double precision))
                           Rows Removed by Filter: 3180
   ->  Subquery Scan on "*SELECT* 591"  (cost=165745.69..165745.70 rows=1 width=76) (actual time=0.827..0.828 rows=1 loops=1)
         ->  Limit  (cost=165745.69..165745.69 rows=1 width=84) (actual time=0.820..0.821 rows=1 loops=1)
               ->  Sort  (cost=165745.69..165745.69 rows=1 width=84) (actual time=0.818..0.818 rows=1 loops=1)
                     Sort Key: (st_distance(st_transform(s_590.the_geom, 25833), '0101000020E9640000A360403FAFE023418AD33A92890C5741'::geometry))
                     Sort Method: top-N heapsort  Memory: 25kB
                     ->  Seq Scan on phoml_trajectory_tmp s_590  (cost=0.00..165745.68 rows=1 width=84) (actual time=0.052..0.737 rows=480 loops=1)
                           Filter: ((unix_time >= '1685451483.014'::double precision) AND (unix_time <= '1685451543.014'::double precision) AND st_dwithin(st_transform(the_geom, 25833), '0101000020E9640000A360403FAFE023418AD33A92890C5741'::geometry, '300'::double precision))
                           Rows Removed by Filter: 3180
   ->  Subquery Scan on "*SELECT* 592"  (cost=165745.69..165745.70 rows=1 width=76) (actual time=0.810..0.811 rows=1 loops=1)
         ->  Limit  (cost=165745.69..165745.69 rows=1 width=84) (actual time=0.806..0.807 rows=1 loops=1)
               ->  Sort  (cost=165745.69..165745.69 rows=1 width=84) (actual time=0.803..0.804 rows=1 loops=1)
                     Sort Key: (st_distance(st_transform(s_591.the_geom, 25833), '0101000020E96400004B62B4D9B0E023417480E658880C5741'::geometry))
                     Sort Method: top-N heapsort  Memory: 25kB
                     ->  Seq Scan on phoml_trajectory_tmp s_591  (cost=0.00..165745.68 rows=1 width=84) (actual time=0.044..0.722 rows=480 loops=1)
                           Filter: ((unix_time >= '1685451483.341'::double precision) AND (unix_time <= '1685451543.341'::double precision) AND st_dwithin(st_transform(the_geom, 25833), '0101000020E96400004B62B4D9B0E023417480E658880C5741'::geometry, '300'::double precision))
                           Rows Removed by Filter: 3180
   ->  Subquery Scan on "*SELECT* 593"  (cost=165745.69..165745.70 rows=1 width=76) (actual time=0.789..0.790 rows=1 loops=1)
         ->  Limit  (cost=165745.69..165745.69 rows=1 width=84) (actual time=0.786..0.787 rows=1 loops=1)
               ->  Sort  (cost=165745.69..165745.69 rows=1 width=84) (actual time=0.784..0.784 rows=1 loops=1)
                     Sort Key: (st_distance(st_transform(s_592.the_geom, 25833), '0101000020E9640000D662D093B2E023417AF7851F870C5741'::geometry))
                     Sort Method: top-N heapsort  Memory: 25kB
                     ->  Seq Scan on phoml_trajectory_tmp s_592  (cost=0.00..165745.68 rows=1 width=84) (actual time=0.075..0.707 rows=480 loops=1)
                           Filter: ((unix_time >= '1685451483.661'::double precision) AND (unix_time <= '1685451543.661'::double precision) AND st_dwithin(st_transform(the_geom, 25833), '0101000020E9640000D662D093B2E023417AF7851F870C5741'::geometry, '300'::double precision))
                           Rows Removed by Filter: 3180
   ->  Subquery Scan on "*SELECT* 594"  (cost=165745.69..165745.70 rows=1 width=76) (actual time=0.754..0.755 rows=1 loops=1)
         ->  Limit  (cost=165745.69..165745.69 rows=1 width=84) (actual time=0.750..0.751 rows=1 loops=1)
               ->  Sort  (cost=165745.69..165745.69 rows=1 width=84) (actual time=0.748..0.748 rows=1 loops=1)
                     Sort Key: (st_distance(st_transform(s_593.the_geom, 25833), '0101000020E96400003004272BB4E023412854DDDD850C5741'::geometry))
                     Sort Method: top-N heapsort  Memory: 25kB
                     ->  Seq Scan on phoml_trajectory_tmp s_593  (cost=0.00..165745.68 rows=1 width=84) (actual time=0.040..0.655 rows=480 loops=1)
                           Filter: ((unix_time >= '1685451483.991'::double precision) AND (unix_time <= '1685451543.991'::double precision) AND st_dwithin(st_transform(the_geom, 25833), '0101000020E96400003004272BB4E023412854DDDD850C5741'::geometry, '300'::double precision))
                           Rows Removed by Filter: 3180
   ->  Subquery Scan on "*SELECT* 595"  (cost=165745.69..165745.70 rows=1 width=76) (actual time=0.723..0.724 rows=1 loops=1)
         ->  Limit  (cost=165745.69..165745.69 rows=1 width=84) (actual time=0.720..0.720 rows=1 loops=1)
               ->  Sort  (cost=165745.69..165745.69 rows=1 width=84) (actual time=0.718..0.718 rows=1 loops=1)
                     Sort Key: (st_distance(st_transform(s_594.the_geom, 25833), '0101000020E9640000514DF8E6B5E02341B8AFF6A4840C5741'::geometry))
                     Sort Method: top-N heapsort  Memory: 25kB
                     ->  Seq Scan on phoml_trajectory_tmp s_594  (cost=0.00..165745.68 rows=1 width=84) (actual time=0.039..0.637 rows=480 loops=1)
                           Filter: ((unix_time >= '1685451484.321'::double precision) AND (unix_time <= '1685451544.321'::double precision) AND st_dwithin(st_transform(the_geom, 25833), '0101000020E9640000514DF8E6B5E02341B8AFF6A4840C5741'::geometry, '300'::double precision))
                           Rows Removed by Filter: 3180
   ->  Subquery Scan on "*SELECT* 596"  (cost=165745.69..165745.70 rows=1 width=76) (actual time=0.760..0.761 rows=1 loops=1)
         ->  Limit  (cost=165745.69..165745.69 rows=1 width=84) (actual time=0.756..0.757 rows=1 loops=1)
               ->  Sort  (cost=165745.69..165745.69 rows=1 width=84) (actual time=0.754..0.754 rows=1 loops=1)
                     Sort Key: (st_distance(st_transform(s_595.the_geom, 25833), '0101000020E9640000FADCED86B7E02341EC31706D830C5741'::geometry))
                     Sort Method: top-N heapsort  Memory: 25kB
                     ->  Seq Scan on phoml_trajectory_tmp s_595  (cost=0.00..165745.68 rows=1 width=84) (actual time=0.055..0.674 rows=480 loops=1)
                           Filter: ((unix_time >= '1685451484.641'::double precision) AND (unix_time <= '1685451544.641'::double precision) AND st_dwithin(st_transform(the_geom, 25833), '0101000020E9640000FADCED86B7E02341EC31706D830C5741'::geometry, '300'::double precision))
                           Rows Removed by Filter: 3180
   ->  Subquery Scan on "*SELECT* 597"  (cost=165745.69..165745.70 rows=1 width=76) (actual time=0.720..0.721 rows=1 loops=1)
         ->  Limit  (cost=165745.69..165745.69 rows=1 width=84) (actual time=0.717..0.718 rows=1 loops=1)
               ->  Sort  (cost=165745.69..165745.69 rows=1 width=84) (actual time=0.715..0.715 rows=1 loops=1)
                     Sort Key: (st_distance(st_transform(s_596.the_geom, 25833), '0101000020E964000017CF5F4DB9E023419F75A728820C5741'::geometry))
                     Sort Method: top-N heapsort  Memory: 25kB
                     ->  Seq Scan on phoml_trajectory_tmp s_596  (cost=0.00..165745.68 rows=1 width=84) (actual time=0.038..0.637 rows=480 loops=1)
                           Filter: ((unix_time >= '1685451484.981'::double precision) AND (unix_time <= '1685451544.981'::double precision) AND st_dwithin(st_transform(the_geom, 25833), '0101000020E964000017CF5F4DB9E023419F75A728820C5741'::geometry, '300'::double precision))
                           Rows Removed by Filter: 3180
   ->  Subquery Scan on "*SELECT* 598"  (cost=165745.69..165745.70 rows=1 width=76) (actual time=0.736..0.737 rows=1 loops=1)
         ->  Limit  (cost=165745.69..165745.69 rows=1 width=84) (actual time=0.731..0.732 rows=1 loops=1)
               ->  Sort  (cost=165745.69..165745.69 rows=1 width=84) (actual time=0.729..0.729 rows=1 loops=1)
                     Sort Key: (st_distance(st_transform(s_597.the_geom, 25833), '0101000020E96400005FDD1C20BBE0234150575005810C5741'::geometry))
                     Sort Method: top-N heapsort  Memory: 25kB
                     ->  Seq Scan on phoml_trajectory_tmp s_597  (cost=0.00..165745.68 rows=1 width=84) (actual time=0.037..0.657 rows=480 loops=1)
                           Filter: ((unix_time >= '1685451485.295'::double precision) AND (unix_time <= '1685451545.295'::double precision) AND st_dwithin(st_transform(the_geom, 25833), '0101000020E96400005FDD1C20BBE0234150575005810C5741'::geometry, '300'::double precision))
                           Rows Removed by Filter: 3180
   ->  Subquery Scan on "*SELECT* 599"  (cost=165745.69..165745.70 rows=1 width=76) (actual time=0.751..0.753 rows=1 loops=1)
         ->  Limit  (cost=165745.69..165745.69 rows=1 width=84) (actual time=0.746..0.747 rows=1 loops=1)
               ->  Sort  (cost=165745.69..165745.69 rows=1 width=84) (actual time=0.744..0.744 rows=1 loops=1)
                     Sort Key: (st_distance(st_transform(s_598.the_geom, 25833), '0101000020E96400008FEED0F4BCE02341A2AB3CC47F0C5741'::geometry))
                     Sort Method: top-N heapsort  Memory: 25kB
                     ->  Seq Scan on phoml_trajectory_tmp s_598  (cost=0.00..165745.68 rows=1 width=84) (actual time=0.041..0.669 rows=480 loops=1)
                           Filter: ((unix_time >= '1685451485.635'::double precision) AND (unix_time <= '1685451545.635'::double precision) AND st_dwithin(st_transform(the_geom, 25833), '0101000020E96400008FEED0F4BCE02341A2AB3CC47F0C5741'::geometry, '300'::double precision))
                           Rows Removed by Filter: 3180
   ->  Subquery Scan on "*SELECT* 600"  (cost=165745.69..165745.70 rows=1 width=76) (actual time=0.844..0.846 rows=1 loops=1)
         ->  Limit  (cost=165745.69..165745.69 rows=1 width=84) (actual time=0.840..0.840 rows=1 loops=1)
               ->  Sort  (cost=165745.69..165745.69 rows=1 width=84) (actual time=0.837..0.838 rows=1 loops=1)
                     Sort Key: (st_distance(st_transform(s_599.the_geom, 25833), '0101000020E9640000E29D6BBCBEE02341279923877E0C5741'::geometry))
                     Sort Method: top-N heapsort  Memory: 25kB
                     ->  Seq Scan on phoml_trajectory_tmp s_599  (cost=0.00..165745.68 rows=1 width=84) (actual time=0.040..0.754 rows=480 loops=1)
                           Filter: ((unix_time >= '1685451485.965'::double precision) AND (unix_time <= '1685451545.965'::double precision) AND st_dwithin(st_transform(the_geom, 25833), '0101000020E9640000E29D6BBCBEE02341279923877E0C5741'::geometry, '300'::double precision))
                           Rows Removed by Filter: 3180
   ->  Subquery Scan on "*SELECT* 601"  (cost=165745.69..165745.70 rows=1 width=76) (actual time=0.994..0.995 rows=1 loops=1)
         ->  Limit  (cost=165745.69..165745.69 rows=1 width=84) (actual time=0.991..0.992 rows=1 loops=1)
               ->  Sort  (cost=165745.69..165745.69 rows=1 width=84) (actual time=0.987..0.987 rows=1 loops=1)
                     Sort Key: (st_distance(st_transform(s_600.the_geom, 25833), '0101000020E964000006DAA989C0E02341DCAC61537D0C5741'::geometry))
                     Sort Method: top-N heapsort  Memory: 25kB
                     ->  Seq Scan on phoml_trajectory_tmp s_600  (cost=0.00..165745.68 rows=1 width=84) (actual time=0.053..0.884 rows=480 loops=1)
                           Filter: ((unix_time >= '1685451486.292'::double precision) AND (unix_time <= '1685451546.292'::double precision) AND st_dwithin(st_transform(the_geom, 25833), '0101000020E964000006DAA989C0E02341DCAC61537D0C5741'::geometry, '300'::double precision))
                           Rows Removed by Filter: 3180
   ->  Subquery Scan on "*SELECT* 602"  (cost=165745.69..165745.70 rows=1 width=76) (actual time=0.693..0.694 rows=1 loops=1)
         ->  Limit  (cost=165745.69..165745.69 rows=1 width=84) (actual time=0.691..0.692 rows=1 loops=1)
               ->  Sort  (cost=165745.69..165745.69 rows=1 width=84) (actual time=0.689..0.689 rows=1 loops=1)
                     Sort Key: (st_distance(st_transform(s_601.the_geom, 25833), '0101000020E9640000BCB32652C2E02341ED10D4167C0C5741'::geometry))
                     Sort Method: top-N heapsort  Memory: 25kB
                     ->  Seq Scan on phoml_trajectory_tmp s_601  (cost=0.00..165745.68 rows=1 width=84) (actual time=0.038..0.619 rows=480 loops=1)
                           Filter: ((unix_time >= '1685451486.632'::double precision) AND (unix_time <= '1685451546.632'::double precision) AND st_dwithin(st_transform(the_geom, 25833), '0101000020E9640000BCB32652C2E02341ED10D4167C0C5741'::geometry, '300'::double precision))
                           Rows Removed by Filter: 3180
   ->  Subquery Scan on "*SELECT* 603"  (cost=165745.69..165745.70 rows=1 width=76) (actual time=0.722..0.723 rows=1 loops=1)
         ->  Limit  (cost=165745.69..165745.69 rows=1 width=84) (actual time=0.719..0.720 rows=1 loops=1)
               ->  Sort  (cost=165745.69..165745.69 rows=1 width=84) (actual time=0.717..0.717 rows=1 loops=1)
                     Sort Key: (st_distance(st_transform(s_602.the_geom, 25833), '0101000020E964000060583231C4E023417E510DDF7A0C5741'::geometry))
                     Sort Method: top-N heapsort  Memory: 25kB
                     ->  Seq Scan on phoml_trajectory_tmp s_602  (cost=0.00..165745.68 rows=1 width=84) (actual time=0.049..0.635 rows=480 loops=1)
                           Filter: ((unix_time >= '1685451486.962'::double precision) AND (unix_time <= '1685451546.962'::double precision) AND st_dwithin(st_transform(the_geom, 25833), '0101000020E964000060583231C4E023417E510DDF7A0C5741'::geometry, '300'::double precision))
                           Rows Removed by Filter: 3180
   ->  Subquery Scan on "*SELECT* 604"  (cost=165745.69..165745.70 rows=1 width=76) (actual time=0.715..0.716 rows=1 loops=1)
         ->  Limit  (cost=165745.69..165745.69 rows=1 width=84) (actual time=0.710..0.710 rows=1 loops=1)
               ->  Sort  (cost=165745.69..165745.69 rows=1 width=84) (actual time=0.708..0.708 rows=1 loops=1)
                     Sort Key: (st_distance(st_transform(s_603.the_geom, 25833), '0101000020E96400006089C8EFC5E02341B61A1D9F790C5741'::geometry))
                     Sort Method: top-N heapsort  Memory: 25kB
                     ->  Seq Scan on phoml_trajectory_tmp s_603  (cost=0.00..165745.68 rows=1 width=84) (actual time=0.037..0.635 rows=480 loops=1)
                           Filter: ((unix_time >= '1685451487.293'::double precision) AND (unix_time <= '1685451547.293'::double precision) AND st_dwithin(st_transform(the_geom, 25833), '0101000020E96400006089C8EFC5E02341B61A1D9F790C5741'::geometry, '300'::double precision))
                           Rows Removed by Filter: 3180
   ->  Subquery Scan on "*SELECT* 605"  (cost=165745.69..165745.70 rows=1 width=76) (actual time=0.723..0.724 rows=1 loops=1)
         ->  Limit  (cost=165745.69..165745.69 rows=1 width=84) (actual time=0.718..0.719 rows=1 loops=1)
               ->  Sort  (cost=165745.69..165745.69 rows=1 width=84) (actual time=0.716..0.716 rows=1 loops=1)
                     Sort Key: (st_distance(st_transform(s_604.the_geom, 25833), '0101000020E9640000C47A76A4C7E02341F7A48A6B780C5741'::geometry))
                     Sort Method: top-N heapsort  Memory: 25kB
                     ->  Seq Scan on phoml_trajectory_tmp s_604  (cost=0.00..165745.68 rows=1 width=84) (actual time=0.042..0.640 rows=480 loops=1)
                           Filter: ((unix_time >= '1685451487.623'::double precision) AND (unix_time <= '1685451547.623'::double precision) AND st_dwithin(st_transform(the_geom, 25833), '0101000020E9640000C47A76A4C7E02341F7A48A6B780C5741'::geometry, '300'::double precision))
                           Rows Removed by Filter: 3180
   ->  Subquery Scan on "*SELECT* 606"  (cost=165745.69..165745.70 rows=1 width=76) (actual time=0.694..0.695 rows=1 loops=1)
         ->  Limit  (cost=165745.69..165745.69 rows=1 width=84) (actual time=0.692..0.692 rows=1 loops=1)
               ->  Sort  (cost=165745.69..165745.69 rows=1 width=84) (actual time=0.690..0.690 rows=1 loops=1)
                     Sort Key: (st_distance(st_transform(s_605.the_geom, 25833), '0101000020E9640000BF2C635FC9E023413098BB22770C5741'::geometry))
                     Sort Method: top-N heapsort  Memory: 25kB
                     ->  Seq Scan on phoml_trajectory_tmp s_605  (cost=0.00..165745.68 rows=1 width=84) (actual time=0.037..0.619 rows=480 loops=1)
                           Filter: ((unix_time >= '1685451487.963'::double precision) AND (unix_time <= '1685451547.963'::double precision) AND st_dwithin(st_transform(the_geom, 25833), '0101000020E9640000BF2C635FC9E023413098BB22770C5741'::geometry, '300'::double precision))
                           Rows Removed by Filter: 3180
   ->  Subquery Scan on "*SELECT* 607"  (cost=165745.69..165745.70 rows=1 width=76) (actual time=0.719..0.720 rows=1 loops=1)
         ->  Limit  (cost=165745.69..165745.69 rows=1 width=84) (actual time=0.715..0.716 rows=1 loops=1)
               ->  Sort  (cost=165745.69..165745.69 rows=1 width=84) (actual time=0.714..0.714 rows=1 loops=1)
                     Sort Key: (st_distance(st_transform(s_606.the_geom, 25833), '0101000020E96400009ECFD32ECBE023417AFAE5E5750C5741'::geometry))
                     Sort Method: top-N heapsort  Memory: 25kB
                     ->  Seq Scan on phoml_trajectory_tmp s_606  (cost=0.00..165745.68 rows=1 width=84) (actual time=0.038..0.630 rows=480 loops=1)
                           Filter: ((unix_time >= '1685451488.301'::double precision) AND (unix_time <= '1685451548.301'::double precision) AND st_dwithin(st_transform(the_geom, 25833), '0101000020E96400009ECFD32ECBE023417AFAE5E5750C5741'::geometry, '300'::double precision))
                           Rows Removed by Filter: 3180
   ->  Subquery Scan on "*SELECT* 608"  (cost=165745.69..165745.70 rows=1 width=76) (actual time=0.718..0.719 rows=1 loops=1)
         ->  Limit  (cost=165745.69..165745.69 rows=1 width=84) (actual time=0.714..0.715 rows=1 loops=1)
               ->  Sort  (cost=165745.69..165745.69 rows=1 width=84) (actual time=0.712..0.713 rows=1 loops=1)
                     Sort Key: (st_distance(st_transform(s_607.the_geom, 25833), '0101000020E9640000EB84EAF9CCE02341FC70D5A9740C5741'::geometry))
                     Sort Method: top-N heapsort  Memory: 25kB
                     ->  Seq Scan on phoml_trajectory_tmp s_607  (cost=0.00..165745.68 rows=1 width=84) (actual time=0.038..0.639 rows=480 loops=1)
                           Filter: ((unix_time >= '1685451488.641'::double precision) AND (unix_time <= '1685451548.641'::double precision) AND st_dwithin(st_transform(the_geom, 25833), '0101000020E9640000EB84EAF9CCE02341FC70D5A9740C5741'::geometry, '300'::double precision))
                           Rows Removed by Filter: 3180
   ->  Subquery Scan on "*SELECT* 609"  (cost=165745.69..165745.70 rows=1 width=76) (actual time=0.732..0.733 rows=1 loops=1)
         ->  Limit  (cost=165745.69..165745.69 rows=1 width=84) (actual time=0.728..0.729 rows=1 loops=1)
               ->  Sort  (cost=165745.69..165745.69 rows=1 width=84) (actual time=0.726..0.726 rows=1 loops=1)
                     Sort Key: (st_distance(st_transform(s_608.the_geom, 25833), '0101000020E9640000030C1CBDCEE0234108B2AE6B730C5741'::geometry))
                     Sort Method: top-N heapsort  Memory: 25kB
                     ->  Seq Scan on phoml_trajectory_tmp s_608  (cost=0.00..165745.68 rows=1 width=84) (actual time=0.039..0.653 rows=480 loops=1)
                           Filter: ((unix_time >= '1685451488.981'::double precision) AND (unix_time <= '1685451548.981'::double precision) AND st_dwithin(st_transform(the_geom, 25833), '0101000020E9640000030C1CBDCEE0234108B2AE6B730C5741'::geometry, '300'::double precision))
                           Rows Removed by Filter: 3180
   ->  Subquery Scan on "*SELECT* 610"  (cost=165745.69..165745.70 rows=1 width=76) (actual time=0.707..0.708 rows=1 loops=1)
         ->  Limit  (cost=165745.69..165745.69 rows=1 width=84) (actual time=0.705..0.705 rows=1 loops=1)
               ->  Sort  (cost=165745.69..165745.69 rows=1 width=84) (actual time=0.702..0.703 rows=1 loops=1)
                     Sort Key: (st_distance(st_transform(s_609.the_geom, 25833), '0101000020E96400005860E288D0E0234190EAFF36720C5741'::geometry))
                     Sort Method: top-N heapsort  Memory: 25kB
                     ->  Seq Scan on phoml_trajectory_tmp s_609  (cost=0.00..165745.68 rows=1 width=84) (actual time=0.038..0.631 rows=480 loops=1)
                           Filter: ((unix_time >= '1685451489.32'::double precision) AND (unix_time <= '1685451549.32'::double precision) AND st_dwithin(st_transform(the_geom, 25833), '0101000020E96400005860E288D0E0234190EAFF36720C5741'::geometry, '300'::double precision))
                           Rows Removed by Filter: 3180
   ->  Subquery Scan on "*SELECT* 611"  (cost=165745.69..165745.70 rows=1 width=76) (actual time=0.722..0.723 rows=1 loops=1)
         ->  Limit  (cost=165745.69..165745.69 rows=1 width=84) (actual time=0.718..0.719 rows=1 loops=1)
               ->  Sort  (cost=165745.69..165745.69 rows=1 width=84) (actual time=0.717..0.717 rows=1 loops=1)
                     Sort Key: (st_distance(st_transform(s_610.the_geom, 25833), '0101000020E9640000581A0954D2E023414256D8FA700C5741'::geometry))
                     Sort Method: top-N heapsort  Memory: 25kB
                     ->  Seq Scan on phoml_trajectory_tmp s_610  (cost=0.00..165745.68 rows=1 width=84) (actual time=0.041..0.643 rows=480 loops=1)
                           Filter: ((unix_time >= '1685451489.66'::double precision) AND (unix_time <= '1685451549.66'::double precision) AND st_dwithin(st_transform(the_geom, 25833), '0101000020E9640000581A0954D2E023414256D8FA700C5741'::geometry, '300'::double precision))
                           Rows Removed by Filter: 3180
   ->  Subquery Scan on "*SELECT* 612"  (cost=165745.69..165745.70 rows=1 width=76) (actual time=0.718..0.719 rows=1 loops=1)
         ->  Limit  (cost=165745.69..165745.69 rows=1 width=84) (actual time=0.714..0.715 rows=1 loops=1)
               ->  Sort  (cost=165745.69..165745.69 rows=1 width=84) (actual time=0.712..0.713 rows=1 loops=1)
                     Sort Key: (st_distance(st_transform(s_611.the_geom, 25833), '0101000020E9640000EB0DFB15D4E0234101C264CB6F0C5741'::geometry))
                     Sort Method: top-N heapsort  Memory: 25kB
                     ->  Seq Scan on phoml_trajectory_tmp s_611  (cost=0.00..165745.68 rows=1 width=84) (actual time=0.038..0.640 rows=480 loops=1)
                           Filter: ((unix_time >= '1685451489.99'::double precision) AND (unix_time <= '1685451549.99'::double precision) AND st_dwithin(st_transform(the_geom, 25833), '0101000020E9640000EB0DFB15D4E0234101C264CB6F0C5741'::geometry, '300'::double precision))
                           Rows Removed by Filter: 3180
   ->  Subquery Scan on "*SELECT* 613"  (cost=165745.69..165745.70 rows=1 width=76) (actual time=0.724..0.725 rows=1 loops=1)
         ->  Limit  (cost=165745.69..165745.69 rows=1 width=84) (actual time=0.719..0.719 rows=1 loops=1)
               ->  Sort  (cost=165745.69..165745.69 rows=1 width=84) (actual time=0.716..0.717 rows=1 loops=1)
                     Sort Key: (st_distance(st_transform(s_612.the_geom, 25833), '0101000020E96400009E6293DED5E0234152873A966E0C5741'::geometry))
                     Sort Method: top-N heapsort  Memory: 25kB
                     ->  Seq Scan on phoml_trajectory_tmp s_612  (cost=0.00..165745.68 rows=1 width=84) (actual time=0.038..0.642 rows=480 loops=1)
                           Filter: ((unix_time >= '1685451490.324'::double precision) AND (unix_time <= '1685451550.324'::double precision) AND st_dwithin(st_transform(the_geom, 25833), '0101000020E96400009E6293DED5E0234152873A966E0C5741'::geometry, '300'::double precision))
                           Rows Removed by Filter: 3180
   ->  Subquery Scan on "*SELECT* 614"  (cost=165745.69..165745.70 rows=1 width=76) (actual time=0.707..0.707 rows=1 loops=1)
         ->  Limit  (cost=165745.69..165745.69 rows=1 width=84) (actual time=0.704..0.705 rows=1 loops=1)
               ->  Sort  (cost=165745.69..165745.69 rows=1 width=84) (actual time=0.702..0.703 rows=1 loops=1)
                     Sort Key: (st_distance(st_transform(s_613.the_geom, 25833), '0101000020E9640000E80FC2D0D7E02341243C57546D0C5741'::geometry))
                     Sort Method: top-N heapsort  Memory: 25kB
                     ->  Seq Scan on phoml_trajectory_tmp s_613  (cost=0.00..165745.68 rows=1 width=84) (actual time=0.040..0.629 rows=480 loops=1)
                           Filter: ((unix_time >= '1685451490.674'::double precision) AND (unix_time <= '1685451550.674'::double precision) AND st_dwithin(st_transform(the_geom, 25833), '0101000020E9640000E80FC2D0D7E02341243C57546D0C5741'::geometry, '300'::double precision))
                           Rows Removed by Filter: 3180
   ->  Subquery Scan on "*SELECT* 615"  (cost=165745.69..165745.70 rows=1 width=76) (actual time=0.922..0.923 rows=1 loops=1)
         ->  Limit  (cost=165745.69..165745.69 rows=1 width=84) (actual time=0.902..0.903 rows=1 loops=1)
               ->  Sort  (cost=165745.69..165745.69 rows=1 width=84) (actual time=0.900..0.900 rows=1 loops=1)
                     Sort Key: (st_distance(st_transform(s_614.the_geom, 25833), '0101000020E9640000FA483AB0D9E02341A1299E146C0C5741'::geometry))
                     Sort Method: top-N heapsort  Memory: 25kB
                     ->  Seq Scan on phoml_trajectory_tmp s_614  (cost=0.00..165745.68 rows=1 width=84) (actual time=0.039..0.808 rows=480 loops=1)
                           Filter: ((unix_time >= '1685451491.024'::double precision) AND (unix_time <= '1685451551.024'::double precision) AND st_dwithin(st_transform(the_geom, 25833), '0101000020E9640000FA483AB0D9E02341A1299E146C0C5741'::geometry, '300'::double precision))
                           Rows Removed by Filter: 3180
   ->  Subquery Scan on "*SELECT* 616"  (cost=165745.69..165745.70 rows=1 width=76) (actual time=0.746..0.747 rows=1 loops=1)
         ->  Limit  (cost=165745.69..165745.69 rows=1 width=84) (actual time=0.743..0.743 rows=1 loops=1)
               ->  Sort  (cost=165745.69..165745.69 rows=1 width=84) (actual time=0.741..0.741 rows=1 loops=1)
                     Sort Key: (st_distance(st_transform(s_615.the_geom, 25833), '0101000020E96400003855796EDBE02341020D1DE46A0C5741'::geometry))
                     Sort Method: top-N heapsort  Memory: 25kB
                     ->  Seq Scan on phoml_trajectory_tmp s_615  (cost=0.00..165745.68 rows=1 width=84) (actual time=0.046..0.664 rows=480 loops=1)
                           Filter: ((unix_time >= '1685451491.357'::double precision) AND (unix_time <= '1685451551.357'::double precision) AND st_dwithin(st_transform(the_geom, 25833), '0101000020E96400003855796EDBE02341020D1DE46A0C5741'::geometry, '300'::double precision))
                           Rows Removed by Filter: 3180
   ->  Subquery Scan on "*SELECT* 617"  (cost=165745.69..165745.70 rows=1 width=76) (actual time=0.726..0.727 rows=1 loops=1)
         ->  Limit  (cost=165745.69..165745.69 rows=1 width=84) (actual time=0.721..0.722 rows=1 loops=1)
               ->  Sort  (cost=165745.69..165745.69 rows=1 width=84) (actual time=0.719..0.720 rows=1 loops=1)
                     Sort Key: (st_distance(st_transform(s_616.the_geom, 25833), '0101000020E9640000CE46A622DDE02341D6BA8299690C5741'::geometry))
                     Sort Method: top-N heapsort  Memory: 25kB
                     ->  Seq Scan on phoml_trajectory_tmp s_616  (cost=0.00..165745.68 rows=1 width=84) (actual time=0.038..0.646 rows=480 loops=1)
                           Filter: ((unix_time >= '1685451491.707'::double precision) AND (unix_time <= '1685451551.707'::double precision) AND st_dwithin(st_transform(the_geom, 25833), '0101000020E9640000CE46A622DDE02341D6BA8299690C5741'::geometry, '300'::double precision))
                           Rows Removed by Filter: 3180
   ->  Subquery Scan on "*SELECT* 618"  (cost=165745.69..165745.70 rows=1 width=76) (actual time=0.713..0.713 rows=1 loops=1)
         ->  Limit  (cost=165745.69..165745.69 rows=1 width=84) (actual time=0.710..0.711 rows=1 loops=1)
               ->  Sort  (cost=165745.69..165745.69 rows=1 width=84) (actual time=0.708..0.708 rows=1 loops=1)
                     Sort Key: (st_distance(st_transform(s_617.the_geom, 25833), '0101000020E9640000CC71B6F7DEE02341E2592766680C5741'::geometry))
                     Sort Method: top-N heapsort  Memory: 25kB
                     ->  Seq Scan on phoml_trajectory_tmp s_617  (cost=0.00..165745.68 rows=1 width=84) (actual time=0.048..0.635 rows=480 loops=1)
                           Filter: ((unix_time >= '1685451492.047'::double precision) AND (unix_time <= '1685451552.047'::double precision) AND st_dwithin(st_transform(the_geom, 25833), '0101000020E9640000CC71B6F7DEE02341E2592766680C5741'::geometry, '300'::double precision))
                           Rows Removed by Filter: 3180
   ->  Subquery Scan on "*SELECT* 619"  (cost=165745.69..165745.70 rows=1 width=76) (actual time=0.718..0.719 rows=1 loops=1)
         ->  Limit  (cost=165745.69..165745.69 rows=1 width=84) (actual time=0.714..0.715 rows=1 loops=1)
               ->  Sort  (cost=165745.69..165745.69 rows=1 width=84) (actual time=0.712..0.713 rows=1 loops=1)
                     Sort Key: (st_distance(st_transform(s_618.the_geom, 25833), '0101000020E9640000E910AEB3E0E023419B13CC25670C5741'::geometry))
                     Sort Method: top-N heapsort  Memory: 25kB
                     ->  Seq Scan on phoml_trajectory_tmp s_618  (cost=0.00..165745.68 rows=1 width=84) (actual time=0.039..0.640 rows=480 loops=1)
                           Filter: ((unix_time >= '1685451492.391'::double precision) AND (unix_time <= '1685451552.391'::double precision) AND st_dwithin(st_transform(the_geom, 25833), '0101000020E9640000E910AEB3E0E023419B13CC25670C5741'::geometry, '300'::double precision))
                           Rows Removed by Filter: 3180
   ->  Subquery Scan on "*SELECT* 620"  (cost=165745.69..165745.70 rows=1 width=76) (actual time=0.717..0.718 rows=1 loops=1)
         ->  Limit  (cost=165745.69..165745.69 rows=1 width=84) (actual time=0.713..0.714 rows=1 loops=1)
               ->  Sort  (cost=165745.69..165745.69 rows=1 width=84) (actual time=0.711..0.712 rows=1 loops=1)
                     Sort Key: (st_distance(st_transform(s_619.the_geom, 25833), '0101000020E964000033B7316EE2E023410B1226F4650C5741'::geometry))
                     Sort Method: top-N heapsort  Memory: 25kB
                     ->  Seq Scan on phoml_trajectory_tmp s_619  (cost=0.00..165745.68 rows=1 width=84) (actual time=0.038..0.629 rows=480 loops=1)
                           Filter: ((unix_time >= '1685451492.731'::double precision) AND (unix_time <= '1685451552.731'::double precision) AND st_dwithin(st_transform(the_geom, 25833), '0101000020E964000033B7316EE2E023410B1226F4650C5741'::geometry, '300'::double precision))
                           Rows Removed by Filter: 3180
   ->  Subquery Scan on "*SELECT* 621"  (cost=165745.69..165745.70 rows=1 width=76) (actual time=0.749..0.750 rows=1 loops=1)
         ->  Limit  (cost=165745.69..165745.69 rows=1 width=84) (actual time=0.745..0.746 rows=1 loops=1)
               ->  Sort  (cost=165745.69..165745.69 rows=1 width=84) (actual time=0.743..0.743 rows=1 loops=1)
                     Sort Key: (st_distance(st_transform(s_620.the_geom, 25833), '0101000020E96400009470E948E4E0234104F32FAD640C5741'::geometry))
                     Sort Method: top-N heapsort  Memory: 25kB
                     ->  Seq Scan on phoml_trajectory_tmp s_620  (cost=0.00..165745.68 rows=1 width=84) (actual time=0.073..0.671 rows=480 loops=1)
                           Filter: ((unix_time >= '1685451493.091'::double precision) AND (unix_time <= '1685451553.091'::double precision) AND st_dwithin(st_transform(the_geom, 25833), '0101000020E96400009470E948E4E0234104F32FAD640C5741'::geometry, '300'::double precision))
                           Rows Removed by Filter: 3180
   ->  Subquery Scan on "*SELECT* 622"  (cost=165745.69..165745.70 rows=1 width=76) (actual time=0.694..0.695 rows=1 loops=1)
         ->  Limit  (cost=165745.69..165745.69 rows=1 width=84) (actual time=0.692..0.692 rows=1 loops=1)
               ->  Sort  (cost=165745.69..165745.69 rows=1 width=84) (actual time=0.689..0.689 rows=1 loops=1)
                     Sort Key: (st_distance(st_transform(s_621.the_geom, 25833), '0101000020E964000091B7C20FE6E02341C1624E77630C5741'::geometry))
                     Sort Method: top-N heapsort  Memory: 25kB
                     ->  Seq Scan on phoml_trajectory_tmp s_621  (cost=0.00..165745.68 rows=1 width=84) (actual time=0.040..0.616 rows=480 loops=1)
                           Filter: ((unix_time >= '1685451493.434'::double precision) AND (unix_time <= '1685451553.434'::double precision) AND st_dwithin(st_transform(the_geom, 25833), '0101000020E964000091B7C20FE6E02341C1624E77630C5741'::geometry, '300'::double precision))
                           Rows Removed by Filter: 3180
   ->  Subquery Scan on "*SELECT* 623"  (cost=165745.69..165745.70 rows=1 width=76) (actual time=0.733..0.733 rows=1 loops=1)
         ->  Limit  (cost=165745.69..165745.69 rows=1 width=84) (actual time=0.729..0.730 rows=1 loops=1)
               ->  Sort  (cost=165745.69..165745.69 rows=1 width=84) (actual time=0.726..0.726 rows=1 loops=1)
                     Sort Key: (st_distance(st_transform(s_622.the_geom, 25833), '0101000020E9640000204571C7E7E02341747BA84C620C5741'::geometry))
                     Sort Method: top-N heapsort  Memory: 25kB
                     ->  Seq Scan on phoml_trajectory_tmp s_622  (cost=0.00..165745.68 rows=1 width=84) (actual time=0.050..0.651 rows=480 loops=1)
                           Filter: ((unix_time >= '1685451493.764'::double precision) AND (unix_time <= '1685451553.764'::double precision) AND st_dwithin(st_transform(the_geom, 25833), '0101000020E9640000204571C7E7E02341747BA84C620C5741'::geometry, '300'::double precision))
                           Rows Removed by Filter: 3180
   ->  Subquery Scan on "*SELECT* 624"  (cost=165745.69..165745.70 rows=1 width=76) (actual time=0.721..0.722 rows=1 loops=1)
         ->  Limit  (cost=165745.69..165745.69 rows=1 width=84) (actual time=0.717..0.718 rows=1 loops=1)
               ->  Sort  (cost=165745.69..165745.69 rows=1 width=84) (actual time=0.715..0.716 rows=1 loops=1)
                     Sort Key: (st_distance(st_transform(s_623.the_geom, 25833), '0101000020E9640000ACC7B3ADE9E02341ADB94607610C5741'::geometry))
                     Sort Method: top-N heapsort  Memory: 25kB
                     ->  Seq Scan on phoml_trajectory_tmp s_623  (cost=0.00..165745.68 rows=1 width=84) (actual time=0.040..0.642 rows=480 loops=1)
                           Filter: ((unix_time >= '1685451494.124'::double precision) AND (unix_time <= '1685451554.124'::double precision) AND st_dwithin(st_transform(the_geom, 25833), '0101000020E9640000ACC7B3ADE9E02341ADB94607610C5741'::geometry, '300'::double precision))
                           Rows Removed by Filter: 3180
   ->  Subquery Scan on "*SELECT* 625"  (cost=165745.69..165745.70 rows=1 width=76) (actual time=0.760..0.761 rows=1 loops=1)
         ->  Limit  (cost=165745.69..165745.69 rows=1 width=84) (actual time=0.756..0.757 rows=1 loops=1)
               ->  Sort  (cost=165745.69..165745.69 rows=1 width=84) (actual time=0.754..0.754 rows=1 loops=1)
                     Sort Key: (st_distance(st_transform(s_624.the_geom, 25833), '0101000020E96400007240EA8CEBE02341375B1BCF5F0C5741'::geometry))
                     Sort Method: top-N heapsort  Memory: 25kB
                     ->  Seq Scan on phoml_trajectory_tmp s_624  (cost=0.00..165745.68 rows=1 width=84) (actual time=0.043..0.669 rows=480 loops=1)
                           Filter: ((unix_time >= '1685451494.465'::double precision) AND (unix_time <= '1685451554.465'::double precision) AND st_dwithin(st_transform(the_geom, 25833), '0101000020E96400007240EA8CEBE02341375B1BCF5F0C5741'::geometry, '300'::double precision))
                           Rows Removed by Filter: 3180
   ->  Subquery Scan on "*SELECT* 626"  (cost=165745.69..165745.70 rows=1 width=76) (actual time=0.698..0.700 rows=1 loops=1)
         ->  Limit  (cost=165745.69..165745.69 rows=1 width=84) (actual time=0.696..0.697 rows=1 loops=1)
               ->  Sort  (cost=165745.69..165745.69 rows=1 width=84) (actual time=0.694..0.694 rows=1 loops=1)
                     Sort Key: (st_distance(st_transform(s_625.the_geom, 25833), '0101000020E964000019FB383DEDE02341632DD7925E0C5741'::geometry))
                     Sort Method: top-N heapsort  Memory: 25kB
                     ->  Seq Scan on phoml_trajectory_tmp s_625  (cost=0.00..165745.68 rows=1 width=84) (actual time=0.040..0.618 rows=480 loops=1)
                           Filter: ((unix_time >= '1685451494.805'::double precision) AND (unix_time <= '1685451554.805'::double precision) AND st_dwithin(st_transform(the_geom, 25833), '0101000020E964000019FB383DEDE02341632DD7925E0C5741'::geometry, '300'::double precision))
                           Rows Removed by Filter: 3180
   ->  Subquery Scan on "*SELECT* 627"  (cost=165745.69..165745.70 rows=1 width=76) (actual time=0.717..0.718 rows=1 loops=1)
         ->  Limit  (cost=165745.69..165745.69 rows=1 width=84) (actual time=0.713..0.714 rows=1 loops=1)
               ->  Sort  (cost=165745.69..165745.69 rows=1 width=84) (actual time=0.711..0.712 rows=1 loops=1)
                     Sort Key: (st_distance(st_transform(s_626.the_geom, 25833), '0101000020E96400002ACE540CEFE023410E0176465D0C5741'::geometry))
                     Sort Method: top-N heapsort  Memory: 25kB
                     ->  Seq Scan on phoml_trajectory_tmp s_626  (cost=0.00..165745.68 rows=1 width=84) (actual time=0.041..0.638 rows=480 loops=1)
                           Filter: ((unix_time >= '1685451495.157'::double precision) AND (unix_time <= '1685451555.157'::double precision) AND st_dwithin(st_transform(the_geom, 25833), '0101000020E96400002ACE540CEFE023410E0176465D0C5741'::geometry, '300'::double precision))
                           Rows Removed by Filter: 3180
   ->  Subquery Scan on "*SELECT* 628"  (cost=165745.69..165745.70 rows=1 width=76) (actual time=0.727..0.728 rows=1 loops=1)
         ->  Limit  (cost=165745.69..165745.69 rows=1 width=84) (actual time=0.722..0.723 rows=1 loops=1)
               ->  Sort  (cost=165745.69..165745.69 rows=1 width=84) (actual time=0.720..0.721 rows=1 loops=1)
                     Sort Key: (st_distance(st_transform(s_627.the_geom, 25833), '0101000020E9640000FC2E579EF0E02341851D1C0B5C0C5741'::geometry))
                     Sort Method: top-N heapsort  Memory: 25kB
                     ->  Seq Scan on phoml_trajectory_tmp s_627  (cost=0.00..165745.68 rows=1 width=84) (actual time=0.044..0.646 rows=480 loops=1)
                           Filter: ((unix_time >= '1685451495.487'::double precision) AND (unix_time <= '1685451555.487'::double precision) AND st_dwithin(st_transform(the_geom, 25833), '0101000020E9640000FC2E579EF0E02341851D1C0B5C0C5741'::geometry, '300'::double precision))
                           Rows Removed by Filter: 3180
   ->  Subquery Scan on "*SELECT* 629"  (cost=165745.69..165745.70 rows=1 width=76) (actual time=0.722..0.723 rows=1 loops=1)
         ->  Limit  (cost=165745.69..165745.69 rows=1 width=84) (actual time=0.718..0.719 rows=1 loops=1)
               ->  Sort  (cost=165745.69..165745.69 rows=1 width=84) (actual time=0.716..0.717 rows=1 loops=1)
                     Sort Key: (st_distance(st_transform(s_628.the_geom, 25833), '0101000020E964000007FF4251F2E0234161F663D75A0C5741'::geometry))
                     Sort Method: top-N heapsort  Memory: 25kB
                     ->  Seq Scan on phoml_trajectory_tmp s_628  (cost=0.00..165745.68 rows=1 width=84) (actual time=0.040..0.643 rows=480 loops=1)
                           Filter: ((unix_time >= '1685451495.817'::double precision) AND (unix_time <= '1685451555.817'::double precision) AND st_dwithin(st_transform(the_geom, 25833), '0101000020E964000007FF4251F2E0234161F663D75A0C5741'::geometry, '300'::double precision))
                           Rows Removed by Filter: 3180
   ->  Subquery Scan on "*SELECT* 630"  (cost=165745.69..165745.70 rows=1 width=76) (actual time=0.701..0.702 rows=1 loops=1)
         ->  Limit  (cost=165745.69..165745.69 rows=1 width=84) (actual time=0.699..0.700 rows=1 loops=1)
               ->  Sort  (cost=165745.69..165745.69 rows=1 width=84) (actual time=0.697..0.697 rows=1 loops=1)
                     Sort Key: (st_distance(st_transform(s_629.the_geom, 25833), '0101000020E96400001EE39618F4E02341CA330A8B590C5741'::geometry))
                     Sort Method: top-N heapsort  Memory: 25kB
                     ->  Seq Scan on phoml_trajectory_tmp s_629  (cost=0.00..165745.68 rows=1 width=84) (actual time=0.040..0.625 rows=480 loops=1)
                           Filter: ((unix_time >= '1685451496.177'::double precision) AND (unix_time <= '1685451556.177'::double precision) AND st_dwithin(st_transform(the_geom, 25833), '0101000020E96400001EE39618F4E02341CA330A8B590C5741'::geometry, '300'::double precision))
                           Rows Removed by Filter: 3180
   ->  Subquery Scan on "*SELECT* 631"  (cost=165745.69..165745.70 rows=1 width=76) (actual time=0.713..0.714 rows=1 loops=1)
         ->  Limit  (cost=165745.69..165745.69 rows=1 width=84) (actual time=0.710..0.711 rows=1 loops=1)
               ->  Sort  (cost=165745.69..165745.69 rows=1 width=84) (actual time=0.707..0.708 rows=1 loops=1)
                     Sort Key: (st_distance(st_transform(s_630.the_geom, 25833), '0101000020E96400009A8F56D5F5E02341431ABA59580C5741'::geometry))
                     Sort Method: top-N heapsort  Memory: 25kB
                     ->  Seq Scan on phoml_trajectory_tmp s_630  (cost=0.00..165745.68 rows=1 width=84) (actual time=0.043..0.635 rows=480 loops=1)
                           Filter: ((unix_time >= '1685451496.507'::double precision) AND (unix_time <= '1685451556.507'::double precision) AND st_dwithin(st_transform(the_geom, 25833), '0101000020E96400009A8F56D5F5E02341431ABA59580C5741'::geometry, '300'::double precision))
                           Rows Removed by Filter: 3180
   ->  Subquery Scan on "*SELECT* 632"  (cost=165745.69..165745.70 rows=1 width=76) (actual time=0.707..0.708 rows=1 loops=1)
         ->  Limit  (cost=165745.69..165745.69 rows=1 width=84) (actual time=0.704..0.705 rows=1 loops=1)
               ->  Sort  (cost=165745.69..165745.69 rows=1 width=84) (actual time=0.701..0.702 rows=1 loops=1)
                     Sort Key: (st_distance(st_transform(s_631.the_geom, 25833), '0101000020E9640000160C249DF7E023413555971C570C5741'::geometry))
                     Sort Method: top-N heapsort  Memory: 25kB
                     ->  Seq Scan on phoml_trajectory_tmp s_631  (cost=0.00..165745.68 rows=1 width=84) (actual time=0.039..0.628 rows=480 loops=1)
                           Filter: ((unix_time >= '1685451496.847'::double precision) AND (unix_time <= '1685451556.847'::double precision) AND st_dwithin(st_transform(the_geom, 25833), '0101000020E9640000160C249DF7E023413555971C570C5741'::geometry, '300'::double precision))
                           Rows Removed by Filter: 3180
   ->  Subquery Scan on "*SELECT* 633"  (cost=165745.69..165745.70 rows=1 width=76) (actual time=0.697..0.698 rows=1 loops=1)
         ->  Limit  (cost=165745.69..165745.69 rows=1 width=84) (actual time=0.694..0.695 rows=1 loops=1)
               ->  Sort  (cost=165745.69..165745.69 rows=1 width=84) (actual time=0.693..0.693 rows=1 loops=1)
                     Sort Key: (st_distance(st_transform(s_632.the_geom, 25833), '0101000020E9640000B3D3CE4AF9E023417C5300E9550C5741'::geometry))
                     Sort Method: top-N heapsort  Memory: 25kB
                     ->  Seq Scan on phoml_trajectory_tmp s_632  (cost=0.00..165745.68 rows=1 width=84) (actual time=0.040..0.621 rows=480 loops=1)
                           Filter: ((unix_time >= '1685451497.18'::double precision) AND (unix_time <= '1685451557.18'::double precision) AND st_dwithin(st_transform(the_geom, 25833), '0101000020E9640000B3D3CE4AF9E023417C5300E9550C5741'::geometry, '300'::double precision))
                           Rows Removed by Filter: 3180
   ->  Subquery Scan on "*SELECT* 634"  (cost=165745.69..165745.70 rows=1 width=76) (actual time=0.703..0.704 rows=1 loops=1)
         ->  Limit  (cost=165745.69..165745.69 rows=1 width=84) (actual time=0.701..0.701 rows=1 loops=1)
               ->  Sort  (cost=165745.69..165745.69 rows=1 width=84) (actual time=0.698..0.699 rows=1 loops=1)
                     Sort Key: (st_distance(st_transform(s_633.the_geom, 25833), '0101000020E9640000308DFE08FBE02341DCB0F6A8540C5741'::geometry))
                     Sort Method: top-N heapsort  Memory: 25kB
                     ->  Seq Scan on phoml_trajectory_tmp s_633  (cost=0.00..165745.68 rows=1 width=84) (actual time=0.049..0.626 rows=480 loops=1)
                           Filter: ((unix_time >= '1685451497.52'::double precision) AND (unix_time <= '1685451557.52'::double precision) AND st_dwithin(st_transform(the_geom, 25833), '0101000020E9640000308DFE08FBE02341DCB0F6A8540C5741'::geometry, '300'::double precision))
                           Rows Removed by Filter: 3180
   ->  Subquery Scan on "*SELECT* 635"  (cost=165745.69..165745.70 rows=1 width=76) (actual time=0.710..0.711 rows=1 loops=1)
         ->  Limit  (cost=165745.69..165745.69 rows=1 width=84) (actual time=0.706..0.707 rows=1 loops=1)
               ->  Sort  (cost=165745.69..165745.69 rows=1 width=84) (actual time=0.704..0.705 rows=1 loops=1)
                     Sort Key: (st_distance(st_transform(s_634.the_geom, 25833), '0101000020E9640000AB4224D3FCE02341045C7E74530C5741'::geometry))
                     Sort Method: top-N heapsort  Memory: 25kB
                     ->  Seq Scan on phoml_trajectory_tmp s_634  (cost=0.00..165745.68 rows=1 width=84) (actual time=0.042..0.631 rows=480 loops=1)
                           Filter: ((unix_time >= '1685451497.85'::double precision) AND (unix_time <= '1685451557.85'::double precision) AND st_dwithin(st_transform(the_geom, 25833), '0101000020E9640000AB4224D3FCE02341045C7E74530C5741'::geometry, '300'::double precision))
                           Rows Removed by Filter: 3180
   ->  Subquery Scan on "*SELECT* 636"  (cost=165745.69..165745.70 rows=1 width=76) (actual time=0.704..0.705 rows=1 loops=1)
         ->  Limit  (cost=165745.69..165745.69 rows=1 width=84) (actual time=0.701..0.702 rows=1 loops=1)
               ->  Sort  (cost=165745.69..165745.69 rows=1 width=84) (actual time=0.698..0.698 rows=1 loops=1)
                     Sort Key: (st_distance(st_transform(s_635.the_geom, 25833), '0101000020E9640000070CDEBFFEE023417F5A6E38520C5741'::geometry))
                     Sort Method: top-N heapsort  Memory: 25kB
                     ->  Seq Scan on phoml_trajectory_tmp s_635  (cost=0.00..165745.68 rows=1 width=84) (actual time=0.039..0.625 rows=480 loops=1)
                           Filter: ((unix_time >= '1685451498.193'::double precision) AND (unix_time <= '1685451558.193'::double precision) AND st_dwithin(st_transform(the_geom, 25833), '0101000020E9640000070CDEBFFEE023417F5A6E38520C5741'::geometry, '300'::double precision))
                           Rows Removed by Filter: 3180
   ->  Subquery Scan on "*SELECT* 637"  (cost=165745.69..165745.70 rows=1 width=76) (actual time=0.693..0.694 rows=1 loops=1)
         ->  Limit  (cost=165745.69..165745.69 rows=1 width=84) (actual time=0.691..0.692 rows=1 loops=1)
               ->  Sort  (cost=165745.69..165745.69 rows=1 width=84) (actual time=0.689..0.689 rows=1 loops=1)
                     Sort Key: (st_distance(st_transform(s_636.the_geom, 25833), '0101000020E9640000FA05678400E12341DC83ED01510C5741'::geometry))
                     Sort Method: top-N heapsort  Memory: 25kB
                     ->  Seq Scan on phoml_trajectory_tmp s_636  (cost=0.00..165745.68 rows=1 width=84) (actual time=0.039..0.614 rows=480 loops=1)
                           Filter: ((unix_time >= '1685451498.523'::double precision) AND (unix_time <= '1685451558.523'::double precision) AND st_dwithin(st_transform(the_geom, 25833), '0101000020E9640000FA05678400E12341DC83ED01510C5741'::geometry, '300'::double precision))
                           Rows Removed by Filter: 3180
   ->  Subquery Scan on "*SELECT* 638"  (cost=165745.69..165745.70 rows=1 width=76) (actual time=0.701..0.702 rows=1 loops=1)
         ->  Limit  (cost=165745.69..165745.69 rows=1 width=84) (actual time=0.697..0.698 rows=1 loops=1)
               ->  Sort  (cost=165745.69..165745.69 rows=1 width=84) (actual time=0.695..0.696 rows=1 loops=1)
                     Sort Key: (st_distance(st_transform(s_637.the_geom, 25833), '0101000020E9640000F4A3A44A02E12341BC080ACC4F0C5741'::geometry))
                     Sort Method: top-N heapsort  Memory: 25kB
                     ->  Seq Scan on phoml_trajectory_tmp s_637  (cost=0.00..165745.68 rows=1 width=84) (actual time=0.042..0.615 rows=480 loops=1)
                           Filter: ((unix_time >= '1685451498.853'::double precision) AND (unix_time <= '1685451558.853'::double precision) AND st_dwithin(st_transform(the_geom, 25833), '0101000020E9640000F4A3A44A02E12341BC080ACC4F0C5741'::geometry, '300'::double precision))
                           Rows Removed by Filter: 3180
   ->  Subquery Scan on "*SELECT* 639"  (cost=165745.69..165745.70 rows=1 width=76) (actual time=0.702..0.703 rows=1 loops=1)
         ->  Limit  (cost=165745.69..165745.69 rows=1 width=84) (actual time=0.698..0.699 rows=1 loops=1)
               ->  Sort  (cost=165745.69..165745.69 rows=1 width=84) (actual time=0.696..0.697 rows=1 loops=1)
                     Sort Key: (st_distance(st_transform(s_638.the_geom, 25833), '0101000020E96400004C43830D04E123415F6A36954E0C5741'::geometry))
                     Sort Method: top-N heapsort  Memory: 25kB
                     ->  Seq Scan on phoml_trajectory_tmp s_638  (cost=0.00..165745.68 rows=1 width=84) (actual time=0.039..0.622 rows=480 loops=1)
                           Filter: ((unix_time >= '1685451499.185'::double precision) AND (unix_time <= '1685451559.185'::double precision) AND st_dwithin(st_transform(the_geom, 25833), '0101000020E96400004C43830D04E123415F6A36954E0C5741'::geometry, '300'::double precision))
                           Rows Removed by Filter: 3180
   ->  Subquery Scan on "*SELECT* 640"  (cost=165745.69..165745.70 rows=1 width=76) (actual time=0.687..0.688 rows=1 loops=1)
         ->  Limit  (cost=165745.69..165745.69 rows=1 width=84) (actual time=0.685..0.685 rows=1 loops=1)
               ->  Sort  (cost=165745.69..165745.69 rows=1 width=84) (actual time=0.682..0.683 rows=1 loops=1)
                     Sort Key: (st_distance(st_transform(s_639.the_geom, 25833), '0101000020E964000090DE2EF205E12341B814B94F4D0C5741'::geometry))
                     Sort Method: top-N heapsort  Memory: 25kB
                     ->  Seq Scan on phoml_trajectory_tmp s_639  (cost=0.00..165745.68 rows=1 width=84) (actual time=0.040..0.612 rows=480 loops=1)
                           Filter: ((unix_time >= '1685451499.525'::double precision) AND (unix_time <= '1685451559.525'::double precision) AND st_dwithin(st_transform(the_geom, 25833), '0101000020E964000090DE2EF205E12341B814B94F4D0C5741'::geometry, '300'::double precision))
                           Rows Removed by Filter: 3180
   ->  Subquery Scan on "*SELECT* 641"  (cost=165745.69..165745.70 rows=1 width=76) (actual time=0.697..0.698 rows=1 loops=1)
         ->  Limit  (cost=165745.69..165745.69 rows=1 width=84) (actual time=0.694..0.695 rows=1 loops=1)
               ->  Sort  (cost=165745.69..165745.69 rows=1 width=84) (actual time=0.692..0.693 rows=1 loops=1)
                     Sort Key: (st_distance(st_transform(s_640.the_geom, 25833), '0101000020E964000077E1EBB407E1234170FC85194C0C5741'::geometry))
                     Sort Method: top-N heapsort  Memory: 25kB
                     ->  Seq Scan on phoml_trajectory_tmp s_640  (cost=0.00..165745.68 rows=1 width=84) (actual time=0.052..0.620 rows=480 loops=1)
                           Filter: ((unix_time >= '1685451499.855'::double precision) AND (unix_time <= '1685451559.855'::double precision) AND st_dwithin(st_transform(the_geom, 25833), '0101000020E964000077E1EBB407E1234170FC85194C0C5741'::geometry, '300'::double precision))
                           Rows Removed by Filter: 3180
   ->  Subquery Scan on "*SELECT* 642"  (cost=165745.69..165745.70 rows=1 width=76) (actual time=0.702..0.703 rows=1 loops=1)
         ->  Limit  (cost=165745.69..165745.69 rows=1 width=84) (actual time=0.699..0.700 rows=1 loops=1)
               ->  Sort  (cost=165745.69..165745.69 rows=1 width=84) (actual time=0.697..0.697 rows=1 loops=1)
                     Sort Key: (st_distance(st_transform(s_641.the_geom, 25833), '0101000020E9640000C9356F8009E123412A8917E54A0C5741'::geometry))
                     Sort Method: top-N heapsort  Memory: 25kB
                     ->  Seq Scan on phoml_trajectory_tmp s_641  (cost=0.00..165745.68 rows=1 width=84) (actual time=0.041..0.617 rows=480 loops=1)
                           Filter: ((unix_time >= '1685451500.186'::double precision) AND (unix_time <= '1685451560.186'::double precision) AND st_dwithin(st_transform(the_geom, 25833), '0101000020E9640000C9356F8009E123412A8917E54A0C5741'::geometry, '300'::double precision))
                           Rows Removed by Filter: 3180
   ->  Subquery Scan on "*SELECT* 643"  (cost=165745.69..165745.70 rows=1 width=76) (actual time=0.697..0.698 rows=1 loops=1)
         ->  Limit  (cost=165745.69..165745.69 rows=1 width=84) (actual time=0.693..0.694 rows=1 loops=1)
               ->  Sort  (cost=165745.69..165745.69 rows=1 width=84) (actual time=0.690..0.691 rows=1 loops=1)
                     Sort Key: (st_distance(st_transform(s_642.the_geom, 25833), '0101000020E964000029EDD35E0BE1234123AB07A4490C5741'::geometry))
                     Sort Method: top-N heapsort  Memory: 25kB
                     ->  Seq Scan on phoml_trajectory_tmp s_642  (cost=0.00..165745.68 rows=1 width=84) (actual time=0.039..0.608 rows=480 loops=1)
                           Filter: ((unix_time >= '1685451500.517'::double precision) AND (unix_time <= '1685451560.517'::double precision) AND st_dwithin(st_transform(the_geom, 25833), '0101000020E964000029EDD35E0BE1234123AB07A4490C5741'::geometry, '300'::double precision))
                           Rows Removed by Filter: 3180
   ->  Subquery Scan on "*SELECT* 644"  (cost=165745.69..165745.70 rows=1 width=76) (actual time=0.693..0.694 rows=1 loops=1)
         ->  Limit  (cost=165745.69..165745.69 rows=1 width=84) (actual time=0.691..0.692 rows=1 loops=1)
               ->  Sort  (cost=165745.69..165745.69 rows=1 width=84) (actual time=0.689..0.689 rows=1 loops=1)
                     Sort Key: (st_distance(st_transform(s_643.the_geom, 25833), '0101000020E96400009195181A0DE123419368E56A480C5741'::geometry))
                     Sort Method: top-N heapsort  Memory: 25kB
                     ->  Seq Scan on phoml_trajectory_tmp s_643  (cost=0.00..165745.68 rows=1 width=84) (actual time=0.041..0.617 rows=480 loops=1)
                           Filter: ((unix_time >= '1685451500.846'::double precision) AND (unix_time <= '1685451560.846'::double precision) AND st_dwithin(st_transform(the_geom, 25833), '0101000020E96400009195181A0DE123419368E56A480C5741'::geometry, '300'::double precision))
                           Rows Removed by Filter: 3180
   ->  Subquery Scan on "*SELECT* 645"  (cost=165745.69..165745.70 rows=1 width=76) (actual time=0.722..0.723 rows=1 loops=1)
         ->  Limit  (cost=165745.69..165745.69 rows=1 width=84) (actual time=0.719..0.720 rows=1 loops=1)
               ->  Sort  (cost=165745.69..165745.69 rows=1 width=84) (actual time=0.717..0.717 rows=1 loops=1)
                     Sort Key: (st_distance(st_transform(s_644.the_geom, 25833), '0101000020E9640000E68FF2F90EE123414EDA5A2B470C5741'::geometry))
                     Sort Method: top-N heapsort  Memory: 25kB
                     ->  Seq Scan on phoml_trajectory_tmp s_644  (cost=0.00..165745.68 rows=1 width=84) (actual time=0.039..0.643 rows=480 loops=1)
                           Filter: ((unix_time >= '1685451501.18'::double precision) AND (unix_time <= '1685451561.18'::double precision) AND st_dwithin(st_transform(the_geom, 25833), '0101000020E9640000E68FF2F90EE123414EDA5A2B470C5741'::geometry, '300'::double precision))
                           Rows Removed by Filter: 3180
   ->  Subquery Scan on "*SELECT* 646"  (cost=165745.69..165745.70 rows=1 width=76) (actual time=0.726..0.727 rows=1 loops=1)
         ->  Limit  (cost=165745.69..165745.69 rows=1 width=84) (actual time=0.721..0.722 rows=1 loops=1)
               ->  Sort  (cost=165745.69..165745.69 rows=1 width=84) (actual time=0.718..0.719 rows=1 loops=1)
                     Sort Key: (st_distance(st_transform(s_645.the_geom, 25833), '0101000020E964000074A2EFB610E123415255AEF2450C5741'::geometry))
                     Sort Method: top-N heapsort  Memory: 25kB
                     ->  Seq Scan on phoml_trajectory_tmp s_645  (cost=0.00..165745.68 rows=1 width=84) (actual time=0.046..0.640 rows=480 loops=1)
                           Filter: ((unix_time >= '1685451501.51'::double precision) AND (unix_time <= '1685451561.51'::double precision) AND st_dwithin(st_transform(the_geom, 25833), '0101000020E964000074A2EFB610E123415255AEF2450C5741'::geometry, '300'::double precision))
                           Rows Removed by Filter: 3180
   ->  Subquery Scan on "*SELECT* 647"  (cost=165745.69..165745.70 rows=1 width=76) (actual time=0.697..0.698 rows=1 loops=1)
         ->  Limit  (cost=165745.69..165745.69 rows=1 width=84) (actual time=0.694..0.694 rows=1 loops=1)
               ->  Sort  (cost=165745.69..165745.69 rows=1 width=84) (actual time=0.691..0.691 rows=1 loops=1)
                     Sort Key: (st_distance(st_transform(s_646.the_geom, 25833), '0101000020E9640000AB58679912E12341B4DF94BB440C5741'::geometry))
                     Sort Method: top-N heapsort  Memory: 25kB
                     ->  Seq Scan on phoml_trajectory_tmp s_646  (cost=0.00..165745.68 rows=1 width=84) (actual time=0.045..0.616 rows=480 loops=1)
                           Filter: ((unix_time >= '1685451501.84'::double precision) AND (unix_time <= '1685451561.84'::double precision) AND st_dwithin(st_transform(the_geom, 25833), '0101000020E9640000AB58679912E12341B4DF94BB440C5741'::geometry, '300'::double precision))
                           Rows Removed by Filter: 3180
   ->  Subquery Scan on "*SELECT* 648"  (cost=165745.69..165745.70 rows=1 width=76) (actual time=0.704..0.705 rows=1 loops=1)
         ->  Limit  (cost=165745.69..165745.69 rows=1 width=84) (actual time=0.700..0.701 rows=1 loops=1)
               ->  Sort  (cost=165745.69..165745.69 rows=1 width=84) (actual time=0.698..0.699 rows=1 loops=1)
                     Sort Key: (st_distance(st_transform(s_647.the_geom, 25833), '0101000020E9640000681DD45514E12341AA06297B430C5741'::geometry))
                     Sort Method: top-N heapsort  Memory: 25kB
                     ->  Seq Scan on phoml_trajectory_tmp s_647  (cost=0.00..165745.68 rows=1 width=84) (actual time=0.042..0.625 rows=480 loops=1)
                           Filter: ((unix_time >= '1685451502.18'::double precision) AND (unix_time <= '1685451562.18'::double precision) AND st_dwithin(st_transform(the_geom, 25833), '0101000020E9640000681DD45514E12341AA06297B430C5741'::geometry, '300'::double precision))
                           Rows Removed by Filter: 3180
   ->  Subquery Scan on "*SELECT* 649"  (cost=165745.69..165745.70 rows=1 width=76) (actual time=0.705..0.706 rows=1 loops=1)
         ->  Limit  (cost=165745.69..165745.69 rows=1 width=84) (actual time=0.702..0.703 rows=1 loops=1)
               ->  Sort  (cost=165745.69..165745.69 rows=1 width=84) (actual time=0.700..0.700 rows=1 loops=1)
                     Sort Key: (st_distance(st_transform(s_648.the_geom, 25833), '0101000020E96400009E02022616E123411077F236420C5741'::geometry))
                     Sort Method: top-N heapsort  Memory: 25kB
                     ->  Seq Scan on phoml_trajectory_tmp s_648  (cost=0.00..165745.68 rows=1 width=84) (actual time=0.042..0.626 rows=480 loops=1)
                           Filter: ((unix_time >= '1685451502.51'::double precision) AND (unix_time <= '1685451562.51'::double precision) AND st_dwithin(st_transform(the_geom, 25833), '0101000020E96400009E02022616E123411077F236420C5741'::geometry, '300'::double precision))
                           Rows Removed by Filter: 3180
   ->  Subquery Scan on "*SELECT* 650"  (cost=165745.69..165745.70 rows=1 width=76) (actual time=0.707..0.709 rows=1 loops=1)
         ->  Limit  (cost=165745.69..165745.69 rows=1 width=84) (actual time=0.704..0.705 rows=1 loops=1)
               ->  Sort  (cost=165745.69..165745.69 rows=1 width=84) (actual time=0.702..0.702 rows=1 loops=1)
                     Sort Key: (st_distance(st_transform(s_649.the_geom, 25833), '0101000020E96400008AA309E117E12341723A54FE400C5741'::geometry))
                     Sort Method: top-N heapsort  Memory: 25kB
                     ->  Seq Scan on phoml_trajectory_tmp s_649  (cost=0.00..165745.68 rows=1 width=84) (actual time=0.042..0.628 rows=480 loops=1)
                           Filter: ((unix_time >= '1685451502.84'::double precision) AND (unix_time <= '1685451562.84'::double precision) AND st_dwithin(st_transform(the_geom, 25833), '0101000020E96400008AA309E117E12341723A54FE400C5741'::geometry, '300'::double precision))
                           Rows Removed by Filter: 3180
   ->  Subquery Scan on "*SELECT* 651"  (cost=165745.69..165745.70 rows=1 width=76) (actual time=0.686..0.687 rows=1 loops=1)
         ->  Limit  (cost=165745.69..165745.69 rows=1 width=84) (actual time=0.683..0.684 rows=1 loops=1)
               ->  Sort  (cost=165745.69..165745.69 rows=1 width=84) (actual time=0.681..0.682 rows=1 loops=1)
                     Sort Key: (st_distance(st_transform(s_650.the_geom, 25833), '0101000020E96400009A406A7B19E12341725C88CC3F0C5741'::geometry))
                     Sort Method: top-N heapsort  Memory: 25kB
                     ->  Seq Scan on phoml_trajectory_tmp s_650  (cost=0.00..165745.68 rows=1 width=84) (actual time=0.041..0.608 rows=480 loops=1)
                           Filter: ((unix_time >= '1685451503.162'::double precision) AND (unix_time <= '1685451563.162'::double precision) AND st_dwithin(st_transform(the_geom, 25833), '0101000020E96400009A406A7B19E12341725C88CC3F0C5741'::geometry, '300'::double precision))
                           Rows Removed by Filter: 3180
   ->  Subquery Scan on "*SELECT* 652"  (cost=165745.69..165745.70 rows=1 width=76) (actual time=0.714..0.716 rows=1 loops=1)
         ->  Limit  (cost=165745.69..165745.69 rows=1 width=84) (actual time=0.711..0.712 rows=1 loops=1)
               ->  Sort  (cost=165745.69..165745.69 rows=1 width=84) (actual time=0.710..0.710 rows=1 loops=1)
                     Sort Key: (st_distance(st_transform(s_651.the_geom, 25833), '0101000020E964000065CA733C1BE1234197F08D853E0C5741'::geometry))
                     Sort Method: top-N heapsort  Memory: 25kB
                     ->  Seq Scan on phoml_trajectory_tmp s_651  (cost=0.00..165745.68 rows=1 width=84) (actual time=0.039..0.636 rows=480 loops=1)
                           Filter: ((unix_time >= '1685451503.502'::double precision) AND (unix_time <= '1685451563.502'::double precision) AND st_dwithin(st_transform(the_geom, 25833), '0101000020E964000065CA733C1BE1234197F08D853E0C5741'::geometry, '300'::double precision))
                           Rows Removed by Filter: 3180
   ->  Subquery Scan on "*SELECT* 653"  (cost=165745.69..165745.70 rows=1 width=76) (actual time=0.715..0.716 rows=1 loops=1)
         ->  Limit  (cost=165745.69..165745.69 rows=1 width=84) (actual time=0.712..0.713 rows=1 loops=1)
               ->  Sort  (cost=165745.69..165745.69 rows=1 width=84) (actual time=0.710..0.710 rows=1 loops=1)
                     Sort Key: (st_distance(st_transform(s_652.the_geom, 25833), '0101000020E9640000BB1B11FC1CE123414A50735D3D0C5741'::geometry))
                     Sort Method: top-N heapsort  Memory: 25kB
                     ->  Seq Scan on phoml_trajectory_tmp s_652  (cost=0.00..165745.68 rows=1 width=84) (actual time=0.041..0.637 rows=480 loops=1)
                           Filter: ((unix_time >= '1685451503.822'::double precision) AND (unix_time <= '1685451563.822'::double precision) AND st_dwithin(st_transform(the_geom, 25833), '0101000020E9640000BB1B11FC1CE123414A50735D3D0C5741'::geometry, '300'::double precision))
                           Rows Removed by Filter: 3180
   ->  Subquery Scan on "*SELECT* 654"  (cost=165745.69..165745.70 rows=1 width=76) (actual time=0.713..0.714 rows=1 loops=1)
         ->  Limit  (cost=165745.69..165745.69 rows=1 width=84) (actual time=0.711..0.711 rows=1 loops=1)
               ->  Sort  (cost=165745.69..165745.69 rows=1 width=84) (actual time=0.709..0.709 rows=1 loops=1)
                     Sort Key: (st_distance(st_transform(s_653.the_geom, 25833), '0101000020E96400002F2C1FBF1EE12341931A60173C0C5741'::geometry))
                     Sort Method: top-N heapsort  Memory: 25kB
                     ->  Seq Scan on phoml_trajectory_tmp s_653  (cost=0.00..165745.68 rows=1 width=84) (actual time=0.042..0.637 rows=480 loops=1)
                           Filter: ((unix_time >= '1685451504.164'::double precision) AND (unix_time <= '1685451564.164'::double precision) AND st_dwithin(st_transform(the_geom, 25833), '0101000020E96400002F2C1FBF1EE12341931A60173C0C5741'::geometry, '300'::double precision))
                           Rows Removed by Filter: 3180
   ->  Subquery Scan on "*SELECT* 655"  (cost=165745.69..165745.70 rows=1 width=76) (actual time=0.707..0.708 rows=1 loops=1)
         ->  Limit  (cost=165745.69..165745.69 rows=1 width=84) (actual time=0.704..0.705 rows=1 loops=1)
               ->  Sort  (cost=165745.69..165745.69 rows=1 width=84) (actual time=0.702..0.703 rows=1 loops=1)
                     Sort Key: (st_distance(st_transform(s_654.the_geom, 25833), '0101000020E9640000B95BC59020E12341A73CA2D53A0C5741'::geometry))
                     Sort Method: top-N heapsort  Memory: 25kB
                     ->  Seq Scan on phoml_trajectory_tmp s_654  (cost=0.00..165745.68 rows=1 width=84) (actual time=0.039..0.631 rows=480 loops=1)
                           Filter: ((unix_time >= '1685451504.504'::double precision) AND (unix_time <= '1685451564.504'::double precision) AND st_dwithin(st_transform(the_geom, 25833), '0101000020E9640000B95BC59020E12341A73CA2D53A0C5741'::geometry, '300'::double precision))
                           Rows Removed by Filter: 3180
   ->  Subquery Scan on "*SELECT* 656"  (cost=165745.69..165745.70 rows=1 width=76) (actual time=0.698..0.699 rows=1 loops=1)
         ->  Limit  (cost=165745.69..165745.69 rows=1 width=84) (actual time=0.694..0.695 rows=1 loops=1)
               ->  Sort  (cost=165745.69..165745.69 rows=1 width=84) (actual time=0.692..0.693 rows=1 loops=1)
                     Sort Key: (st_distance(st_transform(s_655.the_geom, 25833), '0101000020E9640000FECDFC5322E123414A7D60A6390C5741'::geometry))
                     Sort Method: top-N heapsort  Memory: 25kB
                     ->  Seq Scan on phoml_trajectory_tmp s_655  (cost=0.00..165745.68 rows=1 width=84) (actual time=0.039..0.611 rows=480 loops=1)
                           Filter: ((unix_time >= '1685451504.834'::double precision) AND (unix_time <= '1685451564.834'::double precision) AND st_dwithin(st_transform(the_geom, 25833), '0101000020E9640000FECDFC5322E123414A7D60A6390C5741'::geometry, '300'::double precision))
                           Rows Removed by Filter: 3180
   ->  Subquery Scan on "*SELECT* 657"  (cost=165745.69..165745.70 rows=1 width=76) (actual time=0.706..0.707 rows=1 loops=1)
         ->  Limit  (cost=165745.69..165745.69 rows=1 width=84) (actual time=0.703..0.704 rows=1 loops=1)
               ->  Sort  (cost=165745.69..165745.69 rows=1 width=84) (actual time=0.701..0.701 rows=1 loops=1)
                     Sort Key: (st_distance(st_transform(s_656.the_geom, 25833), '0101000020E9640000962AAD4024E12341B421CC6A380C5741'::geometry))
                     Sort Method: top-N heapsort  Memory: 25kB
                     ->  Seq Scan on phoml_trajectory_tmp s_656  (cost=0.00..165745.68 rows=1 width=84) (actual time=0.041..0.629 rows=480 loops=1)
                           Filter: ((unix_time >= '1685451505.169'::double precision) AND (unix_time <= '1685451565.169'::double precision) AND st_dwithin(st_transform(the_geom, 25833), '0101000020E9640000962AAD4024E12341B421CC6A380C5741'::geometry, '300'::double precision))
                           Rows Removed by Filter: 3180
   ->  Subquery Scan on "*SELECT* 658"  (cost=165745.69..165745.70 rows=1 width=76) (actual time=0.691..0.693 rows=1 loops=1)
         ->  Limit  (cost=165745.69..165745.69 rows=1 width=84) (actual time=0.689..0.690 rows=1 loops=1)
               ->  Sort  (cost=165745.69..165745.69 rows=1 width=84) (actual time=0.686..0.687 rows=1 loops=1)
                     Sort Key: (st_distance(st_transform(s_657.the_geom, 25833), '0101000020E9640000C37B380626E12341EC265A34370C5741'::geometry))
                     Sort Method: top-N heapsort  Memory: 25kB
                     ->  Seq Scan on phoml_trajectory_tmp s_657  (cost=0.00..165745.68 rows=1 width=84) (actual time=0.045..0.614 rows=480 loops=1)
                           Filter: ((unix_time >= '1685451505.499'::double precision) AND (unix_time <= '1685451565.499'::double precision) AND st_dwithin(st_transform(the_geom, 25833), '0101000020E9640000C37B380626E12341EC265A34370C5741'::geometry, '300'::double precision))
                           Rows Removed by Filter: 3180
   ->  Subquery Scan on "*SELECT* 659"  (cost=165745.69..165745.70 rows=1 width=76) (actual time=0.713..0.714 rows=1 loops=1)
         ->  Limit  (cost=165745.69..165745.69 rows=1 width=84) (actual time=0.709..0.710 rows=1 loops=1)
               ->  Sort  (cost=165745.69..165745.69 rows=1 width=84) (actual time=0.707..0.708 rows=1 loops=1)
                     Sort Key: (st_distance(st_transform(s_658.the_geom, 25833), '0101000020E9640000BE8496D027E12341EEB1D7F7350C5741'::geometry))
                     Sort Method: top-N heapsort  Memory: 25kB
                     ->  Seq Scan on phoml_trajectory_tmp s_658  (cost=0.00..165745.68 rows=1 width=84) (actual time=0.038..0.635 rows=480 loops=1)
                           Filter: ((unix_time >= '1685451505.839'::double precision) AND (unix_time <= '1685451565.839'::double precision) AND st_dwithin(st_transform(the_geom, 25833), '0101000020E9640000BE8496D027E12341EEB1D7F7350C5741'::geometry, '300'::double precision))
                           Rows Removed by Filter: 3180
   ->  Subquery Scan on "*SELECT* 660"  (cost=165745.69..165745.70 rows=1 width=76) (actual time=0.718..0.719 rows=1 loops=1)
         ->  Limit  (cost=165745.69..165745.69 rows=1 width=84) (actual time=0.714..0.715 rows=1 loops=1)
               ->  Sort  (cost=165745.69..165745.69 rows=1 width=84) (actual time=0.712..0.713 rows=1 loops=1)
                     Sort Key: (st_distance(st_transform(s_659.the_geom, 25833), '0101000020E9640000A9AD67B329E123418EE988C0340C5741'::geometry))
                     Sort Method: top-N heapsort  Memory: 25kB
                     ->  Seq Scan on phoml_trajectory_tmp s_659  (cost=0.00..165745.68 rows=1 width=84) (actual time=0.040..0.638 rows=480 loops=1)
                           Filter: ((unix_time >= '1685451506.175'::double precision) AND (unix_time <= '1685451566.175'::double precision) AND st_dwithin(st_transform(the_geom, 25833), '0101000020E9640000A9AD67B329E123418EE988C0340C5741'::geometry, '300'::double precision))
                           Rows Removed by Filter: 3180
   ->  Subquery Scan on "*SELECT* 661"  (cost=165745.69..165745.70 rows=1 width=76) (actual time=0.710..0.711 rows=1 loops=1)
         ->  Limit  (cost=165745.69..165745.69 rows=1 width=84) (actual time=0.707..0.708 rows=1 loops=1)
               ->  Sort  (cost=165745.69..165745.69 rows=1 width=84) (actual time=0.705..0.705 rows=1 loops=1)
                     Sort Key: (st_distance(st_transform(s_660.the_geom, 25833), '0101000020E9640000C227BF722BE123414D10BA88330C5741'::geometry))
                     Sort Method: top-N heapsort  Memory: 25kB
                     ->  Seq Scan on phoml_trajectory_tmp s_660  (cost=0.00..165745.68 rows=1 width=84) (actual time=0.046..0.632 rows=480 loops=1)
                           Filter: ((unix_time >= '1685451506.505'::double precision) AND (unix_time <= '1685451566.505'::double precision) AND st_dwithin(st_transform(the_geom, 25833), '0101000020E9640000C227BF722BE123414D10BA88330C5741'::geometry, '300'::double precision))
                           Rows Removed by Filter: 3180
   ->  Subquery Scan on "*SELECT* 662"  (cost=165745.69..165745.70 rows=1 width=76) (actual time=0.691..0.692 rows=1 loops=1)
         ->  Limit  (cost=165745.69..165745.69 rows=1 width=84) (actual time=0.689..0.689 rows=1 loops=1)
               ->  Sort  (cost=165745.69..165745.69 rows=1 width=84) (actual time=0.687..0.687 rows=1 loops=1)
                     Sort Key: (st_distance(st_transform(s_661.the_geom, 25833), '0101000020E9640000A9BA70542DE12341F897E249320C5741'::geometry))
                     Sort Method: top-N heapsort  Memory: 25kB
                     ->  Seq Scan on phoml_trajectory_tmp s_661  (cost=0.00..165745.68 rows=1 width=84) (actual time=0.042..0.614 rows=480 loops=1)
                           Filter: ((unix_time >= '1685451506.845'::double precision) AND (unix_time <= '1685451566.845'::double precision) AND st_dwithin(st_transform(the_geom, 25833), '0101000020E9640000A9BA70542DE12341F897E249320C5741'::geometry, '300'::double precision))
                           Rows Removed by Filter: 3180
   ->  Subquery Scan on "*SELECT* 663"  (cost=165745.69..165745.70 rows=1 width=76) (actual time=0.690..0.691 rows=1 loops=1)
         ->  Limit  (cost=165745.69..165745.69 rows=1 width=84) (actual time=0.686..0.687 rows=1 loops=1)
               ->  Sort  (cost=165745.69..165745.69 rows=1 width=84) (actual time=0.684..0.685 rows=1 loops=1)
                     Sort Key: (st_distance(st_transform(s_662.the_geom, 25833), '0101000020E9640000DBECC40E2FE123414E54B410310C5741'::geometry))
                     Sort Method: top-N heapsort  Memory: 25kB
                     ->  Seq Scan on phoml_trajectory_tmp s_662  (cost=0.00..165745.68 rows=1 width=84) (actual time=0.041..0.613 rows=480 loops=1)
                           Filter: ((unix_time >= '1685451507.179'::double precision) AND (unix_time <= '1685451567.179'::double precision) AND st_dwithin(st_transform(the_geom, 25833), '0101000020E9640000DBECC40E2FE123414E54B410310C5741'::geometry, '300'::double precision))
                           Rows Removed by Filter: 3180
   ->  Subquery Scan on "*SELECT* 664"  (cost=165745.69..165745.70 rows=1 width=76) (actual time=0.691..0.692 rows=1 loops=1)
         ->  Limit  (cost=165745.69..165745.69 rows=1 width=84) (actual time=0.687..0.688 rows=1 loops=1)
               ->  Sort  (cost=165745.69..165745.69 rows=1 width=84) (actual time=0.685..0.686 rows=1 loops=1)
                     Sort Key: (st_distance(st_transform(s_663.the_geom, 25833), '0101000020E96400003F0ECCC630E12341BAB232D72F0C5741'::geometry))
                     Sort Method: top-N heapsort  Memory: 25kB
                     ->  Seq Scan on phoml_trajectory_tmp s_663  (cost=0.00..165745.68 rows=1 width=84) (actual time=0.039..0.613 rows=480 loops=1)
                           Filter: ((unix_time >= '1685451507.509'::double precision) AND (unix_time <= '1685451567.509'::double precision) AND st_dwithin(st_transform(the_geom, 25833), '0101000020E96400003F0ECCC630E12341BAB232D72F0C5741'::geometry, '300'::double precision))
                           Rows Removed by Filter: 3180
   ->  Subquery Scan on "*SELECT* 665"  (cost=165745.69..165745.70 rows=1 width=76) (actual time=0.703..0.705 rows=1 loops=1)
         ->  Limit  (cost=165745.69..165745.69 rows=1 width=84) (actual time=0.700..0.700 rows=1 loops=1)
               ->  Sort  (cost=165745.69..165745.69 rows=1 width=84) (actual time=0.698..0.698 rows=1 loops=1)
                     Sort Key: (st_distance(st_transform(s_664.the_geom, 25833), '0101000020E96400008C9D45B032E1234174891F922E0C5741'::geometry))
                     Sort Method: top-N heapsort  Memory: 25kB
                     ->  Seq Scan on phoml_trajectory_tmp s_664  (cost=0.00..165745.68 rows=1 width=84) (actual time=0.041..0.615 rows=480 loops=1)
                           Filter: ((unix_time >= '1685451507.859'::double precision) AND (unix_time <= '1685451567.859'::double precision) AND st_dwithin(st_transform(the_geom, 25833), '0101000020E96400008C9D45B032E1234174891F922E0C5741'::geometry, '300'::double precision))
                           Rows Removed by Filter: 3180
   ->  Subquery Scan on "*SELECT* 666"  (cost=165745.69..165745.70 rows=1 width=76) (actual time=0.684..0.685 rows=1 loops=1)
         ->  Limit  (cost=165745.69..165745.69 rows=1 width=84) (actual time=0.681..0.682 rows=1 loops=1)
               ->  Sort  (cost=165745.69..165745.69 rows=1 width=84) (actual time=0.679..0.680 rows=1 loops=1)
                     Sort Key: (st_distance(st_transform(s_665.the_geom, 25833), '0101000020E96400000E1C986734E12341374C5D572D0C5741'::geometry))
                     Sort Method: top-N heapsort  Memory: 25kB
                     ->  Seq Scan on phoml_trajectory_tmp s_665  (cost=0.00..165745.68 rows=1 width=84) (actual time=0.042..0.609 rows=480 loops=1)
                           Filter: ((unix_time >= '1685451508.191'::double precision) AND (unix_time <= '1685451568.191'::double precision) AND st_dwithin(st_transform(the_geom, 25833), '0101000020E96400000E1C986734E12341374C5D572D0C5741'::geometry, '300'::double precision))
                           Rows Removed by Filter: 3180
   ->  Subquery Scan on "*SELECT* 667"  (cost=165745.69..165745.70 rows=1 width=76) (actual time=0.696..0.697 rows=1 loops=1)
         ->  Limit  (cost=165745.69..165745.69 rows=1 width=84) (actual time=0.692..0.693 rows=1 loops=1)
               ->  Sort  (cost=165745.69..165745.69 rows=1 width=84) (actual time=0.690..0.691 rows=1 loops=1)
                     Sort Key: (st_distance(st_transform(s_666.the_geom, 25833), '0101000020E9640000E6F6D32D36E12341745F02312C0C5741'::geometry))
                     Sort Method: top-N heapsort  Memory: 25kB
                     ->  Seq Scan on phoml_trajectory_tmp s_666  (cost=0.00..165745.68 rows=1 width=84) (actual time=0.039..0.618 rows=480 loops=1)
                           Filter: ((unix_time >= '1685451508.511'::double precision) AND (unix_time <= '1685451568.511'::double precision) AND st_dwithin(st_transform(the_geom, 25833), '0101000020E9640000E6F6D32D36E12341745F02312C0C5741'::geometry, '300'::double precision))
                           Rows Removed by Filter: 3180
   ->  Subquery Scan on "*SELECT* 668"  (cost=165745.69..165745.70 rows=1 width=76) (actual time=0.742..0.743 rows=1 loops=1)
         ->  Limit  (cost=165745.69..165745.69 rows=1 width=84) (actual time=0.737..0.738 rows=1 loops=1)
               ->  Sort  (cost=165745.69..165745.69 rows=1 width=84) (actual time=0.735..0.735 rows=1 loops=1)
                     Sort Key: (st_distance(st_transform(s_667.the_geom, 25833), '0101000020E9640000768DE91C38E12341EB5E3BE62A0C5741'::geometry))
                     Sort Method: top-N heapsort  Memory: 25kB
                     ->  Seq Scan on phoml_trajectory_tmp s_667  (cost=0.00..165745.68 rows=1 width=84) (actual time=0.042..0.659 rows=480 loops=1)
                           Filter: ((unix_time >= '1685451508.861'::double precision) AND (unix_time <= '1685451568.861'::double precision) AND st_dwithin(st_transform(the_geom, 25833), '0101000020E9640000768DE91C38E12341EB5E3BE62A0C5741'::geometry, '300'::double precision))
                           Rows Removed by Filter: 3180
   ->  Subquery Scan on "*SELECT* 669"  (cost=165745.69..165745.70 rows=1 width=76) (actual time=0.690..0.691 rows=1 loops=1)
         ->  Limit  (cost=165745.69..165745.69 rows=1 width=84) (actual time=0.687..0.688 rows=1 loops=1)
               ->  Sort  (cost=165745.69..165745.69 rows=1 width=84) (actual time=0.684..0.685 rows=1 loops=1)
                     Sort Key: (st_distance(st_transform(s_668.the_geom, 25833), '0101000020E964000027E7B2E939E123414FDE4FB2290C5741'::geometry))
                     Sort Method: top-N heapsort  Memory: 25kB
                     ->  Seq Scan on phoml_trajectory_tmp s_668  (cost=0.00..165745.68 rows=1 width=84) (actual time=0.043..0.610 rows=480 loops=1)
                           Filter: ((unix_time >= '1685451509.195'::double precision) AND (unix_time <= '1685451569.195'::double precision) AND st_dwithin(st_transform(the_geom, 25833), '0101000020E964000027E7B2E939E123414FDE4FB2290C5741'::geometry, '300'::double precision))
                           Rows Removed by Filter: 3180
   ->  Subquery Scan on "*SELECT* 670"  (cost=165745.69..165745.70 rows=1 width=76) (actual time=0.719..0.720 rows=1 loops=1)
         ->  Limit  (cost=165745.69..165745.69 rows=1 width=84) (actual time=0.713..0.713 rows=1 loops=1)
               ->  Sort  (cost=165745.69..165745.69 rows=1 width=84) (actual time=0.710..0.710 rows=1 loops=1)
                     Sort Key: (st_distance(st_transform(s_669.the_geom, 25833), '0101000020E964000092EBEBDE3BE12341F12F0679280C5741'::geometry))
                     Sort Method: top-N heapsort  Memory: 25kB
                     ->  Seq Scan on phoml_trajectory_tmp s_669  (cost=0.00..165745.68 rows=1 width=84) (actual time=0.045..0.638 rows=480 loops=1)
                           Filter: ((unix_time >= '1685451509.535'::double precision) AND (unix_time <= '1685451569.535'::double precision) AND st_dwithin(st_transform(the_geom, 25833), '0101000020E964000092EBEBDE3BE12341F12F0679280C5741'::geometry, '300'::double precision))
                           Rows Removed by Filter: 3180
   ->  Subquery Scan on "*SELECT* 671"  (cost=165745.69..165745.70 rows=1 width=76) (actual time=0.714..0.716 rows=1 loops=1)
         ->  Limit  (cost=165745.69..165745.69 rows=1 width=84) (actual time=0.711..0.712 rows=1 loops=1)
               ->  Sort  (cost=165745.69..165745.69 rows=1 width=84) (actual time=0.707..0.708 rows=1 loops=1)
                     Sort Key: (st_distance(st_transform(s_670.the_geom, 25833), '0101000020E96400000AE6EECD3DE123410DD1AF45270C5741'::geometry))
                     Sort Method: top-N heapsort  Memory: 25kB
                     ->  Seq Scan on phoml_trajectory_tmp s_670  (cost=0.00..165745.68 rows=1 width=84) (actual time=0.044..0.630 rows=480 loops=1)
                           Filter: ((unix_time >= '1685451509.865'::double precision) AND (unix_time <= '1685451569.865'::double precision) AND st_dwithin(st_transform(the_geom, 25833), '0101000020E96400000AE6EECD3DE123410DD1AF45270C5741'::geometry, '300'::double precision))
                           Rows Removed by Filter: 3180
   ->  Subquery Scan on "*SELECT* 672"  (cost=165745.69..165745.70 rows=1 width=76) (actual time=0.702..0.703 rows=1 loops=1)
         ->  Limit  (cost=165745.69..165745.69 rows=1 width=84) (actual time=0.698..0.699 rows=1 loops=1)
               ->  Sort  (cost=165745.69..165745.69 rows=1 width=84) (actual time=0.696..0.696 rows=1 loops=1)
                     Sort Key: (st_distance(st_transform(s_671.the_geom, 25833), '0101000020E96400005A5903BE3FE123415897020B260C5741'::geometry))
                     Sort Method: top-N heapsort  Memory: 25kB
                     ->  Seq Scan on phoml_trajectory_tmp s_671  (cost=0.00..165745.68 rows=1 width=84) (actual time=0.041..0.624 rows=480 loops=1)
                           Filter: ((unix_time >= '1685451510.2'::double precision) AND (unix_time <= '1685451570.2'::double precision) AND st_dwithin(st_transform(the_geom, 25833), '0101000020E96400005A5903BE3FE123415897020B260C5741'::geometry, '300'::double precision))
                           Rows Removed by Filter: 3180
   ->  Subquery Scan on "*SELECT* 673"  (cost=165745.69..165745.70 rows=1 width=76) (actual time=0.679..0.680 rows=1 loops=1)
         ->  Limit  (cost=165745.69..165745.69 rows=1 width=84) (actual time=0.677..0.678 rows=1 loops=1)
               ->  Sort  (cost=165745.69..165745.69 rows=1 width=84) (actual time=0.675..0.675 rows=1 loops=1)
                     Sort Key: (st_distance(st_transform(s_672.the_geom, 25833), '0101000020E9640000CF2A06AC41E12341DDF732D7240C5741'::geometry))
                     Sort Method: top-N heapsort  Memory: 25kB
                     ->  Seq Scan on phoml_trajectory_tmp s_672  (cost=0.00..165745.68 rows=1 width=84) (actual time=0.040..0.602 rows=480 loops=1)
                           Filter: ((unix_time >= '1685451510.53'::double precision) AND (unix_time <= '1685451570.53'::double precision) AND st_dwithin(st_transform(the_geom, 25833), '0101000020E9640000CF2A06AC41E12341DDF732D7240C5741'::geometry, '300'::double precision))
                           Rows Removed by Filter: 3180
   ->  Subquery Scan on "*SELECT* 674"  (cost=165745.69..165745.70 rows=1 width=76) (actual time=0.708..0.709 rows=1 loops=1)
         ->  Limit  (cost=165745.69..165745.69 rows=1 width=84) (actual time=0.704..0.704 rows=1 loops=1)
               ->  Sort  (cost=165745.69..165745.69 rows=1 width=84) (actual time=0.701..0.702 rows=1 loops=1)
                     Sort Key: (st_distance(st_transform(s_673.the_geom, 25833), '0101000020E96400003B2A66BC43E12341ADF6519C230C5741'::geometry))
                     Sort Method: top-N heapsort  Memory: 25kB
                     ->  Seq Scan on phoml_trajectory_tmp s_673  (cost=0.00..165745.68 rows=1 width=84) (actual time=0.041..0.628 rows=480 loops=1)
                           Filter: ((unix_time >= '1685451510.87'::double precision) AND (unix_time <= '1685451570.87'::double precision) AND st_dwithin(st_transform(the_geom, 25833), '0101000020E96400003B2A66BC43E12341ADF6519C230C5741'::geometry, '300'::double precision))
                           Rows Removed by Filter: 3180
   ->  Subquery Scan on "*SELECT* 675"  (cost=165745.69..165745.70 rows=1 width=76) (actual time=0.715..0.716 rows=1 loops=1)
         ->  Limit  (cost=165745.69..165745.69 rows=1 width=84) (actual time=0.711..0.712 rows=1 loops=1)
               ->  Sort  (cost=165745.69..165745.69 rows=1 width=84) (actual time=0.708..0.709 rows=1 loops=1)
                     Sort Key: (st_distance(st_transform(s_674.the_geom, 25833), '0101000020E9640000D83E2BA545E12341C794E06E220C5741'::geometry))
                     Sort Method: top-N heapsort  Memory: 25kB
                     ->  Seq Scan on phoml_trajectory_tmp s_674  (cost=0.00..165745.68 rows=1 width=84) (actual time=0.039..0.636 rows=480 loops=1)
                           Filter: ((unix_time >= '1685451511.194'::double precision) AND (unix_time <= '1685451571.194'::double precision) AND st_dwithin(st_transform(the_geom, 25833), '0101000020E9640000D83E2BA545E12341C794E06E220C5741'::geometry, '300'::double precision))
                           Rows Removed by Filter: 3180
   ->  Subquery Scan on "*SELECT* 676"  (cost=165745.69..165745.70 rows=1 width=76) (actual time=0.694..0.695 rows=1 loops=1)
         ->  Limit  (cost=165745.69..165745.69 rows=1 width=84) (actual time=0.690..0.691 rows=1 loops=1)
               ->  Sort  (cost=165745.69..165745.69 rows=1 width=84) (actual time=0.688..0.688 rows=1 loops=1)
                     Sort Key: (st_distance(st_transform(s_675.the_geom, 25833), '0101000020E9640000033627A947E123412FD37628210C5741'::geometry))
                     Sort Method: top-N heapsort  Memory: 25kB
                     ->  Seq Scan on phoml_trajectory_tmp s_675  (cost=0.00..165745.68 rows=1 width=84) (actual time=0.040..0.614 rows=480 loops=1)
                           Filter: ((unix_time >= '1685451511.534'::double precision) AND (unix_time <= '1685451571.534'::double precision) AND st_dwithin(st_transform(the_geom, 25833), '0101000020E9640000033627A947E123412FD37628210C5741'::geometry, '300'::double precision))
                           Rows Removed by Filter: 3180
   ->  Subquery Scan on "*SELECT* 677"  (cost=165745.69..165745.70 rows=1 width=76) (actual time=0.677..0.678 rows=1 loops=1)
         ->  Limit  (cost=165745.69..165745.69 rows=1 width=84) (actual time=0.675..0.676 rows=1 loops=1)
               ->  Sort  (cost=165745.69..165745.69 rows=1 width=84) (actual time=0.673..0.673 rows=1 loops=1)
                     Sort Key: (st_distance(st_transform(s_676.the_geom, 25833), '0101000020E96400002B0411A049E12341CA23A4ED1F0C5741'::geometry))
                     Sort Method: top-N heapsort  Memory: 25kB
                     ->  Seq Scan on phoml_trajectory_tmp s_676  (cost=0.00..165745.68 rows=1 width=84) (actual time=0.040..0.600 rows=480 loops=1)
                           Filter: ((unix_time >= '1685451511.864'::double precision) AND (unix_time <= '1685451571.864'::double precision) AND st_dwithin(st_transform(the_geom, 25833), '0101000020E96400002B0411A049E12341CA23A4ED1F0C5741'::geometry, '300'::double precision))
                           Rows Removed by Filter: 3180
   ->  Subquery Scan on "*SELECT* 678"  (cost=165745.69..165745.70 rows=1 width=76) (actual time=0.714..0.716 rows=1 loops=1)
         ->  Limit  (cost=165745.69..165745.69 rows=1 width=84) (actual time=0.712..0.713 rows=1 loops=1)
               ->  Sort  (cost=165745.69..165745.69 rows=1 width=84) (actual time=0.710..0.711 rows=1 loops=1)
                     Sort Key: (st_distance(st_transform(s_677.the_geom, 25833), '0101000020E96400009FD53E754BE12341865C60B21E0C5741'::geometry))
                     Sort Method: top-N heapsort  Memory: 25kB
                     ->  Seq Scan on phoml_trajectory_tmp s_677  (cost=0.00..165745.68 rows=1 width=84) (actual time=0.068..0.636 rows=480 loops=1)
                           Filter: ((unix_time >= '1685451512.199'::double precision) AND (unix_time <= '1685451572.199'::double precision) AND st_dwithin(st_transform(the_geom, 25833), '0101000020E96400009FD53E754BE12341865C60B21E0C5741'::geometry, '300'::double precision))
                           Rows Removed by Filter: 3180
   ->  Subquery Scan on "*SELECT* 679"  (cost=165745.69..165745.70 rows=1 width=76) (actual time=0.699..0.700 rows=1 loops=1)
         ->  Limit  (cost=165745.69..165745.69 rows=1 width=84) (actual time=0.696..0.696 rows=1 loops=1)
               ->  Sort  (cost=165745.69..165745.69 rows=1 width=84) (actual time=0.694..0.694 rows=1 loops=1)
                     Sort Key: (st_distance(st_transform(s_678.the_geom, 25833), '0101000020E96400003FB62B494DE123417A0906771D0C5741'::geometry))
                     Sort Method: top-N heapsort  Memory: 25kB
                     ->  Seq Scan on phoml_trajectory_tmp s_678  (cost=0.00..165745.68 rows=1 width=84) (actual time=0.039..0.621 rows=480 loops=1)
                           Filter: ((unix_time >= '1685451512.539'::double precision) AND (unix_time <= '1685451572.539'::double precision) AND st_dwithin(st_transform(the_geom, 25833), '0101000020E96400003FB62B494DE123417A0906771D0C5741'::geometry, '300'::double precision))
                           Rows Removed by Filter: 3180
   ->  Subquery Scan on "*SELECT* 680"  (cost=165745.69..165745.70 rows=1 width=76) (actual time=0.712..0.713 rows=1 loops=1)
         ->  Limit  (cost=165745.69..165745.69 rows=1 width=84) (actual time=0.708..0.709 rows=1 loops=1)
               ->  Sort  (cost=165745.69..165745.69 rows=1 width=84) (actual time=0.706..0.707 rows=1 loops=1)
                     Sort Key: (st_distance(st_transform(s_679.the_geom, 25833), '0101000020E9640000084681364FE12341293C0B331C0C5741'::geometry))
                     Sort Method: top-N heapsort  Memory: 25kB
                     ->  Seq Scan on phoml_trajectory_tmp s_679  (cost=0.00..165745.68 rows=1 width=84) (actual time=0.040..0.632 rows=484 loops=1)
                           Filter: ((unix_time >= '1685451512.889'::double precision) AND (unix_time <= '1685451572.889'::double precision) AND st_dwithin(st_transform(the_geom, 25833), '0101000020E9640000084681364FE12341293C0B331C0C5741'::geometry, '300'::double precision))
                           Rows Removed by Filter: 3176
   ->  Subquery Scan on "*SELECT* 681"  (cost=165745.69..165745.70 rows=1 width=76) (actual time=0.693..0.694 rows=1 loops=1)
         ->  Limit  (cost=165745.69..165745.69 rows=1 width=84) (actual time=0.691..0.691 rows=1 loops=1)
               ->  Sort  (cost=165745.69..165745.69 rows=1 width=84) (actual time=0.689..0.689 rows=1 loops=1)
                     Sort Key: (st_distance(st_transform(s_680.the_geom, 25833), '0101000020E96400004E9A4F1851E12341A2BCFCF21A0C5741'::geometry))
                     Sort Method: top-N heapsort  Memory: 25kB
                     ->  Seq Scan on phoml_trajectory_tmp s_680  (cost=0.00..165745.68 rows=1 width=84) (actual time=0.042..0.616 rows=484 loops=1)
                           Filter: ((unix_time >= '1685451513.247'::double precision) AND (unix_time <= '1685451573.247'::double precision) AND st_dwithin(st_transform(the_geom, 25833), '0101000020E96400004E9A4F1851E12341A2BCFCF21A0C5741'::geometry, '300'::double precision))
                           Rows Removed by Filter: 3176
   ->  Subquery Scan on "*SELECT* 682"  (cost=165745.69..165745.70 rows=1 width=76) (actual time=0.702..0.704 rows=1 loops=1)
         ->  Limit  (cost=165745.69..165745.69 rows=1 width=84) (actual time=0.699..0.700 rows=1 loops=1)
               ->  Sort  (cost=165745.69..165745.69 rows=1 width=84) (actual time=0.697..0.697 rows=1 loops=1)
                     Sort Key: (st_distance(st_transform(s_681.the_geom, 25833), '0101000020E96400009481ACDC52E12341EFA8C3BC190C5741'::geometry))
                     Sort Method: top-N heapsort  Memory: 25kB
                     ->  Seq Scan on phoml_trajectory_tmp s_681  (cost=0.00..165745.68 rows=1 width=84) (actual time=0.041..0.624 rows=480 loops=1)
                           Filter: ((unix_time >= '1685451513.607'::double precision) AND (unix_time <= '1685451573.607'::double precision) AND st_dwithin(st_transform(the_geom, 25833), '0101000020E96400009481ACDC52E12341EFA8C3BC190C5741'::geometry, '300'::double precision))
                           Rows Removed by Filter: 3180
   ->  Subquery Scan on "*SELECT* 683"  (cost=165745.69..165745.70 rows=1 width=76) (actual time=0.695..0.696 rows=1 loops=1)
         ->  Limit  (cost=165745.69..165745.69 rows=1 width=84) (actual time=0.691..0.692 rows=1 loops=1)
               ->  Sort  (cost=165745.69..165745.69 rows=1 width=84) (actual time=0.689..0.689 rows=1 loops=1)
                     Sort Key: (st_distance(st_transform(s_682.the_geom, 25833), '0101000020E96400003DDA82DD54E1234143D7C185180C5741'::geometry))
                     Sort Method: top-N heapsort  Memory: 25kB
                     ->  Seq Scan on phoml_trajectory_tmp s_682  (cost=0.00..165745.68 rows=1 width=84) (actual time=0.039..0.616 rows=480 loops=1)
                           Filter: ((unix_time >= '1685451513.997'::double precision) AND (unix_time <= '1685451573.997'::double precision) AND st_dwithin(st_transform(the_geom, 25833), '0101000020E96400003DDA82DD54E1234143D7C185180C5741'::geometry, '300'::double precision))
                           Rows Removed by Filter: 3180
   ->  Subquery Scan on "*SELECT* 684"  (cost=165745.69..165745.70 rows=1 width=76) (actual time=0.689..0.690 rows=1 loops=1)
         ->  Limit  (cost=165745.69..165745.69 rows=1 width=84) (actual time=0.686..0.686 rows=1 loops=1)
               ->  Sort  (cost=165745.69..165745.69 rows=1 width=84) (actual time=0.684..0.684 rows=1 loops=1)
                     Sort Key: (st_distance(st_transform(s_683.the_geom, 25833), '0101000020E964000067FE5CB756E12341596CC54C170C5741'::geometry))
                     Sort Method: top-N heapsort  Memory: 25kB
                     ->  Seq Scan on phoml_trajectory_tmp s_683  (cost=0.00..165745.68 rows=1 width=84) (actual time=0.039..0.609 rows=484 loops=1)
                           Filter: ((unix_time >= '1685451514.407'::double precision) AND (unix_time <= '1685451574.407'::double precision) AND st_dwithin(st_transform(the_geom, 25833), '0101000020E964000067FE5CB756E12341596CC54C170C5741'::geometry, '300'::double precision))
                           Rows Removed by Filter: 3176
   ->  Subquery Scan on "*SELECT* 685"  (cost=165745.69..165745.70 rows=1 width=76) (actual time=0.681..0.682 rows=1 loops=1)
         ->  Limit  (cost=165745.69..165745.69 rows=1 width=84) (actual time=0.678..0.679 rows=1 loops=1)
               ->  Sort  (cost=165745.69..165745.69 rows=1 width=84) (actual time=0.676..0.677 rows=1 loops=1)
                     Sort Key: (st_distance(st_transform(s_684.the_geom, 25833), '0101000020E964000031AE1AB558E123413CF5C60C160C5741'::geometry))
                     Sort Method: top-N heapsort  Memory: 25kB
                     ->  Seq Scan on phoml_trajectory_tmp s_684  (cost=0.00..165745.68 rows=1 width=84) (actual time=0.039..0.602 rows=484 loops=1)
                           Filter: ((unix_time >= '1685451514.847'::double precision) AND (unix_time <= '1685451574.847'::double precision) AND st_dwithin(st_transform(the_geom, 25833), '0101000020E964000031AE1AB558E123413CF5C60C160C5741'::geometry, '300'::double precision))
                           Rows Removed by Filter: 3176
   ->  Subquery Scan on "*SELECT* 686"  (cost=165745.69..165745.70 rows=1 width=76) (actual time=0.703..0.704 rows=1 loops=1)
         ->  Limit  (cost=165745.69..165745.69 rows=1 width=84) (actual time=0.699..0.700 rows=1 loops=1)
               ->  Sort  (cost=165745.69..165745.69 rows=1 width=84) (actual time=0.698..0.698 rows=1 loops=1)
                     Sort Key: (st_distance(st_transform(s_685.the_geom, 25833), '0101000020E964000042B84C625AE12341EA839CCF140C5741'::geometry))
                     Sort Method: top-N heapsort  Memory: 25kB
                     ->  Seq Scan on phoml_trajectory_tmp s_685  (cost=0.00..165745.68 rows=1 width=84) (actual time=0.041..0.617 rows=484 loops=1)
                           Filter: ((unix_time >= '1685451515.317'::double precision) AND (unix_time <= '1685451575.317'::double precision) AND st_dwithin(st_transform(the_geom, 25833), '0101000020E964000042B84C625AE12341EA839CCF140C5741'::geometry, '300'::double precision))
                           Rows Removed by Filter: 3176
   ->  Subquery Scan on "*SELECT* 687"  (cost=165745.69..165745.70 rows=1 width=76) (actual time=0.698..0.699 rows=1 loops=1)
         ->  Limit  (cost=165745.69..165745.69 rows=1 width=84) (actual time=0.694..0.695 rows=1 loops=1)
               ->  Sort  (cost=165745.69..165745.69 rows=1 width=84) (actual time=0.692..0.693 rows=1 loops=1)
                     Sort Key: (st_distance(st_transform(s_686.the_geom, 25833), '0101000020E9640000DE56EC215CE12341B799E98E130C5741'::geometry))
                     Sort Method: top-N heapsort  Memory: 25kB
                     ->  Seq Scan on phoml_trajectory_tmp s_686  (cost=0.00..165745.68 rows=1 width=84) (actual time=0.039..0.619 rows=484 loops=1)
                           Filter: ((unix_time >= '1685451515.837'::double precision) AND (unix_time <= '1685451575.837'::double precision) AND st_dwithin(st_transform(the_geom, 25833), '0101000020E9640000DE56EC215CE12341B799E98E130C5741'::geometry, '300'::double precision))
                           Rows Removed by Filter: 3176
   ->  Subquery Scan on "*SELECT* 688"  (cost=165745.69..165745.70 rows=1 width=76) (actual time=0.689..0.690 rows=1 loops=1)
         ->  Limit  (cost=165745.69..165745.69 rows=1 width=84) (actual time=0.686..0.687 rows=1 loops=1)
               ->  Sort  (cost=165745.69..165745.69 rows=1 width=84) (actual time=0.684..0.685 rows=1 loops=1)
                     Sort Key: (st_distance(st_transform(s_687.the_geom, 25833), '0101000020E9640000A6D997E45DE123415BB09645120C5741'::geometry))
                     Sort Method: top-N heapsort  Memory: 25kB
                     ->  Seq Scan on phoml_trajectory_tmp s_687  (cost=0.00..165745.68 rows=1 width=84) (actual time=0.041..0.613 rows=484 loops=1)
                           Filter: ((unix_time >= '1685451516.386'::double precision) AND (unix_time <= '1685451576.386'::double precision) AND st_dwithin(st_transform(the_geom, 25833), '0101000020E9640000A6D997E45DE123415BB09645120C5741'::geometry, '300'::double precision))
                           Rows Removed by Filter: 3176
   ->  Subquery Scan on "*SELECT* 689"  (cost=165745.69..165745.70 rows=1 width=76) (actual time=0.708..0.710 rows=1 loops=1)
         ->  Limit  (cost=165745.69..165745.69 rows=1 width=84) (actual time=0.705..0.706 rows=1 loops=1)
               ->  Sort  (cost=165745.69..165745.69 rows=1 width=84) (actual time=0.703..0.703 rows=1 loops=1)
                     Sort Key: (st_distance(st_transform(s_688.the_geom, 25833), '0101000020E9640000AC03234D5FE12341E84FE4FD100C5741'::geometry))
                     Sort Method: top-N heapsort  Memory: 25kB
                     ->  Seq Scan on phoml_trajectory_tmp s_688  (cost=0.00..165745.68 rows=1 width=84) (actual time=0.038..0.629 rows=484 loops=1)
                           Filter: ((unix_time >= '1685451516.956'::double precision) AND (unix_time <= '1685451576.956'::double precision) AND st_dwithin(st_transform(the_geom, 25833), '0101000020E9640000AC03234D5FE12341E84FE4FD100C5741'::geometry, '300'::double precision))
                           Rows Removed by Filter: 3176
   ->  Subquery Scan on "*SELECT* 690"  (cost=165745.69..165745.70 rows=1 width=76) (actual time=0.722..0.723 rows=1 loops=1)
         ->  Limit  (cost=165745.69..165745.69 rows=1 width=84) (actual time=0.718..0.719 rows=1 loops=1)
               ->  Sort  (cost=165745.69..165745.69 rows=1 width=84) (actual time=0.716..0.717 rows=1 loops=1)
                     Sort Key: (st_distance(st_transform(s_689.the_geom, 25833), '0101000020E9640000299DDAA360E1234149956CB10F0C5741'::geometry))
                     Sort Method: top-N heapsort  Memory: 25kB
                     ->  Seq Scan on phoml_trajectory_tmp s_689  (cost=0.00..165745.68 rows=1 width=84) (actual time=0.041..0.643 rows=484 loops=1)
                           Filter: ((unix_time >= '1685451517.543'::double precision) AND (unix_time <= '1685451577.543'::double precision) AND st_dwithin(st_transform(the_geom, 25833), '0101000020E9640000299DDAA360E1234149956CB10F0C5741'::geometry, '300'::double precision))
                           Rows Removed by Filter: 3176
   ->  Subquery Scan on "*SELECT* 691"  (cost=165745.69..165745.70 rows=1 width=76) (actual time=0.705..0.706 rows=1 loops=1)
         ->  Limit  (cost=165745.69..165745.69 rows=1 width=84) (actual time=0.702..0.702 rows=1 loops=1)
               ->  Sort  (cost=165745.69..165745.69 rows=1 width=84) (actual time=0.700..0.700 rows=1 loops=1)
                     Sort Key: (st_distance(st_transform(s_690.the_geom, 25833), '0101000020E96400009B34353A62E123419A0D556F0E0C5741'::geometry))
                     Sort Method: top-N heapsort  Memory: 25kB
                     ->  Seq Scan on phoml_trajectory_tmp s_690  (cost=0.00..165745.68 rows=1 width=84) (actual time=0.042..0.620 rows=480 loops=1)
                           Filter: ((unix_time >= '1685451518.159'::double precision) AND (unix_time <= '1685451578.159'::double precision) AND st_dwithin(st_transform(the_geom, 25833), '0101000020E96400009B34353A62E123419A0D556F0E0C5741'::geometry, '300'::double precision))
                           Rows Removed by Filter: 3180
   ->  Subquery Scan on "*SELECT* 692"  (cost=165745.69..165745.70 rows=1 width=76) (actual time=0.686..0.687 rows=1 loops=1)
         ->  Limit  (cost=165745.69..165745.69 rows=1 width=84) (actual time=0.684..0.684 rows=1 loops=1)
               ->  Sort  (cost=165745.69..165745.69 rows=1 width=84) (actual time=0.682..0.682 rows=1 loops=1)
                     Sort Key: (st_distance(st_transform(s_691.the_geom, 25833), '0101000020E9640000BF9241DF63E123419BB4B13A0D0C5741'::geometry))
                     Sort Method: top-N heapsort  Memory: 25kB
                     ->  Seq Scan on phoml_trajectory_tmp s_691  (cost=0.00..165745.68 rows=1 width=84) (actual time=0.038..0.609 rows=484 loops=1)
                           Filter: ((unix_time >= '1685451518.789'::double precision) AND (unix_time <= '1685451578.789'::double precision) AND st_dwithin(st_transform(the_geom, 25833), '0101000020E9640000BF9241DF63E123419BB4B13A0D0C5741'::geometry, '300'::double precision))
                           Rows Removed by Filter: 3176
   ->  Subquery Scan on "*SELECT* 693"  (cost=165745.69..165745.70 rows=1 width=76) (actual time=0.708..0.709 rows=1 loops=1)
         ->  Limit  (cost=165745.69..165745.69 rows=1 width=84) (actual time=0.702..0.703 rows=1 loops=1)
               ->  Sort  (cost=165745.69..165745.69 rows=1 width=84) (actual time=0.700..0.701 rows=1 loops=1)
                     Sort Key: (st_distance(st_transform(s_692.the_geom, 25833), '0101000020E96400002F1E83A965E12341D5EB180F0C0C5741'::geometry))
                     Sort Method: top-N heapsort  Memory: 25kB
                     ->  Seq Scan on phoml_trajectory_tmp s_692  (cost=0.00..165745.68 rows=1 width=84) (actual time=0.038..0.624 rows=484 loops=1)
                           Filter: ((unix_time >= '1685451519.433'::double precision) AND (unix_time <= '1685451579.433'::double precision) AND st_dwithin(st_transform(the_geom, 25833), '0101000020E96400002F1E83A965E12341D5EB180F0C0C5741'::geometry, '300'::double precision))
                           Rows Removed by Filter: 3176
   ->  Subquery Scan on "*SELECT* 694"  (cost=165745.69..165745.70 rows=1 width=76) (actual time=0.726..0.727 rows=1 loops=1)
         ->  Limit  (cost=165745.69..165745.69 rows=1 width=84) (actual time=0.722..0.723 rows=1 loops=1)
               ->  Sort  (cost=165745.69..165745.69 rows=1 width=84) (actual time=0.715..0.716 rows=1 loops=1)
                     Sort Key: (st_distance(st_transform(s_693.the_geom, 25833), '0101000020E9640000CD808B9D67E123411FC604DF0A0C5741'::geometry))
                     Sort Method: top-N heapsort  Memory: 25kB
                     ->  Seq Scan on phoml_trajectory_tmp s_693  (cost=0.00..165745.68 rows=1 width=84) (actual time=0.053..0.639 rows=484 loops=1)
                           Filter: ((unix_time >= '1685451520.093'::double precision) AND (unix_time <= '1685451580.093'::double precision) AND st_dwithin(st_transform(the_geom, 25833), '0101000020E9640000CD808B9D67E123411FC604DF0A0C5741'::geometry, '300'::double precision))
                           Rows Removed by Filter: 3176
   ->  Subquery Scan on "*SELECT* 695"  (cost=165745.69..165745.70 rows=1 width=76) (actual time=0.700..0.701 rows=1 loops=1)
         ->  Limit  (cost=165745.69..165745.69 rows=1 width=84) (actual time=0.698..0.699 rows=1 loops=1)
               ->  Sort  (cost=165745.69..165745.69 rows=1 width=84) (actual time=0.696..0.696 rows=1 loops=1)
                     Sort Key: (st_distance(st_transform(s_694.the_geom, 25833), '0101000020E9640000B665BE7469E12341068449A6090C5741'::geometry))
                     Sort Method: top-N heapsort  Memory: 25kB
                     ->  Seq Scan on phoml_trajectory_tmp s_694  (cost=0.00..165745.68 rows=1 width=84) (actual time=0.043..0.621 rows=484 loops=1)
                           Filter: ((unix_time >= '1685451520.776'::double precision) AND (unix_time <= '1685451580.776'::double precision) AND st_dwithin(st_transform(the_geom, 25833), '0101000020E9640000B665BE7469E12341068449A6090C5741'::geometry, '300'::double precision))
                           Rows Removed by Filter: 3176
   ->  Subquery Scan on "*SELECT* 696"  (cost=165745.69..165745.70 rows=1 width=76) (actual time=0.698..0.699 rows=1 loops=1)
         ->  Limit  (cost=165745.69..165745.69 rows=1 width=84) (actual time=0.694..0.695 rows=1 loops=1)
               ->  Sort  (cost=165745.69..165745.69 rows=1 width=84) (actual time=0.692..0.693 rows=1 loops=1)
                     Sort Key: (st_distance(st_transform(s_695.the_geom, 25833), '0101000020E9640000CB498A826BE12341F7222183080C5741'::geometry))
                     Sort Method: top-N heapsort  Memory: 25kB
                     ->  Seq Scan on phoml_trajectory_tmp s_695  (cost=0.00..165745.68 rows=1 width=84) (actual time=0.037..0.620 rows=484 loops=1)
                           Filter: ((unix_time >= '1685451521.466'::double precision) AND (unix_time <= '1685451581.466'::double precision) AND st_dwithin(st_transform(the_geom, 25833), '0101000020E9640000CB498A826BE12341F7222183080C5741'::geometry, '300'::double precision))
                           Rows Removed by Filter: 3176
   ->  Subquery Scan on "*SELECT* 697"  (cost=165745.69..165745.70 rows=1 width=76) (actual time=0.698..0.699 rows=1 loops=1)
         ->  Limit  (cost=165745.69..165745.69 rows=1 width=84) (actual time=0.694..0.695 rows=1 loops=1)
               ->  Sort  (cost=165745.69..165745.69 rows=1 width=84) (actual time=0.692..0.693 rows=1 loops=1)
                     Sort Key: (st_distance(st_transform(s_696.the_geom, 25833), '0101000020E96400007A50E7AF6DE12341DDE77966070C5741'::geometry))
                     Sort Method: top-N heapsort  Memory: 25kB
                     ->  Seq Scan on phoml_trajectory_tmp s_696  (cost=0.00..165745.68 rows=1 width=84) (actual time=0.035..0.620 rows=484 loops=1)
                           Filter: ((unix_time >= '1685451522.178'::double precision) AND (unix_time <= '1685451582.178'::double precision) AND st_dwithin(st_transform(the_geom, 25833), '0101000020E96400007A50E7AF6DE12341DDE77966070C5741'::geometry, '300'::double precision))
                           Rows Removed by Filter: 3176
   ->  Subquery Scan on "*SELECT* 698"  (cost=165745.69..165745.70 rows=1 width=76) (actual time=0.700..0.702 rows=1 loops=1)
         ->  Limit  (cost=165745.69..165745.69 rows=1 width=84) (actual time=0.697..0.698 rows=1 loops=1)
               ->  Sort  (cost=165745.69..165745.69 rows=1 width=84) (actual time=0.695..0.696 rows=1 loops=1)
                     Sort Key: (st_distance(st_transform(s_697.the_geom, 25833), '0101000020E9640000C471982C70E123410FAAE64D060C5741'::geometry))
                     Sort Method: top-N heapsort  Memory: 25kB
                     ->  Seq Scan on phoml_trajectory_tmp s_697  (cost=0.00..165745.68 rows=1 width=84) (actual time=0.039..0.622 rows=484 loops=1)
                           Filter: ((unix_time >= '1685451522.918'::double precision) AND (unix_time <= '1685451582.918'::double precision) AND st_dwithin(st_transform(the_geom, 25833), '0101000020E9640000C471982C70E123410FAAE64D060C5741'::geometry, '300'::double precision))
                           Rows Removed by Filter: 3176
   ->  Subquery Scan on "*SELECT* 699"  (cost=165745.69..165745.70 rows=1 width=76) (actual time=0.688..0.689 rows=1 loops=1)
         ->  Limit  (cost=165745.69..165745.69 rows=1 width=84) (actual time=0.685..0.686 rows=1 loops=1)
               ->  Sort  (cost=165745.69..165745.69 rows=1 width=84) (actual time=0.683..0.684 rows=1 loops=1)
                     Sort Key: (st_distance(st_transform(s_698.the_geom, 25833), '0101000020E964000071732F8872E1234170D4591E050C5741'::geometry))
                     Sort Method: top-N heapsort  Memory: 25kB
                     ->  Seq Scan on phoml_trajectory_tmp s_698  (cost=0.00..165745.68 rows=1 width=84) (actual time=0.035..0.610 rows=484 loops=1)
                           Filter: ((unix_time >= '1685451523.622'::double precision) AND (unix_time <= '1685451583.622'::double precision) AND st_dwithin(st_transform(the_geom, 25833), '0101000020E964000071732F8872E1234170D4591E050C5741'::geometry, '300'::double precision))
                           Rows Removed by Filter: 3176
   ->  Subquery Scan on "*SELECT* 700"  (cost=165745.69..165745.70 rows=1 width=76) (actual time=0.694..0.695 rows=1 loops=1)
         ->  Limit  (cost=165745.69..165745.69 rows=1 width=84) (actual time=0.691..0.691 rows=1 loops=1)
               ->  Sort  (cost=165745.69..165745.69 rows=1 width=84) (actual time=0.689..0.689 rows=1 loops=1)
                     Sort Key: (st_distance(st_transform(s_699.the_geom, 25833), '0101000020E9640000225D22AB74E123419F3834DC030C5741'::geometry))
                     Sort Method: top-N heapsort  Memory: 25kB
                     ->  Seq Scan on phoml_trajectory_tmp s_699  (cost=0.00..165745.68 rows=1 width=84) (actual time=0.034..0.616 rows=484 loops=1)
                           Filter: ((unix_time >= '1685451524.283'::double precision) AND (unix_time <= '1685451584.283'::double precision) AND st_dwithin(st_transform(the_geom, 25833), '0101000020E9640000225D22AB74E123419F3834DC030C5741'::geometry, '300'::double precision))
                           Rows Removed by Filter: 3176
   ->  Subquery Scan on "*SELECT* 701"  (cost=165745.69..165745.70 rows=1 width=76) (actual time=0.701..0.702 rows=1 loops=1)
         ->  Limit  (cost=165745.69..165745.69 rows=1 width=84) (actual time=0.697..0.698 rows=1 loops=1)
               ->  Sort  (cost=165745.69..165745.69 rows=1 width=84) (actual time=0.695..0.696 rows=1 loops=1)
                     Sort Key: (st_distance(st_transform(s_700.the_geom, 25833), '0101000020E96400007D72F5B376E123414735C99B020C5741'::geometry))
                     Sort Method: top-N heapsort  Memory: 25kB
                     ->  Seq Scan on phoml_trajectory_tmp s_700  (cost=0.00..165745.68 rows=1 width=84) (actual time=0.036..0.620 rows=484 loops=1)
                           Filter: ((unix_time >= '1685451524.913'::double precision) AND (unix_time <= '1685451584.913'::double precision) AND st_dwithin(st_transform(the_geom, 25833), '0101000020E96400007D72F5B376E123414735C99B020C5741'::geometry, '300'::double precision))
                           Rows Removed by Filter: 3176
   ->  Subquery Scan on "*SELECT* 702"  (cost=165745.69..165745.70 rows=1 width=76) (actual time=0.688..0.689 rows=1 loops=1)
         ->  Limit  (cost=165745.69..165745.69 rows=1 width=84) (actual time=0.686..0.687 rows=1 loops=1)
               ->  Sort  (cost=165745.69..165745.69 rows=1 width=84) (actual time=0.684..0.684 rows=1 loops=1)
                     Sort Key: (st_distance(st_transform(s_701.the_geom, 25833), '0101000020E96400009B92E44278E12341ED15A73F010C5741'::geometry))
                     Sort Method: top-N heapsort  Memory: 25kB
                     ->  Seq Scan on phoml_trajectory_tmp s_701  (cost=0.00..165745.68 rows=1 width=84) (actual time=0.036..0.612 rows=484 loops=1)
                           Filter: ((unix_time >= '1685451525.494'::double precision) AND (unix_time <= '1685451585.494'::double precision) AND st_dwithin(st_transform(the_geom, 25833), '0101000020E96400009B92E44278E12341ED15A73F010C5741'::geometry, '300'::double precision))
                           Rows Removed by Filter: 3176
   ->  Subquery Scan on "*SELECT* 703"  (cost=165745.69..165745.70 rows=1 width=76) (actual time=0.790..0.791 rows=1 loops=1)
         ->  Limit  (cost=165745.69..165745.69 rows=1 width=84) (actual time=0.787..0.787 rows=1 loops=1)
               ->  Sort  (cost=165745.69..165745.69 rows=1 width=84) (actual time=0.785..0.785 rows=1 loops=1)
                     Sort Key: (st_distance(st_transform(s_702.the_geom, 25833), '0101000020E96400004E27F8AC79E123416CF183DCFF0B5741'::geometry))
                     Sort Method: top-N heapsort  Memory: 25kB
                     ->  Seq Scan on phoml_trajectory_tmp s_702  (cost=0.00..165745.68 rows=1 width=84) (actual time=0.134..0.712 rows=484 loops=1)
                           Filter: ((unix_time >= '1685451526.074'::double precision) AND (unix_time <= '1685451586.074'::double precision) AND st_dwithin(st_transform(the_geom, 25833), '0101000020E96400004E27F8AC79E123416CF183DCFF0B5741'::geometry, '300'::double precision))
                           Rows Removed by Filter: 3176
   ->  Subquery Scan on "*SELECT* 704"  (cost=165745.69..165745.70 rows=1 width=76) (actual time=0.708..0.710 rows=1 loops=1)
         ->  Limit  (cost=165745.69..165745.69 rows=1 width=84) (actual time=0.704..0.705 rows=1 loops=1)
               ->  Sort  (cost=165745.69..165745.69 rows=1 width=84) (actual time=0.702..0.703 rows=1 loops=1)
                     Sort Key: (st_distance(st_transform(s_703.the_geom, 25833), '0101000020E96400003DE8782F7BE12341A8CE0093FE0B5741'::geometry))
                     Sort Method: top-N heapsort  Memory: 25kB
                     ->  Seq Scan on phoml_trajectory_tmp s_703  (cost=0.00..165745.68 rows=1 width=84) (actual time=0.037..0.627 rows=484 loops=1)
                           Filter: ((unix_time >= '1685451526.616'::double precision) AND (unix_time <= '1685451586.616'::double precision) AND st_dwithin(st_transform(the_geom, 25833), '0101000020E96400003DE8782F7BE12341A8CE0093FE0B5741'::geometry, '300'::double precision))
                           Rows Removed by Filter: 3176
   ->  Subquery Scan on "*SELECT* 705"  (cost=165745.69..165745.70 rows=1 width=76) (actual time=0.681..0.682 rows=1 loops=1)
         ->  Limit  (cost=165745.69..165745.69 rows=1 width=84) (actual time=0.678..0.679 rows=1 loops=1)
               ->  Sort  (cost=165745.69..165745.69 rows=1 width=84) (actual time=0.676..0.677 rows=1 loops=1)
                     Sort Key: (st_distance(st_transform(s_704.the_geom, 25833), '0101000020E9640000D6ED72FB7CE123414CFF694FFD0B5741'::geometry))
                     Sort Method: top-N heapsort  Memory: 25kB
                     ->  Seq Scan on phoml_trajectory_tmp s_704  (cost=0.00..165745.68 rows=1 width=84) (actual time=0.039..0.604 rows=480 loops=1)
                           Filter: ((unix_time >= '1685451527.155'::double precision) AND (unix_time <= '1685451587.155'::double precision) AND st_dwithin(st_transform(the_geom, 25833), '0101000020E9640000D6ED72FB7CE123414CFF694FFD0B5741'::geometry, '300'::double precision))
                           Rows Removed by Filter: 3180
   ->  Subquery Scan on "*SELECT* 706"  (cost=165745.69..165745.70 rows=1 width=76) (actual time=0.718..0.720 rows=1 loops=1)
         ->  Limit  (cost=165745.69..165745.69 rows=1 width=84) (actual time=0.715..0.715 rows=1 loops=1)
               ->  Sort  (cost=165745.69..165745.69 rows=1 width=84) (actual time=0.713..0.713 rows=1 loops=1)
                     Sort Key: (st_distance(st_transform(s_705.the_geom, 25833), '0101000020E9640000A86918DA7EE12341CE12E728FC0B5741'::geometry))
                     Sort Method: top-N heapsort  Memory: 25kB
                     ->  Seq Scan on phoml_trajectory_tmp s_705  (cost=0.00..165745.68 rows=1 width=84) (actual time=0.035..0.639 rows=484 loops=1)
                           Filter: ((unix_time >= '1685451527.655'::double precision) AND (unix_time <= '1685451587.655'::double precision) AND st_dwithin(st_transform(the_geom, 25833), '0101000020E9640000A86918DA7EE12341CE12E728FC0B5741'::geometry, '300'::double precision))
                           Rows Removed by Filter: 3176
   ->  Subquery Scan on "*SELECT* 707"  (cost=165745.69..165745.70 rows=1 width=76) (actual time=0.708..0.709 rows=1 loops=1)
         ->  Limit  (cost=165745.69..165745.69 rows=1 width=84) (actual time=0.705..0.705 rows=1 loops=1)
               ->  Sort  (cost=165745.69..165745.69 rows=1 width=84) (actual time=0.703..0.703 rows=1 loops=1)
                     Sort Key: (st_distance(st_transform(s_706.the_geom, 25833), '0101000020E9640000D9C5E5CD80E1234112FCE6F8FA0B5741'::geometry))
                     Sort Method: top-N heapsort  Memory: 25kB
                     ->  Seq Scan on phoml_trajectory_tmp s_706  (cost=0.00..165745.68 rows=1 width=84) (actual time=0.035..0.627 rows=484 loops=1)
                           Filter: ((unix_time >= '1685451528.152'::double precision) AND (unix_time <= '1685451588.152'::double precision) AND st_dwithin(st_transform(the_geom, 25833), '0101000020E9640000D9C5E5CD80E1234112FCE6F8FA0B5741'::geometry, '300'::double precision))
                           Rows Removed by Filter: 3176
   ->  Subquery Scan on "*SELECT* 708"  (cost=165745.69..165745.70 rows=1 width=76) (actual time=0.693..0.694 rows=1 loops=1)
         ->  Limit  (cost=165745.69..165745.69 rows=1 width=84) (actual time=0.690..0.691 rows=1 loops=1)
               ->  Sort  (cost=165745.69..165745.69 rows=1 width=84) (actual time=0.688..0.688 rows=1 loops=1)
                     Sort Key: (st_distance(st_transform(s_707.the_geom, 25833), '0101000020E9640000ED297AD782E123413CE6D1CCF90B5741'::geometry))
                     Sort Method: top-N heapsort  Memory: 25kB
                     ->  Seq Scan on phoml_trajectory_tmp s_707  (cost=0.00..165745.68 rows=1 width=84) (actual time=0.038..0.611 rows=484 loops=1)
                           Filter: ((unix_time >= '1685451528.632'::double precision) AND (unix_time <= '1685451588.632'::double precision) AND st_dwithin(st_transform(the_geom, 25833), '0101000020E9640000ED297AD782E123413CE6D1CCF90B5741'::geometry, '300'::double precision))
                           Rows Removed by Filter: 3176
   ->  Subquery Scan on "*SELECT* 709"  (cost=165745.69..165745.70 rows=1 width=76) (actual time=0.698..0.699 rows=1 loops=1)
         ->  Limit  (cost=165745.69..165745.69 rows=1 width=84) (actual time=0.695..0.696 rows=1 loops=1)
               ->  Sort  (cost=165745.69..165745.69 rows=1 width=84) (actual time=0.693..0.693 rows=1 loops=1)
                     Sort Key: (st_distance(st_transform(s_708.the_geom, 25833), '0101000020E9640000C9C93FCE84E12341942C279CF80B5741'::geometry))
                     Sort Method: top-N heapsort  Memory: 25kB
                     ->  Seq Scan on phoml_trajectory_tmp s_708  (cost=0.00..165745.68 rows=1 width=84) (actual time=0.036..0.619 rows=484 loops=1)
                           Filter: ((unix_time >= '1685451529.102'::double precision) AND (unix_time <= '1685451589.102'::double precision) AND st_dwithin(st_transform(the_geom, 25833), '0101000020E9640000C9C93FCE84E12341942C279CF80B5741'::geometry, '300'::double precision))
                           Rows Removed by Filter: 3176
   ->  Subquery Scan on "*SELECT* 710"  (cost=165745.69..165745.70 rows=1 width=76) (actual time=0.709..0.710 rows=1 loops=1)
         ->  Limit  (cost=165745.69..165745.69 rows=1 width=84) (actual time=0.705..0.706 rows=1 loops=1)
               ->  Sort  (cost=165745.69..165745.69 rows=1 width=84) (actual time=0.703..0.703 rows=1 loops=1)
                     Sort Key: (st_distance(st_transform(s_709.the_geom, 25833), '0101000020E9640000EE970BBD86E1234171CB3F61F70B5741'::geometry))
                     Sort Method: top-N heapsort  Memory: 25kB
                     ->  Seq Scan on phoml_trajectory_tmp s_709  (cost=0.00..165745.68 rows=1 width=84) (actual time=0.037..0.630 rows=484 loops=1)
                           Filter: ((unix_time >= '1685451529.559'::double precision) AND (unix_time <= '1685451589.559'::double precision) AND st_dwithin(st_transform(the_geom, 25833), '0101000020E9640000EE970BBD86E1234171CB3F61F70B5741'::geometry, '300'::double precision))
                           Rows Removed by Filter: 3176
   ->  Subquery Scan on "*SELECT* 711"  (cost=165745.69..165745.70 rows=1 width=76) (actual time=0.702..0.703 rows=1 loops=1)
         ->  Limit  (cost=165745.69..165745.69 rows=1 width=84) (actual time=0.699..0.700 rows=1 loops=1)
               ->  Sort  (cost=165745.69..165745.69 rows=1 width=84) (actual time=0.696..0.697 rows=1 loops=1)
                     Sort Key: (st_distance(st_transform(s_710.the_geom, 25833), '0101000020E9640000B4B4CFC588E12341172B282BF60B5741'::geometry))
                     Sort Method: top-N heapsort  Memory: 25kB
                     ->  Seq Scan on phoml_trajectory_tmp s_710  (cost=0.00..165745.68 rows=1 width=84) (actual time=0.036..0.624 rows=484 loops=1)
                           Filter: ((unix_time >= '1685451530.009'::double precision) AND (unix_time <= '1685451590.009'::double precision) AND st_dwithin(st_transform(the_geom, 25833), '0101000020E9640000B4B4CFC588E12341172B282BF60B5741'::geometry, '300'::double precision))
                           Rows Removed by Filter: 3176
   ->  Subquery Scan on "*SELECT* 712"  (cost=165745.69..165745.70 rows=1 width=76) (actual time=0.706..0.707 rows=1 loops=1)
         ->  Limit  (cost=165745.69..165745.69 rows=1 width=84) (actual time=0.703..0.704 rows=1 loops=1)
               ->  Sort  (cost=165745.69..165745.69 rows=1 width=84) (actual time=0.701..0.701 rows=1 loops=1)
                     Sort Key: (st_distance(st_transform(s_711.the_geom, 25833), '0101000020E9640000F18104E98AE123415249C5FDF40B5741'::geometry))
                     Sort Method: top-N heapsort  Memory: 25kB
                     ->  Seq Scan on phoml_trajectory_tmp s_711  (cost=0.00..165745.68 rows=1 width=84) (actual time=0.049..0.624 rows=484 loops=1)
                           Filter: ((unix_time >= '1685451530.437'::double precision) AND (unix_time <= '1685451590.437'::double precision) AND st_dwithin(st_transform(the_geom, 25833), '0101000020E9640000F18104E98AE123415249C5FDF40B5741'::geometry, '300'::double precision))
                           Rows Removed by Filter: 3176
   ->  Subquery Scan on "*SELECT* 713"  (cost=165745.69..165745.70 rows=1 width=76) (actual time=0.701..0.702 rows=1 loops=1)
         ->  Limit  (cost=165745.69..165745.69 rows=1 width=84) (actual time=0.698..0.698 rows=1 loops=1)
               ->  Sort  (cost=165745.69..165745.69 rows=1 width=84) (actual time=0.696..0.696 rows=1 loops=1)
                     Sort Key: (st_distance(st_transform(s_712.the_geom, 25833), '0101000020E9640000F11B91228DE123418BF8B4D7F30B5741'::geometry))
                     Sort Method: top-N heapsort  Memory: 25kB
                     ->  Seq Scan on phoml_trajectory_tmp s_712  (cost=0.00..165745.68 rows=1 width=84) (actual time=0.036..0.623 rows=484 loops=1)
                           Filter: ((unix_time >= '1685451530.857'::double precision) AND (unix_time <= '1685451590.857'::double precision) AND st_dwithin(st_transform(the_geom, 25833), '0101000020E9640000F11B91228DE123418BF8B4D7F30B5741'::geometry, '300'::double precision))
                           Rows Removed by Filter: 3176
   ->  Subquery Scan on "*SELECT* 714"  (cost=165745.69..165745.70 rows=1 width=76) (actual time=0.698..0.699 rows=1 loops=1)
         ->  Limit  (cost=165745.69..165745.69 rows=1 width=84) (actual time=0.694..0.695 rows=1 loops=1)
               ->  Sort  (cost=165745.69..165745.69 rows=1 width=84) (actual time=0.692..0.693 rows=1 loops=1)
                     Sort Key: (st_distance(st_transform(s_713.the_geom, 25833), '0101000020E96400007CFF0C4E8FE12341A87FF9ADF20B5741'::geometry))
                     Sort Method: top-N heapsort  Memory: 25kB
                     ->  Seq Scan on phoml_trajectory_tmp s_713  (cost=0.00..165745.68 rows=1 width=84) (actual time=0.036..0.620 rows=484 loops=1)
                           Filter: ((unix_time >= '1685451531.263'::double precision) AND (unix_time <= '1685451591.263'::double precision) AND st_dwithin(st_transform(the_geom, 25833), '0101000020E96400007CFF0C4E8FE12341A87FF9ADF20B5741'::geometry, '300'::double precision))
                           Rows Removed by Filter: 3176
   ->  Subquery Scan on "*SELECT* 715"  (cost=165745.69..165745.70 rows=1 width=76) (actual time=0.689..0.690 rows=1 loops=1)
         ->  Limit  (cost=165745.69..165745.69 rows=1 width=84) (actual time=0.687..0.688 rows=1 loops=1)
               ->  Sort  (cost=165745.69..165745.69 rows=1 width=84) (actual time=0.685..0.685 rows=1 loops=1)
                     Sort Key: (st_distance(st_transform(s_714.the_geom, 25833), '0101000020E9640000461C3EC591E12341D0EC2887F10B5741'::geometry))
                     Sort Method: top-N heapsort  Memory: 25kB
                     ->  Seq Scan on phoml_trajectory_tmp s_714  (cost=0.00..165745.68 rows=1 width=84) (actual time=0.035..0.612 rows=484 loops=1)
                           Filter: ((unix_time >= '1685451531.663'::double precision) AND (unix_time <= '1685451591.663'::double precision) AND st_dwithin(st_transform(the_geom, 25833), '0101000020E9640000461C3EC591E12341D0EC2887F10B5741'::geometry, '300'::double precision))
                           Rows Removed by Filter: 3176
   ->  Subquery Scan on "*SELECT* 716"  (cost=165745.69..165745.70 rows=1 width=76) (actual time=0.703..0.704 rows=1 loops=1)
         ->  Limit  (cost=165745.69..165745.69 rows=1 width=84) (actual time=0.699..0.700 rows=1 loops=1)
               ->  Sort  (cost=165745.69..165745.69 rows=1 width=84) (actual time=0.697..0.697 rows=1 loops=1)
                     Sort Key: (st_distance(st_transform(s_715.the_geom, 25833), '0101000020E96400002A1AF83B94E1234174905359F00B5741'::geometry))
                     Sort Method: top-N heapsort  Memory: 25kB
                     ->  Seq Scan on phoml_trajectory_tmp s_715  (cost=0.00..165745.68 rows=1 width=84) (actual time=0.035..0.623 rows=484 loops=1)
                           Filter: ((unix_time >= '1685451532.053'::double precision) AND (unix_time <= '1685451592.053'::double precision) AND st_dwithin(st_transform(the_geom, 25833), '0101000020E96400002A1AF83B94E1234174905359F00B5741'::geometry, '300'::double precision))
                           Rows Removed by Filter: 3176
   ->  Subquery Scan on "*SELECT* 717"  (cost=165745.69..165745.70 rows=1 width=76) (actual time=0.727..0.728 rows=1 loops=1)
         ->  Limit  (cost=165745.69..165745.69 rows=1 width=84) (actual time=0.721..0.722 rows=1 loops=1)
               ->  Sort  (cost=165745.69..165745.69 rows=1 width=84) (actual time=0.719..0.720 rows=1 loops=1)
                     Sort Key: (st_distance(st_transform(s_716.the_geom, 25833), '0101000020E9640000E362A8D396E123415CD4763BEF0B5741'::geometry))
                     Sort Method: top-N heapsort  Memory: 25kB
                     ->  Seq Scan on phoml_trajectory_tmp s_716  (cost=0.00..165745.68 rows=1 width=84) (actual time=0.040..0.644 rows=484 loops=1)
                           Filter: ((unix_time >= '1685451532.423'::double precision) AND (unix_time <= '1685451592.423'::double precision) AND st_dwithin(st_transform(the_geom, 25833), '0101000020E9640000E362A8D396E123415CD4763BEF0B5741'::geometry, '300'::double precision))
                           Rows Removed by Filter: 3176
   ->  Subquery Scan on "*SELECT* 718"  (cost=165745.69..165745.70 rows=1 width=76) (actual time=0.716..0.718 rows=1 loops=1)
         ->  Limit  (cost=165745.69..165745.69 rows=1 width=84) (actual time=0.712..0.713 rows=1 loops=1)
               ->  Sort  (cost=165745.69..165745.69 rows=1 width=84) (actual time=0.708..0.708 rows=1 loops=1)
                     Sort Key: (st_distance(st_transform(s_717.the_geom, 25833), '0101000020E96400005CAF077199E12341206B7511EE0B5741'::geometry))
                     Sort Method: top-N heapsort  Memory: 25kB
                     ->  Seq Scan on phoml_trajectory_tmp s_717  (cost=0.00..165745.68 rows=1 width=84) (actual time=0.045..0.631 rows=484 loops=1)
                           Filter: ((unix_time >= '1685451532.793'::double precision) AND (unix_time <= '1685451592.793'::double precision) AND st_dwithin(st_transform(the_geom, 25833), '0101000020E96400005CAF077199E12341206B7511EE0B5741'::geometry, '300'::double precision))
                           Rows Removed by Filter: 3176
   ->  Subquery Scan on "*SELECT* 719"  (cost=165745.69..165745.70 rows=1 width=76) (actual time=0.691..0.692 rows=1 loops=1)
         ->  Limit  (cost=165745.69..165745.69 rows=1 width=84) (actual time=0.688..0.689 rows=1 loops=1)
               ->  Sort  (cost=165745.69..165745.69 rows=1 width=84) (actual time=0.686..0.687 rows=1 loops=1)
                     Sort Key: (st_distance(st_transform(s_718.the_geom, 25833), '0101000020E9640000DD0B7B4B9CE123414D928DEDEC0B5741'::geometry))
                     Sort Method: top-N heapsort  Memory: 25kB
                     ->  Seq Scan on phoml_trajectory_tmp s_718  (cost=0.00..165745.68 rows=1 width=84) (actual time=0.038..0.610 rows=484 loops=1)
                           Filter: ((unix_time >= '1685451533.164'::double precision) AND (unix_time <= '1685451593.164'::double precision) AND st_dwithin(st_transform(the_geom, 25833), '0101000020E9640000DD0B7B4B9CE123414D928DEDEC0B5741'::geometry, '300'::double precision))
                           Rows Removed by Filter: 3176
   ->  Subquery Scan on "*SELECT* 720"  (cost=165745.69..165745.70 rows=1 width=76) (actual time=0.701..0.702 rows=1 loops=1)
         ->  Limit  (cost=165745.69..165745.69 rows=1 width=84) (actual time=0.697..0.697 rows=1 loops=1)
               ->  Sort  (cost=165745.69..165745.69 rows=1 width=84) (actual time=0.694..0.695 rows=1 loops=1)
                     Sort Key: (st_distance(st_transform(s_719.the_geom, 25833), '0101000020E964000086658A089FE12341DCCE8BDAEB0B5741'::geometry))
                     Sort Method: top-N heapsort  Memory: 25kB
                     ->  Seq Scan on phoml_trajectory_tmp s_719  (cost=0.00..165745.68 rows=1 width=84) (actual time=0.035..0.623 rows=484 loops=1)
                           Filter: ((unix_time >= '1685451533.494'::double precision) AND (unix_time <= '1685451593.494'::double precision) AND st_dwithin(st_transform(the_geom, 25833), '0101000020E964000086658A089FE12341DCCE8BDAEB0B5741'::geometry, '300'::double precision))
                           Rows Removed by Filter: 3176
   ->  Subquery Scan on "*SELECT* 721"  (cost=165745.69..165745.70 rows=1 width=76) (actual time=0.711..0.712 rows=1 loops=1)
         ->  Limit  (cost=165745.69..165745.69 rows=1 width=84) (actual time=0.697..0.698 rows=1 loops=1)
               ->  Sort  (cost=165745.69..165745.69 rows=1 width=84) (actual time=0.688..0.688 rows=1 loops=1)
                     Sort Key: (st_distance(st_transform(s_720.the_geom, 25833), '0101000020E96400009EB0180FA2E12341142979BCEA0B5741'::geometry))
                     Sort Method: top-N heapsort  Memory: 25kB
                     ->  Seq Scan on phoml_trajectory_tmp s_720  (cost=0.00..165745.68 rows=1 width=84) (actual time=0.045..0.616 rows=480 loops=1)
                           Filter: ((unix_time >= '1685451533.844'::double precision) AND (unix_time <= '1685451593.844'::double precision) AND st_dwithin(st_transform(the_geom, 25833), '0101000020E96400009EB0180FA2E12341142979BCEA0B5741'::geometry, '300'::double precision))
                           Rows Removed by Filter: 3180
   ->  Subquery Scan on "*SELECT* 722"  (cost=165745.69..165745.70 rows=1 width=76) (actual time=0.690..0.691 rows=1 loops=1)
         ->  Limit  (cost=165745.69..165745.69 rows=1 width=84) (actual time=0.687..0.688 rows=1 loops=1)
               ->  Sort  (cost=165745.69..165745.69 rows=1 width=84) (actual time=0.685..0.685 rows=1 loops=1)
                     Sort Key: (st_distance(st_transform(s_721.the_geom, 25833), '0101000020E9640000B707332DA5E12341BE8FC69BE90B5741'::geometry))
                     Sort Method: top-N heapsort  Memory: 25kB
                     ->  Seq Scan on phoml_trajectory_tmp s_721  (cost=0.00..165745.68 rows=1 width=84) (actual time=0.034..0.612 rows=480 loops=1)
                           Filter: ((unix_time >= '1685451534.191'::double precision) AND (unix_time <= '1685451594.191'::double precision) AND st_dwithin(st_transform(the_geom, 25833), '0101000020E9640000B707332DA5E12341BE8FC69BE90B5741'::geometry, '300'::double precision))
                           Rows Removed by Filter: 3180
   ->  Subquery Scan on "*SELECT* 723"  (cost=165745.69..165745.70 rows=1 width=76) (actual time=0.694..0.695 rows=1 loops=1)
         ->  Limit  (cost=165745.69..165745.69 rows=1 width=84) (actual time=0.691..0.691 rows=1 loops=1)
               ->  Sort  (cost=165745.69..165745.69 rows=1 width=84) (actual time=0.689..0.689 rows=1 loops=1)
                     Sort Key: (st_distance(st_transform(s_722.the_geom, 25833), '0101000020E9640000BF869439A8E12341C1C06F83E80B5741'::geometry))
                     Sort Method: top-N heapsort  Memory: 25kB
                     ->  Seq Scan on phoml_trajectory_tmp s_722  (cost=0.00..165745.68 rows=1 width=84) (actual time=0.033..0.616 rows=480 loops=1)
                           Filter: ((unix_time >= '1685451534.521'::double precision) AND (unix_time <= '1685451594.521'::double precision) AND st_dwithin(st_transform(the_geom, 25833), '0101000020E9640000BF869439A8E12341C1C06F83E80B5741'::geometry, '300'::double precision))
                           Rows Removed by Filter: 3180
   ->  Subquery Scan on "*SELECT* 724"  (cost=165745.69..165745.70 rows=1 width=76) (actual time=0.698..0.699 rows=1 loops=1)
         ->  Limit  (cost=165745.69..165745.69 rows=1 width=84) (actual time=0.695..0.696 rows=1 loops=1)
               ->  Sort  (cost=165745.69..165745.69 rows=1 width=84) (actual time=0.693..0.694 rows=1 loops=1)
                     Sort Key: (st_distance(st_transform(s_723.the_geom, 25833), '0101000020E96400005B50C268ABE123418D44125DE70B5741'::geometry))
                     Sort Method: top-N heapsort  Memory: 25kB
                     ->  Seq Scan on phoml_trajectory_tmp s_723  (cost=0.00..165745.68 rows=1 width=84) (actual time=0.038..0.621 rows=480 loops=1)
                           Filter: ((unix_time >= '1685451534.861'::double precision) AND (unix_time <= '1685451594.861'::double precision) AND st_dwithin(st_transform(the_geom, 25833), '0101000020E96400005B50C268ABE123418D44125DE70B5741'::geometry, '300'::double precision))
                           Rows Removed by Filter: 3180
   ->  Subquery Scan on "*SELECT* 725"  (cost=165745.69..165745.70 rows=1 width=76) (actual time=0.690..0.691 rows=1 loops=1)
         ->  Limit  (cost=165745.69..165745.69 rows=1 width=84) (actual time=0.686..0.687 rows=1 loops=1)
               ->  Sort  (cost=165745.69..165745.69 rows=1 width=84) (actual time=0.684..0.684 rows=1 loops=1)
                     Sort Key: (st_distance(st_transform(s_724.the_geom, 25833), '0101000020E964000098928C92AEE123418421D044E60B5741'::geometry))
                     Sort Method: top-N heapsort  Memory: 25kB
                     ->  Seq Scan on phoml_trajectory_tmp s_724  (cost=0.00..165745.68 rows=1 width=84) (actual time=0.035..0.611 rows=480 loops=1)
                           Filter: ((unix_time >= '1685451535.184'::double precision) AND (unix_time <= '1685451595.184'::double precision) AND st_dwithin(st_transform(the_geom, 25833), '0101000020E964000098928C92AEE123418421D044E60B5741'::geometry, '300'::double precision))
                           Rows Removed by Filter: 3180
   ->  Subquery Scan on "*SELECT* 726"  (cost=165745.69..165745.70 rows=1 width=76) (actual time=0.687..0.688 rows=1 loops=1)
         ->  Limit  (cost=165745.69..165745.69 rows=1 width=84) (actual time=0.684..0.685 rows=1 loops=1)
               ->  Sort  (cost=165745.69..165745.69 rows=1 width=84) (actual time=0.682..0.682 rows=1 loops=1)
                     Sort Key: (st_distance(st_transform(s_725.the_geom, 25833), '0101000020E9640000D0B849E5B1E12341382A8F21E50B5741'::geometry))
                     Sort Method: top-N heapsort  Memory: 25kB
                     ->  Seq Scan on phoml_trajectory_tmp s_725  (cost=0.00..165745.68 rows=1 width=84) (actual time=0.034..0.608 rows=480 loops=1)
                           Filter: ((unix_time >= '1685451535.524'::double precision) AND (unix_time <= '1685451595.524'::double precision) AND st_dwithin(st_transform(the_geom, 25833), '0101000020E9640000D0B849E5B1E12341382A8F21E50B5741'::geometry, '300'::double precision))
                           Rows Removed by Filter: 3180
   ->  Subquery Scan on "*SELECT* 727"  (cost=165745.69..165745.70 rows=1 width=76) (actual time=0.677..0.679 rows=1 loops=1)
         ->  Limit  (cost=165745.69..165745.69 rows=1 width=84) (actual time=0.675..0.676 rows=1 loops=1)
               ->  Sort  (cost=165745.69..165745.69 rows=1 width=84) (actual time=0.673..0.674 rows=1 loops=1)
                     Sort Key: (st_distance(st_transform(s_726.the_geom, 25833), '0101000020E964000027CE9856B5E123416EA22306E40B5741'::geometry))
                     Sort Method: top-N heapsort  Memory: 25kB
                     ->  Seq Scan on phoml_trajectory_tmp s_726  (cost=0.00..165745.68 rows=1 width=84) (actual time=0.033..0.602 rows=484 loops=1)
                           Filter: ((unix_time >= '1685451535.854'::double precision) AND (unix_time <= '1685451595.854'::double precision) AND st_dwithin(st_transform(the_geom, 25833), '0101000020E964000027CE9856B5E123416EA22306E40B5741'::geometry, '300'::double precision))
                           Rows Removed by Filter: 3176
   ->  Subquery Scan on "*SELECT* 728"  (cost=165745.69..165745.70 rows=1 width=76) (actual time=0.703..0.704 rows=1 loops=1)
         ->  Limit  (cost=165745.69..165745.69 rows=1 width=84) (actual time=0.701..0.702 rows=1 loops=1)
               ->  Sort  (cost=165745.69..165745.69 rows=1 width=84) (actual time=0.699..0.699 rows=1 loops=1)
                     Sort Key: (st_distance(st_transform(s_727.the_geom, 25833), '0101000020E964000021360FEFB8E123411EEE5CEDE20B5741'::geometry))
                     Sort Method: top-N heapsort  Memory: 25kB
                     ->  Seq Scan on phoml_trajectory_tmp s_727  (cost=0.00..165745.68 rows=1 width=84) (actual time=0.047..0.623 rows=480 loops=1)
                           Filter: ((unix_time >= '1685451536.187'::double precision) AND (unix_time <= '1685451596.187'::double precision) AND st_dwithin(st_transform(the_geom, 25833), '0101000020E964000021360FEFB8E123411EEE5CEDE20B5741'::geometry, '300'::double precision))
                           Rows Removed by Filter: 3180
   ->  Subquery Scan on "*SELECT* 729"  (cost=165745.69..165745.70 rows=1 width=76) (actual time=0.704..0.705 rows=1 loops=1)
         ->  Limit  (cost=165745.69..165745.69 rows=1 width=84) (actual time=0.700..0.701 rows=1 loops=1)
               ->  Sort  (cost=165745.69..165745.69 rows=1 width=84) (actual time=0.698..0.699 rows=1 loops=1)
                     Sort Key: (st_distance(st_transform(s_728.the_geom, 25833), '0101000020E9640000033DFEA8BCE1234185DA6FD5E10B5741'::geometry))
                     Sort Method: top-N heapsort  Memory: 25kB
                     ->  Seq Scan on phoml_trajectory_tmp s_728  (cost=0.00..165745.68 rows=1 width=84) (actual time=0.037..0.624 rows=480 loops=1)
                           Filter: ((unix_time >= '1685451536.517'::double precision) AND (unix_time <= '1685451596.517'::double precision) AND st_dwithin(st_transform(the_geom, 25833), '0101000020E9640000033DFEA8BCE1234185DA6FD5E10B5741'::geometry, '300'::double precision))
                           Rows Removed by Filter: 3180
   ->  Subquery Scan on "*SELECT* 730"  (cost=165745.69..165745.70 rows=1 width=76) (actual time=0.701..0.703 rows=1 loops=1)
         ->  Limit  (cost=165745.69..165745.69 rows=1 width=84) (actual time=0.698..0.699 rows=1 loops=1)
               ->  Sort  (cost=165745.69..165745.69 rows=1 width=84) (actual time=0.695..0.696 rows=1 loops=1)
                     Sort Key: (st_distance(st_transform(s_729.the_geom, 25833), '0101000020E9640000A1AF8035C0E1234154214CC9E00B5741'::geometry))
                     Sort Method: top-N heapsort  Memory: 25kB
                     ->  Seq Scan on phoml_trajectory_tmp s_729  (cost=0.00..165745.68 rows=1 width=84) (actual time=0.034..0.621 rows=484 loops=1)
                           Filter: ((unix_time >= '1685451536.827'::double precision) AND (unix_time <= '1685451596.827'::double precision) AND st_dwithin(st_transform(the_geom, 25833), '0101000020E9640000A1AF8035C0E1234154214CC9E00B5741'::geometry, '300'::double precision))
                           Rows Removed by Filter: 3176
   ->  Subquery Scan on "*SELECT* 731"  (cost=165745.69..165745.70 rows=1 width=76) (actual time=0.682..0.683 rows=1 loops=1)
         ->  Limit  (cost=165745.69..165745.69 rows=1 width=84) (actual time=0.680..0.681 rows=1 loops=1)
               ->  Sort  (cost=165745.69..165745.69 rows=1 width=84) (actual time=0.679..0.679 rows=1 loops=1)
                     Sort Key: (st_distance(st_transform(s_730.the_geom, 25833), '0101000020E964000096CA152CC4E123417C3A6BA8DF0B5741'::geometry))
                     Sort Method: top-N heapsort  Memory: 25kB
                     ->  Seq Scan on phoml_trajectory_tmp s_730  (cost=0.00..165745.68 rows=1 width=84) (actual time=0.037..0.604 rows=484 loops=1)
                           Filter: ((unix_time >= '1685451537.173'::double precision) AND (unix_time <= '1685451597.173'::double precision) AND st_dwithin(st_transform(the_geom, 25833), '0101000020E964000096CA152CC4E123417C3A6BA8DF0B5741'::geometry, '300'::double precision))
                           Rows Removed by Filter: 3176
   ->  Subquery Scan on "*SELECT* 732"  (cost=165745.69..165745.70 rows=1 width=76) (actual time=0.693..0.694 rows=1 loops=1)
         ->  Limit  (cost=165745.69..165745.69 rows=1 width=84) (actual time=0.689..0.689 rows=1 loops=1)
               ->  Sort  (cost=165745.69..165745.69 rows=1 width=84) (actual time=0.686..0.686 rows=1 loops=1)
                     Sort Key: (st_distance(st_transform(s_731.the_geom, 25833), '0101000020E9640000C10D371CC8E1234195B3C88DDE0B5741'::geometry))
                     Sort Method: top-N heapsort  Memory: 25kB
                     ->  Seq Scan on phoml_trajectory_tmp s_731  (cost=0.00..165745.68 rows=1 width=84) (actual time=0.034..0.614 rows=484 loops=1)
                           Filter: ((unix_time >= '1685451537.503'::double precision) AND (unix_time <= '1685451597.503'::double precision) AND st_dwithin(st_transform(the_geom, 25833), '0101000020E9640000C10D371CC8E1234195B3C88DDE0B5741'::geometry, '300'::double precision))
                           Rows Removed by Filter: 3176
   ->  Subquery Scan on "*SELECT* 733"  (cost=165745.69..165745.70 rows=1 width=76) (actual time=0.703..0.704 rows=1 loops=1)
         ->  Limit  (cost=165745.69..165745.69 rows=1 width=84) (actual time=0.699..0.700 rows=1 loops=1)
               ->  Sort  (cost=165745.69..165745.69 rows=1 width=84) (actual time=0.697..0.697 rows=1 loops=1)
                     Sort Key: (st_distance(st_transform(s_732.the_geom, 25833), '0101000020E9640000306646FFCBE1234174035C75DD0B5741'::geometry))
                     Sort Method: top-N heapsort  Memory: 25kB
                     ->  Seq Scan on phoml_trajectory_tmp s_732  (cost=0.00..165745.68 rows=1 width=84) (actual time=0.035..0.619 rows=484 loops=1)
                           Filter: ((unix_time >= '1685451537.833'::double precision) AND (unix_time <= '1685451597.833'::double precision) AND st_dwithin(st_transform(the_geom, 25833), '0101000020E9640000306646FFCBE1234174035C75DD0B5741'::geometry, '300'::double precision))
                           Rows Removed by Filter: 3176
   ->  Subquery Scan on "*SELECT* 734"  (cost=165745.69..165745.70 rows=1 width=76) (actual time=0.689..0.690 rows=1 loops=1)
         ->  Limit  (cost=165745.69..165745.69 rows=1 width=84) (actual time=0.687..0.688 rows=1 loops=1)
               ->  Sort  (cost=165745.69..165745.69 rows=1 width=84) (actual time=0.685..0.685 rows=1 loops=1)
                     Sort Key: (st_distance(st_transform(s_733.the_geom, 25833), '0101000020E9640000781340FDCFE1234110D40F58DC0B5741'::geometry))
                     Sort Method: top-N heapsort  Memory: 25kB
                     ->  Seq Scan on phoml_trajectory_tmp s_733  (cost=0.00..165745.68 rows=1 width=84) (actual time=0.037..0.611 rows=484 loops=1)
                           Filter: ((unix_time >= '1685451538.168'::double precision) AND (unix_time <= '1685451598.168'::double precision) AND st_dwithin(st_transform(the_geom, 25833), '0101000020E9640000781340FDCFE1234110D40F58DC0B5741'::geometry, '300'::double precision))
                           Rows Removed by Filter: 3176
   ->  Subquery Scan on "*SELECT* 735"  (cost=165745.69..165745.70 rows=1 width=76) (actual time=0.728..0.730 rows=1 loops=1)
         ->  Limit  (cost=165745.69..165745.69 rows=1 width=84) (actual time=0.725..0.726 rows=1 loops=1)
               ->  Sort  (cost=165745.69..165745.69 rows=1 width=84) (actual time=0.723..0.724 rows=1 loops=1)
                     Sort Key: (st_distance(st_transform(s_734.the_geom, 25833), '0101000020E9640000DCB433D7D3E123412B10A53FDB0B5741'::geometry))
                     Sort Method: top-N heapsort  Memory: 25kB
                     ->  Seq Scan on phoml_trajectory_tmp s_734  (cost=0.00..165745.68 rows=1 width=84) (actual time=0.035..0.643 rows=484 loops=1)
                           Filter: ((unix_time >= '1685451538.488'::double precision) AND (unix_time <= '1685451598.488'::double precision) AND st_dwithin(st_transform(the_geom, 25833), '0101000020E9640000DCB433D7D3E123412B10A53FDB0B5741'::geometry, '300'::double precision))
                           Rows Removed by Filter: 3176
   ->  Subquery Scan on "*SELECT* 736"  (cost=165745.69..165745.70 rows=1 width=76) (actual time=0.671..0.672 rows=1 loops=1)
         ->  Limit  (cost=165745.69..165745.69 rows=1 width=84) (actual time=0.668..0.669 rows=1 loops=1)
               ->  Sort  (cost=165745.69..165745.69 rows=1 width=84) (actual time=0.666..0.667 rows=1 loops=1)
                     Sort Key: (st_distance(st_transform(s_735.the_geom, 25833), '0101000020E964000090E7EEF4D7E12341581A9719DA0B5741'::geometry))
                     Sort Method: top-N heapsort  Memory: 25kB
                     ->  Seq Scan on phoml_trajectory_tmp s_735  (cost=0.00..165745.68 rows=1 width=84) (actual time=0.036..0.595 rows=484 loops=1)
                           Filter: ((unix_time >= '1685451538.828'::double precision) AND (unix_time <= '1685451598.828'::double precision) AND st_dwithin(st_transform(the_geom, 25833), '0101000020E964000090E7EEF4D7E12341581A9719DA0B5741'::geometry, '300'::double precision))
                           Rows Removed by Filter: 3176
   ->  Subquery Scan on "*SELECT* 737"  (cost=165745.69..165745.70 rows=1 width=76) (actual time=0.680..0.681 rows=1 loops=1)
         ->  Limit  (cost=165745.69..165745.69 rows=1 width=84) (actual time=0.677..0.678 rows=1 loops=1)
               ->  Sort  (cost=165745.69..165745.69 rows=1 width=84) (actual time=0.674..0.675 rows=1 loops=1)
                     Sort Key: (st_distance(st_transform(s_736.the_geom, 25833), '0101000020E964000028D4000FDCE12341B49B74F9D80B5741'::geometry))
                     Sort Method: top-N heapsort  Memory: 25kB
                     ->  Seq Scan on phoml_trajectory_tmp s_736  (cost=0.00..165745.68 rows=1 width=84) (actual time=0.036..0.604 rows=484 loops=1)
                           Filter: ((unix_time >= '1685451539.163'::double precision) AND (unix_time <= '1685451599.163'::double precision) AND st_dwithin(st_transform(the_geom, 25833), '0101000020E964000028D4000FDCE12341B49B74F9D80B5741'::geometry, '300'::double precision))
                           Rows Removed by Filter: 3176
   ->  Subquery Scan on "*SELECT* 738"  (cost=165745.69..165745.70 rows=1 width=76) (actual time=0.684..0.685 rows=1 loops=1)
         ->  Limit  (cost=165745.69..165745.69 rows=1 width=84) (actual time=0.681..0.682 rows=1 loops=1)
               ->  Sort  (cost=165745.69..165745.69 rows=1 width=84) (actual time=0.679..0.679 rows=1 loops=1)
                     Sort Key: (st_distance(st_transform(s_737.the_geom, 25833), '0101000020E9640000F465B301E0E12341AA4FB5DCD70B5741'::geometry))
                     Sort Method: top-N heapsort  Memory: 25kB
                     ->  Seq Scan on phoml_trajectory_tmp s_737  (cost=0.00..165745.68 rows=1 width=84) (actual time=0.036..0.606 rows=484 loops=1)
                           Filter: ((unix_time >= '1685451539.493'::double precision) AND (unix_time <= '1685451599.493'::double precision) AND st_dwithin(st_transform(the_geom, 25833), '0101000020E9640000F465B301E0E12341AA4FB5DCD70B5741'::geometry, '300'::double precision))
                           Rows Removed by Filter: 3176
   ->  Subquery Scan on "*SELECT* 739"  (cost=165745.69..165745.70 rows=1 width=76) (actual time=0.674..0.675 rows=1 loops=1)
         ->  Limit  (cost=165745.69..165745.69 rows=1 width=84) (actual time=0.671..0.672 rows=1 loops=1)
               ->  Sort  (cost=165745.69..165745.69 rows=1 width=84) (actual time=0.669..0.669 rows=1 loops=1)
                     Sort Key: (st_distance(st_transform(s_738.the_geom, 25833), '0101000020E96400003617E2ECE3E12341A3CA71C3D60B5741'::geometry))
                     Sort Method: top-N heapsort  Memory: 25kB
                     ->  Seq Scan on phoml_trajectory_tmp s_738  (cost=0.00..165745.68 rows=1 width=84) (actual time=0.033..0.598 rows=484 loops=1)
                           Filter: ((unix_time >= '1685451539.813'::double precision) AND (unix_time <= '1685451599.813'::double precision) AND st_dwithin(st_transform(the_geom, 25833), '0101000020E96400003617E2ECE3E12341A3CA71C3D60B5741'::geometry, '300'::double precision))
                           Rows Removed by Filter: 3176
   ->  Subquery Scan on "*SELECT* 740"  (cost=165745.69..165745.70 rows=1 width=76) (actual time=0.689..0.690 rows=1 loops=1)
         ->  Limit  (cost=165745.69..165745.69 rows=1 width=84) (actual time=0.686..0.686 rows=1 loops=1)
               ->  Sort  (cost=165745.69..165745.69 rows=1 width=84) (actual time=0.684..0.684 rows=1 loops=1)
                     Sort Key: (st_distance(st_transform(s_739.the_geom, 25833), '0101000020E9640000C19BE2F9E7E12341276A9792D50B5741'::geometry))
                     Sort Method: top-N heapsort  Memory: 25kB
                     ->  Seq Scan on phoml_trajectory_tmp s_739  (cost=0.00..165745.68 rows=1 width=84) (actual time=0.034..0.610 rows=484 loops=1)
                           Filter: ((unix_time >= '1685451540.159'::double precision) AND (unix_time <= '1685451600.159'::double precision) AND st_dwithin(st_transform(the_geom, 25833), '0101000020E9640000C19BE2F9E7E12341276A9792D50B5741'::geometry, '300'::double precision))
                           Rows Removed by Filter: 3176
   ->  Subquery Scan on "*SELECT* 741"  (cost=165745.69..165745.70 rows=1 width=76) (actual time=0.702..0.703 rows=1 loops=1)
         ->  Limit  (cost=165745.69..165745.69 rows=1 width=84) (actual time=0.697..0.697 rows=1 loops=1)
               ->  Sort  (cost=165745.69..165745.69 rows=1 width=84) (actual time=0.694..0.695 rows=1 loops=1)
                     Sort Key: (st_distance(st_transform(s_740.the_geom, 25833), '0101000020E964000056ADBC20ECE12341E01F9C64D40B5741'::geometry))
                     Sort Method: top-N heapsort  Memory: 25kB
                     ->  Seq Scan on phoml_trajectory_tmp s_740  (cost=0.00..165745.68 rows=1 width=84) (actual time=0.043..0.620 rows=484 loops=1)
                           Filter: ((unix_time >= '1685451540.499'::double precision) AND (unix_time <= '1685451600.499'::double precision) AND st_dwithin(st_transform(the_geom, 25833), '0101000020E964000056ADBC20ECE12341E01F9C64D40B5741'::geometry, '300'::double precision))
                           Rows Removed by Filter: 3176
   ->  Subquery Scan on "*SELECT* 742"  (cost=165745.69..165745.70 rows=1 width=76) (actual time=0.702..0.703 rows=1 loops=1)
         ->  Limit  (cost=165745.69..165745.69 rows=1 width=84) (actual time=0.698..0.699 rows=1 loops=1)
               ->  Sort  (cost=165745.69..165745.69 rows=1 width=84) (actual time=0.694..0.694 rows=1 loops=1)
                     Sort Key: (st_distance(st_transform(s_741.the_geom, 25833), '0101000020E96400002C5725E5EFE12341FF2AB73CD30B5741'::geometry))
                     Sort Method: top-N heapsort  Memory: 25kB
                     ->  Seq Scan on phoml_trajectory_tmp s_741  (cost=0.00..165745.68 rows=1 width=84) (actual time=0.041..0.616 rows=484 loops=1)
                           Filter: ((unix_time >= '1685451540.829'::double precision) AND (unix_time <= '1685451600.829'::double precision) AND st_dwithin(st_transform(the_geom, 25833), '0101000020E96400002C5725E5EFE12341FF2AB73CD30B5741'::geometry, '300'::double precision))
                           Rows Removed by Filter: 3176
   ->  Subquery Scan on "*SELECT* 743"  (cost=165745.69..165745.70 rows=1 width=76) (actual time=0.669..0.670 rows=1 loops=1)
         ->  Limit  (cost=165745.69..165745.69 rows=1 width=84) (actual time=0.666..0.667 rows=1 loops=1)
               ->  Sort  (cost=165745.69..165745.69 rows=1 width=84) (actual time=0.664..0.664 rows=1 loops=1)
                     Sort Key: (st_distance(st_transform(s_742.the_geom, 25833), '0101000020E9640000F81CE4F3F3E1234169ABB40AD20B5741'::geometry))
                     Sort Method: top-N heapsort  Memory: 25kB
                     ->  Seq Scan on phoml_trajectory_tmp s_742  (cost=0.00..165745.68 rows=1 width=84) (actual time=0.035..0.592 rows=484 loops=1)
                           Filter: ((unix_time >= '1685451541.172'::double precision) AND (unix_time <= '1685451601.172'::double precision) AND st_dwithin(st_transform(the_geom, 25833), '0101000020E9640000F81CE4F3F3E1234169ABB40AD20B5741'::geometry, '300'::double precision))
                           Rows Removed by Filter: 3176
   ->  Subquery Scan on "*SELECT* 744"  (cost=165745.69..165745.70 rows=1 width=76) (actual time=0.687..0.689 rows=1 loops=1)
         ->  Limit  (cost=165745.69..165745.69 rows=1 width=84) (actual time=0.685..0.685 rows=1 loops=1)
               ->  Sort  (cost=165745.69..165745.69 rows=1 width=84) (actual time=0.682..0.683 rows=1 loops=1)
                     Sort Key: (st_distance(st_transform(s_743.the_geom, 25833), '0101000020E9640000F4D623E4F7E123412C2D2DE4D00B5741'::geometry))
                     Sort Method: top-N heapsort  Memory: 25kB
                     ->  Seq Scan on phoml_trajectory_tmp s_743  (cost=0.00..165745.68 rows=1 width=84) (actual time=0.034..0.609 rows=484 loops=1)
                           Filter: ((unix_time >= '1685451541.512'::double precision) AND (unix_time <= '1685451601.512'::double precision) AND st_dwithin(st_transform(the_geom, 25833), '0101000020E9640000F4D623E4F7E123412C2D2DE4D00B5741'::geometry, '300'::double precision))
                           Rows Removed by Filter: 3176
   ->  Subquery Scan on "*SELECT* 745"  (cost=165745.69..165745.70 rows=1 width=76) (actual time=0.691..0.691 rows=1 loops=1)
         ->  Limit  (cost=165745.69..165745.69 rows=1 width=84) (actual time=0.687..0.688 rows=1 loops=1)
               ->  Sort  (cost=165745.69..165745.69 rows=1 width=84) (actual time=0.685..0.685 rows=1 loops=1)
                     Sort Key: (st_distance(st_transform(s_744.the_geom, 25833), '0101000020E9640000CB95A1D3FBE12341EE5667C5CF0B5741'::geometry))
                     Sort Method: top-N heapsort  Memory: 25kB
                     ->  Seq Scan on phoml_trajectory_tmp s_744  (cost=0.00..165745.68 rows=1 width=84) (actual time=0.038..0.611 rows=484 loops=1)
                           Filter: ((unix_time >= '1685451541.842'::double precision) AND (unix_time <= '1685451601.842'::double precision) AND st_dwithin(st_transform(the_geom, 25833), '0101000020E9640000CB95A1D3FBE12341EE5667C5CF0B5741'::geometry, '300'::double precision))
                           Rows Removed by Filter: 3176
   ->  Subquery Scan on "*SELECT* 746"  (cost=165745.69..165745.70 rows=1 width=76) (actual time=0.674..0.675 rows=1 loops=1)
         ->  Limit  (cost=165745.69..165745.69 rows=1 width=84) (actual time=0.671..0.672 rows=1 loops=1)
               ->  Sort  (cost=165745.69..165745.69 rows=1 width=84) (actual time=0.669..0.670 rows=1 loops=1)
                     Sort Key: (st_distance(st_transform(s_745.the_geom, 25833), '0101000020E9640000645403E6FFE1234195D2DD96CE0B5741'::geometry))
                     Sort Method: top-N heapsort  Memory: 25kB
                     ->  Seq Scan on phoml_trajectory_tmp s_745  (cost=0.00..165745.68 rows=1 width=84) (actual time=0.035..0.596 rows=484 loops=1)
                           Filter: ((unix_time >= '1685451542.193'::double precision) AND (unix_time <= '1685451602.193'::double precision) AND st_dwithin(st_transform(the_geom, 25833), '0101000020E9640000645403E6FFE1234195D2DD96CE0B5741'::geometry, '300'::double precision))
                           Rows Removed by Filter: 3176
   ->  Subquery Scan on "*SELECT* 747"  (cost=165745.69..165745.70 rows=1 width=76) (actual time=0.683..0.684 rows=1 loops=1)
         ->  Limit  (cost=165745.69..165745.69 rows=1 width=84) (actual time=0.680..0.680 rows=1 loops=1)
               ->  Sort  (cost=165745.69..165745.69 rows=1 width=84) (actual time=0.678..0.678 rows=1 loops=1)
                     Sort Key: (st_distance(st_transform(s_746.the_geom, 25833), '0101000020E9640000F8CDB1D303E223412BA42576CD0B5741'::geometry))
                     Sort Method: top-N heapsort  Memory: 25kB
                     ->  Seq Scan on phoml_trajectory_tmp s_746  (cost=0.00..165745.68 rows=1 width=84) (actual time=0.034..0.605 rows=480 loops=1)
                           Filter: ((unix_time >= '1685451542.523'::double precision) AND (unix_time <= '1685451602.523'::double precision) AND st_dwithin(st_transform(the_geom, 25833), '0101000020E9640000F8CDB1D303E223412BA42576CD0B5741'::geometry, '300'::double precision))
                           Rows Removed by Filter: 3180
   ->  Subquery Scan on "*SELECT* 748"  (cost=165745.69..165745.70 rows=1 width=76) (actual time=0.769..0.770 rows=1 loops=1)
         ->  Limit  (cost=165745.69..165745.69 rows=1 width=84) (actual time=0.748..0.749 rows=1 loops=1)
               ->  Sort  (cost=165745.69..165745.69 rows=1 width=84) (actual time=0.745..0.745 rows=1 loops=1)
                     Sort Key: (st_distance(st_transform(s_747.the_geom, 25833), '0101000020E9640000499EB6C107E223418616454ECC0B5741'::geometry))
                     Sort Method: top-N heapsort  Memory: 25kB
                     ->  Seq Scan on phoml_trajectory_tmp s_747  (cost=0.00..165745.68 rows=1 width=84) (actual time=0.035..0.665 rows=484 loops=1)
                           Filter: ((unix_time >= '1685451542.863'::double precision) AND (unix_time <= '1685451602.863'::double precision) AND st_dwithin(st_transform(the_geom, 25833), '0101000020E9640000499EB6C107E223418616454ECC0B5741'::geometry, '300'::double precision))
                           Rows Removed by Filter: 3176
   ->  Subquery Scan on "*SELECT* 749"  (cost=165745.69..165745.70 rows=1 width=76) (actual time=0.737..0.739 rows=1 loops=1)
         ->  Limit  (cost=165745.69..165745.69 rows=1 width=84) (actual time=0.734..0.734 rows=1 loops=1)
               ->  Sort  (cost=165745.69..165745.69 rows=1 width=84) (actual time=0.731..0.732 rows=1 loops=1)
                     Sort Key: (st_distance(st_transform(s_748.the_geom, 25833), '0101000020E9640000BF3099B40BE223412395E228CB0B5741'::geometry))
                     Sort Method: top-N heapsort  Memory: 25kB
                     ->  Seq Scan on phoml_trajectory_tmp s_748  (cost=0.00..165745.68 rows=1 width=84) (actual time=0.090..0.657 rows=480 loops=1)
                           Filter: ((unix_time >= '1685451543.2'::double precision) AND (unix_time <= '1685451603.2'::double precision) AND st_dwithin(st_transform(the_geom, 25833), '0101000020E9640000BF3099B40BE223412395E228CB0B5741'::geometry, '300'::double precision))
                           Rows Removed by Filter: 3180
   ->  Subquery Scan on "*SELECT* 750"  (cost=165745.69..165745.70 rows=1 width=76) (actual time=0.668..0.669 rows=1 loops=1)
         ->  Limit  (cost=165745.69..165745.69 rows=1 width=84) (actual time=0.665..0.666 rows=1 loops=1)
               ->  Sort  (cost=165745.69..165745.69 rows=1 width=84) (actual time=0.663..0.663 rows=1 loops=1)
                     Sort Key: (st_distance(st_transform(s_749.the_geom, 25833), '0101000020E96400002272AAA40FE223418FC1D201CA0B5741'::geometry))
                     Sort Method: top-N heapsort  Memory: 25kB
                     ->  Seq Scan on phoml_trajectory_tmp s_749  (cost=0.00..165745.68 rows=1 width=84) (actual time=0.040..0.593 rows=480 loops=1)
                           Filter: ((unix_time >= '1685451543.54'::double precision) AND (unix_time <= '1685451603.54'::double precision) AND st_dwithin(st_transform(the_geom, 25833), '0101000020E96400002272AAA40FE223418FC1D201CA0B5741'::geometry, '300'::double precision))
                           Rows Removed by Filter: 3180
   ->  Subquery Scan on "*SELECT* 751"  (cost=165745.69..165745.70 rows=1 width=76) (actual time=0.698..0.699 rows=1 loops=1)
         ->  Limit  (cost=165745.69..165745.69 rows=1 width=84) (actual time=0.695..0.695 rows=1 loops=1)
               ->  Sort  (cost=165745.69..165745.69 rows=1 width=84) (actual time=0.693..0.693 rows=1 loops=1)
                     Sort Key: (st_distance(st_transform(s_750.the_geom, 25833), '0101000020E96400008B83847313E223414C5523E3C80B5741'::geometry))
                     Sort Method: top-N heapsort  Memory: 25kB
                     ->  Seq Scan on phoml_trajectory_tmp s_750  (cost=0.00..165745.68 rows=1 width=84) (actual time=0.036..0.621 rows=480 loops=1)
                           Filter: ((unix_time >= '1685451543.87'::double precision) AND (unix_time <= '1685451603.87'::double precision) AND st_dwithin(st_transform(the_geom, 25833), '0101000020E96400008B83847313E223414C5523E3C80B5741'::geometry, '300'::double precision))
                           Rows Removed by Filter: 3180
   ->  Subquery Scan on "*SELECT* 752"  (cost=165745.69..165745.70 rows=1 width=76) (actual time=0.689..0.690 rows=1 loops=1)
         ->  Limit  (cost=165745.69..165745.69 rows=1 width=84) (actual time=0.685..0.686 rows=1 loops=1)
               ->  Sort  (cost=165745.69..165745.69 rows=1 width=84) (actual time=0.683..0.683 rows=1 loops=1)
                     Sort Key: (st_distance(st_transform(s_751.the_geom, 25833), '0101000020E964000006BFCB8417E22341CF5464BCC70B5741'::geometry))
                     Sort Method: top-N heapsort  Memory: 25kB
                     ->  Seq Scan on phoml_trajectory_tmp s_751  (cost=0.00..165745.68 rows=1 width=84) (actual time=0.035..0.610 rows=484 loops=1)
                           Filter: ((unix_time >= '1685451544.215'::double precision) AND (unix_time <= '1685451604.215'::double precision) AND st_dwithin(st_transform(the_geom, 25833), '0101000020E964000006BFCB8417E22341CF5464BCC70B5741'::geometry, '300'::double precision))
                           Rows Removed by Filter: 3176
   ->  Subquery Scan on "*SELECT* 753"  (cost=165745.69..165745.70 rows=1 width=76) (actual time=0.666..0.667 rows=1 loops=1)
         ->  Limit  (cost=165745.69..165745.69 rows=1 width=84) (actual time=0.663..0.664 rows=1 loops=1)
               ->  Sort  (cost=165745.69..165745.69 rows=1 width=84) (actual time=0.661..0.661 rows=1 loops=1)
                     Sort Key: (st_distance(st_transform(s_752.the_geom, 25833), '0101000020E9640000623A05991BE22341B841628FC60B5741'::geometry))
                     Sort Method: top-N heapsort  Memory: 25kB
                     ->  Seq Scan on phoml_trajectory_tmp s_752  (cost=0.00..165745.68 rows=1 width=84) (actual time=0.037..0.591 rows=480 loops=1)
                           Filter: ((unix_time >= '1685451544.565'::double precision) AND (unix_time <= '1685451604.565'::double precision) AND st_dwithin(st_transform(the_geom, 25833), '0101000020E9640000623A05991BE22341B841628FC60B5741'::geometry, '300'::double precision))
                           Rows Removed by Filter: 3180
   ->  Subquery Scan on "*SELECT* 754"  (cost=165745.69..165745.70 rows=1 width=76) (actual time=0.687..0.688 rows=1 loops=1)
         ->  Limit  (cost=165745.69..165745.69 rows=1 width=84) (actual time=0.684..0.684 rows=1 loops=1)
               ->  Sort  (cost=165745.69..165745.69 rows=1 width=84) (actual time=0.682..0.682 rows=1 loops=1)
                     Sort Key: (st_distance(st_transform(s_753.the_geom, 25833), '0101000020E964000040D1EC861FE2234103124E67C50B5741'::geometry))
                     Sort Method: top-N heapsort  Memory: 25kB
                     ->  Seq Scan on phoml_trajectory_tmp s_753  (cost=0.00..165745.68 rows=1 width=84) (actual time=0.035..0.609 rows=480 loops=1)
                           Filter: ((unix_time >= '1685451544.905'::double precision) AND (unix_time <= '1685451604.905'::double precision) AND st_dwithin(st_transform(the_geom, 25833), '0101000020E964000040D1EC861FE2234103124E67C50B5741'::geometry, '300'::double precision))
                           Rows Removed by Filter: 3180
   ->  Subquery Scan on "*SELECT* 755"  (cost=165745.69..165745.70 rows=1 width=76) (actual time=0.678..0.679 rows=1 loops=1)
         ->  Limit  (cost=165745.69..165745.69 rows=1 width=84) (actual time=0.675..0.676 rows=1 loops=1)
               ->  Sort  (cost=165745.69..165745.69 rows=1 width=84) (actual time=0.673..0.673 rows=1 loops=1)
                     Sort Key: (st_distance(st_transform(s_754.the_geom, 25833), '0101000020E964000041A6357423E223416B546147C40B5741'::geometry))
                     Sort Method: top-N heapsort  Memory: 25kB
                     ->  Seq Scan on phoml_trajectory_tmp s_754  (cost=0.00..165745.68 rows=1 width=84) (actual time=0.034..0.591 rows=480 loops=1)
                           Filter: ((unix_time >= '1685451545.243'::double precision) AND (unix_time <= '1685451605.243'::double precision) AND st_dwithin(st_transform(the_geom, 25833), '0101000020E964000041A6357423E223416B546147C40B5741'::geometry, '300'::double precision))
                           Rows Removed by Filter: 3180
   ->  Subquery Scan on "*SELECT* 756"  (cost=165745.69..165745.70 rows=1 width=76) (actual time=0.682..0.683 rows=1 loops=1)
         ->  Limit  (cost=165745.69..165745.69 rows=1 width=84) (actual time=0.680..0.681 rows=1 loops=1)
               ->  Sort  (cost=165745.69..165745.69 rows=1 width=84) (actual time=0.678..0.678 rows=1 loops=1)
                     Sort Key: (st_distance(st_transform(s_755.the_geom, 25833), '0101000020E9640000AF6AA46527E22341EF884E21C30B5741'::geometry))
                     Sort Method: top-N heapsort  Memory: 25kB
                     ->  Seq Scan on phoml_trajectory_tmp s_755  (cost=0.00..165745.68 rows=1 width=84) (actual time=0.054..0.607 rows=480 loops=1)
                           Filter: ((unix_time >= '1685451545.583'::double precision) AND (unix_time <= '1685451605.583'::double precision) AND st_dwithin(st_transform(the_geom, 25833), '0101000020E9640000AF6AA46527E22341EF884E21C30B5741'::geometry, '300'::double precision))
                           Rows Removed by Filter: 3180
   ->  Subquery Scan on "*SELECT* 757"  (cost=165745.69..165745.70 rows=1 width=76) (actual time=0.698..0.699 rows=1 loops=1)
         ->  Limit  (cost=165745.69..165745.69 rows=1 width=84) (actual time=0.696..0.696 rows=1 loops=1)
               ->  Sort  (cost=165745.69..165745.69 rows=1 width=84) (actual time=0.694..0.694 rows=1 loops=1)
                     Sort Key: (st_distance(st_transform(s_756.the_geom, 25833), '0101000020E96400008E87267A2BE22341429370F3C10B5741'::geometry))
                     Sort Method: top-N heapsort  Memory: 25kB
                     ->  Seq Scan on phoml_trajectory_tmp s_756  (cost=0.00..165745.68 rows=1 width=84) (actual time=0.060..0.622 rows=480 loops=1)
                           Filter: ((unix_time >= '1685451545.933'::double precision) AND (unix_time <= '1685451605.933'::double precision) AND st_dwithin(st_transform(the_geom, 25833), '0101000020E96400008E87267A2BE22341429370F3C10B5741'::geometry, '300'::double precision))
                           Rows Removed by Filter: 3180
   ->  Subquery Scan on "*SELECT* 758"  (cost=165745.69..165745.70 rows=1 width=76) (actual time=0.687..0.688 rows=1 loops=1)
         ->  Limit  (cost=165745.69..165745.69 rows=1 width=84) (actual time=0.684..0.685 rows=1 loops=1)
               ->  Sort  (cost=165745.69..165745.69 rows=1 width=84) (actual time=0.681..0.682 rows=1 loops=1)
                     Sort Key: (st_distance(st_transform(s_757.the_geom, 25833), '0101000020E96400006A8D7C6A2FE223416A7911D5C00B5741'::geometry))
                     Sort Method: top-N heapsort  Memory: 25kB
                     ->  Seq Scan on phoml_trajectory_tmp s_757  (cost=0.00..165745.68 rows=1 width=84) (actual time=0.036..0.606 rows=480 loops=1)
                           Filter: ((unix_time >= '1685451546.267'::double precision) AND (unix_time <= '1685451606.267'::double precision) AND st_dwithin(st_transform(the_geom, 25833), '0101000020E96400006A8D7C6A2FE223416A7911D5C00B5741'::geometry, '300'::double precision))
                           Rows Removed by Filter: 3180
   ->  Subquery Scan on "*SELECT* 759"  (cost=165745.69..165745.70 rows=1 width=76) (actual time=0.701..0.703 rows=1 loops=1)
         ->  Limit  (cost=165745.69..165745.69 rows=1 width=84) (actual time=0.698..0.699 rows=1 loops=1)
               ->  Sort  (cost=165745.69..165745.69 rows=1 width=84) (actual time=0.696..0.696 rows=1 loops=1)
                     Sort Key: (st_distance(st_transform(s_758.the_geom, 25833), '0101000020E96400001404B47C33E2234173F4ECAEBF0B5741'::geometry))
                     Sort Method: top-N heapsort  Memory: 25kB
                     ->  Seq Scan on phoml_trajectory_tmp s_758  (cost=0.00..165745.68 rows=1 width=84) (actual time=0.036..0.622 rows=480 loops=1)
                           Filter: ((unix_time >= '1685451546.607'::double precision) AND (unix_time <= '1685451606.607'::double precision) AND st_dwithin(st_transform(the_geom, 25833), '0101000020E96400001404B47C33E2234173F4ECAEBF0B5741'::geometry, '300'::double precision))
                           Rows Removed by Filter: 3180
   ->  Subquery Scan on "*SELECT* 760"  (cost=165745.69..165745.70 rows=1 width=76) (actual time=0.709..0.710 rows=1 loops=1)
         ->  Limit  (cost=165745.69..165745.69 rows=1 width=84) (actual time=0.705..0.706 rows=1 loops=1)
               ->  Sort  (cost=165745.69..165745.69 rows=1 width=84) (actual time=0.703..0.704 rows=1 loops=1)
                     Sort Key: (st_distance(st_transform(s_759.the_geom, 25833), '0101000020E9640000F5A15A6D37E22341FC206188BE0B5741'::geometry))
                     Sort Method: top-N heapsort  Memory: 25kB
                     ->  Seq Scan on phoml_trajectory_tmp s_759  (cost=0.00..165745.68 rows=1 width=84) (actual time=0.038..0.628 rows=480 loops=1)
                           Filter: ((unix_time >= '1685451546.947'::double precision) AND (unix_time <= '1685451606.947'::double precision) AND st_dwithin(st_transform(the_geom, 25833), '0101000020E9640000F5A15A6D37E22341FC206188BE0B5741'::geometry, '300'::double precision))
                           Rows Removed by Filter: 3180
   ->  Subquery Scan on "*SELECT* 761"  (cost=165745.69..165745.70 rows=1 width=76) (actual time=0.663..0.664 rows=1 loops=1)
         ->  Limit  (cost=165745.69..165745.69 rows=1 width=84) (actual time=0.661..0.662 rows=1 loops=1)
               ->  Sort  (cost=165745.69..165745.69 rows=1 width=84) (actual time=0.659..0.660 rows=1 loops=1)
                     Sort Key: (st_distance(st_transform(s_760.the_geom, 25833), '0101000020E9640000ECF10B5C3BE223417C9BF868BD0B5741'::geometry))
                     Sort Method: top-N heapsort  Memory: 25kB
                     ->  Seq Scan on phoml_trajectory_tmp s_760  (cost=0.00..165745.68 rows=1 width=84) (actual time=0.043..0.586 rows=480 loops=1)
                           Filter: ((unix_time >= '1685451547.283'::double precision) AND (unix_time <= '1685451607.283'::double precision) AND st_dwithin(st_transform(the_geom, 25833), '0101000020E9640000ECF10B5C3BE223417C9BF868BD0B5741'::geometry, '300'::double precision))
                           Rows Removed by Filter: 3180
   ->  Subquery Scan on "*SELECT* 762"  (cost=165745.69..165745.70 rows=1 width=76) (actual time=0.691..0.692 rows=1 loops=1)
         ->  Limit  (cost=165745.69..165745.69 rows=1 width=84) (actual time=0.686..0.687 rows=1 loops=1)
               ->  Sort  (cost=165745.69..165745.69 rows=1 width=84) (actual time=0.684..0.685 rows=1 loops=1)
                     Sort Key: (st_distance(st_transform(s_761.the_geom, 25833), '0101000020E9640000CBB1BA703FE22341DC02223CBC0B5741'::geometry))
                     Sort Method: top-N heapsort  Memory: 25kB
                     ->  Seq Scan on phoml_trajectory_tmp s_761  (cost=0.00..165745.68 rows=1 width=84) (actual time=0.034..0.610 rows=480 loops=1)
                           Filter: ((unix_time >= '1685451547.633'::double precision) AND (unix_time <= '1685451607.633'::double precision) AND st_dwithin(st_transform(the_geom, 25833), '0101000020E9640000CBB1BA703FE22341DC02223CBC0B5741'::geometry, '300'::double precision))
                           Rows Removed by Filter: 3180
   ->  Subquery Scan on "*SELECT* 763"  (cost=165745.69..165745.70 rows=1 width=76) (actual time=0.718..0.719 rows=1 loops=1)
         ->  Limit  (cost=165745.69..165745.69 rows=1 width=84) (actual time=0.714..0.715 rows=1 loops=1)
               ->  Sort  (cost=165745.69..165745.69 rows=1 width=84) (actual time=0.712..0.713 rows=1 loops=1)
                     Sort Key: (st_distance(st_transform(s_762.the_geom, 25833), '0101000020E96400003DC8046143E223414C8F151EBB0B5741'::geometry))
                     Sort Method: top-N heapsort  Memory: 25kB
                     ->  Seq Scan on phoml_trajectory_tmp s_762  (cost=0.00..165745.68 rows=1 width=84) (actual time=0.037..0.632 rows=480 loops=1)
                           Filter: ((unix_time >= '1685451547.963'::double precision) AND (unix_time <= '1685451607.963'::double precision) AND st_dwithin(st_transform(the_geom, 25833), '0101000020E96400003DC8046143E223414C8F151EBB0B5741'::geometry, '300'::double precision))
                           Rows Removed by Filter: 3180
   ->  Subquery Scan on "*SELECT* 764"  (cost=165745.69..165745.70 rows=1 width=76) (actual time=0.700..0.701 rows=1 loops=1)
         ->  Limit  (cost=165745.69..165745.69 rows=1 width=84) (actual time=0.698..0.699 rows=1 loops=1)
               ->  Sort  (cost=165745.69..165745.69 rows=1 width=84) (actual time=0.696..0.696 rows=1 loops=1)
                     Sort Key: (st_distance(st_transform(s_763.the_geom, 25833), '0101000020E9640000764D3E7447E22341DE04F8F0B90B5741'::geometry))
                     Sort Method: top-N heapsort  Memory: 25kB
                     ->  Seq Scan on phoml_trajectory_tmp s_763  (cost=0.00..165745.68 rows=1 width=84) (actual time=0.041..0.614 rows=480 loops=1)
                           Filter: ((unix_time >= '1685451548.309'::double precision) AND (unix_time <= '1685451608.309'::double precision) AND st_dwithin(st_transform(the_geom, 25833), '0101000020E9640000764D3E7447E22341DE04F8F0B90B5741'::geometry, '300'::double precision))
                           Rows Removed by Filter: 3180
   ->  Subquery Scan on "*SELECT* 765"  (cost=165745.69..165745.70 rows=1 width=76) (actual time=0.749..0.750 rows=1 loops=1)
         ->  Limit  (cost=165745.69..165745.69 rows=1 width=84) (actual time=0.745..0.746 rows=1 loops=1)
               ->  Sort  (cost=165745.69..165745.69 rows=1 width=84) (actual time=0.742..0.743 rows=1 loops=1)
                     Sort Key: (st_distance(st_transform(s_764.the_geom, 25833), '0101000020E96400002A5B0F634BE223412CB360D1B80B5741'::geometry))
                     Sort Method: top-N heapsort  Memory: 25kB
                     ->  Seq Scan on phoml_trajectory_tmp s_764  (cost=0.00..165745.68 rows=1 width=84) (actual time=0.052..0.650 rows=480 loops=1)
                           Filter: ((unix_time >= '1685451548.639'::double precision) AND (unix_time <= '1685451608.639'::double precision) AND st_dwithin(st_transform(the_geom, 25833), '0101000020E96400002A5B0F634BE223412CB360D1B80B5741'::geometry, '300'::double precision))
                           Rows Removed by Filter: 3180
   ->  Subquery Scan on "*SELECT* 766"  (cost=165745.69..165745.70 rows=1 width=76) (actual time=0.687..0.688 rows=1 loops=1)
         ->  Limit  (cost=165745.69..165745.69 rows=1 width=84) (actual time=0.684..0.685 rows=1 loops=1)
               ->  Sort  (cost=165745.69..165745.69 rows=1 width=84) (actual time=0.679..0.680 rows=1 loops=1)
                     Sort Key: (st_distance(st_transform(s_765.the_geom, 25833), '0101000020E964000088E3A3744FE22341A06ADCB2B70B5741'::geometry))
                     Sort Method: top-N heapsort  Memory: 25kB
                     ->  Seq Scan on phoml_trajectory_tmp s_765  (cost=0.00..165745.68 rows=1 width=84) (actual time=0.040..0.598 rows=480 loops=1)
                           Filter: ((unix_time >= '1685451548.969'::double precision) AND (unix_time <= '1685451608.969'::double precision) AND st_dwithin(st_transform(the_geom, 25833), '0101000020E964000088E3A3744FE22341A06ADCB2B70B5741'::geometry, '300'::double precision))
                           Rows Removed by Filter: 3180
   ->  Subquery Scan on "*SELECT* 767"  (cost=165745.69..165745.70 rows=1 width=76) (actual time=0.683..0.684 rows=1 loops=1)
         ->  Limit  (cost=165745.69..165745.69 rows=1 width=84) (actual time=0.679..0.680 rows=1 loops=1)
               ->  Sort  (cost=165745.69..165745.69 rows=1 width=84) (actual time=0.677..0.678 rows=1 loops=1)
                     Sort Key: (st_distance(st_transform(s_766.the_geom, 25833), '0101000020E96400008E848B8C53E2234157354B88B60B5741'::geometry))
                     Sort Method: top-N heapsort  Memory: 25kB
                     ->  Seq Scan on phoml_trajectory_tmp s_766  (cost=0.00..165745.68 rows=1 width=84) (actual time=0.037..0.604 rows=480 loops=1)
                           Filter: ((unix_time >= '1685451549.315'::double precision) AND (unix_time <= '1685451609.315'::double precision) AND st_dwithin(st_transform(the_geom, 25833), '0101000020E96400008E848B8C53E2234157354B88B60B5741'::geometry, '300'::double precision))
                           Rows Removed by Filter: 3180
   ->  Subquery Scan on "*SELECT* 768"  (cost=165745.69..165745.70 rows=1 width=76) (actual time=0.690..0.690 rows=1 loops=1)
         ->  Limit  (cost=165745.69..165745.69 rows=1 width=84) (actual time=0.686..0.686 rows=1 loops=1)
               ->  Sort  (cost=165745.69..165745.69 rows=1 width=84) (actual time=0.683..0.684 rows=1 loops=1)
                     Sort Key: (st_distance(st_transform(s_767.the_geom, 25833), '0101000020E9640000C53E6C7957E223419B701D70B50B5741'::geometry))
                     Sort Method: top-N heapsort  Memory: 25kB
                     ->  Seq Scan on phoml_trajectory_tmp s_767  (cost=0.00..165745.68 rows=1 width=84) (actual time=0.041..0.611 rows=480 loops=1)
                           Filter: ((unix_time >= '1685451549.635'::double precision) AND (unix_time <= '1685451609.635'::double precision) AND st_dwithin(st_transform(the_geom, 25833), '0101000020E9640000C53E6C7957E223419B701D70B50B5741'::geometry, '300'::double precision))
                           Rows Removed by Filter: 3180
   ->  Subquery Scan on "*SELECT* 769"  (cost=165745.69..165745.70 rows=1 width=76) (actual time=0.694..0.695 rows=1 loops=1)
         ->  Limit  (cost=165745.69..165745.69 rows=1 width=84) (actual time=0.690..0.691 rows=1 loops=1)
               ->  Sort  (cost=165745.69..165745.69 rows=1 width=84) (actual time=0.688..0.689 rows=1 loops=1)
                     Sort Key: (st_distance(st_transform(s_768.the_geom, 25833), '0101000020E964000011B3B4B15BE223414D7E0245B40B5741'::geometry))
                     Sort Method: top-N heapsort  Memory: 25kB
                     ->  Seq Scan on phoml_trajectory_tmp s_768  (cost=0.00..165745.68 rows=1 width=84) (actual time=0.038..0.615 rows=480 loops=1)
                           Filter: ((unix_time >= '1685451549.985'::double precision) AND (unix_time <= '1685451609.985'::double precision) AND st_dwithin(st_transform(the_geom, 25833), '0101000020E964000011B3B4B15BE223414D7E0245B40B5741'::geometry, '300'::double precision))
                           Rows Removed by Filter: 3180
   ->  Subquery Scan on "*SELECT* 770"  (cost=165745.69..165745.70 rows=1 width=76) (actual time=0.688..0.689 rows=1 loops=1)
         ->  Limit  (cost=165745.69..165745.69 rows=1 width=84) (actual time=0.686..0.686 rows=1 loops=1)
               ->  Sort  (cost=165745.69..165745.69 rows=1 width=84) (actual time=0.684..0.684 rows=1 loops=1)
                     Sort Key: (st_distance(st_transform(s_769.the_geom, 25833), '0101000020E9640000EDDA97A45FE2234169817420B30B5741'::geometry))
                     Sort Method: top-N heapsort  Memory: 25kB
                     ->  Seq Scan on phoml_trajectory_tmp s_769  (cost=0.00..165745.68 rows=1 width=84) (actual time=0.038..0.612 rows=484 loops=1)
                           Filter: ((unix_time >= '1685451550.318'::double precision) AND (unix_time <= '1685451610.318'::double precision) AND st_dwithin(st_transform(the_geom, 25833), '0101000020E9640000EDDA97A45FE2234169817420B30B5741'::geometry, '300'::double precision))
                           Rows Removed by Filter: 3176
   ->  Subquery Scan on "*SELECT* 771"  (cost=165745.69..165745.70 rows=1 width=76) (actual time=0.706..0.707 rows=1 loops=1)
         ->  Limit  (cost=165745.69..165745.69 rows=1 width=84) (actual time=0.703..0.703 rows=1 loops=1)
               ->  Sort  (cost=165745.69..165745.69 rows=1 width=84) (actual time=0.701..0.701 rows=1 loops=1)
                     Sort Key: (st_distance(st_transform(s_770.the_geom, 25833), '0101000020E9640000652423AE63E22341AF7BBDFEB10B5741'::geometry))
                     Sort Method: top-N heapsort  Memory: 25kB
                     ->  Seq Scan on phoml_trajectory_tmp s_770  (cost=0.00..165745.68 rows=1 width=84) (actual time=0.042..0.628 rows=484 loops=1)
                           Filter: ((unix_time >= '1685451550.648'::double precision) AND (unix_time <= '1685451610.648'::double precision) AND st_dwithin(st_transform(the_geom, 25833), '0101000020E9640000652423AE63E22341AF7BBDFEB10B5741'::geometry, '300'::double precision))
                           Rows Removed by Filter: 3176
   ->  Subquery Scan on "*SELECT* 772"  (cost=165745.69..165745.70 rows=1 width=76) (actual time=0.704..0.705 rows=1 loops=1)
         ->  Limit  (cost=165745.69..165745.69 rows=1 width=84) (actual time=0.701..0.701 rows=1 loops=1)
               ->  Sort  (cost=165745.69..165745.69 rows=1 width=84) (actual time=0.698..0.698 rows=1 loops=1)
                     Sort Key: (st_distance(st_transform(s_771.the_geom, 25833), '0101000020E9640000A4F5E3E167E223410332F1D7B00B5741'::geometry))
                     Sort Method: top-N heapsort  Memory: 25kB
                     ->  Seq Scan on phoml_trajectory_tmp s_771  (cost=0.00..165745.68 rows=1 width=84) (actual time=0.040..0.625 rows=484 loops=1)
                           Filter: ((unix_time >= '1685451550.988'::double precision) AND (unix_time <= '1685451610.988'::double precision) AND st_dwithin(st_transform(the_geom, 25833), '0101000020E9640000A4F5E3E167E223410332F1D7B00B5741'::geometry, '300'::double precision))
                           Rows Removed by Filter: 3176
   ->  Subquery Scan on "*SELECT* 773"  (cost=165745.69..165745.70 rows=1 width=76) (actual time=0.686..0.687 rows=1 loops=1)
         ->  Limit  (cost=165745.69..165745.69 rows=1 width=84) (actual time=0.684..0.684 rows=1 loops=1)
               ->  Sort  (cost=165745.69..165745.69 rows=1 width=84) (actual time=0.681..0.682 rows=1 loops=1)
                     Sort Key: (st_distance(st_transform(s_772.the_geom, 25833), '0101000020E96400006313D8C96BE2234137B4CEACAF0B5741'::geometry))
                     Sort Method: top-N heapsort  Memory: 25kB
                     ->  Seq Scan on phoml_trajectory_tmp s_772  (cost=0.00..165745.68 rows=1 width=84) (actual time=0.039..0.609 rows=484 loops=1)
                           Filter: ((unix_time >= '1685451551.318'::double precision) AND (unix_time <= '1685451611.318'::double precision) AND st_dwithin(st_transform(the_geom, 25833), '0101000020E96400006313D8C96BE2234137B4CEACAF0B5741'::geometry, '300'::double precision))
                           Rows Removed by Filter: 3176
   ->  Subquery Scan on "*SELECT* 774"  (cost=165745.69..165745.70 rows=1 width=76) (actual time=0.699..0.700 rows=1 loops=1)
         ->  Limit  (cost=165745.69..165745.69 rows=1 width=84) (actual time=0.695..0.696 rows=1 loops=1)
               ->  Sort  (cost=165745.69..165745.69 rows=1 width=84) (actual time=0.693..0.694 rows=1 loops=1)
                     Sort Key: (st_distance(st_transform(s_773.the_geom, 25833), '0101000020E9640000F43978D66FE22341BA5F8F81AE0B5741'::geometry))
                     Sort Method: top-N heapsort  Memory: 25kB
                     ->  Seq Scan on phoml_trajectory_tmp s_773  (cost=0.00..165745.68 rows=1 width=84) (actual time=0.040..0.621 rows=484 loops=1)
                           Filter: ((unix_time >= '1685451551.658'::double precision) AND (unix_time <= '1685451611.658'::double precision) AND st_dwithin(st_transform(the_geom, 25833), '0101000020E9640000F43978D66FE22341BA5F8F81AE0B5741'::geometry, '300'::double precision))
                           Rows Removed by Filter: 3176
   ->  Subquery Scan on "*SELECT* 775"  (cost=165745.69..165745.70 rows=1 width=76) (actual time=0.698..0.699 rows=1 loops=1)
         ->  Limit  (cost=165745.69..165745.69 rows=1 width=84) (actual time=0.695..0.695 rows=1 loops=1)
               ->  Sort  (cost=165745.69..165745.69 rows=1 width=84) (actual time=0.693..0.693 rows=1 loops=1)
                     Sort Key: (st_distance(st_transform(s_774.the_geom, 25833), '0101000020E9640000F45A21E373E223412D4EC056AD0B5741'::geometry))
                     Sort Method: top-N heapsort  Memory: 25kB
                     ->  Seq Scan on phoml_trajectory_tmp s_774  (cost=0.00..165745.68 rows=1 width=84) (actual time=0.039..0.612 rows=484 loops=1)
                           Filter: ((unix_time >= '1685451551.988'::double precision) AND (unix_time <= '1685451611.988'::double precision) AND st_dwithin(st_transform(the_geom, 25833), '0101000020E9640000F45A21E373E223412D4EC056AD0B5741'::geometry, '300'::double precision))
                           Rows Removed by Filter: 3176
   ->  Subquery Scan on "*SELECT* 776"  (cost=165745.69..165745.70 rows=1 width=76) (actual time=0.696..0.698 rows=1 loops=1)
         ->  Limit  (cost=165745.69..165745.69 rows=1 width=84) (actual time=0.693..0.694 rows=1 loops=1)
               ->  Sort  (cost=165745.69..165745.69 rows=1 width=84) (actual time=0.691..0.692 rows=1 loops=1)
                     Sort Key: (st_distance(st_transform(s_775.the_geom, 25833), '0101000020E9640000DC843EC877E2234139AD532AAC0B5741'::geometry))
                     Sort Method: top-N heapsort  Memory: 25kB
                     ->  Seq Scan on phoml_trajectory_tmp s_775  (cost=0.00..165745.68 rows=1 width=84) (actual time=0.040..0.619 rows=484 loops=1)
                           Filter: ((unix_time >= '1685451552.325'::double precision) AND (unix_time <= '1685451612.325'::double precision) AND st_dwithin(st_transform(the_geom, 25833), '0101000020E9640000DC843EC877E2234139AD532AAC0B5741'::geometry, '300'::double precision))
                           Rows Removed by Filter: 3176
   ->  Subquery Scan on "*SELECT* 777"  (cost=165745.69..165745.70 rows=1 width=76) (actual time=0.696..0.697 rows=1 loops=1)
         ->  Limit  (cost=165745.69..165745.69 rows=1 width=84) (actual time=0.693..0.694 rows=1 loops=1)
               ->  Sort  (cost=165745.69..165745.69 rows=1 width=84) (actual time=0.691..0.691 rows=1 loops=1)
                     Sort Key: (st_distance(st_transform(s_776.the_geom, 25833), '0101000020E96400000C5447B27BE223419BB8ED06AB0B5741'::geometry))
                     Sort Method: top-N heapsort  Memory: 25kB
                     ->  Seq Scan on phoml_trajectory_tmp s_776  (cost=0.00..165745.68 rows=1 width=84) (actual time=0.042..0.619 rows=484 loops=1)
                           Filter: ((unix_time >= '1685451552.655'::double precision) AND (unix_time <= '1685451612.655'::double precision) AND st_dwithin(st_transform(the_geom, 25833), '0101000020E96400000C5447B27BE223419BB8ED06AB0B5741'::geometry, '300'::double precision))
                           Rows Removed by Filter: 3176
   ->  Subquery Scan on "*SELECT* 778"  (cost=165745.69..165745.70 rows=1 width=76) (actual time=0.713..0.714 rows=1 loops=1)
         ->  Limit  (cost=165745.69..165745.69 rows=1 width=84) (actual time=0.709..0.710 rows=1 loops=1)
               ->  Sort  (cost=165745.69..165745.69 rows=1 width=84) (actual time=0.708..0.708 rows=1 loops=1)
                     Sort Key: (st_distance(st_transform(s_777.the_geom, 25833), '0101000020E9640000578DF59E7FE223416139F3DCA90B5741'::geometry))
                     Sort Method: top-N heapsort  Memory: 25kB
                     ->  Seq Scan on phoml_trajectory_tmp s_777  (cost=0.00..165745.68 rows=1 width=84) (actual time=0.040..0.633 rows=484 loops=1)
                           Filter: ((unix_time >= '1685451552.985'::double precision) AND (unix_time <= '1685451612.985'::double precision) AND st_dwithin(st_transform(the_geom, 25833), '0101000020E9640000578DF59E7FE223416139F3DCA90B5741'::geometry, '300'::double precision))
                           Rows Removed by Filter: 3176
   ->  Subquery Scan on "*SELECT* 779"  (cost=165745.69..165745.70 rows=1 width=76) (actual time=0.724..0.726 rows=1 loops=1)
         ->  Limit  (cost=165745.69..165745.69 rows=1 width=84) (actual time=0.721..0.722 rows=1 loops=1)
               ->  Sort  (cost=165745.69..165745.69 rows=1 width=84) (actual time=0.719..0.720 rows=1 loops=1)
                     Sort Key: (st_distance(st_transform(s_778.the_geom, 25833), '0101000020E9640000D9D2F49083E22341D78D70B6A80B5741'::geometry))
                     Sort Method: top-N heapsort  Memory: 25kB
                     ->  Seq Scan on phoml_trajectory_tmp s_778  (cost=0.00..165745.68 rows=1 width=84) (actual time=0.045..0.647 rows=484 loops=1)
                           Filter: ((unix_time >= '1685451553.32'::double precision) AND (unix_time <= '1685451613.32'::double precision) AND st_dwithin(st_transform(the_geom, 25833), '0101000020E9640000D9D2F49083E22341D78D70B6A80B5741'::geometry, '300'::double precision))
                           Rows Removed by Filter: 3176
   ->  Subquery Scan on "*SELECT* 780"  (cost=165745.69..165745.70 rows=1 width=76) (actual time=0.730..0.731 rows=1 loops=1)
         ->  Limit  (cost=165745.69..165745.69 rows=1 width=84) (actual time=0.726..0.727 rows=1 loops=1)
               ->  Sort  (cost=165745.69..165745.69 rows=1 width=84) (actual time=0.724..0.725 rows=1 loops=1)
                     Sort Key: (st_distance(st_transform(s_779.the_geom, 25833), '0101000020E96400009426E3AB87E223411315938CA70B5741'::geometry))
                     Sort Method: top-N heapsort  Memory: 25kB
                     ->  Seq Scan on phoml_trajectory_tmp s_779  (cost=0.00..165745.68 rows=1 width=84) (actual time=0.046..0.650 rows=484 loops=1)
                           Filter: ((unix_time >= '1685451553.66'::double precision) AND (unix_time <= '1685451613.66'::double precision) AND st_dwithin(st_transform(the_geom, 25833), '0101000020E96400009426E3AB87E223411315938CA70B5741'::geometry, '300'::double precision))
                           Rows Removed by Filter: 3176
   ->  Subquery Scan on "*SELECT* 781"  (cost=165745.69..165745.70 rows=1 width=76) (actual time=0.696..0.698 rows=1 loops=1)
         ->  Limit  (cost=165745.69..165745.69 rows=1 width=84) (actual time=0.693..0.694 rows=1 loops=1)
               ->  Sort  (cost=165745.69..165745.69 rows=1 width=84) (actual time=0.691..0.692 rows=1 loops=1)
                     Sort Key: (st_distance(st_transform(s_780.the_geom, 25833), '0101000020E9640000C165039F8BE223414FB97071A60B5741'::geometry))
                     Sort Method: top-N heapsort  Memory: 25kB
                     ->  Seq Scan on phoml_trajectory_tmp s_780  (cost=0.00..165745.68 rows=1 width=84) (actual time=0.042..0.619 rows=484 loops=1)
                           Filter: ((unix_time >= '1685451553.99'::double precision) AND (unix_time <= '1685451613.99'::double precision) AND st_dwithin(st_transform(the_geom, 25833), '0101000020E9640000C165039F8BE223414FB97071A60B5741'::geometry, '300'::double precision))
                           Rows Removed by Filter: 3176
   ->  Subquery Scan on "*SELECT* 782"  (cost=165745.69..165745.70 rows=1 width=76) (actual time=0.692..0.693 rows=1 loops=1)
         ->  Limit  (cost=165745.69..165745.69 rows=1 width=84) (actual time=0.690..0.691 rows=1 loops=1)
               ->  Sort  (cost=165745.69..165745.69 rows=1 width=84) (actual time=0.688..0.688 rows=1 loops=1)
                     Sort Key: (st_distance(st_transform(s_781.the_geom, 25833), '0101000020E964000006A33EB28FE22341E1D46A4DA50B5741'::geometry))
                     Sort Method: top-N heapsort  Memory: 25kB
                     ->  Seq Scan on phoml_trajectory_tmp s_781  (cost=0.00..165745.68 rows=1 width=84) (actual time=0.040..0.613 rows=484 loops=1)
                           Filter: ((unix_time >= '1685451554.326'::double precision) AND (unix_time <= '1685451614.326'::double precision) AND st_dwithin(st_transform(the_geom, 25833), '0101000020E964000006A33EB28FE22341E1D46A4DA50B5741'::geometry, '300'::double precision))
                           Rows Removed by Filter: 3176
   ->  Subquery Scan on "*SELECT* 783"  (cost=165745.69..165745.70 rows=1 width=76) (actual time=0.715..0.716 rows=1 loops=1)
         ->  Limit  (cost=165745.69..165745.69 rows=1 width=84) (actual time=0.711..0.712 rows=1 loops=1)
               ->  Sort  (cost=165745.69..165745.69 rows=1 width=84) (actual time=0.709..0.709 rows=1 loops=1)
                     Sort Key: (st_distance(st_transform(s_782.the_geom, 25833), '0101000020E964000091116DA193E22341B774E52EA40B5741'::geometry))
                     Sort Method: top-N heapsort  Memory: 25kB
                     ->  Seq Scan on phoml_trajectory_tmp s_782  (cost=0.00..165745.68 rows=1 width=84) (actual time=0.043..0.636 rows=484 loops=1)
                           Filter: ((unix_time >= '1685451554.655'::double precision) AND (unix_time <= '1685451614.655'::double precision) AND st_dwithin(st_transform(the_geom, 25833), '0101000020E964000091116DA193E22341B774E52EA40B5741'::geometry, '300'::double precision))
                           Rows Removed by Filter: 3176
   ->  Subquery Scan on "*SELECT* 784"  (cost=165745.69..165745.70 rows=1 width=76) (actual time=0.712..0.713 rows=1 loops=1)
         ->  Limit  (cost=165745.69..165745.69 rows=1 width=84) (actual time=0.709..0.710 rows=1 loops=1)
               ->  Sort  (cost=165745.69..165745.69 rows=1 width=84) (actual time=0.706..0.707 rows=1 loops=1)
                     Sort Key: (st_distance(st_transform(s_783.the_geom, 25833), '0101000020E964000089F607B197E223412D6FC4FEA20B5741'::geometry))
                     Sort Method: top-N heapsort  Memory: 25kB
                     ->  Seq Scan on phoml_trajectory_tmp s_783  (cost=0.00..165745.68 rows=1 width=84) (actual time=0.045..0.631 rows=484 loops=1)
                           Filter: ((unix_time >= '1685451554.995'::double precision) AND (unix_time <= '1685451614.995'::double precision) AND st_dwithin(st_transform(the_geom, 25833), '0101000020E964000089F607B197E223412D6FC4FEA20B5741'::geometry, '300'::double precision))
                           Rows Removed by Filter: 3176
   ->  Subquery Scan on "*SELECT* 785"  (cost=165745.69..165745.70 rows=1 width=76) (actual time=0.686..0.687 rows=1 loops=1)
         ->  Limit  (cost=165745.69..165745.69 rows=1 width=84) (actual time=0.684..0.685 rows=1 loops=1)
               ->  Sort  (cost=165745.69..165745.69 rows=1 width=84) (actual time=0.682..0.682 rows=1 loops=1)
                     Sort Key: (st_distance(st_transform(s_784.the_geom, 25833), '0101000020E96400008C25E4989BE22341058CE9DAA10B5741'::geometry))
                     Sort Method: top-N heapsort  Memory: 25kB
                     ->  Seq Scan on phoml_trajectory_tmp s_784  (cost=0.00..165745.68 rows=1 width=84) (actual time=0.042..0.610 rows=484 loops=1)
                           Filter: ((unix_time >= '1685451555.331'::double precision) AND (unix_time <= '1685451615.331'::double precision) AND st_dwithin(st_transform(the_geom, 25833), '0101000020E96400008C25E4989BE22341058CE9DAA10B5741'::geometry, '300'::double precision))
                           Rows Removed by Filter: 3176
   ->  Subquery Scan on "*SELECT* 786"  (cost=165745.69..165745.70 rows=1 width=76) (actual time=0.702..0.703 rows=1 loops=1)
         ->  Limit  (cost=165745.69..165745.69 rows=1 width=84) (actual time=0.699..0.700 rows=1 loops=1)
               ->  Sort  (cost=165745.69..165745.69 rows=1 width=84) (actual time=0.689..0.689 rows=1 loops=1)
                     Sort Key: (st_distance(st_transform(s_785.the_geom, 25833), '0101000020E9640000271B53819FE22341D75B84B0A00B5741'::geometry))
                     Sort Method: top-N heapsort  Memory: 25kB
                     ->  Seq Scan on phoml_trajectory_tmp s_785  (cost=0.00..165745.68 rows=1 width=84) (actual time=0.045..0.614 rows=484 loops=1)
                           Filter: ((unix_time >= '1685451555.671'::double precision) AND (unix_time <= '1685451615.671'::double precision) AND st_dwithin(st_transform(the_geom, 25833), '0101000020E9640000271B53819FE22341D75B84B0A00B5741'::geometry, '300'::double precision))
                           Rows Removed by Filter: 3176
   ->  Subquery Scan on "*SELECT* 787"  (cost=165745.69..165745.70 rows=1 width=76) (actual time=0.724..0.725 rows=1 loops=1)
         ->  Limit  (cost=165745.69..165745.69 rows=1 width=84) (actual time=0.719..0.720 rows=1 loops=1)
               ->  Sort  (cost=165745.69..165745.69 rows=1 width=84) (actual time=0.716..0.717 rows=1 loops=1)
                     Sort Key: (st_distance(st_transform(s_786.the_geom, 25833), '0101000020E96400007888CC47A3E223418EC83B949F0B5741'::geometry))
                     Sort Method: top-N heapsort  Memory: 25kB
                     ->  Seq Scan on phoml_trajectory_tmp s_786  (cost=0.00..165745.68 rows=1 width=84) (actual time=0.045..0.639 rows=484 loops=1)
                           Filter: ((unix_time >= '1685451556.001'::double precision) AND (unix_time <= '1685451616.001'::double precision) AND st_dwithin(st_transform(the_geom, 25833), '0101000020E96400007888CC47A3E223418EC83B949F0B5741'::geometry, '300'::double precision))
                           Rows Removed by Filter: 3176
   ->  Subquery Scan on "*SELECT* 788"  (cost=165745.69..165745.70 rows=1 width=76) (actual time=0.721..0.722 rows=1 loops=1)
         ->  Limit  (cost=165745.69..165745.69 rows=1 width=84) (actual time=0.717..0.718 rows=1 loops=1)
               ->  Sort  (cost=165745.69..165745.69 rows=1 width=84) (actual time=0.715..0.715 rows=1 loops=1)
                     Sort Key: (st_distance(st_transform(s_787.the_geom, 25833), '0101000020E96400002D04FC53A7E22341D0E3E8629E0B5741'::geometry))
                     Sort Method: top-N heapsort  Memory: 25kB
                     ->  Seq Scan on phoml_trajectory_tmp s_787  (cost=0.00..165745.68 rows=1 width=84) (actual time=0.050..0.639 rows=484 loops=1)
                           Filter: ((unix_time >= '1685451556.357'::double precision) AND (unix_time <= '1685451616.357'::double precision) AND st_dwithin(st_transform(the_geom, 25833), '0101000020E96400002D04FC53A7E22341D0E3E8629E0B5741'::geometry, '300'::double precision))
                           Rows Removed by Filter: 3176
   ->  Subquery Scan on "*SELECT* 789"  (cost=165745.69..165745.70 rows=1 width=76) (actual time=0.694..0.695 rows=1 loops=1)
         ->  Limit  (cost=165745.69..165745.69 rows=1 width=84) (actual time=0.690..0.691 rows=1 loops=1)
               ->  Sort  (cost=165745.69..165745.69 rows=1 width=84) (actual time=0.688..0.688 rows=1 loops=1)
                     Sort Key: (st_distance(st_transform(s_788.the_geom, 25833), '0101000020E9640000B63C7D44ABE22341A6FE7C329D0B5741'::geometry))
                     Sort Method: top-N heapsort  Memory: 25kB
                     ->  Seq Scan on phoml_trajectory_tmp s_788  (cost=0.00..165745.68 rows=1 width=84) (actual time=0.043..0.614 rows=484 loops=1)
                           Filter: ((unix_time >= '1685451556.707'::double precision) AND (unix_time <= '1685451616.707'::double precision) AND st_dwithin(st_transform(the_geom, 25833), '0101000020E9640000B63C7D44ABE22341A6FE7C329D0B5741'::geometry, '300'::double precision))
                           Rows Removed by Filter: 3176
   ->  Subquery Scan on "*SELECT* 790"  (cost=165745.69..165745.70 rows=1 width=76) (actual time=0.711..0.712 rows=1 loops=1)
         ->  Limit  (cost=165745.69..165745.69 rows=1 width=84) (actual time=0.706..0.707 rows=1 loops=1)
               ->  Sort  (cost=165745.69..165745.69 rows=1 width=84) (actual time=0.703..0.704 rows=1 loops=1)
                     Sort Key: (st_distance(st_transform(s_789.the_geom, 25833), '0101000020E96400008A899B2DAFE223410B25A1109C0B5741'::geometry))
                     Sort Method: top-N heapsort  Memory: 25kB
                     ->  Seq Scan on phoml_trajectory_tmp s_789  (cost=0.00..165745.68 rows=1 width=84) (actual time=0.046..0.629 rows=484 loops=1)
                           Filter: ((unix_time >= '1685451557.057'::double precision) AND (unix_time <= '1685451617.057'::double precision) AND st_dwithin(st_transform(the_geom, 25833), '0101000020E96400008A899B2DAFE223410B25A1109C0B5741'::geometry, '300'::double precision))
                           Rows Removed by Filter: 3176
   ->  Subquery Scan on "*SELECT* 791"  (cost=165745.69..165745.70 rows=1 width=76) (actual time=0.705..0.706 rows=1 loops=1)
         ->  Limit  (cost=165745.69..165745.69 rows=1 width=84) (actual time=0.702..0.702 rows=1 loops=1)
               ->  Sort  (cost=165745.69..165745.69 rows=1 width=84) (actual time=0.699..0.700 rows=1 loops=1)
                     Sort Key: (st_distance(st_transform(s_790.the_geom, 25833), '0101000020E964000098D40321B3E22341ACFB97E99A0B5741'::geometry))
                     Sort Method: top-N heapsort  Memory: 25kB
                     ->  Seq Scan on phoml_trajectory_tmp s_790  (cost=0.00..165745.68 rows=1 width=84) (actual time=0.047..0.626 rows=480 loops=1)
                           Filter: ((unix_time >= '1685451557.413'::double precision) AND (unix_time <= '1685451617.413'::double precision) AND st_dwithin(st_transform(the_geom, 25833), '0101000020E964000098D40321B3E22341ACFB97E99A0B5741'::geometry, '300'::double precision))
                           Rows Removed by Filter: 3180
   ->  Subquery Scan on "*SELECT* 792"  (cost=165745.69..165745.70 rows=1 width=76) (actual time=0.716..0.717 rows=1 loops=1)
         ->  Limit  (cost=165745.69..165745.69 rows=1 width=84) (actual time=0.712..0.713 rows=1 loops=1)
               ->  Sort  (cost=165745.69..165745.69 rows=1 width=84) (actual time=0.711..0.711 rows=1 loops=1)
                     Sort Key: (st_distance(st_transform(s_791.the_geom, 25833), '0101000020E964000040A0071BB7E22341D71851C0990B5741'::geometry))
                     Sort Method: top-N heapsort  Memory: 25kB
                     ->  Seq Scan on phoml_trajectory_tmp s_791  (cost=0.00..165745.68 rows=1 width=84) (actual time=0.046..0.636 rows=484 loops=1)
                           Filter: ((unix_time >= '1685451557.773'::double precision) AND (unix_time <= '1685451617.773'::double precision) AND st_dwithin(st_transform(the_geom, 25833), '0101000020E964000040A0071BB7E22341D71851C0990B5741'::geometry, '300'::double precision))
                           Rows Removed by Filter: 3176
   ->  Subquery Scan on "*SELECT* 793"  (cost=165745.69..165745.70 rows=1 width=76) (actual time=0.690..0.691 rows=1 loops=1)
         ->  Limit  (cost=165745.69..165745.69 rows=1 width=84) (actual time=0.687..0.688 rows=1 loops=1)
               ->  Sort  (cost=165745.69..165745.69 rows=1 width=84) (actual time=0.686..0.686 rows=1 loops=1)
                     Sort Key: (st_distance(st_transform(s_792.the_geom, 25833), '0101000020E9640000B0460B36BBE223413862E99F980B5741'::geometry))
                     Sort Method: top-N heapsort  Memory: 25kB
                     ->  Seq Scan on phoml_trajectory_tmp s_792  (cost=0.00..165745.68 rows=1 width=84) (actual time=0.043..0.613 rows=484 loops=1)
                           Filter: ((unix_time >= '1685451558.143'::double precision) AND (unix_time <= '1685451618.143'::double precision) AND st_dwithin(st_transform(the_geom, 25833), '0101000020E9640000B0460B36BBE223413862E99F980B5741'::geometry, '300'::double precision))
                           Rows Removed by Filter: 3176
   ->  Subquery Scan on "*SELECT* 794"  (cost=165745.69..165745.70 rows=1 width=76) (actual time=0.718..0.719 rows=1 loops=1)
         ->  Limit  (cost=165745.69..165745.69 rows=1 width=84) (actual time=0.714..0.715 rows=1 loops=1)
               ->  Sort  (cost=165745.69..165745.69 rows=1 width=84) (actual time=0.712..0.713 rows=1 loops=1)
                     Sort Key: (st_distance(st_transform(s_793.the_geom, 25833), '0101000020E96400008BAED90BBFE22341B5DE9B86970B5741'::geometry))
                     Sort Method: top-N heapsort  Memory: 25kB
                     ->  Seq Scan on phoml_trajectory_tmp s_793  (cost=0.00..165745.68 rows=1 width=84) (actual time=0.045..0.639 rows=488 loops=1)
                           Filter: ((unix_time >= '1685451558.502'::double precision) AND (unix_time <= '1685451618.502'::double precision) AND st_dwithin(st_transform(the_geom, 25833), '0101000020E96400008BAED90BBFE22341B5DE9B86970B5741'::geometry, '300'::double precision))
                           Rows Removed by Filter: 3172
   ->  Subquery Scan on "*SELECT* 795"  (cost=165745.69..165745.70 rows=1 width=76) (actual time=0.731..0.732 rows=1 loops=1)
         ->  Limit  (cost=165745.69..165745.69 rows=1 width=84) (actual time=0.727..0.728 rows=1 loops=1)
               ->  Sort  (cost=165745.69..165745.69 rows=1 width=84) (actual time=0.725..0.726 rows=1 loops=1)
                     Sort Key: (st_distance(st_transform(s_794.the_geom, 25833), '0101000020E964000033B80617C3E22341983C005C960B5741'::geometry))
                     Sort Method: top-N heapsort  Memory: 25kB
                     ->  Seq Scan on phoml_trajectory_tmp s_794  (cost=0.00..165745.68 rows=1 width=84) (actual time=0.044..0.651 rows=488 loops=1)
                           Filter: ((unix_time >= '1685451558.882'::double precision) AND (unix_time <= '1685451618.882'::double precision) AND st_dwithin(st_transform(the_geom, 25833), '0101000020E964000033B80617C3E22341983C005C960B5741'::geometry, '300'::double precision))
                           Rows Removed by Filter: 3172
   ->  Subquery Scan on "*SELECT* 796"  (cost=165745.69..165745.70 rows=1 width=76) (actual time=0.700..0.701 rows=1 loops=1)
         ->  Limit  (cost=165745.69..165745.69 rows=1 width=84) (actual time=0.697..0.698 rows=1 loops=1)
               ->  Sort  (cost=165745.69..165745.69 rows=1 width=84) (actual time=0.695..0.696 rows=1 loops=1)
                     Sort Key: (st_distance(st_transform(s_795.the_geom, 25833), '0101000020E9640000F5FCBA02C7E22341082BC330950B5741'::geometry))
                     Sort Method: top-N heapsort  Memory: 25kB
                     ->  Seq Scan on phoml_trajectory_tmp s_795  (cost=0.00..165745.68 rows=1 width=84) (actual time=0.045..0.619 rows=488 loops=1)
                           Filter: ((unix_time >= '1685451559.255'::double precision) AND (unix_time <= '1685451619.255'::double precision) AND st_dwithin(st_transform(the_geom, 25833), '0101000020E9640000F5FCBA02C7E22341082BC330950B5741'::geometry, '300'::double precision))
                           Rows Removed by Filter: 3172
   ->  Subquery Scan on "*SELECT* 797"  (cost=165745.69..165745.70 rows=1 width=76) (actual time=0.720..0.721 rows=1 loops=1)
         ->  Limit  (cost=165745.69..165745.69 rows=1 width=84) (actual time=0.717..0.718 rows=1 loops=1)
               ->  Sort  (cost=165745.69..165745.69 rows=1 width=84) (actual time=0.715..0.716 rows=1 loops=1)
                     Sort Key: (st_distance(st_transform(s_796.the_geom, 25833), '0101000020E964000045EA17D8CAE2234156F973FE930B5741'::geometry))
                     Sort Method: top-N heapsort  Memory: 25kB
                     ->  Seq Scan on phoml_trajectory_tmp s_796  (cost=0.00..165745.68 rows=1 width=84) (actual time=0.067..0.642 rows=488 loops=1)
                           Filter: ((unix_time >= '1685451559.645'::double precision) AND (unix_time <= '1685451619.645'::double precision) AND st_dwithin(st_transform(the_geom, 25833), '0101000020E964000045EA17D8CAE2234156F973FE930B5741'::geometry, '300'::double precision))
                           Rows Removed by Filter: 3172
   ->  Subquery Scan on "*SELECT* 798"  (cost=165745.69..165745.70 rows=1 width=76) (actual time=0.717..0.718 rows=1 loops=1)
         ->  Limit  (cost=165745.69..165745.69 rows=1 width=84) (actual time=0.713..0.713 rows=1 loops=1)
               ->  Sort  (cost=165745.69..165745.69 rows=1 width=84) (actual time=0.710..0.711 rows=1 loops=1)
                     Sort Key: (st_distance(st_transform(s_797.the_geom, 25833), '0101000020E9640000DC424CA0CEE223413319ADCE920B5741'::geometry))
                     Sort Method: top-N heapsort  Memory: 25kB
                     ->  Seq Scan on phoml_trajectory_tmp s_797  (cost=0.00..165745.68 rows=1 width=84) (actual time=0.046..0.636 rows=492 loops=1)
                           Filter: ((unix_time >= '1685451560.025'::double precision) AND (unix_time <= '1685451620.025'::double precision) AND st_dwithin(st_transform(the_geom, 25833), '0101000020E9640000DC424CA0CEE223413319ADCE920B5741'::geometry, '300'::double precision))
                           Rows Removed by Filter: 3168
   ->  Subquery Scan on "*SELECT* 799"  (cost=165745.69..165745.70 rows=1 width=76) (actual time=0.710..0.711 rows=1 loops=1)
         ->  Limit  (cost=165745.69..165745.69 rows=1 width=84) (actual time=0.706..0.707 rows=1 loops=1)
               ->  Sort  (cost=165745.69..165745.69 rows=1 width=84) (actual time=0.704..0.705 rows=1 loops=1)
                     Sort Key: (st_distance(st_transform(s_798.the_geom, 25833), '0101000020E964000033F9607FD2E223418D45FF9B910B5741'::geometry))
                     Sort Method: top-N heapsort  Memory: 25kB
                     ->  Seq Scan on phoml_trajectory_tmp s_798  (cost=0.00..165745.68 rows=1 width=84) (actual time=0.043..0.631 rows=492 loops=1)
                           Filter: ((unix_time >= '1685451560.41'::double precision) AND (unix_time <= '1685451620.41'::double precision) AND st_dwithin(st_transform(the_geom, 25833), '0101000020E964000033F9607FD2E223418D45FF9B910B5741'::geometry, '300'::double precision))
                           Rows Removed by Filter: 3168
   ->  Subquery Scan on "*SELECT* 800"  (cost=165745.69..165745.70 rows=1 width=76) (actual time=0.701..0.702 rows=1 loops=1)
         ->  Limit  (cost=165745.69..165745.69 rows=1 width=84) (actual time=0.699..0.700 rows=1 loops=1)
               ->  Sort  (cost=165745.69..165745.69 rows=1 width=84) (actual time=0.697..0.697 rows=1 loops=1)
                     Sort Key: (st_distance(st_transform(s_799.the_geom, 25833), '0101000020E96400009F2BD143D6E22341AE7F2F6B900B5741'::geometry))
                     Sort Method: top-N heapsort  Memory: 25kB
                     ->  Seq Scan on phoml_trajectory_tmp s_799  (cost=0.00..165745.68 rows=1 width=84) (actual time=0.048..0.625 rows=488 loops=1)
                           Filter: ((unix_time >= '1685451560.8'::double precision) AND (unix_time <= '1685451620.8'::double precision) AND st_dwithin(st_transform(the_geom, 25833), '0101000020E96400009F2BD143D6E22341AE7F2F6B900B5741'::geometry, '300'::double precision))
                           Rows Removed by Filter: 3172
   ->  Subquery Scan on "*SELECT* 801"  (cost=165745.69..165745.70 rows=1 width=76) (actual time=0.710..0.711 rows=1 loops=1)
         ->  Limit  (cost=165745.69..165745.69 rows=1 width=84) (actual time=0.707..0.707 rows=1 loops=1)
               ->  Sort  (cost=165745.69..165745.69 rows=1 width=84) (actual time=0.704..0.704 rows=1 loops=1)
                     Sort Key: (st_distance(st_transform(s_800.the_geom, 25833), '0101000020E9640000C3A67F09DAE22341DE32F53C8F0B5741'::geometry))
                     Sort Method: top-N heapsort  Memory: 25kB
                     ->  Seq Scan on phoml_trajectory_tmp s_800  (cost=0.00..165745.68 rows=1 width=84) (actual time=0.045..0.630 rows=492 loops=1)
                           Filter: ((unix_time >= '1685451561.192'::double precision) AND (unix_time <= '1685451621.192'::double precision) AND st_dwithin(st_transform(the_geom, 25833), '0101000020E9640000C3A67F09DAE22341DE32F53C8F0B5741'::geometry, '300'::double precision))
                           Rows Removed by Filter: 3168
   ->  Subquery Scan on "*SELECT* 802"  (cost=165745.69..165745.70 rows=1 width=76) (actual time=0.710..0.711 rows=1 loops=1)
         ->  Limit  (cost=165745.69..165745.69 rows=1 width=84) (actual time=0.706..0.707 rows=1 loops=1)
               ->  Sort  (cost=165745.69..165745.69 rows=1 width=84) (actual time=0.704..0.705 rows=1 loops=1)
                     Sort Key: (st_distance(st_transform(s_801.the_geom, 25833), '0101000020E96400006157EFA7DDE223419ADDB20C8E0B5741'::geometry))
                     Sort Method: top-N heapsort  Memory: 25kB
                     ->  Seq Scan on phoml_trajectory_tmp s_801  (cost=0.00..165745.68 rows=1 width=84) (actual time=0.044..0.629 rows=496 loops=1)
                           Filter: ((unix_time >= '1685451561.582'::double precision) AND (unix_time <= '1685451621.582'::double precision) AND st_dwithin(st_transform(the_geom, 25833), '0101000020E96400006157EFA7DDE223419ADDB20C8E0B5741'::geometry, '300'::double precision))
                           Rows Removed by Filter: 3164
   ->  Subquery Scan on "*SELECT* 803"  (cost=165745.69..165745.70 rows=1 width=76) (actual time=0.707..0.708 rows=1 loops=1)
         ->  Limit  (cost=165745.69..165745.69 rows=1 width=84) (actual time=0.703..0.704 rows=1 loops=1)
               ->  Sort  (cost=165745.69..165745.69 rows=1 width=84) (actual time=0.701..0.701 rows=1 loops=1)
                     Sort Key: (st_distance(st_transform(s_802.the_geom, 25833), '0101000020E9640000301FB34CE1E2234104A541D58C0B5741'::geometry))
                     Sort Method: top-N heapsort  Memory: 25kB
                     ->  Seq Scan on phoml_trajectory_tmp s_802  (cost=0.00..165745.68 rows=1 width=84) (actual time=0.043..0.626 rows=496 loops=1)
                           Filter: ((unix_time >= '1685451561.982'::double precision) AND (unix_time <= '1685451621.982'::double precision) AND st_dwithin(st_transform(the_geom, 25833), '0101000020E9640000301FB34CE1E2234104A541D58C0B5741'::geometry, '300'::double precision))
                           Rows Removed by Filter: 3164
   ->  Subquery Scan on "*SELECT* 804"  (cost=165745.69..165745.70 rows=1 width=76) (actual time=0.697..0.698 rows=1 loops=1)
         ->  Limit  (cost=165745.69..165745.69 rows=1 width=84) (actual time=0.695..0.696 rows=1 loops=1)
               ->  Sort  (cost=165745.69..165745.69 rows=1 width=84) (actual time=0.693..0.693 rows=1 loops=1)
                     Sort Key: (st_distance(st_transform(s_803.the_geom, 25833), '0101000020E96400001DA84DEDE4E2234123B08AA58B0B5741'::geometry))
                     Sort Method: top-N heapsort  Memory: 25kB
                     ->  Seq Scan on phoml_trajectory_tmp s_803  (cost=0.00..165745.68 rows=1 width=84) (actual time=0.047..0.619 rows=492 loops=1)
                           Filter: ((unix_time >= '1685451562.366'::double precision) AND (unix_time <= '1685451622.366'::double precision) AND st_dwithin(st_transform(the_geom, 25833), '0101000020E96400001DA84DEDE4E2234123B08AA58B0B5741'::geometry, '300'::double precision))
                           Rows Removed by Filter: 3168
   ->  Subquery Scan on "*SELECT* 805"  (cost=165745.69..165745.70 rows=1 width=76) (actual time=0.717..0.718 rows=1 loops=1)
         ->  Limit  (cost=165745.69..165745.69 rows=1 width=84) (actual time=0.714..0.715 rows=1 loops=1)
               ->  Sort  (cost=165745.69..165745.69 rows=1 width=84) (actual time=0.712..0.712 rows=1 loops=1)
                     Sort Key: (st_distance(st_transform(s_804.the_geom, 25833), '0101000020E9640000F2A68483E8E22341BA7CCA838A0B5741'::geometry))
                     Sort Method: top-N heapsort  Memory: 25kB
                     ->  Seq Scan on phoml_trajectory_tmp s_804  (cost=0.00..165745.68 rows=1 width=84) (actual time=0.044..0.637 rows=492 loops=1)
                           Filter: ((unix_time >= '1685451562.756'::double precision) AND (unix_time <= '1685451622.756'::double precision) AND st_dwithin(st_transform(the_geom, 25833), '0101000020E9640000F2A68483E8E22341BA7CCA838A0B5741'::geometry, '300'::double precision))
                           Rows Removed by Filter: 3168
   ->  Subquery Scan on "*SELECT* 806"  (cost=165745.69..165745.70 rows=1 width=76) (actual time=0.716..0.717 rows=1 loops=1)
         ->  Limit  (cost=165745.69..165745.69 rows=1 width=84) (actual time=0.713..0.713 rows=1 loops=1)
               ->  Sort  (cost=165745.69..165745.69 rows=1 width=84) (actual time=0.711..0.711 rows=1 loops=1)
                     Sort Key: (st_distance(st_transform(s_805.the_geom, 25833), '0101000020E9640000902AF133ECE22341ECEC6D5E890B5741'::geometry))
                     Sort Method: top-N heapsort  Memory: 25kB
                     ->  Seq Scan on phoml_trajectory_tmp s_805  (cost=0.00..165745.68 rows=1 width=84) (actual time=0.045..0.632 rows=496 loops=1)
                           Filter: ((unix_time >= '1685451563.156'::double precision) AND (unix_time <= '1685451623.156'::double precision) AND st_dwithin(st_transform(the_geom, 25833), '0101000020E9640000902AF133ECE22341ECEC6D5E890B5741'::geometry, '300'::double precision))
                           Rows Removed by Filter: 3164
   ->  Subquery Scan on "*SELECT* 807"  (cost=165745.69..165745.70 rows=1 width=76) (actual time=0.702..0.703 rows=1 loops=1)
         ->  Limit  (cost=165745.69..165745.69 rows=1 width=84) (actual time=0.700..0.700 rows=1 loops=1)
               ->  Sort  (cost=165745.69..165745.69 rows=1 width=84) (actual time=0.698..0.698 rows=1 loops=1)
                     Sort Key: (st_distance(st_transform(s_806.the_geom, 25833), '0101000020E9640000316E8BF0EFE22341661C4A2F880B5741'::geometry))
                     Sort Method: top-N heapsort  Memory: 25kB
                     ->  Seq Scan on phoml_trajectory_tmp s_806  (cost=0.00..165745.68 rows=1 width=84) (actual time=0.050..0.619 rows=496 loops=1)
                           Filter: ((unix_time >= '1685451563.546'::double precision) AND (unix_time <= '1685451623.546'::double precision) AND st_dwithin(st_transform(the_geom, 25833), '0101000020E9640000316E8BF0EFE22341661C4A2F880B5741'::geometry, '300'::double precision))
                           Rows Removed by Filter: 3164
   ->  Subquery Scan on "*SELECT* 808"  (cost=165745.69..165745.70 rows=1 width=76) (actual time=0.760..0.761 rows=1 loops=1)
         ->  Limit  (cost=165745.69..165745.69 rows=1 width=84) (actual time=0.756..0.757 rows=1 loops=1)
               ->  Sort  (cost=165745.69..165745.69 rows=1 width=84) (actual time=0.754..0.755 rows=1 loops=1)
                     Sort Key: (st_distance(st_transform(s_807.the_geom, 25833), '0101000020E96400007E9201A9F3E223410FC6AD0E870B5741'::geometry))
                     Sort Method: top-N heapsort  Memory: 25kB
                     ->  Seq Scan on phoml_trajectory_tmp s_807  (cost=0.00..165745.68 rows=1 width=84) (actual time=0.055..0.676 rows=500 loops=1)
                           Filter: ((unix_time >= '1685451563.936'::double precision) AND (unix_time <= '1685451623.936'::double precision) AND st_dwithin(st_transform(the_geom, 25833), '0101000020E96400007E9201A9F3E223410FC6AD0E870B5741'::geometry, '300'::double precision))
                           Rows Removed by Filter: 3160
   ->  Subquery Scan on "*SELECT* 809"  (cost=165745.69..165745.70 rows=1 width=76) (actual time=0.703..0.704 rows=1 loops=1)
         ->  Limit  (cost=165745.69..165745.69 rows=1 width=84) (actual time=0.701..0.702 rows=1 loops=1)
               ->  Sort  (cost=165745.69..165745.69 rows=1 width=84) (actual time=0.699..0.699 rows=1 loops=1)
                     Sort Key: (st_distance(st_transform(s_808.the_geom, 25833), '0101000020E964000081FC9D84F7E223415BCB76EF850B5741'::geometry))
                     Sort Method: top-N heapsort  Memory: 25kB
                     ->  Seq Scan on phoml_trajectory_tmp s_808  (cost=0.00..165745.68 rows=1 width=84) (actual time=0.045..0.624 rows=500 loops=1)
                           Filter: ((unix_time >= '1685451564.329'::double precision) AND (unix_time <= '1685451624.329'::double precision) AND st_dwithin(st_transform(the_geom, 25833), '0101000020E964000081FC9D84F7E223415BCB76EF850B5741'::geometry, '300'::double precision))
                           Rows Removed by Filter: 3160
   ->  Subquery Scan on "*SELECT* 810"  (cost=165745.69..165745.70 rows=1 width=76) (actual time=0.712..0.713 rows=1 loops=1)
         ->  Limit  (cost=165745.69..165745.69 rows=1 width=84) (actual time=0.709..0.710 rows=1 loops=1)
               ->  Sort  (cost=165745.69..165745.69 rows=1 width=84) (actual time=0.707..0.707 rows=1 loops=1)
                     Sort Key: (st_distance(st_transform(s_809.the_geom, 25833), '0101000020E96400008538D336FBE223410524A5CA840B5741'::geometry))
                     Sort Method: top-N heapsort  Memory: 25kB
                     ->  Seq Scan on phoml_trajectory_tmp s_809  (cost=0.00..165745.68 rows=1 width=84) (actual time=0.043..0.633 rows=500 loops=1)
                           Filter: ((unix_time >= '1685451564.719'::double precision) AND (unix_time <= '1685451624.719'::double precision) AND st_dwithin(st_transform(the_geom, 25833), '0101000020E96400008538D336FBE223410524A5CA840B5741'::geometry, '300'::double precision))
                           Rows Removed by Filter: 3160
   ->  Subquery Scan on "*SELECT* 811"  (cost=165745.69..165745.70 rows=1 width=76) (actual time=0.715..0.716 rows=1 loops=1)
         ->  Limit  (cost=165745.69..165745.69 rows=1 width=84) (actual time=0.711..0.712 rows=1 loops=1)
               ->  Sort  (cost=165745.69..165745.69 rows=1 width=84) (actual time=0.709..0.709 rows=1 loops=1)
                     Sort Key: (st_distance(st_transform(s_810.the_geom, 25833), '0101000020E9640000039C290BFFE22341B6E4A09E830B5741'::geometry))
                     Sort Method: top-N heapsort  Memory: 25kB
                     ->  Seq Scan on phoml_trajectory_tmp s_810  (cost=0.00..165745.68 rows=1 width=84) (actual time=0.046..0.634 rows=496 loops=1)
                           Filter: ((unix_time >= '1685451565.119'::double precision) AND (unix_time <= '1685451625.119'::double precision) AND st_dwithin(st_transform(the_geom, 25833), '0101000020E9640000039C290BFFE22341B6E4A09E830B5741'::geometry, '300'::double precision))
                           Rows Removed by Filter: 3164
   ->  Subquery Scan on "*SELECT* 812"  (cost=165745.69..165745.70 rows=1 width=76) (actual time=0.720..0.722 rows=1 loops=1)
         ->  Limit  (cost=165745.69..165745.69 rows=1 width=84) (actual time=0.716..0.717 rows=1 loops=1)
               ->  Sort  (cost=165745.69..165745.69 rows=1 width=84) (actual time=0.714..0.714 rows=1 loops=1)
                     Sort Key: (st_distance(st_transform(s_811.the_geom, 25833), '0101000020E964000014BF04E102E32341593DE77B820B5741'::geometry))
                     Sort Method: top-N heapsort  Memory: 25kB
                     ->  Seq Scan on phoml_trajectory_tmp s_811  (cost=0.00..165745.68 rows=1 width=84) (actual time=0.050..0.638 rows=496 loops=1)
                           Filter: ((unix_time >= '1685451565.52'::double precision) AND (unix_time <= '1685451625.52'::double precision) AND st_dwithin(st_transform(the_geom, 25833), '0101000020E964000014BF04E102E32341593DE77B820B5741'::geometry, '300'::double precision))
                           Rows Removed by Filter: 3164
   ->  Subquery Scan on "*SELECT* 813"  (cost=165745.69..165745.70 rows=1 width=76) (actual time=0.709..0.710 rows=1 loops=1)
         ->  Limit  (cost=165745.69..165745.69 rows=1 width=84) (actual time=0.706..0.706 rows=1 loops=1)
               ->  Sort  (cost=165745.69..165745.69 rows=1 width=84) (actual time=0.702..0.702 rows=1 loops=1)
                     Sort Key: (st_distance(st_transform(s_812.the_geom, 25833), '0101000020E9640000372966E806E3234145FF3F64810B5741'::geometry))
                     Sort Method: top-N heapsort  Memory: 25kB
                     ->  Seq Scan on phoml_trajectory_tmp s_812  (cost=0.00..165745.68 rows=1 width=84) (actual time=0.051..0.621 rows=500 loops=1)
                           Filter: ((unix_time >= '1685451565.93'::double precision) AND (unix_time <= '1685451625.93'::double precision) AND st_dwithin(st_transform(the_geom, 25833), '0101000020E9640000372966E806E3234145FF3F64810B5741'::geometry, '300'::double precision))
                           Rows Removed by Filter: 3160
   ->  Subquery Scan on "*SELECT* 814"  (cost=165745.69..165745.70 rows=1 width=76) (actual time=0.707..0.709 rows=1 loops=1)
         ->  Limit  (cost=165745.69..165745.69 rows=1 width=84) (actual time=0.704..0.705 rows=1 loops=1)
               ->  Sort  (cost=165745.69..165745.69 rows=1 width=84) (actual time=0.702..0.702 rows=1 loops=1)
                     Sort Key: (st_distance(st_transform(s_813.the_geom, 25833), '0101000020E9640000CB17A1D70AE32341A26FA653800B5741'::geometry))
                     Sort Method: top-N heapsort  Memory: 25kB
                     ->  Seq Scan on phoml_trajectory_tmp s_813  (cost=0.00..165745.68 rows=1 width=84) (actual time=0.044..0.627 rows=500 loops=1)
                           Filter: ((unix_time >= '1685451566.334'::double precision) AND (unix_time <= '1685451626.334'::double precision) AND st_dwithin(st_transform(the_geom, 25833), '0101000020E9640000CB17A1D70AE32341A26FA653800B5741'::geometry, '300'::double precision))
                           Rows Removed by Filter: 3160
   ->  Subquery Scan on "*SELECT* 815"  (cost=165745.69..165745.70 rows=1 width=76) (actual time=0.712..0.713 rows=1 loops=1)
         ->  Limit  (cost=165745.69..165745.69 rows=1 width=84) (actual time=0.708..0.709 rows=1 loops=1)
               ->  Sort  (cost=165745.69..165745.69 rows=1 width=84) (actual time=0.706..0.706 rows=1 loops=1)
                     Sort Key: (st_distance(st_transform(s_814.the_geom, 25833), '0101000020E9640000F5BC2D120FE3234163FD174E7F0B5741'::geometry))
                     Sort Method: top-N heapsort  Memory: 25kB
                     ->  Seq Scan on phoml_trajectory_tmp s_814  (cost=0.00..165745.68 rows=1 width=84) (actual time=0.043..0.622 rows=500 loops=1)
                           Filter: ((unix_time >= '1685451566.754'::double precision) AND (unix_time <= '1685451626.754'::double precision) AND st_dwithin(st_transform(the_geom, 25833), '0101000020E9640000F5BC2D120FE3234163FD174E7F0B5741'::geometry, '300'::double precision))
                           Rows Removed by Filter: 3160
   ->  Subquery Scan on "*SELECT* 816"  (cost=165745.69..165745.70 rows=1 width=76) (actual time=0.701..0.702 rows=1 loops=1)
         ->  Limit  (cost=165745.69..165745.69 rows=1 width=84) (actual time=0.699..0.699 rows=1 loops=1)
               ->  Sort  (cost=165745.69..165745.69 rows=1 width=84) (actual time=0.697..0.697 rows=1 loops=1)
                     Sort Key: (st_distance(st_transform(s_815.the_geom, 25833), '0101000020E964000046B54F7D13E3234194C6B4567E0B5741'::geometry))
                     Sort Method: top-N heapsort  Memory: 25kB
                     ->  Seq Scan on phoml_trajectory_tmp s_815  (cost=0.00..165745.68 rows=1 width=84) (actual time=0.044..0.621 rows=500 loops=1)
                           Filter: ((unix_time >= '1685451567.181'::double precision) AND (unix_time <= '1685451627.181'::double precision) AND st_dwithin(st_transform(the_geom, 25833), '0101000020E964000046B54F7D13E3234194C6B4567E0B5741'::geometry, '300'::double precision))
                           Rows Removed by Filter: 3160
   ->  Subquery Scan on "*SELECT* 817"  (cost=165745.69..165745.70 rows=1 width=76) (actual time=0.699..0.700 rows=1 loops=1)
         ->  Limit  (cost=165745.69..165745.69 rows=1 width=84) (actual time=0.697..0.697 rows=1 loops=1)
               ->  Sort  (cost=165745.69..165745.69 rows=1 width=84) (actual time=0.694..0.695 rows=1 loops=1)
                     Sort Key: (st_distance(st_transform(s_816.the_geom, 25833), '0101000020E964000000A6C90818E32341EA1E1B7C7D0B5741'::geometry))
                     Sort Method: top-N heapsort  Memory: 25kB
                     ->  Seq Scan on phoml_trajectory_tmp s_816  (cost=0.00..165745.68 rows=1 width=84) (actual time=0.055..0.619 rows=498 loops=1)
                           Filter: ((unix_time >= '1685451567.601'::double precision) AND (unix_time <= '1685451627.601'::double precision) AND st_dwithin(st_transform(the_geom, 25833), '0101000020E964000000A6C90818E32341EA1E1B7C7D0B5741'::geometry, '300'::double precision))
                           Rows Removed by Filter: 3162
   ->  Subquery Scan on "*SELECT* 818"  (cost=165745.69..165745.70 rows=1 width=76) (actual time=0.710..0.711 rows=1 loops=1)
         ->  Limit  (cost=165745.69..165745.69 rows=1 width=84) (actual time=0.706..0.707 rows=1 loops=1)
               ->  Sort  (cost=165745.69..165745.69 rows=1 width=84) (actual time=0.704..0.705 rows=1 loops=1)
                     Sort Key: (st_distance(st_transform(s_817.the_geom, 25833), '0101000020E9640000B79BF8F91CE32341DA8759C57C0B5741'::geometry))
                     Sort Method: top-N heapsort  Memory: 25kB
                     ->  Seq Scan on phoml_trajectory_tmp s_817  (cost=0.00..165745.68 rows=1 width=84) (actual time=0.044..0.630 rows=496 loops=1)
                           Filter: ((unix_time >= '1685451568.031'::double precision) AND (unix_time <= '1685451628.031'::double precision) AND st_dwithin(st_transform(the_geom, 25833), '0101000020E9640000B79BF8F91CE32341DA8759C57C0B5741'::geometry, '300'::double precision))
                           Rows Removed by Filter: 3164
   ->  Subquery Scan on "*SELECT* 819"  (cost=165745.69..165745.70 rows=1 width=76) (actual time=0.712..0.713 rows=1 loops=1)
         ->  Limit  (cost=165745.69..165745.69 rows=1 width=84) (actual time=0.708..0.709 rows=1 loops=1)
               ->  Sort  (cost=165745.69..165745.69 rows=1 width=84) (actual time=0.706..0.706 rows=1 loops=1)
                     Sort Key: (st_distance(st_transform(s_818.the_geom, 25833), '0101000020E964000072A5774A22E32341A267ED257C0B5741'::geometry))
                     Sort Method: top-N heapsort  Memory: 25kB
                     ->  Seq Scan on phoml_trajectory_tmp s_818  (cost=0.00..165745.68 rows=1 width=84) (actual time=0.042..0.629 rows=500 loops=1)
                           Filter: ((unix_time >= '1685451568.468'::double precision) AND (unix_time <= '1685451628.468'::double precision) AND st_dwithin(st_transform(the_geom, 25833), '0101000020E964000072A5774A22E32341A267ED257C0B5741'::geometry, '300'::double precision))
                           Rows Removed by Filter: 3160
   ->  Subquery Scan on "*SELECT* 820"  (cost=165745.69..165745.70 rows=1 width=76) (actual time=0.693..0.694 rows=1 loops=1)
         ->  Limit  (cost=165745.69..165745.69 rows=1 width=84) (actual time=0.690..0.691 rows=1 loops=1)
               ->  Sort  (cost=165745.69..165745.69 rows=1 width=84) (actual time=0.688..0.688 rows=1 loops=1)
                     Sort Key: (st_distance(st_transform(s_819.the_geom, 25833), '0101000020E964000028AC43C827E323416F529D937B0B5741'::geometry))
                     Sort Method: top-N heapsort  Memory: 25kB
                     ->  Seq Scan on phoml_trajectory_tmp s_819  (cost=0.00..165745.68 rows=1 width=84) (actual time=0.043..0.612 rows=500 loops=1)
                           Filter: ((unix_time >= '1685451568.918'::double precision) AND (unix_time <= '1685451628.918'::double precision) AND st_dwithin(st_transform(the_geom, 25833), '0101000020E964000028AC43C827E323416F529D937B0B5741'::geometry, '300'::double precision))
                           Rows Removed by Filter: 3160
   ->  Subquery Scan on "*SELECT* 821"  (cost=165745.69..165745.70 rows=1 width=76) (actual time=0.706..0.707 rows=1 loops=1)
         ->  Limit  (cost=165745.69..165745.69 rows=1 width=84) (actual time=0.702..0.703 rows=1 loops=1)
               ->  Sort  (cost=165745.69..165745.69 rows=1 width=84) (actual time=0.700..0.701 rows=1 loops=1)
                     Sort Key: (st_distance(st_transform(s_820.the_geom, 25833), '0101000020E9640000382271A22DE323412D0060F37A0B5741'::geometry))
                     Sort Method: top-N heapsort  Memory: 25kB
                     ->  Seq Scan on phoml_trajectory_tmp s_820  (cost=0.00..165745.68 rows=1 width=84) (actual time=0.041..0.626 rows=500 loops=1)
                           Filter: ((unix_time >= '1685451569.37'::double precision) AND (unix_time <= '1685451629.37'::double precision) AND st_dwithin(st_transform(the_geom, 25833), '0101000020E9640000382271A22DE323412D0060F37A0B5741'::geometry, '300'::double precision))
                           Rows Removed by Filter: 3160
   ->  Subquery Scan on "*SELECT* 822"  (cost=165745.69..165745.70 rows=1 width=76) (actual time=0.710..0.712 rows=1 loops=1)
         ->  Limit  (cost=165745.69..165745.69 rows=1 width=84) (actual time=0.706..0.707 rows=1 loops=1)
               ->  Sort  (cost=165745.69..165745.69 rows=1 width=84) (actual time=0.704..0.704 rows=1 loops=1)
                     Sort Key: (st_distance(st_transform(s_821.the_geom, 25833), '0101000020E96400001470C3EE33E323417384DA277A0B5741'::geometry))
                     Sort Method: top-N heapsort  Memory: 25kB
                     ->  Seq Scan on phoml_trajectory_tmp s_821  (cost=0.00..165745.68 rows=1 width=84) (actual time=0.042..0.627 rows=499 loops=1)
                           Filter: ((unix_time >= '1685451569.83'::double precision) AND (unix_time <= '1685451629.83'::double precision) AND st_dwithin(st_transform(the_geom, 25833), '0101000020E96400001470C3EE33E323417384DA277A0B5741'::geometry, '300'::double precision))
                           Rows Removed by Filter: 3161
   ->  Subquery Scan on "*SELECT* 823"  (cost=165745.69..165745.70 rows=1 width=76) (actual time=0.718..0.719 rows=1 loops=1)
         ->  Limit  (cost=165745.69..165745.69 rows=1 width=84) (actual time=0.714..0.715 rows=1 loops=1)
               ->  Sort  (cost=165745.69..165745.69 rows=1 width=84) (actual time=0.712..0.712 rows=1 loops=1)
                     Sort Key: (st_distance(st_transform(s_822.the_geom, 25833), '0101000020E964000049A688463AE32341A521C439790B5741'::geometry))
                     Sort Method: top-N heapsort  Memory: 25kB
                     ->  Seq Scan on phoml_trajectory_tmp s_822  (cost=0.00..165745.68 rows=1 width=84) (actual time=0.041..0.637 rows=496 loops=1)
                           Filter: ((unix_time >= '1685451570.276'::double precision) AND (unix_time <= '1685451630.276'::double precision) AND st_dwithin(st_transform(the_geom, 25833), '0101000020E964000049A688463AE32341A521C439790B5741'::geometry, '300'::double precision))
                           Rows Removed by Filter: 3164
   ->  Subquery Scan on "*SELECT* 824"  (cost=165745.69..165745.70 rows=1 width=76) (actual time=0.694..0.696 rows=1 loops=1)
         ->  Limit  (cost=165745.69..165745.69 rows=1 width=84) (actual time=0.692..0.692 rows=1 loops=1)
               ->  Sort  (cost=165745.69..165745.69 rows=1 width=84) (actual time=0.690..0.690 rows=1 loops=1)
                     Sort Key: (st_distance(st_transform(s_823.the_geom, 25833), '0101000020E9640000520ECAD640E32341ADA17330780B5741'::geometry))
                     Sort Method: top-N heapsort  Memory: 25kB
                     ->  Seq Scan on phoml_trajectory_tmp s_823  (cost=0.00..165745.68 rows=1 width=84) (actual time=0.045..0.611 rows=496 loops=1)
                           Filter: ((unix_time >= '1685451570.736'::double precision) AND (unix_time <= '1685451630.736'::double precision) AND st_dwithin(st_transform(the_geom, 25833), '0101000020E9640000520ECAD640E32341ADA17330780B5741'::geometry, '300'::double precision))
                           Rows Removed by Filter: 3164
   ->  Subquery Scan on "*SELECT* 825"  (cost=165745.69..165745.70 rows=1 width=76) (actual time=0.706..0.707 rows=1 loops=1)
         ->  Limit  (cost=165745.69..165745.69 rows=1 width=84) (actual time=0.703..0.704 rows=1 loops=1)
               ->  Sort  (cost=165745.69..165745.69 rows=1 width=84) (actual time=0.701..0.702 rows=1 loops=1)
                     Sort Key: (st_distance(st_transform(s_824.the_geom, 25833), '0101000020E9640000CE1A485147E32341CA5F4FE2760B5741'::geometry))
                     Sort Method: top-N heapsort  Memory: 25kB
                     ->  Seq Scan on phoml_trajectory_tmp s_824  (cost=0.00..165745.68 rows=1 width=84) (actual time=0.045..0.624 rows=496 loops=1)
                           Filter: ((unix_time >= '1685451571.192'::double precision) AND (unix_time <= '1685451631.192'::double precision) AND st_dwithin(st_transform(the_geom, 25833), '0101000020E9640000CE1A485147E32341CA5F4FE2760B5741'::geometry, '300'::double precision))
                           Rows Removed by Filter: 3164
   ->  Subquery Scan on "*SELECT* 826"  (cost=165745.69..165745.70 rows=1 width=76) (actual time=0.695..0.696 rows=1 loops=1)
         ->  Limit  (cost=165745.69..165745.69 rows=1 width=84) (actual time=0.692..0.693 rows=1 loops=1)
               ->  Sort  (cost=165745.69..165745.69 rows=1 width=84) (actual time=0.689..0.690 rows=1 loops=1)
                     Sort Key: (st_distance(st_transform(s_825.the_geom, 25833), '0101000020E9640000E4071B4F4DE323418CE3E517750B5741'::geometry))
                     Sort Method: top-N heapsort  Memory: 25kB
                     ->  Seq Scan on phoml_trajectory_tmp s_825  (cost=0.00..165745.68 rows=1 width=84) (actual time=0.041..0.615 rows=496 loops=1)
                           Filter: ((unix_time >= '1685451571.672'::double precision) AND (unix_time <= '1685451631.672'::double precision) AND st_dwithin(st_transform(the_geom, 25833), '0101000020E9640000E4071B4F4DE323418CE3E517750B5741'::geometry, '300'::double precision))
                           Rows Removed by Filter: 3164
   ->  Subquery Scan on "*SELECT* 827"  (cost=165745.69..165745.70 rows=1 width=76) (actual time=0.687..0.688 rows=1 loops=1)
         ->  Limit  (cost=165745.69..165745.69 rows=1 width=84) (actual time=0.685..0.686 rows=1 loops=1)
               ->  Sort  (cost=165745.69..165745.69 rows=1 width=84) (actual time=0.683..0.683 rows=1 loops=1)
                     Sort Key: (st_distance(st_transform(s_826.the_geom, 25833), '0101000020E9640000847A0F8151E323412C96A409730B5741'::geometry))
                     Sort Method: top-N heapsort  Memory: 25kB
                     ->  Seq Scan on phoml_trajectory_tmp s_826  (cost=0.00..165745.68 rows=1 width=84) (actual time=0.044..0.610 rows=490 loops=1)
                           Filter: ((unix_time >= '1685451572.149'::double precision) AND (unix_time <= '1685451632.149'::double precision) AND st_dwithin(st_transform(the_geom, 25833), '0101000020E9640000847A0F8151E323412C96A409730B5741'::geometry, '300'::double precision))
                           Rows Removed by Filter: 3170
   ->  Subquery Scan on "*SELECT* 828"  (cost=165745.69..165745.70 rows=1 width=76) (actual time=0.715..0.716 rows=1 loops=1)
         ->  Limit  (cost=165745.69..165745.69 rows=1 width=84) (actual time=0.711..0.712 rows=1 loops=1)
               ->  Sort  (cost=165745.69..165745.69 rows=1 width=84) (actual time=0.709..0.709 rows=1 loops=1)
                     Sort Key: (st_distance(st_transform(s_827.the_geom, 25833), '0101000020E96400004B20306753E323413BEB55BB700B5741'::geometry))
                     Sort Method: top-N heapsort  Memory: 25kB
                     ->  Seq Scan on phoml_trajectory_tmp s_827  (cost=0.00..165745.68 rows=1 width=84) (actual time=0.042..0.620 rows=484 loops=1)
                           Filter: ((unix_time >= '1685451572.639'::double precision) AND (unix_time <= '1685451632.639'::double precision) AND st_dwithin(st_transform(the_geom, 25833), '0101000020E96400004B20306753E323413BEB55BB700B5741'::geometry, '300'::double precision))
                           Rows Removed by Filter: 3176
   ->  Subquery Scan on "*SELECT* 829"  (cost=165745.69..165745.70 rows=1 width=76) (actual time=0.683..0.684 rows=1 loops=1)
         ->  Limit  (cost=165745.69..165745.69 rows=1 width=84) (actual time=0.679..0.680 rows=1 loops=1)
               ->  Sort  (cost=165745.69..165745.69 rows=1 width=84) (actual time=0.677..0.677 rows=1 loops=1)
                     Sort Key: (st_distance(st_transform(s_828.the_geom, 25833), '0101000020E96400005B0DA98152E32341BB3A99686E0B5741'::geometry))
                     Sort Method: top-N heapsort  Memory: 25kB
                     ->  Seq Scan on phoml_trajectory_tmp s_828  (cost=0.00..165745.68 rows=1 width=84) (actual time=0.043..0.605 rows=484 loops=1)
                           Filter: ((unix_time >= '1685451573.143'::double precision) AND (unix_time <= '1685451633.143'::double precision) AND st_dwithin(st_transform(the_geom, 25833), '0101000020E96400005B0DA98152E32341BB3A99686E0B5741'::geometry, '300'::double precision))
                           Rows Removed by Filter: 3176
   ->  Subquery Scan on "*SELECT* 830"  (cost=165745.69..165745.70 rows=1 width=76) (actual time=0.693..0.694 rows=1 loops=1)
         ->  Limit  (cost=165745.69..165745.69 rows=1 width=84) (actual time=0.689..0.689 rows=1 loops=1)
               ->  Sort  (cost=165745.69..165745.69 rows=1 width=84) (actual time=0.687..0.687 rows=1 loops=1)
                     Sort Key: (st_distance(st_transform(s_829.the_geom, 25833), '0101000020E9640000C45C7D724FE323411925DB316C0B5741'::geometry))
                     Sort Method: top-N heapsort  Memory: 25kB
                     ->  Seq Scan on phoml_trajectory_tmp s_829  (cost=0.00..165745.68 rows=1 width=84) (actual time=0.043..0.608 rows=480 loops=1)
                           Filter: ((unix_time >= '1685451573.623'::double precision) AND (unix_time <= '1685451633.623'::double precision) AND st_dwithin(st_transform(the_geom, 25833), '0101000020E9640000C45C7D724FE323411925DB316C0B5741'::geometry, '300'::double precision))
                           Rows Removed by Filter: 3180
   ->  Subquery Scan on "*SELECT* 831"  (cost=165745.69..165745.70 rows=1 width=76) (actual time=0.670..0.671 rows=1 loops=1)
         ->  Limit  (cost=165745.69..165745.69 rows=1 width=84) (actual time=0.667..0.668 rows=1 loops=1)
               ->  Sort  (cost=165745.69..165745.69 rows=1 width=84) (actual time=0.665..0.665 rows=1 loops=1)
                     Sort Key: (st_distance(st_transform(s_830.the_geom, 25833), '0101000020E9640000BE8383954BE323412F77364D6A0B5741'::geometry))
                     Sort Method: top-N heapsort  Memory: 25kB
                     ->  Seq Scan on phoml_trajectory_tmp s_830  (cost=0.00..165745.68 rows=1 width=84) (actual time=0.044..0.593 rows=480 loops=1)
                           Filter: ((unix_time >= '1685451574.103'::double precision) AND (unix_time <= '1685451634.103'::double precision) AND st_dwithin(st_transform(the_geom, 25833), '0101000020E9640000BE8383954BE323412F77364D6A0B5741'::geometry, '300'::double precision))
                           Rows Removed by Filter: 3180
   ->  Subquery Scan on "*SELECT* 832"  (cost=165745.69..165745.70 rows=1 width=76) (actual time=0.679..0.680 rows=1 loops=1)
         ->  Limit  (cost=165745.69..165745.69 rows=1 width=84) (actual time=0.675..0.676 rows=1 loops=1)
               ->  Sort  (cost=165745.69..165745.69 rows=1 width=84) (actual time=0.673..0.674 rows=1 loops=1)
                     Sort Key: (st_distance(st_transform(s_831.the_geom, 25833), '0101000020E9640000E1616C9E48E32341399AD8C3680B5741'::geometry))
                     Sort Method: top-N heapsort  Memory: 25kB
                     ->  Seq Scan on phoml_trajectory_tmp s_831  (cost=0.00..165745.68 rows=1 width=84) (actual time=0.041..0.601 rows=480 loops=1)
                           Filter: ((unix_time >= '1685451574.572'::double precision) AND (unix_time <= '1685451634.572'::double precision) AND st_dwithin(st_transform(the_geom, 25833), '0101000020E9640000E1616C9E48E32341399AD8C3680B5741'::geometry, '300'::double precision))
                           Rows Removed by Filter: 3180
   ->  Subquery Scan on "*SELECT* 833"  (cost=165745.69..165745.70 rows=1 width=76) (actual time=0.685..0.698 rows=1 loops=1)
         ->  Limit  (cost=165745.69..165745.69 rows=1 width=84) (actual time=0.681..0.695 rows=1 loops=1)
               ->  Sort  (cost=165745.69..165745.69 rows=1 width=84) (actual time=0.679..0.692 rows=1 loops=1)
                     Sort Key: (st_distance(st_transform(s_832.the_geom, 25833), '0101000020E9640000F6A7BD8546E3234165B10C66670B5741'::geometry))
                     Sort Method: top-N heapsort  Memory: 25kB
                     ->  Seq Scan on phoml_trajectory_tmp s_832  (cost=0.00..165745.68 rows=1 width=84) (actual time=0.042..0.604 rows=480 loops=1)
                           Filter: ((unix_time >= '1685451575.042'::double precision) AND (unix_time <= '1685451635.042'::double precision) AND st_dwithin(st_transform(the_geom, 25833), '0101000020E9640000F6A7BD8546E3234165B10C66670B5741'::geometry, '300'::double precision))
                           Rows Removed by Filter: 3180
   ->  Subquery Scan on "*SELECT* 834"  (cost=165745.69..165745.70 rows=1 width=76) (actual time=0.679..0.680 rows=1 loops=1)
         ->  Limit  (cost=165745.69..165745.69 rows=1 width=84) (actual time=0.677..0.678 rows=1 loops=1)
               ->  Sort  (cost=165745.69..165745.69 rows=1 width=84) (actual time=0.674..0.675 rows=1 loops=1)
                     Sort Key: (st_distance(st_transform(s_833.the_geom, 25833), '0101000020E96400000CD67E3D45E32341CD376A2D660B5741'::geometry))
                     Sort Method: top-N heapsort  Memory: 25kB
                     ->  Seq Scan on phoml_trajectory_tmp s_833  (cost=0.00..165745.68 rows=1 width=84) (actual time=0.044..0.601 rows=480 loops=1)
                           Filter: ((unix_time >= '1685451575.502'::double precision) AND (unix_time <= '1685451635.502'::double precision) AND st_dwithin(st_transform(the_geom, 25833), '0101000020E96400000CD67E3D45E32341CD376A2D660B5741'::geometry, '300'::double precision))
                           Rows Removed by Filter: 3180
   ->  Subquery Scan on "*SELECT* 835"  (cost=165745.69..165745.70 rows=1 width=76) (actual time=0.679..0.680 rows=1 loops=1)
         ->  Limit  (cost=165745.69..165745.69 rows=1 width=84) (actual time=0.676..0.676 rows=1 loops=1)
               ->  Sort  (cost=165745.69..165745.69 rows=1 width=84) (actual time=0.674..0.674 rows=1 loops=1)
                     Sort Key: (st_distance(st_transform(s_834.the_geom, 25833), '0101000020E9640000D268471344E323412D7210F9640B5741'::geometry))
                     Sort Method: top-N heapsort  Memory: 25kB
                     ->  Seq Scan on phoml_trajectory_tmp s_834  (cost=0.00..165745.68 rows=1 width=84) (actual time=0.042..0.601 rows=484 loops=1)
                           Filter: ((unix_time >= '1685451575.942'::double precision) AND (unix_time <= '1685451635.942'::double precision) AND st_dwithin(st_transform(the_geom, 25833), '0101000020E9640000D268471344E323412D7210F9640B5741'::geometry, '300'::double precision))
                           Rows Removed by Filter: 3176
   ->  Subquery Scan on "*SELECT* 836"  (cost=165745.69..165745.70 rows=1 width=76) (actual time=0.694..0.695 rows=1 loops=1)
         ->  Limit  (cost=165745.69..165745.69 rows=1 width=84) (actual time=0.688..0.689 rows=1 loops=1)
               ->  Sort  (cost=165745.69..165745.69 rows=1 width=84) (actual time=0.685..0.685 rows=1 loops=1)
                     Sort Key: (st_distance(st_transform(s_835.the_geom, 25833), '0101000020E96400006A817D1443E32341C7357AC3630B5741'::geometry))
                     Sort Method: top-N heapsort  Memory: 25kB
                     ->  Seq Scan on phoml_trajectory_tmp s_835  (cost=0.00..165745.68 rows=1 width=84) (actual time=0.041..0.612 rows=484 loops=1)
                           Filter: ((unix_time >= '1685451576.385'::double precision) AND (unix_time <= '1685451636.385'::double precision) AND st_dwithin(st_transform(the_geom, 25833), '0101000020E96400006A817D1443E32341C7357AC3630B5741'::geometry, '300'::double precision))
                           Rows Removed by Filter: 3176
   ->  Subquery Scan on "*SELECT* 837"  (cost=165745.69..165745.70 rows=1 width=76) (actual time=0.685..0.685 rows=1 loops=1)
         ->  Limit  (cost=165745.69..165745.69 rows=1 width=84) (actual time=0.682..0.682 rows=1 loops=1)
               ->  Sort  (cost=165745.69..165745.69 rows=1 width=84) (actual time=0.678..0.678 rows=1 loops=1)
                     Sort Key: (st_distance(st_transform(s_836.the_geom, 25833), '0101000020E9640000B8E8304D42E3234190003299620B5741'::geometry))
                     Sort Method: top-N heapsort  Memory: 25kB
                     ->  Seq Scan on phoml_trajectory_tmp s_836  (cost=0.00..165745.68 rows=1 width=84) (actual time=0.050..0.600 rows=484 loops=1)
                           Filter: ((unix_time >= '1685451576.805'::double precision) AND (unix_time <= '1685451636.805'::double precision) AND st_dwithin(st_transform(the_geom, 25833), '0101000020E9640000B8E8304D42E3234190003299620B5741'::geometry, '300'::double precision))
                           Rows Removed by Filter: 3176
   ->  Subquery Scan on "*SELECT* 838"  (cost=165745.69..165745.70 rows=1 width=76) (actual time=0.678..0.680 rows=1 loops=1)
         ->  Limit  (cost=165745.69..165745.69 rows=1 width=84) (actual time=0.675..0.676 rows=1 loops=1)
               ->  Sort  (cost=165745.69..165745.69 rows=1 width=84) (actual time=0.673..0.674 rows=1 loops=1)
                     Sort Key: (st_distance(st_transform(s_837.the_geom, 25833), '0101000020E96400003ED453A741E32341AAE40D70610B5741'::geometry))
                     Sort Method: top-N heapsort  Memory: 25kB
                     ->  Seq Scan on phoml_trajectory_tmp s_837  (cost=0.00..165745.68 rows=1 width=84) (actual time=0.040..0.600 rows=484 loops=1)
                           Filter: ((unix_time >= '1685451577.218'::double precision) AND (unix_time <= '1685451637.218'::double precision) AND st_dwithin(st_transform(the_geom, 25833), '0101000020E96400003ED453A741E32341AAE40D70610B5741'::geometry, '300'::double precision))
                           Rows Removed by Filter: 3176
   ->  Subquery Scan on "*SELECT* 839"  (cost=165745.69..165745.70 rows=1 width=76) (actual time=0.668..0.669 rows=1 loops=1)
         ->  Limit  (cost=165745.69..165745.69 rows=1 width=84) (actual time=0.665..0.666 rows=1 loops=1)
               ->  Sort  (cost=165745.69..165745.69 rows=1 width=84) (actual time=0.663..0.664 rows=1 loops=1)
                     Sort Key: (st_distance(st_transform(s_838.the_geom, 25833), '0101000020E9640000DBC240E240E3234150856233600B5741'::geometry))
                     Sort Method: top-N heapsort  Memory: 25kB
                     ->  Seq Scan on phoml_trajectory_tmp s_838  (cost=0.00..165745.68 rows=1 width=84) (actual time=0.046..0.589 rows=482 loops=1)
                           Filter: ((unix_time >= '1685451577.648'::double precision) AND (unix_time <= '1685451637.648'::double precision) AND st_dwithin(st_transform(the_geom, 25833), '0101000020E9640000DBC240E240E3234150856233600B5741'::geometry, '300'::double precision))
                           Rows Removed by Filter: 3178
   ->  Subquery Scan on "*SELECT* 840"  (cost=165745.69..165745.70 rows=1 width=76) (actual time=0.718..0.719 rows=1 loops=1)
         ->  Limit  (cost=165745.69..165745.69 rows=1 width=84) (actual time=0.714..0.714 rows=1 loops=1)
               ->  Sort  (cost=165745.69..165745.69 rows=1 width=84) (actual time=0.712..0.712 rows=1 loops=1)
                     Sort Key: (st_distance(st_transform(s_839.the_geom, 25833), '0101000020E9640000D639AC5E40E32341C253BC055F0B5741'::geometry))
                     Sort Method: top-N heapsort  Memory: 25kB
                     ->  Seq Scan on phoml_trajectory_tmp s_839  (cost=0.00..165745.68 rows=1 width=84) (actual time=0.040..0.636 rows=480 loops=1)
                           Filter: ((unix_time >= '1685451578.058'::double precision) AND (unix_time <= '1685451638.058'::double precision) AND st_dwithin(st_transform(the_geom, 25833), '0101000020E9640000D639AC5E40E32341C253BC055F0B5741'::geometry, '300'::double precision))
                           Rows Removed by Filter: 3180
   ->  Subquery Scan on "*SELECT* 841"  (cost=165745.69..165745.70 rows=1 width=76) (actual time=0.679..0.680 rows=1 loops=1)
         ->  Limit  (cost=165745.69..165745.69 rows=1 width=84) (actual time=0.676..0.676 rows=1 loops=1)
               ->  Sort  (cost=165745.69..165745.69 rows=1 width=84) (actual time=0.673..0.674 rows=1 loops=1)
                     Sort Key: (st_distance(st_transform(s_840.the_geom, 25833), '0101000020E964000054B91D9A3FE32341768C77CE5D0B5741'::geometry))
                     Sort Method: top-N heapsort  Memory: 25kB
                     ->  Seq Scan on phoml_trajectory_tmp s_840  (cost=0.00..165745.68 rows=1 width=84) (actual time=0.041..0.599 rows=484 loops=1)
                           Filter: ((unix_time >= '1685451578.465'::double precision) AND (unix_time <= '1685451638.465'::double precision) AND st_dwithin(st_transform(the_geom, 25833), '0101000020E964000054B91D9A3FE32341768C77CE5D0B5741'::geometry, '300'::double precision))
                           Rows Removed by Filter: 3176
   ->  Subquery Scan on "*SELECT* 842"  (cost=165745.69..165745.70 rows=1 width=76) (actual time=0.684..0.685 rows=1 loops=1)
         ->  Limit  (cost=165745.69..165745.69 rows=1 width=84) (actual time=0.680..0.681 rows=1 loops=1)
               ->  Sort  (cost=165745.69..165745.69 rows=1 width=84) (actual time=0.678..0.678 rows=1 loops=1)
                     Sort Key: (st_distance(st_transform(s_841.the_geom, 25833), '0101000020E9640000CCBA979B3EE323413F0D90855C0B5741'::geometry))
                     Sort Method: top-N heapsort  Memory: 25kB
                     ->  Seq Scan on phoml_trajectory_tmp s_841  (cost=0.00..165745.68 rows=1 width=84) (actual time=0.041..0.599 rows=484 loops=1)
                           Filter: ((unix_time >= '1685451578.885'::double precision) AND (unix_time <= '1685451638.885'::double precision) AND st_dwithin(st_transform(the_geom, 25833), '0101000020E9640000CCBA979B3EE323413F0D90855C0B5741'::geometry, '300'::double precision))
                           Rows Removed by Filter: 3176
   ->  Subquery Scan on "*SELECT* 843"  (cost=165745.69..165745.70 rows=1 width=76) (actual time=0.675..0.675 rows=1 loops=1)
         ->  Limit  (cost=165745.69..165745.69 rows=1 width=84) (actual time=0.672..0.673 rows=1 loops=1)
               ->  Sort  (cost=165745.69..165745.69 rows=1 width=84) (actual time=0.670..0.671 rows=1 loops=1)
                     Sort Key: (st_distance(st_transform(s_842.the_geom, 25833), '0101000020E96400003F30689E3DE32341CC1BB03B5B0B5741'::geometry))
                     Sort Method: top-N heapsort  Memory: 25kB
                     ->  Seq Scan on phoml_trajectory_tmp s_842  (cost=0.00..165745.68 rows=1 width=84) (actual time=0.042..0.597 rows=484 loops=1)
                           Filter: ((unix_time >= '1685451579.301'::double precision) AND (unix_time <= '1685451639.301'::double precision) AND st_dwithin(st_transform(the_geom, 25833), '0101000020E96400003F30689E3DE32341CC1BB03B5B0B5741'::geometry, '300'::double precision))
                           Rows Removed by Filter: 3176
   ->  Subquery Scan on "*SELECT* 844"  (cost=165745.69..165745.70 rows=1 width=76) (actual time=0.677..0.678 rows=1 loops=1)
         ->  Limit  (cost=165745.69..165745.69 rows=1 width=84) (actual time=0.674..0.674 rows=1 loops=1)
               ->  Sort  (cost=165745.69..165745.69 rows=1 width=84) (actual time=0.671..0.672 rows=1 loops=1)
                     Sort Key: (st_distance(st_transform(s_843.the_geom, 25833), '0101000020E964000047AE636E3CE32341D983CAFF590B5741'::geometry))
                     Sort Method: top-N heapsort  Memory: 25kB
                     ->  Seq Scan on phoml_trajectory_tmp s_843  (cost=0.00..165745.68 rows=1 width=84) (actual time=0.042..0.591 rows=482 loops=1)
                           Filter: ((unix_time >= '1685451579.711'::double precision) AND (unix_time <= '1685451639.711'::double precision) AND st_dwithin(st_transform(the_geom, 25833), '0101000020E964000047AE636E3CE32341D983CAFF590B5741'::geometry, '300'::double precision))
                           Rows Removed by Filter: 3178
   ->  Subquery Scan on "*SELECT* 845"  (cost=165745.69..165745.70 rows=1 width=76) (actual time=0.680..0.682 rows=1 loops=1)
         ->  Limit  (cost=165745.69..165745.69 rows=1 width=84) (actual time=0.676..0.677 rows=1 loops=1)
               ->  Sort  (cost=165745.69..165745.69 rows=1 width=84) (actual time=0.674..0.675 rows=1 loops=1)
                     Sort Key: (st_distance(st_transform(s_844.the_geom, 25833), '0101000020E9640000DDDE573A3BE32341318D9FB4580B5741'::geometry))
                     Sort Method: top-N heapsort  Memory: 25kB
                     ->  Seq Scan on phoml_trajectory_tmp s_844  (cost=0.00..165745.68 rows=1 width=84) (actual time=0.040..0.592 rows=480 loops=1)
                           Filter: ((unix_time >= '1685451580.147'::double precision) AND (unix_time <= '1685451640.147'::double precision) AND st_dwithin(st_transform(the_geom, 25833), '0101000020E9640000DDDE573A3BE32341318D9FB4580B5741'::geometry, '300'::double precision))
                           Rows Removed by Filter: 3180
   ->  Subquery Scan on "*SELECT* 846"  (cost=165745.69..165745.70 rows=1 width=76) (actual time=0.673..0.674 rows=1 loops=1)
         ->  Limit  (cost=165745.69..165745.69 rows=1 width=84) (actual time=0.671..0.671 rows=1 loops=1)
               ->  Sort  (cost=165745.69..165745.69 rows=1 width=84) (actual time=0.669..0.669 rows=1 loops=1)
                     Sort Key: (st_distance(st_transform(s_845.the_geom, 25833), '0101000020E96400008AAECA033AE323414833C170570B5741'::geometry))
                     Sort Method: top-N heapsort  Memory: 25kB
                     ->  Seq Scan on phoml_trajectory_tmp s_845  (cost=0.00..165745.68 rows=1 width=84) (actual time=0.041..0.595 rows=480 loops=1)
                           Filter: ((unix_time >= '1685451580.567'::double precision) AND (unix_time <= '1685451640.567'::double precision) AND st_dwithin(st_transform(the_geom, 25833), '0101000020E96400008AAECA033AE323414833C170570B5741'::geometry, '300'::double precision))
                           Rows Removed by Filter: 3180
   ->  Subquery Scan on "*SELECT* 847"  (cost=165745.69..165745.70 rows=1 width=76) (actual time=0.670..0.671 rows=1 loops=1)
         ->  Limit  (cost=165745.69..165745.69 rows=1 width=84) (actual time=0.666..0.667 rows=1 loops=1)
               ->  Sort  (cost=165745.69..165745.69 rows=1 width=84) (actual time=0.664..0.665 rows=1 loops=1)
                     Sort Key: (st_distance(st_transform(s_846.the_geom, 25833), '0101000020E964000010EB691C39E323412B792636560B5741'::geometry))
                     Sort Method: top-N heapsort  Memory: 25kB
                     ->  Seq Scan on phoml_trajectory_tmp s_846  (cost=0.00..165745.68 rows=1 width=84) (actual time=0.042..0.593 rows=480 loops=1)
                           Filter: ((unix_time >= '1685451581.017'::double precision) AND (unix_time <= '1685451641.017'::double precision) AND st_dwithin(st_transform(the_geom, 25833), '0101000020E964000010EB691C39E323412B792636560B5741'::geometry, '300'::double precision))
                           Rows Removed by Filter: 3180
   ->  Subquery Scan on "*SELECT* 848"  (cost=165745.69..165745.70 rows=1 width=76) (actual time=0.696..0.697 rows=1 loops=1)
         ->  Limit  (cost=165745.69..165745.69 rows=1 width=84) (actual time=0.692..0.693 rows=1 loops=1)
               ->  Sort  (cost=165745.69..165745.69 rows=1 width=84) (actual time=0.690..0.690 rows=1 loops=1)
                     Sort Key: (st_distance(st_transform(s_847.the_geom, 25833), '0101000020E9640000A1F9D5E338E323417F9F0211550B5741'::geometry))
                     Sort Method: top-N heapsort  Memory: 25kB
                     ->  Seq Scan on phoml_trajectory_tmp s_847  (cost=0.00..165745.68 rows=1 width=84) (actual time=0.045..0.598 rows=476 loops=1)
                           Filter: ((unix_time >= '1685451581.488'::double precision) AND (unix_time <= '1685451641.488'::double precision) AND st_dwithin(st_transform(the_geom, 25833), '0101000020E9640000A1F9D5E338E323417F9F0211550B5741'::geometry, '300'::double precision))
                           Rows Removed by Filter: 3184
   ->  Subquery Scan on "*SELECT* 849"  (cost=165745.69..165745.70 rows=1 width=76) (actual time=0.644..0.645 rows=1 loops=1)
         ->  Limit  (cost=165745.69..165745.69 rows=1 width=84) (actual time=0.642..0.643 rows=1 loops=1)
               ->  Sort  (cost=165745.69..165745.69 rows=1 width=84) (actual time=0.640..0.641 rows=1 loops=1)
                     Sort Key: (st_distance(st_transform(s_848.the_geom, 25833), '0101000020E964000087444D623AE32341870CF42F540B5741'::geometry))
                     Sort Method: top-N heapsort  Memory: 25kB
                     ->  Seq Scan on phoml_trajectory_tmp s_848  (cost=0.00..165745.68 rows=1 width=84) (actual time=0.039..0.566 rows=476 loops=1)
                           Filter: ((unix_time >= '1685451581.958'::double precision) AND (unix_time <= '1685451641.958'::double precision) AND st_dwithin(st_transform(the_geom, 25833), '0101000020E964000087444D623AE32341870CF42F540B5741'::geometry, '300'::double precision))
                           Rows Removed by Filter: 3184
   ->  Subquery Scan on "*SELECT* 850"  (cost=165745.69..165745.70 rows=1 width=76) (actual time=0.671..0.673 rows=1 loops=1)
         ->  Limit  (cost=165745.69..165745.69 rows=1 width=84) (actual time=0.668..0.669 rows=1 loops=1)
               ->  Sort  (cost=165745.69..165745.69 rows=1 width=84) (actual time=0.666..0.666 rows=1 loops=1)
                     Sort Key: (st_distance(st_transform(s_849.the_geom, 25833), '0101000020E9640000B537985D3DE323412B129180530B5741'::geometry))
                     Sort Method: top-N heapsort  Memory: 25kB
                     ->  Seq Scan on phoml_trajectory_tmp s_849  (cost=0.00..165745.68 rows=1 width=84) (actual time=0.040..0.595 rows=480 loops=1)
                           Filter: ((unix_time >= '1685451582.446'::double precision) AND (unix_time <= '1685451642.446'::double precision) AND st_dwithin(st_transform(the_geom, 25833), '0101000020E9640000B537985D3DE323412B129180530B5741'::geometry, '300'::double precision))
                           Rows Removed by Filter: 3180
   ->  Subquery Scan on "*SELECT* 851"  (cost=165745.69..165745.70 rows=1 width=76) (actual time=0.670..0.671 rows=1 loops=1)
         ->  Limit  (cost=165745.69..165745.69 rows=1 width=84) (actual time=0.666..0.667 rows=1 loops=1)
               ->  Sort  (cost=165745.69..165745.69 rows=1 width=84) (actual time=0.664..0.664 rows=1 loops=1)
                     Sort Key: (st_distance(st_transform(s_850.the_geom, 25833), '0101000020E96400007B0D996E41E32341125C2100530B5741'::geometry))
                     Sort Method: top-N heapsort  Memory: 25kB
                     ->  Seq Scan on phoml_trajectory_tmp s_850  (cost=0.00..165745.68 rows=1 width=84) (actual time=0.040..0.589 rows=478 loops=1)
                           Filter: ((unix_time >= '1685451582.946'::double precision) AND (unix_time <= '1685451642.946'::double precision) AND st_dwithin(st_transform(the_geom, 25833), '0101000020E96400007B0D996E41E32341125C2100530B5741'::geometry, '300'::double precision))
                           Rows Removed by Filter: 3182
   ->  Subquery Scan on "*SELECT* 852"  (cost=165745.69..165745.70 rows=1 width=76) (actual time=0.655..0.656 rows=1 loops=1)
         ->  Limit  (cost=165745.69..165745.69 rows=1 width=84) (actual time=0.653..0.654 rows=1 loops=1)
               ->  Sort  (cost=165745.69..165745.69 rows=1 width=84) (actual time=0.651..0.651 rows=1 loops=1)
                     Sort Key: (st_distance(st_transform(s_851.the_geom, 25833), '0101000020E964000055A8321146E32341DC9F3C9C520B5741'::geometry))
                     Sort Method: top-N heapsort  Memory: 25kB
                     ->  Seq Scan on phoml_trajectory_tmp s_851  (cost=0.00..165745.68 rows=1 width=84) (actual time=0.039..0.580 rows=480 loops=1)
                           Filter: ((unix_time >= '1685451583.459'::double precision) AND (unix_time <= '1685451643.459'::double precision) AND st_dwithin(st_transform(the_geom, 25833), '0101000020E964000055A8321146E32341DC9F3C9C520B5741'::geometry, '300'::double precision))
                           Rows Removed by Filter: 3180
   ->  Subquery Scan on "*SELECT* 853"  (cost=165745.69..165745.70 rows=1 width=76) (actual time=0.665..0.666 rows=1 loops=1)
         ->  Limit  (cost=165745.69..165745.69 rows=1 width=84) (actual time=0.661..0.662 rows=1 loops=1)
               ->  Sort  (cost=165745.69..165745.69 rows=1 width=84) (actual time=0.659..0.660 rows=1 loops=1)
                     Sort Key: (st_distance(st_transform(s_852.the_geom, 25833), '0101000020E9640000D92DCAF34AE3234197B0F450520B5741'::geometry))
                     Sort Method: top-N heapsort  Memory: 25kB
                     ->  Seq Scan on phoml_trajectory_tmp s_852  (cost=0.00..165745.68 rows=1 width=84) (actual time=0.037..0.587 rows=480 loops=1)
                           Filter: ((unix_time >= '1685451583.959'::double precision) AND (unix_time <= '1685451643.959'::double precision) AND st_dwithin(st_transform(the_geom, 25833), '0101000020E9640000D92DCAF34AE3234197B0F450520B5741'::geometry, '300'::double precision))
                           Rows Removed by Filter: 3180
   ->  Subquery Scan on "*SELECT* 854"  (cost=165745.69..165745.70 rows=1 width=76) (actual time=0.672..0.673 rows=1 loops=1)
         ->  Limit  (cost=165745.69..165745.69 rows=1 width=84) (actual time=0.669..0.669 rows=1 loops=1)
               ->  Sort  (cost=165745.69..165745.69 rows=1 width=84) (actual time=0.667..0.667 rows=1 loops=1)
                     Sort Key: (st_distance(st_transform(s_853.the_geom, 25833), '0101000020E9640000D5DA8A3D50E32341DF01BB0E520B5741'::geometry))
                     Sort Method: top-N heapsort  Memory: 25kB
                     ->  Seq Scan on phoml_trajectory_tmp s_853  (cost=0.00..165745.68 rows=1 width=84) (actual time=0.044..0.590 rows=480 loops=1)
                           Filter: ((unix_time >= '1685451584.462'::double precision) AND (unix_time <= '1685451644.462'::double precision) AND st_dwithin(st_transform(the_geom, 25833), '0101000020E9640000D5DA8A3D50E32341DF01BB0E520B5741'::geometry, '300'::double precision))
                           Rows Removed by Filter: 3180
   ->  Subquery Scan on "*SELECT* 855"  (cost=165745.69..165745.70 rows=1 width=76) (actual time=0.683..0.684 rows=1 loops=1)
         ->  Limit  (cost=165745.69..165745.69 rows=1 width=84) (actual time=0.679..0.680 rows=1 loops=1)
               ->  Sort  (cost=165745.69..165745.69 rows=1 width=84) (actual time=0.677..0.677 rows=1 loops=1)
                     Sort Key: (st_distance(st_transform(s_854.the_geom, 25833), '0101000020E964000055CA007F55E32341B0FFF8D5510B5741'::geometry))
                     Sort Method: top-N heapsort  Memory: 25kB
                     ->  Seq Scan on phoml_trajectory_tmp s_854  (cost=0.00..165745.68 rows=1 width=84) (actual time=0.038..0.603 rows=484 loops=1)
                           Filter: ((unix_time >= '1685451584.942'::double precision) AND (unix_time <= '1685451644.942'::double precision) AND st_dwithin(st_transform(the_geom, 25833), '0101000020E964000055CA007F55E32341B0FFF8D5510B5741'::geometry, '300'::double precision))
                           Rows Removed by Filter: 3176
   ->  Subquery Scan on "*SELECT* 856"  (cost=165745.69..165745.70 rows=1 width=76) (actual time=0.660..0.661 rows=1 loops=1)
         ->  Limit  (cost=165745.69..165745.69 rows=1 width=84) (actual time=0.656..0.657 rows=1 loops=1)
               ->  Sort  (cost=165745.69..165745.69 rows=1 width=84) (actual time=0.654..0.655 rows=1 loops=1)
                     Sort Key: (st_distance(st_transform(s_855.the_geom, 25833), '0101000020E964000074BB0A395BE32341408CF677510B5741'::geometry))
                     Sort Method: top-N heapsort  Memory: 25kB
                     ->  Seq Scan on phoml_trajectory_tmp s_855  (cost=0.00..165745.68 rows=1 width=84) (actual time=0.037..0.582 rows=480 loops=1)
                           Filter: ((unix_time >= '1685451585.419'::double precision) AND (unix_time <= '1685451645.419'::double precision) AND st_dwithin(st_transform(the_geom, 25833), '0101000020E964000074BB0A395BE32341408CF677510B5741'::geometry, '300'::double precision))
                           Rows Removed by Filter: 3180
   ->  Subquery Scan on "*SELECT* 857"  (cost=165745.69..165745.70 rows=1 width=76) (actual time=0.642..0.643 rows=1 loops=1)
         ->  Limit  (cost=165745.69..165745.69 rows=1 width=84) (actual time=0.640..0.641 rows=1 loops=1)
               ->  Sort  (cost=165745.69..165745.69 rows=1 width=84) (actual time=0.638..0.638 rows=1 loops=1)
                     Sort Key: (st_distance(st_transform(s_856.the_geom, 25833), '0101000020E96400005E939FFD60E3234158AED801510B5741'::geometry))
                     Sort Method: top-N heapsort  Memory: 25kB
                     ->  Seq Scan on phoml_trajectory_tmp s_856  (cost=0.00..165745.68 rows=1 width=84) (actual time=0.038..0.566 rows=480 loops=1)
                           Filter: ((unix_time >= '1685451585.869'::double precision) AND (unix_time <= '1685451645.869'::double precision) AND st_dwithin(st_transform(the_geom, 25833), '0101000020E96400005E939FFD60E3234158AED801510B5741'::geometry, '300'::double precision))
                           Rows Removed by Filter: 3180
   ->  Subquery Scan on "*SELECT* 858"  (cost=165745.69..165745.70 rows=1 width=76) (actual time=0.658..0.659 rows=1 loops=1)
         ->  Limit  (cost=165745.69..165745.69 rows=1 width=84) (actual time=0.654..0.654 rows=1 loops=1)
               ->  Sort  (cost=165745.69..165745.69 rows=1 width=84) (actual time=0.652..0.652 rows=1 loops=1)
                     Sort Key: (st_distance(st_transform(s_857.the_geom, 25833), '0101000020E9640000E9A4188D67E3234138872B67500B5741'::geometry))
                     Sort Method: top-N heapsort  Memory: 25kB
                     ->  Seq Scan on phoml_trajectory_tmp s_857  (cost=0.00..165745.68 rows=1 width=84) (actual time=0.036..0.579 rows=476 loops=1)
                           Filter: ((unix_time >= '1685451586.321'::double precision) AND (unix_time <= '1685451646.321'::double precision) AND st_dwithin(st_transform(the_geom, 25833), '0101000020E9640000E9A4188D67E3234138872B67500B5741'::geometry, '300'::double precision))
                           Rows Removed by Filter: 3184
   ->  Subquery Scan on "*SELECT* 859"  (cost=165745.69..165745.70 rows=1 width=76) (actual time=0.649..0.650 rows=1 loops=1)
         ->  Limit  (cost=165745.69..165745.69 rows=1 width=84) (actual time=0.645..0.646 rows=1 loops=1)
               ->  Sort  (cost=165745.69..165745.69 rows=1 width=84) (actual time=0.643..0.643 rows=1 loops=1)
                     Sort Key: (st_distance(st_transform(s_858.the_geom, 25833), '0101000020E964000040B917396EE3234114E200C54F0B5741'::geometry))
                     Sort Method: top-N heapsort  Memory: 25kB
                     ->  Seq Scan on phoml_trajectory_tmp s_858  (cost=0.00..165745.68 rows=1 width=84) (actual time=0.037..0.570 rows=472 loops=1)
                           Filter: ((unix_time >= '1685451586.761'::double precision) AND (unix_time <= '1685451646.761'::double precision) AND st_dwithin(st_transform(the_geom, 25833), '0101000020E964000040B917396EE3234114E200C54F0B5741'::geometry, '300'::double precision))
                           Rows Removed by Filter: 3188
   ->  Subquery Scan on "*SELECT* 860"  (cost=165745.69..165745.70 rows=1 width=76) (actual time=0.632..0.633 rows=1 loops=1)
         ->  Limit  (cost=165745.69..165745.69 rows=1 width=84) (actual time=0.630..0.630 rows=1 loops=1)
               ->  Sort  (cost=165745.69..165745.69 rows=1 width=84) (actual time=0.628..0.628 rows=1 loops=1)
                     Sort Key: (st_distance(st_transform(s_859.the_geom, 25833), '0101000020E9640000D689C30475E3234177A4AE1C4F0B5741'::geometry))
                     Sort Method: top-N heapsort  Memory: 25kB
                     ->  Seq Scan on phoml_trajectory_tmp s_859  (cost=0.00..165745.68 rows=1 width=84) (actual time=0.036..0.557 rows=472 loops=1)
                           Filter: ((unix_time >= '1685451587.186'::double precision) AND (unix_time <= '1685451647.186'::double precision) AND st_dwithin(st_transform(the_geom, 25833), '0101000020E9640000D689C30475E3234177A4AE1C4F0B5741'::geometry, '300'::double precision))
                           Rows Removed by Filter: 3188
   ->  Subquery Scan on "*SELECT* 861"  (cost=165745.69..165745.70 rows=1 width=76) (actual time=0.644..0.645 rows=1 loops=1)
         ->  Limit  (cost=165745.69..165745.69 rows=1 width=84) (actual time=0.639..0.640 rows=1 loops=1)
               ->  Sort  (cost=165745.69..165745.69 rows=1 width=84) (actual time=0.637..0.637 rows=1 loops=1)
                     Sort Key: (st_distance(st_transform(s_860.the_geom, 25833), '0101000020E96400005291ADEC7BE323411DA144754E0B5741'::geometry))
                     Sort Method: top-N heapsort  Memory: 25kB
                     ->  Seq Scan on phoml_trajectory_tmp s_860  (cost=0.00..165745.68 rows=1 width=84) (actual time=0.036..0.566 rows=468 loops=1)
                           Filter: ((unix_time >= '1685451587.586'::double precision) AND (unix_time <= '1685451647.586'::double precision) AND st_dwithin(st_transform(the_geom, 25833), '0101000020E96400005291ADEC7BE323411DA144754E0B5741'::geometry, '300'::double precision))
                           Rows Removed by Filter: 3192
   ->  Subquery Scan on "*SELECT* 862"  (cost=165745.69..165745.70 rows=1 width=76) (actual time=0.649..0.650 rows=1 loops=1)
         ->  Limit  (cost=165745.69..165745.69 rows=1 width=84) (actual time=0.645..0.645 rows=1 loops=1)
               ->  Sort  (cost=165745.69..165745.69 rows=1 width=84) (actual time=0.641..0.641 rows=1 loops=1)
                     Sort Key: (st_distance(st_transform(s_861.the_geom, 25833), '0101000020E9640000D447A97583E32341FC8042B94D0B5741'::geometry))
                     Sort Method: top-N heapsort  Memory: 25kB
                     ->  Seq Scan on phoml_trajectory_tmp s_861  (cost=0.00..165745.68 rows=1 width=84) (actual time=0.041..0.567 rows=464 loops=1)
                           Filter: ((unix_time >= '1685451588.006'::double precision) AND (unix_time <= '1685451648.006'::double precision) AND st_dwithin(st_transform(the_geom, 25833), '0101000020E9640000D447A97583E32341FC8042B94D0B5741'::geometry, '300'::double precision))
                           Rows Removed by Filter: 3196
   ->  Subquery Scan on "*SELECT* 863"  (cost=165745.69..165745.70 rows=1 width=76) (actual time=0.622..0.623 rows=1 loops=1)
         ->  Limit  (cost=165745.69..165745.69 rows=1 width=84) (actual time=0.620..0.621 rows=1 loops=1)
               ->  Sort  (cost=165745.69..165745.69 rows=1 width=84) (actual time=0.618..0.619 rows=1 loops=1)
                     Sort Key: (st_distance(st_transform(s_862.the_geom, 25833), '0101000020E96400006A0678DA8AE32341556130F44C0B5741'::geometry))
                     Sort Method: top-N heapsort  Memory: 25kB
                     ->  Seq Scan on phoml_trajectory_tmp s_862  (cost=0.00..165745.68 rows=1 width=84) (actual time=0.036..0.550 rows=460 loops=1)
                           Filter: ((unix_time >= '1685451588.395'::double precision) AND (unix_time <= '1685451648.395'::double precision) AND st_dwithin(st_transform(the_geom, 25833), '0101000020E96400006A0678DA8AE32341556130F44C0B5741'::geometry, '300'::double precision))
                           Rows Removed by Filter: 3200
   ->  Subquery Scan on "*SELECT* 864"  (cost=165745.69..165745.70 rows=1 width=76) (actual time=0.632..0.634 rows=1 loops=1)
         ->  Limit  (cost=165745.69..165745.69 rows=1 width=84) (actual time=0.629..0.630 rows=1 loops=1)
               ->  Sort  (cost=165745.69..165745.69 rows=1 width=84) (actual time=0.627..0.627 rows=1 loops=1)
                     Sort Key: (st_distance(st_transform(s_863.the_geom, 25833), '0101000020E9640000DE7A1B8092E32341B4FF3A304C0B5741'::geometry))
                     Sort Method: top-N heapsort  Memory: 25kB
                     ->  Seq Scan on phoml_trajectory_tmp s_863  (cost=0.00..165745.68 rows=1 width=84) (actual time=0.038..0.558 rows=456 loops=1)
                           Filter: ((unix_time >= '1685451588.795'::double precision) AND (unix_time <= '1685451648.795'::double precision) AND st_dwithin(st_transform(the_geom, 25833), '0101000020E9640000DE7A1B8092E32341B4FF3A304C0B5741'::geometry, '300'::double precision))
                           Rows Removed by Filter: 3204
   ->  Subquery Scan on "*SELECT* 865"  (cost=165745.69..165745.70 rows=1 width=76) (actual time=0.619..0.620 rows=1 loops=1)
         ->  Limit  (cost=165745.69..165745.69 rows=1 width=84) (actual time=0.617..0.617 rows=1 loops=1)
               ->  Sort  (cost=165745.69..165745.69 rows=1 width=84) (actual time=0.615..0.615 rows=1 loops=1)
                     Sort Key: (st_distance(st_transform(s_864.the_geom, 25833), '0101000020E9640000A33DDF239AE32341BF22C8654B0B5741'::geometry))
                     Sort Method: top-N heapsort  Memory: 25kB
                     ->  Seq Scan on phoml_trajectory_tmp s_864  (cost=0.00..165745.68 rows=1 width=84) (actual time=0.037..0.547 rows=452 loops=1)
                           Filter: ((unix_time >= '1685451589.194'::double precision) AND (unix_time <= '1685451649.194'::double precision) AND st_dwithin(st_transform(the_geom, 25833), '0101000020E9640000A33DDF239AE32341BF22C8654B0B5741'::geometry, '300'::double precision))
                           Rows Removed by Filter: 3208
   ->  Subquery Scan on "*SELECT* 866"  (cost=165745.69..165745.70 rows=1 width=76) (actual time=0.609..0.610 rows=1 loops=1)
         ->  Limit  (cost=165745.69..165745.69 rows=1 width=84) (actual time=0.606..0.608 rows=1 loops=1)
               ->  Sort  (cost=165745.69..165745.69 rows=1 width=84) (actual time=0.603..0.603 rows=1 loops=1)
                     Sort Key: (st_distance(st_transform(s_865.the_geom, 25833), '0101000020E96400008AD5EBA4A1E32341FB10A6A74A0B5741'::geometry))
                     Sort Method: top-N heapsort  Memory: 25kB
                     ->  Seq Scan on phoml_trajectory_tmp s_865  (cost=0.00..165745.68 rows=1 width=84) (actual time=0.036..0.534 rows=448 loops=1)
                           Filter: ((unix_time >= '1685451589.574'::double precision) AND (unix_time <= '1685451649.574'::double precision) AND st_dwithin(st_transform(the_geom, 25833), '0101000020E96400008AD5EBA4A1E32341FB10A6A74A0B5741'::geometry, '300'::double precision))
                           Rows Removed by Filter: 3212
   ->  Subquery Scan on "*SELECT* 867"  (cost=165745.69..165745.70 rows=1 width=76) (actual time=0.611..0.613 rows=1 loops=1)
         ->  Limit  (cost=165745.69..165745.69 rows=1 width=84) (actual time=0.608..0.609 rows=1 loops=1)
               ->  Sort  (cost=165745.69..165745.69 rows=1 width=84) (actual time=0.606..0.607 rows=1 loops=1)
                     Sort Key: (st_distance(st_transform(s_866.the_geom, 25833), '0101000020E96400001BA49E63A9E32341E7174DD9490B5741'::geometry))
                     Sort Method: top-N heapsort  Memory: 25kB
                     ->  Seq Scan on phoml_trajectory_tmp s_866  (cost=0.00..165745.68 rows=1 width=84) (actual time=0.038..0.533 rows=444 loops=1)
                           Filter: ((unix_time >= '1685451589.954'::double precision) AND (unix_time <= '1685451649.954'::double precision) AND st_dwithin(st_transform(the_geom, 25833), '0101000020E96400001BA49E63A9E32341E7174DD9490B5741'::geometry, '300'::double precision))
                           Rows Removed by Filter: 3216
   ->  Subquery Scan on "*SELECT* 868"  (cost=165745.69..165745.70 rows=1 width=76) (actual time=0.607..0.608 rows=1 loops=1)
         ->  Limit  (cost=165745.69..165745.69 rows=1 width=84) (actual time=0.605..0.606 rows=1 loops=1)
               ->  Sort  (cost=165745.69..165745.69 rows=1 width=84) (actual time=0.603..0.603 rows=1 loops=1)
                     Sort Key: (st_distance(st_transform(s_867.the_geom, 25833), '0101000020E96400009C6B8D0FB1E32341BDF5D80B490B5741'::geometry))
                     Sort Method: top-N heapsort  Memory: 25kB
                     ->  Seq Scan on phoml_trajectory_tmp s_867  (cost=0.00..165745.68 rows=1 width=84) (actual time=0.035..0.533 rows=444 loops=1)
                           Filter: ((unix_time >= '1685451590.332'::double precision) AND (unix_time <= '1685451650.332'::double precision) AND st_dwithin(st_transform(the_geom, 25833), '0101000020E96400009C6B8D0FB1E32341BDF5D80B490B5741'::geometry, '300'::double precision))
                           Rows Removed by Filter: 3216
   ->  Subquery Scan on "*SELECT* 869"  (cost=165745.69..165745.70 rows=1 width=76) (actual time=0.604..0.606 rows=1 loops=1)
         ->  Limit  (cost=165745.69..165745.69 rows=1 width=84) (actual time=0.600..0.601 rows=1 loops=1)
               ->  Sort  (cost=165745.69..165745.69 rows=1 width=84) (actual time=0.599..0.599 rows=1 loops=1)
                     Sort Key: (st_distance(st_transform(s_868.the_geom, 25833), '0101000020E96400004B7020FCB8E3234188FB1832480B5741'::geometry))
                     Sort Method: top-N heapsort  Memory: 25kB
                     ->  Seq Scan on phoml_trajectory_tmp s_868  (cost=0.00..165745.68 rows=1 width=84) (actual time=0.035..0.524 rows=440 loops=1)
                           Filter: ((unix_time >= '1685451590.722'::double precision) AND (unix_time <= '1685451650.722'::double precision) AND st_dwithin(st_transform(the_geom, 25833), '0101000020E96400004B7020FCB8E3234188FB1832480B5741'::geometry, '300'::double precision))
                           Rows Removed by Filter: 3220
   ->  Subquery Scan on "*SELECT* 870"  (cost=165745.69..165745.70 rows=1 width=76) (actual time=0.598..0.599 rows=1 loops=1)
         ->  Limit  (cost=165745.69..165745.69 rows=1 width=84) (actual time=0.594..0.595 rows=1 loops=1)
               ->  Sort  (cost=165745.69..165745.69 rows=1 width=84) (actual time=0.593..0.593 rows=1 loops=1)
                     Sort Key: (st_distance(st_transform(s_869.the_geom, 25833), '0101000020E9640000C027869DC0E3234132D28C61470B5741'::geometry))
                     Sort Method: top-N heapsort  Memory: 25kB
                     ->  Seq Scan on phoml_trajectory_tmp s_869  (cost=0.00..165745.68 rows=1 width=84) (actual time=0.035..0.526 rows=436 loops=1)
                           Filter: ((unix_time >= '1685451591.102'::double precision) AND (unix_time <= '1685451651.102'::double precision) AND st_dwithin(st_transform(the_geom, 25833), '0101000020E9640000C027869DC0E3234132D28C61470B5741'::geometry, '300'::double precision))
                           Rows Removed by Filter: 3224
   ->  Subquery Scan on "*SELECT* 871"  (cost=165745.69..165745.70 rows=1 width=76) (actual time=0.586..0.587 rows=1 loops=1)
         ->  Limit  (cost=165745.69..165745.69 rows=1 width=84) (actual time=0.585..0.586 rows=1 loops=1)
               ->  Sort  (cost=165745.69..165745.69 rows=1 width=84) (actual time=0.583..0.583 rows=1 loops=1)
                     Sort Key: (st_distance(st_transform(s_870.the_geom, 25833), '0101000020E9640000825A8A6AC8E323412EBBB193460B5741'::geometry))
                     Sort Method: top-N heapsort  Memory: 25kB
                     ->  Seq Scan on phoml_trajectory_tmp s_870  (cost=0.00..165745.68 rows=1 width=84) (actual time=0.036..0.517 rows=432 loops=1)
                           Filter: ((unix_time >= '1685451591.493'::double precision) AND (unix_time <= '1685451651.493'::double precision) AND st_dwithin(st_transform(the_geom, 25833), '0101000020E9640000825A8A6AC8E323412EBBB193460B5741'::geometry, '300'::double precision))
                           Rows Removed by Filter: 3228
   ->  Subquery Scan on "*SELECT* 872"  (cost=165745.69..165745.70 rows=1 width=76) (actual time=0.603..0.604 rows=1 loops=1)
         ->  Limit  (cost=165745.69..165745.69 rows=1 width=84) (actual time=0.599..0.600 rows=1 loops=1)
               ->  Sort  (cost=165745.69..165745.69 rows=1 width=84) (actual time=0.597..0.597 rows=1 loops=1)
                     Sort Key: (st_distance(st_transform(s_871.the_geom, 25833), '0101000020E9640000BEA4BCF6CFE32341803897CC450B5741'::geometry))
                     Sort Method: top-N heapsort  Memory: 25kB
                     ->  Seq Scan on phoml_trajectory_tmp s_871  (cost=0.00..165745.68 rows=1 width=84) (actual time=0.038..0.533 rows=428 loops=1)
                           Filter: ((unix_time >= '1685451591.873'::double precision) AND (unix_time <= '1685451651.873'::double precision) AND st_dwithin(st_transform(the_geom, 25833), '0101000020E9640000BEA4BCF6CFE32341803897CC450B5741'::geometry, '300'::double precision))
                           Rows Removed by Filter: 3232
   ->  Subquery Scan on "*SELECT* 873"  (cost=165745.69..165745.70 rows=1 width=76) (actual time=0.574..0.575 rows=1 loops=1)
         ->  Limit  (cost=165745.69..165745.69 rows=1 width=84) (actual time=0.572..0.573 rows=1 loops=1)
               ->  Sort  (cost=165745.69..165745.69 rows=1 width=84) (actual time=0.570..0.570 rows=1 loops=1)
                     Sort Key: (st_distance(st_transform(s_872.the_geom, 25833), '0101000020E96400003F3368A3D7E32341A87A9D0B450B5741'::geometry))
                     Sort Method: top-N heapsort  Memory: 25kB
                     ->  Seq Scan on phoml_trajectory_tmp s_872  (cost=0.00..165745.68 rows=1 width=84) (actual time=0.034..0.506 rows=424 loops=1)
                           Filter: ((unix_time >= '1685451592.259'::double precision) AND (unix_time <= '1685451652.259'::double precision) AND st_dwithin(st_transform(the_geom, 25833), '0101000020E96400003F3368A3D7E32341A87A9D0B450B5741'::geometry, '300'::double precision))
                           Rows Removed by Filter: 3236
   ->  Subquery Scan on "*SELECT* 874"  (cost=165745.69..165745.70 rows=1 width=76) (actual time=0.602..0.603 rows=1 loops=1)
         ->  Limit  (cost=165745.69..165745.69 rows=1 width=84) (actual time=0.598..0.599 rows=1 loops=1)
               ->  Sort  (cost=165745.69..165745.69 rows=1 width=84) (actual time=0.596..0.597 rows=1 loops=1)
                     Sort Key: (st_distance(st_transform(s_873.the_geom, 25833), '0101000020E9640000F11BE371DFE32341FC7A703D440B5741'::geometry))
                     Sort Method: top-N heapsort  Memory: 25kB
                     ->  Seq Scan on phoml_trajectory_tmp s_873  (cost=0.00..165745.68 rows=1 width=84) (actual time=0.041..0.533 rows=420 loops=1)
                           Filter: ((unix_time >= '1685451592.659'::double precision) AND (unix_time <= '1685451652.659'::double precision) AND st_dwithin(st_transform(the_geom, 25833), '0101000020E9640000F11BE371DFE32341FC7A703D440B5741'::geometry, '300'::double precision))
                           Rows Removed by Filter: 3240
   ->  Subquery Scan on "*SELECT* 875"  (cost=165745.69..165745.70 rows=1 width=76) (actual time=0.583..0.585 rows=1 loops=1)
         ->  Limit  (cost=165745.69..165745.69 rows=1 width=84) (actual time=0.579..0.580 rows=1 loops=1)
               ->  Sort  (cost=165745.69..165745.69 rows=1 width=84) (actual time=0.577..0.577 rows=1 loops=1)
                     Sort Key: (st_distance(st_transform(s_874.the_geom, 25833), '0101000020E9640000CE4F3EFCE6E323415E6C157A430B5741'::geometry))
                     Sort Method: top-N heapsort  Memory: 25kB
                     ->  Seq Scan on phoml_trajectory_tmp s_874  (cost=0.00..165745.68 rows=1 width=84) (actual time=0.037..0.513 rows=416 loops=1)
                           Filter: ((unix_time >= '1685451593.049'::double precision) AND (unix_time <= '1685451653.049'::double precision) AND st_dwithin(st_transform(the_geom, 25833), '0101000020E9640000CE4F3EFCE6E323415E6C157A430B5741'::geometry, '300'::double precision))
                           Rows Removed by Filter: 3244
   ->  Subquery Scan on "*SELECT* 876"  (cost=165745.69..165745.70 rows=1 width=76) (actual time=0.568..0.569 rows=1 loops=1)
         ->  Limit  (cost=165745.69..165745.69 rows=1 width=84) (actual time=0.566..0.567 rows=1 loops=1)
               ->  Sort  (cost=165745.69..165745.69 rows=1 width=84) (actual time=0.564..0.564 rows=1 loops=1)
                     Sort Key: (st_distance(st_transform(s_875.the_geom, 25833), '0101000020E9640000220AA0B0EEE323419A20C2B8420B5741'::geometry))
                     Sort Method: top-N heapsort  Memory: 25kB
                     ->  Seq Scan on phoml_trajectory_tmp s_875  (cost=0.00..165745.68 rows=1 width=84) (actual time=0.036..0.499 rows=412 loops=1)
                           Filter: ((unix_time >= '1685451593.457'::double precision) AND (unix_time <= '1685451653.457'::double precision) AND st_dwithin(st_transform(the_geom, 25833), '0101000020E9640000220AA0B0EEE323419A20C2B8420B5741'::geometry, '300'::double precision))
                           Rows Removed by Filter: 3248
   ->  Subquery Scan on "*SELECT* 877"  (cost=165745.69..165745.70 rows=1 width=76) (actual time=0.576..0.577 rows=1 loops=1)
         ->  Limit  (cost=165745.69..165745.69 rows=1 width=84) (actual time=0.572..0.573 rows=1 loops=1)
               ->  Sort  (cost=165745.69..165745.69 rows=1 width=84) (actual time=0.570..0.570 rows=1 loops=1)
                     Sort Key: (st_distance(st_transform(s_876.the_geom, 25833), '0101000020E9640000AAE3045EF6E3234188B397FA410B5741'::geometry))
                     Sort Method: top-N heapsort  Memory: 25kB
                     ->  Seq Scan on phoml_trajectory_tmp s_876  (cost=0.00..165745.68 rows=1 width=84) (actual time=0.037..0.508 rows=408 loops=1)
                           Filter: ((unix_time >= '1685451593.867'::double precision) AND (unix_time <= '1685451653.867'::double precision) AND st_dwithin(st_transform(the_geom, 25833), '0101000020E9640000AAE3045EF6E3234188B397FA410B5741'::geometry, '300'::double precision))
                           Rows Removed by Filter: 3252
   ->  Subquery Scan on "*SELECT* 878"  (cost=165745.69..165745.70 rows=1 width=76) (actual time=0.559..0.560 rows=1 loops=1)
         ->  Limit  (cost=165745.69..165745.69 rows=1 width=84) (actual time=0.557..0.558 rows=1 loops=1)
               ->  Sort  (cost=165745.69..165745.69 rows=1 width=84) (actual time=0.554..0.555 rows=1 loops=1)
                     Sort Key: (st_distance(st_transform(s_877.the_geom, 25833), '0101000020E964000052BCE74BFEE32341FD45BB2E410B5741'::geometry))
                     Sort Method: top-N heapsort  Memory: 25kB
                     ->  Seq Scan on phoml_trajectory_tmp s_877  (cost=0.00..165745.68 rows=1 width=84) (actual time=0.036..0.491 rows=404 loops=1)
                           Filter: ((unix_time >= '1685451594.283'::double precision) AND (unix_time <= '1685451654.283'::double precision) AND st_dwithin(st_transform(the_geom, 25833), '0101000020E964000052BCE74BFEE32341FD45BB2E410B5741'::geometry, '300'::double precision))
                           Rows Removed by Filter: 3256
   ->  Subquery Scan on "*SELECT* 879"  (cost=165745.69..165745.70 rows=1 width=76) (actual time=0.593..0.594 rows=1 loops=1)
         ->  Limit  (cost=165745.69..165745.69 rows=1 width=84) (actual time=0.590..0.590 rows=1 loops=1)
               ->  Sort  (cost=165745.69..165745.69 rows=1 width=84) (actual time=0.588..0.588 rows=1 loops=1)
                     Sort Key: (st_distance(st_transform(s_878.the_geom, 25833), '0101000020E964000097786D4206E42341E8ABA158400B5741'::geometry))
                     Sort Method: top-N heapsort  Memory: 25kB
                     ->  Seq Scan on phoml_trajectory_tmp s_878  (cost=0.00..165745.68 rows=1 width=84) (actual time=0.040..0.518 rows=400 loops=1)
                           Filter: ((unix_time >= '1685451594.713'::double precision) AND (unix_time <= '1685451654.713'::double precision) AND st_dwithin(st_transform(the_geom, 25833), '0101000020E964000097786D4206E42341E8ABA158400B5741'::geometry, '300'::double precision))
                           Rows Removed by Filter: 3260
   ->  Subquery Scan on "*SELECT* 880"  (cost=165745.69..165745.70 rows=1 width=76) (actual time=0.563..0.565 rows=1 loops=1)
         ->  Limit  (cost=165745.69..165745.69 rows=1 width=84) (actual time=0.560..0.561 rows=1 loops=1)
               ->  Sort  (cost=165745.69..165745.69 rows=1 width=84) (actual time=0.558..0.558 rows=1 loops=1)
                     Sort Key: (st_distance(st_transform(s_879.the_geom, 25833), '0101000020E9640000AD94CF650EE423411629226F3F0B5741'::geometry))
                     Sort Method: top-N heapsort  Memory: 25kB
                     ->  Seq Scan on phoml_trajectory_tmp s_879  (cost=0.00..165745.68 rows=1 width=84) (actual time=0.037..0.495 rows=396 loops=1)
                           Filter: ((unix_time >= '1685451595.15'::double precision) AND (unix_time <= '1685451655.15'::double precision) AND st_dwithin(st_transform(the_geom, 25833), '0101000020E9640000AD94CF650EE423411629226F3F0B5741'::geometry, '300'::double precision))
                           Rows Removed by Filter: 3264
   ->  Subquery Scan on "*SELECT* 881"  (cost=165745.69..165745.70 rows=1 width=76) (actual time=0.541..0.542 rows=1 loops=1)
         ->  Limit  (cost=165745.69..165745.69 rows=1 width=84) (actual time=0.539..0.539 rows=1 loops=1)
               ->  Sort  (cost=165745.69..165745.69 rows=1 width=84) (actual time=0.537..0.537 rows=1 loops=1)
                     Sort Key: (st_distance(st_transform(s_880.the_geom, 25833), '0101000020E964000016D5025916E4234137EEC06B3E0B5741'::geometry))
                     Sort Method: top-N heapsort  Memory: 25kB
                     ->  Seq Scan on phoml_trajectory_tmp s_880  (cost=0.00..165745.68 rows=1 width=84) (actual time=0.035..0.478 rows=392 loops=1)
                           Filter: ((unix_time >= '1685451595.59'::double precision) AND (unix_time <= '1685451655.59'::double precision) AND st_dwithin(st_transform(the_geom, 25833), '0101000020E964000016D5025916E4234137EEC06B3E0B5741'::geometry, '300'::double precision))
                           Rows Removed by Filter: 3268
   ->  Subquery Scan on "*SELECT* 882"  (cost=165745.69..165745.70 rows=1 width=76) (actual time=0.549..0.550 rows=1 loops=1)
         ->  Limit  (cost=165745.69..165745.69 rows=1 width=84) (actual time=0.545..0.545 rows=1 loops=1)
               ->  Sort  (cost=165745.69..165745.69 rows=1 width=84) (actual time=0.542..0.543 rows=1 loops=1)
                     Sort Key: (st_distance(st_transform(s_881.the_geom, 25833), '0101000020E96400008069CE821EE423413971A22C3D0B5741'::geometry))
                     Sort Method: top-N heapsort  Memory: 25kB
                     ->  Seq Scan on phoml_trajectory_tmp s_881  (cost=0.00..165745.68 rows=1 width=84) (actual time=0.034..0.483 rows=388 loops=1)
                           Filter: ((unix_time >= '1685451596.05'::double precision) AND (unix_time <= '1685451656.05'::double precision) AND st_dwithin(st_transform(the_geom, 25833), '0101000020E96400008069CE821EE423413971A22C3D0B5741'::geometry, '300'::double precision))
                           Rows Removed by Filter: 3272
   ->  Subquery Scan on "*SELECT* 883"  (cost=165745.69..165745.70 rows=1 width=76) (actual time=0.532..0.533 rows=1 loops=1)
         ->  Limit  (cost=165745.69..165745.69 rows=1 width=84) (actual time=0.530..0.531 rows=1 loops=1)
               ->  Sort  (cost=165745.69..165745.69 rows=1 width=84) (actual time=0.528..0.528 rows=1 loops=1)
                     Sort Key: (st_distance(st_transform(s_882.the_geom, 25833), '0101000020E96400003056135D26E42341BBE4CAC43B0B5741'::geometry))
                     Sort Method: top-N heapsort  Memory: 25kB
                     ->  Seq Scan on phoml_trajectory_tmp s_882  (cost=0.00..165745.68 rows=1 width=84) (actual time=0.036..0.471 rows=384 loops=1)
                           Filter: ((unix_time >= '1685451596.54'::double precision) AND (unix_time <= '1685451656.54'::double precision) AND st_dwithin(st_transform(the_geom, 25833), '0101000020E96400003056135D26E42341BBE4CAC43B0B5741'::geometry, '300'::double precision))
                           Rows Removed by Filter: 3276
   ->  Subquery Scan on "*SELECT* 884"  (cost=165745.69..165745.70 rows=1 width=76) (actual time=0.539..0.540 rows=1 loops=1)
         ->  Limit  (cost=165745.69..165745.69 rows=1 width=84) (actual time=0.535..0.536 rows=1 loops=1)
               ->  Sort  (cost=165745.69..165745.69 rows=1 width=84) (actual time=0.534..0.534 rows=1 loops=1)
                     Sort Key: (st_distance(st_transform(s_883.the_geom, 25833), '0101000020E9640000A0F40B4C2DE42341483CFD2E3A0B5741'::geometry))
                     Sort Method: top-N heapsort  Memory: 25kB
                     ->  Seq Scan on phoml_trajectory_tmp s_883  (cost=0.00..165745.68 rows=1 width=84) (actual time=0.038..0.475 rows=376 loops=1)
                           Filter: ((unix_time >= '1685451597.05'::double precision) AND (unix_time <= '1685451657.05'::double precision) AND st_dwithin(st_transform(the_geom, 25833), '0101000020E9640000A0F40B4C2DE42341483CFD2E3A0B5741'::geometry, '300'::double precision))
                           Rows Removed by Filter: 3284
   ->  Subquery Scan on "*SELECT* 885"  (cost=165745.69..165745.70 rows=1 width=76) (actual time=0.525..0.526 rows=1 loops=1)
         ->  Limit  (cost=165745.69..165745.69 rows=1 width=84) (actual time=0.523..0.524 rows=1 loops=1)
               ->  Sort  (cost=165745.69..165745.69 rows=1 width=84) (actual time=0.521..0.521 rows=1 loops=1)
                     Sort Key: (st_distance(st_transform(s_884.the_geom, 25833), '0101000020E96400007364AD4833E423415087C739380B5741'::geometry))
                     Sort Method: top-N heapsort  Memory: 25kB
                     ->  Seq Scan on phoml_trajectory_tmp s_884  (cost=0.00..165745.68 rows=1 width=84) (actual time=0.036..0.464 rows=372 loops=1)
                           Filter: ((unix_time >= '1685451597.586'::double precision) AND (unix_time <= '1685451657.586'::double precision) AND st_dwithin(st_transform(the_geom, 25833), '0101000020E96400007364AD4833E423415087C739380B5741'::geometry, '300'::double precision))
                           Rows Removed by Filter: 3288
   ->  Subquery Scan on "*SELECT* 886"  (cost=165745.69..165745.70 rows=1 width=76) (actual time=0.525..0.527 rows=1 loops=1)
         ->  Limit  (cost=165745.69..165745.69 rows=1 width=84) (actual time=0.522..0.522 rows=1 loops=1)
               ->  Sort  (cost=165745.69..165745.69 rows=1 width=84) (actual time=0.520..0.520 rows=1 loops=1)
                     Sort Key: (st_distance(st_transform(s_885.the_geom, 25833), '0101000020E9640000A67DC72337E423417E751511360B5741'::geometry))
                     Sort Method: top-N heapsort  Memory: 25kB
                     ->  Seq Scan on phoml_trajectory_tmp s_885  (cost=0.00..165745.68 rows=1 width=84) (actual time=0.035..0.458 rows=364 loops=1)
                           Filter: ((unix_time >= '1685451598.115'::double precision) AND (unix_time <= '1685451658.115'::double precision) AND st_dwithin(st_transform(the_geom, 25833), '0101000020E9640000A67DC72337E423417E751511360B5741'::geometry, '300'::double precision))
                           Rows Removed by Filter: 3296
   ->  Subquery Scan on "*SELECT* 887"  (cost=165745.69..165745.70 rows=1 width=76) (actual time=0.509..0.511 rows=1 loops=1)
         ->  Limit  (cost=165745.69..165745.69 rows=1 width=84) (actual time=0.507..0.508 rows=1 loops=1)
               ->  Sort  (cost=165745.69..165745.69 rows=1 width=84) (actual time=0.505..0.505 rows=1 loops=1)
                     Sort Key: (st_distance(st_transform(s_886.the_geom, 25833), '0101000020E964000000ACA80539E423419086A2FE330B5741'::geometry))
                     Sort Method: top-N heapsort  Memory: 25kB
                     ->  Seq Scan on phoml_trajectory_tmp s_886  (cost=0.00..165745.68 rows=1 width=84) (actual time=0.038..0.450 rows=356 loops=1)
                           Filter: ((unix_time >= '1685451598.65'::double precision) AND (unix_time <= '1685451658.65'::double precision) AND st_dwithin(st_transform(the_geom, 25833), '0101000020E964000000ACA80539E423419086A2FE330B5741'::geometry, '300'::double precision))
                           Rows Removed by Filter: 3304
   ->  Subquery Scan on "*SELECT* 888"  (cost=165745.69..165745.70 rows=1 width=76) (actual time=0.534..0.535 rows=1 loops=1)
         ->  Limit  (cost=165745.69..165745.69 rows=1 width=84) (actual time=0.530..0.531 rows=1 loops=1)
               ->  Sort  (cost=165745.69..165745.69 rows=1 width=84) (actual time=0.528..0.528 rows=1 loops=1)
                     Sort Key: (st_distance(st_transform(s_887.the_geom, 25833), '0101000020E9640000BA6BC3C139E42341EA92271D320B5741'::geometry))
                     Sort Method: top-N heapsort  Memory: 25kB
                     ->  Seq Scan on phoml_trajectory_tmp s_887  (cost=0.00..165745.68 rows=1 width=84) (actual time=0.035..0.464 rows=352 loops=1)
                           Filter: ((unix_time >= '1685451599.193'::double precision) AND (unix_time <= '1685451659.193'::double precision) AND st_dwithin(st_transform(the_geom, 25833), '0101000020E9640000BA6BC3C139E42341EA92271D320B5741'::geometry, '300'::double precision))
                           Rows Removed by Filter: 3308
   ->  Subquery Scan on "*SELECT* 889"  (cost=165745.69..165745.70 rows=1 width=76) (actual time=0.505..0.506 rows=1 loops=1)
         ->  Limit  (cost=165745.69..165745.69 rows=1 width=84) (actual time=0.502..0.503 rows=1 loops=1)
               ->  Sort  (cost=165745.69..165745.69 rows=1 width=84) (actual time=0.500..0.500 rows=1 loops=1)
                     Sort Key: (st_distance(st_transform(s_888.the_geom, 25833), '0101000020E96400006B6930343BE42341729310A9300B5741'::geometry))
                     Sort Method: top-N heapsort  Memory: 25kB
                     ->  Seq Scan on phoml_trajectory_tmp s_888  (cost=0.00..165745.68 rows=1 width=84) (actual time=0.037..0.445 rows=348 loops=1)
                           Filter: ((unix_time >= '1685451599.778'::double precision) AND (unix_time <= '1685451659.778'::double precision) AND st_dwithin(st_transform(the_geom, 25833), '0101000020E96400006B6930343BE42341729310A9300B5741'::geometry, '300'::double precision))
                           Rows Removed by Filter: 3312
   ->  Subquery Scan on "*SELECT* 890"  (cost=165745.69..165745.70 rows=1 width=76) (actual time=0.513..0.515 rows=1 loops=1)
         ->  Limit  (cost=165745.69..165745.69 rows=1 width=84) (actual time=0.508..0.509 rows=1 loops=1)
               ->  Sort  (cost=165745.69..165745.69 rows=1 width=84) (actual time=0.506..0.506 rows=1 loops=1)
                     Sort Key: (st_distance(st_transform(s_889.the_geom, 25833), '0101000020E96400005F0D00A83DE423413043849F2F0B5741'::geometry))
                     Sort Method: top-N heapsort  Memory: 25kB
                     ->  Seq Scan on phoml_trajectory_tmp s_889  (cost=0.00..165745.68 rows=1 width=84) (actual time=0.045..0.449 rows=344 loops=1)
                           Filter: ((unix_time >= '1685451600.347'::double precision) AND (unix_time <= '1685451660.347'::double precision) AND st_dwithin(st_transform(the_geom, 25833), '0101000020E96400005F0D00A83DE423413043849F2F0B5741'::geometry, '300'::double precision))
                           Rows Removed by Filter: 3316
   ->  Subquery Scan on "*SELECT* 891"  (cost=165745.69..165745.70 rows=1 width=76) (actual time=0.518..0.520 rows=1 loops=1)
         ->  Limit  (cost=165745.69..165745.69 rows=1 width=84) (actual time=0.514..0.515 rows=1 loops=1)
               ->  Sort  (cost=165745.69..165745.69 rows=1 width=84) (actual time=0.510..0.511 rows=1 loops=1)
                     Sort Key: (st_distance(st_transform(s_890.the_geom, 25833), '0101000020E9640000EF0EA9C541E42341DBAF9F0A2F0B5741'::geometry))
                     Sort Method: top-N heapsort  Memory: 25kB
                     ->  Seq Scan on phoml_trajectory_tmp s_890  (cost=0.00..165745.68 rows=1 width=84) (actual time=0.043..0.449 rows=340 loops=1)
                           Filter: ((unix_time >= '1685451600.931'::double precision) AND (unix_time <= '1685451660.931'::double precision) AND st_dwithin(st_transform(the_geom, 25833), '0101000020E9640000EF0EA9C541E42341DBAF9F0A2F0B5741'::geometry, '300'::double precision))
                           Rows Removed by Filter: 3320
   ->  Subquery Scan on "*SELECT* 892"  (cost=165745.69..165745.70 rows=1 width=76) (actual time=0.490..0.492 rows=1 loops=1)
         ->  Limit  (cost=165745.69..165745.69 rows=1 width=84) (actual time=0.488..0.489 rows=1 loops=1)
               ->  Sort  (cost=165745.69..165745.69 rows=1 width=84) (actual time=0.486..0.486 rows=1 loops=1)
                     Sort Key: (st_distance(st_transform(s_891.the_geom, 25833), '0101000020E9640000DB30370A47E42341A1A6F3E12E0B5741'::geometry))
                     Sort Method: top-N heapsort  Memory: 25kB
                     ->  Seq Scan on phoml_trajectory_tmp s_891  (cost=0.00..165745.68 rows=1 width=84) (actual time=0.035..0.434 rows=340 loops=1)
                           Filter: ((unix_time >= '1685451601.532'::double precision) AND (unix_time <= '1685451661.532'::double precision) AND st_dwithin(st_transform(the_geom, 25833), '0101000020E9640000DB30370A47E42341A1A6F3E12E0B5741'::geometry, '300'::double precision))
                           Rows Removed by Filter: 3320
   ->  Subquery Scan on "*SELECT* 893"  (cost=165745.69..165745.70 rows=1 width=76) (actual time=0.501..0.502 rows=1 loops=1)
         ->  Limit  (cost=165745.69..165745.69 rows=1 width=84) (actual time=0.498..0.499 rows=1 loops=1)
               ->  Sort  (cost=165745.69..165745.69 rows=1 width=84) (actual time=0.496..0.496 rows=1 loops=1)
                     Sort Key: (st_distance(st_transform(s_892.the_geom, 25833), '0101000020E96400002631F38A4CE4234167D96D012F0B5741'::geometry))
                     Sort Method: top-N heapsort  Memory: 25kB
                     ->  Seq Scan on phoml_trajectory_tmp s_892  (cost=0.00..165745.68 rows=1 width=84) (actual time=0.035..0.444 rows=340 loops=1)
                           Filter: ((unix_time >= '1685451602.118'::double precision) AND (unix_time <= '1685451662.118'::double precision) AND st_dwithin(st_transform(the_geom, 25833), '0101000020E96400002631F38A4CE4234167D96D012F0B5741'::geometry, '300'::double precision))
                           Rows Removed by Filter: 3320
   ->  Subquery Scan on "*SELECT* 894"  (cost=165745.69..165745.70 rows=1 width=76) (actual time=0.494..0.495 rows=1 loops=1)
         ->  Limit  (cost=165745.69..165745.69 rows=1 width=84) (actual time=0.491..0.492 rows=1 loops=1)
               ->  Sort  (cost=165745.69..165745.69 rows=1 width=84) (actual time=0.489..0.489 rows=1 loops=1)
                     Sort Key: (st_distance(st_transform(s_893.the_geom, 25833), '0101000020E9640000D3C594C251E423419F3EB3302F0B5741'::geometry))
                     Sort Method: top-N heapsort  Memory: 25kB
                     ->  Seq Scan on phoml_trajectory_tmp s_893  (cost=0.00..165745.68 rows=1 width=84) (actual time=0.040..0.430 rows=336 loops=1)
                           Filter: ((unix_time >= '1685451602.689'::double precision) AND (unix_time <= '1685451662.689'::double precision) AND st_dwithin(st_transform(the_geom, 25833), '0101000020E9640000D3C594C251E423419F3EB3302F0B5741'::geometry, '300'::double precision))
                           Rows Removed by Filter: 3324
   ->  Subquery Scan on "*SELECT* 895"  (cost=165745.69..165745.70 rows=1 width=76) (actual time=0.498..0.499 rows=1 loops=1)
         ->  Limit  (cost=165745.69..165745.69 rows=1 width=84) (actual time=0.494..0.494 rows=1 loops=1)
               ->  Sort  (cost=165745.69..165745.69 rows=1 width=84) (actual time=0.491..0.492 rows=1 loops=1)
                     Sort Key: (st_distance(st_transform(s_894.the_geom, 25833), '0101000020E9640000AF23335657E42341551C973A2F0B5741'::geometry))
                     Sort Method: top-N heapsort  Memory: 25kB
                     ->  Seq Scan on phoml_trajectory_tmp s_894  (cost=0.00..165745.68 rows=1 width=84) (actual time=0.035..0.437 rows=336 loops=1)
                           Filter: ((unix_time >= '1685451603.244'::double precision) AND (unix_time <= '1685451663.244'::double precision) AND st_dwithin(st_transform(the_geom, 25833), '0101000020E9640000AF23335657E42341551C973A2F0B5741'::geometry, '300'::double precision))
                           Rows Removed by Filter: 3324
   ->  Subquery Scan on "*SELECT* 896"  (cost=165745.69..165745.70 rows=1 width=76) (actual time=0.469..0.471 rows=1 loops=1)
         ->  Limit  (cost=165745.69..165745.69 rows=1 width=84) (actual time=0.467..0.468 rows=1 loops=1)
               ->  Sort  (cost=165745.69..165745.69 rows=1 width=84) (actual time=0.465..0.466 rows=1 loops=1)
                     Sort Key: (st_distance(st_transform(s_895.the_geom, 25833), '0101000020E96400002040ADDD5DE4234166A726E12E0B5741'::geometry))
                     Sort Method: top-N heapsort  Memory: 25kB
                     ->  Seq Scan on phoml_trajectory_tmp s_895  (cost=0.00..165745.68 rows=1 width=84) (actual time=0.034..0.414 rows=332 loops=1)
                           Filter: ((unix_time >= '1685451603.768'::double precision) AND (unix_time <= '1685451663.768'::double precision) AND st_dwithin(st_transform(the_geom, 25833), '0101000020E96400002040ADDD5DE4234166A726E12E0B5741'::geometry, '300'::double precision))
                           Rows Removed by Filter: 3328
   ->  Subquery Scan on "*SELECT* 897"  (cost=165745.69..165745.70 rows=1 width=76) (actual time=0.494..0.496 rows=1 loops=1)
         ->  Limit  (cost=165745.69..165745.69 rows=1 width=84) (actual time=0.491..0.492 rows=1 loops=1)
               ->  Sort  (cost=165745.69..165745.69 rows=1 width=84) (actual time=0.489..0.490 rows=1 loops=1)
                     Sort Key: (st_distance(st_transform(s_896.the_geom, 25833), '0101000020E9640000AAE11AD465E42341540A4A102E0B5741'::geometry))
                     Sort Method: top-N heapsort  Memory: 25kB
                     ->  Seq Scan on phoml_trajectory_tmp s_896  (cost=0.00..165745.68 rows=1 width=84) (actual time=0.039..0.438 rows=328 loops=1)
                           Filter: ((unix_time >= '1685451604.267'::double precision) AND (unix_time <= '1685451664.267'::double precision) AND st_dwithin(st_transform(the_geom, 25833), '0101000020E9640000AAE11AD465E42341540A4A102E0B5741'::geometry, '300'::double precision))
                           Rows Removed by Filter: 3332
   ->  Subquery Scan on "*SELECT* 898"  (cost=165745.69..165745.70 rows=1 width=76) (actual time=0.467..0.469 rows=1 loops=1)
         ->  Limit  (cost=165745.69..165745.69 rows=1 width=84) (actual time=0.465..0.466 rows=1 loops=1)
               ->  Sort  (cost=165745.69..165745.69 rows=1 width=84) (actual time=0.463..0.464 rows=1 loops=1)
                     Sort Key: (st_distance(st_transform(s_897.the_geom, 25833), '0101000020E9640000EB70F47B6EE423413681DBDD2C0B5741'::geometry))
                     Sort Method: top-N heapsort  Memory: 25kB
                     ->  Seq Scan on phoml_trajectory_tmp s_897  (cost=0.00..165745.68 rows=1 width=84) (actual time=0.037..0.415 rows=320 loops=1)
                           Filter: ((unix_time >= '1685451604.764'::double precision) AND (unix_time <= '1685451664.764'::double precision) AND st_dwithin(st_transform(the_geom, 25833), '0101000020E9640000EB70F47B6EE423413681DBDD2C0B5741'::geometry, '300'::double precision))
                           Rows Removed by Filter: 3340
   ->  Subquery Scan on "*SELECT* 899"  (cost=165745.69..165745.70 rows=1 width=76) (actual time=0.457..0.458 rows=1 loops=1)
         ->  Limit  (cost=165745.69..165745.69 rows=1 width=84) (actual time=0.455..0.456 rows=1 loops=1)
               ->  Sort  (cost=165745.69..165745.69 rows=1 width=84) (actual time=0.453..0.454 rows=1 loops=1)
                     Sort Key: (st_distance(st_transform(s_898.the_geom, 25833), '0101000020E9640000679402B076E42341B9AF338C2B0B5741'::geometry))
                     Sort Method: top-N heapsort  Memory: 25kB
                     ->  Seq Scan on phoml_trajectory_tmp s_898  (cost=0.00..165745.68 rows=1 width=84) (actual time=0.035..0.404 rows=312 loops=1)
                           Filter: ((unix_time >= '1685451605.247'::double precision) AND (unix_time <= '1685451665.247'::double precision) AND st_dwithin(st_transform(the_geom, 25833), '0101000020E9640000679402B076E42341B9AF338C2B0B5741'::geometry, '300'::double precision))
                           Rows Removed by Filter: 3348
   ->  Subquery Scan on "*SELECT* 900"  (cost=165745.69..165745.70 rows=1 width=76) (actual time=0.467..0.468 rows=1 loops=1)
         ->  Limit  (cost=165745.69..165745.69 rows=1 width=84) (actual time=0.465..0.465 rows=1 loops=1)
               ->  Sort  (cost=165745.69..165745.69 rows=1 width=84) (actual time=0.463..0.463 rows=1 loops=1)
                     Sort Key: (st_distance(st_transform(s_899.the_geom, 25833), '0101000020E9640000D2675F077EE423414211D14E2A0B5741'::geometry))
                     Sort Method: top-N heapsort  Memory: 25kB
                     ->  Seq Scan on phoml_trajectory_tmp s_899  (cost=0.00..165745.68 rows=1 width=84) (actual time=0.049..0.413 rows=308 loops=1)
                           Filter: ((unix_time >= '1685451605.713'::double precision) AND (unix_time <= '1685451665.713'::double precision) AND st_dwithin(st_transform(the_geom, 25833), '0101000020E9640000D2675F077EE423414211D14E2A0B5741'::geometry, '300'::double precision))
                           Rows Removed by Filter: 3352
   ->  Subquery Scan on "*SELECT* 901"  (cost=165745.69..165745.70 rows=1 width=76) (actual time=0.447..0.448 rows=1 loops=1)
         ->  Limit  (cost=165745.69..165745.69 rows=1 width=84) (actual time=0.445..0.446 rows=1 loops=1)
               ->  Sort  (cost=165745.69..165745.69 rows=1 width=84) (actual time=0.443..0.443 rows=1 loops=1)
                     Sort Key: (st_distance(st_transform(s_900.the_geom, 25833), '0101000020E96400009A89C6F384E4234142FE9037290B5741'::geometry))
                     Sort Method: top-N heapsort  Memory: 25kB
                     ->  Seq Scan on phoml_trajectory_tmp s_900  (cost=0.00..165745.68 rows=1 width=84) (actual time=0.036..0.397 rows=300 loops=1)
                           Filter: ((unix_time >= '1685451606.193'::double precision) AND (unix_time <= '1685451666.193'::double precision) AND st_dwithin(st_transform(the_geom, 25833), '0101000020E96400009A89C6F384E4234142FE9037290B5741'::geometry, '300'::double precision))
                           Rows Removed by Filter: 3360
   ->  Subquery Scan on "*SELECT* 902"  (cost=165745.69..165745.70 rows=1 width=76) (actual time=0.457..0.458 rows=1 loops=1)
         ->  Limit  (cost=165745.69..165745.69 rows=1 width=84) (actual time=0.453..0.454 rows=1 loops=1)
               ->  Sort  (cost=165745.69..165745.69 rows=1 width=84) (actual time=0.451..0.452 rows=1 loops=1)
                     Sort Key: (st_distance(st_transform(s_901.the_geom, 25833), '0101000020E9640000428074958BE42341339AA241280B5741'::geometry))
                     Sort Method: top-N heapsort  Memory: 25kB
                     ->  Seq Scan on phoml_trajectory_tmp s_901  (cost=0.00..165745.68 rows=1 width=84) (actual time=0.037..0.405 rows=296 loops=1)
                           Filter: ((unix_time >= '1685451606.662'::double precision) AND (unix_time <= '1685451666.662'::double precision) AND st_dwithin(st_transform(the_geom, 25833), '0101000020E9640000428074958BE42341339AA241280B5741'::geometry, '300'::double precision))
                           Rows Removed by Filter: 3364
   ->  Subquery Scan on "*SELECT* 903"  (cost=165745.69..165745.70 rows=1 width=76) (actual time=0.436..0.437 rows=1 loops=1)
         ->  Limit  (cost=165745.69..165745.69 rows=1 width=84) (actual time=0.433..0.434 rows=1 loops=1)
               ->  Sort  (cost=165745.69..165745.69 rows=1 width=84) (actual time=0.431..0.432 rows=1 loops=1)
                     Sort Key: (st_distance(st_transform(s_902.the_geom, 25833), '0101000020E96400004C6ACF2792E42341B32B6E59270B5741'::geometry))
                     Sort Method: top-N heapsort  Memory: 25kB
                     ->  Seq Scan on phoml_trajectory_tmp s_902  (cost=0.00..165745.68 rows=1 width=84) (actual time=0.036..0.386 rows=288 loops=1)
                           Filter: ((unix_time >= '1685451607.13'::double precision) AND (unix_time <= '1685451667.13'::double precision) AND st_dwithin(st_transform(the_geom, 25833), '0101000020E96400004C6ACF2792E42341B32B6E59270B5741'::geometry, '300'::double precision))
                           Rows Removed by Filter: 3372
   ->  Subquery Scan on "*SELECT* 904"  (cost=165745.69..165745.70 rows=1 width=76) (actual time=0.450..0.451 rows=1 loops=1)
         ->  Limit  (cost=165745.69..165745.69 rows=1 width=84) (actual time=0.446..0.447 rows=1 loops=1)
               ->  Sort  (cost=165745.69..165745.69 rows=1 width=84) (actual time=0.444..0.445 rows=1 loops=1)
                     Sort Key: (st_distance(st_transform(s_903.the_geom, 25833), '0101000020E964000032C955C198E423417E67326A260B5741'::geometry))
                     Sort Method: top-N heapsort  Memory: 25kB
                     ->  Seq Scan on phoml_trajectory_tmp s_903  (cost=0.00..165745.68 rows=1 width=84) (actual time=0.040..0.400 rows=284 loops=1)
                           Filter: ((unix_time >= '1685451607.613'::double precision) AND (unix_time <= '1685451667.613'::double precision) AND st_dwithin(st_transform(the_geom, 25833), '0101000020E964000032C955C198E423417E67326A260B5741'::geometry, '300'::double precision))
                           Rows Removed by Filter: 3376
   ->  Subquery Scan on "*SELECT* 905"  (cost=165745.69..165745.70 rows=1 width=76) (actual time=0.425..0.426 rows=1 loops=1)
         ->  Limit  (cost=165745.69..165745.69 rows=1 width=84) (actual time=0.422..0.424 rows=1 loops=1)
               ->  Sort  (cost=165745.69..165745.69 rows=1 width=84) (actual time=0.420..0.420 rows=1 loops=1)
                     Sort Key: (st_distance(st_transform(s_904.the_geom, 25833), '0101000020E964000005D0859F9FE42341F66F6D5D250B5741'::geometry))
                     Sort Method: top-N heapsort  Memory: 25kB
                     ->  Seq Scan on phoml_trajectory_tmp s_904  (cost=0.00..165745.68 rows=1 width=84) (actual time=0.036..0.375 rows=276 loops=1)
                           Filter: ((unix_time >= '1685451608.107'::double precision) AND (unix_time <= '1685451668.107'::double precision) AND st_dwithin(st_transform(the_geom, 25833), '0101000020E964000005D0859F9FE42341F66F6D5D250B5741'::geometry, '300'::double precision))
                           Rows Removed by Filter: 3384
   ->  Subquery Scan on "*SELECT* 906"  (cost=165745.69..165745.70 rows=1 width=76) (actual time=0.437..0.438 rows=1 loops=1)
         ->  Limit  (cost=165745.69..165745.69 rows=1 width=84) (actual time=0.433..0.434 rows=1 loops=1)
               ->  Sort  (cost=165745.69..165745.69 rows=1 width=84) (actual time=0.431..0.432 rows=1 loops=1)
                     Sort Key: (st_distance(st_transform(s_905.the_geom, 25833), '0101000020E9640000781E8E0DA6E423416457E70A240B5741'::geometry))
                     Sort Method: top-N heapsort  Memory: 25kB
                     ->  Seq Scan on phoml_trajectory_tmp s_905  (cost=0.00..165745.68 rows=1 width=84) (actual time=0.038..0.388 rows=268 loops=1)
                           Filter: ((unix_time >= '1685451608.588'::double precision) AND (unix_time <= '1685451668.588'::double precision) AND st_dwithin(st_transform(the_geom, 25833), '0101000020E9640000781E8E0DA6E423416457E70A240B5741'::geometry, '300'::double precision))
                           Rows Removed by Filter: 3392
   ->  Subquery Scan on "*SELECT* 907"  (cost=165745.69..165745.70 rows=1 width=76) (actual time=0.414..0.415 rows=1 loops=1)
         ->  Limit  (cost=165745.69..165745.69 rows=1 width=84) (actual time=0.411..0.412 rows=1 loops=1)
               ->  Sort  (cost=165745.69..165745.69 rows=1 width=84) (actual time=0.409..0.410 rows=1 loops=1)
                     Sort Key: (st_distance(st_transform(s_906.the_geom, 25833), '0101000020E9640000B2035663ACE42341F9788057220B5741'::geometry))
                     Sort Method: top-N heapsort  Memory: 25kB
                     ->  Seq Scan on phoml_trajectory_tmp s_906  (cost=0.00..165745.68 rows=1 width=84) (actual time=0.039..0.369 rows=260 loops=1)
                           Filter: ((unix_time >= '1685451609.133'::double precision) AND (unix_time <= '1685451669.133'::double precision) AND st_dwithin(st_transform(the_geom, 25833), '0101000020E9640000B2035663ACE42341F9788057220B5741'::geometry, '300'::double precision))
                           Rows Removed by Filter: 3400
   ->  Subquery Scan on "*SELECT* 908"  (cost=165745.69..165745.70 rows=1 width=76) (actual time=0.418..0.419 rows=1 loops=1)
         ->  Limit  (cost=165745.69..165745.69 rows=1 width=84) (actual time=0.415..0.415 rows=1 loops=1)
               ->  Sort  (cost=165745.69..165745.69 rows=1 width=84) (actual time=0.413..0.413 rows=1 loops=1)
                     Sort Key: (st_distance(st_transform(s_907.the_geom, 25833), '0101000020E9640000AE92479FB1E42341657884CD200B5741'::geometry))
                     Sort Method: top-N heapsort  Memory: 25kB
                     ->  Seq Scan on phoml_trajectory_tmp s_907  (cost=0.00..165745.68 rows=1 width=84) (actual time=0.037..0.373 rows=256 loops=1)
                           Filter: ((unix_time >= '1685451609.688'::double precision) AND (unix_time <= '1685451669.688'::double precision) AND st_dwithin(st_transform(the_geom, 25833), '0101000020E9640000AE92479FB1E42341657884CD200B5741'::geometry, '300'::double precision))
                           Rows Removed by Filter: 3404
   ->  Subquery Scan on "*SELECT* 909"  (cost=165745.69..165745.70 rows=1 width=76) (actual time=0.405..0.406 rows=1 loops=1)
         ->  Limit  (cost=165745.69..165745.69 rows=1 width=84) (actual time=0.403..0.404 rows=1 loops=1)
               ->  Sort  (cost=165745.69..165745.69 rows=1 width=84) (actual time=0.401..0.402 rows=1 loops=1)
                     Sort Key: (st_distance(st_transform(s_908.the_geom, 25833), '0101000020E9640000BFFFA841B6E42341620B9B641F0B5741'::geometry))
                     Sort Method: top-N heapsort  Memory: 25kB
                     ->  Seq Scan on phoml_trajectory_tmp s_908  (cost=0.00..165745.68 rows=1 width=84) (actual time=0.038..0.360 rows=252 loops=1)
                           Filter: ((unix_time >= '1685451610.258'::double precision) AND (unix_time <= '1685451670.258'::double precision) AND st_dwithin(st_transform(the_geom, 25833), '0101000020E9640000BFFFA841B6E42341620B9B641F0B5741'::geometry, '300'::double precision))
                           Rows Removed by Filter: 3408
   ->  Subquery Scan on "*SELECT* 910"  (cost=165745.69..165745.70 rows=1 width=76) (actual time=0.391..0.392 rows=1 loops=1)
         ->  Limit  (cost=165745.69..165745.69 rows=1 width=84) (actual time=0.389..0.389 rows=1 loops=1)
               ->  Sort  (cost=165745.69..165745.69 rows=1 width=84) (actual time=0.387..0.387 rows=1 loops=1)
                     Sort Key: (st_distance(st_transform(s_909.the_geom, 25833), '0101000020E964000025ABCD9BBAE423419765813A1E0B5741'::geometry))
                     Sort Method: top-N heapsort  Memory: 25kB
                     ->  Seq Scan on phoml_trajectory_tmp s_909  (cost=0.00..165745.68 rows=1 width=84) (actual time=0.040..0.347 rows=244 loops=1)
                           Filter: ((unix_time >= '1685451610.847'::double precision) AND (unix_time <= '1685451670.847'::double precision) AND st_dwithin(st_transform(the_geom, 25833), '0101000020E964000025ABCD9BBAE423419765813A1E0B5741'::geometry, '300'::double precision))
                           Rows Removed by Filter: 3416
   ->  Subquery Scan on "*SELECT* 911"  (cost=165745.69..165745.70 rows=1 width=76) (actual time=0.399..0.400 rows=1 loops=1)
         ->  Limit  (cost=165745.69..165745.69 rows=1 width=84) (actual time=0.395..0.396 rows=1 loops=1)
               ->  Sort  (cost=165745.69..165745.69 rows=1 width=84) (actual time=0.394..0.394 rows=1 loops=1)
                     Sort Key: (st_distance(st_transform(s_910.the_geom, 25833), '0101000020E9640000EF7EE91BBFE42341AF3BA7FE1C0B5741'::geometry))
                     Sort Method: top-N heapsort  Memory: 25kB
                     ->  Seq Scan on phoml_trajectory_tmp s_910  (cost=0.00..165745.68 rows=1 width=84) (actual time=0.036..0.355 rows=240 loops=1)
                           Filter: ((unix_time >= '1685451611.5'::double precision) AND (unix_time <= '1685451671.5'::double precision) AND st_dwithin(st_transform(the_geom, 25833), '0101000020E9640000EF7EE91BBFE42341AF3BA7FE1C0B5741'::geometry, '300'::double precision))
                           Rows Removed by Filter: 3420
   ->  Subquery Scan on "*SELECT* 912"  (cost=165745.69..165745.70 rows=1 width=76) (actual time=0.381..0.383 rows=1 loops=1)
         ->  Limit  (cost=165745.69..165745.69 rows=1 width=84) (actual time=0.379..0.381 rows=1 loops=1)
               ->  Sort  (cost=165745.69..165745.69 rows=1 width=84) (actual time=0.377..0.378 rows=1 loops=1)
                     Sort Key: (st_distance(st_transform(s_911.the_geom, 25833), '0101000020E9640000F5EBF556C3E423417C79ECD01B0B5741'::geometry))
                     Sort Method: top-N heapsort  Memory: 25kB
                     ->  Seq Scan on phoml_trajectory_tmp s_911  (cost=0.00..165745.68 rows=1 width=84) (actual time=0.037..0.339 rows=240 loops=1)
                           Filter: ((unix_time >= '1685451612.173'::double precision) AND (unix_time <= '1685451672.173'::double precision) AND st_dwithin(st_transform(the_geom, 25833), '0101000020E9640000F5EBF556C3E423417C79ECD01B0B5741'::geometry, '300'::double precision))
                           Rows Removed by Filter: 3420
   ->  Subquery Scan on "*SELECT* 913"  (cost=165745.69..165745.70 rows=1 width=76) (actual time=0.395..0.396 rows=1 loops=1)
         ->  Limit  (cost=165745.69..165745.69 rows=1 width=84) (actual time=0.392..0.393 rows=1 loops=1)
               ->  Sort  (cost=165745.69..165745.69 rows=1 width=84) (actual time=0.390..0.390 rows=1 loops=1)
                     Sort Key: (st_distance(st_transform(s_912.the_geom, 25833), '0101000020E9640000CDFEEBBAC7E42341BD3371A01A0B5741'::geometry))
                     Sort Method: top-N heapsort  Memory: 25kB
                     ->  Seq Scan on phoml_trajectory_tmp s_912  (cost=0.00..165745.68 rows=1 width=84) (actual time=0.038..0.353 rows=232 loops=1)
                           Filter: ((unix_time >= '1685451612.943'::double precision) AND (unix_time <= '1685451672.943'::double precision) AND st_dwithin(st_transform(the_geom, 25833), '0101000020E9640000CDFEEBBAC7E42341BD3371A01A0B5741'::geometry, '300'::double precision))
                           Rows Removed by Filter: 3428
   ->  Subquery Scan on "*SELECT* 914"  (cost=165745.69..165745.70 rows=1 width=76) (actual time=0.377..0.378 rows=1 loops=1)
         ->  Limit  (cost=165745.69..165745.69 rows=1 width=84) (actual time=0.375..0.376 rows=1 loops=1)
               ->  Sort  (cost=165745.69..165745.69 rows=1 width=84) (actual time=0.373..0.373 rows=1 loops=1)
                     Sort Key: (st_distance(st_transform(s_913.the_geom, 25833), '0101000020E964000002A9D3FECBE4234180BEAB72190B5741'::geometry))
                     Sort Method: top-N heapsort  Memory: 25kB
                     ->  Seq Scan on phoml_trajectory_tmp s_913  (cost=0.00..165745.68 rows=1 width=84) (actual time=0.040..0.335 rows=232 loops=1)
                           Filter: ((unix_time >= '1685451613.816'::double precision) AND (unix_time <= '1685451673.816'::double precision) AND st_dwithin(st_transform(the_geom, 25833), '0101000020E964000002A9D3FECBE4234180BEAB72190B5741'::geometry, '300'::double precision))
                           Rows Removed by Filter: 3428
   ->  Subquery Scan on "*SELECT* 915"  (cost=165745.69..165745.70 rows=1 width=76) (actual time=0.394..0.396 rows=1 loops=1)
         ->  Limit  (cost=165745.69..165745.69 rows=1 width=84) (actual time=0.390..0.391 rows=1 loops=1)
               ->  Sort  (cost=165745.69..165745.69 rows=1 width=84) (actual time=0.387..0.388 rows=1 loops=1)
                     Sort Key: (st_distance(st_transform(s_914.the_geom, 25833), '0101000020E9640000C965D71FD0E42341F12CC548180B5741'::geometry))
                     Sort Method: top-N heapsort  Memory: 25kB
                     ->  Seq Scan on phoml_trajectory_tmp s_914  (cost=0.00..165745.68 rows=1 width=84) (actual time=0.034..0.351 rows=228 loops=1)
                           Filter: ((unix_time >= '1685451614.827'::double precision) AND (unix_time <= '1685451674.827'::double precision) AND st_dwithin(st_transform(the_geom, 25833), '0101000020E9640000C965D71FD0E42341F12CC548180B5741'::geometry, '300'::double precision))
                           Rows Removed by Filter: 3432
   ->  Subquery Scan on "*SELECT* 916"  (cost=165745.69..165745.70 rows=1 width=76) (actual time=0.327..0.328 rows=1 loops=1)
         ->  Limit  (cost=165745.69..165745.69 rows=1 width=84) (actual time=0.325..0.325 rows=1 loops=1)
               ->  Sort  (cost=165745.69..165745.69 rows=1 width=84) (actual time=0.323..0.323 rows=1 loops=1)
                     Sort Key: (st_distance(st_transform(s_915.the_geom, 25833), '0101000020E96400003201A3FAF8DB2341F4942259220F5741'::geometry))
                     Sort Method: top-N heapsort  Memory: 25kB
                     ->  Seq Scan on phoml_trajectory_tmp s_915  (cost=0.00..165745.68 rows=1 width=84) (actual time=0.009..0.292 rows=188 loops=1)
                           Filter: ((unix_time >= '1685451234.426'::double precision) AND (unix_time <= '1685451294.426'::double precision) AND st_dwithin(st_transform(the_geom, 25833), '0101000020E96400003201A3FAF8DB2341F4942259220F5741'::geometry, '300'::double precision))
                           Rows Removed by Filter: 3472
   ->  Subquery Scan on "*SELECT* 917"  (cost=165745.69..165745.70 rows=1 width=76) (actual time=0.360..0.361 rows=1 loops=1)
         ->  Limit  (cost=165745.69..165745.69 rows=1 width=84) (actual time=0.357..0.358 rows=1 loops=1)
               ->  Sort  (cost=165745.69..165745.69 rows=1 width=84) (actual time=0.355..0.355 rows=1 loops=1)
                     Sort Key: (st_distance(st_transform(s_916.the_geom, 25833), '0101000020E96400003D899DE800DC2341BBF3A4EA200F5741'::geometry))
                     Sort Method: top-N heapsort  Memory: 25kB
                     ->  Seq Scan on phoml_trajectory_tmp s_916  (cost=0.00..165745.68 rows=1 width=84) (actual time=0.011..0.321 rows=216 loops=1)
                           Filter: ((unix_time >= '1685451237.551'::double precision) AND (unix_time <= '1685451297.551'::double precision) AND st_dwithin(st_transform(the_geom, 25833), '0101000020E96400003D899DE800DC2341BBF3A4EA200F5741'::geometry, '300'::double precision))
                           Rows Removed by Filter: 3444
   ->  Subquery Scan on "*SELECT* 918"  (cost=165745.69..165745.70 rows=1 width=76) (actual time=0.386..0.387 rows=1 loops=1)
         ->  Limit  (cost=165745.69..165745.69 rows=1 width=84) (actual time=0.384..0.385 rows=1 loops=1)
               ->  Sort  (cost=165745.69..165745.69 rows=1 width=84) (actual time=0.382..0.382 rows=1 loops=1)
                     Sort Key: (st_distance(st_transform(s_917.the_geom, 25833), '0101000020E9640000EF35A8BC05DC23414D67F5CF1F0F5741'::geometry))
                     Sort Method: top-N heapsort  Memory: 25kB
                     ->  Seq Scan on phoml_trajectory_tmp s_917  (cost=0.00..165745.68 rows=1 width=84) (actual time=0.014..0.338 rows=232 loops=1)
                           Filter: ((unix_time >= '1685451239.426'::double precision) AND (unix_time <= '1685451299.426'::double precision) AND st_dwithin(st_transform(the_geom, 25833), '0101000020E9640000EF35A8BC05DC23414D67F5CF1F0F5741'::geometry, '300'::double precision))
                           Rows Removed by Filter: 3428
   ->  Subquery Scan on "*SELECT* 919"  (cost=165745.69..165745.70 rows=1 width=76) (actual time=0.381..0.382 rows=1 loops=1)
         ->  Limit  (cost=165745.69..165745.69 rows=1 width=84) (actual time=0.378..0.379 rows=1 loops=1)
               ->  Sort  (cost=165745.69..165745.69 rows=1 width=84) (actual time=0.376..0.376 rows=1 loops=1)
                     Sort Key: (st_distance(st_transform(s_918.the_geom, 25833), '0101000020E9640000075231CB04DC23419D609B201F0F5741'::geometry))
                     Sort Method: top-N heapsort  Memory: 25kB
                     ->  Seq Scan on phoml_trajectory_tmp s_918  (cost=0.00..165745.68 rows=1 width=84) (actual time=0.009..0.337 rows=244 loops=1)
                           Filter: ((unix_time >= '1685451240.806'::double precision) AND (unix_time <= '1685451300.806'::double precision) AND st_dwithin(st_transform(the_geom, 25833), '0101000020E9640000075231CB04DC23419D609B201F0F5741'::geometry, '300'::double precision))
                           Rows Removed by Filter: 3416
   ->  Subquery Scan on "*SELECT* 920"  (cost=165745.69..165745.70 rows=1 width=76) (actual time=0.470..0.471 rows=1 loops=1)
         ->  Limit  (cost=165745.69..165745.69 rows=1 width=84) (actual time=0.467..0.467 rows=1 loops=1)
               ->  Sort  (cost=165745.69..165745.69 rows=1 width=84) (actual time=0.465..0.465 rows=1 loops=1)
                     Sort Key: (st_distance(st_transform(s_919.the_geom, 25833), '0101000020E96400002FC13EE0FEDB234143EBF3E51E0F5741'::geometry))
                     Sort Method: top-N heapsort  Memory: 25kB
                     ->  Seq Scan on phoml_trajectory_tmp s_919  (cost=0.00..165745.68 rows=1 width=84) (actual time=0.072..0.423 rows=256 loops=1)
                           Filter: ((unix_time >= '1685451241.938'::double precision) AND (unix_time <= '1685451301.938'::double precision) AND st_dwithin(st_transform(the_geom, 25833), '0101000020E96400002FC13EE0FEDB234143EBF3E51E0F5741'::geometry, '300'::double precision))
                           Rows Removed by Filter: 3404
   ->  Subquery Scan on "*SELECT* 921"  (cost=165745.69..165745.70 rows=1 width=76) (actual time=0.412..0.413 rows=1 loops=1)
         ->  Limit  (cost=165745.69..165745.69 rows=1 width=84) (actual time=0.409..0.410 rows=1 loops=1)
               ->  Sort  (cost=165745.69..165745.69 rows=1 width=84) (actual time=0.407..0.407 rows=1 loops=1)
                     Sort Key: (st_distance(st_transform(s_920.the_geom, 25833), '0101000020E964000094A15F6AF9DB23412BAEC5AD1E0F5741'::geometry))
                     Sort Method: top-N heapsort  Memory: 25kB
                     ->  Seq Scan on phoml_trajectory_tmp s_920  (cost=0.00..165745.68 rows=1 width=84) (actual time=0.010..0.363 rows=264 loops=1)
                           Filter: ((unix_time >= '1685451242.935'::double precision) AND (unix_time <= '1685451302.935'::double precision) AND st_dwithin(st_transform(the_geom, 25833), '0101000020E964000094A15F6AF9DB23412BAEC5AD1E0F5741'::geometry, '300'::double precision))
                           Rows Removed by Filter: 3396
   ->  Subquery Scan on "*SELECT* 922"  (cost=165745.69..165745.70 rows=1 width=76) (actual time=0.424..0.426 rows=1 loops=1)
         ->  Limit  (cost=165745.69..165745.69 rows=1 width=84) (actual time=0.421..0.422 rows=1 loops=1)
               ->  Sort  (cost=165745.69..165745.69 rows=1 width=84) (actual time=0.419..0.420 rows=1 loops=1)
                     Sort Key: (st_distance(st_transform(s_921.the_geom, 25833), '0101000020E96400006897D75BF5DB2341DB8763471E0F5741'::geometry))
                     Sort Method: top-N heapsort  Memory: 25kB
                     ->  Seq Scan on phoml_trajectory_tmp s_921  (cost=0.00..165745.68 rows=1 width=84) (actual time=0.012..0.376 rows=272 loops=1)
                           Filter: ((unix_time >= '1685451243.829'::double precision) AND (unix_time <= '1685451303.829'::double precision) AND st_dwithin(st_transform(the_geom, 25833), '0101000020E96400006897D75BF5DB2341DB8763471E0F5741'::geometry, '300'::double precision))
                           Rows Removed by Filter: 3388
   ->  Subquery Scan on "*SELECT* 923"  (cost=165745.69..165745.70 rows=1 width=76) (actual time=0.428..0.429 rows=1 loops=1)
         ->  Limit  (cost=165745.69..165745.69 rows=1 width=84) (actual time=0.425..0.426 rows=1 loops=1)
               ->  Sort  (cost=165745.69..165745.69 rows=1 width=84) (actual time=0.423..0.424 rows=1 loops=1)
                     Sort Key: (st_distance(st_transform(s_922.the_geom, 25833), '0101000020E964000026D3CFF1F1DB2341B9C67BA91D0F5741'::geometry))
                     Sort Method: top-N heapsort  Memory: 25kB
                     ->  Seq Scan on phoml_trajectory_tmp s_922  (cost=0.00..165745.68 rows=1 width=84) (actual time=0.011..0.379 rows=280 loops=1)
                           Filter: ((unix_time >= '1685451244.629'::double precision) AND (unix_time <= '1685451304.629'::double precision) AND st_dwithin(st_transform(the_geom, 25833), '0101000020E964000026D3CFF1F1DB2341B9C67BA91D0F5741'::geometry, '300'::double precision))
                           Rows Removed by Filter: 3380
   ->  Subquery Scan on "*SELECT* 924"  (cost=165745.69..165745.70 rows=1 width=76) (actual time=0.441..0.443 rows=1 loops=1)
         ->  Limit  (cost=165745.69..165745.69 rows=1 width=84) (actual time=0.438..0.439 rows=1 loops=1)
               ->  Sort  (cost=165745.69..165745.69 rows=1 width=84) (actual time=0.436..0.436 rows=1 loops=1)
                     Sort Key: (st_distance(st_transform(s_923.the_geom, 25833), '0101000020E96400007650ACA2EEDB234195D7C3E91C0F5741'::geometry))
                     Sort Method: top-N heapsort  Memory: 25kB
                     ->  Seq Scan on phoml_trajectory_tmp s_923  (cost=0.00..165745.68 rows=1 width=84) (actual time=0.012..0.390 rows=288 loops=1)
                           Filter: ((unix_time >= '1685451245.376'::double precision) AND (unix_time <= '1685451305.376'::double precision) AND st_dwithin(st_transform(the_geom, 25833), '0101000020E96400007650ACA2EEDB234195D7C3E91C0F5741'::geometry, '300'::double precision))
                           Rows Removed by Filter: 3372
   ->  Subquery Scan on "*SELECT* 925"  (cost=165745.69..165745.70 rows=1 width=76) (actual time=0.442..0.443 rows=1 loops=1)
         ->  Limit  (cost=165745.69..165745.69 rows=1 width=84) (actual time=0.440..0.440 rows=1 loops=1)
               ->  Sort  (cost=165745.69..165745.69 rows=1 width=84) (actual time=0.438..0.438 rows=1 loops=1)
                     Sort Key: (st_distance(st_transform(s_924.the_geom, 25833), '0101000020E9640000EE7C094CEBDB234106E9EA161C0F5741'::geometry))
                     Sort Method: top-N heapsort  Memory: 25kB
                     ->  Seq Scan on phoml_trajectory_tmp s_924  (cost=0.00..165745.68 rows=1 width=84) (actual time=0.012..0.391 rows=296 loops=1)
                           Filter: ((unix_time >= '1685451246.096'::double precision) AND (unix_time <= '1685451306.096'::double precision) AND st_dwithin(st_transform(the_geom, 25833), '0101000020E9640000EE7C094CEBDB234106E9EA161C0F5741'::geometry, '300'::double precision))
                           Rows Removed by Filter: 3364
   ->  Subquery Scan on "*SELECT* 926"  (cost=165745.69..165745.70 rows=1 width=76) (actual time=0.442..0.444 rows=1 loops=1)
         ->  Limit  (cost=165745.69..165745.69 rows=1 width=84) (actual time=0.440..0.440 rows=1 loops=1)
               ->  Sort  (cost=165745.69..165745.69 rows=1 width=84) (actual time=0.438..0.438 rows=1 loops=1)
                     Sort Key: (st_distance(st_transform(s_925.the_geom, 25833), '0101000020E9640000EA94DD49E8DB23419CDE720B1B0F5741'::geometry))
                     Sort Method: top-N heapsort  Memory: 25kB
                     ->  Seq Scan on phoml_trajectory_tmp s_925  (cost=0.00..165745.68 rows=1 width=84) (actual time=0.012..0.391 rows=296 loops=1)
                           Filter: ((unix_time >= '1685451246.761'::double precision) AND (unix_time <= '1685451306.761'::double precision) AND st_dwithin(st_transform(the_geom, 25833), '0101000020E9640000EA94DD49E8DB23419CDE720B1B0F5741'::geometry, '300'::double precision))
                           Rows Removed by Filter: 3364
   ->  Subquery Scan on "*SELECT* 927"  (cost=165745.69..165745.70 rows=1 width=76) (actual time=0.468..0.469 rows=1 loops=1)
         ->  Limit  (cost=165745.69..165745.69 rows=1 width=84) (actual time=0.464..0.465 rows=1 loops=1)
               ->  Sort  (cost=165745.69..165745.69 rows=1 width=84) (actual time=0.462..0.463 rows=1 loops=1)
                     Sort Key: (st_distance(st_transform(s_926.the_geom, 25833), '0101000020E9640000B846415EE5DB2341103DBDDF190F5741'::geometry))
                     Sort Method: top-N heapsort  Memory: 25kB
                     ->  Seq Scan on phoml_trajectory_tmp s_926  (cost=0.00..165745.68 rows=1 width=84) (actual time=0.014..0.414 rows=300 loops=1)
                           Filter: ((unix_time >= '1685451247.376'::double precision) AND (unix_time <= '1685451307.376'::double precision) AND st_dwithin(st_transform(the_geom, 25833), '0101000020E9640000B846415EE5DB2341103DBDDF190F5741'::geometry, '300'::double precision))
                           Rows Removed by Filter: 3360
   ->  Subquery Scan on "*SELECT* 928"  (cost=165745.69..165745.70 rows=1 width=76) (actual time=0.455..0.456 rows=1 loops=1)
         ->  Limit  (cost=165745.69..165745.69 rows=1 width=84) (actual time=0.451..0.452 rows=1 loops=1)
               ->  Sort  (cost=165745.69..165745.69 rows=1 width=84) (actual time=0.450..0.450 rows=1 loops=1)
                     Sort Key: (st_distance(st_transform(s_927.the_geom, 25833), '0101000020E9640000CBDBD150E2DB2341DC8F2DCE180F5741'::geometry))
                     Sort Method: top-N heapsort  Memory: 25kB
                     ->  Seq Scan on phoml_trajectory_tmp s_927  (cost=0.00..165745.68 rows=1 width=84) (actual time=0.011..0.399 rows=304 loops=1)
                           Filter: ((unix_time >= '1685451247.986'::double precision) AND (unix_time <= '1685451307.986'::double precision) AND st_dwithin(st_transform(the_geom, 25833), '0101000020E9640000CBDBD150E2DB2341DC8F2DCE180F5741'::geometry, '300'::double precision))
                           Rows Removed by Filter: 3356
   ->  Subquery Scan on "*SELECT* 929"  (cost=165745.69..165745.70 rows=1 width=76) (actual time=0.471..0.473 rows=1 loops=1)
         ->  Limit  (cost=165745.69..165745.69 rows=1 width=84) (actual time=0.467..0.468 rows=1 loops=1)
               ->  Sort  (cost=165745.69..165745.69 rows=1 width=84) (actual time=0.463..0.464 rows=1 loops=1)
                     Sort Key: (st_distance(st_transform(s_928.the_geom, 25833), '0101000020E96400004BC572FADEDB23419ECA94BD170F5741'::geometry))
                     Sort Method: top-N heapsort  Memory: 25kB
                     ->  Seq Scan on phoml_trajectory_tmp s_928  (cost=0.00..165745.68 rows=1 width=84) (actual time=0.015..0.413 rows=308 loops=1)
                           Filter: ((unix_time >= '1685451248.636'::double precision) AND (unix_time <= '1685451308.636'::double precision) AND st_dwithin(st_transform(the_geom, 25833), '0101000020E96400004BC572FADEDB23419ECA94BD170F5741'::geometry, '300'::double precision))
                           Rows Removed by Filter: 3352
   ->  Subquery Scan on "*SELECT* 930"  (cost=165745.69..165745.70 rows=1 width=76) (actual time=0.462..0.463 rows=1 loops=1)
         ->  Limit  (cost=165745.69..165745.69 rows=1 width=84) (actual time=0.460..0.461 rows=1 loops=1)
               ->  Sort  (cost=165745.69..165745.69 rows=1 width=84) (actual time=0.458..0.458 rows=1 loops=1)
                     Sort Key: (st_distance(st_transform(s_929.the_geom, 25833), '0101000020E9640000F844CCBDDBDB2341ECFF1892160F5741'::geometry))
                     Sort Method: top-N heapsort  Memory: 25kB
                     ->  Seq Scan on phoml_trajectory_tmp s_929  (cost=0.00..165745.68 rows=1 width=84) (actual time=0.014..0.407 rows=312 loops=1)
                           Filter: ((unix_time >= '1685451249.175'::double precision) AND (unix_time <= '1685451309.175'::double precision) AND st_dwithin(st_transform(the_geom, 25833), '0101000020E9640000F844CCBDDBDB2341ECFF1892160F5741'::geometry, '300'::double precision))
                           Rows Removed by Filter: 3348
   ->  Subquery Scan on "*SELECT* 931"  (cost=165745.69..165745.70 rows=1 width=76) (actual time=0.473..0.475 rows=1 loops=1)
         ->  Limit  (cost=165745.69..165745.69 rows=1 width=84) (actual time=0.470..0.471 rows=1 loops=1)
               ->  Sort  (cost=165745.69..165745.69 rows=1 width=84) (actual time=0.468..0.468 rows=1 loops=1)
                     Sort Key: (st_distance(st_transform(s_930.the_geom, 25833), '0101000020E9640000013B44A9D8DB23414A8C8273150F5741'::geometry))
                     Sort Method: top-N heapsort  Memory: 25kB
                     ->  Seq Scan on phoml_trajectory_tmp s_930  (cost=0.00..165745.68 rows=1 width=84) (actual time=0.010..0.419 rows=316 loops=1)
                           Filter: ((unix_time >= '1685451249.76'::double precision) AND (unix_time <= '1685451309.76'::double precision) AND st_dwithin(st_transform(the_geom, 25833), '0101000020E9640000013B44A9D8DB23414A8C8273150F5741'::geometry, '300'::double precision))
                           Rows Removed by Filter: 3344
   ->  Subquery Scan on "*SELECT* 932"  (cost=165745.69..165745.70 rows=1 width=76) (actual time=0.464..0.465 rows=1 loops=1)
         ->  Limit  (cost=165745.69..165745.69 rows=1 width=84) (actual time=0.462..0.463 rows=1 loops=1)
               ->  Sort  (cost=165745.69..165745.69 rows=1 width=84) (actual time=0.460..0.460 rows=1 loops=1)
                     Sort Key: (st_distance(st_transform(s_931.the_geom, 25833), '0101000020E9640000B503B7A0D5DB23413A065F38140F5741'::geometry))
                     Sort Method: top-N heapsort  Memory: 25kB
                     ->  Seq Scan on phoml_trajectory_tmp s_931  (cost=0.00..165745.68 rows=1 width=84) (actual time=0.010..0.411 rows=320 loops=1)
                           Filter: ((unix_time >= '1685451250.256'::double precision) AND (unix_time <= '1685451310.256'::double precision) AND st_dwithin(st_transform(the_geom, 25833), '0101000020E9640000B503B7A0D5DB23413A065F38140F5741'::geometry, '300'::double precision))
                           Rows Removed by Filter: 3340
   ->  Subquery Scan on "*SELECT* 933"  (cost=165745.69..165745.70 rows=1 width=76) (actual time=0.488..0.489 rows=1 loops=1)
         ->  Limit  (cost=165745.69..165745.69 rows=1 width=84) (actual time=0.484..0.485 rows=1 loops=1)
               ->  Sort  (cost=165745.69..165745.69 rows=1 width=84) (actual time=0.482..0.483 rows=1 loops=1)
                     Sort Key: (st_distance(st_transform(s_932.the_geom, 25833), '0101000020E964000024CB7B99D2DB2341AD14C806130F5741'::geometry))
                     Sort Method: top-N heapsort  Memory: 25kB
                     ->  Seq Scan on phoml_trajectory_tmp s_932  (cost=0.00..165745.68 rows=1 width=84) (actual time=0.010..0.433 rows=324 loops=1)
                           Filter: ((unix_time >= '1685451250.776'::double precision) AND (unix_time <= '1685451310.776'::double precision) AND st_dwithin(st_transform(the_geom, 25833), '0101000020E964000024CB7B99D2DB2341AD14C806130F5741'::geometry, '300'::double precision))
                           Rows Removed by Filter: 3336
   ->  Subquery Scan on "*SELECT* 934"  (cost=165745.69..165745.70 rows=1 width=76) (actual time=0.484..0.485 rows=1 loops=1)
         ->  Limit  (cost=165745.69..165745.69 rows=1 width=84) (actual time=0.481..0.482 rows=1 loops=1)
               ->  Sort  (cost=165745.69..165745.69 rows=1 width=84) (actual time=0.479..0.479 rows=1 loops=1)
                     Sort Key: (st_distance(st_transform(s_933.the_geom, 25833), '0101000020E9640000DB62D675CFDB2341C7E214D5110F5741'::geometry))
                     Sort Method: top-N heapsort  Memory: 25kB
                     ->  Seq Scan on phoml_trajectory_tmp s_933  (cost=0.00..165745.68 rows=1 width=84) (actual time=0.013..0.425 rows=328 loops=1)
                           Filter: ((unix_time >= '1685451251.3'::double precision) AND (unix_time <= '1685451311.3'::double precision) AND st_dwithin(st_transform(the_geom, 25833), '0101000020E9640000DB62D675CFDB2341C7E214D5110F5741'::geometry, '300'::double precision))
                           Rows Removed by Filter: 3332
   ->  Subquery Scan on "*SELECT* 935"  (cost=165745.69..165745.70 rows=1 width=76) (actual time=0.496..0.497 rows=1 loops=1)
         ->  Limit  (cost=165745.69..165745.69 rows=1 width=84) (actual time=0.492..0.492 rows=1 loops=1)
               ->  Sort  (cost=165745.69..165745.69 rows=1 width=84) (actual time=0.490..0.490 rows=1 loops=1)
                     Sort Key: (st_distance(st_transform(s_934.the_geom, 25833), '0101000020E964000018B37881CCDB234136992598100F5741'::geometry))
                     Sort Method: top-N heapsort  Memory: 25kB
                     ->  Seq Scan on phoml_trajectory_tmp s_934  (cost=0.00..165745.68 rows=1 width=84) (actual time=0.009..0.438 rows=332 loops=1)
                           Filter: ((unix_time >= '1685451251.81'::double precision) AND (unix_time <= '1685451311.81'::double precision) AND st_dwithin(st_transform(the_geom, 25833), '0101000020E964000018B37881CCDB234136992598100F5741'::geometry, '300'::double precision))
                           Rows Removed by Filter: 3328
   ->  Subquery Scan on "*SELECT* 936"  (cost=165745.69..165745.70 rows=1 width=76) (actual time=0.491..0.492 rows=1 loops=1)
         ->  Limit  (cost=165745.69..165745.69 rows=1 width=84) (actual time=0.489..0.490 rows=1 loops=1)
               ->  Sort  (cost=165745.69..165745.69 rows=1 width=84) (actual time=0.487..0.487 rows=1 loops=1)
                     Sort Key: (st_distance(st_transform(s_935.the_geom, 25833), '0101000020E9640000A863CA63C9DB23410E05076D0F0F5741'::geometry))
                     Sort Method: top-N heapsort  Memory: 25kB
                     ->  Seq Scan on phoml_trajectory_tmp s_935  (cost=0.00..165745.68 rows=1 width=84) (actual time=0.011..0.433 rows=336 loops=1)
                           Filter: ((unix_time >= '1685451252.306'::double precision) AND (unix_time <= '1685451312.306'::double precision) AND st_dwithin(st_transform(the_geom, 25833), '0101000020E9640000A863CA63C9DB23410E05076D0F0F5741'::geometry, '300'::double precision))
                           Rows Removed by Filter: 3324
   ->  Subquery Scan on "*SELECT* 937"  (cost=165745.69..165745.70 rows=1 width=76) (actual time=0.512..0.513 rows=1 loops=1)
         ->  Limit  (cost=165745.69..165745.69 rows=1 width=84) (actual time=0.508..0.509 rows=1 loops=1)
               ->  Sort  (cost=165745.69..165745.69 rows=1 width=84) (actual time=0.507..0.507 rows=1 loops=1)
                     Sort Key: (st_distance(st_transform(s_936.the_geom, 25833), '0101000020E96400001415683FC6DB2341C6AF80440E0F5741'::geometry))
                     Sort Method: top-N heapsort  Memory: 25kB
                     ->  Seq Scan on phoml_trajectory_tmp s_936  (cost=0.00..165745.68 rows=1 width=84) (actual time=0.012..0.452 rows=340 loops=1)
                           Filter: ((unix_time >= '1685451252.861'::double precision) AND (unix_time <= '1685451312.861'::double precision) AND st_dwithin(st_transform(the_geom, 25833), '0101000020E96400001415683FC6DB2341C6AF80440E0F5741'::geometry, '300'::double precision))
                           Rows Removed by Filter: 3320
   ->  Subquery Scan on "*SELECT* 938"  (cost=165745.69..165745.70 rows=1 width=76) (actual time=0.525..0.526 rows=1 loops=1)
         ->  Limit  (cost=165745.69..165745.69 rows=1 width=84) (actual time=0.521..0.522 rows=1 loops=1)
               ->  Sort  (cost=165745.69..165745.69 rows=1 width=84) (actual time=0.519..0.519 rows=1 loops=1)
                     Sort Key: (st_distance(st_transform(s_937.the_geom, 25833), '0101000020E9640000F2288A1DC3DB2341F3F11E0E0D0F5741'::geometry))
                     Sort Method: top-N heapsort  Memory: 25kB
                     ->  Seq Scan on phoml_trajectory_tmp s_937  (cost=0.00..165745.68 rows=1 width=84) (actual time=0.012..0.459 rows=344 loops=1)
                           Filter: ((unix_time >= '1685451253.357'::double precision) AND (unix_time <= '1685451313.357'::double precision) AND st_dwithin(st_transform(the_geom, 25833), '0101000020E9640000F2288A1DC3DB2341F3F11E0E0D0F5741'::geometry, '300'::double precision))
                           Rows Removed by Filter: 3316
   ->  Subquery Scan on "*SELECT* 939"  (cost=165745.69..165745.70 rows=1 width=76) (actual time=0.502..0.503 rows=1 loops=1)
         ->  Limit  (cost=165745.69..165745.69 rows=1 width=84) (actual time=0.499..0.500 rows=1 loops=1)
               ->  Sort  (cost=165745.69..165745.69 rows=1 width=84) (actual time=0.497..0.498 rows=1 loops=1)
                     Sort Key: (st_distance(st_transform(s_938.the_geom, 25833), '0101000020E9640000471E55FEBFDB23415FB26EEB0B0F5741'::geometry))
                     Sort Method: top-N heapsort  Memory: 25kB
                     ->  Seq Scan on phoml_trajectory_tmp s_938  (cost=0.00..165745.68 rows=1 width=84) (actual time=0.010..0.443 rows=348 loops=1)
                           Filter: ((unix_time >= '1685451253.847'::double precision) AND (unix_time <= '1685451313.847'::double precision) AND st_dwithin(st_transform(the_geom, 25833), '0101000020E9640000471E55FEBFDB23415FB26EEB0B0F5741'::geometry, '300'::double precision))
                           Rows Removed by Filter: 3312
   ->  Subquery Scan on "*SELECT* 940"  (cost=165745.69..165745.70 rows=1 width=76) (actual time=0.517..0.518 rows=1 loops=1)
         ->  Limit  (cost=165745.69..165745.69 rows=1 width=84) (actual time=0.514..0.514 rows=1 loops=1)
               ->  Sort  (cost=165745.69..165745.69 rows=1 width=84) (actual time=0.512..0.512 rows=1 loops=1)
                     Sort Key: (st_distance(st_transform(s_939.the_geom, 25833), '0101000020E964000036FCA305BDDB2341A7C9F6AF0A0F5741'::geometry))
                     Sort Method: top-N heapsort  Memory: 25kB
                     ->  Seq Scan on phoml_trajectory_tmp s_939  (cost=0.00..165745.68 rows=1 width=84) (actual time=0.011..0.458 rows=352 loops=1)
                           Filter: ((unix_time >= '1685451254.343'::double precision) AND (unix_time <= '1685451314.343'::double precision) AND st_dwithin(st_transform(the_geom, 25833), '0101000020E964000036FCA305BDDB2341A7C9F6AF0A0F5741'::geometry, '300'::double precision))
                           Rows Removed by Filter: 3308
   ->  Subquery Scan on "*SELECT* 941"  (cost=165745.69..165745.70 rows=1 width=76) (actual time=0.510..0.511 rows=1 loops=1)
         ->  Limit  (cost=165745.69..165745.69 rows=1 width=84) (actual time=0.509..0.509 rows=1 loops=1)
               ->  Sort  (cost=165745.69..165745.69 rows=1 width=84) (actual time=0.506..0.507 rows=1 loops=1)
                     Sort Key: (st_distance(st_transform(s_940.the_geom, 25833), '0101000020E964000030302DF6B9DB2341CED6F482090F5741'::geometry))
                     Sort Method: top-N heapsort  Memory: 25kB
                     ->  Seq Scan on phoml_trajectory_tmp s_940  (cost=0.00..165745.68 rows=1 width=84) (actual time=0.011..0.451 rows=356 loops=1)
                           Filter: ((unix_time >= '1685451254.778'::double precision) AND (unix_time <= '1685451314.778'::double precision) AND st_dwithin(st_transform(the_geom, 25833), '0101000020E964000030302DF6B9DB2341CED6F482090F5741'::geometry, '300'::double precision))
                           Rows Removed by Filter: 3304
   ->  Subquery Scan on "*SELECT* 942"  (cost=165745.69..165745.70 rows=1 width=76) (actual time=0.527..0.528 rows=1 loops=1)
         ->  Limit  (cost=165745.69..165745.69 rows=1 width=84) (actual time=0.523..0.523 rows=1 loops=1)
               ->  Sort  (cost=165745.69..165745.69 rows=1 width=84) (actual time=0.520..0.521 rows=1 loops=1)
                     Sort Key: (st_distance(st_transform(s_941.the_geom, 25833), '0101000020E9640000E57BF9FFB6DB2341685B043F080F5741'::geometry))
                     Sort Method: top-N heapsort  Memory: 25kB
                     ->  Seq Scan on phoml_trajectory_tmp s_941  (cost=0.00..165745.68 rows=1 width=84) (actual time=0.012..0.465 rows=360 loops=1)
                           Filter: ((unix_time >= '1685451255.306'::double precision) AND (unix_time <= '1685451315.306'::double precision) AND st_dwithin(st_transform(the_geom, 25833), '0101000020E9640000E57BF9FFB6DB2341685B043F080F5741'::geometry, '300'::double precision))
                           Rows Removed by Filter: 3300
   ->  Subquery Scan on "*SELECT* 943"  (cost=165745.69..165745.70 rows=1 width=76) (actual time=0.521..0.522 rows=1 loops=1)
         ->  Limit  (cost=165745.69..165745.69 rows=1 width=84) (actual time=0.519..0.519 rows=1 loops=1)
               ->  Sort  (cost=165745.69..165745.69 rows=1 width=84) (actual time=0.517..0.517 rows=1 loops=1)
                     Sort Key: (st_distance(st_transform(s_942.the_geom, 25833), '0101000020E9640000321BB4FCB3DB2341C1D2DC08070F5741'::geometry))
                     Sort Method: top-N heapsort  Memory: 25kB
                     ->  Seq Scan on phoml_trajectory_tmp s_942  (cost=0.00..165745.68 rows=1 width=84) (actual time=0.011..0.459 rows=368 loops=1)
                           Filter: ((unix_time >= '1685451255.789'::double precision) AND (unix_time <= '1685451315.789'::double precision) AND st_dwithin(st_transform(the_geom, 25833), '0101000020E9640000321BB4FCB3DB2341C1D2DC08070F5741'::geometry, '300'::double precision))
                           Rows Removed by Filter: 3292
   ->  Subquery Scan on "*SELECT* 944"  (cost=165745.69..165745.70 rows=1 width=76) (actual time=0.547..0.548 rows=1 loops=1)
         ->  Limit  (cost=165745.69..165745.69 rows=1 width=84) (actual time=0.542..0.543 rows=1 loops=1)
               ->  Sort  (cost=165745.69..165745.69 rows=1 width=84) (actual time=0.540..0.541 rows=1 loops=1)
                     Sort Key: (st_distance(st_transform(s_943.the_geom, 25833), '0101000020E964000020998627B1DB2341B48C8FCB050F5741'::geometry))
                     Sort Method: top-N heapsort  Memory: 25kB
                     ->  Seq Scan on phoml_trajectory_tmp s_943  (cost=0.00..165745.68 rows=1 width=84) (actual time=0.010..0.476 rows=372 loops=1)
                           Filter: ((unix_time >= '1685451256.211'::double precision) AND (unix_time <= '1685451316.211'::double precision) AND st_dwithin(st_transform(the_geom, 25833), '0101000020E964000020998627B1DB2341B48C8FCB050F5741'::geometry, '300'::double precision))
                           Rows Removed by Filter: 3288
   ->  Subquery Scan on "*SELECT* 945"  (cost=165745.69..165745.70 rows=1 width=76) (actual time=0.540..0.542 rows=1 loops=1)
         ->  Limit  (cost=165745.69..165745.69 rows=1 width=84) (actual time=0.536..0.537 rows=1 loops=1)
               ->  Sort  (cost=165745.69..165745.69 rows=1 width=84) (actual time=0.534..0.534 rows=1 loops=1)
                     Sort Key: (st_distance(st_transform(s_944.the_geom, 25833), '0101000020E96400003E92101FAEDB2341A3B62C9C040F5741'::geometry))
                     Sort Method: top-N heapsort  Memory: 25kB
                     ->  Seq Scan on phoml_trajectory_tmp s_944  (cost=0.00..165745.68 rows=1 width=84) (actual time=0.010..0.468 rows=376 loops=1)
                           Filter: ((unix_time >= '1685451256.681'::double precision) AND (unix_time <= '1685451316.681'::double precision) AND st_dwithin(st_transform(the_geom, 25833), '0101000020E96400003E92101FAEDB2341A3B62C9C040F5741'::geometry, '300'::double precision))
                           Rows Removed by Filter: 3284
   ->  Subquery Scan on "*SELECT* 946"  (cost=165745.69..165745.70 rows=1 width=76) (actual time=0.534..0.535 rows=1 loops=1)
         ->  Limit  (cost=165745.69..165745.69 rows=1 width=84) (actual time=0.532..0.533 rows=1 loops=1)
               ->  Sort  (cost=165745.69..165745.69 rows=1 width=84) (actual time=0.530..0.530 rows=1 loops=1)
                     Sort Key: (st_distance(st_transform(s_945.the_geom, 25833), '0101000020E96400002E184F2FABDB234128D47665030F5741'::geometry))
                     Sort Method: top-N heapsort  Memory: 25kB
                     ->  Seq Scan on phoml_trajectory_tmp s_945  (cost=0.00..165745.68 rows=1 width=84) (actual time=0.013..0.471 rows=380 loops=1)
                           Filter: ((unix_time >= '1685451257.155'::double precision) AND (unix_time <= '1685451317.155'::double precision) AND st_dwithin(st_transform(the_geom, 25833), '0101000020E96400002E184F2FABDB234128D47665030F5741'::geometry, '300'::double precision))
                           Rows Removed by Filter: 3280
   ->  Subquery Scan on "*SELECT* 947"  (cost=165745.69..165745.70 rows=1 width=76) (actual time=0.545..0.546 rows=1 loops=1)
         ->  Limit  (cost=165745.69..165745.69 rows=1 width=84) (actual time=0.542..0.543 rows=1 loops=1)
               ->  Sort  (cost=165745.69..165745.69 rows=1 width=84) (actual time=0.540..0.540 rows=1 loops=1)
                     Sort Key: (st_distance(st_transform(s_946.the_geom, 25833), '0101000020E9640000C4F2683BA8DB234146AB0635020F5741'::geometry))
                     Sort Method: top-N heapsort  Memory: 25kB
                     ->  Seq Scan on phoml_trajectory_tmp s_946  (cost=0.00..165745.68 rows=1 width=84) (actual time=0.011..0.481 rows=384 loops=1)
                           Filter: ((unix_time >= '1685451257.605'::double precision) AND (unix_time <= '1685451317.605'::double precision) AND st_dwithin(st_transform(the_geom, 25833), '0101000020E9640000C4F2683BA8DB234146AB0635020F5741'::geometry, '300'::double precision))
                           Rows Removed by Filter: 3276
   ->  Subquery Scan on "*SELECT* 948"  (cost=165745.69..165745.70 rows=1 width=76) (actual time=0.543..0.544 rows=1 loops=1)
         ->  Limit  (cost=165745.69..165745.69 rows=1 width=84) (actual time=0.540..0.541 rows=1 loops=1)
               ->  Sort  (cost=165745.69..165745.69 rows=1 width=84) (actual time=0.538..0.539 rows=1 loops=1)
                     Sort Key: (st_distance(st_transform(s_947.the_geom, 25833), '0101000020E9640000DB3F2E49A5DB234117451209010F5741'::geometry))
                     Sort Method: top-N heapsort  Memory: 25kB
                     ->  Seq Scan on phoml_trajectory_tmp s_947  (cost=0.00..165745.68 rows=1 width=84) (actual time=0.011..0.477 rows=388 loops=1)
                           Filter: ((unix_time >= '1685451258.055'::double precision) AND (unix_time <= '1685451318.055'::double precision) AND st_dwithin(st_transform(the_geom, 25833), '0101000020E9640000DB3F2E49A5DB234117451209010F5741'::geometry, '300'::double precision))
                           Rows Removed by Filter: 3272
   ->  Subquery Scan on "*SELECT* 949"  (cost=165745.69..165745.70 rows=1 width=76) (actual time=0.555..0.556 rows=1 loops=1)
         ->  Limit  (cost=165745.69..165745.69 rows=1 width=84) (actual time=0.552..0.552 rows=1 loops=1)
               ->  Sort  (cost=165745.69..165745.69 rows=1 width=84) (actual time=0.550..0.550 rows=1 loops=1)
                     Sort Key: (st_distance(st_transform(s_948.the_geom, 25833), '0101000020E96400001060225CA2DB234188011CE0FF0E5741'::geometry))
                     Sort Method: top-N heapsort  Memory: 25kB
                     ->  Seq Scan on phoml_trajectory_tmp s_948  (cost=0.00..165745.68 rows=1 width=84) (actual time=0.010..0.489 rows=392 loops=1)
                           Filter: ((unix_time >= '1685451258.501'::double precision) AND (unix_time <= '1685451318.501'::double precision) AND st_dwithin(st_transform(the_geom, 25833), '0101000020E96400001060225CA2DB234188011CE0FF0E5741'::geometry, '300'::double precision))
                           Rows Removed by Filter: 3268
   ->  Subquery Scan on "*SELECT* 950"  (cost=165745.69..165745.70 rows=1 width=76) (actual time=0.556..0.558 rows=1 loops=1)
         ->  Limit  (cost=165745.69..165745.69 rows=1 width=84) (actual time=0.554..0.555 rows=1 loops=1)
               ->  Sort  (cost=165745.69..165745.69 rows=1 width=84) (actual time=0.552..0.553 rows=1 loops=1)
                     Sort Key: (st_distance(st_transform(s_949.the_geom, 25833), '0101000020E96400006FBBA33E9FDB234121836FADFE0E5741'::geometry))
                     Sort Method: top-N heapsort  Memory: 25kB
                     ->  Seq Scan on phoml_trajectory_tmp s_949  (cost=0.00..165745.68 rows=1 width=84) (actual time=0.013..0.491 rows=400 loops=1)
                           Filter: ((unix_time >= '1685451258.971'::double precision) AND (unix_time <= '1685451318.971'::double precision) AND st_dwithin(st_transform(the_geom, 25833), '0101000020E96400006FBBA33E9FDB234121836FADFE0E5741'::geometry, '300'::double precision))
                           Rows Removed by Filter: 3260
   ->  Subquery Scan on "*SELECT* 951"  (cost=165745.69..165745.70 rows=1 width=76) (actual time=0.570..0.571 rows=1 loops=1)
         ->  Limit  (cost=165745.69..165745.69 rows=1 width=84) (actual time=0.567..0.567 rows=1 loops=1)
               ->  Sort  (cost=165745.69..165745.69 rows=1 width=84) (actual time=0.565..0.565 rows=1 loops=1)
                     Sort Key: (st_distance(st_transform(s_950.the_geom, 25833), '0101000020E964000029B4002A9CDB2341115D4187FD0E5741'::geometry))
                     Sort Method: top-N heapsort  Memory: 25kB
                     ->  Seq Scan on phoml_trajectory_tmp s_950  (cost=0.00..165745.68 rows=1 width=84) (actual time=0.010..0.503 rows=404 loops=1)
                           Filter: ((unix_time >= '1685451259.409'::double precision) AND (unix_time <= '1685451319.409'::double precision) AND st_dwithin(st_transform(the_geom, 25833), '0101000020E964000029B4002A9CDB2341115D4187FD0E5741'::geometry, '300'::double precision))
                           Rows Removed by Filter: 3256
   ->  Subquery Scan on "*SELECT* 952"  (cost=165745.69..165745.70 rows=1 width=76) (actual time=0.564..0.566 rows=1 loops=1)
         ->  Limit  (cost=165745.69..165745.69 rows=1 width=84) (actual time=0.561..0.562 rows=1 loops=1)
               ->  Sort  (cost=165745.69..165745.69 rows=1 width=84) (actual time=0.558..0.559 rows=1 loops=1)
                     Sort Key: (st_distance(st_transform(s_951.the_geom, 25833), '0101000020E9640000D8116E0199DB234176576060FC0E5741'::geometry))
                     Sort Method: top-N heapsort  Memory: 25kB
                     ->  Seq Scan on phoml_trajectory_tmp s_951  (cost=0.00..165745.68 rows=1 width=84) (actual time=0.010..0.493 rows=412 loops=1)
                           Filter: ((unix_time >= '1685451259.869'::double precision) AND (unix_time <= '1685451319.869'::double precision) AND st_dwithin(st_transform(the_geom, 25833), '0101000020E9640000D8116E0199DB234176576060FC0E5741'::geometry, '300'::double precision))
                           Rows Removed by Filter: 3248
   ->  Subquery Scan on "*SELECT* 953"  (cost=165745.69..165745.70 rows=1 width=76) (actual time=0.594..0.595 rows=1 loops=1)
         ->  Limit  (cost=165745.69..165745.69 rows=1 width=84) (actual time=0.591..0.592 rows=1 loops=1)
               ->  Sort  (cost=165745.69..165745.69 rows=1 width=84) (actual time=0.579..0.579 rows=1 loops=1)
                     Sort Key: (st_distance(st_transform(s_952.the_geom, 25833), '0101000020E9640000262F1AD695DB2341C089F32DFB0E5741'::geometry))
                     Sort Method: top-N heapsort  Memory: 25kB
                     ->  Seq Scan on phoml_trajectory_tmp s_952  (cost=0.00..165745.68 rows=1 width=84) (actual time=0.014..0.513 rows=416 loops=1)
                           Filter: ((unix_time >= '1685451260.335'::double precision) AND (unix_time <= '1685451320.335'::double precision) AND st_dwithin(st_transform(the_geom, 25833), '0101000020E9640000262F1AD695DB2341C089F32DFB0E5741'::geometry, '300'::double precision))
                           Rows Removed by Filter: 3244
   ->  Subquery Scan on "*SELECT* 954"  (cost=165745.69..165745.70 rows=1 width=76) (actual time=0.593..0.594 rows=1 loops=1)
         ->  Limit  (cost=165745.69..165745.69 rows=1 width=84) (actual time=0.589..0.590 rows=1 loops=1)
               ->  Sort  (cost=165745.69..165745.69 rows=1 width=84) (actual time=0.587..0.587 rows=1 loops=1)
                     Sort Key: (st_distance(st_transform(s_953.the_geom, 25833), '0101000020E9640000EC7398EB92DB2341BD05E006FA0E5741'::geometry))
                     Sort Method: top-N heapsort  Memory: 25kB
                     ->  Seq Scan on phoml_trajectory_tmp s_953  (cost=0.00..165745.68 rows=1 width=84) (actual time=0.012..0.521 rows=420 loops=1)
                           Filter: ((unix_time >= '1685451260.82'::double precision) AND (unix_time <= '1685451320.82'::double precision) AND st_dwithin(st_transform(the_geom, 25833), '0101000020E9640000EC7398EB92DB2341BD05E006FA0E5741'::geometry, '300'::double precision))
                           Rows Removed by Filter: 3240
   ->  Subquery Scan on "*SELECT* 955"  (cost=165745.69..165745.70 rows=1 width=76) (actual time=0.566..0.568 rows=1 loops=1)
         ->  Limit  (cost=165745.69..165745.69 rows=1 width=84) (actual time=0.564..0.565 rows=1 loops=1)
               ->  Sort  (cost=165745.69..165745.69 rows=1 width=84) (actual time=0.562..0.562 rows=1 loops=1)
                     Sort Key: (st_distance(st_transform(s_954.the_geom, 25833), '0101000020E964000044A90B758FDB2341A108C3E2F80E5741'::geometry))
                     Sort Method: top-N heapsort  Memory: 25kB
                     ->  Seq Scan on phoml_trajectory_tmp s_954  (cost=0.00..165745.68 rows=1 width=84) (actual time=0.013..0.497 rows=420 loops=1)
                           Filter: ((unix_time >= '1685451261.241'::double precision) AND (unix_time <= '1685451321.241'::double precision) AND st_dwithin(st_transform(the_geom, 25833), '0101000020E964000044A90B758FDB2341A108C3E2F80E5741'::geometry, '300'::double precision))
                           Rows Removed by Filter: 3240
   ->  Subquery Scan on "*SELECT* 956"  (cost=165745.69..165745.70 rows=1 width=76) (actual time=0.585..0.586 rows=1 loops=1)
         ->  Limit  (cost=165745.69..165745.69 rows=1 width=84) (actual time=0.581..0.581 rows=1 loops=1)
               ->  Sort  (cost=165745.69..165745.69 rows=1 width=84) (actual time=0.579..0.579 rows=1 loops=1)
                     Sort Key: (st_distance(st_transform(s_955.the_geom, 25833), '0101000020E96400002DDCD1328CDB2341582B50D7F70E5741'::geometry))
                     Sort Method: top-N heapsort  Memory: 25kB
                     ->  Seq Scan on phoml_trajectory_tmp s_955  (cost=0.00..165745.68 rows=1 width=84) (actual time=0.010..0.513 rows=424 loops=1)
                           Filter: ((unix_time >= '1685451261.726'::double precision) AND (unix_time <= '1685451321.726'::double precision) AND st_dwithin(st_transform(the_geom, 25833), '0101000020E96400002DDCD1328CDB2341582B50D7F70E5741'::geometry, '300'::double precision))
                           Rows Removed by Filter: 3236
   ->  Subquery Scan on "*SELECT* 957"  (cost=165745.69..165745.70 rows=1 width=76) (actual time=0.584..0.585 rows=1 loops=1)
         ->  Limit  (cost=165745.69..165745.69 rows=1 width=84) (actual time=0.580..0.581 rows=1 loops=1)
               ->  Sort  (cost=165745.69..165745.69 rows=1 width=84) (actual time=0.578..0.578 rows=1 loops=1)
                     Sort Key: (st_distance(st_transform(s_956.the_geom, 25833), '0101000020E96400001BB3349288DB2341FF1EBBBBF60E5741'::geometry))
                     Sort Method: top-N heapsort  Memory: 25kB
                     ->  Seq Scan on phoml_trajectory_tmp s_956  (cost=0.00..165745.68 rows=1 width=84) (actual time=0.013..0.513 rows=428 loops=1)
                           Filter: ((unix_time >= '1685451262.131'::double precision) AND (unix_time <= '1685451322.131'::double precision) AND st_dwithin(st_transform(the_geom, 25833), '0101000020E96400001BB3349288DB2341FF1EBBBBF60E5741'::geometry, '300'::double precision))
                           Rows Removed by Filter: 3232
   ->  Subquery Scan on "*SELECT* 958"  (cost=165745.69..165745.70 rows=1 width=76) (actual time=0.589..0.590 rows=1 loops=1)
         ->  Limit  (cost=165745.69..165745.69 rows=1 width=84) (actual time=0.586..0.587 rows=1 loops=1)
               ->  Sort  (cost=165745.69..165745.69 rows=1 width=84) (actual time=0.584..0.584 rows=1 loops=1)
                     Sort Key: (st_distance(st_transform(s_957.the_geom, 25833), '0101000020E9640000212BDD2D85DB2341FE7E0074F50E5741'::geometry))
                     Sort Method: top-N heapsort  Memory: 25kB
                     ->  Seq Scan on phoml_trajectory_tmp s_957  (cost=0.00..165745.68 rows=1 width=84) (actual time=0.014..0.518 rows=428 loops=1)
                           Filter: ((unix_time >= '1685451262.59'::double precision) AND (unix_time <= '1685451322.59'::double precision) AND st_dwithin(st_transform(the_geom, 25833), '0101000020E9640000212BDD2D85DB2341FE7E0074F50E5741'::geometry, '300'::double precision))
                           Rows Removed by Filter: 3232
   ->  Subquery Scan on "*SELECT* 959"  (cost=165745.69..165745.70 rows=1 width=76) (actual time=0.594..0.595 rows=1 loops=1)
         ->  Limit  (cost=165745.69..165745.69 rows=1 width=84) (actual time=0.589..0.591 rows=1 loops=1)
               ->  Sort  (cost=165745.69..165745.69 rows=1 width=84) (actual time=0.587..0.587 rows=1 loops=1)
                     Sort Key: (st_distance(st_transform(s_958.the_geom, 25833), '0101000020E964000005D976F681DB23411BF6AC33F40E5741'::geometry))
                     Sort Method: top-N heapsort  Memory: 25kB
                     ->  Seq Scan on phoml_trajectory_tmp s_958  (cost=0.00..165745.68 rows=1 width=84) (actual time=0.011..0.521 rows=432 loops=1)
                           Filter: ((unix_time >= '1685451263.05'::double precision) AND (unix_time <= '1685451323.05'::double precision) AND st_dwithin(st_transform(the_geom, 25833), '0101000020E964000005D976F681DB23411BF6AC33F40E5741'::geometry, '300'::double precision))
                           Rows Removed by Filter: 3228
   ->  Subquery Scan on "*SELECT* 960"  (cost=165745.69..165745.70 rows=1 width=76) (actual time=0.604..0.605 rows=1 loops=1)
         ->  Limit  (cost=165745.69..165745.69 rows=1 width=84) (actual time=0.601..0.602 rows=1 loops=1)
               ->  Sort  (cost=165745.69..165745.69 rows=1 width=84) (actual time=0.598..0.598 rows=1 loops=1)
                     Sort Key: (st_distance(st_transform(s_959.the_geom, 25833), '0101000020E9640000E32B0EDB7EDB2341B7C7A9F6F20E5741'::geometry))
                     Sort Method: top-N heapsort  Memory: 25kB
                     ->  Seq Scan on phoml_trajectory_tmp s_959  (cost=0.00..165745.68 rows=1 width=84) (actual time=0.020..0.524 rows=436 loops=1)
                           Filter: ((unix_time >= '1685451263.503'::double precision) AND (unix_time <= '1685451323.503'::double precision) AND st_dwithin(st_transform(the_geom, 25833), '0101000020E9640000E32B0EDB7EDB2341B7C7A9F6F20E5741'::geometry, '300'::double precision))
                           Rows Removed by Filter: 3224
   ->  Subquery Scan on "*SELECT* 961"  (cost=165745.69..165745.70 rows=1 width=76) (actual time=0.598..0.599 rows=1 loops=1)
         ->  Limit  (cost=165745.69..165745.69 rows=1 width=84) (actual time=0.594..0.595 rows=1 loops=1)
               ->  Sort  (cost=165745.69..165745.69 rows=1 width=84) (actual time=0.592..0.592 rows=1 loops=1)
                     Sort Key: (st_distance(st_transform(s_960.the_geom, 25833), '0101000020E96400009F3008C97BDB2341C12CD4D8F10E5741'::geometry))
                     Sort Method: top-N heapsort  Memory: 25kB
                     ->  Seq Scan on phoml_trajectory_tmp s_960  (cost=0.00..165745.68 rows=1 width=84) (actual time=0.011..0.525 rows=440 loops=1)
                           Filter: ((unix_time >= '1685451263.933'::double precision) AND (unix_time <= '1685451323.933'::double precision) AND st_dwithin(st_transform(the_geom, 25833), '0101000020E96400009F3008C97BDB2341C12CD4D8F10E5741'::geometry, '300'::double precision))
                           Rows Removed by Filter: 3220
   ->  Subquery Scan on "*SELECT* 962"  (cost=165745.69..165745.70 rows=1 width=76) (actual time=0.597..0.598 rows=1 loops=1)
         ->  Limit  (cost=165745.69..165745.69 rows=1 width=84) (actual time=0.593..0.594 rows=1 loops=1)
               ->  Sort  (cost=165745.69..165745.69 rows=1 width=84) (actual time=0.592..0.592 rows=1 loops=1)
                     Sort Key: (st_distance(st_transform(s_961.the_geom, 25833), '0101000020E96400005405AA7478DB2341A71F809BF00E5741'::geometry))
                     Sort Method: top-N heapsort  Memory: 25kB
                     ->  Seq Scan on phoml_trajectory_tmp s_961  (cost=0.00..165745.68 rows=1 width=84) (actual time=0.010..0.524 rows=440 loops=1)
                           Filter: ((unix_time >= '1685451264.386'::double precision) AND (unix_time <= '1685451324.386'::double precision) AND st_dwithin(st_transform(the_geom, 25833), '0101000020E96400005405AA7478DB2341A71F809BF00E5741'::geometry, '300'::double precision))
                           Rows Removed by Filter: 3220
   ->  Subquery Scan on "*SELECT* 963"  (cost=165745.69..165745.70 rows=1 width=76) (actual time=0.593..0.594 rows=1 loops=1)
         ->  Limit  (cost=165745.69..165745.69 rows=1 width=84) (actual time=0.591..0.592 rows=1 loops=1)
               ->  Sort  (cost=165745.69..165745.69 rows=1 width=84) (actual time=0.589..0.590 rows=1 loops=1)
                     Sort Key: (st_distance(st_transform(s_962.the_geom, 25833), '0101000020E9640000ECDEE71F75DB2341BFA5AC73EF0E5741'::geometry))
                     Sort Method: top-N heapsort  Memory: 25kB
                     ->  Seq Scan on phoml_trajectory_tmp s_962  (cost=0.00..165745.68 rows=1 width=84) (actual time=0.010..0.521 rows=440 loops=1)
                           Filter: ((unix_time >= '1685451264.827'::double precision) AND (unix_time <= '1685451324.827'::double precision) AND st_dwithin(st_transform(the_geom, 25833), '0101000020E9640000ECDEE71F75DB2341BFA5AC73EF0E5741'::geometry, '300'::double precision))
                           Rows Removed by Filter: 3220
   ->  Subquery Scan on "*SELECT* 964"  (cost=165745.69..165745.70 rows=1 width=76) (actual time=0.607..0.608 rows=1 loops=1)
         ->  Limit  (cost=165745.69..165745.69 rows=1 width=84) (actual time=0.603..0.604 rows=1 loops=1)
               ->  Sort  (cost=165745.69..165745.69 rows=1 width=84) (actual time=0.601..0.602 rows=1 loops=1)
                     Sort Key: (st_distance(st_transform(s_963.the_geom, 25833), '0101000020E96400004301270472DB2341F4571945EE0E5741'::geometry))
                     Sort Method: top-N heapsort  Memory: 25kB
                     ->  Seq Scan on phoml_trajectory_tmp s_963  (cost=0.00..165745.68 rows=1 width=84) (actual time=0.010..0.534 rows=444 loops=1)
                           Filter: ((unix_time >= '1685451265.256'::double precision) AND (unix_time <= '1685451325.256'::double precision) AND st_dwithin(st_transform(the_geom, 25833), '0101000020E96400004301270472DB2341F4571945EE0E5741'::geometry, '300'::double precision))
                           Rows Removed by Filter: 3216
   ->  Subquery Scan on "*SELECT* 965"  (cost=165745.69..165745.70 rows=1 width=76) (actual time=0.601..0.602 rows=1 loops=1)
         ->  Limit  (cost=165745.69..165745.69 rows=1 width=84) (actual time=0.599..0.599 rows=1 loops=1)
               ->  Sort  (cost=165745.69..165745.69 rows=1 width=84) (actual time=0.596..0.597 rows=1 loops=1)
                     Sort Key: (st_distance(st_transform(s_964.the_geom, 25833), '0101000020E9640000B591DED66EDB23412D95B108ED0E5741'::geometry))
                     Sort Method: top-N heapsort  Memory: 25kB
                     ->  Seq Scan on phoml_trajectory_tmp s_964  (cost=0.00..165745.68 rows=1 width=84) (actual time=0.012..0.527 rows=444 loops=1)
                           Filter: ((unix_time >= '1685451265.706'::double precision) AND (unix_time <= '1685451325.706'::double precision) AND st_dwithin(st_transform(the_geom, 25833), '0101000020E9640000B591DED66EDB23412D95B108ED0E5741'::geometry, '300'::double precision))
                           Rows Removed by Filter: 3216
   ->  Subquery Scan on "*SELECT* 966"  (cost=165745.69..165745.70 rows=1 width=76) (actual time=0.611..0.613 rows=1 loops=1)
         ->  Limit  (cost=165745.69..165745.69 rows=1 width=84) (actual time=0.607..0.609 rows=1 loops=1)
               ->  Sort  (cost=165745.69..165745.69 rows=1 width=84) (actual time=0.605..0.606 rows=1 loops=1)
                     Sort Key: (st_distance(st_transform(s_965.the_geom, 25833), '0101000020E9640000EED55F8A6BDB23419B97FFD2EB0E5741'::geometry))
                     Sort Method: top-N heapsort  Memory: 25kB
                     ->  Seq Scan on phoml_trajectory_tmp s_965  (cost=0.00..165745.68 rows=1 width=84) (actual time=0.010..0.538 rows=448 loops=1)
                           Filter: ((unix_time >= '1685451266.155'::double precision) AND (unix_time <= '1685451326.155'::double precision) AND st_dwithin(st_transform(the_geom, 25833), '0101000020E9640000EED55F8A6BDB23419B97FFD2EB0E5741'::geometry, '300'::double precision))
                           Rows Removed by Filter: 3212
   ->  Subquery Scan on "*SELECT* 967"  (cost=165745.69..165745.70 rows=1 width=76) (actual time=0.622..0.623 rows=1 loops=1)
         ->  Limit  (cost=165745.69..165745.69 rows=1 width=84) (actual time=0.619..0.620 rows=1 loops=1)
               ->  Sort  (cost=165745.69..165745.69 rows=1 width=84) (actual time=0.617..0.617 rows=1 loops=1)
                     Sort Key: (st_distance(st_transform(s_966.the_geom, 25833), '0101000020E96400005F317A5268DB234174E4DBA5EA0E5741'::geometry))
                     Sort Method: top-N heapsort  Memory: 25kB
                     ->  Seq Scan on phoml_trajectory_tmp s_966  (cost=0.00..165745.68 rows=1 width=84) (actual time=0.013..0.540 rows=452 loops=1)
                           Filter: ((unix_time >= '1685451266.595'::double precision) AND (unix_time <= '1685451326.595'::double precision) AND st_dwithin(st_transform(the_geom, 25833), '0101000020E96400005F317A5268DB234174E4DBA5EA0E5741'::geometry, '300'::double precision))
                           Rows Removed by Filter: 3208
   ->  Subquery Scan on "*SELECT* 968"  (cost=165745.69..165745.70 rows=1 width=76) (actual time=0.606..0.607 rows=1 loops=1)
         ->  Limit  (cost=165745.69..165745.69 rows=1 width=84) (actual time=0.603..0.604 rows=1 loops=1)
               ->  Sort  (cost=165745.69..165745.69 rows=1 width=84) (actual time=0.601..0.601 rows=1 loops=1)
                     Sort Key: (st_distance(st_transform(s_967.the_geom, 25833), '0101000020E96400008C852BE864DB23419E89659AE90E5741'::geometry))
                     Sort Method: top-N heapsort  Memory: 25kB
                     ->  Seq Scan on phoml_trajectory_tmp s_967  (cost=0.00..165745.68 rows=1 width=84) (actual time=0.011..0.531 rows=452 loops=1)
                           Filter: ((unix_time >= '1685451267.035'::double precision) AND (unix_time <= '1685451327.035'::double precision) AND st_dwithin(st_transform(the_geom, 25833), '0101000020E96400008C852BE864DB23419E89659AE90E5741'::geometry, '300'::double precision))
                           Rows Removed by Filter: 3208
   ->  Subquery Scan on "*SELECT* 969"  (cost=165745.69..165745.70 rows=1 width=76) (actual time=0.616..0.617 rows=1 loops=1)
         ->  Limit  (cost=165745.69..165745.69 rows=1 width=84) (actual time=0.612..0.613 rows=1 loops=1)
               ->  Sort  (cost=165745.69..165745.69 rows=1 width=84) (actual time=0.610..0.611 rows=1 loops=1)
                     Sort Key: (st_distance(st_transform(s_968.the_geom, 25833), '0101000020E9640000945C1C3661DB23416299CF97E80E5741'::geometry))
                     Sort Method: top-N heapsort  Memory: 25kB
                     ->  Seq Scan on phoml_trajectory_tmp s_968  (cost=0.00..165745.68 rows=1 width=84) (actual time=0.012..0.541 rows=456 loops=1)
                           Filter: ((unix_time >= '1685451267.473'::double precision) AND (unix_time <= '1685451327.473'::double precision) AND st_dwithin(st_transform(the_geom, 25833), '0101000020E9640000945C1C3661DB23416299CF97E80E5741'::geometry, '300'::double precision))
                           Rows Removed by Filter: 3204
   ->  Subquery Scan on "*SELECT* 970"  (cost=165745.69..165745.70 rows=1 width=76) (actual time=0.610..0.611 rows=1 loops=1)
         ->  Limit  (cost=165745.69..165745.69 rows=1 width=84) (actual time=0.607..0.607 rows=1 loops=1)
               ->  Sort  (cost=165745.69..165745.69 rows=1 width=84) (actual time=0.605..0.605 rows=1 loops=1)
                     Sort Key: (st_distance(st_transform(s_969.the_geom, 25833), '0101000020E9640000E75C16475DDB2341ED65AFA8E70E5741'::geometry))
                     Sort Method: top-N heapsort  Memory: 25kB
                     ->  Seq Scan on phoml_trajectory_tmp s_969  (cost=0.00..165745.68 rows=1 width=84) (actual time=0.012..0.536 rows=452 loops=1)
                           Filter: ((unix_time >= '1685451267.913'::double precision) AND (unix_time <= '1685451327.913'::double precision) AND st_dwithin(st_transform(the_geom, 25833), '0101000020E9640000E75C16475DDB2341ED65AFA8E70E5741'::geometry, '300'::double precision))
                           Rows Removed by Filter: 3208
   ->  Subquery Scan on "*SELECT* 971"  (cost=165745.69..165745.70 rows=1 width=76) (actual time=0.600..0.601 rows=1 loops=1)
         ->  Limit  (cost=165745.69..165745.69 rows=1 width=84) (actual time=0.598..0.598 rows=1 loops=1)
               ->  Sort  (cost=165745.69..165745.69 rows=1 width=84) (actual time=0.595..0.596 rows=1 loops=1)
                     Sort Key: (st_distance(st_transform(s_970.the_geom, 25833), '0101000020E96400005981503E59DB2341BC4B15B7E60E5741'::geometry))
                     Sort Method: top-N heapsort  Memory: 25kB
                     ->  Seq Scan on phoml_trajectory_tmp s_970  (cost=0.00..165745.68 rows=1 width=84) (actual time=0.011..0.523 rows=456 loops=1)
                           Filter: ((unix_time >= '1685451268.352'::double precision) AND (unix_time <= '1685451328.352'::double precision) AND st_dwithin(st_transform(the_geom, 25833), '0101000020E96400005981503E59DB2341BC4B15B7E60E5741'::geometry, '300'::double precision))
                           Rows Removed by Filter: 3204
   ->  Subquery Scan on "*SELECT* 972"  (cost=165745.69..165745.70 rows=1 width=76) (actual time=0.644..0.646 rows=1 loops=1)
         ->  Limit  (cost=165745.69..165745.69 rows=1 width=84) (actual time=0.641..0.642 rows=1 loops=1)
               ->  Sort  (cost=165745.69..165745.69 rows=1 width=84) (actual time=0.639..0.639 rows=1 loops=1)
                     Sort Key: (st_distance(st_transform(s_971.the_geom, 25833), '0101000020E964000052B683DD54DB2341F8E158D3E50E5741'::geometry))
                     Sort Method: top-N heapsort  Memory: 25kB
                     ->  Seq Scan on phoml_trajectory_tmp s_971  (cost=0.00..165745.68 rows=1 width=84) (actual time=0.011..0.568 rows=456 loops=1)
                           Filter: ((unix_time >= '1685451268.772'::double precision) AND (unix_time <= '1685451328.772'::double precision) AND st_dwithin(st_transform(the_geom, 25833), '0101000020E964000052B683DD54DB2341F8E158D3E50E5741'::geometry, '300'::double precision))
                           Rows Removed by Filter: 3204
   ->  Subquery Scan on "*SELECT* 973"  (cost=165745.69..165745.70 rows=1 width=76) (actual time=0.608..0.609 rows=1 loops=1)
         ->  Limit  (cost=165745.69..165745.69 rows=1 width=84) (actual time=0.605..0.606 rows=1 loops=1)
               ->  Sort  (cost=165745.69..165745.69 rows=1 width=84) (actual time=0.603..0.603 rows=1 loops=1)
                     Sort Key: (st_distance(st_transform(s_972.the_geom, 25833), '0101000020E964000048B80E6950DB2341C55E33E0E40E5741'::geometry))
                     Sort Method: top-N heapsort  Memory: 25kB
                     ->  Seq Scan on phoml_trajectory_tmp s_972  (cost=0.00..165745.68 rows=1 width=84) (actual time=0.014..0.534 rows=460 loops=1)
                           Filter: ((unix_time >= '1685451269.201'::double precision) AND (unix_time <= '1685451329.201'::double precision) AND st_dwithin(st_transform(the_geom, 25833), '0101000020E964000048B80E6950DB2341C55E33E0E40E5741'::geometry, '300'::double precision))
                           Rows Removed by Filter: 3200
   ->  Subquery Scan on "*SELECT* 974"  (cost=165745.69..165745.70 rows=1 width=76) (actual time=0.647..0.648 rows=1 loops=1)
         ->  Limit  (cost=165745.69..165745.69 rows=1 width=84) (actual time=0.643..0.644 rows=1 loops=1)
               ->  Sort  (cost=165745.69..165745.69 rows=1 width=84) (actual time=0.642..0.642 rows=1 loops=1)
                     Sort Key: (st_distance(st_transform(s_973.the_geom, 25833), '0101000020E9640000388249A34BDB23414DC864E8E30E5741'::geometry))
                     Sort Method: top-N heapsort  Memory: 25kB
                     ->  Seq Scan on phoml_trajectory_tmp s_973  (cost=0.00..165745.68 rows=1 width=84) (actual time=0.011..0.564 rows=458 loops=1)
                           Filter: ((unix_time >= '1685451269.631'::double precision) AND (unix_time <= '1685451329.631'::double precision) AND st_dwithin(st_transform(the_geom, 25833), '0101000020E9640000388249A34BDB23414DC864E8E30E5741'::geometry, '300'::double precision))
                           Rows Removed by Filter: 3202
   ->  Subquery Scan on "*SELECT* 975"  (cost=165745.69..165745.70 rows=1 width=76) (actual time=0.607..0.608 rows=1 loops=1)
         ->  Limit  (cost=165745.69..165745.69 rows=1 width=84) (actual time=0.604..0.605 rows=1 loops=1)
               ->  Sort  (cost=165745.69..165745.69 rows=1 width=84) (actual time=0.602..0.603 rows=1 loops=1)
                     Sort Key: (st_distance(st_transform(s_974.the_geom, 25833), '0101000020E964000042B4A9F146DB2341747321F3E20E5741'::geometry))
                     Sort Method: top-N heapsort  Memory: 25kB
                     ->  Seq Scan on phoml_trajectory_tmp s_974  (cost=0.00..165745.68 rows=1 width=84) (actual time=0.010..0.534 rows=460 loops=1)
                           Filter: ((unix_time >= '1685451270.098'::double precision) AND (unix_time <= '1685451330.098'::double precision) AND st_dwithin(st_transform(the_geom, 25833), '0101000020E964000042B4A9F146DB2341747321F3E20E5741'::geometry, '300'::double precision))
                           Rows Removed by Filter: 3200
   ->  Subquery Scan on "*SELECT* 976"  (cost=165745.69..165745.70 rows=1 width=76) (actual time=0.627..0.629 rows=1 loops=1)
         ->  Limit  (cost=165745.69..165745.69 rows=1 width=84) (actual time=0.624..0.625 rows=1 loops=1)
               ->  Sort  (cost=165745.69..165745.69 rows=1 width=84) (actual time=0.622..0.623 rows=1 loops=1)
                     Sort Key: (st_distance(st_transform(s_975.the_geom, 25833), '0101000020E96400000998BB1542DB23412075F3D6E10E5741'::geometry))
                     Sort Method: top-N heapsort  Memory: 25kB
                     ->  Seq Scan on phoml_trajectory_tmp s_975  (cost=0.00..165745.68 rows=1 width=84) (actual time=0.009..0.551 rows=464 loops=1)
                           Filter: ((unix_time >= '1685451270.529'::double precision) AND (unix_time <= '1685451330.529'::double precision) AND st_dwithin(st_transform(the_geom, 25833), '0101000020E96400000998BB1542DB23412075F3D6E10E5741'::geometry, '300'::double precision))
                           Rows Removed by Filter: 3196
   ->  Subquery Scan on "*SELECT* 977"  (cost=165745.69..165745.70 rows=1 width=76) (actual time=0.615..0.616 rows=1 loops=1)
         ->  Limit  (cost=165745.69..165745.69 rows=1 width=84) (actual time=0.613..0.613 rows=1 loops=1)
               ->  Sort  (cost=165745.69..165745.69 rows=1 width=84) (actual time=0.611..0.611 rows=1 loops=1)
                     Sort Key: (st_distance(st_transform(s_976.the_geom, 25833), '0101000020E96400003E9ADC583DDB234156D5B5BCE00E5741'::geometry))
                     Sort Method: top-N heapsort  Memory: 25kB
                     ->  Seq Scan on phoml_trajectory_tmp s_976  (cost=0.00..165745.68 rows=1 width=84) (actual time=0.014..0.539 rows=460 loops=1)
                           Filter: ((unix_time >= '1685451270.949'::double precision) AND (unix_time <= '1685451330.949'::double precision) AND st_dwithin(st_transform(the_geom, 25833), '0101000020E96400003E9ADC583DDB234156D5B5BCE00E5741'::geometry, '300'::double precision))
                           Rows Removed by Filter: 3200
   ->  Subquery Scan on "*SELECT* 978"  (cost=165745.69..165745.70 rows=1 width=76) (actual time=0.622..0.623 rows=1 loops=1)
         ->  Limit  (cost=165745.69..165745.69 rows=1 width=84) (actual time=0.618..0.619 rows=1 loops=1)
               ->  Sort  (cost=165745.69..165745.69 rows=1 width=84) (actual time=0.616..0.617 rows=1 loops=1)
                     Sort Key: (st_distance(st_transform(s_977.the_geom, 25833), '0101000020E9640000F50B7DA538DB234101212AA3DF0E5741'::geometry))
                     Sort Method: top-N heapsort  Memory: 25kB
                     ->  Seq Scan on phoml_trajectory_tmp s_977  (cost=0.00..165745.68 rows=1 width=84) (actual time=0.011..0.546 rows=460 loops=1)
                           Filter: ((unix_time >= '1685451271.368'::double precision) AND (unix_time <= '1685451331.368'::double precision) AND st_dwithin(st_transform(the_geom, 25833), '0101000020E9640000F50B7DA538DB234101212AA3DF0E5741'::geometry, '300'::double precision))
                           Rows Removed by Filter: 3200
   ->  Subquery Scan on "*SELECT* 979"  (cost=165745.69..165745.70 rows=1 width=76) (actual time=0.624..0.625 rows=1 loops=1)
         ->  Limit  (cost=165745.69..165745.69 rows=1 width=84) (actual time=0.621..0.622 rows=1 loops=1)
               ->  Sort  (cost=165745.69..165745.69 rows=1 width=84) (actual time=0.619..0.620 rows=1 loops=1)
                     Sort Key: (st_distance(st_transform(s_978.the_geom, 25833), '0101000020E9640000072B73EB33DB2341C281B894DE0E5741'::geometry))
                     Sort Method: top-N heapsort  Memory: 25kB
                     ->  Seq Scan on phoml_trajectory_tmp s_978  (cost=0.00..165745.68 rows=1 width=84) (actual time=0.011..0.549 rows=458 loops=1)
                           Filter: ((unix_time >= '1685451271.788'::double precision) AND (unix_time <= '1685451331.788'::double precision) AND st_dwithin(st_transform(the_geom, 25833), '0101000020E9640000072B73EB33DB2341C281B894DE0E5741'::geometry, '300'::double precision))
                           Rows Removed by Filter: 3202
   ->  Subquery Scan on "*SELECT* 980"  (cost=165745.69..165745.70 rows=1 width=76) (actual time=0.621..0.623 rows=1 loops=1)
         ->  Limit  (cost=165745.69..165745.69 rows=1 width=84) (actual time=0.619..0.619 rows=1 loops=1)
               ->  Sort  (cost=165745.69..165745.69 rows=1 width=84) (actual time=0.617..0.617 rows=1 loops=1)
                     Sort Key: (st_distance(st_transform(s_979.the_geom, 25833), '0101000020E9640000DF43EC022FDB2341EE539E75DD0E5741'::geometry))
                     Sort Method: top-N heapsort  Memory: 25kB
                     ->  Seq Scan on phoml_trajectory_tmp s_979  (cost=0.00..165745.68 rows=1 width=84) (actual time=0.013..0.548 rows=456 loops=1)
                           Filter: ((unix_time >= '1685451272.231'::double precision) AND (unix_time <= '1685451332.231'::double precision) AND st_dwithin(st_transform(the_geom, 25833), '0101000020E9640000DF43EC022FDB2341EE539E75DD0E5741'::geometry, '300'::double precision))
                           Rows Removed by Filter: 3204
   ->  Subquery Scan on "*SELECT* 981"  (cost=165745.69..165745.70 rows=1 width=76) (actual time=0.631..0.632 rows=1 loops=1)
         ->  Limit  (cost=165745.69..165745.69 rows=1 width=84) (actual time=0.627..0.628 rows=1 loops=1)
               ->  Sort  (cost=165745.69..165745.69 rows=1 width=84) (actual time=0.625..0.626 rows=1 loops=1)
                     Sort Key: (st_distance(st_transform(s_980.the_geom, 25833), '0101000020E96400006D9080FB29DB234187EE7F69DC0E5741'::geometry))
                     Sort Method: top-N heapsort  Memory: 25kB
                     ->  Seq Scan on phoml_trajectory_tmp s_980  (cost=0.00..165745.68 rows=1 width=84) (actual time=0.013..0.556 rows=456 loops=1)
                           Filter: ((unix_time >= '1685451272.597'::double precision) AND (unix_time <= '1685451332.597'::double precision) AND st_dwithin(st_transform(the_geom, 25833), '0101000020E96400006D9080FB29DB234187EE7F69DC0E5741'::geometry, '300'::double precision))
                           Rows Removed by Filter: 3204
   ->  Subquery Scan on "*SELECT* 982"  (cost=165745.69..165745.70 rows=1 width=76) (actual time=0.618..0.619 rows=1 loops=1)
         ->  Limit  (cost=165745.69..165745.69 rows=1 width=84) (actual time=0.615..0.615 rows=1 loops=1)
               ->  Sort  (cost=165745.69..165745.69 rows=1 width=84) (actual time=0.613..0.613 rows=1 loops=1)
                     Sort Key: (st_distance(st_transform(s_981.the_geom, 25833), '0101000020E964000024D4303B25DB2341E207B578DB0E5741'::geometry))
                     Sort Method: top-N heapsort  Memory: 25kB
                     ->  Seq Scan on phoml_trajectory_tmp s_981  (cost=0.00..165745.68 rows=1 width=84) (actual time=0.013..0.543 rows=452 loops=1)
                           Filter: ((unix_time >= '1685451273.007'::double precision) AND (unix_time <= '1685451333.007'::double precision) AND st_dwithin(st_transform(the_geom, 25833), '0101000020E964000024D4303B25DB2341E207B578DB0E5741'::geometry, '300'::double precision))
                           Rows Removed by Filter: 3208
   ->  Subquery Scan on "*SELECT* 983"  (cost=165745.69..165745.70 rows=1 width=76) (actual time=0.610..0.611 rows=1 loops=1)
         ->  Limit  (cost=165745.69..165745.69 rows=1 width=84) (actual time=0.608..0.609 rows=1 loops=1)
               ->  Sort  (cost=165745.69..165745.69 rows=1 width=84) (actual time=0.606..0.606 rows=1 loops=1)
                     Sort Key: (st_distance(st_transform(s_982.the_geom, 25833), '0101000020E9640000B3EC172220DB2341E8AED15CDA0E5741'::geometry))
                     Sort Method: top-N heapsort  Memory: 25kB
                     ->  Seq Scan on phoml_trajectory_tmp s_982  (cost=0.00..165745.68 rows=1 width=84) (actual time=0.011..0.535 rows=452 loops=1)
                           Filter: ((unix_time >= '1685451273.442'::double precision) AND (unix_time <= '1685451333.442'::double precision) AND st_dwithin(st_transform(the_geom, 25833), '0101000020E9640000B3EC172220DB2341E8AED15CDA0E5741'::geometry, '300'::double precision))
                           Rows Removed by Filter: 3208
   ->  Subquery Scan on "*SELECT* 984"  (cost=165745.69..165745.70 rows=1 width=76) (actual time=0.628..0.629 rows=1 loops=1)
         ->  Limit  (cost=165745.69..165745.69 rows=1 width=84) (actual time=0.624..0.625 rows=1 loops=1)
               ->  Sort  (cost=165745.69..165745.69 rows=1 width=84) (actual time=0.622..0.622 rows=1 loops=1)
                     Sort Key: (st_distance(st_transform(s_983.the_geom, 25833), '0101000020E9640000A45827101BDB2341AAA8CB3FD90E5741'::geometry))
                     Sort Method: top-N heapsort  Memory: 25kB
                     ->  Seq Scan on phoml_trajectory_tmp s_983  (cost=0.00..165745.68 rows=1 width=84) (actual time=0.012..0.554 rows=452 loops=1)
                           Filter: ((unix_time >= '1685451273.917'::double precision) AND (unix_time <= '1685451333.917'::double precision) AND st_dwithin(st_transform(the_geom, 25833), '0101000020E9640000A45827101BDB2341AAA8CB3FD90E5741'::geometry, '300'::double precision))
                           Rows Removed by Filter: 3208
   ->  Subquery Scan on "*SELECT* 985"  (cost=165745.69..165745.70 rows=1 width=76) (actual time=0.625..0.626 rows=1 loops=1)
         ->  Limit  (cost=165745.69..165745.69 rows=1 width=84) (actual time=0.621..0.622 rows=1 loops=1)
               ->  Sort  (cost=165745.69..165745.69 rows=1 width=84) (actual time=0.619..0.619 rows=1 loops=1)
                     Sort Key: (st_distance(st_transform(s_984.the_geom, 25833), '0101000020E964000024677E3016DB2341E493D420D80E5741'::geometry))
                     Sort Method: top-N heapsort  Memory: 25kB
                     ->  Seq Scan on phoml_trajectory_tmp s_984  (cost=0.00..165745.68 rows=1 width=84) (actual time=0.015..0.550 rows=450 loops=1)
                           Filter: ((unix_time >= '1685451274.294'::double precision) AND (unix_time <= '1685451334.294'::double precision) AND st_dwithin(st_transform(the_geom, 25833), '0101000020E964000024677E3016DB2341E493D420D80E5741'::geometry, '300'::double precision))
                           Rows Removed by Filter: 3210
   ->  Subquery Scan on "*SELECT* 986"  (cost=165745.69..165745.70 rows=1 width=76) (actual time=0.616..0.617 rows=1 loops=1)
         ->  Limit  (cost=165745.69..165745.69 rows=1 width=84) (actual time=0.614..0.614 rows=1 loops=1)
               ->  Sort  (cost=165745.69..165745.69 rows=1 width=84) (actual time=0.612..0.612 rows=1 loops=1)
                     Sort Key: (st_distance(st_transform(s_985.the_geom, 25833), '0101000020E9640000E4AFAE5511DB234113B3CFF2D60E5741'::geometry))
                     Sort Method: top-N heapsort  Memory: 25kB
                     ->  Seq Scan on phoml_trajectory_tmp s_985  (cost=0.00..165745.68 rows=1 width=84) (actual time=0.013..0.543 rows=448 loops=1)
                           Filter: ((unix_time >= '1685451274.724'::double precision) AND (unix_time <= '1685451334.724'::double precision) AND st_dwithin(st_transform(the_geom, 25833), '0101000020E9640000E4AFAE5511DB234113B3CFF2D60E5741'::geometry, '300'::double precision))
                           Rows Removed by Filter: 3212
   ->  Subquery Scan on "*SELECT* 987"  (cost=165745.69..165745.70 rows=1 width=76) (actual time=0.637..0.638 rows=1 loops=1)
         ->  Limit  (cost=165745.69..165745.69 rows=1 width=84) (actual time=0.632..0.632 rows=1 loops=1)
               ->  Sort  (cost=165745.69..165745.69 rows=1 width=84) (actual time=0.628..0.629 rows=1 loops=1)
                     Sort Key: (st_distance(st_transform(s_986.the_geom, 25833), '0101000020E9640000991C41B40CDB234191D918C5D50E5741'::geometry))
                     Sort Method: top-N heapsort  Memory: 25kB
                     ->  Seq Scan on phoml_trajectory_tmp s_986  (cost=0.00..165745.68 rows=1 width=84) (actual time=0.023..0.557 rows=444 loops=1)
                           Filter: ((unix_time >= '1685451275.151'::double precision) AND (unix_time <= '1685451335.151'::double precision) AND st_dwithin(st_transform(the_geom, 25833), '0101000020E9640000991C41B40CDB234191D918C5D50E5741'::geometry, '300'::double precision))
                           Rows Removed by Filter: 3216
   ->  Subquery Scan on "*SELECT* 988"  (cost=165745.69..165745.70 rows=1 width=76) (actual time=0.620..0.622 rows=1 loops=1)
         ->  Limit  (cost=165745.69..165745.69 rows=1 width=84) (actual time=0.616..0.617 rows=1 loops=1)
               ->  Sort  (cost=165745.69..165745.69 rows=1 width=84) (actual time=0.613..0.613 rows=1 loops=1)
                     Sort Key: (st_distance(st_transform(s_987.the_geom, 25833), '0101000020E96400000C27200308DB2341E73CDB87D40E5741'::geometry))
                     Sort Method: top-N heapsort  Memory: 25kB
                     ->  Seq Scan on phoml_trajectory_tmp s_987  (cost=0.00..165745.68 rows=1 width=84) (actual time=0.018..0.546 rows=444 loops=1)
                           Filter: ((unix_time >= '1685451275.571'::double precision) AND (unix_time <= '1685451335.571'::double precision) AND st_dwithin(st_transform(the_geom, 25833), '0101000020E96400000C27200308DB2341E73CDB87D40E5741'::geometry, '300'::double precision))
                           Rows Removed by Filter: 3216
   ->  Subquery Scan on "*SELECT* 989"  (cost=165745.69..165745.70 rows=1 width=76) (actual time=0.618..0.619 rows=1 loops=1)
         ->  Limit  (cost=165745.69..165745.69 rows=1 width=84) (actual time=0.615..0.616 rows=1 loops=1)
               ->  Sort  (cost=165745.69..165745.69 rows=1 width=84) (actual time=0.612..0.612 rows=1 loops=1)
                     Sort Key: (st_distance(st_transform(s_988.the_geom, 25833), '0101000020E9640000CD289AA703DB234131648536D30E5741'::geometry))
                     Sort Method: top-N heapsort  Memory: 25kB
                     ->  Seq Scan on phoml_trajectory_tmp s_988  (cost=0.00..165745.68 rows=1 width=84) (actual time=0.021..0.543 rows=444 loops=1)
                           Filter: ((unix_time >= '1685451276.001'::double precision) AND (unix_time <= '1685451336.001'::double precision) AND st_dwithin(st_transform(the_geom, 25833), '0101000020E9640000CD289AA703DB234131648536D30E5741'::geometry, '300'::double precision))
                           Rows Removed by Filter: 3216
   ->  Subquery Scan on "*SELECT* 990"  (cost=165745.69..165745.70 rows=1 width=76) (actual time=0.616..0.617 rows=1 loops=1)
         ->  Limit  (cost=165745.69..165745.69 rows=1 width=84) (actual time=0.612..0.612 rows=1 loops=1)
               ->  Sort  (cost=165745.69..165745.69 rows=1 width=84) (actual time=0.610..0.610 rows=1 loops=1)
                     Sort Key: (st_distance(st_transform(s_989.the_geom, 25833), '0101000020E9640000FE09DAA7FFDA23416B32A1DAD10E5741'::geometry))
                     Sort Method: top-N heapsort  Memory: 25kB
                     ->  Seq Scan on phoml_trajectory_tmp s_989  (cost=0.00..165745.68 rows=1 width=84) (actual time=0.016..0.543 rows=440 loops=1)
                           Filter: ((unix_time >= '1685451276.416'::double precision) AND (unix_time <= '1685451336.416'::double precision) AND st_dwithin(st_transform(the_geom, 25833), '0101000020E9640000FE09DAA7FFDA23416B32A1DAD10E5741'::geometry, '300'::double precision))
                           Rows Removed by Filter: 3220
   ->  Subquery Scan on "*SELECT* 991"  (cost=165745.69..165745.70 rows=1 width=76) (actual time=0.635..0.636 rows=1 loops=1)
         ->  Limit  (cost=165745.69..165745.69 rows=1 width=84) (actual time=0.631..0.632 rows=1 loops=1)
               ->  Sort  (cost=165745.69..165745.69 rows=1 width=84) (actual time=0.629..0.630 rows=1 loops=1)
                     Sort Key: (st_distance(st_transform(s_990.the_geom, 25833), '0101000020E96400007BF4EBFCFBDA2341292CCA69D00E5741'::geometry))
                     Sort Method: top-N heapsort  Memory: 25kB
                     ->  Seq Scan on phoml_trajectory_tmp s_990  (cost=0.00..165745.68 rows=1 width=84) (actual time=0.014..0.555 rows=440 loops=1)
                           Filter: ((unix_time >= '1685451276.836'::double precision) AND (unix_time <= '1685451336.836'::double precision) AND st_dwithin(st_transform(the_geom, 25833), '0101000020E96400007BF4EBFCFBDA2341292CCA69D00E5741'::geometry, '300'::double precision))
                           Rows Removed by Filter: 3220
   ->  Subquery Scan on "*SELECT* 992"  (cost=165745.69..165745.70 rows=1 width=76) (actual time=0.608..0.609 rows=1 loops=1)
         ->  Limit  (cost=165745.69..165745.69 rows=1 width=84) (actual time=0.605..0.606 rows=1 loops=1)
               ->  Sort  (cost=165745.69..165745.69 rows=1 width=84) (actual time=0.602..0.602 rows=1 loops=1)
                     Sort Key: (st_distance(st_transform(s_991.the_geom, 25833), '0101000020E9640000CE4743F1F8DA2341F3BCC8E3CE0E5741'::geometry))
                     Sort Method: top-N heapsort  Memory: 25kB
                     ->  Seq Scan on phoml_trajectory_tmp s_991  (cost=0.00..165745.68 rows=1 width=84) (actual time=0.014..0.533 rows=440 loops=1)
                           Filter: ((unix_time >= '1685451277.26'::double precision) AND (unix_time <= '1685451337.26'::double precision) AND st_dwithin(st_transform(the_geom, 25833), '0101000020E9640000CE4743F1F8DA2341F3BCC8E3CE0E5741'::geometry, '300'::double precision))
                           Rows Removed by Filter: 3220
   ->  Subquery Scan on "*SELECT* 993"  (cost=165745.69..165745.70 rows=1 width=76) (actual time=0.615..0.616 rows=1 loops=1)
         ->  Limit  (cost=165745.69..165745.69 rows=1 width=84) (actual time=0.612..0.613 rows=1 loops=1)
               ->  Sort  (cost=165745.69..165745.69 rows=1 width=84) (actual time=0.610..0.611 rows=1 loops=1)
                     Sort Key: (st_distance(st_transform(s_992.the_geom, 25833), '0101000020E964000054521E54F6DA234126DBEA52CD0E5741'::geometry))
                     Sort Method: top-N heapsort  Memory: 25kB
                     ->  Seq Scan on phoml_trajectory_tmp s_992  (cost=0.00..165745.68 rows=1 width=84) (actual time=0.032..0.543 rows=436 loops=1)
                           Filter: ((unix_time >= '1685451277.68'::double precision) AND (unix_time <= '1685451337.68'::double precision) AND st_dwithin(st_transform(the_geom, 25833), '0101000020E964000054521E54F6DA234126DBEA52CD0E5741'::geometry, '300'::double precision))
                           Rows Removed by Filter: 3224
   ->  Subquery Scan on "*SELECT* 994"  (cost=165745.69..165745.70 rows=1 width=76) (actual time=0.610..0.611 rows=1 loops=1)
         ->  Limit  (cost=165745.69..165745.69 rows=1 width=84) (actual time=0.606..0.607 rows=1 loops=1)
               ->  Sort  (cost=165745.69..165745.69 rows=1 width=84) (actual time=0.604..0.604 rows=1 loops=1)
                     Sort Key: (st_distance(st_transform(s_993.the_geom, 25833), '0101000020E96400003A35FE6DF4DA234102DC6FCFCB0E5741'::geometry))
                     Sort Method: top-N heapsort  Memory: 25kB
                     ->  Seq Scan on phoml_trajectory_tmp s_993  (cost=0.00..165745.68 rows=1 width=84) (actual time=0.015..0.538 rows=434 loops=1)
                           Filter: ((unix_time >= '1685451278.09'::double precision) AND (unix_time <= '1685451338.09'::double precision) AND st_dwithin(st_transform(the_geom, 25833), '0101000020E96400003A35FE6DF4DA234102DC6FCFCB0E5741'::geometry, '300'::double precision))
                           Rows Removed by Filter: 3226
   ->  Subquery Scan on "*SELECT* 995"  (cost=165745.69..165745.70 rows=1 width=76) (actual time=0.602..0.604 rows=1 loops=1)
         ->  Limit  (cost=165745.69..165745.69 rows=1 width=84) (actual time=0.600..0.601 rows=1 loops=1)
               ->  Sort  (cost=165745.69..165745.69 rows=1 width=84) (actual time=0.598..0.598 rows=1 loops=1)
                     Sort Key: (st_distance(st_transform(s_994.the_geom, 25833), '0101000020E96400006BFF7BBEF2DA2341AE6C544ACA0E5741'::geometry))
                     Sort Method: top-N heapsort  Memory: 25kB
                     ->  Seq Scan on phoml_trajectory_tmp s_994  (cost=0.00..165745.68 rows=1 width=84) (actual time=0.014..0.531 rows=432 loops=1)
                           Filter: ((unix_time >= '1685451278.513'::double precision) AND (unix_time <= '1685451338.513'::double precision) AND st_dwithin(st_transform(the_geom, 25833), '0101000020E96400006BFF7BBEF2DA2341AE6C544ACA0E5741'::geometry, '300'::double precision))
                           Rows Removed by Filter: 3228
   ->  Subquery Scan on "*SELECT* 996"  (cost=165745.69..165745.70 rows=1 width=76) (actual time=0.611..0.612 rows=1 loops=1)
         ->  Limit  (cost=165745.69..165745.69 rows=1 width=84) (actual time=0.607..0.608 rows=1 loops=1)
               ->  Sort  (cost=165745.69..165745.69 rows=1 width=84) (actual time=0.606..0.606 rows=1 loops=1)
                     Sort Key: (st_distance(st_transform(s_995.the_geom, 25833), '0101000020E9640000429B7155F1DA234136C237DDC80E5741'::geometry))
                     Sort Method: top-N heapsort  Memory: 25kB
                     ->  Seq Scan on phoml_trajectory_tmp s_995  (cost=0.00..165745.68 rows=1 width=84) (actual time=0.015..0.539 rows=432 loops=1)
                           Filter: ((unix_time >= '1685451278.923'::double precision) AND (unix_time <= '1685451338.923'::double precision) AND st_dwithin(st_transform(the_geom, 25833), '0101000020E9640000429B7155F1DA234136C237DDC80E5741'::geometry, '300'::double precision))
                           Rows Removed by Filter: 3228
   ->  Subquery Scan on "*SELECT* 997"  (cost=165745.69..165745.70 rows=1 width=76) (actual time=0.613..0.614 rows=1 loops=1)
         ->  Limit  (cost=165745.69..165745.69 rows=1 width=84) (actual time=0.609..0.610 rows=1 loops=1)
               ->  Sort  (cost=165745.69..165745.69 rows=1 width=84) (actual time=0.606..0.607 rows=1 loops=1)
                     Sort Key: (st_distance(st_transform(s_996.the_geom, 25833), '0101000020E9640000EF24C30DF0DA2341352C3A6FC70E5741'::geometry))
                     Sort Method: top-N heapsort  Memory: 25kB
                     ->  Seq Scan on phoml_trajectory_tmp s_996  (cost=0.00..165745.68 rows=1 width=84) (actual time=0.019..0.541 rows=432 loops=1)
                           Filter: ((unix_time >= '1685451279.341'::double precision) AND (unix_time <= '1685451339.341'::double precision) AND st_dwithin(st_transform(the_geom, 25833), '0101000020E9640000EF24C30DF0DA2341352C3A6FC70E5741'::geometry, '300'::double precision))
                           Rows Removed by Filter: 3228
   ->  Subquery Scan on "*SELECT* 998"  (cost=165745.69..165745.70 rows=1 width=76) (actual time=0.606..0.607 rows=1 loops=1)
         ->  Limit  (cost=165745.69..165745.69 rows=1 width=84) (actual time=0.603..0.604 rows=1 loops=1)
               ->  Sort  (cost=165745.69..165745.69 rows=1 width=84) (actual time=0.602..0.602 rows=1 loops=1)
                     Sort Key: (st_distance(st_transform(s_997.the_geom, 25833), '0101000020E9640000ACC0A805EFDA234141329207C60E5741'::geometry))
                     Sort Method: top-N heapsort  Memory: 25kB
                     ->  Seq Scan on phoml_trajectory_tmp s_997  (cost=0.00..165745.68 rows=1 width=84) (actual time=0.016..0.536 rows=432 loops=1)
                           Filter: ((unix_time >= '1685451279.761'::double precision) AND (unix_time <= '1685451339.761'::double precision) AND st_dwithin(st_transform(the_geom, 25833), '0101000020E9640000ACC0A805EFDA234141329207C60E5741'::geometry, '300'::double precision))
                           Rows Removed by Filter: 3228
   ->  Subquery Scan on "*SELECT* 999"  (cost=165745.69..165745.70 rows=1 width=76) (actual time=0.602..0.603 rows=1 loops=1)
         ->  Limit  (cost=165745.69..165745.69 rows=1 width=84) (actual time=0.599..0.600 rows=1 loops=1)
               ->  Sort  (cost=165745.69..165745.69 rows=1 width=84) (actual time=0.596..0.597 rows=1 loops=1)
                     Sort Key: (st_distance(st_transform(s_998.the_geom, 25833), '0101000020E964000058D61A2AEEDA2341A195AC95C40E5741'::geometry))
                     Sort Method: top-N heapsort  Memory: 25kB
                     ->  Seq Scan on phoml_trajectory_tmp s_998  (cost=0.00..165745.68 rows=1 width=84) (actual time=0.015..0.525 rows=428 loops=1)
                           Filter: ((unix_time >= '1685451280.184'::double precision) AND (unix_time <= '1685451340.184'::double precision) AND st_dwithin(st_transform(the_geom, 25833), '0101000020E964000058D61A2AEEDA2341A195AC95C40E5741'::geometry, '300'::double precision))
                           Rows Removed by Filter: 3232
   ->  Subquery Scan on "*SELECT* 1000"  (cost=165745.69..165745.70 rows=1 width=76) (actual time=0.594..0.595 rows=1 loops=1)
         ->  Limit  (cost=165745.69..165745.69 rows=1 width=84) (actual time=0.591..0.592 rows=1 loops=1)
               ->  Sort  (cost=165745.69..165745.69 rows=1 width=84) (actual time=0.589..0.589 rows=1 loops=1)
                     Sort Key: (st_distance(st_transform(s_999.the_geom, 25833), '0101000020E9640000CB9979ABEDDA2341F09D7B31C30E5741'::geometry))
                     Sort Method: top-N heapsort  Memory: 25kB
                     ->  Seq Scan on phoml_trajectory_tmp s_999  (cost=0.00..165745.68 rows=1 width=84) (actual time=0.018..0.522 rows=428 loops=1)
                           Filter: ((unix_time >= '1685451280.594'::double precision) AND (unix_time <= '1685451340.594'::double precision) AND st_dwithin(st_transform(the_geom, 25833), '0101000020E9640000CB9979ABEDDA2341F09D7B31C30E5741'::geometry, '300'::double precision))
                           Rows Removed by Filter: 3232
   ->  Subquery Scan on "*SELECT* 1001"  (cost=165745.69..165745.70 rows=1 width=76) (actual time=0.619..0.620 rows=1 loops=1)
         ->  Limit  (cost=165745.69..165745.69 rows=1 width=84) (actual time=0.615..0.616 rows=1 loops=1)
               ->  Sort  (cost=165745.69..165745.69 rows=1 width=84) (actual time=0.613..0.613 rows=1 loops=1)
                     Sort Key: (st_distance(st_transform(s_1000.the_geom, 25833), '0101000020E9640000A6588771EDDA23419C5DE8D4C10E5741'::geometry))
                     Sort Method: top-N heapsort  Memory: 25kB
                     ->  Seq Scan on phoml_trajectory_tmp s_1000  (cost=0.00..165745.68 rows=1 width=84) (actual time=0.019..0.547 rows=428 loops=1)
                           Filter: ((unix_time >= '1685451281.049'::double precision) AND (unix_time <= '1685451341.049'::double precision) AND st_dwithin(st_transform(the_geom, 25833), '0101000020E9640000A6588771EDDA23419C5DE8D4C10E5741'::geometry, '300'::double precision))
                           Rows Removed by Filter: 3232
   ->  Subquery Scan on "*SELECT* 1002"  (cost=165745.69..165745.70 rows=1 width=76) (actual time=0.610..0.611 rows=1 loops=1)
         ->  Limit  (cost=165745.69..165745.69 rows=1 width=84) (actual time=0.606..0.607 rows=1 loops=1)
               ->  Sort  (cost=165745.69..165745.69 rows=1 width=84) (actual time=0.604..0.604 rows=1 loops=1)
                     Sort Key: (st_distance(st_transform(s_1001.the_geom, 25833), '0101000020E96400005B90223AEDDA2341581AE66AC00E5741'::geometry))
                     Sort Method: top-N heapsort  Memory: 25kB
                     ->  Seq Scan on phoml_trajectory_tmp s_1001  (cost=0.00..165745.68 rows=1 width=84) (actual time=0.017..0.539 rows=428 loops=1)
                           Filter: ((unix_time >= '1685451281.438'::double precision) AND (unix_time <= '1685451341.438'::double precision) AND st_dwithin(st_transform(the_geom, 25833), '0101000020E96400005B90223AEDDA2341581AE66AC00E5741'::geometry, '300'::double precision))
                           Rows Removed by Filter: 3232
   ->  Subquery Scan on "*SELECT* 1003"  (cost=165745.69..165745.70 rows=1 width=76) (actual time=0.598..0.599 rows=1 loops=1)
         ->  Limit  (cost=165745.69..165745.69 rows=1 width=84) (actual time=0.596..0.596 rows=1 loops=1)
               ->  Sort  (cost=165745.69..165745.69 rows=1 width=84) (actual time=0.594..0.594 rows=1 loops=1)
                     Sort Key: (st_distance(st_transform(s_1002.the_geom, 25833), '0101000020E9640000C371EC42EDDA234124F21208BF0E5741'::geometry))
                     Sort Method: top-N heapsort  Memory: 25kB
                     ->  Seq Scan on phoml_trajectory_tmp s_1002  (cost=0.00..165745.68 rows=1 width=84) (actual time=0.018..0.529 rows=426 loops=1)
                           Filter: ((unix_time >= '1685451281.868'::double precision) AND (unix_time <= '1685451341.868'::double precision) AND st_dwithin(st_transform(the_geom, 25833), '0101000020E9640000C371EC42EDDA234124F21208BF0E5741'::geometry, '300'::double precision))
                           Rows Removed by Filter: 3234
   ->  Subquery Scan on "*SELECT* 1004"  (cost=165745.69..165745.70 rows=1 width=76) (actual time=0.610..0.611 rows=1 loops=1)
         ->  Limit  (cost=165745.69..165745.69 rows=1 width=84) (actual time=0.607..0.607 rows=1 loops=1)
               ->  Sort  (cost=165745.69..165745.69 rows=1 width=84) (actual time=0.605..0.605 rows=1 loops=1)
                     Sort Key: (st_distance(st_transform(s_1003.the_geom, 25833), '0101000020E96400005F15B16BEDDA23410979ADB1BD0E5741'::geometry))
                     Sort Method: top-N heapsort  Memory: 25kB
                     ->  Seq Scan on phoml_trajectory_tmp s_1003  (cost=0.00..165745.68 rows=1 width=84) (actual time=0.016..0.538 rows=420 loops=1)
                           Filter: ((unix_time >= '1685451282.29'::double precision) AND (unix_time <= '1685451342.29'::double precision) AND st_dwithin(st_transform(the_geom, 25833), '0101000020E96400005F15B16BEDDA23410979ADB1BD0E5741'::geometry, '300'::double precision))
                           Rows Removed by Filter: 3240
   ->  Subquery Scan on "*SELECT* 1005"  (cost=165745.69..165745.70 rows=1 width=76) (actual time=0.605..0.606 rows=1 loops=1)
         ->  Limit  (cost=165745.69..165745.69 rows=1 width=84) (actual time=0.601..0.602 rows=1 loops=1)
               ->  Sort  (cost=165745.69..165745.69 rows=1 width=84) (actual time=0.599..0.599 rows=1 loops=1)
                     Sort Key: (st_distance(st_transform(s_1004.the_geom, 25833), '0101000020E9640000C8914A6DEDDA234124584258BC0E5741'::geometry))
                     Sort Method: top-N heapsort  Memory: 25kB
                     ->  Seq Scan on phoml_trajectory_tmp s_1004  (cost=0.00..165745.68 rows=1 width=84) (actual time=0.018..0.533 rows=424 loops=1)
                           Filter: ((unix_time >= '1685451282.73'::double precision) AND (unix_time <= '1685451342.73'::double precision) AND st_dwithin(st_transform(the_geom, 25833), '0101000020E9640000C8914A6DEDDA234124584258BC0E5741'::geometry, '300'::double precision))
                           Rows Removed by Filter: 3236
   ->  Subquery Scan on "*SELECT* 1006"  (cost=165745.69..165745.70 rows=1 width=76) (actual time=0.585..0.586 rows=1 loops=1)
         ->  Limit  (cost=165745.69..165745.69 rows=1 width=84) (actual time=0.582..0.583 rows=1 loops=1)
               ->  Sort  (cost=165745.69..165745.69 rows=1 width=84) (actual time=0.580..0.580 rows=1 loops=1)
                     Sort Key: (st_distance(st_transform(s_1005.the_geom, 25833), '0101000020E9640000844EA9A5EDDA234172349D09BB0E5741'::geometry))
                     Sort Method: top-N heapsort  Memory: 25kB
                     ->  Seq Scan on phoml_trajectory_tmp s_1005  (cost=0.00..165745.68 rows=1 width=84) (actual time=0.016..0.516 rows=424 loops=1)
                           Filter: ((unix_time >= '1685451283.17'::double precision) AND (unix_time <= '1685451343.17'::double precision) AND st_dwithin(st_transform(the_geom, 25833), '0101000020E9640000844EA9A5EDDA234172349D09BB0E5741'::geometry, '300'::double precision))
                           Rows Removed by Filter: 3236
   ->  Subquery Scan on "*SELECT* 1007"  (cost=165745.69..165745.70 rows=1 width=76) (actual time=0.600..0.601 rows=1 loops=1)
         ->  Limit  (cost=165745.69..165745.69 rows=1 width=84) (actual time=0.598..0.599 rows=1 loops=1)
               ->  Sort  (cost=165745.69..165745.69 rows=1 width=84) (actual time=0.596..0.597 rows=1 loops=1)
                     Sort Key: (st_distance(st_transform(s_1006.the_geom, 25833), '0101000020E96400001BD00EA1EEDA23416E5FFF96B90E5741'::geometry))
                     Sort Method: top-N heapsort  Memory: 25kB
                     ->  Seq Scan on phoml_trajectory_tmp s_1006  (cost=0.00..165745.68 rows=1 width=84) (actual time=0.017..0.531 rows=422 loops=1)
                           Filter: ((unix_time >= '1685451283.611'::double precision) AND (unix_time <= '1685451343.611'::double precision) AND st_dwithin(st_transform(the_geom, 25833), '0101000020E96400001BD00EA1EEDA23416E5FFF96B90E5741'::geometry, '300'::double precision))
                           Rows Removed by Filter: 3238
   ->  Subquery Scan on "*SELECT* 1008"  (cost=165745.69..165745.70 rows=1 width=76) (actual time=0.612..0.613 rows=1 loops=1)
         ->  Limit  (cost=165745.69..165745.69 rows=1 width=84) (actual time=0.608..0.609 rows=1 loops=1)
               ->  Sort  (cost=165745.69..165745.69 rows=1 width=84) (actual time=0.606..0.607 rows=1 loops=1)
                     Sort Key: (st_distance(st_transform(s_1007.the_geom, 25833), '0101000020E96400005A4F6784F0DA2341CEE8210BB80E5741'::geometry))
                     Sort Method: top-N heapsort  Memory: 25kB
                     ->  Seq Scan on phoml_trajectory_tmp s_1007  (cost=0.00..165745.68 rows=1 width=84) (actual time=0.016..0.542 rows=420 loops=1)
                           Filter: ((unix_time >= '1685451284.08'::double precision) AND (unix_time <= '1685451344.08'::double precision) AND st_dwithin(st_transform(the_geom, 25833), '0101000020E96400005A4F6784F0DA2341CEE8210BB80E5741'::geometry, '300'::double precision))
                           Rows Removed by Filter: 3240
   ->  Subquery Scan on "*SELECT* 1009"  (cost=165745.69..165745.70 rows=1 width=76) (actual time=0.587..0.588 rows=1 loops=1)
         ->  Limit  (cost=165745.69..165745.69 rows=1 width=84) (actual time=0.583..0.583 rows=1 loops=1)
               ->  Sort  (cost=165745.69..165745.69 rows=1 width=84) (actual time=0.581..0.581 rows=1 loops=1)
                     Sort Key: (st_distance(st_transform(s_1008.the_geom, 25833), '0101000020E96400004A1692AEF3DA234181D25269B60E5741'::geometry))
                     Sort Method: top-N heapsort  Memory: 25kB
                     ->  Seq Scan on phoml_trajectory_tmp s_1008  (cost=0.00..165745.68 rows=1 width=84) (actual time=0.019..0.517 rows=416 loops=1)
                           Filter: ((unix_time >= '1685451284.554'::double precision) AND (unix_time <= '1685451344.554'::double precision) AND st_dwithin(st_transform(the_geom, 25833), '0101000020E96400004A1692AEF3DA234181D25269B60E5741'::geometry, '300'::double precision))
                           Rows Removed by Filter: 3244
   ->  Subquery Scan on "*SELECT* 1010"  (cost=165745.69..165745.70 rows=1 width=76) (actual time=0.579..0.580 rows=1 loops=1)
         ->  Limit  (cost=165745.69..165745.69 rows=1 width=84) (actual time=0.577..0.577 rows=1 loops=1)
               ->  Sort  (cost=165745.69..165745.69 rows=1 width=84) (actual time=0.575..0.575 rows=1 loops=1)
                     Sort Key: (st_distance(st_transform(s_1009.the_geom, 25833), '0101000020E96400003AE63B22F8DA23416F3FFEBCB40E5741'::geometry))
                     Sort Method: top-N heapsort  Memory: 25kB
                     ->  Seq Scan on phoml_trajectory_tmp s_1009  (cost=0.00..165745.68 rows=1 width=84) (actual time=0.019..0.512 rows=416 loops=1)
                           Filter: ((unix_time >= '1685451285.064'::double precision) AND (unix_time <= '1685451345.064'::double precision) AND st_dwithin(st_transform(the_geom, 25833), '0101000020E96400003AE63B22F8DA23416F3FFEBCB40E5741'::geometry, '300'::double precision))
                           Rows Removed by Filter: 3244
   ->  Subquery Scan on "*SELECT* 1011"  (cost=165745.69..165745.70 rows=1 width=76) (actual time=0.588..0.589 rows=1 loops=1)
         ->  Limit  (cost=165745.69..165745.69 rows=1 width=84) (actual time=0.584..0.585 rows=1 loops=1)
               ->  Sort  (cost=165745.69..165745.69 rows=1 width=84) (actual time=0.582..0.582 rows=1 loops=1)
                     Sort Key: (st_distance(st_transform(s_1010.the_geom, 25833), '0101000020E9640000B369FEC1FDDA23416EC46015B30E5741'::geometry))
                     Sort Method: top-N heapsort  Memory: 25kB
                     ->  Seq Scan on phoml_trajectory_tmp s_1010  (cost=0.00..165745.68 rows=1 width=84) (actual time=0.016..0.520 rows=416 loops=1)
                           Filter: ((unix_time >= '1685451285.581'::double precision) AND (unix_time <= '1685451345.581'::double precision) AND st_dwithin(st_transform(the_geom, 25833), '0101000020E9640000B369FEC1FDDA23416EC46015B30E5741'::geometry, '300'::double precision))
                           Rows Removed by Filter: 3244
   ->  Subquery Scan on "*SELECT* 1012"  (cost=165745.69..165745.70 rows=1 width=76) (actual time=0.593..0.594 rows=1 loops=1)
         ->  Limit  (cost=165745.69..165745.69 rows=1 width=84) (actual time=0.590..0.591 rows=1 loops=1)
               ->  Sort  (cost=165745.69..165745.69 rows=1 width=84) (actual time=0.588..0.589 rows=1 loops=1)
                     Sort Key: (st_distance(st_transform(s_1011.the_geom, 25833), '0101000020E96400006BD2A13804DB234109B63382B10E5741'::geometry))
                     Sort Method: top-N heapsort  Memory: 25kB
                     ->  Seq Scan on phoml_trajectory_tmp s_1011  (cost=0.00..165745.68 rows=1 width=84) (actual time=0.017..0.523 rows=416 loops=1)
                           Filter: ((unix_time >= '1685451286.101'::double precision) AND (unix_time <= '1685451346.101'::double precision) AND st_dwithin(st_transform(the_geom, 25833), '0101000020E96400006BD2A13804DB234109B63382B10E5741'::geometry, '300'::double precision))
                           Rows Removed by Filter: 3244
   ->  Subquery Scan on "*SELECT* 1013"  (cost=165745.69..165745.70 rows=1 width=76) (actual time=0.593..0.594 rows=1 loops=1)
         ->  Limit  (cost=165745.69..165745.69 rows=1 width=84) (actual time=0.588..0.589 rows=1 loops=1)
               ->  Sort  (cost=165745.69..165745.69 rows=1 width=84) (actual time=0.586..0.587 rows=1 loops=1)
                     Sort Key: (st_distance(st_transform(s_1012.the_geom, 25833), '0101000020E9640000700FA7770CDB2341D4F6B1E4AF0E5741'::geometry))
                     Sort Method: top-N heapsort  Memory: 25kB
                     ->  Seq Scan on phoml_trajectory_tmp s_1012  (cost=0.00..165745.68 rows=1 width=84) (actual time=0.021..0.524 rows=416 loops=1)
                           Filter: ((unix_time >= '1685451286.636'::double precision) AND (unix_time <= '1685451346.636'::double precision) AND st_dwithin(st_transform(the_geom, 25833), '0101000020E9640000700FA7770CDB2341D4F6B1E4AF0E5741'::geometry, '300'::double precision))
                           Rows Removed by Filter: 3244
   ->  Subquery Scan on "*SELECT* 1014"  (cost=165745.69..165745.70 rows=1 width=76) (actual time=0.604..0.605 rows=1 loops=1)
         ->  Limit  (cost=165745.69..165745.69 rows=1 width=84) (actual time=0.581..0.582 rows=1 loops=1)
               ->  Sort  (cost=165745.69..165745.69 rows=1 width=84) (actual time=0.578..0.579 rows=1 loops=1)
                     Sort Key: (st_distance(st_transform(s_1013.the_geom, 25833), '0101000020E9640000FC81296818DB234106FE8132AE0E5741'::geometry))
                     Sort Method: top-N heapsort  Memory: 25kB
                     ->  Seq Scan on phoml_trajectory_tmp s_1013  (cost=0.00..165745.68 rows=1 width=84) (actual time=0.016..0.515 rows=416 loops=1)
                           Filter: ((unix_time >= '1685451287.237'::double precision) AND (unix_time <= '1685451347.237'::double precision) AND st_dwithin(st_transform(the_geom, 25833), '0101000020E9640000FC81296818DB234106FE8132AE0E5741'::geometry, '300'::double precision))
                           Rows Removed by Filter: 3244
   ->  Subquery Scan on "*SELECT* 1015"  (cost=165745.69..165745.70 rows=1 width=76) (actual time=0.582..0.584 rows=1 loops=1)
         ->  Limit  (cost=165745.69..165745.69 rows=1 width=84) (actual time=0.579..0.580 rows=1 loops=1)
               ->  Sort  (cost=165745.69..165745.69 rows=1 width=84) (actual time=0.574..0.575 rows=1 loops=1)
                     Sort Key: (st_distance(st_transform(s_1014.the_geom, 25833), '0101000020E9640000B72B6D0427DB2341C2868EB6AC0E5741'::geometry))
                     Sort Method: top-N heapsort  Memory: 25kB
                     ->  Seq Scan on phoml_trajectory_tmp s_1014  (cost=0.00..165745.68 rows=1 width=84) (actual time=0.020..0.510 rows=418 loops=1)
                           Filter: ((unix_time >= '1685451287.752'::double precision) AND (unix_time <= '1685451347.752'::double precision) AND st_dwithin(st_transform(the_geom, 25833), '0101000020E9640000B72B6D0427DB2341C2868EB6AC0E5741'::geometry, '300'::double precision))
                           Rows Removed by Filter: 3242
   ->  Subquery Scan on "*SELECT* 1016"  (cost=165745.69..165745.70 rows=1 width=76) (actual time=0.594..0.595 rows=1 loops=1)
         ->  Limit  (cost=165745.69..165745.69 rows=1 width=84) (actual time=0.590..0.591 rows=1 loops=1)
               ->  Sort  (cost=165745.69..165745.69 rows=1 width=84) (actual time=0.587..0.588 rows=1 loops=1)
                     Sort Key: (st_distance(st_transform(s_1015.the_geom, 25833), '0101000020E96400008B5F762237DB234180E4AB7FAB0E5741'::geometry))
                     Sort Method: top-N heapsort  Memory: 25kB
                     ->  Seq Scan on phoml_trajectory_tmp s_1015  (cost=0.00..165745.68 rows=1 width=84) (actual time=0.015..0.524 rows=416 loops=1)
                           Filter: ((unix_time >= '1685451288.329'::double precision) AND (unix_time <= '1685451348.329'::double precision) AND st_dwithin(st_transform(the_geom, 25833), '0101000020E96400008B5F762237DB234180E4AB7FAB0E5741'::geometry, '300'::double precision))
                           Rows Removed by Filter: 3244
   ->  Subquery Scan on "*SELECT* 1017"  (cost=165745.69..165745.70 rows=1 width=76) (actual time=0.598..0.599 rows=1 loops=1)
         ->  Limit  (cost=165745.69..165745.69 rows=1 width=84) (actual time=0.596..0.596 rows=1 loops=1)
               ->  Sort  (cost=165745.69..165745.69 rows=1 width=84) (actual time=0.594..0.594 rows=1 loops=1)
                     Sort Key: (st_distance(st_transform(s_1016.the_geom, 25833), '0101000020E9640000340DF68747DB2341958BF78EAA0E5741'::geometry))
                     Sort Method: top-N heapsort  Memory: 25kB
                     ->  Seq Scan on phoml_trajectory_tmp s_1016  (cost=0.00..165745.68 rows=1 width=84) (actual time=0.023..0.529 rows=422 loops=1)
                           Filter: ((unix_time >= '1685451288.918'::double precision) AND (unix_time <= '1685451348.918'::double precision) AND st_dwithin(st_transform(the_geom, 25833), '0101000020E9640000340DF68747DB2341958BF78EAA0E5741'::geometry, '300'::double precision))
                           Rows Removed by Filter: 3238
   ->  Subquery Scan on "*SELECT* 1018"  (cost=165745.69..165745.70 rows=1 width=76) (actual time=0.601..0.602 rows=1 loops=1)
         ->  Limit  (cost=165745.69..165745.69 rows=1 width=84) (actual time=0.596..0.597 rows=1 loops=1)
               ->  Sort  (cost=165745.69..165745.69 rows=1 width=84) (actual time=0.595..0.595 rows=1 loops=1)
                     Sort Key: (st_distance(st_transform(s_1017.the_geom, 25833), '0101000020E9640000861968AF58DB23417A6520E5A90E5741'::geometry))
                     Sort Method: top-N heapsort  Memory: 25kB
                     ->  Seq Scan on phoml_trajectory_tmp s_1017  (cost=0.00..165745.68 rows=1 width=84) (actual time=0.014..0.530 rows=428 loops=1)
                           Filter: ((unix_time >= '1685451289.526'::double precision) AND (unix_time <= '1685451349.526'::double precision) AND st_dwithin(st_transform(the_geom, 25833), '0101000020E9640000861968AF58DB23417A6520E5A90E5741'::geometry, '300'::double precision))
                           Rows Removed by Filter: 3232
   ->  Subquery Scan on "*SELECT* 1019"  (cost=165745.69..165745.70 rows=1 width=76) (actual time=0.593..0.594 rows=1 loops=1)
         ->  Limit  (cost=165745.69..165745.69 rows=1 width=84) (actual time=0.589..0.590 rows=1 loops=1)
               ->  Sort  (cost=165745.69..165745.69 rows=1 width=84) (actual time=0.587..0.588 rows=1 loops=1)
                     Sort Key: (st_distance(st_transform(s_1018.the_geom, 25833), '0101000020E9640000FC25813669DB234110EAB07FA90E5741'::geometry))
                     Sort Method: top-N heapsort  Memory: 25kB
                     ->  Seq Scan on phoml_trajectory_tmp s_1018  (cost=0.00..165745.68 rows=1 width=84) (actual time=0.013..0.521 rows=432 loops=1)
                           Filter: ((unix_time >= '1685451290.139'::double precision) AND (unix_time <= '1685451350.139'::double precision) AND st_dwithin(st_transform(the_geom, 25833), '0101000020E9640000FC25813669DB234110EAB07FA90E5741'::geometry, '300'::double precision))
                           Rows Removed by Filter: 3228
   ->  Subquery Scan on "*SELECT* 1020"  (cost=165745.69..165745.70 rows=1 width=76) (actual time=0.597..0.598 rows=1 loops=1)
         ->  Limit  (cost=165745.69..165745.69 rows=1 width=84) (actual time=0.594..0.595 rows=1 loops=1)
               ->  Sort  (cost=165745.69..165745.69 rows=1 width=84) (actual time=0.592..0.592 rows=1 loops=1)
                     Sort Key: (st_distance(st_transform(s_1019.the_geom, 25833), '0101000020E96400000C7B4FD778DB2341E78C4144A90E5741'::geometry))
                     Sort Method: top-N heapsort  Memory: 25kB
                     ->  Seq Scan on phoml_trajectory_tmp s_1019  (cost=0.00..165745.68 rows=1 width=84) (actual time=0.016..0.527 rows=436 loops=1)
                           Filter: ((unix_time >= '1685451290.739'::double precision) AND (unix_time <= '1685451350.739'::double precision) AND st_dwithin(st_transform(the_geom, 25833), '0101000020E96400000C7B4FD778DB2341E78C4144A90E5741'::geometry, '300'::double precision))
                           Rows Removed by Filter: 3224
   ->  Subquery Scan on "*SELECT* 1021"  (cost=165745.69..165745.70 rows=1 width=76) (actual time=0.620..0.622 rows=1 loops=1)
         ->  Limit  (cost=165745.69..165745.69 rows=1 width=84) (actual time=0.617..0.617 rows=1 loops=1)
               ->  Sort  (cost=165745.69..165745.69 rows=1 width=84) (actual time=0.614..0.614 rows=1 loops=1)
                     Sort Key: (st_distance(st_transform(s_1020.the_geom, 25833), '0101000020E96400001D435A3B86DB234110778413A90E5741'::geometry))
                     Sort Method: top-N heapsort  Memory: 25kB
                     ->  Seq Scan on phoml_trajectory_tmp s_1020  (cost=0.00..165745.68 rows=1 width=84) (actual time=0.016..0.545 rows=440 loops=1)
                           Filter: ((unix_time >= '1685451291.371'::double precision) AND (unix_time <= '1685451351.371'::double precision) AND st_dwithin(st_transform(the_geom, 25833), '0101000020E96400001D435A3B86DB234110778413A90E5741'::geometry, '300'::double precision))
                           Rows Removed by Filter: 3220
   ->  Subquery Scan on "*SELECT* 1022"  (cost=165745.69..165745.70 rows=1 width=76) (actual time=0.599..0.600 rows=1 loops=1)
         ->  Limit  (cost=165745.69..165745.69 rows=1 width=84) (actual time=0.596..0.597 rows=1 loops=1)
               ->  Sort  (cost=165745.69..165745.69 rows=1 width=84) (actual time=0.594..0.595 rows=1 loops=1)
                     Sort Key: (st_distance(st_transform(s_1021.the_geom, 25833), '0101000020E9640000AE9ED97C90DB23419A6629D4A80E5741'::geometry))
                     Sort Method: top-N heapsort  Memory: 25kB
                     ->  Seq Scan on phoml_trajectory_tmp s_1021  (cost=0.00..165745.68 rows=1 width=84) (actual time=0.014..0.527 rows=440 loops=1)
                           Filter: ((unix_time >= '1685451292.001'::double precision) AND (unix_time <= '1685451352.001'::double precision) AND st_dwithin(st_transform(the_geom, 25833), '0101000020E9640000AE9ED97C90DB23419A6629D4A80E5741'::geometry, '300'::double precision))
                           Rows Removed by Filter: 3220
   ->  Subquery Scan on "*SELECT* 1023"  (cost=165745.69..165745.70 rows=1 width=76) (actual time=0.636..0.637 rows=1 loops=1)
         ->  Limit  (cost=165745.69..165745.69 rows=1 width=84) (actual time=0.633..0.634 rows=1 loops=1)
               ->  Sort  (cost=165745.69..165745.69 rows=1 width=84) (actual time=0.631..0.631 rows=1 loops=1)
                     Sort Key: (st_distance(st_transform(s_1022.the_geom, 25833), '0101000020E9640000DE77B6549ADB2341943B0491A80E5741'::geometry))
                     Sort Method: top-N heapsort  Memory: 25kB
                     ->  Seq Scan on phoml_trajectory_tmp s_1022  (cost=0.00..165745.68 rows=1 width=84) (actual time=0.024..0.560 rows=448 loops=1)
                           Filter: ((unix_time >= '1685451292.625'::double precision) AND (unix_time <= '1685451352.625'::double precision) AND st_dwithin(st_transform(the_geom, 25833), '0101000020E9640000DE77B6549ADB2341943B0491A80E5741'::geometry, '300'::double precision))
                           Rows Removed by Filter: 3212
   ->  Subquery Scan on "*SELECT* 1024"  (cost=165745.69..165745.70 rows=1 width=76) (actual time=0.627..0.628 rows=1 loops=1)
         ->  Limit  (cost=165745.69..165745.69 rows=1 width=84) (actual time=0.623..0.624 rows=1 loops=1)
               ->  Sort  (cost=165745.69..165745.69 rows=1 width=84) (actual time=0.621..0.622 rows=1 loops=1)
                     Sort Key: (st_distance(st_transform(s_1023.the_geom, 25833), '0101000020E9640000A6230293A4DB234181E3A850A80E5741'::geometry))
                     Sort Method: top-N heapsort  Memory: 25kB
                     ->  Seq Scan on phoml_trajectory_tmp s_1023  (cost=0.00..165745.68 rows=1 width=84) (actual time=0.013..0.552 rows=452 loops=1)
                           Filter: ((unix_time >= '1685451293.254'::double precision) AND (unix_time <= '1685451353.254'::double precision) AND st_dwithin(st_transform(the_geom, 25833), '0101000020E9640000A6230293A4DB234181E3A850A80E5741'::geometry, '300'::double precision))
                           Rows Removed by Filter: 3208
   ->  Subquery Scan on "*SELECT* 1025"  (cost=165745.69..165745.70 rows=1 width=76) (actual time=0.644..0.645 rows=1 loops=1)
         ->  Limit  (cost=165745.69..165745.69 rows=1 width=84) (actual time=0.640..0.641 rows=1 loops=1)
               ->  Sort  (cost=165745.69..165745.69 rows=1 width=84) (actual time=0.638..0.638 rows=1 loops=1)
                     Sort Key: (st_distance(st_transform(s_1024.the_geom, 25833), '0101000020E96400007D2F5830AEDB23417F93DF0AA80E5741'::geometry))
                     Sort Method: top-N heapsort  Memory: 25kB
                     ->  Seq Scan on phoml_trajectory_tmp s_1024  (cost=0.00..165745.68 rows=1 width=84) (actual time=0.012..0.559 rows=456 loops=1)
                           Filter: ((unix_time >= '1685451293.874'::double precision) AND (unix_time <= '1685451353.874'::double precision) AND st_dwithin(st_transform(the_geom, 25833), '0101000020E96400007D2F5830AEDB23417F93DF0AA80E5741'::geometry, '300'::double precision))
                           Rows Removed by Filter: 3204
   ->  Subquery Scan on "*SELECT* 1026"  (cost=165745.69..165745.70 rows=1 width=76) (actual time=0.626..0.627 rows=1 loops=1)
         ->  Limit  (cost=165745.69..165745.69 rows=1 width=84) (actual time=0.623..0.624 rows=1 loops=1)
               ->  Sort  (cost=165745.69..165745.69 rows=1 width=84) (actual time=0.621..0.621 rows=1 loops=1)
                     Sort Key: (st_distance(st_transform(s_1025.the_geom, 25833), '0101000020E9640000E67265ABB7DB234149DC66CDA70E5741'::geometry))
                     Sort Method: top-N heapsort  Memory: 25kB
                     ->  Seq Scan on phoml_trajectory_tmp s_1025  (cost=0.00..165745.68 rows=1 width=84) (actual time=0.011..0.549 rows=460 loops=1)
                           Filter: ((unix_time >= '1685451294.491'::double precision) AND (unix_time <= '1685451354.491'::double precision) AND st_dwithin(st_transform(the_geom, 25833), '0101000020E9640000E67265ABB7DB234149DC66CDA70E5741'::geometry, '300'::double precision))
                           Rows Removed by Filter: 3200
   ->  Subquery Scan on "*SELECT* 1027"  (cost=165745.69..165745.70 rows=1 width=76) (actual time=0.613..0.614 rows=1 loops=1)
         ->  Limit  (cost=165745.69..165745.69 rows=1 width=84) (actual time=0.610..0.611 rows=1 loops=1)
               ->  Sort  (cost=165745.69..165745.69 rows=1 width=84) (actual time=0.608..0.608 rows=1 loops=1)
                     Sort Key: (st_distance(st_transform(s_1026.the_geom, 25833), '0101000020E964000080C5AF5FC1DB2341A0ED1588A70E5741'::geometry))
                     Sort Method: top-N heapsort  Memory: 25kB
                     ->  Seq Scan on phoml_trajectory_tmp s_1026  (cost=0.00..165745.68 rows=1 width=84) (actual time=0.014..0.540 rows=460 loops=1)
                           Filter: ((unix_time >= '1685451295.148'::double precision) AND (unix_time <= '1685451355.148'::double precision) AND st_dwithin(st_transform(the_geom, 25833), '0101000020E964000080C5AF5FC1DB2341A0ED1588A70E5741'::geometry, '300'::double precision))
                           Rows Removed by Filter: 3200
   ->  Subquery Scan on "*SELECT* 1028"  (cost=165745.69..165745.70 rows=1 width=76) (actual time=0.622..0.623 rows=1 loops=1)
         ->  Limit  (cost=165745.69..165745.69 rows=1 width=84) (actual time=0.618..0.619 rows=1 loops=1)
               ->  Sort  (cost=165745.69..165745.69 rows=1 width=84) (actual time=0.616..0.617 rows=1 loops=1)
                     Sort Key: (st_distance(st_transform(s_1027.the_geom, 25833), '0101000020E964000075DBA7ECCADB234104A8F539A70E5741'::geometry))
                     Sort Method: top-N heapsort  Memory: 25kB
                     ->  Seq Scan on phoml_trajectory_tmp s_1027  (cost=0.00..165745.68 rows=1 width=84) (actual time=0.012..0.546 rows=456 loops=1)
                           Filter: ((unix_time >= '1685451295.828'::double precision) AND (unix_time <= '1685451355.828'::double precision) AND st_dwithin(st_transform(the_geom, 25833), '0101000020E964000075DBA7ECCADB234104A8F539A70E5741'::geometry, '300'::double precision))
                           Rows Removed by Filter: 3204
   ->  Subquery Scan on "*SELECT* 1029"  (cost=165745.69..165745.70 rows=1 width=76) (actual time=0.614..0.615 rows=1 loops=1)
         ->  Limit  (cost=165745.69..165745.69 rows=1 width=84) (actual time=0.611..0.612 rows=1 loops=1)
               ->  Sort  (cost=165745.69..165745.69 rows=1 width=84) (actual time=0.609..0.609 rows=1 loops=1)
                     Sort Key: (st_distance(st_transform(s_1028.the_geom, 25833), '0101000020E964000015C58825D4DB2341222B98F1A60E5741'::geometry))
                     Sort Method: top-N heapsort  Memory: 25kB
                     ->  Seq Scan on phoml_trajectory_tmp s_1028  (cost=0.00..165745.68 rows=1 width=84) (actual time=0.017..0.538 rows=460 loops=1)
                           Filter: ((unix_time >= '1685451296.533'::double precision) AND (unix_time <= '1685451356.533'::double precision) AND st_dwithin(st_transform(the_geom, 25833), '0101000020E964000015C58825D4DB2341222B98F1A60E5741'::geometry, '300'::double precision))
                           Rows Removed by Filter: 3200
   ->  Subquery Scan on "*SELECT* 1030"  (cost=165745.69..165745.70 rows=1 width=76) (actual time=0.637..0.638 rows=1 loops=1)
         ->  Limit  (cost=165745.69..165745.69 rows=1 width=84) (actual time=0.633..0.634 rows=1 loops=1)
               ->  Sort  (cost=165745.69..165745.69 rows=1 width=84) (actual time=0.631..0.632 rows=1 loops=1)
                     Sort Key: (st_distance(st_transform(s_1029.the_geom, 25833), '0101000020E96400000A3FD74BDDDB2341FEE9629FA60E5741'::geometry))
                     Sort Method: top-N heapsort  Memory: 25kB
                     ->  Seq Scan on phoml_trajectory_tmp s_1029  (cost=0.00..165745.68 rows=1 width=84) (actual time=0.012..0.561 rows=456 loops=1)
                           Filter: ((unix_time >= '1685451297.289'::double precision) AND (unix_time <= '1685451357.289'::double precision) AND st_dwithin(st_transform(the_geom, 25833), '0101000020E96400000A3FD74BDDDB2341FEE9629FA60E5741'::geometry, '300'::double precision))
                           Rows Removed by Filter: 3204
   ->  Subquery Scan on "*SELECT* 1031"  (cost=165745.69..165745.70 rows=1 width=76) (actual time=0.628..0.629 rows=1 loops=1)
         ->  Limit  (cost=165745.69..165745.69 rows=1 width=84) (actual time=0.624..0.625 rows=1 loops=1)
               ->  Sort  (cost=165745.69..165745.69 rows=1 width=84) (actual time=0.622..0.623 rows=1 loops=1)
                     Sort Key: (st_distance(st_transform(s_1030.the_geom, 25833), '0101000020E9640000595D0FC9E4DB2341B05B9F3EA60E5741'::geometry))
                     Sort Method: top-N heapsort  Memory: 25kB
                     ->  Seq Scan on phoml_trajectory_tmp s_1030  (cost=0.00..165745.68 rows=1 width=84) (actual time=0.012..0.553 rows=456 loops=1)
                           Filter: ((unix_time >= '1685451298.049'::double precision) AND (unix_time <= '1685451358.049'::double precision) AND st_dwithin(st_transform(the_geom, 25833), '0101000020E9640000595D0FC9E4DB2341B05B9F3EA60E5741'::geometry, '300'::double precision))
                           Rows Removed by Filter: 3204
   ->  Subquery Scan on "*SELECT* 1032"  (cost=165745.69..165745.70 rows=1 width=76) (actual time=0.603..0.604 rows=1 loops=1)
         ->  Limit  (cost=165745.69..165745.69 rows=1 width=84) (actual time=0.601..0.602 rows=1 loops=1)
               ->  Sort  (cost=165745.69..165745.69 rows=1 width=84) (actual time=0.599..0.599 rows=1 loops=1)
                     Sort Key: (st_distance(st_transform(s_1031.the_geom, 25833), '0101000020E964000045F6ABBEE8DB2341D9803FB3A50E5741'::geometry))
                     Sort Method: top-N heapsort  Memory: 25kB
                     ->  Seq Scan on phoml_trajectory_tmp s_1031  (cost=0.00..165745.68 rows=1 width=84) (actual time=0.013..0.527 rows=456 loops=1)
                           Filter: ((unix_time >= '1685451298.828'::double precision) AND (unix_time <= '1685451358.828'::double precision) AND st_dwithin(st_transform(the_geom, 25833), '0101000020E964000045F6ABBEE8DB2341D9803FB3A50E5741'::geometry, '300'::double precision))
                           Rows Removed by Filter: 3204
   ->  Subquery Scan on "*SELECT* 1033"  (cost=165745.69..165745.70 rows=1 width=76) (actual time=0.619..0.620 rows=1 loops=1)
         ->  Limit  (cost=165745.69..165745.69 rows=1 width=84) (actual time=0.616..0.616 rows=1 loops=1)
               ->  Sort  (cost=165745.69..165745.69 rows=1 width=84) (actual time=0.614..0.614 rows=1 loops=1)
                     Sort Key: (st_distance(st_transform(s_1032.the_geom, 25833), '0101000020E9640000B237517AEBDB2341B574AF16A50E5741'::geometry))
                     Sort Method: top-N heapsort  Memory: 25kB
                     ->  Seq Scan on phoml_trajectory_tmp s_1032  (cost=0.00..165745.68 rows=1 width=84) (actual time=0.012..0.545 rows=458 loops=1)
                           Filter: ((unix_time >= '1685451299.599'::double precision) AND (unix_time <= '1685451359.599'::double precision) AND st_dwithin(st_transform(the_geom, 25833), '0101000020E9640000B237517AEBDB2341B574AF16A50E5741'::geometry, '300'::double precision))
                           Rows Removed by Filter: 3202
   ->  Subquery Scan on "*SELECT* 1034"  (cost=165745.69..165745.70 rows=1 width=76) (actual time=0.613..0.614 rows=1 loops=1)
         ->  Limit  (cost=165745.69..165745.69 rows=1 width=84) (actual time=0.609..0.611 rows=1 loops=1)
               ->  Sort  (cost=165745.69..165745.69 rows=1 width=84) (actual time=0.607..0.608 rows=1 loops=1)
                     Sort Key: (st_distance(st_transform(s_1033.the_geom, 25833), '0101000020E96400002CAF0808EDDB23413A4B8571A40E5741'::geometry))
                     Sort Method: top-N heapsort  Memory: 25kB
                     ->  Seq Scan on phoml_trajectory_tmp s_1033  (cost=0.00..165745.68 rows=1 width=84) (actual time=0.011..0.539 rows=456 loops=1)
                           Filter: ((unix_time >= '1685451300.347'::double precision) AND (unix_time <= '1685451360.347'::double precision) AND st_dwithin(st_transform(the_geom, 25833), '0101000020E96400002CAF0808EDDB23413A4B8571A40E5741'::geometry, '300'::double precision))
                           Rows Removed by Filter: 3204
   ->  Subquery Scan on "*SELECT* 1035"  (cost=165745.69..165745.70 rows=1 width=76) (actual time=0.618..0.619 rows=1 loops=1)
         ->  Limit  (cost=165745.69..165745.69 rows=1 width=84) (actual time=0.616..0.617 rows=1 loops=1)
               ->  Sort  (cost=165745.69..165745.69 rows=1 width=84) (actual time=0.614..0.615 rows=1 loops=1)
                     Sort Key: (st_distance(st_transform(s_1034.the_geom, 25833), '0101000020E96400001FCA82D9EDDB23416ACF9CD0A30E5741'::geometry))
                     Sort Method: top-N heapsort  Memory: 25kB
                     ->  Seq Scan on phoml_trajectory_tmp s_1034  (cost=0.00..165745.68 rows=1 width=84) (actual time=0.011..0.536 rows=456 loops=1)
                           Filter: ((unix_time >= '1685451301.057'::double precision) AND (unix_time <= '1685451361.057'::double precision) AND st_dwithin(st_transform(the_geom, 25833), '0101000020E96400001FCA82D9EDDB23416ACF9CD0A30E5741'::geometry, '300'::double precision))
                           Rows Removed by Filter: 3204
   ->  Subquery Scan on "*SELECT* 1036"  (cost=165745.69..165745.70 rows=1 width=76) (actual time=0.625..0.626 rows=1 loops=1)
         ->  Limit  (cost=165745.69..165745.69 rows=1 width=84) (actual time=0.621..0.622 rows=1 loops=1)
               ->  Sort  (cost=165745.69..165745.69 rows=1 width=84) (actual time=0.619..0.620 rows=1 loops=1)
                     Sort Key: (st_distance(st_transform(s_1035.the_geom, 25833), '0101000020E9640000202D8EDBEDDB23412F21331EA30E5741'::geometry))
                     Sort Method: top-N heapsort  Memory: 25kB
                     ->  Seq Scan on phoml_trajectory_tmp s_1035  (cost=0.00..165745.68 rows=1 width=84) (actual time=0.014..0.542 rows=459 loops=1)
                           Filter: ((unix_time >= '1685451301.755'::double precision) AND (unix_time <= '1685451361.755'::double precision) AND st_dwithin(st_transform(the_geom, 25833), '0101000020E9640000202D8EDBEDDB23412F21331EA30E5741'::geometry, '300'::double precision))
                           Rows Removed by Filter: 3201
   ->  Subquery Scan on "*SELECT* 1037"  (cost=165745.69..165745.70 rows=1 width=76) (actual time=0.619..0.620 rows=1 loops=1)
         ->  Limit  (cost=165745.69..165745.69 rows=1 width=84) (actual time=0.616..0.616 rows=1 loops=1)
               ->  Sort  (cost=165745.69..165745.69 rows=1 width=84) (actual time=0.614..0.614 rows=1 loops=1)
                     Sort Key: (st_distance(st_transform(s_1036.the_geom, 25833), '0101000020E96400004EA0562FEDDB2341724E5377A20E5741'::geometry))
                     Sort Method: top-N heapsort  Memory: 25kB
                     ->  Seq Scan on phoml_trajectory_tmp s_1036  (cost=0.00..165745.68 rows=1 width=84) (actual time=0.014..0.542 rows=456 loops=1)
                           Filter: ((unix_time >= '1685451302.416'::double precision) AND (unix_time <= '1685451362.416'::double precision) AND st_dwithin(st_transform(the_geom, 25833), '0101000020E96400004EA0562FEDDB2341724E5377A20E5741'::geometry, '300'::double precision))
                           Rows Removed by Filter: 3204
   ->  Subquery Scan on "*SELECT* 1038"  (cost=165745.69..165745.70 rows=1 width=76) (actual time=0.618..0.619 rows=1 loops=1)
         ->  Limit  (cost=165745.69..165745.69 rows=1 width=84) (actual time=0.615..0.616 rows=1 loops=1)
               ->  Sort  (cost=165745.69..165745.69 rows=1 width=84) (actual time=0.613..0.614 rows=1 loops=1)
                     Sort Key: (st_distance(st_transform(s_1037.the_geom, 25833), '0101000020E9640000C5153D9EECDB2341C465D5C9A10E5741'::geometry))
                     Sort Method: top-N heapsort  Memory: 25kB
                     ->  Seq Scan on phoml_trajectory_tmp s_1037  (cost=0.00..165745.68 rows=1 width=84) (actual time=0.014..0.541 rows=458 loops=1)
                           Filter: ((unix_time >= '1685451303.046'::double precision) AND (unix_time <= '1685451363.046'::double precision) AND st_dwithin(st_transform(the_geom, 25833), '0101000020E9640000C5153D9EECDB2341C465D5C9A10E5741'::geometry, '300'::double precision))
                           Rows Removed by Filter: 3202
   ->  Subquery Scan on "*SELECT* 1039"  (cost=165745.69..165745.70 rows=1 width=76) (actual time=0.673..0.675 rows=1 loops=1)
         ->  Limit  (cost=165745.69..165745.69 rows=1 width=84) (actual time=0.664..0.666 rows=1 loops=1)
               ->  Sort  (cost=165745.69..165745.69 rows=1 width=84) (actual time=0.662..0.662 rows=1 loops=1)
                     Sort Key: (st_distance(st_transform(s_1038.the_geom, 25833), '0101000020E9640000E6C42FCBEBDB23419B5BEF21A10E5741'::geometry))
                     Sort Method: top-N heapsort  Memory: 25kB
                     ->  Seq Scan on phoml_trajectory_tmp s_1038  (cost=0.00..165745.68 rows=1 width=84) (actual time=0.011..0.589 rows=456 loops=1)
                           Filter: ((unix_time >= '1685451303.667'::double precision) AND (unix_time <= '1685451363.667'::double precision) AND st_dwithin(st_transform(the_geom, 25833), '0101000020E9640000E6C42FCBEBDB23419B5BEF21A10E5741'::geometry, '300'::double precision))
                           Rows Removed by Filter: 3204
   ->  Subquery Scan on "*SELECT* 1040"  (cost=165745.69..165745.70 rows=1 width=76) (actual time=0.648..0.650 rows=1 loops=1)
         ->  Limit  (cost=165745.69..165745.69 rows=1 width=84) (actual time=0.644..0.645 rows=1 loops=1)
               ->  Sort  (cost=165745.69..165745.69 rows=1 width=84) (actual time=0.642..0.642 rows=1 loops=1)
                     Sort Key: (st_distance(st_transform(s_1039.the_geom, 25833), '0101000020E964000027DD3F5BEBDB2341A5785B5EA00E5741'::geometry))
                     Sort Method: top-N heapsort  Memory: 25kB
                     ->  Seq Scan on phoml_trajectory_tmp s_1039  (cost=0.00..165745.68 rows=1 width=84) (actual time=0.025..0.570 rows=460 loops=1)
                           Filter: ((unix_time >= '1685451304.269'::double precision) AND (unix_time <= '1685451364.269'::double precision) AND st_dwithin(st_transform(the_geom, 25833), '0101000020E964000027DD3F5BEBDB2341A5785B5EA00E5741'::geometry, '300'::double precision))
                           Rows Removed by Filter: 3200
   ->  Subquery Scan on "*SELECT* 1041"  (cost=165745.69..165745.70 rows=1 width=76) (actual time=0.641..0.642 rows=1 loops=1)
         ->  Limit  (cost=165745.69..165745.69 rows=1 width=84) (actual time=0.637..0.638 rows=1 loops=1)
               ->  Sort  (cost=165745.69..165745.69 rows=1 width=84) (actual time=0.634..0.634 rows=1 loops=1)
                     Sort Key: (st_distance(st_transform(s_1040.the_geom, 25833), '0101000020E9640000E4F935E0EBDB2341388FB3829F0E5741'::geometry))
                     Sort Method: top-N heapsort  Memory: 25kB
                     ->  Seq Scan on phoml_trajectory_tmp s_1040  (cost=0.00..165745.68 rows=1 width=84) (actual time=0.015..0.562 rows=456 loops=1)
                           Filter: ((unix_time >= '1685451304.839'::double precision) AND (unix_time <= '1685451364.839'::double precision) AND st_dwithin(st_transform(the_geom, 25833), '0101000020E9640000E4F935E0EBDB2341388FB3829F0E5741'::geometry, '300'::double precision))
                           Rows Removed by Filter: 3204
   ->  Subquery Scan on "*SELECT* 1042"  (cost=165745.69..165745.70 rows=1 width=76) (actual time=0.618..0.619 rows=1 loops=1)
         ->  Limit  (cost=165745.69..165745.69 rows=1 width=84) (actual time=0.616..0.616 rows=1 loops=1)
               ->  Sort  (cost=165745.69..165745.69 rows=1 width=84) (actual time=0.611..0.612 rows=1 loops=1)
                     Sort Key: (st_distance(st_transform(s_1041.the_geom, 25833), '0101000020E9640000C0529DADECDB23418C00D2939E0E5741'::geometry))
                     Sort Method: top-N heapsort  Memory: 25kB
                     ->  Seq Scan on phoml_trajectory_tmp s_1041  (cost=0.00..165745.68 rows=1 width=84) (actual time=0.015..0.539 rows=460 loops=1)
                           Filter: ((unix_time >= '1685451305.408'::double precision) AND (unix_time <= '1685451365.408'::double precision) AND st_dwithin(st_transform(the_geom, 25833), '0101000020E9640000C0529DADECDB23418C00D2939E0E5741'::geometry, '300'::double precision))
                           Rows Removed by Filter: 3200
   ->  Subquery Scan on "*SELECT* 1043"  (cost=165745.69..165745.70 rows=1 width=76) (actual time=0.630..0.631 rows=1 loops=1)
         ->  Limit  (cost=165745.69..165745.69 rows=1 width=84) (actual time=0.626..0.627 rows=1 loops=1)
               ->  Sort  (cost=165745.69..165745.69 rows=1 width=84) (actual time=0.624..0.625 rows=1 loops=1)
                     Sort Key: (st_distance(st_transform(s_1042.the_geom, 25833), '0101000020E9640000D99E9017EEDB2341B51871879D0E5741'::geometry))
                     Sort Method: top-N heapsort  Memory: 25kB
                     ->  Seq Scan on phoml_trajectory_tmp s_1042  (cost=0.00..165745.68 rows=1 width=84) (actual time=0.014..0.552 rows=460 loops=1)
                           Filter: ((unix_time >= '1685451305.948'::double precision) AND (unix_time <= '1685451365.948'::double precision) AND st_dwithin(st_transform(the_geom, 25833), '0101000020E9640000D99E9017EEDB2341B51871879D0E5741'::geometry, '300'::double precision))
                           Rows Removed by Filter: 3200
   ->  Subquery Scan on "*SELECT* 1044"  (cost=165745.69..165745.70 rows=1 width=76) (actual time=0.626..0.627 rows=1 loops=1)
         ->  Limit  (cost=165745.69..165745.69 rows=1 width=84) (actual time=0.623..0.623 rows=1 loops=1)
               ->  Sort  (cost=165745.69..165745.69 rows=1 width=84) (actual time=0.620..0.620 rows=1 loops=1)
                     Sort Key: (st_distance(st_transform(s_1043.the_geom, 25833), '0101000020E9640000D4BE684FF0DB23410DA74A5C9C0E5741'::geometry))
                     Sort Method: top-N heapsort  Memory: 25kB
                     ->  Seq Scan on phoml_trajectory_tmp s_1043  (cost=0.00..165745.68 rows=1 width=84) (actual time=0.013..0.550 rows=458 loops=1)
                           Filter: ((unix_time >= '1685451306.489'::double precision) AND (unix_time <= '1685451366.489'::double precision) AND st_dwithin(st_transform(the_geom, 25833), '0101000020E9640000D4BE684FF0DB23410DA74A5C9C0E5741'::geometry, '300'::double precision))
                           Rows Removed by Filter: 3202
   ->  Subquery Scan on "*SELECT* 1045"  (cost=165745.69..165745.70 rows=1 width=76) (actual time=0.623..0.624 rows=1 loops=1)
         ->  Limit  (cost=165745.69..165745.69 rows=1 width=84) (actual time=0.620..0.620 rows=1 loops=1)
               ->  Sort  (cost=165745.69..165745.69 rows=1 width=84) (actual time=0.618..0.618 rows=1 loops=1)
                     Sort Key: (st_distance(st_transform(s_1044.the_geom, 25833), '0101000020E9640000293D5BC0F2DB2341A491C72B9B0E5741'::geometry))
                     Sort Method: top-N heapsort  Memory: 25kB
                     ->  Seq Scan on phoml_trajectory_tmp s_1044  (cost=0.00..165745.68 rows=1 width=84) (actual time=0.013..0.550 rows=460 loops=1)
                           Filter: ((unix_time >= '1685451307.019'::double precision) AND (unix_time <= '1685451367.019'::double precision) AND st_dwithin(st_transform(the_geom, 25833), '0101000020E9640000293D5BC0F2DB2341A491C72B9B0E5741'::geometry, '300'::double precision))
                           Rows Removed by Filter: 3200
   ->  Subquery Scan on "*SELECT* 1046"  (cost=165745.69..165745.70 rows=1 width=76) (actual time=0.621..0.623 rows=1 loops=1)
         ->  Limit  (cost=165745.69..165745.69 rows=1 width=84) (actual time=0.618..0.619 rows=1 loops=1)
               ->  Sort  (cost=165745.69..165745.69 rows=1 width=84) (actual time=0.616..0.616 rows=1 loops=1)
                     Sort Key: (st_distance(st_transform(s_1045.the_geom, 25833), '0101000020E9640000C30A9C77F4DB2341D7F6CB109A0E5741'::geometry))
                     Sort Method: top-N heapsort  Memory: 25kB
                     ->  Seq Scan on phoml_trajectory_tmp s_1045  (cost=0.00..165745.68 rows=1 width=84) (actual time=0.011..0.546 rows=460 loops=1)
                           Filter: ((unix_time >= '1685451307.522'::double precision) AND (unix_time <= '1685451367.522'::double precision) AND st_dwithin(st_transform(the_geom, 25833), '0101000020E9640000C30A9C77F4DB2341D7F6CB109A0E5741'::geometry, '300'::double precision))
                           Rows Removed by Filter: 3200
   ->  Subquery Scan on "*SELECT* 1047"  (cost=165745.69..165745.70 rows=1 width=76) (actual time=0.626..0.628 rows=1 loops=1)
         ->  Limit  (cost=165745.69..165745.69 rows=1 width=84) (actual time=0.624..0.625 rows=1 loops=1)
               ->  Sort  (cost=165745.69..165745.69 rows=1 width=84) (actual time=0.622..0.623 rows=1 loops=1)
                     Sort Key: (st_distance(st_transform(s_1046.the_geom, 25833), '0101000020E96400001BC0A880F6DB2341464F73DE980E5741'::geometry))
                     Sort Method: top-N heapsort  Memory: 25kB
                     ->  Seq Scan on phoml_trajectory_tmp s_1046  (cost=0.00..165745.68 rows=1 width=84) (actual time=0.014..0.552 rows=464 loops=1)
                           Filter: ((unix_time >= '1685451308.062'::double precision) AND (unix_time <= '1685451368.062'::double precision) AND st_dwithin(st_transform(the_geom, 25833), '0101000020E96400001BC0A880F6DB2341464F73DE980E5741'::geometry, '300'::double precision))
                           Rows Removed by Filter: 3196
   ->  Subquery Scan on "*SELECT* 1048"  (cost=165745.69..165745.70 rows=1 width=76) (actual time=0.626..0.627 rows=1 loops=1)
         ->  Limit  (cost=165745.69..165745.69 rows=1 width=84) (actual time=0.622..0.623 rows=1 loops=1)
               ->  Sort  (cost=165745.69..165745.69 rows=1 width=84) (actual time=0.620..0.620 rows=1 loops=1)
                     Sort Key: (st_distance(st_transform(s_1047.the_geom, 25833), '0101000020E96400000D0118D3F8DB2341605805A6970E5741'::geometry))
                     Sort Method: top-N heapsort  Memory: 25kB
                     ->  Seq Scan on phoml_trajectory_tmp s_1047  (cost=0.00..165745.68 rows=1 width=84) (actual time=0.014..0.552 rows=460 loops=1)
                           Filter: ((unix_time >= '1685451308.595'::double precision) AND (unix_time <= '1685451368.595'::double precision) AND st_dwithin(st_transform(the_geom, 25833), '0101000020E96400000D0118D3F8DB2341605805A6970E5741'::geometry, '300'::double precision))
                           Rows Removed by Filter: 3200
   ->  Subquery Scan on "*SELECT* 1049"  (cost=165745.69..165745.70 rows=1 width=76) (actual time=0.644..0.645 rows=1 loops=1)
         ->  Limit  (cost=165745.69..165745.69 rows=1 width=84) (actual time=0.641..0.641 rows=1 loops=1)
               ->  Sort  (cost=165745.69..165745.69 rows=1 width=84) (actual time=0.638..0.639 rows=1 loops=1)
                     Sort Key: (st_distance(st_transform(s_1048.the_geom, 25833), '0101000020E964000068489432FBDB2341FEF09471960E5741'::geometry))
                     Sort Method: top-N heapsort  Memory: 25kB
                     ->  Seq Scan on phoml_trajectory_tmp s_1048  (cost=0.00..165745.68 rows=1 width=84) (actual time=0.012..0.567 rows=464 loops=1)
                           Filter: ((unix_time >= '1685451309.137'::double precision) AND (unix_time <= '1685451369.137'::double precision) AND st_dwithin(st_transform(the_geom, 25833), '0101000020E964000068489432FBDB2341FEF09471960E5741'::geometry, '300'::double precision))
                           Rows Removed by Filter: 3196
   ->  Subquery Scan on "*SELECT* 1050"  (cost=165745.69..165745.70 rows=1 width=76) (actual time=0.617..0.618 rows=1 loops=1)
         ->  Limit  (cost=165745.69..165745.69 rows=1 width=84) (actual time=0.615..0.616 rows=1 loops=1)
               ->  Sort  (cost=165745.69..165745.69 rows=1 width=84) (actual time=0.613..0.613 rows=1 loops=1)
                     Sort Key: (st_distance(st_transform(s_1049.the_geom, 25833), '0101000020E9640000FF8CC8B2FDDB234152977530950E5741'::geometry))
                     Sort Method: top-N heapsort  Memory: 25kB
                     ->  Seq Scan on phoml_trajectory_tmp s_1049  (cost=0.00..165745.68 rows=1 width=84) (actual time=0.015..0.541 rows=464 loops=1)
                           Filter: ((unix_time >= '1685451309.667'::double precision) AND (unix_time <= '1685451369.667'::double precision) AND st_dwithin(st_transform(the_geom, 25833), '0101000020E9640000FF8CC8B2FDDB234152977530950E5741'::geometry, '300'::double precision))
                           Rows Removed by Filter: 3196
   ->  Subquery Scan on "*SELECT* 1051"  (cost=165745.69..165745.70 rows=1 width=76) (actual time=0.622..0.623 rows=1 loops=1)
         ->  Limit  (cost=165745.69..165745.69 rows=1 width=84) (actual time=0.619..0.619 rows=1 loops=1)
               ->  Sort  (cost=165745.69..165745.69 rows=1 width=84) (actual time=0.616..0.617 rows=1 loops=1)
                     Sort Key: (st_distance(st_transform(s_1050.the_geom, 25833), '0101000020E964000063F19E2000DC23414FE621FF930E5741'::geometry))
                     Sort Method: top-N heapsort  Memory: 25kB
                     ->  Seq Scan on phoml_trajectory_tmp s_1050  (cost=0.00..165745.68 rows=1 width=84) (actual time=0.012..0.548 rows=462 loops=1)
                           Filter: ((unix_time >= '1685451310.209'::double precision) AND (unix_time <= '1685451370.209'::double precision) AND st_dwithin(st_transform(the_geom, 25833), '0101000020E964000063F19E2000DC23414FE621FF930E5741'::geometry, '300'::double precision))
                           Rows Removed by Filter: 3198
   ->  Subquery Scan on "*SELECT* 1052"  (cost=165745.69..165745.70 rows=1 width=76) (actual time=0.638..0.639 rows=1 loops=1)
         ->  Limit  (cost=165745.69..165745.69 rows=1 width=84) (actual time=0.634..0.635 rows=1 loops=1)
               ->  Sort  (cost=165745.69..165745.69 rows=1 width=84) (actual time=0.632..0.633 rows=1 loops=1)
                     Sort Key: (st_distance(st_transform(s_1051.the_geom, 25833), '0101000020E9640000E1F4289202DC23417BEFA4C6920E5741'::geometry))
                     Sort Method: top-N heapsort  Memory: 25kB
                     ->  Seq Scan on phoml_trajectory_tmp s_1051  (cost=0.00..165745.68 rows=1 width=84) (actual time=0.014..0.561 rows=464 loops=1)
                           Filter: ((unix_time >= '1685451310.749'::double precision) AND (unix_time <= '1685451370.749'::double precision) AND st_dwithin(st_transform(the_geom, 25833), '0101000020E9640000E1F4289202DC23417BEFA4C6920E5741'::geometry, '300'::double precision))
                           Rows Removed by Filter: 3196
   ->  Subquery Scan on "*SELECT* 1053"  (cost=165745.69..165745.70 rows=1 width=76) (actual time=0.625..0.626 rows=1 loops=1)
         ->  Limit  (cost=165745.69..165745.69 rows=1 width=84) (actual time=0.622..0.623 rows=1 loops=1)
               ->  Sort  (cost=165745.69..165745.69 rows=1 width=84) (actual time=0.620..0.620 rows=1 loops=1)
                     Sort Key: (st_distance(st_transform(s_1052.the_geom, 25833), '0101000020E9640000CC1A9F1305DC2341D078D78C910E5741'::geometry))
                     Sort Method: top-N heapsort  Memory: 25kB
                     ->  Seq Scan on phoml_trajectory_tmp s_1052  (cost=0.00..165745.68 rows=1 width=84) (actual time=0.015..0.545 rows=464 loops=1)
                           Filter: ((unix_time >= '1685451311.304'::double precision) AND (unix_time <= '1685451371.304'::double precision) AND st_dwithin(st_transform(the_geom, 25833), '0101000020E9640000CC1A9F1305DC2341D078D78C910E5741'::geometry, '300'::double precision))
                           Rows Removed by Filter: 3196
   ->  Subquery Scan on "*SELECT* 1054"  (cost=165745.69..165745.70 rows=1 width=76) (actual time=0.624..0.626 rows=1 loops=1)
         ->  Limit  (cost=165745.69..165745.69 rows=1 width=84) (actual time=0.620..0.622 rows=1 loops=1)
               ->  Sort  (cost=165745.69..165745.69 rows=1 width=84) (actual time=0.619..0.619 rows=1 loops=1)
                     Sort Key: (st_distance(st_transform(s_1053.the_geom, 25833), '0101000020E96400007242E9A907DC23413F0C564F900E5741'::geometry))
                     Sort Method: top-N heapsort  Memory: 25kB
                     ->  Seq Scan on phoml_trajectory_tmp s_1053  (cost=0.00..165745.68 rows=1 width=84) (actual time=0.012..0.544 rows=468 loops=1)
                           Filter: ((unix_time >= '1685451311.854'::double precision) AND (unix_time <= '1685451371.854'::double precision) AND st_dwithin(st_transform(the_geom, 25833), '0101000020E96400007242E9A907DC23413F0C564F900E5741'::geometry, '300'::double precision))
                           Rows Removed by Filter: 3192
   ->  Subquery Scan on "*SELECT* 1055"  (cost=165745.69..165745.70 rows=1 width=76) (actual time=0.624..0.625 rows=1 loops=1)
         ->  Limit  (cost=165745.69..165745.69 rows=1 width=84) (actual time=0.620..0.621 rows=1 loops=1)
               ->  Sort  (cost=165745.69..165745.69 rows=1 width=84) (actual time=0.618..0.618 rows=1 loops=1)
                     Sort Key: (st_distance(st_transform(s_1054.the_geom, 25833), '0101000020E96400001508E6AE0ADC2341477BAB088F0E5741'::geometry))
                     Sort Method: top-N heapsort  Memory: 25kB
                     ->  Seq Scan on phoml_trajectory_tmp s_1054  (cost=0.00..165745.68 rows=1 width=84) (actual time=0.012..0.537 rows=464 loops=1)
                           Filter: ((unix_time >= '1685451312.426'::double precision) AND (unix_time <= '1685451372.426'::double precision) AND st_dwithin(st_transform(the_geom, 25833), '0101000020E96400001508E6AE0ADC2341477BAB088F0E5741'::geometry, '300'::double precision))
                           Rows Removed by Filter: 3196
   ->  Subquery Scan on "*SELECT* 1056"  (cost=165745.69..165745.70 rows=1 width=76) (actual time=0.622..0.623 rows=1 loops=1)
         ->  Limit  (cost=165745.69..165745.69 rows=1 width=84) (actual time=0.619..0.620 rows=1 loops=1)
               ->  Sort  (cost=165745.69..165745.69 rows=1 width=84) (actual time=0.617..0.617 rows=1 loops=1)
                     Sort Key: (st_distance(st_transform(s_1055.the_geom, 25833), '0101000020E964000008D877A50DDC2341E07391CF8D0E5741'::geometry))
                     Sort Method: top-N heapsort  Memory: 25kB
                     ->  Seq Scan on phoml_trajectory_tmp s_1055  (cost=0.00..165745.68 rows=1 width=84) (actual time=0.015..0.546 rows=464 loops=1)
                           Filter: ((unix_time >= '1685451312.996'::double precision) AND (unix_time <= '1685451372.996'::double precision) AND st_dwithin(st_transform(the_geom, 25833), '0101000020E964000008D877A50DDC2341E07391CF8D0E5741'::geometry, '300'::double precision))
                           Rows Removed by Filter: 3196
   ->  Subquery Scan on "*SELECT* 1057"  (cost=165745.69..165745.70 rows=1 width=76) (actual time=0.633..0.634 rows=1 loops=1)
         ->  Limit  (cost=165745.69..165745.69 rows=1 width=84) (actual time=0.629..0.630 rows=1 loops=1)
               ->  Sort  (cost=165745.69..165745.69 rows=1 width=84) (actual time=0.628..0.628 rows=1 loops=1)
                     Sort Key: (st_distance(st_transform(s_1056.the_geom, 25833), '0101000020E964000027D177D00FDC234175C55DA38C0E5741'::geometry))
                     Sort Method: top-N heapsort  Memory: 25kB
                     ->  Seq Scan on phoml_trajectory_tmp s_1056  (cost=0.00..165745.68 rows=1 width=84) (actual time=0.013..0.555 rows=466 loops=1)
                           Filter: ((unix_time >= '1685451313.581'::double precision) AND (unix_time <= '1685451373.581'::double precision) AND st_dwithin(st_transform(the_geom, 25833), '0101000020E964000027D177D00FDC234175C55DA38C0E5741'::geometry, '300'::double precision))
                           Rows Removed by Filter: 3194
   ->  Subquery Scan on "*SELECT* 1058"  (cost=165745.69..165745.70 rows=1 width=76) (actual time=0.653..0.654 rows=1 loops=1)
         ->  Limit  (cost=165745.69..165745.69 rows=1 width=84) (actual time=0.649..0.650 rows=1 loops=1)
               ->  Sort  (cost=165745.69..165745.69 rows=1 width=84) (actual time=0.647..0.647 rows=1 loops=1)
                     Sort Key: (st_distance(st_transform(s_1057.the_geom, 25833), '0101000020E9640000C517841210DC2341D66184B38B0E5741'::geometry))
                     Sort Method: top-N heapsort  Memory: 25kB
                     ->  Seq Scan on phoml_trajectory_tmp s_1057  (cost=0.00..165745.68 rows=1 width=84) (actual time=0.012..0.576 rows=464 loops=1)
                           Filter: ((unix_time >= '1685451314.184'::double precision) AND (unix_time <= '1685451374.184'::double precision) AND st_dwithin(st_transform(the_geom, 25833), '0101000020E9640000C517841210DC2341D66184B38B0E5741'::geometry, '300'::double precision))
                           Rows Removed by Filter: 3196
   ->  Subquery Scan on "*SELECT* 1059"  (cost=165745.69..165745.70 rows=1 width=76) (actual time=0.628..0.629 rows=1 loops=1)
         ->  Limit  (cost=165745.69..165745.69 rows=1 width=84) (actual time=0.624..0.625 rows=1 loops=1)
               ->  Sort  (cost=165745.69..165745.69 rows=1 width=84) (actual time=0.622..0.622 rows=1 loops=1)
                     Sort Key: (st_distance(st_transform(s_1058.the_geom, 25833), '0101000020E96400008B50FC7E0FDC234111622CD58A0E5741'::geometry))
                     Sort Method: top-N heapsort  Memory: 25kB
                     ->  Seq Scan on phoml_trajectory_tmp s_1058  (cost=0.00..165745.68 rows=1 width=84) (actual time=0.013..0.552 rows=464 loops=1)
                           Filter: ((unix_time >= '1685451314.784'::double precision) AND (unix_time <= '1685451374.784'::double precision) AND st_dwithin(st_transform(the_geom, 25833), '0101000020E96400008B50FC7E0FDC234111622CD58A0E5741'::geometry, '300'::double precision))
                           Rows Removed by Filter: 3196
   ->  Subquery Scan on "*SELECT* 1060"  (cost=165745.69..165745.70 rows=1 width=76) (actual time=0.618..0.619 rows=1 loops=1)
         ->  Limit  (cost=165745.69..165745.69 rows=1 width=84) (actual time=0.616..0.617 rows=1 loops=1)
               ->  Sort  (cost=165745.69..165745.69 rows=1 width=84) (actual time=0.614..0.614 rows=1 loops=1)
                     Sort Key: (st_distance(st_transform(s_1059.the_geom, 25833), '0101000020E9640000F34342160FDC234100221DDC890E5741'::geometry))
                     Sort Method: top-N heapsort  Memory: 25kB
                     ->  Seq Scan on phoml_trajectory_tmp s_1059  (cost=0.00..165745.68 rows=1 width=84) (actual time=0.015..0.543 rows=464 loops=1)
                           Filter: ((unix_time >= '1685451315.387'::double precision) AND (unix_time <= '1685451375.387'::double precision) AND st_dwithin(st_transform(the_geom, 25833), '0101000020E9640000F34342160FDC234100221DDC890E5741'::geometry, '300'::double precision))
                           Rows Removed by Filter: 3196
   ->  Subquery Scan on "*SELECT* 1061"  (cost=165745.69..165745.70 rows=1 width=76) (actual time=0.628..0.630 rows=1 loops=1)
         ->  Limit  (cost=165745.69..165745.69 rows=1 width=84) (actual time=0.625..0.626 rows=1 loops=1)
               ->  Sort  (cost=165745.69..165745.69 rows=1 width=84) (actual time=0.623..0.623 rows=1 loops=1)
                     Sort Key: (st_distance(st_transform(s_1060.the_geom, 25833), '0101000020E964000087853A370FDC23410CE91DCB880E5741'::geometry))
                     Sort Method: top-N heapsort  Memory: 25kB
                     ->  Seq Scan on phoml_trajectory_tmp s_1060  (cost=0.00..165745.68 rows=1 width=84) (actual time=0.012..0.552 rows=464 loops=1)
                           Filter: ((unix_time >= '1685451315.977'::double precision) AND (unix_time <= '1685451375.977'::double precision) AND st_dwithin(st_transform(the_geom, 25833), '0101000020E964000087853A370FDC23410CE91DCB880E5741'::geometry, '300'::double precision))
                           Rows Removed by Filter: 3196
   ->  Subquery Scan on "*SELECT* 1062"  (cost=165745.69..165745.70 rows=1 width=76) (actual time=0.625..0.627 rows=1 loops=1)
         ->  Limit  (cost=165745.69..165745.69 rows=1 width=84) (actual time=0.622..0.622 rows=1 loops=1)
               ->  Sort  (cost=165745.69..165745.69 rows=1 width=84) (actual time=0.619..0.620 rows=1 loops=1)
                     Sort Key: (st_distance(st_transform(s_1061.the_geom, 25833), '0101000020E96400005BB7405E0FDC23417001DDAA870E5741'::geometry))
                     Sort Method: top-N heapsort  Memory: 25kB
                     ->  Seq Scan on phoml_trajectory_tmp s_1061  (cost=0.00..165745.68 rows=1 width=84) (actual time=0.013..0.549 rows=460 loops=1)
                           Filter: ((unix_time >= '1685451316.572'::double precision) AND (unix_time <= '1685451376.572'::double precision) AND st_dwithin(st_transform(the_geom, 25833), '0101000020E96400005BB7405E0FDC23417001DDAA870E5741'::geometry, '300'::double precision))
                           Rows Removed by Filter: 3200
   ->  Subquery Scan on "*SELECT* 1063"  (cost=165745.69..165745.70 rows=1 width=76) (actual time=0.615..0.617 rows=1 loops=1)
         ->  Limit  (cost=165745.69..165745.69 rows=1 width=84) (actual time=0.613..0.614 rows=1 loops=1)
               ->  Sort  (cost=165745.69..165745.69 rows=1 width=84) (actual time=0.611..0.612 rows=1 loops=1)
                     Sort Key: (st_distance(st_transform(s_1062.the_geom, 25833), '0101000020E96400000FE7F6410FDC23411C568B89860E5741'::geometry))
                     Sort Method: top-N heapsort  Memory: 25kB
                     ->  Seq Scan on phoml_trajectory_tmp s_1062  (cost=0.00..165745.68 rows=1 width=84) (actual time=0.015..0.539 rows=460 loops=1)
                           Filter: ((unix_time >= '1685451317.167'::double precision) AND (unix_time <= '1685451377.167'::double precision) AND st_dwithin(st_transform(the_geom, 25833), '0101000020E96400000FE7F6410FDC23411C568B89860E5741'::geometry, '300'::double precision))
                           Rows Removed by Filter: 3200
   ->  Subquery Scan on "*SELECT* 1064"  (cost=165745.69..165745.70 rows=1 width=76) (actual time=0.627..0.628 rows=1 loops=1)
         ->  Limit  (cost=165745.69..165745.69 rows=1 width=84) (actual time=0.623..0.624 rows=1 loops=1)
               ->  Sort  (cost=165745.69..165745.69 rows=1 width=84) (actual time=0.621..0.622 rows=1 loops=1)
                     Sort Key: (st_distance(st_transform(s_1063.the_geom, 25833), '0101000020E964000063AC07C40EDC2341C2D46877850E5741'::geometry))
                     Sort Method: top-N heapsort  Memory: 25kB
                     ->  Seq Scan on phoml_trajectory_tmp s_1063  (cost=0.00..165745.68 rows=1 width=84) (actual time=0.013..0.551 rows=464 loops=1)
                           Filter: ((unix_time >= '1685451317.747'::double precision) AND (unix_time <= '1685451377.747'::double precision) AND st_dwithin(st_transform(the_geom, 25833), '0101000020E964000063AC07C40EDC2341C2D46877850E5741'::geometry, '300'::double precision))
                           Rows Removed by Filter: 3196
   ->  Subquery Scan on "*SELECT* 1065"  (cost=165745.69..165745.70 rows=1 width=76) (actual time=0.613..0.615 rows=1 loops=1)
         ->  Limit  (cost=165745.69..165745.69 rows=1 width=84) (actual time=0.611..0.612 rows=1 loops=1)
               ->  Sort  (cost=165745.69..165745.69 rows=1 width=84) (actual time=0.608..0.609 rows=1 loops=1)
                     Sort Key: (st_distance(st_transform(s_1064.the_geom, 25833), '0101000020E9640000373DA4250DDC23410D833E8C840E5741'::geometry))
                     Sort Method: top-N heapsort  Memory: 25kB
                     ->  Seq Scan on phoml_trajectory_tmp s_1064  (cost=0.00..165745.68 rows=1 width=84) (actual time=0.012..0.540 rows=458 loops=1)
                           Filter: ((unix_time >= '1685451318.344'::double precision) AND (unix_time <= '1685451378.344'::double precision) AND st_dwithin(st_transform(the_geom, 25833), '0101000020E9640000373DA4250DDC23410D833E8C840E5741'::geometry, '300'::double precision))
                           Rows Removed by Filter: 3202
   ->  Subquery Scan on "*SELECT* 1066"  (cost=165745.69..165745.70 rows=1 width=76) (actual time=0.636..0.650 rows=1 loops=1)
         ->  Limit  (cost=165745.69..165745.69 rows=1 width=84) (actual time=0.633..0.634 rows=1 loops=1)
               ->  Sort  (cost=165745.69..165745.69 rows=1 width=84) (actual time=0.632..0.632 rows=1 loops=1)
                     Sort Key: (st_distance(st_transform(s_1065.the_geom, 25833), '0101000020E96400005895DC710BDC2341BF4BD893830E5741'::geometry))
                     Sort Method: top-N heapsort  Memory: 25kB
                     ->  Seq Scan on phoml_trajectory_tmp s_1065  (cost=0.00..165745.68 rows=1 width=84) (actual time=0.021..0.555 rows=460 loops=1)
                           Filter: ((unix_time >= '1685451318.914'::double precision) AND (unix_time <= '1685451378.914'::double precision) AND st_dwithin(st_transform(the_geom, 25833), '0101000020E96400005895DC710BDC2341BF4BD893830E5741'::geometry, '300'::double precision))
                           Rows Removed by Filter: 3200
   ->  Subquery Scan on "*SELECT* 1067"  (cost=165745.69..165745.70 rows=1 width=76) (actual time=0.652..0.654 rows=1 loops=1)
         ->  Limit  (cost=165745.69..165745.69 rows=1 width=84) (actual time=0.643..0.645 rows=1 loops=1)
               ->  Sort  (cost=165745.69..165745.69 rows=1 width=84) (actual time=0.640..0.641 rows=1 loops=1)
                     Sort Key: (st_distance(st_transform(s_1066.the_geom, 25833), '0101000020E9640000A4B17A170ADC23412025BC84820E5741'::geometry))
                     Sort Method: top-N heapsort  Memory: 25kB
                     ->  Seq Scan on phoml_trajectory_tmp s_1066  (cost=0.00..165745.68 rows=1 width=84) (actual time=0.013..0.569 rows=464 loops=1)
                           Filter: ((unix_time >= '1685451319.472'::double precision) AND (unix_time <= '1685451379.472'::double precision) AND st_dwithin(st_transform(the_geom, 25833), '0101000020E9640000A4B17A170ADC23412025BC84820E5741'::geometry, '300'::double precision))
                           Rows Removed by Filter: 3196
   ->  Subquery Scan on "*SELECT* 1068"  (cost=165745.69..165745.70 rows=1 width=76) (actual time=0.669..0.670 rows=1 loops=1)
         ->  Limit  (cost=165745.69..165745.69 rows=1 width=84) (actual time=0.660..0.661 rows=1 loops=1)
               ->  Sort  (cost=165745.69..165745.69 rows=1 width=84) (actual time=0.655..0.656 rows=1 loops=1)
                     Sort Key: (st_distance(st_transform(s_1067.the_geom, 25833), '0101000020E964000064F8C52808DC234118613388810E5741'::geometry))
                     Sort Method: top-N heapsort  Memory: 25kB
                     ->  Seq Scan on phoml_trajectory_tmp s_1067  (cost=0.00..165745.68 rows=1 width=84) (actual time=0.034..0.577 rows=464 loops=1)
                           Filter: ((unix_time >= '1685451320.012'::double precision) AND (unix_time <= '1685451380.012'::double precision) AND st_dwithin(st_transform(the_geom, 25833), '0101000020E964000064F8C52808DC234118613388810E5741'::geometry, '300'::double precision))
                           Rows Removed by Filter: 3196
   ->  Subquery Scan on "*SELECT* 1069"  (cost=165745.69..165745.70 rows=1 width=76) (actual time=0.653..0.655 rows=1 loops=1)
         ->  Limit  (cost=165745.69..165745.69 rows=1 width=84) (actual time=0.650..0.651 rows=1 loops=1)
               ->  Sort  (cost=165745.69..165745.69 rows=1 width=84) (actual time=0.643..0.644 rows=1 loops=1)
                     Sort Key: (st_distance(st_transform(s_1068.the_geom, 25833), '0101000020E9640000A3C982F505DC2341AC234C92800E5741'::geometry))
                     Sort Method: top-N heapsort  Memory: 25kB
                     ->  Seq Scan on phoml_trajectory_tmp s_1068  (cost=0.00..165745.68 rows=1 width=84) (actual time=0.017..0.571 rows=464 loops=1)
                           Filter: ((unix_time >= '1685451320.535'::double precision) AND (unix_time <= '1685451380.535'::double precision) AND st_dwithin(st_transform(the_geom, 25833), '0101000020E9640000A3C982F505DC2341AC234C92800E5741'::geometry, '300'::double precision))
                           Rows Removed by Filter: 3196
   ->  Subquery Scan on "*SELECT* 1070"  (cost=165745.69..165745.70 rows=1 width=76) (actual time=0.655..0.657 rows=1 loops=1)
         ->  Limit  (cost=165745.69..165745.69 rows=1 width=84) (actual time=0.650..0.651 rows=1 loops=1)
               ->  Sort  (cost=165745.69..165745.69 rows=1 width=84) (actual time=0.648..0.648 rows=1 loops=1)
                     Sort Key: (st_distance(st_transform(s_1069.the_geom, 25833), '0101000020E9640000DEFA2CF003DC234119D542747F0E5741'::geometry))
                     Sort Method: top-N heapsort  Memory: 25kB
                     ->  Seq Scan on phoml_trajectory_tmp s_1069  (cost=0.00..165745.68 rows=1 width=84) (actual time=0.017..0.573 rows=464 loops=1)
                           Filter: ((unix_time >= '1685451321.045'::double precision) AND (unix_time <= '1685451381.045'::double precision) AND st_dwithin(st_transform(the_geom, 25833), '0101000020E9640000DEFA2CF003DC234119D542747F0E5741'::geometry, '300'::double precision))
                           Rows Removed by Filter: 3196
   ->  Subquery Scan on "*SELECT* 1071"  (cost=165745.69..165745.70 rows=1 width=76) (actual time=0.637..0.638 rows=1 loops=1)
         ->  Limit  (cost=165745.69..165745.69 rows=1 width=84) (actual time=0.633..0.634 rows=1 loops=1)
               ->  Sort  (cost=165745.69..165745.69 rows=1 width=84) (actual time=0.630..0.631 rows=1 loops=1)
                     Sort Key: (st_distance(st_transform(s_1070.the_geom, 25833), '0101000020E96400009817A04B02DC2341C771EC3B7E0E5741'::geometry))
                     Sort Method: top-N heapsort  Memory: 25kB
                     ->  Seq Scan on phoml_trajectory_tmp s_1070  (cost=0.00..165745.68 rows=1 width=84) (actual time=0.015..0.561 rows=468 loops=1)
                           Filter: ((unix_time >= '1685451321.55'::double precision) AND (unix_time <= '1685451381.55'::double precision) AND st_dwithin(st_transform(the_geom, 25833), '0101000020E96400009817A04B02DC2341C771EC3B7E0E5741'::geometry, '300'::double precision))
                           Rows Removed by Filter: 3192
   ->  Subquery Scan on "*SELECT* 1072"  (cost=165745.69..165745.70 rows=1 width=76) (actual time=0.637..0.638 rows=1 loops=1)
         ->  Limit  (cost=165745.69..165745.69 rows=1 width=84) (actual time=0.634..0.635 rows=1 loops=1)
               ->  Sort  (cost=165745.69..165745.69 rows=1 width=84) (actual time=0.630..0.631 rows=1 loops=1)
                     Sort Key: (st_distance(st_transform(s_1071.the_geom, 25833), '0101000020E9640000216C2A8A00DC2341DD8776047D0E5741'::geometry))
                     Sort Method: top-N heapsort  Memory: 25kB
                     ->  Seq Scan on phoml_trajectory_tmp s_1071  (cost=0.00..165745.68 rows=1 width=84) (actual time=0.020..0.559 rows=469 loops=1)
                           Filter: ((unix_time >= '1685451322.05'::double precision) AND (unix_time <= '1685451382.05'::double precision) AND st_dwithin(st_transform(the_geom, 25833), '0101000020E9640000216C2A8A00DC2341DD8776047D0E5741'::geometry, '300'::double precision))
                           Rows Removed by Filter: 3191
   ->  Subquery Scan on "*SELECT* 1073"  (cost=165745.69..165745.70 rows=1 width=76) (actual time=0.642..0.643 rows=1 loops=1)
         ->  Limit  (cost=165745.69..165745.69 rows=1 width=84) (actual time=0.638..0.639 rows=1 loops=1)
               ->  Sort  (cost=165745.69..165745.69 rows=1 width=84) (actual time=0.636..0.636 rows=1 loops=1)
                     Sort Key: (st_distance(st_transform(s_1072.the_geom, 25833), '0101000020E964000049D31DB7FEDB2341CD3745D27B0E5741'::geometry))
                     Sort Method: top-N heapsort  Memory: 25kB
                     ->  Seq Scan on phoml_trajectory_tmp s_1072  (cost=0.00..165745.68 rows=1 width=84) (actual time=0.014..0.565 rows=472 loops=1)
                           Filter: ((unix_time >= '1685451322.534'::double precision) AND (unix_time <= '1685451382.534'::double precision) AND st_dwithin(st_transform(the_geom, 25833), '0101000020E964000049D31DB7FEDB2341CD3745D27B0E5741'::geometry, '300'::double precision))
                           Rows Removed by Filter: 3188
   ->  Subquery Scan on "*SELECT* 1074"  (cost=165745.69..165745.70 rows=1 width=76) (actual time=0.665..0.667 rows=1 loops=1)
         ->  Limit  (cost=165745.69..165745.69 rows=1 width=84) (actual time=0.661..0.662 rows=1 loops=1)
               ->  Sort  (cost=165745.69..165745.69 rows=1 width=84) (actual time=0.659..0.659 rows=1 loops=1)
                     Sort Key: (st_distance(st_transform(s_1073.the_geom, 25833), '0101000020E96400004C2293D8FCDB2341AB3DFBA47A0E5741'::geometry))
                     Sort Method: top-N heapsort  Memory: 25kB
                     ->  Seq Scan on phoml_trajectory_tmp s_1073  (cost=0.00..165745.68 rows=1 width=84) (actual time=0.013..0.585 rows=472 loops=1)
                           Filter: ((unix_time >= '1685451323.014'::double precision) AND (unix_time <= '1685451383.014'::double precision) AND st_dwithin(st_transform(the_geom, 25833), '0101000020E96400004C2293D8FCDB2341AB3DFBA47A0E5741'::geometry, '300'::double precision))
                           Rows Removed by Filter: 3188
   ->  Subquery Scan on "*SELECT* 1075"  (cost=165745.69..165745.70 rows=1 width=76) (actual time=0.630..0.631 rows=1 loops=1)
         ->  Limit  (cost=165745.69..165745.69 rows=1 width=84) (actual time=0.627..0.628 rows=1 loops=1)
               ->  Sort  (cost=165745.69..165745.69 rows=1 width=84) (actual time=0.624..0.624 rows=1 loops=1)
                     Sort Key: (st_distance(st_transform(s_1074.the_geom, 25833), '0101000020E9640000D4AE87D9FADB2341BB09CA6B790E5741'::geometry))
                     Sort Method: top-N heapsort  Memory: 25kB
                     ->  Seq Scan on phoml_trajectory_tmp s_1074  (cost=0.00..165745.68 rows=1 width=84) (actual time=0.013..0.545 rows=476 loops=1)
                           Filter: ((unix_time >= '1685451323.498'::double precision) AND (unix_time <= '1685451383.498'::double precision) AND st_dwithin(st_transform(the_geom, 25833), '0101000020E9640000D4AE87D9FADB2341BB09CA6B790E5741'::geometry, '300'::double precision))
                           Rows Removed by Filter: 3184
   ->  Subquery Scan on "*SELECT* 1076"  (cost=165745.69..165745.70 rows=1 width=76) (actual time=0.624..0.626 rows=1 loops=1)
         ->  Limit  (cost=165745.69..165745.69 rows=1 width=84) (actual time=0.622..0.623 rows=1 loops=1)
               ->  Sort  (cost=165745.69..165745.69 rows=1 width=84) (actual time=0.620..0.620 rows=1 loops=1)
                     Sort Key: (st_distance(st_transform(s_1075.the_geom, 25833), '0101000020E96400005847AEFEF8DB2341C3B98D42780E5741'::geometry))
                     Sort Method: top-N heapsort  Memory: 25kB
                     ->  Seq Scan on phoml_trajectory_tmp s_1075  (cost=0.00..165745.68 rows=1 width=84) (actual time=0.016..0.544 rows=476 loops=1)
                           Filter: ((unix_time >= '1685451323.978'::double precision) AND (unix_time <= '1685451383.978'::double precision) AND st_dwithin(st_transform(the_geom, 25833), '0101000020E96400005847AEFEF8DB2341C3B98D42780E5741'::geometry, '300'::double precision))
                           Rows Removed by Filter: 3184
   ->  Subquery Scan on "*SELECT* 1077"  (cost=165745.69..165745.70 rows=1 width=76) (actual time=0.642..0.643 rows=1 loops=1)
         ->  Limit  (cost=165745.69..165745.69 rows=1 width=84) (actual time=0.638..0.639 rows=1 loops=1)
               ->  Sort  (cost=165745.69..165745.69 rows=1 width=84) (actual time=0.636..0.637 rows=1 loops=1)
                     Sort Key: (st_distance(st_transform(s_1076.the_geom, 25833), '0101000020E9640000ADF66C13F7DB23416AF82A0F770E5741'::geometry))
                     Sort Method: top-N heapsort  Memory: 25kB
                     ->  Seq Scan on phoml_trajectory_tmp s_1076  (cost=0.00..165745.68 rows=1 width=84) (actual time=0.013..0.563 rows=480 loops=1)
                           Filter: ((unix_time >= '1685451324.445'::double precision) AND (unix_time <= '1685451384.445'::double precision) AND st_dwithin(st_transform(the_geom, 25833), '0101000020E9640000ADF66C13F7DB23416AF82A0F770E5741'::geometry, '300'::double precision))
                           Rows Removed by Filter: 3180
   ->  Subquery Scan on "*SELECT* 1078"  (cost=165745.69..165745.70 rows=1 width=76) (actual time=0.644..0.646 rows=1 loops=1)
         ->  Limit  (cost=165745.69..165745.69 rows=1 width=84) (actual time=0.640..0.641 rows=1 loops=1)
               ->  Sort  (cost=165745.69..165745.69 rows=1 width=84) (actual time=0.639..0.639 rows=1 loops=1)
                     Sort Key: (st_distance(st_transform(s_1077.the_geom, 25833), '0101000020E96400008D77F2DDF4DB234109652CDB750E5741'::geometry))
                     Sort Method: top-N heapsort  Memory: 25kB
                     ->  Seq Scan on phoml_trajectory_tmp s_1077  (cost=0.00..165745.68 rows=1 width=84) (actual time=0.013..0.567 rows=480 loops=1)
                           Filter: ((unix_time >= '1685451324.945'::double precision) AND (unix_time <= '1685451384.945'::double precision) AND st_dwithin(st_transform(the_geom, 25833), '0101000020E96400008D77F2DDF4DB234109652CDB750E5741'::geometry, '300'::double precision))
                           Rows Removed by Filter: 3180
   ->  Subquery Scan on "*SELECT* 1079"  (cost=165745.69..165745.70 rows=1 width=76) (actual time=0.638..0.639 rows=1 loops=1)
         ->  Limit  (cost=165745.69..165745.69 rows=1 width=84) (actual time=0.636..0.637 rows=1 loops=1)
               ->  Sort  (cost=165745.69..165745.69 rows=1 width=84) (actual time=0.633..0.634 rows=1 loops=1)
                     Sort Key: (st_distance(st_transform(s_1078.the_geom, 25833), '0101000020E96400003B2413E0F2DB23411247B6A9740E5741'::geometry))
                     Sort Method: top-N heapsort  Memory: 25kB
                     ->  Seq Scan on phoml_trajectory_tmp s_1078  (cost=0.00..165745.68 rows=1 width=84) (actual time=0.012..0.558 rows=480 loops=1)
                           Filter: ((unix_time >= '1685451325.42'::double precision) AND (unix_time <= '1685451385.42'::double precision) AND st_dwithin(st_transform(the_geom, 25833), '0101000020E96400003B2413E0F2DB23411247B6A9740E5741'::geometry, '300'::double precision))
                           Rows Removed by Filter: 3180
   ->  Subquery Scan on "*SELECT* 1080"  (cost=165745.69..165745.70 rows=1 width=76) (actual time=0.660..0.661 rows=1 loops=1)
         ->  Limit  (cost=165745.69..165745.69 rows=1 width=84) (actual time=0.657..0.658 rows=1 loops=1)
               ->  Sort  (cost=165745.69..165745.69 rows=1 width=84) (actual time=0.655..0.655 rows=1 loops=1)
                     Sort Key: (st_distance(st_transform(s_1079.the_geom, 25833), '0101000020E9640000D1EB01ABF0DB23416CF72380730E5741'::geometry))
                     Sort Method: top-N heapsort  Memory: 25kB
                     ->  Seq Scan on phoml_trajectory_tmp s_1079  (cost=0.00..165745.68 rows=1 width=84) (actual time=0.019..0.581 rows=484 loops=1)
                           Filter: ((unix_time >= '1685451325.9'::double precision) AND (unix_time <= '1685451385.9'::double precision) AND st_dwithin(st_transform(the_geom, 25833), '0101000020E9640000D1EB01ABF0DB23416CF72380730E5741'::geometry, '300'::double precision))
                           Rows Removed by Filter: 3176
   ->  Subquery Scan on "*SELECT* 1081"  (cost=165745.69..165745.70 rows=1 width=76) (actual time=0.661..0.662 rows=1 loops=1)
         ->  Limit  (cost=165745.69..165745.69 rows=1 width=84) (actual time=0.657..0.658 rows=1 loops=1)
               ->  Sort  (cost=165745.69..165745.69 rows=1 width=84) (actual time=0.655..0.655 rows=1 loops=1)
                     Sort Key: (st_distance(st_transform(s_1080.the_geom, 25833), '0101000020E9640000B5B80E2CEEDB2341C63A886C720E5741'::geometry))
                     Sort Method: top-N heapsort  Memory: 25kB
                     ->  Seq Scan on phoml_trajectory_tmp s_1080  (cost=0.00..165745.68 rows=1 width=84) (actual time=0.013..0.580 rows=488 loops=1)
                           Filter: ((unix_time >= '1685451326.372'::double precision) AND (unix_time <= '1685451386.372'::double precision) AND st_dwithin(st_transform(the_geom, 25833), '0101000020E9640000B5B80E2CEEDB2341C63A886C720E5741'::geometry, '300'::double precision))
                           Rows Removed by Filter: 3172
   ->  Subquery Scan on "*SELECT* 1082"  (cost=165745.69..165745.70 rows=1 width=76) (actual time=0.649..0.650 rows=1 loops=1)
         ->  Limit  (cost=165745.69..165745.69 rows=1 width=84) (actual time=0.647..0.648 rows=1 loops=1)
               ->  Sort  (cost=165745.69..165745.69 rows=1 width=84) (actual time=0.645..0.645 rows=1 loops=1)
                     Sort Key: (st_distance(st_transform(s_1081.the_geom, 25833), '0101000020E9640000127D1A58EBDB2341C92A536E710E5741'::geometry))
                     Sort Method: top-N heapsort  Memory: 25kB
                     ->  Seq Scan on phoml_trajectory_tmp s_1081  (cost=0.00..165745.68 rows=1 width=84) (actual time=0.013..0.563 rows=484 loops=1)
                           Filter: ((unix_time >= '1685451326.842'::double precision) AND (unix_time <= '1685451386.842'::double precision) AND st_dwithin(st_transform(the_geom, 25833), '0101000020E9640000127D1A58EBDB2341C92A536E710E5741'::geometry, '300'::double precision))
                           Rows Removed by Filter: 3176
   ->  Subquery Scan on "*SELECT* 1083"  (cost=165745.69..165745.70 rows=1 width=76) (actual time=0.656..0.657 rows=1 loops=1)
         ->  Limit  (cost=165745.69..165745.69 rows=1 width=84) (actual time=0.652..0.653 rows=1 loops=1)
               ->  Sort  (cost=165745.69..165745.69 rows=1 width=84) (actual time=0.650..0.651 rows=1 loops=1)
                     Sort Key: (st_distance(st_transform(s_1082.the_geom, 25833), '0101000020E96400006489EF33E8DB2341710C2869700E5741'::geometry))
                     Sort Method: top-N heapsort  Memory: 25kB
                     ->  Seq Scan on phoml_trajectory_tmp s_1082  (cost=0.00..165745.68 rows=1 width=84) (actual time=0.014..0.578 rows=486 loops=1)
                           Filter: ((unix_time >= '1685451327.319'::double precision) AND (unix_time <= '1685451387.319'::double precision) AND st_dwithin(st_transform(the_geom, 25833), '0101000020E96400006489EF33E8DB2341710C2869700E5741'::geometry, '300'::double precision))
                           Rows Removed by Filter: 3174
   ->  Subquery Scan on "*SELECT* 1084"  (cost=165745.69..165745.70 rows=1 width=76) (actual time=0.657..0.658 rows=1 loops=1)
         ->  Limit  (cost=165745.69..165745.69 rows=1 width=84) (actual time=0.653..0.654 rows=1 loops=1)
               ->  Sort  (cost=165745.69..165745.69 rows=1 width=84) (actual time=0.651..0.652 rows=1 loops=1)
                     Sort Key: (st_distance(st_transform(s_1083.the_geom, 25833), '0101000020E96400006AABE20BE5DB2341DDC200666F0E5741'::geometry))
                     Sort Method: top-N heapsort  Memory: 25kB
                     ->  Seq Scan on phoml_trajectory_tmp s_1083  (cost=0.00..165745.68 rows=1 width=84) (actual time=0.015..0.577 rows=488 loops=1)
                           Filter: ((unix_time >= '1685451327.779'::double precision) AND (unix_time <= '1685451387.779'::double precision) AND st_dwithin(st_transform(the_geom, 25833), '0101000020E96400006AABE20BE5DB2341DDC200666F0E5741'::geometry, '300'::double precision))
                           Rows Removed by Filter: 3172
   ->  Subquery Scan on "*SELECT* 1085"  (cost=165745.69..165745.70 rows=1 width=76) (actual time=0.640..0.641 rows=1 loops=1)
         ->  Limit  (cost=165745.69..165745.69 rows=1 width=84) (actual time=0.638..0.639 rows=1 loops=1)
               ->  Sort  (cost=165745.69..165745.69 rows=1 width=84) (actual time=0.636..0.637 rows=1 loops=1)
                     Sort Key: (st_distance(st_transform(s_1084.the_geom, 25833), '0101000020E96400009D448DE0E1DB234166594D566E0E5741'::geometry))
                     Sort Method: top-N heapsort  Memory: 25kB
                     ->  Seq Scan on phoml_trajectory_tmp s_1084  (cost=0.00..165745.68 rows=1 width=84) (actual time=0.013..0.563 rows=488 loops=1)
                           Filter: ((unix_time >= '1685451328.235'::double precision) AND (unix_time <= '1685451388.235'::double precision) AND st_dwithin(st_transform(the_geom, 25833), '0101000020E96400009D448DE0E1DB234166594D566E0E5741'::geometry, '300'::double precision))
                           Rows Removed by Filter: 3172
   ->  Subquery Scan on "*SELECT* 1086"  (cost=165745.69..165745.70 rows=1 width=76) (actual time=0.677..0.678 rows=1 loops=1)
         ->  Limit  (cost=165745.69..165745.69 rows=1 width=84) (actual time=0.672..0.673 rows=1 loops=1)
               ->  Sort  (cost=165745.69..165745.69 rows=1 width=84) (actual time=0.670..0.670 rows=1 loops=1)
                     Sort Key: (st_distance(st_transform(s_1085.the_geom, 25833), '0101000020E96400002D160080DEDB2341ACC7C1436D0E5741'::geometry))
                     Sort Method: top-N heapsort  Memory: 25kB
                     ->  Seq Scan on phoml_trajectory_tmp s_1085  (cost=0.00..165745.68 rows=1 width=84) (actual time=0.012..0.589 rows=492 loops=1)
                           Filter: ((unix_time >= '1685451328.695'::double precision) AND (unix_time <= '1685451388.695'::double precision) AND st_dwithin(st_transform(the_geom, 25833), '0101000020E96400002D160080DEDB2341ACC7C1436D0E5741'::geometry, '300'::double precision))
                           Rows Removed by Filter: 3168
   ->  Subquery Scan on "*SELECT* 1087"  (cost=165745.69..165745.70 rows=1 width=76) (actual time=0.681..0.682 rows=1 loops=1)
         ->  Limit  (cost=165745.69..165745.69 rows=1 width=84) (actual time=0.678..0.679 rows=1 loops=1)
               ->  Sort  (cost=165745.69..165745.69 rows=1 width=84) (actual time=0.676..0.676 rows=1 loops=1)
                     Sort Key: (st_distance(st_transform(s_1086.the_geom, 25833), '0101000020E9640000797E38FFDADB23419124173D6C0E5741'::geometry))
                     Sort Method: top-N heapsort  Memory: 25kB
                     ->  Seq Scan on phoml_trajectory_tmp s_1086  (cost=0.00..165745.68 rows=1 width=84) (actual time=0.017..0.602 rows=492 loops=1)
                           Filter: ((unix_time >= '1685451329.135'::double precision) AND (unix_time <= '1685451389.135'::double precision) AND st_dwithin(st_transform(the_geom, 25833), '0101000020E9640000797E38FFDADB23419124173D6C0E5741'::geometry, '300'::double precision))
                           Rows Removed by Filter: 3168
   ->  Subquery Scan on "*SELECT* 1088"  (cost=165745.69..165745.70 rows=1 width=76) (actual time=0.657..0.658 rows=1 loops=1)
         ->  Limit  (cost=165745.69..165745.69 rows=1 width=84) (actual time=0.654..0.655 rows=1 loops=1)
               ->  Sort  (cost=165745.69..165745.69 rows=1 width=84) (actual time=0.652..0.653 rows=1 loops=1)
                     Sort Key: (st_distance(st_transform(s_1087.the_geom, 25833), '0101000020E96400001F6F274BD7DB2341E052B72F6B0E5741'::geometry))
                     Sort Method: top-N heapsort  Memory: 25kB
                     ->  Seq Scan on phoml_trajectory_tmp s_1087  (cost=0.00..165745.68 rows=1 width=84) (actual time=0.013..0.572 rows=496 loops=1)
                           Filter: ((unix_time >= '1685451329.581'::double precision) AND (unix_time <= '1685451389.581'::double precision) AND st_dwithin(st_transform(the_geom, 25833), '0101000020E96400001F6F274BD7DB2341E052B72F6B0E5741'::geometry, '300'::double precision))
                           Rows Removed by Filter: 3164
   ->  Subquery Scan on "*SELECT* 1089"  (cost=165745.69..165745.70 rows=1 width=76) (actual time=0.659..0.660 rows=1 loops=1)
         ->  Limit  (cost=165745.69..165745.69 rows=1 width=84) (actual time=0.656..0.656 rows=1 loops=1)
               ->  Sort  (cost=165745.69..165745.69 rows=1 width=84) (actual time=0.654..0.654 rows=1 loops=1)
                     Sort Key: (st_distance(st_transform(s_1088.the_geom, 25833), '0101000020E96400008ED49C5BD3DB2341C148C9246A0E5741'::geometry))
                     Sort Method: top-N heapsort  Memory: 25kB
                     ->  Seq Scan on phoml_trajectory_tmp s_1088  (cost=0.00..165745.68 rows=1 width=84) (actual time=0.013..0.578 rows=496 loops=1)
                           Filter: ((unix_time >= '1685451330.021'::double precision) AND (unix_time <= '1685451390.021'::double precision) AND st_dwithin(st_transform(the_geom, 25833), '0101000020E96400008ED49C5BD3DB2341C148C9246A0E5741'::geometry, '300'::double precision))
                           Rows Removed by Filter: 3164
   ->  Subquery Scan on "*SELECT* 1090"  (cost=165745.69..165745.70 rows=1 width=76) (actual time=0.677..0.678 rows=1 loops=1)
         ->  Limit  (cost=165745.69..165745.69 rows=1 width=84) (actual time=0.673..0.674 rows=1 loops=1)
               ->  Sort  (cost=165745.69..165745.69 rows=1 width=84) (actual time=0.671..0.672 rows=1 loops=1)
                     Sort Key: (st_distance(st_transform(s_1089.the_geom, 25833), '0101000020E964000092BA3B7DCFDB234166E9171B690E5741'::geometry))
                     Sort Method: top-N heapsort  Memory: 25kB
                     ->  Seq Scan on phoml_trajectory_tmp s_1089  (cost=0.00..165745.68 rows=1 width=84) (actual time=0.016..0.596 rows=496 loops=1)
                           Filter: ((unix_time >= '1685451330.455'::double precision) AND (unix_time <= '1685451390.455'::double precision) AND st_dwithin(st_transform(the_geom, 25833), '0101000020E964000092BA3B7DCFDB234166E9171B690E5741'::geometry, '300'::double precision))
                           Rows Removed by Filter: 3164
   ->  Subquery Scan on "*SELECT* 1091"  (cost=165745.69..165745.70 rows=1 width=76) (actual time=0.659..0.660 rows=1 loops=1)
         ->  Limit  (cost=165745.69..165745.69 rows=1 width=84) (actual time=0.655..0.656 rows=1 loops=1)
               ->  Sort  (cost=165745.69..165745.69 rows=1 width=84) (actual time=0.653..0.654 rows=1 loops=1)
                     Sort Key: (st_distance(st_transform(s_1090.the_geom, 25833), '0101000020E9640000C7BB70A5CBDB2341B4CA6812680E5741'::geometry))
                     Sort Method: top-N heapsort  Memory: 25kB
                     ->  Seq Scan on phoml_trajectory_tmp s_1090  (cost=0.00..165745.68 rows=1 width=84) (actual time=0.015..0.572 rows=500 loops=1)
                           Filter: ((unix_time >= '1685451330.865'::double precision) AND (unix_time <= '1685451390.865'::double precision) AND st_dwithin(st_transform(the_geom, 25833), '0101000020E9640000C7BB70A5CBDB2341B4CA6812680E5741'::geometry, '300'::double precision))
                           Rows Removed by Filter: 3160
   ->  Subquery Scan on "*SELECT* 1092"  (cost=165745.69..165745.70 rows=1 width=76) (actual time=0.708..0.709 rows=1 loops=1)
         ->  Limit  (cost=165745.69..165745.69 rows=1 width=84) (actual time=0.704..0.705 rows=1 loops=1)
               ->  Sort  (cost=165745.69..165745.69 rows=1 width=84) (actual time=0.702..0.703 rows=1 loops=1)
                     Sort Key: (st_distance(st_transform(s_1091.the_geom, 25833), '0101000020E96400001D245BD2C7DB234185C3DDEB660E5741'::geometry))
                     Sort Method: top-N heapsort  Memory: 25kB
                     ->  Seq Scan on phoml_trajectory_tmp s_1091  (cost=0.00..165745.68 rows=1 width=84) (actual time=0.013..0.620 rows=500 loops=1)
                           Filter: ((unix_time >= '1685451331.293'::double precision) AND (unix_time <= '1685451391.293'::double precision) AND st_dwithin(st_transform(the_geom, 25833), '0101000020E96400001D245BD2C7DB234185C3DDEB660E5741'::geometry, '300'::double precision))
                           Rows Removed by Filter: 3160
   ->  Subquery Scan on "*SELECT* 1093"  (cost=165745.69..165745.70 rows=1 width=76) (actual time=0.669..0.670 rows=1 loops=1)
         ->  Limit  (cost=165745.69..165745.69 rows=1 width=84) (actual time=0.666..0.667 rows=1 loops=1)
               ->  Sort  (cost=165745.69..165745.69 rows=1 width=84) (actual time=0.663..0.663 rows=1 loops=1)
                     Sort Key: (st_distance(st_transform(s_1092.the_geom, 25833), '0101000020E9640000EFB9DDFDC3DB2341D98973C2650E5741'::geometry))
                     Sort Method: top-N heapsort  Memory: 25kB
                     ->  Seq Scan on phoml_trajectory_tmp s_1092  (cost=0.00..165745.68 rows=1 width=84) (actual time=0.017..0.582 rows=504 loops=1)
                           Filter: ((unix_time >= '1685451331.713'::double precision) AND (unix_time <= '1685451391.713'::double precision) AND st_dwithin(st_transform(the_geom, 25833), '0101000020E9640000EFB9DDFDC3DB2341D98973C2650E5741'::geometry, '300'::double precision))
                           Rows Removed by Filter: 3156
   ->  Subquery Scan on "*SELECT* 1094"  (cost=165745.69..165745.70 rows=1 width=76) (actual time=0.675..0.676 rows=1 loops=1)
         ->  Limit  (cost=165745.69..165745.69 rows=1 width=84) (actual time=0.672..0.673 rows=1 loops=1)
               ->  Sort  (cost=165745.69..165745.69 rows=1 width=84) (actual time=0.665..0.666 rows=1 loops=1)
                     Sort Key: (st_distance(st_transform(s_1093.the_geom, 25833), '0101000020E9640000076670FBBFDB23414E61C79F640E5741'::geometry))
                     Sort Method: top-N heapsort  Memory: 25kB
                     ->  Seq Scan on phoml_trajectory_tmp s_1093  (cost=0.00..165745.68 rows=1 width=84) (actual time=0.018..0.586 rows=500 loops=1)
                           Filter: ((unix_time >= '1685451332.133'::double precision) AND (unix_time <= '1685451392.133'::double precision) AND st_dwithin(st_transform(the_geom, 25833), '0101000020E9640000076670FBBFDB23414E61C79F640E5741'::geometry, '300'::double precision))
                           Rows Removed by Filter: 3160
   ->  Subquery Scan on "*SELECT* 1095"  (cost=165745.69..165745.70 rows=1 width=76) (actual time=0.661..0.662 rows=1 loops=1)
         ->  Limit  (cost=165745.69..165745.69 rows=1 width=84) (actual time=0.658..0.658 rows=1 loops=1)
               ->  Sort  (cost=165745.69..165745.69 rows=1 width=84) (actual time=0.655..0.656 rows=1 loops=1)
                     Sort Key: (st_distance(st_transform(s_1094.the_geom, 25833), '0101000020E9640000265040DFBBDB2341BF07CE73630E5741'::geometry))
                     Sort Method: top-N heapsort  Memory: 25kB
                     ->  Seq Scan on phoml_trajectory_tmp s_1094  (cost=0.00..165745.68 rows=1 width=84) (actual time=0.014..0.578 rows=500 loops=1)
                           Filter: ((unix_time >= '1685451332.557'::double precision) AND (unix_time <= '1685451392.557'::double precision) AND st_dwithin(st_transform(the_geom, 25833), '0101000020E9640000265040DFBBDB2341BF07CE73630E5741'::geometry, '300'::double precision))
                           Rows Removed by Filter: 3160
   ->  Subquery Scan on "*SELECT* 1096"  (cost=165745.69..165745.70 rows=1 width=76) (actual time=1.936..1.937 rows=1 loops=1)
         ->  Limit  (cost=165745.69..165745.69 rows=1 width=84) (actual time=1.917..1.919 rows=1 loops=1)
               ->  Sort  (cost=165745.69..165745.69 rows=1 width=84) (actual time=1.914..1.914 rows=1 loops=1)
                     Sort Key: (st_distance(st_transform(s_1095.the_geom, 25833), '0101000020E9640000E9B92DFBB7DB23415ED9545B620E5741'::geometry))
                     Sort Method: top-N heapsort  Memory: 25kB
                     ->  Seq Scan on phoml_trajectory_tmp s_1095  (cost=0.00..165745.68 rows=1 width=84) (actual time=0.013..1.819 rows=504 loops=1)
                           Filter: ((unix_time >= '1685451332.957'::double precision) AND (unix_time <= '1685451392.957'::double precision) AND st_dwithin(st_transform(the_geom, 25833), '0101000020E9640000E9B92DFBB7DB23415ED9545B620E5741'::geometry, '300'::double precision))
                           Rows Removed by Filter: 3156
   ->  Subquery Scan on "*SELECT* 1097"  (cost=165745.69..165745.70 rows=1 width=76) (actual time=0.663..0.664 rows=1 loops=1)
         ->  Limit  (cost=165745.69..165745.69 rows=1 width=84) (actual time=0.660..0.661 rows=1 loops=1)
               ->  Sort  (cost=165745.69..165745.69 rows=1 width=84) (actual time=0.658..0.659 rows=1 loops=1)
                     Sort Key: (st_distance(st_transform(s_1096.the_geom, 25833), '0101000020E96400004AADD1E0B3DB23419545B02E610E5741'::geometry))
                     Sort Method: top-N heapsort  Memory: 25kB
                     ->  Seq Scan on phoml_trajectory_tmp s_1096  (cost=0.00..165745.68 rows=1 width=84) (actual time=0.024..0.582 rows=504 loops=1)
                           Filter: ((unix_time >= '1685451333.364'::double precision) AND (unix_time <= '1685451393.364'::double precision) AND st_dwithin(st_transform(the_geom, 25833), '0101000020E96400004AADD1E0B3DB23419545B02E610E5741'::geometry, '300'::double precision))
                           Rows Removed by Filter: 3156
   ->  Subquery Scan on "*SELECT* 1098"  (cost=165745.69..165745.70 rows=1 width=76) (actual time=0.659..0.660 rows=1 loops=1)
         ->  Limit  (cost=165745.69..165745.69 rows=1 width=84) (actual time=0.655..0.656 rows=1 loops=1)
               ->  Sort  (cost=165745.69..165745.69 rows=1 width=84) (actual time=0.653..0.654 rows=1 loops=1)
                     Sort Key: (st_distance(st_transform(s_1097.the_geom, 25833), '0101000020E9640000C226AEFEAFDB2341B26F861C600E5741'::geometry))
                     Sort Method: top-N heapsort  Memory: 25kB
                     ->  Seq Scan on phoml_trajectory_tmp s_1097  (cost=0.00..165745.68 rows=1 width=84) (actual time=0.012..0.578 rows=504 loops=1)
                           Filter: ((unix_time >= '1685451333.754'::double precision) AND (unix_time <= '1685451393.754'::double precision) AND st_dwithin(st_transform(the_geom, 25833), '0101000020E9640000C226AEFEAFDB2341B26F861C600E5741'::geometry, '300'::double precision))
                           Rows Removed by Filter: 3156
   ->  Subquery Scan on "*SELECT* 1099"  (cost=165745.69..165745.70 rows=1 width=76) (actual time=0.682..0.683 rows=1 loops=1)
         ->  Limit  (cost=165745.69..165745.69 rows=1 width=84) (actual time=0.678..0.679 rows=1 loops=1)
               ->  Sort  (cost=165745.69..165745.69 rows=1 width=84) (actual time=0.676..0.677 rows=1 loops=1)
                     Sort Key: (st_distance(st_transform(s_1098.the_geom, 25833), '0101000020E96400009451CC01ACDB234147DE6BFA5E0E5741'::geometry))
                     Sort Method: top-N heapsort  Memory: 25kB
                     ->  Seq Scan on phoml_trajectory_tmp s_1098  (cost=0.00..165745.68 rows=1 width=84) (actual time=0.019..0.600 rows=508 loops=1)
                           Filter: ((unix_time >= '1685451334.159'::double precision) AND (unix_time <= '1685451394.159'::double precision) AND st_dwithin(st_transform(the_geom, 25833), '0101000020E96400009451CC01ACDB234147DE6BFA5E0E5741'::geometry, '300'::double precision))
                           Rows Removed by Filter: 3152
   ->  Subquery Scan on "*SELECT* 1100"  (cost=165745.69..165745.70 rows=1 width=76) (actual time=0.646..0.647 rows=1 loops=1)
         ->  Limit  (cost=165745.69..165745.69 rows=1 width=84) (actual time=0.643..0.644 rows=1 loops=1)
               ->  Sort  (cost=165745.69..165745.69 rows=1 width=84) (actual time=0.641..0.642 rows=1 loops=1)
                     Sort Key: (st_distance(st_transform(s_1099.the_geom, 25833), '0101000020E964000086E85EE2A7DB234111E60BD75D0E5741'::geometry))
                     Sort Method: top-N heapsort  Memory: 25kB
                     ->  Seq Scan on phoml_trajectory_tmp s_1099  (cost=0.00..165745.68 rows=1 width=84) (actual time=0.015..0.567 rows=504 loops=1)
                           Filter: ((unix_time >= '1685451334.539'::double precision) AND (unix_time <= '1685451394.539'::double precision) AND st_dwithin(st_transform(the_geom, 25833), '0101000020E964000086E85EE2A7DB234111E60BD75D0E5741'::geometry, '300'::double precision))
                           Rows Removed by Filter: 3156
   ->  Subquery Scan on "*SELECT* 1101"  (cost=165745.69..165745.70 rows=1 width=76) (actual time=0.940..0.941 rows=1 loops=1)
         ->  Limit  (cost=165745.69..165745.69 rows=1 width=84) (actual time=0.929..0.930 rows=1 loops=1)
               ->  Sort  (cost=165745.69..165745.69 rows=1 width=84) (actual time=0.926..0.927 rows=1 loops=1)
                     Sort Key: (st_distance(st_transform(s_1100.the_geom, 25833), '0101000020E9640000C92FDEC3A3DB2341594306BF5C0E5741'::geometry))
                     Sort Method: top-N heapsort  Memory: 25kB
                     ->  Seq Scan on phoml_trajectory_tmp s_1100  (cost=0.00..165745.68 rows=1 width=84) (actual time=0.013..0.823 rows=504 loops=1)
                           Filter: ((unix_time >= '1685451334.919'::double precision) AND (unix_time <= '1685451394.919'::double precision) AND st_dwithin(st_transform(the_geom, 25833), '0101000020E9640000C92FDEC3A3DB2341594306BF5C0E5741'::geometry, '300'::double precision))
                           Rows Removed by Filter: 3156
   ->  Subquery Scan on "*SELECT* 1102"  (cost=165745.69..165745.70 rows=1 width=76) (actual time=0.703..0.704 rows=1 loops=1)
         ->  Limit  (cost=165745.69..165745.69 rows=1 width=84) (actual time=0.700..0.700 rows=1 loops=1)
               ->  Sort  (cost=165745.69..165745.69 rows=1 width=84) (actual time=0.697..0.697 rows=1 loops=1)
                     Sort Key: (st_distance(st_transform(s_1101.the_geom, 25833), '0101000020E9640000E06225AC9FDB2341F04F53965B0E5741'::geometry))
                     Sort Method: top-N heapsort  Memory: 25kB
                     ->  Seq Scan on phoml_trajectory_tmp s_1101  (cost=0.00..165745.68 rows=1 width=84) (actual time=0.018..0.608 rows=508 loops=1)
                           Filter: ((unix_time >= '1685451335.307'::double precision) AND (unix_time <= '1685451395.307'::double precision) AND st_dwithin(st_transform(the_geom, 25833), '0101000020E9640000E06225AC9FDB2341F04F53965B0E5741'::geometry, '300'::double precision))
                           Rows Removed by Filter: 3152
   ->  Subquery Scan on "*SELECT* 1103"  (cost=165745.69..165745.70 rows=1 width=76) (actual time=0.678..0.679 rows=1 loops=1)
         ->  Limit  (cost=165745.69..165745.69 rows=1 width=84) (actual time=0.665..0.666 rows=1 loops=1)
               ->  Sort  (cost=165745.69..165745.69 rows=1 width=84) (actual time=0.663..0.663 rows=1 loops=1)
                     Sort Key: (st_distance(st_transform(s_1102.the_geom, 25833), '0101000020E9640000F48803999BDB23410AAFBE665A0E5741'::geometry))
                     Sort Method: top-N heapsort  Memory: 25kB
                     ->  Seq Scan on phoml_trajectory_tmp s_1102  (cost=0.00..165745.68 rows=1 width=84) (actual time=0.019..0.587 rows=504 loops=1)
                           Filter: ((unix_time >= '1685451335.697'::double precision) AND (unix_time <= '1685451395.697'::double precision) AND st_dwithin(st_transform(the_geom, 25833), '0101000020E9640000F48803999BDB23410AAFBE665A0E5741'::geometry, '300'::double precision))
                           Rows Removed by Filter: 3156
   ->  Subquery Scan on "*SELECT* 1104"  (cost=165745.69..165745.70 rows=1 width=76) (actual time=0.640..0.641 rows=1 loops=1)
         ->  Limit  (cost=165745.69..165745.69 rows=1 width=84) (actual time=0.638..0.638 rows=1 loops=1)
               ->  Sort  (cost=165745.69..165745.69 rows=1 width=84) (actual time=0.636..0.636 rows=1 loops=1)
                     Sort Key: (st_distance(st_transform(s_1103.the_geom, 25833), '0101000020E964000041B532A297DB23411C471044590E5741'::geometry))
                     Sort Method: top-N heapsort  Memory: 25kB
                     ->  Seq Scan on phoml_trajectory_tmp s_1103  (cost=0.00..165745.68 rows=1 width=84) (actual time=0.013..0.562 rows=500 loops=1)
                           Filter: ((unix_time >= '1685451336.077'::double precision) AND (unix_time <= '1685451396.077'::double precision) AND st_dwithin(st_transform(the_geom, 25833), '0101000020E964000041B532A297DB23411C471044590E5741'::geometry, '300'::double precision))
                           Rows Removed by Filter: 3160
   ->  Subquery Scan on "*SELECT* 1105"  (cost=165745.69..165745.70 rows=1 width=76) (actual time=0.661..0.662 rows=1 loops=1)
         ->  Limit  (cost=165745.69..165745.69 rows=1 width=84) (actual time=0.657..0.658 rows=1 loops=1)
               ->  Sort  (cost=165745.69..165745.69 rows=1 width=84) (actual time=0.654..0.655 rows=1 loops=1)
                     Sort Key: (st_distance(st_transform(s_1104.the_geom, 25833), '0101000020E964000060EBA28893DB2341948F041E580E5741'::geometry))
                     Sort Method: top-N heapsort  Memory: 25kB
                     ->  Seq Scan on phoml_trajectory_tmp s_1104  (cost=0.00..165745.68 rows=1 width=84) (actual time=0.013..0.581 rows=500 loops=1)
                           Filter: ((unix_time >= '1685451336.463'::double precision) AND (unix_time <= '1685451396.463'::double precision) AND st_dwithin(st_transform(the_geom, 25833), '0101000020E964000060EBA28893DB2341948F041E580E5741'::geometry, '300'::double precision))
                           Rows Removed by Filter: 3160
   ->  Subquery Scan on "*SELECT* 1106"  (cost=165745.69..165745.70 rows=1 width=76) (actual time=0.683..0.684 rows=1 loops=1)
         ->  Limit  (cost=165745.69..165745.69 rows=1 width=84) (actual time=0.679..0.680 rows=1 loops=1)
               ->  Sort  (cost=165745.69..165745.69 rows=1 width=84) (actual time=0.677..0.677 rows=1 loops=1)
                     Sort Key: (st_distance(st_transform(s_1105.the_geom, 25833), '0101000020E96400005003EC898FDB2341CAC283FE560E5741'::geometry))
                     Sort Method: top-N heapsort  Memory: 25kB
                     ->  Seq Scan on phoml_trajectory_tmp s_1105  (cost=0.00..165745.68 rows=1 width=84) (actual time=0.014..0.604 rows=500 loops=1)
                           Filter: ((unix_time >= '1685451336.833'::double precision) AND (unix_time <= '1685451396.833'::double precision) AND st_dwithin(st_transform(the_geom, 25833), '0101000020E96400005003EC898FDB2341CAC283FE560E5741'::geometry, '300'::double precision))
                           Rows Removed by Filter: 3160
   ->  Subquery Scan on "*SELECT* 1107"  (cost=165745.69..165745.70 rows=1 width=76) (actual time=0.642..0.643 rows=1 loops=1)
         ->  Limit  (cost=165745.69..165745.69 rows=1 width=84) (actual time=0.639..0.640 rows=1 loops=1)
               ->  Sort  (cost=165745.69..165745.69 rows=1 width=84) (actual time=0.637..0.637 rows=1 loops=1)
                     Sort Key: (st_distance(st_transform(s_1106.the_geom, 25833), '0101000020E96400000B4E59768BDB23417B1BD3D7550E5741'::geometry))
                     Sort Method: top-N heapsort  Memory: 25kB
                     ->  Seq Scan on phoml_trajectory_tmp s_1106  (cost=0.00..165745.68 rows=1 width=84) (actual time=0.016..0.564 rows=496 loops=1)
                           Filter: ((unix_time >= '1685451337.213'::double precision) AND (unix_time <= '1685451397.213'::double precision) AND st_dwithin(st_transform(the_geom, 25833), '0101000020E96400000B4E59768BDB23417B1BD3D7550E5741'::geometry, '300'::double precision))
                           Rows Removed by Filter: 3164
   ->  Subquery Scan on "*SELECT* 1108"  (cost=165745.69..165745.70 rows=1 width=76) (actual time=0.659..0.660 rows=1 loops=1)
         ->  Limit  (cost=165745.69..165745.69 rows=1 width=84) (actual time=0.656..0.656 rows=1 loops=1)
               ->  Sort  (cost=165745.69..165745.69 rows=1 width=84) (actual time=0.653..0.654 rows=1 loops=1)
                     Sort Key: (st_distance(st_transform(s_1107.the_geom, 25833), '0101000020E96400007C296A7B87DB234117B0E5B7540E5741'::geometry))
                     Sort Method: top-N heapsort  Memory: 25kB
                     ->  Seq Scan on phoml_trajectory_tmp s_1107  (cost=0.00..165745.68 rows=1 width=84) (actual time=0.014..0.579 rows=496 loops=1)
                           Filter: ((unix_time >= '1685451337.583'::double precision) AND (unix_time <= '1685451397.583'::double precision) AND st_dwithin(st_transform(the_geom, 25833), '0101000020E96400007C296A7B87DB234117B0E5B7540E5741'::geometry, '300'::double precision))
                           Rows Removed by Filter: 3164
   ->  Subquery Scan on "*SELECT* 1109"  (cost=165745.69..165745.70 rows=1 width=76) (actual time=0.660..0.661 rows=1 loops=1)
         ->  Limit  (cost=165745.69..165745.69 rows=1 width=84) (actual time=0.657..0.658 rows=1 loops=1)
               ->  Sort  (cost=165745.69..165745.69 rows=1 width=84) (actual time=0.655..0.656 rows=1 loops=1)
                     Sort Key: (st_distance(st_transform(s_1108.the_geom, 25833), '0101000020E964000032D9B54283DB23410D9F1590530E5741'::geometry))
                     Sort Method: top-N heapsort  Memory: 25kB
                     ->  Seq Scan on phoml_trajectory_tmp s_1108  (cost=0.00..165745.68 rows=1 width=84) (actual time=0.014..0.581 rows=496 loops=1)
                           Filter: ((unix_time >= '1685451337.963'::double precision) AND (unix_time <= '1685451397.963'::double precision) AND st_dwithin(st_transform(the_geom, 25833), '0101000020E964000032D9B54283DB23410D9F1590530E5741'::geometry, '300'::double precision))
                           Rows Removed by Filter: 3164
   ->  Subquery Scan on "*SELECT* 1110"  (cost=165745.69..165745.70 rows=1 width=76) (actual time=0.642..0.643 rows=1 loops=1)
         ->  Limit  (cost=165745.69..165745.69 rows=1 width=84) (actual time=0.640..0.640 rows=1 loops=1)
               ->  Sort  (cost=165745.69..165745.69 rows=1 width=84) (actual time=0.637..0.638 rows=1 loops=1)
                     Sort Key: (st_distance(st_transform(s_1109.the_geom, 25833), '0101000020E9640000E1FF593D7FDB23415FB35476520E5741'::geometry))
                     Sort Method: top-N heapsort  Memory: 25kB
                     ->  Seq Scan on phoml_trajectory_tmp s_1109  (cost=0.00..165745.68 rows=1 width=84) (actual time=0.016..0.567 rows=492 loops=1)
                           Filter: ((unix_time >= '1685451338.33'::double precision) AND (unix_time <= '1685451398.33'::double precision) AND st_dwithin(st_transform(the_geom, 25833), '0101000020E9640000E1FF593D7FDB23415FB35476520E5741'::geometry, '300'::double precision))
                           Rows Removed by Filter: 3168
   ->  Subquery Scan on "*SELECT* 1111"  (cost=165745.69..165745.70 rows=1 width=76) (actual time=0.651..0.652 rows=1 loops=1)
         ->  Limit  (cost=165745.69..165745.69 rows=1 width=84) (actual time=0.648..0.648 rows=1 loops=1)
               ->  Sort  (cost=165745.69..165745.69 rows=1 width=84) (actual time=0.646..0.646 rows=1 loops=1)
                     Sort Key: (st_distance(st_transform(s_1110.the_geom, 25833), '0101000020E9640000C8499F207BDB23417A5DF153510E5741'::geometry))
                     Sort Method: top-N heapsort  Memory: 25kB
                     ->  Seq Scan on phoml_trajectory_tmp s_1110  (cost=0.00..165745.68 rows=1 width=84) (actual time=0.016..0.568 rows=488 loops=1)
                           Filter: ((unix_time >= '1685451338.7'::double precision) AND (unix_time <= '1685451398.7'::double precision) AND st_dwithin(st_transform(the_geom, 25833), '0101000020E9640000C8499F207BDB23417A5DF153510E5741'::geometry, '300'::double precision))
                           Rows Removed by Filter: 3172
   ->  Subquery Scan on "*SELECT* 1112"  (cost=165745.69..165745.70 rows=1 width=76) (actual time=0.655..0.656 rows=1 loops=1)
         ->  Limit  (cost=165745.69..165745.69 rows=1 width=84) (actual time=0.651..0.652 rows=1 loops=1)
               ->  Sort  (cost=165745.69..165745.69 rows=1 width=84) (actual time=0.649..0.649 rows=1 loops=1)
                     Sort Key: (st_distance(st_transform(s_1111.the_geom, 25833), '0101000020E964000083BCD5DC76DB23415836D52E500E5741'::geometry))
                     Sort Method: top-N heapsort  Memory: 25kB
                     ->  Seq Scan on phoml_trajectory_tmp s_1111  (cost=0.00..165745.68 rows=1 width=84) (actual time=0.015..0.577 rows=488 loops=1)
                           Filter: ((unix_time >= '1685451339.08'::double precision) AND (unix_time <= '1685451399.08'::double precision) AND st_dwithin(st_transform(the_geom, 25833), '0101000020E964000083BCD5DC76DB23415836D52E500E5741'::geometry, '300'::double precision))
                           Rows Removed by Filter: 3172
   ->  Subquery Scan on "*SELECT* 1113"  (cost=165745.69..165745.70 rows=1 width=76) (actual time=0.641..0.642 rows=1 loops=1)
         ->  Limit  (cost=165745.69..165745.69 rows=1 width=84) (actual time=0.638..0.639 rows=1 loops=1)
               ->  Sort  (cost=165745.69..165745.69 rows=1 width=84) (actual time=0.636..0.637 rows=1 loops=1)
                     Sort Key: (st_distance(st_transform(s_1112.the_geom, 25833), '0101000020E964000075180ABA72DB2341435D84154F0E5741'::geometry))
                     Sort Method: top-N heapsort  Memory: 25kB
                     ->  Seq Scan on phoml_trajectory_tmp s_1112  (cost=0.00..165745.68 rows=1 width=84) (actual time=0.018..0.565 rows=484 loops=1)
                           Filter: ((unix_time >= '1685451339.453'::double precision) AND (unix_time <= '1685451399.453'::double precision) AND st_dwithin(st_transform(the_geom, 25833), '0101000020E964000075180ABA72DB2341435D84154F0E5741'::geometry, '300'::double precision))
                           Rows Removed by Filter: 3176
   ->  Subquery Scan on "*SELECT* 1114"  (cost=165745.69..165745.70 rows=1 width=76) (actual time=0.667..0.668 rows=1 loops=1)
         ->  Limit  (cost=165745.69..165745.69 rows=1 width=84) (actual time=0.664..0.664 rows=1 loops=1)
               ->  Sort  (cost=165745.69..165745.69 rows=1 width=84) (actual time=0.662..0.662 rows=1 loops=1)
                     Sort Key: (st_distance(st_transform(s_1113.the_geom, 25833), '0101000020E9640000D0D8029D6EDB234159FFF5F84D0E5741'::geometry))
                     Sort Method: top-N heapsort  Memory: 25kB
                     ->  Seq Scan on phoml_trajectory_tmp s_1113  (cost=0.00..165745.68 rows=1 width=84) (actual time=0.015..0.589 rows=484 loops=1)
                           Filter: ((unix_time >= '1685451339.823'::double precision) AND (unix_time <= '1685451399.823'::double precision) AND st_dwithin(st_transform(the_geom, 25833), '0101000020E9640000D0D8029D6EDB234159FFF5F84D0E5741'::geometry, '300'::double precision))
                           Rows Removed by Filter: 3176
   ->  Subquery Scan on "*SELECT* 1115"  (cost=165745.69..165745.70 rows=1 width=76) (actual time=0.675..0.676 rows=1 loops=1)
         ->  Limit  (cost=165745.69..165745.69 rows=1 width=84) (actual time=0.671..0.672 rows=1 loops=1)
               ->  Sort  (cost=165745.69..165745.69 rows=1 width=84) (actual time=0.669..0.669 rows=1 loops=1)
                     Sort Key: (st_distance(st_transform(s_1114.the_geom, 25833), '0101000020E964000023767C3F6ADB2341F6A87CD24C0E5741'::geometry))
                     Sort Method: top-N heapsort  Memory: 25kB
                     ->  Seq Scan on phoml_trajectory_tmp s_1114  (cost=0.00..165745.68 rows=1 width=84) (actual time=0.018..0.593 rows=480 loops=1)
                           Filter: ((unix_time >= '1685451340.215'::double precision) AND (unix_time <= '1685451400.215'::double precision) AND st_dwithin(st_transform(the_geom, 25833), '0101000020E964000023767C3F6ADB2341F6A87CD24C0E5741'::geometry, '300'::double precision))
                           Rows Removed by Filter: 3180
   ->  Subquery Scan on "*SELECT* 1116"  (cost=165745.69..165745.70 rows=1 width=76) (actual time=0.628..0.629 rows=1 loops=1)
         ->  Limit  (cost=165745.69..165745.69 rows=1 width=84) (actual time=0.624..0.625 rows=1 loops=1)
               ->  Sort  (cost=165745.69..165745.69 rows=1 width=84) (actual time=0.622..0.622 rows=1 loops=1)
                     Sort Key: (st_distance(st_transform(s_1115.the_geom, 25833), '0101000020E9640000579ECE3166DB2341067BF7AF4B0E5741'::geometry))
                     Sort Method: top-N heapsort  Memory: 25kB
                     ->  Seq Scan on phoml_trajectory_tmp s_1115  (cost=0.00..165745.68 rows=1 width=84) (actual time=0.016..0.550 rows=476 loops=1)
                           Filter: ((unix_time >= '1685451340.595'::double precision) AND (unix_time <= '1685451400.595'::double precision) AND st_dwithin(st_transform(the_geom, 25833), '0101000020E9640000579ECE3166DB2341067BF7AF4B0E5741'::geometry, '300'::double precision))
                           Rows Removed by Filter: 3184
   ->  Subquery Scan on "*SELECT* 1117"  (cost=165745.69..165745.70 rows=1 width=76) (actual time=0.974..0.975 rows=1 loops=1)
         ->  Limit  (cost=165745.69..165745.69 rows=1 width=84) (actual time=0.945..0.946 rows=1 loops=1)
               ->  Sort  (cost=165745.69..165745.69 rows=1 width=84) (actual time=0.940..0.941 rows=1 loops=1)
                     Sort Key: (st_distance(st_transform(s_1116.the_geom, 25833), '0101000020E96400008FBF87FE61DB23414D41537D4A0E5741'::geometry))
                     Sort Method: top-N heapsort  Memory: 25kB
                     ->  Seq Scan on phoml_trajectory_tmp s_1116  (cost=0.00..165745.68 rows=1 width=84) (actual time=0.018..0.861 rows=476 loops=1)
                           Filter: ((unix_time >= '1685451340.995'::double precision) AND (unix_time <= '1685451400.995'::double precision) AND st_dwithin(st_transform(the_geom, 25833), '0101000020E96400008FBF87FE61DB23414D41537D4A0E5741'::geometry, '300'::double precision))
                           Rows Removed by Filter: 3184
   ->  Subquery Scan on "*SELECT* 1118"  (cost=165745.69..165745.70 rows=1 width=76) (actual time=0.645..0.646 rows=1 loops=1)
         ->  Limit  (cost=165745.69..165745.69 rows=1 width=84) (actual time=0.641..0.642 rows=1 loops=1)
               ->  Sort  (cost=165745.69..165745.69 rows=1 width=84) (actual time=0.639..0.639 rows=1 loops=1)
                     Sort Key: (st_distance(st_transform(s_1117.the_geom, 25833), '0101000020E964000005FA98EF5DDB2341683C4A51490E5741'::geometry))
                     Sort Method: top-N heapsort  Memory: 25kB
                     ->  Seq Scan on phoml_trajectory_tmp s_1117  (cost=0.00..165745.68 rows=1 width=84) (actual time=0.019..0.567 rows=472 loops=1)
                           Filter: ((unix_time >= '1685451341.387'::double precision) AND (unix_time <= '1685451401.387'::double precision) AND st_dwithin(st_transform(the_geom, 25833), '0101000020E964000005FA98EF5DDB2341683C4A51490E5741'::geometry, '300'::double precision))
                           Rows Removed by Filter: 3188
   ->  Subquery Scan on "*SELECT* 1119"  (cost=165745.69..165745.70 rows=1 width=76) (actual time=0.660..0.661 rows=1 loops=1)
         ->  Limit  (cost=165745.69..165745.69 rows=1 width=84) (actual time=0.656..0.657 rows=1 loops=1)
               ->  Sort  (cost=165745.69..165745.69 rows=1 width=84) (actual time=0.654..0.654 rows=1 loops=1)
                     Sort Key: (st_distance(st_transform(s_1118.the_geom, 25833), '0101000020E9640000C78027E459DB2341F66C5220480E5741'::geometry))
                     Sort Method: top-N heapsort  Memory: 25kB
                     ->  Seq Scan on phoml_trajectory_tmp s_1118  (cost=0.00..165745.68 rows=1 width=84) (actual time=0.022..0.586 rows=472 loops=1)
                           Filter: ((unix_time >= '1685451341.797'::double precision) AND (unix_time <= '1685451401.797'::double precision) AND st_dwithin(st_transform(the_geom, 25833), '0101000020E9640000C78027E459DB2341F66C5220480E5741'::geometry, '300'::double precision))
                           Rows Removed by Filter: 3188
   ->  Subquery Scan on "*SELECT* 1120"  (cost=165745.69..165745.70 rows=1 width=76) (actual time=0.627..0.628 rows=1 loops=1)
         ->  Limit  (cost=165745.69..165745.69 rows=1 width=84) (actual time=0.625..0.625 rows=1 loops=1)
               ->  Sort  (cost=165745.69..165745.69 rows=1 width=84) (actual time=0.623..0.623 rows=1 loops=1)
                     Sort Key: (st_distance(st_transform(s_1119.the_geom, 25833), '0101000020E9640000D2A9A7D155DB2341C025D1EC460E5741'::geometry))
                     Sort Method: top-N heapsort  Memory: 25kB
                     ->  Seq Scan on phoml_trajectory_tmp s_1119  (cost=0.00..165745.68 rows=1 width=84) (actual time=0.018..0.553 rows=468 loops=1)
                           Filter: ((unix_time >= '1685451342.229'::double precision) AND (unix_time <= '1685451402.229'::double precision) AND st_dwithin(st_transform(the_geom, 25833), '0101000020E9640000D2A9A7D155DB2341C025D1EC460E5741'::geometry, '300'::double precision))
                           Rows Removed by Filter: 3192
   ->  Subquery Scan on "*SELECT* 1121"  (cost=165745.69..165745.70 rows=1 width=76) (actual time=0.626..0.628 rows=1 loops=1)
         ->  Limit  (cost=165745.69..165745.69 rows=1 width=84) (actual time=0.623..0.624 rows=1 loops=1)
               ->  Sort  (cost=165745.69..165745.69 rows=1 width=84) (actual time=0.620..0.620 rows=1 loops=1)
                     Sort Key: (st_distance(st_transform(s_1120.the_geom, 25833), '0101000020E9640000BC1E09DE51DB23414503CFBB450E5741'::geometry))
                     Sort Method: top-N heapsort  Memory: 25kB
                     ->  Seq Scan on phoml_trajectory_tmp s_1120  (cost=0.00..165745.68 rows=1 width=84) (actual time=0.016..0.554 rows=464 loops=1)
                           Filter: ((unix_time >= '1685451342.669'::double precision) AND (unix_time <= '1685451402.669'::double precision) AND st_dwithin(st_transform(the_geom, 25833), '0101000020E9640000BC1E09DE51DB23414503CFBB450E5741'::geometry, '300'::double precision))
                           Rows Removed by Filter: 3196
   ->  Subquery Scan on "*SELECT* 1122"  (cost=165745.69..165745.70 rows=1 width=76) (actual time=0.686..0.687 rows=1 loops=1)
         ->  Limit  (cost=165745.69..165745.69 rows=1 width=84) (actual time=0.683..0.684 rows=1 loops=1)
               ->  Sort  (cost=165745.69..165745.69 rows=1 width=84) (actual time=0.681..0.681 rows=1 loops=1)
                     Sort Key: (st_distance(st_transform(s_1121.the_geom, 25833), '0101000020E9640000B5A1E12E4EDB2341CC9AC17D440E5741'::geometry))
                     Sort Method: top-N heapsort  Memory: 25kB
                     ->  Seq Scan on phoml_trajectory_tmp s_1121  (cost=0.00..165745.68 rows=1 width=84) (actual time=0.068..0.611 rows=464 loops=1)
                           Filter: ((unix_time >= '1685451343.109'::double precision) AND (unix_time <= '1685451403.109'::double precision) AND st_dwithin(st_transform(the_geom, 25833), '0101000020E9640000B5A1E12E4EDB2341CC9AC17D440E5741'::geometry, '300'::double precision))
                           Rows Removed by Filter: 3196
   ->  Subquery Scan on "*SELECT* 1123"  (cost=165745.69..165745.70 rows=1 width=76) (actual time=0.622..0.623 rows=1 loops=1)
         ->  Limit  (cost=165745.69..165745.69 rows=1 width=84) (actual time=0.619..0.620 rows=1 loops=1)
               ->  Sort  (cost=165745.69..165745.69 rows=1 width=84) (actual time=0.617..0.617 rows=1 loops=1)
                     Sort Key: (st_distance(st_transform(s_1122.the_geom, 25833), '0101000020E964000087726C094BDB2341C982B8EB420E5741'::geometry))
                     Sort Method: top-N heapsort  Memory: 25kB
                     ->  Seq Scan on phoml_trajectory_tmp s_1122  (cost=0.00..165745.68 rows=1 width=84) (actual time=0.022..0.550 rows=464 loops=1)
                           Filter: ((unix_time >= '1685451343.571'::double precision) AND (unix_time <= '1685451403.571'::double precision) AND st_dwithin(st_transform(the_geom, 25833), '0101000020E964000087726C094BDB2341C982B8EB420E5741'::geometry, '300'::double precision))
                           Rows Removed by Filter: 3196
   ->  Subquery Scan on "*SELECT* 1124"  (cost=165745.69..165745.70 rows=1 width=76) (actual time=0.629..0.630 rows=1 loops=1)
         ->  Limit  (cost=165745.69..165745.69 rows=1 width=84) (actual time=0.625..0.626 rows=1 loops=1)
               ->  Sort  (cost=165745.69..165745.69 rows=1 width=84) (actual time=0.624..0.624 rows=1 loops=1)
                     Sort Key: (st_distance(st_transform(s_1123.the_geom, 25833), '0101000020E96400008E1BC11249DB23415A618B1C410E5741'::geometry))
                     Sort Method: top-N heapsort  Memory: 25kB
                     ->  Seq Scan on phoml_trajectory_tmp s_1123  (cost=0.00..165745.68 rows=1 width=84) (actual time=0.017..0.557 rows=464 loops=1)
                           Filter: ((unix_time >= '1685451344.041'::double precision) AND (unix_time <= '1685451404.041'::double precision) AND st_dwithin(st_transform(the_geom, 25833), '0101000020E96400008E1BC11249DB23415A618B1C410E5741'::geometry, '300'::double precision))
                           Rows Removed by Filter: 3196
   ->  Subquery Scan on "*SELECT* 1125"  (cost=165745.69..165745.70 rows=1 width=76) (actual time=0.639..0.640 rows=1 loops=1)
         ->  Limit  (cost=165745.69..165745.69 rows=1 width=84) (actual time=0.635..0.636 rows=1 loops=1)
               ->  Sort  (cost=165745.69..165745.69 rows=1 width=84) (actual time=0.634..0.634 rows=1 loops=1)
                     Sort Key: (st_distance(st_transform(s_1124.the_geom, 25833), '0101000020E964000073A298C848DB234159DE6F293F0E5741'::geometry))
                     Sort Method: top-N heapsort  Memory: 25kB
                     ->  Seq Scan on phoml_trajectory_tmp s_1124  (cost=0.00..165745.68 rows=1 width=84) (actual time=0.018..0.561 rows=460 loops=1)
                           Filter: ((unix_time >= '1685451344.527'::double precision) AND (unix_time <= '1685451404.527'::double precision) AND st_dwithin(st_transform(the_geom, 25833), '0101000020E964000073A298C848DB234159DE6F293F0E5741'::geometry, '300'::double precision))
                           Rows Removed by Filter: 3200
   ->  Subquery Scan on "*SELECT* 1126"  (cost=165745.69..165745.70 rows=1 width=76) (actual time=0.630..0.631 rows=1 loops=1)
         ->  Limit  (cost=165745.69..165745.69 rows=1 width=84) (actual time=0.628..0.629 rows=1 loops=1)
               ->  Sort  (cost=165745.69..165745.69 rows=1 width=84) (actual time=0.626..0.626 rows=1 loops=1)
                     Sort Key: (st_distance(st_transform(s_1125.the_geom, 25833), '0101000020E9640000119F45A04ADB2341900830073D0E5741'::geometry))
                     Sort Method: top-N heapsort  Memory: 25kB
                     ->  Seq Scan on phoml_trajectory_tmp s_1125  (cost=0.00..165745.68 rows=1 width=84) (actual time=0.027..0.561 rows=456 loops=1)
                           Filter: ((unix_time >= '1685451345.027'::double precision) AND (unix_time <= '1685451405.027'::double precision) AND st_dwithin(st_transform(the_geom, 25833), '0101000020E9640000119F45A04ADB2341900830073D0E5741'::geometry, '300'::double precision))
                           Rows Removed by Filter: 3204
   ->  Subquery Scan on "*SELECT* 1127"  (cost=165745.69..165745.70 rows=1 width=76) (actual time=0.662..0.663 rows=1 loops=1)
         ->  Limit  (cost=165745.69..165745.69 rows=1 width=84) (actual time=0.659..0.659 rows=1 loops=1)
               ->  Sort  (cost=165745.69..165745.69 rows=1 width=84) (actual time=0.657..0.657 rows=1 loops=1)
                     Sort Key: (st_distance(st_transform(s_1126.the_geom, 25833), '0101000020E9640000706223564FDB2341ECCDE1CE3A0E5741'::geometry))
                     Sort Method: top-N heapsort  Memory: 25kB
                     ->  Seq Scan on phoml_trajectory_tmp s_1126  (cost=0.00..165745.68 rows=1 width=84) (actual time=0.035..0.587 rows=460 loops=1)
                           Filter: ((unix_time >= '1685451345.538'::double precision) AND (unix_time <= '1685451405.538'::double precision) AND st_dwithin(st_transform(the_geom, 25833), '0101000020E9640000706223564FDB2341ECCDE1CE3A0E5741'::geometry, '300'::double precision))
                           Rows Removed by Filter: 3200
   ->  Subquery Scan on "*SELECT* 1128"  (cost=165745.69..165745.70 rows=1 width=76) (actual time=0.641..0.642 rows=1 loops=1)
         ->  Limit  (cost=165745.69..165745.69 rows=1 width=84) (actual time=0.637..0.638 rows=1 loops=1)
               ->  Sort  (cost=165745.69..165745.69 rows=1 width=84) (actual time=0.635..0.635 rows=1 loops=1)
                     Sort Key: (st_distance(st_transform(s_1127.the_geom, 25833), '0101000020E9640000B877B26856DB2341AC57A4AA380E5741'::geometry))
                     Sort Method: top-N heapsort  Memory: 25kB
                     ->  Seq Scan on phoml_trajectory_tmp s_1127  (cost=0.00..165745.68 rows=1 width=84) (actual time=0.018..0.565 rows=464 loops=1)
                           Filter: ((unix_time >= '1685451346.078'::double precision) AND (unix_time <= '1685451406.078'::double precision) AND st_dwithin(st_transform(the_geom, 25833), '0101000020E9640000B877B26856DB2341AC57A4AA380E5741'::geometry, '300'::double precision))
                           Rows Removed by Filter: 3196
   ->  Subquery Scan on "*SELECT* 1129"  (cost=165745.69..165745.70 rows=1 width=76) (actual time=0.642..0.643 rows=1 loops=1)
         ->  Limit  (cost=165745.69..165745.69 rows=1 width=84) (actual time=0.640..0.641 rows=1 loops=1)
               ->  Sort  (cost=165745.69..165745.69 rows=1 width=84) (actual time=0.638..0.638 rows=1 loops=1)
                     Sort Key: (st_distance(st_transform(s_1128.the_geom, 25833), '0101000020E96400000C1118905EDB2341199BDBCE360E5741'::geometry))
                     Sort Method: top-N heapsort  Memory: 25kB
                     ->  Seq Scan on phoml_trajectory_tmp s_1128  (cost=0.00..165745.68 rows=1 width=84) (actual time=0.019..0.565 rows=468 loops=1)
                           Filter: ((unix_time >= '1685451346.599'::double precision) AND (unix_time <= '1685451406.599'::double precision) AND st_dwithin(st_transform(the_geom, 25833), '0101000020E96400000C1118905EDB2341199BDBCE360E5741'::geometry, '300'::double precision))
                           Rows Removed by Filter: 3192
   ->  Subquery Scan on "*SELECT* 1130"  (cost=165745.69..165745.70 rows=1 width=76) (actual time=0.651..0.652 rows=1 loops=1)
         ->  Limit  (cost=165745.69..165745.69 rows=1 width=84) (actual time=0.647..0.648 rows=1 loops=1)
               ->  Sort  (cost=165745.69..165745.69 rows=1 width=84) (actual time=0.645..0.645 rows=1 loops=1)
                     Sort Key: (st_distance(st_transform(s_1129.the_geom, 25833), '0101000020E9640000E7994CBC67DB23410CCBDE1D350E5741'::geometry))
                     Sort Method: top-N heapsort  Memory: 25kB
                     ->  Seq Scan on phoml_trajectory_tmp s_1129  (cost=0.00..165745.68 rows=1 width=84) (actual time=0.022..0.576 rows=468 loops=1)
                           Filter: ((unix_time >= '1685451347.109'::double precision) AND (unix_time <= '1685451407.109'::double precision) AND st_dwithin(st_transform(the_geom, 25833), '0101000020E9640000E7994CBC67DB23410CCBDE1D350E5741'::geometry, '300'::double precision))
                           Rows Removed by Filter: 3192
   ->  Subquery Scan on "*SELECT* 1131"  (cost=165745.69..165745.70 rows=1 width=76) (actual time=0.662..0.664 rows=1 loops=1)
         ->  Limit  (cost=165745.69..165745.69 rows=1 width=84) (actual time=0.659..0.660 rows=1 loops=1)
               ->  Sort  (cost=165745.69..165745.69 rows=1 width=84) (actual time=0.657..0.657 rows=1 loops=1)
                     Sort Key: (st_distance(st_transform(s_1130.the_geom, 25833), '0101000020E96400008C1FF06E70DB2341361BF29E330E5741'::geometry))
                     Sort Method: top-N heapsort  Memory: 25kB
                     ->  Seq Scan on phoml_trajectory_tmp s_1130  (cost=0.00..165745.68 rows=1 width=84) (actual time=0.021..0.587 rows=472 loops=1)
                           Filter: ((unix_time >= '1685451347.623'::double precision) AND (unix_time <= '1685451407.623'::double precision) AND st_dwithin(st_transform(the_geom, 25833), '0101000020E96400008C1FF06E70DB2341361BF29E330E5741'::geometry, '300'::double precision))
                           Rows Removed by Filter: 3188
   ->  Subquery Scan on "*SELECT* 1132"  (cost=165745.69..165745.70 rows=1 width=76) (actual time=0.649..0.650 rows=1 loops=1)
         ->  Limit  (cost=165745.69..165745.69 rows=1 width=84) (actual time=0.646..0.647 rows=1 loops=1)
               ->  Sort  (cost=165745.69..165745.69 rows=1 width=84) (actual time=0.644..0.645 rows=1 loops=1)
                     Sort Key: (st_distance(st_transform(s_1131.the_geom, 25833), '0101000020E964000022A72A1879DB234120C08950320E5741'::geometry))
                     Sort Method: top-N heapsort  Memory: 25kB
                     ->  Seq Scan on phoml_trajectory_tmp s_1131  (cost=0.00..165745.68 rows=1 width=84) (actual time=0.020..0.574 rows=472 loops=1)
                           Filter: ((unix_time >= '1685451348.137'::double precision) AND (unix_time <= '1685451408.137'::double precision) AND st_dwithin(st_transform(the_geom, 25833), '0101000020E964000022A72A1879DB234120C08950320E5741'::geometry, '300'::double precision))
                           Rows Removed by Filter: 3188
   ->  Subquery Scan on "*SELECT* 1133"  (cost=165745.69..165745.70 rows=1 width=76) (actual time=0.859..0.861 rows=1 loops=1)
         ->  Limit  (cost=165745.69..165745.69 rows=1 width=84) (actual time=0.852..0.852 rows=1 loops=1)
               ->  Sort  (cost=165745.69..165745.69 rows=1 width=84) (actual time=0.849..0.850 rows=1 loops=1)
                     Sort Key: (st_distance(st_transform(s_1132.the_geom, 25833), '0101000020E96400006B9E42CA80DB23414F947323310E5741'::geometry))
                     Sort Method: top-N heapsort  Memory: 25kB
                     ->  Seq Scan on phoml_trajectory_tmp s_1132  (cost=0.00..165745.68 rows=1 width=84) (actual time=0.021..0.776 rows=472 loops=1)
                           Filter: ((unix_time >= '1685451348.607'::double precision) AND (unix_time <= '1685451408.607'::double precision) AND st_dwithin(st_transform(the_geom, 25833), '0101000020E96400006B9E42CA80DB23414F947323310E5741'::geometry, '300'::double precision))
                           Rows Removed by Filter: 3188
   ->  Subquery Scan on "*SELECT* 1134"  (cost=165745.69..165745.70 rows=1 width=76) (actual time=0.719..0.720 rows=1 loops=1)
         ->  Limit  (cost=165745.69..165745.69 rows=1 width=84) (actual time=0.716..0.716 rows=1 loops=1)
               ->  Sort  (cost=165745.69..165745.69 rows=1 width=84) (actual time=0.713..0.714 rows=1 loops=1)
                     Sort Key: (st_distance(st_transform(s_1133.the_geom, 25833), '0101000020E9640000C6F6B9C487DB23415ADBFA08300E5741'::geometry))
                     Sort Method: top-N heapsort  Memory: 25kB
                     ->  Seq Scan on phoml_trajectory_tmp s_1133  (cost=0.00..165745.68 rows=1 width=84) (actual time=0.066..0.642 rows=476 loops=1)
                           Filter: ((unix_time >= '1685451349.097'::double precision) AND (unix_time <= '1685451409.097'::double precision) AND st_dwithin(st_transform(the_geom, 25833), '0101000020E9640000C6F6B9C487DB23415ADBFA08300E5741'::geometry, '300'::double precision))
                           Rows Removed by Filter: 3184
   ->  Subquery Scan on "*SELECT* 1135"  (cost=165745.69..165745.70 rows=1 width=76) (actual time=0.661..0.663 rows=1 loops=1)
         ->  Limit  (cost=165745.69..165745.69 rows=1 width=84) (actual time=0.658..0.659 rows=1 loops=1)
               ->  Sort  (cost=165745.69..165745.69 rows=1 width=84) (actual time=0.656..0.656 rows=1 loops=1)
                     Sort Key: (st_distance(st_transform(s_1134.the_geom, 25833), '0101000020E96400001A232CD48CDB23414A2DD1152F0E5741'::geometry))
                     Sort Method: top-N heapsort  Memory: 25kB
                     ->  Seq Scan on phoml_trajectory_tmp s_1134  (cost=0.00..165745.68 rows=1 width=84) (actual time=0.024..0.586 rows=476 loops=1)
                           Filter: ((unix_time >= '1685451349.562'::double precision) AND (unix_time <= '1685451409.562'::double precision) AND st_dwithin(st_transform(the_geom, 25833), '0101000020E96400001A232CD48CDB23414A2DD1152F0E5741'::geometry, '300'::double precision))
                           Rows Removed by Filter: 3184
   ->  Subquery Scan on "*SELECT* 1136"  (cost=165745.69..165745.70 rows=1 width=76) (actual time=0.651..0.652 rows=1 loops=1)
         ->  Limit  (cost=165745.69..165745.69 rows=1 width=84) (actual time=0.649..0.649 rows=1 loops=1)
               ->  Sort  (cost=165745.69..165745.69 rows=1 width=84) (actual time=0.646..0.647 rows=1 loops=1)
                     Sort Key: (st_distance(st_transform(s_1135.the_geom, 25833), '0101000020E9640000495D9F6F92DB23414366E1032E0E5741'::geometry))
                     Sort Method: top-N heapsort  Memory: 25kB
                     ->  Seq Scan on phoml_trajectory_tmp s_1135  (cost=0.00..165745.68 rows=1 width=84) (actual time=0.021..0.575 rows=480 loops=1)
                           Filter: ((unix_time >= '1685451350.052'::double precision) AND (unix_time <= '1685451410.052'::double precision) AND st_dwithin(st_transform(the_geom, 25833), '0101000020E9640000495D9F6F92DB23414366E1032E0E5741'::geometry, '300'::double precision))
                           Rows Removed by Filter: 3180
   ->  Subquery Scan on "*SELECT* 1137"  (cost=165745.69..165745.70 rows=1 width=76) (actual time=0.656..0.657 rows=1 loops=1)
         ->  Limit  (cost=165745.69..165745.69 rows=1 width=84) (actual time=0.652..0.652 rows=1 loops=1)
               ->  Sort  (cost=165745.69..165745.69 rows=1 width=84) (actual time=0.650..0.650 rows=1 loops=1)
                     Sort Key: (st_distance(st_transform(s_1136.the_geom, 25833), '0101000020E9640000FBEA11AF97DB2341EE7899062D0E5741'::geometry))
                     Sort Method: top-N heapsort  Memory: 25kB
                     ->  Seq Scan on phoml_trajectory_tmp s_1136  (cost=0.00..165745.68 rows=1 width=84) (actual time=0.019..0.580 rows=480 loops=1)
                           Filter: ((unix_time >= '1685451350.512'::double precision) AND (unix_time <= '1685451410.512'::double precision) AND st_dwithin(st_transform(the_geom, 25833), '0101000020E9640000FBEA11AF97DB2341EE7899062D0E5741'::geometry, '300'::double precision))
                           Rows Removed by Filter: 3180
   ->  Subquery Scan on "*SELECT* 1138"  (cost=165745.69..165745.70 rows=1 width=76) (actual time=0.732..0.733 rows=1 loops=1)
         ->  Limit  (cost=165745.69..165745.69 rows=1 width=84) (actual time=0.727..0.728 rows=1 loops=1)
               ->  Sort  (cost=165745.69..165745.69 rows=1 width=84) (actual time=0.725..0.725 rows=1 loops=1)
                     Sort Key: (st_distance(st_transform(s_1137.the_geom, 25833), '0101000020E96400006F5BF2829DDB2341924D32F52B0E5741'::geometry))
                     Sort Method: top-N heapsort  Memory: 25kB
                     ->  Seq Scan on phoml_trajectory_tmp s_1137  (cost=0.00..165745.68 rows=1 width=84) (actual time=0.020..0.627 rows=480 loops=1)
                           Filter: ((unix_time >= '1685451350.982'::double precision) AND (unix_time <= '1685451410.982'::double precision) AND st_dwithin(st_transform(the_geom, 25833), '0101000020E96400006F5BF2829DDB2341924D32F52B0E5741'::geometry, '300'::double precision))
                           Rows Removed by Filter: 3180
   ->  Subquery Scan on "*SELECT* 1139"  (cost=165745.69..165745.70 rows=1 width=76) (actual time=0.675..0.676 rows=1 loops=1)
         ->  Limit  (cost=165745.69..165745.69 rows=1 width=84) (actual time=0.671..0.672 rows=1 loops=1)
               ->  Sort  (cost=165745.69..165745.69 rows=1 width=84) (actual time=0.669..0.669 rows=1 loops=1)
                     Sort Key: (st_distance(st_transform(s_1138.the_geom, 25833), '0101000020E96400002487D17FA3DB23414D168CED2A0E5741'::geometry))
                     Sort Method: top-N heapsort  Memory: 25kB
                     ->  Seq Scan on phoml_trajectory_tmp s_1138  (cost=0.00..165745.68 rows=1 width=84) (actual time=0.038..0.597 rows=484 loops=1)
                           Filter: ((unix_time >= '1685451351.436'::double precision) AND (unix_time <= '1685451411.436'::double precision) AND st_dwithin(st_transform(the_geom, 25833), '0101000020E96400002487D17FA3DB23414D168CED2A0E5741'::geometry, '300'::double precision))
                           Rows Removed by Filter: 3176
   ->  Subquery Scan on "*SELECT* 1140"  (cost=165745.69..165745.70 rows=1 width=76) (actual time=0.686..0.687 rows=1 loops=1)
         ->  Limit  (cost=165745.69..165745.69 rows=1 width=84) (actual time=0.679..0.680 rows=1 loops=1)
               ->  Sort  (cost=165745.69..165745.69 rows=1 width=84) (actual time=0.676..0.677 rows=1 loops=1)
                     Sort Key: (st_distance(st_transform(s_1139.the_geom, 25833), '0101000020E96400007A094657A9DB234168FD0FE1290E5741'::geometry))
                     Sort Method: top-N heapsort  Memory: 25kB
                     ->  Seq Scan on phoml_trajectory_tmp s_1139  (cost=0.00..165745.68 rows=1 width=84) (actual time=0.023..0.604 rows=488 loops=1)
                           Filter: ((unix_time >= '1685451351.886'::double precision) AND (unix_time <= '1685451411.886'::double precision) AND st_dwithin(st_transform(the_geom, 25833), '0101000020E96400007A094657A9DB234168FD0FE1290E5741'::geometry, '300'::double precision))
                           Rows Removed by Filter: 3172
   ->  Subquery Scan on "*SELECT* 1141"  (cost=165745.69..165745.70 rows=1 width=76) (actual time=0.700..0.701 rows=1 loops=1)
         ->  Limit  (cost=165745.69..165745.69 rows=1 width=84) (actual time=0.695..0.696 rows=1 loops=1)
               ->  Sort  (cost=165745.69..165745.69 rows=1 width=84) (actual time=0.691..0.691 rows=1 loops=1)
                     Sort Key: (st_distance(st_transform(s_1140.the_geom, 25833), '0101000020E964000015D8D1ACAFDB23419B28ADD1280E5741'::geometry))
                     Sort Method: top-N heapsort  Memory: 25kB
                     ->  Seq Scan on phoml_trajectory_tmp s_1140  (cost=0.00..165745.68 rows=1 width=84) (actual time=0.026..0.612 rows=488 loops=1)
                           Filter: ((unix_time >= '1685451352.34'::double precision) AND (unix_time <= '1685451412.34'::double precision) AND st_dwithin(st_transform(the_geom, 25833), '0101000020E964000015D8D1ACAFDB23419B28ADD1280E5741'::geometry, '300'::double precision))
                           Rows Removed by Filter: 3172
   ->  Subquery Scan on "*SELECT* 1142"  (cost=165745.69..165745.70 rows=1 width=76) (actual time=0.662..0.664 rows=1 loops=1)
         ->  Limit  (cost=165745.69..165745.69 rows=1 width=84) (actual time=0.659..0.660 rows=1 loops=1)
               ->  Sort  (cost=165745.69..165745.69 rows=1 width=84) (actual time=0.657..0.657 rows=1 loops=1)
                     Sort Key: (st_distance(st_transform(s_1141.the_geom, 25833), '0101000020E9640000044F6FAEB5DB234114B1E3CB270E5741'::geometry))
                     Sort Method: top-N heapsort  Memory: 25kB
                     ->  Seq Scan on phoml_trajectory_tmp s_1141  (cost=0.00..165745.68 rows=1 width=84) (actual time=0.020..0.584 rows=488 loops=1)
                           Filter: ((unix_time >= '1685451352.78'::double precision) AND (unix_time <= '1685451412.78'::double precision) AND st_dwithin(st_transform(the_geom, 25833), '0101000020E9640000044F6FAEB5DB234114B1E3CB270E5741'::geometry, '300'::double precision))
                           Rows Removed by Filter: 3172
   ->  Subquery Scan on "*SELECT* 1143"  (cost=165745.69..165745.70 rows=1 width=76) (actual time=0.684..0.685 rows=1 loops=1)
         ->  Limit  (cost=165745.69..165745.69 rows=1 width=84) (actual time=0.681..0.682 rows=1 loops=1)
               ->  Sort  (cost=165745.69..165745.69 rows=1 width=84) (actual time=0.679..0.680 rows=1 loops=1)
                     Sort Key: (st_distance(st_transform(s_1142.the_geom, 25833), '0101000020E964000087B946BFBBDB2341632226C2260E5741'::geometry))
                     Sort Method: top-N heapsort  Memory: 25kB
                     ->  Seq Scan on phoml_trajectory_tmp s_1142  (cost=0.00..165745.68 rows=1 width=84) (actual time=0.035..0.605 rows=492 loops=1)
                           Filter: ((unix_time >= '1685451353.226'::double precision) AND (unix_time <= '1685451413.226'::double precision) AND st_dwithin(st_transform(the_geom, 25833), '0101000020E964000087B946BFBBDB2341632226C2260E5741'::geometry, '300'::double precision))
                           Rows Removed by Filter: 3168
   ->  Subquery Scan on "*SELECT* 1144"  (cost=165745.69..165745.70 rows=1 width=76) (actual time=0.677..0.678 rows=1 loops=1)
         ->  Limit  (cost=165745.69..165745.69 rows=1 width=84) (actual time=0.674..0.675 rows=1 loops=1)
               ->  Sort  (cost=165745.69..165745.69 rows=1 width=84) (actual time=0.671..0.672 rows=1 loops=1)
                     Sort Key: (st_distance(st_transform(s_1143.the_geom, 25833), '0101000020E96400001755EF5AC1DB2341B0EDEBC8250E5741'::geometry))
                     Sort Method: top-N heapsort  Memory: 25kB
                     ->  Seq Scan on phoml_trajectory_tmp s_1143  (cost=0.00..165745.68 rows=1 width=84) (actual time=0.019..0.597 rows=492 loops=1)
                           Filter: ((unix_time >= '1685451353.699'::double precision) AND (unix_time <= '1685451413.699'::double precision) AND st_dwithin(st_transform(the_geom, 25833), '0101000020E96400001755EF5AC1DB2341B0EDEBC8250E5741'::geometry, '300'::double precision))
                           Rows Removed by Filter: 3168
   ->  Subquery Scan on "*SELECT* 1145"  (cost=165745.69..165745.70 rows=1 width=76) (actual time=0.672..0.673 rows=1 loops=1)
         ->  Limit  (cost=165745.69..165745.69 rows=1 width=84) (actual time=0.669..0.669 rows=1 loops=1)
               ->  Sort  (cost=165745.69..165745.69 rows=1 width=84) (actual time=0.666..0.667 rows=1 loops=1)
                     Sort Key: (st_distance(st_transform(s_1144.the_geom, 25833), '0101000020E96400009A71F912C7DB234154C7F8C1240E5741'::geometry))
                     Sort Method: top-N heapsort  Memory: 25kB
                     ->  Seq Scan on phoml_trajectory_tmp s_1144  (cost=0.00..165745.68 rows=1 width=84) (actual time=0.018..0.593 rows=492 loops=1)
                           Filter: ((unix_time >= '1685451354.141'::double precision) AND (unix_time <= '1685451414.141'::double precision) AND st_dwithin(st_transform(the_geom, 25833), '0101000020E96400009A71F912C7DB234154C7F8C1240E5741'::geometry, '300'::double precision))
                           Rows Removed by Filter: 3168
   ->  Subquery Scan on "*SELECT* 1146"  (cost=165745.69..165745.70 rows=1 width=76) (actual time=0.682..0.683 rows=1 loops=1)
         ->  Limit  (cost=165745.69..165745.69 rows=1 width=84) (actual time=0.680..0.680 rows=1 loops=1)
               ->  Sort  (cost=165745.69..165745.69 rows=1 width=84) (actual time=0.678..0.678 rows=1 loops=1)
                     Sort Key: (st_distance(st_transform(s_1145.the_geom, 25833), '0101000020E964000011FF3702CDDB234129BA27BF230E5741'::geometry))
                     Sort Method: top-N heapsort  Memory: 25kB
                     ->  Seq Scan on phoml_trajectory_tmp s_1145  (cost=0.00..165745.68 rows=1 width=84) (actual time=0.023..0.605 rows=496 loops=1)
                           Filter: ((unix_time >= '1685451354.565'::double precision) AND (unix_time <= '1685451414.565'::double precision) AND st_dwithin(st_transform(the_geom, 25833), '0101000020E964000011FF3702CDDB234129BA27BF230E5741'::geometry, '300'::double precision))
                           Rows Removed by Filter: 3164
   ->  Subquery Scan on "*SELECT* 1147"  (cost=165745.69..165745.70 rows=1 width=76) (actual time=0.681..0.683 rows=1 loops=1)
         ->  Limit  (cost=165745.69..165745.69 rows=1 width=84) (actual time=0.677..0.678 rows=1 loops=1)
               ->  Sort  (cost=165745.69..165745.69 rows=1 width=84) (actual time=0.675..0.675 rows=1 loops=1)
                     Sort Key: (st_distance(st_transform(s_1146.the_geom, 25833), '0101000020E96400001D9DB9C6D2DB2341CB19AFBC220E5741'::geometry))
                     Sort Method: top-N heapsort  Memory: 25kB
                     ->  Seq Scan on phoml_trajectory_tmp s_1146  (cost=0.00..165745.68 rows=1 width=84) (actual time=0.019..0.600 rows=496 loops=1)
                           Filter: ((unix_time >= '1685451354.987'::double precision) AND (unix_time <= '1685451414.987'::double precision) AND st_dwithin(st_transform(the_geom, 25833), '0101000020E96400001D9DB9C6D2DB2341CB19AFBC220E5741'::geometry, '300'::double precision))
                           Rows Removed by Filter: 3164
   ->  Subquery Scan on "*SELECT* 1148"  (cost=165745.69..165745.70 rows=1 width=76) (actual time=0.690..0.691 rows=1 loops=1)
         ->  Limit  (cost=165745.69..165745.69 rows=1 width=84) (actual time=0.687..0.688 rows=1 loops=1)
               ->  Sort  (cost=165745.69..165745.69 rows=1 width=84) (actual time=0.685..0.685 rows=1 loops=1)
                     Sort Key: (st_distance(st_transform(s_1147.the_geom, 25833), '0101000020E96400005CCD68DED8DB23410097BBB0210E5741'::geometry))
                     Sort Method: top-N heapsort  Memory: 25kB
                     ->  Seq Scan on phoml_trajectory_tmp s_1147  (cost=0.00..165745.68 rows=1 width=84) (actual time=0.018..0.602 rows=496 loops=1)
                           Filter: ((unix_time >= '1685451355.412'::double precision) AND (unix_time <= '1685451415.412'::double precision) AND st_dwithin(st_transform(the_geom, 25833), '0101000020E96400005CCD68DED8DB23410097BBB0210E5741'::geometry, '300'::double precision))
                           Rows Removed by Filter: 3164
   ->  Subquery Scan on "*SELECT* 1149"  (cost=165745.69..165745.70 rows=1 width=76) (actual time=0.664..0.665 rows=1 loops=1)
         ->  Limit  (cost=165745.69..165745.69 rows=1 width=84) (actual time=0.662..0.663 rows=1 loops=1)
               ->  Sort  (cost=165745.69..165745.69 rows=1 width=84) (actual time=0.660..0.660 rows=1 loops=1)
                     Sort Key: (st_distance(st_transform(s_1148.the_geom, 25833), '0101000020E96400003832FED7DEDB234119ED59AD200E5741'::geometry))
                     Sort Method: top-N heapsort  Memory: 25kB
                     ->  Seq Scan on phoml_trajectory_tmp s_1148  (cost=0.00..165745.68 rows=1 width=84) (actual time=0.020..0.585 rows=496 loops=1)
                           Filter: ((unix_time >= '1685451355.832'::double precision) AND (unix_time <= '1685451415.832'::double precision) AND st_dwithin(st_transform(the_geom, 25833), '0101000020E96400003832FED7DEDB234119ED59AD200E5741'::geometry, '300'::double precision))
                           Rows Removed by Filter: 3164
   ->  Subquery Scan on "*SELECT* 1150"  (cost=165745.69..165745.70 rows=1 width=76) (actual time=0.702..0.703 rows=1 loops=1)
         ->  Limit  (cost=165745.69..165745.69 rows=1 width=84) (actual time=0.698..0.699 rows=1 loops=1)
               ->  Sort  (cost=165745.69..165745.69 rows=1 width=84) (actual time=0.696..0.696 rows=1 loops=1)
                     Sort Key: (st_distance(st_transform(s_1149.the_geom, 25833), '0101000020E96400007A08F90BE5DB23417791E5A81F0E5741'::geometry))
                     Sort Method: top-N heapsort  Memory: 25kB
                     ->  Seq Scan on phoml_trajectory_tmp s_1149  (cost=0.00..165745.68 rows=1 width=84) (actual time=0.023..0.620 rows=496 loops=1)
                           Filter: ((unix_time >= '1685451356.207'::double precision) AND (unix_time <= '1685451416.207'::double precision) AND st_dwithin(st_transform(the_geom, 25833), '0101000020E96400007A08F90BE5DB23417791E5A81F0E5741'::geometry, '300'::double precision))
                           Rows Removed by Filter: 3164
   ->  Subquery Scan on "*SELECT* 1151"  (cost=165745.69..165745.70 rows=1 width=76) (actual time=0.683..0.684 rows=1 loops=1)
         ->  Limit  (cost=165745.69..165745.69 rows=1 width=84) (actual time=0.679..0.680 rows=1 loops=1)
               ->  Sort  (cost=165745.69..165745.69 rows=1 width=84) (actual time=0.677..0.678 rows=1 loops=1)
                     Sort Key: (st_distance(st_transform(s_1150.the_geom, 25833), '0101000020E9640000D1A015F6EADB234145144E9F1E0E5741'::geometry))
                     Sort Method: top-N heapsort  Memory: 25kB
                     ->  Seq Scan on phoml_trajectory_tmp s_1150  (cost=0.00..165745.68 rows=1 width=84) (actual time=0.019..0.602 rows=500 loops=1)
                           Filter: ((unix_time >= '1685451356.627'::double precision) AND (unix_time <= '1685451416.627'::double precision) AND st_dwithin(st_transform(the_geom, 25833), '0101000020E9640000D1A015F6EADB234145144E9F1E0E5741'::geometry, '300'::double precision))
                           Rows Removed by Filter: 3160
   ->  Subquery Scan on "*SELECT* 1152"  (cost=165745.69..165745.70 rows=1 width=76) (actual time=0.668..0.669 rows=1 loops=1)
         ->  Limit  (cost=165745.69..165745.69 rows=1 width=84) (actual time=0.666..0.667 rows=1 loops=1)
               ->  Sort  (cost=165745.69..165745.69 rows=1 width=84) (actual time=0.664..0.664 rows=1 loops=1)
                     Sort Key: (st_distance(st_transform(s_1151.the_geom, 25833), '0101000020E9640000AA4217E2F0DB23417DB1CFA31D0E5741'::geometry))
                     Sort Method: top-N heapsort  Memory: 25kB
                     ->  Seq Scan on phoml_trajectory_tmp s_1151  (cost=0.00..165745.68 rows=1 width=84) (actual time=0.019..0.588 rows=500 loops=1)
                           Filter: ((unix_time >= '1685451357.079'::double precision) AND (unix_time <= '1685451417.079'::double precision) AND st_dwithin(st_transform(the_geom, 25833), '0101000020E9640000AA4217E2F0DB23417DB1CFA31D0E5741'::geometry, '300'::double precision))
                           Rows Removed by Filter: 3160
   ->  Subquery Scan on "*SELECT* 1153"  (cost=165745.69..165745.70 rows=1 width=76) (actual time=0.705..0.706 rows=1 loops=1)
         ->  Limit  (cost=165745.69..165745.69 rows=1 width=84) (actual time=0.701..0.702 rows=1 loops=1)
               ->  Sort  (cost=165745.69..165745.69 rows=1 width=84) (actual time=0.699..0.700 rows=1 loops=1)
                     Sort Key: (st_distance(st_transform(s_1152.the_geom, 25833), '0101000020E964000088B19CCCF6DB2341AF2A139C1C0E5741'::geometry))
                     Sort Method: top-N heapsort  Memory: 25kB
                     ->  Seq Scan on phoml_trajectory_tmp s_1152  (cost=0.00..165745.68 rows=1 width=84) (actual time=0.020..0.627 rows=500 loops=1)
                           Filter: ((unix_time >= '1685451357.496'::double precision) AND (unix_time <= '1685451417.496'::double precision) AND st_dwithin(st_transform(the_geom, 25833), '0101000020E964000088B19CCCF6DB2341AF2A139C1C0E5741'::geometry, '300'::double precision))
                           Rows Removed by Filter: 3160
   ->  Subquery Scan on "*SELECT* 1154"  (cost=165745.69..165745.70 rows=1 width=76) (actual time=0.688..0.690 rows=1 loops=1)
         ->  Limit  (cost=165745.69..165745.69 rows=1 width=84) (actual time=0.685..0.686 rows=1 loops=1)
               ->  Sort  (cost=165745.69..165745.69 rows=1 width=84) (actual time=0.682..0.683 rows=1 loops=1)
                     Sort Key: (st_distance(st_transform(s_1153.the_geom, 25833), '0101000020E964000012DBB06BFCDB234160F68BA21B0E5741'::geometry))
                     Sort Method: top-N heapsort  Memory: 25kB
                     ->  Seq Scan on phoml_trajectory_tmp s_1153  (cost=0.00..165745.68 rows=1 width=84) (actual time=0.021..0.609 rows=500 loops=1)
                           Filter: ((unix_time >= '1685451357.906'::double precision) AND (unix_time <= '1685451417.906'::double precision) AND st_dwithin(st_transform(the_geom, 25833), '0101000020E964000012DBB06BFCDB234160F68BA21B0E5741'::geometry, '300'::double precision))
                           Rows Removed by Filter: 3160
   ->  Subquery Scan on "*SELECT* 1155"  (cost=165745.69..165745.70 rows=1 width=76) (actual time=0.683..0.684 rows=1 loops=1)
         ->  Limit  (cost=165745.69..165745.69 rows=1 width=84) (actual time=0.680..0.681 rows=1 loops=1)
               ->  Sort  (cost=165745.69..165745.69 rows=1 width=84) (actual time=0.678..0.678 rows=1 loops=1)
                     Sort Key: (st_distance(st_transform(s_1154.the_geom, 25833), '0101000020E96400006696959402DC23411B0672991A0E5741'::geometry))
                     Sort Method: top-N heapsort  Memory: 25kB
                     ->  Seq Scan on phoml_trajectory_tmp s_1154  (cost=0.00..165745.68 rows=1 width=84) (actual time=0.019..0.603 rows=500 loops=1)
                           Filter: ((unix_time >= '1685451358.291'::double precision) AND (unix_time <= '1685451418.291'::double precision) AND st_dwithin(st_transform(the_geom, 25833), '0101000020E96400006696959402DC23411B0672991A0E5741'::geometry, '300'::double precision))
                           Rows Removed by Filter: 3160
   ->  Subquery Scan on "*SELECT* 1156"  (cost=165745.69..165745.70 rows=1 width=76) (actual time=0.677..0.678 rows=1 loops=1)
         ->  Limit  (cost=165745.69..165745.69 rows=1 width=84) (actual time=0.675..0.675 rows=1 loops=1)
               ->  Sort  (cost=165745.69..165745.69 rows=1 width=84) (actual time=0.673..0.673 rows=1 loops=1)
                     Sort Key: (st_distance(st_transform(s_1155.the_geom, 25833), '0101000020E9640000D3C7146D08DC23410409CC97190E5741'::geometry))
                     Sort Method: top-N heapsort  Memory: 25kB
                     ->  Seq Scan on phoml_trajectory_tmp s_1155  (cost=0.00..165745.68 rows=1 width=84) (actual time=0.020..0.599 rows=504 loops=1)
                           Filter: ((unix_time >= '1685451358.752'::double precision) AND (unix_time <= '1685451418.752'::double precision) AND st_dwithin(st_transform(the_geom, 25833), '0101000020E9640000D3C7146D08DC23410409CC97190E5741'::geometry, '300'::double precision))
                           Rows Removed by Filter: 3156
   ->  Subquery Scan on "*SELECT* 1157"  (cost=165745.69..165745.70 rows=1 width=76) (actual time=0.689..0.690 rows=1 loops=1)
         ->  Limit  (cost=165745.69..165745.69 rows=1 width=84) (actual time=0.685..0.686 rows=1 loops=1)
               ->  Sort  (cost=165745.69..165745.69 rows=1 width=84) (actual time=0.683..0.684 rows=1 loops=1)
                     Sort Key: (st_distance(st_transform(s_1156.the_geom, 25833), '0101000020E96400000C2E93B00EDC2341BA607394180E5741'::geometry))
                     Sort Method: top-N heapsort  Memory: 25kB
                     ->  Seq Scan on phoml_trajectory_tmp s_1156  (cost=0.00..165745.68 rows=1 width=84) (actual time=0.019..0.605 rows=504 loops=1)
                           Filter: ((unix_time >= '1685451359.15'::double precision) AND (unix_time <= '1685451419.15'::double precision) AND st_dwithin(st_transform(the_geom, 25833), '0101000020E96400000C2E93B00EDC2341BA607394180E5741'::geometry, '300'::double precision))
                           Rows Removed by Filter: 3156
   ->  Subquery Scan on "*SELECT* 1158"  (cost=165745.69..165745.70 rows=1 width=76) (actual time=0.679..0.680 rows=1 loops=1)
         ->  Limit  (cost=165745.69..165745.69 rows=1 width=84) (actual time=0.675..0.676 rows=1 loops=1)
               ->  Sort  (cost=165745.69..165745.69 rows=1 width=84) (actual time=0.673..0.674 rows=1 loops=1)
                     Sort Key: (st_distance(st_transform(s_1157.the_geom, 25833), '0101000020E964000059DB45B214DC2341DB22FB91170E5741'::geometry))
                     Sort Method: top-N heapsort  Memory: 25kB
                     ->  Seq Scan on phoml_trajectory_tmp s_1157  (cost=0.00..165745.68 rows=1 width=84) (actual time=0.020..0.596 rows=504 loops=1)
                           Filter: ((unix_time >= '1685451359.57'::double precision) AND (unix_time <= '1685451419.57'::double precision) AND st_dwithin(st_transform(the_geom, 25833), '0101000020E964000059DB45B214DC2341DB22FB91170E5741'::geometry, '300'::double precision))
                           Rows Removed by Filter: 3156
   ->  Subquery Scan on "*SELECT* 1159"  (cost=165745.69..165745.70 rows=1 width=76) (actual time=0.669..0.670 rows=1 loops=1)
         ->  Limit  (cost=165745.69..165745.69 rows=1 width=84) (actual time=0.667..0.668 rows=1 loops=1)
               ->  Sort  (cost=165745.69..165745.69 rows=1 width=84) (actual time=0.665..0.665 rows=1 loops=1)
                     Sort Key: (st_distance(st_transform(s_1158.the_geom, 25833), '0101000020E9640000E85D5B031BDC2341EB5BC68B160E5741'::geometry))
                     Sort Method: top-N heapsort  Memory: 25kB
                     ->  Seq Scan on phoml_trajectory_tmp s_1158  (cost=0.00..165745.68 rows=1 width=84) (actual time=0.018..0.591 rows=504 loops=1)
                           Filter: ((unix_time >= '1685451360'::double precision) AND (unix_time <= '1685451420'::double precision) AND st_dwithin(st_transform(the_geom, 25833), '0101000020E9640000E85D5B031BDC2341EB5BC68B160E5741'::geometry, '300'::double precision))
                           Rows Removed by Filter: 3156
   ->  Subquery Scan on "*SELECT* 1160"  (cost=165745.69..165745.70 rows=1 width=76) (actual time=0.685..0.685 rows=1 loops=1)
         ->  Limit  (cost=165745.69..165745.69 rows=1 width=84) (actual time=0.681..0.682 rows=1 loops=1)
               ->  Sort  (cost=165745.69..165745.69 rows=1 width=84) (actual time=0.679..0.680 rows=1 loops=1)
                     Sort Key: (st_distance(st_transform(s_1159.the_geom, 25833), '0101000020E964000030F1453021DC23414A771387150E5741'::geometry))
                     Sort Method: top-N heapsort  Memory: 25kB
                     ->  Seq Scan on phoml_trajectory_tmp s_1159  (cost=0.00..165745.68 rows=1 width=84) (actual time=0.021..0.597 rows=504 loops=1)
                           Filter: ((unix_time >= '1685451360.44'::double precision) AND (unix_time <= '1685451420.44'::double precision) AND st_dwithin(st_transform(the_geom, 25833), '0101000020E964000030F1453021DC23414A771387150E5741'::geometry, '300'::double precision))
                           Rows Removed by Filter: 3156
   ->  Subquery Scan on "*SELECT* 1161"  (cost=165745.69..165745.70 rows=1 width=76) (actual time=0.702..0.704 rows=1 loops=1)
         ->  Limit  (cost=165745.69..165745.69 rows=1 width=84) (actual time=0.698..0.699 rows=1 loops=1)
               ->  Sort  (cost=165745.69..165745.69 rows=1 width=84) (actual time=0.695..0.696 rows=1 loops=1)
                     Sort Key: (st_distance(st_transform(s_1160.the_geom, 25833), '0101000020E9640000B368F68927DC2341D0061A83140E5741'::geometry))
                     Sort Method: top-N heapsort  Memory: 25kB
                     ->  Seq Scan on phoml_trajectory_tmp s_1160  (cost=0.00..165745.68 rows=1 width=84) (actual time=0.019..0.620 rows=504 loops=1)
                           Filter: ((unix_time >= '1685451360.88'::double precision) AND (unix_time <= '1685451420.88'::double precision) AND st_dwithin(st_transform(the_geom, 25833), '0101000020E9640000B368F68927DC2341D0061A83140E5741'::geometry, '300'::double precision))
                           Rows Removed by Filter: 3156
   ->  Subquery Scan on "*SELECT* 1162"  (cost=165745.69..165745.70 rows=1 width=76) (actual time=0.702..0.703 rows=1 loops=1)
         ->  Limit  (cost=165745.69..165745.69 rows=1 width=84) (actual time=0.698..0.699 rows=1 loops=1)
               ->  Sort  (cost=165745.69..165745.69 rows=1 width=84) (actual time=0.696..0.696 rows=1 loops=1)
                     Sort Key: (st_distance(st_transform(s_1161.the_geom, 25833), '0101000020E96400007395EE8C2DDC2341F190DA87130E5741'::geometry))
                     Sort Method: top-N heapsort  Memory: 25kB
                     ->  Seq Scan on phoml_trajectory_tmp s_1161  (cost=0.00..165745.68 rows=1 width=84) (actual time=0.023..0.621 rows=504 loops=1)
                           Filter: ((unix_time >= '1685451361.316'::double precision) AND (unix_time <= '1685451421.316'::double precision) AND st_dwithin(st_transform(the_geom, 25833), '0101000020E96400007395EE8C2DDC2341F190DA87130E5741'::geometry, '300'::double precision))
                           Rows Removed by Filter: 3156
   ->  Subquery Scan on "*SELECT* 1163"  (cost=165745.69..165745.70 rows=1 width=76) (actual time=0.715..0.717 rows=1 loops=1)
         ->  Limit  (cost=165745.69..165745.69 rows=1 width=84) (actual time=0.710..0.710 rows=1 loops=1)
               ->  Sort  (cost=165745.69..165745.69 rows=1 width=84) (actual time=0.707..0.708 rows=1 loops=1)
                     Sort Key: (st_distance(st_transform(s_1162.the_geom, 25833), '0101000020E9640000E664505A33DC2341A720268A120E5741'::geometry))
                     Sort Method: top-N heapsort  Memory: 25kB
                     ->  Seq Scan on phoml_trajectory_tmp s_1162  (cost=0.00..165745.68 rows=1 width=84) (actual time=0.024..0.631 rows=504 loops=1)
                           Filter: ((unix_time >= '1685451361.756'::double precision) AND (unix_time <= '1685451421.756'::double precision) AND st_dwithin(st_transform(the_geom, 25833), '0101000020E9640000E664505A33DC2341A720268A120E5741'::geometry, '300'::double precision))
                           Rows Removed by Filter: 3156
   ->  Subquery Scan on "*SELECT* 1164"  (cost=165745.69..165745.70 rows=1 width=76) (actual time=0.737..0.738 rows=1 loops=1)
         ->  Limit  (cost=165745.69..165745.69 rows=1 width=84) (actual time=0.724..0.725 rows=1 loops=1)
               ->  Sort  (cost=165745.69..165745.69 rows=1 width=84) (actual time=0.722..0.722 rows=1 loops=1)
                     Sort Key: (st_distance(st_transform(s_1163.the_geom, 25833), '0101000020E96400008BF7E54638DC23411CA82696110E5741'::geometry))
                     Sort Method: top-N heapsort  Memory: 25kB
                     ->  Seq Scan on phoml_trajectory_tmp s_1163  (cost=0.00..165745.68 rows=1 width=84) (actual time=0.022..0.641 rows=504 loops=1)
                           Filter: ((unix_time >= '1685451362.188'::double precision) AND (unix_time <= '1685451422.188'::double precision) AND st_dwithin(st_transform(the_geom, 25833), '0101000020E96400008BF7E54638DC23411CA82696110E5741'::geometry, '300'::double precision))
                           Rows Removed by Filter: 3156
   ->  Subquery Scan on "*SELECT* 1165"  (cost=165745.69..165745.70 rows=1 width=76) (actual time=0.714..0.715 rows=1 loops=1)
         ->  Limit  (cost=165745.69..165745.69 rows=1 width=84) (actual time=0.708..0.708 rows=1 loops=1)
               ->  Sort  (cost=165745.69..165745.69 rows=1 width=84) (actual time=0.703..0.704 rows=1 loops=1)
                     Sort Key: (st_distance(st_transform(s_1164.the_geom, 25833), '0101000020E9640000259402873CDC2341BF6245A3100E5741'::geometry))
                     Sort Method: top-N heapsort  Memory: 25kB
                     ->  Seq Scan on phoml_trajectory_tmp s_1164  (cost=0.00..165745.68 rows=1 width=84) (actual time=0.028..0.611 rows=504 loops=1)
                           Filter: ((unix_time >= '1685451362.618'::double precision) AND (unix_time <= '1685451422.618'::double precision) AND st_dwithin(st_transform(the_geom, 25833), '0101000020E9640000259402873CDC2341BF6245A3100E5741'::geometry, '300'::double precision))
                           Rows Removed by Filter: 3156
   ->  Subquery Scan on "*SELECT* 1166"  (cost=165745.69..165745.70 rows=1 width=76) (actual time=0.688..0.689 rows=1 loops=1)
         ->  Limit  (cost=165745.69..165745.69 rows=1 width=84) (actual time=0.685..0.686 rows=1 loops=1)
               ->  Sort  (cost=165745.69..165745.69 rows=1 width=84) (actual time=0.683..0.683 rows=1 loops=1)
                     Sort Key: (st_distance(st_transform(s_1165.the_geom, 25833), '0101000020E96400008A3E3C1640DC2341FD6367BD0F0E5741'::geometry))
                     Sort Method: top-N heapsort  Memory: 25kB
                     ->  Seq Scan on phoml_trajectory_tmp s_1165  (cost=0.00..165745.68 rows=1 width=84) (actual time=0.025..0.607 rows=504 loops=1)
                           Filter: ((unix_time >= '1685451363.038'::double precision) AND (unix_time <= '1685451423.038'::double precision) AND st_dwithin(st_transform(the_geom, 25833), '0101000020E96400008A3E3C1640DC2341FD6367BD0F0E5741'::geometry, '300'::double precision))
                           Rows Removed by Filter: 3156
   ->  Subquery Scan on "*SELECT* 1167"  (cost=165745.69..165745.70 rows=1 width=76) (actual time=0.697..0.698 rows=1 loops=1)
         ->  Limit  (cost=165745.69..165745.69 rows=1 width=84) (actual time=0.694..0.695 rows=1 loops=1)
               ->  Sort  (cost=165745.69..165745.69 rows=1 width=84) (actual time=0.692..0.692 rows=1 loops=1)
                     Sort Key: (st_distance(st_transform(s_1166.the_geom, 25833), '0101000020E96400008933B13843DC2341638130C90E0E5741'::geometry))
                     Sort Method: top-N heapsort  Memory: 25kB
                     ->  Seq Scan on phoml_trajectory_tmp s_1166  (cost=0.00..165745.68 rows=1 width=84) (actual time=0.019..0.618 rows=504 loops=1)
                           Filter: ((unix_time >= '1685451363.464'::double precision) AND (unix_time <= '1685451423.464'::double precision) AND st_dwithin(st_transform(the_geom, 25833), '0101000020E96400008933B13843DC2341638130C90E0E5741'::geometry, '300'::double precision))
                           Rows Removed by Filter: 3156
   ->  Subquery Scan on "*SELECT* 1168"  (cost=165745.69..165745.70 rows=1 width=76) (actual time=0.687..0.689 rows=1 loops=1)
         ->  Limit  (cost=165745.69..165745.69 rows=1 width=84) (actual time=0.684..0.685 rows=1 loops=1)
               ->  Sort  (cost=165745.69..165745.69 rows=1 width=84) (actual time=0.681..0.682 rows=1 loops=1)
                     Sort Key: (st_distance(st_transform(s_1167.the_geom, 25833), '0101000020E964000091F6540F46DC23417C58E9D80D0E5741'::geometry))
                     Sort Method: top-N heapsort  Memory: 25kB
                     ->  Seq Scan on phoml_trajectory_tmp s_1167  (cost=0.00..165745.68 rows=1 width=84) (actual time=0.018..0.607 rows=500 loops=1)
                           Filter: ((unix_time >= '1685451363.884'::double precision) AND (unix_time <= '1685451423.884'::double precision) AND st_dwithin(st_transform(the_geom, 25833), '0101000020E964000091F6540F46DC23417C58E9D80D0E5741'::geometry, '300'::double precision))
                           Rows Removed by Filter: 3160
   ->  Subquery Scan on "*SELECT* 1169"  (cost=165745.69..165745.70 rows=1 width=76) (actual time=0.697..0.698 rows=1 loops=1)
         ->  Limit  (cost=165745.69..165745.69 rows=1 width=84) (actual time=0.694..0.695 rows=1 loops=1)
               ->  Sort  (cost=165745.69..165745.69 rows=1 width=84) (actual time=0.692..0.692 rows=1 loops=1)
                     Sort Key: (st_distance(st_transform(s_1168.the_geom, 25833), '0101000020E96400007E6D67C048DC234147CF6BEB0C0E5741'::geometry))
                     Sort Method: top-N heapsort  Memory: 25kB
                     ->  Seq Scan on phoml_trajectory_tmp s_1168  (cost=0.00..165745.68 rows=1 width=84) (actual time=0.019..0.616 rows=500 loops=1)
                           Filter: ((unix_time >= '1685451364.289'::double precision) AND (unix_time <= '1685451424.289'::double precision) AND st_dwithin(st_transform(the_geom, 25833), '0101000020E96400007E6D67C048DC234147CF6BEB0C0E5741'::geometry, '300'::double precision))
                           Rows Removed by Filter: 3160
   ->  Subquery Scan on "*SELECT* 1170"  (cost=165745.69..165745.70 rows=1 width=76) (actual time=0.686..0.687 rows=1 loops=1)
         ->  Limit  (cost=165745.69..165745.69 rows=1 width=84) (actual time=0.684..0.685 rows=1 loops=1)
               ->  Sort  (cost=165745.69..165745.69 rows=1 width=84) (actual time=0.682..0.682 rows=1 loops=1)
                     Sort Key: (st_distance(st_transform(s_1169.the_geom, 25833), '0101000020E96400008EAFC6E94BDC2341CF80ACE10B0E5741'::geometry))
                     Sort Method: top-N heapsort  Memory: 25kB
                     ->  Seq Scan on phoml_trajectory_tmp s_1169  (cost=0.00..165745.68 rows=1 width=84) (actual time=0.026..0.608 rows=500 loops=1)
                           Filter: ((unix_time >= '1685451364.709'::double precision) AND (unix_time <= '1685451424.709'::double precision) AND st_dwithin(st_transform(the_geom, 25833), '0101000020E96400008EAFC6E94BDC2341CF80ACE10B0E5741'::geometry, '300'::double precision))
                           Rows Removed by Filter: 3160
   ->  Subquery Scan on "*SELECT* 1171"  (cost=165745.69..165745.70 rows=1 width=76) (actual time=0.689..0.690 rows=1 loops=1)
         ->  Limit  (cost=165745.69..165745.69 rows=1 width=84) (actual time=0.686..0.687 rows=1 loops=1)
               ->  Sort  (cost=165745.69..165745.69 rows=1 width=84) (actual time=0.683..0.684 rows=1 loops=1)
                     Sort Key: (st_distance(st_transform(s_1170.the_geom, 25833), '0101000020E96400008449E0DE4EDC23415F4917D90A0E5741'::geometry))
                     Sort Method: top-N heapsort  Memory: 25kB
                     ->  Seq Scan on phoml_trajectory_tmp s_1170  (cost=0.00..165745.68 rows=1 width=84) (actual time=0.018..0.608 rows=500 loops=1)
                           Filter: ((unix_time >= '1685451365.109'::double precision) AND (unix_time <= '1685451425.109'::double precision) AND st_dwithin(st_transform(the_geom, 25833), '0101000020E96400008449E0DE4EDC23415F4917D90A0E5741'::geometry, '300'::double precision))
                           Rows Removed by Filter: 3160
   ->  Subquery Scan on "*SELECT* 1172"  (cost=165745.69..165745.70 rows=1 width=76) (actual time=0.696..0.698 rows=1 loops=1)
         ->  Limit  (cost=165745.69..165745.69 rows=1 width=84) (actual time=0.692..0.693 rows=1 loops=1)
               ->  Sort  (cost=165745.69..165745.69 rows=1 width=84) (actual time=0.690..0.691 rows=1 loops=1)
                     Sort Key: (st_distance(st_transform(s_1171.the_geom, 25833), '0101000020E9640000F7603A0952DC2341F367FEC8090E5741'::geometry))
                     Sort Method: top-N heapsort  Memory: 25kB
                     ->  Seq Scan on phoml_trajectory_tmp s_1171  (cost=0.00..165745.68 rows=1 width=84) (actual time=0.019..0.616 rows=500 loops=1)
                           Filter: ((unix_time >= '1685451365.514'::double precision) AND (unix_time <= '1685451425.514'::double precision) AND st_dwithin(st_transform(the_geom, 25833), '0101000020E9640000F7603A0952DC2341F367FEC8090E5741'::geometry, '300'::double precision))
                           Rows Removed by Filter: 3160
   ->  Subquery Scan on "*SELECT* 1173"  (cost=165745.69..165745.70 rows=1 width=76) (actual time=0.704..0.705 rows=1 loops=1)
         ->  Limit  (cost=165745.69..165745.69 rows=1 width=84) (actual time=0.701..0.702 rows=1 loops=1)
               ->  Sort  (cost=165745.69..165745.69 rows=1 width=84) (actual time=0.699..0.699 rows=1 loops=1)
                     Sort Key: (st_distance(st_transform(s_1172.the_geom, 25833), '0101000020E96400002250B86355DC2341E14F1DAC080E5741'::geometry))
                     Sort Method: top-N heapsort  Memory: 25kB
                     ->  Seq Scan on phoml_trajectory_tmp s_1172  (cost=0.00..165745.68 rows=1 width=84) (actual time=0.022..0.621 rows=496 loops=1)
                           Filter: ((unix_time >= '1685451365.914'::double precision) AND (unix_time <= '1685451425.914'::double precision) AND st_dwithin(st_transform(the_geom, 25833), '0101000020E96400002250B86355DC2341E14F1DAC080E5741'::geometry, '300'::double precision))
                           Rows Removed by Filter: 3164
   ->  Subquery Scan on "*SELECT* 1174"  (cost=165745.69..165745.70 rows=1 width=76) (actual time=0.688..0.689 rows=1 loops=1)
         ->  Limit  (cost=165745.69..165745.69 rows=1 width=84) (actual time=0.685..0.686 rows=1 loops=1)
               ->  Sort  (cost=165745.69..165745.69 rows=1 width=84) (actual time=0.683..0.683 rows=1 loops=1)
                     Sort Key: (st_distance(st_transform(s_1173.the_geom, 25833), '0101000020E96400008A822EEA58DC2341CD502992070E5741'::geometry))
                     Sort Method: top-N heapsort  Memory: 25kB
                     ->  Seq Scan on phoml_trajectory_tmp s_1173  (cost=0.00..165745.68 rows=1 width=84) (actual time=0.021..0.603 rows=496 loops=1)
                           Filter: ((unix_time >= '1685451366.297'::double precision) AND (unix_time <= '1685451426.297'::double precision) AND st_dwithin(st_transform(the_geom, 25833), '0101000020E96400008A822EEA58DC2341CD502992070E5741'::geometry, '300'::double precision))
                           Rows Removed by Filter: 3164
   ->  Subquery Scan on "*SELECT* 1175"  (cost=165745.69..165745.70 rows=1 width=76) (actual time=0.726..0.727 rows=1 loops=1)
         ->  Limit  (cost=165745.69..165745.69 rows=1 width=84) (actual time=0.721..0.722 rows=1 loops=1)
               ->  Sort  (cost=165745.69..165745.69 rows=1 width=84) (actual time=0.719..0.719 rows=1 loops=1)
                     Sort Key: (st_distance(st_transform(s_1174.the_geom, 25833), '0101000020E96400009215DA875CDC2341488F9F6B060E5741'::geometry))
                     Sort Method: top-N heapsort  Memory: 25kB
                     ->  Seq Scan on phoml_trajectory_tmp s_1174  (cost=0.00..165745.68 rows=1 width=84) (actual time=0.019..0.643 rows=496 loops=1)
                           Filter: ((unix_time >= '1685451366.697'::double precision) AND (unix_time <= '1685451426.697'::double precision) AND st_dwithin(st_transform(the_geom, 25833), '0101000020E96400009215DA875CDC2341488F9F6B060E5741'::geometry, '300'::double precision))
                           Rows Removed by Filter: 3164
   ->  Subquery Scan on "*SELECT* 1176"  (cost=165745.69..165745.70 rows=1 width=76) (actual time=0.690..0.691 rows=1 loops=1)
         ->  Limit  (cost=165745.69..165745.69 rows=1 width=84) (actual time=0.687..0.688 rows=1 loops=1)
               ->  Sort  (cost=165745.69..165745.69 rows=1 width=84) (actual time=0.684..0.685 rows=1 loops=1)
                     Sort Key: (st_distance(st_transform(s_1175.the_geom, 25833), '0101000020E9640000C587DDFD5FDC2341108EE84F050E5741'::geometry))
                     Sort Method: top-N heapsort  Memory: 25kB
                     ->  Seq Scan on phoml_trajectory_tmp s_1175  (cost=0.00..165745.68 rows=1 width=84) (actual time=0.024..0.602 rows=492 loops=1)
                           Filter: ((unix_time >= '1685451367.077'::double precision) AND (unix_time <= '1685451427.077'::double precision) AND st_dwithin(st_transform(the_geom, 25833), '0101000020E9640000C587DDFD5FDC2341108EE84F050E5741'::geometry, '300'::double precision))
                           Rows Removed by Filter: 3168
   ->  Subquery Scan on "*SELECT* 1177"  (cost=165745.69..165745.70 rows=1 width=76) (actual time=0.689..0.690 rows=1 loops=1)
         ->  Limit  (cost=165745.69..165745.69 rows=1 width=84) (actual time=0.687..0.688 rows=1 loops=1)
               ->  Sort  (cost=165745.69..165745.69 rows=1 width=84) (actual time=0.685..0.685 rows=1 loops=1)
                     Sort Key: (st_distance(st_transform(s_1176.the_geom, 25833), '0101000020E9640000D078C8DF63DC2341A6310720040E5741'::geometry))
                     Sort Method: top-N heapsort  Memory: 25kB
                     ->  Seq Scan on phoml_trajectory_tmp s_1176  (cost=0.00..165745.68 rows=1 width=84) (actual time=0.020..0.609 rows=492 loops=1)
                           Filter: ((unix_time >= '1685451367.457'::double precision) AND (unix_time <= '1685451427.457'::double precision) AND st_dwithin(st_transform(the_geom, 25833), '0101000020E9640000D078C8DF63DC2341A6310720040E5741'::geometry, '300'::double precision))
                           Rows Removed by Filter: 3168
   ->  Subquery Scan on "*SELECT* 1178"  (cost=165745.69..165745.70 rows=1 width=76) (actual time=0.694..0.695 rows=1 loops=1)
         ->  Limit  (cost=165745.69..165745.69 rows=1 width=84) (actual time=0.690..0.690 rows=1 loops=1)
               ->  Sort  (cost=165745.69..165745.69 rows=1 width=84) (actual time=0.688..0.688 rows=1 loops=1)
                     Sort Key: (st_distance(st_transform(s_1177.the_geom, 25833), '0101000020E9640000BA708BCB67DC2341BBE6FCF5020E5741'::geometry))
                     Sort Method: top-N heapsort  Memory: 25kB
                     ->  Seq Scan on phoml_trajectory_tmp s_1177  (cost=0.00..165745.68 rows=1 width=84) (actual time=0.022..0.612 rows=492 loops=1)
                           Filter: ((unix_time >= '1685451367.879'::double precision) AND (unix_time <= '1685451427.879'::double precision) AND st_dwithin(st_transform(the_geom, 25833), '0101000020E9640000BA708BCB67DC2341BBE6FCF5020E5741'::geometry, '300'::double precision))
                           Rows Removed by Filter: 3168
   ->  Subquery Scan on "*SELECT* 1179"  (cost=165745.69..165745.70 rows=1 width=76) (actual time=0.689..0.690 rows=1 loops=1)
         ->  Limit  (cost=165745.69..165745.69 rows=1 width=84) (actual time=0.685..0.686 rows=1 loops=1)
               ->  Sort  (cost=165745.69..165745.69 rows=1 width=84) (actual time=0.683..0.684 rows=1 loops=1)
                     Sort Key: (st_distance(st_transform(s_1178.the_geom, 25833), '0101000020E9640000A7EE74A66BDC234166307DCD010E5741'::geometry))
                     Sort Method: top-N heapsort  Memory: 25kB
                     ->  Seq Scan on phoml_trajectory_tmp s_1178  (cost=0.00..165745.68 rows=1 width=84) (actual time=0.019..0.608 rows=492 loops=1)
                           Filter: ((unix_time >= '1685451368.204'::double precision) AND (unix_time <= '1685451428.204'::double precision) AND st_dwithin(st_transform(the_geom, 25833), '0101000020E9640000A7EE74A66BDC234166307DCD010E5741'::geometry, '300'::double precision))
                           Rows Removed by Filter: 3168
   ->  Subquery Scan on "*SELECT* 1180"  (cost=165745.69..165745.70 rows=1 width=76) (actual time=0.677..0.678 rows=1 loops=1)
         ->  Limit  (cost=165745.69..165745.69 rows=1 width=84) (actual time=0.675..0.676 rows=1 loops=1)
               ->  Sort  (cost=165745.69..165745.69 rows=1 width=84) (actual time=0.673..0.673 rows=1 loops=1)
                     Sort Key: (st_distance(st_transform(s_1179.the_geom, 25833), '0101000020E96400001F14A2796FDC2341F1ADD5A5000E5741'::geometry))
                     Sort Method: top-N heapsort  Memory: 25kB
                     ->  Seq Scan on phoml_trajectory_tmp s_1179  (cost=0.00..165745.68 rows=1 width=84) (actual time=0.024..0.600 rows=488 loops=1)
                           Filter: ((unix_time >= '1685451368.574'::double precision) AND (unix_time <= '1685451428.574'::double precision) AND st_dwithin(st_transform(the_geom, 25833), '0101000020E96400001F14A2796FDC2341F1ADD5A5000E5741'::geometry, '300'::double precision))
                           Rows Removed by Filter: 3172
   ->  Subquery Scan on "*SELECT* 1181"  (cost=165745.69..165745.70 rows=1 width=76) (actual time=0.685..0.687 rows=1 loops=1)
         ->  Limit  (cost=165745.69..165745.69 rows=1 width=84) (actual time=0.682..0.683 rows=1 loops=1)
               ->  Sort  (cost=165745.69..165745.69 rows=1 width=84) (actual time=0.680..0.680 rows=1 loops=1)
                     Sort Key: (st_distance(st_transform(s_1180.the_geom, 25833), '0101000020E9640000C54C1C6F73DC2341032CD773FF0D5741'::geometry))
                     Sort Method: top-N heapsort  Memory: 25kB
                     ->  Seq Scan on phoml_trajectory_tmp s_1180  (cost=0.00..165745.68 rows=1 width=84) (actual time=0.020..0.606 rows=488 loops=1)
                           Filter: ((unix_time >= '1685451368.944'::double precision) AND (unix_time <= '1685451428.944'::double precision) AND st_dwithin(st_transform(the_geom, 25833), '0101000020E9640000C54C1C6F73DC2341032CD773FF0D5741'::geometry, '300'::double precision))
                           Rows Removed by Filter: 3172
   ->  Subquery Scan on "*SELECT* 1182"  (cost=165745.69..165745.70 rows=1 width=76) (actual time=0.714..0.715 rows=1 loops=1)
         ->  Limit  (cost=165745.69..165745.69 rows=1 width=84) (actual time=0.710..0.711 rows=1 loops=1)
               ->  Sort  (cost=165745.69..165745.69 rows=1 width=84) (actual time=0.707..0.708 rows=1 loops=1)
                     Sort Key: (st_distance(st_transform(s_1181.the_geom, 25833), '0101000020E96400004997F99177DC23416CB28544FE0D5741'::geometry))
                     Sort Method: top-N heapsort  Memory: 25kB
                     ->  Seq Scan on phoml_trajectory_tmp s_1181  (cost=0.00..165745.68 rows=1 width=84) (actual time=0.023..0.634 rows=484 loops=1)
                           Filter: ((unix_time >= '1685451369.307'::double precision) AND (unix_time <= '1685451429.307'::double precision) AND st_dwithin(st_transform(the_geom, 25833), '0101000020E96400004997F99177DC23416CB28544FE0D5741'::geometry, '300'::double precision))
                           Rows Removed by Filter: 3176
   ->  Subquery Scan on "*SELECT* 1183"  (cost=165745.69..165745.70 rows=1 width=76) (actual time=0.683..0.684 rows=1 loops=1)
         ->  Limit  (cost=165745.69..165745.69 rows=1 width=84) (actual time=0.680..0.680 rows=1 loops=1)
               ->  Sort  (cost=165745.69..165745.69 rows=1 width=84) (actual time=0.677..0.678 rows=1 loops=1)
                     Sort Key: (st_distance(st_transform(s_1182.the_geom, 25833), '0101000020E96400000690C0177CDC234197CEEA0FFD0D5741'::geometry))
                     Sort Method: top-N heapsort  Memory: 25kB
                     ->  Seq Scan on phoml_trajectory_tmp s_1182  (cost=0.00..165745.68 rows=1 width=84) (actual time=0.025..0.602 rows=484 loops=1)
                           Filter: ((unix_time >= '1685451369.676'::double precision) AND (unix_time <= '1685451429.676'::double precision) AND st_dwithin(st_transform(the_geom, 25833), '0101000020E96400000690C0177CDC234197CEEA0FFD0D5741'::geometry, '300'::double precision))
                           Rows Removed by Filter: 3176
   ->  Subquery Scan on "*SELECT* 1184"  (cost=165745.69..165745.70 rows=1 width=76) (actual time=0.698..0.699 rows=1 loops=1)
         ->  Limit  (cost=165745.69..165745.69 rows=1 width=84) (actual time=0.696..0.696 rows=1 loops=1)
               ->  Sort  (cost=165745.69..165745.69 rows=1 width=84) (actual time=0.679..0.679 rows=1 loops=1)
                     Sort Key: (st_distance(st_transform(s_1183.the_geom, 25833), '0101000020E964000016F8ECD580DC2341B222BFDDFB0D5741'::geometry))
                     Sort Method: top-N heapsort  Memory: 25kB
                     ->  Seq Scan on phoml_trajectory_tmp s_1183  (cost=0.00..165745.68 rows=1 width=84) (actual time=0.021..0.606 rows=484 loops=1)
                           Filter: ((unix_time >= '1685451370.037'::double precision) AND (unix_time <= '1685451430.037'::double precision) AND st_dwithin(st_transform(the_geom, 25833), '0101000020E964000016F8ECD580DC2341B222BFDDFB0D5741'::geometry, '300'::double precision))
                           Rows Removed by Filter: 3176
   ->  Subquery Scan on "*SELECT* 1185"  (cost=165745.69..165745.70 rows=1 width=76) (actual time=0.692..0.693 rows=1 loops=1)
         ->  Limit  (cost=165745.69..165745.69 rows=1 width=84) (actual time=0.688..0.689 rows=1 loops=1)
               ->  Sort  (cost=165745.69..165745.69 rows=1 width=84) (actual time=0.686..0.687 rows=1 loops=1)
                     Sort Key: (st_distance(st_transform(s_1184.the_geom, 25833), '0101000020E96400008E3B330B86DC2341555B27A1FA0D5741'::geometry))
                     Sort Method: top-N heapsort  Memory: 25kB
                     ->  Seq Scan on phoml_trajectory_tmp s_1184  (cost=0.00..165745.68 rows=1 width=84) (actual time=0.021..0.612 rows=484 loops=1)
                           Filter: ((unix_time >= '1685451370.412'::double precision) AND (unix_time <= '1685451430.412'::double precision) AND st_dwithin(st_transform(the_geom, 25833), '0101000020E96400008E3B330B86DC2341555B27A1FA0D5741'::geometry, '300'::double precision))
                           Rows Removed by Filter: 3176
   ->  Subquery Scan on "*SELECT* 1186"  (cost=165745.69..165745.70 rows=1 width=76) (actual time=0.683..0.684 rows=1 loops=1)
         ->  Limit  (cost=165745.69..165745.69 rows=1 width=84) (actual time=0.679..0.680 rows=1 loops=1)
               ->  Sort  (cost=165745.69..165745.69 rows=1 width=84) (actual time=0.677..0.678 rows=1 loops=1)
                     Sort Key: (st_distance(st_transform(s_1185.the_geom, 25833), '0101000020E964000046AA16808BDC23410C5F236AF90D5741'::geometry))
                     Sort Method: top-N heapsort  Memory: 25kB
                     ->  Seq Scan on phoml_trajectory_tmp s_1185  (cost=0.00..165745.68 rows=1 width=84) (actual time=0.026..0.606 rows=480 loops=1)
                           Filter: ((unix_time >= '1685451370.782'::double precision) AND (unix_time <= '1685451430.782'::double precision) AND st_dwithin(st_transform(the_geom, 25833), '0101000020E964000046AA16808BDC23410C5F236AF90D5741'::geometry, '300'::double precision))
                           Rows Removed by Filter: 3180
   ->  Subquery Scan on "*SELECT* 1187"  (cost=165745.69..165745.70 rows=1 width=76) (actual time=0.686..0.688 rows=1 loops=1)
         ->  Limit  (cost=165745.69..165745.69 rows=1 width=84) (actual time=0.683..0.684 rows=1 loops=1)
               ->  Sort  (cost=165745.69..165745.69 rows=1 width=84) (actual time=0.681..0.681 rows=1 loops=1)
                     Sort Key: (st_distance(st_transform(s_1186.the_geom, 25833), '0101000020E9640000A31694E491DC2341AE1BE222F80D5741'::geometry))
                     Sort Method: top-N heapsort  Memory: 25kB
                     ->  Seq Scan on phoml_trajectory_tmp s_1186  (cost=0.00..165745.68 rows=1 width=84) (actual time=0.021..0.607 rows=480 loops=1)
                           Filter: ((unix_time >= '1685451371.166'::double precision) AND (unix_time <= '1685451431.166'::double precision) AND st_dwithin(st_transform(the_geom, 25833), '0101000020E9640000A31694E491DC2341AE1BE222F80D5741'::geometry, '300'::double precision))
                           Rows Removed by Filter: 3180
   ->  Subquery Scan on "*SELECT* 1188"  (cost=165745.69..165745.70 rows=1 width=76) (actual time=0.694..0.695 rows=1 loops=1)
         ->  Limit  (cost=165745.69..165745.69 rows=1 width=84) (actual time=0.690..0.691 rows=1 loops=1)
               ->  Sort  (cost=165745.69..165745.69 rows=1 width=84) (actual time=0.688..0.689 rows=1 loops=1)
                     Sort Key: (st_distance(st_transform(s_1187.the_geom, 25833), '0101000020E9640000C4E0A26F98DC23416CE437F0F60D5741'::geometry))
                     Sort Method: top-N heapsort  Memory: 25kB
                     ->  Seq Scan on phoml_trajectory_tmp s_1187  (cost=0.00..165745.68 rows=1 width=84) (actual time=0.022..0.616 rows=480 loops=1)
                           Filter: ((unix_time >= '1685451371.526'::double precision) AND (unix_time <= '1685451431.526'::double precision) AND st_dwithin(st_transform(the_geom, 25833), '0101000020E9640000C4E0A26F98DC23416CE437F0F60D5741'::geometry, '300'::double precision))
                           Rows Removed by Filter: 3180
   ->  Subquery Scan on "*SELECT* 1189"  (cost=165745.69..165745.70 rows=1 width=76) (actual time=0.719..0.720 rows=1 loops=1)
         ->  Limit  (cost=165745.69..165745.69 rows=1 width=84) (actual time=0.714..0.715 rows=1 loops=1)
               ->  Sort  (cost=165745.69..165745.69 rows=1 width=84) (actual time=0.710..0.710 rows=1 loops=1)
                     Sort Key: (st_distance(st_transform(s_1188.the_geom, 25833), '0101000020E9640000A03140DB9FDC2341836875B1F50D5741'::geometry))
                     Sort Method: top-N heapsort  Memory: 25kB
                     ->  Seq Scan on phoml_trajectory_tmp s_1188  (cost=0.00..165745.68 rows=1 width=84) (actual time=0.029..0.632 rows=484 loops=1)
                           Filter: ((unix_time >= '1685451371.906'::double precision) AND (unix_time <= '1685451431.906'::double precision) AND st_dwithin(st_transform(the_geom, 25833), '0101000020E9640000A03140DB9FDC2341836875B1F50D5741'::geometry, '300'::double precision))
                           Rows Removed by Filter: 3176
   ->  Subquery Scan on "*SELECT* 1190"  (cost=165745.69..165745.70 rows=1 width=76) (actual time=0.691..0.692 rows=1 loops=1)
         ->  Limit  (cost=165745.69..165745.69 rows=1 width=84) (actual time=0.687..0.688 rows=1 loops=1)
               ->  Sort  (cost=165745.69..165745.69 rows=1 width=84) (actual time=0.684..0.685 rows=1 loops=1)
                     Sort Key: (st_distance(st_transform(s_1189.the_geom, 25833), '0101000020E96400007B99F282A7DC2341BE9ECF7FF40D5741'::geometry))
                     Sort Method: top-N heapsort  Memory: 25kB
                     ->  Seq Scan on phoml_trajectory_tmp s_1189  (cost=0.00..165745.68 rows=1 width=84) (actual time=0.030..0.611 rows=484 loops=1)
                           Filter: ((unix_time >= '1685451372.279'::double precision) AND (unix_time <= '1685451432.279'::double precision) AND st_dwithin(st_transform(the_geom, 25833), '0101000020E96400007B99F282A7DC2341BE9ECF7FF40D5741'::geometry, '300'::double precision))
                           Rows Removed by Filter: 3176
   ->  Subquery Scan on "*SELECT* 1191"  (cost=165745.69..165745.70 rows=1 width=76) (actual time=0.689..0.690 rows=1 loops=1)
         ->  Limit  (cost=165745.69..165745.69 rows=1 width=84) (actual time=0.685..0.686 rows=1 loops=1)
               ->  Sort  (cost=165745.69..165745.69 rows=1 width=84) (actual time=0.683..0.684 rows=1 loops=1)
                     Sort Key: (st_distance(st_transform(s_1190.the_geom, 25833), '0101000020E9640000DD4F2020AFDC234150E0B461F30D5741'::geometry))
                     Sort Method: top-N heapsort  Memory: 25kB
                     ->  Seq Scan on phoml_trajectory_tmp s_1190  (cost=0.00..165745.68 rows=1 width=84) (actual time=0.021..0.610 rows=484 loops=1)
                           Filter: ((unix_time >= '1685451372.649'::double precision) AND (unix_time <= '1685451432.649'::double precision) AND st_dwithin(st_transform(the_geom, 25833), '0101000020E9640000DD4F2020AFDC234150E0B461F30D5741'::geometry, '300'::double precision))
                           Rows Removed by Filter: 3176
   ->  Subquery Scan on "*SELECT* 1192"  (cost=165745.69..165745.70 rows=1 width=76) (actual time=0.686..0.687 rows=1 loops=1)
         ->  Limit  (cost=165745.69..165745.69 rows=1 width=84) (actual time=0.683..0.683 rows=1 loops=1)
               ->  Sort  (cost=165745.69..165745.69 rows=1 width=84) (actual time=0.681..0.681 rows=1 loops=1)
                     Sort Key: (st_distance(st_transform(s_1191.the_geom, 25833), '0101000020E9640000B2420401B7DC2341CF55B549F20D5741'::geometry))
                     Sort Method: top-N heapsort  Memory: 25kB
                     ->  Seq Scan on phoml_trajectory_tmp s_1191  (cost=0.00..165745.68 rows=1 width=84) (actual time=0.023..0.607 rows=484 loops=1)
                           Filter: ((unix_time >= '1685451373.029'::double precision) AND (unix_time <= '1685451433.029'::double precision) AND st_dwithin(st_transform(the_geom, 25833), '0101000020E9640000B2420401B7DC2341CF55B549F20D5741'::geometry, '300'::double precision))
                           Rows Removed by Filter: 3176
   ->  Subquery Scan on "*SELECT* 1193"  (cost=165745.69..165745.70 rows=1 width=76) (actual time=0.686..0.687 rows=1 loops=1)
         ->  Limit  (cost=165745.69..165745.69 rows=1 width=84) (actual time=0.683..0.683 rows=1 loops=1)
               ->  Sort  (cost=165745.69..165745.69 rows=1 width=84) (actual time=0.680..0.681 rows=1 loops=1)
                     Sort Key: (st_distance(st_transform(s_1192.the_geom, 25833), '0101000020E9640000AABE6372BFDC23418F113634F10D5741'::geometry))
                     Sort Method: top-N heapsort  Memory: 25kB
                     ->  Seq Scan on phoml_trajectory_tmp s_1192  (cost=0.00..165745.68 rows=1 width=84) (actual time=0.022..0.608 rows=484 loops=1)
                           Filter: ((unix_time >= '1685451373.405'::double precision) AND (unix_time <= '1685451433.405'::double precision) AND st_dwithin(st_transform(the_geom, 25833), '0101000020E9640000AABE6372BFDC23418F113634F10D5741'::geometry, '300'::double precision))
                           Rows Removed by Filter: 3176
   ->  Subquery Scan on "*SELECT* 1194"  (cost=165745.69..165745.70 rows=1 width=76) (actual time=0.717..0.719 rows=1 loops=1)
         ->  Limit  (cost=165745.69..165745.69 rows=1 width=84) (actual time=0.713..0.714 rows=1 loops=1)
               ->  Sort  (cost=165745.69..165745.69 rows=1 width=84) (actual time=0.711..0.711 rows=1 loops=1)
                     Sort Key: (st_distance(st_transform(s_1193.the_geom, 25833), '0101000020E964000025158B61C8DC234120824B28F00D5741'::geometry))
                     Sort Method: top-N heapsort  Memory: 25kB
                     ->  Seq Scan on phoml_trajectory_tmp s_1193  (cost=0.00..165745.68 rows=1 width=84) (actual time=0.024..0.635 rows=484 loops=1)
                           Filter: ((unix_time >= '1685451373.785'::double precision) AND (unix_time <= '1685451433.785'::double precision) AND st_dwithin(st_transform(the_geom, 25833), '0101000020E964000025158B61C8DC234120824B28F00D5741'::geometry, '300'::double precision))
                           Rows Removed by Filter: 3176
   ->  Subquery Scan on "*SELECT* 1195"  (cost=165745.69..165745.70 rows=1 width=76) (actual time=0.693..0.694 rows=1 loops=1)
         ->  Limit  (cost=165745.69..165745.69 rows=1 width=84) (actual time=0.690..0.691 rows=1 loops=1)
               ->  Sort  (cost=165745.69..165745.69 rows=1 width=84) (actual time=0.688..0.689 rows=1 loops=1)
                     Sort Key: (st_distance(st_transform(s_1194.the_geom, 25833), '0101000020E96400008FF1A899D1DC23418DD7101BEF0D5741'::geometry))
                     Sort Method: top-N heapsort  Memory: 25kB
                     ->  Seq Scan on phoml_trajectory_tmp s_1194  (cost=0.00..165745.68 rows=1 width=84) (actual time=0.023..0.616 rows=484 loops=1)
                           Filter: ((unix_time >= '1685451374.175'::double precision) AND (unix_time <= '1685451434.175'::double precision) AND st_dwithin(st_transform(the_geom, 25833), '0101000020E96400008FF1A899D1DC23418DD7101BEF0D5741'::geometry, '300'::double precision))
                           Rows Removed by Filter: 3176
   ->  Subquery Scan on "*SELECT* 1196"  (cost=165745.69..165745.70 rows=1 width=76) (actual time=0.708..0.709 rows=1 loops=1)
         ->  Limit  (cost=165745.69..165745.69 rows=1 width=84) (actual time=0.704..0.705 rows=1 loops=1)
               ->  Sort  (cost=165745.69..165745.69 rows=1 width=84) (actual time=0.702..0.703 rows=1 loops=1)
                     Sort Key: (st_distance(st_transform(s_1195.the_geom, 25833), '0101000020E9640000D8451475DADC23419EF73F2EEE0D5741'::geometry))
                     Sort Method: top-N heapsort  Memory: 25kB
                     ->  Seq Scan on phoml_trajectory_tmp s_1195  (cost=0.00..165745.68 rows=1 width=84) (actual time=0.022..0.614 rows=488 loops=1)
                           Filter: ((unix_time >= '1685451374.545'::double precision) AND (unix_time <= '1685451434.545'::double precision) AND st_dwithin(st_transform(the_geom, 25833), '0101000020E9640000D8451475DADC23419EF73F2EEE0D5741'::geometry, '300'::double precision))
                           Rows Removed by Filter: 3172
   ->  Subquery Scan on "*SELECT* 1197"  (cost=165745.69..165745.70 rows=1 width=76) (actual time=0.699..0.700 rows=1 loops=1)
         ->  Limit  (cost=165745.69..165745.69 rows=1 width=84) (actual time=0.695..0.696 rows=1 loops=1)
               ->  Sort  (cost=165745.69..165745.69 rows=1 width=84) (actual time=0.692..0.693 rows=1 loops=1)
                     Sort Key: (st_distance(st_transform(s_1196.the_geom, 25833), '0101000020E964000041D7E7BDE3DC2341083AA543ED0D5741'::geometry))
                     Sort Method: top-N heapsort  Memory: 25kB
                     ->  Seq Scan on phoml_trajectory_tmp s_1196  (cost=0.00..165745.68 rows=1 width=84) (actual time=0.024..0.617 rows=488 loops=1)
                           Filter: ((unix_time >= '1685451374.925'::double precision) AND (unix_time <= '1685451434.925'::double precision) AND st_dwithin(st_transform(the_geom, 25833), '0101000020E964000041D7E7BDE3DC2341083AA543ED0D5741'::geometry, '300'::double precision))
                           Rows Removed by Filter: 3172
   ->  Subquery Scan on "*SELECT* 1198"  (cost=165745.69..165745.70 rows=1 width=76) (actual time=0.685..0.686 rows=1 loops=1)
         ->  Limit  (cost=165745.69..165745.69 rows=1 width=84) (actual time=0.683..0.683 rows=1 loops=1)
               ->  Sort  (cost=165745.69..165745.69 rows=1 width=84) (actual time=0.681..0.681 rows=1 loops=1)
                     Sort Key: (st_distance(st_transform(s_1197.the_geom, 25833), '0101000020E964000034F02439EDDC234176644C63EC0D5741'::geometry))
                     Sort Method: top-N heapsort  Memory: 25kB
                     ->  Seq Scan on phoml_trajectory_tmp s_1197  (cost=0.00..165745.68 rows=1 width=84) (actual time=0.027..0.604 rows=488 loops=1)
                           Filter: ((unix_time >= '1685451375.302'::double precision) AND (unix_time <= '1685451435.302'::double precision) AND st_dwithin(st_transform(the_geom, 25833), '0101000020E964000034F02439EDDC234176644C63EC0D5741'::geometry, '300'::double precision))
                           Rows Removed by Filter: 3172
   ->  Subquery Scan on "*SELECT* 1199"  (cost=165745.69..165745.70 rows=1 width=76) (actual time=0.678..0.679 rows=1 loops=1)
         ->  Limit  (cost=165745.69..165745.69 rows=1 width=84) (actual time=0.674..0.675 rows=1 loops=1)
               ->  Sort  (cost=165745.69..165745.69 rows=1 width=84) (actual time=0.672..0.673 rows=1 loops=1)
                     Sort Key: (st_distance(st_transform(s_1198.the_geom, 25833), '0101000020E9640000935748F4F6DC234193F73884EB0D5741'::geometry))
                     Sort Method: top-N heapsort  Memory: 25kB
                     ->  Seq Scan on phoml_trajectory_tmp s_1198  (cost=0.00..165745.68 rows=1 width=84) (actual time=0.022..0.601 rows=488 loops=1)
                           Filter: ((unix_time >= '1685451375.682'::double precision) AND (unix_time <= '1685451435.682'::double precision) AND st_dwithin(st_transform(the_geom, 25833), '0101000020E9640000935748F4F6DC234193F73884EB0D5741'::geometry, '300'::double precision))
                           Rows Removed by Filter: 3172
   ->  Subquery Scan on "*SELECT* 1200"  (cost=165745.69..165745.70 rows=1 width=76) (actual time=0.715..0.716 rows=1 loops=1)
         ->  Limit  (cost=165745.69..165745.69 rows=1 width=84) (actual time=0.703..0.703 rows=1 loops=1)
               ->  Sort  (cost=165745.69..165745.69 rows=1 width=84) (actual time=0.701..0.701 rows=1 loops=1)
                     Sort Key: (st_distance(st_transform(s_1199.the_geom, 25833), '0101000020E96400001E11A76900DD2341C2E40CB7EA0D5741'::geometry))
                     Sort Method: top-N heapsort  Memory: 25kB
                     ->  Seq Scan on phoml_trajectory_tmp s_1199  (cost=0.00..165745.68 rows=1 width=84) (actual time=0.024..0.622 rows=488 loops=1)
                           Filter: ((unix_time >= '1685451376.052'::double precision) AND (unix_time <= '1685451436.052'::double precision) AND st_dwithin(st_transform(the_geom, 25833), '0101000020E96400001E11A76900DD2341C2E40CB7EA0D5741'::geometry, '300'::double precision))
                           Rows Removed by Filter: 3172
   ->  Subquery Scan on "*SELECT* 1201"  (cost=165745.69..165745.70 rows=1 width=76) (actual time=0.692..0.693 rows=1 loops=1)
         ->  Limit  (cost=165745.69..165745.69 rows=1 width=84) (actual time=0.689..0.690 rows=1 loops=1)
               ->  Sort  (cost=165745.69..165745.69 rows=1 width=84) (actual time=0.687..0.687 rows=1 loops=1)
                     Sort Key: (st_distance(st_transform(s_1200.the_geom, 25833), '0101000020E9640000AAB6DA3B0ADD2341C432A3F4E90D5741'::geometry))
                     Sort Method: top-N heapsort  Memory: 25kB
                     ->  Seq Scan on phoml_trajectory_tmp s_1200  (cost=0.00..165745.68 rows=1 width=84) (actual time=0.039..0.616 rows=484 loops=1)
                           Filter: ((unix_time >= '1685451376.429'::double precision) AND (unix_time <= '1685451436.429'::double precision) AND st_dwithin(st_transform(the_geom, 25833), '0101000020E9640000AAB6DA3B0ADD2341C432A3F4E90D5741'::geometry, '300'::double precision))
                           Rows Removed by Filter: 3176
   ->  Subquery Scan on "*SELECT* 1202"  (cost=165745.69..165745.70 rows=1 width=76) (actual time=0.699..0.700 rows=1 loops=1)
         ->  Limit  (cost=165745.69..165745.69 rows=1 width=84) (actual time=0.696..0.696 rows=1 loops=1)
               ->  Sort  (cost=165745.69..165745.69 rows=1 width=84) (actual time=0.693..0.694 rows=1 loops=1)
                     Sort Key: (st_distance(st_transform(s_1201.the_geom, 25833), '0101000020E964000040F02F9113DD2341577E5832E90D5741'::geometry))
                     Sort Method: top-N heapsort  Memory: 25kB
                     ->  Seq Scan on phoml_trajectory_tmp s_1201  (cost=0.00..165745.68 rows=1 width=84) (actual time=0.025..0.621 rows=484 loops=1)
                           Filter: ((unix_time >= '1685451376.799'::double precision) AND (unix_time <= '1685451436.799'::double precision) AND st_dwithin(st_transform(the_geom, 25833), '0101000020E964000040F02F9113DD2341577E5832E90D5741'::geometry, '300'::double precision))
                           Rows Removed by Filter: 3176
   ->  Subquery Scan on "*SELECT* 1203"  (cost=165745.69..165745.70 rows=1 width=76) (actual time=0.699..0.700 rows=1 loops=1)
         ->  Limit  (cost=165745.69..165745.69 rows=1 width=84) (actual time=0.696..0.697 rows=1 loops=1)
               ->  Sort  (cost=165745.69..165745.69 rows=1 width=84) (actual time=0.693..0.694 rows=1 loops=1)
                     Sort Key: (st_distance(st_transform(s_1202.the_geom, 25833), '0101000020E9640000C773862C1DDD2341C5B9DA72E80D5741'::geometry))
                     Sort Method: top-N heapsort  Memory: 25kB
                     ->  Seq Scan on phoml_trajectory_tmp s_1202  (cost=0.00..165745.68 rows=1 width=84) (actual time=0.022..0.619 rows=488 loops=1)
                           Filter: ((unix_time >= '1685451377.181'::double precision) AND (unix_time <= '1685451437.181'::double precision) AND st_dwithin(st_transform(the_geom, 25833), '0101000020E9640000C773862C1DDD2341C5B9DA72E80D5741'::geometry, '300'::double precision))
                           Rows Removed by Filter: 3172
   ->  Subquery Scan on "*SELECT* 1204"  (cost=165745.69..165745.70 rows=1 width=76) (actual time=0.687..0.687 rows=1 loops=1)
         ->  Limit  (cost=165745.69..165745.69 rows=1 width=84) (actual time=0.683..0.684 rows=1 loops=1)
               ->  Sort  (cost=165745.69..165745.69 rows=1 width=84) (actual time=0.681..0.681 rows=1 loops=1)
                     Sort Key: (st_distance(st_transform(s_1203.the_geom, 25833), '0101000020E96400008F69986F25DD234120FE1CC9E70D5741'::geometry))
                     Sort Method: top-N heapsort  Memory: 25kB
                     ->  Seq Scan on phoml_trajectory_tmp s_1203  (cost=0.00..165745.68 rows=1 width=84) (actual time=0.023..0.608 rows=488 loops=1)
                           Filter: ((unix_time >= '1685451377.531'::double precision) AND (unix_time <= '1685451437.531'::double precision) AND st_dwithin(st_transform(the_geom, 25833), '0101000020E96400008F69986F25DD234120FE1CC9E70D5741'::geometry, '300'::double precision))
                           Rows Removed by Filter: 3172
   ->  Subquery Scan on "*SELECT* 1205"  (cost=165745.69..165745.70 rows=1 width=76) (actual time=0.684..0.685 rows=1 loops=1)
         ->  Limit  (cost=165745.69..165745.69 rows=1 width=84) (actual time=0.681..0.681 rows=1 loops=1)
               ->  Sort  (cost=165745.69..165745.69 rows=1 width=84) (actual time=0.679..0.679 rows=1 loops=1)
                     Sort Key: (st_distance(st_transform(s_1204.the_geom, 25833), '0101000020E964000072C62EEA2DDD234120C2E70FE70D5741'::geometry))
                     Sort Method: top-N heapsort  Memory: 25kB
                     ->  Seq Scan on phoml_trajectory_tmp s_1204  (cost=0.00..165745.68 rows=1 width=84) (actual time=0.025..0.603 rows=488 loops=1)
                           Filter: ((unix_time >= '1685451377.901'::double precision) AND (unix_time <= '1685451437.901'::double precision) AND st_dwithin(st_transform(the_geom, 25833), '0101000020E964000072C62EEA2DDD234120C2E70FE70D5741'::geometry, '300'::double precision))
                           Rows Removed by Filter: 3172
   ->  Subquery Scan on "*SELECT* 1206"  (cost=165745.69..165745.70 rows=1 width=76) (actual time=0.697..0.698 rows=1 loops=1)
         ->  Limit  (cost=165745.69..165745.69 rows=1 width=84) (actual time=0.693..0.694 rows=1 loops=1)
               ->  Sort  (cost=165745.69..165745.69 rows=1 width=84) (actual time=0.691..0.691 rows=1 loops=1)
                     Sort Key: (st_distance(st_transform(s_1205.the_geom, 25833), '0101000020E9640000BF9A075C36DD23417DBDD45EE60D5741'::geometry))
                     Sort Method: top-N heapsort  Memory: 25kB
                     ->  Seq Scan on phoml_trajectory_tmp s_1205  (cost=0.00..165745.68 rows=1 width=84) (actual time=0.026..0.619 rows=488 loops=1)
                           Filter: ((unix_time >= '1685451378.265'::double precision) AND (unix_time <= '1685451438.265'::double precision) AND st_dwithin(st_transform(the_geom, 25833), '0101000020E9640000BF9A075C36DD23417DBDD45EE60D5741'::geometry, '300'::double precision))
                           Rows Removed by Filter: 3172
   ->  Subquery Scan on "*SELECT* 1207"  (cost=165745.69..165745.70 rows=1 width=76) (actual time=0.703..0.705 rows=1 loops=1)
         ->  Limit  (cost=165745.69..165745.69 rows=1 width=84) (actual time=0.699..0.700 rows=1 loops=1)
               ->  Sort  (cost=165745.69..165745.69 rows=1 width=84) (actual time=0.697..0.698 rows=1 loops=1)
                     Sort Key: (st_distance(st_transform(s_1206.the_geom, 25833), '0101000020E96400003B94B0BC3EDD2341EF1E26ADE50D5741'::geometry))
                     Sort Method: top-N heapsort  Memory: 25kB
                     ->  Seq Scan on phoml_trajectory_tmp s_1206  (cost=0.00..165745.68 rows=1 width=84) (actual time=0.024..0.622 rows=488 loops=1)
                           Filter: ((unix_time >= '1685451378.635'::double precision) AND (unix_time <= '1685451438.635'::double precision) AND st_dwithin(st_transform(the_geom, 25833), '0101000020E96400003B94B0BC3EDD2341EF1E26ADE50D5741'::geometry, '300'::double precision))
                           Rows Removed by Filter: 3172
   ->  Subquery Scan on "*SELECT* 1208"  (cost=165745.69..165745.70 rows=1 width=76) (actual time=0.705..0.706 rows=1 loops=1)
         ->  Limit  (cost=165745.69..165745.69 rows=1 width=84) (actual time=0.703..0.704 rows=1 loops=1)
               ->  Sort  (cost=165745.69..165745.69 rows=1 width=84) (actual time=0.700..0.701 rows=1 loops=1)
                     Sort Key: (st_distance(st_transform(s_1207.the_geom, 25833), '0101000020E9640000A788FF0947DD2341831C7DFCE40D5741'::geometry))
                     Sort Method: top-N heapsort  Memory: 25kB
                     ->  Seq Scan on phoml_trajectory_tmp s_1207  (cost=0.00..165745.68 rows=1 width=84) (actual time=0.032..0.626 rows=488 loops=1)
                           Filter: ((unix_time >= '1685451378.995'::double precision) AND (unix_time <= '1685451438.995'::double precision) AND st_dwithin(st_transform(the_geom, 25833), '0101000020E9640000A788FF0947DD2341831C7DFCE40D5741'::geometry, '300'::double precision))
                           Rows Removed by Filter: 3172
   ->  Subquery Scan on "*SELECT* 1209"  (cost=165745.69..165745.70 rows=1 width=76) (actual time=0.716..0.717 rows=1 loops=1)
         ->  Limit  (cost=165745.69..165745.69 rows=1 width=84) (actual time=0.713..0.713 rows=1 loops=1)
               ->  Sort  (cost=165745.69..165745.69 rows=1 width=84) (actual time=0.710..0.711 rows=1 loops=1)
                     Sort Key: (st_distance(st_transform(s_1208.the_geom, 25833), '0101000020E96400004F9C8F794FDD234198557D45E40D5741'::geometry))
                     Sort Method: top-N heapsort  Memory: 25kB
                     ->  Seq Scan on phoml_trajectory_tmp s_1208  (cost=0.00..165745.68 rows=1 width=84) (actual time=0.024..0.637 rows=488 loops=1)
                           Filter: ((unix_time >= '1685451379.372'::double precision) AND (unix_time <= '1685451439.372'::double precision) AND st_dwithin(st_transform(the_geom, 25833), '0101000020E96400004F9C8F794FDD234198557D45E40D5741'::geometry, '300'::double precision))
                           Rows Removed by Filter: 3172
   ->  Subquery Scan on "*SELECT* 1210"  (cost=165745.69..165745.70 rows=1 width=76) (actual time=0.714..0.715 rows=1 loops=1)
         ->  Limit  (cost=165745.69..165745.69 rows=1 width=84) (actual time=0.711..0.711 rows=1 loops=1)
               ->  Sort  (cost=165745.69..165745.69 rows=1 width=84) (actual time=0.708..0.709 rows=1 loops=1)
                     Sort Key: (st_distance(st_transform(s_1209.the_geom, 25833), '0101000020E9640000A608C28157DD23414DF8C994E30D5741'::geometry))
                     Sort Method: top-N heapsort  Memory: 25kB
                     ->  Seq Scan on phoml_trajectory_tmp s_1209  (cost=0.00..165745.68 rows=1 width=84) (actual time=0.030..0.635 rows=488 loops=1)
                           Filter: ((unix_time >= '1685451379.742'::double precision) AND (unix_time <= '1685451439.742'::double precision) AND st_dwithin(st_transform(the_geom, 25833), '0101000020E9640000A608C28157DD23414DF8C994E30D5741'::geometry, '300'::double precision))
                           Rows Removed by Filter: 3172
   ->  Subquery Scan on "*SELECT* 1211"  (cost=165745.69..165745.70 rows=1 width=76) (actual time=0.713..0.714 rows=1 loops=1)
         ->  Limit  (cost=165745.69..165745.69 rows=1 width=84) (actual time=0.708..0.709 rows=1 loops=1)
               ->  Sort  (cost=165745.69..165745.69 rows=1 width=84) (actual time=0.706..0.706 rows=1 loops=1)
                     Sort Key: (st_distance(st_transform(s_1210.the_geom, 25833), '0101000020E9640000E26A2D315FDD2341AB32A0DEE20D5741'::geometry))
                     Sort Method: top-N heapsort  Memory: 25kB
                     ->  Seq Scan on phoml_trajectory_tmp s_1210  (cost=0.00..165745.68 rows=1 width=84) (actual time=0.024..0.629 rows=488 loops=1)
                           Filter: ((unix_time >= '1685451380.122'::double precision) AND (unix_time <= '1685451440.122'::double precision) AND st_dwithin(st_transform(the_geom, 25833), '0101000020E9640000E26A2D315FDD2341AB32A0DEE20D5741'::geometry, '300'::double precision))
                           Rows Removed by Filter: 3172
   ->  Subquery Scan on "*SELECT* 1212"  (cost=165745.69..165745.70 rows=1 width=76) (actual time=0.708..0.709 rows=1 loops=1)
         ->  Limit  (cost=165745.69..165745.69 rows=1 width=84) (actual time=0.701..0.701 rows=1 loops=1)
               ->  Sort  (cost=165745.69..165745.69 rows=1 width=84) (actual time=0.699..0.699 rows=1 loops=1)
                     Sort Key: (st_distance(st_transform(s_1211.the_geom, 25833), '0101000020E96400003172317D66DD2341BBC4BF27E20D5741'::geometry))
                     Sort Method: top-N heapsort  Memory: 25kB
                     ->  Seq Scan on phoml_trajectory_tmp s_1211  (cost=0.00..165745.68 rows=1 width=84) (actual time=0.025..0.624 rows=488 loops=1)
                           Filter: ((unix_time >= '1685451380.491'::double precision) AND (unix_time <= '1685451440.491'::double precision) AND st_dwithin(st_transform(the_geom, 25833), '0101000020E96400003172317D66DD2341BBC4BF27E20D5741'::geometry, '300'::double precision))
                           Rows Removed by Filter: 3172
   ->  Subquery Scan on "*SELECT* 1213"  (cost=165745.69..165745.70 rows=1 width=76) (actual time=0.717..0.718 rows=1 loops=1)
         ->  Limit  (cost=165745.69..165745.69 rows=1 width=84) (actual time=0.713..0.714 rows=1 loops=1)
               ->  Sort  (cost=165745.69..165745.69 rows=1 width=84) (actual time=0.709..0.709 rows=1 loops=1)
                     Sort Key: (st_distance(st_transform(s_1212.the_geom, 25833), '0101000020E964000038DFB3E76DDD23415171DE71E10D5741'::geometry))
                     Sort Method: top-N heapsort  Memory: 25kB
                     ->  Seq Scan on phoml_trajectory_tmp s_1212  (cost=0.00..165745.68 rows=1 width=84) (actual time=0.027..0.633 rows=488 loops=1)
                           Filter: ((unix_time >= '1685451380.871'::double precision) AND (unix_time <= '1685451440.871'::double precision) AND st_dwithin(st_transform(the_geom, 25833), '0101000020E964000038DFB3E76DDD23415171DE71E10D5741'::geometry, '300'::double precision))
                           Rows Removed by Filter: 3172
   ->  Subquery Scan on "*SELECT* 1214"  (cost=165745.69..165745.70 rows=1 width=76) (actual time=0.719..0.720 rows=1 loops=1)
         ->  Limit  (cost=165745.69..165745.69 rows=1 width=84) (actual time=0.715..0.716 rows=1 loops=1)
               ->  Sort  (cost=165745.69..165745.69 rows=1 width=84) (actual time=0.713..0.714 rows=1 loops=1)
                     Sort Key: (st_distance(st_transform(s_1213.the_geom, 25833), '0101000020E964000050DB664F74DD2341F5ADC1BDE00D5741'::geometry))
                     Sort Method: top-N heapsort  Memory: 25kB
                     ->  Seq Scan on phoml_trajectory_tmp s_1213  (cost=0.00..165745.68 rows=1 width=84) (actual time=0.028..0.638 rows=492 loops=1)
                           Filter: ((unix_time >= '1685451381.235'::double precision) AND (unix_time <= '1685451441.235'::double precision) AND st_dwithin(st_transform(the_geom, 25833), '0101000020E964000050DB664F74DD2341F5ADC1BDE00D5741'::geometry, '300'::double precision))
                           Rows Removed by Filter: 3168
   ->  Subquery Scan on "*SELECT* 1215"  (cost=165745.69..165745.70 rows=1 width=76) (actual time=0.697..0.698 rows=1 loops=1)
         ->  Limit  (cost=165745.69..165745.69 rows=1 width=84) (actual time=0.694..0.695 rows=1 loops=1)
               ->  Sort  (cost=165745.69..165745.69 rows=1 width=84) (actual time=0.692..0.693 rows=1 loops=1)
                     Sort Key: (st_distance(st_transform(s_1214.the_geom, 25833), '0101000020E9640000B0EA668E7ADD2341F04F04F7DF0D5741'::geometry))
                     Sort Method: top-N heapsort  Memory: 25kB
                     ->  Seq Scan on phoml_trajectory_tmp s_1214  (cost=0.00..165745.68 rows=1 width=84) (actual time=0.024..0.612 rows=488 loops=1)
                           Filter: ((unix_time >= '1685451381.671'::double precision) AND (unix_time <= '1685451441.671'::double precision) AND st_dwithin(st_transform(the_geom, 25833), '0101000020E9640000B0EA668E7ADD2341F04F04F7DF0D5741'::geometry, '300'::double precision))
                           Rows Removed by Filter: 3172
   ->  Subquery Scan on "*SELECT* 1216"  (cost=165745.69..165745.70 rows=1 width=76) (actual time=0.706..0.707 rows=1 loops=1)
         ->  Limit  (cost=165745.69..165745.69 rows=1 width=84) (actual time=0.704..0.704 rows=1 loops=1)
               ->  Sort  (cost=165745.69..165745.69 rows=1 width=84) (actual time=0.702..0.702 rows=1 loops=1)
                     Sort Key: (st_distance(st_transform(s_1215.the_geom, 25833), '0101000020E9640000D2205A827FDD23416D7B743CDF0D5741'::geometry))
                     Sort Method: top-N heapsort  Memory: 25kB
                     ->  Seq Scan on phoml_trajectory_tmp s_1215  (cost=0.00..165745.68 rows=1 width=84) (actual time=0.036..0.629 rows=488 loops=1)
                           Filter: ((unix_time >= '1685451381.995'::double precision) AND (unix_time <= '1685451441.995'::double precision) AND st_dwithin(st_transform(the_geom, 25833), '0101000020E9640000D2205A827FDD23416D7B743CDF0D5741'::geometry, '300'::double precision))
                           Rows Removed by Filter: 3172
   ->  Subquery Scan on "*SELECT* 1217"  (cost=165745.69..165745.70 rows=1 width=76) (actual time=0.713..0.714 rows=1 loops=1)
         ->  Limit  (cost=165745.69..165745.69 rows=1 width=84) (actual time=0.709..0.710 rows=1 loops=1)
               ->  Sort  (cost=165745.69..165745.69 rows=1 width=84) (actual time=0.707..0.708 rows=1 loops=1)
                     Sort Key: (st_distance(st_transform(s_1216.the_geom, 25833), '0101000020E964000098F0A07A83DD2341F1551777DE0D5741'::geometry))
                     Sort Method: top-N heapsort  Memory: 25kB
                     ->  Seq Scan on phoml_trajectory_tmp s_1216  (cost=0.00..165745.68 rows=1 width=84) (actual time=0.028..0.632 rows=488 loops=1)
                           Filter: ((unix_time >= '1685451382.383'::double precision) AND (unix_time <= '1685451442.383'::double precision) AND st_dwithin(st_transform(the_geom, 25833), '0101000020E964000098F0A07A83DD2341F1551777DE0D5741'::geometry, '300'::double precision))
                           Rows Removed by Filter: 3172
   ->  Subquery Scan on "*SELECT* 1218"  (cost=165745.69..165745.70 rows=1 width=76) (actual time=0.717..0.718 rows=1 loops=1)
         ->  Limit  (cost=165745.69..165745.69 rows=1 width=84) (actual time=0.714..0.715 rows=1 loops=1)
               ->  Sort  (cost=165745.69..165745.69 rows=1 width=84) (actual time=0.711..0.712 rows=1 loops=1)
                     Sort Key: (st_distance(st_transform(s_1217.the_geom, 25833), '0101000020E9640000F76D7F9886DD2341E2DFD2B3DD0D5741'::geometry))
                     Sort Method: top-N heapsort  Memory: 25kB
                     ->  Seq Scan on phoml_trajectory_tmp s_1217  (cost=0.00..165745.68 rows=1 width=84) (actual time=0.025..0.635 rows=488 loops=1)
                           Filter: ((unix_time >= '1685451382.763'::double precision) AND (unix_time <= '1685451442.763'::double precision) AND st_dwithin(st_transform(the_geom, 25833), '0101000020E9640000F76D7F9886DD2341E2DFD2B3DD0D5741'::geometry, '300'::double precision))
                           Rows Removed by Filter: 3172
   ->  Subquery Scan on "*SELECT* 1219"  (cost=165745.69..165745.70 rows=1 width=76) (actual time=0.708..0.709 rows=1 loops=1)
         ->  Limit  (cost=165745.69..165745.69 rows=1 width=84) (actual time=0.705..0.706 rows=1 loops=1)
               ->  Sort  (cost=165745.69..165745.69 rows=1 width=84) (actual time=0.703..0.704 rows=1 loops=1)
                     Sort Key: (st_distance(st_transform(s_1218.the_geom, 25833), '0101000020E9640000C8AD5D7088DD2341821684F1DC0D5741'::geometry))
                     Sort Method: top-N heapsort  Memory: 25kB
                     ->  Seq Scan on phoml_trajectory_tmp s_1218  (cost=0.00..165745.68 rows=1 width=84) (actual time=0.024..0.619 rows=488 loops=1)
                           Filter: ((unix_time >= '1685451383.154'::double precision) AND (unix_time <= '1685451443.154'::double precision) AND st_dwithin(st_transform(the_geom, 25833), '0101000020E9640000C8AD5D7088DD2341821684F1DC0D5741'::geometry, '300'::double precision))
                           Rows Removed by Filter: 3172
   ->  Subquery Scan on "*SELECT* 1220"  (cost=165745.69..165745.70 rows=1 width=76) (actual time=0.707..0.708 rows=1 loops=1)
         ->  Limit  (cost=165745.69..165745.69 rows=1 width=84) (actual time=0.703..0.704 rows=1 loops=1)
               ->  Sort  (cost=165745.69..165745.69 rows=1 width=84) (actual time=0.701..0.701 rows=1 loops=1)
                     Sort Key: (st_distance(st_transform(s_1219.the_geom, 25833), '0101000020E96400003EC87F3C8ADD23413905032DDC0D5741'::geometry))
                     Sort Method: top-N heapsort  Memory: 25kB
                     ->  Seq Scan on phoml_trajectory_tmp s_1219  (cost=0.00..165745.68 rows=1 width=84) (actual time=0.024..0.626 rows=488 loops=1)
                           Filter: ((unix_time >= '1685451383.524'::double precision) AND (unix_time <= '1685451443.524'::double precision) AND st_dwithin(st_transform(the_geom, 25833), '0101000020E96400003EC87F3C8ADD23413905032DDC0D5741'::geometry, '300'::double precision))
                           Rows Removed by Filter: 3172
   ->  Subquery Scan on "*SELECT* 1221"  (cost=165745.69..165745.70 rows=1 width=76) (actual time=0.709..0.710 rows=1 loops=1)
         ->  Limit  (cost=165745.69..165745.69 rows=1 width=84) (actual time=0.705..0.706 rows=1 loops=1)
               ->  Sort  (cost=165745.69..165745.69 rows=1 width=84) (actual time=0.703..0.704 rows=1 loops=1)
                     Sort Key: (st_distance(st_transform(s_1220.the_geom, 25833), '0101000020E96400003B5A86658CDD2341003A5B51DB0D5741'::geometry))
                     Sort Method: top-N heapsort  Memory: 25kB
                     ->  Seq Scan on phoml_trajectory_tmp s_1220  (cost=0.00..165745.68 rows=1 width=84) (actual time=0.029..0.629 rows=488 loops=1)
                           Filter: ((unix_time >= '1685451383.914'::double precision) AND (unix_time <= '1685451443.914'::double precision) AND st_dwithin(st_transform(the_geom, 25833), '0101000020E96400003B5A86658CDD2341003A5B51DB0D5741'::geometry, '300'::double precision))
                           Rows Removed by Filter: 3172
   ->  Subquery Scan on "*SELECT* 1222"  (cost=165745.69..165745.70 rows=1 width=76) (actual time=0.727..0.728 rows=1 loops=1)
         ->  Limit  (cost=165745.69..165745.69 rows=1 width=84) (actual time=0.719..0.720 rows=1 loops=1)
               ->  Sort  (cost=165745.69..165745.69 rows=1 width=84) (actual time=0.717..0.717 rows=1 loops=1)
                     Sort Key: (st_distance(st_transform(s_1221.the_geom, 25833), '0101000020E9640000008D81D68EDD23412F16AF6BDA0D5741'::geometry))
                     Sort Method: top-N heapsort  Memory: 25kB
                     ->  Seq Scan on phoml_trajectory_tmp s_1221  (cost=0.00..165745.68 rows=1 width=84) (actual time=0.024..0.642 rows=488 loops=1)
                           Filter: ((unix_time >= '1685451384.289'::double precision) AND (unix_time <= '1685451444.289'::double precision) AND st_dwithin(st_transform(the_geom, 25833), '0101000020E9640000008D81D68EDD23412F16AF6BDA0D5741'::geometry, '300'::double precision))
                           Rows Removed by Filter: 3172
   ->  Subquery Scan on "*SELECT* 1223"  (cost=165745.69..165745.70 rows=1 width=76) (actual time=0.705..0.706 rows=1 loops=1)
         ->  Limit  (cost=165745.69..165745.69 rows=1 width=84) (actual time=0.703..0.704 rows=1 loops=1)
               ->  Sort  (cost=165745.69..165745.69 rows=1 width=84) (actual time=0.701..0.701 rows=1 loops=1)
                     Sort Key: (st_distance(st_transform(s_1222.the_geom, 25833), '0101000020E9640000D3A0BBAE91DD23416647F371D90D5741'::geometry))
                     Sort Method: top-N heapsort  Memory: 25kB
                     ->  Seq Scan on phoml_trajectory_tmp s_1222  (cost=0.00..165745.68 rows=1 width=84) (actual time=0.027..0.625 rows=488 loops=1)
                           Filter: ((unix_time >= '1685451384.679'::double precision) AND (unix_time <= '1685451444.679'::double precision) AND st_dwithin(st_transform(the_geom, 25833), '0101000020E9640000D3A0BBAE91DD23416647F371D90D5741'::geometry, '300'::double precision))
                           Rows Removed by Filter: 3172
   ->  Subquery Scan on "*SELECT* 1224"  (cost=165745.69..165745.70 rows=1 width=76) (actual time=0.712..0.713 rows=1 loops=1)
         ->  Limit  (cost=165745.69..165745.69 rows=1 width=84) (actual time=0.708..0.709 rows=1 loops=1)
               ->  Sort  (cost=165745.69..165745.69 rows=1 width=84) (actual time=0.706..0.706 rows=1 loops=1)
                     Sort Key: (st_distance(st_transform(s_1223.the_geom, 25833), '0101000020E96400009024179794DD23418D9B957CD80D5741'::geometry))
                     Sort Method: top-N heapsort  Memory: 25kB
                     ->  Seq Scan on phoml_trajectory_tmp s_1223  (cost=0.00..165745.68 rows=1 width=84) (actual time=0.024..0.633 rows=488 loops=1)
                           Filter: ((unix_time >= '1685451385.094'::double precision) AND (unix_time <= '1685451445.094'::double precision) AND st_dwithin(st_transform(the_geom, 25833), '0101000020E96400009024179794DD23418D9B957CD80D5741'::geometry, '300'::double precision))
                           Rows Removed by Filter: 3172
   ->  Subquery Scan on "*SELECT* 1225"  (cost=165745.69..165745.70 rows=1 width=76) (actual time=0.729..0.730 rows=1 loops=1)
         ->  Limit  (cost=165745.69..165745.69 rows=1 width=84) (actual time=0.726..0.726 rows=1 loops=1)
               ->  Sort  (cost=165745.69..165745.69 rows=1 width=84) (actual time=0.723..0.724 rows=1 loops=1)
                     Sort Key: (st_distance(st_transform(s_1224.the_geom, 25833), '0101000020E9640000A826743698DD2341AF57A164D70D5741'::geometry))
                     Sort Method: top-N heapsort  Memory: 25kB
                     ->  Seq Scan on phoml_trajectory_tmp s_1224  (cost=0.00..165745.68 rows=1 width=84) (actual time=0.029..0.648 rows=488 loops=1)
                           Filter: ((unix_time >= '1685451385.487'::double precision) AND (unix_time <= '1685451445.487'::double precision) AND st_dwithin(st_transform(the_geom, 25833), '0101000020E9640000A826743698DD2341AF57A164D70D5741'::geometry, '300'::double precision))
                           Rows Removed by Filter: 3172
   ->  Subquery Scan on "*SELECT* 1226"  (cost=165745.69..165745.70 rows=1 width=76) (actual time=0.715..0.716 rows=1 loops=1)
         ->  Limit  (cost=165745.69..165745.69 rows=1 width=84) (actual time=0.711..0.711 rows=1 loops=1)
               ->  Sort  (cost=165745.69..165745.69 rows=1 width=84) (actual time=0.709..0.709 rows=1 loops=1)
                     Sort Key: (st_distance(st_transform(s_1225.the_geom, 25833), '0101000020E96400000E4656709CDD23416E0BFF3FD60D5741'::geometry))
                     Sort Method: top-N heapsort  Memory: 25kB
                     ->  Seq Scan on phoml_trajectory_tmp s_1225  (cost=0.00..165745.68 rows=1 width=84) (actual time=0.025..0.635 rows=488 loops=1)
                           Filter: ((unix_time >= '1685451385.877'::double precision) AND (unix_time <= '1685451445.877'::double precision) AND st_dwithin(st_transform(the_geom, 25833), '0101000020E96400000E4656709CDD23416E0BFF3FD60D5741'::geometry, '300'::double precision))
                           Rows Removed by Filter: 3172
   ->  Subquery Scan on "*SELECT* 1227"  (cost=165745.69..165745.70 rows=1 width=76) (actual time=0.705..0.706 rows=1 loops=1)
         ->  Limit  (cost=165745.69..165745.69 rows=1 width=84) (actual time=0.703..0.704 rows=1 loops=1)
               ->  Sort  (cost=165745.69..165745.69 rows=1 width=84) (actual time=0.701..0.701 rows=1 loops=1)
                     Sort Key: (st_distance(st_transform(s_1226.the_geom, 25833), '0101000020E964000082976FE5A0DD2341246C0D1BD50D5741'::geometry))
                     Sort Method: top-N heapsort  Memory: 25kB
                     ->  Seq Scan on phoml_trajectory_tmp s_1226  (cost=0.00..165745.68 rows=1 width=84) (actual time=0.026..0.626 rows=488 loops=1)
                           Filter: ((unix_time >= '1685451386.251'::double precision) AND (unix_time <= '1685451446.251'::double precision) AND st_dwithin(st_transform(the_geom, 25833), '0101000020E964000082976FE5A0DD2341246C0D1BD50D5741'::geometry, '300'::double precision))
                           Rows Removed by Filter: 3172
   ->  Subquery Scan on "*SELECT* 1228"  (cost=165745.69..165745.70 rows=1 width=76) (actual time=0.728..0.729 rows=1 loops=1)
         ->  Limit  (cost=165745.69..165745.69 rows=1 width=84) (actual time=0.725..0.726 rows=1 loops=1)
               ->  Sort  (cost=165745.69..165745.69 rows=1 width=84) (actual time=0.723..0.724 rows=1 loops=1)
                     Sort Key: (st_distance(st_transform(s_1227.the_geom, 25833), '0101000020E9640000D4E5DBF6A4DD234174E2B2FDD30D5741'::geometry))
                     Sort Method: top-N heapsort  Memory: 25kB
                     ->  Seq Scan on phoml_trajectory_tmp s_1227  (cost=0.00..165745.68 rows=1 width=84) (actual time=0.025..0.641 rows=488 loops=1)
                           Filter: ((unix_time >= '1685451386.618'::double precision) AND (unix_time <= '1685451446.618'::double precision) AND st_dwithin(st_transform(the_geom, 25833), '0101000020E9640000D4E5DBF6A4DD234174E2B2FDD30D5741'::geometry, '300'::double precision))
                           Rows Removed by Filter: 3172
   ->  Subquery Scan on "*SELECT* 1229"  (cost=165745.69..165745.70 rows=1 width=76) (actual time=0.719..0.720 rows=1 loops=1)
         ->  Limit  (cost=165745.69..165745.69 rows=1 width=84) (actual time=0.716..0.717 rows=1 loops=1)
               ->  Sort  (cost=165745.69..165745.69 rows=1 width=84) (actual time=0.713..0.714 rows=1 loops=1)
                     Sort Key: (st_distance(st_transform(s_1228.the_geom, 25833), '0101000020E9640000E8792D0CA9DD2341E92F26E7D20D5741'::geometry))
                     Sort Method: top-N heapsort  Memory: 25kB
                     ->  Seq Scan on phoml_trajectory_tmp s_1228  (cost=0.00..165745.68 rows=1 width=84) (actual time=0.026..0.639 rows=492 loops=1)
                           Filter: ((unix_time >= '1685451386.946'::double precision) AND (unix_time <= '1685451446.946'::double precision) AND st_dwithin(st_transform(the_geom, 25833), '0101000020E9640000E8792D0CA9DD2341E92F26E7D20D5741'::geometry, '300'::double precision))
                           Rows Removed by Filter: 3168
   ->  Subquery Scan on "*SELECT* 1230"  (cost=165745.69..165745.70 rows=1 width=76) (actual time=0.701..0.702 rows=1 loops=1)
         ->  Limit  (cost=165745.69..165745.69 rows=1 width=84) (actual time=0.699..0.700 rows=1 loops=1)
               ->  Sort  (cost=165745.69..165745.69 rows=1 width=84) (actual time=0.697..0.697 rows=1 loops=1)
                     Sort Key: (st_distance(st_transform(s_1229.the_geom, 25833), '0101000020E9640000EDBA1A51ADDD2341EEB382BAD10D5741'::geometry))
                     Sort Method: top-N heapsort  Memory: 25kB
                     ->  Seq Scan on phoml_trajectory_tmp s_1229  (cost=0.00..165745.68 rows=1 width=84) (actual time=0.025..0.624 rows=488 loops=1)
                           Filter: ((unix_time >= '1685451387.334'::double precision) AND (unix_time <= '1685451447.334'::double precision) AND st_dwithin(st_transform(the_geom, 25833), '0101000020E9640000EDBA1A51ADDD2341EEB382BAD10D5741'::geometry, '300'::double precision))
                           Rows Removed by Filter: 3172
   ->  Subquery Scan on "*SELECT* 1231"  (cost=165745.69..165745.70 rows=1 width=76) (actual time=0.713..0.715 rows=1 loops=1)
         ->  Limit  (cost=165745.69..165745.69 rows=1 width=84) (actual time=0.710..0.711 rows=1 loops=1)
               ->  Sort  (cost=165745.69..165745.69 rows=1 width=84) (actual time=0.707..0.708 rows=1 loops=1)
                     Sort Key: (st_distance(st_transform(s_1230.the_geom, 25833), '0101000020E9640000D3401A65B1DD234105905E96D00D5741'::geometry))
                     Sort Method: top-N heapsort  Memory: 25kB
                     ->  Seq Scan on phoml_trajectory_tmp s_1230  (cost=0.00..165745.68 rows=1 width=84) (actual time=0.024..0.634 rows=488 loops=1)
                           Filter: ((unix_time >= '1685451387.703'::double precision) AND (unix_time <= '1685451447.703'::double precision) AND st_dwithin(st_transform(the_geom, 25833), '0101000020E9640000D3401A65B1DD234105905E96D00D5741'::geometry, '300'::double precision))
                           Rows Removed by Filter: 3172
   ->  Subquery Scan on "*SELECT* 1232"  (cost=165745.69..165745.70 rows=1 width=76) (actual time=0.721..0.722 rows=1 loops=1)
         ->  Limit  (cost=165745.69..165745.69 rows=1 width=84) (actual time=0.718..0.719 rows=1 loops=1)
               ->  Sort  (cost=165745.69..165745.69 rows=1 width=84) (actual time=0.716..0.716 rows=1 loops=1)
                     Sort Key: (st_distance(st_transform(s_1231.the_geom, 25833), '0101000020E964000021BE3CA1B5DD2341D8ECFE76CF0D5741'::geometry))
                     Sort Method: top-N heapsort  Memory: 25kB
                     ->  Seq Scan on phoml_trajectory_tmp s_1231  (cost=0.00..165745.68 rows=1 width=84) (actual time=0.025..0.640 rows=488 loops=1)
                           Filter: ((unix_time >= '1685451388.073'::double precision) AND (unix_time <= '1685451448.073'::double precision) AND st_dwithin(st_transform(the_geom, 25833), '0101000020E964000021BE3CA1B5DD2341D8ECFE76CF0D5741'::geometry, '300'::double precision))
                           Rows Removed by Filter: 3172
   ->  Subquery Scan on "*SELECT* 1233"  (cost=165745.69..165745.70 rows=1 width=76) (actual time=0.722..0.723 rows=1 loops=1)
         ->  Limit  (cost=165745.69..165745.69 rows=1 width=84) (actual time=0.718..0.718 rows=1 loops=1)
               ->  Sort  (cost=165745.69..165745.69 rows=1 width=84) (actual time=0.716..0.716 rows=1 loops=1)
                     Sort Key: (st_distance(st_transform(s_1232.the_geom, 25833), '0101000020E96400006932A2FAB9DD2341E2029F55CE0D5741'::geometry))
                     Sort Method: top-N heapsort  Memory: 25kB
                     ->  Seq Scan on phoml_trajectory_tmp s_1232  (cost=0.00..165745.68 rows=1 width=84) (actual time=0.027..0.640 rows=488 loops=1)
                           Filter: ((unix_time >= '1685451388.428'::double precision) AND (unix_time <= '1685451448.428'::double precision) AND st_dwithin(st_transform(the_geom, 25833), '0101000020E96400006932A2FAB9DD2341E2029F55CE0D5741'::geometry, '300'::double precision))
                           Rows Removed by Filter: 3172
   ->  Subquery Scan on "*SELECT* 1234"  (cost=165745.69..165745.70 rows=1 width=76) (actual time=0.759..0.761 rows=1 loops=1)
         ->  Limit  (cost=165745.69..165745.69 rows=1 width=84) (actual time=0.750..0.751 rows=1 loops=1)
               ->  Sort  (cost=165745.69..165745.69 rows=1 width=84) (actual time=0.747..0.748 rows=1 loops=1)
                     Sort Key: (st_distance(st_transform(s_1233.the_geom, 25833), '0101000020E96400005DF5BC18BEDD234192ABB73ACD0D5741'::geometry))
                     Sort Method: top-N heapsort  Memory: 25kB
                     ->  Seq Scan on phoml_trajectory_tmp s_1233  (cost=0.00..165745.68 rows=1 width=84) (actual time=0.026..0.668 rows=488 loops=1)
                           Filter: ((unix_time >= '1685451388.778'::double precision) AND (unix_time <= '1685451448.778'::double precision) AND st_dwithin(st_transform(the_geom, 25833), '0101000020E96400005DF5BC18BEDD234192ABB73ACD0D5741'::geometry, '300'::double precision))
                           Rows Removed by Filter: 3172
   ->  Subquery Scan on "*SELECT* 1235"  (cost=165745.69..165745.70 rows=1 width=76) (actual time=0.739..0.740 rows=1 loops=1)
         ->  Limit  (cost=165745.69..165745.69 rows=1 width=84) (actual time=0.733..0.734 rows=1 loops=1)
               ->  Sort  (cost=165745.69..165745.69 rows=1 width=84) (actual time=0.730..0.730 rows=1 loops=1)
                     Sort Key: (st_distance(st_transform(s_1234.the_geom, 25833), '0101000020E9640000359D697CC2DD2341F9DCEE0ACC0D5741'::geometry))
                     Sort Method: top-N heapsort  Memory: 25kB
                     ->  Seq Scan on phoml_trajectory_tmp s_1234  (cost=0.00..165745.68 rows=1 width=84) (actual time=0.033..0.652 rows=488 loops=1)
                           Filter: ((unix_time >= '1685451389.157'::double precision) AND (unix_time <= '1685451449.157'::double precision) AND st_dwithin(st_transform(the_geom, 25833), '0101000020E9640000359D697CC2DD2341F9DCEE0ACC0D5741'::geometry, '300'::double precision))
                           Rows Removed by Filter: 3172
   ->  Subquery Scan on "*SELECT* 1236"  (cost=165745.69..165745.70 rows=1 width=76) (actual time=0.740..0.742 rows=1 loops=1)
         ->  Limit  (cost=165745.69..165745.69 rows=1 width=84) (actual time=0.735..0.736 rows=1 loops=1)
               ->  Sort  (cost=165745.69..165745.69 rows=1 width=84) (actual time=0.731..0.731 rows=1 loops=1)
                     Sort Key: (st_distance(st_transform(s_1235.the_geom, 25833), '0101000020E964000073C624C2C6DD2341952583E3CA0D5741'::geometry))
                     Sort Method: top-N heapsort  Memory: 25kB
                     ->  Seq Scan on phoml_trajectory_tmp s_1235  (cost=0.00..165745.68 rows=1 width=84) (actual time=0.032..0.650 rows=488 loops=1)
                           Filter: ((unix_time >= '1685451389.497'::double precision) AND (unix_time <= '1685451449.497'::double precision) AND st_dwithin(st_transform(the_geom, 25833), '0101000020E964000073C624C2C6DD2341952583E3CA0D5741'::geometry, '300'::double precision))
                           Rows Removed by Filter: 3172
   ->  Subquery Scan on "*SELECT* 1237"  (cost=165745.69..165745.70 rows=1 width=76) (actual time=0.762..0.764 rows=1 loops=1)
         ->  Limit  (cost=165745.69..165745.69 rows=1 width=84) (actual time=0.756..0.757 rows=1 loops=1)
               ->  Sort  (cost=165745.69..165745.69 rows=1 width=84) (actual time=0.754..0.754 rows=1 loops=1)
                     Sort Key: (st_distance(st_transform(s_1236.the_geom, 25833), '0101000020E96400008ABDC0A4CADD234147F36AD4C90D5741'::geometry))
                     Sort Method: top-N heapsort  Memory: 25kB
                     ->  Seq Scan on phoml_trajectory_tmp s_1236  (cost=0.00..165745.68 rows=1 width=84) (actual time=0.032..0.677 rows=488 loops=1)
                           Filter: ((unix_time >= '1685451389.827'::double precision) AND (unix_time <= '1685451449.827'::double precision) AND st_dwithin(st_transform(the_geom, 25833), '0101000020E96400008ABDC0A4CADD234147F36AD4C90D5741'::geometry, '300'::double precision))
                           Rows Removed by Filter: 3172
   ->  Subquery Scan on "*SELECT* 1238"  (cost=165745.69..165745.70 rows=1 width=76) (actual time=0.710..0.711 rows=1 loops=1)
         ->  Limit  (cost=165745.69..165745.69 rows=1 width=84) (actual time=0.708..0.708 rows=1 loops=1)
               ->  Sort  (cost=165745.69..165745.69 rows=1 width=84) (actual time=0.705..0.705 rows=1 loops=1)
                     Sort Key: (st_distance(st_transform(s_1237.the_geom, 25833), '0101000020E9640000FB9B9E22CFDD23417E90BFA4C80D5741'::geometry))
                     Sort Method: top-N heapsort  Memory: 25kB
                     ->  Seq Scan on phoml_trajectory_tmp s_1237  (cost=0.00..165745.68 rows=1 width=84) (actual time=0.027..0.630 rows=488 loops=1)
                           Filter: ((unix_time >= '1685451390.191'::double precision) AND (unix_time <= '1685451450.191'::double precision) AND st_dwithin(st_transform(the_geom, 25833), '0101000020E9640000FB9B9E22CFDD23417E90BFA4C80D5741'::geometry, '300'::double precision))
                           Rows Removed by Filter: 3172
   ->  Subquery Scan on "*SELECT* 1239"  (cost=165745.69..165745.70 rows=1 width=76) (actual time=0.725..0.726 rows=1 loops=1)
         ->  Limit  (cost=165745.69..165745.69 rows=1 width=84) (actual time=0.723..0.723 rows=1 loops=1)
               ->  Sort  (cost=165745.69..165745.69 rows=1 width=84) (actual time=0.720..0.721 rows=1 loops=1)
                     Sort Key: (st_distance(st_transform(s_1238.the_geom, 25833), '0101000020E96400003829FB6FD3DD2341349B4D82C70D5741'::geometry))
                     Sort Method: top-N heapsort  Memory: 25kB
                     ->  Seq Scan on phoml_trajectory_tmp s_1238  (cost=0.00..165745.68 rows=1 width=84) (actual time=0.046..0.645 rows=488 loops=1)
                           Filter: ((unix_time >= '1685451390.531'::double precision) AND (unix_time <= '1685451450.531'::double precision) AND st_dwithin(st_transform(the_geom, 25833), '0101000020E96400003829FB6FD3DD2341349B4D82C70D5741'::geometry, '300'::double precision))
                           Rows Removed by Filter: 3172
   ->  Subquery Scan on "*SELECT* 1240"  (cost=165745.69..165745.70 rows=1 width=76) (actual time=0.711..0.712 rows=1 loops=1)
         ->  Limit  (cost=165745.69..165745.69 rows=1 width=84) (actual time=0.707..0.708 rows=1 loops=1)
               ->  Sort  (cost=165745.69..165745.69 rows=1 width=84) (actual time=0.705..0.706 rows=1 loops=1)
                     Sort Key: (st_distance(st_transform(s_1239.the_geom, 25833), '0101000020E96400003FB76CBFD7DD2341706A9B5FC60D5741'::geometry))
                     Sort Method: top-N heapsort  Memory: 25kB
                     ->  Seq Scan on phoml_trajectory_tmp s_1239  (cost=0.00..165745.68 rows=1 width=84) (actual time=0.026..0.631 rows=488 loops=1)
                           Filter: ((unix_time >= '1685451390.871'::double precision) AND (unix_time <= '1685451450.871'::double precision) AND st_dwithin(st_transform(the_geom, 25833), '0101000020E96400003FB76CBFD7DD2341706A9B5FC60D5741'::geometry, '300'::double precision))
                           Rows Removed by Filter: 3172
   ->  Subquery Scan on "*SELECT* 1241"  (cost=165745.69..165745.70 rows=1 width=76) (actual time=0.716..0.718 rows=1 loops=1)
         ->  Limit  (cost=165745.69..165745.69 rows=1 width=84) (actual time=0.713..0.714 rows=1 loops=1)
               ->  Sort  (cost=165745.69..165745.69 rows=1 width=84) (actual time=0.711..0.711 rows=1 loops=1)
                     Sort Key: (st_distance(st_transform(s_1240.the_geom, 25833), '0101000020E9640000E1BFE910DCDD23418D4D193BC50D5741'::geometry))
                     Sort Method: top-N heapsort  Memory: 25kB
                     ->  Seq Scan on phoml_trajectory_tmp s_1240  (cost=0.00..165745.68 rows=1 width=84) (actual time=0.027..0.636 rows=488 loops=1)
                           Filter: ((unix_time >= '1685451391.221'::double precision) AND (unix_time <= '1685451451.221'::double precision) AND st_dwithin(st_transform(the_geom, 25833), '0101000020E9640000E1BFE910DCDD23418D4D193BC50D5741'::geometry, '300'::double precision))
                           Rows Removed by Filter: 3172
   ->  Subquery Scan on "*SELECT* 1242"  (cost=165745.69..165745.70 rows=1 width=76) (actual time=0.711..0.712 rows=1 loops=1)
         ->  Limit  (cost=165745.69..165745.69 rows=1 width=84) (actual time=0.709..0.710 rows=1 loops=1)
               ->  Sort  (cost=165745.69..165745.69 rows=1 width=84) (actual time=0.707..0.707 rows=1 loops=1)
                     Sort Key: (st_distance(st_transform(s_1241.the_geom, 25833), '0101000020E964000064E50F5BE0DD234100DBE319C40D5741'::geometry))
                     Sort Method: top-N heapsort  Memory: 25kB
                     ->  Seq Scan on phoml_trajectory_tmp s_1241  (cost=0.00..165745.68 rows=1 width=84) (actual time=0.027..0.633 rows=488 loops=1)
                           Filter: ((unix_time >= '1685451391.562'::double precision) AND (unix_time <= '1685451451.562'::double precision) AND st_dwithin(st_transform(the_geom, 25833), '0101000020E964000064E50F5BE0DD234100DBE319C40D5741'::geometry, '300'::double precision))
                           Rows Removed by Filter: 3172
   ->  Subquery Scan on "*SELECT* 1243"  (cost=165745.69..165745.70 rows=1 width=76) (actual time=0.691..0.692 rows=1 loops=1)
         ->  Limit  (cost=165745.69..165745.69 rows=1 width=84) (actual time=0.688..0.688 rows=1 loops=1)
               ->  Sort  (cost=165745.69..165745.69 rows=1 width=84) (actual time=0.686..0.686 rows=1 loops=1)
                     Sort Key: (st_distance(st_transform(s_1242.the_geom, 25833), '0101000020E9640000C111A086E4DD234194F33CFAC20D5741'::geometry))
                     Sort Method: top-N heapsort  Memory: 25kB
                     ->  Seq Scan on phoml_trajectory_tmp s_1242  (cost=0.00..165745.68 rows=1 width=84) (actual time=0.025..0.614 rows=488 loops=1)
                           Filter: ((unix_time >= '1685451391.902'::double precision) AND (unix_time <= '1685451451.902'::double precision) AND st_dwithin(st_transform(the_geom, 25833), '0101000020E9640000C111A086E4DD234194F33CFAC20D5741'::geometry, '300'::double precision))
                           Rows Removed by Filter: 3172
   ->  Subquery Scan on "*SELECT* 1244"  (cost=165745.69..165745.70 rows=1 width=76) (actual time=0.699..0.700 rows=1 loops=1)
         ->  Limit  (cost=165745.69..165745.69 rows=1 width=84) (actual time=0.696..0.697 rows=1 loops=1)
               ->  Sort  (cost=165745.69..165745.69 rows=1 width=84) (actual time=0.693..0.694 rows=1 loops=1)
                     Sort Key: (st_distance(st_transform(s_1243.the_geom, 25833), '0101000020E9640000749BFEB3E8DD234178ABF7DCC10D5741'::geometry))
                     Sort Method: top-N heapsort  Memory: 25kB
                     ->  Seq Scan on phoml_trajectory_tmp s_1243  (cost=0.00..165745.68 rows=1 width=84) (actual time=0.025..0.622 rows=488 loops=1)
                           Filter: ((unix_time >= '1685451392.243'::double precision) AND (unix_time <= '1685451452.243'::double precision) AND st_dwithin(st_transform(the_geom, 25833), '0101000020E9640000749BFEB3E8DD234178ABF7DCC10D5741'::geometry, '300'::double precision))
                           Rows Removed by Filter: 3172
   ->  Subquery Scan on "*SELECT* 1245"  (cost=165745.69..165745.70 rows=1 width=76) (actual time=0.714..0.715 rows=1 loops=1)
         ->  Limit  (cost=165745.69..165745.69 rows=1 width=84) (actual time=0.711..0.712 rows=1 loops=1)
               ->  Sort  (cost=165745.69..165745.69 rows=1 width=84) (actual time=0.709..0.709 rows=1 loops=1)
                     Sort Key: (st_distance(st_transform(s_1244.the_geom, 25833), '0101000020E9640000FE1458BBECDD2341D1CA5CB9C00D5741'::geometry))
                     Sort Method: top-N heapsort  Memory: 25kB
                     ->  Seq Scan on phoml_trajectory_tmp s_1244  (cost=0.00..165745.68 rows=1 width=84) (actual time=0.028..0.634 rows=488 loops=1)
                           Filter: ((unix_time >= '1685451392.593'::double precision) AND (unix_time <= '1685451452.593'::double precision) AND st_dwithin(st_transform(the_geom, 25833), '0101000020E9640000FE1458BBECDD2341D1CA5CB9C00D5741'::geometry, '300'::double precision))
                           Rows Removed by Filter: 3172
   ->  Subquery Scan on "*SELECT* 1246"  (cost=165745.69..165745.70 rows=1 width=76) (actual time=0.702..0.703 rows=1 loops=1)
         ->  Limit  (cost=165745.69..165745.69 rows=1 width=84) (actual time=0.685..0.685 rows=1 loops=1)
               ->  Sort  (cost=165745.69..165745.69 rows=1 width=84) (actual time=0.682..0.683 rows=1 loops=1)
                     Sort Key: (st_distance(st_transform(s_1245.the_geom, 25833), '0101000020E9640000C68353B2F0DD2341F08142A5BF0D5741'::geometry))
                     Sort Method: top-N heapsort  Memory: 25kB
                     ->  Seq Scan on phoml_trajectory_tmp s_1245  (cost=0.00..165745.68 rows=1 width=84) (actual time=0.026..0.608 rows=488 loops=1)
                           Filter: ((unix_time >= '1685451392.974'::double precision) AND (unix_time <= '1685451452.974'::double precision) AND st_dwithin(st_transform(the_geom, 25833), '0101000020E9640000C68353B2F0DD2341F08142A5BF0D5741'::geometry, '300'::double precision))
                           Rows Removed by Filter: 3172
   ->  Subquery Scan on "*SELECT* 1247"  (cost=165745.69..165745.70 rows=1 width=76) (actual time=0.706..0.707 rows=1 loops=1)
         ->  Limit  (cost=165745.69..165745.69 rows=1 width=84) (actual time=0.702..0.703 rows=1 loops=1)
               ->  Sort  (cost=165745.69..165745.69 rows=1 width=84) (actual time=0.700..0.700 rows=1 loops=1)
                     Sort Key: (st_distance(st_transform(s_1246.the_geom, 25833), '0101000020E9640000B0AC8DE8F4DD23411C5BFC79BE0D5741'::geometry))
                     Sort Method: top-N heapsort  Memory: 25kB
                     ->  Seq Scan on phoml_trajectory_tmp s_1246  (cost=0.00..165745.68 rows=1 width=84) (actual time=0.027..0.626 rows=488 loops=1)
                           Filter: ((unix_time >= '1685451393.335'::double precision) AND (unix_time <= '1685451453.335'::double precision) AND st_dwithin(st_transform(the_geom, 25833), '0101000020E9640000B0AC8DE8F4DD23411C5BFC79BE0D5741'::geometry, '300'::double precision))
                           Rows Removed by Filter: 3172
   ->  Subquery Scan on "*SELECT* 1248"  (cost=165745.69..165745.70 rows=1 width=76) (actual time=0.705..0.706 rows=1 loops=1)
         ->  Limit  (cost=165745.69..165745.69 rows=1 width=84) (actual time=0.702..0.703 rows=1 loops=1)
               ->  Sort  (cost=165745.69..165745.69 rows=1 width=84) (actual time=0.700..0.700 rows=1 loops=1)
                     Sort Key: (st_distance(st_transform(s_1247.the_geom, 25833), '0101000020E9640000D224CD0CF9DD23419993265BBD0D5741'::geometry))
                     Sort Method: top-N heapsort  Memory: 25kB
                     ->  Seq Scan on phoml_trajectory_tmp s_1247  (cost=0.00..165745.68 rows=1 width=84) (actual time=0.025..0.625 rows=492 loops=1)
                           Filter: ((unix_time >= '1685451393.682'::double precision) AND (unix_time <= '1685451453.682'::double precision) AND st_dwithin(st_transform(the_geom, 25833), '0101000020E9640000D224CD0CF9DD23419993265BBD0D5741'::geometry, '300'::double precision))
                           Rows Removed by Filter: 3168
   ->  Subquery Scan on "*SELECT* 1249"  (cost=165745.69..165745.70 rows=1 width=76) (actual time=0.712..0.713 rows=1 loops=1)
         ->  Limit  (cost=165745.69..165745.69 rows=1 width=84) (actual time=0.710..0.711 rows=1 loops=1)
               ->  Sort  (cost=165745.69..165745.69 rows=1 width=84) (actual time=0.708..0.708 rows=1 loops=1)
                     Sort Key: (st_distance(st_transform(s_1248.the_geom, 25833), '0101000020E96400008A075465FDDD2341CA47B331BC0D5741'::geometry))
                     Sort Method: top-N heapsort  Memory: 25kB
                     ->  Seq Scan on phoml_trajectory_tmp s_1248  (cost=0.00..165745.68 rows=1 width=84) (actual time=0.038..0.632 rows=488 loops=1)
                           Filter: ((unix_time >= '1685451394.032'::double precision) AND (unix_time <= '1685451454.032'::double precision) AND st_dwithin(st_transform(the_geom, 25833), '0101000020E96400008A075465FDDD2341CA47B331BC0D5741'::geometry, '300'::double precision))
                           Rows Removed by Filter: 3172
   ->  Subquery Scan on "*SELECT* 1250"  (cost=165745.69..165745.70 rows=1 width=76) (actual time=0.723..0.724 rows=1 loops=1)
         ->  Limit  (cost=165745.69..165745.69 rows=1 width=84) (actual time=0.721..0.722 rows=1 loops=1)
               ->  Sort  (cost=165745.69..165745.69 rows=1 width=84) (actual time=0.719..0.719 rows=1 loops=1)
                     Sort Key: (st_distance(st_transform(s_1249.the_geom, 25833), '0101000020E96400008220629D01DE2341967B1811BB0D5741'::geometry))
                     Sort Method: top-N heapsort  Memory: 25kB
                     ->  Seq Scan on phoml_trajectory_tmp s_1249  (cost=0.00..165745.68 rows=1 width=84) (actual time=0.045..0.642 rows=488 loops=1)
                           Filter: ((unix_time >= '1685451394.374'::double precision) AND (unix_time <= '1685451454.374'::double precision) AND st_dwithin(st_transform(the_geom, 25833), '0101000020E96400008220629D01DE2341967B1811BB0D5741'::geometry, '300'::double precision))
                           Rows Removed by Filter: 3172
   ->  Subquery Scan on "*SELECT* 1251"  (cost=165745.69..165745.70 rows=1 width=76) (actual time=0.707..0.708 rows=1 loops=1)
         ->  Limit  (cost=165745.69..165745.69 rows=1 width=84) (actual time=0.704..0.705 rows=1 loops=1)
               ->  Sort  (cost=165745.69..165745.69 rows=1 width=84) (actual time=0.702..0.702 rows=1 loops=1)
                     Sort Key: (st_distance(st_transform(s_1250.the_geom, 25833), '0101000020E9640000A78077C005DE2341C0DE5DEFB90D5741'::geometry))
                     Sort Method: top-N heapsort  Memory: 25kB
                     ->  Seq Scan on phoml_trajectory_tmp s_1250  (cost=0.00..165745.68 rows=1 width=84) (actual time=0.026..0.630 rows=488 loops=1)
                           Filter: ((unix_time >= '1685451394.714'::double precision) AND (unix_time <= '1685451454.714'::double precision) AND st_dwithin(st_transform(the_geom, 25833), '0101000020E9640000A78077C005DE2341C0DE5DEFB90D5741'::geometry, '300'::double precision))
                           Rows Removed by Filter: 3172
   ->  Subquery Scan on "*SELECT* 1252"  (cost=165745.69..165745.70 rows=1 width=76) (actual time=0.716..0.717 rows=1 loops=1)
         ->  Limit  (cost=165745.69..165745.69 rows=1 width=84) (actual time=0.712..0.713 rows=1 loops=1)
               ->  Sort  (cost=165745.69..165745.69 rows=1 width=84) (actual time=0.710..0.711 rows=1 loops=1)
                     Sort Key: (st_distance(st_transform(s_1251.the_geom, 25833), '0101000020E9640000838FDB150ADE234180D2C5C7B80D5741'::geometry))
                     Sort Method: top-N heapsort  Memory: 25kB
                     ->  Seq Scan on phoml_trajectory_tmp s_1251  (cost=0.00..165745.68 rows=1 width=84) (actual time=0.028..0.635 rows=492 loops=1)
                           Filter: ((unix_time >= '1685451395.022'::double precision) AND (unix_time <= '1685451455.022'::double precision) AND st_dwithin(st_transform(the_geom, 25833), '0101000020E9640000838FDB150ADE234180D2C5C7B80D5741'::geometry, '300'::double precision))
                           Rows Removed by Filter: 3168
   ->  Subquery Scan on "*SELECT* 1253"  (cost=165745.69..165745.70 rows=1 width=76) (actual time=0.713..0.714 rows=1 loops=1)
         ->  Limit  (cost=165745.69..165745.69 rows=1 width=84) (actual time=0.710..0.711 rows=1 loops=1)
               ->  Sort  (cost=165745.69..165745.69 rows=1 width=84) (actual time=0.708..0.708 rows=1 loops=1)
                     Sort Key: (st_distance(st_transform(s_1252.the_geom, 25833), '0101000020E96400005318FD440EDE234181D8B8A7B70D5741'::geometry))
                     Sort Method: top-N heapsort  Memory: 25kB
                     ->  Seq Scan on phoml_trajectory_tmp s_1252  (cost=0.00..165745.68 rows=1 width=84) (actual time=0.032..0.623 rows=488 loops=1)
                           Filter: ((unix_time >= '1685451395.405'::double precision) AND (unix_time <= '1685451455.405'::double precision) AND st_dwithin(st_transform(the_geom, 25833), '0101000020E96400005318FD440EDE234181D8B8A7B70D5741'::geometry, '300'::double precision))
                           Rows Removed by Filter: 3172
   ->  Subquery Scan on "*SELECT* 1254"  (cost=165745.69..165745.70 rows=1 width=76) (actual time=0.732..0.734 rows=1 loops=1)
         ->  Limit  (cost=165745.69..165745.69 rows=1 width=84) (actual time=0.728..0.729 rows=1 loops=1)
               ->  Sort  (cost=165745.69..165745.69 rows=1 width=84) (actual time=0.726..0.727 rows=1 loops=1)
                     Sort Key: (st_distance(st_transform(s_1253.the_geom, 25833), '0101000020E9640000C33AF36012DE2341A72C4C89B60D5741'::geometry))
                     Sort Method: top-N heapsort  Memory: 25kB
                     ->  Seq Scan on phoml_trajectory_tmp s_1253  (cost=0.00..165745.68 rows=1 width=84) (actual time=0.026..0.653 rows=492 loops=1)
                           Filter: ((unix_time >= '1685451395.703'::double precision) AND (unix_time <= '1685451455.703'::double precision) AND st_dwithin(st_transform(the_geom, 25833), '0101000020E9640000C33AF36012DE2341A72C4C89B60D5741'::geometry, '300'::double precision))
                           Rows Removed by Filter: 3168
   ->  Subquery Scan on "*SELECT* 1255"  (cost=165745.69..165745.70 rows=1 width=76) (actual time=0.715..0.716 rows=1 loops=1)
         ->  Limit  (cost=165745.69..165745.69 rows=1 width=84) (actual time=0.712..0.713 rows=1 loops=1)
               ->  Sort  (cost=165745.69..165745.69 rows=1 width=84) (actual time=0.710..0.710 rows=1 loops=1)
                     Sort Key: (st_distance(st_transform(s_1254.the_geom, 25833), '0101000020E9640000FD1BD68D16DE23412894CE62B50D5741'::geometry))
                     Sort Method: top-N heapsort  Memory: 25kB
                     ->  Seq Scan on phoml_trajectory_tmp s_1254  (cost=0.00..165745.68 rows=1 width=84) (actual time=0.027..0.635 rows=488 loops=1)
                           Filter: ((unix_time >= '1685451396.043'::double precision) AND (unix_time <= '1685451456.043'::double precision) AND st_dwithin(st_transform(the_geom, 25833), '0101000020E9640000FD1BD68D16DE23412894CE62B50D5741'::geometry, '300'::double precision))
                           Rows Removed by Filter: 3172
   ->  Subquery Scan on "*SELECT* 1256"  (cost=165745.69..165745.70 rows=1 width=76) (actual time=0.714..0.715 rows=1 loops=1)
         ->  Limit  (cost=165745.69..165745.69 rows=1 width=84) (actual time=0.711..0.712 rows=1 loops=1)
               ->  Sort  (cost=165745.69..165745.69 rows=1 width=84) (actual time=0.709..0.709 rows=1 loops=1)
                     Sort Key: (st_distance(st_transform(s_1255.the_geom, 25833), '0101000020E96400003CD85FE91ADE234135E6CA3BB40D5741'::geometry))
                     Sort Method: top-N heapsort  Memory: 25kB
                     ->  Seq Scan on phoml_trajectory_tmp s_1255  (cost=0.00..165745.68 rows=1 width=84) (actual time=0.027..0.634 rows=488 loops=1)
                           Filter: ((unix_time >= '1685451396.433'::double precision) AND (unix_time <= '1685451456.433'::double precision) AND st_dwithin(st_transform(the_geom, 25833), '0101000020E96400003CD85FE91ADE234135E6CA3BB40D5741'::geometry, '300'::double precision))
                           Rows Removed by Filter: 3172
   ->  Subquery Scan on "*SELECT* 1257"  (cost=165745.69..165745.70 rows=1 width=76) (actual time=0.722..0.723 rows=1 loops=1)
         ->  Limit  (cost=165745.69..165745.69 rows=1 width=84) (actual time=0.718..0.718 rows=1 loops=1)
               ->  Sort  (cost=165745.69..165745.69 rows=1 width=84) (actual time=0.716..0.716 rows=1 loops=1)
                     Sort Key: (st_distance(st_transform(s_1256.the_geom, 25833), '0101000020E9640000850D0A031FDE2341115B0622B30D5741'::geometry))
                     Sort Method: top-N heapsort  Memory: 25kB
                     ->  Seq Scan on phoml_trajectory_tmp s_1256  (cost=0.00..165745.68 rows=1 width=84) (actual time=0.030..0.640 rows=488 loops=1)
                           Filter: ((unix_time >= '1685451396.763'::double precision) AND (unix_time <= '1685451456.763'::double precision) AND st_dwithin(st_transform(the_geom, 25833), '0101000020E9640000850D0A031FDE2341115B0622B30D5741'::geometry, '300'::double precision))
                           Rows Removed by Filter: 3172
   ->  Subquery Scan on "*SELECT* 1258"  (cost=165745.69..165745.70 rows=1 width=76) (actual time=0.725..0.726 rows=1 loops=1)
         ->  Limit  (cost=165745.69..165745.69 rows=1 width=84) (actual time=0.721..0.722 rows=1 loops=1)
               ->  Sort  (cost=165745.69..165745.69 rows=1 width=84) (actual time=0.718..0.719 rows=1 loops=1)
                     Sort Key: (st_distance(st_transform(s_1257.the_geom, 25833), '0101000020E96400002D5E255623DE2341E15886FBB10D5741'::geometry))
                     Sort Method: top-N heapsort  Memory: 25kB
                     ->  Seq Scan on phoml_trajectory_tmp s_1257  (cost=0.00..165745.68 rows=1 width=84) (actual time=0.028..0.640 rows=488 loops=1)
                           Filter: ((unix_time >= '1685451397.103'::double precision) AND (unix_time <= '1685451457.103'::double precision) AND st_dwithin(st_transform(the_geom, 25833), '0101000020E96400002D5E255623DE2341E15886FBB10D5741'::geometry, '300'::double precision))
                           Rows Removed by Filter: 3172
   ->  Subquery Scan on "*SELECT* 1259"  (cost=165745.69..165745.70 rows=1 width=76) (actual time=0.733..0.734 rows=1 loops=1)
         ->  Limit  (cost=165745.69..165745.69 rows=1 width=84) (actual time=0.728..0.729 rows=1 loops=1)
               ->  Sort  (cost=165745.69..165745.69 rows=1 width=84) (actual time=0.726..0.726 rows=1 loops=1)
                     Sort Key: (st_distance(st_transform(s_1258.the_geom, 25833), '0101000020E9640000FD842B9527DE2341893510D4B00D5741'::geometry))
                     Sort Method: top-N heapsort  Memory: 25kB
                     ->  Seq Scan on phoml_trajectory_tmp s_1258  (cost=0.00..165745.68 rows=1 width=84) (actual time=0.032..0.649 rows=488 loops=1)
                           Filter: ((unix_time >= '1685451397.442'::double precision) AND (unix_time <= '1685451457.442'::double precision) AND st_dwithin(st_transform(the_geom, 25833), '0101000020E9640000FD842B9527DE2341893510D4B00D5741'::geometry, '300'::double precision))
                           Rows Removed by Filter: 3172
   ->  Subquery Scan on "*SELECT* 1260"  (cost=165745.69..165745.70 rows=1 width=76) (actual time=0.714..0.716 rows=1 loops=1)
         ->  Limit  (cost=165745.69..165745.69 rows=1 width=84) (actual time=0.711..0.712 rows=1 loops=1)
               ->  Sort  (cost=165745.69..165745.69 rows=1 width=84) (actual time=0.706..0.707 rows=1 loops=1)
                     Sort Key: (st_distance(st_transform(s_1259.the_geom, 25833), '0101000020E964000044F6F3982BDE2341A812FABBAF0D5741'::geometry))
                     Sort Method: top-N heapsort  Memory: 25kB
                     ->  Seq Scan on phoml_trajectory_tmp s_1259  (cost=0.00..165745.68 rows=1 width=84) (actual time=0.030..0.626 rows=488 loops=1)
                           Filter: ((unix_time >= '1685451397.73'::double precision) AND (unix_time <= '1685451457.73'::double precision) AND st_dwithin(st_transform(the_geom, 25833), '0101000020E964000044F6F3982BDE2341A812FABBAF0D5741'::geometry, '300'::double precision))
                           Rows Removed by Filter: 3172
   ->  Subquery Scan on "*SELECT* 1261"  (cost=165745.69..165745.70 rows=1 width=76) (actual time=0.700..0.701 rows=1 loops=1)
         ->  Limit  (cost=165745.69..165745.69 rows=1 width=84) (actual time=0.698..0.699 rows=1 loops=1)
               ->  Sort  (cost=165745.69..165745.69 rows=1 width=84) (actual time=0.696..0.696 rows=1 loops=1)
                     Sort Key: (st_distance(st_transform(s_1260.the_geom, 25833), '0101000020E9640000992C55F02FDE23418C50AF95AE0D5741'::geometry))
                     Sort Method: top-N heapsort  Memory: 25kB
                     ->  Seq Scan on phoml_trajectory_tmp s_1260  (cost=0.00..165745.68 rows=1 width=84) (actual time=0.030..0.628 rows=488 loops=1)
                           Filter: ((unix_time >= '1685451398.07'::double precision) AND (unix_time <= '1685451458.07'::double precision) AND st_dwithin(st_transform(the_geom, 25833), '0101000020E9640000992C55F02FDE23418C50AF95AE0D5741'::geometry, '300'::double precision))
                           Rows Removed by Filter: 3172
   ->  Subquery Scan on "*SELECT* 1262"  (cost=165745.69..165745.70 rows=1 width=76) (actual time=0.714..0.715 rows=1 loops=1)
         ->  Limit  (cost=165745.69..165745.69 rows=1 width=84) (actual time=0.710..0.711 rows=1 loops=1)
               ->  Sort  (cost=165745.69..165745.69 rows=1 width=84) (actual time=0.708..0.708 rows=1 loops=1)
                     Sort Key: (st_distance(st_transform(s_1261.the_geom, 25833), '0101000020E9640000CD7A381F34DE2341264A666EAD0D5741'::geometry))
                     Sort Method: top-N heapsort  Memory: 25kB
                     ->  Seq Scan on phoml_trajectory_tmp s_1261  (cost=0.00..165745.68 rows=1 width=84) (actual time=0.029..0.634 rows=488 loops=1)
                           Filter: ((unix_time >= '1685451398.452'::double precision) AND (unix_time <= '1685451458.452'::double precision) AND st_dwithin(st_transform(the_geom, 25833), '0101000020E9640000CD7A381F34DE2341264A666EAD0D5741'::geometry, '300'::double precision))
                           Rows Removed by Filter: 3172
   ->  Subquery Scan on "*SELECT* 1263"  (cost=165745.69..165745.70 rows=1 width=76) (actual time=0.731..0.731 rows=1 loops=1)
         ->  Limit  (cost=165745.69..165745.69 rows=1 width=84) (actual time=0.727..0.728 rows=1 loops=1)
               ->  Sort  (cost=165745.69..165745.69 rows=1 width=84) (actual time=0.725..0.725 rows=1 loops=1)
                     Sort Key: (st_distance(st_transform(s_1262.the_geom, 25833), '0101000020E96400003ED4613A38DE234171568E50AC0D5741'::geometry))
                     Sort Method: top-N heapsort  Memory: 25kB
                     ->  Seq Scan on phoml_trajectory_tmp s_1262  (cost=0.00..165745.68 rows=1 width=84) (actual time=0.027..0.651 rows=488 loops=1)
                           Filter: ((unix_time >= '1685451398.739'::double precision) AND (unix_time <= '1685451458.739'::double precision) AND st_dwithin(st_transform(the_geom, 25833), '0101000020E96400003ED4613A38DE234171568E50AC0D5741'::geometry, '300'::double precision))
                           Rows Removed by Filter: 3172
   ->  Subquery Scan on "*SELECT* 1264"  (cost=165745.69..165745.70 rows=1 width=76) (actual time=0.730..0.731 rows=1 loops=1)
         ->  Limit  (cost=165745.69..165745.69 rows=1 width=84) (actual time=0.727..0.728 rows=1 loops=1)
               ->  Sort  (cost=165745.69..165745.69 rows=1 width=84) (actual time=0.725..0.725 rows=1 loops=1)
                     Sort Key: (st_distance(st_transform(s_1263.the_geom, 25833), '0101000020E9640000D016DF873CDE2341D19A5528AB0D5741'::geometry))
                     Sort Method: top-N heapsort  Memory: 25kB
                     ->  Seq Scan on phoml_trajectory_tmp s_1263  (cost=0.00..165745.68 rows=1 width=84) (actual time=0.028..0.649 rows=484 loops=1)
                           Filter: ((unix_time >= '1685451399.121'::double precision) AND (unix_time <= '1685451459.121'::double precision) AND st_dwithin(st_transform(the_geom, 25833), '0101000020E9640000D016DF873CDE2341D19A5528AB0D5741'::geometry, '300'::double precision))
                           Rows Removed by Filter: 3176
   ->  Subquery Scan on "*SELECT* 1265"  (cost=165745.69..165745.70 rows=1 width=76) (actual time=0.717..0.718 rows=1 loops=1)
         ->  Limit  (cost=165745.69..165745.69 rows=1 width=84) (actual time=0.715..0.716 rows=1 loops=1)
               ->  Sort  (cost=165745.69..165745.69 rows=1 width=84) (actual time=0.713..0.714 rows=1 loops=1)
                     Sort Key: (st_distance(st_transform(s_1264.the_geom, 25833), '0101000020E9640000784D4DDE40DE23412A0F560AAA0D5741'::geometry))
                     Sort Method: top-N heapsort  Memory: 25kB
                     ->  Seq Scan on phoml_trajectory_tmp s_1264  (cost=0.00..165745.68 rows=1 width=84) (actual time=0.030..0.640 rows=484 loops=1)
                           Filter: ((unix_time >= '1685451399.405'::double precision) AND (unix_time <= '1685451459.405'::double precision) AND st_dwithin(st_transform(the_geom, 25833), '0101000020E9640000784D4DDE40DE23412A0F560AAA0D5741'::geometry, '300'::double precision))
                           Rows Removed by Filter: 3176
   ->  Subquery Scan on "*SELECT* 1266"  (cost=165745.69..165745.70 rows=1 width=76) (actual time=0.741..0.742 rows=1 loops=1)
         ->  Limit  (cost=165745.69..165745.69 rows=1 width=84) (actual time=0.737..0.738 rows=1 loops=1)
               ->  Sort  (cost=165745.69..165745.69 rows=1 width=84) (actual time=0.735..0.735 rows=1 loops=1)
                     Sort Key: (st_distance(st_transform(s_1265.the_geom, 25833), '0101000020E96400005D6B706F45DE2341E70A6DDEA80D5741'::geometry))
                     Sort Method: top-N heapsort  Memory: 25kB
                     ->  Seq Scan on phoml_trajectory_tmp s_1265  (cost=0.00..165745.68 rows=1 width=84) (actual time=0.028..0.659 rows=488 loops=1)
                           Filter: ((unix_time >= '1685451399.787'::double precision) AND (unix_time <= '1685451459.787'::double precision) AND st_dwithin(st_transform(the_geom, 25833), '0101000020E96400005D6B706F45DE2341E70A6DDEA80D5741'::geometry, '300'::double precision))
                           Rows Removed by Filter: 3172
   ->  Subquery Scan on "*SELECT* 1267"  (cost=165745.69..165745.70 rows=1 width=76) (actual time=0.721..0.723 rows=1 loops=1)
         ->  Limit  (cost=165745.69..165745.69 rows=1 width=84) (actual time=0.718..0.719 rows=1 loops=1)
               ->  Sort  (cost=165745.69..165745.69 rows=1 width=84) (actual time=0.715..0.716 rows=1 loops=1)
                     Sort Key: (st_distance(st_transform(s_1266.the_geom, 25833), '0101000020E96400000351BE104ADE2341D52BA3B0A70D5741'::geometry))
                     Sort Method: top-N heapsort  Memory: 25kB
                     ->  Seq Scan on phoml_trajectory_tmp s_1266  (cost=0.00..165745.68 rows=1 width=84) (actual time=0.027..0.634 rows=488 loops=1)
                           Filter: ((unix_time >= '1685451400.127'::double precision) AND (unix_time <= '1685451460.127'::double precision) AND st_dwithin(st_transform(the_geom, 25833), '0101000020E96400000351BE104ADE2341D52BA3B0A70D5741'::geometry, '300'::double precision))
                           Rows Removed by Filter: 3172
   ->  Subquery Scan on "*SELECT* 1268"  (cost=165745.69..165745.70 rows=1 width=76) (actual time=0.701..0.702 rows=1 loops=1)
         ->  Limit  (cost=165745.69..165745.69 rows=1 width=84) (actual time=0.699..0.700 rows=1 loops=1)
               ->  Sort  (cost=165745.69..165745.69 rows=1 width=84) (actual time=0.697..0.698 rows=1 loops=1)
                     Sort Key: (st_distance(st_transform(s_1267.the_geom, 25833), '0101000020E96400000691B8644EDE23414833528FA60D5741'::geometry))
                     Sort Method: top-N heapsort  Memory: 25kB
                     ->  Seq Scan on phoml_trajectory_tmp s_1267  (cost=0.00..165745.68 rows=1 width=84) (actual time=0.027..0.624 rows=488 loops=1)
                           Filter: ((unix_time >= '1685451400.421'::double precision) AND (unix_time <= '1685451460.421'::double precision) AND st_dwithin(st_transform(the_geom, 25833), '0101000020E96400000691B8644EDE23414833528FA60D5741'::geometry, '300'::double precision))
                           Rows Removed by Filter: 3172
   ->  Subquery Scan on "*SELECT* 1269"  (cost=165745.69..165745.70 rows=1 width=76) (actual time=0.720..0.721 rows=1 loops=1)
         ->  Limit  (cost=165745.69..165745.69 rows=1 width=84) (actual time=0.717..0.718 rows=1 loops=1)
               ->  Sort  (cost=165745.69..165745.69 rows=1 width=84) (actual time=0.715..0.716 rows=1 loops=1)
                     Sort Key: (st_distance(st_transform(s_1268.the_geom, 25833), '0101000020E9640000CBFF57C352DE23411A13116EA50D5741'::geometry))
                     Sort Method: top-N heapsort  Memory: 25kB
                     ->  Seq Scan on phoml_trajectory_tmp s_1268  (cost=0.00..165745.68 rows=1 width=84) (actual time=0.048..0.643 rows=484 loops=1)
                           Filter: ((unix_time >= '1685451400.793'::double precision) AND (unix_time <= '1685451460.793'::double precision) AND st_dwithin(st_transform(the_geom, 25833), '0101000020E9640000CBFF57C352DE23411A13116EA50D5741'::geometry, '300'::double precision))
                           Rows Removed by Filter: 3176
   ->  Subquery Scan on "*SELECT* 1270"  (cost=165745.69..165745.70 rows=1 width=76) (actual time=0.714..0.715 rows=1 loops=1)
         ->  Limit  (cost=165745.69..165745.69 rows=1 width=84) (actual time=0.710..0.711 rows=1 loops=1)
               ->  Sort  (cost=165745.69..165745.69 rows=1 width=84) (actual time=0.708..0.708 rows=1 loops=1)
                     Sort Key: (st_distance(st_transform(s_1269.the_geom, 25833), '0101000020E9640000047BFB2B57DE23417994B44EA40D5741'::geometry))
                     Sort Method: top-N heapsort  Memory: 25kB
                     ->  Seq Scan on phoml_trajectory_tmp s_1269  (cost=0.00..165745.68 rows=1 width=84) (actual time=0.028..0.635 rows=484 loops=1)
                           Filter: ((unix_time >= '1685451401.091'::double precision) AND (unix_time <= '1685451461.091'::double precision) AND st_dwithin(st_transform(the_geom, 25833), '0101000020E9640000047BFB2B57DE23417994B44EA40D5741'::geometry, '300'::double precision))
                           Rows Removed by Filter: 3176
   ->  Subquery Scan on "*SELECT* 1271"  (cost=165745.69..165745.70 rows=1 width=76) (actual time=0.711..0.712 rows=1 loops=1)
         ->  Limit  (cost=165745.69..165745.69 rows=1 width=84) (actual time=0.708..0.709 rows=1 loops=1)
               ->  Sort  (cost=165745.69..165745.69 rows=1 width=84) (actual time=0.706..0.706 rows=1 loops=1)
                     Sort Key: (st_distance(st_transform(s_1270.the_geom, 25833), '0101000020E964000047BE704F5BDE2341CF8F9A36A30D5741'::geometry))
                     Sort Method: top-N heapsort  Memory: 25kB
                     ->  Seq Scan on phoml_trajectory_tmp s_1270  (cost=0.00..165745.68 rows=1 width=84) (actual time=0.029..0.630 rows=484 loops=1)
                           Filter: ((unix_time >= '1685451401.417'::double precision) AND (unix_time <= '1685451461.417'::double precision) AND st_dwithin(st_transform(the_geom, 25833), '0101000020E964000047BE704F5BDE2341CF8F9A36A30D5741'::geometry, '300'::double precision))
                           Rows Removed by Filter: 3176
   ->  Subquery Scan on "*SELECT* 1272"  (cost=165745.69..165745.70 rows=1 width=76) (actual time=0.704..0.705 rows=1 loops=1)
         ->  Limit  (cost=165745.69..165745.69 rows=1 width=84) (actual time=0.702..0.702 rows=1 loops=1)
               ->  Sort  (cost=165745.69..165745.69 rows=1 width=84) (actual time=0.699..0.699 rows=1 loops=1)
                     Sort Key: (st_distance(st_transform(s_1271.the_geom, 25833), '0101000020E9640000E00754815FDE234147C41815A20D5741'::geometry))
                     Sort Method: top-N heapsort  Memory: 25kB
                     ->  Seq Scan on phoml_trajectory_tmp s_1271  (cost=0.00..165745.68 rows=1 width=84) (actual time=0.030..0.627 rows=484 loops=1)
                           Filter: ((unix_time >= '1685451401.799'::double precision) AND (unix_time <= '1685451461.799'::double precision) AND st_dwithin(st_transform(the_geom, 25833), '0101000020E9640000E00754815FDE234147C41815A20D5741'::geometry, '300'::double precision))
                           Rows Removed by Filter: 3176
   ->  Subquery Scan on "*SELECT* 1273"  (cost=165745.69..165745.70 rows=1 width=76) (actual time=0.718..0.719 rows=1 loops=1)
         ->  Limit  (cost=165745.69..165745.69 rows=1 width=84) (actual time=0.714..0.715 rows=1 loops=1)
               ->  Sort  (cost=165745.69..165745.69 rows=1 width=84) (actual time=0.712..0.713 rows=1 loops=1)
                     Sort Key: (st_distance(st_transform(s_1272.the_geom, 25833), '0101000020E964000060847D7863DE234137638BFCA00D5741'::geometry))
                     Sort Method: top-N heapsort  Memory: 25kB
                     ->  Seq Scan on phoml_trajectory_tmp s_1272  (cost=0.00..165745.68 rows=1 width=84) (actual time=0.030..0.639 rows=484 loops=1)
                           Filter: ((unix_time >= '1685451402.097'::double precision) AND (unix_time <= '1685451462.097'::double precision) AND st_dwithin(st_transform(the_geom, 25833), '0101000020E964000060847D7863DE234137638BFCA00D5741'::geometry, '300'::double precision))
                           Rows Removed by Filter: 3176
   ->  Subquery Scan on "*SELECT* 1274"  (cost=165745.69..165745.70 rows=1 width=76) (actual time=0.713..0.714 rows=1 loops=1)
         ->  Limit  (cost=165745.69..165745.69 rows=1 width=84) (actual time=0.710..0.711 rows=1 loops=1)
               ->  Sort  (cost=165745.69..165745.69 rows=1 width=84) (actual time=0.707..0.708 rows=1 loops=1)
                     Sort Key: (st_distance(st_transform(s_1273.the_geom, 25833), '0101000020E96400007AE4607167DE2341519C8FE59F0D5741'::geometry))
                     Sort Method: top-N heapsort  Memory: 25kB
                     ->  Seq Scan on phoml_trajectory_tmp s_1273  (cost=0.00..165745.68 rows=1 width=84) (actual time=0.028..0.632 rows=484 loops=1)
                           Filter: ((unix_time >= '1685451402.463'::double precision) AND (unix_time <= '1685451462.463'::double precision) AND st_dwithin(st_transform(the_geom, 25833), '0101000020E96400007AE4607167DE2341519C8FE59F0D5741'::geometry, '300'::double precision))
                           Rows Removed by Filter: 3176
   ->  Subquery Scan on "*SELECT* 1275"  (cost=165745.69..165745.70 rows=1 width=76) (actual time=0.711..0.712 rows=1 loops=1)
         ->  Limit  (cost=165745.69..165745.69 rows=1 width=84) (actual time=0.707..0.708 rows=1 loops=1)
               ->  Sort  (cost=165745.69..165745.69 rows=1 width=84) (actual time=0.705..0.706 rows=1 loops=1)
                     Sort Key: (st_distance(st_transform(s_1274.the_geom, 25833), '0101000020E9640000F547D6D06BDE234150FDAEB99E0D5741'::geometry))
                     Sort Method: top-N heapsort  Memory: 25kB
                     ->  Seq Scan on phoml_trajectory_tmp s_1274  (cost=0.00..165745.68 rows=1 width=84) (actual time=0.028..0.632 rows=484 loops=1)
                           Filter: ((unix_time >= '1685451402.813'::double precision) AND (unix_time <= '1685451462.813'::double precision) AND st_dwithin(st_transform(the_geom, 25833), '0101000020E9640000F547D6D06BDE234150FDAEB99E0D5741'::geometry, '300'::double precision))
                           Rows Removed by Filter: 3176
   ->  Subquery Scan on "*SELECT* 1276"  (cost=165745.69..165745.70 rows=1 width=76) (actual time=0.703..0.704 rows=1 loops=1)
         ->  Limit  (cost=165745.69..165745.69 rows=1 width=84) (actual time=0.701..0.701 rows=1 loops=1)
               ->  Sort  (cost=165745.69..165745.69 rows=1 width=84) (actual time=0.699..0.699 rows=1 loops=1)
                     Sort Key: (st_distance(st_transform(s_1275.the_geom, 25833), '0101000020E9640000450FE11570DE2341838E35989D0D5741'::geometry))
                     Sort Method: top-N heapsort  Memory: 25kB
                     ->  Seq Scan on phoml_trajectory_tmp s_1275  (cost=0.00..165745.68 rows=1 width=84) (actual time=0.029..0.625 rows=484 loops=1)
                           Filter: ((unix_time >= '1685451403.101'::double precision) AND (unix_time <= '1685451463.101'::double precision) AND st_dwithin(st_transform(the_geom, 25833), '0101000020E9640000450FE11570DE2341838E35989D0D5741'::geometry, '300'::double precision))
                           Rows Removed by Filter: 3176
   ->  Subquery Scan on "*SELECT* 1277"  (cost=165745.69..165745.70 rows=1 width=76) (actual time=0.709..0.710 rows=1 loops=1)
         ->  Limit  (cost=165745.69..165745.69 rows=1 width=84) (actual time=0.706..0.706 rows=1 loops=1)
               ->  Sort  (cost=165745.69..165745.69 rows=1 width=84) (actual time=0.703..0.704 rows=1 loops=1)
                     Sort Key: (st_distance(st_transform(s_1276.the_geom, 25833), '0101000020E964000042E1703774DE234144515B729C0D5741'::geometry))
                     Sort Method: top-N heapsort  Memory: 25kB
                     ->  Seq Scan on phoml_trajectory_tmp s_1276  (cost=0.00..165745.68 rows=1 width=84) (actual time=0.031..0.631 rows=484 loops=1)
                           Filter: ((unix_time >= '1685451403.486'::double precision) AND (unix_time <= '1685451463.486'::double precision) AND st_dwithin(st_transform(the_geom, 25833), '0101000020E964000042E1703774DE234144515B729C0D5741'::geometry, '300'::double precision))
                           Rows Removed by Filter: 3176
   ->  Subquery Scan on "*SELECT* 1278"  (cost=165745.69..165745.70 rows=1 width=76) (actual time=0.712..0.713 rows=1 loops=1)
         ->  Limit  (cost=165745.69..165745.69 rows=1 width=84) (actual time=0.708..0.709 rows=1 loops=1)
               ->  Sort  (cost=165745.69..165745.69 rows=1 width=84) (actual time=0.706..0.706 rows=1 loops=1)
                     Sort Key: (st_distance(st_transform(s_1277.the_geom, 25833), '0101000020E9640000F6508D5B78DE2341FBAD575A9B0D5741'::geometry))
                     Sort Method: top-N heapsort  Memory: 25kB
                     ->  Seq Scan on phoml_trajectory_tmp s_1277  (cost=0.00..165745.68 rows=1 width=84) (actual time=0.029..0.634 rows=484 loops=1)
                           Filter: ((unix_time >= '1685451403.774'::double precision) AND (unix_time <= '1685451463.774'::double precision) AND st_dwithin(st_transform(the_geom, 25833), '0101000020E9640000F6508D5B78DE2341FBAD575A9B0D5741'::geometry, '300'::double precision))
                           Rows Removed by Filter: 3176
   ->  Subquery Scan on "*SELECT* 1279"  (cost=165745.69..165745.70 rows=1 width=76) (actual time=0.715..0.716 rows=1 loops=1)
         ->  Limit  (cost=165745.69..165745.69 rows=1 width=84) (actual time=0.711..0.712 rows=1 loops=1)
               ->  Sort  (cost=165745.69..165745.69 rows=1 width=84) (actual time=0.709..0.709 rows=1 loops=1)
                     Sort Key: (st_distance(st_transform(s_1278.the_geom, 25833), '0101000020E96400003F1C6DB07CDE2341B4E467339A0D5741'::geometry))
                     Sort Method: top-N heapsort  Memory: 25kB
                     ->  Seq Scan on phoml_trajectory_tmp s_1278  (cost=0.00..165745.68 rows=1 width=84) (actual time=0.033..0.634 rows=484 loops=1)
                           Filter: ((unix_time >= '1685451404.114'::double precision) AND (unix_time <= '1685451464.114'::double precision) AND st_dwithin(st_transform(the_geom, 25833), '0101000020E96400003F1C6DB07CDE2341B4E467339A0D5741'::geometry, '300'::double precision))
                           Rows Removed by Filter: 3176
   ->  Subquery Scan on "*SELECT* 1280"  (cost=165745.69..165745.70 rows=1 width=76) (actual time=0.711..0.712 rows=1 loops=1)
         ->  Limit  (cost=165745.69..165745.69 rows=1 width=84) (actual time=0.708..0.709 rows=1 loops=1)
               ->  Sort  (cost=165745.69..165745.69 rows=1 width=84) (actual time=0.706..0.707 rows=1 loops=1)
                     Sort Key: (st_distance(st_transform(s_1279.the_geom, 25833), '0101000020E9640000367E5FCB80DE2341AFC76F19990D5741'::geometry))
                     Sort Method: top-N heapsort  Memory: 25kB
                     ->  Seq Scan on phoml_trajectory_tmp s_1279  (cost=0.00..165745.68 rows=1 width=84) (actual time=0.032..0.630 rows=484 loops=1)
                           Filter: ((unix_time >= '1685451404.444'::double precision) AND (unix_time <= '1685451464.444'::double precision) AND st_dwithin(st_transform(the_geom, 25833), '0101000020E9640000367E5FCB80DE2341AFC76F19990D5741'::geometry, '300'::double precision))
                           Rows Removed by Filter: 3176
   ->  Subquery Scan on "*SELECT* 1281"  (cost=165745.69..165745.70 rows=1 width=76) (actual time=0.758..0.759 rows=1 loops=1)
         ->  Limit  (cost=165745.69..165745.69 rows=1 width=84) (actual time=0.753..0.754 rows=1 loops=1)
               ->  Sort  (cost=165745.69..165745.69 rows=1 width=84) (actual time=0.751..0.751 rows=1 loops=1)
                     Sort Key: (st_distance(st_transform(s_1280.the_geom, 25833), '0101000020E96400005505C55185DE234174DD5CEA970D5741'::geometry))
                     Sort Method: top-N heapsort  Memory: 25kB
                     ->  Seq Scan on phoml_trajectory_tmp s_1280  (cost=0.00..165745.68 rows=1 width=84) (actual time=0.030..0.670 rows=484 loops=1)
                           Filter: ((unix_time >= '1685451404.836'::double precision) AND (unix_time <= '1685451464.836'::double precision) AND st_dwithin(st_transform(the_geom, 25833), '0101000020E96400005505C55185DE234174DD5CEA970D5741'::geometry, '300'::double precision))
                           Rows Removed by Filter: 3176
   ->  Subquery Scan on "*SELECT* 1282"  (cost=165745.69..165745.70 rows=1 width=76) (actual time=0.723..0.725 rows=1 loops=1)
         ->  Limit  (cost=165745.69..165745.69 rows=1 width=84) (actual time=0.719..0.720 rows=1 loops=1)
               ->  Sort  (cost=165745.69..165745.69 rows=1 width=84) (actual time=0.716..0.717 rows=1 loops=1)
                     Sort Key: (st_distance(st_transform(s_1281.the_geom, 25833), '0101000020E9640000E26ABEA689DE234189E872CE960D5741'::geometry))
                     Sort Method: top-N heapsort  Memory: 25kB
                     ->  Seq Scan on phoml_trajectory_tmp s_1281  (cost=0.00..165745.68 rows=1 width=84) (actual time=0.034..0.633 rows=484 loops=1)
                           Filter: ((unix_time >= '1685451405.124'::double precision) AND (unix_time <= '1685451465.124'::double precision) AND st_dwithin(st_transform(the_geom, 25833), '0101000020E9640000E26ABEA689DE234189E872CE960D5741'::geometry, '300'::double precision))
                           Rows Removed by Filter: 3176
   ->  Subquery Scan on "*SELECT* 1283"  (cost=165745.69..165745.70 rows=1 width=76) (actual time=0.726..0.727 rows=1 loops=1)
         ->  Limit  (cost=165745.69..165745.69 rows=1 width=84) (actual time=0.722..0.722 rows=1 loops=1)
               ->  Sort  (cost=165745.69..165745.69 rows=1 width=84) (actual time=0.717..0.717 rows=1 loops=1)
                     Sort Key: (st_distance(st_transform(s_1282.the_geom, 25833), '0101000020E96400006D0C71238EDE2341EAB344A4950D5741'::geometry))
                     Sort Method: top-N heapsort  Memory: 25kB
                     ->  Seq Scan on phoml_trajectory_tmp s_1282  (cost=0.00..165745.68 rows=1 width=84) (actual time=0.036..0.639 rows=480 loops=1)
                           Filter: ((unix_time >= '1685451405.465'::double precision) AND (unix_time <= '1685451465.465'::double precision) AND st_dwithin(st_transform(the_geom, 25833), '0101000020E96400006D0C71238EDE2341EAB344A4950D5741'::geometry, '300'::double precision))
                           Rows Removed by Filter: 3180
   ->  Subquery Scan on "*SELECT* 1284"  (cost=165745.69..165745.70 rows=1 width=76) (actual time=0.708..0.708 rows=1 loops=1)
         ->  Limit  (cost=165745.69..165745.69 rows=1 width=84) (actual time=0.704..0.705 rows=1 loops=1)
               ->  Sort  (cost=165745.69..165745.69 rows=1 width=84) (actual time=0.702..0.702 rows=1 loops=1)
                     Sort Key: (st_distance(st_transform(s_1283.the_geom, 25833), '0101000020E9640000A14A0DB692DE234143C5577F940D5741'::geometry))
                     Sort Method: top-N heapsort  Memory: 25kB
                     ->  Seq Scan on phoml_trajectory_tmp s_1283  (cost=0.00..165745.68 rows=1 width=84) (actual time=0.035..0.627 rows=480 loops=1)
                           Filter: ((unix_time >= '1685451405.805'::double precision) AND (unix_time <= '1685451465.805'::double precision) AND st_dwithin(st_transform(the_geom, 25833), '0101000020E9640000A14A0DB692DE234143C5577F940D5741'::geometry, '300'::double precision))
                           Rows Removed by Filter: 3180
   ->  Subquery Scan on "*SELECT* 1285"  (cost=165745.69..165745.70 rows=1 width=76) (actual time=0.712..0.714 rows=1 loops=1)
         ->  Limit  (cost=165745.69..165745.69 rows=1 width=84) (actual time=0.709..0.710 rows=1 loops=1)
               ->  Sort  (cost=165745.69..165745.69 rows=1 width=84) (actual time=0.707..0.707 rows=1 loops=1)
                     Sort Key: (st_distance(st_transform(s_1284.the_geom, 25833), '0101000020E9640000F539BE2297DE2341BB98835D930D5741'::geometry))
                     Sort Method: top-N heapsort  Memory: 25kB
                     ->  Seq Scan on phoml_trajectory_tmp s_1284  (cost=0.00..165745.68 rows=1 width=84) (actual time=0.029..0.635 rows=484 loops=1)
                           Filter: ((unix_time >= '1685451406.153'::double precision) AND (unix_time <= '1685451466.153'::double precision) AND st_dwithin(st_transform(the_geom, 25833), '0101000020E9640000F539BE2297DE2341BB98835D930D5741'::geometry, '300'::double precision))
                           Rows Removed by Filter: 3176
   ->  Subquery Scan on "*SELECT* 1286"  (cost=165745.69..165745.70 rows=1 width=76) (actual time=0.714..0.716 rows=1 loops=1)
         ->  Limit  (cost=165745.69..165745.69 rows=1 width=84) (actual time=0.710..0.712 rows=1 loops=1)
               ->  Sort  (cost=165745.69..165745.69 rows=1 width=84) (actual time=0.708..0.709 rows=1 loops=1)
                     Sort Key: (st_distance(st_transform(s_1285.the_geom, 25833), '0101000020E96400001B04332A9BDE2341A71DC646920D5741'::geometry))
                     Sort Method: top-N heapsort  Memory: 25kB
                     ->  Seq Scan on phoml_trajectory_tmp s_1285  (cost=0.00..165745.68 rows=1 width=84) (actual time=0.029..0.634 rows=484 loops=1)
                           Filter: ((unix_time >= '1685451406.483'::double precision) AND (unix_time <= '1685451466.483'::double precision) AND st_dwithin(st_transform(the_geom, 25833), '0101000020E96400001B04332A9BDE2341A71DC646920D5741'::geometry, '300'::double precision))
                           Rows Removed by Filter: 3176
   ->  Subquery Scan on "*SELECT* 1287"  (cost=165745.69..165745.70 rows=1 width=76) (actual time=0.706..0.707 rows=1 loops=1)
         ->  Limit  (cost=165745.69..165745.69 rows=1 width=84) (actual time=0.704..0.705 rows=1 loops=1)
               ->  Sort  (cost=165745.69..165745.69 rows=1 width=84) (actual time=0.702..0.702 rows=1 loops=1)
                     Sort Key: (st_distance(st_transform(s_1286.the_geom, 25833), '0101000020E964000004261BDF9EDE23414C54FF34910D5741'::geometry))
                     Sort Method: top-N heapsort  Memory: 25kB
                     ->  Seq Scan on phoml_trajectory_tmp s_1286  (cost=0.00..165745.68 rows=1 width=84) (actual time=0.030..0.628 rows=484 loops=1)
                           Filter: ((unix_time >= '1685451406.813'::double precision) AND (unix_time <= '1685451466.813'::double precision) AND st_dwithin(st_transform(the_geom, 25833), '0101000020E964000004261BDF9EDE23414C54FF34910D5741'::geometry, '300'::double precision))
                           Rows Removed by Filter: 3176
   ->  Subquery Scan on "*SELECT* 1288"  (cost=165745.69..165745.70 rows=1 width=76) (actual time=0.719..0.720 rows=1 loops=1)
         ->  Limit  (cost=165745.69..165745.69 rows=1 width=84) (actual time=0.715..0.716 rows=1 loops=1)
               ->  Sort  (cost=165745.69..165745.69 rows=1 width=84) (actual time=0.713..0.713 rows=1 loops=1)
                     Sort Key: (st_distance(st_transform(s_1287.the_geom, 25833), '0101000020E9640000C7554118A3DE234165E85E05900D5741'::geometry))
                     Sort Method: top-N heapsort  Memory: 25kB
                     ->  Seq Scan on phoml_trajectory_tmp s_1287  (cost=0.00..165745.68 rows=1 width=84) (actual time=0.034..0.640 rows=484 loops=1)
                           Filter: ((unix_time >= '1685451407.169'::double precision) AND (unix_time <= '1685451467.169'::double precision) AND st_dwithin(st_transform(the_geom, 25833), '0101000020E9640000C7554118A3DE234165E85E05900D5741'::geometry, '300'::double precision))
                           Rows Removed by Filter: 3176
   ->  Subquery Scan on "*SELECT* 1289"  (cost=165745.69..165745.70 rows=1 width=76) (actual time=0.716..0.717 rows=1 loops=1)
         ->  Limit  (cost=165745.69..165745.69 rows=1 width=84) (actual time=0.713..0.714 rows=1 loops=1)
               ->  Sort  (cost=165745.69..165745.69 rows=1 width=84) (actual time=0.711..0.711 rows=1 loops=1)
                     Sort Key: (st_distance(st_transform(s_1288.the_geom, 25833), '0101000020E9640000320A172DA7DE234118E5D6EE8E0D5741'::geometry))
                     Sort Method: top-N heapsort  Memory: 25kB
                     ->  Seq Scan on phoml_trajectory_tmp s_1288  (cost=0.00..165745.68 rows=1 width=84) (actual time=0.032..0.637 rows=484 loops=1)
                           Filter: ((unix_time >= '1685451407.5'::double precision) AND (unix_time <= '1685451467.5'::double precision) AND st_dwithin(st_transform(the_geom, 25833), '0101000020E9640000320A172DA7DE234118E5D6EE8E0D5741'::geometry, '300'::double precision))
                           Rows Removed by Filter: 3176
   ->  Subquery Scan on "*SELECT* 1290"  (cost=165745.69..165745.70 rows=1 width=76) (actual time=0.721..0.722 rows=1 loops=1)
         ->  Limit  (cost=165745.69..165745.69 rows=1 width=84) (actual time=0.717..0.718 rows=1 loops=1)
               ->  Sort  (cost=165745.69..165745.69 rows=1 width=84) (actual time=0.715..0.715 rows=1 loops=1)
                     Sort Key: (st_distance(st_transform(s_1289.the_geom, 25833), '0101000020E96400007C103E3DABDE23412CC6BFCE8D0D5741'::geometry))
                     Sort Method: top-N heapsort  Memory: 25kB
                     ->  Seq Scan on phoml_trajectory_tmp s_1289  (cost=0.00..165745.68 rows=1 width=84) (actual time=0.030..0.638 rows=484 loops=1)
                           Filter: ((unix_time >= '1685451407.829'::double precision) AND (unix_time <= '1685451467.829'::double precision) AND st_dwithin(st_transform(the_geom, 25833), '0101000020E96400007C103E3DABDE23412CC6BFCE8D0D5741'::geometry, '300'::double precision))
                           Rows Removed by Filter: 3176
   ->  Subquery Scan on "*SELECT* 1291"  (cost=165745.69..165745.70 rows=1 width=76) (actual time=0.709..0.710 rows=1 loops=1)
         ->  Limit  (cost=165745.69..165745.69 rows=1 width=84) (actual time=0.707..0.707 rows=1 loops=1)
               ->  Sort  (cost=165745.69..165745.69 rows=1 width=84) (actual time=0.704..0.705 rows=1 loops=1)
                     Sort Key: (st_distance(st_transform(s_1290.the_geom, 25833), '0101000020E9640000DC929C9CAFDE2341DACCE0A68C0D5741'::geometry))
                     Sort Method: top-N heapsort  Memory: 25kB
                     ->  Seq Scan on phoml_trajectory_tmp s_1290  (cost=0.00..165745.68 rows=1 width=84) (actual time=0.030..0.631 rows=484 loops=1)
                           Filter: ((unix_time >= '1685451408.181'::double precision) AND (unix_time <= '1685451468.181'::double precision) AND st_dwithin(st_transform(the_geom, 25833), '0101000020E9640000DC929C9CAFDE2341DACCE0A68C0D5741'::geometry, '300'::double precision))
                           Rows Removed by Filter: 3176
   ->  Subquery Scan on "*SELECT* 1292"  (cost=165745.69..165745.70 rows=1 width=76) (actual time=0.719..0.720 rows=1 loops=1)
         ->  Limit  (cost=165745.69..165745.69 rows=1 width=84) (actual time=0.716..0.717 rows=1 loops=1)
               ->  Sort  (cost=165745.69..165745.69 rows=1 width=84) (actual time=0.714..0.714 rows=1 loops=1)
                     Sort Key: (st_distance(st_transform(s_1291.the_geom, 25833), '0101000020E9640000366525F3B3DE234163B9E97C8B0D5741'::geometry))
                     Sort Method: top-N heapsort  Memory: 25kB
                     ->  Seq Scan on phoml_trajectory_tmp s_1291  (cost=0.00..165745.68 rows=1 width=84) (actual time=0.032..0.640 rows=484 loops=1)
                           Filter: ((unix_time >= '1685451408.521'::double precision) AND (unix_time <= '1685451468.521'::double precision) AND st_dwithin(st_transform(the_geom, 25833), '0101000020E9640000366525F3B3DE234163B9E97C8B0D5741'::geometry, '300'::double precision))
                           Rows Removed by Filter: 3176
   ->  Subquery Scan on "*SELECT* 1293"  (cost=165745.69..165745.70 rows=1 width=76) (actual time=0.716..0.717 rows=1 loops=1)
         ->  Limit  (cost=165745.69..165745.69 rows=1 width=84) (actual time=0.713..0.713 rows=1 loops=1)
               ->  Sort  (cost=165745.69..165745.69 rows=1 width=84) (actual time=0.710..0.711 rows=1 loops=1)
                     Sort Key: (st_distance(st_transform(s_1292.the_geom, 25833), '0101000020E9640000C4D4F64BB8DE23418FC7B15C8A0D5741'::geometry))
                     Sort Method: top-N heapsort  Memory: 25kB
                     ->  Seq Scan on phoml_trajectory_tmp s_1292  (cost=0.00..165745.68 rows=1 width=84) (actual time=0.029..0.637 rows=484 loops=1)
                           Filter: ((unix_time >= '1685451408.903'::double precision) AND (unix_time <= '1685451468.903'::double precision) AND st_dwithin(st_transform(the_geom, 25833), '0101000020E9640000C4D4F64BB8DE23418FC7B15C8A0D5741'::geometry, '300'::double precision))
                           Rows Removed by Filter: 3176
   ->  Subquery Scan on "*SELECT* 1294"  (cost=165745.69..165745.70 rows=1 width=76) (actual time=0.715..0.716 rows=1 loops=1)
         ->  Limit  (cost=165745.69..165745.69 rows=1 width=84) (actual time=0.711..0.712 rows=1 loops=1)
               ->  Sort  (cost=165745.69..165745.69 rows=1 width=84) (actual time=0.709..0.709 rows=1 loops=1)
                     Sort Key: (st_distance(st_transform(s_1293.the_geom, 25833), '0101000020E96400009ECC668FBCDE234106736A3B890D5741'::geometry))
                     Sort Method: top-N heapsort  Memory: 25kB
                     ->  Seq Scan on phoml_trajectory_tmp s_1293  (cost=0.00..165745.68 rows=1 width=84) (actual time=0.029..0.636 rows=484 loops=1)
                           Filter: ((unix_time >= '1685451409.236'::double precision) AND (unix_time <= '1685451469.236'::double precision) AND st_dwithin(st_transform(the_geom, 25833), '0101000020E96400009ECC668FBCDE234106736A3B890D5741'::geometry, '300'::double precision))
                           Rows Removed by Filter: 3176
   ->  Subquery Scan on "*SELECT* 1295"  (cost=165745.69..165745.70 rows=1 width=76) (actual time=0.716..0.718 rows=1 loops=1)
         ->  Limit  (cost=165745.69..165745.69 rows=1 width=84) (actual time=0.714..0.715 rows=1 loops=1)
               ->  Sort  (cost=165745.69..165745.69 rows=1 width=84) (actual time=0.711..0.711 rows=1 loops=1)
                     Sort Key: (st_distance(st_transform(s_1294.the_geom, 25833), '0101000020E964000011A79EA1C0DE2341C81B1122880D5741'::geometry))
                     Sort Method: top-N heapsort  Memory: 25kB
                     ->  Seq Scan on phoml_trajectory_tmp s_1294  (cost=0.00..165745.68 rows=1 width=84) (actual time=0.032..0.637 rows=484 loops=1)
                           Filter: ((unix_time >= '1685451409.524'::double precision) AND (unix_time <= '1685451469.524'::double precision) AND st_dwithin(st_transform(the_geom, 25833), '0101000020E964000011A79EA1C0DE2341C81B1122880D5741'::geometry, '300'::double precision))
                           Rows Removed by Filter: 3176
   ->  Subquery Scan on "*SELECT* 1296"  (cost=165745.69..165745.70 rows=1 width=76) (actual time=0.714..0.715 rows=1 loops=1)
         ->  Limit  (cost=165745.69..165745.69 rows=1 width=84) (actual time=0.711..0.711 rows=1 loops=1)
               ->  Sort  (cost=165745.69..165745.69 rows=1 width=84) (actual time=0.709..0.709 rows=1 loops=1)
                     Sort Key: (st_distance(st_transform(s_1295.the_geom, 25833), '0101000020E964000008B63818C5DE234171EE5DFB860D5741'::geometry))
                     Sort Method: top-N heapsort  Memory: 25kB
                     ->  Seq Scan on phoml_trajectory_tmp s_1295  (cost=0.00..165745.68 rows=1 width=84) (actual time=0.034..0.635 rows=484 loops=1)
                           Filter: ((unix_time >= '1685451409.916'::double precision) AND (unix_time <= '1685451469.916'::double precision) AND st_dwithin(st_transform(the_geom, 25833), '0101000020E964000008B63818C5DE234171EE5DFB860D5741'::geometry, '300'::double precision))
                           Rows Removed by Filter: 3176
   ->  Subquery Scan on "*SELECT* 1297"  (cost=165745.69..165745.70 rows=1 width=76) (actual time=0.713..0.714 rows=1 loops=1)
         ->  Limit  (cost=165745.69..165745.69 rows=1 width=84) (actual time=0.710..0.710 rows=1 loops=1)
               ->  Sort  (cost=165745.69..165745.69 rows=1 width=84) (actual time=0.707..0.707 rows=1 loops=1)
                     Sort Key: (st_distance(st_transform(s_1296.the_geom, 25833), '0101000020E964000072CB2B34C9DE234116DC98D6850D5741'::geometry))
                     Sort Method: top-N heapsort  Memory: 25kB
                     ->  Seq Scan on phoml_trajectory_tmp s_1296  (cost=0.00..165745.68 rows=1 width=84) (actual time=0.030..0.633 rows=484 loops=1)
                           Filter: ((unix_time >= '1685451410.26'::double precision) AND (unix_time <= '1685451470.26'::double precision) AND st_dwithin(st_transform(the_geom, 25833), '0101000020E964000072CB2B34C9DE234116DC98D6850D5741'::geometry, '300'::double precision))
                           Rows Removed by Filter: 3176
   ->  Subquery Scan on "*SELECT* 1298"  (cost=165745.69..165745.70 rows=1 width=76) (actual time=0.704..0.705 rows=1 loops=1)
         ->  Limit  (cost=165745.69..165745.69 rows=1 width=84) (actual time=0.702..0.702 rows=1 loops=1)
               ->  Sort  (cost=165745.69..165745.69 rows=1 width=84) (actual time=0.700..0.700 rows=1 loops=1)
                     Sort Key: (st_distance(st_transform(s_1297.the_geom, 25833), '0101000020E9640000C66EE283CDDE234144D7EBAF840D5741'::geometry))
                     Sort Method: top-N heapsort  Memory: 25kB
                     ->  Seq Scan on phoml_trajectory_tmp s_1297  (cost=0.00..165745.68 rows=1 width=84) (actual time=0.030..0.625 rows=484 loops=1)
                           Filter: ((unix_time >= '1685451410.6'::double precision) AND (unix_time <= '1685451470.6'::double precision) AND st_dwithin(st_transform(the_geom, 25833), '0101000020E9640000C66EE283CDDE234144D7EBAF840D5741'::geometry, '300'::double precision))
                           Rows Removed by Filter: 3176
   ->  Subquery Scan on "*SELECT* 1299"  (cost=165745.69..165745.70 rows=1 width=76) (actual time=0.721..0.723 rows=1 loops=1)
         ->  Limit  (cost=165745.69..165745.69 rows=1 width=84) (actual time=0.719..0.721 rows=1 loops=1)
               ->  Sort  (cost=165745.69..165745.69 rows=1 width=84) (actual time=0.717..0.718 rows=1 loops=1)
                     Sort Key: (st_distance(st_transform(s_1298.the_geom, 25833), '0101000020E9640000B6391E9DD1DE2341C9D93592830D5741'::geometry))
                     Sort Method: top-N heapsort  Memory: 25kB
                     ->  Seq Scan on phoml_trajectory_tmp s_1298  (cost=0.00..165745.68 rows=1 width=84) (actual time=0.046..0.645 rows=484 loops=1)
                           Filter: ((unix_time >= '1685451410.94'::double precision) AND (unix_time <= '1685451470.94'::double precision) AND st_dwithin(st_transform(the_geom, 25833), '0101000020E9640000B6391E9DD1DE2341C9D93592830D5741'::geometry, '300'::double precision))
                           Rows Removed by Filter: 3176
   ->  Subquery Scan on "*SELECT* 1300"  (cost=165745.69..165745.70 rows=1 width=76) (actual time=0.720..0.721 rows=1 loops=1)
         ->  Limit  (cost=165745.69..165745.69 rows=1 width=84) (actual time=0.717..0.718 rows=1 loops=1)
               ->  Sort  (cost=165745.69..165745.69 rows=1 width=84) (actual time=0.715..0.715 rows=1 loops=1)
                     Sort Key: (st_distance(st_transform(s_1299.the_geom, 25833), '0101000020E9640000B3EF3CBAD5DE2341353B6973820D5741'::geometry))
                     Sort Method: top-N heapsort  Memory: 25kB
                     ->  Seq Scan on phoml_trajectory_tmp s_1299  (cost=0.00..165745.68 rows=1 width=84) (actual time=0.033..0.641 rows=484 loops=1)
                           Filter: ((unix_time >= '1685451411.233'::double precision) AND (unix_time <= '1685451471.233'::double precision) AND st_dwithin(st_transform(the_geom, 25833), '0101000020E9640000B3EF3CBAD5DE2341353B6973820D5741'::geometry, '300'::double precision))
                           Rows Removed by Filter: 3176
   ->  Subquery Scan on "*SELECT* 1301"  (cost=165745.69..165745.70 rows=1 width=76) (actual time=0.722..0.723 rows=1 loops=1)
         ->  Limit  (cost=165745.69..165745.69 rows=1 width=84) (actual time=0.718..0.719 rows=1 loops=1)
               ->  Sort  (cost=165745.69..165745.69 rows=1 width=84) (actual time=0.716..0.716 rows=1 loops=1)
                     Sort Key: (st_distance(st_transform(s_1300.the_geom, 25833), '0101000020E9640000A62393E0D9DE2341705C6054810D5741'::geometry))
                     Sort Method: top-N heapsort  Memory: 25kB
                     ->  Seq Scan on phoml_trajectory_tmp s_1300  (cost=0.00..165745.68 rows=1 width=84) (actual time=0.032..0.638 rows=484 loops=1)
                           Filter: ((unix_time >= '1685451411.573'::double precision) AND (unix_time <= '1685451471.573'::double precision) AND st_dwithin(st_transform(the_geom, 25833), '0101000020E9640000A62393E0D9DE2341705C6054810D5741'::geometry, '300'::double precision))
                           Rows Removed by Filter: 3176
   ->  Subquery Scan on "*SELECT* 1302"  (cost=165745.69..165745.70 rows=1 width=76) (actual time=0.702..0.703 rows=1 loops=1)
         ->  Limit  (cost=165745.69..165745.69 rows=1 width=84) (actual time=0.699..0.700 rows=1 loops=1)
               ->  Sort  (cost=165745.69..165745.69 rows=1 width=84) (actual time=0.696..0.697 rows=1 loops=1)
                     Sort Key: (st_distance(st_transform(s_1301.the_geom, 25833), '0101000020E9640000752C76E2DDDE2341B3306938800D5741'::geometry))
                     Sort Method: top-N heapsort  Memory: 25kB
                     ->  Seq Scan on phoml_trajectory_tmp s_1301  (cost=0.00..165745.68 rows=1 width=84) (actual time=0.033..0.625 rows=484 loops=1)
                           Filter: ((unix_time >= '1685451411.913'::double precision) AND (unix_time <= '1685451471.913'::double precision) AND st_dwithin(st_transform(the_geom, 25833), '0101000020E9640000752C76E2DDDE2341B3306938800D5741'::geometry, '300'::double precision))
                           Rows Removed by Filter: 3176
   ->  Subquery Scan on "*SELECT* 1303"  (cost=165745.69..165745.70 rows=1 width=76) (actual time=0.723..0.724 rows=1 loops=1)
         ->  Limit  (cost=165745.69..165745.69 rows=1 width=84) (actual time=0.720..0.720 rows=1 loops=1)
               ->  Sort  (cost=165745.69..165745.69 rows=1 width=84) (actual time=0.718..0.718 rows=1 loops=1)
                     Sort Key: (st_distance(st_transform(s_1302.the_geom, 25833), '0101000020E96400008C9484FEE1DE2341F2C064137F0D5741'::geometry))
                     Sort Method: top-N heapsort  Memory: 25kB
                     ->  Seq Scan on phoml_trajectory_tmp s_1302  (cost=0.00..165745.68 rows=1 width=84) (actual time=0.032..0.643 rows=484 loops=1)
                           Filter: ((unix_time >= '1685451412.257'::double precision) AND (unix_time <= '1685451472.257'::double precision) AND st_dwithin(st_transform(the_geom, 25833), '0101000020E96400008C9484FEE1DE2341F2C064137F0D5741'::geometry, '300'::double precision))
                           Rows Removed by Filter: 3176
   ->  Subquery Scan on "*SELECT* 1304"  (cost=165745.69..165745.70 rows=1 width=76) (actual time=0.720..0.721 rows=1 loops=1)
         ->  Limit  (cost=165745.69..165745.69 rows=1 width=84) (actual time=0.717..0.717 rows=1 loops=1)
               ->  Sort  (cost=165745.69..165745.69 rows=1 width=84) (actual time=0.714..0.715 rows=1 loops=1)
                     Sort Key: (st_distance(st_transform(s_1303.the_geom, 25833), '0101000020E96400008D7733F3E5DE2341964BDCF57D0D5741'::geometry))
                     Sort Method: top-N heapsort  Memory: 25kB
                     ->  Seq Scan on phoml_trajectory_tmp s_1303  (cost=0.00..165745.68 rows=1 width=84) (actual time=0.032..0.642 rows=484 loops=1)
                           Filter: ((unix_time >= '1685451412.587'::double precision) AND (unix_time <= '1685451472.587'::double precision) AND st_dwithin(st_transform(the_geom, 25833), '0101000020E96400008D7733F3E5DE2341964BDCF57D0D5741'::geometry, '300'::double precision))
                           Rows Removed by Filter: 3176
   ->  Subquery Scan on "*SELECT* 1305"  (cost=165745.69..165745.70 rows=1 width=76) (actual time=0.725..0.726 rows=1 loops=1)
         ->  Limit  (cost=165745.69..165745.69 rows=1 width=84) (actual time=0.721..0.722 rows=1 loops=1)
               ->  Sort  (cost=165745.69..165745.69 rows=1 width=84) (actual time=0.718..0.719 rows=1 loops=1)
                     Sort Key: (st_distance(st_transform(s_1304.the_geom, 25833), '0101000020E9640000F0CC38E2E9DE2341063EE7D47C0D5741'::geometry))
                     Sort Method: top-N heapsort  Memory: 25kB
                     ->  Seq Scan on phoml_trajectory_tmp s_1304  (cost=0.00..165745.68 rows=1 width=84) (actual time=0.033..0.637 rows=484 loops=1)
                           Filter: ((unix_time >= '1685451412.937'::double precision) AND (unix_time <= '1685451472.937'::double precision) AND st_dwithin(st_transform(the_geom, 25833), '0101000020E9640000F0CC38E2E9DE2341063EE7D47C0D5741'::geometry, '300'::double precision))
                           Rows Removed by Filter: 3176
   ->  Subquery Scan on "*SELECT* 1306"  (cost=165745.69..165745.70 rows=1 width=76) (actual time=0.710..0.711 rows=1 loops=1)
         ->  Limit  (cost=165745.69..165745.69 rows=1 width=84) (actual time=0.708..0.709 rows=1 loops=1)
               ->  Sort  (cost=165745.69..165745.69 rows=1 width=84) (actual time=0.705..0.706 rows=1 loops=1)
                     Sort Key: (st_distance(st_transform(s_1305.the_geom, 25833), '0101000020E96400001FA322B4EDDE234134808EBA7B0D5741'::geometry))
                     Sort Method: top-N heapsort  Memory: 25kB
                     ->  Seq Scan on phoml_trajectory_tmp s_1305  (cost=0.00..165745.68 rows=1 width=84) (actual time=0.035..0.629 rows=484 loops=1)
                           Filter: ((unix_time >= '1685451413.282'::double precision) AND (unix_time <= '1685451473.282'::double precision) AND st_dwithin(st_transform(the_geom, 25833), '0101000020E96400001FA322B4EDDE234134808EBA7B0D5741'::geometry, '300'::double precision))
                           Rows Removed by Filter: 3176
   ->  Subquery Scan on "*SELECT* 1307"  (cost=165745.69..165745.70 rows=1 width=76) (actual time=0.711..0.712 rows=1 loops=1)
         ->  Limit  (cost=165745.69..165745.69 rows=1 width=84) (actual time=0.708..0.708 rows=1 loops=1)
               ->  Sort  (cost=165745.69..165745.69 rows=1 width=84) (actual time=0.705..0.705 rows=1 loops=1)
                     Sort Key: (st_distance(st_transform(s_1306.the_geom, 25833), '0101000020E9640000E823A456F1DE2341604CF69C7A0D5741'::geometry))
                     Sort Method: top-N heapsort  Memory: 25kB
                     ->  Seq Scan on phoml_trajectory_tmp s_1306  (cost=0.00..165745.68 rows=1 width=84) (actual time=0.031..0.632 rows=484 loops=1)
                           Filter: ((unix_time >= '1685451413.632'::double precision) AND (unix_time <= '1685451473.632'::double precision) AND st_dwithin(st_transform(the_geom, 25833), '0101000020E9640000E823A456F1DE2341604CF69C7A0D5741'::geometry, '300'::double precision))
                           Rows Removed by Filter: 3176
   ->  Subquery Scan on "*SELECT* 1308"  (cost=165745.69..165745.70 rows=1 width=76) (actual time=0.737..0.738 rows=1 loops=1)
         ->  Limit  (cost=165745.69..165745.69 rows=1 width=84) (actual time=0.734..0.734 rows=1 loops=1)
               ->  Sort  (cost=165745.69..165745.69 rows=1 width=84) (actual time=0.732..0.732 rows=1 loops=1)
                     Sort Key: (st_distance(st_transform(s_1307.the_geom, 25833), '0101000020E96400009D2801E8F4DE2341944EF97D790D5741'::geometry))
                     Sort Method: top-N heapsort  Memory: 25kB
                     ->  Seq Scan on phoml_trajectory_tmp s_1307  (cost=0.00..165745.68 rows=1 width=84) (actual time=0.034..0.641 rows=484 loops=1)
                           Filter: ((unix_time >= '1685451413.992'::double precision) AND (unix_time <= '1685451473.992'::double precision) AND st_dwithin(st_transform(the_geom, 25833), '0101000020E96400009D2801E8F4DE2341944EF97D790D5741'::geometry, '300'::double precision))
                           Rows Removed by Filter: 3176
   ->  Subquery Scan on "*SELECT* 1309"  (cost=165745.69..165745.70 rows=1 width=76) (actual time=0.732..0.734 rows=1 loops=1)
         ->  Limit  (cost=165745.69..165745.69 rows=1 width=84) (actual time=0.729..0.730 rows=1 loops=1)
               ->  Sort  (cost=165745.69..165745.69 rows=1 width=84) (actual time=0.726..0.727 rows=1 loops=1)
                     Sort Key: (st_distance(st_transform(s_1308.the_geom, 25833), '0101000020E964000049609C4EF8DE2341396CED5B780D5741'::geometry))
                     Sort Method: top-N heapsort  Memory: 25kB
                     ->  Seq Scan on phoml_trajectory_tmp s_1308  (cost=0.00..165745.68 rows=1 width=84) (actual time=0.037..0.650 rows=484 loops=1)
                           Filter: ((unix_time >= '1685451414.356'::double precision) AND (unix_time <= '1685451474.356'::double precision) AND st_dwithin(st_transform(the_geom, 25833), '0101000020E964000049609C4EF8DE2341396CED5B780D5741'::geometry, '300'::double precision))
                           Rows Removed by Filter: 3176
   ->  Subquery Scan on "*SELECT* 1310"  (cost=165745.69..165745.70 rows=1 width=76) (actual time=0.709..0.710 rows=1 loops=1)
         ->  Limit  (cost=165745.69..165745.69 rows=1 width=84) (actual time=0.707..0.707 rows=1 loops=1)
               ->  Sort  (cost=165745.69..165745.69 rows=1 width=84) (actual time=0.705..0.705 rows=1 loops=1)
                     Sort Key: (st_distance(st_transform(s_1309.the_geom, 25833), '0101000020E9640000CBA0B894FBDE2341FC5BDA48770D5741'::geometry))
                     Sort Method: top-N heapsort  Memory: 25kB
                     ->  Seq Scan on phoml_trajectory_tmp s_1309  (cost=0.00..165745.68 rows=1 width=84) (actual time=0.031..0.632 rows=484 loops=1)
                           Filter: ((unix_time >= '1685451414.715'::double precision) AND (unix_time <= '1685451474.715'::double precision) AND st_dwithin(st_transform(the_geom, 25833), '0101000020E9640000CBA0B894FBDE2341FC5BDA48770D5741'::geometry, '300'::double precision))
                           Rows Removed by Filter: 3176
   ->  Subquery Scan on "*SELECT* 1311"  (cost=165745.69..165745.70 rows=1 width=76) (actual time=0.717..0.718 rows=1 loops=1)
         ->  Limit  (cost=165745.69..165745.69 rows=1 width=84) (actual time=0.714..0.715 rows=1 loops=1)
               ->  Sort  (cost=165745.69..165745.69 rows=1 width=84) (actual time=0.712..0.712 rows=1 loops=1)
                     Sort Key: (st_distance(st_transform(s_1310.the_geom, 25833), '0101000020E96400007F5D6F92FEDE2341AF3CBA2A760D5741'::geometry))
                     Sort Method: top-N heapsort  Memory: 25kB
                     ->  Seq Scan on phoml_trajectory_tmp s_1310  (cost=0.00..165745.68 rows=1 width=84) (actual time=0.031..0.638 rows=484 loops=1)
                           Filter: ((unix_time >= '1685451415.086'::double precision) AND (unix_time <= '1685451475.086'::double precision) AND st_dwithin(st_transform(the_geom, 25833), '0101000020E96400007F5D6F92FEDE2341AF3CBA2A760D5741'::geometry, '300'::double precision))
                           Rows Removed by Filter: 3176
   ->  Subquery Scan on "*SELECT* 1312"  (cost=165745.69..165745.70 rows=1 width=76) (actual time=0.726..0.727 rows=1 loops=1)
         ->  Limit  (cost=165745.69..165745.69 rows=1 width=84) (actual time=0.722..0.723 rows=1 loops=1)
               ->  Sort  (cost=165745.69..165745.69 rows=1 width=84) (actual time=0.720..0.720 rows=1 loops=1)
                     Sort Key: (st_distance(st_transform(s_1311.the_geom, 25833), '0101000020E96400004CB9344701DF2341977C4910750D5741'::geometry))
                     Sort Method: top-N heapsort  Memory: 25kB
                     ->  Seq Scan on phoml_trajectory_tmp s_1311  (cost=0.00..165745.68 rows=1 width=84) (actual time=0.034..0.647 rows=484 loops=1)
                           Filter: ((unix_time >= '1685451415.512'::double precision) AND (unix_time <= '1685451475.512'::double precision) AND st_dwithin(st_transform(the_geom, 25833), '0101000020E96400004CB9344701DF2341977C4910750D5741'::geometry, '300'::double precision))
                           Rows Removed by Filter: 3176
   ->  Subquery Scan on "*SELECT* 1313"  (cost=165745.69..165745.70 rows=1 width=76) (actual time=0.726..0.727 rows=1 loops=1)
         ->  Limit  (cost=165745.69..165745.69 rows=1 width=84) (actual time=0.722..0.722 rows=1 loops=1)
               ->  Sort  (cost=165745.69..165745.69 rows=1 width=84) (actual time=0.719..0.720 rows=1 loops=1)
                     Sort Key: (st_distance(st_transform(s_1312.the_geom, 25833), '0101000020E96400001FE753E603DF23417F4125FD730D5741'::geometry))
                     Sort Method: top-N heapsort  Memory: 25kB
                     ->  Seq Scan on phoml_trajectory_tmp s_1312  (cost=0.00..165745.68 rows=1 width=84) (actual time=0.031..0.644 rows=484 loops=1)
                           Filter: ((unix_time >= '1685451415.84'::double precision) AND (unix_time <= '1685451475.84'::double precision) AND st_dwithin(st_transform(the_geom, 25833), '0101000020E96400001FE753E603DF23417F4125FD730D5741'::geometry, '300'::double precision))
                           Rows Removed by Filter: 3176
   ->  Subquery Scan on "*SELECT* 1314"  (cost=165745.69..165745.70 rows=1 width=76) (actual time=0.707..0.708 rows=1 loops=1)
         ->  Limit  (cost=165745.69..165745.69 rows=1 width=84) (actual time=0.705..0.705 rows=1 loops=1)
               ->  Sort  (cost=165745.69..165745.69 rows=1 width=84) (actual time=0.702..0.702 rows=1 loops=1)
                     Sort Key: (st_distance(st_transform(s_1313.the_geom, 25833), '0101000020E96400002BC3D93F06DF23417D6993E0720D5741'::geometry))
                     Sort Method: top-N heapsort  Memory: 25kB
                     ->  Seq Scan on phoml_trajectory_tmp s_1313  (cost=0.00..165745.68 rows=1 width=84) (actual time=0.031..0.629 rows=484 loops=1)
                           Filter: ((unix_time >= '1685451416.275'::double precision) AND (unix_time <= '1685451476.275'::double precision) AND st_dwithin(st_transform(the_geom, 25833), '0101000020E96400002BC3D93F06DF23417D6993E0720D5741'::geometry, '300'::double precision))
                           Rows Removed by Filter: 3176
   ->  Subquery Scan on "*SELECT* 1315"  (cost=165745.69..165745.70 rows=1 width=76) (actual time=0.725..0.726 rows=1 loops=1)
         ->  Limit  (cost=165745.69..165745.69 rows=1 width=84) (actual time=0.722..0.722 rows=1 loops=1)
               ->  Sort  (cost=165745.69..165745.69 rows=1 width=84) (actual time=0.719..0.720 rows=1 loops=1)
                     Sort Key: (st_distance(st_transform(s_1314.the_geom, 25833), '0101000020E9640000012D2E8B08DF2341633A6BCA710D5741'::geometry))
                     Sort Method: top-N heapsort  Memory: 25kB
                     ->  Seq Scan on phoml_trajectory_tmp s_1314  (cost=0.00..165745.68 rows=1 width=84) (actual time=0.034..0.638 rows=484 loops=1)
                           Filter: ((unix_time >= '1685451416.623'::double precision) AND (unix_time <= '1685451476.623'::double precision) AND st_dwithin(st_transform(the_geom, 25833), '0101000020E9640000012D2E8B08DF2341633A6BCA710D5741'::geometry, '300'::double precision))
                           Rows Removed by Filter: 3176
   ->  Subquery Scan on "*SELECT* 1316"  (cost=165745.69..165745.70 rows=1 width=76) (actual time=0.723..0.724 rows=1 loops=1)
         ->  Limit  (cost=165745.69..165745.69 rows=1 width=84) (actual time=0.718..0.719 rows=1 loops=1)
               ->  Sort  (cost=165745.69..165745.69 rows=1 width=84) (actual time=0.716..0.717 rows=1 loops=1)
                     Sort Key: (st_distance(st_transform(s_1315.the_geom, 25833), '0101000020E96400003715876C0ADF2341411110B4700D5741'::geometry))
                     Sort Method: top-N heapsort  Memory: 25kB
                     ->  Seq Scan on phoml_trajectory_tmp s_1315  (cost=0.00..165745.68 rows=1 width=84) (actual time=0.035..0.643 rows=484 loops=1)
                           Filter: ((unix_time >= '1685451417.055'::double precision) AND (unix_time <= '1685451477.055'::double precision) AND st_dwithin(st_transform(the_geom, 25833), '0101000020E96400003715876C0ADF2341411110B4700D5741'::geometry, '300'::double precision))
                           Rows Removed by Filter: 3176
   ->  Subquery Scan on "*SELECT* 1317"  (cost=165745.69..165745.70 rows=1 width=76) (actual time=0.710..0.710 rows=1 loops=1)
         ->  Limit  (cost=165745.69..165745.69 rows=1 width=84) (actual time=0.707..0.708 rows=1 loops=1)
               ->  Sort  (cost=165745.69..165745.69 rows=1 width=84) (actual time=0.705..0.706 rows=1 loops=1)
                     Sort Key: (st_distance(st_transform(s_1316.the_geom, 25833), '0101000020E9640000A1C4D5560CDF2341CE74F1966F0D5741'::geometry))
                     Sort Method: top-N heapsort  Memory: 25kB
                     ->  Seq Scan on phoml_trajectory_tmp s_1316  (cost=0.00..165745.68 rows=1 width=84) (actual time=0.031..0.630 rows=484 loops=1)
                           Filter: ((unix_time >= '1685451417.46'::double precision) AND (unix_time <= '1685451477.46'::double precision) AND st_dwithin(st_transform(the_geom, 25833), '0101000020E9640000A1C4D5560CDF2341CE74F1966F0D5741'::geometry, '300'::double precision))
                           Rows Removed by Filter: 3176
   ->  Subquery Scan on "*SELECT* 1318"  (cost=165745.69..165745.70 rows=1 width=76) (actual time=0.726..0.727 rows=1 loops=1)
         ->  Limit  (cost=165745.69..165745.69 rows=1 width=84) (actual time=0.723..0.724 rows=1 loops=1)
               ->  Sort  (cost=165745.69..165745.69 rows=1 width=84) (actual time=0.721..0.722 rows=1 loops=1)
                     Sort Key: (st_distance(st_transform(s_1317.the_geom, 25833), '0101000020E9640000C4A0D2290EDF2341F57443796E0D5741'::geometry))
                     Sort Method: top-N heapsort  Memory: 25kB
                     ->  Seq Scan on phoml_trajectory_tmp s_1317  (cost=0.00..165745.68 rows=1 width=84) (actual time=0.041..0.649 rows=484 loops=1)
                           Filter: ((unix_time >= '1685451417.87'::double precision) AND (unix_time <= '1685451477.87'::double precision) AND st_dwithin(st_transform(the_geom, 25833), '0101000020E9640000C4A0D2290EDF2341F57443796E0D5741'::geometry, '300'::double precision))
                           Rows Removed by Filter: 3176
   ->  Subquery Scan on "*SELECT* 1319"  (cost=165745.69..165745.70 rows=1 width=76) (actual time=0.727..0.728 rows=1 loops=1)
         ->  Limit  (cost=165745.69..165745.69 rows=1 width=84) (actual time=0.724..0.725 rows=1 loops=1)
               ->  Sort  (cost=165745.69..165745.69 rows=1 width=84) (actual time=0.722..0.722 rows=1 loops=1)
                     Sort Key: (st_distance(st_transform(s_1318.the_geom, 25833), '0101000020E964000075004FCD0FDF23416EAC2D606D0D5741'::geometry))
                     Sort Method: top-N heapsort  Memory: 25kB
                     ->  Seq Scan on phoml_trajectory_tmp s_1318  (cost=0.00..165745.68 rows=1 width=84) (actual time=0.033..0.640 rows=484 loops=1)
                           Filter: ((unix_time >= '1685451418.242'::double precision) AND (unix_time <= '1685451478.242'::double precision) AND st_dwithin(st_transform(the_geom, 25833), '0101000020E964000075004FCD0FDF23416EAC2D606D0D5741'::geometry, '300'::double precision))
                           Rows Removed by Filter: 3176
   ->  Subquery Scan on "*SELECT* 1320"  (cost=165745.69..165745.70 rows=1 width=76) (actual time=0.723..0.724 rows=1 loops=1)
         ->  Limit  (cost=165745.69..165745.69 rows=1 width=84) (actual time=0.719..0.720 rows=1 loops=1)
               ->  Sort  (cost=165745.69..165745.69 rows=1 width=84) (actual time=0.718..0.718 rows=1 loops=1)
                     Sort Key: (st_distance(st_transform(s_1319.the_geom, 25833), '0101000020E9640000F6D7935011DF2341C635173E6C0D5741'::geometry))
                     Sort Method: top-N heapsort  Memory: 25kB
                     ->  Seq Scan on phoml_trajectory_tmp s_1319  (cost=0.00..165745.68 rows=1 width=84) (actual time=0.033..0.643 rows=484 loops=1)
                           Filter: ((unix_time >= '1685451418.714'::double precision) AND (unix_time <= '1685451478.714'::double precision) AND st_dwithin(st_transform(the_geom, 25833), '0101000020E9640000F6D7935011DF2341C635173E6C0D5741'::geometry, '300'::double precision))
                           Rows Removed by Filter: 3176
   ->  Subquery Scan on "*SELECT* 1321"  (cost=165745.69..165745.70 rows=1 width=76) (actual time=0.714..0.715 rows=1 loops=1)
         ->  Limit  (cost=165745.69..165745.69 rows=1 width=84) (actual time=0.712..0.713 rows=1 loops=1)
               ->  Sort  (cost=165745.69..165745.69 rows=1 width=84) (actual time=0.710..0.710 rows=1 loops=1)
                     Sort Key: (st_distance(st_transform(s_1320.the_geom, 25833), '0101000020E96400009941709112DF2341E011201A6B0D5741'::geometry))
                     Sort Method: top-N heapsort  Memory: 25kB
                     ->  Seq Scan on phoml_trajectory_tmp s_1320  (cost=0.00..165745.68 rows=1 width=84) (actual time=0.031..0.635 rows=484 loops=1)
                           Filter: ((unix_time >= '1685451419.144'::double precision) AND (unix_time <= '1685451479.144'::double precision) AND st_dwithin(st_transform(the_geom, 25833), '0101000020E96400009941709112DF2341E011201A6B0D5741'::geometry, '300'::double precision))
                           Rows Removed by Filter: 3176
   ->  Subquery Scan on "*SELECT* 1322"  (cost=165745.69..165745.70 rows=1 width=76) (actual time=0.712..0.713 rows=1 loops=1)
         ->  Limit  (cost=165745.69..165745.69 rows=1 width=84) (actual time=0.709..0.710 rows=1 loops=1)
               ->  Sort  (cost=165745.69..165745.69 rows=1 width=84) (actual time=0.707..0.708 rows=1 loops=1)
                     Sort Key: (st_distance(st_transform(s_1321.the_geom, 25833), '0101000020E96400000E6CC8B613DF2341106E1D006A0D5741'::geometry))
                     Sort Method: top-N heapsort  Memory: 25kB
                     ->  Seq Scan on phoml_trajectory_tmp s_1321  (cost=0.00..165745.68 rows=1 width=84) (actual time=0.033..0.636 rows=484 loops=1)
                           Filter: ((unix_time >= '1685451419.58'::double precision) AND (unix_time <= '1685451479.58'::double precision) AND st_dwithin(st_transform(the_geom, 25833), '0101000020E96400000E6CC8B613DF2341106E1D006A0D5741'::geometry, '300'::double precision))
                           Rows Removed by Filter: 3176
   ->  Subquery Scan on "*SELECT* 1323"  (cost=165745.69..165745.70 rows=1 width=76) (actual time=0.715..0.716 rows=1 loops=1)
         ->  Limit  (cost=165745.69..165745.69 rows=1 width=84) (actual time=0.711..0.712 rows=1 loops=1)
               ->  Sort  (cost=165745.69..165745.69 rows=1 width=84) (actual time=0.709..0.709 rows=1 loops=1)
                     Sort Key: (st_distance(st_transform(s_1322.the_geom, 25833), '0101000020E9640000CAB93EE614DF234143D7D8DC680D5741'::geometry))
                     Sort Method: top-N heapsort  Memory: 25kB
                     ->  Seq Scan on phoml_trajectory_tmp s_1322  (cost=0.00..165745.68 rows=1 width=84) (actual time=0.032..0.636 rows=484 loops=1)
                           Filter: ((unix_time >= '1685451420.02'::double precision) AND (unix_time <= '1685451480.02'::double precision) AND st_dwithin(st_transform(the_geom, 25833), '0101000020E9640000CAB93EE614DF234143D7D8DC680D5741'::geometry, '300'::double precision))
                           Rows Removed by Filter: 3176
   ->  Subquery Scan on "*SELECT* 1324"  (cost=165745.69..165745.70 rows=1 width=76) (actual time=0.719..0.720 rows=1 loops=1)
         ->  Limit  (cost=165745.69..165745.69 rows=1 width=84) (actual time=0.716..0.717 rows=1 loops=1)
               ->  Sort  (cost=165745.69..165745.69 rows=1 width=84) (actual time=0.713..0.714 rows=1 loops=1)
                     Sort Key: (st_distance(st_transform(s_1323.the_geom, 25833), '0101000020E9640000F09CAF2616DF23414F8508AB670D5741'::geometry))
                     Sort Method: top-N heapsort  Memory: 25kB
                     ->  Seq Scan on phoml_trajectory_tmp s_1323  (cost=0.00..165745.68 rows=1 width=84) (actual time=0.032..0.639 rows=484 loops=1)
                           Filter: ((unix_time >= '1685451420.427'::double precision) AND (unix_time <= '1685451480.427'::double precision) AND st_dwithin(st_transform(the_geom, 25833), '0101000020E9640000F09CAF2616DF23414F8508AB670D5741'::geometry, '300'::double precision))
                           Rows Removed by Filter: 3176
   ->  Subquery Scan on "*SELECT* 1325"  (cost=165745.69..165745.70 rows=1 width=76) (actual time=0.705..0.706 rows=1 loops=1)
         ->  Limit  (cost=165745.69..165745.69 rows=1 width=84) (actual time=0.703..0.704 rows=1 loops=1)
               ->  Sort  (cost=165745.69..165745.69 rows=1 width=84) (actual time=0.701..0.702 rows=1 loops=1)
                     Sort Key: (st_distance(st_transform(s_1324.the_geom, 25833), '0101000020E9640000693BE69A17DF23415AE58D79660D5741'::geometry))
                     Sort Method: top-N heapsort  Memory: 25kB
                     ->  Seq Scan on phoml_trajectory_tmp s_1324  (cost=0.00..165745.68 rows=1 width=84) (actual time=0.031..0.631 rows=484 loops=1)
                           Filter: ((unix_time >= '1685451420.919'::double precision) AND (unix_time <= '1685451480.919'::double precision) AND st_dwithin(st_transform(the_geom, 25833), '0101000020E9640000693BE69A17DF23415AE58D79660D5741'::geometry, '300'::double precision))
                           Rows Removed by Filter: 3176
   ->  Subquery Scan on "*SELECT* 1326"  (cost=165745.69..165745.70 rows=1 width=76) (actual time=0.718..0.719 rows=1 loops=1)
         ->  Limit  (cost=165745.69..165745.69 rows=1 width=84) (actual time=0.714..0.715 rows=1 loops=1)
               ->  Sort  (cost=165745.69..165745.69 rows=1 width=84) (actual time=0.713..0.713 rows=1 loops=1)
                     Sort Key: (st_distance(st_transform(s_1325.the_geom, 25833), '0101000020E9640000E26CF01A19DF23416658AD3F650D5741'::geometry))
                     Sort Method: top-N heapsort  Memory: 25kB
                     ->  Seq Scan on phoml_trajectory_tmp s_1325  (cost=0.00..165745.68 rows=1 width=84) (actual time=0.030..0.640 rows=484 loops=1)
                           Filter: ((unix_time >= '1685451421.331'::double precision) AND (unix_time <= '1685451481.331'::double precision) AND st_dwithin(st_transform(the_geom, 25833), '0101000020E9640000E26CF01A19DF23416658AD3F650D5741'::geometry, '300'::double precision))
                           Rows Removed by Filter: 3176
   ->  Subquery Scan on "*SELECT* 1327"  (cost=165745.69..165745.70 rows=1 width=76) (actual time=0.734..0.735 rows=1 loops=1)
         ->  Limit  (cost=165745.69..165745.69 rows=1 width=84) (actual time=0.729..0.730 rows=1 loops=1)
               ->  Sort  (cost=165745.69..165745.69 rows=1 width=84) (actual time=0.727..0.728 rows=1 loops=1)
                     Sort Key: (st_distance(st_transform(s_1326.the_geom, 25833), '0101000020E96400002F95A4B01ADF2341FC36360A640D5741'::geometry))
                     Sort Method: top-N heapsort  Memory: 25kB
                     ->  Seq Scan on phoml_trajectory_tmp s_1326  (cost=0.00..165745.68 rows=1 width=84) (actual time=0.030..0.651 rows=484 loops=1)
                           Filter: ((unix_time >= '1685451421.815'::double precision) AND (unix_time <= '1685451481.815'::double precision) AND st_dwithin(st_transform(the_geom, 25833), '0101000020E96400002F95A4B01ADF2341FC36360A640D5741'::geometry, '300'::double precision))
                           Rows Removed by Filter: 3176
   ->  Subquery Scan on "*SELECT* 1328"  (cost=165745.69..165745.70 rows=1 width=76) (actual time=0.749..0.750 rows=1 loops=1)
         ->  Limit  (cost=165745.69..165745.69 rows=1 width=84) (actual time=0.744..0.745 rows=1 loops=1)
               ->  Sort  (cost=165745.69..165745.69 rows=1 width=84) (actual time=0.741..0.741 rows=1 loops=1)
                     Sort Key: (st_distance(st_transform(s_1327.the_geom, 25833), '0101000020E964000020F9211B1CDF2341A38EB5CE620D5741'::geometry))
                     Sort Method: top-N heapsort  Memory: 25kB
                     ->  Seq Scan on phoml_trajectory_tmp s_1327  (cost=0.00..165745.68 rows=1 width=84) (actual time=0.033..0.652 rows=484 loops=1)
                           Filter: ((unix_time >= '1685451422.257'::double precision) AND (unix_time <= '1685451482.257'::double precision) AND st_dwithin(st_transform(the_geom, 25833), '0101000020E964000020F9211B1CDF2341A38EB5CE620D5741'::geometry, '300'::double precision))
                           Rows Removed by Filter: 3176
   ->  Subquery Scan on "*SELECT* 1329"  (cost=165745.69..165745.70 rows=1 width=76) (actual time=0.723..0.724 rows=1 loops=1)
         ->  Limit  (cost=165745.69..165745.69 rows=1 width=84) (actual time=0.721..0.721 rows=1 loops=1)
               ->  Sort  (cost=165745.69..165745.69 rows=1 width=84) (actual time=0.715..0.715 rows=1 loops=1)
                     Sort Key: (st_distance(st_transform(s_1328.the_geom, 25833), '0101000020E96400007B2AB4DD1DDF23411CE8FA8C610D5741'::geometry))
                     Sort Method: top-N heapsort  Memory: 25kB
                     ->  Seq Scan on phoml_trajectory_tmp s_1328  (cost=0.00..165745.68 rows=1 width=84) (actual time=0.034..0.637 rows=484 loops=1)
                           Filter: ((unix_time >= '1685451422.697'::double precision) AND (unix_time <= '1685451482.697'::double precision) AND st_dwithin(st_transform(the_geom, 25833), '0101000020E96400007B2AB4DD1DDF23411CE8FA8C610D5741'::geometry, '300'::double precision))
                           Rows Removed by Filter: 3176
   ->  Subquery Scan on "*SELECT* 1330"  (cost=165745.69..165745.70 rows=1 width=76) (actual time=0.718..0.719 rows=1 loops=1)
         ->  Limit  (cost=165745.69..165745.69 rows=1 width=84) (actual time=0.714..0.715 rows=1 loops=1)
               ->  Sort  (cost=165745.69..165745.69 rows=1 width=84) (actual time=0.712..0.712 rows=1 loops=1)
                     Sort Key: (st_distance(st_transform(s_1329.the_geom, 25833), '0101000020E96400003E123D9C1FDF23419B97A54B600D5741'::geometry))
                     Sort Method: top-N heapsort  Memory: 25kB
                     ->  Seq Scan on phoml_trajectory_tmp s_1329  (cost=0.00..165745.68 rows=1 width=84) (actual time=0.029..0.639 rows=484 loops=1)
                           Filter: ((unix_time >= '1685451423.116'::double precision) AND (unix_time <= '1685451483.116'::double precision) AND st_dwithin(st_transform(the_geom, 25833), '0101000020E96400003E123D9C1FDF23419B97A54B600D5741'::geometry, '300'::double precision))
                           Rows Removed by Filter: 3176
   ->  Subquery Scan on "*SELECT* 1331"  (cost=165745.69..165745.70 rows=1 width=76) (actual time=0.715..0.717 rows=1 loops=1)
         ->  Limit  (cost=165745.69..165745.69 rows=1 width=84) (actual time=0.712..0.713 rows=1 loops=1)
               ->  Sort  (cost=165745.69..165745.69 rows=1 width=84) (actual time=0.710..0.710 rows=1 loops=1)
                     Sort Key: (st_distance(st_transform(s_1330.the_geom, 25833), '0101000020E9640000BBC7866221DF234164E2A70D5F0D5741'::geometry))
                     Sort Method: top-N heapsort  Memory: 25kB
                     ->  Seq Scan on phoml_trajectory_tmp s_1330  (cost=0.00..165745.68 rows=1 width=84) (actual time=0.030..0.635 rows=484 loops=1)
                           Filter: ((unix_time >= '1685451423.54'::double precision) AND (unix_time <= '1685451483.54'::double precision) AND st_dwithin(st_transform(the_geom, 25833), '0101000020E9640000BBC7866221DF234164E2A70D5F0D5741'::geometry, '300'::double precision))
                           Rows Removed by Filter: 3176
   ->  Subquery Scan on "*SELECT* 1332"  (cost=165745.69..165745.70 rows=1 width=76) (actual time=0.724..0.725 rows=1 loops=1)
         ->  Limit  (cost=165745.69..165745.69 rows=1 width=84) (actual time=0.720..0.721 rows=1 loops=1)
               ->  Sort  (cost=165745.69..165745.69 rows=1 width=84) (actual time=0.718..0.719 rows=1 loops=1)
                     Sort Key: (st_distance(st_transform(s_1331.the_geom, 25833), '0101000020E9640000891CD11423DF2341F0344FC95D0D5741'::geometry))
                     Sort Method: top-N heapsort  Memory: 25kB
                     ->  Seq Scan on phoml_trajectory_tmp s_1331  (cost=0.00..165745.68 rows=1 width=84) (actual time=0.032..0.644 rows=484 loops=1)
                           Filter: ((unix_time >= '1685451423.918'::double precision) AND (unix_time <= '1685451483.918'::double precision) AND st_dwithin(st_transform(the_geom, 25833), '0101000020E9640000891CD11423DF2341F0344FC95D0D5741'::geometry, '300'::double precision))
                           Rows Removed by Filter: 3176
   ->  Subquery Scan on "*SELECT* 1333"  (cost=165745.69..165745.70 rows=1 width=76) (actual time=0.714..0.715 rows=1 loops=1)
         ->  Limit  (cost=165745.69..165745.69 rows=1 width=84) (actual time=0.712..0.712 rows=1 loops=1)
               ->  Sort  (cost=165745.69..165745.69 rows=1 width=84) (actual time=0.709..0.710 rows=1 loops=1)
                     Sort Key: (st_distance(st_transform(s_1332.the_geom, 25833), '0101000020E9640000EFDE4CA024DF2341B7BD49935C0D5741'::geometry))
                     Sort Method: top-N heapsort  Memory: 25kB
                     ->  Seq Scan on phoml_trajectory_tmp s_1332  (cost=0.00..165745.68 rows=1 width=84) (actual time=0.030..0.635 rows=484 loops=1)
                           Filter: ((unix_time >= '1685451424.364'::double precision) AND (unix_time <= '1685451484.364'::double precision) AND st_dwithin(st_transform(the_geom, 25833), '0101000020E9640000EFDE4CA024DF2341B7BD49935C0D5741'::geometry, '300'::double precision))
                           Rows Removed by Filter: 3176
   ->  Subquery Scan on "*SELECT* 1334"  (cost=165745.69..165745.70 rows=1 width=76) (actual time=0.709..0.710 rows=1 loops=1)
         ->  Limit  (cost=165745.69..165745.69 rows=1 width=84) (actual time=0.706..0.706 rows=1 loops=1)
               ->  Sort  (cost=165745.69..165745.69 rows=1 width=84) (actual time=0.704..0.704 rows=1 loops=1)
                     Sort Key: (st_distance(st_transform(s_1333.the_geom, 25833), '0101000020E96400001B20B23426DF2341EA84FD5B5B0D5741'::geometry))
                     Sort Method: top-N heapsort  Memory: 25kB
                     ->  Seq Scan on phoml_trajectory_tmp s_1333  (cost=0.00..165745.68 rows=1 width=84) (actual time=0.029..0.633 rows=484 loops=1)
                           Filter: ((unix_time >= '1685451424.764'::double precision) AND (unix_time <= '1685451484.764'::double precision) AND st_dwithin(st_transform(the_geom, 25833), '0101000020E96400001B20B23426DF2341EA84FD5B5B0D5741'::geometry, '300'::double precision))
                           Rows Removed by Filter: 3176
   ->  Subquery Scan on "*SELECT* 1335"  (cost=165745.69..165745.70 rows=1 width=76) (actual time=0.721..0.722 rows=1 loops=1)
         ->  Limit  (cost=165745.69..165745.69 rows=1 width=84) (actual time=0.717..0.718 rows=1 loops=1)
               ->  Sort  (cost=165745.69..165745.69 rows=1 width=84) (actual time=0.715..0.715 rows=1 loops=1)
                     Sort Key: (st_distance(st_transform(s_1334.the_geom, 25833), '0101000020E9640000536BA5C427DF2341314D9A1E5A0D5741'::geometry))
                     Sort Method: top-N heapsort  Memory: 25kB
                     ->  Seq Scan on phoml_trajectory_tmp s_1334  (cost=0.00..165745.68 rows=1 width=84) (actual time=0.032..0.642 rows=484 loops=1)
                           Filter: ((unix_time >= '1685451425.167'::double precision) AND (unix_time <= '1685451485.167'::double precision) AND st_dwithin(st_transform(the_geom, 25833), '0101000020E9640000536BA5C427DF2341314D9A1E5A0D5741'::geometry, '300'::double precision))
                           Rows Removed by Filter: 3176
   ->  Subquery Scan on "*SELECT* 1336"  (cost=165745.69..165745.70 rows=1 width=76) (actual time=0.723..0.724 rows=1 loops=1)
         ->  Limit  (cost=165745.69..165745.69 rows=1 width=84) (actual time=0.720..0.720 rows=1 loops=1)
               ->  Sort  (cost=165745.69..165745.69 rows=1 width=84) (actual time=0.717..0.717 rows=1 loops=1)
                     Sort Key: (st_distance(st_transform(s_1335.the_geom, 25833), '0101000020E96400000E1DA65D29DF2341A19CD9ED580D5741'::geometry))
                     Sort Method: top-N heapsort  Memory: 25kB
                     ->  Seq Scan on phoml_trajectory_tmp s_1335  (cost=0.00..165745.68 rows=1 width=84) (actual time=0.031..0.641 rows=484 loops=1)
                           Filter: ((unix_time >= '1685451425.539'::double precision) AND (unix_time <= '1685451485.539'::double precision) AND st_dwithin(st_transform(the_geom, 25833), '0101000020E96400000E1DA65D29DF2341A19CD9ED580D5741'::geometry, '300'::double precision))
                           Rows Removed by Filter: 3176
   ->  Subquery Scan on "*SELECT* 1337"  (cost=165745.69..165745.70 rows=1 width=76) (actual time=0.713..0.713 rows=1 loops=1)
         ->  Limit  (cost=165745.69..165745.69 rows=1 width=84) (actual time=0.710..0.711 rows=1 loops=1)
               ->  Sort  (cost=165745.69..165745.69 rows=1 width=84) (actual time=0.708..0.708 rows=1 loops=1)
                     Sort Key: (st_distance(st_transform(s_1336.the_geom, 25833), '0101000020E964000088AAD41B2BDF23412ECF55A3570D5741'::geometry))
                     Sort Method: top-N heapsort  Memory: 25kB
                     ->  Seq Scan on phoml_trajectory_tmp s_1336  (cost=0.00..165745.68 rows=1 width=84) (actual time=0.030..0.635 rows=484 loops=1)
                           Filter: ((unix_time >= '1685451425.939'::double precision) AND (unix_time <= '1685451485.939'::double precision) AND st_dwithin(st_transform(the_geom, 25833), '0101000020E964000088AAD41B2BDF23412ECF55A3570D5741'::geometry, '300'::double precision))
                           Rows Removed by Filter: 3176
   ->  Subquery Scan on "*SELECT* 1338"  (cost=165745.69..165745.70 rows=1 width=76) (actual time=0.724..0.725 rows=1 loops=1)
         ->  Limit  (cost=165745.69..165745.69 rows=1 width=84) (actual time=0.721..0.722 rows=1 loops=1)
               ->  Sort  (cost=165745.69..165745.69 rows=1 width=84) (actual time=0.719..0.719 rows=1 loops=1)
                     Sort Key: (st_distance(st_transform(s_1337.the_geom, 25833), '0101000020E96400005F4D33D42CDF234119311B68560D5741'::geometry))
                     Sort Method: top-N heapsort  Memory: 25kB
                     ->  Seq Scan on phoml_trajectory_tmp s_1337  (cost=0.00..165745.68 rows=1 width=84) (actual time=0.029..0.644 rows=484 loops=1)
                           Filter: ((unix_time >= '1685451426.314'::double precision) AND (unix_time <= '1685451486.314'::double precision) AND st_dwithin(st_transform(the_geom, 25833), '0101000020E96400005F4D33D42CDF234119311B68560D5741'::geometry, '300'::double precision))
                           Rows Removed by Filter: 3176
   ->  Subquery Scan on "*SELECT* 1339"  (cost=165745.69..165745.70 rows=1 width=76) (actual time=0.725..0.726 rows=1 loops=1)
         ->  Limit  (cost=165745.69..165745.69 rows=1 width=84) (actual time=0.720..0.721 rows=1 loops=1)
               ->  Sort  (cost=165745.69..165745.69 rows=1 width=84) (actual time=0.718..0.718 rows=1 loops=1)
                     Sort Key: (st_distance(st_transform(s_1338.the_geom, 25833), '0101000020E9640000D1A496BA2EDF2341A48C8D24550D5741'::geometry))
                     Sort Method: top-N heapsort  Memory: 25kB
                     ->  Seq Scan on phoml_trajectory_tmp s_1338  (cost=0.00..165745.68 rows=1 width=84) (actual time=0.030..0.644 rows=484 loops=1)
                           Filter: ((unix_time >= '1685451426.694'::double precision) AND (unix_time <= '1685451486.694'::double precision) AND st_dwithin(st_transform(the_geom, 25833), '0101000020E9640000D1A496BA2EDF2341A48C8D24550D5741'::geometry, '300'::double precision))
                           Rows Removed by Filter: 3176
   ->  Subquery Scan on "*SELECT* 1340"  (cost=165745.69..165745.70 rows=1 width=76) (actual time=0.717..0.718 rows=1 loops=1)
         ->  Limit  (cost=165745.69..165745.69 rows=1 width=84) (actual time=0.715..0.716 rows=1 loops=1)
               ->  Sort  (cost=165745.69..165745.69 rows=1 width=84) (actual time=0.713..0.713 rows=1 loops=1)
                     Sort Key: (st_distance(st_transform(s_1339.the_geom, 25833), '0101000020E9640000AA3DF86C30DF2341CB338EE9530D5741'::geometry))
                     Sort Method: top-N heapsort  Memory: 25kB
                     ->  Seq Scan on phoml_trajectory_tmp s_1339  (cost=0.00..165745.68 rows=1 width=84) (actual time=0.032..0.639 rows=484 loops=1)
                           Filter: ((unix_time >= '1685451427.054'::double precision) AND (unix_time <= '1685451487.054'::double precision) AND st_dwithin(st_transform(the_geom, 25833), '0101000020E9640000AA3DF86C30DF2341CB338EE9530D5741'::geometry, '300'::double precision))
                           Rows Removed by Filter: 3176
   ->  Subquery Scan on "*SELECT* 1341"  (cost=165745.69..165745.70 rows=1 width=76) (actual time=0.729..0.730 rows=1 loops=1)
         ->  Limit  (cost=165745.69..165745.69 rows=1 width=84) (actual time=0.726..0.727 rows=1 loops=1)
               ->  Sort  (cost=165745.69..165745.69 rows=1 width=84) (actual time=0.724..0.724 rows=1 loops=1)
                     Sort Key: (st_distance(st_transform(s_1340.the_geom, 25833), '0101000020E964000026A9AE2B32DF23419996D1AA520D5741'::geometry))
                     Sort Method: top-N heapsort  Memory: 25kB
                     ->  Seq Scan on phoml_trajectory_tmp s_1340  (cost=0.00..165745.68 rows=1 width=84) (actual time=0.051..0.650 rows=484 loops=1)
                           Filter: ((unix_time >= '1685451427.417'::double precision) AND (unix_time <= '1685451487.417'::double precision) AND st_dwithin(st_transform(the_geom, 25833), '0101000020E964000026A9AE2B32DF23419996D1AA520D5741'::geometry, '300'::double precision))
                           Rows Removed by Filter: 3176
   ->  Subquery Scan on "*SELECT* 1342"  (cost=165745.69..165745.70 rows=1 width=76) (actual time=0.717..0.718 rows=1 loops=1)
         ->  Limit  (cost=165745.69..165745.69 rows=1 width=84) (actual time=0.714..0.714 rows=1 loops=1)
               ->  Sort  (cost=165745.69..165745.69 rows=1 width=84) (actual time=0.711..0.712 rows=1 loops=1)
                     Sort Key: (st_distance(st_transform(s_1341.the_geom, 25833), '0101000020E9640000305690D133DF2341777EC16F510D5741'::geometry))
                     Sort Method: top-N heapsort  Memory: 25kB
                     ->  Seq Scan on phoml_trajectory_tmp s_1341  (cost=0.00..165745.68 rows=1 width=84) (actual time=0.032..0.636 rows=484 loops=1)
                           Filter: ((unix_time >= '1685451427.777'::double precision) AND (unix_time <= '1685451487.777'::double precision) AND st_dwithin(st_transform(the_geom, 25833), '0101000020E9640000305690D133DF2341777EC16F510D5741'::geometry, '300'::double precision))
                           Rows Removed by Filter: 3176
   ->  Subquery Scan on "*SELECT* 1343"  (cost=165745.69..165745.70 rows=1 width=76) (actual time=0.720..0.721 rows=1 loops=1)
         ->  Limit  (cost=165745.69..165745.69 rows=1 width=84) (actual time=0.717..0.717 rows=1 loops=1)
               ->  Sort  (cost=165745.69..165745.69 rows=1 width=84) (actual time=0.714..0.714 rows=1 loops=1)
                     Sort Key: (st_distance(st_transform(s_1342.the_geom, 25833), '0101000020E9640000A500F65835DF2341DA64403B500D5741'::geometry))
                     Sort Method: top-N heapsort  Memory: 25kB
                     ->  Seq Scan on phoml_trajectory_tmp s_1342  (cost=0.00..165745.68 rows=1 width=84) (actual time=0.031..0.637 rows=484 loops=1)
                           Filter: ((unix_time >= '1685451428.085'::double precision) AND (unix_time <= '1685451488.085'::double precision) AND st_dwithin(st_transform(the_geom, 25833), '0101000020E9640000A500F65835DF2341DA64403B500D5741'::geometry, '300'::double precision))
                           Rows Removed by Filter: 3176
   ->  Subquery Scan on "*SELECT* 1344"  (cost=165745.69..165745.70 rows=1 width=76) (actual time=0.712..0.713 rows=1 loops=1)
         ->  Limit  (cost=165745.69..165745.69 rows=1 width=84) (actual time=0.710..0.711 rows=1 loops=1)
               ->  Sort  (cost=165745.69..165745.69 rows=1 width=84) (actual time=0.708..0.708 rows=1 loops=1)
                     Sort Key: (st_distance(st_transform(s_1343.the_geom, 25833), '0101000020E96400006208C5E736DF2341129A9BFE4E0D5741'::geometry))
                     Sort Method: top-N heapsort  Memory: 25kB
                     ->  Seq Scan on phoml_trajectory_tmp s_1343  (cost=0.00..165745.68 rows=1 width=84) (actual time=0.031..0.635 rows=484 loops=1)
                           Filter: ((unix_time >= '1685451428.48'::double precision) AND (unix_time <= '1685451488.48'::double precision) AND st_dwithin(st_transform(the_geom, 25833), '0101000020E96400006208C5E736DF2341129A9BFE4E0D5741'::geometry, '300'::double precision))
                           Rows Removed by Filter: 3176
   ->  Subquery Scan on "*SELECT* 1345"  (cost=165745.69..165745.70 rows=1 width=76) (actual time=0.735..0.736 rows=1 loops=1)
         ->  Limit  (cost=165745.69..165745.69 rows=1 width=84) (actual time=0.731..0.732 rows=1 loops=1)
               ->  Sort  (cost=165745.69..165745.69 rows=1 width=84) (actual time=0.729..0.729 rows=1 loops=1)
                     Sort Key: (st_distance(st_transform(s_1344.the_geom, 25833), '0101000020E9640000565D279D38DF2341FFCBE3C04D0D5741'::geometry))
                     Sort Method: top-N heapsort  Memory: 25kB
                     ->  Seq Scan on phoml_trajectory_tmp s_1344  (cost=0.00..165745.68 rows=1 width=84) (actual time=0.033..0.649 rows=484 loops=1)
                           Filter: ((unix_time >= '1685451428.83'::double precision) AND (unix_time <= '1685451488.83'::double precision) AND st_dwithin(st_transform(the_geom, 25833), '0101000020E9640000565D279D38DF2341FFCBE3C04D0D5741'::geometry, '300'::double precision))
                           Rows Removed by Filter: 3176
   ->  Subquery Scan on "*SELECT* 1346"  (cost=165745.69..165745.70 rows=1 width=76) (actual time=0.719..0.720 rows=1 loops=1)
         ->  Limit  (cost=165745.69..165745.69 rows=1 width=84) (actual time=0.716..0.717 rows=1 loops=1)
               ->  Sort  (cost=165745.69..165745.69 rows=1 width=84) (actual time=0.714..0.714 rows=1 loops=1)
                     Sort Key: (st_distance(st_transform(s_1345.the_geom, 25833), '0101000020E9640000A4C8B0343ADF2341D73FFA904C0D5741'::geometry))
                     Sort Method: top-N heapsort  Memory: 25kB
                     ->  Seq Scan on phoml_trajectory_tmp s_1345  (cost=0.00..165745.68 rows=1 width=84) (actual time=0.030..0.641 rows=484 loops=1)
                           Filter: ((unix_time >= '1685451429.17'::double precision) AND (unix_time <= '1685451489.17'::double precision) AND st_dwithin(st_transform(the_geom, 25833), '0101000020E9640000A4C8B0343ADF2341D73FFA904C0D5741'::geometry, '300'::double precision))
                           Rows Removed by Filter: 3176
   ->  Subquery Scan on "*SELECT* 1347"  (cost=165745.69..165745.70 rows=1 width=76) (actual time=0.718..0.719 rows=1 loops=1)
         ->  Limit  (cost=165745.69..165745.69 rows=1 width=84) (actual time=0.715..0.716 rows=1 loops=1)
               ->  Sort  (cost=165745.69..165745.69 rows=1 width=84) (actual time=0.713..0.713 rows=1 loops=1)
                     Sort Key: (st_distance(st_transform(s_1346.the_geom, 25833), '0101000020E964000030DDB4B43BDF234100BABC4F4B0D5741'::geometry))
                     Sort Method: top-N heapsort  Memory: 25kB
                     ->  Seq Scan on phoml_trajectory_tmp s_1346  (cost=0.00..165745.68 rows=1 width=84) (actual time=0.031..0.633 rows=484 loops=1)
                           Filter: ((unix_time >= '1685451429.52'::double precision) AND (unix_time <= '1685451489.52'::double precision) AND st_dwithin(st_transform(the_geom, 25833), '0101000020E964000030DDB4B43BDF234100BABC4F4B0D5741'::geometry, '300'::double precision))
                           Rows Removed by Filter: 3176
   ->  Subquery Scan on "*SELECT* 1348"  (cost=165745.69..165745.70 rows=1 width=76) (actual time=0.713..0.714 rows=1 loops=1)
         ->  Limit  (cost=165745.69..165745.69 rows=1 width=84) (actual time=0.710..0.711 rows=1 loops=1)
               ->  Sort  (cost=165745.69..165745.69 rows=1 width=84) (actual time=0.708..0.708 rows=1 loops=1)
                     Sort Key: (st_distance(st_transform(s_1347.the_geom, 25833), '0101000020E96400002E69970D3DDF2341AE23101D4A0D5741'::geometry))
                     Sort Method: top-N heapsort  Memory: 25kB
                     ->  Seq Scan on phoml_trajectory_tmp s_1347  (cost=0.00..165745.68 rows=1 width=84) (actual time=0.030..0.634 rows=484 loops=1)
                           Filter: ((unix_time >= '1685451429.819'::double precision) AND (unix_time <= '1685451489.819'::double precision) AND st_dwithin(st_transform(the_geom, 25833), '0101000020E96400002E69970D3DDF2341AE23101D4A0D5741'::geometry, '300'::double precision))
                           Rows Removed by Filter: 3176
   ->  Subquery Scan on "*SELECT* 1349"  (cost=165745.69..165745.70 rows=1 width=76) (actual time=0.724..0.725 rows=1 loops=1)
         ->  Limit  (cost=165745.69..165745.69 rows=1 width=84) (actual time=0.720..0.721 rows=1 loops=1)
               ->  Sort  (cost=165745.69..165745.69 rows=1 width=84) (actual time=0.718..0.718 rows=1 loops=1)
                     Sort Key: (st_distance(st_transform(s_1348.the_geom, 25833), '0101000020E96400000463CE933EDF23412A95EBE1480D5741'::geometry))
                     Sort Method: top-N heapsort  Memory: 25kB
                     ->  Seq Scan on phoml_trajectory_tmp s_1348  (cost=0.00..165745.68 rows=1 width=84) (actual time=0.031..0.645 rows=484 loops=1)
                           Filter: ((unix_time >= '1685451430.17'::double precision) AND (unix_time <= '1685451490.17'::double precision) AND st_dwithin(st_transform(the_geom, 25833), '0101000020E96400000463CE933EDF23412A95EBE1480D5741'::geometry, '300'::double precision))
                           Rows Removed by Filter: 3176
   ->  Subquery Scan on "*SELECT* 1350"  (cost=165745.69..165745.70 rows=1 width=76) (actual time=0.729..0.731 rows=1 loops=1)
         ->  Limit  (cost=165745.69..165745.69 rows=1 width=84) (actual time=0.726..0.727 rows=1 loops=1)
               ->  Sort  (cost=165745.69..165745.69 rows=1 width=84) (actual time=0.724..0.724 rows=1 loops=1)
                     Sort Key: (st_distance(st_transform(s_1349.the_geom, 25833), '0101000020E964000074B0821D40DF2341085614AD470D5741'::geometry))
                     Sort Method: top-N heapsort  Memory: 25kB
                     ->  Seq Scan on phoml_trajectory_tmp s_1349  (cost=0.00..165745.68 rows=1 width=84) (actual time=0.030..0.650 rows=484 loops=1)
                           Filter: ((unix_time >= '1685451430.51'::double precision) AND (unix_time <= '1685451490.51'::double precision) AND st_dwithin(st_transform(the_geom, 25833), '0101000020E964000074B0821D40DF2341085614AD470D5741'::geometry, '300'::double precision))
                           Rows Removed by Filter: 3176
   ->  Subquery Scan on "*SELECT* 1351"  (cost=165745.69..165745.70 rows=1 width=76) (actual time=0.745..0.746 rows=1 loops=1)
         ->  Limit  (cost=165745.69..165745.69 rows=1 width=84) (actual time=0.740..0.742 rows=1 loops=1)
               ->  Sort  (cost=165745.69..165745.69 rows=1 width=84) (actual time=0.738..0.739 rows=1 loops=1)
                     Sort Key: (st_distance(st_transform(s_1350.the_geom, 25833), '0101000020E964000047D08EAB41DF2341CE18CA6B460D5741'::geometry))
                     Sort Method: top-N heapsort  Memory: 25kB
                     ->  Seq Scan on phoml_trajectory_tmp s_1350  (cost=0.00..165745.68 rows=1 width=84) (actual time=0.037..0.665 rows=484 loops=1)
                           Filter: ((unix_time >= '1685451430.85'::double precision) AND (unix_time <= '1685451490.85'::double precision) AND st_dwithin(st_transform(the_geom, 25833), '0101000020E964000047D08EAB41DF2341CE18CA6B460D5741'::geometry, '300'::double precision))
                           Rows Removed by Filter: 3176
   ->  Subquery Scan on "*SELECT* 1352"  (cost=165745.69..165745.70 rows=1 width=76) (actual time=0.733..0.734 rows=1 loops=1)
         ->  Limit  (cost=165745.69..165745.69 rows=1 width=84) (actual time=0.731..0.732 rows=1 loops=1)
               ->  Sort  (cost=165745.69..165745.69 rows=1 width=84) (actual time=0.726..0.726 rows=1 loops=1)
                     Sort Key: (st_distance(st_transform(s_1351.the_geom, 25833), '0101000020E9640000D6E3873443DF234157A61432450D5741'::geometry))
                     Sort Method: top-N heapsort  Memory: 25kB
                     ->  Seq Scan on phoml_trajectory_tmp s_1351  (cost=0.00..165745.68 rows=1 width=84) (actual time=0.034..0.648 rows=480 loops=1)
                           Filter: ((unix_time >= '1685451431.194'::double precision) AND (unix_time <= '1685451491.194'::double precision) AND st_dwithin(st_transform(the_geom, 25833), '0101000020E9640000D6E3873443DF234157A61432450D5741'::geometry, '300'::double precision))
                           Rows Removed by Filter: 3180
   ->  Subquery Scan on "*SELECT* 1353"  (cost=165745.69..165745.70 rows=1 width=76) (actual time=0.737..0.738 rows=1 loops=1)
         ->  Limit  (cost=165745.69..165745.69 rows=1 width=84) (actual time=0.733..0.734 rows=1 loops=1)
               ->  Sort  (cost=165745.69..165745.69 rows=1 width=84) (actual time=0.731..0.732 rows=1 loops=1)
                     Sort Key: (st_distance(st_transform(s_1352.the_geom, 25833), '0101000020E964000039231EBD44DF2341ABC847FF430D5741'::geometry))
                     Sort Method: top-N heapsort  Memory: 25kB
                     ->  Seq Scan on phoml_trajectory_tmp s_1352  (cost=0.00..165745.68 rows=1 width=84) (actual time=0.030..0.660 rows=480 loops=1)
                           Filter: ((unix_time >= '1685451431.524'::double precision) AND (unix_time <= '1685451491.524'::double precision) AND st_dwithin(st_transform(the_geom, 25833), '0101000020E964000039231EBD44DF2341ABC847FF430D5741'::geometry, '300'::double precision))
                           Rows Removed by Filter: 3180
   ->  Subquery Scan on "*SELECT* 1354"  (cost=165745.69..165745.70 rows=1 width=76) (actual time=0.737..0.738 rows=1 loops=1)
         ->  Limit  (cost=165745.69..165745.69 rows=1 width=84) (actual time=0.733..0.734 rows=1 loops=1)
               ->  Sort  (cost=165745.69..165745.69 rows=1 width=84) (actual time=0.731..0.731 rows=1 loops=1)
                     Sort Key: (st_distance(st_transform(s_1353.the_geom, 25833), '0101000020E9640000812CC15F46DF2341793C1BC0420D5741'::geometry))
                     Sort Method: top-N heapsort  Memory: 25kB
                     ->  Seq Scan on phoml_trajectory_tmp s_1353  (cost=0.00..165745.68 rows=1 width=84) (actual time=0.031..0.657 rows=484 loops=1)
                           Filter: ((unix_time >= '1685451431.874'::double precision) AND (unix_time <= '1685451491.874'::double precision) AND st_dwithin(st_transform(the_geom, 25833), '0101000020E9640000812CC15F46DF2341793C1BC0420D5741'::geometry, '300'::double precision))
                           Rows Removed by Filter: 3176
   ->  Subquery Scan on "*SELECT* 1355"  (cost=165745.69..165745.70 rows=1 width=76) (actual time=0.722..0.723 rows=1 loops=1)
         ->  Limit  (cost=165745.69..165745.69 rows=1 width=84) (actual time=0.719..0.719 rows=1 loops=1)
               ->  Sort  (cost=165745.69..165745.69 rows=1 width=84) (actual time=0.716..0.717 rows=1 loops=1)
                     Sort Key: (st_distance(st_transform(s_1354.the_geom, 25833), '0101000020E9640000AE5E3E0948DF23416A090079410D5741'::geometry))
                     Sort Method: top-N heapsort  Memory: 25kB
                     ->  Seq Scan on phoml_trajectory_tmp s_1354  (cost=0.00..165745.68 rows=1 width=84) (actual time=0.034..0.644 rows=480 loops=1)
                           Filter: ((unix_time >= '1685451432.228'::double precision) AND (unix_time <= '1685451492.228'::double precision) AND st_dwithin(st_transform(the_geom, 25833), '0101000020E9640000AE5E3E0948DF23416A090079410D5741'::geometry, '300'::double precision))
                           Rows Removed by Filter: 3180
   ->  Subquery Scan on "*SELECT* 1356"  (cost=165745.69..165745.70 rows=1 width=76) (actual time=0.714..0.716 rows=1 loops=1)
         ->  Limit  (cost=165745.69..165745.69 rows=1 width=84) (actual time=0.712..0.713 rows=1 loops=1)
               ->  Sort  (cost=165745.69..165745.69 rows=1 width=84) (actual time=0.710..0.710 rows=1 loops=1)
                     Sort Key: (st_distance(st_transform(s_1355.the_geom, 25833), '0101000020E96400006D152EB849DF2341752CD33E400D5741'::geometry))
                     Sort Method: top-N heapsort  Memory: 25kB
                     ->  Seq Scan on phoml_trajectory_tmp s_1355  (cost=0.00..165745.68 rows=1 width=84) (actual time=0.031..0.637 rows=480 loops=1)
                           Filter: ((unix_time >= '1685451432.569'::double precision) AND (unix_time <= '1685451492.569'::double precision) AND st_dwithin(st_transform(the_geom, 25833), '0101000020E96400006D152EB849DF2341752CD33E400D5741'::geometry, '300'::double precision))
                           Rows Removed by Filter: 3180
   ->  Subquery Scan on "*SELECT* 1357"  (cost=165745.69..165745.70 rows=1 width=76) (actual time=0.718..0.720 rows=1 loops=1)
         ->  Limit  (cost=165745.69..165745.69 rows=1 width=84) (actual time=0.715..0.716 rows=1 loops=1)
               ->  Sort  (cost=165745.69..165745.69 rows=1 width=84) (actual time=0.712..0.713 rows=1 loops=1)
                     Sort Key: (st_distance(st_transform(s_1356.the_geom, 25833), '0101000020E96400004A12EB494BDF2341C539B8023F0D5741'::geometry))
                     Sort Method: top-N heapsort  Memory: 25kB
                     ->  Seq Scan on phoml_trajectory_tmp s_1356  (cost=0.00..165745.68 rows=1 width=84) (actual time=0.030..0.641 rows=480 loops=1)
                           Filter: ((unix_time >= '1685451432.919'::double precision) AND (unix_time <= '1685451492.919'::double precision) AND st_dwithin(st_transform(the_geom, 25833), '0101000020E96400004A12EB494BDF2341C539B8023F0D5741'::geometry, '300'::double precision))
                           Rows Removed by Filter: 3180
   ->  Subquery Scan on "*SELECT* 1358"  (cost=165745.69..165745.70 rows=1 width=76) (actual time=0.732..0.733 rows=1 loops=1)
         ->  Limit  (cost=165745.69..165745.69 rows=1 width=84) (actual time=0.729..0.729 rows=1 loops=1)
               ->  Sort  (cost=165745.69..165745.69 rows=1 width=84) (actual time=0.726..0.726 rows=1 loops=1)
                     Sort Key: (st_distance(st_transform(s_1357.the_geom, 25833), '0101000020E9640000954889C34CDF234167CD64C43D0D5741'::geometry))
                     Sort Method: top-N heapsort  Memory: 25kB
                     ->  Seq Scan on phoml_trajectory_tmp s_1357  (cost=0.00..165745.68 rows=1 width=84) (actual time=0.031..0.653 rows=480 loops=1)
                           Filter: ((unix_time >= '1685451433.263'::double precision) AND (unix_time <= '1685451493.263'::double precision) AND st_dwithin(st_transform(the_geom, 25833), '0101000020E9640000954889C34CDF234167CD64C43D0D5741'::geometry, '300'::double precision))
                           Rows Removed by Filter: 3180
   ->  Subquery Scan on "*SELECT* 1359"  (cost=165745.69..165745.70 rows=1 width=76) (actual time=0.718..0.719 rows=1 loops=1)
         ->  Limit  (cost=165745.69..165745.69 rows=1 width=84) (actual time=0.714..0.715 rows=1 loops=1)
               ->  Sort  (cost=165745.69..165745.69 rows=1 width=84) (actual time=0.712..0.712 rows=1 loops=1)
                     Sort Key: (st_distance(st_transform(s_1358.the_geom, 25833), '0101000020E9640000EE9E895B4EDF2341963ADF8D3C0D5741'::geometry))
                     Sort Method: top-N heapsort  Memory: 25kB
                     ->  Seq Scan on phoml_trajectory_tmp s_1358  (cost=0.00..165745.68 rows=1 width=84) (actual time=0.033..0.633 rows=480 loops=1)
                           Filter: ((unix_time >= '1685451433.603'::double precision) AND (unix_time <= '1685451493.603'::double precision) AND st_dwithin(st_transform(the_geom, 25833), '0101000020E9640000EE9E895B4EDF2341963ADF8D3C0D5741'::geometry, '300'::double precision))
                           Rows Removed by Filter: 3180
   ->  Subquery Scan on "*SELECT* 1360"  (cost=165745.69..165745.70 rows=1 width=76) (actual time=0.704..0.705 rows=1 loops=1)
         ->  Limit  (cost=165745.69..165745.69 rows=1 width=84) (actual time=0.702..0.703 rows=1 loops=1)
               ->  Sort  (cost=165745.69..165745.69 rows=1 width=84) (actual time=0.700..0.700 rows=1 loops=1)
                     Sort Key: (st_distance(st_transform(s_1359.the_geom, 25833), '0101000020E96400000AB659DD4FDF2341FE2D26553B0D5741'::geometry))
                     Sort Method: top-N heapsort  Memory: 25kB
                     ->  Seq Scan on phoml_trajectory_tmp s_1359  (cost=0.00..165745.68 rows=1 width=84) (actual time=0.030..0.627 rows=480 loops=1)
                           Filter: ((unix_time >= '1685451433.943'::double precision) AND (unix_time <= '1685451493.943'::double precision) AND st_dwithin(st_transform(the_geom, 25833), '0101000020E96400000AB659DD4FDF2341FE2D26553B0D5741'::geometry, '300'::double precision))
                           Rows Removed by Filter: 3180
   ->  Subquery Scan on "*SELECT* 1361"  (cost=165745.69..165745.70 rows=1 width=76) (actual time=0.721..0.722 rows=1 loops=1)
         ->  Limit  (cost=165745.69..165745.69 rows=1 width=84) (actual time=0.718..0.718 rows=1 loops=1)
               ->  Sort  (cost=165745.69..165745.69 rows=1 width=84) (actual time=0.716..0.716 rows=1 loops=1)
                     Sort Key: (st_distance(st_transform(s_1360.the_geom, 25833), '0101000020E9640000F3415C9451DF2341A45807123A0D5741'::geometry))
                     Sort Method: top-N heapsort  Memory: 25kB
                     ->  Seq Scan on phoml_trajectory_tmp s_1360  (cost=0.00..165745.68 rows=1 width=84) (actual time=0.037..0.645 rows=480 loops=1)
                           Filter: ((unix_time >= '1685451434.291'::double precision) AND (unix_time <= '1685451494.291'::double precision) AND st_dwithin(st_transform(the_geom, 25833), '0101000020E9640000F3415C9451DF2341A45807123A0D5741'::geometry, '300'::double precision))
                           Rows Removed by Filter: 3180
   ->  Subquery Scan on "*SELECT* 1362"  (cost=165745.69..165745.70 rows=1 width=76) (actual time=0.737..0.738 rows=1 loops=1)
         ->  Limit  (cost=165745.69..165745.69 rows=1 width=84) (actual time=0.733..0.734 rows=1 loops=1)
               ->  Sort  (cost=165745.69..165745.69 rows=1 width=84) (actual time=0.731..0.732 rows=1 loops=1)
                     Sort Key: (st_distance(st_transform(s_1361.the_geom, 25833), '0101000020E9640000F71B5B3E53DF2341407D1EDF380D5741'::geometry))
                     Sort Method: top-N heapsort  Memory: 25kB
                     ->  Seq Scan on phoml_trajectory_tmp s_1361  (cost=0.00..165745.68 rows=1 width=84) (actual time=0.033..0.656 rows=480 loops=1)
                           Filter: ((unix_time >= '1685451434.621'::double precision) AND (unix_time <= '1685451494.621'::double precision) AND st_dwithin(st_transform(the_geom, 25833), '0101000020E9640000F71B5B3E53DF2341407D1EDF380D5741'::geometry, '300'::double precision))
                           Rows Removed by Filter: 3180
   ->  Subquery Scan on "*SELECT* 1363"  (cost=165745.69..165745.70 rows=1 width=76) (actual time=0.722..0.723 rows=1 loops=1)
         ->  Limit  (cost=165745.69..165745.69 rows=1 width=84) (actual time=0.719..0.720 rows=1 loops=1)
               ->  Sort  (cost=165745.69..165745.69 rows=1 width=84) (actual time=0.717..0.717 rows=1 loops=1)
                     Sort Key: (st_distance(st_transform(s_1362.the_geom, 25833), '0101000020E964000024F4FDFB54DF2341F608C89B370D5741'::geometry))
                     Sort Method: top-N heapsort  Memory: 25kB
                     ->  Seq Scan on phoml_trajectory_tmp s_1362  (cost=0.00..165745.68 rows=1 width=84) (actual time=0.033..0.643 rows=480 loops=1)
                           Filter: ((unix_time >= '1685451434.971'::double precision) AND (unix_time <= '1685451494.971'::double precision) AND st_dwithin(st_transform(the_geom, 25833), '0101000020E964000024F4FDFB54DF2341F608C89B370D5741'::geometry, '300'::double precision))
                           Rows Removed by Filter: 3180
   ->  Subquery Scan on "*SELECT* 1364"  (cost=165745.69..165745.70 rows=1 width=76) (actual time=0.713..0.714 rows=1 loops=1)
         ->  Limit  (cost=165745.69..165745.69 rows=1 width=84) (actual time=0.711..0.712 rows=1 loops=1)
               ->  Sort  (cost=165745.69..165745.69 rows=1 width=84) (actual time=0.709..0.709 rows=1 loops=1)
                     Sort Key: (st_distance(st_transform(s_1363.the_geom, 25833), '0101000020E9640000DC4639A356DF234105DD415C360D5741'::geometry))
                     Sort Method: top-N heapsort  Memory: 25kB
                     ->  Seq Scan on phoml_trajectory_tmp s_1363  (cost=0.00..165745.68 rows=1 width=84) (actual time=0.030..0.632 rows=480 loops=1)
                           Filter: ((unix_time >= '1685451435.315'::double precision) AND (unix_time <= '1685451495.315'::double precision) AND st_dwithin(st_transform(the_geom, 25833), '0101000020E9640000DC4639A356DF234105DD415C360D5741'::geometry, '300'::double precision))
                           Rows Removed by Filter: 3180
   ->  Subquery Scan on "*SELECT* 1365"  (cost=165745.69..165745.70 rows=1 width=76) (actual time=0.726..0.728 rows=1 loops=1)
         ->  Limit  (cost=165745.69..165745.69 rows=1 width=84) (actual time=0.723..0.724 rows=1 loops=1)
               ->  Sort  (cost=165745.69..165745.69 rows=1 width=84) (actual time=0.721..0.721 rows=1 loops=1)
                     Sort Key: (st_distance(st_transform(s_1364.the_geom, 25833), '0101000020E96400003629124A58DF23410F32FC22350D5741'::geometry))
                     Sort Method: top-N heapsort  Memory: 25kB
                     ->  Seq Scan on phoml_trajectory_tmp s_1364  (cost=0.00..165745.68 rows=1 width=84) (actual time=0.033..0.648 rows=480 loops=1)
                           Filter: ((unix_time >= '1685451435.656'::double precision) AND (unix_time <= '1685451495.656'::double precision) AND st_dwithin(st_transform(the_geom, 25833), '0101000020E96400003629124A58DF23410F32FC22350D5741'::geometry, '300'::double precision))
                           Rows Removed by Filter: 3180
   ->  Subquery Scan on "*SELECT* 1366"  (cost=165745.69..165745.70 rows=1 width=76) (actual time=0.719..0.721 rows=1 loops=1)
         ->  Limit  (cost=165745.69..165745.69 rows=1 width=84) (actual time=0.715..0.716 rows=1 loops=1)
               ->  Sort  (cost=165745.69..165745.69 rows=1 width=84) (actual time=0.713..0.714 rows=1 loops=1)
                     Sort Key: (st_distance(st_transform(s_1365.the_geom, 25833), '0101000020E9640000600614F359DF2341569B71E2330D5741'::geometry))
                     Sort Method: top-N heapsort  Memory: 25kB
                     ->  Seq Scan on phoml_trajectory_tmp s_1365  (cost=0.00..165745.68 rows=1 width=84) (actual time=0.030..0.641 rows=480 loops=1)
                           Filter: ((unix_time >= '1685451435.996'::double precision) AND (unix_time <= '1685451495.996'::double precision) AND st_dwithin(st_transform(the_geom, 25833), '0101000020E9640000600614F359DF2341569B71E2330D5741'::geometry, '300'::double precision))
                           Rows Removed by Filter: 3180
   ->  Subquery Scan on "*SELECT* 1367"  (cost=165745.69..165745.70 rows=1 width=76) (actual time=0.721..0.722 rows=1 loops=1)
         ->  Limit  (cost=165745.69..165745.69 rows=1 width=84) (actual time=0.717..0.718 rows=1 loops=1)
               ->  Sort  (cost=165745.69..165745.69 rows=1 width=84) (actual time=0.715..0.715 rows=1 loops=1)
                     Sort Key: (st_distance(st_transform(s_1366.the_geom, 25833), '0101000020E96400002DDBD1B35BDF23411F40CFA3320D5741'::geometry))
                     Sort Method: top-N heapsort  Memory: 25kB
                     ->  Seq Scan on phoml_trajectory_tmp s_1366  (cost=0.00..165745.68 rows=1 width=84) (actual time=0.033..0.641 rows=480 loops=1)
                           Filter: ((unix_time >= '1685451436.341'::double precision) AND (unix_time <= '1685451496.341'::double precision) AND st_dwithin(st_transform(the_geom, 25833), '0101000020E96400002DDBD1B35BDF23411F40CFA3320D5741'::geometry, '300'::double precision))
                           Rows Removed by Filter: 3180
   ->  Subquery Scan on "*SELECT* 1368"  (cost=165745.69..165745.70 rows=1 width=76) (actual time=0.713..0.714 rows=1 loops=1)
         ->  Limit  (cost=165745.69..165745.69 rows=1 width=84) (actual time=0.711..0.712 rows=1 loops=1)
               ->  Sort  (cost=165745.69..165745.69 rows=1 width=84) (actual time=0.709..0.709 rows=1 loops=1)
                     Sort Key: (st_distance(st_transform(s_1367.the_geom, 25833), '0101000020E9640000528BA7545DDF2341CC15B664310D5741'::geometry))
                     Sort Method: top-N heapsort  Memory: 25kB
                     ->  Seq Scan on phoml_trajectory_tmp s_1367  (cost=0.00..165745.68 rows=1 width=84) (actual time=0.032..0.635 rows=480 loops=1)
                           Filter: ((unix_time >= '1685451436.681'::double precision) AND (unix_time <= '1685451496.681'::double precision) AND st_dwithin(st_transform(the_geom, 25833), '0101000020E9640000528BA7545DDF2341CC15B664310D5741'::geometry, '300'::double precision))
                           Rows Removed by Filter: 3180
   ->  Subquery Scan on "*SELECT* 1369"  (cost=165745.69..165745.70 rows=1 width=76) (actual time=0.719..0.721 rows=1 loops=1)
         ->  Limit  (cost=165745.69..165745.69 rows=1 width=84) (actual time=0.715..0.717 rows=1 loops=1)
               ->  Sort  (cost=165745.69..165745.69 rows=1 width=84) (actual time=0.713..0.714 rows=1 loops=1)
                     Sort Key: (st_distance(st_transform(s_1368.the_geom, 25833), '0101000020E96400005A73C3C85EDF2341ABA5BA3B300D5741'::geometry))
                     Sort Method: top-N heapsort  Memory: 25kB
                     ->  Seq Scan on phoml_trajectory_tmp s_1368  (cost=0.00..165745.68 rows=1 width=84) (actual time=0.031..0.640 rows=480 loops=1)
                           Filter: ((unix_time >= '1685451437.001'::double precision) AND (unix_time <= '1685451497.001'::double precision) AND st_dwithin(st_transform(the_geom, 25833), '0101000020E96400005A73C3C85EDF2341ABA5BA3B300D5741'::geometry, '300'::double precision))
                           Rows Removed by Filter: 3180
   ->  Subquery Scan on "*SELECT* 1370"  (cost=165745.69..165745.70 rows=1 width=76) (actual time=0.721..0.722 rows=1 loops=1)
         ->  Limit  (cost=165745.69..165745.69 rows=1 width=84) (actual time=0.718..0.718 rows=1 loops=1)
               ->  Sort  (cost=165745.69..165745.69 rows=1 width=84) (actual time=0.716..0.716 rows=1 loops=1)
                     Sort Key: (st_distance(st_transform(s_1369.the_geom, 25833), '0101000020E9640000A5789B9860DF234108711CED2E0D5741'::geometry))
                     Sort Method: top-N heapsort  Memory: 25kB
                     ->  Seq Scan on phoml_trajectory_tmp s_1369  (cost=0.00..165745.68 rows=1 width=84) (actual time=0.030..0.642 rows=480 loops=1)
                           Filter: ((unix_time >= '1685451437.355'::double precision) AND (unix_time <= '1685451497.355'::double precision) AND st_dwithin(st_transform(the_geom, 25833), '0101000020E9640000A5789B9860DF234108711CED2E0D5741'::geometry, '300'::double precision))
                           Rows Removed by Filter: 3180
   ->  Subquery Scan on "*SELECT* 1371"  (cost=165745.69..165745.70 rows=1 width=76) (actual time=0.708..0.709 rows=1 loops=1)
         ->  Limit  (cost=165745.69..165745.69 rows=1 width=84) (actual time=0.704..0.705 rows=1 loops=1)
               ->  Sort  (cost=165745.69..165745.69 rows=1 width=84) (actual time=0.702..0.703 rows=1 loops=1)
                     Sort Key: (st_distance(st_transform(s_1370.the_geom, 25833), '0101000020E9640000F3603B2962DF2341434B44C52D0D5741'::geometry))
                     Sort Method: top-N heapsort  Memory: 25kB
                     ->  Seq Scan on phoml_trajectory_tmp s_1370  (cost=0.00..165745.68 rows=1 width=84) (actual time=0.032..0.631 rows=480 loops=1)
                           Filter: ((unix_time >= '1685451437.675'::double precision) AND (unix_time <= '1685451497.675'::double precision) AND st_dwithin(st_transform(the_geom, 25833), '0101000020E9640000F3603B2962DF2341434B44C52D0D5741'::geometry, '300'::double precision))
                           Rows Removed by Filter: 3180
   ->  Subquery Scan on "*SELECT* 1372"  (cost=165745.69..165745.70 rows=1 width=76) (actual time=0.720..0.722 rows=1 loops=1)
         ->  Limit  (cost=165745.69..165745.69 rows=1 width=84) (actual time=0.717..0.718 rows=1 loops=1)
               ->  Sort  (cost=165745.69..165745.69 rows=1 width=84) (actual time=0.715..0.716 rows=1 loops=1)
                     Sort Key: (st_distance(st_transform(s_1371.the_geom, 25833), '0101000020E9640000EB0F0BAF63DF2341AD888E7C2C0D5741'::geometry))
                     Sort Method: top-N heapsort  Memory: 25kB
                     ->  Seq Scan on phoml_trajectory_tmp s_1371  (cost=0.00..165745.68 rows=1 width=84) (actual time=0.032..0.642 rows=480 loops=1)
                           Filter: ((unix_time >= '1685451438.025'::double precision) AND (unix_time <= '1685451498.025'::double precision) AND st_dwithin(st_transform(the_geom, 25833), '0101000020E9640000EB0F0BAF63DF2341AD888E7C2C0D5741'::geometry, '300'::double precision))
                           Rows Removed by Filter: 3180
   ->  Subquery Scan on "*SELECT* 1373"  (cost=165745.69..165745.70 rows=1 width=76) (actual time=0.733..0.734 rows=1 loops=1)
         ->  Limit  (cost=165745.69..165745.69 rows=1 width=84) (actual time=0.728..0.729 rows=1 loops=1)
               ->  Sort  (cost=165745.69..165745.69 rows=1 width=84) (actual time=0.726..0.727 rows=1 loops=1)
                     Sort Key: (st_distance(st_transform(s_1372.the_geom, 25833), '0101000020E96400001136183265DF23412BA801562B0D5741'::geometry))
                     Sort Method: top-N heapsort  Memory: 25kB
                     ->  Seq Scan on phoml_trajectory_tmp s_1372  (cost=0.00..165745.68 rows=1 width=84) (actual time=0.030..0.651 rows=480 loops=1)
                           Filter: ((unix_time >= '1685451438.342'::double precision) AND (unix_time <= '1685451498.342'::double precision) AND st_dwithin(st_transform(the_geom, 25833), '0101000020E96400001136183265DF23412BA801562B0D5741'::geometry, '300'::double precision))
                           Rows Removed by Filter: 3180
   ->  Subquery Scan on "*SELECT* 1374"  (cost=165745.69..165745.70 rows=1 width=76) (actual time=0.725..0.726 rows=1 loops=1)
         ->  Limit  (cost=165745.69..165745.69 rows=1 width=84) (actual time=0.720..0.721 rows=1 loops=1)
               ->  Sort  (cost=165745.69..165745.69 rows=1 width=84) (actual time=0.718..0.718 rows=1 loops=1)
                     Sort Key: (st_distance(st_transform(s_1373.the_geom, 25833), '0101000020E9640000D76669B866DF2341308FC81A2A0D5741'::geometry))
                     Sort Method: top-N heapsort  Memory: 25kB
                     ->  Seq Scan on phoml_trajectory_tmp s_1373  (cost=0.00..165745.68 rows=1 width=84) (actual time=0.031..0.643 rows=480 loops=1)
                           Filter: ((unix_time >= '1685451438.682'::double precision) AND (unix_time <= '1685451498.682'::double precision) AND st_dwithin(st_transform(the_geom, 25833), '0101000020E9640000D76669B866DF2341308FC81A2A0D5741'::geometry, '300'::double precision))
                           Rows Removed by Filter: 3180
   ->  Subquery Scan on "*SELECT* 1375"  (cost=165745.69..165745.70 rows=1 width=76) (actual time=0.744..0.745 rows=1 loops=1)
         ->  Limit  (cost=165745.69..165745.69 rows=1 width=84) (actual time=0.740..0.741 rows=1 loops=1)
               ->  Sort  (cost=165745.69..165745.69 rows=1 width=84) (actual time=0.736..0.736 rows=1 loops=1)
                     Sort Key: (st_distance(st_transform(s_1374.the_geom, 25833), '0101000020E9640000693F1B4F68DF2341A2A162D6280D5741'::geometry))
                     Sort Method: top-N heapsort  Memory: 25kB
                     ->  Seq Scan on phoml_trajectory_tmp s_1374  (cost=0.00..165745.68 rows=1 width=84) (actual time=0.047..0.661 rows=480 loops=1)
                           Filter: ((unix_time >= '1685451439.022'::double precision) AND (unix_time <= '1685451499.022'::double precision) AND st_dwithin(st_transform(the_geom, 25833), '0101000020E9640000693F1B4F68DF2341A2A162D6280D5741'::geometry, '300'::double precision))
                           Rows Removed by Filter: 3180
   ->  Subquery Scan on "*SELECT* 1376"  (cost=165745.69..165745.70 rows=1 width=76) (actual time=0.708..0.710 rows=1 loops=1)
         ->  Limit  (cost=165745.69..165745.69 rows=1 width=84) (actual time=0.706..0.707 rows=1 loops=1)
               ->  Sort  (cost=165745.69..165745.69 rows=1 width=84) (actual time=0.703..0.704 rows=1 loops=1)
                     Sort Key: (st_distance(st_transform(s_1375.the_geom, 25833), '0101000020E9640000D6DD0EE969DF2341DE608393270D5741'::geometry))
                     Sort Method: top-N heapsort  Memory: 25kB
                     ->  Seq Scan on phoml_trajectory_tmp s_1375  (cost=0.00..165745.68 rows=1 width=84) (actual time=0.030..0.631 rows=480 loops=1)
                           Filter: ((unix_time >= '1685451439.357'::double precision) AND (unix_time <= '1685451499.357'::double precision) AND st_dwithin(st_transform(the_geom, 25833), '0101000020E9640000D6DD0EE969DF2341DE608393270D5741'::geometry, '300'::double precision))
                           Rows Removed by Filter: 3180
   ->  Subquery Scan on "*SELECT* 1377"  (cost=165745.69..165745.70 rows=1 width=76) (actual time=0.716..0.717 rows=1 loops=1)
         ->  Limit  (cost=165745.69..165745.69 rows=1 width=84) (actual time=0.712..0.713 rows=1 loops=1)
               ->  Sort  (cost=165745.69..165745.69 rows=1 width=84) (actual time=0.710..0.711 rows=1 loops=1)
                     Sort Key: (st_distance(st_transform(s_1376.the_geom, 25833), '0101000020E964000015B2A0966BDF23410517B260260D5741'::geometry))
                     Sort Method: top-N heapsort  Memory: 25kB
                     ->  Seq Scan on phoml_trajectory_tmp s_1376  (cost=0.00..165745.68 rows=1 width=84) (actual time=0.031..0.639 rows=480 loops=1)
                           Filter: ((unix_time >= '1685451439.677'::double precision) AND (unix_time <= '1685451499.677'::double precision) AND st_dwithin(st_transform(the_geom, 25833), '0101000020E964000015B2A0966BDF23410517B260260D5741'::geometry, '300'::double precision))
                           Rows Removed by Filter: 3180
   ->  Subquery Scan on "*SELECT* 1378"  (cost=165745.69..165745.70 rows=1 width=76) (actual time=0.717..0.718 rows=1 loops=1)
         ->  Limit  (cost=165745.69..165745.69 rows=1 width=84) (actual time=0.713..0.714 rows=1 loops=1)
               ->  Sort  (cost=165745.69..165745.69 rows=1 width=84) (actual time=0.711..0.711 rows=1 loops=1)
                     Sort Key: (st_distance(st_transform(s_1377.the_geom, 25833), '0101000020E9640000101C195C6DDF2341C109911C250D5741'::geometry))
                     Sort Method: top-N heapsort  Memory: 25kB
                     ->  Seq Scan on phoml_trajectory_tmp s_1377  (cost=0.00..165745.68 rows=1 width=84) (actual time=0.030..0.638 rows=480 loops=1)
                           Filter: ((unix_time >= '1685451440.017'::double precision) AND (unix_time <= '1685451500.017'::double precision) AND st_dwithin(st_transform(the_geom, 25833), '0101000020E9640000101C195C6DDF2341C109911C250D5741'::geometry, '300'::double precision))
                           Rows Removed by Filter: 3180
   ->  Subquery Scan on "*SELECT* 1379"  (cost=165745.69..165745.70 rows=1 width=76) (actual time=0.725..0.726 rows=1 loops=1)
         ->  Limit  (cost=165745.69..165745.69 rows=1 width=84) (actual time=0.721..0.722 rows=1 loops=1)
               ->  Sort  (cost=165745.69..165745.69 rows=1 width=84) (actual time=0.719..0.719 rows=1 loops=1)
                     Sort Key: (st_distance(st_transform(s_1378.the_geom, 25833), '0101000020E9640000CFD8BD126FDF23419CFDCAD9230D5741'::geometry))
                     Sort Method: top-N heapsort  Memory: 25kB
                     ->  Seq Scan on phoml_trajectory_tmp s_1378  (cost=0.00..165745.68 rows=1 width=84) (actual time=0.034..0.643 rows=480 loops=1)
                           Filter: ((unix_time >= '1685451440.348'::double precision) AND (unix_time <= '1685451500.348'::double precision) AND st_dwithin(st_transform(the_geom, 25833), '0101000020E9640000CFD8BD126FDF23419CFDCAD9230D5741'::geometry, '300'::double precision))
                           Rows Removed by Filter: 3180
   ->  Subquery Scan on "*SELECT* 1380"  (cost=165745.69..165745.70 rows=1 width=76) (actual time=0.704..0.705 rows=1 loops=1)
         ->  Limit  (cost=165745.69..165745.69 rows=1 width=84) (actual time=0.702..0.703 rows=1 loops=1)
               ->  Sort  (cost=165745.69..165745.69 rows=1 width=84) (actual time=0.699..0.700 rows=1 loops=1)
                     Sort Key: (st_distance(st_transform(s_1379.the_geom, 25833), '0101000020E964000063017FCF70DF2341BE564DA4220D5741'::geometry))
                     Sort Method: top-N heapsort  Memory: 25kB
                     ->  Seq Scan on phoml_trajectory_tmp s_1379  (cost=0.00..165745.68 rows=1 width=84) (actual time=0.031..0.627 rows=480 loops=1)
                           Filter: ((unix_time >= '1685451440.668'::double precision) AND (unix_time <= '1685451500.668'::double precision) AND st_dwithin(st_transform(the_geom, 25833), '0101000020E964000063017FCF70DF2341BE564DA4220D5741'::geometry, '300'::double precision))
                           Rows Removed by Filter: 3180
   ->  Subquery Scan on "*SELECT* 1381"  (cost=165745.69..165745.70 rows=1 width=76) (actual time=0.711..0.712 rows=1 loops=1)
         ->  Limit  (cost=165745.69..165745.69 rows=1 width=84) (actual time=0.708..0.709 rows=1 loops=1)
               ->  Sort  (cost=165745.69..165745.69 rows=1 width=84) (actual time=0.705..0.706 rows=1 loops=1)
                     Sort Key: (st_distance(st_transform(s_1380.the_geom, 25833), '0101000020E964000057401C9172DF234126BA905E210D5741'::geometry))
                     Sort Method: top-N heapsort  Memory: 25kB
                     ->  Seq Scan on phoml_trajectory_tmp s_1380  (cost=0.00..165745.68 rows=1 width=84) (actual time=0.032..0.634 rows=480 loops=1)
                           Filter: ((unix_time >= '1685451441.008'::double precision) AND (unix_time <= '1685451501.008'::double precision) AND st_dwithin(st_transform(the_geom, 25833), '0101000020E964000057401C9172DF234126BA905E210D5741'::geometry, '300'::double precision))
                           Rows Removed by Filter: 3180
   ->  Subquery Scan on "*SELECT* 1382"  (cost=165745.69..165745.70 rows=1 width=76) (actual time=0.721..0.722 rows=1 loops=1)
         ->  Limit  (cost=165745.69..165745.69 rows=1 width=84) (actual time=0.717..0.718 rows=1 loops=1)
               ->  Sort  (cost=165745.69..165745.69 rows=1 width=84) (actual time=0.716..0.716 rows=1 loops=1)
                     Sort Key: (st_distance(st_transform(s_1381.the_geom, 25833), '0101000020E964000057A3F33D74DF23417B49B724200D5741'::geometry))
                     Sort Method: top-N heapsort  Memory: 25kB
                     ->  Seq Scan on phoml_trajectory_tmp s_1381  (cost=0.00..165745.68 rows=1 width=84) (actual time=0.033..0.640 rows=480 loops=1)
                           Filter: ((unix_time >= '1685451441.331'::double precision) AND (unix_time <= '1685451501.331'::double precision) AND st_dwithin(st_transform(the_geom, 25833), '0101000020E964000057A3F33D74DF23417B49B724200D5741'::geometry, '300'::double precision))
                           Rows Removed by Filter: 3180
   ->  Subquery Scan on "*SELECT* 1383"  (cost=165745.69..165745.70 rows=1 width=76) (actual time=0.724..0.725 rows=1 loops=1)
         ->  Limit  (cost=165745.69..165745.69 rows=1 width=84) (actual time=0.721..0.722 rows=1 loops=1)
               ->  Sort  (cost=165745.69..165745.69 rows=1 width=84) (actual time=0.718..0.719 rows=1 loops=1)
                     Sort Key: (st_distance(st_transform(s_1382.the_geom, 25833), '0101000020E9640000EB455DD175DF234100AD8AE71E0D5741'::geometry))
                     Sort Method: top-N heapsort  Memory: 25kB
                     ->  Seq Scan on phoml_trajectory_tmp s_1382  (cost=0.00..165745.68 rows=1 width=84) (actual time=0.036..0.644 rows=480 loops=1)
                           Filter: ((unix_time >= '1685451441.661'::double precision) AND (unix_time <= '1685451501.661'::double precision) AND st_dwithin(st_transform(the_geom, 25833), '0101000020E9640000EB455DD175DF234100AD8AE71E0D5741'::geometry, '300'::double precision))
                           Rows Removed by Filter: 3180
   ->  Subquery Scan on "*SELECT* 1384"  (cost=165745.69..165745.70 rows=1 width=76) (actual time=0.703..0.705 rows=1 loops=1)
         ->  Limit  (cost=165745.69..165745.69 rows=1 width=84) (actual time=0.701..0.702 rows=1 loops=1)
               ->  Sort  (cost=165745.69..165745.69 rows=1 width=84) (actual time=0.699..0.699 rows=1 loops=1)
                     Sort Key: (st_distance(st_transform(s_1383.the_geom, 25833), '0101000020E96400003212629877DF234126FBFBAE1D0D5741'::geometry))
                     Sort Method: top-N heapsort  Memory: 25kB
                     ->  Seq Scan on phoml_trajectory_tmp s_1383  (cost=0.00..165745.68 rows=1 width=84) (actual time=0.031..0.627 rows=480 loops=1)
                           Filter: ((unix_time >= '1685451441.991'::double precision) AND (unix_time <= '1685451501.991'::double precision) AND st_dwithin(st_transform(the_geom, 25833), '0101000020E96400003212629877DF234126FBFBAE1D0D5741'::geometry, '300'::double precision))
                           Rows Removed by Filter: 3180
   ->  Subquery Scan on "*SELECT* 1385"  (cost=165745.69..165745.70 rows=1 width=76) (actual time=0.719..0.720 rows=1 loops=1)
         ->  Limit  (cost=165745.69..165745.69 rows=1 width=84) (actual time=0.716..0.717 rows=1 loops=1)
               ->  Sort  (cost=165745.69..165745.69 rows=1 width=84) (actual time=0.714..0.714 rows=1 loops=1)
                     Sort Key: (st_distance(st_transform(s_1384.the_geom, 25833), '0101000020E96400003000773F79DF234121950B761C0D5741'::geometry))
                     Sort Method: top-N heapsort  Memory: 25kB
                     ->  Seq Scan on phoml_trajectory_tmp s_1384  (cost=0.00..165745.68 rows=1 width=84) (actual time=0.033..0.642 rows=480 loops=1)
                           Filter: ((unix_time >= '1685451442.316'::double precision) AND (unix_time <= '1685451502.316'::double precision) AND st_dwithin(st_transform(the_geom, 25833), '0101000020E96400003000773F79DF234121950B761C0D5741'::geometry, '300'::double precision))
                           Rows Removed by Filter: 3180
   ->  Subquery Scan on "*SELECT* 1386"  (cost=165745.69..165745.70 rows=1 width=76) (actual time=0.720..0.721 rows=1 loops=1)
         ->  Limit  (cost=165745.69..165745.69 rows=1 width=84) (actual time=0.716..0.717 rows=1 loops=1)
               ->  Sort  (cost=165745.69..165745.69 rows=1 width=84) (actual time=0.714..0.715 rows=1 loops=1)
                     Sort Key: (st_distance(st_transform(s_1385.the_geom, 25833), '0101000020E9640000FD18CDF07ADF2341FC9328391B0D5741'::geometry))
                     Sort Method: top-N heapsort  Memory: 25kB
                     ->  Seq Scan on phoml_trajectory_tmp s_1385  (cost=0.00..165745.68 rows=1 width=84) (actual time=0.031..0.640 rows=480 loops=1)
                           Filter: ((unix_time >= '1685451442.646'::double precision) AND (unix_time <= '1685451502.646'::double precision) AND st_dwithin(st_transform(the_geom, 25833), '0101000020E9640000FD18CDF07ADF2341FC9328391B0D5741'::geometry, '300'::double precision))
                           Rows Removed by Filter: 3180
   ->  Subquery Scan on "*SELECT* 1387"  (cost=165745.69..165745.70 rows=1 width=76) (actual time=0.707..0.708 rows=1 loops=1)
         ->  Limit  (cost=165745.69..165745.69 rows=1 width=84) (actual time=0.705..0.706 rows=1 loops=1)
               ->  Sort  (cost=165745.69..165745.69 rows=1 width=84) (actual time=0.703..0.703 rows=1 loops=1)
                     Sort Key: (st_distance(st_transform(s_1386.the_geom, 25833), '0101000020E96400007C30D7907CDF23417DA34AFA190D5741'::geometry))
                     Sort Method: top-N heapsort  Memory: 25kB
                     ->  Seq Scan on phoml_trajectory_tmp s_1386  (cost=0.00..165745.68 rows=1 width=84) (actual time=0.032..0.630 rows=480 loops=1)
                           Filter: ((unix_time >= '1685451442.976'::double precision) AND (unix_time <= '1685451502.976'::double precision) AND st_dwithin(st_transform(the_geom, 25833), '0101000020E96400007C30D7907CDF23417DA34AFA190D5741'::geometry, '300'::double precision))
                           Rows Removed by Filter: 3180
   ->  Subquery Scan on "*SELECT* 1388"  (cost=165745.69..165745.70 rows=1 width=76) (actual time=0.729..0.730 rows=1 loops=1)
         ->  Limit  (cost=165745.69..165745.69 rows=1 width=84) (actual time=0.726..0.727 rows=1 loops=1)
               ->  Sort  (cost=165745.69..165745.69 rows=1 width=84) (actual time=0.724..0.724 rows=1 loops=1)
                     Sort Key: (st_distance(st_transform(s_1387.the_geom, 25833), '0101000020E9640000A318FC4F7EDF23418C5FCABB180D5741'::geometry))
                     Sort Method: top-N heapsort  Memory: 25kB
                     ->  Seq Scan on phoml_trajectory_tmp s_1387  (cost=0.00..165745.68 rows=1 width=84) (actual time=0.038..0.651 rows=480 loops=1)
                           Filter: ((unix_time >= '1685451443.31'::double precision) AND (unix_time <= '1685451503.31'::double precision) AND st_dwithin(st_transform(the_geom, 25833), '0101000020E9640000A318FC4F7EDF23418C5FCABB180D5741'::geometry, '300'::double precision))
                           Rows Removed by Filter: 3180
   ->  Subquery Scan on "*SELECT* 1389"  (cost=165745.69..165745.70 rows=1 width=76) (actual time=0.724..0.725 rows=1 loops=1)
         ->  Limit  (cost=165745.69..165745.69 rows=1 width=84) (actual time=0.721..0.721 rows=1 loops=1)
               ->  Sort  (cost=165745.69..165745.69 rows=1 width=84) (actual time=0.719..0.719 rows=1 loops=1)
                     Sort Key: (st_distance(st_transform(s_1388.the_geom, 25833), '0101000020E96400002F2536EB7FDF2341B71D5B84170D5741'::geometry))
                     Sort Method: top-N heapsort  Memory: 25kB
                     ->  Seq Scan on phoml_trajectory_tmp s_1388  (cost=0.00..165745.68 rows=1 width=84) (actual time=0.033..0.645 rows=480 loops=1)
                           Filter: ((unix_time >= '1685451443.64'::double precision) AND (unix_time <= '1685451503.64'::double precision) AND st_dwithin(st_transform(the_geom, 25833), '0101000020E96400002F2536EB7FDF2341B71D5B84170D5741'::geometry, '300'::double precision))
                           Rows Removed by Filter: 3180
   ->  Subquery Scan on "*SELECT* 1390"  (cost=165745.69..165745.70 rows=1 width=76) (actual time=0.717..0.719 rows=1 loops=1)
         ->  Limit  (cost=165745.69..165745.69 rows=1 width=84) (actual time=0.714..0.715 rows=1 loops=1)
               ->  Sort  (cost=165745.69..165745.69 rows=1 width=84) (actual time=0.712..0.712 rows=1 loops=1)
                     Sort Key: (st_distance(st_transform(s_1389.the_geom, 25833), '0101000020E96400004020D4A781DF234109193946160D5741'::geometry))
                     Sort Method: top-N heapsort  Memory: 25kB
                     ->  Seq Scan on phoml_trajectory_tmp s_1389  (cost=0.00..165745.68 rows=1 width=84) (actual time=0.031..0.639 rows=480 loops=1)
                           Filter: ((unix_time >= '1685451443.97'::double precision) AND (unix_time <= '1685451503.97'::double precision) AND st_dwithin(st_transform(the_geom, 25833), '0101000020E96400004020D4A781DF234109193946160D5741'::geometry, '300'::double precision))
                           Rows Removed by Filter: 3180
   ->  Subquery Scan on "*SELECT* 1391"  (cost=165745.69..165745.70 rows=1 width=76) (actual time=0.708..0.709 rows=1 loops=1)
         ->  Limit  (cost=165745.69..165745.69 rows=1 width=84) (actual time=0.706..0.707 rows=1 loops=1)
               ->  Sort  (cost=165745.69..165745.69 rows=1 width=84) (actual time=0.704..0.704 rows=1 loops=1)
                     Sort Key: (st_distance(st_transform(s_1390.the_geom, 25833), '0101000020E96400001F94193E83DF2341CBA7930F150D5741'::geometry))
                     Sort Method: top-N heapsort  Memory: 25kB
                     ->  Seq Scan on phoml_trajectory_tmp s_1390  (cost=0.00..165745.68 rows=1 width=84) (actual time=0.035..0.630 rows=480 loops=1)
                           Filter: ((unix_time >= '1685451444.301'::double precision) AND (unix_time <= '1685451504.301'::double precision) AND st_dwithin(st_transform(the_geom, 25833), '0101000020E96400001F94193E83DF2341CBA7930F150D5741'::geometry, '300'::double precision))
                           Rows Removed by Filter: 3180
   ->  Subquery Scan on "*SELECT* 1392"  (cost=165745.69..165745.70 rows=1 width=76) (actual time=0.744..0.745 rows=1 loops=1)
         ->  Limit  (cost=165745.69..165745.69 rows=1 width=84) (actual time=0.740..0.741 rows=1 loops=1)
               ->  Sort  (cost=165745.69..165745.69 rows=1 width=84) (actual time=0.738..0.738 rows=1 loops=1)
                     Sort Key: (st_distance(st_transform(s_1391.the_geom, 25833), '0101000020E9640000441663DA84DF2341B463EADE130D5741'::geometry))
                     Sort Method: top-N heapsort  Memory: 25kB
                     ->  Seq Scan on phoml_trajectory_tmp s_1391  (cost=0.00..165745.68 rows=1 width=84) (actual time=0.041..0.649 rows=480 loops=1)
                           Filter: ((unix_time >= '1685451444.621'::double precision) AND (unix_time <= '1685451504.621'::double precision) AND st_dwithin(st_transform(the_geom, 25833), '0101000020E9640000441663DA84DF2341B463EADE130D5741'::geometry, '300'::double precision))
                           Rows Removed by Filter: 3180
   ->  Subquery Scan on "*SELECT* 1393"  (cost=165745.69..165745.70 rows=1 width=76) (actual time=0.725..0.726 rows=1 loops=1)
         ->  Limit  (cost=165745.69..165745.69 rows=1 width=84) (actual time=0.722..0.722 rows=1 loops=1)
               ->  Sort  (cost=165745.69..165745.69 rows=1 width=84) (actual time=0.719..0.720 rows=1 loops=1)
                     Sort Key: (st_distance(st_transform(s_1392.the_geom, 25833), '0101000020E964000029F8C67986DF234144AF8499120D5741'::geometry))
                     Sort Method: top-N heapsort  Memory: 25kB
                     ->  Seq Scan on phoml_trajectory_tmp s_1392  (cost=0.00..165745.68 rows=1 width=84) (actual time=0.032..0.646 rows=480 loops=1)
                           Filter: ((unix_time >= '1685451444.961'::double precision) AND (unix_time <= '1685451504.961'::double precision) AND st_dwithin(st_transform(the_geom, 25833), '0101000020E964000029F8C67986DF234144AF8499120D5741'::geometry, '300'::double precision))
                           Rows Removed by Filter: 3180
   ->  Subquery Scan on "*SELECT* 1394"  (cost=165745.69..165745.70 rows=1 width=76) (actual time=0.719..0.720 rows=1 loops=1)
         ->  Limit  (cost=165745.69..165745.69 rows=1 width=84) (actual time=0.716..0.717 rows=1 loops=1)
               ->  Sort  (cost=165745.69..165745.69 rows=1 width=84) (actual time=0.713..0.714 rows=1 loops=1)
                     Sort Key: (st_distance(st_transform(s_1393.the_geom, 25833), '0101000020E964000053CF2E0A88DF23411DFDB26A110D5741'::geometry))
                     Sort Method: top-N heapsort  Memory: 25kB
                     ->  Seq Scan on phoml_trajectory_tmp s_1393  (cost=0.00..165745.68 rows=1 width=84) (actual time=0.032..0.634 rows=480 loops=1)
                           Filter: ((unix_time >= '1685451445.286'::double precision) AND (unix_time <= '1685451505.286'::double precision) AND st_dwithin(st_transform(the_geom, 25833), '0101000020E964000053CF2E0A88DF23411DFDB26A110D5741'::geometry, '300'::double precision))
                           Rows Removed by Filter: 3180
   ->  Subquery Scan on "*SELECT* 1395"  (cost=165745.69..165745.70 rows=1 width=76) (actual time=0.708..0.709 rows=1 loops=1)
         ->  Limit  (cost=165745.69..165745.69 rows=1 width=84) (actual time=0.706..0.707 rows=1 loops=1)
               ->  Sort  (cost=165745.69..165745.69 rows=1 width=84) (actual time=0.703..0.704 rows=1 loops=1)
                     Sort Key: (st_distance(st_transform(s_1394.the_geom, 25833), '0101000020E9640000B061BAC689DF23412B398025100D5741'::geometry))
                     Sort Method: top-N heapsort  Memory: 25kB
                     ->  Seq Scan on phoml_trajectory_tmp s_1394  (cost=0.00..165745.68 rows=1 width=84) (actual time=0.035..0.633 rows=480 loops=1)
                           Filter: ((unix_time >= '1685451445.636'::double precision) AND (unix_time <= '1685451505.636'::double precision) AND st_dwithin(st_transform(the_geom, 25833), '0101000020E9640000B061BAC689DF23412B398025100D5741'::geometry, '300'::double precision))
                           Rows Removed by Filter: 3180
   ->  Subquery Scan on "*SELECT* 1396"  (cost=165745.69..165745.70 rows=1 width=76) (actual time=0.720..0.721 rows=1 loops=1)
         ->  Limit  (cost=165745.69..165745.69 rows=1 width=84) (actual time=0.716..0.716 rows=1 loops=1)
               ->  Sort  (cost=165745.69..165745.69 rows=1 width=84) (actual time=0.714..0.714 rows=1 loops=1)
                     Sort Key: (st_distance(st_transform(s_1395.the_geom, 25833), '0101000020E964000096C9494F8BDF2341461C56EA0E0D5741'::geometry))
                     Sort Method: top-N heapsort  Memory: 25kB
                     ->  Seq Scan on phoml_trajectory_tmp s_1395  (cost=0.00..165745.68 rows=1 width=84) (actual time=0.032..0.641 rows=480 loops=1)
                           Filter: ((unix_time >= '1685451445.976'::double precision) AND (unix_time <= '1685451505.976'::double precision) AND st_dwithin(st_transform(the_geom, 25833), '0101000020E964000096C9494F8BDF2341461C56EA0E0D5741'::geometry, '300'::double precision))
                           Rows Removed by Filter: 3180
   ->  Subquery Scan on "*SELECT* 1397"  (cost=165745.69..165745.70 rows=1 width=76) (actual time=0.726..0.727 rows=1 loops=1)
         ->  Limit  (cost=165745.69..165745.69 rows=1 width=84) (actual time=0.722..0.723 rows=1 loops=1)
               ->  Sort  (cost=165745.69..165745.69 rows=1 width=84) (actual time=0.719..0.719 rows=1 loops=1)
                     Sort Key: (st_distance(st_transform(s_1396.the_geom, 25833), '0101000020E96400008D0797E78CDF2341D9D150AC0D0D5741'::geometry))
                     Sort Method: top-N heapsort  Memory: 25kB
                     ->  Seq Scan on phoml_trajectory_tmp s_1396  (cost=0.00..165745.68 rows=1 width=84) (actual time=0.033..0.644 rows=480 loops=1)
                           Filter: ((unix_time >= '1685451446.317'::double precision) AND (unix_time <= '1685451506.317'::double precision) AND st_dwithin(st_transform(the_geom, 25833), '0101000020E96400008D0797E78CDF2341D9D150AC0D0D5741'::geometry, '300'::double precision))
                           Rows Removed by Filter: 3180
   ->  Subquery Scan on "*SELECT* 1398"  (cost=165745.69..165745.70 rows=1 width=76) (actual time=0.731..0.732 rows=1 loops=1)
         ->  Limit  (cost=165745.69..165745.69 rows=1 width=84) (actual time=0.727..0.728 rows=1 loops=1)
               ->  Sort  (cost=165745.69..165745.69 rows=1 width=84) (actual time=0.725..0.725 rows=1 loops=1)
                     Sort Key: (st_distance(st_transform(s_1397.the_geom, 25833), '0101000020E9640000500221778EDF2341C74C797D0C0D5741'::geometry))
                     Sort Method: top-N heapsort  Memory: 25kB
                     ->  Seq Scan on phoml_trajectory_tmp s_1397  (cost=0.00..165745.68 rows=1 width=84) (actual time=0.039..0.650 rows=480 loops=1)
                           Filter: ((unix_time >= '1685451446.647'::double precision) AND (unix_time <= '1685451506.647'::double precision) AND st_dwithin(st_transform(the_geom, 25833), '0101000020E9640000500221778EDF2341C74C797D0C0D5741'::geometry, '300'::double precision))
                           Rows Removed by Filter: 3180
   ->  Subquery Scan on "*SELECT* 1399"  (cost=165745.69..165745.70 rows=1 width=76) (actual time=0.719..0.720 rows=1 loops=1)
         ->  Limit  (cost=165745.69..165745.69 rows=1 width=84) (actual time=0.717..0.717 rows=1 loops=1)
               ->  Sort  (cost=165745.69..165745.69 rows=1 width=84) (actual time=0.715..0.715 rows=1 loops=1)
                     Sort Key: (st_distance(st_transform(s_1398.the_geom, 25833), '0101000020E96400005FD6681090DF2341C90B09390B0D5741'::geometry))
                     Sort Method: top-N heapsort  Memory: 25kB
                     ->  Seq Scan on phoml_trajectory_tmp s_1398  (cost=0.00..165745.68 rows=1 width=84) (actual time=0.035..0.643 rows=480 loops=1)
                           Filter: ((unix_time >= '1685451446.997'::double precision) AND (unix_time <= '1685451506.997'::double precision) AND st_dwithin(st_transform(the_geom, 25833), '0101000020E96400005FD6681090DF2341C90B09390B0D5741'::geometry, '300'::double precision))
                           Rows Removed by Filter: 3180
   ->  Subquery Scan on "*SELECT* 1400"  (cost=165745.69..165745.70 rows=1 width=76) (actual time=0.727..0.728 rows=1 loops=1)
         ->  Limit  (cost=165745.69..165745.69 rows=1 width=84) (actual time=0.723..0.724 rows=1 loops=1)
               ->  Sort  (cost=165745.69..165745.69 rows=1 width=84) (actual time=0.721..0.722 rows=1 loops=1)
                     Sort Key: (st_distance(st_transform(s_1399.the_geom, 25833), '0101000020E964000062D8F2A491DF2341C419D2020A0D5741'::geometry))
                     Sort Method: top-N heapsort  Memory: 25kB
                     ->  Seq Scan on phoml_trajectory_tmp s_1399  (cost=0.00..165745.68 rows=1 width=84) (actual time=0.033..0.649 rows=480 loops=1)
                           Filter: ((unix_time >= '1685451447.331'::double precision) AND (unix_time <= '1685451507.331'::double precision) AND st_dwithin(st_transform(the_geom, 25833), '0101000020E964000062D8F2A491DF2341C419D2020A0D5741'::geometry, '300'::double precision))
                           Rows Removed by Filter: 3180
   ->  Subquery Scan on "*SELECT* 1401"  (cost=165745.69..165745.70 rows=1 width=76) (actual time=0.727..0.728 rows=1 loops=1)
         ->  Limit  (cost=165745.69..165745.69 rows=1 width=84) (actual time=0.723..0.724 rows=1 loops=1)
               ->  Sort  (cost=165745.69..165745.69 rows=1 width=84) (actual time=0.721..0.722 rows=1 loops=1)
                     Sort Key: (st_distance(st_transform(s_1400.the_geom, 25833), '0101000020E9640000AFEC7E4193DF2341F05C76CA080D5741'::geometry))
                     Sort Method: top-N heapsort  Memory: 25kB
                     ->  Seq Scan on phoml_trajectory_tmp s_1400  (cost=0.00..165745.68 rows=1 width=84) (actual time=0.035..0.648 rows=480 loops=1)
                           Filter: ((unix_time >= '1685451447.671'::double precision) AND (unix_time <= '1685451507.671'::double precision) AND st_dwithin(st_transform(the_geom, 25833), '0101000020E9640000AFEC7E4193DF2341F05C76CA080D5741'::geometry, '300'::double precision))
                           Rows Removed by Filter: 3180
   ->  Subquery Scan on "*SELECT* 1402"  (cost=165745.69..165745.70 rows=1 width=76) (actual time=0.742..0.743 rows=1 loops=1)
         ->  Limit  (cost=165745.69..165745.69 rows=1 width=84) (actual time=0.738..0.739 rows=1 loops=1)
               ->  Sort  (cost=165745.69..165745.69 rows=1 width=84) (actual time=0.736..0.736 rows=1 loops=1)
                     Sort Key: (st_distance(st_transform(s_1401.the_geom, 25833), '0101000020E9640000C730EBE194DF2341DF838D7F070D5741'::geometry))
                     Sort Method: top-N heapsort  Memory: 25kB
                     ->  Seq Scan on phoml_trajectory_tmp s_1401  (cost=0.00..165745.68 rows=1 width=84) (actual time=0.035..0.662 rows=480 loops=1)
                           Filter: ((unix_time >= '1685451448.021'::double precision) AND (unix_time <= '1685451508.021'::double precision) AND st_dwithin(st_transform(the_geom, 25833), '0101000020E9640000C730EBE194DF2341DF838D7F070D5741'::geometry, '300'::double precision))
                           Rows Removed by Filter: 3180
   ->  Subquery Scan on "*SELECT* 1403"  (cost=165745.69..165745.70 rows=1 width=76) (actual time=0.730..0.731 rows=1 loops=1)
         ->  Limit  (cost=165745.69..165745.69 rows=1 width=84) (actual time=0.727..0.728 rows=1 loops=1)
               ->  Sort  (cost=165745.69..165745.69 rows=1 width=84) (actual time=0.725..0.726 rows=1 loops=1)
                     Sort Key: (st_distance(st_transform(s_1402.the_geom, 25833), '0101000020E9640000CD98AD8A96DF2341064A3846060D5741'::geometry))
                     Sort Method: top-N heapsort  Memory: 25kB
                     ->  Seq Scan on phoml_trajectory_tmp s_1402  (cost=0.00..165745.68 rows=1 width=84) (actual time=0.036..0.648 rows=480 loops=1)
                           Filter: ((unix_time >= '1685451448.357'::double precision) AND (unix_time <= '1685451508.357'::double precision) AND st_dwithin(st_transform(the_geom, 25833), '0101000020E9640000CD98AD8A96DF2341064A3846060D5741'::geometry, '300'::double precision))
                           Rows Removed by Filter: 3180
   ->  Subquery Scan on "*SELECT* 1404"  (cost=165745.69..165745.70 rows=1 width=76) (actual time=0.715..0.716 rows=1 loops=1)
         ->  Limit  (cost=165745.69..165745.69 rows=1 width=84) (actual time=0.711..0.712 rows=1 loops=1)
               ->  Sort  (cost=165745.69..165745.69 rows=1 width=84) (actual time=0.709..0.709 rows=1 loops=1)
                     Sort Key: (st_distance(st_transform(s_1403.the_geom, 25833), '0101000020E964000074858E3198DF2341A7792D0D050D5741'::geometry))
                     Sort Method: top-N heapsort  Memory: 25kB
                     ->  Seq Scan on phoml_trajectory_tmp s_1403  (cost=0.00..165745.68 rows=1 width=84) (actual time=0.032..0.634 rows=480 loops=1)
                           Filter: ((unix_time >= '1685451448.697'::double precision) AND (unix_time <= '1685451508.697'::double precision) AND st_dwithin(st_transform(the_geom, 25833), '0101000020E964000074858E3198DF2341A7792D0D050D5741'::geometry, '300'::double precision))
                           Rows Removed by Filter: 3180
   ->  Subquery Scan on "*SELECT* 1405"  (cost=165745.69..165745.70 rows=1 width=76) (actual time=0.705..0.707 rows=1 loops=1)
         ->  Limit  (cost=165745.69..165745.69 rows=1 width=84) (actual time=0.704..0.704 rows=1 loops=1)
               ->  Sort  (cost=165745.69..165745.69 rows=1 width=84) (actual time=0.701..0.702 rows=1 loops=1)
                     Sort Key: (st_distance(st_transform(s_1404.the_geom, 25833), '0101000020E96400000D4700D199DF2341F39057D5030D5741'::geometry))
                     Sort Method: top-N heapsort  Memory: 25kB
                     ->  Seq Scan on phoml_trajectory_tmp s_1404  (cost=0.00..165745.68 rows=1 width=84) (actual time=0.036..0.629 rows=480 loops=1)
                           Filter: ((unix_time >= '1685451449.037'::double precision) AND (unix_time <= '1685451509.037'::double precision) AND st_dwithin(st_transform(the_geom, 25833), '0101000020E96400000D4700D199DF2341F39057D5030D5741'::geometry, '300'::double precision))
                           Rows Removed by Filter: 3180
   ->  Subquery Scan on "*SELECT* 1406"  (cost=165745.69..165745.70 rows=1 width=76) (actual time=0.723..0.725 rows=1 loops=1)
         ->  Limit  (cost=165745.69..165745.69 rows=1 width=84) (actual time=0.720..0.721 rows=1 loops=1)
               ->  Sort  (cost=165745.69..165745.69 rows=1 width=84) (actual time=0.718..0.719 rows=1 loops=1)
                     Sort Key: (st_distance(st_transform(s_1405.the_geom, 25833), '0101000020E96400005DD300659BDF234183654291020D5741'::geometry))
                     Sort Method: top-N heapsort  Memory: 25kB
                     ->  Seq Scan on phoml_trajectory_tmp s_1405  (cost=0.00..165745.68 rows=1 width=84) (actual time=0.034..0.646 rows=480 loops=1)
                           Filter: ((unix_time >= '1685451449.385'::double precision) AND (unix_time <= '1685451509.385'::double precision) AND st_dwithin(st_transform(the_geom, 25833), '0101000020E96400005DD300659BDF234183654291020D5741'::geometry, '300'::double precision))
                           Rows Removed by Filter: 3180
   ->  Subquery Scan on "*SELECT* 1407"  (cost=165745.69..165745.70 rows=1 width=76) (actual time=0.722..0.723 rows=1 loops=1)
         ->  Limit  (cost=165745.69..165745.69 rows=1 width=84) (actual time=0.718..0.719 rows=1 loops=1)
               ->  Sort  (cost=165745.69..165745.69 rows=1 width=84) (actual time=0.716..0.717 rows=1 loops=1)
                     Sort Key: (st_distance(st_transform(s_1406.the_geom, 25833), '0101000020E96400000377C8029DDF234102690E53010D5741'::geometry))
                     Sort Method: top-N heapsort  Memory: 25kB
                     ->  Seq Scan on phoml_trajectory_tmp s_1406  (cost=0.00..165745.68 rows=1 width=84) (actual time=0.033..0.644 rows=480 loops=1)
                           Filter: ((unix_time >= '1685451449.725'::double precision) AND (unix_time <= '1685451509.725'::double precision) AND st_dwithin(st_transform(the_geom, 25833), '0101000020E96400000377C8029DDF234102690E53010D5741'::geometry, '300'::double precision))
                           Rows Removed by Filter: 3180
   ->  Subquery Scan on "*SELECT* 1408"  (cost=165745.69..165745.70 rows=1 width=76) (actual time=0.717..0.718 rows=1 loops=1)
         ->  Limit  (cost=165745.69..165745.69 rows=1 width=84) (actual time=0.715..0.716 rows=1 loops=1)
               ->  Sort  (cost=165745.69..165745.69 rows=1 width=84) (actual time=0.713..0.714 rows=1 loops=1)
                     Sort Key: (st_distance(st_transform(s_1407.the_geom, 25833), '0101000020E9640000F7B62FA19EDF234169CCC31A000D5741'::geometry))
                     Sort Method: top-N heapsort  Memory: 25kB
                     ->  Seq Scan on phoml_trajectory_tmp s_1407  (cost=0.00..165745.68 rows=1 width=84) (actual time=0.036..0.640 rows=480 loops=1)
                           Filter: ((unix_time >= '1685451450.065'::double precision) AND (unix_time <= '1685451510.065'::double precision) AND st_dwithin(st_transform(the_geom, 25833), '0101000020E9640000F7B62FA19EDF234169CCC31A000D5741'::geometry, '300'::double precision))
                           Rows Removed by Filter: 3180
   ->  Subquery Scan on "*SELECT* 1409"  (cost=165745.69..165745.70 rows=1 width=76) (actual time=0.724..0.726 rows=1 loops=1)
         ->  Limit  (cost=165745.69..165745.69 rows=1 width=84) (actual time=0.722..0.723 rows=1 loops=1)
               ->  Sort  (cost=165745.69..165745.69 rows=1 width=84) (actual time=0.720..0.720 rows=1 loops=1)
                     Sort Key: (st_distance(st_transform(s_1408.the_geom, 25833), '0101000020E9640000CE4E2438A0DF23414535A2F1FE0C5741'::geometry))
                     Sort Method: top-N heapsort  Memory: 25kB
                     ->  Seq Scan on phoml_trajectory_tmp s_1408  (cost=0.00..165745.68 rows=1 width=84) (actual time=0.044..0.645 rows=480 loops=1)
                           Filter: ((unix_time >= '1685451450.389'::double precision) AND (unix_time <= '1685451510.389'::double precision) AND st_dwithin(st_transform(the_geom, 25833), '0101000020E9640000CE4E2438A0DF23414535A2F1FE0C5741'::geometry, '300'::double precision))
                           Rows Removed by Filter: 3180
   ->  Subquery Scan on "*SELECT* 1410"  (cost=165745.69..165745.70 rows=1 width=76) (actual time=0.730..0.732 rows=1 loops=1)
         ->  Limit  (cost=165745.69..165745.69 rows=1 width=84) (actual time=0.727..0.728 rows=1 loops=1)
               ->  Sort  (cost=165745.69..165745.69 rows=1 width=84) (actual time=0.724..0.725 rows=1 loops=1)
                     Sort Key: (st_distance(st_transform(s_1409.the_geom, 25833), '0101000020E9640000BC2FF5CAA1DF23417CE3A6B4FD0C5741'::geometry))
                     Sort Method: top-N heapsort  Memory: 25kB
                     ->  Seq Scan on phoml_trajectory_tmp s_1409  (cost=0.00..165745.68 rows=1 width=84) (actual time=0.037..0.645 rows=480 loops=1)
                           Filter: ((unix_time >= '1685451450.729'::double precision) AND (unix_time <= '1685451510.729'::double precision) AND st_dwithin(st_transform(the_geom, 25833), '0101000020E9640000BC2FF5CAA1DF23417CE3A6B4FD0C5741'::geometry, '300'::double precision))
                           Rows Removed by Filter: 3180
   ->  Subquery Scan on "*SELECT* 1411"  (cost=165745.69..165745.70 rows=1 width=76) (actual time=0.728..0.730 rows=1 loops=1)
         ->  Limit  (cost=165745.69..165745.69 rows=1 width=84) (actual time=0.724..0.726 rows=1 loops=1)
               ->  Sort  (cost=165745.69..165745.69 rows=1 width=84) (actual time=0.722..0.722 rows=1 loops=1)
                     Sort Key: (st_distance(st_transform(s_1410.the_geom, 25833), '0101000020E964000031BD837CA3DF2341A9BCBF65FC0C5741'::geometry))
                     Sort Method: top-N heapsort  Memory: 25kB
                     ->  Seq Scan on phoml_trajectory_tmp s_1410  (cost=0.00..165745.68 rows=1 width=84) (actual time=0.034..0.649 rows=480 loops=1)
                           Filter: ((unix_time >= '1685451451.089'::double precision) AND (unix_time <= '1685451511.089'::double precision) AND st_dwithin(st_transform(the_geom, 25833), '0101000020E964000031BD837CA3DF2341A9BCBF65FC0C5741'::geometry, '300'::double precision))
                           Rows Removed by Filter: 3180
   ->  Subquery Scan on "*SELECT* 1412"  (cost=165745.69..165745.70 rows=1 width=76) (actual time=0.719..0.720 rows=1 loops=1)
         ->  Limit  (cost=165745.69..165745.69 rows=1 width=84) (actual time=0.717..0.717 rows=1 loops=1)
               ->  Sort  (cost=165745.69..165745.69 rows=1 width=84) (actual time=0.715..0.715 rows=1 loops=1)
                     Sort Key: (st_distance(st_transform(s_1411.the_geom, 25833), '0101000020E96400008FBF38EEA4DF23414CD00636FB0C5741'::geometry))
                     Sort Method: top-N heapsort  Memory: 25kB
                     ->  Seq Scan on phoml_trajectory_tmp s_1411  (cost=0.00..165745.68 rows=1 width=84) (actual time=0.039..0.640 rows=480 loops=1)
                           Filter: ((unix_time >= '1685451451.415'::double precision) AND (unix_time <= '1685451511.415'::double precision) AND st_dwithin(st_transform(the_geom, 25833), '0101000020E96400008FBF38EEA4DF23414CD00636FB0C5741'::geometry, '300'::double precision))
                           Rows Removed by Filter: 3180
   ->  Subquery Scan on "*SELECT* 1413"  (cost=165745.69..165745.70 rows=1 width=76) (actual time=0.730..0.731 rows=1 loops=1)
         ->  Limit  (cost=165745.69..165745.69 rows=1 width=84) (actual time=0.726..0.727 rows=1 loops=1)
               ->  Sort  (cost=165745.69..165745.69 rows=1 width=84) (actual time=0.725..0.725 rows=1 loops=1)
                     Sort Key: (st_distance(st_transform(s_1412.the_geom, 25833), '0101000020E9640000DF8FDD99A6DF234107096AF5F90C5741'::geometry))
                     Sort Method: top-N heapsort  Memory: 25kB
                     ->  Seq Scan on phoml_trajectory_tmp s_1412  (cost=0.00..165745.68 rows=1 width=84) (actual time=0.036..0.653 rows=480 loops=1)
                           Filter: ((unix_time >= '1685451451.755'::double precision) AND (unix_time <= '1685451511.755'::double precision) AND st_dwithin(st_transform(the_geom, 25833), '0101000020E9640000DF8FDD99A6DF234107096AF5F90C5741'::geometry, '300'::double precision))
                           Rows Removed by Filter: 3180
   ->  Subquery Scan on "*SELECT* 1414"  (cost=165745.69..165745.70 rows=1 width=76) (actual time=0.725..0.726 rows=1 loops=1)
         ->  Limit  (cost=165745.69..165745.69 rows=1 width=84) (actual time=0.722..0.723 rows=1 loops=1)
               ->  Sort  (cost=165745.69..165745.69 rows=1 width=84) (actual time=0.719..0.720 rows=1 loops=1)
                     Sort Key: (st_distance(st_transform(s_1413.the_geom, 25833), '0101000020E9640000320F8B3AA8DF2341CB3E18C4F80C5741'::geometry))
                     Sort Method: top-N heapsort  Memory: 25kB
                     ->  Seq Scan on phoml_trajectory_tmp s_1413  (cost=0.00..165745.68 rows=1 width=84) (actual time=0.035..0.640 rows=480 loops=1)
                           Filter: ((unix_time >= '1685451452.085'::double precision) AND (unix_time <= '1685451512.085'::double precision) AND st_dwithin(st_transform(the_geom, 25833), '0101000020E9640000320F8B3AA8DF2341CB3E18C4F80C5741'::geometry, '300'::double precision))
                           Rows Removed by Filter: 3180
   ->  Subquery Scan on "*SELECT* 1415"  (cost=165745.69..165745.70 rows=1 width=76) (actual time=0.732..0.733 rows=1 loops=1)
         ->  Limit  (cost=165745.69..165745.69 rows=1 width=84) (actual time=0.728..0.729 rows=1 loops=1)
               ->  Sort  (cost=165745.69..165745.69 rows=1 width=84) (actual time=0.726..0.727 rows=1 loops=1)
                     Sort Key: (st_distance(st_transform(s_1414.the_geom, 25833), '0101000020E9640000DDCA79E2A9DF234168725C76F70C5741'::geometry))
                     Sort Method: top-N heapsort  Memory: 25kB
                     ->  Seq Scan on phoml_trajectory_tmp s_1414  (cost=0.00..165745.68 rows=1 width=84) (actual time=0.036..0.652 rows=480 loops=1)
                           Filter: ((unix_time >= '1685451452.439'::double precision) AND (unix_time <= '1685451512.439'::double precision) AND st_dwithin(st_transform(the_geom, 25833), '0101000020E9640000DDCA79E2A9DF234168725C76F70C5741'::geometry, '300'::double precision))
                           Rows Removed by Filter: 3180
   ->  Subquery Scan on "*SELECT* 1416"  (cost=165745.69..165745.70 rows=1 width=76) (actual time=0.733..0.734 rows=1 loops=1)
         ->  Limit  (cost=165745.69..165745.69 rows=1 width=84) (actual time=0.730..0.731 rows=1 loops=1)
               ->  Sort  (cost=165745.69..165745.69 rows=1 width=84) (actual time=0.727..0.728 rows=1 loops=1)
                     Sort Key: (st_distance(st_transform(s_1415.the_geom, 25833), '0101000020E9640000D2F9358CABDF23414D231836F60C5741'::geometry))
                     Sort Method: top-N heapsort  Memory: 25kB
                     ->  Seq Scan on phoml_trajectory_tmp s_1415  (cost=0.00..165745.68 rows=1 width=84) (actual time=0.034..0.653 rows=480 loops=1)
                           Filter: ((unix_time >= '1685451452.779'::double precision) AND (unix_time <= '1685451512.779'::double precision) AND st_dwithin(st_transform(the_geom, 25833), '0101000020E9640000D2F9358CABDF23414D231836F60C5741'::geometry, '300'::double precision))
                           Rows Removed by Filter: 3180
   ->  Subquery Scan on "*SELECT* 1417"  (cost=165745.69..165745.70 rows=1 width=76) (actual time=0.747..0.748 rows=1 loops=1)
         ->  Limit  (cost=165745.69..165745.69 rows=1 width=84) (actual time=0.743..0.744 rows=1 loops=1)
               ->  Sort  (cost=165745.69..165745.69 rows=1 width=84) (actual time=0.741..0.741 rows=1 loops=1)
                     Sort Key: (st_distance(st_transform(s_1416.the_geom, 25833), '0101000020E9640000B493902BADDF23416C9CE104F50C5741'::geometry))
                     Sort Method: top-N heapsort  Memory: 25kB
                     ->  Seq Scan on phoml_trajectory_tmp s_1416  (cost=0.00..165745.68 rows=1 width=84) (actual time=0.037..0.668 rows=480 loops=1)
                           Filter: ((unix_time >= '1685451453.109'::double precision) AND (unix_time <= '1685451513.109'::double precision) AND st_dwithin(st_transform(the_geom, 25833), '0101000020E9640000B493902BADDF23416C9CE104F50C5741'::geometry, '300'::double precision))
                           Rows Removed by Filter: 3180
   ->  Subquery Scan on "*SELECT* 1418"  (cost=165745.69..165745.70 rows=1 width=76) (actual time=0.721..0.722 rows=1 loops=1)
         ->  Limit  (cost=165745.69..165745.69 rows=1 width=84) (actual time=0.718..0.719 rows=1 loops=1)
               ->  Sort  (cost=165745.69..165745.69 rows=1 width=84) (actual time=0.715..0.716 rows=1 loops=1)
                     Sort Key: (st_distance(st_transform(s_1417.the_geom, 25833), '0101000020E9640000685596D2AEDF23416F00A6D2F30C5741'::geometry))
                     Sort Method: top-N heapsort  Memory: 25kB
                     ->  Seq Scan on phoml_trajectory_tmp s_1417  (cost=0.00..165745.68 rows=1 width=84) (actual time=0.038..0.643 rows=480 loops=1)
                           Filter: ((unix_time >= '1685451453.436'::double precision) AND (unix_time <= '1685451513.436'::double precision) AND st_dwithin(st_transform(the_geom, 25833), '0101000020E9640000685596D2AEDF23416F00A6D2F30C5741'::geometry, '300'::double precision))
                           Rows Removed by Filter: 3180
   ->  Subquery Scan on "*SELECT* 1419"  (cost=165745.69..165745.70 rows=1 width=76) (actual time=0.722..0.723 rows=1 loops=1)
         ->  Limit  (cost=165745.69..165745.69 rows=1 width=84) (actual time=0.719..0.719 rows=1 loops=1)
               ->  Sort  (cost=165745.69..165745.69 rows=1 width=84) (actual time=0.717..0.717 rows=1 loops=1)
                     Sort Key: (st_distance(st_transform(s_1418.the_geom, 25833), '0101000020E9640000ACA42977B0DF2341B8351C93F20C5741'::geometry))
                     Sort Method: top-N heapsort  Memory: 25kB
                     ->  Seq Scan on phoml_trajectory_tmp s_1418  (cost=0.00..165745.68 rows=1 width=84) (actual time=0.034..0.638 rows=480 loops=1)
                           Filter: ((unix_time >= '1685451453.776'::double precision) AND (unix_time <= '1685451513.776'::double precision) AND st_dwithin(st_transform(the_geom, 25833), '0101000020E9640000ACA42977B0DF2341B8351C93F20C5741'::geometry, '300'::double precision))
                           Rows Removed by Filter: 3180
   ->  Subquery Scan on "*SELECT* 1420"  (cost=165745.69..165745.70 rows=1 width=76) (actual time=0.729..0.730 rows=1 loops=1)
         ->  Limit  (cost=165745.69..165745.69 rows=1 width=84) (actual time=0.725..0.726 rows=1 loops=1)
               ->  Sort  (cost=165745.69..165745.69 rows=1 width=84) (actual time=0.723..0.723 rows=1 loops=1)
                     Sort Key: (st_distance(st_transform(s_1419.the_geom, 25833), '0101000020E96400002C7FC821B2DF23410B2EC64BF10C5741'::geometry))
                     Sort Method: top-N heapsort  Memory: 25kB
                     ->  Seq Scan on phoml_trajectory_tmp s_1419  (cost=0.00..165745.68 rows=1 width=84) (actual time=0.035..0.649 rows=480 loops=1)
                           Filter: ((unix_time >= '1685451454.126'::double precision) AND (unix_time <= '1685451514.126'::double precision) AND st_dwithin(st_transform(the_geom, 25833), '0101000020E96400002C7FC821B2DF23410B2EC64BF10C5741'::geometry, '300'::double precision))
                           Rows Removed by Filter: 3180
   ->  Subquery Scan on "*SELECT* 1421"  (cost=165745.69..165745.70 rows=1 width=76) (actual time=0.743..0.744 rows=1 loops=1)
         ->  Limit  (cost=165745.69..165745.69 rows=1 width=84) (actual time=0.740..0.740 rows=1 loops=1)
               ->  Sort  (cost=165745.69..165745.69 rows=1 width=84) (actual time=0.737..0.738 rows=1 loops=1)
                     Sort Key: (st_distance(st_transform(s_1420.the_geom, 25833), '0101000020E964000075965DF7B3DF23410B5F0D0AF00C5741'::geometry))
                     Sort Method: top-N heapsort  Memory: 25kB
                     ->  Seq Scan on phoml_trajectory_tmp s_1420  (cost=0.00..165745.68 rows=1 width=84) (actual time=0.040..0.661 rows=480 loops=1)
                           Filter: ((unix_time >= '1685451454.462'::double precision) AND (unix_time <= '1685451514.462'::double precision) AND st_dwithin(st_transform(the_geom, 25833), '0101000020E964000075965DF7B3DF23410B5F0D0AF00C5741'::geometry, '300'::double precision))
                           Rows Removed by Filter: 3180
   ->  Subquery Scan on "*SELECT* 1422"  (cost=165745.69..165745.70 rows=1 width=76) (actual time=0.722..0.723 rows=1 loops=1)
         ->  Limit  (cost=165745.69..165745.69 rows=1 width=84) (actual time=0.720..0.720 rows=1 loops=1)
               ->  Sort  (cost=165745.69..165745.69 rows=1 width=84) (actual time=0.718..0.718 rows=1 loops=1)
                     Sort Key: (st_distance(st_transform(s_1421.the_geom, 25833), '0101000020E9640000A6322898B5DF2341C92EE1D1EE0C5741'::geometry))
                     Sort Method: top-N heapsort  Memory: 25kB
                     ->  Seq Scan on phoml_trajectory_tmp s_1421  (cost=0.00..165745.68 rows=1 width=84) (actual time=0.037..0.643 rows=480 loops=1)
                           Filter: ((unix_time >= '1685451454.792'::double precision) AND (unix_time <= '1685451514.792'::double precision) AND st_dwithin(st_transform(the_geom, 25833), '0101000020E9640000A6322898B5DF2341C92EE1D1EE0C5741'::geometry, '300'::double precision))
                           Rows Removed by Filter: 3180
   ->  Subquery Scan on "*SELECT* 1423"  (cost=165745.69..165745.70 rows=1 width=76) (actual time=0.726..0.727 rows=1 loops=1)
         ->  Limit  (cost=165745.69..165745.69 rows=1 width=84) (actual time=0.723..0.724 rows=1 loops=1)
               ->  Sort  (cost=165745.69..165745.69 rows=1 width=84) (actual time=0.721..0.721 rows=1 loops=1)
                     Sort Key: (st_distance(st_transform(s_1422.the_geom, 25833), '0101000020E9640000D26B4A4FB7DF23414E890F90ED0C5741'::geometry))
                     Sort Method: top-N heapsort  Memory: 25kB
                     ->  Seq Scan on phoml_trajectory_tmp s_1422  (cost=0.00..165745.68 rows=1 width=84) (actual time=0.035..0.649 rows=480 loops=1)
                           Filter: ((unix_time >= '1685451455.132'::double precision) AND (unix_time <= '1685451515.132'::double precision) AND st_dwithin(st_transform(the_geom, 25833), '0101000020E9640000D26B4A4FB7DF23414E890F90ED0C5741'::geometry, '300'::double precision))
                           Rows Removed by Filter: 3180
   ->  Subquery Scan on "*SELECT* 1424"  (cost=165745.69..165745.70 rows=1 width=76) (actual time=0.731..0.732 rows=1 loops=1)
         ->  Limit  (cost=165745.69..165745.69 rows=1 width=84) (actual time=0.728..0.729 rows=1 loops=1)
               ->  Sort  (cost=165745.69..165745.69 rows=1 width=84) (actual time=0.726..0.726 rows=1 loops=1)
                     Sort Key: (st_distance(st_transform(s_1423.the_geom, 25833), '0101000020E9640000E970E515B9DF23411F6EAE50EC0C5741'::geometry))
                     Sort Method: top-N heapsort  Memory: 25kB
                     ->  Seq Scan on phoml_trajectory_tmp s_1423  (cost=0.00..165745.68 rows=1 width=84) (actual time=0.034..0.652 rows=480 loops=1)
                           Filter: ((unix_time >= '1685451455.469'::double precision) AND (unix_time <= '1685451515.469'::double precision) AND st_dwithin(st_transform(the_geom, 25833), '0101000020E9640000E970E515B9DF23411F6EAE50EC0C5741'::geometry, '300'::double precision))
                           Rows Removed by Filter: 3180
   ->  Subquery Scan on "*SELECT* 1425"  (cost=165745.69..165745.70 rows=1 width=76) (actual time=0.735..0.736 rows=1 loops=1)
         ->  Limit  (cost=165745.69..165745.69 rows=1 width=84) (actual time=0.731..0.732 rows=1 loops=1)
               ->  Sort  (cost=165745.69..165745.69 rows=1 width=84) (actual time=0.729..0.729 rows=1 loops=1)
                     Sort Key: (st_distance(st_transform(s_1424.the_geom, 25833), '0101000020E964000063C753BFBADF2341C9215E25EB0C5741'::geometry))
                     Sort Method: top-N heapsort  Memory: 25kB
                     ->  Seq Scan on phoml_trajectory_tmp s_1424  (cost=0.00..165745.68 rows=1 width=84) (actual time=0.038..0.657 rows=480 loops=1)
                           Filter: ((unix_time >= '1685451455.789'::double precision) AND (unix_time <= '1685451515.789'::double precision) AND st_dwithin(st_transform(the_geom, 25833), '0101000020E964000063C753BFBADF2341C9215E25EB0C5741'::geometry, '300'::double precision))
                           Rows Removed by Filter: 3180
   ->  Subquery Scan on "*SELECT* 1426"  (cost=165745.69..165745.70 rows=1 width=76) (actual time=0.709..0.710 rows=1 loops=1)
         ->  Limit  (cost=165745.69..165745.69 rows=1 width=84) (actual time=0.708..0.708 rows=1 loops=1)
               ->  Sort  (cost=165745.69..165745.69 rows=1 width=84) (actual time=0.706..0.706 rows=1 loops=1)
                     Sort Key: (st_distance(st_transform(s_1425.the_geom, 25833), '0101000020E96400005AB3E752BCDF23417351CBE0E90C5741'::geometry))
                     Sort Method: top-N heapsort  Memory: 25kB
                     ->  Seq Scan on phoml_trajectory_tmp s_1425  (cost=0.00..165745.68 rows=1 width=84) (actual time=0.037..0.634 rows=480 loops=1)
                           Filter: ((unix_time >= '1685451456.129'::double precision) AND (unix_time <= '1685451516.129'::double precision) AND st_dwithin(st_transform(the_geom, 25833), '0101000020E96400005AB3E752BCDF23417351CBE0E90C5741'::geometry, '300'::double precision))
                           Rows Removed by Filter: 3180
   ->  Subquery Scan on "*SELECT* 1427"  (cost=165745.69..165745.70 rows=1 width=76) (actual time=0.727..0.728 rows=1 loops=1)
         ->  Limit  (cost=165745.69..165745.69 rows=1 width=84) (actual time=0.724..0.725 rows=1 loops=1)
               ->  Sort  (cost=165745.69..165745.69 rows=1 width=84) (actual time=0.722..0.722 rows=1 loops=1)
                     Sort Key: (st_distance(st_transform(s_1426.the_geom, 25833), '0101000020E9640000ACFD1002BEDF2341CAD254A4E80C5741'::geometry))
                     Sort Method: top-N heapsort  Memory: 25kB
                     ->  Seq Scan on phoml_trajectory_tmp s_1426  (cost=0.00..165745.68 rows=1 width=84) (actual time=0.036..0.651 rows=480 loops=1)
                           Filter: ((unix_time >= '1685451456.462'::double precision) AND (unix_time <= '1685451516.462'::double precision) AND st_dwithin(st_transform(the_geom, 25833), '0101000020E9640000ACFD1002BEDF2341CAD254A4E80C5741'::geometry, '300'::double precision))
                           Rows Removed by Filter: 3180
   ->  Subquery Scan on "*SELECT* 1428"  (cost=165745.69..165745.70 rows=1 width=76) (actual time=0.730..0.731 rows=1 loops=1)
         ->  Limit  (cost=165745.69..165745.69 rows=1 width=84) (actual time=0.726..0.727 rows=1 loops=1)
               ->  Sort  (cost=165745.69..165745.69 rows=1 width=84) (actual time=0.724..0.725 rows=1 loops=1)
                     Sort Key: (st_distance(st_transform(s_1427.the_geom, 25833), '0101000020E964000021C2BE8EBFDF234144DA3E6FE70C5741'::geometry))
                     Sort Method: top-N heapsort  Memory: 25kB
                     ->  Seq Scan on phoml_trajectory_tmp s_1427  (cost=0.00..165745.68 rows=1 width=84) (actual time=0.037..0.652 rows=480 loops=1)
                           Filter: ((unix_time >= '1685451456.792'::double precision) AND (unix_time <= '1685451516.792'::double precision) AND st_dwithin(st_transform(the_geom, 25833), '0101000020E964000021C2BE8EBFDF234144DA3E6FE70C5741'::geometry, '300'::double precision))
                           Rows Removed by Filter: 3180
   ->  Subquery Scan on "*SELECT* 1429"  (cost=165745.69..165745.70 rows=1 width=76) (actual time=0.743..0.745 rows=1 loops=1)
         ->  Limit  (cost=165745.69..165745.69 rows=1 width=84) (actual time=0.740..0.741 rows=1 loops=1)
               ->  Sort  (cost=165745.69..165745.69 rows=1 width=84) (actual time=0.736..0.736 rows=1 loops=1)
                     Sort Key: (st_distance(st_transform(s_1428.the_geom, 25833), '0101000020E96400008801711BC1DF23414BC32033E60C5741'::geometry))
                     Sort Method: top-N heapsort  Memory: 25kB
                     ->  Seq Scan on phoml_trajectory_tmp s_1428  (cost=0.00..165745.68 rows=1 width=84) (actual time=0.037..0.662 rows=480 loops=1)
                           Filter: ((unix_time >= '1685451457.132'::double precision) AND (unix_time <= '1685451517.132'::double precision) AND st_dwithin(st_transform(the_geom, 25833), '0101000020E96400008801711BC1DF23414BC32033E60C5741'::geometry, '300'::double precision))
                           Rows Removed by Filter: 3180
   ->  Subquery Scan on "*SELECT* 1430"  (cost=165745.69..165745.70 rows=1 width=76) (actual time=0.755..0.756 rows=1 loops=1)
         ->  Limit  (cost=165745.69..165745.69 rows=1 width=84) (actual time=0.751..0.752 rows=1 loops=1)
               ->  Sort  (cost=165745.69..165745.69 rows=1 width=84) (actual time=0.748..0.749 rows=1 loops=1)
                     Sort Key: (st_distance(st_transform(s_1429.the_geom, 25833), '0101000020E964000052767AB0C2DF23410E0084F5E40C5741'::geometry))
                     Sort Method: top-N heapsort  Memory: 25kB
                     ->  Seq Scan on phoml_trajectory_tmp s_1429  (cost=0.00..165745.68 rows=1 width=84) (actual time=0.037..0.674 rows=480 loops=1)
                           Filter: ((unix_time >= '1685451457.46'::double precision) AND (unix_time <= '1685451517.46'::double precision) AND st_dwithin(st_transform(the_geom, 25833), '0101000020E964000052767AB0C2DF23410E0084F5E40C5741'::geometry, '300'::double precision))
                           Rows Removed by Filter: 3180
   ->  Subquery Scan on "*SELECT* 1431"  (cost=165745.69..165745.70 rows=1 width=76) (actual time=0.729..0.730 rows=1 loops=1)
         ->  Limit  (cost=165745.69..165745.69 rows=1 width=84) (actual time=0.726..0.727 rows=1 loops=1)
               ->  Sort  (cost=165745.69..165745.69 rows=1 width=84) (actual time=0.724..0.724 rows=1 loops=1)
                     Sort Key: (st_distance(st_transform(s_1430.the_geom, 25833), '0101000020E9640000C458323EC4DF2341E7CFD9C6E30C5741'::geometry))
                     Sort Method: top-N heapsort  Memory: 25kB
                     ->  Seq Scan on phoml_trajectory_tmp s_1430  (cost=0.00..165745.68 rows=1 width=84) (actual time=0.035..0.648 rows=480 loops=1)
                           Filter: ((unix_time >= '1685451457.78'::double precision) AND (unix_time <= '1685451517.78'::double precision) AND st_dwithin(st_transform(the_geom, 25833), '0101000020E9640000C458323EC4DF2341E7CFD9C6E30C5741'::geometry, '300'::double precision))
                           Rows Removed by Filter: 3180
   ->  Subquery Scan on "*SELECT* 1432"  (cost=165745.69..165745.70 rows=1 width=76) (actual time=0.721..0.723 rows=1 loops=1)
         ->  Limit  (cost=165745.69..165745.69 rows=1 width=84) (actual time=0.719..0.719 rows=1 loops=1)
               ->  Sort  (cost=165745.69..165745.69 rows=1 width=84) (actual time=0.716..0.716 rows=1 loops=1)
                     Sort Key: (st_distance(st_transform(s_1431.the_geom, 25833), '0101000020E9640000BF85EBE8C5DF2341BBB78C7FE20C5741'::geometry))
                     Sort Method: top-N heapsort  Memory: 25kB
                     ->  Seq Scan on phoml_trajectory_tmp s_1431  (cost=0.00..165745.68 rows=1 width=84) (actual time=0.038..0.644 rows=480 loops=1)
                           Filter: ((unix_time >= '1685451458.12'::double precision) AND (unix_time <= '1685451518.12'::double precision) AND st_dwithin(st_transform(the_geom, 25833), '0101000020E9640000BF85EBE8C5DF2341BBB78C7FE20C5741'::geometry, '300'::double precision))
                           Rows Removed by Filter: 3180
   ->  Subquery Scan on "*SELECT* 1433"  (cost=165745.69..165745.70 rows=1 width=76) (actual time=0.743..0.744 rows=1 loops=1)
         ->  Limit  (cost=165745.69..165745.69 rows=1 width=84) (actual time=0.739..0.740 rows=1 loops=1)
               ->  Sort  (cost=165745.69..165745.69 rows=1 width=84) (actual time=0.737..0.737 rows=1 loops=1)
                     Sort Key: (st_distance(st_transform(s_1432.the_geom, 25833), '0101000020E96400001DFC458CC7DF23412B0ED54DE10C5741'::geometry))
                     Sort Method: top-N heapsort  Memory: 25kB
                     ->  Seq Scan on phoml_trajectory_tmp s_1432  (cost=0.00..165745.68 rows=1 width=84) (actual time=0.037..0.666 rows=480 loops=1)
                           Filter: ((unix_time >= '1685451458.445'::double precision) AND (unix_time <= '1685451518.445'::double precision) AND st_dwithin(st_transform(the_geom, 25833), '0101000020E96400001DFC458CC7DF23412B0ED54DE10C5741'::geometry, '300'::double precision))
                           Rows Removed by Filter: 3180
   ->  Subquery Scan on "*SELECT* 1434"  (cost=165745.69..165745.70 rows=1 width=76) (actual time=0.729..0.730 rows=1 loops=1)
         ->  Limit  (cost=165745.69..165745.69 rows=1 width=84) (actual time=0.725..0.726 rows=1 loops=1)
               ->  Sort  (cost=165745.69..165745.69 rows=1 width=84) (actual time=0.723..0.724 rows=1 loops=1)
                     Sort Key: (st_distance(st_transform(s_1433.the_geom, 25833), '0101000020E9640000D4423D32C9DF2341A0041D0EE00C5741'::geometry))
                     Sort Method: top-N heapsort  Memory: 25kB
                     ->  Seq Scan on phoml_trajectory_tmp s_1433  (cost=0.00..165745.68 rows=1 width=84) (actual time=0.037..0.645 rows=480 loops=1)
                           Filter: ((unix_time >= '1685451458.775'::double precision) AND (unix_time <= '1685451518.775'::double precision) AND st_dwithin(st_transform(the_geom, 25833), '0101000020E9640000D4423D32C9DF2341A0041D0EE00C5741'::geometry, '300'::double precision))
                           Rows Removed by Filter: 3180
   ->  Subquery Scan on "*SELECT* 1435"  (cost=165745.69..165745.70 rows=1 width=76) (actual time=0.735..0.736 rows=1 loops=1)
         ->  Limit  (cost=165745.69..165745.69 rows=1 width=84) (actual time=0.732..0.733 rows=1 loops=1)
               ->  Sort  (cost=165745.69..165745.69 rows=1 width=84) (actual time=0.729..0.730 rows=1 loops=1)
                     Sort Key: (st_distance(st_transform(s_1434.the_geom, 25833), '0101000020E96400005F8F5200CBDF2341167CAECDDE0C5741'::geometry))
                     Sort Method: top-N heapsort  Memory: 25kB
                     ->  Seq Scan on phoml_trajectory_tmp s_1434  (cost=0.00..165745.68 rows=1 width=84) (actual time=0.038..0.655 rows=480 loops=1)
                           Filter: ((unix_time >= '1685451459.115'::double precision) AND (unix_time <= '1685451519.115'::double precision) AND st_dwithin(st_transform(the_geom, 25833), '0101000020E96400005F8F5200CBDF2341167CAECDDE0C5741'::geometry, '300'::double precision))
                           Rows Removed by Filter: 3180
   ->  Subquery Scan on "*SELECT* 1436"  (cost=165745.69..165745.70 rows=1 width=76) (actual time=0.718..0.719 rows=1 loops=1)
         ->  Limit  (cost=165745.69..165745.69 rows=1 width=84) (actual time=0.716..0.717 rows=1 loops=1)
               ->  Sort  (cost=165745.69..165745.69 rows=1 width=84) (actual time=0.714..0.715 rows=1 loops=1)
                     Sort Key: (st_distance(st_transform(s_1435.the_geom, 25833), '0101000020E9640000B4C1D7A4CCDF2341E3DB148EDD0C5741'::geometry))
                     Sort Method: top-N heapsort  Memory: 25kB
                     ->  Seq Scan on phoml_trajectory_tmp s_1435  (cost=0.00..165745.68 rows=1 width=84) (actual time=0.037..0.640 rows=480 loops=1)
                           Filter: ((unix_time >= '1685451459.449'::double precision) AND (unix_time <= '1685451519.449'::double precision) AND st_dwithin(st_transform(the_geom, 25833), '0101000020E9640000B4C1D7A4CCDF2341E3DB148EDD0C5741'::geometry, '300'::double precision))
                           Rows Removed by Filter: 3180
   ->  Subquery Scan on "*SELECT* 1437"  (cost=165745.69..165745.70 rows=1 width=76) (actual time=0.726..0.727 rows=1 loops=1)
         ->  Limit  (cost=165745.69..165745.69 rows=1 width=84) (actual time=0.723..0.724 rows=1 loops=1)
               ->  Sort  (cost=165745.69..165745.69 rows=1 width=84) (actual time=0.721..0.721 rows=1 loops=1)
                     Sort Key: (st_distance(st_transform(s_1436.the_geom, 25833), '0101000020E964000055B97544CEDF234152D50956DC0C5741'::geometry))
                     Sort Method: top-N heapsort  Memory: 25kB
                     ->  Seq Scan on phoml_trajectory_tmp s_1436  (cost=0.00..165745.68 rows=1 width=84) (actual time=0.035..0.648 rows=480 loops=1)
                           Filter: ((unix_time >= '1685451459.779'::double precision) AND (unix_time <= '1685451519.779'::double precision) AND st_dwithin(st_transform(the_geom, 25833), '0101000020E964000055B97544CEDF234152D50956DC0C5741'::geometry, '300'::double precision))
                           Rows Removed by Filter: 3180
   ->  Subquery Scan on "*SELECT* 1438"  (cost=165745.69..165745.70 rows=1 width=76) (actual time=0.744..0.745 rows=1 loops=1)
         ->  Limit  (cost=165745.69..165745.69 rows=1 width=84) (actual time=0.740..0.740 rows=1 loops=1)
               ->  Sort  (cost=165745.69..165745.69 rows=1 width=84) (actual time=0.738..0.738 rows=1 loops=1)
                     Sort Key: (st_distance(st_transform(s_1437.the_geom, 25833), '0101000020E9640000CF3706D9CFDF234167EBB218DB0C5741'::geometry))
                     Sort Method: top-N heapsort  Memory: 25kB
                     ->  Seq Scan on phoml_trajectory_tmp s_1437  (cost=0.00..165745.68 rows=1 width=84) (actual time=0.041..0.665 rows=480 loops=1)
                           Filter: ((unix_time >= '1685451460.119'::double precision) AND (unix_time <= '1685451520.119'::double precision) AND st_dwithin(st_transform(the_geom, 25833), '0101000020E9640000CF3706D9CFDF234167EBB218DB0C5741'::geometry, '300'::double precision))
                           Rows Removed by Filter: 3180
   ->  Subquery Scan on "*SELECT* 1439"  (cost=165745.69..165745.70 rows=1 width=76) (actual time=0.731..0.732 rows=1 loops=1)
         ->  Limit  (cost=165745.69..165745.69 rows=1 width=84) (actual time=0.727..0.728 rows=1 loops=1)
               ->  Sort  (cost=165745.69..165745.69 rows=1 width=84) (actual time=0.725..0.725 rows=1 loops=1)
                     Sort Key: (st_distance(st_transform(s_1438.the_geom, 25833), '0101000020E96400005BD6706ED1DF2341861034DBD90C5741'::geometry))
                     Sort Method: top-N heapsort  Memory: 25kB
                     ->  Seq Scan on phoml_trajectory_tmp s_1438  (cost=0.00..165745.68 rows=1 width=84) (actual time=0.035..0.647 rows=480 loops=1)
                           Filter: ((unix_time >= '1685451460.454'::double precision) AND (unix_time <= '1685451520.454'::double precision) AND st_dwithin(st_transform(the_geom, 25833), '0101000020E96400005BD6706ED1DF2341861034DBD90C5741'::geometry, '300'::double precision))
                           Rows Removed by Filter: 3180
   ->  Subquery Scan on "*SELECT* 1440"  (cost=165745.69..165745.70 rows=1 width=76) (actual time=0.723..0.724 rows=1 loops=1)
         ->  Limit  (cost=165745.69..165745.69 rows=1 width=84) (actual time=0.721..0.722 rows=1 loops=1)
               ->  Sort  (cost=165745.69..165745.69 rows=1 width=84) (actual time=0.719..0.719 rows=1 loops=1)
                     Sort Key: (st_distance(st_transform(s_1439.the_geom, 25833), '0101000020E964000052C243E7D2DF2341D56CD6A8D80C5741'::geometry))
                     Sort Method: top-N heapsort  Memory: 25kB
                     ->  Seq Scan on phoml_trajectory_tmp s_1439  (cost=0.00..165745.68 rows=1 width=84) (actual time=0.036..0.646 rows=480 loops=1)
                           Filter: ((unix_time >= '1685451460.784'::double precision) AND (unix_time <= '1685451520.784'::double precision) AND st_dwithin(st_transform(the_geom, 25833), '0101000020E964000052C243E7D2DF2341D56CD6A8D80C5741'::geometry, '300'::double precision))
                           Rows Removed by Filter: 3180
   ->  Subquery Scan on "*SELECT* 1441"  (cost=165745.69..165745.70 rows=1 width=76) (actual time=0.725..0.726 rows=1 loops=1)
         ->  Limit  (cost=165745.69..165745.69 rows=1 width=84) (actual time=0.721..0.722 rows=1 loops=1)
               ->  Sort  (cost=165745.69..165745.69 rows=1 width=84) (actual time=0.720..0.720 rows=1 loops=1)
                     Sort Key: (st_distance(st_transform(s_1440.the_geom, 25833), '0101000020E9640000F1AFF777D4DF23417FF0746CD70C5741'::geometry))
                     Sort Method: top-N heapsort  Memory: 25kB
                     ->  Seq Scan on phoml_trajectory_tmp s_1440  (cost=0.00..165745.68 rows=1 width=84) (actual time=0.037..0.648 rows=480 loops=1)
                           Filter: ((unix_time >= '1685451461.124'::double precision) AND (unix_time <= '1685451521.124'::double precision) AND st_dwithin(st_transform(the_geom, 25833), '0101000020E9640000F1AFF777D4DF23417FF0746CD70C5741'::geometry, '300'::double precision))
                           Rows Removed by Filter: 3180
   ->  Subquery Scan on "*SELECT* 1442"  (cost=165745.69..165745.70 rows=1 width=76) (actual time=0.742..0.743 rows=1 loops=1)
         ->  Limit  (cost=165745.69..165745.69 rows=1 width=84) (actual time=0.738..0.739 rows=1 loops=1)
               ->  Sort  (cost=165745.69..165745.69 rows=1 width=84) (actual time=0.736..0.737 rows=1 loops=1)
                     Sort Key: (st_distance(st_transform(s_1441.the_geom, 25833), '0101000020E96400003F3B09E7D5DF2341D8AE6D36D60C5741'::geometry))
                     Sort Method: top-N heapsort  Memory: 25kB
                     ->  Seq Scan on phoml_trajectory_tmp s_1441  (cost=0.00..165745.68 rows=1 width=84) (actual time=0.040..0.660 rows=480 loops=1)
                           Filter: ((unix_time >= '1685451461.462'::double precision) AND (unix_time <= '1685451521.462'::double precision) AND st_dwithin(st_transform(the_geom, 25833), '0101000020E96400003F3B09E7D5DF2341D8AE6D36D60C5741'::geometry, '300'::double precision))
                           Rows Removed by Filter: 3180
   ->  Subquery Scan on "*SELECT* 1443"  (cost=165745.69..165745.70 rows=1 width=76) (actual time=0.774..0.776 rows=1 loops=1)
         ->  Limit  (cost=165745.69..165745.69 rows=1 width=84) (actual time=0.763..0.764 rows=1 loops=1)
               ->  Sort  (cost=165745.69..165745.69 rows=1 width=84) (actual time=0.761..0.761 rows=1 loops=1)
                     Sort Key: (st_distance(st_transform(s_1442.the_geom, 25833), '0101000020E964000058B71754D7DF2341E2B0B100D50C5741'::geometry))
                     Sort Method: top-N heapsort  Memory: 25kB
                     ->  Seq Scan on phoml_trajectory_tmp s_1442  (cost=0.00..165745.68 rows=1 width=84) (actual time=0.037..0.686 rows=480 loops=1)
                           Filter: ((unix_time >= '1685451461.792'::double precision) AND (unix_time <= '1685451521.792'::double precision) AND st_dwithin(st_transform(the_geom, 25833), '0101000020E964000058B71754D7DF2341E2B0B100D50C5741'::geometry, '300'::double precision))
                           Rows Removed by Filter: 3180
   ->  Subquery Scan on "*SELECT* 1444"  (cost=165745.69..165745.70 rows=1 width=76) (actual time=0.763..0.764 rows=1 loops=1)
         ->  Limit  (cost=165745.69..165745.69 rows=1 width=84) (actual time=0.759..0.760 rows=1 loops=1)
               ->  Sort  (cost=165745.69..165745.69 rows=1 width=84) (actual time=0.754..0.755 rows=1 loops=1)
                     Sort Key: (st_distance(st_transform(s_1443.the_geom, 25833), '0101000020E964000087A881F1D8DF23411CB45FC9D30C5741'::geometry))
                     Sort Method: top-N heapsort  Memory: 25kB
                     ->  Seq Scan on phoml_trajectory_tmp s_1443  (cost=0.00..165745.68 rows=1 width=84) (actual time=0.040..0.679 rows=480 loops=1)
                           Filter: ((unix_time >= '1685451462.132'::double precision) AND (unix_time <= '1685451522.132'::double precision) AND st_dwithin(st_transform(the_geom, 25833), '0101000020E964000087A881F1D8DF23411CB45FC9D30C5741'::geometry, '300'::double precision))
                           Rows Removed by Filter: 3180
   ->  Subquery Scan on "*SELECT* 1445"  (cost=165745.69..165745.70 rows=1 width=76) (actual time=0.744..0.745 rows=1 loops=1)
         ->  Limit  (cost=165745.69..165745.69 rows=1 width=84) (actual time=0.741..0.742 rows=1 loops=1)
               ->  Sort  (cost=165745.69..165745.69 rows=1 width=84) (actual time=0.739..0.739 rows=1 loops=1)
                     Sort Key: (st_distance(st_transform(s_1444.the_geom, 25833), '0101000020E96400000970C990DADF2341A71AD27CD20C5741'::geometry))
                     Sort Method: top-N heapsort  Memory: 25kB
                     ->  Seq Scan on phoml_trajectory_tmp s_1444  (cost=0.00..165745.68 rows=1 width=84) (actual time=0.041..0.662 rows=480 loops=1)
                           Filter: ((unix_time >= '1685451462.487'::double precision) AND (unix_time <= '1685451522.487'::double precision) AND st_dwithin(st_transform(the_geom, 25833), '0101000020E96400000970C990DADF2341A71AD27CD20C5741'::geometry, '300'::double precision))
                           Rows Removed by Filter: 3180
   ->  Subquery Scan on "*SELECT* 1446"  (cost=165745.69..165745.70 rows=1 width=76) (actual time=0.710..0.711 rows=1 loops=1)
         ->  Limit  (cost=165745.69..165745.69 rows=1 width=84) (actual time=0.708..0.709 rows=1 loops=1)
               ->  Sort  (cost=165745.69..165745.69 rows=1 width=84) (actual time=0.706..0.706 rows=1 loops=1)
                     Sort Key: (st_distance(st_transform(s_1445.the_geom, 25833), '0101000020E9640000115B3B08DCDF2341951BD345D10C5741'::geometry))
                     Sort Method: top-N heapsort  Memory: 25kB
                     ->  Seq Scan on phoml_trajectory_tmp s_1445  (cost=0.00..165745.68 rows=1 width=84) (actual time=0.037..0.634 rows=480 loops=1)
                           Filter: ((unix_time >= '1685451462.827'::double precision) AND (unix_time <= '1685451522.827'::double precision) AND st_dwithin(st_transform(the_geom, 25833), '0101000020E9640000115B3B08DCDF2341951BD345D10C5741'::geometry, '300'::double precision))
                           Rows Removed by Filter: 3180
   ->  Subquery Scan on "*SELECT* 1447"  (cost=165745.69..165745.70 rows=1 width=76) (actual time=0.731..0.732 rows=1 loops=1)
         ->  Limit  (cost=165745.69..165745.69 rows=1 width=84) (actual time=0.727..0.728 rows=1 loops=1)
               ->  Sort  (cost=165745.69..165745.69 rows=1 width=84) (actual time=0.725..0.725 rows=1 loops=1)
                     Sort Key: (st_distance(st_transform(s_1446.the_geom, 25833), '0101000020E9640000C59C4DBADDDF2341306CFDFCCF0C5741'::geometry))
                     Sort Method: top-N heapsort  Memory: 25kB
                     ->  Seq Scan on phoml_trajectory_tmp s_1446  (cost=0.00..165745.68 rows=1 width=84) (actual time=0.036..0.653 rows=480 loops=1)
                           Filter: ((unix_time >= '1685451463.181'::double precision) AND (unix_time <= '1685451523.181'::double precision) AND st_dwithin(st_transform(the_geom, 25833), '0101000020E9640000C59C4DBADDDF2341306CFDFCCF0C5741'::geometry, '300'::double precision))
                           Rows Removed by Filter: 3180
   ->  Subquery Scan on "*SELECT* 1448"  (cost=165745.69..165745.70 rows=1 width=76) (actual time=0.733..0.734 rows=1 loops=1)
         ->  Limit  (cost=165745.69..165745.69 rows=1 width=84) (actual time=0.729..0.730 rows=1 loops=1)
               ->  Sort  (cost=165745.69..165745.69 rows=1 width=84) (actual time=0.727..0.727 rows=1 loops=1)
                     Sort Key: (st_distance(st_transform(s_1447.the_geom, 25833), '0101000020E964000067D49D5BDFDF23417984DEC6CE0C5741'::geometry))
                     Sort Method: top-N heapsort  Memory: 25kB
                     ->  Seq Scan on phoml_trajectory_tmp s_1447  (cost=0.00..165745.68 rows=1 width=84) (actual time=0.038..0.654 rows=480 loops=1)
                           Filter: ((unix_time >= '1685451463.511'::double precision) AND (unix_time <= '1685451523.511'::double precision) AND st_dwithin(st_transform(the_geom, 25833), '0101000020E964000067D49D5BDFDF23417984DEC6CE0C5741'::geometry, '300'::double precision))
                           Rows Removed by Filter: 3180
   ->  Subquery Scan on "*SELECT* 1449"  (cost=165745.69..165745.70 rows=1 width=76) (actual time=0.731..0.733 rows=1 loops=1)
         ->  Limit  (cost=165745.69..165745.69 rows=1 width=84) (actual time=0.728..0.729 rows=1 loops=1)
               ->  Sort  (cost=165745.69..165745.69 rows=1 width=84) (actual time=0.726..0.726 rows=1 loops=1)
                     Sort Key: (st_distance(st_transform(s_1448.the_geom, 25833), '0101000020E9640000AE3BCE0EE1DF234144946385CD0C5741'::geometry))
                     Sort Method: top-N heapsort  Memory: 25kB
                     ->  Seq Scan on phoml_trajectory_tmp s_1448  (cost=0.00..165745.68 rows=1 width=84) (actual time=0.037..0.653 rows=480 loops=1)
                           Filter: ((unix_time >= '1685451463.861'::double precision) AND (unix_time <= '1685451523.861'::double precision) AND st_dwithin(st_transform(the_geom, 25833), '0101000020E9640000AE3BCE0EE1DF234144946385CD0C5741'::geometry, '300'::double precision))
                           Rows Removed by Filter: 3180
   ->  Subquery Scan on "*SELECT* 1450"  (cost=165745.69..165745.70 rows=1 width=76) (actual time=0.718..0.719 rows=1 loops=1)
         ->  Limit  (cost=165745.69..165745.69 rows=1 width=84) (actual time=0.716..0.717 rows=1 loops=1)
               ->  Sort  (cost=165745.69..165745.69 rows=1 width=84) (actual time=0.714..0.714 rows=1 loops=1)
                     Sort Key: (st_distance(st_transform(s_1449.the_geom, 25833), '0101000020E964000089D620D8E2DF234167790D47CC0C5741'::geometry))
                     Sort Method: top-N heapsort  Memory: 25kB
                     ->  Seq Scan on phoml_trajectory_tmp s_1449  (cost=0.00..165745.68 rows=1 width=84) (actual time=0.038..0.641 rows=480 loops=1)
                           Filter: ((unix_time >= '1685451464.207'::double precision) AND (unix_time <= '1685451524.207'::double precision) AND st_dwithin(st_transform(the_geom, 25833), '0101000020E964000089D620D8E2DF234167790D47CC0C5741'::geometry, '300'::double precision))
                           Rows Removed by Filter: 3180
   ->  Subquery Scan on "*SELECT* 1451"  (cost=165745.69..165745.70 rows=1 width=76) (actual time=0.734..0.735 rows=1 loops=1)
         ->  Limit  (cost=165745.69..165745.69 rows=1 width=84) (actual time=0.730..0.731 rows=1 loops=1)
               ->  Sort  (cost=165745.69..165745.69 rows=1 width=84) (actual time=0.727..0.728 rows=1 loops=1)
                     Sort Key: (st_distance(st_transform(s_1450.the_geom, 25833), '0101000020E9640000D301E191E4DF23411167280CCB0C5741'::geometry))
                     Sort Method: top-N heapsort  Memory: 25kB
                     ->  Seq Scan on phoml_trajectory_tmp s_1450  (cost=0.00..165745.68 rows=1 width=84) (actual time=0.036..0.654 rows=480 loops=1)
                           Filter: ((unix_time >= '1685451464.547'::double precision) AND (unix_time <= '1685451524.547'::double precision) AND st_dwithin(st_transform(the_geom, 25833), '0101000020E9640000D301E191E4DF23411167280CCB0C5741'::geometry, '300'::double precision))
                           Rows Removed by Filter: 3180
   ->  Subquery Scan on "*SELECT* 1452"  (cost=165745.69..165745.70 rows=1 width=76) (actual time=0.738..0.740 rows=1 loops=1)
         ->  Limit  (cost=165745.69..165745.69 rows=1 width=84) (actual time=0.735..0.735 rows=1 loops=1)
               ->  Sort  (cost=165745.69..165745.69 rows=1 width=84) (actual time=0.732..0.732 rows=1 loops=1)
                     Sort Key: (st_distance(st_transform(s_1451.the_geom, 25833), '0101000020E9640000C70D3E35E6DF23410D1E5BD4C90C5741'::geometry))
                     Sort Method: top-N heapsort  Memory: 25kB
                     ->  Seq Scan on phoml_trajectory_tmp s_1451  (cost=0.00..165745.68 rows=1 width=84) (actual time=0.037..0.658 rows=480 loops=1)
                           Filter: ((unix_time >= '1685451464.887'::double precision) AND (unix_time <= '1685451524.887'::double precision) AND st_dwithin(st_transform(the_geom, 25833), '0101000020E9640000C70D3E35E6DF23410D1E5BD4C90C5741'::geometry, '300'::double precision))
                           Rows Removed by Filter: 3180
   ->  Subquery Scan on "*SELECT* 1453"  (cost=165745.69..165745.70 rows=1 width=76) (actual time=0.732..0.733 rows=1 loops=1)
         ->  Limit  (cost=165745.69..165745.69 rows=1 width=84) (actual time=0.728..0.729 rows=1 loops=1)
               ->  Sort  (cost=165745.69..165745.69 rows=1 width=84) (actual time=0.726..0.726 rows=1 loops=1)
                     Sort Key: (st_distance(st_transform(s_1452.the_geom, 25833), '0101000020E9640000551ADDE3E7DF2341976ECE9DC80C5741'::geometry))
                     Sort Method: top-N heapsort  Memory: 25kB
                     ->  Seq Scan on phoml_trajectory_tmp s_1452  (cost=0.00..165745.68 rows=1 width=84) (actual time=0.038..0.655 rows=480 loops=1)
                           Filter: ((unix_time >= '1685451465.234'::double precision) AND (unix_time <= '1685451525.234'::double precision) AND st_dwithin(st_transform(the_geom, 25833), '0101000020E9640000551ADDE3E7DF2341976ECE9DC80C5741'::geometry, '300'::double precision))
                           Rows Removed by Filter: 3180
   ->  Subquery Scan on "*SELECT* 1454"  (cost=165745.69..165745.70 rows=1 width=76) (actual time=0.720..0.721 rows=1 loops=1)
         ->  Limit  (cost=165745.69..165745.69 rows=1 width=84) (actual time=0.718..0.719 rows=1 loops=1)
               ->  Sort  (cost=165745.69..165745.69 rows=1 width=84) (actual time=0.715..0.716 rows=1 loops=1)
                     Sort Key: (st_distance(st_transform(s_1453.the_geom, 25833), '0101000020E96400004330417CE9DF2341F47F8B58C70C5741'::geometry))
                     Sort Method: top-N heapsort  Memory: 25kB
                     ->  Seq Scan on phoml_trajectory_tmp s_1453  (cost=0.00..165745.68 rows=1 width=84) (actual time=0.038..0.642 rows=480 loops=1)
                           Filter: ((unix_time >= '1685451465.594'::double precision) AND (unix_time <= '1685451525.594'::double precision) AND st_dwithin(st_transform(the_geom, 25833), '0101000020E96400004330417CE9DF2341F47F8B58C70C5741'::geometry, '300'::double precision))
                           Rows Removed by Filter: 3180
   ->  Subquery Scan on "*SELECT* 1455"  (cost=165745.69..165745.70 rows=1 width=76) (actual time=0.731..0.732 rows=1 loops=1)
         ->  Limit  (cost=165745.69..165745.69 rows=1 width=84) (actual time=0.728..0.728 rows=1 loops=1)
               ->  Sort  (cost=165745.69..165745.69 rows=1 width=84) (actual time=0.726..0.726 rows=1 loops=1)
                     Sort Key: (st_distance(st_transform(s_1454.the_geom, 25833), '0101000020E9640000707982F3EADF2341DE326226C60C5741'::geometry))
                     Sort Method: top-N heapsort  Memory: 25kB
                     ->  Seq Scan on phoml_trajectory_tmp s_1454  (cost=0.00..165745.68 rows=1 width=84) (actual time=0.037..0.653 rows=480 loops=1)
                           Filter: ((unix_time >= '1685451465.934'::double precision) AND (unix_time <= '1685451525.934'::double precision) AND st_dwithin(st_transform(the_geom, 25833), '0101000020E9640000707982F3EADF2341DE326226C60C5741'::geometry, '300'::double precision))
                           Rows Removed by Filter: 3180
   ->  Subquery Scan on "*SELECT* 1456"  (cost=165745.69..165745.70 rows=1 width=76) (actual time=0.736..0.738 rows=1 loops=1)
         ->  Limit  (cost=165745.69..165745.69 rows=1 width=84) (actual time=0.733..0.733 rows=1 loops=1)
               ->  Sort  (cost=165745.69..165745.69 rows=1 width=84) (actual time=0.730..0.731 rows=1 loops=1)
                     Sort Key: (st_distance(st_transform(s_1455.the_geom, 25833), '0101000020E9640000760CB67CECDF23411D3AEDEAC40C5741'::geometry))
                     Sort Method: top-N heapsort  Memory: 25kB
                     ->  Seq Scan on phoml_trajectory_tmp s_1455  (cost=0.00..165745.68 rows=1 width=84) (actual time=0.037..0.658 rows=480 loops=1)
                           Filter: ((unix_time >= '1685451466.279'::double precision) AND (unix_time <= '1685451526.279'::double precision) AND st_dwithin(st_transform(the_geom, 25833), '0101000020E9640000760CB67CECDF23411D3AEDEAC40C5741'::geometry, '300'::double precision))
                           Rows Removed by Filter: 3180
   ->  Subquery Scan on "*SELECT* 1457"  (cost=165745.69..165745.70 rows=1 width=76) (actual time=0.748..0.749 rows=1 loops=1)
         ->  Limit  (cost=165745.69..165745.69 rows=1 width=84) (actual time=0.743..0.744 rows=1 loops=1)
               ->  Sort  (cost=165745.69..165745.69 rows=1 width=84) (actual time=0.741..0.742 rows=1 loops=1)
                     Sort Key: (st_distance(st_transform(s_1456.the_geom, 25833), '0101000020E9640000763DC5D3EDDF2341A0194BBFC30C5741'::geometry))
                     Sort Method: top-N heapsort  Memory: 25kB
                     ->  Seq Scan on phoml_trajectory_tmp s_1456  (cost=0.00..165745.68 rows=1 width=84) (actual time=0.037..0.668 rows=480 loops=1)
                           Filter: ((unix_time >= '1685451466.609'::double precision) AND (unix_time <= '1685451526.609'::double precision) AND st_dwithin(st_transform(the_geom, 25833), '0101000020E9640000763DC5D3EDDF2341A0194BBFC30C5741'::geometry, '300'::double precision))
                           Rows Removed by Filter: 3180
   ->  Subquery Scan on "*SELECT* 1458"  (cost=165745.69..165745.70 rows=1 width=76) (actual time=0.731..0.732 rows=1 loops=1)
         ->  Limit  (cost=165745.69..165745.69 rows=1 width=84) (actual time=0.729..0.730 rows=1 loops=1)
               ->  Sort  (cost=165745.69..165745.69 rows=1 width=84) (actual time=0.726..0.727 rows=1 loops=1)
                     Sort Key: (st_distance(st_transform(s_1457.the_geom, 25833), '0101000020E96400005E8DD362EFDF2341F43DD382C20C5741'::geometry))
                     Sort Method: top-N heapsort  Memory: 25kB
                     ->  Seq Scan on phoml_trajectory_tmp s_1457  (cost=0.00..165745.68 rows=1 width=84) (actual time=0.042..0.654 rows=480 loops=1)
                           Filter: ((unix_time >= '1685451466.949'::double precision) AND (unix_time <= '1685451526.949'::double precision) AND st_dwithin(st_transform(the_geom, 25833), '0101000020E96400005E8DD362EFDF2341F43DD382C20C5741'::geometry, '300'::double precision))
                           Rows Removed by Filter: 3180
   ->  Subquery Scan on "*SELECT* 1459"  (cost=165745.69..165745.70 rows=1 width=76) (actual time=0.762..0.762 rows=1 loops=1)
         ->  Limit  (cost=165745.69..165745.69 rows=1 width=84) (actual time=0.757..0.757 rows=1 loops=1)
               ->  Sort  (cost=165745.69..165745.69 rows=1 width=84) (actual time=0.754..0.755 rows=1 loops=1)
                     Sort Key: (st_distance(st_transform(s_1458.the_geom, 25833), '0101000020E9640000C544B8E0F0DF234125D1C64AC10C5741'::geometry))
                     Sort Method: top-N heapsort  Memory: 25kB
                     ->  Seq Scan on phoml_trajectory_tmp s_1458  (cost=0.00..165745.68 rows=1 width=84) (actual time=0.037..0.680 rows=480 loops=1)
                           Filter: ((unix_time >= '1685451467.283'::double precision) AND (unix_time <= '1685451527.283'::double precision) AND st_dwithin(st_transform(the_geom, 25833), '0101000020E9640000C544B8E0F0DF234125D1C64AC10C5741'::geometry, '300'::double precision))
                           Rows Removed by Filter: 3180
   ->  Subquery Scan on "*SELECT* 1460"  (cost=165745.69..165745.70 rows=1 width=76) (actual time=0.733..0.734 rows=1 loops=1)
         ->  Limit  (cost=165745.69..165745.69 rows=1 width=84) (actual time=0.729..0.730 rows=1 loops=1)
               ->  Sort  (cost=165745.69..165745.69 rows=1 width=84) (actual time=0.727..0.727 rows=1 loops=1)
                     Sort Key: (st_distance(st_transform(s_1459.the_geom, 25833), '0101000020E96400008D01954BF2DF23411C17D107C00C5741'::geometry))
                     Sort Method: top-N heapsort  Memory: 25kB
                     ->  Seq Scan on phoml_trajectory_tmp s_1459  (cost=0.00..165745.68 rows=1 width=84) (actual time=0.037..0.654 rows=480 loops=1)
                           Filter: ((unix_time >= '1685451467.633'::double precision) AND (unix_time <= '1685451527.633'::double precision) AND st_dwithin(st_transform(the_geom, 25833), '0101000020E96400008D01954BF2DF23411C17D107C00C5741'::geometry, '300'::double precision))
                           Rows Removed by Filter: 3180
   ->  Subquery Scan on "*SELECT* 1461"  (cost=165745.69..165745.70 rows=1 width=76) (actual time=0.734..0.735 rows=1 loops=1)
         ->  Limit  (cost=165745.69..165745.69 rows=1 width=84) (actual time=0.731..0.731 rows=1 loops=1)
               ->  Sort  (cost=165745.69..165745.69 rows=1 width=84) (actual time=0.728..0.729 rows=1 loops=1)
                     Sort Key: (st_distance(st_transform(s_1460.the_geom, 25833), '0101000020E96400009204EED3F3DF234172462AD5BE0C5741'::geometry))
                     Sort Method: top-N heapsort  Memory: 25kB
                     ->  Seq Scan on phoml_trajectory_tmp s_1460  (cost=0.00..165745.68 rows=1 width=84) (actual time=0.038..0.652 rows=480 loops=1)
                           Filter: ((unix_time >= '1685451467.953'::double precision) AND (unix_time <= '1685451527.953'::double precision) AND st_dwithin(st_transform(the_geom, 25833), '0101000020E96400009204EED3F3DF234172462AD5BE0C5741'::geometry, '300'::double precision))
                           Rows Removed by Filter: 3180
   ->  Subquery Scan on "*SELECT* 1462"  (cost=165745.69..165745.70 rows=1 width=76) (actual time=0.717..0.718 rows=1 loops=1)
         ->  Limit  (cost=165745.69..165745.69 rows=1 width=84) (actual time=0.715..0.716 rows=1 loops=1)
               ->  Sort  (cost=165745.69..165745.69 rows=1 width=84) (actual time=0.713..0.713 rows=1 loops=1)
                     Sort Key: (st_distance(st_transform(s_1461.the_geom, 25833), '0101000020E9640000D567846CF5DF2341CAF9AB89BD0C5741'::geometry))
                     Sort Method: top-N heapsort  Memory: 25kB
                     ->  Seq Scan on phoml_trajectory_tmp s_1461  (cost=0.00..165745.68 rows=1 width=84) (actual time=0.040..0.641 rows=480 loops=1)
                           Filter: ((unix_time >= '1685451468.304'::double precision) AND (unix_time <= '1685451528.304'::double precision) AND st_dwithin(st_transform(the_geom, 25833), '0101000020E9640000D567846CF5DF2341CAF9AB89BD0C5741'::geometry, '300'::double precision))
                           Rows Removed by Filter: 3180
   ->  Subquery Scan on "*SELECT* 1463"  (cost=165745.69..165745.70 rows=1 width=76) (actual time=0.723..0.724 rows=1 loops=1)
         ->  Limit  (cost=165745.69..165745.69 rows=1 width=84) (actual time=0.720..0.721 rows=1 loops=1)
               ->  Sort  (cost=165745.69..165745.69 rows=1 width=84) (actual time=0.717..0.718 rows=1 loops=1)
                     Sort Key: (st_distance(st_transform(s_1462.the_geom, 25833), '0101000020E9640000A3920EE7F6DF234176D4EC58BC0C5741'::geometry))
                     Sort Method: top-N heapsort  Memory: 25kB
                     ->  Seq Scan on phoml_trajectory_tmp s_1462  (cost=0.00..165745.68 rows=1 width=84) (actual time=0.038..0.646 rows=480 loops=1)
                           Filter: ((unix_time >= '1685451468.624'::double precision) AND (unix_time <= '1685451528.624'::double precision) AND st_dwithin(st_transform(the_geom, 25833), '0101000020E9640000A3920EE7F6DF234176D4EC58BC0C5741'::geometry, '300'::double precision))
                           Rows Removed by Filter: 3180
   ->  Subquery Scan on "*SELECT* 1464"  (cost=165745.69..165745.70 rows=1 width=76) (actual time=0.764..0.765 rows=1 loops=1)
         ->  Limit  (cost=165745.69..165745.69 rows=1 width=84) (actual time=0.758..0.759 rows=1 loops=1)
               ->  Sort  (cost=165745.69..165745.69 rows=1 width=84) (actual time=0.756..0.756 rows=1 loops=1)
                     Sort Key: (st_distance(st_transform(s_1463.the_geom, 25833), '0101000020E964000089638065F8DF2341AC2CE019BB0C5741'::geometry))
                     Sort Method: top-N heapsort  Memory: 25kB
                     ->  Seq Scan on phoml_trajectory_tmp s_1463  (cost=0.00..165745.68 rows=1 width=84) (actual time=0.040..0.680 rows=480 loops=1)
                           Filter: ((unix_time >= '1685451468.954'::double precision) AND (unix_time <= '1685451528.954'::double precision) AND st_dwithin(st_transform(the_geom, 25833), '0101000020E964000089638065F8DF2341AC2CE019BB0C5741'::geometry, '300'::double precision))
                           Rows Removed by Filter: 3180
   ->  Subquery Scan on "*SELECT* 1465"  (cost=165745.69..165745.70 rows=1 width=76) (actual time=0.737..0.738 rows=1 loops=1)
         ->  Limit  (cost=165745.69..165745.69 rows=1 width=84) (actual time=0.733..0.734 rows=1 loops=1)
               ->  Sort  (cost=165745.69..165745.69 rows=1 width=84) (actual time=0.730..0.731 rows=1 loops=1)
                     Sort Key: (st_distance(st_transform(s_1464.the_geom, 25833), '0101000020E9640000B57DFADFF9DF23417DC789DBB90C5741'::geometry))
                     Sort Method: top-N heapsort  Memory: 25kB
                     ->  Seq Scan on phoml_trajectory_tmp s_1464  (cost=0.00..165745.68 rows=1 width=84) (actual time=0.040..0.658 rows=480 loops=1)
                           Filter: ((unix_time >= '1685451469.28'::double precision) AND (unix_time <= '1685451529.28'::double precision) AND st_dwithin(st_transform(the_geom, 25833), '0101000020E9640000B57DFADFF9DF23417DC789DBB90C5741'::geometry, '300'::double precision))
                           Rows Removed by Filter: 3180
   ->  Subquery Scan on "*SELECT* 1466"  (cost=165745.69..165745.70 rows=1 width=76) (actual time=0.716..0.717 rows=1 loops=1)
         ->  Limit  (cost=165745.69..165745.69 rows=1 width=84) (actual time=0.711..0.712 rows=1 loops=1)
               ->  Sort  (cost=165745.69..165745.69 rows=1 width=84) (actual time=0.709..0.709 rows=1 loops=1)
                     Sort Key: (st_distance(st_transform(s_1465.the_geom, 25833), '0101000020E9640000F1FD4786FBDF23414E8F9C9BB80C5741'::geometry))
                     Sort Method: top-N heapsort  Memory: 25kB
                     ->  Seq Scan on phoml_trajectory_tmp s_1465  (cost=0.00..165745.68 rows=1 width=84) (actual time=0.039..0.636 rows=480 loops=1)
                           Filter: ((unix_time >= '1685451469.61'::double precision) AND (unix_time <= '1685451529.61'::double precision) AND st_dwithin(st_transform(the_geom, 25833), '0101000020E9640000F1FD4786FBDF23414E8F9C9BB80C5741'::geometry, '300'::double precision))
                           Rows Removed by Filter: 3180
   ->  Subquery Scan on "*SELECT* 1467"  (cost=165745.69..165745.70 rows=1 width=76) (actual time=0.726..0.727 rows=1 loops=1)
         ->  Limit  (cost=165745.69..165745.69 rows=1 width=84) (actual time=0.723..0.724 rows=1 loops=1)
               ->  Sort  (cost=165745.69..165745.69 rows=1 width=84) (actual time=0.719..0.720 rows=1 loops=1)
                     Sort Key: (st_distance(st_transform(s_1466.the_geom, 25833), '0101000020E9640000F2F18B0EFDDF23412BCB0262B70C5741'::geometry))
                     Sort Method: top-N heapsort  Memory: 25kB
                     ->  Seq Scan on phoml_trajectory_tmp s_1466  (cost=0.00..165745.68 rows=1 width=84) (actual time=0.039..0.646 rows=480 loops=1)
                           Filter: ((unix_time >= '1685451469.93'::double precision) AND (unix_time <= '1685451529.93'::double precision) AND st_dwithin(st_transform(the_geom, 25833), '0101000020E9640000F2F18B0EFDDF23412BCB0262B70C5741'::geometry, '300'::double precision))
                           Rows Removed by Filter: 3180
   ->  Subquery Scan on "*SELECT* 1468"  (cost=165745.69..165745.70 rows=1 width=76) (actual time=0.728..0.729 rows=1 loops=1)
         ->  Limit  (cost=165745.69..165745.69 rows=1 width=84) (actual time=0.724..0.725 rows=1 loops=1)
               ->  Sort  (cost=165745.69..165745.69 rows=1 width=84) (actual time=0.722..0.722 rows=1 loops=1)
                     Sort Key: (st_distance(st_transform(s_1467.the_geom, 25833), '0101000020E9640000267C4EA0FEDF234186240927B60C5741'::geometry))
                     Sort Method: top-N heapsort  Memory: 25kB
                     ->  Seq Scan on phoml_trajectory_tmp s_1467  (cost=0.00..165745.68 rows=1 width=84) (actual time=0.038..0.649 rows=480 loops=1)
                           Filter: ((unix_time >= '1685451470.252'::double precision) AND (unix_time <= '1685451530.252'::double precision) AND st_dwithin(st_transform(the_geom, 25833), '0101000020E9640000267C4EA0FEDF234186240927B60C5741'::geometry, '300'::double precision))
                           Rows Removed by Filter: 3180
   ->  Subquery Scan on "*SELECT* 1469"  (cost=165745.69..165745.70 rows=1 width=76) (actual time=0.732..0.733 rows=1 loops=1)
         ->  Limit  (cost=165745.69..165745.69 rows=1 width=84) (actual time=0.728..0.729 rows=1 loops=1)
               ->  Sort  (cost=165745.69..165745.69 rows=1 width=84) (actual time=0.726..0.727 rows=1 loops=1)
                     Sort Key: (st_distance(st_transform(s_1468.the_geom, 25833), '0101000020E96400007A04116000E0234123C278E3B40C5741'::geometry))
                     Sort Method: top-N heapsort  Memory: 25kB
                     ->  Seq Scan on phoml_trajectory_tmp s_1468  (cost=0.00..165745.68 rows=1 width=84) (actual time=0.039..0.654 rows=480 loops=1)
                           Filter: ((unix_time >= '1685451470.572'::double precision) AND (unix_time <= '1685451530.572'::double precision) AND st_dwithin(st_transform(the_geom, 25833), '0101000020E96400007A04116000E0234123C278E3B40C5741'::geometry, '300'::double precision))
                           Rows Removed by Filter: 3180
   ->  Subquery Scan on "*SELECT* 1470"  (cost=165745.69..165745.70 rows=1 width=76) (actual time=0.725..0.726 rows=1 loops=1)
         ->  Limit  (cost=165745.69..165745.69 rows=1 width=84) (actual time=0.723..0.723 rows=1 loops=1)
               ->  Sort  (cost=165745.69..165745.69 rows=1 width=84) (actual time=0.720..0.720 rows=1 loops=1)
                     Sort Key: (st_distance(st_transform(s_1469.the_geom, 25833), '0101000020E96400001AC5C2F501E02341971DF1A7B30C5741'::geometry))
                     Sort Method: top-N heapsort  Memory: 25kB
                     ->  Seq Scan on phoml_trajectory_tmp s_1469  (cost=0.00..165745.68 rows=1 width=84) (actual time=0.040..0.647 rows=480 loops=1)
                           Filter: ((unix_time >= '1685451470.892'::double precision) AND (unix_time <= '1685451530.892'::double precision) AND st_dwithin(st_transform(the_geom, 25833), '0101000020E96400001AC5C2F501E02341971DF1A7B30C5741'::geometry, '300'::double precision))
                           Rows Removed by Filter: 3180
   ->  Subquery Scan on "*SELECT* 1471"  (cost=165745.69..165745.70 rows=1 width=76) (actual time=0.733..0.734 rows=1 loops=1)
         ->  Limit  (cost=165745.69..165745.69 rows=1 width=84) (actual time=0.730..0.730 rows=1 loops=1)
               ->  Sort  (cost=165745.69..165745.69 rows=1 width=84) (actual time=0.727..0.728 rows=1 loops=1)
                     Sort Key: (st_distance(st_transform(s_1470.the_geom, 25833), '0101000020E96400001D3871A303E023415F1E1267B20C5741'::geometry))
                     Sort Method: top-N heapsort  Memory: 25kB
                     ->  Seq Scan on phoml_trajectory_tmp s_1470  (cost=0.00..165745.68 rows=1 width=84) (actual time=0.038..0.653 rows=480 loops=1)
                           Filter: ((unix_time >= '1685451471.225'::double precision) AND (unix_time <= '1685451531.225'::double precision) AND st_dwithin(st_transform(the_geom, 25833), '0101000020E96400001D3871A303E023415F1E1267B20C5741'::geometry, '300'::double precision))
                           Rows Removed by Filter: 3180
   ->  Subquery Scan on "*SELECT* 1472"  (cost=165745.69..165745.70 rows=1 width=76) (actual time=0.730..0.731 rows=1 loops=1)
         ->  Limit  (cost=165745.69..165745.69 rows=1 width=84) (actual time=0.726..0.727 rows=1 loops=1)
               ->  Sort  (cost=165745.69..165745.69 rows=1 width=84) (actual time=0.723..0.724 rows=1 loops=1)
                     Sort Key: (st_distance(st_transform(s_1471.the_geom, 25833), '0101000020E964000018B68A5405E023417600DB25B10C5741'::geometry))
                     Sort Method: top-N heapsort  Memory: 25kB
                     ->  Seq Scan on phoml_trajectory_tmp s_1471  (cost=0.00..165745.68 rows=1 width=84) (actual time=0.037..0.649 rows=480 loops=1)
                           Filter: ((unix_time >= '1685451471.555'::double precision) AND (unix_time <= '1685451531.555'::double precision) AND st_dwithin(st_transform(the_geom, 25833), '0101000020E964000018B68A5405E023417600DB25B10C5741'::geometry, '300'::double precision))
                           Rows Removed by Filter: 3180
   ->  Subquery Scan on "*SELECT* 1473"  (cost=165745.69..165745.70 rows=1 width=76) (actual time=0.759..0.760 rows=1 loops=1)
         ->  Limit  (cost=165745.69..165745.69 rows=1 width=84) (actual time=0.755..0.756 rows=1 loops=1)
               ->  Sort  (cost=165745.69..165745.69 rows=1 width=84) (actual time=0.753..0.753 rows=1 loops=1)
                     Sort Key: (st_distance(st_transform(s_1472.the_geom, 25833), '0101000020E9640000690AB60407E02341DE31B3E4AF0C5741'::geometry))
                     Sort Method: top-N heapsort  Memory: 25kB
                     ->  Seq Scan on phoml_trajectory_tmp s_1472  (cost=0.00..165745.68 rows=1 width=84) (actual time=0.040..0.680 rows=480 loops=1)
                           Filter: ((unix_time >= '1685451471.885'::double precision) AND (unix_time <= '1685451531.885'::double precision) AND st_dwithin(st_transform(the_geom, 25833), '0101000020E9640000690AB60407E02341DE31B3E4AF0C5741'::geometry, '300'::double precision))
                           Rows Removed by Filter: 3180
   ->  Subquery Scan on "*SELECT* 1474"  (cost=165745.69..165745.70 rows=1 width=76) (actual time=0.735..0.736 rows=1 loops=1)
         ->  Limit  (cost=165745.69..165745.69 rows=1 width=84) (actual time=0.731..0.732 rows=1 loops=1)
               ->  Sort  (cost=165745.69..165745.69 rows=1 width=84) (actual time=0.729..0.729 rows=1 loops=1)
                     Sort Key: (st_distance(st_transform(s_1473.the_geom, 25833), '0101000020E96400006CE217A508E02341787E48ACAE0C5741'::geometry))
                     Sort Method: top-N heapsort  Memory: 25kB
                     ->  Seq Scan on phoml_trajectory_tmp s_1473  (cost=0.00..165745.68 rows=1 width=84) (actual time=0.037..0.655 rows=480 loops=1)
                           Filter: ((unix_time >= '1685451472.21'::double precision) AND (unix_time <= '1685451532.21'::double precision) AND st_dwithin(st_transform(the_geom, 25833), '0101000020E96400006CE217A508E02341787E48ACAE0C5741'::geometry, '300'::double precision))
                           Rows Removed by Filter: 3180
   ->  Subquery Scan on "*SELECT* 1475"  (cost=165745.69..165745.70 rows=1 width=76) (actual time=0.726..0.728 rows=1 loops=1)
         ->  Limit  (cost=165745.69..165745.69 rows=1 width=84) (actual time=0.723..0.724 rows=1 loops=1)
               ->  Sort  (cost=165745.69..165745.69 rows=1 width=84) (actual time=0.721..0.721 rows=1 loops=1)
                     Sort Key: (st_distance(st_transform(s_1474.the_geom, 25833), '0101000020E96400001AA4434E0AE02341854B0D6CAD0C5741'::geometry))
                     Sort Method: top-N heapsort  Memory: 25kB
                     ->  Seq Scan on phoml_trajectory_tmp s_1474  (cost=0.00..165745.68 rows=1 width=84) (actual time=0.039..0.645 rows=480 loops=1)
                           Filter: ((unix_time >= '1685451472.539'::double precision) AND (unix_time <= '1685451532.539'::double precision) AND st_dwithin(st_transform(the_geom, 25833), '0101000020E96400001AA4434E0AE02341854B0D6CAD0C5741'::geometry, '300'::double precision))
                           Rows Removed by Filter: 3180
   ->  Subquery Scan on "*SELECT* 1476"  (cost=165745.69..165745.70 rows=1 width=76) (actual time=0.720..0.721 rows=1 loops=1)
         ->  Limit  (cost=165745.69..165745.69 rows=1 width=84) (actual time=0.718..0.719 rows=1 loops=1)
               ->  Sort  (cost=165745.69..165745.69 rows=1 width=84) (actual time=0.716..0.716 rows=1 loops=1)
                     Sort Key: (st_distance(st_transform(s_1475.the_geom, 25833), '0101000020E9640000CD86FA210CE0234111B67831AC0C5741'::geometry))
                     Sort Method: top-N heapsort  Memory: 25kB
                     ->  Seq Scan on phoml_trajectory_tmp s_1475  (cost=0.00..165745.68 rows=1 width=84) (actual time=0.037..0.642 rows=480 loops=1)
                           Filter: ((unix_time >= '1685451472.869'::double precision) AND (unix_time <= '1685451532.869'::double precision) AND st_dwithin(st_transform(the_geom, 25833), '0101000020E9640000CD86FA210CE0234111B67831AC0C5741'::geometry, '300'::double precision))
                           Rows Removed by Filter: 3180
   ->  Subquery Scan on "*SELECT* 1477"  (cost=165745.69..165745.70 rows=1 width=76) (actual time=0.728..0.729 rows=1 loops=1)
         ->  Limit  (cost=165745.69..165745.69 rows=1 width=84) (actual time=0.724..0.725 rows=1 loops=1)
               ->  Sort  (cost=165745.69..165745.69 rows=1 width=84) (actual time=0.722..0.722 rows=1 loops=1)
                     Sort Key: (st_distance(st_transform(s_1476.the_geom, 25833), '0101000020E96400000BDAD4BE0DE02341CD3E00F3AA0C5741'::geometry))
                     Sort Method: top-N heapsort  Memory: 25kB
                     ->  Seq Scan on phoml_trajectory_tmp s_1476  (cost=0.00..165745.68 rows=1 width=84) (actual time=0.039..0.651 rows=480 loops=1)
                           Filter: ((unix_time >= '1685451473.202'::double precision) AND (unix_time <= '1685451533.202'::double precision) AND st_dwithin(st_transform(the_geom, 25833), '0101000020E96400000BDAD4BE0DE02341CD3E00F3AA0C5741'::geometry, '300'::double precision))
                           Rows Removed by Filter: 3180
   ->  Subquery Scan on "*SELECT* 1478"  (cost=165745.69..165745.70 rows=1 width=76) (actual time=0.729..0.730 rows=1 loops=1)
         ->  Limit  (cost=165745.69..165745.69 rows=1 width=84) (actual time=0.725..0.726 rows=1 loops=1)
               ->  Sort  (cost=165745.69..165745.69 rows=1 width=84) (actual time=0.723..0.723 rows=1 loops=1)
                     Sort Key: (st_distance(st_transform(s_1477.the_geom, 25833), '0101000020E9640000353665790FE023417A6D7AB7A90C5741'::geometry))
                     Sort Method: top-N heapsort  Memory: 25kB
                     ->  Seq Scan on phoml_trajectory_tmp s_1477  (cost=0.00..165745.68 rows=1 width=84) (actual time=0.038..0.644 rows=480 loops=1)
                           Filter: ((unix_time >= '1685451473.532'::double precision) AND (unix_time <= '1685451533.532'::double precision) AND st_dwithin(st_transform(the_geom, 25833), '0101000020E9640000353665790FE023417A6D7AB7A90C5741'::geometry, '300'::double precision))
                           Rows Removed by Filter: 3180
   ->  Subquery Scan on "*SELECT* 1479"  (cost=165745.69..165745.70 rows=1 width=76) (actual time=0.742..0.743 rows=1 loops=1)
         ->  Limit  (cost=165745.69..165745.69 rows=1 width=84) (actual time=0.737..0.738 rows=1 loops=1)
               ->  Sort  (cost=165745.69..165745.69 rows=1 width=84) (actual time=0.735..0.735 rows=1 loops=1)
                     Sort Key: (st_distance(st_transform(s_1478.the_geom, 25833), '0101000020E9640000BC95A53B11E02341F00B7771A80C5741'::geometry))
                     Sort Method: top-N heapsort  Memory: 25kB
                     ->  Seq Scan on phoml_trajectory_tmp s_1478  (cost=0.00..165745.68 rows=1 width=84) (actual time=0.036..0.663 rows=480 loops=1)
                           Filter: ((unix_time >= '1685451473.872'::double precision) AND (unix_time <= '1685451533.872'::double precision) AND st_dwithin(st_transform(the_geom, 25833), '0101000020E9640000BC95A53B11E02341F00B7771A80C5741'::geometry, '300'::double precision))
                           Rows Removed by Filter: 3180
   ->  Subquery Scan on "*SELECT* 1480"  (cost=165745.69..165745.70 rows=1 width=76) (actual time=0.724..0.725 rows=1 loops=1)
         ->  Limit  (cost=165745.69..165745.69 rows=1 width=84) (actual time=0.722..0.723 rows=1 loops=1)
               ->  Sort  (cost=165745.69..165745.69 rows=1 width=84) (actual time=0.720..0.720 rows=1 loops=1)
                     Sort Key: (st_distance(st_transform(s_1479.the_geom, 25833), '0101000020E9640000EC77ACDC12E0234182B72939A70C5741'::geometry))
                     Sort Method: top-N heapsort  Memory: 25kB
                     ->  Seq Scan on phoml_trajectory_tmp s_1479  (cost=0.00..165745.68 rows=1 width=84) (actual time=0.037..0.644 rows=480 loops=1)
                           Filter: ((unix_time >= '1685451474.205'::double precision) AND (unix_time <= '1685451534.205'::double precision) AND st_dwithin(st_transform(the_geom, 25833), '0101000020E9640000EC77ACDC12E0234182B72939A70C5741'::geometry, '300'::double precision))
                           Rows Removed by Filter: 3180
   ->  Subquery Scan on "*SELECT* 1481"  (cost=165745.69..165745.70 rows=1 width=76) (actual time=0.731..0.732 rows=1 loops=1)
         ->  Limit  (cost=165745.69..165745.69 rows=1 width=84) (actual time=0.727..0.728 rows=1 loops=1)
               ->  Sort  (cost=165745.69..165745.69 rows=1 width=84) (actual time=0.725..0.725 rows=1 loops=1)
                     Sort Key: (st_distance(st_transform(s_1480.the_geom, 25833), '0101000020E96400005DECA2A914E023414850B0F8A50C5741'::geometry))
                     Sort Method: top-N heapsort  Memory: 25kB
                     ->  Seq Scan on phoml_trajectory_tmp s_1480  (cost=0.00..165745.68 rows=1 width=84) (actual time=0.041..0.654 rows=476 loops=1)
                           Filter: ((unix_time >= '1685451474.545'::double precision) AND (unix_time <= '1685451534.545'::double precision) AND st_dwithin(st_transform(the_geom, 25833), '0101000020E96400005DECA2A914E023414850B0F8A50C5741'::geometry, '300'::double precision))
                           Rows Removed by Filter: 3184
   ->  Subquery Scan on "*SELECT* 1482"  (cost=165745.69..165745.70 rows=1 width=76) (actual time=0.733..0.734 rows=1 loops=1)
         ->  Limit  (cost=165745.69..165745.69 rows=1 width=84) (actual time=0.729..0.730 rows=1 loops=1)
               ->  Sort  (cost=165745.69..165745.69 rows=1 width=84) (actual time=0.726..0.727 rows=1 loops=1)
                     Sort Key: (st_distance(st_transform(s_1481.the_geom, 25833), '0101000020E9640000C5079D3716E02341C00433C3A40C5741'::geometry))
                     Sort Method: top-N heapsort  Memory: 25kB
                     ->  Seq Scan on phoml_trajectory_tmp s_1481  (cost=0.00..165745.68 rows=1 width=84) (actual time=0.037..0.654 rows=480 loops=1)
                           Filter: ((unix_time >= '1685451474.885'::double precision) AND (unix_time <= '1685451534.885'::double precision) AND st_dwithin(st_transform(the_geom, 25833), '0101000020E9640000C5079D3716E02341C00433C3A40C5741'::geometry, '300'::double precision))
                           Rows Removed by Filter: 3180
   ->  Subquery Scan on "*SELECT* 1483"  (cost=165745.69..165745.70 rows=1 width=76) (actual time=0.732..0.733 rows=1 loops=1)
         ->  Limit  (cost=165745.69..165745.69 rows=1 width=84) (actual time=0.728..0.729 rows=1 loops=1)
               ->  Sort  (cost=165745.69..165745.69 rows=1 width=84) (actual time=0.726..0.727 rows=1 loops=1)
                     Sort Key: (st_distance(st_transform(s_1482.the_geom, 25833), '0101000020E9640000CF02EAD117E023411E483E8CA30C5741'::geometry))
                     Sort Method: top-N heapsort  Memory: 25kB
                     ->  Seq Scan on phoml_trajectory_tmp s_1482  (cost=0.00..165745.68 rows=1 width=84) (actual time=0.037..0.651 rows=480 loops=1)
                           Filter: ((unix_time >= '1685451475.219'::double precision) AND (unix_time <= '1685451535.219'::double precision) AND st_dwithin(st_transform(the_geom, 25833), '0101000020E9640000CF02EAD117E023411E483E8CA30C5741'::geometry, '300'::double precision))
                           Rows Removed by Filter: 3180
   ->  Subquery Scan on "*SELECT* 1484"  (cost=165745.69..165745.70 rows=1 width=76) (actual time=0.741..0.742 rows=1 loops=1)
         ->  Limit  (cost=165745.69..165745.69 rows=1 width=84) (actual time=0.739..0.740 rows=1 loops=1)
               ->  Sort  (cost=165745.69..165745.69 rows=1 width=84) (actual time=0.736..0.737 rows=1 loops=1)
                     Sort Key: (st_distance(st_transform(s_1483.the_geom, 25833), '0101000020E9640000D505677D19E0234100007A57A20C5741'::geometry))
                     Sort Method: top-N heapsort  Memory: 25kB
                     ->  Seq Scan on phoml_trajectory_tmp s_1483  (cost=0.00..165745.68 rows=1 width=84) (actual time=0.039..0.664 rows=480 loops=1)
                           Filter: ((unix_time >= '1685451475.559'::double precision) AND (unix_time <= '1685451535.559'::double precision) AND st_dwithin(st_transform(the_geom, 25833), '0101000020E9640000D505677D19E0234100007A57A20C5741'::geometry, '300'::double precision))
                           Rows Removed by Filter: 3180
   ->  Subquery Scan on "*SELECT* 1485"  (cost=165745.69..165745.70 rows=1 width=76) (actual time=0.736..0.737 rows=1 loops=1)
         ->  Limit  (cost=165745.69..165745.69 rows=1 width=84) (actual time=0.733..0.733 rows=1 loops=1)
               ->  Sort  (cost=165745.69..165745.69 rows=1 width=84) (actual time=0.731..0.731 rows=1 loops=1)
                     Sort Key: (st_distance(st_transform(s_1484.the_geom, 25833), '0101000020E964000008A403181BE02341F83F4B12A10C5741'::geometry))
                     Sort Method: top-N heapsort  Memory: 25kB
                     ->  Seq Scan on phoml_trajectory_tmp s_1484  (cost=0.00..165745.68 rows=1 width=84) (actual time=0.042..0.659 rows=480 loops=1)
                           Filter: ((unix_time >= '1685451475.909'::double precision) AND (unix_time <= '1685451535.909'::double precision) AND st_dwithin(st_transform(the_geom, 25833), '0101000020E964000008A403181BE02341F83F4B12A10C5741'::geometry, '300'::double precision))
                           Rows Removed by Filter: 3180
   ->  Subquery Scan on "*SELECT* 1486"  (cost=165745.69..165745.70 rows=1 width=76) (actual time=0.730..0.731 rows=1 loops=1)
         ->  Limit  (cost=165745.69..165745.69 rows=1 width=84) (actual time=0.727..0.727 rows=1 loops=1)
               ->  Sort  (cost=165745.69..165745.69 rows=1 width=84) (actual time=0.724..0.725 rows=1 loops=1)
                     Sort Key: (st_distance(st_transform(s_1485.the_geom, 25833), '0101000020E9640000DCD971BD1CE02341F02E7BD99F0C5741'::geometry))
                     Sort Method: top-N heapsort  Memory: 25kB
                     ->  Seq Scan on phoml_trajectory_tmp s_1485  (cost=0.00..165745.68 rows=1 width=84) (actual time=0.037..0.651 rows=480 loops=1)
                           Filter: ((unix_time >= '1685451476.252'::double precision) AND (unix_time <= '1685451536.252'::double precision) AND st_dwithin(st_transform(the_geom, 25833), '0101000020E9640000DCD971BD1CE02341F02E7BD99F0C5741'::geometry, '300'::double precision))
                           Rows Removed by Filter: 3180
   ->  Subquery Scan on "*SELECT* 1487"  (cost=165745.69..165745.70 rows=1 width=76) (actual time=0.745..0.746 rows=1 loops=1)
         ->  Limit  (cost=165745.69..165745.69 rows=1 width=84) (actual time=0.741..0.742 rows=1 loops=1)
               ->  Sort  (cost=165745.69..165745.69 rows=1 width=84) (actual time=0.739..0.739 rows=1 loops=1)
                     Sort Key: (st_distance(st_transform(s_1486.the_geom, 25833), '0101000020E9640000F22FD5691EE02341F69C9A9F9E0C5741'::geometry))
                     Sort Method: top-N heapsort  Memory: 25kB
                     ->  Seq Scan on phoml_trajectory_tmp s_1486  (cost=0.00..165745.68 rows=1 width=84) (actual time=0.037..0.667 rows=480 loops=1)
                           Filter: ((unix_time >= '1685451476.592'::double precision) AND (unix_time <= '1685451536.592'::double precision) AND st_dwithin(st_transform(the_geom, 25833), '0101000020E9640000F22FD5691EE02341F69C9A9F9E0C5741'::geometry, '300'::double precision))
                           Rows Removed by Filter: 3180
   ->  Subquery Scan on "*SELECT* 1488"  (cost=165745.69..165745.70 rows=1 width=76) (actual time=0.740..0.741 rows=1 loops=1)
         ->  Limit  (cost=165745.69..165745.69 rows=1 width=84) (actual time=0.736..0.737 rows=1 loops=1)
               ->  Sort  (cost=165745.69..165745.69 rows=1 width=84) (actual time=0.734..0.734 rows=1 loops=1)
                     Sort Key: (st_distance(st_transform(s_1487.the_geom, 25833), '0101000020E964000001DDFB4E20E02341CC4ED5549D0C5741'::geometry))
                     Sort Method: top-N heapsort  Memory: 25kB
                     ->  Seq Scan on phoml_trajectory_tmp s_1487  (cost=0.00..165745.68 rows=1 width=84) (actual time=0.042..0.663 rows=480 loops=1)
                           Filter: ((unix_time >= '1685451476.942'::double precision) AND (unix_time <= '1685451536.942'::double precision) AND st_dwithin(st_transform(the_geom, 25833), '0101000020E964000001DDFB4E20E02341CC4ED5549D0C5741'::geometry, '300'::double precision))
                           Rows Removed by Filter: 3180
   ->  Subquery Scan on "*SELECT* 1489"  (cost=165745.69..165745.70 rows=1 width=76) (actual time=0.739..0.740 rows=1 loops=1)
         ->  Limit  (cost=165745.69..165745.69 rows=1 width=84) (actual time=0.734..0.735 rows=1 loops=1)
               ->  Sort  (cost=165745.69..165745.69 rows=1 width=84) (actual time=0.732..0.732 rows=1 loops=1)
                     Sort Key: (st_distance(st_transform(s_1488.the_geom, 25833), '0101000020E9640000A82F190D22E0234151EC61189C0C5741'::geometry))
                     Sort Method: top-N heapsort  Memory: 25kB
                     ->  Seq Scan on phoml_trajectory_tmp s_1488  (cost=0.00..165745.68 rows=1 width=84) (actual time=0.041..0.658 rows=480 loops=1)
                           Filter: ((unix_time >= '1685451477.282'::double precision) AND (unix_time <= '1685451537.282'::double precision) AND st_dwithin(st_transform(the_geom, 25833), '0101000020E9640000A82F190D22E0234151EC61189C0C5741'::geometry, '300'::double precision))
                           Rows Removed by Filter: 3180
   ->  Subquery Scan on "*SELECT* 1490"  (cost=165745.69..165745.70 rows=1 width=76) (actual time=0.723..0.724 rows=1 loops=1)
         ->  Limit  (cost=165745.69..165745.69 rows=1 width=84) (actual time=0.721..0.721 rows=1 loops=1)
               ->  Sort  (cost=165745.69..165745.69 rows=1 width=84) (actual time=0.718..0.718 rows=1 loops=1)
                     Sort Key: (st_distance(st_transform(s_1489.the_geom, 25833), '0101000020E9640000479C39E423E02341537F94E49A0C5741'::geometry))
                     Sort Method: top-N heapsort  Memory: 25kB
                     ->  Seq Scan on phoml_trajectory_tmp s_1489  (cost=0.00..165745.68 rows=1 width=84) (actual time=0.038..0.641 rows=480 loops=1)
                           Filter: ((unix_time >= '1685451477.622'::double precision) AND (unix_time <= '1685451537.622'::double precision) AND st_dwithin(st_transform(the_geom, 25833), '0101000020E9640000479C39E423E02341537F94E49A0C5741'::geometry, '300'::double precision))
                           Rows Removed by Filter: 3180
   ->  Subquery Scan on "*SELECT* 1491"  (cost=165745.69..165745.70 rows=1 width=76) (actual time=0.727..0.728 rows=1 loops=1)
         ->  Limit  (cost=165745.69..165745.69 rows=1 width=84) (actual time=0.723..0.724 rows=1 loops=1)
               ->  Sort  (cost=165745.69..165745.69 rows=1 width=84) (actual time=0.721..0.721 rows=1 loops=1)
                     Sort Key: (st_distance(st_transform(s_1490.the_geom, 25833), '0101000020E9640000106EA3BE25E02341757AC89B990C5741'::geometry))
                     Sort Method: top-N heapsort  Memory: 25kB
                     ->  Seq Scan on phoml_trajectory_tmp s_1490  (cost=0.00..165745.68 rows=1 width=84) (actual time=0.037..0.648 rows=480 loops=1)
                           Filter: ((unix_time >= '1685451477.972'::double precision) AND (unix_time <= '1685451537.972'::double precision) AND st_dwithin(st_transform(the_geom, 25833), '0101000020E9640000106EA3BE25E02341757AC89B990C5741'::geometry, '300'::double precision))
                           Rows Removed by Filter: 3180
   ->  Subquery Scan on "*SELECT* 1492"  (cost=165745.69..165745.70 rows=1 width=76) (actual time=0.748..0.750 rows=1 loops=1)
         ->  Limit  (cost=165745.69..165745.69 rows=1 width=84) (actual time=0.745..0.746 rows=1 loops=1)
               ->  Sort  (cost=165745.69..165745.69 rows=1 width=84) (actual time=0.743..0.743 rows=1 loops=1)
                     Sort Key: (st_distance(st_transform(s_1491.the_geom, 25833), '0101000020E96400004EAC398327E02341CA7CBE69980C5741'::geometry))
                     Sort Method: top-N heapsort  Memory: 25kB
                     ->  Seq Scan on phoml_trajectory_tmp s_1491  (cost=0.00..165745.68 rows=1 width=84) (actual time=0.038..0.669 rows=480 loops=1)
                           Filter: ((unix_time >= '1685451478.307'::double precision) AND (unix_time <= '1685451538.307'::double precision) AND st_dwithin(st_transform(the_geom, 25833), '0101000020E96400004EAC398327E02341CA7CBE69980C5741'::geometry, '300'::double precision))
                           Rows Removed by Filter: 3180
   ->  Subquery Scan on "*SELECT* 1493"  (cost=165745.69..165745.70 rows=1 width=76) (actual time=0.737..0.738 rows=1 loops=1)
         ->  Limit  (cost=165745.69..165745.69 rows=1 width=84) (actual time=0.733..0.734 rows=1 loops=1)
               ->  Sort  (cost=165745.69..165745.69 rows=1 width=84) (actual time=0.731..0.731 rows=1 loops=1)
                     Sort Key: (st_distance(st_transform(s_1492.the_geom, 25833), '0101000020E964000054D15C5129E0234139A8DC28970C5741'::geometry))
                     Sort Method: top-N heapsort  Memory: 25kB
                     ->  Seq Scan on phoml_trajectory_tmp s_1492  (cost=0.00..165745.68 rows=1 width=84) (actual time=0.040..0.659 rows=480 loops=1)
                           Filter: ((unix_time >= '1685451478.647'::double precision) AND (unix_time <= '1685451538.647'::double precision) AND st_dwithin(st_transform(the_geom, 25833), '0101000020E964000054D15C5129E0234139A8DC28970C5741'::geometry, '300'::double precision))
                           Rows Removed by Filter: 3180
   ->  Subquery Scan on "*SELECT* 1494"  (cost=165745.69..165745.70 rows=1 width=76) (actual time=0.721..0.722 rows=1 loops=1)
         ->  Limit  (cost=165745.69..165745.69 rows=1 width=84) (actual time=0.718..0.719 rows=1 loops=1)
               ->  Sort  (cost=165745.69..165745.69 rows=1 width=84) (actual time=0.716..0.717 rows=1 loops=1)
                     Sort Key: (st_distance(st_transform(s_1493.the_geom, 25833), '0101000020E9640000A66FF0042BE02341B87941EC950C5741'::geometry))
                     Sort Method: top-N heapsort  Memory: 25kB
                     ->  Seq Scan on phoml_trajectory_tmp s_1493  (cost=0.00..165745.68 rows=1 width=84) (actual time=0.037..0.642 rows=480 loops=1)
                           Filter: ((unix_time >= '1685451478.997'::double precision) AND (unix_time <= '1685451538.997'::double precision) AND st_dwithin(st_transform(the_geom, 25833), '0101000020E9640000A66FF0042BE02341B87941EC950C5741'::geometry, '300'::double precision))
                           Rows Removed by Filter: 3180
   ->  Subquery Scan on "*SELECT* 1495"  (cost=165745.69..165745.70 rows=1 width=76) (actual time=0.733..0.734 rows=1 loops=1)
         ->  Limit  (cost=165745.69..165745.69 rows=1 width=84) (actual time=0.730..0.731 rows=1 loops=1)
               ->  Sort  (cost=165745.69..165745.69 rows=1 width=84) (actual time=0.728..0.728 rows=1 loops=1)
                     Sort Key: (st_distance(st_transform(s_1494.the_geom, 25833), '0101000020E964000039CDA4BA2CE02341ADF910AF940C5741'::geometry))
                     Sort Method: top-N heapsort  Memory: 25kB
                     ->  Seq Scan on phoml_trajectory_tmp s_1494  (cost=0.00..165745.68 rows=1 width=84) (actual time=0.044..0.656 rows=480 loops=1)
                           Filter: ((unix_time >= '1685451479.34'::double precision) AND (unix_time <= '1685451539.34'::double precision) AND st_dwithin(st_transform(the_geom, 25833), '0101000020E964000039CDA4BA2CE02341ADF910AF940C5741'::geometry, '300'::double precision))
                           Rows Removed by Filter: 3180
   ->  Subquery Scan on "*SELECT* 1496"  (cost=165745.69..165745.70 rows=1 width=76) (actual time=0.735..0.736 rows=1 loops=1)
         ->  Limit  (cost=165745.69..165745.69 rows=1 width=84) (actual time=0.732..0.732 rows=1 loops=1)
               ->  Sort  (cost=165745.69..165745.69 rows=1 width=84) (actual time=0.729..0.730 rows=1 loops=1)
                     Sort Key: (st_distance(st_transform(s_1495.the_geom, 25833), '0101000020E9640000B377916D2EE0234110590080930C5741'::geometry))
                     Sort Method: top-N heapsort  Memory: 25kB
                     ->  Seq Scan on phoml_trajectory_tmp s_1495  (cost=0.00..165745.68 rows=1 width=84) (actual time=0.038..0.656 rows=480 loops=1)
                           Filter: ((unix_time >= '1685451479.67'::double precision) AND (unix_time <= '1685451539.67'::double precision) AND st_dwithin(st_transform(the_geom, 25833), '0101000020E9640000B377916D2EE0234110590080930C5741'::geometry, '300'::double precision))
                           Rows Removed by Filter: 3180
   ->  Subquery Scan on "*SELECT* 1497"  (cost=165745.69..165745.70 rows=1 width=76) (actual time=0.735..0.736 rows=1 loops=1)
         ->  Limit  (cost=165745.69..165745.69 rows=1 width=84) (actual time=0.731..0.732 rows=1 loops=1)
               ->  Sort  (cost=165745.69..165745.69 rows=1 width=84) (actual time=0.729..0.729 rows=1 loops=1)
                     Sort Key: (st_distance(st_transform(s_1496.the_geom, 25833), '0101000020E964000063B2A13230E023415753F040920C5741'::geometry))
                     Sort Method: top-N heapsort  Memory: 25kB
                     ->  Seq Scan on phoml_trajectory_tmp s_1496  (cost=0.00..165745.68 rows=1 width=84) (actual time=0.041..0.655 rows=480 loops=1)
                           Filter: ((unix_time >= '1685451480.01'::double precision) AND (unix_time <= '1685451540.01'::double precision) AND st_dwithin(st_transform(the_geom, 25833), '0101000020E964000063B2A13230E023415753F040920C5741'::geometry, '300'::double precision))
                           Rows Removed by Filter: 3180
   ->  Subquery Scan on "*SELECT* 1498"  (cost=165745.69..165745.70 rows=1 width=76) (actual time=0.726..0.727 rows=1 loops=1)
         ->  Limit  (cost=165745.69..165745.69 rows=1 width=84) (actual time=0.724..0.725 rows=1 loops=1)
               ->  Sort  (cost=165745.69..165745.69 rows=1 width=84) (actual time=0.721..0.722 rows=1 loops=1)
                     Sort Key: (st_distance(st_transform(s_1497.the_geom, 25833), '0101000020E9640000233358F331E023414858F001910C5741'::geometry))
                     Sort Method: top-N heapsort  Memory: 25kB
                     ->  Seq Scan on phoml_trajectory_tmp s_1497  (cost=0.00..165745.68 rows=1 width=84) (actual time=0.039..0.649 rows=480 loops=1)
                           Filter: ((unix_time >= '1685451480.353'::double precision) AND (unix_time <= '1685451540.353'::double precision) AND st_dwithin(st_transform(the_geom, 25833), '0101000020E9640000233358F331E023414858F001910C5741'::geometry, '300'::double precision))
                           Rows Removed by Filter: 3180
   ->  Subquery Scan on "*SELECT* 1499"  (cost=165745.69..165745.70 rows=1 width=76) (actual time=0.728..0.729 rows=1 loops=1)
         ->  Limit  (cost=165745.69..165745.69 rows=1 width=84) (actual time=0.725..0.726 rows=1 loops=1)
               ->  Sort  (cost=165745.69..165745.69 rows=1 width=84) (actual time=0.723..0.723 rows=1 loops=1)
                     Sort Key: (st_distance(st_transform(s_1498.the_geom, 25833), '0101000020E9640000B06A2BBE33E02341FA8C32D68F0C5741'::geometry))
                     Sort Method: top-N heapsort  Memory: 25kB
                     ->  Seq Scan on phoml_trajectory_tmp s_1498  (cost=0.00..165745.68 rows=1 width=84) (actual time=0.037..0.650 rows=480 loops=1)
                           Filter: ((unix_time >= '1685451480.673'::double precision) AND (unix_time <= '1685451540.673'::double precision) AND st_dwithin(st_transform(the_geom, 25833), '0101000020E9640000B06A2BBE33E02341FA8C32D68F0C5741'::geometry, '300'::double precision))
                           Rows Removed by Filter: 3180
   ->  Subquery Scan on "*SELECT* 1500"  (cost=165745.69..165745.70 rows=1 width=76) (actual time=0.731..0.732 rows=1 loops=1)
         ->  Limit  (cost=165745.69..165745.69 rows=1 width=84) (actual time=0.727..0.728 rows=1 loops=1)
               ->  Sort  (cost=165745.69..165745.69 rows=1 width=84) (actual time=0.725..0.725 rows=1 loops=1)
                     Sort Key: (st_distance(st_transform(s_1499.the_geom, 25833), '0101000020E9640000AFCB769835E02341F0803F868E0C5741'::geometry))
                     Sort Method: top-N heapsort  Memory: 25kB
                     ->  Seq Scan on phoml_trajectory_tmp s_1499  (cost=0.00..165745.68 rows=1 width=84) (actual time=0.038..0.651 rows=480 loops=1)
                           Filter: ((unix_time >= '1685451481.023'::double precision) AND (unix_time <= '1685451541.023'::double precision) AND st_dwithin(st_transform(the_geom, 25833), '0101000020E9640000AFCB769835E02341F0803F868E0C5741'::geometry, '300'::double precision))
                           Rows Removed by Filter: 3180
   ->  Subquery Scan on "*SELECT* 1501"  (cost=165745.69..165745.70 rows=1 width=76) (actual time=0.756..0.758 rows=1 loops=1)
         ->  Limit  (cost=165745.69..165745.69 rows=1 width=84) (actual time=0.752..0.753 rows=1 loops=1)
               ->  Sort  (cost=165745.69..165745.69 rows=1 width=84) (actual time=0.750..0.751 rows=1 loops=1)
                     Sort Key: (st_distance(st_transform(s_1500.the_geom, 25833), '0101000020E9640000C02D838037E02341E36EF64D8D0C5741'::geometry))
                     Sort Method: top-N heapsort  Memory: 25kB
                     ->  Seq Scan on phoml_trajectory_tmp s_1500  (cost=0.00..165745.68 rows=1 width=84) (actual time=0.044..0.679 rows=480 loops=1)
                           Filter: ((unix_time >= '1685451481.361'::double precision) AND (unix_time <= '1685451541.361'::double precision) AND st_dwithin(st_transform(the_geom, 25833), '0101000020E9640000C02D838037E02341E36EF64D8D0C5741'::geometry, '300'::double precision))
                           Rows Removed by Filter: 3180
   ->  Subquery Scan on "*SELECT* 1502"  (cost=165745.69..165745.70 rows=1 width=76) (actual time=0.731..0.732 rows=1 loops=1)
         ->  Limit  (cost=165745.69..165745.69 rows=1 width=84) (actual time=0.728..0.728 rows=1 loops=1)
               ->  Sort  (cost=165745.69..165745.69 rows=1 width=84) (actual time=0.725..0.726 rows=1 loops=1)
                     Sort Key: (st_distance(st_transform(s_1501.the_geom, 25833), '0101000020E96400009DA6FA4939E02341810E1D158C0C5741'::geometry))
                     Sort Method: top-N heapsort  Memory: 25kB
                     ->  Seq Scan on phoml_trajectory_tmp s_1501  (cost=0.00..165745.68 rows=1 width=84) (actual time=0.038..0.652 rows=480 loops=1)
                           Filter: ((unix_time >= '1685451481.691'::double precision) AND (unix_time <= '1685451541.691'::double precision) AND st_dwithin(st_transform(the_geom, 25833), '0101000020E96400009DA6FA4939E02341810E1D158C0C5741'::geometry, '300'::double precision))
                           Rows Removed by Filter: 3180
   ->  Subquery Scan on "*SELECT* 1503"  (cost=165745.69..165745.70 rows=1 width=76) (actual time=0.733..0.734 rows=1 loops=1)
         ->  Limit  (cost=165745.69..165745.69 rows=1 width=84) (actual time=0.729..0.730 rows=1 loops=1)
               ->  Sort  (cost=165745.69..165745.69 rows=1 width=84) (actual time=0.727..0.727 rows=1 loops=1)
                     Sort Key: (st_distance(st_transform(s_1502.the_geom, 25833), '0101000020E964000072E091033BE023410D7A81D78A0C5741'::geometry))
                     Sort Method: top-N heapsort  Memory: 25kB
                     ->  Seq Scan on phoml_trajectory_tmp s_1502  (cost=0.00..165745.68 rows=1 width=84) (actual time=0.038..0.654 rows=480 loops=1)
                           Filter: ((unix_time >= '1685451482.021'::double precision) AND (unix_time <= '1685451542.021'::double precision) AND st_dwithin(st_transform(the_geom, 25833), '0101000020E964000072E091033BE023410D7A81D78A0C5741'::geometry, '300'::double precision))
                           Rows Removed by Filter: 3180
   ->  Subquery Scan on "*SELECT* 1504"  (cost=165745.69..165745.70 rows=1 width=76) (actual time=0.724..0.725 rows=1 loops=1)
         ->  Limit  (cost=165745.69..165745.69 rows=1 width=84) (actual time=0.722..0.722 rows=1 loops=1)
               ->  Sort  (cost=165745.69..165745.69 rows=1 width=84) (actual time=0.719..0.720 rows=1 loops=1)
                     Sort Key: (st_distance(st_transform(s_1503.the_geom, 25833), '0101000020E96400000FCD61CD3CE023418AFFDE9B890C5741'::geometry))
                     Sort Method: top-N heapsort  Memory: 25kB
                     ->  Seq Scan on phoml_trajectory_tmp s_1503  (cost=0.00..165745.68 rows=1 width=84) (actual time=0.039..0.646 rows=480 loops=1)
                           Filter: ((unix_time >= '1685451482.354'::double precision) AND (unix_time <= '1685451542.354'::double precision) AND st_dwithin(st_transform(the_geom, 25833), '0101000020E96400000FCD61CD3CE023418AFFDE9B890C5741'::geometry, '300'::double precision))
                           Rows Removed by Filter: 3180
   ->  Subquery Scan on "*SELECT* 1505"  (cost=165745.69..165745.70 rows=1 width=76) (actual time=0.734..0.736 rows=1 loops=1)
         ->  Limit  (cost=165745.69..165745.69 rows=1 width=84) (actual time=0.731..0.732 rows=1 loops=1)
               ->  Sort  (cost=165745.69..165745.69 rows=1 width=84) (actual time=0.728..0.729 rows=1 loops=1)
                     Sort Key: (st_distance(st_transform(s_1504.the_geom, 25833), '0101000020E964000005BCD15A3EE0234191272A6D880C5741'::geometry))
                     Sort Method: top-N heapsort  Memory: 25kB
                     ->  Seq Scan on phoml_trajectory_tmp s_1504  (cost=0.00..165745.68 rows=1 width=84) (actual time=0.045..0.656 rows=480 loops=1)
                           Filter: ((unix_time >= '1685451482.674'::double precision) AND (unix_time <= '1685451542.674'::double precision) AND st_dwithin(st_transform(the_geom, 25833), '0101000020E964000005BCD15A3EE0234191272A6D880C5741'::geometry, '300'::double precision))
                           Rows Removed by Filter: 3180
   ->  Subquery Scan on "*SELECT* 1506"  (cost=165745.69..165745.70 rows=1 width=76) (actual time=0.732..0.733 rows=1 loops=1)
         ->  Limit  (cost=165745.69..165745.69 rows=1 width=84) (actual time=0.729..0.730 rows=1 loops=1)
               ->  Sort  (cost=165745.69..165745.69 rows=1 width=84) (actual time=0.727..0.727 rows=1 loops=1)
                     Sort Key: (st_distance(st_transform(s_1505.the_geom, 25833), '0101000020E9640000D0946B2A40E02341A79A2F2A870C5741'::geometry))
                     Sort Method: top-N heapsort  Memory: 25kB
                     ->  Seq Scan on phoml_trajectory_tmp s_1505  (cost=0.00..165745.68 rows=1 width=84) (actual time=0.038..0.648 rows=480 loops=1)
                           Filter: ((unix_time >= '1685451483.014'::double precision) AND (unix_time <= '1685451543.014'::double precision) AND st_dwithin(st_transform(the_geom, 25833), '0101000020E9640000D0946B2A40E02341A79A2F2A870C5741'::geometry, '300'::double precision))
                           Rows Removed by Filter: 3180
   ->  Subquery Scan on "*SELECT* 1507"  (cost=165745.69..165745.70 rows=1 width=76) (actual time=0.723..0.724 rows=1 loops=1)
         ->  Limit  (cost=165745.69..165745.69 rows=1 width=84) (actual time=0.720..0.721 rows=1 loops=1)
               ->  Sort  (cost=165745.69..165745.69 rows=1 width=84) (actual time=0.718..0.718 rows=1 loops=1)
                     Sort Key: (st_distance(st_transform(s_1506.the_geom, 25833), '0101000020E96400005CE347C041E02341193092F3850C5741'::geometry))
                     Sort Method: top-N heapsort  Memory: 25kB
                     ->  Seq Scan on phoml_trajectory_tmp s_1506  (cost=0.00..165745.68 rows=1 width=84) (actual time=0.037..0.642 rows=480 loops=1)
                           Filter: ((unix_time >= '1685451483.341'::double precision) AND (unix_time <= '1685451543.341'::double precision) AND st_dwithin(st_transform(the_geom, 25833), '0101000020E96400005CE347C041E02341193092F3850C5741'::geometry, '300'::double precision))
                           Rows Removed by Filter: 3180
   ->  Subquery Scan on "*SELECT* 1508"  (cost=165745.69..165745.70 rows=1 width=76) (actual time=0.719..0.720 rows=1 loops=1)
         ->  Limit  (cost=165745.69..165745.69 rows=1 width=84) (actual time=0.717..0.717 rows=1 loops=1)
               ->  Sort  (cost=165745.69..165745.69 rows=1 width=84) (actual time=0.714..0.714 rows=1 loops=1)
                     Sort Key: (st_distance(st_transform(s_1507.the_geom, 25833), '0101000020E9640000FB13517643E02341DAC139BD840C5741'::geometry))
                     Sort Method: top-N heapsort  Memory: 25kB
                     ->  Seq Scan on phoml_trajectory_tmp s_1507  (cost=0.00..165745.68 rows=1 width=84) (actual time=0.041..0.641 rows=480 loops=1)
                           Filter: ((unix_time >= '1685451483.661'::double precision) AND (unix_time <= '1685451543.661'::double precision) AND st_dwithin(st_transform(the_geom, 25833), '0101000020E9640000FB13517643E02341DAC139BD840C5741'::geometry, '300'::double precision))
                           Rows Removed by Filter: 3180
   ->  Subquery Scan on "*SELECT* 1509"  (cost=165745.69..165745.70 rows=1 width=76) (actual time=0.728..0.729 rows=1 loops=1)
         ->  Limit  (cost=165745.69..165745.69 rows=1 width=84) (actual time=0.724..0.724 rows=1 loops=1)
               ->  Sort  (cost=165745.69..165745.69 rows=1 width=84) (actual time=0.721..0.722 rows=1 loops=1)
                     Sort Key: (st_distance(st_transform(s_1508.the_geom, 25833), '0101000020E9640000670EA50645E0234113FA8080830C5741'::geometry))
                     Sort Method: top-N heapsort  Memory: 25kB
                     ->  Seq Scan on phoml_trajectory_tmp s_1508  (cost=0.00..165745.68 rows=1 width=84) (actual time=0.038..0.649 rows=480 loops=1)
                           Filter: ((unix_time >= '1685451483.991'::double precision) AND (unix_time <= '1685451543.991'::double precision) AND st_dwithin(st_transform(the_geom, 25833), '0101000020E9640000670EA50645E0234113FA8080830C5741'::geometry, '300'::double precision))
                           Rows Removed by Filter: 3180
   ->  Subquery Scan on "*SELECT* 1510"  (cost=165745.69..165745.70 rows=1 width=76) (actual time=0.758..0.759 rows=1 loops=1)
         ->  Limit  (cost=165745.69..165745.69 rows=1 width=84) (actual time=0.750..0.751 rows=1 loops=1)
               ->  Sort  (cost=165745.69..165745.69 rows=1 width=84) (actual time=0.748..0.748 rows=1 loops=1)
                     Sort Key: (st_distance(st_transform(s_1509.the_geom, 25833), '0101000020E9640000808A76BF46E02341FC44C449820C5741'::geometry))
                     Sort Method: top-N heapsort  Memory: 25kB
                     ->  Seq Scan on phoml_trajectory_tmp s_1509  (cost=0.00..165745.68 rows=1 width=84) (actual time=0.038..0.672 rows=480 loops=1)
                           Filter: ((unix_time >= '1685451484.321'::double precision) AND (unix_time <= '1685451544.321'::double precision) AND st_dwithin(st_transform(the_geom, 25833), '0101000020E9640000808A76BF46E02341FC44C449820C5741'::geometry, '300'::double precision))
                           Rows Removed by Filter: 3180
   ->  Subquery Scan on "*SELECT* 1511"  (cost=165745.69..165745.70 rows=1 width=76) (actual time=0.744..0.745 rows=1 loops=1)
         ->  Limit  (cost=165745.69..165745.69 rows=1 width=84) (actual time=0.739..0.740 rows=1 loops=1)
               ->  Sort  (cost=165745.69..165745.69 rows=1 width=84) (actual time=0.737..0.737 rows=1 loops=1)
                     Sort Key: (st_distance(st_transform(s_1510.the_geom, 25833), '0101000020E96400005A9F4D6048E0234196869711810C5741'::geometry))
                     Sort Method: top-N heapsort  Memory: 25kB
                     ->  Seq Scan on phoml_trajectory_tmp s_1510  (cost=0.00..165745.68 rows=1 width=84) (actual time=0.043..0.664 rows=480 loops=1)
                           Filter: ((unix_time >= '1685451484.641'::double precision) AND (unix_time <= '1685451544.641'::double precision) AND st_dwithin(st_transform(the_geom, 25833), '0101000020E96400005A9F4D6048E0234196869711810C5741'::geometry, '300'::double precision))
                           Rows Removed by Filter: 3180
   ->  Subquery Scan on "*SELECT* 1512"  (cost=165745.69..165745.70 rows=1 width=76) (actual time=0.728..0.729 rows=1 loops=1)
         ->  Limit  (cost=165745.69..165745.69 rows=1 width=84) (actual time=0.726..0.727 rows=1 loops=1)
               ->  Sort  (cost=165745.69..165745.69 rows=1 width=84) (actual time=0.720..0.721 rows=1 loops=1)
                     Sort Key: (st_distance(st_transform(s_1511.the_geom, 25833), '0101000020E964000095BB602B4AE023412A8D9DCA7F0C5741'::geometry))
                     Sort Method: top-N heapsort  Memory: 25kB
                     ->  Seq Scan on phoml_trajectory_tmp s_1511  (cost=0.00..165745.68 rows=1 width=84) (actual time=0.041..0.643 rows=480 loops=1)
                           Filter: ((unix_time >= '1685451484.981'::double precision) AND (unix_time <= '1685451544.981'::double precision) AND st_dwithin(st_transform(the_geom, 25833), '0101000020E964000095BB602B4AE023412A8D9DCA7F0C5741'::geometry, '300'::double precision))
                           Rows Removed by Filter: 3180
   ->  Subquery Scan on "*SELECT* 1513"  (cost=165745.69..165745.70 rows=1 width=76) (actual time=0.730..0.731 rows=1 loops=1)
         ->  Limit  (cost=165745.69..165745.69 rows=1 width=84) (actual time=0.726..0.727 rows=1 loops=1)
               ->  Sort  (cost=165745.69..165745.69 rows=1 width=84) (actual time=0.724..0.725 rows=1 loops=1)
                     Sort Key: (st_distance(st_transform(s_1512.the_geom, 25833), '0101000020E9640000A5EB6C0C4CE0234150C3D49B7E0C5741'::geometry))
                     Sort Method: top-N heapsort  Memory: 25kB
                     ->  Seq Scan on phoml_trajectory_tmp s_1512  (cost=0.00..165745.68 rows=1 width=84) (actual time=0.042..0.650 rows=480 loops=1)
                           Filter: ((unix_time >= '1685451485.295'::double precision) AND (unix_time <= '1685451545.295'::double precision) AND st_dwithin(st_transform(the_geom, 25833), '0101000020E9640000A5EB6C0C4CE0234150C3D49B7E0C5741'::geometry, '300'::double precision))
                           Rows Removed by Filter: 3180
   ->  Subquery Scan on "*SELECT* 1514"  (cost=165745.69..165745.70 rows=1 width=76) (actual time=0.744..0.745 rows=1 loops=1)
         ->  Limit  (cost=165745.69..165745.69 rows=1 width=84) (actual time=0.740..0.741 rows=1 loops=1)
               ->  Sort  (cost=165745.69..165745.69 rows=1 width=84) (actual time=0.738..0.739 rows=1 loops=1)
                     Sort Key: (st_distance(st_transform(s_1513.the_geom, 25833), '0101000020E96400000927A4ED4DE02341E513AF517D0C5741'::geometry))
                     Sort Method: top-N heapsort  Memory: 25kB
                     ->  Seq Scan on phoml_trajectory_tmp s_1513  (cost=0.00..165745.68 rows=1 width=84) (actual time=0.038..0.657 rows=476 loops=1)
                           Filter: ((unix_time >= '1685451485.635'::double precision) AND (unix_time <= '1685451545.635'::double precision) AND st_dwithin(st_transform(the_geom, 25833), '0101000020E96400000927A4ED4DE02341E513AF517D0C5741'::geometry, '300'::double precision))
                           Rows Removed by Filter: 3184
   ->  Subquery Scan on "*SELECT* 1515"  (cost=165745.69..165745.70 rows=1 width=76) (actual time=1.133..1.135 rows=1 loops=1)
         ->  Limit  (cost=165745.69..165745.69 rows=1 width=84) (actual time=1.119..1.119 rows=1 loops=1)
               ->  Sort  (cost=165745.69..165745.69 rows=1 width=84) (actual time=1.116..1.116 rows=1 loops=1)
                     Sort Key: (st_distance(st_transform(s_1514.the_geom, 25833), '0101000020E96400008B7F3CBA4FE0234160E354117C0C5741'::geometry))
                     Sort Method: top-N heapsort  Memory: 25kB
                     ->  Seq Scan on phoml_trajectory_tmp s_1514  (cost=0.00..165745.68 rows=1 width=84) (actual time=0.040..1.006 rows=480 loops=1)
                           Filter: ((unix_time >= '1685451485.965'::double precision) AND (unix_time <= '1685451545.965'::double precision) AND st_dwithin(st_transform(the_geom, 25833), '0101000020E96400008B7F3CBA4FE0234160E354117C0C5741'::geometry, '300'::double precision))
                           Rows Removed by Filter: 3180
   ->  Subquery Scan on "*SELECT* 1516"  (cost=165745.69..165745.70 rows=1 width=76) (actual time=0.754..0.755 rows=1 loops=1)
         ->  Limit  (cost=165745.69..165745.69 rows=1 width=84) (actual time=0.751..0.752 rows=1 loops=1)
               ->  Sort  (cost=165745.69..165745.69 rows=1 width=84) (actual time=0.748..0.749 rows=1 loops=1)
                     Sort Key: (st_distance(st_transform(s_1515.the_geom, 25833), '0101000020E9640000CE61819251E02341AE5638D67A0C5741'::geometry))
                     Sort Method: top-N heapsort  Memory: 25kB
                     ->  Seq Scan on phoml_trajectory_tmp s_1515  (cost=0.00..165745.68 rows=1 width=84) (actual time=0.074..0.673 rows=480 loops=1)
                           Filter: ((unix_time >= '1685451486.292'::double precision) AND (unix_time <= '1685451546.292'::double precision) AND st_dwithin(st_transform(the_geom, 25833), '0101000020E9640000CE61819251E02341AE5638D67A0C5741'::geometry, '300'::double precision))
                           Rows Removed by Filter: 3180
   ->  Subquery Scan on "*SELECT* 1517"  (cost=165745.69..165745.70 rows=1 width=76) (actual time=0.740..0.742 rows=1 loops=1)
         ->  Limit  (cost=165745.69..165745.69 rows=1 width=84) (actual time=0.736..0.737 rows=1 loops=1)
               ->  Sort  (cost=165745.69..165745.69 rows=1 width=84) (actual time=0.734..0.734 rows=1 loops=1)
                     Sort Key: (st_distance(st_transform(s_1516.the_geom, 25833), '0101000020E96400005CD33D6353E02341AAFA6995790C5741'::geometry))
                     Sort Method: top-N heapsort  Memory: 25kB
                     ->  Seq Scan on phoml_trajectory_tmp s_1516  (cost=0.00..165745.68 rows=1 width=84) (actual time=0.047..0.661 rows=480 loops=1)
                           Filter: ((unix_time >= '1685451486.632'::double precision) AND (unix_time <= '1685451546.632'::double precision) AND st_dwithin(st_transform(the_geom, 25833), '0101000020E96400005CD33D6353E02341AAFA6995790C5741'::geometry, '300'::double precision))
                           Rows Removed by Filter: 3180
   ->  Subquery Scan on "*SELECT* 1518"  (cost=165745.69..165745.70 rows=1 width=76) (actual time=0.731..0.732 rows=1 loops=1)
         ->  Limit  (cost=165745.69..165745.69 rows=1 width=84) (actual time=0.727..0.728 rows=1 loops=1)
               ->  Sort  (cost=165745.69..165745.69 rows=1 width=84) (actual time=0.725..0.725 rows=1 loops=1)
                     Sort Key: (st_distance(st_transform(s_1517.the_geom, 25833), '0101000020E9640000AD31EA4455E02341C449F85D780C5741'::geometry))
                     Sort Method: top-N heapsort  Memory: 25kB
                     ->  Seq Scan on phoml_trajectory_tmp s_1517  (cost=0.00..165745.68 rows=1 width=84) (actual time=0.042..0.646 rows=476 loops=1)
                           Filter: ((unix_time >= '1685451486.962'::double precision) AND (unix_time <= '1685451546.962'::double precision) AND st_dwithin(st_transform(the_geom, 25833), '0101000020E9640000AD31EA4455E02341C449F85D780C5741'::geometry, '300'::double precision))
                           Rows Removed by Filter: 3184
   ->  Subquery Scan on "*SELECT* 1519"  (cost=165745.69..165745.70 rows=1 width=76) (actual time=0.707..0.708 rows=1 loops=1)
         ->  Limit  (cost=165745.69..165745.69 rows=1 width=84) (actual time=0.705..0.706 rows=1 loops=1)
               ->  Sort  (cost=165745.69..165745.69 rows=1 width=84) (actual time=0.703..0.703 rows=1 loops=1)
                     Sort Key: (st_distance(st_transform(s_1518.the_geom, 25833), '0101000020E964000090C1C70057E0234154350F20770C5741'::geometry))
                     Sort Method: top-N heapsort  Memory: 25kB
                     ->  Seq Scan on phoml_trajectory_tmp s_1518  (cost=0.00..165745.68 rows=1 width=84) (actual time=0.037..0.628 rows=480 loops=1)
                           Filter: ((unix_time >= '1685451487.293'::double precision) AND (unix_time <= '1685451547.293'::double precision) AND st_dwithin(st_transform(the_geom, 25833), '0101000020E964000090C1C70057E0234154350F20770C5741'::geometry, '300'::double precision))
                           Rows Removed by Filter: 3180
   ->  Subquery Scan on "*SELECT* 1520"  (cost=165745.69..165745.70 rows=1 width=76) (actual time=0.733..0.735 rows=1 loops=1)
         ->  Limit  (cost=165745.69..165745.69 rows=1 width=84) (actual time=0.730..0.731 rows=1 loops=1)
               ->  Sort  (cost=165745.69..165745.69 rows=1 width=84) (actual time=0.728..0.728 rows=1 loops=1)
                     Sort Key: (st_distance(st_transform(s_1519.the_geom, 25833), '0101000020E964000049D756AC58E023415C69F7F1750C5741'::geometry))
                     Sort Method: top-N heapsort  Memory: 25kB
                     ->  Seq Scan on phoml_trajectory_tmp s_1519  (cost=0.00..165745.68 rows=1 width=84) (actual time=0.038..0.654 rows=480 loops=1)
                           Filter: ((unix_time >= '1685451487.623'::double precision) AND (unix_time <= '1685451547.623'::double precision) AND st_dwithin(st_transform(the_geom, 25833), '0101000020E964000049D756AC58E023415C69F7F1750C5741'::geometry, '300'::double precision))
                           Rows Removed by Filter: 3180
   ->  Subquery Scan on "*SELECT* 1521"  (cost=165745.69..165745.70 rows=1 width=76) (actual time=0.724..0.725 rows=1 loops=1)
         ->  Limit  (cost=165745.69..165745.69 rows=1 width=84) (actual time=0.720..0.721 rows=1 loops=1)
               ->  Sort  (cost=165745.69..165745.69 rows=1 width=84) (actual time=0.717..0.718 rows=1 loops=1)
                     Sort Key: (st_distance(st_transform(s_1520.the_geom, 25833), '0101000020E96400007009165C5AE02341D7A157AE740C5741'::geometry))
                     Sort Method: top-N heapsort  Memory: 25kB
                     ->  Seq Scan on phoml_trajectory_tmp s_1520  (cost=0.00..165745.68 rows=1 width=84) (actual time=0.041..0.646 rows=480 loops=1)
                           Filter: ((unix_time >= '1685451487.963'::double precision) AND (unix_time <= '1685451547.963'::double precision) AND st_dwithin(st_transform(the_geom, 25833), '0101000020E96400007009165C5AE02341D7A157AE740C5741'::geometry, '300'::double precision))
                           Rows Removed by Filter: 3180
   ->  Subquery Scan on "*SELECT* 1522"  (cost=165745.69..165745.70 rows=1 width=76) (actual time=0.723..0.723 rows=1 loops=1)
         ->  Limit  (cost=165745.69..165745.69 rows=1 width=84) (actual time=0.719..0.720 rows=1 loops=1)
               ->  Sort  (cost=165745.69..165745.69 rows=1 width=84) (actual time=0.717..0.717 rows=1 loops=1)
                     Sort Key: (st_distance(st_transform(s_1521.the_geom, 25833), '0101000020E9640000BACB221D5CE02341E2EB337B730C5741'::geometry))
                     Sort Method: top-N heapsort  Memory: 25kB
                     ->  Seq Scan on phoml_trajectory_tmp s_1521  (cost=0.00..165745.68 rows=1 width=84) (actual time=0.038..0.643 rows=480 loops=1)
                           Filter: ((unix_time >= '1685451488.301'::double precision) AND (unix_time <= '1685451548.301'::double precision) AND st_dwithin(st_transform(the_geom, 25833), '0101000020E9640000BACB221D5CE02341E2EB337B730C5741'::geometry, '300'::double precision))
                           Rows Removed by Filter: 3180
   ->  Subquery Scan on "*SELECT* 1523"  (cost=165745.69..165745.70 rows=1 width=76) (actual time=0.714..0.715 rows=1 loops=1)
         ->  Limit  (cost=165745.69..165745.69 rows=1 width=84) (actual time=0.712..0.713 rows=1 loops=1)
               ->  Sort  (cost=165745.69..165745.69 rows=1 width=84) (actual time=0.710..0.710 rows=1 loops=1)
                     Sort Key: (st_distance(st_transform(s_1522.the_geom, 25833), '0101000020E964000072CB82EF5DE023412F34FA39720C5741'::geometry))
                     Sort Method: top-N heapsort  Memory: 25kB
                     ->  Seq Scan on phoml_trajectory_tmp s_1522  (cost=0.00..165745.68 rows=1 width=84) (actual time=0.040..0.637 rows=480 loops=1)
                           Filter: ((unix_time >= '1685451488.641'::double precision) AND (unix_time <= '1685451548.641'::double precision) AND st_dwithin(st_transform(the_geom, 25833), '0101000020E964000072CB82EF5DE023412F34FA39720C5741'::geometry, '300'::double precision))
                           Rows Removed by Filter: 3180
   ->  Subquery Scan on "*SELECT* 1524"  (cost=165745.69..165745.70 rows=1 width=76) (actual time=0.718..0.719 rows=1 loops=1)
         ->  Limit  (cost=165745.69..165745.69 rows=1 width=84) (actual time=0.713..0.713 rows=1 loops=1)
               ->  Sort  (cost=165745.69..165745.69 rows=1 width=84) (actual time=0.711..0.711 rows=1 loops=1)
                     Sort Key: (st_distance(st_transform(s_1523.the_geom, 25833), '0101000020E9640000361AB4B65FE02341FBE782FA700C5741'::geometry))
                     Sort Method: top-N heapsort  Memory: 25kB
                     ->  Seq Scan on phoml_trajectory_tmp s_1523  (cost=0.00..165745.68 rows=1 width=84) (actual time=0.037..0.633 rows=480 loops=1)
                           Filter: ((unix_time >= '1685451488.981'::double precision) AND (unix_time <= '1685451548.981'::double precision) AND st_dwithin(st_transform(the_geom, 25833), '0101000020E9640000361AB4B65FE02341FBE782FA700C5741'::geometry, '300'::double precision))
                           Rows Removed by Filter: 3180
   ->  Subquery Scan on "*SELECT* 1525"  (cost=165745.69..165745.70 rows=1 width=76) (actual time=0.728..0.729 rows=1 loops=1)
         ->  Limit  (cost=165745.69..165745.69 rows=1 width=84) (actual time=0.724..0.725 rows=1 loops=1)
               ->  Sort  (cost=165745.69..165745.69 rows=1 width=84) (actual time=0.722..0.722 rows=1 loops=1)
                     Sort Key: (st_distance(st_transform(s_1524.the_geom, 25833), '0101000020E96400003A6F778861E0234107FE34C06F0C5741'::geometry))
                     Sort Method: top-N heapsort  Memory: 25kB
                     ->  Seq Scan on phoml_trajectory_tmp s_1524  (cost=0.00..165745.68 rows=1 width=84) (actual time=0.042..0.649 rows=480 loops=1)
                           Filter: ((unix_time >= '1685451489.32'::double precision) AND (unix_time <= '1685451549.32'::double precision) AND st_dwithin(st_transform(the_geom, 25833), '0101000020E96400003A6F778861E0234107FE34C06F0C5741'::geometry, '300'::double precision))
                           Rows Removed by Filter: 3180
   ->  Subquery Scan on "*SELECT* 1526"  (cost=165745.69..165745.70 rows=1 width=76) (actual time=0.718..0.719 rows=1 loops=1)
         ->  Limit  (cost=165745.69..165745.69 rows=1 width=84) (actual time=0.714..0.715 rows=1 loops=1)
               ->  Sort  (cost=165745.69..165745.69 rows=1 width=84) (actual time=0.712..0.713 rows=1 loops=1)
                     Sort Key: (st_distance(st_transform(s_1525.the_geom, 25833), '0101000020E9640000611AF85963E02341905C097F6E0C5741'::geometry))
                     Sort Method: top-N heapsort  Memory: 25kB
                     ->  Seq Scan on phoml_trajectory_tmp s_1525  (cost=0.00..165745.68 rows=1 width=84) (actual time=0.037..0.640 rows=480 loops=1)
                           Filter: ((unix_time >= '1685451489.66'::double precision) AND (unix_time <= '1685451549.66'::double precision) AND st_dwithin(st_transform(the_geom, 25833), '0101000020E9640000611AF85963E02341905C097F6E0C5741'::geometry, '300'::double precision))
                           Rows Removed by Filter: 3180
   ->  Subquery Scan on "*SELECT* 1527"  (cost=165745.69..165745.70 rows=1 width=76) (actual time=0.709..0.710 rows=1 loops=1)
         ->  Limit  (cost=165745.69..165745.69 rows=1 width=84) (actual time=0.707..0.707 rows=1 loops=1)
               ->  Sort  (cost=165745.69..165745.69 rows=1 width=84) (actual time=0.704..0.705 rows=1 loops=1)
                     Sort Key: (st_distance(st_transform(s_1526.the_geom, 25833), '0101000020E96400003634B31F65E02341DB9F854D6D0C5741'::geometry))
                     Sort Method: top-N heapsort  Memory: 25kB
                     ->  Seq Scan on phoml_trajectory_tmp s_1526  (cost=0.00..165745.68 rows=1 width=84) (actual time=0.038..0.632 rows=480 loops=1)
                           Filter: ((unix_time >= '1685451489.99'::double precision) AND (unix_time <= '1685451549.99'::double precision) AND st_dwithin(st_transform(the_geom, 25833), '0101000020E96400003634B31F65E02341DB9F854D6D0C5741'::geometry, '300'::double precision))
                           Rows Removed by Filter: 3180
   ->  Subquery Scan on "*SELECT* 1528"  (cost=165745.69..165745.70 rows=1 width=76) (actual time=0.741..0.742 rows=1 loops=1)
         ->  Limit  (cost=165745.69..165745.69 rows=1 width=84) (actual time=0.737..0.738 rows=1 loops=1)
               ->  Sort  (cost=165745.69..165745.69 rows=1 width=84) (actual time=0.735..0.735 rows=1 loops=1)
                     Sort Key: (st_distance(st_transform(s_1527.the_geom, 25833), '0101000020E9640000FE7568EE66E02341A4458F136C0C5741'::geometry))
                     Sort Method: top-N heapsort  Memory: 25kB
                     ->  Seq Scan on phoml_trajectory_tmp s_1527  (cost=0.00..165745.68 rows=1 width=84) (actual time=0.039..0.647 rows=480 loops=1)
                           Filter: ((unix_time >= '1685451490.324'::double precision) AND (unix_time <= '1685451550.324'::double precision) AND st_dwithin(st_transform(the_geom, 25833), '0101000020E9640000FE7568EE66E02341A4458F136C0C5741'::geometry, '300'::double precision))
                           Rows Removed by Filter: 3180
   ->  Subquery Scan on "*SELECT* 1529"  (cost=165745.69..165745.70 rows=1 width=76) (actual time=0.718..0.719 rows=1 loops=1)
         ->  Limit  (cost=165745.69..165745.69 rows=1 width=84) (actual time=0.716..0.716 rows=1 loops=1)
               ->  Sort  (cost=165745.69..165745.69 rows=1 width=84) (actual time=0.713..0.714 rows=1 loops=1)
                     Sort Key: (st_distance(st_transform(s_1528.the_geom, 25833), '0101000020E96400004CF53EEB68E02341FAC273CA6A0C5741'::geometry))
                     Sort Method: top-N heapsort  Memory: 25kB
                     ->  Seq Scan on phoml_trajectory_tmp s_1528  (cost=0.00..165745.68 rows=1 width=84) (actual time=0.044..0.641 rows=480 loops=1)
                           Filter: ((unix_time >= '1685451490.674'::double precision) AND (unix_time <= '1685451550.674'::double precision) AND st_dwithin(st_transform(the_geom, 25833), '0101000020E96400004CF53EEB68E02341FAC273CA6A0C5741'::geometry, '300'::double precision))
                           Rows Removed by Filter: 3180
   ->  Subquery Scan on "*SELECT* 1530"  (cost=165745.69..165745.70 rows=1 width=76) (actual time=0.714..0.715 rows=1 loops=1)
         ->  Limit  (cost=165745.69..165745.69 rows=1 width=84) (actual time=0.711..0.712 rows=1 loops=1)
               ->  Sort  (cost=165745.69..165745.69 rows=1 width=84) (actual time=0.709..0.710 rows=1 loops=1)
                     Sort Key: (st_distance(st_transform(s_1529.the_geom, 25833), '0101000020E964000072CBB2C86AE023415D0F808C690C5741'::geometry))
                     Sort Method: top-N heapsort  Memory: 25kB
                     ->  Seq Scan on phoml_trajectory_tmp s_1529  (cost=0.00..165745.68 rows=1 width=84) (actual time=0.038..0.637 rows=480 loops=1)
                           Filter: ((unix_time >= '1685451491.024'::double precision) AND (unix_time <= '1685451551.024'::double precision) AND st_dwithin(st_transform(the_geom, 25833), '0101000020E964000072CBB2C86AE023415D0F808C690C5741'::geometry, '300'::double precision))
                           Rows Removed by Filter: 3180
   ->  Subquery Scan on "*SELECT* 1531"  (cost=165745.69..165745.70 rows=1 width=76) (actual time=0.730..0.731 rows=1 loops=1)
         ->  Limit  (cost=165745.69..165745.69 rows=1 width=84) (actual time=0.726..0.726 rows=1 loops=1)
               ->  Sort  (cost=165745.69..165745.69 rows=1 width=84) (actual time=0.723..0.724 rows=1 loops=1)
                     Sort Key: (st_distance(st_transform(s_1530.the_geom, 25833), '0101000020E964000056C867866CE02341F863DD5B680C5741'::geometry))
                     Sort Method: top-N heapsort  Memory: 25kB
                     ->  Seq Scan on phoml_trajectory_tmp s_1530  (cost=0.00..165745.68 rows=1 width=84) (actual time=0.042..0.649 rows=480 loops=1)
                           Filter: ((unix_time >= '1685451491.357'::double precision) AND (unix_time <= '1685451551.357'::double precision) AND st_dwithin(st_transform(the_geom, 25833), '0101000020E964000056C867866CE02341F863DD5B680C5741'::geometry, '300'::double precision))
                           Rows Removed by Filter: 3180
   ->  Subquery Scan on "*SELECT* 1532"  (cost=165745.69..165745.70 rows=1 width=76) (actual time=0.726..0.727 rows=1 loops=1)
         ->  Limit  (cost=165745.69..165745.69 rows=1 width=84) (actual time=0.721..0.722 rows=1 loops=1)
               ->  Sort  (cost=165745.69..165745.69 rows=1 width=84) (actual time=0.719..0.720 rows=1 loops=1)
                     Sort Key: (st_distance(st_transform(s_1531.the_geom, 25833), '0101000020E9640000067CAB2E6EE023411E3DFB19670C5741'::geometry))
                     Sort Method: top-N heapsort  Memory: 25kB
                     ->  Seq Scan on phoml_trajectory_tmp s_1531  (cost=0.00..165745.68 rows=1 width=84) (actual time=0.038..0.645 rows=480 loops=1)
                           Filter: ((unix_time >= '1685451491.707'::double precision) AND (unix_time <= '1685451551.707'::double precision) AND st_dwithin(st_transform(the_geom, 25833), '0101000020E9640000067CAB2E6EE023411E3DFB19670C5741'::geometry, '300'::double precision))
                           Rows Removed by Filter: 3180
   ->  Subquery Scan on "*SELECT* 1533"  (cost=165745.69..165745.70 rows=1 width=76) (actual time=0.714..0.715 rows=1 loops=1)
         ->  Limit  (cost=165745.69..165745.69 rows=1 width=84) (actual time=0.711..0.713 rows=1 loops=1)
               ->  Sort  (cost=165745.69..165745.69 rows=1 width=84) (actual time=0.709..0.710 rows=1 loops=1)
                     Sort Key: (st_distance(st_transform(s_1532.the_geom, 25833), '0101000020E9640000E26788FB6FE023417409F3EB650C5741'::geometry))
                     Sort Method: top-N heapsort  Memory: 25kB
                     ->  Seq Scan on phoml_trajectory_tmp s_1532  (cost=0.00..165745.68 rows=1 width=84) (actual time=0.043..0.637 rows=480 loops=1)
                           Filter: ((unix_time >= '1685451492.047'::double precision) AND (unix_time <= '1685451552.047'::double precision) AND st_dwithin(st_transform(the_geom, 25833), '0101000020E9640000E26788FB6FE023417409F3EB650C5741'::geometry, '300'::double precision))
                           Rows Removed by Filter: 3180
   ->  Subquery Scan on "*SELECT* 1534"  (cost=165745.69..165745.70 rows=1 width=76) (actual time=0.720..0.721 rows=1 loops=1)
         ->  Limit  (cost=165745.69..165745.69 rows=1 width=84) (actual time=0.715..0.716 rows=1 loops=1)
               ->  Sort  (cost=165745.69..165745.69 rows=1 width=84) (actual time=0.713..0.713 rows=1 loops=1)
                     Sort Key: (st_distance(st_transform(s_1533.the_geom, 25833), '0101000020E9640000C52C84B371E02341331450AE640C5741'::geometry))
                     Sort Method: top-N heapsort  Memory: 25kB
                     ->  Seq Scan on phoml_trajectory_tmp s_1533  (cost=0.00..165745.68 rows=1 width=84) (actual time=0.039..0.639 rows=480 loops=1)
                           Filter: ((unix_time >= '1685451492.391'::double precision) AND (unix_time <= '1685451552.391'::double precision) AND st_dwithin(st_transform(the_geom, 25833), '0101000020E9640000C52C84B371E02341331450AE640C5741'::geometry, '300'::double precision))
                           Rows Removed by Filter: 3180
   ->  Subquery Scan on "*SELECT* 1535"  (cost=165745.69..165745.70 rows=1 width=76) (actual time=0.726..0.727 rows=1 loops=1)
         ->  Limit  (cost=165745.69..165745.69 rows=1 width=84) (actual time=0.722..0.723 rows=1 loops=1)
               ->  Sort  (cost=165745.69..165745.69 rows=1 width=84) (actual time=0.718..0.718 rows=1 loops=1)
                     Sort Key: (st_distance(st_transform(s_1534.the_geom, 25833), '0101000020E9640000FB8DF46A73E02341F718CD7E630C5741'::geometry))
                     Sort Method: top-N heapsort  Memory: 25kB
                     ->  Seq Scan on phoml_trajectory_tmp s_1534  (cost=0.00..165745.68 rows=1 width=84) (actual time=0.047..0.636 rows=480 loops=1)
                           Filter: ((unix_time >= '1685451492.731'::double precision) AND (unix_time <= '1685451552.731'::double precision) AND st_dwithin(st_transform(the_geom, 25833), '0101000020E9640000FB8DF46A73E02341F718CD7E630C5741'::geometry, '300'::double precision))
                           Rows Removed by Filter: 3180
   ->  Subquery Scan on "*SELECT* 1536"  (cost=165745.69..165745.70 rows=1 width=76) (actual time=0.702..0.703 rows=1 loops=1)
         ->  Limit  (cost=165745.69..165745.69 rows=1 width=84) (actual time=0.700..0.700 rows=1 loops=1)
               ->  Sort  (cost=165745.69..165745.69 rows=1 width=84) (actual time=0.698..0.698 rows=1 loops=1)
                     Sort Key: (st_distance(st_transform(s_1535.the_geom, 25833), '0101000020E964000053B1F55575E02341E9FB8A2C620C5741'::geometry))
                     Sort Method: top-N heapsort  Memory: 25kB
                     ->  Seq Scan on phoml_trajectory_tmp s_1535  (cost=0.00..165745.68 rows=1 width=84) (actual time=0.040..0.626 rows=480 loops=1)
                           Filter: ((unix_time >= '1685451493.091'::double precision) AND (unix_time <= '1685451553.091'::double precision) AND st_dwithin(st_transform(the_geom, 25833), '0101000020E964000053B1F55575E02341E9FB8A2C620C5741'::geometry, '300'::double precision))
                           Rows Removed by Filter: 3180
   ->  Subquery Scan on "*SELECT* 1537"  (cost=165745.69..165745.70 rows=1 width=76) (actual time=0.714..0.715 rows=1 loops=1)
         ->  Limit  (cost=165745.69..165745.69 rows=1 width=84) (actual time=0.711..0.712 rows=1 loops=1)
               ->  Sort  (cost=165745.69..165745.69 rows=1 width=84) (actual time=0.709..0.710 rows=1 loops=1)
                     Sort Key: (st_distance(st_transform(s_1536.the_geom, 25833), '0101000020E96400004F7D5E2377E02341F26161F3600C5741'::geometry))
                     Sort Method: top-N heapsort  Memory: 25kB
                     ->  Seq Scan on phoml_trajectory_tmp s_1536  (cost=0.00..165745.68 rows=1 width=84) (actual time=0.049..0.633 rows=480 loops=1)
                           Filter: ((unix_time >= '1685451493.434'::double precision) AND (unix_time <= '1685451553.434'::double precision) AND st_dwithin(st_transform(the_geom, 25833), '0101000020E96400004F7D5E2377E02341F26161F3600C5741'::geometry, '300'::double precision))
                           Rows Removed by Filter: 3180
   ->  Subquery Scan on "*SELECT* 1538"  (cost=165745.69..165745.70 rows=1 width=76) (actual time=0.714..0.715 rows=1 loops=1)
         ->  Limit  (cost=165745.69..165745.69 rows=1 width=84) (actual time=0.711..0.712 rows=1 loops=1)
               ->  Sort  (cost=165745.69..165745.69 rows=1 width=84) (actual time=0.708..0.709 rows=1 loops=1)
                     Sort Key: (st_distance(st_transform(s_1537.the_geom, 25833), '0101000020E964000038C227DD78E023415010BACA5F0C5741'::geometry))
                     Sort Method: top-N heapsort  Memory: 25kB
                     ->  Seq Scan on phoml_trajectory_tmp s_1537  (cost=0.00..165745.68 rows=1 width=84) (actual time=0.040..0.634 rows=480 loops=1)
                           Filter: ((unix_time >= '1685451493.764'::double precision) AND (unix_time <= '1685451553.764'::double precision) AND st_dwithin(st_transform(the_geom, 25833), '0101000020E964000038C227DD78E023415010BACA5F0C5741'::geometry, '300'::double precision))
                           Rows Removed by Filter: 3180
   ->  Subquery Scan on "*SELECT* 1539"  (cost=165745.69..165745.70 rows=1 width=76) (actual time=0.716..0.717 rows=1 loops=1)
         ->  Limit  (cost=165745.69..165745.69 rows=1 width=84) (actual time=0.713..0.713 rows=1 loops=1)
               ->  Sort  (cost=165745.69..165745.69 rows=1 width=84) (actual time=0.710..0.711 rows=1 loops=1)
                     Sort Key: (st_distance(st_transform(s_1538.the_geom, 25833), '0101000020E9640000339AD7C47AE02341C39376845E0C5741'::geometry))
                     Sort Method: top-N heapsort  Memory: 25kB
                     ->  Seq Scan on phoml_trajectory_tmp s_1538  (cost=0.00..165745.68 rows=1 width=84) (actual time=0.040..0.637 rows=480 loops=1)
                           Filter: ((unix_time >= '1685451494.124'::double precision) AND (unix_time <= '1685451554.124'::double precision) AND st_dwithin(st_transform(the_geom, 25833), '0101000020E9640000339AD7C47AE02341C39376845E0C5741'::geometry, '300'::double precision))
                           Rows Removed by Filter: 3180
   ->  Subquery Scan on "*SELECT* 1540"  (cost=165745.69..165745.70 rows=1 width=76) (actual time=0.700..0.701 rows=1 loops=1)
         ->  Limit  (cost=165745.69..165745.69 rows=1 width=84) (actual time=0.697..0.698 rows=1 loops=1)
               ->  Sort  (cost=165745.69..165745.69 rows=1 width=84) (actual time=0.695..0.696 rows=1 loops=1)
                     Sort Key: (st_distance(st_transform(s_1539.the_geom, 25833), '0101000020E96400000405C1A27CE02341F9C1744D5D0C5741'::geometry))
                     Sort Method: top-N heapsort  Memory: 25kB
                     ->  Seq Scan on phoml_trajectory_tmp s_1539  (cost=0.00..165745.68 rows=1 width=84) (actual time=0.043..0.624 rows=480 loops=1)
                           Filter: ((unix_time >= '1685451494.465'::double precision) AND (unix_time <= '1685451554.465'::double precision) AND st_dwithin(st_transform(the_geom, 25833), '0101000020E96400000405C1A27CE02341F9C1744D5D0C5741'::geometry, '300'::double precision))
                           Rows Removed by Filter: 3180
   ->  Subquery Scan on "*SELECT* 1541"  (cost=165745.69..165745.70 rows=1 width=76) (actual time=0.709..0.710 rows=1 loops=1)
         ->  Limit  (cost=165745.69..165745.69 rows=1 width=84) (actual time=0.705..0.706 rows=1 loops=1)
               ->  Sort  (cost=165745.69..165745.69 rows=1 width=84) (actual time=0.703..0.703 rows=1 loops=1)
                     Sort Key: (st_distance(st_transform(s_1540.the_geom, 25833), '0101000020E96400009F6B05487EE02341510598195C0C5741'::geometry))
                     Sort Method: top-N heapsort  Memory: 25kB
                     ->  Seq Scan on phoml_trajectory_tmp s_1540  (cost=0.00..165745.68 rows=1 width=84) (actual time=0.041..0.630 rows=480 loops=1)
                           Filter: ((unix_time >= '1685451494.805'::double precision) AND (unix_time <= '1685451554.805'::double precision) AND st_dwithin(st_transform(the_geom, 25833), '0101000020E96400009F6B05487EE02341510598195C0C5741'::geometry, '300'::double precision))
                           Rows Removed by Filter: 3180
   ->  Subquery Scan on "*SELECT* 1542"  (cost=165745.69..165745.70 rows=1 width=76) (actual time=0.707..0.708 rows=1 loops=1)
         ->  Limit  (cost=165745.69..165745.69 rows=1 width=84) (actual time=0.704..0.705 rows=1 loops=1)
               ->  Sort  (cost=165745.69..165745.69 rows=1 width=84) (actual time=0.702..0.702 rows=1 loops=1)
                     Sort Key: (st_distance(st_transform(s_1541.the_geom, 25833), '0101000020E964000003BC3D0280E02341C967CCD95A0C5741'::geometry))
                     Sort Method: top-N heapsort  Memory: 25kB
                     ->  Seq Scan on phoml_trajectory_tmp s_1541  (cost=0.00..165745.68 rows=1 width=84) (actual time=0.039..0.628 rows=480 loops=1)
                           Filter: ((unix_time >= '1685451495.157'::double precision) AND (unix_time <= '1685451555.157'::double precision) AND st_dwithin(st_transform(the_geom, 25833), '0101000020E964000003BC3D0280E02341C967CCD95A0C5741'::geometry, '300'::double precision))
                           Rows Removed by Filter: 3180
   ->  Subquery Scan on "*SELECT* 1543"  (cost=165745.69..165745.70 rows=1 width=76) (actual time=0.724..0.725 rows=1 loops=1)
         ->  Limit  (cost=165745.69..165745.69 rows=1 width=84) (actual time=0.720..0.721 rows=1 loops=1)
               ->  Sort  (cost=165745.69..165745.69 rows=1 width=84) (actual time=0.718..0.719 rows=1 loops=1)
                     Sort Key: (st_distance(st_transform(s_1542.the_geom, 25833), '0101000020E96400006490A18781E023412D1A33A5590C5741'::geometry))
                     Sort Method: top-N heapsort  Memory: 25kB
                     ->  Seq Scan on phoml_trajectory_tmp s_1542  (cost=0.00..165745.68 rows=1 width=84) (actual time=0.040..0.644 rows=480 loops=1)
                           Filter: ((unix_time >= '1685451495.487'::double precision) AND (unix_time <= '1685451555.487'::double precision) AND st_dwithin(st_transform(the_geom, 25833), '0101000020E96400006490A18781E023412D1A33A5590C5741'::geometry, '300'::double precision))
                           Rows Removed by Filter: 3180
   ->  Subquery Scan on "*SELECT* 1544"  (cost=165745.69..165745.70 rows=1 width=76) (actual time=0.716..0.717 rows=1 loops=1)
         ->  Limit  (cost=165745.69..165745.69 rows=1 width=84) (actual time=0.713..0.714 rows=1 loops=1)
               ->  Sort  (cost=165745.69..165745.69 rows=1 width=84) (actual time=0.710..0.711 rows=1 loops=1)
                     Sort Key: (st_distance(st_transform(s_1543.the_geom, 25833), '0101000020E96400002206AE3183E023418CCEA476580C5741'::geometry))
                     Sort Method: top-N heapsort  Memory: 25kB
                     ->  Seq Scan on phoml_trajectory_tmp s_1543  (cost=0.00..165745.68 rows=1 width=84) (actual time=0.041..0.638 rows=480 loops=1)
                           Filter: ((unix_time >= '1685451495.817'::double precision) AND (unix_time <= '1685451555.817'::double precision) AND st_dwithin(st_transform(the_geom, 25833), '0101000020E96400002206AE3183E023418CCEA476580C5741'::geometry, '300'::double precision))
                           Rows Removed by Filter: 3180
   ->  Subquery Scan on "*SELECT* 1545"  (cost=165745.69..165745.70 rows=1 width=76) (actual time=0.701..0.702 rows=1 loops=1)
         ->  Limit  (cost=165745.69..165745.69 rows=1 width=84) (actual time=0.698..0.699 rows=1 loops=1)
               ->  Sort  (cost=165745.69..165745.69 rows=1 width=84) (actual time=0.696..0.696 rows=1 loops=1)
                     Sort Key: (st_distance(st_transform(s_1544.the_geom, 25833), '0101000020E9640000CCD108FB84E0234152A49628570C5741'::geometry))
                     Sort Method: top-N heapsort  Memory: 25kB
                     ->  Seq Scan on phoml_trajectory_tmp s_1544  (cost=0.00..165745.68 rows=1 width=84) (actual time=0.040..0.624 rows=480 loops=1)
                           Filter: ((unix_time >= '1685451496.177'::double precision) AND (unix_time <= '1685451556.177'::double precision) AND st_dwithin(st_transform(the_geom, 25833), '0101000020E9640000CCD108FB84E0234152A49628570C5741'::geometry, '300'::double precision))
                           Rows Removed by Filter: 3180
   ->  Subquery Scan on "*SELECT* 1546"  (cost=165745.69..165745.70 rows=1 width=76) (actual time=0.709..0.710 rows=1 loops=1)
         ->  Limit  (cost=165745.69..165745.69 rows=1 width=84) (actual time=0.706..0.707 rows=1 loops=1)
               ->  Sort  (cost=165745.69..165745.69 rows=1 width=84) (actual time=0.704..0.704 rows=1 loops=1)
                     Sort Key: (st_distance(st_transform(s_1545.the_geom, 25833), '0101000020E9640000558053B686E023417700FCF8550C5741'::geometry))
                     Sort Method: top-N heapsort  Memory: 25kB
                     ->  Seq Scan on phoml_trajectory_tmp s_1545  (cost=0.00..165745.68 rows=1 width=84) (actual time=0.049..0.626 rows=480 loops=1)
                           Filter: ((unix_time >= '1685451496.507'::double precision) AND (unix_time <= '1685451556.507'::double precision) AND st_dwithin(st_transform(the_geom, 25833), '0101000020E9640000558053B686E023417700FCF8550C5741'::geometry, '300'::double precision))
                           Rows Removed by Filter: 3180
   ->  Subquery Scan on "*SELECT* 1547"  (cost=165745.69..165745.70 rows=1 width=76) (actual time=0.728..0.729 rows=1 loops=1)
         ->  Limit  (cost=165745.69..165745.69 rows=1 width=84) (actual time=0.724..0.724 rows=1 loops=1)
               ->  Sort  (cost=165745.69..165745.69 rows=1 width=84) (actual time=0.722..0.722 rows=1 loops=1)
                     Sort Key: (st_distance(st_transform(s_1546.the_geom, 25833), '0101000020E96400003FA2678288E02341F1BD75B8540C5741'::geometry))
                     Sort Method: top-N heapsort  Memory: 25kB
                     ->  Seq Scan on phoml_trajectory_tmp s_1546  (cost=0.00..165745.68 rows=1 width=84) (actual time=0.041..0.650 rows=480 loops=1)
                           Filter: ((unix_time >= '1685451496.847'::double precision) AND (unix_time <= '1685451556.847'::double precision) AND st_dwithin(st_transform(the_geom, 25833), '0101000020E96400003FA2678288E02341F1BD75B8540C5741'::geometry, '300'::double precision))
                           Rows Removed by Filter: 3180
   ->  Subquery Scan on "*SELECT* 1548"  (cost=165745.69..165745.70 rows=1 width=76) (actual time=0.720..0.721 rows=1 loops=1)
         ->  Limit  (cost=165745.69..165745.69 rows=1 width=84) (actual time=0.717..0.717 rows=1 loops=1)
               ->  Sort  (cost=165745.69..165745.69 rows=1 width=84) (actual time=0.714..0.715 rows=1 loops=1)
                     Sort Key: (st_distance(st_transform(s_1547.the_geom, 25833), '0101000020E964000069704F3B8AE02341E5210F7D530C5741'::geometry))
                     Sort Method: top-N heapsort  Memory: 25kB
                     ->  Seq Scan on phoml_trajectory_tmp s_1547  (cost=0.00..165745.68 rows=1 width=84) (actual time=0.045..0.636 rows=480 loops=1)
                           Filter: ((unix_time >= '1685451497.18'::double precision) AND (unix_time <= '1685451557.18'::double precision) AND st_dwithin(st_transform(the_geom, 25833), '0101000020E964000069704F3B8AE02341E5210F7D530C5741'::geometry, '300'::double precision))
                           Rows Removed by Filter: 3180
   ->  Subquery Scan on "*SELECT* 1549"  (cost=165745.69..165745.70 rows=1 width=76) (actual time=0.692..0.693 rows=1 loops=1)
         ->  Limit  (cost=165745.69..165745.69 rows=1 width=84) (actual time=0.690..0.690 rows=1 loops=1)
               ->  Sort  (cost=165745.69..165745.69 rows=1 width=84) (actual time=0.688..0.688 rows=1 loops=1)
                     Sort Key: (st_distance(st_transform(s_1548.the_geom, 25833), '0101000020E9640000F07E67F88BE0234170D6593F520C5741'::geometry))
                     Sort Method: top-N heapsort  Memory: 25kB
                     ->  Seq Scan on phoml_trajectory_tmp s_1548  (cost=0.00..165745.68 rows=1 width=84) (actual time=0.040..0.611 rows=480 loops=1)
                           Filter: ((unix_time >= '1685451497.52'::double precision) AND (unix_time <= '1685451557.52'::double precision) AND st_dwithin(st_transform(the_geom, 25833), '0101000020E9640000F07E67F88BE0234170D6593F520C5741'::geometry, '300'::double precision))
                           Rows Removed by Filter: 3180
   ->  Subquery Scan on "*SELECT* 1550"  (cost=165745.69..165745.70 rows=1 width=76) (actual time=0.785..0.786 rows=1 loops=1)
         ->  Limit  (cost=165745.69..165745.69 rows=1 width=84) (actual time=0.781..0.782 rows=1 loops=1)
               ->  Sort  (cost=165745.69..165745.69 rows=1 width=84) (actual time=0.779..0.780 rows=1 loops=1)
                     Sort Key: (st_distance(st_transform(s_1549.the_geom, 25833), '0101000020E9640000BD927BC88DE023415F6C6B04510C5741'::geometry))
                     Sort Method: top-N heapsort  Memory: 25kB
                     ->  Seq Scan on phoml_trajectory_tmp s_1549  (cost=0.00..165745.68 rows=1 width=84) (actual time=0.049..0.707 rows=480 loops=1)
                           Filter: ((unix_time >= '1685451497.85'::double precision) AND (unix_time <= '1685451557.85'::double precision) AND st_dwithin(st_transform(the_geom, 25833), '0101000020E9640000BD927BC88DE023415F6C6B04510C5741'::geometry, '300'::double precision))
                           Rows Removed by Filter: 3180
   ->  Subquery Scan on "*SELECT* 1551"  (cost=165745.69..165745.70 rows=1 width=76) (actual time=0.726..0.727 rows=1 loops=1)
         ->  Limit  (cost=165745.69..165745.69 rows=1 width=84) (actual time=0.722..0.723 rows=1 loops=1)
               ->  Sort  (cost=165745.69..165745.69 rows=1 width=84) (actual time=0.720..0.720 rows=1 loops=1)
                     Sort Key: (st_distance(st_transform(s_1550.the_geom, 25833), '0101000020E96400009057BABC8FE02341FE8285C34F0C5741'::geometry))
                     Sort Method: top-N heapsort  Memory: 25kB
                     ->  Seq Scan on phoml_trajectory_tmp s_1550  (cost=0.00..165745.68 rows=1 width=84) (actual time=0.042..0.647 rows=480 loops=1)
                           Filter: ((unix_time >= '1685451498.193'::double precision) AND (unix_time <= '1685451558.193'::double precision) AND st_dwithin(st_transform(the_geom, 25833), '0101000020E96400009057BABC8FE02341FE8285C34F0C5741'::geometry, '300'::double precision))
                           Rows Removed by Filter: 3180
   ->  Subquery Scan on "*SELECT* 1552"  (cost=165745.69..165745.70 rows=1 width=76) (actual time=0.891..0.892 rows=1 loops=1)
         ->  Limit  (cost=165745.69..165745.69 rows=1 width=84) (actual time=0.876..0.877 rows=1 loops=1)
               ->  Sort  (cost=165745.69..165745.69 rows=1 width=84) (actual time=0.873..0.873 rows=1 loops=1)
                     Sort Key: (st_distance(st_transform(s_1551.the_geom, 25833), '0101000020E964000073599A8891E023416F13E18A4E0C5741'::geometry))
                     Sort Method: top-N heapsort  Memory: 25kB
                     ->  Seq Scan on phoml_trajectory_tmp s_1551  (cost=0.00..165745.68 rows=1 width=84) (actual time=0.042..0.775 rows=480 loops=1)
                           Filter: ((unix_time >= '1685451498.523'::double precision) AND (unix_time <= '1685451558.523'::double precision) AND st_dwithin(st_transform(the_geom, 25833), '0101000020E964000073599A8891E023416F13E18A4E0C5741'::geometry, '300'::double precision))
                           Rows Removed by Filter: 3180
   ->  Subquery Scan on "*SELECT* 1553"  (cost=165745.69..165745.70 rows=1 width=76) (actual time=0.757..0.758 rows=1 loops=1)
         ->  Limit  (cost=165745.69..165745.69 rows=1 width=84) (actual time=0.752..0.753 rows=1 loops=1)
               ->  Sort  (cost=165745.69..165745.69 rows=1 width=84) (actual time=0.749..0.749 rows=1 loops=1)
                     Sort Key: (st_distance(st_transform(s_1552.the_geom, 25833), '0101000020E96400000604065393E0234176677F514D0C5741'::geometry))
                     Sort Method: top-N heapsort  Memory: 25kB
                     ->  Seq Scan on phoml_trajectory_tmp s_1552  (cost=0.00..165745.68 rows=1 width=84) (actual time=0.058..0.668 rows=480 loops=1)
                           Filter: ((unix_time >= '1685451498.853'::double precision) AND (unix_time <= '1685451558.853'::double precision) AND st_dwithin(st_transform(the_geom, 25833), '0101000020E96400000604065393E0234176677F514D0C5741'::geometry, '300'::double precision))
                           Rows Removed by Filter: 3180
   ->  Subquery Scan on "*SELECT* 1554"  (cost=165745.69..165745.70 rows=1 width=76) (actual time=0.701..0.702 rows=1 loops=1)
         ->  Limit  (cost=165745.69..165745.69 rows=1 width=84) (actual time=0.699..0.699 rows=1 loops=1)
               ->  Sort  (cost=165745.69..165745.69 rows=1 width=84) (actual time=0.696..0.696 rows=1 loops=1)
                     Sort Key: (st_distance(st_transform(s_1553.the_geom, 25833), '0101000020E9640000C1F55C1595E02341D89CC1184C0C5741'::geometry))
                     Sort Method: top-N heapsort  Memory: 25kB
                     ->  Seq Scan on phoml_trajectory_tmp s_1553  (cost=0.00..165745.68 rows=1 width=84) (actual time=0.039..0.621 rows=480 loops=1)
                           Filter: ((unix_time >= '1685451499.185'::double precision) AND (unix_time <= '1685451559.185'::double precision) AND st_dwithin(st_transform(the_geom, 25833), '0101000020E9640000C1F55C1595E02341D89CC1184C0C5741'::geometry, '300'::double precision))
                           Rows Removed by Filter: 3180
   ->  Subquery Scan on "*SELECT* 1555"  (cost=165745.69..165745.70 rows=1 width=76) (actual time=0.713..0.714 rows=1 loops=1)
         ->  Limit  (cost=165745.69..165745.69 rows=1 width=84) (actual time=0.709..0.710 rows=1 loops=1)
               ->  Sort  (cost=165745.69..165745.69 rows=1 width=84) (actual time=0.707..0.707 rows=1 loops=1)
                     Sort Key: (st_distance(st_transform(s_1554.the_geom, 25833), '0101000020E964000085663EFA96E0234191D181D24A0C5741'::geometry))
                     Sort Method: top-N heapsort  Memory: 25kB
                     ->  Seq Scan on phoml_trajectory_tmp s_1554  (cost=0.00..165745.68 rows=1 width=84) (actual time=0.041..0.635 rows=480 loops=1)
                           Filter: ((unix_time >= '1685451499.525'::double precision) AND (unix_time <= '1685451559.525'::double precision) AND st_dwithin(st_transform(the_geom, 25833), '0101000020E964000085663EFA96E0234191D181D24A0C5741'::geometry, '300'::double precision))
                           Rows Removed by Filter: 3180
   ->  Subquery Scan on "*SELECT* 1556"  (cost=165745.69..165745.70 rows=1 width=76) (actual time=0.732..0.733 rows=1 loops=1)
         ->  Limit  (cost=165745.69..165745.69 rows=1 width=84) (actual time=0.727..0.728 rows=1 loops=1)
               ->  Sort  (cost=165745.69..165745.69 rows=1 width=84) (actual time=0.725..0.725 rows=1 loops=1)
                     Sort Key: (st_distance(st_transform(s_1555.the_geom, 25833), '0101000020E9640000AA9B02C498E02341B0464F99490C5741'::geometry))
                     Sort Method: top-N heapsort  Memory: 25kB
                     ->  Seq Scan on phoml_trajectory_tmp s_1555  (cost=0.00..165745.68 rows=1 width=84) (actual time=0.046..0.643 rows=480 loops=1)
                           Filter: ((unix_time >= '1685451499.855'::double precision) AND (unix_time <= '1685451559.855'::double precision) AND st_dwithin(st_transform(the_geom, 25833), '0101000020E9640000AA9B02C498E02341B0464F99490C5741'::geometry, '300'::double precision))
                           Rows Removed by Filter: 3180
   ->  Subquery Scan on "*SELECT* 1557"  (cost=165745.69..165745.70 rows=1 width=76) (actual time=0.734..0.735 rows=1 loops=1)
         ->  Limit  (cost=165745.69..165745.69 rows=1 width=84) (actual time=0.725..0.726 rows=1 loops=1)
               ->  Sort  (cost=165745.69..165745.69 rows=1 width=84) (actual time=0.722..0.723 rows=1 loops=1)
                     Sort Key: (st_distance(st_transform(s_1556.the_geom, 25833), '0101000020E964000075A1B9969AE02341D26BF25E480C5741'::geometry))
                     Sort Method: top-N heapsort  Memory: 25kB
                     ->  Seq Scan on phoml_trajectory_tmp s_1556  (cost=0.00..165745.68 rows=1 width=84) (actual time=0.041..0.645 rows=480 loops=1)
                           Filter: ((unix_time >= '1685451500.186'::double precision) AND (unix_time <= '1685451560.186'::double precision) AND st_dwithin(st_transform(the_geom, 25833), '0101000020E964000075A1B9969AE02341D26BF25E480C5741'::geometry, '300'::double precision))
                           Rows Removed by Filter: 3180
   ->  Subquery Scan on "*SELECT* 1558"  (cost=165745.69..165745.70 rows=1 width=76) (actual time=0.717..0.718 rows=1 loops=1)
         ->  Limit  (cost=165745.69..165745.69 rows=1 width=84) (actual time=0.714..0.714 rows=1 loops=1)
               ->  Sort  (cost=165745.69..165745.69 rows=1 width=84) (actual time=0.709..0.710 rows=1 loops=1)
                     Sort Key: (st_distance(st_transform(s_1557.the_geom, 25833), '0101000020E9640000F5F9506E9CE023410B374522470C5741'::geometry))
                     Sort Method: top-N heapsort  Memory: 25kB
                     ->  Seq Scan on phoml_trajectory_tmp s_1557  (cost=0.00..165745.68 rows=1 width=84) (actual time=0.051..0.629 rows=480 loops=1)
                           Filter: ((unix_time >= '1685451500.517'::double precision) AND (unix_time <= '1685451560.517'::double precision) AND st_dwithin(st_transform(the_geom, 25833), '0101000020E9640000F5F9506E9CE023410B374522470C5741'::geometry, '300'::double precision))
                           Rows Removed by Filter: 3180
   ->  Subquery Scan on "*SELECT* 1559"  (cost=165745.69..165745.70 rows=1 width=76) (actual time=0.699..0.701 rows=1 loops=1)
         ->  Limit  (cost=165745.69..165745.69 rows=1 width=84) (actual time=0.696..0.697 rows=1 loops=1)
               ->  Sort  (cost=165745.69..165745.69 rows=1 width=84) (actual time=0.693..0.694 rows=1 loops=1)
                     Sort Key: (st_distance(st_transform(s_1558.the_geom, 25833), '0101000020E96400001E14FB269EE023413C8CBDEB450C5741'::geometry))
                     Sort Method: top-N heapsort  Memory: 25kB
                     ->  Seq Scan on phoml_trajectory_tmp s_1558  (cost=0.00..165745.68 rows=1 width=84) (actual time=0.040..0.621 rows=480 loops=1)
                           Filter: ((unix_time >= '1685451500.846'::double precision) AND (unix_time <= '1685451560.846'::double precision) AND st_dwithin(st_transform(the_geom, 25833), '0101000020E96400001E14FB269EE023413C8CBDEB450C5741'::geometry, '300'::double precision))
                           Rows Removed by Filter: 3180
   ->  Subquery Scan on "*SELECT* 1560"  (cost=165745.69..165745.70 rows=1 width=76) (actual time=0.711..0.712 rows=1 loops=1)
         ->  Limit  (cost=165745.69..165745.69 rows=1 width=84) (actual time=0.707..0.708 rows=1 loops=1)
               ->  Sort  (cost=165745.69..165745.69 rows=1 width=84) (actual time=0.705..0.705 rows=1 loops=1)
                     Sort Key: (st_distance(st_transform(s_1559.the_geom, 25833), '0101000020E964000026C36603A0E02341CC37FAAD440C5741'::geometry))
                     Sort Method: top-N heapsort  Memory: 25kB
                     ->  Seq Scan on phoml_trajectory_tmp s_1559  (cost=0.00..165745.68 rows=1 width=84) (actual time=0.042..0.632 rows=480 loops=1)
                           Filter: ((unix_time >= '1685451501.18'::double precision) AND (unix_time <= '1685451561.18'::double precision) AND st_dwithin(st_transform(the_geom, 25833), '0101000020E964000026C36603A0E02341CC37FAAD440C5741'::geometry, '300'::double precision))
                           Rows Removed by Filter: 3180
   ->  Subquery Scan on "*SELECT* 1561"  (cost=165745.69..165745.70 rows=1 width=76) (actual time=0.689..0.690 rows=1 loops=1)
         ->  Limit  (cost=165745.69..165745.69 rows=1 width=84) (actual time=0.686..0.687 rows=1 loops=1)
               ->  Sort  (cost=165745.69..165745.69 rows=1 width=84) (actual time=0.684..0.684 rows=1 loops=1)
                     Sort Key: (st_distance(st_transform(s_1560.the_geom, 25833), '0101000020E96400004D0490BEA1E02341173C7C76430C5741'::geometry))
                     Sort Method: top-N heapsort  Memory: 25kB
                     ->  Seq Scan on phoml_trajectory_tmp s_1560  (cost=0.00..165745.68 rows=1 width=84) (actual time=0.042..0.609 rows=480 loops=1)
                           Filter: ((unix_time >= '1685451501.51'::double precision) AND (unix_time <= '1685451561.51'::double precision) AND st_dwithin(st_transform(the_geom, 25833), '0101000020E96400004D0490BEA1E02341173C7C76430C5741'::geometry, '300'::double precision))
                           Rows Removed by Filter: 3180
   ->  Subquery Scan on "*SELECT* 1562"  (cost=165745.69..165745.70 rows=1 width=76) (actual time=0.703..0.704 rows=1 loops=1)
         ->  Limit  (cost=165745.69..165745.69 rows=1 width=84) (actual time=0.700..0.701 rows=1 loops=1)
               ->  Sort  (cost=165745.69..165745.69 rows=1 width=84) (actual time=0.698..0.699 rows=1 loops=1)
                     Sort Key: (st_distance(st_transform(s_1561.the_geom, 25833), '0101000020E964000040AC3DA1A3E02341F2B7A03E420C5741'::geometry))
                     Sort Method: top-N heapsort  Memory: 25kB
                     ->  Seq Scan on phoml_trajectory_tmp s_1561  (cost=0.00..165745.68 rows=1 width=84) (actual time=0.048..0.626 rows=480 loops=1)
                           Filter: ((unix_time >= '1685451501.84'::double precision) AND (unix_time <= '1685451561.84'::double precision) AND st_dwithin(st_transform(the_geom, 25833), '0101000020E964000040AC3DA1A3E02341F2B7A03E420C5741'::geometry, '300'::double precision))
                           Rows Removed by Filter: 3180
   ->  Subquery Scan on "*SELECT* 1563"  (cost=165745.69..165745.70 rows=1 width=76) (actual time=0.706..0.707 rows=1 loops=1)
         ->  Limit  (cost=165745.69..165745.69 rows=1 width=84) (actual time=0.703..0.703 rows=1 loops=1)
               ->  Sort  (cost=165745.69..165745.69 rows=1 width=84) (actual time=0.701..0.701 rows=1 loops=1)
                     Sort Key: (st_distance(st_transform(s_1562.the_geom, 25833), '0101000020E96400005B6E7959A5E02341F8C01101410C5741'::geometry))
                     Sort Method: top-N heapsort  Memory: 25kB
                     ->  Seq Scan on phoml_trajectory_tmp s_1562  (cost=0.00..165745.68 rows=1 width=84) (actual time=0.041..0.625 rows=480 loops=1)
                           Filter: ((unix_time >= '1685451502.18'::double precision) AND (unix_time <= '1685451562.18'::double precision) AND st_dwithin(st_transform(the_geom, 25833), '0101000020E96400005B6E7959A5E02341F8C01101410C5741'::geometry, '300'::double precision))
                           Rows Removed by Filter: 3180
   ->  Subquery Scan on "*SELECT* 1564"  (cost=165745.69..165745.70 rows=1 width=76) (actual time=0.719..0.720 rows=1 loops=1)
         ->  Limit  (cost=165745.69..165745.69 rows=1 width=84) (actual time=0.715..0.716 rows=1 loops=1)
               ->  Sort  (cost=165745.69..165745.69 rows=1 width=84) (actual time=0.713..0.714 rows=1 loops=1)
                     Sort Key: (st_distance(st_transform(s_1563.the_geom, 25833), '0101000020E964000029765F1BA7E023413BB50FC73F0C5741'::geometry))
                     Sort Method: top-N heapsort  Memory: 25kB
                     ->  Seq Scan on phoml_trajectory_tmp s_1563  (cost=0.00..165745.68 rows=1 width=84) (actual time=0.044..0.640 rows=480 loops=1)
                           Filter: ((unix_time >= '1685451502.51'::double precision) AND (unix_time <= '1685451562.51'::double precision) AND st_dwithin(st_transform(the_geom, 25833), '0101000020E964000029765F1BA7E023413BB50FC73F0C5741'::geometry, '300'::double precision))
                           Rows Removed by Filter: 3180
   ->  Subquery Scan on "*SELECT* 1565"  (cost=165745.69..165745.70 rows=1 width=76) (actual time=0.714..0.716 rows=1 loops=1)
         ->  Limit  (cost=165745.69..165745.69 rows=1 width=84) (actual time=0.712..0.713 rows=1 loops=1)
               ->  Sort  (cost=165745.69..165745.69 rows=1 width=84) (actual time=0.710..0.710 rows=1 loops=1)
                     Sort Key: (st_distance(st_transform(s_1564.the_geom, 25833), '0101000020E9640000A8FE03D4A8E02341F54123903E0C5741'::geometry))
                     Sort Method: top-N heapsort  Memory: 25kB
                     ->  Seq Scan on phoml_trajectory_tmp s_1564  (cost=0.00..165745.68 rows=1 width=84) (actual time=0.042..0.637 rows=480 loops=1)
                           Filter: ((unix_time >= '1685451502.84'::double precision) AND (unix_time <= '1685451562.84'::double precision) AND st_dwithin(st_transform(the_geom, 25833), '0101000020E9640000A8FE03D4A8E02341F54123903E0C5741'::geometry, '300'::double precision))
                           Rows Removed by Filter: 3180
   ->  Subquery Scan on "*SELECT* 1566"  (cost=165745.69..165745.70 rows=1 width=76) (actual time=0.709..0.710 rows=1 loops=1)
         ->  Limit  (cost=165745.69..165745.69 rows=1 width=84) (actual time=0.706..0.707 rows=1 loops=1)
               ->  Sort  (cost=165745.69..165745.69 rows=1 width=84) (actual time=0.703..0.704 rows=1 loops=1)
                     Sort Key: (st_distance(st_transform(s_1565.the_geom, 25833), '0101000020E96400005114A16BAAE023410CAF1F603D0C5741'::geometry))
                     Sort Method: top-N heapsort  Memory: 25kB
                     ->  Seq Scan on phoml_trajectory_tmp s_1565  (cost=0.00..165745.68 rows=1 width=84) (actual time=0.039..0.632 rows=480 loops=1)
                           Filter: ((unix_time >= '1685451503.162'::double precision) AND (unix_time <= '1685451563.162'::double precision) AND st_dwithin(st_transform(the_geom, 25833), '0101000020E96400005114A16BAAE023410CAF1F603D0C5741'::geometry, '300'::double precision))
                           Rows Removed by Filter: 3180
   ->  Subquery Scan on "*SELECT* 1567"  (cost=165745.69..165745.70 rows=1 width=76) (actual time=0.707..0.708 rows=1 loops=1)
         ->  Limit  (cost=165745.69..165745.69 rows=1 width=84) (actual time=0.704..0.704 rows=1 loops=1)
               ->  Sort  (cost=165745.69..165745.69 rows=1 width=84) (actual time=0.701..0.702 rows=1 loops=1)
                     Sort Key: (st_distance(st_transform(s_1566.the_geom, 25833), '0101000020E964000045F3382AACE0234139C8DE1A3C0C5741'::geometry))
                     Sort Method: top-N heapsort  Memory: 25kB
                     ->  Seq Scan on phoml_trajectory_tmp s_1566  (cost=0.00..165745.68 rows=1 width=84) (actual time=0.042..0.627 rows=480 loops=1)
                           Filter: ((unix_time >= '1685451503.502'::double precision) AND (unix_time <= '1685451563.502'::double precision) AND st_dwithin(st_transform(the_geom, 25833), '0101000020E964000045F3382AACE0234139C8DE1A3C0C5741'::geometry, '300'::double precision))
                           Rows Removed by Filter: 3180
   ->  Subquery Scan on "*SELECT* 1568"  (cost=165745.69..165745.70 rows=1 width=76) (actual time=0.708..0.709 rows=1 loops=1)
         ->  Limit  (cost=165745.69..165745.69 rows=1 width=84) (actual time=0.704..0.705 rows=1 loops=1)
               ->  Sort  (cost=165745.69..165745.69 rows=1 width=84) (actual time=0.702..0.702 rows=1 loops=1)
                     Sort Key: (st_distance(st_transform(s_1567.the_geom, 25833), '0101000020E96400000C5554EDADE02341D10062F03A0C5741'::geometry))
                     Sort Method: top-N heapsort  Memory: 25kB
                     ->  Seq Scan on phoml_trajectory_tmp s_1567  (cost=0.00..165745.68 rows=1 width=84) (actual time=0.042..0.627 rows=480 loops=1)
                           Filter: ((unix_time >= '1685451503.822'::double precision) AND (unix_time <= '1685451563.822'::double precision) AND st_dwithin(st_transform(the_geom, 25833), '0101000020E96400000C5554EDADE02341D10062F03A0C5741'::geometry, '300'::double precision))
                           Rows Removed by Filter: 3180
   ->  Subquery Scan on "*SELECT* 1569"  (cost=165745.69..165745.70 rows=1 width=76) (actual time=0.687..0.688 rows=1 loops=1)
         ->  Limit  (cost=165745.69..165745.69 rows=1 width=84) (actual time=0.684..0.685 rows=1 loops=1)
               ->  Sort  (cost=165745.69..165745.69 rows=1 width=84) (actual time=0.682..0.682 rows=1 loops=1)
                     Sort Key: (st_distance(st_transform(s_1568.the_geom, 25833), '0101000020E96400002551FCAFAFE02341B6FF95AA390C5741'::geometry))
                     Sort Method: top-N heapsort  Memory: 25kB
                     ->  Seq Scan on phoml_trajectory_tmp s_1568  (cost=0.00..165745.68 rows=1 width=84) (actual time=0.040..0.606 rows=480 loops=1)
                           Filter: ((unix_time >= '1685451504.164'::double precision) AND (unix_time <= '1685451564.164'::double precision) AND st_dwithin(st_transform(the_geom, 25833), '0101000020E96400002551FCAFAFE02341B6FF95AA390C5741'::geometry, '300'::double precision))
                           Rows Removed by Filter: 3180
   ->  Subquery Scan on "*SELECT* 1570"  (cost=165745.69..165745.70 rows=1 width=76) (actual time=0.692..0.693 rows=1 loops=1)
         ->  Limit  (cost=165745.69..165745.69 rows=1 width=84) (actual time=0.689..0.689 rows=1 loops=1)
               ->  Sort  (cost=165745.69..165745.69 rows=1 width=84) (actual time=0.687..0.687 rows=1 loops=1)
                     Sort Key: (st_distance(st_transform(s_1569.the_geom, 25833), '0101000020E96400002813FF8CB1E0234179650161380C5741'::geometry))
                     Sort Method: top-N heapsort  Memory: 25kB
                     ->  Seq Scan on phoml_trajectory_tmp s_1569  (cost=0.00..165745.68 rows=1 width=84) (actual time=0.038..0.612 rows=480 loops=1)
                           Filter: ((unix_time >= '1685451504.504'::double precision) AND (unix_time <= '1685451564.504'::double precision) AND st_dwithin(st_transform(the_geom, 25833), '0101000020E96400002813FF8CB1E0234179650161380C5741'::geometry, '300'::double precision))
                           Rows Removed by Filter: 3180
   ->  Subquery Scan on "*SELECT* 1571"  (cost=165745.69..165745.70 rows=1 width=76) (actual time=0.705..0.706 rows=1 loops=1)
         ->  Limit  (cost=165745.69..165745.69 rows=1 width=84) (actual time=0.701..0.702 rows=1 loops=1)
               ->  Sort  (cost=165745.69..165745.69 rows=1 width=84) (actual time=0.698..0.699 rows=1 loops=1)
                     Sort Key: (st_distance(st_transform(s_1570.the_geom, 25833), '0101000020E9640000E2ECD254B3E02341C31AF52E370C5741'::geometry))
                     Sort Method: top-N heapsort  Memory: 25kB
                     ->  Seq Scan on phoml_trajectory_tmp s_1570  (cost=0.00..165745.68 rows=1 width=84) (actual time=0.042..0.625 rows=480 loops=1)
                           Filter: ((unix_time >= '1685451504.834'::double precision) AND (unix_time <= '1685451564.834'::double precision) AND st_dwithin(st_transform(the_geom, 25833), '0101000020E9640000E2ECD254B3E02341C31AF52E370C5741'::geometry, '300'::double precision))
                           Rows Removed by Filter: 3180
   ->  Subquery Scan on "*SELECT* 1572"  (cost=165745.69..165745.70 rows=1 width=76) (actual time=0.724..0.725 rows=1 loops=1)
         ->  Limit  (cost=165745.69..165745.69 rows=1 width=84) (actual time=0.720..0.721 rows=1 loops=1)
               ->  Sort  (cost=165745.69..165745.69 rows=1 width=84) (actual time=0.718..0.718 rows=1 loops=1)
                     Sort Key: (st_distance(st_transform(s_1571.the_geom, 25833), '0101000020E9640000AE899D4BB5E023412D1186ED350C5741'::geometry))
                     Sort Method: top-N heapsort  Memory: 25kB
                     ->  Seq Scan on phoml_trajectory_tmp s_1571  (cost=0.00..165745.68 rows=1 width=84) (actual time=0.042..0.642 rows=480 loops=1)
                           Filter: ((unix_time >= '1685451505.169'::double precision) AND (unix_time <= '1685451565.169'::double precision) AND st_dwithin(st_transform(the_geom, 25833), '0101000020E9640000AE899D4BB5E023412D1186ED350C5741'::geometry, '300'::double precision))
                           Rows Removed by Filter: 3180
   ->  Subquery Scan on "*SELECT* 1573"  (cost=165745.69..165745.70 rows=1 width=76) (actual time=0.698..0.699 rows=1 loops=1)
         ->  Limit  (cost=165745.69..165745.69 rows=1 width=84) (actual time=0.694..0.695 rows=1 loops=1)
               ->  Sort  (cost=165745.69..165745.69 rows=1 width=84) (actual time=0.691..0.692 rows=1 loops=1)
                     Sort Key: (st_distance(st_transform(s_1572.the_geom, 25833), '0101000020E964000023C9C112B7E02341D81DB8B4340C5741'::geometry))
                     Sort Method: top-N heapsort  Memory: 25kB
                     ->  Seq Scan on phoml_trajectory_tmp s_1572  (cost=0.00..165745.68 rows=1 width=84) (actual time=0.041..0.618 rows=480 loops=1)
                           Filter: ((unix_time >= '1685451505.499'::double precision) AND (unix_time <= '1685451565.499'::double precision) AND st_dwithin(st_transform(the_geom, 25833), '0101000020E964000023C9C112B7E02341D81DB8B4340C5741'::geometry, '300'::double precision))
                           Rows Removed by Filter: 3180
   ->  Subquery Scan on "*SELECT* 1574"  (cost=165745.69..165745.70 rows=1 width=76) (actual time=0.691..0.693 rows=1 loops=1)
         ->  Limit  (cost=165745.69..165745.69 rows=1 width=84) (actual time=0.689..0.690 rows=1 loops=1)
               ->  Sort  (cost=165745.69..165745.69 rows=1 width=84) (actual time=0.687..0.688 rows=1 loops=1)
                     Sort Key: (st_distance(st_transform(s_1573.the_geom, 25833), '0101000020E9640000F06147E2B8E023414D0DFD73330C5741'::geometry))
                     Sort Method: top-N heapsort  Memory: 25kB
                     ->  Seq Scan on phoml_trajectory_tmp s_1573  (cost=0.00..165745.68 rows=1 width=84) (actual time=0.041..0.614 rows=480 loops=1)
                           Filter: ((unix_time >= '1685451505.839'::double precision) AND (unix_time <= '1685451565.839'::double precision) AND st_dwithin(st_transform(the_geom, 25833), '0101000020E9640000F06147E2B8E023414D0DFD73330C5741'::geometry, '300'::double precision))
                           Rows Removed by Filter: 3180
   ->  Subquery Scan on "*SELECT* 1575"  (cost=165745.69..165745.70 rows=1 width=76) (actual time=0.712..0.713 rows=1 loops=1)
         ->  Limit  (cost=165745.69..165745.69 rows=1 width=84) (actual time=0.708..0.709 rows=1 loops=1)
               ->  Sort  (cost=165745.69..165745.69 rows=1 width=84) (actual time=0.706..0.707 rows=1 loops=1)
                     Sort Key: (st_distance(st_transform(s_1574.the_geom, 25833), '0101000020E96400005E88FDC5BAE023418DC8FD3B320C5741'::geometry))
                     Sort Method: top-N heapsort  Memory: 25kB
                     ->  Seq Scan on phoml_trajectory_tmp s_1574  (cost=0.00..165745.68 rows=1 width=84) (actual time=0.040..0.635 rows=480 loops=1)
                           Filter: ((unix_time >= '1685451506.175'::double precision) AND (unix_time <= '1685451566.175'::double precision) AND st_dwithin(st_transform(the_geom, 25833), '0101000020E96400005E88FDC5BAE023418DC8FD3B320C5741'::geometry, '300'::double precision))
                           Rows Removed by Filter: 3180
   ->  Subquery Scan on "*SELECT* 1576"  (cost=165745.69..165745.70 rows=1 width=76) (actual time=0.713..0.714 rows=1 loops=1)
         ->  Limit  (cost=165745.69..165745.69 rows=1 width=84) (actual time=0.710..0.711 rows=1 loops=1)
               ->  Sort  (cost=165745.69..165745.69 rows=1 width=84) (actual time=0.708..0.708 rows=1 loops=1)
                     Sort Key: (st_distance(st_transform(s_1575.the_geom, 25833), '0101000020E9640000E599DF84BCE02341C9957704310C5741'::geometry))
                     Sort Method: top-N heapsort  Memory: 25kB
                     ->  Seq Scan on phoml_trajectory_tmp s_1575  (cost=0.00..165745.68 rows=1 width=84) (actual time=0.044..0.636 rows=480 loops=1)
                           Filter: ((unix_time >= '1685451506.505'::double precision) AND (unix_time <= '1685451566.505'::double precision) AND st_dwithin(st_transform(the_geom, 25833), '0101000020E9640000E599DF84BCE02341C9957704310C5741'::geometry, '300'::double precision))
                           Rows Removed by Filter: 3180
   ->  Subquery Scan on "*SELECT* 1577"  (cost=165745.69..165745.70 rows=1 width=76) (actual time=0.697..0.699 rows=1 loops=1)
         ->  Limit  (cost=165745.69..165745.69 rows=1 width=84) (actual time=0.696..0.697 rows=1 loops=1)
               ->  Sort  (cost=165745.69..165745.69 rows=1 width=84) (actual time=0.694..0.694 rows=1 loops=1)
                     Sort Key: (st_distance(st_transform(s_1576.the_geom, 25833), '0101000020E964000027AF0767BEE02341921FC9C52F0C5741'::geometry))
                     Sort Method: top-N heapsort  Memory: 25kB
                     ->  Seq Scan on phoml_trajectory_tmp s_1576  (cost=0.00..165745.68 rows=1 width=84) (actual time=0.040..0.623 rows=480 loops=1)
                           Filter: ((unix_time >= '1685451506.845'::double precision) AND (unix_time <= '1685451566.845'::double precision) AND st_dwithin(st_transform(the_geom, 25833), '0101000020E964000027AF0767BEE02341921FC9C52F0C5741'::geometry, '300'::double precision))
                           Rows Removed by Filter: 3180
   ->  Subquery Scan on "*SELECT* 1578"  (cost=165745.69..165745.70 rows=1 width=76) (actual time=0.715..0.716 rows=1 loops=1)
         ->  Limit  (cost=165745.69..165745.69 rows=1 width=84) (actual time=0.713..0.714 rows=1 loops=1)
               ->  Sort  (cost=165745.69..165745.69 rows=1 width=84) (actual time=0.710..0.711 rows=1 loops=1)
                     Sort Key: (st_distance(st_transform(s_1577.the_geom, 25833), '0101000020E9640000A2B84F1FC0E0234160412D8F2E0C5741'::geometry))
                     Sort Method: top-N heapsort  Memory: 25kB
                     ->  Seq Scan on phoml_trajectory_tmp s_1577  (cost=0.00..165745.68 rows=1 width=84) (actual time=0.061..0.634 rows=480 loops=1)
                           Filter: ((unix_time >= '1685451507.179'::double precision) AND (unix_time <= '1685451567.179'::double precision) AND st_dwithin(st_transform(the_geom, 25833), '0101000020E9640000A2B84F1FC0E0234160412D8F2E0C5741'::geometry, '300'::double precision))
                           Rows Removed by Filter: 3180
   ->  Subquery Scan on "*SELECT* 1579"  (cost=165745.69..165745.70 rows=1 width=76) (actual time=0.713..0.714 rows=1 loops=1)
         ->  Limit  (cost=165745.69..165745.69 rows=1 width=84) (actual time=0.709..0.710 rows=1 loops=1)
               ->  Sort  (cost=165745.69..165745.69 rows=1 width=84) (actual time=0.707..0.708 rows=1 loops=1)
                     Sort Key: (st_distance(st_transform(s_1578.the_geom, 25833), '0101000020E9640000D6126FD6C1E0234180A5E8582D0C5741'::geometry))
                     Sort Method: top-N heapsort  Memory: 25kB
                     ->  Seq Scan on phoml_trajectory_tmp s_1578  (cost=0.00..165745.68 rows=1 width=84) (actual time=0.050..0.635 rows=480 loops=1)
                           Filter: ((unix_time >= '1685451507.509'::double precision) AND (unix_time <= '1685451567.509'::double precision) AND st_dwithin(st_transform(the_geom, 25833), '0101000020E9640000D6126FD6C1E0234180A5E8582D0C5741'::geometry, '300'::double precision))
                           Rows Removed by Filter: 3180
   ->  Subquery Scan on "*SELECT* 1580"  (cost=165745.69..165745.70 rows=1 width=76) (actual time=0.709..0.710 rows=1 loops=1)
         ->  Limit  (cost=165745.69..165745.69 rows=1 width=84) (actual time=0.704..0.705 rows=1 loops=1)
               ->  Sort  (cost=165745.69..165745.69 rows=1 width=84) (actual time=0.701..0.702 rows=1 loops=1)
                     Sort Key: (st_distance(st_transform(s_1579.the_geom, 25833), '0101000020E96400004543CFBEC3E0234138D76B122C0C5741'::geometry))
                     Sort Method: top-N heapsort  Memory: 25kB
                     ->  Seq Scan on phoml_trajectory_tmp s_1579  (cost=0.00..165745.68 rows=1 width=84) (actual time=0.044..0.628 rows=480 loops=1)
                           Filter: ((unix_time >= '1685451507.859'::double precision) AND (unix_time <= '1685451567.859'::double precision) AND st_dwithin(st_transform(the_geom, 25833), '0101000020E96400004543CFBEC3E0234138D76B122C0C5741'::geometry, '300'::double precision))
                           Rows Removed by Filter: 3180
   ->  Subquery Scan on "*SELECT* 1581"  (cost=165745.69..165745.70 rows=1 width=76) (actual time=0.697..0.698 rows=1 loops=1)
         ->  Limit  (cost=165745.69..165745.69 rows=1 width=84) (actual time=0.695..0.696 rows=1 loops=1)
               ->  Sort  (cost=165745.69..165745.69 rows=1 width=84) (actual time=0.691..0.692 rows=1 loops=1)
                     Sort Key: (st_distance(st_transform(s_1580.the_geom, 25833), '0101000020E9640000C3F6096BC5E02341BE3550DD2A0C5741'::geometry))
                     Sort Method: top-N heapsort  Memory: 25kB
                     ->  Seq Scan on phoml_trajectory_tmp s_1580  (cost=0.00..165745.68 rows=1 width=84) (actual time=0.048..0.616 rows=480 loops=1)
                           Filter: ((unix_time >= '1685451508.191'::double precision) AND (unix_time <= '1685451568.191'::double precision) AND st_dwithin(st_transform(the_geom, 25833), '0101000020E9640000C3F6096BC5E02341BE3550DD2A0C5741'::geometry, '300'::double precision))
                           Rows Removed by Filter: 3180
   ->  Subquery Scan on "*SELECT* 1582"  (cost=165745.69..165745.70 rows=1 width=76) (actual time=0.699..0.700 rows=1 loops=1)
         ->  Limit  (cost=165745.69..165745.69 rows=1 width=84) (actual time=0.696..0.697 rows=1 loops=1)
               ->  Sort  (cost=165745.69..165745.69 rows=1 width=84) (actual time=0.693..0.694 rows=1 loops=1)
                     Sort Key: (st_distance(st_transform(s_1581.the_geom, 25833), '0101000020E96400006E0A763AC7E02341A7D51CB1290C5741'::geometry))
                     Sort Method: top-N heapsort  Memory: 25kB
                     ->  Seq Scan on phoml_trajectory_tmp s_1581  (cost=0.00..165745.68 rows=1 width=84) (actual time=0.040..0.621 rows=480 loops=1)
                           Filter: ((unix_time >= '1685451508.511'::double precision) AND (unix_time <= '1685451568.511'::double precision) AND st_dwithin(st_transform(the_geom, 25833), '0101000020E96400006E0A763AC7E02341A7D51CB1290C5741'::geometry, '300'::double precision))
                           Rows Removed by Filter: 3180
   ->  Subquery Scan on "*SELECT* 1583"  (cost=165745.69..165745.70 rows=1 width=76) (actual time=0.699..0.700 rows=1 loops=1)
         ->  Limit  (cost=165745.69..165745.69 rows=1 width=84) (actual time=0.695..0.696 rows=1 loops=1)
               ->  Sort  (cost=165745.69..165745.69 rows=1 width=84) (actual time=0.693..0.694 rows=1 loops=1)
                     Sort Key: (st_distance(st_transform(s_1582.the_geom, 25833), '0101000020E9640000EC1F962EC9E0234172E74762280C5741'::geometry))
                     Sort Method: top-N heapsort  Memory: 25kB
                     ->  Seq Scan on phoml_trajectory_tmp s_1582  (cost=0.00..165745.68 rows=1 width=84) (actual time=0.041..0.620 rows=480 loops=1)
                           Filter: ((unix_time >= '1685451508.861'::double precision) AND (unix_time <= '1685451568.861'::double precision) AND st_dwithin(st_transform(the_geom, 25833), '0101000020E9640000EC1F962EC9E0234172E74762280C5741'::geometry, '300'::double precision))
                           Rows Removed by Filter: 3180
   ->  Subquery Scan on "*SELECT* 1584"  (cost=165745.69..165745.70 rows=1 width=76) (actual time=0.696..0.697 rows=1 loops=1)
         ->  Limit  (cost=165745.69..165745.69 rows=1 width=84) (actual time=0.693..0.694 rows=1 loops=1)
               ->  Sort  (cost=165745.69..165745.69 rows=1 width=84) (actual time=0.690..0.691 rows=1 loops=1)
                     Sort Key: (st_distance(st_transform(s_1583.the_geom, 25833), '0101000020E9640000954BA805CBE0234198C15327270C5741'::geometry))
                     Sort Method: top-N heapsort  Memory: 25kB
                     ->  Seq Scan on phoml_trajectory_tmp s_1583  (cost=0.00..165745.68 rows=1 width=84) (actual time=0.041..0.611 rows=480 loops=1)
                           Filter: ((unix_time >= '1685451509.195'::double precision) AND (unix_time <= '1685451569.195'::double precision) AND st_dwithin(st_transform(the_geom, 25833), '0101000020E9640000954BA805CBE0234198C15327270C5741'::geometry, '300'::double precision))
                           Rows Removed by Filter: 3180
   ->  Subquery Scan on "*SELECT* 1585"  (cost=165745.69..165745.70 rows=1 width=76) (actual time=0.683..0.685 rows=1 loops=1)
         ->  Limit  (cost=165745.69..165745.69 rows=1 width=84) (actual time=0.681..0.682 rows=1 loops=1)
               ->  Sort  (cost=165745.69..165745.69 rows=1 width=84) (actual time=0.679..0.679 rows=1 loops=1)
                     Sort Key: (st_distance(st_transform(s_1584.the_geom, 25833), '0101000020E96400003826640ACDE02341B86826E4250C5741'::geometry))
                     Sort Method: top-N heapsort  Memory: 25kB
                     ->  Seq Scan on phoml_trajectory_tmp s_1584  (cost=0.00..165745.68 rows=1 width=84) (actual time=0.040..0.608 rows=480 loops=1)
                           Filter: ((unix_time >= '1685451509.535'::double precision) AND (unix_time <= '1685451569.535'::double precision) AND st_dwithin(st_transform(the_geom, 25833), '0101000020E96400003826640ACDE02341B86826E4250C5741'::geometry, '300'::double precision))
                           Rows Removed by Filter: 3180
   ->  Subquery Scan on "*SELECT* 1586"  (cost=165745.69..165745.70 rows=1 width=76) (actual time=0.692..0.692 rows=1 loops=1)
         ->  Limit  (cost=165745.69..165745.69 rows=1 width=84) (actual time=0.689..0.690 rows=1 loops=1)
               ->  Sort  (cost=165745.69..165745.69 rows=1 width=84) (actual time=0.687..0.688 rows=1 loops=1)
                     Sort Key: (st_distance(st_transform(s_1585.the_geom, 25833), '0101000020E96400006F258405CFE023410679E3A8240C5741'::geometry))
                     Sort Method: top-N heapsort  Memory: 25kB
                     ->  Seq Scan on phoml_trajectory_tmp s_1585  (cost=0.00..165745.68 rows=1 width=84) (actual time=0.040..0.613 rows=480 loops=1)
                           Filter: ((unix_time >= '1685451509.865'::double precision) AND (unix_time <= '1685451569.865'::double precision) AND st_dwithin(st_transform(the_geom, 25833), '0101000020E96400006F258405CFE023410679E3A8240C5741'::geometry, '300'::double precision))
                           Rows Removed by Filter: 3180
   ->  Subquery Scan on "*SELECT* 1587"  (cost=165745.69..165745.70 rows=1 width=76) (actual time=0.710..0.711 rows=1 loops=1)
         ->  Limit  (cost=165745.69..165745.69 rows=1 width=84) (actual time=0.706..0.707 rows=1 loops=1)
               ->  Sort  (cost=165745.69..165745.69 rows=1 width=84) (actual time=0.704..0.704 rows=1 loops=1)
                     Sort Key: (st_distance(st_transform(s_1586.the_geom, 25833), '0101000020E96400001B097901D1E023418C9CC966230C5741'::geometry))
                     Sort Method: top-N heapsort  Memory: 25kB
                     ->  Seq Scan on phoml_trajectory_tmp s_1586  (cost=0.00..165745.68 rows=1 width=84) (actual time=0.051..0.633 rows=480 loops=1)
                           Filter: ((unix_time >= '1685451510.2'::double precision) AND (unix_time <= '1685451570.2'::double precision) AND st_dwithin(st_transform(the_geom, 25833), '0101000020E96400001B097901D1E023418C9CC966230C5741'::geometry, '300'::double precision))
                           Rows Removed by Filter: 3180
   ->  Subquery Scan on "*SELECT* 1588"  (cost=165745.69..165745.70 rows=1 width=76) (actual time=0.767..0.769 rows=1 loops=1)
         ->  Limit  (cost=165745.69..165745.69 rows=1 width=84) (actual time=0.750..0.751 rows=1 loops=1)
               ->  Sort  (cost=165745.69..165745.69 rows=1 width=84) (actual time=0.747..0.748 rows=1 loops=1)
                     Sort Key: (st_distance(st_transform(s_1587.the_geom, 25833), '0101000020E96400008E3FF5F9D2E023419C44282C220C5741'::geometry))
                     Sort Method: top-N heapsort  Memory: 25kB
                     ->  Seq Scan on phoml_trajectory_tmp s_1587  (cost=0.00..165745.68 rows=1 width=84) (actual time=0.044..0.671 rows=480 loops=1)
                           Filter: ((unix_time >= '1685451510.53'::double precision) AND (unix_time <= '1685451570.53'::double precision) AND st_dwithin(st_transform(the_geom, 25833), '0101000020E96400008E3FF5F9D2E023419C44282C220C5741'::geometry, '300'::double precision))
                           Rows Removed by Filter: 3180
   ->  Subquery Scan on "*SELECT* 1589"  (cost=165745.69..165745.70 rows=1 width=76) (actual time=0.704..0.706 rows=1 loops=1)
         ->  Limit  (cost=165745.69..165745.69 rows=1 width=84) (actual time=0.701..0.702 rows=1 loops=1)
               ->  Sort  (cost=165745.69..165745.69 rows=1 width=84) (actual time=0.698..0.699 rows=1 loops=1)
                     Sort Key: (st_distance(st_transform(s_1588.the_geom, 25833), '0101000020E96400001F7B8D13D5E0234156DC64EA200C5741'::geometry))
                     Sort Method: top-N heapsort  Memory: 25kB
                     ->  Seq Scan on phoml_trajectory_tmp s_1588  (cost=0.00..165745.68 rows=1 width=84) (actual time=0.048..0.621 rows=476 loops=1)
                           Filter: ((unix_time >= '1685451510.87'::double precision) AND (unix_time <= '1685451570.87'::double precision) AND st_dwithin(st_transform(the_geom, 25833), '0101000020E96400001F7B8D13D5E0234156DC64EA200C5741'::geometry, '300'::double precision))
                           Rows Removed by Filter: 3184
   ->  Subquery Scan on "*SELECT* 1590"  (cost=165745.69..165745.70 rows=1 width=76) (actual time=0.668..0.669 rows=1 loops=1)
         ->  Limit  (cost=165745.69..165745.69 rows=1 width=84) (actual time=0.665..0.666 rows=1 loops=1)
               ->  Sort  (cost=165745.69..165745.69 rows=1 width=84) (actual time=0.663..0.663 rows=1 loops=1)
                     Sort Key: (st_distance(st_transform(s_1589.the_geom, 25833), '0101000020E96400001327D604D7E0234147AF65B71F0C5741'::geometry))
                     Sort Method: top-N heapsort  Memory: 25kB
                     ->  Seq Scan on phoml_trajectory_tmp s_1589  (cost=0.00..165745.68 rows=1 width=84) (actual time=0.039..0.592 rows=480 loops=1)
                           Filter: ((unix_time >= '1685451511.194'::double precision) AND (unix_time <= '1685451571.194'::double precision) AND st_dwithin(st_transform(the_geom, 25833), '0101000020E96400001327D604D7E0234147AF65B71F0C5741'::geometry, '300'::double precision))
                           Rows Removed by Filter: 3180
   ->  Subquery Scan on "*SELECT* 1591"  (cost=165745.69..165745.70 rows=1 width=76) (actual time=0.694..0.695 rows=1 loops=1)
         ->  Limit  (cost=165745.69..165745.69 rows=1 width=84) (actual time=0.690..0.691 rows=1 loops=1)
               ->  Sort  (cost=165745.69..165745.69 rows=1 width=84) (actual time=0.688..0.688 rows=1 loops=1)
                     Sort Key: (st_distance(st_transform(s_1590.the_geom, 25833), '0101000020E96400009AA1B006D9E0234137D144721E0C5741'::geometry))
                     Sort Method: top-N heapsort  Memory: 25kB
                     ->  Seq Scan on phoml_trajectory_tmp s_1590  (cost=0.00..165745.68 rows=1 width=84) (actual time=0.047..0.618 rows=476 loops=1)
                           Filter: ((unix_time >= '1685451511.534'::double precision) AND (unix_time <= '1685451571.534'::double precision) AND st_dwithin(st_transform(the_geom, 25833), '0101000020E96400009AA1B006D9E0234137D144721E0C5741'::geometry, '300'::double precision))
                           Rows Removed by Filter: 3184
   ->  Subquery Scan on "*SELECT* 1592"  (cost=165745.69..165745.70 rows=1 width=76) (actual time=0.696..0.697 rows=1 loops=1)
         ->  Limit  (cost=165745.69..165745.69 rows=1 width=84) (actual time=0.693..0.693 rows=1 loops=1)
               ->  Sort  (cost=165745.69..165745.69 rows=1 width=84) (actual time=0.690..0.691 rows=1 loops=1)
                     Sort Key: (st_distance(st_transform(s_1591.the_geom, 25833), '0101000020E964000082791DF6DAE023414052AE3D1D0C5741'::geometry))
                     Sort Method: top-N heapsort  Memory: 25kB
                     ->  Seq Scan on phoml_trajectory_tmp s_1591  (cost=0.00..165745.68 rows=1 width=84) (actual time=0.043..0.619 rows=480 loops=1)
                           Filter: ((unix_time >= '1685451511.864'::double precision) AND (unix_time <= '1685451571.864'::double precision) AND st_dwithin(st_transform(the_geom, 25833), '0101000020E964000082791DF6DAE023414052AE3D1D0C5741'::geometry, '300'::double precision))
                           Rows Removed by Filter: 3180
   ->  Subquery Scan on "*SELECT* 1593"  (cost=165745.69..165745.70 rows=1 width=76) (actual time=0.676..0.677 rows=1 loops=1)
         ->  Limit  (cost=165745.69..165745.69 rows=1 width=84) (actual time=0.674..0.675 rows=1 loops=1)
               ->  Sort  (cost=165745.69..165745.69 rows=1 width=84) (actual time=0.672..0.673 rows=1 loops=1)
                     Sort Key: (st_distance(st_transform(s_1592.the_geom, 25833), '0101000020E9640000628203C0DCE02341F44316091C0C5741'::geometry))
                     Sort Method: top-N heapsort  Memory: 25kB
                     ->  Seq Scan on phoml_trajectory_tmp s_1592  (cost=0.00..165745.68 rows=1 width=84) (actual time=0.040..0.602 rows=480 loops=1)
                           Filter: ((unix_time >= '1685451512.199'::double precision) AND (unix_time <= '1685451572.199'::double precision) AND st_dwithin(st_transform(the_geom, 25833), '0101000020E9640000628203C0DCE02341F44316091C0C5741'::geometry, '300'::double precision))
                           Rows Removed by Filter: 3180
   ->  Subquery Scan on "*SELECT* 1594"  (cost=165745.69..165745.70 rows=1 width=76) (actual time=0.686..0.687 rows=1 loops=1)
         ->  Limit  (cost=165745.69..165745.69 rows=1 width=84) (actual time=0.683..0.683 rows=1 loops=1)
               ->  Sort  (cost=165745.69..165745.69 rows=1 width=84) (actual time=0.681..0.681 rows=1 loops=1)
                     Sort Key: (st_distance(st_transform(s_1593.the_geom, 25833), '0101000020E9640000D71FCF88DEE02341ED4EA0D41A0C5741'::geometry))
                     Sort Method: top-N heapsort  Memory: 25kB
                     ->  Seq Scan on phoml_trajectory_tmp s_1593  (cost=0.00..165745.68 rows=1 width=84) (actual time=0.060..0.610 rows=472 loops=1)
                           Filter: ((unix_time >= '1685451512.539'::double precision) AND (unix_time <= '1685451572.539'::double precision) AND st_dwithin(st_transform(the_geom, 25833), '0101000020E9640000D71FCF88DEE02341ED4EA0D41A0C5741'::geometry, '300'::double precision))
                           Rows Removed by Filter: 3188
   ->  Subquery Scan on "*SELECT* 1595"  (cost=165745.69..165745.70 rows=1 width=76) (actual time=0.685..0.686 rows=1 loops=1)
         ->  Limit  (cost=165745.69..165745.69 rows=1 width=84) (actual time=0.682..0.683 rows=1 loops=1)
               ->  Sort  (cost=165745.69..165745.69 rows=1 width=84) (actual time=0.680..0.681 rows=1 loops=1)
                     Sort Key: (st_distance(st_transform(s_1594.the_geom, 25833), '0101000020E96400008158276FE0E023419842899A190C5741'::geometry))
                     Sort Method: top-N heapsort  Memory: 25kB
                     ->  Seq Scan on phoml_trajectory_tmp s_1594  (cost=0.00..165745.68 rows=1 width=84) (actual time=0.040..0.602 rows=480 loops=1)
                           Filter: ((unix_time >= '1685451512.889'::double precision) AND (unix_time <= '1685451572.889'::double precision) AND st_dwithin(st_transform(the_geom, 25833), '0101000020E96400008158276FE0E023419842899A190C5741'::geometry, '300'::double precision))
                           Rows Removed by Filter: 3180
   ->  Subquery Scan on "*SELECT* 1596"  (cost=165745.69..165745.70 rows=1 width=76) (actual time=0.698..0.700 rows=1 loops=1)
         ->  Limit  (cost=165745.69..165745.69 rows=1 width=84) (actual time=0.694..0.696 rows=1 loops=1)
               ->  Sort  (cost=165745.69..165745.69 rows=1 width=84) (actual time=0.693..0.694 rows=1 loops=1)
                     Sort Key: (st_distance(st_transform(s_1595.the_geom, 25833), '0101000020E9640000B0630747E2E02341F467FD5C180C5741'::geometry))
                     Sort Method: top-N heapsort  Memory: 25kB
                     ->  Seq Scan on phoml_trajectory_tmp s_1595  (cost=0.00..165745.68 rows=1 width=84) (actual time=0.042..0.620 rows=480 loops=1)
                           Filter: ((unix_time >= '1685451513.247'::double precision) AND (unix_time <= '1685451573.247'::double precision) AND st_dwithin(st_transform(the_geom, 25833), '0101000020E9640000B0630747E2E02341F467FD5C180C5741'::geometry, '300'::double precision))
                           Rows Removed by Filter: 3180
   ->  Subquery Scan on "*SELECT* 1597"  (cost=165745.69..165745.70 rows=1 width=76) (actual time=0.725..0.726 rows=1 loops=1)
         ->  Limit  (cost=165745.69..165745.69 rows=1 width=84) (actual time=0.710..0.711 rows=1 loops=1)
               ->  Sort  (cost=165745.69..165745.69 rows=1 width=84) (actual time=0.708..0.708 rows=1 loops=1)
                     Sort Key: (st_distance(st_transform(s_1596.the_geom, 25833), '0101000020E96400009D722C12E4E0234125B1EB23170C5741'::geometry))
                     Sort Method: top-N heapsort  Memory: 25kB
                     ->  Seq Scan on phoml_trajectory_tmp s_1596  (cost=0.00..165745.68 rows=1 width=84) (actual time=0.042..0.630 rows=480 loops=1)
                           Filter: ((unix_time >= '1685451513.607'::double precision) AND (unix_time <= '1685451573.607'::double precision) AND st_dwithin(st_transform(the_geom, 25833), '0101000020E96400009D722C12E4E0234125B1EB23170C5741'::geometry, '300'::double precision))
                           Rows Removed by Filter: 3180
   ->  Subquery Scan on "*SELECT* 1598"  (cost=165745.69..165745.70 rows=1 width=76) (actual time=0.722..0.724 rows=1 loops=1)
         ->  Limit  (cost=165745.69..165745.69 rows=1 width=84) (actual time=0.718..0.719 rows=1 loops=1)
               ->  Sort  (cost=165745.69..165745.69 rows=1 width=84) (actual time=0.717..0.717 rows=1 loops=1)
                     Sort Key: (st_distance(st_transform(s_1597.the_geom, 25833), '0101000020E9640000F3C6FC12E6E0234128126AEC150C5741'::geometry))
                     Sort Method: top-N heapsort  Memory: 25kB
                     ->  Seq Scan on phoml_trajectory_tmp s_1597  (cost=0.00..165745.68 rows=1 width=84) (actual time=0.045..0.644 rows=476 loops=1)
                           Filter: ((unix_time >= '1685451513.997'::double precision) AND (unix_time <= '1685451573.997'::double precision) AND st_dwithin(st_transform(the_geom, 25833), '0101000020E9640000F3C6FC12E6E0234128126AEC150C5741'::geometry, '300'::double precision))
                           Rows Removed by Filter: 3184
   ->  Subquery Scan on "*SELECT* 1599"  (cost=165745.69..165745.70 rows=1 width=76) (actual time=0.693..0.699 rows=1 loops=1)
         ->  Limit  (cost=165745.69..165745.69 rows=1 width=84) (actual time=0.689..0.696 rows=1 loops=1)
               ->  Sort  (cost=165745.69..165745.69 rows=1 width=84) (actual time=0.687..0.693 rows=1 loops=1)
                     Sort Key: (st_distance(st_transform(s_1598.the_geom, 25833), '0101000020E96400003D9602F9E7E023412E5AACA8140C5741'::geometry))
                     Sort Method: top-N heapsort  Memory: 25kB
                     ->  Seq Scan on phoml_trajectory_tmp s_1598  (cost=0.00..165745.68 rows=1 width=84) (actual time=0.042..0.622 rows=476 loops=1)
                           Filter: ((unix_time >= '1685451514.407'::double precision) AND (unix_time <= '1685451574.407'::double precision) AND st_dwithin(st_transform(the_geom, 25833), '0101000020E96400003D9602F9E7E023412E5AACA8140C5741'::geometry, '300'::double precision))
                           Rows Removed by Filter: 3184
   ->  Subquery Scan on "*SELECT* 1600"  (cost=165745.69..165745.70 rows=1 width=76) (actual time=0.693..0.694 rows=1 loops=1)
         ->  Limit  (cost=165745.69..165745.69 rows=1 width=84) (actual time=0.690..0.690 rows=1 loops=1)
               ->  Sort  (cost=165745.69..165745.69 rows=1 width=84) (actual time=0.688..0.688 rows=1 loops=1)
                     Sort Key: (st_distance(st_transform(s_1599.the_geom, 25833), '0101000020E964000068BF34F6E9E0234164F8006B130C5741'::geometry))
                     Sort Method: top-N heapsort  Memory: 25kB
                     ->  Seq Scan on phoml_trajectory_tmp s_1599  (cost=0.00..165745.68 rows=1 width=84) (actual time=0.040..0.615 rows=472 loops=1)
                           Filter: ((unix_time >= '1685451514.847'::double precision) AND (unix_time <= '1685451574.847'::double precision) AND st_dwithin(st_transform(the_geom, 25833), '0101000020E964000068BF34F6E9E0234164F8006B130C5741'::geometry, '300'::double precision))
                           Rows Removed by Filter: 3188
   ->  Subquery Scan on "*SELECT* 1601"  (cost=165745.69..165745.70 rows=1 width=76) (actual time=0.692..0.693 rows=1 loops=1)
         ->  Limit  (cost=165745.69..165745.69 rows=1 width=84) (actual time=0.689..0.690 rows=1 loops=1)
               ->  Sort  (cost=165745.69..165745.69 rows=1 width=84) (actual time=0.687..0.687 rows=1 loops=1)
                     Sort Key: (st_distance(st_transform(s_1600.the_geom, 25833), '0101000020E96400002622F596EBE023415600BE37120C5741'::geometry))
                     Sort Method: top-N heapsort  Memory: 25kB
                     ->  Seq Scan on phoml_trajectory_tmp s_1600  (cost=0.00..165745.68 rows=1 width=84) (actual time=0.043..0.615 rows=476 loops=1)
                           Filter: ((unix_time >= '1685451515.317'::double precision) AND (unix_time <= '1685451575.317'::double precision) AND st_dwithin(st_transform(the_geom, 25833), '0101000020E96400002622F596EBE023415600BE37120C5741'::geometry, '300'::double precision))
                           Rows Removed by Filter: 3184
   ->  Subquery Scan on "*SELECT* 1602"  (cost=165745.69..165745.70 rows=1 width=76) (actual time=0.697..0.698 rows=1 loops=1)
         ->  Limit  (cost=165745.69..165745.69 rows=1 width=84) (actual time=0.693..0.694 rows=1 loops=1)
               ->  Sort  (cost=165745.69..165745.69 rows=1 width=84) (actual time=0.691..0.692 rows=1 loops=1)
                     Sort Key: (st_distance(st_transform(s_1601.the_geom, 25833), '0101000020E9640000F83CD841EDE02341BAFBD107110C5741'::geometry))
                     Sort Method: top-N heapsort  Memory: 25kB
                     ->  Seq Scan on phoml_trajectory_tmp s_1601  (cost=0.00..165745.68 rows=1 width=84) (actual time=0.040..0.617 rows=476 loops=1)
                           Filter: ((unix_time >= '1685451515.837'::double precision) AND (unix_time <= '1685451575.837'::double precision) AND st_dwithin(st_transform(the_geom, 25833), '0101000020E9640000F83CD841EDE02341BAFBD107110C5741'::geometry, '300'::double precision))
                           Rows Removed by Filter: 3184
   ->  Subquery Scan on "*SELECT* 1603"  (cost=165745.69..165745.70 rows=1 width=76) (actual time=0.703..0.704 rows=1 loops=1)
         ->  Limit  (cost=165745.69..165745.69 rows=1 width=84) (actual time=0.700..0.701 rows=1 loops=1)
               ->  Sort  (cost=165745.69..165745.69 rows=1 width=84) (actual time=0.698..0.698 rows=1 loops=1)
                     Sort Key: (st_distance(st_transform(s_1602.the_geom, 25833), '0101000020E9640000628A1BE4EEE023410DFA0CD20F0C5741'::geometry))
                     Sort Method: top-N heapsort  Memory: 25kB
                     ->  Seq Scan on phoml_trajectory_tmp s_1602  (cost=0.00..165745.68 rows=1 width=84) (actual time=0.041..0.627 rows=476 loops=1)
                           Filter: ((unix_time >= '1685451516.386'::double precision) AND (unix_time <= '1685451576.386'::double precision) AND st_dwithin(st_transform(the_geom, 25833), '0101000020E9640000628A1BE4EEE023410DFA0CD20F0C5741'::geometry, '300'::double precision))
                           Rows Removed by Filter: 3184
   ->  Subquery Scan on "*SELECT* 1604"  (cost=165745.69..165745.70 rows=1 width=76) (actual time=0.685..0.685 rows=1 loops=1)
         ->  Limit  (cost=165745.69..165745.69 rows=1 width=84) (actual time=0.681..0.682 rows=1 loops=1)
               ->  Sort  (cost=165745.69..165745.69 rows=1 width=84) (actual time=0.679..0.679 rows=1 loops=1)
                     Sort Key: (st_distance(st_transform(s_1603.the_geom, 25833), '0101000020E964000052089122F0E023414DFDB4A70E0C5741'::geometry))
                     Sort Method: top-N heapsort  Memory: 25kB
                     ->  Seq Scan on phoml_trajectory_tmp s_1603  (cost=0.00..165745.68 rows=1 width=84) (actual time=0.039..0.606 rows=476 loops=1)
                           Filter: ((unix_time >= '1685451516.956'::double precision) AND (unix_time <= '1685451576.956'::double precision) AND st_dwithin(st_transform(the_geom, 25833), '0101000020E964000052089122F0E023414DFDB4A70E0C5741'::geometry, '300'::double precision))
                           Rows Removed by Filter: 3184
   ->  Subquery Scan on "*SELECT* 1605"  (cost=165745.69..165745.70 rows=1 width=76) (actual time=0.710..0.712 rows=1 loops=1)
         ->  Limit  (cost=165745.69..165745.69 rows=1 width=84) (actual time=0.706..0.707 rows=1 loops=1)
               ->  Sort  (cost=165745.69..165745.69 rows=1 width=84) (actual time=0.702..0.703 rows=1 loops=1)
                     Sort Key: (st_distance(st_transform(s_1604.the_geom, 25833), '0101000020E964000061C5DD44F1E023416905AA810D0C5741'::geometry))
                     Sort Method: top-N heapsort  Memory: 25kB
                     ->  Seq Scan on phoml_trajectory_tmp s_1604  (cost=0.00..165745.68 rows=1 width=84) (actual time=0.046..0.628 rows=476 loops=1)
                           Filter: ((unix_time >= '1685451517.543'::double precision) AND (unix_time <= '1685451577.543'::double precision) AND st_dwithin(st_transform(the_geom, 25833), '0101000020E964000061C5DD44F1E023416905AA810D0C5741'::geometry, '300'::double precision))
                           Rows Removed by Filter: 3184
   ->  Subquery Scan on "*SELECT* 1606"  (cost=165745.69..165745.70 rows=1 width=76) (actual time=0.698..0.699 rows=1 loops=1)
         ->  Limit  (cost=165745.69..165745.69 rows=1 width=84) (actual time=0.694..0.695 rows=1 loops=1)
               ->  Sort  (cost=165745.69..165745.69 rows=1 width=84) (actual time=0.692..0.692 rows=1 loops=1)
                     Sort Key: (st_distance(st_transform(s_1605.the_geom, 25833), '0101000020E96400009663F2D2F2E0234122BB6D450C0C5741'::geometry))
                     Sort Method: top-N heapsort  Memory: 25kB
                     ->  Seq Scan on phoml_trajectory_tmp s_1605  (cost=0.00..165745.68 rows=1 width=84) (actual time=0.038..0.620 rows=476 loops=1)
                           Filter: ((unix_time >= '1685451518.159'::double precision) AND (unix_time <= '1685451578.159'::double precision) AND st_dwithin(st_transform(the_geom, 25833), '0101000020E96400009663F2D2F2E0234122BB6D450C0C5741'::geometry, '300'::double precision))
                           Rows Removed by Filter: 3184
   ->  Subquery Scan on "*SELECT* 1607"  (cost=165745.69..165745.70 rows=1 width=76) (actual time=0.692..0.693 rows=1 loops=1)
         ->  Limit  (cost=165745.69..165745.69 rows=1 width=84) (actual time=0.689..0.689 rows=1 loops=1)
               ->  Sort  (cost=165745.69..165745.69 rows=1 width=84) (actual time=0.686..0.687 rows=1 loops=1)
                     Sort Key: (st_distance(st_transform(s_1606.the_geom, 25833), '0101000020E964000066605C92F4E0234152412EFD0A0C5741'::geometry))
                     Sort Method: top-N heapsort  Memory: 25kB
                     ->  Seq Scan on phoml_trajectory_tmp s_1606  (cost=0.00..165745.68 rows=1 width=84) (actual time=0.040..0.611 rows=476 loops=1)
                           Filter: ((unix_time >= '1685451518.789'::double precision) AND (unix_time <= '1685451578.789'::double precision) AND st_dwithin(st_transform(the_geom, 25833), '0101000020E964000066605C92F4E0234152412EFD0A0C5741'::geometry, '300'::double precision))
                           Rows Removed by Filter: 3184
   ->  Subquery Scan on "*SELECT* 1608"  (cost=165745.69..165745.70 rows=1 width=76) (actual time=0.683..0.684 rows=1 loops=1)
         ->  Limit  (cost=165745.69..165745.69 rows=1 width=84) (actual time=0.681..0.682 rows=1 loops=1)
               ->  Sort  (cost=165745.69..165745.69 rows=1 width=84) (actual time=0.679..0.679 rows=1 loops=1)
                     Sort Key: (st_distance(st_transform(s_1607.the_geom, 25833), '0101000020E96400008CDBD278F6E02341F635B8BA090C5741'::geometry))
                     Sort Method: top-N heapsort  Memory: 25kB
                     ->  Seq Scan on phoml_trajectory_tmp s_1607  (cost=0.00..165745.68 rows=1 width=84) (actual time=0.040..0.607 rows=476 loops=1)
                           Filter: ((unix_time >= '1685451519.433'::double precision) AND (unix_time <= '1685451579.433'::double precision) AND st_dwithin(st_transform(the_geom, 25833), '0101000020E96400008CDBD278F6E02341F635B8BA090C5741'::geometry, '300'::double precision))
                           Rows Removed by Filter: 3184
   ->  Subquery Scan on "*SELECT* 1609"  (cost=165745.69..165745.70 rows=1 width=76) (actual time=0.696..0.697 rows=1 loops=1)
         ->  Limit  (cost=165745.69..165745.69 rows=1 width=84) (actual time=0.692..0.692 rows=1 loops=1)
               ->  Sort  (cost=165745.69..165745.69 rows=1 width=84) (actual time=0.690..0.690 rows=1 loops=1)
                     Sort Key: (st_distance(st_transform(s_1608.the_geom, 25833), '0101000020E9640000BCA8CE93F8E023410F1D346F080C5741'::geometry))
                     Sort Method: top-N heapsort  Memory: 25kB
                     ->  Seq Scan on phoml_trajectory_tmp s_1608  (cost=0.00..165745.68 rows=1 width=84) (actual time=0.037..0.617 rows=476 loops=1)
                           Filter: ((unix_time >= '1685451520.093'::double precision) AND (unix_time <= '1685451580.093'::double precision) AND st_dwithin(st_transform(the_geom, 25833), '0101000020E9640000BCA8CE93F8E023410F1D346F080C5741'::geometry, '300'::double precision))
                           Rows Removed by Filter: 3184
   ->  Subquery Scan on "*SELECT* 1610"  (cost=165745.69..165745.70 rows=1 width=76) (actual time=0.695..0.696 rows=1 loops=1)
         ->  Limit  (cost=165745.69..165745.69 rows=1 width=84) (actual time=0.691..0.692 rows=1 loops=1)
               ->  Sort  (cost=165745.69..165745.69 rows=1 width=84) (actual time=0.689..0.690 rows=1 loops=1)
                     Sort Key: (st_distance(st_transform(s_1609.the_geom, 25833), '0101000020E9640000FB6F0C7DFAE02341CAA7152B070C5741'::geometry))
                     Sort Method: top-N heapsort  Memory: 25kB
                     ->  Seq Scan on phoml_trajectory_tmp s_1609  (cost=0.00..165745.68 rows=1 width=84) (actual time=0.037..0.618 rows=476 loops=1)
                           Filter: ((unix_time >= '1685451520.776'::double precision) AND (unix_time <= '1685451580.776'::double precision) AND st_dwithin(st_transform(the_geom, 25833), '0101000020E9640000FB6F0C7DFAE02341CAA7152B070C5741'::geometry, '300'::double precision))
                           Rows Removed by Filter: 3184
   ->  Subquery Scan on "*SELECT* 1611"  (cost=165745.69..165745.70 rows=1 width=76) (actual time=0.678..0.680 rows=1 loops=1)
         ->  Limit  (cost=165745.69..165745.69 rows=1 width=84) (actual time=0.676..0.677 rows=1 loops=1)
               ->  Sort  (cost=165745.69..165745.69 rows=1 width=84) (actual time=0.674..0.675 rows=1 loops=1)
                     Sort Key: (st_distance(st_transform(s_1610.the_geom, 25833), '0101000020E9640000989DC5E9FCE0234115E929D5050C5741'::geometry))
                     Sort Method: top-N heapsort  Memory: 25kB
                     ->  Seq Scan on phoml_trajectory_tmp s_1610  (cost=0.00..165745.68 rows=1 width=84) (actual time=0.041..0.602 rows=472 loops=1)
                           Filter: ((unix_time >= '1685451521.466'::double precision) AND (unix_time <= '1685451581.466'::double precision) AND st_dwithin(st_transform(the_geom, 25833), '0101000020E9640000989DC5E9FCE0234115E929D5050C5741'::geometry, '300'::double precision))
                           Rows Removed by Filter: 3188
   ->  Subquery Scan on "*SELECT* 1612"  (cost=165745.69..165745.70 rows=1 width=76) (actual time=0.700..0.701 rows=1 loops=1)
         ->  Limit  (cost=165745.69..165745.69 rows=1 width=84) (actual time=0.697..0.698 rows=1 loops=1)
               ->  Sort  (cost=165745.69..165745.69 rows=1 width=84) (actual time=0.695..0.696 rows=1 loops=1)
                     Sort Key: (st_distance(st_transform(s_1611.the_geom, 25833), '0101000020E9640000AA175240FFE023410EF31C94040C5741'::geometry))
                     Sort Method: top-N heapsort  Memory: 25kB
                     ->  Seq Scan on phoml_trajectory_tmp s_1611  (cost=0.00..165745.68 rows=1 width=84) (actual time=0.037..0.623 rows=476 loops=1)
                           Filter: ((unix_time >= '1685451522.178'::double precision) AND (unix_time <= '1685451582.178'::double precision) AND st_dwithin(st_transform(the_geom, 25833), '0101000020E9640000AA175240FFE023410EF31C94040C5741'::geometry, '300'::double precision))
                           Rows Removed by Filter: 3184
   ->  Subquery Scan on "*SELECT* 1613"  (cost=165745.69..165745.70 rows=1 width=76) (actual time=0.695..0.697 rows=1 loops=1)
         ->  Limit  (cost=165745.69..165745.69 rows=1 width=84) (actual time=0.692..0.693 rows=1 loops=1)
               ->  Sort  (cost=165745.69..165745.69 rows=1 width=84) (actual time=0.689..0.690 rows=1 loops=1)
                     Sort Key: (st_distance(st_transform(s_1612.the_geom, 25833), '0101000020E9640000702E322E02E123415C88C336030C5741'::geometry))
                     Sort Method: top-N heapsort  Memory: 25kB
                     ->  Seq Scan on phoml_trajectory_tmp s_1612  (cost=0.00..165745.68 rows=1 width=84) (actual time=0.037..0.619 rows=472 loops=1)
                           Filter: ((unix_time >= '1685451522.918'::double precision) AND (unix_time <= '1685451582.918'::double precision) AND st_dwithin(st_transform(the_geom, 25833), '0101000020E9640000702E322E02E123415C88C336030C5741'::geometry, '300'::double precision))
                           Rows Removed by Filter: 3188
   ->  Subquery Scan on "*SELECT* 1614"  (cost=165745.69..165745.70 rows=1 width=76) (actual time=0.684..0.685 rows=1 loops=1)
         ->  Limit  (cost=165745.69..165745.69 rows=1 width=84) (actual time=0.682..0.683 rows=1 loops=1)
               ->  Sort  (cost=165745.69..165745.69 rows=1 width=84) (actual time=0.680..0.680 rows=1 loops=1)
                     Sort Key: (st_distance(st_transform(s_1613.the_geom, 25833), '0101000020E9640000F1AFDAA204E1234153C977F9010C5741'::geometry))
                     Sort Method: top-N heapsort  Memory: 25kB
                     ->  Seq Scan on phoml_trajectory_tmp s_1613  (cost=0.00..165745.68 rows=1 width=84) (actual time=0.038..0.610 rows=472 loops=1)
                           Filter: ((unix_time >= '1685451523.622'::double precision) AND (unix_time <= '1685451583.622'::double precision) AND st_dwithin(st_transform(the_geom, 25833), '0101000020E9640000F1AFDAA204E1234153C977F9010C5741'::geometry, '300'::double precision))
                           Rows Removed by Filter: 3188
   ->  Subquery Scan on "*SELECT* 1615"  (cost=165745.69..165745.70 rows=1 width=76) (actual time=0.687..0.688 rows=1 loops=1)
         ->  Limit  (cost=165745.69..165745.69 rows=1 width=84) (actual time=0.685..0.686 rows=1 loops=1)
               ->  Sort  (cost=165745.69..165745.69 rows=1 width=84) (actual time=0.683..0.683 rows=1 loops=1)
                     Sort Key: (st_distance(st_transform(s_1614.the_geom, 25833), '0101000020E96400000B4B72A306E12341E28C08CB000C5741'::geometry))
                     Sort Method: top-N heapsort  Memory: 25kB
                     ->  Seq Scan on phoml_trajectory_tmp s_1614  (cost=0.00..165745.68 rows=1 width=84) (actual time=0.048..0.613 rows=472 loops=1)
                           Filter: ((unix_time >= '1685451524.283'::double precision) AND (unix_time <= '1685451584.283'::double precision) AND st_dwithin(st_transform(the_geom, 25833), '0101000020E96400000B4B72A306E12341E28C08CB000C5741'::geometry, '300'::double precision))
                           Rows Removed by Filter: 3188
   ->  Subquery Scan on "*SELECT* 1616"  (cost=165745.69..165745.70 rows=1 width=76) (actual time=0.689..0.690 rows=1 loops=1)
         ->  Limit  (cost=165745.69..165745.69 rows=1 width=84) (actual time=0.686..0.687 rows=1 loops=1)
               ->  Sort  (cost=165745.69..165745.69 rows=1 width=84) (actual time=0.684..0.684 rows=1 loops=1)
                     Sort Key: (st_distance(st_transform(s_1615.the_geom, 25833), '0101000020E9640000ADE13E8D08E1234148DF0A9BFF0B5741'::geometry))
                     Sort Method: top-N heapsort  Memory: 25kB
                     ->  Seq Scan on phoml_trajectory_tmp s_1615  (cost=0.00..165745.68 rows=1 width=84) (actual time=0.035..0.613 rows=472 loops=1)
                           Filter: ((unix_time >= '1685451524.913'::double precision) AND (unix_time <= '1685451584.913'::double precision) AND st_dwithin(st_transform(the_geom, 25833), '0101000020E9640000ADE13E8D08E1234148DF0A9BFF0B5741'::geometry, '300'::double precision))
                           Rows Removed by Filter: 3188
   ->  Subquery Scan on "*SELECT* 1617"  (cost=165745.69..165745.70 rows=1 width=76) (actual time=0.727..0.728 rows=1 loops=1)
         ->  Limit  (cost=165745.69..165745.69 rows=1 width=84) (actual time=0.723..0.723 rows=1 loops=1)
               ->  Sort  (cost=165745.69..165745.69 rows=1 width=84) (actual time=0.720..0.721 rows=1 loops=1)
                     Sort Key: (st_distance(st_transform(s_1616.the_geom, 25833), '0101000020E96400005CF5E4AD09E12341D2B18781FE0B5741'::geometry))
                     Sort Method: top-N heapsort  Memory: 25kB
                     ->  Seq Scan on phoml_trajectory_tmp s_1616  (cost=0.00..165745.68 rows=1 width=84) (actual time=0.036..0.648 rows=476 loops=1)
                           Filter: ((unix_time >= '1685451525.494'::double precision) AND (unix_time <= '1685451585.494'::double precision) AND st_dwithin(st_transform(the_geom, 25833), '0101000020E96400005CF5E4AD09E12341D2B18781FE0B5741'::geometry, '300'::double precision))
                           Rows Removed by Filter: 3184
   ->  Subquery Scan on "*SELECT* 1618"  (cost=165745.69..165745.70 rows=1 width=76) (actual time=0.709..0.710 rows=1 loops=1)
         ->  Limit  (cost=165745.69..165745.69 rows=1 width=84) (actual time=0.705..0.706 rows=1 loops=1)
               ->  Sort  (cost=165745.69..165745.69 rows=1 width=84) (actual time=0.703..0.703 rows=1 loops=1)
                     Sort Key: (st_distance(st_transform(s_1617.the_geom, 25833), '0101000020E964000080626FB20AE123410ED55161FD0B5741'::geometry))
                     Sort Method: top-N heapsort  Memory: 25kB
                     ->  Seq Scan on phoml_trajectory_tmp s_1617  (cost=0.00..165745.68 rows=1 width=84) (actual time=0.038..0.631 rows=476 loops=1)
                           Filter: ((unix_time >= '1685451526.074'::double precision) AND (unix_time <= '1685451586.074'::double precision) AND st_dwithin(st_transform(the_geom, 25833), '0101000020E964000080626FB20AE123410ED55161FD0B5741'::geometry, '300'::double precision))
                           Rows Removed by Filter: 3184
   ->  Subquery Scan on "*SELECT* 1619"  (cost=165745.69..165745.70 rows=1 width=76) (actual time=0.697..0.698 rows=1 loops=1)
         ->  Limit  (cost=165745.69..165745.69 rows=1 width=84) (actual time=0.693..0.694 rows=1 loops=1)
               ->  Sort  (cost=165745.69..165745.69 rows=1 width=84) (actual time=0.691..0.692 rows=1 loops=1)
                     Sort Key: (st_distance(st_transform(s_1618.the_geom, 25833), '0101000020E9640000A56A09070CE1234175CAC838FC0B5741'::geometry))
                     Sort Method: top-N heapsort  Memory: 25kB
                     ->  Seq Scan on phoml_trajectory_tmp s_1618  (cost=0.00..165745.68 rows=1 width=84) (actual time=0.037..0.620 rows=476 loops=1)
                           Filter: ((unix_time >= '1685451526.616'::double precision) AND (unix_time <= '1685451586.616'::double precision) AND st_dwithin(st_transform(the_geom, 25833), '0101000020E9640000A56A09070CE1234175CAC838FC0B5741'::geometry, '300'::double precision))
                           Rows Removed by Filter: 3184
   ->  Subquery Scan on "*SELECT* 1620"  (cost=165745.69..165745.70 rows=1 width=76) (actual time=0.689..0.690 rows=1 loops=1)
         ->  Limit  (cost=165745.69..165745.69 rows=1 width=84) (actual time=0.687..0.688 rows=1 loops=1)
               ->  Sort  (cost=165745.69..165745.69 rows=1 width=84) (actual time=0.684..0.685 rows=1 loops=1)
                     Sort Key: (st_distance(st_transform(s_1619.the_geom, 25833), '0101000020E964000024ADA0D80DE12341EA50C6F0FA0B5741'::geometry))
                     Sort Method: top-N heapsort  Memory: 25kB
                     ->  Seq Scan on phoml_trajectory_tmp s_1619  (cost=0.00..165745.68 rows=1 width=84) (actual time=0.036..0.612 rows=476 loops=1)
                           Filter: ((unix_time >= '1685451527.155'::double precision) AND (unix_time <= '1685451587.155'::double precision) AND st_dwithin(st_transform(the_geom, 25833), '0101000020E964000024ADA0D80DE12341EA50C6F0FA0B5741'::geometry, '300'::double precision))
                           Rows Removed by Filter: 3184
   ->  Subquery Scan on "*SELECT* 1621"  (cost=165745.69..165745.70 rows=1 width=76) (actual time=0.690..0.691 rows=1 loops=1)
         ->  Limit  (cost=165745.69..165745.69 rows=1 width=84) (actual time=0.687..0.688 rows=1 loops=1)
               ->  Sort  (cost=165745.69..165745.69 rows=1 width=84) (actual time=0.685..0.686 rows=1 loops=1)
                     Sort Key: (st_distance(st_transform(s_1620.the_geom, 25833), '0101000020E9640000F9EF02D40FE12341CFD37FB7F90B5741'::geometry))
                     Sort Method: top-N heapsort  Memory: 25kB
                     ->  Seq Scan on phoml_trajectory_tmp s_1620  (cost=0.00..165745.68 rows=1 width=84) (actual time=0.037..0.606 rows=476 loops=1)
                           Filter: ((unix_time >= '1685451527.655'::double precision) AND (unix_time <= '1685451587.655'::double precision) AND st_dwithin(st_transform(the_geom, 25833), '0101000020E9640000F9EF02D40FE12341CFD37FB7F90B5741'::geometry, '300'::double precision))
                           Rows Removed by Filter: 3184
   ->  Subquery Scan on "*SELECT* 1622"  (cost=165745.69..165745.70 rows=1 width=76) (actual time=0.697..0.699 rows=1 loops=1)
         ->  Limit  (cost=165745.69..165745.69 rows=1 width=84) (actual time=0.694..0.695 rows=1 loops=1)
               ->  Sort  (cost=165745.69..165745.69 rows=1 width=84) (actual time=0.691..0.692 rows=1 loops=1)
                     Sort Key: (st_distance(st_transform(s_1621.the_geom, 25833), '0101000020E964000025F003F111E12341680F096CF80B5741'::geometry))
                     Sort Method: top-N heapsort  Memory: 25kB
                     ->  Seq Scan on phoml_trajectory_tmp s_1621  (cost=0.00..165745.68 rows=1 width=84) (actual time=0.035..0.619 rows=476 loops=1)
                           Filter: ((unix_time >= '1685451528.152'::double precision) AND (unix_time <= '1685451588.152'::double precision) AND st_dwithin(st_transform(the_geom, 25833), '0101000020E964000025F003F111E12341680F096CF80B5741'::geometry, '300'::double precision))
                           Rows Removed by Filter: 3184
   ->  Subquery Scan on "*SELECT* 1623"  (cost=165745.69..165745.70 rows=1 width=76) (actual time=0.682..0.683 rows=1 loops=1)
         ->  Limit  (cost=165745.69..165745.69 rows=1 width=84) (actual time=0.679..0.680 rows=1 loops=1)
               ->  Sort  (cost=165745.69..165745.69 rows=1 width=84) (actual time=0.677..0.678 rows=1 loops=1)
                     Sort Key: (st_distance(st_transform(s_1622.the_geom, 25833), '0101000020E9640000F904CB1614E123416ED6CC2AF70B5741'::geometry))
                     Sort Method: top-N heapsort  Memory: 25kB
                     ->  Seq Scan on phoml_trajectory_tmp s_1622  (cost=0.00..165745.68 rows=1 width=84) (actual time=0.036..0.603 rows=476 loops=1)
                           Filter: ((unix_time >= '1685451528.632'::double precision) AND (unix_time <= '1685451588.632'::double precision) AND st_dwithin(st_transform(the_geom, 25833), '0101000020E9640000F904CB1614E123416ED6CC2AF70B5741'::geometry, '300'::double precision))
                           Rows Removed by Filter: 3184
   ->  Subquery Scan on "*SELECT* 1624"  (cost=165745.69..165745.70 rows=1 width=76) (actual time=0.694..0.696 rows=1 loops=1)
         ->  Limit  (cost=165745.69..165745.69 rows=1 width=84) (actual time=0.690..0.691 rows=1 loops=1)
               ->  Sort  (cost=165745.69..165745.69 rows=1 width=84) (actual time=0.689..0.689 rows=1 loops=1)
                     Sort Key: (st_distance(st_transform(s_1623.the_geom, 25833), '0101000020E96400001B9FA62116E1234123B780EDF50B5741'::geometry))
                     Sort Method: top-N heapsort  Memory: 25kB
                     ->  Seq Scan on phoml_trajectory_tmp s_1623  (cost=0.00..165745.68 rows=1 width=84) (actual time=0.035..0.617 rows=476 loops=1)
                           Filter: ((unix_time >= '1685451529.102'::double precision) AND (unix_time <= '1685451589.102'::double precision) AND st_dwithin(st_transform(the_geom, 25833), '0101000020E96400001B9FA62116E1234123B780EDF50B5741'::geometry, '300'::double precision))
                           Rows Removed by Filter: 3184
   ->  Subquery Scan on "*SELECT* 1625"  (cost=165745.69..165745.70 rows=1 width=76) (actual time=0.689..0.690 rows=1 loops=1)
         ->  Limit  (cost=165745.69..165745.69 rows=1 width=84) (actual time=0.685..0.686 rows=1 loops=1)
               ->  Sort  (cost=165745.69..165745.69 rows=1 width=84) (actual time=0.683..0.683 rows=1 loops=1)
                     Sort Key: (st_distance(st_transform(s_1624.the_geom, 25833), '0101000020E9640000F031BB1C18E12341BB7B92ABF40B5741'::geometry))
                     Sort Method: top-N heapsort  Memory: 25kB
                     ->  Seq Scan on phoml_trajectory_tmp s_1624  (cost=0.00..165745.68 rows=1 width=84) (actual time=0.034..0.611 rows=472 loops=1)
                           Filter: ((unix_time >= '1685451529.559'::double precision) AND (unix_time <= '1685451589.559'::double precision) AND st_dwithin(st_transform(the_geom, 25833), '0101000020E9640000F031BB1C18E12341BB7B92ABF40B5741'::geometry, '300'::double precision))
                           Rows Removed by Filter: 3188
   ->  Subquery Scan on "*SELECT* 1626"  (cost=165745.69..165745.70 rows=1 width=76) (actual time=0.680..0.681 rows=1 loops=1)
         ->  Limit  (cost=165745.69..165745.69 rows=1 width=84) (actual time=0.677..0.678 rows=1 loops=1)
               ->  Sort  (cost=165745.69..165745.69 rows=1 width=84) (actual time=0.676..0.676 rows=1 loops=1)
                     Sort Key: (st_distance(st_transform(s_1625.the_geom, 25833), '0101000020E964000080ED77271AE123411AA4EC72F30B5741'::geometry))
                     Sort Method: top-N heapsort  Memory: 25kB
                     ->  Seq Scan on phoml_trajectory_tmp s_1625  (cost=0.00..165745.68 rows=1 width=84) (actual time=0.034..0.605 rows=476 loops=1)
                           Filter: ((unix_time >= '1685451530.009'::double precision) AND (unix_time <= '1685451590.009'::double precision) AND st_dwithin(st_transform(the_geom, 25833), '0101000020E964000080ED77271AE123411AA4EC72F30B5741'::geometry, '300'::double precision))
                           Rows Removed by Filter: 3184
   ->  Subquery Scan on "*SELECT* 1627"  (cost=165745.69..165745.70 rows=1 width=76) (actual time=0.696..0.697 rows=1 loops=1)
         ->  Limit  (cost=165745.69..165745.69 rows=1 width=84) (actual time=0.693..0.694 rows=1 loops=1)
               ->  Sort  (cost=165745.69..165745.69 rows=1 width=84) (actual time=0.691..0.692 rows=1 loops=1)
                     Sort Key: (st_distance(st_transform(s_1626.the_geom, 25833), '0101000020E9640000D6F2AF671CE12341DF3F2133F20B5741'::geometry))
                     Sort Method: top-N heapsort  Memory: 25kB
                     ->  Seq Scan on phoml_trajectory_tmp s_1626  (cost=0.00..165745.68 rows=1 width=84) (actual time=0.050..0.620 rows=472 loops=1)
                           Filter: ((unix_time >= '1685451530.437'::double precision) AND (unix_time <= '1685451590.437'::double precision) AND st_dwithin(st_transform(the_geom, 25833), '0101000020E9640000D6F2AF671CE12341DF3F2133F20B5741'::geometry, '300'::double precision))
                           Rows Removed by Filter: 3188
   ->  Subquery Scan on "*SELECT* 1628"  (cost=165745.69..165745.70 rows=1 width=76) (actual time=0.705..0.706 rows=1 loops=1)
         ->  Limit  (cost=165745.69..165745.69 rows=1 width=84) (actual time=0.700..0.701 rows=1 loops=1)
               ->  Sort  (cost=165745.69..165745.69 rows=1 width=84) (actual time=0.698..0.698 rows=1 loops=1)
                     Sort Key: (st_distance(st_transform(s_1627.the_geom, 25833), '0101000020E964000054EDCCD41EE12341673C9CEDF00B5741'::geometry))
                     Sort Method: top-N heapsort  Memory: 25kB
                     ->  Seq Scan on phoml_trajectory_tmp s_1627  (cost=0.00..165745.68 rows=1 width=84) (actual time=0.037..0.623 rows=476 loops=1)
                           Filter: ((unix_time >= '1685451530.857'::double precision) AND (unix_time <= '1685451590.857'::double precision) AND st_dwithin(st_transform(the_geom, 25833), '0101000020E964000054EDCCD41EE12341673C9CEDF00B5741'::geometry, '300'::double precision))
                           Rows Removed by Filter: 3184
   ->  Subquery Scan on "*SELECT* 1629"  (cost=165745.69..165745.70 rows=1 width=76) (actual time=0.707..0.708 rows=1 loops=1)
         ->  Limit  (cost=165745.69..165745.69 rows=1 width=84) (actual time=0.703..0.704 rows=1 loops=1)
               ->  Sort  (cost=165745.69..165745.69 rows=1 width=84) (actual time=0.699..0.700 rows=1 loops=1)
                     Sort Key: (st_distance(st_transform(s_1628.the_geom, 25833), '0101000020E9640000CDBC822A21E12341814347ABEF0B5741'::geometry))
                     Sort Method: top-N heapsort  Memory: 25kB
                     ->  Seq Scan on phoml_trajectory_tmp s_1628  (cost=0.00..165745.68 rows=1 width=84) (actual time=0.041..0.625 rows=472 loops=1)
                           Filter: ((unix_time >= '1685451531.263'::double precision) AND (unix_time <= '1685451591.263'::double precision) AND st_dwithin(st_transform(the_geom, 25833), '0101000020E9640000CDBC822A21E12341814347ABEF0B5741'::geometry, '300'::double precision))
                           Rows Removed by Filter: 3188
   ->  Subquery Scan on "*SELECT* 1630"  (cost=165745.69..165745.70 rows=1 width=76) (actual time=0.681..0.682 rows=1 loops=1)
         ->  Limit  (cost=165745.69..165745.69 rows=1 width=84) (actual time=0.679..0.679 rows=1 loops=1)
               ->  Sort  (cost=165745.69..165745.69 rows=1 width=84) (actual time=0.676..0.677 rows=1 loops=1)
                     Sort Key: (st_distance(st_transform(s_1629.the_geom, 25833), '0101000020E9640000D2BF6BD723E12341E6693467EE0B5741'::geometry))
                     Sort Method: top-N heapsort  Memory: 25kB
                     ->  Seq Scan on phoml_trajectory_tmp s_1629  (cost=0.00..165745.68 rows=1 width=84) (actual time=0.033..0.601 rows=476 loops=1)
                           Filter: ((unix_time >= '1685451531.663'::double precision) AND (unix_time <= '1685451591.663'::double precision) AND st_dwithin(st_transform(the_geom, 25833), '0101000020E9640000D2BF6BD723E12341E6693467EE0B5741'::geometry, '300'::double precision))
                           Rows Removed by Filter: 3184
   ->  Subquery Scan on "*SELECT* 1631"  (cost=165745.69..165745.70 rows=1 width=76) (actual time=0.701..0.702 rows=1 loops=1)
         ->  Limit  (cost=165745.69..165745.69 rows=1 width=84) (actual time=0.698..0.698 rows=1 loops=1)
               ->  Sort  (cost=165745.69..165745.69 rows=1 width=84) (actual time=0.696..0.696 rows=1 loops=1)
                     Sort Key: (st_distance(st_transform(s_1630.the_geom, 25833), '0101000020E9640000EA0E828426E12341705A0F1CED0B5741'::geometry))
                     Sort Method: top-N heapsort  Memory: 25kB
                     ->  Seq Scan on phoml_trajectory_tmp s_1630  (cost=0.00..165745.68 rows=1 width=84) (actual time=0.049..0.625 rows=472 loops=1)
                           Filter: ((unix_time >= '1685451532.053'::double precision) AND (unix_time <= '1685451592.053'::double precision) AND st_dwithin(st_transform(the_geom, 25833), '0101000020E9640000EA0E828426E12341705A0F1CED0B5741'::geometry, '300'::double precision))
                           Rows Removed by Filter: 3188
   ->  Subquery Scan on "*SELECT* 1632"  (cost=165745.69..165745.70 rows=1 width=76) (actual time=0.708..0.709 rows=1 loops=1)
         ->  Limit  (cost=165745.69..165745.69 rows=1 width=84) (actual time=0.703..0.704 rows=1 loops=1)
               ->  Sort  (cost=165745.69..165745.69 rows=1 width=84) (actual time=0.700..0.701 rows=1 loops=1)
                     Sort Key: (st_distance(st_transform(s_1631.the_geom, 25833), '0101000020E964000041012A6029E12341B4BF39DEEB0B5741'::geometry))
                     Sort Method: top-N heapsort  Memory: 25kB
                     ->  Seq Scan on phoml_trajectory_tmp s_1631  (cost=0.00..165745.68 rows=1 width=84) (actual time=0.034..0.627 rows=472 loops=1)
                           Filter: ((unix_time >= '1685451532.423'::double precision) AND (unix_time <= '1685451592.423'::double precision) AND st_dwithin(st_transform(the_geom, 25833), '0101000020E964000041012A6029E12341B4BF39DEEB0B5741'::geometry, '300'::double precision))
                           Rows Removed by Filter: 3188
   ->  Subquery Scan on "*SELECT* 1633"  (cost=165745.69..165745.70 rows=1 width=76) (actual time=0.681..0.682 rows=1 loops=1)
         ->  Limit  (cost=165745.69..165745.69 rows=1 width=84) (actual time=0.679..0.680 rows=1 loops=1)
               ->  Sort  (cost=165745.69..165745.69 rows=1 width=84) (actual time=0.677..0.677 rows=1 loops=1)
                     Sort Key: (st_distance(st_transform(s_1632.the_geom, 25833), '0101000020E96400007D3B06522CE12341A9B0CB90EA0B5741'::geometry))
                     Sort Method: top-N heapsort  Memory: 25kB
                     ->  Seq Scan on phoml_trajectory_tmp s_1632  (cost=0.00..165745.68 rows=1 width=84) (actual time=0.035..0.607 rows=472 loops=1)
                           Filter: ((unix_time >= '1685451532.793'::double precision) AND (unix_time <= '1685451592.793'::double precision) AND st_dwithin(st_transform(the_geom, 25833), '0101000020E96400007D3B06522CE12341A9B0CB90EA0B5741'::geometry, '300'::double precision))
                           Rows Removed by Filter: 3188
   ->  Subquery Scan on "*SELECT* 1634"  (cost=165745.69..165745.70 rows=1 width=76) (actual time=0.702..0.703 rows=1 loops=1)
         ->  Limit  (cost=165745.69..165745.69 rows=1 width=84) (actual time=0.699..0.700 rows=1 loops=1)
               ->  Sort  (cost=165745.69..165745.69 rows=1 width=84) (actual time=0.697..0.698 rows=1 loops=1)
                     Sort Key: (st_distance(st_transform(s_1633.the_geom, 25833), '0101000020E9640000F9D68F752FE12341BEB00E4CE90B5741'::geometry))
                     Sort Method: top-N heapsort  Memory: 25kB
                     ->  Seq Scan on phoml_trajectory_tmp s_1633  (cost=0.00..165745.68 rows=1 width=84) (actual time=0.048..0.625 rows=472 loops=1)
                           Filter: ((unix_time >= '1685451533.164'::double precision) AND (unix_time <= '1685451593.164'::double precision) AND st_dwithin(st_transform(the_geom, 25833), '0101000020E9640000F9D68F752FE12341BEB00E4CE90B5741'::geometry, '300'::double precision))
                           Rows Removed by Filter: 3188
   ->  Subquery Scan on "*SELECT* 1635"  (cost=165745.69..165745.70 rows=1 width=76) (actual time=0.690..0.691 rows=1 loops=1)
         ->  Limit  (cost=165745.69..165745.69 rows=1 width=84) (actual time=0.687..0.688 rows=1 loops=1)
               ->  Sort  (cost=165745.69..165745.69 rows=1 width=84) (actual time=0.685..0.685 rows=1 loops=1)
                     Sort Key: (st_distance(st_transform(s_1634.the_geom, 25833), '0101000020E96400008603A17B32E123416B61D512E80B5741'::geometry))
                     Sort Method: top-N heapsort  Memory: 25kB
                     ->  Seq Scan on phoml_trajectory_tmp s_1634  (cost=0.00..165745.68 rows=1 width=84) (actual time=0.036..0.613 rows=472 loops=1)
                           Filter: ((unix_time >= '1685451533.494'::double precision) AND (unix_time <= '1685451593.494'::double precision) AND st_dwithin(st_transform(the_geom, 25833), '0101000020E96400008603A17B32E123416B61D512E80B5741'::geometry, '300'::double precision))
                           Rows Removed by Filter: 3188
   ->  Subquery Scan on "*SELECT* 1636"  (cost=165745.69..165745.70 rows=1 width=76) (actual time=0.688..0.689 rows=1 loops=1)
         ->  Limit  (cost=165745.69..165745.69 rows=1 width=84) (actual time=0.684..0.684 rows=1 loops=1)
               ->  Sort  (cost=165745.69..165745.69 rows=1 width=84) (actual time=0.682..0.682 rows=1 loops=1)
                     Sort Key: (st_distance(st_transform(s_1635.the_geom, 25833), '0101000020E9640000FD6439E435E1234146E060CAE60B5741'::geometry))
                     Sort Method: top-N heapsort  Memory: 25kB
                     ->  Seq Scan on phoml_trajectory_tmp s_1635  (cost=0.00..165745.68 rows=1 width=84) (actual time=0.033..0.603 rows=472 loops=1)
                           Filter: ((unix_time >= '1685451533.844'::double precision) AND (unix_time <= '1685451593.844'::double precision) AND st_dwithin(st_transform(the_geom, 25833), '0101000020E9640000FD6439E435E1234146E060CAE60B5741'::geometry, '300'::double precision))
                           Rows Removed by Filter: 3188
   ->  Subquery Scan on "*SELECT* 1637"  (cost=165745.69..165745.70 rows=1 width=76) (actual time=0.678..0.679 rows=1 loops=1)
         ->  Limit  (cost=165745.69..165745.69 rows=1 width=84) (actual time=0.675..0.677 rows=1 loops=1)
               ->  Sort  (cost=165745.69..165745.69 rows=1 width=84) (actual time=0.673..0.674 rows=1 loops=1)
                     Sort Key: (st_distance(st_transform(s_1636.the_geom, 25833), '0101000020E96400009A54205E39E123414DCD0D84E50B5741'::geometry))
                     Sort Method: top-N heapsort  Memory: 25kB
                     ->  Seq Scan on phoml_trajectory_tmp s_1636  (cost=0.00..165745.68 rows=1 width=84) (actual time=0.034..0.604 rows=472 loops=1)
                           Filter: ((unix_time >= '1685451534.191'::double precision) AND (unix_time <= '1685451594.191'::double precision) AND st_dwithin(st_transform(the_geom, 25833), '0101000020E96400009A54205E39E123414DCD0D84E50B5741'::geometry, '300'::double precision))
                           Rows Removed by Filter: 3188
   ->  Subquery Scan on "*SELECT* 1638"  (cost=165745.69..165745.70 rows=1 width=76) (actual time=0.688..0.689 rows=1 loops=1)
         ->  Limit  (cost=165745.69..165745.69 rows=1 width=84) (actual time=0.685..0.685 rows=1 loops=1)
               ->  Sort  (cost=165745.69..165745.69 rows=1 width=84) (actual time=0.683..0.683 rows=1 loops=1)
                     Sort Key: (st_distance(st_transform(s_1637.the_geom, 25833), '0101000020E9640000A8F0B0A53CE12341F9EA8650E40B5741'::geometry))
                     Sort Method: top-N heapsort  Memory: 25kB
                     ->  Seq Scan on phoml_trajectory_tmp s_1637  (cost=0.00..165745.68 rows=1 width=84) (actual time=0.035..0.612 rows=472 loops=1)
                           Filter: ((unix_time >= '1685451534.521'::double precision) AND (unix_time <= '1685451594.521'::double precision) AND st_dwithin(st_transform(the_geom, 25833), '0101000020E9640000A8F0B0A53CE12341F9EA8650E40B5741'::geometry, '300'::double precision))
                           Rows Removed by Filter: 3188
   ->  Subquery Scan on "*SELECT* 1639"  (cost=165745.69..165745.70 rows=1 width=76) (actual time=0.688..0.690 rows=1 loops=1)
         ->  Limit  (cost=165745.69..165745.69 rows=1 width=84) (actual time=0.685..0.686 rows=1 loops=1)
               ->  Sort  (cost=165745.69..165745.69 rows=1 width=84) (actual time=0.683..0.683 rows=1 loops=1)
                     Sort Key: (st_distance(st_transform(s_1638.the_geom, 25833), '0101000020E9640000965FA41440E12341FB1D490EE30B5741'::geometry))
                     Sort Method: top-N heapsort  Memory: 25kB
                     ->  Seq Scan on phoml_trajectory_tmp s_1638  (cost=0.00..165745.68 rows=1 width=84) (actual time=0.036..0.612 rows=472 loops=1)
                           Filter: ((unix_time >= '1685451534.861'::double precision) AND (unix_time <= '1685451594.861'::double precision) AND st_dwithin(st_transform(the_geom, 25833), '0101000020E9640000965FA41440E12341FB1D490EE30B5741'::geometry, '300'::double precision))
                           Rows Removed by Filter: 3188
   ->  Subquery Scan on "*SELECT* 1640"  (cost=165745.69..165745.70 rows=1 width=76) (actual time=0.685..0.686 rows=1 loops=1)
         ->  Limit  (cost=165745.69..165745.69 rows=1 width=84) (actual time=0.683..0.684 rows=1 loops=1)
               ->  Sort  (cost=165745.69..165745.69 rows=1 width=84) (actual time=0.681..0.681 rows=1 loops=1)
                     Sort Key: (st_distance(st_transform(s_1639.the_geom, 25833), '0101000020E9640000BC891F8343E12341113B0BDBE10B5741'::geometry))
                     Sort Method: top-N heapsort  Memory: 25kB
                     ->  Seq Scan on phoml_trajectory_tmp s_1639  (cost=0.00..165745.68 rows=1 width=84) (actual time=0.035..0.609 rows=472 loops=1)
                           Filter: ((unix_time >= '1685451535.184'::double precision) AND (unix_time <= '1685451595.184'::double precision) AND st_dwithin(st_transform(the_geom, 25833), '0101000020E9640000BC891F8343E12341113B0BDBE10B5741'::geometry, '300'::double precision))
                           Rows Removed by Filter: 3188
   ->  Subquery Scan on "*SELECT* 1641"  (cost=165745.69..165745.70 rows=1 width=76) (actual time=0.725..0.726 rows=1 loops=1)
         ->  Limit  (cost=165745.69..165745.69 rows=1 width=84) (actual time=0.721..0.722 rows=1 loops=1)
               ->  Sort  (cost=165745.69..165745.69 rows=1 width=84) (actual time=0.719..0.719 rows=1 loops=1)
                     Sort Key: (st_distance(st_transform(s_1640.the_geom, 25833), '0101000020E96400006E68C22947E12341AEAF9697E00B5741'::geometry))
                     Sort Method: top-N heapsort  Memory: 25kB
                     ->  Seq Scan on phoml_trajectory_tmp s_1640  (cost=0.00..165745.68 rows=1 width=84) (actual time=0.036..0.649 rows=472 loops=1)
                           Filter: ((unix_time >= '1685451535.524'::double precision) AND (unix_time <= '1685451595.524'::double precision) AND st_dwithin(st_transform(the_geom, 25833), '0101000020E96400006E68C22947E12341AEAF9697E00B5741'::geometry, '300'::double precision))
                           Rows Removed by Filter: 3188
   ->  Subquery Scan on "*SELECT* 1642"  (cost=165745.69..165745.70 rows=1 width=76) (actual time=0.684..0.685 rows=1 loops=1)
         ->  Limit  (cost=165745.69..165745.69 rows=1 width=84) (actual time=0.681..0.682 rows=1 loops=1)
               ->  Sort  (cost=165745.69..165745.69 rows=1 width=84) (actual time=0.678..0.679 rows=1 loops=1)
                     Sort Key: (st_distance(st_transform(s_1641.the_geom, 25833), '0101000020E964000009C528F64AE12341A38D235BDF0B5741'::geometry))
                     Sort Method: top-N heapsort  Memory: 25kB
                     ->  Seq Scan on phoml_trajectory_tmp s_1641  (cost=0.00..165745.68 rows=1 width=84) (actual time=0.033..0.608 rows=472 loops=1)
                           Filter: ((unix_time >= '1685451535.854'::double precision) AND (unix_time <= '1685451595.854'::double precision) AND st_dwithin(st_transform(the_geom, 25833), '0101000020E964000009C528F64AE12341A38D235BDF0B5741'::geometry, '300'::double precision))
                           Rows Removed by Filter: 3188
   ->  Subquery Scan on "*SELECT* 1643"  (cost=165745.69..165745.70 rows=1 width=76) (actual time=0.700..0.701 rows=1 loops=1)
         ->  Limit  (cost=165745.69..165745.69 rows=1 width=84) (actual time=0.697..0.697 rows=1 loops=1)
               ->  Sort  (cost=165745.69..165745.69 rows=1 width=84) (actual time=0.695..0.695 rows=1 loops=1)
                     Sort Key: (st_distance(st_transform(s_1642.the_geom, 25833), '0101000020E96400001396BCF64EE12341FC27F11DDE0B5741'::geometry))
                     Sort Method: top-N heapsort  Memory: 25kB
                     ->  Seq Scan on phoml_trajectory_tmp s_1642  (cost=0.00..165745.68 rows=1 width=84) (actual time=0.037..0.624 rows=472 loops=1)
                           Filter: ((unix_time >= '1685451536.187'::double precision) AND (unix_time <= '1685451596.187'::double precision) AND st_dwithin(st_transform(the_geom, 25833), '0101000020E96400001396BCF64EE12341FC27F11DDE0B5741'::geometry, '300'::double precision))
                           Rows Removed by Filter: 3188
   ->  Subquery Scan on "*SELECT* 1644"  (cost=165745.69..165745.70 rows=1 width=76) (actual time=0.673..0.674 rows=1 loops=1)
         ->  Limit  (cost=165745.69..165745.69 rows=1 width=84) (actual time=0.670..0.671 rows=1 loops=1)
               ->  Sort  (cost=165745.69..165745.69 rows=1 width=84) (actual time=0.668..0.669 rows=1 loops=1)
                     Sort Key: (st_distance(st_transform(s_1643.the_geom, 25833), '0101000020E964000084F4952253E123419F4B89DFDC0B5741'::geometry))
                     Sort Method: top-N heapsort  Memory: 25kB
                     ->  Seq Scan on phoml_trajectory_tmp s_1643  (cost=0.00..165745.68 rows=1 width=84) (actual time=0.036..0.597 rows=472 loops=1)
                           Filter: ((unix_time >= '1685451536.517'::double precision) AND (unix_time <= '1685451596.517'::double precision) AND st_dwithin(st_transform(the_geom, 25833), '0101000020E964000084F4952253E123419F4B89DFDC0B5741'::geometry, '300'::double precision))
                           Rows Removed by Filter: 3188
   ->  Subquery Scan on "*SELECT* 1645"  (cost=165745.69..165745.70 rows=1 width=76) (actual time=0.690..0.691 rows=1 loops=1)
         ->  Limit  (cost=165745.69..165745.69 rows=1 width=84) (actual time=0.686..0.687 rows=1 loops=1)
               ->  Sort  (cost=165745.69..165745.69 rows=1 width=84) (actual time=0.684..0.685 rows=1 loops=1)
                     Sort Key: (st_distance(st_transform(s_1644.the_geom, 25833), '0101000020E9640000469F721657E123413C1477B1DB0B5741'::geometry))
                     Sort Method: top-N heapsort  Memory: 25kB
                     ->  Seq Scan on phoml_trajectory_tmp s_1644  (cost=0.00..165745.68 rows=1 width=84) (actual time=0.035..0.614 rows=472 loops=1)
                           Filter: ((unix_time >= '1685451536.827'::double precision) AND (unix_time <= '1685451596.827'::double precision) AND st_dwithin(st_transform(the_geom, 25833), '0101000020E9640000469F721657E123413C1477B1DB0B5741'::geometry, '300'::double precision))
                           Rows Removed by Filter: 3188
   ->  Subquery Scan on "*SELECT* 1646"  (cost=165745.69..165745.70 rows=1 width=76) (actual time=0.691..0.692 rows=1 loops=1)
         ->  Limit  (cost=165745.69..165745.69 rows=1 width=84) (actual time=0.688..0.688 rows=1 loops=1)
               ->  Sort  (cost=165745.69..165745.69 rows=1 width=84) (actual time=0.685..0.685 rows=1 loops=1)
                     Sort Key: (st_distance(st_transform(s_1645.the_geom, 25833), '0101000020E964000083D757795BE12341CA36656FDA0B5741'::geometry))
                     Sort Method: top-N heapsort  Memory: 25kB
                     ->  Seq Scan on phoml_trajectory_tmp s_1645  (cost=0.00..165745.68 rows=1 width=84) (actual time=0.034..0.613 rows=476 loops=1)
                           Filter: ((unix_time >= '1685451537.173'::double precision) AND (unix_time <= '1685451597.173'::double precision) AND st_dwithin(st_transform(the_geom, 25833), '0101000020E964000083D757795BE12341CA36656FDA0B5741'::geometry, '300'::double precision))
                           Rows Removed by Filter: 3184
   ->  Subquery Scan on "*SELECT* 1647"  (cost=165745.69..165745.70 rows=1 width=76) (actual time=0.674..0.675 rows=1 loops=1)
         ->  Limit  (cost=165745.69..165745.69 rows=1 width=84) (actual time=0.672..0.673 rows=1 loops=1)
               ->  Sort  (cost=165745.69..165745.69 rows=1 width=84) (actual time=0.670..0.670 rows=1 loops=1)
                     Sort Key: (st_distance(st_transform(s_1646.the_geom, 25833), '0101000020E96400009B24AFD55FE123412501CC34D90B5741'::geometry))
                     Sort Method: top-N heapsort  Memory: 25kB
                     ->  Seq Scan on phoml_trajectory_tmp s_1646  (cost=0.00..165745.68 rows=1 width=84) (actual time=0.037..0.599 rows=472 loops=1)
                           Filter: ((unix_time >= '1685451537.503'::double precision) AND (unix_time <= '1685451597.503'::double precision) AND st_dwithin(st_transform(the_geom, 25833), '0101000020E96400009B24AFD55FE123412501CC34D90B5741'::geometry, '300'::double precision))
                           Rows Removed by Filter: 3188
   ->  Subquery Scan on "*SELECT* 1648"  (cost=165745.69..165745.70 rows=1 width=76) (actual time=0.699..0.700 rows=1 loops=1)
         ->  Limit  (cost=165745.69..165745.69 rows=1 width=84) (actual time=0.694..0.695 rows=1 loops=1)
               ->  Sort  (cost=165745.69..165745.69 rows=1 width=84) (actual time=0.692..0.693 rows=1 loops=1)
                     Sort Key: (st_distance(st_transform(s_1647.the_geom, 25833), '0101000020E96400000E9FC00164E12341CE6B0004D80B5741'::geometry))
                     Sort Method: top-N heapsort  Memory: 25kB
                     ->  Seq Scan on phoml_trajectory_tmp s_1647  (cost=0.00..165745.68 rows=1 width=84) (actual time=0.036..0.620 rows=476 loops=1)
                           Filter: ((unix_time >= '1685451537.833'::double precision) AND (unix_time <= '1685451597.833'::double precision) AND st_dwithin(st_transform(the_geom, 25833), '0101000020E96400000E9FC00164E12341CE6B0004D80B5741'::geometry, '300'::double precision))
                           Rows Removed by Filter: 3184
   ->  Subquery Scan on "*SELECT* 1649"  (cost=165745.69..165745.70 rows=1 width=76) (actual time=0.694..0.695 rows=1 loops=1)
         ->  Limit  (cost=165745.69..165745.69 rows=1 width=84) (actual time=0.690..0.691 rows=1 loops=1)
               ->  Sort  (cost=165745.69..165745.69 rows=1 width=84) (actual time=0.688..0.689 rows=1 loops=1)
                     Sort Key: (st_distance(st_transform(s_1648.the_geom, 25833), '0101000020E96400002924CB3568E123417C3589D6D60B5741'::geometry))
                     Sort Method: top-N heapsort  Memory: 25kB
                     ->  Seq Scan on phoml_trajectory_tmp s_1648  (cost=0.00..165745.68 rows=1 width=84) (actual time=0.036..0.617 rows=476 loops=1)
                           Filter: ((unix_time >= '1685451538.168'::double precision) AND (unix_time <= '1685451598.168'::double precision) AND st_dwithin(st_transform(the_geom, 25833), '0101000020E96400002924CB3568E123417C3589D6D60B5741'::geometry, '300'::double precision))
                           Rows Removed by Filter: 3184
   ->  Subquery Scan on "*SELECT* 1650"  (cost=165745.69..165745.70 rows=1 width=76) (actual time=0.677..0.679 rows=1 loops=1)
         ->  Limit  (cost=165745.69..165745.69 rows=1 width=84) (actual time=0.675..0.676 rows=1 loops=1)
               ->  Sort  (cost=165745.69..165745.69 rows=1 width=84) (actual time=0.673..0.673 rows=1 loops=1)
                     Sort Key: (st_distance(st_transform(s_1649.the_geom, 25833), '0101000020E9640000F3F4B73E6CE123417C7680B1D50B5741'::geometry))
                     Sort Method: top-N heapsort  Memory: 25kB
                     ->  Seq Scan on phoml_trajectory_tmp s_1649  (cost=0.00..165745.68 rows=1 width=84) (actual time=0.034..0.599 rows=476 loops=1)
                           Filter: ((unix_time >= '1685451538.488'::double precision) AND (unix_time <= '1685451598.488'::double precision) AND st_dwithin(st_transform(the_geom, 25833), '0101000020E9640000F3F4B73E6CE123417C7680B1D50B5741'::geometry, '300'::double precision))
                           Rows Removed by Filter: 3184
   ->  Subquery Scan on "*SELECT* 1651"  (cost=165745.69..165745.70 rows=1 width=76) (actual time=0.683..0.684 rows=1 loops=1)
         ->  Limit  (cost=165745.69..165745.69 rows=1 width=84) (actual time=0.680..0.681 rows=1 loops=1)
               ->  Sort  (cost=165745.69..165745.69 rows=1 width=84) (actual time=0.676..0.676 rows=1 loops=1)
                     Sort Key: (st_distance(st_transform(s_1650.the_geom, 25833), '0101000020E9640000B868828770E1234105F3B97ED40B5741'::geometry))
                     Sort Method: top-N heapsort  Memory: 25kB
                     ->  Seq Scan on phoml_trajectory_tmp s_1650  (cost=0.00..165745.68 rows=1 width=84) (actual time=0.045..0.599 rows=476 loops=1)
                           Filter: ((unix_time >= '1685451538.828'::double precision) AND (unix_time <= '1685451598.828'::double precision) AND st_dwithin(st_transform(the_geom, 25833), '0101000020E9640000B868828770E1234105F3B97ED40B5741'::geometry, '300'::double precision))
                           Rows Removed by Filter: 3184
   ->  Subquery Scan on "*SELECT* 1652"  (cost=165745.69..165745.70 rows=1 width=76) (actual time=0.682..0.683 rows=1 loops=1)
         ->  Limit  (cost=165745.69..165745.69 rows=1 width=84) (actual time=0.677..0.677 rows=1 loops=1)
               ->  Sort  (cost=165745.69..165745.69 rows=1 width=84) (actual time=0.675..0.675 rows=1 loops=1)
                     Sort Key: (st_distance(st_transform(s_1651.the_geom, 25833), '0101000020E9640000FDAD4EC774E1234108CD9E53D30B5741'::geometry))
                     Sort Method: top-N heapsort  Memory: 25kB
                     ->  Seq Scan on phoml_trajectory_tmp s_1651  (cost=0.00..165745.68 rows=1 width=84) (actual time=0.036..0.594 rows=476 loops=1)
                           Filter: ((unix_time >= '1685451539.163'::double precision) AND (unix_time <= '1685451599.163'::double precision) AND st_dwithin(st_transform(the_geom, 25833), '0101000020E9640000FDAD4EC774E1234108CD9E53D30B5741'::geometry, '300'::double precision))
                           Rows Removed by Filter: 3184
   ->  Subquery Scan on "*SELECT* 1653"  (cost=165745.69..165745.70 rows=1 width=76) (actual time=0.696..0.698 rows=1 loops=1)
         ->  Limit  (cost=165745.69..165745.69 rows=1 width=84) (actual time=0.693..0.694 rows=1 loops=1)
               ->  Sort  (cost=165745.69..165745.69 rows=1 width=84) (actual time=0.689..0.690 rows=1 loops=1)
                     Sort Key: (st_distance(st_transform(s_1652.the_geom, 25833), '0101000020E9640000E44023CE78E12341D1803532D20B5741'::geometry))
                     Sort Method: top-N heapsort  Memory: 25kB
                     ->  Seq Scan on phoml_trajectory_tmp s_1652  (cost=0.00..165745.68 rows=1 width=84) (actual time=0.042..0.617 rows=476 loops=1)
                           Filter: ((unix_time >= '1685451539.493'::double precision) AND (unix_time <= '1685451599.493'::double precision) AND st_dwithin(st_transform(the_geom, 25833), '0101000020E9640000E44023CE78E12341D1803532D20B5741'::geometry, '300'::double precision))
                           Rows Removed by Filter: 3184
   ->  Subquery Scan on "*SELECT* 1654"  (cost=165745.69..165745.70 rows=1 width=76) (actual time=0.678..0.679 rows=1 loops=1)
         ->  Limit  (cost=165745.69..165745.69 rows=1 width=84) (actual time=0.676..0.677 rows=1 loops=1)
               ->  Sort  (cost=165745.69..165745.69 rows=1 width=84) (actual time=0.674..0.674 rows=1 loops=1)
                     Sort Key: (st_distance(st_transform(s_1653.the_geom, 25833), '0101000020E9640000BDB1E6B57CE1234125D00719D10B5741'::geometry))
                     Sort Method: top-N heapsort  Memory: 25kB
                     ->  Seq Scan on phoml_trajectory_tmp s_1653  (cost=0.00..165745.68 rows=1 width=84) (actual time=0.038..0.602 rows=476 loops=1)
                           Filter: ((unix_time >= '1685451539.813'::double precision) AND (unix_time <= '1685451599.813'::double precision) AND st_dwithin(st_transform(the_geom, 25833), '0101000020E9640000BDB1E6B57CE1234125D00719D10B5741'::geometry, '300'::double precision))
                           Rows Removed by Filter: 3184
   ->  Subquery Scan on "*SELECT* 1655"  (cost=165745.69..165745.70 rows=1 width=76) (actual time=0.688..0.689 rows=1 loops=1)
         ->  Limit  (cost=165745.69..165745.69 rows=1 width=84) (actual time=0.684..0.685 rows=1 loops=1)
               ->  Sort  (cost=165745.69..165745.69 rows=1 width=84) (actual time=0.682..0.682 rows=1 loops=1)
                     Sort Key: (st_distance(st_transform(s_1654.the_geom, 25833), '0101000020E9640000939AB0B180E1234133C015ECCF0B5741'::geometry))
                     Sort Method: top-N heapsort  Memory: 25kB
                     ->  Seq Scan on phoml_trajectory_tmp s_1654  (cost=0.00..165745.68 rows=1 width=84) (actual time=0.037..0.611 rows=476 loops=1)
                           Filter: ((unix_time >= '1685451540.159'::double precision) AND (unix_time <= '1685451600.159'::double precision) AND st_dwithin(st_transform(the_geom, 25833), '0101000020E9640000939AB0B180E1234133C015ECCF0B5741'::geometry, '300'::double precision))
                           Rows Removed by Filter: 3184
   ->  Subquery Scan on "*SELECT* 1656"  (cost=165745.69..165745.70 rows=1 width=76) (actual time=0.685..0.687 rows=1 loops=1)
         ->  Limit  (cost=165745.69..165745.69 rows=1 width=84) (actual time=0.682..0.683 rows=1 loops=1)
               ->  Sort  (cost=165745.69..165745.69 rows=1 width=84) (actual time=0.680..0.680 rows=1 loops=1)
                     Sort Key: (st_distance(st_transform(s_1655.the_geom, 25833), '0101000020E9640000F7D336B184E12341F6FA5DC9CE0B5741'::geometry))
                     Sort Method: top-N heapsort  Memory: 25kB
                     ->  Seq Scan on phoml_trajectory_tmp s_1655  (cost=0.00..165745.68 rows=1 width=84) (actual time=0.033..0.606 rows=476 loops=1)
                           Filter: ((unix_time >= '1685451540.499'::double precision) AND (unix_time <= '1685451600.499'::double precision) AND st_dwithin(st_transform(the_geom, 25833), '0101000020E9640000F7D336B184E12341F6FA5DC9CE0B5741'::geometry, '300'::double precision))
                           Rows Removed by Filter: 3184
   ->  Subquery Scan on "*SELECT* 1657"  (cost=165745.69..165745.70 rows=1 width=76) (actual time=0.669..0.670 rows=1 loops=1)
         ->  Limit  (cost=165745.69..165745.69 rows=1 width=84) (actual time=0.667..0.668 rows=1 loops=1)
               ->  Sort  (cost=165745.69..165745.69 rows=1 width=84) (actual time=0.665..0.665 rows=1 loops=1)
                     Sort Key: (st_distance(st_transform(s_1656.the_geom, 25833), '0101000020E96400000E6A2D4B88E123414D2FDAADCD0B5741'::geometry))
                     Sort Method: top-N heapsort  Memory: 25kB
                     ->  Seq Scan on phoml_trajectory_tmp s_1656  (cost=0.00..165745.68 rows=1 width=84) (actual time=0.035..0.594 rows=476 loops=1)
                           Filter: ((unix_time >= '1685451540.829'::double precision) AND (unix_time <= '1685451600.829'::double precision) AND st_dwithin(st_transform(the_geom, 25833), '0101000020E96400000E6A2D4B88E123414D2FDAADCD0B5741'::geometry, '300'::double precision))
                           Rows Removed by Filter: 3184
   ->  Subquery Scan on "*SELECT* 1658"  (cost=165745.69..165745.70 rows=1 width=76) (actual time=0.683..0.684 rows=1 loops=1)
         ->  Limit  (cost=165745.69..165745.69 rows=1 width=84) (actual time=0.679..0.680 rows=1 loops=1)
               ->  Sort  (cost=165745.69..165745.69 rows=1 width=84) (actual time=0.677..0.677 rows=1 loops=1)
                     Sort Key: (st_distance(st_transform(s_1657.the_geom, 25833), '0101000020E9640000EB7D89468CE12341447C7E82CC0B5741'::geometry))
                     Sort Method: top-N heapsort  Memory: 25kB
                     ->  Seq Scan on phoml_trajectory_tmp s_1657  (cost=0.00..165745.68 rows=1 width=84) (actual time=0.037..0.599 rows=476 loops=1)
                           Filter: ((unix_time >= '1685451541.172'::double precision) AND (unix_time <= '1685451601.172'::double precision) AND st_dwithin(st_transform(the_geom, 25833), '0101000020E9640000EB7D89468CE12341447C7E82CC0B5741'::geometry, '300'::double precision))
                           Rows Removed by Filter: 3184
   ->  Subquery Scan on "*SELECT* 1659"  (cost=165745.69..165745.70 rows=1 width=76) (actual time=0.695..0.696 rows=1 loops=1)
         ->  Limit  (cost=165745.69..165745.69 rows=1 width=84) (actual time=0.692..0.692 rows=1 loops=1)
               ->  Sort  (cost=165745.69..165745.69 rows=1 width=84) (actual time=0.690..0.690 rows=1 loops=1)
                     Sort Key: (st_distance(st_transform(s_1658.the_geom, 25833), '0101000020E96400003A0F043990E12341E5AFE15ACB0B5741'::geometry))
                     Sort Method: top-N heapsort  Memory: 25kB
                     ->  Seq Scan on phoml_trajectory_tmp s_1658  (cost=0.00..165745.68 rows=1 width=84) (actual time=0.037..0.618 rows=476 loops=1)
                           Filter: ((unix_time >= '1685451541.512'::double precision) AND (unix_time <= '1685451601.512'::double precision) AND st_dwithin(st_transform(the_geom, 25833), '0101000020E96400003A0F043990E12341E5AFE15ACB0B5741'::geometry, '300'::double precision))
                           Rows Removed by Filter: 3184
   ->  Subquery Scan on "*SELECT* 1660"  (cost=165745.69..165745.70 rows=1 width=76) (actual time=0.682..0.683 rows=1 loops=1)
         ->  Limit  (cost=165745.69..165745.69 rows=1 width=84) (actual time=0.678..0.679 rows=1 loops=1)
               ->  Sort  (cost=165745.69..165745.69 rows=1 width=84) (actual time=0.676..0.676 rows=1 loops=1)
                     Sort Key: (st_distance(st_transform(s_1659.the_geom, 25833), '0101000020E964000073BA902F94E1234192B5A439CA0B5741'::geometry))
                     Sort Method: top-N heapsort  Memory: 25kB
                     ->  Seq Scan on phoml_trajectory_tmp s_1659  (cost=0.00..165745.68 rows=1 width=84) (actual time=0.034..0.604 rows=476 loops=1)
                           Filter: ((unix_time >= '1685451541.842'::double precision) AND (unix_time <= '1685451601.842'::double precision) AND st_dwithin(st_transform(the_geom, 25833), '0101000020E964000073BA902F94E1234192B5A439CA0B5741'::geometry, '300'::double precision))
                           Rows Removed by Filter: 3184
   ->  Subquery Scan on "*SELECT* 1661"  (cost=165745.69..165745.70 rows=1 width=76) (actual time=0.673..0.674 rows=1 loops=1)
         ->  Limit  (cost=165745.69..165745.69 rows=1 width=84) (actual time=0.671..0.672 rows=1 loops=1)
               ->  Sort  (cost=165745.69..165745.69 rows=1 width=84) (actual time=0.669..0.670 rows=1 loops=1)
                     Sort Key: (st_distance(st_transform(s_1660.the_geom, 25833), '0101000020E964000037F89B3F98E123418283130CC90B5741'::geometry))
                     Sort Method: top-N heapsort  Memory: 25kB
                     ->  Seq Scan on phoml_trajectory_tmp s_1660  (cost=0.00..165745.68 rows=1 width=84) (actual time=0.037..0.592 rows=476 loops=1)
                           Filter: ((unix_time >= '1685451542.193'::double precision) AND (unix_time <= '1685451602.193'::double precision) AND st_dwithin(st_transform(the_geom, 25833), '0101000020E964000037F89B3F98E123418283130CC90B5741'::geometry, '300'::double precision))
                           Rows Removed by Filter: 3184
   ->  Subquery Scan on "*SELECT* 1662"  (cost=165745.69..165745.70 rows=1 width=76) (actual time=0.686..0.688 rows=1 loops=1)
         ->  Limit  (cost=165745.69..165745.69 rows=1 width=84) (actual time=0.683..0.684 rows=1 loops=1)
               ->  Sort  (cost=165745.69..165745.69 rows=1 width=84) (actual time=0.681..0.681 rows=1 loops=1)
                     Sort Key: (st_distance(st_transform(s_1661.the_geom, 25833), '0101000020E96400000F9E4F2F9CE1234190D59AECC70B5741'::geometry))
                     Sort Method: top-N heapsort  Memory: 25kB
                     ->  Seq Scan on phoml_trajectory_tmp s_1661  (cost=0.00..165745.68 rows=1 width=84) (actual time=0.036..0.609 rows=476 loops=1)
                           Filter: ((unix_time >= '1685451542.523'::double precision) AND (unix_time <= '1685451602.523'::double precision) AND st_dwithin(st_transform(the_geom, 25833), '0101000020E96400000F9E4F2F9CE1234190D59AECC70B5741'::geometry, '300'::double precision))
                           Rows Removed by Filter: 3184
   ->  Subquery Scan on "*SELECT* 1663"  (cost=165745.69..165745.70 rows=1 width=76) (actual time=0.690..0.691 rows=1 loops=1)
         ->  Limit  (cost=165745.69..165745.69 rows=1 width=84) (actual time=0.686..0.687 rows=1 loops=1)
               ->  Sort  (cost=165745.69..165745.69 rows=1 width=84) (actual time=0.683..0.684 rows=1 loops=1)
                     Sort Key: (st_distance(st_transform(s_1662.the_geom, 25833), '0101000020E9640000FFC0961EA0E123415189B7C5C60B5741'::geometry))
                     Sort Method: top-N heapsort  Memory: 25kB
                     ->  Seq Scan on phoml_trajectory_tmp s_1662  (cost=0.00..165745.68 rows=1 width=84) (actual time=0.034..0.611 rows=476 loops=1)
                           Filter: ((unix_time >= '1685451542.863'::double precision) AND (unix_time <= '1685451602.863'::double precision) AND st_dwithin(st_transform(the_geom, 25833), '0101000020E9640000FFC0961EA0E123415189B7C5C60B5741'::geometry, '300'::double precision))
                           Rows Removed by Filter: 3184
   ->  Subquery Scan on "*SELECT* 1664"  (cost=165745.69..165745.70 rows=1 width=76) (actual time=0.684..0.685 rows=1 loops=1)
         ->  Limit  (cost=165745.69..165745.69 rows=1 width=84) (actual time=0.681..0.681 rows=1 loops=1)
               ->  Sort  (cost=165745.69..165745.69 rows=1 width=84) (actual time=0.679..0.679 rows=1 loops=1)
                     Sort Key: (st_distance(st_transform(s_1663.the_geom, 25833), '0101000020E96400004F75A716A4E123417B6C319DC50B5741'::geometry))
                     Sort Method: top-N heapsort  Memory: 25kB
                     ->  Seq Scan on phoml_trajectory_tmp s_1663  (cost=0.00..165745.68 rows=1 width=84) (actual time=0.037..0.606 rows=476 loops=1)
                           Filter: ((unix_time >= '1685451543.2'::double precision) AND (unix_time <= '1685451603.2'::double precision) AND st_dwithin(st_transform(the_geom, 25833), '0101000020E96400004F75A716A4E123417B6C319DC50B5741'::geometry, '300'::double precision))
                           Rows Removed by Filter: 3184
   ->  Subquery Scan on "*SELECT* 1665"  (cost=165745.69..165745.70 rows=1 width=76) (actual time=0.668..0.669 rows=1 loops=1)
         ->  Limit  (cost=165745.69..165745.69 rows=1 width=84) (actual time=0.666..0.667 rows=1 loops=1)
               ->  Sort  (cost=165745.69..165745.69 rows=1 width=84) (actual time=0.663..0.664 rows=1 loops=1)
                     Sort Key: (st_distance(st_transform(s_1664.the_geom, 25833), '0101000020E9640000A4421D04A8E123416D3DEC75C40B5741'::geometry))
                     Sort Method: top-N heapsort  Memory: 25kB
                     ->  Seq Scan on phoml_trajectory_tmp s_1664  (cost=0.00..165745.68 rows=1 width=84) (actual time=0.035..0.591 rows=476 loops=1)
                           Filter: ((unix_time >= '1685451543.54'::double precision) AND (unix_time <= '1685451603.54'::double precision) AND st_dwithin(st_transform(the_geom, 25833), '0101000020E9640000A4421D04A8E123416D3DEC75C40B5741'::geometry, '300'::double precision))
                           Rows Removed by Filter: 3184
   ->  Subquery Scan on "*SELECT* 1666"  (cost=165745.69..165745.70 rows=1 width=76) (actual time=0.688..0.689 rows=1 loops=1)
         ->  Limit  (cost=165745.69..165745.69 rows=1 width=84) (actual time=0.685..0.686 rows=1 loops=1)
               ->  Sort  (cost=165745.69..165745.69 rows=1 width=84) (actual time=0.683..0.683 rows=1 loops=1)
                     Sort Key: (st_distance(st_transform(s_1665.the_geom, 25833), '0101000020E964000063F5D9DBABE12341404BE354C30B5741'::geometry))
                     Sort Method: top-N heapsort  Memory: 25kB
                     ->  Seq Scan on phoml_trajectory_tmp s_1665  (cost=0.00..165745.68 rows=1 width=84) (actual time=0.038..0.604 rows=476 loops=1)
                           Filter: ((unix_time >= '1685451543.87'::double precision) AND (unix_time <= '1685451603.87'::double precision) AND st_dwithin(st_transform(the_geom, 25833), '0101000020E964000063F5D9DBABE12341404BE354C30B5741'::geometry, '300'::double precision))
                           Rows Removed by Filter: 3184
   ->  Subquery Scan on "*SELECT* 1667"  (cost=165745.69..165745.70 rows=1 width=76) (actual time=0.678..0.679 rows=1 loops=1)
         ->  Limit  (cost=165745.69..165745.69 rows=1 width=84) (actual time=0.675..0.676 rows=1 loops=1)
               ->  Sort  (cost=165745.69..165745.69 rows=1 width=84) (actual time=0.672..0.673 rows=1 loops=1)
                     Sort Key: (st_distance(st_transform(s_1666.the_geom, 25833), '0101000020E96400003C5998EFAFE12341BECEAE2DC20B5741'::geometry))
                     Sort Method: top-N heapsort  Memory: 25kB
                     ->  Seq Scan on phoml_trajectory_tmp s_1666  (cost=0.00..165745.68 rows=1 width=84) (actual time=0.035..0.601 rows=476 loops=1)
                           Filter: ((unix_time >= '1685451544.215'::double precision) AND (unix_time <= '1685451604.215'::double precision) AND st_dwithin(st_transform(the_geom, 25833), '0101000020E96400003C5998EFAFE12341BECEAE2DC20B5741'::geometry, '300'::double precision))
                           Rows Removed by Filter: 3184
   ->  Subquery Scan on "*SELECT* 1668"  (cost=165745.69..165745.70 rows=1 width=76) (actual time=0.679..0.681 rows=1 loops=1)
         ->  Limit  (cost=165745.69..165745.69 rows=1 width=84) (actual time=0.676..0.677 rows=1 loops=1)
               ->  Sort  (cost=165745.69..165745.69 rows=1 width=84) (actual time=0.674..0.674 rows=1 loops=1)
                     Sort Key: (st_distance(st_transform(s_1667.the_geom, 25833), '0101000020E9640000B066F50BB4E12341F344DFFEC00B5741'::geometry))
                     Sort Method: top-N heapsort  Memory: 25kB
                     ->  Seq Scan on phoml_trajectory_tmp s_1667  (cost=0.00..165745.68 rows=1 width=84) (actual time=0.035..0.594 rows=476 loops=1)
                           Filter: ((unix_time >= '1685451544.565'::double precision) AND (unix_time <= '1685451604.565'::double precision) AND st_dwithin(st_transform(the_geom, 25833), '0101000020E9640000B066F50BB4E12341F344DFFEC00B5741'::geometry, '300'::double precision))
                           Rows Removed by Filter: 3184
   ->  Subquery Scan on "*SELECT* 1669"  (cost=165745.69..165745.70 rows=1 width=76) (actual time=0.667..0.668 rows=1 loops=1)
         ->  Limit  (cost=165745.69..165745.69 rows=1 width=84) (actual time=0.665..0.666 rows=1 loops=1)
               ->  Sort  (cost=165745.69..165745.69 rows=1 width=84) (actual time=0.663..0.663 rows=1 loops=1)
                     Sort Key: (st_distance(st_transform(s_1668.the_geom, 25833), '0101000020E96400008EB4ABF8B7E12341ACAC78D8BF0B5741'::geometry))
                     Sort Method: top-N heapsort  Memory: 25kB
                     ->  Seq Scan on phoml_trajectory_tmp s_1668  (cost=0.00..165745.68 rows=1 width=84) (actual time=0.036..0.591 rows=476 loops=1)
                           Filter: ((unix_time >= '1685451544.905'::double precision) AND (unix_time <= '1685451604.905'::double precision) AND st_dwithin(st_transform(the_geom, 25833), '0101000020E96400008EB4ABF8B7E12341ACAC78D8BF0B5741'::geometry, '300'::double precision))
                           Rows Removed by Filter: 3184
   ->  Subquery Scan on "*SELECT* 1670"  (cost=165745.69..165745.70 rows=1 width=76) (actual time=0.682..0.683 rows=1 loops=1)
         ->  Limit  (cost=165745.69..165745.69 rows=1 width=84) (actual time=0.678..0.679 rows=1 loops=1)
               ->  Sort  (cost=165745.69..165745.69 rows=1 width=84) (actual time=0.676..0.676 rows=1 loops=1)
                     Sort Key: (st_distance(st_transform(s_1669.the_geom, 25833), '0101000020E9640000CE03FAEABBE1234186A29BB8BE0B5741'::geometry))
                     Sort Method: top-N heapsort  Memory: 25kB
                     ->  Seq Scan on phoml_trajectory_tmp s_1669  (cost=0.00..165745.68 rows=1 width=84) (actual time=0.037..0.604 rows=476 loops=1)
                           Filter: ((unix_time >= '1685451545.243'::double precision) AND (unix_time <= '1685451605.243'::double precision) AND st_dwithin(st_transform(the_geom, 25833), '0101000020E9640000CE03FAEABBE1234186A29BB8BE0B5741'::geometry, '300'::double precision))
                           Rows Removed by Filter: 3184
   ->  Subquery Scan on "*SELECT* 1671"  (cost=165745.69..165745.70 rows=1 width=76) (actual time=0.696..0.697 rows=1 loops=1)
         ->  Limit  (cost=165745.69..165745.69 rows=1 width=84) (actual time=0.692..0.693 rows=1 loops=1)
               ->  Sort  (cost=165745.69..165745.69 rows=1 width=84) (actual time=0.690..0.691 rows=1 loops=1)
                     Sort Key: (st_distance(st_transform(s_1670.the_geom, 25833), '0101000020E96400007D0EFDE0BFE123418A799890BD0B5741'::geometry))
                     Sort Method: top-N heapsort  Memory: 25kB
                     ->  Seq Scan on phoml_trajectory_tmp s_1670  (cost=0.00..165745.68 rows=1 width=84) (actual time=0.048..0.619 rows=476 loops=1)
                           Filter: ((unix_time >= '1685451545.583'::double precision) AND (unix_time <= '1685451605.583'::double precision) AND st_dwithin(st_transform(the_geom, 25833), '0101000020E96400007D0EFDE0BFE123418A799890BD0B5741'::geometry, '300'::double precision))
                           Rows Removed by Filter: 3184
   ->  Subquery Scan on "*SELECT* 1672"  (cost=165745.69..165745.70 rows=1 width=76) (actual time=0.662..0.663 rows=1 loops=1)
         ->  Limit  (cost=165745.69..165745.69 rows=1 width=84) (actual time=0.659..0.660 rows=1 loops=1)
               ->  Sort  (cost=165745.69..165745.69 rows=1 width=84) (actual time=0.657..0.657 rows=1 loops=1)
                     Sort Key: (st_distance(st_transform(s_1671.the_geom, 25833), '0101000020E9640000142747EFC3E12341072EFE61BC0B5741'::geometry))
                     Sort Method: top-N heapsort  Memory: 25kB
                     ->  Seq Scan on phoml_trajectory_tmp s_1671  (cost=0.00..165745.68 rows=1 width=84) (actual time=0.036..0.585 rows=476 loops=1)
                           Filter: ((unix_time >= '1685451545.933'::double precision) AND (unix_time <= '1685451605.933'::double precision) AND st_dwithin(st_transform(the_geom, 25833), '0101000020E9640000142747EFC3E12341072EFE61BC0B5741'::geometry, '300'::double precision))
                           Rows Removed by Filter: 3184
   ->  Subquery Scan on "*SELECT* 1673"  (cost=165745.69..165745.70 rows=1 width=76) (actual time=0.689..0.690 rows=1 loops=1)
         ->  Limit  (cost=165745.69..165745.69 rows=1 width=84) (actual time=0.685..0.686 rows=1 loops=1)
               ->  Sort  (cost=165745.69..165745.69 rows=1 width=84) (actual time=0.684..0.684 rows=1 loops=1)
                     Sort Key: (st_distance(st_transform(s_1672.the_geom, 25833), '0101000020E96400006FF667E5C7E123419E7F2341BB0B5741'::geometry))
                     Sort Method: top-N heapsort  Memory: 25kB
                     ->  Seq Scan on phoml_trajectory_tmp s_1672  (cost=0.00..165745.68 rows=1 width=84) (actual time=0.040..0.616 rows=476 loops=1)
                           Filter: ((unix_time >= '1685451546.267'::double precision) AND (unix_time <= '1685451606.267'::double precision) AND st_dwithin(st_transform(the_geom, 25833), '0101000020E96400006FF667E5C7E123419E7F2341BB0B5741'::geometry, '300'::double precision))
                           Rows Removed by Filter: 3184
   ->  Subquery Scan on "*SELECT* 1674"  (cost=165745.69..165745.70 rows=1 width=76) (actual time=0.681..0.683 rows=1 loops=1)
         ->  Limit  (cost=165745.69..165745.69 rows=1 width=84) (actual time=0.678..0.679 rows=1 loops=1)
               ->  Sort  (cost=165745.69..165745.69 rows=1 width=84) (actual time=0.675..0.676 rows=1 loops=1)
                     Sort Key: (st_distance(st_transform(s_1673.the_geom, 25833), '0101000020E964000036F8F0FCCBE12341173E5F19BA0B5741'::geometry))
                     Sort Method: top-N heapsort  Memory: 25kB
                     ->  Seq Scan on phoml_trajectory_tmp s_1673  (cost=0.00..165745.68 rows=1 width=84) (actual time=0.038..0.603 rows=476 loops=1)
                           Filter: ((unix_time >= '1685451546.607'::double precision) AND (unix_time <= '1685451606.607'::double precision) AND st_dwithin(st_transform(the_geom, 25833), '0101000020E964000036F8F0FCCBE12341173E5F19BA0B5741'::geometry, '300'::double precision))
                           Rows Removed by Filter: 3184
   ->  Subquery Scan on "*SELECT* 1675"  (cost=165745.69..165745.70 rows=1 width=76) (actual time=0.682..0.683 rows=1 loops=1)
         ->  Limit  (cost=165745.69..165745.69 rows=1 width=84) (actual time=0.678..0.679 rows=1 loops=1)
               ->  Sort  (cost=165745.69..165745.69 rows=1 width=84) (actual time=0.675..0.676 rows=1 loops=1)
                     Sort Key: (st_distance(st_transform(s_1674.the_geom, 25833), '0101000020E964000087DE02F2CFE12341FC31EAF1B80B5741'::geometry))
                     Sort Method: top-N heapsort  Memory: 25kB
                     ->  Seq Scan on phoml_trajectory_tmp s_1674  (cost=0.00..165745.68 rows=1 width=84) (actual time=0.037..0.604 rows=476 loops=1)
                           Filter: ((unix_time >= '1685451546.947'::double precision) AND (unix_time <= '1685451606.947'::double precision) AND st_dwithin(st_transform(the_geom, 25833), '0101000020E964000087DE02F2CFE12341FC31EAF1B80B5741'::geometry, '300'::double precision))
                           Rows Removed by Filter: 3184
   ->  Subquery Scan on "*SELECT* 1676"  (cost=165745.69..165745.70 rows=1 width=76) (actual time=0.676..0.677 rows=1 loops=1)
         ->  Limit  (cost=165745.69..165745.69 rows=1 width=84) (actual time=0.674..0.675 rows=1 loops=1)
               ->  Sort  (cost=165745.69..165745.69 rows=1 width=84) (actual time=0.672..0.672 rows=1 loops=1)
                     Sort Key: (st_distance(st_transform(s_1675.the_geom, 25833), '0101000020E9640000B5DD3AE6D3E123414889D5D1B70B5741'::geometry))
                     Sort Method: top-N heapsort  Memory: 25kB
                     ->  Seq Scan on phoml_trajectory_tmp s_1675  (cost=0.00..165745.68 rows=1 width=84) (actual time=0.038..0.599 rows=476 loops=1)
                           Filter: ((unix_time >= '1685451547.283'::double precision) AND (unix_time <= '1685451607.283'::double precision) AND st_dwithin(st_transform(the_geom, 25833), '0101000020E9640000B5DD3AE6D3E123414889D5D1B70B5741'::geometry, '300'::double precision))
                           Rows Removed by Filter: 3184
   ->  Subquery Scan on "*SELECT* 1677"  (cost=165745.69..165745.70 rows=1 width=76) (actual time=0.692..0.693 rows=1 loops=1)
         ->  Limit  (cost=165745.69..165745.69 rows=1 width=84) (actual time=0.688..0.689 rows=1 loops=1)
               ->  Sort  (cost=165745.69..165745.69 rows=1 width=84) (actual time=0.686..0.686 rows=1 loops=1)
                     Sort Key: (st_distance(st_transform(s_1676.the_geom, 25833), '0101000020E96400005254C500D8E12341B9EA79A2B60B5741'::geometry))
                     Sort Method: top-N heapsort  Memory: 25kB
                     ->  Seq Scan on phoml_trajectory_tmp s_1676  (cost=0.00..165745.68 rows=1 width=84) (actual time=0.038..0.613 rows=480 loops=1)
                           Filter: ((unix_time >= '1685451547.633'::double precision) AND (unix_time <= '1685451607.633'::double precision) AND st_dwithin(st_transform(the_geom, 25833), '0101000020E96400005254C500D8E12341B9EA79A2B60B5741'::geometry, '300'::double precision))
                           Rows Removed by Filter: 3180
   ->  Subquery Scan on "*SELECT* 1678"  (cost=165745.69..165745.70 rows=1 width=76) (actual time=0.710..0.711 rows=1 loops=1)
         ->  Limit  (cost=165745.69..165745.69 rows=1 width=84) (actual time=0.706..0.706 rows=1 loops=1)
               ->  Sort  (cost=165745.69..165745.69 rows=1 width=84) (actual time=0.701..0.701 rows=1 loops=1)
                     Sort Key: (st_distance(st_transform(s_1677.the_geom, 25833), '0101000020E964000086761EF8DBE12341EE9CB181B50B5741'::geometry))
                     Sort Method: top-N heapsort  Memory: 25kB
                     ->  Seq Scan on phoml_trajectory_tmp s_1677  (cost=0.00..165745.68 rows=1 width=84) (actual time=0.047..0.617 rows=476 loops=1)
                           Filter: ((unix_time >= '1685451547.963'::double precision) AND (unix_time <= '1685451607.963'::double precision) AND st_dwithin(st_transform(the_geom, 25833), '0101000020E964000086761EF8DBE12341EE9CB181B50B5741'::geometry, '300'::double precision))
                           Rows Removed by Filter: 3184
   ->  Subquery Scan on "*SELECT* 1679"  (cost=165745.69..165745.70 rows=1 width=76) (actual time=0.669..0.670 rows=1 loops=1)
         ->  Limit  (cost=165745.69..165745.69 rows=1 width=84) (actual time=0.667..0.668 rows=1 loops=1)
               ->  Sort  (cost=165745.69..165745.69 rows=1 width=84) (actual time=0.665..0.665 rows=1 loops=1)
                     Sort Key: (st_distance(st_transform(s_1678.the_geom, 25833), '0101000020E9640000581C540FE0E123411EDADD52B40B5741'::geometry))
                     Sort Method: top-N heapsort  Memory: 25kB
                     ->  Seq Scan on phoml_trajectory_tmp s_1678  (cost=0.00..165745.68 rows=1 width=84) (actual time=0.036..0.594 rows=476 loops=1)
                           Filter: ((unix_time >= '1685451548.309'::double precision) AND (unix_time <= '1685451608.309'::double precision) AND st_dwithin(st_transform(the_geom, 25833), '0101000020E9640000581C540FE0E123411EDADD52B40B5741'::geometry, '300'::double precision))
                           Rows Removed by Filter: 3184
   ->  Subquery Scan on "*SELECT* 1680"  (cost=165745.69..165745.70 rows=1 width=76) (actual time=0.695..0.696 rows=1 loops=1)
         ->  Limit  (cost=165745.69..165745.69 rows=1 width=84) (actual time=0.691..0.692 rows=1 loops=1)
               ->  Sort  (cost=165745.69..165745.69 rows=1 width=84) (actual time=0.689..0.690 rows=1 loops=1)
                     Sort Key: (st_distance(st_transform(s_1679.the_geom, 25833), '0101000020E964000051BC4201E4E1234130EC5832B30B5741'::geometry))
                     Sort Method: top-N heapsort  Memory: 25kB
                     ->  Seq Scan on phoml_trajectory_tmp s_1679  (cost=0.00..165745.68 rows=1 width=84) (actual time=0.035..0.617 rows=476 loops=1)
                           Filter: ((unix_time >= '1685451548.639'::double precision) AND (unix_time <= '1685451608.639'::double precision) AND st_dwithin(st_transform(the_geom, 25833), '0101000020E964000051BC4201E4E1234130EC5832B30B5741'::geometry, '300'::double precision))
                           Rows Removed by Filter: 3184
   ->  Subquery Scan on "*SELECT* 1681"  (cost=165745.69..165745.70 rows=1 width=76) (actual time=0.734..0.735 rows=1 loops=1)
         ->  Limit  (cost=165745.69..165745.69 rows=1 width=84) (actual time=0.730..0.731 rows=1 loops=1)
               ->  Sort  (cost=165745.69..165745.69 rows=1 width=84) (actual time=0.727..0.728 rows=1 loops=1)
                     Sort Key: (st_distance(st_transform(s_1680.the_geom, 25833), '0101000020E9640000962C511BE8E123417E6DD811B20B5741'::geometry))
                     Sort Method: top-N heapsort  Memory: 25kB
                     ->  Seq Scan on phoml_trajectory_tmp s_1680  (cost=0.00..165745.68 rows=1 width=84) (actual time=0.048..0.654 rows=476 loops=1)
                           Filter: ((unix_time >= '1685451548.969'::double precision) AND (unix_time <= '1685451608.969'::double precision) AND st_dwithin(st_transform(the_geom, 25833), '0101000020E9640000962C511BE8E123417E6DD811B20B5741'::geometry, '300'::double precision))
                           Rows Removed by Filter: 3184
   ->  Subquery Scan on "*SELECT* 1682"  (cost=165745.69..165745.70 rows=1 width=76) (actual time=0.671..0.672 rows=1 loops=1)
         ->  Limit  (cost=165745.69..165745.69 rows=1 width=84) (actual time=0.669..0.669 rows=1 loops=1)
               ->  Sort  (cost=165745.69..165745.69 rows=1 width=84) (actual time=0.666..0.667 rows=1 loops=1)
                     Sort Key: (st_distance(st_transform(s_1681.the_geom, 25833), '0101000020E964000096B0DF47ECE123417D8959E1B00B5741'::geometry))
                     Sort Method: top-N heapsort  Memory: 25kB
                     ->  Seq Scan on phoml_trajectory_tmp s_1681  (cost=0.00..165745.68 rows=1 width=84) (actual time=0.039..0.594 rows=476 loops=1)
                           Filter: ((unix_time >= '1685451549.315'::double precision) AND (unix_time <= '1685451609.315'::double precision) AND st_dwithin(st_transform(the_geom, 25833), '0101000020E964000096B0DF47ECE123417D8959E1B00B5741'::geometry, '300'::double precision))
                           Rows Removed by Filter: 3184
   ->  Subquery Scan on "*SELECT* 1683"  (cost=165745.69..165745.70 rows=1 width=76) (actual time=0.677..0.678 rows=1 loops=1)
         ->  Limit  (cost=165745.69..165745.69 rows=1 width=84) (actual time=0.675..0.675 rows=1 loops=1)
               ->  Sort  (cost=165745.69..165745.69 rows=1 width=84) (actual time=0.672..0.673 rows=1 loops=1)
                     Sort Key: (st_distance(st_transform(s_1682.the_geom, 25833), '0101000020E96400007C344F38F0E12341977074C8AF0B5741'::geometry))
                     Sort Method: top-N heapsort  Memory: 25kB
                     ->  Seq Scan on phoml_trajectory_tmp s_1682  (cost=0.00..165745.68 rows=1 width=84) (actual time=0.048..0.602 rows=476 loops=1)
                           Filter: ((unix_time >= '1685451549.635'::double precision) AND (unix_time <= '1685451609.635'::double precision) AND st_dwithin(st_transform(the_geom, 25833), '0101000020E96400007C344F38F0E12341977074C8AF0B5741'::geometry, '300'::double precision))
                           Rows Removed by Filter: 3184
   ->  Subquery Scan on "*SELECT* 1684"  (cost=165745.69..165745.70 rows=1 width=76) (actual time=0.701..0.702 rows=1 loops=1)
         ->  Limit  (cost=165745.69..165745.69 rows=1 width=84) (actual time=0.697..0.698 rows=1 loops=1)
               ->  Sort  (cost=165745.69..165745.69 rows=1 width=84) (actual time=0.695..0.695 rows=1 loops=1)
                     Sort Key: (st_distance(st_transform(s_1683.the_geom, 25833), '0101000020E9640000FCEE7C86F4E123416AA39A98AE0B5741'::geometry))
                     Sort Method: top-N heapsort  Memory: 25kB
                     ->  Seq Scan on phoml_trajectory_tmp s_1683  (cost=0.00..165745.68 rows=1 width=84) (actual time=0.041..0.622 rows=480 loops=1)
                           Filter: ((unix_time >= '1685451549.985'::double precision) AND (unix_time <= '1685451609.985'::double precision) AND st_dwithin(st_transform(the_geom, 25833), '0101000020E9640000FCEE7C86F4E123416AA39A98AE0B5741'::geometry, '300'::double precision))
                           Rows Removed by Filter: 3180
   ->  Subquery Scan on "*SELECT* 1685"  (cost=165745.69..165745.70 rows=1 width=76) (actual time=0.690..0.692 rows=1 loops=1)
         ->  Limit  (cost=165745.69..165745.69 rows=1 width=84) (actual time=0.687..0.687 rows=1 loops=1)
               ->  Sort  (cost=165745.69..165745.69 rows=1 width=84) (actual time=0.685..0.685 rows=1 loops=1)
                     Sort Key: (st_distance(st_transform(s_1684.the_geom, 25833), '0101000020E96400008D4B8B82F8E12341995C9F6FAD0B5741'::geometry))
                     Sort Method: top-N heapsort  Memory: 25kB
                     ->  Seq Scan on phoml_trajectory_tmp s_1684  (cost=0.00..165745.68 rows=1 width=84) (actual time=0.039..0.613 rows=480 loops=1)
                           Filter: ((unix_time >= '1685451550.318'::double precision) AND (unix_time <= '1685451610.318'::double precision) AND st_dwithin(st_transform(the_geom, 25833), '0101000020E96400008D4B8B82F8E12341995C9F6FAD0B5741'::geometry, '300'::double precision))
                           Rows Removed by Filter: 3180
   ->  Subquery Scan on "*SELECT* 1686"  (cost=165745.69..165745.70 rows=1 width=76) (actual time=0.680..0.681 rows=1 loops=1)
         ->  Limit  (cost=165745.69..165745.69 rows=1 width=84) (actual time=0.677..0.678 rows=1 loops=1)
               ->  Sort  (cost=165745.69..165745.69 rows=1 width=84) (actual time=0.675..0.676 rows=1 loops=1)
                     Sort Key: (st_distance(st_transform(s_1685.the_geom, 25833), '0101000020E9640000FF520880FCE12341EF77C550AC0B5741'::geometry))
                     Sort Method: top-N heapsort  Memory: 25kB
                     ->  Seq Scan on phoml_trajectory_tmp s_1685  (cost=0.00..165745.68 rows=1 width=84) (actual time=0.040..0.603 rows=480 loops=1)
                           Filter: ((unix_time >= '1685451550.648'::double precision) AND (unix_time <= '1685451610.648'::double precision) AND st_dwithin(st_transform(the_geom, 25833), '0101000020E9640000FF520880FCE12341EF77C550AC0B5741'::geometry, '300'::double precision))
                           Rows Removed by Filter: 3180
   ->  Subquery Scan on "*SELECT* 1687"  (cost=165745.69..165745.70 rows=1 width=76) (actual time=0.697..0.698 rows=1 loops=1)
         ->  Limit  (cost=165745.69..165745.69 rows=1 width=84) (actual time=0.693..0.694 rows=1 loops=1)
               ->  Sort  (cost=165745.69..165745.69 rows=1 width=84) (actual time=0.691..0.692 rows=1 loops=1)
                     Sort Key: (st_distance(st_transform(s_1686.the_geom, 25833), '0101000020E9640000A5C087B400E22341921FC929AB0B5741'::geometry))
                     Sort Method: top-N heapsort  Memory: 25kB
                     ->  Seq Scan on phoml_trajectory_tmp s_1686  (cost=0.00..165745.68 rows=1 width=84) (actual time=0.038..0.619 rows=484 loops=1)
                           Filter: ((unix_time >= '1685451550.988'::double precision) AND (unix_time <= '1685451610.988'::double precision) AND st_dwithin(st_transform(the_geom, 25833), '0101000020E9640000A5C087B400E22341921FC929AB0B5741'::geometry, '300'::double precision))
                           Rows Removed by Filter: 3176
   ->  Subquery Scan on "*SELECT* 1688"  (cost=165745.69..165745.70 rows=1 width=76) (actual time=0.687..0.689 rows=1 loops=1)
         ->  Limit  (cost=165745.69..165745.69 rows=1 width=84) (actual time=0.684..0.685 rows=1 loops=1)
               ->  Sort  (cost=165745.69..165745.69 rows=1 width=84) (actual time=0.682..0.682 rows=1 loops=1)
                     Sort Key: (st_distance(st_transform(s_1687.the_geom, 25833), '0101000020E9640000A988C08504E22341A3832405AA0B5741'::geometry))
                     Sort Method: top-N heapsort  Memory: 25kB
                     ->  Seq Scan on phoml_trajectory_tmp s_1687  (cost=0.00..165745.68 rows=1 width=84) (actual time=0.038..0.611 rows=480 loops=1)
                           Filter: ((unix_time >= '1685451551.318'::double precision) AND (unix_time <= '1685451611.318'::double precision) AND st_dwithin(st_transform(the_geom, 25833), '0101000020E9640000A988C08504E22341A3832405AA0B5741'::geometry, '300'::double precision))
                           Rows Removed by Filter: 3180
   ->  Subquery Scan on "*SELECT* 1689"  (cost=165745.69..165745.70 rows=1 width=76) (actual time=0.682..0.683 rows=1 loops=1)
         ->  Limit  (cost=165745.69..165745.69 rows=1 width=84) (actual time=0.679..0.680 rows=1 loops=1)
               ->  Sort  (cost=165745.69..165745.69 rows=1 width=84) (actual time=0.677..0.678 rows=1 loops=1)
                     Sort Key: (st_distance(st_transform(s_1688.the_geom, 25833), '0101000020E96400002178C07B08E2234142BD5AE0A80B5741'::geometry))
                     Sort Method: top-N heapsort  Memory: 25kB
                     ->  Seq Scan on phoml_trajectory_tmp s_1688  (cost=0.00..165745.68 rows=1 width=84) (actual time=0.039..0.605 rows=484 loops=1)
                           Filter: ((unix_time >= '1685451551.658'::double precision) AND (unix_time <= '1685451611.658'::double precision) AND st_dwithin(st_transform(the_geom, 25833), '0101000020E96400002178C07B08E2234142BD5AE0A80B5741'::geometry, '300'::double precision))
                           Rows Removed by Filter: 3176
   ->  Subquery Scan on "*SELECT* 1690"  (cost=165745.69..165745.70 rows=1 width=76) (actual time=0.707..0.709 rows=1 loops=1)
         ->  Limit  (cost=165745.69..165745.69 rows=1 width=84) (actual time=0.704..0.705 rows=1 loops=1)
               ->  Sort  (cost=165745.69..165745.69 rows=1 width=84) (actual time=0.702..0.702 rows=1 loops=1)
                     Sort Key: (st_distance(st_transform(s_1689.the_geom, 25833), '0101000020E9640000B34E5A730CE22341ECCA90BBA70B5741'::geometry))
                     Sort Method: top-N heapsort  Memory: 25kB
                     ->  Seq Scan on phoml_trajectory_tmp s_1689  (cost=0.00..165745.68 rows=1 width=84) (actual time=0.040..0.623 rows=488 loops=1)
                           Filter: ((unix_time >= '1685451551.988'::double precision) AND (unix_time <= '1685451611.988'::double precision) AND st_dwithin(st_transform(the_geom, 25833), '0101000020E9640000B34E5A730CE22341ECCA90BBA70B5741'::geometry, '300'::double precision))
                           Rows Removed by Filter: 3172
   ->  Subquery Scan on "*SELECT* 1691"  (cost=165745.69..165745.70 rows=1 width=76) (actual time=0.692..0.693 rows=1 loops=1)
         ->  Limit  (cost=165745.69..165745.69 rows=1 width=84) (actual time=0.689..0.689 rows=1 loops=1)
               ->  Sort  (cost=165745.69..165745.69 rows=1 width=84) (actual time=0.686..0.687 rows=1 loops=1)
                     Sort Key: (st_distance(st_transform(s_1690.the_geom, 25833), '0101000020E96400005261083C10E22341F260B897A60B5741'::geometry))
                     Sort Method: top-N heapsort  Memory: 25kB
                     ->  Seq Scan on phoml_trajectory_tmp s_1690  (cost=0.00..165745.68 rows=1 width=84) (actual time=0.041..0.613 rows=484 loops=1)
                           Filter: ((unix_time >= '1685451552.325'::double precision) AND (unix_time <= '1685451612.325'::double precision) AND st_dwithin(st_transform(the_geom, 25833), '0101000020E96400005261083C10E22341F260B897A60B5741'::geometry, '300'::double precision))
                           Rows Removed by Filter: 3176
   ->  Subquery Scan on "*SELECT* 1692"  (cost=165745.69..165745.70 rows=1 width=76) (actual time=0.692..0.693 rows=1 loops=1)
         ->  Limit  (cost=165745.69..165745.69 rows=1 width=84) (actual time=0.688..0.689 rows=1 loops=1)
               ->  Sort  (cost=165745.69..165745.69 rows=1 width=84) (actual time=0.686..0.686 rows=1 loops=1)
                     Sort Key: (st_distance(st_transform(s_1691.the_geom, 25833), '0101000020E9640000CC5C541314E22341ADAAAE79A50B5741'::geometry))
                     Sort Method: top-N heapsort  Memory: 25kB
                     ->  Seq Scan on phoml_trajectory_tmp s_1691  (cost=0.00..165745.68 rows=1 width=84) (actual time=0.039..0.607 rows=488 loops=1)
                           Filter: ((unix_time >= '1685451552.655'::double precision) AND (unix_time <= '1685451612.655'::double precision) AND st_dwithin(st_transform(the_geom, 25833), '0101000020E9640000CC5C541314E22341ADAAAE79A50B5741'::geometry, '300'::double precision))
                           Rows Removed by Filter: 3172
   ->  Subquery Scan on "*SELECT* 1693"  (cost=165745.69..165745.70 rows=1 width=76) (actual time=0.676..0.677 rows=1 loops=1)
         ->  Limit  (cost=165745.69..165745.69 rows=1 width=84) (actual time=0.673..0.674 rows=1 loops=1)
               ->  Sort  (cost=165745.69..165745.69 rows=1 width=84) (actual time=0.671..0.672 rows=1 loops=1)
                     Sort Key: (st_distance(st_transform(s_1692.the_geom, 25833), '0101000020E96400004A82FAEE17E2234167EE7754A40B5741'::geometry))
                     Sort Method: top-N heapsort  Memory: 25kB
                     ->  Seq Scan on phoml_trajectory_tmp s_1692  (cost=0.00..165745.68 rows=1 width=84) (actual time=0.040..0.599 rows=488 loops=1)
                           Filter: ((unix_time >= '1685451552.985'::double precision) AND (unix_time <= '1685451612.985'::double precision) AND st_dwithin(st_transform(the_geom, 25833), '0101000020E96400004A82FAEE17E2234167EE7754A40B5741'::geometry, '300'::double precision))
                           Rows Removed by Filter: 3172
   ->  Subquery Scan on "*SELECT* 1694"  (cost=165745.69..165745.70 rows=1 width=76) (actual time=0.710..0.711 rows=1 loops=1)
         ->  Limit  (cost=165745.69..165745.69 rows=1 width=84) (actual time=0.706..0.707 rows=1 loops=1)
               ->  Sort  (cost=165745.69..165745.69 rows=1 width=84) (actual time=0.704..0.704 rows=1 loops=1)
                     Sort Key: (st_distance(st_transform(s_1693.the_geom, 25833), '0101000020E96400006D5A3DE31BE223413A69472DA30B5741'::geometry))
                     Sort Method: top-N heapsort  Memory: 25kB
                     ->  Seq Scan on phoml_trajectory_tmp s_1693  (cost=0.00..165745.68 rows=1 width=84) (actual time=0.044..0.630 rows=484 loops=1)
                           Filter: ((unix_time >= '1685451553.32'::double precision) AND (unix_time <= '1685451613.32'::double precision) AND st_dwithin(st_transform(the_geom, 25833), '0101000020E96400006D5A3DE31BE223413A69472DA30B5741'::geometry, '300'::double precision))
                           Rows Removed by Filter: 3176
   ->  Subquery Scan on "*SELECT* 1695"  (cost=165745.69..165745.70 rows=1 width=76) (actual time=0.694..0.695 rows=1 loops=1)
         ->  Limit  (cost=165745.69..165745.69 rows=1 width=84) (actual time=0.691..0.691 rows=1 loops=1)
               ->  Sort  (cost=165745.69..165745.69 rows=1 width=84) (actual time=0.688..0.688 rows=1 loops=1)
                     Sort Key: (st_distance(st_transform(s_1694.the_geom, 25833), '0101000020E9640000418C7B1720E223412CF4A2FCA10B5741'::geometry))
                     Sort Method: top-N heapsort  Memory: 25kB
                     ->  Seq Scan on phoml_trajectory_tmp s_1694  (cost=0.00..165745.68 rows=1 width=84) (actual time=0.039..0.616 rows=488 loops=1)
                           Filter: ((unix_time >= '1685451553.66'::double precision) AND (unix_time <= '1685451613.66'::double precision) AND st_dwithin(st_transform(the_geom, 25833), '0101000020E9640000418C7B1720E223412CF4A2FCA10B5741'::geometry, '300'::double precision))
                           Rows Removed by Filter: 3172
   ->  Subquery Scan on "*SELECT* 1696"  (cost=165745.69..165745.70 rows=1 width=76) (actual time=0.687..0.688 rows=1 loops=1)
         ->  Limit  (cost=165745.69..165745.69 rows=1 width=84) (actual time=0.685..0.686 rows=1 loops=1)
               ->  Sort  (cost=165745.69..165745.69 rows=1 width=84) (actual time=0.683..0.683 rows=1 loops=1)
                     Sort Key: (st_distance(st_transform(s_1695.the_geom, 25833), '0101000020E96400001A6C2A2424E22341E71685D9A00B5741'::geometry))
                     Sort Method: top-N heapsort  Memory: 25kB
                     ->  Seq Scan on phoml_trajectory_tmp s_1695  (cost=0.00..165745.68 rows=1 width=84) (actual time=0.040..0.608 rows=492 loops=1)
                           Filter: ((unix_time >= '1685451553.99'::double precision) AND (unix_time <= '1685451613.99'::double precision) AND st_dwithin(st_transform(the_geom, 25833), '0101000020E96400001A6C2A2424E22341E71685D9A00B5741'::geometry, '300'::double precision))
                           Rows Removed by Filter: 3168
   ->  Subquery Scan on "*SELECT* 1697"  (cost=165745.69..165745.70 rows=1 width=76) (actual time=0.693..0.695 rows=1 loops=1)
         ->  Limit  (cost=165745.69..165745.69 rows=1 width=84) (actual time=0.690..0.691 rows=1 loops=1)
               ->  Sort  (cost=165745.69..165745.69 rows=1 width=84) (actual time=0.688..0.688 rows=1 loops=1)
                     Sort Key: (st_distance(st_transform(s_1696.the_geom, 25833), '0101000020E96400007C13214928E22341860A60B09F0B5741'::geometry))
                     Sort Method: top-N heapsort  Memory: 25kB
                     ->  Seq Scan on phoml_trajectory_tmp s_1696  (cost=0.00..165745.68 rows=1 width=84) (actual time=0.040..0.616 rows=488 loops=1)
                           Filter: ((unix_time >= '1685451554.326'::double precision) AND (unix_time <= '1685451614.326'::double precision) AND st_dwithin(st_transform(the_geom, 25833), '0101000020E96400007C13214928E22341860A60B09F0B5741'::geometry, '300'::double precision))
                           Rows Removed by Filter: 3172
   ->  Subquery Scan on "*SELECT* 1698"  (cost=165745.69..165745.70 rows=1 width=76) (actual time=0.703..0.704 rows=1 loops=1)
         ->  Limit  (cost=165745.69..165745.69 rows=1 width=84) (actual time=0.699..0.700 rows=1 loops=1)
               ->  Sort  (cost=165745.69..165745.69 rows=1 width=84) (actual time=0.697..0.698 rows=1 loops=1)
                     Sort Key: (st_distance(st_transform(s_1697.the_geom, 25833), '0101000020E96400004A32FB3F2CE22341D55AA68F9E0B5741'::geometry))
                     Sort Method: top-N heapsort  Memory: 25kB
                     ->  Seq Scan on phoml_trajectory_tmp s_1697  (cost=0.00..165745.68 rows=1 width=84) (actual time=0.043..0.622 rows=492 loops=1)
                           Filter: ((unix_time >= '1685451554.655'::double precision) AND (unix_time <= '1685451614.655'::double precision) AND st_dwithin(st_transform(the_geom, 25833), '0101000020E96400004A32FB3F2CE22341D55AA68F9E0B5741'::geometry, '300'::double precision))
                           Rows Removed by Filter: 3168
   ->  Subquery Scan on "*SELECT* 1699"  (cost=165745.69..165745.70 rows=1 width=76) (actual time=0.695..0.696 rows=1 loops=1)
         ->  Limit  (cost=165745.69..165745.69 rows=1 width=84) (actual time=0.692..0.693 rows=1 loops=1)
               ->  Sort  (cost=165745.69..165745.69 rows=1 width=84) (actual time=0.690..0.690 rows=1 loops=1)
                     Sort Key: (st_distance(st_transform(s_1698.the_geom, 25833), '0101000020E9640000E8E3584530E22341077194629D0B5741'::geometry))
                     Sort Method: top-N heapsort  Memory: 25kB
                     ->  Seq Scan on phoml_trajectory_tmp s_1698  (cost=0.00..165745.68 rows=1 width=84) (actual time=0.041..0.614 rows=492 loops=1)
                           Filter: ((unix_time >= '1685451554.995'::double precision) AND (unix_time <= '1685451614.995'::double precision) AND st_dwithin(st_transform(the_geom, 25833), '0101000020E9640000E8E3584530E22341077194629D0B5741'::geometry, '300'::double precision))
                           Rows Removed by Filter: 3168
   ->  Subquery Scan on "*SELECT* 1700"  (cost=165745.69..165745.70 rows=1 width=76) (actual time=0.686..0.687 rows=1 loops=1)
         ->  Limit  (cost=165745.69..165745.69 rows=1 width=84) (actual time=0.684..0.685 rows=1 loops=1)
               ->  Sort  (cost=165745.69..165745.69 rows=1 width=84) (actual time=0.681..0.682 rows=1 loops=1)
                     Sort Key: (st_distance(st_transform(s_1699.the_geom, 25833), '0101000020E9640000A37F051934E22341A57CBF449C0B5741'::geometry))
                     Sort Method: top-N heapsort  Memory: 25kB
                     ->  Seq Scan on phoml_trajectory_tmp s_1699  (cost=0.00..165745.68 rows=1 width=84) (actual time=0.042..0.607 rows=492 loops=1)
                           Filter: ((unix_time >= '1685451555.331'::double precision) AND (unix_time <= '1685451615.331'::double precision) AND st_dwithin(st_transform(the_geom, 25833), '0101000020E9640000A37F051934E22341A57CBF449C0B5741'::geometry, '300'::double precision))
                           Rows Removed by Filter: 3168
   ->  Subquery Scan on "*SELECT* 1701"  (cost=165745.69..165745.70 rows=1 width=76) (actual time=0.710..0.711 rows=1 loops=1)
         ->  Limit  (cost=165745.69..165745.69 rows=1 width=84) (actual time=0.706..0.707 rows=1 loops=1)
               ->  Sort  (cost=165745.69..165745.69 rows=1 width=84) (actual time=0.704..0.704 rows=1 loops=1)
                     Sort Key: (st_distance(st_transform(s_1700.the_geom, 25833), '0101000020E96400007CD573F137E223413C91901F9B0B5741'::geometry))
                     Sort Method: top-N heapsort  Memory: 25kB
                     ->  Seq Scan on phoml_trajectory_tmp s_1700  (cost=0.00..165745.68 rows=1 width=84) (actual time=0.046..0.628 rows=488 loops=1)
                           Filter: ((unix_time >= '1685451555.671'::double precision) AND (unix_time <= '1685451615.671'::double precision) AND st_dwithin(st_transform(the_geom, 25833), '0101000020E96400007CD573F137E223413C91901F9B0B5741'::geometry, '300'::double precision))
                           Rows Removed by Filter: 3172
   ->  Subquery Scan on "*SELECT* 1702"  (cost=165745.69..165745.70 rows=1 width=76) (actual time=0.710..0.711 rows=1 loops=1)
         ->  Limit  (cost=165745.69..165745.69 rows=1 width=84) (actual time=0.706..0.707 rows=1 loops=1)
               ->  Sort  (cost=165745.69..165745.69 rows=1 width=84) (actual time=0.704..0.704 rows=1 loops=1)
                     Sort Key: (st_distance(st_transform(s_1701.the_geom, 25833), '0101000020E96400000B8145A93BE22341E2821D089A0B5741'::geometry))
                     Sort Method: top-N heapsort  Memory: 25kB
                     ->  Seq Scan on phoml_trajectory_tmp s_1701  (cost=0.00..165745.68 rows=1 width=84) (actual time=0.045..0.626 rows=492 loops=1)
                           Filter: ((unix_time >= '1685451556.001'::double precision) AND (unix_time <= '1685451616.001'::double precision) AND st_dwithin(st_transform(the_geom, 25833), '0101000020E96400000B8145A93BE22341E2821D089A0B5741'::geometry, '300'::double precision))
                           Rows Removed by Filter: 3168
   ->  Subquery Scan on "*SELECT* 1703"  (cost=165745.69..165745.70 rows=1 width=76) (actual time=0.688..0.689 rows=1 loops=1)
         ->  Limit  (cost=165745.69..165745.69 rows=1 width=84) (actual time=0.685..0.686 rows=1 loops=1)
               ->  Sort  (cost=165745.69..165745.69 rows=1 width=84) (actual time=0.683..0.683 rows=1 loops=1)
                     Sort Key: (st_distance(st_transform(s_1702.the_geom, 25833), '0101000020E96400004C60DD9F3FE2234138C39EDC980B5741'::geometry))
                     Sort Method: top-N heapsort  Memory: 25kB
                     ->  Seq Scan on phoml_trajectory_tmp s_1702  (cost=0.00..165745.68 rows=1 width=84) (actual time=0.042..0.607 rows=492 loops=1)
                           Filter: ((unix_time >= '1685451556.357'::double precision) AND (unix_time <= '1685451616.357'::double precision) AND st_dwithin(st_transform(the_geom, 25833), '0101000020E96400004C60DD9F3FE2234138C39EDC980B5741'::geometry, '300'::double precision))
                           Rows Removed by Filter: 3168
   ->  Subquery Scan on "*SELECT* 1704"  (cost=165745.69..165745.70 rows=1 width=76) (actual time=0.702..0.703 rows=1 loops=1)
         ->  Limit  (cost=165745.69..165745.69 rows=1 width=84) (actual time=0.698..0.698 rows=1 loops=1)
               ->  Sort  (cost=165745.69..165745.69 rows=1 width=84) (actual time=0.696..0.696 rows=1 loops=1)
                     Sort Key: (st_distance(st_transform(s_1703.the_geom, 25833), '0101000020E96400009988CC8443E22341AD6974AF970B5741'::geometry))
                     Sort Method: top-N heapsort  Memory: 25kB
                     ->  Seq Scan on phoml_trajectory_tmp s_1703  (cost=0.00..165745.68 rows=1 width=84) (actual time=0.044..0.621 rows=492 loops=1)
                           Filter: ((unix_time >= '1685451556.707'::double precision) AND (unix_time <= '1685451616.707'::double precision) AND st_dwithin(st_transform(the_geom, 25833), '0101000020E96400009988CC8443E22341AD6974AF970B5741'::geometry, '300'::double precision))
                           Rows Removed by Filter: 3168
   ->  Subquery Scan on "*SELECT* 1705"  (cost=165745.69..165745.70 rows=1 width=76) (actual time=0.698..0.700 rows=1 loops=1)
         ->  Limit  (cost=165745.69..165745.69 rows=1 width=84) (actual time=0.695..0.696 rows=1 loops=1)
               ->  Sort  (cost=165745.69..165745.69 rows=1 width=84) (actual time=0.693..0.693 rows=1 loops=1)
                     Sort Key: (st_distance(st_transform(s_1704.the_geom, 25833), '0101000020E96400008EBC8B6447E22341E6A3AD90960B5741'::geometry))
                     Sort Method: top-N heapsort  Memory: 25kB
                     ->  Seq Scan on phoml_trajectory_tmp s_1704  (cost=0.00..165745.68 rows=1 width=84) (actual time=0.042..0.618 rows=492 loops=1)
                           Filter: ((unix_time >= '1685451557.057'::double precision) AND (unix_time <= '1685451617.057'::double precision) AND st_dwithin(st_transform(the_geom, 25833), '0101000020E96400008EBC8B6447E22341E6A3AD90960B5741'::geometry, '300'::double precision))
                           Rows Removed by Filter: 3168
   ->  Subquery Scan on "*SELECT* 1706"  (cost=165745.69..165745.70 rows=1 width=76) (actual time=0.703..0.704 rows=1 loops=1)
         ->  Limit  (cost=165745.69..165745.69 rows=1 width=84) (actual time=0.700..0.701 rows=1 loops=1)
               ->  Sort  (cost=165745.69..165745.69 rows=1 width=84) (actual time=0.698..0.698 rows=1 loops=1)
                     Sort Key: (st_distance(st_transform(s_1705.the_geom, 25833), '0101000020E9640000D6CA5E564BE22341FAD87069950B5741'::geometry))
                     Sort Method: top-N heapsort  Memory: 25kB
                     ->  Seq Scan on phoml_trajectory_tmp s_1705  (cost=0.00..165745.68 rows=1 width=84) (actual time=0.045..0.617 rows=492 loops=1)
                           Filter: ((unix_time >= '1685451557.413'::double precision) AND (unix_time <= '1685451617.413'::double precision) AND st_dwithin(st_transform(the_geom, 25833), '0101000020E9640000D6CA5E564BE22341FAD87069950B5741'::geometry, '300'::double precision))
                           Rows Removed by Filter: 3168
   ->  Subquery Scan on "*SELECT* 1707"  (cost=165745.69..165745.70 rows=1 width=76) (actual time=0.688..0.690 rows=1 loops=1)
         ->  Limit  (cost=165745.69..165745.69 rows=1 width=84) (actual time=0.686..0.687 rows=1 loops=1)
               ->  Sort  (cost=165745.69..165745.69 rows=1 width=84) (actual time=0.683..0.684 rows=1 loops=1)
                     Sort Key: (st_distance(st_transform(s_1706.the_geom, 25833), '0101000020E964000070FFD06B4FE22341A6DBFF37940B5741'::geometry))
                     Sort Method: top-N heapsort  Memory: 25kB
                     ->  Seq Scan on phoml_trajectory_tmp s_1706  (cost=0.00..165745.68 rows=1 width=84) (actual time=0.043..0.611 rows=492 loops=1)
                           Filter: ((unix_time >= '1685451557.773'::double precision) AND (unix_time <= '1685451617.773'::double precision) AND st_dwithin(st_transform(the_geom, 25833), '0101000020E964000070FFD06B4FE22341A6DBFF37940B5741'::geometry, '300'::double precision))
                           Rows Removed by Filter: 3168
   ->  Subquery Scan on "*SELECT* 1708"  (cost=165745.69..165745.70 rows=1 width=76) (actual time=0.702..0.703 rows=1 loops=1)
         ->  Limit  (cost=165745.69..165745.69 rows=1 width=84) (actual time=0.699..0.700 rows=1 loops=1)
               ->  Sort  (cost=165745.69..165745.69 rows=1 width=84) (actual time=0.697..0.698 rows=1 loops=1)
                     Sort Key: (st_distance(st_transform(s_1707.the_geom, 25833), '0101000020E964000075B9ADAB53E223418FD2D40C930B5741'::geometry))
                     Sort Method: top-N heapsort  Memory: 25kB
                     ->  Seq Scan on phoml_trajectory_tmp s_1707  (cost=0.00..165745.68 rows=1 width=84) (actual time=0.044..0.622 rows=492 loops=1)
                           Filter: ((unix_time >= '1685451558.143'::double precision) AND (unix_time <= '1685451618.143'::double precision) AND st_dwithin(st_transform(the_geom, 25833), '0101000020E964000075B9ADAB53E223418FD2D40C930B5741'::geometry, '300'::double precision))
                           Rows Removed by Filter: 3168
   ->  Subquery Scan on "*SELECT* 1709"  (cost=165745.69..165745.70 rows=1 width=76) (actual time=0.721..0.722 rows=1 loops=1)
         ->  Limit  (cost=165745.69..165745.69 rows=1 width=84) (actual time=0.715..0.716 rows=1 loops=1)
               ->  Sort  (cost=165745.69..165745.69 rows=1 width=84) (actual time=0.713..0.713 rows=1 loops=1)
                     Sort Key: (st_distance(st_transform(s_1708.the_geom, 25833), '0101000020E96400006768F2A857E2234121A05AE8910B5741'::geometry))
                     Sort Method: top-N heapsort  Memory: 25kB
                     ->  Seq Scan on phoml_trajectory_tmp s_1708  (cost=0.00..165745.68 rows=1 width=84) (actual time=0.054..0.638 rows=492 loops=1)
                           Filter: ((unix_time >= '1685451558.502'::double precision) AND (unix_time <= '1685451618.502'::double precision) AND st_dwithin(st_transform(the_geom, 25833), '0101000020E96400006768F2A857E2234121A05AE8910B5741'::geometry, '300'::double precision))
                           Rows Removed by Filter: 3168
   ->  Subquery Scan on "*SELECT* 1710"  (cost=165745.69..165745.70 rows=1 width=76) (actual time=0.691..0.692 rows=1 loops=1)
         ->  Limit  (cost=165745.69..165745.69 rows=1 width=84) (actual time=0.689..0.690 rows=1 loops=1)
               ->  Sort  (cost=165745.69..165745.69 rows=1 width=84) (actual time=0.687..0.688 rows=1 loops=1)
                     Sort Key: (st_distance(st_transform(s_1709.the_geom, 25833), '0101000020E96400002732F69E5BE223411272C5C3900B5741'::geometry))
                     Sort Method: top-N heapsort  Memory: 25kB
                     ->  Seq Scan on phoml_trajectory_tmp s_1709  (cost=0.00..165745.68 rows=1 width=84) (actual time=0.046..0.613 rows=492 loops=1)
                           Filter: ((unix_time >= '1685451558.882'::double precision) AND (unix_time <= '1685451618.882'::double precision) AND st_dwithin(st_transform(the_geom, 25833), '0101000020E96400002732F69E5BE223411272C5C3900B5741'::geometry, '300'::double precision))
                           Rows Removed by Filter: 3168
   ->  Subquery Scan on "*SELECT* 1711"  (cost=165745.69..165745.70 rows=1 width=76) (actual time=0.707..0.708 rows=1 loops=1)
         ->  Limit  (cost=165745.69..165745.69 rows=1 width=84) (actual time=0.702..0.703 rows=1 loops=1)
               ->  Sort  (cost=165745.69..165745.69 rows=1 width=84) (actual time=0.700..0.701 rows=1 loops=1)
                     Sort Key: (st_distance(st_transform(s_1710.the_geom, 25833), '0101000020E9640000D0822E715FE22341CDE9799F8F0B5741'::geometry))
                     Sort Method: top-N heapsort  Memory: 25kB
                     ->  Seq Scan on phoml_trajectory_tmp s_1710  (cost=0.00..165745.68 rows=1 width=84) (actual time=0.046..0.626 rows=496 loops=1)
                           Filter: ((unix_time >= '1685451559.255'::double precision) AND (unix_time <= '1685451619.255'::double precision) AND st_dwithin(st_transform(the_geom, 25833), '0101000020E9640000D0822E715FE22341CDE9799F8F0B5741'::geometry, '300'::double precision))
                           Rows Removed by Filter: 3164
   ->  Subquery Scan on "*SELECT* 1712"  (cost=165745.69..165745.70 rows=1 width=76) (actual time=0.712..0.713 rows=1 loops=1)
         ->  Limit  (cost=165745.69..165745.69 rows=1 width=84) (actual time=0.708..0.709 rows=1 loops=1)
               ->  Sort  (cost=165745.69..165745.69 rows=1 width=84) (actual time=0.706..0.706 rows=1 loops=1)
                     Sort Key: (st_distance(st_transform(s_1711.the_geom, 25833), '0101000020E96400007902DA0D63E22341288D6A7F8E0B5741'::geometry))
                     Sort Method: top-N heapsort  Memory: 25kB
                     ->  Seq Scan on phoml_trajectory_tmp s_1711  (cost=0.00..165745.68 rows=1 width=84) (actual time=0.043..0.629 rows=496 loops=1)
                           Filter: ((unix_time >= '1685451559.645'::double precision) AND (unix_time <= '1685451619.645'::double precision) AND st_dwithin(st_transform(the_geom, 25833), '0101000020E96400007902DA0D63E22341288D6A7F8E0B5741'::geometry, '300'::double precision))
                           Rows Removed by Filter: 3164
   ->  Subquery Scan on "*SELECT* 1713"  (cost=165745.69..165745.70 rows=1 width=76) (actual time=0.712..0.713 rows=1 loops=1)
         ->  Limit  (cost=165745.69..165745.69 rows=1 width=84) (actual time=0.708..0.710 rows=1 loops=1)
               ->  Sort  (cost=165745.69..165745.69 rows=1 width=84) (actual time=0.706..0.707 rows=1 loops=1)
                     Sort Key: (st_distance(st_transform(s_1712.the_geom, 25833), '0101000020E9640000F093E1A366E22341579D5D5D8D0B5741'::geometry))
                     Sort Method: top-N heapsort  Memory: 25kB
                     ->  Seq Scan on phoml_trajectory_tmp s_1712  (cost=0.00..165745.68 rows=1 width=84) (actual time=0.044..0.631 rows=496 loops=1)
                           Filter: ((unix_time >= '1685451560.025'::double precision) AND (unix_time <= '1685451620.025'::double precision) AND st_dwithin(st_transform(the_geom, 25833), '0101000020E9640000F093E1A366E22341579D5D5D8D0B5741'::geometry, '300'::double precision))
                           Rows Removed by Filter: 3164
   ->  Subquery Scan on "*SELECT* 1714"  (cost=165745.69..165745.70 rows=1 width=76) (actual time=0.708..0.709 rows=1 loops=1)
         ->  Limit  (cost=165745.69..165745.69 rows=1 width=84) (actual time=0.705..0.706 rows=1 loops=1)
               ->  Sort  (cost=165745.69..165745.69 rows=1 width=84) (actual time=0.702..0.703 rows=1 loops=1)
                     Sort Key: (st_distance(st_transform(s_1713.the_geom, 25833), '0101000020E96400009F483B486AE223417509D03C8C0B5741'::geometry))
                     Sort Method: top-N heapsort  Memory: 25kB
                     ->  Seq Scan on phoml_trajectory_tmp s_1713  (cost=0.00..165745.68 rows=1 width=84) (actual time=0.050..0.629 rows=496 loops=1)
                           Filter: ((unix_time >= '1685451560.41'::double precision) AND (unix_time <= '1685451620.41'::double precision) AND st_dwithin(st_transform(the_geom, 25833), '0101000020E96400009F483B486AE223417509D03C8C0B5741'::geometry, '300'::double precision))
                           Rows Removed by Filter: 3164
   ->  Subquery Scan on "*SELECT* 1715"  (cost=165745.69..165745.70 rows=1 width=76) (actual time=0.707..0.708 rows=1 loops=1)
         ->  Limit  (cost=165745.69..165745.69 rows=1 width=84) (actual time=0.703..0.704 rows=1 loops=1)
               ->  Sort  (cost=165745.69..165745.69 rows=1 width=84) (actual time=0.701..0.701 rows=1 loops=1)
                     Sort Key: (st_distance(st_transform(s_1714.the_geom, 25833), '0101000020E9640000C10E64D76DE223410C80701B8B0B5741'::geometry))
                     Sort Method: top-N heapsort  Memory: 25kB
                     ->  Seq Scan on phoml_trajectory_tmp s_1714  (cost=0.00..165745.68 rows=1 width=84) (actual time=0.043..0.626 rows=496 loops=1)
                           Filter: ((unix_time >= '1685451560.8'::double precision) AND (unix_time <= '1685451620.8'::double precision) AND st_dwithin(st_transform(the_geom, 25833), '0101000020E9640000C10E64D76DE223410C80701B8B0B5741'::geometry, '300'::double precision))
                           Rows Removed by Filter: 3164
   ->  Subquery Scan on "*SELECT* 1716"  (cost=165745.69..165745.70 rows=1 width=76) (actual time=0.704..0.705 rows=1 loops=1)
         ->  Limit  (cost=165745.69..165745.69 rows=1 width=84) (actual time=0.700..0.701 rows=1 loops=1)
               ->  Sort  (cost=165745.69..165745.69 rows=1 width=84) (actual time=0.698..0.699 rows=1 loops=1)
                     Sort Key: (st_distance(st_transform(s_1715.the_geom, 25833), '0101000020E96400008F0BF17571E22341C061FFF8890B5741'::geometry))
                     Sort Method: top-N heapsort  Memory: 25kB
                     ->  Seq Scan on phoml_trajectory_tmp s_1715  (cost=0.00..165745.68 rows=1 width=84) (actual time=0.044..0.618 rows=496 loops=1)
                           Filter: ((unix_time >= '1685451561.192'::double precision) AND (unix_time <= '1685451621.192'::double precision) AND st_dwithin(st_transform(the_geom, 25833), '0101000020E96400008F0BF17571E22341C061FFF8890B5741'::geometry, '300'::double precision))
                           Rows Removed by Filter: 3164
   ->  Subquery Scan on "*SELECT* 1717"  (cost=165745.69..165745.70 rows=1 width=76) (actual time=0.695..0.696 rows=1 loops=1)
         ->  Limit  (cost=165745.69..165745.69 rows=1 width=84) (actual time=0.693..0.694 rows=1 loops=1)
               ->  Sort  (cost=165745.69..165745.69 rows=1 width=84) (actual time=0.691..0.691 rows=1 loops=1)
                     Sort Key: (st_distance(st_transform(s_1716.the_geom, 25833), '0101000020E964000073B396E374E2234172990CD8880B5741'::geometry))
                     Sort Method: top-N heapsort  Memory: 25kB
                     ->  Seq Scan on phoml_trajectory_tmp s_1716  (cost=0.00..165745.68 rows=1 width=84) (actual time=0.044..0.618 rows=496 loops=1)
                           Filter: ((unix_time >= '1685451561.582'::double precision) AND (unix_time <= '1685451621.582'::double precision) AND st_dwithin(st_transform(the_geom, 25833), '0101000020E964000073B396E374E2234172990CD8880B5741'::geometry, '300'::double precision))
                           Rows Removed by Filter: 3164
   ->  Subquery Scan on "*SELECT* 1718"  (cost=165745.69..165745.70 rows=1 width=76) (actual time=0.708..0.709 rows=1 loops=1)
         ->  Limit  (cost=165745.69..165745.69 rows=1 width=84) (actual time=0.706..0.706 rows=1 loops=1)
               ->  Sort  (cost=165745.69..165745.69 rows=1 width=84) (actual time=0.704..0.704 rows=1 loops=1)
                     Sort Key: (st_distance(st_transform(s_1717.the_geom, 25833), '0101000020E96400006853315E78E22341F08996AF870B5741'::geometry))
                     Sort Method: top-N heapsort  Memory: 25kB
                     ->  Seq Scan on phoml_trajectory_tmp s_1717  (cost=0.00..165745.68 rows=1 width=84) (actual time=0.059..0.630 rows=496 loops=1)
                           Filter: ((unix_time >= '1685451561.982'::double precision) AND (unix_time <= '1685451621.982'::double precision) AND st_dwithin(st_transform(the_geom, 25833), '0101000020E96400006853315E78E22341F08996AF870B5741'::geometry, '300'::double precision))
                           Rows Removed by Filter: 3164
   ->  Subquery Scan on "*SELECT* 1719"  (cost=165745.69..165745.70 rows=1 width=76) (actual time=0.714..0.715 rows=1 loops=1)
         ->  Limit  (cost=165745.69..165745.69 rows=1 width=84) (actual time=0.710..0.711 rows=1 loops=1)
               ->  Sort  (cost=165745.69..165745.69 rows=1 width=84) (actual time=0.708..0.709 rows=1 loops=1)
                     Sort Key: (st_distance(st_transform(s_1718.the_geom, 25833), '0101000020E964000093F8D8DC7BE223416B30508E860B5741'::geometry))
                     Sort Method: top-N heapsort  Memory: 25kB
                     ->  Seq Scan on phoml_trajectory_tmp s_1718  (cost=0.00..165745.68 rows=1 width=84) (actual time=0.044..0.634 rows=496 loops=1)
                           Filter: ((unix_time >= '1685451562.366'::double precision) AND (unix_time <= '1685451622.366'::double precision) AND st_dwithin(st_transform(the_geom, 25833), '0101000020E964000093F8D8DC7BE223416B30508E860B5741'::geometry, '300'::double precision))
                           Rows Removed by Filter: 3164
   ->  Subquery Scan on "*SELECT* 1720"  (cost=165745.69..165745.70 rows=1 width=76) (actual time=0.719..0.720 rows=1 loops=1)
         ->  Limit  (cost=165745.69..165745.69 rows=1 width=84) (actual time=0.715..0.716 rows=1 loops=1)
               ->  Sort  (cost=165745.69..165745.69 rows=1 width=84) (actual time=0.714..0.714 rows=1 loops=1)
                     Sort Key: (st_distance(st_transform(s_1719.the_geom, 25833), '0101000020E96400000E6CFF917FE22341AC924362850B5741'::geometry))
                     Sort Method: top-N heapsort  Memory: 25kB
                     ->  Seq Scan on phoml_trajectory_tmp s_1719  (cost=0.00..165745.68 rows=1 width=84) (actual time=0.046..0.639 rows=496 loops=1)
                           Filter: ((unix_time >= '1685451562.756'::double precision) AND (unix_time <= '1685451622.756'::double precision) AND st_dwithin(st_transform(the_geom, 25833), '0101000020E96400000E6CFF917FE22341AC924362850B5741'::geometry, '300'::double precision))
                           Rows Removed by Filter: 3164
   ->  Subquery Scan on "*SELECT* 1721"  (cost=165745.69..165745.70 rows=1 width=76) (actual time=0.703..0.704 rows=1 loops=1)
         ->  Limit  (cost=165745.69..165745.69 rows=1 width=84) (actual time=0.700..0.701 rows=1 loops=1)
               ->  Sort  (cost=165745.69..165745.69 rows=1 width=84) (actual time=0.698..0.698 rows=1 loops=1)
                     Sort Key: (st_distance(st_transform(s_1720.the_geom, 25833), '0101000020E96400006216684483E2234185FDDE38840B5741'::geometry))
                     Sort Method: top-N heapsort  Memory: 25kB
                     ->  Seq Scan on phoml_trajectory_tmp s_1720  (cost=0.00..165745.68 rows=1 width=84) (actual time=0.045..0.620 rows=496 loops=1)
                           Filter: ((unix_time >= '1685451563.156'::double precision) AND (unix_time <= '1685451623.156'::double precision) AND st_dwithin(st_transform(the_geom, 25833), '0101000020E96400006216684483E2234185FDDE38840B5741'::geometry, '300'::double precision))
                           Rows Removed by Filter: 3164
   ->  Subquery Scan on "*SELECT* 1722"  (cost=165745.69..165745.70 rows=1 width=76) (actual time=0.703..0.704 rows=1 loops=1)
         ->  Limit  (cost=165745.69..165745.69 rows=1 width=84) (actual time=0.699..0.700 rows=1 loops=1)
               ->  Sort  (cost=165745.69..165745.69 rows=1 width=84) (actual time=0.697..0.697 rows=1 loops=1)
                     Sort Key: (st_distance(st_transform(s_1721.the_geom, 25833), '0101000020E9640000555C223187E22341C6E0D500830B5741'::geometry))
                     Sort Method: top-N heapsort  Memory: 25kB
                     ->  Seq Scan on phoml_trajectory_tmp s_1721  (cost=0.00..165745.68 rows=1 width=84) (actual time=0.044..0.617 rows=496 loops=1)
                           Filter: ((unix_time >= '1685451563.546'::double precision) AND (unix_time <= '1685451623.546'::double precision) AND st_dwithin(st_transform(the_geom, 25833), '0101000020E9640000555C223187E22341C6E0D500830B5741'::geometry, '300'::double precision))
                           Rows Removed by Filter: 3164
   ->  Subquery Scan on "*SELECT* 1723"  (cost=165745.69..165745.70 rows=1 width=76) (actual time=0.704..0.705 rows=1 loops=1)
         ->  Limit  (cost=165745.69..165745.69 rows=1 width=84) (actual time=0.700..0.701 rows=1 loops=1)
               ->  Sort  (cost=165745.69..165745.69 rows=1 width=84) (actual time=0.698..0.699 rows=1 loops=1)
                     Sort Key: (st_distance(st_transform(s_1722.the_geom, 25833), '0101000020E96400000510770F8BE22341E92501D5810B5741'::geometry))
                     Sort Method: top-N heapsort  Memory: 25kB
                     ->  Seq Scan on phoml_trajectory_tmp s_1722  (cost=0.00..165745.68 rows=1 width=84) (actual time=0.042..0.623 rows=496 loops=1)
                           Filter: ((unix_time >= '1685451563.936'::double precision) AND (unix_time <= '1685451623.936'::double precision) AND st_dwithin(st_transform(the_geom, 25833), '0101000020E96400000510770F8BE22341E92501D5810B5741'::geometry, '300'::double precision))
                           Rows Removed by Filter: 3164
   ->  Subquery Scan on "*SELECT* 1724"  (cost=165745.69..165745.70 rows=1 width=76) (actual time=0.718..0.719 rows=1 loops=1)
         ->  Limit  (cost=165745.69..165745.69 rows=1 width=84) (actual time=0.712..0.713 rows=1 loops=1)
               ->  Sort  (cost=165745.69..165745.69 rows=1 width=84) (actual time=0.710..0.711 rows=1 loops=1)
                     Sort Key: (st_distance(st_transform(s_1723.the_geom, 25833), '0101000020E9640000D82764158FE22341624D6EA8800B5741'::geometry))
                     Sort Method: top-N heapsort  Memory: 25kB
                     ->  Seq Scan on phoml_trajectory_tmp s_1723  (cost=0.00..165745.68 rows=1 width=84) (actual time=0.044..0.633 rows=496 loops=1)
                           Filter: ((unix_time >= '1685451564.329'::double precision) AND (unix_time <= '1685451624.329'::double precision) AND st_dwithin(st_transform(the_geom, 25833), '0101000020E9640000D82764158FE22341624D6EA8800B5741'::geometry, '300'::double precision))
                           Rows Removed by Filter: 3164
   ->  Subquery Scan on "*SELECT* 1725"  (cost=165745.69..165745.70 rows=1 width=76) (actual time=0.691..0.692 rows=1 loops=1)
         ->  Limit  (cost=165745.69..165745.69 rows=1 width=84) (actual time=0.689..0.689 rows=1 loops=1)
               ->  Sort  (cost=165745.69..165745.69 rows=1 width=84) (actual time=0.687..0.687 rows=1 loops=1)
                     Sort Key: (st_distance(st_transform(s_1724.the_geom, 25833), '0101000020E96400008343C4CC92E22341860DDA7E7F0B5741'::geometry))
                     Sort Method: top-N heapsort  Memory: 25kB
                     ->  Seq Scan on phoml_trajectory_tmp s_1724  (cost=0.00..165745.68 rows=1 width=84) (actual time=0.044..0.611 rows=500 loops=1)
                           Filter: ((unix_time >= '1685451564.719'::double precision) AND (unix_time <= '1685451624.719'::double precision) AND st_dwithin(st_transform(the_geom, 25833), '0101000020E96400008343C4CC92E22341860DDA7E7F0B5741'::geometry, '300'::double precision))
                           Rows Removed by Filter: 3160
   ->  Subquery Scan on "*SELECT* 1726"  (cost=165745.69..165745.70 rows=1 width=76) (actual time=0.705..0.707 rows=1 loops=1)
         ->  Limit  (cost=165745.69..165745.69 rows=1 width=84) (actual time=0.702..0.703 rows=1 loops=1)
               ->  Sort  (cost=165745.69..165745.69 rows=1 width=84) (actual time=0.700..0.700 rows=1 loops=1)
                     Sort Key: (st_distance(st_transform(s_1725.the_geom, 25833), '0101000020E9640000BE9330AF96E22341D6C0D34E7E0B5741'::geometry))
                     Sort Method: top-N heapsort  Memory: 25kB
                     ->  Seq Scan on phoml_trajectory_tmp s_1725  (cost=0.00..165745.68 rows=1 width=84) (actual time=0.045..0.625 rows=500 loops=1)
                           Filter: ((unix_time >= '1685451565.119'::double precision) AND (unix_time <= '1685451625.119'::double precision) AND st_dwithin(st_transform(the_geom, 25833), '0101000020E9640000BE9330AF96E22341D6C0D34E7E0B5741'::geometry, '300'::double precision))
                           Rows Removed by Filter: 3160
   ->  Subquery Scan on "*SELECT* 1727"  (cost=165745.69..165745.70 rows=1 width=76) (actual time=0.722..0.723 rows=1 loops=1)
         ->  Limit  (cost=165745.69..165745.69 rows=1 width=84) (actual time=0.718..0.719 rows=1 loops=1)
               ->  Sort  (cost=165745.69..165745.69 rows=1 width=84) (actual time=0.716..0.717 rows=1 loops=1)
                     Sort Key: (st_distance(st_transform(s_1726.the_geom, 25833), '0101000020E9640000D9293D9D9AE223418CA7F4247D0B5741'::geometry))
                     Sort Method: top-N heapsort  Memory: 25kB
                     ->  Seq Scan on phoml_trajectory_tmp s_1726  (cost=0.00..165745.68 rows=1 width=84) (actual time=0.043..0.639 rows=500 loops=1)
                           Filter: ((unix_time >= '1685451565.52'::double precision) AND (unix_time <= '1685451625.52'::double precision) AND st_dwithin(st_transform(the_geom, 25833), '0101000020E9640000D9293D9D9AE223418CA7F4247D0B5741'::geometry, '300'::double precision))
                           Rows Removed by Filter: 3160
   ->  Subquery Scan on "*SELECT* 1728"  (cost=165745.69..165745.70 rows=1 width=76) (actual time=0.696..0.697 rows=1 loops=1)
         ->  Limit  (cost=165745.69..165745.69 rows=1 width=84) (actual time=0.693..0.694 rows=1 loops=1)
               ->  Sort  (cost=165745.69..165745.69 rows=1 width=84) (actual time=0.691..0.691 rows=1 loops=1)
                     Sort Key: (st_distance(st_transform(s_1727.the_geom, 25833), '0101000020E9640000957FB2F79EE223411625D9F47B0B5741'::geometry))
                     Sort Method: top-N heapsort  Memory: 25kB
                     ->  Seq Scan on phoml_trajectory_tmp s_1727  (cost=0.00..165745.68 rows=1 width=84) (actual time=0.044..0.616 rows=500 loops=1)
                           Filter: ((unix_time >= '1685451565.93'::double precision) AND (unix_time <= '1685451625.93'::double precision) AND st_dwithin(st_transform(the_geom, 25833), '0101000020E9640000957FB2F79EE223411625D9F47B0B5741'::geometry, '300'::double precision))
                           Rows Removed by Filter: 3160
   ->  Subquery Scan on "*SELECT* 1729"  (cost=165745.69..165745.70 rows=1 width=76) (actual time=0.704..0.705 rows=1 loops=1)
         ->  Limit  (cost=165745.69..165745.69 rows=1 width=84) (actual time=0.702..0.703 rows=1 loops=1)
               ->  Sort  (cost=165745.69..165745.69 rows=1 width=84) (actual time=0.699..0.700 rows=1 loops=1)
                     Sort Key: (st_distance(st_transform(s_1728.the_geom, 25833), '0101000020E96400001B665B5FA3E223417BF2EEBF7A0B5741'::geometry))
                     Sort Method: top-N heapsort  Memory: 25kB
                     ->  Seq Scan on phoml_trajectory_tmp s_1728  (cost=0.00..165745.68 rows=1 width=84) (actual time=0.057..0.625 rows=500 loops=1)
                           Filter: ((unix_time >= '1685451566.334'::double precision) AND (unix_time <= '1685451626.334'::double precision) AND st_dwithin(st_transform(the_geom, 25833), '0101000020E96400001B665B5FA3E223417BF2EEBF7A0B5741'::geometry, '300'::double precision))
                           Rows Removed by Filter: 3160
   ->  Subquery Scan on "*SELECT* 1730"  (cost=165745.69..165745.70 rows=1 width=76) (actual time=0.701..0.702 rows=1 loops=1)
         ->  Limit  (cost=165745.69..165745.69 rows=1 width=84) (actual time=0.698..0.698 rows=1 loops=1)
               ->  Sort  (cost=165745.69..165745.69 rows=1 width=84) (actual time=0.695..0.696 rows=1 loops=1)
                     Sort Key: (st_distance(st_transform(s_1729.the_geom, 25833), '0101000020E9640000706C064CA8E22341781F2684790B5741'::geometry))
                     Sort Method: top-N heapsort  Memory: 25kB
                     ->  Seq Scan on phoml_trajectory_tmp s_1729  (cost=0.00..165745.68 rows=1 width=84) (actual time=0.043..0.622 rows=496 loops=1)
                           Filter: ((unix_time >= '1685451566.754'::double precision) AND (unix_time <= '1685451626.754'::double precision) AND st_dwithin(st_transform(the_geom, 25833), '0101000020E9640000706C064CA8E22341781F2684790B5741'::geometry, '300'::double precision))
                           Rows Removed by Filter: 3164
   ->  Subquery Scan on "*SELECT* 1731"  (cost=165745.69..165745.70 rows=1 width=76) (actual time=0.709..0.710 rows=1 loops=1)
         ->  Limit  (cost=165745.69..165745.69 rows=1 width=84) (actual time=0.705..0.706 rows=1 loops=1)
               ->  Sort  (cost=165745.69..165745.69 rows=1 width=84) (actual time=0.703..0.703 rows=1 loops=1)
                     Sort Key: (st_distance(st_transform(s_1730.the_geom, 25833), '0101000020E9640000B08D7ED2ADE22341E367CE40780B5741'::geometry))
                     Sort Method: top-N heapsort  Memory: 25kB
                     ->  Seq Scan on phoml_trajectory_tmp s_1730  (cost=0.00..165745.68 rows=1 width=84) (actual time=0.047..0.626 rows=496 loops=1)
                           Filter: ((unix_time >= '1685451567.181'::double precision) AND (unix_time <= '1685451627.181'::double precision) AND st_dwithin(st_transform(the_geom, 25833), '0101000020E9640000B08D7ED2ADE22341E367CE40780B5741'::geometry, '300'::double precision))
                           Rows Removed by Filter: 3164
   ->  Subquery Scan on "*SELECT* 1732"  (cost=165745.69..165745.70 rows=1 width=76) (actual time=0.690..0.691 rows=1 loops=1)
         ->  Limit  (cost=165745.69..165745.69 rows=1 width=84) (actual time=0.688..0.688 rows=1 loops=1)
               ->  Sort  (cost=165745.69..165745.69 rows=1 width=84) (actual time=0.686..0.686 rows=1 loops=1)
                     Sort Key: (st_distance(st_transform(s_1731.the_geom, 25833), '0101000020E9640000C0B45EE3B3E2234105982107770B5741'::geometry))
                     Sort Method: top-N heapsort  Memory: 25kB
                     ->  Seq Scan on phoml_trajectory_tmp s_1731  (cost=0.00..165745.68 rows=1 width=84) (actual time=0.043..0.610 rows=494 loops=1)
                           Filter: ((unix_time >= '1685451567.601'::double precision) AND (unix_time <= '1685451627.601'::double precision) AND st_dwithin(st_transform(the_geom, 25833), '0101000020E9640000C0B45EE3B3E2234105982107770B5741'::geometry, '300'::double precision))
                           Rows Removed by Filter: 3166
   ->  Subquery Scan on "*SELECT* 1733"  (cost=165745.69..165745.70 rows=1 width=76) (actual time=0.698..0.699 rows=1 loops=1)
         ->  Limit  (cost=165745.69..165745.69 rows=1 width=84) (actual time=0.694..0.695 rows=1 loops=1)
               ->  Sort  (cost=165745.69..165745.69 rows=1 width=84) (actual time=0.692..0.692 rows=1 loops=1)
                     Sort Key: (st_distance(st_transform(s_1732.the_geom, 25833), '0101000020E96400004EA8EB58BBE22341C6CD66BC750B5741'::geometry))
                     Sort Method: top-N heapsort  Memory: 25kB
                     ->  Seq Scan on phoml_trajectory_tmp s_1732  (cost=0.00..165745.68 rows=1 width=84) (actual time=0.045..0.611 rows=492 loops=1)
                           Filter: ((unix_time >= '1685451568.031'::double precision) AND (unix_time <= '1685451628.031'::double precision) AND st_dwithin(st_transform(the_geom, 25833), '0101000020E96400004EA8EB58BBE22341C6CD66BC750B5741'::geometry, '300'::double precision))
                           Rows Removed by Filter: 3168
   ->  Subquery Scan on "*SELECT* 1734"  (cost=165745.69..165745.70 rows=1 width=76) (actual time=0.693..0.695 rows=1 loops=1)
         ->  Limit  (cost=165745.69..165745.69 rows=1 width=84) (actual time=0.690..0.690 rows=1 loops=1)
               ->  Sort  (cost=165745.69..165745.69 rows=1 width=84) (actual time=0.688..0.688 rows=1 loops=1)
                     Sort Key: (st_distance(st_transform(s_1733.the_geom, 25833), '0101000020E9640000049119DCC3E22341C1C9BF76740B5741'::geometry))
                     Sort Method: top-N heapsort  Memory: 25kB
                     ->  Seq Scan on phoml_trajectory_tmp s_1733  (cost=0.00..165745.68 rows=1 width=84) (actual time=0.045..0.612 rows=492 loops=1)
                           Filter: ((unix_time >= '1685451568.468'::double precision) AND (unix_time <= '1685451628.468'::double precision) AND st_dwithin(st_transform(the_geom, 25833), '0101000020E9640000049119DCC3E22341C1C9BF76740B5741'::geometry, '300'::double precision))
                           Rows Removed by Filter: 3168
   ->  Subquery Scan on "*SELECT* 1735"  (cost=165745.69..165745.70 rows=1 width=76) (actual time=0.682..0.683 rows=1 loops=1)
         ->  Limit  (cost=165745.69..165745.69 rows=1 width=84) (actual time=0.679..0.680 rows=1 loops=1)
               ->  Sort  (cost=165745.69..165745.69 rows=1 width=84) (actual time=0.677..0.678 rows=1 loops=1)
                     Sort Key: (st_distance(st_transform(s_1734.the_geom, 25833), '0101000020E964000079582FF7CCE2234196B7D23B730B5741'::geometry))
                     Sort Method: top-N heapsort  Memory: 25kB
                     ->  Seq Scan on phoml_trajectory_tmp s_1734  (cost=0.00..165745.68 rows=1 width=84) (actual time=0.043..0.603 rows=492 loops=1)
                           Filter: ((unix_time >= '1685451568.918'::double precision) AND (unix_time <= '1685451628.918'::double precision) AND st_dwithin(st_transform(the_geom, 25833), '0101000020E964000079582FF7CCE2234196B7D23B730B5741'::geometry, '300'::double precision))
                           Rows Removed by Filter: 3168
   ->  Subquery Scan on "*SELECT* 1736"  (cost=165745.69..165745.70 rows=1 width=76) (actual time=0.691..0.692 rows=1 loops=1)
         ->  Limit  (cost=165745.69..165745.69 rows=1 width=84) (actual time=0.688..0.689 rows=1 loops=1)
               ->  Sort  (cost=165745.69..165745.69 rows=1 width=84) (actual time=0.686..0.687 rows=1 loops=1)
                     Sort Key: (st_distance(st_transform(s_1735.the_geom, 25833), '0101000020E964000080E85B01D6E22341681EDA15720B5741'::geometry))
                     Sort Method: top-N heapsort  Memory: 25kB
                     ->  Seq Scan on phoml_trajectory_tmp s_1735  (cost=0.00..165745.68 rows=1 width=84) (actual time=0.053..0.614 rows=488 loops=1)
                           Filter: ((unix_time >= '1685451569.37'::double precision) AND (unix_time <= '1685451629.37'::double precision) AND st_dwithin(st_transform(the_geom, 25833), '0101000020E964000080E85B01D6E22341681EDA15720B5741'::geometry, '300'::double precision))
                           Rows Removed by Filter: 3172
   ->  Subquery Scan on "*SELECT* 1737"  (cost=165745.69..165745.70 rows=1 width=76) (actual time=0.693..0.694 rows=1 loops=1)
         ->  Limit  (cost=165745.69..165745.69 rows=1 width=84) (actual time=0.689..0.690 rows=1 loops=1)
               ->  Sort  (cost=165745.69..165745.69 rows=1 width=84) (actual time=0.687..0.687 rows=1 loops=1)
                     Sort Key: (st_distance(st_transform(s_1736.the_geom, 25833), '0101000020E96400002595D8EADDE22341C3449B0B710B5741'::geometry))
                     Sort Method: top-N heapsort  Memory: 25kB
                     ->  Seq Scan on phoml_trajectory_tmp s_1736  (cost=0.00..165745.68 rows=1 width=84) (actual time=0.046..0.607 rows=487 loops=1)
                           Filter: ((unix_time >= '1685451569.83'::double precision) AND (unix_time <= '1685451629.83'::double precision) AND st_dwithin(st_transform(the_geom, 25833), '0101000020E96400002595D8EADDE22341C3449B0B710B5741'::geometry, '300'::double precision))
                           Rows Removed by Filter: 3173
   ->  Subquery Scan on "*SELECT* 1738"  (cost=165745.69..165745.70 rows=1 width=76) (actual time=0.683..0.684 rows=1 loops=1)
         ->  Limit  (cost=165745.69..165745.69 rows=1 width=84) (actual time=0.679..0.680 rows=1 loops=1)
               ->  Sort  (cost=165745.69..165745.69 rows=1 width=84) (actual time=0.677..0.678 rows=1 loops=1)
                     Sort Key: (st_distance(st_transform(s_1737.the_geom, 25833), '0101000020E9640000ED03D26AE4E223419D589F17700B5741'::geometry))
                     Sort Method: top-N heapsort  Memory: 25kB
                     ->  Seq Scan on phoml_trajectory_tmp s_1737  (cost=0.00..165745.68 rows=1 width=84) (actual time=0.043..0.605 rows=484 loops=1)
                           Filter: ((unix_time >= '1685451570.276'::double precision) AND (unix_time <= '1685451630.276'::double precision) AND st_dwithin(st_transform(the_geom, 25833), '0101000020E9640000ED03D26AE4E223419D589F17700B5741'::geometry, '300'::double precision))
                           Rows Removed by Filter: 3176
   ->  Subquery Scan on "*SELECT* 1739"  (cost=165745.69..165745.70 rows=1 width=76) (actual time=0.674..0.674 rows=1 loops=1)
         ->  Limit  (cost=165745.69..165745.69 rows=1 width=84) (actual time=0.671..0.672 rows=1 loops=1)
               ->  Sort  (cost=165745.69..165745.69 rows=1 width=84) (actual time=0.669..0.670 rows=1 loops=1)
                     Sort Key: (st_distance(st_transform(s_1738.the_geom, 25833), '0101000020E9640000A33EC42DEAE223418FE8E22C6F0B5741'::geometry))
                     Sort Method: top-N heapsort  Memory: 25kB
                     ->  Seq Scan on phoml_trajectory_tmp s_1738  (cost=0.00..165745.68 rows=1 width=84) (actual time=0.043..0.597 rows=488 loops=1)
                           Filter: ((unix_time >= '1685451570.736'::double precision) AND (unix_time <= '1685451630.736'::double precision) AND st_dwithin(st_transform(the_geom, 25833), '0101000020E9640000A33EC42DEAE223418FE8E22C6F0B5741'::geometry, '300'::double precision))
                           Rows Removed by Filter: 3172
   ->  Subquery Scan on "*SELECT* 1740"  (cost=165745.69..165745.70 rows=1 width=76) (actual time=0.707..0.708 rows=1 loops=1)
         ->  Limit  (cost=165745.69..165745.69 rows=1 width=84) (actual time=0.703..0.704 rows=1 loops=1)
               ->  Sort  (cost=165745.69..165745.69 rows=1 width=84) (actual time=0.701..0.702 rows=1 loops=1)
                     Sort Key: (st_distance(st_transform(s_1739.the_geom, 25833), '0101000020E9640000BF603494EDE22341C376775A6E0B5741'::geometry))
                     Sort Method: top-N heapsort  Memory: 25kB
                     ->  Seq Scan on phoml_trajectory_tmp s_1739  (cost=0.00..165745.68 rows=1 width=84) (actual time=0.043..0.627 rows=488 loops=1)
                           Filter: ((unix_time >= '1685451571.237'::double precision) AND (unix_time <= '1685451631.237'::double precision) AND st_dwithin(st_transform(the_geom, 25833), '0101000020E9640000BF603494EDE22341C376775A6E0B5741'::geometry, '300'::double precision))
                           Rows Removed by Filter: 3172
   ->  Subquery Scan on "*SELECT* 1741"  (cost=165745.69..165745.70 rows=1 width=76) (actual time=0.693..0.694 rows=1 loops=1)
         ->  Limit  (cost=165745.69..165745.69 rows=1 width=84) (actual time=0.689..0.690 rows=1 loops=1)
               ->  Sort  (cost=165745.69..165745.69 rows=1 width=84) (actual time=0.687..0.688 rows=1 loops=1)
                     Sort Key: (st_distance(st_transform(s_1740.the_geom, 25833), '0101000020E964000016C5FA9FEDE223419CA7EAA36D0B5741'::geometry))
                     Sort Method: top-N heapsort  Memory: 25kB
                     ->  Seq Scan on phoml_trajectory_tmp s_1740  (cost=0.00..165745.68 rows=1 width=84) (actual time=0.047..0.611 rows=488 loops=1)
                           Filter: ((unix_time >= '1685451571.717'::double precision) AND (unix_time <= '1685451631.717'::double precision) AND st_dwithin(st_transform(the_geom, 25833), '0101000020E964000016C5FA9FEDE223419CA7EAA36D0B5741'::geometry, '300'::double precision))
                           Rows Removed by Filter: 3172
   ->  Subquery Scan on "*SELECT* 1742"  (cost=165745.69..165745.70 rows=1 width=76) (actual time=0.676..0.677 rows=1 loops=1)
         ->  Limit  (cost=165745.69..165745.69 rows=1 width=84) (actual time=0.674..0.674 rows=1 loops=1)
               ->  Sort  (cost=165745.69..165745.69 rows=1 width=84) (actual time=0.671..0.672 rows=1 loops=1)
                     Sort Key: (st_distance(st_transform(s_1741.the_geom, 25833), '0101000020E9640000F9E0A572EBE223413FE0980C6D0B5741'::geometry))
                     Sort Method: top-N heapsort  Memory: 25kB
                     ->  Seq Scan on phoml_trajectory_tmp s_1741  (cost=0.00..165745.68 rows=1 width=84) (actual time=0.042..0.597 rows=490 loops=1)
                           Filter: ((unix_time >= '1685451572.149'::double precision) AND (unix_time <= '1685451632.149'::double precision) AND st_dwithin(st_transform(the_geom, 25833), '0101000020E9640000F9E0A572EBE223413FE0980C6D0B5741'::geometry, '300'::double precision))
                           Rows Removed by Filter: 3170
   ->  Subquery Scan on "*SELECT* 1743"  (cost=165745.69..165745.70 rows=1 width=76) (actual time=0.681..0.682 rows=1 loops=1)
         ->  Limit  (cost=165745.69..165745.69 rows=1 width=84) (actual time=0.678..0.679 rows=1 loops=1)
               ->  Sort  (cost=165745.69..165745.69 rows=1 width=84) (actual time=0.676..0.677 rows=1 loops=1)
                     Sort Key: (st_distance(st_transform(s_1742.the_geom, 25833), '0101000020E96400007EC1E3A2E7E223412F527D976C0B5741'::geometry))
                     Sort Method: top-N heapsort  Memory: 25kB
                     ->  Seq Scan on phoml_trajectory_tmp s_1742  (cost=0.00..165745.68 rows=1 width=84) (actual time=0.042..0.602 rows=492 loops=1)
                           Filter: ((unix_time >= '1685451572.639'::double precision) AND (unix_time <= '1685451632.639'::double precision) AND st_dwithin(st_transform(the_geom, 25833), '0101000020E96400007EC1E3A2E7E223412F527D976C0B5741'::geometry, '300'::double precision))
                           Rows Removed by Filter: 3168
   ->  Subquery Scan on "*SELECT* 1744"  (cost=165745.69..165745.70 rows=1 width=76) (actual time=0.697..0.698 rows=1 loops=1)
         ->  Limit  (cost=165745.69..165745.69 rows=1 width=84) (actual time=0.693..0.694 rows=1 loops=1)
               ->  Sort  (cost=165745.69..165745.69 rows=1 width=84) (actual time=0.691..0.691 rows=1 loops=1)
                     Sort Key: (st_distance(st_transform(s_1743.the_geom, 25833), '0101000020E96400000B1F4016E3E223415BD04B426C0B5741'::geometry))
                     Sort Method: top-N heapsort  Memory: 25kB
                     ->  Seq Scan on phoml_trajectory_tmp s_1743  (cost=0.00..165745.68 rows=1 width=84) (actual time=0.044..0.616 rows=492 loops=1)
                           Filter: ((unix_time >= '1685451573.143'::double precision) AND (unix_time <= '1685451633.143'::double precision) AND st_dwithin(st_transform(the_geom, 25833), '0101000020E96400000B1F4016E3E223415BD04B426C0B5741'::geometry, '300'::double precision))
                           Rows Removed by Filter: 3168
   ->  Subquery Scan on "*SELECT* 1745"  (cost=165745.69..165745.70 rows=1 width=76) (actual time=0.691..0.692 rows=1 loops=1)
         ->  Limit  (cost=165745.69..165745.69 rows=1 width=84) (actual time=0.687..0.688 rows=1 loops=1)
               ->  Sort  (cost=165745.69..165745.69 rows=1 width=84) (actual time=0.685..0.686 rows=1 loops=1)
                     Sort Key: (st_distance(st_transform(s_1744.the_geom, 25833), '0101000020E96400001BDFDABADEE22341647B16EF6B0B5741'::geometry))
                     Sort Method: top-N heapsort  Memory: 25kB
                     ->  Seq Scan on phoml_trajectory_tmp s_1744  (cost=0.00..165745.68 rows=1 width=84) (actual time=0.043..0.611 rows=496 loops=1)
                           Filter: ((unix_time >= '1685451573.623'::double precision) AND (unix_time <= '1685451633.623'::double precision) AND st_dwithin(st_transform(the_geom, 25833), '0101000020E96400001BDFDABADEE22341647B16EF6B0B5741'::geometry, '300'::double precision))
                           Rows Removed by Filter: 3164
   ->  Subquery Scan on "*SELECT* 1746"  (cost=165745.69..165745.70 rows=1 width=76) (actual time=0.680..0.681 rows=1 loops=1)
         ->  Limit  (cost=165745.69..165745.69 rows=1 width=84) (actual time=0.678..0.678 rows=1 loops=1)
               ->  Sort  (cost=165745.69..165745.69 rows=1 width=84) (actual time=0.676..0.676 rows=1 loops=1)
                     Sort Key: (st_distance(st_transform(s_1745.the_geom, 25833), '0101000020E96400005BBD482DDBE223411C0F9A626B0B5741'::geometry))
                     Sort Method: top-N heapsort  Memory: 25kB
                     ->  Seq Scan on phoml_trajectory_tmp s_1745  (cost=0.00..165745.68 rows=1 width=84) (actual time=0.040..0.600 rows=500 loops=1)
                           Filter: ((unix_time >= '1685451574.103'::double precision) AND (unix_time <= '1685451634.103'::double precision) AND st_dwithin(st_transform(the_geom, 25833), '0101000020E96400005BBD482DDBE223411C0F9A626B0B5741'::geometry, '300'::double precision))
                           Rows Removed by Filter: 3160
   ->  Subquery Scan on "*SELECT* 1747"  (cost=165745.69..165745.70 rows=1 width=76) (actual time=0.700..0.701 rows=1 loops=1)
         ->  Limit  (cost=165745.69..165745.69 rows=1 width=84) (actual time=0.696..0.697 rows=1 loops=1)
               ->  Sort  (cost=165745.69..165745.69 rows=1 width=84) (actual time=0.694..0.694 rows=1 loops=1)
                     Sort Key: (st_distance(st_transform(s_1746.the_geom, 25833), '0101000020E96400003418D5C3D8E22341837F68876A0B5741'::geometry))
                     Sort Method: top-N heapsort  Memory: 25kB
                     ->  Seq Scan on phoml_trajectory_tmp s_1746  (cost=0.00..165745.68 rows=1 width=84) (actual time=0.053..0.620 rows=496 loops=1)
                           Filter: ((unix_time >= '1685451574.572'::double precision) AND (unix_time <= '1685451634.572'::double precision) AND st_dwithin(st_transform(the_geom, 25833), '0101000020E96400003418D5C3D8E22341837F68876A0B5741'::geometry, '300'::double precision))
                           Rows Removed by Filter: 3164
   ->  Subquery Scan on "*SELECT* 1748"  (cost=165745.69..165745.70 rows=1 width=76) (actual time=0.694..0.695 rows=1 loops=1)
         ->  Limit  (cost=165745.69..165745.69 rows=1 width=84) (actual time=0.690..0.691 rows=1 loops=1)
               ->  Sort  (cost=165745.69..165745.69 rows=1 width=84) (actual time=0.688..0.688 rows=1 loops=1)
                     Sort Key: (st_distance(st_transform(s_1747.the_geom, 25833), '0101000020E9640000544DDFEED6E223413B7B7568690B5741'::geometry))
                     Sort Method: top-N heapsort  Memory: 25kB
                     ->  Seq Scan on phoml_trajectory_tmp s_1747  (cost=0.00..165745.68 rows=1 width=84) (actual time=0.040..0.612 rows=500 loops=1)
                           Filter: ((unix_time >= '1685451575.042'::double precision) AND (unix_time <= '1685451635.042'::double precision) AND st_dwithin(st_transform(the_geom, 25833), '0101000020E9640000544DDFEED6E223413B7B7568690B5741'::geometry, '300'::double precision))
                           Rows Removed by Filter: 3160
   ->  Subquery Scan on "*SELECT* 1749"  (cost=165745.69..165745.70 rows=1 width=76) (actual time=0.682..0.683 rows=1 loops=1)
         ->  Limit  (cost=165745.69..165745.69 rows=1 width=84) (actual time=0.679..0.680 rows=1 loops=1)
               ->  Sort  (cost=165745.69..165745.69 rows=1 width=84) (actual time=0.677..0.677 rows=1 loops=1)
                     Sort Key: (st_distance(st_transform(s_1748.the_geom, 25833), '0101000020E96400002CAF53A1D5E22341555BDD2A680B5741'::geometry))
                     Sort Method: top-N heapsort  Memory: 25kB
                     ->  Seq Scan on phoml_trajectory_tmp s_1748  (cost=0.00..165745.68 rows=1 width=84) (actual time=0.042..0.601 rows=500 loops=1)
                           Filter: ((unix_time >= '1685451575.502'::double precision) AND (unix_time <= '1685451635.502'::double precision) AND st_dwithin(st_transform(the_geom, 25833), '0101000020E96400002CAF53A1D5E22341555BDD2A680B5741'::geometry, '300'::double precision))
                           Rows Removed by Filter: 3160
   ->  Subquery Scan on "*SELECT* 1750"  (cost=165745.69..165745.70 rows=1 width=76) (actual time=0.688..0.689 rows=1 loops=1)
         ->  Limit  (cost=165745.69..165745.69 rows=1 width=84) (actual time=0.684..0.685 rows=1 loops=1)
               ->  Sort  (cost=165745.69..165745.69 rows=1 width=84) (actual time=0.682..0.682 rows=1 loops=1)
                     Sort Key: (st_distance(st_transform(s_1749.the_geom, 25833), '0101000020E96400006D5F3068D4E22341FAC298E7660B5741'::geometry))
                     Sort Method: top-N heapsort  Memory: 25kB
                     ->  Seq Scan on phoml_trajectory_tmp s_1749  (cost=0.00..165745.68 rows=1 width=84) (actual time=0.038..0.607 rows=496 loops=1)
                           Filter: ((unix_time >= '1685451575.942'::double precision) AND (unix_time <= '1685451635.942'::double precision) AND st_dwithin(st_transform(the_geom, 25833), '0101000020E96400006D5F3068D4E22341FAC298E7660B5741'::geometry, '300'::double precision))
                           Rows Removed by Filter: 3164
   ->  Subquery Scan on "*SELECT* 1751"  (cost=165745.69..165745.70 rows=1 width=76) (actual time=0.681..0.682 rows=1 loops=1)
         ->  Limit  (cost=165745.69..165745.69 rows=1 width=84) (actual time=0.678..0.678 rows=1 loops=1)
               ->  Sort  (cost=165745.69..165745.69 rows=1 width=84) (actual time=0.676..0.676 rows=1 loops=1)
                     Sort Key: (st_distance(st_transform(s_1750.the_geom, 25833), '0101000020E96400008C331152D3E223418ADEB895650B5741'::geometry))
                     Sort Method: top-N heapsort  Memory: 25kB
                     ->  Seq Scan on phoml_trajectory_tmp s_1750  (cost=0.00..165745.68 rows=1 width=84) (actual time=0.040..0.602 rows=496 loops=1)
                           Filter: ((unix_time >= '1685451576.385'::double precision) AND (unix_time <= '1685451636.385'::double precision) AND st_dwithin(st_transform(the_geom, 25833), '0101000020E96400008C331152D3E223418ADEB895650B5741'::geometry, '300'::double precision))
                           Rows Removed by Filter: 3164
   ->  Subquery Scan on "*SELECT* 1752"  (cost=165745.69..165745.70 rows=1 width=76) (actual time=0.678..0.680 rows=1 loops=1)
         ->  Limit  (cost=165745.69..165745.69 rows=1 width=84) (actual time=0.676..0.677 rows=1 loops=1)
               ->  Sort  (cost=165745.69..165745.69 rows=1 width=84) (actual time=0.674..0.674 rows=1 loops=1)
                     Sort Key: (st_distance(st_transform(s_1751.the_geom, 25833), '0101000020E96400003061356BD2E22341E8EC4A44640B5741'::geometry))
                     Sort Method: top-N heapsort  Memory: 25kB
                     ->  Seq Scan on phoml_trajectory_tmp s_1751  (cost=0.00..165745.68 rows=1 width=84) (actual time=0.040..0.599 rows=496 loops=1)
                           Filter: ((unix_time >= '1685451576.805'::double precision) AND (unix_time <= '1685451636.805'::double precision) AND st_dwithin(st_transform(the_geom, 25833), '0101000020E96400003061356BD2E22341E8EC4A44640B5741'::geometry, '300'::double precision))
                           Rows Removed by Filter: 3164
   ->  Subquery Scan on "*SELECT* 1753"  (cost=165745.69..165745.70 rows=1 width=76) (actual time=0.696..0.697 rows=1 loops=1)
         ->  Limit  (cost=165745.69..165745.69 rows=1 width=84) (actual time=0.693..0.694 rows=1 loops=1)
               ->  Sort  (cost=165745.69..165745.69 rows=1 width=84) (actual time=0.691..0.692 rows=1 loops=1)
                     Sort Key: (st_distance(st_transform(s_1752.the_geom, 25833), '0101000020E9640000CBB6BCAFD1E22341DBE925F3620B5741'::geometry))
                     Sort Method: top-N heapsort  Memory: 25kB
                     ->  Seq Scan on phoml_trajectory_tmp s_1752  (cost=0.00..165745.68 rows=1 width=84) (actual time=0.052..0.615 rows=496 loops=1)
                           Filter: ((unix_time >= '1685451577.218'::double precision) AND (unix_time <= '1685451637.218'::double precision) AND st_dwithin(st_transform(the_geom, 25833), '0101000020E9640000CBB6BCAFD1E22341DBE925F3620B5741'::geometry, '300'::double precision))
                           Rows Removed by Filter: 3164
   ->  Subquery Scan on "*SELECT* 1754"  (cost=165745.69..165745.70 rows=1 width=76) (actual time=0.684..0.685 rows=1 loops=1)
         ->  Limit  (cost=165745.69..165745.69 rows=1 width=84) (actual time=0.680..0.681 rows=1 loops=1)
               ->  Sort  (cost=165745.69..165745.69 rows=1 width=84) (actual time=0.677..0.677 rows=1 loops=1)
                     Sort Key: (st_distance(st_transform(s_1753.the_geom, 25833), '0101000020E9640000B0A12FD2D0E223417ADB059B610B5741'::geometry))
                     Sort Method: top-N heapsort  Memory: 25kB
                     ->  Seq Scan on phoml_trajectory_tmp s_1753  (cost=0.00..165745.68 rows=1 width=84) (actual time=0.040..0.600 rows=492 loops=1)
                           Filter: ((unix_time >= '1685451577.648'::double precision) AND (unix_time <= '1685451637.648'::double precision) AND st_dwithin(st_transform(the_geom, 25833), '0101000020E9640000B0A12FD2D0E223417ADB059B610B5741'::geometry, '300'::double precision))
                           Rows Removed by Filter: 3168
   ->  Subquery Scan on "*SELECT* 1755"  (cost=165745.69..165745.70 rows=1 width=76) (actual time=0.677..0.678 rows=1 loops=1)
         ->  Limit  (cost=165745.69..165745.69 rows=1 width=84) (actual time=0.673..0.674 rows=1 loops=1)
               ->  Sort  (cost=165745.69..165745.69 rows=1 width=84) (actual time=0.671..0.671 rows=1 loops=1)
                     Sort Key: (st_distance(st_transform(s_1754.the_geom, 25833), '0101000020E9640000E1FEA433D0E2234186257351600B5741'::geometry))
                     Sort Method: top-N heapsort  Memory: 25kB
                     ->  Seq Scan on phoml_trajectory_tmp s_1754  (cost=0.00..165745.68 rows=1 width=84) (actual time=0.038..0.596 rows=492 loops=1)
                           Filter: ((unix_time >= '1685451578.058'::double precision) AND (unix_time <= '1685451638.058'::double precision) AND st_dwithin(st_transform(the_geom, 25833), '0101000020E9640000E1FEA433D0E2234186257351600B5741'::geometry, '300'::double precision))
                           Rows Removed by Filter: 3168
   ->  Subquery Scan on "*SELECT* 1756"  (cost=165745.69..165745.70 rows=1 width=76) (actual time=0.668..0.669 rows=1 loops=1)
         ->  Limit  (cost=165745.69..165745.69 rows=1 width=84) (actual time=0.665..0.666 rows=1 loops=1)
               ->  Sort  (cost=165745.69..165745.69 rows=1 width=84) (actual time=0.663..0.664 rows=1 loops=1)
                     Sort Key: (st_distance(st_transform(s_1755.the_geom, 25833), '0101000020E9640000FB57C374CFE223411608BD125F0B5741'::geometry))
                     Sort Method: top-N heapsort  Memory: 25kB
                     ->  Seq Scan on phoml_trajectory_tmp s_1755  (cost=0.00..165745.68 rows=1 width=84) (actual time=0.039..0.589 rows=492 loops=1)
                           Filter: ((unix_time >= '1685451578.465'::double precision) AND (unix_time <= '1685451638.465'::double precision) AND st_dwithin(st_transform(the_geom, 25833), '0101000020E9640000FB57C374CFE223411608BD125F0B5741'::geometry, '300'::double precision))
                           Rows Removed by Filter: 3168
   ->  Subquery Scan on "*SELECT* 1757"  (cost=165745.69..165745.70 rows=1 width=76) (actual time=0.682..0.683 rows=1 loops=1)
         ->  Limit  (cost=165745.69..165745.69 rows=1 width=84) (actual time=0.678..0.679 rows=1 loops=1)
               ->  Sort  (cost=165745.69..165745.69 rows=1 width=84) (actual time=0.676..0.677 rows=1 loops=1)
                     Sort Key: (st_distance(st_transform(s_1756.the_geom, 25833), '0101000020E9640000EB0F848DCEE223413FA3B6C85D0B5741'::geometry))
                     Sort Method: top-N heapsort  Memory: 25kB
                     ->  Seq Scan on phoml_trajectory_tmp s_1756  (cost=0.00..165745.68 rows=1 width=84) (actual time=0.042..0.602 rows=492 loops=1)
                           Filter: ((unix_time >= '1685451578.885'::double precision) AND (unix_time <= '1685451638.885'::double precision) AND st_dwithin(st_transform(the_geom, 25833), '0101000020E9640000EB0F848DCEE223413FA3B6C85D0B5741'::geometry, '300'::double precision))
                           Rows Removed by Filter: 3168
   ->  Subquery Scan on "*SELECT* 1758"  (cost=165745.69..165745.70 rows=1 width=76) (actual time=0.675..0.676 rows=1 loops=1)
         ->  Limit  (cost=165745.69..165745.69 rows=1 width=84) (actual time=0.671..0.672 rows=1 loops=1)
               ->  Sort  (cost=165745.69..165745.69 rows=1 width=84) (actual time=0.669..0.669 rows=1 loops=1)
                     Sort Key: (st_distance(st_transform(s_1757.the_geom, 25833), '0101000020E9640000AA6AD36BCDE22341E6A94A915C0B5741'::geometry))
                     Sort Method: top-N heapsort  Memory: 25kB
                     ->  Seq Scan on phoml_trajectory_tmp s_1757  (cost=0.00..165745.68 rows=1 width=84) (actual time=0.038..0.594 rows=488 loops=1)
                           Filter: ((unix_time >= '1685451579.301'::double precision) AND (unix_time <= '1685451639.301'::double precision) AND st_dwithin(st_transform(the_geom, 25833), '0101000020E9640000AA6AD36BCDE22341E6A94A915C0B5741'::geometry, '300'::double precision))
                           Rows Removed by Filter: 3172
   ->  Subquery Scan on "*SELECT* 1759"  (cost=165745.69..165745.70 rows=1 width=76) (actual time=0.657..0.658 rows=1 loops=1)
         ->  Limit  (cost=165745.69..165745.69 rows=1 width=84) (actual time=0.654..0.655 rows=1 loops=1)
               ->  Sort  (cost=165745.69..165745.69 rows=1 width=84) (actual time=0.652..0.652 rows=1 loops=1)
                     Sort Key: (st_distance(st_transform(s_1758.the_geom, 25833), '0101000020E964000066C1EF4ACCE223418B50E1675B0B5741'::geometry))
                     Sort Method: top-N heapsort  Memory: 25kB
                     ->  Seq Scan on phoml_trajectory_tmp s_1758  (cost=0.00..165745.68 rows=1 width=84) (actual time=0.037..0.578 rows=488 loops=1)
                           Filter: ((unix_time >= '1685451579.711'::double precision) AND (unix_time <= '1685451639.711'::double precision) AND st_dwithin(st_transform(the_geom, 25833), '0101000020E964000066C1EF4ACCE223418B50E1675B0B5741'::geometry, '300'::double precision))
                           Rows Removed by Filter: 3172
   ->  Subquery Scan on "*SELECT* 1760"  (cost=165745.69..165745.70 rows=1 width=76) (actual time=0.669..0.670 rows=1 loops=1)
         ->  Limit  (cost=165745.69..165745.69 rows=1 width=84) (actual time=0.665..0.666 rows=1 loops=1)
               ->  Sort  (cost=165745.69..165745.69 rows=1 width=84) (actual time=0.663..0.664 rows=1 loops=1)
                     Sort Key: (st_distance(st_transform(s_1759.the_geom, 25833), '0101000020E96400007BF7D820CBE22341C1989E315A0B5741'::geometry))
                     Sort Method: top-N heapsort  Memory: 25kB
                     ->  Seq Scan on phoml_trajectory_tmp s_1759  (cost=0.00..165745.68 rows=1 width=84) (actual time=0.038..0.590 rows=484 loops=1)
                           Filter: ((unix_time >= '1685451580.147'::double precision) AND (unix_time <= '1685451640.147'::double precision) AND st_dwithin(st_transform(the_geom, 25833), '0101000020E96400007BF7D820CBE22341C1989E315A0B5741'::geometry, '300'::double precision))
                           Rows Removed by Filter: 3176
   ->  Subquery Scan on "*SELECT* 1761"  (cost=165745.69..165745.70 rows=1 width=76) (actual time=0.675..0.676 rows=1 loops=1)
         ->  Limit  (cost=165745.69..165745.69 rows=1 width=84) (actual time=0.671..0.672 rows=1 loops=1)
               ->  Sort  (cost=165745.69..165745.69 rows=1 width=84) (actual time=0.669..0.669 rows=1 loops=1)
                     Sort Key: (st_distance(st_transform(s_1760.the_geom, 25833), '0101000020E9640000E4DE99FBC9E223413C61FE02590B5741'::geometry))
                     Sort Method: top-N heapsort  Memory: 25kB
                     ->  Seq Scan on phoml_trajectory_tmp s_1760  (cost=0.00..165745.68 rows=1 width=84) (actual time=0.041..0.594 rows=484 loops=1)
                           Filter: ((unix_time >= '1685451580.567'::double precision) AND (unix_time <= '1685451640.567'::double precision) AND st_dwithin(st_transform(the_geom, 25833), '0101000020E9640000E4DE99FBC9E223413C61FE02590B5741'::geometry, '300'::double precision))
                           Rows Removed by Filter: 3176
   ->  Subquery Scan on "*SELECT* 1762"  (cost=165745.69..165745.70 rows=1 width=76) (actual time=0.658..0.659 rows=1 loops=1)
         ->  Limit  (cost=165745.69..165745.69 rows=1 width=84) (actual time=0.656..0.657 rows=1 loops=1)
               ->  Sort  (cost=165745.69..165745.69 rows=1 width=84) (actual time=0.654..0.654 rows=1 loops=1)
                     Sort Key: (st_distance(st_transform(s_1761.the_geom, 25833), '0101000020E9640000DBC8A905C9E223412AA116B8570B5741'::geometry))
                     Sort Method: top-N heapsort  Memory: 25kB
                     ->  Seq Scan on phoml_trajectory_tmp s_1761  (cost=0.00..165745.68 rows=1 width=84) (actual time=0.037..0.579 rows=484 loops=1)
                           Filter: ((unix_time >= '1685451581.017'::double precision) AND (unix_time <= '1685451641.017'::double precision) AND st_dwithin(st_transform(the_geom, 25833), '0101000020E9640000DBC8A905C9E223412AA116B8570B5741'::geometry, '300'::double precision))
                           Rows Removed by Filter: 3176
   ->  Subquery Scan on "*SELECT* 1763"  (cost=165745.69..165745.70 rows=1 width=76) (actual time=0.668..0.669 rows=1 loops=1)
         ->  Limit  (cost=165745.69..165745.69 rows=1 width=84) (actual time=0.665..0.665 rows=1 loops=1)
               ->  Sort  (cost=165745.69..165745.69 rows=1 width=84) (actual time=0.663..0.663 rows=1 loops=1)
                     Sort Key: (st_distance(st_transform(s_1762.the_geom, 25833), '0101000020E964000009CDCB90C8E2234174433544560B5741'::geometry))
                     Sort Method: top-N heapsort  Memory: 25kB
                     ->  Seq Scan on phoml_trajectory_tmp s_1762  (cost=0.00..165745.68 rows=1 width=84) (actual time=0.038..0.590 rows=484 loops=1)
                           Filter: ((unix_time >= '1685451581.488'::double precision) AND (unix_time <= '1685451641.488'::double precision) AND st_dwithin(st_transform(the_geom, 25833), '0101000020E964000009CDCB90C8E2234174433544560B5741'::geometry, '300'::double precision))
                           Rows Removed by Filter: 3176
   ->  Subquery Scan on "*SELECT* 1764"  (cost=165745.69..165745.70 rows=1 width=76) (actual time=0.666..0.667 rows=1 loops=1)
         ->  Limit  (cost=165745.69..165745.69 rows=1 width=84) (actual time=0.662..0.664 rows=1 loops=1)
               ->  Sort  (cost=165745.69..165745.69 rows=1 width=84) (actual time=0.660..0.661 rows=1 loops=1)
                     Sort Key: (st_distance(st_transform(s_1763.the_geom, 25833), '0101000020E9640000D30D9DB4C9E223410D3D91A3540B5741'::geometry))
                     Sort Method: top-N heapsort  Memory: 25kB
                     ->  Seq Scan on phoml_trajectory_tmp s_1763  (cost=0.00..165745.68 rows=1 width=84) (actual time=0.040..0.587 rows=480 loops=1)
                           Filter: ((unix_time >= '1685451581.958'::double precision) AND (unix_time <= '1685451641.958'::double precision) AND st_dwithin(st_transform(the_geom, 25833), '0101000020E9640000D30D9DB4C9E223410D3D91A3540B5741'::geometry, '300'::double precision))
                           Rows Removed by Filter: 3180
   ->  Subquery Scan on "*SELECT* 1765"  (cost=165745.69..165745.70 rows=1 width=76) (actual time=0.649..0.649 rows=1 loops=1)
         ->  Limit  (cost=165745.69..165745.69 rows=1 width=84) (actual time=0.646..0.647 rows=1 loops=1)
               ->  Sort  (cost=165745.69..165745.69 rows=1 width=84) (actual time=0.645..0.645 rows=1 loops=1)
                     Sort Key: (st_distance(st_transform(s_1764.the_geom, 25833), '0101000020E964000018BC74C6CCE2234188CC4CCA520B5741'::geometry))
                     Sort Method: top-N heapsort  Memory: 25kB
                     ->  Seq Scan on phoml_trajectory_tmp s_1764  (cost=0.00..165745.68 rows=1 width=84) (actual time=0.039..0.573 rows=480 loops=1)
                           Filter: ((unix_time >= '1685451582.446'::double precision) AND (unix_time <= '1685451642.446'::double precision) AND st_dwithin(st_transform(the_geom, 25833), '0101000020E964000018BC74C6CCE2234188CC4CCA520B5741'::geometry, '300'::double precision))
                           Rows Removed by Filter: 3180
   ->  Subquery Scan on "*SELECT* 1766"  (cost=165745.69..165745.70 rows=1 width=76) (actual time=0.660..0.662 rows=1 loops=1)
         ->  Limit  (cost=165745.69..165745.69 rows=1 width=84) (actual time=0.656..0.657 rows=1 loops=1)
               ->  Sort  (cost=165745.69..165745.69 rows=1 width=84) (actual time=0.654..0.655 rows=1 loops=1)
                     Sort Key: (st_distance(st_transform(s_1765.the_geom, 25833), '0101000020E9640000BC732406D2E22341B4E66FD8500B5741'::geometry))
                     Sort Method: top-N heapsort  Memory: 25kB
                     ->  Seq Scan on phoml_trajectory_tmp s_1765  (cost=0.00..165745.68 rows=1 width=84) (actual time=0.038..0.583 rows=476 loops=1)
                           Filter: ((unix_time >= '1685451582.946'::double precision) AND (unix_time <= '1685451642.946'::double precision) AND st_dwithin(st_transform(the_geom, 25833), '0101000020E9640000BC732406D2E22341B4E66FD8500B5741'::geometry, '300'::double precision))
                           Rows Removed by Filter: 3184
   ->  Subquery Scan on "*SELECT* 1767"  (cost=165745.69..165745.70 rows=1 width=76) (actual time=0.673..0.675 rows=1 loops=1)
         ->  Limit  (cost=165745.69..165745.69 rows=1 width=84) (actual time=0.670..0.671 rows=1 loops=1)
               ->  Sort  (cost=165745.69..165745.69 rows=1 width=84) (actual time=0.668..0.669 rows=1 loops=1)
                     Sort Key: (st_distance(st_transform(s_1766.the_geom, 25833), '0101000020E9640000FE41EF4FD9E22341497D75E84E0B5741'::geometry))
                     Sort Method: top-N heapsort  Memory: 25kB
                     ->  Seq Scan on phoml_trajectory_tmp s_1766  (cost=0.00..165745.68 rows=1 width=84) (actual time=0.042..0.596 rows=480 loops=1)
                           Filter: ((unix_time >= '1685451583.459'::double precision) AND (unix_time <= '1685451643.459'::double precision) AND st_dwithin(st_transform(the_geom, 25833), '0101000020E9640000FE41EF4FD9E22341497D75E84E0B5741'::geometry, '300'::double precision))
                           Rows Removed by Filter: 3180
   ->  Subquery Scan on "*SELECT* 1768"  (cost=165745.69..165745.70 rows=1 width=76) (actual time=0.636..0.637 rows=1 loops=1)
         ->  Limit  (cost=165745.69..165745.69 rows=1 width=84) (actual time=0.633..0.634 rows=1 loops=1)
               ->  Sort  (cost=165745.69..165745.69 rows=1 width=84) (actual time=0.631..0.631 rows=1 loops=1)
                     Sort Key: (st_distance(st_transform(s_1767.the_geom, 25833), '0101000020E9640000D4577610E2E2234124BBC2264D0B5741'::geometry))
                     Sort Method: top-N heapsort  Memory: 25kB
                     ->  Seq Scan on phoml_trajectory_tmp s_1767  (cost=0.00..165745.68 rows=1 width=84) (actual time=0.038..0.559 rows=476 loops=1)
                           Filter: ((unix_time >= '1685451583.959'::double precision) AND (unix_time <= '1685451643.959'::double precision) AND st_dwithin(st_transform(the_geom, 25833), '0101000020E9640000D4577610E2E2234124BBC2264D0B5741'::geometry, '300'::double precision))
                           Rows Removed by Filter: 3184
   ->  Subquery Scan on "*SELECT* 1769"  (cost=165745.69..165745.70 rows=1 width=76) (actual time=0.657..0.658 rows=1 loops=1)
         ->  Limit  (cost=165745.69..165745.69 rows=1 width=84) (actual time=0.654..0.654 rows=1 loops=1)
               ->  Sort  (cost=165745.69..165745.69 rows=1 width=84) (actual time=0.652..0.652 rows=1 loops=1)
                     Sort Key: (st_distance(st_transform(s_1768.the_geom, 25833), '0101000020E9640000D7B8888DECE22341FD90B5794B0B5741'::geometry))
                     Sort Method: top-N heapsort  Memory: 25kB
                     ->  Seq Scan on phoml_trajectory_tmp s_1768  (cost=0.00..165745.68 rows=1 width=84) (actual time=0.040..0.580 rows=472 loops=1)
                           Filter: ((unix_time >= '1685451584.462'::double precision) AND (unix_time <= '1685451644.462'::double precision) AND st_dwithin(st_transform(the_geom, 25833), '0101000020E9640000D7B8888DECE22341FD90B5794B0B5741'::geometry, '300'::double precision))
                           Rows Removed by Filter: 3188
   ->  Subquery Scan on "*SELECT* 1770"  (cost=165745.69..165745.70 rows=1 width=76) (actual time=0.647..0.649 rows=1 loops=1)
         ->  Limit  (cost=165745.69..165745.69 rows=1 width=84) (actual time=0.644..0.645 rows=1 loops=1)
               ->  Sort  (cost=165745.69..165745.69 rows=1 width=84) (actual time=0.642..0.642 rows=1 loops=1)
                     Sort Key: (st_distance(st_transform(s_1769.the_geom, 25833), '0101000020E9640000A51E76C7F7E223411FC09B004A0B5741'::geometry))
                     Sort Method: top-N heapsort  Memory: 25kB
                     ->  Seq Scan on phoml_trajectory_tmp s_1769  (cost=0.00..165745.68 rows=1 width=84) (actual time=0.038..0.571 rows=468 loops=1)
                           Filter: ((unix_time >= '1685451584.942'::double precision) AND (unix_time <= '1685451644.942'::double precision) AND st_dwithin(st_transform(the_geom, 25833), '0101000020E9640000A51E76C7F7E223411FC09B004A0B5741'::geometry, '300'::double precision))
                           Rows Removed by Filter: 3192
   ->  Subquery Scan on "*SELECT* 1771"  (cost=165745.69..165745.70 rows=1 width=76) (actual time=0.634..0.635 rows=1 loops=1)
         ->  Limit  (cost=165745.69..165745.69 rows=1 width=84) (actual time=0.632..0.632 rows=1 loops=1)
               ->  Sort  (cost=165745.69..165745.69 rows=1 width=84) (actual time=0.629..0.630 rows=1 loops=1)
                     Sort Key: (st_distance(st_transform(s_1770.the_geom, 25833), '0101000020E96400007E8904F502E32341092DFDB4480B5741'::geometry))
                     Sort Method: top-N heapsort  Memory: 25kB
                     ->  Seq Scan on phoml_trajectory_tmp s_1770  (cost=0.00..165745.68 rows=1 width=84) (actual time=0.040..0.558 rows=464 loops=1)
                           Filter: ((unix_time >= '1685451585.419'::double precision) AND (unix_time <= '1685451645.419'::double precision) AND st_dwithin(st_transform(the_geom, 25833), '0101000020E96400007E8904F502E32341092DFDB4480B5741'::geometry, '300'::double precision))
                           Rows Removed by Filter: 3196
   ->  Subquery Scan on "*SELECT* 1772"  (cost=165745.69..165745.70 rows=1 width=76) (actual time=0.666..0.667 rows=1 loops=1)
         ->  Limit  (cost=165745.69..165745.69 rows=1 width=84) (actual time=0.661..0.662 rows=1 loops=1)
               ->  Sort  (cost=165745.69..165745.69 rows=1 width=84) (actual time=0.659..0.659 rows=1 loops=1)
                     Sort Key: (st_distance(st_transform(s_1771.the_geom, 25833), '0101000020E96400008344E0D80CE323417B78BEA2470B5741'::geometry))
                     Sort Method: top-N heapsort  Memory: 25kB
                     ->  Seq Scan on phoml_trajectory_tmp s_1771  (cost=0.00..165745.68 rows=1 width=84) (actual time=0.037..0.587 rows=460 loops=1)
                           Filter: ((unix_time >= '1685451585.869'::double precision) AND (unix_time <= '1685451645.869'::double precision) AND st_dwithin(st_transform(the_geom, 25833), '0101000020E96400008344E0D80CE323417B78BEA2470B5741'::geometry, '300'::double precision))
                           Rows Removed by Filter: 3200
   ->  Subquery Scan on "*SELECT* 1773"  (cost=165745.69..165745.70 rows=1 width=76) (actual time=0.650..0.651 rows=1 loops=1)
         ->  Limit  (cost=165745.69..165745.69 rows=1 width=84) (actual time=0.646..0.647 rows=1 loops=1)
               ->  Sort  (cost=165745.69..165745.69 rows=1 width=84) (actual time=0.644..0.645 rows=1 loops=1)
                     Sort Key: (st_distance(st_transform(s_1772.the_geom, 25833), '0101000020E96400008B1D6F6C16E3234107A9C9A1460B5741'::geometry))
                     Sort Method: top-N heapsort  Memory: 25kB
                     ->  Seq Scan on phoml_trajectory_tmp s_1772  (cost=0.00..165745.68 rows=1 width=84) (actual time=0.043..0.575 rows=456 loops=1)
                           Filter: ((unix_time >= '1685451586.321'::double precision) AND (unix_time <= '1685451646.321'::double precision) AND st_dwithin(st_transform(the_geom, 25833), '0101000020E96400008B1D6F6C16E3234107A9C9A1460B5741'::geometry, '300'::double precision))
                           Rows Removed by Filter: 3204
   ->  Subquery Scan on "*SELECT* 1774"  (cost=165745.69..165745.70 rows=1 width=76) (actual time=0.640..0.641 rows=1 loops=1)
         ->  Limit  (cost=165745.69..165745.69 rows=1 width=84) (actual time=0.638..0.639 rows=1 loops=1)
               ->  Sort  (cost=165745.69..165745.69 rows=1 width=84) (actual time=0.635..0.636 rows=1 loops=1)
                     Sort Key: (st_distance(st_transform(s_1773.the_geom, 25833), '0101000020E9640000F70DFAB81FE32341A4CC62B0450B5741'::geometry))
                     Sort Method: top-N heapsort  Memory: 25kB
                     ->  Seq Scan on phoml_trajectory_tmp s_1773  (cost=0.00..165745.68 rows=1 width=84) (actual time=0.043..0.565 rows=452 loops=1)
                           Filter: ((unix_time >= '1685451586.761'::double precision) AND (unix_time <= '1685451646.761'::double precision) AND st_dwithin(st_transform(the_geom, 25833), '0101000020E9640000F70DFAB81FE32341A4CC62B0450B5741'::geometry, '300'::double precision))
                           Rows Removed by Filter: 3208
   ->  Subquery Scan on "*SELECT* 1775"  (cost=165745.69..165745.70 rows=1 width=76) (actual time=0.617..0.618 rows=1 loops=1)
         ->  Limit  (cost=165745.69..165745.69 rows=1 width=84) (actual time=0.613..0.614 rows=1 loops=1)
               ->  Sort  (cost=165745.69..165745.69 rows=1 width=84) (actual time=0.611..0.611 rows=1 loops=1)
                     Sort Key: (st_distance(st_transform(s_1774.the_geom, 25833), '0101000020E9640000B74B40E828E32341326F52BF440B5741'::geometry))
                     Sort Method: top-N heapsort  Memory: 25kB
                     ->  Seq Scan on phoml_trajectory_tmp s_1774  (cost=0.00..165745.68 rows=1 width=84) (actual time=0.037..0.543 rows=448 loops=1)
                           Filter: ((unix_time >= '1685451587.186'::double precision) AND (unix_time <= '1685451647.186'::double precision) AND st_dwithin(st_transform(the_geom, 25833), '0101000020E9640000B74B40E828E32341326F52BF440B5741'::geometry, '300'::double precision))
                           Rows Removed by Filter: 3212
   ->  Subquery Scan on "*SELECT* 1776"  (cost=165745.69..165745.70 rows=1 width=76) (actual time=0.622..0.623 rows=1 loops=1)
         ->  Limit  (cost=165745.69..165745.69 rows=1 width=84) (actual time=0.618..0.619 rows=1 loops=1)
               ->  Sort  (cost=165745.69..165745.69 rows=1 width=84) (actual time=0.616..0.616 rows=1 loops=1)
                     Sort Key: (st_distance(st_transform(s_1775.the_geom, 25833), '0101000020E9640000D01FD15F31E32341805145E8430B5741'::geometry))
                     Sort Method: top-N heapsort  Memory: 25kB
                     ->  Seq Scan on phoml_trajectory_tmp s_1775  (cost=0.00..165745.68 rows=1 width=84) (actual time=0.038..0.548 rows=444 loops=1)
                           Filter: ((unix_time >= '1685451587.586'::double precision) AND (unix_time <= '1685451647.586'::double precision) AND st_dwithin(st_transform(the_geom, 25833), '0101000020E9640000D01FD15F31E32341805145E8430B5741'::geometry, '300'::double precision))
                           Rows Removed by Filter: 3216
   ->  Subquery Scan on "*SELECT* 1777"  (cost=165745.69..165745.70 rows=1 width=76) (actual time=0.604..0.605 rows=1 loops=1)
         ->  Limit  (cost=165745.69..165745.69 rows=1 width=84) (actual time=0.602..0.603 rows=1 loops=1)
               ->  Sort  (cost=165745.69..165745.69 rows=1 width=84) (actual time=0.600..0.601 rows=1 loops=1)
                     Sort Key: (st_distance(st_transform(s_1776.the_geom, 25833), '0101000020E96400003D2200E439E32341D73E790D430B5741'::geometry))
                     Sort Method: top-N heapsort  Memory: 25kB
                     ->  Seq Scan on phoml_trajectory_tmp s_1776  (cost=0.00..165745.68 rows=1 width=84) (actual time=0.041..0.534 rows=440 loops=1)
                           Filter: ((unix_time >= '1685451588.006'::double precision) AND (unix_time <= '1685451648.006'::double precision) AND st_dwithin(st_transform(the_geom, 25833), '0101000020E96400003D2200E439E32341D73E790D430B5741'::geometry, '300'::double precision))
                           Rows Removed by Filter: 3220
   ->  Subquery Scan on "*SELECT* 1778"  (cost=165745.69..165745.70 rows=1 width=76) (actual time=0.608..0.609 rows=1 loops=1)
         ->  Limit  (cost=165745.69..165745.69 rows=1 width=84) (actual time=0.604..0.605 rows=1 loops=1)
               ->  Sort  (cost=165745.69..165745.69 rows=1 width=84) (actual time=0.602..0.602 rows=1 loops=1)
                     Sort Key: (st_distance(st_transform(s_1777.the_geom, 25833), '0101000020E96400001E1CE8A341E32341B51A423D420B5741'::geometry))
                     Sort Method: top-N heapsort  Memory: 25kB
                     ->  Seq Scan on phoml_trajectory_tmp s_1777  (cost=0.00..165745.68 rows=1 width=84) (actual time=0.037..0.535 rows=436 loops=1)
                           Filter: ((unix_time >= '1685451588.395'::double precision) AND (unix_time <= '1685451648.395'::double precision) AND st_dwithin(st_transform(the_geom, 25833), '0101000020E96400001E1CE8A341E32341B51A423D420B5741'::geometry, '300'::double precision))
                           Rows Removed by Filter: 3224
   ->  Subquery Scan on "*SELECT* 1779"  (cost=165745.69..165745.70 rows=1 width=76) (actual time=0.615..0.616 rows=1 loops=1)
         ->  Limit  (cost=165745.69..165745.69 rows=1 width=84) (actual time=0.612..0.612 rows=1 loops=1)
               ->  Sort  (cost=165745.69..165745.69 rows=1 width=84) (actual time=0.610..0.610 rows=1 loops=1)
                     Sort Key: (st_distance(st_transform(s_1778.the_geom, 25833), '0101000020E96400002291C2B649E323414ABF2E6F410B5741'::geometry))
                     Sort Method: top-N heapsort  Memory: 25kB
                     ->  Seq Scan on phoml_trajectory_tmp s_1778  (cost=0.00..165745.68 rows=1 width=84) (actual time=0.039..0.535 rows=436 loops=1)
                           Filter: ((unix_time >= '1685451588.795'::double precision) AND (unix_time <= '1685451648.795'::double precision) AND st_dwithin(st_transform(the_geom, 25833), '0101000020E96400002291C2B649E323414ABF2E6F410B5741'::geometry, '300'::double precision))
                           Rows Removed by Filter: 3224
   ->  Subquery Scan on "*SELECT* 1780"  (cost=165745.69..165745.70 rows=1 width=76) (actual time=0.592..0.593 rows=1 loops=1)
         ->  Limit  (cost=165745.69..165745.69 rows=1 width=84) (actual time=0.590..0.591 rows=1 loops=1)
               ->  Sort  (cost=165745.69..165745.69 rows=1 width=84) (actual time=0.588..0.588 rows=1 loops=1)
                     Sort Key: (st_distance(st_transform(s_1779.the_geom, 25833), '0101000020E9640000EDA3E6D451E323410537D89A400B5741'::geometry))
                     Sort Method: top-N heapsort  Memory: 25kB
                     ->  Seq Scan on phoml_trajectory_tmp s_1779  (cost=0.00..165745.68 rows=1 width=84) (actual time=0.037..0.520 rows=432 loops=1)
                           Filter: ((unix_time >= '1685451589.194'::double precision) AND (unix_time <= '1685451649.194'::double precision) AND st_dwithin(st_transform(the_geom, 25833), '0101000020E9640000EDA3E6D451E323410537D89A400B5741'::geometry, '300'::double precision))
                           Rows Removed by Filter: 3228
   ->  Subquery Scan on "*SELECT* 1781"  (cost=165745.69..165745.70 rows=1 width=76) (actual time=0.613..0.613 rows=1 loops=1)
         ->  Limit  (cost=165745.69..165745.69 rows=1 width=84) (actual time=0.609..0.610 rows=1 loops=1)
               ->  Sort  (cost=165745.69..165745.69 rows=1 width=84) (actual time=0.607..0.607 rows=1 loops=1)
                     Sort Key: (st_distance(st_transform(s_1780.the_geom, 25833), '0101000020E964000075C0F1C259E323413F5132D43F0B5741'::geometry))
                     Sort Method: top-N heapsort  Memory: 25kB
                     ->  Seq Scan on phoml_trajectory_tmp s_1780  (cost=0.00..165745.68 rows=1 width=84) (actual time=0.043..0.542 rows=428 loops=1)
                           Filter: ((unix_time >= '1685451589.574'::double precision) AND (unix_time <= '1685451649.574'::double precision) AND st_dwithin(st_transform(the_geom, 25833), '0101000020E964000075C0F1C259E323413F5132D43F0B5741'::geometry, '300'::double precision))
                           Rows Removed by Filter: 3232
   ->  Subquery Scan on "*SELECT* 1782"  (cost=165745.69..165745.70 rows=1 width=76) (actual time=0.583..0.584 rows=1 loops=1)
         ->  Limit  (cost=165745.69..165745.69 rows=1 width=84) (actual time=0.580..0.581 rows=1 loops=1)
               ->  Sort  (cost=165745.69..165745.69 rows=1 width=84) (actual time=0.578..0.579 rows=1 loops=1)
                     Sort Key: (st_distance(st_transform(s_1781.the_geom, 25833), '0101000020E9640000267BC87461E32341202615073F0B5741'::geometry))
                     Sort Method: top-N heapsort  Memory: 25kB
                     ->  Seq Scan on phoml_trajectory_tmp s_1781  (cost=0.00..165745.68 rows=1 width=84) (actual time=0.038..0.514 rows=424 loops=1)
                           Filter: ((unix_time >= '1685451589.954'::double precision) AND (unix_time <= '1685451649.954'::double precision) AND st_dwithin(st_transform(the_geom, 25833), '0101000020E9640000267BC87461E32341202615073F0B5741'::geometry, '300'::double precision))
                           Rows Removed by Filter: 3236
   ->  Subquery Scan on "*SELECT* 1783"  (cost=165745.69..165745.70 rows=1 width=76) (actual time=0.590..0.592 rows=1 loops=1)
         ->  Limit  (cost=165745.69..165745.69 rows=1 width=84) (actual time=0.587..0.588 rows=1 loops=1)
               ->  Sort  (cost=165745.69..165745.69 rows=1 width=84) (actual time=0.585..0.586 rows=1 loops=1)
                     Sort Key: (st_distance(st_transform(s_1782.the_geom, 25833), '0101000020E9640000E32E22C868E32341432777403E0B5741'::geometry))
                     Sort Method: top-N heapsort  Memory: 25kB
                     ->  Seq Scan on phoml_trajectory_tmp s_1782  (cost=0.00..165745.68 rows=1 width=84) (actual time=0.038..0.522 rows=420 loops=1)
                           Filter: ((unix_time >= '1685451590.332'::double precision) AND (unix_time <= '1685451650.332'::double precision) AND st_dwithin(st_transform(the_geom, 25833), '0101000020E9640000E32E22C868E32341432777403E0B5741'::geometry, '300'::double precision))
                           Rows Removed by Filter: 3240
   ->  Subquery Scan on "*SELECT* 1784"  (cost=165745.69..165745.70 rows=1 width=76) (actual time=0.588..0.589 rows=1 loops=1)
         ->  Limit  (cost=165745.69..165745.69 rows=1 width=84) (actual time=0.585..0.586 rows=1 loops=1)
               ->  Sort  (cost=165745.69..165745.69 rows=1 width=84) (actual time=0.583..0.584 rows=1 loops=1)
                     Sort Key: (st_distance(st_transform(s_1783.the_geom, 25833), '0101000020E96400005B38DC7170E32341B80F386C3D0B5741'::geometry))
                     Sort Method: top-N heapsort  Memory: 25kB
                     ->  Seq Scan on phoml_trajectory_tmp s_1783  (cost=0.00..165745.68 rows=1 width=84) (actual time=0.040..0.519 rows=416 loops=1)
                           Filter: ((unix_time >= '1685451590.722'::double precision) AND (unix_time <= '1685451650.722'::double precision) AND st_dwithin(st_transform(the_geom, 25833), '0101000020E96400005B38DC7170E32341B80F386C3D0B5741'::geometry, '300'::double precision))
                           Rows Removed by Filter: 3244
   ->  Subquery Scan on "*SELECT* 1785"  (cost=165745.69..165745.70 rows=1 width=76) (actual time=0.573..0.575 rows=1 loops=1)
         ->  Limit  (cost=165745.69..165745.69 rows=1 width=84) (actual time=0.571..0.572 rows=1 loops=1)
               ->  Sort  (cost=165745.69..165745.69 rows=1 width=84) (actual time=0.569..0.570 rows=1 loops=1)
                     Sort Key: (st_distance(st_transform(s_1784.the_geom, 25833), '0101000020E964000036FA1BF577E323411A684C9F3C0B5741'::geometry))
                     Sort Method: top-N heapsort  Memory: 25kB
                     ->  Seq Scan on phoml_trajectory_tmp s_1784  (cost=0.00..165745.68 rows=1 width=84) (actual time=0.040..0.505 rows=412 loops=1)
                           Filter: ((unix_time >= '1685451591.102'::double precision) AND (unix_time <= '1685451651.102'::double precision) AND st_dwithin(st_transform(the_geom, 25833), '0101000020E964000036FA1BF577E323411A684C9F3C0B5741'::geometry, '300'::double precision))
                           Rows Removed by Filter: 3248
   ->  Subquery Scan on "*SELECT* 1786"  (cost=165745.69..165745.70 rows=1 width=76) (actual time=0.578..0.579 rows=1 loops=1)
         ->  Limit  (cost=165745.69..165745.69 rows=1 width=84) (actual time=0.574..0.575 rows=1 loops=1)
               ->  Sort  (cost=165745.69..165745.69 rows=1 width=84) (actual time=0.572..0.572 rows=1 loops=1)
                     Sort Key: (st_distance(st_transform(s_1785.the_geom, 25833), '0101000020E964000015C9281980E32341E1494CCA3B0B5741'::geometry))
                     Sort Method: top-N heapsort  Memory: 25kB
                     ->  Seq Scan on phoml_trajectory_tmp s_1785  (cost=0.00..165745.68 rows=1 width=84) (actual time=0.037..0.509 rows=412 loops=1)
                           Filter: ((unix_time >= '1685451591.493'::double precision) AND (unix_time <= '1685451651.493'::double precision) AND st_dwithin(st_transform(the_geom, 25833), '0101000020E964000015C9281980E32341E1494CCA3B0B5741'::geometry, '300'::double precision))
                           Rows Removed by Filter: 3248
   ->  Subquery Scan on "*SELECT* 1787"  (cost=165745.69..165745.70 rows=1 width=76) (actual time=0.565..0.566 rows=1 loops=1)
         ->  Limit  (cost=165745.69..165745.69 rows=1 width=84) (actual time=0.563..0.564 rows=1 loops=1)
               ->  Sort  (cost=165745.69..165745.69 rows=1 width=84) (actual time=0.560..0.561 rows=1 loops=1)
                     Sort Key: (st_distance(st_transform(s_1786.the_geom, 25833), '0101000020E9640000E592CCE487E32341FABE7AFA3A0B5741'::geometry))
                     Sort Method: top-N heapsort  Memory: 25kB
                     ->  Seq Scan on phoml_trajectory_tmp s_1786  (cost=0.00..165745.68 rows=1 width=84) (actual time=0.039..0.498 rows=408 loops=1)
                           Filter: ((unix_time >= '1685451591.873'::double precision) AND (unix_time <= '1685451651.873'::double precision) AND st_dwithin(st_transform(the_geom, 25833), '0101000020E9640000E592CCE487E32341FABE7AFA3A0B5741'::geometry, '300'::double precision))
                           Rows Removed by Filter: 3252
   ->  Subquery Scan on "*SELECT* 1788"  (cost=165745.69..165745.70 rows=1 width=76) (actual time=0.577..0.578 rows=1 loops=1)
         ->  Limit  (cost=165745.69..165745.69 rows=1 width=84) (actual time=0.573..0.574 rows=1 loops=1)
               ->  Sort  (cost=165745.69..165745.69 rows=1 width=84) (actual time=0.572..0.572 rows=1 loops=1)
                     Sort Key: (st_distance(st_transform(s_1787.the_geom, 25833), '0101000020E96400002F0E65CC8FE32341F41366333A0B5741'::geometry))
                     Sort Method: top-N heapsort  Memory: 25kB
                     ->  Seq Scan on phoml_trajectory_tmp s_1787  (cost=0.00..165745.68 rows=1 width=84) (actual time=0.037..0.510 rows=404 loops=1)
                           Filter: ((unix_time >= '1685451592.259'::double precision) AND (unix_time <= '1685451652.259'::double precision) AND st_dwithin(st_transform(the_geom, 25833), '0101000020E96400002F0E65CC8FE32341F41366333A0B5741'::geometry, '300'::double precision))
                           Rows Removed by Filter: 3256
   ->  Subquery Scan on "*SELECT* 1789"  (cost=165745.69..165745.70 rows=1 width=76) (actual time=0.581..0.582 rows=1 loops=1)
         ->  Limit  (cost=165745.69..165745.69 rows=1 width=84) (actual time=0.576..0.577 rows=1 loops=1)
               ->  Sort  (cost=165745.69..165745.69 rows=1 width=84) (actual time=0.574..0.575 rows=1 loops=1)
                     Sort Key: (st_distance(st_transform(s_1788.the_geom, 25833), '0101000020E964000048AF23E597E323415C018D5F390B5741'::geometry))
                     Sort Method: top-N heapsort  Memory: 25kB
                     ->  Seq Scan on phoml_trajectory_tmp s_1788  (cost=0.00..165745.68 rows=1 width=84) (actual time=0.040..0.512 rows=400 loops=1)
                           Filter: ((unix_time >= '1685451592.659'::double precision) AND (unix_time <= '1685451652.659'::double precision) AND st_dwithin(st_transform(the_geom, 25833), '0101000020E964000048AF23E597E323415C018D5F390B5741'::geometry, '300'::double precision))
                           Rows Removed by Filter: 3260
   ->  Subquery Scan on "*SELECT* 1790"  (cost=165745.69..165745.70 rows=1 width=76) (actual time=0.557..0.558 rows=1 loops=1)
         ->  Limit  (cost=165745.69..165745.69 rows=1 width=84) (actual time=0.554..0.555 rows=1 loops=1)
               ->  Sort  (cost=165745.69..165745.69 rows=1 width=84) (actual time=0.552..0.553 rows=1 loops=1)
                     Sort Key: (st_distance(st_transform(s_1789.the_geom, 25833), '0101000020E9640000CE6978B49FE32341444F859A380B5741'::geometry))
                     Sort Method: top-N heapsort  Memory: 25kB
                     ->  Seq Scan on phoml_trajectory_tmp s_1789  (cost=0.00..165745.68 rows=1 width=84) (actual time=0.038..0.491 rows=396 loops=1)
                           Filter: ((unix_time >= '1685451593.049'::double precision) AND (unix_time <= '1685451653.049'::double precision) AND st_dwithin(st_transform(the_geom, 25833), '0101000020E9640000CE6978B49FE32341444F859A380B5741'::geometry, '300'::double precision))
                           Rows Removed by Filter: 3264
   ->  Subquery Scan on "*SELECT* 1791"  (cost=165745.69..165745.70 rows=1 width=76) (actual time=0.564..0.565 rows=1 loops=1)
         ->  Limit  (cost=165745.69..165745.69 rows=1 width=84) (actual time=0.560..0.561 rows=1 loops=1)
               ->  Sort  (cost=165745.69..165745.69 rows=1 width=84) (actual time=0.558..0.559 rows=1 loops=1)
                     Sort Key: (st_distance(st_transform(s_1790.the_geom, 25833), '0101000020E96400003CE41216A8E323413B36F6CC370B5741'::geometry))
                     Sort Method: top-N heapsort  Memory: 25kB
                     ->  Seq Scan on phoml_trajectory_tmp s_1790  (cost=0.00..165745.68 rows=1 width=84) (actual time=0.038..0.499 rows=392 loops=1)
                           Filter: ((unix_time >= '1685451593.457'::double precision) AND (unix_time <= '1685451653.457'::double precision) AND st_dwithin(st_transform(the_geom, 25833), '0101000020E96400003CE41216A8E323413B36F6CC370B5741'::geometry, '300'::double precision))
                           Rows Removed by Filter: 3268
   ->  Subquery Scan on "*SELECT* 1792"  (cost=165745.69..165745.70 rows=1 width=76) (actual time=0.547..0.548 rows=1 loops=1)
         ->  Limit  (cost=165745.69..165745.69 rows=1 width=84) (actual time=0.544..0.545 rows=1 loops=1)
               ->  Sort  (cost=165745.69..165745.69 rows=1 width=84) (actual time=0.542..0.542 rows=1 loops=1)
                     Sort Key: (st_distance(st_transform(s_1791.the_geom, 25833), '0101000020E9640000B89A4BFFAFE3234105F28802370B5741'::geometry))
                     Sort Method: top-N heapsort  Memory: 25kB
                     ->  Seq Scan on phoml_trajectory_tmp s_1791  (cost=0.00..165745.68 rows=1 width=84) (actual time=0.039..0.483 rows=388 loops=1)
                           Filter: ((unix_time >= '1685451593.867'::double precision) AND (unix_time <= '1685451653.867'::double precision) AND st_dwithin(st_transform(the_geom, 25833), '0101000020E9640000B89A4BFFAFE3234105F28802370B5741'::geometry, '300'::double precision))
                           Rows Removed by Filter: 3272
   ->  Subquery Scan on "*SELECT* 1793"  (cost=165745.69..165745.70 rows=1 width=76) (actual time=0.556..0.557 rows=1 loops=1)
         ->  Limit  (cost=165745.69..165745.69 rows=1 width=84) (actual time=0.553..0.553 rows=1 loops=1)
               ->  Sort  (cost=165745.69..165745.69 rows=1 width=84) (actual time=0.550..0.551 rows=1 loops=1)
                     Sort Key: (st_distance(st_transform(s_1792.the_geom, 25833), '0101000020E9640000D0CF799CB7E323417ECAD53A360B5741'::geometry))
                     Sort Method: top-N heapsort  Memory: 25kB
                     ->  Seq Scan on phoml_trajectory_tmp s_1792  (cost=0.00..165745.68 rows=1 width=84) (actual time=0.038..0.484 rows=388 loops=1)
                           Filter: ((unix_time >= '1685451594.283'::double precision) AND (unix_time <= '1685451654.283'::double precision) AND st_dwithin(st_transform(the_geom, 25833), '0101000020E9640000D0CF799CB7E323417ECAD53A360B5741'::geometry, '300'::double precision))
                           Rows Removed by Filter: 3272
   ->  Subquery Scan on "*SELECT* 1794"  (cost=165745.69..165745.70 rows=1 width=76) (actual time=0.549..0.550 rows=1 loops=1)
         ->  Limit  (cost=165745.69..165745.69 rows=1 width=84) (actual time=0.547..0.547 rows=1 loops=1)
               ->  Sort  (cost=165745.69..165745.69 rows=1 width=84) (actual time=0.545..0.545 rows=1 loops=1)
                     Sort Key: (st_distance(st_transform(s_1793.the_geom, 25833), '0101000020E96400002BA27420BFE323418EFFCE6D350B5741'::geometry))
                     Sort Method: top-N heapsort  Memory: 25kB
                     ->  Seq Scan on phoml_trajectory_tmp s_1793  (cost=0.00..165745.68 rows=1 width=84) (actual time=0.040..0.484 rows=384 loops=1)
                           Filter: ((unix_time >= '1685451594.713'::double precision) AND (unix_time <= '1685451654.713'::double precision) AND st_dwithin(st_transform(the_geom, 25833), '0101000020E96400002BA27420BFE323418EFFCE6D350B5741'::geometry, '300'::double precision))
                           Rows Removed by Filter: 3276
   ->  Subquery Scan on "*SELECT* 1795"  (cost=165745.69..165745.70 rows=1 width=76) (actual time=0.542..0.543 rows=1 loops=1)
         ->  Limit  (cost=165745.69..165745.69 rows=1 width=84) (actual time=0.537..0.538 rows=1 loops=1)
               ->  Sort  (cost=165745.69..165745.69 rows=1 width=84) (actual time=0.535..0.536 rows=1 loops=1)
                     Sort Key: (st_distance(st_transform(s_1794.the_geom, 25833), '0101000020E9640000824BF400C6E32341C89840A3340B5741'::geometry))
                     Sort Method: top-N heapsort  Memory: 25kB
                     ->  Seq Scan on phoml_trajectory_tmp s_1794  (cost=0.00..165745.68 rows=1 width=84) (actual time=0.037..0.469 rows=380 loops=1)
                           Filter: ((unix_time >= '1685451595.15'::double precision) AND (unix_time <= '1685451655.15'::double precision) AND st_dwithin(st_transform(the_geom, 25833), '0101000020E9640000824BF400C6E32341C89840A3340B5741'::geometry, '300'::double precision))
                           Rows Removed by Filter: 3280
   ->  Subquery Scan on "*SELECT* 1796"  (cost=165745.69..165745.70 rows=1 width=76) (actual time=0.524..0.525 rows=1 loops=1)
         ->  Limit  (cost=165745.69..165745.69 rows=1 width=84) (actual time=0.522..0.523 rows=1 loops=1)
               ->  Sort  (cost=165745.69..165745.69 rows=1 width=84) (actual time=0.520..0.521 rows=1 loops=1)
                     Sort Key: (st_distance(st_transform(s_1795.the_geom, 25833), '0101000020E964000098750CA9CBE323419F4EC9DD330B5741'::geometry))
                     Sort Method: top-N heapsort  Memory: 25kB
                     ->  Seq Scan on phoml_trajectory_tmp s_1795  (cost=0.00..165745.68 rows=1 width=84) (actual time=0.038..0.463 rows=376 loops=1)
                           Filter: ((unix_time >= '1685451595.59'::double precision) AND (unix_time <= '1685451655.59'::double precision) AND st_dwithin(st_transform(the_geom, 25833), '0101000020E964000098750CA9CBE323419F4EC9DD330B5741'::geometry, '300'::double precision))
                           Rows Removed by Filter: 3284
   ->  Subquery Scan on "*SELECT* 1797"  (cost=165745.69..165745.70 rows=1 width=76) (actual time=0.538..0.540 rows=1 loops=1)
         ->  Limit  (cost=165745.69..165745.69 rows=1 width=84) (actual time=0.536..0.537 rows=1 loops=1)
               ->  Sort  (cost=165745.69..165745.69 rows=1 width=84) (actual time=0.534..0.534 rows=1 loops=1)
                     Sort Key: (st_distance(st_transform(s_1796.the_geom, 25833), '0101000020E9640000F1887E83CFE323414B0E051F330B5741'::geometry))
                     Sort Method: top-N heapsort  Memory: 25kB
                     ->  Seq Scan on phoml_trajectory_tmp s_1796  (cost=0.00..165745.68 rows=1 width=84) (actual time=0.052..0.478 rows=372 loops=1)
                           Filter: ((unix_time >= '1685451596.05'::double precision) AND (unix_time <= '1685451656.05'::double precision) AND st_dwithin(st_transform(the_geom, 25833), '0101000020E9640000F1887E83CFE323414B0E051F330B5741'::geometry, '300'::double precision))
                           Rows Removed by Filter: 3288
   ->  Subquery Scan on "*SELECT* 1798"  (cost=165745.69..165745.70 rows=1 width=76) (actual time=0.536..0.538 rows=1 loops=1)
         ->  Limit  (cost=165745.69..165745.69 rows=1 width=84) (actual time=0.533..0.534 rows=1 loops=1)
               ->  Sort  (cost=165745.69..165745.69 rows=1 width=84) (actual time=0.531..0.531 rows=1 loops=1)
                     Sort Key: (st_distance(st_transform(s_1797.the_geom, 25833), '0101000020E9640000AAB62FA1D2E3234165974856320B5741'::geometry))
                     Sort Method: top-N heapsort  Memory: 25kB
                     ->  Seq Scan on phoml_trajectory_tmp s_1797  (cost=0.00..165745.68 rows=1 width=84) (actual time=0.036..0.467 rows=372 loops=1)
                           Filter: ((unix_time >= '1685451596.54'::double precision) AND (unix_time <= '1685451656.54'::double precision) AND st_dwithin(st_transform(the_geom, 25833), '0101000020E9640000AAB62FA1D2E3234165974856320B5741'::geometry, '300'::double precision))
                           Rows Removed by Filter: 3288
   ->  Subquery Scan on "*SELECT* 1799"  (cost=165745.69..165745.70 rows=1 width=76) (actual time=0.523..0.524 rows=1 loops=1)
         ->  Limit  (cost=165745.69..165745.69 rows=1 width=84) (actual time=0.520..0.521 rows=1 loops=1)
               ->  Sort  (cost=165745.69..165745.69 rows=1 width=84) (actual time=0.518..0.519 rows=1 loops=1)
                     Sort Key: (st_distance(st_transform(s_1798.the_geom, 25833), '0101000020E9640000DBC508E7D3E32341718F809A310B5741'::geometry))
                     Sort Method: top-N heapsort  Memory: 25kB
                     ->  Seq Scan on phoml_trajectory_tmp s_1798  (cost=0.00..165745.68 rows=1 width=84) (actual time=0.037..0.462 rows=368 loops=1)
                           Filter: ((unix_time >= '1685451597.05'::double precision) AND (unix_time <= '1685451657.05'::double precision) AND st_dwithin(st_transform(the_geom, 25833), '0101000020E9640000DBC508E7D3E32341718F809A310B5741'::geometry, '300'::double precision))
                           Rows Removed by Filter: 3292
   ->  Subquery Scan on "*SELECT* 1800"  (cost=165745.69..165745.70 rows=1 width=76) (actual time=0.536..0.537 rows=1 loops=1)
         ->  Limit  (cost=165745.69..165745.69 rows=1 width=84) (actual time=0.532..0.533 rows=1 loops=1)
               ->  Sort  (cost=165745.69..165745.69 rows=1 width=84) (actual time=0.530..0.531 rows=1 loops=1)
                     Sort Key: (st_distance(st_transform(s_1799.the_geom, 25833), '0101000020E9640000DB6352B3D2E323418D47A5F5300B5741'::geometry))
                     Sort Method: top-N heapsort  Memory: 25kB
                     ->  Seq Scan on phoml_trajectory_tmp s_1799  (cost=0.00..165745.68 rows=1 width=84) (actual time=0.038..0.473 rows=364 loops=1)
                           Filter: ((unix_time >= '1685451597.586'::double precision) AND (unix_time <= '1685451657.586'::double precision) AND st_dwithin(st_transform(the_geom, 25833), '0101000020E9640000DB6352B3D2E323418D47A5F5300B5741'::geometry, '300'::double precision))
                           Rows Removed by Filter: 3296
   ->  Subquery Scan on "*SELECT* 1801"  (cost=165745.69..165745.70 rows=1 width=76) (actual time=0.516..0.517 rows=1 loops=1)
         ->  Limit  (cost=165745.69..165745.69 rows=1 width=84) (actual time=0.513..0.514 rows=1 loops=1)
               ->  Sort  (cost=165745.69..165745.69 rows=1 width=84) (actual time=0.511..0.512 rows=1 loops=1)
                     Sort Key: (st_distance(st_transform(s_1800.the_geom, 25833), '0101000020E964000061F9E7EDCFE323414A972966300B5741'::geometry))
                     Sort Method: top-N heapsort  Memory: 25kB
                     ->  Seq Scan on phoml_trajectory_tmp s_1800  (cost=0.00..165745.68 rows=1 width=84) (actual time=0.037..0.455 rows=364 loops=1)
                           Filter: ((unix_time >= '1685451598.115'::double precision) AND (unix_time <= '1685451658.115'::double precision) AND st_dwithin(st_transform(the_geom, 25833), '0101000020E964000061F9E7EDCFE323414A972966300B5741'::geometry, '300'::double precision))
                           Rows Removed by Filter: 3296
   ->  Subquery Scan on "*SELECT* 1802"  (cost=165745.69..165745.70 rows=1 width=76) (actual time=0.521..0.522 rows=1 loops=1)
         ->  Limit  (cost=165745.69..165745.69 rows=1 width=84) (actual time=0.517..0.518 rows=1 loops=1)
               ->  Sort  (cost=165745.69..165745.69 rows=1 width=84) (actual time=0.515..0.516 rows=1 loops=1)
                     Sort Key: (st_distance(st_transform(s_1801.the_geom, 25833), '0101000020E964000054C0A949CDE3234130E603D92F0B5741'::geometry))
                     Sort Method: top-N heapsort  Memory: 25kB
                     ->  Seq Scan on phoml_trajectory_tmp s_1801  (cost=0.00..165745.68 rows=1 width=84) (actual time=0.035..0.454 rows=364 loops=1)
                           Filter: ((unix_time >= '1685451598.65'::double precision) AND (unix_time <= '1685451658.65'::double precision) AND st_dwithin(st_transform(the_geom, 25833), '0101000020E964000054C0A949CDE3234130E603D92F0B5741'::geometry, '300'::double precision))
                           Rows Removed by Filter: 3296
   ->  Subquery Scan on "*SELECT* 1803"  (cost=165745.69..165745.70 rows=1 width=76) (actual time=0.520..0.521 rows=1 loops=1)
         ->  Limit  (cost=165745.69..165745.69 rows=1 width=84) (actual time=0.518..0.518 rows=1 loops=1)
               ->  Sort  (cost=165745.69..165745.69 rows=1 width=84) (actual time=0.515..0.516 rows=1 loops=1)
                     Sort Key: (st_distance(st_transform(s_1802.the_geom, 25833), '0101000020E96400004999F88FCBE3234126EBC8232F0B5741'::geometry))
                     Sort Method: top-N heapsort  Memory: 25kB
                     ->  Seq Scan on phoml_trajectory_tmp s_1802  (cost=0.00..165745.68 rows=1 width=84) (actual time=0.040..0.460 rows=360 loops=1)
                           Filter: ((unix_time >= '1685451599.193'::double precision) AND (unix_time <= '1685451659.193'::double precision) AND st_dwithin(st_transform(the_geom, 25833), '0101000020E96400004999F88FCBE3234126EBC8232F0B5741'::geometry, '300'::double precision))
                           Rows Removed by Filter: 3300
   ->  Subquery Scan on "*SELECT* 1804"  (cost=165745.69..165745.70 rows=1 width=76) (actual time=0.524..0.525 rows=1 loops=1)
         ->  Limit  (cost=165745.69..165745.69 rows=1 width=84) (actual time=0.520..0.521 rows=1 loops=1)
               ->  Sort  (cost=165745.69..165745.69 rows=1 width=84) (actual time=0.518..0.518 rows=1 loops=1)
                     Sort Key: (st_distance(st_transform(s_1803.the_geom, 25833), '0101000020E96400005AD6337CCCE32341F490BC032E0B5741'::geometry))
                     Sort Method: top-N heapsort  Memory: 25kB
                     ->  Seq Scan on phoml_trajectory_tmp s_1803  (cost=0.00..165745.68 rows=1 width=84) (actual time=0.041..0.462 rows=356 loops=1)
                           Filter: ((unix_time >= '1685451599.778'::double precision) AND (unix_time <= '1685451659.778'::double precision) AND st_dwithin(st_transform(the_geom, 25833), '0101000020E96400005AD6337CCCE32341F490BC032E0B5741'::geometry, '300'::double precision))
                           Rows Removed by Filter: 3304
   ->  Subquery Scan on "*SELECT* 1805"  (cost=165745.69..165745.70 rows=1 width=76) (actual time=0.509..0.510 rows=1 loops=1)
         ->  Limit  (cost=165745.69..165745.69 rows=1 width=84) (actual time=0.507..0.507 rows=1 loops=1)
               ->  Sort  (cost=165745.69..165745.69 rows=1 width=84) (actual time=0.505..0.505 rows=1 loops=1)
                     Sort Key: (st_distance(st_transform(s_1804.the_geom, 25833), '0101000020E9640000950B5D74CFE3234188ED10A62C0B5741'::geometry))
                     Sort Method: top-N heapsort  Memory: 25kB
                     ->  Seq Scan on phoml_trajectory_tmp s_1804  (cost=0.00..165745.68 rows=1 width=84) (actual time=0.048..0.449 rows=352 loops=1)
                           Filter: ((unix_time >= '1685451600.347'::double precision) AND (unix_time <= '1685451660.347'::double precision) AND st_dwithin(st_transform(the_geom, 25833), '0101000020E9640000950B5D74CFE3234188ED10A62C0B5741'::geometry, '300'::double precision))
                           Rows Removed by Filter: 3308
   ->  Subquery Scan on "*SELECT* 1806"  (cost=165745.69..165745.70 rows=1 width=76) (actual time=0.503..0.504 rows=1 loops=1)
         ->  Limit  (cost=165745.69..165745.69 rows=1 width=84) (actual time=0.499..0.500 rows=1 loops=1)
               ->  Sort  (cost=165745.69..165745.69 rows=1 width=84) (actual time=0.497..0.497 rows=1 loops=1)
                     Sort Key: (st_distance(st_transform(s_1805.the_geom, 25833), '0101000020E9640000946556E3D5E32341CB8B23F32A0B5741'::geometry))
                     Sort Method: top-N heapsort  Memory: 25kB
                     ->  Seq Scan on phoml_trajectory_tmp s_1805  (cost=0.00..165745.68 rows=1 width=84) (actual time=0.035..0.443 rows=348 loops=1)
                           Filter: ((unix_time >= '1685451600.931'::double precision) AND (unix_time <= '1685451660.931'::double precision) AND st_dwithin(st_transform(the_geom, 25833), '0101000020E9640000946556E3D5E32341CB8B23F32A0B5741'::geometry, '300'::double precision))
                           Rows Removed by Filter: 3312
   ->  Subquery Scan on "*SELECT* 1807"  (cost=165745.69..165745.70 rows=1 width=76) (actual time=0.491..0.492 rows=1 loops=1)
         ->  Limit  (cost=165745.69..165745.69 rows=1 width=84) (actual time=0.488..0.489 rows=1 loops=1)
               ->  Sort  (cost=165745.69..165745.69 rows=1 width=84) (actual time=0.486..0.487 rows=1 loops=1)
                     Sort Key: (st_distance(st_transform(s_1806.the_geom, 25833), '0101000020E9640000D598B43EE0E32341C9055418290B5741'::geometry))
                     Sort Method: top-N heapsort  Memory: 25kB
                     ->  Seq Scan on phoml_trajectory_tmp s_1806  (cost=0.00..165745.68 rows=1 width=84) (actual time=0.040..0.435 rows=340 loops=1)
                           Filter: ((unix_time >= '1685451601.532'::double precision) AND (unix_time <= '1685451661.532'::double precision) AND st_dwithin(st_transform(the_geom, 25833), '0101000020E9640000D598B43EE0E32341C9055418290B5741'::geometry, '300'::double precision))
                           Rows Removed by Filter: 3320
   ->  Subquery Scan on "*SELECT* 1808"  (cost=165745.69..165745.70 rows=1 width=76) (actual time=0.493..0.495 rows=1 loops=1)
         ->  Limit  (cost=165745.69..165745.69 rows=1 width=84) (actual time=0.489..0.490 rows=1 loops=1)
               ->  Sort  (cost=165745.69..165745.69 rows=1 width=84) (actual time=0.487..0.488 rows=1 loops=1)
                     Sort Key: (st_distance(st_transform(s_1807.the_geom, 25833), '0101000020E9640000EEF733CEEDE32341CCE8BD5D270B5741'::geometry))
                     Sort Method: top-N heapsort  Memory: 25kB
                     ->  Seq Scan on phoml_trajectory_tmp s_1807  (cost=0.00..165745.68 rows=1 width=84) (actual time=0.038..0.436 rows=332 loops=1)
                           Filter: ((unix_time >= '1685451602.118'::double precision) AND (unix_time <= '1685451662.118'::double precision) AND st_dwithin(st_transform(the_geom, 25833), '0101000020E9640000EEF733CEEDE32341CCE8BD5D270B5741'::geometry, '300'::double precision))
                           Rows Removed by Filter: 3328
   ->  Subquery Scan on "*SELECT* 1809"  (cost=165745.69..165745.70 rows=1 width=76) (actual time=0.473..0.474 rows=1 loops=1)
         ->  Limit  (cost=165745.69..165745.69 rows=1 width=84) (actual time=0.471..0.471 rows=1 loops=1)
               ->  Sort  (cost=165745.69..165745.69 rows=1 width=84) (actual time=0.468..0.469 rows=1 loops=1)
                     Sort Key: (st_distance(st_transform(s_1808.the_geom, 25833), '0101000020E9640000C61931F3FCE323410A4BE2E7250B5741'::geometry))
                     Sort Method: top-N heapsort  Memory: 25kB
                     ->  Seq Scan on phoml_trajectory_tmp s_1808  (cost=0.00..165745.68 rows=1 width=84) (actual time=0.036..0.419 rows=324 loops=1)
                           Filter: ((unix_time >= '1685451602.689'::double precision) AND (unix_time <= '1685451662.689'::double precision) AND st_dwithin(st_transform(the_geom, 25833), '0101000020E9640000C61931F3FCE323410A4BE2E7250B5741'::geometry, '300'::double precision))
                           Rows Removed by Filter: 3336
   ->  Subquery Scan on "*SELECT* 1810"  (cost=165745.69..165745.70 rows=1 width=76) (actual time=0.498..0.499 rows=1 loops=1)
         ->  Limit  (cost=165745.69..165745.69 rows=1 width=84) (actual time=0.493..0.494 rows=1 loops=1)
               ->  Sort  (cost=165745.69..165745.69 rows=1 width=84) (actual time=0.491..0.492 rows=1 loops=1)
                     Sort Key: (st_distance(st_transform(s_1809.the_geom, 25833), '0101000020E9640000D3C83EFD0BE42341D44D3ABF240B5741'::geometry))
                     Sort Method: top-N heapsort  Memory: 25kB
                     ->  Seq Scan on phoml_trajectory_tmp s_1809  (cost=0.00..165745.68 rows=1 width=84) (actual time=0.038..0.440 rows=316 loops=1)
                           Filter: ((unix_time >= '1685451603.244'::double precision) AND (unix_time <= '1685451663.244'::double precision) AND st_dwithin(st_transform(the_geom, 25833), '0101000020E9640000D3C83EFD0BE42341D44D3ABF240B5741'::geometry, '300'::double precision))
                           Rows Removed by Filter: 3344
   ->  Subquery Scan on "*SELECT* 1811"  (cost=165745.69..165745.70 rows=1 width=76) (actual time=0.464..0.465 rows=1 loops=1)
         ->  Limit  (cost=165745.69..165745.69 rows=1 width=84) (actual time=0.462..0.462 rows=1 loops=1)
               ->  Sort  (cost=165745.69..165745.69 rows=1 width=84) (actual time=0.459..0.460 rows=1 loops=1)
                     Sort Key: (st_distance(st_transform(s_1810.the_geom, 25833), '0101000020E9640000D9FB8A8217E423419CF321DE230B5741'::geometry))
                     Sort Method: top-N heapsort  Memory: 25kB
                     ->  Seq Scan on phoml_trajectory_tmp s_1810  (cost=0.00..165745.68 rows=1 width=84) (actual time=0.039..0.412 rows=312 loops=1)
                           Filter: ((unix_time >= '1685451603.768'::double precision) AND (unix_time <= '1685451663.768'::double precision) AND st_dwithin(st_transform(the_geom, 25833), '0101000020E9640000D9FB8A8217E423419CF321DE230B5741'::geometry, '300'::double precision))
                           Rows Removed by Filter: 3348
   ->  Subquery Scan on "*SELECT* 1812"  (cost=165745.69..165745.70 rows=1 width=76) (actual time=0.469..0.470 rows=1 loops=1)
         ->  Limit  (cost=165745.69..165745.69 rows=1 width=84) (actual time=0.466..0.466 rows=1 loops=1)
               ->  Sort  (cost=165745.69..165745.69 rows=1 width=84) (actual time=0.463..0.464 rows=1 loops=1)
                     Sort Key: (st_distance(st_transform(s_1811.the_geom, 25833), '0101000020E96400004EDD27041FE42341D8C1CC19230B5741'::geometry))
                     Sort Method: top-N heapsort  Memory: 25kB
                     ->  Seq Scan on phoml_trajectory_tmp s_1811  (cost=0.00..165745.68 rows=1 width=84) (actual time=0.038..0.415 rows=308 loops=1)
                           Filter: ((unix_time >= '1685451604.267'::double precision) AND (unix_time <= '1685451664.267'::double precision) AND st_dwithin(st_transform(the_geom, 25833), '0101000020E96400004EDD27041FE42341D8C1CC19230B5741'::geometry, '300'::double precision))
                           Rows Removed by Filter: 3352
   ->  Subquery Scan on "*SELECT* 1813"  (cost=165745.69..165745.70 rows=1 width=76) (actual time=0.453..0.454 rows=1 loops=1)
         ->  Limit  (cost=165745.69..165745.69 rows=1 width=84) (actual time=0.450..0.451 rows=1 loops=1)
               ->  Sort  (cost=165745.69..165745.69 rows=1 width=84) (actual time=0.448..0.448 rows=1 loops=1)
                     Sort Key: (st_distance(st_transform(s_1812.the_geom, 25833), '0101000020E964000061C20C6023E42341D9EF9F5D220B5741'::geometry))
                     Sort Method: top-N heapsort  Memory: 25kB
                     ->  Seq Scan on phoml_trajectory_tmp s_1812  (cost=0.00..165745.68 rows=1 width=84) (actual time=0.037..0.401 rows=304 loops=1)
                           Filter: ((unix_time >= '1685451604.764'::double precision) AND (unix_time <= '1685451664.764'::double precision) AND st_dwithin(st_transform(the_geom, 25833), '0101000020E964000061C20C6023E42341D9EF9F5D220B5741'::geometry, '300'::double precision))
                           Rows Removed by Filter: 3356
   ->  Subquery Scan on "*SELECT* 1814"  (cost=165745.69..165745.70 rows=1 width=76) (actual time=0.457..0.459 rows=1 loops=1)
         ->  Limit  (cost=165745.69..165745.69 rows=1 width=84) (actual time=0.454..0.455 rows=1 loops=1)
               ->  Sort  (cost=165745.69..165745.69 rows=1 width=84) (actual time=0.452..0.452 rows=1 loops=1)
                     Sort Key: (st_distance(st_transform(s_1813.the_geom, 25833), '0101000020E964000033DDABF226E42341C836E59C210B5741'::geometry))
                     Sort Method: top-N heapsort  Memory: 25kB
                     ->  Seq Scan on phoml_trajectory_tmp s_1813  (cost=0.00..165745.68 rows=1 width=84) (actual time=0.038..0.406 rows=300 loops=1)
                           Filter: ((unix_time >= '1685451605.247'::double precision) AND (unix_time <= '1685451665.247'::double precision) AND st_dwithin(st_transform(the_geom, 25833), '0101000020E964000033DDABF226E42341C836E59C210B5741'::geometry, '300'::double precision))
                           Rows Removed by Filter: 3360
   ->  Subquery Scan on "*SELECT* 1815"  (cost=165745.69..165745.70 rows=1 width=76) (actual time=0.448..0.450 rows=1 loops=1)
         ->  Limit  (cost=165745.69..165745.69 rows=1 width=84) (actual time=0.446..0.447 rows=1 loops=1)
               ->  Sort  (cost=165745.69..165745.69 rows=1 width=84) (actual time=0.444..0.444 rows=1 loops=1)
                     Sort Key: (st_distance(st_transform(s_1814.the_geom, 25833), '0101000020E96400004F87A6F52AE4234149ECDDD0200B5741'::geometry))
                     Sort Method: top-N heapsort  Memory: 25kB
                     ->  Seq Scan on phoml_trajectory_tmp s_1814  (cost=0.00..165745.68 rows=1 width=84) (actual time=0.037..0.397 rows=296 loops=1)
                           Filter: ((unix_time >= '1685451605.713'::double precision) AND (unix_time <= '1685451665.713'::double precision) AND st_dwithin(st_transform(the_geom, 25833), '0101000020E96400004F87A6F52AE4234149ECDDD0200B5741'::geometry, '300'::double precision))
                           Rows Removed by Filter: 3364
   ->  Subquery Scan on "*SELECT* 1816"  (cost=165745.69..165745.70 rows=1 width=76) (actual time=0.447..0.448 rows=1 loops=1)
         ->  Limit  (cost=165745.69..165745.69 rows=1 width=84) (actual time=0.444..0.445 rows=1 loops=1)
               ->  Sort  (cost=165745.69..165745.69 rows=1 width=84) (actual time=0.442..0.442 rows=1 loops=1)
                     Sort Key: (st_distance(st_transform(s_1815.the_geom, 25833), '0101000020E964000083FE777F30E42341C79256E91F0B5741'::geometry))
                     Sort Method: top-N heapsort  Memory: 25kB
                     ->  Seq Scan on phoml_trajectory_tmp s_1815  (cost=0.00..165745.68 rows=1 width=84) (actual time=0.037..0.395 rows=292 loops=1)
                           Filter: ((unix_time >= '1685451606.193'::double precision) AND (unix_time <= '1685451666.193'::double precision) AND st_dwithin(st_transform(the_geom, 25833), '0101000020E964000083FE777F30E42341C79256E91F0B5741'::geometry, '300'::double precision))
                           Rows Removed by Filter: 3368
   ->  Subquery Scan on "*SELECT* 1817"  (cost=165745.69..165745.70 rows=1 width=76) (actual time=0.439..0.440 rows=1 loops=1)
         ->  Limit  (cost=165745.69..165745.69 rows=1 width=84) (actual time=0.437..0.437 rows=1 loops=1)
               ->  Sort  (cost=165745.69..165745.69 rows=1 width=84) (actual time=0.435..0.435 rows=1 loops=1)
                     Sort Key: (st_distance(st_transform(s_1816.the_geom, 25833), '0101000020E9640000C65243F636E42341235244F71E0B5741'::geometry))
                     Sort Method: top-N heapsort  Memory: 25kB
                     ->  Seq Scan on phoml_trajectory_tmp s_1816  (cost=0.00..165745.68 rows=1 width=84) (actual time=0.040..0.391 rows=288 loops=1)
                           Filter: ((unix_time >= '1685451606.662'::double precision) AND (unix_time <= '1685451666.662'::double precision) AND st_dwithin(st_transform(the_geom, 25833), '0101000020E9640000C65243F636E42341235244F71E0B5741'::geometry, '300'::double precision))
                           Rows Removed by Filter: 3372
   ->  Subquery Scan on "*SELECT* 1818"  (cost=165745.69..165745.70 rows=1 width=76) (actual time=0.443..0.444 rows=1 loops=1)
         ->  Limit  (cost=165745.69..165745.69 rows=1 width=84) (actual time=0.439..0.440 rows=1 loops=1)
               ->  Sort  (cost=165745.69..165745.69 rows=1 width=84) (actual time=0.437..0.437 rows=1 loops=1)
                     Sort Key: (st_distance(st_transform(s_1817.the_geom, 25833), '0101000020E964000041B344B03DE42341DC32940B1E0B5741'::geometry))
                     Sort Method: top-N heapsort  Memory: 25kB
                     ->  Seq Scan on phoml_trajectory_tmp s_1817  (cost=0.00..165745.68 rows=1 width=84) (actual time=0.036..0.394 rows=284 loops=1)
                           Filter: ((unix_time >= '1685451607.13'::double precision) AND (unix_time <= '1685451667.13'::double precision) AND st_dwithin(st_transform(the_geom, 25833), '0101000020E964000041B344B03DE42341DC32940B1E0B5741'::geometry, '300'::double precision))
                           Rows Removed by Filter: 3376
   ->  Subquery Scan on "*SELECT* 1819"  (cost=165745.69..165745.70 rows=1 width=76) (actual time=0.424..0.425 rows=1 loops=1)
         ->  Limit  (cost=165745.69..165745.69 rows=1 width=84) (actual time=0.422..0.423 rows=1 loops=1)
               ->  Sort  (cost=165745.69..165745.69 rows=1 width=84) (actual time=0.420..0.420 rows=1 loops=1)
                     Sort Key: (st_distance(st_transform(s_1818.the_geom, 25833), '0101000020E964000017018D5F44E423419385C4171D0B5741'::geometry))
                     Sort Method: top-N heapsort  Memory: 25kB
                     ->  Seq Scan on phoml_trajectory_tmp s_1818  (cost=0.00..165745.68 rows=1 width=84) (actual time=0.037..0.375 rows=280 loops=1)
                           Filter: ((unix_time >= '1685451607.613'::double precision) AND (unix_time <= '1685451667.613'::double precision) AND st_dwithin(st_transform(the_geom, 25833), '0101000020E964000017018D5F44E423419385C4171D0B5741'::geometry, '300'::double precision))
                           Rows Removed by Filter: 3380
   ->  Subquery Scan on "*SELECT* 1820"  (cost=165745.69..165745.70 rows=1 width=76) (actual time=0.421..0.422 rows=1 loops=1)
         ->  Limit  (cost=165745.69..165745.69 rows=1 width=84) (actual time=0.419..0.419 rows=1 loops=1)
               ->  Sort  (cost=165745.69..165745.69 rows=1 width=84) (actual time=0.417..0.417 rows=1 loops=1)
                     Sort Key: (st_distance(st_transform(s_1819.the_geom, 25833), '0101000020E964000048B9143A4AE42341D3B2E02C1C0B5741'::geometry))
                     Sort Method: top-N heapsort  Memory: 25kB
                     ->  Seq Scan on phoml_trajectory_tmp s_1819  (cost=0.00..165745.68 rows=1 width=84) (actual time=0.038..0.374 rows=272 loops=1)
                           Filter: ((unix_time >= '1685451608.107'::double precision) AND (unix_time <= '1685451668.107'::double precision) AND st_dwithin(st_transform(the_geom, 25833), '0101000020E964000048B9143A4AE42341D3B2E02C1C0B5741'::geometry, '300'::double precision))
                           Rows Removed by Filter: 3388
   ->  Subquery Scan on "*SELECT* 1821"  (cost=165745.69..165745.70 rows=1 width=76) (actual time=0.424..0.425 rows=1 loops=1)
         ->  Limit  (cost=165745.69..165745.69 rows=1 width=84) (actual time=0.420..0.421 rows=1 loops=1)
               ->  Sort  (cost=165745.69..165745.69 rows=1 width=84) (actual time=0.418..0.418 rows=1 loops=1)
                     Sort Key: (st_distance(st_transform(s_1820.the_geom, 25833), '0101000020E9640000760A9B174DE423413A9DBC631B0B5741'::geometry))
                     Sort Method: top-N heapsort  Memory: 25kB
                     ->  Seq Scan on phoml_trajectory_tmp s_1820  (cost=0.00..165745.68 rows=1 width=84) (actual time=0.036..0.370 rows=272 loops=1)
                           Filter: ((unix_time >= '1685451608.588'::double precision) AND (unix_time <= '1685451668.588'::double precision) AND st_dwithin(st_transform(the_geom, 25833), '0101000020E9640000760A9B174DE423413A9DBC631B0B5741'::geometry, '300'::double precision))
                           Rows Removed by Filter: 3388
   ->  Subquery Scan on "*SELECT* 1822"  (cost=165745.69..165745.70 rows=1 width=76) (actual time=0.415..0.416 rows=1 loops=1)
         ->  Limit  (cost=165745.69..165745.69 rows=1 width=84) (actual time=0.412..0.413 rows=1 loops=1)
               ->  Sort  (cost=165745.69..165745.69 rows=1 width=84) (actual time=0.410..0.411 rows=1 loops=1)
                     Sort Key: (st_distance(st_transform(s_1821.the_geom, 25833), '0101000020E964000075D7FB414EE423411851AC961A0B5741'::geometry))
                     Sort Method: top-N heapsort  Memory: 25kB
                     ->  Seq Scan on phoml_trajectory_tmp s_1821  (cost=0.00..165745.68 rows=1 width=84) (actual time=0.037..0.368 rows=268 loops=1)
                           Filter: ((unix_time >= '1685451609.133'::double precision) AND (unix_time <= '1685451669.133'::double precision) AND st_dwithin(st_transform(the_geom, 25833), '0101000020E964000075D7FB414EE423411851AC961A0B5741'::geometry, '300'::double precision))
                           Rows Removed by Filter: 3392
   ->  Subquery Scan on "*SELECT* 1823"  (cost=165745.69..165745.70 rows=1 width=76) (actual time=0.418..0.419 rows=1 loops=1)
         ->  Limit  (cost=165745.69..165745.69 rows=1 width=84) (actual time=0.415..0.415 rows=1 loops=1)
               ->  Sort  (cost=165745.69..165745.69 rows=1 width=84) (actual time=0.413..0.413 rows=1 loops=1)
                     Sort Key: (st_distance(st_transform(s_1822.the_geom, 25833), '0101000020E96400003C41BA0E50E423417681D1BF190B5741'::geometry))
                     Sort Method: top-N heapsort  Memory: 25kB
                     ->  Seq Scan on phoml_trajectory_tmp s_1822  (cost=0.00..165745.68 rows=1 width=84) (actual time=0.036..0.372 rows=264 loops=1)
                           Filter: ((unix_time >= '1685451609.688'::double precision) AND (unix_time <= '1685451669.688'::double precision) AND st_dwithin(st_transform(the_geom, 25833), '0101000020E96400003C41BA0E50E423417681D1BF190B5741'::geometry, '300'::double precision))
                           Rows Removed by Filter: 3396
   ->  Subquery Scan on "*SELECT* 1824"  (cost=165745.69..165745.70 rows=1 width=76) (actual time=0.408..0.409 rows=1 loops=1)
         ->  Limit  (cost=165745.69..165745.69 rows=1 width=84) (actual time=0.406..0.407 rows=1 loops=1)
               ->  Sort  (cost=165745.69..165745.69 rows=1 width=84) (actual time=0.404..0.404 rows=1 loops=1)
                     Sort Key: (st_distance(st_transform(s_1823.the_geom, 25833), '0101000020E964000067D05D9652E42341F500ADD1180B5741'::geometry))
                     Sort Method: top-N heapsort  Memory: 25kB
                     ->  Seq Scan on phoml_trajectory_tmp s_1823  (cost=0.00..165745.68 rows=1 width=84) (actual time=0.040..0.363 rows=260 loops=1)
                           Filter: ((unix_time >= '1685451610.258'::double precision) AND (unix_time <= '1685451670.258'::double precision) AND st_dwithin(st_transform(the_geom, 25833), '0101000020E964000067D05D9652E42341F500ADD1180B5741'::geometry, '300'::double precision))
                           Rows Removed by Filter: 3400
   ->  Subquery Scan on "*SELECT* 1825"  (cost=165745.69..165745.70 rows=1 width=76) (actual time=0.410..0.412 rows=1 loops=1)
         ->  Limit  (cost=165745.69..165745.69 rows=1 width=84) (actual time=0.407..0.408 rows=1 loops=1)
               ->  Sort  (cost=165745.69..165745.69 rows=1 width=84) (actual time=0.404..0.405 rows=1 loops=1)
                     Sort Key: (st_distance(st_transform(s_1824.the_geom, 25833), '0101000020E964000042D9085356E423410933CDCD170B5741'::geometry))
                     Sort Method: top-N heapsort  Memory: 25kB
                     ->  Seq Scan on phoml_trajectory_tmp s_1824  (cost=0.00..165745.68 rows=1 width=84) (actual time=0.037..0.366 rows=256 loops=1)
                           Filter: ((unix_time >= '1685451610.847'::double precision) AND (unix_time <= '1685451670.847'::double precision) AND st_dwithin(st_transform(the_geom, 25833), '0101000020E964000042D9085356E423410933CDCD170B5741'::geometry, '300'::double precision))
                           Rows Removed by Filter: 3404
   ->  Subquery Scan on "*SELECT* 1826"  (cost=165745.69..165745.70 rows=1 width=76) (actual time=0.396..0.397 rows=1 loops=1)
         ->  Limit  (cost=165745.69..165745.69 rows=1 width=84) (actual time=0.395..0.395 rows=1 loops=1)
               ->  Sort  (cost=165745.69..165745.69 rows=1 width=84) (actual time=0.392..0.393 rows=1 loops=1)
                     Sort Key: (st_distance(st_transform(s_1825.the_geom, 25833), '0101000020E9640000C2B694515AE42341C076F3B2160B5741'::geometry))
                     Sort Method: top-N heapsort  Memory: 25kB
                     ->  Seq Scan on phoml_trajectory_tmp s_1825  (cost=0.00..165745.68 rows=1 width=84) (actual time=0.037..0.351 rows=252 loops=1)
                           Filter: ((unix_time >= '1685451611.5'::double precision) AND (unix_time <= '1685451671.5'::double precision) AND st_dwithin(st_transform(the_geom, 25833), '0101000020E9640000C2B694515AE42341C076F3B2160B5741'::geometry, '300'::double precision))
                           Rows Removed by Filter: 3408
   ->  Subquery Scan on "*SELECT* 1827"  (cost=165745.69..165745.70 rows=1 width=76) (actual time=0.382..0.383 rows=1 loops=1)
         ->  Limit  (cost=165745.69..165745.69 rows=1 width=84) (actual time=0.380..0.381 rows=1 loops=1)
               ->  Sort  (cost=165745.69..165745.69 rows=1 width=84) (actual time=0.378..0.378 rows=1 loops=1)
                     Sort Key: (st_distance(st_transform(s_1826.the_geom, 25833), '0101000020E9640000B6A194065EE42341DDDA20A6150B5741'::geometry))
                     Sort Method: top-N heapsort  Memory: 25kB
                     ->  Seq Scan on phoml_trajectory_tmp s_1826  (cost=0.00..165745.68 rows=1 width=84) (actual time=0.037..0.340 rows=248 loops=1)
                           Filter: ((unix_time >= '1685451612.173'::double precision) AND (unix_time <= '1685451672.173'::double precision) AND st_dwithin(st_transform(the_geom, 25833), '0101000020E9640000B6A194065EE42341DDDA20A6150B5741'::geometry, '300'::double precision))
                           Rows Removed by Filter: 3412
   ->  Subquery Scan on "*SELECT* 1828"  (cost=165745.69..165745.70 rows=1 width=76) (actual time=0.412..0.413 rows=1 loops=1)
         ->  Limit  (cost=165745.69..165745.69 rows=1 width=84) (actual time=0.407..0.408 rows=1 loops=1)
               ->  Sort  (cost=165745.69..165745.69 rows=1 width=84) (actual time=0.405..0.405 rows=1 loops=1)
                     Sort Key: (st_distance(st_transform(s_1827.the_geom, 25833), '0101000020E96400000B4DBDFB61E4234178343E90140B5741'::geometry))
                     Sort Method: top-N heapsort  Memory: 25kB
                     ->  Seq Scan on phoml_trajectory_tmp s_1827  (cost=0.00..165745.68 rows=1 width=84) (actual time=0.037..0.367 rows=244 loops=1)
                           Filter: ((unix_time >= '1685451612.943'::double precision) AND (unix_time <= '1685451672.943'::double precision) AND st_dwithin(st_transform(the_geom, 25833), '0101000020E96400000B4DBDFB61E4234178343E90140B5741'::geometry, '300'::double precision))
                           Rows Removed by Filter: 3416
   ->  Subquery Scan on "*SELECT* 1829"  (cost=165745.69..165745.70 rows=1 width=76) (actual time=0.380..0.381 rows=1 loops=1)
         ->  Limit  (cost=165745.69..165745.69 rows=1 width=84) (actual time=0.378..0.379 rows=1 loops=1)
               ->  Sort  (cost=165745.69..165745.69 rows=1 width=84) (actual time=0.376..0.376 rows=1 loops=1)
                     Sort Key: (st_distance(st_transform(s_1828.the_geom, 25833), '0101000020E9640000C868322266E42341F4F37F6D130B5741'::geometry))
                     Sort Method: top-N heapsort  Memory: 25kB
                     ->  Seq Scan on phoml_trajectory_tmp s_1828  (cost=0.00..165745.68 rows=1 width=84) (actual time=0.036..0.337 rows=240 loops=1)
                           Filter: ((unix_time >= '1685451613.816'::double precision) AND (unix_time <= '1685451673.816'::double precision) AND st_dwithin(st_transform(the_geom, 25833), '0101000020E9640000C868322266E42341F4F37F6D130B5741'::geometry, '300'::double precision))
                           Rows Removed by Filter: 3420
   ->  Subquery Scan on "*SELECT* 1830"  (cost=165745.69..165745.70 rows=1 width=76) (actual time=0.381..0.382 rows=1 loops=1)
         ->  Limit  (cost=165745.69..165745.69 rows=1 width=84) (actual time=0.377..0.378 rows=1 loops=1)
               ->  Sort  (cost=165745.69..165745.69 rows=1 width=84) (actual time=0.375..0.376 rows=1 loops=1)
                     Sort Key: (st_distance(st_transform(s_1829.the_geom, 25833), '0101000020E9640000E5FB9B146AE42341A508D353120B5741'::geometry))
                     Sort Method: top-N heapsort  Memory: 25kB
                     ->  Seq Scan on phoml_trajectory_tmp s_1829  (cost=0.00..165745.68 rows=1 width=84) (actual time=0.034..0.332 rows=236 loops=1)
                           Filter: ((unix_time >= '1685451614.827'::double precision) AND (unix_time <= '1685451674.827'::double precision) AND st_dwithin(st_transform(the_geom, 25833), '0101000020E9640000E5FB9B146AE42341A508D353120B5741'::geometry, '300'::double precision))
                           Rows Removed by Filter: 3424
   ->  Subquery Scan on "*SELECT* 1831"  (cost=165745.69..165745.70 rows=1 width=76) (actual time=0.325..0.325 rows=1 loops=1)
         ->  Limit  (cost=165745.69..165745.69 rows=1 width=84) (actual time=0.322..0.323 rows=1 loops=1)
               ->  Sort  (cost=165745.69..165745.69 rows=1 width=84) (actual time=0.320..0.320 rows=1 loops=1)
                     Sort Key: (st_distance(st_transform(s_1830.the_geom, 25833), '0101000020E96400005A4969743FDC2341EE49D17F200F5741'::geometry))
                     Sort Method: top-N heapsort  Memory: 25kB
                     ->  Seq Scan on phoml_trajectory_tmp s_1830  (cost=0.00..165745.68 rows=1 width=84) (actual time=0.011..0.290 rows=188 loops=1)
                           Filter: ((unix_time >= '1685451234.466'::double precision) AND (unix_time <= '1685451294.466'::double precision) AND st_dwithin(st_transform(the_geom, 25833), '0101000020E96400005A4969743FDC2341EE49D17F200F5741'::geometry, '300'::double precision))
                           Rows Removed by Filter: 3472
   ->  Subquery Scan on "*SELECT* 1832"  (cost=165745.69..165745.70 rows=1 width=76) (actual time=0.355..0.356 rows=1 loops=1)
         ->  Limit  (cost=165745.69..165745.69 rows=1 width=84) (actual time=0.352..0.353 rows=1 loops=1)
               ->  Sort  (cost=165745.69..165745.69 rows=1 width=84) (actual time=0.350..0.350 rows=1 loops=1)
                     Sort Key: (st_distance(st_transform(s_1831.the_geom, 25833), '0101000020E9640000299B201748DC2341D55C48B01F0F5741'::geometry))
                     Sort Method: top-N heapsort  Memory: 25kB
                     ->  Seq Scan on phoml_trajectory_tmp s_1831  (cost=0.00..165745.68 rows=1 width=84) (actual time=0.011..0.316 rows=216 loops=1)
                           Filter: ((unix_time >= '1685451237.592'::double precision) AND (unix_time <= '1685451297.592'::double precision) AND st_dwithin(st_transform(the_geom, 25833), '0101000020E9640000299B201748DC2341D55C48B01F0F5741'::geometry, '300'::double precision))
                           Rows Removed by Filter: 3444
   ->  Subquery Scan on "*SELECT* 1833"  (cost=165745.69..165745.70 rows=1 width=76) (actual time=0.383..0.384 rows=1 loops=1)
         ->  Limit  (cost=165745.69..165745.69 rows=1 width=84) (actual time=0.380..0.380 rows=1 loops=1)
               ->  Sort  (cost=165745.69..165745.69 rows=1 width=84) (actual time=0.377..0.378 rows=1 loops=1)
                     Sort Key: (st_distance(st_transform(s_1832.the_geom, 25833), '0101000020E9640000FA9BDC834CDC2341DE5A2D981E0F5741'::geometry))
                     Sort Method: top-N heapsort  Memory: 25kB
                     ->  Seq Scan on phoml_trajectory_tmp s_1832  (cost=0.00..165745.68 rows=1 width=84) (actual time=0.009..0.340 rows=232 loops=1)
                           Filter: ((unix_time >= '1685451239.425'::double precision) AND (unix_time <= '1685451299.425'::double precision) AND st_dwithin(st_transform(the_geom, 25833), '0101000020E9640000FA9BDC834CDC2341DE5A2D981E0F5741'::geometry, '300'::double precision))
                           Rows Removed by Filter: 3428
   ->  Subquery Scan on "*SELECT* 1834"  (cost=165745.69..165745.70 rows=1 width=76) (actual time=0.386..0.388 rows=1 loops=1)
         ->  Limit  (cost=165745.69..165745.69 rows=1 width=84) (actual time=0.384..0.385 rows=1 loops=1)
               ->  Sort  (cost=165745.69..165745.69 rows=1 width=84) (actual time=0.382..0.382 rows=1 loops=1)
                     Sort Key: (st_distance(st_transform(s_1833.the_geom, 25833), '0101000020E96400008518E0514ADC2341E30C051E1D0F5741'::geometry))
                     Sort Method: top-N heapsort  Memory: 25kB
                     ->  Seq Scan on phoml_trajectory_tmp s_1833  (cost=0.00..165745.68 rows=1 width=84) (actual time=0.012..0.344 rows=244 loops=1)
                           Filter: ((unix_time >= '1685451240.801'::double precision) AND (unix_time <= '1685451300.801'::double precision) AND st_dwithin(st_transform(the_geom, 25833), '0101000020E96400008518E0514ADC2341E30C051E1D0F5741'::geometry, '300'::double precision))
                           Rows Removed by Filter: 3416
   ->  Subquery Scan on "*SELECT* 1835"  (cost=165745.69..165745.70 rows=1 width=76) (actual time=0.391..0.392 rows=1 loops=1)
         ->  Limit  (cost=165745.69..165745.69 rows=1 width=84) (actual time=0.389..0.390 rows=1 loops=1)
               ->  Sort  (cost=165745.69..165745.69 rows=1 width=84) (actual time=0.387..0.387 rows=1 loops=1)
                     Sort Key: (st_distance(st_transform(s_1834.the_geom, 25833), '0101000020E96400006B0079F540DC234170EF536F1B0F5741'::geometry))
                     Sort Method: top-N heapsort  Memory: 25kB
                     ->  Seq Scan on phoml_trajectory_tmp s_1834  (cost=0.00..165745.68 rows=1 width=84) (actual time=0.010..0.347 rows=256 loops=1)
                           Filter: ((unix_time >= '1685451241.935'::double precision) AND (unix_time <= '1685451301.935'::double precision) AND st_dwithin(st_transform(the_geom, 25833), '0101000020E96400006B0079F540DC234170EF536F1B0F5741'::geometry, '300'::double precision))
                           Rows Removed by Filter: 3404
   ->  Subquery Scan on "*SELECT* 1836"  (cost=165745.69..165745.70 rows=1 width=76) (actual time=0.419..0.420 rows=1 loops=1)
         ->  Limit  (cost=165745.69..165745.69 rows=1 width=84) (actual time=0.414..0.415 rows=1 loops=1)
               ->  Sort  (cost=165745.69..165745.69 rows=1 width=84) (actual time=0.412..0.413 rows=1 loops=1)
                     Sort Key: (st_distance(st_transform(s_1835.the_geom, 25833), '0101000020E9640000DC86517A36DC234154B285FB190F5741'::geometry))
                     Sort Method: top-N heapsort  Memory: 25kB
                     ->  Seq Scan on phoml_trajectory_tmp s_1835  (cost=0.00..165745.68 rows=1 width=84) (actual time=0.011..0.370 rows=264 loops=1)
                           Filter: ((unix_time >= '1685451242.931'::double precision) AND (unix_time <= '1685451302.931'::double precision) AND st_dwithin(st_transform(the_geom, 25833), '0101000020E9640000DC86517A36DC234154B285FB190F5741'::geometry, '300'::double precision))
                           Rows Removed by Filter: 3396
   ->  Subquery Scan on "*SELECT* 1837"  (cost=165745.69..165745.70 rows=1 width=76) (actual time=0.413..0.414 rows=1 loops=1)
         ->  Limit  (cost=165745.69..165745.69 rows=1 width=84) (actual time=0.410..0.411 rows=1 loops=1)
               ->  Sort  (cost=165745.69..165745.69 rows=1 width=84) (actual time=0.408..0.408 rows=1 loops=1)
                     Sort Key: (st_distance(st_transform(s_1836.the_geom, 25833), '0101000020E964000049896CA02DDC23413985C9B7180F5741'::geometry))
                     Sort Method: top-N heapsort  Memory: 25kB
                     ->  Seq Scan on phoml_trajectory_tmp s_1836  (cost=0.00..165745.68 rows=1 width=84) (actual time=0.013..0.365 rows=272 loops=1)
                           Filter: ((unix_time >= '1685451243.824'::double precision) AND (unix_time <= '1685451303.824'::double precision) AND st_dwithin(st_transform(the_geom, 25833), '0101000020E964000049896CA02DDC23413985C9B7180F5741'::geometry, '300'::double precision))
                           Rows Removed by Filter: 3388
   ->  Subquery Scan on "*SELECT* 1838"  (cost=165745.69..165745.70 rows=1 width=76) (actual time=0.434..0.435 rows=1 loops=1)
         ->  Limit  (cost=165745.69..165745.69 rows=1 width=84) (actual time=0.431..0.431 rows=1 loops=1)
               ->  Sort  (cost=165745.69..165745.69 rows=1 width=84) (actual time=0.428..0.429 rows=1 loops=1)
                     Sort Key: (st_distance(st_transform(s_1837.the_geom, 25833), '0101000020E964000049AA406E26DC234177CDF88E170F5741'::geometry))
                     Sort Method: top-N heapsort  Memory: 25kB
                     ->  Seq Scan on phoml_trajectory_tmp s_1837  (cost=0.00..165745.68 rows=1 width=84) (actual time=0.010..0.385 rows=280 loops=1)
                           Filter: ((unix_time >= '1685451244.624'::double precision) AND (unix_time <= '1685451304.624'::double precision) AND st_dwithin(st_transform(the_geom, 25833), '0101000020E964000049AA406E26DC234177CDF88E170F5741'::geometry, '300'::double precision))
                           Rows Removed by Filter: 3380
   ->  Subquery Scan on "*SELECT* 1839"  (cost=165745.69..165745.70 rows=1 width=76) (actual time=0.433..0.434 rows=1 loops=1)
         ->  Limit  (cost=165745.69..165745.69 rows=1 width=84) (actual time=0.431..0.431 rows=1 loops=1)
               ->  Sort  (cost=165745.69..165745.69 rows=1 width=84) (actual time=0.429..0.429 rows=1 loops=1)
                     Sort Key: (st_distance(st_transform(s_1838.the_geom, 25833), '0101000020E9640000A0A7131620DC23410139D76C160F5741'::geometry))
                     Sort Method: top-N heapsort  Memory: 25kB
                     ->  Seq Scan on phoml_trajectory_tmp s_1838  (cost=0.00..165745.68 rows=1 width=84) (actual time=0.010..0.382 rows=288 loops=1)
                           Filter: ((unix_time >= '1685451245.372'::double precision) AND (unix_time <= '1685451305.372'::double precision) AND st_dwithin(st_transform(the_geom, 25833), '0101000020E9640000A0A7131620DC23410139D76C160F5741'::geometry, '300'::double precision))
                           Rows Removed by Filter: 3372
   ->  Subquery Scan on "*SELECT* 1840"  (cost=165745.69..165745.70 rows=1 width=76) (actual time=0.453..0.454 rows=1 loops=1)
         ->  Limit  (cost=165745.69..165745.69 rows=1 width=84) (actual time=0.450..0.451 rows=1 loops=1)
               ->  Sort  (cost=165745.69..165745.69 rows=1 width=84) (actual time=0.448..0.449 rows=1 loops=1)
                     Sort Key: (st_distance(st_transform(s_1839.the_geom, 25833), '0101000020E9640000FB44DD031ADC23418B41904B150F5741'::geometry))
                     Sort Method: top-N heapsort  Memory: 25kB
                     ->  Seq Scan on phoml_trajectory_tmp s_1839  (cost=0.00..165745.68 rows=1 width=84) (actual time=0.010..0.401 rows=296 loops=1)
                           Filter: ((unix_time >= '1685451246.092'::double precision) AND (unix_time <= '1685451306.092'::double precision) AND st_dwithin(st_transform(the_geom, 25833), '0101000020E9640000FB44DD031ADC23418B41904B150F5741'::geometry, '300'::double precision))
                           Rows Removed by Filter: 3364
   ->  Subquery Scan on "*SELECT* 1841"  (cost=165745.69..165745.70 rows=1 width=76) (actual time=0.449..0.451 rows=1 loops=1)
         ->  Limit  (cost=165745.69..165745.69 rows=1 width=84) (actual time=0.447..0.447 rows=1 loops=1)
               ->  Sort  (cost=165745.69..165745.69 rows=1 width=84) (actual time=0.444..0.445 rows=1 loops=1)
                     Sort Key: (st_distance(st_transform(s_1840.the_geom, 25833), '0101000020E9640000547FD42116DC2341503AF428140F5741'::geometry))
                     Sort Method: top-N heapsort  Memory: 25kB
                     ->  Seq Scan on phoml_trajectory_tmp s_1840  (cost=0.00..165745.68 rows=1 width=84) (actual time=0.021..0.397 rows=300 loops=1)
                           Filter: ((unix_time >= '1685451246.756'::double precision) AND (unix_time <= '1685451306.756'::double precision) AND st_dwithin(st_transform(the_geom, 25833), '0101000020E9640000547FD42116DC2341503AF428140F5741'::geometry, '300'::double precision))
                           Rows Removed by Filter: 3360
   ->  Subquery Scan on "*SELECT* 1842"  (cost=165745.69..165745.70 rows=1 width=76) (actual time=0.457..0.458 rows=1 loops=1)
         ->  Limit  (cost=165745.69..165745.69 rows=1 width=84) (actual time=0.453..0.454 rows=1 loops=1)
               ->  Sort  (cost=165745.69..165745.69 rows=1 width=84) (actual time=0.451..0.452 rows=1 loops=1)
                     Sort Key: (st_distance(st_transform(s_1841.the_geom, 25833), '0101000020E96400008B9EA1C712DC2341B37D9CEF120F5741'::geometry))
                     Sort Method: top-N heapsort  Memory: 25kB
                     ->  Seq Scan on phoml_trajectory_tmp s_1841  (cost=0.00..165745.68 rows=1 width=84) (actual time=0.009..0.397 rows=308 loops=1)
                           Filter: ((unix_time >= '1685451247.426'::double precision) AND (unix_time <= '1685451307.426'::double precision) AND st_dwithin(st_transform(the_geom, 25833), '0101000020E96400008B9EA1C712DC2341B37D9CEF120F5741'::geometry, '300'::double precision))
                           Rows Removed by Filter: 3352
   ->  Subquery Scan on "*SELECT* 1843"  (cost=165745.69..165745.70 rows=1 width=76) (actual time=0.450..0.451 rows=1 loops=1)
         ->  Limit  (cost=165745.69..165745.69 rows=1 width=84) (actual time=0.448..0.448 rows=1 loops=1)
               ->  Sort  (cost=165745.69..165745.69 rows=1 width=84) (actual time=0.445..0.446 rows=1 loops=1)
                     Sort Key: (st_distance(st_transform(s_1842.the_geom, 25833), '0101000020E9640000E878DB000FDC2341585EBDCA110F5741'::geometry))
                     Sort Method: top-N heapsort  Memory: 25kB
                     ->  Seq Scan on phoml_trajectory_tmp s_1842  (cost=0.00..165745.68 rows=1 width=84) (actual time=0.011..0.398 rows=312 loops=1)
                           Filter: ((unix_time >= '1685451248.026'::double precision) AND (unix_time <= '1685451308.026'::double precision) AND st_dwithin(st_transform(the_geom, 25833), '0101000020E9640000E878DB000FDC2341585EBDCA110F5741'::geometry, '300'::double precision))
                           Rows Removed by Filter: 3348
   ->  Subquery Scan on "*SELECT* 1844"  (cost=165745.69..165745.70 rows=1 width=76) (actual time=0.469..0.470 rows=1 loops=1)
         ->  Limit  (cost=165745.69..165745.69 rows=1 width=84) (actual time=0.465..0.466 rows=1 loops=1)
               ->  Sort  (cost=165745.69..165745.69 rows=1 width=84) (actual time=0.463..0.463 rows=1 loops=1)
                     Sort Key: (st_distance(st_transform(s_1843.the_geom, 25833), '0101000020E9640000C6A868A70ADC234148D988A1100F5741'::geometry))
                     Sort Method: top-N heapsort  Memory: 25kB
                     ->  Seq Scan on phoml_trajectory_tmp s_1843  (cost=0.00..165745.68 rows=1 width=84) (actual time=0.013..0.412 rows=320 loops=1)
                           Filter: ((unix_time >= '1685451248.631'::double precision) AND (unix_time <= '1685451308.631'::double precision) AND st_dwithin(st_transform(the_geom, 25833), '0101000020E9640000C6A868A70ADC234148D988A1100F5741'::geometry, '300'::double precision))
                           Rows Removed by Filter: 3340
   ->  Subquery Scan on "*SELECT* 1845"  (cost=165745.69..165745.70 rows=1 width=76) (actual time=0.466..0.481 rows=1 loops=1)
         ->  Limit  (cost=165745.69..165745.69 rows=1 width=84) (actual time=0.464..0.478 rows=1 loops=1)
               ->  Sort  (cost=165745.69..165745.69 rows=1 width=84) (actual time=0.461..0.475 rows=1 loops=1)
                     Sort Key: (st_distance(st_transform(s_1844.the_geom, 25833), '0101000020E964000044E4EB1707DC2341909F216F0F0F5741'::geometry))
                     Sort Method: top-N heapsort  Memory: 25kB
                     ->  Seq Scan on phoml_trajectory_tmp s_1844  (cost=0.00..165745.68 rows=1 width=84) (actual time=0.011..0.410 rows=324 loops=1)
                           Filter: ((unix_time >= '1685451249.215'::double precision) AND (unix_time <= '1685451309.215'::double precision) AND st_dwithin(st_transform(the_geom, 25833), '0101000020E964000044E4EB1707DC2341909F216F0F0F5741'::geometry, '300'::double precision))
                           Rows Removed by Filter: 3336
   ->  Subquery Scan on "*SELECT* 1846"  (cost=165745.69..165745.70 rows=1 width=76) (actual time=0.469..0.471 rows=1 loops=1)
         ->  Limit  (cost=165745.69..165745.69 rows=1 width=84) (actual time=0.467..0.468 rows=1 loops=1)
               ->  Sort  (cost=165745.69..165745.69 rows=1 width=84) (actual time=0.465..0.466 rows=1 loops=1)
                     Sort Key: (st_distance(st_transform(s_1845.the_geom, 25833), '0101000020E96400003EA643F303DC2341B5B6C54F0E0F5741'::geometry))
                     Sort Method: top-N heapsort  Memory: 25kB
                     ->  Seq Scan on phoml_trajectory_tmp s_1845  (cost=0.00..165745.68 rows=1 width=84) (actual time=0.009..0.416 rows=328 loops=1)
                           Filter: ((unix_time >= '1685451249.755'::double precision) AND (unix_time <= '1685451309.755'::double precision) AND st_dwithin(st_transform(the_geom, 25833), '0101000020E96400003EA643F303DC2341B5B6C54F0E0F5741'::geometry, '300'::double precision))
                           Rows Removed by Filter: 3332
   ->  Subquery Scan on "*SELECT* 1847"  (cost=165745.69..165745.70 rows=1 width=76) (actual time=0.490..0.492 rows=1 loops=1)
         ->  Limit  (cost=165745.69..165745.69 rows=1 width=84) (actual time=0.488..0.489 rows=1 loops=1)
               ->  Sort  (cost=165745.69..165745.69 rows=1 width=84) (actual time=0.478..0.479 rows=1 loops=1)
                     Sort Key: (st_distance(st_transform(s_1846.the_geom, 25833), '0101000020E964000010E7FB2501DC234122F72C190D0F5741'::geometry))
                     Sort Method: top-N heapsort  Memory: 25kB
                     ->  Seq Scan on phoml_trajectory_tmp s_1846  (cost=0.00..165745.68 rows=1 width=84) (actual time=0.014..0.423 rows=336 loops=1)
                           Filter: ((unix_time >= '1685451250.306'::double precision) AND (unix_time <= '1685451310.306'::double precision) AND st_dwithin(st_transform(the_geom, 25833), '0101000020E964000010E7FB2501DC234122F72C190D0F5741'::geometry, '300'::double precision))
                           Rows Removed by Filter: 3324
   ->  Subquery Scan on "*SELECT* 1848"  (cost=165745.69..165745.70 rows=1 width=76) (actual time=0.494..0.495 rows=1 loops=1)
         ->  Limit  (cost=165745.69..165745.69 rows=1 width=84) (actual time=0.484..0.485 rows=1 loops=1)
               ->  Sort  (cost=165745.69..165745.69 rows=1 width=84) (actual time=0.482..0.482 rows=1 loops=1)
                     Sort Key: (st_distance(st_transform(s_1847.the_geom, 25833), '0101000020E9640000B33C4C2FFEDB23412DD070E80B0F5741'::geometry))
                     Sort Method: top-N heapsort  Memory: 25kB
                     ->  Seq Scan on phoml_trajectory_tmp s_1847  (cost=0.00..165745.68 rows=1 width=84) (actual time=0.010..0.429 rows=340 loops=1)
                           Filter: ((unix_time >= '1685451250.826'::double precision) AND (unix_time <= '1685451310.826'::double precision) AND st_dwithin(st_transform(the_geom, 25833), '0101000020E9640000B33C4C2FFEDB23412DD070E80B0F5741'::geometry, '300'::double precision))
                           Rows Removed by Filter: 3320
   ->  Subquery Scan on "*SELECT* 1849"  (cost=165745.69..165745.70 rows=1 width=76) (actual time=0.487..0.488 rows=1 loops=1)
         ->  Limit  (cost=165745.69..165745.69 rows=1 width=84) (actual time=0.485..0.486 rows=1 loops=1)
               ->  Sort  (cost=165745.69..165745.69 rows=1 width=84) (actual time=0.482..0.483 rows=1 loops=1)
                     Sort Key: (st_distance(st_transform(s_1848.the_geom, 25833), '0101000020E9640000C9246814FBDB2341A4A917B80A0F5741'::geometry))
                     Sort Method: top-N heapsort  Memory: 25kB
                     ->  Seq Scan on phoml_trajectory_tmp s_1848  (cost=0.00..165745.68 rows=1 width=84) (actual time=0.012..0.429 rows=344 loops=1)
                           Filter: ((unix_time >= '1685451251.35'::double precision) AND (unix_time <= '1685451311.35'::double precision) AND st_dwithin(st_transform(the_geom, 25833), '0101000020E9640000C9246814FBDB2341A4A917B80A0F5741'::geometry, '300'::double precision))
                           Rows Removed by Filter: 3316
   ->  Subquery Scan on "*SELECT* 1850"  (cost=165745.69..165745.70 rows=1 width=76) (actual time=0.499..0.500 rows=1 loops=1)
         ->  Limit  (cost=165745.69..165745.69 rows=1 width=84) (actual time=0.495..0.496 rows=1 loops=1)
               ->  Sort  (cost=165745.69..165745.69 rows=1 width=84) (actual time=0.493..0.494 rows=1 loops=1)
                     Sort Key: (st_distance(st_transform(s_1849.the_geom, 25833), '0101000020E9640000377B343CF8DB23416DFD6E80090F5741'::geometry))
                     Sort Method: top-N heapsort  Memory: 25kB
                     ->  Seq Scan on phoml_trajectory_tmp s_1849  (cost=0.00..165745.68 rows=1 width=84) (actual time=0.009..0.439 rows=348 loops=1)
                           Filter: ((unix_time >= '1685451251.86'::double precision) AND (unix_time <= '1685451311.86'::double precision) AND st_dwithin(st_transform(the_geom, 25833), '0101000020E9640000377B343CF8DB23416DFD6E80090F5741'::geometry, '300'::double precision))
                           Rows Removed by Filter: 3312
   ->  Subquery Scan on "*SELECT* 1851"  (cost=165745.69..165745.70 rows=1 width=76) (actual time=0.496..0.498 rows=1 loops=1)
         ->  Limit  (cost=165745.69..165745.69 rows=1 width=84) (actual time=0.494..0.495 rows=1 loops=1)
               ->  Sort  (cost=165745.69..165745.69 rows=1 width=84) (actual time=0.492..0.492 rows=1 loops=1)
                     Sort Key: (st_distance(st_transform(s_1850.the_geom, 25833), '0101000020E96400000FBF8214F5DB23415B925453080F5741'::geometry))
                     Sort Method: top-N heapsort  Memory: 25kB
                     ->  Seq Scan on phoml_trajectory_tmp s_1850  (cost=0.00..165745.68 rows=1 width=84) (actual time=0.011..0.438 rows=352 loops=1)
                           Filter: ((unix_time >= '1685451252.356'::double precision) AND (unix_time <= '1685451312.356'::double precision) AND st_dwithin(st_transform(the_geom, 25833), '0101000020E96400000FBF8214F5DB23415B925453080F5741'::geometry, '300'::double precision))
                           Rows Removed by Filter: 3308
   ->  Subquery Scan on "*SELECT* 1852"  (cost=165745.69..165745.70 rows=1 width=76) (actual time=0.521..0.522 rows=1 loops=1)
         ->  Limit  (cost=165745.69..165745.69 rows=1 width=84) (actual time=0.518..0.518 rows=1 loops=1)
               ->  Sort  (cost=165745.69..165745.69 rows=1 width=84) (actual time=0.516..0.516 rows=1 loops=1)
                     Sort Key: (st_distance(st_transform(s_1851.the_geom, 25833), '0101000020E96400007C8279A3F1DB234122017120070F5741'::geometry))
                     Sort Method: top-N heapsort  Memory: 25kB
                     ->  Seq Scan on phoml_trajectory_tmp s_1851  (cost=0.00..165745.68 rows=1 width=84) (actual time=0.012..0.460 rows=360 loops=1)
                           Filter: ((unix_time >= '1685451252.866'::double precision) AND (unix_time <= '1685451312.866'::double precision) AND st_dwithin(st_transform(the_geom, 25833), '0101000020E96400007C8279A3F1DB234122017120070F5741'::geometry, '300'::double precision))
                           Rows Removed by Filter: 3300
   ->  Subquery Scan on "*SELECT* 1853"  (cost=165745.69..165745.70 rows=1 width=76) (actual time=0.509..0.510 rows=1 loops=1)
         ->  Limit  (cost=165745.69..165745.69 rows=1 width=84) (actual time=0.506..0.507 rows=1 loops=1)
               ->  Sort  (cost=165745.69..165745.69 rows=1 width=84) (actual time=0.505..0.505 rows=1 loops=1)
                     Sort Key: (st_distance(st_transform(s_1852.the_geom, 25833), '0101000020E9640000AC3350ACEEDB2341C4DC52F0050F5741'::geometry))
                     Sort Method: top-N heapsort  Memory: 25kB
                     ->  Seq Scan on phoml_trajectory_tmp s_1852  (cost=0.00..165745.68 rows=1 width=84) (actual time=0.010..0.449 rows=364 loops=1)
                           Filter: ((unix_time >= '1685451253.362'::double precision) AND (unix_time <= '1685451313.362'::double precision) AND st_dwithin(st_transform(the_geom, 25833), '0101000020E9640000AC3350ACEEDB2341C4DC52F0050F5741'::geometry, '300'::double precision))
                           Rows Removed by Filter: 3296
   ->  Subquery Scan on "*SELECT* 1854"  (cost=165745.69..165745.70 rows=1 width=76) (actual time=0.526..0.527 rows=1 loops=1)
         ->  Limit  (cost=165745.69..165745.69 rows=1 width=84) (actual time=0.522..0.523 rows=1 loops=1)
               ->  Sort  (cost=165745.69..165745.69 rows=1 width=84) (actual time=0.520..0.521 rows=1 loops=1)
                     Sort Key: (st_distance(st_transform(s_1853.the_geom, 25833), '0101000020E9640000407F7A7EEBDB234173FAF7C9040F5741'::geometry))
                     Sort Method: top-N heapsort  Memory: 25kB
                     ->  Seq Scan on phoml_trajectory_tmp s_1853  (cost=0.00..165745.68 rows=1 width=84) (actual time=0.012..0.462 rows=368 loops=1)
                           Filter: ((unix_time >= '1685451253.852'::double precision) AND (unix_time <= '1685451313.852'::double precision) AND st_dwithin(st_transform(the_geom, 25833), '0101000020E9640000407F7A7EEBDB234173FAF7C9040F5741'::geometry, '300'::double precision))
                           Rows Removed by Filter: 3292
   ->  Subquery Scan on "*SELECT* 1855"  (cost=165745.69..165745.70 rows=1 width=76) (actual time=0.519..0.520 rows=1 loops=1)
         ->  Limit  (cost=165745.69..165745.69 rows=1 width=84) (actual time=0.517..0.518 rows=1 loops=1)
               ->  Sort  (cost=165745.69..165745.69 rows=1 width=84) (actual time=0.515..0.516 rows=1 loops=1)
                     Sort Key: (st_distance(st_transform(s_1854.the_geom, 25833), '0101000020E9640000D7B2029EE8DB234118EC1592030F5741'::geometry))
                     Sort Method: top-N heapsort  Memory: 25kB
                     ->  Seq Scan on phoml_trajectory_tmp s_1854  (cost=0.00..165745.68 rows=1 width=84) (actual time=0.011..0.457 rows=372 loops=1)
                           Filter: ((unix_time >= '1685451254.348'::double precision) AND (unix_time <= '1685451314.348'::double precision) AND st_dwithin(st_transform(the_geom, 25833), '0101000020E9640000D7B2029EE8DB234118EC1592030F5741'::geometry, '300'::double precision))
                           Rows Removed by Filter: 3288
   ->  Subquery Scan on "*SELECT* 1856"  (cost=165745.69..165745.70 rows=1 width=76) (actual time=0.530..0.531 rows=1 loops=1)
         ->  Limit  (cost=165745.69..165745.69 rows=1 width=84) (actual time=0.526..0.527 rows=1 loops=1)
               ->  Sort  (cost=165745.69..165745.69 rows=1 width=84) (actual time=0.524..0.524 rows=1 loops=1)
                     Sort Key: (st_distance(st_transform(s_1855.the_geom, 25833), '0101000020E9640000BA61AF8AE5DB2341C2B66263020F5741'::geometry))
                     Sort Method: top-N heapsort  Memory: 25kB
                     ->  Seq Scan on phoml_trajectory_tmp s_1855  (cost=0.00..165745.68 rows=1 width=84) (actual time=0.009..0.467 rows=376 loops=1)
                           Filter: ((unix_time >= '1685451254.828'::double precision) AND (unix_time <= '1685451314.828'::double precision) AND st_dwithin(st_transform(the_geom, 25833), '0101000020E9640000BA61AF8AE5DB2341C2B66263020F5741'::geometry, '300'::double precision))
                           Rows Removed by Filter: 3284
   ->  Subquery Scan on "*SELECT* 1857"  (cost=165745.69..165745.70 rows=1 width=76) (actual time=0.527..0.528 rows=1 loops=1)
         ->  Limit  (cost=165745.69..165745.69 rows=1 width=84) (actual time=0.525..0.526 rows=1 loops=1)
               ->  Sort  (cost=165745.69..165745.69 rows=1 width=84) (actual time=0.523..0.523 rows=1 loops=1)
                     Sort Key: (st_distance(st_transform(s_1856.the_geom, 25833), '0101000020E9640000618C13F0E2DB23418D216C2A010F5741'::geometry))
                     Sort Method: top-N heapsort  Memory: 25kB
                     ->  Seq Scan on phoml_trajectory_tmp s_1856  (cost=0.00..165745.68 rows=1 width=84) (actual time=0.013..0.465 rows=380 loops=1)
                           Filter: ((unix_time >= '1685451255.301'::double precision) AND (unix_time <= '1685451315.301'::double precision) AND st_dwithin(st_transform(the_geom, 25833), '0101000020E9640000618C13F0E2DB23418D216C2A010F5741'::geometry, '300'::double precision))
                           Rows Removed by Filter: 3280
   ->  Subquery Scan on "*SELECT* 1858"  (cost=165745.69..165745.70 rows=1 width=76) (actual time=0.539..0.540 rows=1 loops=1)
         ->  Limit  (cost=165745.69..165745.69 rows=1 width=84) (actual time=0.535..0.536 rows=1 loops=1)
               ->  Sort  (cost=165745.69..165745.69 rows=1 width=84) (actual time=0.532..0.533 rows=1 loops=1)
                     Sort Key: (st_distance(st_transform(s_1857.the_geom, 25833), '0101000020E9640000D8892634E0DB2341ED2D1AF8FF0E5741'::geometry))
                     Sort Method: top-N heapsort  Memory: 25kB
                     ->  Seq Scan on phoml_trajectory_tmp s_1857  (cost=0.00..165745.68 rows=1 width=84) (actual time=0.009..0.474 rows=384 loops=1)
                           Filter: ((unix_time >= '1685451255.781'::double precision) AND (unix_time <= '1685451315.781'::double precision) AND st_dwithin(st_transform(the_geom, 25833), '0101000020E9640000D8892634E0DB2341ED2D1AF8FF0E5741'::geometry, '300'::double precision))
                           Rows Removed by Filter: 3276
   ->  Subquery Scan on "*SELECT* 1859"  (cost=165745.69..165745.70 rows=1 width=76) (actual time=0.534..0.535 rows=1 loops=1)
         ->  Limit  (cost=165745.69..165745.69 rows=1 width=84) (actual time=0.532..0.532 rows=1 loops=1)
               ->  Sort  (cost=165745.69..165745.69 rows=1 width=84) (actual time=0.529..0.530 rows=1 loops=1)
                     Sort Key: (st_distance(st_transform(s_1858.the_geom, 25833), '0101000020E964000076E4A384DDDB23415CBE3FC0FE0E5741'::geometry))
                     Sort Method: top-N heapsort  Memory: 25kB
                     ->  Seq Scan on phoml_trajectory_tmp s_1858  (cost=0.00..165745.68 rows=1 width=84) (actual time=0.012..0.469 rows=388 loops=1)
                           Filter: ((unix_time >= '1685451256.251'::double precision) AND (unix_time <= '1685451316.251'::double precision) AND st_dwithin(st_transform(the_geom, 25833), '0101000020E964000076E4A384DDDB23415CBE3FC0FE0E5741'::geometry, '300'::double precision))
                           Rows Removed by Filter: 3272
   ->  Subquery Scan on "*SELECT* 1860"  (cost=165745.69..165745.70 rows=1 width=76) (actual time=0.549..0.550 rows=1 loops=1)
         ->  Limit  (cost=165745.69..165745.69 rows=1 width=84) (actual time=0.546..0.547 rows=1 loops=1)
               ->  Sort  (cost=165745.69..165745.69 rows=1 width=84) (actual time=0.544..0.544 rows=1 loops=1)
                     Sort Key: (st_distance(st_transform(s_1859.the_geom, 25833), '0101000020E964000059F86D7EDADB234170442891FD0E5741'::geometry))
                     Sort Method: top-N heapsort  Memory: 25kB
                     ->  Seq Scan on phoml_trajectory_tmp s_1859  (cost=0.00..165745.68 rows=1 width=84) (actual time=0.010..0.485 rows=392 loops=1)
                           Filter: ((unix_time >= '1685451256.721'::double precision) AND (unix_time <= '1685451316.721'::double precision) AND st_dwithin(st_transform(the_geom, 25833), '0101000020E964000059F86D7EDADB234170442891FD0E5741'::geometry, '300'::double precision))
                           Rows Removed by Filter: 3268
   ->  Subquery Scan on "*SELECT* 1861"  (cost=165745.69..165745.70 rows=1 width=76) (actual time=0.540..0.542 rows=1 loops=1)
         ->  Limit  (cost=165745.69..165745.69 rows=1 width=84) (actual time=0.538..0.539 rows=1 loops=1)
               ->  Sort  (cost=165745.69..165745.69 rows=1 width=84) (actual time=0.536..0.536 rows=1 loops=1)
                     Sort Key: (st_distance(st_transform(s_1860.the_geom, 25833), '0101000020E9640000CD6363A1D7DB2341542C445BFC0E5741'::geometry))
                     Sort Method: top-N heapsort  Memory: 25kB
                     ->  Seq Scan on phoml_trajectory_tmp s_1860  (cost=0.00..165745.68 rows=1 width=84) (actual time=0.010..0.475 rows=393 loops=1)
                           Filter: ((unix_time >= '1685451257.195'::double precision) AND (unix_time <= '1685451317.195'::double precision) AND st_dwithin(st_transform(the_geom, 25833), '0101000020E9640000CD6363A1D7DB2341542C445BFC0E5741'::geometry, '300'::double precision))
                           Rows Removed by Filter: 3267
   ->  Subquery Scan on "*SELECT* 1862"  (cost=165745.69..165745.70 rows=1 width=76) (actual time=0.554..0.555 rows=1 loops=1)
         ->  Limit  (cost=165745.69..165745.69 rows=1 width=84) (actual time=0.550..0.551 rows=1 loops=1)
               ->  Sort  (cost=165745.69..165745.69 rows=1 width=84) (actual time=0.549..0.549 rows=1 loops=1)
                     Sort Key: (st_distance(st_transform(s_1861.the_geom, 25833), '0101000020E9640000EB3A248AD4DB2341D94F2027FB0E5741'::geometry))
                     Sort Method: top-N heapsort  Memory: 25kB
                     ->  Seq Scan on phoml_trajectory_tmp s_1861  (cost=0.00..165745.68 rows=1 width=84) (actual time=0.009..0.489 rows=396 loops=1)
                           Filter: ((unix_time >= '1685451257.645'::double precision) AND (unix_time <= '1685451317.645'::double precision) AND st_dwithin(st_transform(the_geom, 25833), '0101000020E9640000EB3A248AD4DB2341D94F2027FB0E5741'::geometry, '300'::double precision))
                           Rows Removed by Filter: 3264
   ->  Subquery Scan on "*SELECT* 1863"  (cost=165745.69..165745.70 rows=1 width=76) (actual time=0.556..0.557 rows=1 loops=1)
         ->  Limit  (cost=165745.69..165745.69 rows=1 width=84) (actual time=0.552..0.554 rows=1 loops=1)
               ->  Sort  (cost=165745.69..165745.69 rows=1 width=84) (actual time=0.550..0.551 rows=1 loops=1)
                     Sort Key: (st_distance(st_transform(s_1862.the_geom, 25833), '0101000020E9640000CAC4BB87D1DB23413A7B76F9F90E5741'::geometry))
                     Sort Method: top-N heapsort  Memory: 25kB
                     ->  Seq Scan on phoml_trajectory_tmp s_1862  (cost=0.00..165745.68 rows=1 width=84) (actual time=0.012..0.488 rows=400 loops=1)
                           Filter: ((unix_time >= '1685451258.095'::double precision) AND (unix_time <= '1685451318.095'::double precision) AND st_dwithin(st_transform(the_geom, 25833), '0101000020E9640000CAC4BB87D1DB23413A7B76F9F90E5741'::geometry, '300'::double precision))
                           Rows Removed by Filter: 3260
   ->  Subquery Scan on "*SELECT* 1864"  (cost=165745.69..165745.70 rows=1 width=76) (actual time=0.551..0.552 rows=1 loops=1)
         ->  Limit  (cost=165745.69..165745.69 rows=1 width=84) (actual time=0.549..0.549 rows=1 loops=1)
               ->  Sort  (cost=165745.69..165745.69 rows=1 width=84) (actual time=0.546..0.547 rows=1 loops=1)
                     Sort Key: (st_distance(st_transform(s_1863.the_geom, 25833), '0101000020E964000066916FA1CEDB23419ED379D2F80E5741'::geometry))
                     Sort Method: top-N heapsort  Memory: 25kB
                     ->  Seq Scan on phoml_trajectory_tmp s_1863  (cost=0.00..165745.68 rows=1 width=84) (actual time=0.011..0.483 rows=404 loops=1)
                           Filter: ((unix_time >= '1685451258.541'::double precision) AND (unix_time <= '1685451318.541'::double precision) AND st_dwithin(st_transform(the_geom, 25833), '0101000020E964000066916FA1CEDB23419ED379D2F80E5741'::geometry, '300'::double precision))
                           Rows Removed by Filter: 3256
   ->  Subquery Scan on "*SELECT* 1865"  (cost=165745.69..165745.70 rows=1 width=76) (actual time=0.565..0.567 rows=1 loops=1)
         ->  Limit  (cost=165745.69..165745.69 rows=1 width=84) (actual time=0.562..0.563 rows=1 loops=1)
               ->  Sort  (cost=165745.69..165745.69 rows=1 width=84) (actual time=0.560..0.560 rows=1 loops=1)
                     Sort Key: (st_distance(st_transform(s_1864.the_geom, 25833), '0101000020E96400009C33C245CBDB2341CFA7F797F70E5741'::geometry))
                     Sort Method: top-N heapsort  Memory: 25kB
                     ->  Seq Scan on phoml_trajectory_tmp s_1864  (cost=0.00..165745.68 rows=1 width=84) (actual time=0.009..0.497 rows=408 loops=1)
                           Filter: ((unix_time >= '1685451259.011'::double precision) AND (unix_time <= '1685451319.011'::double precision) AND st_dwithin(st_transform(the_geom, 25833), '0101000020E96400009C33C245CBDB2341CFA7F797F70E5741'::geometry, '300'::double precision))
                           Rows Removed by Filter: 3252
   ->  Subquery Scan on "*SELECT* 1866"  (cost=165745.69..165745.70 rows=1 width=76) (actual time=0.554..0.555 rows=1 loops=1)
         ->  Limit  (cost=165745.69..165745.69 rows=1 width=84) (actual time=0.552..0.553 rows=1 loops=1)
               ->  Sort  (cost=165745.69..165745.69 rows=1 width=84) (actual time=0.550..0.550 rows=1 loops=1)
                     Sort Key: (st_distance(st_transform(s_1865.the_geom, 25833), '0101000020E96400007357E923C8DB23418902E371F60E5741'::geometry))
                     Sort Method: top-N heapsort  Memory: 25kB
                     ->  Seq Scan on phoml_trajectory_tmp s_1865  (cost=0.00..165745.68 rows=1 width=84) (actual time=0.010..0.487 rows=408 loops=1)
                           Filter: ((unix_time >= '1685451259.449'::double precision) AND (unix_time <= '1685451319.449'::double precision) AND st_dwithin(st_transform(the_geom, 25833), '0101000020E96400007357E923C8DB23418902E371F60E5741'::geometry, '300'::double precision))
                           Rows Removed by Filter: 3252
   ->  Subquery Scan on "*SELECT* 1867"  (cost=165745.69..165745.70 rows=1 width=76) (actual time=0.578..0.579 rows=1 loops=1)
         ->  Limit  (cost=165745.69..165745.69 rows=1 width=84) (actual time=0.575..0.575 rows=1 loops=1)
               ->  Sort  (cost=165745.69..165745.69 rows=1 width=84) (actual time=0.572..0.573 rows=1 loops=1)
                     Sort Key: (st_distance(st_transform(s_1866.the_geom, 25833), '0101000020E9640000C5A1B59DC4DB234121BE2240F50E5741'::geometry))
                     Sort Method: top-N heapsort  Memory: 25kB
                     ->  Seq Scan on phoml_trajectory_tmp s_1866  (cost=0.00..165745.68 rows=1 width=84) (actual time=0.014..0.510 rows=412 loops=1)
                           Filter: ((unix_time >= '1685451259.909'::double precision) AND (unix_time <= '1685451319.909'::double precision) AND st_dwithin(st_transform(the_geom, 25833), '0101000020E9640000C5A1B59DC4DB234121BE2240F50E5741'::geometry, '300'::double precision))
                           Rows Removed by Filter: 3248
   ->  Subquery Scan on "*SELECT* 1868"  (cost=165745.69..165745.70 rows=1 width=76) (actual time=0.561..0.562 rows=1 loops=1)
         ->  Limit  (cost=165745.69..165745.69 rows=1 width=84) (actual time=0.559..0.559 rows=1 loops=1)
               ->  Sort  (cost=165745.69..165745.69 rows=1 width=84) (actual time=0.556..0.557 rows=1 loops=1)
                     Sort Key: (st_distance(st_transform(s_1867.the_geom, 25833), '0101000020E9640000A02C830AC1DB23411A1D4307F40E5741'::geometry))
                     Sort Method: top-N heapsort  Memory: 25kB
                     ->  Seq Scan on phoml_trajectory_tmp s_1867  (cost=0.00..165745.68 rows=1 width=84) (actual time=0.009..0.494 rows=416 loops=1)
                           Filter: ((unix_time >= '1685451260.375'::double precision) AND (unix_time <= '1685451320.375'::double precision) AND st_dwithin(st_transform(the_geom, 25833), '0101000020E9640000A02C830AC1DB23411A1D4307F40E5741'::geometry, '300'::double precision))
                           Rows Removed by Filter: 3244
   ->  Subquery Scan on "*SELECT* 1869"  (cost=165745.69..165745.70 rows=1 width=76) (actual time=0.573..0.574 rows=1 loops=1)
         ->  Limit  (cost=165745.69..165745.69 rows=1 width=84) (actual time=0.569..0.570 rows=1 loops=1)
               ->  Sort  (cost=165745.69..165745.69 rows=1 width=84) (actual time=0.568..0.568 rows=1 loops=1)
                     Sort Key: (st_distance(st_transform(s_1868.the_geom, 25833), '0101000020E9640000F69FA827BEDB234111CF11E5F20E5741'::geometry))
                     Sort Method: top-N heapsort  Memory: 25kB
                     ->  Seq Scan on phoml_trajectory_tmp s_1868  (cost=0.00..165745.68 rows=1 width=84) (actual time=0.009..0.498 rows=420 loops=1)
                           Filter: ((unix_time >= '1685451260.815'::double precision) AND (unix_time <= '1685451320.815'::double precision) AND st_dwithin(st_transform(the_geom, 25833), '0101000020E9640000F69FA827BEDB234111CF11E5F20E5741'::geometry, '300'::double precision))
                           Rows Removed by Filter: 3240
   ->  Subquery Scan on "*SELECT* 1870"  (cost=165745.69..165745.70 rows=1 width=76) (actual time=0.586..0.587 rows=1 loops=1)
         ->  Limit  (cost=165745.69..165745.69 rows=1 width=84) (actual time=0.582..0.583 rows=1 loops=1)
               ->  Sort  (cost=165745.69..165745.69 rows=1 width=84) (actual time=0.580..0.580 rows=1 loops=1)
                     Sort Key: (st_distance(st_transform(s_1869.the_geom, 25833), '0101000020E96400007157011FBADB234163D366B1F10E5741'::geometry))
                     Sort Method: top-N heapsort  Memory: 25kB
                     ->  Seq Scan on phoml_trajectory_tmp s_1869  (cost=0.00..165745.68 rows=1 width=84) (actual time=0.011..0.516 rows=420 loops=1)
                           Filter: ((unix_time >= '1685451261.281'::double precision) AND (unix_time <= '1685451321.281'::double precision) AND st_dwithin(st_transform(the_geom, 25833), '0101000020E96400007157011FBADB234163D366B1F10E5741'::geometry, '300'::double precision))
                           Rows Removed by Filter: 3240
   ->  Subquery Scan on "*SELECT* 1871"  (cost=165745.69..165745.70 rows=1 width=76) (actual time=0.569..0.570 rows=1 loops=1)
         ->  Limit  (cost=165745.69..165745.69 rows=1 width=84) (actual time=0.567..0.567 rows=1 loops=1)
               ->  Sort  (cost=165745.69..165745.69 rows=1 width=84) (actual time=0.565..0.565 rows=1 loops=1)
                     Sort Key: (st_distance(st_transform(s_1870.the_geom, 25833), '0101000020E96400008AAC9B00B6DB2341DF2C4793F00E5741'::geometry))
                     Sort Method: top-N heapsort  Memory: 25kB
                     ->  Seq Scan on phoml_trajectory_tmp s_1870  (cost=0.00..165745.68 rows=1 width=84) (actual time=0.011..0.498 rows=424 loops=1)
                           Filter: ((unix_time >= '1685451261.721'::double precision) AND (unix_time <= '1685451321.721'::double precision) AND st_dwithin(st_transform(the_geom, 25833), '0101000020E96400008AAC9B00B6DB2341DF2C4793F00E5741'::geometry, '300'::double precision))
                           Rows Removed by Filter: 3236
   ->  Subquery Scan on "*SELECT* 1872"  (cost=165745.69..165745.70 rows=1 width=76) (actual time=0.580..0.581 rows=1 loops=1)
         ->  Limit  (cost=165745.69..165745.69 rows=1 width=84) (actual time=0.576..0.577 rows=1 loops=1)
               ->  Sort  (cost=165745.69..165745.69 rows=1 width=84) (actual time=0.574..0.575 rows=1 loops=1)
                     Sort Key: (st_distance(st_transform(s_1871.the_geom, 25833), '0101000020E964000035963A28B2DB23413EE3C36FEF0E5741'::geometry))
                     Sort Method: top-N heapsort  Memory: 25kB
                     ->  Seq Scan on phoml_trajectory_tmp s_1871  (cost=0.00..165745.68 rows=1 width=84) (actual time=0.009..0.509 rows=428 loops=1)
                           Filter: ((unix_time >= '1685451262.17'::double precision) AND (unix_time <= '1685451322.17'::double precision) AND st_dwithin(st_transform(the_geom, 25833), '0101000020E964000035963A28B2DB23413EE3C36FEF0E5741'::geometry, '300'::double precision))
                           Rows Removed by Filter: 3232
   ->  Subquery Scan on "*SELECT* 1873"  (cost=165745.69..165745.70 rows=1 width=76) (actual time=0.575..0.576 rows=1 loops=1)
         ->  Limit  (cost=165745.69..165745.69 rows=1 width=84) (actual time=0.573..0.574 rows=1 loops=1)
               ->  Sort  (cost=165745.69..165745.69 rows=1 width=84) (actual time=0.571..0.572 rows=1 loops=1)
                     Sort Key: (st_distance(st_transform(s_1872.the_geom, 25833), '0101000020E96400004081524CAFDB23411D4FD433EE0E5741'::geometry))
                     Sort Method: top-N heapsort  Memory: 25kB
                     ->  Seq Scan on phoml_trajectory_tmp s_1872  (cost=0.00..165745.68 rows=1 width=84) (actual time=0.010..0.507 rows=430 loops=1)
                           Filter: ((unix_time >= '1685451262.63'::double precision) AND (unix_time <= '1685451322.63'::double precision) AND st_dwithin(st_transform(the_geom, 25833), '0101000020E96400004081524CAFDB23411D4FD433EE0E5741'::geometry, '300'::double precision))
                           Rows Removed by Filter: 3230
   ->  Subquery Scan on "*SELECT* 1874"  (cost=165745.69..165745.70 rows=1 width=76) (actual time=0.601..0.602 rows=1 loops=1)
         ->  Limit  (cost=165745.69..165745.69 rows=1 width=84) (actual time=0.598..0.598 rows=1 loops=1)
               ->  Sort  (cost=165745.69..165745.69 rows=1 width=84) (actual time=0.596..0.596 rows=1 loops=1)
                     Sort Key: (st_distance(st_transform(s_1873.the_geom, 25833), '0101000020E9640000BDEB41AAACDB2341CF6E40FDEC0E5741'::geometry))
                     Sort Method: top-N heapsort  Memory: 25kB
                     ->  Seq Scan on phoml_trajectory_tmp s_1873  (cost=0.00..165745.68 rows=1 width=84) (actual time=0.011..0.531 rows=432 loops=1)
                           Filter: ((unix_time >= '1685451263.09'::double precision) AND (unix_time <= '1685451323.09'::double precision) AND st_dwithin(st_transform(the_geom, 25833), '0101000020E9640000BDEB41AAACDB2341CF6E40FDEC0E5741'::geometry, '300'::double precision))
                           Rows Removed by Filter: 3228
   ->  Subquery Scan on "*SELECT* 1875"  (cost=165745.69..165745.70 rows=1 width=76) (actual time=0.602..0.603 rows=1 loops=1)
         ->  Limit  (cost=165745.69..165745.69 rows=1 width=84) (actual time=0.599..0.600 rows=1 loops=1)
               ->  Sort  (cost=165745.69..165745.69 rows=1 width=84) (actual time=0.597..0.597 rows=1 loops=1)
                     Sort Key: (st_distance(st_transform(s_1874.the_geom, 25833), '0101000020E9640000E6355FBDA9DB23416C84DAC4EB0E5741'::geometry))
                     Sort Method: top-N heapsort  Memory: 25kB
                     ->  Seq Scan on phoml_trajectory_tmp s_1874  (cost=0.00..165745.68 rows=1 width=84) (actual time=0.012..0.529 rows=436 loops=1)
                           Filter: ((unix_time >= '1685451263.543'::double precision) AND (unix_time <= '1685451323.543'::double precision) AND st_dwithin(st_transform(the_geom, 25833), '0101000020E9640000E6355FBDA9DB23416C84DAC4EB0E5741'::geometry, '300'::double precision))
                           Rows Removed by Filter: 3224
   ->  Subquery Scan on "*SELECT* 1876"  (cost=165745.69..165745.70 rows=1 width=76) (actual time=0.586..0.587 rows=1 loops=1)
         ->  Limit  (cost=165745.69..165745.69 rows=1 width=84) (actual time=0.583..0.585 rows=1 loops=1)
               ->  Sort  (cost=165745.69..165745.69 rows=1 width=84) (actual time=0.582..0.582 rows=1 loops=1)
                     Sort Key: (st_distance(st_transform(s_1875.the_geom, 25833), '0101000020E964000026370999A6DB2341194F68A5EA0E5741'::geometry))
                     Sort Method: top-N heapsort  Memory: 25kB
                     ->  Seq Scan on phoml_trajectory_tmp s_1875  (cost=0.00..165745.68 rows=1 width=84) (actual time=0.009..0.513 rows=440 loops=1)
                           Filter: ((unix_time >= '1685451263.973'::double precision) AND (unix_time <= '1685451323.973'::double precision) AND st_dwithin(st_transform(the_geom, 25833), '0101000020E964000026370999A6DB2341194F68A5EA0E5741'::geometry, '300'::double precision))
                           Rows Removed by Filter: 3220
   ->  Subquery Scan on "*SELECT* 1877"  (cost=165745.69..165745.70 rows=1 width=76) (actual time=0.615..0.616 rows=1 loops=1)
         ->  Limit  (cost=165745.69..165745.69 rows=1 width=84) (actual time=0.610..0.611 rows=1 loops=1)
               ->  Sort  (cost=165745.69..165745.69 rows=1 width=84) (actual time=0.608..0.608 rows=1 loops=1)
                     Sort Key: (st_distance(st_transform(s_1876.the_geom, 25833), '0101000020E9640000E56DE645A3DB234117B25068E90E5741'::geometry))
                     Sort Method: top-N heapsort  Memory: 25kB
                     ->  Seq Scan on phoml_trajectory_tmp s_1876  (cost=0.00..165745.68 rows=1 width=84) (actual time=0.011..0.540 rows=440 loops=1)
                           Filter: ((unix_time >= '1685451264.426'::double precision) AND (unix_time <= '1685451324.426'::double precision) AND st_dwithin(st_transform(the_geom, 25833), '0101000020E9640000E56DE645A3DB234117B25068E90E5741'::geometry, '300'::double precision))
                           Rows Removed by Filter: 3220
   ->  Subquery Scan on "*SELECT* 1878"  (cost=165745.69..165745.70 rows=1 width=76) (actual time=0.600..0.601 rows=1 loops=1)
         ->  Limit  (cost=165745.69..165745.69 rows=1 width=84) (actual time=0.596..0.597 rows=1 loops=1)
               ->  Sort  (cost=165745.69..165745.69 rows=1 width=84) (actual time=0.594..0.595 rows=1 loops=1)
                     Sort Key: (st_distance(st_transform(s_1877.the_geom, 25833), '0101000020E96400002B437EC59FDB23417732F83BE80E5741'::geometry))
                     Sort Method: top-N heapsort  Memory: 25kB
                     ->  Seq Scan on phoml_trajectory_tmp s_1877  (cost=0.00..165745.68 rows=1 width=84) (actual time=0.010..0.527 rows=440 loops=1)
                           Filter: ((unix_time >= '1685451264.866'::double precision) AND (unix_time <= '1685451324.866'::double precision) AND st_dwithin(st_transform(the_geom, 25833), '0101000020E96400002B437EC59FDB23417732F83BE80E5741'::geometry, '300'::double precision))
                           Rows Removed by Filter: 3220
   ->  Subquery Scan on "*SELECT* 1879"  (cost=165745.69..165745.70 rows=1 width=76) (actual time=0.594..0.595 rows=1 loops=1)
         ->  Limit  (cost=165745.69..165745.69 rows=1 width=84) (actual time=0.591..0.592 rows=1 loops=1)
               ->  Sort  (cost=165745.69..165745.69 rows=1 width=84) (actual time=0.589..0.590 rows=1 loops=1)
                     Sort Key: (st_distance(st_transform(s_1878.the_geom, 25833), '0101000020E9640000D81A73CB9CDB234166E9CD11E70E5741'::geometry))
                     Sort Method: top-N heapsort  Memory: 25kB
                     ->  Seq Scan on phoml_trajectory_tmp s_1878  (cost=0.00..165745.68 rows=1 width=84) (actual time=0.014..0.522 rows=444 loops=1)
                           Filter: ((unix_time >= '1685451265.296'::double precision) AND (unix_time <= '1685451325.296'::double precision) AND st_dwithin(st_transform(the_geom, 25833), '0101000020E9640000D81A73CB9CDB234166E9CD11E70E5741'::geometry, '300'::double precision))
                           Rows Removed by Filter: 3216
   ->  Subquery Scan on "*SELECT* 1880"  (cost=165745.69..165745.70 rows=1 width=76) (actual time=0.600..0.601 rows=1 loops=1)
         ->  Limit  (cost=165745.69..165745.69 rows=1 width=84) (actual time=0.597..0.598 rows=1 loops=1)
               ->  Sort  (cost=165745.69..165745.69 rows=1 width=84) (actual time=0.595..0.595 rows=1 loops=1)
                     Sort Key: (st_distance(st_transform(s_1879.the_geom, 25833), '0101000020E9640000F323F6D699DB2341869BA0D9E50E5741'::geometry))
                     Sort Method: top-N heapsort  Memory: 25kB
                     ->  Seq Scan on phoml_trajectory_tmp s_1879  (cost=0.00..165745.68 rows=1 width=84) (actual time=0.010..0.521 rows=444 loops=1)
                           Filter: ((unix_time >= '1685451265.746'::double precision) AND (unix_time <= '1685451325.746'::double precision) AND st_dwithin(st_transform(the_geom, 25833), '0101000020E9640000F323F6D699DB2341869BA0D9E50E5741'::geometry, '300'::double precision))
                           Rows Removed by Filter: 3216
   ->  Subquery Scan on "*SELECT* 1881"  (cost=165745.69..165745.70 rows=1 width=76) (actual time=0.592..0.593 rows=1 loops=1)
         ->  Limit  (cost=165745.69..165745.69 rows=1 width=84) (actual time=0.590..0.591 rows=1 loops=1)
               ->  Sort  (cost=165745.69..165745.69 rows=1 width=84) (actual time=0.588..0.588 rows=1 loops=1)
                     Sort Key: (st_distance(st_transform(s_1880.the_geom, 25833), '0101000020E96400002F7FB78A96DB23412A2DCCA3E40E5741'::geometry))
                     Sort Method: top-N heapsort  Memory: 25kB
                     ->  Seq Scan on phoml_trajectory_tmp s_1880  (cost=0.00..165745.68 rows=1 width=84) (actual time=0.009..0.520 rows=448 loops=1)
                           Filter: ((unix_time >= '1685451266.195'::double precision) AND (unix_time <= '1685451326.195'::double precision) AND st_dwithin(st_transform(the_geom, 25833), '0101000020E96400002F7FB78A96DB23412A2DCCA3E40E5741'::geometry, '300'::double precision))
                           Rows Removed by Filter: 3212
   ->  Subquery Scan on "*SELECT* 1882"  (cost=165745.69..165745.70 rows=1 width=76) (actual time=0.610..0.611 rows=1 loops=1)
         ->  Limit  (cost=165745.69..165745.69 rows=1 width=84) (actual time=0.606..0.607 rows=1 loops=1)
               ->  Sort  (cost=165745.69..165745.69 rows=1 width=84) (actual time=0.604..0.605 rows=1 loops=1)
                     Sort Key: (st_distance(st_transform(s_1881.the_geom, 25833), '0101000020E96400005DF5094A93DB23411105A075E30E5741'::geometry))
                     Sort Method: top-N heapsort  Memory: 25kB
                     ->  Seq Scan on phoml_trajectory_tmp s_1881  (cost=0.00..165745.68 rows=1 width=84) (actual time=0.009..0.535 rows=452 loops=1)
                           Filter: ((unix_time >= '1685451266.635'::double precision) AND (unix_time <= '1685451326.635'::double precision) AND st_dwithin(st_transform(the_geom, 25833), '0101000020E96400005DF5094A93DB23411105A075E30E5741'::geometry, '300'::double precision))
                           Rows Removed by Filter: 3208
   ->  Subquery Scan on "*SELECT* 1883"  (cost=165745.69..165745.70 rows=1 width=76) (actual time=0.613..0.614 rows=1 loops=1)
         ->  Limit  (cost=165745.69..165745.69 rows=1 width=84) (actual time=0.610..0.610 rows=1 loops=1)
               ->  Sort  (cost=165745.69..165745.69 rows=1 width=84) (actual time=0.608..0.608 rows=1 loops=1)
                     Sort Key: (st_distance(st_transform(s_1882.the_geom, 25833), '0101000020E9640000A4480AEC8EDB2341BB0DC253E20E5741'::geometry))
                     Sort Method: top-N heapsort  Memory: 25kB
                     ->  Seq Scan on phoml_trajectory_tmp s_1882  (cost=0.00..165745.68 rows=1 width=84) (actual time=0.011..0.538 rows=452 loops=1)
                           Filter: ((unix_time >= '1685451267.075'::double precision) AND (unix_time <= '1685451327.075'::double precision) AND st_dwithin(st_transform(the_geom, 25833), '0101000020E9640000A4480AEC8EDB2341BB0DC253E20E5741'::geometry, '300'::double precision))
                           Rows Removed by Filter: 3208
   ->  Subquery Scan on "*SELECT* 1884"  (cost=165745.69..165745.70 rows=1 width=76) (actual time=0.608..0.609 rows=1 loops=1)
         ->  Limit  (cost=165745.69..165745.69 rows=1 width=84) (actual time=0.605..0.606 rows=1 loops=1)
               ->  Sort  (cost=165745.69..165745.69 rows=1 width=84) (actual time=0.603..0.604 rows=1 loops=1)
                     Sort Key: (st_distance(st_transform(s_1883.the_geom, 25833), '0101000020E9640000F5E5032A8ADB234173110B3AE10E5741'::geometry))
                     Sort Method: top-N heapsort  Memory: 25kB
                     ->  Seq Scan on phoml_trajectory_tmp s_1883  (cost=0.00..165745.68 rows=1 width=84) (actual time=0.011..0.533 rows=456 loops=1)
                           Filter: ((unix_time >= '1685451267.513'::double precision) AND (unix_time <= '1685451327.513'::double precision) AND st_dwithin(st_transform(the_geom, 25833), '0101000020E9640000F5E5032A8ADB234173110B3AE10E5741'::geometry, '300'::double precision))
                           Rows Removed by Filter: 3204
   ->  Subquery Scan on "*SELECT* 1885"  (cost=165745.69..165745.70 rows=1 width=76) (actual time=0.616..0.617 rows=1 loops=1)
         ->  Limit  (cost=165745.69..165745.69 rows=1 width=84) (actual time=0.613..0.613 rows=1 loops=1)
               ->  Sort  (cost=165745.69..165745.69 rows=1 width=84) (actual time=0.611..0.611 rows=1 loops=1)
                     Sort Key: (st_distance(st_transform(s_1884.the_geom, 25833), '0101000020E96400002353427D84DB234125BE9924E00E5741'::geometry))
                     Sort Method: top-N heapsort  Memory: 25kB
                     ->  Seq Scan on phoml_trajectory_tmp s_1884  (cost=0.00..165745.68 rows=1 width=84) (actual time=0.010..0.543 rows=452 loops=1)
                           Filter: ((unix_time >= '1685451267.953'::double precision) AND (unix_time <= '1685451327.953'::double precision) AND st_dwithin(st_transform(the_geom, 25833), '0101000020E96400002353427D84DB234125BE9924E00E5741'::geometry, '300'::double precision))
                           Rows Removed by Filter: 3208
   ->  Subquery Scan on "*SELECT* 1886"  (cost=165745.69..165745.70 rows=1 width=76) (actual time=0.603..0.604 rows=1 loops=1)
         ->  Limit  (cost=165745.69..165745.69 rows=1 width=84) (actual time=0.600..0.601 rows=1 loops=1)
               ->  Sort  (cost=165745.69..165745.69 rows=1 width=84) (actual time=0.598..0.599 rows=1 loops=1)
                     Sort Key: (st_distance(st_transform(s_1885.the_geom, 25833), '0101000020E9640000EAE998DC7EDB2341B814DE13DF0E5741'::geometry))
                     Sort Method: top-N heapsort  Memory: 25kB
                     ->  Seq Scan on phoml_trajectory_tmp s_1885  (cost=0.00..165745.68 rows=1 width=84) (actual time=0.010..0.529 rows=452 loops=1)
                           Filter: ((unix_time >= '1685451268.392'::double precision) AND (unix_time <= '1685451328.392'::double precision) AND st_dwithin(st_transform(the_geom, 25833), '0101000020E9640000EAE998DC7EDB2341B814DE13DF0E5741'::geometry, '300'::double precision))
                           Rows Removed by Filter: 3208
   ->  Subquery Scan on "*SELECT* 1887"  (cost=165745.69..165745.70 rows=1 width=76) (actual time=0.625..0.626 rows=1 loops=1)
         ->  Limit  (cost=165745.69..165745.69 rows=1 width=84) (actual time=0.622..0.622 rows=1 loops=1)
               ->  Sort  (cost=165745.69..165745.69 rows=1 width=84) (actual time=0.620..0.620 rows=1 loops=1)
                     Sort Key: (st_distance(st_transform(s_1886.the_geom, 25833), '0101000020E9640000BD82C2C378DB2341C649930EDE0E5741'::geometry))
                     Sort Method: top-N heapsort  Memory: 25kB
                     ->  Seq Scan on phoml_trajectory_tmp s_1886  (cost=0.00..165745.68 rows=1 width=84) (actual time=0.023..0.552 rows=448 loops=1)
                           Filter: ((unix_time >= '1685451268.812'::double precision) AND (unix_time <= '1685451328.812'::double precision) AND st_dwithin(st_transform(the_geom, 25833), '0101000020E9640000BD82C2C378DB2341C649930EDE0E5741'::geometry, '300'::double precision))
                           Rows Removed by Filter: 3212
   ->  Subquery Scan on "*SELECT* 1888"  (cost=165745.69..165745.70 rows=1 width=76) (actual time=0.611..0.612 rows=1 loops=1)
         ->  Limit  (cost=165745.69..165745.69 rows=1 width=84) (actual time=0.607..0.608 rows=1 loops=1)
               ->  Sort  (cost=165745.69..165745.69 rows=1 width=84) (actual time=0.605..0.606 rows=1 loops=1)
                     Sort Key: (st_distance(st_transform(s_1887.the_geom, 25833), '0101000020E964000081BA60E172DB2341217A9603DD0E5741'::geometry))
                     Sort Method: top-N heapsort  Memory: 25kB
                     ->  Seq Scan on phoml_trajectory_tmp s_1887  (cost=0.00..165745.68 rows=1 width=84) (actual time=0.011..0.529 rows=448 loops=1)
                           Filter: ((unix_time >= '1685451269.241'::double precision) AND (unix_time <= '1685451329.241'::double precision) AND st_dwithin(st_transform(the_geom, 25833), '0101000020E964000081BA60E172DB2341217A9603DD0E5741'::geometry, '300'::double precision))
                           Rows Removed by Filter: 3212
   ->  Subquery Scan on "*SELECT* 1889"  (cost=165745.69..165745.70 rows=1 width=76) (actual time=0.603..0.604 rows=1 loops=1)
         ->  Limit  (cost=165745.69..165745.69 rows=1 width=84) (actual time=0.600..0.601 rows=1 loops=1)
               ->  Sort  (cost=165745.69..165745.69 rows=1 width=84) (actual time=0.598..0.598 rows=1 loops=1)
                     Sort Key: (st_distance(st_transform(s_1888.the_geom, 25833), '0101000020E9640000A5F134F46CDB2341C4FF73F6DB0E5741'::geometry))
                     Sort Method: top-N heapsort  Memory: 25kB
                     ->  Seq Scan on phoml_trajectory_tmp s_1888  (cost=0.00..165745.68 rows=1 width=84) (actual time=0.011..0.528 rows=448 loops=1)
                           Filter: ((unix_time >= '1685451269.671'::double precision) AND (unix_time <= '1685451329.671'::double precision) AND st_dwithin(st_transform(the_geom, 25833), '0101000020E9640000A5F134F46CDB2341C4FF73F6DB0E5741'::geometry, '300'::double precision))
                           Rows Removed by Filter: 3212
   ->  Subquery Scan on "*SELECT* 1890"  (cost=165745.69..165745.70 rows=1 width=76) (actual time=0.621..0.622 rows=1 loops=1)
         ->  Limit  (cost=165745.69..165745.69 rows=1 width=84) (actual time=0.617..0.618 rows=1 loops=1)
               ->  Sort  (cost=165745.69..165745.69 rows=1 width=84) (actual time=0.615..0.616 rows=1 loops=1)
                     Sort Key: (st_distance(st_transform(s_1889.the_geom, 25833), '0101000020E9640000A154DC6067DB23410AE969F2DA0E5741'::geometry))
                     Sort Method: top-N heapsort  Memory: 25kB
                     ->  Seq Scan on phoml_trajectory_tmp s_1889  (cost=0.00..165745.68 rows=1 width=84) (actual time=0.013..0.549 rows=444 loops=1)
                           Filter: ((unix_time >= '1685451270.101'::double precision) AND (unix_time <= '1685451330.101'::double precision) AND st_dwithin(st_transform(the_geom, 25833), '0101000020E9640000A154DC6067DB23410AE969F2DA0E5741'::geometry, '300'::double precision))
                           Rows Removed by Filter: 3216
   ->  Subquery Scan on "*SELECT* 1891"  (cost=165745.69..165745.70 rows=1 width=76) (actual time=0.612..0.613 rows=1 loops=1)
         ->  Limit  (cost=165745.69..165745.69 rows=1 width=84) (actual time=0.609..0.610 rows=1 loops=1)
               ->  Sort  (cost=165745.69..165745.69 rows=1 width=84) (actual time=0.607..0.607 rows=1 loops=1)
                     Sort Key: (st_distance(st_transform(s_1890.the_geom, 25833), '0101000020E96400000995DE4362DB23411EFDC0D3D90E5741'::geometry))
                     Sort Method: top-N heapsort  Memory: 25kB
                     ->  Seq Scan on phoml_trajectory_tmp s_1890  (cost=0.00..165745.68 rows=1 width=84) (actual time=0.014..0.541 rows=444 loops=1)
                           Filter: ((unix_time >= '1685451270.534'::double precision) AND (unix_time <= '1685451330.534'::double precision) AND st_dwithin(st_transform(the_geom, 25833), '0101000020E96400000995DE4362DB23411EFDC0D3D90E5741'::geometry, '300'::double precision))
                           Rows Removed by Filter: 3216
   ->  Subquery Scan on "*SELECT* 1892"  (cost=165745.69..165745.70 rows=1 width=76) (actual time=0.594..0.595 rows=1 loops=1)
         ->  Limit  (cost=165745.69..165745.69 rows=1 width=84) (actual time=0.592..0.592 rows=1 loops=1)
               ->  Sort  (cost=165745.69..165745.69 rows=1 width=84) (actual time=0.589..0.589 rows=1 loops=1)
                     Sort Key: (st_distance(st_transform(s_1891.the_geom, 25833), '0101000020E96400002E9600B25DDB2341508191BCD80E5741'::geometry))
                     Sort Method: top-N heapsort  Memory: 25kB
                     ->  Seq Scan on phoml_trajectory_tmp s_1891  (cost=0.00..165745.68 rows=1 width=84) (actual time=0.012..0.521 rows=440 loops=1)
                           Filter: ((unix_time >= '1685451270.954'::double precision) AND (unix_time <= '1685451330.954'::double precision) AND st_dwithin(st_transform(the_geom, 25833), '0101000020E96400002E9600B25DDB2341508191BCD80E5741'::geometry, '300'::double precision))
                           Rows Removed by Filter: 3220
   ->  Subquery Scan on "*SELECT* 1893"  (cost=165745.69..165745.70 rows=1 width=76) (actual time=0.619..0.620 rows=1 loops=1)
         ->  Limit  (cost=165745.69..165745.69 rows=1 width=84) (actual time=0.615..0.616 rows=1 loops=1)
               ->  Sort  (cost=165745.69..165745.69 rows=1 width=84) (actual time=0.613..0.613 rows=1 loops=1)
                     Sort Key: (st_distance(st_transform(s_1892.the_geom, 25833), '0101000020E964000039433F0659DB2341F1A744A2D70E5741'::geometry))
                     Sort Method: top-N heapsort  Memory: 25kB
                     ->  Seq Scan on phoml_trajectory_tmp s_1892  (cost=0.00..165745.68 rows=1 width=84) (actual time=0.023..0.546 rows=440 loops=1)
                           Filter: ((unix_time >= '1685451271.373'::double precision) AND (unix_time <= '1685451331.373'::double precision) AND st_dwithin(st_transform(the_geom, 25833), '0101000020E964000039433F0659DB2341F1A744A2D70E5741'::geometry, '300'::double precision))
                           Rows Removed by Filter: 3220
   ->  Subquery Scan on "*SELECT* 1894"  (cost=165745.69..165745.70 rows=1 width=76) (actual time=0.599..0.600 rows=1 loops=1)
         ->  Limit  (cost=165745.69..165745.69 rows=1 width=84) (actual time=0.597..0.598 rows=1 loops=1)
               ->  Sort  (cost=165745.69..165745.69 rows=1 width=84) (actual time=0.595..0.595 rows=1 loops=1)
                     Sort Key: (st_distance(st_transform(s_1893.the_geom, 25833), '0101000020E96400006DFC6D1A54DB2341ED012E91D60E5741'::geometry))
                     Sort Method: top-N heapsort  Memory: 25kB
                     ->  Seq Scan on phoml_trajectory_tmp s_1893  (cost=0.00..165745.68 rows=1 width=84) (actual time=0.015..0.528 rows=438 loops=1)
                           Filter: ((unix_time >= '1685451271.793'::double precision) AND (unix_time <= '1685451331.793'::double precision) AND st_dwithin(st_transform(the_geom, 25833), '0101000020E96400006DFC6D1A54DB2341ED012E91D60E5741'::geometry, '300'::double precision))
                           Rows Removed by Filter: 3222
   ->  Subquery Scan on "*SELECT* 1895"  (cost=165745.69..165745.70 rows=1 width=76) (actual time=0.611..0.612 rows=1 loops=1)
         ->  Limit  (cost=165745.69..165745.69 rows=1 width=84) (actual time=0.608..0.609 rows=1 loops=1)
               ->  Sort  (cost=165745.69..165745.69 rows=1 width=84) (actual time=0.606..0.606 rows=1 loops=1)
                     Sort Key: (st_distance(st_transform(s_1894.the_geom, 25833), '0101000020E964000097F4E2BB4EDB2341284FE46DD50E5741'::geometry))
                     Sort Method: top-N heapsort  Memory: 25kB
                     ->  Seq Scan on phoml_trajectory_tmp s_1894  (cost=0.00..165745.68 rows=1 width=84) (actual time=0.026..0.538 rows=436 loops=1)
                           Filter: ((unix_time >= '1685451272.237'::double precision) AND (unix_time <= '1685451332.237'::double precision) AND st_dwithin(st_transform(the_geom, 25833), '0101000020E964000097F4E2BB4EDB2341284FE46DD50E5741'::geometry, '300'::double precision))
                           Rows Removed by Filter: 3224
   ->  Subquery Scan on "*SELECT* 1896"  (cost=165745.69..165745.70 rows=1 width=76) (actual time=0.603..0.604 rows=1 loops=1)
         ->  Limit  (cost=165745.69..165745.69 rows=1 width=84) (actual time=0.599..0.600 rows=1 loops=1)
               ->  Sort  (cost=165745.69..165745.69 rows=1 width=84) (actual time=0.597..0.597 rows=1 loops=1)
                     Sort Key: (st_distance(st_transform(s_1895.the_geom, 25833), '0101000020E9640000C0B9847B49DB23413EE0C860D40E5741'::geometry))
                     Sort Method: top-N heapsort  Memory: 25kB
                     ->  Seq Scan on phoml_trajectory_tmp s_1895  (cost=0.00..165745.68 rows=1 width=84) (actual time=0.013..0.531 rows=436 loops=1)
                           Filter: ((unix_time >= '1685451272.637'::double precision) AND (unix_time <= '1685451332.637'::double precision) AND st_dwithin(st_transform(the_geom, 25833), '0101000020E9640000C0B9847B49DB23413EE0C860D40E5741'::geometry, '300'::double precision))
                           Rows Removed by Filter: 3224
   ->  Subquery Scan on "*SELECT* 1897"  (cost=165745.69..165745.70 rows=1 width=76) (actual time=0.593..0.594 rows=1 loops=1)
         ->  Limit  (cost=165745.69..165745.69 rows=1 width=84) (actual time=0.590..0.591 rows=1 loops=1)
               ->  Sort  (cost=165745.69..165745.69 rows=1 width=84) (actual time=0.588..0.588 rows=1 loops=1)
                     Sort Key: (st_distance(st_transform(s_1896.the_geom, 25833), '0101000020E9640000432DBB1E44DB23414641EF5FD30E5741'::geometry))
                     Sort Method: top-N heapsort  Memory: 25kB
                     ->  Seq Scan on phoml_trajectory_tmp s_1896  (cost=0.00..165745.68 rows=1 width=84) (actual time=0.016..0.526 rows=434 loops=1)
                           Filter: ((unix_time >= '1685451273.047'::double precision) AND (unix_time <= '1685451333.047'::double precision) AND st_dwithin(st_transform(the_geom, 25833), '0101000020E9640000432DBB1E44DB23414641EF5FD30E5741'::geometry, '300'::double precision))
                           Rows Removed by Filter: 3226
   ->  Subquery Scan on "*SELECT* 1898"  (cost=165745.69..165745.70 rows=1 width=76) (actual time=0.600..0.601 rows=1 loops=1)
         ->  Limit  (cost=165745.69..165745.69 rows=1 width=84) (actual time=0.596..0.597 rows=1 loops=1)
               ->  Sort  (cost=165745.69..165745.69 rows=1 width=84) (actual time=0.594..0.594 rows=1 loops=1)
                     Sort Key: (st_distance(st_transform(s_1897.the_geom, 25833), '0101000020E9640000AEDFF0F63EDB234176D69C44D20E5741'::geometry))
                     Sort Method: top-N heapsort  Memory: 25kB
                     ->  Seq Scan on phoml_trajectory_tmp s_1897  (cost=0.00..165745.68 rows=1 width=84) (actual time=0.014..0.526 rows=432 loops=1)
                           Filter: ((unix_time >= '1685451273.482'::double precision) AND (unix_time <= '1685451333.482'::double precision) AND st_dwithin(st_transform(the_geom, 25833), '0101000020E9640000AEDFF0F63EDB234176D69C44D20E5741'::geometry, '300'::double precision))
                           Rows Removed by Filter: 3228
   ->  Subquery Scan on "*SELECT* 1899"  (cost=165745.69..165745.70 rows=1 width=76) (actual time=0.598..0.599 rows=1 loops=1)
         ->  Limit  (cost=165745.69..165745.69 rows=1 width=84) (actual time=0.595..0.596 rows=1 loops=1)
               ->  Sort  (cost=165745.69..165745.69 rows=1 width=84) (actual time=0.593..0.593 rows=1 loops=1)
                     Sort Key: (st_distance(st_transform(s_1898.the_geom, 25833), '0101000020E9640000252690383ADB23413E86BE2BD10E5741'::geometry))
                     Sort Method: top-N heapsort  Memory: 25kB
                     ->  Seq Scan on phoml_trajectory_tmp s_1898  (cost=0.00..165745.68 rows=1 width=84) (actual time=0.016..0.526 rows=432 loops=1)
                           Filter: ((unix_time >= '1685451273.912'::double precision) AND (unix_time <= '1685451333.912'::double precision) AND st_dwithin(st_transform(the_geom, 25833), '0101000020E9640000252690383ADB23413E86BE2BD10E5741'::geometry, '300'::double precision))
                           Rows Removed by Filter: 3228
   ->  Subquery Scan on "*SELECT* 1900"  (cost=165745.69..165745.70 rows=1 width=76) (actual time=0.596..0.597 rows=1 loops=1)
         ->  Limit  (cost=165745.69..165745.69 rows=1 width=84) (actual time=0.594..0.594 rows=1 loops=1)
               ->  Sort  (cost=165745.69..165745.69 rows=1 width=84) (actual time=0.591..0.591 rows=1 loops=1)
                     Sort Key: (st_distance(st_transform(s_1899.the_geom, 25833), '0101000020E964000011B83EB035DB2341A6E50711D00E5741'::geometry))
                     Sort Method: top-N heapsort  Memory: 25kB
                     ->  Seq Scan on phoml_trajectory_tmp s_1899  (cost=0.00..165745.68 rows=1 width=84) (actual time=0.016..0.526 rows=432 loops=1)
                           Filter: ((unix_time >= '1685451274.335'::double precision) AND (unix_time <= '1685451334.335'::double precision) AND st_dwithin(st_transform(the_geom, 25833), '0101000020E964000011B83EB035DB2341A6E50711D00E5741'::geometry, '300'::double precision))
                           Rows Removed by Filter: 3228
   ->  Subquery Scan on "*SELECT* 1901"  (cost=165745.69..165745.70 rows=1 width=76) (actual time=0.601..0.602 rows=1 loops=1)
         ->  Limit  (cost=165745.69..165745.69 rows=1 width=84) (actual time=0.598..0.599 rows=1 loops=1)
               ->  Sort  (cost=165745.69..165745.69 rows=1 width=84) (actual time=0.595..0.596 rows=1 loops=1)
                     Sort Key: (st_distance(st_transform(s_1900.the_geom, 25833), '0101000020E9640000BACA105C31DB2341498533ECCE0E5741'::geometry))
                     Sort Method: top-N heapsort  Memory: 25kB
                     ->  Seq Scan on phoml_trajectory_tmp s_1900  (cost=0.00..165745.68 rows=1 width=84) (actual time=0.014..0.530 rows=428 loops=1)
                           Filter: ((unix_time >= '1685451274.764'::double precision) AND (unix_time <= '1685451334.764'::double precision) AND st_dwithin(st_transform(the_geom, 25833), '0101000020E9640000BACA105C31DB2341498533ECCE0E5741'::geometry, '300'::double precision))
                           Rows Removed by Filter: 3232
   ->  Subquery Scan on "*SELECT* 1902"  (cost=165745.69..165745.70 rows=1 width=76) (actual time=0.592..0.593 rows=1 loops=1)
         ->  Limit  (cost=165745.69..165745.69 rows=1 width=84) (actual time=0.590..0.591 rows=1 loops=1)
               ->  Sort  (cost=165745.69..165745.69 rows=1 width=84) (actual time=0.588..0.589 rows=1 loops=1)
                     Sort Key: (st_distance(st_transform(s_1901.the_geom, 25833), '0101000020E96400004DF902562DDB23415B721DC7CD0E5741'::geometry))
                     Sort Method: top-N heapsort  Memory: 25kB
                     ->  Seq Scan on phoml_trajectory_tmp s_1901  (cost=0.00..165745.68 rows=1 width=84) (actual time=0.016..0.522 rows=428 loops=1)
                           Filter: ((unix_time >= '1685451275.191'::double precision) AND (unix_time <= '1685451335.191'::double precision) AND st_dwithin(st_transform(the_geom, 25833), '0101000020E96400004DF902562DDB23415B721DC7CD0E5741'::geometry, '300'::double precision))
                           Rows Removed by Filter: 3232
   ->  Subquery Scan on "*SELECT* 1903"  (cost=165745.69..165745.70 rows=1 width=76) (actual time=0.605..0.606 rows=1 loops=1)
         ->  Limit  (cost=165745.69..165745.69 rows=1 width=84) (actual time=0.602..0.603 rows=1 loops=1)
               ->  Sort  (cost=165745.69..165745.69 rows=1 width=84) (actual time=0.600..0.600 rows=1 loops=1)
                     Sort Key: (st_distance(st_transform(s_1902.the_geom, 25833), '0101000020E9640000760200A829DB23413C29869ACC0E5741'::geometry))
                     Sort Method: top-N heapsort  Memory: 25kB
                     ->  Seq Scan on phoml_trajectory_tmp s_1902  (cost=0.00..165745.68 rows=1 width=84) (actual time=0.018..0.535 rows=428 loops=1)
                           Filter: ((unix_time >= '1685451275.611'::double precision) AND (unix_time <= '1685451335.611'::double precision) AND st_dwithin(st_transform(the_geom, 25833), '0101000020E9640000760200A829DB23413C29869ACC0E5741'::geometry, '300'::double precision))
                           Rows Removed by Filter: 3232
   ->  Subquery Scan on "*SELECT* 1904"  (cost=165745.69..165745.70 rows=1 width=76) (actual time=0.609..0.610 rows=1 loops=1)
         ->  Limit  (cost=165745.69..165745.69 rows=1 width=84) (actual time=0.605..0.606 rows=1 loops=1)
               ->  Sort  (cost=165745.69..165745.69 rows=1 width=84) (actual time=0.603..0.604 rows=1 loops=1)
                     Sort Key: (st_distance(st_transform(s_1903.the_geom, 25833), '0101000020E964000033BD2FAB26DB2341AEF6F960CB0E5741'::geometry))
                     Sort Method: top-N heapsort  Memory: 25kB
                     ->  Seq Scan on phoml_trajectory_tmp s_1903  (cost=0.00..165745.68 rows=1 width=84) (actual time=0.017..0.538 rows=428 loops=1)
                           Filter: ((unix_time >= '1685451276.041'::double precision) AND (unix_time <= '1685451336.041'::double precision) AND st_dwithin(st_transform(the_geom, 25833), '0101000020E964000033BD2FAB26DB2341AEF6F960CB0E5741'::geometry, '300'::double precision))
                           Rows Removed by Filter: 3232
   ->  Subquery Scan on "*SELECT* 1905"  (cost=165745.69..165745.70 rows=1 width=76) (actual time=0.591..0.592 rows=1 loops=1)
         ->  Limit  (cost=165745.69..165745.69 rows=1 width=84) (actual time=0.589..0.589 rows=1 loops=1)
               ->  Sort  (cost=165745.69..165745.69 rows=1 width=84) (actual time=0.586..0.587 rows=1 loops=1)
                     Sort Key: (st_distance(st_transform(s_1904.the_geom, 25833), '0101000020E9640000AF312C8B24DB2341DBA3D027CA0E5741'::geometry))
                     Sort Method: top-N heapsort  Memory: 25kB
                     ->  Seq Scan on phoml_trajectory_tmp s_1904  (cost=0.00..165745.68 rows=1 width=84) (actual time=0.016..0.521 rows=424 loops=1)
                           Filter: ((unix_time >= '1685451276.466'::double precision) AND (unix_time <= '1685451336.466'::double precision) AND st_dwithin(st_transform(the_geom, 25833), '0101000020E9640000AF312C8B24DB2341DBA3D027CA0E5741'::geometry, '300'::double precision))
                           Rows Removed by Filter: 3236
   ->  Subquery Scan on "*SELECT* 1906"  (cost=165745.69..165745.70 rows=1 width=76) (actual time=0.605..0.605 rows=1 loops=1)
         ->  Limit  (cost=165745.69..165745.69 rows=1 width=84) (actual time=0.601..0.602 rows=1 loops=1)
               ->  Sort  (cost=165745.69..165745.69 rows=1 width=84) (actual time=0.599..0.600 rows=1 loops=1)
                     Sort Key: (st_distance(st_transform(s_1905.the_geom, 25833), '0101000020E96400002612D1EB22DB234131D999DFC80E5741'::geometry))
                     Sort Method: top-N heapsort  Memory: 25kB
                     ->  Seq Scan on phoml_trajectory_tmp s_1905  (cost=0.00..165745.68 rows=1 width=84) (actual time=0.015..0.534 rows=424 loops=1)
                           Filter: ((unix_time >= '1685451276.886'::double precision) AND (unix_time <= '1685451336.886'::double precision) AND st_dwithin(st_transform(the_geom, 25833), '0101000020E96400002612D1EB22DB234131D999DFC80E5741'::geometry, '300'::double precision))
                           Rows Removed by Filter: 3236
   ->  Subquery Scan on "*SELECT* 1907"  (cost=165745.69..165745.70 rows=1 width=76) (actual time=0.592..0.593 rows=1 loops=1)
         ->  Limit  (cost=165745.69..165745.69 rows=1 width=84) (actual time=0.590..0.591 rows=1 loops=1)
               ->  Sort  (cost=165745.69..165745.69 rows=1 width=84) (actual time=0.588..0.588 rows=1 loops=1)
                     Sort Key: (st_distance(st_transform(s_1906.the_geom, 25833), '0101000020E964000074893D7C22DB234135FC3492C70E5741'::geometry))
                     Sort Method: top-N heapsort  Memory: 25kB
                     ->  Seq Scan on phoml_trajectory_tmp s_1906  (cost=0.00..165745.68 rows=1 width=84) (actual time=0.020..0.525 rows=424 loops=1)
                           Filter: ((unix_time >= '1685451277.31'::double precision) AND (unix_time <= '1685451337.31'::double precision) AND st_dwithin(st_transform(the_geom, 25833), '0101000020E964000074893D7C22DB234135FC3492C70E5741'::geometry, '300'::double precision))
                           Rows Removed by Filter: 3236
   ->  Subquery Scan on "*SELECT* 1908"  (cost=165745.69..165745.70 rows=1 width=76) (actual time=0.599..0.600 rows=1 loops=1)
         ->  Limit  (cost=165745.69..165745.69 rows=1 width=84) (actual time=0.596..0.597 rows=1 loops=1)
               ->  Sort  (cost=165745.69..165745.69 rows=1 width=84) (actual time=0.594..0.595 rows=1 loops=1)
                     Sort Key: (st_distance(st_transform(s_1907.the_geom, 25833), '0101000020E964000037D5A58522DB2341A9D38440C60E5741'::geometry))
                     Sort Method: top-N heapsort  Memory: 25kB
                     ->  Seq Scan on phoml_trajectory_tmp s_1907  (cost=0.00..165745.68 rows=1 width=84) (actual time=0.025..0.528 rows=424 loops=1)
                           Filter: ((unix_time >= '1685451277.73'::double precision) AND (unix_time <= '1685451337.73'::double precision) AND st_dwithin(st_transform(the_geom, 25833), '0101000020E964000037D5A58522DB2341A9D38440C60E5741'::geometry, '300'::double precision))
                           Rows Removed by Filter: 3236
   ->  Subquery Scan on "*SELECT* 1909"  (cost=165745.69..165745.70 rows=1 width=76) (actual time=0.606..0.607 rows=1 loops=1)
         ->  Limit  (cost=165745.69..165745.69 rows=1 width=84) (actual time=0.603..0.603 rows=1 loops=1)
               ->  Sort  (cost=165745.69..165745.69 rows=1 width=84) (actual time=0.601..0.601 rows=1 loops=1)
                     Sort Key: (st_distance(st_transform(s_1908.the_geom, 25833), '0101000020E96400007562AAE122DB23415F00D2F7C40E5741'::geometry))
                     Sort Method: top-N heapsort  Memory: 25kB
                     ->  Seq Scan on phoml_trajectory_tmp s_1908  (cost=0.00..165745.68 rows=1 width=84) (actual time=0.016..0.529 rows=424 loops=1)
                           Filter: ((unix_time >= '1685451278.133'::double precision) AND (unix_time <= '1685451338.133'::double precision) AND st_dwithin(st_transform(the_geom, 25833), '0101000020E96400007562AAE122DB23415F00D2F7C40E5741'::geometry, '300'::double precision))
                           Rows Removed by Filter: 3236
   ->  Subquery Scan on "*SELECT* 1910"  (cost=165745.69..165745.70 rows=1 width=76) (actual time=0.589..0.590 rows=1 loops=1)
         ->  Limit  (cost=165745.69..165745.69 rows=1 width=84) (actual time=0.587..0.588 rows=1 loops=1)
               ->  Sort  (cost=165745.69..165745.69 rows=1 width=84) (actual time=0.585..0.585 rows=1 loops=1)
                     Sort Key: (st_distance(st_transform(s_1909.the_geom, 25833), '0101000020E9640000A036AB1623DB23410EBFF0A7C30E5741'::geometry))
                     Sort Method: top-N heapsort  Memory: 25kB
                     ->  Seq Scan on phoml_trajectory_tmp s_1909  (cost=0.00..165745.68 rows=1 width=84) (actual time=0.017..0.521 rows=420 loops=1)
                           Filter: ((unix_time >= '1685451278.563'::double precision) AND (unix_time <= '1685451338.563'::double precision) AND st_dwithin(st_transform(the_geom, 25833), '0101000020E9640000A036AB1623DB23410EBFF0A7C30E5741'::geometry, '300'::double precision))
                           Rows Removed by Filter: 3240
   ->  Subquery Scan on "*SELECT* 1911"  (cost=165745.69..165745.70 rows=1 width=76) (actual time=0.610..0.611 rows=1 loops=1)
         ->  Limit  (cost=165745.69..165745.69 rows=1 width=84) (actual time=0.607..0.608 rows=1 loops=1)
               ->  Sort  (cost=165745.69..165745.69 rows=1 width=84) (actual time=0.605..0.605 rows=1 loops=1)
                     Sort Key: (st_distance(st_transform(s_1910.the_geom, 25833), '0101000020E9640000B486211E23DB234126962B66C20E5741'::geometry))
                     Sort Method: top-N heapsort  Memory: 25kB
                     ->  Seq Scan on phoml_trajectory_tmp s_1910  (cost=0.00..165745.68 rows=1 width=84) (actual time=0.017..0.535 rows=420 loops=1)
                           Filter: ((unix_time >= '1685451278.973'::double precision) AND (unix_time <= '1685451338.973'::double precision) AND st_dwithin(st_transform(the_geom, 25833), '0101000020E9640000B486211E23DB234126962B66C20E5741'::geometry, '300'::double precision))
                           Rows Removed by Filter: 3240
   ->  Subquery Scan on "*SELECT* 1912"  (cost=165745.69..165745.70 rows=1 width=76) (actual time=0.601..0.603 rows=1 loops=1)
         ->  Limit  (cost=165745.69..165745.69 rows=1 width=84) (actual time=0.597..0.598 rows=1 loops=1)
               ->  Sort  (cost=165745.69..165745.69 rows=1 width=84) (actual time=0.594..0.595 rows=1 loops=1)
                     Sort Key: (st_distance(st_transform(s_1911.the_geom, 25833), '0101000020E9640000B6FDAC1923DB2341893B4120C10E5741'::geometry))
                     Sort Method: top-N heapsort  Memory: 25kB
                     ->  Seq Scan on phoml_trajectory_tmp s_1911  (cost=0.00..165745.68 rows=1 width=84) (actual time=0.016..0.531 rows=420 loops=1)
                           Filter: ((unix_time >= '1685451279.391'::double precision) AND (unix_time <= '1685451339.391'::double precision) AND st_dwithin(st_transform(the_geom, 25833), '0101000020E9640000B6FDAC1923DB2341893B4120C10E5741'::geometry, '300'::double precision))
                           Rows Removed by Filter: 3240
   ->  Subquery Scan on "*SELECT* 1913"  (cost=165745.69..165745.70 rows=1 width=76) (actual time=0.588..0.589 rows=1 loops=1)
         ->  Limit  (cost=165745.69..165745.69 rows=1 width=84) (actual time=0.586..0.587 rows=1 loops=1)
               ->  Sort  (cost=165745.69..165745.69 rows=1 width=84) (actual time=0.584..0.584 rows=1 loops=1)
                     Sort Key: (st_distance(st_transform(s_1912.the_geom, 25833), '0101000020E96400006F1BB02D23DB234113711DDDBF0E5741'::geometry))
                     Sort Method: top-N heapsort  Memory: 25kB
                     ->  Seq Scan on phoml_trajectory_tmp s_1912  (cost=0.00..165745.68 rows=1 width=84) (actual time=0.017..0.520 rows=420 loops=1)
                           Filter: ((unix_time >= '1685451279.801'::double precision) AND (unix_time <= '1685451339.801'::double precision) AND st_dwithin(st_transform(the_geom, 25833), '0101000020E96400006F1BB02D23DB234113711DDDBF0E5741'::geometry, '300'::double precision))
                           Rows Removed by Filter: 3240
   ->  Subquery Scan on "*SELECT* 1914"  (cost=165745.69..165745.70 rows=1 width=76) (actual time=0.601..0.603 rows=1 loops=1)
         ->  Limit  (cost=165745.69..165745.69 rows=1 width=84) (actual time=0.598..0.599 rows=1 loops=1)
               ->  Sort  (cost=165745.69..165745.69 rows=1 width=84) (actual time=0.596..0.597 rows=1 loops=1)
                     Sort Key: (st_distance(st_transform(s_1913.the_geom, 25833), '0101000020E9640000C897A07623DB23416BAE5293BE0E5741'::geometry))
                     Sort Method: top-N heapsort  Memory: 25kB
                     ->  Seq Scan on phoml_trajectory_tmp s_1913  (cost=0.00..165745.68 rows=1 width=84) (actual time=0.017..0.533 rows=418 loops=1)
                           Filter: ((unix_time >= '1685451280.224'::double precision) AND (unix_time <= '1685451340.224'::double precision) AND st_dwithin(st_transform(the_geom, 25833), '0101000020E9640000C897A07623DB23416BAE5293BE0E5741'::geometry, '300'::double precision))
                           Rows Removed by Filter: 3242
   ->  Subquery Scan on "*SELECT* 1915"  (cost=165745.69..165745.70 rows=1 width=76) (actual time=0.585..0.586 rows=1 loops=1)
         ->  Limit  (cost=165745.69..165745.69 rows=1 width=84) (actual time=0.583..0.584 rows=1 loops=1)
               ->  Sort  (cost=165745.69..165745.69 rows=1 width=84) (actual time=0.581..0.581 rows=1 loops=1)
                     Sort Key: (st_distance(st_transform(s_1914.the_geom, 25833), '0101000020E964000087E1D0F923DB2341EA82B354BD0E5741'::geometry))
                     Sort Method: top-N heapsort  Memory: 25kB
                     ->  Seq Scan on phoml_trajectory_tmp s_1914  (cost=0.00..165745.68 rows=1 width=84) (actual time=0.020..0.517 rows=416 loops=1)
                           Filter: ((unix_time >= '1685451280.644'::double precision) AND (unix_time <= '1685451340.644'::double precision) AND st_dwithin(st_transform(the_geom, 25833), '0101000020E964000087E1D0F923DB2341EA82B354BD0E5741'::geometry, '300'::double precision))
                           Rows Removed by Filter: 3244
   ->  Subquery Scan on "*SELECT* 1916"  (cost=165745.69..165745.70 rows=1 width=76) (actual time=0.595..0.596 rows=1 loops=1)
         ->  Limit  (cost=165745.69..165745.69 rows=1 width=84) (actual time=0.591..0.592 rows=1 loops=1)
               ->  Sort  (cost=165745.69..165745.69 rows=1 width=84) (actual time=0.589..0.589 rows=1 loops=1)
                     Sort Key: (st_distance(st_transform(s_1915.the_geom, 25833), '0101000020E9640000EE38BFB624DB23413957D61BBC0E5741'::geometry))
                     Sort Method: top-N heapsort  Memory: 25kB
                     ->  Seq Scan on phoml_trajectory_tmp s_1915  (cost=0.00..165745.68 rows=1 width=84) (actual time=0.016..0.526 rows=416 loops=1)
                           Filter: ((unix_time >= '1685451281.054'::double precision) AND (unix_time <= '1685451341.054'::double precision) AND st_dwithin(st_transform(the_geom, 25833), '0101000020E9640000EE38BFB624DB23413957D61BBC0E5741'::geometry, '300'::double precision))
                           Rows Removed by Filter: 3244
   ->  Subquery Scan on "*SELECT* 1917"  (cost=165745.69..165745.70 rows=1 width=76) (actual time=0.596..0.597 rows=1 loops=1)
         ->  Limit  (cost=165745.69..165745.69 rows=1 width=84) (actual time=0.592..0.592 rows=1 loops=1)
               ->  Sort  (cost=165745.69..165745.69 rows=1 width=84) (actual time=0.590..0.590 rows=1 loops=1)
                     Sort Key: (st_distance(st_transform(s_1916.the_geom, 25833), '0101000020E964000027D0205625DB2341FEFA3BD2BA0E5741'::geometry))
                     Sort Method: top-N heapsort  Memory: 25kB
                     ->  Seq Scan on phoml_trajectory_tmp s_1916  (cost=0.00..165745.68 rows=1 width=84) (actual time=0.019..0.518 rows=416 loops=1)
                           Filter: ((unix_time >= '1685451281.488'::double precision) AND (unix_time <= '1685451341.488'::double precision) AND st_dwithin(st_transform(the_geom, 25833), '0101000020E964000027D0205625DB2341FEFA3BD2BA0E5741'::geometry, '300'::double precision))
                           Rows Removed by Filter: 3244
   ->  Subquery Scan on "*SELECT* 1918"  (cost=165745.69..165745.70 rows=1 width=76) (actual time=0.641..0.642 rows=1 loops=1)
         ->  Limit  (cost=165745.69..165745.69 rows=1 width=84) (actual time=0.638..0.639 rows=1 loops=1)
               ->  Sort  (cost=165745.69..165745.69 rows=1 width=84) (actual time=0.636..0.637 rows=1 loops=1)
                     Sort Key: (st_distance(st_transform(s_1917.the_geom, 25833), '0101000020E9640000936CA24226DB2341680FCA94B90E5741'::geometry))
                     Sort Method: top-N heapsort  Memory: 25kB
                     ->  Seq Scan on phoml_trajectory_tmp s_1917  (cost=0.00..165745.68 rows=1 width=84) (actual time=0.018..0.569 rows=420 loops=1)
                           Filter: ((unix_time >= '1685451281.918'::double precision) AND (unix_time <= '1685451341.918'::double precision) AND st_dwithin(st_transform(the_geom, 25833), '0101000020E9640000936CA24226DB2341680FCA94B90E5741'::geometry, '300'::double precision))
                           Rows Removed by Filter: 3240
   ->  Subquery Scan on "*SELECT* 1919"  (cost=165745.69..165745.70 rows=1 width=76) (actual time=0.596..0.597 rows=1 loops=1)
         ->  Limit  (cost=165745.69..165745.69 rows=1 width=84) (actual time=0.592..0.593 rows=1 loops=1)
               ->  Sort  (cost=165745.69..165745.69 rows=1 width=84) (actual time=0.590..0.590 rows=1 loops=1)
                     Sort Key: (st_distance(st_transform(s_1918.the_geom, 25833), '0101000020E96400008CE4540C27DB234199432759B80E5741'::geometry))
                     Sort Method: top-N heapsort  Memory: 25kB
                     ->  Seq Scan on phoml_trajectory_tmp s_1918  (cost=0.00..165745.68 rows=1 width=84) (actual time=0.016..0.527 rows=416 loops=1)
                           Filter: ((unix_time >= '1685451282.34'::double precision) AND (unix_time <= '1685451342.34'::double precision) AND st_dwithin(st_transform(the_geom, 25833), '0101000020E96400008CE4540C27DB234199432759B80E5741'::geometry, '300'::double precision))
                           Rows Removed by Filter: 3244
   ->  Subquery Scan on "*SELECT* 1920"  (cost=165745.69..165745.70 rows=1 width=76) (actual time=0.576..0.577 rows=1 loops=1)
         ->  Limit  (cost=165745.69..165745.69 rows=1 width=84) (actual time=0.574..0.574 rows=1 loops=1)
               ->  Sort  (cost=165745.69..165745.69 rows=1 width=84) (actual time=0.572..0.572 rows=1 loops=1)
                     Sort Key: (st_distance(st_transform(s_1919.the_geom, 25833), '0101000020E96400008FAE167227DB23417A58E412B70E5741'::geometry))
                     Sort Method: top-N heapsort  Memory: 25kB
                     ->  Seq Scan on phoml_trajectory_tmp s_1919  (cost=0.00..165745.68 rows=1 width=84) (actual time=0.018..0.510 rows=416 loops=1)
                           Filter: ((unix_time >= '1685451282.78'::double precision) AND (unix_time <= '1685451342.78'::double precision) AND st_dwithin(st_transform(the_geom, 25833), '0101000020E96400008FAE167227DB23417A58E412B70E5741'::geometry, '300'::double precision))
                           Rows Removed by Filter: 3244
   ->  Subquery Scan on "*SELECT* 1921"  (cost=165745.69..165745.70 rows=1 width=76) (actual time=0.594..0.596 rows=1 loops=1)
         ->  Limit  (cost=165745.69..165745.69 rows=1 width=84) (actual time=0.591..0.592 rows=1 loops=1)
               ->  Sort  (cost=165745.69..165745.69 rows=1 width=84) (actual time=0.589..0.590 rows=1 loops=1)
                     Sort Key: (st_distance(st_transform(s_1920.the_geom, 25833), '0101000020E9640000B4BCB50028DB234180793FD1B50E5741'::geometry))
                     Sort Method: top-N heapsort  Memory: 25kB
                     ->  Seq Scan on phoml_trajectory_tmp s_1920  (cost=0.00..165745.68 rows=1 width=84) (actual time=0.017..0.528 rows=416 loops=1)
                           Filter: ((unix_time >= '1685451283.221'::double precision) AND (unix_time <= '1685451343.221'::double precision) AND st_dwithin(st_transform(the_geom, 25833), '0101000020E9640000B4BCB50028DB234180793FD1B50E5741'::geometry, '300'::double precision))
                           Rows Removed by Filter: 3244
   ->  Subquery Scan on "*SELECT* 1922"  (cost=165745.69..165745.70 rows=1 width=76) (actual time=0.600..0.601 rows=1 loops=1)
         ->  Limit  (cost=165745.69..165745.69 rows=1 width=84) (actual time=0.596..0.597 rows=1 loops=1)
               ->  Sort  (cost=165745.69..165745.69 rows=1 width=84) (actual time=0.594..0.594 rows=1 loops=1)
                     Sort Key: (st_distance(st_transform(s_1921.the_geom, 25833), '0101000020E9640000A990182F2ADB2341E8A52697B40E5741'::geometry))
                     Sort Method: top-N heapsort  Memory: 25kB
                     ->  Seq Scan on phoml_trajectory_tmp s_1921  (cost=0.00..165745.68 rows=1 width=84) (actual time=0.018..0.524 rows=416 loops=1)
                           Filter: ((unix_time >= '1685451283.661'::double precision) AND (unix_time <= '1685451343.661'::double precision) AND st_dwithin(st_transform(the_geom, 25833), '0101000020E9640000A990182F2ADB2341E8A52697B40E5741'::geometry, '300'::double precision))
                           Rows Removed by Filter: 3244
   ->  Subquery Scan on "*SELECT* 1923"  (cost=165745.69..165745.70 rows=1 width=76) (actual time=0.582..0.583 rows=1 loops=1)
         ->  Limit  (cost=165745.69..165745.69 rows=1 width=84) (actual time=0.580..0.581 rows=1 loops=1)
               ->  Sort  (cost=165745.69..165745.69 rows=1 width=84) (actual time=0.578..0.578 rows=1 loops=1)
                     Sort Key: (st_distance(st_transform(s_1922.the_geom, 25833), '0101000020E9640000FBF2D3AC2DDB23412522215BB30E5741'::geometry))
                     Sort Method: top-N heapsort  Memory: 25kB
                     ->  Seq Scan on phoml_trajectory_tmp s_1922  (cost=0.00..165745.68 rows=1 width=84) (actual time=0.017..0.515 rows=412 loops=1)
                           Filter: ((unix_time >= '1685451284.131'::double precision) AND (unix_time <= '1685451344.131'::double precision) AND st_dwithin(st_transform(the_geom, 25833), '0101000020E9640000FBF2D3AC2DDB23412522215BB30E5741'::geometry, '300'::double precision))
                           Rows Removed by Filter: 3248
   ->  Subquery Scan on "*SELECT* 1924"  (cost=165745.69..165745.70 rows=1 width=76) (actual time=0.589..0.590 rows=1 loops=1)
         ->  Limit  (cost=165745.69..165745.69 rows=1 width=84) (actual time=0.586..0.586 rows=1 loops=1)
               ->  Sort  (cost=165745.69..165745.69 rows=1 width=84) (actual time=0.583..0.584 rows=1 loops=1)
                     Sort Key: (st_distance(st_transform(s_1923.the_geom, 25833), '0101000020E9640000C980380333DB2341BD37B030B20E5741'::geometry))
                     Sort Method: top-N heapsort  Memory: 25kB
                     ->  Seq Scan on phoml_trajectory_tmp s_1923  (cost=0.00..165745.68 rows=1 width=84) (actual time=0.016..0.521 rows=412 loops=1)
                           Filter: ((unix_time >= '1685451284.604'::double precision) AND (unix_time <= '1685451344.604'::double precision) AND st_dwithin(st_transform(the_geom, 25833), '0101000020E9640000C980380333DB2341BD37B030B20E5741'::geometry, '300'::double precision))
                           Rows Removed by Filter: 3248
   ->  Subquery Scan on "*SELECT* 1925"  (cost=165745.69..165745.70 rows=1 width=76) (actual time=0.582..0.583 rows=1 loops=1)
         ->  Limit  (cost=165745.69..165745.69 rows=1 width=84) (actual time=0.579..0.580 rows=1 loops=1)
               ->  Sort  (cost=165745.69..165745.69 rows=1 width=84) (actual time=0.577..0.577 rows=1 loops=1)
                     Sort Key: (st_distance(st_transform(s_1924.the_geom, 25833), '0101000020E96400008B2BBA9639DB2341D9E5690EB10E5741'::geometry))
                     Sort Method: top-N heapsort  Memory: 25kB
                     ->  Seq Scan on phoml_trajectory_tmp s_1924  (cost=0.00..165745.68 rows=1 width=84) (actual time=0.017..0.515 rows=416 loops=1)
                           Filter: ((unix_time >= '1685451285.114'::double precision) AND (unix_time <= '1685451345.114'::double precision) AND st_dwithin(st_transform(the_geom, 25833), '0101000020E96400008B2BBA9639DB2341D9E5690EB10E5741'::geometry, '300'::double precision))
                           Rows Removed by Filter: 3244
   ->  Subquery Scan on "*SELECT* 1926"  (cost=165745.69..165745.70 rows=1 width=76) (actual time=0.606..0.607 rows=1 loops=1)
         ->  Limit  (cost=165745.69..165745.69 rows=1 width=84) (actual time=0.603..0.604 rows=1 loops=1)
               ->  Sort  (cost=165745.69..165745.69 rows=1 width=84) (actual time=0.601..0.602 rows=1 loops=1)
                     Sort Key: (st_distance(st_transform(s_1925.the_geom, 25833), '0101000020E9640000376B792641DB2341EC6DC1FDAF0E5741'::geometry))
                     Sort Method: top-N heapsort  Memory: 25kB
                     ->  Seq Scan on phoml_trajectory_tmp s_1925  (cost=0.00..165745.68 rows=1 width=84) (actual time=0.029..0.539 rows=416 loops=1)
                           Filter: ((unix_time >= '1685451285.631'::double precision) AND (unix_time <= '1685451345.631'::double precision) AND st_dwithin(st_transform(the_geom, 25833), '0101000020E9640000376B792641DB2341EC6DC1FDAF0E5741'::geometry, '300'::double precision))
                           Rows Removed by Filter: 3244
   ->  Subquery Scan on "*SELECT* 1927"  (cost=165745.69..165745.70 rows=1 width=76) (actual time=0.598..0.599 rows=1 loops=1)
         ->  Limit  (cost=165745.69..165745.69 rows=1 width=84) (actual time=0.595..0.595 rows=1 loops=1)
               ->  Sort  (cost=165745.69..165745.69 rows=1 width=84) (actual time=0.592..0.593 rows=1 loops=1)
                     Sort Key: (st_distance(st_transform(s_1926.the_geom, 25833), '0101000020E964000003ACE12449DB23415C4DDC00AF0E5741'::geometry))
                     Sort Method: top-N heapsort  Memory: 25kB
                     ->  Seq Scan on phoml_trajectory_tmp s_1926  (cost=0.00..165745.68 rows=1 width=84) (actual time=0.020..0.528 rows=416 loops=1)
                           Filter: ((unix_time >= '1685451286.146'::double precision) AND (unix_time <= '1685451346.146'::double precision) AND st_dwithin(st_transform(the_geom, 25833), '0101000020E964000003ACE12449DB23415C4DDC00AF0E5741'::geometry, '300'::double precision))
                           Rows Removed by Filter: 3244
   ->  Subquery Scan on "*SELECT* 1928"  (cost=165745.69..165745.70 rows=1 width=76) (actual time=0.582..0.583 rows=1 loops=1)
         ->  Limit  (cost=165745.69..165745.69 rows=1 width=84) (actual time=0.580..0.580 rows=1 loops=1)
               ->  Sort  (cost=165745.69..165745.69 rows=1 width=84) (actual time=0.578..0.578 rows=1 loops=1)
                     Sort Key: (st_distance(st_transform(s_1927.the_geom, 25833), '0101000020E9640000BF475DE852DB23417EBD3029AE0E5741'::geometry))
                     Sort Method: top-N heapsort  Memory: 25kB
                     ->  Seq Scan on phoml_trajectory_tmp s_1927  (cost=0.00..165745.68 rows=1 width=84) (actual time=0.015..0.515 rows=420 loops=1)
                           Filter: ((unix_time >= '1685451286.686'::double precision) AND (unix_time <= '1685451346.686'::double precision) AND st_dwithin(st_transform(the_geom, 25833), '0101000020E9640000BF475DE852DB23417EBD3029AE0E5741'::geometry, '300'::double precision))
                           Rows Removed by Filter: 3240
   ->  Subquery Scan on "*SELECT* 1929"  (cost=165745.69..165745.70 rows=1 width=76) (actual time=0.611..0.613 rows=1 loops=1)
         ->  Limit  (cost=165745.69..165745.69 rows=1 width=84) (actual time=0.607..0.608 rows=1 loops=1)
               ->  Sort  (cost=165745.69..165745.69 rows=1 width=84) (actual time=0.605..0.606 rows=1 loops=1)
                     Sort Key: (st_distance(st_transform(s_1928.the_geom, 25833), '0101000020E96400005B43C20B60DB23417CE544A0AD0E5741'::geometry))
                     Sort Method: top-N heapsort  Memory: 25kB
                     ->  Seq Scan on phoml_trajectory_tmp s_1928  (cost=0.00..165745.68 rows=1 width=84) (actual time=0.026..0.542 rows=424 loops=1)
                           Filter: ((unix_time >= '1685451287.242'::double precision) AND (unix_time <= '1685451347.242'::double precision) AND st_dwithin(st_transform(the_geom, 25833), '0101000020E96400005B43C20B60DB23417CE544A0AD0E5741'::geometry, '300'::double precision))
                           Rows Removed by Filter: 3236
   ->  Subquery Scan on "*SELECT* 1930"  (cost=165745.69..165745.70 rows=1 width=76) (actual time=0.620..0.621 rows=1 loops=1)
         ->  Limit  (cost=165745.69..165745.69 rows=1 width=84) (actual time=0.616..0.617 rows=1 loops=1)
               ->  Sort  (cost=165745.69..165745.69 rows=1 width=84) (actual time=0.614..0.615 rows=1 loops=1)
                     Sort Key: (st_distance(st_transform(s_1929.the_geom, 25833), '0101000020E96400004FE54C976EDB2341FDA69069AD0E5741'::geometry))
                     Sort Method: top-N heapsort  Memory: 25kB
                     ->  Seq Scan on phoml_trajectory_tmp s_1929  (cost=0.00..165745.68 rows=1 width=84) (actual time=0.019..0.547 rows=428 loops=1)
                           Filter: ((unix_time >= '1685451287.802'::double precision) AND (unix_time <= '1685451347.802'::double precision) AND st_dwithin(st_transform(the_geom, 25833), '0101000020E96400004FE54C976EDB2341FDA69069AD0E5741'::geometry, '300'::double precision))
                           Rows Removed by Filter: 3232
   ->  Subquery Scan on "*SELECT* 1931"  (cost=165745.69..165745.70 rows=1 width=76) (actual time=0.594..0.595 rows=1 loops=1)
         ->  Limit  (cost=165745.69..165745.69 rows=1 width=84) (actual time=0.592..0.592 rows=1 loops=1)
               ->  Sort  (cost=165745.69..165745.69 rows=1 width=84) (actual time=0.589..0.590 rows=1 loops=1)
                     Sort Key: (st_distance(st_transform(s_1930.the_geom, 25833), '0101000020E964000006E0A02F7DDB234170833776AD0E5741'::geometry))
                     Sort Method: top-N heapsort  Memory: 25kB
                     ->  Seq Scan on phoml_trajectory_tmp s_1930  (cost=0.00..165745.68 rows=1 width=84) (actual time=0.015..0.523 rows=430 loops=1)
                           Filter: ((unix_time >= '1685451288.379'::double precision) AND (unix_time <= '1685451348.379'::double precision) AND st_dwithin(st_transform(the_geom, 25833), '0101000020E964000006E0A02F7DDB234170833776AD0E5741'::geometry, '300'::double precision))
                           Rows Removed by Filter: 3230
   ->  Subquery Scan on "*SELECT* 1932"  (cost=165745.69..165745.70 rows=1 width=76) (actual time=0.612..0.613 rows=1 loops=1)
         ->  Limit  (cost=165745.69..165745.69 rows=1 width=84) (actual time=0.609..0.609 rows=1 loops=1)
               ->  Sort  (cost=165745.69..165745.69 rows=1 width=84) (actual time=0.607..0.607 rows=1 loops=1)
                     Sort Key: (st_distance(st_transform(s_1931.the_geom, 25833), '0101000020E9640000AA8D55F28ADB234122AA54A4AD0E5741'::geometry))
                     Sort Method: top-N heapsort  Memory: 25kB
                     ->  Seq Scan on phoml_trajectory_tmp s_1931  (cost=0.00..165745.68 rows=1 width=84) (actual time=0.014..0.540 rows=436 loops=1)
                           Filter: ((unix_time >= '1685451288.969'::double precision) AND (unix_time <= '1685451348.969'::double precision) AND st_dwithin(st_transform(the_geom, 25833), '0101000020E9640000AA8D55F28ADB234122AA54A4AD0E5741'::geometry, '300'::double precision))
                           Rows Removed by Filter: 3224
   ->  Subquery Scan on "*SELECT* 1933"  (cost=165745.69..165745.70 rows=1 width=76) (actual time=0.606..0.607 rows=1 loops=1)
         ->  Limit  (cost=165745.69..165745.69 rows=1 width=84) (actual time=0.603..0.604 rows=1 loops=1)
               ->  Sort  (cost=165745.69..165745.69 rows=1 width=84) (actual time=0.601..0.602 rows=1 loops=1)
                     Sort Key: (st_distance(st_transform(s_1932.the_geom, 25833), '0101000020E9640000113AB07A98DB23418C4D3B02AE0E5741'::geometry))
                     Sort Method: top-N heapsort  Memory: 25kB
                     ->  Seq Scan on phoml_trajectory_tmp s_1932  (cost=0.00..165745.68 rows=1 width=84) (actual time=0.013..0.535 rows=444 loops=1)
                           Filter: ((unix_time >= '1685451289.576'::double precision) AND (unix_time <= '1685451349.576'::double precision) AND st_dwithin(st_transform(the_geom, 25833), '0101000020E9640000113AB07A98DB23418C4D3B02AE0E5741'::geometry, '300'::double precision))
                           Rows Removed by Filter: 3216
   ->  Subquery Scan on "*SELECT* 1934"  (cost=165745.69..165745.70 rows=1 width=76) (actual time=0.615..0.617 rows=1 loops=1)
         ->  Limit  (cost=165745.69..165745.69 rows=1 width=84) (actual time=0.612..0.613 rows=1 loops=1)
               ->  Sort  (cost=165745.69..165745.69 rows=1 width=84) (actual time=0.610..0.610 rows=1 loops=1)
                     Sort Key: (st_distance(st_transform(s_1933.the_geom, 25833), '0101000020E96400002A1A13EFA4DB2341A0746C7AAE0E5741'::geometry))
                     Sort Method: top-N heapsort  Memory: 25kB
                     ->  Seq Scan on phoml_trajectory_tmp s_1933  (cost=0.00..165745.68 rows=1 width=84) (actual time=0.015..0.543 rows=448 loops=1)
                           Filter: ((unix_time >= '1685451290.189'::double precision) AND (unix_time <= '1685451350.189'::double precision) AND st_dwithin(st_transform(the_geom, 25833), '0101000020E96400002A1A13EFA4DB2341A0746C7AAE0E5741'::geometry, '300'::double precision))
                           Rows Removed by Filter: 3212
   ->  Subquery Scan on "*SELECT* 1935"  (cost=165745.69..165745.70 rows=1 width=76) (actual time=0.616..0.617 rows=1 loops=1)
         ->  Limit  (cost=165745.69..165745.69 rows=1 width=84) (actual time=0.612..0.613 rows=1 loops=1)
               ->  Sort  (cost=165745.69..165745.69 rows=1 width=84) (actual time=0.610..0.610 rows=1 loops=1)
                     Sort Key: (st_distance(st_transform(s_1934.the_geom, 25833), '0101000020E9640000CD618E82B0DB23413A29CAEEAE0E5741'::geometry))
                     Sort Method: top-N heapsort  Memory: 25kB
                     ->  Seq Scan on phoml_trajectory_tmp s_1934  (cost=0.00..165745.68 rows=1 width=84) (actual time=0.011..0.535 rows=456 loops=1)
                           Filter: ((unix_time >= '1685451290.789'::double precision) AND (unix_time <= '1685451350.789'::double precision) AND st_dwithin(st_transform(the_geom, 25833), '0101000020E9640000CD618E82B0DB23413A29CAEEAE0E5741'::geometry, '300'::double precision))
                           Rows Removed by Filter: 3204
   ->  Subquery Scan on "*SELECT* 1936"  (cost=165745.69..165745.70 rows=1 width=76) (actual time=0.607..0.608 rows=1 loops=1)
         ->  Limit  (cost=165745.69..165745.69 rows=1 width=84) (actual time=0.605..0.605 rows=1 loops=1)
               ->  Sort  (cost=165745.69..165745.69 rows=1 width=84) (actual time=0.602..0.603 rows=1 loops=1)
                     Sort Key: (st_distance(st_transform(s_1935.the_geom, 25833), '0101000020E96400006FF67158BBDB2341931AF01CAF0E5741'::geometry))
                     Sort Method: top-N heapsort  Memory: 25kB
                     ->  Seq Scan on phoml_trajectory_tmp s_1935  (cost=0.00..165745.68 rows=1 width=84) (actual time=0.010..0.531 rows=460 loops=1)
                           Filter: ((unix_time >= '1685451291.422'::double precision) AND (unix_time <= '1685451351.422'::double precision) AND st_dwithin(st_transform(the_geom, 25833), '0101000020E96400006FF67158BBDB2341931AF01CAF0E5741'::geometry, '300'::double precision))
                           Rows Removed by Filter: 3200
   ->  Subquery Scan on "*SELECT* 1937"  (cost=165745.69..165745.70 rows=1 width=76) (actual time=0.655..0.656 rows=1 loops=1)
         ->  Limit  (cost=165745.69..165745.69 rows=1 width=84) (actual time=0.652..0.652 rows=1 loops=1)
               ->  Sort  (cost=165745.69..165745.69 rows=1 width=84) (actual time=0.650..0.650 rows=1 loops=1)
                     Sort Key: (st_distance(st_transform(s_1936.the_geom, 25833), '0101000020E9640000BA396141C5DB2341027193E9AE0E5741'::geometry))
                     Sort Method: top-N heapsort  Memory: 25kB
                     ->  Seq Scan on phoml_trajectory_tmp s_1936  (cost=0.00..165745.68 rows=1 width=84) (actual time=0.022..0.579 rows=462 loops=1)
                           Filter: ((unix_time >= '1685451292.052'::double precision) AND (unix_time <= '1685451352.052'::double precision) AND st_dwithin(st_transform(the_geom, 25833), '0101000020E9640000BA396141C5DB2341027193E9AE0E5741'::geometry, '300'::double precision))
                           Rows Removed by Filter: 3198
   ->  Subquery Scan on "*SELECT* 1938"  (cost=165745.69..165745.70 rows=1 width=76) (actual time=0.620..0.622 rows=1 loops=1)
         ->  Limit  (cost=165745.69..165745.69 rows=1 width=84) (actual time=0.617..0.618 rows=1 loops=1)
               ->  Sort  (cost=165745.69..165745.69 rows=1 width=84) (actual time=0.615..0.616 rows=1 loops=1)
                     Sort Key: (st_distance(st_transform(s_1937.the_geom, 25833), '0101000020E964000084C749F3CEDB2341CD63D9ABAE0E5741'::geometry))
                     Sort Method: top-N heapsort  Memory: 25kB
                     ->  Seq Scan on phoml_trajectory_tmp s_1937  (cost=0.00..165745.68 rows=1 width=84) (actual time=0.013..0.544 rows=460 loops=1)
                           Filter: ((unix_time >= '1685451292.675'::double precision) AND (unix_time <= '1685451352.675'::double precision) AND st_dwithin(st_transform(the_geom, 25833), '0101000020E964000084C749F3CEDB2341CD63D9ABAE0E5741'::geometry, '300'::double precision))
                           Rows Removed by Filter: 3200
   ->  Subquery Scan on "*SELECT* 1939"  (cost=165745.69..165745.70 rows=1 width=76) (actual time=0.609..0.610 rows=1 loops=1)
         ->  Limit  (cost=165745.69..165745.69 rows=1 width=84) (actual time=0.607..0.608 rows=1 loops=1)
               ->  Sort  (cost=165745.69..165745.69 rows=1 width=84) (actual time=0.605..0.605 rows=1 loops=1)
                     Sort Key: (st_distance(st_transform(s_1938.the_geom, 25833), '0101000020E96400001FFC26EDD8DB234105A73674AE0E5741'::geometry))
                     Sort Method: top-N heapsort  Memory: 25kB
                     ->  Seq Scan on phoml_trajectory_tmp s_1938  (cost=0.00..165745.68 rows=1 width=84) (actual time=0.012..0.532 rows=460 loops=1)
                           Filter: ((unix_time >= '1685451293.304'::double precision) AND (unix_time <= '1685451353.304'::double precision) AND st_dwithin(st_transform(the_geom, 25833), '0101000020E96400001FFC26EDD8DB234105A73674AE0E5741'::geometry, '300'::double precision))
                           Rows Removed by Filter: 3200
   ->  Subquery Scan on "*SELECT* 1940"  (cost=165745.69..165745.70 rows=1 width=76) (actual time=0.608..0.609 rows=1 loops=1)
         ->  Limit  (cost=165745.69..165745.69 rows=1 width=84) (actual time=0.604..0.604 rows=1 loops=1)
               ->  Sort  (cost=165745.69..165745.69 rows=1 width=84) (actual time=0.602..0.602 rows=1 loops=1)
                     Sort Key: (st_distance(st_transform(s_1939.the_geom, 25833), '0101000020E96400009EE580AEE2DB23412265F229AE0E5741'::geometry))
                     Sort Method: top-N heapsort  Memory: 25kB
                     ->  Seq Scan on phoml_trajectory_tmp s_1939  (cost=0.00..165745.68 rows=1 width=84) (actual time=0.012..0.534 rows=460 loops=1)
                           Filter: ((unix_time >= '1685451293.924'::double precision) AND (unix_time <= '1685451353.924'::double precision) AND st_dwithin(st_transform(the_geom, 25833), '0101000020E96400009EE580AEE2DB23412265F229AE0E5741'::geometry, '300'::double precision))
                           Rows Removed by Filter: 3200
   ->  Subquery Scan on "*SELECT* 1941"  (cost=165745.69..165745.70 rows=1 width=76) (actual time=0.614..0.616 rows=1 loops=1)
         ->  Limit  (cost=165745.69..165745.69 rows=1 width=84) (actual time=0.611..0.612 rows=1 loops=1)
               ->  Sort  (cost=165745.69..165745.69 rows=1 width=84) (actual time=0.608..0.609 rows=1 loops=1)
                     Sort Key: (st_distance(st_transform(s_1940.the_geom, 25833), '0101000020E9640000B9C88531ECDB2341CB0B7AEBAD0E5741'::geometry))
                     Sort Method: top-N heapsort  Memory: 25kB
                     ->  Seq Scan on phoml_trajectory_tmp s_1940  (cost=0.00..165745.68 rows=1 width=84) (actual time=0.011..0.540 rows=460 loops=1)
                           Filter: ((unix_time >= '1685451294.541'::double precision) AND (unix_time <= '1685451354.541'::double precision) AND st_dwithin(st_transform(the_geom, 25833), '0101000020E9640000B9C88531ECDB2341CB0B7AEBAD0E5741'::geometry, '300'::double precision))
                           Rows Removed by Filter: 3200
   ->  Subquery Scan on "*SELECT* 1942"  (cost=165745.69..165745.70 rows=1 width=76) (actual time=0.621..0.622 rows=1 loops=1)
         ->  Limit  (cost=165745.69..165745.69 rows=1 width=84) (actual time=0.618..0.619 rows=1 loops=1)
               ->  Sort  (cost=165745.69..165745.69 rows=1 width=84) (actual time=0.616..0.617 rows=1 loops=1)
                     Sort Key: (st_distance(st_transform(s_1941.the_geom, 25833), '0101000020E9640000C1A392F5F5DB23417CA7D4A3AD0E5741'::geometry))
                     Sort Method: top-N heapsort  Memory: 25kB
                     ->  Seq Scan on phoml_trajectory_tmp s_1941  (cost=0.00..165745.68 rows=1 width=84) (actual time=0.015..0.546 rows=460 loops=1)
                           Filter: ((unix_time >= '1685451295.198'::double precision) AND (unix_time <= '1685451355.198'::double precision) AND st_dwithin(st_transform(the_geom, 25833), '0101000020E9640000C1A392F5F5DB23417CA7D4A3AD0E5741'::geometry, '300'::double precision))
                           Rows Removed by Filter: 3200
   ->  Subquery Scan on "*SELECT* 1943"  (cost=165745.69..165745.70 rows=1 width=76) (actual time=0.621..0.622 rows=1 loops=1)
         ->  Limit  (cost=165745.69..165745.69 rows=1 width=84) (actual time=0.618..0.619 rows=1 loops=1)
               ->  Sort  (cost=165745.69..165745.69 rows=1 width=84) (actual time=0.616..0.616 rows=1 loops=1)
                     Sort Key: (st_distance(st_transform(s_1942.the_geom, 25833), '0101000020E964000091CD91AFFFDB234135F2AE4EAD0E5741'::geometry))
                     Sort Method: top-N heapsort  Memory: 25kB
                     ->  Seq Scan on phoml_trajectory_tmp s_1942  (cost=0.00..165745.68 rows=1 width=84) (actual time=0.011..0.548 rows=456 loops=1)
                           Filter: ((unix_time >= '1685451295.868'::double precision) AND (unix_time <= '1685451355.868'::double precision) AND st_dwithin(st_transform(the_geom, 25833), '0101000020E964000091CD91AFFFDB234135F2AE4EAD0E5741'::geometry, '300'::double precision))
                           Rows Removed by Filter: 3204
   ->  Subquery Scan on "*SELECT* 1944"  (cost=165745.69..165745.70 rows=1 width=76) (actual time=0.612..0.612 rows=1 loops=1)
         ->  Limit  (cost=165745.69..165745.69 rows=1 width=84) (actual time=0.609..0.610 rows=1 loops=1)
               ->  Sort  (cost=165745.69..165745.69 rows=1 width=84) (actual time=0.607..0.608 rows=1 loops=1)
                     Sort Key: (st_distance(st_transform(s_1943.the_geom, 25833), '0101000020E964000024F5953609DC2341B8C40CFCAC0E5741'::geometry))
                     Sort Method: top-N heapsort  Memory: 25kB
                     ->  Seq Scan on phoml_trajectory_tmp s_1943  (cost=0.00..165745.68 rows=1 width=84) (actual time=0.011..0.538 rows=460 loops=1)
                           Filter: ((unix_time >= '1685451296.573'::double precision) AND (unix_time <= '1685451356.573'::double precision) AND st_dwithin(st_transform(the_geom, 25833), '0101000020E964000024F5953609DC2341B8C40CFCAC0E5741'::geometry, '300'::double precision))
                           Rows Removed by Filter: 3200
   ->  Subquery Scan on "*SELECT* 1945"  (cost=165745.69..165745.70 rows=1 width=76) (actual time=0.627..0.628 rows=1 loops=1)
         ->  Limit  (cost=165745.69..165745.69 rows=1 width=84) (actual time=0.623..0.624 rows=1 loops=1)
               ->  Sort  (cost=165745.69..165745.69 rows=1 width=84) (actual time=0.621..0.621 rows=1 loops=1)
                     Sort Key: (st_distance(st_transform(s_1944.the_geom, 25833), '0101000020E964000022CDBDE212DC23414DC51C98AC0E5741'::geometry))
                     Sort Method: top-N heapsort  Memory: 25kB
                     ->  Seq Scan on phoml_trajectory_tmp s_1944  (cost=0.00..165745.68 rows=1 width=84) (actual time=0.011..0.551 rows=458 loops=1)
                           Filter: ((unix_time >= '1685451297.329'::double precision) AND (unix_time <= '1685451357.329'::double precision) AND st_dwithin(st_transform(the_geom, 25833), '0101000020E964000022CDBDE212DC23414DC51C98AC0E5741'::geometry, '300'::double precision))
                           Rows Removed by Filter: 3202
   ->  Subquery Scan on "*SELECT* 1946"  (cost=165745.69..165745.70 rows=1 width=76) (actual time=0.619..0.620 rows=1 loops=1)
         ->  Limit  (cost=165745.69..165745.69 rows=1 width=84) (actual time=0.616..0.617 rows=1 loops=1)
               ->  Sort  (cost=165745.69..165745.69 rows=1 width=84) (actual time=0.614..0.614 rows=1 loops=1)
                     Sort Key: (st_distance(st_transform(s_1945.the_geom, 25833), '0101000020E9640000A6F862EE1BDC2341B86F03FDAB0E5741'::geometry))
                     Sort Method: top-N heapsort  Memory: 25kB
                     ->  Seq Scan on phoml_trajectory_tmp s_1945  (cost=0.00..165745.68 rows=1 width=84) (actual time=0.013..0.543 rows=456 loops=1)
                           Filter: ((unix_time >= '1685451298.089'::double precision) AND (unix_time <= '1685451358.089'::double precision) AND st_dwithin(st_transform(the_geom, 25833), '0101000020E9640000A6F862EE1BDC2341B86F03FDAB0E5741'::geometry, '300'::double precision))
                           Rows Removed by Filter: 3204
   ->  Subquery Scan on "*SELECT* 1947"  (cost=165745.69..165745.70 rows=1 width=76) (actual time=0.609..0.610 rows=1 loops=1)
         ->  Limit  (cost=165745.69..165745.69 rows=1 width=84) (actual time=0.607..0.608 rows=1 loops=1)
               ->  Sort  (cost=165745.69..165745.69 rows=1 width=84) (actual time=0.605..0.605 rows=1 loops=1)
                     Sort Key: (st_distance(st_transform(s_1946.the_geom, 25833), '0101000020E964000076BE8A9223DC234108AD81D6AA0E5741'::geometry))
                     Sort Method: top-N heapsort  Memory: 25kB
                     ->  Seq Scan on phoml_trajectory_tmp s_1946  (cost=0.00..165745.68 rows=1 width=84) (actual time=0.013..0.536 rows=456 loops=1)
                           Filter: ((unix_time >= '1685451298.868'::double precision) AND (unix_time <= '1685451358.868'::double precision) AND st_dwithin(st_transform(the_geom, 25833), '0101000020E964000076BE8A9223DC234108AD81D6AA0E5741'::geometry, '300'::double precision))
                           Rows Removed by Filter: 3204
   ->  Subquery Scan on "*SELECT* 1948"  (cost=165745.69..165745.70 rows=1 width=76) (actual time=0.629..0.630 rows=1 loops=1)
         ->  Limit  (cost=165745.69..165745.69 rows=1 width=84) (actual time=0.624..0.625 rows=1 loops=1)
               ->  Sort  (cost=165745.69..165745.69 rows=1 width=84) (actual time=0.622..0.622 rows=1 loops=1)
                     Sort Key: (st_distance(st_transform(s_1947.the_geom, 25833), '0101000020E9640000216B28F629DC234167A7DB7FA90E5741'::geometry))
                     Sort Method: top-N heapsort  Memory: 25kB
                     ->  Seq Scan on phoml_trajectory_tmp s_1947  (cost=0.00..165745.68 rows=1 width=84) (actual time=0.011..0.551 rows=458 loops=1)
                           Filter: ((unix_time >= '1685451299.639'::double precision) AND (unix_time <= '1685451359.639'::double precision) AND st_dwithin(st_transform(the_geom, 25833), '0101000020E9640000216B28F629DC234167A7DB7FA90E5741'::geometry, '300'::double precision))
                           Rows Removed by Filter: 3202
   ->  Subquery Scan on "*SELECT* 1949"  (cost=165745.69..165745.70 rows=1 width=76) (actual time=0.614..0.615 rows=1 loops=1)
         ->  Limit  (cost=165745.69..165745.69 rows=1 width=84) (actual time=0.611..0.611 rows=1 loops=1)
               ->  Sort  (cost=165745.69..165745.69 rows=1 width=84) (actual time=0.609..0.609 rows=1 loops=1)
                     Sort Key: (st_distance(st_transform(s_1948.the_geom, 25833), '0101000020E9640000719D2EDF2EDC234160079B02A80E5741'::geometry))
                     Sort Method: top-N heapsort  Memory: 25kB
                     ->  Seq Scan on phoml_trajectory_tmp s_1948  (cost=0.00..165745.68 rows=1 width=84) (actual time=0.012..0.538 rows=456 loops=1)
                           Filter: ((unix_time >= '1685451300.387'::double precision) AND (unix_time <= '1685451360.387'::double precision) AND st_dwithin(st_transform(the_geom, 25833), '0101000020E9640000719D2EDF2EDC234160079B02A80E5741'::geometry, '300'::double precision))
                           Rows Removed by Filter: 3204
   ->  Subquery Scan on "*SELECT* 1950"  (cost=165745.69..165745.70 rows=1 width=76) (actual time=0.605..0.606 rows=1 loops=1)
         ->  Limit  (cost=165745.69..165745.69 rows=1 width=84) (actual time=0.602..0.603 rows=1 loops=1)
               ->  Sort  (cost=165745.69..165745.69 rows=1 width=84) (actual time=0.600..0.601 rows=1 loops=1)
                     Sort Key: (st_distance(st_transform(s_1949.the_geom, 25833), '0101000020E9640000272FC85D32DC234108483A75A60E5741'::geometry))
                     Sort Method: top-N heapsort  Memory: 25kB
                     ->  Seq Scan on phoml_trajectory_tmp s_1949  (cost=0.00..165745.68 rows=1 width=84) (actual time=0.016..0.532 rows=456 loops=1)
                           Filter: ((unix_time >= '1685451301.097'::double precision) AND (unix_time <= '1685451361.097'::double precision) AND st_dwithin(st_transform(the_geom, 25833), '0101000020E9640000272FC85D32DC234108483A75A60E5741'::geometry, '300'::double precision))
                           Rows Removed by Filter: 3204
   ->  Subquery Scan on "*SELECT* 1951"  (cost=165745.69..165745.70 rows=1 width=76) (actual time=0.619..0.620 rows=1 loops=1)
         ->  Limit  (cost=165745.69..165745.69 rows=1 width=84) (actual time=0.616..0.617 rows=1 loops=1)
               ->  Sort  (cost=165745.69..165745.69 rows=1 width=84) (actual time=0.614..0.615 rows=1 loops=1)
                     Sort Key: (st_distance(st_transform(s_1950.the_geom, 25833), '0101000020E964000049882F5634DC23410712A5C7A40E5741'::geometry))
                     Sort Method: top-N heapsort  Memory: 25kB
                     ->  Seq Scan on phoml_trajectory_tmp s_1950  (cost=0.00..165745.68 rows=1 width=84) (actual time=0.013..0.538 rows=456 loops=1)
                           Filter: ((unix_time >= '1685451301.795'::double precision) AND (unix_time <= '1685451361.795'::double precision) AND st_dwithin(st_transform(the_geom, 25833), '0101000020E964000049882F5634DC23410712A5C7A40E5741'::geometry, '300'::double precision))
                           Rows Removed by Filter: 3204
   ->  Subquery Scan on "*SELECT* 1952"  (cost=165745.69..165745.70 rows=1 width=76) (actual time=0.603..0.604 rows=1 loops=1)
         ->  Limit  (cost=165745.69..165745.69 rows=1 width=84) (actual time=0.601..0.602 rows=1 loops=1)
               ->  Sort  (cost=165745.69..165745.69 rows=1 width=84) (actual time=0.598..0.599 rows=1 loops=1)
                     Sort Key: (st_distance(st_transform(s_1951.the_geom, 25833), '0101000020E9640000EC4555BA34DC2341A2EDFE20A30E5741'::geometry))
                     Sort Method: top-N heapsort  Memory: 25kB
                     ->  Seq Scan on phoml_trajectory_tmp s_1951  (cost=0.00..165745.68 rows=1 width=84) (actual time=0.011..0.530 rows=456 loops=1)
                           Filter: ((unix_time >= '1685451302.456'::double precision) AND (unix_time <= '1685451362.456'::double precision) AND st_dwithin(st_transform(the_geom, 25833), '0101000020E9640000EC4555BA34DC2341A2EDFE20A30E5741'::geometry, '300'::double precision))
                           Rows Removed by Filter: 3204
   ->  Subquery Scan on "*SELECT* 1953"  (cost=165745.69..165745.70 rows=1 width=76) (actual time=0.619..0.620 rows=1 loops=1)
         ->  Limit  (cost=165745.69..165745.69 rows=1 width=84) (actual time=0.616..0.616 rows=1 loops=1)
               ->  Sort  (cost=165745.69..165745.69 rows=1 width=84) (actual time=0.613..0.614 rows=1 loops=1)
                     Sort Key: (st_distance(st_transform(s_1952.the_geom, 25833), '0101000020E96400007541315734DC2341CAF3528BA10E5741'::geometry))
                     Sort Method: top-N heapsort  Memory: 25kB
                     ->  Seq Scan on phoml_trajectory_tmp s_1952  (cost=0.00..165745.68 rows=1 width=84) (actual time=0.012..0.545 rows=456 loops=1)
                           Filter: ((unix_time >= '1685451303.086'::double precision) AND (unix_time <= '1685451363.086'::double precision) AND st_dwithin(st_transform(the_geom, 25833), '0101000020E96400007541315734DC2341CAF3528BA10E5741'::geometry, '300'::double precision))
                           Rows Removed by Filter: 3204
   ->  Subquery Scan on "*SELECT* 1954"  (cost=165745.69..165745.70 rows=1 width=76) (actual time=0.620..0.621 rows=1 loops=1)
         ->  Limit  (cost=165745.69..165745.69 rows=1 width=84) (actual time=0.616..0.617 rows=1 loops=1)
               ->  Sort  (cost=165745.69..165745.69 rows=1 width=84) (actual time=0.614..0.614 rows=1 loops=1)
                     Sort Key: (st_distance(st_transform(s_1953.the_geom, 25833), '0101000020E9640000787FBBEC32DC2341E1ED2CFC9F0E5741'::geometry))
                     Sort Method: top-N heapsort  Memory: 25kB
                     ->  Seq Scan on phoml_trajectory_tmp s_1953  (cost=0.00..165745.68 rows=1 width=84) (actual time=0.014..0.544 rows=456 loops=1)
                           Filter: ((unix_time >= '1685451303.707'::double precision) AND (unix_time <= '1685451363.707'::double precision) AND st_dwithin(st_transform(the_geom, 25833), '0101000020E9640000787FBBEC32DC2341E1ED2CFC9F0E5741'::geometry, '300'::double precision))
                           Rows Removed by Filter: 3204
   ->  Subquery Scan on "*SELECT* 1955"  (cost=165745.69..165745.70 rows=1 width=76) (actual time=0.597..0.598 rows=1 loops=1)
         ->  Limit  (cost=165745.69..165745.69 rows=1 width=84) (actual time=0.594..0.595 rows=1 loops=1)
               ->  Sort  (cost=165745.69..165745.69 rows=1 width=84) (actual time=0.592..0.593 rows=1 loops=1)
                     Sort Key: (st_distance(st_transform(s_1954.the_geom, 25833), '0101000020E964000070E55D7B31DC234108E6AC7E9E0E5741'::geometry))
                     Sort Method: top-N heapsort  Memory: 25kB
                     ->  Seq Scan on phoml_trajectory_tmp s_1954  (cost=0.00..165745.68 rows=1 width=84) (actual time=0.011..0.523 rows=458 loops=1)
                           Filter: ((unix_time >= '1685451304.309'::double precision) AND (unix_time <= '1685451364.309'::double precision) AND st_dwithin(st_transform(the_geom, 25833), '0101000020E964000070E55D7B31DC234108E6AC7E9E0E5741'::geometry, '300'::double precision))
                           Rows Removed by Filter: 3202
   ->  Subquery Scan on "*SELECT* 1956"  (cost=165745.69..165745.70 rows=1 width=76) (actual time=0.614..0.615 rows=1 loops=1)
         ->  Limit  (cost=165745.69..165745.69 rows=1 width=84) (actual time=0.611..0.611 rows=1 loops=1)
               ->  Sort  (cost=165745.69..165745.69 rows=1 width=84) (actual time=0.608..0.609 rows=1 loops=1)
                     Sort Key: (st_distance(st_transform(s_1955.the_geom, 25833), '0101000020E96400004473C6F930DC23419D9EBB229D0E5741'::geometry))
                     Sort Method: top-N heapsort  Memory: 25kB
                     ->  Seq Scan on phoml_trajectory_tmp s_1955  (cost=0.00..165745.68 rows=1 width=84) (actual time=0.011..0.540 rows=456 loops=1)
                           Filter: ((unix_time >= '1685451304.879'::double precision) AND (unix_time <= '1685451364.879'::double precision) AND st_dwithin(st_transform(the_geom, 25833), '0101000020E96400004473C6F930DC23419D9EBB229D0E5741'::geometry, '300'::double precision))
                           Rows Removed by Filter: 3204
   ->  Subquery Scan on "*SELECT* 1957"  (cost=165745.69..165745.70 rows=1 width=76) (actual time=0.627..0.628 rows=1 loops=1)
         ->  Limit  (cost=165745.69..165745.69 rows=1 width=84) (actual time=0.623..0.624 rows=1 loops=1)
               ->  Sort  (cost=165745.69..165745.69 rows=1 width=84) (actual time=0.621..0.622 rows=1 loops=1)
                     Sort Key: (st_distance(st_transform(s_1956.the_geom, 25833), '0101000020E9640000A2C98FDE30DC2341BA0714D09B0E5741'::geometry))
                     Sort Method: top-N heapsort  Memory: 25kB
                     ->  Seq Scan on phoml_trajectory_tmp s_1956  (cost=0.00..165745.68 rows=1 width=84) (actual time=0.013..0.550 rows=460 loops=1)
                           Filter: ((unix_time >= '1685451305.448'::double precision) AND (unix_time <= '1685451365.448'::double precision) AND st_dwithin(st_transform(the_geom, 25833), '0101000020E9640000A2C98FDE30DC2341BA0714D09B0E5741'::geometry, '300'::double precision))
                           Rows Removed by Filter: 3200
   ->  Subquery Scan on "*SELECT* 1958"  (cost=165745.69..165745.70 rows=1 width=76) (actual time=0.624..0.625 rows=1 loops=1)
         ->  Limit  (cost=165745.69..165745.69 rows=1 width=84) (actual time=0.622..0.622 rows=1 loops=1)
               ->  Sort  (cost=165745.69..165745.69 rows=1 width=84) (actual time=0.619..0.619 rows=1 loops=1)
                     Sort Key: (st_distance(st_transform(s_1957.the_geom, 25833), '0101000020E96400006593C4C031DC23417DD0908F9A0E5741'::geometry))
                     Sort Method: top-N heapsort  Memory: 25kB
                     ->  Seq Scan on phoml_trajectory_tmp s_1957  (cost=0.00..165745.68 rows=1 width=84) (actual time=0.015..0.547 rows=460 loops=1)
                           Filter: ((unix_time >= '1685451305.988'::double precision) AND (unix_time <= '1685451365.988'::double precision) AND st_dwithin(st_transform(the_geom, 25833), '0101000020E96400006593C4C031DC23417DD0908F9A0E5741'::geometry, '300'::double precision))
                           Rows Removed by Filter: 3200
   ->  Subquery Scan on "*SELECT* 1959"  (cost=165745.69..165745.70 rows=1 width=76) (actual time=0.620..0.622 rows=1 loops=1)
         ->  Limit  (cost=165745.69..165745.69 rows=1 width=84) (actual time=0.617..0.618 rows=1 loops=1)
               ->  Sort  (cost=165745.69..165745.69 rows=1 width=84) (actual time=0.615..0.615 rows=1 loops=1)
                     Sort Key: (st_distance(st_transform(s_1958.the_geom, 25833), '0101000020E96400001A7454DA33DC23410011A953990E5741'::geometry))
                     Sort Method: top-N heapsort  Memory: 25kB
                     ->  Seq Scan on phoml_trajectory_tmp s_1958  (cost=0.00..165745.68 rows=1 width=84) (actual time=0.011..0.545 rows=460 loops=1)
                           Filter: ((unix_time >= '1685451306.529'::double precision) AND (unix_time <= '1685451366.529'::double precision) AND st_dwithin(st_transform(the_geom, 25833), '0101000020E96400001A7454DA33DC23410011A953990E5741'::geometry, '300'::double precision))
                           Rows Removed by Filter: 3200
   ->  Subquery Scan on "*SELECT* 1960"  (cost=165745.69..165745.70 rows=1 width=76) (actual time=0.609..0.611 rows=1 loops=1)
         ->  Limit  (cost=165745.69..165745.69 rows=1 width=84) (actual time=0.606..0.607 rows=1 loops=1)
               ->  Sort  (cost=165745.69..165745.69 rows=1 width=84) (actual time=0.604..0.604 rows=1 loops=1)
                     Sort Key: (st_distance(st_transform(s_1959.the_geom, 25833), '0101000020E9640000FE75173436DC2341322A501A980E5741'::geometry))
                     Sort Method: top-N heapsort  Memory: 25kB
                     ->  Seq Scan on phoml_trajectory_tmp s_1959  (cost=0.00..165745.68 rows=1 width=84) (actual time=0.014..0.533 rows=460 loops=1)
                           Filter: ((unix_time >= '1685451307.059'::double precision) AND (unix_time <= '1685451367.059'::double precision) AND st_dwithin(st_transform(the_geom, 25833), '0101000020E9640000FE75173436DC2341322A501A980E5741'::geometry, '300'::double precision))
                           Rows Removed by Filter: 3200
   ->  Subquery Scan on "*SELECT* 1961"  (cost=165745.69..165745.70 rows=1 width=76) (actual time=0.618..0.619 rows=1 loops=1)
         ->  Limit  (cost=165745.69..165745.69 rows=1 width=84) (actual time=0.615..0.616 rows=1 loops=1)
               ->  Sort  (cost=165745.69..165745.69 rows=1 width=84) (actual time=0.613..0.614 rows=1 loops=1)
                     Sort Key: (st_distance(st_transform(s_1960.the_geom, 25833), '0101000020E964000067D2848D37DC234122AEEDE1960E5741'::geometry))
                     Sort Method: top-N heapsort  Memory: 25kB
                     ->  Seq Scan on phoml_trajectory_tmp s_1960  (cost=0.00..165745.68 rows=1 width=84) (actual time=0.025..0.545 rows=460 loops=1)
                           Filter: ((unix_time >= '1685451307.562'::double precision) AND (unix_time <= '1685451367.562'::double precision) AND st_dwithin(st_transform(the_geom, 25833), '0101000020E964000067D2848D37DC234122AEEDE1960E5741'::geometry, '300'::double precision))
                           Rows Removed by Filter: 3200
   ->  Subquery Scan on "*SELECT* 1962"  (cost=165745.69..165745.70 rows=1 width=76) (actual time=0.627..0.628 rows=1 loops=1)
         ->  Limit  (cost=165745.69..165745.69 rows=1 width=84) (actual time=0.624..0.624 rows=1 loops=1)
               ->  Sort  (cost=165745.69..165745.69 rows=1 width=84) (actual time=0.622..0.622 rows=1 loops=1)
                     Sort Key: (st_distance(st_transform(s_1961.the_geom, 25833), '0101000020E96400008A3D886139DC2341E546F39E950E5741'::geometry))
                     Sort Method: top-N heapsort  Memory: 25kB
                     ->  Seq Scan on phoml_trajectory_tmp s_1961  (cost=0.00..165745.68 rows=1 width=84) (actual time=0.013..0.551 rows=462 loops=1)
                           Filter: ((unix_time >= '1685451308.102'::double precision) AND (unix_time <= '1685451368.102'::double precision) AND st_dwithin(st_transform(the_geom, 25833), '0101000020E96400008A3D886139DC2341E546F39E950E5741'::geometry, '300'::double precision))
                           Rows Removed by Filter: 3198
   ->  Subquery Scan on "*SELECT* 1963"  (cost=165745.69..165745.70 rows=1 width=76) (actual time=0.614..0.615 rows=1 loops=1)
         ->  Limit  (cost=165745.69..165745.69 rows=1 width=84) (actual time=0.611..0.612 rows=1 loops=1)
               ->  Sort  (cost=165745.69..165745.69 rows=1 width=84) (actual time=0.609..0.609 rows=1 loops=1)
                     Sort Key: (st_distance(st_transform(s_1962.the_geom, 25833), '0101000020E9640000098B90B53BDC2341A6190468940E5741'::geometry))
                     Sort Method: top-N heapsort  Memory: 25kB
                     ->  Seq Scan on phoml_trajectory_tmp s_1962  (cost=0.00..165745.68 rows=1 width=84) (actual time=0.012..0.540 rows=460 loops=1)
                           Filter: ((unix_time >= '1685451308.635'::double precision) AND (unix_time <= '1685451368.635'::double precision) AND st_dwithin(st_transform(the_geom, 25833), '0101000020E9640000098B90B53BDC2341A6190468940E5741'::geometry, '300'::double precision))
                           Rows Removed by Filter: 3200
   ->  Subquery Scan on "*SELECT* 1964"  (cost=165745.69..165745.70 rows=1 width=76) (actual time=0.629..0.631 rows=1 loops=1)
         ->  Limit  (cost=165745.69..165745.69 rows=1 width=84) (actual time=0.626..0.627 rows=1 loops=1)
               ->  Sort  (cost=165745.69..165745.69 rows=1 width=84) (actual time=0.624..0.624 rows=1 loops=1)
                     Sort Key: (st_distance(st_transform(s_1963.the_geom, 25833), '0101000020E9640000ED38E2313EDC23418953AE39930E5741'::geometry))
                     Sort Method: top-N heapsort  Memory: 25kB
                     ->  Seq Scan on phoml_trajectory_tmp s_1963  (cost=0.00..165745.68 rows=1 width=84) (actual time=0.012..0.554 rows=464 loops=1)
                           Filter: ((unix_time >= '1685451309.177'::double precision) AND (unix_time <= '1685451369.177'::double precision) AND st_dwithin(st_transform(the_geom, 25833), '0101000020E9640000ED38E2313EDC23418953AE39930E5741'::geometry, '300'::double precision))
                           Rows Removed by Filter: 3196
   ->  Subquery Scan on "*SELECT* 1965"  (cost=165745.69..165745.70 rows=1 width=76) (actual time=0.644..0.645 rows=1 loops=1)
         ->  Limit  (cost=165745.69..165745.69 rows=1 width=84) (actual time=0.640..0.640 rows=1 loops=1)
               ->  Sort  (cost=165745.69..165745.69 rows=1 width=84) (actual time=0.638..0.638 rows=1 loops=1)
                     Sort Key: (st_distance(st_transform(s_1964.the_geom, 25833), '0101000020E964000094069DBD40DC2341249D98FC910E5741'::geometry))
                     Sort Method: top-N heapsort  Memory: 25kB
                     ->  Seq Scan on phoml_trajectory_tmp s_1964  (cost=0.00..165745.68 rows=1 width=84) (actual time=0.013..0.567 rows=464 loops=1)
                           Filter: ((unix_time >= '1685451309.707'::double precision) AND (unix_time <= '1685451369.707'::double precision) AND st_dwithin(st_transform(the_geom, 25833), '0101000020E964000094069DBD40DC2341249D98FC910E5741'::geometry, '300'::double precision))
                           Rows Removed by Filter: 3196
   ->  Subquery Scan on "*SELECT* 1966"  (cost=165745.69..165745.70 rows=1 width=76) (actual time=0.616..0.618 rows=1 loops=1)
         ->  Limit  (cost=165745.69..165745.69 rows=1 width=84) (actual time=0.614..0.615 rows=1 loops=1)
               ->  Sort  (cost=165745.69..165745.69 rows=1 width=84) (actual time=0.611..0.612 rows=1 loops=1)
                     Sort Key: (st_distance(st_transform(s_1965.the_geom, 25833), '0101000020E96400007C5D102F43DC2341BC0657CD900E5741'::geometry))
                     Sort Method: top-N heapsort  Memory: 25kB
                     ->  Seq Scan on phoml_trajectory_tmp s_1965  (cost=0.00..165745.68 rows=1 width=84) (actual time=0.015..0.542 rows=462 loops=1)
                           Filter: ((unix_time >= '1685451310.249'::double precision) AND (unix_time <= '1685451370.249'::double precision) AND st_dwithin(st_transform(the_geom, 25833), '0101000020E96400007C5D102F43DC2341BC0657CD900E5741'::geometry, '300'::double precision))
                           Rows Removed by Filter: 3198
   ->  Subquery Scan on "*SELECT* 1967"  (cost=165745.69..165745.70 rows=1 width=76) (actual time=0.624..0.625 rows=1 loops=1)
         ->  Limit  (cost=165745.69..165745.69 rows=1 width=84) (actual time=0.620..0.621 rows=1 loops=1)
               ->  Sort  (cost=165745.69..165745.69 rows=1 width=84) (actual time=0.618..0.619 rows=1 loops=1)
                     Sort Key: (st_distance(st_transform(s_1966.the_geom, 25833), '0101000020E9640000947F2FA445DC2341CA8ADF968F0E5741'::geometry))
                     Sort Method: top-N heapsort  Memory: 25kB
                     ->  Seq Scan on phoml_trajectory_tmp s_1966  (cost=0.00..165745.68 rows=1 width=84) (actual time=0.014..0.547 rows=464 loops=1)
                           Filter: ((unix_time >= '1685451310.789'::double precision) AND (unix_time <= '1685451370.789'::double precision) AND st_dwithin(st_transform(the_geom, 25833), '0101000020E9640000947F2FA445DC2341CA8ADF968F0E5741'::geometry, '300'::double precision))
                           Rows Removed by Filter: 3196
   ->  Subquery Scan on "*SELECT* 1968"  (cost=165745.69..165745.70 rows=1 width=76) (actual time=0.622..0.623 rows=1 loops=1)
         ->  Limit  (cost=165745.69..165745.69 rows=1 width=84) (actual time=0.619..0.619 rows=1 loops=1)
               ->  Sort  (cost=165745.69..165745.69 rows=1 width=84) (actual time=0.617..0.617 rows=1 loops=1)
                     Sort Key: (st_distance(st_transform(s_1967.the_geom, 25833), '0101000020E9640000C7A93F2748DC234150E7D8608E0E5741'::geometry))
                     Sort Method: top-N heapsort  Memory: 25kB
                     ->  Seq Scan on phoml_trajectory_tmp s_1967  (cost=0.00..165745.68 rows=1 width=84) (actual time=0.012..0.545 rows=464 loops=1)
                           Filter: ((unix_time >= '1685451311.344'::double precision) AND (unix_time <= '1685451371.344'::double precision) AND st_dwithin(st_transform(the_geom, 25833), '0101000020E9640000C7A93F2748DC234150E7D8608E0E5741'::geometry, '300'::double precision))
                           Rows Removed by Filter: 3196
   ->  Subquery Scan on "*SELECT* 1969"  (cost=165745.69..165745.70 rows=1 width=76) (actual time=0.616..0.617 rows=1 loops=1)
         ->  Limit  (cost=165745.69..165745.69 rows=1 width=84) (actual time=0.614..0.615 rows=1 loops=1)
               ->  Sort  (cost=165745.69..165745.69 rows=1 width=84) (actual time=0.612..0.613 rows=1 loops=1)
                     Sort Key: (st_distance(st_transform(s_1968.the_geom, 25833), '0101000020E96400003A516CDC4ADC2341FF6A842C8D0E5741'::geometry))
                     Sort Method: top-N heapsort  Memory: 25kB
                     ->  Seq Scan on phoml_trajectory_tmp s_1968  (cost=0.00..165745.68 rows=1 width=84) (actual time=0.013..0.543 rows=466 loops=1)
                           Filter: ((unix_time >= '1685451311.894'::double precision) AND (unix_time <= '1685451371.894'::double precision) AND st_dwithin(st_transform(the_geom, 25833), '0101000020E96400003A516CDC4ADC2341FF6A842C8D0E5741'::geometry, '300'::double precision))
                           Rows Removed by Filter: 3194
   ->  Subquery Scan on "*SELECT* 1970"  (cost=165745.69..165745.70 rows=1 width=76) (actual time=0.630..0.631 rows=1 loops=1)
         ->  Limit  (cost=165745.69..165745.69 rows=1 width=84) (actual time=0.626..0.627 rows=1 loops=1)
               ->  Sort  (cost=165745.69..165745.69 rows=1 width=84) (actual time=0.624..0.625 rows=1 loops=1)
                     Sort Key: (st_distance(st_transform(s_1969.the_geom, 25833), '0101000020E9640000443091284EDC23417CCC83FC8B0E5741'::geometry))
                     Sort Method: top-N heapsort  Memory: 25kB
                     ->  Seq Scan on phoml_trajectory_tmp s_1969  (cost=0.00..165745.68 rows=1 width=84) (actual time=0.015..0.554 rows=464 loops=1)
                           Filter: ((unix_time >= '1685451312.466'::double precision) AND (unix_time <= '1685451372.466'::double precision) AND st_dwithin(st_transform(the_geom, 25833), '0101000020E9640000443091284EDC23417CCC83FC8B0E5741'::geometry, '300'::double precision))
                           Rows Removed by Filter: 3196
   ->  Subquery Scan on "*SELECT* 1971"  (cost=165745.69..165745.70 rows=1 width=76) (actual time=0.627..0.628 rows=1 loops=1)
         ->  Limit  (cost=165745.69..165745.69 rows=1 width=84) (actual time=0.624..0.625 rows=1 loops=1)
               ->  Sort  (cost=165745.69..165745.69 rows=1 width=84) (actual time=0.621..0.622 rows=1 loops=1)
                     Sort Key: (st_distance(st_transform(s_1970.the_geom, 25833), '0101000020E96400003BC6154551DC23415335C7D08A0E5741'::geometry))
                     Sort Method: top-N heapsort  Memory: 25kB
                     ->  Seq Scan on phoml_trajectory_tmp s_1970  (cost=0.00..165745.68 rows=1 width=84) (actual time=0.013..0.551 rows=464 loops=1)
                           Filter: ((unix_time >= '1685451313.036'::double precision) AND (unix_time <= '1685451373.036'::double precision) AND st_dwithin(st_transform(the_geom, 25833), '0101000020E96400003BC6154551DC23415335C7D08A0E5741'::geometry, '300'::double precision))
                           Rows Removed by Filter: 3196
   ->  Subquery Scan on "*SELECT* 1972"  (cost=165745.69..165745.70 rows=1 width=76) (actual time=0.619..0.620 rows=1 loops=1)
         ->  Limit  (cost=165745.69..165745.69 rows=1 width=84) (actual time=0.617..0.618 rows=1 loops=1)
               ->  Sort  (cost=165745.69..165745.69 rows=1 width=84) (actual time=0.615..0.615 rows=1 loops=1)
                     Sort Key: (st_distance(st_transform(s_1971.the_geom, 25833), '0101000020E9640000FD10FC3853DC23410DD30E96890E5741'::geometry))
                     Sort Method: top-N heapsort  Memory: 25kB
                     ->  Seq Scan on phoml_trajectory_tmp s_1971  (cost=0.00..165745.68 rows=1 width=84) (actual time=0.013..0.544 rows=466 loops=1)
                           Filter: ((unix_time >= '1685451313.621'::double precision) AND (unix_time <= '1685451373.621'::double precision) AND st_dwithin(st_transform(the_geom, 25833), '0101000020E9640000FD10FC3853DC23410DD30E96890E5741'::geometry, '300'::double precision))
                           Rows Removed by Filter: 3194
   ->  Subquery Scan on "*SELECT* 1973"  (cost=165745.69..165745.70 rows=1 width=76) (actual time=0.634..0.635 rows=1 loops=1)
         ->  Limit  (cost=165745.69..165745.69 rows=1 width=84) (actual time=0.630..0.631 rows=1 loops=1)
               ->  Sort  (cost=165745.69..165745.69 rows=1 width=84) (actual time=0.628..0.628 rows=1 loops=1)
                     Sort Key: (st_distance(st_transform(s_1972.the_geom, 25833), '0101000020E964000022AA695A52DC2341ED552443880E5741'::geometry))
                     Sort Method: top-N heapsort  Memory: 25kB
                     ->  Seq Scan on phoml_trajectory_tmp s_1972  (cost=0.00..165745.68 rows=1 width=84) (actual time=0.025..0.558 rows=464 loops=1)
                           Filter: ((unix_time >= '1685451314.224'::double precision) AND (unix_time <= '1685451374.224'::double precision) AND st_dwithin(st_transform(the_geom, 25833), '0101000020E964000022AA695A52DC2341ED552443880E5741'::geometry, '300'::double precision))
                           Rows Removed by Filter: 3196
   ->  Subquery Scan on "*SELECT* 1974"  (cost=165745.69..165745.70 rows=1 width=76) (actual time=0.612..0.613 rows=1 loops=1)
         ->  Limit  (cost=165745.69..165745.69 rows=1 width=84) (actual time=0.609..0.610 rows=1 loops=1)
               ->  Sort  (cost=165745.69..165745.69 rows=1 width=84) (actual time=0.607..0.608 rows=1 loops=1)
                     Sort Key: (st_distance(st_transform(s_1973.the_geom, 25833), '0101000020E96400007A05643050DC23413DD03AF1860E5741'::geometry))
                     Sort Method: top-N heapsort  Memory: 25kB
                     ->  Seq Scan on phoml_trajectory_tmp s_1973  (cost=0.00..165745.68 rows=1 width=84) (actual time=0.015..0.537 rows=464 loops=1)
                           Filter: ((unix_time >= '1685451314.824'::double precision) AND (unix_time <= '1685451374.824'::double precision) AND st_dwithin(st_transform(the_geom, 25833), '0101000020E96400007A05643050DC23413DD03AF1860E5741'::geometry, '300'::double precision))
                           Rows Removed by Filter: 3196
   ->  Subquery Scan on "*SELECT* 1975"  (cost=165745.69..165745.70 rows=1 width=76) (actual time=0.623..0.624 rows=1 loops=1)
         ->  Limit  (cost=165745.69..165745.69 rows=1 width=84) (actual time=0.619..0.620 rows=1 loops=1)
               ->  Sort  (cost=165745.69..165745.69 rows=1 width=84) (actual time=0.617..0.617 rows=1 loops=1)
                     Sort Key: (st_distance(st_transform(s_1974.the_geom, 25833), '0101000020E96400000159506C4EDC2341C4BD0DA3850E5741'::geometry))
                     Sort Method: top-N heapsort  Memory: 25kB
                     ->  Seq Scan on phoml_trajectory_tmp s_1974  (cost=0.00..165745.68 rows=1 width=84) (actual time=0.013..0.548 rows=464 loops=1)
                           Filter: ((unix_time >= '1685451315.427'::double precision) AND (unix_time <= '1685451375.427'::double precision) AND st_dwithin(st_transform(the_geom, 25833), '0101000020E96400000159506C4EDC2341C4BD0DA3850E5741'::geometry, '300'::double precision))
                           Rows Removed by Filter: 3196
   ->  Subquery Scan on "*SELECT* 1976"  (cost=165745.69..165745.70 rows=1 width=76) (actual time=0.623..0.624 rows=1 loops=1)
         ->  Limit  (cost=165745.69..165745.69 rows=1 width=84) (actual time=0.620..0.621 rows=1 loops=1)
               ->  Sort  (cost=165745.69..165745.69 rows=1 width=84) (actual time=0.617..0.618 rows=1 loops=1)
                     Sort Key: (st_distance(st_transform(s_1975.the_geom, 25833), '0101000020E96400005AFB78BE4DDC234114FBD263840E5741'::geometry))
                     Sort Method: top-N heapsort  Memory: 25kB
                     ->  Seq Scan on phoml_trajectory_tmp s_1975  (cost=0.00..165745.68 rows=1 width=84) (actual time=0.012..0.546 rows=464 loops=1)
                           Filter: ((unix_time >= '1685451316.017'::double precision) AND (unix_time <= '1685451376.017'::double precision) AND st_dwithin(st_transform(the_geom, 25833), '0101000020E96400005AFB78BE4DDC234114FBD263840E5741'::geometry, '300'::double precision))
                           Rows Removed by Filter: 3196
   ->  Subquery Scan on "*SELECT* 1977"  (cost=165745.69..165745.70 rows=1 width=76) (actual time=0.614..0.615 rows=1 loops=1)
         ->  Limit  (cost=165745.69..165745.69 rows=1 width=84) (actual time=0.611..0.612 rows=1 loops=1)
               ->  Sort  (cost=165745.69..165745.69 rows=1 width=84) (actual time=0.610..0.610 rows=1 loops=1)
                     Sort Key: (st_distance(st_transform(s_1976.the_geom, 25833), '0101000020E96400004A248E3E4DDC23419646E31F830E5741'::geometry))
                     Sort Method: top-N heapsort  Memory: 25kB
                     ->  Seq Scan on phoml_trajectory_tmp s_1976  (cost=0.00..165745.68 rows=1 width=84) (actual time=0.016..0.537 rows=466 loops=1)
                           Filter: ((unix_time >= '1685451316.612'::double precision) AND (unix_time <= '1685451376.612'::double precision) AND st_dwithin(st_transform(the_geom, 25833), '0101000020E96400004A248E3E4DDC23419646E31F830E5741'::geometry, '300'::double precision))
                           Rows Removed by Filter: 3194
   ->  Subquery Scan on "*SELECT* 1978"  (cost=165745.69..165745.70 rows=1 width=76) (actual time=0.626..0.627 rows=1 loops=1)
         ->  Limit  (cost=165745.69..165745.69 rows=1 width=84) (actual time=0.622..0.623 rows=1 loops=1)
               ->  Sort  (cost=165745.69..165745.69 rows=1 width=84) (actual time=0.620..0.620 rows=1 loops=1)
                     Sort Key: (st_distance(st_transform(s_1977.the_geom, 25833), '0101000020E9640000FA387A7C4CDC2341454E90DC810E5741'::geometry))
                     Sort Method: top-N heapsort  Memory: 25kB
                     ->  Seq Scan on phoml_trajectory_tmp s_1977  (cost=0.00..165745.68 rows=1 width=84) (actual time=0.013..0.549 rows=467 loops=1)
                           Filter: ((unix_time >= '1685451317.207'::double precision) AND (unix_time <= '1685451377.207'::double precision) AND st_dwithin(st_transform(the_geom, 25833), '0101000020E9640000FA387A7C4CDC2341454E90DC810E5741'::geometry, '300'::double precision))
                           Rows Removed by Filter: 3193
   ->  Subquery Scan on "*SELECT* 1979"  (cost=165745.69..165745.70 rows=1 width=76) (actual time=0.625..0.627 rows=1 loops=1)
         ->  Limit  (cost=165745.69..165745.69 rows=1 width=84) (actual time=0.622..0.622 rows=1 loops=1)
               ->  Sort  (cost=165745.69..165745.69 rows=1 width=84) (actual time=0.620..0.620 rows=1 loops=1)
                     Sort Key: (st_distance(st_transform(s_1978.the_geom, 25833), '0101000020E964000000DB880F4BDC234113A01999800E5741'::geometry))
                     Sort Method: top-N heapsort  Memory: 25kB
                     ->  Seq Scan on phoml_trajectory_tmp s_1978  (cost=0.00..165745.68 rows=1 width=84) (actual time=0.013..0.548 rows=466 loops=1)
                           Filter: ((unix_time >= '1685451317.787'::double precision) AND (unix_time <= '1685451377.787'::double precision) AND st_dwithin(st_transform(the_geom, 25833), '0101000020E964000000DB880F4BDC234113A01999800E5741'::geometry, '300'::double precision))
                           Rows Removed by Filter: 3194
   ->  Subquery Scan on "*SELECT* 1980"  (cost=165745.69..165745.70 rows=1 width=76) (actual time=0.611..0.613 rows=1 loops=1)
         ->  Limit  (cost=165745.69..165745.69 rows=1 width=84) (actual time=0.609..0.610 rows=1 loops=1)
               ->  Sort  (cost=165745.69..165745.69 rows=1 width=84) (actual time=0.607..0.607 rows=1 loops=1)
                     Sort Key: (st_distance(st_transform(s_1979.the_geom, 25833), '0101000020E9640000AA548F6A47DC23411255034F7F0E5741'::geometry))
                     Sort Method: top-N heapsort  Memory: 25kB
                     ->  Seq Scan on phoml_trajectory_tmp s_1979  (cost=0.00..165745.68 rows=1 width=84) (actual time=0.015..0.537 rows=464 loops=1)
                           Filter: ((unix_time >= '1685451318.384'::double precision) AND (unix_time <= '1685451378.384'::double precision) AND st_dwithin(st_transform(the_geom, 25833), '0101000020E9640000AA548F6A47DC23411255034F7F0E5741'::geometry, '300'::double precision))
                           Rows Removed by Filter: 3196
   ->  Subquery Scan on "*SELECT* 1981"  (cost=165745.69..165745.70 rows=1 width=76) (actual time=0.620..0.621 rows=1 loops=1)
         ->  Limit  (cost=165745.69..165745.69 rows=1 width=84) (actual time=0.617..0.618 rows=1 loops=1)
               ->  Sort  (cost=165745.69..165745.69 rows=1 width=84) (actual time=0.614..0.615 rows=1 loops=1)
                     Sort Key: (st_distance(st_transform(s_1980.the_geom, 25833), '0101000020E9640000D274470D44DC2341FC9148107E0E5741'::geometry))
                     Sort Method: top-N heapsort  Memory: 25kB
                     ->  Seq Scan on phoml_trajectory_tmp s_1980  (cost=0.00..165745.68 rows=1 width=84) (actual time=0.013..0.540 rows=466 loops=1)
                           Filter: ((unix_time >= '1685451318.954'::double precision) AND (unix_time <= '1685451378.954'::double precision) AND st_dwithin(st_transform(the_geom, 25833), '0101000020E9640000D274470D44DC2341FC9148107E0E5741'::geometry, '300'::double precision))
                           Rows Removed by Filter: 3194
   ->  Subquery Scan on "*SELECT* 1982"  (cost=165745.69..165745.70 rows=1 width=76) (actual time=0.651..0.652 rows=1 loops=1)
         ->  Limit  (cost=165745.69..165745.69 rows=1 width=84) (actual time=0.646..0.646 rows=1 loops=1)
               ->  Sort  (cost=165745.69..165745.69 rows=1 width=84) (actual time=0.643..0.644 rows=1 loops=1)
                     Sort Key: (st_distance(st_transform(s_1981.the_geom, 25833), '0101000020E9640000BEBA817E41DC23411B2CA5D27C0E5741'::geometry))
                     Sort Method: top-N heapsort  Memory: 25kB
                     ->  Seq Scan on phoml_trajectory_tmp s_1981  (cost=0.00..165745.68 rows=1 width=84) (actual time=0.014..0.571 rows=468 loops=1)
                           Filter: ((unix_time >= '1685451319.512'::double precision) AND (unix_time <= '1685451379.512'::double precision) AND st_dwithin(st_transform(the_geom, 25833), '0101000020E9640000BEBA817E41DC23411B2CA5D27C0E5741'::geometry, '300'::double precision))
                           Rows Removed by Filter: 3192
   ->  Subquery Scan on "*SELECT* 1983"  (cost=165745.69..165745.70 rows=1 width=76) (actual time=0.628..0.629 rows=1 loops=1)
         ->  Limit  (cost=165745.69..165745.69 rows=1 width=84) (actual time=0.626..0.626 rows=1 loops=1)
               ->  Sort  (cost=165745.69..165745.69 rows=1 width=84) (actual time=0.623..0.624 rows=1 loops=1)
                     Sort Key: (st_distance(st_transform(s_1982.the_geom, 25833), '0101000020E96400007A8D5D253EDC2341B585DF9E7B0E5741'::geometry))
                     Sort Method: top-N heapsort  Memory: 25kB
                     ->  Seq Scan on phoml_trajectory_tmp s_1982  (cost=0.00..165745.68 rows=1 width=84) (actual time=0.018..0.552 rows=470 loops=1)
                           Filter: ((unix_time >= '1685451320.052'::double precision) AND (unix_time <= '1685451380.052'::double precision) AND st_dwithin(st_transform(the_geom, 25833), '0101000020E96400007A8D5D253EDC2341B585DF9E7B0E5741'::geometry, '300'::double precision))
                           Rows Removed by Filter: 3190
   ->  Subquery Scan on "*SELECT* 1984"  (cost=165745.69..165745.70 rows=1 width=76) (actual time=0.641..0.642 rows=1 loops=1)
         ->  Limit  (cost=165745.69..165745.69 rows=1 width=84) (actual time=0.637..0.638 rows=1 loops=1)
               ->  Sort  (cost=165745.69..165745.69 rows=1 width=84) (actual time=0.635..0.636 rows=1 loops=1)
                     Sort Key: (st_distance(st_transform(s_1983.the_geom, 25833), '0101000020E9640000830342443ADC234107FA046E7A0E5741'::geometry))
                     Sort Method: top-N heapsort  Memory: 25kB
                     ->  Seq Scan on phoml_trajectory_tmp s_1983  (cost=0.00..165745.68 rows=1 width=84) (actual time=0.012..0.561 rows=472 loops=1)
                           Filter: ((unix_time >= '1685451320.575'::double precision) AND (unix_time <= '1685451380.575'::double precision) AND st_dwithin(st_transform(the_geom, 25833), '0101000020E9640000830342443ADC234107FA046E7A0E5741'::geometry, '300'::double precision))
                           Rows Removed by Filter: 3188
   ->  Subquery Scan on "*SELECT* 1985"  (cost=165745.69..165745.70 rows=1 width=76) (actual time=0.632..0.633 rows=1 loops=1)
         ->  Limit  (cost=165745.69..165745.69 rows=1 width=84) (actual time=0.629..0.630 rows=1 loops=1)
               ->  Sort  (cost=165745.69..165745.69 rows=1 width=84) (actual time=0.627..0.627 rows=1 loops=1)
                     Sort Key: (st_distance(st_transform(s_1984.the_geom, 25833), '0101000020E96400001628758937DC2341C10FD437790E5741'::geometry))
                     Sort Method: top-N heapsort  Memory: 25kB
                     ->  Seq Scan on phoml_trajectory_tmp s_1984  (cost=0.00..165745.68 rows=1 width=84) (actual time=0.015..0.554 rows=472 loops=1)
                           Filter: ((unix_time >= '1685451321.085'::double precision) AND (unix_time <= '1685451381.085'::double precision) AND st_dwithin(st_transform(the_geom, 25833), '0101000020E96400001628758937DC2341C10FD437790E5741'::geometry, '300'::double precision))
                           Rows Removed by Filter: 3188
   ->  Subquery Scan on "*SELECT* 1986"  (cost=165745.69..165745.70 rows=1 width=76) (actual time=0.649..0.650 rows=1 loops=1)
         ->  Limit  (cost=165745.69..165745.69 rows=1 width=84) (actual time=0.645..0.646 rows=1 loops=1)
               ->  Sort  (cost=165745.69..165745.69 rows=1 width=84) (actual time=0.643..0.643 rows=1 loops=1)
                     Sort Key: (st_distance(st_transform(s_1985.the_geom, 25833), '0101000020E9640000F726B2C535DC234123364BFD770E5741'::geometry))
                     Sort Method: top-N heapsort  Memory: 25kB
                     ->  Seq Scan on phoml_trajectory_tmp s_1985  (cost=0.00..165745.68 rows=1 width=84) (actual time=0.012..0.570 rows=472 loops=1)
                           Filter: ((unix_time >= '1685451321.59'::double precision) AND (unix_time <= '1685451381.59'::double precision) AND st_dwithin(st_transform(the_geom, 25833), '0101000020E9640000F726B2C535DC234123364BFD770E5741'::geometry, '300'::double precision))
                           Rows Removed by Filter: 3188
   ->  Subquery Scan on "*SELECT* 1987"  (cost=165745.69..165745.70 rows=1 width=76) (actual time=0.640..0.641 rows=1 loops=1)
         ->  Limit  (cost=165745.69..165745.69 rows=1 width=84) (actual time=0.629..0.630 rows=1 loops=1)
               ->  Sort  (cost=165745.69..165745.69 rows=1 width=84) (actual time=0.627..0.627 rows=1 loops=1)
                     Sort Key: (st_distance(st_transform(s_1986.the_geom, 25833), '0101000020E9640000A637E7C633DC23418DE4BDBC760E5741'::geometry))
                     Sort Method: top-N heapsort  Memory: 25kB
                     ->  Seq Scan on phoml_trajectory_tmp s_1986  (cost=0.00..165745.68 rows=1 width=84) (actual time=0.015..0.555 rows=472 loops=1)
                           Filter: ((unix_time >= '1685451322.09'::double precision) AND (unix_time <= '1685451382.09'::double precision) AND st_dwithin(st_transform(the_geom, 25833), '0101000020E9640000A637E7C633DC23418DE4BDBC760E5741'::geometry, '300'::double precision))
                           Rows Removed by Filter: 3188
   ->  Subquery Scan on "*SELECT* 1988"  (cost=165745.69..165745.70 rows=1 width=76) (actual time=0.604..0.605 rows=1 loops=1)
         ->  Limit  (cost=165745.69..165745.69 rows=1 width=84) (actual time=0.602..0.603 rows=1 loops=1)
               ->  Sort  (cost=165745.69..165745.69 rows=1 width=84) (actual time=0.600..0.600 rows=1 loops=1)
                     Sort Key: (st_distance(st_transform(s_1987.the_geom, 25833), '0101000020E96400001693739F31DC2341447DA783750E5741'::geometry))
                     Sort Method: top-N heapsort  Memory: 25kB
                     ->  Seq Scan on phoml_trajectory_tmp s_1987  (cost=0.00..165745.68 rows=1 width=84) (actual time=0.012..0.530 rows=476 loops=1)
                           Filter: ((unix_time >= '1685451322.574'::double precision) AND (unix_time <= '1685451382.574'::double precision) AND st_dwithin(st_transform(the_geom, 25833), '0101000020E96400001693739F31DC2341447DA783750E5741'::geometry, '300'::double precision))
                           Rows Removed by Filter: 3184
   ->  Subquery Scan on "*SELECT* 1989"  (cost=165745.69..165745.70 rows=1 width=76) (actual time=0.627..0.628 rows=1 loops=1)
         ->  Limit  (cost=165745.69..165745.69 rows=1 width=84) (actual time=0.624..0.624 rows=1 loops=1)
               ->  Sort  (cost=165745.69..165745.69 rows=1 width=84) (actual time=0.622..0.622 rows=1 loops=1)
                     Sort Key: (st_distance(st_transform(s_1988.the_geom, 25833), '0101000020E9640000392E859F2FDC23414246AC50740E5741'::geometry))
                     Sort Method: top-N heapsort  Memory: 25kB
                     ->  Seq Scan on phoml_trajectory_tmp s_1988  (cost=0.00..165745.68 rows=1 width=84) (actual time=0.017..0.552 rows=476 loops=1)
                           Filter: ((unix_time >= '1685451323.054'::double precision) AND (unix_time <= '1685451383.054'::double precision) AND st_dwithin(st_transform(the_geom, 25833), '0101000020E9640000392E859F2FDC23414246AC50740E5741'::geometry, '300'::double precision))
                           Rows Removed by Filter: 3184
   ->  Subquery Scan on "*SELECT* 1990"  (cost=165745.69..165745.70 rows=1 width=76) (actual time=0.631..0.632 rows=1 loops=1)
         ->  Limit  (cost=165745.69..165745.69 rows=1 width=84) (actual time=0.627..0.628 rows=1 loops=1)
               ->  Sort  (cost=165745.69..165745.69 rows=1 width=84) (actual time=0.624..0.625 rows=1 loops=1)
                     Sort Key: (st_distance(st_transform(s_1989.the_geom, 25833), '0101000020E9640000AE24D96B2DDC2341371AB20F730E5741'::geometry))
                     Sort Method: top-N heapsort  Memory: 25kB
                     ->  Seq Scan on phoml_trajectory_tmp s_1989  (cost=0.00..165745.68 rows=1 width=84) (actual time=0.014..0.551 rows=476 loops=1)
                           Filter: ((unix_time >= '1685451323.538'::double precision) AND (unix_time <= '1685451383.538'::double precision) AND st_dwithin(st_transform(the_geom, 25833), '0101000020E9640000AE24D96B2DDC2341371AB20F730E5741'::geometry, '300'::double precision))
                           Rows Removed by Filter: 3184
   ->  Subquery Scan on "*SELECT* 1991"  (cost=165745.69..165745.70 rows=1 width=76) (actual time=0.610..0.611 rows=1 loops=1)
         ->  Limit  (cost=165745.69..165745.69 rows=1 width=84) (actual time=0.607..0.608 rows=1 loops=1)
               ->  Sort  (cost=165745.69..165745.69 rows=1 width=84) (actual time=0.606..0.606 rows=1 loops=1)
                     Sort Key: (st_distance(st_transform(s_1990.the_geom, 25833), '0101000020E96400001B0802462BDC2341B2D270DD710E5741'::geometry))
                     Sort Method: top-N heapsort  Memory: 25kB
                     ->  Seq Scan on phoml_trajectory_tmp s_1990  (cost=0.00..165745.68 rows=1 width=84) (actual time=0.013..0.535 rows=476 loops=1)
                           Filter: ((unix_time >= '1685451324.018'::double precision) AND (unix_time <= '1685451384.018'::double precision) AND st_dwithin(st_transform(the_geom, 25833), '0101000020E96400001B0802462BDC2341B2D270DD710E5741'::geometry, '300'::double precision))
                           Rows Removed by Filter: 3184
   ->  Subquery Scan on "*SELECT* 1992"  (cost=165745.69..165745.70 rows=1 width=76) (actual time=0.623..0.625 rows=1 loops=1)
         ->  Limit  (cost=165745.69..165745.69 rows=1 width=84) (actual time=0.620..0.621 rows=1 loops=1)
               ->  Sort  (cost=165745.69..165745.69 rows=1 width=84) (actual time=0.617..0.618 rows=1 loops=1)
                     Sort Key: (st_distance(st_transform(s_1991.the_geom, 25833), '0101000020E9640000C4A8E85A29DC234141892EA9700E5741'::geometry))
                     Sort Method: top-N heapsort  Memory: 25kB
                     ->  Seq Scan on phoml_trajectory_tmp s_1991  (cost=0.00..165745.68 rows=1 width=84) (actual time=0.012..0.546 rows=480 loops=1)
                           Filter: ((unix_time >= '1685451324.485'::double precision) AND (unix_time <= '1685451384.485'::double precision) AND st_dwithin(st_transform(the_geom, 25833), '0101000020E9640000C4A8E85A29DC234141892EA9700E5741'::geometry, '300'::double precision))
                           Rows Removed by Filter: 3180
   ->  Subquery Scan on "*SELECT* 1993"  (cost=165745.69..165745.70 rows=1 width=76) (actual time=0.640..0.641 rows=1 loops=1)
         ->  Limit  (cost=165745.69..165745.69 rows=1 width=84) (actual time=0.637..0.638 rows=1 loops=1)
               ->  Sort  (cost=165745.69..165745.69 rows=1 width=84) (actual time=0.635..0.635 rows=1 loops=1)
                     Sort Key: (st_distance(st_transform(s_1992.the_geom, 25833), '0101000020E9640000B3A2FCD326DC2341C15F6F696F0E5741'::geometry))
                     Sort Method: top-N heapsort  Memory: 25kB
                     ->  Seq Scan on phoml_trajectory_tmp s_1992  (cost=0.00..165745.68 rows=1 width=84) (actual time=0.017..0.562 rows=483 loops=1)
                           Filter: ((unix_time >= '1685451324.985'::double precision) AND (unix_time <= '1685451384.985'::double precision) AND st_dwithin(st_transform(the_geom, 25833), '0101000020E9640000B3A2FCD326DC2341C15F6F696F0E5741'::geometry, '300'::double precision))
                           Rows Removed by Filter: 3177
   ->  Subquery Scan on "*SELECT* 1994"  (cost=165745.69..165745.70 rows=1 width=76) (actual time=0.613..0.614 rows=1 loops=1)
         ->  Limit  (cost=165745.69..165745.69 rows=1 width=84) (actual time=0.610..0.611 rows=1 loops=1)
               ->  Sort  (cost=165745.69..165745.69 rows=1 width=84) (actual time=0.608..0.609 rows=1 loops=1)
                     Sort Key: (st_distance(st_transform(s_1993.the_geom, 25833), '0101000020E9640000BFF9E19124DC2341CA9B5D306E0E5741'::geometry))
                     Sort Method: top-N heapsort  Memory: 25kB
                     ->  Seq Scan on phoml_trajectory_tmp s_1993  (cost=0.00..165745.68 rows=1 width=84) (actual time=0.012..0.538 rows=484 loops=1)
                           Filter: ((unix_time >= '1685451325.46'::double precision) AND (unix_time <= '1685451385.46'::double precision) AND st_dwithin(st_transform(the_geom, 25833), '0101000020E9640000BFF9E19124DC2341CA9B5D306E0E5741'::geometry, '300'::double precision))
                           Rows Removed by Filter: 3176
   ->  Subquery Scan on "*SELECT* 1995"  (cost=165745.69..165745.70 rows=1 width=76) (actual time=0.628..0.629 rows=1 loops=1)
         ->  Limit  (cost=165745.69..165745.69 rows=1 width=84) (actual time=0.624..0.626 rows=1 loops=1)
               ->  Sort  (cost=165745.69..165745.69 rows=1 width=84) (actual time=0.622..0.623 rows=1 loops=1)
                     Sort Key: (st_distance(st_transform(s_1994.the_geom, 25833), '0101000020E964000000A584E621DC23410863C3F86C0E5741'::geometry))
                     Sort Method: top-N heapsort  Memory: 25kB
                     ->  Seq Scan on phoml_trajectory_tmp s_1994  (cost=0.00..165745.68 rows=1 width=84) (actual time=0.013..0.551 rows=484 loops=1)
                           Filter: ((unix_time >= '1685451325.94'::double precision) AND (unix_time <= '1685451385.94'::double precision) AND st_dwithin(st_transform(the_geom, 25833), '0101000020E964000000A584E621DC23410863C3F86C0E5741'::geometry, '300'::double precision))
                           Rows Removed by Filter: 3176
   ->  Subquery Scan on "*SELECT* 1996"  (cost=165745.69..165745.70 rows=1 width=76) (actual time=0.638..0.639 rows=1 loops=1)
         ->  Limit  (cost=165745.69..165745.69 rows=1 width=84) (actual time=0.634..0.635 rows=1 loops=1)
               ->  Sort  (cost=165745.69..165745.69 rows=1 width=84) (actual time=0.632..0.633 rows=1 loops=1)
                     Sort Key: (st_distance(st_transform(s_1995.the_geom, 25833), '0101000020E964000086323E8D1EDC2341461E1DCC6B0E5741'::geometry))
                     Sort Method: top-N heapsort  Memory: 25kB
                     ->  Seq Scan on phoml_trajectory_tmp s_1995  (cost=0.00..165745.68 rows=1 width=84) (actual time=0.013..0.554 rows=488 loops=1)
                           Filter: ((unix_time >= '1685451326.412'::double precision) AND (unix_time <= '1685451386.412'::double precision) AND st_dwithin(st_transform(the_geom, 25833), '0101000020E964000086323E8D1EDC2341461E1DCC6B0E5741'::geometry, '300'::double precision))
                           Rows Removed by Filter: 3172
   ->  Subquery Scan on "*SELECT* 1997"  (cost=165745.69..165745.70 rows=1 width=76) (actual time=0.626..0.627 rows=1 loops=1)
         ->  Limit  (cost=165745.69..165745.69 rows=1 width=84) (actual time=0.624..0.625 rows=1 loops=1)
               ->  Sort  (cost=165745.69..165745.69 rows=1 width=84) (actual time=0.622..0.622 rows=1 loops=1)
                     Sort Key: (st_distance(st_transform(s_1996.the_geom, 25833), '0101000020E96400007FA54F531ADC234142EBD8A56A0E5741'::geometry))
                     Sort Method: top-N heapsort  Memory: 25kB
                     ->  Seq Scan on phoml_trajectory_tmp s_1996  (cost=0.00..165745.68 rows=1 width=84) (actual time=0.016..0.549 rows=488 loops=1)
                           Filter: ((unix_time >= '1685451326.882'::double precision) AND (unix_time <= '1685451386.882'::double precision) AND st_dwithin(st_transform(the_geom, 25833), '0101000020E96400007FA54F531ADC234142EBD8A56A0E5741'::geometry, '300'::double precision))
                           Rows Removed by Filter: 3172
   ->  Subquery Scan on "*SELECT* 1998"  (cost=165745.69..165745.70 rows=1 width=76) (actual time=0.632..0.633 rows=1 loops=1)
         ->  Limit  (cost=165745.69..165745.69 rows=1 width=84) (actual time=0.628..0.628 rows=1 loops=1)
               ->  Sort  (cost=165745.69..165745.69 rows=1 width=84) (actual time=0.626..0.627 rows=1 loops=1)
                     Sort Key: (st_distance(st_transform(s_1997.the_geom, 25833), '0101000020E9640000FDBB92BB15DC2341E33F5C79690E5741'::geometry))
                     Sort Method: top-N heapsort  Memory: 25kB
                     ->  Seq Scan on phoml_trajectory_tmp s_1997  (cost=0.00..165745.68 rows=1 width=84) (actual time=0.013..0.555 rows=488 loops=1)
                           Filter: ((unix_time >= '1685451327.359'::double precision) AND (unix_time <= '1685451387.359'::double precision) AND st_dwithin(st_transform(the_geom, 25833), '0101000020E9640000FDBB92BB15DC2341E33F5C79690E5741'::geometry, '300'::double precision))
                           Rows Removed by Filter: 3172
   ->  Subquery Scan on "*SELECT* 1999"  (cost=165745.69..165745.70 rows=1 width=76) (actual time=0.625..0.626 rows=1 loops=1)
         ->  Limit  (cost=165745.69..165745.69 rows=1 width=84) (actual time=0.622..0.623 rows=1 loops=1)
               ->  Sort  (cost=165745.69..165745.69 rows=1 width=84) (actual time=0.620..0.620 rows=1 loops=1)
                     Sort Key: (st_distance(st_transform(s_1998.the_geom, 25833), '0101000020E9640000C4D9BF6611DC234123AE2459680E5741'::geometry))
                     Sort Method: top-N heapsort  Memory: 25kB
                     ->  Seq Scan on phoml_trajectory_tmp s_1998  (cost=0.00..165745.68 rows=1 width=84) (actual time=0.013..0.548 rows=492 loops=1)
                           Filter: ((unix_time >= '1685451327.819'::double precision) AND (unix_time <= '1685451387.819'::double precision) AND st_dwithin(st_transform(the_geom, 25833), '0101000020E9640000C4D9BF6611DC234123AE2459680E5741'::geometry, '300'::double precision))
                           Rows Removed by Filter: 3168
   ->  Subquery Scan on "*SELECT* 2000"  (cost=165745.69..165745.70 rows=1 width=76) (actual time=0.667..0.667 rows=1 loops=1)
         ->  Limit  (cost=165745.69..165745.69 rows=1 width=84) (actual time=0.664..0.664 rows=1 loops=1)
               ->  Sort  (cost=165745.69..165745.69 rows=1 width=84) (actual time=0.662..0.662 rows=1 loops=1)
                     Sort Key: (st_distance(st_transform(s_1999.the_geom, 25833), '0101000020E9640000801407680DDC234103D03F35670E5741'::geometry))
                     Sort Method: top-N heapsort  Memory: 25kB
                     ->  Seq Scan on phoml_trajectory_tmp s_1999  (cost=0.00..165745.68 rows=1 width=84) (actual time=0.023..0.586 rows=492 loops=1)
                           Filter: ((unix_time >= '1685451328.275'::double precision) AND (unix_time <= '1685451388.275'::double precision) AND st_dwithin(st_transform(the_geom, 25833), '0101000020E9640000801407680DDC234103D03F35670E5741'::geometry, '300'::double precision))
                           Rows Removed by Filter: 3168
   ->  Subquery Scan on "*SELECT* 2001"  (cost=165745.69..165745.70 rows=1 width=76) (actual time=0.642..0.644 rows=1 loops=1)
         ->  Limit  (cost=165745.69..165745.69 rows=1 width=84) (actual time=0.639..0.640 rows=1 loops=1)
               ->  Sort  (cost=165745.69..165745.69 rows=1 width=84) (actual time=0.637..0.637 rows=1 loops=1)
                     Sort Key: (st_distance(st_transform(s_2000.the_geom, 25833), '0101000020E9640000BA30F50909DC23418405680B660E5741'::geometry))
                     Sort Method: top-N heapsort  Memory: 25kB
                     ->  Seq Scan on phoml_trajectory_tmp s_2000  (cost=0.00..165745.68 rows=1 width=84) (actual time=0.016..0.562 rows=497 loops=1)
                           Filter: ((unix_time >= '1685451328.735'::double precision) AND (unix_time <= '1685451388.735'::double precision) AND st_dwithin(st_transform(the_geom, 25833), '0101000020E9640000BA30F50909DC23418405680B660E5741'::geometry, '300'::double precision))
                           Rows Removed by Filter: 3163
   ->  Subquery Scan on "*SELECT* 2002"  (cost=165745.69..165745.70 rows=1 width=76) (actual time=0.621..0.622 rows=1 loops=1)
         ->  Limit  (cost=165745.69..165745.69 rows=1 width=84) (actual time=0.618..0.619 rows=1 loops=1)
               ->  Sort  (cost=165745.69..165745.69 rows=1 width=84) (actual time=0.616..0.616 rows=1 loops=1)
                     Sort Key: (st_distance(st_transform(s_2001.the_geom, 25833), '0101000020E9640000879A7C8904DC2341D07881F0640E5741'::geometry))
                     Sort Method: top-N heapsort  Memory: 25kB
                     ->  Seq Scan on phoml_trajectory_tmp s_2001  (cost=0.00..165745.68 rows=1 width=84) (actual time=0.012..0.543 rows=498 loops=1)
                           Filter: ((unix_time >= '1685451329.181'::double precision) AND (unix_time <= '1685451389.181'::double precision) AND st_dwithin(st_transform(the_geom, 25833), '0101000020E9640000879A7C8904DC2341D07881F0640E5741'::geometry, '300'::double precision))
                           Rows Removed by Filter: 3162
   ->  Subquery Scan on "*SELECT* 2003"  (cost=165745.69..165745.70 rows=1 width=76) (actual time=0.648..0.649 rows=1 loops=1)
         ->  Limit  (cost=165745.69..165745.69 rows=1 width=84) (actual time=0.644..0.645 rows=1 loops=1)
               ->  Sort  (cost=165745.69..165745.69 rows=1 width=84) (actual time=0.643..0.643 rows=1 loops=1)
                     Sort Key: (st_distance(st_transform(s_2002.the_geom, 25833), '0101000020E964000044A8CCFAFFDB2341A10346CE630E5741'::geometry))
                     Sort Method: top-N heapsort  Memory: 25kB
                     ->  Seq Scan on phoml_trajectory_tmp s_2002  (cost=0.00..165745.68 rows=1 width=84) (actual time=0.016..0.570 rows=502 loops=1)
                           Filter: ((unix_time >= '1685451329.621'::double precision) AND (unix_time <= '1685451389.621'::double precision) AND st_dwithin(st_transform(the_geom, 25833), '0101000020E964000044A8CCFAFFDB2341A10346CE630E5741'::geometry, '300'::double precision))
                           Rows Removed by Filter: 3158
   ->  Subquery Scan on "*SELECT* 2004"  (cost=165745.69..165745.70 rows=1 width=76) (actual time=0.660..0.662 rows=1 loops=1)
         ->  Limit  (cost=165745.69..165745.69 rows=1 width=84) (actual time=0.657..0.658 rows=1 loops=1)
               ->  Sort  (cost=165745.69..165745.69 rows=1 width=84) (actual time=0.654..0.655 rows=1 loops=1)
                     Sort Key: (st_distance(st_transform(s_2003.the_geom, 25833), '0101000020E96400002310AD14FBDB2341F5EB60AD620E5741'::geometry))
                     Sort Method: top-N heapsort  Memory: 25kB
                     ->  Seq Scan on phoml_trajectory_tmp s_2003  (cost=0.00..165745.68 rows=1 width=84) (actual time=0.013..0.573 rows=504 loops=1)
                           Filter: ((unix_time >= '1685451330.061'::double precision) AND (unix_time <= '1685451390.061'::double precision) AND st_dwithin(st_transform(the_geom, 25833), '0101000020E96400002310AD14FBDB2341F5EB60AD620E5741'::geometry, '300'::double precision))
                           Rows Removed by Filter: 3156
   ->  Subquery Scan on "*SELECT* 2005"  (cost=165745.69..165745.70 rows=1 width=76) (actual time=0.670..0.671 rows=1 loops=1)
         ->  Limit  (cost=165745.69..165745.69 rows=1 width=84) (actual time=0.667..0.668 rows=1 loops=1)
               ->  Sort  (cost=165745.69..165745.69 rows=1 width=84) (actual time=0.665..0.666 rows=1 loops=1)
                     Sort Key: (st_distance(st_transform(s_2004.the_geom, 25833), '0101000020E9640000A1FE6563F6DB23412AB88391610E5741'::geometry))
                     Sort Method: top-N heapsort  Memory: 25kB
                     ->  Seq Scan on phoml_trajectory_tmp s_2004  (cost=0.00..165745.68 rows=1 width=84) (actual time=0.015..0.588 rows=504 loops=1)
                           Filter: ((unix_time >= '1685451330.495'::double precision) AND (unix_time <= '1685451390.495'::double precision) AND st_dwithin(st_transform(the_geom, 25833), '0101000020E9640000A1FE6563F6DB23412AB88391610E5741'::geometry, '300'::double precision))
                           Rows Removed by Filter: 3156
   ->  Subquery Scan on "*SELECT* 2006"  (cost=165745.69..165745.70 rows=1 width=76) (actual time=0.660..0.661 rows=1 loops=1)
         ->  Limit  (cost=165745.69..165745.69 rows=1 width=84) (actual time=0.657..0.658 rows=1 loops=1)
               ->  Sort  (cost=165745.69..165745.69 rows=1 width=84) (actual time=0.655..0.655 rows=1 loops=1)
                     Sort Key: (st_distance(st_transform(s_2005.the_geom, 25833), '0101000020E9640000D9922A18F2DB234120DA367F600E5741'::geometry))
                     Sort Method: top-N heapsort  Memory: 25kB
                     ->  Seq Scan on phoml_trajectory_tmp s_2005  (cost=0.00..165745.68 rows=1 width=84) (actual time=0.024..0.581 rows=498 loops=1)
                           Filter: ((unix_time >= '1685451330.905'::double precision) AND (unix_time <= '1685451390.905'::double precision) AND st_dwithin(st_transform(the_geom, 25833), '0101000020E9640000D9922A18F2DB234120DA367F600E5741'::geometry, '300'::double precision))
                           Rows Removed by Filter: 3162
   ->  Subquery Scan on "*SELECT* 2007"  (cost=165745.69..165745.70 rows=1 width=76) (actual time=0.663..0.664 rows=1 loops=1)
         ->  Limit  (cost=165745.69..165745.69 rows=1 width=84) (actual time=0.660..0.661 rows=1 loops=1)
               ->  Sort  (cost=165745.69..165745.69 rows=1 width=84) (actual time=0.658..0.658 rows=1 loops=1)
                     Sort Key: (st_distance(st_transform(s_2006.the_geom, 25833), '0101000020E964000046945237EEDB2341927F43575F0E5741'::geometry))
                     Sort Method: top-N heapsort  Memory: 25kB
                     ->  Seq Scan on phoml_trajectory_tmp s_2006  (cost=0.00..165745.68 rows=1 width=84) (actual time=0.016..0.582 rows=498 loops=1)
                           Filter: ((unix_time >= '1685451331.333'::double precision) AND (unix_time <= '1685451391.333'::double precision) AND st_dwithin(st_transform(the_geom, 25833), '0101000020E964000046945237EEDB2341927F43575F0E5741'::geometry, '300'::double precision))
                           Rows Removed by Filter: 3162
   ->  Subquery Scan on "*SELECT* 2008"  (cost=165745.69..165745.70 rows=1 width=76) (actual time=0.633..0.634 rows=1 loops=1)
         ->  Limit  (cost=165745.69..165745.69 rows=1 width=84) (actual time=0.631..0.632 rows=1 loops=1)
               ->  Sort  (cost=165745.69..165745.69 rows=1 width=84) (actual time=0.629..0.629 rows=1 loops=1)
                     Sort Key: (st_distance(st_transform(s_2007.the_geom, 25833), '0101000020E9640000FABB9D6AEADB23419FAE7B2E5E0E5741'::geometry))
                     Sort Method: top-N heapsort  Memory: 25kB
                     ->  Seq Scan on phoml_trajectory_tmp s_2007  (cost=0.00..165745.68 rows=1 width=84) (actual time=0.014..0.557 rows=496 loops=1)
                           Filter: ((unix_time >= '1685451331.753'::double precision) AND (unix_time <= '1685451391.753'::double precision) AND st_dwithin(st_transform(the_geom, 25833), '0101000020E9640000FABB9D6AEADB23419FAE7B2E5E0E5741'::geometry, '300'::double precision))
                           Rows Removed by Filter: 3164
   ->  Subquery Scan on "*SELECT* 2009"  (cost=165745.69..165745.70 rows=1 width=76) (actual time=0.656..0.657 rows=1 loops=1)
         ->  Limit  (cost=165745.69..165745.69 rows=1 width=84) (actual time=0.652..0.653 rows=1 loops=1)
               ->  Sort  (cost=165745.69..165745.69 rows=1 width=84) (actual time=0.650..0.651 rows=1 loops=1)
                     Sort Key: (st_distance(st_transform(s_2008.the_geom, 25833), '0101000020E96400008DE22641E6DB2341483D8E085D0E5741'::geometry))
                     Sort Method: top-N heapsort  Memory: 25kB
                     ->  Seq Scan on phoml_trajectory_tmp s_2008  (cost=0.00..165745.68 rows=1 width=84) (actual time=0.026..0.575 rows=496 loops=1)
                           Filter: ((unix_time >= '1685451332.177'::double precision) AND (unix_time <= '1685451392.177'::double precision) AND st_dwithin(st_transform(the_geom, 25833), '0101000020E96400008DE22641E6DB2341483D8E085D0E5741'::geometry, '300'::double precision))
                           Rows Removed by Filter: 3164
   ->  Subquery Scan on "*SELECT* 2010"  (cost=165745.69..165745.70 rows=1 width=76) (actual time=0.649..0.650 rows=1 loops=1)
         ->  Limit  (cost=165745.69..165745.69 rows=1 width=84) (actual time=0.645..0.646 rows=1 loops=1)
               ->  Sort  (cost=165745.69..165745.69 rows=1 width=84) (actual time=0.643..0.644 rows=1 loops=1)
                     Sort Key: (st_distance(st_transform(s_2009.the_geom, 25833), '0101000020E96400003977410AE2DB2341D24F81DA5B0E5741'::geometry))
                     Sort Method: top-N heapsort  Memory: 25kB
                     ->  Seq Scan on phoml_trajectory_tmp s_2009  (cost=0.00..165745.68 rows=1 width=84) (actual time=0.016..0.570 rows=496 loops=1)
                           Filter: ((unix_time >= '1685451332.597'::double precision) AND (unix_time <= '1685451392.597'::double precision) AND st_dwithin(st_transform(the_geom, 25833), '0101000020E96400003977410AE2DB2341D24F81DA5B0E5741'::geometry, '300'::double precision))
                           Rows Removed by Filter: 3164
   ->  Subquery Scan on "*SELECT* 2011"  (cost=165745.69..165745.70 rows=1 width=76) (actual time=0.637..0.639 rows=1 loops=1)
         ->  Limit  (cost=165745.69..165745.69 rows=1 width=84) (actual time=0.635..0.636 rows=1 loops=1)
               ->  Sort  (cost=165745.69..165745.69 rows=1 width=84) (actual time=0.633..0.633 rows=1 loops=1)
                     Sort Key: (st_distance(st_transform(s_2010.the_geom, 25833), '0101000020E96400007D842BEBDDDB234199F212BD5A0E5741'::geometry))
                     Sort Method: top-N heapsort  Memory: 25kB
                     ->  Seq Scan on phoml_trajectory_tmp s_2010  (cost=0.00..165745.68 rows=1 width=84) (actual time=0.015..0.553 rows=496 loops=1)
                           Filter: ((unix_time >= '1685451332.997'::double precision) AND (unix_time <= '1685451392.997'::double precision) AND st_dwithin(st_transform(the_geom, 25833), '0101000020E96400007D842BEBDDDB234199F212BD5A0E5741'::geometry, '300'::double precision))
                           Rows Removed by Filter: 3164
   ->  Subquery Scan on "*SELECT* 2012"  (cost=165745.69..165745.70 rows=1 width=76) (actual time=0.677..0.678 rows=1 loops=1)
         ->  Limit  (cost=165745.69..165745.69 rows=1 width=84) (actual time=0.674..0.675 rows=1 loops=1)
               ->  Sort  (cost=165745.69..165745.69 rows=1 width=84) (actual time=0.672..0.673 rows=1 loops=1)
                     Sort Key: (st_distance(st_transform(s_2011.the_geom, 25833), '0101000020E9640000718E82B6D9DB23411D22E48E590E5741'::geometry))
                     Sort Method: top-N heapsort  Memory: 25kB
                     ->  Seq Scan on phoml_trajectory_tmp s_2011  (cost=0.00..165745.68 rows=1 width=84) (actual time=0.025..0.595 rows=496 loops=1)
                           Filter: ((unix_time >= '1685451333.404'::double precision) AND (unix_time <= '1685451393.404'::double precision) AND st_dwithin(st_transform(the_geom, 25833), '0101000020E9640000718E82B6D9DB23411D22E48E590E5741'::geometry, '300'::double precision))
                           Rows Removed by Filter: 3164
   ->  Subquery Scan on "*SELECT* 2013"  (cost=165745.69..165745.70 rows=1 width=76) (actual time=0.666..0.668 rows=1 loops=1)
         ->  Limit  (cost=165745.69..165745.69 rows=1 width=84) (actual time=0.663..0.664 rows=1 loops=1)
               ->  Sort  (cost=165745.69..165745.69 rows=1 width=84) (actual time=0.661..0.661 rows=1 loops=1)
                     Sort Key: (st_distance(st_transform(s_2012.the_geom, 25833), '0101000020E9640000C2D66A9ED5DB2341C1322B78580E5741'::geometry))
                     Sort Method: top-N heapsort  Memory: 25kB
                     ->  Seq Scan on phoml_trajectory_tmp s_2012  (cost=0.00..165745.68 rows=1 width=84) (actual time=0.018..0.579 rows=496 loops=1)
                           Filter: ((unix_time >= '1685451333.794'::double precision) AND (unix_time <= '1685451393.794'::double precision) AND st_dwithin(st_transform(the_geom, 25833), '0101000020E9640000C2D66A9ED5DB2341C1322B78580E5741'::geometry, '300'::double precision))
                           Rows Removed by Filter: 3164
   ->  Subquery Scan on "*SELECT* 2014"  (cost=165745.69..165745.70 rows=1 width=76) (actual time=0.651..0.652 rows=1 loops=1)
         ->  Limit  (cost=165745.69..165745.69 rows=1 width=84) (actual time=0.647..0.648 rows=1 loops=1)
               ->  Sort  (cost=165745.69..165745.69 rows=1 width=84) (actual time=0.645..0.646 rows=1 loops=1)
                     Sort Key: (st_distance(st_transform(s_2013.the_geom, 25833), '0101000020E9640000111FF16DD1DB2341566EB052570E5741'::geometry))
                     Sort Method: top-N heapsort  Memory: 25kB
                     ->  Seq Scan on phoml_trajectory_tmp s_2013  (cost=0.00..165745.68 rows=1 width=84) (actual time=0.015..0.572 rows=496 loops=1)
                           Filter: ((unix_time >= '1685451334.199'::double precision) AND (unix_time <= '1685451394.199'::double precision) AND st_dwithin(st_transform(the_geom, 25833), '0101000020E9640000111FF16DD1DB2341566EB052570E5741'::geometry, '300'::double precision))
                           Rows Removed by Filter: 3164
   ->  Subquery Scan on "*SELECT* 2015"  (cost=165745.69..165745.70 rows=1 width=76) (actual time=0.638..0.639 rows=1 loops=1)
         ->  Limit  (cost=165745.69..165745.69 rows=1 width=84) (actual time=0.635..0.636 rows=1 loops=1)
               ->  Sort  (cost=165745.69..165745.69 rows=1 width=84) (actual time=0.633..0.634 rows=1 loops=1)
                     Sort Key: (st_distance(st_transform(s_2014.the_geom, 25833), '0101000020E96400002B3ADB2BCDDB234175165D2C560E5741'::geometry))
                     Sort Method: top-N heapsort  Memory: 25kB
                     ->  Seq Scan on phoml_trajectory_tmp s_2014  (cost=0.00..165745.68 rows=1 width=84) (actual time=0.017..0.561 rows=496 loops=1)
                           Filter: ((unix_time >= '1685451334.579'::double precision) AND (unix_time <= '1685451394.579'::double precision) AND st_dwithin(st_transform(the_geom, 25833), '0101000020E96400002B3ADB2BCDDB234175165D2C560E5741'::geometry, '300'::double precision))
                           Rows Removed by Filter: 3164
   ->  Subquery Scan on "*SELECT* 2016"  (cost=165745.69..165745.70 rows=1 width=76) (actual time=0.677..0.679 rows=1 loops=1)
         ->  Limit  (cost=165745.69..165745.69 rows=1 width=84) (actual time=0.673..0.674 rows=1 loops=1)
               ->  Sort  (cost=165745.69..165745.69 rows=1 width=84) (actual time=0.671..0.672 rows=1 loops=1)
                     Sort Key: (st_distance(st_transform(s_2015.the_geom, 25833), '0101000020E9640000B2CAD0FBC8DB234139651513550E5741'::geometry))
                     Sort Method: top-N heapsort  Memory: 25kB
                     ->  Seq Scan on phoml_trajectory_tmp s_2015  (cost=0.00..165745.68 rows=1 width=84) (actual time=0.015..0.596 rows=496 loops=1)
                           Filter: ((unix_time >= '1685451334.959'::double precision) AND (unix_time <= '1685451394.959'::double precision) AND st_dwithin(st_transform(the_geom, 25833), '0101000020E9640000B2CAD0FBC8DB234139651513550E5741'::geometry, '300'::double precision))
                           Rows Removed by Filter: 3164
   ->  Subquery Scan on "*SELECT* 2017"  (cost=165745.69..165745.70 rows=1 width=76) (actual time=0.652..0.653 rows=1 loops=1)
         ->  Limit  (cost=165745.69..165745.69 rows=1 width=84) (actual time=0.648..0.649 rows=1 loops=1)
               ->  Sort  (cost=165745.69..165745.69 rows=1 width=84) (actual time=0.646..0.646 rows=1 loops=1)
                     Sort Key: (st_distance(st_transform(s_2016.the_geom, 25833), '0101000020E9640000AE58E4E1C4DB234143FD8AEA530E5741'::geometry))
                     Sort Method: top-N heapsort  Memory: 25kB
                     ->  Seq Scan on phoml_trajectory_tmp s_2016  (cost=0.00..165745.68 rows=1 width=84) (actual time=0.022..0.571 rows=496 loops=1)
                           Filter: ((unix_time >= '1685451335.347'::double precision) AND (unix_time <= '1685451395.347'::double precision) AND st_dwithin(st_transform(the_geom, 25833), '0101000020E9640000AE58E4E1C4DB234143FD8AEA530E5741'::geometry, '300'::double precision))
                           Rows Removed by Filter: 3164
   ->  Subquery Scan on "*SELECT* 2018"  (cost=165745.69..165745.70 rows=1 width=76) (actual time=0.640..0.641 rows=1 loops=1)
         ->  Limit  (cost=165745.69..165745.69 rows=1 width=84) (actual time=0.637..0.638 rows=1 loops=1)
               ->  Sort  (cost=165745.69..165745.69 rows=1 width=84) (actual time=0.635..0.636 rows=1 loops=1)
                     Sort Key: (st_distance(st_transform(s_2017.the_geom, 25833), '0101000020E96400004C6F3B04C1DB23419D90C8BE520E5741'::geometry))
                     Sort Method: top-N heapsort  Memory: 25kB
                     ->  Seq Scan on phoml_trajectory_tmp s_2017  (cost=0.00..165745.68 rows=1 width=84) (actual time=0.016..0.562 rows=496 loops=1)
                           Filter: ((unix_time >= '1685451335.737'::double precision) AND (unix_time <= '1685451395.737'::double precision) AND st_dwithin(st_transform(the_geom, 25833), '0101000020E96400004C6F3B04C1DB23419D90C8BE520E5741'::geometry, '300'::double precision))
                           Rows Removed by Filter: 3164
   ->  Subquery Scan on "*SELECT* 2019"  (cost=165745.69..165745.70 rows=1 width=76) (actual time=0.652..0.653 rows=1 loops=1)
         ->  Limit  (cost=165745.69..165745.69 rows=1 width=84) (actual time=0.649..0.650 rows=1 loops=1)
               ->  Sort  (cost=165745.69..165745.69 rows=1 width=84) (actual time=0.647..0.648 rows=1 loops=1)
                     Sort Key: (st_distance(st_transform(s_2018.the_geom, 25833), '0101000020E9640000D7534B12BDDB23413B080B9D510E5741'::geometry))
                     Sort Method: top-N heapsort  Memory: 25kB
                     ->  Seq Scan on phoml_trajectory_tmp s_2018  (cost=0.00..165745.68 rows=1 width=84) (actual time=0.016..0.576 rows=492 loops=1)
                           Filter: ((unix_time >= '1685451336.117'::double precision) AND (unix_time <= '1685451396.117'::double precision) AND st_dwithin(st_transform(the_geom, 25833), '0101000020E9640000D7534B12BDDB23413B080B9D510E5741'::geometry, '300'::double precision))
                           Rows Removed by Filter: 3168
   ->  Subquery Scan on "*SELECT* 2020"  (cost=165745.69..165745.70 rows=1 width=76) (actual time=0.652..0.654 rows=1 loops=1)
         ->  Limit  (cost=165745.69..165745.69 rows=1 width=84) (actual time=0.649..0.649 rows=1 loops=1)
               ->  Sort  (cost=165745.69..165745.69 rows=1 width=84) (actual time=0.646..0.647 rows=1 loops=1)
                     Sort Key: (st_distance(st_transform(s_2019.the_geom, 25833), '0101000020E96400006BA391E7B8DB234138937575500E5741'::geometry))
                     Sort Method: top-N heapsort  Memory: 25kB
                     ->  Seq Scan on phoml_trajectory_tmp s_2019  (cost=0.00..165745.68 rows=1 width=84) (actual time=0.017..0.572 rows=496 loops=1)
                           Filter: ((unix_time >= '1685451336.503'::double precision) AND (unix_time <= '1685451396.503'::double precision) AND st_dwithin(st_transform(the_geom, 25833), '0101000020E96400006BA391E7B8DB234138937575500E5741'::geometry, '300'::double precision))
                           Rows Removed by Filter: 3164
   ->  Subquery Scan on "*SELECT* 2021"  (cost=165745.69..165745.70 rows=1 width=76) (actual time=0.642..0.643 rows=1 loops=1)
         ->  Limit  (cost=165745.69..165745.69 rows=1 width=84) (actual time=0.640..0.640 rows=1 loops=1)
               ->  Sort  (cost=165745.69..165745.69 rows=1 width=84) (actual time=0.638..0.638 rows=1 loops=1)
                     Sort Key: (st_distance(st_transform(s_2020.the_geom, 25833), '0101000020E9640000C63F0CDAB4DB2341989D34554F0E5741'::geometry))
                     Sort Method: top-N heapsort  Memory: 25kB
                     ->  Seq Scan on phoml_trajectory_tmp s_2020  (cost=0.00..165745.68 rows=1 width=84) (actual time=0.018..0.564 rows=492 loops=1)
                           Filter: ((unix_time >= '1685451336.873'::double precision) AND (unix_time <= '1685451396.873'::double precision) AND st_dwithin(st_transform(the_geom, 25833), '0101000020E9640000C63F0CDAB4DB2341989D34554F0E5741'::geometry, '300'::double precision))
                           Rows Removed by Filter: 3168
   ->  Subquery Scan on "*SELECT* 2022"  (cost=165745.69..165745.70 rows=1 width=76) (actual time=0.646..0.647 rows=1 loops=1)
         ->  Limit  (cost=165745.69..165745.69 rows=1 width=84) (actual time=0.641..0.642 rows=1 loops=1)
               ->  Sort  (cost=165745.69..165745.69 rows=1 width=84) (actual time=0.640..0.640 rows=1 loops=1)
                     Sort Key: (st_distance(st_transform(s_2021.the_geom, 25833), '0101000020E9640000ED3CD3B3B0DB2341526F5A2D4E0E5741'::geometry))
                     Sort Method: top-N heapsort  Memory: 25kB
                     ->  Seq Scan on phoml_trajectory_tmp s_2021  (cost=0.00..165745.68 rows=1 width=84) (actual time=0.016..0.565 rows=492 loops=1)
                           Filter: ((unix_time >= '1685451337.253'::double precision) AND (unix_time <= '1685451397.253'::double precision) AND st_dwithin(st_transform(the_geom, 25833), '0101000020E9640000ED3CD3B3B0DB2341526F5A2D4E0E5741'::geometry, '300'::double precision))
                           Rows Removed by Filter: 3168
   ->  Subquery Scan on "*SELECT* 2023"  (cost=165745.69..165745.70 rows=1 width=76) (actual time=0.648..0.649 rows=1 loops=1)
         ->  Limit  (cost=165745.69..165745.69 rows=1 width=84) (actual time=0.644..0.646 rows=1 loops=1)
               ->  Sort  (cost=165745.69..165745.69 rows=1 width=84) (actual time=0.642..0.643 rows=1 loops=1)
                     Sort Key: (st_distance(st_transform(s_2022.the_geom, 25833), '0101000020E9640000B6423DA9ACDB23411BDEEF0C4D0E5741'::geometry))
                     Sort Method: top-N heapsort  Memory: 25kB
                     ->  Seq Scan on phoml_trajectory_tmp s_2022  (cost=0.00..165745.68 rows=1 width=84) (actual time=0.018..0.570 rows=492 loops=1)
                           Filter: ((unix_time >= '1685451337.623'::double precision) AND (unix_time <= '1685451397.623'::double precision) AND st_dwithin(st_transform(the_geom, 25833), '0101000020E9640000B6423DA9ACDB23411BDEEF0C4D0E5741'::geometry, '300'::double precision))
                           Rows Removed by Filter: 3168
   ->  Subquery Scan on "*SELECT* 2024"  (cost=165745.69..165745.70 rows=1 width=76) (actual time=0.653..0.654 rows=1 loops=1)
         ->  Limit  (cost=165745.69..165745.69 rows=1 width=84) (actual time=0.640..0.641 rows=1 loops=1)
               ->  Sort  (cost=165745.69..165745.69 rows=1 width=84) (actual time=0.638..0.639 rows=1 loops=1)
                     Sort Key: (st_distance(st_transform(s_2023.the_geom, 25833), '0101000020E964000029343573A8DB2341FC0434E44B0E5741'::geometry))
                     Sort Method: top-N heapsort  Memory: 25kB
                     ->  Seq Scan on phoml_trajectory_tmp s_2023  (cost=0.00..165745.68 rows=1 width=84) (actual time=0.020..0.565 rows=492 loops=1)
                           Filter: ((unix_time >= '1685451338.003'::double precision) AND (unix_time <= '1685451398.003'::double precision) AND st_dwithin(st_transform(the_geom, 25833), '0101000020E964000029343573A8DB2341FC0434E44B0E5741'::geometry, '300'::double precision))
                           Rows Removed by Filter: 3168
   ->  Subquery Scan on "*SELECT* 2025"  (cost=165745.69..165745.70 rows=1 width=76) (actual time=0.668..0.669 rows=1 loops=1)
         ->  Limit  (cost=165745.69..165745.69 rows=1 width=84) (actual time=0.664..0.664 rows=1 loops=1)
               ->  Sort  (cost=165745.69..165745.69 rows=1 width=84) (actual time=0.661..0.662 rows=1 loops=1)
                     Sort Key: (st_distance(st_transform(s_2024.the_geom, 25833), '0101000020E96400001CD8D46DA4DB234136F858CA4A0E5741'::geometry))
                     Sort Method: top-N heapsort  Memory: 25kB
                     ->  Seq Scan on phoml_trajectory_tmp s_2024  (cost=0.00..165745.68 rows=1 width=84) (actual time=0.019..0.587 rows=492 loops=1)
                           Filter: ((unix_time >= '1685451338.37'::double precision) AND (unix_time <= '1685451398.37'::double precision) AND st_dwithin(st_transform(the_geom, 25833), '0101000020E96400001CD8D46DA4DB234136F858CA4A0E5741'::geometry, '300'::double precision))
                           Rows Removed by Filter: 3168
   ->  Subquery Scan on "*SELECT* 2026"  (cost=165745.69..165745.70 rows=1 width=76) (actual time=0.655..0.656 rows=1 loops=1)
         ->  Limit  (cost=165745.69..165745.69 rows=1 width=84) (actual time=0.651..0.652 rows=1 loops=1)
               ->  Sort  (cost=165745.69..165745.69 rows=1 width=84) (actual time=0.649..0.650 rows=1 loops=1)
                     Sort Key: (st_distance(st_transform(s_2025.the_geom, 25833), '0101000020E96400005BB5D627A0DB23417AA767A4490E5741'::geometry))
                     Sort Method: top-N heapsort  Memory: 25kB
                     ->  Seq Scan on phoml_trajectory_tmp s_2025  (cost=0.00..165745.68 rows=1 width=84) (actual time=0.017..0.576 rows=492 loops=1)
                           Filter: ((unix_time >= '1685451338.74'::double precision) AND (unix_time <= '1685451398.74'::double precision) AND st_dwithin(st_transform(the_geom, 25833), '0101000020E96400005BB5D627A0DB23417AA767A4490E5741'::geometry, '300'::double precision))
                           Rows Removed by Filter: 3168
   ->  Subquery Scan on "*SELECT* 2027"  (cost=165745.69..165745.70 rows=1 width=76) (actual time=0.647..0.648 rows=1 loops=1)
         ->  Limit  (cost=165745.69..165745.69 rows=1 width=84) (actual time=0.644..0.645 rows=1 loops=1)
               ->  Sort  (cost=165745.69..165745.69 rows=1 width=84) (actual time=0.642..0.642 rows=1 loops=1)
                     Sort Key: (st_distance(st_transform(s_2026.the_geom, 25833), '0101000020E964000020EF8FCB9BDB2341ED7B677D480E5741'::geometry))
                     Sort Method: top-N heapsort  Memory: 25kB
                     ->  Seq Scan on phoml_trajectory_tmp s_2026  (cost=0.00..165745.68 rows=1 width=84) (actual time=0.020..0.570 rows=492 loops=1)
                           Filter: ((unix_time >= '1685451339.12'::double precision) AND (unix_time <= '1685451399.12'::double precision) AND st_dwithin(st_transform(the_geom, 25833), '0101000020E964000020EF8FCB9BDB2341ED7B677D480E5741'::geometry, '300'::double precision))
                           Rows Removed by Filter: 3168
   ->  Subquery Scan on "*SELECT* 2028"  (cost=165745.69..165745.70 rows=1 width=76) (actual time=0.659..0.660 rows=1 loops=1)
         ->  Limit  (cost=165745.69..165745.69 rows=1 width=84) (actual time=0.655..0.656 rows=1 loops=1)
               ->  Sort  (cost=165745.69..165745.69 rows=1 width=84) (actual time=0.653..0.653 rows=1 loops=1)
                     Sort Key: (st_distance(st_transform(s_2027.the_geom, 25833), '0101000020E9640000F3C4B87097DB2341F29D975F470E5741'::geometry))
                     Sort Method: top-N heapsort  Memory: 25kB
                     ->  Seq Scan on phoml_trajectory_tmp s_2027  (cost=0.00..165745.68 rows=1 width=84) (actual time=0.018..0.581 rows=488 loops=1)
                           Filter: ((unix_time >= '1685451339.493'::double precision) AND (unix_time <= '1685451399.493'::double precision) AND st_dwithin(st_transform(the_geom, 25833), '0101000020E9640000F3C4B87097DB2341F29D975F470E5741'::geometry, '300'::double precision))
                           Rows Removed by Filter: 3172
   ->  Subquery Scan on "*SELECT* 2029"  (cost=165745.69..165745.70 rows=1 width=76) (actual time=0.660..0.662 rows=1 loops=1)
         ->  Limit  (cost=165745.69..165745.69 rows=1 width=84) (actual time=0.657..0.658 rows=1 loops=1)
               ->  Sort  (cost=165745.69..165745.69 rows=1 width=84) (actual time=0.654..0.655 rows=1 loops=1)
                     Sort Key: (st_distance(st_transform(s_2028.the_geom, 25833), '0101000020E9640000D7B4792B93DB234131497240460E5741'::geometry))
                     Sort Method: top-N heapsort  Memory: 25kB
                     ->  Seq Scan on phoml_trajectory_tmp s_2028  (cost=0.00..165745.68 rows=1 width=84) (actual time=0.020..0.577 rows=492 loops=1)
                           Filter: ((unix_time >= '1685451339.863'::double precision) AND (unix_time <= '1685451399.863'::double precision) AND st_dwithin(st_transform(the_geom, 25833), '0101000020E9640000D7B4792B93DB234131497240460E5741'::geometry, '300'::double precision))
                           Rows Removed by Filter: 3168
   ->  Subquery Scan on "*SELECT* 2030"  (cost=165745.69..165745.70 rows=1 width=76) (actual time=0.646..0.647 rows=1 loops=1)
         ->  Limit  (cost=165745.69..165745.69 rows=1 width=84) (actual time=0.644..0.645 rows=1 loops=1)
               ->  Sort  (cost=165745.69..165745.69 rows=1 width=84) (actual time=0.642..0.642 rows=1 loops=1)
                     Sort Key: (st_distance(st_transform(s_2029.the_geom, 25833), '0101000020E9640000EC7127B98EDB23411591D518450E5741'::geometry))
                     Sort Method: top-N heapsort  Memory: 25kB
                     ->  Seq Scan on phoml_trajectory_tmp s_2029  (cost=0.00..165745.68 rows=1 width=84) (actual time=0.020..0.569 rows=488 loops=1)
                           Filter: ((unix_time >= '1685451340.255'::double precision) AND (unix_time <= '1685451400.255'::double precision) AND st_dwithin(st_transform(the_geom, 25833), '0101000020E9640000EC7127B98EDB23411591D518450E5741'::geometry, '300'::double precision))
                           Rows Removed by Filter: 3172
   ->  Subquery Scan on "*SELECT* 2031"  (cost=165745.69..165745.70 rows=1 width=76) (actual time=0.696..0.697 rows=1 loops=1)
         ->  Limit  (cost=165745.69..165745.69 rows=1 width=84) (actual time=0.693..0.693 rows=1 loops=1)
               ->  Sort  (cost=165745.69..165745.69 rows=1 width=84) (actual time=0.691..0.691 rows=1 loops=1)
                     Sort Key: (st_distance(st_transform(s_2030.the_geom, 25833), '0101000020E96400002F7742AD8ADB234152D4C7F6430E5741'::geometry))
                     Sort Method: top-N heapsort  Memory: 25kB
                     ->  Seq Scan on phoml_trajectory_tmp s_2030  (cost=0.00..165745.68 rows=1 width=84) (actual time=0.019..0.575 rows=484 loops=1)
                           Filter: ((unix_time >= '1685451340.635'::double precision) AND (unix_time <= '1685451400.635'::double precision) AND st_dwithin(st_transform(the_geom, 25833), '0101000020E96400002F7742AD8ADB234152D4C7F6430E5741'::geometry, '300'::double precision))
                           Rows Removed by Filter: 3176
   ->  Subquery Scan on "*SELECT* 2032"  (cost=165745.69..165745.70 rows=1 width=76) (actual time=0.684..0.686 rows=1 loops=1)
         ->  Limit  (cost=165745.69..165745.69 rows=1 width=84) (actual time=0.672..0.673 rows=1 loops=1)
               ->  Sort  (cost=165745.69..165745.69 rows=1 width=84) (actual time=0.670..0.671 rows=1 loops=1)
                     Sort Key: (st_distance(st_transform(s_2031.the_geom, 25833), '0101000020E9640000BBBC71BB86DB2341134ED5C9420E5741'::geometry))
                     Sort Method: top-N heapsort  Memory: 25kB
                     ->  Seq Scan on phoml_trajectory_tmp s_2031  (cost=0.00..165745.68 rows=1 width=84) (actual time=0.019..0.597 rows=484 loops=1)
                           Filter: ((unix_time >= '1685451341.035'::double precision) AND (unix_time <= '1685451401.035'::double precision) AND st_dwithin(st_transform(the_geom, 25833), '0101000020E9640000BBBC71BB86DB2341134ED5C9420E5741'::geometry, '300'::double precision))
                           Rows Removed by Filter: 3176
   ->  Subquery Scan on "*SELECT* 2033"  (cost=165745.69..165745.70 rows=1 width=76) (actual time=0.644..0.645 rows=1 loops=1)
         ->  Limit  (cost=165745.69..165745.69 rows=1 width=84) (actual time=0.641..0.642 rows=1 loops=1)
               ->  Sort  (cost=165745.69..165745.69 rows=1 width=84) (actual time=0.639..0.640 rows=1 loops=1)
                     Sort Key: (st_distance(st_transform(s_2032.the_geom, 25833), '0101000020E96400005C27CEFF82DB234156314FA3410E5741'::geometry))
                     Sort Method: top-N heapsort  Memory: 25kB
                     ->  Seq Scan on phoml_trajectory_tmp s_2032  (cost=0.00..165745.68 rows=1 width=84) (actual time=0.022..0.570 rows=480 loops=1)
                           Filter: ((unix_time >= '1685451341.427'::double precision) AND (unix_time <= '1685451401.427'::double precision) AND st_dwithin(st_transform(the_geom, 25833), '0101000020E96400005C27CEFF82DB234156314FA3410E5741'::geometry, '300'::double precision))
                           Rows Removed by Filter: 3180
   ->  Subquery Scan on "*SELECT* 2034"  (cost=165745.69..165745.70 rows=1 width=76) (actual time=0.662..0.663 rows=1 loops=1)
         ->  Limit  (cost=165745.69..165745.69 rows=1 width=84) (actual time=0.658..0.659 rows=1 loops=1)
               ->  Sort  (cost=165745.69..165745.69 rows=1 width=84) (actual time=0.656..0.656 rows=1 loops=1)
                     Sort Key: (st_distance(st_transform(s_2033.the_geom, 25833), '0101000020E964000081037D587FDB2341A48F7C7B400E5741'::geometry))
                     Sort Method: top-N heapsort  Memory: 25kB
                     ->  Seq Scan on phoml_trajectory_tmp s_2033  (cost=0.00..165745.68 rows=1 width=84) (actual time=0.019..0.585 rows=480 loops=1)
                           Filter: ((unix_time >= '1685451341.837'::double precision) AND (unix_time <= '1685451401.837'::double precision) AND st_dwithin(st_transform(the_geom, 25833), '0101000020E964000081037D587FDB2341A48F7C7B400E5741'::geometry, '300'::double precision))
                           Rows Removed by Filter: 3180
   ->  Subquery Scan on "*SELECT* 2035"  (cost=165745.69..165745.70 rows=1 width=76) (actual time=0.672..0.673 rows=1 loops=1)
         ->  Limit  (cost=165745.69..165745.69 rows=1 width=84) (actual time=0.668..0.669 rows=1 loops=1)
               ->  Sort  (cost=165745.69..165745.69 rows=1 width=84) (actual time=0.666..0.667 rows=1 loops=1)
                     Sort Key: (st_distance(st_transform(s_2034.the_geom, 25833), '0101000020E96400000F3A5FA57BDB2341136F8B4D3F0E5741'::geometry))
                     Sort Method: top-N heapsort  Memory: 25kB
                     ->  Seq Scan on phoml_trajectory_tmp s_2034  (cost=0.00..165745.68 rows=1 width=84) (actual time=0.019..0.590 rows=480 loops=1)
                           Filter: ((unix_time >= '1685451342.269'::double precision) AND (unix_time <= '1685451402.269'::double precision) AND st_dwithin(st_transform(the_geom, 25833), '0101000020E96400000F3A5FA57BDB2341136F8B4D3F0E5741'::geometry, '300'::double precision))
                           Rows Removed by Filter: 3180
   ->  Subquery Scan on "*SELECT* 2036"  (cost=165745.69..165745.70 rows=1 width=76) (actual time=0.674..0.675 rows=1 loops=1)
         ->  Limit  (cost=165745.69..165745.69 rows=1 width=84) (actual time=0.671..0.672 rows=1 loops=1)
               ->  Sort  (cost=165745.69..165745.69 rows=1 width=84) (actual time=0.669..0.670 rows=1 loops=1)
                     Sort Key: (st_distance(st_transform(s_2035.the_geom, 25833), '0101000020E9640000790980F177DB2341B4AB83213E0E5741'::geometry))
                     Sort Method: top-N heapsort  Memory: 25kB
                     ->  Seq Scan on phoml_trajectory_tmp s_2035  (cost=0.00..165745.68 rows=1 width=84) (actual time=0.019..0.598 rows=476 loops=1)
                           Filter: ((unix_time >= '1685451342.709'::double precision) AND (unix_time <= '1685451402.709'::double precision) AND st_dwithin(st_transform(the_geom, 25833), '0101000020E9640000790980F177DB2341B4AB83213E0E5741'::geometry, '300'::double precision))
                           Rows Removed by Filter: 3184
   ->  Subquery Scan on "*SELECT* 2037"  (cost=165745.69..165745.70 rows=1 width=76) (actual time=0.679..0.680 rows=1 loops=1)
         ->  Limit  (cost=165745.69..165745.69 rows=1 width=84) (actual time=0.675..0.676 rows=1 loops=1)
               ->  Sort  (cost=165745.69..165745.69 rows=1 width=84) (actual time=0.673..0.674 rows=1 loops=1)
                     Sort Key: (st_distance(st_transform(s_2036.the_geom, 25833), '0101000020E96400006FE5170775DB234103452BF43C0E5741'::geometry))
                     Sort Method: top-N heapsort  Memory: 25kB
                     ->  Seq Scan on phoml_trajectory_tmp s_2036  (cost=0.00..165745.68 rows=1 width=84) (actual time=0.022..0.601 rows=476 loops=1)
                           Filter: ((unix_time >= '1685451343.151'::double precision) AND (unix_time <= '1685451403.151'::double precision) AND st_dwithin(st_transform(the_geom, 25833), '0101000020E96400006FE5170775DB234103452BF43C0E5741'::geometry, '300'::double precision))
                           Rows Removed by Filter: 3184
   ->  Subquery Scan on "*SELECT* 2038"  (cost=165745.69..165745.70 rows=1 width=76) (actual time=0.672..0.673 rows=1 loops=1)
         ->  Limit  (cost=165745.69..165745.69 rows=1 width=84) (actual time=0.668..0.668 rows=1 loops=1)
               ->  Sort  (cost=165745.69..165745.69 rows=1 width=84) (actual time=0.666..0.666 rows=1 loops=1)
                     Sort Key: (st_distance(st_transform(s_2037.the_geom, 25833), '0101000020E9640000DED3069D74DB234121967F9D3B0E5741'::geometry))
                     Sort Method: top-N heapsort  Memory: 25kB
                     ->  Seq Scan on phoml_trajectory_tmp s_2037  (cost=0.00..165745.68 rows=1 width=84) (actual time=0.020..0.587 rows=476 loops=1)
                           Filter: ((unix_time >= '1685451343.611'::double precision) AND (unix_time <= '1685451403.611'::double precision) AND st_dwithin(st_transform(the_geom, 25833), '0101000020E9640000DED3069D74DB234121967F9D3B0E5741'::geometry, '300'::double precision))
                           Rows Removed by Filter: 3184
   ->  Subquery Scan on "*SELECT* 2039"  (cost=165745.69..165745.70 rows=1 width=76) (actual time=0.662..0.664 rows=1 loops=1)
         ->  Limit  (cost=165745.69..165745.69 rows=1 width=84) (actual time=0.660..0.661 rows=1 loops=1)
               ->  Sort  (cost=165745.69..165745.69 rows=1 width=84) (actual time=0.658..0.658 rows=1 loops=1)
                     Sort Key: (st_distance(st_transform(s_2038.the_geom, 25833), '0101000020E9640000D6CAA4FC76DB23410E481F383A0E5741'::geometry))
                     Sort Method: top-N heapsort  Memory: 25kB
                     ->  Seq Scan on phoml_trajectory_tmp s_2038  (cost=0.00..165745.68 rows=1 width=84) (actual time=0.019..0.586 rows=476 loops=1)
                           Filter: ((unix_time >= '1685451344.081'::double precision) AND (unix_time <= '1685451404.081'::double precision) AND st_dwithin(st_transform(the_geom, 25833), '0101000020E9640000D6CAA4FC76DB23410E481F383A0E5741'::geometry, '300'::double precision))
                           Rows Removed by Filter: 3184
   ->  Subquery Scan on "*SELECT* 2040"  (cost=165745.69..165745.70 rows=1 width=76) (actual time=0.671..0.672 rows=1 loops=1)
         ->  Limit  (cost=165745.69..165745.69 rows=1 width=84) (actual time=0.667..0.668 rows=1 loops=1)
               ->  Sort  (cost=165745.69..165745.69 rows=1 width=84) (actual time=0.665..0.666 rows=1 loops=1)
                     Sort Key: (st_distance(st_transform(s_2039.the_geom, 25833), '0101000020E9640000F33D38977BDB2341B6C2B1D3380E5741'::geometry))
                     Sort Method: top-N heapsort  Memory: 25kB
                     ->  Seq Scan on phoml_trajectory_tmp s_2039  (cost=0.00..165745.68 rows=1 width=84) (actual time=0.022..0.590 rows=476 loops=1)
                           Filter: ((unix_time >= '1685451344.567'::double precision) AND (unix_time <= '1685451404.567'::double precision) AND st_dwithin(st_transform(the_geom, 25833), '0101000020E9640000F33D38977BDB2341B6C2B1D3380E5741'::geometry, '300'::double precision))
                           Rows Removed by Filter: 3184
   ->  Subquery Scan on "*SELECT* 2041"  (cost=165745.69..165745.70 rows=1 width=76) (actual time=0.671..0.673 rows=1 loops=1)
         ->  Limit  (cost=165745.69..165745.69 rows=1 width=84) (actual time=0.667..0.668 rows=1 loops=1)
               ->  Sort  (cost=165745.69..165745.69 rows=1 width=84) (actual time=0.665..0.666 rows=1 loops=1)
                     Sort Key: (st_distance(st_transform(s_2040.the_geom, 25833), '0101000020E9640000D0DD14D282DB2341531AC872370E5741'::geometry))
                     Sort Method: top-N heapsort  Memory: 25kB
                     ->  Seq Scan on phoml_trajectory_tmp s_2040  (cost=0.00..165745.68 rows=1 width=84) (actual time=0.022..0.592 rows=476 loops=1)
                           Filter: ((unix_time >= '1685451345.067'::double precision) AND (unix_time <= '1685451405.067'::double precision) AND st_dwithin(st_transform(the_geom, 25833), '0101000020E9640000D0DD14D282DB2341531AC872370E5741'::geometry, '300'::double precision))
                           Rows Removed by Filter: 3184
   ->  Subquery Scan on "*SELECT* 2042"  (cost=165745.69..165745.70 rows=1 width=76) (actual time=0.655..0.656 rows=1 loops=1)
         ->  Limit  (cost=165745.69..165745.69 rows=1 width=84) (actual time=0.653..0.653 rows=1 loops=1)
               ->  Sort  (cost=165745.69..165745.69 rows=1 width=84) (actual time=0.650..0.651 rows=1 loops=1)
                     Sort Key: (st_distance(st_transform(s_2041.the_geom, 25833), '0101000020E964000078F6911E8DDB23414E63683D360E5741'::geometry))
                     Sort Method: top-N heapsort  Memory: 25kB
                     ->  Seq Scan on phoml_trajectory_tmp s_2041  (cost=0.00..165745.68 rows=1 width=84) (actual time=0.019..0.576 rows=484 loops=1)
                           Filter: ((unix_time >= '1685451345.578'::double precision) AND (unix_time <= '1685451405.578'::double precision) AND st_dwithin(st_transform(the_geom, 25833), '0101000020E964000078F6911E8DDB23414E63683D360E5741'::geometry, '300'::double precision))
                           Rows Removed by Filter: 3176
   ->  Subquery Scan on "*SELECT* 2043"  (cost=165745.69..165745.70 rows=1 width=76) (actual time=0.665..0.666 rows=1 loops=1)
         ->  Limit  (cost=165745.69..165745.69 rows=1 width=84) (actual time=0.662..0.663 rows=1 loops=1)
               ->  Sort  (cost=165745.69..165745.69 rows=1 width=84) (actual time=0.660..0.661 rows=1 loops=1)
                     Sort Key: (st_distance(st_transform(s_2042.the_geom, 25833), '0101000020E9640000CFD2977698DB2341A72FCF26350E5741'::geometry))
                     Sort Method: top-N heapsort  Memory: 25kB
                     ->  Seq Scan on phoml_trajectory_tmp s_2042  (cost=0.00..165745.68 rows=1 width=84) (actual time=0.033..0.585 rows=484 loops=1)
                           Filter: ((unix_time >= '1685451346.118'::double precision) AND (unix_time <= '1685451406.118'::double precision) AND st_dwithin(st_transform(the_geom, 25833), '0101000020E9640000CFD2977698DB2341A72FCF26350E5741'::geometry, '300'::double precision))
                           Rows Removed by Filter: 3176
   ->  Subquery Scan on "*SELECT* 2044"  (cost=165745.69..165745.70 rows=1 width=76) (actual time=0.667..0.668 rows=1 loops=1)
         ->  Limit  (cost=165745.69..165745.69 rows=1 width=84) (actual time=0.663..0.664 rows=1 loops=1)
               ->  Sort  (cost=165745.69..165745.69 rows=1 width=84) (actual time=0.661..0.661 rows=1 loops=1)
                     Sort Key: (st_distance(st_transform(s_2043.the_geom, 25833), '0101000020E9640000CC632C63A3DB2341D2183F41340E5741'::geometry))
                     Sort Method: top-N heapsort  Memory: 25kB
                     ->  Seq Scan on phoml_trajectory_tmp s_2043  (cost=0.00..165745.68 rows=1 width=84) (actual time=0.020..0.587 rows=488 loops=1)
                           Filter: ((unix_time >= '1685451346.639'::double precision) AND (unix_time <= '1685451406.639'::double precision) AND st_dwithin(st_transform(the_geom, 25833), '0101000020E9640000CC632C63A3DB2341D2183F41340E5741'::geometry, '300'::double precision))
                           Rows Removed by Filter: 3172
   ->  Subquery Scan on "*SELECT* 2045"  (cost=165745.69..165745.70 rows=1 width=76) (actual time=0.665..0.666 rows=1 loops=1)
         ->  Limit  (cost=165745.69..165745.69 rows=1 width=84) (actual time=0.661..0.662 rows=1 loops=1)
               ->  Sort  (cost=165745.69..165745.69 rows=1 width=84) (actual time=0.660..0.660 rows=1 loops=1)
                     Sort Key: (st_distance(st_transform(s_2044.the_geom, 25833), '0101000020E9640000FA391F4CAEDB23415D383878330E5741'::geometry))
                     Sort Method: top-N heapsort  Memory: 25kB
                     ->  Seq Scan on phoml_trajectory_tmp s_2044  (cost=0.00..165745.68 rows=1 width=84) (actual time=0.024..0.587 rows=488 loops=1)
                           Filter: ((unix_time >= '1685451347.153'::double precision) AND (unix_time <= '1685451407.153'::double precision) AND st_dwithin(st_transform(the_geom, 25833), '0101000020E9640000FA391F4CAEDB23415D383878330E5741'::geometry, '300'::double precision))
                           Rows Removed by Filter: 3172
   ->  Subquery Scan on "*SELECT* 2046"  (cost=165745.69..165745.70 rows=1 width=76) (actual time=0.681..0.682 rows=1 loops=1)
         ->  Limit  (cost=165745.69..165745.69 rows=1 width=84) (actual time=0.679..0.680 rows=1 loops=1)
               ->  Sort  (cost=165745.69..165745.69 rows=1 width=84) (actual time=0.676..0.677 rows=1 loops=1)
                     Sort Key: (st_distance(st_transform(s_2045.the_geom, 25833), '0101000020E9640000B0439BCAB7DB2341545D7EA5320E5741'::geometry))
                     Sort Method: top-N heapsort  Memory: 25kB
                     ->  Seq Scan on phoml_trajectory_tmp s_2045  (cost=0.00..165745.68 rows=1 width=84) (actual time=0.037..0.602 rows=496 loops=1)
                           Filter: ((unix_time >= '1685451347.663'::double precision) AND (unix_time <= '1685451407.663'::double precision) AND st_dwithin(st_transform(the_geom, 25833), '0101000020E9640000B0439BCAB7DB2341545D7EA5320E5741'::geometry, '300'::double precision))
                           Rows Removed by Filter: 3164
   ->  Subquery Scan on "*SELECT* 2047"  (cost=165745.69..165745.70 rows=1 width=76) (actual time=0.666..0.667 rows=1 loops=1)
         ->  Limit  (cost=165745.69..165745.69 rows=1 width=84) (actual time=0.663..0.664 rows=1 loops=1)
               ->  Sort  (cost=165745.69..165745.69 rows=1 width=84) (actual time=0.661..0.662 rows=1 loops=1)
                     Sort Key: (st_distance(st_transform(s_2046.the_geom, 25833), '0101000020E96400004F7DCCCAC0DB2341C83FA1DF310E5741'::geometry))
                     Sort Method: top-N heapsort  Memory: 25kB
                     ->  Seq Scan on phoml_trajectory_tmp s_2046  (cost=0.00..165745.68 rows=1 width=84) (actual time=0.018..0.588 rows=500 loops=1)
                           Filter: ((unix_time >= '1685451348.177'::double precision) AND (unix_time <= '1685451408.177'::double precision) AND st_dwithin(st_transform(the_geom, 25833), '0101000020E96400004F7DCCCAC0DB2341C83FA1DF310E5741'::geometry, '300'::double precision))
                           Rows Removed by Filter: 3160
   ->  Subquery Scan on "*SELECT* 2048"  (cost=165745.69..165745.70 rows=1 width=76) (actual time=0.701..0.702 rows=1 loops=1)
         ->  Limit  (cost=165745.69..165745.69 rows=1 width=84) (actual time=0.697..0.698 rows=1 loops=1)
               ->  Sort  (cost=165745.69..165745.69 rows=1 width=84) (actual time=0.695..0.695 rows=1 loops=1)
                     Sort Key: (st_distance(st_transform(s_2047.the_geom, 25833), '0101000020E96400004A9D2393C8DB23418FEDDE0A310E5741'::geometry))
                     Sort Method: top-N heapsort  Memory: 25kB
                     ->  Seq Scan on phoml_trajectory_tmp s_2047  (cost=0.00..165745.68 rows=1 width=84) (actual time=0.020..0.620 rows=500 loops=1)
                           Filter: ((unix_time >= '1685451348.647'::double precision) AND (unix_time <= '1685451408.647'::double precision) AND st_dwithin(st_transform(the_geom, 25833), '0101000020E96400004A9D2393C8DB23418FEDDE0A310E5741'::geometry, '300'::double precision))
                           Rows Removed by Filter: 3160
   ->  Subquery Scan on "*SELECT* 2049"  (cost=165745.69..165745.70 rows=1 width=76) (actual time=0.685..0.686 rows=1 loops=1)
         ->  Limit  (cost=165745.69..165745.69 rows=1 width=84) (actual time=0.683..0.684 rows=1 loops=1)
               ->  Sort  (cost=165745.69..165745.69 rows=1 width=84) (actual time=0.681..0.682 rows=1 loops=1)
                     Sort Key: (st_distance(st_transform(s_2048.the_geom, 25833), '0101000020E9640000706DB48ECFDB23419991581E300E5741'::geometry))
                     Sort Method: top-N heapsort  Memory: 25kB
                     ->  Seq Scan on phoml_trajectory_tmp s_2048  (cost=0.00..165745.68 rows=1 width=84) (actual time=0.019..0.605 rows=500 loops=1)
                           Filter: ((unix_time >= '1685451349.132'::double precision) AND (unix_time <= '1685451409.132'::double precision) AND st_dwithin(st_transform(the_geom, 25833), '0101000020E9640000706DB48ECFDB23419991581E300E5741'::geometry, '300'::double precision))
                           Rows Removed by Filter: 3160
   ->  Subquery Scan on "*SELECT* 2050"  (cost=165745.69..165745.70 rows=1 width=76) (actual time=0.681..0.683 rows=1 loops=1)
         ->  Limit  (cost=165745.69..165745.69 rows=1 width=84) (actual time=0.678..0.679 rows=1 loops=1)
               ->  Sort  (cost=165745.69..165745.69 rows=1 width=84) (actual time=0.676..0.676 rows=1 loops=1)
                     Sort Key: (st_distance(st_transform(s_2049.the_geom, 25833), '0101000020E96400006F287B9ED4DB23412B9504182F0E5741'::geometry))
                     Sort Method: top-N heapsort  Memory: 25kB
                     ->  Seq Scan on phoml_trajectory_tmp s_2049  (cost=0.00..165745.68 rows=1 width=84) (actual time=0.021..0.602 rows=504 loops=1)
                           Filter: ((unix_time >= '1685451349.602'::double precision) AND (unix_time <= '1685451409.602'::double precision) AND st_dwithin(st_transform(the_geom, 25833), '0101000020E96400006F287B9ED4DB23412B9504182F0E5741'::geometry, '300'::double precision))
                           Rows Removed by Filter: 3156
   ->  Subquery Scan on "*SELECT* 2051"  (cost=165745.69..165745.70 rows=1 width=76) (actual time=0.684..0.685 rows=1 loops=1)
         ->  Limit  (cost=165745.69..165745.69 rows=1 width=84) (actual time=0.681..0.682 rows=1 loops=1)
               ->  Sort  (cost=165745.69..165745.69 rows=1 width=84) (actual time=0.679..0.679 rows=1 loops=1)
                     Sort Key: (st_distance(st_transform(s_2050.the_geom, 25833), '0101000020E96400003C87BE38DADB2341A70908F92D0E5741'::geometry))
                     Sort Method: top-N heapsort  Memory: 25kB
                     ->  Seq Scan on phoml_trajectory_tmp s_2050  (cost=0.00..165745.68 rows=1 width=84) (actual time=0.019..0.605 rows=504 loops=1)
                           Filter: ((unix_time >= '1685451350.092'::double precision) AND (unix_time <= '1685451410.092'::double precision) AND st_dwithin(st_transform(the_geom, 25833), '0101000020E96400003C87BE38DADB2341A70908F92D0E5741'::geometry, '300'::double precision))
                           Rows Removed by Filter: 3156
   ->  Subquery Scan on "*SELECT* 2052"  (cost=165745.69..165745.70 rows=1 width=76) (actual time=0.677..0.678 rows=1 loops=1)
         ->  Limit  (cost=165745.69..165745.69 rows=1 width=84) (actual time=0.674..0.675 rows=1 loops=1)
               ->  Sort  (cost=165745.69..165745.69 rows=1 width=84) (actual time=0.672..0.672 rows=1 loops=1)
                     Sort Key: (st_distance(st_transform(s_2051.the_geom, 25833), '0101000020E96400005FBD7A77DFDB2341248D29EF2C0E5741'::geometry))
                     Sort Method: top-N heapsort  Memory: 25kB
                     ->  Seq Scan on phoml_trajectory_tmp s_2051  (cost=0.00..165745.68 rows=1 width=84) (actual time=0.021..0.598 rows=504 loops=1)
                           Filter: ((unix_time >= '1685451350.552'::double precision) AND (unix_time <= '1685451410.552'::double precision) AND st_dwithin(st_transform(the_geom, 25833), '0101000020E96400005FBD7A77DFDB2341248D29EF2C0E5741'::geometry, '300'::double precision))
                           Rows Removed by Filter: 3156
   ->  Subquery Scan on "*SELECT* 2053"  (cost=165745.69..165745.70 rows=1 width=76) (actual time=0.689..0.691 rows=1 loops=1)
         ->  Limit  (cost=165745.69..165745.69 rows=1 width=84) (actual time=0.685..0.686 rows=1 loops=1)
               ->  Sort  (cost=165745.69..165745.69 rows=1 width=84) (actual time=0.683..0.683 rows=1 loops=1)
                     Sort Key: (st_distance(st_transform(s_2052.the_geom, 25833), '0101000020E9640000DC15F64BE5DB23414A2A99E12B0E5741'::geometry))
                     Sort Method: top-N heapsort  Memory: 25kB
                     ->  Seq Scan on phoml_trajectory_tmp s_2052  (cost=0.00..165745.68 rows=1 width=84) (actual time=0.020..0.608 rows=504 loops=1)
                           Filter: ((unix_time >= '1685451351.022'::double precision) AND (unix_time <= '1685451411.022'::double precision) AND st_dwithin(st_transform(the_geom, 25833), '0101000020E9640000DC15F64BE5DB23414A2A99E12B0E5741'::geometry, '300'::double precision))
                           Rows Removed by Filter: 3156
   ->  Subquery Scan on "*SELECT* 2054"  (cost=165745.69..165745.70 rows=1 width=76) (actual time=0.692..0.693 rows=1 loops=1)
         ->  Limit  (cost=165745.69..165745.69 rows=1 width=84) (actual time=0.689..0.689 rows=1 loops=1)
               ->  Sort  (cost=165745.69..165745.69 rows=1 width=84) (actual time=0.686..0.687 rows=1 loops=1)
                     Sort Key: (st_distance(st_transform(s_2053.the_geom, 25833), '0101000020E96400004BAC9547EBDB23418E0826E92A0E5741'::geometry))
                     Sort Method: top-N heapsort  Memory: 25kB
                     ->  Seq Scan on phoml_trajectory_tmp s_2053  (cost=0.00..165745.68 rows=1 width=84) (actual time=0.019..0.612 rows=508 loops=1)
                           Filter: ((unix_time >= '1685451351.476'::double precision) AND (unix_time <= '1685451411.476'::double precision) AND st_dwithin(st_transform(the_geom, 25833), '0101000020E96400004BAC9547EBDB23418E0826E92A0E5741'::geometry, '300'::double precision))
                           Rows Removed by Filter: 3152
   ->  Subquery Scan on "*SELECT* 2055"  (cost=165745.69..165745.70 rows=1 width=76) (actual time=0.689..0.690 rows=1 loops=1)
         ->  Limit  (cost=165745.69..165745.69 rows=1 width=84) (actual time=0.686..0.686 rows=1 loops=1)
               ->  Sort  (cost=165745.69..165745.69 rows=1 width=84) (actual time=0.683..0.684 rows=1 loops=1)
                     Sort Key: (st_distance(st_transform(s_2054.the_geom, 25833), '0101000020E9640000E2DEA21EF1DB2341C44235E6290E5741'::geometry))
                     Sort Method: top-N heapsort  Memory: 25kB
                     ->  Seq Scan on phoml_trajectory_tmp s_2054  (cost=0.00..165745.68 rows=1 width=84) (actual time=0.018..0.609 rows=508 loops=1)
                           Filter: ((unix_time >= '1685451351.926'::double precision) AND (unix_time <= '1685451411.926'::double precision) AND st_dwithin(st_transform(the_geom, 25833), '0101000020E9640000E2DEA21EF1DB2341C44235E6290E5741'::geometry, '300'::double precision))
                           Rows Removed by Filter: 3152
   ->  Subquery Scan on "*SELECT* 2056"  (cost=165745.69..165745.70 rows=1 width=76) (actual time=0.710..0.711 rows=1 loops=1)
         ->  Limit  (cost=165745.69..165745.69 rows=1 width=84) (actual time=0.708..0.708 rows=1 loops=1)
               ->  Sort  (cost=165745.69..165745.69 rows=1 width=84) (actual time=0.706..0.706 rows=1 loops=1)
                     Sort Key: (st_distance(st_transform(s_2055.the_geom, 25833), '0101000020E964000005436A71F7DB23415F8C18E8280E5741'::geometry))
                     Sort Method: top-N heapsort  Memory: 25kB
                     ->  Seq Scan on phoml_trajectory_tmp s_2055  (cost=0.00..165745.68 rows=1 width=84) (actual time=0.023..0.616 rows=508 loops=1)
                           Filter: ((unix_time >= '1685451352.38'::double precision) AND (unix_time <= '1685451412.38'::double precision) AND st_dwithin(st_transform(the_geom, 25833), '0101000020E964000005436A71F7DB23415F8C18E8280E5741'::geometry, '300'::double precision))
                           Rows Removed by Filter: 3152
   ->  Subquery Scan on "*SELECT* 2057"  (cost=165745.69..165745.70 rows=1 width=76) (actual time=0.698..0.699 rows=1 loops=1)
         ->  Limit  (cost=165745.69..165745.69 rows=1 width=84) (actual time=0.695..0.695 rows=1 loops=1)
               ->  Sort  (cost=165745.69..165745.69 rows=1 width=84) (actual time=0.693..0.694 rows=1 loops=1)
                     Sort Key: (st_distance(st_transform(s_2056.the_geom, 25833), '0101000020E96400007DA83F73FDDB234180C4BFED270E5741'::geometry))
                     Sort Method: top-N heapsort  Memory: 25kB
                     ->  Seq Scan on phoml_trajectory_tmp s_2056  (cost=0.00..165745.68 rows=1 width=84) (actual time=0.019..0.613 rows=512 loops=1)
                           Filter: ((unix_time >= '1685451352.82'::double precision) AND (unix_time <= '1685451412.82'::double precision) AND st_dwithin(st_transform(the_geom, 25833), '0101000020E96400007DA83F73FDDB234180C4BFED270E5741'::geometry, '300'::double precision))
                           Rows Removed by Filter: 3148
   ->  Subquery Scan on "*SELECT* 2058"  (cost=165745.69..165745.70 rows=1 width=76) (actual time=0.695..0.696 rows=1 loops=1)
         ->  Limit  (cost=165745.69..165745.69 rows=1 width=84) (actual time=0.692..0.693 rows=1 loops=1)
               ->  Sort  (cost=165745.69..165745.69 rows=1 width=84) (actual time=0.690..0.690 rows=1 loops=1)
                     Sort Key: (st_distance(st_transform(s_2057.the_geom, 25833), '0101000020E9640000B552188403DC2341661337E7260E5741'::geometry))
                     Sort Method: top-N heapsort  Memory: 25kB
                     ->  Seq Scan on phoml_trajectory_tmp s_2057  (cost=0.00..165745.68 rows=1 width=84) (actual time=0.019..0.614 rows=512 loops=1)
                           Filter: ((unix_time >= '1685451353.266'::double precision) AND (unix_time <= '1685451413.266'::double precision) AND st_dwithin(st_transform(the_geom, 25833), '0101000020E9640000B552188403DC2341661337E7260E5741'::geometry, '300'::double precision))
                           Rows Removed by Filter: 3148
   ->  Subquery Scan on "*SELECT* 2059"  (cost=165745.69..165745.70 rows=1 width=76) (actual time=0.696..0.697 rows=1 loops=1)
         ->  Limit  (cost=165745.69..165745.69 rows=1 width=84) (actual time=0.693..0.694 rows=1 loops=1)
               ->  Sort  (cost=165745.69..165745.69 rows=1 width=84) (actual time=0.691..0.691 rows=1 loops=1)
                     Sort Key: (st_distance(st_transform(s_2058.the_geom, 25833), '0101000020E96400000AB2D02109DC23419CB2B2EA250E5741'::geometry))
                     Sort Method: top-N heapsort  Memory: 25kB
                     ->  Seq Scan on phoml_trajectory_tmp s_2058  (cost=0.00..165745.68 rows=1 width=84) (actual time=0.019..0.614 rows=512 loops=1)
                           Filter: ((unix_time >= '1685451353.696'::double precision) AND (unix_time <= '1685451413.696'::double precision) AND st_dwithin(st_transform(the_geom, 25833), '0101000020E96400000AB2D02109DC23419CB2B2EA250E5741'::geometry, '300'::double precision))
                           Rows Removed by Filter: 3148
   ->  Subquery Scan on "*SELECT* 2060"  (cost=165745.69..165745.70 rows=1 width=76) (actual time=0.713..0.714 rows=1 loops=1)
         ->  Limit  (cost=165745.69..165745.69 rows=1 width=84) (actual time=0.709..0.710 rows=1 loops=1)
               ->  Sort  (cost=165745.69..165745.69 rows=1 width=84) (actual time=0.707..0.708 rows=1 loops=1)
                     Sort Key: (st_distance(st_transform(s_2059.the_geom, 25833), '0101000020E96400005C85C2D70EDC234160B4CADE240E5741'::geometry))
                     Sort Method: top-N heapsort  Memory: 25kB
                     ->  Seq Scan on phoml_trajectory_tmp s_2059  (cost=0.00..165745.68 rows=1 width=84) (actual time=0.021..0.630 rows=512 loops=1)
                           Filter: ((unix_time >= '1685451354.142'::double precision) AND (unix_time <= '1685451414.142'::double precision) AND st_dwithin(st_transform(the_geom, 25833), '0101000020E96400005C85C2D70EDC234160B4CADE240E5741'::geometry, '300'::double precision))
                           Rows Removed by Filter: 3148
   ->  Subquery Scan on "*SELECT* 2061"  (cost=165745.69..165745.70 rows=1 width=76) (actual time=0.691..0.693 rows=1 loops=1)
         ->  Limit  (cost=165745.69..165745.69 rows=1 width=84) (actual time=0.688..0.689 rows=1 loops=1)
               ->  Sort  (cost=165745.69..165745.69 rows=1 width=84) (actual time=0.686..0.686 rows=1 loops=1)
                     Sort Key: (st_distance(st_transform(s_2060.the_geom, 25833), '0101000020E9640000DF0D3BC314DC23413BD482DF230E5741'::geometry))
                     Sort Method: top-N heapsort  Memory: 25kB
                     ->  Seq Scan on phoml_trajectory_tmp s_2060  (cost=0.00..165745.68 rows=1 width=84) (actual time=0.019..0.610 rows=512 loops=1)
                           Filter: ((unix_time >= '1685451354.562'::double precision) AND (unix_time <= '1685451414.562'::double precision) AND st_dwithin(st_transform(the_geom, 25833), '0101000020E9640000DF0D3BC314DC23413BD482DF230E5741'::geometry, '300'::double precision))
                           Rows Removed by Filter: 3148
   ->  Subquery Scan on "*SELECT* 2062"  (cost=165745.69..165745.70 rows=1 width=76) (actual time=0.695..0.696 rows=1 loops=1)
         ->  Limit  (cost=165745.69..165745.69 rows=1 width=84) (actual time=0.692..0.692 rows=1 loops=1)
               ->  Sort  (cost=165745.69..165745.69 rows=1 width=84) (actual time=0.689..0.690 rows=1 loops=1)
                     Sort Key: (st_distance(st_transform(s_2061.the_geom, 25833), '0101000020E9640000890A1A8D1ADC23411FDC7BDF220E5741'::geometry))
                     Sort Method: top-N heapsort  Memory: 25kB
                     ->  Seq Scan on phoml_trajectory_tmp s_2061  (cost=0.00..165745.68 rows=1 width=84) (actual time=0.018..0.614 rows=516 loops=1)
                           Filter: ((unix_time >= '1685451354.982'::double precision) AND (unix_time <= '1685451414.982'::double precision) AND st_dwithin(st_transform(the_geom, 25833), '0101000020E9640000890A1A8D1ADC23411FDC7BDF220E5741'::geometry, '300'::double precision))
                           Rows Removed by Filter: 3144
   ->  Subquery Scan on "*SELECT* 2063"  (cost=165745.69..165745.70 rows=1 width=76) (actual time=0.699..0.700 rows=1 loops=1)
         ->  Limit  (cost=165745.69..165745.69 rows=1 width=84) (actual time=0.697..0.698 rows=1 loops=1)
               ->  Sort  (cost=165745.69..165745.69 rows=1 width=84) (actual time=0.695..0.695 rows=1 loops=1)
                     Sort Key: (st_distance(st_transform(s_2062.the_geom, 25833), '0101000020E9640000DF0CA29E20DC2341E73F40DC210E5741'::geometry))
                     Sort Method: top-N heapsort  Memory: 25kB
                     ->  Seq Scan on phoml_trajectory_tmp s_2062  (cost=0.00..165745.68 rows=1 width=84) (actual time=0.030..0.619 rows=516 loops=1)
                           Filter: ((unix_time >= '1685451355.408'::double precision) AND (unix_time <= '1685451415.408'::double precision) AND st_dwithin(st_transform(the_geom, 25833), '0101000020E9640000DF0CA29E20DC2341E73F40DC210E5741'::geometry, '300'::double precision))
                           Rows Removed by Filter: 3144
   ->  Subquery Scan on "*SELECT* 2064"  (cost=165745.69..165745.70 rows=1 width=76) (actual time=0.702..0.703 rows=1 loops=1)
         ->  Limit  (cost=165745.69..165745.69 rows=1 width=84) (actual time=0.698..0.699 rows=1 loops=1)
               ->  Sort  (cost=165745.69..165745.69 rows=1 width=84) (actual time=0.696..0.697 rows=1 loops=1)
                     Sort Key: (st_distance(st_transform(s_2063.the_geom, 25833), '0101000020E9640000FC25EB9B26DC234103CAF8DD200E5741'::geometry))
                     Sort Method: top-N heapsort  Memory: 25kB
                     ->  Seq Scan on phoml_trajectory_tmp s_2063  (cost=0.00..165745.68 rows=1 width=84) (actual time=0.020..0.618 rows=516 loops=1)
                           Filter: ((unix_time >= '1685451355.828'::double precision) AND (unix_time <= '1685451415.828'::double precision) AND st_dwithin(st_transform(the_geom, 25833), '0101000020E9640000FC25EB9B26DC234103CAF8DD200E5741'::geometry, '300'::double precision))
                           Rows Removed by Filter: 3144
   ->  Subquery Scan on "*SELECT* 2065"  (cost=165745.69..165745.70 rows=1 width=76) (actual time=0.699..0.700 rows=1 loops=1)
         ->  Limit  (cost=165745.69..165745.69 rows=1 width=84) (actual time=0.696..0.696 rows=1 loops=1)
               ->  Sort  (cost=165745.69..165745.69 rows=1 width=84) (actual time=0.693..0.694 rows=1 loops=1)
                     Sort Key: (st_distance(st_transform(s_2064.the_geom, 25833), '0101000020E9640000B7317ACB2CDC2341ECA1E5E11F0E5741'::geometry))
                     Sort Method: top-N heapsort  Memory: 25kB
                     ->  Seq Scan on phoml_trajectory_tmp s_2064  (cost=0.00..165745.68 rows=1 width=84) (actual time=0.018..0.617 rows=520 loops=1)
                           Filter: ((unix_time >= '1685451356.247'::double precision) AND (unix_time <= '1685451416.247'::double precision) AND st_dwithin(st_transform(the_geom, 25833), '0101000020E9640000B7317ACB2CDC2341ECA1E5E11F0E5741'::geometry, '300'::double precision))
                           Rows Removed by Filter: 3140
   ->  Subquery Scan on "*SELECT* 2066"  (cost=165745.69..165745.70 rows=1 width=76) (actual time=0.708..0.709 rows=1 loops=1)
         ->  Limit  (cost=165745.69..165745.69 rows=1 width=84) (actual time=0.706..0.707 rows=1 loops=1)
               ->  Sort  (cost=165745.69..165745.69 rows=1 width=84) (actual time=0.704..0.704 rows=1 loops=1)
                     Sort Key: (st_distance(st_transform(s_2065.the_geom, 25833), '0101000020E96400001184C7B532DC23418D6B1FDB1E0E5741'::geometry))
                     Sort Method: top-N heapsort  Memory: 25kB
                     ->  Seq Scan on phoml_trajectory_tmp s_2065  (cost=0.00..165745.68 rows=1 width=84) (actual time=0.019..0.624 rows=520 loops=1)
                           Filter: ((unix_time >= '1685451356.667'::double precision) AND (unix_time <= '1685451416.667'::double precision) AND st_dwithin(st_transform(the_geom, 25833), '0101000020E96400001184C7B532DC23418D6B1FDB1E0E5741'::geometry, '300'::double precision))
                           Rows Removed by Filter: 3140
   ->  Subquery Scan on "*SELECT* 2067"  (cost=165745.69..165745.70 rows=1 width=76) (actual time=0.705..0.707 rows=1 loops=1)
         ->  Limit  (cost=165745.69..165745.69 rows=1 width=84) (actual time=0.702..0.703 rows=1 loops=1)
               ->  Sort  (cost=165745.69..165745.69 rows=1 width=84) (actual time=0.700..0.700 rows=1 loops=1)
                     Sort Key: (st_distance(st_transform(s_2066.the_geom, 25833), '0101000020E964000039C7039F38DC2341C21376E21D0E5741'::geometry))
                     Sort Method: top-N heapsort  Memory: 25kB
                     ->  Seq Scan on phoml_trajectory_tmp s_2066  (cost=0.00..165745.68 rows=1 width=84) (actual time=0.019..0.623 rows=520 loops=1)
                           Filter: ((unix_time >= '1685451357.077'::double precision) AND (unix_time <= '1685451417.077'::double precision) AND st_dwithin(st_transform(the_geom, 25833), '0101000020E964000039C7039F38DC2341C21376E21D0E5741'::geometry, '300'::double precision))
                           Rows Removed by Filter: 3140
   ->  Subquery Scan on "*SELECT* 2068"  (cost=165745.69..165745.70 rows=1 width=76) (actual time=0.704..0.704 rows=1 loops=1)
         ->  Limit  (cost=165745.69..165745.69 rows=1 width=84) (actual time=0.701..0.701 rows=1 loops=1)
               ->  Sort  (cost=165745.69..165745.69 rows=1 width=84) (actual time=0.698..0.698 rows=1 loops=1)
                     Sort Key: (st_distance(st_transform(s_2067.the_geom, 25833), '0101000020E96400002A5E29873EDC23414555A3D81C0E5741'::geometry))
                     Sort Method: top-N heapsort  Memory: 25kB
                     ->  Seq Scan on phoml_trajectory_tmp s_2067  (cost=0.00..165745.68 rows=1 width=84) (actual time=0.020..0.621 rows=516 loops=1)
                           Filter: ((unix_time >= '1685451357.495'::double precision) AND (unix_time <= '1685451417.495'::double precision) AND st_dwithin(st_transform(the_geom, 25833), '0101000020E96400002A5E29873EDC23414555A3D81C0E5741'::geometry, '300'::double precision))
                           Rows Removed by Filter: 3144
   ->  Subquery Scan on "*SELECT* 2069"  (cost=165745.69..165745.70 rows=1 width=76) (actual time=0.702..0.703 rows=1 loops=1)
         ->  Limit  (cost=165745.69..165745.69 rows=1 width=84) (actual time=0.698..0.699 rows=1 loops=1)
               ->  Sort  (cost=165745.69..165745.69 rows=1 width=84) (actual time=0.696..0.697 rows=1 loops=1)
                     Sort Key: (st_distance(st_transform(s_2068.the_geom, 25833), '0101000020E964000071C2462C44DC234181134ADC1B0E5741'::geometry))
                     Sort Method: top-N heapsort  Memory: 25kB
                     ->  Seq Scan on phoml_trajectory_tmp s_2068  (cost=0.00..165745.68 rows=1 width=84) (actual time=0.018..0.619 rows=520 loops=1)
                           Filter: ((unix_time >= '1685451357.905'::double precision) AND (unix_time <= '1685451417.905'::double precision) AND st_dwithin(st_transform(the_geom, 25833), '0101000020E964000071C2462C44DC234181134ADC1B0E5741'::geometry, '300'::double precision))
                           Rows Removed by Filter: 3140
   ->  Subquery Scan on "*SELECT* 2070"  (cost=165745.69..165745.70 rows=1 width=76) (actual time=0.693..0.694 rows=1 loops=1)
         ->  Limit  (cost=165745.69..165745.69 rows=1 width=84) (actual time=0.691..0.692 rows=1 loops=1)
               ->  Sort  (cost=165745.69..165745.69 rows=1 width=84) (actual time=0.689..0.690 rows=1 loops=1)
                     Sort Key: (st_distance(st_transform(s_2069.the_geom, 25833), '0101000020E9640000D4D42B544ADC234169703FD51A0E5741'::geometry))
                     Sort Method: top-N heapsort  Memory: 25kB
                     ->  Seq Scan on phoml_trajectory_tmp s_2069  (cost=0.00..165745.68 rows=1 width=84) (actual time=0.022..0.614 rows=520 loops=1)
                           Filter: ((unix_time >= '1685451358.331'::double precision) AND (unix_time <= '1685451418.331'::double precision) AND st_dwithin(st_transform(the_geom, 25833), '0101000020E9640000D4D42B544ADC234169703FD51A0E5741'::geometry, '300'::double precision))
                           Rows Removed by Filter: 3140
   ->  Subquery Scan on "*SELECT* 2071"  (cost=165745.69..165745.70 rows=1 width=76) (actual time=0.713..0.714 rows=1 loops=1)
         ->  Limit  (cost=165745.69..165745.69 rows=1 width=84) (actual time=0.709..0.710 rows=1 loops=1)
               ->  Sort  (cost=165745.69..165745.69 rows=1 width=84) (actual time=0.707..0.708 rows=1 loops=1)
                     Sort Key: (st_distance(st_transform(s_2070.the_geom, 25833), '0101000020E964000061CF2B2C50DC234158340BD4190E5741'::geometry))
                     Sort Method: top-N heapsort  Memory: 25kB
                     ->  Seq Scan on phoml_trajectory_tmp s_2070  (cost=0.00..165745.68 rows=1 width=84) (actual time=0.018..0.631 rows=520 loops=1)
                           Filter: ((unix_time >= '1685451358.751'::double precision) AND (unix_time <= '1685451418.751'::double precision) AND st_dwithin(st_transform(the_geom, 25833), '0101000020E964000061CF2B2C50DC234158340BD4190E5741'::geometry, '300'::double precision))
                           Rows Removed by Filter: 3140
   ->  Subquery Scan on "*SELECT* 2072"  (cost=165745.69..165745.70 rows=1 width=76) (actual time=0.794..0.795 rows=1 loops=1)
         ->  Limit  (cost=165745.69..165745.69 rows=1 width=84) (actual time=0.790..0.791 rows=1 loops=1)
               ->  Sort  (cost=165745.69..165745.69 rows=1 width=84) (actual time=0.771..0.771 rows=1 loops=1)
                     Sort Key: (st_distance(st_transform(s_2071.the_geom, 25833), '0101000020E96400006126436A56DC2341CD797AD6180E5741'::geometry))
                     Sort Method: top-N heapsort  Memory: 25kB
                     ->  Seq Scan on phoml_trajectory_tmp s_2071  (cost=0.00..165745.68 rows=1 width=84) (actual time=0.051..0.680 rows=520 loops=1)
                           Filter: ((unix_time >= '1685451359.19'::double precision) AND (unix_time <= '1685451419.19'::double precision) AND st_dwithin(st_transform(the_geom, 25833), '0101000020E96400006126436A56DC2341CD797AD6180E5741'::geometry, '300'::double precision))
                           Rows Removed by Filter: 3140
   ->  Subquery Scan on "*SELECT* 2073"  (cost=165745.69..165745.70 rows=1 width=76) (actual time=0.726..0.727 rows=1 loops=1)
         ->  Limit  (cost=165745.69..165745.69 rows=1 width=84) (actual time=0.723..0.723 rows=1 loops=1)
               ->  Sort  (cost=165745.69..165745.69 rows=1 width=84) (actual time=0.720..0.721 rows=1 loops=1)
                     Sort Key: (st_distance(st_transform(s_2072.the_geom, 25833), '0101000020E9640000D86170635CDC2341F630A1D7170E5741'::geometry))
                     Sort Method: top-N heapsort  Memory: 25kB
                     ->  Seq Scan on phoml_trajectory_tmp s_2072  (cost=0.00..165745.68 rows=1 width=84) (actual time=0.021..0.635 rows=520 loops=1)
                           Filter: ((unix_time >= '1685451359.61'::double precision) AND (unix_time <= '1685451419.61'::double precision) AND st_dwithin(st_transform(the_geom, 25833), '0101000020E9640000D86170635CDC2341F630A1D7170E5741'::geometry, '300'::double precision))
                           Rows Removed by Filter: 3140
   ->  Subquery Scan on "*SELECT* 2074"  (cost=165745.69..165745.70 rows=1 width=76) (actual time=0.701..0.702 rows=1 loops=1)
         ->  Limit  (cost=165745.69..165745.69 rows=1 width=84) (actual time=0.699..0.700 rows=1 loops=1)
               ->  Sort  (cost=165745.69..165745.69 rows=1 width=84) (actual time=0.696..0.697 rows=1 loops=1)
                     Sort Key: (st_distance(st_transform(s_2073.the_geom, 25833), '0101000020E964000041BB5EA862DC23417AF94CDE160E5741'::geometry))
                     Sort Method: top-N heapsort  Memory: 25kB
                     ->  Seq Scan on phoml_trajectory_tmp s_2073  (cost=0.00..165745.68 rows=1 width=84) (actual time=0.018..0.617 rows=520 loops=1)
                           Filter: ((unix_time >= '1685451360.04'::double precision) AND (unix_time <= '1685451420.04'::double precision) AND st_dwithin(st_transform(the_geom, 25833), '0101000020E964000041BB5EA862DC23417AF94CDE160E5741'::geometry, '300'::double precision))
                           Rows Removed by Filter: 3140
   ->  Subquery Scan on "*SELECT* 2075"  (cost=165745.69..165745.70 rows=1 width=76) (actual time=0.723..0.724 rows=1 loops=1)
         ->  Limit  (cost=165745.69..165745.69 rows=1 width=84) (actual time=0.720..0.720 rows=1 loops=1)
               ->  Sort  (cost=165745.69..165745.69 rows=1 width=84) (actual time=0.717..0.718 rows=1 loops=1)
                     Sort Key: (st_distance(st_transform(s_2074.the_geom, 25833), '0101000020E96400008DBD6EDC68DC2341EA65C9E2150E5741'::geometry))
                     Sort Method: top-N heapsort  Memory: 25kB
                     ->  Seq Scan on phoml_trajectory_tmp s_2074  (cost=0.00..165745.68 rows=1 width=84) (actual time=0.019..0.641 rows=520 loops=1)
                           Filter: ((unix_time >= '1685451360.48'::double precision) AND (unix_time <= '1685451420.48'::double precision) AND st_dwithin(st_transform(the_geom, 25833), '0101000020E96400008DBD6EDC68DC2341EA65C9E2150E5741'::geometry, '300'::double precision))
                           Rows Removed by Filter: 3140
   ->  Subquery Scan on "*SELECT* 2076"  (cost=165745.69..165745.70 rows=1 width=76) (actual time=0.717..0.718 rows=1 loops=1)
         ->  Limit  (cost=165745.69..165745.69 rows=1 width=84) (actual time=0.714..0.714 rows=1 loops=1)
               ->  Sort  (cost=165745.69..165745.69 rows=1 width=84) (actual time=0.712..0.712 rows=1 loops=1)
                     Sort Key: (st_distance(st_transform(s_2075.the_geom, 25833), '0101000020E9640000DB2C862F6FDC2341EA8DE5E6140E5741'::geometry))
                     Sort Method: top-N heapsort  Memory: 25kB
                     ->  Seq Scan on phoml_trajectory_tmp s_2075  (cost=0.00..165745.68 rows=1 width=84) (actual time=0.021..0.632 rows=520 loops=1)
                           Filter: ((unix_time >= '1685451360.92'::double precision) AND (unix_time <= '1685451420.92'::double precision) AND st_dwithin(st_transform(the_geom, 25833), '0101000020E9640000DB2C862F6FDC2341EA8DE5E6140E5741'::geometry, '300'::double precision))
                           Rows Removed by Filter: 3140
   ->  Subquery Scan on "*SELECT* 2077"  (cost=165745.69..165745.70 rows=1 width=76) (actual time=0.714..0.715 rows=1 loops=1)
         ->  Limit  (cost=165745.69..165745.69 rows=1 width=84) (actual time=0.711..0.711 rows=1 loops=1)
               ->  Sort  (cost=165745.69..165745.69 rows=1 width=84) (actual time=0.709..0.709 rows=1 loops=1)
                     Sort Key: (st_distance(st_transform(s_2076.the_geom, 25833), '0101000020E9640000824D513275DC23415FE04BEE130E5741'::geometry))
                     Sort Method: top-N heapsort  Memory: 25kB
                     ->  Seq Scan on phoml_trajectory_tmp s_2076  (cost=0.00..165745.68 rows=1 width=84) (actual time=0.019..0.629 rows=520 loops=1)
                           Filter: ((unix_time >= '1685451361.356'::double precision) AND (unix_time <= '1685451421.356'::double precision) AND st_dwithin(st_transform(the_geom, 25833), '0101000020E9640000824D513275DC23415FE04BEE130E5741'::geometry, '300'::double precision))
                           Rows Removed by Filter: 3140
   ->  Subquery Scan on "*SELECT* 2078"  (cost=165745.69..165745.70 rows=1 width=76) (actual time=0.696..0.697 rows=1 loops=1)
         ->  Limit  (cost=165745.69..165745.69 rows=1 width=84) (actual time=0.694..0.695 rows=1 loops=1)
               ->  Sort  (cost=165745.69..165745.69 rows=1 width=84) (actual time=0.692..0.693 rows=1 loops=1)
                     Sort Key: (st_distance(st_transform(s_2077.the_geom, 25833), '0101000020E96400009ECC5D077BDC2341A1FC61E6120E5741'::geometry))
                     Sort Method: top-N heapsort  Memory: 25kB
                     ->  Seq Scan on phoml_trajectory_tmp s_2077  (cost=0.00..165745.68 rows=1 width=84) (actual time=0.020..0.615 rows=516 loops=1)
                           Filter: ((unix_time >= '1685451361.796'::double precision) AND (unix_time <= '1685451421.796'::double precision) AND st_dwithin(st_transform(the_geom, 25833), '0101000020E96400009ECC5D077BDC2341A1FC61E6120E5741'::geometry, '300'::double precision))
                           Rows Removed by Filter: 3144
   ->  Subquery Scan on "*SELECT* 2079"  (cost=165745.69..165745.70 rows=1 width=76) (actual time=0.709..0.710 rows=1 loops=1)
         ->  Limit  (cost=165745.69..165745.69 rows=1 width=84) (actual time=0.705..0.706 rows=1 loops=1)
               ->  Sort  (cost=165745.69..165745.69 rows=1 width=84) (actual time=0.702..0.703 rows=1 loops=1)
                     Sort Key: (st_distance(st_transform(s_2078.the_geom, 25833), '0101000020E9640000872E960380DC234194B5C4CC110E5741'::geometry))
                     Sort Method: top-N heapsort  Memory: 25kB
                     ->  Seq Scan on phoml_trajectory_tmp s_2078  (cost=0.00..165745.68 rows=1 width=84) (actual time=0.020..0.619 rows=516 loops=1)
                           Filter: ((unix_time >= '1685451362.228'::double precision) AND (unix_time <= '1685451422.228'::double precision) AND st_dwithin(st_transform(the_geom, 25833), '0101000020E9640000872E960380DC234194B5C4CC110E5741'::geometry, '300'::double precision))
                           Rows Removed by Filter: 3144
   ->  Subquery Scan on "*SELECT* 2080"  (cost=165745.69..165745.70 rows=1 width=76) (actual time=0.714..0.716 rows=1 loops=1)
         ->  Limit  (cost=165745.69..165745.69 rows=1 width=84) (actual time=0.711..0.712 rows=1 loops=1)
               ->  Sort  (cost=165745.69..165745.69 rows=1 width=84) (actual time=0.709..0.709 rows=1 loops=1)
                     Sort Key: (st_distance(st_transform(s_2079.the_geom, 25833), '0101000020E9640000CD28C44984DC234137FBB99F100E5741'::geometry))
                     Sort Method: top-N heapsort  Memory: 25kB
                     ->  Seq Scan on phoml_trajectory_tmp s_2079  (cost=0.00..165745.68 rows=1 width=84) (actual time=0.026..0.628 rows=516 loops=1)
                           Filter: ((unix_time >= '1685451362.658'::double precision) AND (unix_time <= '1685451422.658'::double precision) AND st_dwithin(st_transform(the_geom, 25833), '0101000020E9640000CD28C44984DC234137FBB99F100E5741'::geometry, '300'::double precision))
                           Rows Removed by Filter: 3144
   ->  Subquery Scan on "*SELECT* 2081"  (cost=165745.69..165745.70 rows=1 width=76) (actual time=0.681..0.682 rows=1 loops=1)
         ->  Limit  (cost=165745.69..165745.69 rows=1 width=84) (actual time=0.679..0.680 rows=1 loops=1)
               ->  Sort  (cost=165745.69..165745.69 rows=1 width=84) (actual time=0.677..0.677 rows=1 loops=1)
                     Sort Key: (st_distance(st_transform(s_2080.the_geom, 25833), '0101000020E96400002A0059D087DC2341498769730F0E5741'::geometry))
                     Sort Method: top-N heapsort  Memory: 25kB
                     ->  Seq Scan on phoml_trajectory_tmp s_2080  (cost=0.00..165745.68 rows=1 width=84) (actual time=0.020..0.602 rows=512 loops=1)
                           Filter: ((unix_time >= '1685451363.078'::double precision) AND (unix_time <= '1685451423.078'::double precision) AND st_dwithin(st_transform(the_geom, 25833), '0101000020E96400002A0059D087DC2341498769730F0E5741'::geometry, '300'::double precision))
                           Rows Removed by Filter: 3148
   ->  Subquery Scan on "*SELECT* 2082"  (cost=165745.69..165745.70 rows=1 width=76) (actual time=0.708..0.709 rows=1 loops=1)
         ->  Limit  (cost=165745.69..165745.69 rows=1 width=84) (actual time=0.705..0.705 rows=1 loops=1)
               ->  Sort  (cost=165745.69..165745.69 rows=1 width=84) (actual time=0.702..0.703 rows=1 loops=1)
                     Sort Key: (st_distance(st_transform(s_2081.the_geom, 25833), '0101000020E9640000F2BE6FD58ADC2341472ECF2C0E0E5741'::geometry))
                     Sort Method: top-N heapsort  Memory: 25kB
                     ->  Seq Scan on phoml_trajectory_tmp s_2081  (cost=0.00..165745.68 rows=1 width=84) (actual time=0.019..0.626 rows=512 loops=1)
                           Filter: ((unix_time >= '1685451363.504'::double precision) AND (unix_time <= '1685451423.504'::double precision) AND st_dwithin(st_transform(the_geom, 25833), '0101000020E9640000F2BE6FD58ADC2341472ECF2C0E0E5741'::geometry, '300'::double precision))
                           Rows Removed by Filter: 3148
   ->  Subquery Scan on "*SELECT* 2083"  (cost=165745.69..165745.70 rows=1 width=76) (actual time=0.709..0.710 rows=1 loops=1)
         ->  Limit  (cost=165745.69..165745.69 rows=1 width=84) (actual time=0.706..0.707 rows=1 loops=1)
               ->  Sort  (cost=165745.69..165745.69 rows=1 width=84) (actual time=0.704..0.704 rows=1 loops=1)
                     Sort Key: (st_distance(st_transform(s_2082.the_geom, 25833), '0101000020E96400008CA7D1718DDC23417660BAE60C0E5741'::geometry))
                     Sort Method: top-N heapsort  Memory: 25kB
                     ->  Seq Scan on phoml_trajectory_tmp s_2082  (cost=0.00..165745.68 rows=1 width=84) (actual time=0.023..0.625 rows=508 loops=1)
                           Filter: ((unix_time >= '1685451363.924'::double precision) AND (unix_time <= '1685451423.924'::double precision) AND st_dwithin(st_transform(the_geom, 25833), '0101000020E96400008CA7D1718DDC23417660BAE60C0E5741'::geometry, '300'::double precision))
                           Rows Removed by Filter: 3152
   ->  Subquery Scan on "*SELECT* 2084"  (cost=165745.69..165745.70 rows=1 width=76) (actual time=0.710..0.711 rows=1 loops=1)
         ->  Limit  (cost=165745.69..165745.69 rows=1 width=84) (actual time=0.707..0.708 rows=1 loops=1)
               ->  Sort  (cost=165745.69..165745.69 rows=1 width=84) (actual time=0.705..0.705 rows=1 loops=1)
                     Sort Key: (st_distance(st_transform(s_2083.the_geom, 25833), '0101000020E96400001DBFFFD88FDC234146E177B00B0E5741'::geometry))
                     Sort Method: top-N heapsort  Memory: 25kB
                     ->  Seq Scan on phoml_trajectory_tmp s_2083  (cost=0.00..165745.68 rows=1 width=84) (actual time=0.022..0.627 rows=508 loops=1)
                           Filter: ((unix_time >= '1685451364.329'::double precision) AND (unix_time <= '1685451424.329'::double precision) AND st_dwithin(st_transform(the_geom, 25833), '0101000020E96400001DBFFFD88FDC234146E177B00B0E5741'::geometry, '300'::double precision))
                           Rows Removed by Filter: 3152
   ->  Subquery Scan on "*SELECT* 2085"  (cost=165745.69..165745.70 rows=1 width=76) (actual time=0.695..0.696 rows=1 loops=1)
         ->  Limit  (cost=165745.69..165745.69 rows=1 width=84) (actual time=0.688..0.689 rows=1 loops=1)
               ->  Sort  (cost=165745.69..165745.69 rows=1 width=84) (actual time=0.686..0.687 rows=1 loops=1)
                     Sort Key: (st_distance(st_transform(s_2084.the_geom, 25833), '0101000020E96400002AB5B7BE92DC234196C3FA6E0A0E5741'::geometry))
                     Sort Method: top-N heapsort  Memory: 25kB
                     ->  Seq Scan on phoml_trajectory_tmp s_2084  (cost=0.00..165745.68 rows=1 width=84) (actual time=0.021..0.610 rows=508 loops=1)
                           Filter: ((unix_time >= '1685451364.749'::double precision) AND (unix_time <= '1685451424.749'::double precision) AND st_dwithin(st_transform(the_geom, 25833), '0101000020E96400002AB5B7BE92DC234196C3FA6E0A0E5741'::geometry, '300'::double precision))
                           Rows Removed by Filter: 3152
   ->  Subquery Scan on "*SELECT* 2086"  (cost=165745.69..165745.70 rows=1 width=76) (actual time=0.703..0.704 rows=1 loops=1)
         ->  Limit  (cost=165745.69..165745.69 rows=1 width=84) (actual time=0.699..0.700 rows=1 loops=1)
               ->  Sort  (cost=165745.69..165745.69 rows=1 width=84) (actual time=0.697..0.697 rows=1 loops=1)
                     Sort Key: (st_distance(st_transform(s_2085.the_geom, 25833), '0101000020E964000034F70E7B95DC23412A39AD3A090E5741'::geometry))
                     Sort Method: top-N heapsort  Memory: 25kB
                     ->  Seq Scan on phoml_trajectory_tmp s_2085  (cost=0.00..165745.68 rows=1 width=84) (actual time=0.021..0.622 rows=504 loops=1)
                           Filter: ((unix_time >= '1685451365.154'::double precision) AND (unix_time <= '1685451425.154'::double precision) AND st_dwithin(st_transform(the_geom, 25833), '0101000020E964000034F70E7B95DC23412A39AD3A090E5741'::geometry, '300'::double precision))
                           Rows Removed by Filter: 3156
   ->  Subquery Scan on "*SELECT* 2087"  (cost=165745.69..165745.70 rows=1 width=76) (actual time=0.702..0.703 rows=1 loops=1)
         ->  Limit  (cost=165745.69..165745.69 rows=1 width=84) (actual time=0.699..0.699 rows=1 loops=1)
               ->  Sort  (cost=165745.69..165745.69 rows=1 width=84) (actual time=0.697..0.697 rows=1 loops=1)
                     Sort Key: (st_distance(st_transform(s_2086.the_geom, 25833), '0101000020E96400007507DF6598DC2341916D3801080E5741'::geometry))
                     Sort Method: top-N heapsort  Memory: 25kB
                     ->  Seq Scan on phoml_trajectory_tmp s_2086  (cost=0.00..165745.68 rows=1 width=84) (actual time=0.021..0.619 rows=500 loops=1)
                           Filter: ((unix_time >= '1685451365.554'::double precision) AND (unix_time <= '1685451425.554'::double precision) AND st_dwithin(st_transform(the_geom, 25833), '0101000020E96400007507DF6598DC2341916D3801080E5741'::geometry, '300'::double precision))
                           Rows Removed by Filter: 3160
   ->  Subquery Scan on "*SELECT* 2088"  (cost=165745.69..165745.70 rows=1 width=76) (actual time=0.689..0.690 rows=1 loops=1)
         ->  Limit  (cost=165745.69..165745.69 rows=1 width=84) (actual time=0.686..0.687 rows=1 loops=1)
               ->  Sort  (cost=165745.69..165745.69 rows=1 width=84) (actual time=0.684..0.685 rows=1 loops=1)
                     Sort Key: (st_distance(st_transform(s_2087.the_geom, 25833), '0101000020E9640000EE74F4A09BDC23416D82DFD1060E5741'::geometry))
                     Sort Method: top-N heapsort  Memory: 25kB
                     ->  Seq Scan on phoml_trajectory_tmp s_2087  (cost=0.00..165745.68 rows=1 width=84) (actual time=0.023..0.609 rows=500 loops=1)
                           Filter: ((unix_time >= '1685451365.954'::double precision) AND (unix_time <= '1685451425.954'::double precision) AND st_dwithin(st_transform(the_geom, 25833), '0101000020E9640000EE74F4A09BDC23416D82DFD1060E5741'::geometry, '300'::double precision))
                           Rows Removed by Filter: 3160
   ->  Subquery Scan on "*SELECT* 2089"  (cost=165745.69..165745.70 rows=1 width=76) (actual time=0.800..0.801 rows=1 loops=1)
         ->  Limit  (cost=165745.69..165745.69 rows=1 width=84) (actual time=0.796..0.797 rows=1 loops=1)
               ->  Sort  (cost=165745.69..165745.69 rows=1 width=84) (actual time=0.793..0.794 rows=1 loops=1)
                     Sort Key: (st_distance(st_transform(s_2088.the_geom, 25833), '0101000020E9640000A76E8A149FDC23414E94F1AC050E5741'::geometry))
                     Sort Method: top-N heapsort  Memory: 25kB
                     ->  Seq Scan on phoml_trajectory_tmp s_2088  (cost=0.00..165745.68 rows=1 width=84) (actual time=0.021..0.715 rows=500 loops=1)
                           Filter: ((unix_time >= '1685451366.337'::double precision) AND (unix_time <= '1685451426.337'::double precision) AND st_dwithin(st_transform(the_geom, 25833), '0101000020E9640000A76E8A149FDC23414E94F1AC050E5741'::geometry, '300'::double precision))
                           Rows Removed by Filter: 3160
   ->  Subquery Scan on "*SELECT* 2090"  (cost=165745.69..165745.70 rows=1 width=76) (actual time=0.706..0.708 rows=1 loops=1)
         ->  Limit  (cost=165745.69..165745.69 rows=1 width=84) (actual time=0.703..0.704 rows=1 loops=1)
               ->  Sort  (cost=165745.69..165745.69 rows=1 width=84) (actual time=0.701..0.701 rows=1 loops=1)
                     Sort Key: (st_distance(st_transform(s_2089.the_geom, 25833), '0101000020E9640000A7335A9BA2DC234198F10979040E5741'::geometry))
                     Sort Method: top-N heapsort  Memory: 25kB
                     ->  Seq Scan on phoml_trajectory_tmp s_2089  (cost=0.00..165745.68 rows=1 width=84) (actual time=0.027..0.619 rows=496 loops=1)
                           Filter: ((unix_time >= '1685451366.737'::double precision) AND (unix_time <= '1685451426.737'::double precision) AND st_dwithin(st_transform(the_geom, 25833), '0101000020E9640000A7335A9BA2DC234198F10979040E5741'::geometry, '300'::double precision))
                           Rows Removed by Filter: 3164
   ->  Subquery Scan on "*SELECT* 2091"  (cost=165745.69..165745.70 rows=1 width=76) (actual time=0.699..0.700 rows=1 loops=1)
         ->  Limit  (cost=165745.69..165745.69 rows=1 width=84) (actual time=0.696..0.697 rows=1 loops=1)
               ->  Sort  (cost=165745.69..165745.69 rows=1 width=84) (actual time=0.694..0.694 rows=1 loops=1)
                     Sort Key: (st_distance(st_transform(s_2090.the_geom, 25833), '0101000020E964000053A0F903A6DC234179A73F55030E5741'::geometry))
                     Sort Method: top-N heapsort  Memory: 25kB
                     ->  Seq Scan on phoml_trajectory_tmp s_2090  (cost=0.00..165745.68 rows=1 width=84) (actual time=0.022..0.619 rows=496 loops=1)
                           Filter: ((unix_time >= '1685451367.117'::double precision) AND (unix_time <= '1685451427.117'::double precision) AND st_dwithin(st_transform(the_geom, 25833), '0101000020E964000053A0F903A6DC234179A73F55030E5741'::geometry, '300'::double precision))
                           Rows Removed by Filter: 3164
   ->  Subquery Scan on "*SELECT* 2092"  (cost=165745.69..165745.70 rows=1 width=76) (actual time=0.690..0.690 rows=1 loops=1)
         ->  Limit  (cost=165745.69..165745.69 rows=1 width=84) (actual time=0.687..0.688 rows=1 loops=1)
               ->  Sort  (cost=165745.69..165745.69 rows=1 width=84) (actual time=0.686..0.686 rows=1 loops=1)
                     Sort Key: (st_distance(st_transform(s_2091.the_geom, 25833), '0101000020E9640000509900E9A9DC23410B97EB27020E5741'::geometry))
                     Sort Method: top-N heapsort  Memory: 25kB
                     ->  Seq Scan on phoml_trajectory_tmp s_2091  (cost=0.00..165745.68 rows=1 width=84) (actual time=0.025..0.609 rows=492 loops=1)
                           Filter: ((unix_time >= '1685451367.497'::double precision) AND (unix_time <= '1685451427.497'::double precision) AND st_dwithin(st_transform(the_geom, 25833), '0101000020E9640000509900E9A9DC23410B97EB27020E5741'::geometry, '300'::double precision))
                           Rows Removed by Filter: 3168
   ->  Subquery Scan on "*SELECT* 2093"  (cost=165745.69..165745.70 rows=1 width=76) (actual time=0.697..0.698 rows=1 loops=1)
         ->  Limit  (cost=165745.69..165745.69 rows=1 width=84) (actual time=0.693..0.694 rows=1 loops=1)
               ->  Sort  (cost=165745.69..165745.69 rows=1 width=84) (actual time=0.691..0.691 rows=1 loops=1)
                     Sort Key: (st_distance(st_transform(s_2092.the_geom, 25833), '0101000020E96400008B76ACDDADDC2341CA13A602010E5741'::geometry))
                     Sort Method: top-N heapsort  Memory: 25kB
                     ->  Seq Scan on phoml_trajectory_tmp s_2092  (cost=0.00..165745.68 rows=1 width=84) (actual time=0.024..0.617 rows=492 loops=1)
                           Filter: ((unix_time >= '1685451367.877'::double precision) AND (unix_time <= '1685451427.877'::double precision) AND st_dwithin(st_transform(the_geom, 25833), '0101000020E96400008B76ACDDADDC2341CA13A602010E5741'::geometry, '300'::double precision))
                           Rows Removed by Filter: 3168
   ->  Subquery Scan on "*SELECT* 2094"  (cost=165745.69..165745.70 rows=1 width=76) (actual time=0.712..0.714 rows=1 loops=1)
         ->  Limit  (cost=165745.69..165745.69 rows=1 width=84) (actual time=0.708..0.709 rows=1 loops=1)
               ->  Sort  (cost=165745.69..165745.69 rows=1 width=84) (actual time=0.705..0.706 rows=1 loops=1)
                     Sort Key: (st_distance(st_transform(s_2093.the_geom, 25833), '0101000020E96400009BFE8DBCB1DC234109683EDCFF0D5741'::geometry))
                     Sort Method: top-N heapsort  Memory: 25kB
                     ->  Seq Scan on phoml_trajectory_tmp s_2093  (cost=0.00..165745.68 rows=1 width=84) (actual time=0.023..0.629 rows=488 loops=1)
                           Filter: ((unix_time >= '1685451368.244'::double precision) AND (unix_time <= '1685451428.244'::double precision) AND st_dwithin(st_transform(the_geom, 25833), '0101000020E96400009BFE8DBCB1DC234109683EDCFF0D5741'::geometry, '300'::double precision))
                           Rows Removed by Filter: 3172
   ->  Subquery Scan on "*SELECT* 2095"  (cost=165745.69..165745.70 rows=1 width=76) (actual time=0.690..0.691 rows=1 loops=1)
         ->  Limit  (cost=165745.69..165745.69 rows=1 width=84) (actual time=0.686..0.687 rows=1 loops=1)
               ->  Sort  (cost=165745.69..165745.69 rows=1 width=84) (actual time=0.684..0.684 rows=1 loops=1)
                     Sort Key: (st_distance(st_transform(s_2094.the_geom, 25833), '0101000020E96400004B837390B5DC2341467842B5FE0D5741'::geometry))
                     Sort Method: top-N heapsort  Memory: 25kB
                     ->  Seq Scan on phoml_trajectory_tmp s_2094  (cost=0.00..165745.68 rows=1 width=84) (actual time=0.022..0.611 rows=488 loops=1)
                           Filter: ((unix_time >= '1685451368.614'::double precision) AND (unix_time <= '1685451428.614'::double precision) AND st_dwithin(st_transform(the_geom, 25833), '0101000020E96400004B837390B5DC2341467842B5FE0D5741'::geometry, '300'::double precision))
                           Rows Removed by Filter: 3172
   ->  Subquery Scan on "*SELECT* 2096"  (cost=165745.69..165745.70 rows=1 width=76) (actual time=0.687..0.689 rows=1 loops=1)
         ->  Limit  (cost=165745.69..165745.69 rows=1 width=84) (actual time=0.685..0.686 rows=1 loops=1)
               ->  Sort  (cost=165745.69..165745.69 rows=1 width=84) (actual time=0.683..0.684 rows=1 loops=1)
                     Sort Key: (st_distance(st_transform(s_2095.the_geom, 25833), '0101000020E9640000D5642291B9DC2341B0BF6889FD0D5741'::geometry))
                     Sort Method: top-N heapsort  Memory: 25kB
                     ->  Seq Scan on phoml_trajectory_tmp s_2095  (cost=0.00..165745.68 rows=1 width=84) (actual time=0.026..0.608 rows=484 loops=1)
                           Filter: ((unix_time >= '1685451368.984'::double precision) AND (unix_time <= '1685451428.984'::double precision) AND st_dwithin(st_transform(the_geom, 25833), '0101000020E9640000D5642291B9DC2341B0BF6889FD0D5741'::geometry, '300'::double precision))
                           Rows Removed by Filter: 3176
   ->  Subquery Scan on "*SELECT* 2097"  (cost=165745.69..165745.70 rows=1 width=76) (actual time=0.689..0.690 rows=1 loops=1)
         ->  Limit  (cost=165745.69..165745.69 rows=1 width=84) (actual time=0.685..0.686 rows=1 loops=1)
               ->  Sort  (cost=165745.69..165745.69 rows=1 width=84) (actual time=0.683..0.684 rows=1 loops=1)
                     Sort Key: (st_distance(st_transform(s_2096.the_geom, 25833), '0101000020E96400007B9491CCBDDC2341E4E4F267FC0D5741'::geometry))
                     Sort Method: top-N heapsort  Memory: 25kB
                     ->  Seq Scan on phoml_trajectory_tmp s_2096  (cost=0.00..165745.68 rows=1 width=84) (actual time=0.022..0.611 rows=484 loops=1)
                           Filter: ((unix_time >= '1685451369.346'::double precision) AND (unix_time <= '1685451429.346'::double precision) AND st_dwithin(st_transform(the_geom, 25833), '0101000020E96400007B9491CCBDDC2341E4E4F267FC0D5741'::geometry, '300'::double precision))
                           Rows Removed by Filter: 3176
   ->  Subquery Scan on "*SELECT* 2098"  (cost=165745.69..165745.70 rows=1 width=76) (actual time=0.698..0.700 rows=1 loops=1)
         ->  Limit  (cost=165745.69..165745.69 rows=1 width=84) (actual time=0.694..0.695 rows=1 loops=1)
               ->  Sort  (cost=165745.69..165745.69 rows=1 width=84) (actual time=0.692..0.692 rows=1 loops=1)
                     Sort Key: (st_distance(st_transform(s_2097.the_geom, 25833), '0101000020E9640000EAFD277AC2DC23416CC4334BFB0D5741'::geometry))
                     Sort Method: top-N heapsort  Memory: 25kB
                     ->  Seq Scan on phoml_trajectory_tmp s_2097  (cost=0.00..165745.68 rows=1 width=84) (actual time=0.023..0.611 rows=488 loops=1)
                           Filter: ((unix_time >= '1685451369.716'::double precision) AND (unix_time <= '1685451429.716'::double precision) AND st_dwithin(st_transform(the_geom, 25833), '0101000020E9640000EAFD277AC2DC23416CC4334BFB0D5741'::geometry, '300'::double precision))
                           Rows Removed by Filter: 3172
   ->  Subquery Scan on "*SELECT* 2099"  (cost=165745.69..165745.70 rows=1 width=76) (actual time=0.692..0.693 rows=1 loops=1)
         ->  Limit  (cost=165745.69..165745.69 rows=1 width=84) (actual time=0.689..0.690 rows=1 loops=1)
               ->  Sort  (cost=165745.69..165745.69 rows=1 width=84) (actual time=0.687..0.688 rows=1 loops=1)
                     Sort Key: (st_distance(st_transform(s_2098.the_geom, 25833), '0101000020E9640000DB2E066BC7DC2341EC75DA39FA0D5741'::geometry))
                     Sort Method: top-N heapsort  Memory: 25kB
                     ->  Seq Scan on phoml_trajectory_tmp s_2098  (cost=0.00..165745.68 rows=1 width=84) (actual time=0.028..0.615 rows=488 loops=1)
                           Filter: ((unix_time >= '1685451370.077'::double precision) AND (unix_time <= '1685451430.077'::double precision) AND st_dwithin(st_transform(the_geom, 25833), '0101000020E9640000DB2E066BC7DC2341EC75DA39FA0D5741'::geometry, '300'::double precision))
                           Rows Removed by Filter: 3172
   ->  Subquery Scan on "*SELECT* 2100"  (cost=165745.69..165745.70 rows=1 width=76) (actual time=0.700..0.701 rows=1 loops=1)
         ->  Limit  (cost=165745.69..165745.69 rows=1 width=84) (actual time=0.697..0.697 rows=1 loops=1)
               ->  Sort  (cost=165745.69..165745.69 rows=1 width=84) (actual time=0.695..0.695 rows=1 loops=1)
                     Sort Key: (st_distance(st_transform(s_2099.the_geom, 25833), '0101000020E9640000B87821D8CCDC23410A4CA325F90D5741'::geometry))
                     Sort Method: top-N heapsort  Memory: 25kB
                     ->  Seq Scan on phoml_trajectory_tmp s_2099  (cost=0.00..165745.68 rows=1 width=84) (actual time=0.027..0.621 rows=488 loops=1)
                           Filter: ((unix_time >= '1685451370.452'::double precision) AND (unix_time <= '1685451430.452'::double precision) AND st_dwithin(st_transform(the_geom, 25833), '0101000020E9640000B87821D8CCDC23410A4CA325F90D5741'::geometry, '300'::double precision))
                           Rows Removed by Filter: 3172
   ->  Subquery Scan on "*SELECT* 2101"  (cost=165745.69..165745.70 rows=1 width=76) (actual time=0.713..0.714 rows=1 loops=1)
         ->  Limit  (cost=165745.69..165745.69 rows=1 width=84) (actual time=0.710..0.710 rows=1 loops=1)
               ->  Sort  (cost=165745.69..165745.69 rows=1 width=84) (actual time=0.707..0.708 rows=1 loops=1)
                     Sort Key: (st_distance(st_transform(s_2100.the_geom, 25833), '0101000020E964000062199383D2DC23416F4F891BF80D5741'::geometry))
                     Sort Method: top-N heapsort  Memory: 25kB
                     ->  Seq Scan on phoml_trajectory_tmp s_2100  (cost=0.00..165745.68 rows=1 width=84) (actual time=0.023..0.634 rows=488 loops=1)
                           Filter: ((unix_time >= '1685451370.822'::double precision) AND (unix_time <= '1685451430.822'::double precision) AND st_dwithin(st_transform(the_geom, 25833), '0101000020E964000062199383D2DC23416F4F891BF80D5741'::geometry, '300'::double precision))
                           Rows Removed by Filter: 3172
   ->  Subquery Scan on "*SELECT* 2102"  (cost=165745.69..165745.70 rows=1 width=76) (actual time=0.719..0.720 rows=1 loops=1)
         ->  Limit  (cost=165745.69..165745.69 rows=1 width=84) (actual time=0.716..0.716 rows=1 loops=1)
               ->  Sort  (cost=165745.69..165745.69 rows=1 width=84) (actual time=0.713..0.713 rows=1 loops=1)
                     Sort Key: (st_distance(st_transform(s_2101.the_geom, 25833), '0101000020E96400002BF2212FD9DC23411E5A4616F70D5741'::geometry))
                     Sort Method: top-N heapsort  Memory: 25kB
                     ->  Seq Scan on phoml_trajectory_tmp s_2101  (cost=0.00..165745.68 rows=1 width=84) (actual time=0.023..0.633 rows=488 loops=1)
                           Filter: ((unix_time >= '1685451371.206'::double precision) AND (unix_time <= '1685451431.206'::double precision) AND st_dwithin(st_transform(the_geom, 25833), '0101000020E96400002BF2212FD9DC23411E5A4616F70D5741'::geometry, '300'::double precision))
                           Rows Removed by Filter: 3172
   ->  Subquery Scan on "*SELECT* 2103"  (cost=165745.69..165745.70 rows=1 width=76) (actual time=0.707..0.708 rows=1 loops=1)
         ->  Limit  (cost=165745.69..165745.69 rows=1 width=84) (actual time=0.705..0.705 rows=1 loops=1)
               ->  Sort  (cost=165745.69..165745.69 rows=1 width=84) (actual time=0.702..0.703 rows=1 loops=1)
                     Sort Key: (st_distance(st_transform(s_2102.the_geom, 25833), '0101000020E964000042E6C8F2DFDC23416E5FE42AF60D5741'::geometry))
                     Sort Method: top-N heapsort  Memory: 25kB
                     ->  Seq Scan on phoml_trajectory_tmp s_2102  (cost=0.00..165745.68 rows=1 width=84) (actual time=0.026..0.630 rows=488 loops=1)
                           Filter: ((unix_time >= '1685451371.566'::double precision) AND (unix_time <= '1685451431.566'::double precision) AND st_dwithin(st_transform(the_geom, 25833), '0101000020E964000042E6C8F2DFDC23416E5FE42AF60D5741'::geometry, '300'::double precision))
                           Rows Removed by Filter: 3172
   ->  Subquery Scan on "*SELECT* 2104"  (cost=165745.69..165745.70 rows=1 width=76) (actual time=0.702..0.704 rows=1 loops=1)
         ->  Limit  (cost=165745.69..165745.69 rows=1 width=84) (actual time=0.698..0.699 rows=1 loops=1)
               ->  Sort  (cost=165745.69..165745.69 rows=1 width=84) (actual time=0.696..0.697 rows=1 loops=1)
                     Sort Key: (st_distance(st_transform(s_2103.the_geom, 25833), '0101000020E96400003D50EC8DE7DC234135608F44F50D5741'::geometry))
                     Sort Method: top-N heapsort  Memory: 25kB
                     ->  Seq Scan on phoml_trajectory_tmp s_2103  (cost=0.00..165745.68 rows=1 width=84) (actual time=0.024..0.621 rows=488 loops=1)
                           Filter: ((unix_time >= '1685451371.946'::double precision) AND (unix_time <= '1685451431.946'::double precision) AND st_dwithin(st_transform(the_geom, 25833), '0101000020E96400003D50EC8DE7DC234135608F44F50D5741'::geometry, '300'::double precision))
                           Rows Removed by Filter: 3172
   ->  Subquery Scan on "*SELECT* 2105"  (cost=165745.69..165745.70 rows=1 width=76) (actual time=0.701..0.702 rows=1 loops=1)
         ->  Limit  (cost=165745.69..165745.69 rows=1 width=84) (actual time=0.698..0.699 rows=1 loops=1)
               ->  Sort  (cost=165745.69..165745.69 rows=1 width=84) (actual time=0.695..0.696 rows=1 loops=1)
                     Sort Key: (st_distance(st_transform(s_2104.the_geom, 25833), '0101000020E9640000A774AB49EFDC234189EAB964F40D5741'::geometry))
                     Sort Method: top-N heapsort  Memory: 25kB
                     ->  Seq Scan on phoml_trajectory_tmp s_2104  (cost=0.00..165745.68 rows=1 width=84) (actual time=0.023..0.621 rows=488 loops=1)
                           Filter: ((unix_time >= '1685451372.319'::double precision) AND (unix_time <= '1685451432.319'::double precision) AND st_dwithin(st_transform(the_geom, 25833), '0101000020E9640000A774AB49EFDC234189EAB964F40D5741'::geometry, '300'::double precision))
                           Rows Removed by Filter: 3172
   ->  Subquery Scan on "*SELECT* 2106"  (cost=165745.69..165745.70 rows=1 width=76) (actual time=0.688..0.689 rows=1 loops=1)
         ->  Limit  (cost=165745.69..165745.69 rows=1 width=84) (actual time=0.686..0.687 rows=1 loops=1)
               ->  Sort  (cost=165745.69..165745.69 rows=1 width=84) (actual time=0.684..0.684 rows=1 loops=1)
                     Sort Key: (st_distance(st_transform(s_2105.the_geom, 25833), '0101000020E9640000B24D31E3F6DC2341BFBF2B91F30D5741'::geometry))
                     Sort Method: top-N heapsort  Memory: 25kB
                     ->  Seq Scan on phoml_trajectory_tmp s_2105  (cost=0.00..165745.68 rows=1 width=84) (actual time=0.023..0.609 rows=488 loops=1)
                           Filter: ((unix_time >= '1685451372.689'::double precision) AND (unix_time <= '1685451432.689'::double precision) AND st_dwithin(st_transform(the_geom, 25833), '0101000020E9640000B24D31E3F6DC2341BFBF2B91F30D5741'::geometry, '300'::double precision))
                           Rows Removed by Filter: 3172
   ->  Subquery Scan on "*SELECT* 2107"  (cost=165745.69..165745.70 rows=1 width=76) (actual time=0.699..0.700 rows=1 loops=1)
         ->  Limit  (cost=165745.69..165745.69 rows=1 width=84) (actual time=0.695..0.696 rows=1 loops=1)
               ->  Sort  (cost=165745.69..165745.69 rows=1 width=84) (actual time=0.693..0.694 rows=1 loops=1)
                     Sort Key: (st_distance(st_transform(s_2106.the_geom, 25833), '0101000020E9640000BE17A0B3FEDC2341A8C09AB9F20D5741'::geometry))
                     Sort Method: top-N heapsort  Memory: 25kB
                     ->  Seq Scan on phoml_trajectory_tmp s_2106  (cost=0.00..165745.68 rows=1 width=84) (actual time=0.023..0.620 rows=488 loops=1)
                           Filter: ((unix_time >= '1685451373.069'::double precision) AND (unix_time <= '1685451433.069'::double precision) AND st_dwithin(st_transform(the_geom, 25833), '0101000020E9640000BE17A0B3FEDC2341A8C09AB9F20D5741'::geometry, '300'::double precision))
                           Rows Removed by Filter: 3172
   ->  Subquery Scan on "*SELECT* 2108"  (cost=165745.69..165745.70 rows=1 width=76) (actual time=0.702..0.703 rows=1 loops=1)
         ->  Limit  (cost=165745.69..165745.69 rows=1 width=84) (actual time=0.699..0.700 rows=1 loops=1)
               ->  Sort  (cost=165745.69..165745.69 rows=1 width=84) (actual time=0.697..0.697 rows=1 loops=1)
                     Sort Key: (st_distance(st_transform(s_2107.the_geom, 25833), '0101000020E9640000529907F806DD23412B8EA1F8F10D5741'::geometry))
                     Sort Method: top-N heapsort  Memory: 25kB
                     ->  Seq Scan on phoml_trajectory_tmp s_2107  (cost=0.00..165745.68 rows=1 width=84) (actual time=0.026..0.623 rows=488 loops=1)
                           Filter: ((unix_time >= '1685451373.445'::double precision) AND (unix_time <= '1685451433.445'::double precision) AND st_dwithin(st_transform(the_geom, 25833), '0101000020E9640000529907F806DD23412B8EA1F8F10D5741'::geometry, '300'::double precision))
                           Rows Removed by Filter: 3172
   ->  Subquery Scan on "*SELECT* 2109"  (cost=165745.69..165745.70 rows=1 width=76) (actual time=0.719..0.721 rows=1 loops=1)
         ->  Limit  (cost=165745.69..165745.69 rows=1 width=84) (actual time=0.712..0.713 rows=1 loops=1)
               ->  Sort  (cost=165745.69..165745.69 rows=1 width=84) (actual time=0.709..0.710 rows=1 loops=1)
                     Sort Key: (st_distance(st_transform(s_2108.the_geom, 25833), '0101000020E964000041978A9D0FDD234140914D43F10D5741'::geometry))
                     Sort Method: top-N heapsort  Memory: 25kB
                     ->  Seq Scan on phoml_trajectory_tmp s_2108  (cost=0.00..165745.68 rows=1 width=84) (actual time=0.023..0.633 rows=488 loops=1)
                           Filter: ((unix_time >= '1685451373.825'::double precision) AND (unix_time <= '1685451433.825'::double precision) AND st_dwithin(st_transform(the_geom, 25833), '0101000020E964000041978A9D0FDD234140914D43F10D5741'::geometry, '300'::double precision))
                           Rows Removed by Filter: 3172
   ->  Subquery Scan on "*SELECT* 2110"  (cost=165745.69..165745.70 rows=1 width=76) (actual time=0.707..0.708 rows=1 loops=1)
         ->  Limit  (cost=165745.69..165745.69 rows=1 width=84) (actual time=0.704..0.705 rows=1 loops=1)
               ->  Sort  (cost=165745.69..165745.69 rows=1 width=84) (actual time=0.702..0.702 rows=1 loops=1)
                     Sort Key: (st_distance(st_transform(s_2109.the_geom, 25833), '0101000020E9640000E1EBA17E18DD2341F97EC582F00D5741'::geometry))
                     Sort Method: top-N heapsort  Memory: 25kB
                     ->  Seq Scan on phoml_trajectory_tmp s_2109  (cost=0.00..165745.68 rows=1 width=84) (actual time=0.029..0.625 rows=488 loops=1)
                           Filter: ((unix_time >= '1685451374.215'::double precision) AND (unix_time <= '1685451434.215'::double precision) AND st_dwithin(st_transform(the_geom, 25833), '0101000020E9640000E1EBA17E18DD2341F97EC582F00D5741'::geometry, '300'::double precision))
                           Rows Removed by Filter: 3172
   ->  Subquery Scan on "*SELECT* 2111"  (cost=165745.69..165745.70 rows=1 width=76) (actual time=0.716..0.717 rows=1 loops=1)
         ->  Limit  (cost=165745.69..165745.69 rows=1 width=84) (actual time=0.711..0.712 rows=1 loops=1)
               ->  Sort  (cost=165745.69..165745.69 rows=1 width=84) (actual time=0.709..0.709 rows=1 loops=1)
                     Sort Key: (st_distance(st_transform(s_2110.the_geom, 25833), '0101000020E96400001EDDF7F620DD2341CA7151DBEF0D5741'::geometry))
                     Sort Method: top-N heapsort  Memory: 25kB
                     ->  Seq Scan on phoml_trajectory_tmp s_2110  (cost=0.00..165745.68 rows=1 width=84) (actual time=0.029..0.634 rows=488 loops=1)
                           Filter: ((unix_time >= '1685451374.585'::double precision) AND (unix_time <= '1685451434.585'::double precision) AND st_dwithin(st_transform(the_geom, 25833), '0101000020E96400001EDDF7F620DD2341CA7151DBEF0D5741'::geometry, '300'::double precision))
                           Rows Removed by Filter: 3172
   ->  Subquery Scan on "*SELECT* 2112"  (cost=165745.69..165745.70 rows=1 width=76) (actual time=0.722..0.724 rows=1 loops=1)
         ->  Limit  (cost=165745.69..165745.69 rows=1 width=84) (actual time=0.719..0.720 rows=1 loops=1)
               ->  Sort  (cost=165745.69..165745.69 rows=1 width=84) (actual time=0.713..0.714 rows=1 loops=1)
                     Sort Key: (st_distance(st_transform(s_2111.the_geom, 25833), '0101000020E9640000EBE2BBCE29DD2341755BE535EF0D5741'::geometry))
                     Sort Method: top-N heapsort  Memory: 25kB
                     ->  Seq Scan on phoml_trajectory_tmp s_2111  (cost=0.00..165745.68 rows=1 width=84) (actual time=0.028..0.633 rows=492 loops=1)
                           Filter: ((unix_time >= '1685451374.965'::double precision) AND (unix_time <= '1685451434.965'::double precision) AND st_dwithin(st_transform(the_geom, 25833), '0101000020E9640000EBE2BBCE29DD2341755BE535EF0D5741'::geometry, '300'::double precision))
                           Rows Removed by Filter: 3168
   ->  Subquery Scan on "*SELECT* 2113"  (cost=165745.69..165745.70 rows=1 width=76) (actual time=0.709..0.710 rows=1 loops=1)
         ->  Limit  (cost=165745.69..165745.69 rows=1 width=84) (actual time=0.706..0.707 rows=1 loops=1)
               ->  Sort  (cost=165745.69..165745.69 rows=1 width=84) (actual time=0.704..0.704 rows=1 loops=1)
                     Sort Key: (st_distance(st_transform(s_2112.the_geom, 25833), '0101000020E964000068B9D8CC32DD2341C616E198EE0D5741'::geometry))
                     Sort Method: top-N heapsort  Memory: 25kB
                     ->  Seq Scan on phoml_trajectory_tmp s_2112  (cost=0.00..165745.68 rows=1 width=84) (actual time=0.026..0.627 rows=492 loops=1)
                           Filter: ((unix_time >= '1685451375.342'::double precision) AND (unix_time <= '1685451435.342'::double precision) AND st_dwithin(st_transform(the_geom, 25833), '0101000020E964000068B9D8CC32DD2341C616E198EE0D5741'::geometry, '300'::double precision))
                           Rows Removed by Filter: 3168
   ->  Subquery Scan on "*SELECT* 2114"  (cost=165745.69..165745.70 rows=1 width=76) (actual time=0.696..0.698 rows=1 loops=1)
         ->  Limit  (cost=165745.69..165745.69 rows=1 width=84) (actual time=0.694..0.695 rows=1 loops=1)
               ->  Sort  (cost=165745.69..165745.69 rows=1 width=84) (actual time=0.691..0.692 rows=1 loops=1)
                     Sort Key: (st_distance(st_transform(s_2113.the_geom, 25833), '0101000020E964000076AF04F33BDD2341A1AC33FFED0D5741'::geometry))
                     Sort Method: top-N heapsort  Memory: 25kB
                     ->  Seq Scan on phoml_trajectory_tmp s_2113  (cost=0.00..165745.68 rows=1 width=84) (actual time=0.026..0.618 rows=488 loops=1)
                           Filter: ((unix_time >= '1685451375.722'::double precision) AND (unix_time <= '1685451435.722'::double precision) AND st_dwithin(st_transform(the_geom, 25833), '0101000020E964000076AF04F33BDD2341A1AC33FFED0D5741'::geometry, '300'::double precision))
                           Rows Removed by Filter: 3172
   ->  Subquery Scan on "*SELECT* 2115"  (cost=165745.69..165745.70 rows=1 width=76) (actual time=0.701..0.702 rows=1 loops=1)
         ->  Limit  (cost=165745.69..165745.69 rows=1 width=84) (actual time=0.698..0.699 rows=1 loops=1)
               ->  Sort  (cost=165745.69..165745.69 rows=1 width=84) (actual time=0.696..0.696 rows=1 loops=1)
                     Sort Key: (st_distance(st_transform(s_2114.the_geom, 25833), '0101000020E96400003E8D30DF44DD2341FBE3C06AED0D5741'::geometry))
                     Sort Method: top-N heapsort  Memory: 25kB
                     ->  Seq Scan on phoml_trajectory_tmp s_2114  (cost=0.00..165745.68 rows=1 width=84) (actual time=0.025..0.621 rows=488 loops=1)
                           Filter: ((unix_time >= '1685451376.092'::double precision) AND (unix_time <= '1685451436.092'::double precision) AND st_dwithin(st_transform(the_geom, 25833), '0101000020E96400003E8D30DF44DD2341FBE3C06AED0D5741'::geometry, '300'::double precision))
                           Rows Removed by Filter: 3172
   ->  Subquery Scan on "*SELECT* 2116"  (cost=165745.69..165745.70 rows=1 width=76) (actual time=0.705..0.706 rows=1 loops=1)
         ->  Limit  (cost=165745.69..165745.69 rows=1 width=84) (actual time=0.702..0.703 rows=1 loops=1)
               ->  Sort  (cost=165745.69..165745.69 rows=1 width=84) (actual time=0.700..0.700 rows=1 loops=1)
                     Sort Key: (st_distance(st_transform(s_2115.the_geom, 25833), '0101000020E9640000710608224EDD2341B7FEF6DDEC0D5741'::geometry))
                     Sort Method: top-N heapsort  Memory: 25kB
                     ->  Seq Scan on phoml_trajectory_tmp s_2115  (cost=0.00..165745.68 rows=1 width=84) (actual time=0.025..0.626 rows=488 loops=1)
                           Filter: ((unix_time >= '1685451376.469'::double precision) AND (unix_time <= '1685451436.469'::double precision) AND st_dwithin(st_transform(the_geom, 25833), '0101000020E9640000710608224EDD2341B7FEF6DDEC0D5741'::geometry, '300'::double precision))
                           Rows Removed by Filter: 3172
   ->  Subquery Scan on "*SELECT* 2117"  (cost=165745.69..165745.70 rows=1 width=76) (actual time=0.696..0.697 rows=1 loops=1)
         ->  Limit  (cost=165745.69..165745.69 rows=1 width=84) (actual time=0.693..0.694 rows=1 loops=1)
               ->  Sort  (cost=165745.69..165745.69 rows=1 width=84) (actual time=0.691..0.692 rows=1 loops=1)
                     Sort Key: (st_distance(st_transform(s_2116.the_geom, 25833), '0101000020E9640000515C82FC56DD23416F7F2C47EC0D5741'::geometry))
                     Sort Method: top-N heapsort  Memory: 25kB
                     ->  Seq Scan on phoml_trajectory_tmp s_2116  (cost=0.00..165745.68 rows=1 width=84) (actual time=0.023..0.618 rows=488 loops=1)
                           Filter: ((unix_time >= '1685451376.839'::double precision) AND (unix_time <= '1685451436.839'::double precision) AND st_dwithin(st_transform(the_geom, 25833), '0101000020E9640000515C82FC56DD23416F7F2C47EC0D5741'::geometry, '300'::double precision))
                           Rows Removed by Filter: 3172
   ->  Subquery Scan on "*SELECT* 2118"  (cost=165745.69..165745.70 rows=1 width=76) (actual time=0.740..0.741 rows=1 loops=1)
         ->  Limit  (cost=165745.69..165745.69 rows=1 width=84) (actual time=0.736..0.737 rows=1 loops=1)
               ->  Sort  (cost=165745.69..165745.69 rows=1 width=84) (actual time=0.734..0.734 rows=1 loops=1)
                     Sort Key: (st_distance(st_transform(s_2117.the_geom, 25833), '0101000020E9640000962E823A60DD2341BE68C1A5EB0D5741'::geometry))
                     Sort Method: top-N heapsort  Memory: 25kB
                     ->  Seq Scan on phoml_trajectory_tmp s_2117  (cost=0.00..165745.68 rows=1 width=84) (actual time=0.024..0.660 rows=488 loops=1)
                           Filter: ((unix_time >= '1685451377.221'::double precision) AND (unix_time <= '1685451437.221'::double precision) AND st_dwithin(st_transform(the_geom, 25833), '0101000020E9640000962E823A60DD2341BE68C1A5EB0D5741'::geometry, '300'::double precision))
                           Rows Removed by Filter: 3172
   ->  Subquery Scan on "*SELECT* 2119"  (cost=165745.69..165745.70 rows=1 width=76) (actual time=0.720..0.721 rows=1 loops=1)
         ->  Limit  (cost=165745.69..165745.69 rows=1 width=84) (actual time=0.716..0.717 rows=1 loops=1)
               ->  Sort  (cost=165745.69..165745.69 rows=1 width=84) (actual time=0.713..0.714 rows=1 loops=1)
                     Sort Key: (st_distance(st_transform(s_2118.the_geom, 25833), '0101000020E96400004A9CD85268DD2341959BB209EB0D5741'::geometry))
                     Sort Method: top-N heapsort  Memory: 25kB
                     ->  Seq Scan on phoml_trajectory_tmp s_2118  (cost=0.00..165745.68 rows=1 width=84) (actual time=0.032..0.638 rows=488 loops=1)
                           Filter: ((unix_time >= '1685451377.571'::double precision) AND (unix_time <= '1685451437.571'::double precision) AND st_dwithin(st_transform(the_geom, 25833), '0101000020E96400004A9CD85268DD2341959BB209EB0D5741'::geometry, '300'::double precision))
                           Rows Removed by Filter: 3172
   ->  Subquery Scan on "*SELECT* 2120"  (cost=165745.69..165745.70 rows=1 width=76) (actual time=0.716..0.716 rows=1 loops=1)
         ->  Limit  (cost=165745.69..165745.69 rows=1 width=84) (actual time=0.712..0.713 rows=1 loops=1)
               ->  Sort  (cost=165745.69..165745.69 rows=1 width=84) (actual time=0.709..0.710 rows=1 loops=1)
                     Sort Key: (st_distance(st_transform(s_2119.the_geom, 25833), '0101000020E9640000E408E1C070DD23411D25EF55EA0D5741'::geometry))
                     Sort Method: top-N heapsort  Memory: 25kB
                     ->  Seq Scan on phoml_trajectory_tmp s_2119  (cost=0.00..165745.68 rows=1 width=84) (actual time=0.029..0.635 rows=484 loops=1)
                           Filter: ((unix_time >= '1685451377.941'::double precision) AND (unix_time <= '1685451437.941'::double precision) AND st_dwithin(st_transform(the_geom, 25833), '0101000020E9640000E408E1C070DD23411D25EF55EA0D5741'::geometry, '300'::double precision))
                           Rows Removed by Filter: 3176
   ->  Subquery Scan on "*SELECT* 2121"  (cost=165745.69..165745.70 rows=1 width=76) (actual time=0.692..0.693 rows=1 loops=1)
         ->  Limit  (cost=165745.69..165745.69 rows=1 width=84) (actual time=0.689..0.690 rows=1 loops=1)
               ->  Sort  (cost=165745.69..165745.69 rows=1 width=84) (actual time=0.687..0.687 rows=1 loops=1)
                     Sort Key: (st_distance(st_transform(s_2120.the_geom, 25833), '0101000020E9640000B12F3C2979DD23419479C9A7E90D5741'::geometry))
                     Sort Method: top-N heapsort  Memory: 25kB
                     ->  Seq Scan on phoml_trajectory_tmp s_2120  (cost=0.00..165745.68 rows=1 width=84) (actual time=0.025..0.614 rows=484 loops=1)
                           Filter: ((unix_time >= '1685451378.305'::double precision) AND (unix_time <= '1685451438.305'::double precision) AND st_dwithin(st_transform(the_geom, 25833), '0101000020E9640000B12F3C2979DD23419479C9A7E90D5741'::geometry, '300'::double precision))
                           Rows Removed by Filter: 3176
   ->  Subquery Scan on "*SELECT* 2122"  (cost=165745.69..165745.70 rows=1 width=76) (actual time=0.704..0.705 rows=1 loops=1)
         ->  Limit  (cost=165745.69..165745.69 rows=1 width=84) (actual time=0.701..0.701 rows=1 loops=1)
               ->  Sort  (cost=165745.69..165745.69 rows=1 width=84) (actual time=0.698..0.699 rows=1 loops=1)
                     Sort Key: (st_distance(st_transform(s_2121.the_geom, 25833), '0101000020E964000062CAD58481DD234119C150F8E80D5741'::geometry))
                     Sort Method: top-N heapsort  Memory: 25kB
                     ->  Seq Scan on phoml_trajectory_tmp s_2121  (cost=0.00..165745.68 rows=1 width=84) (actual time=0.024..0.626 rows=484 loops=1)
                           Filter: ((unix_time >= '1685451378.675'::double precision) AND (unix_time <= '1685451438.675'::double precision) AND st_dwithin(st_transform(the_geom, 25833), '0101000020E964000062CAD58481DD234119C150F8E80D5741'::geometry, '300'::double precision))
                           Rows Removed by Filter: 3176
   ->  Subquery Scan on "*SELECT* 2123"  (cost=165745.69..165745.70 rows=1 width=76) (actual time=0.711..0.712 rows=1 loops=1)
         ->  Limit  (cost=165745.69..165745.69 rows=1 width=84) (actual time=0.707..0.708 rows=1 loops=1)
               ->  Sort  (cost=165745.69..165745.69 rows=1 width=84) (actual time=0.705..0.705 rows=1 loops=1)
                     Sort Key: (st_distance(st_transform(s_2122.the_geom, 25833), '0101000020E96400009FB17ACB89DD23418922A149E80D5741'::geometry))
                     Sort Method: top-N heapsort  Memory: 25kB
                     ->  Seq Scan on phoml_trajectory_tmp s_2122  (cost=0.00..165745.68 rows=1 width=84) (actual time=0.029..0.633 rows=484 loops=1)
                           Filter: ((unix_time >= '1685451379.035'::double precision) AND (unix_time <= '1685451439.035'::double precision) AND st_dwithin(st_transform(the_geom, 25833), '0101000020E96400009FB17ACB89DD23418922A149E80D5741'::geometry, '300'::double precision))
                           Rows Removed by Filter: 3176
   ->  Subquery Scan on "*SELECT* 2124"  (cost=165745.69..165745.70 rows=1 width=76) (actual time=0.684..0.685 rows=1 loops=1)
         ->  Limit  (cost=165745.69..165745.69 rows=1 width=84) (actual time=0.682..0.682 rows=1 loops=1)
               ->  Sort  (cost=165745.69..165745.69 rows=1 width=84) (actual time=0.680..0.680 rows=1 loops=1)
                     Sort Key: (st_distance(st_transform(s_2123.the_geom, 25833), '0101000020E964000071B2CC3F92DD234197614E90E70D5741'::geometry))
                     Sort Method: top-N heapsort  Memory: 25kB
                     ->  Seq Scan on phoml_trajectory_tmp s_2123  (cost=0.00..165745.68 rows=1 width=84) (actual time=0.024..0.604 rows=484 loops=1)
                           Filter: ((unix_time >= '1685451379.412'::double precision) AND (unix_time <= '1685451439.412'::double precision) AND st_dwithin(st_transform(the_geom, 25833), '0101000020E964000071B2CC3F92DD234197614E90E70D5741'::geometry, '300'::double precision))
                           Rows Removed by Filter: 3176
   ->  Subquery Scan on "*SELECT* 2125"  (cost=165745.69..165745.70 rows=1 width=76) (actual time=0.714..0.716 rows=1 loops=1)
         ->  Limit  (cost=165745.69..165745.69 rows=1 width=84) (actual time=0.711..0.713 rows=1 loops=1)
               ->  Sort  (cost=165745.69..165745.69 rows=1 width=84) (actual time=0.709..0.710 rows=1 loops=1)
                     Sort Key: (st_distance(st_transform(s_2124.the_geom, 25833), '0101000020E9640000F27CC3669ADD2341EB1603D6E60D5741'::geometry))
                     Sort Method: top-N heapsort  Memory: 25kB
                     ->  Seq Scan on phoml_trajectory_tmp s_2124  (cost=0.00..165745.68 rows=1 width=84) (actual time=0.035..0.637 rows=484 loops=1)
                           Filter: ((unix_time >= '1685451379.782'::double precision) AND (unix_time <= '1685451439.782'::double precision) AND st_dwithin(st_transform(the_geom, 25833), '0101000020E9640000F27CC3669ADD2341EB1603D6E60D5741'::geometry, '300'::double precision))
                           Rows Removed by Filter: 3176
   ->  Subquery Scan on "*SELECT* 2126"  (cost=165745.69..165745.70 rows=1 width=76) (actual time=0.708..0.709 rows=1 loops=1)
         ->  Limit  (cost=165745.69..165745.69 rows=1 width=84) (actual time=0.705..0.705 rows=1 loops=1)
               ->  Sort  (cost=165745.69..165745.69 rows=1 width=84) (actual time=0.702..0.703 rows=1 loops=1)
                     Sort Key: (st_distance(st_transform(s_2125.the_geom, 25833), '0101000020E9640000247CD656A2DD2341C1075F0BE60D5741'::geometry))
                     Sort Method: top-N heapsort  Memory: 25kB
                     ->  Seq Scan on phoml_trajectory_tmp s_2125  (cost=0.00..165745.68 rows=1 width=84) (actual time=0.028..0.631 rows=484 loops=1)
                           Filter: ((unix_time >= '1685451380.161'::double precision) AND (unix_time <= '1685451440.161'::double precision) AND st_dwithin(st_transform(the_geom, 25833), '0101000020E9640000247CD656A2DD2341C1075F0BE60D5741'::geometry, '300'::double precision))
                           Rows Removed by Filter: 3176
   ->  Subquery Scan on "*SELECT* 2127"  (cost=165745.69..165745.70 rows=1 width=76) (actual time=0.701..0.702 rows=1 loops=1)
         ->  Limit  (cost=165745.69..165745.69 rows=1 width=84) (actual time=0.697..0.698 rows=1 loops=1)
               ->  Sort  (cost=165745.69..165745.69 rows=1 width=84) (actual time=0.695..0.695 rows=1 loops=1)
                     Sort Key: (st_distance(st_transform(s_2126.the_geom, 25833), '0101000020E964000085F6F4E1A9DD2341CA46303FE50D5741'::geometry))
                     Sort Method: top-N heapsort  Memory: 25kB
                     ->  Seq Scan on phoml_trajectory_tmp s_2126  (cost=0.00..165745.68 rows=1 width=84) (actual time=0.027..0.623 rows=484 loops=1)
                           Filter: ((unix_time >= '1685451380.531'::double precision) AND (unix_time <= '1685451440.531'::double precision) AND st_dwithin(st_transform(the_geom, 25833), '0101000020E964000085F6F4E1A9DD2341CA46303FE50D5741'::geometry, '300'::double precision))
                           Rows Removed by Filter: 3176
   ->  Subquery Scan on "*SELECT* 2128"  (cost=165745.69..165745.70 rows=1 width=76) (actual time=0.697..0.698 rows=1 loops=1)
         ->  Limit  (cost=165745.69..165745.69 rows=1 width=84) (actual time=0.694..0.694 rows=1 loops=1)
               ->  Sort  (cost=165745.69..165745.69 rows=1 width=84) (actual time=0.691..0.692 rows=1 loops=1)
                     Sort Key: (st_distance(st_transform(s_2127.the_geom, 25833), '0101000020E964000077AFF995B1DD23419E09216FE40D5741'::geometry))
                     Sort Method: top-N heapsort  Memory: 25kB
                     ->  Seq Scan on phoml_trajectory_tmp s_2127  (cost=0.00..165745.68 rows=1 width=84) (actual time=0.025..0.617 rows=488 loops=1)
                           Filter: ((unix_time >= '1685451380.911'::double precision) AND (unix_time <= '1685451440.911'::double precision) AND st_dwithin(st_transform(the_geom, 25833), '0101000020E964000077AFF995B1DD23419E09216FE40D5741'::geometry, '300'::double precision))
                           Rows Removed by Filter: 3172
   ->  Subquery Scan on "*SELECT* 2129"  (cost=165745.69..165745.70 rows=1 width=76) (actual time=0.730..0.731 rows=1 loops=1)
         ->  Limit  (cost=165745.69..165745.69 rows=1 width=84) (actual time=0.727..0.728 rows=1 loops=1)
               ->  Sort  (cost=165745.69..165745.69 rows=1 width=84) (actual time=0.724..0.725 rows=1 loops=1)
                     Sort Key: (st_distance(st_transform(s_2128.the_geom, 25833), '0101000020E9640000BB7A0A79B8DD23411ED9AF8CE30D5741'::geometry))
                     Sort Method: top-N heapsort  Memory: 25kB
                     ->  Seq Scan on phoml_trajectory_tmp s_2128  (cost=0.00..165745.68 rows=1 width=84) (actual time=0.050..0.652 rows=484 loops=1)
                           Filter: ((unix_time >= '1685451381.275'::double precision) AND (unix_time <= '1685451441.275'::double precision) AND st_dwithin(st_transform(the_geom, 25833), '0101000020E9640000BB7A0A79B8DD23411ED9AF8CE30D5741'::geometry, '300'::double precision))
                           Rows Removed by Filter: 3176
   ->  Subquery Scan on "*SELECT* 2130"  (cost=165745.69..165745.70 rows=1 width=76) (actual time=0.714..0.715 rows=1 loops=1)
         ->  Limit  (cost=165745.69..165745.69 rows=1 width=84) (actual time=0.710..0.711 rows=1 loops=1)
               ->  Sort  (cost=165745.69..165745.69 rows=1 width=84) (actual time=0.707..0.708 rows=1 loops=1)
                     Sort Key: (st_distance(st_transform(s_2129.the_geom, 25833), '0101000020E9640000F1F60F54BFDD2341F3959185E20D5741'::geometry))
                     Sort Method: top-N heapsort  Memory: 25kB
                     ->  Seq Scan on phoml_trajectory_tmp s_2129  (cost=0.00..165745.68 rows=1 width=84) (actual time=0.030..0.631 rows=484 loops=1)
                           Filter: ((unix_time >= '1685451381.665'::double precision) AND (unix_time <= '1685451441.665'::double precision) AND st_dwithin(st_transform(the_geom, 25833), '0101000020E9640000F1F60F54BFDD2341F3959185E20D5741'::geometry, '300'::double precision))
                           Rows Removed by Filter: 3176
   ->  Subquery Scan on "*SELECT* 2131"  (cost=165745.69..165745.70 rows=1 width=76) (actual time=0.685..0.686 rows=1 loops=1)
         ->  Limit  (cost=165745.69..165745.69 rows=1 width=84) (actual time=0.682..0.683 rows=1 loops=1)
               ->  Sort  (cost=165745.69..165745.69 rows=1 width=84) (actual time=0.679..0.680 rows=1 loops=1)
                     Sort Key: (st_distance(st_transform(s_2130.the_geom, 25833), '0101000020E96400006D9CDB05C5DD23413EC23375E10D5741'::geometry))
                     Sort Method: top-N heapsort  Memory: 25kB
                     ->  Seq Scan on phoml_trajectory_tmp s_2130  (cost=0.00..165745.68 rows=1 width=84) (actual time=0.028..0.605 rows=484 loops=1)
                           Filter: ((unix_time >= '1685451382.035'::double precision) AND (unix_time <= '1685451442.035'::double precision) AND st_dwithin(st_transform(the_geom, 25833), '0101000020E96400006D9CDB05C5DD23413EC23375E10D5741'::geometry, '300'::double precision))
                           Rows Removed by Filter: 3176
   ->  Subquery Scan on "*SELECT* 2132"  (cost=165745.69..165745.70 rows=1 width=76) (actual time=0.682..0.683 rows=1 loops=1)
         ->  Limit  (cost=165745.69..165745.69 rows=1 width=84) (actual time=0.679..0.680 rows=1 loops=1)
               ->  Sort  (cost=165745.69..165745.69 rows=1 width=84) (actual time=0.676..0.677 rows=1 loops=1)
                     Sort Key: (st_distance(st_transform(s_2131.the_geom, 25833), '0101000020E9640000C24ECBDCC9DD234139BC3A36E00D5741'::geometry))
                     Sort Method: top-N heapsort  Memory: 25kB
                     ->  Seq Scan on phoml_trajectory_tmp s_2131  (cost=0.00..165745.68 rows=1 width=84) (actual time=0.026..0.605 rows=484 loops=1)
                           Filter: ((unix_time >= '1685451382.423'::double precision) AND (unix_time <= '1685451442.423'::double precision) AND st_dwithin(st_transform(the_geom, 25833), '0101000020E9640000C24ECBDCC9DD234139BC3A36E00D5741'::geometry, '300'::double precision))
                           Rows Removed by Filter: 3176
   ->  Subquery Scan on "*SELECT* 2133"  (cost=165745.69..165745.70 rows=1 width=76) (actual time=0.714..0.715 rows=1 loops=1)
         ->  Limit  (cost=165745.69..165745.69 rows=1 width=84) (actual time=0.710..0.711 rows=1 loops=1)
               ->  Sort  (cost=165745.69..165745.69 rows=1 width=84) (actual time=0.707..0.707 rows=1 loops=1)
                     Sort Key: (st_distance(st_transform(s_2132.the_geom, 25833), '0101000020E9640000D86773B0CDDD2341358D25EBDE0D5741'::geometry))
                     Sort Method: top-N heapsort  Memory: 25kB
                     ->  Seq Scan on phoml_trajectory_tmp s_2132  (cost=0.00..165745.68 rows=1 width=84) (actual time=0.031..0.631 rows=484 loops=1)
                           Filter: ((unix_time >= '1685451382.803'::double precision) AND (unix_time <= '1685451442.803'::double precision) AND st_dwithin(st_transform(the_geom, 25833), '0101000020E9640000D86773B0CDDD2341358D25EBDE0D5741'::geometry, '300'::double precision))
                           Rows Removed by Filter: 3176
   ->  Subquery Scan on "*SELECT* 2134"  (cost=165745.69..165745.70 rows=1 width=76) (actual time=0.709..0.710 rows=1 loops=1)
         ->  Limit  (cost=165745.69..165745.69 rows=1 width=84) (actual time=0.705..0.706 rows=1 loops=1)
               ->  Sort  (cost=165745.69..165745.69 rows=1 width=84) (actual time=0.703..0.704 rows=1 loops=1)
                     Sort Key: (st_distance(st_transform(s_2133.the_geom, 25833), '0101000020E9640000AFAF200ED0DD2341888E9B85DD0D5741'::geometry))
                     Sort Method: top-N heapsort  Memory: 25kB
                     ->  Seq Scan on phoml_trajectory_tmp s_2133  (cost=0.00..165745.68 rows=1 width=84) (actual time=0.026..0.631 rows=484 loops=1)
                           Filter: ((unix_time >= '1685451383.194'::double precision) AND (unix_time <= '1685451443.194'::double precision) AND st_dwithin(st_transform(the_geom, 25833), '0101000020E9640000AFAF200ED0DD2341888E9B85DD0D5741'::geometry, '300'::double precision))
                           Rows Removed by Filter: 3176
   ->  Subquery Scan on "*SELECT* 2135"  (cost=165745.69..165745.70 rows=1 width=76) (actual time=0.684..0.685 rows=1 loops=1)
         ->  Limit  (cost=165745.69..165745.69 rows=1 width=84) (actual time=0.681..0.682 rows=1 loops=1)
               ->  Sort  (cost=165745.69..165745.69 rows=1 width=84) (actual time=0.679..0.680 rows=1 loops=1)
                     Sort Key: (st_distance(st_transform(s_2134.the_geom, 25833), '0101000020E96400008EB37FFDD1DD23416353832ADC0D5741'::geometry))
                     Sort Method: top-N heapsort  Memory: 25kB
                     ->  Seq Scan on phoml_trajectory_tmp s_2134  (cost=0.00..165745.68 rows=1 width=84) (actual time=0.029..0.605 rows=484 loops=1)
                           Filter: ((unix_time >= '1685451383.564'::double precision) AND (unix_time <= '1685451443.564'::double precision) AND st_dwithin(st_transform(the_geom, 25833), '0101000020E96400008EB37FFDD1DD23416353832ADC0D5741'::geometry, '300'::double precision))
                           Rows Removed by Filter: 3176
   ->  Subquery Scan on "*SELECT* 2136"  (cost=165745.69..165745.70 rows=1 width=76) (actual time=0.694..0.695 rows=1 loops=1)
         ->  Limit  (cost=165745.69..165745.69 rows=1 width=84) (actual time=0.691..0.691 rows=1 loops=1)
               ->  Sort  (cost=165745.69..165745.69 rows=1 width=84) (actual time=0.689..0.689 rows=1 loops=1)
                     Sort Key: (st_distance(st_transform(s_2135.the_geom, 25833), '0101000020E964000062EF2809D4DD2341188898CFDA0D5741'::geometry))
                     Sort Method: top-N heapsort  Memory: 25kB
                     ->  Seq Scan on phoml_trajectory_tmp s_2135  (cost=0.00..165745.68 rows=1 width=84) (actual time=0.027..0.611 rows=484 loops=1)
                           Filter: ((unix_time >= '1685451383.954'::double precision) AND (unix_time <= '1685451443.954'::double precision) AND st_dwithin(st_transform(the_geom, 25833), '0101000020E964000062EF2809D4DD2341188898CFDA0D5741'::geometry, '300'::double precision))
                           Rows Removed by Filter: 3176
   ->  Subquery Scan on "*SELECT* 2137"  (cost=165745.69..165745.70 rows=1 width=76) (actual time=0.695..0.696 rows=1 loops=1)
         ->  Limit  (cost=165745.69..165745.69 rows=1 width=84) (actual time=0.692..0.693 rows=1 loops=1)
               ->  Sort  (cost=165745.69..165745.69 rows=1 width=84) (actual time=0.689..0.690 rows=1 loops=1)
                     Sort Key: (st_distance(st_transform(s_2136.the_geom, 25833), '0101000020E964000043917D37D6DD23412B46B68AD90D5741'::geometry))
                     Sort Method: top-N heapsort  Memory: 25kB
                     ->  Seq Scan on phoml_trajectory_tmp s_2136  (cost=0.00..165745.68 rows=1 width=84) (actual time=0.026..0.617 rows=484 loops=1)
                           Filter: ((unix_time >= '1685451384.329'::double precision) AND (unix_time <= '1685451444.329'::double precision) AND st_dwithin(st_transform(the_geom, 25833), '0101000020E964000043917D37D6DD23412B46B68AD90D5741'::geometry, '300'::double precision))
                           Rows Removed by Filter: 3176
   ->  Subquery Scan on "*SELECT* 2138"  (cost=165745.69..165745.70 rows=1 width=76) (actual time=0.696..0.697 rows=1 loops=1)
         ->  Limit  (cost=165745.69..165745.69 rows=1 width=84) (actual time=0.693..0.694 rows=1 loops=1)
               ->  Sort  (cost=165745.69..165745.69 rows=1 width=84) (actual time=0.691..0.691 rows=1 loops=1)
                     Sort Key: (st_distance(st_transform(s_2137.the_geom, 25833), '0101000020E964000085B2DAC0D8DD2341C2AAD743D80D5741'::geometry))
                     Sort Method: top-N heapsort  Memory: 25kB
                     ->  Seq Scan on phoml_trajectory_tmp s_2137  (cost=0.00..165745.68 rows=1 width=84) (actual time=0.025..0.618 rows=484 loops=1)
                           Filter: ((unix_time >= '1685451384.719'::double precision) AND (unix_time <= '1685451444.719'::double precision) AND st_dwithin(st_transform(the_geom, 25833), '0101000020E964000085B2DAC0D8DD2341C2AAD743D80D5741'::geometry, '300'::double precision))
                           Rows Removed by Filter: 3176
   ->  Subquery Scan on "*SELECT* 2139"  (cost=165745.69..165745.70 rows=1 width=76) (actual time=0.691..0.692 rows=1 loops=1)
         ->  Limit  (cost=165745.69..165745.69 rows=1 width=84) (actual time=0.688..0.689 rows=1 loops=1)
               ->  Sort  (cost=165745.69..165745.69 rows=1 width=84) (actual time=0.686..0.687 rows=1 loops=1)
                     Sort Key: (st_distance(st_transform(s_2138.the_geom, 25833), '0101000020E964000047FC4A6BDBDD23411549DF16D70D5741'::geometry))
                     Sort Method: top-N heapsort  Memory: 25kB
                     ->  Seq Scan on phoml_trajectory_tmp s_2138  (cost=0.00..165745.68 rows=1 width=84) (actual time=0.032..0.615 rows=484 loops=1)
                           Filter: ((unix_time >= '1685451385.089'::double precision) AND (unix_time <= '1685451445.089'::double precision) AND st_dwithin(st_transform(the_geom, 25833), '0101000020E964000047FC4A6BDBDD23411549DF16D70D5741'::geometry, '300'::double precision))
                           Rows Removed by Filter: 3176
   ->  Subquery Scan on "*SELECT* 2140"  (cost=165745.69..165745.70 rows=1 width=76) (actual time=0.724..0.725 rows=1 loops=1)
         ->  Limit  (cost=165745.69..165745.69 rows=1 width=84) (actual time=0.719..0.720 rows=1 loops=1)
               ->  Sort  (cost=165745.69..165745.69 rows=1 width=84) (actual time=0.717..0.718 rows=1 loops=1)
                     Sort Key: (st_distance(st_transform(s_2139.the_geom, 25833), '0101000020E96400006079D7E8DEDD23414DD25BE2D50D5741'::geometry))
                     Sort Method: top-N heapsort  Memory: 25kB
                     ->  Seq Scan on phoml_trajectory_tmp s_2139  (cost=0.00..165745.68 rows=1 width=84) (actual time=0.027..0.641 rows=484 loops=1)
                           Filter: ((unix_time >= '1685451385.482'::double precision) AND (unix_time <= '1685451445.482'::double precision) AND st_dwithin(st_transform(the_geom, 25833), '0101000020E96400006079D7E8DEDD23414DD25BE2D50D5741'::geometry, '300'::double precision))
                           Rows Removed by Filter: 3176
   ->  Subquery Scan on "*SELECT* 2141"  (cost=165745.69..165745.70 rows=1 width=76) (actual time=0.716..0.718 rows=1 loops=1)
         ->  Limit  (cost=165745.69..165745.69 rows=1 width=84) (actual time=0.713..0.714 rows=1 loops=1)
               ->  Sort  (cost=165745.69..165745.69 rows=1 width=84) (actual time=0.710..0.711 rows=1 loops=1)
                     Sort Key: (st_distance(st_transform(s_2140.the_geom, 25833), '0101000020E9640000BD0E681DE3DD234137C7ACB9D40D5741'::geometry))
                     Sort Method: top-N heapsort  Memory: 25kB
                     ->  Seq Scan on phoml_trajectory_tmp s_2140  (cost=0.00..165745.68 rows=1 width=84) (actual time=0.029..0.638 rows=484 loops=1)
                           Filter: ((unix_time >= '1685451385.872'::double precision) AND (unix_time <= '1685451445.872'::double precision) AND st_dwithin(st_transform(the_geom, 25833), '0101000020E9640000BD0E681DE3DD234137C7ACB9D40D5741'::geometry, '300'::double precision))
                           Rows Removed by Filter: 3176
   ->  Subquery Scan on "*SELECT* 2142"  (cost=165745.69..165745.70 rows=1 width=76) (actual time=0.712..0.713 rows=1 loops=1)
         ->  Limit  (cost=165745.69..165745.69 rows=1 width=84) (actual time=0.709..0.710 rows=1 loops=1)
               ->  Sort  (cost=165745.69..165745.69 rows=1 width=84) (actual time=0.707..0.707 rows=1 loops=1)
                     Sort Key: (st_distance(st_transform(s_2141.the_geom, 25833), '0101000020E9640000AEFC1399E7DD2341A112589ED30D5741'::geometry))
                     Sort Method: top-N heapsort  Memory: 25kB
                     ->  Seq Scan on phoml_trajectory_tmp s_2141  (cost=0.00..165745.68 rows=1 width=84) (actual time=0.027..0.632 rows=484 loops=1)
                           Filter: ((unix_time >= '1685451386.246'::double precision) AND (unix_time <= '1685451446.246'::double precision) AND st_dwithin(st_transform(the_geom, 25833), '0101000020E9640000AEFC1399E7DD2341A112589ED30D5741'::geometry, '300'::double precision))
                           Rows Removed by Filter: 3176
   ->  Subquery Scan on "*SELECT* 2143"  (cost=165745.69..165745.70 rows=1 width=76) (actual time=0.712..0.713 rows=1 loops=1)
         ->  Limit  (cost=165745.69..165745.69 rows=1 width=84) (actual time=0.710..0.711 rows=1 loops=1)
               ->  Sort  (cost=165745.69..165745.69 rows=1 width=84) (actual time=0.708..0.708 rows=1 loops=1)
                     Sort Key: (st_distance(st_transform(s_2142.the_geom, 25833), '0101000020E964000037E509A8EBDD2341067C6D7CD20D5741'::geometry))
                     Sort Method: top-N heapsort  Memory: 25kB
                     ->  Seq Scan on phoml_trajectory_tmp s_2142  (cost=0.00..165745.68 rows=1 width=84) (actual time=0.044..0.632 rows=484 loops=1)
                           Filter: ((unix_time >= '1685451386.616'::double precision) AND (unix_time <= '1685451446.616'::double precision) AND st_dwithin(st_transform(the_geom, 25833), '0101000020E964000037E509A8EBDD2341067C6D7CD20D5741'::geometry, '300'::double precision))
                           Rows Removed by Filter: 3176
   ->  Subquery Scan on "*SELECT* 2144"  (cost=165745.69..165745.70 rows=1 width=76) (actual time=0.700..0.702 rows=1 loops=1)
         ->  Limit  (cost=165745.69..165745.69 rows=1 width=84) (actual time=0.697..0.697 rows=1 loops=1)
               ->  Sort  (cost=165745.69..165745.69 rows=1 width=84) (actual time=0.694..0.695 rows=1 loops=1)
                     Sort Key: (st_distance(st_transform(s_2143.the_geom, 25833), '0101000020E964000034D328B7EFDD23410583ED61D10D5741'::geometry))
                     Sort Method: top-N heapsort  Memory: 25kB
                     ->  Seq Scan on phoml_trajectory_tmp s_2143  (cost=0.00..165745.68 rows=1 width=84) (actual time=0.027..0.621 rows=484 loops=1)
                           Filter: ((unix_time >= '1685451386.986'::double precision) AND (unix_time <= '1685451446.986'::double precision) AND st_dwithin(st_transform(the_geom, 25833), '0101000020E964000034D328B7EFDD23410583ED61D10D5741'::geometry, '300'::double precision))
                           Rows Removed by Filter: 3176
   ->  Subquery Scan on "*SELECT* 2145"  (cost=165745.69..165745.70 rows=1 width=76) (actual time=0.686..0.688 rows=1 loops=1)
         ->  Limit  (cost=165745.69..165745.69 rows=1 width=84) (actual time=0.683..0.684 rows=1 loops=1)
               ->  Sort  (cost=165745.69..165745.69 rows=1 width=84) (actual time=0.681..0.681 rows=1 loops=1)
                     Sort Key: (st_distance(st_transform(s_2144.the_geom, 25833), '0101000020E964000097FBEFFBF3DD2341D923FB32D00D5741'::geometry))
                     Sort Method: top-N heapsort  Memory: 25kB
                     ->  Seq Scan on phoml_trajectory_tmp s_2144  (cost=0.00..165745.68 rows=1 width=84) (actual time=0.027..0.606 rows=484 loops=1)
                           Filter: ((unix_time >= '1685451387.373'::double precision) AND (unix_time <= '1685451447.373'::double precision) AND st_dwithin(st_transform(the_geom, 25833), '0101000020E964000097FBEFFBF3DD2341D923FB32D00D5741'::geometry, '300'::double precision))
                           Rows Removed by Filter: 3176
   ->  Subquery Scan on "*SELECT* 2146"  (cost=165745.69..165745.70 rows=1 width=76) (actual time=0.682..0.683 rows=1 loops=1)
         ->  Limit  (cost=165745.69..165745.69 rows=1 width=84) (actual time=0.680..0.680 rows=1 loops=1)
               ->  Sort  (cost=165745.69..165745.69 rows=1 width=84) (actual time=0.678..0.678 rows=1 loops=1)
                     Sort Key: (st_distance(st_transform(s_2145.the_geom, 25833), '0101000020E96400008953B708F8DD234143F1C209CF0D5741'::geometry))
                     Sort Method: top-N heapsort  Memory: 25kB
                     ->  Seq Scan on phoml_trajectory_tmp s_2145  (cost=0.00..165745.68 rows=1 width=84) (actual time=0.029..0.607 rows=484 loops=1)
                           Filter: ((unix_time >= '1685451387.743'::double precision) AND (unix_time <= '1685451447.743'::double precision) AND st_dwithin(st_transform(the_geom, 25833), '0101000020E96400008953B708F8DD234143F1C209CF0D5741'::geometry, '300'::double precision))
                           Rows Removed by Filter: 3176
   ->  Subquery Scan on "*SELECT* 2147"  (cost=165745.69..165745.70 rows=1 width=76) (actual time=0.697..0.698 rows=1 loops=1)
         ->  Limit  (cost=165745.69..165745.69 rows=1 width=84) (actual time=0.693..0.694 rows=1 loops=1)
               ->  Sort  (cost=165745.69..165745.69 rows=1 width=84) (actual time=0.691..0.692 rows=1 loops=1)
                     Sort Key: (st_distance(st_transform(s_2146.the_geom, 25833), '0101000020E96400007D762C3EFCDD23416E7B24EACD0D5741'::geometry))
                     Sort Method: top-N heapsort  Memory: 25kB
                     ->  Seq Scan on phoml_trajectory_tmp s_2146  (cost=0.00..165745.68 rows=1 width=84) (actual time=0.028..0.618 rows=484 loops=1)
                           Filter: ((unix_time >= '1685451388.113'::double precision) AND (unix_time <= '1685451448.113'::double precision) AND st_dwithin(st_transform(the_geom, 25833), '0101000020E96400007D762C3EFCDD23416E7B24EACD0D5741'::geometry, '300'::double precision))
                           Rows Removed by Filter: 3176
   ->  Subquery Scan on "*SELECT* 2148"  (cost=165745.69..165745.70 rows=1 width=76) (actual time=0.721..0.722 rows=1 loops=1)
         ->  Limit  (cost=165745.69..165745.69 rows=1 width=84) (actual time=0.718..0.718 rows=1 loops=1)
               ->  Sort  (cost=165745.69..165745.69 rows=1 width=84) (actual time=0.716..0.716 rows=1 loops=1)
                     Sort Key: (st_distance(st_transform(s_2147.the_geom, 25833), '0101000020E9640000900E259B00DE234175F6FACCCC0D5741'::geometry))
                     Sort Method: top-N heapsort  Memory: 25kB
                     ->  Seq Scan on phoml_trajectory_tmp s_2147  (cost=0.00..165745.68 rows=1 width=84) (actual time=0.044..0.643 rows=484 loops=1)
                           Filter: ((unix_time >= '1685451388.468'::double precision) AND (unix_time <= '1685451448.468'::double precision) AND st_dwithin(st_transform(the_geom, 25833), '0101000020E9640000900E259B00DE234175F6FACCCC0D5741'::geometry, '300'::double precision))
                           Rows Removed by Filter: 3176
   ->  Subquery Scan on "*SELECT* 2149"  (cost=165745.69..165745.70 rows=1 width=76) (actual time=0.685..0.686 rows=1 loops=1)
         ->  Limit  (cost=165745.69..165745.69 rows=1 width=84) (actual time=0.682..0.683 rows=1 loops=1)
               ->  Sort  (cost=165745.69..165745.69 rows=1 width=84) (actual time=0.680..0.680 rows=1 loops=1)
                     Sort Key: (st_distance(st_transform(s_2148.the_geom, 25833), '0101000020E9640000A553AAC204DE23416A6ECEB5CB0D5741'::geometry))
                     Sort Method: top-N heapsort  Memory: 25kB
                     ->  Seq Scan on phoml_trajectory_tmp s_2148  (cost=0.00..165745.68 rows=1 width=84) (actual time=0.027..0.608 rows=484 loops=1)
                           Filter: ((unix_time >= '1685451388.818'::double precision) AND (unix_time <= '1685451448.818'::double precision) AND st_dwithin(st_transform(the_geom, 25833), '0101000020E9640000A553AAC204DE23416A6ECEB5CB0D5741'::geometry, '300'::double precision))
                           Rows Removed by Filter: 3176
   ->  Subquery Scan on "*SELECT* 2150"  (cost=165745.69..165745.70 rows=1 width=76) (actual time=0.711..0.713 rows=1 loops=1)
         ->  Limit  (cost=165745.69..165745.69 rows=1 width=84) (actual time=0.709..0.711 rows=1 loops=1)
               ->  Sort  (cost=165745.69..165745.69 rows=1 width=84) (actual time=0.707..0.708 rows=1 loops=1)
                     Sort Key: (st_distance(st_transform(s_2149.the_geom, 25833), '0101000020E96400008E54703709DE23418ED8088ACA0D5741'::geometry))
                     Sort Method: top-N heapsort  Memory: 25kB
                     ->  Seq Scan on phoml_trajectory_tmp s_2149  (cost=0.00..165745.68 rows=1 width=84) (actual time=0.040..0.630 rows=484 loops=1)
                           Filter: ((unix_time >= '1685451389.197'::double precision) AND (unix_time <= '1685451449.197'::double precision) AND st_dwithin(st_transform(the_geom, 25833), '0101000020E96400008E54703709DE23418ED8088ACA0D5741'::geometry, '300'::double precision))
                           Rows Removed by Filter: 3176
   ->  Subquery Scan on "*SELECT* 2151"  (cost=165745.69..165745.70 rows=1 width=76) (actual time=0.713..0.715 rows=1 loops=1)
         ->  Limit  (cost=165745.69..165745.69 rows=1 width=84) (actual time=0.710..0.711 rows=1 loops=1)
               ->  Sort  (cost=165745.69..165745.69 rows=1 width=84) (actual time=0.708..0.708 rows=1 loops=1)
                     Sort Key: (st_distance(st_transform(s_2150.the_geom, 25833), '0101000020E9640000B791C2840DDE234104E5EB62C90D5741'::geometry))
                     Sort Method: top-N heapsort  Memory: 25kB
                     ->  Seq Scan on phoml_trajectory_tmp s_2150  (cost=0.00..165745.68 rows=1 width=84) (actual time=0.030..0.635 rows=484 loops=1)
                           Filter: ((unix_time >= '1685451389.537'::double precision) AND (unix_time <= '1685451449.537'::double precision) AND st_dwithin(st_transform(the_geom, 25833), '0101000020E9640000B791C2840DDE234104E5EB62C90D5741'::geometry, '300'::double precision))
                           Rows Removed by Filter: 3176
   ->  Subquery Scan on "*SELECT* 2152"  (cost=165745.69..165745.70 rows=1 width=76) (actual time=0.719..0.720 rows=1 loops=1)
         ->  Limit  (cost=165745.69..165745.69 rows=1 width=84) (actual time=0.713..0.714 rows=1 loops=1)
               ->  Sort  (cost=165745.69..165745.69 rows=1 width=84) (actual time=0.711..0.711 rows=1 loops=1)
                     Sort Key: (st_distance(st_transform(s_2151.the_geom, 25833), '0101000020E96400001966C85911DE234195F9074EC80D5741'::geometry))
                     Sort Method: top-N heapsort  Memory: 25kB
                     ->  Seq Scan on phoml_trajectory_tmp s_2151  (cost=0.00..165745.68 rows=1 width=84) (actual time=0.028..0.635 rows=484 loops=1)
                           Filter: ((unix_time >= '1685451389.867'::double precision) AND (unix_time <= '1685451449.867'::double precision) AND st_dwithin(st_transform(the_geom, 25833), '0101000020E96400001966C85911DE234195F9074EC80D5741'::geometry, '300'::double precision))
                           Rows Removed by Filter: 3176
   ->  Subquery Scan on "*SELECT* 2153"  (cost=165745.69..165745.70 rows=1 width=76) (actual time=0.696..0.697 rows=1 loops=1)
         ->  Limit  (cost=165745.69..165745.69 rows=1 width=84) (actual time=0.693..0.694 rows=1 loops=1)
               ->  Sort  (cost=165745.69..165745.69 rows=1 width=84) (actual time=0.691..0.691 rows=1 loops=1)
                     Sort Key: (st_distance(st_transform(s_2152.the_geom, 25833), '0101000020E9640000BBFFD3E615DE23419D9E1024C70D5741'::geometry))
                     Sort Method: top-N heapsort  Memory: 25kB
                     ->  Seq Scan on phoml_trajectory_tmp s_2152  (cost=0.00..165745.68 rows=1 width=84) (actual time=0.034..0.616 rows=484 loops=1)
                           Filter: ((unix_time >= '1685451390.231'::double precision) AND (unix_time <= '1685451450.231'::double precision) AND st_dwithin(st_transform(the_geom, 25833), '0101000020E9640000BBFFD3E615DE23419D9E1024C70D5741'::geometry, '300'::double precision))
                           Rows Removed by Filter: 3176
   ->  Subquery Scan on "*SELECT* 2154"  (cost=165745.69..165745.70 rows=1 width=76) (actual time=0.693..0.695 rows=1 loops=1)
         ->  Limit  (cost=165745.69..165745.69 rows=1 width=84) (actual time=0.690..0.691 rows=1 loops=1)
               ->  Sort  (cost=165745.69..165745.69 rows=1 width=84) (actual time=0.687..0.688 rows=1 loops=1)
                     Sort Key: (st_distance(st_transform(s_2153.the_geom, 25833), '0101000020E9640000B4B0942E1ADE23419DA72005C60D5741'::geometry))
                     Sort Method: top-N heapsort  Memory: 25kB
                     ->  Seq Scan on phoml_trajectory_tmp s_2153  (cost=0.00..165745.68 rows=1 width=84) (actual time=0.028..0.615 rows=484 loops=1)
                           Filter: ((unix_time >= '1685451390.571'::double precision) AND (unix_time <= '1685451450.571'::double precision) AND st_dwithin(st_transform(the_geom, 25833), '0101000020E9640000B4B0942E1ADE23419DA72005C60D5741'::geometry, '300'::double precision))
                           Rows Removed by Filter: 3176
   ->  Subquery Scan on "*SELECT* 2155"  (cost=165745.69..165745.70 rows=1 width=76) (actual time=0.714..0.715 rows=1 loops=1)
         ->  Limit  (cost=165745.69..165745.69 rows=1 width=84) (actual time=0.709..0.710 rows=1 loops=1)
               ->  Sort  (cost=165745.69..165745.69 rows=1 width=84) (actual time=0.707..0.707 rows=1 loops=1)
                     Sort Key: (st_distance(st_transform(s_2154.the_geom, 25833), '0101000020E96400008B0539811EDE2341A15287E7C40D5741'::geometry))
                     Sort Method: top-N heapsort  Memory: 25kB
                     ->  Seq Scan on phoml_trajectory_tmp s_2154  (cost=0.00..165745.68 rows=1 width=84) (actual time=0.029..0.632 rows=484 loops=1)
                           Filter: ((unix_time >= '1685451390.911'::double precision) AND (unix_time <= '1685451450.911'::double precision) AND st_dwithin(st_transform(the_geom, 25833), '0101000020E96400008B0539811EDE2341A15287E7C40D5741'::geometry, '300'::double precision))
                           Rows Removed by Filter: 3176
   ->  Subquery Scan on "*SELECT* 2156"  (cost=165745.69..165745.70 rows=1 width=76) (actual time=0.699..0.701 rows=1 loops=1)
         ->  Limit  (cost=165745.69..165745.69 rows=1 width=84) (actual time=0.696..0.698 rows=1 loops=1)
               ->  Sort  (cost=165745.69..165745.69 rows=1 width=84) (actual time=0.694..0.695 rows=1 loops=1)
                     Sort Key: (st_distance(st_transform(s_2155.the_geom, 25833), '0101000020E964000025F3E1D922DE23419BF844BFC30D5741'::geometry))
                     Sort Method: top-N heapsort  Memory: 25kB
                     ->  Seq Scan on phoml_trajectory_tmp s_2155  (cost=0.00..165745.68 rows=1 width=84) (actual time=0.030..0.622 rows=484 loops=1)
                           Filter: ((unix_time >= '1685451391.262'::double precision) AND (unix_time <= '1685451451.262'::double precision) AND st_dwithin(st_transform(the_geom, 25833), '0101000020E964000025F3E1D922DE23419BF844BFC30D5741'::geometry, '300'::double precision))
                           Rows Removed by Filter: 3176
   ->  Subquery Scan on "*SELECT* 2157"  (cost=165745.69..165745.70 rows=1 width=76) (actual time=0.686..0.687 rows=1 loops=1)
         ->  Limit  (cost=165745.69..165745.69 rows=1 width=84) (actual time=0.684..0.684 rows=1 loops=1)
               ->  Sort  (cost=165745.69..165745.69 rows=1 width=84) (actual time=0.682..0.682 rows=1 loops=1)
                     Sort Key: (st_distance(st_transform(s_2156.the_geom, 25833), '0101000020E9640000AE6A9A1F27DE2341A0C5CBA0C20D5741'::geometry))
                     Sort Method: top-N heapsort  Memory: 25kB
                     ->  Seq Scan on phoml_trajectory_tmp s_2156  (cost=0.00..165745.68 rows=1 width=84) (actual time=0.028..0.609 rows=484 loops=1)
                           Filter: ((unix_time >= '1685451391.602'::double precision) AND (unix_time <= '1685451451.602'::double precision) AND st_dwithin(st_transform(the_geom, 25833), '0101000020E9640000AE6A9A1F27DE2341A0C5CBA0C20D5741'::geometry, '300'::double precision))
                           Rows Removed by Filter: 3176
   ->  Subquery Scan on "*SELECT* 2158"  (cost=165745.69..165745.70 rows=1 width=76) (actual time=0.699..0.700 rows=1 loops=1)
         ->  Limit  (cost=165745.69..165745.69 rows=1 width=84) (actual time=0.695..0.696 rows=1 loops=1)
               ->  Sort  (cost=165745.69..165745.69 rows=1 width=84) (actual time=0.693..0.694 rows=1 loops=1)
                     Sort Key: (st_distance(st_transform(s_2157.the_geom, 25833), '0101000020E9640000B5FA914D2BDE23413770EE80C10D5741'::geometry))
                     Sort Method: top-N heapsort  Memory: 25kB
                     ->  Seq Scan on phoml_trajectory_tmp s_2157  (cost=0.00..165745.68 rows=1 width=84) (actual time=0.028..0.621 rows=484 loops=1)
                           Filter: ((unix_time >= '1685451391.942'::double precision) AND (unix_time <= '1685451451.942'::double precision) AND st_dwithin(st_transform(the_geom, 25833), '0101000020E9640000B5FA914D2BDE23413770EE80C10D5741'::geometry, '300'::double precision))
                           Rows Removed by Filter: 3176
   ->  Subquery Scan on "*SELECT* 2159"  (cost=165745.69..165745.70 rows=1 width=76) (actual time=0.719..0.720 rows=1 loops=1)
         ->  Limit  (cost=165745.69..165745.69 rows=1 width=84) (actual time=0.715..0.716 rows=1 loops=1)
               ->  Sort  (cost=165745.69..165745.69 rows=1 width=84) (actual time=0.713..0.713 rows=1 loops=1)
                     Sort Key: (st_distance(st_transform(s_2158.the_geom, 25833), '0101000020E9640000166732772FDE2341E9B3EE5EC00D5741'::geometry))
                     Sort Method: top-N heapsort  Memory: 25kB
                     ->  Seq Scan on phoml_trajectory_tmp s_2158  (cost=0.00..165745.68 rows=1 width=84) (actual time=0.029..0.635 rows=484 loops=1)
                           Filter: ((unix_time >= '1685451392.282'::double precision) AND (unix_time <= '1685451452.282'::double precision) AND st_dwithin(st_transform(the_geom, 25833), '0101000020E9640000166732772FDE2341E9B3EE5EC00D5741'::geometry, '300'::double precision))
                           Rows Removed by Filter: 3176
   ->  Subquery Scan on "*SELECT* 2160"  (cost=165745.69..165745.70 rows=1 width=76) (actual time=0.690..0.691 rows=1 loops=1)
         ->  Limit  (cost=165745.69..165745.69 rows=1 width=84) (actual time=0.687..0.688 rows=1 loops=1)
               ->  Sort  (cost=165745.69..165745.69 rows=1 width=84) (actual time=0.685..0.685 rows=1 loops=1)
                     Sort Key: (st_distance(st_transform(s_2159.the_geom, 25833), '0101000020E964000097FBC97533DE23411406FE34BF0D5741'::geometry))
                     Sort Method: top-N heapsort  Memory: 25kB
                     ->  Seq Scan on phoml_trajectory_tmp s_2159  (cost=0.00..165745.68 rows=1 width=84) (actual time=0.030..0.611 rows=484 loops=1)
                           Filter: ((unix_time >= '1685451392.632'::double precision) AND (unix_time <= '1685451452.632'::double precision) AND st_dwithin(st_transform(the_geom, 25833), '0101000020E964000097FBC97533DE23411406FE34BF0D5741'::geometry, '300'::double precision))
                           Rows Removed by Filter: 3176
   ->  Subquery Scan on "*SELECT* 2161"  (cost=165745.69..165745.70 rows=1 width=76) (actual time=0.697..0.698 rows=1 loops=1)
         ->  Limit  (cost=165745.69..165745.69 rows=1 width=84) (actual time=0.693..0.693 rows=1 loops=1)
               ->  Sort  (cost=165745.69..165745.69 rows=1 width=84) (actual time=0.690..0.690 rows=1 loops=1)
                     Sort Key: (st_distance(st_transform(s_2160.the_geom, 25833), '0101000020E964000026D9D75F37DE234141765318BE0D5741'::geometry))
                     Sort Method: top-N heapsort  Memory: 25kB
                     ->  Seq Scan on phoml_trajectory_tmp s_2160  (cost=0.00..165745.68 rows=1 width=84) (actual time=0.029..0.612 rows=484 loops=1)
                           Filter: ((unix_time >= '1685451392.972'::double precision) AND (unix_time <= '1685451452.972'::double precision) AND st_dwithin(st_transform(the_geom, 25833), '0101000020E964000026D9D75F37DE234141765318BE0D5741'::geometry, '300'::double precision))
                           Rows Removed by Filter: 3176
   ->  Subquery Scan on "*SELECT* 2162"  (cost=165745.69..165745.70 rows=1 width=76) (actual time=0.718..0.720 rows=1 loops=1)
         ->  Limit  (cost=165745.69..165745.69 rows=1 width=84) (actual time=0.715..0.716 rows=1 loops=1)
               ->  Sort  (cost=165745.69..165745.69 rows=1 width=84) (actual time=0.712..0.712 rows=1 loops=1)
                     Sort Key: (st_distance(st_transform(s_2161.the_geom, 25833), '0101000020E964000098499A8E3BDE234179F739E8BC0D5741'::geometry))
                     Sort Method: top-N heapsort  Memory: 25kB
                     ->  Seq Scan on phoml_trajectory_tmp s_2161  (cost=0.00..165745.68 rows=1 width=84) (actual time=0.032..0.634 rows=488 loops=1)
                           Filter: ((unix_time >= '1685451393.33'::double precision) AND (unix_time <= '1685451453.33'::double precision) AND st_dwithin(st_transform(the_geom, 25833), '0101000020E964000098499A8E3BDE234179F739E8BC0D5741'::geometry, '300'::double precision))
                           Rows Removed by Filter: 3172
   ->  Subquery Scan on "*SELECT* 2163"  (cost=165745.69..165745.70 rows=1 width=76) (actual time=0.704..0.705 rows=1 loops=1)
         ->  Limit  (cost=165745.69..165745.69 rows=1 width=84) (actual time=0.701..0.702 rows=1 loops=1)
               ->  Sort  (cost=165745.69..165745.69 rows=1 width=84) (actual time=0.699..0.699 rows=1 loops=1)
                     Sort Key: (st_distance(st_transform(s_2162.the_geom, 25833), '0101000020E964000085F0D2B03FDE23415116AAC7BB0D5741'::geometry))
                     Sort Method: top-N heapsort  Memory: 25kB
                     ->  Seq Scan on phoml_trajectory_tmp s_2162  (cost=0.00..165745.68 rows=1 width=84) (actual time=0.034..0.626 rows=484 loops=1)
                           Filter: ((unix_time >= '1685451393.68'::double precision) AND (unix_time <= '1685451453.68'::double precision) AND st_dwithin(st_transform(the_geom, 25833), '0101000020E964000085F0D2B03FDE23415116AAC7BB0D5741'::geometry, '300'::double precision))
                           Rows Removed by Filter: 3176
   ->  Subquery Scan on "*SELECT* 2164"  (cost=165745.69..165745.70 rows=1 width=76) (actual time=0.704..0.705 rows=1 loops=1)
         ->  Limit  (cost=165745.69..165745.69 rows=1 width=84) (actual time=0.701..0.702 rows=1 loops=1)
               ->  Sort  (cost=165745.69..165745.69 rows=1 width=84) (actual time=0.699..0.700 rows=1 loops=1)
                     Sort Key: (st_distance(st_transform(s_2163.the_geom, 25833), '0101000020E96400006469D90A44DE2341BD812CA3BA0D5741'::geometry))
                     Sort Method: top-N heapsort  Memory: 25kB
                     ->  Seq Scan on phoml_trajectory_tmp s_2163  (cost=0.00..165745.68 rows=1 width=84) (actual time=0.028..0.625 rows=488 loops=1)
                           Filter: ((unix_time >= '1685451394.03'::double precision) AND (unix_time <= '1685451454.03'::double precision) AND st_dwithin(st_transform(the_geom, 25833), '0101000020E96400006469D90A44DE2341BD812CA3BA0D5741'::geometry, '300'::double precision))
                           Rows Removed by Filter: 3172
   ->  Subquery Scan on "*SELECT* 2165"  (cost=165745.69..165745.70 rows=1 width=76) (actual time=0.718..0.719 rows=1 loops=1)
         ->  Limit  (cost=165745.69..165745.69 rows=1 width=84) (actual time=0.715..0.716 rows=1 loops=1)
               ->  Sort  (cost=165745.69..165745.69 rows=1 width=84) (actual time=0.713..0.714 rows=1 loops=1)
                     Sort Key: (st_distance(st_transform(s_2164.the_geom, 25833), '0101000020E96400002CA18D4648DE2341D9571D84B90D5741'::geometry))
                     Sort Method: top-N heapsort  Memory: 25kB
                     ->  Seq Scan on phoml_trajectory_tmp s_2164  (cost=0.00..165745.68 rows=1 width=84) (actual time=0.029..0.640 rows=484 loops=1)
                           Filter: ((unix_time >= '1685451394.372'::double precision) AND (unix_time <= '1685451454.372'::double precision) AND st_dwithin(st_transform(the_geom, 25833), '0101000020E96400002CA18D4648DE2341D9571D84B90D5741'::geometry, '300'::double precision))
                           Rows Removed by Filter: 3176
   ->  Subquery Scan on "*SELECT* 2166"  (cost=165745.69..165745.70 rows=1 width=76) (actual time=0.699..0.700 rows=1 loops=1)
         ->  Limit  (cost=165745.69..165745.69 rows=1 width=84) (actual time=0.695..0.696 rows=1 loops=1)
               ->  Sort  (cost=165745.69..165745.69 rows=1 width=84) (actual time=0.693..0.694 rows=1 loops=1)
                     Sort Key: (st_distance(st_transform(s_2165.the_geom, 25833), '0101000020E96400003C4B3F6D4CDE23415484AC65B80D5741'::geometry))
                     Sort Method: top-N heapsort  Memory: 25kB
                     ->  Seq Scan on phoml_trajectory_tmp s_2165  (cost=0.00..165745.68 rows=1 width=84) (actual time=0.035..0.615 rows=484 loops=1)
                           Filter: ((unix_time >= '1685451394.712'::double precision) AND (unix_time <= '1685451454.712'::double precision) AND st_dwithin(st_transform(the_geom, 25833), '0101000020E96400003C4B3F6D4CDE23415484AC65B80D5741'::geometry, '300'::double precision))
                           Rows Removed by Filter: 3176
   ->  Subquery Scan on "*SELECT* 2167"  (cost=165745.69..165745.70 rows=1 width=76) (actual time=0.692..0.693 rows=1 loops=1)
         ->  Limit  (cost=165745.69..165745.69 rows=1 width=84) (actual time=0.690..0.691 rows=1 loops=1)
               ->  Sort  (cost=165745.69..165745.69 rows=1 width=84) (actual time=0.688..0.689 rows=1 loops=1)
                     Sort Key: (st_distance(st_transform(s_2166.the_geom, 25833), '0101000020E964000024A5DDC850DE23414FBA773FB70D5741'::geometry))
                     Sort Method: top-N heapsort  Memory: 25kB
                     ->  Seq Scan on phoml_trajectory_tmp s_2166  (cost=0.00..165745.68 rows=1 width=84) (actual time=0.030..0.615 rows=484 loops=1)
                           Filter: ((unix_time >= '1685451395.062'::double precision) AND (unix_time <= '1685451455.062'::double precision) AND st_dwithin(st_transform(the_geom, 25833), '0101000020E964000024A5DDC850DE23414FBA773FB70D5741'::geometry, '300'::double precision))
                           Rows Removed by Filter: 3176
   ->  Subquery Scan on "*SELECT* 2168"  (cost=165745.69..165745.70 rows=1 width=76) (actual time=0.701..0.702 rows=1 loops=1)
         ->  Limit  (cost=165745.69..165745.69 rows=1 width=84) (actual time=0.698..0.699 rows=1 loops=1)
               ->  Sort  (cost=165745.69..165745.69 rows=1 width=84) (actual time=0.696..0.696 rows=1 loops=1)
                     Sort Key: (st_distance(st_transform(s_2167.the_geom, 25833), '0101000020E9640000342B00FC54DE23411184E31FB60D5741'::geometry))
                     Sort Method: top-N heapsort  Memory: 25kB
                     ->  Seq Scan on phoml_trajectory_tmp s_2167  (cost=0.00..165745.68 rows=1 width=84) (actual time=0.039..0.622 rows=484 loops=1)
                           Filter: ((unix_time >= '1685451395.403'::double precision) AND (unix_time <= '1685451455.403'::double precision) AND st_dwithin(st_transform(the_geom, 25833), '0101000020E9640000342B00FC54DE23411184E31FB60D5741'::geometry, '300'::double precision))
                           Rows Removed by Filter: 3176
   ->  Subquery Scan on "*SELECT* 2169"  (cost=165745.69..165745.70 rows=1 width=76) (actual time=0.700..0.701 rows=1 loops=1)
         ->  Limit  (cost=165745.69..165745.69 rows=1 width=84) (actual time=0.697..0.697 rows=1 loops=1)
               ->  Sort  (cost=165745.69..165745.69 rows=1 width=84) (actual time=0.694..0.695 rows=1 loops=1)
                     Sort Key: (st_distance(st_transform(s_2168.the_geom, 25833), '0101000020E9640000C5D1091459DE234183BFD2FEB40D5741'::geometry))
                     Sort Method: top-N heapsort  Memory: 25kB
                     ->  Seq Scan on phoml_trajectory_tmp s_2168  (cost=0.00..165745.68 rows=1 width=84) (actual time=0.029..0.622 rows=484 loops=1)
                           Filter: ((unix_time >= '1685451395.743'::double precision) AND (unix_time <= '1685451455.743'::double precision) AND st_dwithin(st_transform(the_geom, 25833), '0101000020E9640000C5D1091459DE234183BFD2FEB40D5741'::geometry, '300'::double precision))
                           Rows Removed by Filter: 3176
   ->  Subquery Scan on "*SELECT* 2170"  (cost=165745.69..165745.70 rows=1 width=76) (actual time=0.716..0.717 rows=1 loops=1)
         ->  Limit  (cost=165745.69..165745.69 rows=1 width=84) (actual time=0.711..0.711 rows=1 loops=1)
               ->  Sort  (cost=165745.69..165745.69 rows=1 width=84) (actual time=0.709..0.709 rows=1 loops=1)
                     Sort Key: (st_distance(st_transform(s_2169.the_geom, 25833), '0101000020E9640000184CF6415DDE2341080AA1D7B30D5741'::geometry))
                     Sort Method: top-N heapsort  Memory: 25kB
                     ->  Seq Scan on phoml_trajectory_tmp s_2169  (cost=0.00..165745.68 rows=1 width=84) (actual time=0.029..0.630 rows=484 loops=1)
                           Filter: ((unix_time >= '1685451396.083'::double precision) AND (unix_time <= '1685451456.083'::double precision) AND st_dwithin(st_transform(the_geom, 25833), '0101000020E9640000184CF6415DDE2341080AA1D7B30D5741'::geometry, '300'::double precision))
                           Rows Removed by Filter: 3176
   ->  Subquery Scan on "*SELECT* 2171"  (cost=165745.69..165745.70 rows=1 width=76) (actual time=0.742..0.743 rows=1 loops=1)
         ->  Limit  (cost=165745.69..165745.69 rows=1 width=84) (actual time=0.741..0.741 rows=1 loops=1)
               ->  Sort  (cost=165745.69..165745.69 rows=1 width=84) (actual time=0.738..0.739 rows=1 loops=1)
                     Sort Key: (st_distance(st_transform(s_2170.the_geom, 25833), '0101000020E9640000ED33C89A61DE234171953CB1B20D5741'::geometry))
                     Sort Method: top-N heapsort  Memory: 25kB
                     ->  Seq Scan on phoml_trajectory_tmp s_2170  (cost=0.00..165745.68 rows=1 width=84) (actual time=0.096..0.669 rows=484 loops=1)
                           Filter: ((unix_time >= '1685451396.431'::double precision) AND (unix_time <= '1685451456.431'::double precision) AND st_dwithin(st_transform(the_geom, 25833), '0101000020E9640000ED33C89A61DE234171953CB1B20D5741'::geometry, '300'::double precision))
                           Rows Removed by Filter: 3176
   ->  Subquery Scan on "*SELECT* 2172"  (cost=165745.69..165745.70 rows=1 width=76) (actual time=0.674..0.675 rows=1 loops=1)
         ->  Limit  (cost=165745.69..165745.69 rows=1 width=84) (actual time=0.670..0.671 rows=1 loops=1)
               ->  Sort  (cost=165745.69..165745.69 rows=1 width=84) (actual time=0.668..0.669 rows=1 loops=1)
                     Sort Key: (st_distance(st_transform(s_2171.the_geom, 25833), '0101000020E9640000F5DB9FB365DE2341D3CD3E99B10D5741'::geometry))
                     Sort Method: top-N heapsort  Memory: 25kB
                     ->  Seq Scan on phoml_trajectory_tmp s_2171  (cost=0.00..165745.68 rows=1 width=84) (actual time=0.027..0.600 rows=484 loops=1)
                           Filter: ((unix_time >= '1685451396.761'::double precision) AND (unix_time <= '1685451456.761'::double precision) AND st_dwithin(st_transform(the_geom, 25833), '0101000020E9640000F5DB9FB365DE2341D3CD3E99B10D5741'::geometry, '300'::double precision))
                           Rows Removed by Filter: 3176
   ->  Subquery Scan on "*SELECT* 2173"  (cost=165745.69..165745.70 rows=1 width=76) (actual time=0.676..0.677 rows=1 loops=1)
         ->  Limit  (cost=165745.69..165745.69 rows=1 width=84) (actual time=0.672..0.673 rows=1 loops=1)
               ->  Sort  (cost=165745.69..165745.69 rows=1 width=84) (actual time=0.670..0.671 rows=1 loops=1)
                     Sort Key: (st_distance(st_transform(s_2172.the_geom, 25833), '0101000020E9640000002B5F046ADE2341E4E15C72B00D5741'::geometry))
                     Sort Method: top-N heapsort  Memory: 25kB
                     ->  Seq Scan on phoml_trajectory_tmp s_2172  (cost=0.00..165745.68 rows=1 width=84) (actual time=0.031..0.602 rows=484 loops=1)
                           Filter: ((unix_time >= '1685451397.101'::double precision) AND (unix_time <= '1685451457.101'::double precision) AND st_dwithin(st_transform(the_geom, 25833), '0101000020E9640000002B5F046ADE2341E4E15C72B00D5741'::geometry, '300'::double precision))
                           Rows Removed by Filter: 3176
   ->  Subquery Scan on "*SELECT* 2174"  (cost=165745.69..165745.70 rows=1 width=76) (actual time=0.670..0.671 rows=1 loops=1)
         ->  Limit  (cost=165745.69..165745.69 rows=1 width=84) (actual time=0.667..0.668 rows=1 loops=1)
               ->  Sort  (cost=165745.69..165745.69 rows=1 width=84) (actual time=0.665..0.666 rows=1 loops=1)
                     Sort Key: (st_distance(st_transform(s_2173.the_geom, 25833), '0101000020E9640000B04C6C406EDE234105A81B4CAF0D5741'::geometry))
                     Sort Method: top-N heapsort  Memory: 25kB
                     ->  Seq Scan on phoml_trajectory_tmp s_2173  (cost=0.00..165745.68 rows=1 width=84) (actual time=0.031..0.595 rows=484 loops=1)
                           Filter: ((unix_time >= '1685451397.44'::double precision) AND (unix_time <= '1685451457.44'::double precision) AND st_dwithin(st_transform(the_geom, 25833), '0101000020E9640000B04C6C406EDE234105A81B4CAF0D5741'::geometry, '300'::double precision))
                           Rows Removed by Filter: 3176
   ->  Subquery Scan on "*SELECT* 2175"  (cost=165745.69..165745.70 rows=1 width=76) (actual time=0.731..0.733 rows=1 loops=1)
         ->  Limit  (cost=165745.69..165745.69 rows=1 width=84) (actual time=0.728..0.729 rows=1 loops=1)
               ->  Sort  (cost=165745.69..165745.69 rows=1 width=84) (actual time=0.726..0.726 rows=1 loops=1)
                     Sort Key: (st_distance(st_transform(s_2174.the_geom, 25833), '0101000020E964000064B0FE3D72DE2341AB168F32AE0D5741'::geometry))
                     Sort Method: top-N heapsort  Memory: 25kB
                     ->  Seq Scan on phoml_trajectory_tmp s_2174  (cost=0.00..165745.68 rows=1 width=84) (actual time=0.050..0.647 rows=484 loops=1)
                           Filter: ((unix_time >= '1685451397.77'::double precision) AND (unix_time <= '1685451457.77'::double precision) AND st_dwithin(st_transform(the_geom, 25833), '0101000020E964000064B0FE3D72DE2341AB168F32AE0D5741'::geometry, '300'::double precision))
                           Rows Removed by Filter: 3176
   ->  Subquery Scan on "*SELECT* 2176"  (cost=165745.69..165745.70 rows=1 width=76) (actual time=0.697..0.698 rows=1 loops=1)
         ->  Limit  (cost=165745.69..165745.69 rows=1 width=84) (actual time=0.694..0.695 rows=1 loops=1)
               ->  Sort  (cost=165745.69..165745.69 rows=1 width=84) (actual time=0.691..0.692 rows=1 loops=1)
                     Sort Key: (st_distance(st_transform(s_2175.the_geom, 25833), '0101000020E9640000C5D6B48F76DE2341055DAE0BAD0D5741'::geometry))
                     Sort Method: top-N heapsort  Memory: 25kB
                     ->  Seq Scan on phoml_trajectory_tmp s_2175  (cost=0.00..165745.68 rows=1 width=84) (actual time=0.032..0.620 rows=484 loops=1)
                           Filter: ((unix_time >= '1685451398.11'::double precision) AND (unix_time <= '1685451458.11'::double precision) AND st_dwithin(st_transform(the_geom, 25833), '0101000020E9640000C5D6B48F76DE2341055DAE0BAD0D5741'::geometry, '300'::double precision))
                           Rows Removed by Filter: 3176
   ->  Subquery Scan on "*SELECT* 2177"  (cost=165745.69..165745.70 rows=1 width=76) (actual time=0.904..0.906 rows=1 loops=1)
         ->  Limit  (cost=165745.69..165745.69 rows=1 width=84) (actual time=0.826..0.827 rows=1 loops=1)
               ->  Sort  (cost=165745.69..165745.69 rows=1 width=84) (actual time=0.822..0.823 rows=1 loops=1)
                     Sort Key: (st_distance(st_transform(s_2176.the_geom, 25833), '0101000020E96400004CDECBBD7ADE23411C16D0E4AB0D5741'::geometry))
                     Sort Method: top-N heapsort  Memory: 25kB
                     ->  Seq Scan on phoml_trajectory_tmp s_2176  (cost=0.00..165745.68 rows=1 width=84) (actual time=0.033..0.743 rows=488 loops=1)
                           Filter: ((unix_time >= '1685451398.449'::double precision) AND (unix_time <= '1685451458.449'::double precision) AND st_dwithin(st_transform(the_geom, 25833), '0101000020E96400004CDECBBD7ADE23411C16D0E4AB0D5741'::geometry, '300'::double precision))
                           Rows Removed by Filter: 3172
   ->  Subquery Scan on "*SELECT* 2178"  (cost=165745.69..165745.70 rows=1 width=76) (actual time=0.955..0.957 rows=1 loops=1)
         ->  Limit  (cost=165745.69..165745.69 rows=1 width=84) (actual time=0.948..0.949 rows=1 loops=1)
               ->  Sort  (cost=165745.69..165745.69 rows=1 width=84) (actual time=0.942..0.943 rows=1 loops=1)
                     Sort Key: (st_distance(st_transform(s_2177.the_geom, 25833), '0101000020E9640000386843DB7EDE2341990CAFC3AA0D5741'::geometry))
                     Sort Method: top-N heapsort  Memory: 25kB
                     ->  Seq Scan on phoml_trajectory_tmp s_2177  (cost=0.00..165745.68 rows=1 width=84) (actual time=0.195..0.852 rows=484 loops=1)
                           Filter: ((unix_time >= '1685451398.779'::double precision) AND (unix_time <= '1685451458.779'::double precision) AND st_dwithin(st_transform(the_geom, 25833), '0101000020E9640000386843DB7EDE2341990CAFC3AA0D5741'::geometry, '300'::double precision))
                           Rows Removed by Filter: 3176
   ->  Subquery Scan on "*SELECT* 2179"  (cost=165745.69..165745.70 rows=1 width=76) (actual time=0.773..0.775 rows=1 loops=1)
         ->  Limit  (cost=165745.69..165745.69 rows=1 width=84) (actual time=0.769..0.770 rows=1 loops=1)
               ->  Sort  (cost=165745.69..165745.69 rows=1 width=84) (actual time=0.765..0.765 rows=1 loops=1)
                     Sort Key: (st_distance(st_transform(s_2178.the_geom, 25833), '0101000020E96400001E0C4F2183DE23419A9F179EA90D5741'::geometry))
                     Sort Method: top-N heapsort  Memory: 25kB
                     ->  Seq Scan on phoml_trajectory_tmp s_2178  (cost=0.00..165745.68 rows=1 width=84) (actual time=0.089..0.686 rows=488 loops=1)
                           Filter: ((unix_time >= '1685451399.119'::double precision) AND (unix_time <= '1685451459.119'::double precision) AND st_dwithin(st_transform(the_geom, 25833), '0101000020E96400001E0C4F2183DE23419A9F179EA90D5741'::geometry, '300'::double precision))
                           Rows Removed by Filter: 3172
   ->  Subquery Scan on "*SELECT* 2180"  (cost=165745.69..165745.70 rows=1 width=76) (actual time=0.701..0.702 rows=1 loops=1)
         ->  Limit  (cost=165745.69..165745.69 rows=1 width=84) (actual time=0.698..0.699 rows=1 loops=1)
               ->  Sort  (cost=165745.69..165745.69 rows=1 width=84) (actual time=0.695..0.695 rows=1 loops=1)
                     Sort Key: (st_distance(st_transform(s_2179.the_geom, 25833), '0101000020E9640000ECF4E88087DE23417C65398AA80D5741'::geometry))
                     Sort Method: top-N heapsort  Memory: 25kB
                     ->  Seq Scan on phoml_trajectory_tmp s_2179  (cost=0.00..165745.68 rows=1 width=84) (actual time=0.031..0.623 rows=480 loops=1)
                           Filter: ((unix_time >= '1685451399.445'::double precision) AND (unix_time <= '1685451459.445'::double precision) AND st_dwithin(st_transform(the_geom, 25833), '0101000020E9640000ECF4E88087DE23417C65398AA80D5741'::geometry, '300'::double precision))
                           Rows Removed by Filter: 3180
   ->  Subquery Scan on "*SELECT* 2181"  (cost=165745.69..165745.70 rows=1 width=76) (actual time=0.680..0.681 rows=1 loops=1)
         ->  Limit  (cost=165745.69..165745.69 rows=1 width=84) (actual time=0.677..0.678 rows=1 loops=1)
               ->  Sort  (cost=165745.69..165745.69 rows=1 width=84) (actual time=0.675..0.675 rows=1 loops=1)
                     Sort Key: (st_distance(st_transform(s_2180.the_geom, 25833), '0101000020E96400004C07261E8CDE234173940368A70D5741'::geometry))
                     Sort Method: top-N heapsort  Memory: 25kB
                     ->  Seq Scan on phoml_trajectory_tmp s_2180  (cost=0.00..165745.68 rows=1 width=84) (actual time=0.030..0.607 rows=484 loops=1)
                           Filter: ((unix_time >= '1685451399.785'::double precision) AND (unix_time <= '1685451459.785'::double precision) AND st_dwithin(st_transform(the_geom, 25833), '0101000020E96400004C07261E8CDE234173940368A70D5741'::geometry, '300'::double precision))
                           Rows Removed by Filter: 3176
   ->  Subquery Scan on "*SELECT* 2182"  (cost=165745.69..165745.70 rows=1 width=76) (actual time=0.692..0.693 rows=1 loops=1)
         ->  Limit  (cost=165745.69..165745.69 rows=1 width=84) (actual time=0.688..0.689 rows=1 loops=1)
               ->  Sort  (cost=165745.69..165745.69 rows=1 width=84) (actual time=0.686..0.687 rows=1 loops=1)
                     Sort Key: (st_distance(st_transform(s_2181.the_geom, 25833), '0101000020E9640000785ECCD190DE2341E9914F47A60D5741'::geometry))
                     Sort Method: top-N heapsort  Memory: 25kB
                     ->  Seq Scan on phoml_trajectory_tmp s_2181  (cost=0.00..165745.68 rows=1 width=84) (actual time=0.033..0.616 rows=480 loops=1)
                           Filter: ((unix_time >= '1685451400.125'::double precision) AND (unix_time <= '1685451460.125'::double precision) AND st_dwithin(st_transform(the_geom, 25833), '0101000020E9640000785ECCD190DE2341E9914F47A60D5741'::geometry, '300'::double precision))
                           Rows Removed by Filter: 3180
   ->  Subquery Scan on "*SELECT* 2183"  (cost=165745.69..165745.70 rows=1 width=76) (actual time=0.671..0.672 rows=1 loops=1)
         ->  Limit  (cost=165745.69..165745.69 rows=1 width=84) (actual time=0.669..0.670 rows=1 loops=1)
               ->  Sort  (cost=165745.69..165745.69 rows=1 width=84) (actual time=0.667..0.667 rows=1 loops=1)
                     Sort Key: (st_distance(st_transform(s_2182.the_geom, 25833), '0101000020E96400007F8AE23295DE234173F5CA28A50D5741'::geometry))
                     Sort Method: top-N heapsort  Memory: 25kB
                     ->  Seq Scan on phoml_trajectory_tmp s_2182  (cost=0.00..165745.68 rows=1 width=84) (actual time=0.032..0.598 rows=484 loops=1)
                           Filter: ((unix_time >= '1685451400.461'::double precision) AND (unix_time <= '1685451460.461'::double precision) AND st_dwithin(st_transform(the_geom, 25833), '0101000020E96400007F8AE23295DE234173F5CA28A50D5741'::geometry, '300'::double precision))
                           Rows Removed by Filter: 3176
   ->  Subquery Scan on "*SELECT* 2184"  (cost=165745.69..165745.70 rows=1 width=76) (actual time=0.683..0.684 rows=1 loops=1)
         ->  Limit  (cost=165745.69..165745.69 rows=1 width=84) (actual time=0.681..0.681 rows=1 loops=1)
               ->  Sort  (cost=165745.69..165745.69 rows=1 width=84) (actual time=0.679..0.679 rows=1 loops=1)
                     Sort Key: (st_distance(st_transform(s_2183.the_geom, 25833), '0101000020E964000048300F9C99DE2341830A990AA40D5741'::geometry))
                     Sort Method: top-N heapsort  Memory: 25kB
                     ->  Seq Scan on phoml_trajectory_tmp s_2183  (cost=0.00..165745.68 rows=1 width=84) (actual time=0.039..0.608 rows=480 loops=1)
                           Filter: ((unix_time >= '1685451400.791'::double precision) AND (unix_time <= '1685451460.791'::double precision) AND st_dwithin(st_transform(the_geom, 25833), '0101000020E964000048300F9C99DE2341830A990AA40D5741'::geometry, '300'::double precision))
                           Rows Removed by Filter: 3180
   ->  Subquery Scan on "*SELECT* 2185"  (cost=165745.69..165745.70 rows=1 width=76) (actual time=0.736..0.737 rows=1 loops=1)
         ->  Limit  (cost=165745.69..165745.69 rows=1 width=84) (actual time=0.732..0.733 rows=1 loops=1)
               ->  Sort  (cost=165745.69..165745.69 rows=1 width=84) (actual time=0.730..0.731 rows=1 loops=1)
                     Sort Key: (st_distance(st_transform(s_2184.the_geom, 25833), '0101000020E964000059C5020A9EDE23410D10DFEAA20D5741'::geometry))
                     Sort Method: top-N heapsort  Memory: 25kB
                     ->  Seq Scan on phoml_trajectory_tmp s_2184  (cost=0.00..165745.68 rows=1 width=84) (actual time=0.031..0.655 rows=484 loops=1)
                           Filter: ((unix_time >= '1685451401.131'::double precision) AND (unix_time <= '1685451461.131'::double precision) AND st_dwithin(st_transform(the_geom, 25833), '0101000020E964000059C5020A9EDE23410D10DFEAA20D5741'::geometry, '300'::double precision))
                           Rows Removed by Filter: 3176
   ->  Subquery Scan on "*SELECT* 2186"  (cost=165745.69..165745.70 rows=1 width=76) (actual time=0.701..0.702 rows=1 loops=1)
         ->  Limit  (cost=165745.69..165745.69 rows=1 width=84) (actual time=0.697..0.698 rows=1 loops=1)
               ->  Sort  (cost=165745.69..165745.69 rows=1 width=84) (actual time=0.695..0.695 rows=1 loops=1)
                     Sort Key: (st_distance(st_transform(s_2185.the_geom, 25833), '0101000020E9640000C767C12BA2DE2341FD91ADD1A10D5741'::geometry))
                     Sort Method: top-N heapsort  Memory: 25kB
                     ->  Seq Scan on phoml_trajectory_tmp s_2185  (cost=0.00..165745.68 rows=1 width=84) (actual time=0.035..0.613 rows=480 loops=1)
                           Filter: ((unix_time >= '1685451401.457'::double precision) AND (unix_time <= '1685451461.457'::double precision) AND st_dwithin(st_transform(the_geom, 25833), '0101000020E9640000C767C12BA2DE2341FD91ADD1A10D5741'::geometry, '300'::double precision))
                           Rows Removed by Filter: 3180
   ->  Subquery Scan on "*SELECT* 2187"  (cost=165745.69..165745.70 rows=1 width=76) (actual time=0.682..0.683 rows=1 loops=1)
         ->  Limit  (cost=165745.69..165745.69 rows=1 width=84) (actual time=0.680..0.681 rows=1 loops=1)
               ->  Sort  (cost=165745.69..165745.69 rows=1 width=84) (actual time=0.677..0.678 rows=1 loops=1)
                     Sort Key: (st_distance(st_transform(s_2186.the_geom, 25833), '0101000020E964000097F44459A6DE23419E3267A6A00D5741'::geometry))
                     Sort Method: top-N heapsort  Memory: 25kB
                     ->  Seq Scan on phoml_trajectory_tmp s_2186  (cost=0.00..165745.68 rows=1 width=84) (actual time=0.047..0.607 rows=484 loops=1)
                           Filter: ((unix_time >= '1685451401.797'::double precision) AND (unix_time <= '1685451461.797'::double precision) AND st_dwithin(st_transform(the_geom, 25833), '0101000020E964000097F44459A6DE23419E3267A6A00D5741'::geometry, '300'::double precision))
                           Rows Removed by Filter: 3176
   ->  Subquery Scan on "*SELECT* 2188"  (cost=165745.69..165745.70 rows=1 width=76) (actual time=0.700..0.701 rows=1 loops=1)
         ->  Limit  (cost=165745.69..165745.69 rows=1 width=84) (actual time=0.696..0.697 rows=1 loops=1)
               ->  Sort  (cost=165745.69..165745.69 rows=1 width=84) (actual time=0.694..0.695 rows=1 loops=1)
                     Sort Key: (st_distance(st_transform(s_2187.the_geom, 25833), '0101000020E9640000CCB9EA3FAADE234118B26B809F0D5741'::geometry))
                     Sort Method: top-N heapsort  Memory: 25kB
                     ->  Seq Scan on phoml_trajectory_tmp s_2187  (cost=0.00..165745.68 rows=1 width=84) (actual time=0.030..0.621 rows=484 loops=1)
                           Filter: ((unix_time >= '1685451402.142'::double precision) AND (unix_time <= '1685451462.142'::double precision) AND st_dwithin(st_transform(the_geom, 25833), '0101000020E9640000CCB9EA3FAADE234118B26B809F0D5741'::geometry, '300'::double precision))
                           Rows Removed by Filter: 3176
   ->  Subquery Scan on "*SELECT* 2189"  (cost=165745.69..165745.70 rows=1 width=76) (actual time=0.689..0.690 rows=1 loops=1)
         ->  Limit  (cost=165745.69..165745.69 rows=1 width=84) (actual time=0.685..0.686 rows=1 loops=1)
               ->  Sort  (cost=165745.69..165745.69 rows=1 width=84) (actual time=0.684..0.684 rows=1 loops=1)
                     Sort Key: (st_distance(st_transform(s_2188.the_geom, 25833), '0101000020E964000049707030AEDE23411A0306669E0D5741'::geometry))
                     Sort Method: top-N heapsort  Memory: 25kB
                     ->  Seq Scan on phoml_trajectory_tmp s_2188  (cost=0.00..165745.68 rows=1 width=84) (actual time=0.031..0.613 rows=480 loops=1)
                           Filter: ((unix_time >= '1685451402.461'::double precision) AND (unix_time <= '1685451462.461'::double precision) AND st_dwithin(st_transform(the_geom, 25833), '0101000020E964000049707030AEDE23411A0306669E0D5741'::geometry, '300'::double precision))
                           Rows Removed by Filter: 3180
   ->  Subquery Scan on "*SELECT* 2190"  (cost=165745.69..165745.70 rows=1 width=76) (actual time=0.685..0.686 rows=1 loops=1)
         ->  Limit  (cost=165745.69..165745.69 rows=1 width=84) (actual time=0.683..0.684 rows=1 loops=1)
               ->  Sort  (cost=165745.69..165745.69 rows=1 width=84) (actual time=0.681..0.681 rows=1 loops=1)
                     Sort Key: (st_distance(st_transform(s_2189.the_geom, 25833), '0101000020E9640000A689358CB2DE23412D26A6369D0D5741'::geometry))
                     Sort Method: top-N heapsort  Memory: 25kB
                     ->  Seq Scan on phoml_trajectory_tmp s_2189  (cost=0.00..165745.68 rows=1 width=84) (actual time=0.039..0.610 rows=484 loops=1)
                           Filter: ((unix_time >= '1685451402.811'::double precision) AND (unix_time <= '1685451462.811'::double precision) AND st_dwithin(st_transform(the_geom, 25833), '0101000020E9640000A689358CB2DE23412D26A6369D0D5741'::geometry, '300'::double precision))
                           Rows Removed by Filter: 3176
   ->  Subquery Scan on "*SELECT* 2191"  (cost=165745.69..165745.70 rows=1 width=76) (actual time=0.695..0.696 rows=1 loops=1)
         ->  Limit  (cost=165745.69..165745.69 rows=1 width=84) (actual time=0.692..0.693 rows=1 loops=1)
               ->  Sort  (cost=165745.69..165745.69 rows=1 width=84) (actual time=0.690..0.691 rows=1 loops=1)
                     Sort Key: (st_distance(st_transform(s_2190.the_geom, 25833), '0101000020E9640000E1403DD4B6DE23411E7E61189C0D5741'::geometry))
                     Sort Method: top-N heapsort  Memory: 25kB
                     ->  Seq Scan on phoml_trajectory_tmp s_2190  (cost=0.00..165745.68 rows=1 width=84) (actual time=0.040..0.619 rows=484 loops=1)
                           Filter: ((unix_time >= '1685451403.146'::double precision) AND (unix_time <= '1685451463.146'::double precision) AND st_dwithin(st_transform(the_geom, 25833), '0101000020E9640000E1403DD4B6DE23411E7E61189C0D5741'::geometry, '300'::double precision))
                           Rows Removed by Filter: 3176
   ->  Subquery Scan on "*SELECT* 2192"  (cost=165745.69..165745.70 rows=1 width=76) (actual time=0.689..0.690 rows=1 loops=1)
         ->  Limit  (cost=165745.69..165745.69 rows=1 width=84) (actual time=0.685..0.686 rows=1 loops=1)
               ->  Sort  (cost=165745.69..165745.69 rows=1 width=84) (actual time=0.683..0.684 rows=1 loops=1)
                     Sort Key: (st_distance(st_transform(s_2191.the_geom, 25833), '0101000020E9640000393369F7BADE23414D5598F09A0D5741'::geometry))
                     Sort Method: top-N heapsort  Memory: 25kB
                     ->  Seq Scan on phoml_trajectory_tmp s_2191  (cost=0.00..165745.68 rows=1 width=84) (actual time=0.030..0.612 rows=484 loops=1)
                           Filter: ((unix_time >= '1685451403.484'::double precision) AND (unix_time <= '1685451463.484'::double precision) AND st_dwithin(st_transform(the_geom, 25833), '0101000020E9640000393369F7BADE23414D5598F09A0D5741'::geometry, '300'::double precision))
                           Rows Removed by Filter: 3176
   ->  Subquery Scan on "*SELECT* 2193"  (cost=165745.69..165745.70 rows=1 width=76) (actual time=0.718..0.719 rows=1 loops=1)
         ->  Limit  (cost=165745.69..165745.69 rows=1 width=84) (actual time=0.715..0.715 rows=1 loops=1)
               ->  Sort  (cost=165745.69..165745.69 rows=1 width=84) (actual time=0.713..0.713 rows=1 loops=1)
                     Sort Key: (st_distance(st_transform(s_2192.the_geom, 25833), '0101000020E9640000A5798B1CBFDE23410AB685D7990D5741'::geometry))
                     Sort Method: top-N heapsort  Memory: 25kB
                     ->  Seq Scan on phoml_trajectory_tmp s_2192  (cost=0.00..165745.68 rows=1 width=84) (actual time=0.033..0.631 rows=480 loops=1)
                           Filter: ((unix_time >= '1685451403.814'::double precision) AND (unix_time <= '1685451463.814'::double precision) AND st_dwithin(st_transform(the_geom, 25833), '0101000020E9640000A5798B1CBFDE23410AB685D7990D5741'::geometry, '300'::double precision))
                           Rows Removed by Filter: 3180
   ->  Subquery Scan on "*SELECT* 2194"  (cost=165745.69..165745.70 rows=1 width=76) (actual time=0.685..0.686 rows=1 loops=1)
         ->  Limit  (cost=165745.69..165745.69 rows=1 width=84) (actual time=0.683..0.683 rows=1 loops=1)
               ->  Sort  (cost=165745.69..165745.69 rows=1 width=84) (actual time=0.680..0.681 rows=1 loops=1)
                     Sort Key: (st_distance(st_transform(s_2193.the_geom, 25833), '0101000020E96400003278A672C3DE2341A272E4B0980D5741'::geometry))
                     Sort Method: top-N heapsort  Memory: 25kB
                     ->  Seq Scan on phoml_trajectory_tmp s_2193  (cost=0.00..165745.68 rows=1 width=84) (actual time=0.032..0.609 rows=484 loops=1)
                           Filter: ((unix_time >= '1685451404.154'::double precision) AND (unix_time <= '1685451464.154'::double precision) AND st_dwithin(st_transform(the_geom, 25833), '0101000020E96400003278A672C3DE2341A272E4B0980D5741'::geometry, '300'::double precision))
                           Rows Removed by Filter: 3176
   ->  Subquery Scan on "*SELECT* 2195"  (cost=165745.69..165745.70 rows=1 width=76) (actual time=0.689..0.690 rows=1 loops=1)
         ->  Limit  (cost=165745.69..165745.69 rows=1 width=84) (actual time=0.686..0.687 rows=1 loops=1)
               ->  Sort  (cost=165745.69..165745.69 rows=1 width=84) (actual time=0.684..0.685 rows=1 loops=1)
                     Sort Key: (st_distance(st_transform(s_2194.the_geom, 25833), '0101000020E9640000FE32EF91C7DE234113793C99970D5741'::geometry))
                     Sort Method: top-N heapsort  Memory: 25kB
                     ->  Seq Scan on phoml_trajectory_tmp s_2194  (cost=0.00..165745.68 rows=1 width=84) (actual time=0.030..0.616 rows=480 loops=1)
                           Filter: ((unix_time >= '1685451404.484'::double precision) AND (unix_time <= '1685451464.484'::double precision) AND st_dwithin(st_transform(the_geom, 25833), '0101000020E9640000FE32EF91C7DE234113793C99970D5741'::geometry, '300'::double precision))
                           Rows Removed by Filter: 3180
   ->  Subquery Scan on "*SELECT* 2196"  (cost=165745.69..165745.70 rows=1 width=76) (actual time=0.699..0.700 rows=1 loops=1)
         ->  Limit  (cost=165745.69..165745.69 rows=1 width=84) (actual time=0.694..0.695 rows=1 loops=1)
               ->  Sort  (cost=165745.69..165745.69 rows=1 width=84) (actual time=0.692..0.692 rows=1 loops=1)
                     Sort Key: (st_distance(st_transform(s_2195.the_geom, 25833), '0101000020E964000032246A1CCCDE2341AAC5C36C960D5741'::geometry))
                     Sort Method: top-N heapsort  Memory: 25kB
                     ->  Seq Scan on phoml_trajectory_tmp s_2195  (cost=0.00..165745.68 rows=1 width=84) (actual time=0.033..0.610 rows=484 loops=1)
                           Filter: ((unix_time >= '1685451404.834'::double precision) AND (unix_time <= '1685451464.834'::double precision) AND st_dwithin(st_transform(the_geom, 25833), '0101000020E964000032246A1CCCDE2341AAC5C36C960D5741'::geometry, '300'::double precision))
                           Rows Removed by Filter: 3176
   ->  Subquery Scan on "*SELECT* 2197"  (cost=165745.69..165745.70 rows=1 width=76) (actual time=0.680..0.681 rows=1 loops=1)
         ->  Limit  (cost=165745.69..165745.69 rows=1 width=84) (actual time=0.678..0.678 rows=1 loops=1)
               ->  Sort  (cost=165745.69..165745.69 rows=1 width=84) (actual time=0.675..0.676 rows=1 loops=1)
                     Sort Key: (st_distance(st_transform(s_2196.the_geom, 25833), '0101000020E964000076D01878D0DE2341765EF556950D5741'::geometry))
                     Sort Method: top-N heapsort  Memory: 25kB
                     ->  Seq Scan on phoml_trajectory_tmp s_2196  (cost=0.00..165745.68 rows=1 width=84) (actual time=0.031..0.606 rows=480 loops=1)
                           Filter: ((unix_time >= '1685451405.165'::double precision) AND (unix_time <= '1685451465.165'::double precision) AND st_dwithin(st_transform(the_geom, 25833), '0101000020E964000076D01878D0DE2341765EF556950D5741'::geometry, '300'::double precision))
                           Rows Removed by Filter: 3180
   ->  Subquery Scan on "*SELECT* 2198"  (cost=165745.69..165745.70 rows=1 width=76) (actual time=0.705..0.706 rows=1 loops=1)
         ->  Limit  (cost=165745.69..165745.69 rows=1 width=84) (actual time=0.700..0.701 rows=1 loops=1)
               ->  Sort  (cost=165745.69..165745.69 rows=1 width=84) (actual time=0.698..0.699 rows=1 loops=1)
                     Sort Key: (st_distance(st_transform(s_2197.the_geom, 25833), '0101000020E9640000168623FDD4DE234168694A33940D5741'::geometry))
                     Sort Method: top-N heapsort  Memory: 25kB
                     ->  Seq Scan on phoml_trajectory_tmp s_2197  (cost=0.00..165745.68 rows=1 width=84) (actual time=0.034..0.626 rows=484 loops=1)
                           Filter: ((unix_time >= '1685451405.505'::double precision) AND (unix_time <= '1685451465.505'::double precision) AND st_dwithin(st_transform(the_geom, 25833), '0101000020E9640000168623FDD4DE234168694A33940D5741'::geometry, '300'::double precision))
                           Rows Removed by Filter: 3176
   ->  Subquery Scan on "*SELECT* 2199"  (cost=165745.69..165745.70 rows=1 width=76) (actual time=0.758..0.759 rows=1 loops=1)
         ->  Limit  (cost=165745.69..165745.69 rows=1 width=84) (actual time=0.735..0.736 rows=1 loops=1)
               ->  Sort  (cost=165745.69..165745.69 rows=1 width=84) (actual time=0.732..0.733 rows=1 loops=1)
                     Sort Key: (st_distance(st_transform(s_2198.the_geom, 25833), '0101000020E96400003D87459DD9DE2341B59AAC18930D5741'::geometry))
                     Sort Method: top-N heapsort  Memory: 25kB
                     ->  Seq Scan on phoml_trajectory_tmp s_2198  (cost=0.00..165745.68 rows=1 width=84) (actual time=0.033..0.658 rows=480 loops=1)
                           Filter: ((unix_time >= '1685451405.845'::double precision) AND (unix_time <= '1685451465.845'::double precision) AND st_dwithin(st_transform(the_geom, 25833), '0101000020E96400003D87459DD9DE2341B59AAC18930D5741'::geometry, '300'::double precision))
                           Rows Removed by Filter: 3180
   ->  Subquery Scan on "*SELECT* 2200"  (cost=165745.69..165745.70 rows=1 width=76) (actual time=0.759..0.760 rows=1 loops=1)
         ->  Limit  (cost=165745.69..165745.69 rows=1 width=84) (actual time=0.752..0.753 rows=1 loops=1)
               ->  Sort  (cost=165745.69..165745.69 rows=1 width=84) (actual time=0.749..0.750 rows=1 loops=1)
                     Sort Key: (st_distance(st_transform(s_2199.the_geom, 25833), '0101000020E964000060734C10DEDE2341869A1AFB910D5741'::geometry))
                     Sort Method: top-N heapsort  Memory: 25kB
                     ->  Seq Scan on phoml_trajectory_tmp s_2199  (cost=0.00..165745.68 rows=1 width=84) (actual time=0.038..0.664 rows=480 loops=1)
                           Filter: ((unix_time >= '1685451406.193'::double precision) AND (unix_time <= '1685451466.193'::double precision) AND st_dwithin(st_transform(the_geom, 25833), '0101000020E964000060734C10DEDE2341869A1AFB910D5741'::geometry, '300'::double precision))
                           Rows Removed by Filter: 3180
   ->  Subquery Scan on "*SELECT* 2201"  (cost=165745.69..165745.70 rows=1 width=76) (actual time=0.746..0.748 rows=1 loops=1)
         ->  Limit  (cost=165745.69..165745.69 rows=1 width=84) (actual time=0.739..0.740 rows=1 loops=1)
               ->  Sort  (cost=165745.69..165745.69 rows=1 width=84) (actual time=0.736..0.736 rows=1 loops=1)
                     Sort Key: (st_distance(st_transform(s_2200.the_geom, 25833), '0101000020E96400003FDE8203E2DE23417CB3BDD3900D5741'::geometry))
                     Sort Method: top-N heapsort  Memory: 25kB
                     ->  Seq Scan on phoml_trajectory_tmp s_2200  (cost=0.00..165745.68 rows=1 width=84) (actual time=0.037..0.657 rows=484 loops=1)
                           Filter: ((unix_time >= '1685451406.523'::double precision) AND (unix_time <= '1685451466.523'::double precision) AND st_dwithin(st_transform(the_geom, 25833), '0101000020E96400003FDE8203E2DE23417CB3BDD3900D5741'::geometry, '300'::double precision))
                           Rows Removed by Filter: 3176
   ->  Subquery Scan on "*SELECT* 2202"  (cost=165745.69..165745.70 rows=1 width=76) (actual time=0.768..0.770 rows=1 loops=1)
         ->  Limit  (cost=165745.69..165745.69 rows=1 width=84) (actual time=0.765..0.766 rows=1 loops=1)
               ->  Sort  (cost=165745.69..165745.69 rows=1 width=84) (actual time=0.762..0.763 rows=1 loops=1)
                     Sort Key: (st_distance(st_transform(s_2201.the_geom, 25833), '0101000020E9640000D0412DA6E5DE2341B85A56B48F0D5741'::geometry))
                     Sort Method: top-N heapsort  Memory: 25kB
                     ->  Seq Scan on phoml_trajectory_tmp s_2201  (cost=0.00..165745.68 rows=1 width=84) (actual time=0.086..0.684 rows=480 loops=1)
                           Filter: ((unix_time >= '1685451406.853'::double precision) AND (unix_time <= '1685451466.853'::double precision) AND st_dwithin(st_transform(the_geom, 25833), '0101000020E9640000D0412DA6E5DE2341B85A56B48F0D5741'::geometry, '300'::double precision))
                           Rows Removed by Filter: 3180
   ->  Subquery Scan on "*SELECT* 2203"  (cost=165745.69..165745.70 rows=1 width=76) (actual time=0.744..0.746 rows=1 loops=1)
         ->  Limit  (cost=165745.69..165745.69 rows=1 width=84) (actual time=0.740..0.740 rows=1 loops=1)
               ->  Sort  (cost=165745.69..165745.69 rows=1 width=84) (actual time=0.737..0.737 rows=1 loops=1)
                     Sort Key: (st_distance(st_transform(s_2202.the_geom, 25833), '0101000020E96400007947D6D1E9DE234172B6187B8E0D5741'::geometry))
                     Sort Method: top-N heapsort  Memory: 25kB
                     ->  Seq Scan on phoml_trajectory_tmp s_2202  (cost=0.00..165745.68 rows=1 width=84) (actual time=0.038..0.662 rows=484 loops=1)
                           Filter: ((unix_time >= '1685451407.21'::double precision) AND (unix_time <= '1685451467.21'::double precision) AND st_dwithin(st_transform(the_geom, 25833), '0101000020E96400007947D6D1E9DE234172B6187B8E0D5741'::geometry, '300'::double precision))
                           Rows Removed by Filter: 3176
   ->  Subquery Scan on "*SELECT* 2204"  (cost=165745.69..165745.70 rows=1 width=76) (actual time=0.732..0.733 rows=1 loops=1)
         ->  Limit  (cost=165745.69..165745.69 rows=1 width=84) (actual time=0.727..0.727 rows=1 loops=1)
               ->  Sort  (cost=165745.69..165745.69 rows=1 width=84) (actual time=0.724..0.725 rows=1 loops=1)
                     Sort Key: (st_distance(st_transform(s_2203.the_geom, 25833), '0101000020E9640000830868E1EDDE23416849A4608D0D5741'::geometry))
                     Sort Method: top-N heapsort  Memory: 25kB
                     ->  Seq Scan on phoml_trajectory_tmp s_2203  (cost=0.00..165745.68 rows=1 width=84) (actual time=0.032..0.650 rows=480 loops=1)
                           Filter: ((unix_time >= '1685451407.54'::double precision) AND (unix_time <= '1685451467.54'::double precision) AND st_dwithin(st_transform(the_geom, 25833), '0101000020E9640000830868E1EDDE23416849A4608D0D5741'::geometry, '300'::double precision))
                           Rows Removed by Filter: 3180
   ->  Subquery Scan on "*SELECT* 2205"  (cost=165745.69..165745.70 rows=1 width=76) (actual time=0.722..0.723 rows=1 loops=1)
         ->  Limit  (cost=165745.69..165745.69 rows=1 width=84) (actual time=0.716..0.716 rows=1 loops=1)
               ->  Sort  (cost=165745.69..165745.69 rows=1 width=84) (actual time=0.713..0.714 rows=1 loops=1)
                     Sort Key: (st_distance(st_transform(s_2204.the_geom, 25833), '0101000020E9640000532FB0F1F1DE234199B8DE408C0D5741'::geometry))
                     Sort Method: top-N heapsort  Memory: 25kB
                     ->  Seq Scan on phoml_trajectory_tmp s_2204  (cost=0.00..165745.68 rows=1 width=84) (actual time=0.034..0.640 rows=480 loops=1)
                           Filter: ((unix_time >= '1685451407.87'::double precision) AND (unix_time <= '1685451467.87'::double precision) AND st_dwithin(st_transform(the_geom, 25833), '0101000020E9640000532FB0F1F1DE234199B8DE408C0D5741'::geometry, '300'::double precision))
                           Rows Removed by Filter: 3180
   ->  Subquery Scan on "*SELECT* 2206"  (cost=165745.69..165745.70 rows=1 width=76) (actual time=0.713..0.714 rows=1 loops=1)
         ->  Limit  (cost=165745.69..165745.69 rows=1 width=84) (actual time=0.710..0.710 rows=1 loops=1)
               ->  Sort  (cost=165745.69..165745.69 rows=1 width=84) (actual time=0.707..0.708 rows=1 loops=1)
                     Sort Key: (st_distance(st_transform(s_2205.the_geom, 25833), '0101000020E964000019C65F53F6DE2341D8FFFE1A8B0D5741'::geometry))
                     Sort Method: top-N heapsort  Memory: 25kB
                     ->  Seq Scan on phoml_trajectory_tmp s_2205  (cost=0.00..165745.68 rows=1 width=84) (actual time=0.037..0.633 rows=480 loops=1)
                           Filter: ((unix_time >= '1685451408.221'::double precision) AND (unix_time <= '1685451468.221'::double precision) AND st_dwithin(st_transform(the_geom, 25833), '0101000020E964000019C65F53F6DE2341D8FFFE1A8B0D5741'::geometry, '300'::double precision))
                           Rows Removed by Filter: 3180
   ->  Subquery Scan on "*SELECT* 2207"  (cost=165745.69..165745.70 rows=1 width=76) (actual time=0.710..0.711 rows=1 loops=1)
         ->  Limit  (cost=165745.69..165745.69 rows=1 width=84) (actual time=0.705..0.706 rows=1 loops=1)
               ->  Sort  (cost=165745.69..165745.69 rows=1 width=84) (actual time=0.704..0.704 rows=1 loops=1)
                     Sort Key: (st_distance(st_transform(s_2206.the_geom, 25833), '0101000020E9640000BF27D3B1FADE2341954BCDF6890D5741'::geometry))
                     Sort Method: top-N heapsort  Memory: 25kB
                     ->  Seq Scan on phoml_trajectory_tmp s_2206  (cost=0.00..165745.68 rows=1 width=84) (actual time=0.034..0.631 rows=480 loops=1)
                           Filter: ((unix_time >= '1685451408.561'::double precision) AND (unix_time <= '1685451468.561'::double precision) AND st_dwithin(st_transform(the_geom, 25833), '0101000020E9640000BF27D3B1FADE2341954BCDF6890D5741'::geometry, '300'::double precision))
                           Rows Removed by Filter: 3180
   ->  Subquery Scan on "*SELECT* 2208"  (cost=165745.69..165745.70 rows=1 width=76) (actual time=0.712..0.713 rows=1 loops=1)
         ->  Limit  (cost=165745.69..165745.69 rows=1 width=84) (actual time=0.707..0.709 rows=1 loops=1)
               ->  Sort  (cost=165745.69..165745.69 rows=1 width=84) (actual time=0.704..0.705 rows=1 loops=1)
                     Sort Key: (st_distance(st_transform(s_2207.the_geom, 25833), '0101000020E9640000ED0D150DFFDE23414043BFD7880D5741'::geometry))
                     Sort Method: top-N heapsort  Memory: 25kB
                     ->  Seq Scan on phoml_trajectory_tmp s_2207  (cost=0.00..165745.68 rows=1 width=84) (actual time=0.032..0.631 rows=480 loops=1)
                           Filter: ((unix_time >= '1685451408.901'::double precision) AND (unix_time <= '1685451468.901'::double precision) AND st_dwithin(st_transform(the_geom, 25833), '0101000020E9640000ED0D150DFFDE23414043BFD7880D5741'::geometry, '300'::double precision))
                           Rows Removed by Filter: 3180
   ->  Subquery Scan on "*SELECT* 2209"  (cost=165745.69..165745.70 rows=1 width=76) (actual time=0.706..0.708 rows=1 loops=1)
         ->  Limit  (cost=165745.69..165745.69 rows=1 width=84) (actual time=0.704..0.705 rows=1 loops=1)
               ->  Sort  (cost=165745.69..165745.69 rows=1 width=84) (actual time=0.702..0.702 rows=1 loops=1)
                     Sort Key: (st_distance(st_transform(s_2208.the_geom, 25833), '0101000020E96400006011D85403DF2341220087B9870D5741'::geometry))
                     Sort Method: top-N heapsort  Memory: 25kB
                     ->  Seq Scan on phoml_trajectory_tmp s_2208  (cost=0.00..165745.68 rows=1 width=84) (actual time=0.034..0.627 rows=480 loops=1)
                           Filter: ((unix_time >= '1685451409.234'::double precision) AND (unix_time <= '1685451469.234'::double precision) AND st_dwithin(st_transform(the_geom, 25833), '0101000020E96400006011D85403DF2341220087B9870D5741'::geometry, '300'::double precision))
                           Rows Removed by Filter: 3180
   ->  Subquery Scan on "*SELECT* 2210"  (cost=165745.69..165745.70 rows=1 width=76) (actual time=0.716..0.718 rows=1 loops=1)
         ->  Limit  (cost=165745.69..165745.69 rows=1 width=84) (actual time=0.713..0.713 rows=1 loops=1)
               ->  Sort  (cost=165745.69..165745.69 rows=1 width=84) (actual time=0.711..0.711 rows=1 loops=1)
                     Sort Key: (st_distance(st_transform(s_2209.the_geom, 25833), '0101000020E9640000263DFF6707DF23418F7223A1860D5741'::geometry))
                     Sort Method: top-N heapsort  Memory: 25kB
                     ->  Seq Scan on phoml_trajectory_tmp s_2209  (cost=0.00..165745.68 rows=1 width=84) (actual time=0.034..0.637 rows=480 loops=1)
                           Filter: ((unix_time >= '1685451409.564'::double precision) AND (unix_time <= '1685451469.564'::double precision) AND st_dwithin(st_transform(the_geom, 25833), '0101000020E9640000263DFF6707DF23418F7223A1860D5741'::geometry, '300'::double precision))
                           Rows Removed by Filter: 3180
   ->  Subquery Scan on "*SELECT* 2211"  (cost=165745.69..165745.70 rows=1 width=76) (actual time=0.716..0.717 rows=1 loops=1)
         ->  Limit  (cost=165745.69..165745.69 rows=1 width=84) (actual time=0.712..0.712 rows=1 loops=1)
               ->  Sort  (cost=165745.69..165745.69 rows=1 width=84) (actual time=0.710..0.710 rows=1 loops=1)
                     Sort Key: (st_distance(st_transform(s_2210.the_geom, 25833), '0101000020E9640000D33D6CDF0BDF234166A0CF7A850D5741'::geometry))
                     Sort Method: top-N heapsort  Memory: 25kB
                     ->  Seq Scan on phoml_trajectory_tmp s_2210  (cost=0.00..165745.68 rows=1 width=84) (actual time=0.034..0.634 rows=480 loops=1)
                           Filter: ((unix_time >= '1685451409.914'::double precision) AND (unix_time <= '1685451469.914'::double precision) AND st_dwithin(st_transform(the_geom, 25833), '0101000020E9640000D33D6CDF0BDF234166A0CF7A850D5741'::geometry, '300'::double precision))
                           Rows Removed by Filter: 3180
   ->  Subquery Scan on "*SELECT* 2212"  (cost=165745.69..165745.70 rows=1 width=76) (actual time=0.717..0.718 rows=1 loops=1)
         ->  Limit  (cost=165745.69..165745.69 rows=1 width=84) (actual time=0.713..0.714 rows=1 loops=1)
               ->  Sort  (cost=165745.69..165745.69 rows=1 width=84) (actual time=0.711..0.711 rows=1 loops=1)
                     Sort Key: (st_distance(st_transform(s_2211.the_geom, 25833), '0101000020E9640000384684F60FDF234150234F52840D5741'::geometry))
                     Sort Method: top-N heapsort  Memory: 25kB
                     ->  Seq Scan on phoml_trajectory_tmp s_2211  (cost=0.00..165745.68 rows=1 width=84) (actual time=0.033..0.637 rows=480 loops=1)
                           Filter: ((unix_time >= '1685451410.258'::double precision) AND (unix_time <= '1685451470.258'::double precision) AND st_dwithin(st_transform(the_geom, 25833), '0101000020E9640000384684F60FDF234150234F52840D5741'::geometry, '300'::double precision))
                           Rows Removed by Filter: 3180
   ->  Subquery Scan on "*SELECT* 2213"  (cost=165745.69..165745.70 rows=1 width=76) (actual time=0.712..0.713 rows=1 loops=1)
         ->  Limit  (cost=165745.69..165745.69 rows=1 width=84) (actual time=0.710..0.710 rows=1 loops=1)
               ->  Sort  (cost=165745.69..165745.69 rows=1 width=84) (actual time=0.707..0.707 rows=1 loops=1)
                     Sort Key: (st_distance(st_transform(s_2212.the_geom, 25833), '0101000020E9640000E9426E4514DF23414CD2212B830D5741'::geometry))
                     Sort Method: top-N heapsort  Memory: 25kB
                     ->  Seq Scan on phoml_trajectory_tmp s_2212  (cost=0.00..165745.68 rows=1 width=84) (actual time=0.037..0.632 rows=480 loops=1)
                           Filter: ((unix_time >= '1685451410.598'::double precision) AND (unix_time <= '1685451470.598'::double precision) AND st_dwithin(st_transform(the_geom, 25833), '0101000020E9640000E9426E4514DF23414CD2212B830D5741'::geometry, '300'::double precision))
                           Rows Removed by Filter: 3180
   ->  Subquery Scan on "*SELECT* 2214"  (cost=165745.69..165745.70 rows=1 width=76) (actual time=0.726..0.728 rows=1 loops=1)
         ->  Limit  (cost=165745.69..165745.69 rows=1 width=84) (actual time=0.721..0.722 rows=1 loops=1)
               ->  Sort  (cost=165745.69..165745.69 rows=1 width=84) (actual time=0.720..0.720 rows=1 loops=1)
                     Sort Key: (st_distance(st_transform(s_2213.the_geom, 25833), '0101000020E9640000C6ABBB5918DF2341EADDDA09820D5741'::geometry))
                     Sort Method: top-N heapsort  Memory: 25kB
                     ->  Seq Scan on phoml_trajectory_tmp s_2213  (cost=0.00..165745.68 rows=1 width=84) (actual time=0.039..0.647 rows=480 loops=1)
                           Filter: ((unix_time >= '1685451410.938'::double precision) AND (unix_time <= '1685451470.938'::double precision) AND st_dwithin(st_transform(the_geom, 25833), '0101000020E9640000C6ABBB5918DF2341EADDDA09820D5741'::geometry, '300'::double precision))
                           Rows Removed by Filter: 3180
   ->  Subquery Scan on "*SELECT* 2215"  (cost=165745.69..165745.70 rows=1 width=76) (actual time=0.775..0.776 rows=1 loops=1)
         ->  Limit  (cost=165745.69..165745.69 rows=1 width=84) (actual time=0.767..0.768 rows=1 loops=1)
               ->  Sort  (cost=165745.69..165745.69 rows=1 width=84) (actual time=0.765..0.765 rows=1 loops=1)
                     Sort Key: (st_distance(st_transform(s_2214.the_geom, 25833), '0101000020E9640000F161C1721CDF2341D395C5E8800D5741'::geometry))
                     Sort Method: top-N heapsort  Memory: 25kB
                     ->  Seq Scan on phoml_trajectory_tmp s_2214  (cost=0.00..165745.68 rows=1 width=84) (actual time=0.034..0.690 rows=480 loops=1)
                           Filter: ((unix_time >= '1685451411.274'::double precision) AND (unix_time <= '1685451471.274'::double precision) AND st_dwithin(st_transform(the_geom, 25833), '0101000020E9640000F161C1721CDF2341D395C5E8800D5741'::geometry, '300'::double precision))
                           Rows Removed by Filter: 3180
   ->  Subquery Scan on "*SELECT* 2216"  (cost=165745.69..165745.70 rows=1 width=76) (actual time=0.761..0.762 rows=1 loops=1)
         ->  Limit  (cost=165745.69..165745.69 rows=1 width=84) (actual time=0.757..0.757 rows=1 loops=1)
               ->  Sort  (cost=165745.69..165745.69 rows=1 width=84) (actual time=0.754..0.755 rows=1 loops=1)
                     Sort Key: (st_distance(st_transform(s_2215.the_geom, 25833), '0101000020E964000000051E9320DF2341C5E01AC87F0D5741'::geometry))
                     Sort Method: top-N heapsort  Memory: 25kB
                     ->  Seq Scan on phoml_trajectory_tmp s_2215  (cost=0.00..165745.68 rows=1 width=84) (actual time=0.045..0.678 rows=480 loops=1)
                           Filter: ((unix_time >= '1685451411.614'::double precision) AND (unix_time <= '1685451471.614'::double precision) AND st_dwithin(st_transform(the_geom, 25833), '0101000020E964000000051E9320DF2341C5E01AC87F0D5741'::geometry, '300'::double precision))
                           Rows Removed by Filter: 3180
   ->  Subquery Scan on "*SELECT* 2217"  (cost=165745.69..165745.70 rows=1 width=76) (actual time=0.715..0.717 rows=1 loops=1)
         ->  Limit  (cost=165745.69..165745.69 rows=1 width=84) (actual time=0.713..0.714 rows=1 loops=1)
               ->  Sort  (cost=165745.69..165745.69 rows=1 width=84) (actual time=0.711..0.711 rows=1 loops=1)
                     Sort Key: (st_distance(st_transform(s_2216.the_geom, 25833), '0101000020E96400006EBA268E24DF2341D0E806A57E0D5741'::geometry))
                     Sort Method: top-N heapsort  Memory: 25kB
                     ->  Seq Scan on phoml_trajectory_tmp s_2216  (cost=0.00..165745.68 rows=1 width=84) (actual time=0.036..0.636 rows=480 loops=1)
                           Filter: ((unix_time >= '1685451411.954'::double precision) AND (unix_time <= '1685451471.954'::double precision) AND st_dwithin(st_transform(the_geom, 25833), '0101000020E96400006EBA268E24DF2341D0E806A57E0D5741'::geometry, '300'::double precision))
                           Rows Removed by Filter: 3180
   ->  Subquery Scan on "*SELECT* 2218"  (cost=165745.69..165745.70 rows=1 width=76) (actual time=0.717..0.719 rows=1 loops=1)
         ->  Limit  (cost=165745.69..165745.69 rows=1 width=84) (actual time=0.712..0.713 rows=1 loops=1)
               ->  Sort  (cost=165745.69..165745.69 rows=1 width=84) (actual time=0.710..0.710 rows=1 loops=1)
                     Sort Key: (st_distance(st_transform(s_2217.the_geom, 25833), '0101000020E9640000D011F7A228DF2341FA7D7C7C7D0D5741'::geometry))
                     Sort Method: top-N heapsort  Memory: 25kB
                     ->  Seq Scan on phoml_trajectory_tmp s_2217  (cost=0.00..165745.68 rows=1 width=84) (actual time=0.034..0.638 rows=480 loops=1)
                           Filter: ((unix_time >= '1685451412.297'::double precision) AND (unix_time <= '1685451472.297'::double precision) AND st_dwithin(st_transform(the_geom, 25833), '0101000020E9640000D011F7A228DF2341FA7D7C7C7D0D5741'::geometry, '300'::double precision))
                           Rows Removed by Filter: 3180
   ->  Subquery Scan on "*SELECT* 2219"  (cost=165745.69..165745.70 rows=1 width=76) (actual time=0.720..0.721 rows=1 loops=1)
         ->  Limit  (cost=165745.69..165745.69 rows=1 width=84) (actual time=0.716..0.716 rows=1 loops=1)
               ->  Sort  (cost=165745.69..165745.69 rows=1 width=84) (actual time=0.714..0.714 rows=1 loops=1)
                     Sort Key: (st_distance(st_transform(s_2218.the_geom, 25833), '0101000020E9640000914BB18C2CDF234167AA8B5A7C0D5741'::geometry))
                     Sort Method: top-N heapsort  Memory: 25kB
                     ->  Seq Scan on phoml_trajectory_tmp s_2218  (cost=0.00..165745.68 rows=1 width=84) (actual time=0.034..0.640 rows=480 loops=1)
                           Filter: ((unix_time >= '1685451412.627'::double precision) AND (unix_time <= '1685451472.627'::double precision) AND st_dwithin(st_transform(the_geom, 25833), '0101000020E9640000914BB18C2CDF234167AA8B5A7C0D5741'::geometry, '300'::double precision))
                           Rows Removed by Filter: 3180
   ->  Subquery Scan on "*SELECT* 2220"  (cost=165745.69..165745.70 rows=1 width=76) (actual time=0.723..0.724 rows=1 loops=1)
         ->  Limit  (cost=165745.69..165745.69 rows=1 width=84) (actual time=0.718..0.719 rows=1 loops=1)
               ->  Sort  (cost=165745.69..165745.69 rows=1 width=84) (actual time=0.716..0.717 rows=1 loops=1)
                     Sort Key: (st_distance(st_transform(s_2219.the_geom, 25833), '0101000020E96400001361E56A30DF23413F41AD2E7B0D5741'::geometry))
                     Sort Method: top-N heapsort  Memory: 25kB
                     ->  Seq Scan on phoml_trajectory_tmp s_2219  (cost=0.00..165745.68 rows=1 width=84) (actual time=0.033..0.642 rows=480 loops=1)
                           Filter: ((unix_time >= '1685451412.977'::double precision) AND (unix_time <= '1685451472.977'::double precision) AND st_dwithin(st_transform(the_geom, 25833), '0101000020E96400001361E56A30DF23413F41AD2E7B0D5741'::geometry, '300'::double precision))
                           Rows Removed by Filter: 3180
   ->  Subquery Scan on "*SELECT* 2221"  (cost=165745.69..165745.70 rows=1 width=76) (actual time=0.725..0.726 rows=1 loops=1)
         ->  Limit  (cost=165745.69..165745.69 rows=1 width=84) (actual time=0.721..0.722 rows=1 loops=1)
               ->  Sort  (cost=165745.69..165745.69 rows=1 width=84) (actual time=0.718..0.719 rows=1 loops=1)
                     Sort Key: (st_distance(st_transform(s_2220.the_geom, 25833), '0101000020E9640000A7C8622A34DF2341D8F53B0A7A0D5741'::geometry))
                     Sort Method: top-N heapsort  Memory: 25kB
                     ->  Seq Scan on phoml_trajectory_tmp s_2220  (cost=0.00..165745.68 rows=1 width=84) (actual time=0.037..0.644 rows=480 loops=1)
                           Filter: ((unix_time >= '1685451413.322'::double precision) AND (unix_time <= '1685451473.322'::double precision) AND st_dwithin(st_transform(the_geom, 25833), '0101000020E9640000A7C8622A34DF2341D8F53B0A7A0D5741'::geometry, '300'::double precision))
                           Rows Removed by Filter: 3180
   ->  Subquery Scan on "*SELECT* 2222"  (cost=165745.69..165745.70 rows=1 width=76) (actual time=0.721..0.722 rows=1 loops=1)
         ->  Limit  (cost=165745.69..165745.69 rows=1 width=84) (actual time=0.717..0.718 rows=1 loops=1)
               ->  Sort  (cost=165745.69..165745.69 rows=1 width=84) (actual time=0.714..0.715 rows=1 loops=1)
                     Sort Key: (st_distance(st_transform(s_2221.the_geom, 25833), '0101000020E96400002C3839B337DF2341601296DB780D5741'::geometry))
                     Sort Method: top-N heapsort  Memory: 25kB
                     ->  Seq Scan on phoml_trajectory_tmp s_2221  (cost=0.00..165745.68 rows=1 width=84) (actual time=0.037..0.642 rows=480 loops=1)
                           Filter: ((unix_time >= '1685451413.672'::double precision) AND (unix_time <= '1685451473.672'::double precision) AND st_dwithin(st_transform(the_geom, 25833), '0101000020E96400002C3839B337DF2341601296DB780D5741'::geometry, '300'::double precision))
                           Rows Removed by Filter: 3180
   ->  Subquery Scan on "*SELECT* 2223"  (cost=165745.69..165745.70 rows=1 width=76) (actual time=0.721..0.722 rows=1 loops=1)
         ->  Limit  (cost=165745.69..165745.69 rows=1 width=84) (actual time=0.717..0.718 rows=1 loops=1)
               ->  Sort  (cost=165745.69..165745.69 rows=1 width=84) (actual time=0.715..0.715 rows=1 loops=1)
                     Sort Key: (st_distance(st_transform(s_2222.the_geom, 25833), '0101000020E96400001459722C3BDF234163C7FAAD770D5741'::geometry))
                     Sort Method: top-N heapsort  Memory: 25kB
                     ->  Seq Scan on phoml_trajectory_tmp s_2222  (cost=0.00..165745.68 rows=1 width=84) (actual time=0.037..0.640 rows=480 loops=1)
                           Filter: ((unix_time >= '1685451414.032'::double precision) AND (unix_time <= '1685451474.032'::double precision) AND st_dwithin(st_transform(the_geom, 25833), '0101000020E96400001459722C3BDF234163C7FAAD770D5741'::geometry, '300'::double precision))
                           Rows Removed by Filter: 3180
   ->  Subquery Scan on "*SELECT* 2224"  (cost=165745.69..165745.70 rows=1 width=76) (actual time=0.725..0.726 rows=1 loops=1)
         ->  Limit  (cost=165745.69..165745.69 rows=1 width=84) (actual time=0.721..0.722 rows=1 loops=1)
               ->  Sort  (cost=165745.69..165745.69 rows=1 width=84) (actual time=0.718..0.719 rows=1 loops=1)
                     Sort Key: (st_distance(st_transform(s_2223.the_geom, 25833), '0101000020E96400000BF753703EDF234196415F76760D5741'::geometry))
                     Sort Method: top-N heapsort  Memory: 25kB
                     ->  Seq Scan on phoml_trajectory_tmp s_2223  (cost=0.00..165745.68 rows=1 width=84) (actual time=0.033..0.644 rows=480 loops=1)
                           Filter: ((unix_time >= '1685451414.396'::double precision) AND (unix_time <= '1685451474.396'::double precision) AND st_dwithin(st_transform(the_geom, 25833), '0101000020E96400000BF753703EDF234196415F76760D5741'::geometry, '300'::double precision))
                           Rows Removed by Filter: 3180
   ->  Subquery Scan on "*SELECT* 2225"  (cost=165745.69..165745.70 rows=1 width=76) (actual time=0.706..0.706 rows=1 loops=1)
         ->  Limit  (cost=165745.69..165745.69 rows=1 width=84) (actual time=0.703..0.703 rows=1 loops=1)
               ->  Sort  (cost=165745.69..165745.69 rows=1 width=84) (actual time=0.701..0.701 rows=1 loops=1)
                     Sort Key: (st_distance(st_transform(s_2224.the_geom, 25833), '0101000020E96400001D318F8741DF2341527A994C750D5741'::geometry))
                     Sort Method: top-N heapsort  Memory: 25kB
                     ->  Seq Scan on phoml_trajectory_tmp s_2224  (cost=0.00..165745.68 rows=1 width=84) (actual time=0.035..0.628 rows=480 loops=1)
                           Filter: ((unix_time >= '1685451414.756'::double precision) AND (unix_time <= '1685451474.756'::double precision) AND st_dwithin(st_transform(the_geom, 25833), '0101000020E96400001D318F8741DF2341527A994C750D5741'::geometry, '300'::double precision))
                           Rows Removed by Filter: 3180
   ->  Subquery Scan on "*SELECT* 2226"  (cost=165745.69..165745.70 rows=1 width=76) (actual time=0.713..0.714 rows=1 loops=1)
         ->  Limit  (cost=165745.69..165745.69 rows=1 width=84) (actual time=0.709..0.710 rows=1 loops=1)
               ->  Sort  (cost=165745.69..165745.69 rows=1 width=84) (actual time=0.707..0.707 rows=1 loops=1)
                     Sort Key: (st_distance(st_transform(s_2225.the_geom, 25833), '0101000020E9640000E20DBD5344DF234149647512740D5741'::geometry))
                     Sort Method: top-N heapsort  Memory: 25kB
                     ->  Seq Scan on phoml_trajectory_tmp s_2225  (cost=0.00..165745.68 rows=1 width=84) (actual time=0.037..0.635 rows=480 loops=1)
                           Filter: ((unix_time >= '1685451415.133'::double precision) AND (unix_time <= '1685451475.133'::double precision) AND st_dwithin(st_transform(the_geom, 25833), '0101000020E9640000E20DBD5344DF234149647512740D5741'::geometry, '300'::double precision))
                           Rows Removed by Filter: 3180
   ->  Subquery Scan on "*SELECT* 2227"  (cost=165745.69..165745.70 rows=1 width=76) (actual time=0.712..0.714 rows=1 loops=1)
         ->  Limit  (cost=165745.69..165745.69 rows=1 width=84) (actual time=0.709..0.710 rows=1 loops=1)
               ->  Sort  (cost=165745.69..165745.69 rows=1 width=84) (actual time=0.707..0.707 rows=1 loops=1)
                     Sort Key: (st_distance(st_transform(s_2226.the_geom, 25833), '0101000020E9640000CEFE78CC46DF234112CB33D6720D5741'::geometry))
                     Sort Method: top-N heapsort  Memory: 25kB
                     ->  Seq Scan on phoml_trajectory_tmp s_2226  (cost=0.00..165745.68 rows=1 width=84) (actual time=0.034..0.635 rows=480 loops=1)
                           Filter: ((unix_time >= '1685451415.51'::double precision) AND (unix_time <= '1685451475.51'::double precision) AND st_dwithin(st_transform(the_geom, 25833), '0101000020E9640000CEFE78CC46DF234112CB33D6720D5741'::geometry, '300'::double precision))
                           Rows Removed by Filter: 3180
   ->  Subquery Scan on "*SELECT* 2228"  (cost=165745.69..165745.70 rows=1 width=76) (actual time=0.726..0.727 rows=1 loops=1)
         ->  Limit  (cost=165745.69..165745.69 rows=1 width=84) (actual time=0.721..0.722 rows=1 loops=1)
               ->  Sort  (cost=165745.69..165745.69 rows=1 width=84) (actual time=0.719..0.720 rows=1 loops=1)
                     Sort Key: (st_distance(st_transform(s_2227.the_geom, 25833), '0101000020E96400004CC3FA2649DF2341CB8B9EA1710D5741'::geometry))
                     Sort Method: top-N heapsort  Memory: 25kB
                     ->  Seq Scan on phoml_trajectory_tmp s_2227  (cost=0.00..165745.68 rows=1 width=84) (actual time=0.035..0.646 rows=480 loops=1)
                           Filter: ((unix_time >= '1685451415.88'::double precision) AND (unix_time <= '1685451475.88'::double precision) AND st_dwithin(st_transform(the_geom, 25833), '0101000020E96400004CC3FA2649DF2341CB8B9EA1710D5741'::geometry, '300'::double precision))
                           Rows Removed by Filter: 3180
   ->  Subquery Scan on "*SELECT* 2229"  (cost=165745.69..165745.70 rows=1 width=76) (actual time=0.707..0.708 rows=1 loops=1)
         ->  Limit  (cost=165745.69..165745.69 rows=1 width=84) (actual time=0.704..0.705 rows=1 loops=1)
               ->  Sort  (cost=165745.69..165745.69 rows=1 width=84) (actual time=0.701..0.701 rows=1 loops=1)
                     Sort Key: (st_distance(st_transform(s_2228.the_geom, 25833), '0101000020E9640000D481E0194BDF2341E689665C700D5741'::geometry))
                     Sort Method: top-N heapsort  Memory: 25kB
                     ->  Seq Scan on phoml_trajectory_tmp s_2228  (cost=0.00..165745.68 rows=1 width=84) (actual time=0.036..0.629 rows=480 loops=1)
                           Filter: ((unix_time >= '1685451416.273'::double precision) AND (unix_time <= '1685451476.273'::double precision) AND st_dwithin(st_transform(the_geom, 25833), '0101000020E9640000D481E0194BDF2341E689665C700D5741'::geometry, '300'::double precision))
                           Rows Removed by Filter: 3180
   ->  Subquery Scan on "*SELECT* 2230"  (cost=165745.69..165745.70 rows=1 width=76) (actual time=0.725..0.726 rows=1 loops=1)
         ->  Limit  (cost=165745.69..165745.69 rows=1 width=84) (actual time=0.722..0.722 rows=1 loops=1)
               ->  Sort  (cost=165745.69..165745.69 rows=1 width=84) (actual time=0.719..0.720 rows=1 loops=1)
                     Sort Key: (st_distance(st_transform(s_2229.the_geom, 25833), '0101000020E964000032776B004DDF23416EDBAA1F6F0D5741'::geometry))
                     Sort Method: top-N heapsort  Memory: 25kB
                     ->  Seq Scan on phoml_trajectory_tmp s_2229  (cost=0.00..165745.68 rows=1 width=84) (actual time=0.037..0.647 rows=480 loops=1)
                           Filter: ((unix_time >= '1685451416.663'::double precision) AND (unix_time <= '1685451476.663'::double precision) AND st_dwithin(st_transform(the_geom, 25833), '0101000020E964000032776B004DDF23416EDBAA1F6F0D5741'::geometry, '300'::double precision))
                           Rows Removed by Filter: 3180
   ->  Subquery Scan on "*SELECT* 2231"  (cost=165745.69..165745.70 rows=1 width=76) (actual time=0.724..0.725 rows=1 loops=1)
         ->  Limit  (cost=165745.69..165745.69 rows=1 width=84) (actual time=0.720..0.721 rows=1 loops=1)
               ->  Sort  (cost=165745.69..165745.69 rows=1 width=84) (actual time=0.718..0.718 rows=1 loops=1)
                     Sort Key: (st_distance(st_transform(s_2230.the_geom, 25833), '0101000020E96400000A6096854EDF234147AA5CE36D0D5741'::geometry))
                     Sort Method: top-N heapsort  Memory: 25kB
                     ->  Seq Scan on phoml_trajectory_tmp s_2230  (cost=0.00..165745.68 rows=1 width=84) (actual time=0.035..0.645 rows=480 loops=1)
                           Filter: ((unix_time >= '1685451417.053'::double precision) AND (unix_time <= '1685451477.053'::double precision) AND st_dwithin(st_transform(the_geom, 25833), '0101000020E96400000A6096854EDF234147AA5CE36D0D5741'::geometry, '300'::double precision))
                           Rows Removed by Filter: 3180
   ->  Subquery Scan on "*SELECT* 2232"  (cost=165745.69..165745.70 rows=1 width=76) (actual time=0.717..0.718 rows=1 loops=1)
         ->  Limit  (cost=165745.69..165745.69 rows=1 width=84) (actual time=0.715..0.715 rows=1 loops=1)
               ->  Sort  (cost=165745.69..165745.69 rows=1 width=84) (actual time=0.712..0.713 rows=1 loops=1)
                     Sort Key: (st_distance(st_transform(s_2231.the_geom, 25833), '0101000020E964000055848A0550DF2341559BA2A06C0D5741'::geometry))
                     Sort Method: top-N heapsort  Memory: 25kB
                     ->  Seq Scan on phoml_trajectory_tmp s_2231  (cost=0.00..165745.68 rows=1 width=84) (actual time=0.033..0.640 rows=480 loops=1)
                           Filter: ((unix_time >= '1685451417.458'::double precision) AND (unix_time <= '1685451477.458'::double precision) AND st_dwithin(st_transform(the_geom, 25833), '0101000020E964000055848A0550DF2341559BA2A06C0D5741'::geometry, '300'::double precision))
                           Rows Removed by Filter: 3180
   ->  Subquery Scan on "*SELECT* 2233"  (cost=165745.69..165745.70 rows=1 width=76) (actual time=0.720..0.721 rows=1 loops=1)
         ->  Limit  (cost=165745.69..165745.69 rows=1 width=84) (actual time=0.717..0.718 rows=1 loops=1)
               ->  Sort  (cost=165745.69..165745.69 rows=1 width=84) (actual time=0.715..0.716 rows=1 loops=1)
                     Sort Key: (st_distance(st_transform(s_2232.the_geom, 25833), '0101000020E9640000D612107251DF23412154E55E6B0D5741'::geometry))
                     Sort Method: top-N heapsort  Memory: 25kB
                     ->  Seq Scan on phoml_trajectory_tmp s_2232  (cost=0.00..165745.68 rows=1 width=84) (actual time=0.043..0.635 rows=480 loops=1)
                           Filter: ((unix_time >= '1685451417.868'::double precision) AND (unix_time <= '1685451477.868'::double precision) AND st_dwithin(st_transform(the_geom, 25833), '0101000020E9640000D612107251DF23412154E55E6B0D5741'::geometry, '300'::double precision))
                           Rows Removed by Filter: 3180
   ->  Subquery Scan on "*SELECT* 2234"  (cost=165745.69..165745.70 rows=1 width=76) (actual time=0.724..0.725 rows=1 loops=1)
         ->  Limit  (cost=165745.69..165745.69 rows=1 width=84) (actual time=0.720..0.721 rows=1 loops=1)
               ->  Sort  (cost=165745.69..165745.69 rows=1 width=84) (actual time=0.718..0.718 rows=1 loops=1)
                     Sort Key: (st_distance(st_transform(s_2233.the_geom, 25833), '0101000020E9640000FFF60EBB52DF23412A8AB5256A0D5741'::geometry))
                     Sort Method: top-N heapsort  Memory: 25kB
                     ->  Seq Scan on phoml_trajectory_tmp s_2233  (cost=0.00..165745.68 rows=1 width=84) (actual time=0.034..0.643 rows=480 loops=1)
                           Filter: ((unix_time >= '1685451418.282'::double precision) AND (unix_time <= '1685451478.282'::double precision) AND st_dwithin(st_transform(the_geom, 25833), '0101000020E9640000FFF60EBB52DF23412A8AB5256A0D5741'::geometry, '300'::double precision))
                           Rows Removed by Filter: 3180
   ->  Subquery Scan on "*SELECT* 2235"  (cost=165745.69..165745.70 rows=1 width=76) (actual time=0.720..0.721 rows=1 loops=1)
         ->  Limit  (cost=165745.69..165745.69 rows=1 width=84) (actual time=0.716..0.717 rows=1 loops=1)
               ->  Sort  (cost=165745.69..165745.69 rows=1 width=84) (actual time=0.714..0.714 rows=1 loops=1)
                     Sort Key: (st_distance(st_transform(s_2234.the_geom, 25833), '0101000020E96400005FA2F6C953DF2341428020DD680D5741'::geometry))
                     Sort Method: top-N heapsort  Memory: 25kB
                     ->  Seq Scan on phoml_trajectory_tmp s_2234  (cost=0.00..165745.68 rows=1 width=84) (actual time=0.033..0.633 rows=480 loops=1)
                           Filter: ((unix_time >= '1685451418.712'::double precision) AND (unix_time <= '1685451478.712'::double precision) AND st_dwithin(st_transform(the_geom, 25833), '0101000020E96400005FA2F6C953DF2341428020DD680D5741'::geometry, '300'::double precision))
                           Rows Removed by Filter: 3180
   ->  Subquery Scan on "*SELECT* 2236"  (cost=165745.69..165745.70 rows=1 width=76) (actual time=0.707..0.708 rows=1 loops=1)
         ->  Limit  (cost=165745.69..165745.69 rows=1 width=84) (actual time=0.704..0.705 rows=1 loops=1)
               ->  Sort  (cost=165745.69..165745.69 rows=1 width=84) (actual time=0.701..0.702 rows=1 loops=1)
                     Sort Key: (st_distance(st_transform(s_2235.the_geom, 25833), '0101000020E96400007D8CEA8D54DF234135876695670D5741'::geometry))
                     Sort Method: top-N heapsort  Memory: 25kB
                     ->  Seq Scan on phoml_trajectory_tmp s_2235  (cost=0.00..165745.68 rows=1 width=84) (actual time=0.037..0.628 rows=480 loops=1)
                           Filter: ((unix_time >= '1685451419.138'::double precision) AND (unix_time <= '1685451479.138'::double precision) AND st_dwithin(st_transform(the_geom, 25833), '0101000020E96400007D8CEA8D54DF234135876695670D5741'::geometry, '300'::double precision))
                           Rows Removed by Filter: 3180
   ->  Subquery Scan on "*SELECT* 2237"  (cost=165745.69..165745.70 rows=1 width=76) (actual time=0.719..0.720 rows=1 loops=1)
         ->  Limit  (cost=165745.69..165745.69 rows=1 width=84) (actual time=0.715..0.715 rows=1 loops=1)
               ->  Sort  (cost=165745.69..165745.69 rows=1 width=84) (actual time=0.712..0.713 rows=1 loops=1)
                     Sort Key: (st_distance(st_transform(s_2236.the_geom, 25833), '0101000020E9640000405B462F55DF2341435FDA54660D5741'::geometry))
                     Sort Method: top-N heapsort  Memory: 25kB
                     ->  Seq Scan on phoml_trajectory_tmp s_2236  (cost=0.00..165745.68 rows=1 width=84) (actual time=0.033..0.640 rows=480 loops=1)
                           Filter: ((unix_time >= '1685451419.578'::double precision) AND (unix_time <= '1685451479.578'::double precision) AND st_dwithin(st_transform(the_geom, 25833), '0101000020E9640000405B462F55DF2341435FDA54660D5741'::geometry, '300'::double precision))
                           Rows Removed by Filter: 3180
   ->  Subquery Scan on "*SELECT* 2238"  (cost=165745.69..165745.70 rows=1 width=76) (actual time=0.728..0.729 rows=1 loops=1)
         ->  Limit  (cost=165745.69..165745.69 rows=1 width=84) (actual time=0.723..0.724 rows=1 loops=1)
               ->  Sort  (cost=165745.69..165745.69 rows=1 width=84) (actual time=0.721..0.722 rows=1 loops=1)
                     Sort Key: (st_distance(st_transform(s_2237.the_geom, 25833), '0101000020E9640000BFB05FFA55DF234134936017650D5741'::geometry))
                     Sort Method: top-N heapsort  Memory: 25kB
                     ->  Seq Scan on phoml_trajectory_tmp s_2237  (cost=0.00..165745.68 rows=1 width=84) (actual time=0.035..0.649 rows=480 loops=1)
                           Filter: ((unix_time >= '1685451420.018'::double precision) AND (unix_time <= '1685451480.018'::double precision) AND st_dwithin(st_transform(the_geom, 25833), '0101000020E9640000BFB05FFA55DF234134936017650D5741'::geometry, '300'::double precision))
                           Rows Removed by Filter: 3180
   ->  Subquery Scan on "*SELECT* 2239"  (cost=165745.69..165745.70 rows=1 width=76) (actual time=0.735..0.737 rows=1 loops=1)
         ->  Limit  (cost=165745.69..165745.69 rows=1 width=84) (actual time=0.732..0.733 rows=1 loops=1)
               ->  Sort  (cost=165745.69..165745.69 rows=1 width=84) (actual time=0.728..0.729 rows=1 loops=1)
                     Sort Key: (st_distance(st_transform(s_2238.the_geom, 25833), '0101000020E964000098A9A2FF56DF23418C3BFED4630D5741'::geometry))
                     Sort Method: top-N heapsort  Memory: 25kB
                     ->  Seq Scan on phoml_trajectory_tmp s_2238  (cost=0.00..165745.68 rows=1 width=84) (actual time=0.041..0.654 rows=480 loops=1)
                           Filter: ((unix_time >= '1685451420.467'::double precision) AND (unix_time <= '1685451480.467'::double precision) AND st_dwithin(st_transform(the_geom, 25833), '0101000020E964000098A9A2FF56DF23418C3BFED4630D5741'::geometry, '300'::double precision))
                           Rows Removed by Filter: 3180
   ->  Subquery Scan on "*SELECT* 2240"  (cost=165745.69..165745.70 rows=1 width=76) (actual time=0.708..0.709 rows=1 loops=1)
         ->  Limit  (cost=165745.69..165745.69 rows=1 width=84) (actual time=0.706..0.706 rows=1 loops=1)
               ->  Sort  (cost=165745.69..165745.69 rows=1 width=84) (actual time=0.703..0.704 rows=1 loops=1)
                     Sort Key: (st_distance(st_transform(s_2239.the_geom, 25833), '0101000020E9640000A39D8F5258DF23418ADD799B620D5741'::geometry))
                     Sort Method: top-N heapsort  Memory: 25kB
                     ->  Seq Scan on phoml_trajectory_tmp s_2239  (cost=0.00..165745.68 rows=1 width=84) (actual time=0.033..0.628 rows=480 loops=1)
                           Filter: ((unix_time >= '1685451420.917'::double precision) AND (unix_time <= '1685451480.917'::double precision) AND st_dwithin(st_transform(the_geom, 25833), '0101000020E9640000A39D8F5258DF23418ADD799B620D5741'::geometry, '300'::double precision))
                           Rows Removed by Filter: 3180
   ->  Subquery Scan on "*SELECT* 2241"  (cost=165745.69..165745.70 rows=1 width=76) (actual time=0.723..0.724 rows=1 loops=1)
         ->  Limit  (cost=165745.69..165745.69 rows=1 width=84) (actual time=0.719..0.720 rows=1 loops=1)
               ->  Sort  (cost=165745.69..165745.69 rows=1 width=84) (actual time=0.717..0.718 rows=1 loops=1)
                     Sort Key: (st_distance(st_transform(s_2240.the_geom, 25833), '0101000020E9640000B005DFB959DF2341CF461D5B610D5741'::geometry))
                     Sort Method: top-N heapsort  Memory: 25kB
                     ->  Seq Scan on phoml_trajectory_tmp s_2240  (cost=0.00..165745.68 rows=1 width=84) (actual time=0.036..0.644 rows=480 loops=1)
                           Filter: ((unix_time >= '1685451421.371'::double precision) AND (unix_time <= '1685451481.371'::double precision) AND st_dwithin(st_transform(the_geom, 25833), '0101000020E9640000B005DFB959DF2341CF461D5B610D5741'::geometry, '300'::double precision))
                           Rows Removed by Filter: 3180
   ->  Subquery Scan on "*SELECT* 2242"  (cost=165745.69..165745.70 rows=1 width=76) (actual time=0.724..0.725 rows=1 loops=1)
         ->  Limit  (cost=165745.69..165745.69 rows=1 width=84) (actual time=0.720..0.721 rows=1 loops=1)
               ->  Sort  (cost=165745.69..165745.69 rows=1 width=84) (actual time=0.718..0.718 rows=1 loops=1)
                     Sort Key: (st_distance(st_transform(s_2241.the_geom, 25833), '0101000020E964000094F9043F5BDF23418B179B22600D5741'::geometry))
                     Sort Method: top-N heapsort  Memory: 25kB
                     ->  Seq Scan on phoml_trajectory_tmp s_2241  (cost=0.00..165745.68 rows=1 width=84) (actual time=0.032..0.645 rows=480 loops=1)
                           Filter: ((unix_time >= '1685451421.811'::double precision) AND (unix_time <= '1685451481.811'::double precision) AND st_dwithin(st_transform(the_geom, 25833), '0101000020E964000094F9043F5BDF23418B179B22600D5741'::geometry, '300'::double precision))
                           Rows Removed by Filter: 3180
   ->  Subquery Scan on "*SELECT* 2243"  (cost=165745.69..165745.70 rows=1 width=76) (actual time=0.736..0.737 rows=1 loops=1)
         ->  Limit  (cost=165745.69..165745.69 rows=1 width=84) (actual time=0.732..0.733 rows=1 loops=1)
               ->  Sort  (cost=165745.69..165745.69 rows=1 width=84) (actual time=0.729..0.730 rows=1 loops=1)
                     Sort Key: (st_distance(st_transform(s_2242.the_geom, 25833), '0101000020E964000035305E975CDF23417A509BE25E0D5741'::geometry))
                     Sort Method: top-N heapsort  Memory: 25kB
                     ->  Seq Scan on phoml_trajectory_tmp s_2242  (cost=0.00..165745.68 rows=1 width=84) (actual time=0.036..0.656 rows=480 loops=1)
                           Filter: ((unix_time >= '1685451422.255'::double precision) AND (unix_time <= '1685451482.255'::double precision) AND st_dwithin(st_transform(the_geom, 25833), '0101000020E964000035305E975CDF23417A509BE25E0D5741'::geometry, '300'::double precision))
                           Rows Removed by Filter: 3180
   ->  Subquery Scan on "*SELECT* 2244"  (cost=165745.69..165745.70 rows=1 width=76) (actual time=0.715..0.716 rows=1 loops=1)
         ->  Limit  (cost=165745.69..165745.69 rows=1 width=84) (actual time=0.712..0.713 rows=1 loops=1)
               ->  Sort  (cost=165745.69..165745.69 rows=1 width=84) (actual time=0.710..0.710 rows=1 loops=1)
                     Sort Key: (st_distance(st_transform(s_2243.the_geom, 25833), '0101000020E9640000F40614695EDF2341934BA7A45D0D5741'::geometry))
                     Sort Method: top-N heapsort  Memory: 25kB
                     ->  Seq Scan on phoml_trajectory_tmp s_2243  (cost=0.00..165745.68 rows=1 width=84) (actual time=0.034..0.638 rows=480 loops=1)
                           Filter: ((unix_time >= '1685451422.695'::double precision) AND (unix_time <= '1685451482.695'::double precision) AND st_dwithin(st_transform(the_geom, 25833), '0101000020E9640000F40614695EDF2341934BA7A45D0D5741'::geometry, '300'::double precision))
                           Rows Removed by Filter: 3180
   ->  Subquery Scan on "*SELECT* 2245"  (cost=165745.69..165745.70 rows=1 width=76) (actual time=0.741..0.743 rows=1 loops=1)
         ->  Limit  (cost=165745.69..165745.69 rows=1 width=84) (actual time=0.736..0.737 rows=1 loops=1)
               ->  Sort  (cost=165745.69..165745.69 rows=1 width=84) (actual time=0.733..0.734 rows=1 loops=1)
                     Sort Key: (st_distance(st_transform(s_2244.the_geom, 25833), '0101000020E96400007A10055460DF2341FCD7FB6E5C0D5741'::geometry))
                     Sort Method: top-N heapsort  Memory: 25kB
                     ->  Seq Scan on phoml_trajectory_tmp s_2244  (cost=0.00..165745.68 rows=1 width=84) (actual time=0.036..0.658 rows=480 loops=1)
                           Filter: ((unix_time >= '1685451423.115'::double precision) AND (unix_time <= '1685451483.115'::double precision) AND st_dwithin(st_transform(the_geom, 25833), '0101000020E96400007A10055460DF2341FCD7FB6E5C0D5741'::geometry, '300'::double precision))
                           Rows Removed by Filter: 3180
   ->  Subquery Scan on "*SELECT* 2246"  (cost=165745.69..165745.70 rows=1 width=76) (actual time=0.733..0.734 rows=1 loops=1)
         ->  Limit  (cost=165745.69..165745.69 rows=1 width=84) (actual time=0.728..0.729 rows=1 loops=1)
               ->  Sort  (cost=165745.69..165745.69 rows=1 width=84) (actual time=0.725..0.725 rows=1 loops=1)
                     Sort Key: (st_distance(st_transform(s_2245.the_geom, 25833), '0101000020E96400002C90DA3962DF23413787AE385B0D5741'::geometry))
                     Sort Method: top-N heapsort  Memory: 25kB
                     ->  Seq Scan on phoml_trajectory_tmp s_2245  (cost=0.00..165745.68 rows=1 width=84) (actual time=0.040..0.651 rows=480 loops=1)
                           Filter: ((unix_time >= '1685451423.538'::double precision) AND (unix_time <= '1685451483.538'::double precision) AND st_dwithin(st_transform(the_geom, 25833), '0101000020E96400002C90DA3962DF23413787AE385B0D5741'::geometry, '300'::double precision))
                           Rows Removed by Filter: 3180
   ->  Subquery Scan on "*SELECT* 2247"  (cost=165745.69..165745.70 rows=1 width=76) (actual time=0.729..0.730 rows=1 loops=1)
         ->  Limit  (cost=165745.69..165745.69 rows=1 width=84) (actual time=0.725..0.726 rows=1 loops=1)
               ->  Sort  (cost=165745.69..165745.69 rows=1 width=84) (actual time=0.723..0.723 rows=1 loops=1)
                     Sort Key: (st_distance(st_transform(s_2246.the_geom, 25833), '0101000020E96400006302CAE763DF2341DB8838F2590D5741'::geometry))
                     Sort Method: top-N heapsort  Memory: 25kB
                     ->  Seq Scan on phoml_trajectory_tmp s_2246  (cost=0.00..165745.68 rows=1 width=84) (actual time=0.033..0.647 rows=480 loops=1)
                           Filter: ((unix_time >= '1685451423.958'::double precision) AND (unix_time <= '1685451483.958'::double precision) AND st_dwithin(st_transform(the_geom, 25833), '0101000020E96400006302CAE763DF2341DB8838F2590D5741'::geometry, '300'::double precision))
                           Rows Removed by Filter: 3180
   ->  Subquery Scan on "*SELECT* 2248"  (cost=165745.69..165745.70 rows=1 width=76) (actual time=0.703..0.704 rows=1 loops=1)
         ->  Limit  (cost=165745.69..165745.69 rows=1 width=84) (actual time=0.701..0.702 rows=1 loops=1)
               ->  Sort  (cost=165745.69..165745.69 rows=1 width=84) (actual time=0.699..0.699 rows=1 loops=1)
                     Sort Key: (st_distance(st_transform(s_2247.the_geom, 25833), '0101000020E96400007D53247265DF2341226701BA580D5741'::geometry))
                     Sort Method: top-N heapsort  Memory: 25kB
                     ->  Seq Scan on phoml_trajectory_tmp s_2247  (cost=0.00..165745.68 rows=1 width=84) (actual time=0.033..0.625 rows=480 loops=1)
                           Filter: ((unix_time >= '1685451424.363'::double precision) AND (unix_time <= '1685451484.363'::double precision) AND st_dwithin(st_transform(the_geom, 25833), '0101000020E96400007D53247265DF2341226701BA580D5741'::geometry, '300'::double precision))
                           Rows Removed by Filter: 3180
   ->  Subquery Scan on "*SELECT* 2249"  (cost=165745.69..165745.70 rows=1 width=76) (actual time=0.720..0.721 rows=1 loops=1)
         ->  Limit  (cost=165745.69..165745.69 rows=1 width=84) (actual time=0.716..0.717 rows=1 loops=1)
               ->  Sort  (cost=165745.69..165745.69 rows=1 width=84) (actual time=0.714..0.714 rows=1 loops=1)
                     Sort Key: (st_distance(st_transform(s_2248.the_geom, 25833), '0101000020E96400009DAE380467DF23410826C381570D5741'::geometry))
                     Sort Method: top-N heapsort  Memory: 25kB
                     ->  Seq Scan on phoml_trajectory_tmp s_2248  (cost=0.00..165745.68 rows=1 width=84) (actual time=0.036..0.641 rows=480 loops=1)
                           Filter: ((unix_time >= '1685451424.763'::double precision) AND (unix_time <= '1685451484.763'::double precision) AND st_dwithin(st_transform(the_geom, 25833), '0101000020E96400009DAE380467DF23410826C381570D5741'::geometry, '300'::double precision))
                           Rows Removed by Filter: 3180
   ->  Subquery Scan on "*SELECT* 2250"  (cost=165745.69..165745.70 rows=1 width=76) (actual time=0.717..0.718 rows=1 loops=1)
         ->  Limit  (cost=165745.69..165745.69 rows=1 width=84) (actual time=0.713..0.714 rows=1 loops=1)
               ->  Sort  (cost=165745.69..165745.69 rows=1 width=84) (actual time=0.711..0.711 rows=1 loops=1)
                     Sort Key: (st_distance(st_transform(s_2249.the_geom, 25833), '0101000020E964000036AD999168DF234162467242560D5741'::geometry))
                     Sort Method: top-N heapsort  Memory: 25kB
                     ->  Seq Scan on phoml_trajectory_tmp s_2249  (cost=0.00..165745.68 rows=1 width=84) (actual time=0.033..0.632 rows=480 loops=1)
                           Filter: ((unix_time >= '1685451425.167'::double precision) AND (unix_time <= '1685451485.167'::double precision) AND st_dwithin(st_transform(the_geom, 25833), '0101000020E964000036AD999168DF234162467242560D5741'::geometry, '300'::double precision))
                           Rows Removed by Filter: 3180
   ->  Subquery Scan on "*SELECT* 2251"  (cost=165745.69..165745.70 rows=1 width=76) (actual time=0.725..0.726 rows=1 loops=1)
         ->  Limit  (cost=165745.69..165745.69 rows=1 width=84) (actual time=0.721..0.722 rows=1 loops=1)
               ->  Sort  (cost=165745.69..165745.69 rows=1 width=84) (actual time=0.718..0.718 rows=1 loops=1)
                     Sort Key: (st_distance(st_transform(s_2250.the_geom, 25833), '0101000020E96400004285E72C6ADF23417D09BF11550D5741'::geometry))
                     Sort Method: top-N heapsort  Memory: 25kB
                     ->  Seq Scan on phoml_trajectory_tmp s_2250  (cost=0.00..165745.68 rows=1 width=84) (actual time=0.032..0.646 rows=480 loops=1)
                           Filter: ((unix_time >= '1685451425.537'::double precision) AND (unix_time <= '1685451485.537'::double precision) AND st_dwithin(st_transform(the_geom, 25833), '0101000020E96400004285E72C6ADF23417D09BF11550D5741'::geometry, '300'::double precision))
                           Rows Removed by Filter: 3180
   ->  Subquery Scan on "*SELECT* 2252"  (cost=165745.69..165745.70 rows=1 width=76) (actual time=0.711..0.712 rows=1 loops=1)
         ->  Limit  (cost=165745.69..165745.69 rows=1 width=84) (actual time=0.709..0.710 rows=1 loops=1)
               ->  Sort  (cost=165745.69..165745.69 rows=1 width=84) (actual time=0.707..0.707 rows=1 loops=1)
                     Sort Key: (st_distance(st_transform(s_2251.the_geom, 25833), '0101000020E9640000640C97FE6BDF234121247BCC530D5741'::geometry))
                     Sort Method: top-N heapsort  Memory: 25kB
                     ->  Seq Scan on phoml_trajectory_tmp s_2251  (cost=0.00..165745.68 rows=1 width=84) (actual time=0.032..0.634 rows=480 loops=1)
                           Filter: ((unix_time >= '1685451425.937'::double precision) AND (unix_time <= '1685451485.937'::double precision) AND st_dwithin(st_transform(the_geom, 25833), '0101000020E9640000640C97FE6BDF234121247BCC530D5741'::geometry, '300'::double precision))
                           Rows Removed by Filter: 3180
   ->  Subquery Scan on "*SELECT* 2253"  (cost=165745.69..165745.70 rows=1 width=76) (actual time=0.722..0.724 rows=1 loops=1)
         ->  Limit  (cost=165745.69..165745.69 rows=1 width=84) (actual time=0.719..0.720 rows=1 loops=1)
               ->  Sort  (cost=165745.69..165745.69 rows=1 width=84) (actual time=0.716..0.717 rows=1 loops=1)
                     Sort Key: (st_distance(st_transform(s_2252.the_geom, 25833), '0101000020E96400002644F2C76DDF2341B5F7B095520D5741'::geometry))
                     Sort Method: top-N heapsort  Memory: 25kB
                     ->  Seq Scan on phoml_trajectory_tmp s_2252  (cost=0.00..165745.68 rows=1 width=84) (actual time=0.036..0.644 rows=480 loops=1)
                           Filter: ((unix_time >= '1685451426.313'::double precision) AND (unix_time <= '1685451486.313'::double precision) AND st_dwithin(st_transform(the_geom, 25833), '0101000020E96400002644F2C76DDF2341B5F7B095520D5741'::geometry, '300'::double precision))
                           Rows Removed by Filter: 3180
   ->  Subquery Scan on "*SELECT* 2254"  (cost=165745.69..165745.70 rows=1 width=76) (actual time=0.719..0.720 rows=1 loops=1)
         ->  Limit  (cost=165745.69..165745.69 rows=1 width=84) (actual time=0.715..0.716 rows=1 loops=1)
               ->  Sort  (cost=165745.69..165745.69 rows=1 width=84) (actual time=0.713..0.714 rows=1 loops=1)
                     Sort Key: (st_distance(st_transform(s_2253.the_geom, 25833), '0101000020E9640000B73E73C36FDF2341D1662458510D5741'::geometry))
                     Sort Method: top-N heapsort  Memory: 25kB
                     ->  Seq Scan on phoml_trajectory_tmp s_2253  (cost=0.00..165745.68 rows=1 width=84) (actual time=0.032..0.640 rows=480 loops=1)
                           Filter: ((unix_time >= '1685451426.693'::double precision) AND (unix_time <= '1685451486.693'::double precision) AND st_dwithin(st_transform(the_geom, 25833), '0101000020E9640000B73E73C36FDF2341D1662458510D5741'::geometry, '300'::double precision))
                           Rows Removed by Filter: 3180
   ->  Subquery Scan on "*SELECT* 2255"  (cost=165745.69..165745.70 rows=1 width=76) (actual time=0.724..0.725 rows=1 loops=1)
         ->  Limit  (cost=165745.69..165745.69 rows=1 width=84) (actual time=0.721..0.721 rows=1 loops=1)
               ->  Sort  (cost=165745.69..165745.69 rows=1 width=84) (actual time=0.719..0.719 rows=1 loops=1)
                     Sort Key: (st_distance(st_transform(s_2254.the_geom, 25833), '0101000020E964000037974F8471DF23418DD5FA20500D5741'::geometry))
                     Sort Method: top-N heapsort  Memory: 25kB
                     ->  Seq Scan on phoml_trajectory_tmp s_2254  (cost=0.00..165745.68 rows=1 width=84) (actual time=0.034..0.647 rows=480 loops=1)
                           Filter: ((unix_time >= '1685451427.053'::double precision) AND (unix_time <= '1685451487.053'::double precision) AND st_dwithin(st_transform(the_geom, 25833), '0101000020E964000037974F8471DF23418DD5FA20500D5741'::geometry, '300'::double precision))
                           Rows Removed by Filter: 3180
   ->  Subquery Scan on "*SELECT* 2256"  (cost=165745.69..165745.70 rows=1 width=76) (actual time=0.710..0.711 rows=1 loops=1)
         ->  Limit  (cost=165745.69..165745.69 rows=1 width=84) (actual time=0.707..0.708 rows=1 loops=1)
               ->  Sort  (cost=165745.69..165745.69 rows=1 width=84) (actual time=0.705..0.705 rows=1 loops=1)
                     Sort Key: (st_distance(st_transform(s_2255.the_geom, 25833), '0101000020E964000003E17B4273DF23416125FFE14E0D5741'::geometry))
                     Sort Method: top-N heapsort  Memory: 25kB
                     ->  Seq Scan on phoml_trajectory_tmp s_2255  (cost=0.00..165745.68 rows=1 width=84) (actual time=0.035..0.633 rows=480 loops=1)
                           Filter: ((unix_time >= '1685451427.415'::double precision) AND (unix_time <= '1685451487.415'::double precision) AND st_dwithin(st_transform(the_geom, 25833), '0101000020E964000003E17B4273DF23416125FFE14E0D5741'::geometry, '300'::double precision))
                           Rows Removed by Filter: 3180
   ->  Subquery Scan on "*SELECT* 2257"  (cost=165745.69..165745.70 rows=1 width=76) (actual time=0.714..0.715 rows=1 loops=1)
         ->  Limit  (cost=165745.69..165745.69 rows=1 width=84) (actual time=0.710..0.711 rows=1 loops=1)
               ->  Sort  (cost=165745.69..165745.69 rows=1 width=84) (actual time=0.708..0.709 rows=1 loops=1)
                     Sort Key: (st_distance(st_transform(s_2256.the_geom, 25833), '0101000020E9640000B9A2EBD574DF23412C8609A24D0D5741'::geometry))
                     Sort Method: top-N heapsort  Memory: 25kB
                     ->  Seq Scan on phoml_trajectory_tmp s_2256  (cost=0.00..165745.68 rows=1 width=84) (actual time=0.032..0.636 rows=480 loops=1)
                           Filter: ((unix_time >= '1685451427.775'::double precision) AND (unix_time <= '1685451487.775'::double precision) AND st_dwithin(st_transform(the_geom, 25833), '0101000020E9640000B9A2EBD574DF23412C8609A24D0D5741'::geometry, '300'::double precision))
                           Rows Removed by Filter: 3180
   ->  Subquery Scan on "*SELECT* 2258"  (cost=165745.69..165745.70 rows=1 width=76) (actual time=0.714..0.715 rows=1 loops=1)
         ->  Limit  (cost=165745.69..165745.69 rows=1 width=84) (actual time=0.710..0.711 rows=1 loops=1)
               ->  Sort  (cost=165745.69..165745.69 rows=1 width=84) (actual time=0.708..0.708 rows=1 loops=1)
                     Sort Key: (st_distance(st_transform(s_2257.the_geom, 25833), '0101000020E9640000A5C0B94A76DF2341D5592A694C0D5741'::geometry))
                     Sort Method: top-N heapsort  Memory: 25kB
                     ->  Seq Scan on phoml_trajectory_tmp s_2257  (cost=0.00..165745.68 rows=1 width=84) (actual time=0.032..0.635 rows=480 loops=1)
                           Filter: ((unix_time >= '1685451428.132'::double precision) AND (unix_time <= '1685451488.132'::double precision) AND st_dwithin(st_transform(the_geom, 25833), '0101000020E9640000A5C0B94A76DF2341D5592A694C0D5741'::geometry, '300'::double precision))
                           Rows Removed by Filter: 3180
   ->  Subquery Scan on "*SELECT* 2259"  (cost=165745.69..165745.70 rows=1 width=76) (actual time=0.700..0.700 rows=1 loops=1)
         ->  Limit  (cost=165745.69..165745.69 rows=1 width=84) (actual time=0.697..0.698 rows=1 loops=1)
               ->  Sort  (cost=165745.69..165745.69 rows=1 width=84) (actual time=0.695..0.695 rows=1 loops=1)
                     Sort Key: (st_distance(st_transform(s_2258.the_geom, 25833), '0101000020E9640000259FA6D077DF234101FC9A294B0D5741'::geometry))
                     Sort Method: top-N heapsort  Memory: 25kB
                     ->  Seq Scan on phoml_trajectory_tmp s_2258  (cost=0.00..165745.68 rows=1 width=84) (actual time=0.036..0.625 rows=480 loops=1)
                           Filter: ((unix_time >= '1685451428.478'::double precision) AND (unix_time <= '1685451488.478'::double precision) AND st_dwithin(st_transform(the_geom, 25833), '0101000020E9640000259FA6D077DF234101FC9A294B0D5741'::geometry, '300'::double precision))
                           Rows Removed by Filter: 3180
   ->  Subquery Scan on "*SELECT* 2260"  (cost=165745.69..165745.70 rows=1 width=76) (actual time=0.726..0.727 rows=1 loops=1)
         ->  Limit  (cost=165745.69..165745.69 rows=1 width=84) (actual time=0.722..0.722 rows=1 loops=1)
               ->  Sort  (cost=165745.69..165745.69 rows=1 width=84) (actual time=0.719..0.720 rows=1 loops=1)
                     Sort Key: (st_distance(st_transform(s_2259.the_geom, 25833), '0101000020E964000020A1238279DF234162545DEA490D5741'::geometry))
                     Sort Method: top-N heapsort  Memory: 25kB
                     ->  Seq Scan on phoml_trajectory_tmp s_2259  (cost=0.00..165745.68 rows=1 width=84) (actual time=0.033..0.639 rows=480 loops=1)
                           Filter: ((unix_time >= '1685451428.828'::double precision) AND (unix_time <= '1685451488.828'::double precision) AND st_dwithin(st_transform(the_geom, 25833), '0101000020E964000020A1238279DF234162545DEA490D5741'::geometry, '300'::double precision))
                           Rows Removed by Filter: 3180
   ->  Subquery Scan on "*SELECT* 2261"  (cost=165745.69..165745.70 rows=1 width=76) (actual time=0.707..0.708 rows=1 loops=1)
         ->  Limit  (cost=165745.69..165745.69 rows=1 width=84) (actual time=0.703..0.704 rows=1 loops=1)
               ->  Sort  (cost=165745.69..165745.69 rows=1 width=84) (actual time=0.701..0.701 rows=1 loops=1)
                     Sort Key: (st_distance(st_transform(s_2260.the_geom, 25833), '0101000020E9640000622B5D157BDF234173C566B9480D5741'::geometry))
                     Sort Method: top-N heapsort  Memory: 25kB
                     ->  Seq Scan on phoml_trajectory_tmp s_2260  (cost=0.00..165745.68 rows=1 width=84) (actual time=0.035..0.623 rows=480 loops=1)
                           Filter: ((unix_time >= '1685451429.169'::double precision) AND (unix_time <= '1685451489.169'::double precision) AND st_dwithin(st_transform(the_geom, 25833), '0101000020E9640000622B5D157BDF234173C566B9480D5741'::geometry, '300'::double precision))
                           Rows Removed by Filter: 3180
   ->  Subquery Scan on "*SELECT* 2262"  (cost=165745.69..165745.70 rows=1 width=76) (actual time=0.734..0.735 rows=1 loops=1)
         ->  Limit  (cost=165745.69..165745.69 rows=1 width=84) (actual time=0.730..0.730 rows=1 loops=1)
               ->  Sort  (cost=165745.69..165745.69 rows=1 width=84) (actual time=0.728..0.728 rows=1 loops=1)
                     Sort Key: (st_distance(st_transform(s_2261.the_geom, 25833), '0101000020E9640000A63F977D7CDF23415B8D0B72470D5741'::geometry))
                     Sort Method: top-N heapsort  Memory: 25kB
                     ->  Seq Scan on phoml_trajectory_tmp s_2261  (cost=0.00..165745.68 rows=1 width=84) (actual time=0.032..0.656 rows=480 loops=1)
                           Filter: ((unix_time >= '1685451429.519'::double precision) AND (unix_time <= '1685451489.519'::double precision) AND st_dwithin(st_transform(the_geom, 25833), '0101000020E9640000A63F977D7CDF23415B8D0B72470D5741'::geometry, '300'::double precision))
                           Rows Removed by Filter: 3180
   ->  Subquery Scan on "*SELECT* 2263"  (cost=165745.69..165745.70 rows=1 width=76) (actual time=0.701..0.703 rows=1 loops=1)
         ->  Limit  (cost=165745.69..165745.69 rows=1 width=84) (actual time=0.698..0.699 rows=1 loops=1)
               ->  Sort  (cost=165745.69..165745.69 rows=1 width=84) (actual time=0.696..0.696 rows=1 loops=1)
                     Sort Key: (st_distance(st_transform(s_2262.the_geom, 25833), '0101000020E964000077F431BD7DDF2341B41DB138460D5741'::geometry))
                     Sort Method: top-N heapsort  Memory: 25kB
                     ->  Seq Scan on phoml_trajectory_tmp s_2262  (cost=0.00..165745.68 rows=1 width=84) (actual time=0.034..0.625 rows=480 loops=1)
                           Filter: ((unix_time >= '1685451429.859'::double precision) AND (unix_time <= '1685451489.859'::double precision) AND st_dwithin(st_transform(the_geom, 25833), '0101000020E964000077F431BD7DDF2341B41DB138460D5741'::geometry, '300'::double precision))
                           Rows Removed by Filter: 3180
   ->  Subquery Scan on "*SELECT* 2264"  (cost=165745.69..165745.70 rows=1 width=76) (actual time=0.710..0.712 rows=1 loops=1)
         ->  Limit  (cost=165745.69..165745.69 rows=1 width=84) (actual time=0.706..0.707 rows=1 loops=1)
               ->  Sort  (cost=165745.69..165745.69 rows=1 width=84) (actual time=0.704..0.704 rows=1 loops=1)
                     Sort Key: (st_distance(st_transform(s_2263.the_geom, 25833), '0101000020E964000051BE1B2F7FDF234184D7DCF8440D5741'::geometry))
                     Sort Method: top-N heapsort  Memory: 25kB
                     ->  Seq Scan on phoml_trajectory_tmp s_2263  (cost=0.00..165745.68 rows=1 width=84) (actual time=0.032..0.633 rows=480 loops=1)
                           Filter: ((unix_time >= '1685451430.21'::double precision) AND (unix_time <= '1685451490.21'::double precision) AND st_dwithin(st_transform(the_geom, 25833), '0101000020E964000051BE1B2F7FDF234184D7DCF8440D5741'::geometry, '300'::double precision))
                           Rows Removed by Filter: 3180
   ->  Subquery Scan on "*SELECT* 2265"  (cost=165745.69..165745.70 rows=1 width=76) (actual time=0.706..0.707 rows=1 loops=1)
         ->  Limit  (cost=165745.69..165745.69 rows=1 width=84) (actual time=0.703..0.704 rows=1 loops=1)
               ->  Sort  (cost=165745.69..165745.69 rows=1 width=84) (actual time=0.701..0.702 rows=1 loops=1)
                     Sort Key: (st_distance(st_transform(s_2264.the_geom, 25833), '0101000020E9640000017546AA80DF2341FC8877C0430D5741'::geometry))
                     Sort Method: top-N heapsort  Memory: 25kB
                     ->  Seq Scan on phoml_trajectory_tmp s_2264  (cost=0.00..165745.68 rows=1 width=84) (actual time=0.035..0.632 rows=480 loops=1)
                           Filter: ((unix_time >= '1685451430.55'::double precision) AND (unix_time <= '1685451490.55'::double precision) AND st_dwithin(st_transform(the_geom, 25833), '0101000020E9640000017546AA80DF2341FC8877C0430D5741'::geometry, '300'::double precision))
                           Rows Removed by Filter: 3180
   ->  Subquery Scan on "*SELECT* 2266"  (cost=165745.69..165745.70 rows=1 width=76) (actual time=0.703..0.704 rows=1 loops=1)
         ->  Limit  (cost=165745.69..165745.69 rows=1 width=84) (actual time=0.700..0.701 rows=1 loops=1)
               ->  Sort  (cost=165745.69..165745.69 rows=1 width=84) (actual time=0.698..0.698 rows=1 loops=1)
                     Sort Key: (st_distance(st_transform(s_2265.the_geom, 25833), '0101000020E964000094884F4282DF2341D8C8D181420D5741'::geometry))
                     Sort Method: top-N heapsort  Memory: 25kB
                     ->  Seq Scan on phoml_trajectory_tmp s_2265  (cost=0.00..165745.68 rows=1 width=84) (actual time=0.032..0.627 rows=480 loops=1)
                           Filter: ((unix_time >= '1685451430.89'::double precision) AND (unix_time <= '1685451490.89'::double precision) AND st_dwithin(st_transform(the_geom, 25833), '0101000020E964000094884F4282DF2341D8C8D181420D5741'::geometry, '300'::double precision))
                           Rows Removed by Filter: 3180
   ->  Subquery Scan on "*SELECT* 2267"  (cost=165745.69..165745.70 rows=1 width=76) (actual time=0.714..0.715 rows=1 loops=1)
         ->  Limit  (cost=165745.69..165745.69 rows=1 width=84) (actual time=0.710..0.711 rows=1 loops=1)
               ->  Sort  (cost=165745.69..165745.69 rows=1 width=84) (actual time=0.708..0.709 rows=1 loops=1)
                     Sort Key: (st_distance(st_transform(s_2266.the_geom, 25833), '0101000020E9640000B01A28D483DF2341E53B424A410D5741'::geometry))
                     Sort Method: top-N heapsort  Memory: 25kB
                     ->  Seq Scan on phoml_trajectory_tmp s_2266  (cost=0.00..165745.68 rows=1 width=84) (actual time=0.033..0.637 rows=480 loops=1)
                           Filter: ((unix_time >= '1685451431.234'::double precision) AND (unix_time <= '1685451491.234'::double precision) AND st_dwithin(st_transform(the_geom, 25833), '0101000020E9640000B01A28D483DF2341E53B424A410D5741'::geometry, '300'::double precision))
                           Rows Removed by Filter: 3180
   ->  Subquery Scan on "*SELECT* 2268"  (cost=165745.69..165745.70 rows=1 width=76) (actual time=0.712..0.713 rows=1 loops=1)
         ->  Limit  (cost=165745.69..165745.69 rows=1 width=84) (actual time=0.709..0.710 rows=1 loops=1)
               ->  Sort  (cost=165745.69..165745.69 rows=1 width=84) (actual time=0.707..0.707 rows=1 loops=1)
                     Sort Key: (st_distance(st_transform(s_2267.the_geom, 25833), '0101000020E9640000CF9BA96585DF23417614E319400D5741'::geometry))
                     Sort Method: top-N heapsort  Memory: 25kB
                     ->  Seq Scan on phoml_trajectory_tmp s_2267  (cost=0.00..165745.68 rows=1 width=84) (actual time=0.033..0.633 rows=480 loops=1)
                           Filter: ((unix_time >= '1685451431.564'::double precision) AND (unix_time <= '1685451491.564'::double precision) AND st_dwithin(st_transform(the_geom, 25833), '0101000020E9640000CF9BA96585DF23417614E319400D5741'::geometry, '300'::double precision))
                           Rows Removed by Filter: 3180
   ->  Subquery Scan on "*SELECT* 2269"  (cost=165745.69..165745.70 rows=1 width=76) (actual time=0.720..0.721 rows=1 loops=1)
         ->  Limit  (cost=165745.69..165745.69 rows=1 width=84) (actual time=0.715..0.716 rows=1 loops=1)
               ->  Sort  (cost=165745.69..165745.69 rows=1 width=84) (actual time=0.713..0.714 rows=1 loops=1)
                     Sort Key: (st_distance(st_transform(s_2268.the_geom, 25833), '0101000020E9640000C2F85F0B87DF2341B2EB40DB3E0D5741'::geometry))
                     Sort Method: top-N heapsort  Memory: 25kB
                     ->  Seq Scan on phoml_trajectory_tmp s_2268  (cost=0.00..165745.68 rows=1 width=84) (actual time=0.047..0.643 rows=480 loops=1)
                           Filter: ((unix_time >= '1685451431.914'::double precision) AND (unix_time <= '1685451491.914'::double precision) AND st_dwithin(st_transform(the_geom, 25833), '0101000020E9640000C2F85F0B87DF2341B2EB40DB3E0D5741'::geometry, '300'::double precision))
                           Rows Removed by Filter: 3180
   ->  Subquery Scan on "*SELECT* 2270"  (cost=165745.69..165745.70 rows=1 width=76) (actual time=0.724..0.726 rows=1 loops=1)
         ->  Limit  (cost=165745.69..165745.69 rows=1 width=84) (actual time=0.720..0.722 rows=1 loops=1)
               ->  Sort  (cost=165745.69..165745.69 rows=1 width=84) (actual time=0.716..0.717 rows=1 loops=1)
                     Sort Key: (st_distance(st_transform(s_2269.the_geom, 25833), '0101000020E964000011EB5CBA88DF2341DE7345953D0D5741'::geometry))
                     Sort Method: top-N heapsort  Memory: 25kB
                     ->  Seq Scan on phoml_trajectory_tmp s_2269  (cost=0.00..165745.68 rows=1 width=84) (actual time=0.034..0.641 rows=480 loops=1)
                           Filter: ((unix_time >= '1685451432.268'::double precision) AND (unix_time <= '1685451492.268'::double precision) AND st_dwithin(st_transform(the_geom, 25833), '0101000020E964000011EB5CBA88DF2341DE7345953D0D5741'::geometry, '300'::double precision))
                           Rows Removed by Filter: 3180
   ->  Subquery Scan on "*SELECT* 2271"  (cost=165745.69..165745.70 rows=1 width=76) (actual time=0.709..0.710 rows=1 loops=1)
         ->  Limit  (cost=165745.69..165745.69 rows=1 width=84) (actual time=0.705..0.706 rows=1 loops=1)
               ->  Sort  (cost=165745.69..165745.69 rows=1 width=84) (actual time=0.703..0.703 rows=1 loops=1)
                     Sort Key: (st_distance(st_transform(s_2270.the_geom, 25833), '0101000020E96400005FBDE7748ADF2341C9DFFE5D3C0D5741'::geometry))
                     Sort Method: top-N heapsort  Memory: 25kB
                     ->  Seq Scan on phoml_trajectory_tmp s_2270  (cost=0.00..165745.68 rows=1 width=84) (actual time=0.032..0.632 rows=480 loops=1)
                           Filter: ((unix_time >= '1685451432.609'::double precision) AND (unix_time <= '1685451492.609'::double precision) AND st_dwithin(st_transform(the_geom, 25833), '0101000020E96400005FBDE7748ADF2341C9DFFE5D3C0D5741'::geometry, '300'::double precision))
                           Rows Removed by Filter: 3180
   ->  Subquery Scan on "*SELECT* 2272"  (cost=165745.69..165745.70 rows=1 width=76) (actual time=0.715..0.716 rows=1 loops=1)
         ->  Limit  (cost=165745.69..165745.69 rows=1 width=84) (actual time=0.713..0.713 rows=1 loops=1)
               ->  Sort  (cost=165745.69..165745.69 rows=1 width=84) (actual time=0.710..0.711 rows=1 loops=1)
                     Sort Key: (st_distance(st_transform(s_2271.the_geom, 25833), '0101000020E9640000912DC2FA8BDF23416DA87D1E3B0D5741'::geometry))
                     Sort Method: top-N heapsort  Memory: 25kB
                     ->  Seq Scan on phoml_trajectory_tmp s_2271  (cost=0.00..165745.68 rows=1 width=84) (actual time=0.039..0.639 rows=480 loops=1)
                           Filter: ((unix_time >= '1685451432.958'::double precision) AND (unix_time <= '1685451492.958'::double precision) AND st_dwithin(st_transform(the_geom, 25833), '0101000020E9640000912DC2FA8BDF23416DA87D1E3B0D5741'::geometry, '300'::double precision))
                           Rows Removed by Filter: 3180
   ->  Subquery Scan on "*SELECT* 2273"  (cost=165745.69..165745.70 rows=1 width=76) (actual time=0.708..0.709 rows=1 loops=1)
         ->  Limit  (cost=165745.69..165745.69 rows=1 width=84) (actual time=0.705..0.705 rows=1 loops=1)
               ->  Sort  (cost=165745.69..165745.69 rows=1 width=84) (actual time=0.703..0.703 rows=1 loops=1)
                     Sort Key: (st_distance(st_transform(s_2272.the_geom, 25833), '0101000020E96400000E6FE7708DDF2341CA694BDF390D5741'::geometry))
                     Sort Method: top-N heapsort  Memory: 25kB
                     ->  Seq Scan on phoml_trajectory_tmp s_2272  (cost=0.00..165745.68 rows=1 width=84) (actual time=0.035..0.632 rows=480 loops=1)
                           Filter: ((unix_time >= '1685451433.303'::double precision) AND (unix_time <= '1685451493.303'::double precision) AND st_dwithin(st_transform(the_geom, 25833), '0101000020E96400000E6FE7708DDF2341CA694BDF390D5741'::geometry, '300'::double precision))
                           Rows Removed by Filter: 3180
   ->  Subquery Scan on "*SELECT* 2274"  (cost=165745.69..165745.70 rows=1 width=76) (actual time=0.748..0.750 rows=1 loops=1)
         ->  Limit  (cost=165745.69..165745.69 rows=1 width=84) (actual time=0.736..0.737 rows=1 loops=1)
               ->  Sort  (cost=165745.69..165745.69 rows=1 width=84) (actual time=0.734..0.735 rows=1 loops=1)
                     Sort Key: (st_distance(st_transform(s_2273.the_geom, 25833), '0101000020E9640000662FF8038FDF234148CA85A7380D5741'::geometry))
                     Sort Method: top-N heapsort  Memory: 25kB
                     ->  Seq Scan on phoml_trajectory_tmp s_2273  (cost=0.00..165745.68 rows=1 width=84) (actual time=0.031..0.658 rows=480 loops=1)
                           Filter: ((unix_time >= '1685451433.643'::double precision) AND (unix_time <= '1685451493.643'::double precision) AND st_dwithin(st_transform(the_geom, 25833), '0101000020E9640000662FF8038FDF234148CA85A7380D5741'::geometry, '300'::double precision))
                           Rows Removed by Filter: 3180
   ->  Subquery Scan on "*SELECT* 2275"  (cost=165745.69..165745.70 rows=1 width=76) (actual time=0.721..0.722 rows=1 loops=1)
         ->  Limit  (cost=165745.69..165745.69 rows=1 width=84) (actual time=0.717..0.718 rows=1 loops=1)
               ->  Sort  (cost=165745.69..165745.69 rows=1 width=84) (actual time=0.715..0.715 rows=1 loops=1)
                     Sort Key: (st_distance(st_transform(s_2274.the_geom, 25833), '0101000020E9640000064D5A8990DF2341C9F0CF6F370D5741'::geometry))
                     Sort Method: top-N heapsort  Memory: 25kB
                     ->  Seq Scan on phoml_trajectory_tmp s_2274  (cost=0.00..165745.68 rows=1 width=84) (actual time=0.033..0.644 rows=480 loops=1)
                           Filter: ((unix_time >= '1685451433.983'::double precision) AND (unix_time <= '1685451493.983'::double precision) AND st_dwithin(st_transform(the_geom, 25833), '0101000020E9640000064D5A8990DF2341C9F0CF6F370D5741'::geometry, '300'::double precision))
                           Rows Removed by Filter: 3180
   ->  Subquery Scan on "*SELECT* 2276"  (cost=165745.69..165745.70 rows=1 width=76) (actual time=0.737..0.739 rows=1 loops=1)
         ->  Limit  (cost=165745.69..165745.69 rows=1 width=84) (actual time=0.734..0.735 rows=1 loops=1)
               ->  Sort  (cost=165745.69..165745.69 rows=1 width=84) (actual time=0.732..0.732 rows=1 loops=1)
                     Sort Key: (st_distance(st_transform(s_2275.the_geom, 25833), '0101000020E964000013A2B55092DF2341DA457931360D5741'::geometry))
                     Sort Method: top-N heapsort  Memory: 25kB
                     ->  Seq Scan on phoml_trajectory_tmp s_2275  (cost=0.00..165745.68 rows=1 width=84) (actual time=0.036..0.653 rows=480 loops=1)
                           Filter: ((unix_time >= '1685451434.332'::double precision) AND (unix_time <= '1685451494.332'::double precision) AND st_dwithin(st_transform(the_geom, 25833), '0101000020E964000013A2B55092DF2341DA457931360D5741'::geometry, '300'::double precision))
                           Rows Removed by Filter: 3180
   ->  Subquery Scan on "*SELECT* 2277"  (cost=165745.69..165745.70 rows=1 width=76) (actual time=0.704..0.706 rows=1 loops=1)
         ->  Limit  (cost=165745.69..165745.69 rows=1 width=84) (actual time=0.701..0.702 rows=1 loops=1)
               ->  Sort  (cost=165745.69..165745.69 rows=1 width=84) (actual time=0.698..0.699 rows=1 loops=1)
                     Sort Key: (st_distance(st_transform(s_2276.the_geom, 25833), '0101000020E96400006270950294DF234126D75301350D5741'::geometry))
                     Sort Method: top-N heapsort  Memory: 25kB
                     ->  Seq Scan on phoml_trajectory_tmp s_2276  (cost=0.00..165745.68 rows=1 width=84) (actual time=0.034..0.628 rows=480 loops=1)
                           Filter: ((unix_time >= '1685451434.661'::double precision) AND (unix_time <= '1685451494.661'::double precision) AND st_dwithin(st_transform(the_geom, 25833), '0101000020E96400006270950294DF234126D75301350D5741'::geometry, '300'::double precision))
                           Rows Removed by Filter: 3180
   ->  Subquery Scan on "*SELECT* 2278"  (cost=165745.69..165745.70 rows=1 width=76) (actual time=0.696..0.697 rows=1 loops=1)
         ->  Limit  (cost=165745.69..165745.69 rows=1 width=84) (actual time=0.694..0.694 rows=1 loops=1)
               ->  Sort  (cost=165745.69..165745.69 rows=1 width=84) (actual time=0.691..0.692 rows=1 loops=1)
                     Sort Key: (st_distance(st_transform(s_2277.the_geom, 25833), '0101000020E9640000C8BFAFD295DF234174756DC3330D5741'::geometry))
                     Sort Method: top-N heapsort  Memory: 25kB
                     ->  Seq Scan on phoml_trajectory_tmp s_2277  (cost=0.00..165745.68 rows=1 width=84) (actual time=0.031..0.619 rows=480 loops=1)
                           Filter: ((unix_time >= '1685451435.011'::double precision) AND (unix_time <= '1685451495.011'::double precision) AND st_dwithin(st_transform(the_geom, 25833), '0101000020E9640000C8BFAFD295DF234174756DC3330D5741'::geometry, '300'::double precision))
                           Rows Removed by Filter: 3180
   ->  Subquery Scan on "*SELECT* 2279"  (cost=165745.69..165745.70 rows=1 width=76) (actual time=0.798..0.799 rows=1 loops=1)
         ->  Limit  (cost=165745.69..165745.69 rows=1 width=84) (actual time=0.794..0.795 rows=1 loops=1)
               ->  Sort  (cost=165745.69..165745.69 rows=1 width=84) (actual time=0.792..0.793 rows=1 loops=1)
                     Sort Key: (st_distance(st_transform(s_2278.the_geom, 25833), '0101000020E9640000713CAD8197DF2341DF19AE84320D5741'::geometry))
                     Sort Method: top-N heapsort  Memory: 25kB
                     ->  Seq Scan on phoml_trajectory_tmp s_2278  (cost=0.00..165745.68 rows=1 width=84) (actual time=0.127..0.722 rows=480 loops=1)
                           Filter: ((unix_time >= '1685451435.355'::double precision) AND (unix_time <= '1685451495.355'::double precision) AND st_dwithin(st_transform(the_geom, 25833), '0101000020E9640000713CAD8197DF2341DF19AE84320D5741'::geometry, '300'::double precision))
                           Rows Removed by Filter: 3180
   ->  Subquery Scan on "*SELECT* 2280"  (cost=165745.69..165745.70 rows=1 width=76) (actual time=0.712..0.713 rows=1 loops=1)
         ->  Limit  (cost=165745.69..165745.69 rows=1 width=84) (actual time=0.709..0.709 rows=1 loops=1)
               ->  Sort  (cost=165745.69..165745.69 rows=1 width=84) (actual time=0.706..0.707 rows=1 loops=1)
                     Sort Key: (st_distance(st_transform(s_2279.the_geom, 25833), '0101000020E96400008F30992D99DF23414B52104D310D5741'::geometry))
                     Sort Method: top-N heapsort  Memory: 25kB
                     ->  Seq Scan on phoml_trajectory_tmp s_2279  (cost=0.00..165745.68 rows=1 width=84) (actual time=0.033..0.635 rows=480 loops=1)
                           Filter: ((unix_time >= '1685451435.695'::double precision) AND (unix_time <= '1685451495.695'::double precision) AND st_dwithin(st_transform(the_geom, 25833), '0101000020E96400008F30992D99DF23414B52104D310D5741'::geometry, '300'::double precision))
                           Rows Removed by Filter: 3180
   ->  Subquery Scan on "*SELECT* 2281"  (cost=165745.69..165745.70 rows=1 width=76) (actual time=0.707..0.708 rows=1 loops=1)
         ->  Limit  (cost=165745.69..165745.69 rows=1 width=84) (actual time=0.703..0.704 rows=1 loops=1)
               ->  Sort  (cost=165745.69..165745.69 rows=1 width=84) (actual time=0.701..0.701 rows=1 loops=1)
                     Sort Key: (st_distance(st_transform(s_2280.the_geom, 25833), '0101000020E964000030FD8ED69ADF23411334FA0D300D5741'::geometry))
                     Sort Method: top-N heapsort  Memory: 25kB
                     ->  Seq Scan on phoml_trajectory_tmp s_2280  (cost=0.00..165745.68 rows=1 width=84) (actual time=0.039..0.630 rows=480 loops=1)
                           Filter: ((unix_time >= '1685451436.036'::double precision) AND (unix_time <= '1685451496.036'::double precision) AND st_dwithin(st_transform(the_geom, 25833), '0101000020E964000030FD8ED69ADF23411334FA0D300D5741'::geometry, '300'::double precision))
                           Rows Removed by Filter: 3180
   ->  Subquery Scan on "*SELECT* 2282"  (cost=165745.69..165745.70 rows=1 width=76) (actual time=0.694..0.695 rows=1 loops=1)
         ->  Limit  (cost=165745.69..165745.69 rows=1 width=84) (actual time=0.692..0.693 rows=1 loops=1)
               ->  Sort  (cost=165745.69..165745.69 rows=1 width=84) (actual time=0.690..0.690 rows=1 loops=1)
                     Sort Key: (st_distance(st_transform(s_2281.the_geom, 25833), '0101000020E964000003F3AB939CDF23417FD0D9CE2E0D5741'::geometry))
                     Sort Method: top-N heapsort  Memory: 25kB
                     ->  Seq Scan on phoml_trajectory_tmp s_2281  (cost=0.00..165745.68 rows=1 width=84) (actual time=0.032..0.617 rows=480 loops=1)
                           Filter: ((unix_time >= '1685451436.381'::double precision) AND (unix_time <= '1685451496.381'::double precision) AND st_dwithin(st_transform(the_geom, 25833), '0101000020E964000003F3AB939CDF23417FD0D9CE2E0D5741'::geometry, '300'::double precision))
                           Rows Removed by Filter: 3180
   ->  Subquery Scan on "*SELECT* 2283"  (cost=165745.69..165745.70 rows=1 width=76) (actual time=0.709..0.710 rows=1 loops=1)
         ->  Limit  (cost=165745.69..165745.69 rows=1 width=84) (actual time=0.706..0.706 rows=1 loops=1)
               ->  Sort  (cost=165745.69..165745.69 rows=1 width=84) (actual time=0.704..0.704 rows=1 loops=1)
                     Sort Key: (st_distance(st_transform(s_2282.the_geom, 25833), '0101000020E9640000BE9575359EDF2341BB6210902D0D5741'::geometry))
                     Sort Method: top-N heapsort  Memory: 25kB
                     ->  Seq Scan on phoml_trajectory_tmp s_2282  (cost=0.00..165745.68 rows=1 width=84) (actual time=0.036..0.628 rows=480 loops=1)
                           Filter: ((unix_time >= '1685451436.721'::double precision) AND (unix_time <= '1685451496.721'::double precision) AND st_dwithin(st_transform(the_geom, 25833), '0101000020E9640000BE9575359EDF2341BB6210902D0D5741'::geometry, '300'::double precision))
                           Rows Removed by Filter: 3180
   ->  Subquery Scan on "*SELECT* 2284"  (cost=165745.69..165745.70 rows=1 width=76) (actual time=0.715..0.716 rows=1 loops=1)
         ->  Limit  (cost=165745.69..165745.69 rows=1 width=84) (actual time=0.711..0.713 rows=1 loops=1)
               ->  Sort  (cost=165745.69..165745.69 rows=1 width=84) (actual time=0.709..0.710 rows=1 loops=1)
                     Sort Key: (st_distance(st_transform(s_2283.the_geom, 25833), '0101000020E9640000AE8F04A89FDF2341B7ABED652C0D5741'::geometry))
                     Sort Method: top-N heapsort  Memory: 25kB
                     ->  Seq Scan on phoml_trajectory_tmp s_2283  (cost=0.00..165745.68 rows=1 width=84) (actual time=0.032..0.638 rows=480 loops=1)
                           Filter: ((unix_time >= '1685451437.041'::double precision) AND (unix_time <= '1685451497.041'::double precision) AND st_dwithin(st_transform(the_geom, 25833), '0101000020E9640000AE8F04A89FDF2341B7ABED652C0D5741'::geometry, '300'::double precision))
                           Rows Removed by Filter: 3180
   ->  Subquery Scan on "*SELECT* 2285"  (cost=165745.69..165745.70 rows=1 width=76) (actual time=0.697..0.698 rows=1 loops=1)
         ->  Limit  (cost=165745.69..165745.69 rows=1 width=84) (actual time=0.695..0.696 rows=1 loops=1)
               ->  Sort  (cost=165745.69..165745.69 rows=1 width=84) (actual time=0.693..0.694 rows=1 loops=1)
                     Sort Key: (st_distance(st_transform(s_2284.the_geom, 25833), '0101000020E964000052030081A1DF2341E8C63C192B0D5741'::geometry))
                     Sort Method: top-N heapsort  Memory: 25kB
                     ->  Seq Scan on phoml_trajectory_tmp s_2284  (cost=0.00..165745.68 rows=1 width=84) (actual time=0.039..0.622 rows=480 loops=1)
                           Filter: ((unix_time >= '1685451437.395'::double precision) AND (unix_time <= '1685451497.395'::double precision) AND st_dwithin(st_transform(the_geom, 25833), '0101000020E964000052030081A1DF2341E8C63C192B0D5741'::geometry, '300'::double precision))
                           Rows Removed by Filter: 3180
   ->  Subquery Scan on "*SELECT* 2286"  (cost=165745.69..165745.70 rows=1 width=76) (actual time=0.714..0.715 rows=1 loops=1)
         ->  Limit  (cost=165745.69..165745.69 rows=1 width=84) (actual time=0.710..0.711 rows=1 loops=1)
               ->  Sort  (cost=165745.69..165745.69 rows=1 width=84) (actual time=0.708..0.709 rows=1 loops=1)
                     Sort Key: (st_distance(st_transform(s_2285.the_geom, 25833), '0101000020E96400007514810EA3DF2341A770C1EF290D5741'::geometry))
                     Sort Method: top-N heapsort  Memory: 25kB
                     ->  Seq Scan on phoml_trajectory_tmp s_2285  (cost=0.00..165745.68 rows=1 width=84) (actual time=0.036..0.639 rows=480 loops=1)
                           Filter: ((unix_time >= '1685451437.715'::double precision) AND (unix_time <= '1685451497.715'::double precision) AND st_dwithin(st_transform(the_geom, 25833), '0101000020E96400007514810EA3DF2341A770C1EF290D5741'::geometry, '300'::double precision))
                           Rows Removed by Filter: 3180
   ->  Subquery Scan on "*SELECT* 2287"  (cost=165745.69..165745.70 rows=1 width=76) (actual time=0.706..0.707 rows=1 loops=1)
         ->  Limit  (cost=165745.69..165745.69 rows=1 width=84) (actual time=0.702..0.703 rows=1 loops=1)
               ->  Sort  (cost=165745.69..165745.69 rows=1 width=84) (actual time=0.700..0.700 rows=1 loops=1)
                     Sort Key: (st_distance(st_transform(s_2286.the_geom, 25833), '0101000020E9640000FBDD987FA4DF2341175977A1280D5741'::geometry))
                     Sort Method: top-N heapsort  Memory: 25kB
                     ->  Seq Scan on phoml_trajectory_tmp s_2286  (cost=0.00..165745.68 rows=1 width=84) (actual time=0.035..0.629 rows=480 loops=1)
                           Filter: ((unix_time >= '1685451438.065'::double precision) AND (unix_time <= '1685451498.065'::double precision) AND st_dwithin(st_transform(the_geom, 25833), '0101000020E9640000FBDD987FA4DF2341175977A1280D5741'::geometry, '300'::double precision))
                           Rows Removed by Filter: 3180
   ->  Subquery Scan on "*SELECT* 2288"  (cost=165745.69..165745.70 rows=1 width=76) (actual time=0.737..0.738 rows=1 loops=1)
         ->  Limit  (cost=165745.69..165745.69 rows=1 width=84) (actual time=0.731..0.732 rows=1 loops=1)
               ->  Sort  (cost=165745.69..165745.69 rows=1 width=84) (actual time=0.729..0.729 rows=1 loops=1)
                     Sort Key: (st_distance(st_transform(s_2287.the_geom, 25833), '0101000020E96400006B4A53F0A5DF2341C04C8B76270D5741'::geometry))
                     Sort Method: top-N heapsort  Memory: 25kB
                     ->  Seq Scan on phoml_trajectory_tmp s_2287  (cost=0.00..165745.68 rows=1 width=84) (actual time=0.032..0.656 rows=480 loops=1)
                           Filter: ((unix_time >= '1685451438.381'::double precision) AND (unix_time <= '1685451498.381'::double precision) AND st_dwithin(st_transform(the_geom, 25833), '0101000020E96400006B4A53F0A5DF2341C04C8B76270D5741'::geometry, '300'::double precision))
                           Rows Removed by Filter: 3180
   ->  Subquery Scan on "*SELECT* 2289"  (cost=165745.69..165745.70 rows=1 width=76) (actual time=0.715..0.716 rows=1 loops=1)
         ->  Limit  (cost=165745.69..165745.69 rows=1 width=84) (actual time=0.712..0.713 rows=1 loops=1)
               ->  Sort  (cost=165745.69..165745.69 rows=1 width=84) (actual time=0.710..0.710 rows=1 loops=1)
                     Sort Key: (st_distance(st_transform(s_2288.the_geom, 25833), '0101000020E96400003F645E62A7DF2341B9B45336260D5741'::geometry))
                     Sort Method: top-N heapsort  Memory: 25kB
                     ->  Seq Scan on phoml_trajectory_tmp s_2288  (cost=0.00..165745.68 rows=1 width=84) (actual time=0.061..0.638 rows=480 loops=1)
                           Filter: ((unix_time >= '1685451438.721'::double precision) AND (unix_time <= '1685451498.721'::double precision) AND st_dwithin(st_transform(the_geom, 25833), '0101000020E96400003F645E62A7DF2341B9B45336260D5741'::geometry, '300'::double precision))
                           Rows Removed by Filter: 3180
   ->  Subquery Scan on "*SELECT* 2290"  (cost=165745.69..165745.70 rows=1 width=76) (actual time=0.704..0.705 rows=1 loops=1)
         ->  Limit  (cost=165745.69..165745.69 rows=1 width=84) (actual time=0.700..0.701 rows=1 loops=1)
               ->  Sort  (cost=165745.69..165745.69 rows=1 width=84) (actual time=0.698..0.698 rows=1 loops=1)
                     Sort Key: (st_distance(st_transform(s_2289.the_geom, 25833), '0101000020E9640000ABF062EFA8DF23418B980CF0240D5741'::geometry))
                     Sort Method: top-N heapsort  Memory: 25kB
                     ->  Seq Scan on phoml_trajectory_tmp s_2289  (cost=0.00..165745.68 rows=1 width=84) (actual time=0.031..0.626 rows=480 loops=1)
                           Filter: ((unix_time >= '1685451439.061'::double precision) AND (unix_time <= '1685451499.061'::double precision) AND st_dwithin(st_transform(the_geom, 25833), '0101000020E9640000ABF062EFA8DF23418B980CF0240D5741'::geometry, '300'::double precision))
                           Rows Removed by Filter: 3180
   ->  Subquery Scan on "*SELECT* 2291"  (cost=165745.69..165745.70 rows=1 width=76) (actual time=0.744..0.745 rows=1 loops=1)
         ->  Limit  (cost=165745.69..165745.69 rows=1 width=84) (actual time=0.740..0.741 rows=1 loops=1)
               ->  Sort  (cost=165745.69..165745.69 rows=1 width=84) (actual time=0.738..0.738 rows=1 loops=1)
                     Sort Key: (st_distance(st_transform(s_2290.the_geom, 25833), '0101000020E96400008FEC5F98AADF2341315773B1230D5741'::geometry))
                     Sort Method: top-N heapsort  Memory: 25kB
                     ->  Seq Scan on phoml_trajectory_tmp s_2290  (cost=0.00..165745.68 rows=1 width=84) (actual time=0.036..0.666 rows=480 loops=1)
                           Filter: ((unix_time >= '1685451439.397'::double precision) AND (unix_time <= '1685451499.397'::double precision) AND st_dwithin(st_transform(the_geom, 25833), '0101000020E96400008FEC5F98AADF2341315773B1230D5741'::geometry, '300'::double precision))
                           Rows Removed by Filter: 3180
   ->  Subquery Scan on "*SELECT* 2292"  (cost=165745.69..165745.70 rows=1 width=76) (actual time=0.711..0.712 rows=1 loops=1)
         ->  Limit  (cost=165745.69..165745.69 rows=1 width=84) (actual time=0.707..0.707 rows=1 loops=1)
               ->  Sort  (cost=165745.69..165745.69 rows=1 width=84) (actual time=0.704..0.704 rows=1 loops=1)
                     Sort Key: (st_distance(st_transform(s_2291.the_geom, 25833), '0101000020E9640000FF775C4BACDF23418D8B0D81220D5741'::geometry))
                     Sort Method: top-N heapsort  Memory: 25kB
                     ->  Seq Scan on phoml_trajectory_tmp s_2291  (cost=0.00..165745.68 rows=1 width=84) (actual time=0.042..0.632 rows=480 loops=1)
                           Filter: ((unix_time >= '1685451439.717'::double precision) AND (unix_time <= '1685451499.717'::double precision) AND st_dwithin(st_transform(the_geom, 25833), '0101000020E9640000FF775C4BACDF23418D8B0D81220D5741'::geometry, '300'::double precision))
                           Rows Removed by Filter: 3180
   ->  Subquery Scan on "*SELECT* 2293"  (cost=165745.69..165745.70 rows=1 width=76) (actual time=0.720..0.721 rows=1 loops=1)
         ->  Limit  (cost=165745.69..165745.69 rows=1 width=84) (actual time=0.718..0.719 rows=1 loops=1)
               ->  Sort  (cost=165745.69..165745.69 rows=1 width=84) (actual time=0.714..0.715 rows=1 loops=1)
                     Sort Key: (st_distance(st_transform(s_2292.the_geom, 25833), '0101000020E964000094952928AEDF23411DFA4543210D5741'::geometry))
                     Sort Method: top-N heapsort  Memory: 25kB
                     ->  Seq Scan on phoml_trajectory_tmp s_2292  (cost=0.00..165745.68 rows=1 width=84) (actual time=0.043..0.641 rows=480 loops=1)
                           Filter: ((unix_time >= '1685451440.057'::double precision) AND (unix_time <= '1685451500.057'::double precision) AND st_dwithin(st_transform(the_geom, 25833), '0101000020E964000094952928AEDF23411DFA4543210D5741'::geometry, '300'::double precision))
                           Rows Removed by Filter: 3180
   ->  Subquery Scan on "*SELECT* 2294"  (cost=165745.69..165745.70 rows=1 width=76) (actual time=0.696..0.697 rows=1 loops=1)
         ->  Limit  (cost=165745.69..165745.69 rows=1 width=84) (actual time=0.692..0.693 rows=1 loops=1)
               ->  Sort  (cost=165745.69..165745.69 rows=1 width=84) (actual time=0.691..0.691 rows=1 loops=1)
                     Sort Key: (st_distance(st_transform(s_2293.the_geom, 25833), '0101000020E9640000388DCCF7AFDF2341AECD5405200D5741'::geometry))
                     Sort Method: top-N heapsort  Memory: 25kB
                     ->  Seq Scan on phoml_trajectory_tmp s_2293  (cost=0.00..165745.68 rows=1 width=84) (actual time=0.031..0.621 rows=480 loops=1)
                           Filter: ((unix_time >= '1685451440.388'::double precision) AND (unix_time <= '1685451500.388'::double precision) AND st_dwithin(st_transform(the_geom, 25833), '0101000020E9640000388DCCF7AFDF2341AECD5405200D5741'::geometry, '300'::double precision))
                           Rows Removed by Filter: 3180
   ->  Subquery Scan on "*SELECT* 2295"  (cost=165745.69..165745.70 rows=1 width=76) (actual time=0.717..0.718 rows=1 loops=1)
         ->  Limit  (cost=165745.69..165745.69 rows=1 width=84) (actual time=0.713..0.714 rows=1 loops=1)
               ->  Sort  (cost=165745.69..165745.69 rows=1 width=84) (actual time=0.711..0.711 rows=1 loops=1)
                     Sort Key: (st_distance(st_transform(s_2294.the_geom, 25833), '0101000020E96400006759BECEB1DF23414D46C3D51E0D5741'::geometry))
                     Sort Method: top-N heapsort  Memory: 25kB
                     ->  Seq Scan on phoml_trajectory_tmp s_2294  (cost=0.00..165745.68 rows=1 width=84) (actual time=0.034..0.633 rows=480 loops=1)
                           Filter: ((unix_time >= '1685451440.708'::double precision) AND (unix_time <= '1685451500.708'::double precision) AND st_dwithin(st_transform(the_geom, 25833), '0101000020E96400006759BECEB1DF23414D46C3D51E0D5741'::geometry, '300'::double precision))
                           Rows Removed by Filter: 3180
   ->  Subquery Scan on "*SELECT* 2296"  (cost=165745.69..165745.70 rows=1 width=76) (actual time=0.686..0.687 rows=1 loops=1)
         ->  Limit  (cost=165745.69..165745.69 rows=1 width=84) (actual time=0.683..0.684 rows=1 loops=1)
               ->  Sort  (cost=165745.69..165745.69 rows=1 width=84) (actual time=0.681..0.681 rows=1 loops=1)
                     Sort Key: (st_distance(st_transform(s_2295.the_geom, 25833), '0101000020E9640000107A918EB3DF2341E08FFC8F1D0D5741'::geometry))
                     Sort Method: top-N heapsort  Memory: 25kB
                     ->  Seq Scan on phoml_trajectory_tmp s_2295  (cost=0.00..165745.68 rows=1 width=84) (actual time=0.040..0.610 rows=480 loops=1)
                           Filter: ((unix_time >= '1685451441.048'::double precision) AND (unix_time <= '1685451501.048'::double precision) AND st_dwithin(st_transform(the_geom, 25833), '0101000020E9640000107A918EB3DF2341E08FFC8F1D0D5741'::geometry, '300'::double precision))
                           Rows Removed by Filter: 3180
   ->  Subquery Scan on "*SELECT* 2297"  (cost=165745.69..165745.70 rows=1 width=76) (actual time=0.696..0.697 rows=1 loops=1)
         ->  Limit  (cost=165745.69..165745.69 rows=1 width=84) (actual time=0.694..0.695 rows=1 loops=1)
               ->  Sort  (cost=165745.69..165745.69 rows=1 width=84) (actual time=0.692..0.692 rows=1 loops=1)
                     Sort Key: (st_distance(st_transform(s_2296.the_geom, 25833), '0101000020E9640000480D3742B5DF23413DE598581C0D5741'::geometry))
                     Sort Method: top-N heapsort  Memory: 25kB
                     ->  Seq Scan on phoml_trajectory_tmp s_2296  (cost=0.00..165745.68 rows=1 width=84) (actual time=0.048..0.618 rows=480 loops=1)
                           Filter: ((unix_time >= '1685451441.371'::double precision) AND (unix_time <= '1685451501.371'::double precision) AND st_dwithin(st_transform(the_geom, 25833), '0101000020E9640000480D3742B5DF23413DE598581C0D5741'::geometry, '300'::double precision))
                           Rows Removed by Filter: 3180
   ->  Subquery Scan on "*SELECT* 2298"  (cost=165745.69..165745.70 rows=1 width=76) (actual time=0.689..0.690 rows=1 loops=1)
         ->  Limit  (cost=165745.69..165745.69 rows=1 width=84) (actual time=0.685..0.686 rows=1 loops=1)
               ->  Sort  (cost=165745.69..165745.69 rows=1 width=84) (actual time=0.683..0.683 rows=1 loops=1)
                     Sort Key: (st_distance(st_transform(s_2297.the_geom, 25833), '0101000020E9640000D13A68D0B6DF2341D55C06191B0D5741'::geometry))
                     Sort Method: top-N heapsort  Memory: 25kB
                     ->  Seq Scan on phoml_trajectory_tmp s_2297  (cost=0.00..165745.68 rows=1 width=84) (actual time=0.032..0.613 rows=480 loops=1)
                           Filter: ((unix_time >= '1685451441.701'::double precision) AND (unix_time <= '1685451501.701'::double precision) AND st_dwithin(st_transform(the_geom, 25833), '0101000020E9640000D13A68D0B6DF2341D55C06191B0D5741'::geometry, '300'::double precision))
                           Rows Removed by Filter: 3180
   ->  Subquery Scan on "*SELECT* 2299"  (cost=165745.69..165745.70 rows=1 width=76) (actual time=0.688..0.690 rows=1 loops=1)
         ->  Limit  (cost=165745.69..165745.69 rows=1 width=84) (actual time=0.685..0.686 rows=1 loops=1)
               ->  Sort  (cost=165745.69..165745.69 rows=1 width=84) (actual time=0.683..0.683 rows=1 loops=1)
                     Sort Key: (st_distance(st_transform(s_2298.the_geom, 25833), '0101000020E9640000FCFD7C96B8DF2341768A6BE1190D5741'::geometry))
                     Sort Method: top-N heapsort  Memory: 25kB
                     ->  Seq Scan on phoml_trajectory_tmp s_2298  (cost=0.00..165745.68 rows=1 width=84) (actual time=0.036..0.613 rows=480 loops=1)
                           Filter: ((unix_time >= '1685451442.031'::double precision) AND (unix_time <= '1685451502.031'::double precision) AND st_dwithin(st_transform(the_geom, 25833), '0101000020E9640000FCFD7C96B8DF2341768A6BE1190D5741'::geometry, '300'::double precision))
                           Rows Removed by Filter: 3180
   ->  Subquery Scan on "*SELECT* 2300"  (cost=165745.69..165745.70 rows=1 width=76) (actual time=0.683..0.684 rows=1 loops=1)
         ->  Limit  (cost=165745.69..165745.69 rows=1 width=84) (actual time=0.681..0.681 rows=1 loops=1)
               ->  Sort  (cost=165745.69..165745.69 rows=1 width=84) (actual time=0.679..0.679 rows=1 loops=1)
                     Sort Key: (st_distance(st_transform(s_2299.the_geom, 25833), '0101000020E96400009FF59440BADF2341322ACDA9180D5741'::geometry))
                     Sort Method: top-N heapsort  Memory: 25kB
                     ->  Seq Scan on phoml_trajectory_tmp s_2299  (cost=0.00..165745.68 rows=1 width=84) (actual time=0.032..0.608 rows=480 loops=1)
                           Filter: ((unix_time >= '1685451442.356'::double precision) AND (unix_time <= '1685451502.356'::double precision) AND st_dwithin(st_transform(the_geom, 25833), '0101000020E96400009FF59440BADF2341322ACDA9180D5741'::geometry, '300'::double precision))
                           Rows Removed by Filter: 3180
   ->  Subquery Scan on "*SELECT* 2301"  (cost=165745.69..165745.70 rows=1 width=76) (actual time=0.687..0.688 rows=1 loops=1)
         ->  Limit  (cost=165745.69..165745.69 rows=1 width=84) (actual time=0.684..0.685 rows=1 loops=1)
               ->  Sort  (cost=165745.69..165745.69 rows=1 width=84) (actual time=0.682..0.682 rows=1 loops=1)
                     Sort Key: (st_distance(st_transform(s_2300.the_geom, 25833), '0101000020E9640000B97AB3F0BBDF23411AAF746A170D5741'::geometry))
                     Sort Method: top-N heapsort  Memory: 25kB
                     ->  Seq Scan on phoml_trajectory_tmp s_2300  (cost=0.00..165745.68 rows=1 width=84) (actual time=0.035..0.613 rows=480 loops=1)
                           Filter: ((unix_time >= '1685451442.686'::double precision) AND (unix_time <= '1685451502.686'::double precision) AND st_dwithin(st_transform(the_geom, 25833), '0101000020E9640000B97AB3F0BBDF23411AAF746A170D5741'::geometry, '300'::double precision))
                           Rows Removed by Filter: 3180
   ->  Subquery Scan on "*SELECT* 2302"  (cost=165745.69..165745.70 rows=1 width=76) (actual time=0.697..0.698 rows=1 loops=1)
         ->  Limit  (cost=165745.69..165745.69 rows=1 width=84) (actual time=0.693..0.694 rows=1 loops=1)
               ->  Sort  (cost=165745.69..165745.69 rows=1 width=84) (actual time=0.691..0.692 rows=1 loops=1)
                     Sort Key: (st_distance(st_transform(s_2301.the_geom, 25833), '0101000020E96400009F623892BDDF23414D145B2B160D5741'::geometry))
                     Sort Method: top-N heapsort  Memory: 25kB
                     ->  Seq Scan on phoml_trajectory_tmp s_2301  (cost=0.00..165745.68 rows=1 width=84) (actual time=0.033..0.620 rows=480 loops=1)
                           Filter: ((unix_time >= '1685451443.016'::double precision) AND (unix_time <= '1685451503.016'::double precision) AND st_dwithin(st_transform(the_geom, 25833), '0101000020E96400009F623892BDDF23414D145B2B160D5741'::geometry, '300'::double precision))
                           Rows Removed by Filter: 3180
   ->  Subquery Scan on "*SELECT* 2303"  (cost=165745.69..165745.70 rows=1 width=76) (actual time=0.677..0.679 rows=1 loops=1)
         ->  Limit  (cost=165745.69..165745.69 rows=1 width=84) (actual time=0.675..0.676 rows=1 loops=1)
               ->  Sort  (cost=165745.69..165745.69 rows=1 width=84) (actual time=0.673..0.674 rows=1 loops=1)
                     Sort Key: (st_distance(st_transform(s_2302.the_geom, 25833), '0101000020E9640000D5AB924FBFDF2341233E6FEC140D5741'::geometry))
                     Sort Method: top-N heapsort  Memory: 25kB
                     ->  Seq Scan on phoml_trajectory_tmp s_2302  (cost=0.00..165745.68 rows=1 width=84) (actual time=0.034..0.603 rows=480 loops=1)
                           Filter: ((unix_time >= '1685451443.35'::double precision) AND (unix_time <= '1685451503.35'::double precision) AND st_dwithin(st_transform(the_geom, 25833), '0101000020E9640000D5AB924FBFDF2341233E6FEC140D5741'::geometry, '300'::double precision))
                           Rows Removed by Filter: 3180
   ->  Subquery Scan on "*SELECT* 2304"  (cost=165745.69..165745.70 rows=1 width=76) (actual time=0.714..0.715 rows=1 loops=1)
         ->  Limit  (cost=165745.69..165745.69 rows=1 width=84) (actual time=0.710..0.711 rows=1 loops=1)
               ->  Sort  (cost=165745.69..165745.69 rows=1 width=84) (actual time=0.708..0.709 rows=1 loops=1)
                     Sort Key: (st_distance(st_transform(s_2303.the_geom, 25833), '0101000020E96400003B0E6FE7C0DF23411D9779B4130D5741'::geometry))
                     Sort Method: top-N heapsort  Memory: 25kB
                     ->  Seq Scan on phoml_trajectory_tmp s_2303  (cost=0.00..165745.68 rows=1 width=84) (actual time=0.035..0.635 rows=480 loops=1)
                           Filter: ((unix_time >= '1685451443.68'::double precision) AND (unix_time <= '1685451503.68'::double precision) AND st_dwithin(st_transform(the_geom, 25833), '0101000020E96400003B0E6FE7C0DF23411D9779B4130D5741'::geometry, '300'::double precision))
                           Rows Removed by Filter: 3180
   ->  Subquery Scan on "*SELECT* 2305"  (cost=165745.69..165745.70 rows=1 width=76) (actual time=0.711..0.713 rows=1 loops=1)
         ->  Limit  (cost=165745.69..165745.69 rows=1 width=84) (actual time=0.708..0.709 rows=1 loops=1)
               ->  Sort  (cost=165745.69..165745.69 rows=1 width=84) (actual time=0.705..0.706 rows=1 loops=1)
                     Sort Key: (st_distance(st_transform(s_2304.the_geom, 25833), '0101000020E9640000B68FA4A0C2DF2341D3D65575120D5741'::geometry))
                     Sort Method: top-N heapsort  Memory: 25kB
                     ->  Seq Scan on phoml_trajectory_tmp s_2304  (cost=0.00..165745.68 rows=1 width=84) (actual time=0.037..0.636 rows=480 loops=1)
                           Filter: ((unix_time >= '1685451444.01'::double precision) AND (unix_time <= '1685451504.01'::double precision) AND st_dwithin(st_transform(the_geom, 25833), '0101000020E9640000B68FA4A0C2DF2341D3D65575120D5741'::geometry, '300'::double precision))
                           Rows Removed by Filter: 3180
   ->  Subquery Scan on "*SELECT* 2306"  (cost=165745.69..165745.70 rows=1 width=76) (actual time=0.697..0.698 rows=1 loops=1)
         ->  Limit  (cost=165745.69..165745.69 rows=1 width=84) (actual time=0.693..0.694 rows=1 loops=1)
               ->  Sort  (cost=165745.69..165745.69 rows=1 width=84) (actual time=0.691..0.691 rows=1 loops=1)
                     Sort Key: (st_distance(st_transform(s_2305.the_geom, 25833), '0101000020E96400003A89C731C4DF234194D0433D110D5741'::geometry))
                     Sort Method: top-N heapsort  Memory: 25kB
                     ->  Seq Scan on phoml_trajectory_tmp s_2305  (cost=0.00..165745.68 rows=1 width=84) (actual time=0.036..0.618 rows=480 loops=1)
                           Filter: ((unix_time >= '1685451444.341'::double precision) AND (unix_time <= '1685451504.341'::double precision) AND st_dwithin(st_transform(the_geom, 25833), '0101000020E96400003A89C731C4DF234194D0433D110D5741'::geometry, '300'::double precision))
                           Rows Removed by Filter: 3180
   ->  Subquery Scan on "*SELECT* 2307"  (cost=165745.69..165745.70 rows=1 width=76) (actual time=0.689..0.690 rows=1 loops=1)
         ->  Limit  (cost=165745.69..165745.69 rows=1 width=84) (actual time=0.686..0.687 rows=1 loops=1)
               ->  Sort  (cost=165745.69..165745.69 rows=1 width=84) (actual time=0.684..0.684 rows=1 loops=1)
                     Sort Key: (st_distance(st_transform(s_2306.the_geom, 25833), '0101000020E96400003BD0F4CDC5DF2341D912860C100D5741'::geometry))
                     Sort Method: top-N heapsort  Memory: 25kB
                     ->  Seq Scan on phoml_trajectory_tmp s_2306  (cost=0.00..165745.68 rows=1 width=84) (actual time=0.038..0.613 rows=480 loops=1)
                           Filter: ((unix_time >= '1685451444.661'::double precision) AND (unix_time <= '1685451504.661'::double precision) AND st_dwithin(st_transform(the_geom, 25833), '0101000020E96400003BD0F4CDC5DF2341D912860C100D5741'::geometry, '300'::double precision))
                           Rows Removed by Filter: 3180
   ->  Subquery Scan on "*SELECT* 2308"  (cost=165745.69..165745.70 rows=1 width=76) (actual time=0.718..0.719 rows=1 loops=1)
         ->  Limit  (cost=165745.69..165745.69 rows=1 width=84) (actual time=0.715..0.715 rows=1 loops=1)
               ->  Sort  (cost=165745.69..165745.69 rows=1 width=84) (actual time=0.713..0.713 rows=1 loops=1)
                     Sort Key: (st_distance(st_transform(s_2307.the_geom, 25833), '0101000020E964000068739A6BC7DF234195698FC60E0D5741'::geometry))
                     Sort Method: top-N heapsort  Memory: 25kB
                     ->  Seq Scan on phoml_trajectory_tmp s_2307  (cost=0.00..165745.68 rows=1 width=84) (actual time=0.034..0.640 rows=480 loops=1)
                           Filter: ((unix_time >= '1685451445.001'::double precision) AND (unix_time <= '1685451505.001'::double precision) AND st_dwithin(st_transform(the_geom, 25833), '0101000020E964000068739A6BC7DF234195698FC60E0D5741'::geometry, '300'::double precision))
                           Rows Removed by Filter: 3180
   ->  Subquery Scan on "*SELECT* 2309"  (cost=165745.69..165745.70 rows=1 width=76) (actual time=0.796..0.798 rows=1 loops=1)
         ->  Limit  (cost=165745.69..165745.69 rows=1 width=84) (actual time=0.778..0.779 rows=1 loops=1)
               ->  Sort  (cost=165745.69..165745.69 rows=1 width=84) (actual time=0.776..0.777 rows=1 loops=1)
                     Sort Key: (st_distance(st_transform(s_2308.the_geom, 25833), '0101000020E964000025035DF3C8DF234112F353950D0D5741'::geometry))
                     Sort Method: top-N heapsort  Memory: 25kB
                     ->  Seq Scan on phoml_trajectory_tmp s_2308  (cost=0.00..165745.68 rows=1 width=84) (actual time=0.055..0.662 rows=480 loops=1)
                           Filter: ((unix_time >= '1685451445.326'::double precision) AND (unix_time <= '1685451505.326'::double precision) AND st_dwithin(st_transform(the_geom, 25833), '0101000020E964000025035DF3C8DF234112F353950D0D5741'::geometry, '300'::double precision))
                           Rows Removed by Filter: 3180
   ->  Subquery Scan on "*SELECT* 2310"  (cost=165745.69..165745.70 rows=1 width=76) (actual time=0.713..0.715 rows=1 loops=1)
         ->  Limit  (cost=165745.69..165745.69 rows=1 width=84) (actual time=0.710..0.710 rows=1 loops=1)
               ->  Sort  (cost=165745.69..165745.69 rows=1 width=84) (actual time=0.707..0.708 rows=1 loops=1)
                     Sort Key: (st_distance(st_transform(s_2309.the_geom, 25833), '0101000020E96400009EA643ABCADF23414616EE4E0C0D5741'::geometry))
                     Sort Method: top-N heapsort  Memory: 25kB
                     ->  Seq Scan on phoml_trajectory_tmp s_2309  (cost=0.00..165745.68 rows=1 width=84) (actual time=0.038..0.627 rows=480 loops=1)
                           Filter: ((unix_time >= '1685451445.676'::double precision) AND (unix_time <= '1685451505.676'::double precision) AND st_dwithin(st_transform(the_geom, 25833), '0101000020E96400009EA643ABCADF23414616EE4E0C0D5741'::geometry, '300'::double precision))
                           Rows Removed by Filter: 3180
   ->  Subquery Scan on "*SELECT* 2311"  (cost=165745.69..165745.70 rows=1 width=76) (actual time=0.716..0.717 rows=1 loops=1)
         ->  Limit  (cost=165745.69..165745.69 rows=1 width=84) (actual time=0.714..0.715 rows=1 loops=1)
               ->  Sort  (cost=165745.69..165745.69 rows=1 width=84) (actual time=0.711..0.712 rows=1 loops=1)
                     Sort Key: (st_distance(st_transform(s_2310.the_geom, 25833), '0101000020E96400008418F422CCDF2341A565470F0B0D5741'::geometry))
                     Sort Method: top-N heapsort  Memory: 25kB
                     ->  Seq Scan on phoml_trajectory_tmp s_2310  (cost=0.00..165745.68 rows=1 width=84) (actual time=0.070..0.643 rows=480 loops=1)
                           Filter: ((unix_time >= '1685451446.016'::double precision) AND (unix_time <= '1685451506.016'::double precision) AND st_dwithin(st_transform(the_geom, 25833), '0101000020E96400008418F422CCDF2341A565470F0B0D5741'::geometry, '300'::double precision))
                           Rows Removed by Filter: 3180
   ->  Subquery Scan on "*SELECT* 2312"  (cost=165745.69..165745.70 rows=1 width=76) (actual time=0.704..0.705 rows=1 loops=1)
         ->  Limit  (cost=165745.69..165745.69 rows=1 width=84) (actual time=0.700..0.701 rows=1 loops=1)
               ->  Sort  (cost=165745.69..165745.69 rows=1 width=84) (actual time=0.698..0.699 rows=1 loops=1)
                     Sort Key: (st_distance(st_transform(s_2311.the_geom, 25833), '0101000020E96400004BC563B5CDDF2341B7D3A5CF090D5741'::geometry))
                     Sort Method: top-N heapsort  Memory: 25kB
                     ->  Seq Scan on phoml_trajectory_tmp s_2311  (cost=0.00..165745.68 rows=1 width=84) (actual time=0.040..0.628 rows=480 loops=1)
                           Filter: ((unix_time >= '1685451446.357'::double precision) AND (unix_time <= '1685451506.357'::double precision) AND st_dwithin(st_transform(the_geom, 25833), '0101000020E96400004BC563B5CDDF2341B7D3A5CF090D5741'::geometry, '300'::double precision))
                           Rows Removed by Filter: 3180
   ->  Subquery Scan on "*SELECT* 2313"  (cost=165745.69..165745.70 rows=1 width=76) (actual time=0.687..0.688 rows=1 loops=1)
         ->  Limit  (cost=165745.69..165745.69 rows=1 width=84) (actual time=0.684..0.685 rows=1 loops=1)
               ->  Sort  (cost=165745.69..165745.69 rows=1 width=84) (actual time=0.681..0.682 rows=1 loops=1)
                     Sort Key: (st_distance(st_transform(s_2312.the_geom, 25833), '0101000020E9640000DD424C3BCFDF2341B6684A9E080D5741'::geometry))
                     Sort Method: top-N heapsort  Memory: 25kB
                     ->  Seq Scan on phoml_trajectory_tmp s_2312  (cost=0.00..165745.68 rows=1 width=84) (actual time=0.034..0.613 rows=480 loops=1)
                           Filter: ((unix_time >= '1685451446.687'::double precision) AND (unix_time <= '1685451506.687'::double precision) AND st_dwithin(st_transform(the_geom, 25833), '0101000020E9640000DD424C3BCFDF2341B6684A9E080D5741'::geometry, '300'::double precision))
                           Rows Removed by Filter: 3180
   ->  Subquery Scan on "*SELECT* 2314"  (cost=165745.69..165745.70 rows=1 width=76) (actual time=0.703..0.704 rows=1 loops=1)
         ->  Limit  (cost=165745.69..165745.69 rows=1 width=84) (actual time=0.700..0.701 rows=1 loops=1)
               ->  Sort  (cost=165745.69..165745.69 rows=1 width=84) (actual time=0.698..0.698 rows=1 loops=1)
                     Sort Key: (st_distance(st_transform(s_2313.the_geom, 25833), '0101000020E9640000B4BBE5CBD0DF2341B1FFC357070D5741'::geometry))
                     Sort Method: top-N heapsort  Memory: 25kB
                     ->  Seq Scan on phoml_trajectory_tmp s_2313  (cost=0.00..165745.68 rows=1 width=84) (actual time=0.033..0.625 rows=480 loops=1)
                           Filter: ((unix_time >= '1685451447.037'::double precision) AND (unix_time <= '1685451507.037'::double precision) AND st_dwithin(st_transform(the_geom, 25833), '0101000020E9640000B4BBE5CBD0DF2341B1FFC357070D5741'::geometry, '300'::double precision))
                           Rows Removed by Filter: 3180
   ->  Subquery Scan on "*SELECT* 2315"  (cost=165745.69..165745.70 rows=1 width=76) (actual time=0.729..0.730 rows=1 loops=1)
         ->  Limit  (cost=165745.69..165745.69 rows=1 width=84) (actual time=0.725..0.726 rows=1 loops=1)
               ->  Sort  (cost=165745.69..165745.69 rows=1 width=84) (actual time=0.723..0.723 rows=1 loops=1)
                     Sort Key: (st_distance(st_transform(s_2314.the_geom, 25833), '0101000020E9640000618F9459D2DF2341383BAC1F060D5741'::geometry))
                     Sort Method: top-N heapsort  Memory: 25kB
                     ->  Seq Scan on phoml_trajectory_tmp s_2314  (cost=0.00..165745.68 rows=1 width=84) (actual time=0.045..0.642 rows=480 loops=1)
                           Filter: ((unix_time >= '1685451447.371'::double precision) AND (unix_time <= '1685451507.371'::double precision) AND st_dwithin(st_transform(the_geom, 25833), '0101000020E9640000618F9459D2DF2341383BAC1F060D5741'::geometry, '300'::double precision))
                           Rows Removed by Filter: 3180
   ->  Subquery Scan on "*SELECT* 2316"  (cost=165745.69..165745.70 rows=1 width=76) (actual time=0.734..0.736 rows=1 loops=1)
         ->  Limit  (cost=165745.69..165745.69 rows=1 width=84) (actual time=0.730..0.732 rows=1 loops=1)
               ->  Sort  (cost=165745.69..165745.69 rows=1 width=84) (actual time=0.728..0.729 rows=1 loops=1)
                     Sort Key: (st_distance(st_transform(s_2315.the_geom, 25833), '0101000020E9640000BC58B0F7D3DF234143ADC4E7040D5741'::geometry))
                     Sort Method: top-N heapsort  Memory: 25kB
                     ->  Seq Scan on phoml_trajectory_tmp s_2315  (cost=0.00..165745.68 rows=1 width=84) (actual time=0.046..0.646 rows=480 loops=1)
                           Filter: ((unix_time >= '1685451447.711'::double precision) AND (unix_time <= '1685451507.711'::double precision) AND st_dwithin(st_transform(the_geom, 25833), '0101000020E9640000BC58B0F7D3DF234143ADC4E7040D5741'::geometry, '300'::double precision))
                           Rows Removed by Filter: 3180
   ->  Subquery Scan on "*SELECT* 2317"  (cost=165745.69..165745.70 rows=1 width=76) (actual time=0.700..0.701 rows=1 loops=1)
         ->  Limit  (cost=165745.69..165745.69 rows=1 width=84) (actual time=0.696..0.697 rows=1 loops=1)
               ->  Sort  (cost=165745.69..165745.69 rows=1 width=84) (actual time=0.693..0.693 rows=1 loops=1)
                     Sort Key: (st_distance(st_transform(s_2316.the_geom, 25833), '0101000020E9640000ACE471ACD5DF234121F2AFA2030D5741'::geometry))
                     Sort Method: top-N heapsort  Memory: 25kB
                     ->  Seq Scan on phoml_trajectory_tmp s_2316  (cost=0.00..165745.68 rows=1 width=84) (actual time=0.041..0.622 rows=480 loops=1)
                           Filter: ((unix_time >= '1685451448.061'::double precision) AND (unix_time <= '1685451508.061'::double precision) AND st_dwithin(st_transform(the_geom, 25833), '0101000020E9640000ACE471ACD5DF234121F2AFA2030D5741'::geometry, '300'::double precision))
                           Rows Removed by Filter: 3180
   ->  Subquery Scan on "*SELECT* 2318"  (cost=165745.69..165745.70 rows=1 width=76) (actual time=0.667..0.668 rows=1 loops=1)
         ->  Limit  (cost=165745.69..165745.69 rows=1 width=84) (actual time=0.665..0.665 rows=1 loops=1)
               ->  Sort  (cost=165745.69..165745.69 rows=1 width=84) (actual time=0.663..0.663 rows=1 loops=1)
                     Sort Key: (st_distance(st_transform(s_2317.the_geom, 25833), '0101000020E9640000D1F1885DD7DF2341C28DF16A020D5741'::geometry))
                     Sort Method: top-N heapsort  Memory: 25kB
                     ->  Seq Scan on phoml_trajectory_tmp s_2317  (cost=0.00..165745.68 rows=1 width=84) (actual time=0.033..0.593 rows=480 loops=1)
                           Filter: ((unix_time >= '1685451448.397'::double precision) AND (unix_time <= '1685451508.397'::double precision) AND st_dwithin(st_transform(the_geom, 25833), '0101000020E9640000D1F1885DD7DF2341C28DF16A020D5741'::geometry, '300'::double precision))
                           Rows Removed by Filter: 3180
   ->  Subquery Scan on "*SELECT* 2319"  (cost=165745.69..165745.70 rows=1 width=76) (actual time=0.755..0.757 rows=1 loops=1)
         ->  Limit  (cost=165745.69..165745.69 rows=1 width=84) (actual time=0.752..0.753 rows=1 loops=1)
               ->  Sort  (cost=165745.69..165745.69 rows=1 width=84) (actual time=0.750..0.750 rows=1 loops=1)
                     Sort Key: (st_distance(st_transform(s_2318.the_geom, 25833), '0101000020E964000015037808D9DF23410CB05633010D5741'::geometry))
                     Sort Method: top-N heapsort  Memory: 25kB
                     ->  Seq Scan on phoml_trajectory_tmp s_2318  (cost=0.00..165745.68 rows=1 width=84) (actual time=0.057..0.670 rows=480 loops=1)
                           Filter: ((unix_time >= '1685451448.737'::double precision) AND (unix_time <= '1685451508.737'::double precision) AND st_dwithin(st_transform(the_geom, 25833), '0101000020E964000015037808D9DF23410CB05633010D5741'::geometry, '300'::double precision))
                           Rows Removed by Filter: 3180
   ->  Subquery Scan on "*SELECT* 2320"  (cost=165745.69..165745.70 rows=1 width=76) (actual time=0.708..0.709 rows=1 loops=1)
         ->  Limit  (cost=165745.69..165745.69 rows=1 width=84) (actual time=0.704..0.705 rows=1 loops=1)
               ->  Sort  (cost=165745.69..165745.69 rows=1 width=84) (actual time=0.702..0.702 rows=1 loops=1)
                     Sort Key: (st_distance(st_transform(s_2319.the_geom, 25833), '0101000020E9640000E0CDABA5DADF2341647571FBFF0C5741'::geometry))
                     Sort Method: top-N heapsort  Memory: 25kB
                     ->  Seq Scan on phoml_trajectory_tmp s_2319  (cost=0.00..165745.68 rows=1 width=84) (actual time=0.036..0.632 rows=480 loops=1)
                           Filter: ((unix_time >= '1685451449.077'::double precision) AND (unix_time <= '1685451509.077'::double precision) AND st_dwithin(st_transform(the_geom, 25833), '0101000020E9640000E0CDABA5DADF2341647571FBFF0C5741'::geometry, '300'::double precision))
                           Rows Removed by Filter: 3180
   ->  Subquery Scan on "*SELECT* 2321"  (cost=165745.69..165745.70 rows=1 width=76) (actual time=0.726..0.727 rows=1 loops=1)
         ->  Limit  (cost=165745.69..165745.69 rows=1 width=84) (actual time=0.718..0.719 rows=1 loops=1)
               ->  Sort  (cost=165745.69..165745.69 rows=1 width=84) (actual time=0.716..0.716 rows=1 loops=1)
                     Sort Key: (st_distance(st_transform(s_2320.the_geom, 25833), '0101000020E96400006E282734DCDF2341BE6FFDB4FE0C5741'::geometry))
                     Sort Method: top-N heapsort  Memory: 25kB
                     ->  Seq Scan on phoml_trajectory_tmp s_2320  (cost=0.00..165745.68 rows=1 width=84) (actual time=0.062..0.648 rows=480 loops=1)
                           Filter: ((unix_time >= '1685451449.425'::double precision) AND (unix_time <= '1685451509.425'::double precision) AND st_dwithin(st_transform(the_geom, 25833), '0101000020E96400006E282734DCDF2341BE6FFDB4FE0C5741'::geometry, '300'::double precision))
                           Rows Removed by Filter: 3180
   ->  Subquery Scan on "*SELECT* 2322"  (cost=165745.69..165745.70 rows=1 width=76) (actual time=0.669..0.670 rows=1 loops=1)
         ->  Limit  (cost=165745.69..165745.69 rows=1 width=84) (actual time=0.667..0.668 rows=1 loops=1)
               ->  Sort  (cost=165745.69..165745.69 rows=1 width=84) (actual time=0.664..0.665 rows=1 loops=1)
                     Sort Key: (st_distance(st_transform(s_2321.the_geom, 25833), '0101000020E9640000E5F258CFDDDF234123C01076FD0C5741'::geometry))
                     Sort Method: top-N heapsort  Memory: 25kB
                     ->  Seq Scan on phoml_trajectory_tmp s_2321  (cost=0.00..165745.68 rows=1 width=84) (actual time=0.034..0.597 rows=480 loops=1)
                           Filter: ((unix_time >= '1685451449.765'::double precision) AND (unix_time <= '1685451509.765'::double precision) AND st_dwithin(st_transform(the_geom, 25833), '0101000020E9640000E5F258CFDDDF234123C01076FD0C5741'::geometry, '300'::double precision))
                           Rows Removed by Filter: 3180
   ->  Subquery Scan on "*SELECT* 2323"  (cost=165745.69..165745.70 rows=1 width=76) (actual time=0.703..0.704 rows=1 loops=1)
         ->  Limit  (cost=165745.69..165745.69 rows=1 width=84) (actual time=0.699..0.700 rows=1 loops=1)
               ->  Sort  (cost=165745.69..165745.69 rows=1 width=84) (actual time=0.697..0.698 rows=1 loops=1)
                     Sort Key: (st_distance(st_transform(s_2322.the_geom, 25833), '0101000020E9640000F74CF16DDFDF2341B4C9273EFC0C5741'::geometry))
                     Sort Method: top-N heapsort  Memory: 25kB
                     ->  Seq Scan on phoml_trajectory_tmp s_2322  (cost=0.00..165745.68 rows=1 width=84) (actual time=0.035..0.623 rows=480 loops=1)
                           Filter: ((unix_time >= '1685451450.105'::double precision) AND (unix_time <= '1685451510.105'::double precision) AND st_dwithin(st_transform(the_geom, 25833), '0101000020E9640000F74CF16DDFDF2341B4C9273EFC0C5741'::geometry, '300'::double precision))
                           Rows Removed by Filter: 3180
   ->  Subquery Scan on "*SELECT* 2324"  (cost=165745.69..165745.70 rows=1 width=76) (actual time=0.723..0.724 rows=1 loops=1)
         ->  Limit  (cost=165745.69..165745.69 rows=1 width=84) (actual time=0.720..0.721 rows=1 loops=1)
               ->  Sort  (cost=165745.69..165745.69 rows=1 width=84) (actual time=0.717..0.718 rows=1 loops=1)
                     Sort Key: (st_distance(st_transform(s_2323.the_geom, 25833), '0101000020E96400001DB6DE01E1DF23414B383914FB0C5741'::geometry))
                     Sort Method: top-N heapsort  Memory: 25kB
                     ->  Seq Scan on phoml_trajectory_tmp s_2323  (cost=0.00..165745.68 rows=1 width=84) (actual time=0.035..0.640 rows=480 loops=1)
                           Filter: ((unix_time >= '1685451450.429'::double precision) AND (unix_time <= '1685451510.429'::double precision) AND st_dwithin(st_transform(the_geom, 25833), '0101000020E96400001DB6DE01E1DF23414B383914FB0C5741'::geometry, '300'::double precision))
                           Rows Removed by Filter: 3180
   ->  Subquery Scan on "*SELECT* 2325"  (cost=165745.69..165745.70 rows=1 width=76) (actual time=0.713..0.714 rows=1 loops=1)
         ->  Limit  (cost=165745.69..165745.69 rows=1 width=84) (actual time=0.711..0.711 rows=1 loops=1)
               ->  Sort  (cost=165745.69..165745.69 rows=1 width=84) (actual time=0.709..0.709 rows=1 loops=1)
                     Sort Key: (st_distance(st_transform(s_2324.the_geom, 25833), '0101000020E9640000B45B7E89E2DF2341319BAFD4F90C5741'::geometry))
                     Sort Method: top-N heapsort  Memory: 25kB
                     ->  Seq Scan on phoml_trajectory_tmp s_2324  (cost=0.00..165745.68 rows=1 width=84) (actual time=0.037..0.634 rows=480 loops=1)
                           Filter: ((unix_time >= '1685451450.769'::double precision) AND (unix_time <= '1685451510.769'::double precision) AND st_dwithin(st_transform(the_geom, 25833), '0101000020E9640000B45B7E89E2DF2341319BAFD4F90C5741'::geometry, '300'::double precision))
                           Rows Removed by Filter: 3180
   ->  Subquery Scan on "*SELECT* 2326"  (cost=165745.69..165745.70 rows=1 width=76) (actual time=0.716..0.717 rows=1 loops=1)
         ->  Limit  (cost=165745.69..165745.69 rows=1 width=84) (actual time=0.713..0.714 rows=1 loops=1)
               ->  Sort  (cost=165745.69..165745.69 rows=1 width=84) (actual time=0.711..0.712 rows=1 loops=1)
                     Sort Key: (st_distance(st_transform(s_2325.the_geom, 25833), '0101000020E9640000E9E44C40E4DF2341132CC887F80C5741'::geometry))
                     Sort Method: top-N heapsort  Memory: 25kB
                     ->  Seq Scan on phoml_trajectory_tmp s_2325  (cost=0.00..165745.68 rows=1 width=84) (actual time=0.046..0.637 rows=480 loops=1)
                           Filter: ((unix_time >= '1685451451.129'::double precision) AND (unix_time <= '1685451511.129'::double precision) AND st_dwithin(st_transform(the_geom, 25833), '0101000020E9640000E9E44C40E4DF2341132CC887F80C5741'::geometry, '300'::double precision))
                           Rows Removed by Filter: 3180
   ->  Subquery Scan on "*SELECT* 2327"  (cost=165745.69..165745.70 rows=1 width=76) (actual time=0.723..0.724 rows=1 loops=1)
         ->  Limit  (cost=165745.69..165745.69 rows=1 width=84) (actual time=0.720..0.720 rows=1 loops=1)
               ->  Sort  (cost=165745.69..165745.69 rows=1 width=84) (actual time=0.717..0.718 rows=1 loops=1)
                     Sort Key: (st_distance(st_transform(s_2326.the_geom, 25833), '0101000020E9640000C0A147AFE5DF2341C2A9BF56F70C5741'::geometry))
                     Sort Method: top-N heapsort  Memory: 25kB
                     ->  Seq Scan on phoml_trajectory_tmp s_2326  (cost=0.00..165745.68 rows=1 width=84) (actual time=0.036..0.646 rows=480 loops=1)
                           Filter: ((unix_time >= '1685451451.455'::double precision) AND (unix_time <= '1685451511.455'::double precision) AND st_dwithin(st_transform(the_geom, 25833), '0101000020E9640000C0A147AFE5DF2341C2A9BF56F70C5741'::geometry, '300'::double precision))
                           Rows Removed by Filter: 3180
   ->  Subquery Scan on "*SELECT* 2328"  (cost=165745.69..165745.70 rows=1 width=76) (actual time=0.719..0.720 rows=1 loops=1)
         ->  Limit  (cost=165745.69..165745.69 rows=1 width=84) (actual time=0.715..0.715 rows=1 loops=1)
               ->  Sort  (cost=165745.69..165745.69 rows=1 width=84) (actual time=0.713..0.713 rows=1 loops=1)
                     Sort Key: (st_distance(st_transform(s_2327.the_geom, 25833), '0101000020E9640000FEF00063E7DF23414E062B18F60C5741'::geometry))
                     Sort Method: top-N heapsort  Memory: 25kB
                     ->  Seq Scan on phoml_trajectory_tmp s_2327  (cost=0.00..165745.68 rows=1 width=84) (actual time=0.037..0.640 rows=480 loops=1)
                           Filter: ((unix_time >= '1685451451.795'::double precision) AND (unix_time <= '1685451511.795'::double precision) AND st_dwithin(st_transform(the_geom, 25833), '0101000020E9640000FEF00063E7DF23414E062B18F60C5741'::geometry, '300'::double precision))
                           Rows Removed by Filter: 3180
   ->  Subquery Scan on "*SELECT* 2329"  (cost=165745.69..165745.70 rows=1 width=76) (actual time=0.718..0.719 rows=1 loops=1)
         ->  Limit  (cost=165745.69..165745.69 rows=1 width=84) (actual time=0.715..0.716 rows=1 loops=1)
               ->  Sort  (cost=165745.69..165745.69 rows=1 width=84) (actual time=0.713..0.713 rows=1 loops=1)
                     Sort Key: (st_distance(st_transform(s_2328.the_geom, 25833), '0101000020E9640000CCE94E06E9DF2341259982E7F40C5741'::geometry))
                     Sort Method: top-N heapsort  Memory: 25kB
                     ->  Seq Scan on phoml_trajectory_tmp s_2328  (cost=0.00..165745.68 rows=1 width=84) (actual time=0.049..0.641 rows=480 loops=1)
                           Filter: ((unix_time >= '1685451452.125'::double precision) AND (unix_time <= '1685451512.125'::double precision) AND st_dwithin(st_transform(the_geom, 25833), '0101000020E9640000CCE94E06E9DF2341259982E7F40C5741'::geometry, '300'::double precision))
                           Rows Removed by Filter: 3180
   ->  Subquery Scan on "*SELECT* 2330"  (cost=165745.69..165745.70 rows=1 width=76) (actual time=0.715..0.716 rows=1 loops=1)
         ->  Limit  (cost=165745.69..165745.69 rows=1 width=84) (actual time=0.712..0.713 rows=1 loops=1)
               ->  Sort  (cost=165745.69..165745.69 rows=1 width=84) (actual time=0.710..0.711 rows=1 loops=1)
                     Sort Key: (st_distance(st_transform(s_2329.the_geom, 25833), '0101000020E964000071A34FAFEADF2341AAFE709AF30C5741'::geometry))
                     Sort Method: top-N heapsort  Memory: 25kB
                     ->  Seq Scan on phoml_trajectory_tmp s_2329  (cost=0.00..165745.68 rows=1 width=84) (actual time=0.036..0.635 rows=480 loops=1)
                           Filter: ((unix_time >= '1685451452.48'::double precision) AND (unix_time <= '1685451512.48'::double precision) AND st_dwithin(st_transform(the_geom, 25833), '0101000020E964000071A34FAFEADF2341AAFE709AF30C5741'::geometry, '300'::double precision))
                           Rows Removed by Filter: 3180
   ->  Subquery Scan on "*SELECT* 2331"  (cost=165745.69..165745.70 rows=1 width=76) (actual time=0.717..0.718 rows=1 loops=1)
         ->  Limit  (cost=165745.69..165745.69 rows=1 width=84) (actual time=0.713..0.714 rows=1 loops=1)
               ->  Sort  (cost=165745.69..165745.69 rows=1 width=84) (actual time=0.711..0.711 rows=1 loops=1)
                     Sort Key: (st_distance(st_transform(s_2330.the_geom, 25833), '0101000020E9640000C012D35DECDF23417249BE5BF20C5741'::geometry))
                     Sort Method: top-N heapsort  Memory: 25kB
                     ->  Seq Scan on phoml_trajectory_tmp s_2330  (cost=0.00..165745.68 rows=1 width=84) (actual time=0.037..0.636 rows=480 loops=1)
                           Filter: ((unix_time >= '1685451452.82'::double precision) AND (unix_time <= '1685451512.82'::double precision) AND st_dwithin(st_transform(the_geom, 25833), '0101000020E9640000C012D35DECDF23417249BE5BF20C5741'::geometry, '300'::double precision))
                           Rows Removed by Filter: 3180
   ->  Subquery Scan on "*SELECT* 2332"  (cost=165745.69..165745.70 rows=1 width=76) (actual time=0.731..0.732 rows=1 loops=1)
         ->  Limit  (cost=165745.69..165745.69 rows=1 width=84) (actual time=0.728..0.729 rows=1 loops=1)
               ->  Sort  (cost=165745.69..165745.69 rows=1 width=84) (actual time=0.726..0.726 rows=1 loops=1)
                     Sort Key: (st_distance(st_transform(s_2331.the_geom, 25833), '0101000020E96400009C954E01EEDF23412E562F2BF10C5741'::geometry))
                     Sort Method: top-N heapsort  Memory: 25kB
                     ->  Seq Scan on phoml_trajectory_tmp s_2331  (cost=0.00..165745.68 rows=1 width=84) (actual time=0.038..0.651 rows=480 loops=1)
                           Filter: ((unix_time >= '1685451453.146'::double precision) AND (unix_time <= '1685451513.146'::double precision) AND st_dwithin(st_transform(the_geom, 25833), '0101000020E96400009C954E01EEDF23412E562F2BF10C5741'::geometry, '300'::double precision))
                           Rows Removed by Filter: 3180
   ->  Subquery Scan on "*SELECT* 2333"  (cost=165745.69..165745.70 rows=1 width=76) (actual time=0.703..0.704 rows=1 loops=1)
         ->  Limit  (cost=165745.69..165745.69 rows=1 width=84) (actual time=0.701..0.702 rows=1 loops=1)
               ->  Sort  (cost=165745.69..165745.69 rows=1 width=84) (actual time=0.699..0.699 rows=1 loops=1)
                     Sort Key: (st_distance(st_transform(s_2332.the_geom, 25833), '0101000020E96400007E35CCB0EFDF23419AAFD2FAEF0C5741'::geometry))
                     Sort Method: top-N heapsort  Memory: 25kB
                     ->  Seq Scan on phoml_trajectory_tmp s_2332  (cost=0.00..165745.68 rows=1 width=84) (actual time=0.039..0.628 rows=480 loops=1)
                           Filter: ((unix_time >= '1685451453.476'::double precision) AND (unix_time <= '1685451513.476'::double precision) AND st_dwithin(st_transform(the_geom, 25833), '0101000020E96400007E35CCB0EFDF23419AAFD2FAEF0C5741'::geometry, '300'::double precision))
                           Rows Removed by Filter: 3180
   ->  Subquery Scan on "*SELECT* 2334"  (cost=165745.69..165745.70 rows=1 width=76) (actual time=0.723..0.724 rows=1 loops=1)
         ->  Limit  (cost=165745.69..165745.69 rows=1 width=84) (actual time=0.719..0.720 rows=1 loops=1)
               ->  Sort  (cost=165745.69..165745.69 rows=1 width=84) (actual time=0.716..0.717 rows=1 loops=1)
                     Sort Key: (st_distance(st_transform(s_2333.the_geom, 25833), '0101000020E96400005DDFDB58F1DF2341C9E7F4BBEE0C5741'::geometry))
                     Sort Method: top-N heapsort  Memory: 25kB
                     ->  Seq Scan on phoml_trajectory_tmp s_2333  (cost=0.00..165745.68 rows=1 width=84) (actual time=0.035..0.645 rows=480 loops=1)
                           Filter: ((unix_time >= '1685451453.816'::double precision) AND (unix_time <= '1685451513.816'::double precision) AND st_dwithin(st_transform(the_geom, 25833), '0101000020E96400005DDFDB58F1DF2341C9E7F4BBEE0C5741'::geometry, '300'::double precision))
                           Rows Removed by Filter: 3180
   ->  Subquery Scan on "*SELECT* 2335"  (cost=165745.69..165745.70 rows=1 width=76) (actual time=0.737..0.739 rows=1 loops=1)
         ->  Limit  (cost=165745.69..165745.69 rows=1 width=84) (actual time=0.734..0.735 rows=1 loops=1)
               ->  Sort  (cost=165745.69..165745.69 rows=1 width=84) (actual time=0.732..0.733 rows=1 loops=1)
                     Sort Key: (st_distance(st_transform(s_2334.the_geom, 25833), '0101000020E964000045EB0B09F3DF2341BED6FF75ED0C5741'::geometry))
                     Sort Method: top-N heapsort  Memory: 25kB
                     ->  Seq Scan on phoml_trajectory_tmp s_2334  (cost=0.00..165745.68 rows=1 width=84) (actual time=0.037..0.655 rows=480 loops=1)
                           Filter: ((unix_time >= '1685451454.162'::double precision) AND (unix_time <= '1685451514.162'::double precision) AND st_dwithin(st_transform(the_geom, 25833), '0101000020E964000045EB0B09F3DF2341BED6FF75ED0C5741'::geometry, '300'::double precision))
                           Rows Removed by Filter: 3180
   ->  Subquery Scan on "*SELECT* 2336"  (cost=165745.69..165745.70 rows=1 width=76) (actual time=0.742..0.743 rows=1 loops=1)
         ->  Limit  (cost=165745.69..165745.69 rows=1 width=84) (actual time=0.738..0.739 rows=1 loops=1)
               ->  Sort  (cost=165745.69..165745.69 rows=1 width=84) (actual time=0.736..0.736 rows=1 loops=1)
                     Sort Key: (st_distance(st_transform(s_2335.the_geom, 25833), '0101000020E9640000FA1968ECF4DF23413CB5D637EC0C5741'::geometry))
                     Sort Method: top-N heapsort  Memory: 25kB
                     ->  Seq Scan on phoml_trajectory_tmp s_2335  (cost=0.00..165745.68 rows=1 width=84) (actual time=0.041..0.665 rows=480 loops=1)
                           Filter: ((unix_time >= '1685451454.502'::double precision) AND (unix_time <= '1685451514.502'::double precision) AND st_dwithin(st_transform(the_geom, 25833), '0101000020E9640000FA1968ECF4DF23413CB5D637EC0C5741'::geometry, '300'::double precision))
                           Rows Removed by Filter: 3180
   ->  Subquery Scan on "*SELECT* 2337"  (cost=165745.69..165745.70 rows=1 width=76) (actual time=0.756..0.757 rows=1 loops=1)
         ->  Limit  (cost=165745.69..165745.69 rows=1 width=84) (actual time=0.753..0.754 rows=1 loops=1)
               ->  Sort  (cost=165745.69..165745.69 rows=1 width=84) (actual time=0.751..0.751 rows=1 loops=1)
                     Sort Key: (st_distance(st_transform(s_2336.the_geom, 25833), '0101000020E9640000AAE5DA8DF6DF23419B0D0800EB0C5741'::geometry))
                     Sort Method: top-N heapsort  Memory: 25kB
                     ->  Seq Scan on phoml_trajectory_tmp s_2336  (cost=0.00..165745.68 rows=1 width=84) (actual time=0.041..0.678 rows=480 loops=1)
                           Filter: ((unix_time >= '1685451454.832'::double precision) AND (unix_time <= '1685451514.832'::double precision) AND st_dwithin(st_transform(the_geom, 25833), '0101000020E9640000AAE5DA8DF6DF23419B0D0800EB0C5741'::geometry, '300'::double precision))
                           Rows Removed by Filter: 3180
   ->  Subquery Scan on "*SELECT* 2338"  (cost=165745.69..165745.70 rows=1 width=76) (actual time=0.748..0.750 rows=1 loops=1)
         ->  Limit  (cost=165745.69..165745.69 rows=1 width=84) (actual time=0.743..0.744 rows=1 loops=1)
               ->  Sort  (cost=165745.69..165745.69 rows=1 width=84) (actual time=0.740..0.740 rows=1 loops=1)
                     Sort Key: (st_distance(st_transform(s_2337.the_geom, 25833), '0101000020E9640000EF4E094EF8DF23413EAEBDC1E90C5741'::geometry))
                     Sort Method: top-N heapsort  Memory: 25kB
                     ->  Seq Scan on phoml_trajectory_tmp s_2337  (cost=0.00..165745.68 rows=1 width=84) (actual time=0.038..0.666 rows=480 loops=1)
                           Filter: ((unix_time >= '1685451455.179'::double precision) AND (unix_time <= '1685451515.179'::double precision) AND st_dwithin(st_transform(the_geom, 25833), '0101000020E9640000EF4E094EF8DF23413EAEBDC1E90C5741'::geometry, '300'::double precision))
                           Rows Removed by Filter: 3180
   ->  Subquery Scan on "*SELECT* 2339"  (cost=165745.69..165745.70 rows=1 width=76) (actual time=0.746..0.747 rows=1 loops=1)
         ->  Limit  (cost=165745.69..165745.69 rows=1 width=84) (actual time=0.742..0.743 rows=1 loops=1)
               ->  Sort  (cost=165745.69..165745.69 rows=1 width=84) (actual time=0.740..0.740 rows=1 loops=1)
                     Sort Key: (st_distance(st_transform(s_2338.the_geom, 25833), '0101000020E9640000CC15E711FADF2341FA2F1983E80C5741'::geometry))
                     Sort Method: top-N heapsort  Memory: 25kB
                     ->  Seq Scan on phoml_trajectory_tmp s_2338  (cost=0.00..165745.68 rows=1 width=84) (actual time=0.046..0.665 rows=480 loops=1)
                           Filter: ((unix_time >= '1685451455.509'::double precision) AND (unix_time <= '1685451515.509'::double precision) AND st_dwithin(st_transform(the_geom, 25833), '0101000020E9640000CC15E711FADF2341FA2F1983E80C5741'::geometry, '300'::double precision))
                           Rows Removed by Filter: 3180
   ->  Subquery Scan on "*SELECT* 2340"  (cost=165745.69..165745.70 rows=1 width=76) (actual time=0.730..0.738 rows=1 loops=1)
         ->  Limit  (cost=165745.69..165745.69 rows=1 width=84) (actual time=0.726..0.734 rows=1 loops=1)
               ->  Sort  (cost=165745.69..165745.69 rows=1 width=84) (actual time=0.724..0.724 rows=1 loops=1)
                     Sort Key: (st_distance(st_transform(s_2339.the_geom, 25833), '0101000020E96400007F7350C5FBDF2341EB9BD159E70C5741'::geometry))
                     Sort Method: top-N heapsort  Memory: 25kB
                     ->  Seq Scan on phoml_trajectory_tmp s_2339  (cost=0.00..165745.68 rows=1 width=84) (actual time=0.040..0.643 rows=480 loops=1)
                           Filter: ((unix_time >= '1685451455.829'::double precision) AND (unix_time <= '1685451515.829'::double precision) AND st_dwithin(st_transform(the_geom, 25833), '0101000020E96400007F7350C5FBDF2341EB9BD159E70C5741'::geometry, '300'::double precision))
                           Rows Removed by Filter: 3180
   ->  Subquery Scan on "*SELECT* 2341"  (cost=165745.69..165745.70 rows=1 width=76) (actual time=0.710..0.711 rows=1 loops=1)
         ->  Limit  (cost=165745.69..165745.69 rows=1 width=84) (actual time=0.707..0.708 rows=1 loops=1)
               ->  Sort  (cost=165745.69..165745.69 rows=1 width=84) (actual time=0.705..0.706 rows=1 loops=1)
                     Sort Key: (st_distance(st_transform(s_2340.the_geom, 25833), '0101000020E9640000AB34C556FDDF2341B1F34B13E60C5741'::geometry))
                     Sort Method: top-N heapsort  Memory: 25kB
                     ->  Seq Scan on phoml_trajectory_tmp s_2340  (cost=0.00..165745.68 rows=1 width=84) (actual time=0.040..0.634 rows=480 loops=1)
                           Filter: ((unix_time >= '1685451456.172'::double precision) AND (unix_time <= '1685451516.172'::double precision) AND st_dwithin(st_transform(the_geom, 25833), '0101000020E9640000AB34C556FDDF2341B1F34B13E60C5741'::geometry, '300'::double precision))
                           Rows Removed by Filter: 3180
   ->  Subquery Scan on "*SELECT* 2342"  (cost=165745.69..165745.70 rows=1 width=76) (actual time=0.733..0.735 rows=1 loops=1)
         ->  Limit  (cost=165745.69..165745.69 rows=1 width=84) (actual time=0.730..0.731 rows=1 loops=1)
               ->  Sort  (cost=165745.69..165745.69 rows=1 width=84) (actual time=0.728..0.729 rows=1 loops=1)
                     Sort Key: (st_distance(st_transform(s_2341.the_geom, 25833), '0101000020E96400009FD836FAFEDF23413450DDD3E40C5741'::geometry))
                     Sort Method: top-N heapsort  Memory: 25kB
                     ->  Seq Scan on phoml_trajectory_tmp s_2341  (cost=0.00..165745.68 rows=1 width=84) (actual time=0.036..0.656 rows=480 loops=1)
                           Filter: ((unix_time >= '1685451456.502'::double precision) AND (unix_time <= '1685451516.502'::double precision) AND st_dwithin(st_transform(the_geom, 25833), '0101000020E96400009FD836FAFEDF23413450DDD3E40C5741'::geometry, '300'::double precision))
                           Rows Removed by Filter: 3180
   ->  Subquery Scan on "*SELECT* 2343"  (cost=165745.69..165745.70 rows=1 width=76) (actual time=0.724..0.725 rows=1 loops=1)
         ->  Limit  (cost=165745.69..165745.69 rows=1 width=84) (actual time=0.720..0.721 rows=1 loops=1)
               ->  Sort  (cost=165745.69..165745.69 rows=1 width=84) (actual time=0.718..0.718 rows=1 loops=1)
                     Sort Key: (st_distance(st_transform(s_2342.the_geom, 25833), '0101000020E9640000CCAE297900E02341250E369BE30C5741'::geometry))
                     Sort Method: top-N heapsort  Memory: 25kB
                     ->  Seq Scan on phoml_trajectory_tmp s_2342  (cost=0.00..165745.68 rows=1 width=84) (actual time=0.038..0.647 rows=480 loops=1)
                           Filter: ((unix_time >= '1685451456.832'::double precision) AND (unix_time <= '1685451516.832'::double precision) AND st_dwithin(st_transform(the_geom, 25833), '0101000020E9640000CCAE297900E02341250E369BE30C5741'::geometry, '300'::double precision))
                           Rows Removed by Filter: 3180
   ->  Subquery Scan on "*SELECT* 2344"  (cost=165745.69..165745.70 rows=1 width=76) (actual time=0.718..0.719 rows=1 loops=1)
         ->  Limit  (cost=165745.69..165745.69 rows=1 width=84) (actual time=0.714..0.715 rows=1 loops=1)
               ->  Sort  (cost=165745.69..165745.69 rows=1 width=84) (actual time=0.712..0.712 rows=1 loops=1)
                     Sort Key: (st_distance(st_transform(s_2343.the_geom, 25833), '0101000020E964000064640EF901E02341B4F4775BE20C5741'::geometry))
                     Sort Method: top-N heapsort  Memory: 25kB
                     ->  Seq Scan on phoml_trajectory_tmp s_2343  (cost=0.00..165745.68 rows=1 width=84) (actual time=0.039..0.631 rows=480 loops=1)
                           Filter: ((unix_time >= '1685451457.17'::double precision) AND (unix_time <= '1685451517.17'::double precision) AND st_dwithin(st_transform(the_geom, 25833), '0101000020E964000064640EF901E02341B4F4775BE20C5741'::geometry, '300'::double precision))
                           Rows Removed by Filter: 3180
   ->  Subquery Scan on "*SELECT* 2345"  (cost=165745.69..165745.70 rows=1 width=76) (actual time=0.706..0.707 rows=1 loops=1)
         ->  Limit  (cost=165745.69..165745.69 rows=1 width=84) (actual time=0.703..0.704 rows=1 loops=1)
               ->  Sort  (cost=165745.69..165745.69 rows=1 width=84) (actual time=0.701..0.701 rows=1 loops=1)
                     Sort Key: (st_distance(st_transform(s_2344.the_geom, 25833), '0101000020E9640000AF41F38903E0234193E11E1CE10C5741'::geometry))
                     Sort Method: top-N heapsort  Memory: 25kB
                     ->  Seq Scan on phoml_trajectory_tmp s_2344  (cost=0.00..165745.68 rows=1 width=84) (actual time=0.040..0.632 rows=480 loops=1)
                           Filter: ((unix_time >= '1685451457.5'::double precision) AND (unix_time <= '1685451517.5'::double precision) AND st_dwithin(st_transform(the_geom, 25833), '0101000020E9640000AF41F38903E0234193E11E1CE10C5741'::geometry, '300'::double precision))
                           Rows Removed by Filter: 3180
   ->  Subquery Scan on "*SELECT* 2346"  (cost=165745.69..165745.70 rows=1 width=76) (actual time=0.722..0.723 rows=1 loops=1)
         ->  Limit  (cost=165745.69..165745.69 rows=1 width=84) (actual time=0.719..0.720 rows=1 loops=1)
               ->  Sort  (cost=165745.69..165745.69 rows=1 width=84) (actual time=0.717..0.717 rows=1 loops=1)
                     Sort Key: (st_distance(st_transform(s_2345.the_geom, 25833), '0101000020E96400000946570E05E0234161B4DBEADF0C5741'::geometry))
                     Sort Method: top-N heapsort  Memory: 25kB
                     ->  Seq Scan on phoml_trajectory_tmp s_2345  (cost=0.00..165745.68 rows=1 width=84) (actual time=0.039..0.645 rows=480 loops=1)
                           Filter: ((unix_time >= '1685451457.82'::double precision) AND (unix_time <= '1685451517.82'::double precision) AND st_dwithin(st_transform(the_geom, 25833), '0101000020E96400000946570E05E0234161B4DBEADF0C5741'::geometry, '300'::double precision))
                           Rows Removed by Filter: 3180
   ->  Subquery Scan on "*SELECT* 2347"  (cost=165745.69..165745.70 rows=1 width=76) (actual time=0.717..0.718 rows=1 loops=1)
         ->  Limit  (cost=165745.69..165745.69 rows=1 width=84) (actual time=0.714..0.715 rows=1 loops=1)
               ->  Sort  (cost=165745.69..165745.69 rows=1 width=84) (actual time=0.712..0.712 rows=1 loops=1)
                     Sort Key: (st_distance(st_transform(s_2346.the_geom, 25833), '0101000020E9640000ED9233BE06E02341386D0DA5DE0C5741'::geometry))
                     Sort Method: top-N heapsort  Memory: 25kB
                     ->  Seq Scan on phoml_trajectory_tmp s_2346  (cost=0.00..165745.68 rows=1 width=84) (actual time=0.039..0.641 rows=480 loops=1)
                           Filter: ((unix_time >= '1685451458.155'::double precision) AND (unix_time <= '1685451518.155'::double precision) AND st_dwithin(st_transform(the_geom, 25833), '0101000020E9640000ED9233BE06E02341386D0DA5DE0C5741'::geometry, '300'::double precision))
                           Rows Removed by Filter: 3180
   ->  Subquery Scan on "*SELECT* 2348"  (cost=165745.69..165745.70 rows=1 width=76) (actual time=0.754..0.755 rows=1 loops=1)
         ->  Limit  (cost=165745.69..165745.69 rows=1 width=84) (actual time=0.749..0.750 rows=1 loops=1)
               ->  Sort  (cost=165745.69..165745.69 rows=1 width=84) (actual time=0.747..0.747 rows=1 loops=1)
                     Sort Key: (st_distance(st_transform(s_2347.the_geom, 25833), '0101000020E964000038F5386608E02341AE1F9174DD0C5741'::geometry))
                     Sort Method: top-N heapsort  Memory: 25kB
                     ->  Seq Scan on phoml_trajectory_tmp s_2347  (cost=0.00..165745.68 rows=1 width=84) (actual time=0.038..0.673 rows=480 loops=1)
                           Filter: ((unix_time >= '1685451458.485'::double precision) AND (unix_time <= '1685451518.485'::double precision) AND st_dwithin(st_transform(the_geom, 25833), '0101000020E964000038F5386608E02341AE1F9174DD0C5741'::geometry, '300'::double precision))
                           Rows Removed by Filter: 3180
   ->  Subquery Scan on "*SELECT* 2349"  (cost=165745.69..165745.70 rows=1 width=76) (actual time=0.759..0.760 rows=1 loops=1)
         ->  Limit  (cost=165745.69..165745.69 rows=1 width=84) (actual time=0.757..0.758 rows=1 loops=1)
               ->  Sort  (cost=165745.69..165745.69 rows=1 width=84) (actual time=0.754..0.755 rows=1 loops=1)
                     Sort Key: (st_distance(st_transform(s_2348.the_geom, 25833), '0101000020E964000027CA060F0AE02341F88BB735DC0C5741'::geometry))
                     Sort Method: top-N heapsort  Memory: 25kB
                     ->  Seq Scan on phoml_trajectory_tmp s_2348  (cost=0.00..165745.68 rows=1 width=84) (actual time=0.049..0.682 rows=480 loops=1)
                           Filter: ((unix_time >= '1685451458.815'::double precision) AND (unix_time <= '1685451518.815'::double precision) AND st_dwithin(st_transform(the_geom, 25833), '0101000020E964000027CA060F0AE02341F88BB735DC0C5741'::geometry, '300'::double precision))
                           Rows Removed by Filter: 3180
   ->  Subquery Scan on "*SELECT* 2350"  (cost=165745.69..165745.70 rows=1 width=76) (actual time=0.769..0.770 rows=1 loops=1)
         ->  Limit  (cost=165745.69..165745.69 rows=1 width=84) (actual time=0.765..0.766 rows=1 loops=1)
               ->  Sort  (cost=165745.69..165745.69 rows=1 width=84) (actual time=0.763..0.763 rows=1 loops=1)
                     Sort Key: (st_distance(st_transform(s_2349.the_geom, 25833), '0101000020E96400004DA7DDE00BE0234115564CF7DA0C5741'::geometry))
                     Sort Method: top-N heapsort  Memory: 25kB
                     ->  Seq Scan on phoml_trajectory_tmp s_2349  (cost=0.00..165745.68 rows=1 width=84) (actual time=0.064..0.691 rows=480 loops=1)
                           Filter: ((unix_time >= '1685451459.159'::double precision) AND (unix_time <= '1685451519.159'::double precision) AND st_dwithin(st_transform(the_geom, 25833), '0101000020E96400004DA7DDE00BE0234115564CF7DA0C5741'::geometry, '300'::double precision))
                           Rows Removed by Filter: 3180
   ->  Subquery Scan on "*SELECT* 2351"  (cost=165745.69..165745.70 rows=1 width=76) (actual time=0.734..0.735 rows=1 loops=1)
         ->  Limit  (cost=165745.69..165745.69 rows=1 width=84) (actual time=0.731..0.731 rows=1 loops=1)
               ->  Sort  (cost=165745.69..165745.69 rows=1 width=84) (actual time=0.728..0.729 rows=1 loops=1)
                     Sort Key: (st_distance(st_transform(s_2350.the_geom, 25833), '0101000020E9640000CCCA08870DE023411C4E88B8D90C5741'::geometry))
                     Sort Method: top-N heapsort  Memory: 25kB
                     ->  Seq Scan on phoml_trajectory_tmp s_2350  (cost=0.00..165745.68 rows=1 width=84) (actual time=0.040..0.654 rows=480 loops=1)
                           Filter: ((unix_time >= '1685451459.489'::double precision) AND (unix_time <= '1685451519.489'::double precision) AND st_dwithin(st_transform(the_geom, 25833), '0101000020E9640000CCCA08870DE023411C4E88B8D90C5741'::geometry, '300'::double precision))
                           Rows Removed by Filter: 3180
   ->  Subquery Scan on "*SELECT* 2352"  (cost=165745.69..165745.70 rows=1 width=76) (actual time=0.722..0.723 rows=1 loops=1)
         ->  Limit  (cost=165745.69..165745.69 rows=1 width=84) (actual time=0.717..0.718 rows=1 loops=1)
               ->  Sort  (cost=165745.69..165745.69 rows=1 width=84) (actual time=0.715..0.715 rows=1 loops=1)
                     Sort Key: (st_distance(st_transform(s_2351.the_geom, 25833), '0101000020E9640000FDA519280FE02341EA97B180D80C5741'::geometry))
                     Sort Method: top-N heapsort  Memory: 25kB
                     ->  Seq Scan on phoml_trajectory_tmp s_2351  (cost=0.00..165745.68 rows=1 width=84) (actual time=0.044..0.644 rows=480 loops=1)
                           Filter: ((unix_time >= '1685451459.819'::double precision) AND (unix_time <= '1685451519.819'::double precision) AND st_dwithin(st_transform(the_geom, 25833), '0101000020E9640000FDA519280FE02341EA97B180D80C5741'::geometry, '300'::double precision))
                           Rows Removed by Filter: 3180
   ->  Subquery Scan on "*SELECT* 2353"  (cost=165745.69..165745.70 rows=1 width=76) (actual time=0.708..0.709 rows=1 loops=1)
         ->  Limit  (cost=165745.69..165745.69 rows=1 width=84) (actual time=0.706..0.706 rows=1 loops=1)
               ->  Sort  (cost=165745.69..165745.69 rows=1 width=84) (actual time=0.704..0.704 rows=1 loops=1)
                     Sort Key: (st_distance(st_transform(s_2352.the_geom, 25833), '0101000020E9640000120795B610E02341F40B3F41D70C5741'::geometry))
                     Sort Method: top-N heapsort  Memory: 25kB
                     ->  Seq Scan on phoml_trajectory_tmp s_2352  (cost=0.00..165745.68 rows=1 width=84) (actual time=0.041..0.632 rows=480 loops=1)
                           Filter: ((unix_time >= '1685451460.164'::double precision) AND (unix_time <= '1685451520.164'::double precision) AND st_dwithin(st_transform(the_geom, 25833), '0101000020E9640000120795B610E02341F40B3F41D70C5741'::geometry, '300'::double precision))
                           Rows Removed by Filter: 3180
   ->  Subquery Scan on "*SELECT* 2354"  (cost=165745.69..165745.70 rows=1 width=76) (actual time=0.714..0.716 rows=1 loops=1)
         ->  Limit  (cost=165745.69..165745.69 rows=1 width=84) (actual time=0.711..0.712 rows=1 loops=1)
               ->  Sort  (cost=165745.69..165745.69 rows=1 width=84) (actual time=0.709..0.709 rows=1 loops=1)
                     Sort Key: (st_distance(st_transform(s_2353.the_geom, 25833), '0101000020E964000081A5FB4612E02341ECE0E401D60C5741'::geometry))
                     Sort Method: top-N heapsort  Memory: 25kB
                     ->  Seq Scan on phoml_trajectory_tmp s_2353  (cost=0.00..165745.68 rows=1 width=84) (actual time=0.037..0.639 rows=480 loops=1)
                           Filter: ((unix_time >= '1685451460.494'::double precision) AND (unix_time <= '1685451520.494'::double precision) AND st_dwithin(st_transform(the_geom, 25833), '0101000020E964000081A5FB4612E02341ECE0E401D60C5741'::geometry, '300'::double precision))
                           Rows Removed by Filter: 3180
   ->  Subquery Scan on "*SELECT* 2355"  (cost=165745.69..165745.70 rows=1 width=76) (actual time=0.751..0.752 rows=1 loops=1)
         ->  Limit  (cost=165745.69..165745.69 rows=1 width=84) (actual time=0.747..0.748 rows=1 loops=1)
               ->  Sort  (cost=165745.69..165745.69 rows=1 width=84) (actual time=0.745..0.745 rows=1 loops=1)
                     Sort Key: (st_distance(st_transform(s_2354.the_geom, 25833), '0101000020E96400009FE9CFA413E023412828A8C8D40C5741'::geometry))
                     Sort Method: top-N heapsort  Memory: 25kB
                     ->  Seq Scan on phoml_trajectory_tmp s_2354  (cost=0.00..165745.68 rows=1 width=84) (actual time=0.040..0.672 rows=480 loops=1)
                           Filter: ((unix_time >= '1685451460.824'::double precision) AND (unix_time <= '1685451520.824'::double precision) AND st_dwithin(st_transform(the_geom, 25833), '0101000020E96400009FE9CFA413E023412828A8C8D40C5741'::geometry, '300'::double precision))
                           Rows Removed by Filter: 3180
   ->  Subquery Scan on "*SELECT* 2356"  (cost=165745.69..165745.70 rows=1 width=76) (actual time=0.721..0.722 rows=1 loops=1)
         ->  Limit  (cost=165745.69..165745.69 rows=1 width=84) (actual time=0.717..0.718 rows=1 loops=1)
               ->  Sort  (cost=165745.69..165745.69 rows=1 width=84) (actual time=0.715..0.716 rows=1 loops=1)
                     Sort Key: (st_distance(st_transform(s_2355.the_geom, 25833), '0101000020E9640000645A1E2215E02341515F1589D30C5741'::geometry))
                     Sort Method: top-N heapsort  Memory: 25kB
                     ->  Seq Scan on phoml_trajectory_tmp s_2355  (cost=0.00..165745.68 rows=1 width=84) (actual time=0.040..0.642 rows=480 loops=1)
                           Filter: ((unix_time >= '1685451461.162'::double precision) AND (unix_time <= '1685451521.162'::double precision) AND st_dwithin(st_transform(the_geom, 25833), '0101000020E9640000645A1E2215E02341515F1589D30C5741'::geometry, '300'::double precision))
                           Rows Removed by Filter: 3180
   ->  Subquery Scan on "*SELECT* 2357"  (cost=165745.69..165745.70 rows=1 width=76) (actual time=0.708..0.709 rows=1 loops=1)
         ->  Limit  (cost=165745.69..165745.69 rows=1 width=84) (actual time=0.706..0.707 rows=1 loops=1)
               ->  Sort  (cost=165745.69..165745.69 rows=1 width=84) (actual time=0.704..0.704 rows=1 loops=1)
                     Sort Key: (st_distance(st_transform(s_2356.the_geom, 25833), '0101000020E9640000F80F118A16E02341C5B59350D20C5741'::geometry))
                     Sort Method: top-N heapsort  Memory: 25kB
                     ->  Seq Scan on phoml_trajectory_tmp s_2356  (cost=0.00..165745.68 rows=1 width=84) (actual time=0.039..0.633 rows=480 loops=1)
                           Filter: ((unix_time >= '1685451461.502'::double precision) AND (unix_time <= '1685451521.502'::double precision) AND st_dwithin(st_transform(the_geom, 25833), '0101000020E9640000F80F118A16E02341C5B59350D20C5741'::geometry, '300'::double precision))
                           Rows Removed by Filter: 3180
   ->  Subquery Scan on "*SELECT* 2358"  (cost=165745.69..165745.70 rows=1 width=76) (actual time=0.726..0.727 rows=1 loops=1)
         ->  Limit  (cost=165745.69..165745.69 rows=1 width=84) (actual time=0.723..0.724 rows=1 loops=1)
               ->  Sort  (cost=165745.69..165745.69 rows=1 width=84) (actual time=0.720..0.721 rows=1 loops=1)
                     Sort Key: (st_distance(st_transform(s_2357.the_geom, 25833), '0101000020E9640000EA9C8AF217E02341AC303018D10C5741'::geometry))
                     Sort Method: top-N heapsort  Memory: 25kB
                     ->  Seq Scan on phoml_trajectory_tmp s_2357  (cost=0.00..165745.68 rows=1 width=84) (actual time=0.039..0.649 rows=480 loops=1)
                           Filter: ((unix_time >= '1685451461.832'::double precision) AND (unix_time <= '1685451521.832'::double precision) AND st_dwithin(st_transform(the_geom, 25833), '0101000020E9640000EA9C8AF217E02341AC303018D10C5741'::geometry, '300'::double precision))
                           Rows Removed by Filter: 3180
   ->  Subquery Scan on "*SELECT* 2359"  (cost=165745.69..165745.70 rows=1 width=76) (actual time=0.722..0.723 rows=1 loops=1)
         ->  Limit  (cost=165745.69..165745.69 rows=1 width=84) (actual time=0.718..0.719 rows=1 loops=1)
               ->  Sort  (cost=165745.69..165745.69 rows=1 width=84) (actual time=0.716..0.716 rows=1 loops=1)
                     Sort Key: (st_distance(st_transform(s_2358.the_geom, 25833), '0101000020E9640000520E8D8F19E023416CD9E6E0CF0C5741'::geometry))
                     Sort Method: top-N heapsort  Memory: 25kB
                     ->  Seq Scan on phoml_trajectory_tmp s_2358  (cost=0.00..165745.68 rows=1 width=84) (actual time=0.040..0.645 rows=480 loops=1)
                           Filter: ((unix_time >= '1685451462.177'::double precision) AND (unix_time <= '1685451522.177'::double precision) AND st_dwithin(st_transform(the_geom, 25833), '0101000020E9640000520E8D8F19E023416CD9E6E0CF0C5741'::geometry, '300'::double precision))
                           Rows Removed by Filter: 3180
   ->  Subquery Scan on "*SELECT* 2360"  (cost=165745.69..165745.70 rows=1 width=76) (actual time=0.732..0.733 rows=1 loops=1)
         ->  Limit  (cost=165745.69..165745.69 rows=1 width=84) (actual time=0.729..0.729 rows=1 loops=1)
               ->  Sort  (cost=165745.69..165745.69 rows=1 width=84) (actual time=0.727..0.727 rows=1 loops=1)
                     Sort Key: (st_distance(st_transform(s_2359.the_geom, 25833), '0101000020E9640000322D422B1BE02341EA515593CE0C5741'::geometry))
                     Sort Method: top-N heapsort  Memory: 25kB
                     ->  Seq Scan on phoml_trajectory_tmp s_2359  (cost=0.00..165745.68 rows=1 width=84) (actual time=0.039..0.654 rows=480 loops=1)
                           Filter: ((unix_time >= '1685451462.527'::double precision) AND (unix_time <= '1685451522.527'::double precision) AND st_dwithin(st_transform(the_geom, 25833), '0101000020E9640000322D422B1BE02341EA515593CE0C5741'::geometry, '300'::double precision))
                           Rows Removed by Filter: 3180
   ->  Subquery Scan on "*SELECT* 2361"  (cost=165745.69..165745.70 rows=1 width=76) (actual time=0.711..0.713 rows=1 loops=1)
         ->  Limit  (cost=165745.69..165745.69 rows=1 width=84) (actual time=0.709..0.710 rows=1 loops=1)
               ->  Sort  (cost=165745.69..165745.69 rows=1 width=84) (actual time=0.707..0.708 rows=1 loops=1)
                     Sort Key: (st_distance(st_transform(s_2360.the_geom, 25833), '0101000020E9640000C1FC719E1CE0234171D7435BCD0C5741'::geometry))
                     Sort Method: top-N heapsort  Memory: 25kB
                     ->  Seq Scan on phoml_trajectory_tmp s_2360  (cost=0.00..165745.68 rows=1 width=84) (actual time=0.041..0.638 rows=480 loops=1)
                           Filter: ((unix_time >= '1685451462.867'::double precision) AND (unix_time <= '1685451522.867'::double precision) AND st_dwithin(st_transform(the_geom, 25833), '0101000020E9640000C1FC719E1CE0234171D7435BCD0C5741'::geometry, '300'::double precision))
                           Rows Removed by Filter: 3180
   ->  Subquery Scan on "*SELECT* 2362"  (cost=165745.69..165745.70 rows=1 width=76) (actual time=0.716..0.718 rows=1 loops=1)
         ->  Limit  (cost=165745.69..165745.69 rows=1 width=84) (actual time=0.712..0.714 rows=1 loops=1)
               ->  Sort  (cost=165745.69..165745.69 rows=1 width=84) (actual time=0.710..0.711 rows=1 loops=1)
                     Sort Key: (st_distance(st_transform(s_2361.the_geom, 25833), '0101000020E96400005E62815A1EE02341CA132F15CC0C5741'::geometry))
                     Sort Method: top-N heapsort  Memory: 25kB
                     ->  Seq Scan on phoml_trajectory_tmp s_2361  (cost=0.00..165745.68 rows=1 width=84) (actual time=0.038..0.641 rows=480 loops=1)
                           Filter: ((unix_time >= '1685451463.221'::double precision) AND (unix_time <= '1685451523.221'::double precision) AND st_dwithin(st_transform(the_geom, 25833), '0101000020E96400005E62815A1EE02341CA132F15CC0C5741'::geometry, '300'::double precision))
                           Rows Removed by Filter: 3180
   ->  Subquery Scan on "*SELECT* 2363"  (cost=165745.69..165745.70 rows=1 width=76) (actual time=0.755..0.756 rows=1 loops=1)
         ->  Limit  (cost=165745.69..165745.69 rows=1 width=84) (actual time=0.747..0.748 rows=1 loops=1)
               ->  Sort  (cost=165745.69..165745.69 rows=1 width=84) (actual time=0.745..0.745 rows=1 loops=1)
                     Sort Key: (st_distance(st_transform(s_2362.the_geom, 25833), '0101000020E9640000B89BBA1620E02341F99853E6CA0C5741'::geometry))
                     Sort Method: top-N heapsort  Memory: 25kB
                     ->  Seq Scan on phoml_trajectory_tmp s_2362  (cost=0.00..165745.68 rows=1 width=84) (actual time=0.040..0.672 rows=480 loops=1)
                           Filter: ((unix_time >= '1685451463.551'::double precision) AND (unix_time <= '1685451523.551'::double precision) AND st_dwithin(st_transform(the_geom, 25833), '0101000020E9640000B89BBA1620E02341F99853E6CA0C5741'::geometry, '300'::double precision))
                           Rows Removed by Filter: 3180
   ->  Subquery Scan on "*SELECT* 2364"  (cost=165745.69..165745.70 rows=1 width=76) (actual time=0.738..0.739 rows=1 loops=1)
         ->  Limit  (cost=165745.69..165745.69 rows=1 width=84) (actual time=0.734..0.735 rows=1 loops=1)
               ->  Sort  (cost=165745.69..165745.69 rows=1 width=84) (actual time=0.727..0.727 rows=1 loops=1)
                     Sort Key: (st_distance(st_transform(s_2363.the_geom, 25833), '0101000020E9640000D9127DD721E023413D0606A8C90C5741'::geometry))
                     Sort Method: top-N heapsort  Memory: 25kB
                     ->  Seq Scan on phoml_trajectory_tmp s_2363  (cost=0.00..165745.68 rows=1 width=84) (actual time=0.046..0.649 rows=480 loops=1)
                           Filter: ((unix_time >= '1685451463.901'::double precision) AND (unix_time <= '1685451523.901'::double precision) AND st_dwithin(st_transform(the_geom, 25833), '0101000020E9640000D9127DD721E023413D0606A8C90C5741'::geometry, '300'::double precision))
                           Rows Removed by Filter: 3180
   ->  Subquery Scan on "*SELECT* 2365"  (cost=165745.69..165745.70 rows=1 width=76) (actual time=0.718..0.719 rows=1 loops=1)
         ->  Limit  (cost=165745.69..165745.69 rows=1 width=84) (actual time=0.716..0.717 rows=1 loops=1)
               ->  Sort  (cost=165745.69..165745.69 rows=1 width=84) (actual time=0.714..0.714 rows=1 loops=1)
                     Sort Key: (st_distance(st_transform(s_2364.the_geom, 25833), '0101000020E9640000ED7261BC23E023414FC80D72C80C5741'::geometry))
                     Sort Method: top-N heapsort  Memory: 25kB
                     ->  Seq Scan on phoml_trajectory_tmp s_2364  (cost=0.00..165745.68 rows=1 width=84) (actual time=0.043..0.642 rows=480 loops=1)
                           Filter: ((unix_time >= '1685451464.247'::double precision) AND (unix_time <= '1685451524.247'::double precision) AND st_dwithin(st_transform(the_geom, 25833), '0101000020E9640000ED7261BC23E023414FC80D72C80C5741'::geometry, '300'::double precision))
                           Rows Removed by Filter: 3180
   ->  Subquery Scan on "*SELECT* 2366"  (cost=165745.69..165745.70 rows=1 width=76) (actual time=0.716..0.717 rows=1 loops=1)
         ->  Limit  (cost=165745.69..165745.69 rows=1 width=84) (actual time=0.713..0.713 rows=1 loops=1)
               ->  Sort  (cost=165745.69..165745.69 rows=1 width=84) (actual time=0.711..0.711 rows=1 loops=1)
                     Sort Key: (st_distance(st_transform(s_2365.the_geom, 25833), '0101000020E9640000FE635D8A25E023418862343CC70C5741'::geometry))
                     Sort Method: top-N heapsort  Memory: 25kB
                     ->  Seq Scan on phoml_trajectory_tmp s_2365  (cost=0.00..165745.68 rows=1 width=84) (actual time=0.040..0.641 rows=480 loops=1)
                           Filter: ((unix_time >= '1685451464.587'::double precision) AND (unix_time <= '1685451524.587'::double precision) AND st_dwithin(st_transform(the_geom, 25833), '0101000020E9640000FE635D8A25E023418862343CC70C5741'::geometry, '300'::double precision))
                           Rows Removed by Filter: 3180
   ->  Subquery Scan on "*SELECT* 2367"  (cost=165745.69..165745.70 rows=1 width=76) (actual time=0.726..0.727 rows=1 loops=1)
         ->  Limit  (cost=165745.69..165745.69 rows=1 width=84) (actual time=0.723..0.724 rows=1 loops=1)
               ->  Sort  (cost=165745.69..165745.69 rows=1 width=84) (actual time=0.721..0.721 rows=1 loops=1)
                     Sort Key: (st_distance(st_transform(s_2366.the_geom, 25833), '0101000020E9640000C5D3E52F27E02341C0F9B303C60C5741'::geometry))
                     Sort Method: top-N heapsort  Memory: 25kB
                     ->  Seq Scan on phoml_trajectory_tmp s_2366  (cost=0.00..165745.68 rows=1 width=84) (actual time=0.041..0.649 rows=480 loops=1)
                           Filter: ((unix_time >= '1685451464.927'::double precision) AND (unix_time <= '1685451524.927'::double precision) AND st_dwithin(st_transform(the_geom, 25833), '0101000020E9640000C5D3E52F27E02341C0F9B303C60C5741'::geometry, '300'::double precision))
                           Rows Removed by Filter: 3180
   ->  Subquery Scan on "*SELECT* 2368"  (cost=165745.69..165745.70 rows=1 width=76) (actual time=0.705..0.706 rows=1 loops=1)
         ->  Limit  (cost=165745.69..165745.69 rows=1 width=84) (actual time=0.702..0.703 rows=1 loops=1)
               ->  Sort  (cost=165745.69..165745.69 rows=1 width=84) (actual time=0.700..0.700 rows=1 loops=1)
                     Sort Key: (st_distance(st_transform(s_2367.the_geom, 25833), '0101000020E96400008CF7CFD328E023415D260CCBC40C5741'::geometry))
                     Sort Method: top-N heapsort  Memory: 25kB
                     ->  Seq Scan on phoml_trajectory_tmp s_2367  (cost=0.00..165745.68 rows=1 width=84) (actual time=0.038..0.630 rows=480 loops=1)
                           Filter: ((unix_time >= '1685451465.274'::double precision) AND (unix_time <= '1685451525.274'::double precision) AND st_dwithin(st_transform(the_geom, 25833), '0101000020E96400008CF7CFD328E023415D260CCBC40C5741'::geometry, '300'::double precision))
                           Rows Removed by Filter: 3180
   ->  Subquery Scan on "*SELECT* 2369"  (cost=165745.69..165745.70 rows=1 width=76) (actual time=0.746..0.748 rows=1 loops=1)
         ->  Limit  (cost=165745.69..165745.69 rows=1 width=84) (actual time=0.744..0.745 rows=1 loops=1)
               ->  Sort  (cost=165745.69..165745.69 rows=1 width=84) (actual time=0.742..0.742 rows=1 loops=1)
                     Sort Key: (st_distance(st_transform(s_2368.the_geom, 25833), '0101000020E9640000DC5E8E5C2AE02341689FAF84C30C5741'::geometry))
                     Sort Method: top-N heapsort  Memory: 25kB
                     ->  Seq Scan on phoml_trajectory_tmp s_2368  (cost=0.00..165745.68 rows=1 width=84) (actual time=0.077..0.670 rows=480 loops=1)
                           Filter: ((unix_time >= '1685451465.634'::double precision) AND (unix_time <= '1685451525.634'::double precision) AND st_dwithin(st_transform(the_geom, 25833), '0101000020E9640000DC5E8E5C2AE02341689FAF84C30C5741'::geometry, '300'::double precision))
                           Rows Removed by Filter: 3180
   ->  Subquery Scan on "*SELECT* 2370"  (cost=165745.69..165745.70 rows=1 width=76) (actual time=0.718..0.719 rows=1 loops=1)
         ->  Limit  (cost=165745.69..165745.69 rows=1 width=84) (actual time=0.715..0.716 rows=1 loops=1)
               ->  Sort  (cost=165745.69..165745.69 rows=1 width=84) (actual time=0.713..0.713 rows=1 loops=1)
                     Sort Key: (st_distance(st_transform(s_2369.the_geom, 25833), '0101000020E9640000B54E58B72BE0234185FEDB4AC20C5741'::geometry))
                     Sort Method: top-N heapsort  Memory: 25kB
                     ->  Seq Scan on phoml_trajectory_tmp s_2369  (cost=0.00..165745.68 rows=1 width=84) (actual time=0.038..0.642 rows=480 loops=1)
                           Filter: ((unix_time >= '1685451465.974'::double precision) AND (unix_time <= '1685451525.974'::double precision) AND st_dwithin(st_transform(the_geom, 25833), '0101000020E9640000B54E58B72BE0234185FEDB4AC20C5741'::geometry, '300'::double precision))
                           Rows Removed by Filter: 3180
   ->  Subquery Scan on "*SELECT* 2371"  (cost=165745.69..165745.70 rows=1 width=76) (actual time=0.723..0.725 rows=1 loops=1)
         ->  Limit  (cost=165745.69..165745.69 rows=1 width=84) (actual time=0.719..0.720 rows=1 loops=1)
               ->  Sort  (cost=165745.69..165745.69 rows=1 width=84) (actual time=0.717..0.717 rows=1 loops=1)
                     Sort Key: (st_distance(st_transform(s_2370.the_geom, 25833), '0101000020E96400005AA9E72A2DE023416BD4D10AC10C5741'::geometry))
                     Sort Method: top-N heapsort  Memory: 25kB
                     ->  Seq Scan on phoml_trajectory_tmp s_2370  (cost=0.00..165745.68 rows=1 width=84) (actual time=0.042..0.643 rows=480 loops=1)
                           Filter: ((unix_time >= '1685451466.319'::double precision) AND (unix_time <= '1685451526.319'::double precision) AND st_dwithin(st_transform(the_geom, 25833), '0101000020E96400005AA9E72A2DE023416BD4D10AC10C5741'::geometry, '300'::double precision))
                           Rows Removed by Filter: 3180
   ->  Subquery Scan on "*SELECT* 2372"  (cost=165745.69..165745.70 rows=1 width=76) (actual time=0.716..0.717 rows=1 loops=1)
         ->  Limit  (cost=165745.69..165745.69 rows=1 width=84) (actual time=0.714..0.714 rows=1 loops=1)
               ->  Sort  (cost=165745.69..165745.69 rows=1 width=84) (actual time=0.711..0.711 rows=1 loops=1)
                     Sort Key: (st_distance(st_transform(s_2371.the_geom, 25833), '0101000020E96400004E64B96B2EE02341222FB2D8BF0C5741'::geometry))
                     Sort Method: top-N heapsort  Memory: 25kB
                     ->  Seq Scan on phoml_trajectory_tmp s_2371  (cost=0.00..165745.68 rows=1 width=84) (actual time=0.048..0.639 rows=480 loops=1)
                           Filter: ((unix_time >= '1685451466.649'::double precision) AND (unix_time <= '1685451526.649'::double precision) AND st_dwithin(st_transform(the_geom, 25833), '0101000020E96400004E64B96B2EE02341222FB2D8BF0C5741'::geometry, '300'::double precision))
                           Rows Removed by Filter: 3180
   ->  Subquery Scan on "*SELECT* 2373"  (cost=165745.69..165745.70 rows=1 width=76) (actual time=0.727..0.728 rows=1 loops=1)
         ->  Limit  (cost=165745.69..165745.69 rows=1 width=84) (actual time=0.724..0.725 rows=1 loops=1)
               ->  Sort  (cost=165745.69..165745.69 rows=1 width=84) (actual time=0.722..0.722 rows=1 loops=1)
                     Sort Key: (st_distance(st_transform(s_2372.the_geom, 25833), '0101000020E964000044FE37F02FE023414DAD4F99BE0C5741'::geometry))
                     Sort Method: top-N heapsort  Memory: 25kB
                     ->  Seq Scan on phoml_trajectory_tmp s_2372  (cost=0.00..165745.68 rows=1 width=84) (actual time=0.052..0.647 rows=480 loops=1)
                           Filter: ((unix_time >= '1685451466.989'::double precision) AND (unix_time <= '1685451526.989'::double precision) AND st_dwithin(st_transform(the_geom, 25833), '0101000020E964000044FE37F02FE023414DAD4F99BE0C5741'::geometry, '300'::double precision))
                           Rows Removed by Filter: 3180
   ->  Subquery Scan on "*SELECT* 2374"  (cost=165745.69..165745.70 rows=1 width=76) (actual time=0.725..0.726 rows=1 loops=1)
         ->  Limit  (cost=165745.69..165745.69 rows=1 width=84) (actual time=0.721..0.722 rows=1 loops=1)
               ->  Sort  (cost=165745.69..165745.69 rows=1 width=84) (actual time=0.719..0.719 rows=1 loops=1)
                     Sort Key: (st_distance(st_transform(s_2373.the_geom, 25833), '0101000020E96400008636827031E02341401DDE60BD0C5741'::geometry))
                     Sort Method: top-N heapsort  Memory: 25kB
                     ->  Seq Scan on phoml_trajectory_tmp s_2373  (cost=0.00..165745.68 rows=1 width=84) (actual time=0.038..0.647 rows=480 loops=1)
                           Filter: ((unix_time >= '1685451467.323'::double precision) AND (unix_time <= '1685451527.323'::double precision) AND st_dwithin(st_transform(the_geom, 25833), '0101000020E96400008636827031E02341401DDE60BD0C5741'::geometry, '300'::double precision))
                           Rows Removed by Filter: 3180
   ->  Subquery Scan on "*SELECT* 2375"  (cost=165745.69..165745.70 rows=1 width=76) (actual time=0.746..0.748 rows=1 loops=1)
         ->  Limit  (cost=165745.69..165745.69 rows=1 width=84) (actual time=0.742..0.743 rows=1 loops=1)
               ->  Sort  (cost=165745.69..165745.69 rows=1 width=84) (actual time=0.740..0.741 rows=1 loops=1)
                     Sort Key: (st_distance(st_transform(s_2374.the_geom, 25833), '0101000020E964000080D191D032E02341AE247119BC0C5741'::geometry))
                     Sort Method: top-N heapsort  Memory: 25kB
                     ->  Seq Scan on phoml_trajectory_tmp s_2374  (cost=0.00..165745.68 rows=1 width=84) (actual time=0.045..0.669 rows=480 loops=1)
                           Filter: ((unix_time >= '1685451467.673'::double precision) AND (unix_time <= '1685451527.673'::double precision) AND st_dwithin(st_transform(the_geom, 25833), '0101000020E964000080D191D032E02341AE247119BC0C5741'::geometry, '300'::double precision))
                           Rows Removed by Filter: 3180
   ->  Subquery Scan on "*SELECT* 2376"  (cost=165745.69..165745.70 rows=1 width=76) (actual time=0.729..0.730 rows=1 loops=1)
         ->  Limit  (cost=165745.69..165745.69 rows=1 width=84) (actual time=0.727..0.728 rows=1 loops=1)
               ->  Sort  (cost=165745.69..165745.69 rows=1 width=84) (actual time=0.724..0.725 rows=1 loops=1)
                     Sort Key: (st_distance(st_transform(s_2375.the_geom, 25833), '0101000020E96400003C3B625D34E0234125C7E9E8BA0C5741'::geometry))
                     Sort Method: top-N heapsort  Memory: 25kB
                     ->  Seq Scan on phoml_trajectory_tmp s_2375  (cost=0.00..165745.68 rows=1 width=84) (actual time=0.042..0.652 rows=480 loops=1)
                           Filter: ((unix_time >= '1685451467.993'::double precision) AND (unix_time <= '1685451527.993'::double precision) AND st_dwithin(st_transform(the_geom, 25833), '0101000020E96400003C3B625D34E0234125C7E9E8BA0C5741'::geometry, '300'::double precision))
                           Rows Removed by Filter: 3180
   ->  Subquery Scan on "*SELECT* 2377"  (cost=165745.69..165745.70 rows=1 width=76) (actual time=0.753..0.754 rows=1 loops=1)
         ->  Limit  (cost=165745.69..165745.69 rows=1 width=84) (actual time=0.750..0.751 rows=1 loops=1)
               ->  Sort  (cost=165745.69..165745.69 rows=1 width=84) (actual time=0.748..0.749 rows=1 loops=1)
                     Sort Key: (st_distance(st_transform(s_2376.the_geom, 25833), '0101000020E9640000F8564EEF35E02341F3E7219BB90C5741'::geometry))
                     Sort Method: top-N heapsort  Memory: 25kB
                     ->  Seq Scan on phoml_trajectory_tmp s_2376  (cost=0.00..165745.68 rows=1 width=84) (actual time=0.053..0.675 rows=480 loops=1)
                           Filter: ((unix_time >= '1685451468.344'::double precision) AND (unix_time <= '1685451528.344'::double precision) AND st_dwithin(st_transform(the_geom, 25833), '0101000020E9640000F8564EEF35E02341F3E7219BB90C5741'::geometry, '300'::double precision))
                           Rows Removed by Filter: 3180
   ->  Subquery Scan on "*SELECT* 2378"  (cost=165745.69..165745.70 rows=1 width=76) (actual time=0.780..0.782 rows=1 loops=1)
         ->  Limit  (cost=165745.69..165745.69 rows=1 width=84) (actual time=0.774..0.775 rows=1 loops=1)
               ->  Sort  (cost=165745.69..165745.69 rows=1 width=84) (actual time=0.771..0.772 rows=1 loops=1)
                     Sort Key: (st_distance(st_transform(s_2377.the_geom, 25833), '0101000020E96400009BB10C6C37E02341643B0B6AB80C5741'::geometry))
                     Sort Method: top-N heapsort  Memory: 25kB
                     ->  Seq Scan on phoml_trajectory_tmp s_2377  (cost=0.00..165745.68 rows=1 width=84) (actual time=0.039..0.688 rows=480 loops=1)
                           Filter: ((unix_time >= '1685451468.664'::double precision) AND (unix_time <= '1685451528.664'::double precision) AND st_dwithin(st_transform(the_geom, 25833), '0101000020E96400009BB10C6C37E02341643B0B6AB80C5741'::geometry, '300'::double precision))
                           Rows Removed by Filter: 3180
   ->  Subquery Scan on "*SELECT* 2379"  (cost=165745.69..165745.70 rows=1 width=76) (actual time=0.738..0.739 rows=1 loops=1)
         ->  Limit  (cost=165745.69..165745.69 rows=1 width=84) (actual time=0.735..0.735 rows=1 loops=1)
               ->  Sort  (cost=165745.69..165745.69 rows=1 width=84) (actual time=0.733..0.733 rows=1 loops=1)
                     Sort Key: (st_distance(st_transform(s_2378.the_geom, 25833), '0101000020E964000062021DEA38E02341099DF92AB70C5741'::geometry))
                     Sort Method: top-N heapsort  Memory: 25kB
                     ->  Seq Scan on phoml_trajectory_tmp s_2378  (cost=0.00..165745.68 rows=1 width=84) (actual time=0.054..0.659 rows=480 loops=1)
                           Filter: ((unix_time >= '1685451468.994'::double precision) AND (unix_time <= '1685451528.994'::double precision) AND st_dwithin(st_transform(the_geom, 25833), '0101000020E964000062021DEA38E02341099DF92AB70C5741'::geometry, '300'::double precision))
                           Rows Removed by Filter: 3180
   ->  Subquery Scan on "*SELECT* 2380"  (cost=165745.69..165745.70 rows=1 width=76) (actual time=0.726..0.727 rows=1 loops=1)
         ->  Limit  (cost=165745.69..165745.69 rows=1 width=84) (actual time=0.723..0.724 rows=1 loops=1)
               ->  Sort  (cost=165745.69..165745.69 rows=1 width=84) (actual time=0.721..0.722 rows=1 loops=1)
                     Sort Key: (st_distance(st_transform(s_2379.the_geom, 25833), '0101000020E9640000C2E07E613AE02341AE178BEBB50C5741'::geometry))
                     Sort Method: top-N heapsort  Memory: 25kB
                     ->  Seq Scan on phoml_trajectory_tmp s_2379  (cost=0.00..165745.68 rows=1 width=84) (actual time=0.048..0.652 rows=480 loops=1)
                           Filter: ((unix_time >= '1685451469.32'::double precision) AND (unix_time <= '1685451529.32'::double precision) AND st_dwithin(st_transform(the_geom, 25833), '0101000020E9640000C2E07E613AE02341AE178BEBB50C5741'::geometry, '300'::double precision))
                           Rows Removed by Filter: 3180
   ->  Subquery Scan on "*SELECT* 2381"  (cost=165745.69..165745.70 rows=1 width=76) (actual time=0.716..0.717 rows=1 loops=1)
         ->  Limit  (cost=165745.69..165745.69 rows=1 width=84) (actual time=0.713..0.714 rows=1 loops=1)
               ->  Sort  (cost=165745.69..165745.69 rows=1 width=84) (actual time=0.711..0.711 rows=1 loops=1)
                     Sort Key: (st_distance(st_transform(s_2380.the_geom, 25833), '0101000020E9640000F8CFD00C3CE023418582D8ACB40C5741'::geometry))
                     Sort Method: top-N heapsort  Memory: 25kB
                     ->  Seq Scan on phoml_trajectory_tmp s_2380  (cost=0.00..165745.68 rows=1 width=84) (actual time=0.049..0.641 rows=480 loops=1)
                           Filter: ((unix_time >= '1685451469.65'::double precision) AND (unix_time <= '1685451529.65'::double precision) AND st_dwithin(st_transform(the_geom, 25833), '0101000020E9640000F8CFD00C3CE023418582D8ACB40C5741'::geometry, '300'::double precision))
                           Rows Removed by Filter: 3180
   ->  Subquery Scan on "*SELECT* 2382"  (cost=165745.69..165745.70 rows=1 width=76) (actual time=0.732..0.733 rows=1 loops=1)
         ->  Limit  (cost=165745.69..165745.69 rows=1 width=84) (actual time=0.729..0.730 rows=1 loops=1)
               ->  Sort  (cost=165745.69..165745.69 rows=1 width=84) (actual time=0.727..0.727 rows=1 loops=1)
                     Sort Key: (st_distance(st_transform(s_2381.the_geom, 25833), '0101000020E96400009691AE9D3DE023414A292775B30C5741'::geometry))
                     Sort Method: top-N heapsort  Memory: 25kB
                     ->  Seq Scan on phoml_trajectory_tmp s_2381  (cost=0.00..165745.68 rows=1 width=84) (actual time=0.040..0.654 rows=480 loops=1)
                           Filter: ((unix_time >= '1685451469.97'::double precision) AND (unix_time <= '1685451529.97'::double precision) AND st_dwithin(st_transform(the_geom, 25833), '0101000020E96400009691AE9D3DE023414A292775B30C5741'::geometry, '300'::double precision))
                           Rows Removed by Filter: 3180
   ->  Subquery Scan on "*SELECT* 2383"  (cost=165745.69..165745.70 rows=1 width=76) (actual time=0.750..0.751 rows=1 loops=1)
         ->  Limit  (cost=165745.69..165745.69 rows=1 width=84) (actual time=0.746..0.747 rows=1 loops=1)
               ->  Sort  (cost=165745.69..165745.69 rows=1 width=84) (actual time=0.744..0.744 rows=1 loops=1)
                     Sort Key: (st_distance(st_transform(s_2382.the_geom, 25833), '0101000020E9640000D2BBE53D3FE023418F6BE33DB20C5741'::geometry))
                     Sort Method: top-N heapsort  Memory: 25kB
                     ->  Seq Scan on phoml_trajectory_tmp s_2382  (cost=0.00..165745.68 rows=1 width=84) (actual time=0.056..0.669 rows=480 loops=1)
                           Filter: ((unix_time >= '1685451470.292'::double precision) AND (unix_time <= '1685451530.292'::double precision) AND st_dwithin(st_transform(the_geom, 25833), '0101000020E9640000D2BBE53D3FE023418F6BE33DB20C5741'::geometry, '300'::double precision))
                           Rows Removed by Filter: 3180
   ->  Subquery Scan on "*SELECT* 2384"  (cost=165745.69..165745.70 rows=1 width=76) (actual time=0.718..0.719 rows=1 loops=1)
         ->  Limit  (cost=165745.69..165745.69 rows=1 width=84) (actual time=0.715..0.715 rows=1 loops=1)
               ->  Sort  (cost=165745.69..165745.69 rows=1 width=84) (actual time=0.712..0.713 rows=1 loops=1)
                     Sort Key: (st_distance(st_transform(s_2383.the_geom, 25833), '0101000020E9640000FB3AF41241E02341D3FEF8FFB00C5741'::geometry))
                     Sort Method: top-N heapsort  Memory: 25kB
                     ->  Seq Scan on phoml_trajectory_tmp s_2383  (cost=0.00..165745.68 rows=1 width=84) (actual time=0.041..0.640 rows=480 loops=1)
                           Filter: ((unix_time >= '1685451470.612'::double precision) AND (unix_time <= '1685451530.612'::double precision) AND st_dwithin(st_transform(the_geom, 25833), '0101000020E9640000FB3AF41241E02341D3FEF8FFB00C5741'::geometry, '300'::double precision))
                           Rows Removed by Filter: 3180
   ->  Subquery Scan on "*SELECT* 2385"  (cost=165745.69..165745.70 rows=1 width=76) (actual time=0.731..0.732 rows=1 loops=1)
         ->  Limit  (cost=165745.69..165745.69 rows=1 width=84) (actual time=0.727..0.728 rows=1 loops=1)
               ->  Sort  (cost=165745.69..165745.69 rows=1 width=84) (actual time=0.724..0.724 rows=1 loops=1)
                     Sort Key: (st_distance(st_transform(s_2384.the_geom, 25833), '0101000020E96400008C97AFB842E02341E8B6E4C8AF0C5741'::geometry))
                     Sort Method: top-N heapsort  Memory: 25kB
                     ->  Seq Scan on phoml_trajectory_tmp s_2384  (cost=0.00..165745.68 rows=1 width=84) (actual time=0.053..0.649 rows=480 loops=1)
                           Filter: ((unix_time >= '1685451470.932'::double precision) AND (unix_time <= '1685451530.932'::double precision) AND st_dwithin(st_transform(the_geom, 25833), '0101000020E96400008C97AFB842E02341E8B6E4C8AF0C5741'::geometry, '300'::double precision))
                           Rows Removed by Filter: 3180
   ->  Subquery Scan on "*SELECT* 2386"  (cost=165745.69..165745.70 rows=1 width=76) (actual time=0.728..0.729 rows=1 loops=1)
         ->  Limit  (cost=165745.69..165745.69 rows=1 width=84) (actual time=0.724..0.725 rows=1 loops=1)
               ->  Sort  (cost=165745.69..165745.69 rows=1 width=84) (actual time=0.722..0.722 rows=1 loops=1)
                     Sort Key: (st_distance(st_transform(s_2385.the_geom, 25833), '0101000020E9640000DA78016F44E02341C1ED588AAE0C5741'::geometry))
                     Sort Method: top-N heapsort  Memory: 25kB
                     ->  Seq Scan on phoml_trajectory_tmp s_2385  (cost=0.00..165745.68 rows=1 width=84) (actual time=0.042..0.649 rows=480 loops=1)
                           Filter: ((unix_time >= '1685451471.265'::double precision) AND (unix_time <= '1685451531.265'::double precision) AND st_dwithin(st_transform(the_geom, 25833), '0101000020E9640000DA78016F44E02341C1ED588AAE0C5741'::geometry, '300'::double precision))
                           Rows Removed by Filter: 3180
   ->  Subquery Scan on "*SELECT* 2387"  (cost=165745.69..165745.70 rows=1 width=76) (actual time=0.724..0.726 rows=1 loops=1)
         ->  Limit  (cost=165745.69..165745.69 rows=1 width=84) (actual time=0.720..0.721 rows=1 loops=1)
               ->  Sort  (cost=165745.69..165745.69 rows=1 width=84) (actual time=0.718..0.718 rows=1 loops=1)
                     Sort Key: (st_distance(st_transform(s_2386.the_geom, 25833), '0101000020E9640000F72C422746E02341D671F24BAD0C5741'::geometry))
                     Sort Method: top-N heapsort  Memory: 25kB
                     ->  Seq Scan on phoml_trajectory_tmp s_2386  (cost=0.00..165745.68 rows=1 width=84) (actual time=0.044..0.645 rows=480 loops=1)
                           Filter: ((unix_time >= '1685451471.595'::double precision) AND (unix_time <= '1685451531.595'::double precision) AND st_dwithin(st_transform(the_geom, 25833), '0101000020E9640000F72C422746E02341D671F24BAD0C5741'::geometry, '300'::double precision))
                           Rows Removed by Filter: 3180
   ->  Subquery Scan on "*SELECT* 2388"  (cost=165745.69..165745.70 rows=1 width=76) (actual time=0.747..0.748 rows=1 loops=1)
         ->  Limit  (cost=165745.69..165745.69 rows=1 width=84) (actual time=0.745..0.746 rows=1 loops=1)
               ->  Sort  (cost=165745.69..165745.69 rows=1 width=84) (actual time=0.743..0.743 rows=1 loops=1)
                     Sort Key: (st_distance(st_transform(s_2387.the_geom, 25833), '0101000020E9640000BD8C0AE347E02341259D6C0DAC0C5741'::geometry))
                     Sort Method: top-N heapsort  Memory: 25kB
                     ->  Seq Scan on phoml_trajectory_tmp s_2387  (cost=0.00..165745.68 rows=1 width=84) (actual time=0.042..0.672 rows=480 loops=1)
                           Filter: ((unix_time >= '1685451471.925'::double precision) AND (unix_time <= '1685451531.925'::double precision) AND st_dwithin(st_transform(the_geom, 25833), '0101000020E9640000BD8C0AE347E02341259D6C0DAC0C5741'::geometry, '300'::double precision))
                           Rows Removed by Filter: 3180
   ->  Subquery Scan on "*SELECT* 2389"  (cost=165745.69..165745.70 rows=1 width=76) (actual time=0.719..0.720 rows=1 loops=1)
         ->  Limit  (cost=165745.69..165745.69 rows=1 width=84) (actual time=0.715..0.716 rows=1 loops=1)
               ->  Sort  (cost=165745.69..165745.69 rows=1 width=84) (actual time=0.713..0.714 rows=1 loops=1)
                     Sort Key: (st_distance(st_transform(s_2388.the_geom, 25833), '0101000020E964000063F5688949E023411CFBB3D5AA0C5741'::geometry))
                     Sort Method: top-N heapsort  Memory: 25kB
                     ->  Seq Scan on phoml_trajectory_tmp s_2388  (cost=0.00..165745.68 rows=1 width=84) (actual time=0.042..0.643 rows=480 loops=1)
                           Filter: ((unix_time >= '1685451472.249'::double precision) AND (unix_time <= '1685451532.249'::double precision) AND st_dwithin(st_transform(the_geom, 25833), '0101000020E964000063F5688949E023411CFBB3D5AA0C5741'::geometry, '300'::double precision))
                           Rows Removed by Filter: 3180
   ->  Subquery Scan on "*SELECT* 2390"  (cost=165745.69..165745.70 rows=1 width=76) (actual time=0.728..0.729 rows=1 loops=1)
         ->  Limit  (cost=165745.69..165745.69 rows=1 width=84) (actual time=0.724..0.725 rows=1 loops=1)
               ->  Sort  (cost=165745.69..165745.69 rows=1 width=84) (actual time=0.722..0.722 rows=1 loops=1)
                     Sort Key: (st_distance(st_transform(s_2389.the_geom, 25833), '0101000020E96400009402C8384BE02341388E0197A90C5741'::geometry))
                     Sort Method: top-N heapsort  Memory: 25kB
                     ->  Seq Scan on phoml_trajectory_tmp s_2389  (cost=0.00..165745.68 rows=1 width=84) (actual time=0.040..0.651 rows=480 loops=1)
                           Filter: ((unix_time >= '1685451472.579'::double precision) AND (unix_time <= '1685451532.579'::double precision) AND st_dwithin(st_transform(the_geom, 25833), '0101000020E96400009402C8384BE02341388E0197A90C5741'::geometry, '300'::double precision))
                           Rows Removed by Filter: 3180
   ->  Subquery Scan on "*SELECT* 2391"  (cost=165745.69..165745.70 rows=1 width=76) (actual time=0.724..0.725 rows=1 loops=1)
         ->  Limit  (cost=165745.69..165745.69 rows=1 width=84) (actual time=0.720..0.721 rows=1 loops=1)
               ->  Sort  (cost=165745.69..165745.69 rows=1 width=84) (actual time=0.718..0.719 rows=1 loops=1)
                     Sort Key: (st_distance(st_transform(s_2390.the_geom, 25833), '0101000020E9640000D6CDE6194DE02341F04D0160A80C5741'::geometry))
                     Sort Method: top-N heapsort  Memory: 25kB
                     ->  Seq Scan on phoml_trajectory_tmp s_2390  (cost=0.00..165745.68 rows=1 width=84) (actual time=0.043..0.646 rows=480 loops=1)
                           Filter: ((unix_time >= '1685451472.909'::double precision) AND (unix_time <= '1685451532.909'::double precision) AND st_dwithin(st_transform(the_geom, 25833), '0101000020E9640000D6CDE6194DE02341F04D0160A80C5741'::geometry, '300'::double precision))
                           Rows Removed by Filter: 3180
   ->  Subquery Scan on "*SELECT* 2392"  (cost=165745.69..165745.70 rows=1 width=76) (actual time=0.702..0.703 rows=1 loops=1)
         ->  Limit  (cost=165745.69..165745.69 rows=1 width=84) (actual time=0.700..0.701 rows=1 loops=1)
               ->  Sort  (cost=165745.69..165745.69 rows=1 width=84) (actual time=0.698..0.698 rows=1 loops=1)
                     Sort Key: (st_distance(st_transform(s_2391.the_geom, 25833), '0101000020E96400004145B5B34EE023415EC3EC20A70C5741'::geometry))
                     Sort Method: top-N heapsort  Memory: 25kB
                     ->  Seq Scan on phoml_trajectory_tmp s_2391  (cost=0.00..165745.68 rows=1 width=84) (actual time=0.041..0.624 rows=480 loops=1)
                           Filter: ((unix_time >= '1685451473.242'::double precision) AND (unix_time <= '1685451533.242'::double precision) AND st_dwithin(st_transform(the_geom, 25833), '0101000020E96400004145B5B34EE023415EC3EC20A70C5741'::geometry, '300'::double precision))
                           Rows Removed by Filter: 3180
   ->  Subquery Scan on "*SELECT* 2393"  (cost=165745.69..165745.70 rows=1 width=76) (actual time=0.716..0.717 rows=1 loops=1)
         ->  Limit  (cost=165745.69..165745.69 rows=1 width=84) (actual time=0.712..0.713 rows=1 loops=1)
               ->  Sort  (cost=165745.69..165745.69 rows=1 width=84) (actual time=0.710..0.710 rows=1 loops=1)
                     Sort Key: (st_distance(st_transform(s_2392.the_geom, 25833), '0101000020E9640000440A897A50E02341006500EAA50C5741'::geometry))
                     Sort Method: top-N heapsort  Memory: 25kB
                     ->  Seq Scan on phoml_trajectory_tmp s_2392  (cost=0.00..165745.68 rows=1 width=84) (actual time=0.040..0.643 rows=480 loops=1)
                           Filter: ((unix_time >= '1685451473.572'::double precision) AND (unix_time <= '1685451533.572'::double precision) AND st_dwithin(st_transform(the_geom, 25833), '0101000020E9640000440A897A50E02341006500EAA50C5741'::geometry, '300'::double precision))
                           Rows Removed by Filter: 3180
   ->  Subquery Scan on "*SELECT* 2394"  (cost=165745.69..165745.70 rows=1 width=76) (actual time=0.703..0.704 rows=1 loops=1)
         ->  Limit  (cost=165745.69..165745.69 rows=1 width=84) (actual time=0.699..0.701 rows=1 loops=1)
               ->  Sort  (cost=165745.69..165745.69 rows=1 width=84) (actual time=0.697..0.698 rows=1 loops=1)
                     Sort Key: (st_distance(st_transform(s_2393.the_geom, 25833), '0101000020E964000062774B3E52E02341BB6B21A4A40C5741'::geometry))
                     Sort Method: top-N heapsort  Memory: 25kB
                     ->  Seq Scan on phoml_trajectory_tmp s_2393  (cost=0.00..165745.68 rows=1 width=84) (actual time=0.038..0.628 rows=480 loops=1)
                           Filter: ((unix_time >= '1685451473.912'::double precision) AND (unix_time <= '1685451533.912'::double precision) AND st_dwithin(st_transform(the_geom, 25833), '0101000020E964000062774B3E52E02341BB6B21A4A40C5741'::geometry, '300'::double precision))
                           Rows Removed by Filter: 3180
   ->  Subquery Scan on "*SELECT* 2395"  (cost=165745.69..165745.70 rows=1 width=76) (actual time=0.707..0.708 rows=1 loops=1)
         ->  Limit  (cost=165745.69..165745.69 rows=1 width=84) (actual time=0.703..0.704 rows=1 loops=1)
               ->  Sort  (cost=165745.69..165745.69 rows=1 width=84) (actual time=0.701..0.702 rows=1 loops=1)
                     Sort Key: (st_distance(st_transform(s_2394.the_geom, 25833), '0101000020E9640000A8A970E353E023419FB4606CA30C5741'::geometry))
                     Sort Method: top-N heapsort  Memory: 25kB
                     ->  Seq Scan on phoml_trajectory_tmp s_2394  (cost=0.00..165745.68 rows=1 width=84) (actual time=0.044..0.633 rows=480 loops=1)
                           Filter: ((unix_time >= '1685451474.245'::double precision) AND (unix_time <= '1685451534.245'::double precision) AND st_dwithin(st_transform(the_geom, 25833), '0101000020E9640000A8A970E353E023419FB4606CA30C5741'::geometry, '300'::double precision))
                           Rows Removed by Filter: 3180
   ->  Subquery Scan on "*SELECT* 2396"  (cost=165745.69..165745.70 rows=1 width=76) (actual time=0.697..0.698 rows=1 loops=1)
         ->  Limit  (cost=165745.69..165745.69 rows=1 width=84) (actual time=0.695..0.695 rows=1 loops=1)
               ->  Sort  (cost=165745.69..165745.69 rows=1 width=84) (actual time=0.692..0.692 rows=1 loops=1)
                     Sort Key: (st_distance(st_transform(s_2395.the_geom, 25833), '0101000020E9640000340E1BB955E023410C78E62DA20C5741'::geometry))
                     Sort Method: top-N heapsort  Memory: 25kB
                     ->  Seq Scan on phoml_trajectory_tmp s_2395  (cost=0.00..165745.68 rows=1 width=84) (actual time=0.041..0.622 rows=480 loops=1)
                           Filter: ((unix_time >= '1685451474.585'::double precision) AND (unix_time <= '1685451534.585'::double precision) AND st_dwithin(st_transform(the_geom, 25833), '0101000020E9640000340E1BB955E023410C78E62DA20C5741'::geometry, '300'::double precision))
                           Rows Removed by Filter: 3180
   ->  Subquery Scan on "*SELECT* 2397"  (cost=165745.69..165745.70 rows=1 width=76) (actual time=0.701..0.702 rows=1 loops=1)
         ->  Limit  (cost=165745.69..165745.69 rows=1 width=84) (actual time=0.698..0.699 rows=1 loops=1)
               ->  Sort  (cost=165745.69..165745.69 rows=1 width=84) (actual time=0.695..0.696 rows=1 loops=1)
                     Sort Key: (st_distance(st_transform(s_2396.the_geom, 25833), '0101000020E9640000EDF6B63B57E023417210A1F5A00C5741'::geometry))
                     Sort Method: top-N heapsort  Memory: 25kB
                     ->  Seq Scan on phoml_trajectory_tmp s_2396  (cost=0.00..165745.68 rows=1 width=84) (actual time=0.039..0.626 rows=480 loops=1)
                           Filter: ((unix_time >= '1685451474.925'::double precision) AND (unix_time <= '1685451534.925'::double precision) AND st_dwithin(st_transform(the_geom, 25833), '0101000020E9640000EDF6B63B57E023417210A1F5A00C5741'::geometry, '300'::double precision))
                           Rows Removed by Filter: 3180
   ->  Subquery Scan on "*SELECT* 2398"  (cost=165745.69..165745.70 rows=1 width=76) (actual time=0.705..0.706 rows=1 loops=1)
         ->  Limit  (cost=165745.69..165745.69 rows=1 width=84) (actual time=0.701..0.702 rows=1 loops=1)
               ->  Sort  (cost=165745.69..165745.69 rows=1 width=84) (actual time=0.699..0.699 rows=1 loops=1)
                     Sort Key: (st_distance(st_transform(s_2397.the_geom, 25833), '0101000020E964000087028DCA58E02341B0F15FBD9F0C5741'::geometry))
                     Sort Method: top-N heapsort  Memory: 25kB
                     ->  Seq Scan on phoml_trajectory_tmp s_2397  (cost=0.00..165745.68 rows=1 width=84) (actual time=0.038..0.629 rows=480 loops=1)
                           Filter: ((unix_time >= '1685451475.259'::double precision) AND (unix_time <= '1685451535.259'::double precision) AND st_dwithin(st_transform(the_geom, 25833), '0101000020E964000087028DCA58E02341B0F15FBD9F0C5741'::geometry, '300'::double precision))
                           Rows Removed by Filter: 3180
   ->  Subquery Scan on "*SELECT* 2399"  (cost=165745.69..165745.70 rows=1 width=76) (actual time=0.704..0.705 rows=1 loops=1)
         ->  Limit  (cost=165745.69..165745.69 rows=1 width=84) (actual time=0.701..0.703 rows=1 loops=1)
               ->  Sort  (cost=165745.69..165745.69 rows=1 width=84) (actual time=0.699..0.700 rows=1 loops=1)
                     Sort Key: (st_distance(st_transform(s_2398.the_geom, 25833), '0101000020E964000004C1A4675AE02341DF75D6849E0C5741'::geometry))
                     Sort Method: top-N heapsort  Memory: 25kB
                     ->  Seq Scan on phoml_trajectory_tmp s_2398  (cost=0.00..165745.68 rows=1 width=84) (actual time=0.043..0.627 rows=480 loops=1)
                           Filter: ((unix_time >= '1685451475.599'::double precision) AND (unix_time <= '1685451535.599'::double precision) AND st_dwithin(st_transform(the_geom, 25833), '0101000020E964000004C1A4675AE02341DF75D6849E0C5741'::geometry, '300'::double precision))
                           Rows Removed by Filter: 3180
   ->  Subquery Scan on "*SELECT* 2400"  (cost=165745.69..165745.70 rows=1 width=76) (actual time=0.703..0.704 rows=1 loops=1)
         ->  Limit  (cost=165745.69..165745.69 rows=1 width=84) (actual time=0.699..0.700 rows=1 loops=1)
               ->  Sort  (cost=165745.69..165745.69 rows=1 width=84) (actual time=0.697..0.698 rows=1 loops=1)
                     Sort Key: (st_distance(st_transform(s_2399.the_geom, 25833), '0101000020E9640000F9F073FF5BE0234121EE9C3E9D0C5741'::geometry))
                     Sort Method: top-N heapsort  Memory: 25kB
                     ->  Seq Scan on phoml_trajectory_tmp s_2399  (cost=0.00..165745.68 rows=1 width=84) (actual time=0.038..0.628 rows=480 loops=1)
                           Filter: ((unix_time >= '1685451475.949'::double precision) AND (unix_time <= '1685451535.949'::double precision) AND st_dwithin(st_transform(the_geom, 25833), '0101000020E9640000F9F073FF5BE0234121EE9C3E9D0C5741'::geometry, '300'::double precision))
                           Rows Removed by Filter: 3180
   ->  Subquery Scan on "*SELECT* 2401"  (cost=165745.69..165745.70 rows=1 width=76) (actual time=0.705..0.706 rows=1 loops=1)
         ->  Limit  (cost=165745.69..165745.69 rows=1 width=84) (actual time=0.701..0.702 rows=1 loops=1)
               ->  Sort  (cost=165745.69..165745.69 rows=1 width=84) (actual time=0.699..0.700 rows=1 loops=1)
                     Sort Key: (st_distance(st_transform(s_2400.the_geom, 25833), '0101000020E9640000829F36AC5DE02341CC04C4069C0C5741'::geometry))
                     Sort Method: top-N heapsort  Memory: 25kB
                     ->  Seq Scan on phoml_trajectory_tmp s_2400  (cost=0.00..165745.68 rows=1 width=84) (actual time=0.040..0.623 rows=480 loops=1)
                           Filter: ((unix_time >= '1685451476.292'::double precision) AND (unix_time <= '1685451536.292'::double precision) AND st_dwithin(st_transform(the_geom, 25833), '0101000020E9640000829F36AC5DE02341CC04C4069C0C5741'::geometry, '300'::double precision))
                           Rows Removed by Filter: 3180
   ->  Subquery Scan on "*SELECT* 2402"  (cost=165745.69..165745.70 rows=1 width=76) (actual time=0.704..0.705 rows=1 loops=1)
         ->  Limit  (cost=165745.69..165745.69 rows=1 width=84) (actual time=0.701..0.702 rows=1 loops=1)
               ->  Sort  (cost=165745.69..165745.69 rows=1 width=84) (actual time=0.698..0.699 rows=1 loops=1)
                     Sort Key: (st_distance(st_transform(s_2401.the_geom, 25833), '0101000020E9640000EF31AA615FE02341F39C79CF9A0C5741'::geometry))
                     Sort Method: top-N heapsort  Memory: 25kB
                     ->  Seq Scan on phoml_trajectory_tmp s_2401  (cost=0.00..165745.68 rows=1 width=84) (actual time=0.039..0.629 rows=480 loops=1)
                           Filter: ((unix_time >= '1685451476.632'::double precision) AND (unix_time <= '1685451536.632'::double precision) AND st_dwithin(st_transform(the_geom, 25833), '0101000020E9640000EF31AA615FE02341F39C79CF9A0C5741'::geometry, '300'::double precision))
                           Rows Removed by Filter: 3180
   ->  Subquery Scan on "*SELECT* 2403"  (cost=165745.69..165745.70 rows=1 width=76) (actual time=0.693..0.694 rows=1 loops=1)
         ->  Limit  (cost=165745.69..165745.69 rows=1 width=84) (actual time=0.691..0.692 rows=1 loops=1)
               ->  Sort  (cost=165745.69..165745.69 rows=1 width=84) (actual time=0.689..0.690 rows=1 loops=1)
                     Sort Key: (st_distance(st_transform(s_2402.the_geom, 25833), '0101000020E9640000D831565B61E023418F6EEB8A990C5741'::geometry))
                     Sort Method: top-N heapsort  Memory: 25kB
                     ->  Seq Scan on phoml_trajectory_tmp s_2402  (cost=0.00..165745.68 rows=1 width=84) (actual time=0.043..0.619 rows=480 loops=1)
                           Filter: ((unix_time >= '1685451476.982'::double precision) AND (unix_time <= '1685451536.982'::double precision) AND st_dwithin(st_transform(the_geom, 25833), '0101000020E9640000D831565B61E023418F6EEB8A990C5741'::geometry, '300'::double precision))
                           Rows Removed by Filter: 3180
   ->  Subquery Scan on "*SELECT* 2404"  (cost=165745.69..165745.70 rows=1 width=76) (actual time=0.719..0.720 rows=1 loops=1)
         ->  Limit  (cost=165745.69..165745.69 rows=1 width=84) (actual time=0.716..0.717 rows=1 loops=1)
               ->  Sort  (cost=165745.69..165745.69 rows=1 width=84) (actual time=0.713..0.714 rows=1 loops=1)
                     Sort Key: (st_distance(st_transform(s_2403.the_geom, 25833), '0101000020E9640000104A3A3263E02341BC2F4B54980C5741'::geometry))
                     Sort Method: top-N heapsort  Memory: 25kB
                     ->  Seq Scan on phoml_trajectory_tmp s_2403  (cost=0.00..165745.68 rows=1 width=84) (actual time=0.037..0.643 rows=480 loops=1)
                           Filter: ((unix_time >= '1685451477.322'::double precision) AND (unix_time <= '1685451537.322'::double precision) AND st_dwithin(st_transform(the_geom, 25833), '0101000020E9640000104A3A3263E02341BC2F4B54980C5741'::geometry, '300'::double precision))
                           Rows Removed by Filter: 3180
   ->  Subquery Scan on "*SELECT* 2405"  (cost=165745.69..165745.70 rows=1 width=76) (actual time=0.719..0.720 rows=1 loops=1)
         ->  Limit  (cost=165745.69..165745.69 rows=1 width=84) (actual time=0.715..0.716 rows=1 loops=1)
               ->  Sort  (cost=165745.69..165745.69 rows=1 width=84) (actual time=0.713..0.714 rows=1 loops=1)
                     Sort Key: (st_distance(st_transform(s_2404.the_geom, 25833), '0101000020E9640000B7565E1565E02341CE1A4A24970C5741'::geometry))
                     Sort Method: top-N heapsort  Memory: 25kB
                     ->  Seq Scan on phoml_trajectory_tmp s_2404  (cost=0.00..165745.68 rows=1 width=84) (actual time=0.050..0.641 rows=480 loops=1)
                           Filter: ((unix_time >= '1685451477.662'::double precision) AND (unix_time <= '1685451537.662'::double precision) AND st_dwithin(st_transform(the_geom, 25833), '0101000020E9640000B7565E1565E02341CE1A4A24970C5741'::geometry, '300'::double precision))
                           Rows Removed by Filter: 3180
   ->  Subquery Scan on "*SELECT* 2406"  (cost=165745.69..165745.70 rows=1 width=76) (actual time=0.745..0.746 rows=1 loops=1)
         ->  Limit  (cost=165745.69..165745.69 rows=1 width=84) (actual time=0.741..0.742 rows=1 loops=1)
               ->  Sort  (cost=165745.69..165745.69 rows=1 width=84) (actual time=0.739..0.739 rows=1 loops=1)
                     Sort Key: (st_distance(st_transform(s_2405.the_geom, 25833), '0101000020E96400004259A9F866E023415F4916DF950C5741'::geometry))
                     Sort Method: top-N heapsort  Memory: 25kB
                     ->  Seq Scan on phoml_trajectory_tmp s_2405  (cost=0.00..165745.68 rows=1 width=84) (actual time=0.050..0.659 rows=480 loops=1)
                           Filter: ((unix_time >= '1685451478.012'::double precision) AND (unix_time <= '1685451538.012'::double precision) AND st_dwithin(st_transform(the_geom, 25833), '0101000020E96400004259A9F866E023415F4916DF950C5741'::geometry, '300'::double precision))
                           Rows Removed by Filter: 3180
   ->  Subquery Scan on "*SELECT* 2407"  (cost=165745.69..165745.70 rows=1 width=76) (actual time=0.700..0.701 rows=1 loops=1)
         ->  Limit  (cost=165745.69..165745.69 rows=1 width=84) (actual time=0.697..0.698 rows=1 loops=1)
               ->  Sort  (cost=165745.69..165745.69 rows=1 width=84) (actual time=0.695..0.695 rows=1 loops=1)
                     Sort Key: (st_distance(st_transform(s_2406.the_geom, 25833), '0101000020E96400009101CFC568E02341E5B40AAF940C5741'::geometry))
                     Sort Method: top-N heapsort  Memory: 25kB
                     ->  Seq Scan on phoml_trajectory_tmp s_2406  (cost=0.00..165745.68 rows=1 width=84) (actual time=0.070..0.625 rows=480 loops=1)
                           Filter: ((unix_time >= '1685451478.347'::double precision) AND (unix_time <= '1685451538.347'::double precision) AND st_dwithin(st_transform(the_geom, 25833), '0101000020E96400009101CFC568E02341E5B40AAF940C5741'::geometry, '300'::double precision))
                           Rows Removed by Filter: 3180
   ->  Subquery Scan on "*SELECT* 2408"  (cost=165745.69..165745.70 rows=1 width=76) (actual time=0.718..0.719 rows=1 loops=1)
         ->  Limit  (cost=165745.69..165745.69 rows=1 width=84) (actual time=0.713..0.714 rows=1 loops=1)
               ->  Sort  (cost=165745.69..165745.69 rows=1 width=84) (actual time=0.711..0.712 rows=1 loops=1)
                     Sort Key: (st_distance(st_transform(s_2407.the_geom, 25833), '0101000020E96400006683C0A36AE02341BB6AD670930C5741'::geometry))
                     Sort Method: top-N heapsort  Memory: 25kB
                     ->  Seq Scan on phoml_trajectory_tmp s_2407  (cost=0.00..165745.68 rows=1 width=84) (actual time=0.038..0.641 rows=480 loops=1)
                           Filter: ((unix_time >= '1685451478.687'::double precision) AND (unix_time <= '1685451538.687'::double precision) AND st_dwithin(st_transform(the_geom, 25833), '0101000020E96400006683C0A36AE02341BB6AD670930C5741'::geometry, '300'::double precision))
                           Rows Removed by Filter: 3180
   ->  Subquery Scan on "*SELECT* 2409"  (cost=165745.69..165745.70 rows=1 width=76) (actual time=0.708..0.709 rows=1 loops=1)
         ->  Limit  (cost=165745.69..165745.69 rows=1 width=84) (actual time=0.704..0.705 rows=1 loops=1)
               ->  Sort  (cost=165745.69..165745.69 rows=1 width=84) (actual time=0.702..0.703 rows=1 loops=1)
                     Sort Key: (st_distance(st_transform(s_2408.the_geom, 25833), '0101000020E9640000E72ED0506CE02341B9425D31920C5741'::geometry))
                     Sort Method: top-N heapsort  Memory: 25kB
                     ->  Seq Scan on phoml_trajectory_tmp s_2408  (cost=0.00..165745.68 rows=1 width=84) (actual time=0.043..0.631 rows=480 loops=1)
                           Filter: ((unix_time >= '1685451479.037'::double precision) AND (unix_time <= '1685451539.037'::double precision) AND st_dwithin(st_transform(the_geom, 25833), '0101000020E9640000E72ED0506CE02341B9425D31920C5741'::geometry, '300'::double precision))
                           Rows Removed by Filter: 3180
   ->  Subquery Scan on "*SELECT* 2410"  (cost=165745.69..165745.70 rows=1 width=76) (actual time=0.672..0.673 rows=1 loops=1)
         ->  Limit  (cost=165745.69..165745.69 rows=1 width=84) (actual time=0.670..0.670 rows=1 loops=1)
               ->  Sort  (cost=165745.69..165745.69 rows=1 width=84) (actual time=0.668..0.668 rows=1 loops=1)
                     Sort Key: (st_distance(st_transform(s_2409.the_geom, 25833), '0101000020E9640000CCCCAFFE6DE02341345B11F2900C5741'::geometry))
                     Sort Method: top-N heapsort  Memory: 25kB
                     ->  Seq Scan on phoml_trajectory_tmp s_2409  (cost=0.00..165745.68 rows=1 width=84) (actual time=0.038..0.600 rows=480 loops=1)
                           Filter: ((unix_time >= '1685451479.38'::double precision) AND (unix_time <= '1685451539.38'::double precision) AND st_dwithin(st_transform(the_geom, 25833), '0101000020E9640000CCCCAFFE6DE02341345B11F2900C5741'::geometry, '300'::double precision))
                           Rows Removed by Filter: 3180
   ->  Subquery Scan on "*SELECT* 2411"  (cost=165745.69..165745.70 rows=1 width=76) (actual time=0.688..0.689 rows=1 loops=1)
         ->  Limit  (cost=165745.69..165745.69 rows=1 width=84) (actual time=0.684..0.685 rows=1 loops=1)
               ->  Sort  (cost=165745.69..165745.69 rows=1 width=84) (actual time=0.682..0.683 rows=1 loops=1)
                     Sort Key: (st_distance(st_transform(s_2410.the_geom, 25833), '0101000020E9640000EBE323AA6FE02341D9F9EAC08F0C5741'::geometry))
                     Sort Method: top-N heapsort  Memory: 25kB
                     ->  Seq Scan on phoml_trajectory_tmp s_2410  (cost=0.00..165745.68 rows=1 width=84) (actual time=0.041..0.614 rows=480 loops=1)
                           Filter: ((unix_time >= '1685451479.71'::double precision) AND (unix_time <= '1685451539.71'::double precision) AND st_dwithin(st_transform(the_geom, 25833), '0101000020E9640000EBE323AA6FE02341D9F9EAC08F0C5741'::geometry, '300'::double precision))
                           Rows Removed by Filter: 3180
   ->  Subquery Scan on "*SELECT* 2412"  (cost=165745.69..165745.70 rows=1 width=76) (actual time=0.692..0.693 rows=1 loops=1)
         ->  Limit  (cost=165745.69..165745.69 rows=1 width=84) (actual time=0.689..0.689 rows=1 loops=1)
               ->  Sort  (cost=165745.69..165745.69 rows=1 width=84) (actual time=0.687..0.687 rows=1 loops=1)
                     Sort Key: (st_distance(st_transform(s_2411.the_geom, 25833), '0101000020E96400003403D16F71E0234139F619828E0C5741'::geometry))
                     Sort Method: top-N heapsort  Memory: 25kB
                     ->  Seq Scan on phoml_trajectory_tmp s_2411  (cost=0.00..165745.68 rows=1 width=84) (actual time=0.040..0.618 rows=480 loops=1)
                           Filter: ((unix_time >= '1685451480.05'::double precision) AND (unix_time <= '1685451540.05'::double precision) AND st_dwithin(st_transform(the_geom, 25833), '0101000020E96400003403D16F71E0234139F619828E0C5741'::geometry, '300'::double precision))
                           Rows Removed by Filter: 3180
   ->  Subquery Scan on "*SELECT* 2413"  (cost=165745.69..165745.70 rows=1 width=76) (actual time=0.682..0.683 rows=1 loops=1)
         ->  Limit  (cost=165745.69..165745.69 rows=1 width=84) (actual time=0.678..0.679 rows=1 loops=1)
               ->  Sort  (cost=165745.69..165745.69 rows=1 width=84) (actual time=0.676..0.676 rows=1 loops=1)
                     Sort Key: (st_distance(st_transform(s_2412.the_geom, 25833), '0101000020E96400004D89293173E0234198CB31438D0C5741'::geometry))
                     Sort Method: top-N heapsort  Memory: 25kB
                     ->  Seq Scan on phoml_trajectory_tmp s_2412  (cost=0.00..165745.68 rows=1 width=84) (actual time=0.039..0.602 rows=480 loops=1)
                           Filter: ((unix_time >= '1685451480.393'::double precision) AND (unix_time <= '1685451540.393'::double precision) AND st_dwithin(st_transform(the_geom, 25833), '0101000020E96400004D89293173E0234198CB31438D0C5741'::geometry, '300'::double precision))
                           Rows Removed by Filter: 3180
   ->  Subquery Scan on "*SELECT* 2414"  (cost=165745.69..165745.70 rows=1 width=76) (actual time=0.675..0.676 rows=1 loops=1)
         ->  Limit  (cost=165745.69..165745.69 rows=1 width=84) (actual time=0.673..0.674 rows=1 loops=1)
               ->  Sort  (cost=165745.69..165745.69 rows=1 width=84) (actual time=0.671..0.671 rows=1 loops=1)
                     Sort Key: (st_distance(st_transform(s_2413.the_geom, 25833), '0101000020E9640000BDD0180675E02341DD24581A8C0C5741'::geometry))
                     Sort Method: top-N heapsort  Memory: 25kB
                     ->  Seq Scan on phoml_trajectory_tmp s_2413  (cost=0.00..165745.68 rows=1 width=84) (actual time=0.039..0.603 rows=480 loops=1)
                           Filter: ((unix_time >= '1685451480.713'::double precision) AND (unix_time <= '1685451540.713'::double precision) AND st_dwithin(st_transform(the_geom, 25833), '0101000020E9640000BDD0180675E02341DD24581A8C0C5741'::geometry, '300'::double precision))
                           Rows Removed by Filter: 3180
   ->  Subquery Scan on "*SELECT* 2415"  (cost=165745.69..165745.70 rows=1 width=76) (actual time=0.685..0.686 rows=1 loops=1)
         ->  Limit  (cost=165745.69..165745.69 rows=1 width=84) (actual time=0.682..0.683 rows=1 loops=1)
               ->  Sort  (cost=165745.69..165745.69 rows=1 width=84) (actual time=0.680..0.680 rows=1 loops=1)
                     Sort Key: (st_distance(st_transform(s_2414.the_geom, 25833), '0101000020E9640000E97FE1ED76E023419CBCF3CD8A0C5741'::geometry))
                     Sort Method: top-N heapsort  Memory: 25kB
                     ->  Seq Scan on phoml_trajectory_tmp s_2414  (cost=0.00..165745.68 rows=1 width=84) (actual time=0.041..0.613 rows=480 loops=1)
                           Filter: ((unix_time >= '1685451481.063'::double precision) AND (unix_time <= '1685451541.063'::double precision) AND st_dwithin(st_transform(the_geom, 25833), '0101000020E9640000E97FE1ED76E023419CBCF3CD8A0C5741'::geometry, '300'::double precision))
                           Rows Removed by Filter: 3180
   ->  Subquery Scan on "*SELECT* 2416"  (cost=165745.69..165745.70 rows=1 width=76) (actual time=0.677..0.678 rows=1 loops=1)
         ->  Limit  (cost=165745.69..165745.69 rows=1 width=84) (actual time=0.673..0.674 rows=1 loops=1)
               ->  Sort  (cost=165745.69..165745.69 rows=1 width=84) (actual time=0.671..0.672 rows=1 loops=1)
                     Sort Key: (st_distance(st_transform(s_2415.the_geom, 25833), '0101000020E9640000AB59C9D778E023418A0F8A96890C5741'::geometry))
                     Sort Method: top-N heapsort  Memory: 25kB
                     ->  Seq Scan on phoml_trajectory_tmp s_2415  (cost=0.00..165745.68 rows=1 width=84) (actual time=0.037..0.603 rows=480 loops=1)
                           Filter: ((unix_time >= '1685451481.401'::double precision) AND (unix_time <= '1685451541.401'::double precision) AND st_dwithin(st_transform(the_geom, 25833), '0101000020E9640000AB59C9D778E023418A0F8A96890C5741'::geometry, '300'::double precision))
                           Rows Removed by Filter: 3180
   ->  Subquery Scan on "*SELECT* 2417"  (cost=165745.69..165745.70 rows=1 width=76) (actual time=0.674..0.675 rows=1 loops=1)
         ->  Limit  (cost=165745.69..165745.69 rows=1 width=84) (actual time=0.672..0.672 rows=1 loops=1)
               ->  Sort  (cost=165745.69..165745.69 rows=1 width=84) (actual time=0.670..0.670 rows=1 loops=1)
                     Sort Key: (st_distance(st_transform(s_2416.the_geom, 25833), '0101000020E9640000844F08A77AE02341A88F3A5F880C5741'::geometry))
                     Sort Method: top-N heapsort  Memory: 25kB
                     ->  Seq Scan on phoml_trajectory_tmp s_2416  (cost=0.00..165745.68 rows=1 width=84) (actual time=0.040..0.602 rows=480 loops=1)
                           Filter: ((unix_time >= '1685451481.731'::double precision) AND (unix_time <= '1685451541.731'::double precision) AND st_dwithin(st_transform(the_geom, 25833), '0101000020E9640000844F08A77AE02341A88F3A5F880C5741'::geometry, '300'::double precision))
                           Rows Removed by Filter: 3180
   ->  Subquery Scan on "*SELECT* 2418"  (cost=165745.69..165745.70 rows=1 width=76) (actual time=0.681..0.683 rows=1 loops=1)
         ->  Limit  (cost=165745.69..165745.69 rows=1 width=84) (actual time=0.678..0.680 rows=1 loops=1)
               ->  Sort  (cost=165745.69..165745.69 rows=1 width=84) (actual time=0.676..0.677 rows=1 loops=1)
                     Sort Key: (st_distance(st_transform(s_2417.the_geom, 25833), '0101000020E9640000F37E8D5A7CE023413EC20820870C5741'::geometry))
                     Sort Method: top-N heapsort  Memory: 25kB
                     ->  Seq Scan on phoml_trajectory_tmp s_2417  (cost=0.00..165745.68 rows=1 width=84) (actual time=0.037..0.609 rows=480 loops=1)
                           Filter: ((unix_time >= '1685451482.061'::double precision) AND (unix_time <= '1685451542.061'::double precision) AND st_dwithin(st_transform(the_geom, 25833), '0101000020E9640000F37E8D5A7CE023413EC20820870C5741'::geometry, '300'::double precision))
                           Rows Removed by Filter: 3180
   ->  Subquery Scan on "*SELECT* 2419"  (cost=165745.69..165745.70 rows=1 width=76) (actual time=0.685..0.686 rows=1 loops=1)
         ->  Limit  (cost=165745.69..165745.69 rows=1 width=84) (actual time=0.682..0.683 rows=1 loops=1)
               ->  Sort  (cost=165745.69..165745.69 rows=1 width=84) (actual time=0.680..0.680 rows=1 loops=1)
                     Sort Key: (st_distance(st_transform(s_2418.the_geom, 25833), '0101000020E9640000AD259C147EE02341331846E0850C5741'::geometry))
                     Sort Method: top-N heapsort  Memory: 25kB
                     ->  Seq Scan on phoml_trajectory_tmp s_2418  (cost=0.00..165745.68 rows=1 width=84) (actual time=0.041..0.612 rows=480 loops=1)
                           Filter: ((unix_time >= '1685451482.394'::double precision) AND (unix_time <= '1685451542.394'::double precision) AND st_dwithin(st_transform(the_geom, 25833), '0101000020E9640000AD259C147EE02341331846E0850C5741'::geometry, '300'::double precision))
                           Rows Removed by Filter: 3180
   ->  Subquery Scan on "*SELECT* 2420"  (cost=165745.69..165745.70 rows=1 width=76) (actual time=0.670..0.671 rows=1 loops=1)
         ->  Limit  (cost=165745.69..165745.69 rows=1 width=84) (actual time=0.668..0.669 rows=1 loops=1)
               ->  Sort  (cost=165745.69..165745.69 rows=1 width=84) (actual time=0.666..0.667 rows=1 loops=1)
                     Sort Key: (st_distance(st_transform(s_2419.the_geom, 25833), '0101000020E9640000FA6D77997FE02341A621F3AE840C5741'::geometry))
                     Sort Method: top-N heapsort  Memory: 25kB
                     ->  Seq Scan on phoml_trajectory_tmp s_2419  (cost=0.00..165745.68 rows=1 width=84) (actual time=0.037..0.599 rows=480 loops=1)
                           Filter: ((unix_time >= '1685451482.714'::double precision) AND (unix_time <= '1685451542.714'::double precision) AND st_dwithin(st_transform(the_geom, 25833), '0101000020E9640000FA6D77997FE02341A621F3AE840C5741'::geometry, '300'::double precision))
                           Rows Removed by Filter: 3180
   ->  Subquery Scan on "*SELECT* 2421"  (cost=165745.69..165745.70 rows=1 width=76) (actual time=0.687..0.689 rows=1 loops=1)
         ->  Limit  (cost=165745.69..165745.69 rows=1 width=84) (actual time=0.684..0.685 rows=1 loops=1)
               ->  Sort  (cost=165745.69..165745.69 rows=1 width=84) (actual time=0.682..0.682 rows=1 loops=1)
                     Sort Key: (st_distance(st_transform(s_2420.the_geom, 25833), '0101000020E96400009D52475C81E0234110DA5168830C5741'::geometry))
                     Sort Method: top-N heapsort  Memory: 25kB
                     ->  Seq Scan on phoml_trajectory_tmp s_2420  (cost=0.00..165745.68 rows=1 width=84) (actual time=0.039..0.614 rows=480 loops=1)
                           Filter: ((unix_time >= '1685451483.054'::double precision) AND (unix_time <= '1685451543.054'::double precision) AND st_dwithin(st_transform(the_geom, 25833), '0101000020E96400009D52475C81E0234110DA5168830C5741'::geometry, '300'::double precision))
                           Rows Removed by Filter: 3180
   ->  Subquery Scan on "*SELECT* 2422"  (cost=165745.69..165745.70 rows=1 width=76) (actual time=0.685..0.686 rows=1 loops=1)
         ->  Limit  (cost=165745.69..165745.69 rows=1 width=84) (actual time=0.682..0.683 rows=1 loops=1)
               ->  Sort  (cost=165745.69..165745.69 rows=1 width=84) (actual time=0.680..0.680 rows=1 loops=1)
                     Sort Key: (st_distance(st_transform(s_2421.the_geom, 25833), '0101000020E9640000C8319EEC82E02341833E1C30820C5741'::geometry))
                     Sort Method: top-N heapsort  Memory: 25kB
                     ->  Seq Scan on phoml_trajectory_tmp s_2421  (cost=0.00..165745.68 rows=1 width=84) (actual time=0.039..0.612 rows=480 loops=1)
                           Filter: ((unix_time >= '1685451483.381'::double precision) AND (unix_time <= '1685451543.381'::double precision) AND st_dwithin(st_transform(the_geom, 25833), '0101000020E9640000C8319EEC82E02341833E1C30820C5741'::geometry, '300'::double precision))
                           Rows Removed by Filter: 3180
   ->  Subquery Scan on "*SELECT* 2423"  (cost=165745.69..165745.70 rows=1 width=76) (actual time=0.686..0.687 rows=1 loops=1)
         ->  Limit  (cost=165745.69..165745.69 rows=1 width=84) (actual time=0.682..0.683 rows=1 loops=1)
               ->  Sort  (cost=165745.69..165745.69 rows=1 width=84) (actual time=0.680..0.680 rows=1 loops=1)
                     Sort Key: (st_distance(st_transform(s_2422.the_geom, 25833), '0101000020E96400000D69F29B84E0234191BEFCF7800C5741'::geometry))
                     Sort Method: top-N heapsort  Memory: 25kB
                     ->  Seq Scan on phoml_trajectory_tmp s_2422  (cost=0.00..165745.68 rows=1 width=84) (actual time=0.041..0.613 rows=480 loops=1)
                           Filter: ((unix_time >= '1685451483.701'::double precision) AND (unix_time <= '1685451543.701'::double precision) AND st_dwithin(st_transform(the_geom, 25833), '0101000020E96400000D69F29B84E0234191BEFCF7800C5741'::geometry, '300'::double precision))
                           Rows Removed by Filter: 3180
   ->  Subquery Scan on "*SELECT* 2424"  (cost=165745.69..165745.70 rows=1 width=76) (actual time=0.723..0.724 rows=1 loops=1)
         ->  Limit  (cost=165745.69..165745.69 rows=1 width=84) (actual time=0.720..0.721 rows=1 loops=1)
               ->  Sort  (cost=165745.69..165745.69 rows=1 width=84) (actual time=0.718..0.718 rows=1 loops=1)
                     Sort Key: (st_distance(st_transform(s_2423.the_geom, 25833), '0101000020E96400002C49D42186E02341259A61B87F0C5741'::geometry))
                     Sort Method: top-N heapsort  Memory: 25kB
                     ->  Seq Scan on phoml_trajectory_tmp s_2423  (cost=0.00..165745.68 rows=1 width=84) (actual time=0.066..0.647 rows=480 loops=1)
                           Filter: ((unix_time >= '1685451484.031'::double precision) AND (unix_time <= '1685451544.031'::double precision) AND st_dwithin(st_transform(the_geom, 25833), '0101000020E96400002C49D42186E02341259A61B87F0C5741'::geometry, '300'::double precision))
                           Rows Removed by Filter: 3180
   ->  Subquery Scan on "*SELECT* 2425"  (cost=165745.69..165745.70 rows=1 width=76) (actual time=0.699..0.701 rows=1 loops=1)
         ->  Limit  (cost=165745.69..165745.69 rows=1 width=84) (actual time=0.696..0.697 rows=1 loops=1)
               ->  Sort  (cost=165745.69..165745.69 rows=1 width=84) (actual time=0.693..0.693 rows=1 loops=1)
                     Sort Key: (st_distance(st_transform(s_2424.the_geom, 25833), '0101000020E9640000F64AC4D587E02341085D62807E0C5741'::geometry))
                     Sort Method: top-N heapsort  Memory: 25kB
                     ->  Seq Scan on phoml_trajectory_tmp s_2424  (cost=0.00..165745.68 rows=1 width=84) (actual time=0.043..0.625 rows=480 loops=1)
                           Filter: ((unix_time >= '1685451484.361'::double precision) AND (unix_time <= '1685451544.361'::double precision) AND st_dwithin(st_transform(the_geom, 25833), '0101000020E9640000F64AC4D587E02341085D62807E0C5741'::geometry, '300'::double precision))
                           Rows Removed by Filter: 3180
   ->  Subquery Scan on "*SELECT* 2426"  (cost=165745.69..165745.70 rows=1 width=76) (actual time=0.691..0.692 rows=1 loops=1)
         ->  Limit  (cost=165745.69..165745.69 rows=1 width=84) (actual time=0.688..0.689 rows=1 loops=1)
               ->  Sort  (cost=165745.69..165745.69 rows=1 width=84) (actual time=0.686..0.687 rows=1 loops=1)
                     Sort Key: (st_distance(st_transform(s_2425.the_geom, 25833), '0101000020E96400000D932E7889E0234114EE94487D0C5741'::geometry))
                     Sort Method: top-N heapsort  Memory: 25kB
                     ->  Seq Scan on phoml_trajectory_tmp s_2425  (cost=0.00..165745.68 rows=1 width=84) (actual time=0.039..0.618 rows=480 loops=1)
                           Filter: ((unix_time >= '1685451484.681'::double precision) AND (unix_time <= '1685451544.681'::double precision) AND st_dwithin(st_transform(the_geom, 25833), '0101000020E96400000D932E7889E0234114EE94487D0C5741'::geometry, '300'::double precision))
                           Rows Removed by Filter: 3180
   ->  Subquery Scan on "*SELECT* 2427"  (cost=165745.69..165745.70 rows=1 width=76) (actual time=0.692..0.692 rows=1 loops=1)
         ->  Limit  (cost=165745.69..165745.69 rows=1 width=84) (actual time=0.690..0.690 rows=1 loops=1)
               ->  Sort  (cost=165745.69..165745.69 rows=1 width=84) (actual time=0.688..0.688 rows=1 loops=1)
                     Sort Key: (st_distance(st_transform(s_2426.the_geom, 25833), '0101000020E96400004D16FB468BE023418E6BE1027C0C5741'::geometry))
                     Sort Method: top-N heapsort  Memory: 25kB
                     ->  Seq Scan on phoml_trajectory_tmp s_2426  (cost=0.00..165745.68 rows=1 width=84) (actual time=0.043..0.618 rows=480 loops=1)
                           Filter: ((unix_time >= '1685451485.021'::double precision) AND (unix_time <= '1685451545.021'::double precision) AND st_dwithin(st_transform(the_geom, 25833), '0101000020E96400004D16FB468BE023418E6BE1027C0C5741'::geometry, '300'::double precision))
                           Rows Removed by Filter: 3180
   ->  Subquery Scan on "*SELECT* 2428"  (cost=165745.69..165745.70 rows=1 width=76) (actual time=0.685..0.686 rows=1 loops=1)
         ->  Limit  (cost=165745.69..165745.69 rows=1 width=84) (actual time=0.682..0.682 rows=1 loops=1)
               ->  Sort  (cost=165745.69..165745.69 rows=1 width=84) (actual time=0.680..0.680 rows=1 loops=1)
                     Sort Key: (st_distance(st_transform(s_2427.the_geom, 25833), '0101000020E964000085AEE0418DE0234145A1D0DA7A0C5741'::geometry))
                     Sort Method: top-N heapsort  Memory: 25kB
                     ->  Seq Scan on phoml_trajectory_tmp s_2427  (cost=0.00..165745.68 rows=1 width=84) (actual time=0.038..0.611 rows=480 loops=1)
                           Filter: ((unix_time >= '1685451485.335'::double precision) AND (unix_time <= '1685451545.335'::double precision) AND st_dwithin(st_transform(the_geom, 25833), '0101000020E964000085AEE0418DE0234145A1D0DA7A0C5741'::geometry, '300'::double precision))
                           Rows Removed by Filter: 3180
   ->  Subquery Scan on "*SELECT* 2429"  (cost=165745.69..165745.70 rows=1 width=76) (actual time=0.685..0.686 rows=1 loops=1)
         ->  Limit  (cost=165745.69..165745.69 rows=1 width=84) (actual time=0.682..0.682 rows=1 loops=1)
               ->  Sort  (cost=165745.69..165745.69 rows=1 width=84) (actual time=0.680..0.680 rows=1 loops=1)
                     Sort Key: (st_distance(st_transform(s_2428.the_geom, 25833), '0101000020E9640000FE9094368FE02341F56EFE95790C5741'::geometry))
                     Sort Method: top-N heapsort  Memory: 25kB
                     ->  Seq Scan on phoml_trajectory_tmp s_2428  (cost=0.00..165745.68 rows=1 width=84) (actual time=0.042..0.611 rows=480 loops=1)
                           Filter: ((unix_time >= '1685451485.675'::double precision) AND (unix_time <= '1685451545.675'::double precision) AND st_dwithin(st_transform(the_geom, 25833), '0101000020E9640000FE9094368FE02341F56EFE95790C5741'::geometry, '300'::double precision))
                           Rows Removed by Filter: 3180
   ->  Subquery Scan on "*SELECT* 2430"  (cost=165745.69..165745.70 rows=1 width=76) (actual time=0.723..0.724 rows=1 loops=1)
         ->  Limit  (cost=165745.69..165745.69 rows=1 width=84) (actual time=0.707..0.707 rows=1 loops=1)
               ->  Sort  (cost=165745.69..165745.69 rows=1 width=84) (actual time=0.704..0.705 rows=1 loops=1)
                     Sort Key: (st_distance(st_transform(s_2429.the_geom, 25833), '0101000020E9640000178C410A91E02341B7D59057780C5741'::geometry))
                     Sort Method: top-N heapsort  Memory: 25kB
                     ->  Seq Scan on phoml_trajectory_tmp s_2429  (cost=0.00..165745.68 rows=1 width=84) (actual time=0.039..0.623 rows=480 loops=1)
                           Filter: ((unix_time >= '1685451486.005'::double precision) AND (unix_time <= '1685451546.005'::double precision) AND st_dwithin(st_transform(the_geom, 25833), '0101000020E9640000178C410A91E02341B7D59057780C5741'::geometry, '300'::double precision))
                           Rows Removed by Filter: 3180
   ->  Subquery Scan on "*SELECT* 2431"  (cost=165745.69..165745.70 rows=1 width=76) (actual time=0.695..0.696 rows=1 loops=1)
         ->  Limit  (cost=165745.69..165745.69 rows=1 width=84) (actual time=0.692..0.694 rows=1 loops=1)
               ->  Sort  (cost=165745.69..165745.69 rows=1 width=84) (actual time=0.691..0.691 rows=1 loops=1)
                     Sort Key: (st_distance(st_transform(s_2430.the_geom, 25833), '0101000020E9640000A63026F292E02341E985C920770C5741'::geometry))
                     Sort Method: top-N heapsort  Memory: 25kB
                     ->  Seq Scan on phoml_trajectory_tmp s_2430  (cost=0.00..165745.68 rows=1 width=84) (actual time=0.061..0.622 rows=480 loops=1)
                           Filter: ((unix_time >= '1685451486.332'::double precision) AND (unix_time <= '1685451546.332'::double precision) AND st_dwithin(st_transform(the_geom, 25833), '0101000020E9640000A63026F292E02341E985C920770C5741'::geometry, '300'::double precision))
                           Rows Removed by Filter: 3180
   ->  Subquery Scan on "*SELECT* 2432"  (cost=165745.69..165745.70 rows=1 width=76) (actual time=0.679..0.680 rows=1 loops=1)
         ->  Limit  (cost=165745.69..165745.69 rows=1 width=84) (actual time=0.675..0.676 rows=1 loops=1)
               ->  Sort  (cost=165745.69..165745.69 rows=1 width=84) (actual time=0.673..0.673 rows=1 loops=1)
                     Sort Key: (st_distance(st_transform(s_2431.the_geom, 25833), '0101000020E9640000D00109CB94E02341FE537CE2750C5741'::geometry))
                     Sort Method: top-N heapsort  Memory: 25kB
                     ->  Seq Scan on phoml_trajectory_tmp s_2431  (cost=0.00..165745.68 rows=1 width=84) (actual time=0.039..0.603 rows=480 loops=1)
                           Filter: ((unix_time >= '1685451486.672'::double precision) AND (unix_time <= '1685451546.672'::double precision) AND st_dwithin(st_transform(the_geom, 25833), '0101000020E9640000D00109CB94E02341FE537CE2750C5741'::geometry, '300'::double precision))
                           Rows Removed by Filter: 3180
   ->  Subquery Scan on "*SELECT* 2433"  (cost=165745.69..165745.70 rows=1 width=76) (actual time=0.706..0.707 rows=1 loops=1)
         ->  Limit  (cost=165745.69..165745.69 rows=1 width=84) (actual time=0.703..0.704 rows=1 loops=1)
               ->  Sort  (cost=165745.69..165745.69 rows=1 width=84) (actual time=0.701..0.701 rows=1 loops=1)
                     Sort Key: (st_distance(st_transform(s_2432.the_geom, 25833), '0101000020E96400009529C8AA96E02341E827DBAA740C5741'::geometry))
                     Sort Method: top-N heapsort  Memory: 25kB
                     ->  Seq Scan on phoml_trajectory_tmp s_2432  (cost=0.00..165745.68 rows=1 width=84) (actual time=0.040..0.628 rows=480 loops=1)
                           Filter: ((unix_time >= '1685451487.002'::double precision) AND (unix_time <= '1685451547.002'::double precision) AND st_dwithin(st_transform(the_geom, 25833), '0101000020E96400009529C8AA96E02341E827DBAA740C5741'::geometry, '300'::double precision))
                           Rows Removed by Filter: 3180
   ->  Subquery Scan on "*SELECT* 2434"  (cost=165745.69..165745.70 rows=1 width=76) (actual time=0.662..0.664 rows=1 loops=1)
         ->  Limit  (cost=165745.69..165745.69 rows=1 width=84) (actual time=0.660..0.661 rows=1 loops=1)
               ->  Sort  (cost=165745.69..165745.69 rows=1 width=84) (actual time=0.658..0.659 rows=1 loops=1)
                     Sort Key: (st_distance(st_transform(s_2433.the_geom, 25833), '0101000020E96400004BBAF06298E02341F76AC96B730C5741'::geometry))
                     Sort Method: top-N heapsort  Memory: 25kB
                     ->  Seq Scan on phoml_trajectory_tmp s_2433  (cost=0.00..165745.68 rows=1 width=84) (actual time=0.040..0.592 rows=480 loops=1)
                           Filter: ((unix_time >= '1685451487.333'::double precision) AND (unix_time <= '1685451547.333'::double precision) AND st_dwithin(st_transform(the_geom, 25833), '0101000020E96400004BBAF06298E02341F76AC96B730C5741'::geometry, '300'::double precision))
                           Rows Removed by Filter: 3180
   ->  Subquery Scan on "*SELECT* 2435"  (cost=165745.69..165745.70 rows=1 width=76) (actual time=0.693..0.694 rows=1 loops=1)
         ->  Limit  (cost=165745.69..165745.69 rows=1 width=84) (actual time=0.690..0.690 rows=1 loops=1)
               ->  Sort  (cost=165745.69..165745.69 rows=1 width=84) (actual time=0.688..0.688 rows=1 loops=1)
                     Sort Key: (st_distance(st_transform(s_2434.the_geom, 25833), '0101000020E964000044D58E039AE02341238D7C3A720C5741'::geometry))
                     Sort Method: top-N heapsort  Memory: 25kB
                     ->  Seq Scan on phoml_trajectory_tmp s_2434  (cost=0.00..165745.68 rows=1 width=84) (actual time=0.040..0.620 rows=480 loops=1)
                           Filter: ((unix_time >= '1685451487.663'::double precision) AND (unix_time <= '1685451547.663'::double precision) AND st_dwithin(st_transform(the_geom, 25833), '0101000020E964000044D58E039AE02341238D7C3A720C5741'::geometry, '300'::double precision))
                           Rows Removed by Filter: 3180
   ->  Subquery Scan on "*SELECT* 2436"  (cost=165745.69..165745.70 rows=1 width=76) (actual time=0.684..0.685 rows=1 loops=1)
         ->  Limit  (cost=165745.69..165745.69 rows=1 width=84) (actual time=0.680..0.681 rows=1 loops=1)
               ->  Sort  (cost=165745.69..165745.69 rows=1 width=84) (actual time=0.678..0.678 rows=1 loops=1)
                     Sort Key: (st_distance(st_transform(s_2435.the_geom, 25833), '0101000020E96400000B0BB6A89BE02341E7B1BDF3700C5741'::geometry))
                     Sort Method: top-N heapsort  Memory: 25kB
                     ->  Seq Scan on phoml_trajectory_tmp s_2435  (cost=0.00..165745.68 rows=1 width=84) (actual time=0.040..0.610 rows=480 loops=1)
                           Filter: ((unix_time >= '1685451488.003'::double precision) AND (unix_time <= '1685451548.003'::double precision) AND st_dwithin(st_transform(the_geom, 25833), '0101000020E96400000B0BB6A89BE02341E7B1BDF3700C5741'::geometry, '300'::double precision))
                           Rows Removed by Filter: 3180
   ->  Subquery Scan on "*SELECT* 2437"  (cost=165745.69..165745.70 rows=1 width=76) (actual time=0.672..0.674 rows=1 loops=1)
         ->  Limit  (cost=165745.69..165745.69 rows=1 width=84) (actual time=0.670..0.671 rows=1 loops=1)
               ->  Sort  (cost=165745.69..165745.69 rows=1 width=84) (actual time=0.668..0.669 rows=1 loops=1)
                     Sort Key: (st_distance(st_transform(s_2436.the_geom, 25833), '0101000020E964000093EF34559DE0234143A0E8BA6F0C5741'::geometry))
                     Sort Method: top-N heapsort  Memory: 25kB
                     ->  Seq Scan on phoml_trajectory_tmp s_2436  (cost=0.00..165745.68 rows=1 width=84) (actual time=0.040..0.598 rows=480 loops=1)
                           Filter: ((unix_time >= '1685451488.341'::double precision) AND (unix_time <= '1685451548.341'::double precision) AND st_dwithin(st_transform(the_geom, 25833), '0101000020E964000093EF34559DE0234143A0E8BA6F0C5741'::geometry, '300'::double precision))
                           Rows Removed by Filter: 3180
   ->  Subquery Scan on "*SELECT* 2438"  (cost=165745.69..165745.70 rows=1 width=76) (actual time=0.689..0.690 rows=1 loops=1)
         ->  Limit  (cost=165745.69..165745.69 rows=1 width=84) (actual time=0.687..0.687 rows=1 loops=1)
               ->  Sort  (cost=165745.69..165745.69 rows=1 width=84) (actual time=0.685..0.685 rows=1 loops=1)
                     Sort Key: (st_distance(st_transform(s_2437.the_geom, 25833), '0101000020E9640000CBD76D329FE023415FBBB27C6E0C5741'::geometry))
                     Sort Method: top-N heapsort  Memory: 25kB
                     ->  Seq Scan on phoml_trajectory_tmp s_2437  (cost=0.00..165745.68 rows=1 width=84) (actual time=0.051..0.614 rows=480 loops=1)
                           Filter: ((unix_time >= '1685451488.681'::double precision) AND (unix_time <= '1685451548.681'::double precision) AND st_dwithin(st_transform(the_geom, 25833), '0101000020E9640000CBD76D329FE023415FBBB27C6E0C5741'::geometry, '300'::double precision))
                           Rows Removed by Filter: 3180
   ->  Subquery Scan on "*SELECT* 2439"  (cost=165745.69..165745.70 rows=1 width=76) (actual time=0.734..0.735 rows=1 loops=1)
         ->  Limit  (cost=165745.69..165745.69 rows=1 width=84) (actual time=0.730..0.731 rows=1 loops=1)
               ->  Sort  (cost=165745.69..165745.69 rows=1 width=84) (actual time=0.728..0.728 rows=1 loops=1)
                     Sort Key: (st_distance(st_transform(s_2438.the_geom, 25833), '0101000020E9640000AC1DA4FBA0E02341E741033E6D0C5741'::geometry))
                     Sort Method: top-N heapsort  Memory: 25kB
                     ->  Seq Scan on phoml_trajectory_tmp s_2438  (cost=0.00..165745.68 rows=1 width=84) (actual time=0.043..0.659 rows=480 loops=1)
                           Filter: ((unix_time >= '1685451489.021'::double precision) AND (unix_time <= '1685451549.021'::double precision) AND st_dwithin(st_transform(the_geom, 25833), '0101000020E9640000AC1DA4FBA0E02341E741033E6D0C5741'::geometry, '300'::double precision))
                           Rows Removed by Filter: 3180
   ->  Subquery Scan on "*SELECT* 2440"  (cost=165745.69..165745.70 rows=1 width=76) (actual time=0.705..0.706 rows=1 loops=1)
         ->  Limit  (cost=165745.69..165745.69 rows=1 width=84) (actual time=0.702..0.703 rows=1 loops=1)
               ->  Sort  (cost=165745.69..165745.69 rows=1 width=84) (actual time=0.699..0.700 rows=1 loops=1)
                     Sort Key: (st_distance(st_transform(s_2439.the_geom, 25833), '0101000020E9640000F1D9C8DAA2E0234197F10F076C0C5741'::geometry))
                     Sort Method: top-N heapsort  Memory: 25kB
                     ->  Seq Scan on phoml_trajectory_tmp s_2439  (cost=0.00..165745.68 rows=1 width=84) (actual time=0.059..0.631 rows=480 loops=1)
                           Filter: ((unix_time >= '1685451489.36'::double precision) AND (unix_time <= '1685451549.36'::double precision) AND st_dwithin(st_transform(the_geom, 25833), '0101000020E9640000F1D9C8DAA2E0234197F10F076C0C5741'::geometry, '300'::double precision))
                           Rows Removed by Filter: 3180
   ->  Subquery Scan on "*SELECT* 2441"  (cost=165745.69..165745.70 rows=1 width=76) (actual time=0.673..0.674 rows=1 loops=1)
         ->  Limit  (cost=165745.69..165745.69 rows=1 width=84) (actual time=0.670..0.671 rows=1 loops=1)
               ->  Sort  (cost=165745.69..165745.69 rows=1 width=84) (actual time=0.668..0.669 rows=1 loops=1)
                     Sort Key: (st_distance(st_transform(s_2440.the_geom, 25833), '0101000020E9640000EF75D8B6A4E02341E8D8D0C86A0C5741'::geometry))
                     Sort Method: top-N heapsort  Memory: 25kB
                     ->  Seq Scan on phoml_trajectory_tmp s_2440  (cost=0.00..165745.68 rows=1 width=84) (actual time=0.044..0.602 rows=480 loops=1)
                           Filter: ((unix_time >= '1685451489.7'::double precision) AND (unix_time <= '1685451549.7'::double precision) AND st_dwithin(st_transform(the_geom, 25833), '0101000020E9640000EF75D8B6A4E02341E8D8D0C86A0C5741'::geometry, '300'::double precision))
                           Rows Removed by Filter: 3180
   ->  Subquery Scan on "*SELECT* 2442"  (cost=165745.69..165745.70 rows=1 width=76) (actual time=0.686..0.687 rows=1 loops=1)
         ->  Limit  (cost=165745.69..165745.69 rows=1 width=84) (actual time=0.683..0.683 rows=1 loops=1)
               ->  Sort  (cost=165745.69..165745.69 rows=1 width=84) (actual time=0.680..0.681 rows=1 loops=1)
                     Sort Key: (st_distance(st_transform(s_2441.the_geom, 25833), '0101000020E9640000BA7E6F81A6E023416B359C98690C5741'::geometry))
                     Sort Method: top-N heapsort  Memory: 25kB
                     ->  Seq Scan on phoml_trajectory_tmp s_2441  (cost=0.00..165745.68 rows=1 width=84) (actual time=0.047..0.612 rows=480 loops=1)
                           Filter: ((unix_time >= '1685451490.04'::double precision) AND (unix_time <= '1685451550.04'::double precision) AND st_dwithin(st_transform(the_geom, 25833), '0101000020E9640000BA7E6F81A6E023416B359C98690C5741'::geometry, '300'::double precision))
                           Rows Removed by Filter: 3180
   ->  Subquery Scan on "*SELECT* 2443"  (cost=165745.69..165745.70 rows=1 width=76) (actual time=0.674..0.675 rows=1 loops=1)
         ->  Limit  (cost=165745.69..165745.69 rows=1 width=84) (actual time=0.671..0.672 rows=1 loops=1)
               ->  Sort  (cost=165745.69..165745.69 rows=1 width=84) (actual time=0.669..0.670 rows=1 loops=1)
                     Sort Key: (st_distance(st_transform(s_2442.the_geom, 25833), '0101000020E9640000CC1CF859A8E023415B036E61680C5741'::geometry))
                     Sort Method: top-N heapsort  Memory: 25kB
                     ->  Seq Scan on phoml_trajectory_tmp s_2442  (cost=0.00..165745.68 rows=1 width=84) (actual time=0.039..0.601 rows=480 loops=1)
                           Filter: ((unix_time >= '1685451490.364'::double precision) AND (unix_time <= '1685451550.364'::double precision) AND st_dwithin(st_transform(the_geom, 25833), '0101000020E9640000CC1CF859A8E023415B036E61680C5741'::geometry, '300'::double precision))
                           Rows Removed by Filter: 3180
   ->  Subquery Scan on "*SELECT* 2444"  (cost=165745.69..165745.70 rows=1 width=76) (actual time=0.658..0.660 rows=1 loops=1)
         ->  Limit  (cost=165745.69..165745.69 rows=1 width=84) (actual time=0.656..0.657 rows=1 loops=1)
               ->  Sort  (cost=165745.69..165745.69 rows=1 width=84) (actual time=0.654..0.654 rows=1 loops=1)
                     Sort Key: (st_distance(st_transform(s_2443.the_geom, 25833), '0101000020E964000087EB5E66AAE02341BC49A41C670C5741'::geometry))
                     Sort Method: top-N heapsort  Memory: 25kB
                     ->  Seq Scan on phoml_trajectory_tmp s_2443  (cost=0.00..165745.68 rows=1 width=84) (actual time=0.037..0.585 rows=480 loops=1)
                           Filter: ((unix_time >= '1685451490.714'::double precision) AND (unix_time <= '1685451550.714'::double precision) AND st_dwithin(st_transform(the_geom, 25833), '0101000020E964000087EB5E66AAE02341BC49A41C670C5741'::geometry, '300'::double precision))
                           Rows Removed by Filter: 3180
   ->  Subquery Scan on "*SELECT* 2445"  (cost=165745.69..165745.70 rows=1 width=76) (actual time=0.680..0.681 rows=1 loops=1)
         ->  Limit  (cost=165745.69..165745.69 rows=1 width=84) (actual time=0.677..0.677 rows=1 loops=1)
               ->  Sort  (cost=165745.69..165745.69 rows=1 width=84) (actual time=0.675..0.676 rows=1 loops=1)
                     Sort Key: (st_distance(st_transform(s_2444.the_geom, 25833), '0101000020E9640000B5550A40ACE023410A6491DD650C5741'::geometry))
                     Sort Method: top-N heapsort  Memory: 25kB
                     ->  Seq Scan on phoml_trajectory_tmp s_2444  (cost=0.00..165745.68 rows=1 width=84) (actual time=0.040..0.602 rows=480 loops=1)
                           Filter: ((unix_time >= '1685451491.064'::double precision) AND (unix_time <= '1685451551.064'::double precision) AND st_dwithin(st_transform(the_geom, 25833), '0101000020E9640000B5550A40ACE023410A6491DD650C5741'::geometry, '300'::double precision))
                           Rows Removed by Filter: 3180
   ->  Subquery Scan on "*SELECT* 2446"  (cost=165745.69..165745.70 rows=1 width=76) (actual time=0.670..0.671 rows=1 loops=1)
         ->  Limit  (cost=165745.69..165745.69 rows=1 width=84) (actual time=0.667..0.668 rows=1 loops=1)
               ->  Sort  (cost=165745.69..165745.69 rows=1 width=84) (actual time=0.664..0.665 rows=1 loops=1)
                     Sort Key: (st_distance(st_transform(s_2445.the_geom, 25833), '0101000020E9640000605FB1FDADE02341AA1415AD640C5741'::geometry))
                     Sort Method: top-N heapsort  Memory: 25kB
                     ->  Seq Scan on phoml_trajectory_tmp s_2445  (cost=0.00..165745.68 rows=1 width=84) (actual time=0.040..0.591 rows=480 loops=1)
                           Filter: ((unix_time >= '1685451491.397'::double precision) AND (unix_time <= '1685451551.397'::double precision) AND st_dwithin(st_transform(the_geom, 25833), '0101000020E9640000605FB1FDADE02341AA1415AD640C5741'::geometry, '300'::double precision))
                           Rows Removed by Filter: 3180
   ->  Subquery Scan on "*SELECT* 2447"  (cost=165745.69..165745.70 rows=1 width=76) (actual time=0.662..0.663 rows=1 loops=1)
         ->  Limit  (cost=165745.69..165745.69 rows=1 width=84) (actual time=0.660..0.661 rows=1 loops=1)
               ->  Sort  (cost=165745.69..165745.69 rows=1 width=84) (actual time=0.658..0.659 rows=1 loops=1)
                     Sort Key: (st_distance(st_transform(s_2446.the_geom, 25833), '0101000020E964000001143F94AFE02341E39D3366630C5741'::geometry))
                     Sort Method: top-N heapsort  Memory: 25kB
                     ->  Seq Scan on phoml_trajectory_tmp s_2446  (cost=0.00..165745.68 rows=1 width=84) (actual time=0.040..0.592 rows=480 loops=1)
                           Filter: ((unix_time >= '1685451491.747'::double precision) AND (unix_time <= '1685451551.747'::double precision) AND st_dwithin(st_transform(the_geom, 25833), '0101000020E964000001143F94AFE02341E39D3366630C5741'::geometry, '300'::double precision))
                           Rows Removed by Filter: 3180
   ->  Subquery Scan on "*SELECT* 2448"  (cost=165745.69..165745.70 rows=1 width=76) (actual time=0.671..0.672 rows=1 loops=1)
         ->  Limit  (cost=165745.69..165745.69 rows=1 width=84) (actual time=0.669..0.669 rows=1 loops=1)
               ->  Sort  (cost=165745.69..165745.69 rows=1 width=84) (actual time=0.667..0.667 rows=1 loops=1)
                     Sort Key: (st_distance(st_transform(s_2447.the_geom, 25833), '0101000020E9640000AF4B4355B1E02341F72F0A35620C5741'::geometry))
                     Sort Method: top-N heapsort  Memory: 25kB
                     ->  Seq Scan on phoml_trajectory_tmp s_2447  (cost=0.00..165745.68 rows=1 width=84) (actual time=0.047..0.596 rows=480 loops=1)
                           Filter: ((unix_time >= '1685451492.087'::double precision) AND (unix_time <= '1685451552.087'::double precision) AND st_dwithin(st_transform(the_geom, 25833), '0101000020E9640000AF4B4355B1E02341F72F0A35620C5741'::geometry, '300'::double precision))
                           Rows Removed by Filter: 3180
   ->  Subquery Scan on "*SELECT* 2449"  (cost=165745.69..165745.70 rows=1 width=76) (actual time=0.678..0.679 rows=1 loops=1)
         ->  Limit  (cost=165745.69..165745.69 rows=1 width=84) (actual time=0.674..0.675 rows=1 loops=1)
               ->  Sort  (cost=165745.69..165745.69 rows=1 width=84) (actual time=0.672..0.672 rows=1 loops=1)
                     Sort Key: (st_distance(st_transform(s_2448.the_geom, 25833), '0101000020E96400003F8B4806B3E023411499C2F5600C5741'::geometry))
                     Sort Method: top-N heapsort  Memory: 25kB
                     ->  Seq Scan on phoml_trajectory_tmp s_2448  (cost=0.00..165745.68 rows=1 width=84) (actual time=0.042..0.604 rows=480 loops=1)
                           Filter: ((unix_time >= '1685451492.431'::double precision) AND (unix_time <= '1685451552.431'::double precision) AND st_dwithin(st_transform(the_geom, 25833), '0101000020E96400003F8B4806B3E023411499C2F5600C5741'::geometry, '300'::double precision))
                           Rows Removed by Filter: 3180
   ->  Subquery Scan on "*SELECT* 2450"  (cost=165745.69..165745.70 rows=1 width=76) (actual time=0.667..0.669 rows=1 loops=1)
         ->  Limit  (cost=165745.69..165745.69 rows=1 width=84) (actual time=0.664..0.665 rows=1 loops=1)
               ->  Sort  (cost=165745.69..165745.69 rows=1 width=84) (actual time=0.662..0.663 rows=1 loops=1)
                     Sort Key: (st_distance(st_transform(s_2449.the_geom, 25833), '0101000020E9640000727DCCB9B4E02341DDFA29C55F0C5741'::geometry))
                     Sort Method: top-N heapsort  Memory: 25kB
                     ->  Seq Scan on phoml_trajectory_tmp s_2449  (cost=0.00..165745.68 rows=1 width=84) (actual time=0.041..0.593 rows=480 loops=1)
                           Filter: ((unix_time >= '1685451492.771'::double precision) AND (unix_time <= '1685451552.771'::double precision) AND st_dwithin(st_transform(the_geom, 25833), '0101000020E9640000727DCCB9B4E02341DDFA29C55F0C5741'::geometry, '300'::double precision))
                           Rows Removed by Filter: 3180
   ->  Subquery Scan on "*SELECT* 2451"  (cost=165745.69..165745.70 rows=1 width=76) (actual time=0.653..0.654 rows=1 loops=1)
         ->  Limit  (cost=165745.69..165745.69 rows=1 width=84) (actual time=0.650..0.651 rows=1 loops=1)
               ->  Sort  (cost=165745.69..165745.69 rows=1 width=84) (actual time=0.648..0.648 rows=1 loops=1)
                     Sort Key: (st_distance(st_transform(s_2450.the_geom, 25833), '0101000020E964000063B361BDB6E02341A0C695795E0C5741'::geometry))
                     Sort Method: top-N heapsort  Memory: 25kB
                     ->  Seq Scan on phoml_trajectory_tmp s_2450  (cost=0.00..165745.68 rows=1 width=84) (actual time=0.040..0.580 rows=480 loops=1)
                           Filter: ((unix_time >= '1685451493.131'::double precision) AND (unix_time <= '1685451553.131'::double precision) AND st_dwithin(st_transform(the_geom, 25833), '0101000020E964000063B361BDB6E02341A0C695795E0C5741'::geometry, '300'::double precision))
                           Rows Removed by Filter: 3180
   ->  Subquery Scan on "*SELECT* 2452"  (cost=165745.69..165745.70 rows=1 width=76) (actual time=0.668..0.669 rows=1 loops=1)
         ->  Limit  (cost=165745.69..165745.69 rows=1 width=84) (actual time=0.664..0.665 rows=1 loops=1)
               ->  Sort  (cost=165745.69..165745.69 rows=1 width=84) (actual time=0.662..0.663 rows=1 loops=1)
                     Sort Key: (st_distance(st_transform(s_2451.the_geom, 25833), '0101000020E96400008D303993B8E023415EF775425D0C5741'::geometry))
                     Sort Method: top-N heapsort  Memory: 25kB
                     ->  Seq Scan on phoml_trajectory_tmp s_2451  (cost=0.00..165745.68 rows=1 width=84) (actual time=0.041..0.593 rows=480 loops=1)
                           Filter: ((unix_time >= '1685451493.474'::double precision) AND (unix_time <= '1685451553.474'::double precision) AND st_dwithin(st_transform(the_geom, 25833), '0101000020E96400008D303993B8E023415EF775425D0C5741'::geometry, '300'::double precision))
                           Rows Removed by Filter: 3180
   ->  Subquery Scan on "*SELECT* 2453"  (cost=165745.69..165745.70 rows=1 width=76) (actual time=0.705..0.706 rows=1 loops=1)
         ->  Limit  (cost=165745.69..165745.69 rows=1 width=84) (actual time=0.701..0.702 rows=1 loops=1)
               ->  Sort  (cost=165745.69..165745.69 rows=1 width=84) (actual time=0.698..0.699 rows=1 loops=1)
                     Sort Key: (st_distance(st_transform(s_2452.the_geom, 25833), '0101000020E9640000A0B27E48BAE02341EEC689185C0C5741'::geometry))
                     Sort Method: top-N heapsort  Memory: 25kB
                     ->  Seq Scan on phoml_trajectory_tmp s_2452  (cost=0.00..165745.68 rows=1 width=84) (actual time=0.041..0.628 rows=480 loops=1)
                           Filter: ((unix_time >= '1685451493.804'::double precision) AND (unix_time <= '1685451553.804'::double precision) AND st_dwithin(st_transform(the_geom, 25833), '0101000020E9640000A0B27E48BAE02341EEC689185C0C5741'::geometry, '300'::double precision))
                           Rows Removed by Filter: 3180
   ->  Subquery Scan on "*SELECT* 2454"  (cost=165745.69..165745.70 rows=1 width=76) (actual time=0.654..0.655 rows=1 loops=1)
         ->  Limit  (cost=165745.69..165745.69 rows=1 width=84) (actual time=0.652..0.652 rows=1 loops=1)
               ->  Sort  (cost=165745.69..165745.69 rows=1 width=84) (actual time=0.649..0.650 rows=1 loops=1)
                     Sort Key: (st_distance(st_transform(s_2453.the_geom, 25833), '0101000020E9640000DA30DF31BCE02341E4B5C3D25A0C5741'::geometry))
                     Sort Method: top-N heapsort  Memory: 25kB
                     ->  Seq Scan on phoml_trajectory_tmp s_2453  (cost=0.00..165745.68 rows=1 width=84) (actual time=0.041..0.581 rows=480 loops=1)
                           Filter: ((unix_time >= '1685451494.165'::double precision) AND (unix_time <= '1685451554.165'::double precision) AND st_dwithin(st_transform(the_geom, 25833), '0101000020E9640000DA30DF31BCE02341E4B5C3D25A0C5741'::geometry, '300'::double precision))
                           Rows Removed by Filter: 3180
   ->  Subquery Scan on "*SELECT* 2455"  (cost=165745.69..165745.70 rows=1 width=76) (actual time=0.884..0.886 rows=1 loops=1)
         ->  Limit  (cost=165745.69..165745.69 rows=1 width=84) (actual time=0.867..0.868 rows=1 loops=1)
               ->  Sort  (cost=165745.69..165745.69 rows=1 width=84) (actual time=0.854..0.854 rows=1 loops=1)
                     Sort Key: (st_distance(st_transform(s_2454.the_geom, 25833), '0101000020E9640000A4A9AD0DBEE02341CABE269B590C5741'::geometry))
                     Sort Method: top-N heapsort  Memory: 25kB
                     ->  Seq Scan on phoml_trajectory_tmp s_2454  (cost=0.00..165745.68 rows=1 width=84) (actual time=0.040..0.780 rows=480 loops=1)
                           Filter: ((unix_time >= '1685451494.505'::double precision) AND (unix_time <= '1685451554.505'::double precision) AND st_dwithin(st_transform(the_geom, 25833), '0101000020E9640000A4A9AD0DBEE02341CABE269B590C5741'::geometry, '300'::double precision))
                           Rows Removed by Filter: 3180
   ->  Subquery Scan on "*SELECT* 2456"  (cost=165745.69..165745.70 rows=1 width=76) (actual time=0.675..0.676 rows=1 loops=1)
         ->  Limit  (cost=165745.69..165745.69 rows=1 width=84) (actual time=0.671..0.672 rows=1 loops=1)
               ->  Sort  (cost=165745.69..165745.69 rows=1 width=84) (actual time=0.668..0.669 rows=1 loops=1)
                     Sort Key: (st_distance(st_transform(s_2455.the_geom, 25833), '0101000020E9640000BCE4F8A0BFE02341613D5D62580C5741'::geometry))
                     Sort Method: top-N heapsort  Memory: 25kB
                     ->  Seq Scan on phoml_trajectory_tmp s_2455  (cost=0.00..165745.68 rows=1 width=84) (actual time=0.043..0.596 rows=480 loops=1)
                           Filter: ((unix_time >= '1685451494.845'::double precision) AND (unix_time <= '1685451554.845'::double precision) AND st_dwithin(st_transform(the_geom, 25833), '0101000020E9640000BCE4F8A0BFE02341613D5D62580C5741'::geometry, '300'::double precision))
                           Rows Removed by Filter: 3180
   ->  Subquery Scan on "*SELECT* 2457"  (cost=165745.69..165745.70 rows=1 width=76) (actual time=0.684..0.685 rows=1 loops=1)
         ->  Limit  (cost=165745.69..165745.69 rows=1 width=84) (actual time=0.680..0.680 rows=1 loops=1)
               ->  Sort  (cost=165745.69..165745.69 rows=1 width=84) (actual time=0.678..0.678 rows=1 loops=1)
                     Sort Key: (st_distance(st_transform(s_2456.the_geom, 25833), '0101000020E9640000C0EAA441C1E023415E44811B570C5741'::geometry))
                     Sort Method: top-N heapsort  Memory: 25kB
                     ->  Seq Scan on phoml_trajectory_tmp s_2456  (cost=0.00..165745.68 rows=1 width=84) (actual time=0.058..0.609 rows=480 loops=1)
                           Filter: ((unix_time >= '1685451495.197'::double precision) AND (unix_time <= '1685451555.197'::double precision) AND st_dwithin(st_transform(the_geom, 25833), '0101000020E9640000C0EAA441C1E023415E44811B570C5741'::geometry, '300'::double precision))
                           Rows Removed by Filter: 3180
   ->  Subquery Scan on "*SELECT* 2458"  (cost=165745.69..165745.70 rows=1 width=76) (actual time=0.657..0.658 rows=1 loops=1)
         ->  Limit  (cost=165745.69..165745.69 rows=1 width=84) (actual time=0.654..0.655 rows=1 loops=1)
               ->  Sort  (cost=165745.69..165745.69 rows=1 width=84) (actual time=0.651..0.652 rows=1 loops=1)
                     Sort Key: (st_distance(st_transform(s_2457.the_geom, 25833), '0101000020E96400003BDDDCB7C2E02341FD4327E3550C5741'::geometry))
                     Sort Method: top-N heapsort  Memory: 25kB
                     ->  Seq Scan on phoml_trajectory_tmp s_2457  (cost=0.00..165745.68 rows=1 width=84) (actual time=0.048..0.583 rows=480 loops=1)
                           Filter: ((unix_time >= '1685451495.527'::double precision) AND (unix_time <= '1685451555.527'::double precision) AND st_dwithin(st_transform(the_geom, 25833), '0101000020E96400003BDDDCB7C2E02341FD4327E3550C5741'::geometry, '300'::double precision))
                           Rows Removed by Filter: 3180
   ->  Subquery Scan on "*SELECT* 2459"  (cost=165745.69..165745.70 rows=1 width=76) (actual time=0.671..0.672 rows=1 loops=1)
         ->  Limit  (cost=165745.69..165745.69 rows=1 width=84) (actual time=0.668..0.669 rows=1 loops=1)
               ->  Sort  (cost=165745.69..165745.69 rows=1 width=84) (actual time=0.666..0.666 rows=1 loops=1)
                     Sort Key: (st_distance(st_transform(s_2458.the_geom, 25833), '0101000020E96400008616D354C4E02341940829B1540C5741'::geometry))
                     Sort Method: top-N heapsort  Memory: 25kB
                     ->  Seq Scan on phoml_trajectory_tmp s_2458  (cost=0.00..165745.68 rows=1 width=84) (actual time=0.043..0.598 rows=480 loops=1)
                           Filter: ((unix_time >= '1685451495.857'::double precision) AND (unix_time <= '1685451555.857'::double precision) AND st_dwithin(st_transform(the_geom, 25833), '0101000020E96400008616D354C4E02341940829B1540C5741'::geometry, '300'::double precision))
                           Rows Removed by Filter: 3180
   ->  Subquery Scan on "*SELECT* 2460"  (cost=165745.69..165745.70 rows=1 width=76) (actual time=0.662..0.663 rows=1 loops=1)
         ->  Limit  (cost=165745.69..165745.69 rows=1 width=84) (actual time=0.658..0.659 rows=1 loops=1)
               ->  Sort  (cost=165745.69..165745.69 rows=1 width=84) (actual time=0.656..0.657 rows=1 loops=1)
                     Sort Key: (st_distance(st_transform(s_2459.the_geom, 25833), '0101000020E9640000A178F11FC6E02341126EDF63530C5741'::geometry))
                     Sort Method: top-N heapsort  Memory: 25kB
                     ->  Seq Scan on phoml_trajectory_tmp s_2459  (cost=0.00..165745.68 rows=1 width=84) (actual time=0.039..0.588 rows=480 loops=1)
                           Filter: ((unix_time >= '1685451496.217'::double precision) AND (unix_time <= '1685451556.217'::double precision) AND st_dwithin(st_transform(the_geom, 25833), '0101000020E9640000A178F11FC6E02341126EDF63530C5741'::geometry, '300'::double precision))
                           Rows Removed by Filter: 3180
   ->  Subquery Scan on "*SELECT* 2461"  (cost=165745.69..165745.70 rows=1 width=76) (actual time=0.645..0.646 rows=1 loops=1)
         ->  Limit  (cost=165745.69..165745.69 rows=1 width=84) (actual time=0.643..0.644 rows=1 loops=1)
               ->  Sort  (cost=165745.69..165745.69 rows=1 width=84) (actual time=0.641..0.641 rows=1 loops=1)
                     Sort Key: (st_distance(st_transform(s_2460.the_geom, 25833), '0101000020E964000056742BDAC7E02341C7419033520C5741'::geometry))
                     Sort Method: top-N heapsort  Memory: 25kB
                     ->  Seq Scan on phoml_trajectory_tmp s_2460  (cost=0.00..165745.68 rows=1 width=84) (actual time=0.040..0.574 rows=480 loops=1)
                           Filter: ((unix_time >= '1685451496.547'::double precision) AND (unix_time <= '1685451556.547'::double precision) AND st_dwithin(st_transform(the_geom, 25833), '0101000020E964000056742BDAC7E02341C7419033520C5741'::geometry, '300'::double precision))
                           Rows Removed by Filter: 3180
   ->  Subquery Scan on "*SELECT* 2462"  (cost=165745.69..165745.70 rows=1 width=76) (actual time=0.672..0.673 rows=1 loops=1)
         ->  Limit  (cost=165745.69..165745.69 rows=1 width=84) (actual time=0.668..0.669 rows=1 loops=1)
               ->  Sort  (cost=165745.69..165745.69 rows=1 width=84) (actual time=0.666..0.666 rows=1 loops=1)
                     Sort Key: (st_distance(st_transform(s_2461.the_geom, 25833), '0101000020E9640000EB0E27ADC9E02341761FE3F4500C5741'::geometry))
                     Sort Method: top-N heapsort  Memory: 25kB
                     ->  Seq Scan on phoml_trajectory_tmp s_2461  (cost=0.00..165745.68 rows=1 width=84) (actual time=0.041..0.598 rows=480 loops=1)
                           Filter: ((unix_time >= '1685451496.887'::double precision) AND (unix_time <= '1685451556.887'::double precision) AND st_dwithin(st_transform(the_geom, 25833), '0101000020E9640000EB0E27ADC9E02341761FE3F4500C5741'::geometry, '300'::double precision))
                           Rows Removed by Filter: 3180
   ->  Subquery Scan on "*SELECT* 2463"  (cost=165745.69..165745.70 rows=1 width=76) (actual time=0.657..0.659 rows=1 loops=1)
         ->  Limit  (cost=165745.69..165745.69 rows=1 width=84) (actual time=0.654..0.655 rows=1 loops=1)
               ->  Sort  (cost=165745.69..165745.69 rows=1 width=84) (actual time=0.652..0.652 rows=1 loops=1)
                     Sort Key: (st_distance(st_transform(s_2462.the_geom, 25833), '0101000020E9640000925A6677CBE023410BD229BE4F0C5741'::geometry))
                     Sort Method: top-N heapsort  Memory: 25kB
                     ->  Seq Scan on phoml_trajectory_tmp s_2462  (cost=0.00..165745.68 rows=1 width=84) (actual time=0.040..0.585 rows=480 loops=1)
                           Filter: ((unix_time >= '1685451497.22'::double precision) AND (unix_time <= '1685451557.22'::double precision) AND st_dwithin(st_transform(the_geom, 25833), '0101000020E9640000925A6677CBE023410BD229BE4F0C5741'::geometry, '300'::double precision))
                           Rows Removed by Filter: 3180
   ->  Subquery Scan on "*SELECT* 2464"  (cost=165745.69..165745.70 rows=1 width=76) (actual time=0.646..0.647 rows=1 loops=1)
         ->  Limit  (cost=165745.69..165745.69 rows=1 width=84) (actual time=0.644..0.645 rows=1 loops=1)
               ->  Sort  (cost=165745.69..165745.69 rows=1 width=84) (actual time=0.643..0.643 rows=1 loops=1)
                     Sort Key: (st_distance(st_transform(s_2463.the_geom, 25833), '0101000020E9640000E9769F30CDE023413E422F7F4E0C5741'::geometry))
                     Sort Method: top-N heapsort  Memory: 25kB
                     ->  Seq Scan on phoml_trajectory_tmp s_2463  (cost=0.00..165745.68 rows=1 width=84) (actual time=0.039..0.576 rows=480 loops=1)
                           Filter: ((unix_time >= '1685451497.56'::double precision) AND (unix_time <= '1685451557.56'::double precision) AND st_dwithin(st_transform(the_geom, 25833), '0101000020E9640000E9769F30CDE023413E422F7F4E0C5741'::geometry, '300'::double precision))
                           Rows Removed by Filter: 3180
   ->  Subquery Scan on "*SELECT* 2465"  (cost=165745.69..165745.70 rows=1 width=76) (actual time=0.657..0.658 rows=1 loops=1)
         ->  Limit  (cost=165745.69..165745.69 rows=1 width=84) (actual time=0.653..0.654 rows=1 loops=1)
               ->  Sort  (cost=165745.69..165745.69 rows=1 width=84) (actual time=0.651..0.652 rows=1 loops=1)
                     Sort Key: (st_distance(st_transform(s_2464.the_geom, 25833), '0101000020E9640000CC42060CCFE023413816C2474D0C5741'::geometry))
                     Sort Method: top-N heapsort  Memory: 25kB
                     ->  Seq Scan on phoml_trajectory_tmp s_2464  (cost=0.00..165745.68 rows=1 width=84) (actual time=0.040..0.584 rows=480 loops=1)
                           Filter: ((unix_time >= '1685451497.89'::double precision) AND (unix_time <= '1685451557.89'::double precision) AND st_dwithin(st_transform(the_geom, 25833), '0101000020E9640000CC42060CCFE023413816C2474D0C5741'::geometry, '300'::double precision))
                           Rows Removed by Filter: 3180
   ->  Subquery Scan on "*SELECT* 2466"  (cost=165745.69..165745.70 rows=1 width=76) (actual time=0.663..0.665 rows=1 loops=1)
         ->  Limit  (cost=165745.69..165745.69 rows=1 width=84) (actual time=0.660..0.661 rows=1 loops=1)
               ->  Sort  (cost=165745.69..165745.69 rows=1 width=84) (actual time=0.658..0.659 rows=1 loops=1)
                     Sort Key: (st_distance(st_transform(s_2465.the_geom, 25833), '0101000020E9640000FE76D20BD1E02341BF7EC2094C0C5741'::geometry))
                     Sort Method: top-N heapsort  Memory: 25kB
                     ->  Seq Scan on phoml_trajectory_tmp s_2465  (cost=0.00..165745.68 rows=1 width=84) (actual time=0.041..0.590 rows=480 loops=1)
                           Filter: ((unix_time >= '1685451498.233'::double precision) AND (unix_time <= '1685451558.233'::double precision) AND st_dwithin(st_transform(the_geom, 25833), '0101000020E9640000FE76D20BD1E02341BF7EC2094C0C5741'::geometry, '300'::double precision))
                           Rows Removed by Filter: 3180
   ->  Subquery Scan on "*SELECT* 2467"  (cost=165745.69..165745.70 rows=1 width=76) (actual time=0.635..0.636 rows=1 loops=1)
         ->  Limit  (cost=165745.69..165745.69 rows=1 width=84) (actual time=0.633..0.633 rows=1 loops=1)
               ->  Sort  (cost=165745.69..165745.69 rows=1 width=84) (actual time=0.631..0.631 rows=1 loops=1)
                     Sort Key: (st_distance(st_transform(s_2466.the_geom, 25833), '0101000020E964000099B9A4DDD2E023419BF779D24A0C5741'::geometry))
                     Sort Method: top-N heapsort  Memory: 25kB
                     ->  Seq Scan on phoml_trajectory_tmp s_2466  (cost=0.00..165745.68 rows=1 width=84) (actual time=0.039..0.564 rows=480 loops=1)
                           Filter: ((unix_time >= '1685451498.563'::double precision) AND (unix_time <= '1685451558.563'::double precision) AND st_dwithin(st_transform(the_geom, 25833), '0101000020E964000099B9A4DDD2E023419BF779D24A0C5741'::geometry, '300'::double precision))
                           Rows Removed by Filter: 3180
   ->  Subquery Scan on "*SELECT* 2468"  (cost=165745.69..165745.70 rows=1 width=76) (actual time=0.668..0.669 rows=1 loops=1)
         ->  Limit  (cost=165745.69..165745.69 rows=1 width=84) (actual time=0.664..0.665 rows=1 loops=1)
               ->  Sort  (cost=165745.69..165745.69 rows=1 width=84) (actual time=0.663..0.663 rows=1 loops=1)
                     Sort Key: (st_distance(st_transform(s_2467.the_geom, 25833), '0101000020E9640000F47155AFD4E0234128A1189B490C5741'::geometry))
                     Sort Method: top-N heapsort  Memory: 25kB
                     ->  Seq Scan on phoml_trajectory_tmp s_2467  (cost=0.00..165745.68 rows=1 width=84) (actual time=0.039..0.594 rows=480 loops=1)
                           Filter: ((unix_time >= '1685451498.893'::double precision) AND (unix_time <= '1685451558.893'::double precision) AND st_dwithin(st_transform(the_geom, 25833), '0101000020E9640000F47155AFD4E0234128A1189B490C5741'::geometry, '300'::double precision))
                           Rows Removed by Filter: 3180
   ->  Subquery Scan on "*SELECT* 2469"  (cost=165745.69..165745.70 rows=1 width=76) (actual time=0.662..0.663 rows=1 loops=1)
         ->  Limit  (cost=165745.69..165745.69 rows=1 width=84) (actual time=0.659..0.660 rows=1 loops=1)
               ->  Sort  (cost=165745.69..165745.69 rows=1 width=84) (actual time=0.657..0.657 rows=1 loops=1)
                     Sort Key: (st_distance(st_transform(s_2468.the_geom, 25833), '0101000020E96400001E09B074D6E0234196505063480C5741'::geometry))
                     Sort Method: top-N heapsort  Memory: 25kB
                     ->  Seq Scan on phoml_trajectory_tmp s_2468  (cost=0.00..165745.68 rows=1 width=84) (actual time=0.042..0.589 rows=480 loops=1)
                           Filter: ((unix_time >= '1685451499.225'::double precision) AND (unix_time <= '1685451559.225'::double precision) AND st_dwithin(st_transform(the_geom, 25833), '0101000020E96400001E09B074D6E0234196505063480C5741'::geometry, '300'::double precision))
                           Rows Removed by Filter: 3180
   ->  Subquery Scan on "*SELECT* 2470"  (cost=165745.69..165745.70 rows=1 width=76) (actual time=0.661..0.662 rows=1 loops=1)
         ->  Limit  (cost=165745.69..165745.69 rows=1 width=84) (actual time=0.659..0.660 rows=1 loops=1)
               ->  Sort  (cost=165745.69..165745.69 rows=1 width=84) (actual time=0.657..0.657 rows=1 loops=1)
                     Sort Key: (st_distance(st_transform(s_2469.the_geom, 25833), '0101000020E96400003625EE58D8E0234121CC6C1D470C5741'::geometry))
                     Sort Method: top-N heapsort  Memory: 25kB
                     ->  Seq Scan on phoml_trajectory_tmp s_2469  (cost=0.00..165745.68 rows=1 width=84) (actual time=0.040..0.588 rows=480 loops=1)
                           Filter: ((unix_time >= '1685451499.565'::double precision) AND (unix_time <= '1685451559.565'::double precision) AND st_dwithin(st_transform(the_geom, 25833), '0101000020E96400003625EE58D8E0234121CC6C1D470C5741'::geometry, '300'::double precision))
                           Rows Removed by Filter: 3180
   ->  Subquery Scan on "*SELECT* 2471"  (cost=165745.69..165745.70 rows=1 width=76) (actual time=0.732..0.733 rows=1 loops=1)
         ->  Limit  (cost=165745.69..165745.69 rows=1 width=84) (actual time=0.724..0.725 rows=1 loops=1)
               ->  Sort  (cost=165745.69..165745.69 rows=1 width=84) (actual time=0.722..0.722 rows=1 loops=1)
                     Sort Key: (st_distance(st_transform(s_2470.the_geom, 25833), '0101000020E964000079DFA925DAE0234172F7DEE5450C5741'::geometry))
                     Sort Method: top-N heapsort  Memory: 25kB
                     ->  Seq Scan on phoml_trajectory_tmp s_2470  (cost=0.00..165745.68 rows=1 width=84) (actual time=0.040..0.649 rows=480 loops=1)
                           Filter: ((unix_time >= '1685451499.895'::double precision) AND (unix_time <= '1685451559.895'::double precision) AND st_dwithin(st_transform(the_geom, 25833), '0101000020E964000079DFA925DAE0234172F7DEE5450C5741'::geometry, '300'::double precision))
                           Rows Removed by Filter: 3180
   ->  Subquery Scan on "*SELECT* 2472"  (cost=165745.69..165745.70 rows=1 width=76) (actual time=0.682..0.684 rows=1 loops=1)
         ->  Limit  (cost=165745.69..165745.69 rows=1 width=84) (actual time=0.678..0.679 rows=1 loops=1)
               ->  Sort  (cost=165745.69..165745.69 rows=1 width=84) (actual time=0.676..0.676 rows=1 loops=1)
                     Sort Key: (st_distance(st_transform(s_2471.the_geom, 25833), '0101000020E96400007956EB05DCE02341FE7F22AF440C5741'::geometry))
                     Sort Method: top-N heapsort  Memory: 25kB
                     ->  Seq Scan on phoml_trajectory_tmp s_2471  (cost=0.00..165745.68 rows=1 width=84) (actual time=0.064..0.599 rows=480 loops=1)
                           Filter: ((unix_time >= '1685451500.226'::double precision) AND (unix_time <= '1685451560.226'::double precision) AND st_dwithin(st_transform(the_geom, 25833), '0101000020E96400007956EB05DCE02341FE7F22AF440C5741'::geometry, '300'::double precision))
                           Rows Removed by Filter: 3180
   ->  Subquery Scan on "*SELECT* 2473"  (cost=165745.69..165745.70 rows=1 width=76) (actual time=0.642..0.643 rows=1 loops=1)
         ->  Limit  (cost=165745.69..165745.69 rows=1 width=84) (actual time=0.640..0.640 rows=1 loops=1)
               ->  Sort  (cost=165745.69..165745.69 rows=1 width=84) (actual time=0.638..0.638 rows=1 loops=1)
                     Sort Key: (st_distance(st_transform(s_2472.the_geom, 25833), '0101000020E964000069DCEBD8DDE02341F296EA6F430C5741'::geometry))
                     Sort Method: top-N heapsort  Memory: 25kB
                     ->  Seq Scan on phoml_trajectory_tmp s_2472  (cost=0.00..165745.68 rows=1 width=84) (actual time=0.044..0.570 rows=480 loops=1)
                           Filter: ((unix_time >= '1685451500.556'::double precision) AND (unix_time <= '1685451560.556'::double precision) AND st_dwithin(st_transform(the_geom, 25833), '0101000020E964000069DCEBD8DDE02341F296EA6F430C5741'::geometry, '300'::double precision))
                           Rows Removed by Filter: 3180
   ->  Subquery Scan on "*SELECT* 2474"  (cost=165745.69..165745.70 rows=1 width=76) (actual time=0.661..0.662 rows=1 loops=1)
         ->  Limit  (cost=165745.69..165745.69 rows=1 width=84) (actual time=0.659..0.659 rows=1 loops=1)
               ->  Sort  (cost=165745.69..165745.69 rows=1 width=84) (actual time=0.656..0.657 rows=1 loops=1)
                     Sort Key: (st_distance(st_transform(s_2473.the_geom, 25833), '0101000020E964000059C3668CDFE023417570DE37420C5741'::geometry))
                     Sort Method: top-N heapsort  Memory: 25kB
                     ->  Seq Scan on phoml_trajectory_tmp s_2473  (cost=0.00..165745.68 rows=1 width=84) (actual time=0.050..0.588 rows=480 loops=1)
                           Filter: ((unix_time >= '1685451500.886'::double precision) AND (unix_time <= '1685451560.886'::double precision) AND st_dwithin(st_transform(the_geom, 25833), '0101000020E964000059C3668CDFE023417570DE37420C5741'::geometry, '300'::double precision))
                           Rows Removed by Filter: 3180
   ->  Subquery Scan on "*SELECT* 2475"  (cost=165745.69..165745.70 rows=1 width=76) (actual time=0.655..0.656 rows=1 loops=1)
         ->  Limit  (cost=165745.69..165745.69 rows=1 width=84) (actual time=0.652..0.652 rows=1 loops=1)
               ->  Sort  (cost=165745.69..165745.69 rows=1 width=84) (actual time=0.650..0.650 rows=1 loops=1)
                     Sort Key: (st_distance(st_transform(s_2474.the_geom, 25833), '0101000020E96400005CE30B65E1E0234169853EF9400C5741'::geometry))
                     Sort Method: top-N heapsort  Memory: 25kB
                     ->  Seq Scan on phoml_trajectory_tmp s_2474  (cost=0.00..165745.68 rows=1 width=84) (actual time=0.039..0.583 rows=480 loops=1)
                           Filter: ((unix_time >= '1685451501.22'::double precision) AND (unix_time <= '1685451561.22'::double precision) AND st_dwithin(st_transform(the_geom, 25833), '0101000020E96400005CE30B65E1E0234169853EF9400C5741'::geometry, '300'::double precision))
                           Rows Removed by Filter: 3180
   ->  Subquery Scan on "*SELECT* 2476"  (cost=165745.69..165745.70 rows=1 width=76) (actual time=0.637..0.638 rows=1 loops=1)
         ->  Limit  (cost=165745.69..165745.69 rows=1 width=84) (actual time=0.635..0.635 rows=1 loops=1)
               ->  Sort  (cost=165745.69..165745.69 rows=1 width=84) (actual time=0.633..0.633 rows=1 loops=1)
                     Sort Key: (st_distance(st_transform(s_2475.the_geom, 25833), '0101000020E9640000B0CAEA1CE3E023412735A5C03F0C5741'::geometry))
                     Sort Method: top-N heapsort  Memory: 25kB
                     ->  Seq Scan on phoml_trajectory_tmp s_2475  (cost=0.00..165745.68 rows=1 width=84) (actual time=0.039..0.565 rows=480 loops=1)
                           Filter: ((unix_time >= '1685451501.55'::double precision) AND (unix_time <= '1685451561.55'::double precision) AND st_dwithin(st_transform(the_geom, 25833), '0101000020E9640000B0CAEA1CE3E023412735A5C03F0C5741'::geometry, '300'::double precision))
                           Rows Removed by Filter: 3180
   ->  Subquery Scan on "*SELECT* 2477"  (cost=165745.69..165745.70 rows=1 width=76) (actual time=0.655..0.656 rows=1 loops=1)
         ->  Limit  (cost=165745.69..165745.69 rows=1 width=84) (actual time=0.653..0.653 rows=1 loops=1)
               ->  Sort  (cost=165745.69..165745.69 rows=1 width=84) (actual time=0.650..0.651 rows=1 loops=1)
                     Sort Key: (st_distance(st_transform(s_2476.the_geom, 25833), '0101000020E96400005759F800E5E0234119C85C893E0C5741'::geometry))
                     Sort Method: top-N heapsort  Memory: 25kB
                     ->  Seq Scan on phoml_trajectory_tmp s_2476  (cost=0.00..165745.68 rows=1 width=84) (actual time=0.050..0.582 rows=480 loops=1)
                           Filter: ((unix_time >= '1685451501.88'::double precision) AND (unix_time <= '1685451561.88'::double precision) AND st_dwithin(st_transform(the_geom, 25833), '0101000020E96400005759F800E5E0234119C85C893E0C5741'::geometry, '300'::double precision))
                           Rows Removed by Filter: 3180
   ->  Subquery Scan on "*SELECT* 2478"  (cost=165745.69..165745.70 rows=1 width=76) (actual time=0.673..0.674 rows=1 loops=1)
         ->  Limit  (cost=165745.69..165745.69 rows=1 width=84) (actual time=0.670..0.671 rows=1 loops=1)
               ->  Sort  (cost=165745.69..165745.69 rows=1 width=84) (actual time=0.668..0.668 rows=1 loops=1)
                     Sort Key: (st_distance(st_transform(s_2477.the_geom, 25833), '0101000020E96400008B06F1B2E6E023413844184A3D0C5741'::geometry))
                     Sort Method: top-N heapsort  Memory: 25kB
                     ->  Seq Scan on phoml_trajectory_tmp s_2477  (cost=0.00..165745.68 rows=1 width=84) (actual time=0.042..0.599 rows=480 loops=1)
                           Filter: ((unix_time >= '1685451502.22'::double precision) AND (unix_time <= '1685451562.22'::double precision) AND st_dwithin(st_transform(the_geom, 25833), '0101000020E96400008B06F1B2E6E023413844184A3D0C5741'::geometry, '300'::double precision))
                           Rows Removed by Filter: 3180
   ->  Subquery Scan on "*SELECT* 2479"  (cost=165745.69..165745.70 rows=1 width=76) (actual time=0.730..0.731 rows=1 loops=1)
         ->  Limit  (cost=165745.69..165745.69 rows=1 width=84) (actual time=0.717..0.718 rows=1 loops=1)
               ->  Sort  (cost=165745.69..165745.69 rows=1 width=84) (actual time=0.715..0.715 rows=1 loops=1)
                     Sort Key: (st_distance(st_transform(s_2478.the_geom, 25833), '0101000020E964000076F3255FE8E02341CF191D0A3C0C5741'::geometry))
                     Sort Method: top-N heapsort  Memory: 25kB
                     ->  Seq Scan on phoml_trajectory_tmp s_2478  (cost=0.00..165745.68 rows=1 width=84) (actual time=0.070..0.643 rows=480 loops=1)
                           Filter: ((unix_time >= '1685451502.55'::double precision) AND (unix_time <= '1685451562.55'::double precision) AND st_dwithin(st_transform(the_geom, 25833), '0101000020E964000076F3255FE8E02341CF191D0A3C0C5741'::geometry, '300'::double precision))
                           Rows Removed by Filter: 3180
   ->  Subquery Scan on "*SELECT* 2480"  (cost=165745.69..165745.70 rows=1 width=76) (actual time=0.677..0.678 rows=1 loops=1)
         ->  Limit  (cost=165745.69..165745.69 rows=1 width=84) (actual time=0.675..0.675 rows=1 loops=1)
               ->  Sort  (cost=165745.69..165745.69 rows=1 width=84) (actual time=0.672..0.673 rows=1 loops=1)
                     Sort Key: (st_distance(st_transform(s_2479.the_geom, 25833), '0101000020E9640000C324BE11EAE02341637B3DD23A0C5741'::geometry))
                     Sort Method: top-N heapsort  Memory: 25kB
                     ->  Seq Scan on phoml_trajectory_tmp s_2479  (cost=0.00..165745.68 rows=1 width=84) (actual time=0.047..0.601 rows=480 loops=1)
                           Filter: ((unix_time >= '1685451502.879'::double precision) AND (unix_time <= '1685451562.879'::double precision) AND st_dwithin(st_transform(the_geom, 25833), '0101000020E9640000C324BE11EAE02341637B3DD23A0C5741'::geometry, '300'::double precision))
                           Rows Removed by Filter: 3180
   ->  Subquery Scan on "*SELECT* 2481"  (cost=165745.69..165745.70 rows=1 width=76) (actual time=0.661..0.662 rows=1 loops=1)
         ->  Limit  (cost=165745.69..165745.69 rows=1 width=84) (actual time=0.657..0.658 rows=1 loops=1)
               ->  Sort  (cost=165745.69..165745.69 rows=1 width=84) (actual time=0.656..0.656 rows=1 loops=1)
                     Sort Key: (st_distance(st_transform(s_2480.the_geom, 25833), '0101000020E9640000401297A6EBE02341EB4611A1390C5741'::geometry))
                     Sort Method: top-N heapsort  Memory: 25kB
                     ->  Seq Scan on phoml_trajectory_tmp s_2480  (cost=0.00..165745.68 rows=1 width=84) (actual time=0.040..0.583 rows=480 loops=1)
                           Filter: ((unix_time >= '1685451503.202'::double precision) AND (unix_time <= '1685451563.202'::double precision) AND st_dwithin(st_transform(the_geom, 25833), '0101000020E9640000401297A6EBE02341EB4611A1390C5741'::geometry, '300'::double precision))
                           Rows Removed by Filter: 3180
   ->  Subquery Scan on "*SELECT* 2482"  (cost=165745.69..165745.70 rows=1 width=76) (actual time=0.682..0.683 rows=1 loops=1)
         ->  Limit  (cost=165745.69..165745.69 rows=1 width=84) (actual time=0.678..0.679 rows=1 loops=1)
               ->  Sort  (cost=165745.69..165745.69 rows=1 width=84) (actual time=0.675..0.676 rows=1 loops=1)
                     Sort Key: (st_distance(st_transform(s_2481.the_geom, 25833), '0101000020E964000037B64562EDE02341EE5AB15A380C5741'::geometry))
                     Sort Method: top-N heapsort  Memory: 25kB
                     ->  Seq Scan on phoml_trajectory_tmp s_2481  (cost=0.00..165745.68 rows=1 width=84) (actual time=0.056..0.607 rows=480 loops=1)
                           Filter: ((unix_time >= '1685451503.542'::double precision) AND (unix_time <= '1685451563.542'::double precision) AND st_dwithin(st_transform(the_geom, 25833), '0101000020E964000037B64562EDE02341EE5AB15A380C5741'::geometry, '300'::double precision))
                           Rows Removed by Filter: 3180
   ->  Subquery Scan on "*SELECT* 2483"  (cost=165745.69..165745.70 rows=1 width=76) (actual time=0.720..0.721 rows=1 loops=1)
         ->  Limit  (cost=165745.69..165745.69 rows=1 width=84) (actual time=0.718..0.719 rows=1 loops=1)
               ->  Sort  (cost=165745.69..165745.69 rows=1 width=84) (actual time=0.716..0.716 rows=1 loops=1)
                     Sort Key: (st_distance(st_transform(s_2482.the_geom, 25833), '0101000020E964000041D12D29EFE02341F223C331370C5741'::geometry))
                     Sort Method: top-N heapsort  Memory: 25kB
                     ->  Seq Scan on phoml_trajectory_tmp s_2482  (cost=0.00..165745.68 rows=1 width=84) (actual time=0.061..0.629 rows=480 loops=1)
                           Filter: ((unix_time >= '1685451503.862'::double precision) AND (unix_time <= '1685451563.862'::double precision) AND st_dwithin(st_transform(the_geom, 25833), '0101000020E964000041D12D29EFE02341F223C331370C5741'::geometry, '300'::double precision))
                           Rows Removed by Filter: 3180
   ->  Subquery Scan on "*SELECT* 2484"  (cost=165745.69..165745.70 rows=1 width=76) (actual time=0.724..0.725 rows=1 loops=1)
         ->  Limit  (cost=165745.69..165745.69 rows=1 width=84) (actual time=0.721..0.721 rows=1 loops=1)
               ->  Sort  (cost=165745.69..165745.69 rows=1 width=84) (actual time=0.719..0.719 rows=1 loops=1)
                     Sort Key: (st_distance(st_transform(s_2483.the_geom, 25833), '0101000020E9640000D6C713EBF0E023412508DFEB350C5741'::geometry))
                     Sort Method: top-N heapsort  Memory: 25kB
                     ->  Seq Scan on phoml_trajectory_tmp s_2483  (cost=0.00..165745.68 rows=1 width=84) (actual time=0.042..0.632 rows=480 loops=1)
                           Filter: ((unix_time >= '1685451504.204'::double precision) AND (unix_time <= '1685451564.204'::double precision) AND st_dwithin(st_transform(the_geom, 25833), '0101000020E9640000D6C713EBF0E023412508DFEB350C5741'::geometry, '300'::double precision))
                           Rows Removed by Filter: 3180
   ->  Subquery Scan on "*SELECT* 2485"  (cost=165745.69..165745.70 rows=1 width=76) (actual time=10.466..10.467 rows=1 loops=1)
         ->  Limit  (cost=165745.69..165745.69 rows=1 width=84) (actual time=10.462..10.463 rows=1 loops=1)
               ->  Sort  (cost=165745.69..165745.69 rows=1 width=84) (actual time=10.460..10.460 rows=1 loops=1)
                     Sort Key: (st_distance(st_transform(s_2484.the_geom, 25833), '0101000020E9640000E19E29D8F2E02341027FE5A6340C5741'::geometry))
                     Sort Method: top-N heapsort  Memory: 25kB
                     ->  Seq Scan on phoml_trajectory_tmp s_2484  (cost=0.00..165745.68 rows=1 width=84) (actual time=9.786..10.383 rows=480 loops=1)
                           Filter: ((unix_time >= '1685451504.544'::double precision) AND (unix_time <= '1685451564.544'::double precision) AND st_dwithin(st_transform(the_geom, 25833), '0101000020E9640000E19E29D8F2E02341027FE5A6340C5741'::geometry, '300'::double precision))
                           Rows Removed by Filter: 3180
   ->  Subquery Scan on "*SELECT* 2486"  (cost=165745.69..165745.70 rows=1 width=76) (actual time=0.714..0.716 rows=1 loops=1)
         ->  Limit  (cost=165745.69..165745.69 rows=1 width=84) (actual time=0.711..0.712 rows=1 loops=1)
               ->  Sort  (cost=165745.69..165745.69 rows=1 width=84) (actual time=0.708..0.708 rows=1 loops=1)
                     Sort Key: (st_distance(st_transform(s_2485.the_geom, 25833), '0101000020E96400003BADF5A5F4E02341569F4676330C5741'::geometry))
                     Sort Method: top-N heapsort  Memory: 25kB
                     ->  Seq Scan on phoml_trajectory_tmp s_2485  (cost=0.00..165745.68 rows=1 width=84) (actual time=0.049..0.632 rows=480 loops=1)
                           Filter: ((unix_time >= '1685451504.874'::double precision) AND (unix_time <= '1685451564.874'::double precision) AND st_dwithin(st_transform(the_geom, 25833), '0101000020E96400003BADF5A5F4E02341569F4676330C5741'::geometry, '300'::double precision))
                           Rows Removed by Filter: 3180
   ->  Subquery Scan on "*SELECT* 2487"  (cost=165745.69..165745.70 rows=1 width=76) (actual time=0.712..0.713 rows=1 loops=1)
         ->  Limit  (cost=165745.69..165745.69 rows=1 width=84) (actual time=0.710..0.711 rows=1 loops=1)
               ->  Sort  (cost=165745.69..165745.69 rows=1 width=84) (actual time=0.708..0.708 rows=1 loops=1)
                     Sort Key: (st_distance(st_transform(s_2486.the_geom, 25833), '0101000020E9640000A729E5A7F6E023418EE13D38320C5741'::geometry))
                     Sort Method: top-N heapsort  Memory: 25kB
                     ->  Seq Scan on phoml_trajectory_tmp s_2486  (cost=0.00..165745.68 rows=1 width=84) (actual time=0.052..0.635 rows=480 loops=1)
                           Filter: ((unix_time >= '1685451505.209'::double precision) AND (unix_time <= '1685451565.209'::double precision) AND st_dwithin(st_transform(the_geom, 25833), '0101000020E9640000A729E5A7F6E023418EE13D38320C5741'::geometry, '300'::double precision))
                           Rows Removed by Filter: 3180
   ->  Subquery Scan on "*SELECT* 2488"  (cost=165745.69..165745.70 rows=1 width=76) (actual time=0.707..0.708 rows=1 loops=1)
         ->  Limit  (cost=165745.69..165745.69 rows=1 width=84) (actual time=0.702..0.702 rows=1 loops=1)
               ->  Sort  (cost=165745.69..165745.69 rows=1 width=84) (actual time=0.699..0.700 rows=1 loops=1)
                     Sort Key: (st_distance(st_transform(s_2487.the_geom, 25833), '0101000020E9640000D61EB575F8E023412E6FD900310C5741'::geometry))
                     Sort Method: top-N heapsort  Memory: 25kB
                     ->  Seq Scan on phoml_trajectory_tmp s_2487  (cost=0.00..165745.68 rows=1 width=84) (actual time=0.042..0.629 rows=480 loops=1)
                           Filter: ((unix_time >= '1685451505.539'::double precision) AND (unix_time <= '1685451565.539'::double precision) AND st_dwithin(st_transform(the_geom, 25833), '0101000020E9640000D61EB575F8E023412E6FD900310C5741'::geometry, '300'::double precision))
                           Rows Removed by Filter: 3180
   ->  Subquery Scan on "*SELECT* 2489"  (cost=165745.69..165745.70 rows=1 width=76) (actual time=0.707..0.708 rows=1 loops=1)
         ->  Limit  (cost=165745.69..165745.69 rows=1 width=84) (actual time=0.703..0.704 rows=1 loops=1)
               ->  Sort  (cost=165745.69..165745.69 rows=1 width=84) (actual time=0.700..0.701 rows=1 loops=1)
                     Sort Key: (st_distance(st_transform(s_2488.the_geom, 25833), '0101000020E964000050954E4FFAE023416E7EB2C22F0C5741'::geometry))
                     Sort Method: top-N heapsort  Memory: 25kB
                     ->  Seq Scan on phoml_trajectory_tmp s_2488  (cost=0.00..165745.68 rows=1 width=84) (actual time=0.051..0.627 rows=480 loops=1)
                           Filter: ((unix_time >= '1685451505.879'::double precision) AND (unix_time <= '1685451565.879'::double precision) AND st_dwithin(st_transform(the_geom, 25833), '0101000020E964000050954E4FFAE023416E7EB2C22F0C5741'::geometry, '300'::double precision))
                           Rows Removed by Filter: 3180
   ->  Subquery Scan on "*SELECT* 2490"  (cost=165745.69..165745.70 rows=1 width=76) (actual time=0.684..0.685 rows=1 loops=1)
         ->  Limit  (cost=165745.69..165745.69 rows=1 width=84) (actual time=0.681..0.682 rows=1 loops=1)
               ->  Sort  (cost=165745.69..165745.69 rows=1 width=84) (actual time=0.679..0.679 rows=1 loops=1)
                     Sort Key: (st_distance(st_transform(s_2489.the_geom, 25833), '0101000020E964000078CC2535FCE0234120E7F98A2E0C5741'::geometry))
                     Sort Method: top-N heapsort  Memory: 25kB
                     ->  Seq Scan on phoml_trajectory_tmp s_2489  (cost=0.00..165745.68 rows=1 width=84) (actual time=0.042..0.608 rows=480 loops=1)
                           Filter: ((unix_time >= '1685451506.215'::double precision) AND (unix_time <= '1685451566.215'::double precision) AND st_dwithin(st_transform(the_geom, 25833), '0101000020E964000078CC2535FCE0234120E7F98A2E0C5741'::geometry, '300'::double precision))
                           Rows Removed by Filter: 3180
   ->  Subquery Scan on "*SELECT* 2491"  (cost=165745.69..165745.70 rows=1 width=76) (actual time=0.703..0.704 rows=1 loops=1)
         ->  Limit  (cost=165745.69..165745.69 rows=1 width=84) (actual time=0.700..0.701 rows=1 loops=1)
               ->  Sort  (cost=165745.69..165745.69 rows=1 width=84) (actual time=0.698..0.698 rows=1 loops=1)
                     Sort Key: (st_distance(st_transform(s_2490.the_geom, 25833), '0101000020E9640000BBA65CF3FDE023412CC969532D0C5741'::geometry))
                     Sort Method: top-N heapsort  Memory: 25kB
                     ->  Seq Scan on phoml_trajectory_tmp s_2490  (cost=0.00..165745.68 rows=1 width=84) (actual time=0.053..0.623 rows=480 loops=1)
                           Filter: ((unix_time >= '1685451506.545'::double precision) AND (unix_time <= '1685451566.545'::double precision) AND st_dwithin(st_transform(the_geom, 25833), '0101000020E9640000BBA65CF3FDE023412CC969532D0C5741'::geometry, '300'::double precision))
                           Rows Removed by Filter: 3180
   ->  Subquery Scan on "*SELECT* 2492"  (cost=165745.69..165745.70 rows=1 width=76) (actual time=0.709..0.710 rows=1 loops=1)
         ->  Limit  (cost=165745.69..165745.69 rows=1 width=84) (actual time=0.705..0.706 rows=1 loops=1)
               ->  Sort  (cost=165745.69..165745.69 rows=1 width=84) (actual time=0.703..0.704 rows=1 loops=1)
                     Sort Key: (st_distance(st_transform(s_2491.the_geom, 25833), '0101000020E9640000E9C9D6D3FFE0234190D094142C0C5741'::geometry))
                     Sort Method: top-N heapsort  Memory: 25kB
                     ->  Seq Scan on phoml_trajectory_tmp s_2491  (cost=0.00..165745.68 rows=1 width=84) (actual time=0.046..0.631 rows=480 loops=1)
                           Filter: ((unix_time >= '1685451506.885'::double precision) AND (unix_time <= '1685451566.885'::double precision) AND st_dwithin(st_transform(the_geom, 25833), '0101000020E9640000E9C9D6D3FFE0234190D094142C0C5741'::geometry, '300'::double precision))
                           Rows Removed by Filter: 3180
   ->  Subquery Scan on "*SELECT* 2493"  (cost=165745.69..165745.70 rows=1 width=76) (actual time=0.710..0.712 rows=1 loops=1)
         ->  Limit  (cost=165745.69..165745.69 rows=1 width=84) (actual time=0.706..0.707 rows=1 loops=1)
               ->  Sort  (cost=165745.69..165745.69 rows=1 width=84) (actual time=0.704..0.705 rows=1 loops=1)
                     Sort Key: (st_distance(st_transform(s_2492.the_geom, 25833), '0101000020E96400005FCA7C8501E1234186045FDC2A0C5741'::geometry))
                     Sort Method: top-N heapsort  Memory: 25kB
                     ->  Seq Scan on phoml_trajectory_tmp s_2492  (cost=0.00..165745.68 rows=1 width=84) (actual time=0.044..0.633 rows=480 loops=1)
                           Filter: ((unix_time >= '1685451507.218'::double precision) AND (unix_time <= '1685451567.218'::double precision) AND st_dwithin(st_transform(the_geom, 25833), '0101000020E96400005FCA7C8501E1234186045FDC2A0C5741'::geometry, '300'::double precision))
                           Rows Removed by Filter: 3180
   ->  Subquery Scan on "*SELECT* 2494"  (cost=165745.69..165745.70 rows=1 width=76) (actual time=0.669..0.670 rows=1 loops=1)
         ->  Limit  (cost=165745.69..165745.69 rows=1 width=84) (actual time=0.667..0.667 rows=1 loops=1)
               ->  Sort  (cost=165745.69..165745.69 rows=1 width=84) (actual time=0.665..0.665 rows=1 loops=1)
                     Sort Key: (st_distance(st_transform(s_2493.the_geom, 25833), '0101000020E9640000F7FE493303E123416A1129A4290C5741'::geometry))
                     Sort Method: top-N heapsort  Memory: 25kB
                     ->  Seq Scan on phoml_trajectory_tmp s_2493  (cost=0.00..165745.68 rows=1 width=84) (actual time=0.042..0.595 rows=480 loops=1)
                           Filter: ((unix_time >= '1685451507.548'::double precision) AND (unix_time <= '1685451567.548'::double precision) AND st_dwithin(st_transform(the_geom, 25833), '0101000020E9640000F7FE493303E123416A1129A4290C5741'::geometry, '300'::double precision))
                           Rows Removed by Filter: 3180
   ->  Subquery Scan on "*SELECT* 2495"  (cost=165745.69..165745.70 rows=1 width=76) (actual time=0.676..0.678 rows=1 loops=1)
         ->  Limit  (cost=165745.69..165745.69 rows=1 width=84) (actual time=0.672..0.673 rows=1 loops=1)
               ->  Sort  (cost=165745.69..165745.69 rows=1 width=84) (actual time=0.670..0.670 rows=1 loops=1)
                     Sort Key: (st_distance(st_transform(s_2494.the_geom, 25833), '0101000020E9640000CBF3292105E12341316E7F5E280C5741'::geometry))
                     Sort Method: top-N heapsort  Memory: 25kB
                     ->  Seq Scan on phoml_trajectory_tmp s_2494  (cost=0.00..165745.68 rows=1 width=84) (actual time=0.044..0.594 rows=480 loops=1)
                           Filter: ((unix_time >= '1685451507.898'::double precision) AND (unix_time <= '1685451567.898'::double precision) AND st_dwithin(st_transform(the_geom, 25833), '0101000020E9640000CBF3292105E12341316E7F5E280C5741'::geometry, '300'::double precision))
                           Rows Removed by Filter: 3180
   ->  Subquery Scan on "*SELECT* 2496"  (cost=165745.69..165745.70 rows=1 width=76) (actual time=0.677..0.678 rows=1 loops=1)
         ->  Limit  (cost=165745.69..165745.69 rows=1 width=84) (actual time=0.673..0.674 rows=1 loops=1)
               ->  Sort  (cost=165745.69..165745.69 rows=1 width=84) (actual time=0.671..0.671 rows=1 loops=1)
                     Sort Key: (st_distance(st_transform(s_2495.the_geom, 25833), '0101000020E9640000DA9FD3C306E123413BCC2126270C5741'::geometry))
                     Sort Method: top-N heapsort  Memory: 25kB
                     ->  Seq Scan on phoml_trajectory_tmp s_2495  (cost=0.00..165745.68 rows=1 width=84) (actual time=0.042..0.599 rows=480 loops=1)
                           Filter: ((unix_time >= '1685451508.231'::double precision) AND (unix_time <= '1685451568.231'::double precision) AND st_dwithin(st_transform(the_geom, 25833), '0101000020E9640000DA9FD3C306E123413BCC2126270C5741'::geometry, '300'::double precision))
                           Rows Removed by Filter: 3180
   ->  Subquery Scan on "*SELECT* 2497"  (cost=165745.69..165745.70 rows=1 width=76) (actual time=0.675..0.676 rows=1 loops=1)
         ->  Limit  (cost=165745.69..165745.69 rows=1 width=84) (actual time=0.673..0.674 rows=1 loops=1)
               ->  Sort  (cost=165745.69..165745.69 rows=1 width=84) (actual time=0.671..0.671 rows=1 loops=1)
                     Sort Key: (st_distance(st_transform(s_2496.the_geom, 25833), '0101000020E9640000E980BD9E08E1234173BB55FD250C5741'::geometry))
                     Sort Method: top-N heapsort  Memory: 25kB
                     ->  Seq Scan on phoml_trajectory_tmp s_2496  (cost=0.00..165745.68 rows=1 width=84) (actual time=0.045..0.598 rows=480 loops=1)
                           Filter: ((unix_time >= '1685451508.551'::double precision) AND (unix_time <= '1685451568.551'::double precision) AND st_dwithin(st_transform(the_geom, 25833), '0101000020E9640000E980BD9E08E1234173BB55FD250C5741'::geometry, '300'::double precision))
                           Rows Removed by Filter: 3180
   ->  Subquery Scan on "*SELECT* 2498"  (cost=165745.69..165745.70 rows=1 width=76) (actual time=0.690..0.692 rows=1 loops=1)
         ->  Limit  (cost=165745.69..165745.69 rows=1 width=84) (actual time=0.687..0.688 rows=1 loops=1)
               ->  Sort  (cost=165745.69..165745.69 rows=1 width=84) (actual time=0.685..0.686 rows=1 loops=1)
                     Sort Key: (st_distance(st_transform(s_2497.the_geom, 25833), '0101000020E9640000FA41D79C0AE12341D5D7D6B0240C5741'::geometry))
                     Sort Method: top-N heapsort  Memory: 25kB
                     ->  Seq Scan on phoml_trajectory_tmp s_2497  (cost=0.00..165745.68 rows=1 width=84) (actual time=0.041..0.606 rows=480 loops=1)
                           Filter: ((unix_time >= '1685451508.901'::double precision) AND (unix_time <= '1685451568.901'::double precision) AND st_dwithin(st_transform(the_geom, 25833), '0101000020E9640000FA41D79C0AE12341D5D7D6B0240C5741'::geometry, '300'::double precision))
                           Rows Removed by Filter: 3180
   ->  Subquery Scan on "*SELECT* 2499"  (cost=165745.69..165745.70 rows=1 width=76) (actual time=0.689..0.690 rows=1 loops=1)
         ->  Limit  (cost=165745.69..165745.69 rows=1 width=84) (actual time=0.686..0.686 rows=1 loops=1)
               ->  Sort  (cost=165745.69..165745.69 rows=1 width=84) (actual time=0.684..0.684 rows=1 loops=1)
                     Sort Key: (st_distance(st_transform(s_2498.the_geom, 25833), '0101000020E9640000480DE8820CE123412985087A230C5741'::geometry))
                     Sort Method: top-N heapsort  Memory: 25kB
                     ->  Seq Scan on phoml_trajectory_tmp s_2498  (cost=0.00..165745.68 rows=1 width=84) (actual time=0.046..0.611 rows=480 loops=1)
                           Filter: ((unix_time >= '1685451509.235'::double precision) AND (unix_time <= '1685451569.235'::double precision) AND st_dwithin(st_transform(the_geom, 25833), '0101000020E9640000480DE8820CE123412985087A230C5741'::geometry, '300'::double precision))
                           Rows Removed by Filter: 3180
   ->  Subquery Scan on "*SELECT* 2500"  (cost=165745.69..165745.70 rows=1 width=76) (actual time=0.684..0.685 rows=1 loops=1)
         ->  Limit  (cost=165745.69..165745.69 rows=1 width=84) (actual time=0.680..0.681 rows=1 loops=1)
               ->  Sort  (cost=165745.69..165745.69 rows=1 width=84) (actual time=0.678..0.679 rows=1 loops=1)
                     Sort Key: (st_distance(st_transform(s_2499.the_geom, 25833), '0101000020E96400001DF2819C0EE12341B556B93C220C5741'::geometry))
                     Sort Method: top-N heapsort  Memory: 25kB
                     ->  Seq Scan on phoml_trajectory_tmp s_2499  (cost=0.00..165745.68 rows=1 width=84) (actual time=0.042..0.607 rows=480 loops=1)
                           Filter: ((unix_time >= '1685451509.575'::double precision) AND (unix_time <= '1685451569.575'::double precision) AND st_dwithin(st_transform(the_geom, 25833), '0101000020E96400001DF2819C0EE12341B556B93C220C5741'::geometry, '300'::double precision))
                           Rows Removed by Filter: 3180
   ->  Subquery Scan on "*SELECT* 2501"  (cost=165745.69..165745.70 rows=1 width=76) (actual time=0.686..0.687 rows=1 loops=1)
         ->  Limit  (cost=165745.69..165745.69 rows=1 width=84) (actual time=0.683..0.684 rows=1 loops=1)
               ->  Sort  (cost=165745.69..165745.69 rows=1 width=84) (actual time=0.681..0.681 rows=1 loops=1)
                     Sort Key: (st_distance(st_transform(s_2500.the_geom, 25833), '0101000020E96400009E0CBCA710E12341A6E32006210C5741'::geometry))
                     Sort Method: top-N heapsort  Memory: 25kB
                     ->  Seq Scan on phoml_trajectory_tmp s_2500  (cost=0.00..165745.68 rows=1 width=84) (actual time=0.045..0.611 rows=480 loops=1)
                           Filter: ((unix_time >= '1685451509.905'::double precision) AND (unix_time <= '1685451569.905'::double precision) AND st_dwithin(st_transform(the_geom, 25833), '0101000020E96400009E0CBCA710E12341A6E32006210C5741'::geometry, '300'::double precision))
                           Rows Removed by Filter: 3180
   ->  Subquery Scan on "*SELECT* 2502"  (cost=165745.69..165745.70 rows=1 width=76) (actual time=0.696..0.698 rows=1 loops=1)
         ->  Limit  (cost=165745.69..165745.69 rows=1 width=84) (actual time=0.693..0.694 rows=1 loops=1)
               ->  Sort  (cost=165745.69..165745.69 rows=1 width=84) (actual time=0.691..0.691 rows=1 loops=1)
                     Sort Key: (st_distance(st_transform(s_2501.the_geom, 25833), '0101000020E9640000EC61D6B212E1234189C56DC81F0C5741'::geometry))
                     Sort Method: top-N heapsort  Memory: 25kB
                     ->  Seq Scan on phoml_trajectory_tmp s_2501  (cost=0.00..165745.68 rows=1 width=84) (actual time=0.047..0.613 rows=480 loops=1)
                           Filter: ((unix_time >= '1685451510.24'::double precision) AND (unix_time <= '1685451570.24'::double precision) AND st_dwithin(st_transform(the_geom, 25833), '0101000020E9640000EC61D6B212E1234189C56DC81F0C5741'::geometry, '300'::double precision))
                           Rows Removed by Filter: 3180
   ->  Subquery Scan on "*SELECT* 2503"  (cost=165745.69..165745.70 rows=1 width=76) (actual time=0.701..0.703 rows=1 loops=1)
         ->  Limit  (cost=165745.69..165745.69 rows=1 width=84) (actual time=0.695..0.696 rows=1 loops=1)
               ->  Sort  (cost=165745.69..165745.69 rows=1 width=84) (actual time=0.693..0.693 rows=1 loops=1)
                     Sort Key: (st_distance(st_transform(s_2502.the_geom, 25833), '0101000020E9640000AD1A63BA14E12341BE50E2911E0C5741'::geometry))
                     Sort Method: top-N heapsort  Memory: 25kB
                     ->  Seq Scan on phoml_trajectory_tmp s_2502  (cost=0.00..165745.68 rows=1 width=84) (actual time=0.042..0.620 rows=480 loops=1)
                           Filter: ((unix_time >= '1685451510.57'::double precision) AND (unix_time <= '1685451570.57'::double precision) AND st_dwithin(st_transform(the_geom, 25833), '0101000020E9640000AD1A63BA14E12341BE50E2911E0C5741'::geometry, '300'::double precision))
                           Rows Removed by Filter: 3180
   ->  Subquery Scan on "*SELECT* 2504"  (cost=165745.69..165745.70 rows=1 width=76) (actual time=0.652..0.653 rows=1 loops=1)
         ->  Limit  (cost=165745.69..165745.69 rows=1 width=84) (actual time=0.650..0.650 rows=1 loops=1)
               ->  Sort  (cost=165745.69..165745.69 rows=1 width=84) (actual time=0.647..0.648 rows=1 loops=1)
                     Sort Key: (st_distance(st_transform(s_2503.the_geom, 25833), '0101000020E9640000789F69E216E12341AC4E2D541D0C5741'::geometry))
                     Sort Method: top-N heapsort  Memory: 25kB
                     ->  Seq Scan on phoml_trajectory_tmp s_2503  (cost=0.00..165745.68 rows=1 width=84) (actual time=0.050..0.581 rows=480 loops=1)
                           Filter: ((unix_time >= '1685451510.91'::double precision) AND (unix_time <= '1685451570.91'::double precision) AND st_dwithin(st_transform(the_geom, 25833), '0101000020E9640000789F69E216E12341AC4E2D541D0C5741'::geometry, '300'::double precision))
                           Rows Removed by Filter: 3180
   ->  Subquery Scan on "*SELECT* 2505"  (cost=165745.69..165745.70 rows=1 width=76) (actual time=0.680..0.681 rows=1 loops=1)
         ->  Limit  (cost=165745.69..165745.69 rows=1 width=84) (actual time=0.676..0.677 rows=1 loops=1)
               ->  Sort  (cost=165745.69..165745.69 rows=1 width=84) (actual time=0.674..0.675 rows=1 loops=1)
                     Sort Key: (st_distance(st_transform(s_2504.the_geom, 25833), '0101000020E96400008E2527DF18E12341F6227C241C0C5741'::geometry))
                     Sort Method: top-N heapsort  Memory: 25kB
                     ->  Seq Scan on phoml_trajectory_tmp s_2504  (cost=0.00..165745.68 rows=1 width=84) (actual time=0.045..0.605 rows=480 loops=1)
                           Filter: ((unix_time >= '1685451511.234'::double precision) AND (unix_time <= '1685451571.234'::double precision) AND st_dwithin(st_transform(the_geom, 25833), '0101000020E96400008E2527DF18E12341F6227C241C0C5741'::geometry, '300'::double precision))
                           Rows Removed by Filter: 3180
   ->  Subquery Scan on "*SELECT* 2506"  (cost=165745.69..165745.70 rows=1 width=76) (actual time=0.656..0.657 rows=1 loops=1)
         ->  Limit  (cost=165745.69..165745.69 rows=1 width=84) (actual time=0.652..0.653 rows=1 loops=1)
               ->  Sort  (cost=165745.69..165745.69 rows=1 width=84) (actual time=0.650..0.651 rows=1 loops=1)
                     Sort Key: (st_distance(st_transform(s_2505.the_geom, 25833), '0101000020E9640000F5197BDE1AE12341E3D896DE1A0C5741'::geometry))
                     Sort Method: top-N heapsort  Memory: 25kB
                     ->  Seq Scan on phoml_trajectory_tmp s_2505  (cost=0.00..165745.68 rows=1 width=84) (actual time=0.040..0.580 rows=480 loops=1)
                           Filter: ((unix_time >= '1685451511.574'::double precision) AND (unix_time <= '1685451571.574'::double precision) AND st_dwithin(st_transform(the_geom, 25833), '0101000020E9640000F5197BDE1AE12341E3D896DE1A0C5741'::geometry, '300'::double precision))
                           Rows Removed by Filter: 3180
   ->  Subquery Scan on "*SELECT* 2507"  (cost=165745.69..165745.70 rows=1 width=76) (actual time=0.640..0.642 rows=1 loops=1)
         ->  Limit  (cost=165745.69..165745.69 rows=1 width=84) (actual time=0.638..0.639 rows=1 loops=1)
               ->  Sort  (cost=165745.69..165745.69 rows=1 width=84) (actual time=0.636..0.637 rows=1 loops=1)
                     Sort Key: (st_distance(st_transform(s_2506.the_geom, 25833), '0101000020E9640000E7805AC01CE12341C11D50A6190C5741'::geometry))
                     Sort Method: top-N heapsort  Memory: 25kB
                     ->  Seq Scan on phoml_trajectory_tmp s_2506  (cost=0.00..165745.68 rows=1 width=84) (actual time=0.040..0.569 rows=480 loops=1)
                           Filter: ((unix_time >= '1685451511.904'::double precision) AND (unix_time <= '1685451571.904'::double precision) AND st_dwithin(st_transform(the_geom, 25833), '0101000020E9640000E7805AC01CE12341C11D50A6190C5741'::geometry, '300'::double precision))
                           Rows Removed by Filter: 3180
   ->  Subquery Scan on "*SELECT* 2508"  (cost=165745.69..165745.70 rows=1 width=76) (actual time=0.664..0.665 rows=1 loops=1)
         ->  Limit  (cost=165745.69..165745.69 rows=1 width=84) (actual time=0.661..0.661 rows=1 loops=1)
               ->  Sort  (cost=165745.69..165745.69 rows=1 width=84) (actual time=0.659..0.659 rows=1 loops=1)
                     Sort Key: (st_distance(st_transform(s_2507.the_geom, 25833), '0101000020E9640000ABE0827C1EE123410297BD6D180C5741'::geometry))
                     Sort Method: top-N heapsort  Memory: 25kB
                     ->  Seq Scan on phoml_trajectory_tmp s_2507  (cost=0.00..165745.68 rows=1 width=84) (actual time=0.040..0.591 rows=480 loops=1)
                           Filter: ((unix_time >= '1685451512.239'::double precision) AND (unix_time <= '1685451572.239'::double precision) AND st_dwithin(st_transform(the_geom, 25833), '0101000020E9640000ABE0827C1EE123410297BD6D180C5741'::geometry, '300'::double precision))
                           Rows Removed by Filter: 3180
   ->  Subquery Scan on "*SELECT* 2509"  (cost=165745.69..165745.70 rows=1 width=76) (actual time=0.656..0.657 rows=1 loops=1)
         ->  Limit  (cost=165745.69..165745.69 rows=1 width=84) (actual time=0.652..0.653 rows=1 loops=1)
               ->  Sort  (cost=165745.69..165745.69 rows=1 width=84) (actual time=0.650..0.651 rows=1 loops=1)
                     Sort Key: (st_distance(st_transform(s_2508.the_geom, 25833), '0101000020E9640000FCFDBD3620E1234175E93035170C5741'::geometry))
                     Sort Method: top-N heapsort  Memory: 25kB
                     ->  Seq Scan on phoml_trajectory_tmp s_2508  (cost=0.00..165745.68 rows=1 width=84) (actual time=0.045..0.584 rows=480 loops=1)
                           Filter: ((unix_time >= '1685451512.579'::double precision) AND (unix_time <= '1685451572.579'::double precision) AND st_dwithin(st_transform(the_geom, 25833), '0101000020E9640000FCFDBD3620E1234175E93035170C5741'::geometry, '300'::double precision))
                           Rows Removed by Filter: 3180
   ->  Subquery Scan on "*SELECT* 2510"  (cost=165745.69..165745.70 rows=1 width=76) (actual time=0.639..0.640 rows=1 loops=1)
         ->  Limit  (cost=165745.69..165745.69 rows=1 width=84) (actual time=0.637..0.638 rows=1 loops=1)
               ->  Sort  (cost=165745.69..165745.69 rows=1 width=84) (actual time=0.635..0.635 rows=1 loops=1)
                     Sort Key: (st_distance(st_transform(s_2509.the_geom, 25833), '0101000020E96400004D10B20322E1234195383CF5150C5741'::geometry))
                     Sort Method: top-N heapsort  Memory: 25kB
                     ->  Seq Scan on phoml_trajectory_tmp s_2509  (cost=0.00..165745.68 rows=1 width=84) (actual time=0.040..0.567 rows=480 loops=1)
                           Filter: ((unix_time >= '1685451512.929'::double precision) AND (unix_time <= '1685451572.929'::double precision) AND st_dwithin(st_transform(the_geom, 25833), '0101000020E96400004D10B20322E1234195383CF5150C5741'::geometry, '300'::double precision))
                           Rows Removed by Filter: 3180
   ->  Subquery Scan on "*SELECT* 2511"  (cost=165745.69..165745.70 rows=1 width=76) (actual time=0.661..0.662 rows=1 loops=1)
         ->  Limit  (cost=165745.69..165745.69 rows=1 width=84) (actual time=0.658..0.659 rows=1 loops=1)
               ->  Sort  (cost=165745.69..165745.69 rows=1 width=84) (actual time=0.656..0.657 rows=1 loops=1)
                     Sort Key: (st_distance(st_transform(s_2510.the_geom, 25833), '0101000020E9640000511682D923E12341B3C436B6140C5741'::geometry))
                     Sort Method: top-N heapsort  Memory: 25kB
                     ->  Seq Scan on phoml_trajectory_tmp s_2510  (cost=0.00..165745.68 rows=1 width=84) (actual time=0.042..0.588 rows=480 loops=1)
                           Filter: ((unix_time >= '1685451513.287'::double precision) AND (unix_time <= '1685451573.287'::double precision) AND st_dwithin(st_transform(the_geom, 25833), '0101000020E9640000511682D923E12341B3C436B6140C5741'::geometry, '300'::double precision))
                           Rows Removed by Filter: 3180
   ->  Subquery Scan on "*SELECT* 2512"  (cost=165745.69..165745.70 rows=1 width=76) (actual time=0.665..0.667 rows=1 loops=1)
         ->  Limit  (cost=165745.69..165745.69 rows=1 width=84) (actual time=0.662..0.663 rows=1 loops=1)
               ->  Sort  (cost=165745.69..165745.69 rows=1 width=84) (actual time=0.660..0.660 rows=1 loops=1)
                     Sort Key: (st_distance(st_transform(s_2511.the_geom, 25833), '0101000020E9640000721111AA25E12341AAF3D17E130C5741'::geometry))
                     Sort Method: top-N heapsort  Memory: 25kB
                     ->  Seq Scan on phoml_trajectory_tmp s_2511  (cost=0.00..165745.68 rows=1 width=84) (actual time=0.043..0.592 rows=480 loops=1)
                           Filter: ((unix_time >= '1685451513.647'::double precision) AND (unix_time <= '1685451573.647'::double precision) AND st_dwithin(st_transform(the_geom, 25833), '0101000020E9640000721111AA25E12341AAF3D17E130C5741'::geometry, '300'::double precision))
                           Rows Removed by Filter: 3180
   ->  Subquery Scan on "*SELECT* 2513"  (cost=165745.69..165745.70 rows=1 width=76) (actual time=0.648..0.650 rows=1 loops=1)
         ->  Limit  (cost=165745.69..165745.69 rows=1 width=84) (actual time=0.647..0.647 rows=1 loops=1)
               ->  Sort  (cost=165745.69..165745.69 rows=1 width=84) (actual time=0.645..0.645 rows=1 loops=1)
                     Sort Key: (st_distance(st_transform(s_2512.the_geom, 25833), '0101000020E9640000E19459A927E12341D3D6BB47120C5741'::geometry))
                     Sort Method: top-N heapsort  Memory: 25kB
                     ->  Seq Scan on phoml_trajectory_tmp s_2512  (cost=0.00..165745.68 rows=1 width=84) (actual time=0.043..0.576 rows=480 loops=1)
                           Filter: ((unix_time >= '1685451514.037'::double precision) AND (unix_time <= '1685451574.037'::double precision) AND st_dwithin(st_transform(the_geom, 25833), '0101000020E9640000E19459A927E12341D3D6BB47120C5741'::geometry, '300'::double precision))
                           Rows Removed by Filter: 3180
   ->  Subquery Scan on "*SELECT* 2514"  (cost=165745.69..165745.70 rows=1 width=76) (actual time=0.697..0.698 rows=1 loops=1)
         ->  Limit  (cost=165745.69..165745.69 rows=1 width=84) (actual time=0.693..0.694 rows=1 loops=1)
               ->  Sort  (cost=165745.69..165745.69 rows=1 width=84) (actual time=0.691..0.691 rows=1 loops=1)
                     Sort Key: (st_distance(st_transform(s_2513.the_geom, 25833), '0101000020E9640000E8E86EAA29E12341CAEC600A110C5741'::geometry))
                     Sort Method: top-N heapsort  Memory: 25kB
                     ->  Seq Scan on phoml_trajectory_tmp s_2513  (cost=0.00..165745.68 rows=1 width=84) (actual time=0.046..0.622 rows=480 loops=1)
                           Filter: ((unix_time >= '1685451514.447'::double precision) AND (unix_time <= '1685451574.447'::double precision) AND st_dwithin(st_transform(the_geom, 25833), '0101000020E9640000E8E86EAA29E12341CAEC600A110C5741'::geometry, '300'::double precision))
                           Rows Removed by Filter: 3180
   ->  Subquery Scan on "*SELECT* 2515"  (cost=165745.69..165745.70 rows=1 width=76) (actual time=0.656..0.657 rows=1 loops=1)
         ->  Limit  (cost=165745.69..165745.69 rows=1 width=84) (actual time=0.653..0.654 rows=1 loops=1)
               ->  Sort  (cost=165745.69..165745.69 rows=1 width=84) (actual time=0.650..0.651 rows=1 loops=1)
                     Sort Key: (st_distance(st_transform(s_2514.the_geom, 25833), '0101000020E9640000F3C0C7A02BE1234169FF35CB0F0C5741'::geometry))
                     Sort Method: top-N heapsort  Memory: 25kB
                     ->  Seq Scan on phoml_trajectory_tmp s_2514  (cost=0.00..165745.68 rows=1 width=84) (actual time=0.043..0.581 rows=480 loops=1)
                           Filter: ((unix_time >= '1685451514.887'::double precision) AND (unix_time <= '1685451574.887'::double precision) AND st_dwithin(st_transform(the_geom, 25833), '0101000020E9640000F3C0C7A02BE1234169FF35CB0F0C5741'::geometry, '300'::double precision))
                           Rows Removed by Filter: 3180
   ->  Subquery Scan on "*SELECT* 2516"  (cost=165745.69..165745.70 rows=1 width=76) (actual time=0.646..0.647 rows=1 loops=1)
         ->  Limit  (cost=165745.69..165745.69 rows=1 width=84) (actual time=0.643..0.643 rows=1 loops=1)
               ->  Sort  (cost=165745.69..165745.69 rows=1 width=84) (actual time=0.641..0.641 rows=1 loops=1)
                     Sort Key: (st_distance(st_transform(s_2515.the_geom, 25833), '0101000020E9640000F99C0A2C2DE12341912710920E0C5741'::geometry))
                     Sort Method: top-N heapsort  Memory: 25kB
                     ->  Seq Scan on phoml_trajectory_tmp s_2515  (cost=0.00..165745.68 rows=1 width=84) (actual time=0.041..0.573 rows=480 loops=1)
                           Filter: ((unix_time >= '1685451515.357'::double precision) AND (unix_time <= '1685451575.357'::double precision) AND st_dwithin(st_transform(the_geom, 25833), '0101000020E9640000F99C0A2C2DE12341912710920E0C5741'::geometry, '300'::double precision))
                           Rows Removed by Filter: 3180
   ->  Subquery Scan on "*SELECT* 2517"  (cost=165745.69..165745.70 rows=1 width=76) (actual time=0.646..0.648 rows=1 loops=1)
         ->  Limit  (cost=165745.69..165745.69 rows=1 width=84) (actual time=0.643..0.644 rows=1 loops=1)
               ->  Sort  (cost=165745.69..165745.69 rows=1 width=84) (actual time=0.641..0.642 rows=1 loops=1)
                     Sort Key: (st_distance(st_transform(s_2516.the_geom, 25833), '0101000020E9640000729C8FB02EE123413C443A580D0C5741'::geometry))
                     Sort Method: top-N heapsort  Memory: 25kB
                     ->  Seq Scan on phoml_trajectory_tmp s_2516  (cost=0.00..165745.68 rows=1 width=84) (actual time=0.042..0.569 rows=480 loops=1)
                           Filter: ((unix_time >= '1685451515.877'::double precision) AND (unix_time <= '1685451575.877'::double precision) AND st_dwithin(st_transform(the_geom, 25833), '0101000020E9640000729C8FB02EE123413C443A580D0C5741'::geometry, '300'::double precision))
                           Rows Removed by Filter: 3180
   ->  Subquery Scan on "*SELECT* 2518"  (cost=165745.69..165745.70 rows=1 width=76) (actual time=0.651..0.652 rows=1 loops=1)
         ->  Limit  (cost=165745.69..165745.69 rows=1 width=84) (actual time=0.648..0.648 rows=1 loops=1)
               ->  Sort  (cost=165745.69..165745.69 rows=1 width=84) (actual time=0.646..0.646 rows=1 loops=1)
                     Sort Key: (st_distance(st_transform(s_2517.the_geom, 25833), '0101000020E9640000A59DD82C30E1234157BCF1160C0C5741'::geometry))
                     Sort Method: top-N heapsort  Memory: 25kB
                     ->  Seq Scan on phoml_trajectory_tmp s_2517  (cost=0.00..165745.68 rows=1 width=84) (actual time=0.038..0.578 rows=480 loops=1)
                           Filter: ((unix_time >= '1685451516.426'::double precision) AND (unix_time <= '1685451576.426'::double precision) AND st_dwithin(st_transform(the_geom, 25833), '0101000020E9640000A59DD82C30E1234157BCF1160C0C5741'::geometry, '300'::double precision))
                           Rows Removed by Filter: 3180
   ->  Subquery Scan on "*SELECT* 2519"  (cost=165745.69..165745.70 rows=1 width=76) (actual time=0.642..0.643 rows=1 loops=1)
         ->  Limit  (cost=165745.69..165745.69 rows=1 width=84) (actual time=0.639..0.640 rows=1 loops=1)
               ->  Sort  (cost=165745.69..165745.69 rows=1 width=84) (actual time=0.637..0.637 rows=1 loops=1)
                     Sort Key: (st_distance(st_transform(s_2518.the_geom, 25833), '0101000020E9640000D2A14D2C31E1234158DF60DB0A0C5741'::geometry))
                     Sort Method: top-N heapsort  Memory: 25kB
                     ->  Seq Scan on phoml_trajectory_tmp s_2518  (cost=0.00..165745.68 rows=1 width=84) (actual time=0.041..0.568 rows=480 loops=1)
                           Filter: ((unix_time >= '1685451516.996'::double precision) AND (unix_time <= '1685451576.996'::double precision) AND st_dwithin(st_transform(the_geom, 25833), '0101000020E9640000D2A14D2C31E1234158DF60DB0A0C5741'::geometry, '300'::double precision))
                           Rows Removed by Filter: 3180
   ->  Subquery Scan on "*SELECT* 2520"  (cost=165745.69..165745.70 rows=1 width=76) (actual time=0.679..0.680 rows=1 loops=1)
         ->  Limit  (cost=165745.69..165745.69 rows=1 width=84) (actual time=0.674..0.675 rows=1 loops=1)
               ->  Sort  (cost=165745.69..165745.69 rows=1 width=84) (actual time=0.672..0.673 rows=1 loops=1)
                     Sort Key: (st_distance(st_transform(s_2519.the_geom, 25833), '0101000020E9640000DCD9E1FA31E12341553BEE9E090C5741'::geometry))
                     Sort Method: top-N heapsort  Memory: 25kB
                     ->  Seq Scan on phoml_trajectory_tmp s_2519  (cost=0.00..165745.68 rows=1 width=84) (actual time=0.039..0.600 rows=480 loops=1)
                           Filter: ((unix_time >= '1685451517.583'::double precision) AND (unix_time <= '1685451577.583'::double precision) AND st_dwithin(st_transform(the_geom, 25833), '0101000020E9640000DCD9E1FA31E12341553BEE9E090C5741'::geometry, '300'::double precision))
                           Rows Removed by Filter: 3180
   ->  Subquery Scan on "*SELECT* 2521"  (cost=165745.69..165745.70 rows=1 width=76) (actual time=0.665..0.666 rows=1 loops=1)
         ->  Limit  (cost=165745.69..165745.69 rows=1 width=84) (actual time=0.661..0.662 rows=1 loops=1)
               ->  Sort  (cost=165745.69..165745.69 rows=1 width=84) (actual time=0.659..0.659 rows=1 loops=1)
                     Sort Key: (st_distance(st_transform(s_2520.the_geom, 25833), '0101000020E9640000F696B87C33E12341E353605F080C5741'::geometry))
                     Sort Method: top-N heapsort  Memory: 25kB
                     ->  Seq Scan on phoml_trajectory_tmp s_2520  (cost=0.00..165745.68 rows=1 width=84) (actual time=0.045..0.590 rows=480 loops=1)
                           Filter: ((unix_time >= '1685451518.199'::double precision) AND (unix_time <= '1685451578.199'::double precision) AND st_dwithin(st_transform(the_geom, 25833), '0101000020E9640000F696B87C33E12341E353605F080C5741'::geometry, '300'::double precision))
                           Rows Removed by Filter: 3180
   ->  Subquery Scan on "*SELECT* 2522"  (cost=165745.69..165745.70 rows=1 width=76) (actual time=0.647..0.648 rows=1 loops=1)
         ->  Limit  (cost=165745.69..165745.69 rows=1 width=84) (actual time=0.645..0.646 rows=1 loops=1)
               ->  Sort  (cost=165745.69..165745.69 rows=1 width=84) (actual time=0.643..0.643 rows=1 loops=1)
                     Sort Key: (st_distance(st_transform(s_2521.the_geom, 25833), '0101000020E96400009ACDCE6735E123416DB38B22070C5741'::geometry))
                     Sort Method: top-N heapsort  Memory: 25kB
                     ->  Seq Scan on phoml_trajectory_tmp s_2521  (cost=0.00..165745.68 rows=1 width=84) (actual time=0.039..0.575 rows=480 loops=1)
                           Filter: ((unix_time >= '1685451518.829'::double precision) AND (unix_time <= '1685451578.829'::double precision) AND st_dwithin(st_transform(the_geom, 25833), '0101000020E96400009ACDCE6735E123416DB38B22070C5741'::geometry, '300'::double precision))
                           Rows Removed by Filter: 3180
   ->  Subquery Scan on "*SELECT* 2523"  (cost=165745.69..165745.70 rows=1 width=76) (actual time=0.651..0.652 rows=1 loops=1)
         ->  Limit  (cost=165745.69..165745.69 rows=1 width=84) (actual time=0.648..0.649 rows=1 loops=1)
               ->  Sort  (cost=165745.69..165745.69 rows=1 width=84) (actual time=0.646..0.647 rows=1 loops=1)
                     Sort Key: (st_distance(st_transform(s_2522.the_geom, 25833), '0101000020E964000039F2E87F37E1234197B071ED050C5741'::geometry))
                     Sort Method: top-N heapsort  Memory: 25kB
                     ->  Seq Scan on phoml_trajectory_tmp s_2522  (cost=0.00..165745.68 rows=1 width=84) (actual time=0.048..0.580 rows=480 loops=1)
                           Filter: ((unix_time >= '1685451519.473'::double precision) AND (unix_time <= '1685451579.473'::double precision) AND st_dwithin(st_transform(the_geom, 25833), '0101000020E964000039F2E87F37E1234197B071ED050C5741'::geometry, '300'::double precision))
                           Rows Removed by Filter: 3180
   ->  Subquery Scan on "*SELECT* 2524"  (cost=165745.69..165745.70 rows=1 width=76) (actual time=0.652..0.653 rows=1 loops=1)
         ->  Limit  (cost=165745.69..165745.69 rows=1 width=84) (actual time=0.648..0.649 rows=1 loops=1)
               ->  Sort  (cost=165745.69..165745.69 rows=1 width=84) (actual time=0.646..0.647 rows=1 loops=1)
                     Sort Key: (st_distance(st_transform(s_2523.the_geom, 25833), '0101000020E9640000638DBDD439E12341EBFCFFB1040C5741'::geometry))
                     Sort Method: top-N heapsort  Memory: 25kB
                     ->  Seq Scan on phoml_trajectory_tmp s_2523  (cost=0.00..165745.68 rows=1 width=84) (actual time=0.036..0.578 rows=480 loops=1)
                           Filter: ((unix_time >= '1685451520.136'::double precision) AND (unix_time <= '1685451580.136'::double precision) AND st_dwithin(st_transform(the_geom, 25833), '0101000020E9640000638DBDD439E12341EBFCFFB1040C5741'::geometry, '300'::double precision))
                           Rows Removed by Filter: 3180
   ->  Subquery Scan on "*SELECT* 2525"  (cost=165745.69..165745.70 rows=1 width=76) (actual time=0.646..0.647 rows=1 loops=1)
         ->  Limit  (cost=165745.69..165745.69 rows=1 width=84) (actual time=0.644..0.645 rows=1 loops=1)
               ->  Sort  (cost=165745.69..165745.69 rows=1 width=84) (actual time=0.642..0.643 rows=1 loops=1)
                     Sort Key: (st_distance(st_transform(s_2524.the_geom, 25833), '0101000020E9640000A6EAA2D63BE123413BF47A74030C5741'::geometry))
                     Sort Method: top-N heapsort  Memory: 25kB
                     ->  Seq Scan on phoml_trajectory_tmp s_2524  (cost=0.00..165745.68 rows=1 width=84) (actual time=0.041..0.575 rows=480 loops=1)
                           Filter: ((unix_time >= '1685451520.816'::double precision) AND (unix_time <= '1685451580.816'::double precision) AND st_dwithin(st_transform(the_geom, 25833), '0101000020E9640000A6EAA2D63BE123413BF47A74030C5741'::geometry, '300'::double precision))
                           Rows Removed by Filter: 3180
   ->  Subquery Scan on "*SELECT* 2526"  (cost=165745.69..165745.70 rows=1 width=76) (actual time=0.650..0.652 rows=1 loops=1)
         ->  Limit  (cost=165745.69..165745.69 rows=1 width=84) (actual time=0.648..0.649 rows=1 loops=1)
               ->  Sort  (cost=165745.69..165745.69 rows=1 width=84) (actual time=0.646..0.646 rows=1 loops=1)
                     Sort Key: (st_distance(st_transform(s_2525.the_geom, 25833), '0101000020E964000036A92A9B3EE12341CBE1CD3C020C5741'::geometry))
                     Sort Method: top-N heapsort  Memory: 25kB
                     ->  Seq Scan on phoml_trajectory_tmp s_2525  (cost=0.00..165745.68 rows=1 width=84) (actual time=0.046..0.578 rows=480 loops=1)
                           Filter: ((unix_time >= '1685451521.506'::double precision) AND (unix_time <= '1685451581.506'::double precision) AND st_dwithin(st_transform(the_geom, 25833), '0101000020E964000036A92A9B3EE12341CBE1CD3C020C5741'::geometry, '300'::double precision))
                           Rows Removed by Filter: 3180
   ->  Subquery Scan on "*SELECT* 2527"  (cost=165745.69..165745.70 rows=1 width=76) (actual time=0.647..0.648 rows=1 loops=1)
         ->  Limit  (cost=165745.69..165745.69 rows=1 width=84) (actual time=0.644..0.645 rows=1 loops=1)
               ->  Sort  (cost=165745.69..165745.69 rows=1 width=84) (actual time=0.642..0.643 rows=1 loops=1)
                     Sort Key: (st_distance(st_transform(s_2526.the_geom, 25833), '0101000020E9640000F572B34C41E1234107D34711010C5741'::geometry))
                     Sort Method: top-N heapsort  Memory: 25kB
                     ->  Seq Scan on phoml_trajectory_tmp s_2526  (cost=0.00..165745.68 rows=1 width=84) (actual time=0.037..0.575 rows=480 loops=1)
                           Filter: ((unix_time >= '1685451522.218'::double precision) AND (unix_time <= '1685451582.218'::double precision) AND st_dwithin(st_transform(the_geom, 25833), '0101000020E9640000F572B34C41E1234107D34711010C5741'::geometry, '300'::double precision))
                           Rows Removed by Filter: 3180
   ->  Subquery Scan on "*SELECT* 2528"  (cost=165745.69..165745.70 rows=1 width=76) (actual time=0.639..0.640 rows=1 loops=1)
         ->  Limit  (cost=165745.69..165745.69 rows=1 width=84) (actual time=0.637..0.637 rows=1 loops=1)
               ->  Sort  (cost=165745.69..165745.69 rows=1 width=84) (actual time=0.635..0.635 rows=1 loops=1)
                     Sort Key: (st_distance(st_transform(s_2527.the_geom, 25833), '0101000020E96400002FC554C744E123419F9C55DDFF0B5741'::geometry))
                     Sort Method: top-N heapsort  Memory: 25kB
                     ->  Seq Scan on phoml_trajectory_tmp s_2527  (cost=0.00..165745.68 rows=1 width=84) (actual time=0.035..0.569 rows=480 loops=1)
                           Filter: ((unix_time >= '1685451522.958'::double precision) AND (unix_time <= '1685451582.958'::double precision) AND st_dwithin(st_transform(the_geom, 25833), '0101000020E96400002FC554C744E123419F9C55DDFF0B5741'::geometry, '300'::double precision))
                           Rows Removed by Filter: 3180
   ->  Subquery Scan on "*SELECT* 2529"  (cost=165745.69..165745.70 rows=1 width=76) (actual time=0.680..0.681 rows=1 loops=1)
         ->  Limit  (cost=165745.69..165745.69 rows=1 width=84) (actual time=0.676..0.677 rows=1 loops=1)
               ->  Sort  (cost=165745.69..165745.69 rows=1 width=84) (actual time=0.674..0.674 rows=1 loops=1)
                     Sort Key: (st_distance(st_transform(s_2528.the_geom, 25833), '0101000020E964000063CFE65647E123419E8C56A8FE0B5741'::geometry))
                     Sort Method: top-N heapsort  Memory: 25kB
                     ->  Seq Scan on phoml_trajectory_tmp s_2528  (cost=0.00..165745.68 rows=1 width=84) (actual time=0.049..0.604 rows=480 loops=1)
                           Filter: ((unix_time >= '1685451523.662'::double precision) AND (unix_time <= '1685451583.662'::double precision) AND st_dwithin(st_transform(the_geom, 25833), '0101000020E964000063CFE65647E123419E8C56A8FE0B5741'::geometry, '300'::double precision))
                           Rows Removed by Filter: 3180
   ->  Subquery Scan on "*SELECT* 2530"  (cost=165745.69..165745.70 rows=1 width=76) (actual time=0.655..0.656 rows=1 loops=1)
         ->  Limit  (cost=165745.69..165745.69 rows=1 width=84) (actual time=0.652..0.653 rows=1 loops=1)
               ->  Sort  (cost=165745.69..165745.69 rows=1 width=84) (actual time=0.650..0.651 rows=1 loops=1)
                     Sort Key: (st_distance(st_transform(s_2529.the_geom, 25833), '0101000020E964000009D2263049E123412F97F56DFD0B5741'::geometry))
                     Sort Method: top-N heapsort  Memory: 25kB
                     ->  Seq Scan on phoml_trajectory_tmp s_2529  (cost=0.00..165745.68 rows=1 width=84) (actual time=0.036..0.581 rows=480 loops=1)
                           Filter: ((unix_time >= '1685451524.323'::double precision) AND (unix_time <= '1685451584.323'::double precision) AND st_dwithin(st_transform(the_geom, 25833), '0101000020E964000009D2263049E123412F97F56DFD0B5741'::geometry, '300'::double precision))
                           Rows Removed by Filter: 3180
   ->  Subquery Scan on "*SELECT* 2531"  (cost=165745.69..165745.70 rows=1 width=76) (actual time=0.637..0.638 rows=1 loops=1)
         ->  Limit  (cost=165745.69..165745.69 rows=1 width=84) (actual time=0.635..0.636 rows=1 loops=1)
               ->  Sort  (cost=165745.69..165745.69 rows=1 width=84) (actual time=0.632..0.633 rows=1 loops=1)
                     Sort Key: (st_distance(st_transform(s_2530.the_geom, 25833), '0101000020E964000042A534FB4AE12341A1821334FC0B5741'::geometry))
                     Sort Method: top-N heapsort  Memory: 25kB
                     ->  Seq Scan on phoml_trajectory_tmp s_2530  (cost=0.00..165745.68 rows=1 width=84) (actual time=0.035..0.566 rows=480 loops=1)
                           Filter: ((unix_time >= '1685451524.953'::double precision) AND (unix_time <= '1685451584.953'::double precision) AND st_dwithin(st_transform(the_geom, 25833), '0101000020E964000042A534FB4AE12341A1821334FC0B5741'::geometry, '300'::double precision))
                           Rows Removed by Filter: 3180
   ->  Subquery Scan on "*SELECT* 2532"  (cost=165745.69..165745.70 rows=1 width=76) (actual time=0.678..0.679 rows=1 loops=1)
         ->  Limit  (cost=165745.69..165745.69 rows=1 width=84) (actual time=0.676..0.676 rows=1 loops=1)
               ->  Sort  (cost=165745.69..165745.69 rows=1 width=84) (actual time=0.674..0.674 rows=1 loops=1)
                     Sort Key: (st_distance(st_transform(s_2531.the_geom, 25833), '0101000020E9640000C3382E964BE123416B0EA0F2FA0B5741'::geometry))
                     Sort Method: top-N heapsort  Memory: 25kB
                     ->  Seq Scan on phoml_trajectory_tmp s_2531  (cost=0.00..165745.68 rows=1 width=84) (actual time=0.066..0.606 rows=480 loops=1)
                           Filter: ((unix_time >= '1685451525.534'::double precision) AND (unix_time <= '1685451585.534'::double precision) AND st_dwithin(st_transform(the_geom, 25833), '0101000020E9640000C3382E964BE123416B0EA0F2FA0B5741'::geometry, '300'::double precision))
                           Rows Removed by Filter: 3180
   ->  Subquery Scan on "*SELECT* 2533"  (cost=165745.69..165745.70 rows=1 width=76) (actual time=0.653..0.654 rows=1 loops=1)
         ->  Limit  (cost=165745.69..165745.69 rows=1 width=84) (actual time=0.649..0.650 rows=1 loops=1)
               ->  Sort  (cost=165745.69..165745.69 rows=1 width=84) (actual time=0.647..0.648 rows=1 loops=1)
                     Sort Key: (st_distance(st_transform(s_2532.the_geom, 25833), '0101000020E9640000F7A33E0E4CE1234116BDC6AAF90B5741'::geometry))
                     Sort Method: top-N heapsort  Memory: 25kB
                     ->  Seq Scan on phoml_trajectory_tmp s_2532  (cost=0.00..165745.68 rows=1 width=84) (actual time=0.037..0.579 rows=480 loops=1)
                           Filter: ((unix_time >= '1685451526.114'::double precision) AND (unix_time <= '1685451586.114'::double precision) AND st_dwithin(st_transform(the_geom, 25833), '0101000020E9640000F7A33E0E4CE1234116BDC6AAF90B5741'::geometry, '300'::double precision))
                           Rows Removed by Filter: 3180
   ->  Subquery Scan on "*SELECT* 2534"  (cost=165745.69..165745.70 rows=1 width=76) (actual time=0.646..0.647 rows=1 loops=1)
         ->  Limit  (cost=165745.69..165745.69 rows=1 width=84) (actual time=0.642..0.643 rows=1 loops=1)
               ->  Sort  (cost=165745.69..165745.69 rows=1 width=84) (actual time=0.640..0.640 rows=1 loops=1)
                     Sort Key: (st_distance(st_transform(s_2533.the_geom, 25833), '0101000020E9640000887EAA1B4DE12341C56CE96EF80B5741'::geometry))
                     Sort Method: top-N heapsort  Memory: 25kB
                     ->  Seq Scan on phoml_trajectory_tmp s_2533  (cost=0.00..165745.68 rows=1 width=84) (actual time=0.035..0.573 rows=480 loops=1)
                           Filter: ((unix_time >= '1685451526.656'::double precision) AND (unix_time <= '1685451586.656'::double precision) AND st_dwithin(st_transform(the_geom, 25833), '0101000020E9640000887EAA1B4DE12341C56CE96EF80B5741'::geometry, '300'::double precision))
                           Rows Removed by Filter: 3180
   ->  Subquery Scan on "*SELECT* 2535"  (cost=165745.69..165745.70 rows=1 width=76) (actual time=0.641..0.642 rows=1 loops=1)
         ->  Limit  (cost=165745.69..165745.69 rows=1 width=84) (actual time=0.639..0.640 rows=1 loops=1)
               ->  Sort  (cost=165745.69..165745.69 rows=1 width=84) (actual time=0.637..0.637 rows=1 loops=1)
                     Sort Key: (st_distance(st_transform(s_2534.the_geom, 25833), '0101000020E964000079C39CF64EE12341030B8029F70B5741'::geometry))
                     Sort Method: top-N heapsort  Memory: 25kB
                     ->  Seq Scan on phoml_trajectory_tmp s_2534  (cost=0.00..165745.68 rows=1 width=84) (actual time=0.039..0.570 rows=480 loops=1)
                           Filter: ((unix_time >= '1685451527.195'::double precision) AND (unix_time <= '1685451587.195'::double precision) AND st_dwithin(st_transform(the_geom, 25833), '0101000020E964000079C39CF64EE12341030B8029F70B5741'::geometry, '300'::double precision))
                           Rows Removed by Filter: 3180
   ->  Subquery Scan on "*SELECT* 2536"  (cost=165745.69..165745.70 rows=1 width=76) (actual time=0.678..0.679 rows=1 loops=1)
         ->  Limit  (cost=165745.69..165745.69 rows=1 width=84) (actual time=0.673..0.674 rows=1 loops=1)
               ->  Sort  (cost=165745.69..165745.69 rows=1 width=84) (actual time=0.671..0.672 rows=1 loops=1)
                     Sort Key: (st_distance(st_transform(s_2535.the_geom, 25833), '0101000020E964000038ED331751E12341767C35FBF50B5741'::geometry))
                     Sort Method: top-N heapsort  Memory: 25kB
                     ->  Seq Scan on phoml_trajectory_tmp s_2535  (cost=0.00..165745.68 rows=1 width=84) (actual time=0.034..0.588 rows=480 loops=1)
                           Filter: ((unix_time >= '1685451527.695'::double precision) AND (unix_time <= '1685451587.695'::double precision) AND st_dwithin(st_transform(the_geom, 25833), '0101000020E964000038ED331751E12341767C35FBF50B5741'::geometry, '300'::double precision))
                           Rows Removed by Filter: 3180
   ->  Subquery Scan on "*SELECT* 2537"  (cost=165745.69..165745.70 rows=1 width=76) (actual time=0.687..0.688 rows=1 loops=1)
         ->  Limit  (cost=165745.69..165745.69 rows=1 width=84) (actual time=0.683..0.684 rows=1 loops=1)
               ->  Sort  (cost=165745.69..165745.69 rows=1 width=84) (actual time=0.682..0.682 rows=1 loops=1)
                     Sort Key: (st_distance(st_transform(s_2536.the_geom, 25833), '0101000020E964000060FF076E53E123413818E5BFF40B5741'::geometry))
                     Sort Method: top-N heapsort  Memory: 25kB
                     ->  Seq Scan on phoml_trajectory_tmp s_2536  (cost=0.00..165745.68 rows=1 width=84) (actual time=0.058..0.601 rows=480 loops=1)
                           Filter: ((unix_time >= '1685451528.192'::double precision) AND (unix_time <= '1685451588.192'::double precision) AND st_dwithin(st_transform(the_geom, 25833), '0101000020E964000060FF076E53E123413818E5BFF40B5741'::geometry, '300'::double precision))
                           Rows Removed by Filter: 3180
   ->  Subquery Scan on "*SELECT* 2538"  (cost=165745.69..165745.70 rows=1 width=76) (actual time=0.658..0.659 rows=1 loops=1)
         ->  Limit  (cost=165745.69..165745.69 rows=1 width=84) (actual time=0.656..0.657 rows=1 loops=1)
               ->  Sort  (cost=165745.69..165745.69 rows=1 width=84) (actual time=0.654..0.654 rows=1 loops=1)
                     Sort Key: (st_distance(st_transform(s_2537.the_geom, 25833), '0101000020E9640000E98504C355E12341DE9E348BF30B5741'::geometry))
                     Sort Method: top-N heapsort  Memory: 25kB
                     ->  Seq Scan on phoml_trajectory_tmp s_2537  (cost=0.00..165745.68 rows=1 width=84) (actual time=0.035..0.583 rows=480 loops=1)
                           Filter: ((unix_time >= '1685451528.672'::double precision) AND (unix_time <= '1685451588.672'::double precision) AND st_dwithin(st_transform(the_geom, 25833), '0101000020E9640000E98504C355E12341DE9E348BF30B5741'::geometry, '300'::double precision))
                           Rows Removed by Filter: 3180
   ->  Subquery Scan on "*SELECT* 2539"  (cost=165745.69..165745.70 rows=1 width=76) (actual time=0.682..0.683 rows=1 loops=1)
         ->  Limit  (cost=165745.69..165745.69 rows=1 width=84) (actual time=0.679..0.680 rows=1 loops=1)
               ->  Sort  (cost=165745.69..165745.69 rows=1 width=84) (actual time=0.677..0.677 rows=1 loops=1)
                     Sort Key: (st_distance(st_transform(s_2538.the_geom, 25833), '0101000020E964000060FCEDE657E12341B5777A55F20B5741'::geometry))
                     Sort Method: top-N heapsort  Memory: 25kB
                     ->  Seq Scan on phoml_trajectory_tmp s_2538  (cost=0.00..165745.68 rows=1 width=84) (actual time=0.037..0.607 rows=480 loops=1)
                           Filter: ((unix_time >= '1685451529.139'::double precision) AND (unix_time <= '1685451589.139'::double precision) AND st_dwithin(st_transform(the_geom, 25833), '0101000020E964000060FCEDE657E12341B5777A55F20B5741'::geometry, '300'::double precision))
                           Rows Removed by Filter: 3180
   ->  Subquery Scan on "*SELECT* 2540"  (cost=165745.69..165745.70 rows=1 width=76) (actual time=0.651..0.652 rows=1 loops=1)
         ->  Limit  (cost=165745.69..165745.69 rows=1 width=84) (actual time=0.647..0.648 rows=1 loops=1)
               ->  Sort  (cost=165745.69..165745.69 rows=1 width=84) (actual time=0.645..0.646 rows=1 loops=1)
                     Sort Key: (st_distance(st_transform(s_2539.the_geom, 25833), '0101000020E9640000892DA0EF59E123417D8EAF17F10B5741'::geometry))
                     Sort Method: top-N heapsort  Memory: 25kB
                     ->  Seq Scan on phoml_trajectory_tmp s_2539  (cost=0.00..165745.68 rows=1 width=84) (actual time=0.034..0.577 rows=480 loops=1)
                           Filter: ((unix_time >= '1685451529.599'::double precision) AND (unix_time <= '1685451589.599'::double precision) AND st_dwithin(st_transform(the_geom, 25833), '0101000020E9640000892DA0EF59E123417D8EAF17F10B5741'::geometry, '300'::double precision))
                           Rows Removed by Filter: 3180
   ->  Subquery Scan on "*SELECT* 2541"  (cost=165745.69..165745.70 rows=1 width=76) (actual time=0.647..0.648 rows=1 loops=1)
         ->  Limit  (cost=165745.69..165745.69 rows=1 width=84) (actual time=0.645..0.645 rows=1 loops=1)
               ->  Sort  (cost=165745.69..165745.69 rows=1 width=84) (actual time=0.643..0.643 rows=1 loops=1)
                     Sort Key: (st_distance(st_transform(s_2540.the_geom, 25833), '0101000020E9640000B35B21025CE123410B1981E0EF0B5741'::geometry))
                     Sort Method: top-N heapsort  Memory: 25kB
                     ->  Seq Scan on phoml_trajectory_tmp s_2540  (cost=0.00..165745.68 rows=1 width=84) (actual time=0.036..0.574 rows=480 loops=1)
                           Filter: ((unix_time >= '1685451530.049'::double precision) AND (unix_time <= '1685451590.049'::double precision) AND st_dwithin(st_transform(the_geom, 25833), '0101000020E9640000B35B21025CE123410B1981E0EF0B5741'::geometry, '300'::double precision))
                           Rows Removed by Filter: 3180
   ->  Subquery Scan on "*SELECT* 2542"  (cost=165745.69..165745.70 rows=1 width=76) (actual time=0.669..0.671 rows=1 loops=1)
         ->  Limit  (cost=165745.69..165745.69 rows=1 width=84) (actual time=0.666..0.667 rows=1 loops=1)
               ->  Sort  (cost=165745.69..165745.69 rows=1 width=84) (actual time=0.664..0.664 rows=1 loops=1)
                     Sort Key: (st_distance(st_transform(s_2541.the_geom, 25833), '0101000020E96400002C56B8685EE123413895AAABEE0B5741'::geometry))
                     Sort Method: top-N heapsort  Memory: 25kB
                     ->  Seq Scan on phoml_trajectory_tmp s_2541  (cost=0.00..165745.68 rows=1 width=84) (actual time=0.036..0.595 rows=480 loops=1)
                           Filter: ((unix_time >= '1685451530.477'::double precision) AND (unix_time <= '1685451590.477'::double precision) AND st_dwithin(st_transform(the_geom, 25833), '0101000020E96400002C56B8685EE123413895AAABEE0B5741'::geometry, '300'::double precision))
                           Rows Removed by Filter: 3180
   ->  Subquery Scan on "*SELECT* 2543"  (cost=165745.69..165745.70 rows=1 width=76) (actual time=0.678..0.679 rows=1 loops=1)
         ->  Limit  (cost=165745.69..165745.69 rows=1 width=84) (actual time=0.675..0.676 rows=1 loops=1)
               ->  Sort  (cost=165745.69..165745.69 rows=1 width=84) (actual time=0.673..0.673 rows=1 loops=1)
                     Sort Key: (st_distance(st_transform(s_2542.the_geom, 25833), '0101000020E96400000D6A6F1661E12341F1F10379ED0B5741'::geometry))
                     Sort Method: top-N heapsort  Memory: 25kB
                     ->  Seq Scan on phoml_trajectory_tmp s_2542  (cost=0.00..165745.68 rows=1 width=84) (actual time=0.038..0.603 rows=480 loops=1)
                           Filter: ((unix_time >= '1685451530.897'::double precision) AND (unix_time <= '1685451590.897'::double precision) AND st_dwithin(st_transform(the_geom, 25833), '0101000020E96400000D6A6F1661E12341F1F10379ED0B5741'::geometry, '300'::double precision))
                           Rows Removed by Filter: 3180
   ->  Subquery Scan on "*SELECT* 2544"  (cost=165745.69..165745.70 rows=1 width=76) (actual time=4.740..4.742 rows=1 loops=1)
         ->  Limit  (cost=165745.69..165745.69 rows=1 width=84) (actual time=4.712..4.713 rows=1 loops=1)
               ->  Sort  (cost=165745.69..165745.69 rows=1 width=84) (actual time=4.710..4.710 rows=1 loops=1)
                     Sort Key: (st_distance(st_transform(s_2543.the_geom, 25833), '0101000020E9640000A690729C63E1234126289B45EC0B5741'::geometry))
                     Sort Method: top-N heapsort  Memory: 25kB
                     ->  Seq Scan on phoml_trajectory_tmp s_2543  (cost=0.00..165745.68 rows=1 width=84) (actual time=0.033..4.633 rows=480 loops=1)
                           Filter: ((unix_time >= '1685451531.302'::double precision) AND (unix_time <= '1685451591.302'::double precision) AND st_dwithin(st_transform(the_geom, 25833), '0101000020E9640000A690729C63E1234126289B45EC0B5741'::geometry, '300'::double precision))
                           Rows Removed by Filter: 3180
   ->  Subquery Scan on "*SELECT* 2545"  (cost=165745.69..165745.70 rows=1 width=76) (actual time=0.723..0.725 rows=1 loops=1)
         ->  Limit  (cost=165745.69..165745.69 rows=1 width=84) (actual time=0.720..0.721 rows=1 loops=1)
               ->  Sort  (cost=165745.69..165745.69 rows=1 width=84) (actual time=0.717..0.718 rows=1 loops=1)
                     Sort Key: (st_distance(st_transform(s_2544.the_geom, 25833), '0101000020E96400000DEBFA8366E12341C7F45813EB0B5741'::geometry))
                     Sort Method: top-N heapsort  Memory: 25kB
                     ->  Seq Scan on phoml_trajectory_tmp s_2544  (cost=0.00..165745.68 rows=1 width=84) (actual time=0.057..0.638 rows=480 loops=1)
                           Filter: ((unix_time >= '1685451531.702'::double precision) AND (unix_time <= '1685451591.702'::double precision) AND st_dwithin(st_transform(the_geom, 25833), '0101000020E96400000DEBFA8366E12341C7F45813EB0B5741'::geometry, '300'::double precision))
                           Rows Removed by Filter: 3180
   ->  Subquery Scan on "*SELECT* 2546"  (cost=165745.69..165745.70 rows=1 width=76) (actual time=0.707..0.708 rows=1 loops=1)
         ->  Limit  (cost=165745.69..165745.69 rows=1 width=84) (actual time=0.703..0.704 rows=1 loops=1)
               ->  Sort  (cost=165745.69..165745.69 rows=1 width=84) (actual time=0.701..0.701 rows=1 loops=1)
                     Sort Key: (st_distance(st_transform(s_2545.the_geom, 25833), '0101000020E96400006EF1836969E12341800023DAE90B5741'::geometry))
                     Sort Method: top-N heapsort  Memory: 25kB
                     ->  Seq Scan on phoml_trajectory_tmp s_2545  (cost=0.00..165745.68 rows=1 width=84) (actual time=0.037..0.627 rows=480 loops=1)
                           Filter: ((unix_time >= '1685451532.092'::double precision) AND (unix_time <= '1685451592.092'::double precision) AND st_dwithin(st_transform(the_geom, 25833), '0101000020E96400006EF1836969E12341800023DAE90B5741'::geometry, '300'::double precision))
                           Rows Removed by Filter: 3180
   ->  Subquery Scan on "*SELECT* 2547"  (cost=165745.69..165745.70 rows=1 width=76) (actual time=0.699..0.700 rows=1 loops=1)
         ->  Limit  (cost=165745.69..165745.69 rows=1 width=84) (actual time=0.694..0.695 rows=1 loops=1)
               ->  Sort  (cost=165745.69..165745.69 rows=1 width=84) (actual time=0.692..0.692 rows=1 loops=1)
                     Sort Key: (st_distance(st_transform(s_2546.the_geom, 25833), '0101000020E9640000671586816CE1234100C2FAAFE80B5741'::geometry))
                     Sort Method: top-N heapsort  Memory: 25kB
                     ->  Seq Scan on phoml_trajectory_tmp s_2546  (cost=0.00..165745.68 rows=1 width=84) (actual time=0.035..0.618 rows=480 loops=1)
                           Filter: ((unix_time >= '1685451532.463'::double precision) AND (unix_time <= '1685451592.463'::double precision) AND st_dwithin(st_transform(the_geom, 25833), '0101000020E9640000671586816CE1234100C2FAAFE80B5741'::geometry, '300'::double precision))
                           Rows Removed by Filter: 3180
   ->  Subquery Scan on "*SELECT* 2548"  (cost=165745.69..165745.70 rows=1 width=76) (actual time=0.688..0.689 rows=1 loops=1)
         ->  Limit  (cost=165745.69..165745.69 rows=1 width=84) (actual time=0.686..0.686 rows=1 loops=1)
               ->  Sort  (cost=165745.69..165745.69 rows=1 width=84) (actual time=0.684..0.684 rows=1 loops=1)
                     Sort Key: (st_distance(st_transform(s_2547.the_geom, 25833), '0101000020E96400007EF043B26FE12341A1D28378E70B5741'::geometry))
                     Sort Method: top-N heapsort  Memory: 25kB
                     ->  Seq Scan on phoml_trajectory_tmp s_2547  (cost=0.00..165745.68 rows=1 width=84) (actual time=0.035..0.609 rows=480 loops=1)
                           Filter: ((unix_time >= '1685451532.833'::double precision) AND (unix_time <= '1685451592.833'::double precision) AND st_dwithin(st_transform(the_geom, 25833), '0101000020E96400007EF043B26FE12341A1D28378E70B5741'::geometry, '300'::double precision))
                           Rows Removed by Filter: 3180
   ->  Subquery Scan on "*SELECT* 2549"  (cost=165745.69..165745.70 rows=1 width=76) (actual time=0.711..0.712 rows=1 loops=1)
         ->  Limit  (cost=165745.69..165745.69 rows=1 width=84) (actual time=0.708..0.708 rows=1 loops=1)
               ->  Sort  (cost=165745.69..165745.69 rows=1 width=84) (actual time=0.706..0.706 rows=1 loops=1)
                     Sort Key: (st_distance(st_transform(s_2548.the_geom, 25833), '0101000020E9640000833C151173E12341048B5548E60B5741'::geometry))
                     Sort Method: top-N heapsort  Memory: 25kB
                     ->  Seq Scan on phoml_trajectory_tmp s_2548  (cost=0.00..165745.68 rows=1 width=84) (actual time=0.039..0.621 rows=480 loops=1)
                           Filter: ((unix_time >= '1685451533.204'::double precision) AND (unix_time <= '1685451593.204'::double precision) AND st_dwithin(st_transform(the_geom, 25833), '0101000020E9640000833C151173E12341048B5548E60B5741'::geometry, '300'::double precision))
                           Rows Removed by Filter: 3180
   ->  Subquery Scan on "*SELECT* 2550"  (cost=165745.69..165745.70 rows=1 width=76) (actual time=0.697..0.698 rows=1 loops=1)
         ->  Limit  (cost=165745.69..165745.69 rows=1 width=84) (actual time=0.694..0.695 rows=1 loops=1)
               ->  Sort  (cost=165745.69..165745.69 rows=1 width=84) (actual time=0.692..0.692 rows=1 loops=1)
                     Sort Key: (st_distance(st_transform(s_2549.the_geom, 25833), '0101000020E96400008B6E805B76E12341F567C026E50B5741'::geometry))
                     Sort Method: top-N heapsort  Memory: 25kB
                     ->  Seq Scan on phoml_trajectory_tmp s_2549  (cost=0.00..165745.68 rows=1 width=84) (actual time=0.036..0.617 rows=480 loops=1)
                           Filter: ((unix_time >= '1685451533.534'::double precision) AND (unix_time <= '1685451593.534'::double precision) AND st_dwithin(st_transform(the_geom, 25833), '0101000020E96400008B6E805B76E12341F567C026E50B5741'::geometry, '300'::double precision))
                           Rows Removed by Filter: 3180
   ->  Subquery Scan on "*SELECT* 2551"  (cost=165745.69..165745.70 rows=1 width=76) (actual time=0.698..0.699 rows=1 loops=1)
         ->  Limit  (cost=165745.69..165745.69 rows=1 width=84) (actual time=0.694..0.695 rows=1 loops=1)
               ->  Sort  (cost=165745.69..165745.69 rows=1 width=84) (actual time=0.692..0.692 rows=1 loops=1)
                     Sort Key: (st_distance(st_transform(s_2550.the_geom, 25833), '0101000020E96400007DFB9C0C7AE12341314B15F9E30B5741'::geometry))
                     Sort Method: top-N heapsort  Memory: 25kB
                     ->  Seq Scan on phoml_trajectory_tmp s_2550  (cost=0.00..165745.68 rows=1 width=84) (actual time=0.038..0.617 rows=480 loops=1)
                           Filter: ((unix_time >= '1685451533.884'::double precision) AND (unix_time <= '1685451593.884'::double precision) AND st_dwithin(st_transform(the_geom, 25833), '0101000020E96400007DFB9C0C7AE12341314B15F9E30B5741'::geometry, '300'::double precision))
                           Rows Removed by Filter: 3180
   ->  Subquery Scan on "*SELECT* 2552"  (cost=165745.69..165745.70 rows=1 width=76) (actual time=0.682..0.684 rows=1 loops=1)
         ->  Limit  (cost=165745.69..165745.69 rows=1 width=84) (actual time=0.680..0.681 rows=1 loops=1)
               ->  Sort  (cost=165745.69..165745.69 rows=1 width=84) (actual time=0.678..0.678 rows=1 loops=1)
                     Sort Key: (st_distance(st_transform(s_2551.the_geom, 25833), '0101000020E9640000226BDAC37DE12341A8B68CCAE20B5741'::geometry))
                     Sort Method: top-N heapsort  Memory: 25kB
                     ->  Seq Scan on phoml_trajectory_tmp s_2551  (cost=0.00..165745.68 rows=1 width=84) (actual time=0.039..0.604 rows=480 loops=1)
                           Filter: ((unix_time >= '1685451534.231'::double precision) AND (unix_time <= '1685451594.231'::double precision) AND st_dwithin(st_transform(the_geom, 25833), '0101000020E9640000226BDAC37DE12341A8B68CCAE20B5741'::geometry, '300'::double precision))
                           Rows Removed by Filter: 3180
   ->  Subquery Scan on "*SELECT* 2553"  (cost=165745.69..165745.70 rows=1 width=76) (actual time=0.688..0.689 rows=1 loops=1)
         ->  Limit  (cost=165745.69..165745.69 rows=1 width=84) (actual time=0.685..0.686 rows=1 loops=1)
               ->  Sort  (cost=165745.69..165745.69 rows=1 width=84) (actual time=0.683..0.683 rows=1 loops=1)
                     Sort Key: (st_distance(st_transform(s_2552.the_geom, 25833), '0101000020E9640000B86E7E3881E12341664865A8E10B5741'::geometry))
                     Sort Method: top-N heapsort  Memory: 25kB
                     ->  Seq Scan on phoml_trajectory_tmp s_2552  (cost=0.00..165745.68 rows=1 width=84) (actual time=0.038..0.609 rows=480 loops=1)
                           Filter: ((unix_time >= '1685451534.561'::double precision) AND (unix_time <= '1685451594.561'::double precision) AND st_dwithin(st_transform(the_geom, 25833), '0101000020E9640000B86E7E3881E12341664865A8E10B5741'::geometry, '300'::double precision))
                           Rows Removed by Filter: 3180
   ->  Subquery Scan on "*SELECT* 2554"  (cost=165745.69..165745.70 rows=1 width=76) (actual time=0.677..0.678 rows=1 loops=1)
         ->  Limit  (cost=165745.69..165745.69 rows=1 width=84) (actual time=0.673..0.673 rows=1 loops=1)
               ->  Sort  (cost=165745.69..165745.69 rows=1 width=84) (actual time=0.670..0.671 rows=1 loops=1)
                     Sort Key: (st_distance(st_transform(s_2553.the_geom, 25833), '0101000020E964000022F730D284E12341AB16A377E00B5741'::geometry))
                     Sort Method: top-N heapsort  Memory: 25kB
                     ->  Seq Scan on phoml_trajectory_tmp s_2553  (cost=0.00..165745.68 rows=1 width=84) (actual time=0.034..0.597 rows=480 loops=1)
                           Filter: ((unix_time >= '1685451534.901'::double precision) AND (unix_time <= '1685451594.901'::double precision) AND st_dwithin(st_transform(the_geom, 25833), '0101000020E964000022F730D284E12341AB16A377E00B5741'::geometry, '300'::double precision))
                           Rows Removed by Filter: 3180
   ->  Subquery Scan on "*SELECT* 2555"  (cost=165745.69..165745.70 rows=1 width=76) (actual time=0.667..0.668 rows=1 loops=1)
         ->  Limit  (cost=165745.69..165745.69 rows=1 width=84) (actual time=0.665..0.665 rows=1 loops=1)
               ->  Sort  (cost=165745.69..165745.69 rows=1 width=84) (actual time=0.663..0.663 rows=1 loops=1)
                     Sort Key: (st_distance(st_transform(s_2554.the_geom, 25833), '0101000020E9640000383F816988E1234134C4B755DF0B5741'::geometry))
                     Sort Method: top-N heapsort  Memory: 25kB
                     ->  Seq Scan on phoml_trajectory_tmp s_2554  (cost=0.00..165745.68 rows=1 width=84) (actual time=0.037..0.591 rows=480 loops=1)
                           Filter: ((unix_time >= '1685451535.224'::double precision) AND (unix_time <= '1685451595.224'::double precision) AND st_dwithin(st_transform(the_geom, 25833), '0101000020E9640000383F816988E1234134C4B755DF0B5741'::geometry, '300'::double precision))
                           Rows Removed by Filter: 3180
   ->  Subquery Scan on "*SELECT* 2556"  (cost=165745.69..165745.70 rows=1 width=76) (actual time=0.674..0.675 rows=1 loops=1)
         ->  Limit  (cost=165745.69..165745.69 rows=1 width=84) (actual time=0.670..0.671 rows=1 loops=1)
               ->  Sort  (cost=165745.69..165745.69 rows=1 width=84) (actual time=0.668..0.668 rows=1 loops=1)
                     Sort Key: (st_distance(st_transform(s_2555.the_geom, 25833), '0101000020E964000072442C3E8CE123418B56FC26DE0B5741'::geometry))
                     Sort Method: top-N heapsort  Memory: 25kB
                     ->  Seq Scan on phoml_trajectory_tmp s_2555  (cost=0.00..165745.68 rows=1 width=84) (actual time=0.034..0.597 rows=480 loops=1)
                           Filter: ((unix_time >= '1685451535.564'::double precision) AND (unix_time <= '1685451595.564'::double precision) AND st_dwithin(st_transform(the_geom, 25833), '0101000020E964000072442C3E8CE123418B56FC26DE0B5741'::geometry, '300'::double precision))
                           Rows Removed by Filter: 3180
   ->  Subquery Scan on "*SELECT* 2557"  (cost=165745.69..165745.70 rows=1 width=76) (actual time=0.675..0.676 rows=1 loops=1)
         ->  Limit  (cost=165745.69..165745.69 rows=1 width=84) (actual time=0.672..0.672 rows=1 loops=1)
               ->  Sort  (cost=165745.69..165745.69 rows=1 width=84) (actual time=0.670..0.670 rows=1 loops=1)
                     Sort Key: (st_distance(st_transform(s_2556.the_geom, 25833), '0101000020E9640000A3D5ED3790E12341DE72E5FFDC0B5741'::geometry))
                     Sort Method: top-N heapsort  Memory: 25kB
                     ->  Seq Scan on phoml_trajectory_tmp s_2556  (cost=0.00..165745.68 rows=1 width=84) (actual time=0.037..0.598 rows=480 loops=1)
                           Filter: ((unix_time >= '1685451535.894'::double precision) AND (unix_time <= '1685451595.894'::double precision) AND st_dwithin(st_transform(the_geom, 25833), '0101000020E9640000A3D5ED3790E12341DE72E5FFDC0B5741'::geometry, '300'::double precision))
                           Rows Removed by Filter: 3180
   ->  Subquery Scan on "*SELECT* 2558"  (cost=165745.69..165745.70 rows=1 width=76) (actual time=0.665..0.666 rows=1 loops=1)
         ->  Limit  (cost=165745.69..165745.69 rows=1 width=84) (actual time=0.663..0.663 rows=1 loops=1)
               ->  Sort  (cost=165745.69..165745.69 rows=1 width=84) (actual time=0.661..0.661 rows=1 loops=1)
                     Sort Key: (st_distance(st_transform(s_2557.the_geom, 25833), '0101000020E9640000FF75986C94E123412011C7DADB0B5741'::geometry))
                     Sort Method: top-N heapsort  Memory: 25kB
                     ->  Seq Scan on phoml_trajectory_tmp s_2557  (cost=0.00..165745.68 rows=1 width=84) (actual time=0.043..0.587 rows=480 loops=1)
                           Filter: ((unix_time >= '1685451536.227'::double precision) AND (unix_time <= '1685451596.227'::double precision) AND st_dwithin(st_transform(the_geom, 25833), '0101000020E9640000FF75986C94E123412011C7DADB0B5741'::geometry, '300'::double precision))
                           Rows Removed by Filter: 3180
   ->  Subquery Scan on "*SELECT* 2559"  (cost=165745.69..165745.70 rows=1 width=76) (actual time=0.670..0.671 rows=1 loops=1)
         ->  Limit  (cost=165745.69..165745.69 rows=1 width=84) (actual time=0.667..0.668 rows=1 loops=1)
               ->  Sort  (cost=165745.69..165745.69 rows=1 width=84) (actual time=0.664..0.665 rows=1 loops=1)
                     Sort Key: (st_distance(st_transform(s_2558.the_geom, 25833), '0101000020E9640000F29C20CD98E12341573449B5DA0B5741'::geometry))
                     Sort Method: top-N heapsort  Memory: 25kB
                     ->  Seq Scan on phoml_trajectory_tmp s_2558  (cost=0.00..165745.68 rows=1 width=84) (actual time=0.035..0.594 rows=480 loops=1)
                           Filter: ((unix_time >= '1685451536.557'::double precision) AND (unix_time <= '1685451596.557'::double precision) AND st_dwithin(st_transform(the_geom, 25833), '0101000020E9640000F29C20CD98E12341573449B5DA0B5741'::geometry, '300'::double precision))
                           Rows Removed by Filter: 3180
   ->  Subquery Scan on "*SELECT* 2560"  (cost=165745.69..165745.70 rows=1 width=76) (actual time=0.688..0.689 rows=1 loops=1)
         ->  Limit  (cost=165745.69..165745.69 rows=1 width=84) (actual time=0.685..0.685 rows=1 loops=1)
               ->  Sort  (cost=165745.69..165745.69 rows=1 width=84) (actual time=0.683..0.683 rows=1 loops=1)
                     Sort Key: (st_distance(st_transform(s_2559.the_geom, 25833), '0101000020E96400007B5F09EC9CE123416CA0959DD90B5741'::geometry))
                     Sort Method: top-N heapsort  Memory: 25kB
                     ->  Seq Scan on phoml_trajectory_tmp s_2559  (cost=0.00..165745.68 rows=1 width=84) (actual time=0.040..0.609 rows=480 loops=1)
                           Filter: ((unix_time >= '1685451536.867'::double precision) AND (unix_time <= '1685451596.867'::double precision) AND st_dwithin(st_transform(the_geom, 25833), '0101000020E96400007B5F09EC9CE123416CA0959DD90B5741'::geometry, '300'::double precision))
                           Rows Removed by Filter: 3180
   ->  Subquery Scan on "*SELECT* 2561"  (cost=165745.69..165745.70 rows=1 width=76) (actual time=0.670..0.671 rows=1 loops=1)
         ->  Limit  (cost=165745.69..165745.69 rows=1 width=84) (actual time=0.667..0.668 rows=1 loops=1)
               ->  Sort  (cost=165745.69..165745.69 rows=1 width=84) (actual time=0.665..0.666 rows=1 loops=1)
                     Sort Key: (st_distance(st_transform(s_2560.the_geom, 25833), '0101000020E964000001F28D7AA1E1234168561172D80B5741'::geometry))
                     Sort Method: top-N heapsort  Memory: 25kB
                     ->  Seq Scan on phoml_trajectory_tmp s_2560  (cost=0.00..165745.68 rows=1 width=84) (actual time=0.037..0.592 rows=480 loops=1)
                           Filter: ((unix_time >= '1685451537.213'::double precision) AND (unix_time <= '1685451597.213'::double precision) AND st_dwithin(st_transform(the_geom, 25833), '0101000020E964000001F28D7AA1E1234168561172D80B5741'::geometry, '300'::double precision))
                           Rows Removed by Filter: 3180
   ->  Subquery Scan on "*SELECT* 2562"  (cost=165745.69..165745.70 rows=1 width=76) (actual time=0.696..0.697 rows=1 loops=1)
         ->  Limit  (cost=165745.69..165745.69 rows=1 width=84) (actual time=0.694..0.695 rows=1 loops=1)
               ->  Sort  (cost=165745.69..165745.69 rows=1 width=84) (actual time=0.692..0.692 rows=1 loops=1)
                     Sort Key: (st_distance(st_transform(s_2561.the_geom, 25833), '0101000020E964000053A68BFDA5E12341442C184DD70B5741'::geometry))
                     Sort Method: top-N heapsort  Memory: 25kB
                     ->  Seq Scan on phoml_trajectory_tmp s_2561  (cost=0.00..165745.68 rows=1 width=84) (actual time=0.054..0.619 rows=480 loops=1)
                           Filter: ((unix_time >= '1685451537.543'::double precision) AND (unix_time <= '1685451597.543'::double precision) AND st_dwithin(st_transform(the_geom, 25833), '0101000020E964000053A68BFDA5E12341442C184DD70B5741'::geometry, '300'::double precision))
                           Rows Removed by Filter: 3180
   ->  Subquery Scan on "*SELECT* 2563"  (cost=165745.69..165745.70 rows=1 width=76) (actual time=0.675..0.676 rows=1 loops=1)
         ->  Limit  (cost=165745.69..165745.69 rows=1 width=84) (actual time=0.672..0.673 rows=1 loops=1)
               ->  Sort  (cost=165745.69..165745.69 rows=1 width=84) (actual time=0.670..0.670 rows=1 loops=1)
                     Sort Key: (st_distance(st_transform(s_2562.the_geom, 25833), '0101000020E9640000281B9343AAE1234157CF932CD60B5741'::geometry))
                     Sort Method: top-N heapsort  Memory: 25kB
                     ->  Seq Scan on phoml_trajectory_tmp s_2562  (cost=0.00..165745.68 rows=1 width=84) (actual time=0.036..0.592 rows=480 loops=1)
                           Filter: ((unix_time >= '1685451537.873'::double precision) AND (unix_time <= '1685451597.873'::double precision) AND st_dwithin(st_transform(the_geom, 25833), '0101000020E9640000281B9343AAE1234157CF932CD60B5741'::geometry, '300'::double precision))
                           Rows Removed by Filter: 3180
   ->  Subquery Scan on "*SELECT* 2564"  (cost=165745.69..165745.70 rows=1 width=76) (actual time=0.687..0.688 rows=1 loops=1)
         ->  Limit  (cost=165745.69..165745.69 rows=1 width=84) (actual time=0.683..0.684 rows=1 loops=1)
               ->  Sort  (cost=165745.69..165745.69 rows=1 width=84) (actual time=0.681..0.681 rows=1 loops=1)
                     Sort Key: (st_distance(st_transform(s_2563.the_geom, 25833), '0101000020E9640000E97B5389AEE123413AADE809D50B5741'::geometry))
                     Sort Method: top-N heapsort  Memory: 25kB
                     ->  Seq Scan on phoml_trajectory_tmp s_2563  (cost=0.00..165745.68 rows=1 width=84) (actual time=0.036..0.606 rows=480 loops=1)
                           Filter: ((unix_time >= '1685451538.208'::double precision) AND (unix_time <= '1685451598.208'::double precision) AND st_dwithin(st_transform(the_geom, 25833), '0101000020E9640000E97B5389AEE123413AADE809D50B5741'::geometry, '300'::double precision))
                           Rows Removed by Filter: 3180
   ->  Subquery Scan on "*SELECT* 2565"  (cost=165745.69..165745.70 rows=1 width=76) (actual time=0.668..0.669 rows=1 loops=1)
         ->  Limit  (cost=165745.69..165745.69 rows=1 width=84) (actual time=0.665..0.666 rows=1 loops=1)
               ->  Sort  (cost=165745.69..165745.69 rows=1 width=84) (actual time=0.663..0.664 rows=1 loops=1)
                     Sort Key: (st_distance(st_transform(s_2564.the_geom, 25833), '0101000020E9640000DD0C09A2B2E12341305C5EEDD30B5741'::geometry))
                     Sort Method: top-N heapsort  Memory: 25kB
                     ->  Seq Scan on phoml_trajectory_tmp s_2564  (cost=0.00..165745.68 rows=1 width=84) (actual time=0.038..0.591 rows=480 loops=1)
                           Filter: ((unix_time >= '1685451538.528'::double precision) AND (unix_time <= '1685451598.528'::double precision) AND st_dwithin(st_transform(the_geom, 25833), '0101000020E9640000DD0C09A2B2E12341305C5EEDD30B5741'::geometry, '300'::double precision))
                           Rows Removed by Filter: 3180
   ->  Subquery Scan on "*SELECT* 2566"  (cost=165745.69..165745.70 rows=1 width=76) (actual time=0.690..0.692 rows=1 loops=1)
         ->  Limit  (cost=165745.69..165745.69 rows=1 width=84) (actual time=0.687..0.688 rows=1 loops=1)
               ->  Sort  (cost=165745.69..165745.69 rows=1 width=84) (actual time=0.684..0.685 rows=1 loops=1)
                     Sort Key: (st_distance(st_transform(s_2565.the_geom, 25833), '0101000020E9640000796495F8B6E1234160216DC3D20B5741'::geometry))
                     Sort Method: top-N heapsort  Memory: 25kB
                     ->  Seq Scan on phoml_trajectory_tmp s_2565  (cost=0.00..165745.68 rows=1 width=84) (actual time=0.034..0.612 rows=480 loops=1)
                           Filter: ((unix_time >= '1685451538.868'::double precision) AND (unix_time <= '1685451598.868'::double precision) AND st_dwithin(st_transform(the_geom, 25833), '0101000020E9640000796495F8B6E1234160216DC3D20B5741'::geometry, '300'::double precision))
                           Rows Removed by Filter: 3180
   ->  Subquery Scan on "*SELECT* 2567"  (cost=165745.69..165745.70 rows=1 width=76) (actual time=0.662..0.663 rows=1 loops=1)
         ->  Limit  (cost=165745.69..165745.69 rows=1 width=84) (actual time=0.659..0.659 rows=1 loops=1)
               ->  Sort  (cost=165745.69..165745.69 rows=1 width=84) (actual time=0.656..0.657 rows=1 loops=1)
                     Sort Key: (st_distance(st_transform(s_2566.the_geom, 25833), '0101000020E964000097F8E643BBE123412AB8D99FD10B5741'::geometry))
                     Sort Method: top-N heapsort  Memory: 25kB
                     ->  Seq Scan on phoml_trajectory_tmp s_2566  (cost=0.00..165745.68 rows=1 width=84) (actual time=0.035..0.585 rows=480 loops=1)
                           Filter: ((unix_time >= '1685451539.203'::double precision) AND (unix_time <= '1685451599.203'::double precision) AND st_dwithin(st_transform(the_geom, 25833), '0101000020E964000097F8E643BBE123412AB8D99FD10B5741'::geometry, '300'::double precision))
                           Rows Removed by Filter: 3180
   ->  Subquery Scan on "*SELECT* 2568"  (cost=165745.69..165745.70 rows=1 width=76) (actual time=0.665..0.666 rows=1 loops=1)
         ->  Limit  (cost=165745.69..165745.69 rows=1 width=84) (actual time=0.662..0.663 rows=1 loops=1)
               ->  Sort  (cost=165745.69..165745.69 rows=1 width=84) (actual time=0.659..0.660 rows=1 loops=1)
                     Sort Key: (st_distance(st_transform(s_2567.the_geom, 25833), '0101000020E964000055039650BFE1234193630482D00B5741'::geometry))
                     Sort Method: top-N heapsort  Memory: 25kB
                     ->  Seq Scan on phoml_trajectory_tmp s_2567  (cost=0.00..165745.68 rows=1 width=84) (actual time=0.046..0.590 rows=480 loops=1)
                           Filter: ((unix_time >= '1685451539.533'::double precision) AND (unix_time <= '1685451599.533'::double precision) AND st_dwithin(st_transform(the_geom, 25833), '0101000020E964000055039650BFE1234193630482D00B5741'::geometry, '300'::double precision))
                           Rows Removed by Filter: 3180
   ->  Subquery Scan on "*SELECT* 2569"  (cost=165745.69..165745.70 rows=1 width=76) (actual time=0.664..0.665 rows=1 loops=1)
         ->  Limit  (cost=165745.69..165745.69 rows=1 width=84) (actual time=0.660..0.661 rows=1 loops=1)
               ->  Sort  (cost=165745.69..165745.69 rows=1 width=84) (actual time=0.658..0.659 rows=1 loops=1)
                     Sort Key: (st_distance(st_transform(s_2568.the_geom, 25833), '0101000020E964000072778337C3E12341B4067968CF0B5741'::geometry))
                     Sort Method: top-N heapsort  Memory: 25kB
                     ->  Seq Scan on phoml_trajectory_tmp s_2568  (cost=0.00..165745.68 rows=1 width=84) (actual time=0.035..0.587 rows=480 loops=1)
                           Filter: ((unix_time >= '1685451539.853'::double precision) AND (unix_time <= '1685451599.853'::double precision) AND st_dwithin(st_transform(the_geom, 25833), '0101000020E964000072778337C3E12341B4067968CF0B5741'::geometry, '300'::double precision))
                           Rows Removed by Filter: 3180
   ->  Subquery Scan on "*SELECT* 2570"  (cost=165745.69..165745.70 rows=1 width=76) (actual time=0.663..0.664 rows=1 loops=1)
         ->  Limit  (cost=165745.69..165745.69 rows=1 width=84) (actual time=0.659..0.660 rows=1 loops=1)
               ->  Sort  (cost=165745.69..165745.69 rows=1 width=84) (actual time=0.657..0.658 rows=1 loops=1)
                     Sort Key: (st_distance(st_transform(s_2569.the_geom, 25833), '0101000020E9640000ACEDAF2CC7E123415A189238CE0B5741'::geometry))
                     Sort Method: top-N heapsort  Memory: 25kB
                     ->  Seq Scan on phoml_trajectory_tmp s_2569  (cost=0.00..165745.68 rows=1 width=84) (actual time=0.035..0.586 rows=480 loops=1)
                           Filter: ((unix_time >= '1685451540.199'::double precision) AND (unix_time <= '1685451600.199'::double precision) AND st_dwithin(st_transform(the_geom, 25833), '0101000020E9640000ACEDAF2CC7E123415A189238CE0B5741'::geometry, '300'::double precision))
                           Rows Removed by Filter: 3180
   ->  Subquery Scan on "*SELECT* 2571"  (cost=165745.69..165745.70 rows=1 width=76) (actual time=0.659..0.660 rows=1 loops=1)
         ->  Limit  (cost=165745.69..165745.69 rows=1 width=84) (actual time=0.656..0.657 rows=1 loops=1)
               ->  Sort  (cost=165745.69..165745.69 rows=1 width=84) (actual time=0.654..0.654 rows=1 loops=1)
                     Sort Key: (st_distance(st_transform(s_2570.the_geom, 25833), '0101000020E964000079EB961ECBE123414C4F150ECD0B5741'::geometry))
                     Sort Method: top-N heapsort  Memory: 25kB
                     ->  Seq Scan on phoml_trajectory_tmp s_2570  (cost=0.00..165745.68 rows=1 width=84) (actual time=0.036..0.582 rows=480 loops=1)
                           Filter: ((unix_time >= '1685451540.539'::double precision) AND (unix_time <= '1685451600.539'::double precision) AND st_dwithin(st_transform(the_geom, 25833), '0101000020E964000079EB961ECBE123414C4F150ECD0B5741'::geometry, '300'::double precision))
                           Rows Removed by Filter: 3180
   ->  Subquery Scan on "*SELECT* 2572"  (cost=165745.69..165745.70 rows=1 width=76) (actual time=0.663..0.664 rows=1 loops=1)
         ->  Limit  (cost=165745.69..165745.69 rows=1 width=84) (actual time=0.659..0.660 rows=1 loops=1)
               ->  Sort  (cost=165745.69..165745.69 rows=1 width=84) (actual time=0.657..0.657 rows=1 loops=1)
                     Sort Key: (st_distance(st_transform(s_2571.the_geom, 25833), '0101000020E9640000C8099BADCEE12341E0171EEACB0B5741'::geometry))
                     Sort Method: top-N heapsort  Memory: 25kB
                     ->  Seq Scan on phoml_trajectory_tmp s_2571  (cost=0.00..165745.68 rows=1 width=84) (actual time=0.045..0.586 rows=480 loops=1)
                           Filter: ((unix_time >= '1685451540.869'::double precision) AND (unix_time <= '1685451600.869'::double precision) AND st_dwithin(st_transform(the_geom, 25833), '0101000020E9640000C8099BADCEE12341E0171EEACB0B5741'::geometry, '300'::double precision))
                           Rows Removed by Filter: 3180
   ->  Subquery Scan on "*SELECT* 2573"  (cost=165745.69..165745.70 rows=1 width=76) (actual time=0.662..0.663 rows=1 loops=1)
         ->  Limit  (cost=165745.69..165745.69 rows=1 width=84) (actual time=0.658..0.659 rows=1 loops=1)
               ->  Sort  (cost=165745.69..165745.69 rows=1 width=84) (actual time=0.656..0.656 rows=1 loops=1)
                     Sort Key: (st_distance(st_transform(s_2572.the_geom, 25833), '0101000020E964000088D06AA3D2E123417DB47FBACA0B5741'::geometry))
                     Sort Method: top-N heapsort  Memory: 25kB
                     ->  Seq Scan on phoml_trajectory_tmp s_2572  (cost=0.00..165745.68 rows=1 width=84) (actual time=0.035..0.585 rows=480 loops=1)
                           Filter: ((unix_time >= '1685451541.212'::double precision) AND (unix_time <= '1685451601.212'::double precision) AND st_dwithin(st_transform(the_geom, 25833), '0101000020E964000088D06AA3D2E123417DB47FBACA0B5741'::geometry, '300'::double precision))
                           Rows Removed by Filter: 3180
   ->  Subquery Scan on "*SELECT* 2574"  (cost=165745.69..165745.70 rows=1 width=76) (actual time=0.653..0.654 rows=1 loops=1)
         ->  Limit  (cost=165745.69..165745.69 rows=1 width=84) (actual time=0.652..0.652 rows=1 loops=1)
               ->  Sort  (cost=165745.69..165745.69 rows=1 width=84) (actual time=0.649..0.649 rows=1 loops=1)
                     Sort Key: (st_distance(st_transform(s_2573.the_geom, 25833), '0101000020E96400005654A496D6E12341E9A99293C90B5741'::geometry))
                     Sort Method: top-N heapsort  Memory: 25kB
                     ->  Seq Scan on phoml_trajectory_tmp s_2573  (cost=0.00..165745.68 rows=1 width=84) (actual time=0.034..0.577 rows=480 loops=1)
                           Filter: ((unix_time >= '1685451541.552'::double precision) AND (unix_time <= '1685451601.552'::double precision) AND st_dwithin(st_transform(the_geom, 25833), '0101000020E96400005654A496D6E12341E9A99293C90B5741'::geometry, '300'::double precision))
                           Rows Removed by Filter: 3180
   ->  Subquery Scan on "*SELECT* 2575"  (cost=165745.69..165745.70 rows=1 width=76) (actual time=0.671..0.673 rows=1 loops=1)
         ->  Limit  (cost=165745.69..165745.69 rows=1 width=84) (actual time=0.668..0.669 rows=1 loops=1)
               ->  Sort  (cost=165745.69..165745.69 rows=1 width=84) (actual time=0.666..0.666 rows=1 loops=1)
                     Sort Key: (st_distance(st_transform(s_2574.the_geom, 25833), '0101000020E9640000DD07508FDAE123418FB1BC73C80B5741'::geometry))
                     Sort Method: top-N heapsort  Memory: 25kB
                     ->  Seq Scan on phoml_trajectory_tmp s_2574  (cost=0.00..165745.68 rows=1 width=84) (actual time=0.040..0.596 rows=480 loops=1)
                           Filter: ((unix_time >= '1685451541.882'::double precision) AND (unix_time <= '1685451601.882'::double precision) AND st_dwithin(st_transform(the_geom, 25833), '0101000020E9640000DD07508FDAE123418FB1BC73C80B5741'::geometry, '300'::double precision))
                           Rows Removed by Filter: 3180
   ->  Subquery Scan on "*SELECT* 2576"  (cost=165745.69..165745.70 rows=1 width=76) (actual time=0.669..0.670 rows=1 loops=1)
         ->  Limit  (cost=165745.69..165745.69 rows=1 width=84) (actual time=0.666..0.667 rows=1 loops=1)
               ->  Sort  (cost=165745.69..165745.69 rows=1 width=84) (actual time=0.664..0.664 rows=1 loops=1)
                     Sort Key: (st_distance(st_transform(s_2575.the_geom, 25833), '0101000020E964000048E3B99EDEE12341987DB645C70B5741'::geometry))
                     Sort Method: top-N heapsort  Memory: 25kB
                     ->  Seq Scan on phoml_trajectory_tmp s_2575  (cost=0.00..165745.68 rows=1 width=84) (actual time=0.036..0.593 rows=480 loops=1)
                           Filter: ((unix_time >= '1685451542.233'::double precision) AND (unix_time <= '1685451602.233'::double precision) AND st_dwithin(st_transform(the_geom, 25833), '0101000020E964000048E3B99EDEE12341987DB645C70B5741'::geometry, '300'::double precision))
                           Rows Removed by Filter: 3180
   ->  Subquery Scan on "*SELECT* 2577"  (cost=165745.69..165745.70 rows=1 width=76) (actual time=0.638..0.639 rows=1 loops=1)
         ->  Limit  (cost=165745.69..165745.69 rows=1 width=84) (actual time=0.637..0.637 rows=1 loops=1)
               ->  Sort  (cost=165745.69..165745.69 rows=1 width=84) (actual time=0.635..0.635 rows=1 loops=1)
                     Sort Key: (st_distance(st_transform(s_2576.the_geom, 25833), '0101000020E9640000B514BD8DE2E12341B0187C25C60B5741'::geometry))
                     Sort Method: top-N heapsort  Memory: 25kB
                     ->  Seq Scan on phoml_trajectory_tmp s_2576  (cost=0.00..165745.68 rows=1 width=84) (actual time=0.035..0.566 rows=480 loops=1)
                           Filter: ((unix_time >= '1685451542.563'::double precision) AND (unix_time <= '1685451602.563'::double precision) AND st_dwithin(st_transform(the_geom, 25833), '0101000020E9640000B514BD8DE2E12341B0187C25C60B5741'::geometry, '300'::double precision))
                           Rows Removed by Filter: 3180
   ->  Subquery Scan on "*SELECT* 2578"  (cost=165745.69..165745.70 rows=1 width=76) (actual time=0.663..0.664 rows=1 loops=1)
         ->  Limit  (cost=165745.69..165745.69 rows=1 width=84) (actual time=0.660..0.661 rows=1 loops=1)
               ->  Sort  (cost=165745.69..165745.69 rows=1 width=84) (actual time=0.658..0.658 rows=1 loops=1)
                     Sort Key: (st_distance(st_transform(s_2577.the_geom, 25833), '0101000020E964000010CEBC7AE6E123411408D0FDC40B5741'::geometry))
                     Sort Method: top-N heapsort  Memory: 25kB
                     ->  Seq Scan on phoml_trajectory_tmp s_2577  (cost=0.00..165745.68 rows=1 width=84) (actual time=0.033..0.590 rows=480 loops=1)
                           Filter: ((unix_time >= '1685451542.903'::double precision) AND (unix_time <= '1685451602.903'::double precision) AND st_dwithin(st_transform(the_geom, 25833), '0101000020E964000010CEBC7AE6E123411408D0FDC40B5741'::geometry, '300'::double precision))
                           Rows Removed by Filter: 3180
   ->  Subquery Scan on "*SELECT* 2579"  (cost=165745.69..165745.70 rows=1 width=76) (actual time=0.650..0.651 rows=1 loops=1)
         ->  Limit  (cost=165745.69..165745.69 rows=1 width=84) (actual time=0.646..0.647 rows=1 loops=1)
               ->  Sort  (cost=165745.69..165745.69 rows=1 width=84) (actual time=0.644..0.645 rows=1 loops=1)
                     Sort Key: (st_distance(st_transform(s_2578.the_geom, 25833), '0101000020E96400005E6ABA76EAE12341CC573DD7C30B5741'::geometry))
                     Sort Method: top-N heapsort  Memory: 25kB
                     ->  Seq Scan on phoml_trajectory_tmp s_2578  (cost=0.00..165745.68 rows=1 width=84) (actual time=0.038..0.571 rows=480 loops=1)
                           Filter: ((unix_time >= '1685451543.24'::double precision) AND (unix_time <= '1685451603.24'::double precision) AND st_dwithin(st_transform(the_geom, 25833), '0101000020E96400005E6ABA76EAE12341CC573DD7C30B5741'::geometry, '300'::double precision))
                           Rows Removed by Filter: 3180
   ->  Subquery Scan on "*SELECT* 2580"  (cost=165745.69..165745.70 rows=1 width=76) (actual time=0.629..0.630 rows=1 loops=1)
         ->  Limit  (cost=165745.69..165745.69 rows=1 width=84) (actual time=0.627..0.628 rows=1 loops=1)
               ->  Sort  (cost=165745.69..165745.69 rows=1 width=84) (actual time=0.625..0.625 rows=1 loops=1)
                     Sort Key: (st_distance(st_transform(s_2579.the_geom, 25833), '0101000020E96400005569B064EEE1234167B112B0C20B5741'::geometry))
                     Sort Method: top-N heapsort  Memory: 25kB
                     ->  Seq Scan on phoml_trajectory_tmp s_2579  (cost=0.00..165745.68 rows=1 width=84) (actual time=0.036..0.557 rows=480 loops=1)
                           Filter: ((unix_time >= '1685451543.58'::double precision) AND (unix_time <= '1685451603.58'::double precision) AND st_dwithin(st_transform(the_geom, 25833), '0101000020E96400005569B064EEE1234167B112B0C20B5741'::geometry, '300'::double precision))
                           Rows Removed by Filter: 3180
   ->  Subquery Scan on "*SELECT* 2581"  (cost=165745.69..165745.70 rows=1 width=76) (actual time=0.637..0.638 rows=1 loops=1)
         ->  Limit  (cost=165745.69..165745.69 rows=1 width=84) (actual time=0.633..0.634 rows=1 loops=1)
               ->  Sort  (cost=165745.69..165745.69 rows=1 width=84) (actual time=0.630..0.631 rows=1 loops=1)
                     Sort Key: (st_distance(st_transform(s_2580.the_geom, 25833), '0101000020E9640000AB3D033FF2E123417B8EA990C10B5741'::geometry))
                     Sort Method: top-N heapsort  Memory: 25kB
                     ->  Seq Scan on phoml_trajectory_tmp s_2580  (cost=0.00..165745.68 rows=1 width=84) (actual time=0.034..0.562 rows=480 loops=1)
                           Filter: ((unix_time >= '1685451543.91'::double precision) AND (unix_time <= '1685451603.91'::double precision) AND st_dwithin(st_transform(the_geom, 25833), '0101000020E9640000AB3D033FF2E123417B8EA990C10B5741'::geometry, '300'::double precision))
                           Rows Removed by Filter: 3180
   ->  Subquery Scan on "*SELECT* 2582"  (cost=165745.69..165745.70 rows=1 width=76) (actual time=0.643..0.644 rows=1 loops=1)
         ->  Limit  (cost=165745.69..165745.69 rows=1 width=84) (actual time=0.639..0.640 rows=1 loops=1)
               ->  Sort  (cost=165745.69..165745.69 rows=1 width=84) (actual time=0.637..0.638 rows=1 loops=1)
                     Sort Key: (st_distance(st_transform(s_2581.the_geom, 25833), '0101000020E9640000680D2253F6E1234186E1C069C00B5741'::geometry))
                     Sort Method: top-N heapsort  Memory: 25kB
                     ->  Seq Scan on phoml_trajectory_tmp s_2581  (cost=0.00..165745.68 rows=1 width=84) (actual time=0.037..0.569 rows=480 loops=1)
                           Filter: ((unix_time >= '1685451544.255'::double precision) AND (unix_time <= '1685451604.255'::double precision) AND st_dwithin(st_transform(the_geom, 25833), '0101000020E9640000680D2253F6E1234186E1C069C00B5741'::geometry, '300'::double precision))
                           Rows Removed by Filter: 3180
   ->  Subquery Scan on "*SELECT* 2583"  (cost=165745.69..165745.70 rows=1 width=76) (actual time=0.665..0.666 rows=1 loops=1)
         ->  Limit  (cost=165745.69..165745.69 rows=1 width=84) (actual time=0.663..0.664 rows=1 loops=1)
               ->  Sort  (cost=165745.69..165745.69 rows=1 width=84) (actual time=0.661..0.661 rows=1 loops=1)
                     Sort Key: (st_distance(st_transform(s_2582.the_geom, 25833), '0101000020E9640000602F2A71FAE1234116D12C3CBF0B5741'::geometry))
                     Sort Method: top-N heapsort  Memory: 25kB
                     ->  Seq Scan on phoml_trajectory_tmp s_2582  (cost=0.00..165745.68 rows=1 width=84) (actual time=0.052..0.592 rows=480 loops=1)
                           Filter: ((unix_time >= '1685451544.605'::double precision) AND (unix_time <= '1685451604.605'::double precision) AND st_dwithin(st_transform(the_geom, 25833), '0101000020E9640000602F2A71FAE1234116D12C3CBF0B5741'::geometry, '300'::double precision))
                           Rows Removed by Filter: 3180
   ->  Subquery Scan on "*SELECT* 2584"  (cost=165745.69..165745.70 rows=1 width=76) (actual time=0.652..0.653 rows=1 loops=1)
         ->  Limit  (cost=165745.69..165745.69 rows=1 width=84) (actual time=0.648..0.649 rows=1 loops=1)
               ->  Sort  (cost=165745.69..165745.69 rows=1 width=84) (actual time=0.646..0.647 rows=1 loops=1)
                     Sort Key: (st_distance(st_transform(s_2583.the_geom, 25833), '0101000020E964000060547B5BFEE123412A1CC014BE0B5741'::geometry))
                     Sort Method: top-N heapsort  Memory: 25kB
                     ->  Seq Scan on phoml_trajectory_tmp s_2583  (cost=0.00..165745.68 rows=1 width=84) (actual time=0.035..0.571 rows=480 loops=1)
                           Filter: ((unix_time >= '1685451544.945'::double precision) AND (unix_time <= '1685451604.945'::double precision) AND st_dwithin(st_transform(the_geom, 25833), '0101000020E964000060547B5BFEE123412A1CC014BE0B5741'::geometry, '300'::double precision))
                           Rows Removed by Filter: 3180
   ->  Subquery Scan on "*SELECT* 2585"  (cost=165745.69..165745.70 rows=1 width=76) (actual time=0.640..0.642 rows=1 loops=1)
         ->  Limit  (cost=165745.69..165745.69 rows=1 width=84) (actual time=0.636..0.638 rows=1 loops=1)
               ->  Sort  (cost=165745.69..165745.69 rows=1 width=84) (actual time=0.634..0.635 rows=1 loops=1)
                     Sort Key: (st_distance(st_transform(s_2584.the_geom, 25833), '0101000020E9640000B009094D02E2234176A3FEF4BC0B5741'::geometry))
                     Sort Method: top-N heapsort  Memory: 25kB
                     ->  Seq Scan on phoml_trajectory_tmp s_2584  (cost=0.00..165745.68 rows=1 width=84) (actual time=0.037..0.567 rows=480 loops=1)
                           Filter: ((unix_time >= '1685451545.283'::double precision) AND (unix_time <= '1685451605.283'::double precision) AND st_dwithin(st_transform(the_geom, 25833), '0101000020E9640000B009094D02E2234176A3FEF4BC0B5741'::geometry, '300'::double precision))
                           Rows Removed by Filter: 3180
   ->  Subquery Scan on "*SELECT* 2586"  (cost=165745.69..165745.70 rows=1 width=76) (actual time=0.634..0.635 rows=1 loops=1)
         ->  Limit  (cost=165745.69..165745.69 rows=1 width=84) (actual time=0.631..0.632 rows=1 loops=1)
               ->  Sort  (cost=165745.69..165745.69 rows=1 width=84) (actual time=0.629..0.630 rows=1 loops=1)
                     Sort Key: (st_distance(st_transform(s_2585.the_geom, 25833), '0101000020E9640000881D154506E22341956A2CCEBB0B5741'::geometry))
                     Sort Method: top-N heapsort  Memory: 25kB
                     ->  Seq Scan on phoml_trajectory_tmp s_2585  (cost=0.00..165745.68 rows=1 width=84) (actual time=0.036..0.562 rows=480 loops=1)
                           Filter: ((unix_time >= '1685451545.623'::double precision) AND (unix_time <= '1685451605.623'::double precision) AND st_dwithin(st_transform(the_geom, 25833), '0101000020E9640000881D154506E22341956A2CCEBB0B5741'::geometry, '300'::double precision))
                           Rows Removed by Filter: 3180
   ->  Subquery Scan on "*SELECT* 2587"  (cost=165745.69..165745.70 rows=1 width=76) (actual time=0.633..0.634 rows=1 loops=1)
         ->  Limit  (cost=165745.69..165745.69 rows=1 width=84) (actual time=0.630..0.631 rows=1 loops=1)
               ->  Sort  (cost=165745.69..165745.69 rows=1 width=84) (actual time=0.628..0.628 rows=1 loops=1)
                     Sort Key: (st_distance(st_transform(s_2586.the_geom, 25833), '0101000020E9640000A32984550AE223410C75E19FBA0B5741'::geometry))
                     Sort Method: top-N heapsort  Memory: 25kB
                     ->  Seq Scan on phoml_trajectory_tmp s_2586  (cost=0.00..165745.68 rows=1 width=84) (actual time=0.035..0.561 rows=480 loops=1)
                           Filter: ((unix_time >= '1685451545.973'::double precision) AND (unix_time <= '1685451605.973'::double precision) AND st_dwithin(st_transform(the_geom, 25833), '0101000020E9640000A32984550AE223410C75E19FBA0B5741'::geometry, '300'::double precision))
                           Rows Removed by Filter: 3180
   ->  Subquery Scan on "*SELECT* 2588"  (cost=165745.69..165745.70 rows=1 width=76) (actual time=0.641..0.642 rows=1 loops=1)
         ->  Limit  (cost=165745.69..165745.69 rows=1 width=84) (actual time=0.638..0.638 rows=1 loops=1)
               ->  Sort  (cost=165745.69..165745.69 rows=1 width=84) (actual time=0.636..0.636 rows=1 loops=1)
                     Sort Key: (st_distance(st_transform(s_2587.the_geom, 25833), '0101000020E96400009F21DB4E0EE223410098D580B90B5741'::geometry))
                     Sort Method: top-N heapsort  Memory: 25kB
                     ->  Seq Scan on phoml_trajectory_tmp s_2587  (cost=0.00..165745.68 rows=1 width=84) (actual time=0.037..0.567 rows=480 loops=1)
                           Filter: ((unix_time >= '1685451546.307'::double precision) AND (unix_time <= '1685451606.307'::double precision) AND st_dwithin(st_transform(the_geom, 25833), '0101000020E96400009F21DB4E0EE223410098D580B90B5741'::geometry, '300'::double precision))
                           Rows Removed by Filter: 3180
   ->  Subquery Scan on "*SELECT* 2589"  (cost=165745.69..165745.70 rows=1 width=76) (actual time=0.636..0.637 rows=1 loops=1)
         ->  Limit  (cost=165745.69..165745.69 rows=1 width=84) (actual time=0.634..0.635 rows=1 loops=1)
               ->  Sort  (cost=165745.69..165745.69 rows=1 width=84) (actual time=0.632..0.633 rows=1 loops=1)
                     Sort Key: (st_distance(st_transform(s_2588.the_geom, 25833), '0101000020E96400009C86F06712E22341DC21095AB80B5741'::geometry))
                     Sort Method: top-N heapsort  Memory: 25kB
                     ->  Seq Scan on phoml_trajectory_tmp s_2588  (cost=0.00..165745.68 rows=1 width=84) (actual time=0.035..0.564 rows=480 loops=1)
                           Filter: ((unix_time >= '1685451546.647'::double precision) AND (unix_time <= '1685451606.647'::double precision) AND st_dwithin(st_transform(the_geom, 25833), '0101000020E96400009C86F06712E22341DC21095AB80B5741'::geometry, '300'::double precision))
                           Rows Removed by Filter: 3180
   ->  Subquery Scan on "*SELECT* 2590"  (cost=165745.69..165745.70 rows=1 width=76) (actual time=0.634..0.635 rows=1 loops=1)
         ->  Limit  (cost=165745.69..165745.69 rows=1 width=84) (actual time=0.631..0.631 rows=1 loops=1)
               ->  Sort  (cost=165745.69..165745.69 rows=1 width=84) (actual time=0.629..0.629 rows=1 loops=1)
                     Sort Key: (st_distance(st_transform(s_2589.the_geom, 25833), '0101000020E96400003E80005E16E22341A0FD3C33B70B5741'::geometry))
                     Sort Method: top-N heapsort  Memory: 25kB
                     ->  Seq Scan on phoml_trajectory_tmp s_2589  (cost=0.00..165745.68 rows=1 width=84) (actual time=0.034..0.560 rows=480 loops=1)
                           Filter: ((unix_time >= '1685451546.987'::double precision) AND (unix_time <= '1685451606.987'::double precision) AND st_dwithin(st_transform(the_geom, 25833), '0101000020E96400003E80005E16E22341A0FD3C33B70B5741'::geometry, '300'::double precision))
                           Rows Removed by Filter: 3180
   ->  Subquery Scan on "*SELECT* 2591"  (cost=165745.69..165745.70 rows=1 width=76) (actual time=0.650..0.652 rows=1 loops=1)
         ->  Limit  (cost=165745.69..165745.69 rows=1 width=84) (actual time=0.643..0.644 rows=1 loops=1)
               ->  Sort  (cost=165745.69..165745.69 rows=1 width=84) (actual time=0.641..0.642 rows=1 loops=1)
                     Sort Key: (st_distance(st_transform(s_2590.the_geom, 25833), '0101000020E964000065201F531AE2234120D0D213B60B5741'::geometry))
                     Sort Method: top-N heapsort  Memory: 25kB
                     ->  Seq Scan on phoml_trajectory_tmp s_2590  (cost=0.00..165745.68 rows=1 width=84) (actual time=0.036..0.572 rows=480 loops=1)
                           Filter: ((unix_time >= '1685451547.323'::double precision) AND (unix_time <= '1685451607.323'::double precision) AND st_dwithin(st_transform(the_geom, 25833), '0101000020E964000065201F531AE2234120D0D213B60B5741'::geometry, '300'::double precision))
                           Rows Removed by Filter: 3180
   ->  Subquery Scan on "*SELECT* 2592"  (cost=165745.69..165745.70 rows=1 width=76) (actual time=0.666..0.667 rows=1 loops=1)
         ->  Limit  (cost=165745.69..165745.69 rows=1 width=84) (actual time=0.664..0.665 rows=1 loops=1)
               ->  Sort  (cost=165745.69..165745.69 rows=1 width=84) (actual time=0.662..0.662 rows=1 loops=1)
                     Sort Key: (st_distance(st_transform(s_2591.the_geom, 25833), '0101000020E96400000054FD6F1EE2234134B0E8E5B40B5741'::geometry))
                     Sort Method: top-N heapsort  Memory: 25kB
                     ->  Seq Scan on phoml_trajectory_tmp s_2591  (cost=0.00..165745.68 rows=1 width=84) (actual time=0.062..0.592 rows=480 loops=1)
                           Filter: ((unix_time >= '1685451547.673'::double precision) AND (unix_time <= '1685451607.673'::double precision) AND st_dwithin(st_transform(the_geom, 25833), '0101000020E96400000054FD6F1EE2234134B0E8E5B40B5741'::geometry, '300'::double precision))
                           Rows Removed by Filter: 3180
   ->  Subquery Scan on "*SELECT* 2593"  (cost=165745.69..165745.70 rows=1 width=76) (actual time=0.645..0.646 rows=1 loops=1)
         ->  Limit  (cost=165745.69..165745.69 rows=1 width=84) (actual time=0.642..0.643 rows=1 loops=1)
               ->  Sort  (cost=165745.69..165745.69 rows=1 width=84) (actual time=0.640..0.641 rows=1 loops=1)
                     Sort Key: (st_distance(st_transform(s_2592.the_geom, 25833), '0101000020E9640000D12C996A22E2234168EE45C7B30B5741'::geometry))
                     Sort Method: top-N heapsort  Memory: 25kB
                     ->  Seq Scan on phoml_trajectory_tmp s_2592  (cost=0.00..165745.68 rows=1 width=84) (actual time=0.040..0.573 rows=480 loops=1)
                           Filter: ((unix_time >= '1685451548.003'::double precision) AND (unix_time <= '1685451608.003'::double precision) AND st_dwithin(st_transform(the_geom, 25833), '0101000020E9640000D12C996A22E2234168EE45C7B30B5741'::geometry, '300'::double precision))
                           Rows Removed by Filter: 3180
   ->  Subquery Scan on "*SELECT* 2594"  (cost=165745.69..165745.70 rows=1 width=76) (actual time=0.682..0.683 rows=1 loops=1)
         ->  Limit  (cost=165745.69..165745.69 rows=1 width=84) (actual time=0.678..0.679 rows=1 loops=1)
               ->  Sort  (cost=165745.69..165745.69 rows=1 width=84) (actual time=0.675..0.676 rows=1 loops=1)
                     Sort Key: (st_distance(st_transform(s_2593.the_geom, 25833), '0101000020E96400001AD49B8226E22341CF929099B20B5741'::geometry))
                     Sort Method: top-N heapsort  Memory: 25kB
                     ->  Seq Scan on phoml_trajectory_tmp s_2593  (cost=0.00..165745.68 rows=1 width=84) (actual time=0.036..0.602 rows=484 loops=1)
                           Filter: ((unix_time >= '1685451548.349'::double precision) AND (unix_time <= '1685451608.349'::double precision) AND st_dwithin(st_transform(the_geom, 25833), '0101000020E96400001AD49B8226E22341CF929099B20B5741'::geometry, '300'::double precision))
                           Rows Removed by Filter: 3176
   ->  Subquery Scan on "*SELECT* 2595"  (cost=165745.69..165745.70 rows=1 width=76) (actual time=0.635..0.636 rows=1 loops=1)
         ->  Limit  (cost=165745.69..165745.69 rows=1 width=84) (actual time=0.633..0.634 rows=1 loops=1)
               ->  Sort  (cost=165745.69..165745.69 rows=1 width=84) (actual time=0.631..0.632 rows=1 loops=1)
                     Sort Key: (st_distance(st_transform(s_2594.the_geom, 25833), '0101000020E9640000AD7E9D752AE223415B8E8A79B10B5741'::geometry))
                     Sort Method: top-N heapsort  Memory: 25kB
                     ->  Seq Scan on phoml_trajectory_tmp s_2594  (cost=0.00..165745.68 rows=1 width=84) (actual time=0.039..0.563 rows=484 loops=1)
                           Filter: ((unix_time >= '1685451548.679'::double precision) AND (unix_time <= '1685451608.679'::double precision) AND st_dwithin(st_transform(the_geom, 25833), '0101000020E9640000AD7E9D752AE223415B8E8A79B10B5741'::geometry, '300'::double precision))
                           Rows Removed by Filter: 3176
   ->  Subquery Scan on "*SELECT* 2596"  (cost=165745.69..165745.70 rows=1 width=76) (actual time=0.649..0.650 rows=1 loops=1)
         ->  Limit  (cost=165745.69..165745.69 rows=1 width=84) (actual time=0.646..0.646 rows=1 loops=1)
               ->  Sort  (cost=165745.69..165745.69 rows=1 width=84) (actual time=0.644..0.644 rows=1 loops=1)
                     Sort Key: (st_distance(st_transform(s_2595.the_geom, 25833), '0101000020E9640000AA4292922EE22341DE33895AB00B5741'::geometry))
                     Sort Method: top-N heapsort  Memory: 25kB
                     ->  Seq Scan on phoml_trajectory_tmp s_2595  (cost=0.00..165745.68 rows=1 width=84) (actual time=0.037..0.574 rows=484 loops=1)
                           Filter: ((unix_time >= '1685451549.009'::double precision) AND (unix_time <= '1685451609.009'::double precision) AND st_dwithin(st_transform(the_geom, 25833), '0101000020E9640000AA4292922EE22341DE33895AB00B5741'::geometry, '300'::double precision))
                           Rows Removed by Filter: 3176
   ->  Subquery Scan on "*SELECT* 2597"  (cost=165745.69..165745.70 rows=1 width=76) (actual time=0.649..0.651 rows=1 loops=1)
         ->  Limit  (cost=165745.69..165745.69 rows=1 width=84) (actual time=0.646..0.647 rows=1 loops=1)
               ->  Sort  (cost=165745.69..165745.69 rows=1 width=84) (actual time=0.644..0.644 rows=1 loops=1)
                     Sort Key: (st_distance(st_transform(s_2596.the_geom, 25833), '0101000020E9640000056361C532E22341CAB9F42DAF0B5741'::geometry))
                     Sort Method: top-N heapsort  Memory: 25kB
                     ->  Seq Scan on phoml_trajectory_tmp s_2596  (cost=0.00..165745.68 rows=1 width=84) (actual time=0.037..0.575 rows=484 loops=1)
                           Filter: ((unix_time >= '1685451549.355'::double precision) AND (unix_time <= '1685451609.355'::double precision) AND st_dwithin(st_transform(the_geom, 25833), '0101000020E9640000056361C532E22341CAB9F42DAF0B5741'::geometry, '300'::double precision))
                           Rows Removed by Filter: 3176
   ->  Subquery Scan on "*SELECT* 2598"  (cost=165745.69..165745.70 rows=1 width=76) (actual time=0.626..0.627 rows=1 loops=1)
         ->  Limit  (cost=165745.69..165745.69 rows=1 width=84) (actual time=0.624..0.625 rows=1 loops=1)
               ->  Sort  (cost=165745.69..165745.69 rows=1 width=84) (actual time=0.622..0.622 rows=1 loops=1)
                     Sort Key: (st_distance(st_transform(s_2597.the_geom, 25833), '0101000020E96400006511E3B636E2234113AED715AE0B5741'::geometry))
                     Sort Method: top-N heapsort  Memory: 25kB
                     ->  Seq Scan on phoml_trajectory_tmp s_2597  (cost=0.00..165745.68 rows=1 width=84) (actual time=0.036..0.550 rows=484 loops=1)
                           Filter: ((unix_time >= '1685451549.675'::double precision) AND (unix_time <= '1685451609.675'::double precision) AND st_dwithin(st_transform(the_geom, 25833), '0101000020E96400006511E3B636E2234113AED715AE0B5741'::geometry, '300'::double precision))
                           Rows Removed by Filter: 3176
   ->  Subquery Scan on "*SELECT* 2599"  (cost=165745.69..165745.70 rows=1 width=76) (actual time=0.711..0.712 rows=1 loops=1)
         ->  Limit  (cost=165745.69..165745.69 rows=1 width=84) (actual time=0.708..0.708 rows=1 loops=1)
               ->  Sort  (cost=165745.69..165745.69 rows=1 width=84) (actual time=0.705..0.706 rows=1 loops=1)
                     Sort Key: (st_distance(st_transform(s_2598.the_geom, 25833), '0101000020E96400001002130A3BE22341D15129E9AC0B5741'::geometry))
                     Sort Method: top-N heapsort  Memory: 25kB
                     ->  Seq Scan on phoml_trajectory_tmp s_2598  (cost=0.00..165745.68 rows=1 width=84) (actual time=0.111..0.638 rows=484 loops=1)
                           Filter: ((unix_time >= '1685451550.025'::double precision) AND (unix_time <= '1685451610.025'::double precision) AND st_dwithin(st_transform(the_geom, 25833), '0101000020E96400001002130A3BE22341D15129E9AC0B5741'::geometry, '300'::double precision))
                           Rows Removed by Filter: 3176
   ->  Subquery Scan on "*SELECT* 2600"  (cost=165745.69..165745.70 rows=1 width=76) (actual time=0.658..0.659 rows=1 loops=1)
         ->  Limit  (cost=165745.69..165745.69 rows=1 width=84) (actual time=0.654..0.654 rows=1 loops=1)
               ->  Sort  (cost=165745.69..165745.69 rows=1 width=84) (actual time=0.652..0.652 rows=1 loops=1)
                     Sort Key: (st_distance(st_transform(s_2599.the_geom, 25833), '0101000020E964000046B35A0A3FE223419E8109C3AB0B5741'::geometry))
                     Sort Method: top-N heapsort  Memory: 25kB
                     ->  Seq Scan on phoml_trajectory_tmp s_2599  (cost=0.00..165745.68 rows=1 width=84) (actual time=0.039..0.577 rows=484 loops=1)
                           Filter: ((unix_time >= '1685451550.358'::double precision) AND (unix_time <= '1685451610.358'::double precision) AND st_dwithin(st_transform(the_geom, 25833), '0101000020E964000046B35A0A3FE223419E8109C3AB0B5741'::geometry, '300'::double precision))
                           Rows Removed by Filter: 3176
   ->  Subquery Scan on "*SELECT* 2601"  (cost=165745.69..165745.70 rows=1 width=76) (actual time=0.642..0.644 rows=1 loops=1)
         ->  Limit  (cost=165745.69..165745.69 rows=1 width=84) (actual time=0.640..0.641 rows=1 loops=1)
               ->  Sort  (cost=165745.69..165745.69 rows=1 width=84) (actual time=0.638..0.638 rows=1 loops=1)
                     Sort Key: (st_distance(st_transform(s_2600.the_geom, 25833), '0101000020E964000023BACA0143E22341A53332A2AA0B5741'::geometry))
                     Sort Method: top-N heapsort  Memory: 25kB
                     ->  Seq Scan on phoml_trajectory_tmp s_2600  (cost=0.00..165745.68 rows=1 width=84) (actual time=0.040..0.568 rows=488 loops=1)
                           Filter: ((unix_time >= '1685451550.688'::double precision) AND (unix_time <= '1685451610.688'::double precision) AND st_dwithin(st_transform(the_geom, 25833), '0101000020E964000023BACA0143E22341A53332A2AA0B5741'::geometry, '300'::double precision))
                           Rows Removed by Filter: 3172
   ->  Subquery Scan on "*SELECT* 2602"  (cost=165745.69..165745.70 rows=1 width=76) (actual time=0.648..0.649 rows=1 loops=1)
         ->  Limit  (cost=165745.69..165745.69 rows=1 width=84) (actual time=0.644..0.645 rows=1 loops=1)
               ->  Sort  (cost=165745.69..165745.69 rows=1 width=84) (actual time=0.643..0.643 rows=1 loops=1)
                     Sort Key: (st_distance(st_transform(s_2601.the_geom, 25833), '0101000020E9640000F63EF43747E22341ACBB4C7BA90B5741'::geometry))
                     Sort Method: top-N heapsort  Memory: 25kB
                     ->  Seq Scan on phoml_trajectory_tmp s_2601  (cost=0.00..165745.68 rows=1 width=84) (actual time=0.039..0.574 rows=488 loops=1)
                           Filter: ((unix_time >= '1685451551.028'::double precision) AND (unix_time <= '1685451611.028'::double precision) AND st_dwithin(st_transform(the_geom, 25833), '0101000020E9640000F63EF43747E22341ACBB4C7BA90B5741'::geometry, '300'::double precision))
                           Rows Removed by Filter: 3172
   ->  Subquery Scan on "*SELECT* 2603"  (cost=165745.69..165745.70 rows=1 width=76) (actual time=0.655..0.656 rows=1 loops=1)
         ->  Limit  (cost=165745.69..165745.69 rows=1 width=84) (actual time=0.651..0.652 rows=1 loops=1)
               ->  Sort  (cost=165745.69..165745.69 rows=1 width=84) (actual time=0.649..0.649 rows=1 loops=1)
                     Sort Key: (st_distance(st_transform(s_2602.the_geom, 25833), '0101000020E9640000623EECFF4AE22341B3414A52A80B5741'::geometry))
                     Sort Method: top-N heapsort  Memory: 25kB
                     ->  Seq Scan on phoml_trajectory_tmp s_2602  (cost=0.00..165745.68 rows=1 width=84) (actual time=0.041..0.579 rows=488 loops=1)
                           Filter: ((unix_time >= '1685451551.358'::double precision) AND (unix_time <= '1685451611.358'::double precision) AND st_dwithin(st_transform(the_geom, 25833), '0101000020E9640000623EECFF4AE22341B3414A52A80B5741'::geometry, '300'::double precision))
                           Rows Removed by Filter: 3172
   ->  Subquery Scan on "*SELECT* 2604"  (cost=165745.69..165745.70 rows=1 width=76) (actual time=0.638..0.640 rows=1 loops=1)
         ->  Limit  (cost=165745.69..165745.69 rows=1 width=84) (actual time=0.636..0.637 rows=1 loops=1)
               ->  Sort  (cost=165745.69..165745.69 rows=1 width=84) (actual time=0.634..0.635 rows=1 loops=1)
                     Sort Key: (st_distance(st_transform(s_2603.the_geom, 25833), '0101000020E9640000A1E53AF04EE22341CA5BE328A70B5741'::geometry))
                     Sort Method: top-N heapsort  Memory: 25kB
                     ->  Seq Scan on phoml_trajectory_tmp s_2603  (cost=0.00..165745.68 rows=1 width=84) (actual time=0.040..0.567 rows=488 loops=1)
                           Filter: ((unix_time >= '1685451551.698'::double precision) AND (unix_time <= '1685451611.698'::double precision) AND st_dwithin(st_transform(the_geom, 25833), '0101000020E9640000A1E53AF04EE22341CA5BE328A70B5741'::geometry, '300'::double precision))
                           Rows Removed by Filter: 3172
   ->  Subquery Scan on "*SELECT* 2605"  (cost=165745.69..165745.70 rows=1 width=76) (actual time=0.670..0.671 rows=1 loops=1)
         ->  Limit  (cost=165745.69..165745.69 rows=1 width=84) (actual time=0.666..0.667 rows=1 loops=1)
               ->  Sort  (cost=165745.69..165745.69 rows=1 width=84) (actual time=0.665..0.665 rows=1 loops=1)
                     Sort Key: (st_distance(st_transform(s_2604.the_geom, 25833), '0101000020E9640000D7833AE252E223418F59F3FFA50B5741'::geometry))
                     Sort Method: top-N heapsort  Memory: 25kB
                     ->  Seq Scan on phoml_trajectory_tmp s_2604  (cost=0.00..165745.68 rows=1 width=84) (actual time=0.041..0.594 rows=488 loops=1)
                           Filter: ((unix_time >= '1685451552.028'::double precision) AND (unix_time <= '1685451612.028'::double precision) AND st_dwithin(st_transform(the_geom, 25833), '0101000020E9640000D7833AE252E223418F59F3FFA50B5741'::geometry, '300'::double precision))
                           Rows Removed by Filter: 3172
   ->  Subquery Scan on "*SELECT* 2606"  (cost=165745.69..165745.70 rows=1 width=76) (actual time=0.649..0.650 rows=1 loops=1)
         ->  Limit  (cost=165745.69..165745.69 rows=1 width=84) (actual time=0.646..0.647 rows=1 loops=1)
               ->  Sort  (cost=165745.69..165745.69 rows=1 width=84) (actual time=0.643..0.644 rows=1 loops=1)
                     Sort Key: (st_distance(st_transform(s_2605.the_geom, 25833), '0101000020E96400007C5F569E56E22341D68A53D6A40B5741'::geometry))
                     Sort Method: top-N heapsort  Memory: 25kB
                     ->  Seq Scan on phoml_trajectory_tmp s_2605  (cost=0.00..165745.68 rows=1 width=84) (actual time=0.038..0.572 rows=488 loops=1)
                           Filter: ((unix_time >= '1685451552.365'::double precision) AND (unix_time <= '1685451612.365'::double precision) AND st_dwithin(st_transform(the_geom, 25833), '0101000020E96400007C5F569E56E22341D68A53D6A40B5741'::geometry, '300'::double precision))
                           Rows Removed by Filter: 3172
   ->  Subquery Scan on "*SELECT* 2607"  (cost=165745.69..165745.70 rows=1 width=76) (actual time=0.649..0.650 rows=1 loops=1)
         ->  Limit  (cost=165745.69..165745.69 rows=1 width=84) (actual time=0.646..0.647 rows=1 loops=1)
               ->  Sort  (cost=165745.69..165745.69 rows=1 width=84) (actual time=0.644..0.645 rows=1 loops=1)
                     Sort Key: (st_distance(st_transform(s_2606.the_geom, 25833), '0101000020E96400000D989B705AE2234112C69BB4A30B5741'::geometry))
                     Sort Method: top-N heapsort  Memory: 25kB
                     ->  Seq Scan on phoml_trajectory_tmp s_2606  (cost=0.00..165745.68 rows=1 width=84) (actual time=0.042..0.574 rows=488 loops=1)
                           Filter: ((unix_time >= '1685451552.695'::double precision) AND (unix_time <= '1685451612.695'::double precision) AND st_dwithin(st_transform(the_geom, 25833), '0101000020E96400000D989B705AE2234112C69BB4A30B5741'::geometry, '300'::double precision))
                           Rows Removed by Filter: 3172
   ->  Subquery Scan on "*SELECT* 2608"  (cost=165745.69..165745.70 rows=1 width=76) (actual time=0.670..0.671 rows=1 loops=1)
         ->  Limit  (cost=165745.69..165745.69 rows=1 width=84) (actual time=0.666..0.667 rows=1 loops=1)
               ->  Sort  (cost=165745.69..165745.69 rows=1 width=84) (actual time=0.664..0.665 rows=1 loops=1)
                     Sort Key: (st_distance(st_transform(s_2607.the_geom, 25833), '0101000020E9640000940815485EE223410056498CA20B5741'::geometry))
                     Sort Method: top-N heapsort  Memory: 25kB
                     ->  Seq Scan on phoml_trajectory_tmp s_2607  (cost=0.00..165745.68 rows=1 width=84) (actual time=0.040..0.597 rows=488 loops=1)
                           Filter: ((unix_time >= '1685451553.025'::double precision) AND (unix_time <= '1685451613.025'::double precision) AND st_dwithin(st_transform(the_geom, 25833), '0101000020E9640000940815485EE223410056498CA20B5741'::geometry, '300'::double precision))
                           Rows Removed by Filter: 3172
   ->  Subquery Scan on "*SELECT* 2609"  (cost=165745.69..165745.70 rows=1 width=76) (actual time=0.653..0.654 rows=1 loops=1)
         ->  Limit  (cost=165745.69..165745.69 rows=1 width=84) (actual time=0.649..0.650 rows=1 loops=1)
               ->  Sort  (cost=165745.69..165745.69 rows=1 width=84) (actual time=0.647..0.647 rows=1 loops=1)
                     Sort Key: (st_distance(st_transform(s_2608.the_geom, 25833), '0101000020E9640000A791A93E62E223412E8BC765A10B5741'::geometry))
                     Sort Method: top-N heapsort  Memory: 25kB
                     ->  Seq Scan on phoml_trajectory_tmp s_2608  (cost=0.00..165745.68 rows=1 width=84) (actual time=0.042..0.578 rows=488 loops=1)
                           Filter: ((unix_time >= '1685451553.36'::double precision) AND (unix_time <= '1685451613.36'::double precision) AND st_dwithin(st_transform(the_geom, 25833), '0101000020E9640000A791A93E62E223412E8BC765A10B5741'::geometry, '300'::double precision))
                           Rows Removed by Filter: 3172
   ->  Subquery Scan on "*SELECT* 2610"  (cost=165745.69..165745.70 rows=1 width=76) (actual time=0.639..0.640 rows=1 loops=1)
         ->  Limit  (cost=165745.69..165745.69 rows=1 width=84) (actual time=0.636..0.637 rows=1 loops=1)
               ->  Sort  (cost=165745.69..165745.69 rows=1 width=84) (actual time=0.634..0.635 rows=1 loops=1)
                     Sort Key: (st_distance(st_transform(s_2609.the_geom, 25833), '0101000020E9640000914B5C7C66E223419BD5CD39A00B5741'::geometry))
                     Sort Method: top-N heapsort  Memory: 25kB
                     ->  Seq Scan on phoml_trajectory_tmp s_2609  (cost=0.00..165745.68 rows=1 width=84) (actual time=0.038..0.564 rows=488 loops=1)
                           Filter: ((unix_time >= '1685451553.7'::double precision) AND (unix_time <= '1685451613.7'::double precision) AND st_dwithin(st_transform(the_geom, 25833), '0101000020E9640000914B5C7C66E223419BD5CD39A00B5741'::geometry, '300'::double precision))
                           Rows Removed by Filter: 3172
   ->  Subquery Scan on "*SELECT* 2611"  (cost=165745.69..165745.70 rows=1 width=76) (actual time=0.703..0.704 rows=1 loops=1)
         ->  Limit  (cost=165745.69..165745.69 rows=1 width=84) (actual time=0.698..0.699 rows=1 loops=1)
               ->  Sort  (cost=165745.69..165745.69 rows=1 width=84) (actual time=0.696..0.697 rows=1 loops=1)
                     Sort Key: (st_distance(st_transform(s_2610.the_geom, 25833), '0101000020E96400000720F98F6AE2234104BF0D1C9F0B5741'::geometry))
                     Sort Method: top-N heapsort  Memory: 25kB
                     ->  Seq Scan on phoml_trajectory_tmp s_2610  (cost=0.00..165745.68 rows=1 width=84) (actual time=0.041..0.623 rows=488 loops=1)
                           Filter: ((unix_time >= '1685451554.03'::double precision) AND (unix_time <= '1685451614.03'::double precision) AND st_dwithin(st_transform(the_geom, 25833), '0101000020E96400000720F98F6AE2234104BF0D1C9F0B5741'::geometry, '300'::double precision))
                           Rows Removed by Filter: 3172
   ->  Subquery Scan on "*SELECT* 2612"  (cost=165745.69..165745.70 rows=1 width=76) (actual time=0.668..0.669 rows=1 loops=1)
         ->  Limit  (cost=165745.69..165745.69 rows=1 width=84) (actual time=0.664..0.665 rows=1 loops=1)
               ->  Sort  (cost=165745.69..165745.69 rows=1 width=84) (actual time=0.662..0.663 rows=1 loops=1)
                     Sort Key: (st_distance(st_transform(s_2611.the_geom, 25833), '0101000020E9640000FF2C3FB86EE22341991F33F69D0B5741'::geometry))
                     Sort Method: top-N heapsort  Memory: 25kB
                     ->  Seq Scan on phoml_trajectory_tmp s_2611  (cost=0.00..165745.68 rows=1 width=84) (actual time=0.046..0.593 rows=488 loops=1)
                           Filter: ((unix_time >= '1685451554.365'::double precision) AND (unix_time <= '1685451614.365'::double precision) AND st_dwithin(st_transform(the_geom, 25833), '0101000020E9640000FF2C3FB86EE22341991F33F69D0B5741'::geometry, '300'::double precision))
                           Rows Removed by Filter: 3172
   ->  Subquery Scan on "*SELECT* 2613"  (cost=165745.69..165745.70 rows=1 width=76) (actual time=0.663..0.664 rows=1 loops=1)
         ->  Limit  (cost=165745.69..165745.69 rows=1 width=84) (actual time=0.659..0.660 rows=1 loops=1)
               ->  Sort  (cost=165745.69..165745.69 rows=1 width=84) (actual time=0.656..0.657 rows=1 loops=1)
                     Sort Key: (st_distance(st_transform(s_2612.the_geom, 25833), '0101000020E96400004BD4C6B072E22341BDC51DD79C0B5741'::geometry))
                     Sort Method: top-N heapsort  Memory: 25kB
                     ->  Seq Scan on phoml_trajectory_tmp s_2612  (cost=0.00..165745.68 rows=1 width=84) (actual time=0.054..0.586 rows=488 loops=1)
                           Filter: ((unix_time >= '1685451554.695'::double precision) AND (unix_time <= '1685451614.695'::double precision) AND st_dwithin(st_transform(the_geom, 25833), '0101000020E96400004BD4C6B072E22341BDC51DD79C0B5741'::geometry, '300'::double precision))
                           Rows Removed by Filter: 3172
   ->  Subquery Scan on "*SELECT* 2614"  (cost=165745.69..165745.70 rows=1 width=76) (actual time=0.653..0.654 rows=1 loops=1)
         ->  Limit  (cost=165745.69..165745.69 rows=1 width=84) (actual time=0.651..0.651 rows=1 loops=1)
               ->  Sort  (cost=165745.69..165745.69 rows=1 width=84) (actual time=0.649..0.649 rows=1 loops=1)
                     Sort Key: (st_distance(st_transform(s_2613.the_geom, 25833), '0101000020E9640000044532B276E223417279DEA79B0B5741'::geometry))
                     Sort Method: top-N heapsort  Memory: 25kB
                     ->  Seq Scan on phoml_trajectory_tmp s_2613  (cost=0.00..165745.68 rows=1 width=84) (actual time=0.041..0.578 rows=488 loops=1)
                           Filter: ((unix_time >= '1685451555.035'::double precision) AND (unix_time <= '1685451615.035'::double precision) AND st_dwithin(st_transform(the_geom, 25833), '0101000020E9640000044532B276E223417279DEA79B0B5741'::geometry, '300'::double precision))
                           Rows Removed by Filter: 3172
   ->  Subquery Scan on "*SELECT* 2615"  (cost=165745.69..165745.70 rows=1 width=76) (actual time=0.680..0.681 rows=1 loops=1)
         ->  Limit  (cost=165745.69..165745.69 rows=1 width=84) (actual time=0.675..0.676 rows=1 loops=1)
               ->  Sort  (cost=165745.69..165745.69 rows=1 width=84) (actual time=0.673..0.673 rows=1 loops=1)
                     Sort Key: (st_distance(st_transform(s_2614.the_geom, 25833), '0101000020E964000033627B7E7AE223412F08DC859A0B5741'::geometry))
                     Sort Method: top-N heapsort  Memory: 25kB
                     ->  Seq Scan on phoml_trajectory_tmp s_2614  (cost=0.00..165745.68 rows=1 width=84) (actual time=0.071..0.598 rows=488 loops=1)
                           Filter: ((unix_time >= '1685451555.371'::double precision) AND (unix_time <= '1685451615.371'::double precision) AND st_dwithin(st_transform(the_geom, 25833), '0101000020E964000033627B7E7AE223412F08DC859A0B5741'::geometry, '300'::double precision))
                           Rows Removed by Filter: 3172
   ->  Subquery Scan on "*SELECT* 2616"  (cost=165745.69..165745.70 rows=1 width=76) (actual time=0.653..0.654 rows=1 loops=1)
         ->  Limit  (cost=165745.69..165745.69 rows=1 width=84) (actual time=0.649..0.650 rows=1 loops=1)
               ->  Sort  (cost=165745.69..165745.69 rows=1 width=84) (actual time=0.647..0.648 rows=1 loops=1)
                     Sort Key: (st_distance(st_transform(s_2615.the_geom, 25833), '0101000020E9640000A194484E7EE223415E33205D990B5741'::geometry))
                     Sort Method: top-N heapsort  Memory: 25kB
                     ->  Seq Scan on phoml_trajectory_tmp s_2615  (cost=0.00..165745.68 rows=1 width=84) (actual time=0.043..0.577 rows=488 loops=1)
                           Filter: ((unix_time >= '1685451555.711'::double precision) AND (unix_time <= '1685451615.711'::double precision) AND st_dwithin(st_transform(the_geom, 25833), '0101000020E9640000A194484E7EE223415E33205D990B5741'::geometry, '300'::double precision))
                           Rows Removed by Filter: 3172
   ->  Subquery Scan on "*SELECT* 2617"  (cost=165745.69..165745.70 rows=1 width=76) (actual time=0.644..0.646 rows=1 loops=1)
         ->  Limit  (cost=165745.69..165745.69 rows=1 width=84) (actual time=0.641..0.643 rows=1 loops=1)
               ->  Sort  (cost=165745.69..165745.69 rows=1 width=84) (actual time=0.639..0.641 rows=1 loops=1)
                     Sort Key: (st_distance(st_transform(s_2616.the_geom, 25833), '0101000020E96400001A1FB40082E2234131622A42980B5741'::geometry))
                     Sort Method: top-N heapsort  Memory: 25kB
                     ->  Seq Scan on phoml_trajectory_tmp s_2616  (cost=0.00..165745.68 rows=1 width=84) (actual time=0.045..0.568 rows=488 loops=1)
                           Filter: ((unix_time >= '1685451556.041'::double precision) AND (unix_time <= '1685451616.041'::double precision) AND st_dwithin(st_transform(the_geom, 25833), '0101000020E96400001A1FB40082E2234131622A42980B5741'::geometry, '300'::double precision))
                           Rows Removed by Filter: 3172
   ->  Subquery Scan on "*SELECT* 2618"  (cost=165745.69..165745.70 rows=1 width=76) (actual time=0.654..0.655 rows=1 loops=1)
         ->  Limit  (cost=165745.69..165745.69 rows=1 width=84) (actual time=0.650..0.651 rows=1 loops=1)
               ->  Sort  (cost=165745.69..165745.69 rows=1 width=84) (actual time=0.648..0.649 rows=1 loops=1)
                     Sort Key: (st_distance(st_transform(s_2617.the_geom, 25833), '0101000020E9640000B5B923EF85E223415DD32113970B5741'::geometry))
                     Sort Method: top-N heapsort  Memory: 25kB
                     ->  Seq Scan on phoml_trajectory_tmp s_2617  (cost=0.00..165745.68 rows=1 width=84) (actual time=0.043..0.579 rows=488 loops=1)
                           Filter: ((unix_time >= '1685451556.407'::double precision) AND (unix_time <= '1685451616.407'::double precision) AND st_dwithin(st_transform(the_geom, 25833), '0101000020E9640000B5B923EF85E223415DD32113970B5741'::geometry, '300'::double precision))
                           Rows Removed by Filter: 3172
   ->  Subquery Scan on "*SELECT* 2619"  (cost=165745.69..165745.70 rows=1 width=76) (actual time=0.647..0.648 rows=1 loops=1)
         ->  Limit  (cost=165745.69..165745.69 rows=1 width=84) (actual time=0.644..0.644 rows=1 loops=1)
               ->  Sort  (cost=165745.69..165745.69 rows=1 width=84) (actual time=0.642..0.642 rows=1 loops=1)
                     Sort Key: (st_distance(st_transform(s_2618.the_geom, 25833), '0101000020E9640000BB283CD289E22341A0BE9FE3950B5741'::geometry))
                     Sort Method: top-N heapsort  Memory: 25kB
                     ->  Seq Scan on phoml_trajectory_tmp s_2618  (cost=0.00..165745.68 rows=1 width=84) (actual time=0.044..0.572 rows=488 loops=1)
                           Filter: ((unix_time >= '1685451556.747'::double precision) AND (unix_time <= '1685451616.747'::double precision) AND st_dwithin(st_transform(the_geom, 25833), '0101000020E9640000BB283CD289E22341A0BE9FE3950B5741'::geometry, '300'::double precision))
                           Rows Removed by Filter: 3172
   ->  Subquery Scan on "*SELECT* 2620"  (cost=165745.69..165745.70 rows=1 width=76) (actual time=0.655..0.657 rows=1 loops=1)
         ->  Limit  (cost=165745.69..165745.69 rows=1 width=84) (actual time=0.653..0.654 rows=1 loops=1)
               ->  Sort  (cost=165745.69..165745.69 rows=1 width=84) (actual time=0.651..0.652 rows=1 loops=1)
                     Sort Key: (st_distance(st_transform(s_2619.the_geom, 25833), '0101000020E9640000234B5CAC8DE22341442BD7C2940B5741'::geometry))
                     Sort Method: top-N heapsort  Memory: 25kB
                     ->  Seq Scan on phoml_trajectory_tmp s_2619  (cost=0.00..165745.68 rows=1 width=84) (actual time=0.044..0.582 rows=488 loops=1)
                           Filter: ((unix_time >= '1685451557.097'::double precision) AND (unix_time <= '1685451617.097'::double precision) AND st_dwithin(st_transform(the_geom, 25833), '0101000020E9640000234B5CAC8DE22341442BD7C2940B5741'::geometry, '300'::double precision))
                           Rows Removed by Filter: 3172
   ->  Subquery Scan on "*SELECT* 2621"  (cost=165745.69..165745.70 rows=1 width=76) (actual time=0.667..0.681 rows=1 loops=1)
         ->  Limit  (cost=165745.69..165745.69 rows=1 width=84) (actual time=0.663..0.677 rows=1 loops=1)
               ->  Sort  (cost=165745.69..165745.69 rows=1 width=84) (actual time=0.661..0.662 rows=1 loops=1)
                     Sort Key: (st_distance(st_transform(s_2620.the_geom, 25833), '0101000020E9640000AC83EEA191E223412CE1BA9B930B5741'::geometry))
                     Sort Method: top-N heapsort  Memory: 25kB
                     ->  Seq Scan on phoml_trajectory_tmp s_2620  (cost=0.00..165745.68 rows=1 width=84) (actual time=0.046..0.593 rows=488 loops=1)
                           Filter: ((unix_time >= '1685451557.453'::double precision) AND (unix_time <= '1685451617.453'::double precision) AND st_dwithin(st_transform(the_geom, 25833), '0101000020E9640000AC83EEA191E223412CE1BA9B930B5741'::geometry, '300'::double precision))
                           Rows Removed by Filter: 3172
   ->  Subquery Scan on "*SELECT* 2622"  (cost=165745.69..165745.70 rows=1 width=76) (actual time=0.654..0.656 rows=1 loops=1)
         ->  Limit  (cost=165745.69..165745.69 rows=1 width=84) (actual time=0.651..0.652 rows=1 loops=1)
               ->  Sort  (cost=165745.69..165745.69 rows=1 width=84) (actual time=0.649..0.650 rows=1 loops=1)
                     Sort Key: (st_distance(st_transform(s_2621.the_geom, 25833), '0101000020E9640000466E71C195E22341EA89C26F920B5741'::geometry))
                     Sort Method: top-N heapsort  Memory: 25kB
                     ->  Seq Scan on phoml_trajectory_tmp s_2621  (cost=0.00..165745.68 rows=1 width=84) (actual time=0.044..0.579 rows=488 loops=1)
                           Filter: ((unix_time >= '1685451557.813'::double precision) AND (unix_time <= '1685451617.813'::double precision) AND st_dwithin(st_transform(the_geom, 25833), '0101000020E9640000466E71C195E22341EA89C26F920B5741'::geometry, '300'::double precision))
                           Rows Removed by Filter: 3172
   ->  Subquery Scan on "*SELECT* 2623"  (cost=165745.69..165745.70 rows=1 width=76) (actual time=0.652..0.654 rows=1 loops=1)
         ->  Limit  (cost=165745.69..165745.69 rows=1 width=84) (actual time=0.650..0.651 rows=1 loops=1)
               ->  Sort  (cost=165745.69..165745.69 rows=1 width=84) (actual time=0.648..0.648 rows=1 loops=1)
                     Sort Key: (st_distance(st_transform(s_2622.the_geom, 25833), '0101000020E964000089FAA30D9AE2234169F5D44B910B5741'::geometry))
                     Sort Method: top-N heapsort  Memory: 25kB
                     ->  Seq Scan on phoml_trajectory_tmp s_2622  (cost=0.00..165745.68 rows=1 width=84) (actual time=0.048..0.578 rows=488 loops=1)
                           Filter: ((unix_time >= '1685451558.182'::double precision) AND (unix_time <= '1685451618.182'::double precision) AND st_dwithin(st_transform(the_geom, 25833), '0101000020E964000089FAA30D9AE2234169F5D44B910B5741'::geometry, '300'::double precision))
                           Rows Removed by Filter: 3172
   ->  Subquery Scan on "*SELECT* 2624"  (cost=165745.69..165745.70 rows=1 width=76) (actual time=0.655..0.656 rows=1 loops=1)
         ->  Limit  (cost=165745.69..165745.69 rows=1 width=84) (actual time=0.651..0.652 rows=1 loops=1)
               ->  Sort  (cost=165745.69..165745.69 rows=1 width=84) (actual time=0.649..0.650 rows=1 loops=1)
                     Sort Key: (st_distance(st_transform(s_2623.the_geom, 25833), '0101000020E96400005A5446169EE22341025BE12E900B5741'::geometry))
                     Sort Method: top-N heapsort  Memory: 25kB
                     ->  Seq Scan on phoml_trajectory_tmp s_2623  (cost=0.00..165745.68 rows=1 width=84) (actual time=0.042..0.579 rows=488 loops=1)
                           Filter: ((unix_time >= '1685451558.542'::double precision) AND (unix_time <= '1685451618.542'::double precision) AND st_dwithin(st_transform(the_geom, 25833), '0101000020E96400005A5446169EE22341025BE12E900B5741'::geometry, '300'::double precision))
                           Rows Removed by Filter: 3172
   ->  Subquery Scan on "*SELECT* 2625"  (cost=165745.69..165745.70 rows=1 width=76) (actual time=0.665..0.666 rows=1 loops=1)
         ->  Limit  (cost=165745.69..165745.69 rows=1 width=84) (actual time=0.662..0.663 rows=1 loops=1)
               ->  Sort  (cost=165745.69..165745.69 rows=1 width=84) (actual time=0.660..0.660 rows=1 loops=1)
                     Sort Key: (st_distance(st_transform(s_2624.the_geom, 25833), '0101000020E9640000E0BC1C05A2E2234178A258068F0B5741'::geometry))
                     Sort Method: top-N heapsort  Memory: 25kB
                     ->  Seq Scan on phoml_trajectory_tmp s_2624  (cost=0.00..165745.68 rows=1 width=84) (actual time=0.049..0.591 rows=488 loops=1)
                           Filter: ((unix_time >= '1685451558.922'::double precision) AND (unix_time <= '1685451618.922'::double precision) AND st_dwithin(st_transform(the_geom, 25833), '0101000020E9640000E0BC1C05A2E2234178A258068F0B5741'::geometry, '300'::double precision))
                           Rows Removed by Filter: 3172
   ->  Subquery Scan on "*SELECT* 2626"  (cost=165745.69..165745.70 rows=1 width=76) (actual time=0.644..0.645 rows=1 loops=1)
         ->  Limit  (cost=165745.69..165745.69 rows=1 width=84) (actual time=0.642..0.643 rows=1 loops=1)
               ->  Sort  (cost=165745.69..165745.69 rows=1 width=84) (actual time=0.639..0.640 rows=1 loops=1)
                     Sort Key: (st_distance(st_transform(s_2625.the_geom, 25833), '0101000020E9640000E3A4BAD1A5E22341A1C58EDD8D0B5741'::geometry))
                     Sort Method: top-N heapsort  Memory: 25kB
                     ->  Seq Scan on phoml_trajectory_tmp s_2625  (cost=0.00..165745.68 rows=1 width=84) (actual time=0.043..0.570 rows=488 loops=1)
                           Filter: ((unix_time >= '1685451559.295'::double precision) AND (unix_time <= '1685451619.295'::double precision) AND st_dwithin(st_transform(the_geom, 25833), '0101000020E9640000E3A4BAD1A5E22341A1C58EDD8D0B5741'::geometry, '300'::double precision))
                           Rows Removed by Filter: 3172
   ->  Subquery Scan on "*SELECT* 2627"  (cost=165745.69..165745.70 rows=1 width=76) (actual time=0.691..0.693 rows=1 loops=1)
         ->  Limit  (cost=165745.69..165745.69 rows=1 width=84) (actual time=0.687..0.688 rows=1 loops=1)
               ->  Sort  (cost=165745.69..165745.69 rows=1 width=84) (actual time=0.684..0.685 rows=1 loops=1)
                     Sort Key: (st_distance(st_transform(s_2626.the_geom, 25833), '0101000020E964000067B66A4FA9E223415CEC45B18C0B5741'::geometry))
                     Sort Method: top-N heapsort  Memory: 25kB
                     ->  Seq Scan on phoml_trajectory_tmp s_2626  (cost=0.00..165745.68 rows=1 width=84) (actual time=0.045..0.612 rows=488 loops=1)
                           Filter: ((unix_time >= '1685451559.685'::double precision) AND (unix_time <= '1685451619.685'::double precision) AND st_dwithin(st_transform(the_geom, 25833), '0101000020E964000067B66A4FA9E223415CEC45B18C0B5741'::geometry, '300'::double precision))
                           Rows Removed by Filter: 3172
   ->  Subquery Scan on "*SELECT* 2628"  (cost=165745.69..165745.70 rows=1 width=76) (actual time=0.666..0.668 rows=1 loops=1)
         ->  Limit  (cost=165745.69..165745.69 rows=1 width=84) (actual time=0.663..0.664 rows=1 loops=1)
               ->  Sort  (cost=165745.69..165745.69 rows=1 width=84) (actual time=0.661..0.661 rows=1 loops=1)
                     Sort Key: (st_distance(st_transform(s_2627.the_geom, 25833), '0101000020E9640000E4B04CDCACE2234112CDEE858B0B5741'::geometry))
                     Sort Method: top-N heapsort  Memory: 25kB
                     ->  Seq Scan on phoml_trajectory_tmp s_2627  (cost=0.00..165745.68 rows=1 width=84) (actual time=0.046..0.592 rows=488 loops=1)
                           Filter: ((unix_time >= '1685451560.065'::double precision) AND (unix_time <= '1685451620.065'::double precision) AND st_dwithin(st_transform(the_geom, 25833), '0101000020E9640000E4B04CDCACE2234112CDEE858B0B5741'::geometry, '300'::double precision))
                           Rows Removed by Filter: 3172
   ->  Subquery Scan on "*SELECT* 2629"  (cost=165745.69..165745.70 rows=1 width=76) (actual time=0.668..0.669 rows=1 loops=1)
         ->  Limit  (cost=165745.69..165745.69 rows=1 width=84) (actual time=0.665..0.666 rows=1 loops=1)
               ->  Sort  (cost=165745.69..165745.69 rows=1 width=84) (actual time=0.663..0.664 rows=1 loops=1)
                     Sort Key: (st_distance(st_transform(s_2628.the_geom, 25833), '0101000020E9640000037FF86BB0E223415386CA588A0B5741'::geometry))
                     Sort Method: top-N heapsort  Memory: 25kB
                     ->  Seq Scan on phoml_trajectory_tmp s_2628  (cost=0.00..165745.68 rows=1 width=84) (actual time=0.054..0.593 rows=488 loops=1)
                           Filter: ((unix_time >= '1685451560.45'::double precision) AND (unix_time <= '1685451620.45'::double precision) AND st_dwithin(st_transform(the_geom, 25833), '0101000020E9640000037FF86BB0E223415386CA588A0B5741'::geometry, '300'::double precision))
                           Rows Removed by Filter: 3172
   ->  Subquery Scan on "*SELECT* 2630"  (cost=165745.69..165745.70 rows=1 width=76) (actual time=0.653..0.655 rows=1 loops=1)
         ->  Limit  (cost=165745.69..165745.69 rows=1 width=84) (actual time=0.649..0.651 rows=1 loops=1)
               ->  Sort  (cost=165745.69..165745.69 rows=1 width=84) (actual time=0.647..0.648 rows=1 loops=1)
                     Sort Key: (st_distance(st_transform(s_2629.the_geom, 25833), '0101000020E964000017409FEDB3E22341D251002D890B5741'::geometry))
                     Sort Method: top-N heapsort  Memory: 25kB
                     ->  Seq Scan on phoml_trajectory_tmp s_2629  (cost=0.00..165745.68 rows=1 width=84) (actual time=0.044..0.580 rows=488 loops=1)
                           Filter: ((unix_time >= '1685451560.85'::double precision) AND (unix_time <= '1685451620.85'::double precision) AND st_dwithin(st_transform(the_geom, 25833), '0101000020E964000017409FEDB3E22341D251002D890B5741'::geometry, '300'::double precision))
                           Rows Removed by Filter: 3172
   ->  Subquery Scan on "*SELECT* 2631"  (cost=165745.69..165745.70 rows=1 width=76) (actual time=0.667..0.668 rows=1 loops=1)
         ->  Limit  (cost=165745.69..165745.69 rows=1 width=84) (actual time=0.664..0.664 rows=1 loops=1)
               ->  Sort  (cost=165745.69..165745.69 rows=1 width=84) (actual time=0.662..0.662 rows=1 loops=1)
                     Sort Key: (st_distance(st_transform(s_2630.the_geom, 25833), '0101000020E9640000A1AF8F80B7E22341C1A6F102880B5741'::geometry))
                     Sort Method: top-N heapsort  Memory: 25kB
                     ->  Seq Scan on phoml_trajectory_tmp s_2630  (cost=0.00..165745.68 rows=1 width=84) (actual time=0.047..0.593 rows=488 loops=1)
                           Filter: ((unix_time >= '1685451561.232'::double precision) AND (unix_time <= '1685451621.232'::double precision) AND st_dwithin(st_transform(the_geom, 25833), '0101000020E9640000A1AF8F80B7E22341C1A6F102880B5741'::geometry, '300'::double precision))
                           Rows Removed by Filter: 3172
   ->  Subquery Scan on "*SELECT* 2632"  (cost=165745.69..165745.70 rows=1 width=76) (actual time=0.649..0.650 rows=1 loops=1)
         ->  Limit  (cost=165745.69..165745.69 rows=1 width=84) (actual time=0.647..0.648 rows=1 loops=1)
               ->  Sort  (cost=165745.69..165745.69 rows=1 width=84) (actual time=0.644..0.645 rows=1 loops=1)
                     Sort Key: (st_distance(st_transform(s_2631.the_geom, 25833), '0101000020E964000027FFAADBBAE2234121704DD8860B5741'::geometry))
                     Sort Method: top-N heapsort  Memory: 25kB
                     ->  Seq Scan on phoml_trajectory_tmp s_2631  (cost=0.00..165745.68 rows=1 width=84) (actual time=0.045..0.575 rows=488 loops=1)
                           Filter: ((unix_time >= '1685451561.622'::double precision) AND (unix_time <= '1685451621.622'::double precision) AND st_dwithin(st_transform(the_geom, 25833), '0101000020E964000027FFAADBBAE2234121704DD8860B5741'::geometry, '300'::double precision))
                           Rows Removed by Filter: 3172
   ->  Subquery Scan on "*SELECT* 2633"  (cost=165745.69..165745.70 rows=1 width=76) (actual time=0.669..0.671 rows=1 loops=1)
         ->  Limit  (cost=165745.69..165745.69 rows=1 width=84) (actual time=0.666..0.667 rows=1 loops=1)
               ->  Sort  (cost=165745.69..165745.69 rows=1 width=84) (actual time=0.664..0.664 rows=1 loops=1)
                     Sort Key: (st_distance(st_transform(s_2632.the_geom, 25833), '0101000020E9640000E5D05348BEE22341D36D19A6850B5741'::geometry))
                     Sort Method: top-N heapsort  Memory: 25kB
                     ->  Seq Scan on phoml_trajectory_tmp s_2632  (cost=0.00..165745.68 rows=1 width=84) (actual time=0.047..0.595 rows=488 loops=1)
                           Filter: ((unix_time >= '1685451562.022'::double precision) AND (unix_time <= '1685451622.022'::double precision) AND st_dwithin(st_transform(the_geom, 25833), '0101000020E9640000E5D05348BEE22341D36D19A6850B5741'::geometry, '300'::double precision))
                           Rows Removed by Filter: 3172
   ->  Subquery Scan on "*SELECT* 2634"  (cost=165745.69..165745.70 rows=1 width=76) (actual time=0.707..0.708 rows=1 loops=1)
         ->  Limit  (cost=165745.69..165745.69 rows=1 width=84) (actual time=0.703..0.704 rows=1 loops=1)
               ->  Sort  (cost=165745.69..165745.69 rows=1 width=84) (actual time=0.701..0.702 rows=1 loops=1)
                     Sort Key: (st_distance(st_transform(s_2633.the_geom, 25833), '0101000020E96400006C7AC6B6C1E22341BD03BE7B840B5741'::geometry))
                     Sort Method: top-N heapsort  Memory: 25kB
                     ->  Seq Scan on phoml_trajectory_tmp s_2633  (cost=0.00..165745.68 rows=1 width=84) (actual time=0.058..0.628 rows=488 loops=1)
                           Filter: ((unix_time >= '1685451562.406'::double precision) AND (unix_time <= '1685451622.406'::double precision) AND st_dwithin(st_transform(the_geom, 25833), '0101000020E96400006C7AC6B6C1E22341BD03BE7B840B5741'::geometry, '300'::double precision))
                           Rows Removed by Filter: 3172
   ->  Subquery Scan on "*SELECT* 2635"  (cost=165745.69..165745.70 rows=1 width=76) (actual time=0.645..0.646 rows=1 loops=1)
         ->  Limit  (cost=165745.69..165745.69 rows=1 width=84) (actual time=0.643..0.644 rows=1 loops=1)
               ->  Sort  (cost=165745.69..165745.69 rows=1 width=84) (actual time=0.641..0.641 rows=1 loops=1)
                     Sort Key: (st_distance(st_transform(s_2634.the_geom, 25833), '0101000020E964000038FDD977C5E22341A9EB1056830B5741'::geometry))
                     Sort Method: top-N heapsort  Memory: 25kB
                     ->  Seq Scan on phoml_trajectory_tmp s_2634  (cost=0.00..165745.68 rows=1 width=84) (actual time=0.047..0.572 rows=488 loops=1)
                           Filter: ((unix_time >= '1685451562.796'::double precision) AND (unix_time <= '1685451622.796'::double precision) AND st_dwithin(st_transform(the_geom, 25833), '0101000020E964000038FDD977C5E22341A9EB1056830B5741'::geometry, '300'::double precision))
                           Rows Removed by Filter: 3172
   ->  Subquery Scan on "*SELECT* 2636"  (cost=165745.69..165745.70 rows=1 width=76) (actual time=0.671..0.672 rows=1 loops=1)
         ->  Limit  (cost=165745.69..165745.69 rows=1 width=84) (actual time=0.668..0.668 rows=1 loops=1)
               ->  Sort  (cost=165745.69..165745.69 rows=1 width=84) (actual time=0.666..0.666 rows=1 loops=1)
                     Sort Key: (st_distance(st_transform(s_2635.the_geom, 25833), '0101000020E964000073CD162EC9E22341EEC8F22E820B5741'::geometry))
                     Sort Method: top-N heapsort  Memory: 25kB
                     ->  Seq Scan on phoml_trajectory_tmp s_2635  (cost=0.00..165745.68 rows=1 width=84) (actual time=0.043..0.596 rows=488 loops=1)
                           Filter: ((unix_time >= '1685451563.196'::double precision) AND (unix_time <= '1685451623.196'::double precision) AND st_dwithin(st_transform(the_geom, 25833), '0101000020E964000073CD162EC9E22341EEC8F22E820B5741'::geometry, '300'::double precision))
                           Rows Removed by Filter: 3172
   ->  Subquery Scan on "*SELECT* 2637"  (cost=165745.69..165745.70 rows=1 width=76) (actual time=0.665..0.666 rows=1 loops=1)
         ->  Limit  (cost=165745.69..165745.69 rows=1 width=84) (actual time=0.662..0.663 rows=1 loops=1)
               ->  Sort  (cost=165745.69..165745.69 rows=1 width=84) (actual time=0.660..0.660 rows=1 loops=1)
                     Sort Key: (st_distance(st_transform(s_2636.the_geom, 25833), '0101000020E96400009E892528CDE223419FB802FE800B5741'::geometry))
                     Sort Method: top-N heapsort  Memory: 25kB
                     ->  Seq Scan on phoml_trajectory_tmp s_2636  (cost=0.00..165745.68 rows=1 width=84) (actual time=0.045..0.591 rows=488 loops=1)
                           Filter: ((unix_time >= '1685451563.586'::double precision) AND (unix_time <= '1685451623.586'::double precision) AND st_dwithin(st_transform(the_geom, 25833), '0101000020E96400009E892528CDE223419FB802FE800B5741'::geometry, '300'::double precision))
                           Rows Removed by Filter: 3172
   ->  Subquery Scan on "*SELECT* 2638"  (cost=165745.69..165745.70 rows=1 width=76) (actual time=0.650..0.651 rows=1 loops=1)
         ->  Limit  (cost=165745.69..165745.69 rows=1 width=84) (actual time=0.648..0.649 rows=1 loops=1)
               ->  Sort  (cost=165745.69..165745.69 rows=1 width=84) (actual time=0.646..0.647 rows=1 loops=1)
                     Sort Key: (st_distance(st_transform(s_2637.the_geom, 25833), '0101000020E9640000F8E5CC13D1E22341CACEA2D97F0B5741'::geometry))
                     Sort Method: top-N heapsort  Memory: 25kB
                     ->  Seq Scan on phoml_trajectory_tmp s_2637  (cost=0.00..165745.68 rows=1 width=84) (actual time=0.046..0.575 rows=488 loops=1)
                           Filter: ((unix_time >= '1685451563.976'::double precision) AND (unix_time <= '1685451623.976'::double precision) AND st_dwithin(st_transform(the_geom, 25833), '0101000020E9640000F8E5CC13D1E22341CACEA2D97F0B5741'::geometry, '300'::double precision))
                           Rows Removed by Filter: 3172
   ->  Subquery Scan on "*SELECT* 2639"  (cost=165745.69..165745.70 rows=1 width=76) (actual time=0.644..0.645 rows=1 loops=1)
         ->  Limit  (cost=165745.69..165745.69 rows=1 width=84) (actual time=0.642..0.643 rows=1 loops=1)
               ->  Sort  (cost=165745.69..165745.69 rows=1 width=84) (actual time=0.640..0.640 rows=1 loops=1)
                     Sort Key: (st_distance(st_transform(s_2638.the_geom, 25833), '0101000020E9640000D0E88629D5E2234178B8E5B57E0B5741'::geometry))
                     Sort Method: top-N heapsort  Memory: 25kB
                     ->  Seq Scan on phoml_trajectory_tmp s_2638  (cost=0.00..165745.68 rows=1 width=84) (actual time=0.055..0.571 rows=488 loops=1)
                           Filter: ((unix_time >= '1685451564.369'::double precision) AND (unix_time <= '1685451624.369'::double precision) AND st_dwithin(st_transform(the_geom, 25833), '0101000020E9640000D0E88629D5E2234178B8E5B57E0B5741'::geometry, '300'::double precision))
                           Rows Removed by Filter: 3172
   ->  Subquery Scan on "*SELECT* 2640"  (cost=165745.69..165745.70 rows=1 width=76) (actual time=0.650..0.651 rows=1 loops=1)
         ->  Limit  (cost=165745.69..165745.69 rows=1 width=84) (actual time=0.647..0.647 rows=1 loops=1)
               ->  Sort  (cost=165745.69..165745.69 rows=1 width=84) (actual time=0.645..0.645 rows=1 loops=1)
                     Sort Key: (st_distance(st_transform(s_2639.the_geom, 25833), '0101000020E96400006A78A4E6D8E2234165032E8F7D0B5741'::geometry))
                     Sort Method: top-N heapsort  Memory: 25kB
                     ->  Seq Scan on phoml_trajectory_tmp s_2639  (cost=0.00..165745.68 rows=1 width=84) (actual time=0.045..0.575 rows=487 loops=1)
                           Filter: ((unix_time >= '1685451564.759'::double precision) AND (unix_time <= '1685451624.759'::double precision) AND st_dwithin(st_transform(the_geom, 25833), '0101000020E96400006A78A4E6D8E2234165032E8F7D0B5741'::geometry, '300'::double precision))
                           Rows Removed by Filter: 3173
   ->  Subquery Scan on "*SELECT* 2641"  (cost=165745.69..165745.70 rows=1 width=76) (actual time=0.642..0.643 rows=1 loops=1)
         ->  Limit  (cost=165745.69..165745.69 rows=1 width=84) (actual time=0.639..0.640 rows=1 loops=1)
               ->  Sort  (cost=165745.69..165745.69 rows=1 width=84) (actual time=0.637..0.637 rows=1 loops=1)
                     Sort Key: (st_distance(st_transform(s_2640.the_geom, 25833), '0101000020E9640000D45C98CDDCE22341AAE9C5617C0B5741'::geometry))
                     Sort Method: top-N heapsort  Memory: 25kB
                     ->  Seq Scan on phoml_trajectory_tmp s_2640  (cost=0.00..165745.68 rows=1 width=84) (actual time=0.045..0.568 rows=486 loops=1)
                           Filter: ((unix_time >= '1685451565.16'::double precision) AND (unix_time <= '1685451625.16'::double precision) AND st_dwithin(st_transform(the_geom, 25833), '0101000020E9640000D45C98CDDCE22341AAE9C5617C0B5741'::geometry, '300'::double precision))
                           Rows Removed by Filter: 3174
   ->  Subquery Scan on "*SELECT* 2642"  (cost=165745.69..165745.70 rows=1 width=76) (actual time=0.663..0.664 rows=1 loops=1)
         ->  Limit  (cost=165745.69..165745.69 rows=1 width=84) (actual time=0.660..0.661 rows=1 loops=1)
               ->  Sort  (cost=165745.69..165745.69 rows=1 width=84) (actual time=0.658..0.659 rows=1 loops=1)
                     Sort Key: (st_distance(st_transform(s_2641.the_geom, 25833), '0101000020E96400000C3767C4E0E223417F69E33C7B0B5741'::geometry))
                     Sort Method: top-N heapsort  Memory: 25kB
                     ->  Seq Scan on phoml_trajectory_tmp s_2641  (cost=0.00..165745.68 rows=1 width=84) (actual time=0.052..0.591 rows=484 loops=1)
                           Filter: ((unix_time >= '1685451565.56'::double precision) AND (unix_time <= '1685451625.56'::double precision) AND st_dwithin(st_transform(the_geom, 25833), '0101000020E96400000C3767C4E0E223417F69E33C7B0B5741'::geometry, '300'::double precision))
                           Rows Removed by Filter: 3176
   ->  Subquery Scan on "*SELECT* 2643"  (cost=165745.69..165745.70 rows=1 width=76) (actual time=0.685..0.686 rows=1 loops=1)
         ->  Limit  (cost=165745.69..165745.69 rows=1 width=84) (actual time=0.678..0.679 rows=1 loops=1)
               ->  Sort  (cost=165745.69..165745.69 rows=1 width=84) (actual time=0.676..0.676 rows=1 loops=1)
                     Sort Key: (st_distance(st_transform(s_2642.the_geom, 25833), '0101000020E96400005ADFDB3BE5E223413F17BA1D7A0B5741'::geometry))
                     Sort Method: top-N heapsort  Memory: 25kB
                     ->  Seq Scan on phoml_trajectory_tmp s_2642  (cost=0.00..165745.68 rows=1 width=84) (actual time=0.045..0.605 rows=484 loops=1)
                           Filter: ((unix_time >= '1685451565.97'::double precision) AND (unix_time <= '1685451625.97'::double precision) AND st_dwithin(st_transform(the_geom, 25833), '0101000020E96400005ADFDB3BE5E223413F17BA1D7A0B5741'::geometry, '300'::double precision))
                           Rows Removed by Filter: 3176
   ->  Subquery Scan on "*SELECT* 2644"  (cost=165745.69..165745.70 rows=1 width=76) (actual time=0.667..0.668 rows=1 loops=1)
         ->  Limit  (cost=165745.69..165745.69 rows=1 width=84) (actual time=0.663..0.663 rows=1 loops=1)
               ->  Sort  (cost=165745.69..165745.69 rows=1 width=84) (actual time=0.660..0.661 rows=1 loops=1)
                     Sort Key: (st_distance(st_transform(s_2643.the_geom, 25833), '0101000020E9640000E519EFCBE9E2234127F2A301790B5741'::geometry))
                     Sort Method: top-N heapsort  Memory: 25kB
                     ->  Seq Scan on phoml_trajectory_tmp s_2643  (cost=0.00..165745.68 rows=1 width=84) (actual time=0.055..0.592 rows=484 loops=1)
                           Filter: ((unix_time >= '1685451566.374'::double precision) AND (unix_time <= '1685451626.374'::double precision) AND st_dwithin(st_transform(the_geom, 25833), '0101000020E9640000E519EFCBE9E2234127F2A301790B5741'::geometry, '300'::double precision))
                           Rows Removed by Filter: 3176
   ->  Subquery Scan on "*SELECT* 2645"  (cost=165745.69..165745.70 rows=1 width=76) (actual time=0.648..0.649 rows=1 loops=1)
         ->  Limit  (cost=165745.69..165745.69 rows=1 width=84) (actual time=0.646..0.646 rows=1 loops=1)
               ->  Sort  (cost=165745.69..165745.69 rows=1 width=84) (actual time=0.644..0.644 rows=1 loops=1)
                     Sort Key: (st_distance(st_transform(s_2644.the_geom, 25833), '0101000020E96400002B535BEDEEE223419DFE7EEA770B5741'::geometry))
                     Sort Method: top-N heapsort  Memory: 25kB
                     ->  Seq Scan on phoml_trajectory_tmp s_2644  (cost=0.00..165745.68 rows=1 width=84) (actual time=0.050..0.573 rows=484 loops=1)
                           Filter: ((unix_time >= '1685451566.794'::double precision) AND (unix_time <= '1685451626.794'::double precision) AND st_dwithin(st_transform(the_geom, 25833), '0101000020E96400002B535BEDEEE223419DFE7EEA770B5741'::geometry, '300'::double precision))
                           Rows Removed by Filter: 3176
   ->  Subquery Scan on "*SELECT* 2646"  (cost=165745.69..165745.70 rows=1 width=76) (actual time=0.652..0.653 rows=1 loops=1)
         ->  Limit  (cost=165745.69..165745.69 rows=1 width=84) (actual time=0.648..0.649 rows=1 loops=1)
               ->  Sort  (cost=165745.69..165745.69 rows=1 width=84) (actual time=0.646..0.647 rows=1 loops=1)
                     Sort Key: (st_distance(st_transform(s_2645.the_geom, 25833), '0101000020E9640000745C14BCF4E2234113DD2FDB760B5741'::geometry))
                     Sort Method: top-N heapsort  Memory: 25kB
                     ->  Seq Scan on phoml_trajectory_tmp s_2645  (cost=0.00..165745.68 rows=1 width=84) (actual time=0.041..0.572 rows=484 loops=1)
                           Filter: ((unix_time >= '1685451567.221'::double precision) AND (unix_time <= '1685451627.221'::double precision) AND st_dwithin(st_transform(the_geom, 25833), '0101000020E9640000745C14BCF4E2234113DD2FDB760B5741'::geometry, '300'::double precision))
                           Rows Removed by Filter: 3176
   ->  Subquery Scan on "*SELECT* 2647"  (cost=165745.69..165745.70 rows=1 width=76) (actual time=0.649..0.650 rows=1 loops=1)
         ->  Limit  (cost=165745.69..165745.69 rows=1 width=84) (actual time=0.646..0.646 rows=1 loops=1)
               ->  Sort  (cost=165745.69..165745.69 rows=1 width=84) (actual time=0.644..0.644 rows=1 loops=1)
                     Sort Key: (st_distance(st_transform(s_2646.the_geom, 25833), '0101000020E9640000B7CE461BFBE22341C45055E5750B5741'::geometry))
                     Sort Method: top-N heapsort  Memory: 25kB
                     ->  Seq Scan on phoml_trajectory_tmp s_2646  (cost=0.00..165745.68 rows=1 width=84) (actual time=0.047..0.575 rows=484 loops=1)
                           Filter: ((unix_time >= '1685451567.641'::double precision) AND (unix_time <= '1685451627.641'::double precision) AND st_dwithin(st_transform(the_geom, 25833), '0101000020E9640000B7CE461BFBE22341C45055E5750B5741'::geometry, '300'::double precision))
                           Rows Removed by Filter: 3176
   ->  Subquery Scan on "*SELECT* 2648"  (cost=165745.69..165745.70 rows=1 width=76) (actual time=0.634..0.635 rows=1 loops=1)
         ->  Limit  (cost=165745.69..165745.69 rows=1 width=84) (actual time=0.632..0.633 rows=1 loops=1)
               ->  Sort  (cost=165745.69..165745.69 rows=1 width=84) (actual time=0.629..0.630 rows=1 loops=1)
                     Sort Key: (st_distance(st_transform(s_2647.the_geom, 25833), '0101000020E96400002E6A21E902E32341F25F6105750B5741'::geometry))
                     Sort Method: top-N heapsort  Memory: 25kB
                     ->  Seq Scan on phoml_trajectory_tmp s_2647  (cost=0.00..165745.68 rows=1 width=84) (actual time=0.045..0.562 rows=480 loops=1)
                           Filter: ((unix_time >= '1685451568.071'::double precision) AND (unix_time <= '1685451628.071'::double precision) AND st_dwithin(st_transform(the_geom, 25833), '0101000020E96400002E6A21E902E32341F25F6105750B5741'::geometry, '300'::double precision))
                           Rows Removed by Filter: 3180
   ->  Subquery Scan on "*SELECT* 2649"  (cost=165745.69..165745.70 rows=1 width=76) (actual time=0.641..0.642 rows=1 loops=1)
         ->  Limit  (cost=165745.69..165745.69 rows=1 width=84) (actual time=0.638..0.638 rows=1 loops=1)
               ->  Sort  (cost=165745.69..165745.69 rows=1 width=84) (actual time=0.636..0.636 rows=1 loops=1)
                     Sort Key: (st_distance(st_transform(s_2648.the_geom, 25833), '0101000020E9640000064FD5A00BE32341B211D53B740B5741'::geometry))
                     Sort Method: top-N heapsort  Memory: 25kB
                     ->  Seq Scan on phoml_trajectory_tmp s_2648  (cost=0.00..165745.68 rows=1 width=84) (actual time=0.043..0.569 rows=480 loops=1)
                           Filter: ((unix_time >= '1685451568.508'::double precision) AND (unix_time <= '1685451628.508'::double precision) AND st_dwithin(st_transform(the_geom, 25833), '0101000020E9640000064FD5A00BE32341B211D53B740B5741'::geometry, '300'::double precision))
                           Rows Removed by Filter: 3180
   ->  Subquery Scan on "*SELECT* 2650"  (cost=165745.69..165745.70 rows=1 width=76) (actual time=0.628..0.629 rows=1 loops=1)
         ->  Limit  (cost=165745.69..165745.69 rows=1 width=84) (actual time=0.626..0.627 rows=1 loops=1)
               ->  Sort  (cost=165745.69..165745.69 rows=1 width=84) (actual time=0.624..0.625 rows=1 loops=1)
                     Sort Key: (st_distance(st_transform(s_2649.the_geom, 25833), '0101000020E9640000B81053B814E323417A704F83730B5741'::geometry))
                     Sort Method: top-N heapsort  Memory: 25kB
                     ->  Seq Scan on phoml_trajectory_tmp s_2649  (cost=0.00..165745.68 rows=1 width=84) (actual time=0.041..0.557 rows=480 loops=1)
                           Filter: ((unix_time >= '1685451568.958'::double precision) AND (unix_time <= '1685451628.958'::double precision) AND st_dwithin(st_transform(the_geom, 25833), '0101000020E9640000B81053B814E323417A704F83730B5741'::geometry, '300'::double precision))
                           Rows Removed by Filter: 3180
   ->  Subquery Scan on "*SELECT* 2651"  (cost=165745.69..165745.70 rows=1 width=76) (actual time=0.647..0.648 rows=1 loops=1)
         ->  Limit  (cost=165745.69..165745.69 rows=1 width=84) (actual time=0.645..0.646 rows=1 loops=1)
               ->  Sort  (cost=165745.69..165745.69 rows=1 width=84) (actual time=0.643..0.643 rows=1 loops=1)
                     Sort Key: (st_distance(st_transform(s_2650.the_geom, 25833), '0101000020E9640000386975901DE323418B7021C8720B5741'::geometry))
                     Sort Method: top-N heapsort  Memory: 25kB
                     ->  Seq Scan on phoml_trajectory_tmp s_2650  (cost=0.00..165745.68 rows=1 width=84) (actual time=0.056..0.575 rows=480 loops=1)
                           Filter: ((unix_time >= '1685451569.41'::double precision) AND (unix_time <= '1685451629.41'::double precision) AND st_dwithin(st_transform(the_geom, 25833), '0101000020E9640000386975901DE323418B7021C8720B5741'::geometry, '300'::double precision))
                           Rows Removed by Filter: 3180
   ->  Subquery Scan on "*SELECT* 2652"  (cost=165745.69..165745.70 rows=1 width=76) (actual time=0.664..0.665 rows=1 loops=1)
         ->  Limit  (cost=165745.69..165745.69 rows=1 width=84) (actual time=0.660..0.661 rows=1 loops=1)
               ->  Sort  (cost=165745.69..165745.69 rows=1 width=84) (actual time=0.658..0.658 rows=1 loops=1)
                     Sort Key: (st_distance(st_transform(s_2651.the_geom, 25833), '0101000020E96400006767C84F25E32341C083C6F0710B5741'::geometry))
                     Sort Method: top-N heapsort  Memory: 25kB
                     ->  Seq Scan on phoml_trajectory_tmp s_2651  (cost=0.00..165745.68 rows=1 width=84) (actual time=0.044..0.583 rows=480 loops=1)
                           Filter: ((unix_time >= '1685451569.87'::double precision) AND (unix_time <= '1685451629.87'::double precision) AND st_dwithin(st_transform(the_geom, 25833), '0101000020E96400006767C84F25E32341C083C6F0710B5741'::geometry, '300'::double precision))
                           Rows Removed by Filter: 3180
   ->  Subquery Scan on "*SELECT* 2653"  (cost=165745.69..165745.70 rows=1 width=76) (actual time=0.639..0.640 rows=1 loops=1)
         ->  Limit  (cost=165745.69..165745.69 rows=1 width=84) (actual time=0.636..0.637 rows=1 loops=1)
               ->  Sort  (cost=165745.69..165745.69 rows=1 width=84) (actual time=0.634..0.634 rows=1 loops=1)
                     Sort Key: (st_distance(st_transform(s_2652.the_geom, 25833), '0101000020E9640000BA03A4CF2BE323411975DC01710B5741'::geometry))
                     Sort Method: top-N heapsort  Memory: 25kB
                     ->  Seq Scan on phoml_trajectory_tmp s_2652  (cost=0.00..165745.68 rows=1 width=84) (actual time=0.053..0.565 rows=476 loops=1)
                           Filter: ((unix_time >= '1685451570.316'::double precision) AND (unix_time <= '1685451630.316'::double precision) AND st_dwithin(st_transform(the_geom, 25833), '0101000020E9640000BA03A4CF2BE323411975DC01710B5741'::geometry, '300'::double precision))
                           Rows Removed by Filter: 3184
   ->  Subquery Scan on "*SELECT* 2654"  (cost=165745.69..165745.70 rows=1 width=76) (actual time=0.634..0.635 rows=1 loops=1)
         ->  Limit  (cost=165745.69..165745.69 rows=1 width=84) (actual time=0.632..0.632 rows=1 loops=1)
               ->  Sort  (cost=165745.69..165745.69 rows=1 width=84) (actual time=0.630..0.630 rows=1 loops=1)
                     Sort Key: (st_distance(st_transform(s_2653.the_geom, 25833), '0101000020E9640000E488A2A631E32341F99E07FE6F0B5741'::geometry))
                     Sort Method: top-N heapsort  Memory: 25kB
                     ->  Seq Scan on phoml_trajectory_tmp s_2653  (cost=0.00..165745.68 rows=1 width=84) (actual time=0.052..0.562 rows=476 loops=1)
                           Filter: ((unix_time >= '1685451570.776'::double precision) AND (unix_time <= '1685451630.776'::double precision) AND st_dwithin(st_transform(the_geom, 25833), '0101000020E9640000E488A2A631E32341F99E07FE6F0B5741'::geometry, '300'::double precision))
                           Rows Removed by Filter: 3184
   ->  Subquery Scan on "*SELECT* 2655"  (cost=165745.69..165745.70 rows=1 width=76) (actual time=0.636..0.637 rows=1 loops=1)
         ->  Limit  (cost=165745.69..165745.69 rows=1 width=84) (actual time=0.632..0.633 rows=1 loops=1)
               ->  Sort  (cost=165745.69..165745.69 rows=1 width=84) (actual time=0.630..0.631 rows=1 loops=1)
                     Sort Key: (st_distance(st_transform(s_2654.the_geom, 25833), '0101000020E96400004184204435E323417DA108C76E0B5741'::geometry))
                     Sort Method: top-N heapsort  Memory: 25kB
                     ->  Seq Scan on phoml_trajectory_tmp s_2654  (cost=0.00..165745.68 rows=1 width=84) (actual time=0.046..0.557 rows=476 loops=1)
                           Filter: ((unix_time >= '1685451571.232'::double precision) AND (unix_time <= '1685451631.232'::double precision) AND st_dwithin(st_transform(the_geom, 25833), '0101000020E96400004184204435E323417DA108C76E0B5741'::geometry, '300'::double precision))
                           Rows Removed by Filter: 3184
   ->  Subquery Scan on "*SELECT* 2656"  (cost=165745.69..165745.70 rows=1 width=76) (actual time=0.628..0.629 rows=1 loops=1)
         ->  Limit  (cost=165745.69..165745.69 rows=1 width=84) (actual time=0.626..0.626 rows=1 loops=1)
               ->  Sort  (cost=165745.69..165745.69 rows=1 width=84) (actual time=0.623..0.623 rows=1 loops=1)
                     Sort Key: (st_distance(st_transform(s_2655.the_geom, 25833), '0101000020E96400004083F14F35E32341FF6B543B6D0B5741'::geometry))
                     Sort Method: top-N heapsort  Memory: 25kB
                     ->  Seq Scan on phoml_trajectory_tmp s_2655  (cost=0.00..165745.68 rows=1 width=84) (actual time=0.041..0.552 rows=476 loops=1)
                           Filter: ((unix_time >= '1685451571.712'::double precision) AND (unix_time <= '1685451631.712'::double precision) AND st_dwithin(st_transform(the_geom, 25833), '0101000020E96400004083F14F35E32341FF6B543B6D0B5741'::geometry, '300'::double precision))
                           Rows Removed by Filter: 3184
   ->  Subquery Scan on "*SELECT* 2657"  (cost=165745.69..165745.70 rows=1 width=76) (actual time=0.630..0.631 rows=1 loops=1)
         ->  Limit  (cost=165745.69..165745.69 rows=1 width=84) (actual time=0.627..0.628 rows=1 loops=1)
               ->  Sort  (cost=165745.69..165745.69 rows=1 width=84) (actual time=0.625..0.625 rows=1 loops=1)
                     Sort Key: (st_distance(st_transform(s_2656.the_geom, 25833), '0101000020E9640000CA85CC3D32E3234139BFCA956B0B5741'::geometry))
                     Sort Method: top-N heapsort  Memory: 25kB
                     ->  Seq Scan on phoml_trajectory_tmp s_2656  (cost=0.00..165745.68 rows=1 width=84) (actual time=0.042..0.559 rows=476 loops=1)
                           Filter: ((unix_time >= '1685451572.189'::double precision) AND (unix_time <= '1685451632.189'::double precision) AND st_dwithin(st_transform(the_geom, 25833), '0101000020E9640000CA85CC3D32E3234139BFCA956B0B5741'::geometry, '300'::double precision))
                           Rows Removed by Filter: 3184
   ->  Subquery Scan on "*SELECT* 2658"  (cost=165745.69..165745.70 rows=1 width=76) (actual time=0.664..0.665 rows=1 loops=1)
         ->  Limit  (cost=165745.69..165745.69 rows=1 width=84) (actual time=0.660..0.661 rows=1 loops=1)
               ->  Sort  (cost=165745.69..165745.69 rows=1 width=84) (actual time=0.658..0.658 rows=1 loops=1)
                     Sort Key: (st_distance(st_transform(s_2657.the_geom, 25833), '0101000020E96400009515DF172CE3234168B7D8E5690B5741'::geometry))
                     Sort Method: top-N heapsort  Memory: 25kB
                     ->  Seq Scan on phoml_trajectory_tmp s_2657  (cost=0.00..165745.68 rows=1 width=84) (actual time=0.042..0.588 rows=472 loops=1)
                           Filter: ((unix_time >= '1685451572.679'::double precision) AND (unix_time <= '1685451632.679'::double precision) AND st_dwithin(st_transform(the_geom, 25833), '0101000020E96400009515DF172CE3234168B7D8E5690B5741'::geometry, '300'::double precision))
                           Rows Removed by Filter: 3188
   ->  Subquery Scan on "*SELECT* 2659"  (cost=165745.69..165745.70 rows=1 width=76) (actual time=0.633..0.634 rows=1 loops=1)
         ->  Limit  (cost=165745.69..165745.69 rows=1 width=84) (actual time=0.631..0.631 rows=1 loops=1)
               ->  Sort  (cost=165745.69..165745.69 rows=1 width=84) (actual time=0.628..0.629 rows=1 loops=1)
                     Sort Key: (st_distance(st_transform(s_2658.the_geom, 25833), '0101000020E9640000F1E325B223E323417536815B680B5741'::geometry))
                     Sort Method: top-N heapsort  Memory: 25kB
                     ->  Seq Scan on phoml_trajectory_tmp s_2658  (cost=0.00..165745.68 rows=1 width=84) (actual time=0.046..0.562 rows=472 loops=1)
                           Filter: ((unix_time >= '1685451573.183'::double precision) AND (unix_time <= '1685451633.183'::double precision) AND st_dwithin(st_transform(the_geom, 25833), '0101000020E9640000F1E325B223E323417536815B680B5741'::geometry, '300'::double precision))
                           Rows Removed by Filter: 3188
   ->  Subquery Scan on "*SELECT* 2660"  (cost=165745.69..165745.70 rows=1 width=76) (actual time=0.638..0.639 rows=1 loops=1)
         ->  Limit  (cost=165745.69..165745.69 rows=1 width=84) (actual time=0.634..0.635 rows=1 loops=1)
               ->  Sort  (cost=165745.69..165745.69 rows=1 width=84) (actual time=0.632..0.632 rows=1 loops=1)
                     Sort Key: (st_distance(st_transform(s_2659.the_geom, 25833), '0101000020E964000002BECF8E1AE323417D8EFCFB660B5741'::geometry))
                     Sort Method: top-N heapsort  Memory: 25kB
                     ->  Seq Scan on phoml_trajectory_tmp s_2659  (cost=0.00..165745.68 rows=1 width=84) (actual time=0.039..0.569 rows=476 loops=1)
                           Filter: ((unix_time >= '1685451573.663'::double precision) AND (unix_time <= '1685451633.663'::double precision) AND st_dwithin(st_transform(the_geom, 25833), '0101000020E964000002BECF8E1AE323417D8EFCFB660B5741'::geometry, '300'::double precision))
                           Rows Removed by Filter: 3184
   ->  Subquery Scan on "*SELECT* 2661"  (cost=165745.69..165745.70 rows=1 width=76) (actual time=0.623..0.624 rows=1 loops=1)
         ->  Limit  (cost=165745.69..165745.69 rows=1 width=84) (actual time=0.619..0.620 rows=1 loops=1)
               ->  Sort  (cost=165745.69..165745.69 rows=1 width=84) (actual time=0.617..0.618 rows=1 loops=1)
                     Sort Key: (st_distance(st_transform(s_2660.the_geom, 25833), '0101000020E96400000F9BEFF812E32341D9069FBE650B5741'::geometry))
                     Sort Method: top-N heapsort  Memory: 25kB
                     ->  Seq Scan on phoml_trajectory_tmp s_2660  (cost=0.00..165745.68 rows=1 width=84) (actual time=0.043..0.552 rows=476 loops=1)
                           Filter: ((unix_time >= '1685451574.142'::double precision) AND (unix_time <= '1685451634.142'::double precision) AND st_dwithin(st_transform(the_geom, 25833), '0101000020E96400000F9BEFF812E32341D9069FBE650B5741'::geometry, '300'::double precision))
                           Rows Removed by Filter: 3184
   ->  Subquery Scan on "*SELECT* 2662"  (cost=165745.69..165745.70 rows=1 width=76) (actual time=0.617..0.618 rows=1 loops=1)
         ->  Limit  (cost=165745.69..165745.69 rows=1 width=84) (actual time=0.615..0.616 rows=1 loops=1)
               ->  Sort  (cost=165745.69..165745.69 rows=1 width=84) (actual time=0.613..0.613 rows=1 loops=1)
                     Sort Key: (st_distance(st_transform(s_2661.the_geom, 25833), '0101000020E9640000964FB54D0EE323412989848E640B5741'::geometry))
                     Sort Method: top-N heapsort  Memory: 25kB
                     ->  Seq Scan on phoml_trajectory_tmp s_2661  (cost=0.00..165745.68 rows=1 width=84) (actual time=0.039..0.544 rows=476 loops=1)
                           Filter: ((unix_time >= '1685451574.612'::double precision) AND (unix_time <= '1685451634.612'::double precision) AND st_dwithin(st_transform(the_geom, 25833), '0101000020E9640000964FB54D0EE323412989848E640B5741'::geometry, '300'::double precision))
                           Rows Removed by Filter: 3184
   ->  Subquery Scan on "*SELECT* 2663"  (cost=165745.69..165745.70 rows=1 width=76) (actual time=0.627..0.628 rows=1 loops=1)
         ->  Limit  (cost=165745.69..165745.69 rows=1 width=84) (actual time=0.624..0.624 rows=1 loops=1)
               ->  Sort  (cost=165745.69..165745.69 rows=1 width=84) (actual time=0.622..0.622 rows=1 loops=1)
                     Sort Key: (st_distance(st_transform(s_2662.the_geom, 25833), '0101000020E96400009C880CA10BE323413942CE51630B5741'::geometry))
                     Sort Method: top-N heapsort  Memory: 25kB
                     ->  Seq Scan on phoml_trajectory_tmp s_2662  (cost=0.00..165745.68 rows=1 width=84) (actual time=0.042..0.555 rows=476 loops=1)
                           Filter: ((unix_time >= '1685451575.082'::double precision) AND (unix_time <= '1685451635.082'::double precision) AND st_dwithin(st_transform(the_geom, 25833), '0101000020E96400009C880CA10BE323413942CE51630B5741'::geometry, '300'::double precision))
                           Rows Removed by Filter: 3184
   ->  Subquery Scan on "*SELECT* 2664"  (cost=165745.69..165745.70 rows=1 width=76) (actual time=0.631..0.632 rows=1 loops=1)
         ->  Limit  (cost=165745.69..165745.69 rows=1 width=84) (actual time=0.628..0.629 rows=1 loops=1)
               ->  Sort  (cost=165745.69..165745.69 rows=1 width=84) (actual time=0.626..0.626 rows=1 loops=1)
                     Sort Key: (st_distance(st_transform(s_2663.the_geom, 25833), '0101000020E964000084ED07690AE3234133E8CC16620B5741'::geometry))
                     Sort Method: top-N heapsort  Memory: 25kB
                     ->  Seq Scan on phoml_trajectory_tmp s_2663  (cost=0.00..165745.68 rows=1 width=84) (actual time=0.040..0.559 rows=480 loops=1)
                           Filter: ((unix_time >= '1685451575.542'::double precision) AND (unix_time <= '1685451635.542'::double precision) AND st_dwithin(st_transform(the_geom, 25833), '0101000020E964000084ED07690AE3234133E8CC16620B5741'::geometry, '300'::double precision))
                           Rows Removed by Filter: 3180
   ->  Subquery Scan on "*SELECT* 2665"  (cost=165745.69..165745.70 rows=1 width=76) (actual time=0.620..0.621 rows=1 loops=1)
         ->  Limit  (cost=165745.69..165745.69 rows=1 width=84) (actual time=0.618..0.619 rows=1 loops=1)
               ->  Sort  (cost=165745.69..165745.69 rows=1 width=84) (actual time=0.616..0.616 rows=1 loops=1)
                     Sort Key: (st_distance(st_transform(s_2664.the_geom, 25833), '0101000020E9640000F0015D6709E32341EA9FBCDA600B5741'::geometry))
                     Sort Method: top-N heapsort  Memory: 25kB
                     ->  Seq Scan on phoml_trajectory_tmp s_2664  (cost=0.00..165745.68 rows=1 width=84) (actual time=0.041..0.549 rows=480 loops=1)
                           Filter: ((unix_time >= '1685451575.992'::double precision) AND (unix_time <= '1685451635.992'::double precision) AND st_dwithin(st_transform(the_geom, 25833), '0101000020E9640000F0015D6709E32341EA9FBCDA600B5741'::geometry, '300'::double precision))
                           Rows Removed by Filter: 3180
   ->  Subquery Scan on "*SELECT* 2666"  (cost=165745.69..165745.70 rows=1 width=76) (actual time=0.630..0.631 rows=1 loops=1)
         ->  Limit  (cost=165745.69..165745.69 rows=1 width=84) (actual time=0.627..0.627 rows=1 loops=1)
               ->  Sort  (cost=165745.69..165745.69 rows=1 width=84) (actual time=0.625..0.625 rows=1 loops=1)
                     Sort Key: (st_distance(st_transform(s_2665.the_geom, 25833), '0101000020E9640000D11085B708E32341EBCA67965F0B5741'::geometry))
                     Sort Method: top-N heapsort  Memory: 25kB
                     ->  Seq Scan on phoml_trajectory_tmp s_2665  (cost=0.00..165745.68 rows=1 width=84) (actual time=0.039..0.557 rows=480 loops=1)
                           Filter: ((unix_time >= '1685451576.435'::double precision) AND (unix_time <= '1685451636.435'::double precision) AND st_dwithin(st_transform(the_geom, 25833), '0101000020E9640000D11085B708E32341EBCA67965F0B5741'::geometry, '300'::double precision))
                           Rows Removed by Filter: 3180
   ->  Subquery Scan on "*SELECT* 2667"  (cost=165745.69..165745.70 rows=1 width=76) (actual time=0.630..0.631 rows=1 loops=1)
         ->  Limit  (cost=165745.69..165745.69 rows=1 width=84) (actual time=0.626..0.627 rows=1 loops=1)
               ->  Sort  (cost=165745.69..165745.69 rows=1 width=84) (actual time=0.624..0.624 rows=1 loops=1)
                     Sort Key: (st_distance(st_transform(s_2666.the_geom, 25833), '0101000020E96400009DEB8C5208E32341B17DE7565E0B5741'::geometry))
                     Sort Method: top-N heapsort  Memory: 25kB
                     ->  Seq Scan on phoml_trajectory_tmp s_2666  (cost=0.00..165745.68 rows=1 width=84) (actual time=0.042..0.556 rows=480 loops=1)
                           Filter: ((unix_time >= '1685451576.855'::double precision) AND (unix_time <= '1685451636.855'::double precision) AND st_dwithin(st_transform(the_geom, 25833), '0101000020E96400009DEB8C5208E32341B17DE7565E0B5741'::geometry, '300'::double precision))
                           Rows Removed by Filter: 3180
   ->  Subquery Scan on "*SELECT* 2668"  (cost=165745.69..165745.70 rows=1 width=76) (actual time=0.618..0.619 rows=1 loops=1)
         ->  Limit  (cost=165745.69..165745.69 rows=1 width=84) (actual time=0.616..0.617 rows=1 loops=1)
               ->  Sort  (cost=165745.69..165745.69 rows=1 width=84) (actual time=0.614..0.614 rows=1 loops=1)
                     Sort Key: (st_distance(st_transform(s_2667.the_geom, 25833), '0101000020E9640000D9275A1908E323416C7FC5185D0B5741'::geometry))
                     Sort Method: top-N heapsort  Memory: 25kB
                     ->  Seq Scan on phoml_trajectory_tmp s_2667  (cost=0.00..165745.68 rows=1 width=84) (actual time=0.039..0.545 rows=480 loops=1)
                           Filter: ((unix_time >= '1685451577.268'::double precision) AND (unix_time <= '1685451637.268'::double precision) AND st_dwithin(st_transform(the_geom, 25833), '0101000020E9640000D9275A1908E323416C7FC5185D0B5741'::geometry, '300'::double precision))
                           Rows Removed by Filter: 3180
   ->  Subquery Scan on "*SELECT* 2669"  (cost=165745.69..165745.70 rows=1 width=76) (actual time=0.633..0.634 rows=1 loops=1)
         ->  Limit  (cost=165745.69..165745.69 rows=1 width=84) (actual time=0.628..0.628 rows=1 loops=1)
               ->  Sort  (cost=165745.69..165745.69 rows=1 width=84) (actual time=0.626..0.626 rows=1 loops=1)
                     Sort Key: (st_distance(st_transform(s_2668.the_geom, 25833), '0101000020E9640000E4E6B89607E32341C3A8F3CD5B0B5741'::geometry))
                     Sort Method: top-N heapsort  Memory: 25kB
                     ->  Seq Scan on phoml_trajectory_tmp s_2668  (cost=0.00..165745.68 rows=1 width=84) (actual time=0.040..0.557 rows=480 loops=1)
                           Filter: ((unix_time >= '1685451577.698'::double precision) AND (unix_time <= '1685451637.698'::double precision) AND st_dwithin(st_transform(the_geom, 25833), '0101000020E9640000E4E6B89607E32341C3A8F3CD5B0B5741'::geometry, '300'::double precision))
                           Rows Removed by Filter: 3180
   ->  Subquery Scan on "*SELECT* 2670"  (cost=165745.69..165745.70 rows=1 width=76) (actual time=0.640..0.641 rows=1 loops=1)
         ->  Limit  (cost=165745.69..165745.69 rows=1 width=84) (actual time=0.638..0.639 rows=1 loops=1)
               ->  Sort  (cost=165745.69..165745.69 rows=1 width=84) (actual time=0.617..0.617 rows=1 loops=1)
                     Sort Key: (st_distance(st_transform(s_2669.the_geom, 25833), '0101000020E964000066A08A5607E32341B42D39925A0B5741'::geometry))
                     Sort Method: top-N heapsort  Memory: 25kB
                     ->  Seq Scan on phoml_trajectory_tmp s_2669  (cost=0.00..165745.68 rows=1 width=84) (actual time=0.045..0.549 rows=478 loops=1)
                           Filter: ((unix_time >= '1685451578.108'::double precision) AND (unix_time <= '1685451638.108'::double precision) AND st_dwithin(st_transform(the_geom, 25833), '0101000020E964000066A08A5607E32341B42D39925A0B5741'::geometry, '300'::double precision))
                           Rows Removed by Filter: 3182
   ->  Subquery Scan on "*SELECT* 2671"  (cost=165745.69..165745.70 rows=1 width=76) (actual time=0.623..0.624 rows=1 loops=1)
         ->  Limit  (cost=165745.69..165745.69 rows=1 width=84) (actual time=0.621..0.621 rows=1 loops=1)
               ->  Sort  (cost=165745.69..165745.69 rows=1 width=84) (actual time=0.619..0.619 rows=1 loops=1)
                     Sort Key: (st_distance(st_transform(s_2670.the_geom, 25833), '0101000020E9640000B9BC6BAC06E32341502DFF56590B5741'::geometry))
                     Sort Method: top-N heapsort  Memory: 25kB
                     ->  Seq Scan on phoml_trajectory_tmp s_2670  (cost=0.00..165745.68 rows=1 width=84) (actual time=0.052..0.552 rows=476 loops=1)
                           Filter: ((unix_time >= '1685451578.515'::double precision) AND (unix_time <= '1685451638.515'::double precision) AND st_dwithin(st_transform(the_geom, 25833), '0101000020E9640000B9BC6BAC06E32341502DFF56590B5741'::geometry, '300'::double precision))
                           Rows Removed by Filter: 3184
   ->  Subquery Scan on "*SELECT* 2672"  (cost=165745.69..165745.70 rows=1 width=76) (actual time=0.625..0.626 rows=1 loops=1)
         ->  Limit  (cost=165745.69..165745.69 rows=1 width=84) (actual time=0.621..0.622 rows=1 loops=1)
               ->  Sort  (cost=165745.69..165745.69 rows=1 width=84) (actual time=0.619..0.620 rows=1 loops=1)
                     Sort Key: (st_distance(st_transform(s_2671.the_geom, 25833), '0101000020E9640000F04FA0B905E32341EC96F80C580B5741'::geometry))
                     Sort Method: top-N heapsort  Memory: 25kB
                     ->  Seq Scan on phoml_trajectory_tmp s_2671  (cost=0.00..165745.68 rows=1 width=84) (actual time=0.040..0.547 rows=476 loops=1)
                           Filter: ((unix_time >= '1685451578.935'::double precision) AND (unix_time <= '1685451638.935'::double precision) AND st_dwithin(st_transform(the_geom, 25833), '0101000020E9640000F04FA0B905E32341EC96F80C580B5741'::geometry, '300'::double precision))
                           Rows Removed by Filter: 3184
   ->  Subquery Scan on "*SELECT* 2673"  (cost=165745.69..165745.70 rows=1 width=76) (actual time=0.620..0.621 rows=1 loops=1)
         ->  Limit  (cost=165745.69..165745.69 rows=1 width=84) (actual time=0.618..0.619 rows=1 loops=1)
               ->  Sort  (cost=165745.69..165745.69 rows=1 width=84) (actual time=0.616..0.617 rows=1 loops=1)
                     Sort Key: (st_distance(st_transform(s_2672.the_geom, 25833), '0101000020E96400006F9AED6A04E32341F7789FCC560B5741'::geometry))
                     Sort Method: top-N heapsort  Memory: 25kB
                     ->  Seq Scan on phoml_trajectory_tmp s_2672  (cost=0.00..165745.68 rows=1 width=84) (actual time=0.041..0.549 rows=476 loops=1)
                           Filter: ((unix_time >= '1685451579.351'::double precision) AND (unix_time <= '1685451639.351'::double precision) AND st_dwithin(st_transform(the_geom, 25833), '0101000020E96400006F9AED6A04E32341F7789FCC560B5741'::geometry, '300'::double precision))
                           Rows Removed by Filter: 3184
   ->  Subquery Scan on "*SELECT* 2674"  (cost=165745.69..165745.70 rows=1 width=76) (actual time=0.622..0.623 rows=1 loops=1)
         ->  Limit  (cost=165745.69..165745.69 rows=1 width=84) (actual time=0.618..0.619 rows=1 loops=1)
               ->  Sort  (cost=165745.69..165745.69 rows=1 width=84) (actual time=0.616..0.617 rows=1 loops=1)
                     Sort Key: (st_distance(st_transform(s_2673.the_geom, 25833), '0101000020E96400009DB2F20C03E32341F6AB2A9A550B5741'::geometry))
                     Sort Method: top-N heapsort  Memory: 25kB
                     ->  Seq Scan on phoml_trajectory_tmp s_2673  (cost=0.00..165745.68 rows=1 width=84) (actual time=0.038..0.550 rows=476 loops=1)
                           Filter: ((unix_time >= '1685451579.761'::double precision) AND (unix_time <= '1685451639.761'::double precision) AND st_dwithin(st_transform(the_geom, 25833), '0101000020E96400009DB2F20C03E32341F6AB2A9A550B5741'::geometry, '300'::double precision))
                           Rows Removed by Filter: 3184
   ->  Subquery Scan on "*SELECT* 2675"  (cost=165745.69..165745.70 rows=1 width=76) (actual time=0.624..0.625 rows=1 loops=1)
         ->  Limit  (cost=165745.69..165745.69 rows=1 width=84) (actual time=0.621..0.621 rows=1 loops=1)
               ->  Sort  (cost=165745.69..165745.69 rows=1 width=84) (actual time=0.619..0.619 rows=1 loops=1)
                     Sort Key: (st_distance(st_transform(s_2674.the_geom, 25833), '0101000020E964000075574B9D01E323411D6FBF59540B5741'::geometry))
                     Sort Method: top-N heapsort  Memory: 25kB
                     ->  Seq Scan on phoml_trajectory_tmp s_2674  (cost=0.00..165745.68 rows=1 width=84) (actual time=0.044..0.551 rows=472 loops=1)
                           Filter: ((unix_time >= '1685451580.197'::double precision) AND (unix_time <= '1685451640.197'::double precision) AND st_dwithin(st_transform(the_geom, 25833), '0101000020E964000075574B9D01E323411D6FBF59540B5741'::geometry, '300'::double precision))
                           Rows Removed by Filter: 3188
   ->  Subquery Scan on "*SELECT* 2676"  (cost=165745.69..165745.70 rows=1 width=76) (actual time=0.609..0.611 rows=1 loops=1)
         ->  Limit  (cost=165745.69..165745.69 rows=1 width=84) (actual time=0.607..0.608 rows=1 loops=1)
               ->  Sort  (cost=165745.69..165745.69 rows=1 width=84) (actual time=0.605..0.606 rows=1 loops=1)
                     Sort Key: (st_distance(st_transform(s_2675.the_geom, 25833), '0101000020E964000090F2923100E32341D53E2421530B5741'::geometry))
                     Sort Method: top-N heapsort  Memory: 25kB
                     ->  Seq Scan on phoml_trajectory_tmp s_2675  (cost=0.00..165745.68 rows=1 width=84) (actual time=0.039..0.536 rows=472 loops=1)
                           Filter: ((unix_time >= '1685451580.617'::double precision) AND (unix_time <= '1685451640.617'::double precision) AND st_dwithin(st_transform(the_geom, 25833), '0101000020E964000090F2923100E32341D53E2421530B5741'::geometry, '300'::double precision))
                           Rows Removed by Filter: 3188
   ->  Subquery Scan on "*SELECT* 2677"  (cost=165745.69..165745.70 rows=1 width=76) (actual time=0.655..0.656 rows=1 loops=1)
         ->  Limit  (cost=165745.69..165745.69 rows=1 width=84) (actual time=0.650..0.651 rows=1 loops=1)
               ->  Sort  (cost=165745.69..165745.69 rows=1 width=84) (actual time=0.648..0.648 rows=1 loops=1)
                     Sort Key: (st_distance(st_transform(s_2676.the_geom, 25833), '0101000020E9640000D166EC71FFE2234180FA16DE510B5741'::geometry))
                     Sort Method: top-N heapsort  Memory: 25kB
                     ->  Seq Scan on phoml_trajectory_tmp s_2676  (cost=0.00..165745.68 rows=1 width=84) (actual time=0.040..0.571 rows=472 loops=1)
                           Filter: ((unix_time >= '1685451581.067'::double precision) AND (unix_time <= '1685451641.067'::double precision) AND st_dwithin(st_transform(the_geom, 25833), '0101000020E9640000D166EC71FFE2234180FA16DE510B5741'::geometry, '300'::double precision))
                           Rows Removed by Filter: 3188
   ->  Subquery Scan on "*SELECT* 2678"  (cost=165745.69..165745.70 rows=1 width=76) (actual time=0.626..0.627 rows=1 loops=1)
         ->  Limit  (cost=165745.69..165745.69 rows=1 width=84) (actual time=0.622..0.623 rows=1 loops=1)
               ->  Sort  (cost=165745.69..165745.69 rows=1 width=84) (actual time=0.620..0.620 rows=1 loops=1)
                     Sort Key: (st_distance(st_transform(s_2677.the_geom, 25833), '0101000020E9640000D175CBF7FFE22341364EE390500B5741'::geometry))
                     Sort Method: top-N heapsort  Memory: 25kB
                     ->  Seq Scan on phoml_trajectory_tmp s_2677  (cost=0.00..165745.68 rows=1 width=84) (actual time=0.042..0.553 rows=470 loops=1)
                           Filter: ((unix_time >= '1685451581.538'::double precision) AND (unix_time <= '1685451641.538'::double precision) AND st_dwithin(st_transform(the_geom, 25833), '0101000020E9640000D175CBF7FFE22341364EE390500B5741'::geometry, '300'::double precision))
                           Rows Removed by Filter: 3190
   ->  Subquery Scan on "*SELECT* 2679"  (cost=165745.69..165745.70 rows=1 width=76) (actual time=0.609..0.610 rows=1 loops=1)
         ->  Limit  (cost=165745.69..165745.69 rows=1 width=84) (actual time=0.607..0.607 rows=1 loops=1)
               ->  Sort  (cost=165745.69..165745.69 rows=1 width=84) (actual time=0.605..0.605 rows=1 loops=1)
                     Sort Key: (st_distance(st_transform(s_2678.the_geom, 25833), '0101000020E964000088CAA37503E32341942F8E504F0B5741'::geometry))
                     Sort Method: top-N heapsort  Memory: 25kB
                     ->  Seq Scan on phoml_trajectory_tmp s_2678  (cost=0.00..165745.68 rows=1 width=84) (actual time=0.046..0.539 rows=468 loops=1)
                           Filter: ((unix_time >= '1685451582.008'::double precision) AND (unix_time <= '1685451642.008'::double precision) AND st_dwithin(st_transform(the_geom, 25833), '0101000020E964000088CAA37503E32341942F8E504F0B5741'::geometry, '300'::double precision))
                           Rows Removed by Filter: 3192
   ->  Subquery Scan on "*SELECT* 2680"  (cost=165745.69..165745.70 rows=1 width=76) (actual time=0.608..0.609 rows=1 loops=1)
         ->  Limit  (cost=165745.69..165745.69 rows=1 width=84) (actual time=0.604..0.605 rows=1 loops=1)
               ->  Sort  (cost=165745.69..165745.69 rows=1 width=84) (actual time=0.603..0.603 rows=1 loops=1)
                     Sort Key: (st_distance(st_transform(s_2679.the_geom, 25833), '0101000020E9640000AE4F5FD709E3234188988E144E0B5741'::geometry))
                     Sort Method: top-N heapsort  Memory: 25kB
                     ->  Seq Scan on phoml_trajectory_tmp s_2679  (cost=0.00..165745.68 rows=1 width=84) (actual time=0.038..0.537 rows=468 loops=1)
                           Filter: ((unix_time >= '1685451582.496'::double precision) AND (unix_time <= '1685451642.496'::double precision) AND st_dwithin(st_transform(the_geom, 25833), '0101000020E9640000AE4F5FD709E3234188988E144E0B5741'::geometry, '300'::double precision))
                           Rows Removed by Filter: 3192
   ->  Subquery Scan on "*SELECT* 2681"  (cost=165745.69..165745.70 rows=1 width=76) (actual time=0.611..0.612 rows=1 loops=1)
         ->  Limit  (cost=165745.69..165745.69 rows=1 width=84) (actual time=0.609..0.610 rows=1 loops=1)
               ->  Sort  (cost=165745.69..165745.69 rows=1 width=84) (actual time=0.607..0.607 rows=1 loops=1)
                     Sort Key: (st_distance(st_transform(s_2680.the_geom, 25833), '0101000020E9640000B6CF73A212E32341F09659F24C0B5741'::geometry))
                     Sort Method: top-N heapsort  Memory: 25kB
                     ->  Seq Scan on phoml_trajectory_tmp s_2680  (cost=0.00..165745.68 rows=1 width=84) (actual time=0.039..0.542 rows=468 loops=1)
                           Filter: ((unix_time >= '1685451582.996'::double precision) AND (unix_time <= '1685451642.996'::double precision) AND st_dwithin(st_transform(the_geom, 25833), '0101000020E9640000B6CF73A212E32341F09659F24C0B5741'::geometry, '300'::double precision))
                           Rows Removed by Filter: 3192
   ->  Subquery Scan on "*SELECT* 2682"  (cost=165745.69..165745.70 rows=1 width=76) (actual time=0.608..0.609 rows=1 loops=1)
         ->  Limit  (cost=165745.69..165745.69 rows=1 width=84) (actual time=0.605..0.606 rows=1 loops=1)
               ->  Sort  (cost=165745.69..165745.69 rows=1 width=84) (actual time=0.603..0.604 rows=1 loops=1)
                     Sort Key: (st_distance(st_transform(s_2681.the_geom, 25833), '0101000020E96400004A5D18FA1CE3234157C48FF04B0B5741'::geometry))
                     Sort Method: top-N heapsort  Memory: 25kB
                     ->  Seq Scan on phoml_trajectory_tmp s_2681  (cost=0.00..165745.68 rows=1 width=84) (actual time=0.046..0.536 rows=464 loops=1)
                           Filter: ((unix_time >= '1685451583.509'::double precision) AND (unix_time <= '1685451643.509'::double precision) AND st_dwithin(st_transform(the_geom, 25833), '0101000020E96400004A5D18FA1CE3234157C48FF04B0B5741'::geometry, '300'::double precision))
                           Rows Removed by Filter: 3196
   ->  Subquery Scan on "*SELECT* 2683"  (cost=165745.69..165745.70 rows=1 width=76) (actual time=0.605..0.606 rows=1 loops=1)
         ->  Limit  (cost=165745.69..165745.69 rows=1 width=84) (actual time=0.602..0.603 rows=1 loops=1)
               ->  Sort  (cost=165745.69..165745.69 rows=1 width=84) (actual time=0.600..0.601 rows=1 loops=1)
                     Sort Key: (st_distance(st_transform(s_2682.the_geom, 25833), '0101000020E96400004AD075F127E32341CDBF17204B0B5741'::geometry))
                     Sort Method: top-N heapsort  Memory: 25kB
                     ->  Seq Scan on phoml_trajectory_tmp s_2682  (cost=0.00..165745.68 rows=1 width=84) (actual time=0.040..0.535 rows=464 loops=1)
                           Filter: ((unix_time >= '1685451584.009'::double precision) AND (unix_time <= '1685451644.009'::double precision) AND st_dwithin(st_transform(the_geom, 25833), '0101000020E96400004AD075F127E32341CDBF17204B0B5741'::geometry, '300'::double precision))
                           Rows Removed by Filter: 3196
   ->  Subquery Scan on "*SELECT* 2684"  (cost=165745.69..165745.70 rows=1 width=76) (actual time=0.594..0.595 rows=1 loops=1)
         ->  Limit  (cost=165745.69..165745.69 rows=1 width=84) (actual time=0.592..0.592 rows=1 loops=1)
               ->  Sort  (cost=165745.69..165745.69 rows=1 width=84) (actual time=0.590..0.590 rows=1 loops=1)
                     Sort Key: (st_distance(st_transform(s_2683.the_geom, 25833), '0101000020E9640000B6F96ED033E323416F007B6D4A0B5741'::geometry))
                     Sort Method: top-N heapsort  Memory: 25kB
                     ->  Seq Scan on phoml_trajectory_tmp s_2683  (cost=0.00..165745.68 rows=1 width=84) (actual time=0.037..0.524 rows=460 loops=1)
                           Filter: ((unix_time >= '1685451584.502'::double precision) AND (unix_time <= '1685451644.502'::double precision) AND st_dwithin(st_transform(the_geom, 25833), '0101000020E9640000B6F96ED033E323416F007B6D4A0B5741'::geometry, '300'::double precision))
                           Rows Removed by Filter: 3200
   ->  Subquery Scan on "*SELECT* 2685"  (cost=165745.69..165745.70 rows=1 width=76) (actual time=0.600..0.601 rows=1 loops=1)
         ->  Limit  (cost=165745.69..165745.69 rows=1 width=84) (actual time=0.596..0.597 rows=1 loops=1)
               ->  Sort  (cost=165745.69..165745.69 rows=1 width=84) (actual time=0.595..0.595 rows=1 loops=1)
                     Sort Key: (st_distance(st_transform(s_2684.the_geom, 25833), '0101000020E964000075E50A8C3FE32341D4207BE1490B5741'::geometry))
                     Sort Method: top-N heapsort  Memory: 25kB
                     ->  Seq Scan on phoml_trajectory_tmp s_2684  (cost=0.00..165745.68 rows=1 width=84) (actual time=0.041..0.531 rows=460 loops=1)
                           Filter: ((unix_time >= '1685451584.982'::double precision) AND (unix_time <= '1685451644.982'::double precision) AND st_dwithin(st_transform(the_geom, 25833), '0101000020E964000075E50A8C3FE32341D4207BE1490B5741'::geometry, '300'::double precision))
                           Rows Removed by Filter: 3200
   ->  Subquery Scan on "*SELECT* 2686"  (cost=165745.69..165745.70 rows=1 width=76) (actual time=0.604..0.605 rows=1 loops=1)
         ->  Limit  (cost=165745.69..165745.69 rows=1 width=84) (actual time=0.600..0.602 rows=1 loops=1)
               ->  Sort  (cost=165745.69..165745.69 rows=1 width=84) (actual time=0.598..0.599 rows=1 loops=1)
                     Sort Key: (st_distance(st_transform(s_2685.the_geom, 25833), '0101000020E9640000190FED944AE32341BAB86C51490B5741'::geometry))
                     Sort Method: top-N heapsort  Memory: 25kB
                     ->  Seq Scan on phoml_trajectory_tmp s_2685  (cost=0.00..165745.68 rows=1 width=84) (actual time=0.038..0.533 rows=460 loops=1)
                           Filter: ((unix_time >= '1685451585.459'::double precision) AND (unix_time <= '1685451645.459'::double precision) AND st_dwithin(st_transform(the_geom, 25833), '0101000020E9640000190FED944AE32341BAB86C51490B5741'::geometry, '300'::double precision))
                           Rows Removed by Filter: 3200
   ->  Subquery Scan on "*SELECT* 2687"  (cost=165745.69..165745.70 rows=1 width=76) (actual time=0.609..0.610 rows=1 loops=1)
         ->  Limit  (cost=165745.69..165745.69 rows=1 width=84) (actual time=0.607..0.608 rows=1 loops=1)
               ->  Sort  (cost=165745.69..165745.69 rows=1 width=84) (actual time=0.605..0.605 rows=1 loops=1)
                     Sort Key: (st_distance(st_transform(s_2686.the_geom, 25833), '0101000020E9640000B527A21454E323414E6AC9C0480B5741'::geometry))
                     Sort Method: top-N heapsort  Memory: 25kB
                     ->  Seq Scan on phoml_trajectory_tmp s_2686  (cost=0.00..165745.68 rows=1 width=84) (actual time=0.057..0.541 rows=456 loops=1)
                           Filter: ((unix_time >= '1685451585.909'::double precision) AND (unix_time <= '1685451645.909'::double precision) AND st_dwithin(st_transform(the_geom, 25833), '0101000020E9640000B527A21454E323414E6AC9C0480B5741'::geometry, '300'::double precision))
                           Rows Removed by Filter: 3204
   ->  Subquery Scan on "*SELECT* 2688"  (cost=165745.69..165745.70 rows=1 width=76) (actual time=0.588..0.589 rows=1 loops=1)
         ->  Limit  (cost=165745.69..165745.69 rows=1 width=84) (actual time=0.585..0.585 rows=1 loops=1)
               ->  Sort  (cost=165745.69..165745.69 rows=1 width=84) (actual time=0.583..0.583 rows=1 loops=1)
                     Sort Key: (st_distance(st_transform(s_2687.the_geom, 25833), '0101000020E9640000516CA5405DE32341FA3D5218480B5741'::geometry))
                     Sort Method: top-N heapsort  Memory: 25kB
                     ->  Seq Scan on phoml_trajectory_tmp s_2687  (cost=0.00..165745.68 rows=1 width=84) (actual time=0.038..0.518 rows=452 loops=1)
                           Filter: ((unix_time >= '1685451586.361'::double precision) AND (unix_time <= '1685451646.361'::double precision) AND st_dwithin(st_transform(the_geom, 25833), '0101000020E9640000516CA5405DE32341FA3D5218480B5741'::geometry, '300'::double precision))
                           Rows Removed by Filter: 3208
   ->  Subquery Scan on "*SELECT* 2689"  (cost=165745.69..165745.70 rows=1 width=76) (actual time=0.582..0.583 rows=1 loops=1)
         ->  Limit  (cost=165745.69..165745.69 rows=1 width=84) (actual time=0.580..0.580 rows=1 loops=1)
               ->  Sort  (cost=165745.69..165745.69 rows=1 width=84) (actual time=0.578..0.578 rows=1 loops=1)
                     Sort Key: (st_distance(st_transform(s_2688.the_geom, 25833), '0101000020E96400007CCCB91F66E32341C7B72E6F470B5741'::geometry))
                     Sort Method: top-N heapsort  Memory: 25kB
                     ->  Seq Scan on phoml_trajectory_tmp s_2688  (cost=0.00..165745.68 rows=1 width=84) (actual time=0.038..0.513 rows=448 loops=1)
                           Filter: ((unix_time >= '1685451586.801'::double precision) AND (unix_time <= '1685451646.801'::double precision) AND st_dwithin(st_transform(the_geom, 25833), '0101000020E96400007CCCB91F66E32341C7B72E6F470B5741'::geometry, '300'::double precision))
                           Rows Removed by Filter: 3212
   ->  Subquery Scan on "*SELECT* 2690"  (cost=165745.69..165745.70 rows=1 width=76) (actual time=0.589..0.590 rows=1 loops=1)
         ->  Limit  (cost=165745.69..165745.69 rows=1 width=84) (actual time=0.586..0.586 rows=1 loops=1)
               ->  Sort  (cost=165745.69..165745.69 rows=1 width=84) (actual time=0.584..0.584 rows=1 loops=1)
                     Sort Key: (st_distance(st_transform(s_2689.the_geom, 25833), '0101000020E964000023A097DE6EE32341880D84BF460B5741'::geometry))
                     Sort Method: top-N heapsort  Memory: 25kB
                     ->  Seq Scan on phoml_trajectory_tmp s_2689  (cost=0.00..165745.68 rows=1 width=84) (actual time=0.039..0.521 rows=444 loops=1)
                           Filter: ((unix_time >= '1685451587.236'::double precision) AND (unix_time <= '1685451647.236'::double precision) AND st_dwithin(st_transform(the_geom, 25833), '0101000020E964000023A097DE6EE32341880D84BF460B5741'::geometry, '300'::double precision))
                           Rows Removed by Filter: 3216
   ->  Subquery Scan on "*SELECT* 2691"  (cost=165745.69..165745.70 rows=1 width=76) (actual time=0.590..0.591 rows=1 loops=1)
         ->  Limit  (cost=165745.69..165745.69 rows=1 width=84) (actual time=0.586..0.587 rows=1 loops=1)
               ->  Sort  (cost=165745.69..165745.69 rows=1 width=84) (actual time=0.584..0.585 rows=1 loops=1)
                     Sort Key: (st_distance(st_transform(s_2690.the_geom, 25833), '0101000020E96400005F04E30677E3234153A84B13460B5741'::geometry))
                     Sort Method: top-N heapsort  Memory: 25kB
                     ->  Seq Scan on phoml_trajectory_tmp s_2690  (cost=0.00..165745.68 rows=1 width=84) (actual time=0.040..0.520 rows=444 loops=1)
                           Filter: ((unix_time >= '1685451587.636'::double precision) AND (unix_time <= '1685451647.636'::double precision) AND st_dwithin(st_transform(the_geom, 25833), '0101000020E96400005F04E30677E3234153A84B13460B5741'::geometry, '300'::double precision))
                           Rows Removed by Filter: 3216
   ->  Subquery Scan on "*SELECT* 2692"  (cost=165745.69..165745.70 rows=1 width=76) (actual time=0.572..0.573 rows=1 loops=1)
         ->  Limit  (cost=165745.69..165745.69 rows=1 width=84) (actual time=0.570..0.570 rows=1 loops=1)
               ->  Sort  (cost=165745.69..165745.69 rows=1 width=84) (actual time=0.568..0.568 rows=1 loops=1)
                     Sort Key: (st_distance(st_transform(s_2691.the_geom, 25833), '0101000020E9640000269847567FE3234165B9D853450B5741'::geometry))
                     Sort Method: top-N heapsort  Memory: 25kB
                     ->  Seq Scan on phoml_trajectory_tmp s_2691  (cost=0.00..165745.68 rows=1 width=84) (actual time=0.037..0.506 rows=440 loops=1)
                           Filter: ((unix_time >= '1685451588.046'::double precision) AND (unix_time <= '1685451648.046'::double precision) AND st_dwithin(st_transform(the_geom, 25833), '0101000020E9640000269847567FE3234165B9D853450B5741'::geometry, '300'::double precision))
                           Rows Removed by Filter: 3220
   ->  Subquery Scan on "*SELECT* 2693"  (cost=165745.69..165745.70 rows=1 width=76) (actual time=0.575..0.576 rows=1 loops=1)
         ->  Limit  (cost=165745.69..165745.69 rows=1 width=84) (actual time=0.572..0.572 rows=1 loops=1)
               ->  Sort  (cost=165745.69..165745.69 rows=1 width=84) (actual time=0.570..0.570 rows=1 loops=1)
                     Sort Key: (st_distance(st_transform(s_2692.the_geom, 25833), '0101000020E9640000B21E640187E32341963B618D440B5741'::geometry))
                     Sort Method: top-N heapsort  Memory: 25kB
                     ->  Seq Scan on phoml_trajectory_tmp s_2692  (cost=0.00..165745.68 rows=1 width=84) (actual time=0.037..0.509 rows=436 loops=1)
                           Filter: ((unix_time >= '1685451588.435'::double precision) AND (unix_time <= '1685451648.435'::double precision) AND st_dwithin(st_transform(the_geom, 25833), '0101000020E9640000B21E640187E32341963B618D440B5741'::geometry, '300'::double precision))
                           Rows Removed by Filter: 3224
   ->  Subquery Scan on "*SELECT* 2694"  (cost=165745.69..165745.70 rows=1 width=76) (actual time=0.557..0.558 rows=1 loops=1)
         ->  Limit  (cost=165745.69..165745.69 rows=1 width=84) (actual time=0.555..0.555 rows=1 loops=1)
               ->  Sort  (cost=165745.69..165745.69 rows=1 width=84) (actual time=0.553..0.553 rows=1 loops=1)
                     Sort Key: (st_distance(st_transform(s_2693.the_geom, 25833), '0101000020E96400007CD19DFD8EE32341E160E9C9430B5741'::geometry))
                     Sort Method: top-N heapsort  Memory: 25kB
                     ->  Seq Scan on phoml_trajectory_tmp s_2693  (cost=0.00..165745.68 rows=1 width=84) (actual time=0.038..0.492 rows=432 loops=1)
                           Filter: ((unix_time >= '1685451588.845'::double precision) AND (unix_time <= '1685451648.845'::double precision) AND st_dwithin(st_transform(the_geom, 25833), '0101000020E96400007CD19DFD8EE32341E160E9C9430B5741'::geometry, '300'::double precision))
                           Rows Removed by Filter: 3228
   ->  Subquery Scan on "*SELECT* 2695"  (cost=165745.69..165745.70 rows=1 width=76) (actual time=0.610..0.611 rows=1 loops=1)
         ->  Limit  (cost=165745.69..165745.69 rows=1 width=84) (actual time=0.605..0.606 rows=1 loops=1)
               ->  Sort  (cost=165745.69..165745.69 rows=1 width=84) (actual time=0.603..0.604 rows=1 loops=1)
                     Sort Key: (st_distance(st_transform(s_2694.the_geom, 25833), '0101000020E9640000B53E3C0197E323414A0AE100430B5741'::geometry))
                     Sort Method: top-N heapsort  Memory: 25kB
                     ->  Seq Scan on phoml_trajectory_tmp s_2694  (cost=0.00..165745.68 rows=1 width=84) (actual time=0.039..0.526 rows=428 loops=1)
                           Filter: ((unix_time >= '1685451589.234'::double precision) AND (unix_time <= '1685451649.234'::double precision) AND st_dwithin(st_transform(the_geom, 25833), '0101000020E9640000B53E3C0197E323414A0AE100430B5741'::geometry, '300'::double precision))
                           Rows Removed by Filter: 3232
   ->  Subquery Scan on "*SELECT* 2696"  (cost=165745.69..165745.70 rows=1 width=76) (actual time=0.565..0.566 rows=1 loops=1)
         ->  Limit  (cost=165745.69..165745.69 rows=1 width=84) (actual time=0.561..0.562 rows=1 loops=1)
               ->  Sort  (cost=165745.69..165745.69 rows=1 width=84) (actual time=0.559..0.560 rows=1 loops=1)
                     Sort Key: (st_distance(st_transform(s_2695.the_geom, 25833), '0101000020E9640000D809DAD69EE32341D5E59543420B5741'::geometry))
                     Sort Method: top-N heapsort  Memory: 25kB
                     ->  Seq Scan on phoml_trajectory_tmp s_2695  (cost=0.00..165745.68 rows=1 width=84) (actual time=0.037..0.499 rows=428 loops=1)
                           Filter: ((unix_time >= '1685451589.614'::double precision) AND (unix_time <= '1685451649.614'::double precision) AND st_dwithin(st_transform(the_geom, 25833), '0101000020E9640000D809DAD69EE32341D5E59543420B5741'::geometry, '300'::double precision))
                           Rows Removed by Filter: 3232
   ->  Subquery Scan on "*SELECT* 2697"  (cost=165745.69..165745.70 rows=1 width=76) (actual time=0.559..0.560 rows=1 loops=1)
         ->  Limit  (cost=165745.69..165745.69 rows=1 width=84) (actual time=0.556..0.557 rows=1 loops=1)
               ->  Sort  (cost=165745.69..165745.69 rows=1 width=84) (actual time=0.554..0.554 rows=1 loops=1)
                     Sort Key: (st_distance(st_transform(s_2696.the_geom, 25833), '0101000020E964000031C4B28BA6E32341BF7F9D75410B5741'::geometry))
                     Sort Method: top-N heapsort  Memory: 25kB
                     ->  Seq Scan on phoml_trajectory_tmp s_2696  (cost=0.00..165745.68 rows=1 width=84) (actual time=0.040..0.494 rows=424 loops=1)
                           Filter: ((unix_time >= '1685451589.994'::double precision) AND (unix_time <= '1685451649.994'::double precision) AND st_dwithin(st_transform(the_geom, 25833), '0101000020E964000031C4B28BA6E32341BF7F9D75410B5741'::geometry, '300'::double precision))
                           Rows Removed by Filter: 3236
   ->  Subquery Scan on "*SELECT* 2698"  (cost=165745.69..165745.70 rows=1 width=76) (actual time=0.562..0.563 rows=1 loops=1)
         ->  Limit  (cost=165745.69..165745.69 rows=1 width=84) (actual time=0.558..0.559 rows=1 loops=1)
               ->  Sort  (cost=165745.69..165745.69 rows=1 width=84) (actual time=0.557..0.557 rows=1 loops=1)
                     Sort Key: (st_distance(st_transform(s_2697.the_geom, 25833), '0101000020E96400003C8BACF2ADE3234166236AA7400B5741'::geometry))
                     Sort Method: top-N heapsort  Memory: 25kB
                     ->  Seq Scan on phoml_trajectory_tmp s_2697  (cost=0.00..165745.68 rows=1 width=84) (actual time=0.038..0.496 rows=420 loops=1)
                           Filter: ((unix_time >= '1685451590.372'::double precision) AND (unix_time <= '1685451650.372'::double precision) AND st_dwithin(st_transform(the_geom, 25833), '0101000020E96400003C8BACF2ADE3234166236AA7400B5741'::geometry, '300'::double precision))
                           Rows Removed by Filter: 3240
   ->  Subquery Scan on "*SELECT* 2699"  (cost=165745.69..165745.70 rows=1 width=76) (actual time=0.540..0.541 rows=1 loops=1)
         ->  Limit  (cost=165745.69..165745.69 rows=1 width=84) (actual time=0.538..0.539 rows=1 loops=1)
               ->  Sort  (cost=165745.69..165745.69 rows=1 width=84) (actual time=0.536..0.536 rows=1 loops=1)
                     Sort Key: (st_distance(st_transform(s_2698.the_geom, 25833), '0101000020E9640000EF1E6AAAB5E3234178196DCD3F0B5741'::geometry))
                     Sort Method: top-N heapsort  Memory: 25kB
                     ->  Seq Scan on phoml_trajectory_tmp s_2698  (cost=0.00..165745.68 rows=1 width=84) (actual time=0.038..0.476 rows=416 loops=1)
                           Filter: ((unix_time >= '1685451590.762'::double precision) AND (unix_time <= '1685451650.762'::double precision) AND st_dwithin(st_transform(the_geom, 25833), '0101000020E9640000EF1E6AAAB5E3234178196DCD3F0B5741'::geometry, '300'::double precision))
                           Rows Removed by Filter: 3244
   ->  Subquery Scan on "*SELECT* 2700"  (cost=165745.69..165745.70 rows=1 width=76) (actual time=0.547..0.548 rows=1 loops=1)
         ->  Limit  (cost=165745.69..165745.69 rows=1 width=84) (actual time=0.544..0.544 rows=1 loops=1)
               ->  Sort  (cost=165745.69..165745.69 rows=1 width=84) (actual time=0.542..0.542 rows=1 loops=1)
                     Sort Key: (st_distance(st_transform(s_2699.the_geom, 25833), '0101000020E96400001CA16934BDE32341A1785DFD3E0B5741'::geometry))
                     Sort Method: top-N heapsort  Memory: 25kB
                     ->  Seq Scan on phoml_trajectory_tmp s_2699  (cost=0.00..165745.68 rows=1 width=84) (actual time=0.036..0.483 rows=412 loops=1)
                           Filter: ((unix_time >= '1685451591.142'::double precision) AND (unix_time <= '1685451651.142'::double precision) AND st_dwithin(st_transform(the_geom, 25833), '0101000020E96400001CA16934BDE32341A1785DFD3E0B5741'::geometry, '300'::double precision))
                           Rows Removed by Filter: 3248
   ->  Subquery Scan on "*SELECT* 2701"  (cost=165745.69..165745.70 rows=1 width=76) (actual time=0.534..0.535 rows=1 loops=1)
         ->  Limit  (cost=165745.69..165745.69 rows=1 width=84) (actual time=0.532..0.532 rows=1 loops=1)
               ->  Sort  (cost=165745.69..165745.69 rows=1 width=84) (actual time=0.530..0.530 rows=1 loops=1)
                     Sort Key: (st_distance(st_transform(s_2700.the_geom, 25833), '0101000020E96400002A500D46C5E32341E07AC62F3E0B5741'::geometry))
                     Sort Method: top-N heapsort  Memory: 25kB
                     ->  Seq Scan on phoml_trajectory_tmp s_2700  (cost=0.00..165745.68 rows=1 width=84) (actual time=0.040..0.473 rows=408 loops=1)
                           Filter: ((unix_time >= '1685451591.532'::double precision) AND (unix_time <= '1685451651.532'::double precision) AND st_dwithin(st_transform(the_geom, 25833), '0101000020E96400002A500D46C5E32341E07AC62F3E0B5741'::geometry, '300'::double precision))
                           Rows Removed by Filter: 3252
   ->  Subquery Scan on "*SELECT* 2702"  (cost=165745.69..165745.70 rows=1 width=76) (actual time=0.538..0.539 rows=1 loops=1)
         ->  Limit  (cost=165745.69..165745.69 rows=1 width=84) (actual time=0.535..0.535 rows=1 loops=1)
               ->  Sort  (cost=165745.69..165745.69 rows=1 width=84) (actual time=0.532..0.532 rows=1 loops=1)
                     Sort Key: (st_distance(st_transform(s_2701.the_geom, 25833), '0101000020E964000088A81C03CDE323412FD448673D0B5741'::geometry))
                     Sort Method: top-N heapsort  Memory: 25kB
                     ->  Seq Scan on phoml_trajectory_tmp s_2701  (cost=0.00..165745.68 rows=1 width=84) (actual time=0.040..0.476 rows=404 loops=1)
                           Filter: ((unix_time >= '1685451591.912'::double precision) AND (unix_time <= '1685451651.912'::double precision) AND st_dwithin(st_transform(the_geom, 25833), '0101000020E964000088A81C03CDE323412FD448673D0B5741'::geometry, '300'::double precision))
                           Rows Removed by Filter: 3256
   ->  Subquery Scan on "*SELECT* 2703"  (cost=165745.69..165745.70 rows=1 width=76) (actual time=0.521..0.522 rows=1 loops=1)
         ->  Limit  (cost=165745.69..165745.69 rows=1 width=84) (actual time=0.519..0.520 rows=1 loops=1)
               ->  Sort  (cost=165745.69..165745.69 rows=1 width=84) (actual time=0.517..0.517 rows=1 loops=1)
                     Sort Key: (st_distance(st_transform(s_2702.the_geom, 25833), '0101000020E96400002FA038DDD4E32341358344A63C0B5741'::geometry))
                     Sort Method: top-N heapsort  Memory: 25kB
                     ->  Seq Scan on phoml_trajectory_tmp s_2702  (cost=0.00..165745.68 rows=1 width=84) (actual time=0.038..0.461 rows=400 loops=1)
                           Filter: ((unix_time >= '1685451592.299'::double precision) AND (unix_time <= '1685451652.299'::double precision) AND st_dwithin(st_transform(the_geom, 25833), '0101000020E96400002FA038DDD4E32341358344A63C0B5741'::geometry, '300'::double precision))
                           Rows Removed by Filter: 3260
   ->  Subquery Scan on "*SELECT* 2704"  (cost=165745.69..165745.70 rows=1 width=76) (actual time=0.530..0.531 rows=1 loops=1)
         ->  Limit  (cost=165745.69..165745.69 rows=1 width=84) (actual time=0.526..0.528 rows=1 loops=1)
               ->  Sort  (cost=165745.69..165745.69 rows=1 width=84) (actual time=0.524..0.525 rows=1 loops=1)
                     Sort Key: (st_distance(st_transform(s_2703.the_geom, 25833), '0101000020E9640000BEEB36E5DCE3234157F877D93B0B5741'::geometry))
                     Sort Method: top-N heapsort  Memory: 25kB
                     ->  Seq Scan on phoml_trajectory_tmp s_2703  (cost=0.00..165745.68 rows=1 width=84) (actual time=0.036..0.469 rows=396 loops=1)
                           Filter: ((unix_time >= '1685451592.709'::double precision) AND (unix_time <= '1685451652.709'::double precision) AND st_dwithin(st_transform(the_geom, 25833), '0101000020E9640000BEEB36E5DCE3234157F877D93B0B5741'::geometry, '300'::double precision))
                           Rows Removed by Filter: 3264
   ->  Subquery Scan on "*SELECT* 2705"  (cost=165745.69..165745.70 rows=1 width=76) (actual time=0.537..0.538 rows=1 loops=1)
         ->  Limit  (cost=165745.69..165745.69 rows=1 width=84) (actual time=0.534..0.535 rows=1 loops=1)
               ->  Sort  (cost=165745.69..165745.69 rows=1 width=84) (actual time=0.532..0.532 rows=1 loops=1)
                     Sort Key: (st_distance(st_transform(s_2704.the_geom, 25833), '0101000020E964000046F843A5E4E32341D4E803183B0B5741'::geometry))
                     Sort Method: top-N heapsort  Memory: 25kB
                     ->  Seq Scan on phoml_trajectory_tmp s_2704  (cost=0.00..165745.68 rows=1 width=84) (actual time=0.041..0.475 rows=392 loops=1)
                           Filter: ((unix_time >= '1685451593.099'::double precision) AND (unix_time <= '1685451653.099'::double precision) AND st_dwithin(st_transform(the_geom, 25833), '0101000020E964000046F843A5E4E32341D4E803183B0B5741'::geometry, '300'::double precision))
                           Rows Removed by Filter: 3268
   ->  Subquery Scan on "*SELECT* 2706"  (cost=165745.69..165745.70 rows=1 width=76) (actual time=0.513..0.514 rows=1 loops=1)
         ->  Limit  (cost=165745.69..165745.69 rows=1 width=84) (actual time=0.511..0.512 rows=1 loops=1)
               ->  Sort  (cost=165745.69..165745.69 rows=1 width=84) (actual time=0.509..0.509 rows=1 loops=1)
                     Sort Key: (st_distance(st_transform(s_2705.the_geom, 25833), '0101000020E9640000DE14B5DCECE32341A49EDD573A0B5741'::geometry))
                     Sort Method: top-N heapsort  Memory: 25kB
                     ->  Seq Scan on phoml_trajectory_tmp s_2705  (cost=0.00..165745.68 rows=1 width=84) (actual time=0.039..0.452 rows=388 loops=1)
                           Filter: ((unix_time >= '1685451593.507'::double precision) AND (unix_time <= '1685451653.507'::double precision) AND st_dwithin(st_transform(the_geom, 25833), '0101000020E9640000DE14B5DCECE32341A49EDD573A0B5741'::geometry, '300'::double precision))
                           Rows Removed by Filter: 3272
   ->  Subquery Scan on "*SELECT* 2707"  (cost=165745.69..165745.70 rows=1 width=76) (actual time=0.545..0.546 rows=1 loops=1)
         ->  Limit  (cost=165745.69..165745.69 rows=1 width=84) (actual time=0.541..0.542 rows=1 loops=1)
               ->  Sort  (cost=165745.69..165745.69 rows=1 width=84) (actual time=0.539..0.540 rows=1 loops=1)
                     Sort Key: (st_distance(st_transform(s_2706.the_geom, 25833), '0101000020E96400007B7398B9F4E32341F2649F96390B5741'::geometry))
                     Sort Method: top-N heapsort  Memory: 25kB
                     ->  Seq Scan on phoml_trajectory_tmp s_2706  (cost=0.00..165745.68 rows=1 width=84) (actual time=0.037..0.483 rows=388 loops=1)
                           Filter: ((unix_time >= '1685451593.917'::double precision) AND (unix_time <= '1685451653.917'::double precision) AND st_dwithin(st_transform(the_geom, 25833), '0101000020E96400007B7398B9F4E32341F2649F96390B5741'::geometry, '300'::double precision))
                           Rows Removed by Filter: 3272
   ->  Subquery Scan on "*SELECT* 2708"  (cost=165745.69..165745.70 rows=1 width=76) (actual time=0.501..0.502 rows=1 loops=1)
         ->  Limit  (cost=165745.69..165745.69 rows=1 width=84) (actual time=0.499..0.500 rows=1 loops=1)
               ->  Sort  (cost=165745.69..165745.69 rows=1 width=84) (actual time=0.497..0.497 rows=1 loops=1)
                     Sort Key: (st_distance(st_transform(s_2707.the_geom, 25833), '0101000020E9640000C777226AFCE323410430CCC8380B5741'::geometry))
                     Sort Method: top-N heapsort  Memory: 25kB
                     ->  Seq Scan on phoml_trajectory_tmp s_2707  (cost=0.00..165745.68 rows=1 width=84) (actual time=0.039..0.443 rows=384 loops=1)
                           Filter: ((unix_time >= '1685451594.323'::double precision) AND (unix_time <= '1685451654.323'::double precision) AND st_dwithin(st_transform(the_geom, 25833), '0101000020E9640000C777226AFCE323410430CCC8380B5741'::geometry, '300'::double precision))
                           Rows Removed by Filter: 3276
   ->  Subquery Scan on "*SELECT* 2709"  (cost=165745.69..165745.70 rows=1 width=76) (actual time=0.512..0.513 rows=1 loops=1)
         ->  Limit  (cost=165745.69..165745.69 rows=1 width=84) (actual time=0.508..0.509 rows=1 loops=1)
               ->  Sort  (cost=165745.69..165745.69 rows=1 width=84) (actual time=0.506..0.506 rows=1 loops=1)
                     Sort Key: (st_distance(st_transform(s_2708.the_geom, 25833), '0101000020E96400003C98720804E423416EC52FF2370B5741'::geometry))
                     Sort Method: top-N heapsort  Memory: 25kB
                     ->  Seq Scan on phoml_trajectory_tmp s_2708  (cost=0.00..165745.68 rows=1 width=84) (actual time=0.037..0.447 rows=380 loops=1)
                           Filter: ((unix_time >= '1685451594.753'::double precision) AND (unix_time <= '1685451654.753'::double precision) AND st_dwithin(st_transform(the_geom, 25833), '0101000020E96400003C98720804E423416EC52FF2370B5741'::geometry, '300'::double precision))
                           Rows Removed by Filter: 3280
   ->  Subquery Scan on "*SELECT* 2710"  (cost=165745.69..165745.70 rows=1 width=76) (actual time=0.500..0.501 rows=1 loops=1)
         ->  Limit  (cost=165745.69..165745.69 rows=1 width=84) (actual time=0.498..0.499 rows=1 loops=1)
               ->  Sort  (cost=165745.69..165745.69 rows=1 width=84) (actual time=0.496..0.497 rows=1 loops=1)
                     Sort Key: (st_distance(st_transform(s_2709.the_geom, 25833), '0101000020E96400008E55A0300BE42341655F9608370B5741'::geometry))
                     Sort Method: top-N heapsort  Memory: 25kB
                     ->  Seq Scan on phoml_trajectory_tmp s_2709  (cost=0.00..165745.68 rows=1 width=84) (actual time=0.039..0.443 rows=376 loops=1)
                           Filter: ((unix_time >= '1685451595.19'::double precision) AND (unix_time <= '1685451655.19'::double precision) AND st_dwithin(st_transform(the_geom, 25833), '0101000020E96400008E55A0300BE42341655F9608370B5741'::geometry, '300'::double precision))
                           Rows Removed by Filter: 3284
   ->  Subquery Scan on "*SELECT* 2711"  (cost=165745.69..165745.70 rows=1 width=76) (actual time=0.502..0.504 rows=1 loops=1)
         ->  Limit  (cost=165745.69..165745.69 rows=1 width=84) (actual time=0.499..0.500 rows=1 loops=1)
               ->  Sort  (cost=165745.69..165745.69 rows=1 width=84) (actual time=0.497..0.497 rows=1 loops=1)
                     Sort Key: (st_distance(st_transform(s_2710.the_geom, 25833), '0101000020E964000056F49E5311E42341F576E907360B5741'::geometry))
                     Sort Method: top-N heapsort  Memory: 25kB
                     ->  Seq Scan on phoml_trajectory_tmp s_2710  (cost=0.00..165745.68 rows=1 width=84) (actual time=0.037..0.445 rows=372 loops=1)
                           Filter: ((unix_time >= '1685451595.63'::double precision) AND (unix_time <= '1685451655.63'::double precision) AND st_dwithin(st_transform(the_geom, 25833), '0101000020E964000056F49E5311E42341F576E907360B5741'::geometry, '300'::double precision))
                           Rows Removed by Filter: 3288
   ->  Subquery Scan on "*SELECT* 2712"  (cost=165745.69..165745.70 rows=1 width=76) (actual time=0.478..0.479 rows=1 loops=1)
         ->  Limit  (cost=165745.69..165745.69 rows=1 width=84) (actual time=0.476..0.477 rows=1 loops=1)
               ->  Sort  (cost=165745.69..165745.69 rows=1 width=84) (actual time=0.473..0.473 rows=1 loops=1)
                     Sort Key: (st_distance(st_transform(s_2711.the_geom, 25833), '0101000020E96400006DF16AFC15E4234156D0F5D3340B5741'::geometry))
                     Sort Method: top-N heapsort  Memory: 25kB
                     ->  Seq Scan on phoml_trajectory_tmp s_2711  (cost=0.00..165745.68 rows=1 width=84) (actual time=0.034..0.422 rows=368 loops=1)
                           Filter: ((unix_time >= '1685451596.09'::double precision) AND (unix_time <= '1685451656.09'::double precision) AND st_dwithin(st_transform(the_geom, 25833), '0101000020E96400006DF16AFC15E4234156D0F5D3340B5741'::geometry, '300'::double precision))
                           Rows Removed by Filter: 3292
   ->  Subquery Scan on "*SELECT* 2713"  (cost=165745.69..165745.70 rows=1 width=76) (actual time=0.492..0.493 rows=1 loops=1)
         ->  Limit  (cost=165745.69..165745.69 rows=1 width=84) (actual time=0.487..0.488 rows=1 loops=1)
               ->  Sort  (cost=165745.69..165745.69 rows=1 width=84) (actual time=0.486..0.486 rows=1 loops=1)
                     Sort Key: (st_distance(st_transform(s_2712.the_geom, 25833), '0101000020E96400003AE277CF19E423418FC01B81330B5741'::geometry))
                     Sort Method: top-N heapsort  Memory: 25kB
                     ->  Seq Scan on phoml_trajectory_tmp s_2712  (cost=0.00..165745.68 rows=1 width=84) (actual time=0.037..0.430 rows=360 loops=1)
                           Filter: ((unix_time >= '1685451596.59'::double precision) AND (unix_time <= '1685451656.59'::double precision) AND st_dwithin(st_transform(the_geom, 25833), '0101000020E96400003AE277CF19E423418FC01B81330B5741'::geometry, '300'::double precision))
                           Rows Removed by Filter: 3300
   ->  Subquery Scan on "*SELECT* 2714"  (cost=165745.69..165745.70 rows=1 width=76) (actual time=0.477..0.478 rows=1 loops=1)
         ->  Limit  (cost=165745.69..165745.69 rows=1 width=84) (actual time=0.474..0.475 rows=1 loops=1)
               ->  Sort  (cost=165745.69..165745.69 rows=1 width=84) (actual time=0.472..0.472 rows=1 loops=1)
                     Sort Key: (st_distance(st_transform(s_2713.the_geom, 25833), '0101000020E96400006456FC981BE4234150428E11320B5741'::geometry))
                     Sort Method: top-N heapsort  Memory: 25kB
                     ->  Seq Scan on phoml_trajectory_tmp s_2713  (cost=0.00..165745.68 rows=1 width=84) (actual time=0.038..0.422 rows=356 loops=1)
                           Filter: ((unix_time >= '1685451597.1'::double precision) AND (unix_time <= '1685451657.1'::double precision) AND st_dwithin(st_transform(the_geom, 25833), '0101000020E96400006456FC981BE4234150428E11320B5741'::geometry, '300'::double precision))
                           Rows Removed by Filter: 3304
   ->  Subquery Scan on "*SELECT* 2715"  (cost=165745.69..165745.70 rows=1 width=76) (actual time=0.561..0.562 rows=1 loops=1)
         ->  Limit  (cost=165745.69..165745.69 rows=1 width=84) (actual time=0.549..0.549 rows=1 loops=1)
               ->  Sort  (cost=165745.69..165745.69 rows=1 width=84) (actual time=0.546..0.547 rows=1 loops=1)
                     Sort Key: (st_distance(st_transform(s_2714.the_geom, 25833), '0101000020E96400000C23265B1AE42341796B8E68300B5741'::geometry))
                     Sort Method: top-N heapsort  Memory: 25kB
                     ->  Seq Scan on phoml_trajectory_tmp s_2714  (cost=0.00..165745.68 rows=1 width=84) (actual time=0.039..0.475 rows=352 loops=1)
                           Filter: ((unix_time >= '1685451597.625'::double precision) AND (unix_time <= '1685451657.625'::double precision) AND st_dwithin(st_transform(the_geom, 25833), '0101000020E96400000C23265B1AE42341796B8E68300B5741'::geometry, '300'::double precision))
                           Rows Removed by Filter: 3308
   ->  Subquery Scan on "*SELECT* 2716"  (cost=165745.69..165745.70 rows=1 width=76) (actual time=0.545..0.546 rows=1 loops=1)
         ->  Limit  (cost=165745.69..165745.69 rows=1 width=84) (actual time=0.543..0.544 rows=1 loops=1)
               ->  Sort  (cost=165745.69..165745.69 rows=1 width=84) (actual time=0.541..0.541 rows=1 loops=1)
                     Sort Key: (st_distance(st_transform(s_2715.the_geom, 25833), '0101000020E9640000241AD26F16E423416FD1F2B52E0B5741'::geometry))
                     Sort Method: top-N heapsort  Memory: 25kB
                     ->  Seq Scan on phoml_trajectory_tmp s_2715  (cost=0.00..165745.68 rows=1 width=84) (actual time=0.046..0.468 rows=348 loops=1)
                           Filter: ((unix_time >= '1685451598.16'::double precision) AND (unix_time <= '1685451658.16'::double precision) AND st_dwithin(st_transform(the_geom, 25833), '0101000020E9640000241AD26F16E423416FD1F2B52E0B5741'::geometry, '300'::double precision))
                           Rows Removed by Filter: 3312
   ->  Subquery Scan on "*SELECT* 2717"  (cost=165745.69..165745.70 rows=1 width=76) (actual time=0.512..0.513 rows=1 loops=1)
         ->  Limit  (cost=165745.69..165745.69 rows=1 width=84) (actual time=0.509..0.509 rows=1 loops=1)
               ->  Sort  (cost=165745.69..165745.69 rows=1 width=84) (actual time=0.507..0.507 rows=1 loops=1)
                     Sort Key: (st_distance(st_transform(s_2716.the_geom, 25833), '0101000020E9640000521959C611E42341084203282D0B5741'::geometry))
                     Sort Method: top-N heapsort  Memory: 25kB
                     ->  Seq Scan on phoml_trajectory_tmp s_2716  (cost=0.00..165745.68 rows=1 width=84) (actual time=0.053..0.457 rows=344 loops=1)
                           Filter: ((unix_time >= '1685451598.7'::double precision) AND (unix_time <= '1685451658.7'::double precision) AND st_dwithin(st_transform(the_geom, 25833), '0101000020E9640000521959C611E42341084203282D0B5741'::geometry, '300'::double precision))
                           Rows Removed by Filter: 3316
   ->  Subquery Scan on "*SELECT* 2718"  (cost=165745.69..165745.70 rows=1 width=76) (actual time=0.461..0.462 rows=1 loops=1)
         ->  Limit  (cost=165745.69..165745.69 rows=1 width=84) (actual time=0.459..0.459 rows=1 loops=1)
               ->  Sort  (cost=165745.69..165745.69 rows=1 width=84) (actual time=0.456..0.456 rows=1 loops=1)
                     Sort Key: (st_distance(st_transform(s_2717.the_geom, 25833), '0101000020E9640000E4024DF10DE4234182E1C7B82B0B5741'::geometry))
                     Sort Method: top-N heapsort  Memory: 25kB
                     ->  Seq Scan on phoml_trajectory_tmp s_2717  (cost=0.00..165745.68 rows=1 width=84) (actual time=0.043..0.409 rows=340 loops=1)
                           Filter: ((unix_time >= '1685451599.243'::double precision) AND (unix_time <= '1685451659.243'::double precision) AND st_dwithin(st_transform(the_geom, 25833), '0101000020E9640000E4024DF10DE4234182E1C7B82B0B5741'::geometry, '300'::double precision))
                           Rows Removed by Filter: 3320
   ->  Subquery Scan on "*SELECT* 2719"  (cost=165745.69..165745.70 rows=1 width=76) (actual time=0.469..0.470 rows=1 loops=1)
         ->  Limit  (cost=165745.69..165745.69 rows=1 width=84) (actual time=0.465..0.466 rows=1 loops=1)
               ->  Sort  (cost=165745.69..165745.69 rows=1 width=84) (actual time=0.463..0.464 rows=1 loops=1)
                     Sort Key: (st_distance(st_transform(s_2718.the_geom, 25833), '0101000020E9640000F56243310EE42341CD1B3E662A0B5741'::geometry))
                     Sort Method: top-N heapsort  Memory: 25kB
                     ->  Seq Scan on phoml_trajectory_tmp s_2718  (cost=0.00..165745.68 rows=1 width=84) (actual time=0.036..0.416 rows=336 loops=1)
                           Filter: ((unix_time >= '1685451599.832'::double precision) AND (unix_time <= '1685451659.832'::double precision) AND st_dwithin(st_transform(the_geom, 25833), '0101000020E9640000F56243310EE42341CD1B3E662A0B5741'::geometry, '300'::double precision))
                           Rows Removed by Filter: 3324
   ->  Subquery Scan on "*SELECT* 2720"  (cost=165745.69..165745.70 rows=1 width=76) (actual time=0.443..0.444 rows=1 loops=1)
         ->  Limit  (cost=165745.69..165745.69 rows=1 width=84) (actual time=0.441..0.442 rows=1 loops=1)
               ->  Sort  (cost=165745.69..165745.69 rows=1 width=84) (actual time=0.439..0.439 rows=1 loops=1)
                     Sort Key: (st_distance(st_transform(s_2719.the_geom, 25833), '0101000020E964000007D967D411E423416567BD3A290B5741'::geometry))
                     Sort Method: top-N heapsort  Memory: 25kB
                     ->  Seq Scan on phoml_trajectory_tmp s_2719  (cost=0.00..165745.68 rows=1 width=84) (actual time=0.037..0.392 rows=332 loops=1)
                           Filter: ((unix_time >= '1685451600.394'::double precision) AND (unix_time <= '1685451660.394'::double precision) AND st_dwithin(st_transform(the_geom, 25833), '0101000020E964000007D967D411E423416567BD3A290B5741'::geometry, '300'::double precision))
                           Rows Removed by Filter: 3328
   ->  Subquery Scan on "*SELECT* 2721"  (cost=165745.69..165745.70 rows=1 width=76) (actual time=0.471..0.472 rows=1 loops=1)
         ->  Limit  (cost=165745.69..165745.69 rows=1 width=84) (actual time=0.468..0.468 rows=1 loops=1)
               ->  Sort  (cost=165745.69..165745.69 rows=1 width=84) (actual time=0.466..0.466 rows=1 loops=1)
                     Sort Key: (st_distance(st_transform(s_2720.the_geom, 25833), '0101000020E964000008F2BB471AE42341C8759E38280B5741'::geometry))
                     Sort Method: top-N heapsort  Memory: 25kB
                     ->  Seq Scan on phoml_trajectory_tmp s_2720  (cost=0.00..165745.68 rows=1 width=84) (actual time=0.037..0.419 rows=328 loops=1)
                           Filter: ((unix_time >= '1685451600.979'::double precision) AND (unix_time <= '1685451660.979'::double precision) AND st_dwithin(st_transform(the_geom, 25833), '0101000020E964000008F2BB471AE42341C8759E38280B5741'::geometry, '300'::double precision))
                           Rows Removed by Filter: 3332
   ->  Subquery Scan on "*SELECT* 2722"  (cost=165745.69..165745.70 rows=1 width=76) (actual time=0.445..0.446 rows=1 loops=1)
         ->  Limit  (cost=165745.69..165745.69 rows=1 width=84) (actual time=0.443..0.444 rows=1 loops=1)
               ->  Sort  (cost=165745.69..165745.69 rows=1 width=84) (actual time=0.441..0.441 rows=1 loops=1)
                     Sort Key: (st_distance(st_transform(s_2721.the_geom, 25833), '0101000020E96400004F82CDDE26E42341D034697C270B5741'::geometry))
                     Sort Method: top-N heapsort  Memory: 25kB
                     ->  Seq Scan on phoml_trajectory_tmp s_2721  (cost=0.00..165745.68 rows=1 width=84) (actual time=0.048..0.396 rows=320 loops=1)
                           Filter: ((unix_time >= '1685451601.581'::double precision) AND (unix_time <= '1685451661.581'::double precision) AND st_dwithin(st_transform(the_geom, 25833), '0101000020E96400004F82CDDE26E42341D034697C270B5741'::geometry, '300'::double precision))
                           Rows Removed by Filter: 3340
   ->  Subquery Scan on "*SELECT* 2723"  (cost=165745.69..165745.70 rows=1 width=76) (actual time=0.442..0.443 rows=1 loops=1)
         ->  Limit  (cost=165745.69..165745.69 rows=1 width=84) (actual time=0.439..0.440 rows=1 loops=1)
               ->  Sort  (cost=165745.69..165745.69 rows=1 width=84) (actual time=0.436..0.437 rows=1 loops=1)
                     Sort Key: (st_distance(st_transform(s_2722.the_geom, 25833), '0101000020E9640000579BEC8F35E42341D8A19A17270B5741'::geometry))
                     Sort Method: top-N heapsort  Memory: 25kB
                     ->  Seq Scan on phoml_trajectory_tmp s_2722  (cost=0.00..165745.68 rows=1 width=84) (actual time=0.035..0.391 rows=316 loops=1)
                           Filter: ((unix_time >= '1685451602.165'::double precision) AND (unix_time <= '1685451662.165'::double precision) AND st_dwithin(st_transform(the_geom, 25833), '0101000020E9640000579BEC8F35E42341D8A19A17270B5741'::geometry, '300'::double precision))
                           Rows Removed by Filter: 3344
   ->  Subquery Scan on "*SELECT* 2724"  (cost=165745.69..165745.70 rows=1 width=76) (actual time=0.428..0.429 rows=1 loops=1)
         ->  Limit  (cost=165745.69..165745.69 rows=1 width=84) (actual time=0.426..0.426 rows=1 loops=1)
               ->  Sort  (cost=165745.69..165745.69 rows=1 width=84) (actual time=0.424..0.424 rows=1 loops=1)
                     Sort Key: (st_distance(st_transform(s_2723.the_geom, 25833), '0101000020E9640000E69AF44244E4234156903BF1260B5741'::geometry))
                     Sort Method: top-N heapsort  Memory: 25kB
                     ->  Seq Scan on phoml_trajectory_tmp s_2723  (cost=0.00..165745.68 rows=1 width=84) (actual time=0.035..0.380 rows=312 loops=1)
                           Filter: ((unix_time >= '1685451602.735'::double precision) AND (unix_time <= '1685451662.735'::double precision) AND st_dwithin(st_transform(the_geom, 25833), '0101000020E9640000E69AF44244E4234156903BF1260B5741'::geometry, '300'::double precision))
                           Rows Removed by Filter: 3348
   ->  Subquery Scan on "*SELECT* 2725"  (cost=165745.69..165745.70 rows=1 width=76) (actual time=0.436..0.437 rows=1 loops=1)
         ->  Limit  (cost=165745.69..165745.69 rows=1 width=84) (actual time=0.432..0.433 rows=1 loops=1)
               ->  Sort  (cost=165745.69..165745.69 rows=1 width=84) (actual time=0.430..0.430 rows=1 loops=1)
                     Sort Key: (st_distance(st_transform(s_2724.the_geom, 25833), '0101000020E96400000683C3CD51E42341F1CFB6D6260B5741'::geometry))
                     Sort Method: top-N heapsort  Memory: 25kB
                     ->  Seq Scan on phoml_trajectory_tmp s_2724  (cost=0.00..165745.68 rows=1 width=84) (actual time=0.037..0.387 rows=308 loops=1)
                           Filter: ((unix_time >= '1685451603.289'::double precision) AND (unix_time <= '1685451663.289'::double precision) AND st_dwithin(st_transform(the_geom, 25833), '0101000020E96400000683C3CD51E42341F1CFB6D6260B5741'::geometry, '300'::double precision))
                           Rows Removed by Filter: 3352
   ->  Subquery Scan on "*SELECT* 2726"  (cost=165745.69..165745.70 rows=1 width=76) (actual time=0.424..0.425 rows=1 loops=1)
         ->  Limit  (cost=165745.69..165745.69 rows=1 width=84) (actual time=0.422..0.423 rows=1 loops=1)
               ->  Sort  (cost=165745.69..165745.69 rows=1 width=84) (actual time=0.420..0.421 rows=1 loops=1)
                     Sort Key: (st_distance(st_transform(s_2725.the_geom, 25833), '0101000020E96400005E10553C5CE4234190895776260B5741'::geometry))
                     Sort Method: top-N heapsort  Memory: 25kB
                     ->  Seq Scan on phoml_trajectory_tmp s_2725  (cost=0.00..165745.68 rows=1 width=84) (actual time=0.039..0.376 rows=304 loops=1)
                           Filter: ((unix_time >= '1685451603.812'::double precision) AND (unix_time <= '1685451663.812'::double precision) AND st_dwithin(st_transform(the_geom, 25833), '0101000020E96400005E10553C5CE4234190895776260B5741'::geometry, '300'::double precision))
                           Rows Removed by Filter: 3356
   ->  Subquery Scan on "*SELECT* 2727"  (cost=165745.69..165745.70 rows=1 width=76) (actual time=0.414..0.415 rows=1 loops=1)
         ->  Limit  (cost=165745.69..165745.69 rows=1 width=84) (actual time=0.412..0.412 rows=1 loops=1)
               ->  Sort  (cost=165745.69..165745.69 rows=1 width=84) (actual time=0.409..0.409 rows=1 loops=1)
                     Sort Key: (st_distance(st_transform(s_2726.the_geom, 25833), '0101000020E9640000D57A70D963E42341150243A6250B5741'::geometry))
                     Sort Method: top-N heapsort  Memory: 25kB
                     ->  Seq Scan on phoml_trajectory_tmp s_2726  (cost=0.00..165745.68 rows=1 width=84) (actual time=0.035..0.366 rows=300 loops=1)
                           Filter: ((unix_time >= '1685451604.31'::double precision) AND (unix_time <= '1685451664.31'::double precision) AND st_dwithin(st_transform(the_geom, 25833), '0101000020E9640000D57A70D963E42341150243A6250B5741'::geometry, '300'::double precision))
                           Rows Removed by Filter: 3360
   ->  Subquery Scan on "*SELECT* 2728"  (cost=165745.69..165745.70 rows=1 width=76) (actual time=0.428..0.429 rows=1 loops=1)
         ->  Limit  (cost=165745.69..165745.69 rows=1 width=84) (actual time=0.425..0.426 rows=1 loops=1)
               ->  Sort  (cost=165745.69..165745.69 rows=1 width=84) (actual time=0.423..0.423 rows=1 loops=1)
                     Sort Key: (st_distance(st_transform(s_2727.the_geom, 25833), '0101000020E9640000C5FFDB2369E4234130786D7A240B5741'::geometry))
                     Sort Method: top-N heapsort  Memory: 25kB
                     ->  Seq Scan on phoml_trajectory_tmp s_2727  (cost=0.00..165745.68 rows=1 width=84) (actual time=0.036..0.381 rows=292 loops=1)
                           Filter: ((unix_time >= '1685451604.81'::double precision) AND (unix_time <= '1685451664.81'::double precision) AND st_dwithin(st_transform(the_geom, 25833), '0101000020E9640000C5FFDB2369E4234130786D7A240B5741'::geometry, '300'::double precision))
                           Rows Removed by Filter: 3368
   ->  Subquery Scan on "*SELECT* 2729"  (cost=165745.69..165745.70 rows=1 width=76) (actual time=0.408..0.409 rows=1 loops=1)
         ->  Limit  (cost=165745.69..165745.69 rows=1 width=84) (actual time=0.406..0.407 rows=1 loops=1)
               ->  Sort  (cost=165745.69..165745.69 rows=1 width=84) (actual time=0.404..0.405 rows=1 loops=1)
                     Sort Key: (st_distance(st_transform(s_2728.the_geom, 25833), '0101000020E96400003B0B708B6DE423413368DD37230B5741'::geometry))
                     Sort Method: top-N heapsort  Memory: 25kB
                     ->  Seq Scan on phoml_trajectory_tmp s_2728  (cost=0.00..165745.68 rows=1 width=84) (actual time=0.038..0.364 rows=288 loops=1)
                           Filter: ((unix_time >= '1685451605.292'::double precision) AND (unix_time <= '1685451665.292'::double precision) AND st_dwithin(st_transform(the_geom, 25833), '0101000020E96400003B0B708B6DE423413368DD37230B5741'::geometry, '300'::double precision))
                           Rows Removed by Filter: 3372
   ->  Subquery Scan on "*SELECT* 2730"  (cost=165745.69..165745.70 rows=1 width=76) (actual time=0.420..0.421 rows=1 loops=1)
         ->  Limit  (cost=165745.69..165745.69 rows=1 width=84) (actual time=0.416..0.418 rows=1 loops=1)
               ->  Sort  (cost=165745.69..165745.69 rows=1 width=84) (actual time=0.414..0.415 rows=1 loops=1)
                     Sort Key: (st_distance(st_transform(s_2729.the_geom, 25833), '0101000020E9640000EF1D140672E423413EF70F09220B5741'::geometry))
                     Sort Method: top-N heapsort  Memory: 25kB
                     ->  Seq Scan on phoml_trajectory_tmp s_2729  (cost=0.00..165745.68 rows=1 width=84) (actual time=0.037..0.374 rows=280 loops=1)
                           Filter: ((unix_time >= '1685451605.758'::double precision) AND (unix_time <= '1685451665.758'::double precision) AND st_dwithin(st_transform(the_geom, 25833), '0101000020E9640000EF1D140672E423413EF70F09220B5741'::geometry, '300'::double precision))
                           Rows Removed by Filter: 3380
   ->  Subquery Scan on "*SELECT* 2731"  (cost=165745.69..165745.70 rows=1 width=76) (actual time=0.395..0.396 rows=1 loops=1)
         ->  Limit  (cost=165745.69..165745.69 rows=1 width=84) (actual time=0.394..0.394 rows=1 loops=1)
               ->  Sort  (cost=165745.69..165745.69 rows=1 width=84) (actual time=0.391..0.392 rows=1 loops=1)
                     Sort Key: (st_distance(st_transform(s_2730.the_geom, 25833), '0101000020E9640000B3D458BD77E42341444EC1F8200B5741'::geometry))
                     Sort Method: top-N heapsort  Memory: 25kB
                     ->  Seq Scan on phoml_trajectory_tmp s_2730  (cost=0.00..165745.68 rows=1 width=84) (actual time=0.038..0.353 rows=276 loops=1)
                           Filter: ((unix_time >= '1685451606.235'::double precision) AND (unix_time <= '1685451666.235'::double precision) AND st_dwithin(st_transform(the_geom, 25833), '0101000020E9640000B3D458BD77E42341444EC1F8200B5741'::geometry, '300'::double precision))
                           Rows Removed by Filter: 3384
   ->  Subquery Scan on "*SELECT* 2732"  (cost=165745.69..165745.70 rows=1 width=76) (actual time=0.392..0.393 rows=1 loops=1)
         ->  Limit  (cost=165745.69..165745.69 rows=1 width=84) (actual time=0.389..0.390 rows=1 loops=1)
               ->  Sort  (cost=165745.69..165745.69 rows=1 width=84) (actual time=0.388..0.388 rows=1 loops=1)
                     Sort Key: (st_distance(st_transform(s_2731.the_geom, 25833), '0101000020E96400004D48AD3A7EE42341675DD302200B5741'::geometry))
                     Sort Method: top-N heapsort  Memory: 25kB
                     ->  Seq Scan on phoml_trajectory_tmp s_2731  (cost=0.00..165745.68 rows=1 width=84) (actual time=0.036..0.349 rows=272 loops=1)
                           Filter: ((unix_time >= '1685451606.708'::double precision) AND (unix_time <= '1685451666.708'::double precision) AND st_dwithin(st_transform(the_geom, 25833), '0101000020E96400004D48AD3A7EE42341675DD302200B5741'::geometry, '300'::double precision))
                           Rows Removed by Filter: 3388
   ->  Subquery Scan on "*SELECT* 2733"  (cost=165745.69..165745.70 rows=1 width=76) (actual time=0.391..0.392 rows=1 loops=1)
         ->  Limit  (cost=165745.69..165745.69 rows=1 width=84) (actual time=0.389..0.390 rows=1 loops=1)
               ->  Sort  (cost=165745.69..165745.69 rows=1 width=84) (actual time=0.387..0.388 rows=1 loops=1)
                     Sort Key: (st_distance(st_transform(s_2732.the_geom, 25833), '0101000020E9640000E74ECCED84E42341BA43851A1F0B5741'::geometry))
                     Sort Method: top-N heapsort  Memory: 25kB
                     ->  Seq Scan on phoml_trajectory_tmp s_2732  (cost=0.00..165745.68 rows=1 width=84) (actual time=0.047..0.350 rows=264 loops=1)
                           Filter: ((unix_time >= '1685451607.173'::double precision) AND (unix_time <= '1685451667.173'::double precision) AND st_dwithin(st_transform(the_geom, 25833), '0101000020E9640000E74ECCED84E42341BA43851A1F0B5741'::geometry, '300'::double precision))
                           Rows Removed by Filter: 3396
   ->  Subquery Scan on "*SELECT* 2734"  (cost=165745.69..165745.70 rows=1 width=76) (actual time=0.382..0.383 rows=1 loops=1)
         ->  Limit  (cost=165745.69..165745.69 rows=1 width=84) (actual time=0.380..0.380 rows=1 loops=1)
               ->  Sort  (cost=165745.69..165745.69 rows=1 width=84) (actual time=0.378..0.378 rows=1 loops=1)
                     Sort Key: (st_distance(st_transform(s_2733.the_geom, 25833), '0101000020E9640000EB560D9C8BE4234106DC392A1E0B5741'::geometry))
                     Sort Method: top-N heapsort  Memory: 25kB
                     ->  Seq Scan on phoml_trajectory_tmp s_2733  (cost=0.00..165745.68 rows=1 width=84) (actual time=0.040..0.341 rows=260 loops=1)
                           Filter: ((unix_time >= '1685451607.659'::double precision) AND (unix_time <= '1685451667.659'::double precision) AND st_dwithin(st_transform(the_geom, 25833), '0101000020E9640000EB560D9C8BE4234106DC392A1E0B5741'::geometry, '300'::double precision))
                           Rows Removed by Filter: 3400
   ->  Subquery Scan on "*SELECT* 2735"  (cost=165745.69..165745.70 rows=1 width=76) (actual time=0.389..0.390 rows=1 loops=1)
         ->  Limit  (cost=165745.69..165745.69 rows=1 width=84) (actual time=0.386..0.386 rows=1 loops=1)
               ->  Sort  (cost=165745.69..165745.69 rows=1 width=84) (actual time=0.384..0.384 rows=1 loops=1)
                     Sort Key: (st_distance(st_transform(s_2734.the_geom, 25833), '0101000020E964000050EC979691E42341BA092A221D0B5741'::geometry))
                     Sort Method: top-N heapsort  Memory: 25kB
                     ->  Seq Scan on phoml_trajectory_tmp s_2734  (cost=0.00..165745.68 rows=1 width=84) (actual time=0.036..0.348 rows=256 loops=1)
                           Filter: ((unix_time >= '1685451608.154'::double precision) AND (unix_time <= '1685451668.154'::double precision) AND st_dwithin(st_transform(the_geom, 25833), '0101000020E964000050EC979691E42341BA092A221D0B5741'::geometry, '300'::double precision))
                           Rows Removed by Filter: 3404
   ->  Subquery Scan on "*SELECT* 2736"  (cost=165745.69..165745.70 rows=1 width=76) (actual time=0.372..0.374 rows=1 loops=1)
         ->  Limit  (cost=165745.69..165745.69 rows=1 width=84) (actual time=0.370..0.372 rows=1 loops=1)
               ->  Sort  (cost=165745.69..165745.69 rows=1 width=84) (actual time=0.368..0.369 rows=1 loops=1)
                     Sort Key: (st_distance(st_transform(s_2735.the_geom, 25833), '0101000020E9640000136598C194E4234123FAF0E71B0B5741'::geometry))
                     Sort Method: top-N heapsort  Memory: 25kB
                     ->  Seq Scan on phoml_trajectory_tmp s_2735  (cost=0.00..165745.68 rows=1 width=84) (actual time=0.036..0.333 rows=252 loops=1)
                           Filter: ((unix_time >= '1685451608.635'::double precision) AND (unix_time <= '1685451668.635'::double precision) AND st_dwithin(st_transform(the_geom, 25833), '0101000020E9640000136598C194E4234123FAF0E71B0B5741'::geometry, '300'::double precision))
                           Rows Removed by Filter: 3408
   ->  Subquery Scan on "*SELECT* 2737"  (cost=165745.69..165745.70 rows=1 width=76) (actual time=0.365..0.366 rows=1 loops=1)
         ->  Limit  (cost=165745.69..165745.69 rows=1 width=84) (actual time=0.363..0.363 rows=1 loops=1)
               ->  Sort  (cost=165745.69..165745.69 rows=1 width=84) (actual time=0.361..0.361 rows=1 loops=1)
                     Sort Key: (st_distance(st_transform(s_2736.the_geom, 25833), '0101000020E9640000A7CAF50796E42341678F7A661A0B5741'::geometry))
                     Sort Method: top-N heapsort  Memory: 25kB
                     ->  Seq Scan on phoml_trajectory_tmp s_2736  (cost=0.00..165745.68 rows=1 width=84) (actual time=0.036..0.326 rows=248 loops=1)
                           Filter: ((unix_time >= '1685451609.18'::double precision) AND (unix_time <= '1685451669.18'::double precision) AND st_dwithin(st_transform(the_geom, 25833), '0101000020E9640000A7CAF50796E42341678F7A661A0B5741'::geometry, '300'::double precision))
                           Rows Removed by Filter: 3412
   ->  Subquery Scan on "*SELECT* 2738"  (cost=165745.69..165745.70 rows=1 width=76) (actual time=0.376..0.377 rows=1 loops=1)
         ->  Limit  (cost=165745.69..165745.69 rows=1 width=84) (actual time=0.373..0.374 rows=1 loops=1)
               ->  Sort  (cost=165745.69..165745.69 rows=1 width=84) (actual time=0.371..0.371 rows=1 loops=1)
                     Sort Key: (st_distance(st_transform(s_2737.the_geom, 25833), '0101000020E964000056E6C49D97E42341F2D1E409190B5741'::geometry))
                     Sort Method: top-N heapsort  Memory: 25kB
                     ->  Seq Scan on phoml_trajectory_tmp s_2737  (cost=0.00..165745.68 rows=1 width=84) (actual time=0.039..0.335 rows=244 loops=1)
                           Filter: ((unix_time >= '1685451609.738'::double precision) AND (unix_time <= '1685451669.738'::double precision) AND st_dwithin(st_transform(the_geom, 25833), '0101000020E964000056E6C49D97E42341F2D1E409190B5741'::geometry, '300'::double precision))
                           Rows Removed by Filter: 3416
   ->  Subquery Scan on "*SELECT* 2739"  (cost=165745.69..165745.70 rows=1 width=76) (actual time=0.356..0.357 rows=1 loops=1)
         ->  Limit  (cost=165745.69..165745.69 rows=1 width=84) (actual time=0.354..0.355 rows=1 loops=1)
               ->  Sort  (cost=165745.69..165745.69 rows=1 width=84) (actual time=0.352..0.352 rows=1 loops=1)
                     Sort Key: (st_distance(st_transform(s_2738.the_geom, 25833), '0101000020E96400005ADAC0DD99E42341B120E7C2170B5741'::geometry))
                     Sort Method: top-N heapsort  Memory: 25kB
                     ->  Seq Scan on phoml_trajectory_tmp s_2738  (cost=0.00..165745.68 rows=1 width=84) (actual time=0.037..0.318 rows=240 loops=1)
                           Filter: ((unix_time >= '1685451610.301'::double precision) AND (unix_time <= '1685451670.301'::double precision) AND st_dwithin(st_transform(the_geom, 25833), '0101000020E96400005ADAC0DD99E42341B120E7C2170B5741'::geometry, '300'::double precision))
                           Rows Removed by Filter: 3420
   ->  Subquery Scan on "*SELECT* 2740"  (cost=165745.69..165745.70 rows=1 width=76) (actual time=0.441..0.443 rows=1 loops=1)
         ->  Limit  (cost=165745.69..165745.69 rows=1 width=84) (actual time=0.436..0.437 rows=1 loops=1)
               ->  Sort  (cost=165745.69..165745.69 rows=1 width=84) (actual time=0.434..0.434 rows=1 loops=1)
                     Sort Key: (st_distance(st_transform(s_2739.the_geom, 25833), '0101000020E9640000F7854F7E9DE423418835C4A3160B5741'::geometry))
                     Sort Method: top-N heapsort  Memory: 25kB
                     ->  Seq Scan on phoml_trajectory_tmp s_2739  (cost=0.00..165745.68 rows=1 width=84) (actual time=0.036..0.389 rows=236 loops=1)
                           Filter: ((unix_time >= '1685451610.887'::double precision) AND (unix_time <= '1685451670.887'::double precision) AND st_dwithin(st_transform(the_geom, 25833), '0101000020E9640000F7854F7E9DE423418835C4A3160B5741'::geometry, '300'::double precision))
                           Rows Removed by Filter: 3424
   ->  Subquery Scan on "*SELECT* 2741"  (cost=165745.69..165745.70 rows=1 width=76) (actual time=0.394..0.395 rows=1 loops=1)
         ->  Limit  (cost=165745.69..165745.69 rows=1 width=84) (actual time=0.392..0.393 rows=1 loops=1)
               ->  Sort  (cost=165745.69..165745.69 rows=1 width=84) (actual time=0.390..0.390 rows=1 loops=1)
                     Sort Key: (st_distance(st_transform(s_2740.the_geom, 25833), '0101000020E9640000363C5460A1E42341554E7971150B5741'::geometry))
                     Sort Method: top-N heapsort  Memory: 25kB
                     ->  Seq Scan on phoml_trajectory_tmp s_2740  (cost=0.00..165745.68 rows=1 width=84) (actual time=0.053..0.348 rows=232 loops=1)
                           Filter: ((unix_time >= '1685451611.54'::double precision) AND (unix_time <= '1685451671.54'::double precision) AND st_dwithin(st_transform(the_geom, 25833), '0101000020E9640000363C5460A1E42341554E7971150B5741'::geometry, '300'::double precision))
                           Rows Removed by Filter: 3428
   ->  Subquery Scan on "*SELECT* 2742"  (cost=165745.69..165745.70 rows=1 width=76) (actual time=0.350..0.351 rows=1 loops=1)
         ->  Limit  (cost=165745.69..165745.69 rows=1 width=84) (actual time=0.347..0.348 rows=1 loops=1)
               ->  Sort  (cost=165745.69..165745.69 rows=1 width=84) (actual time=0.345..0.346 rows=1 loops=1)
                     Sort Key: (st_distance(st_transform(s_2741.the_geom, 25833), '0101000020E96400000E9D2FFAA4E42341158D674D140B5741'::geometry))
                     Sort Method: top-N heapsort  Memory: 25kB
                     ->  Seq Scan on phoml_trajectory_tmp s_2741  (cost=0.00..165745.68 rows=1 width=84) (actual time=0.040..0.311 rows=228 loops=1)
                           Filter: ((unix_time >= '1685451612.213'::double precision) AND (unix_time <= '1685451672.213'::double precision) AND st_dwithin(st_transform(the_geom, 25833), '0101000020E96400000E9D2FFAA4E42341158D674D140B5741'::geometry, '300'::double precision))
                           Rows Removed by Filter: 3432
   ->  Subquery Scan on "*SELECT* 2743"  (cost=165745.69..165745.70 rows=1 width=76) (actual time=0.358..0.359 rows=1 loops=1)
         ->  Limit  (cost=165745.69..165745.69 rows=1 width=84) (actual time=0.354..0.355 rows=1 loops=1)
               ->  Sort  (cost=165745.69..165745.69 rows=1 width=84) (actual time=0.352..0.353 rows=1 loops=1)
                     Sort Key: (st_distance(st_transform(s_2742.the_geom, 25833), '0101000020E9640000BC4CD8DBA8E42341878AE624130B5741'::geometry))
                     Sort Method: top-N heapsort  Memory: 25kB
                     ->  Seq Scan on phoml_trajectory_tmp s_2742  (cost=0.00..165745.68 rows=1 width=84) (actual time=0.038..0.309 rows=224 loops=1)
                           Filter: ((unix_time >= '1685451612.983'::double precision) AND (unix_time <= '1685451672.983'::double precision) AND st_dwithin(st_transform(the_geom, 25833), '0101000020E9640000BC4CD8DBA8E42341878AE624130B5741'::geometry, '300'::double precision))
                           Rows Removed by Filter: 3436
   ->  Subquery Scan on "*SELECT* 2744"  (cost=165745.69..165745.70 rows=1 width=76) (actual time=0.336..0.337 rows=1 loops=1)
         ->  Limit  (cost=165745.69..165745.69 rows=1 width=84) (actual time=0.334..0.335 rows=1 loops=1)
               ->  Sort  (cost=165745.69..165745.69 rows=1 width=84) (actual time=0.331..0.332 rows=1 loops=1)
                     Sort Key: (st_distance(st_transform(s_2743.the_geom, 25833), '0101000020E9640000A0CBF0EEACE42341B8A076FA110B5741'::geometry))
                     Sort Method: top-N heapsort  Memory: 25kB
                     ->  Seq Scan on phoml_trajectory_tmp s_2743  (cost=0.00..165745.68 rows=1 width=84) (actual time=0.035..0.299 rows=220 loops=1)
                           Filter: ((unix_time >= '1685451613.856'::double precision) AND (unix_time <= '1685451673.856'::double precision) AND st_dwithin(st_transform(the_geom, 25833), '0101000020E9640000A0CBF0EEACE42341B8A076FA110B5741'::geometry, '300'::double precision))
                           Rows Removed by Filter: 3440
   ->  Subquery Scan on "*SELECT* 2745"  (cost=165745.69..165745.70 rows=1 width=76) (actual time=0.332..0.332 rows=1 loops=1)
         ->  Limit  (cost=165745.69..165745.69 rows=1 width=84) (actual time=0.329..0.330 rows=1 loops=1)
               ->  Sort  (cost=165745.69..165745.69 rows=1 width=84) (actual time=0.327..0.327 rows=1 loops=1)
                     Sort Key: (st_distance(st_transform(s_2744.the_geom, 25833), '0101000020E9640000CB0E23CEB0E423411D4D9ED5100B5741'::geometry))
                     Sort Method: top-N heapsort  Memory: 25kB
                     ->  Seq Scan on phoml_trajectory_tmp s_2744  (cost=0.00..165745.68 rows=1 width=84) (actual time=0.035..0.295 rows=216 loops=1)
                           Filter: ((unix_time >= '1685451614.867'::double precision) AND (unix_time <= '1685451674.867'::double precision) AND st_dwithin(st_transform(the_geom, 25833), '0101000020E9640000CB0E23CEB0E423411D4D9ED5100B5741'::geometry, '300'::double precision))
                           Rows Removed by Filter: 3444
   ->  Subquery Scan on "*SELECT* 2746"  (cost=165745.69..165745.70 rows=1 width=76) (actual time=0.323..0.324 rows=1 loops=1)
         ->  Limit  (cost=165745.69..165745.69 rows=1 width=84) (actual time=0.320..0.320 rows=1 loops=1)
               ->  Sort  (cost=165745.69..165745.69 rows=1 width=84) (actual time=0.318..0.318 rows=1 loops=1)
                     Sort Key: (st_distance(st_transform(s_2745.the_geom, 25833), '0101000020E9640000DC1AC2701ADC2341B82B32A81F0F5741'::geometry))
                     Sort Method: top-N heapsort  Memory: 25kB
                     ->  Seq Scan on phoml_trajectory_tmp s_2745  (cost=0.00..165745.68 rows=1 width=84) (actual time=0.012..0.289 rows=188 loops=1)
                           Filter: ((unix_time >= '1685451234.466'::double precision) AND (unix_time <= '1685451294.466'::double precision) AND st_dwithin(st_transform(the_geom, 25833), '0101000020E9640000DC1AC2701ADC2341B82B32A81F0F5741'::geometry, '300'::double precision))
                           Rows Removed by Filter: 3472
   ->  Subquery Scan on "*SELECT* 2747"  (cost=165745.69..165745.70 rows=1 width=76) (actual time=0.325..0.326 rows=1 loops=1)
         ->  Limit  (cost=165745.69..165745.69 rows=1 width=84) (actual time=0.323..0.324 rows=1 loops=1)
               ->  Sort  (cost=165745.69..165745.69 rows=1 width=84) (actual time=0.321..0.322 rows=1 loops=1)
                     Sort Key: (st_distance(st_transform(s_2746.the_geom, 25833), '0101000020E96400008FF500AC23DC2341F8A868831E0F5741'::geometry))
                     Sort Method: top-N heapsort  Memory: 25kB
                     ->  Seq Scan on phoml_trajectory_tmp s_2746  (cost=0.00..165745.68 rows=1 width=84) (actual time=0.010..0.290 rows=216 loops=1)
                           Filter: ((unix_time >= '1685451237.592'::double precision) AND (unix_time <= '1685451297.592'::double precision) AND st_dwithin(st_transform(the_geom, 25833), '0101000020E96400008FF500AC23DC2341F8A868831E0F5741'::geometry, '300'::double precision))
                           Rows Removed by Filter: 3444
   ->  Subquery Scan on "*SELECT* 2748"  (cost=165745.69..165745.70 rows=1 width=76) (actual time=0.337..0.338 rows=1 loops=1)
         ->  Limit  (cost=165745.69..165745.69 rows=1 width=84) (actual time=0.335..0.336 rows=1 loops=1)
               ->  Sort  (cost=165745.69..165745.69 rows=1 width=84) (actual time=0.333..0.333 rows=1 loops=1)
                     Sort Key: (st_distance(st_transform(s_2747.the_geom, 25833), '0101000020E964000077E1EF9928DC2341E4EA006A1D0F5741'::geometry))
                     Sort Method: top-N heapsort  Memory: 25kB
                     ->  Seq Scan on phoml_trajectory_tmp s_2747  (cost=0.00..165745.68 rows=1 width=84) (actual time=0.011..0.300 rows=232 loops=1)
                           Filter: ((unix_time >= '1685451239.425'::double precision) AND (unix_time <= '1685451299.425'::double precision) AND st_dwithin(st_transform(the_geom, 25833), '0101000020E964000077E1EF9928DC2341E4EA006A1D0F5741'::geometry, '300'::double precision))
                           Rows Removed by Filter: 3428
   ->  Subquery Scan on "*SELECT* 2749"  (cost=165745.69..165745.70 rows=1 width=76) (actual time=0.364..0.365 rows=1 loops=1)
         ->  Limit  (cost=165745.69..165745.69 rows=1 width=84) (actual time=0.360..0.361 rows=1 loops=1)
               ->  Sort  (cost=165745.69..165745.69 rows=1 width=84) (actual time=0.358..0.359 rows=1 loops=1)
                     Sort Key: (st_distance(st_transform(s_2748.the_geom, 25833), '0101000020E96400002F0033B625DC2341899196551C0F5741'::geometry))
                     Sort Method: top-N heapsort  Memory: 25kB
                     ->  Seq Scan on phoml_trajectory_tmp s_2748  (cost=0.00..165745.68 rows=1 width=84) (actual time=0.010..0.324 rows=244 loops=1)
                           Filter: ((unix_time >= '1685451240.801'::double precision) AND (unix_time <= '1685451300.801'::double precision) AND st_dwithin(st_transform(the_geom, 25833), '0101000020E96400002F0033B625DC2341899196551C0F5741'::geometry, '300'::double precision))
                           Rows Removed by Filter: 3416
   ->  Subquery Scan on "*SELECT* 2750"  (cost=165745.69..165745.70 rows=1 width=76) (actual time=0.376..0.377 rows=1 loops=1)
         ->  Limit  (cost=165745.69..165745.69 rows=1 width=84) (actual time=0.374..0.375 rows=1 loops=1)
               ->  Sort  (cost=165745.69..165745.69 rows=1 width=84) (actual time=0.372..0.373 rows=1 loops=1)
                     Sort Key: (st_distance(st_transform(s_2749.the_geom, 25833), '0101000020E9640000CDAB5C651BDC23418A9E8F6F1B0F5741'::geometry))
                     Sort Method: top-N heapsort  Memory: 25kB
                     ->  Seq Scan on phoml_trajectory_tmp s_2749  (cost=0.00..165745.68 rows=1 width=84) (actual time=0.012..0.334 rows=256 loops=1)
                           Filter: ((unix_time >= '1685451241.935'::double precision) AND (unix_time <= '1685451301.935'::double precision) AND st_dwithin(st_transform(the_geom, 25833), '0101000020E9640000CDAB5C651BDC23418A9E8F6F1B0F5741'::geometry, '300'::double precision))
                           Rows Removed by Filter: 3404
   ->  Subquery Scan on "*SELECT* 2751"  (cost=165745.69..165745.70 rows=1 width=76) (actual time=0.403..0.405 rows=1 loops=1)
         ->  Limit  (cost=165745.69..165745.69 rows=1 width=84) (actual time=0.400..0.401 rows=1 loops=1)
               ->  Sort  (cost=165745.69..165745.69 rows=1 width=84) (actual time=0.397..0.397 rows=1 loops=1)
                     Sort Key: (st_distance(st_transform(s_2750.the_geom, 25833), '0101000020E9640000FAA2BF5611DC2341196A65B51A0F5741'::geometry))
                     Sort Method: top-N heapsort  Memory: 25kB
                     ->  Seq Scan on phoml_trajectory_tmp s_2750  (cost=0.00..165745.68 rows=1 width=84) (actual time=0.012..0.347 rows=264 loops=1)
                           Filter: ((unix_time >= '1685451242.941'::double precision) AND (unix_time <= '1685451302.941'::double precision) AND st_dwithin(st_transform(the_geom, 25833), '0101000020E9640000FAA2BF5611DC2341196A65B51A0F5741'::geometry, '300'::double precision))
                           Rows Removed by Filter: 3396
   ->  Subquery Scan on "*SELECT* 2752"  (cost=165745.69..165745.70 rows=1 width=76) (actual time=0.409..0.410 rows=1 loops=1)
         ->  Limit  (cost=165745.69..165745.69 rows=1 width=84) (actual time=0.406..0.407 rows=1 loops=1)
               ->  Sort  (cost=165745.69..165745.69 rows=1 width=84) (actual time=0.404..0.404 rows=1 loops=1)
                     Sort Key: (st_distance(st_transform(s_2751.the_geom, 25833), '0101000020E9640000B5812E6B09DC234157D5A4FB190F5741'::geometry))
                     Sort Method: top-N heapsort  Memory: 25kB
                     ->  Seq Scan on phoml_trajectory_tmp s_2751  (cost=0.00..165745.68 rows=1 width=84) (actual time=0.009..0.363 rows=272 loops=1)
                           Filter: ((unix_time >= '1685451243.834'::double precision) AND (unix_time <= '1685451303.834'::double precision) AND st_dwithin(st_transform(the_geom, 25833), '0101000020E9640000B5812E6B09DC234157D5A4FB190F5741'::geometry, '300'::double precision))
                           Rows Removed by Filter: 3388
   ->  Subquery Scan on "*SELECT* 2753"  (cost=165745.69..165745.70 rows=1 width=76) (actual time=0.394..0.395 rows=1 loops=1)
         ->  Limit  (cost=165745.69..165745.69 rows=1 width=84) (actual time=0.392..0.393 rows=1 loops=1)
               ->  Sort  (cost=165745.69..165745.69 rows=1 width=84) (actual time=0.390..0.391 rows=1 loops=1)
                     Sort Key: (st_distance(st_transform(s_2752.the_geom, 25833), '0101000020E9640000EE2FE22C03DC2341B6120D2E190F5741'::geometry))
                     Sort Method: top-N heapsort  Memory: 25kB
                     ->  Seq Scan on phoml_trajectory_tmp s_2752  (cost=0.00..165745.68 rows=1 width=84) (actual time=0.012..0.351 rows=280 loops=1)
                           Filter: ((unix_time >= '1685451244.634'::double precision) AND (unix_time <= '1685451304.634'::double precision) AND st_dwithin(st_transform(the_geom, 25833), '0101000020E9640000EE2FE22C03DC2341B6120D2E190F5741'::geometry, '300'::double precision))
                           Rows Removed by Filter: 3380
   ->  Subquery Scan on "*SELECT* 2754"  (cost=165745.69..165745.70 rows=1 width=76) (actual time=0.401..0.402 rows=1 loops=1)
         ->  Limit  (cost=165745.69..165745.69 rows=1 width=84) (actual time=0.399..0.400 rows=1 loops=1)
               ->  Sort  (cost=165745.69..165745.69 rows=1 width=84) (actual time=0.397..0.398 rows=1 loops=1)
                     Sort Key: (st_distance(st_transform(s_2753.the_geom, 25833), '0101000020E96400005B5B40AAFDDB2341B02B7E4F180F5741'::geometry))
                     Sort Method: top-N heapsort  Memory: 25kB
                     ->  Seq Scan on phoml_trajectory_tmp s_2753  (cost=0.00..165745.68 rows=1 width=84) (actual time=0.009..0.355 rows=288 loops=1)
                           Filter: ((unix_time >= '1685451245.372'::double precision) AND (unix_time <= '1685451305.372'::double precision) AND st_dwithin(st_transform(the_geom, 25833), '0101000020E96400005B5B40AAFDDB2341B02B7E4F180F5741'::geometry, '300'::double precision))
                           Rows Removed by Filter: 3372
   ->  Subquery Scan on "*SELECT* 2755"  (cost=165745.69..165745.70 rows=1 width=76) (actual time=0.435..0.436 rows=1 loops=1)
         ->  Limit  (cost=165745.69..165745.69 rows=1 width=84) (actual time=0.431..0.432 rows=1 loops=1)
               ->  Sort  (cost=165745.69..165745.69 rows=1 width=84) (actual time=0.430..0.431 rows=1 loops=1)
                     Sort Key: (st_distance(st_transform(s_2754.the_geom, 25833), '0101000020E9640000D5DBE06BF8DB234174AC9265170F5741'::geometry))
                     Sort Method: top-N heapsort  Memory: 25kB
                     ->  Seq Scan on phoml_trajectory_tmp s_2754  (cost=0.00..165745.68 rows=1 width=84) (actual time=0.010..0.386 rows=296 loops=1)
                           Filter: ((unix_time >= '1685451246.092'::double precision) AND (unix_time <= '1685451306.092'::double precision) AND st_dwithin(st_transform(the_geom, 25833), '0101000020E9640000D5DBE06BF8DB234174AC9265170F5741'::geometry, '300'::double precision))
                           Rows Removed by Filter: 3364
   ->  Subquery Scan on "*SELECT* 2756"  (cost=165745.69..165745.70 rows=1 width=76) (actual time=0.410..0.411 rows=1 loops=1)
         ->  Limit  (cost=165745.69..165745.69 rows=1 width=84) (actual time=0.408..0.409 rows=1 loops=1)
               ->  Sort  (cost=165745.69..165745.69 rows=1 width=84) (actual time=0.406..0.406 rows=1 loops=1)
                     Sort Key: (st_distance(st_transform(s_2755.the_geom, 25833), '0101000020E96400008020E1CDF4DB234183AF2A54160F5741'::geometry))
                     Sort Method: top-N heapsort  Memory: 25kB
                     ->  Seq Scan on phoml_trajectory_tmp s_2755  (cost=0.00..165745.68 rows=1 width=84) (actual time=0.009..0.362 rows=300 loops=1)
                           Filter: ((unix_time >= '1685451246.756'::double precision) AND (unix_time <= '1685451306.756'::double precision) AND st_dwithin(st_transform(the_geom, 25833), '0101000020E96400008020E1CDF4DB234183AF2A54160F5741'::geometry, '300'::double precision))
                           Rows Removed by Filter: 3360
   ->  Subquery Scan on "*SELECT* 2757"  (cost=165745.69..165745.70 rows=1 width=76) (actual time=0.467..0.468 rows=1 loops=1)
         ->  Limit  (cost=165745.69..165745.69 rows=1 width=84) (actual time=0.464..0.464 rows=1 loops=1)
               ->  Sort  (cost=165745.69..165745.69 rows=1 width=84) (actual time=0.462..0.462 rows=1 loops=1)
                     Sort Key: (st_distance(st_transform(s_2756.the_geom, 25833), '0101000020E9640000FEEBFD96F1DB234178281724150F5741'::geometry))
                     Sort Method: top-N heapsort  Memory: 25kB
                     ->  Seq Scan on phoml_trajectory_tmp s_2756  (cost=0.00..165745.68 rows=1 width=84) (actual time=0.013..0.416 rows=308 loops=1)
                           Filter: ((unix_time >= '1685451247.416'::double precision) AND (unix_time <= '1685451307.416'::double precision) AND st_dwithin(st_transform(the_geom, 25833), '0101000020E9640000FEEBFD96F1DB234178281724150F5741'::geometry, '300'::double precision))
                           Rows Removed by Filter: 3352
   ->  Subquery Scan on "*SELECT* 2758"  (cost=165745.69..165745.70 rows=1 width=76) (actual time=0.462..0.463 rows=1 loops=1)
         ->  Limit  (cost=165745.69..165745.69 rows=1 width=84) (actual time=0.459..0.460 rows=1 loops=1)
               ->  Sort  (cost=165745.69..165745.69 rows=1 width=84) (actual time=0.457..0.457 rows=1 loops=1)
                     Sort Key: (st_distance(st_transform(s_2757.the_geom, 25833), '0101000020E96400006749270AEEDB2341AC8D840D140F5741'::geometry))
                     Sort Method: top-N heapsort  Memory: 25kB
                     ->  Seq Scan on phoml_trajectory_tmp s_2757  (cost=0.00..165745.68 rows=1 width=84) (actual time=0.012..0.407 rows=312 loops=1)
                           Filter: ((unix_time >= '1685451248.036'::double precision) AND (unix_time <= '1685451308.036'::double precision) AND st_dwithin(st_transform(the_geom, 25833), '0101000020E96400006749270AEEDB2341AC8D840D140F5741'::geometry, '300'::double precision))
                           Rows Removed by Filter: 3348
   ->  Subquery Scan on "*SELECT* 2759"  (cost=165745.69..165745.70 rows=1 width=76) (actual time=0.525..0.526 rows=1 loops=1)
         ->  Limit  (cost=165745.69..165745.69 rows=1 width=84) (actual time=0.522..0.523 rows=1 loops=1)
               ->  Sort  (cost=165745.69..165745.69 rows=1 width=84) (actual time=0.512..0.512 rows=1 loops=1)
                     Sort Key: (st_distance(st_transform(s_2758.the_geom, 25833), '0101000020E96400000A448F05EADB23418DEAA3F6120F5741'::geometry))
                     Sort Method: top-N heapsort  Memory: 25kB
                     ->  Seq Scan on phoml_trajectory_tmp s_2758  (cost=0.00..165745.68 rows=1 width=84) (actual time=0.028..0.463 rows=320 loops=1)
                           Filter: ((unix_time >= '1685451248.641'::double precision) AND (unix_time <= '1685451308.641'::double precision) AND st_dwithin(st_transform(the_geom, 25833), '0101000020E96400000A448F05EADB23418DEAA3F6120F5741'::geometry, '300'::double precision))
                           Rows Removed by Filter: 3340
   ->  Subquery Scan on "*SELECT* 2760"  (cost=165745.69..165745.70 rows=1 width=76) (actual time=0.435..0.436 rows=1 loops=1)
         ->  Limit  (cost=165745.69..165745.69 rows=1 width=84) (actual time=0.433..0.434 rows=1 loops=1)
               ->  Sort  (cost=165745.69..165745.69 rows=1 width=84) (actual time=0.431..0.432 rows=1 loops=1)
                     Sort Key: (st_distance(st_transform(s_2759.the_geom, 25833), '0101000020E96400008B4C0C93E6DB2341A6C25EC9110F5741'::geometry))
                     Sort Method: top-N heapsort  Memory: 25kB
                     ->  Seq Scan on phoml_trajectory_tmp s_2759  (cost=0.00..165745.68 rows=1 width=84) (actual time=0.009..0.386 rows=324 loops=1)
                           Filter: ((unix_time >= '1685451249.215'::double precision) AND (unix_time <= '1685451309.215'::double precision) AND st_dwithin(st_transform(the_geom, 25833), '0101000020E96400008B4C0C93E6DB2341A6C25EC9110F5741'::geometry, '300'::double precision))
                           Rows Removed by Filter: 3336
   ->  Subquery Scan on "*SELECT* 2761"  (cost=165745.69..165745.70 rows=1 width=76) (actual time=0.457..0.458 rows=1 loops=1)
         ->  Limit  (cost=165745.69..165745.69 rows=1 width=84) (actual time=0.453..0.454 rows=1 loops=1)
               ->  Sort  (cost=165745.69..165745.69 rows=1 width=84) (actual time=0.451..0.451 rows=1 loops=1)
                     Sort Key: (st_distance(st_transform(s_2760.the_geom, 25833), '0101000020E9640000E6281874E3DB23411C3EBAAA100F5741'::geometry))
                     Sort Method: top-N heapsort  Memory: 25kB
                     ->  Seq Scan on phoml_trajectory_tmp s_2760  (cost=0.00..165745.68 rows=1 width=84) (actual time=0.014..0.405 rows=328 loops=1)
                           Filter: ((unix_time >= '1685451249.755'::double precision) AND (unix_time <= '1685451309.755'::double precision) AND st_dwithin(st_transform(the_geom, 25833), '0101000020E9640000E6281874E3DB23411C3EBAAA100F5741'::geometry, '300'::double precision))
                           Rows Removed by Filter: 3332
   ->  Subquery Scan on "*SELECT* 2762"  (cost=165745.69..165745.70 rows=1 width=76) (actual time=0.444..0.445 rows=1 loops=1)
         ->  Limit  (cost=165745.69..165745.69 rows=1 width=84) (actual time=0.442..0.443 rows=1 loops=1)
               ->  Sort  (cost=165745.69..165745.69 rows=1 width=84) (actual time=0.440..0.440 rows=1 loops=1)
                     Sort Key: (st_distance(st_transform(s_2761.the_geom, 25833), '0101000020E964000062F17A90E0DB2341211316710F0F5741'::geometry))
                     Sort Method: top-N heapsort  Memory: 25kB
                     ->  Seq Scan on phoml_trajectory_tmp s_2761  (cost=0.00..165745.68 rows=1 width=84) (actual time=0.010..0.393 rows=336 loops=1)
                           Filter: ((unix_time >= '1685451250.296'::double precision) AND (unix_time <= '1685451310.296'::double precision) AND st_dwithin(st_transform(the_geom, 25833), '0101000020E964000062F17A90E0DB2341211316710F0F5741'::geometry, '300'::double precision))
                           Rows Removed by Filter: 3324
   ->  Subquery Scan on "*SELECT* 2763"  (cost=165745.69..165745.70 rows=1 width=76) (actual time=0.464..0.465 rows=1 loops=1)
         ->  Limit  (cost=165745.69..165745.69 rows=1 width=84) (actual time=0.461..0.462 rows=1 loops=1)
               ->  Sort  (cost=165745.69..165745.69 rows=1 width=84) (actual time=0.459..0.459 rows=1 loops=1)
                     Sort Key: (st_distance(st_transform(s_2762.the_geom, 25833), '0101000020E9640000AB78CC94DDDB2341A8AC4D3F0E0F5741'::geometry))
                     Sort Method: top-N heapsort  Memory: 25kB
                     ->  Seq Scan on phoml_trajectory_tmp s_2762  (cost=0.00..165745.68 rows=1 width=84) (actual time=0.010..0.410 rows=340 loops=1)
                           Filter: ((unix_time >= '1685451250.816'::double precision) AND (unix_time <= '1685451310.816'::double precision) AND st_dwithin(st_transform(the_geom, 25833), '0101000020E9640000AB78CC94DDDB2341A8AC4D3F0E0F5741'::geometry, '300'::double precision))
                           Rows Removed by Filter: 3320
   ->  Subquery Scan on "*SELECT* 2764"  (cost=165745.69..165745.70 rows=1 width=76) (actual time=0.464..0.464 rows=1 loops=1)
         ->  Limit  (cost=165745.69..165745.69 rows=1 width=84) (actual time=0.461..0.462 rows=1 loops=1)
               ->  Sort  (cost=165745.69..165745.69 rows=1 width=84) (actual time=0.459..0.459 rows=1 loops=1)
                     Sort Key: (st_distance(st_transform(s_2763.the_geom, 25833), '0101000020E9640000B9CAFE78DADB2341B3AEB80D0D0F5741'::geometry))
                     Sort Method: top-N heapsort  Memory: 25kB
                     ->  Seq Scan on phoml_trajectory_tmp s_2763  (cost=0.00..165745.68 rows=1 width=84) (actual time=0.010..0.412 rows=344 loops=1)
                           Filter: ((unix_time >= '1685451251.34'::double precision) AND (unix_time <= '1685451311.34'::double precision) AND st_dwithin(st_transform(the_geom, 25833), '0101000020E9640000B9CAFE78DADB2341B3AEB80D0D0F5741'::geometry, '300'::double precision))
                           Rows Removed by Filter: 3316
   ->  Subquery Scan on "*SELECT* 2765"  (cost=165745.69..165745.70 rows=1 width=76) (actual time=0.504..0.505 rows=1 loops=1)
         ->  Limit  (cost=165745.69..165745.69 rows=1 width=84) (actual time=0.500..0.501 rows=1 loops=1)
               ->  Sort  (cost=165745.69..165745.69 rows=1 width=84) (actual time=0.498..0.498 rows=1 loops=1)
                     Sort Key: (st_distance(st_transform(s_2764.the_geom, 25833), '0101000020E9640000172D109BD7DB2341D7C04ED20B0F5741'::geometry))
                     Sort Method: top-N heapsort  Memory: 25kB
                     ->  Seq Scan on phoml_trajectory_tmp s_2764  (cost=0.00..165745.68 rows=1 width=84) (actual time=0.013..0.447 rows=348 loops=1)
                           Filter: ((unix_time >= '1685451251.86'::double precision) AND (unix_time <= '1685451311.86'::double precision) AND st_dwithin(st_transform(the_geom, 25833), '0101000020E9640000172D109BD7DB2341D7C04ED20B0F5741'::geometry, '300'::double precision))
                           Rows Removed by Filter: 3312
   ->  Subquery Scan on "*SELECT* 2766"  (cost=165745.69..165745.70 rows=1 width=76) (actual time=0.490..0.491 rows=1 loops=1)
         ->  Limit  (cost=165745.69..165745.69 rows=1 width=84) (actual time=0.488..0.488 rows=1 loops=1)
               ->  Sort  (cost=165745.69..165745.69 rows=1 width=84) (actual time=0.485..0.486 rows=1 loops=1)
                     Sort Key: (st_distance(st_transform(s_2765.the_geom, 25833), '0101000020E9640000CB2CCC73D4DB23412D6ACBA60A0F5741'::geometry))
                     Sort Method: top-N heapsort  Memory: 25kB
                     ->  Seq Scan on phoml_trajectory_tmp s_2765  (cost=0.00..165745.68 rows=1 width=84) (actual time=0.011..0.431 rows=352 loops=1)
                           Filter: ((unix_time >= '1685451252.346'::double precision) AND (unix_time <= '1685451312.346'::double precision) AND st_dwithin(st_transform(the_geom, 25833), '0101000020E9640000CB2CCC73D4DB23412D6ACBA60A0F5741'::geometry, '300'::double precision))
                           Rows Removed by Filter: 3308
   ->  Subquery Scan on "*SELECT* 2767"  (cost=165745.69..165745.70 rows=1 width=76) (actual time=0.487..0.489 rows=1 loops=1)
         ->  Limit  (cost=165745.69..165745.69 rows=1 width=84) (actual time=0.484..0.485 rows=1 loops=1)
               ->  Sort  (cost=165745.69..165745.69 rows=1 width=84) (actual time=0.482..0.483 rows=1 loops=1)
                     Sort Key: (st_distance(st_transform(s_2766.the_geom, 25833), '0101000020E96400001E51621BD1DB23416024077B090F5741'::geometry))
                     Sort Method: top-N heapsort  Memory: 25kB
                     ->  Seq Scan on phoml_trajectory_tmp s_2766  (cost=0.00..165745.68 rows=1 width=84) (actual time=0.011..0.432 rows=356 loops=1)
                           Filter: ((unix_time >= '1685451252.856'::double precision) AND (unix_time <= '1685451312.856'::double precision) AND st_dwithin(st_transform(the_geom, 25833), '0101000020E96400001E51621BD1DB23416024077B090F5741'::geometry, '300'::double precision))
                           Rows Removed by Filter: 3304
   ->  Subquery Scan on "*SELECT* 2768"  (cost=165745.69..165745.70 rows=1 width=76) (actual time=0.474..0.475 rows=1 loops=1)
         ->  Limit  (cost=165745.69..165745.69 rows=1 width=84) (actual time=0.471..0.473 rows=1 loops=1)
               ->  Sort  (cost=165745.69..165745.69 rows=1 width=84) (actual time=0.469..0.470 rows=1 loops=1)
                     Sort Key: (st_distance(st_transform(s_2767.the_geom, 25833), '0101000020E96400008B137516CEDB2341730DAE46080F5741'::geometry))
                     Sort Method: top-N heapsort  Memory: 25kB
                     ->  Seq Scan on phoml_trajectory_tmp s_2767  (cost=0.00..165745.68 rows=1 width=84) (actual time=0.013..0.418 rows=360 loops=1)
                           Filter: ((unix_time >= '1685451253.352'::double precision) AND (unix_time <= '1685451313.352'::double precision) AND st_dwithin(st_transform(the_geom, 25833), '0101000020E96400008B137516CEDB2341730DAE46080F5741'::geometry, '300'::double precision))
                           Rows Removed by Filter: 3300
   ->  Subquery Scan on "*SELECT* 2769"  (cost=165745.69..165745.70 rows=1 width=76) (actual time=0.499..0.500 rows=1 loops=1)
         ->  Limit  (cost=165745.69..165745.69 rows=1 width=84) (actual time=0.495..0.496 rows=1 loops=1)
               ->  Sort  (cost=165745.69..165745.69 rows=1 width=84) (actual time=0.493..0.494 rows=1 loops=1)
                     Sort Key: (st_distance(st_transform(s_2768.the_geom, 25833), '0101000020E964000043BC00EBCADB2341A454DF22070F5741'::geometry))
                     Sort Method: top-N heapsort  Memory: 25kB
                     ->  Seq Scan on phoml_trajectory_tmp s_2768  (cost=0.00..165745.68 rows=1 width=84) (actual time=0.012..0.441 rows=364 loops=1)
                           Filter: ((unix_time >= '1685451253.842'::double precision) AND (unix_time <= '1685451313.842'::double precision) AND st_dwithin(st_transform(the_geom, 25833), '0101000020E964000043BC00EBCADB2341A454DF22070F5741'::geometry, '300'::double precision))
                           Rows Removed by Filter: 3296
   ->  Subquery Scan on "*SELECT* 2770"  (cost=165745.69..165745.70 rows=1 width=76) (actual time=0.480..0.481 rows=1 loops=1)
         ->  Limit  (cost=165745.69..165745.69 rows=1 width=84) (actual time=0.478..0.479 rows=1 loops=1)
               ->  Sort  (cost=165745.69..165745.69 rows=1 width=84) (actual time=0.476..0.476 rows=1 loops=1)
                     Sort Key: (st_distance(st_transform(s_2769.the_geom, 25833), '0101000020E964000012495305C8DB2341CA5E3BE8050F5741'::geometry))
                     Sort Method: top-N heapsort  Memory: 25kB
                     ->  Seq Scan on phoml_trajectory_tmp s_2769  (cost=0.00..165745.68 rows=1 width=84) (actual time=0.009..0.422 rows=368 loops=1)
                           Filter: ((unix_time >= '1685451254.338'::double precision) AND (unix_time <= '1685451314.338'::double precision) AND st_dwithin(st_transform(the_geom, 25833), '0101000020E964000012495305C8DB2341CA5E3BE8050F5741'::geometry, '300'::double precision))
                           Rows Removed by Filter: 3292
   ->  Subquery Scan on "*SELECT* 2771"  (cost=165745.69..165745.70 rows=1 width=76) (actual time=0.503..0.504 rows=1 loops=1)
         ->  Limit  (cost=165745.69..165745.69 rows=1 width=84) (actual time=0.500..0.500 rows=1 loops=1)
               ->  Sort  (cost=165745.69..165745.69 rows=1 width=84) (actual time=0.498..0.498 rows=1 loops=1)
                     Sort Key: (st_distance(st_transform(s_2770.the_geom, 25833), '0101000020E9640000320032F3C4DB2341E6F48CBA040F5741'::geometry))
                     Sort Method: top-N heapsort  Memory: 25kB
                     ->  Seq Scan on phoml_trajectory_tmp s_2770  (cost=0.00..165745.68 rows=1 width=84) (actual time=0.012..0.444 rows=372 loops=1)
                           Filter: ((unix_time >= '1685451254.818'::double precision) AND (unix_time <= '1685451314.818'::double precision) AND st_dwithin(st_transform(the_geom, 25833), '0101000020E9640000320032F3C4DB2341E6F48CBA040F5741'::geometry, '300'::double precision))
                           Rows Removed by Filter: 3288
   ->  Subquery Scan on "*SELECT* 2772"  (cost=165745.69..165745.70 rows=1 width=76) (actual time=0.498..0.499 rows=1 loops=1)
         ->  Limit  (cost=165745.69..165745.69 rows=1 width=84) (actual time=0.495..0.496 rows=1 loops=1)
               ->  Sort  (cost=165745.69..165745.69 rows=1 width=84) (actual time=0.493..0.494 rows=1 loops=1)
                     Sort Key: (st_distance(st_transform(s_2771.the_geom, 25833), '0101000020E9640000F8F79E39C2DB23412B39FA79030F5741'::geometry))
                     Sort Method: top-N heapsort  Memory: 25kB
                     ->  Seq Scan on phoml_trajectory_tmp s_2771  (cost=0.00..165745.68 rows=1 width=84) (actual time=0.009..0.439 rows=376 loops=1)
                           Filter: ((unix_time >= '1685451255.311'::double precision) AND (unix_time <= '1685451315.311'::double precision) AND st_dwithin(st_transform(the_geom, 25833), '0101000020E9640000F8F79E39C2DB23412B39FA79030F5741'::geometry, '300'::double precision))
                           Rows Removed by Filter: 3284
   ->  Subquery Scan on "*SELECT* 2773"  (cost=165745.69..165745.70 rows=1 width=76) (actual time=0.511..0.512 rows=1 loops=1)
         ->  Limit  (cost=165745.69..165745.69 rows=1 width=84) (actual time=0.507..0.508 rows=1 loops=1)
               ->  Sort  (cost=165745.69..165745.69 rows=1 width=84) (actual time=0.505..0.505 rows=1 loops=1)
                     Sort Key: (st_distance(st_transform(s_2772.the_geom, 25833), '0101000020E96400007FBC3E64BFDB2341BDF15D44020F5741'::geometry))
                     Sort Method: top-N heapsort  Memory: 25kB
                     ->  Seq Scan on phoml_trajectory_tmp s_2772  (cost=0.00..165745.68 rows=1 width=84) (actual time=0.012..0.442 rows=380 loops=1)
                           Filter: ((unix_time >= '1685451255.791'::double precision) AND (unix_time <= '1685451315.791'::double precision) AND st_dwithin(st_transform(the_geom, 25833), '0101000020E96400007FBC3E64BFDB2341BDF15D44020F5741'::geometry, '300'::double precision))
                           Rows Removed by Filter: 3280
   ->  Subquery Scan on "*SELECT* 2774"  (cost=165745.69..165745.70 rows=1 width=76) (actual time=0.495..0.496 rows=1 loops=1)
         ->  Limit  (cost=165745.69..165745.69 rows=1 width=84) (actual time=0.493..0.494 rows=1 loops=1)
               ->  Sort  (cost=165745.69..165745.69 rows=1 width=84) (actual time=0.490..0.491 rows=1 loops=1)
                     Sort Key: (st_distance(st_transform(s_2773.the_geom, 25833), '0101000020E96400000CFFC6AABCDB2341B9639208010F5741'::geometry))
                     Sort Method: top-N heapsort  Memory: 25kB
                     ->  Seq Scan on phoml_trajectory_tmp s_2773  (cost=0.00..165745.68 rows=1 width=84) (actual time=0.009..0.436 rows=384 loops=1)
                           Filter: ((unix_time >= '1685451256.251'::double precision) AND (unix_time <= '1685451316.251'::double precision) AND st_dwithin(st_transform(the_geom, 25833), '0101000020E96400000CFFC6AABCDB2341B9639208010F5741'::geometry, '300'::double precision))
                           Rows Removed by Filter: 3276
   ->  Subquery Scan on "*SELECT* 2775"  (cost=165745.69..165745.70 rows=1 width=76) (actual time=0.516..0.517 rows=1 loops=1)
         ->  Limit  (cost=165745.69..165745.69 rows=1 width=84) (actual time=0.512..0.513 rows=1 loops=1)
               ->  Sort  (cost=165745.69..165745.69 rows=1 width=84) (actual time=0.510..0.511 rows=1 loops=1)
                     Sort Key: (st_distance(st_transform(s_2774.the_geom, 25833), '0101000020E96400002E45ECA4B9DB234181192CD9FF0E5741'::geometry))
                     Sort Method: top-N heapsort  Memory: 25kB
                     ->  Seq Scan on phoml_trajectory_tmp s_2774  (cost=0.00..165745.68 rows=1 width=84) (actual time=0.009..0.455 rows=392 loops=1)
                           Filter: ((unix_time >= '1685451256.731'::double precision) AND (unix_time <= '1685451316.731'::double precision) AND st_dwithin(st_transform(the_geom, 25833), '0101000020E96400002E45ECA4B9DB234181192CD9FF0E5741'::geometry, '300'::double precision))
                           Rows Removed by Filter: 3268
   ->  Subquery Scan on "*SELECT* 2776"  (cost=165745.69..165745.70 rows=1 width=76) (actual time=0.511..0.512 rows=1 loops=1)
         ->  Limit  (cost=165745.69..165745.69 rows=1 width=84) (actual time=0.509..0.509 rows=1 loops=1)
               ->  Sort  (cost=165745.69..165745.69 rows=1 width=84) (actual time=0.507..0.507 rows=1 loops=1)
                     Sort Key: (st_distance(st_transform(s_2775.the_geom, 25833), '0101000020E9640000B82D89BFB6DB2341A43FB1A2FE0E5741'::geometry))
                     Sort Method: top-N heapsort  Memory: 25kB
                     ->  Seq Scan on phoml_trajectory_tmp s_2775  (cost=0.00..165745.68 rows=1 width=84) (actual time=0.009..0.451 rows=393 loops=1)
                           Filter: ((unix_time >= '1685451257.205'::double precision) AND (unix_time <= '1685451317.205'::double precision) AND st_dwithin(st_transform(the_geom, 25833), '0101000020E9640000B82D89BFB6DB2341A43FB1A2FE0E5741'::geometry, '300'::double precision))
                           Rows Removed by Filter: 3267
   ->  Subquery Scan on "*SELECT* 2777"  (cost=165745.69..165745.70 rows=1 width=76) (actual time=0.538..0.539 rows=1 loops=1)
         ->  Limit  (cost=165745.69..165745.69 rows=1 width=84) (actual time=0.534..0.535 rows=1 loops=1)
               ->  Sort  (cost=165745.69..165745.69 rows=1 width=84) (actual time=0.532..0.532 rows=1 loops=1)
                     Sort Key: (st_distance(st_transform(s_2776.the_geom, 25833), '0101000020E9640000A51424B4B3DB2341987B3271FD0E5741'::geometry))
                     Sort Method: top-N heapsort  Memory: 25kB
                     ->  Seq Scan on phoml_trajectory_tmp s_2776  (cost=0.00..165745.68 rows=1 width=84) (actual time=0.012..0.475 rows=396 loops=1)
                           Filter: ((unix_time >= '1685451257.645'::double precision) AND (unix_time <= '1685451317.645'::double precision) AND st_dwithin(st_transform(the_geom, 25833), '0101000020E9640000A51424B4B3DB2341987B3271FD0E5741'::geometry, '300'::double precision))
                           Rows Removed by Filter: 3264
   ->  Subquery Scan on "*SELECT* 2778"  (cost=165745.69..165745.70 rows=1 width=76) (actual time=0.509..0.510 rows=1 loops=1)
         ->  Limit  (cost=165745.69..165745.69 rows=1 width=84) (actual time=0.507..0.507 rows=1 loops=1)
               ->  Sort  (cost=165745.69..165745.69 rows=1 width=84) (actual time=0.505..0.505 rows=1 loops=1)
                     Sort Key: (st_distance(st_transform(s_2777.the_geom, 25833), '0101000020E9640000B514E3B6B0DB23419CE9C844FC0E5741'::geometry))
                     Sort Method: top-N heapsort  Memory: 25kB
                     ->  Seq Scan on phoml_trajectory_tmp s_2777  (cost=0.00..165745.68 rows=1 width=84) (actual time=0.013..0.447 rows=400 loops=1)
                           Filter: ((unix_time >= '1685451258.095'::double precision) AND (unix_time <= '1685451318.095'::double precision) AND st_dwithin(st_transform(the_geom, 25833), '0101000020E9640000B514E3B6B0DB23419CE9C844FC0E5741'::geometry, '300'::double precision))
                           Rows Removed by Filter: 3260
   ->  Subquery Scan on "*SELECT* 2779"  (cost=165745.69..165745.70 rows=1 width=76) (actual time=0.527..0.528 rows=1 loops=1)
         ->  Limit  (cost=165745.69..165745.69 rows=1 width=84) (actual time=0.523..0.524 rows=1 loops=1)
               ->  Sort  (cost=165745.69..165745.69 rows=1 width=84) (actual time=0.521..0.522 rows=1 loops=1)
                     Sort Key: (st_distance(st_transform(s_2778.the_geom, 25833), '0101000020E96400009DC957CEADDB2341EBA0A71CFB0E5741'::geometry))
                     Sort Method: top-N heapsort  Memory: 25kB
                     ->  Seq Scan on phoml_trajectory_tmp s_2778  (cost=0.00..165745.68 rows=1 width=84) (actual time=0.011..0.453 rows=404 loops=1)
                           Filter: ((unix_time >= '1685451258.551'::double precision) AND (unix_time <= '1685451318.551'::double precision) AND st_dwithin(st_transform(the_geom, 25833), '0101000020E96400009DC957CEADDB2341EBA0A71CFB0E5741'::geometry, '300'::double precision))
                           Rows Removed by Filter: 3256
   ->  Subquery Scan on "*SELECT* 2780"  (cost=165745.69..165745.70 rows=1 width=76) (actual time=0.512..0.513 rows=1 loops=1)
         ->  Limit  (cost=165745.69..165745.69 rows=1 width=84) (actual time=0.509..0.510 rows=1 loops=1)
               ->  Sort  (cost=165745.69..165745.69 rows=1 width=84) (actual time=0.508..0.508 rows=1 loops=1)
                     Sort Key: (st_distance(st_transform(s_2779.the_geom, 25833), '0101000020E9640000CFD2BB86AADB23415A4892E7F90E5741'::geometry))
                     Sort Method: top-N heapsort  Memory: 25kB
                     ->  Seq Scan on phoml_trajectory_tmp s_2779  (cost=0.00..165745.68 rows=1 width=84) (actual time=0.009..0.450 rows=408 loops=1)
                           Filter: ((unix_time >= '1685451259.011'::double precision) AND (unix_time <= '1685451319.011'::double precision) AND st_dwithin(st_transform(the_geom, 25833), '0101000020E9640000CFD2BB86AADB23415A4892E7F90E5741'::geometry, '300'::double precision))
                           Rows Removed by Filter: 3252
   ->  Subquery Scan on "*SELECT* 2781"  (cost=165745.69..165745.70 rows=1 width=76) (actual time=0.538..0.539 rows=1 loops=1)
         ->  Limit  (cost=165745.69..165745.69 rows=1 width=84) (actual time=0.534..0.535 rows=1 loops=1)
               ->  Sort  (cost=165745.69..165745.69 rows=1 width=84) (actual time=0.533..0.533 rows=1 loops=1)
                     Sort Key: (st_distance(st_transform(s_2780.the_geom, 25833), '0101000020E964000072E50469A7DB234117EAC4C1F80E5741'::geometry))
                     Sort Method: top-N heapsort  Memory: 25kB
                     ->  Seq Scan on phoml_trajectory_tmp s_2780  (cost=0.00..165745.68 rows=1 width=84) (actual time=0.013..0.474 rows=408 loops=1)
                           Filter: ((unix_time >= '1685451259.459'::double precision) AND (unix_time <= '1685451319.459'::double precision) AND st_dwithin(st_transform(the_geom, 25833), '0101000020E964000072E50469A7DB234117EAC4C1F80E5741'::geometry, '300'::double precision))
                           Rows Removed by Filter: 3252
   ->  Subquery Scan on "*SELECT* 2782"  (cost=165745.69..165745.70 rows=1 width=76) (actual time=0.524..0.525 rows=1 loops=1)
         ->  Limit  (cost=165745.69..165745.69 rows=1 width=84) (actual time=0.521..0.522 rows=1 loops=1)
               ->  Sort  (cost=165745.69..165745.69 rows=1 width=84) (actual time=0.520..0.520 rows=1 loops=1)
                     Sort Key: (st_distance(st_transform(s_2781.the_geom, 25833), '0101000020E964000076492A01A4DB23410356B997F70E5741'::geometry))
                     Sort Method: top-N heapsort  Memory: 25kB
                     ->  Seq Scan on phoml_trajectory_tmp s_2781  (cost=0.00..165745.68 rows=1 width=84) (actual time=0.010..0.462 rows=412 loops=1)
                           Filter: ((unix_time >= '1685451259.909'::double precision) AND (unix_time <= '1685451319.909'::double precision) AND st_dwithin(st_transform(the_geom, 25833), '0101000020E964000076492A01A4DB23410356B997F70E5741'::geometry, '300'::double precision))
                           Rows Removed by Filter: 3248
   ->  Subquery Scan on "*SELECT* 2783"  (cost=165745.69..165745.70 rows=1 width=76) (actual time=0.537..0.538 rows=1 loops=1)
         ->  Limit  (cost=165745.69..165745.69 rows=1 width=84) (actual time=0.534..0.535 rows=1 loops=1)
               ->  Sort  (cost=165745.69..165745.69 rows=1 width=84) (actual time=0.532..0.533 rows=1 loops=1)
                     Sort Key: (st_distance(st_transform(s_2782.the_geom, 25833), '0101000020E9640000F4FDA196A0DB2341E1A9DA63F60E5741'::geometry))
                     Sort Method: top-N heapsort  Memory: 25kB
                     ->  Seq Scan on phoml_trajectory_tmp s_2782  (cost=0.00..165745.68 rows=1 width=84) (actual time=0.025..0.474 rows=416 loops=1)
                           Filter: ((unix_time >= '1685451260.375'::double precision) AND (unix_time <= '1685451320.375'::double precision) AND st_dwithin(st_transform(the_geom, 25833), '0101000020E9640000F4FDA196A0DB2341E1A9DA63F60E5741'::geometry, '300'::double precision))
                           Rows Removed by Filter: 3244
   ->  Subquery Scan on "*SELECT* 2784"  (cost=165745.69..165745.70 rows=1 width=76) (actual time=0.540..0.541 rows=1 loops=1)
         ->  Limit  (cost=165745.69..165745.69 rows=1 width=84) (actual time=0.537..0.538 rows=1 loops=1)
               ->  Sort  (cost=165745.69..165745.69 rows=1 width=84) (actual time=0.534..0.535 rows=1 loops=1)
                     Sort Key: (st_distance(st_transform(s_2783.the_geom, 25833), '0101000020E9640000EB84ACB99DDB23416D0D2E3EF50E5741'::geometry))
                     Sort Method: top-N heapsort  Memory: 25kB
                     ->  Seq Scan on phoml_trajectory_tmp s_2783  (cost=0.00..165745.68 rows=1 width=84) (actual time=0.010..0.473 rows=420 loops=1)
                           Filter: ((unix_time >= '1685451260.825'::double precision) AND (unix_time <= '1685451320.825'::double precision) AND st_dwithin(st_transform(the_geom, 25833), '0101000020E9640000EB84ACB99DDB23416D0D2E3EF50E5741'::geometry, '300'::double precision))
                           Rows Removed by Filter: 3240
   ->  Subquery Scan on "*SELECT* 2785"  (cost=165745.69..165745.70 rows=1 width=76) (actual time=0.530..0.531 rows=1 loops=1)
         ->  Limit  (cost=165745.69..165745.69 rows=1 width=84) (actual time=0.528..0.529 rows=1 loops=1)
               ->  Sort  (cost=165745.69..165745.69 rows=1 width=84) (actual time=0.526..0.527 rows=1 loops=1)
                     Sort Key: (st_distance(st_transform(s_2784.the_geom, 25833), '0101000020E964000038DE63D999DB2341933C6D16F40E5741'::geometry))
                     Sort Method: top-N heapsort  Memory: 25kB
                     ->  Seq Scan on phoml_trajectory_tmp s_2784  (cost=0.00..165745.68 rows=1 width=84) (actual time=0.012..0.467 rows=420 loops=1)
                           Filter: ((unix_time >= '1685451261.281'::double precision) AND (unix_time <= '1685451321.281'::double precision) AND st_dwithin(st_transform(the_geom, 25833), '0101000020E964000038DE63D999DB2341933C6D16F40E5741'::geometry, '300'::double precision))
                           Rows Removed by Filter: 3240
   ->  Subquery Scan on "*SELECT* 2786"  (cost=165745.69..165745.70 rows=1 width=76) (actual time=0.633..0.634 rows=1 loops=1)
         ->  Limit  (cost=165745.69..165745.69 rows=1 width=84) (actual time=0.610..0.611 rows=1 loops=1)
               ->  Sort  (cost=165745.69..165745.69 rows=1 width=84) (actual time=0.608..0.608 rows=1 loops=1)
                     Sort Key: (st_distance(st_transform(s_2785.the_geom, 25833), '0101000020E96400009CAC970D96DB234126693206F30E5741'::geometry))
                     Sort Method: top-N heapsort  Memory: 25kB
                     ->  Seq Scan on phoml_trajectory_tmp s_2785  (cost=0.00..165745.68 rows=1 width=84) (actual time=0.010..0.543 rows=424 loops=1)
                           Filter: ((unix_time >= '1685451261.721'::double precision) AND (unix_time <= '1685451321.721'::double precision) AND st_dwithin(st_transform(the_geom, 25833), '0101000020E96400009CAC970D96DB234126693206F30E5741'::geometry, '300'::double precision))
                           Rows Removed by Filter: 3236
   ->  Subquery Scan on "*SELECT* 2787"  (cost=165745.69..165745.70 rows=1 width=76) (actual time=0.542..0.544 rows=1 loops=1)
         ->  Limit  (cost=165745.69..165745.69 rows=1 width=84) (actual time=0.540..0.541 rows=1 loops=1)
               ->  Sort  (cost=165745.69..165745.69 rows=1 width=84) (actual time=0.538..0.538 rows=1 loops=1)
                     Sort Key: (st_distance(st_transform(s_2786.the_geom, 25833), '0101000020E96400001E78DE4092DB2341A5BAA9E8F10E5741'::geometry))
                     Sort Method: top-N heapsort  Memory: 25kB
                     ->  Seq Scan on phoml_trajectory_tmp s_2786  (cost=0.00..165745.68 rows=1 width=84) (actual time=0.012..0.476 rows=428 loops=1)
                           Filter: ((unix_time >= '1685451262.17'::double precision) AND (unix_time <= '1685451322.17'::double precision) AND st_dwithin(st_transform(the_geom, 25833), '0101000020E96400001E78DE4092DB2341A5BAA9E8F10E5741'::geometry, '300'::double precision))
                           Rows Removed by Filter: 3232
   ->  Subquery Scan on "*SELECT* 2788"  (cost=165745.69..165745.70 rows=1 width=76) (actual time=0.552..0.553 rows=1 loops=1)
         ->  Limit  (cost=165745.69..165745.69 rows=1 width=84) (actual time=0.549..0.550 rows=1 loops=1)
               ->  Sort  (cost=165745.69..165745.69 rows=1 width=84) (actual time=0.547..0.547 rows=1 loops=1)
                     Sort Key: (st_distance(st_transform(s_2787.the_geom, 25833), '0101000020E9640000109CF3318FDB2341ABAFFEA3F00E5741'::geometry))
                     Sort Method: top-N heapsort  Memory: 25kB
                     ->  Seq Scan on phoml_trajectory_tmp s_2787  (cost=0.00..165745.68 rows=1 width=84) (actual time=0.013..0.487 rows=430 loops=1)
                           Filter: ((unix_time >= '1685451262.63'::double precision) AND (unix_time <= '1685451322.63'::double precision) AND st_dwithin(st_transform(the_geom, 25833), '0101000020E9640000109CF3318FDB2341ABAFFEA3F00E5741'::geometry, '300'::double precision))
                           Rows Removed by Filter: 3230
   ->  Subquery Scan on "*SELECT* 2789"  (cost=165745.69..165745.70 rows=1 width=76) (actual time=0.545..0.546 rows=1 loops=1)
         ->  Limit  (cost=165745.69..165745.69 rows=1 width=84) (actual time=0.543..0.544 rows=1 loops=1)
               ->  Sort  (cost=165745.69..165745.69 rows=1 width=84) (actual time=0.540..0.541 rows=1 loops=1)
                     Sort Key: (st_distance(st_transform(s_2788.the_geom, 25833), '0101000020E96400007778F65A8CDB234135B17965EF0E5741'::geometry))
                     Sort Method: top-N heapsort  Memory: 25kB
                     ->  Seq Scan on phoml_trajectory_tmp s_2788  (cost=0.00..165745.68 rows=1 width=84) (actual time=0.013..0.478 rows=432 loops=1)
                           Filter: ((unix_time >= '1685451263.09'::double precision) AND (unix_time <= '1685451323.09'::double precision) AND st_dwithin(st_transform(the_geom, 25833), '0101000020E96400007778F65A8CDB234135B17965EF0E5741'::geometry, '300'::double precision))
                           Rows Removed by Filter: 3228
   ->  Subquery Scan on "*SELECT* 2790"  (cost=165745.69..165745.70 rows=1 width=76) (actual time=0.611..0.612 rows=1 loops=1)
         ->  Limit  (cost=165745.69..165745.69 rows=1 width=84) (actual time=0.597..0.597 rows=1 loops=1)
               ->  Sort  (cost=165745.69..165745.69 rows=1 width=84) (actual time=0.595..0.595 rows=1 loops=1)
                     Sort Key: (st_distance(st_transform(s_2789.the_geom, 25833), '0101000020E9640000D53ACF5F89DB2341180C9729EE0E5741'::geometry))
                     Sort Method: top-N heapsort  Memory: 25kB
                     ->  Seq Scan on phoml_trajectory_tmp s_2789  (cost=0.00..165745.68 rows=1 width=84) (actual time=0.009..0.513 rows=436 loops=1)
                           Filter: ((unix_time >= '1685451263.543'::double precision) AND (unix_time <= '1685451323.543'::double precision) AND st_dwithin(st_transform(the_geom, 25833), '0101000020E9640000D53ACF5F89DB2341180C9729EE0E5741'::geometry, '300'::double precision))
                           Rows Removed by Filter: 3224
   ->  Subquery Scan on "*SELECT* 2791"  (cost=165745.69..165745.70 rows=1 width=76) (actual time=0.596..0.597 rows=1 loops=1)
         ->  Limit  (cost=165745.69..165745.69 rows=1 width=84) (actual time=0.593..0.594 rows=1 loops=1)
               ->  Sort  (cost=165745.69..165745.69 rows=1 width=84) (actual time=0.590..0.591 rows=1 loops=1)
                     Sort Key: (st_distance(st_transform(s_2790.the_geom, 25833), '0101000020E9640000FB85994286DB23415AE05B0BED0E5741'::geometry))
                     Sort Method: top-N heapsort  Memory: 25kB
                     ->  Seq Scan on phoml_trajectory_tmp s_2790  (cost=0.00..165745.68 rows=1 width=84) (actual time=0.033..0.526 rows=440 loops=1)
                           Filter: ((unix_time >= '1685451263.973'::double precision) AND (unix_time <= '1685451323.973'::double precision) AND st_dwithin(st_transform(the_geom, 25833), '0101000020E9640000FB85994286DB23415AE05B0BED0E5741'::geometry, '300'::double precision))
                           Rows Removed by Filter: 3220
   ->  Subquery Scan on "*SELECT* 2792"  (cost=165745.69..165745.70 rows=1 width=76) (actual time=0.564..0.565 rows=1 loops=1)
         ->  Limit  (cost=165745.69..165745.69 rows=1 width=84) (actual time=0.562..0.563 rows=1 loops=1)
               ->  Sort  (cost=165745.69..165745.69 rows=1 width=84) (actual time=0.560..0.560 rows=1 loops=1)
                     Sort Key: (st_distance(st_transform(s_2791.the_geom, 25833), '0101000020E96400000F3E44ED82DB2341D18021CEEB0E5741'::geometry))
                     Sort Method: top-N heapsort  Memory: 25kB
                     ->  Seq Scan on phoml_trajectory_tmp s_2791  (cost=0.00..165745.68 rows=1 width=84) (actual time=0.010..0.498 rows=440 loops=1)
                           Filter: ((unix_time >= '1685451264.426'::double precision) AND (unix_time <= '1685451324.426'::double precision) AND st_dwithin(st_transform(the_geom, 25833), '0101000020E96400000F3E44ED82DB2341D18021CEEB0E5741'::geometry, '300'::double precision))
                           Rows Removed by Filter: 3220
   ->  Subquery Scan on "*SELECT* 2793"  (cost=165745.69..165745.70 rows=1 width=76) (actual time=0.568..0.569 rows=1 loops=1)
         ->  Limit  (cost=165745.69..165745.69 rows=1 width=84) (actual time=0.564..0.565 rows=1 loops=1)
               ->  Sort  (cost=165745.69..165745.69 rows=1 width=84) (actual time=0.562..0.563 rows=1 loops=1)
                     Sort Key: (st_distance(st_transform(s_2792.the_geom, 25833), '0101000020E96400007FEEF37C7FDB2341BD5A2EA5EA0E5741'::geometry))
                     Sort Method: top-N heapsort  Memory: 25kB
                     ->  Seq Scan on phoml_trajectory_tmp s_2792  (cost=0.00..165745.68 rows=1 width=84) (actual time=0.012..0.501 rows=440 loops=1)
                           Filter: ((unix_time >= '1685451264.866'::double precision) AND (unix_time <= '1685451324.866'::double precision) AND st_dwithin(st_transform(the_geom, 25833), '0101000020E96400007FEEF37C7FDB2341BD5A2EA5EA0E5741'::geometry, '300'::double precision))
                           Rows Removed by Filter: 3220
   ->  Subquery Scan on "*SELECT* 2794"  (cost=165745.69..165745.70 rows=1 width=76) (actual time=0.552..0.553 rows=1 loops=1)
         ->  Limit  (cost=165745.69..165745.69 rows=1 width=84) (actual time=0.550..0.550 rows=1 loops=1)
               ->  Sort  (cost=165745.69..165745.69 rows=1 width=84) (actual time=0.548..0.548 rows=1 loops=1)
                     Sort Key: (st_distance(st_transform(s_2793.the_geom, 25833), '0101000020E96400002F27757A7CDB23417C25AB77E90E5741'::geometry))
                     Sort Method: top-N heapsort  Memory: 25kB
                     ->  Seq Scan on phoml_trajectory_tmp s_2793  (cost=0.00..165745.68 rows=1 width=84) (actual time=0.010..0.484 rows=444 loops=1)
                           Filter: ((unix_time >= '1685451265.296'::double precision) AND (unix_time <= '1685451325.296'::double precision) AND st_dwithin(st_transform(the_geom, 25833), '0101000020E96400002F27757A7CDB23417C25AB77E90E5741'::geometry, '300'::double precision))
                           Rows Removed by Filter: 3216
   ->  Subquery Scan on "*SELECT* 2795"  (cost=165745.69..165745.70 rows=1 width=76) (actual time=0.566..0.567 rows=1 loops=1)
         ->  Limit  (cost=165745.69..165745.69 rows=1 width=84) (actual time=0.563..0.564 rows=1 loops=1)
               ->  Sort  (cost=165745.69..165745.69 rows=1 width=84) (actual time=0.561..0.561 rows=1 loops=1)
                     Sort Key: (st_distance(st_transform(s_2794.the_geom, 25833), '0101000020E964000098AEBB6F79DB234184084B3CE80E5741'::geometry))
                     Sort Method: top-N heapsort  Memory: 25kB
                     ->  Seq Scan on phoml_trajectory_tmp s_2794  (cost=0.00..165745.68 rows=1 width=84) (actual time=0.010..0.499 rows=444 loops=1)
                           Filter: ((unix_time >= '1685451265.756'::double precision) AND (unix_time <= '1685451325.756'::double precision) AND st_dwithin(st_transform(the_geom, 25833), '0101000020E964000098AEBB6F79DB234184084B3CE80E5741'::geometry, '300'::double precision))
                           Rows Removed by Filter: 3216
   ->  Subquery Scan on "*SELECT* 2796"  (cost=165745.69..165745.70 rows=1 width=76) (actual time=0.571..0.572 rows=1 loops=1)
         ->  Limit  (cost=165745.69..165745.69 rows=1 width=84) (actual time=0.568..0.569 rows=1 loops=1)
               ->  Sort  (cost=165745.69..165745.69 rows=1 width=84) (actual time=0.566..0.567 rows=1 loops=1)
                     Sort Key: (st_distance(st_transform(s_2795.the_geom, 25833), '0101000020E964000070AED22376DB234114329306E70E5741'::geometry))
                     Sort Method: top-N heapsort  Memory: 25kB
                     ->  Seq Scan on phoml_trajectory_tmp s_2795  (cost=0.00..165745.68 rows=1 width=84) (actual time=0.010..0.500 rows=448 loops=1)
                           Filter: ((unix_time >= '1685451266.195'::double precision) AND (unix_time <= '1685451326.195'::double precision) AND st_dwithin(st_transform(the_geom, 25833), '0101000020E964000070AED22376DB234114329306E70E5741'::geometry, '300'::double precision))
                           Rows Removed by Filter: 3212
   ->  Subquery Scan on "*SELECT* 2797"  (cost=165745.69..165745.70 rows=1 width=76) (actual time=0.564..0.565 rows=1 loops=1)
         ->  Limit  (cost=165745.69..165745.69 rows=1 width=84) (actual time=0.561..0.562 rows=1 loops=1)
               ->  Sort  (cost=165745.69..165745.69 rows=1 width=84) (actual time=0.559..0.560 rows=1 loops=1)
                     Sort Key: (st_distance(st_transform(s_2796.the_geom, 25833), '0101000020E96400008327ACE472DB23411F712DD9E50E5741'::geometry))
                     Sort Method: top-N heapsort  Memory: 25kB
                     ->  Seq Scan on phoml_trajectory_tmp s_2796  (cost=0.00..165745.68 rows=1 width=84) (actual time=0.013..0.495 rows=452 loops=1)
                           Filter: ((unix_time >= '1685451266.635'::double precision) AND (unix_time <= '1685451326.635'::double precision) AND st_dwithin(st_transform(the_geom, 25833), '0101000020E96400008327ACE472DB23411F712DD9E50E5741'::geometry, '300'::double precision))
                           Rows Removed by Filter: 3208
   ->  Subquery Scan on "*SELECT* 2798"  (cost=165745.69..165745.70 rows=1 width=76) (actual time=0.576..0.577 rows=1 loops=1)
         ->  Limit  (cost=165745.69..165745.69 rows=1 width=84) (actual time=0.572..0.573 rows=1 loops=1)
               ->  Sort  (cost=165745.69..165745.69 rows=1 width=84) (actual time=0.570..0.571 rows=1 loops=1)
                     Sort Key: (st_distance(st_transform(s_2797.the_geom, 25833), '0101000020E964000083BCFCD86EDB2341FB0955C8E40E5741'::geometry))
                     Sort Method: top-N heapsort  Memory: 25kB
                     ->  Seq Scan on phoml_trajectory_tmp s_2797  (cost=0.00..165745.68 rows=1 width=84) (actual time=0.011..0.505 rows=452 loops=1)
                           Filter: ((unix_time >= '1685451267.075'::double precision) AND (unix_time <= '1685451327.075'::double precision) AND st_dwithin(st_transform(the_geom, 25833), '0101000020E964000083BCFCD86EDB2341FB0955C8E40E5741'::geometry, '300'::double precision))
                           Rows Removed by Filter: 3208
   ->  Subquery Scan on "*SELECT* 2799"  (cost=165745.69..165745.70 rows=1 width=76) (actual time=0.567..0.568 rows=1 loops=1)
         ->  Limit  (cost=165745.69..165745.69 rows=1 width=84) (actual time=0.565..0.566 rows=1 loops=1)
               ->  Sort  (cost=165745.69..165745.69 rows=1 width=84) (actual time=0.563..0.563 rows=1 loops=1)
                     Sort Key: (st_distance(st_transform(s_2798.the_geom, 25833), '0101000020E9640000BF6D9F736ADB23416F7A6CC0E30E5741'::geometry))
                     Sort Method: top-N heapsort  Memory: 25kB
                     ->  Seq Scan on phoml_trajectory_tmp s_2798  (cost=0.00..165745.68 rows=1 width=84) (actual time=0.011..0.496 rows=456 loops=1)
                           Filter: ((unix_time >= '1685451267.513'::double precision) AND (unix_time <= '1685451327.513'::double precision) AND st_dwithin(st_transform(the_geom, 25833), '0101000020E9640000BF6D9F736ADB23416F7A6CC0E30E5741'::geometry, '300'::double precision))
                           Rows Removed by Filter: 3204
   ->  Subquery Scan on "*SELECT* 2800"  (cost=165745.69..165745.70 rows=1 width=76) (actual time=0.582..0.583 rows=1 loops=1)
         ->  Limit  (cost=165745.69..165745.69 rows=1 width=84) (actual time=0.578..0.579 rows=1 loops=1)
               ->  Sort  (cost=165745.69..165745.69 rows=1 width=84) (actual time=0.576..0.576 rows=1 loops=1)
                     Sort Key: (st_distance(st_transform(s_2799.the_geom, 25833), '0101000020E96400000B172D6165DB2341DEBDF2C8E20E5741'::geometry))
                     Sort Method: top-N heapsort  Memory: 25kB
                     ->  Seq Scan on phoml_trajectory_tmp s_2799  (cost=0.00..165745.68 rows=1 width=84) (actual time=0.009..0.512 rows=452 loops=1)
                           Filter: ((unix_time >= '1685451267.953'::double precision) AND (unix_time <= '1685451327.953'::double precision) AND st_dwithin(st_transform(the_geom, 25833), '0101000020E96400000B172D6165DB2341DEBDF2C8E20E5741'::geometry, '300'::double precision))
                           Rows Removed by Filter: 3208
   ->  Subquery Scan on "*SELECT* 2801"  (cost=165745.69..165745.70 rows=1 width=76) (actual time=0.577..0.578 rows=1 loops=1)
         ->  Limit  (cost=165745.69..165745.69 rows=1 width=84) (actual time=0.574..0.575 rows=1 loops=1)
               ->  Sort  (cost=165745.69..165745.69 rows=1 width=84) (actual time=0.571..0.572 rows=1 loops=1)
                     Sort Key: (st_distance(st_transform(s_2800.the_geom, 25833), '0101000020E96400004FB7865560DB2341F68A34D1E10E5741'::geometry))
                     Sort Method: top-N heapsort  Memory: 25kB
                     ->  Seq Scan on phoml_trajectory_tmp s_2800  (cost=0.00..165745.68 rows=1 width=84) (actual time=0.014..0.500 rows=456 loops=1)
                           Filter: ((unix_time >= '1685451268.392'::double precision) AND (unix_time <= '1685451328.392'::double precision) AND st_dwithin(st_transform(the_geom, 25833), '0101000020E96400004FB7865560DB2341F68A34D1E10E5741'::geometry, '300'::double precision))
                           Rows Removed by Filter: 3204
   ->  Subquery Scan on "*SELECT* 2802"  (cost=165745.69..165745.70 rows=1 width=76) (actual time=0.565..0.566 rows=1 loops=1)
         ->  Limit  (cost=165745.69..165745.69 rows=1 width=84) (actual time=0.563..0.564 rows=1 loops=1)
               ->  Sort  (cost=165745.69..165745.69 rows=1 width=84) (actual time=0.561..0.562 rows=1 loops=1)
                     Sort Key: (st_distance(st_transform(s_2801.the_geom, 25833), '0101000020E9640000FBE40CDA5ADB2341247B7AE7E00E5741'::geometry))
                     Sort Method: top-N heapsort  Memory: 25kB
                     ->  Seq Scan on phoml_trajectory_tmp s_2801  (cost=0.00..165745.68 rows=1 width=84) (actual time=0.010..0.498 rows=456 loops=1)
                           Filter: ((unix_time >= '1685451268.812'::double precision) AND (unix_time <= '1685451328.812'::double precision) AND st_dwithin(st_transform(the_geom, 25833), '0101000020E9640000FBE40CDA5ADB2341247B7AE7E00E5741'::geometry, '300'::double precision))
                           Rows Removed by Filter: 3204
   ->  Subquery Scan on "*SELECT* 2803"  (cost=165745.69..165745.70 rows=1 width=76) (actual time=0.585..0.586 rows=1 loops=1)
         ->  Limit  (cost=165745.69..165745.69 rows=1 width=84) (actual time=0.581..0.582 rows=1 loops=1)
               ->  Sort  (cost=165745.69..165745.69 rows=1 width=84) (actual time=0.579..0.580 rows=1 loops=1)
                     Sort Key: (st_distance(st_transform(s_2802.the_geom, 25833), '0101000020E96400008F9C658255DB2341DDC9BAF0DF0E5741'::geometry))
                     Sort Method: top-N heapsort  Memory: 25kB
                     ->  Seq Scan on phoml_trajectory_tmp s_2802  (cost=0.00..165745.68 rows=1 width=84) (actual time=0.011..0.517 rows=452 loops=1)
                           Filter: ((unix_time >= '1685451269.241'::double precision) AND (unix_time <= '1685451329.241'::double precision) AND st_dwithin(st_transform(the_geom, 25833), '0101000020E96400008F9C658255DB2341DDC9BAF0DF0E5741'::geometry, '300'::double precision))
                           Rows Removed by Filter: 3208
   ->  Subquery Scan on "*SELECT* 2804"  (cost=165745.69..165745.70 rows=1 width=76) (actual time=0.565..0.566 rows=1 loops=1)
         ->  Limit  (cost=165745.69..165745.69 rows=1 width=84) (actual time=0.562..0.563 rows=1 loops=1)
               ->  Sort  (cost=165745.69..165745.69 rows=1 width=84) (actual time=0.560..0.561 rows=1 loops=1)
                     Sort Key: (st_distance(st_transform(s_2803.the_geom, 25833), '0101000020E9640000653EEA0050DB23410C9BCBF5DE0E5741'::geometry))
                     Sort Method: top-N heapsort  Memory: 25kB
                     ->  Seq Scan on phoml_trajectory_tmp s_2803  (cost=0.00..165745.68 rows=1 width=84) (actual time=0.013..0.497 rows=452 loops=1)
                           Filter: ((unix_time >= '1685451269.671'::double precision) AND (unix_time <= '1685451329.671'::double precision) AND st_dwithin(st_transform(the_geom, 25833), '0101000020E9640000653EEA0050DB23410C9BCBF5DE0E5741'::geometry, '300'::double precision))
                           Rows Removed by Filter: 3208
   ->  Subquery Scan on "*SELECT* 2805"  (cost=165745.69..165745.70 rows=1 width=76) (actual time=0.630..0.631 rows=1 loops=1)
         ->  Limit  (cost=165745.69..165745.69 rows=1 width=84) (actual time=0.626..0.626 rows=1 loops=1)
               ->  Sort  (cost=165745.69..165745.69 rows=1 width=84) (actual time=0.623..0.624 rows=1 loops=1)
                     Sort Key: (st_distance(st_transform(s_2804.the_geom, 25833), '0101000020E96400005CDC36C34ADB2341C592A9FEDD0E5741'::geometry))
                     Sort Method: top-N heapsort  Memory: 25kB
                     ->  Seq Scan on phoml_trajectory_tmp s_2804  (cost=0.00..165745.68 rows=1 width=84) (actual time=0.012..0.557 rows=448 loops=1)
                           Filter: ((unix_time >= '1685451270.101'::double precision) AND (unix_time <= '1685451330.101'::double precision) AND st_dwithin(st_transform(the_geom, 25833), '0101000020E96400005CDC36C34ADB2341C592A9FEDD0E5741'::geometry, '300'::double precision))
                           Rows Removed by Filter: 3212
   ->  Subquery Scan on "*SELECT* 2806"  (cost=165745.69..165745.70 rows=1 width=76) (actual time=0.579..0.580 rows=1 loops=1)
         ->  Limit  (cost=165745.69..165745.69 rows=1 width=84) (actual time=0.574..0.575 rows=1 loops=1)
               ->  Sort  (cost=165745.69..165745.69 rows=1 width=84) (actual time=0.572..0.573 rows=1 loops=1)
                     Sort Key: (st_distance(st_transform(s_2805.the_geom, 25833), '0101000020E964000065501FC145DB2341791569E2DC0E5741'::geometry))
                     Sort Method: top-N heapsort  Memory: 25kB
                     ->  Seq Scan on phoml_trajectory_tmp s_2805  (cost=0.00..165745.68 rows=1 width=84) (actual time=0.012..0.508 rows=448 loops=1)
                           Filter: ((unix_time >= '1685451270.524'::double precision) AND (unix_time <= '1685451330.524'::double precision) AND st_dwithin(st_transform(the_geom, 25833), '0101000020E964000065501FC145DB2341791569E2DC0E5741'::geometry, '300'::double precision))
                           Rows Removed by Filter: 3212
   ->  Subquery Scan on "*SELECT* 2807"  (cost=165745.69..165745.70 rows=1 width=76) (actual time=0.596..0.597 rows=1 loops=1)
         ->  Limit  (cost=165745.69..165745.69 rows=1 width=84) (actual time=0.594..0.595 rows=1 loops=1)
               ->  Sort  (cost=165745.69..165745.69 rows=1 width=84) (actual time=0.575..0.575 rows=1 loops=1)
                     Sort Key: (st_distance(st_transform(s_2806.the_geom, 25833), '0101000020E96400000384FC1F41DB2341E74C8BC8DB0E5741'::geometry))
                     Sort Method: top-N heapsort  Memory: 25kB
                     ->  Seq Scan on phoml_trajectory_tmp s_2806  (cost=0.00..165745.68 rows=1 width=84) (actual time=0.032..0.512 rows=444 loops=1)
                           Filter: ((unix_time >= '1685451270.944'::double precision) AND (unix_time <= '1685451330.944'::double precision) AND st_dwithin(st_transform(the_geom, 25833), '0101000020E96400000384FC1F41DB2341E74C8BC8DB0E5741'::geometry, '300'::double precision))
                           Rows Removed by Filter: 3216
   ->  Subquery Scan on "*SELECT* 2808"  (cost=165745.69..165745.70 rows=1 width=76) (actual time=0.575..0.577 rows=1 loops=1)
         ->  Limit  (cost=165745.69..165745.69 rows=1 width=84) (actual time=0.572..0.573 rows=1 loops=1)
               ->  Sort  (cost=165745.69..165745.69 rows=1 width=84) (actual time=0.570..0.571 rows=1 loops=1)
                     Sort Key: (st_distance(st_transform(s_2807.the_geom, 25833), '0101000020E9640000D83D346D3CDB23419755D8AEDA0E5741'::geometry))
                     Sort Method: top-N heapsort  Memory: 25kB
                     ->  Seq Scan on phoml_trajectory_tmp s_2807  (cost=0.00..165745.68 rows=1 width=84) (actual time=0.015..0.506 rows=444 loops=1)
                           Filter: ((unix_time >= '1685451271.363'::double precision) AND (unix_time <= '1685451331.363'::double precision) AND st_dwithin(st_transform(the_geom, 25833), '0101000020E9640000D83D346D3CDB23419755D8AEDA0E5741'::geometry, '300'::double precision))
                           Rows Removed by Filter: 3216
   ->  Subquery Scan on "*SELECT* 2809"  (cost=165745.69..165745.70 rows=1 width=76) (actual time=0.568..0.569 rows=1 loops=1)
         ->  Limit  (cost=165745.69..165745.69 rows=1 width=84) (actual time=0.566..0.567 rows=1 loops=1)
               ->  Sort  (cost=165745.69..165745.69 rows=1 width=84) (actual time=0.564..0.564 rows=1 loops=1)
                     Sort Key: (st_distance(st_transform(s_2808.the_geom, 25833), '0101000020E9640000681D469737DB2341A6CD0FA0D90E5741'::geometry))
                     Sort Method: top-N heapsort  Memory: 25kB
                     ->  Seq Scan on phoml_trajectory_tmp s_2808  (cost=0.00..165745.68 rows=1 width=84) (actual time=0.016..0.502 rows=442 loops=1)
                           Filter: ((unix_time >= '1685451271.783'::double precision) AND (unix_time <= '1685451331.783'::double precision) AND st_dwithin(st_transform(the_geom, 25833), '0101000020E9640000681D469737DB2341A6CD0FA0D90E5741'::geometry, '300'::double precision))
                           Rows Removed by Filter: 3218
   ->  Subquery Scan on "*SELECT* 2810"  (cost=165745.69..165745.70 rows=1 width=76) (actual time=0.586..0.587 rows=1 loops=1)
         ->  Limit  (cost=165745.69..165745.69 rows=1 width=84) (actual time=0.583..0.583 rows=1 loops=1)
               ->  Sort  (cost=165745.69..165745.69 rows=1 width=84) (actual time=0.580..0.581 rows=1 loops=1)
                     Sort Key: (st_distance(st_transform(s_2809.the_geom, 25833), '0101000020E96400006BF5B76C32DB2341D030DC80D80E5741'::geometry))
                     Sort Method: top-N heapsort  Memory: 25kB
                     ->  Seq Scan on phoml_trajectory_tmp s_2809  (cost=0.00..165745.68 rows=1 width=84) (actual time=0.012..0.517 rows=440 loops=1)
                           Filter: ((unix_time >= '1685451272.227'::double precision) AND (unix_time <= '1685451332.227'::double precision) AND st_dwithin(st_transform(the_geom, 25833), '0101000020E96400006BF5B76C32DB2341D030DC80D80E5741'::geometry, '300'::double precision))
                           Rows Removed by Filter: 3220
   ->  Subquery Scan on "*SELECT* 2811"  (cost=165745.69..165745.70 rows=1 width=76) (actual time=0.581..0.582 rows=1 loops=1)
         ->  Limit  (cost=165745.69..165745.69 rows=1 width=84) (actual time=0.578..0.579 rows=1 loops=1)
               ->  Sort  (cost=165745.69..165745.69 rows=1 width=84) (actual time=0.576..0.576 rows=1 loops=1)
                     Sort Key: (st_distance(st_transform(s_2810.the_geom, 25833), '0101000020E96400005874233B2DDB23410F920276D70E5741'::geometry))
                     Sort Method: top-N heapsort  Memory: 25kB
                     ->  Seq Scan on phoml_trajectory_tmp s_2810  (cost=0.00..165745.68 rows=1 width=84) (actual time=0.015..0.514 rows=440 loops=1)
                           Filter: ((unix_time >= '1685451272.637'::double precision) AND (unix_time <= '1685451332.637'::double precision) AND st_dwithin(st_transform(the_geom, 25833), '0101000020E96400005874233B2DDB23410F920276D70E5741'::geometry, '300'::double precision))
                           Rows Removed by Filter: 3220
   ->  Subquery Scan on "*SELECT* 2812"  (cost=165745.69..165745.70 rows=1 width=76) (actual time=0.561..0.562 rows=1 loops=1)
         ->  Limit  (cost=165745.69..165745.69 rows=1 width=84) (actual time=0.559..0.559 rows=1 loops=1)
               ->  Sort  (cost=165745.69..165745.69 rows=1 width=84) (actual time=0.556..0.556 rows=1 loops=1)
                     Sort Key: (st_distance(st_transform(s_2811.the_geom, 25833), '0101000020E96400004B7EFD1528DB23413DC9EA81D60E5741'::geometry))
                     Sort Method: top-N heapsort  Memory: 25kB
                     ->  Seq Scan on phoml_trajectory_tmp s_2811  (cost=0.00..165745.68 rows=1 width=84) (actual time=0.014..0.492 rows=438 loops=1)
                           Filter: ((unix_time >= '1685451273.057'::double precision) AND (unix_time <= '1685451333.057'::double precision) AND st_dwithin(st_transform(the_geom, 25833), '0101000020E96400004B7EFD1528DB23413DC9EA81D60E5741'::geometry, '300'::double precision))
                           Rows Removed by Filter: 3222
   ->  Subquery Scan on "*SELECT* 2813"  (cost=165745.69..165745.70 rows=1 width=76) (actual time=0.585..0.587 rows=1 loops=1)
         ->  Limit  (cost=165745.69..165745.69 rows=1 width=84) (actual time=0.582..0.583 rows=1 loops=1)
               ->  Sort  (cost=165745.69..165745.69 rows=1 width=84) (actual time=0.580..0.581 rows=1 loops=1)
                     Sort Key: (st_distance(st_transform(s_2812.the_geom, 25833), '0101000020E96400003859C4F622DB234100034566D50E5741'::geometry))
                     Sort Method: top-N heapsort  Memory: 25kB
                     ->  Seq Scan on phoml_trajectory_tmp s_2812  (cost=0.00..165745.68 rows=1 width=84) (actual time=0.015..0.519 rows=436 loops=1)
                           Filter: ((unix_time >= '1685451273.492'::double precision) AND (unix_time <= '1685451333.492'::double precision) AND st_dwithin(st_transform(the_geom, 25833), '0101000020E96400003859C4F622DB234100034566D50E5741'::geometry, '300'::double precision))
                           Rows Removed by Filter: 3224
   ->  Subquery Scan on "*SELECT* 2814"  (cost=165745.69..165745.70 rows=1 width=76) (actual time=0.557..0.558 rows=1 loops=1)
         ->  Limit  (cost=165745.69..165745.69 rows=1 width=84) (actual time=0.555..0.556 rows=1 loops=1)
               ->  Sort  (cost=165745.69..165745.69 rows=1 width=84) (actual time=0.553..0.553 rows=1 loops=1)
                     Sort Key: (st_distance(st_transform(s_2813.the_geom, 25833), '0101000020E9640000CACA01151EDB23417A6FB449D40E5741'::geometry))
                     Sort Method: top-N heapsort  Memory: 25kB
                     ->  Seq Scan on phoml_trajectory_tmp s_2813  (cost=0.00..165745.68 rows=1 width=84) (actual time=0.014..0.492 rows=436 loops=1)
                           Filter: ((unix_time >= '1685451273.912'::double precision) AND (unix_time <= '1685451333.912'::double precision) AND st_dwithin(st_transform(the_geom, 25833), '0101000020E9640000CACA01151EDB23417A6FB449D40E5741'::geometry, '300'::double precision))
                           Rows Removed by Filter: 3224
   ->  Subquery Scan on "*SELECT* 2815"  (cost=165745.69..165745.70 rows=1 width=76) (actual time=0.575..0.576 rows=1 loops=1)
         ->  Limit  (cost=165745.69..165745.69 rows=1 width=84) (actual time=0.571..0.572 rows=1 loops=1)
               ->  Sort  (cost=165745.69..165745.69 rows=1 width=84) (actual time=0.569..0.569 rows=1 loops=1)
                     Sort Key: (st_distance(st_transform(s_2814.the_geom, 25833), '0101000020E964000058D38C6B19DB2341016EC02AD30E5741'::geometry))
                     Sort Method: top-N heapsort  Memory: 25kB
                     ->  Seq Scan on phoml_trajectory_tmp s_2814  (cost=0.00..165745.68 rows=1 width=84) (actual time=0.014..0.498 rows=436 loops=1)
                           Filter: ((unix_time >= '1685451274.335'::double precision) AND (unix_time <= '1685451334.335'::double precision) AND st_dwithin(st_transform(the_geom, 25833), '0101000020E964000058D38C6B19DB2341016EC02AD30E5741'::geometry, '300'::double precision))
                           Rows Removed by Filter: 3224
   ->  Subquery Scan on "*SELECT* 2816"  (cost=165745.69..165745.70 rows=1 width=76) (actual time=0.558..0.559 rows=1 loops=1)
         ->  Limit  (cost=165745.69..165745.69 rows=1 width=84) (actual time=0.556..0.557 rows=1 loops=1)
               ->  Sort  (cost=165745.69..165745.69 rows=1 width=84) (actual time=0.555..0.555 rows=1 loops=1)
                     Sort Key: (st_distance(st_transform(s_2815.the_geom, 25833), '0101000020E964000051A247E414DB2341A77DECFDD10E5741'::geometry))
                     Sort Method: top-N heapsort  Memory: 25kB
                     ->  Seq Scan on phoml_trajectory_tmp s_2815  (cost=0.00..165745.68 rows=1 width=84) (actual time=0.015..0.493 rows=432 loops=1)
                           Filter: ((unix_time >= '1685451274.764'::double precision) AND (unix_time <= '1685451334.764'::double precision) AND st_dwithin(st_transform(the_geom, 25833), '0101000020E964000051A247E414DB2341A77DECFDD10E5741'::geometry, '300'::double precision))
                           Rows Removed by Filter: 3228
   ->  Subquery Scan on "*SELECT* 2817"  (cost=165745.69..165745.70 rows=1 width=76) (actual time=0.601..0.602 rows=1 loops=1)
         ->  Limit  (cost=165745.69..165745.69 rows=1 width=84) (actual time=0.597..0.598 rows=1 loops=1)
               ->  Sort  (cost=165745.69..165745.69 rows=1 width=84) (actual time=0.595..0.596 rows=1 loops=1)
                     Sort Key: (st_distance(st_transform(s_2816.the_geom, 25833), '0101000020E9640000EB2124A110DB2341CADA0BD1D00E5741'::geometry))
                     Sort Method: top-N heapsort  Memory: 25kB
                     ->  Seq Scan on phoml_trajectory_tmp s_2816  (cost=0.00..165745.68 rows=1 width=84) (actual time=0.015..0.534 rows=432 loops=1)
                           Filter: ((unix_time >= '1685451275.201'::double precision) AND (unix_time <= '1685451335.201'::double precision) AND st_dwithin(st_transform(the_geom, 25833), '0101000020E9640000EB2124A110DB2341CADA0BD1D00E5741'::geometry, '300'::double precision))
                           Rows Removed by Filter: 3228
   ->  Subquery Scan on "*SELECT* 2818"  (cost=165745.69..165745.70 rows=1 width=76) (actual time=0.597..0.598 rows=1 loops=1)
         ->  Limit  (cost=165745.69..165745.69 rows=1 width=84) (actual time=0.593..0.594 rows=1 loops=1)
               ->  Sort  (cost=165745.69..165745.69 rows=1 width=84) (actual time=0.591..0.591 rows=1 loops=1)
                     Sort Key: (st_distance(st_transform(s_2817.the_geom, 25833), '0101000020E9640000CF4C18910CDB23416823EF95CF0E5741'::geometry))
                     Sort Method: top-N heapsort  Memory: 25kB
                     ->  Seq Scan on phoml_trajectory_tmp s_2817  (cost=0.00..165745.68 rows=1 width=84) (actual time=0.017..0.525 rows=432 loops=1)
                           Filter: ((unix_time >= '1685451275.611'::double precision) AND (unix_time <= '1685451335.611'::double precision) AND st_dwithin(st_transform(the_geom, 25833), '0101000020E9640000CF4C18910CDB23416823EF95CF0E5741'::geometry, '300'::double precision))
                           Rows Removed by Filter: 3228
   ->  Subquery Scan on "*SELECT* 2819"  (cost=165745.69..165745.70 rows=1 width=76) (actual time=0.577..0.579 rows=1 loops=1)
         ->  Limit  (cost=165745.69..165745.69 rows=1 width=84) (actual time=0.575..0.577 rows=1 loops=1)
               ->  Sort  (cost=165745.69..165745.69 rows=1 width=84) (actual time=0.573..0.573 rows=1 loops=1)
                     Sort Key: (st_distance(st_transform(s_2818.the_geom, 25833), '0101000020E96400006EFD351209DB2341E420F647CE0E5741'::geometry))
                     Sort Method: top-N heapsort  Memory: 25kB
                     ->  Seq Scan on phoml_trajectory_tmp s_2818  (cost=0.00..165745.68 rows=1 width=84) (actual time=0.016..0.511 rows=432 loops=1)
                           Filter: ((unix_time >= '1685451276.041'::double precision) AND (unix_time <= '1685451336.041'::double precision) AND st_dwithin(st_transform(the_geom, 25833), '0101000020E96400006EFD351209DB2341E420F647CE0E5741'::geometry, '300'::double precision))
                           Rows Removed by Filter: 3228
   ->  Subquery Scan on "*SELECT* 2820"  (cost=165745.69..165745.70 rows=1 width=76) (actual time=0.580..0.580 rows=1 loops=1)
         ->  Limit  (cost=165745.69..165745.69 rows=1 width=84) (actual time=0.577..0.577 rows=1 loops=1)
               ->  Sort  (cost=165745.69..165745.69 rows=1 width=84) (actual time=0.575..0.575 rows=1 loops=1)
                     Sort Key: (st_distance(st_transform(s_2819.the_geom, 25833), '0101000020E9640000293B934306DB2341FCBBE7F1CC0E5741'::geometry))
                     Sort Method: top-N heapsort  Memory: 25kB
                     ->  Seq Scan on phoml_trajectory_tmp s_2819  (cost=0.00..165745.68 rows=1 width=84) (actual time=0.016..0.501 rows=428 loops=1)
                           Filter: ((unix_time >= '1685451276.456'::double precision) AND (unix_time <= '1685451336.456'::double precision) AND st_dwithin(st_transform(the_geom, 25833), '0101000020E9640000293B934306DB2341FCBBE7F1CC0E5741'::geometry, '300'::double precision))
                           Rows Removed by Filter: 3232
   ->  Subquery Scan on "*SELECT* 2821"  (cost=165745.69..165745.70 rows=1 width=76) (actual time=0.558..0.559 rows=1 loops=1)
         ->  Limit  (cost=165745.69..165745.69 rows=1 width=84) (actual time=0.556..0.556 rows=1 loops=1)
               ->  Sort  (cost=165745.69..165745.69 rows=1 width=84) (actual time=0.554..0.554 rows=1 loops=1)
                     Sort Key: (st_distance(st_transform(s_2820.the_geom, 25833), '0101000020E96400007F258BE703DB2341CEFBD788CB0E5741'::geometry))
                     Sort Method: top-N heapsort  Memory: 25kB
                     ->  Seq Scan on phoml_trajectory_tmp s_2820  (cost=0.00..165745.68 rows=1 width=84) (actual time=0.017..0.493 rows=428 loops=1)
                           Filter: ((unix_time >= '1685451276.886'::double precision) AND (unix_time <= '1685451336.886'::double precision) AND st_dwithin(st_transform(the_geom, 25833), '0101000020E96400007F258BE703DB2341CEFBD788CB0E5741'::geometry, '300'::double precision))
                           Rows Removed by Filter: 3232
   ->  Subquery Scan on "*SELECT* 2822"  (cost=165745.69..165745.70 rows=1 width=76) (actual time=0.568..0.570 rows=1 loops=1)
         ->  Limit  (cost=165745.69..165745.69 rows=1 width=84) (actual time=0.565..0.566 rows=1 loops=1)
               ->  Sort  (cost=165745.69..165745.69 rows=1 width=84) (actual time=0.563..0.564 rows=1 loops=1)
                     Sort Key: (st_distance(st_transform(s_2821.the_geom, 25833), '0101000020E96400008DE0539002DB23419ABF4B0FCA0E5741'::geometry))
                     Sort Method: top-N heapsort  Memory: 25kB
                     ->  Seq Scan on phoml_trajectory_tmp s_2821  (cost=0.00..165745.68 rows=1 width=84) (actual time=0.014..0.492 rows=428 loops=1)
                           Filter: ((unix_time >= '1685451277.3'::double precision) AND (unix_time <= '1685451337.3'::double precision) AND st_dwithin(st_transform(the_geom, 25833), '0101000020E96400008DE0539002DB23419ABF4B0FCA0E5741'::geometry, '300'::double precision))
                           Rows Removed by Filter: 3232
   ->  Subquery Scan on "*SELECT* 2823"  (cost=165745.69..165745.70 rows=1 width=76) (actual time=0.619..0.620 rows=1 loops=1)
         ->  Limit  (cost=165745.69..165745.69 rows=1 width=84) (actual time=0.613..0.614 rows=1 loops=1)
               ->  Sort  (cost=165745.69..165745.69 rows=1 width=84) (actual time=0.611..0.611 rows=1 loops=1)
                     Sort Key: (st_distance(st_transform(s_2822.the_geom, 25833), '0101000020E9640000D531D2B701DB234137E5EB8DC80E5741'::geometry))
                     Sort Method: top-N heapsort  Memory: 25kB
                     ->  Seq Scan on phoml_trajectory_tmp s_2822  (cost=0.00..165745.68 rows=1 width=84) (actual time=0.015..0.510 rows=424 loops=1)
                           Filter: ((unix_time >= '1685451277.72'::double precision) AND (unix_time <= '1685451337.72'::double precision) AND st_dwithin(st_transform(the_geom, 25833), '0101000020E9640000D531D2B701DB234137E5EB8DC80E5741'::geometry, '300'::double precision))
                           Rows Removed by Filter: 3236
   ->  Subquery Scan on "*SELECT* 2824"  (cost=165745.69..165745.70 rows=1 width=76) (actual time=0.586..0.587 rows=1 loops=1)
         ->  Limit  (cost=165745.69..165745.69 rows=1 width=84) (actual time=0.584..0.585 rows=1 loops=1)
               ->  Sort  (cost=165745.69..165745.69 rows=1 width=84) (actual time=0.581..0.582 rows=1 loops=1)
                     Sort Key: (st_distance(st_transform(s_2823.the_geom, 25833), '0101000020E9640000BFBCB95D01DB2341B6BC381AC70E5741'::geometry))
                     Sort Method: top-N heapsort  Memory: 25kB
                     ->  Seq Scan on phoml_trajectory_tmp s_2823  (cost=0.00..165745.68 rows=1 width=84) (actual time=0.020..0.514 rows=424 loops=1)
                           Filter: ((unix_time >= '1685451278.133'::double precision) AND (unix_time <= '1685451338.133'::double precision) AND st_dwithin(st_transform(the_geom, 25833), '0101000020E9640000BFBCB95D01DB2341B6BC381AC70E5741'::geometry, '300'::double precision))
                           Rows Removed by Filter: 3236
   ->  Subquery Scan on "*SELECT* 2825"  (cost=165745.69..165745.70 rows=1 width=76) (actual time=0.556..0.557 rows=1 loops=1)
         ->  Limit  (cost=165745.69..165745.69 rows=1 width=84) (actual time=0.553..0.554 rows=1 loops=1)
               ->  Sort  (cost=165745.69..165745.69 rows=1 width=84) (actual time=0.551..0.552 rows=1 loops=1)
                     Sort Key: (st_distance(st_transform(s_2824.the_geom, 25833), '0101000020E96400008D6DBCFD00DB23410F1166A4C50E5741'::geometry))
                     Sort Method: top-N heapsort  Memory: 25kB
                     ->  Seq Scan on phoml_trajectory_tmp s_2824  (cost=0.00..165745.68 rows=1 width=84) (actual time=0.016..0.492 rows=420 loops=1)
                           Filter: ((unix_time >= '1685451278.553'::double precision) AND (unix_time <= '1685451338.553'::double precision) AND st_dwithin(st_transform(the_geom, 25833), '0101000020E96400008D6DBCFD00DB23410F1166A4C50E5741'::geometry, '300'::double precision))
                           Rows Removed by Filter: 3240
   ->  Subquery Scan on "*SELECT* 2826"  (cost=165745.69..165745.70 rows=1 width=76) (actual time=0.550..0.551 rows=1 loops=1)
         ->  Limit  (cost=165745.69..165745.69 rows=1 width=84) (actual time=0.547..0.548 rows=1 loops=1)
               ->  Sort  (cost=165745.69..165745.69 rows=1 width=84) (actual time=0.545..0.546 rows=1 loops=1)
                     Sort Key: (st_distance(st_transform(s_2825.the_geom, 25833), '0101000020E96400005700A09700DB234129B06944C40E5741'::geometry))
                     Sort Method: top-N heapsort  Memory: 25kB
                     ->  Seq Scan on phoml_trajectory_tmp s_2825  (cost=0.00..165745.68 rows=1 width=84) (actual time=0.016..0.485 rows=420 loops=1)
                           Filter: ((unix_time >= '1685451278.963'::double precision) AND (unix_time <= '1685451338.963'::double precision) AND st_dwithin(st_transform(the_geom, 25833), '0101000020E96400005700A09700DB234129B06944C40E5741'::geometry, '300'::double precision))
                           Rows Removed by Filter: 3240
   ->  Subquery Scan on "*SELECT* 2827"  (cost=165745.69..165745.70 rows=1 width=76) (actual time=0.572..0.573 rows=1 loops=1)
         ->  Limit  (cost=165745.69..165745.69 rows=1 width=84) (actual time=0.569..0.569 rows=1 loops=1)
               ->  Sort  (cost=165745.69..165745.69 rows=1 width=84) (actual time=0.567..0.567 rows=1 loops=1)
                     Sort Key: (st_distance(st_transform(s_2826.the_geom, 25833), '0101000020E964000082AA213700DB2341EB7EFCE2C20E5741'::geometry))
                     Sort Method: top-N heapsort  Memory: 25kB
                     ->  Seq Scan on phoml_trajectory_tmp s_2826  (cost=0.00..165745.68 rows=1 width=84) (actual time=0.015..0.507 rows=420 loops=1)
                           Filter: ((unix_time >= '1685451279.381'::double precision) AND (unix_time <= '1685451339.381'::double precision) AND st_dwithin(st_transform(the_geom, 25833), '0101000020E964000082AA213700DB2341EB7EFCE2C20E5741'::geometry, '300'::double precision))
                           Rows Removed by Filter: 3240
   ->  Subquery Scan on "*SELECT* 2828"  (cost=165745.69..165745.70 rows=1 width=76) (actual time=0.588..0.589 rows=1 loops=1)
         ->  Limit  (cost=165745.69..165745.69 rows=1 width=84) (actual time=0.584..0.585 rows=1 loops=1)
               ->  Sort  (cost=165745.69..165745.69 rows=1 width=84) (actual time=0.582..0.582 rows=1 loops=1)
                     Sort Key: (st_distance(st_transform(s_2827.the_geom, 25833), '0101000020E9640000F85405FEFFDA2341DABD2587C10E5741'::geometry))
                     Sort Method: top-N heapsort  Memory: 25kB
                     ->  Seq Scan on phoml_trajectory_tmp s_2827  (cost=0.00..165745.68 rows=1 width=84) (actual time=0.021..0.504 rows=420 loops=1)
                           Filter: ((unix_time >= '1685451279.811'::double precision) AND (unix_time <= '1685451339.811'::double precision) AND st_dwithin(st_transform(the_geom, 25833), '0101000020E9640000F85405FEFFDA2341DABD2587C10E5741'::geometry, '300'::double precision))
                           Rows Removed by Filter: 3240
   ->  Subquery Scan on "*SELECT* 2829"  (cost=165745.69..165745.70 rows=1 width=76) (actual time=0.553..0.554 rows=1 loops=1)
         ->  Limit  (cost=165745.69..165745.69 rows=1 width=84) (actual time=0.550..0.551 rows=1 loops=1)
               ->  Sort  (cost=165745.69..165745.69 rows=1 width=84) (actual time=0.548..0.548 rows=1 loops=1)
                     Sort Key: (st_distance(st_transform(s_2828.the_geom, 25833), '0101000020E96400008E928CF8FFDA234177DE7A22C00E5741'::geometry))
                     Sort Method: top-N heapsort  Memory: 25kB
                     ->  Seq Scan on phoml_trajectory_tmp s_2828  (cost=0.00..165745.68 rows=1 width=84) (actual time=0.021..0.488 rows=418 loops=1)
                           Filter: ((unix_time >= '1685451280.234'::double precision) AND (unix_time <= '1685451340.234'::double precision) AND st_dwithin(st_transform(the_geom, 25833), '0101000020E96400008E928CF8FFDA234177DE7A22C00E5741'::geometry, '300'::double precision))
                           Rows Removed by Filter: 3242
   ->  Subquery Scan on "*SELECT* 2830"  (cost=165745.69..165745.70 rows=1 width=76) (actual time=0.572..0.573 rows=1 loops=1)
         ->  Limit  (cost=165745.69..165745.69 rows=1 width=84) (actual time=0.568..0.569 rows=1 loops=1)
               ->  Sort  (cost=165745.69..165745.69 rows=1 width=84) (actual time=0.566..0.567 rows=1 loops=1)
                     Sort Key: (st_distance(st_transform(s_2829.the_geom, 25833), '0101000020E96400005527083A00DB23414F086FCBBE0E5741'::geometry))
                     Sort Method: top-N heapsort  Memory: 25kB
                     ->  Seq Scan on phoml_trajectory_tmp s_2829  (cost=0.00..165745.68 rows=1 width=84) (actual time=0.016..0.507 rows=416 loops=1)
                           Filter: ((unix_time >= '1685451280.634'::double precision) AND (unix_time <= '1685451340.634'::double precision) AND st_dwithin(st_transform(the_geom, 25833), '0101000020E96400005527083A00DB23414F086FCBBE0E5741'::geometry, '300'::double precision))
                           Rows Removed by Filter: 3244
   ->  Subquery Scan on "*SELECT* 2831"  (cost=165745.69..165745.70 rows=1 width=76) (actual time=0.557..0.558 rows=1 loops=1)
         ->  Limit  (cost=165745.69..165745.69 rows=1 width=84) (actual time=0.554..0.555 rows=1 loops=1)
               ->  Sort  (cost=165745.69..165745.69 rows=1 width=84) (actual time=0.552..0.552 rows=1 loops=1)
                     Sort Key: (st_distance(st_transform(s_2830.the_geom, 25833), '0101000020E964000034A69ABA00DB23410E16E77ABD0E5741'::geometry))
                     Sort Method: top-N heapsort  Memory: 25kB
                     ->  Seq Scan on phoml_trajectory_tmp s_2830  (cost=0.00..165745.68 rows=1 width=84) (actual time=0.018..0.493 rows=416 loops=1)
                           Filter: ((unix_time >= '1685451281.044'::double precision) AND (unix_time <= '1685451341.044'::double precision) AND st_dwithin(st_transform(the_geom, 25833), '0101000020E964000034A69ABA00DB23410E16E77ABD0E5741'::geometry, '300'::double precision))
                           Rows Removed by Filter: 3244
   ->  Subquery Scan on "*SELECT* 2832"  (cost=165745.69..165745.70 rows=1 width=76) (actual time=0.559..0.560 rows=1 loops=1)
         ->  Limit  (cost=165745.69..165745.69 rows=1 width=84) (actual time=0.556..0.557 rows=1 loops=1)
               ->  Sort  (cost=165745.69..165745.69 rows=1 width=84) (actual time=0.554..0.554 rows=1 loops=1)
                     Sort Key: (st_distance(st_transform(s_2831.the_geom, 25833), '0101000020E9640000F9E0BF2901DB23415D0ECE1CBC0E5741'::geometry))
                     Sort Method: top-N heapsort  Memory: 25kB
                     ->  Seq Scan on phoml_trajectory_tmp s_2831  (cost=0.00..165745.68 rows=1 width=84) (actual time=0.017..0.494 rows=416 loops=1)
                           Filter: ((unix_time >= '1685451281.478'::double precision) AND (unix_time <= '1685451341.478'::double precision) AND st_dwithin(st_transform(the_geom, 25833), '0101000020E9640000F9E0BF2901DB23415D0ECE1CBC0E5741'::geometry, '300'::double precision))
                           Rows Removed by Filter: 3244
   ->  Subquery Scan on "*SELECT* 2833"  (cost=165745.69..165745.70 rows=1 width=76) (actual time=0.541..0.542 rows=1 loops=1)
         ->  Limit  (cost=165745.69..165745.69 rows=1 width=84) (actual time=0.539..0.539 rows=1 loops=1)
               ->  Sort  (cost=165745.69..165745.69 rows=1 width=84) (actual time=0.536..0.537 rows=1 loops=1)
                     Sort Key: (st_distance(st_transform(s_2832.the_geom, 25833), '0101000020E9640000F1C9F0E001DB2341886B2DC7BA0E5741'::geometry))
                     Sort Method: top-N heapsort  Memory: 25kB
                     ->  Seq Scan on phoml_trajectory_tmp s_2832  (cost=0.00..165745.68 rows=1 width=84) (actual time=0.016..0.478 rows=416 loops=1)
                           Filter: ((unix_time >= '1685451281.908'::double precision) AND (unix_time <= '1685451341.908'::double precision) AND st_dwithin(st_transform(the_geom, 25833), '0101000020E9640000F1C9F0E001DB2341886B2DC7BA0E5741'::geometry, '300'::double precision))
                           Rows Removed by Filter: 3244
   ->  Subquery Scan on "*SELECT* 2834"  (cost=165745.69..165745.70 rows=1 width=76) (actual time=0.563..0.564 rows=1 loops=1)
         ->  Limit  (cost=165745.69..165745.69 rows=1 width=84) (actual time=0.560..0.560 rows=1 loops=1)
               ->  Sort  (cost=165745.69..165745.69 rows=1 width=84) (actual time=0.558..0.558 rows=1 loops=1)
                     Sort Key: (st_distance(st_transform(s_2833.the_geom, 25833), '0101000020E964000092F6D28702DB234187195F7AB90E5741'::geometry))
                     Sort Method: top-N heapsort  Memory: 25kB
                     ->  Seq Scan on phoml_trajectory_tmp s_2833  (cost=0.00..165745.68 rows=1 width=84) (actual time=0.019..0.499 rows=412 loops=1)
                           Filter: ((unix_time >= '1685451282.33'::double precision) AND (unix_time <= '1685451342.33'::double precision) AND st_dwithin(st_transform(the_geom, 25833), '0101000020E964000092F6D28702DB234187195F7AB90E5741'::geometry, '300'::double precision))
                           Rows Removed by Filter: 3248
   ->  Subquery Scan on "*SELECT* 2835"  (cost=165745.69..165745.70 rows=1 width=76) (actual time=0.559..0.560 rows=1 loops=1)
         ->  Limit  (cost=165745.69..165745.69 rows=1 width=84) (actual time=0.556..0.556 rows=1 loops=1)
               ->  Sort  (cost=165745.69..165745.69 rows=1 width=84) (actual time=0.554..0.554 rows=1 loops=1)
                     Sort Key: (st_distance(st_transform(s_2834.the_geom, 25833), '0101000020E96400002671BCD802DB23412E5F9128B80E5741'::geometry))
                     Sort Method: top-N heapsort  Memory: 25kB
                     ->  Seq Scan on phoml_trajectory_tmp s_2834  (cost=0.00..165745.68 rows=1 width=84) (actual time=0.016..0.487 rows=412 loops=1)
                           Filter: ((unix_time >= '1685451282.77'::double precision) AND (unix_time <= '1685451342.77'::double precision) AND st_dwithin(st_transform(the_geom, 25833), '0101000020E96400002671BCD802DB23412E5F9128B80E5741'::geometry, '300'::double precision))
                           Rows Removed by Filter: 3248
   ->  Subquery Scan on "*SELECT* 2836"  (cost=165745.69..165745.70 rows=1 width=76) (actual time=0.550..0.551 rows=1 loops=1)
         ->  Limit  (cost=165745.69..165745.69 rows=1 width=84) (actual time=0.548..0.548 rows=1 loops=1)
               ->  Sort  (cost=165745.69..165745.69 rows=1 width=84) (actual time=0.546..0.546 rows=1 loops=1)
                     Sort Key: (st_distance(st_transform(s_2835.the_geom, 25833), '0101000020E9640000331DF05503DB2341B44B92DEB60E5741'::geometry))
                     Sort Method: top-N heapsort  Memory: 25kB
                     ->  Seq Scan on phoml_trajectory_tmp s_2835  (cost=0.00..165745.68 rows=1 width=84) (actual time=0.020..0.486 rows=412 loops=1)
                           Filter: ((unix_time >= '1685451283.211'::double precision) AND (unix_time <= '1685451343.211'::double precision) AND st_dwithin(st_transform(the_geom, 25833), '0101000020E9640000331DF05503DB2341B44B92DEB60E5741'::geometry, '300'::double precision))
                           Rows Removed by Filter: 3248
   ->  Subquery Scan on "*SELECT* 2837"  (cost=165745.69..165745.70 rows=1 width=76) (actual time=0.571..0.572 rows=1 loops=1)
         ->  Limit  (cost=165745.69..165745.69 rows=1 width=84) (actual time=0.568..0.569 rows=1 loops=1)
               ->  Sort  (cost=165745.69..165745.69 rows=1 width=84) (actual time=0.566..0.566 rows=1 loops=1)
                     Sort Key: (st_distance(st_transform(s_2836.the_geom, 25833), '0101000020E964000003785B4905DB23418408F280B50E5741'::geometry))
                     Sort Method: top-N heapsort  Memory: 25kB
                     ->  Seq Scan on phoml_trajectory_tmp s_2836  (cost=0.00..165745.68 rows=1 width=84) (actual time=0.016..0.505 rows=412 loops=1)
                           Filter: ((unix_time >= '1685451283.661'::double precision) AND (unix_time <= '1685451343.661'::double precision) AND st_dwithin(st_transform(the_geom, 25833), '0101000020E964000003785B4905DB23418408F280B50E5741'::geometry, '300'::double precision))
                           Rows Removed by Filter: 3248
   ->  Subquery Scan on "*SELECT* 2838"  (cost=165745.69..165745.70 rows=1 width=76) (actual time=0.586..0.587 rows=1 loops=1)
         ->  Limit  (cost=165745.69..165745.69 rows=1 width=84) (actual time=0.584..0.584 rows=1 loops=1)
               ->  Sort  (cost=165745.69..165745.69 rows=1 width=84) (actual time=0.581..0.582 rows=1 loops=1)
                     Sort Key: (st_distance(st_transform(s_2837.the_geom, 25833), '0101000020E9640000773BD98108DB23412580E513B40E5741'::geometry))
                     Sort Method: top-N heapsort  Memory: 25kB
                     ->  Seq Scan on phoml_trajectory_tmp s_2837  (cost=0.00..165745.68 rows=1 width=84) (actual time=0.018..0.520 rows=412 loops=1)
                           Filter: ((unix_time >= '1685451284.121'::double precision) AND (unix_time <= '1685451344.121'::double precision) AND st_dwithin(st_transform(the_geom, 25833), '0101000020E9640000773BD98108DB23412580E513B40E5741'::geometry, '300'::double precision))
                           Rows Removed by Filter: 3248
   ->  Subquery Scan on "*SELECT* 2839"  (cost=165745.69..165745.70 rows=1 width=76) (actual time=0.600..0.601 rows=1 loops=1)
         ->  Limit  (cost=165745.69..165745.69 rows=1 width=84) (actual time=0.597..0.598 rows=1 loops=1)
               ->  Sort  (cost=165745.69..165745.69 rows=1 width=84) (actual time=0.595..0.596 rows=1 loops=1)
                     Sort Key: (st_distance(st_transform(s_2838.the_geom, 25833), '0101000020E96400005722F08E0DDB2341F9D0FFA1B20E5741'::geometry))
                     Sort Method: top-N heapsort  Memory: 25kB
                     ->  Seq Scan on phoml_trajectory_tmp s_2838  (cost=0.00..165745.68 rows=1 width=84) (actual time=0.017..0.536 rows=412 loops=1)
                           Filter: ((unix_time >= '1685451284.594'::double precision) AND (unix_time <= '1685451344.594'::double precision) AND st_dwithin(st_transform(the_geom, 25833), '0101000020E96400005722F08E0DDB2341F9D0FFA1B20E5741'::geometry, '300'::double precision))
                           Rows Removed by Filter: 3248
   ->  Subquery Scan on "*SELECT* 2840"  (cost=165745.69..165745.70 rows=1 width=76) (actual time=0.546..0.547 rows=1 loops=1)
         ->  Limit  (cost=165745.69..165745.69 rows=1 width=84) (actual time=0.543..0.544 rows=1 loops=1)
               ->  Sort  (cost=165745.69..165745.69 rows=1 width=84) (actual time=0.542..0.542 rows=1 loops=1)
                     Sort Key: (st_distance(st_transform(s_2839.the_geom, 25833), '0101000020E9640000A3BEE8FB13DB2341C7C3EF2FB10E5741'::geometry))
                     Sort Method: top-N heapsort  Memory: 25kB
                     ->  Seq Scan on phoml_trajectory_tmp s_2839  (cost=0.00..165745.68 rows=1 width=84) (actual time=0.018..0.483 rows=412 loops=1)
                           Filter: ((unix_time >= '1685451285.104'::double precision) AND (unix_time <= '1685451345.104'::double precision) AND st_dwithin(st_transform(the_geom, 25833), '0101000020E9640000A3BEE8FB13DB2341C7C3EF2FB10E5741'::geometry, '300'::double precision))
                           Rows Removed by Filter: 3248
   ->  Subquery Scan on "*SELECT* 2841"  (cost=165745.69..165745.70 rows=1 width=76) (actual time=0.563..0.564 rows=1 loops=1)
         ->  Limit  (cost=165745.69..165745.69 rows=1 width=84) (actual time=0.560..0.561 rows=1 loops=1)
               ->  Sort  (cost=165745.69..165745.69 rows=1 width=84) (actual time=0.558..0.559 rows=1 loops=1)
                     Sort Key: (st_distance(st_transform(s_2840.the_geom, 25833), '0101000020E964000015E6CB971BDB23412FC6A8C9AF0E5741'::geometry))
                     Sort Method: top-N heapsort  Memory: 25kB
                     ->  Seq Scan on phoml_trajectory_tmp s_2840  (cost=0.00..165745.68 rows=1 width=84) (actual time=0.034..0.498 rows=412 loops=1)
                           Filter: ((unix_time >= '1685451285.621'::double precision) AND (unix_time <= '1685451345.621'::double precision) AND st_dwithin(st_transform(the_geom, 25833), '0101000020E964000015E6CB971BDB23412FC6A8C9AF0E5741'::geometry, '300'::double precision))
                           Rows Removed by Filter: 3248
   ->  Subquery Scan on "*SELECT* 2842"  (cost=165745.69..165745.70 rows=1 width=76) (actual time=0.618..0.619 rows=1 loops=1)
         ->  Limit  (cost=165745.69..165745.69 rows=1 width=84) (actual time=0.614..0.615 rows=1 loops=1)
               ->  Sort  (cost=165745.69..165745.69 rows=1 width=84) (actual time=0.612..0.612 rows=1 loops=1)
                     Sort Key: (st_distance(st_transform(s_2841.the_geom, 25833), '0101000020E9640000A8757BCF23DB2341149C537AAE0E5741'::geometry))
                     Sort Method: top-N heapsort  Memory: 25kB
                     ->  Seq Scan on phoml_trajectory_tmp s_2841  (cost=0.00..165745.68 rows=1 width=84) (actual time=0.017..0.534 rows=412 loops=1)
                           Filter: ((unix_time >= '1685451286.146'::double precision) AND (unix_time <= '1685451346.146'::double precision) AND st_dwithin(st_transform(the_geom, 25833), '0101000020E9640000A8757BCF23DB2341149C537AAE0E5741'::geometry, '300'::double precision))
                           Rows Removed by Filter: 3248
   ->  Subquery Scan on "*SELECT* 2843"  (cost=165745.69..165745.70 rows=1 width=76) (actual time=0.654..0.655 rows=1 loops=1)
         ->  Limit  (cost=165745.69..165745.69 rows=1 width=84) (actual time=0.651..0.652 rows=1 loops=1)
               ->  Sort  (cost=165745.69..165745.69 rows=1 width=84) (actual time=0.649..0.650 rows=1 loops=1)
                     Sort Key: (st_distance(st_transform(s_2842.the_geom, 25833), '0101000020E9640000528A48112EDB23419A003F39AD0E5741'::geometry))
                     Sort Method: top-N heapsort  Memory: 25kB
                     ->  Seq Scan on phoml_trajectory_tmp s_2842  (cost=0.00..165745.68 rows=1 width=84) (actual time=0.129..0.590 rows=412 loops=1)
                           Filter: ((unix_time >= '1685451286.676'::double precision) AND (unix_time <= '1685451346.676'::double precision) AND st_dwithin(st_transform(the_geom, 25833), '0101000020E9640000528A48112EDB23419A003F39AD0E5741'::geometry, '300'::double precision))
                           Rows Removed by Filter: 3248
   ->  Subquery Scan on "*SELECT* 2844"  (cost=165745.69..165745.70 rows=1 width=76) (actual time=0.570..0.571 rows=1 loops=1)
         ->  Limit  (cost=165745.69..165745.69 rows=1 width=84) (actual time=0.566..0.567 rows=1 loops=1)
               ->  Sort  (cost=165745.69..165745.69 rows=1 width=84) (actual time=0.565..0.565 rows=1 loops=1)
                     Sort Key: (st_distance(st_transform(s_2843.the_geom, 25833), '0101000020E9640000DFEC57793CDB23417D590819AC0E5741'::geometry))
                     Sort Method: top-N heapsort  Memory: 25kB
                     ->  Seq Scan on phoml_trajectory_tmp s_2843  (cost=0.00..165745.68 rows=1 width=84) (actual time=0.019..0.504 rows=416 loops=1)
                           Filter: ((unix_time >= '1685451287.232'::double precision) AND (unix_time <= '1685451347.232'::double precision) AND st_dwithin(st_transform(the_geom, 25833), '0101000020E9640000DFEC57793CDB23417D590819AC0E5741'::geometry, '300'::double precision))
                           Rows Removed by Filter: 3244
   ->  Subquery Scan on "*SELECT* 2845"  (cost=165745.69..165745.70 rows=1 width=76) (actual time=0.558..0.560 rows=1 loops=1)
         ->  Limit  (cost=165745.69..165745.69 rows=1 width=84) (actual time=0.555..0.556 rows=1 loops=1)
               ->  Sort  (cost=165745.69..165745.69 rows=1 width=84) (actual time=0.552..0.553 rows=1 loops=1)
                     Sort Key: (st_distance(st_transform(s_2844.the_geom, 25833), '0101000020E96400000674131D4DDB2341888EAA45AB0E5741'::geometry))
                     Sort Method: top-N heapsort  Memory: 25kB
                     ->  Seq Scan on phoml_trajectory_tmp s_2844  (cost=0.00..165745.68 rows=1 width=84) (actual time=0.019..0.492 rows=420 loops=1)
                           Filter: ((unix_time >= '1685451287.802'::double precision) AND (unix_time <= '1685451347.802'::double precision) AND st_dwithin(st_transform(the_geom, 25833), '0101000020E96400000674131D4DDB2341888EAA45AB0E5741'::geometry, '300'::double precision))
                           Rows Removed by Filter: 3240
   ->  Subquery Scan on "*SELECT* 2846"  (cost=165745.69..165745.70 rows=1 width=76) (actual time=0.535..0.536 rows=1 loops=1)
         ->  Limit  (cost=165745.69..165745.69 rows=1 width=84) (actual time=0.533..0.534 rows=1 loops=1)
               ->  Sort  (cost=165745.69..165745.69 rows=1 width=84) (actual time=0.531..0.531 rows=1 loops=1)
                     Sort Key: (st_distance(st_transform(s_2845.the_geom, 25833), '0101000020E9640000DC02757E5EDB2341C3FC7EBFAA0E5741'::geometry))
                     Sort Method: top-N heapsort  Memory: 25kB
                     ->  Seq Scan on phoml_trajectory_tmp s_2845  (cost=0.00..165745.68 rows=1 width=84) (actual time=0.017..0.471 rows=418 loops=1)
                           Filter: ((unix_time >= '1685451288.369'::double precision) AND (unix_time <= '1685451348.369'::double precision) AND st_dwithin(st_transform(the_geom, 25833), '0101000020E9640000DC02757E5EDB2341C3FC7EBFAA0E5741'::geometry, '300'::double precision))
                           Rows Removed by Filter: 3242
   ->  Subquery Scan on "*SELECT* 2847"  (cost=165745.69..165745.70 rows=1 width=76) (actual time=0.563..0.564 rows=1 loops=1)
         ->  Limit  (cost=165745.69..165745.69 rows=1 width=84) (actual time=0.559..0.560 rows=1 loops=1)
               ->  Sort  (cost=165745.69..165745.69 rows=1 width=84) (actual time=0.557..0.558 rows=1 loops=1)
                     Sort Key: (st_distance(st_transform(s_2846.the_geom, 25833), '0101000020E9640000617F98566FDB23415ADA6774AA0E5741'::geometry))
                     Sort Method: top-N heapsort  Memory: 25kB
                     ->  Seq Scan on phoml_trajectory_tmp s_2846  (cost=0.00..165745.68 rows=1 width=84) (actual time=0.016..0.498 rows=424 loops=1)
                           Filter: ((unix_time >= '1685451288.959'::double precision) AND (unix_time <= '1685451348.959'::double precision) AND st_dwithin(st_transform(the_geom, 25833), '0101000020E9640000617F98566FDB23415ADA6774AA0E5741'::geometry, '300'::double precision))
                           Rows Removed by Filter: 3236
   ->  Subquery Scan on "*SELECT* 2848"  (cost=165745.69..165745.70 rows=1 width=76) (actual time=0.581..0.582 rows=1 loops=1)
         ->  Limit  (cost=165745.69..165745.69 rows=1 width=84) (actual time=0.579..0.580 rows=1 loops=1)
               ->  Sort  (cost=165745.69..165745.69 rows=1 width=84) (actual time=0.577..0.577 rows=1 loops=1)
                     Sort Key: (st_distance(st_transform(s_2847.the_geom, 25833), '0101000020E96400004C09914980DB23410FD1206AAA0E5741'::geometry))
                     Sort Method: top-N heapsort  Memory: 25kB
                     ->  Seq Scan on phoml_trajectory_tmp s_2847  (cost=0.00..165745.68 rows=1 width=84) (actual time=0.017..0.513 rows=432 loops=1)
                           Filter: ((unix_time >= '1685451289.566'::double precision) AND (unix_time <= '1685451349.566'::double precision) AND st_dwithin(st_transform(the_geom, 25833), '0101000020E96400004C09914980DB23410FD1206AAA0E5741'::geometry, '300'::double precision))
                           Rows Removed by Filter: 3228
   ->  Subquery Scan on "*SELECT* 2849"  (cost=165745.69..165745.70 rows=1 width=76) (actual time=0.574..0.575 rows=1 loops=1)
         ->  Limit  (cost=165745.69..165745.69 rows=1 width=84) (actual time=0.571..0.572 rows=1 loops=1)
               ->  Sort  (cost=165745.69..165745.69 rows=1 width=84) (actual time=0.569..0.569 rows=1 loops=1)
                     Sort Key: (st_distance(st_transform(s_2848.the_geom, 25833), '0101000020E9640000423C7D1C90DB234127819890AA0E5741'::geometry))
                     Sort Method: top-N heapsort  Memory: 25kB
                     ->  Seq Scan on phoml_trajectory_tmp s_2848  (cost=0.00..165745.68 rows=1 width=84) (actual time=0.015..0.507 rows=436 loops=1)
                           Filter: ((unix_time >= '1685451290.179'::double precision) AND (unix_time <= '1685451350.179'::double precision) AND st_dwithin(st_transform(the_geom, 25833), '0101000020E9640000423C7D1C90DB234127819890AA0E5741'::geometry, '300'::double precision))
                           Rows Removed by Filter: 3224
   ->  Subquery Scan on "*SELECT* 2850"  (cost=165745.69..165745.70 rows=1 width=76) (actual time=0.560..0.561 rows=1 loops=1)
         ->  Limit  (cost=165745.69..165745.69 rows=1 width=84) (actual time=0.558..0.558 rows=1 loops=1)
               ->  Sort  (cost=165745.69..165745.69 rows=1 width=84) (actual time=0.555..0.556 rows=1 loops=1)
                     Sort Key: (st_distance(st_transform(s_2849.the_geom, 25833), '0101000020E9640000FB6C09C19EDB234135A807CAAA0E5741'::geometry))
                     Sort Method: top-N heapsort  Memory: 25kB
                     ->  Seq Scan on phoml_trajectory_tmp s_2849  (cost=0.00..165745.68 rows=1 width=84) (actual time=0.012..0.493 rows=440 loops=1)
                           Filter: ((unix_time >= '1685451290.779'::double precision) AND (unix_time <= '1685451350.779'::double precision) AND st_dwithin(st_transform(the_geom, 25833), '0101000020E9640000FB6C09C19EDB234135A807CAAA0E5741'::geometry, '300'::double precision))
                           Rows Removed by Filter: 3220
   ->  Subquery Scan on "*SELECT* 2851"  (cost=165745.69..165745.70 rows=1 width=76) (actual time=0.578..0.580 rows=1 loops=1)
         ->  Limit  (cost=165745.69..165745.69 rows=1 width=84) (actual time=0.575..0.576 rows=1 loops=1)
               ->  Sort  (cost=165745.69..165745.69 rows=1 width=84) (actual time=0.573..0.574 rows=1 loops=1)
                     Sort Key: (st_distance(st_transform(s_2850.the_geom, 25833), '0101000020E96400005607786EABDB23418BE48ADAAA0E5741'::geometry))
                     Sort Method: top-N heapsort  Memory: 25kB
                     ->  Seq Scan on phoml_trajectory_tmp s_2850  (cost=0.00..165745.68 rows=1 width=84) (actual time=0.016..0.510 rows=444 loops=1)
                           Filter: ((unix_time >= '1685451291.412'::double precision) AND (unix_time <= '1685451351.412'::double precision) AND st_dwithin(st_transform(the_geom, 25833), '0101000020E96400005607786EABDB23418BE48ADAAA0E5741'::geometry, '300'::double precision))
                           Rows Removed by Filter: 3216
   ->  Subquery Scan on "*SELECT* 2852"  (cost=165745.69..165745.70 rows=1 width=76) (actual time=0.576..0.577 rows=1 loops=1)
         ->  Limit  (cost=165745.69..165745.69 rows=1 width=84) (actual time=0.573..0.573 rows=1 loops=1)
               ->  Sort  (cost=165745.69..165745.69 rows=1 width=84) (actual time=0.570..0.571 rows=1 loops=1)
                     Sort Key: (st_distance(st_transform(s_2851.the_geom, 25833), '0101000020E9640000A00F4596B5DB2341DAB188A3AA0E5741'::geometry))
                     Sort Method: top-N heapsort  Memory: 25kB
                     ->  Seq Scan on phoml_trajectory_tmp s_2851  (cost=0.00..165745.68 rows=1 width=84) (actual time=0.014..0.498 rows=448 loops=1)
                           Filter: ((unix_time >= '1685451292.042'::double precision) AND (unix_time <= '1685451352.042'::double precision) AND st_dwithin(st_transform(the_geom, 25833), '0101000020E9640000A00F4596B5DB2341DAB188A3AA0E5741'::geometry, '300'::double precision))
                           Rows Removed by Filter: 3212
   ->  Subquery Scan on "*SELECT* 2853"  (cost=165745.69..165745.70 rows=1 width=76) (actual time=0.569..0.570 rows=1 loops=1)
         ->  Limit  (cost=165745.69..165745.69 rows=1 width=84) (actual time=0.567..0.568 rows=1 loops=1)
               ->  Sort  (cost=165745.69..165745.69 rows=1 width=84) (actual time=0.565..0.565 rows=1 loops=1)
                     Sort Key: (st_distance(st_transform(s_2852.the_geom, 25833), '0101000020E9640000B6462162BFDB23416406E363AA0E5741'::geometry))
                     Sort Method: top-N heapsort  Memory: 25kB
                     ->  Seq Scan on phoml_trajectory_tmp s_2852  (cost=0.00..165745.68 rows=1 width=84) (actual time=0.013..0.501 rows=456 loops=1)
                           Filter: ((unix_time >= '1685451292.675'::double precision) AND (unix_time <= '1685451352.675'::double precision) AND st_dwithin(st_transform(the_geom, 25833), '0101000020E9640000B6462162BFDB23416406E363AA0E5741'::geometry, '300'::double precision))
                           Rows Removed by Filter: 3204
   ->  Subquery Scan on "*SELECT* 2854"  (cost=165745.69..165745.70 rows=1 width=76) (actual time=0.581..0.582 rows=1 loops=1)
         ->  Limit  (cost=165745.69..165745.69 rows=1 width=84) (actual time=0.577..0.578 rows=1 loops=1)
               ->  Sort  (cost=165745.69..165745.69 rows=1 width=84) (actual time=0.575..0.576 rows=1 loops=1)
                     Sort Key: (st_distance(st_transform(s_2853.the_geom, 25833), '0101000020E9640000CD4D568AC9DB23419C59A029AA0E5741'::geometry))
                     Sort Method: top-N heapsort  Memory: 25kB
                     ->  Seq Scan on phoml_trajectory_tmp s_2853  (cost=0.00..165745.68 rows=1 width=84) (actual time=0.012..0.512 rows=460 loops=1)
                           Filter: ((unix_time >= '1685451293.294'::double precision) AND (unix_time <= '1685451353.294'::double precision) AND st_dwithin(st_transform(the_geom, 25833), '0101000020E9640000CD4D568AC9DB23419C59A029AA0E5741'::geometry, '300'::double precision))
                           Rows Removed by Filter: 3200
   ->  Subquery Scan on "*SELECT* 2855"  (cost=165745.69..165745.70 rows=1 width=76) (actual time=0.575..0.576 rows=1 loops=1)
         ->  Limit  (cost=165745.69..165745.69 rows=1 width=84) (actual time=0.573..0.573 rows=1 loops=1)
               ->  Sort  (cost=165745.69..165745.69 rows=1 width=84) (actual time=0.571..0.571 rows=1 loops=1)
                     Sort Key: (st_distance(st_transform(s_2854.the_geom, 25833), '0101000020E964000046E24733D3DB2341BB61B9E0A90E5741'::geometry))
                     Sort Method: top-N heapsort  Memory: 25kB
                     ->  Seq Scan on phoml_trajectory_tmp s_2854  (cost=0.00..165745.68 rows=1 width=84) (actual time=0.014..0.507 rows=460 loops=1)
                           Filter: ((unix_time >= '1685451293.914'::double precision) AND (unix_time <= '1685451353.914'::double precision) AND st_dwithin(st_transform(the_geom, 25833), '0101000020E964000046E24733D3DB2341BB61B9E0A90E5741'::geometry, '300'::double precision))
                           Rows Removed by Filter: 3200
   ->  Subquery Scan on "*SELECT* 2856"  (cost=165745.69..165745.70 rows=1 width=76) (actual time=0.615..0.616 rows=1 loops=1)
         ->  Limit  (cost=165745.69..165745.69 rows=1 width=84) (actual time=0.609..0.610 rows=1 loops=1)
               ->  Sort  (cost=165745.69..165745.69 rows=1 width=84) (actual time=0.607..0.608 rows=1 loops=1)
                     Sort Key: (st_distance(st_transform(s_2855.the_geom, 25833), '0101000020E964000019C6C7B0DCDB23412A9495A2A90E5741'::geometry))
                     Sort Method: top-N heapsort  Memory: 25kB
                     ->  Seq Scan on phoml_trajectory_tmp s_2855  (cost=0.00..165745.68 rows=1 width=84) (actual time=0.012..0.533 rows=460 loops=1)
                           Filter: ((unix_time >= '1685451294.531'::double precision) AND (unix_time <= '1685451354.531'::double precision) AND st_dwithin(st_transform(the_geom, 25833), '0101000020E964000019C6C7B0DCDB23412A9495A2A90E5741'::geometry, '300'::double precision))
                           Rows Removed by Filter: 3200
   ->  Subquery Scan on "*SELECT* 2857"  (cost=165745.69..165745.70 rows=1 width=76) (actual time=0.634..0.635 rows=1 loops=1)
         ->  Limit  (cost=165745.69..165745.69 rows=1 width=84) (actual time=0.630..0.630 rows=1 loops=1)
               ->  Sort  (cost=165745.69..165745.69 rows=1 width=84) (actual time=0.627..0.627 rows=1 loops=1)
                     Sort Key: (st_distance(st_transform(s_2856.the_geom, 25833), '0101000020E96400004ADFB169E6DB234115538C5BA90E5741'::geometry))
                     Sort Method: top-N heapsort  Memory: 25kB
                     ->  Seq Scan on phoml_trajectory_tmp s_2856  (cost=0.00..165745.68 rows=1 width=84) (actual time=0.034..0.560 rows=460 loops=1)
                           Filter: ((unix_time >= '1685451295.188'::double precision) AND (unix_time <= '1685451355.188'::double precision) AND st_dwithin(st_transform(the_geom, 25833), '0101000020E96400004ADFB169E6DB234115538C5BA90E5741'::geometry, '300'::double precision))
                           Rows Removed by Filter: 3200
   ->  Subquery Scan on "*SELECT* 2858"  (cost=165745.69..165745.70 rows=1 width=76) (actual time=0.577..0.579 rows=1 loops=1)
         ->  Limit  (cost=165745.69..165745.69 rows=1 width=84) (actual time=0.575..0.575 rows=1 loops=1)
               ->  Sort  (cost=165745.69..165745.69 rows=1 width=84) (actual time=0.572..0.573 rows=1 loops=1)
                     Sort Key: (st_distance(st_transform(s_2857.the_geom, 25833), '0101000020E9640000CF7E6803F0DB23413FB97508A90E5741'::geometry))
                     Sort Method: top-N heapsort  Memory: 25kB
                     ->  Seq Scan on phoml_trajectory_tmp s_2857  (cost=0.00..165745.68 rows=1 width=84) (actual time=0.012..0.508 rows=456 loops=1)
                           Filter: ((unix_time >= '1685451295.868'::double precision) AND (unix_time <= '1685451355.868'::double precision) AND st_dwithin(st_transform(the_geom, 25833), '0101000020E9640000CF7E6803F0DB23413FB97508A90E5741'::geometry, '300'::double precision))
                           Rows Removed by Filter: 3204
   ->  Subquery Scan on "*SELECT* 2859"  (cost=165745.69..165745.70 rows=1 width=76) (actual time=0.592..0.594 rows=1 loops=1)
         ->  Limit  (cost=165745.69..165745.69 rows=1 width=84) (actual time=0.588..0.589 rows=1 loops=1)
               ->  Sort  (cost=165745.69..165745.69 rows=1 width=84) (actual time=0.586..0.586 rows=1 loops=1)
                     Sort Key: (st_distance(st_transform(s_2858.the_geom, 25833), '0101000020E96400005208A451F9DB23410ED6EAB8A80E5741'::geometry))
                     Sort Method: top-N heapsort  Memory: 25kB
                     ->  Seq Scan on phoml_trajectory_tmp s_2858  (cost=0.00..165745.68 rows=1 width=84) (actual time=0.016..0.506 rows=460 loops=1)
                           Filter: ((unix_time >= '1685451296.573'::double precision) AND (unix_time <= '1685451356.573'::double precision) AND st_dwithin(st_transform(the_geom, 25833), '0101000020E96400005208A451F9DB23410ED6EAB8A80E5741'::geometry, '300'::double precision))
                           Rows Removed by Filter: 3200
   ->  Subquery Scan on "*SELECT* 2860"  (cost=165745.69..165745.70 rows=1 width=76) (actual time=0.578..0.579 rows=1 loops=1)
         ->  Limit  (cost=165745.69..165745.69 rows=1 width=84) (actual time=0.575..0.576 rows=1 loops=1)
               ->  Sort  (cost=165745.69..165745.69 rows=1 width=84) (actual time=0.573..0.574 rows=1 loops=1)
                     Sort Key: (st_distance(st_transform(s_2859.the_geom, 25833), '0101000020E96400007D3CE3A202DC2341D5C7545AA80E5741'::geometry))
                     Sort Method: top-N heapsort  Memory: 25kB
                     ->  Seq Scan on phoml_trajectory_tmp s_2859  (cost=0.00..165745.68 rows=1 width=84) (actual time=0.015..0.507 rows=458 loops=1)
                           Filter: ((unix_time >= '1685451297.329'::double precision) AND (unix_time <= '1685451357.329'::double precision) AND st_dwithin(st_transform(the_geom, 25833), '0101000020E96400007D3CE3A202DC2341D5C7545AA80E5741'::geometry, '300'::double precision))
                           Rows Removed by Filter: 3202
   ->  Subquery Scan on "*SELECT* 2861"  (cost=165745.69..165745.70 rows=1 width=76) (actual time=0.641..0.642 rows=1 loops=1)
         ->  Limit  (cost=165745.69..165745.69 rows=1 width=84) (actual time=0.635..0.636 rows=1 loops=1)
               ->  Sort  (cost=165745.69..165745.69 rows=1 width=84) (actual time=0.633..0.633 rows=1 loops=1)
                     Sort Key: (st_distance(st_transform(s_2860.the_geom, 25833), '0101000020E964000018D3F58F0ADC23412A7539D1A70E5741'::geometry))
                     Sort Method: top-N heapsort  Memory: 25kB
                     ->  Seq Scan on phoml_trajectory_tmp s_2860  (cost=0.00..165745.68 rows=1 width=84) (actual time=0.014..0.540 rows=456 loops=1)
                           Filter: ((unix_time >= '1685451298.099'::double precision) AND (unix_time <= '1685451358.099'::double precision) AND st_dwithin(st_transform(the_geom, 25833), '0101000020E964000018D3F58F0ADC23412A7539D1A70E5741'::geometry, '300'::double precision))
                           Rows Removed by Filter: 3204
   ->  Subquery Scan on "*SELECT* 2862"  (cost=165745.69..165745.70 rows=1 width=76) (actual time=0.594..0.595 rows=1 loops=1)
         ->  Limit  (cost=165745.69..165745.69 rows=1 width=84) (actual time=0.590..0.591 rows=1 loops=1)
               ->  Sort  (cost=165745.69..165745.69 rows=1 width=84) (actual time=0.588..0.588 rows=1 loops=1)
                     Sort Key: (st_distance(st_transform(s_2861.the_geom, 25833), '0101000020E964000091397B730FDC2341F1F0F6DDA60E5741'::geometry))
                     Sort Method: top-N heapsort  Memory: 25kB
                     ->  Seq Scan on phoml_trajectory_tmp s_2861  (cost=0.00..165745.68 rows=1 width=84) (actual time=0.013..0.522 rows=456 loops=1)
                           Filter: ((unix_time >= '1685451298.878'::double precision) AND (unix_time <= '1685451358.878'::double precision) AND st_dwithin(st_transform(the_geom, 25833), '0101000020E964000091397B730FDC2341F1F0F6DDA60E5741'::geometry, '300'::double precision))
                           Rows Removed by Filter: 3204
   ->  Subquery Scan on "*SELECT* 2863"  (cost=165745.69..165745.70 rows=1 width=76) (actual time=0.587..0.588 rows=1 loops=1)
         ->  Limit  (cost=165745.69..165745.69 rows=1 width=84) (actual time=0.585..0.586 rows=1 loops=1)
               ->  Sort  (cost=165745.69..165745.69 rows=1 width=84) (actual time=0.583..0.583 rows=1 loops=1)
                     Sort Key: (st_distance(st_transform(s_2862.the_geom, 25833), '0101000020E9640000175D56E512DC2341FB8184C9A50E5741'::geometry))
                     Sort Method: top-N heapsort  Memory: 25kB
                     ->  Seq Scan on phoml_trajectory_tmp s_2862  (cost=0.00..165745.68 rows=1 width=84) (actual time=0.021..0.519 rows=458 loops=1)
                           Filter: ((unix_time >= '1685451299.639'::double precision) AND (unix_time <= '1685451359.639'::double precision) AND st_dwithin(st_transform(the_geom, 25833), '0101000020E9640000175D56E512DC2341FB8184C9A50E5741'::geometry, '300'::double precision))
                           Rows Removed by Filter: 3202
   ->  Subquery Scan on "*SELECT* 2864"  (cost=165745.69..165745.70 rows=1 width=76) (actual time=0.594..0.596 rows=1 loops=1)
         ->  Limit  (cost=165745.69..165745.69 rows=1 width=84) (actual time=0.591..0.592 rows=1 loops=1)
               ->  Sort  (cost=165745.69..165745.69 rows=1 width=84) (actual time=0.589..0.590 rows=1 loops=1)
                     Sort Key: (st_distance(st_transform(s_2863.the_geom, 25833), '0101000020E964000050F7C3D114DC23413DC7089FA40E5741'::geometry))
                     Sort Method: top-N heapsort  Memory: 25kB
                     ->  Seq Scan on phoml_trajectory_tmp s_2863  (cost=0.00..165745.68 rows=1 width=84) (actual time=0.017..0.525 rows=456 loops=1)
                           Filter: ((unix_time >= '1685451300.387'::double precision) AND (unix_time <= '1685451360.387'::double precision) AND st_dwithin(st_transform(the_geom, 25833), '0101000020E964000050F7C3D114DC23413DC7089FA40E5741'::geometry, '300'::double precision))
                           Rows Removed by Filter: 3204
   ->  Subquery Scan on "*SELECT* 2865"  (cost=165745.69..165745.70 rows=1 width=76) (actual time=0.602..0.602 rows=1 loops=1)
         ->  Limit  (cost=165745.69..165745.69 rows=1 width=84) (actual time=0.598..0.598 rows=1 loops=1)
               ->  Sort  (cost=165745.69..165745.69 rows=1 width=84) (actual time=0.595..0.596 rows=1 loops=1)
                     Sort Key: (st_distance(st_transform(s_2864.the_geom, 25833), '0101000020E964000074970D8A15DC2341125C8772A30E5741'::geometry))
                     Sort Method: top-N heapsort  Memory: 25kB
                     ->  Seq Scan on phoml_trajectory_tmp s_2864  (cost=0.00..165745.68 rows=1 width=84) (actual time=0.013..0.529 rows=456 loops=1)
                           Filter: ((unix_time >= '1685451301.097'::double precision) AND (unix_time <= '1685451361.097'::double precision) AND st_dwithin(st_transform(the_geom, 25833), '0101000020E964000074970D8A15DC2341125C8772A30E5741'::geometry, '300'::double precision))
                           Rows Removed by Filter: 3204
   ->  Subquery Scan on "*SELECT* 2866"  (cost=165745.69..165745.70 rows=1 width=76) (actual time=0.562..0.564 rows=1 loops=1)
         ->  Limit  (cost=165745.69..165745.69 rows=1 width=84) (actual time=0.560..0.561 rows=1 loops=1)
               ->  Sort  (cost=165745.69..165745.69 rows=1 width=84) (actual time=0.557..0.558 rows=1 loops=1)
                     Sort Key: (st_distance(st_transform(s_2865.the_geom, 25833), '0101000020E9640000C67C03F814DC2341254AA831A20E5741'::geometry))
                     Sort Method: top-N heapsort  Memory: 25kB
                     ->  Seq Scan on phoml_trajectory_tmp s_2865  (cost=0.00..165745.68 rows=1 width=84) (actual time=0.012..0.493 rows=456 loops=1)
                           Filter: ((unix_time >= '1685451301.795'::double precision) AND (unix_time <= '1685451361.795'::double precision) AND st_dwithin(st_transform(the_geom, 25833), '0101000020E9640000C67C03F814DC2341254AA831A20E5741'::geometry, '300'::double precision))
                           Rows Removed by Filter: 3204
   ->  Subquery Scan on "*SELECT* 2867"  (cost=165745.69..165745.70 rows=1 width=76) (actual time=0.585..0.586 rows=1 loops=1)
         ->  Limit  (cost=165745.69..165745.69 rows=1 width=84) (actual time=0.582..0.582 rows=1 loops=1)
               ->  Sort  (cost=165745.69..165745.69 rows=1 width=84) (actual time=0.579..0.580 rows=1 loops=1)
                     Sort Key: (st_distance(st_transform(s_2866.the_geom, 25833), '0101000020E96400000E60F03813DC2341EEB7C0FFA00E5741'::geometry))
                     Sort Method: top-N heapsort  Memory: 25kB
                     ->  Seq Scan on phoml_trajectory_tmp s_2866  (cost=0.00..165745.68 rows=1 width=84) (actual time=0.012..0.515 rows=456 loops=1)
                           Filter: ((unix_time >= '1685451302.456'::double precision) AND (unix_time <= '1685451362.456'::double precision) AND st_dwithin(st_transform(the_geom, 25833), '0101000020E96400000E60F03813DC2341EEB7C0FFA00E5741'::geometry, '300'::double precision))
                           Rows Removed by Filter: 3204
   ->  Subquery Scan on "*SELECT* 2868"  (cost=165745.69..165745.70 rows=1 width=76) (actual time=0.566..0.567 rows=1 loops=1)
         ->  Limit  (cost=165745.69..165745.69 rows=1 width=84) (actual time=0.564..0.565 rows=1 loops=1)
               ->  Sort  (cost=165745.69..165745.69 rows=1 width=84) (actual time=0.562..0.563 rows=1 loops=1)
                     Sort Key: (st_distance(st_transform(s_2867.the_geom, 25833), '0101000020E9640000C1E3B94611DC23417FFE2AD99F0E5741'::geometry))
                     Sort Method: top-N heapsort  Memory: 25kB
                     ->  Seq Scan on phoml_trajectory_tmp s_2867  (cost=0.00..165745.68 rows=1 width=84) (actual time=0.013..0.498 rows=456 loops=1)
                           Filter: ((unix_time >= '1685451303.086'::double precision) AND (unix_time <= '1685451363.086'::double precision) AND st_dwithin(st_transform(the_geom, 25833), '0101000020E9640000C1E3B94611DC23417FFE2AD99F0E5741'::geometry, '300'::double precision))
                           Rows Removed by Filter: 3204
   ->  Subquery Scan on "*SELECT* 2869"  (cost=165745.69..165745.70 rows=1 width=76) (actual time=0.577..0.578 rows=1 loops=1)
         ->  Limit  (cost=165745.69..165745.69 rows=1 width=84) (actual time=0.574..0.574 rows=1 loops=1)
               ->  Sort  (cost=165745.69..165745.69 rows=1 width=84) (actual time=0.572..0.572 rows=1 loops=1)
                     Sort Key: (st_distance(st_transform(s_2868.the_geom, 25833), '0101000020E9640000BDE42EB10EDC234165637DBD9E0E5741'::geometry))
                     Sort Method: top-N heapsort  Memory: 25kB
                     ->  Seq Scan on phoml_trajectory_tmp s_2868  (cost=0.00..165745.68 rows=1 width=84) (actual time=0.013..0.507 rows=456 loops=1)
                           Filter: ((unix_time >= '1685451303.707'::double precision) AND (unix_time <= '1685451363.707'::double precision) AND st_dwithin(st_transform(the_geom, 25833), '0101000020E9640000BDE42EB10EDC234165637DBD9E0E5741'::geometry, '300'::double precision))
                           Rows Removed by Filter: 3204
   ->  Subquery Scan on "*SELECT* 2870"  (cost=165745.69..165745.70 rows=1 width=76) (actual time=0.567..0.568 rows=1 loops=1)
         ->  Limit  (cost=165745.69..165745.69 rows=1 width=84) (actual time=0.565..0.566 rows=1 loops=1)
               ->  Sort  (cost=165745.69..165745.69 rows=1 width=84) (actual time=0.564..0.564 rows=1 loops=1)
                     Sort Key: (st_distance(st_transform(s_2869.the_geom, 25833), '0101000020E9640000096AE2910CDC23418FF95EA09D0E5741'::geometry))
                     Sort Method: top-N heapsort  Memory: 25kB
                     ->  Seq Scan on phoml_trajectory_tmp s_2869  (cost=0.00..165745.68 rows=1 width=84) (actual time=0.011..0.498 rows=458 loops=1)
                           Filter: ((unix_time >= '1685451304.309'::double precision) AND (unix_time <= '1685451364.309'::double precision) AND st_dwithin(st_transform(the_geom, 25833), '0101000020E9640000096AE2910CDC23418FF95EA09D0E5741'::geometry, '300'::double precision))
                           Rows Removed by Filter: 3202
   ->  Subquery Scan on "*SELECT* 2871"  (cost=165745.69..165745.70 rows=1 width=76) (actual time=0.582..0.584 rows=1 loops=1)
         ->  Limit  (cost=165745.69..165745.69 rows=1 width=84) (actual time=0.579..0.580 rows=1 loops=1)
               ->  Sort  (cost=165745.69..165745.69 rows=1 width=84) (actual time=0.576..0.577 rows=1 loops=1)
                     Sort Key: (st_distance(st_transform(s_2870.the_geom, 25833), '0101000020E96400008CE012BC0BDC2341806DA6889C0E5741'::geometry))
                     Sort Method: top-N heapsort  Memory: 25kB
                     ->  Seq Scan on phoml_trajectory_tmp s_2870  (cost=0.00..165745.68 rows=1 width=84) (actual time=0.014..0.513 rows=456 loops=1)
                           Filter: ((unix_time >= '1685451304.879'::double precision) AND (unix_time <= '1685451364.879'::double precision) AND st_dwithin(st_transform(the_geom, 25833), '0101000020E96400008CE012BC0BDC2341806DA6889C0E5741'::geometry, '300'::double precision))
                           Rows Removed by Filter: 3204
   ->  Subquery Scan on "*SELECT* 2872"  (cost=165745.69..165745.70 rows=1 width=76) (actual time=0.590..0.591 rows=1 loops=1)
         ->  Limit  (cost=165745.69..165745.69 rows=1 width=84) (actual time=0.586..0.587 rows=1 loops=1)
               ->  Sort  (cost=165745.69..165745.69 rows=1 width=84) (actual time=0.585..0.585 rows=1 loops=1)
                     Sort Key: (st_distance(st_transform(s_2871.the_geom, 25833), '0101000020E9640000DD5E23700BDC2341840C436C9B0E5741'::geometry))
                     Sort Method: top-N heapsort  Memory: 25kB
                     ->  Seq Scan on phoml_trajectory_tmp s_2871  (cost=0.00..165745.68 rows=1 width=84) (actual time=0.013..0.519 rows=460 loops=1)
                           Filter: ((unix_time >= '1685451305.448'::double precision) AND (unix_time <= '1685451365.448'::double precision) AND st_dwithin(st_transform(the_geom, 25833), '0101000020E9640000DD5E23700BDC2341840C436C9B0E5741'::geometry, '300'::double precision))
                           Rows Removed by Filter: 3200
   ->  Subquery Scan on "*SELECT* 2873"  (cost=165745.69..165745.70 rows=1 width=76) (actual time=0.578..0.579 rows=1 loops=1)
         ->  Limit  (cost=165745.69..165745.69 rows=1 width=84) (actual time=0.575..0.576 rows=1 loops=1)
               ->  Sort  (cost=165745.69..165745.69 rows=1 width=84) (actual time=0.573..0.573 rows=1 loops=1)
                     Sort Key: (st_distance(st_transform(s_2872.the_geom, 25833), '0101000020E9640000EB559B3E0CDC2341D38E82489A0E5741'::geometry))
                     Sort Method: top-N heapsort  Memory: 25kB
                     ->  Seq Scan on phoml_trajectory_tmp s_2872  (cost=0.00..165745.68 rows=1 width=84) (actual time=0.013..0.508 rows=460 loops=1)
                           Filter: ((unix_time >= '1685451305.988'::double precision) AND (unix_time <= '1685451365.988'::double precision) AND st_dwithin(st_transform(the_geom, 25833), '0101000020E9640000EB559B3E0CDC2341D38E82489A0E5741'::geometry, '300'::double precision))
                           Rows Removed by Filter: 3200
   ->  Subquery Scan on "*SELECT* 2874"  (cost=165745.69..165745.70 rows=1 width=76) (actual time=0.584..0.585 rows=1 loops=1)
         ->  Limit  (cost=165745.69..165745.69 rows=1 width=84) (actual time=0.581..0.582 rows=1 loops=1)
               ->  Sort  (cost=165745.69..165745.69 rows=1 width=84) (actual time=0.579..0.580 rows=1 loops=1)
                     Sort Key: (st_distance(st_transform(s_2873.the_geom, 25833), '0101000020E96400000C236F4A0EDC23413955EB15990E5741'::geometry))
                     Sort Method: top-N heapsort  Memory: 25kB
                     ->  Seq Scan on phoml_trajectory_tmp s_2873  (cost=0.00..165745.68 rows=1 width=84) (actual time=0.012..0.515 rows=460 loops=1)
                           Filter: ((unix_time >= '1685451306.529'::double precision) AND (unix_time <= '1685451366.529'::double precision) AND st_dwithin(st_transform(the_geom, 25833), '0101000020E96400000C236F4A0EDC23413955EB15990E5741'::geometry, '300'::double precision))
                           Rows Removed by Filter: 3200
   ->  Subquery Scan on "*SELECT* 2875"  (cost=165745.69..165745.70 rows=1 width=76) (actual time=0.570..0.571 rows=1 loops=1)
         ->  Limit  (cost=165745.69..165745.69 rows=1 width=84) (actual time=0.568..0.569 rows=1 loops=1)
               ->  Sort  (cost=165745.69..165745.69 rows=1 width=84) (actual time=0.566..0.566 rows=1 loops=1)
                     Sort Key: (st_distance(st_transform(s_2874.the_geom, 25833), '0101000020E964000059B4C3A010DC2341C2E784E1970E5741'::geometry))
                     Sort Method: top-N heapsort  Memory: 25kB
                     ->  Seq Scan on phoml_trajectory_tmp s_2874  (cost=0.00..165745.68 rows=1 width=84) (actual time=0.013..0.500 rows=460 loops=1)
                           Filter: ((unix_time >= '1685451307.059'::double precision) AND (unix_time <= '1685451367.059'::double precision) AND st_dwithin(st_transform(the_geom, 25833), '0101000020E964000059B4C3A010DC2341C2E784E1970E5741'::geometry, '300'::double precision))
                           Rows Removed by Filter: 3200
   ->  Subquery Scan on "*SELECT* 2876"  (cost=165745.69..165745.70 rows=1 width=76) (actual time=0.609..0.610 rows=1 loops=1)
         ->  Limit  (cost=165745.69..165745.69 rows=1 width=84) (actual time=0.606..0.606 rows=1 loops=1)
               ->  Sort  (cost=165745.69..165745.69 rows=1 width=84) (actual time=0.604..0.604 rows=1 loops=1)
                     Sort Key: (st_distance(st_transform(s_2875.the_geom, 25833), '0101000020E964000059E220F711DC234165769AB9960E5741'::geometry))
                     Sort Method: top-N heapsort  Memory: 25kB
                     ->  Seq Scan on phoml_trajectory_tmp s_2875  (cost=0.00..165745.68 rows=1 width=84) (actual time=0.013..0.538 rows=460 loops=1)
                           Filter: ((unix_time >= '1685451307.572'::double precision) AND (unix_time <= '1685451367.572'::double precision) AND st_dwithin(st_transform(the_geom, 25833), '0101000020E964000059E220F711DC234165769AB9960E5741'::geometry, '300'::double precision))
                           Rows Removed by Filter: 3200
   ->  Subquery Scan on "*SELECT* 2877"  (cost=165745.69..165745.70 rows=1 width=76) (actual time=0.630..0.631 rows=1 loops=1)
         ->  Limit  (cost=165745.69..165745.69 rows=1 width=84) (actual time=0.626..0.627 rows=1 loops=1)
               ->  Sort  (cost=165745.69..165745.69 rows=1 width=84) (actual time=0.625..0.625 rows=1 loops=1)
                     Sort Key: (st_distance(st_transform(s_2876.the_geom, 25833), '0101000020E9640000FD0F30CA13DC2341AEC9ED7F950E5741'::geometry))
                     Sort Method: top-N heapsort  Memory: 25kB
                     ->  Seq Scan on phoml_trajectory_tmp s_2876  (cost=0.00..165745.68 rows=1 width=84) (actual time=0.012..0.558 rows=462 loops=1)
                           Filter: ((unix_time >= '1685451308.112'::double precision) AND (unix_time <= '1685451368.112'::double precision) AND st_dwithin(st_transform(the_geom, 25833), '0101000020E9640000FD0F30CA13DC2341AEC9ED7F950E5741'::geometry, '300'::double precision))
                           Rows Removed by Filter: 3198
   ->  Subquery Scan on "*SELECT* 2878"  (cost=165745.69..165745.70 rows=1 width=76) (actual time=0.570..0.571 rows=1 loops=1)
         ->  Limit  (cost=165745.69..165745.69 rows=1 width=84) (actual time=0.568..0.568 rows=1 loops=1)
               ->  Sort  (cost=165745.69..165745.69 rows=1 width=84) (actual time=0.565..0.566 rows=1 loops=1)
                     Sort Key: (st_distance(st_transform(s_2877.the_geom, 25833), '0101000020E9640000700DE32016DC2341CC2D1C48940E5741'::geometry))
                     Sort Method: top-N heapsort  Memory: 25kB
                     ->  Seq Scan on phoml_trajectory_tmp s_2877  (cost=0.00..165745.68 rows=1 width=84) (actual time=0.012..0.500 rows=460 loops=1)
                           Filter: ((unix_time >= '1685451308.635'::double precision) AND (unix_time <= '1685451368.635'::double precision) AND st_dwithin(st_transform(the_geom, 25833), '0101000020E9640000700DE32016DC2341CC2D1C48940E5741'::geometry, '300'::double precision))
                           Rows Removed by Filter: 3200
   ->  Subquery Scan on "*SELECT* 2879"  (cost=165745.69..165745.70 rows=1 width=76) (actual time=0.659..0.660 rows=1 loops=1)
         ->  Limit  (cost=165745.69..165745.69 rows=1 width=84) (actual time=0.638..0.639 rows=1 loops=1)
               ->  Sort  (cost=165745.69..165745.69 rows=1 width=84) (actual time=0.636..0.636 rows=1 loops=1)
                     Sort Key: (st_distance(st_transform(s_2878.the_geom, 25833), '0101000020E9640000FD1ED49818DC2341071F5B16930E5741'::geometry))
                     Sort Method: top-N heapsort  Memory: 25kB
                     ->  Seq Scan on phoml_trajectory_tmp s_2878  (cost=0.00..165745.68 rows=1 width=84) (actual time=0.016..0.566 rows=464 loops=1)
                           Filter: ((unix_time >= '1685451309.177'::double precision) AND (unix_time <= '1685451369.177'::double precision) AND st_dwithin(st_transform(the_geom, 25833), '0101000020E9640000FD1ED49818DC2341071F5B16930E5741'::geometry, '300'::double precision))
                           Rows Removed by Filter: 3196
   ->  Subquery Scan on "*SELECT* 2880"  (cost=165745.69..165745.70 rows=1 width=76) (actual time=0.621..0.622 rows=1 loops=1)
         ->  Limit  (cost=165745.69..165745.69 rows=1 width=84) (actual time=0.617..0.618 rows=1 loops=1)
               ->  Sort  (cost=165745.69..165745.69 rows=1 width=84) (actual time=0.614..0.615 rows=1 loops=1)
                     Sort Key: (st_distance(st_transform(s_2879.the_geom, 25833), '0101000020E9640000B0A5D7251BDC23419F89FDD6910E5741'::geometry))
                     Sort Method: top-N heapsort  Memory: 25kB
                     ->  Seq Scan on phoml_trajectory_tmp s_2879  (cost=0.00..165745.68 rows=1 width=84) (actual time=0.013..0.540 rows=464 loops=1)
                           Filter: ((unix_time >= '1685451309.707'::double precision) AND (unix_time <= '1685451369.707'::double precision) AND st_dwithin(st_transform(the_geom, 25833), '0101000020E9640000B0A5D7251BDC23419F89FDD6910E5741'::geometry, '300'::double precision))
                           Rows Removed by Filter: 3196
   ->  Subquery Scan on "*SELECT* 2881"  (cost=165745.69..165745.70 rows=1 width=76) (actual time=0.701..0.703 rows=1 loops=1)
         ->  Limit  (cost=165745.69..165745.69 rows=1 width=84) (actual time=0.695..0.696 rows=1 loops=1)
               ->  Sort  (cost=165745.69..165745.69 rows=1 width=84) (actual time=0.693..0.693 rows=1 loops=1)
                     Sort Key: (st_distance(st_transform(s_2880.the_geom, 25833), '0101000020E9640000EEB44E981DDC23415FF099A6900E5741'::geometry))
                     Sort Method: top-N heapsort  Memory: 25kB
                     ->  Seq Scan on phoml_trajectory_tmp s_2880  (cost=0.00..165745.68 rows=1 width=84) (actual time=0.031..0.620 rows=462 loops=1)
                           Filter: ((unix_time >= '1685451310.249'::double precision) AND (unix_time <= '1685451370.249'::double precision) AND st_dwithin(st_transform(the_geom, 25833), '0101000020E9640000EEB44E981DDC23415FF099A6900E5741'::geometry, '300'::double precision))
                           Rows Removed by Filter: 3198
   ->  Subquery Scan on "*SELECT* 2882"  (cost=165745.69..165745.70 rows=1 width=76) (actual time=0.656..0.657 rows=1 loops=1)
         ->  Limit  (cost=165745.69..165745.69 rows=1 width=84) (actual time=0.652..0.653 rows=1 loops=1)
               ->  Sort  (cost=165745.69..165745.69 rows=1 width=84) (actual time=0.649..0.649 rows=1 loops=1)
                     Sort Key: (st_distance(st_transform(s_2881.the_geom, 25833), '0101000020E9640000035BDE0E20DC2341F573016F8F0E5741'::geometry))
                     Sort Method: top-N heapsort  Memory: 25kB
                     ->  Seq Scan on phoml_trajectory_tmp s_2881  (cost=0.00..165745.68 rows=1 width=84) (actual time=0.015..0.576 rows=464 loops=1)
                           Filter: ((unix_time >= '1685451310.789'::double precision) AND (unix_time <= '1685451370.789'::double precision) AND st_dwithin(st_transform(the_geom, 25833), '0101000020E9640000035BDE0E20DC2341F573016F8F0E5741'::geometry, '300'::double precision))
                           Rows Removed by Filter: 3196
   ->  Subquery Scan on "*SELECT* 2883"  (cost=165745.69..165745.70 rows=1 width=76) (actual time=0.663..0.664 rows=1 loops=1)
         ->  Limit  (cost=165745.69..165745.69 rows=1 width=84) (actual time=0.659..0.660 rows=1 loops=1)
               ->  Sort  (cost=165745.69..165745.69 rows=1 width=84) (actual time=0.656..0.657 rows=1 loops=1)
                     Sort Key: (st_distance(st_transform(s_2882.the_geom, 25833), '0101000020E96400009361C39722DC2341B791D9368E0E5741'::geometry))
                     Sort Method: top-N heapsort  Memory: 25kB
                     ->  Seq Scan on phoml_trajectory_tmp s_2882  (cost=0.00..165745.68 rows=1 width=84) (actual time=0.044..0.584 rows=464 loops=1)
                           Filter: ((unix_time >= '1685451311.344'::double precision) AND (unix_time <= '1685451371.344'::double precision) AND st_dwithin(st_transform(the_geom, 25833), '0101000020E96400009361C39722DC2341B791D9368E0E5741'::geometry, '300'::double precision))
                           Rows Removed by Filter: 3196
   ->  Subquery Scan on "*SELECT* 2884"  (cost=165745.69..165745.70 rows=1 width=76) (actual time=0.627..0.628 rows=1 loops=1)
         ->  Limit  (cost=165745.69..165745.69 rows=1 width=84) (actual time=0.625..0.626 rows=1 loops=1)
               ->  Sort  (cost=165745.69..165745.69 rows=1 width=84) (actual time=0.623..0.623 rows=1 loops=1)
                     Sort Key: (st_distance(st_transform(s_2883.the_geom, 25833), '0101000020E96400008FDE3B4C25DC23419E2D68FD8C0E5741'::geometry))
                     Sort Method: top-N heapsort  Memory: 25kB
                     ->  Seq Scan on phoml_trajectory_tmp s_2883  (cost=0.00..165745.68 rows=1 width=84) (actual time=0.015..0.542 rows=466 loops=1)
                           Filter: ((unix_time >= '1685451311.894'::double precision) AND (unix_time <= '1685451371.894'::double precision) AND st_dwithin(st_transform(the_geom, 25833), '0101000020E96400008FDE3B4C25DC23419E2D68FD8C0E5741'::geometry, '300'::double precision))
                           Rows Removed by Filter: 3194
   ->  Subquery Scan on "*SELECT* 2885"  (cost=165745.69..165745.70 rows=1 width=76) (actual time=0.618..0.620 rows=1 loops=1)
         ->  Limit  (cost=165745.69..165745.69 rows=1 width=84) (actual time=0.615..0.616 rows=1 loops=1)
               ->  Sort  (cost=165745.69..165745.69 rows=1 width=84) (actual time=0.613..0.613 rows=1 loops=1)
                     Sort Key: (st_distance(st_transform(s_2884.the_geom, 25833), '0101000020E964000045BCD89928DC23413FC3D0C08B0E5741'::geometry))
                     Sort Method: top-N heapsort  Memory: 25kB
                     ->  Seq Scan on phoml_trajectory_tmp s_2884  (cost=0.00..165745.68 rows=1 width=84) (actual time=0.013..0.545 rows=464 loops=1)
                           Filter: ((unix_time >= '1685451312.466'::double precision) AND (unix_time <= '1685451372.466'::double precision) AND st_dwithin(st_transform(the_geom, 25833), '0101000020E964000045BCD89928DC23413FC3D0C08B0E5741'::geometry, '300'::double precision))
                           Rows Removed by Filter: 3196
   ->  Subquery Scan on "*SELECT* 2886"  (cost=165745.69..165745.70 rows=1 width=76) (actual time=0.624..0.625 rows=1 loops=1)
         ->  Limit  (cost=165745.69..165745.69 rows=1 width=84) (actual time=0.621..0.621 rows=1 loops=1)
               ->  Sort  (cost=165745.69..165745.69 rows=1 width=84) (actual time=0.619..0.619 rows=1 loops=1)
                     Sort Key: (st_distance(st_transform(s_2885.the_geom, 25833), '0101000020E9640000D16039BA2BDC2341F9499C8D8A0E5741'::geometry))
                     Sort Method: top-N heapsort  Memory: 25kB
                     ->  Seq Scan on phoml_trajectory_tmp s_2885  (cost=0.00..165745.68 rows=1 width=84) (actual time=0.013..0.538 rows=464 loops=1)
                           Filter: ((unix_time >= '1685451313.036'::double precision) AND (unix_time <= '1685451373.036'::double precision) AND st_dwithin(st_transform(the_geom, 25833), '0101000020E9640000D16039BA2BDC2341F9499C8D8A0E5741'::geometry, '300'::double precision))
                           Rows Removed by Filter: 3196
   ->  Subquery Scan on "*SELECT* 2887"  (cost=165745.69..165745.70 rows=1 width=76) (actual time=0.598..0.599 rows=1 loops=1)
         ->  Limit  (cost=165745.69..165745.69 rows=1 width=84) (actual time=0.595..0.596 rows=1 loops=1)
               ->  Sort  (cost=165745.69..165745.69 rows=1 width=84) (actual time=0.593..0.594 rows=1 loops=1)
                     Sort Key: (st_distance(st_transform(s_2886.the_geom, 25833), '0101000020E964000096FB8CAE2DDC2341D1181F5B890E5741'::geometry))
                     Sort Method: top-N heapsort  Memory: 25kB
                     ->  Seq Scan on phoml_trajectory_tmp s_2886  (cost=0.00..165745.68 rows=1 width=84) (actual time=0.017..0.523 rows=466 loops=1)
                           Filter: ((unix_time >= '1685451313.621'::double precision) AND (unix_time <= '1685451373.621'::double precision) AND st_dwithin(st_transform(the_geom, 25833), '0101000020E964000096FB8CAE2DDC2341D1181F5B890E5741'::geometry, '300'::double precision))
                           Rows Removed by Filter: 3194
   ->  Subquery Scan on "*SELECT* 2888"  (cost=165745.69..165745.70 rows=1 width=76) (actual time=0.622..0.623 rows=1 loops=1)
         ->  Limit  (cost=165745.69..165745.69 rows=1 width=84) (actual time=0.618..0.619 rows=1 loops=1)
               ->  Sort  (cost=165745.69..165745.69 rows=1 width=84) (actual time=0.616..0.616 rows=1 loops=1)
                     Sort Key: (st_distance(st_transform(s_2887.the_geom, 25833), '0101000020E96400006B85B6C22CDC234196ABC23F880E5741'::geometry))
                     Sort Method: top-N heapsort  Memory: 25kB
                     ->  Seq Scan on phoml_trajectory_tmp s_2887  (cost=0.00..165745.68 rows=1 width=84) (actual time=0.013..0.546 rows=464 loops=1)
                           Filter: ((unix_time >= '1685451314.224'::double precision) AND (unix_time <= '1685451374.224'::double precision) AND st_dwithin(st_transform(the_geom, 25833), '0101000020E96400006B85B6C22CDC234196ABC23F880E5741'::geometry, '300'::double precision))
                           Rows Removed by Filter: 3196
   ->  Subquery Scan on "*SELECT* 2889"  (cost=165745.69..165745.70 rows=1 width=76) (actual time=0.609..0.610 rows=1 loops=1)
         ->  Limit  (cost=165745.69..165745.69 rows=1 width=84) (actual time=0.606..0.607 rows=1 loops=1)
               ->  Sort  (cost=165745.69..165745.69 rows=1 width=84) (actual time=0.604..0.605 rows=1 loops=1)
                     Sort Key: (st_distance(st_transform(s_2888.the_geom, 25833), '0101000020E9640000F86E859F2ADC2341133B2230870E5741'::geometry))
                     Sort Method: top-N heapsort  Memory: 25kB
                     ->  Seq Scan on phoml_trajectory_tmp s_2888  (cost=0.00..165745.68 rows=1 width=84) (actual time=0.015..0.536 rows=464 loops=1)
                           Filter: ((unix_time >= '1685451314.824'::double precision) AND (unix_time <= '1685451374.824'::double precision) AND st_dwithin(st_transform(the_geom, 25833), '0101000020E9640000F86E859F2ADC2341133B2230870E5741'::geometry, '300'::double precision))
                           Rows Removed by Filter: 3196
   ->  Subquery Scan on "*SELECT* 2890"  (cost=165745.69..165745.70 rows=1 width=76) (actual time=0.620..0.621 rows=1 loops=1)
         ->  Limit  (cost=165745.69..165745.69 rows=1 width=84) (actual time=0.616..0.618 rows=1 loops=1)
               ->  Sort  (cost=165745.69..165745.69 rows=1 width=84) (actual time=0.614..0.615 rows=1 loops=1)
                     Sort Key: (st_distance(st_transform(s_2889.the_geom, 25833), '0101000020E96400002030A7FA28DC234176E0D513860E5741'::geometry))
                     Sort Method: top-N heapsort  Memory: 25kB
                     ->  Seq Scan on phoml_trajectory_tmp s_2889  (cost=0.00..165745.68 rows=1 width=84) (actual time=0.013..0.535 rows=464 loops=1)
                           Filter: ((unix_time >= '1685451315.427'::double precision) AND (unix_time <= '1685451375.427'::double precision) AND st_dwithin(st_transform(the_geom, 25833), '0101000020E96400002030A7FA28DC234176E0D513860E5741'::geometry, '300'::double precision))
                           Rows Removed by Filter: 3196
   ->  Subquery Scan on "*SELECT* 2891"  (cost=165745.69..165745.70 rows=1 width=76) (actual time=0.620..0.621 rows=1 loops=1)
         ->  Limit  (cost=165745.69..165745.69 rows=1 width=84) (actual time=0.616..0.617 rows=1 loops=1)
               ->  Sort  (cost=165745.69..165745.69 rows=1 width=84) (actual time=0.614..0.615 rows=1 loops=1)
                     Sort Key: (st_distance(st_transform(s_2890.the_geom, 25833), '0101000020E9640000E649886428DC2341BE2705F0840E5741'::geometry))
                     Sort Method: top-N heapsort  Memory: 25kB
                     ->  Seq Scan on phoml_trajectory_tmp s_2890  (cost=0.00..165745.68 rows=1 width=84) (actual time=0.018..0.545 rows=464 loops=1)
                           Filter: ((unix_time >= '1685451316.017'::double precision) AND (unix_time <= '1685451376.017'::double precision) AND st_dwithin(st_transform(the_geom, 25833), '0101000020E9640000E649886428DC2341BE2705F0840E5741'::geometry, '300'::double precision))
                           Rows Removed by Filter: 3196
   ->  Subquery Scan on "*SELECT* 2892"  (cost=165745.69..165745.70 rows=1 width=76) (actual time=0.598..0.599 rows=1 loops=1)
         ->  Limit  (cost=165745.69..165745.69 rows=1 width=84) (actual time=0.596..0.597 rows=1 loops=1)
               ->  Sort  (cost=165745.69..165745.69 rows=1 width=84) (actual time=0.594..0.594 rows=1 loops=1)
                     Sort Key: (st_distance(st_transform(s_2891.the_geom, 25833), '0101000020E9640000E004E6FC27DC23412B6D7BC1830E5741'::geometry))
                     Sort Method: top-N heapsort  Memory: 25kB
                     ->  Seq Scan on phoml_trajectory_tmp s_2891  (cost=0.00..165745.68 rows=1 width=84) (actual time=0.013..0.523 rows=466 loops=1)
                           Filter: ((unix_time >= '1685451316.612'::double precision) AND (unix_time <= '1685451376.612'::double precision) AND st_dwithin(st_transform(the_geom, 25833), '0101000020E9640000E004E6FC27DC23412B6D7BC1830E5741'::geometry, '300'::double precision))
                           Rows Removed by Filter: 3194
   ->  Subquery Scan on "*SELECT* 2893"  (cost=165745.69..165745.70 rows=1 width=76) (actual time=0.630..0.632 rows=1 loops=1)
         ->  Limit  (cost=165745.69..165745.69 rows=1 width=84) (actual time=0.627..0.628 rows=1 loops=1)
               ->  Sort  (cost=165745.69..165745.69 rows=1 width=84) (actual time=0.625..0.625 rows=1 loops=1)
                     Sort Key: (st_distance(st_transform(s_2892.the_geom, 25833), '0101000020E96400005973815227DC2341C532BB92820E5741'::geometry))
                     Sort Method: top-N heapsort  Memory: 25kB
                     ->  Seq Scan on phoml_trajectory_tmp s_2892  (cost=0.00..165745.68 rows=1 width=84) (actual time=0.015..0.556 rows=467 loops=1)
                           Filter: ((unix_time >= '1685451317.207'::double precision) AND (unix_time <= '1685451377.207'::double precision) AND st_dwithin(st_transform(the_geom, 25833), '0101000020E96400005973815227DC2341C532BB92820E5741'::geometry, '300'::double precision))
                           Rows Removed by Filter: 3193
   ->  Subquery Scan on "*SELECT* 2894"  (cost=165745.69..165745.70 rows=1 width=76) (actual time=0.632..0.633 rows=1 loops=1)
         ->  Limit  (cost=165745.69..165745.69 rows=1 width=84) (actual time=0.628..0.628 rows=1 loops=1)
               ->  Sort  (cost=165745.69..165745.69 rows=1 width=84) (actual time=0.626..0.626 rows=1 loops=1)
                     Sort Key: (st_distance(st_transform(s_2893.the_geom, 25833), '0101000020E96400004F1D260B26DC2341F33E686D810E5741'::geometry))
                     Sort Method: top-N heapsort  Memory: 25kB
                     ->  Seq Scan on phoml_trajectory_tmp s_2893  (cost=0.00..165745.68 rows=1 width=84) (actual time=0.015..0.555 rows=466 loops=1)
                           Filter: ((unix_time >= '1685451317.787'::double precision) AND (unix_time <= '1685451377.787'::double precision) AND st_dwithin(st_transform(the_geom, 25833), '0101000020E96400004F1D260B26DC2341F33E686D810E5741'::geometry, '300'::double precision))
                           Rows Removed by Filter: 3194
   ->  Subquery Scan on "*SELECT* 2895"  (cost=165745.69..165745.70 rows=1 width=76) (actual time=0.592..0.593 rows=1 loops=1)
         ->  Limit  (cost=165745.69..165745.69 rows=1 width=84) (actual time=0.590..0.591 rows=1 loops=1)
               ->  Sort  (cost=165745.69..165745.69 rows=1 width=84) (actual time=0.588..0.588 rows=1 loops=1)
                     Sort Key: (st_distance(st_transform(s_2894.the_geom, 25833), '0101000020E9640000E3A6F1C522DC23415BCA3F5E800E5741'::geometry))
                     Sort Method: top-N heapsort  Memory: 25kB
                     ->  Seq Scan on phoml_trajectory_tmp s_2894  (cost=0.00..165745.68 rows=1 width=84) (actual time=0.018..0.520 rows=464 loops=1)
                           Filter: ((unix_time >= '1685451318.384'::double precision) AND (unix_time <= '1685451378.384'::double precision) AND st_dwithin(st_transform(the_geom, 25833), '0101000020E9640000E3A6F1C522DC23415BCA3F5E800E5741'::geometry, '300'::double precision))
                           Rows Removed by Filter: 3196
   ->  Subquery Scan on "*SELECT* 2896"  (cost=165745.69..165745.70 rows=1 width=76) (actual time=0.641..0.642 rows=1 loops=1)
         ->  Limit  (cost=165745.69..165745.69 rows=1 width=84) (actual time=0.637..0.637 rows=1 loops=1)
               ->  Sort  (cost=165745.69..165745.69 rows=1 width=84) (actual time=0.635..0.635 rows=1 loops=1)
                     Sort Key: (st_distance(st_transform(s_2895.the_geom, 25833), '0101000020E9640000A9D389C51FDC234190712A4C7F0E5741'::geometry))
                     Sort Method: top-N heapsort  Memory: 25kB
                     ->  Seq Scan on phoml_trajectory_tmp s_2895  (cost=0.00..165745.68 rows=1 width=84) (actual time=0.012..0.566 rows=466 loops=1)
                           Filter: ((unix_time >= '1685451318.954'::double precision) AND (unix_time <= '1685451378.954'::double precision) AND st_dwithin(st_transform(the_geom, 25833), '0101000020E9640000A9D389C51FDC234190712A4C7F0E5741'::geometry, '300'::double precision))
                           Rows Removed by Filter: 3194
   ->  Subquery Scan on "*SELECT* 2897"  (cost=165745.69..165745.70 rows=1 width=76) (actual time=0.613..0.614 rows=1 loops=1)
         ->  Limit  (cost=165745.69..165745.69 rows=1 width=84) (actual time=0.609..0.610 rows=1 loops=1)
               ->  Sort  (cost=165745.69..165745.69 rows=1 width=84) (actual time=0.607..0.607 rows=1 loops=1)
                     Sort Key: (st_distance(st_transform(s_2896.the_geom, 25833), '0101000020E9640000B367E6811DDC2341C00A8C2C7E0E5741'::geometry))
                     Sort Method: top-N heapsort  Memory: 25kB
                     ->  Seq Scan on phoml_trajectory_tmp s_2896  (cost=0.00..165745.68 rows=1 width=84) (actual time=0.019..0.528 rows=468 loops=1)
                           Filter: ((unix_time >= '1685451319.512'::double precision) AND (unix_time <= '1685451379.512'::double precision) AND st_dwithin(st_transform(the_geom, 25833), '0101000020E9640000B367E6811DDC2341C00A8C2C7E0E5741'::geometry, '300'::double precision))
                           Rows Removed by Filter: 3192
   ->  Subquery Scan on "*SELECT* 2898"  (cost=165745.69..165745.70 rows=1 width=76) (actual time=0.604..0.605 rows=1 loops=1)
         ->  Limit  (cost=165745.69..165745.69 rows=1 width=84) (actual time=0.602..0.603 rows=1 loops=1)
               ->  Sort  (cost=165745.69..165745.69 rows=1 width=84) (actual time=0.601..0.601 rows=1 loops=1)
                     Sort Key: (st_distance(st_transform(s_2897.the_geom, 25833), '0101000020E964000092D3817E1ADC23410E1DF91C7D0E5741'::geometry))
                     Sort Method: top-N heapsort  Memory: 25kB
                     ->  Seq Scan on phoml_trajectory_tmp s_2897  (cost=0.00..165745.68 rows=1 width=84) (actual time=0.014..0.531 rows=470 loops=1)
                           Filter: ((unix_time >= '1685451320.052'::double precision) AND (unix_time <= '1685451380.052'::double precision) AND st_dwithin(st_transform(the_geom, 25833), '0101000020E964000092D3817E1ADC23410E1DF91C7D0E5741'::geometry, '300'::double precision))
                           Rows Removed by Filter: 3190
   ->  Subquery Scan on "*SELECT* 2899"  (cost=165745.69..165745.70 rows=1 width=76) (actual time=0.614..0.615 rows=1 loops=1)
         ->  Limit  (cost=165745.69..165745.69 rows=1 width=84) (actual time=0.610..0.611 rows=1 loops=1)
               ->  Sort  (cost=165745.69..165745.69 rows=1 width=84) (actual time=0.608..0.608 rows=1 loops=1)
                     Sort Key: (st_distance(st_transform(s_2898.the_geom, 25833), '0101000020E964000041191A0D17DC2341719767137C0E5741'::geometry))
                     Sort Method: top-N heapsort  Memory: 25kB
                     ->  Seq Scan on phoml_trajectory_tmp s_2898  (cost=0.00..165745.68 rows=1 width=84) (actual time=0.023..0.539 rows=472 loops=1)
                           Filter: ((unix_time >= '1685451320.575'::double precision) AND (unix_time <= '1685451380.575'::double precision) AND st_dwithin(st_transform(the_geom, 25833), '0101000020E964000041191A0D17DC2341719767137C0E5741'::geometry, '300'::double precision))
                           Rows Removed by Filter: 3188
   ->  Subquery Scan on "*SELECT* 2900"  (cost=165745.69..165745.70 rows=1 width=76) (actual time=0.586..0.587 rows=1 loops=1)
         ->  Limit  (cost=165745.69..165745.69 rows=1 width=84) (actual time=0.581..0.582 rows=1 loops=1)
               ->  Sort  (cost=165745.69..165745.69 rows=1 width=84) (actual time=0.579..0.579 rows=1 loops=1)
                     Sort Key: (st_distance(st_transform(s_2899.the_geom, 25833), '0101000020E9640000A1BAE68114DC23418D588BED7A0E5741'::geometry))
                     Sort Method: top-N heapsort  Memory: 25kB
                     ->  Seq Scan on phoml_trajectory_tmp s_2899  (cost=0.00..165745.68 rows=1 width=84) (actual time=0.013..0.511 rows=472 loops=1)
                           Filter: ((unix_time >= '1685451321.085'::double precision) AND (unix_time <= '1685451381.085'::double precision) AND st_dwithin(st_transform(the_geom, 25833), '0101000020E9640000A1BAE68114DC23418D588BED7A0E5741'::geometry, '300'::double precision))
                           Rows Removed by Filter: 3188
   ->  Subquery Scan on "*SELECT* 2901"  (cost=165745.69..165745.70 rows=1 width=76) (actual time=0.615..0.616 rows=1 loops=1)
         ->  Limit  (cost=165745.69..165745.69 rows=1 width=84) (actual time=0.611..0.612 rows=1 loops=1)
               ->  Sort  (cost=165745.69..165745.69 rows=1 width=84) (actual time=0.608..0.608 rows=1 loops=1)
                     Sort Key: (st_distance(st_transform(s_2900.the_geom, 25833), '0101000020E9640000FAFACFC812DC2341CFED94B4790E5741'::geometry))
                     Sort Method: top-N heapsort  Memory: 25kB
                     ->  Seq Scan on phoml_trajectory_tmp s_2900  (cost=0.00..165745.68 rows=1 width=84) (actual time=0.020..0.528 rows=472 loops=1)
                           Filter: ((unix_time >= '1685451321.59'::double precision) AND (unix_time <= '1685451381.59'::double precision) AND st_dwithin(st_transform(the_geom, 25833), '0101000020E9640000FAFACFC812DC2341CFED94B4790E5741'::geometry, '300'::double precision))
                           Rows Removed by Filter: 3188
   ->  Subquery Scan on "*SELECT* 2902"  (cost=165745.69..165745.70 rows=1 width=76) (actual time=0.620..0.621 rows=1 loops=1)
         ->  Limit  (cost=165745.69..165745.69 rows=1 width=84) (actual time=0.616..0.617 rows=1 loops=1)
               ->  Sort  (cost=165745.69..165745.69 rows=1 width=84) (actual time=0.614..0.615 rows=1 loops=1)
                     Sort Key: (st_distance(st_transform(s_2901.the_geom, 25833), '0101000020E9640000D5D491D910DC2341C0A3277A780E5741'::geometry))
                     Sort Method: top-N heapsort  Memory: 25kB
                     ->  Seq Scan on phoml_trajectory_tmp s_2901  (cost=0.00..165745.68 rows=1 width=84) (actual time=0.014..0.540 rows=472 loops=1)
                           Filter: ((unix_time >= '1685451322.09'::double precision) AND (unix_time <= '1685451382.09'::double precision) AND st_dwithin(st_transform(the_geom, 25833), '0101000020E9640000D5D491D910DC2341C0A3277A780E5741'::geometry, '300'::double precision))
                           Rows Removed by Filter: 3188
   ->  Subquery Scan on "*SELECT* 2903"  (cost=165745.69..165745.70 rows=1 width=76) (actual time=0.603..0.604 rows=1 loops=1)
         ->  Limit  (cost=165745.69..165745.69 rows=1 width=84) (actual time=0.600..0.602 rows=1 loops=1)
               ->  Sort  (cost=165745.69..165745.69 rows=1 width=84) (actual time=0.598..0.599 rows=1 loops=1)
                     Sort Key: (st_distance(st_transform(s_2902.the_geom, 25833), '0101000020E9640000AE8292CE0EDC2341BC8AF445770E5741'::geometry))
                     Sort Method: top-N heapsort  Memory: 25kB
                     ->  Seq Scan on phoml_trajectory_tmp s_2902  (cost=0.00..165745.68 rows=1 width=84) (actual time=0.018..0.532 rows=476 loops=1)
                           Filter: ((unix_time >= '1685451322.574'::double precision) AND (unix_time <= '1685451382.574'::double precision) AND st_dwithin(st_transform(the_geom, 25833), '0101000020E9640000AE8292CE0EDC2341BC8AF445770E5741'::geometry, '300'::double precision))
                           Rows Removed by Filter: 3184
   ->  Subquery Scan on "*SELECT* 2904"  (cost=165745.69..165745.70 rows=1 width=76) (actual time=0.639..0.640 rows=1 loops=1)
         ->  Limit  (cost=165745.69..165745.69 rows=1 width=84) (actual time=0.635..0.636 rows=1 loops=1)
               ->  Sort  (cost=165745.69..165745.69 rows=1 width=84) (actual time=0.633..0.633 rows=1 loops=1)
                     Sort Key: (st_distance(st_transform(s_2903.the_geom, 25833), '0101000020E9640000809707D50CDC2341446EDA16760E5741'::geometry))
                     Sort Method: top-N heapsort  Memory: 25kB
                     ->  Seq Scan on phoml_trajectory_tmp s_2903  (cost=0.00..165745.68 rows=1 width=84) (actual time=0.015..0.563 rows=476 loops=1)
                           Filter: ((unix_time >= '1685451323.054'::double precision) AND (unix_time <= '1685451383.054'::double precision) AND st_dwithin(st_transform(the_geom, 25833), '0101000020E9640000809707D50CDC2341446EDA16760E5741'::geometry, '300'::double precision))
                           Rows Removed by Filter: 3184
   ->  Subquery Scan on "*SELECT* 2905"  (cost=165745.69..165745.70 rows=1 width=76) (actual time=0.621..0.622 rows=1 loops=1)
         ->  Limit  (cost=165745.69..165745.69 rows=1 width=84) (actual time=0.616..0.617 rows=1 loops=1)
               ->  Sort  (cost=165745.69..165745.69 rows=1 width=84) (actual time=0.595..0.595 rows=1 loops=1)
                     Sort Key: (st_distance(st_transform(s_2904.the_geom, 25833), '0101000020E964000048A591AE0ADC2341E4BB26DB740E5741'::geometry))
                     Sort Method: top-N heapsort  Memory: 25kB
                     ->  Seq Scan on phoml_trajectory_tmp s_2904  (cost=0.00..165745.68 rows=1 width=84) (actual time=0.014..0.528 rows=476 loops=1)
                           Filter: ((unix_time >= '1685451323.538'::double precision) AND (unix_time <= '1685451383.538'::double precision) AND st_dwithin(st_transform(the_geom, 25833), '0101000020E964000048A591AE0ADC2341E4BB26DB740E5741'::geometry, '300'::double precision))
                           Rows Removed by Filter: 3184
   ->  Subquery Scan on "*SELECT* 2906"  (cost=165745.69..165745.70 rows=1 width=76) (actual time=0.589..0.591 rows=1 loops=1)
         ->  Limit  (cost=165745.69..165745.69 rows=1 width=84) (actual time=0.587..0.588 rows=1 loops=1)
               ->  Sort  (cost=165745.69..165745.69 rows=1 width=84) (actual time=0.584..0.585 rows=1 loops=1)
                     Sort Key: (st_distance(st_transform(s_2905.the_geom, 25833), '0101000020E96400007C4431A008DC2341DCBF05AF730E5741'::geometry))
                     Sort Method: top-N heapsort  Memory: 25kB
                     ->  Seq Scan on phoml_trajectory_tmp s_2905  (cost=0.00..165745.68 rows=1 width=84) (actual time=0.013..0.516 rows=476 loops=1)
                           Filter: ((unix_time >= '1685451324.018'::double precision) AND (unix_time <= '1685451384.018'::double precision) AND st_dwithin(st_transform(the_geom, 25833), '0101000020E96400007C4431A008DC2341DCBF05AF730E5741'::geometry, '300'::double precision))
                           Rows Removed by Filter: 3184
   ->  Subquery Scan on "*SELECT* 2907"  (cost=165745.69..165745.70 rows=1 width=76) (actual time=0.616..0.618 rows=1 loops=1)
         ->  Limit  (cost=165745.69..165745.69 rows=1 width=84) (actual time=0.613..0.614 rows=1 loops=1)
               ->  Sort  (cost=165745.69..165745.69 rows=1 width=84) (actual time=0.611..0.612 rows=1 loops=1)
                     Sort Key: (st_distance(st_transform(s_2906.the_geom, 25833), '0101000020E96400006AE4FBB206DC2341B1925B7B720E5741'::geometry))
                     Sort Method: top-N heapsort  Memory: 25kB
                     ->  Seq Scan on phoml_trajectory_tmp s_2906  (cost=0.00..165745.68 rows=1 width=84) (actual time=0.017..0.532 rows=480 loops=1)
                           Filter: ((unix_time >= '1685451324.485'::double precision) AND (unix_time <= '1685451384.485'::double precision) AND st_dwithin(st_transform(the_geom, 25833), '0101000020E96400006AE4FBB206DC2341B1925B7B720E5741'::geometry, '300'::double precision))
                           Rows Removed by Filter: 3180
   ->  Subquery Scan on "*SELECT* 2908"  (cost=165745.69..165745.70 rows=1 width=76) (actual time=0.586..0.587 rows=1 loops=1)
         ->  Limit  (cost=165745.69..165745.69 rows=1 width=84) (actual time=0.584..0.585 rows=1 loops=1)
               ->  Sort  (cost=165745.69..165745.69 rows=1 width=84) (actual time=0.582..0.582 rows=1 loops=1)
                     Sort Key: (st_distance(st_transform(s_2907.the_geom, 25833), '0101000020E964000038B6E43F04DC23410652AF43710E5741'::geometry))
                     Sort Method: top-N heapsort  Memory: 25kB
                     ->  Seq Scan on phoml_trajectory_tmp s_2907  (cost=0.00..165745.68 rows=1 width=84) (actual time=0.013..0.513 rows=483 loops=1)
                           Filter: ((unix_time >= '1685451324.985'::double precision) AND (unix_time <= '1685451384.985'::double precision) AND st_dwithin(st_transform(the_geom, 25833), '0101000020E964000038B6E43F04DC23410652AF43710E5741'::geometry, '300'::double precision))
                           Rows Removed by Filter: 3177
   ->  Subquery Scan on "*SELECT* 2909"  (cost=165745.69..165745.70 rows=1 width=76) (actual time=0.604..0.605 rows=1 loops=1)
         ->  Limit  (cost=165745.69..165745.69 rows=1 width=84) (actual time=0.601..0.602 rows=1 loops=1)
               ->  Sort  (cost=165745.69..165745.69 rows=1 width=84) (actual time=0.599..0.599 rows=1 loops=1)
                     Sort Key: (st_distance(st_transform(s_2908.the_geom, 25833), '0101000020E96400008DEDBE1102DC234113E8FB0F700E5741'::geometry))
                     Sort Method: top-N heapsort  Memory: 25kB
                     ->  Seq Scan on phoml_trajectory_tmp s_2908  (cost=0.00..165745.68 rows=1 width=84) (actual time=0.014..0.530 rows=484 loops=1)
                           Filter: ((unix_time >= '1685451325.46'::double precision) AND (unix_time <= '1685451385.46'::double precision) AND st_dwithin(st_transform(the_geom, 25833), '0101000020E96400008DEDBE1102DC234113E8FB0F700E5741'::geometry, '300'::double precision))
                           Rows Removed by Filter: 3176
   ->  Subquery Scan on "*SELECT* 2910"  (cost=165745.69..165745.70 rows=1 width=76) (actual time=0.597..0.598 rows=1 loops=1)
         ->  Limit  (cost=165745.69..165745.69 rows=1 width=84) (actual time=0.594..0.594 rows=1 loops=1)
               ->  Sort  (cost=165745.69..165745.69 rows=1 width=84) (actual time=0.592..0.592 rows=1 loops=1)
                     Sort Key: (st_distance(st_transform(s_2909.the_geom, 25833), '0101000020E9640000021CFC88FFDB2341B54821E26E0E5741'::geometry))
                     Sort Method: top-N heapsort  Memory: 25kB
                     ->  Seq Scan on phoml_trajectory_tmp s_2909  (cost=0.00..165745.68 rows=1 width=84) (actual time=0.013..0.522 rows=484 loops=1)
                           Filter: ((unix_time >= '1685451325.94'::double precision) AND (unix_time <= '1685451385.94'::double precision) AND st_dwithin(st_transform(the_geom, 25833), '0101000020E9640000021CFC88FFDB2341B54821E26E0E5741'::geometry, '300'::double precision))
                           Rows Removed by Filter: 3176
   ->  Subquery Scan on "*SELECT* 2911"  (cost=165745.69..165745.70 rows=1 width=76) (actual time=0.599..0.601 rows=1 loops=1)
         ->  Limit  (cost=165745.69..165745.69 rows=1 width=84) (actual time=0.597..0.598 rows=1 loops=1)
               ->  Sort  (cost=165745.69..165745.69 rows=1 width=84) (actual time=0.595..0.596 rows=1 loops=1)
                     Sort Key: (st_distance(st_transform(s_2910.the_geom, 25833), '0101000020E96400000863B470FCDB2341BBE70DC76D0E5741'::geometry))
                     Sort Method: top-N heapsort  Memory: 25kB
                     ->  Seq Scan on phoml_trajectory_tmp s_2910  (cost=0.00..165745.68 rows=1 width=84) (actual time=0.018..0.527 rows=488 loops=1)
                           Filter: ((unix_time >= '1685451326.412'::double precision) AND (unix_time <= '1685451386.412'::double precision) AND st_dwithin(st_transform(the_geom, 25833), '0101000020E96400000863B470FCDB2341BBE70DC76D0E5741'::geometry, '300'::double precision))
                           Rows Removed by Filter: 3172
   ->  Subquery Scan on "*SELECT* 2912"  (cost=165745.69..165745.70 rows=1 width=76) (actual time=0.618..0.619 rows=1 loops=1)
         ->  Limit  (cost=165745.69..165745.69 rows=1 width=84) (actual time=0.614..0.615 rows=1 loops=1)
               ->  Sort  (cost=165745.69..165745.69 rows=1 width=84) (actual time=0.612..0.612 rows=1 loops=1)
                     Sort Key: (st_distance(st_transform(s_2911.the_geom, 25833), '0101000020E96400005EF8E4A2F8DB2341B4204ABD6C0E5741'::geometry))
                     Sort Method: top-N heapsort  Memory: 25kB
                     ->  Seq Scan on phoml_trajectory_tmp s_2911  (cost=0.00..165745.68 rows=1 width=84) (actual time=0.014..0.542 rows=488 loops=1)
                           Filter: ((unix_time >= '1685451326.882'::double precision) AND (unix_time <= '1685451386.882'::double precision) AND st_dwithin(st_transform(the_geom, 25833), '0101000020E96400005EF8E4A2F8DB2341B4204ABD6C0E5741'::geometry, '300'::double precision))
                           Rows Removed by Filter: 3172
   ->  Subquery Scan on "*SELECT* 2913"  (cost=165745.69..165745.70 rows=1 width=76) (actual time=0.635..0.636 rows=1 loops=1)
         ->  Limit  (cost=165745.69..165745.69 rows=1 width=84) (actual time=0.630..0.631 rows=1 loops=1)
               ->  Sort  (cost=165745.69..165745.69 rows=1 width=84) (actual time=0.627..0.627 rows=1 loops=1)
                     Sort Key: (st_distance(st_transform(s_2912.the_geom, 25833), '0101000020E9640000CD377980F4DB23413C7820AD6B0E5741'::geometry))
                     Sort Method: top-N heapsort  Memory: 25kB
                     ->  Seq Scan on phoml_trajectory_tmp s_2912  (cost=0.00..165745.68 rows=1 width=84) (actual time=0.014..0.559 rows=488 loops=1)
                           Filter: ((unix_time >= '1685451327.359'::double precision) AND (unix_time <= '1685451387.359'::double precision) AND st_dwithin(st_transform(the_geom, 25833), '0101000020E9640000CD377980F4DB23413C7820AD6B0E5741'::geometry, '300'::double precision))
                           Rows Removed by Filter: 3172
   ->  Subquery Scan on "*SELECT* 2914"  (cost=165745.69..165745.70 rows=1 width=76) (actual time=0.632..0.633 rows=1 loops=1)
         ->  Limit  (cost=165745.69..165745.69 rows=1 width=84) (actual time=0.630..0.631 rows=1 loops=1)
               ->  Sort  (cost=165745.69..165745.69 rows=1 width=84) (actual time=0.628..0.628 rows=1 loops=1)
                     Sort Key: (st_distance(st_transform(s_2913.the_geom, 25833), '0101000020E9640000B2A6CA8CF0DB2341C72F6AA26A0E5741'::geometry))
                     Sort Method: top-N heapsort  Memory: 25kB
                     ->  Seq Scan on phoml_trajectory_tmp s_2913  (cost=0.00..165745.68 rows=1 width=84) (actual time=0.036..0.556 rows=492 loops=1)
                           Filter: ((unix_time >= '1685451327.819'::double precision) AND (unix_time <= '1685451387.819'::double precision) AND st_dwithin(st_transform(the_geom, 25833), '0101000020E9640000B2A6CA8CF0DB2341C72F6AA26A0E5741'::geometry, '300'::double precision))
                           Rows Removed by Filter: 3168
   ->  Subquery Scan on "*SELECT* 2915"  (cost=165745.69..165745.70 rows=1 width=76) (actual time=0.626..0.627 rows=1 loops=1)
         ->  Limit  (cost=165745.69..165745.69 rows=1 width=84) (actual time=0.623..0.624 rows=1 loops=1)
               ->  Sort  (cost=165745.69..165745.69 rows=1 width=84) (actual time=0.620..0.621 rows=1 loops=1)
                     Sort Key: (st_distance(st_transform(s_2914.the_geom, 25833), '0101000020E9640000CD76F5D2ECDB2341E4D9A18D690E5741'::geometry))
                     Sort Method: top-N heapsort  Memory: 25kB
                     ->  Seq Scan on phoml_trajectory_tmp s_2914  (cost=0.00..165745.68 rows=1 width=84) (actual time=0.018..0.550 rows=492 loops=1)
                           Filter: ((unix_time >= '1685451328.275'::double precision) AND (unix_time <= '1685451388.275'::double precision) AND st_dwithin(st_transform(the_geom, 25833), '0101000020E9640000CD76F5D2ECDB2341E4D9A18D690E5741'::geometry, '300'::double precision))
                           Rows Removed by Filter: 3168
   ->  Subquery Scan on "*SELECT* 2916"  (cost=165745.69..165745.70 rows=1 width=76) (actual time=0.605..0.606 rows=1 loops=1)
         ->  Limit  (cost=165745.69..165745.69 rows=1 width=84) (actual time=0.602..0.603 rows=1 loops=1)
               ->  Sort  (cost=165745.69..165745.69 rows=1 width=84) (actual time=0.600..0.601 rows=1 loops=1)
                     Sort Key: (st_distance(st_transform(s_2915.the_geom, 25833), '0101000020E96400006583C7CCE8DB2341A8412A75680E5741'::geometry))
                     Sort Method: top-N heapsort  Memory: 25kB
                     ->  Seq Scan on phoml_trajectory_tmp s_2915  (cost=0.00..165745.68 rows=1 width=84) (actual time=0.013..0.530 rows=497 loops=1)
                           Filter: ((unix_time >= '1685451328.735'::double precision) AND (unix_time <= '1685451388.735'::double precision) AND st_dwithin(st_transform(the_geom, 25833), '0101000020E96400006583C7CCE8DB2341A8412A75680E5741'::geometry, '300'::double precision))
                           Rows Removed by Filter: 3163
   ->  Subquery Scan on "*SELECT* 2917"  (cost=165745.69..165745.70 rows=1 width=76) (actual time=0.625..0.625 rows=1 loops=1)
         ->  Limit  (cost=165745.69..165745.69 rows=1 width=84) (actual time=0.621..0.621 rows=1 loops=1)
               ->  Sort  (cost=165745.69..165745.69 rows=1 width=84) (actual time=0.619..0.619 rows=1 loops=1)
                     Sort Key: (st_distance(st_transform(s_2916.the_geom, 25833), '0101000020E9640000C89234A6E4DB2341A6A0F169670E5741'::geometry))
                     Sort Method: top-N heapsort  Memory: 25kB
                     ->  Seq Scan on phoml_trajectory_tmp s_2916  (cost=0.00..165745.68 rows=1 width=84) (actual time=0.015..0.549 rows=498 loops=1)
                           Filter: ((unix_time >= '1685451329.171'::double precision) AND (unix_time <= '1685451389.171'::double precision) AND st_dwithin(st_transform(the_geom, 25833), '0101000020E9640000C89234A6E4DB2341A6A0F169670E5741'::geometry, '300'::double precision))
                           Rows Removed by Filter: 3162
   ->  Subquery Scan on "*SELECT* 2918"  (cost=165745.69..165745.70 rows=1 width=76) (actual time=0.640..0.641 rows=1 loops=1)
         ->  Limit  (cost=165745.69..165745.69 rows=1 width=84) (actual time=0.637..0.637 rows=1 loops=1)
               ->  Sort  (cost=165745.69..165745.69 rows=1 width=84) (actual time=0.634..0.635 rows=1 loops=1)
                     Sort Key: (st_distance(st_transform(s_2917.the_geom, 25833), '0101000020E96400007A31675EE0DB234142D3BE57660E5741'::geometry))
                     Sort Method: top-N heapsort  Memory: 25kB
                     ->  Seq Scan on phoml_trajectory_tmp s_2917  (cost=0.00..165745.68 rows=1 width=84) (actual time=0.013..0.563 rows=502 loops=1)
                           Filter: ((unix_time >= '1685451329.621'::double precision) AND (unix_time <= '1685451389.621'::double precision) AND st_dwithin(st_transform(the_geom, 25833), '0101000020E96400007A31675EE0DB234142D3BE57660E5741'::geometry, '300'::double precision))
                           Rows Removed by Filter: 3158
   ->  Subquery Scan on "*SELECT* 2919"  (cost=165745.69..165745.70 rows=1 width=76) (actual time=0.626..0.627 rows=1 loops=1)
         ->  Limit  (cost=165745.69..165745.69 rows=1 width=84) (actual time=0.624..0.625 rows=1 loops=1)
               ->  Sort  (cost=165745.69..165745.69 rows=1 width=84) (actual time=0.622..0.622 rows=1 loops=1)
                     Sort Key: (st_distance(st_transform(s_2918.the_geom, 25833), '0101000020E964000091FFB9CBDBDB23416EADF347650E5741'::geometry))
                     Sort Method: top-N heapsort  Memory: 25kB
                     ->  Seq Scan on phoml_trajectory_tmp s_2918  (cost=0.00..165745.68 rows=1 width=84) (actual time=0.019..0.550 rows=504 loops=1)
                           Filter: ((unix_time >= '1685451330.061'::double precision) AND (unix_time <= '1685451390.061'::double precision) AND st_dwithin(st_transform(the_geom, 25833), '0101000020E964000091FFB9CBDBDB23416EADF347650E5741'::geometry, '300'::double precision))
                           Rows Removed by Filter: 3156
   ->  Subquery Scan on "*SELECT* 2920"  (cost=165745.69..165745.70 rows=1 width=76) (actual time=0.638..0.639 rows=1 loops=1)
         ->  Limit  (cost=165745.69..165745.69 rows=1 width=84) (actual time=0.634..0.635 rows=1 loops=1)
               ->  Sort  (cost=165745.69..165745.69 rows=1 width=84) (actual time=0.632..0.633 rows=1 loops=1)
                     Sort Key: (st_distance(st_transform(s_2919.the_geom, 25833), '0101000020E9640000C0F22C64D7DB234179BB513A640E5741'::geometry))
                     Sort Method: top-N heapsort  Memory: 25kB
                     ->  Seq Scan on phoml_trajectory_tmp s_2919  (cost=0.00..165745.68 rows=1 width=84) (actual time=0.012..0.562 rows=504 loops=1)
                           Filter: ((unix_time >= '1685451330.495'::double precision) AND (unix_time <= '1685451390.495'::double precision) AND st_dwithin(st_transform(the_geom, 25833), '0101000020E9640000C0F22C64D7DB234179BB513A640E5741'::geometry, '300'::double precision))
                           Rows Removed by Filter: 3156
   ->  Subquery Scan on "*SELECT* 2921"  (cost=165745.69..165745.70 rows=1 width=76) (actual time=0.646..0.647 rows=1 loops=1)
         ->  Limit  (cost=165745.69..165745.69 rows=1 width=84) (actual time=0.643..0.643 rows=1 loops=1)
               ->  Sort  (cost=165745.69..165745.69 rows=1 width=84) (actual time=0.641..0.641 rows=1 loops=1)
                     Sort Key: (st_distance(st_transform(s_2920.the_geom, 25833), '0101000020E9640000A5BE993FD3DB23416C3FD22F630E5741'::geometry))
                     Sort Method: top-N heapsort  Memory: 25kB
                     ->  Seq Scan on phoml_trajectory_tmp s_2920  (cost=0.00..165745.68 rows=1 width=84) (actual time=0.017..0.567 rows=506 loops=1)
                           Filter: ((unix_time >= '1685451330.905'::double precision) AND (unix_time <= '1685451390.905'::double precision) AND st_dwithin(st_transform(the_geom, 25833), '0101000020E9640000A5BE993FD3DB23416C3FD22F630E5741'::geometry, '300'::double precision))
                           Rows Removed by Filter: 3154
   ->  Subquery Scan on "*SELECT* 2922"  (cost=165745.69..165745.70 rows=1 width=76) (actual time=0.617..0.618 rows=1 loops=1)
         ->  Limit  (cost=165745.69..165745.69 rows=1 width=84) (actual time=0.614..0.615 rows=1 loops=1)
               ->  Sort  (cost=165745.69..165745.69 rows=1 width=84) (actual time=0.612..0.613 rows=1 loops=1)
                     Sort Key: (st_distance(st_transform(s_2921.the_geom, 25833), '0101000020E964000020C9EF64CFDB23413075D008620E5741'::geometry))
                     Sort Method: top-N heapsort  Memory: 25kB
                     ->  Seq Scan on phoml_trajectory_tmp s_2921  (cost=0.00..165745.68 rows=1 width=84) (actual time=0.013..0.543 rows=506 loops=1)
                           Filter: ((unix_time >= '1685451331.333'::double precision) AND (unix_time <= '1685451391.333'::double precision) AND st_dwithin(st_transform(the_geom, 25833), '0101000020E964000020C9EF64CFDB23413075D008620E5741'::geometry, '300'::double precision))
                           Rows Removed by Filter: 3154
   ->  Subquery Scan on "*SELECT* 2923"  (cost=165745.69..165745.70 rows=1 width=76) (actual time=0.638..0.639 rows=1 loops=1)
         ->  Limit  (cost=165745.69..165745.69 rows=1 width=84) (actual time=0.635..0.636 rows=1 loops=1)
               ->  Sort  (cost=165745.69..165745.69 rows=1 width=84) (actual time=0.633..0.633 rows=1 loops=1)
                     Sort Key: (st_distance(st_transform(s_2922.the_geom, 25833), '0101000020E964000079E8B195CBDB2341A51C85DF600E5741'::geometry))
                     Sort Method: top-N heapsort  Memory: 25kB
                     ->  Seq Scan on phoml_trajectory_tmp s_2922  (cost=0.00..165745.68 rows=1 width=84) (actual time=0.016..0.550 rows=508 loops=1)
                           Filter: ((unix_time >= '1685451331.753'::double precision) AND (unix_time <= '1685451391.753'::double precision) AND st_dwithin(st_transform(the_geom, 25833), '0101000020E964000079E8B195CBDB2341A51C85DF600E5741'::geometry, '300'::double precision))
                           Rows Removed by Filter: 3152
   ->  Subquery Scan on "*SELECT* 2924"  (cost=165745.69..165745.70 rows=1 width=76) (actual time=0.635..0.636 rows=1 loops=1)
         ->  Limit  (cost=165745.69..165745.69 rows=1 width=84) (actual time=0.632..0.632 rows=1 loops=1)
               ->  Sort  (cost=165745.69..165745.69 rows=1 width=84) (actual time=0.629..0.630 rows=1 loops=1)
                     Sort Key: (st_distance(st_transform(s_2923.the_geom, 25833), '0101000020E96400007D224379C7DB2341EA7E36BC5F0E5741'::geometry))
                     Sort Method: top-N heapsort  Memory: 25kB
                     ->  Seq Scan on phoml_trajectory_tmp s_2923  (cost=0.00..165745.68 rows=1 width=84) (actual time=0.015..0.543 rows=504 loops=1)
                           Filter: ((unix_time >= '1685451332.167'::double precision) AND (unix_time <= '1685451392.167'::double precision) AND st_dwithin(st_transform(the_geom, 25833), '0101000020E96400007D224379C7DB2341EA7E36BC5F0E5741'::geometry, '300'::double precision))
                           Rows Removed by Filter: 3156
   ->  Subquery Scan on "*SELECT* 2925"  (cost=165745.69..165745.70 rows=1 width=76) (actual time=0.616..0.617 rows=1 loops=1)
         ->  Limit  (cost=165745.69..165745.69 rows=1 width=84) (actual time=0.614..0.614 rows=1 loops=1)
               ->  Sort  (cost=165745.69..165745.69 rows=1 width=84) (actual time=0.612..0.612 rows=1 loops=1)
                     Sort Key: (st_distance(st_transform(s_2924.the_geom, 25833), '0101000020E9640000F500C24BC3DB2341CFE2D78F5E0E5741'::geometry))
                     Sort Method: top-N heapsort  Memory: 25kB
                     ->  Seq Scan on phoml_trajectory_tmp s_2924  (cost=0.00..165745.68 rows=1 width=84) (actual time=0.015..0.538 rows=504 loops=1)
                           Filter: ((unix_time >= '1685451332.597'::double precision) AND (unix_time <= '1685451392.597'::double precision) AND st_dwithin(st_transform(the_geom, 25833), '0101000020E9640000F500C24BC3DB2341CFE2D78F5E0E5741'::geometry, '300'::double precision))
                           Rows Removed by Filter: 3156
   ->  Subquery Scan on "*SELECT* 2926"  (cost=165745.69..165745.70 rows=1 width=76) (actual time=0.629..0.630 rows=1 loops=1)
         ->  Limit  (cost=165745.69..165745.69 rows=1 width=84) (actual time=0.625..0.626 rows=1 loops=1)
               ->  Sort  (cost=165745.69..165745.69 rows=1 width=84) (actual time=0.623..0.624 rows=1 loops=1)
                     Sort Key: (st_distance(st_transform(s_2925.the_geom, 25833), '0101000020E9640000FEE05941BFDB234153E460765D0E5741'::geometry))
                     Sort Method: top-N heapsort  Memory: 25kB
                     ->  Seq Scan on phoml_trajectory_tmp s_2925  (cost=0.00..165745.68 rows=1 width=84) (actual time=0.014..0.552 rows=504 loops=1)
                           Filter: ((unix_time >= '1685451332.997'::double precision) AND (unix_time <= '1685451392.997'::double precision) AND st_dwithin(st_transform(the_geom, 25833), '0101000020E9640000FEE05941BFDB234153E460765D0E5741'::geometry, '300'::double precision))
                           Rows Removed by Filter: 3156
   ->  Subquery Scan on "*SELECT* 2927"  (cost=165745.69..165745.70 rows=1 width=76) (actual time=0.637..0.638 rows=1 loops=1)
         ->  Limit  (cost=165745.69..165745.69 rows=1 width=84) (actual time=0.634..0.634 rows=1 loops=1)
               ->  Sort  (cost=165745.69..165745.69 rows=1 width=84) (actual time=0.631..0.632 rows=1 loops=1)
                     Sort Key: (st_distance(st_transform(s_2926.the_geom, 25833), '0101000020E9640000EC245016BBDB23415B7885495C0E5741'::geometry))
                     Sort Method: top-N heapsort  Memory: 25kB
                     ->  Seq Scan on phoml_trajectory_tmp s_2926  (cost=0.00..165745.68 rows=1 width=84) (actual time=0.017..0.560 rows=504 loops=1)
                           Filter: ((unix_time >= '1685451333.404'::double precision) AND (unix_time <= '1685451393.404'::double precision) AND st_dwithin(st_transform(the_geom, 25833), '0101000020E9640000EC245016BBDB23415B7885495C0E5741'::geometry, '300'::double precision))
                           Rows Removed by Filter: 3156
   ->  Subquery Scan on "*SELECT* 2928"  (cost=165745.69..165745.70 rows=1 width=76) (actual time=0.611..0.612 rows=1 loops=1)
         ->  Limit  (cost=165745.69..165745.69 rows=1 width=84) (actual time=0.609..0.609 rows=1 loops=1)
               ->  Sort  (cost=165745.69..165745.69 rows=1 width=84) (actual time=0.607..0.607 rows=1 loops=1)
                     Sort Key: (st_distance(st_transform(s_2927.the_geom, 25833), '0101000020E9640000202EBC11B7DB2341C58C6A365B0E5741'::geometry))
                     Sort Method: top-N heapsort  Memory: 25kB
                     ->  Seq Scan on phoml_trajectory_tmp s_2927  (cost=0.00..165745.68 rows=1 width=84) (actual time=0.014..0.534 rows=504 loops=1)
                           Filter: ((unix_time >= '1685451333.794'::double precision) AND (unix_time <= '1685451393.794'::double precision) AND st_dwithin(st_transform(the_geom, 25833), '0101000020E9640000202EBC11B7DB2341C58C6A365B0E5741'::geometry, '300'::double precision))
                           Rows Removed by Filter: 3156
   ->  Subquery Scan on "*SELECT* 2929"  (cost=165745.69..165745.70 rows=1 width=76) (actual time=0.674..0.675 rows=1 loops=1)
         ->  Limit  (cost=165745.69..165745.69 rows=1 width=84) (actual time=0.671..0.671 rows=1 loops=1)
               ->  Sort  (cost=165745.69..165745.69 rows=1 width=84) (actual time=0.669..0.669 rows=1 loops=1)
                     Sort Key: (st_distance(st_transform(s_2928.the_geom, 25833), '0101000020E964000088F16AF4B2DB2341790CBF135A0E5741'::geometry))
                     Sort Method: top-N heapsort  Memory: 25kB
                     ->  Seq Scan on phoml_trajectory_tmp s_2928  (cost=0.00..165745.68 rows=1 width=84) (actual time=0.015..0.598 rows=504 loops=1)
                           Filter: ((unix_time >= '1685451334.199'::double precision) AND (unix_time <= '1685451394.199'::double precision) AND st_dwithin(st_transform(the_geom, 25833), '0101000020E964000088F16AF4B2DB2341790CBF135A0E5741'::geometry, '300'::double precision))
                           Rows Removed by Filter: 3156
   ->  Subquery Scan on "*SELECT* 2930"  (cost=165745.69..165745.70 rows=1 width=76) (actual time=0.703..0.704 rows=1 loops=1)
         ->  Limit  (cost=165745.69..165745.69 rows=1 width=84) (actual time=0.696..0.697 rows=1 loops=1)
               ->  Sort  (cost=165745.69..165745.69 rows=1 width=84) (actual time=0.693..0.694 rows=1 loops=1)
                     Sort Key: (st_distance(st_transform(s_2929.the_geom, 25833), '0101000020E9640000164D8EBEAEDB23414D96C8EF580E5741'::geometry))
                     Sort Method: top-N heapsort  Memory: 25kB
                     ->  Seq Scan on phoml_trajectory_tmp s_2929  (cost=0.00..165745.68 rows=1 width=84) (actual time=0.015..0.600 rows=504 loops=1)
                           Filter: ((unix_time >= '1685451334.579'::double precision) AND (unix_time <= '1685451394.579'::double precision) AND st_dwithin(st_transform(the_geom, 25833), '0101000020E9640000164D8EBEAEDB23414D96C8EF580E5741'::geometry, '300'::double precision))
                           Rows Removed by Filter: 3156
   ->  Subquery Scan on "*SELECT* 2931"  (cost=165745.69..165745.70 rows=1 width=76) (actual time=0.658..0.659 rows=1 loops=1)
         ->  Limit  (cost=165745.69..165745.69 rows=1 width=84) (actual time=0.656..0.656 rows=1 loops=1)
               ->  Sort  (cost=165745.69..165745.69 rows=1 width=84) (actual time=0.653..0.654 rows=1 loops=1)
                     Sort Key: (st_distance(st_transform(s_2930.the_geom, 25833), '0101000020E96400007A450B95AADB23415DAD88D7570E5741'::geometry))
                     Sort Method: top-N heapsort  Memory: 25kB
                     ->  Seq Scan on phoml_trajectory_tmp s_2930  (cost=0.00..165745.68 rows=1 width=84) (actual time=0.057..0.581 rows=500 loops=1)
                           Filter: ((unix_time >= '1685451334.959'::double precision) AND (unix_time <= '1685451394.959'::double precision) AND st_dwithin(st_transform(the_geom, 25833), '0101000020E96400007A450B95AADB23415DAD88D7570E5741'::geometry, '300'::double precision))
                           Rows Removed by Filter: 3160
   ->  Subquery Scan on "*SELECT* 2932"  (cost=165745.69..165745.70 rows=1 width=76) (actual time=0.621..0.622 rows=1 loops=1)
         ->  Limit  (cost=165745.69..165745.69 rows=1 width=84) (actual time=0.618..0.619 rows=1 loops=1)
               ->  Sort  (cost=165745.69..165745.69 rows=1 width=84) (actual time=0.616..0.616 rows=1 loops=1)
                     Sort Key: (st_distance(st_transform(s_2931.the_geom, 25833), '0101000020E96400003C754A7CA6DB2341BF0EE7AE560E5741'::geometry))
                     Sort Method: top-N heapsort  Memory: 25kB
                     ->  Seq Scan on phoml_trajectory_tmp s_2931  (cost=0.00..165745.68 rows=1 width=84) (actual time=0.015..0.546 rows=500 loops=1)
                           Filter: ((unix_time >= '1685451335.347'::double precision) AND (unix_time <= '1685451395.347'::double precision) AND st_dwithin(st_transform(the_geom, 25833), '0101000020E96400003C754A7CA6DB2341BF0EE7AE560E5741'::geometry, '300'::double precision))
                           Rows Removed by Filter: 3160
   ->  Subquery Scan on "*SELECT* 2933"  (cost=165745.69..165745.70 rows=1 width=76) (actual time=0.633..0.634 rows=1 loops=1)
         ->  Limit  (cost=165745.69..165745.69 rows=1 width=84) (actual time=0.629..0.630 rows=1 loops=1)
               ->  Sort  (cost=165745.69..165745.69 rows=1 width=84) (actual time=0.627..0.628 rows=1 loops=1)
                     Sort Key: (st_distance(st_transform(s_2932.the_geom, 25833), '0101000020E96400006D78F88AA2DB2341396F0080550E5741'::geometry))
                     Sort Method: top-N heapsort  Memory: 25kB
                     ->  Seq Scan on phoml_trajectory_tmp s_2932  (cost=0.00..165745.68 rows=1 width=84) (actual time=0.017..0.557 rows=500 loops=1)
                           Filter: ((unix_time >= '1685451335.737'::double precision) AND (unix_time <= '1685451395.737'::double precision) AND st_dwithin(st_transform(the_geom, 25833), '0101000020E96400006D78F88AA2DB2341396F0080550E5741'::geometry, '300'::double precision))
                           Rows Removed by Filter: 3160
   ->  Subquery Scan on "*SELECT* 2934"  (cost=165745.69..165745.70 rows=1 width=76) (actual time=0.618..0.619 rows=1 loops=1)
         ->  Limit  (cost=165745.69..165745.69 rows=1 width=84) (actual time=0.615..0.616 rows=1 loops=1)
               ->  Sort  (cost=165745.69..165745.69 rows=1 width=84) (actual time=0.613..0.613 rows=1 loops=1)
                     Sort Key: (st_distance(st_transform(s_2933.the_geom, 25833), '0101000020E9640000BD14CA979EDB2341FEC1935D540E5741'::geometry))
                     Sort Method: top-N heapsort  Memory: 25kB
                     ->  Seq Scan on phoml_trajectory_tmp s_2933  (cost=0.00..165745.68 rows=1 width=84) (actual time=0.017..0.543 rows=500 loops=1)
                           Filter: ((unix_time >= '1685451336.117'::double precision) AND (unix_time <= '1685451396.117'::double precision) AND st_dwithin(st_transform(the_geom, 25833), '0101000020E9640000BD14CA979EDB2341FEC1935D540E5741'::geometry, '300'::double precision))
                           Rows Removed by Filter: 3160
   ->  Subquery Scan on "*SELECT* 2935"  (cost=165745.69..165745.70 rows=1 width=76) (actual time=0.629..0.630 rows=1 loops=1)
         ->  Limit  (cost=165745.69..165745.69 rows=1 width=84) (actual time=0.625..0.626 rows=1 loops=1)
               ->  Sort  (cost=165745.69..165745.69 rows=1 width=84) (actual time=0.623..0.624 rows=1 loops=1)
                     Sort Key: (st_distance(st_transform(s_2934.the_geom, 25833), '0101000020E964000079C5B4739ADB234137772D37530E5741'::geometry))
                     Sort Method: top-N heapsort  Memory: 25kB
                     ->  Seq Scan on phoml_trajectory_tmp s_2934  (cost=0.00..165745.68 rows=1 width=84) (actual time=0.017..0.553 rows=500 loops=1)
                           Filter: ((unix_time >= '1685451336.503'::double precision) AND (unix_time <= '1685451396.503'::double precision) AND st_dwithin(st_transform(the_geom, 25833), '0101000020E964000079C5B4739ADB234137772D37530E5741'::geometry, '300'::double precision))
                           Rows Removed by Filter: 3160
   ->  Subquery Scan on "*SELECT* 2936"  (cost=165745.69..165745.70 rows=1 width=76) (actual time=0.611..0.612 rows=1 loops=1)
         ->  Limit  (cost=165745.69..165745.69 rows=1 width=84) (actual time=0.608..0.609 rows=1 loops=1)
               ->  Sort  (cost=165745.69..165745.69 rows=1 width=84) (actual time=0.607..0.607 rows=1 loops=1)
                     Sort Key: (st_distance(st_transform(s_2935.the_geom, 25833), '0101000020E96400005804F16A96DB23410F7FA517520E5741'::geometry))
                     Sort Method: top-N heapsort  Memory: 25kB
                     ->  Seq Scan on phoml_trajectory_tmp s_2935  (cost=0.00..165745.68 rows=1 width=84) (actual time=0.016..0.538 rows=500 loops=1)
                           Filter: ((unix_time >= '1685451336.873'::double precision) AND (unix_time <= '1685451396.873'::double precision) AND st_dwithin(st_transform(the_geom, 25833), '0101000020E96400005804F16A96DB23410F7FA517520E5741'::geometry, '300'::double precision))
                           Rows Removed by Filter: 3160
   ->  Subquery Scan on "*SELECT* 2937"  (cost=165745.69..165745.70 rows=1 width=76) (actual time=0.619..0.620 rows=1 loops=1)
         ->  Limit  (cost=165745.69..165745.69 rows=1 width=84) (actual time=0.616..0.617 rows=1 loops=1)
               ->  Sort  (cost=165745.69..165745.69 rows=1 width=84) (actual time=0.615..0.615 rows=1 loops=1)
                     Sort Key: (st_distance(st_transform(s_2936.the_geom, 25833), '0101000020E9640000BCFC434D92DB234168A9AEF0500E5741'::geometry))
                     Sort Method: top-N heapsort  Memory: 25kB
                     ->  Seq Scan on phoml_trajectory_tmp s_2936  (cost=0.00..165745.68 rows=1 width=84) (actual time=0.032..0.546 rows=496 loops=1)
                           Filter: ((unix_time >= '1685451337.253'::double precision) AND (unix_time <= '1685451397.253'::double precision) AND st_dwithin(st_transform(the_geom, 25833), '0101000020E9640000BCFC434D92DB234168A9AEF0500E5741'::geometry, '300'::double precision))
                           Rows Removed by Filter: 3164
   ->  Subquery Scan on "*SELECT* 2938"  (cost=165745.69..165745.70 rows=1 width=76) (actual time=0.626..0.627 rows=1 loops=1)
         ->  Limit  (cost=165745.69..165745.69 rows=1 width=84) (actual time=0.622..0.622 rows=1 loops=1)
               ->  Sort  (cost=165745.69..165745.69 rows=1 width=84) (actual time=0.620..0.620 rows=1 loops=1)
                     Sort Key: (st_distance(st_transform(s_2937.the_geom, 25833), '0101000020E9640000AB7599488EDB23419D1FC9D04F0E5741'::geometry))
                     Sort Method: top-N heapsort  Memory: 25kB
                     ->  Seq Scan on phoml_trajectory_tmp s_2937  (cost=0.00..165745.68 rows=1 width=84) (actual time=0.015..0.549 rows=496 loops=1)
                           Filter: ((unix_time >= '1685451337.623'::double precision) AND (unix_time <= '1685451397.623'::double precision) AND st_dwithin(st_transform(the_geom, 25833), '0101000020E9640000AB7599488EDB23419D1FC9D04F0E5741'::geometry, '300'::double precision))
                           Rows Removed by Filter: 3164
   ->  Subquery Scan on "*SELECT* 2939"  (cost=165745.69..165745.70 rows=1 width=76) (actual time=0.601..0.602 rows=1 loops=1)
         ->  Limit  (cost=165745.69..165745.69 rows=1 width=84) (actual time=0.599..0.600 rows=1 loops=1)
               ->  Sort  (cost=165745.69..165745.69 rows=1 width=84) (actual time=0.597..0.597 rows=1 loops=1)
                     Sort Key: (st_distance(st_transform(s_2938.the_geom, 25833), '0101000020E96400003092DE118ADB234143A89AA84E0E5741'::geometry))
                     Sort Method: top-N heapsort  Memory: 25kB
                     ->  Seq Scan on phoml_trajectory_tmp s_2938  (cost=0.00..165745.68 rows=1 width=84) (actual time=0.018..0.530 rows=492 loops=1)
                           Filter: ((unix_time >= '1685451338.003'::double precision) AND (unix_time <= '1685451398.003'::double precision) AND st_dwithin(st_transform(the_geom, 25833), '0101000020E96400003092DE118ADB234143A89AA84E0E5741'::geometry, '300'::double precision))
                           Rows Removed by Filter: 3168
   ->  Subquery Scan on "*SELECT* 2940"  (cost=165745.69..165745.70 rows=1 width=76) (actual time=0.651..0.652 rows=1 loops=1)
         ->  Limit  (cost=165745.69..165745.69 rows=1 width=84) (actual time=0.648..0.649 rows=1 loops=1)
               ->  Sort  (cost=165745.69..165745.69 rows=1 width=84) (actual time=0.646..0.647 rows=1 loops=1)
                     Sort Key: (st_distance(st_transform(s_2939.the_geom, 25833), '0101000020E96400000DB3630A86DB2341211DE58E4D0E5741'::geometry))
                     Sort Method: top-N heapsort  Memory: 25kB
                     ->  Seq Scan on phoml_trajectory_tmp s_2939  (cost=0.00..165745.68 rows=1 width=84) (actual time=0.016..0.577 rows=488 loops=1)
                           Filter: ((unix_time >= '1685451338.37'::double precision) AND (unix_time <= '1685451398.37'::double precision) AND st_dwithin(st_transform(the_geom, 25833), '0101000020E96400000DB3630A86DB2341211DE58E4D0E5741'::geometry, '300'::double precision))
                           Rows Removed by Filter: 3172
   ->  Subquery Scan on "*SELECT* 2941"  (cost=165745.69..165745.70 rows=1 width=76) (actual time=0.620..0.621 rows=1 loops=1)
         ->  Limit  (cost=165745.69..165745.69 rows=1 width=84) (actual time=0.616..0.617 rows=1 loops=1)
               ->  Sort  (cost=165745.69..165745.69 rows=1 width=84) (actual time=0.614..0.614 rows=1 loops=1)
                     Sort Key: (st_distance(st_transform(s_2940.the_geom, 25833), '0101000020E96400009BA2CED381DB23415DF2C66B4C0E5741'::geometry))
                     Sort Method: top-N heapsort  Memory: 25kB
                     ->  Seq Scan on phoml_trajectory_tmp s_2940  (cost=0.00..165745.68 rows=1 width=84) (actual time=0.021..0.546 rows=488 loops=1)
                           Filter: ((unix_time >= '1685451338.74'::double precision) AND (unix_time <= '1685451398.74'::double precision) AND st_dwithin(st_transform(the_geom, 25833), '0101000020E96400009BA2CED381DB23415DF2C66B4C0E5741'::geometry, '300'::double precision))
                           Rows Removed by Filter: 3172
   ->  Subquery Scan on "*SELECT* 2942"  (cost=165745.69..165745.70 rows=1 width=76) (actual time=0.610..0.612 rows=1 loops=1)
         ->  Limit  (cost=165745.69..165745.69 rows=1 width=84) (actual time=0.608..0.610 rows=1 loops=1)
               ->  Sort  (cost=165745.69..165745.69 rows=1 width=84) (actual time=0.606..0.607 rows=1 loops=1)
                     Sort Key: (st_distance(st_transform(s_2941.the_geom, 25833), '0101000020E964000075CC117F7DDB23413A4C5C464B0E5741'::geometry))
                     Sort Method: top-N heapsort  Memory: 25kB
                     ->  Seq Scan on phoml_trajectory_tmp s_2941  (cost=0.00..165745.68 rows=1 width=84) (actual time=0.018..0.538 rows=484 loops=1)
                           Filter: ((unix_time >= '1685451339.12'::double precision) AND (unix_time <= '1685451399.12'::double precision) AND st_dwithin(st_transform(the_geom, 25833), '0101000020E964000075CC117F7DDB23413A4C5C464B0E5741'::geometry, '300'::double precision))
                           Rows Removed by Filter: 3176
   ->  Subquery Scan on "*SELECT* 2943"  (cost=165745.69..165745.70 rows=1 width=76) (actual time=0.617..0.618 rows=1 loops=1)
         ->  Limit  (cost=165745.69..165745.69 rows=1 width=84) (actual time=0.614..0.615 rows=1 loops=1)
               ->  Sort  (cost=165745.69..165745.69 rows=1 width=84) (actual time=0.612..0.613 rows=1 loops=1)
                     Sort Key: (st_distance(st_transform(s_2942.the_geom, 25833), '0101000020E96400004B9A873879DB2341D06E332C4A0E5741'::geometry))
                     Sort Method: top-N heapsort  Memory: 25kB
                     ->  Seq Scan on phoml_trajectory_tmp s_2942  (cost=0.00..165745.68 rows=1 width=84) (actual time=0.018..0.546 rows=484 loops=1)
                           Filter: ((unix_time >= '1685451339.493'::double precision) AND (unix_time <= '1685451399.493'::double precision) AND st_dwithin(st_transform(the_geom, 25833), '0101000020E96400004B9A873879DB2341D06E332C4A0E5741'::geometry, '300'::double precision))
                           Rows Removed by Filter: 3176
   ->  Subquery Scan on "*SELECT* 2944"  (cost=165745.69..165745.70 rows=1 width=76) (actual time=0.614..0.615 rows=1 loops=1)
         ->  Limit  (cost=165745.69..165745.69 rows=1 width=84) (actual time=0.610..0.611 rows=1 loops=1)
               ->  Sort  (cost=165745.69..165745.69 rows=1 width=84) (actual time=0.608..0.608 rows=1 loops=1)
                     Sort Key: (st_distance(st_transform(s_2943.the_geom, 25833), '0101000020E96400009A14A10275DB23411272370F490E5741'::geometry))
                     Sort Method: top-N heapsort  Memory: 25kB
                     ->  Seq Scan on phoml_trajectory_tmp s_2943  (cost=0.00..165745.68 rows=1 width=84) (actual time=0.018..0.532 rows=484 loops=1)
                           Filter: ((unix_time >= '1685451339.863'::double precision) AND (unix_time <= '1685451399.863'::double precision) AND st_dwithin(st_transform(the_geom, 25833), '0101000020E96400009A14A10275DB23411272370F490E5741'::geometry, '300'::double precision))
                           Rows Removed by Filter: 3176
   ->  Subquery Scan on "*SELECT* 2945"  (cost=165745.69..165745.70 rows=1 width=76) (actual time=0.594..0.595 rows=1 loops=1)
         ->  Limit  (cost=165745.69..165745.69 rows=1 width=84) (actual time=0.591..0.592 rows=1 loops=1)
               ->  Sort  (cost=165745.69..165745.69 rows=1 width=84) (actual time=0.589..0.590 rows=1 loops=1)
                     Sort Key: (st_distance(st_transform(s_2944.the_geom, 25833), '0101000020E96400008251039870DB23415A939BE8470E5741'::geometry))
                     Sort Method: top-N heapsort  Memory: 25kB
                     ->  Seq Scan on phoml_trajectory_tmp s_2944  (cost=0.00..165745.68 rows=1 width=84) (actual time=0.019..0.523 rows=480 loops=1)
                           Filter: ((unix_time >= '1685451340.255'::double precision) AND (unix_time <= '1685451400.255'::double precision) AND st_dwithin(st_transform(the_geom, 25833), '0101000020E96400008251039870DB23415A939BE8470E5741'::geometry, '300'::double precision))
                           Rows Removed by Filter: 3180
   ->  Subquery Scan on "*SELECT* 2946"  (cost=165745.69..165745.70 rows=1 width=76) (actual time=0.614..0.615 rows=1 loops=1)
         ->  Limit  (cost=165745.69..165745.69 rows=1 width=84) (actual time=0.610..0.611 rows=1 loops=1)
               ->  Sort  (cost=165745.69..165745.69 rows=1 width=84) (actual time=0.608..0.608 rows=1 loops=1)
                     Sort Key: (st_distance(st_transform(s_2945.the_geom, 25833), '0101000020E96400000E91608E6CDB2341F7E51CC6460E5741'::geometry))
                     Sort Method: top-N heapsort  Memory: 25kB
                     ->  Seq Scan on phoml_trajectory_tmp s_2945  (cost=0.00..165745.68 rows=1 width=84) (actual time=0.018..0.543 rows=480 loops=1)
                           Filter: ((unix_time >= '1685451340.635'::double precision) AND (unix_time <= '1685451400.635'::double precision) AND st_dwithin(st_transform(the_geom, 25833), '0101000020E96400000E91608E6CDB2341F7E51CC6460E5741'::geometry, '300'::double precision))
                           Rows Removed by Filter: 3180
   ->  Subquery Scan on "*SELECT* 2947"  (cost=165745.69..165745.70 rows=1 width=76) (actual time=0.600..0.601 rows=1 loops=1)
         ->  Limit  (cost=165745.69..165745.69 rows=1 width=84) (actual time=0.598..0.598 rows=1 loops=1)
               ->  Sort  (cost=165745.69..165745.69 rows=1 width=84) (actual time=0.596..0.596 rows=1 loops=1)
                     Sort Key: (st_distance(st_transform(s_2946.the_geom, 25833), '0101000020E96400006119668468DB234166DA9E94450E5741'::geometry))
                     Sort Method: top-N heapsort  Memory: 25kB
                     ->  Seq Scan on phoml_trajectory_tmp s_2946  (cost=0.00..165745.68 rows=1 width=84) (actual time=0.020..0.529 rows=472 loops=1)
                           Filter: ((unix_time >= '1685451341.035'::double precision) AND (unix_time <= '1685451401.035'::double precision) AND st_dwithin(st_transform(the_geom, 25833), '0101000020E96400006119668468DB234166DA9E94450E5741'::geometry, '300'::double precision))
                           Rows Removed by Filter: 3188
   ->  Subquery Scan on "*SELECT* 2948"  (cost=165745.69..165745.70 rows=1 width=76) (actual time=0.663..0.665 rows=1 loops=1)
         ->  Limit  (cost=165745.69..165745.69 rows=1 width=84) (actual time=0.659..0.660 rows=1 loops=1)
               ->  Sort  (cost=165745.69..165745.69 rows=1 width=84) (actual time=0.657..0.657 rows=1 loops=1)
                     Sort Key: (st_distance(st_transform(s_2947.the_geom, 25833), '0101000020E9640000A2A5BAAA64DB2341E6717369440E5741'::geometry))
                     Sort Method: top-N heapsort  Memory: 25kB
                     ->  Seq Scan on phoml_trajectory_tmp s_2947  (cost=0.00..165745.68 rows=1 width=84) (actual time=0.017..0.586 rows=472 loops=1)
                           Filter: ((unix_time >= '1685451341.427'::double precision) AND (unix_time <= '1685451401.427'::double precision) AND st_dwithin(st_transform(the_geom, 25833), '0101000020E9640000A2A5BAAA64DB2341E6717369440E5741'::geometry, '300'::double precision))
                           Rows Removed by Filter: 3188
   ->  Subquery Scan on "*SELECT* 2949"  (cost=165745.69..165745.70 rows=1 width=76) (actual time=0.606..0.607 rows=1 loops=1)
         ->  Limit  (cost=165745.69..165745.69 rows=1 width=84) (actual time=0.602..0.603 rows=1 loops=1)
               ->  Sort  (cost=165745.69..165745.69 rows=1 width=84) (actual time=0.600..0.601 rows=1 loops=1)
                     Sort Key: (st_distance(st_transform(s_2948.the_geom, 25833), '0101000020E9640000FE268DDF60DB234185186E3A430E5741'::geometry))
                     Sort Method: top-N heapsort  Memory: 25kB
                     ->  Seq Scan on phoml_trajectory_tmp s_2948  (cost=0.00..165745.68 rows=1 width=84) (actual time=0.022..0.534 rows=472 loops=1)
                           Filter: ((unix_time >= '1685451341.837'::double precision) AND (unix_time <= '1685451401.837'::double precision) AND st_dwithin(st_transform(the_geom, 25833), '0101000020E9640000FE268DDF60DB234185186E3A430E5741'::geometry, '300'::double precision))
                           Rows Removed by Filter: 3188
   ->  Subquery Scan on "*SELECT* 2950"  (cost=165745.69..165745.70 rows=1 width=76) (actual time=0.592..0.593 rows=1 loops=1)
         ->  Limit  (cost=165745.69..165745.69 rows=1 width=84) (actual time=0.590..0.591 rows=1 loops=1)
               ->  Sort  (cost=165745.69..165745.69 rows=1 width=84) (actual time=0.588..0.588 rows=1 loops=1)
                     Sort Key: (st_distance(st_transform(s_2949.the_geom, 25833), '0101000020E964000090F274085DDB2341472CBC07420E5741'::geometry))
                     Sort Method: top-N heapsort  Memory: 25kB
                     ->  Seq Scan on phoml_trajectory_tmp s_2949  (cost=0.00..165745.68 rows=1 width=84) (actual time=0.021..0.524 rows=468 loops=1)
                           Filter: ((unix_time >= '1685451342.269'::double precision) AND (unix_time <= '1685451402.269'::double precision) AND st_dwithin(st_transform(the_geom, 25833), '0101000020E964000090F274085DDB2341472CBC07420E5741'::geometry, '300'::double precision))
                           Rows Removed by Filter: 3192
   ->  Subquery Scan on "*SELECT* 2951"  (cost=165745.69..165745.70 rows=1 width=76) (actual time=0.611..0.612 rows=1 loops=1)
         ->  Limit  (cost=165745.69..165745.69 rows=1 width=84) (actual time=0.607..0.608 rows=1 loops=1)
               ->  Sort  (cost=165745.69..165745.69 rows=1 width=84) (actual time=0.605..0.605 rows=1 loops=1)
                     Sort Key: (st_distance(st_transform(s_2950.the_geom, 25833), '0101000020E9640000C9878C3C59DB2341F16AC0D7400E5741'::geometry))
                     Sort Method: top-N heapsort  Memory: 25kB
                     ->  Seq Scan on phoml_trajectory_tmp s_2950  (cost=0.00..165745.68 rows=1 width=84) (actual time=0.020..0.539 rows=468 loops=1)
                           Filter: ((unix_time >= '1685451342.709'::double precision) AND (unix_time <= '1685451402.709'::double precision) AND st_dwithin(st_transform(the_geom, 25833), '0101000020E9640000C9878C3C59DB2341F16AC0D7400E5741'::geometry, '300'::double precision))
                           Rows Removed by Filter: 3192
   ->  Subquery Scan on "*SELECT* 2952"  (cost=165745.69..165745.70 rows=1 width=76) (actual time=0.603..0.604 rows=1 loops=1)
         ->  Limit  (cost=165745.69..165745.69 rows=1 width=84) (actual time=0.600..0.600 rows=1 loops=1)
               ->  Sort  (cost=165745.69..165745.69 rows=1 width=84) (actual time=0.598..0.598 rows=1 loops=1)
                     Sort Key: (st_distance(st_transform(s_2951.the_geom, 25833), '0101000020E96400004F65240E56DB2341C57D1C9D3F0E5741'::geometry))
                     Sort Method: top-N heapsort  Memory: 25kB
                     ->  Seq Scan on phoml_trajectory_tmp s_2951  (cost=0.00..165745.68 rows=1 width=84) (actual time=0.018..0.535 rows=464 loops=1)
                           Filter: ((unix_time >= '1685451343.141'::double precision) AND (unix_time <= '1685451403.141'::double precision) AND st_dwithin(st_transform(the_geom, 25833), '0101000020E96400004F65240E56DB2341C57D1C9D3F0E5741'::geometry, '300'::double precision))
                           Rows Removed by Filter: 3196
   ->  Subquery Scan on "*SELECT* 2953"  (cost=165745.69..165745.70 rows=1 width=76) (actual time=0.595..0.596 rows=1 loops=1)
         ->  Limit  (cost=165745.69..165745.69 rows=1 width=84) (actual time=0.593..0.593 rows=1 loops=1)
               ->  Sort  (cost=165745.69..165745.69 rows=1 width=84) (actual time=0.590..0.590 rows=1 loops=1)
                     Sort Key: (st_distance(st_transform(s_2952.the_geom, 25833), '0101000020E964000007346AB154DB2341782315183E0E5741'::geometry))
                     Sort Method: top-N heapsort  Memory: 25kB
                     ->  Seq Scan on phoml_trajectory_tmp s_2952  (cost=0.00..165745.68 rows=1 width=84) (actual time=0.020..0.525 rows=464 loops=1)
                           Filter: ((unix_time >= '1685451343.611'::double precision) AND (unix_time <= '1685451403.611'::double precision) AND st_dwithin(st_transform(the_geom, 25833), '0101000020E964000007346AB154DB2341782315183E0E5741'::geometry, '300'::double precision))
                           Rows Removed by Filter: 3196
   ->  Subquery Scan on "*SELECT* 2954"  (cost=165745.69..165745.70 rows=1 width=76) (actual time=0.618..0.619 rows=1 loops=1)
         ->  Limit  (cost=165745.69..165745.69 rows=1 width=84) (actual time=0.615..0.615 rows=1 loops=1)
               ->  Sort  (cost=165745.69..165745.69 rows=1 width=84) (actual time=0.613..0.613 rows=1 loops=1)
                     Sort Key: (st_distance(st_transform(s_2953.the_geom, 25833), '0101000020E9640000B84AF6A355DB23410441B1633C0E5741'::geometry))
                     Sort Method: top-N heapsort  Memory: 25kB
                     ->  Seq Scan on phoml_trajectory_tmp s_2953  (cost=0.00..165745.68 rows=1 width=84) (actual time=0.022..0.548 rows=460 loops=1)
                           Filter: ((unix_time >= '1685451344.081'::double precision) AND (unix_time <= '1685451404.081'::double precision) AND st_dwithin(st_transform(the_geom, 25833), '0101000020E9640000B84AF6A355DB23410441B1633C0E5741'::geometry, '300'::double precision))
                           Rows Removed by Filter: 3200
   ->  Subquery Scan on "*SELECT* 2955"  (cost=165745.69..165745.70 rows=1 width=76) (actual time=0.595..0.596 rows=1 loops=1)
         ->  Limit  (cost=165745.69..165745.69 rows=1 width=84) (actual time=0.593..0.594 rows=1 loops=1)
               ->  Sort  (cost=165745.69..165745.69 rows=1 width=84) (actual time=0.591..0.591 rows=1 loops=1)
                     Sort Key: (st_distance(st_transform(s_2954.the_geom, 25833), '0101000020E964000056CF98C658DB23410E2ACE9A3A0E5741'::geometry))
                     Sort Method: top-N heapsort  Memory: 25kB
                     ->  Seq Scan on phoml_trajectory_tmp s_2954  (cost=0.00..165745.68 rows=1 width=84) (actual time=0.020..0.526 rows=464 loops=1)
                           Filter: ((unix_time >= '1685451344.567'::double precision) AND (unix_time <= '1685451404.567'::double precision) AND st_dwithin(st_transform(the_geom, 25833), '0101000020E964000056CF98C658DB23410E2ACE9A3A0E5741'::geometry, '300'::double precision))
                           Rows Removed by Filter: 3196
   ->  Subquery Scan on "*SELECT* 2956"  (cost=165745.69..165745.70 rows=1 width=76) (actual time=0.617..0.618 rows=1 loops=1)
         ->  Limit  (cost=165745.69..165745.69 rows=1 width=84) (actual time=0.614..0.615 rows=1 loops=1)
               ->  Sort  (cost=165745.69..165745.69 rows=1 width=84) (actual time=0.612..0.613 rows=1 loops=1)
                     Sort Key: (st_distance(st_transform(s_2955.the_geom, 25833), '0101000020E9640000EB749C9F5EDB2341CFFC94B9380E5741'::geometry))
                     Sort Method: top-N heapsort  Memory: 25kB
                     ->  Seq Scan on phoml_trajectory_tmp s_2955  (cost=0.00..165745.68 rows=1 width=84) (actual time=0.018..0.547 rows=468 loops=1)
                           Filter: ((unix_time >= '1685451345.067'::double precision) AND (unix_time <= '1685451405.067'::double precision) AND st_dwithin(st_transform(the_geom, 25833), '0101000020E9640000EB749C9F5EDB2341CFFC94B9380E5741'::geometry, '300'::double precision))
                           Rows Removed by Filter: 3192
   ->  Subquery Scan on "*SELECT* 2957"  (cost=165745.69..165745.70 rows=1 width=76) (actual time=0.656..0.657 rows=1 loops=1)
         ->  Limit  (cost=165745.69..165745.69 rows=1 width=84) (actual time=0.652..0.653 rows=1 loops=1)
               ->  Sort  (cost=165745.69..165745.69 rows=1 width=84) (actual time=0.650..0.650 rows=1 loops=1)
                     Sort Key: (st_distance(st_transform(s_2956.the_geom, 25833), '0101000020E964000041A8CCDB67DB234168C7F6E2360E5741'::geometry))
                     Sort Method: top-N heapsort  Memory: 25kB
                     ->  Seq Scan on phoml_trajectory_tmp s_2956  (cost=0.00..165745.68 rows=1 width=84) (actual time=0.026..0.583 rows=468 loops=1)
                           Filter: ((unix_time >= '1685451345.578'::double precision) AND (unix_time <= '1685451405.578'::double precision) AND st_dwithin(st_transform(the_geom, 25833), '0101000020E964000041A8CCDB67DB234168C7F6E2360E5741'::geometry, '300'::double precision))
                           Rows Removed by Filter: 3192
   ->  Subquery Scan on "*SELECT* 2958"  (cost=165745.69..165745.70 rows=1 width=76) (actual time=0.600..0.601 rows=1 loops=1)
         ->  Limit  (cost=165745.69..165745.69 rows=1 width=84) (actual time=0.598..0.599 rows=1 loops=1)
               ->  Sort  (cost=165745.69..165745.69 rows=1 width=84) (actual time=0.596..0.596 rows=1 loops=1)
                     Sort Key: (st_distance(st_transform(s_2957.the_geom, 25833), '0101000020E96400005AE6BFD772DB2341C56B802E350E5741'::geometry))
                     Sort Method: top-N heapsort  Memory: 25kB
                     ->  Seq Scan on phoml_trajectory_tmp s_2957  (cost=0.00..165745.68 rows=1 width=84) (actual time=0.023..0.531 rows=472 loops=1)
                           Filter: ((unix_time >= '1685451346.118'::double precision) AND (unix_time <= '1685451406.118'::double precision) AND st_dwithin(st_transform(the_geom, 25833), '0101000020E96400005AE6BFD772DB2341C56B802E350E5741'::geometry, '300'::double precision))
                           Rows Removed by Filter: 3188
   ->  Subquery Scan on "*SELECT* 2959"  (cost=165745.69..165745.70 rows=1 width=76) (actual time=0.615..0.616 rows=1 loops=1)
         ->  Limit  (cost=165745.69..165745.69 rows=1 width=84) (actual time=0.611..0.612 rows=1 loops=1)
               ->  Sort  (cost=165745.69..165745.69 rows=1 width=84) (actual time=0.609..0.609 rows=1 loops=1)
                     Sort Key: (st_distance(st_transform(s_2958.the_geom, 25833), '0101000020E96400004E23F7FB7DDB23417E9EDDBF330E5741'::geometry))
                     Sort Method: top-N heapsort  Memory: 25kB
                     ->  Seq Scan on phoml_trajectory_tmp s_2958  (cost=0.00..165745.68 rows=1 width=84) (actual time=0.020..0.545 rows=472 loops=1)
                           Filter: ((unix_time >= '1685451346.639'::double precision) AND (unix_time <= '1685451406.639'::double precision) AND st_dwithin(st_transform(the_geom, 25833), '0101000020E96400004E23F7FB7DDB23417E9EDDBF330E5741'::geometry, '300'::double precision))
                           Rows Removed by Filter: 3188
   ->  Subquery Scan on "*SELECT* 2960"  (cost=165745.69..165745.70 rows=1 width=76) (actual time=0.623..0.624 rows=1 loops=1)
         ->  Limit  (cost=165745.69..165745.69 rows=1 width=84) (actual time=0.619..0.620 rows=1 loops=1)
               ->  Sort  (cost=165745.69..165745.69 rows=1 width=84) (actual time=0.617..0.617 rows=1 loops=1)
                     Sort Key: (st_distance(st_transform(s_2959.the_geom, 25833), '0101000020E964000057703C8489DB2341E09B767B320E5741'::geometry))
                     Sort Method: top-N heapsort  Memory: 25kB
                     ->  Seq Scan on phoml_trajectory_tmp s_2959  (cost=0.00..165745.68 rows=1 width=84) (actual time=0.019..0.552 rows=480 loops=1)
                           Filter: ((unix_time >= '1685451347.143'::double precision) AND (unix_time <= '1685451407.143'::double precision) AND st_dwithin(st_transform(the_geom, 25833), '0101000020E964000057703C8489DB2341E09B767B320E5741'::geometry, '300'::double precision))
                           Rows Removed by Filter: 3180
   ->  Subquery Scan on "*SELECT* 2961"  (cost=165745.69..165745.70 rows=1 width=76) (actual time=0.615..0.616 rows=1 loops=1)
         ->  Limit  (cost=165745.69..165745.69 rows=1 width=84) (actual time=0.612..0.613 rows=1 loops=1)
               ->  Sort  (cost=165745.69..165745.69 rows=1 width=84) (actual time=0.610..0.611 rows=1 loops=1)
                     Sort Key: (st_distance(st_transform(s_2960.the_geom, 25833), '0101000020E9640000D287ACB693DB2341504A5A50310E5741'::geometry))
                     Sort Method: top-N heapsort  Memory: 25kB
                     ->  Seq Scan on phoml_trajectory_tmp s_2960  (cost=0.00..165745.68 rows=1 width=84) (actual time=0.023..0.542 rows=480 loops=1)
                           Filter: ((unix_time >= '1685451347.663'::double precision) AND (unix_time <= '1685451407.663'::double precision) AND st_dwithin(st_transform(the_geom, 25833), '0101000020E9640000D287ACB693DB2341504A5A50310E5741'::geometry, '300'::double precision))
                           Rows Removed by Filter: 3180
   ->  Subquery Scan on "*SELECT* 2962"  (cost=165745.69..165745.70 rows=1 width=76) (actual time=0.627..0.628 rows=1 loops=1)
         ->  Limit  (cost=165745.69..165745.69 rows=1 width=84) (actual time=0.624..0.624 rows=1 loops=1)
               ->  Sort  (cost=165745.69..165745.69 rows=1 width=84) (actual time=0.622..0.622 rows=1 loops=1)
                     Sort Key: (st_distance(st_transform(s_2961.the_geom, 25833), '0101000020E9640000A6C1D8699DDB234174C24746300E5741'::geometry))
                     Sort Method: top-N heapsort  Memory: 25kB
                     ->  Seq Scan on phoml_trajectory_tmp s_2961  (cost=0.00..165745.68 rows=1 width=84) (actual time=0.020..0.543 rows=488 loops=1)
                           Filter: ((unix_time >= '1685451348.177'::double precision) AND (unix_time <= '1685451408.177'::double precision) AND st_dwithin(st_transform(the_geom, 25833), '0101000020E9640000A6C1D8699DDB234174C24746300E5741'::geometry, '300'::double precision))
                           Rows Removed by Filter: 3172
   ->  Subquery Scan on "*SELECT* 2963"  (cost=165745.69..165745.70 rows=1 width=76) (actual time=0.622..0.623 rows=1 loops=1)
         ->  Limit  (cost=165745.69..165745.69 rows=1 width=84) (actual time=0.619..0.620 rows=1 loops=1)
               ->  Sort  (cost=165745.69..165745.69 rows=1 width=84) (actual time=0.617..0.617 rows=1 loops=1)
                     Sort Key: (st_distance(st_transform(s_2962.the_geom, 25833), '0101000020E9640000337D54B6A5DB2341E6015C462F0E5741'::geometry))
                     Sort Method: top-N heapsort  Memory: 25kB
                     ->  Seq Scan on phoml_trajectory_tmp s_2962  (cost=0.00..165745.68 rows=1 width=84) (actual time=0.020..0.551 rows=488 loops=1)
                           Filter: ((unix_time >= '1685451348.647'::double precision) AND (unix_time <= '1685451408.647'::double precision) AND st_dwithin(st_transform(the_geom, 25833), '0101000020E9640000337D54B6A5DB2341E6015C462F0E5741'::geometry, '300'::double precision))
                           Rows Removed by Filter: 3172
   ->  Subquery Scan on "*SELECT* 2964"  (cost=165745.69..165745.70 rows=1 width=76) (actual time=0.621..0.622 rows=1 loops=1)
         ->  Limit  (cost=165745.69..165745.69 rows=1 width=84) (actual time=0.619..0.620 rows=1 loops=1)
               ->  Sort  (cost=165745.69..165745.69 rows=1 width=84) (actual time=0.617..0.617 rows=1 loops=1)
                     Sort Key: (st_distance(st_transform(s_2963.the_geom, 25833), '0101000020E9640000E057A9FCACDB2341C9BE9A432E0E5741'::geometry))
                     Sort Method: top-N heapsort  Memory: 25kB
                     ->  Seq Scan on phoml_trajectory_tmp s_2963  (cost=0.00..165745.68 rows=1 width=84) (actual time=0.023..0.549 rows=488 loops=1)
                           Filter: ((unix_time >= '1685451349.132'::double precision) AND (unix_time <= '1685451409.132'::double precision) AND st_dwithin(st_transform(the_geom, 25833), '0101000020E9640000E057A9FCACDB2341C9BE9A432E0E5741'::geometry, '300'::double precision))
                           Rows Removed by Filter: 3172
   ->  Subquery Scan on "*SELECT* 2965"  (cost=165745.69..165745.70 rows=1 width=76) (actual time=0.695..0.696 rows=1 loops=1)
         ->  Limit  (cost=165745.69..165745.69 rows=1 width=84) (actual time=0.689..0.690 rows=1 loops=1)
               ->  Sort  (cost=165745.69..165745.69 rows=1 width=84) (actual time=0.687..0.687 rows=1 loops=1)
                     Sort Key: (st_distance(st_transform(s_2964.the_geom, 25833), '0101000020E96400007920F2EDB1DB23417FAA95462D0E5741'::geometry))
                     Sort Method: top-N heapsort  Memory: 25kB
                     ->  Seq Scan on phoml_trajectory_tmp s_2964  (cost=0.00..165745.68 rows=1 width=84) (actual time=0.020..0.617 rows=492 loops=1)
                           Filter: ((unix_time >= '1685451349.602'::double precision) AND (unix_time <= '1685451409.602'::double precision) AND st_dwithin(st_transform(the_geom, 25833), '0101000020E96400007920F2EDB1DB23417FAA95462D0E5741'::geometry, '300'::double precision))
                           Rows Removed by Filter: 3168
   ->  Subquery Scan on "*SELECT* 2966"  (cost=165745.69..165745.70 rows=1 width=76) (actual time=0.672..0.673 rows=1 loops=1)
         ->  Limit  (cost=165745.69..165745.69 rows=1 width=84) (actual time=0.667..0.668 rows=1 loops=1)
               ->  Sort  (cost=165745.69..165745.69 rows=1 width=84) (actual time=0.646..0.647 rows=1 loops=1)
                     Sort Key: (st_distance(st_transform(s_2965.the_geom, 25833), '0101000020E964000036D9C571B7DB23414DEDDA2D2C0E5741'::geometry))
                     Sort Method: top-N heapsort  Memory: 25kB
                     ->  Seq Scan on phoml_trajectory_tmp s_2965  (cost=0.00..165745.68 rows=1 width=84) (actual time=0.032..0.565 rows=492 loops=1)
                           Filter: ((unix_time >= '1685451350.092'::double precision) AND (unix_time <= '1685451410.092'::double precision) AND st_dwithin(st_transform(the_geom, 25833), '0101000020E964000036D9C571B7DB23414DEDDA2D2C0E5741'::geometry, '300'::double precision))
                           Rows Removed by Filter: 3168
   ->  Subquery Scan on "*SELECT* 2967"  (cost=165745.69..165745.70 rows=1 width=76) (actual time=0.626..0.627 rows=1 loops=1)
         ->  Limit  (cost=165745.69..165745.69 rows=1 width=84) (actual time=0.624..0.625 rows=1 loops=1)
               ->  Sort  (cost=165745.69..165745.69 rows=1 width=84) (actual time=0.621..0.622 rows=1 loops=1)
                     Sort Key: (st_distance(st_transform(s_2966.the_geom, 25833), '0101000020E9640000A8FD169DBCDB2341C40CFC292B0E5741'::geometry))
                     Sort Method: top-N heapsort  Memory: 25kB
                     ->  Seq Scan on phoml_trajectory_tmp s_2966  (cost=0.00..165745.68 rows=1 width=84) (actual time=0.024..0.553 rows=492 loops=1)
                           Filter: ((unix_time >= '1685451350.552'::double precision) AND (unix_time <= '1685451410.552'::double precision) AND st_dwithin(st_transform(the_geom, 25833), '0101000020E9640000A8FD169DBCDB2341C40CFC292B0E5741'::geometry, '300'::double precision))
                           Rows Removed by Filter: 3168
   ->  Subquery Scan on "*SELECT* 2968"  (cost=165745.69..165745.70 rows=1 width=76) (actual time=0.636..0.637 rows=1 loops=1)
         ->  Limit  (cost=165745.69..165745.69 rows=1 width=84) (actual time=0.633..0.633 rows=1 loops=1)
               ->  Sort  (cost=165745.69..165745.69 rows=1 width=84) (actual time=0.630..0.631 rows=1 loops=1)
                     Sort Key: (st_distance(st_transform(s_2967.the_geom, 25833), '0101000020E9640000594F8F77C2DB2341DE698E1A2A0E5741'::geometry))
                     Sort Method: top-N heapsort  Memory: 25kB
                     ->  Seq Scan on phoml_trajectory_tmp s_2967  (cost=0.00..165745.68 rows=1 width=84) (actual time=0.019..0.559 rows=492 loops=1)
                           Filter: ((unix_time >= '1685451351.022'::double precision) AND (unix_time <= '1685451411.022'::double precision) AND st_dwithin(st_transform(the_geom, 25833), '0101000020E9640000594F8F77C2DB2341DE698E1A2A0E5741'::geometry, '300'::double precision))
                           Rows Removed by Filter: 3168
   ->  Subquery Scan on "*SELECT* 2969"  (cost=165745.69..165745.70 rows=1 width=76) (actual time=0.624..0.625 rows=1 loops=1)
         ->  Limit  (cost=165745.69..165745.69 rows=1 width=84) (actual time=0.613..0.614 rows=1 loops=1)
               ->  Sort  (cost=165745.69..165745.69 rows=1 width=84) (actual time=0.611..0.611 rows=1 loops=1)
                     Sort Key: (st_distance(st_transform(s_2968.the_geom, 25833), '0101000020E96400007AAFED8BC8DB2341B145C11A290E5741'::geometry))
                     Sort Method: top-N heapsort  Memory: 25kB
                     ->  Seq Scan on phoml_trajectory_tmp s_2968  (cost=0.00..165745.68 rows=1 width=84) (actual time=0.020..0.542 rows=496 loops=1)
                           Filter: ((unix_time >= '1685451351.476'::double precision) AND (unix_time <= '1685451411.476'::double precision) AND st_dwithin(st_transform(the_geom, 25833), '0101000020E96400007AAFED8BC8DB2341B145C11A290E5741'::geometry, '300'::double precision))
                           Rows Removed by Filter: 3164
   ->  Subquery Scan on "*SELECT* 2970"  (cost=165745.69..165745.70 rows=1 width=76) (actual time=0.641..0.642 rows=1 loops=1)
         ->  Limit  (cost=165745.69..165745.69 rows=1 width=84) (actual time=0.639..0.639 rows=1 loops=1)
               ->  Sort  (cost=165745.69..165745.69 rows=1 width=84) (actual time=0.636..0.636 rows=1 loops=1)
                     Sort Key: (st_distance(st_transform(s_2969.the_geom, 25833), '0101000020E9640000D17D4F72CEDB23416D8E3913280E5741'::geometry))
                     Sort Method: top-N heapsort  Memory: 25kB
                     ->  Seq Scan on phoml_trajectory_tmp s_2969  (cost=0.00..165745.68 rows=1 width=84) (actual time=0.025..0.568 rows=496 loops=1)
                           Filter: ((unix_time >= '1685451351.926'::double precision) AND (unix_time <= '1685451411.926'::double precision) AND st_dwithin(st_transform(the_geom, 25833), '0101000020E9640000D17D4F72CEDB23416D8E3913280E5741'::geometry, '300'::double precision))
                           Rows Removed by Filter: 3164
   ->  Subquery Scan on "*SELECT* 2971"  (cost=165745.69..165745.70 rows=1 width=76) (actual time=0.648..0.649 rows=1 loops=1)
         ->  Limit  (cost=165745.69..165745.69 rows=1 width=84) (actual time=0.644..0.645 rows=1 loops=1)
               ->  Sort  (cost=165745.69..165745.69 rows=1 width=84) (actual time=0.642..0.643 rows=1 loops=1)
                     Sort Key: (st_distance(st_transform(s_2970.the_geom, 25833), '0101000020E9640000BF9038E3D4DB2341E024B80C270E5741'::geometry))
                     Sort Method: top-N heapsort  Memory: 25kB
                     ->  Seq Scan on phoml_trajectory_tmp s_2970  (cost=0.00..165745.68 rows=1 width=84) (actual time=0.021..0.573 rows=496 loops=1)
                           Filter: ((unix_time >= '1685451352.38'::double precision) AND (unix_time <= '1685451412.38'::double precision) AND st_dwithin(st_transform(the_geom, 25833), '0101000020E9640000BF9038E3D4DB2341E024B80C270E5741'::geometry, '300'::double precision))
                           Rows Removed by Filter: 3164
   ->  Subquery Scan on "*SELECT* 2972"  (cost=165745.69..165745.70 rows=1 width=76) (actual time=0.627..0.628 rows=1 loops=1)
         ->  Limit  (cost=165745.69..165745.69 rows=1 width=84) (actual time=0.625..0.625 rows=1 loops=1)
               ->  Sort  (cost=165745.69..165745.69 rows=1 width=84) (actual time=0.623..0.623 rows=1 loops=1)
                     Sort Key: (st_distance(st_transform(s_2971.the_geom, 25833), '0101000020E9640000B53CB6F6DADB2341D8ABE90C260E5741'::geometry))
                     Sort Method: top-N heapsort  Memory: 25kB
                     ->  Seq Scan on phoml_trajectory_tmp s_2971  (cost=0.00..165745.68 rows=1 width=84) (actual time=0.018..0.554 rows=500 loops=1)
                           Filter: ((unix_time >= '1685451352.82'::double precision) AND (unix_time <= '1685451412.82'::double precision) AND st_dwithin(st_transform(the_geom, 25833), '0101000020E9640000B53CB6F6DADB2341D8ABE90C260E5741'::geometry, '300'::double precision))
                           Rows Removed by Filter: 3160
   ->  Subquery Scan on "*SELECT* 2973"  (cost=165745.69..165745.70 rows=1 width=76) (actual time=0.656..0.657 rows=1 loops=1)
         ->  Limit  (cost=165745.69..165745.69 rows=1 width=84) (actual time=0.652..0.653 rows=1 loops=1)
               ->  Sort  (cost=165745.69..165745.69 rows=1 width=84) (actual time=0.650..0.651 rows=1 loops=1)
                     Sort Key: (st_distance(st_transform(s_2972.the_geom, 25833), '0101000020E96400000FBCFB0CE1DB2341D4E5D204250E5741'::geometry))
                     Sort Method: top-N heapsort  Memory: 25kB
                     ->  Seq Scan on phoml_trajectory_tmp s_2972  (cost=0.00..165745.68 rows=1 width=84) (actual time=0.019..0.581 rows=500 loops=1)
                           Filter: ((unix_time >= '1685451353.266'::double precision) AND (unix_time <= '1685451413.266'::double precision) AND st_dwithin(st_transform(the_geom, 25833), '0101000020E96400000FBCFB0CE1DB2341D4E5D204250E5741'::geometry, '300'::double precision))
                           Rows Removed by Filter: 3160
   ->  Subquery Scan on "*SELECT* 2974"  (cost=165745.69..165745.70 rows=1 width=76) (actual time=0.655..0.657 rows=1 loops=1)
         ->  Limit  (cost=165745.69..165745.69 rows=1 width=84) (actual time=0.651..0.652 rows=1 loops=1)
               ->  Sort  (cost=165745.69..165745.69 rows=1 width=84) (actual time=0.649..0.649 rows=1 loops=1)
                     Sort Key: (st_distance(st_transform(s_2973.the_geom, 25833), '0101000020E96400002BE865A4E6DB2341379FE909240E5741'::geometry))
                     Sort Method: top-N heapsort  Memory: 25kB
                     ->  Seq Scan on phoml_trajectory_tmp s_2973  (cost=0.00..165745.68 rows=1 width=84) (actual time=0.022..0.579 rows=500 loops=1)
                           Filter: ((unix_time >= '1685451353.696'::double precision) AND (unix_time <= '1685451413.696'::double precision) AND st_dwithin(st_transform(the_geom, 25833), '0101000020E96400002BE865A4E6DB2341379FE909240E5741'::geometry, '300'::double precision))
                           Rows Removed by Filter: 3160
   ->  Subquery Scan on "*SELECT* 2975"  (cost=165745.69..165745.70 rows=1 width=76) (actual time=0.632..0.633 rows=1 loops=1)
         ->  Limit  (cost=165745.69..165745.69 rows=1 width=84) (actual time=0.630..0.631 rows=1 loops=1)
               ->  Sort  (cost=165745.69..165745.69 rows=1 width=84) (actual time=0.628..0.628 rows=1 loops=1)
                     Sort Key: (st_distance(st_transform(s_2974.the_geom, 25833), '0101000020E96400000B0B9553ECDB23411E065800230E5741'::geometry))
                     Sort Method: top-N heapsort  Memory: 25kB
                     ->  Seq Scan on phoml_trajectory_tmp s_2974  (cost=0.00..165745.68 rows=1 width=84) (actual time=0.020..0.559 rows=500 loops=1)
                           Filter: ((unix_time >= '1685451354.132'::double precision) AND (unix_time <= '1685451414.132'::double precision) AND st_dwithin(st_transform(the_geom, 25833), '0101000020E96400000B0B9553ECDB23411E065800230E5741'::geometry, '300'::double precision))
                           Rows Removed by Filter: 3160
   ->  Subquery Scan on "*SELECT* 2976"  (cost=165745.69..165745.70 rows=1 width=76) (actual time=0.648..0.649 rows=1 loops=1)
         ->  Limit  (cost=165745.69..165745.69 rows=1 width=84) (actual time=0.644..0.645 rows=1 loops=1)
               ->  Sort  (cost=165745.69..165745.69 rows=1 width=84) (actual time=0.643..0.643 rows=1 loops=1)
                     Sort Key: (st_distance(st_transform(s_2975.the_geom, 25833), '0101000020E964000004793946F2DB23417F745EFF210E5741'::geometry))
                     Sort Method: top-N heapsort  Memory: 25kB
                     ->  Seq Scan on phoml_trajectory_tmp s_2975  (cost=0.00..165745.68 rows=1 width=84) (actual time=0.017..0.575 rows=504 loops=1)
                           Filter: ((unix_time >= '1685451354.562'::double precision) AND (unix_time <= '1685451414.562'::double precision) AND st_dwithin(st_transform(the_geom, 25833), '0101000020E964000004793946F2DB23417F745EFF210E5741'::geometry, '300'::double precision))
                           Rows Removed by Filter: 3156
   ->  Subquery Scan on "*SELECT* 2977"  (cost=165745.69..165745.70 rows=1 width=76) (actual time=0.656..0.657 rows=1 loops=1)
         ->  Limit  (cost=165745.69..165745.69 rows=1 width=84) (actual time=0.652..0.653 rows=1 loops=1)
               ->  Sort  (cost=165745.69..165745.69 rows=1 width=84) (actual time=0.650..0.651 rows=1 loops=1)
                     Sort Key: (st_distance(st_transform(s_2976.the_geom, 25833), '0101000020E96400001F939C11F8DB23415FB231FE200E5741'::geometry))
                     Sort Method: top-N heapsort  Memory: 25kB
                     ->  Seq Scan on phoml_trajectory_tmp s_2976  (cost=0.00..165745.68 rows=1 width=84) (actual time=0.021..0.581 rows=504 loops=1)
                           Filter: ((unix_time >= '1685451354.982'::double precision) AND (unix_time <= '1685451414.982'::double precision) AND st_dwithin(st_transform(the_geom, 25833), '0101000020E96400001F939C11F8DB23415FB231FE200E5741'::geometry, '300'::double precision))
                           Rows Removed by Filter: 3156
   ->  Subquery Scan on "*SELECT* 2978"  (cost=165745.69..165745.70 rows=1 width=76) (actual time=0.639..0.640 rows=1 loops=1)
         ->  Limit  (cost=165745.69..165745.69 rows=1 width=84) (actual time=0.637..0.638 rows=1 loops=1)
               ->  Sort  (cost=165745.69..165745.69 rows=1 width=84) (actual time=0.635..0.636 rows=1 loops=1)
                     Sort Key: (st_distance(st_transform(s_2977.the_geom, 25833), '0101000020E9640000598D2A34FEDB2341C056BFF61F0E5741'::geometry))
                     Sort Method: top-N heapsort  Memory: 25kB
                     ->  Seq Scan on phoml_trajectory_tmp s_2977  (cost=0.00..165745.68 rows=1 width=84) (actual time=0.021..0.566 rows=504 loops=1)
                           Filter: ((unix_time >= '1685451355.408'::double precision) AND (unix_time <= '1685451415.408'::double precision) AND st_dwithin(st_transform(the_geom, 25833), '0101000020E9640000598D2A34FEDB2341C056BFF61F0E5741'::geometry, '300'::double precision))
                           Rows Removed by Filter: 3156
   ->  Subquery Scan on "*SELECT* 2979"  (cost=165745.69..165745.70 rows=1 width=76) (actual time=0.656..0.658 rows=1 loops=1)
         ->  Limit  (cost=165745.69..165745.69 rows=1 width=84) (actual time=0.653..0.654 rows=1 loops=1)
               ->  Sort  (cost=165745.69..165745.69 rows=1 width=84) (actual time=0.651..0.651 rows=1 loops=1)
                     Sort Key: (st_distance(st_transform(s_2978.the_geom, 25833), '0101000020E96400005DB43B3804DC23416B1E06F61E0E5741'::geometry))
                     Sort Method: top-N heapsort  Memory: 25kB
                     ->  Seq Scan on phoml_trajectory_tmp s_2978  (cost=0.00..165745.68 rows=1 width=84) (actual time=0.019..0.581 rows=504 loops=1)
                           Filter: ((unix_time >= '1685451355.828'::double precision) AND (unix_time <= '1685451415.828'::double precision) AND st_dwithin(st_transform(the_geom, 25833), '0101000020E96400005DB43B3804DC23416B1E06F61E0E5741'::geometry, '300'::double precision))
                           Rows Removed by Filter: 3156
   ->  Subquery Scan on "*SELECT* 2980"  (cost=165745.69..165745.70 rows=1 width=76) (actual time=0.646..0.647 rows=1 loops=1)
         ->  Limit  (cost=165745.69..165745.69 rows=1 width=84) (actual time=0.643..0.643 rows=1 loops=1)
               ->  Sort  (cost=165745.69..165745.69 rows=1 width=84) (actual time=0.641..0.641 rows=1 loops=1)
                     Sort Key: (st_distance(st_transform(s_2979.the_geom, 25833), '0101000020E964000083C37C770ADC2341107DEDF51D0E5741'::geometry))
                     Sort Method: top-N heapsort  Memory: 25kB
                     ->  Seq Scan on phoml_trajectory_tmp s_2979  (cost=0.00..165745.68 rows=1 width=84) (actual time=0.019..0.570 rows=504 loops=1)
                           Filter: ((unix_time >= '1685451356.247'::double precision) AND (unix_time <= '1685451416.247'::double precision) AND st_dwithin(st_transform(the_geom, 25833), '0101000020E964000083C37C770ADC2341107DEDF51D0E5741'::geometry, '300'::double precision))
                           Rows Removed by Filter: 3156
   ->  Subquery Scan on "*SELECT* 2981"  (cost=165745.69..165745.70 rows=1 width=76) (actual time=0.643..0.644 rows=1 loops=1)
         ->  Limit  (cost=165745.69..165745.69 rows=1 width=84) (actual time=0.639..0.640 rows=1 loops=1)
               ->  Sort  (cost=165745.69..165745.69 rows=1 width=84) (actual time=0.637..0.638 rows=1 loops=1)
                     Sort Key: (st_distance(st_transform(s_2980.the_geom, 25833), '0101000020E9640000DA28D76510DC2341E493D3ED1C0E5741'::geometry))
                     Sort Method: top-N heapsort  Memory: 25kB
                     ->  Seq Scan on phoml_trajectory_tmp s_2980  (cost=0.00..165745.68 rows=1 width=84) (actual time=0.021..0.565 rows=508 loops=1)
                           Filter: ((unix_time >= '1685451356.667'::double precision) AND (unix_time <= '1685451416.667'::double precision) AND st_dwithin(st_transform(the_geom, 25833), '0101000020E9640000DA28D76510DC2341E493D3ED1C0E5741'::geometry, '300'::double precision))
                           Rows Removed by Filter: 3152
   ->  Subquery Scan on "*SELECT* 2982"  (cost=165745.69..165745.70 rows=1 width=76) (actual time=0.729..0.730 rows=1 loops=1)
         ->  Limit  (cost=165745.69..165745.69 rows=1 width=84) (actual time=0.724..0.724 rows=1 loops=1)
               ->  Sort  (cost=165745.69..165745.69 rows=1 width=84) (actual time=0.721..0.722 rows=1 loops=1)
                     Sort Key: (st_distance(st_transform(s_2981.the_geom, 25833), '0101000020E9640000DADD8E5516DC23415724C9F31B0E5741'::geometry))
                     Sort Method: top-N heapsort  Memory: 25kB
                     ->  Seq Scan on phoml_trajectory_tmp s_2981  (cost=0.00..165745.68 rows=1 width=84) (actual time=0.021..0.637 rows=508 loops=1)
                           Filter: ((unix_time >= '1685451357.077'::double precision) AND (unix_time <= '1685451417.077'::double precision) AND st_dwithin(st_transform(the_geom, 25833), '0101000020E9640000DADD8E5516DC23415724C9F31B0E5741'::geometry, '300'::double precision))
                           Rows Removed by Filter: 3152
   ->  Subquery Scan on "*SELECT* 2983"  (cost=165745.69..165745.70 rows=1 width=76) (actual time=0.671..0.672 rows=1 loops=1)
         ->  Limit  (cost=165745.69..165745.69 rows=1 width=84) (actual time=0.667..0.668 rows=1 loops=1)
               ->  Sort  (cost=165745.69..165745.69 rows=1 width=84) (actual time=0.665..0.666 rows=1 loops=1)
                     Sort Key: (st_distance(st_transform(s_2982.the_geom, 25833), '0101000020E964000019691A3B1CDC23418323F7EA1A0E5741'::geometry))
                     Sort Method: top-N heapsort  Memory: 25kB
                     ->  Seq Scan on phoml_trajectory_tmp s_2982  (cost=0.00..165745.68 rows=1 width=84) (actual time=0.025..0.591 rows=508 loops=1)
                           Filter: ((unix_time >= '1685451357.495'::double precision) AND (unix_time <= '1685451417.495'::double precision) AND st_dwithin(st_transform(the_geom, 25833), '0101000020E964000019691A3B1CDC23418323F7EA1A0E5741'::geometry, '300'::double precision))
                           Rows Removed by Filter: 3152
   ->  Subquery Scan on "*SELECT* 2984"  (cost=165745.69..165745.70 rows=1 width=76) (actual time=0.657..0.658 rows=1 loops=1)
         ->  Limit  (cost=165745.69..165745.69 rows=1 width=84) (actual time=0.653..0.654 rows=1 loops=1)
               ->  Sort  (cost=165745.69..165745.69 rows=1 width=84) (actual time=0.651..0.651 rows=1 loops=1)
                     Sort Key: (st_distance(st_transform(s_2983.the_geom, 25833), '0101000020E9640000651D2FD921DC2341DAF0F5EF190E5741'::geometry))
                     Sort Method: top-N heapsort  Memory: 25kB
                     ->  Seq Scan on phoml_trajectory_tmp s_2983  (cost=0.00..165745.68 rows=1 width=84) (actual time=0.019..0.579 rows=508 loops=1)
                           Filter: ((unix_time >= '1685451357.905'::double precision) AND (unix_time <= '1685451417.905'::double precision) AND st_dwithin(st_transform(the_geom, 25833), '0101000020E9640000651D2FD921DC2341DAF0F5EF190E5741'::geometry, '300'::double precision))
                           Rows Removed by Filter: 3152
   ->  Subquery Scan on "*SELECT* 2985"  (cost=165745.69..165745.70 rows=1 width=76) (actual time=0.646..0.647 rows=1 loops=1)
         ->  Limit  (cost=165745.69..165745.69 rows=1 width=84) (actual time=0.644..0.644 rows=1 loops=1)
               ->  Sort  (cost=165745.69..165745.69 rows=1 width=84) (actual time=0.642..0.642 rows=1 loops=1)
                     Sort Key: (st_distance(st_transform(s_2984.the_geom, 25833), '0101000020E9640000EE98C20428DC234107CCEFE7180E5741'::geometry))
                     Sort Method: top-N heapsort  Memory: 25kB
                     ->  Seq Scan on phoml_trajectory_tmp s_2984  (cost=0.00..165745.68 rows=1 width=84) (actual time=0.020..0.570 rows=512 loops=1)
                           Filter: ((unix_time >= '1685451358.331'::double precision) AND (unix_time <= '1685451418.331'::double precision) AND st_dwithin(st_transform(the_geom, 25833), '0101000020E9640000EE98C20428DC234107CCEFE7180E5741'::geometry, '300'::double precision))
                           Rows Removed by Filter: 3148
   ->  Subquery Scan on "*SELECT* 2986"  (cost=165745.69..165745.70 rows=1 width=76) (actual time=0.663..0.664 rows=1 loops=1)
         ->  Limit  (cost=165745.69..165745.69 rows=1 width=84) (actual time=0.659..0.660 rows=1 loops=1)
               ->  Sort  (cost=165745.69..165745.69 rows=1 width=84) (actual time=0.657..0.658 rows=1 loops=1)
                     Sort Key: (st_distance(st_transform(s_2985.the_geom, 25833), '0101000020E9640000CECA66DD2DDC234192D787E6170E5741'::geometry))
                     Sort Method: top-N heapsort  Memory: 25kB
                     ->  Seq Scan on phoml_trajectory_tmp s_2985  (cost=0.00..165745.68 rows=1 width=84) (actual time=0.021..0.586 rows=512 loops=1)
                           Filter: ((unix_time >= '1685451358.751'::double precision) AND (unix_time <= '1685451418.751'::double precision) AND st_dwithin(st_transform(the_geom, 25833), '0101000020E9640000CECA66DD2DDC234192D787E6170E5741'::geometry, '300'::double precision))
                           Rows Removed by Filter: 3148
   ->  Subquery Scan on "*SELECT* 2987"  (cost=165745.69..165745.70 rows=1 width=76) (actual time=0.656..0.657 rows=1 loops=1)
         ->  Limit  (cost=165745.69..165745.69 rows=1 width=84) (actual time=0.652..0.653 rows=1 loops=1)
               ->  Sort  (cost=165745.69..165745.69 rows=1 width=84) (actual time=0.650..0.651 rows=1 loops=1)
                     Sort Key: (st_distance(st_transform(s_2986.the_geom, 25833), '0101000020E964000068DE782734DC234182C431E6160E5741'::geometry))
                     Sort Method: top-N heapsort  Memory: 25kB
                     ->  Seq Scan on phoml_trajectory_tmp s_2986  (cost=0.00..165745.68 rows=1 width=84) (actual time=0.019..0.577 rows=512 loops=1)
                           Filter: ((unix_time >= '1685451359.19'::double precision) AND (unix_time <= '1685451419.19'::double precision) AND st_dwithin(st_transform(the_geom, 25833), '0101000020E964000068DE782734DC234182C431E6160E5741'::geometry, '300'::double precision))
                           Rows Removed by Filter: 3148
   ->  Subquery Scan on "*SELECT* 2988"  (cost=165745.69..165745.70 rows=1 width=76) (actual time=0.643..0.644 rows=1 loops=1)
         ->  Limit  (cost=165745.69..165745.69 rows=1 width=84) (actual time=0.640..0.641 rows=1 loops=1)
               ->  Sort  (cost=165745.69..165745.69 rows=1 width=84) (actual time=0.639..0.639 rows=1 loops=1)
                     Sort Key: (st_distance(st_transform(s_2987.the_geom, 25833), '0101000020E9640000EC0CF22D3ADC23413D05ACE5150E5741'::geometry))
                     Sort Method: top-N heapsort  Memory: 25kB
                     ->  Seq Scan on phoml_trajectory_tmp s_2987  (cost=0.00..165745.68 rows=1 width=84) (actual time=0.018..0.569 rows=512 loops=1)
                           Filter: ((unix_time >= '1685451359.61'::double precision) AND (unix_time <= '1685451419.61'::double precision) AND st_dwithin(st_transform(the_geom, 25833), '0101000020E9640000EC0CF22D3ADC23413D05ACE5150E5741'::geometry, '300'::double precision))
                           Rows Removed by Filter: 3148
   ->  Subquery Scan on "*SELECT* 2989"  (cost=165745.69..165745.70 rows=1 width=76) (actual time=0.666..0.667 rows=1 loops=1)
         ->  Limit  (cost=165745.69..165745.69 rows=1 width=84) (actual time=0.663..0.664 rows=1 loops=1)
               ->  Sort  (cost=165745.69..165745.69 rows=1 width=84) (actual time=0.661..0.661 rows=1 loops=1)
                     Sort Key: (st_distance(st_transform(s_2988.the_geom, 25833), '0101000020E964000052DA5A8C40DC2341615727E6140E5741'::geometry))
                     Sort Method: top-N heapsort  Memory: 25kB
                     ->  Seq Scan on phoml_trajectory_tmp s_2988  (cost=0.00..165745.68 rows=1 width=84) (actual time=0.019..0.589 rows=512 loops=1)
                           Filter: ((unix_time >= '1685451360.04'::double precision) AND (unix_time <= '1685451420.04'::double precision) AND st_dwithin(st_transform(the_geom, 25833), '0101000020E964000052DA5A8C40DC2341615727E6140E5741'::geometry, '300'::double precision))
                           Rows Removed by Filter: 3148
   ->  Subquery Scan on "*SELECT* 2990"  (cost=165745.69..165745.70 rows=1 width=76) (actual time=0.679..0.680 rows=1 loops=1)
         ->  Limit  (cost=165745.69..165745.69 rows=1 width=84) (actual time=0.675..0.676 rows=1 loops=1)
               ->  Sort  (cost=165745.69..165745.69 rows=1 width=84) (actual time=0.673..0.674 rows=1 loops=1)
                     Sort Key: (st_distance(st_transform(s_2989.the_geom, 25833), '0101000020E9640000EBB610CA46DC23418DE141E6130E5741'::geometry))
                     Sort Method: top-N heapsort  Memory: 25kB
                     ->  Seq Scan on phoml_trajectory_tmp s_2989  (cost=0.00..165745.68 rows=1 width=84) (actual time=0.021..0.601 rows=512 loops=1)
                           Filter: ((unix_time >= '1685451360.48'::double precision) AND (unix_time <= '1685451420.48'::double precision) AND st_dwithin(st_transform(the_geom, 25833), '0101000020E9640000EBB610CA46DC23418DE141E6130E5741'::geometry, '300'::double precision))
                           Rows Removed by Filter: 3148
   ->  Subquery Scan on "*SELECT* 2991"  (cost=165745.69..165745.70 rows=1 width=76) (actual time=0.653..0.655 rows=1 loops=1)
         ->  Limit  (cost=165745.69..165745.69 rows=1 width=84) (actual time=0.651..0.652 rows=1 loops=1)
               ->  Sort  (cost=165745.69..165745.69 rows=1 width=84) (actual time=0.649..0.650 rows=1 loops=1)
                     Sort Key: (st_distance(st_transform(s_2990.the_geom, 25833), '0101000020E96400005C06CB2E4DDC2341D62089E6120E5741'::geometry))
                     Sort Method: top-N heapsort  Memory: 25kB
                     ->  Seq Scan on phoml_trajectory_tmp s_2990  (cost=0.00..165745.68 rows=1 width=84) (actual time=0.019..0.578 rows=512 loops=1)
                           Filter: ((unix_time >= '1685451360.92'::double precision) AND (unix_time <= '1685451420.92'::double precision) AND st_dwithin(st_transform(the_geom, 25833), '0101000020E96400005C06CB2E4DDC2341D62089E6120E5741'::geometry, '300'::double precision))
                           Rows Removed by Filter: 3148
   ->  Subquery Scan on "*SELECT* 2992"  (cost=165745.69..165745.70 rows=1 width=76) (actual time=0.664..0.665 rows=1 loops=1)
         ->  Limit  (cost=165745.69..165745.69 rows=1 width=84) (actual time=0.661..0.661 rows=1 loops=1)
               ->  Sort  (cost=165745.69..165745.69 rows=1 width=84) (actual time=0.659..0.659 rows=1 loops=1)
                     Sort Key: (st_distance(st_transform(s_2991.the_geom, 25833), '0101000020E96400002F66B83453DC2341F472ABEC110E5741'::geometry))
                     Sort Method: top-N heapsort  Memory: 25kB
                     ->  Seq Scan on phoml_trajectory_tmp s_2991  (cost=0.00..165745.68 rows=1 width=84) (actual time=0.018..0.580 rows=512 loops=1)
                           Filter: ((unix_time >= '1685451361.356'::double precision) AND (unix_time <= '1685451421.356'::double precision) AND st_dwithin(st_transform(the_geom, 25833), '0101000020E96400002F66B83453DC2341F472ABEC110E5741'::geometry, '300'::double precision))
                           Rows Removed by Filter: 3148
   ->  Subquery Scan on "*SELECT* 2993"  (cost=165745.69..165745.70 rows=1 width=76) (actual time=0.651..0.652 rows=1 loops=1)
         ->  Limit  (cost=165745.69..165745.69 rows=1 width=84) (actual time=0.648..0.648 rows=1 loops=1)
               ->  Sort  (cost=165745.69..165745.69 rows=1 width=84) (actual time=0.645..0.646 rows=1 loops=1)
                     Sort Key: (st_distance(st_transform(s_2992.the_geom, 25833), '0101000020E964000013AB42F558DC2341BA299BE9100E5741'::geometry))
                     Sort Method: top-N heapsort  Memory: 25kB
                     ->  Seq Scan on phoml_trajectory_tmp s_2992  (cost=0.00..165745.68 rows=1 width=84) (actual time=0.019..0.575 rows=508 loops=1)
                           Filter: ((unix_time >= '1685451361.796'::double precision) AND (unix_time <= '1685451421.796'::double precision) AND st_dwithin(st_transform(the_geom, 25833), '0101000020E964000013AB42F558DC2341BA299BE9100E5741'::geometry, '300'::double precision))
                           Rows Removed by Filter: 3152
   ->  Subquery Scan on "*SELECT* 2994"  (cost=165745.69..165745.70 rows=1 width=76) (actual time=0.642..0.643 rows=1 loops=1)
         ->  Limit  (cost=165745.69..165745.69 rows=1 width=84) (actual time=0.640..0.641 rows=1 loops=1)
               ->  Sort  (cost=165745.69..165745.69 rows=1 width=84) (actual time=0.638..0.639 rows=1 loops=1)
                     Sort Key: (st_distance(st_transform(s_2993.the_geom, 25833), '0101000020E9640000538B53AD5DDC234162DDEEE10F0E5741'::geometry))
                     Sort Method: top-N heapsort  Memory: 25kB
                     ->  Seq Scan on phoml_trajectory_tmp s_2993  (cost=0.00..165745.68 rows=1 width=84) (actual time=0.023..0.569 rows=508 loops=1)
                           Filter: ((unix_time >= '1685451362.228'::double precision) AND (unix_time <= '1685451422.228'::double precision) AND st_dwithin(st_transform(the_geom, 25833), '0101000020E9640000538B53AD5DDC234162DDEEE10F0E5741'::geometry, '300'::double precision))
                           Rows Removed by Filter: 3152
   ->  Subquery Scan on "*SELECT* 2995"  (cost=165745.69..165745.70 rows=1 width=76) (actual time=0.664..0.665 rows=1 loops=1)
         ->  Limit  (cost=165745.69..165745.69 rows=1 width=84) (actual time=0.660..0.661 rows=1 loops=1)
               ->  Sort  (cost=165745.69..165745.69 rows=1 width=84) (actual time=0.658..0.658 rows=1 loops=1)
                     Sort Key: (st_distance(st_transform(s_2994.the_geom, 25833), '0101000020E964000095AF3D9261DC2341C827E2D00E0E5741'::geometry))
                     Sort Method: top-N heapsort  Memory: 25kB
                     ->  Seq Scan on phoml_trajectory_tmp s_2994  (cost=0.00..165745.68 rows=1 width=84) (actual time=0.019..0.587 rows=508 loops=1)
                           Filter: ((unix_time >= '1685451362.658'::double precision) AND (unix_time <= '1685451422.658'::double precision) AND st_dwithin(st_transform(the_geom, 25833), '0101000020E964000095AF3D9261DC2341C827E2D00E0E5741'::geometry, '300'::double precision))
                           Rows Removed by Filter: 3152
   ->  Subquery Scan on "*SELECT* 2996"  (cost=165745.69..165745.70 rows=1 width=76) (actual time=0.658..0.659 rows=1 loops=1)
         ->  Limit  (cost=165745.69..165745.69 rows=1 width=84) (actual time=0.654..0.655 rows=1 loops=1)
               ->  Sort  (cost=165745.69..165745.69 rows=1 width=84) (actual time=0.652..0.652 rows=1 loops=1)
                     Sort Key: (st_distance(st_transform(s_2995.the_geom, 25833), '0101000020E9640000CD3BCAAB64DC2341D14BDCC60D0E5741'::geometry))
                     Sort Method: top-N heapsort  Memory: 25kB
                     ->  Seq Scan on phoml_trajectory_tmp s_2995  (cost=0.00..165745.68 rows=1 width=84) (actual time=0.019..0.580 rows=508 loops=1)
                           Filter: ((unix_time >= '1685451363.078'::double precision) AND (unix_time <= '1685451423.078'::double precision) AND st_dwithin(st_transform(the_geom, 25833), '0101000020E9640000CD3BCAAB64DC2341D14BDCC60D0E5741'::geometry, '300'::double precision))
                           Rows Removed by Filter: 3152
   ->  Subquery Scan on "*SELECT* 2997"  (cost=165745.69..165745.70 rows=1 width=76) (actual time=0.649..0.650 rows=1 loops=1)
         ->  Limit  (cost=165745.69..165745.69 rows=1 width=84) (actual time=0.646..0.647 rows=1 loops=1)
               ->  Sort  (cost=165745.69..165745.69 rows=1 width=84) (actual time=0.644..0.644 rows=1 loops=1)
                     Sort Key: (st_distance(st_transform(s_2996.the_geom, 25833), '0101000020E9640000112A313967DC23413D32EFA80C0E5741'::geometry))
                     Sort Method: top-N heapsort  Memory: 25kB
                     ->  Seq Scan on phoml_trajectory_tmp s_2996  (cost=0.00..165745.68 rows=1 width=84) (actual time=0.024..0.575 rows=504 loops=1)
                           Filter: ((unix_time >= '1685451363.504'::double precision) AND (unix_time <= '1685451423.504'::double precision) AND st_dwithin(st_transform(the_geom, 25833), '0101000020E9640000112A313967DC23413D32EFA80C0E5741'::geometry, '300'::double precision))
                           Rows Removed by Filter: 3156
   ->  Subquery Scan on "*SELECT* 2998"  (cost=165745.69..165745.70 rows=1 width=76) (actual time=0.732..0.733 rows=1 loops=1)
         ->  Limit  (cost=165745.69..165745.69 rows=1 width=84) (actual time=0.726..0.727 rows=1 loops=1)
               ->  Sort  (cost=165745.69..165745.69 rows=1 width=84) (actual time=0.724..0.725 rows=1 loops=1)
                     Sort Key: (st_distance(st_transform(s_2997.the_geom, 25833), '0101000020E9640000D98F066769DC234165BED88D0B0E5741'::geometry))
                     Sort Method: top-N heapsort  Memory: 25kB
                     ->  Seq Scan on phoml_trajectory_tmp s_2997  (cost=0.00..165745.68 rows=1 width=84) (actual time=0.021..0.651 rows=504 loops=1)
                           Filter: ((unix_time >= '1685451363.924'::double precision) AND (unix_time <= '1685451423.924'::double precision) AND st_dwithin(st_transform(the_geom, 25833), '0101000020E9640000D98F066769DC234165BED88D0B0E5741'::geometry, '300'::double precision))
                           Rows Removed by Filter: 3156
   ->  Subquery Scan on "*SELECT* 2999"  (cost=165745.69..165745.70 rows=1 width=76) (actual time=0.662..0.663 rows=1 loops=1)
         ->  Limit  (cost=165745.69..165745.69 rows=1 width=84) (actual time=0.658..0.659 rows=1 loops=1)
               ->  Sort  (cost=165745.69..165745.69 rows=1 width=84) (actual time=0.657..0.657 rows=1 loops=1)
                     Sort Key: (st_distance(st_transform(s_2998.the_geom, 25833), '0101000020E9640000D9E0357C6BDC2341814A8F7C0A0E5741'::geometry))
                     Sort Method: top-N heapsort  Memory: 25kB
                     ->  Seq Scan on phoml_trajectory_tmp s_2998  (cost=0.00..165745.68 rows=1 width=84) (actual time=0.026..0.587 rows=500 loops=1)
                           Filter: ((unix_time >= '1685451364.329'::double precision) AND (unix_time <= '1685451424.329'::double precision) AND st_dwithin(st_transform(the_geom, 25833), '0101000020E9640000D9E0357C6BDC2341814A8F7C0A0E5741'::geometry, '300'::double precision))
                           Rows Removed by Filter: 3160
   ->  Subquery Scan on "*SELECT* 3000"  (cost=165745.69..165745.70 rows=1 width=76) (actual time=0.652..0.653 rows=1 loops=1)
         ->  Limit  (cost=165745.69..165745.69 rows=1 width=84) (actual time=0.650..0.651 rows=1 loops=1)
               ->  Sort  (cost=165745.69..165745.69 rows=1 width=84) (actual time=0.648..0.648 rows=1 loops=1)
                     Sort Key: (st_distance(st_transform(s_2999.the_geom, 25833), '0101000020E9640000F9C62E286EDC2341AC67BB57090E5741'::geometry))
                     Sort Method: top-N heapsort  Memory: 25kB
                     ->  Seq Scan on phoml_trajectory_tmp s_2999  (cost=0.00..165745.68 rows=1 width=84) (actual time=0.022..0.578 rows=500 loops=1)
                           Filter: ((unix_time >= '1685451364.749'::double precision) AND (unix_time <= '1685451424.749'::double precision) AND st_dwithin(st_transform(the_geom, 25833), '0101000020E9640000F9C62E286EDC2341AC67BB57090E5741'::geometry, '300'::double precision))
                           Rows Removed by Filter: 3160
   ->  Subquery Scan on "*SELECT* 3001"  (cost=165745.69..165745.70 rows=1 width=76) (actual time=0.663..0.664 rows=1 loops=1)
         ->  Limit  (cost=165745.69..165745.69 rows=1 width=84) (actual time=0.660..0.660 rows=1 loops=1)
               ->  Sort  (cost=165745.69..165745.69 rows=1 width=84) (actual time=0.657..0.658 rows=1 loops=1)
                     Sort Key: (st_distance(st_transform(s_3000.the_geom, 25833), '0101000020E9640000B000ADB970DC234177FA153A080E5741'::geometry))
                     Sort Method: top-N heapsort  Memory: 25kB
                     ->  Seq Scan on phoml_trajectory_tmp s_3000  (cost=0.00..165745.68 rows=1 width=84) (actual time=0.020..0.588 rows=500 loops=1)
                           Filter: ((unix_time >= '1685451365.15'::double precision) AND (unix_time <= '1685451425.15'::double precision) AND st_dwithin(st_transform(the_geom, 25833), '0101000020E9640000B000ADB970DC234177FA153A080E5741'::geometry, '300'::double precision))
                           Rows Removed by Filter: 3160
   ->  Subquery Scan on "*SELECT* 3002"  (cost=165745.69..165745.70 rows=1 width=76) (actual time=0.668..0.669 rows=1 loops=1)
         ->  Limit  (cost=165745.69..165745.69 rows=1 width=84) (actual time=0.664..0.665 rows=1 loops=1)
               ->  Sort  (cost=165745.69..165745.69 rows=1 width=84) (actual time=0.662..0.662 rows=1 loops=1)
                     Sort Key: (st_distance(st_transform(s_3001.the_geom, 25833), '0101000020E9640000A10C748073DC234129473B16070E5741'::geometry))
                     Sort Method: top-N heapsort  Memory: 25kB
                     ->  Seq Scan on phoml_trajectory_tmp s_3001  (cost=0.00..165745.68 rows=1 width=84) (actual time=0.023..0.592 rows=496 loops=1)
                           Filter: ((unix_time >= '1685451365.554'::double precision) AND (unix_time <= '1685451425.554'::double precision) AND st_dwithin(st_transform(the_geom, 25833), '0101000020E9640000A10C748073DC234129473B16070E5741'::geometry, '300'::double precision))
                           Rows Removed by Filter: 3164
   ->  Subquery Scan on "*SELECT* 3003"  (cost=165745.69..165745.70 rows=1 width=76) (actual time=0.644..0.644 rows=1 loops=1)
         ->  Limit  (cost=165745.69..165745.69 rows=1 width=84) (actual time=0.642..0.642 rows=1 loops=1)
               ->  Sort  (cost=165745.69..165745.69 rows=1 width=84) (actual time=0.640..0.640 rows=1 loops=1)
                     Sort Key: (st_distance(st_transform(s_3002.the_geom, 25833), '0101000020E9640000EAF710AD76DC2341B2E695F0050E5741'::geometry))
                     Sort Method: top-N heapsort  Memory: 25kB
                     ->  Seq Scan on phoml_trajectory_tmp s_3002  (cost=0.00..165745.68 rows=1 width=84) (actual time=0.022..0.570 rows=496 loops=1)
                           Filter: ((unix_time >= '1685451365.954'::double precision) AND (unix_time <= '1685451425.954'::double precision) AND st_dwithin(st_transform(the_geom, 25833), '0101000020E9640000EAF710AD76DC2341B2E695F0050E5741'::geometry, '300'::double precision))
                           Rows Removed by Filter: 3164
   ->  Subquery Scan on "*SELECT* 3004"  (cost=165745.69..165745.70 rows=1 width=76) (actual time=0.656..0.657 rows=1 loops=1)
         ->  Limit  (cost=165745.69..165745.69 rows=1 width=84) (actual time=0.652..0.653 rows=1 loops=1)
               ->  Sort  (cost=165745.69..165745.69 rows=1 width=84) (actual time=0.650..0.651 rows=1 loops=1)
                     Sort Key: (st_distance(st_transform(s_3003.the_geom, 25833), '0101000020E9640000FAEEEF177ADC23412F626FD1040E5741'::geometry))
                     Sort Method: top-N heapsort  Memory: 25kB
                     ->  Seq Scan on phoml_trajectory_tmp s_3003  (cost=0.00..165745.68 rows=1 width=84) (actual time=0.022..0.571 rows=496 loops=1)
                           Filter: ((unix_time >= '1685451366.337'::double precision) AND (unix_time <= '1685451426.337'::double precision) AND st_dwithin(st_transform(the_geom, 25833), '0101000020E9640000FAEEEF177ADC23412F626FD1040E5741'::geometry, '300'::double precision))
                           Rows Removed by Filter: 3164
   ->  Subquery Scan on "*SELECT* 3005"  (cost=165745.69..165745.70 rows=1 width=76) (actual time=0.662..0.663 rows=1 loops=1)
         ->  Limit  (cost=165745.69..165745.69 rows=1 width=84) (actual time=0.658..0.659 rows=1 loops=1)
               ->  Sort  (cost=165745.69..165745.69 rows=1 width=84) (actual time=0.656..0.657 rows=1 loops=1)
                     Sort Key: (st_distance(st_transform(s_3004.the_geom, 25833), '0101000020E964000035886E947DDC2341AF8398A4030E5741'::geometry))
                     Sort Method: top-N heapsort  Memory: 25kB
                     ->  Seq Scan on phoml_trajectory_tmp s_3004  (cost=0.00..165745.68 rows=1 width=84) (actual time=0.021..0.587 rows=496 loops=1)
                           Filter: ((unix_time >= '1685451366.737'::double precision) AND (unix_time <= '1685451426.737'::double precision) AND st_dwithin(st_transform(the_geom, 25833), '0101000020E964000035886E947DDC2341AF8398A4030E5741'::geometry, '300'::double precision))
                           Rows Removed by Filter: 3164
   ->  Subquery Scan on "*SELECT* 3006"  (cost=165745.69..165745.70 rows=1 width=76) (actual time=0.642..0.643 rows=1 loops=1)
         ->  Limit  (cost=165745.69..165745.69 rows=1 width=84) (actual time=0.640..0.641 rows=1 loops=1)
               ->  Sort  (cost=165745.69..165745.69 rows=1 width=84) (actual time=0.638..0.639 rows=1 loops=1)
                     Sort Key: (st_distance(st_transform(s_3005.the_geom, 25833), '0101000020E9640000A65121F680DC234179E51085020E5741'::geometry))
                     Sort Method: top-N heapsort  Memory: 25kB
                     ->  Seq Scan on phoml_trajectory_tmp s_3005  (cost=0.00..165745.68 rows=1 width=84) (actual time=0.022..0.571 rows=492 loops=1)
                           Filter: ((unix_time >= '1685451367.117'::double precision) AND (unix_time <= '1685451427.117'::double precision) AND st_dwithin(st_transform(the_geom, 25833), '0101000020E9640000A65121F680DC234179E51085020E5741'::geometry, '300'::double precision))
                           Rows Removed by Filter: 3168
   ->  Subquery Scan on "*SELECT* 3007"  (cost=165745.69..165745.70 rows=1 width=76) (actual time=0.652..0.654 rows=1 loops=1)
         ->  Limit  (cost=165745.69..165745.69 rows=1 width=84) (actual time=0.648..0.650 rows=1 loops=1)
               ->  Sort  (cost=165745.69..165745.69 rows=1 width=84) (actual time=0.646..0.647 rows=1 loops=1)
                     Sort Key: (st_distance(st_transform(s_3006.the_geom, 25833), '0101000020E9640000D7B90FDE84DC2341FA2E6456010E5741'::geometry))
                     Sort Method: top-N heapsort  Memory: 25kB
                     ->  Seq Scan on phoml_trajectory_tmp s_3006  (cost=0.00..165745.68 rows=1 width=84) (actual time=0.021..0.577 rows=492 loops=1)
                           Filter: ((unix_time >= '1685451367.497'::double precision) AND (unix_time <= '1685451427.497'::double precision) AND st_dwithin(st_transform(the_geom, 25833), '0101000020E9640000D7B90FDE84DC2341FA2E6456010E5741'::geometry, '300'::double precision))
                           Rows Removed by Filter: 3168
   ->  Subquery Scan on "*SELECT* 3008"  (cost=165745.69..165745.70 rows=1 width=76) (actual time=0.671..0.672 rows=1 loops=1)
         ->  Limit  (cost=165745.69..165745.69 rows=1 width=84) (actual time=0.667..0.668 rows=1 loops=1)
               ->  Sort  (cost=165745.69..165745.69 rows=1 width=84) (actual time=0.665..0.666 rows=1 loops=1)
                     Sort Key: (st_distance(st_transform(s_3007.the_geom, 25833), '0101000020E9640000CF652CD688DC2341CB539A2E000E5741'::geometry))
                     Sort Method: top-N heapsort  Memory: 25kB
                     ->  Seq Scan on phoml_trajectory_tmp s_3007  (cost=0.00..165745.68 rows=1 width=84) (actual time=0.021..0.587 rows=488 loops=1)
                           Filter: ((unix_time >= '1685451367.877'::double precision) AND (unix_time <= '1685451427.877'::double precision) AND st_dwithin(st_transform(the_geom, 25833), '0101000020E9640000CF652CD688DC2341CB539A2E000E5741'::geometry, '300'::double precision))
                           Rows Removed by Filter: 3172
   ->  Subquery Scan on "*SELECT* 3009"  (cost=165745.69..165745.70 rows=1 width=76) (actual time=0.644..0.645 rows=1 loops=1)
         ->  Limit  (cost=165745.69..165745.69 rows=1 width=84) (actual time=0.642..0.643 rows=1 loops=1)
               ->  Sort  (cost=165745.69..165745.69 rows=1 width=84) (actual time=0.640..0.640 rows=1 loops=1)
                     Sort Key: (st_distance(st_transform(s_3008.the_geom, 25833), '0101000020E9640000267486B68CDC2341CC301807FF0D5741'::geometry))
                     Sort Method: top-N heapsort  Memory: 25kB
                     ->  Seq Scan on phoml_trajectory_tmp s_3008  (cost=0.00..165745.68 rows=1 width=84) (actual time=0.025..0.570 rows=488 loops=1)
                           Filter: ((unix_time >= '1685451368.244'::double precision) AND (unix_time <= '1685451428.244'::double precision) AND st_dwithin(st_transform(the_geom, 25833), '0101000020E9640000267486B68CDC2341CC301807FF0D5741'::geometry, '300'::double precision))
                           Rows Removed by Filter: 3172
   ->  Subquery Scan on "*SELECT* 3010"  (cost=165745.69..165745.70 rows=1 width=76) (actual time=0.646..0.647 rows=1 loops=1)
         ->  Limit  (cost=165745.69..165745.69 rows=1 width=84) (actual time=0.642..0.643 rows=1 loops=1)
               ->  Sort  (cost=165745.69..165745.69 rows=1 width=84) (actual time=0.640..0.641 rows=1 loops=1)
                     Sort Key: (st_distance(st_transform(s_3009.the_geom, 25833), '0101000020E9640000F802588B90DC2341CC79C3DFFD0D5741'::geometry))
                     Sort Method: top-N heapsort  Memory: 25kB
                     ->  Seq Scan on phoml_trajectory_tmp s_3009  (cost=0.00..165745.68 rows=1 width=84) (actual time=0.021..0.574 rows=488 loops=1)
                           Filter: ((unix_time >= '1685451368.614'::double precision) AND (unix_time <= '1685451428.614'::double precision) AND st_dwithin(st_transform(the_geom, 25833), '0101000020E9640000F802588B90DC2341CC79C3DFFD0D5741'::geometry, '300'::double precision))
                           Rows Removed by Filter: 3172
   ->  Subquery Scan on "*SELECT* 3011"  (cost=165745.69..165745.70 rows=1 width=76) (actual time=0.645..0.646 rows=1 loops=1)
         ->  Limit  (cost=165745.69..165745.69 rows=1 width=84) (actual time=0.642..0.642 rows=1 loops=1)
               ->  Sort  (cost=165745.69..165745.69 rows=1 width=84) (actual time=0.640..0.640 rows=1 loops=1)
                     Sort Key: (st_distance(st_transform(s_3010.the_geom, 25833), '0101000020E96400000B64639094DC2341C8D8A9B0FC0D5741'::geometry))
                     Sort Method: top-N heapsort  Memory: 25kB
                     ->  Seq Scan on phoml_trajectory_tmp s_3010  (cost=0.00..165745.68 rows=1 width=84) (actual time=0.023..0.573 rows=484 loops=1)
                           Filter: ((unix_time >= '1685451368.984'::double precision) AND (unix_time <= '1685451428.984'::double precision) AND st_dwithin(st_transform(the_geom, 25833), '0101000020E96400000B64639094DC2341C8D8A9B0FC0D5741'::geometry, '300'::double precision))
                           Rows Removed by Filter: 3176
   ->  Subquery Scan on "*SELECT* 3012"  (cost=165745.69..165745.70 rows=1 width=76) (actual time=0.633..0.634 rows=1 loops=1)
         ->  Limit  (cost=165745.69..165745.69 rows=1 width=84) (actual time=0.631..0.632 rows=1 loops=1)
               ->  Sort  (cost=165745.69..165745.69 rows=1 width=84) (actual time=0.629..0.629 rows=1 loops=1)
                     Sort Key: (st_distance(st_transform(s_3011.the_geom, 25833), '0101000020E96400007EDFEFD598DC23411358E387FB0D5741'::geometry))
                     Sort Method: top-N heapsort  Memory: 25kB
                     ->  Seq Scan on phoml_trajectory_tmp s_3011  (cost=0.00..165745.68 rows=1 width=84) (actual time=0.021..0.563 rows=484 loops=1)
                           Filter: ((unix_time >= '1685451369.346'::double precision) AND (unix_time <= '1685451429.346'::double precision) AND st_dwithin(st_transform(the_geom, 25833), '0101000020E96400007EDFEFD598DC23411358E387FB0D5741'::geometry, '300'::double precision))
                           Rows Removed by Filter: 3176
   ->  Subquery Scan on "*SELECT* 3013"  (cost=165745.69..165745.70 rows=1 width=76) (actual time=0.654..0.655 rows=1 loops=1)
         ->  Limit  (cost=165745.69..165745.69 rows=1 width=84) (actual time=0.651..0.652 rows=1 loops=1)
               ->  Sort  (cost=165745.69..165745.69 rows=1 width=84) (actual time=0.649..0.649 rows=1 loops=1)
                     Sort Key: (st_distance(st_transform(s_3012.the_geom, 25833), '0101000020E9640000526EEA969DDC2341F1529D5EFA0D5741'::geometry))
                     Sort Method: top-N heapsort  Memory: 25kB
                     ->  Seq Scan on phoml_trajectory_tmp s_3012  (cost=0.00..165745.68 rows=1 width=84) (actual time=0.025..0.584 rows=484 loops=1)
                           Filter: ((unix_time >= '1685451369.716'::double precision) AND (unix_time <= '1685451429.716'::double precision) AND st_dwithin(st_transform(the_geom, 25833), '0101000020E9640000526EEA969DDC2341F1529D5EFA0D5741'::geometry, '300'::double precision))
                           Rows Removed by Filter: 3176
   ->  Subquery Scan on "*SELECT* 3014"  (cost=165745.69..165745.70 rows=1 width=76) (actual time=0.715..0.717 rows=1 loops=1)
         ->  Limit  (cost=165745.69..165745.69 rows=1 width=84) (actual time=0.711..0.712 rows=1 loops=1)
               ->  Sort  (cost=165745.69..165745.69 rows=1 width=84) (actual time=0.708..0.709 rows=1 loops=1)
                     Sort Key: (st_distance(st_transform(s_3013.the_geom, 25833), '0101000020E96400009AA356A4A2DC2341749C1C3CF90D5741'::geometry))
                     Sort Method: top-N heapsort  Memory: 25kB
                     ->  Seq Scan on phoml_trajectory_tmp s_3013  (cost=0.00..165745.68 rows=1 width=84) (actual time=0.023..0.628 rows=484 loops=1)
                           Filter: ((unix_time >= '1685451370.077'::double precision) AND (unix_time <= '1685451430.077'::double precision) AND st_dwithin(st_transform(the_geom, 25833), '0101000020E96400009AA356A4A2DC2341749C1C3CF90D5741'::geometry, '300'::double precision))
                           Rows Removed by Filter: 3176
   ->  Subquery Scan on "*SELECT* 3015"  (cost=165745.69..165745.70 rows=1 width=76) (actual time=0.639..0.640 rows=1 loops=1)
         ->  Limit  (cost=165745.69..165745.69 rows=1 width=84) (actual time=0.637..0.637 rows=1 loops=1)
               ->  Sort  (cost=165745.69..165745.69 rows=1 width=84) (actual time=0.635..0.635 rows=1 loops=1)
                     Sort Key: (st_distance(st_transform(s_3014.the_geom, 25833), '0101000020E9640000FF81F937A8DC2341C0CEEE12F80D5741'::geometry))
                     Sort Method: top-N heapsort  Memory: 25kB
                     ->  Seq Scan on phoml_trajectory_tmp s_3014  (cost=0.00..165745.68 rows=1 width=84) (actual time=0.026..0.568 rows=484 loops=1)
                           Filter: ((unix_time >= '1685451370.452'::double precision) AND (unix_time <= '1685451430.452'::double precision) AND st_dwithin(st_transform(the_geom, 25833), '0101000020E9640000FF81F937A8DC2341C0CEEE12F80D5741'::geometry, '300'::double precision))
                           Rows Removed by Filter: 3176
   ->  Subquery Scan on "*SELECT* 3016"  (cost=165745.69..165745.70 rows=1 width=76) (actual time=0.637..0.638 rows=1 loops=1)
         ->  Limit  (cost=165745.69..165745.69 rows=1 width=84) (actual time=0.635..0.636 rows=1 loops=1)
               ->  Sort  (cost=165745.69..165745.69 rows=1 width=84) (actual time=0.633..0.634 rows=1 loops=1)
                     Sort Key: (st_distance(st_transform(s_3015.the_geom, 25833), '0101000020E96400003A5CE611AEDC2341AEBEB0F1F60D5741'::geometry))
                     Sort Method: top-N heapsort  Memory: 25kB
                     ->  Seq Scan on phoml_trajectory_tmp s_3015  (cost=0.00..165745.68 rows=1 width=84) (actual time=0.034..0.568 rows=484 loops=1)
                           Filter: ((unix_time >= '1685451370.822'::double precision) AND (unix_time <= '1685451430.822'::double precision) AND st_dwithin(st_transform(the_geom, 25833), '0101000020E96400003A5CE611AEDC2341AEBEB0F1F60D5741'::geometry, '300'::double precision))
                           Rows Removed by Filter: 3176
   ->  Subquery Scan on "*SELECT* 3017"  (cost=165745.69..165745.70 rows=1 width=76) (actual time=0.659..0.660 rows=1 loops=1)
         ->  Limit  (cost=165745.69..165745.69 rows=1 width=84) (actual time=0.655..0.656 rows=1 loops=1)
               ->  Sort  (cost=165745.69..165745.69 rows=1 width=84) (actual time=0.653..0.653 rows=1 loops=1)
                     Sort Key: (st_distance(st_transform(s_3016.the_geom, 25833), '0101000020E9640000B5C07705B5DC2341BC2FC1CAF50D5741'::geometry))
                     Sort Method: top-N heapsort  Memory: 25kB
                     ->  Seq Scan on phoml_trajectory_tmp s_3016  (cost=0.00..165745.68 rows=1 width=84) (actual time=0.025..0.572 rows=484 loops=1)
                           Filter: ((unix_time >= '1685451371.206'::double precision) AND (unix_time <= '1685451431.206'::double precision) AND st_dwithin(st_transform(the_geom, 25833), '0101000020E9640000B5C07705B5DC2341BC2FC1CAF50D5741'::geometry, '300'::double precision))
                           Rows Removed by Filter: 3176
   ->  Subquery Scan on "*SELECT* 3018"  (cost=165745.69..165745.70 rows=1 width=76) (actual time=0.626..0.627 rows=1 loops=1)
         ->  Limit  (cost=165745.69..165745.69 rows=1 width=84) (actual time=0.623..0.624 rows=1 loops=1)
               ->  Sort  (cost=165745.69..165745.69 rows=1 width=84) (actual time=0.622..0.622 rows=1 loops=1)
                     Sort Key: (st_distance(st_transform(s_3017.the_geom, 25833), '0101000020E964000007F73121BCDC234192EF70BBF40D5741'::geometry))
                     Sort Method: top-N heapsort  Memory: 25kB
                     ->  Seq Scan on phoml_trajectory_tmp s_3017  (cost=0.00..165745.68 rows=1 width=84) (actual time=0.022..0.554 rows=484 loops=1)
                           Filter: ((unix_time >= '1685451371.566'::double precision) AND (unix_time <= '1685451431.566'::double precision) AND st_dwithin(st_transform(the_geom, 25833), '0101000020E964000007F73121BCDC234192EF70BBF40D5741'::geometry, '300'::double precision))
                           Rows Removed by Filter: 3176
   ->  Subquery Scan on "*SELECT* 3019"  (cost=165745.69..165745.70 rows=1 width=76) (actual time=0.644..0.645 rows=1 loops=1)
         ->  Limit  (cost=165745.69..165745.69 rows=1 width=84) (actual time=0.641..0.641 rows=1 loops=1)
               ->  Sort  (cost=165745.69..165745.69 rows=1 width=84) (actual time=0.638..0.639 rows=1 loops=1)
                     Sort Key: (st_distance(st_transform(s_3018.the_geom, 25833), '0101000020E9640000DC899434C4DC234103C32AA9F30D5741'::geometry))
                     Sort Method: top-N heapsort  Memory: 25kB
                     ->  Seq Scan on phoml_trajectory_tmp s_3018  (cost=0.00..165745.68 rows=1 width=84) (actual time=0.022..0.570 rows=488 loops=1)
                           Filter: ((unix_time >= '1685451371.946'::double precision) AND (unix_time <= '1685451431.946'::double precision) AND st_dwithin(st_transform(the_geom, 25833), '0101000020E9640000DC899434C4DC234103C32AA9F30D5741'::geometry, '300'::double precision))
                           Rows Removed by Filter: 3172
   ->  Subquery Scan on "*SELECT* 3020"  (cost=165745.69..165745.70 rows=1 width=76) (actual time=0.661..0.661 rows=1 loops=1)
         ->  Limit  (cost=165745.69..165745.69 rows=1 width=84) (actual time=0.657..0.657 rows=1 loops=1)
               ->  Sort  (cost=165745.69..165745.69 rows=1 width=84) (actual time=0.654..0.655 rows=1 loops=1)
                     Sort Key: (st_distance(st_transform(s_3019.the_geom, 25833), '0101000020E964000090CEB16ACCDC2341DAEC49A1F20D5741'::geometry))
                     Sort Method: top-N heapsort  Memory: 25kB
                     ->  Seq Scan on phoml_trajectory_tmp s_3019  (cost=0.00..165745.68 rows=1 width=84) (actual time=0.026..0.587 rows=484 loops=1)
                           Filter: ((unix_time >= '1685451372.319'::double precision) AND (unix_time <= '1685451432.319'::double precision) AND st_dwithin(st_transform(the_geom, 25833), '0101000020E964000090CEB16ACCDC2341DAEC49A1F20D5741'::geometry, '300'::double precision))
                           Rows Removed by Filter: 3176
   ->  Subquery Scan on "*SELECT* 3021"  (cost=165745.69..165745.70 rows=1 width=76) (actual time=0.640..0.641 rows=1 loops=1)
         ->  Limit  (cost=165745.69..165745.69 rows=1 width=84) (actual time=0.638..0.639 rows=1 loops=1)
               ->  Sort  (cost=165745.69..165745.69 rows=1 width=84) (actual time=0.636..0.636 rows=1 loops=1)
                     Sort Key: (st_distance(st_transform(s_3020.the_geom, 25833), '0101000020E9640000D589B57ED4DC2341F0ACC2A9F10D5741'::geometry))
                     Sort Method: top-N heapsort  Memory: 25kB
                     ->  Seq Scan on phoml_trajectory_tmp s_3020  (cost=0.00..165745.68 rows=1 width=84) (actual time=0.026..0.570 rows=484 loops=1)
                           Filter: ((unix_time >= '1685451372.689'::double precision) AND (unix_time <= '1685451432.689'::double precision) AND st_dwithin(st_transform(the_geom, 25833), '0101000020E9640000D589B57ED4DC2341F0ACC2A9F10D5741'::geometry, '300'::double precision))
                           Rows Removed by Filter: 3176
   ->  Subquery Scan on "*SELECT* 3022"  (cost=165745.69..165745.70 rows=1 width=76) (actual time=0.652..0.653 rows=1 loops=1)
         ->  Limit  (cost=165745.69..165745.69 rows=1 width=84) (actual time=0.649..0.650 rows=1 loops=1)
               ->  Sort  (cost=165745.69..165745.69 rows=1 width=84) (actual time=0.647..0.647 rows=1 loops=1)
                     Sort Key: (st_distance(st_transform(s_3021.the_geom, 25833), '0101000020E96400003A668DBFDCDC2341C91181B3F00D5741'::geometry))
                     Sort Method: top-N heapsort  Memory: 25kB
                     ->  Seq Scan on phoml_trajectory_tmp s_3021  (cost=0.00..165745.68 rows=1 width=84) (actual time=0.021..0.580 rows=484 loops=1)
                           Filter: ((unix_time >= '1685451373.069'::double precision) AND (unix_time <= '1685451433.069'::double precision) AND st_dwithin(st_transform(the_geom, 25833), '0101000020E96400003A668DBFDCDC2341C91181B3F00D5741'::geometry, '300'::double precision))
                           Rows Removed by Filter: 3176
   ->  Subquery Scan on "*SELECT* 3023"  (cost=165745.69..165745.70 rows=1 width=76) (actual time=0.644..0.645 rows=1 loops=1)
         ->  Limit  (cost=165745.69..165745.69 rows=1 width=84) (actual time=0.641..0.642 rows=1 loops=1)
               ->  Sort  (cost=165745.69..165745.69 rows=1 width=84) (actual time=0.639..0.639 rows=1 loops=1)
                     Sort Key: (st_distance(st_transform(s_3022.the_geom, 25833), '0101000020E96400006F27A7A1E5DC2341C160D3CAEF0D5741'::geometry))
                     Sort Method: top-N heapsort  Memory: 25kB
                     ->  Seq Scan on phoml_trajectory_tmp s_3022  (cost=0.00..165745.68 rows=1 width=84) (actual time=0.023..0.573 rows=484 loops=1)
                           Filter: ((unix_time >= '1685451373.445'::double precision) AND (unix_time <= '1685451433.445'::double precision) AND st_dwithin(st_transform(the_geom, 25833), '0101000020E96400006F27A7A1E5DC2341C160D3CAEF0D5741'::geometry, '300'::double precision))
                           Rows Removed by Filter: 3176
   ->  Subquery Scan on "*SELECT* 3024"  (cost=165745.69..165745.70 rows=1 width=76) (actual time=0.632..0.633 rows=1 loops=1)
         ->  Limit  (cost=165745.69..165745.69 rows=1 width=84) (actual time=0.630..0.630 rows=1 loops=1)
               ->  Sort  (cost=165745.69..165745.69 rows=1 width=84) (actual time=0.628..0.628 rows=1 loops=1)
                     Sort Key: (st_distance(st_transform(s_3023.the_geom, 25833), '0101000020E9640000B9B9C5F6EEDC2341338C78EDEE0D5741'::geometry))
                     Sort Method: top-N heapsort  Memory: 25kB
                     ->  Seq Scan on phoml_trajectory_tmp s_3023  (cost=0.00..165745.68 rows=1 width=84) (actual time=0.025..0.561 rows=484 loops=1)
                           Filter: ((unix_time >= '1685451373.825'::double precision) AND (unix_time <= '1685451433.825'::double precision) AND st_dwithin(st_transform(the_geom, 25833), '0101000020E9640000B9B9C5F6EEDC2341338C78EDEE0D5741'::geometry, '300'::double precision))
                           Rows Removed by Filter: 3176
   ->  Subquery Scan on "*SELECT* 3025"  (cost=165745.69..165745.70 rows=1 width=76) (actual time=0.657..0.658 rows=1 loops=1)
         ->  Limit  (cost=165745.69..165745.69 rows=1 width=84) (actual time=0.653..0.654 rows=1 loops=1)
               ->  Sort  (cost=165745.69..165745.69 rows=1 width=84) (actual time=0.651..0.652 rows=1 loops=1)
                     Sort Key: (st_distance(st_transform(s_3024.the_geom, 25833), '0101000020E964000069D86F7EF8DC2341A9580A0AEE0D5741'::geometry))
                     Sort Method: top-N heapsort  Memory: 25kB
                     ->  Seq Scan on phoml_trajectory_tmp s_3024  (cost=0.00..165745.68 rows=1 width=84) (actual time=0.024..0.583 rows=488 loops=1)
                           Filter: ((unix_time >= '1685451374.215'::double precision) AND (unix_time <= '1685451434.215'::double precision) AND st_dwithin(st_transform(the_geom, 25833), '0101000020E964000069D86F7EF8DC2341A9580A0AEE0D5741'::geometry, '300'::double precision))
                           Rows Removed by Filter: 3172
   ->  Subquery Scan on "*SELECT* 3026"  (cost=165745.69..165745.70 rows=1 width=76) (actual time=0.663..0.664 rows=1 loops=1)
         ->  Limit  (cost=165745.69..165745.69 rows=1 width=84) (actual time=0.659..0.660 rows=1 loops=1)
               ->  Sort  (cost=165745.69..165745.69 rows=1 width=84) (actual time=0.657..0.657 rows=1 loops=1)
                     Sort Key: (st_distance(st_transform(s_3025.the_geom, 25833), '0101000020E964000089C3139601DD2341A5FA8243ED0D5741'::geometry))
                     Sort Method: top-N heapsort  Memory: 25kB
                     ->  Seq Scan on phoml_trajectory_tmp s_3025  (cost=0.00..165745.68 rows=1 width=84) (actual time=0.022..0.589 rows=488 loops=1)
                           Filter: ((unix_time >= '1685451374.585'::double precision) AND (unix_time <= '1685451434.585'::double precision) AND st_dwithin(st_transform(the_geom, 25833), '0101000020E964000089C3139601DD2341A5FA8243ED0D5741'::geometry, '300'::double precision))
                           Rows Removed by Filter: 3172
   ->  Subquery Scan on "*SELECT* 3027"  (cost=165745.69..165745.70 rows=1 width=76) (actual time=0.634..0.636 rows=1 loops=1)
         ->  Limit  (cost=165745.69..165745.69 rows=1 width=84) (actual time=0.632..0.633 rows=1 loops=1)
               ->  Sort  (cost=165745.69..165745.69 rows=1 width=84) (actual time=0.630..0.631 rows=1 loops=1)
                     Sort Key: (st_distance(st_transform(s_3026.the_geom, 25833), '0101000020E96400007302E4140BDD2341FC16847FEC0D5741'::geometry))
                     Sort Method: top-N heapsort  Memory: 25kB
                     ->  Seq Scan on phoml_trajectory_tmp s_3026  (cost=0.00..165745.68 rows=1 width=84) (actual time=0.026..0.562 rows=488 loops=1)
                           Filter: ((unix_time >= '1685451374.965'::double precision) AND (unix_time <= '1685451434.965'::double precision) AND st_dwithin(st_transform(the_geom, 25833), '0101000020E96400007302E4140BDD2341FC16847FEC0D5741'::geometry, '300'::double precision))
                           Rows Removed by Filter: 3172
   ->  Subquery Scan on "*SELECT* 3028"  (cost=165745.69..165745.70 rows=1 width=76) (actual time=0.652..0.654 rows=1 loops=1)
         ->  Limit  (cost=165745.69..165745.69 rows=1 width=84) (actual time=0.649..0.650 rows=1 loops=1)
               ->  Sort  (cost=165745.69..165745.69 rows=1 width=84) (actual time=0.647..0.648 rows=1 loops=1)
                     Sort Key: (st_distance(st_transform(s_3027.the_geom, 25833), '0101000020E96400003E698BBB14DD2341A5E44BC5EB0D5741'::geometry))
                     Sort Method: top-N heapsort  Memory: 25kB
                     ->  Seq Scan on phoml_trajectory_tmp s_3027  (cost=0.00..165745.68 rows=1 width=84) (actual time=0.022..0.579 rows=488 loops=1)
                           Filter: ((unix_time >= '1685451375.342'::double precision) AND (unix_time <= '1685451435.342'::double precision) AND st_dwithin(st_transform(the_geom, 25833), '0101000020E96400003E698BBB14DD2341A5E44BC5EB0D5741'::geometry, '300'::double precision))
                           Rows Removed by Filter: 3172
   ->  Subquery Scan on "*SELECT* 3029"  (cost=165745.69..165745.70 rows=1 width=76) (actual time=0.660..0.662 rows=1 loops=1)
         ->  Limit  (cost=165745.69..165745.69 rows=1 width=84) (actual time=0.657..0.658 rows=1 loops=1)
               ->  Sort  (cost=165745.69..165745.69 rows=1 width=84) (actual time=0.655..0.655 rows=1 loops=1)
                     Sort Key: (st_distance(st_transform(s_3028.the_geom, 25833), '0101000020E96400002696C69A1EDD23410E00E20DEB0D5741'::geometry))
                     Sort Method: top-N heapsort  Memory: 25kB
                     ->  Seq Scan on phoml_trajectory_tmp s_3028  (cost=0.00..165745.68 rows=1 width=84) (actual time=0.025..0.590 rows=488 loops=1)
                           Filter: ((unix_time >= '1685451375.732'::double precision) AND (unix_time <= '1685451435.732'::double precision) AND st_dwithin(st_transform(the_geom, 25833), '0101000020E96400002696C69A1EDD23410E00E20DEB0D5741'::geometry, '300'::double precision))
                           Rows Removed by Filter: 3172
   ->  Subquery Scan on "*SELECT* 3030"  (cost=165745.69..165745.70 rows=1 width=76) (actual time=0.639..0.640 rows=1 loops=1)
         ->  Limit  (cost=165745.69..165745.69 rows=1 width=84) (actual time=0.637..0.638 rows=1 loops=1)
               ->  Sort  (cost=165745.69..165745.69 rows=1 width=84) (actual time=0.635..0.635 rows=1 loops=1)
                     Sort Key: (st_distance(st_transform(s_3029.the_geom, 25833), '0101000020E9640000EC35742428DD2341D0658361EA0D5741'::geometry))
                     Sort Method: top-N heapsort  Memory: 25kB
                     ->  Seq Scan on phoml_trajectory_tmp s_3029  (cost=0.00..165745.68 rows=1 width=84) (actual time=0.026..0.567 rows=488 loops=1)
                           Filter: ((unix_time >= '1685451376.092'::double precision) AND (unix_time <= '1685451436.092'::double precision) AND st_dwithin(st_transform(the_geom, 25833), '0101000020E9640000EC35742428DD2341D0658361EA0D5741'::geometry, '300'::double precision))
                           Rows Removed by Filter: 3172
   ->  Subquery Scan on "*SELECT* 3031"  (cost=165745.69..165745.70 rows=1 width=76) (actual time=0.705..0.707 rows=1 loops=1)
         ->  Limit  (cost=165745.69..165745.69 rows=1 width=84) (actual time=0.700..0.701 rows=1 loops=1)
               ->  Sort  (cost=165745.69..165745.69 rows=1 width=84) (actual time=0.698..0.699 rows=1 loops=1)
                     Sort Key: (st_distance(st_transform(s_3030.the_geom, 25833), '0101000020E96400002300F50532DD23412E9BC1BEE90D5741'::geometry))
                     Sort Method: top-N heapsort  Memory: 25kB
                     ->  Seq Scan on phoml_trajectory_tmp s_3030  (cost=0.00..165745.68 rows=1 width=84) (actual time=0.022..0.627 rows=488 loops=1)
                           Filter: ((unix_time >= '1685451376.469'::double precision) AND (unix_time <= '1685451436.469'::double precision) AND st_dwithin(st_transform(the_geom, 25833), '0101000020E96400002300F50532DD23412E9BC1BEE90D5741'::geometry, '300'::double precision))
                           Rows Removed by Filter: 3172
   ->  Subquery Scan on "*SELECT* 3032"  (cost=165745.69..165745.70 rows=1 width=76) (actual time=0.658..0.659 rows=1 loops=1)
         ->  Limit  (cost=165745.69..165745.69 rows=1 width=84) (actual time=0.654..0.655 rows=1 loops=1)
               ->  Sort  (cost=165745.69..165745.69 rows=1 width=84) (actual time=0.652..0.653 rows=1 loops=1)
                     Sort Key: (st_distance(st_transform(s_3031.the_geom, 25833), '0101000020E9640000BDF9DA613BDD234168341216E90D5741'::geometry))
                     Sort Method: top-N heapsort  Memory: 25kB
                     ->  Seq Scan on phoml_trajectory_tmp s_3031  (cost=0.00..165745.68 rows=1 width=84) (actual time=0.024..0.584 rows=488 loops=1)
                           Filter: ((unix_time >= '1685451376.839'::double precision) AND (unix_time <= '1685451436.839'::double precision) AND st_dwithin(st_transform(the_geom, 25833), '0101000020E9640000BDF9DA613BDD234168341216E90D5741'::geometry, '300'::double precision))
                           Rows Removed by Filter: 3172
   ->  Subquery Scan on "*SELECT* 3033"  (cost=165745.69..165745.70 rows=1 width=76) (actual time=0.655..0.657 rows=1 loops=1)
         ->  Limit  (cost=165745.69..165745.69 rows=1 width=84) (actual time=0.642..0.643 rows=1 loops=1)
               ->  Sort  (cost=165745.69..165745.69 rows=1 width=84) (actual time=0.640..0.640 rows=1 loops=1)
                     Sort Key: (st_distance(st_transform(s_3032.the_geom, 25833), '0101000020E9640000582452FF44DD2341C5F18968E80D5741'::geometry))
                     Sort Method: top-N heapsort  Memory: 25kB
                     ->  Seq Scan on phoml_trajectory_tmp s_3032  (cost=0.00..165745.68 rows=1 width=84) (actual time=0.032..0.574 rows=488 loops=1)
                           Filter: ((unix_time >= '1685451377.221'::double precision) AND (unix_time <= '1685451437.221'::double precision) AND st_dwithin(st_transform(the_geom, 25833), '0101000020E9640000582452FF44DD2341C5F18968E80D5741'::geometry, '300'::double precision))
                           Rows Removed by Filter: 3172
   ->  Subquery Scan on "*SELECT* 3034"  (cost=165745.69..165745.70 rows=1 width=76) (actual time=0.662..0.663 rows=1 loops=1)
         ->  Limit  (cost=165745.69..165745.69 rows=1 width=84) (actual time=0.660..0.661 rows=1 loops=1)
               ->  Sort  (cost=165745.69..165745.69 rows=1 width=84) (actual time=0.657..0.658 rows=1 loops=1)
                     Sort Key: (st_distance(st_transform(s_3033.the_geom, 25833), '0101000020E96400004F34C2424DDD2341ED9B1CC7E70D5741'::geometry))
                     Sort Method: top-N heapsort  Memory: 25kB
                     ->  Seq Scan on phoml_trajectory_tmp s_3033  (cost=0.00..165745.68 rows=1 width=84) (actual time=0.028..0.586 rows=488 loops=1)
                           Filter: ((unix_time >= '1685451377.571'::double precision) AND (unix_time <= '1685451437.571'::double precision) AND st_dwithin(st_transform(the_geom, 25833), '0101000020E96400004F34C2424DDD2341ED9B1CC7E70D5741'::geometry, '300'::double precision))
                           Rows Removed by Filter: 3172
   ->  Subquery Scan on "*SELECT* 3035"  (cost=165745.69..165745.70 rows=1 width=76) (actual time=0.659..0.660 rows=1 loops=1)
         ->  Limit  (cost=165745.69..165745.69 rows=1 width=84) (actual time=0.656..0.657 rows=1 loops=1)
               ->  Sort  (cost=165745.69..165745.69 rows=1 width=84) (actual time=0.653..0.654 rows=1 loops=1)
                     Sort Key: (st_distance(st_transform(s_3034.the_geom, 25833), '0101000020E9640000FAA046BD55DD2341237DD510E70D5741'::geometry))
                     Sort Method: top-N heapsort  Memory: 25kB
                     ->  Seq Scan on phoml_trajectory_tmp s_3034  (cost=0.00..165745.68 rows=1 width=84) (actual time=0.024..0.586 rows=488 loops=1)
                           Filter: ((unix_time >= '1685451377.941'::double precision) AND (unix_time <= '1685451437.941'::double precision) AND st_dwithin(st_transform(the_geom, 25833), '0101000020E9640000FAA046BD55DD2341237DD510E70D5741'::geometry, '300'::double precision))
                           Rows Removed by Filter: 3172
   ->  Subquery Scan on "*SELECT* 3036"  (cost=165745.69..165745.70 rows=1 width=76) (actual time=0.657..0.658 rows=1 loops=1)
         ->  Limit  (cost=165745.69..165745.69 rows=1 width=84) (actual time=0.653..0.654 rows=1 loops=1)
               ->  Sort  (cost=165745.69..165745.69 rows=1 width=84) (actual time=0.651..0.651 rows=1 loops=1)
                     Sort Key: (st_distance(st_transform(s_3035.the_geom, 25833), '0101000020E9640000E74E372F5EDD23411AB76461E60D5741'::geometry))
                     Sort Method: top-N heapsort  Memory: 25kB
                     ->  Seq Scan on phoml_trajectory_tmp s_3035  (cost=0.00..165745.68 rows=1 width=84) (actual time=0.024..0.582 rows=488 loops=1)
                           Filter: ((unix_time >= '1685451378.305'::double precision) AND (unix_time <= '1685451438.305'::double precision) AND st_dwithin(st_transform(the_geom, 25833), '0101000020E9640000E74E372F5EDD23411AB76461E60D5741'::geometry, '300'::double precision))
                           Rows Removed by Filter: 3172
   ->  Subquery Scan on "*SELECT* 3037"  (cost=165745.69..165745.70 rows=1 width=76) (actual time=0.656..0.657 rows=1 loops=1)
         ->  Limit  (cost=165745.69..165745.69 rows=1 width=84) (actual time=0.654..0.655 rows=1 loops=1)
               ->  Sort  (cost=165745.69..165745.69 rows=1 width=84) (actual time=0.650..0.651 rows=1 loops=1)
                     Sort Key: (st_distance(st_transform(s_3036.the_geom, 25833), '0101000020E96400009658CB8E66DD2341247BC7B0E50D5741'::geometry))
                     Sort Method: top-N heapsort  Memory: 25kB
                     ->  Seq Scan on phoml_trajectory_tmp s_3036  (cost=0.00..165745.68 rows=1 width=84) (actual time=0.027..0.582 rows=488 loops=1)
                           Filter: ((unix_time >= '1685451378.675'::double precision) AND (unix_time <= '1685451438.675'::double precision) AND st_dwithin(st_transform(the_geom, 25833), '0101000020E96400009658CB8E66DD2341247BC7B0E50D5741'::geometry, '300'::double precision))
                           Rows Removed by Filter: 3172
   ->  Subquery Scan on "*SELECT* 3038"  (cost=165745.69..165745.70 rows=1 width=76) (actual time=0.657..0.658 rows=1 loops=1)
         ->  Limit  (cost=165745.69..165745.69 rows=1 width=84) (actual time=0.654..0.655 rows=1 loops=1)
               ->  Sort  (cost=165745.69..165745.69 rows=1 width=84) (actual time=0.652..0.653 rows=1 loops=1)
                     Sort Key: (st_distance(st_transform(s_3037.the_geom, 25833), '0101000020E9640000AFCC0DDD6EDD2341DF5B4C01E50D5741'::geometry))
                     Sort Method: top-N heapsort  Memory: 25kB
                     ->  Seq Scan on phoml_trajectory_tmp s_3037  (cost=0.00..165745.68 rows=1 width=84) (actual time=0.023..0.585 rows=488 loops=1)
                           Filter: ((unix_time >= '1685451379.035'::double precision) AND (unix_time <= '1685451439.035'::double precision) AND st_dwithin(st_transform(the_geom, 25833), '0101000020E9640000AFCC0DDD6EDD2341DF5B4C01E50D5741'::geometry, '300'::double precision))
                           Rows Removed by Filter: 3172
   ->  Subquery Scan on "*SELECT* 3039"  (cost=165745.69..165745.70 rows=1 width=76) (actual time=0.652..0.653 rows=1 loops=1)
         ->  Limit  (cost=165745.69..165745.69 rows=1 width=84) (actual time=0.648..0.649 rows=1 loops=1)
               ->  Sort  (cost=165745.69..165745.69 rows=1 width=84) (actual time=0.646..0.646 rows=1 loops=1)
                     Sort Key: (st_distance(st_transform(s_3038.the_geom, 25833), '0101000020E9640000D26E9C4C77DD234121D1FC48E40D5741'::geometry))
                     Sort Method: top-N heapsort  Memory: 25kB
                     ->  Seq Scan on phoml_trajectory_tmp s_3038  (cost=0.00..165745.68 rows=1 width=84) (actual time=0.023..0.569 rows=488 loops=1)
                           Filter: ((unix_time >= '1685451379.412'::double precision) AND (unix_time <= '1685451439.412'::double precision) AND st_dwithin(st_transform(the_geom, 25833), '0101000020E9640000D26E9C4C77DD234121D1FC48E40D5741'::geometry, '300'::double precision))
                           Rows Removed by Filter: 3172
   ->  Subquery Scan on "*SELECT* 3040"  (cost=165745.69..165745.70 rows=1 width=76) (actual time=0.641..0.642 rows=1 loops=1)
         ->  Limit  (cost=165745.69..165745.69 rows=1 width=84) (actual time=0.638..0.639 rows=1 loops=1)
               ->  Sort  (cost=165745.69..165745.69 rows=1 width=84) (actual time=0.636..0.637 rows=1 loops=1)
                     Sort Key: (st_distance(st_transform(s_3039.the_geom, 25833), '0101000020E964000016D4BE547FDD2341C5BD6D92E30D5741'::geometry))
                     Sort Method: top-N heapsort  Memory: 25kB
                     ->  Seq Scan on phoml_trajectory_tmp s_3039  (cost=0.00..165745.68 rows=1 width=84) (actual time=0.025..0.570 rows=488 loops=1)
                           Filter: ((unix_time >= '1685451379.782'::double precision) AND (unix_time <= '1685451439.782'::double precision) AND st_dwithin(st_transform(the_geom, 25833), '0101000020E964000016D4BE547FDD2341C5BD6D92E30D5741'::geometry, '300'::double precision))
                           Rows Removed by Filter: 3172
   ->  Subquery Scan on "*SELECT* 3041"  (cost=165745.69..165745.70 rows=1 width=76) (actual time=0.659..0.660 rows=1 loops=1)
         ->  Limit  (cost=165745.69..165745.69 rows=1 width=84) (actual time=0.655..0.656 rows=1 loops=1)
               ->  Sort  (cost=165745.69..165745.69 rows=1 width=84) (actual time=0.654..0.654 rows=1 loops=1)
                     Sort Key: (st_distance(st_transform(s_3040.the_geom, 25833), '0101000020E964000038C1A90387DD23412DD92ED0E20D5741'::geometry))
                     Sort Method: top-N heapsort  Memory: 25kB
                     ->  Seq Scan on phoml_trajectory_tmp s_3040  (cost=0.00..165745.68 rows=1 width=84) (actual time=0.025..0.587 rows=488 loops=1)
                           Filter: ((unix_time >= '1685451380.161'::double precision) AND (unix_time <= '1685451440.161'::double precision) AND st_dwithin(st_transform(the_geom, 25833), '0101000020E964000038C1A90387DD23412DD92ED0E20D5741'::geometry, '300'::double precision))
                           Rows Removed by Filter: 3172
   ->  Subquery Scan on "*SELECT* 3042"  (cost=165745.69..165745.70 rows=1 width=76) (actual time=0.655..0.656 rows=1 loops=1)
         ->  Limit  (cost=165745.69..165745.69 rows=1 width=84) (actual time=0.651..0.652 rows=1 loops=1)
               ->  Sort  (cost=165745.69..165745.69 rows=1 width=84) (actual time=0.649..0.650 rows=1 loops=1)
                     Sort Key: (st_distance(st_transform(s_3041.the_geom, 25833), '0101000020E9640000674D1D4E8EDD23418B33A90CE20D5741'::geometry))
                     Sort Method: top-N heapsort  Memory: 25kB
                     ->  Seq Scan on phoml_trajectory_tmp s_3041  (cost=0.00..165745.68 rows=1 width=84) (actual time=0.025..0.579 rows=488 loops=1)
                           Filter: ((unix_time >= '1685451380.531'::double precision) AND (unix_time <= '1685451440.531'::double precision) AND st_dwithin(st_transform(the_geom, 25833), '0101000020E9640000674D1D4E8EDD23418B33A90CE20D5741'::geometry, '300'::double precision))
                           Rows Removed by Filter: 3172
   ->  Subquery Scan on "*SELECT* 3043"  (cost=165745.69..165745.70 rows=1 width=76) (actual time=0.642..0.643 rows=1 loops=1)
         ->  Limit  (cost=165745.69..165745.69 rows=1 width=84) (actual time=0.640..0.641 rows=1 loops=1)
               ->  Sort  (cost=165745.69..165745.69 rows=1 width=84) (actual time=0.638..0.639 rows=1 loops=1)
                     Sort Key: (st_distance(st_transform(s_3042.the_geom, 25833), '0101000020E96400008B7B02B595DD23419D565947E10D5741'::geometry))
                     Sort Method: top-N heapsort  Memory: 25kB
                     ->  Seq Scan on phoml_trajectory_tmp s_3042  (cost=0.00..165745.68 rows=1 width=84) (actual time=0.025..0.571 rows=488 loops=1)
                           Filter: ((unix_time >= '1685451380.911'::double precision) AND (unix_time <= '1685451440.911'::double precision) AND st_dwithin(st_transform(the_geom, 25833), '0101000020E96400008B7B02B595DD23419D565947E10D5741'::geometry, '300'::double precision))
                           Rows Removed by Filter: 3172
   ->  Subquery Scan on "*SELECT* 3044"  (cost=165745.69..165745.70 rows=1 width=76) (actual time=0.659..0.660 rows=1 loops=1)
         ->  Limit  (cost=165745.69..165745.69 rows=1 width=84) (actual time=0.656..0.656 rows=1 loops=1)
               ->  Sort  (cost=165745.69..165745.69 rows=1 width=84) (actual time=0.654..0.654 rows=1 loops=1)
                     Sort Key: (st_distance(st_transform(s_3043.the_geom, 25833), '0101000020E9640000D5B93E129CDD234129301B78E00D5741'::geometry))
                     Sort Method: top-N heapsort  Memory: 25kB
                     ->  Seq Scan on phoml_trajectory_tmp s_3043  (cost=0.00..165745.68 rows=1 width=84) (actual time=0.024..0.578 rows=488 loops=1)
                           Filter: ((unix_time >= '1685451381.275'::double precision) AND (unix_time <= '1685451441.275'::double precision) AND st_dwithin(st_transform(the_geom, 25833), '0101000020E9640000D5B93E129CDD234129301B78E00D5741'::geometry, '300'::double precision))
                           Rows Removed by Filter: 3172
   ->  Subquery Scan on "*SELECT* 3045"  (cost=165745.69..165745.70 rows=1 width=76) (actual time=0.680..0.681 rows=1 loops=1)
         ->  Limit  (cost=165745.69..165745.69 rows=1 width=84) (actual time=0.676..0.677 rows=1 loops=1)
               ->  Sort  (cost=165745.69..165745.69 rows=1 width=84) (actual time=0.674..0.675 rows=1 loops=1)
                     Sort Key: (st_distance(st_transform(s_3044.the_geom, 25833), '0101000020E9640000F88AA038A2DD2341B76EDC8BDF0D5741'::geometry))
                     Sort Method: top-N heapsort  Memory: 25kB
                     ->  Seq Scan on phoml_trajectory_tmp s_3044  (cost=0.00..165745.68 rows=1 width=84) (actual time=0.027..0.605 rows=488 loops=1)
                           Filter: ((unix_time >= '1685451381.665'::double precision) AND (unix_time <= '1685451441.665'::double precision) AND st_dwithin(st_transform(the_geom, 25833), '0101000020E9640000F88AA038A2DD2341B76EDC8BDF0D5741'::geometry, '300'::double precision))
                           Rows Removed by Filter: 3172
   ->  Subquery Scan on "*SELECT* 3046"  (cost=165745.69..165745.70 rows=1 width=76) (actual time=0.650..0.651 rows=1 loops=1)
         ->  Limit  (cost=165745.69..165745.69 rows=1 width=84) (actual time=0.648..0.649 rows=1 loops=1)
               ->  Sort  (cost=165745.69..165745.69 rows=1 width=84) (actual time=0.646..0.646 rows=1 loops=1)
                     Sort Key: (st_distance(st_transform(s_3045.the_geom, 25833), '0101000020E9640000B8509102A7DD234198F924A0DE0D5741'::geometry))
                     Sort Method: top-N heapsort  Memory: 25kB
                     ->  Seq Scan on phoml_trajectory_tmp s_3045  (cost=0.00..165745.68 rows=1 width=84) (actual time=0.024..0.579 rows=484 loops=1)
                           Filter: ((unix_time >= '1685451382.035'::double precision) AND (unix_time <= '1685451442.035'::double precision) AND st_dwithin(st_transform(the_geom, 25833), '0101000020E9640000B8509102A7DD234198F924A0DE0D5741'::geometry, '300'::double precision))
                           Rows Removed by Filter: 3176
   ->  Subquery Scan on "*SELECT* 3047"  (cost=165745.69..165745.70 rows=1 width=76) (actual time=0.716..0.717 rows=1 loops=1)
         ->  Limit  (cost=165745.69..165745.69 rows=1 width=84) (actual time=0.712..0.713 rows=1 loops=1)
               ->  Sort  (cost=165745.69..165745.69 rows=1 width=84) (actual time=0.710..0.710 rows=1 loops=1)
                     Sort Key: (st_distance(st_transform(s_3046.the_geom, 25833), '0101000020E9640000097BF5A8AADD234172566296DD0D5741'::geometry))
                     Sort Method: top-N heapsort  Memory: 25kB
                     ->  Seq Scan on phoml_trajectory_tmp s_3046  (cost=0.00..165745.68 rows=1 width=84) (actual time=0.027..0.640 rows=484 loops=1)
                           Filter: ((unix_time >= '1685451382.423'::double precision) AND (unix_time <= '1685451442.423'::double precision) AND st_dwithin(st_transform(the_geom, 25833), '0101000020E9640000097BF5A8AADD234172566296DD0D5741'::geometry, '300'::double precision))
                           Rows Removed by Filter: 3176
   ->  Subquery Scan on "*SELECT* 3048"  (cost=165745.69..165745.70 rows=1 width=76) (actual time=0.669..0.670 rows=1 loops=1)
         ->  Limit  (cost=165745.69..165745.69 rows=1 width=84) (actual time=0.666..0.667 rows=1 loops=1)
               ->  Sort  (cost=165745.69..165745.69 rows=1 width=84) (actual time=0.664..0.665 rows=1 loops=1)
                     Sort Key: (st_distance(st_transform(s_3047.the_geom, 25833), '0101000020E96400004A6AC147ADDD234179C96488DC0D5741'::geometry))
                     Sort Method: top-N heapsort  Memory: 25kB
                     ->  Seq Scan on phoml_trajectory_tmp s_3047  (cost=0.00..165745.68 rows=1 width=84) (actual time=0.026..0.596 rows=488 loops=1)
                           Filter: ((unix_time >= '1685451382.803'::double precision) AND (unix_time <= '1685451442.803'::double precision) AND st_dwithin(st_transform(the_geom, 25833), '0101000020E96400004A6AC147ADDD234179C96488DC0D5741'::geometry, '300'::double precision))
                           Rows Removed by Filter: 3172
   ->  Subquery Scan on "*SELECT* 3049"  (cost=165745.69..165745.70 rows=1 width=76) (actual time=0.654..0.656 rows=1 loops=1)
         ->  Limit  (cost=165745.69..165745.69 rows=1 width=84) (actual time=0.652..0.653 rows=1 loops=1)
               ->  Sort  (cost=165745.69..165745.69 rows=1 width=84) (actual time=0.650..0.650 rows=1 loops=1)
                     Sort Key: (st_distance(st_transform(s_3048.the_geom, 25833), '0101000020E9640000E2E66B5DAEDD2341E5CE6E6EDB0D5741'::geometry))
                     Sort Method: top-N heapsort  Memory: 25kB
                     ->  Seq Scan on phoml_trajectory_tmp s_3048  (cost=0.00..165745.68 rows=1 width=84) (actual time=0.030..0.582 rows=488 loops=1)
                           Filter: ((unix_time >= '1685451383.194'::double precision) AND (unix_time <= '1685451443.194'::double precision) AND st_dwithin(st_transform(the_geom, 25833), '0101000020E9640000E2E66B5DAEDD2341E5CE6E6EDB0D5741'::geometry, '300'::double precision))
                           Rows Removed by Filter: 3172
   ->  Subquery Scan on "*SELECT* 3050"  (cost=165745.69..165745.70 rows=1 width=76) (actual time=0.664..0.666 rows=1 loops=1)
         ->  Limit  (cost=165745.69..165745.69 rows=1 width=84) (actual time=0.661..0.662 rows=1 loops=1)
               ->  Sort  (cost=165745.69..165745.69 rows=1 width=84) (actual time=0.659..0.660 rows=1 loops=1)
                     Sort Key: (st_distance(st_transform(s_3049.the_geom, 25833), '0101000020E964000074703047AFDD23418D12375BDA0D5741'::geometry))
                     Sort Method: top-N heapsort  Memory: 25kB
                     ->  Seq Scan on phoml_trajectory_tmp s_3049  (cost=0.00..165745.68 rows=1 width=84) (actual time=0.026..0.592 rows=488 loops=1)
                           Filter: ((unix_time >= '1685451383.564'::double precision) AND (unix_time <= '1685451443.564'::double precision) AND st_dwithin(st_transform(the_geom, 25833), '0101000020E964000074703047AFDD23418D12375BDA0D5741'::geometry, '300'::double precision))
                           Rows Removed by Filter: 3172
   ->  Subquery Scan on "*SELECT* 3051"  (cost=165745.69..165745.70 rows=1 width=76) (actual time=0.654..0.655 rows=1 loops=1)
         ->  Limit  (cost=165745.69..165745.69 rows=1 width=84) (actual time=0.651..0.652 rows=1 loops=1)
               ->  Sort  (cost=165745.69..165745.69 rows=1 width=84) (actual time=0.648..0.649 rows=1 loops=1)
                     Sort Key: (st_distance(st_transform(s_3050.the_geom, 25833), '0101000020E96400002D3C2492B0DD2341C671A83ED90D5741'::geometry))
                     Sort Method: top-N heapsort  Memory: 25kB
                     ->  Seq Scan on phoml_trajectory_tmp s_3050  (cost=0.00..165745.68 rows=1 width=84) (actual time=0.025..0.582 rows=488 loops=1)
                           Filter: ((unix_time >= '1685451383.954'::double precision) AND (unix_time <= '1685451443.954'::double precision) AND st_dwithin(st_transform(the_geom, 25833), '0101000020E96400002D3C2492B0DD2341C671A83ED90D5741'::geometry, '300'::double precision))
                           Rows Removed by Filter: 3172
   ->  Subquery Scan on "*SELECT* 3052"  (cost=165745.69..165745.70 rows=1 width=76) (actual time=0.640..0.641 rows=1 loops=1)
         ->  Limit  (cost=165745.69..165745.69 rows=1 width=84) (actual time=0.638..0.638 rows=1 loops=1)
               ->  Sort  (cost=165745.69..165745.69 rows=1 width=84) (actual time=0.636..0.636 rows=1 loops=1)
                     Sort Key: (st_distance(st_transform(s_3051.the_geom, 25833), '0101000020E964000096769645B2DD2341D0DD5129D80D5741'::geometry))
                     Sort Method: top-N heapsort  Memory: 25kB
                     ->  Seq Scan on phoml_trajectory_tmp s_3051  (cost=0.00..165745.68 rows=1 width=84) (actual time=0.025..0.568 rows=484 loops=1)
                           Filter: ((unix_time >= '1685451384.329'::double precision) AND (unix_time <= '1685451444.329'::double precision) AND st_dwithin(st_transform(the_geom, 25833), '0101000020E964000096769645B2DD2341D0DD5129D80D5741'::geometry, '300'::double precision))
                           Rows Removed by Filter: 3176
   ->  Subquery Scan on "*SELECT* 3053"  (cost=165745.69..165745.70 rows=1 width=76) (actual time=0.669..0.670 rows=1 loops=1)
         ->  Limit  (cost=165745.69..165745.69 rows=1 width=84) (actual time=0.665..0.666 rows=1 loops=1)
               ->  Sort  (cost=165745.69..165745.69 rows=1 width=84) (actual time=0.664..0.664 rows=1 loops=1)
                     Sort Key: (st_distance(st_transform(s_3052.the_geom, 25833), '0101000020E96400003E66B677B4DD2341ECA48B09D70D5741'::geometry))
                     Sort Method: top-N heapsort  Memory: 25kB
                     ->  Seq Scan on phoml_trajectory_tmp s_3052  (cost=0.00..165745.68 rows=1 width=84) (actual time=0.026..0.597 rows=488 loops=1)
                           Filter: ((unix_time >= '1685451384.719'::double precision) AND (unix_time <= '1685451444.719'::double precision) AND st_dwithin(st_transform(the_geom, 25833), '0101000020E96400003E66B677B4DD2341ECA48B09D70D5741'::geometry, '300'::double precision))
                           Rows Removed by Filter: 3172
   ->  Subquery Scan on "*SELECT* 3054"  (cost=165745.69..165745.70 rows=1 width=76) (actual time=0.662..0.664 rows=1 loops=1)
         ->  Limit  (cost=165745.69..165745.69 rows=1 width=84) (actual time=0.659..0.660 rows=1 loops=1)
               ->  Sort  (cost=165745.69..165745.69 rows=1 width=84) (actual time=0.657..0.658 rows=1 loops=1)
                     Sort Key: (st_distance(st_transform(s_3053.the_geom, 25833), '0101000020E96400008F3DBEE7B6DD2341669201F9D50D5741'::geometry))
                     Sort Method: top-N heapsort  Memory: 25kB
                     ->  Seq Scan on phoml_trajectory_tmp s_3053  (cost=0.00..165745.68 rows=1 width=84) (actual time=0.024..0.589 rows=488 loops=1)
                           Filter: ((unix_time >= '1685451385.089'::double precision) AND (unix_time <= '1685451445.089'::double precision) AND st_dwithin(st_transform(the_geom, 25833), '0101000020E96400008F3DBEE7B6DD2341669201F9D50D5741'::geometry, '300'::double precision))
                           Rows Removed by Filter: 3172
   ->  Subquery Scan on "*SELECT* 3055"  (cost=165745.69..165745.70 rows=1 width=76) (actual time=0.650..0.651 rows=1 loops=1)
         ->  Limit  (cost=165745.69..165745.69 rows=1 width=84) (actual time=0.648..0.649 rows=1 loops=1)
               ->  Sort  (cost=165745.69..165745.69 rows=1 width=84) (actual time=0.646..0.646 rows=1 loops=1)
                     Sort Key: (st_distance(st_transform(s_3054.the_geom, 25833), '0101000020E9640000EA6E0449BADD2341BA222FD3D40D5741'::geometry))
                     Sort Method: top-N heapsort  Memory: 25kB
                     ->  Seq Scan on phoml_trajectory_tmp s_3054  (cost=0.00..165745.68 rows=1 width=84) (actual time=0.024..0.577 rows=488 loops=1)
                           Filter: ((unix_time >= '1685451385.482'::double precision) AND (unix_time <= '1685451445.482'::double precision) AND st_dwithin(st_transform(the_geom, 25833), '0101000020E9640000EA6E0449BADD2341BA222FD3D40D5741'::geometry, '300'::double precision))
                           Rows Removed by Filter: 3172
   ->  Subquery Scan on "*SELECT* 3056"  (cost=165745.69..165745.70 rows=1 width=76) (actual time=0.661..0.662 rows=1 loops=1)
         ->  Limit  (cost=165745.69..165745.69 rows=1 width=84) (actual time=0.658..0.659 rows=1 loops=1)
               ->  Sort  (cost=165745.69..165745.69 rows=1 width=84) (actual time=0.656..0.656 rows=1 loops=1)
                     Sort Key: (st_distance(st_transform(s_3055.the_geom, 25833), '0101000020E9640000462AF379BEDD2341E57796ACD30D5741'::geometry))
                     Sort Method: top-N heapsort  Memory: 25kB
                     ->  Seq Scan on phoml_trajectory_tmp s_3055  (cost=0.00..165745.68 rows=1 width=84) (actual time=0.025..0.589 rows=488 loops=1)
                           Filter: ((unix_time >= '1685451385.872'::double precision) AND (unix_time <= '1685451445.872'::double precision) AND st_dwithin(st_transform(the_geom, 25833), '0101000020E9640000462AF379BEDD2341E57796ACD30D5741'::geometry, '300'::double precision))
                           Rows Removed by Filter: 3172
   ->  Subquery Scan on "*SELECT* 3057"  (cost=165745.69..165745.70 rows=1 width=76) (actual time=0.669..0.670 rows=1 loops=1)
         ->  Limit  (cost=165745.69..165745.69 rows=1 width=84) (actual time=0.666..0.666 rows=1 loops=1)
               ->  Sort  (cost=165745.69..165745.69 rows=1 width=84) (actual time=0.664..0.664 rows=1 loops=1)
                     Sort Key: (st_distance(st_transform(s_3056.the_geom, 25833), '0101000020E964000043302003C3DD2341BC09428CD20D5741'::geometry))
                     Sort Method: top-N heapsort  Memory: 25kB
                     ->  Seq Scan on phoml_trajectory_tmp s_3056  (cost=0.00..165745.68 rows=1 width=84) (actual time=0.029..0.582 rows=488 loops=1)
                           Filter: ((unix_time >= '1685451386.246'::double precision) AND (unix_time <= '1685451446.246'::double precision) AND st_dwithin(st_transform(the_geom, 25833), '0101000020E964000043302003C3DD2341BC09428CD20D5741'::geometry, '300'::double precision))
                           Rows Removed by Filter: 3172
   ->  Subquery Scan on "*SELECT* 3058"  (cost=165745.69..165745.70 rows=1 width=76) (actual time=0.646..0.647 rows=1 loops=1)
         ->  Limit  (cost=165745.69..165745.69 rows=1 width=84) (actual time=0.643..0.644 rows=1 loops=1)
               ->  Sort  (cost=165745.69..165745.69 rows=1 width=84) (actual time=0.641..0.641 rows=1 loops=1)
                     Sort Key: (st_distance(st_transform(s_3057.the_geom, 25833), '0101000020E964000026F5180CC7DD23410284B36CD10D5741'::geometry))
                     Sort Method: top-N heapsort  Memory: 25kB
                     ->  Seq Scan on phoml_trajectory_tmp s_3057  (cost=0.00..165745.68 rows=1 width=84) (actual time=0.025..0.573 rows=488 loops=1)
                           Filter: ((unix_time >= '1685451386.616'::double precision) AND (unix_time <= '1685451446.616'::double precision) AND st_dwithin(st_transform(the_geom, 25833), '0101000020E964000026F5180CC7DD23410284B36CD10D5741'::geometry, '300'::double precision))
                           Rows Removed by Filter: 3172
   ->  Subquery Scan on "*SELECT* 3059"  (cost=165745.69..165745.70 rows=1 width=76) (actual time=0.678..0.680 rows=1 loops=1)
         ->  Limit  (cost=165745.69..165745.69 rows=1 width=84) (actual time=0.675..0.676 rows=1 loops=1)
               ->  Sort  (cost=165745.69..165745.69 rows=1 width=84) (actual time=0.673..0.674 rows=1 loops=1)
                     Sort Key: (st_distance(st_transform(s_3058.the_geom, 25833), '0101000020E96400004A000118CBDD2341FD323F54D00D5741'::geometry))
                     Sort Method: top-N heapsort  Memory: 25kB
                     ->  Seq Scan on phoml_trajectory_tmp s_3058  (cost=0.00..165745.68 rows=1 width=84) (actual time=0.026..0.603 rows=488 loops=1)
                           Filter: ((unix_time >= '1685451386.986'::double precision) AND (unix_time <= '1685451446.986'::double precision) AND st_dwithin(st_transform(the_geom, 25833), '0101000020E96400004A000118CBDD2341FD323F54D00D5741'::geometry, '300'::double precision))
                           Rows Removed by Filter: 3172
   ->  Subquery Scan on "*SELECT* 3060"  (cost=165745.69..165745.70 rows=1 width=76) (actual time=0.692..0.693 rows=1 loops=1)
         ->  Limit  (cost=165745.69..165745.69 rows=1 width=84) (actual time=0.688..0.689 rows=1 loops=1)
               ->  Sort  (cost=165745.69..165745.69 rows=1 width=84) (actual time=0.686..0.687 rows=1 loops=1)
                     Sort Key: (st_distance(st_transform(s_3059.the_geom, 25833), '0101000020E964000035004459CFDD23413AEE7E26CF0D5741'::geometry))
                     Sort Method: top-N heapsort  Memory: 25kB
                     ->  Seq Scan on phoml_trajectory_tmp s_3059  (cost=0.00..165745.68 rows=1 width=84) (actual time=0.027..0.615 rows=488 loops=1)
                           Filter: ((unix_time >= '1685451387.373'::double precision) AND (unix_time <= '1685451447.373'::double precision) AND st_dwithin(st_transform(the_geom, 25833), '0101000020E964000035004459CFDD23413AEE7E26CF0D5741'::geometry, '300'::double precision))
                           Rows Removed by Filter: 3172
   ->  Subquery Scan on "*SELECT* 3061"  (cost=165745.69..165745.70 rows=1 width=76) (actual time=0.653..0.654 rows=1 loops=1)
         ->  Limit  (cost=165745.69..165745.69 rows=1 width=84) (actual time=0.651..0.652 rows=1 loops=1)
               ->  Sort  (cost=165745.69..165745.69 rows=1 width=84) (actual time=0.649..0.649 rows=1 loops=1)
                     Sort Key: (st_distance(st_transform(s_3060.the_geom, 25833), '0101000020E964000040580C62D3DD23410FD7E9FFCD0D5741'::geometry))
                     Sort Method: top-N heapsort  Memory: 25kB
                     ->  Seq Scan on phoml_trajectory_tmp s_3060  (cost=0.00..165745.68 rows=1 width=84) (actual time=0.028..0.582 rows=488 loops=1)
                           Filter: ((unix_time >= '1685451387.743'::double precision) AND (unix_time <= '1685451447.743'::double precision) AND st_dwithin(st_transform(the_geom, 25833), '0101000020E964000040580C62D3DD23410FD7E9FFCD0D5741'::geometry, '300'::double precision))
                           Rows Removed by Filter: 3172
   ->  Subquery Scan on "*SELECT* 3062"  (cost=165745.69..165745.70 rows=1 width=76) (actual time=0.667..0.668 rows=1 loops=1)
         ->  Limit  (cost=165745.69..165745.69 rows=1 width=84) (actual time=0.664..0.665 rows=1 loops=1)
               ->  Sort  (cost=165745.69..165745.69 rows=1 width=84) (actual time=0.662..0.663 rows=1 loops=1)
                     Sort Key: (st_distance(st_transform(s_3061.the_geom, 25833), '0101000020E9640000EE82FD9CD7DD23413EB978E0CC0D5741'::geometry))
                     Sort Method: top-N heapsort  Memory: 25kB
                     ->  Seq Scan on phoml_trajectory_tmp s_3061  (cost=0.00..165745.68 rows=1 width=84) (actual time=0.043..0.593 rows=488 loops=1)
                           Filter: ((unix_time >= '1685451388.113'::double precision) AND (unix_time <= '1685451448.113'::double precision) AND st_dwithin(st_transform(the_geom, 25833), '0101000020E9640000EE82FD9CD7DD23413EB978E0CC0D5741'::geometry, '300'::double precision))
                           Rows Removed by Filter: 3172
   ->  Subquery Scan on "*SELECT* 3063"  (cost=165745.69..165745.70 rows=1 width=76) (actual time=0.714..0.715 rows=1 loops=1)
         ->  Limit  (cost=165745.69..165745.69 rows=1 width=84) (actual time=0.709..0.710 rows=1 loops=1)
               ->  Sort  (cost=165745.69..165745.69 rows=1 width=84) (actual time=0.707..0.707 rows=1 loops=1)
                     Sort Key: (st_distance(st_transform(s_3062.the_geom, 25833), '0101000020E96400009FB43D02DCDD23410CEC42C1CB0D5741'::geometry))
                     Sort Method: top-N heapsort  Memory: 25kB
                     ->  Seq Scan on phoml_trajectory_tmp s_3062  (cost=0.00..165745.68 rows=1 width=84) (actual time=0.024..0.639 rows=488 loops=1)
                           Filter: ((unix_time >= '1685451388.468'::double precision) AND (unix_time <= '1685451448.468'::double precision) AND st_dwithin(st_transform(the_geom, 25833), '0101000020E96400009FB43D02DCDD23410CEC42C1CB0D5741'::geometry, '300'::double precision))
                           Rows Removed by Filter: 3172
   ->  Subquery Scan on "*SELECT* 3064"  (cost=165745.69..165745.70 rows=1 width=76) (actual time=0.663..0.664 rows=1 loops=1)
         ->  Limit  (cost=165745.69..165745.69 rows=1 width=84) (actual time=0.658..0.659 rows=1 loops=1)
               ->  Sort  (cost=165745.69..165745.69 rows=1 width=84) (actual time=0.656..0.657 rows=1 loops=1)
                     Sort Key: (st_distance(st_transform(s_3063.the_geom, 25833), '0101000020E9640000D1452E2AE0DD234129BE20A8CA0D5741'::geometry))
                     Sort Method: top-N heapsort  Memory: 25kB
                     ->  Seq Scan on phoml_trajectory_tmp s_3063  (cost=0.00..165745.68 rows=1 width=84) (actual time=0.026..0.587 rows=488 loops=1)
                           Filter: ((unix_time >= '1685451388.818'::double precision) AND (unix_time <= '1685451448.818'::double precision) AND st_dwithin(st_transform(the_geom, 25833), '0101000020E9640000D1452E2AE0DD234129BE20A8CA0D5741'::geometry, '300'::double precision))
                           Rows Removed by Filter: 3172
   ->  Subquery Scan on "*SELECT* 3065"  (cost=165745.69..165745.70 rows=1 width=76) (actual time=0.646..0.647 rows=1 loops=1)
         ->  Limit  (cost=165745.69..165745.69 rows=1 width=84) (actual time=0.644..0.645 rows=1 loops=1)
               ->  Sort  (cost=165745.69..165745.69 rows=1 width=84) (actual time=0.642..0.642 rows=1 loops=1)
                     Sort Key: (st_distance(st_transform(s_3064.the_geom, 25833), '0101000020E964000027AEDF9BE4DD2341286C537AC90D5741'::geometry))
                     Sort Method: top-N heapsort  Memory: 25kB
                     ->  Seq Scan on phoml_trajectory_tmp s_3064  (cost=0.00..165745.68 rows=1 width=84) (actual time=0.031..0.575 rows=488 loops=1)
                           Filter: ((unix_time >= '1685451389.197'::double precision) AND (unix_time <= '1685451449.197'::double precision) AND st_dwithin(st_transform(the_geom, 25833), '0101000020E964000027AEDF9BE4DD2341286C537AC90D5741'::geometry, '300'::double precision))
                           Rows Removed by Filter: 3172
   ->  Subquery Scan on "*SELECT* 3066"  (cost=165745.69..165745.70 rows=1 width=76) (actual time=0.664..0.665 rows=1 loops=1)
         ->  Limit  (cost=165745.69..165745.69 rows=1 width=84) (actual time=0.660..0.661 rows=1 loops=1)
               ->  Sort  (cost=165745.69..165745.69 rows=1 width=84) (actual time=0.658..0.659 rows=1 loops=1)
                     Sort Key: (st_distance(st_transform(s_3065.the_geom, 25833), '0101000020E9640000F9D459E3E8DD2341393CF252C80D5741'::geometry))
                     Sort Method: top-N heapsort  Memory: 25kB
                     ->  Seq Scan on phoml_trajectory_tmp s_3065  (cost=0.00..165745.68 rows=1 width=84) (actual time=0.025..0.592 rows=488 loops=1)
                           Filter: ((unix_time >= '1685451389.537'::double precision) AND (unix_time <= '1685451449.537'::double precision) AND st_dwithin(st_transform(the_geom, 25833), '0101000020E9640000F9D459E3E8DD2341393CF252C80D5741'::geometry, '300'::double precision))
                           Rows Removed by Filter: 3172
   ->  Subquery Scan on "*SELECT* 3067"  (cost=165745.69..165745.70 rows=1 width=76) (actual time=0.679..0.681 rows=1 loops=1)
         ->  Limit  (cost=165745.69..165745.69 rows=1 width=84) (actual time=0.676..0.677 rows=1 loops=1)
               ->  Sort  (cost=165745.69..165745.69 rows=1 width=84) (actual time=0.674..0.675 rows=1 loops=1)
                     Sort Key: (st_distance(st_transform(s_3066.the_geom, 25833), '0101000020E964000039D45CB4ECDD23411944F540C70D5741'::geometry))
                     Sort Method: top-N heapsort  Memory: 25kB
                     ->  Seq Scan on phoml_trajectory_tmp s_3066  (cost=0.00..165745.68 rows=1 width=84) (actual time=0.029..0.606 rows=488 loops=1)
                           Filter: ((unix_time >= '1685451389.867'::double precision) AND (unix_time <= '1685451449.867'::double precision) AND st_dwithin(st_transform(the_geom, 25833), '0101000020E964000039D45CB4ECDD23411944F540C70D5741'::geometry, '300'::double precision))
                           Rows Removed by Filter: 3172
   ->  Subquery Scan on "*SELECT* 3068"  (cost=165745.69..165745.70 rows=1 width=76) (actual time=0.657..0.658 rows=1 loops=1)
         ->  Limit  (cost=165745.69..165745.69 rows=1 width=84) (actual time=0.655..0.656 rows=1 loops=1)
               ->  Sort  (cost=165745.69..165745.69 rows=1 width=84) (actual time=0.652..0.653 rows=1 loops=1)
                     Sort Key: (st_distance(st_transform(s_3067.the_geom, 25833), '0101000020E9640000B7B22345F1DD2341624B4B14C60D5741'::geometry))
                     Sort Method: top-N heapsort  Memory: 25kB
                     ->  Seq Scan on phoml_trajectory_tmp s_3067  (cost=0.00..165745.68 rows=1 width=84) (actual time=0.026..0.585 rows=488 loops=1)
                           Filter: ((unix_time >= '1685451390.231'::double precision) AND (unix_time <= '1685451450.231'::double precision) AND st_dwithin(st_transform(the_geom, 25833), '0101000020E9640000B7B22345F1DD2341624B4B14C60D5741'::geometry, '300'::double precision))
                           Rows Removed by Filter: 3172
   ->  Subquery Scan on "*SELECT* 3069"  (cost=165745.69..165745.70 rows=1 width=76) (actual time=0.665..0.666 rows=1 loops=1)
         ->  Limit  (cost=165745.69..165745.69 rows=1 width=84) (actual time=0.662..0.663 rows=1 loops=1)
               ->  Sort  (cost=165745.69..165745.69 rows=1 width=84) (actual time=0.660..0.660 rows=1 loops=1)
                     Sort Key: (st_distance(st_transform(s_3068.the_geom, 25833), '0101000020E96400001B4CE195F5DD2341B71D5EF3C40D5741'::geometry))
                     Sort Method: top-N heapsort  Memory: 25kB
                     ->  Seq Scan on phoml_trajectory_tmp s_3068  (cost=0.00..165745.68 rows=1 width=84) (actual time=0.027..0.582 rows=488 loops=1)
                           Filter: ((unix_time >= '1685451390.571'::double precision) AND (unix_time <= '1685451450.571'::double precision) AND st_dwithin(st_transform(the_geom, 25833), '0101000020E96400001B4CE195F5DD2341B71D5EF3C40D5741'::geometry, '300'::double precision))
                           Rows Removed by Filter: 3172
   ->  Subquery Scan on "*SELECT* 3070"  (cost=165745.69..165745.70 rows=1 width=76) (actual time=0.669..0.670 rows=1 loops=1)
         ->  Limit  (cost=165745.69..165745.69 rows=1 width=84) (actual time=0.665..0.665 rows=1 loops=1)
               ->  Sort  (cost=165745.69..165745.69 rows=1 width=84) (actual time=0.663..0.663 rows=1 loops=1)
                     Sort Key: (st_distance(st_transform(s_3069.the_geom, 25833), '0101000020E9640000E817A4EEF9DD234196FE15D3C30D5741'::geometry))
                     Sort Method: top-N heapsort  Memory: 25kB
                     ->  Seq Scan on phoml_trajectory_tmp s_3069  (cost=0.00..165745.68 rows=1 width=84) (actual time=0.028..0.592 rows=488 loops=1)
                           Filter: ((unix_time >= '1685451390.911'::double precision) AND (unix_time <= '1685451450.911'::double precision) AND st_dwithin(st_transform(the_geom, 25833), '0101000020E9640000E817A4EEF9DD234196FE15D3C30D5741'::geometry, '300'::double precision))
                           Rows Removed by Filter: 3172
   ->  Subquery Scan on "*SELECT* 3071"  (cost=165745.69..165745.70 rows=1 width=76) (actual time=0.650..0.651 rows=1 loops=1)
         ->  Limit  (cost=165745.69..165745.69 rows=1 width=84) (actual time=0.648..0.648 rows=1 loops=1)
               ->  Sort  (cost=165745.69..165745.69 rows=1 width=84) (actual time=0.645..0.646 rows=1 loops=1)
                     Sort Key: (st_distance(st_transform(s_3070.the_geom, 25833), '0101000020E9640000155EB13CFEDD234189B0CAACC20D5741'::geometry))
                     Sort Method: top-N heapsort  Memory: 25kB
                     ->  Seq Scan on phoml_trajectory_tmp s_3070  (cost=0.00..165745.68 rows=1 width=84) (actual time=0.027..0.576 rows=488 loops=1)
                           Filter: ((unix_time >= '1685451391.262'::double precision) AND (unix_time <= '1685451451.262'::double precision) AND st_dwithin(st_transform(the_geom, 25833), '0101000020E9640000155EB13CFEDD234189B0CAACC20D5741'::geometry, '300'::double precision))
                           Rows Removed by Filter: 3172
   ->  Subquery Scan on "*SELECT* 3072"  (cost=165745.69..165745.70 rows=1 width=76) (actual time=0.661..0.663 rows=1 loops=1)
         ->  Limit  (cost=165745.69..165745.69 rows=1 width=84) (actual time=0.658..0.659 rows=1 loops=1)
               ->  Sort  (cost=165745.69..165745.69 rows=1 width=84) (actual time=0.656..0.656 rows=1 loops=1)
                     Sort Key: (st_distance(st_transform(s_3071.the_geom, 25833), '0101000020E9640000ACDC368A02DE23417FD1E78CC10D5741'::geometry))
                     Sort Method: top-N heapsort  Memory: 25kB
                     ->  Seq Scan on phoml_trajectory_tmp s_3071  (cost=0.00..165745.68 rows=1 width=84) (actual time=0.028..0.589 rows=488 loops=1)
                           Filter: ((unix_time >= '1685451391.602'::double precision) AND (unix_time <= '1685451451.602'::double precision) AND st_dwithin(st_transform(the_geom, 25833), '0101000020E9640000ACDC368A02DE23417FD1E78CC10D5741'::geometry, '300'::double precision))
                           Rows Removed by Filter: 3172
   ->  Subquery Scan on "*SELECT* 3073"  (cost=165745.69..165745.70 rows=1 width=76) (actual time=0.665..0.667 rows=1 loops=1)
         ->  Limit  (cost=165745.69..165745.69 rows=1 width=84) (actual time=0.662..0.663 rows=1 loops=1)
               ->  Sort  (cost=165745.69..165745.69 rows=1 width=84) (actual time=0.660..0.660 rows=1 loops=1)
                     Sort Key: (st_distance(st_transform(s_3072.the_geom, 25833), '0101000020E9640000960058B606DE2341EB03276DC00D5741'::geometry))
                     Sort Method: top-N heapsort  Memory: 25kB
                     ->  Seq Scan on phoml_trajectory_tmp s_3072  (cost=0.00..165745.68 rows=1 width=84) (actual time=0.027..0.593 rows=488 loops=1)
                           Filter: ((unix_time >= '1685451391.942'::double precision) AND (unix_time <= '1685451451.942'::double precision) AND st_dwithin(st_transform(the_geom, 25833), '0101000020E9640000960058B606DE2341EB03276DC00D5741'::geometry, '300'::double precision))
                           Rows Removed by Filter: 3172
   ->  Subquery Scan on "*SELECT* 3074"  (cost=165745.69..165745.70 rows=1 width=76) (actual time=0.659..0.660 rows=1 loops=1)
         ->  Limit  (cost=165745.69..165745.69 rows=1 width=84) (actual time=0.657..0.658 rows=1 loops=1)
               ->  Sort  (cost=165745.69..165745.69 rows=1 width=84) (actual time=0.655..0.656 rows=1 loops=1)
                     Sort Key: (st_distance(st_transform(s_3073.the_geom, 25833), '0101000020E964000058F848D90ADE2341A143924DBF0D5741'::geometry))
                     Sort Method: top-N heapsort  Memory: 25kB
                     ->  Seq Scan on phoml_trajectory_tmp s_3073  (cost=0.00..165745.68 rows=1 width=84) (actual time=0.028..0.588 rows=488 loops=1)
                           Filter: ((unix_time >= '1685451392.282'::double precision) AND (unix_time <= '1685451452.282'::double precision) AND st_dwithin(st_transform(the_geom, 25833), '0101000020E964000058F848D90ADE2341A143924DBF0D5741'::geometry, '300'::double precision))
                           Rows Removed by Filter: 3172
   ->  Subquery Scan on "*SELECT* 3075"  (cost=165745.69..165745.70 rows=1 width=76) (actual time=0.660..0.661 rows=1 loops=1)
         ->  Limit  (cost=165745.69..165745.69 rows=1 width=84) (actual time=0.656..0.657 rows=1 loops=1)
               ->  Sort  (cost=165745.69..165745.69 rows=1 width=84) (actual time=0.654..0.655 rows=1 loops=1)
                     Sort Key: (st_distance(st_transform(s_3074.the_geom, 25833), '0101000020E9640000E91E8DD10EDE2341D855E526BE0D5741'::geometry))
                     Sort Method: top-N heapsort  Memory: 25kB
                     ->  Seq Scan on phoml_trajectory_tmp s_3074  (cost=0.00..165745.68 rows=1 width=84) (actual time=0.025..0.588 rows=488 loops=1)
                           Filter: ((unix_time >= '1685451392.632'::double precision) AND (unix_time <= '1685451452.632'::double precision) AND st_dwithin(st_transform(the_geom, 25833), '0101000020E9640000E91E8DD10EDE2341D855E526BE0D5741'::geometry, '300'::double precision))
                           Rows Removed by Filter: 3172
   ->  Subquery Scan on "*SELECT* 3076"  (cost=165745.69..165745.70 rows=1 width=76) (actual time=0.668..0.669 rows=1 loops=1)
         ->  Limit  (cost=165745.69..165745.69 rows=1 width=84) (actual time=0.665..0.666 rows=1 loops=1)
               ->  Sort  (cost=165745.69..165745.69 rows=1 width=84) (actual time=0.663..0.664 rows=1 loops=1)
                     Sort Key: (st_distance(st_transform(s_3075.the_geom, 25833), '0101000020E9640000F542FBB312DE23416028AA0EBD0D5741'::geometry))
                     Sort Method: top-N heapsort  Memory: 25kB
                     ->  Seq Scan on phoml_trajectory_tmp s_3075  (cost=0.00..165745.68 rows=1 width=84) (actual time=0.028..0.594 rows=488 loops=1)
                           Filter: ((unix_time >= '1685451392.972'::double precision) AND (unix_time <= '1685451452.972'::double precision) AND st_dwithin(st_transform(the_geom, 25833), '0101000020E9640000F542FBB312DE23416028AA0EBD0D5741'::geometry, '300'::double precision))
                           Rows Removed by Filter: 3172
   ->  Subquery Scan on "*SELECT* 3077"  (cost=165745.69..165745.70 rows=1 width=76) (actual time=0.664..0.665 rows=1 loops=1)
         ->  Limit  (cost=165745.69..165745.69 rows=1 width=84) (actual time=0.662..0.662 rows=1 loops=1)
               ->  Sort  (cost=165745.69..165745.69 rows=1 width=84) (actual time=0.660..0.660 rows=1 loops=1)
                     Sort Key: (st_distance(st_transform(s_3076.the_geom, 25833), '0101000020E96400007FCBA5DE16DE2341E24812E1BB0D5741'::geometry))
                     Sort Method: top-N heapsort  Memory: 25kB
                     ->  Seq Scan on phoml_trajectory_tmp s_3076  (cost=0.00..165745.68 rows=1 width=84) (actual time=0.029..0.587 rows=488 loops=1)
                           Filter: ((unix_time >= '1685451393.33'::double precision) AND (unix_time <= '1685451453.33'::double precision) AND st_dwithin(st_transform(the_geom, 25833), '0101000020E96400007FCBA5DE16DE2341E24812E1BB0D5741'::geometry, '300'::double precision))
                           Rows Removed by Filter: 3172
   ->  Subquery Scan on "*SELECT* 3078"  (cost=165745.69..165745.70 rows=1 width=76) (actual time=0.671..0.672 rows=1 loops=1)
         ->  Limit  (cost=165745.69..165745.69 rows=1 width=84) (actual time=0.668..0.669 rows=1 loops=1)
               ->  Sort  (cost=165745.69..165745.69 rows=1 width=84) (actual time=0.666..0.666 rows=1 loops=1)
                     Sort Key: (st_distance(st_transform(s_3077.the_geom, 25833), '0101000020E964000058DE0BFF1ADE2341B25A68C1BA0D5741'::geometry))
                     Sort Method: top-N heapsort  Memory: 25kB
                     ->  Seq Scan on phoml_trajectory_tmp s_3077  (cost=0.00..165745.68 rows=1 width=84) (actual time=0.026..0.595 rows=488 loops=1)
                           Filter: ((unix_time >= '1685451393.68'::double precision) AND (unix_time <= '1685451453.68'::double precision) AND st_dwithin(st_transform(the_geom, 25833), '0101000020E964000058DE0BFF1ADE2341B25A68C1BA0D5741'::geometry, '300'::double precision))
                           Rows Removed by Filter: 3172
   ->  Subquery Scan on "*SELECT* 3079"  (cost=165745.69..165745.70 rows=1 width=76) (actual time=0.934..0.935 rows=1 loops=1)
         ->  Limit  (cost=165745.69..165745.69 rows=1 width=84) (actual time=0.927..0.928 rows=1 loops=1)
               ->  Sort  (cost=165745.69..165745.69 rows=1 width=84) (actual time=0.925..0.926 rows=1 loops=1)
                     Sort Key: (st_distance(st_transform(s_3078.the_geom, 25833), '0101000020E9640000716C7B611FDE2341B5CA5C9AB90D5741'::geometry))
                     Sort Method: top-N heapsort  Memory: 25kB
                     ->  Seq Scan on phoml_trajectory_tmp s_3078  (cost=0.00..165745.68 rows=1 width=84) (actual time=0.050..0.808 rows=488 loops=1)
                           Filter: ((unix_time >= '1685451394.03'::double precision) AND (unix_time <= '1685451454.03'::double precision) AND st_dwithin(st_transform(the_geom, 25833), '0101000020E9640000716C7B611FDE2341B5CA5C9AB90D5741'::geometry, '300'::double precision))
                           Rows Removed by Filter: 3172
   ->  Subquery Scan on "*SELECT* 3080"  (cost=165745.69..165745.70 rows=1 width=76) (actual time=0.684..0.685 rows=1 loops=1)
         ->  Limit  (cost=165745.69..165745.69 rows=1 width=84) (actual time=0.680..0.681 rows=1 loops=1)
               ->  Sort  (cost=165745.69..165745.69 rows=1 width=84) (actual time=0.678..0.678 rows=1 loops=1)
                     Sort Key: (st_distance(st_transform(s_3079.the_geom, 25833), '0101000020E9640000FE5FBD9D23DE23412D15807AB80D5741'::geometry))
                     Sort Method: top-N heapsort  Memory: 25kB
                     ->  Seq Scan on phoml_trajectory_tmp s_3079  (cost=0.00..165745.68 rows=1 width=84) (actual time=0.036..0.606 rows=488 loops=1)
                           Filter: ((unix_time >= '1685451394.372'::double precision) AND (unix_time <= '1685451454.372'::double precision) AND st_dwithin(st_transform(the_geom, 25833), '0101000020E9640000FE5FBD9D23DE23412D15807AB80D5741'::geometry, '300'::double precision))
                           Rows Removed by Filter: 3172
   ->  Subquery Scan on "*SELECT* 3081"  (cost=165745.69..165745.70 rows=1 width=76) (actual time=0.654..0.655 rows=1 loops=1)
         ->  Limit  (cost=165745.69..165745.69 rows=1 width=84) (actual time=0.651..0.652 rows=1 loops=1)
               ->  Sort  (cost=165745.69..165745.69 rows=1 width=84) (actual time=0.649..0.650 rows=1 loops=1)
                     Sort Key: (st_distance(st_transform(s_3080.the_geom, 25833), '0101000020E96400006A28CDC727DE2341C096575AB70D5741'::geometry))
                     Sort Method: top-N heapsort  Memory: 25kB
                     ->  Seq Scan on phoml_trajectory_tmp s_3080  (cost=0.00..165745.68 rows=1 width=84) (actual time=0.028..0.580 rows=488 loops=1)
                           Filter: ((unix_time >= '1685451394.712'::double precision) AND (unix_time <= '1685451454.712'::double precision) AND st_dwithin(st_transform(the_geom, 25833), '0101000020E96400006A28CDC727DE2341C096575AB70D5741'::geometry, '300'::double precision))
                           Rows Removed by Filter: 3172
   ->  Subquery Scan on "*SELECT* 3082"  (cost=165745.69..165745.70 rows=1 width=76) (actual time=0.681..0.682 rows=1 loops=1)
         ->  Limit  (cost=165745.69..165745.69 rows=1 width=84) (actual time=0.677..0.678 rows=1 loops=1)
               ->  Sort  (cost=165745.69..165745.69 rows=1 width=84) (actual time=0.675..0.675 rows=1 loops=1)
                     Sort Key: (st_distance(st_transform(s_3081.the_geom, 25833), '0101000020E96400002AB8AD212CDE2341AAD76533B60D5741'::geometry))
                     Sort Method: top-N heapsort  Memory: 25kB
                     ->  Seq Scan on phoml_trajectory_tmp s_3081  (cost=0.00..165745.68 rows=1 width=84) (actual time=0.027..0.605 rows=488 loops=1)
                           Filter: ((unix_time >= '1685451395.062'::double precision) AND (unix_time <= '1685451455.062'::double precision) AND st_dwithin(st_transform(the_geom, 25833), '0101000020E96400002AB8AD212CDE2341AAD76533B60D5741'::geometry, '300'::double precision))
                           Rows Removed by Filter: 3172
   ->  Subquery Scan on "*SELECT* 3083"  (cost=165745.69..165745.70 rows=1 width=76) (actual time=0.671..0.672 rows=1 loops=1)
         ->  Limit  (cost=165745.69..165745.69 rows=1 width=84) (actual time=0.667..0.668 rows=1 loops=1)
               ->  Sort  (cost=165745.69..165745.69 rows=1 width=84) (actual time=0.665..0.665 rows=1 loops=1)
                     Sort Key: (st_distance(st_transform(s_3082.the_geom, 25833), '0101000020E964000012A0305330DE234185CB9113B50D5741'::geometry))
                     Sort Method: top-N heapsort  Memory: 25kB
                     ->  Seq Scan on phoml_trajectory_tmp s_3082  (cost=0.00..165745.68 rows=1 width=84) (actual time=0.028..0.596 rows=488 loops=1)
                           Filter: ((unix_time >= '1685451395.403'::double precision) AND (unix_time <= '1685451455.403'::double precision) AND st_dwithin(st_transform(the_geom, 25833), '0101000020E964000012A0305330DE234185CB9113B50D5741'::geometry, '300'::double precision))
                           Rows Removed by Filter: 3172
   ->  Subquery Scan on "*SELECT* 3084"  (cost=165745.69..165745.70 rows=1 width=76) (actual time=0.675..0.677 rows=1 loops=1)
         ->  Limit  (cost=165745.69..165745.69 rows=1 width=84) (actual time=0.672..0.673 rows=1 loops=1)
               ->  Sort  (cost=165745.69..165745.69 rows=1 width=84) (actual time=0.670..0.671 rows=1 loops=1)
                     Sort Key: (st_distance(st_transform(s_3083.the_geom, 25833), '0101000020E9640000E340396834DE2341C173DDF3B30D5741'::geometry))
                     Sort Method: top-N heapsort  Memory: 25kB
                     ->  Seq Scan on phoml_trajectory_tmp s_3083  (cost=0.00..165745.68 rows=1 width=84) (actual time=0.030..0.600 rows=492 loops=1)
                           Filter: ((unix_time >= '1685451395.743'::double precision) AND (unix_time <= '1685451455.743'::double precision) AND st_dwithin(st_transform(the_geom, 25833), '0101000020E9640000E340396834DE2341C173DDF3B30D5741'::geometry, '300'::double precision))
                           Rows Removed by Filter: 3168
   ->  Subquery Scan on "*SELECT* 3085"  (cost=165745.69..165745.70 rows=1 width=76) (actual time=0.645..0.646 rows=1 loops=1)
         ->  Limit  (cost=165745.69..165745.69 rows=1 width=84) (actual time=0.642..0.643 rows=1 loops=1)
               ->  Sort  (cost=165745.69..165745.69 rows=1 width=84) (actual time=0.641..0.641 rows=1 loops=1)
                     Sort Key: (st_distance(st_transform(s_3084.the_geom, 25833), '0101000020E9640000CDAEB59438DE2341DAAC09CDB20D5741'::geometry))
                     Sort Method: top-N heapsort  Memory: 25kB
                     ->  Seq Scan on phoml_trajectory_tmp s_3084  (cost=0.00..165745.68 rows=1 width=84) (actual time=0.029..0.574 rows=488 loops=1)
                           Filter: ((unix_time >= '1685451396.083'::double precision) AND (unix_time <= '1685451456.083'::double precision) AND st_dwithin(st_transform(the_geom, 25833), '0101000020E9640000CDAEB59438DE2341DAAC09CDB20D5741'::geometry, '300'::double precision))
                           Rows Removed by Filter: 3172
   ->  Subquery Scan on "*SELECT* 3086"  (cost=165745.69..165745.70 rows=1 width=76) (actual time=0.671..0.672 rows=1 loops=1)
         ->  Limit  (cost=165745.69..165745.69 rows=1 width=84) (actual time=0.667..0.668 rows=1 loops=1)
               ->  Sort  (cost=165745.69..165745.69 rows=1 width=84) (actual time=0.666..0.666 rows=1 loops=1)
                     Sort Key: (st_distance(st_transform(s_3085.the_geom, 25833), '0101000020E9640000EA539BF03CDE23419F9255A6B10D5741'::geometry))
                     Sort Method: top-N heapsort  Memory: 25kB
                     ->  Seq Scan on phoml_trajectory_tmp s_3085  (cost=0.00..165745.68 rows=1 width=84) (actual time=0.027..0.594 rows=492 loops=1)
                           Filter: ((unix_time >= '1685451396.431'::double precision) AND (unix_time <= '1685451456.431'::double precision) AND st_dwithin(st_transform(the_geom, 25833), '0101000020E9640000EA539BF03CDE23419F9255A6B10D5741'::geometry, '300'::double precision))
                           Rows Removed by Filter: 3168
   ->  Subquery Scan on "*SELECT* 3087"  (cost=165745.69..165745.70 rows=1 width=76) (actual time=0.679..0.680 rows=1 loops=1)
         ->  Limit  (cost=165745.69..165745.69 rows=1 width=84) (actual time=0.675..0.676 rows=1 loops=1)
               ->  Sort  (cost=165745.69..165745.69 rows=1 width=84) (actual time=0.673..0.673 rows=1 loops=1)
                     Sort Key: (st_distance(st_transform(s_3086.the_geom, 25833), '0101000020E964000088A8C60C41DE23419FAD6A8DB00D5741'::geometry))
                     Sort Method: top-N heapsort  Memory: 25kB
                     ->  Seq Scan on phoml_trajectory_tmp s_3086  (cost=0.00..165745.68 rows=1 width=84) (actual time=0.030..0.599 rows=488 loops=1)
                           Filter: ((unix_time >= '1685451396.761'::double precision) AND (unix_time <= '1685451456.761'::double precision) AND st_dwithin(st_transform(the_geom, 25833), '0101000020E964000088A8C60C41DE23419FAD6A8DB00D5741'::geometry, '300'::double precision))
                           Rows Removed by Filter: 3172
   ->  Subquery Scan on "*SELECT* 3088"  (cost=165745.69..165745.70 rows=1 width=76) (actual time=0.649..0.650 rows=1 loops=1)
         ->  Limit  (cost=165745.69..165745.69 rows=1 width=84) (actual time=0.647..0.648 rows=1 loops=1)
               ->  Sort  (cost=165745.69..165745.69 rows=1 width=84) (actual time=0.645..0.645 rows=1 loops=1)
                     Sort Key: (st_distance(st_transform(s_3087.the_geom, 25833), '0101000020E9640000F4208B5E45DE2341D9B3BD66AF0D5741'::geometry))
                     Sort Method: top-N heapsort  Memory: 25kB
                     ->  Seq Scan on phoml_trajectory_tmp s_3087  (cost=0.00..165745.68 rows=1 width=84) (actual time=0.031..0.578 rows=488 loops=1)
                           Filter: ((unix_time >= '1685451397.101'::double precision) AND (unix_time <= '1685451457.101'::double precision) AND st_dwithin(st_transform(the_geom, 25833), '0101000020E9640000F4208B5E45DE2341D9B3BD66AF0D5741'::geometry, '300'::double precision))
                           Rows Removed by Filter: 3172
   ->  Subquery Scan on "*SELECT* 3089"  (cost=165745.69..165745.70 rows=1 width=76) (actual time=0.658..0.659 rows=1 loops=1)
         ->  Limit  (cost=165745.69..165745.69 rows=1 width=84) (actual time=0.654..0.655 rows=1 loops=1)
               ->  Sort  (cost=165745.69..165745.69 rows=1 width=84) (actual time=0.652..0.653 rows=1 loops=1)
                     Sort Key: (st_distance(st_transform(s_3088.the_geom, 25833), '0101000020E964000089E6DB9E49DE2341C9DADF3FAE0D5741'::geometry))
                     Sort Method: top-N heapsort  Memory: 25kB
                     ->  Seq Scan on phoml_trajectory_tmp s_3088  (cost=0.00..165745.68 rows=1 width=84) (actual time=0.027..0.586 rows=488 loops=1)
                           Filter: ((unix_time >= '1685451397.44'::double precision) AND (unix_time <= '1685451457.44'::double precision) AND st_dwithin(st_transform(the_geom, 25833), '0101000020E964000089E6DB9E49DE2341C9DADF3FAE0D5741'::geometry, '300'::double precision))
                           Rows Removed by Filter: 3172
   ->  Subquery Scan on "*SELECT* 3090"  (cost=165745.69..165745.70 rows=1 width=76) (actual time=0.662..0.663 rows=1 loops=1)
         ->  Limit  (cost=165745.69..165745.69 rows=1 width=84) (actual time=0.658..0.659 rows=1 loops=1)
               ->  Sort  (cost=165745.69..165745.69 rows=1 width=84) (actual time=0.656..0.657 rows=1 loops=1)
                     Sort Key: (st_distance(st_transform(s_3089.the_geom, 25833), '0101000020E964000054D8CD9C4DDE2341F19A1127AD0D5741'::geometry))
                     Sort Method: top-N heapsort  Memory: 25kB
                     ->  Seq Scan on phoml_trajectory_tmp s_3089  (cost=0.00..165745.68 rows=1 width=84) (actual time=0.029..0.589 rows=488 loops=1)
                           Filter: ((unix_time >= '1685451397.77'::double precision) AND (unix_time <= '1685451457.77'::double precision) AND st_dwithin(st_transform(the_geom, 25833), '0101000020E964000054D8CD9C4DDE2341F19A1127AD0D5741'::geometry, '300'::double precision))
                           Rows Removed by Filter: 3172
   ->  Subquery Scan on "*SELECT* 3091"  (cost=165745.69..165745.70 rows=1 width=76) (actual time=0.653..0.654 rows=1 loops=1)
         ->  Limit  (cost=165745.69..165745.69 rows=1 width=84) (actual time=0.651..0.652 rows=1 loops=1)
               ->  Sort  (cost=165745.69..165745.69 rows=1 width=84) (actual time=0.649..0.649 rows=1 loops=1)
                     Sort Key: (st_distance(st_transform(s_3090.the_geom, 25833), '0101000020E96400003B71CEF151DE234178E18500AC0D5741'::geometry))
                     Sort Method: top-N heapsort  Memory: 25kB
                     ->  Seq Scan on phoml_trajectory_tmp s_3090  (cost=0.00..165745.68 rows=1 width=84) (actual time=0.029..0.583 rows=488 loops=1)
                           Filter: ((unix_time >= '1685451398.11'::double precision) AND (unix_time <= '1685451458.11'::double precision) AND st_dwithin(st_transform(the_geom, 25833), '0101000020E96400003B71CEF151DE234178E18500AC0D5741'::geometry, '300'::double precision))
                           Rows Removed by Filter: 3172
   ->  Subquery Scan on "*SELECT* 3092"  (cost=165745.69..165745.70 rows=1 width=76) (actual time=0.655..0.656 rows=1 loops=1)
         ->  Limit  (cost=165745.69..165745.69 rows=1 width=84) (actual time=0.652..0.653 rows=1 loops=1)
               ->  Sort  (cost=165745.69..165745.69 rows=1 width=84) (actual time=0.650..0.650 rows=1 loops=1)
                     Sort Key: (st_distance(st_transform(s_3091.the_geom, 25833), '0101000020E9640000FEC29B1F56DE234105DE67D9AA0D5741'::geometry))
                     Sort Method: top-N heapsort  Memory: 25kB
                     ->  Seq Scan on phoml_trajectory_tmp s_3091  (cost=0.00..165745.68 rows=1 width=84) (actual time=0.028..0.584 rows=488 loops=1)
                           Filter: ((unix_time >= '1685451398.449'::double precision) AND (unix_time <= '1685451458.449'::double precision) AND st_dwithin(st_transform(the_geom, 25833), '0101000020E9640000FEC29B1F56DE234105DE67D9AA0D5741'::geometry, '300'::double precision))
                           Rows Removed by Filter: 3172
   ->  Subquery Scan on "*SELECT* 3093"  (cost=165745.69..165745.70 rows=1 width=76) (actual time=0.652..0.653 rows=1 loops=1)
         ->  Limit  (cost=165745.69..165745.69 rows=1 width=84) (actual time=0.649..0.650 rows=1 loops=1)
               ->  Sort  (cost=165745.69..165745.69 rows=1 width=84) (actual time=0.647..0.648 rows=1 loops=1)
                     Sort Key: (st_distance(st_transform(s_3092.the_geom, 25833), '0101000020E9640000433479375ADE2341D44503BAA90D5741'::geometry))
                     Sort Method: top-N heapsort  Memory: 25kB
                     ->  Seq Scan on phoml_trajectory_tmp s_3092  (cost=0.00..165745.68 rows=1 width=84) (actual time=0.028..0.578 rows=488 loops=1)
                           Filter: ((unix_time >= '1685451398.779'::double precision) AND (unix_time <= '1685451458.779'::double precision) AND st_dwithin(st_transform(the_geom, 25833), '0101000020E9640000433479375ADE2341D44503BAA90D5741'::geometry, '300'::double precision))
                           Rows Removed by Filter: 3172
   ->  Subquery Scan on "*SELECT* 3094"  (cost=165745.69..165745.70 rows=1 width=76) (actual time=0.641..0.642 rows=1 loops=1)
         ->  Limit  (cost=165745.69..165745.69 rows=1 width=84) (actual time=0.639..0.640 rows=1 loops=1)
               ->  Sort  (cost=165745.69..165745.69 rows=1 width=84) (actual time=0.637..0.637 rows=1 loops=1)
                     Sort Key: (st_distance(st_transform(s_3093.the_geom, 25833), '0101000020E9640000C7A7DC865EDE2341DA801293A80D5741'::geometry))
                     Sort Method: top-N heapsort  Memory: 25kB
                     ->  Seq Scan on phoml_trajectory_tmp s_3093  (cost=0.00..165745.68 rows=1 width=84) (actual time=0.030..0.569 rows=488 loops=1)
                           Filter: ((unix_time >= '1685451399.119'::double precision) AND (unix_time <= '1685451459.119'::double precision) AND st_dwithin(st_transform(the_geom, 25833), '0101000020E9640000C7A7DC865EDE2341DA801293A80D5741'::geometry, '300'::double precision))
                           Rows Removed by Filter: 3172
   ->  Subquery Scan on "*SELECT* 3095"  (cost=165745.69..165745.70 rows=1 width=76) (actual time=0.710..0.711 rows=1 loops=1)
         ->  Limit  (cost=165745.69..165745.69 rows=1 width=84) (actual time=0.706..0.707 rows=1 loops=1)
               ->  Sort  (cost=165745.69..165745.69 rows=1 width=84) (actual time=0.704..0.704 rows=1 loops=1)
                     Sort Key: (st_distance(st_transform(s_3094.the_geom, 25833), '0101000020E9640000B11EF8F362DE2341D37FFE79A70D5741'::geometry))
                     Sort Method: top-N heapsort  Memory: 25kB
                     ->  Seq Scan on phoml_trajectory_tmp s_3094  (cost=0.00..165745.68 rows=1 width=84) (actual time=0.027..0.633 rows=488 loops=1)
                           Filter: ((unix_time >= '1685451399.445'::double precision) AND (unix_time <= '1685451459.445'::double precision) AND st_dwithin(st_transform(the_geom, 25833), '0101000020E9640000B11EF8F362DE2341D37FFE79A70D5741'::geometry, '300'::double precision))
                           Rows Removed by Filter: 3172
   ->  Subquery Scan on "*SELECT* 3096"  (cost=165745.69..165745.70 rows=1 width=76) (actual time=0.675..0.676 rows=1 loops=1)
         ->  Limit  (cost=165745.69..165745.69 rows=1 width=84) (actual time=0.672..0.672 rows=1 loops=1)
               ->  Sort  (cost=165745.69..165745.69 rows=1 width=84) (actual time=0.670..0.670 rows=1 loops=1)
                     Sort Key: (st_distance(st_transform(s_3095.the_geom, 25833), '0101000020E96400000B81F59A67DE234175D8C252A60D5741'::geometry))
                     Sort Method: top-N heapsort  Memory: 25kB
                     ->  Seq Scan on phoml_trajectory_tmp s_3095  (cost=0.00..165745.68 rows=1 width=84) (actual time=0.030..0.602 rows=484 loops=1)
                           Filter: ((unix_time >= '1685451399.785'::double precision) AND (unix_time <= '1685451459.785'::double precision) AND st_dwithin(st_transform(the_geom, 25833), '0101000020E96400000B81F59A67DE234175D8C252A60D5741'::geometry, '300'::double precision))
                           Rows Removed by Filter: 3176
   ->  Subquery Scan on "*SELECT* 3097"  (cost=165745.69..165745.70 rows=1 width=76) (actual time=0.664..0.665 rows=1 loops=1)
         ->  Limit  (cost=165745.69..165745.69 rows=1 width=84) (actual time=0.662..0.662 rows=1 loops=1)
               ->  Sort  (cost=165745.69..165745.69 rows=1 width=84) (actual time=0.659..0.660 rows=1 loops=1)
                     Sort Key: (st_distance(st_transform(s_3096.the_geom, 25833), '0101000020E9640000B91CAD596CDE2341BB89442BA50D5741'::geometry))
                     Sort Method: top-N heapsort  Memory: 25kB
                     ->  Seq Scan on phoml_trajectory_tmp s_3096  (cost=0.00..165745.68 rows=1 width=84) (actual time=0.032..0.591 rows=484 loops=1)
                           Filter: ((unix_time >= '1685451400.125'::double precision) AND (unix_time <= '1685451460.125'::double precision) AND st_dwithin(st_transform(the_geom, 25833), '0101000020E9640000B91CAD596CDE2341BB89442BA50D5741'::geometry, '300'::double precision))
                           Rows Removed by Filter: 3176
   ->  Subquery Scan on "*SELECT* 3098"  (cost=165745.69..165745.70 rows=1 width=76) (actual time=0.660..0.662 rows=1 loops=1)
         ->  Limit  (cost=165745.69..165745.69 rows=1 width=84) (actual time=0.656..0.657 rows=1 loops=1)
               ->  Sort  (cost=165745.69..165745.69 rows=1 width=84) (actual time=0.655..0.655 rows=1 loops=1)
                     Sort Key: (st_distance(st_transform(s_3097.the_geom, 25833), '0101000020E9640000BBA06FB670DE23414F7F430BA40D5741'::geometry))
                     Sort Method: top-N heapsort  Memory: 25kB
                     ->  Seq Scan on phoml_trajectory_tmp s_3097  (cost=0.00..165745.68 rows=1 width=84) (actual time=0.027..0.589 rows=484 loops=1)
                           Filter: ((unix_time >= '1685451400.461'::double precision) AND (unix_time <= '1685451460.461'::double precision) AND st_dwithin(st_transform(the_geom, 25833), '0101000020E9640000BBA06FB670DE23414F7F430BA40D5741'::geometry, '300'::double precision))
                           Rows Removed by Filter: 3176
   ->  Subquery Scan on "*SELECT* 3099"  (cost=165745.69..165745.70 rows=1 width=76) (actual time=0.653..0.654 rows=1 loops=1)
         ->  Limit  (cost=165745.69..165745.69 rows=1 width=84) (actual time=0.650..0.650 rows=1 loops=1)
               ->  Sort  (cost=165745.69..165745.69 rows=1 width=84) (actual time=0.647..0.648 rows=1 loops=1)
                     Sort Key: (st_distance(st_transform(s_3098.the_geom, 25833), '0101000020E964000008F5BD1E75DE2341E6B57CEBA20D5741'::geometry))
                     Sort Method: top-N heapsort  Memory: 25kB
                     ->  Seq Scan on phoml_trajectory_tmp s_3098  (cost=0.00..165745.68 rows=1 width=84) (actual time=0.028..0.580 rows=484 loops=1)
                           Filter: ((unix_time >= '1685451400.791'::double precision) AND (unix_time <= '1685451460.791'::double precision) AND st_dwithin(st_transform(the_geom, 25833), '0101000020E964000008F5BD1E75DE2341E6B57CEBA20D5741'::geometry, '300'::double precision))
                           Rows Removed by Filter: 3176
   ->  Subquery Scan on "*SELECT* 3100"  (cost=165745.69..165745.70 rows=1 width=76) (actual time=0.644..0.645 rows=1 loops=1)
         ->  Limit  (cost=165745.69..165745.69 rows=1 width=84) (actual time=0.642..0.643 rows=1 loops=1)
               ->  Sort  (cost=165745.69..165745.69 rows=1 width=84) (actual time=0.640..0.641 rows=1 loops=1)
                     Sort Key: (st_distance(st_transform(s_3099.the_geom, 25833), '0101000020E9640000AD6D858879DE234103BEF0CBA10D5741'::geometry))
                     Sort Method: top-N heapsort  Memory: 25kB
                     ->  Seq Scan on phoml_trajectory_tmp s_3099  (cost=0.00..165745.68 rows=1 width=84) (actual time=0.033..0.574 rows=484 loops=1)
                           Filter: ((unix_time >= '1685451401.131'::double precision) AND (unix_time <= '1685451461.131'::double precision) AND st_dwithin(st_transform(the_geom, 25833), '0101000020E9640000AD6D858879DE234103BEF0CBA10D5741'::geometry, '300'::double precision))
                           Rows Removed by Filter: 3176
   ->  Subquery Scan on "*SELECT* 3101"  (cost=165745.69..165745.70 rows=1 width=76) (actual time=0.656..0.657 rows=1 loops=1)
         ->  Limit  (cost=165745.69..165745.69 rows=1 width=84) (actual time=0.653..0.654 rows=1 loops=1)
               ->  Sort  (cost=165745.69..165745.69 rows=1 width=84) (actual time=0.650..0.651 rows=1 loops=1)
                     Sort Key: (st_distance(st_transform(s_3100.the_geom, 25833), '0101000020E964000028D48FA87DDE2341E4854FB3A00D5741'::geometry))
                     Sort Method: top-N heapsort  Memory: 25kB
                     ->  Seq Scan on phoml_trajectory_tmp s_3100  (cost=0.00..165745.68 rows=1 width=84) (actual time=0.029..0.584 rows=484 loops=1)
                           Filter: ((unix_time >= '1685451401.457'::double precision) AND (unix_time <= '1685451461.457'::double precision) AND st_dwithin(st_transform(the_geom, 25833), '0101000020E964000028D48FA87DDE2341E4854FB3A00D5741'::geometry, '300'::double precision))
                           Rows Removed by Filter: 3176
   ->  Subquery Scan on "*SELECT* 3102"  (cost=165745.69..165745.70 rows=1 width=76) (actual time=0.653..0.654 rows=1 loops=1)
         ->  Limit  (cost=165745.69..165745.69 rows=1 width=84) (actual time=0.650..0.651 rows=1 loops=1)
               ->  Sort  (cost=165745.69..165745.69 rows=1 width=84) (actual time=0.648..0.648 rows=1 loops=1)
                     Sort Key: (st_distance(st_transform(s_3101.the_geom, 25833), '0101000020E9640000C88899C881DE23412B22128D9F0D5741'::geometry))
                     Sort Method: top-N heapsort  Memory: 25kB
                     ->  Seq Scan on phoml_trajectory_tmp s_3101  (cost=0.00..165745.68 rows=1 width=84) (actual time=0.029..0.580 rows=480 loops=1)
                           Filter: ((unix_time >= '1685451401.797'::double precision) AND (unix_time <= '1685451461.797'::double precision) AND st_dwithin(st_transform(the_geom, 25833), '0101000020E9640000C88899C881DE23412B22128D9F0D5741'::geometry, '300'::double precision))
                           Rows Removed by Filter: 3180
   ->  Subquery Scan on "*SELECT* 3103"  (cost=165745.69..165745.70 rows=1 width=76) (actual time=0.640..0.641 rows=1 loops=1)
         ->  Limit  (cost=165745.69..165745.69 rows=1 width=84) (actual time=0.638..0.639 rows=1 loops=1)
               ->  Sort  (cost=165745.69..165745.69 rows=1 width=84) (actual time=0.636..0.636 rows=1 loops=1)
                     Sort Key: (st_distance(st_transform(s_3102.the_geom, 25833), '0101000020E964000036C5F8A085DE234193F5086E9E0D5741'::geometry))
                     Sort Method: top-N heapsort  Memory: 25kB
                     ->  Seq Scan on phoml_trajectory_tmp s_3102  (cost=0.00..165745.68 rows=1 width=84) (actual time=0.028..0.568 rows=484 loops=1)
                           Filter: ((unix_time >= '1685451402.138'::double precision) AND (unix_time <= '1685451462.138'::double precision) AND st_dwithin(st_transform(the_geom, 25833), '0101000020E964000036C5F8A085DE234193F5086E9E0D5741'::geometry, '300'::double precision))
                           Rows Removed by Filter: 3176
   ->  Subquery Scan on "*SELECT* 3104"  (cost=165745.69..165745.70 rows=1 width=76) (actual time=0.663..0.664 rows=1 loops=1)
         ->  Limit  (cost=165745.69..165745.69 rows=1 width=84) (actual time=0.659..0.660 rows=1 loops=1)
               ->  Sort  (cost=165745.69..165745.69 rows=1 width=84) (actual time=0.657..0.658 rows=1 loops=1)
                     Sort Key: (st_distance(st_transform(s_3103.the_geom, 25833), '0101000020E9640000C34D279089DE234149DD66559D0D5741'::geometry))
                     Sort Method: top-N heapsort  Memory: 25kB
                     ->  Seq Scan on phoml_trajectory_tmp s_3103  (cost=0.00..165745.68 rows=1 width=84) (actual time=0.031..0.591 rows=484 loops=1)
                           Filter: ((unix_time >= '1685451402.461'::double precision) AND (unix_time <= '1685451462.461'::double precision) AND st_dwithin(st_transform(the_geom, 25833), '0101000020E9640000C34D279089DE234149DD66559D0D5741'::geometry, '300'::double precision))
                           Rows Removed by Filter: 3176
   ->  Subquery Scan on "*SELECT* 3105"  (cost=165745.69..165745.70 rows=1 width=76) (actual time=0.656..0.657 rows=1 loops=1)
         ->  Limit  (cost=165745.69..165745.69 rows=1 width=84) (actual time=0.653..0.653 rows=1 loops=1)
               ->  Sort  (cost=165745.69..165745.69 rows=1 width=84) (actual time=0.651..0.651 rows=1 loops=1)
                     Sort Key: (st_distance(st_transform(s_3104.the_geom, 25833), '0101000020E96400008F533BE88DDE23412BF6D5279C0D5741'::geometry))
                     Sort Method: top-N heapsort  Memory: 25kB
                     ->  Seq Scan on phoml_trajectory_tmp s_3104  (cost=0.00..165745.68 rows=1 width=84) (actual time=0.028..0.585 rows=484 loops=1)
                           Filter: ((unix_time >= '1685451402.811'::double precision) AND (unix_time <= '1685451462.811'::double precision) AND st_dwithin(st_transform(the_geom, 25833), '0101000020E96400008F533BE88DDE23412BF6D5279C0D5741'::geometry, '300'::double precision))
                           Rows Removed by Filter: 3176
   ->  Subquery Scan on "*SELECT* 3106"  (cost=165745.69..165745.70 rows=1 width=76) (actual time=0.650..0.651 rows=1 loops=1)
         ->  Limit  (cost=165745.69..165745.69 rows=1 width=84) (actual time=0.648..0.649 rows=1 loops=1)
               ->  Sort  (cost=165745.69..165745.69 rows=1 width=84) (actual time=0.646..0.646 rows=1 loops=1)
                     Sort Key: (st_distance(st_transform(s_3105.the_geom, 25833), '0101000020E96400002AFC0A3492DE23419439E8079B0D5741'::geometry))
                     Sort Method: top-N heapsort  Memory: 25kB
                     ->  Seq Scan on phoml_trajectory_tmp s_3105  (cost=0.00..165745.68 rows=1 width=84) (actual time=0.028..0.580 rows=484 loops=1)
                           Filter: ((unix_time >= '1685451403.142'::double precision) AND (unix_time <= '1685451463.142'::double precision) AND st_dwithin(st_transform(the_geom, 25833), '0101000020E96400002AFC0A3492DE23419439E8079B0D5741'::geometry, '300'::double precision))
                           Rows Removed by Filter: 3176
   ->  Subquery Scan on "*SELECT* 3107"  (cost=165745.69..165745.70 rows=1 width=76) (actual time=0.660..0.661 rows=1 loops=1)
         ->  Limit  (cost=165745.69..165745.69 rows=1 width=84) (actual time=0.657..0.658 rows=1 loops=1)
               ->  Sort  (cost=165745.69..165745.69 rows=1 width=84) (actual time=0.655..0.656 rows=1 loops=1)
                     Sort Key: (st_distance(st_transform(s_3106.the_geom, 25833), '0101000020E9640000C600F35296DE2341C4B820E1990D5741'::geometry))
                     Sort Method: top-N heapsort  Memory: 25kB
                     ->  Seq Scan on phoml_trajectory_tmp s_3106  (cost=0.00..165745.68 rows=1 width=84) (actual time=0.032..0.589 rows=480 loops=1)
                           Filter: ((unix_time >= '1685451403.484'::double precision) AND (unix_time <= '1685451463.484'::double precision) AND st_dwithin(st_transform(the_geom, 25833), '0101000020E9640000C600F35296DE2341C4B820E1990D5741'::geometry, '300'::double precision))
                           Rows Removed by Filter: 3180
   ->  Subquery Scan on "*SELECT* 3108"  (cost=165745.69..165745.70 rows=1 width=76) (actual time=0.664..0.665 rows=1 loops=1)
         ->  Limit  (cost=165745.69..165745.69 rows=1 width=84) (actual time=0.661..0.662 rows=1 loops=1)
               ->  Sort  (cost=165745.69..165745.69 rows=1 width=84) (actual time=0.659..0.659 rows=1 loops=1)
                     Sort Key: (st_distance(st_transform(s_3107.the_geom, 25833), '0101000020E9640000E7FF81759ADE23410D75A0C8980D5741'::geometry))
                     Sort Method: top-N heapsort  Memory: 25kB
                     ->  Seq Scan on phoml_trajectory_tmp s_3107  (cost=0.00..165745.68 rows=1 width=84) (actual time=0.031..0.583 rows=480 loops=1)
                           Filter: ((unix_time >= '1685451403.814'::double precision) AND (unix_time <= '1685451463.814'::double precision) AND st_dwithin(st_transform(the_geom, 25833), '0101000020E9640000E7FF81759ADE23410D75A0C8980D5741'::geometry, '300'::double precision))
                           Rows Removed by Filter: 3180
   ->  Subquery Scan on "*SELECT* 3109"  (cost=165745.69..165745.70 rows=1 width=76) (actual time=0.659..0.661 rows=1 loops=1)
         ->  Limit  (cost=165745.69..165745.69 rows=1 width=84) (actual time=0.657..0.658 rows=1 loops=1)
               ->  Sort  (cost=165745.69..165745.69 rows=1 width=84) (actual time=0.655..0.656 rows=1 loops=1)
                     Sort Key: (st_distance(st_transform(s_3108.the_geom, 25833), '0101000020E9640000AB5FAACB9EDE2341BAD8D4A1970D5741'::geometry))
                     Sort Method: top-N heapsort  Memory: 25kB
                     ->  Seq Scan on phoml_trajectory_tmp s_3108  (cost=0.00..165745.68 rows=1 width=84) (actual time=0.030..0.588 rows=480 loops=1)
                           Filter: ((unix_time >= '1685451404.154'::double precision) AND (unix_time <= '1685451464.154'::double precision) AND st_dwithin(st_transform(the_geom, 25833), '0101000020E9640000AB5FAACB9EDE2341BAD8D4A1970D5741'::geometry, '300'::double precision))
                           Rows Removed by Filter: 3180
   ->  Subquery Scan on "*SELECT* 3110"  (cost=165745.69..165745.70 rows=1 width=76) (actual time=0.659..0.661 rows=1 loops=1)
         ->  Limit  (cost=165745.69..165745.69 rows=1 width=84) (actual time=0.655..0.657 rows=1 loops=1)
               ->  Sort  (cost=165745.69..165745.69 rows=1 width=84) (actual time=0.654..0.654 rows=1 loops=1)
                     Sort Key: (st_distance(st_transform(s_3109.the_geom, 25833), '0101000020E9640000BD3A9EECA2DE2341A2D4FD88960D5741'::geometry))
                     Sort Method: top-N heapsort  Memory: 25kB
                     ->  Seq Scan on phoml_trajectory_tmp s_3109  (cost=0.00..165745.68 rows=1 width=84) (actual time=0.033..0.587 rows=480 loops=1)
                           Filter: ((unix_time >= '1685451404.484'::double precision) AND (unix_time <= '1685451464.484'::double precision) AND st_dwithin(st_transform(the_geom, 25833), '0101000020E9640000BD3A9EECA2DE2341A2D4FD88960D5741'::geometry, '300'::double precision))
                           Rows Removed by Filter: 3180
   ->  Subquery Scan on "*SELECT* 3111"  (cost=165745.69..165745.70 rows=1 width=76) (actual time=0.691..0.692 rows=1 loops=1)
         ->  Limit  (cost=165745.69..165745.69 rows=1 width=84) (actual time=0.688..0.688 rows=1 loops=1)
               ->  Sort  (cost=165745.69..165745.69 rows=1 width=84) (actual time=0.686..0.686 rows=1 loops=1)
                     Sort Key: (st_distance(st_transform(s_3110.the_geom, 25833), '0101000020E96400004B966679A7DE2341B42C2F5B950D5741'::geometry))
                     Sort Method: top-N heapsort  Memory: 25kB
                     ->  Seq Scan on phoml_trajectory_tmp s_3110  (cost=0.00..165745.68 rows=1 width=84) (actual time=0.029..0.616 rows=480 loops=1)
                           Filter: ((unix_time >= '1685451404.834'::double precision) AND (unix_time <= '1685451464.834'::double precision) AND st_dwithin(st_transform(the_geom, 25833), '0101000020E96400004B966679A7DE2341B42C2F5B950D5741'::geometry, '300'::double precision))
                           Rows Removed by Filter: 3180
   ->  Subquery Scan on "*SELECT* 3112"  (cost=165745.69..165745.70 rows=1 width=76) (actual time=0.657..0.658 rows=1 loops=1)
         ->  Limit  (cost=165745.69..165745.69 rows=1 width=84) (actual time=0.655..0.655 rows=1 loops=1)
               ->  Sort  (cost=165745.69..165745.69 rows=1 width=84) (actual time=0.653..0.653 rows=1 loops=1)
                     Sort Key: (st_distance(st_transform(s_3111.the_geom, 25833), '0101000020E96400005DCD7FDBABDE234130AF3542940D5741'::geometry))
                     Sort Method: top-N heapsort  Memory: 25kB
                     ->  Seq Scan on phoml_trajectory_tmp s_3111  (cost=0.00..165745.68 rows=1 width=84) (actual time=0.033..0.585 rows=484 loops=1)
                           Filter: ((unix_time >= '1685451405.165'::double precision) AND (unix_time <= '1685451465.165'::double precision) AND st_dwithin(st_transform(the_geom, 25833), '0101000020E96400005DCD7FDBABDE234130AF3542940D5741'::geometry, '300'::double precision))
                           Rows Removed by Filter: 3176
   ->  Subquery Scan on "*SELECT* 3113"  (cost=165745.69..165745.70 rows=1 width=76) (actual time=0.658..0.659 rows=1 loops=1)
         ->  Limit  (cost=165745.69..165745.69 rows=1 width=84) (actual time=0.655..0.656 rows=1 loops=1)
               ->  Sort  (cost=165745.69..165745.69 rows=1 width=84) (actual time=0.653..0.653 rows=1 loops=1)
                     Sort Key: (st_distance(st_transform(s_3112.the_geom, 25833), '0101000020E964000084B60367B0DE23418F4E2D1B930D5741'::geometry))
                     Sort Method: top-N heapsort  Memory: 25kB
                     ->  Seq Scan on phoml_trajectory_tmp s_3112  (cost=0.00..165745.68 rows=1 width=84) (actual time=0.052..0.587 rows=484 loops=1)
                           Filter: ((unix_time >= '1685451405.505'::double precision) AND (unix_time <= '1685451465.505'::double precision) AND st_dwithin(st_transform(the_geom, 25833), '0101000020E964000084B60367B0DE23418F4E2D1B930D5741'::geometry, '300'::double precision))
                           Rows Removed by Filter: 3176
   ->  Subquery Scan on "*SELECT* 3114"  (cost=165745.69..165745.70 rows=1 width=76) (actual time=0.670..0.671 rows=1 loops=1)
         ->  Limit  (cost=165745.69..165745.69 rows=1 width=84) (actual time=0.667..0.668 rows=1 loops=1)
               ->  Sort  (cost=165745.69..165745.69 rows=1 width=84) (actual time=0.665..0.666 rows=1 loops=1)
                     Sort Key: (st_distance(st_transform(s_3113.the_geom, 25833), '0101000020E9640000943D2111B5DE2341B30B45FB910D5741'::geometry))
                     Sort Method: top-N heapsort  Memory: 25kB
                     ->  Seq Scan on phoml_trajectory_tmp s_3113  (cost=0.00..165745.68 rows=1 width=84) (actual time=0.030..0.597 rows=484 loops=1)
                           Filter: ((unix_time >= '1685451405.845'::double precision) AND (unix_time <= '1685451465.845'::double precision) AND st_dwithin(st_transform(the_geom, 25833), '0101000020E9640000943D2111B5DE2341B30B45FB910D5741'::geometry, '300'::double precision))
                           Rows Removed by Filter: 3176
   ->  Subquery Scan on "*SELECT* 3115"  (cost=165745.69..165745.70 rows=1 width=76) (actual time=0.637..0.638 rows=1 loops=1)
         ->  Limit  (cost=165745.69..165745.69 rows=1 width=84) (actual time=0.635..0.636 rows=1 loops=1)
               ->  Sort  (cost=165745.69..165745.69 rows=1 width=84) (actual time=0.633..0.633 rows=1 loops=1)
                     Sort Key: (st_distance(st_transform(s_3114.the_geom, 25833), '0101000020E96400004CD82E88B9DE2341A9A682DB900D5741'::geometry))
                     Sort Method: top-N heapsort  Memory: 25kB
                     ->  Seq Scan on phoml_trajectory_tmp s_3114  (cost=0.00..165745.68 rows=1 width=84) (actual time=0.029..0.566 rows=480 loops=1)
                           Filter: ((unix_time >= '1685451406.193'::double precision) AND (unix_time <= '1685451466.193'::double precision) AND st_dwithin(st_transform(the_geom, 25833), '0101000020E96400004CD82E88B9DE2341A9A682DB900D5741'::geometry, '300'::double precision))
                           Rows Removed by Filter: 3180
   ->  Subquery Scan on "*SELECT* 3116"  (cost=165745.69..165745.70 rows=1 width=76) (actual time=0.664..0.664 rows=1 loops=1)
         ->  Limit  (cost=165745.69..165745.69 rows=1 width=84) (actual time=0.661..0.662 rows=1 loops=1)
               ->  Sort  (cost=165745.69..165745.69 rows=1 width=84) (actual time=0.659..0.660 rows=1 loops=1)
                     Sort Key: (st_distance(st_transform(s_3115.the_geom, 25833), '0101000020E964000070C5B46ABDDE2341F5FFBCBC8F0D5741'::geometry))
                     Sort Method: top-N heapsort  Memory: 25kB
                     ->  Seq Scan on phoml_trajectory_tmp s_3115  (cost=0.00..165745.68 rows=1 width=84) (actual time=0.048..0.591 rows=480 loops=1)
                           Filter: ((unix_time >= '1685451406.523'::double precision) AND (unix_time <= '1685451466.523'::double precision) AND st_dwithin(st_transform(the_geom, 25833), '0101000020E964000070C5B46ABDDE2341F5FFBCBC8F0D5741'::geometry, '300'::double precision))
                           Rows Removed by Filter: 3180
   ->  Subquery Scan on "*SELECT* 3117"  (cost=165745.69..165745.70 rows=1 width=76) (actual time=0.663..0.664 rows=1 loops=1)
         ->  Limit  (cost=165745.69..165745.69 rows=1 width=84) (actual time=0.660..0.661 rows=1 loops=1)
               ->  Sort  (cost=165745.69..165745.69 rows=1 width=84) (actual time=0.658..0.659 rows=1 loops=1)
                     Sort Key: (st_distance(st_transform(s_3116.the_geom, 25833), '0101000020E9640000F1942B00C1DE2341724E54A48E0D5741'::geometry))
                     Sort Method: top-N heapsort  Memory: 25kB
                     ->  Seq Scan on phoml_trajectory_tmp s_3116  (cost=0.00..165745.68 rows=1 width=84) (actual time=0.033..0.590 rows=480 loops=1)
                           Filter: ((unix_time >= '1685451406.853'::double precision) AND (unix_time <= '1685451466.853'::double precision) AND st_dwithin(st_transform(the_geom, 25833), '0101000020E9640000F1942B00C1DE2341724E54A48E0D5741'::geometry, '300'::double precision))
                           Rows Removed by Filter: 3180
   ->  Subquery Scan on "*SELECT* 3118"  (cost=165745.69..165745.70 rows=1 width=76) (actual time=0.649..0.650 rows=1 loops=1)
         ->  Limit  (cost=165745.69..165745.69 rows=1 width=84) (actual time=0.636..0.637 rows=1 loops=1)
               ->  Sort  (cost=165745.69..165745.69 rows=1 width=84) (actual time=0.634..0.634 rows=1 loops=1)
                     Sort Key: (st_distance(st_transform(s_3117.the_geom, 25833), '0101000020E96400004408A122C5DE2341021C19708D0D5741'::geometry))
                     Sort Method: top-N heapsort  Memory: 25kB
                     ->  Seq Scan on phoml_trajectory_tmp s_3117  (cost=0.00..165745.68 rows=1 width=84) (actual time=0.029..0.566 rows=484 loops=1)
                           Filter: ((unix_time >= '1685451407.21'::double precision) AND (unix_time <= '1685451467.21'::double precision) AND st_dwithin(st_transform(the_geom, 25833), '0101000020E96400004408A122C5DE2341021C19708D0D5741'::geometry, '300'::double precision))
                           Rows Removed by Filter: 3176
   ->  Subquery Scan on "*SELECT* 3119"  (cost=165745.69..165745.70 rows=1 width=76) (actual time=0.645..0.646 rows=1 loops=1)
         ->  Limit  (cost=165745.69..165745.69 rows=1 width=84) (actual time=0.643..0.644 rows=1 loops=1)
               ->  Sort  (cost=165745.69..165745.69 rows=1 width=84) (actual time=0.641..0.641 rows=1 loops=1)
                     Sort Key: (st_distance(st_transform(s_3118.the_geom, 25833), '0101000020E964000077F3802EC9DE23411FE3AE578C0D5741'::geometry))
                     Sort Method: top-N heapsort  Memory: 25kB
                     ->  Seq Scan on phoml_trajectory_tmp s_3118  (cost=0.00..165745.68 rows=1 width=84) (actual time=0.033..0.572 rows=484 loops=1)
                           Filter: ((unix_time >= '1685451407.54'::double precision) AND (unix_time <= '1685451467.54'::double precision) AND st_dwithin(st_transform(the_geom, 25833), '0101000020E964000077F3802EC9DE23411FE3AE578C0D5741'::geometry, '300'::double precision))
                           Rows Removed by Filter: 3176
   ->  Subquery Scan on "*SELECT* 3120"  (cost=165745.69..165745.70 rows=1 width=76) (actual time=0.670..0.671 rows=1 loops=1)
         ->  Limit  (cost=165745.69..165745.69 rows=1 width=84) (actual time=0.666..0.667 rows=1 loops=1)
               ->  Sort  (cost=165745.69..165745.69 rows=1 width=84) (actual time=0.664..0.665 rows=1 loops=1)
                     Sort Key: (st_distance(st_transform(s_3119.the_geom, 25833), '0101000020E9640000C666183FCDDE2341EE18BE378B0D5741'::geometry))
                     Sort Method: top-N heapsort  Memory: 25kB
                     ->  Seq Scan on phoml_trajectory_tmp s_3119  (cost=0.00..165745.68 rows=1 width=84) (actual time=0.031..0.597 rows=484 loops=1)
                           Filter: ((unix_time >= '1685451407.87'::double precision) AND (unix_time <= '1685451467.87'::double precision) AND st_dwithin(st_transform(the_geom, 25833), '0101000020E9640000C666183FCDDE2341EE18BE378B0D5741'::geometry, '300'::double precision))
                           Rows Removed by Filter: 3176
   ->  Subquery Scan on "*SELECT* 3121"  (cost=165745.69..165745.70 rows=1 width=76) (actual time=0.670..0.671 rows=1 loops=1)
         ->  Limit  (cost=165745.69..165745.69 rows=1 width=84) (actual time=0.667..0.667 rows=1 loops=1)
               ->  Sort  (cost=165745.69..165745.69 rows=1 width=84) (actual time=0.665..0.665 rows=1 loops=1)
                     Sort Key: (st_distance(st_transform(s_3120.the_geom, 25833), '0101000020E964000054A7CAA2D1DE234104A0D1108A0D5741'::geometry))
                     Sort Method: top-N heapsort  Memory: 25kB
                     ->  Seq Scan on phoml_trajectory_tmp s_3120  (cost=0.00..165745.68 rows=1 width=84) (actual time=0.031..0.599 rows=484 loops=1)
                           Filter: ((unix_time >= '1685451408.221'::double precision) AND (unix_time <= '1685451468.221'::double precision) AND st_dwithin(st_transform(the_geom, 25833), '0101000020E964000054A7CAA2D1DE234104A0D1108A0D5741'::geometry, '300'::double precision))
                           Rows Removed by Filter: 3176
   ->  Subquery Scan on "*SELECT* 3122"  (cost=165745.69..165745.70 rows=1 width=76) (actual time=0.647..0.649 rows=1 loops=1)
         ->  Limit  (cost=165745.69..165745.69 rows=1 width=84) (actual time=0.645..0.646 rows=1 loops=1)
               ->  Sort  (cost=165745.69..165745.69 rows=1 width=84) (actual time=0.643..0.643 rows=1 loops=1)
                     Sort Key: (st_distance(st_transform(s_3121.the_geom, 25833), '0101000020E96400003E02B706D6DE2341B36DA2E9880D5741'::geometry))
                     Sort Method: top-N heapsort  Memory: 25kB
                     ->  Seq Scan on phoml_trajectory_tmp s_3121  (cost=0.00..165745.68 rows=1 width=84) (actual time=0.030..0.575 rows=484 loops=1)
                           Filter: ((unix_time >= '1685451408.561'::double precision) AND (unix_time <= '1685451468.561'::double precision) AND st_dwithin(st_transform(the_geom, 25833), '0101000020E96400003E02B706D6DE2341B36DA2E9880D5741'::geometry, '300'::double precision))
                           Rows Removed by Filter: 3176
   ->  Subquery Scan on "*SELECT* 3123"  (cost=165745.69..165745.70 rows=1 width=76) (actual time=0.681..0.682 rows=1 loops=1)
         ->  Limit  (cost=165745.69..165745.69 rows=1 width=84) (actual time=0.678..0.678 rows=1 loops=1)
               ->  Sort  (cost=165745.69..165745.69 rows=1 width=84) (actual time=0.676..0.676 rows=1 loops=1)
                     Sort Key: (st_distance(st_transform(s_3122.the_geom, 25833), '0101000020E9640000D9D0EC62DADE23417154FCC9870D5741'::geometry))
                     Sort Method: top-N heapsort  Memory: 25kB
                     ->  Seq Scan on phoml_trajectory_tmp s_3122  (cost=0.00..165745.68 rows=1 width=84) (actual time=0.032..0.597 rows=480 loops=1)
                           Filter: ((unix_time >= '1685451408.901'::double precision) AND (unix_time <= '1685451468.901'::double precision) AND st_dwithin(st_transform(the_geom, 25833), '0101000020E9640000D9D0EC62DADE23417154FCC9870D5741'::geometry, '300'::double precision))
                           Rows Removed by Filter: 3180
   ->  Subquery Scan on "*SELECT* 3124"  (cost=165745.69..165745.70 rows=1 width=76) (actual time=0.661..0.662 rows=1 loops=1)
         ->  Limit  (cost=165745.69..165745.69 rows=1 width=84) (actual time=0.658..0.658 rows=1 loops=1)
               ->  Sort  (cost=165745.69..165745.69 rows=1 width=84) (actual time=0.656..0.656 rows=1 loops=1)
                     Sort Key: (st_distance(st_transform(s_3123.the_geom, 25833), '0101000020E9640000B00799ADDEDE23417F8136AA860D5741'::geometry))
                     Sort Method: top-N heapsort  Memory: 25kB
                     ->  Seq Scan on phoml_trajectory_tmp s_3123  (cost=0.00..165745.68 rows=1 width=84) (actual time=0.032..0.589 rows=480 loops=1)
                           Filter: ((unix_time >= '1685451409.234'::double precision) AND (unix_time <= '1685451469.234'::double precision) AND st_dwithin(st_transform(the_geom, 25833), '0101000020E9640000B00799ADDEDE23417F8136AA860D5741'::geometry, '300'::double precision))
                           Rows Removed by Filter: 3180
   ->  Subquery Scan on "*SELECT* 3125"  (cost=165745.69..165745.70 rows=1 width=76) (actual time=0.649..0.650 rows=1 loops=1)
         ->  Limit  (cost=165745.69..165745.69 rows=1 width=84) (actual time=0.647..0.648 rows=1 loops=1)
               ->  Sort  (cost=165745.69..165745.69 rows=1 width=84) (actual time=0.645..0.645 rows=1 loops=1)
                     Sort Key: (st_distance(st_transform(s_3124.the_geom, 25833), '0101000020E96400001A2AA7C1E2DE2341522A5091850D5741'::geometry))
                     Sort Method: top-N heapsort  Memory: 25kB
                     ->  Seq Scan on phoml_trajectory_tmp s_3124  (cost=0.00..165745.68 rows=1 width=84) (actual time=0.032..0.577 rows=480 loops=1)
                           Filter: ((unix_time >= '1685451409.564'::double precision) AND (unix_time <= '1685451469.564'::double precision) AND st_dwithin(st_transform(the_geom, 25833), '0101000020E96400001A2AA7C1E2DE2341522A5091850D5741'::geometry, '300'::double precision))
                           Rows Removed by Filter: 3180
   ->  Subquery Scan on "*SELECT* 3126"  (cost=165745.69..165745.70 rows=1 width=76) (actual time=0.667..0.668 rows=1 loops=1)
         ->  Limit  (cost=165745.69..165745.69 rows=1 width=84) (actual time=0.664..0.665 rows=1 loops=1)
               ->  Sort  (cost=165745.69..165745.69 rows=1 width=84) (actual time=0.662..0.662 rows=1 loops=1)
                     Sort Key: (st_distance(st_transform(s_3125.the_geom, 25833), '0101000020E964000045A06D39E7DE2341726DD26A840D5741'::geometry))
                     Sort Method: top-N heapsort  Memory: 25kB
                     ->  Seq Scan on phoml_trajectory_tmp s_3125  (cost=0.00..165745.68 rows=1 width=84) (actual time=0.030..0.593 rows=484 loops=1)
                           Filter: ((unix_time >= '1685451409.914'::double precision) AND (unix_time <= '1685451469.914'::double precision) AND st_dwithin(st_transform(the_geom, 25833), '0101000020E964000045A06D39E7DE2341726DD26A840D5741'::geometry, '300'::double precision))
                           Rows Removed by Filter: 3176
   ->  Subquery Scan on "*SELECT* 3127"  (cost=165745.69..165745.70 rows=1 width=76) (actual time=0.728..0.729 rows=1 loops=1)
         ->  Limit  (cost=165745.69..165745.69 rows=1 width=84) (actual time=0.713..0.714 rows=1 loops=1)
               ->  Sort  (cost=165745.69..165745.69 rows=1 width=84) (actual time=0.711..0.712 rows=1 loops=1)
                     Sort Key: (st_distance(st_transform(s_3126.the_geom, 25833), '0101000020E9640000D9DC7C4DEBDE234186894944830D5741'::geometry))
                     Sort Method: top-N heapsort  Memory: 25kB
                     ->  Seq Scan on phoml_trajectory_tmp s_3126  (cost=0.00..165745.68 rows=1 width=84) (actual time=0.032..0.635 rows=484 loops=1)
                           Filter: ((unix_time >= '1685451410.258'::double precision) AND (unix_time <= '1685451470.258'::double precision) AND st_dwithin(st_transform(the_geom, 25833), '0101000020E9640000D9DC7C4DEBDE234186894944830D5741'::geometry, '300'::double precision))
                           Rows Removed by Filter: 3176
   ->  Subquery Scan on "*SELECT* 3128"  (cost=165745.69..165745.70 rows=1 width=76) (actual time=0.702..0.703 rows=1 loops=1)
         ->  Limit  (cost=165745.69..165745.69 rows=1 width=84) (actual time=0.700..0.701 rows=1 loops=1)
               ->  Sort  (cost=165745.69..165745.69 rows=1 width=84) (actual time=0.698..0.698 rows=1 loops=1)
                     Sort Key: (st_distance(st_transform(s_3127.the_geom, 25833), '0101000020E9640000FFCC099CEFDE2341D7E7511D820D5741'::geometry))
                     Sort Method: top-N heapsort  Memory: 25kB
                     ->  Seq Scan on phoml_trajectory_tmp s_3127  (cost=0.00..165745.68 rows=1 width=84) (actual time=0.058..0.629 rows=484 loops=1)
                           Filter: ((unix_time >= '1685451410.598'::double precision) AND (unix_time <= '1685451470.598'::double precision) AND st_dwithin(st_transform(the_geom, 25833), '0101000020E9640000FFCC099CEFDE2341D7E7511D820D5741'::geometry, '300'::double precision))
                           Rows Removed by Filter: 3176
   ->  Subquery Scan on "*SELECT* 3129"  (cost=165745.69..165745.70 rows=1 width=76) (actual time=0.683..0.684 rows=1 loops=1)
         ->  Limit  (cost=165745.69..165745.69 rows=1 width=84) (actual time=0.680..0.680 rows=1 loops=1)
               ->  Sort  (cost=165745.69..165745.69 rows=1 width=84) (actual time=0.677..0.678 rows=1 loops=1)
                     Sort Key: (st_distance(st_transform(s_3128.the_geom, 25833), '0101000020E9640000F3F414ADF3DE2341256AEEFD800D5741'::geometry))
                     Sort Method: top-N heapsort  Memory: 25kB
                     ->  Seq Scan on phoml_trajectory_tmp s_3128  (cost=0.00..165745.68 rows=1 width=84) (actual time=0.030..0.611 rows=484 loops=1)
                           Filter: ((unix_time >= '1685451410.938'::double precision) AND (unix_time <= '1685451470.938'::double precision) AND st_dwithin(st_transform(the_geom, 25833), '0101000020E9640000F3F414ADF3DE2341256AEEFD800D5741'::geometry, '300'::double precision))
                           Rows Removed by Filter: 3176
   ->  Subquery Scan on "*SELECT* 3130"  (cost=165745.69..165745.70 rows=1 width=76) (actual time=0.685..0.686 rows=1 loops=1)
         ->  Limit  (cost=165745.69..165745.69 rows=1 width=84) (actual time=0.681..0.682 rows=1 loops=1)
               ->  Sort  (cost=165745.69..165745.69 rows=1 width=84) (actual time=0.679..0.679 rows=1 loops=1)
                     Sort Key: (st_distance(st_transform(s_3129.the_geom, 25833), '0101000020E9640000EE6D45C3F7DE23413C62F7DD7F0D5741'::geometry))
                     Sort Method: top-N heapsort  Memory: 25kB
                     ->  Seq Scan on phoml_trajectory_tmp s_3129  (cost=0.00..165745.68 rows=1 width=84) (actual time=0.034..0.609 rows=484 loops=1)
                           Filter: ((unix_time >= '1685451411.274'::double precision) AND (unix_time <= '1685451471.274'::double precision) AND st_dwithin(st_transform(the_geom, 25833), '0101000020E9640000EE6D45C3F7DE23413C62F7DD7F0D5741'::geometry, '300'::double precision))
                           Rows Removed by Filter: 3176
   ->  Subquery Scan on "*SELECT* 3131"  (cost=165745.69..165745.70 rows=1 width=76) (actual time=0.657..0.658 rows=1 loops=1)
         ->  Limit  (cost=165745.69..165745.69 rows=1 width=84) (actual time=0.654..0.655 rows=1 loops=1)
               ->  Sort  (cost=165745.69..165745.69 rows=1 width=84) (actual time=0.652..0.653 rows=1 loops=1)
                     Sort Key: (st_distance(st_transform(s_3130.the_geom, 25833), '0101000020E96400007A52B5E3FBDE2341F1651BBE7E0D5741'::geometry))
                     Sort Method: top-N heapsort  Memory: 25kB
                     ->  Seq Scan on phoml_trajectory_tmp s_3130  (cost=0.00..165745.68 rows=1 width=84) (actual time=0.032..0.586 rows=480 loops=1)
                           Filter: ((unix_time >= '1685451411.614'::double precision) AND (unix_time <= '1685451471.614'::double precision) AND st_dwithin(st_transform(the_geom, 25833), '0101000020E96400007A52B5E3FBDE2341F1651BBE7E0D5741'::geometry, '300'::double precision))
                           Rows Removed by Filter: 3180
   ->  Subquery Scan on "*SELECT* 3132"  (cost=165745.69..165745.70 rows=1 width=76) (actual time=0.700..0.701 rows=1 loops=1)
         ->  Limit  (cost=165745.69..165745.69 rows=1 width=84) (actual time=0.697..0.698 rows=1 loops=1)
               ->  Sort  (cost=165745.69..165745.69 rows=1 width=84) (actual time=0.695..0.695 rows=1 loops=1)
                     Sort Key: (st_distance(st_transform(s_3131.the_geom, 25833), '0101000020E9640000C230E4D6FFDE2341DC41B79E7D0D5741'::geometry))
                     Sort Method: top-N heapsort  Memory: 25kB
                     ->  Seq Scan on phoml_trajectory_tmp s_3131  (cost=0.00..165745.68 rows=1 width=84) (actual time=0.047..0.625 rows=480 loops=1)
                           Filter: ((unix_time >= '1685451411.954'::double precision) AND (unix_time <= '1685451471.954'::double precision) AND st_dwithin(st_transform(the_geom, 25833), '0101000020E9640000C230E4D6FFDE2341DC41B79E7D0D5741'::geometry, '300'::double precision))
                           Rows Removed by Filter: 3180
   ->  Subquery Scan on "*SELECT* 3133"  (cost=165745.69..165745.70 rows=1 width=76) (actual time=0.671..0.672 rows=1 loops=1)
         ->  Limit  (cost=165745.69..165745.69 rows=1 width=84) (actual time=0.668..0.668 rows=1 loops=1)
               ->  Sort  (cost=165745.69..165745.69 rows=1 width=84) (actual time=0.666..0.666 rows=1 loops=1)
                     Sort Key: (st_distance(st_transform(s_3132.the_geom, 25833), '0101000020E9640000B3997FE903DF23410C0FFF777C0D5741'::geometry))
                     Sort Method: top-N heapsort  Memory: 25kB
                     ->  Seq Scan on phoml_trajectory_tmp s_3132  (cost=0.00..165745.68 rows=1 width=84) (actual time=0.033..0.599 rows=484 loops=1)
                           Filter: ((unix_time >= '1685451412.297'::double precision) AND (unix_time <= '1685451472.297'::double precision) AND st_dwithin(st_transform(the_geom, 25833), '0101000020E9640000B3997FE903DF23410C0FFF777C0D5741'::geometry, '300'::double precision))
                           Rows Removed by Filter: 3176
   ->  Subquery Scan on "*SELECT* 3134"  (cost=165745.69..165745.70 rows=1 width=76) (actual time=0.679..0.680 rows=1 loops=1)
         ->  Limit  (cost=165745.69..165745.69 rows=1 width=84) (actual time=0.675..0.676 rows=1 loops=1)
               ->  Sort  (cost=165745.69..165745.69 rows=1 width=84) (actual time=0.673..0.674 rows=1 loops=1)
                     Sort Key: (st_distance(st_transform(s_3133.the_geom, 25833), '0101000020E9640000167573D107DF234177E257587B0D5741'::geometry))
                     Sort Method: top-N heapsort  Memory: 25kB
                     ->  Seq Scan on phoml_trajectory_tmp s_3133  (cost=0.00..165745.68 rows=1 width=84) (actual time=0.032..0.606 rows=484 loops=1)
                           Filter: ((unix_time >= '1685451412.627'::double precision) AND (unix_time <= '1685451472.627'::double precision) AND st_dwithin(st_transform(the_geom, 25833), '0101000020E9640000167573D107DF234177E257587B0D5741'::geometry, '300'::double precision))
                           Rows Removed by Filter: 3176
   ->  Subquery Scan on "*SELECT* 3135"  (cost=165745.69..165745.70 rows=1 width=76) (actual time=0.656..0.657 rows=1 loops=1)
         ->  Limit  (cost=165745.69..165745.69 rows=1 width=84) (actual time=0.654..0.655 rows=1 loops=1)
               ->  Sort  (cost=165745.69..165745.69 rows=1 width=84) (actual time=0.652..0.653 rows=1 loops=1)
                     Sort Key: (st_distance(st_transform(s_3134.the_geom, 25833), '0101000020E964000039C9CDA60BDF2341C51B26327A0D5741'::geometry))
                     Sort Method: top-N heapsort  Memory: 25kB
                     ->  Seq Scan on phoml_trajectory_tmp s_3134  (cost=0.00..165745.68 rows=1 width=84) (actual time=0.033..0.585 rows=484 loops=1)
                           Filter: ((unix_time >= '1685451412.977'::double precision) AND (unix_time <= '1685451472.977'::double precision) AND st_dwithin(st_transform(the_geom, 25833), '0101000020E964000039C9CDA60BDF2341C51B26327A0D5741'::geometry, '300'::double precision))
                           Rows Removed by Filter: 3176
   ->  Subquery Scan on "*SELECT* 3136"  (cost=165745.69..165745.70 rows=1 width=76) (actual time=0.678..0.679 rows=1 loops=1)
         ->  Limit  (cost=165745.69..165745.69 rows=1 width=84) (actual time=0.675..0.676 rows=1 loops=1)
               ->  Sort  (cost=165745.69..165745.69 rows=1 width=84) (actual time=0.673..0.673 rows=1 loops=1)
                     Sort Key: (st_distance(st_transform(s_3135.the_geom, 25833), '0101000020E964000055376C5F0FDF2341D1C0F912790D5741'::geometry))
                     Sort Method: top-N heapsort  Memory: 25kB
                     ->  Seq Scan on phoml_trajectory_tmp s_3135  (cost=0.00..165745.68 rows=1 width=84) (actual time=0.031..0.592 rows=484 loops=1)
                           Filter: ((unix_time >= '1685451413.322'::double precision) AND (unix_time <= '1685451473.322'::double precision) AND st_dwithin(st_transform(the_geom, 25833), '0101000020E964000055376C5F0FDF2341D1C0F912790D5741'::geometry, '300'::double precision))
                           Rows Removed by Filter: 3176
   ->  Subquery Scan on "*SELECT* 3137"  (cost=165745.69..165745.70 rows=1 width=76) (actual time=0.663..0.664 rows=1 loops=1)
         ->  Limit  (cost=165745.69..165745.69 rows=1 width=84) (actual time=0.660..0.660 rows=1 loops=1)
               ->  Sort  (cost=165745.69..165745.69 rows=1 width=84) (actual time=0.658..0.658 rows=1 loops=1)
                     Sort Key: (st_distance(st_transform(s_3136.the_geom, 25833), '0101000020E96400005DDEDAD812DF234150A93EED770D5741'::geometry))
                     Sort Method: top-N heapsort  Memory: 25kB
                     ->  Seq Scan on phoml_trajectory_tmp s_3136  (cost=0.00..165745.68 rows=1 width=84) (actual time=0.034..0.588 rows=484 loops=1)
                           Filter: ((unix_time >= '1685451413.672'::double precision) AND (unix_time <= '1685451473.672'::double precision) AND st_dwithin(st_transform(the_geom, 25833), '0101000020E96400005DDEDAD812DF234150A93EED770D5741'::geometry, '300'::double precision))
                           Rows Removed by Filter: 3176
   ->  Subquery Scan on "*SELECT* 3138"  (cost=165745.69..165745.70 rows=1 width=76) (actual time=0.657..0.658 rows=1 loops=1)
         ->  Limit  (cost=165745.69..165745.69 rows=1 width=84) (actual time=0.654..0.655 rows=1 loops=1)
               ->  Sort  (cost=165745.69..165745.69 rows=1 width=84) (actual time=0.652..0.653 rows=1 loops=1)
                     Sort Key: (st_distance(st_transform(s_3137.the_geom, 25833), '0101000020E9640000E31FC54516DF234139FD4DC7760D5741'::geometry))
                     Sort Method: top-N heapsort  Memory: 25kB
                     ->  Seq Scan on phoml_trajectory_tmp s_3137  (cost=0.00..165745.68 rows=1 width=84) (actual time=0.031..0.586 rows=484 loops=1)
                           Filter: ((unix_time >= '1685451414.032'::double precision) AND (unix_time <= '1685451474.032'::double precision) AND st_dwithin(st_transform(the_geom, 25833), '0101000020E9640000E31FC54516DF234139FD4DC7760D5741'::geometry, '300'::double precision))
                           Rows Removed by Filter: 3176
   ->  Subquery Scan on "*SELECT* 3139"  (cost=165745.69..165745.70 rows=1 width=76) (actual time=0.682..0.683 rows=1 loops=1)
         ->  Limit  (cost=165745.69..165745.69 rows=1 width=84) (actual time=0.678..0.679 rows=1 loops=1)
               ->  Sort  (cost=165745.69..165745.69 rows=1 width=84) (actual time=0.677..0.677 rows=1 loops=1)
                     Sort Key: (st_distance(st_transform(s_3138.the_geom, 25833), '0101000020E96400000FF62B7719DF234111860B9B750D5741'::geometry))
                     Sort Method: top-N heapsort  Memory: 25kB
                     ->  Seq Scan on phoml_trajectory_tmp s_3138  (cost=0.00..165745.68 rows=1 width=84) (actual time=0.032..0.610 rows=484 loops=1)
                           Filter: ((unix_time >= '1685451414.396'::double precision) AND (unix_time <= '1685451474.396'::double precision) AND st_dwithin(st_transform(the_geom, 25833), '0101000020E96400000FF62B7719DF234111860B9B750D5741'::geometry, '300'::double precision))
                           Rows Removed by Filter: 3176
   ->  Subquery Scan on "*SELECT* 3140"  (cost=165745.69..165745.70 rows=1 width=76) (actual time=0.676..0.677 rows=1 loops=1)
         ->  Limit  (cost=165745.69..165745.69 rows=1 width=84) (actual time=0.673..0.674 rows=1 loops=1)
               ->  Sort  (cost=165745.69..165745.69 rows=1 width=84) (actual time=0.671..0.671 rows=1 loops=1)
                     Sort Key: (st_distance(st_transform(s_3139.the_geom, 25833), '0101000020E9640000B8CB9D811CDF234129BA427D740D5741'::geometry))
                     Sort Method: top-N heapsort  Memory: 25kB
                     ->  Seq Scan on phoml_trajectory_tmp s_3139  (cost=0.00..165745.68 rows=1 width=84) (actual time=0.033..0.604 rows=484 loops=1)
                           Filter: ((unix_time >= '1685451414.756'::double precision) AND (unix_time <= '1685451474.756'::double precision) AND st_dwithin(st_transform(the_geom, 25833), '0101000020E9640000B8CB9D811CDF234129BA427D740D5741'::geometry, '300'::double precision))
                           Rows Removed by Filter: 3176
   ->  Subquery Scan on "*SELECT* 3141"  (cost=165745.69..165745.70 rows=1 width=76) (actual time=0.659..0.660 rows=1 loops=1)
         ->  Limit  (cost=165745.69..165745.69 rows=1 width=84) (actual time=0.657..0.657 rows=1 loops=1)
               ->  Sort  (cost=165745.69..165745.69 rows=1 width=84) (actual time=0.654..0.655 rows=1 loops=1)
                     Sort Key: (st_distance(st_transform(s_3140.the_geom, 25833), '0101000020E9640000E89A2F381FDF2341123EFC51730D5741'::geometry))
                     Sort Method: top-N heapsort  Memory: 25kB
                     ->  Seq Scan on phoml_trajectory_tmp s_3140  (cost=0.00..165745.68 rows=1 width=84) (actual time=0.031..0.585 rows=484 loops=1)
                           Filter: ((unix_time >= '1685451415.129'::double precision) AND (unix_time <= '1685451475.129'::double precision) AND st_dwithin(st_transform(the_geom, 25833), '0101000020E9640000E89A2F381FDF2341123EFC51730D5741'::geometry, '300'::double precision))
                           Rows Removed by Filter: 3176
   ->  Subquery Scan on "*SELECT* 3142"  (cost=165745.69..165745.70 rows=1 width=76) (actual time=0.676..0.677 rows=1 loops=1)
         ->  Limit  (cost=165745.69..165745.69 rows=1 width=84) (actual time=0.673..0.674 rows=1 loops=1)
               ->  Sort  (cost=165745.69..165745.69 rows=1 width=84) (actual time=0.671..0.671 rows=1 loops=1)
                     Sort Key: (st_distance(st_transform(s_3141.the_geom, 25833), '0101000020E9640000BE5F489621DF23416065C627720D5741'::geometry))
                     Sort Method: top-N heapsort  Memory: 25kB
                     ->  Seq Scan on phoml_trajectory_tmp s_3141  (cost=0.00..165745.68 rows=1 width=84) (actual time=0.032..0.604 rows=484 loops=1)
                           Filter: ((unix_time >= '1685451415.51'::double precision) AND (unix_time <= '1685451475.51'::double precision) AND st_dwithin(st_transform(the_geom, 25833), '0101000020E9640000BE5F489621DF23416065C627720D5741'::geometry, '300'::double precision))
                           Rows Removed by Filter: 3176
   ->  Subquery Scan on "*SELECT* 3143"  (cost=165745.69..165745.70 rows=1 width=76) (actual time=0.740..0.742 rows=1 loops=1)
         ->  Limit  (cost=165745.69..165745.69 rows=1 width=84) (actual time=0.736..0.737 rows=1 loops=1)
               ->  Sort  (cost=165745.69..165745.69 rows=1 width=84) (actual time=0.734..0.734 rows=1 loops=1)
                     Sort Key: (st_distance(st_transform(s_3142.the_geom, 25833), '0101000020E964000051C38CDC23DF2341D23D2605710D5741'::geometry))
                     Sort Method: top-N heapsort  Memory: 25kB
                     ->  Seq Scan on phoml_trajectory_tmp s_3142  (cost=0.00..165745.68 rows=1 width=84) (actual time=0.034..0.657 rows=484 loops=1)
                           Filter: ((unix_time >= '1685451415.88'::double precision) AND (unix_time <= '1685451475.88'::double precision) AND st_dwithin(st_transform(the_geom, 25833), '0101000020E964000051C38CDC23DF2341D23D2605710D5741'::geometry, '300'::double precision))
                           Rows Removed by Filter: 3176
   ->  Subquery Scan on "*SELECT* 3144"  (cost=165745.69..165745.70 rows=1 width=76) (actual time=0.684..0.685 rows=1 loops=1)
         ->  Limit  (cost=165745.69..165745.69 rows=1 width=84) (actual time=0.679..0.679 rows=1 loops=1)
               ->  Sort  (cost=165745.69..165745.69 rows=1 width=84) (actual time=0.676..0.677 rows=1 loops=1)
                     Sort Key: (st_distance(st_transform(s_3143.the_geom, 25833), '0101000020E96400003AF218BF25DF2341C1A0E5D56F0D5741'::geometry))
                     Sort Method: top-N heapsort  Memory: 25kB
                     ->  Seq Scan on phoml_trajectory_tmp s_3143  (cost=0.00..165745.68 rows=1 width=84) (actual time=0.033..0.607 rows=484 loops=1)
                           Filter: ((unix_time >= '1685451416.273'::double precision) AND (unix_time <= '1685451476.273'::double precision) AND st_dwithin(st_transform(the_geom, 25833), '0101000020E96400003AF218BF25DF2341C1A0E5D56F0D5741'::geometry, '300'::double precision))
                           Rows Removed by Filter: 3176
   ->  Subquery Scan on "*SELECT* 3145"  (cost=165745.69..165745.70 rows=1 width=76) (actual time=0.658..0.659 rows=1 loops=1)
         ->  Limit  (cost=165745.69..165745.69 rows=1 width=84) (actual time=0.656..0.657 rows=1 loops=1)
               ->  Sort  (cost=165745.69..165745.69 rows=1 width=84) (actual time=0.654..0.654 rows=1 loops=1)
                     Sort Key: (st_distance(st_transform(s_3144.the_geom, 25833), '0101000020E9640000A956759927DF234117A82AAE6E0D5741'::geometry))
                     Sort Method: top-N heapsort  Memory: 25kB
                     ->  Seq Scan on phoml_trajectory_tmp s_3144  (cost=0.00..165745.68 rows=1 width=84) (actual time=0.033..0.585 rows=484 loops=1)
                           Filter: ((unix_time >= '1685451416.663'::double precision) AND (unix_time <= '1685451476.663'::double precision) AND st_dwithin(st_transform(the_geom, 25833), '0101000020E9640000A956759927DF234117A82AAE6E0D5741'::geometry, '300'::double precision))
                           Rows Removed by Filter: 3176
   ->  Subquery Scan on "*SELECT* 3146"  (cost=165745.69..165745.70 rows=1 width=76) (actual time=0.667..0.669 rows=1 loops=1)
         ->  Limit  (cost=165745.69..165745.69 rows=1 width=84) (actual time=0.664..0.665 rows=1 loops=1)
               ->  Sort  (cost=165745.69..165745.69 rows=1 width=84) (actual time=0.662..0.662 rows=1 loops=1)
                     Sort Key: (st_distance(st_transform(s_3145.the_geom, 25833), '0101000020E9640000F55EAB0D29DF23416BC5AB866D0D5741'::geometry))
                     Sort Method: top-N heapsort  Memory: 25kB
                     ->  Seq Scan on phoml_trajectory_tmp s_3145  (cost=0.00..165745.68 rows=1 width=84) (actual time=0.030..0.594 rows=484 loops=1)
                           Filter: ((unix_time >= '1685451417.053'::double precision) AND (unix_time <= '1685451477.053'::double precision) AND st_dwithin(st_transform(the_geom, 25833), '0101000020E9640000F55EAB0D29DF23416BC5AB866D0D5741'::geometry, '300'::double precision))
                           Rows Removed by Filter: 3176
   ->  Subquery Scan on "*SELECT* 3147"  (cost=165745.69..165745.70 rows=1 width=76) (actual time=0.675..0.676 rows=1 loops=1)
         ->  Limit  (cost=165745.69..165745.69 rows=1 width=84) (actual time=0.671..0.672 rows=1 loops=1)
               ->  Sort  (cost=165745.69..165745.69 rows=1 width=84) (actual time=0.669..0.670 rows=1 loops=1)
                     Sort Key: (st_distance(st_transform(s_3146.the_geom, 25833), '0101000020E9640000DA20D1832ADF23415416B5586C0D5741'::geometry))
                     Sort Method: top-N heapsort  Memory: 25kB
                     ->  Seq Scan on phoml_trajectory_tmp s_3146  (cost=0.00..165745.68 rows=1 width=84) (actual time=0.035..0.601 rows=484 loops=1)
                           Filter: ((unix_time >= '1685451417.458'::double precision) AND (unix_time <= '1685451477.458'::double precision) AND st_dwithin(st_transform(the_geom, 25833), '0101000020E9640000DA20D1832ADF23415416B5586C0D5741'::geometry, '300'::double precision))
                           Rows Removed by Filter: 3176
   ->  Subquery Scan on "*SELECT* 3148"  (cost=165745.69..165745.70 rows=1 width=76) (actual time=0.693..0.694 rows=1 loops=1)
         ->  Limit  (cost=165745.69..165745.69 rows=1 width=84) (actual time=0.691..0.692 rows=1 loops=1)
               ->  Sort  (cost=165745.69..165745.69 rows=1 width=84) (actual time=0.687..0.688 rows=1 loops=1)
                     Sort Key: (st_distance(st_transform(s_3147.the_geom, 25833), '0101000020E9640000CD8B53E72BDF2341E900052B6B0D5741'::geometry))
                     Sort Method: top-N heapsort  Memory: 25kB
                     ->  Seq Scan on phoml_trajectory_tmp s_3147  (cost=0.00..165745.68 rows=1 width=84) (actual time=0.040..0.601 rows=484 loops=1)
                           Filter: ((unix_time >= '1685451417.868'::double precision) AND (unix_time <= '1685451477.868'::double precision) AND st_dwithin(st_transform(the_geom, 25833), '0101000020E9640000CD8B53E72BDF2341E900052B6B0D5741'::geometry, '300'::double precision))
                           Rows Removed by Filter: 3176
   ->  Subquery Scan on "*SELECT* 3149"  (cost=165745.69..165745.70 rows=1 width=76) (actual time=0.676..0.677 rows=1 loops=1)
         ->  Limit  (cost=165745.69..165745.69 rows=1 width=84) (actual time=0.673..0.674 rows=1 loops=1)
               ->  Sort  (cost=165745.69..165745.69 rows=1 width=84) (actual time=0.671..0.671 rows=1 loops=1)
                     Sort Key: (st_distance(st_transform(s_3148.the_geom, 25833), '0101000020E9640000FBD373272DDF23415E42CD036A0D5741'::geometry))
                     Sort Method: top-N heapsort  Memory: 25kB
                     ->  Seq Scan on phoml_trajectory_tmp s_3148  (cost=0.00..165745.68 rows=1 width=84) (actual time=0.032..0.603 rows=480 loops=1)
                           Filter: ((unix_time >= '1685451418.282'::double precision) AND (unix_time <= '1685451478.282'::double precision) AND st_dwithin(st_transform(the_geom, 25833), '0101000020E9640000FBD373272DDF23415E42CD036A0D5741'::geometry, '300'::double precision))
                           Rows Removed by Filter: 3180
   ->  Subquery Scan on "*SELECT* 3150"  (cost=165745.69..165745.70 rows=1 width=76) (actual time=0.675..0.676 rows=1 loops=1)
         ->  Limit  (cost=165745.69..165745.69 rows=1 width=84) (actual time=0.670..0.671 rows=1 loops=1)
               ->  Sort  (cost=165745.69..165745.69 rows=1 width=84) (actual time=0.668..0.669 rows=1 loops=1)
                     Sort Key: (st_distance(st_transform(s_3149.the_geom, 25833), '0101000020E9640000827C582F2EDF2341C12CEED0680D5741'::geometry))
                     Sort Method: top-N heapsort  Memory: 25kB
                     ->  Seq Scan on phoml_trajectory_tmp s_3149  (cost=0.00..165745.68 rows=1 width=84) (actual time=0.034..0.601 rows=484 loops=1)
                           Filter: ((unix_time >= '1685451418.712'::double precision) AND (unix_time <= '1685451478.712'::double precision) AND st_dwithin(st_transform(the_geom, 25833), '0101000020E9640000827C582F2EDF2341C12CEED0680D5741'::geometry, '300'::double precision))
                           Rows Removed by Filter: 3176
   ->  Subquery Scan on "*SELECT* 3151"  (cost=165745.69..165745.70 rows=1 width=76) (actual time=0.667..0.668 rows=1 loops=1)
         ->  Limit  (cost=165745.69..165745.69 rows=1 width=84) (actual time=0.665..0.665 rows=1 loops=1)
               ->  Sort  (cost=165745.69..165745.69 rows=1 width=84) (actual time=0.663..0.663 rows=1 loops=1)
                     Sort Key: (st_distance(st_transform(s_3150.the_geom, 25833), '0101000020E964000043521FF72EDF23415A7F7B9D670D5741'::geometry))
                     Sort Method: top-N heapsort  Memory: 25kB
                     ->  Seq Scan on phoml_trajectory_tmp s_3150  (cost=0.00..165745.68 rows=1 width=84) (actual time=0.034..0.594 rows=480 loops=1)
                           Filter: ((unix_time >= '1685451419.138'::double precision) AND (unix_time <= '1685451479.138'::double precision) AND st_dwithin(st_transform(the_geom, 25833), '0101000020E964000043521FF72EDF23415A7F7B9D670D5741'::geometry, '300'::double precision))
                           Rows Removed by Filter: 3180
   ->  Subquery Scan on "*SELECT* 3152"  (cost=165745.69..165745.70 rows=1 width=76) (actual time=0.664..0.665 rows=1 loops=1)
         ->  Limit  (cost=165745.69..165745.69 rows=1 width=84) (actual time=0.661..0.661 rows=1 loops=1)
               ->  Sort  (cost=165745.69..165745.69 rows=1 width=84) (actual time=0.659..0.659 rows=1 loops=1)
                     Sort Key: (st_distance(st_transform(s_3151.the_geom, 25833), '0101000020E964000008734B992FDF2341B272FA72660D5741'::geometry))
                     Sort Method: top-N heapsort  Memory: 25kB
                     ->  Seq Scan on phoml_trajectory_tmp s_3151  (cost=0.00..165745.68 rows=1 width=84) (actual time=0.031..0.592 rows=480 loops=1)
                           Filter: ((unix_time >= '1685451419.578'::double precision) AND (unix_time <= '1685451479.578'::double precision) AND st_dwithin(st_transform(the_geom, 25833), '0101000020E964000008734B992FDF2341B272FA72660D5741'::geometry, '300'::double precision))
                           Rows Removed by Filter: 3180
   ->  Subquery Scan on "*SELECT* 3153"  (cost=165745.69..165745.70 rows=1 width=76) (actual time=0.662..0.664 rows=1 loops=1)
         ->  Limit  (cost=165745.69..165745.69 rows=1 width=84) (actual time=0.659..0.659 rows=1 loops=1)
               ->  Sort  (cost=165745.69..165745.69 rows=1 width=84) (actual time=0.656..0.657 rows=1 loops=1)
                     Sort Key: (st_distance(st_transform(s_3152.the_geom, 25833), '0101000020E96400008B35646A30DF2341E69F9844650D5741'::geometry))
                     Sort Method: top-N heapsort  Memory: 25kB
                     ->  Seq Scan on phoml_trajectory_tmp s_3152  (cost=0.00..165745.68 rows=1 width=84) (actual time=0.033..0.590 rows=484 loops=1)
                           Filter: ((unix_time >= '1685451420.018'::double precision) AND (unix_time <= '1685451480.018'::double precision) AND st_dwithin(st_transform(the_geom, 25833), '0101000020E96400008B35646A30DF2341E69F9844650D5741'::geometry, '300'::double precision))
                           Rows Removed by Filter: 3176
   ->  Subquery Scan on "*SELECT* 3154"  (cost=165745.69..165745.70 rows=1 width=76) (actual time=0.655..0.656 rows=1 loops=1)
         ->  Limit  (cost=165745.69..165745.69 rows=1 width=84) (actual time=0.653..0.653 rows=1 loops=1)
               ->  Sort  (cost=165745.69..165745.69 rows=1 width=84) (actual time=0.651..0.651 rows=1 loops=1)
                     Sort Key: (st_distance(st_transform(s_3153.the_geom, 25833), '0101000020E96400000A86B87031DF2341AC44D00B640D5741'::geometry))
                     Sort Method: top-N heapsort  Memory: 25kB
                     ->  Seq Scan on phoml_trajectory_tmp s_3153  (cost=0.00..165745.68 rows=1 width=84) (actual time=0.032..0.584 rows=484 loops=1)
                           Filter: ((unix_time >= '1685451420.467'::double precision) AND (unix_time <= '1685451480.467'::double precision) AND st_dwithin(st_transform(the_geom, 25833), '0101000020E96400000A86B87031DF2341AC44D00B640D5741'::geometry, '300'::double precision))
                           Rows Removed by Filter: 3176
   ->  Subquery Scan on "*SELECT* 3155"  (cost=165745.69..165745.70 rows=1 width=76) (actual time=0.669..0.670 rows=1 loops=1)
         ->  Limit  (cost=165745.69..165745.69 rows=1 width=84) (actual time=0.665..0.666 rows=1 loops=1)
               ->  Sort  (cost=165745.69..165745.69 rows=1 width=84) (actual time=0.663..0.664 rows=1 loops=1)
                     Sort Key: (st_distance(st_transform(s_3154.the_geom, 25833), '0101000020E96400003A35E3C632DF23413FB4F3D6620D5741'::geometry))
                     Sort Method: top-N heapsort  Memory: 25kB
                     ->  Seq Scan on phoml_trajectory_tmp s_3154  (cost=0.00..165745.68 rows=1 width=84) (actual time=0.032..0.596 rows=484 loops=1)
                           Filter: ((unix_time >= '1685451420.917'::double precision) AND (unix_time <= '1685451480.917'::double precision) AND st_dwithin(st_transform(the_geom, 25833), '0101000020E96400003A35E3C632DF23413FB4F3D6620D5741'::geometry, '300'::double precision))
                           Rows Removed by Filter: 3176
   ->  Subquery Scan on "*SELECT* 3156"  (cost=165745.69..165745.70 rows=1 width=76) (actual time=0.662..0.664 rows=1 loops=1)
         ->  Limit  (cost=165745.69..165745.69 rows=1 width=84) (actual time=0.659..0.660 rows=1 loops=1)
               ->  Sort  (cost=165745.69..165745.69 rows=1 width=84) (actual time=0.657..0.658 rows=1 loops=1)
                     Sort Key: (st_distance(st_transform(s_3155.the_geom, 25833), '0101000020E9640000EF2F643034DF2341A4EF549A610D5741'::geometry))
                     Sort Method: top-N heapsort  Memory: 25kB
                     ->  Seq Scan on phoml_trajectory_tmp s_3155  (cost=0.00..165745.68 rows=1 width=84) (actual time=0.030..0.582 rows=480 loops=1)
                           Filter: ((unix_time >= '1685451421.371'::double precision) AND (unix_time <= '1685451481.371'::double precision) AND st_dwithin(st_transform(the_geom, 25833), '0101000020E9640000EF2F643034DF2341A4EF549A610D5741'::geometry, '300'::double precision))
                           Rows Removed by Filter: 3180
   ->  Subquery Scan on "*SELECT* 3157"  (cost=165745.69..165745.70 rows=1 width=76) (actual time=0.655..0.656 rows=1 loops=1)
         ->  Limit  (cost=165745.69..165745.69 rows=1 width=84) (actual time=0.652..0.653 rows=1 loops=1)
               ->  Sort  (cost=165745.69..165745.69 rows=1 width=84) (actual time=0.650..0.651 rows=1 loops=1)
                     Sort Key: (st_distance(st_transform(s_3156.the_geom, 25833), '0101000020E96400003AF2ECB935DF2341A3EB9363600D5741'::geometry))
                     Sort Method: top-N heapsort  Memory: 25kB
                     ->  Seq Scan on phoml_trajectory_tmp s_3156  (cost=0.00..165745.68 rows=1 width=84) (actual time=0.032..0.583 rows=484 loops=1)
                           Filter: ((unix_time >= '1685451421.811'::double precision) AND (unix_time <= '1685451481.811'::double precision) AND st_dwithin(st_transform(the_geom, 25833), '0101000020E96400003AF2ECB935DF2341A3EB9363600D5741'::geometry, '300'::double precision))
                           Rows Removed by Filter: 3176
   ->  Subquery Scan on "*SELECT* 3158"  (cost=165745.69..165745.70 rows=1 width=76) (actual time=0.701..0.702 rows=1 loops=1)
         ->  Limit  (cost=165745.69..165745.69 rows=1 width=84) (actual time=0.698..0.699 rows=1 loops=1)
               ->  Sort  (cost=165745.69..165745.69 rows=1 width=84) (actual time=0.696..0.696 rows=1 loops=1)
                     Sort Key: (st_distance(st_transform(s_3157.the_geom, 25833), '0101000020E964000066AC8E1437DF2341121031265F0D5741'::geometry))
                     Sort Method: top-N heapsort  Memory: 25kB
                     ->  Seq Scan on phoml_trajectory_tmp s_3157  (cost=0.00..165745.68 rows=1 width=84) (actual time=0.030..0.628 rows=484 loops=1)
                           Filter: ((unix_time >= '1685451422.255'::double precision) AND (unix_time <= '1685451482.255'::double precision) AND st_dwithin(st_transform(the_geom, 25833), '0101000020E964000066AC8E1437DF2341121031265F0D5741'::geometry, '300'::double precision))
                           Rows Removed by Filter: 3176
   ->  Subquery Scan on "*SELECT* 3159"  (cost=165745.69..165745.70 rows=1 width=76) (actual time=0.746..0.747 rows=1 loops=1)
         ->  Limit  (cost=165745.69..165745.69 rows=1 width=84) (actual time=0.742..0.742 rows=1 loops=1)
               ->  Sort  (cost=165745.69..165745.69 rows=1 width=84) (actual time=0.740..0.740 rows=1 loops=1)
                     Sort Key: (st_distance(st_transform(s_3158.the_geom, 25833), '0101000020E9640000BECB29E838DF2341196019E65D0D5741'::geometry))
                     Sort Method: top-N heapsort  Memory: 25kB
                     ->  Seq Scan on phoml_trajectory_tmp s_3158  (cost=0.00..165745.68 rows=1 width=84) (actual time=0.033..0.669 rows=484 loops=1)
                           Filter: ((unix_time >= '1685451422.695'::double precision) AND (unix_time <= '1685451482.695'::double precision) AND st_dwithin(st_transform(the_geom, 25833), '0101000020E9640000BECB29E838DF2341196019E65D0D5741'::geometry, '300'::double precision))
                           Rows Removed by Filter: 3176
   ->  Subquery Scan on "*SELECT* 3160"  (cost=165745.69..165745.70 rows=1 width=76) (actual time=0.687..0.689 rows=1 loops=1)
         ->  Limit  (cost=165745.69..165745.69 rows=1 width=84) (actual time=0.684..0.685 rows=1 loops=1)
               ->  Sort  (cost=165745.69..165745.69 rows=1 width=84) (actual time=0.682..0.682 rows=1 loops=1)
                     Sort Key: (st_distance(st_transform(s_3159.the_geom, 25833), '0101000020E964000042B0B5D03ADF234145F5A9A95C0D5741'::geometry))
                     Sort Method: top-N heapsort  Memory: 25kB
                     ->  Seq Scan on phoml_trajectory_tmp s_3159  (cost=0.00..165745.68 rows=1 width=84) (actual time=0.034..0.613 rows=484 loops=1)
                           Filter: ((unix_time >= '1685451423.115'::double precision) AND (unix_time <= '1685451483.115'::double precision) AND st_dwithin(st_transform(the_geom, 25833), '0101000020E964000042B0B5D03ADF234145F5A9A95C0D5741'::geometry, '300'::double precision))
                           Rows Removed by Filter: 3176
   ->  Subquery Scan on "*SELECT* 3161"  (cost=165745.69..165745.70 rows=1 width=76) (actual time=0.664..0.665 rows=1 loops=1)
         ->  Limit  (cost=165745.69..165745.69 rows=1 width=84) (actual time=0.661..0.662 rows=1 loops=1)
               ->  Sort  (cost=165745.69..165745.69 rows=1 width=84) (actual time=0.660..0.660 rows=1 loops=1)
                     Sort Key: (st_distance(st_transform(s_3160.the_geom, 25833), '0101000020E9640000D0DA59B33CDF234133A7E86E5B0D5741'::geometry))
                     Sort Method: top-N heapsort  Memory: 25kB
                     ->  Seq Scan on phoml_trajectory_tmp s_3160  (cost=0.00..165745.68 rows=1 width=84) (actual time=0.031..0.591 rows=484 loops=1)
                           Filter: ((unix_time >= '1685451423.538'::double precision) AND (unix_time <= '1685451483.538'::double precision) AND st_dwithin(st_transform(the_geom, 25833), '0101000020E9640000D0DA59B33CDF234133A7E86E5B0D5741'::geometry, '300'::double precision))
                           Rows Removed by Filter: 3176
   ->  Subquery Scan on "*SELECT* 3162"  (cost=165745.69..165745.70 rows=1 width=76) (actual time=0.673..0.674 rows=1 loops=1)
         ->  Limit  (cost=165745.69..165745.69 rows=1 width=84) (actual time=0.669..0.671 rows=1 loops=1)
               ->  Sort  (cost=165745.69..165745.69 rows=1 width=84) (actual time=0.667..0.668 rows=1 loops=1)
                     Sort Key: (st_distance(st_transform(s_3161.the_geom, 25833), '0101000020E9640000C97C0B5F3EDF2341AD7CA9295A0D5741'::geometry))
                     Sort Method: top-N heapsort  Memory: 25kB
                     ->  Seq Scan on phoml_trajectory_tmp s_3161  (cost=0.00..165745.68 rows=1 width=84) (actual time=0.030..0.602 rows=480 loops=1)
                           Filter: ((unix_time >= '1685451423.958'::double precision) AND (unix_time <= '1685451483.958'::double precision) AND st_dwithin(st_transform(the_geom, 25833), '0101000020E9640000C97C0B5F3EDF2341AD7CA9295A0D5741'::geometry, '300'::double precision))
                           Rows Removed by Filter: 3180
   ->  Subquery Scan on "*SELECT* 3163"  (cost=165745.69..165745.70 rows=1 width=76) (actual time=0.673..0.674 rows=1 loops=1)
         ->  Limit  (cost=165745.69..165745.69 rows=1 width=84) (actual time=0.669..0.670 rows=1 loops=1)
               ->  Sort  (cost=165745.69..165745.69 rows=1 width=84) (actual time=0.667..0.668 rows=1 loops=1)
                     Sort Key: (st_distance(st_transform(s_3162.the_geom, 25833), '0101000020E964000061B47CE53FDF23412466BDF2580D5741'::geometry))
                     Sort Method: top-N heapsort  Memory: 25kB
                     ->  Seq Scan on phoml_trajectory_tmp s_3162  (cost=0.00..165745.68 rows=1 width=84) (actual time=0.033..0.600 rows=480 loops=1)
                           Filter: ((unix_time >= '1685451424.363'::double precision) AND (unix_time <= '1685451484.363'::double precision) AND st_dwithin(st_transform(the_geom, 25833), '0101000020E964000061B47CE53FDF23412466BDF2580D5741'::geometry, '300'::double precision))
                           Rows Removed by Filter: 3180
   ->  Subquery Scan on "*SELECT* 3164"  (cost=165745.69..165745.70 rows=1 width=76) (actual time=0.659..0.660 rows=1 loops=1)
         ->  Limit  (cost=165745.69..165745.69 rows=1 width=84) (actual time=0.657..0.657 rows=1 loops=1)
               ->  Sort  (cost=165745.69..165745.69 rows=1 width=84) (actual time=0.655..0.655 rows=1 loops=1)
                     Sort Key: (st_distance(st_transform(s_3163.the_geom, 25833), '0101000020E964000037D4257641DF2341094802BB570D5741'::geometry))
                     Sort Method: top-N heapsort  Memory: 25kB
                     ->  Seq Scan on phoml_trajectory_tmp s_3163  (cost=0.00..165745.68 rows=1 width=84) (actual time=0.032..0.588 rows=480 loops=1)
                           Filter: ((unix_time >= '1685451424.763'::double precision) AND (unix_time <= '1685451484.763'::double precision) AND st_dwithin(st_transform(the_geom, 25833), '0101000020E964000037D4257641DF2341094802BB570D5741'::geometry, '300'::double precision))
                           Rows Removed by Filter: 3180
   ->  Subquery Scan on "*SELECT* 3165"  (cost=165745.69..165745.70 rows=1 width=76) (actual time=0.675..0.676 rows=1 loops=1)
         ->  Limit  (cost=165745.69..165745.69 rows=1 width=84) (actual time=0.671..0.672 rows=1 loops=1)
               ->  Sort  (cost=165745.69..165745.69 rows=1 width=84) (actual time=0.669..0.669 rows=1 loops=1)
                     Sort Key: (st_distance(st_transform(s_3164.the_geom, 25833), '0101000020E96400006239CA0043DF23417425D37C560D5741'::geometry))
                     Sort Method: top-N heapsort  Memory: 25kB
                     ->  Seq Scan on phoml_trajectory_tmp s_3164  (cost=0.00..165745.68 rows=1 width=84) (actual time=0.030..0.594 rows=484 loops=1)
                           Filter: ((unix_time >= '1685451425.157'::double precision) AND (unix_time <= '1685451485.157'::double precision) AND st_dwithin(st_transform(the_geom, 25833), '0101000020E96400006239CA0043DF23417425D37C560D5741'::geometry, '300'::double precision))
                           Rows Removed by Filter: 3176
   ->  Subquery Scan on "*SELECT* 3166"  (cost=165745.69..165745.70 rows=1 width=76) (actual time=0.674..0.675 rows=1 loops=1)
         ->  Limit  (cost=165745.69..165745.69 rows=1 width=84) (actual time=0.671..0.671 rows=1 loops=1)
               ->  Sort  (cost=165745.69..165745.69 rows=1 width=84) (actual time=0.669..0.669 rows=1 loops=1)
                     Sort Key: (st_distance(st_transform(s_3165.the_geom, 25833), '0101000020E96400007302669A44DF234129811A4C550D5741'::geometry))
                     Sort Method: top-N heapsort  Memory: 25kB
                     ->  Seq Scan on phoml_trajectory_tmp s_3165  (cost=0.00..165745.68 rows=1 width=84) (actual time=0.030..0.594 rows=484 loops=1)
                           Filter: ((unix_time >= '1685451425.537'::double precision) AND (unix_time <= '1685451485.537'::double precision) AND st_dwithin(st_transform(the_geom, 25833), '0101000020E96400007302669A44DF234129811A4C550D5741'::geometry, '300'::double precision))
                           Rows Removed by Filter: 3176
   ->  Subquery Scan on "*SELECT* 3167"  (cost=165745.69..165745.70 rows=1 width=76) (actual time=0.651..0.653 rows=1 loops=1)
         ->  Limit  (cost=165745.69..165745.69 rows=1 width=84) (actual time=0.649..0.650 rows=1 loops=1)
               ->  Sort  (cost=165745.69..165745.69 rows=1 width=84) (actual time=0.647..0.648 rows=1 loops=1)
                     Sort Key: (st_distance(st_transform(s_3166.the_geom, 25833), '0101000020E964000076ABDB6A46DF23418ED4C003540D5741'::geometry))
                     Sort Method: top-N heapsort  Memory: 25kB
                     ->  Seq Scan on phoml_trajectory_tmp s_3166  (cost=0.00..165745.68 rows=1 width=84) (actual time=0.032..0.580 rows=480 loops=1)
                           Filter: ((unix_time >= '1685451425.937'::double precision) AND (unix_time <= '1685451485.937'::double precision) AND st_dwithin(st_transform(the_geom, 25833), '0101000020E964000076ABDB6A46DF23418ED4C003540D5741'::geometry, '300'::double precision))
                           Rows Removed by Filter: 3180
   ->  Subquery Scan on "*SELECT* 3168"  (cost=165745.69..165745.70 rows=1 width=76) (actual time=0.674..0.675 rows=1 loops=1)
         ->  Limit  (cost=165745.69..165745.69 rows=1 width=84) (actual time=0.670..0.671 rows=1 loops=1)
               ->  Sort  (cost=165745.69..165745.69 rows=1 width=84) (actual time=0.669..0.669 rows=1 loops=1)
                     Sort Key: (st_distance(st_transform(s_3167.the_geom, 25833), '0101000020E9640000FF7E7D3348DF2341DA826DCA520D5741'::geometry))
                     Sort Method: top-N heapsort  Memory: 25kB
                     ->  Seq Scan on phoml_trajectory_tmp s_3167  (cost=0.00..165745.68 rows=1 width=84) (actual time=0.031..0.602 rows=480 loops=1)
                           Filter: ((unix_time >= '1685451426.313'::double precision) AND (unix_time <= '1685451486.313'::double precision) AND st_dwithin(st_transform(the_geom, 25833), '0101000020E9640000FF7E7D3348DF2341DA826DCA520D5741'::geometry, '300'::double precision))
                           Rows Removed by Filter: 3180
   ->  Subquery Scan on "*SELECT* 3169"  (cost=165745.69..165745.70 rows=1 width=76) (actual time=0.665..0.666 rows=1 loops=1)
         ->  Limit  (cost=165745.69..165745.69 rows=1 width=84) (actual time=0.661..0.663 rows=1 loops=1)
               ->  Sort  (cost=165745.69..165745.69 rows=1 width=84) (actual time=0.659..0.660 rows=1 loops=1)
                     Sort Key: (st_distance(st_transform(s_3168.the_geom, 25833), '0101000020E9640000D0C7252F4ADF2341201E6B89510D5741'::geometry))
                     Sort Method: top-N heapsort  Memory: 25kB
                     ->  Seq Scan on phoml_trajectory_tmp s_3168  (cost=0.00..165745.68 rows=1 width=84) (actual time=0.030..0.592 rows=480 loops=1)
                           Filter: ((unix_time >= '1685451426.693'::double precision) AND (unix_time <= '1685451486.693'::double precision) AND st_dwithin(st_transform(the_geom, 25833), '0101000020E9640000D0C7252F4ADF2341201E6B89510D5741'::geometry, '300'::double precision))
                           Rows Removed by Filter: 3180
   ->  Subquery Scan on "*SELECT* 3170"  (cost=165745.69..165745.70 rows=1 width=76) (actual time=0.648..0.649 rows=1 loops=1)
         ->  Limit  (cost=165745.69..165745.69 rows=1 width=84) (actual time=0.645..0.646 rows=1 loops=1)
               ->  Sort  (cost=165745.69..165745.69 rows=1 width=84) (actual time=0.644..0.644 rows=1 loops=1)
                     Sort Key: (st_distance(st_transform(s_3169.the_geom, 25833), '0101000020E96400002DDDE8EE4BDF23419E710550500D5741'::geometry))
                     Sort Method: top-N heapsort  Memory: 25kB
                     ->  Seq Scan on phoml_trajectory_tmp s_3169  (cost=0.00..165745.68 rows=1 width=84) (actual time=0.032..0.576 rows=480 loops=1)
                           Filter: ((unix_time >= '1685451427.053'::double precision) AND (unix_time <= '1685451487.053'::double precision) AND st_dwithin(st_transform(the_geom, 25833), '0101000020E96400002DDDE8EE4BDF23419E710550500D5741'::geometry, '300'::double precision))
                           Rows Removed by Filter: 3180
   ->  Subquery Scan on "*SELECT* 3171"  (cost=165745.69..165745.70 rows=1 width=76) (actual time=0.658..0.659 rows=1 loops=1)
         ->  Limit  (cost=165745.69..165745.69 rows=1 width=84) (actual time=0.655..0.656 rows=1 loops=1)
               ->  Sort  (cost=165745.69..165745.69 rows=1 width=84) (actual time=0.653..0.653 rows=1 loops=1)
                     Sort Key: (st_distance(st_transform(s_3170.the_geom, 25833), '0101000020E9640000140DA3AC4DDF23417E752A114F0D5741'::geometry))
                     Sort Method: top-N heapsort  Memory: 25kB
                     ->  Seq Scan on phoml_trajectory_tmp s_3170  (cost=0.00..165745.68 rows=1 width=84) (actual time=0.032..0.586 rows=480 loops=1)
                           Filter: ((unix_time >= '1685451427.415'::double precision) AND (unix_time <= '1685451487.415'::double precision) AND st_dwithin(st_transform(the_geom, 25833), '0101000020E9640000140DA3AC4DDF23417E752A114F0D5741'::geometry, '300'::double precision))
                           Rows Removed by Filter: 3180
   ->  Subquery Scan on "*SELECT* 3172"  (cost=165745.69..165745.70 rows=1 width=76) (actual time=0.667..0.668 rows=1 loops=1)
         ->  Limit  (cost=165745.69..165745.69 rows=1 width=84) (actual time=0.664..0.664 rows=1 loops=1)
               ->  Sort  (cost=165745.69..165745.69 rows=1 width=84) (actual time=0.661..0.662 rows=1 loops=1)
                     Sort Key: (st_distance(st_transform(s_3171.the_geom, 25833), '0101000020E9640000E97DE6404FDF2341199C05D44D0D5741'::geometry))
                     Sort Method: top-N heapsort  Memory: 25kB
                     ->  Seq Scan on phoml_trajectory_tmp s_3171  (cost=0.00..165745.68 rows=1 width=84) (actual time=0.031..0.585 rows=480 loops=1)
                           Filter: ((unix_time >= '1685451427.775'::double precision) AND (unix_time <= '1685451487.775'::double precision) AND st_dwithin(st_transform(the_geom, 25833), '0101000020E9640000E97DE6404FDF2341199C05D44D0D5741'::geometry, '300'::double precision))
                           Rows Removed by Filter: 3180
   ->  Subquery Scan on "*SELECT* 3173"  (cost=165745.69..165745.70 rows=1 width=76) (actual time=0.653..0.654 rows=1 loops=1)
         ->  Limit  (cost=165745.69..165745.69 rows=1 width=84) (actual time=0.650..0.651 rows=1 loops=1)
               ->  Sort  (cost=165745.69..165745.69 rows=1 width=84) (actual time=0.648..0.648 rows=1 loops=1)
                     Sort Key: (st_distance(st_transform(s_3172.the_geom, 25833), '0101000020E9640000D58E99B750DF2341412FA99D4C0D5741'::geometry))
                     Sort Method: top-N heapsort  Memory: 25kB
                     ->  Seq Scan on phoml_trajectory_tmp s_3172  (cost=0.00..165745.68 rows=1 width=84) (actual time=0.031..0.582 rows=480 loops=1)
                           Filter: ((unix_time >= '1685451428.128'::double precision) AND (unix_time <= '1685451488.128'::double precision) AND st_dwithin(st_transform(the_geom, 25833), '0101000020E9640000D58E99B750DF2341412FA99D4C0D5741'::geometry, '300'::double precision))
                           Rows Removed by Filter: 3180
   ->  Subquery Scan on "*SELECT* 3174"  (cost=165745.69..165745.70 rows=1 width=76) (actual time=0.664..0.665 rows=1 loops=1)
         ->  Limit  (cost=165745.69..165745.69 rows=1 width=84) (actual time=0.661..0.662 rows=1 loops=1)
               ->  Sort  (cost=165745.69..165745.69 rows=1 width=84) (actual time=0.659..0.659 rows=1 loops=1)
                     Sort Key: (st_distance(st_transform(s_3173.the_geom, 25833), '0101000020E9640000FAFEF63C52DF2341D571CB5F4B0D5741'::geometry))
                     Sort Method: top-N heapsort  Memory: 25kB
                     ->  Seq Scan on phoml_trajectory_tmp s_3173  (cost=0.00..165745.68 rows=1 width=84) (actual time=0.030..0.594 rows=480 loops=1)
                           Filter: ((unix_time >= '1685451428.478'::double precision) AND (unix_time <= '1685451488.478'::double precision) AND st_dwithin(st_transform(the_geom, 25833), '0101000020E9640000FAFEF63C52DF2341D571CB5F4B0D5741'::geometry, '300'::double precision))
                           Rows Removed by Filter: 3180
   ->  Subquery Scan on "*SELECT* 3175"  (cost=165745.69..165745.70 rows=1 width=76) (actual time=0.753..0.754 rows=1 loops=1)
         ->  Limit  (cost=165745.69..165745.69 rows=1 width=84) (actual time=0.748..0.749 rows=1 loops=1)
               ->  Sort  (cost=165745.69..165745.69 rows=1 width=84) (actual time=0.745..0.746 rows=1 loops=1)
                     Sort Key: (st_distance(st_transform(s_3174.the_geom, 25833), '0101000020E9640000270543ED53DF2341DDFA6C214A0D5741'::geometry))
                     Sort Method: top-N heapsort  Memory: 25kB
                     ->  Seq Scan on phoml_trajectory_tmp s_3174  (cost=0.00..165745.68 rows=1 width=84) (actual time=0.034..0.674 rows=480 loops=1)
                           Filter: ((unix_time >= '1685451428.828'::double precision) AND (unix_time <= '1685451488.828'::double precision) AND st_dwithin(st_transform(the_geom, 25833), '0101000020E9640000270543ED53DF2341DDFA6C214A0D5741'::geometry, '300'::double precision))
                           Rows Removed by Filter: 3180
   ->  Subquery Scan on "*SELECT* 3176"  (cost=165745.69..165745.70 rows=1 width=76) (actual time=0.677..0.678 rows=1 loops=1)
         ->  Limit  (cost=165745.69..165745.69 rows=1 width=84) (actual time=0.673..0.674 rows=1 loops=1)
               ->  Sort  (cost=165745.69..165745.69 rows=1 width=84) (actual time=0.671..0.671 rows=1 loops=1)
                     Sort Key: (st_distance(st_transform(s_3175.the_geom, 25833), '0101000020E964000049C8F28055DF2341BE5E12F1480D5741'::geometry))
                     Sort Method: top-N heapsort  Memory: 25kB
                     ->  Seq Scan on phoml_trajectory_tmp s_3175  (cost=0.00..165745.68 rows=1 width=84) (actual time=0.031..0.592 rows=480 loops=1)
                           Filter: ((unix_time >= '1685451429.169'::double precision) AND (unix_time <= '1685451489.169'::double precision) AND st_dwithin(st_transform(the_geom, 25833), '0101000020E964000049C8F28055DF2341BE5E12F1480D5741'::geometry, '300'::double precision))
                           Rows Removed by Filter: 3180
   ->  Subquery Scan on "*SELECT* 3177"  (cost=165745.69..165745.70 rows=1 width=76) (actual time=0.648..0.649 rows=1 loops=1)
         ->  Limit  (cost=165745.69..165745.69 rows=1 width=84) (actual time=0.647..0.647 rows=1 loops=1)
               ->  Sort  (cost=165745.69..165745.69 rows=1 width=84) (actual time=0.644..0.645 rows=1 loops=1)
                     Sort Key: (st_distance(st_transform(s_3176.the_geom, 25833), '0101000020E9640000E5CA90EA56DF23410E6344AD470D5741'::geometry))
                     Sort Method: top-N heapsort  Memory: 25kB
                     ->  Seq Scan on phoml_trajectory_tmp s_3176  (cost=0.00..165745.68 rows=1 width=84) (actual time=0.032..0.579 rows=480 loops=1)
                           Filter: ((unix_time >= '1685451429.519'::double precision) AND (unix_time <= '1685451489.519'::double precision) AND st_dwithin(st_transform(the_geom, 25833), '0101000020E9640000E5CA90EA56DF23410E6344AD470D5741'::geometry, '300'::double precision))
                           Rows Removed by Filter: 3180
   ->  Subquery Scan on "*SELECT* 3178"  (cost=165745.69..165745.70 rows=1 width=76) (actual time=0.666..0.667 rows=1 loops=1)
         ->  Limit  (cost=165745.69..165745.69 rows=1 width=84) (actual time=0.663..0.663 rows=1 loops=1)
               ->  Sort  (cost=165745.69..165745.69 rows=1 width=84) (actual time=0.661..0.661 rows=1 loops=1)
                     Sort Key: (st_distance(st_transform(s_3177.the_geom, 25833), '0101000020E96400009963A52B58DF2341AE51C977460D5741'::geometry))
                     Sort Method: top-N heapsort  Memory: 25kB
                     ->  Seq Scan on phoml_trajectory_tmp s_3177  (cost=0.00..165745.68 rows=1 width=84) (actual time=0.031..0.594 rows=480 loops=1)
                           Filter: ((unix_time >= '1685451429.859'::double precision) AND (unix_time <= '1685451489.859'::double precision) AND st_dwithin(st_transform(the_geom, 25833), '0101000020E96400009963A52B58DF2341AE51C977460D5741'::geometry, '300'::double precision))
                           Rows Removed by Filter: 3180
   ->  Subquery Scan on "*SELECT* 3179"  (cost=165745.69..165745.70 rows=1 width=76) (actual time=0.675..0.676 rows=1 loops=1)
         ->  Limit  (cost=165745.69..165745.69 rows=1 width=84) (actual time=0.671..0.671 rows=1 loops=1)
               ->  Sort  (cost=165745.69..165745.69 rows=1 width=84) (actual time=0.669..0.669 rows=1 loops=1)
                     Sort Key: (st_distance(st_transform(s_3178.the_geom, 25833), '0101000020E9640000F905679F59DF23413054B53A450D5741'::geometry))
                     Sort Method: top-N heapsort  Memory: 25kB
                     ->  Seq Scan on phoml_trajectory_tmp s_3178  (cost=0.00..165745.68 rows=1 width=84) (actual time=0.033..0.603 rows=480 loops=1)
                           Filter: ((unix_time >= '1685451430.21'::double precision) AND (unix_time <= '1685451490.21'::double precision) AND st_dwithin(st_transform(the_geom, 25833), '0101000020E9640000F905679F59DF23413054B53A450D5741'::geometry, '300'::double precision))
                           Rows Removed by Filter: 3180
   ->  Subquery Scan on "*SELECT* 3180"  (cost=165745.69..165745.70 rows=1 width=76) (actual time=0.655..0.656 rows=1 loops=1)
         ->  Limit  (cost=165745.69..165745.69 rows=1 width=84) (actual time=0.653..0.654 rows=1 loops=1)
               ->  Sort  (cost=165745.69..165745.69 rows=1 width=84) (actual time=0.651..0.651 rows=1 loops=1)
                     Sort Key: (st_distance(st_transform(s_3179.the_geom, 25833), '0101000020E96400008E0B731B5BDF2341362E6D04440D5741'::geometry))
                     Sort Method: top-N heapsort  Memory: 25kB
                     ->  Seq Scan on phoml_trajectory_tmp s_3179  (cost=0.00..165745.68 rows=1 width=84) (actual time=0.033..0.582 rows=480 loops=1)
                           Filter: ((unix_time >= '1685451430.55'::double precision) AND (unix_time <= '1685451490.55'::double precision) AND st_dwithin(st_transform(the_geom, 25833), '0101000020E96400008E0B731B5BDF2341362E6D04440D5741'::geometry, '300'::double precision))
                           Rows Removed by Filter: 3180
   ->  Subquery Scan on "*SELECT* 3181"  (cost=165745.69..165745.70 rows=1 width=76) (actual time=0.656..0.657 rows=1 loops=1)
         ->  Limit  (cost=165745.69..165745.69 rows=1 width=84) (actual time=0.653..0.654 rows=1 loops=1)
               ->  Sort  (cost=165745.69..165745.69 rows=1 width=84) (actual time=0.651..0.651 rows=1 loops=1)
                     Sort Key: (st_distance(st_transform(s_3180.the_geom, 25833), '0101000020E9640000BA68F2B25CDF23410D213CC4420D5741'::geometry))
                     Sort Method: top-N heapsort  Memory: 25kB
                     ->  Seq Scan on phoml_trajectory_tmp s_3180  (cost=0.00..165745.68 rows=1 width=84) (actual time=0.030..0.586 rows=480 loops=1)
                           Filter: ((unix_time >= '1685451430.89'::double precision) AND (unix_time <= '1685451490.89'::double precision) AND st_dwithin(st_transform(the_geom, 25833), '0101000020E9640000BA68F2B25CDF23410D213CC4420D5741'::geometry, '300'::double precision))
                           Rows Removed by Filter: 3180
   ->  Subquery Scan on "*SELECT* 3182"  (cost=165745.69..165745.70 rows=1 width=76) (actual time=0.696..0.697 rows=1 loops=1)
         ->  Limit  (cost=165745.69..165745.69 rows=1 width=84) (actual time=0.693..0.693 rows=1 loops=1)
               ->  Sort  (cost=165745.69..165745.69 rows=1 width=84) (actual time=0.691..0.691 rows=1 loops=1)
                     Sort Key: (st_distance(st_transform(s_3181.the_geom, 25833), '0101000020E96400003ABDFB435EDF2341982D6F8B410D5741'::geometry))
                     Sort Method: top-N heapsort  Memory: 25kB
                     ->  Seq Scan on phoml_trajectory_tmp s_3181  (cost=0.00..165745.68 rows=1 width=84) (actual time=0.031..0.616 rows=480 loops=1)
                           Filter: ((unix_time >= '1685451431.234'::double precision) AND (unix_time <= '1685451491.234'::double precision) AND st_dwithin(st_transform(the_geom, 25833), '0101000020E96400003ABDFB435EDF2341982D6F8B410D5741'::geometry, '300'::double precision))
                           Rows Removed by Filter: 3180
   ->  Subquery Scan on "*SELECT* 3183"  (cost=165745.69..165745.70 rows=1 width=76) (actual time=0.663..0.664 rows=1 loops=1)
         ->  Limit  (cost=165745.69..165745.69 rows=1 width=84) (actual time=0.661..0.662 rows=1 loops=1)
               ->  Sort  (cost=165745.69..165745.69 rows=1 width=84) (actual time=0.659..0.659 rows=1 loops=1)
                     Sort Key: (st_distance(st_transform(s_3182.the_geom, 25833), '0101000020E9640000C099FCD45FDF2341C7D6A959400D5741'::geometry))
                     Sort Method: top-N heapsort  Memory: 25kB
                     ->  Seq Scan on phoml_trajectory_tmp s_3182  (cost=0.00..165745.68 rows=1 width=84) (actual time=0.034..0.592 rows=480 loops=1)
                           Filter: ((unix_time >= '1685451431.564'::double precision) AND (unix_time <= '1685451491.564'::double precision) AND st_dwithin(st_transform(the_geom, 25833), '0101000020E9640000C099FCD45FDF2341C7D6A959400D5741'::geometry, '300'::double precision))
                           Rows Removed by Filter: 3180
   ->  Subquery Scan on "*SELECT* 3184"  (cost=165745.69..165745.70 rows=1 width=76) (actual time=0.664..0.665 rows=1 loops=1)
         ->  Limit  (cost=165745.69..165745.69 rows=1 width=84) (actual time=0.660..0.661 rows=1 loops=1)
               ->  Sort  (cost=165745.69..165745.69 rows=1 width=84) (actual time=0.659..0.659 rows=1 loops=1)
                     Sort Key: (st_distance(st_transform(s_3183.the_geom, 25833), '0101000020E964000089FB077A61DF2341E21AC81A3F0D5741'::geometry))
                     Sort Method: top-N heapsort  Memory: 25kB
                     ->  Seq Scan on phoml_trajectory_tmp s_3183  (cost=0.00..165745.68 rows=1 width=84) (actual time=0.031..0.594 rows=480 loops=1)
                           Filter: ((unix_time >= '1685451431.914'::double precision) AND (unix_time <= '1685451491.914'::double precision) AND st_dwithin(st_transform(the_geom, 25833), '0101000020E964000089FB077A61DF2341E21AC81A3F0D5741'::geometry, '300'::double precision))
                           Rows Removed by Filter: 3180
   ->  Subquery Scan on "*SELECT* 3185"  (cost=165745.69..165745.70 rows=1 width=76) (actual time=0.671..0.672 rows=1 loops=1)
         ->  Limit  (cost=165745.69..165745.69 rows=1 width=84) (actual time=0.668..0.669 rows=1 loops=1)
               ->  Sort  (cost=165745.69..165745.69 rows=1 width=84) (actual time=0.666..0.666 rows=1 loops=1)
                     Sort Key: (st_distance(st_transform(s_3184.the_geom, 25833), '0101000020E9640000D20C872863DF2341DAAA1FD43D0D5741'::geometry))
                     Sort Method: top-N heapsort  Memory: 25kB
                     ->  Seq Scan on phoml_trajectory_tmp s_3184  (cost=0.00..165745.68 rows=1 width=84) (actual time=0.031..0.589 rows=480 loops=1)
                           Filter: ((unix_time >= '1685451432.268'::double precision) AND (unix_time <= '1685451492.268'::double precision) AND st_dwithin(st_transform(the_geom, 25833), '0101000020E9640000D20C872863DF2341DAAA1FD43D0D5741'::geometry, '300'::double precision))
                           Rows Removed by Filter: 3180
   ->  Subquery Scan on "*SELECT* 3186"  (cost=165745.69..165745.70 rows=1 width=76) (actual time=0.647..0.648 rows=1 loops=1)
         ->  Limit  (cost=165745.69..165745.69 rows=1 width=84) (actual time=0.645..0.646 rows=1 loops=1)
               ->  Sort  (cost=165745.69..165745.69 rows=1 width=84) (actual time=0.643..0.644 rows=1 loops=1)
                     Sort Key: (st_distance(st_transform(s_3185.the_geom, 25833), '0101000020E9640000AD444EE264DF2341B0C22B9B3C0D5741'::geometry))
                     Sort Method: top-N heapsort  Memory: 25kB
                     ->  Seq Scan on phoml_trajectory_tmp s_3185  (cost=0.00..165745.68 rows=1 width=84) (actual time=0.029..0.577 rows=480 loops=1)
                           Filter: ((unix_time >= '1685451432.609'::double precision) AND (unix_time <= '1685451492.609'::double precision) AND st_dwithin(st_transform(the_geom, 25833), '0101000020E9640000AD444EE264DF2341B0C22B9B3C0D5741'::geometry, '300'::double precision))
                           Rows Removed by Filter: 3180
   ->  Subquery Scan on "*SELECT* 3187"  (cost=165745.69..165745.70 rows=1 width=76) (actual time=0.655..0.656 rows=1 loops=1)
         ->  Limit  (cost=165745.69..165745.69 rows=1 width=84) (actual time=0.651..0.652 rows=1 loops=1)
               ->  Sort  (cost=165745.69..165745.69 rows=1 width=84) (actual time=0.650..0.650 rows=1 loops=1)
                     Sort Key: (st_distance(st_transform(s_3186.the_geom, 25833), '0101000020E9640000EF1B866966DF23412484AE5D3B0D5741'::geometry))
                     Sort Method: top-N heapsort  Memory: 25kB
                     ->  Seq Scan on phoml_trajectory_tmp s_3186  (cost=0.00..165745.68 rows=1 width=84) (actual time=0.031..0.583 rows=480 loops=1)
                           Filter: ((unix_time >= '1685451432.958'::double precision) AND (unix_time <= '1685451492.958'::double precision) AND st_dwithin(st_transform(the_geom, 25833), '0101000020E9640000EF1B866966DF23412484AE5D3B0D5741'::geometry, '300'::double precision))
                           Rows Removed by Filter: 3180
   ->  Subquery Scan on "*SELECT* 3188"  (cost=165745.69..165745.70 rows=1 width=76) (actual time=0.661..0.662 rows=1 loops=1)
         ->  Limit  (cost=165745.69..165745.69 rows=1 width=84) (actual time=0.658..0.659 rows=1 loops=1)
               ->  Sort  (cost=165745.69..165745.69 rows=1 width=84) (actual time=0.656..0.656 rows=1 loops=1)
                     Sort Key: (st_distance(st_transform(s_3187.the_geom, 25833), '0101000020E96400005F99AEDF67DF234117AA041F3A0D5741'::geometry))
                     Sort Method: top-N heapsort  Memory: 25kB
                     ->  Seq Scan on phoml_trajectory_tmp s_3187  (cost=0.00..165745.68 rows=1 width=84) (actual time=0.029..0.588 rows=480 loops=1)
                           Filter: ((unix_time >= '1685451433.303'::double precision) AND (unix_time <= '1685451493.303'::double precision) AND st_dwithin(st_transform(the_geom, 25833), '0101000020E96400005F99AEDF67DF234117AA041F3A0D5741'::geometry, '300'::double precision))
                           Rows Removed by Filter: 3180
   ->  Subquery Scan on "*SELECT* 3189"  (cost=165745.69..165745.70 rows=1 width=76) (actual time=0.649..0.650 rows=1 loops=1)
         ->  Limit  (cost=165745.69..165745.69 rows=1 width=84) (actual time=0.646..0.647 rows=1 loops=1)
               ->  Sort  (cost=165745.69..165745.69 rows=1 width=84) (actual time=0.644..0.645 rows=1 loops=1)
                     Sort Key: (st_distance(st_transform(s_3188.the_geom, 25833), '0101000020E9640000E6432A7369DF2341854B0FE8380D5741'::geometry))
                     Sort Method: top-N heapsort  Memory: 25kB
                     ->  Seq Scan on phoml_trajectory_tmp s_3188  (cost=0.00..165745.68 rows=1 width=84) (actual time=0.030..0.579 rows=480 loops=1)
                           Filter: ((unix_time >= '1685451433.643'::double precision) AND (unix_time <= '1685451493.643'::double precision) AND st_dwithin(st_transform(the_geom, 25833), '0101000020E9640000E6432A7369DF2341854B0FE8380D5741'::geometry, '300'::double precision))
                           Rows Removed by Filter: 3180
   ->  Subquery Scan on "*SELECT* 3190"  (cost=165745.69..165745.70 rows=1 width=76) (actual time=0.665..0.666 rows=1 loops=1)
         ->  Limit  (cost=165745.69..165745.69 rows=1 width=84) (actual time=0.662..0.662 rows=1 loops=1)
               ->  Sort  (cost=165745.69..165745.69 rows=1 width=84) (actual time=0.660..0.660 rows=1 loops=1)
                     Sort Key: (st_distance(st_transform(s_3189.the_geom, 25833), '0101000020E9640000B07020F86ADF2341A06FC9AF370D5741'::geometry))
                     Sort Method: top-N heapsort  Memory: 25kB
                     ->  Seq Scan on phoml_trajectory_tmp s_3189  (cost=0.00..165745.68 rows=1 width=84) (actual time=0.034..0.594 rows=480 loops=1)
                           Filter: ((unix_time >= '1685451433.983'::double precision) AND (unix_time <= '1685451493.983'::double precision) AND st_dwithin(st_transform(the_geom, 25833), '0101000020E9640000B07020F86ADF2341A06FC9AF370D5741'::geometry, '300'::double precision))
                           Rows Removed by Filter: 3180
   ->  Subquery Scan on "*SELECT* 3191"  (cost=165745.69..165745.70 rows=1 width=76) (actual time=0.718..0.719 rows=1 loops=1)
         ->  Limit  (cost=165745.69..165745.69 rows=1 width=84) (actual time=0.714..0.715 rows=1 loops=1)
               ->  Sort  (cost=165745.69..165745.69 rows=1 width=84) (actual time=0.712..0.712 rows=1 loops=1)
                     Sort Key: (st_distance(st_transform(s_3190.the_geom, 25833), '0101000020E9640000BC1A2ABE6CDF2341787E996E360D5741'::geometry))
                     Sort Method: top-N heapsort  Memory: 25kB
                     ->  Seq Scan on phoml_trajectory_tmp s_3190  (cost=0.00..165745.68 rows=1 width=84) (actual time=0.032..0.639 rows=480 loops=1)
                           Filter: ((unix_time >= '1685451434.332'::double precision) AND (unix_time <= '1685451494.332'::double precision) AND st_dwithin(st_transform(the_geom, 25833), '0101000020E9640000BC1A2ABE6CDF2341787E996E360D5741'::geometry, '300'::double precision))
                           Rows Removed by Filter: 3180
   ->  Subquery Scan on "*SELECT* 3192"  (cost=165745.69..165745.70 rows=1 width=76) (actual time=0.671..0.672 rows=1 loops=1)
         ->  Limit  (cost=165745.69..165745.69 rows=1 width=84) (actual time=0.667..0.668 rows=1 loops=1)
               ->  Sort  (cost=165745.69..165745.69 rows=1 width=84) (actual time=0.665..0.666 rows=1 loops=1)
                     Sort Key: (st_distance(st_transform(s_3191.the_geom, 25833), '0101000020E9640000068CF36F6EDF23418E46DD3C350D5741'::geometry))
                     Sort Method: top-N heapsort  Memory: 25kB
                     ->  Seq Scan on phoml_trajectory_tmp s_3191  (cost=0.00..165745.68 rows=1 width=84) (actual time=0.032..0.596 rows=480 loops=1)
                           Filter: ((unix_time >= '1685451434.661'::double precision) AND (unix_time <= '1685451494.661'::double precision) AND st_dwithin(st_transform(the_geom, 25833), '0101000020E9640000068CF36F6EDF23418E46DD3C350D5741'::geometry, '300'::double precision))
                           Rows Removed by Filter: 3180
   ->  Subquery Scan on "*SELECT* 3193"  (cost=165745.69..165745.70 rows=1 width=76) (actual time=0.652..0.653 rows=1 loops=1)
         ->  Limit  (cost=165745.69..165745.69 rows=1 width=84) (actual time=0.650..0.651 rows=1 loops=1)
               ->  Sort  (cost=165745.69..165745.69 rows=1 width=84) (actual time=0.648..0.649 rows=1 loops=1)
                     Sort Key: (st_distance(st_transform(s_3192.the_geom, 25833), '0101000020E964000049F07E3F70DF234168A4CFFB330D5741'::geometry))
                     Sort Method: top-N heapsort  Memory: 25kB
                     ->  Seq Scan on phoml_trajectory_tmp s_3192  (cost=0.00..165745.68 rows=1 width=84) (actual time=0.032..0.582 rows=480 loops=1)
                           Filter: ((unix_time >= '1685451435.011'::double precision) AND (unix_time <= '1685451495.011'::double precision) AND st_dwithin(st_transform(the_geom, 25833), '0101000020E964000049F07E3F70DF234168A4CFFB330D5741'::geometry, '300'::double precision))
                           Rows Removed by Filter: 3180
   ->  Subquery Scan on "*SELECT* 3194"  (cost=165745.69..165745.70 rows=1 width=76) (actual time=0.668..0.669 rows=1 loops=1)
         ->  Limit  (cost=165745.69..165745.69 rows=1 width=84) (actual time=0.664..0.665 rows=1 loops=1)
               ->  Sort  (cost=165745.69..165745.69 rows=1 width=84) (actual time=0.662..0.663 rows=1 loops=1)
                     Sort Key: (st_distance(st_transform(s_3193.the_geom, 25833), '0101000020E9640000FDE018ED71DF234100CAA2BC320D5741'::geometry))
                     Sort Method: top-N heapsort  Memory: 25kB
                     ->  Seq Scan on phoml_trajectory_tmp s_3193  (cost=0.00..165745.68 rows=1 width=84) (actual time=0.030..0.594 rows=480 loops=1)
                           Filter: ((unix_time >= '1685451435.355'::double precision) AND (unix_time <= '1685451495.355'::double precision) AND st_dwithin(st_transform(the_geom, 25833), '0101000020E9640000FDE018ED71DF234100CAA2BC320D5741'::geometry, '300'::double precision))
                           Rows Removed by Filter: 3180
   ->  Subquery Scan on "*SELECT* 3195"  (cost=165745.69..165745.70 rows=1 width=76) (actual time=0.666..0.667 rows=1 loops=1)
         ->  Limit  (cost=165745.69..165745.69 rows=1 width=84) (actual time=0.662..0.663 rows=1 loops=1)
               ->  Sort  (cost=165745.69..165745.69 rows=1 width=84) (actual time=0.660..0.660 rows=1 loops=1)
                     Sort Key: (st_distance(st_transform(s_3194.the_geom, 25833), '0101000020E9640000A046E49873DF23415D790A84310D5741'::geometry))
                     Sort Method: top-N heapsort  Memory: 25kB
                     ->  Seq Scan on phoml_trajectory_tmp s_3194  (cost=0.00..165745.68 rows=1 width=84) (actual time=0.032..0.591 rows=480 loops=1)
                           Filter: ((unix_time >= '1685451435.695'::double precision) AND (unix_time <= '1685451495.695'::double precision) AND st_dwithin(st_transform(the_geom, 25833), '0101000020E9640000A046E49873DF23415D790A84310D5741'::geometry, '300'::double precision))
                           Rows Removed by Filter: 3180
   ->  Subquery Scan on "*SELECT* 3196"  (cost=165745.69..165745.70 rows=1 width=76) (actual time=0.650..0.651 rows=1 loops=1)
         ->  Limit  (cost=165745.69..165745.69 rows=1 width=84) (actual time=0.648..0.649 rows=1 loops=1)
               ->  Sort  (cost=165745.69..165745.69 rows=1 width=84) (actual time=0.646..0.646 rows=1 loops=1)
                     Sort Key: (st_distance(st_transform(s_3195.the_geom, 25833), '0101000020E96400008BF0B54375DF234148AA0344300D5741'::geometry))
                     Sort Method: top-N heapsort  Memory: 25kB
                     ->  Seq Scan on phoml_trajectory_tmp s_3195  (cost=0.00..165745.68 rows=1 width=84) (actual time=0.033..0.578 rows=480 loops=1)
                           Filter: ((unix_time >= '1685451436.036'::double precision) AND (unix_time <= '1685451496.036'::double precision) AND st_dwithin(st_transform(the_geom, 25833), '0101000020E96400008BF0B54375DF234148AA0344300D5741'::geometry, '300'::double precision))
                           Rows Removed by Filter: 3180
   ->  Subquery Scan on "*SELECT* 3197"  (cost=165745.69..165745.70 rows=1 width=76) (actual time=0.665..0.666 rows=1 loops=1)
         ->  Limit  (cost=165745.69..165745.69 rows=1 width=84) (actual time=0.661..0.662 rows=1 loops=1)
               ->  Sort  (cost=165745.69..165745.69 rows=1 width=84) (actual time=0.660..0.660 rows=1 loops=1)
                     Sort Key: (st_distance(st_transform(s_3196.the_geom, 25833), '0101000020E96400004E21000277DF2341094721052F0D5741'::geometry))
                     Sort Method: top-N heapsort  Memory: 25kB
                     ->  Seq Scan on phoml_trajectory_tmp s_3196  (cost=0.00..165745.68 rows=1 width=84) (actual time=0.030..0.592 rows=480 loops=1)
                           Filter: ((unix_time >= '1685451436.381'::double precision) AND (unix_time <= '1685451496.381'::double precision) AND st_dwithin(st_transform(the_geom, 25833), '0101000020E96400004E21000277DF2341094721052F0D5741'::geometry, '300'::double precision))
                           Rows Removed by Filter: 3180
   ->  Subquery Scan on "*SELECT* 3198"  (cost=165745.69..165745.70 rows=1 width=76) (actual time=0.668..0.669 rows=1 loops=1)
         ->  Limit  (cost=165745.69..165745.69 rows=1 width=84) (actual time=0.664..0.665 rows=1 loops=1)
               ->  Sort  (cost=165745.69..165745.69 rows=1 width=84) (actual time=0.662..0.662 rows=1 loops=1)
                     Sort Key: (st_distance(st_transform(s_3197.the_geom, 25833), '0101000020E964000038AE7EA378DF2341A01D33C62D0D5741'::geometry))
                     Sort Method: top-N heapsort  Memory: 25kB
                     ->  Seq Scan on phoml_trajectory_tmp s_3197  (cost=0.00..165745.68 rows=1 width=84) (actual time=0.032..0.595 rows=480 loops=1)
                           Filter: ((unix_time >= '1685451436.721'::double precision) AND (unix_time <= '1685451496.721'::double precision) AND st_dwithin(st_transform(the_geom, 25833), '0101000020E964000038AE7EA378DF2341A01D33C62D0D5741'::geometry, '300'::double precision))
                           Rows Removed by Filter: 3180
   ->  Subquery Scan on "*SELECT* 3199"  (cost=165745.69..165745.70 rows=1 width=76) (actual time=0.651..0.652 rows=1 loops=1)
         ->  Limit  (cost=165745.69..165745.69 rows=1 width=84) (actual time=0.650..0.650 rows=1 loops=1)
               ->  Sort  (cost=165745.69..165745.69 rows=1 width=84) (actual time=0.648..0.648 rows=1 loops=1)
                     Sort Key: (st_distance(st_transform(s_3198.the_geom, 25833), '0101000020E96400006C6365157ADF2341D23EB39C2C0D5741'::geometry))
                     Sort Method: top-N heapsort  Memory: 25kB
                     ->  Seq Scan on phoml_trajectory_tmp s_3198  (cost=0.00..165745.68 rows=1 width=84) (actual time=0.032..0.580 rows=480 loops=1)
                           Filter: ((unix_time >= '1685451437.041'::double precision) AND (unix_time <= '1685451497.041'::double precision) AND st_dwithin(st_transform(the_geom, 25833), '0101000020E96400006C6365157ADF2341D23EB39C2C0D5741'::geometry, '300'::double precision))
                           Rows Removed by Filter: 3180
   ->  Subquery Scan on "*SELECT* 3200"  (cost=165745.69..165745.70 rows=1 width=76) (actual time=0.671..0.672 rows=1 loops=1)
         ->  Limit  (cost=165745.69..165745.69 rows=1 width=84) (actual time=0.667..0.668 rows=1 loops=1)
               ->  Sort  (cost=165745.69..165745.69 rows=1 width=84) (actual time=0.665..0.666 rows=1 loops=1)
                     Sort Key: (st_distance(st_transform(s_3199.the_geom, 25833), '0101000020E9640000A06139ED7BDF2341B25CE54E2B0D5741'::geometry))
                     Sort Method: top-N heapsort  Memory: 25kB
                     ->  Seq Scan on phoml_trajectory_tmp s_3199  (cost=0.00..165745.68 rows=1 width=84) (actual time=0.032..0.587 rows=480 loops=1)
                           Filter: ((unix_time >= '1685451437.395'::double precision) AND (unix_time <= '1685451497.395'::double precision) AND st_dwithin(st_transform(the_geom, 25833), '0101000020E9640000A06139ED7BDF2341B25CE54E2B0D5741'::geometry, '300'::double precision))
                           Rows Removed by Filter: 3180
   ->  Subquery Scan on "*SELECT* 3201"  (cost=165745.69..165745.70 rows=1 width=76) (actual time=0.686..0.688 rows=1 loops=1)
         ->  Limit  (cost=165745.69..165745.69 rows=1 width=84) (actual time=0.683..0.684 rows=1 loops=1)
               ->  Sort  (cost=165745.69..165745.69 rows=1 width=84) (actual time=0.681..0.681 rows=1 loops=1)
                     Sort Key: (st_distance(st_transform(s_3200.the_geom, 25833), '0101000020E9640000A742AF797DDF2341B56E7C262A0D5741'::geometry))
                     Sort Method: top-N heapsort  Memory: 25kB
                     ->  Seq Scan on phoml_trajectory_tmp s_3200  (cost=0.00..165745.68 rows=1 width=84) (actual time=0.032..0.613 rows=480 loops=1)
                           Filter: ((unix_time >= '1685451437.715'::double precision) AND (unix_time <= '1685451497.715'::double precision) AND st_dwithin(st_transform(the_geom, 25833), '0101000020E9640000A742AF797DDF2341B56E7C262A0D5741'::geometry, '300'::double precision))
                           Rows Removed by Filter: 3180
   ->  Subquery Scan on "*SELECT* 3202"  (cost=165745.69..165745.70 rows=1 width=76) (actual time=0.658..0.659 rows=1 loops=1)
         ->  Limit  (cost=165745.69..165745.69 rows=1 width=84) (actual time=0.656..0.657 rows=1 loops=1)
               ->  Sort  (cost=165745.69..165745.69 rows=1 width=84) (actual time=0.654..0.654 rows=1 loops=1)
                     Sort Key: (st_distance(st_transform(s_3201.the_geom, 25833), '0101000020E96400000CC9E0EB7EDF2341E3FB72DB280D5741'::geometry))
                     Sort Method: top-N heapsort  Memory: 25kB
                     ->  Seq Scan on phoml_trajectory_tmp s_3201  (cost=0.00..165745.68 rows=1 width=84) (actual time=0.034..0.587 rows=480 loops=1)
                           Filter: ((unix_time >= '1685451438.065'::double precision) AND (unix_time <= '1685451498.065'::double precision) AND st_dwithin(st_transform(the_geom, 25833), '0101000020E96400000CC9E0EB7EDF2341E3FB72DB280D5741'::geometry, '300'::double precision))
                           Rows Removed by Filter: 3180
   ->  Subquery Scan on "*SELECT* 3203"  (cost=165745.69..165745.70 rows=1 width=76) (actual time=0.677..0.678 rows=1 loops=1)
         ->  Limit  (cost=165745.69..165745.69 rows=1 width=84) (actual time=0.674..0.675 rows=1 loops=1)
               ->  Sort  (cost=165745.69..165745.69 rows=1 width=84) (actual time=0.672..0.672 rows=1 loops=1)
                     Sort Key: (st_distance(st_transform(s_3202.the_geom, 25833), '0101000020E9640000B32E3C5E80DF2341DCFAF5B2270D5741'::geometry))
                     Sort Method: top-N heapsort  Memory: 25kB
                     ->  Seq Scan on phoml_trajectory_tmp s_3202  (cost=0.00..165745.68 rows=1 width=84) (actual time=0.033..0.596 rows=480 loops=1)
                           Filter: ((unix_time >= '1685451438.381'::double precision) AND (unix_time <= '1685451498.381'::double precision) AND st_dwithin(st_transform(the_geom, 25833), '0101000020E9640000B32E3C5E80DF2341DCFAF5B2270D5741'::geometry, '300'::double precision))
                           Rows Removed by Filter: 3180
   ->  Subquery Scan on "*SELECT* 3204"  (cost=165745.69..165745.70 rows=1 width=76) (actual time=0.675..0.676 rows=1 loops=1)
         ->  Limit  (cost=165745.69..165745.69 rows=1 width=84) (actual time=0.672..0.673 rows=1 loops=1)
               ->  Sort  (cost=165745.69..165745.69 rows=1 width=84) (actual time=0.669..0.670 rows=1 loops=1)
                     Sort Key: (st_distance(st_transform(s_3203.the_geom, 25833), '0101000020E964000053FC23D281DF2341498D9575260D5741'::geometry))
                     Sort Method: top-N heapsort  Memory: 25kB
                     ->  Seq Scan on phoml_trajectory_tmp s_3203  (cost=0.00..165745.68 rows=1 width=84) (actual time=0.032..0.602 rows=476 loops=1)
                           Filter: ((unix_time >= '1685451438.721'::double precision) AND (unix_time <= '1685451498.721'::double precision) AND st_dwithin(st_transform(the_geom, 25833), '0101000020E964000053FC23D281DF2341498D9575260D5741'::geometry, '300'::double precision))
                           Rows Removed by Filter: 3184
   ->  Subquery Scan on "*SELECT* 3205"  (cost=165745.69..165745.70 rows=1 width=76) (actual time=0.661..0.662 rows=1 loops=1)
         ->  Limit  (cost=165745.69..165745.69 rows=1 width=84) (actual time=0.659..0.660 rows=1 loops=1)
               ->  Sort  (cost=165745.69..165745.69 rows=1 width=84) (actual time=0.656..0.657 rows=1 loops=1)
                     Sort Key: (st_distance(st_transform(s_3204.the_geom, 25833), '0101000020E96400000DAF396083DF2341F67B7330250D5741'::geometry))
                     Sort Method: top-N heapsort  Memory: 25kB
                     ->  Seq Scan on phoml_trajectory_tmp s_3204  (cost=0.00..165745.68 rows=1 width=84) (actual time=0.033..0.590 rows=480 loops=1)
                           Filter: ((unix_time >= '1685451439.061'::double precision) AND (unix_time <= '1685451499.061'::double precision) AND st_dwithin(st_transform(the_geom, 25833), '0101000020E96400000DAF396083DF2341F67B7330250D5741'::geometry, '300'::double precision))
                           Rows Removed by Filter: 3180
   ->  Subquery Scan on "*SELECT* 3206"  (cost=165745.69..165745.70 rows=1 width=76) (actual time=0.677..0.678 rows=1 loops=1)
         ->  Limit  (cost=165745.69..165745.69 rows=1 width=84) (actual time=0.673..0.674 rows=1 loops=1)
               ->  Sort  (cost=165745.69..165745.69 rows=1 width=84) (actual time=0.671..0.672 rows=1 loops=1)
                     Sort Key: (st_distance(st_transform(s_3205.the_geom, 25833), '0101000020E96400008DE3670985DF2341D0744AEF230D5741'::geometry))
                     Sort Method: top-N heapsort  Memory: 25kB
                     ->  Seq Scan on phoml_trajectory_tmp s_3205  (cost=0.00..165745.68 rows=1 width=84) (actual time=0.035..0.605 rows=476 loops=1)
                           Filter: ((unix_time >= '1685451439.397'::double precision) AND (unix_time <= '1685451499.397'::double precision) AND st_dwithin(st_transform(the_geom, 25833), '0101000020E96400008DE3670985DF2341D0744AEF230D5741'::geometry, '300'::double precision))
                           Rows Removed by Filter: 3184
   ->  Subquery Scan on "*SELECT* 3207"  (cost=165745.69..165745.70 rows=1 width=76) (actual time=0.785..0.786 rows=1 loops=1)
         ->  Limit  (cost=165745.69..165745.69 rows=1 width=84) (actual time=0.780..0.781 rows=1 loops=1)
               ->  Sort  (cost=165745.69..165745.69 rows=1 width=84) (actual time=0.778..0.779 rows=1 loops=1)
                     Sort Key: (st_distance(st_transform(s_3206.the_geom, 25833), '0101000020E964000054AE18BE86DF234115B574BD220D5741'::geometry))
                     Sort Method: top-N heapsort  Memory: 25kB
                     ->  Seq Scan on phoml_trajectory_tmp s_3206  (cost=0.00..165745.68 rows=1 width=84) (actual time=0.031..0.687 rows=480 loops=1)
                           Filter: ((unix_time >= '1685451439.717'::double precision) AND (unix_time <= '1685451499.717'::double precision) AND st_dwithin(st_transform(the_geom, 25833), '0101000020E964000054AE18BE86DF234115B574BD220D5741'::geometry, '300'::double precision))
                           Rows Removed by Filter: 3180
   ->  Subquery Scan on "*SELECT* 3208"  (cost=165745.69..165745.70 rows=1 width=76) (actual time=0.666..0.667 rows=1 loops=1)
         ->  Limit  (cost=165745.69..165745.69 rows=1 width=84) (actual time=0.664..0.665 rows=1 loops=1)
               ->  Sort  (cost=165745.69..165745.69 rows=1 width=84) (actual time=0.662..0.663 rows=1 loops=1)
                     Sort Key: (st_distance(st_transform(s_3207.the_geom, 25833), '0101000020E9640000A0C3429A88DF23411012FA7B210D5741'::geometry))
                     Sort Method: top-N heapsort  Memory: 25kB
                     ->  Seq Scan on phoml_trajectory_tmp s_3207  (cost=0.00..165745.68 rows=1 width=84) (actual time=0.032..0.592 rows=480 loops=1)
                           Filter: ((unix_time >= '1685451440.057'::double precision) AND (unix_time <= '1685451500.057'::double precision) AND st_dwithin(st_transform(the_geom, 25833), '0101000020E9640000A0C3429A88DF23411012FA7B210D5741'::geometry, '300'::double precision))
                           Rows Removed by Filter: 3180
   ->  Subquery Scan on "*SELECT* 3209"  (cost=165745.69..165745.70 rows=1 width=76) (actual time=0.673..0.674 rows=1 loops=1)
         ->  Limit  (cost=165745.69..165745.69 rows=1 width=84) (actual time=0.670..0.671 rows=1 loops=1)
               ->  Sort  (cost=165745.69..165745.69 rows=1 width=84) (actual time=0.668..0.668 rows=1 loops=1)
                     Sort Key: (st_distance(st_transform(s_3208.the_geom, 25833), '0101000020E9640000B7E049658ADF2341451E413B200D5741'::geometry))
                     Sort Method: top-N heapsort  Memory: 25kB
                     ->  Seq Scan on phoml_trajectory_tmp s_3208  (cost=0.00..165745.68 rows=1 width=84) (actual time=0.046..0.601 rows=480 loops=1)
                           Filter: ((unix_time >= '1685451440.388'::double precision) AND (unix_time <= '1685451500.388'::double precision) AND st_dwithin(st_transform(the_geom, 25833), '0101000020E9640000B7E049658ADF2341451E413B200D5741'::geometry, '300'::double precision))
                           Rows Removed by Filter: 3180
   ->  Subquery Scan on "*SELECT* 3210"  (cost=165745.69..165745.70 rows=1 width=76) (actual time=0.672..0.673 rows=1 loops=1)
         ->  Limit  (cost=165745.69..165745.69 rows=1 width=84) (actual time=0.668..0.669 rows=1 loops=1)
               ->  Sort  (cost=165745.69..165745.69 rows=1 width=84) (actual time=0.666..0.667 rows=1 loops=1)
                     Sort Key: (st_distance(st_transform(s_3209.the_geom, 25833), '0101000020E96400004F6F6A398CDF234117B53F081F0D5741'::geometry))
                     Sort Method: top-N heapsort  Memory: 25kB
                     ->  Seq Scan on phoml_trajectory_tmp s_3209  (cost=0.00..165745.68 rows=1 width=84) (actual time=0.035..0.599 rows=480 loops=1)
                           Filter: ((unix_time >= '1685451440.708'::double precision) AND (unix_time <= '1685451500.708'::double precision) AND st_dwithin(st_transform(the_geom, 25833), '0101000020E96400004F6F6A398CDF234117B53F081F0D5741'::geometry, '300'::double precision))
                           Rows Removed by Filter: 3180
   ->  Subquery Scan on "*SELECT* 3211"  (cost=165745.69..165745.70 rows=1 width=76) (actual time=0.659..0.660 rows=1 loops=1)
         ->  Limit  (cost=165745.69..165745.69 rows=1 width=84) (actual time=0.656..0.656 rows=1 loops=1)
               ->  Sort  (cost=165745.69..165745.69 rows=1 width=84) (actual time=0.654..0.654 rows=1 loops=1)
                     Sort Key: (st_distance(st_transform(s_3210.the_geom, 25833), '0101000020E964000018027CF98DDF234152118DC21D0D5741'::geometry))
                     Sort Method: top-N heapsort  Memory: 25kB
                     ->  Seq Scan on phoml_trajectory_tmp s_3210  (cost=0.00..165745.68 rows=1 width=84) (actual time=0.032..0.587 rows=480 loops=1)
                           Filter: ((unix_time >= '1685451441.048'::double precision) AND (unix_time <= '1685451501.048'::double precision) AND st_dwithin(st_transform(the_geom, 25833), '0101000020E964000018027CF98DDF234152118DC21D0D5741'::geometry, '300'::double precision))
                           Rows Removed by Filter: 3180
   ->  Subquery Scan on "*SELECT* 3212"  (cost=165745.69..165745.70 rows=1 width=76) (actual time=0.653..0.655 rows=1 loops=1)
         ->  Limit  (cost=165745.69..165745.69 rows=1 width=84) (actual time=0.651..0.652 rows=1 loops=1)
               ->  Sort  (cost=165745.69..165745.69 rows=1 width=84) (actual time=0.649..0.650 rows=1 loops=1)
                     Sort Key: (st_distance(st_transform(s_3211.the_geom, 25833), '0101000020E96400001673B3AD8FDF2341C173BB891C0D5741'::geometry))
                     Sort Method: top-N heapsort  Memory: 25kB
                     ->  Seq Scan on phoml_trajectory_tmp s_3211  (cost=0.00..165745.68 rows=1 width=84) (actual time=0.036..0.583 rows=480 loops=1)
                           Filter: ((unix_time >= '1685451441.371'::double precision) AND (unix_time <= '1685451501.371'::double precision) AND st_dwithin(st_transform(the_geom, 25833), '0101000020E96400001673B3AD8FDF2341C173BB891C0D5741'::geometry, '300'::double precision))
                           Rows Removed by Filter: 3180
   ->  Subquery Scan on "*SELECT* 3213"  (cost=165745.69..165745.70 rows=1 width=76) (actual time=0.659..0.660 rows=1 loops=1)
         ->  Limit  (cost=165745.69..165745.69 rows=1 width=84) (actual time=0.656..0.657 rows=1 loops=1)
               ->  Sort  (cost=165745.69..165745.69 rows=1 width=84) (actual time=0.654..0.654 rows=1 loops=1)
                     Sort Key: (st_distance(st_transform(s_3212.the_geom, 25833), '0101000020E9640000E2CDF73A91DF2341C5B3864B1B0D5741'::geometry))
                     Sort Method: top-N heapsort  Memory: 25kB
                     ->  Seq Scan on phoml_trajectory_tmp s_3212  (cost=0.00..165745.68 rows=1 width=84) (actual time=0.034..0.590 rows=476 loops=1)
                           Filter: ((unix_time >= '1685451441.701'::double precision) AND (unix_time <= '1685451501.701'::double precision) AND st_dwithin(st_transform(the_geom, 25833), '0101000020E9640000E2CDF73A91DF2341C5B3864B1B0D5741'::geometry, '300'::double precision))
                           Rows Removed by Filter: 3184
   ->  Subquery Scan on "*SELECT* 3214"  (cost=165745.69..165745.70 rows=1 width=76) (actual time=0.667..0.669 rows=1 loops=1)
         ->  Limit  (cost=165745.69..165745.69 rows=1 width=84) (actual time=0.664..0.665 rows=1 loops=1)
               ->  Sort  (cost=165745.69..165745.69 rows=1 width=84) (actual time=0.662..0.662 rows=1 loops=1)
                     Sort Key: (st_distance(st_transform(s_3213.the_geom, 25833), '0101000020E964000034A4010393DF2341105F5A131A0D5741'::geometry))
                     Sort Method: top-N heapsort  Memory: 25kB
                     ->  Seq Scan on phoml_trajectory_tmp s_3213  (cost=0.00..165745.68 rows=1 width=84) (actual time=0.036..0.594 rows=480 loops=1)
                           Filter: ((unix_time >= '1685451442.031'::double precision) AND (unix_time <= '1685451502.031'::double precision) AND st_dwithin(st_transform(the_geom, 25833), '0101000020E964000034A4010393DF2341105F5A131A0D5741'::geometry, '300'::double precision))
                           Rows Removed by Filter: 3180
   ->  Subquery Scan on "*SELECT* 3215"  (cost=165745.69..165745.70 rows=1 width=76) (actual time=0.647..0.648 rows=1 loops=1)
         ->  Limit  (cost=165745.69..165745.69 rows=1 width=84) (actual time=0.644..0.645 rows=1 loops=1)
               ->  Sort  (cost=165745.69..165745.69 rows=1 width=84) (actual time=0.642..0.643 rows=1 loops=1)
                     Sort Key: (st_distance(st_transform(s_3214.the_geom, 25833), '0101000020E9640000BE6ED7AD94DF2341FA3DF7DA180D5741'::geometry))
                     Sort Method: top-N heapsort  Memory: 25kB
                     ->  Seq Scan on phoml_trajectory_tmp s_3214  (cost=0.00..165745.68 rows=1 width=84) (actual time=0.032..0.576 rows=476 loops=1)
                           Filter: ((unix_time >= '1685451442.356'::double precision) AND (unix_time <= '1685451502.356'::double precision) AND st_dwithin(st_transform(the_geom, 25833), '0101000020E9640000BE6ED7AD94DF2341FA3DF7DA180D5741'::geometry, '300'::double precision))
                           Rows Removed by Filter: 3184
   ->  Subquery Scan on "*SELECT* 3216"  (cost=165745.69..165745.70 rows=1 width=76) (actual time=0.671..0.672 rows=1 loops=1)
         ->  Limit  (cost=165745.69..165745.69 rows=1 width=84) (actual time=0.667..0.668 rows=1 loops=1)
               ->  Sort  (cost=165745.69..165745.69 rows=1 width=84) (actual time=0.665..0.666 rows=1 loops=1)
                     Sort Key: (st_distance(st_transform(s_3215.the_geom, 25833), '0101000020E9640000CAADCD5A96DF234189750C9D170D5741'::geometry))
                     Sort Method: top-N heapsort  Memory: 25kB
                     ->  Seq Scan on phoml_trajectory_tmp s_3215  (cost=0.00..165745.68 rows=1 width=84) (actual time=0.031..0.604 rows=480 loops=1)
                           Filter: ((unix_time >= '1685451442.686'::double precision) AND (unix_time <= '1685451502.686'::double precision) AND st_dwithin(st_transform(the_geom, 25833), '0101000020E9640000CAADCD5A96DF234189750C9D170D5741'::geometry, '300'::double precision))
                           Rows Removed by Filter: 3180
   ->  Subquery Scan on "*SELECT* 3217"  (cost=165745.69..165745.70 rows=1 width=76) (actual time=0.691..0.692 rows=1 loops=1)
         ->  Limit  (cost=165745.69..165745.69 rows=1 width=84) (actual time=0.671..0.671 rows=1 loops=1)
               ->  Sort  (cost=165745.69..165745.69 rows=1 width=84) (actual time=0.668..0.669 rows=1 loops=1)
                     Sort Key: (st_distance(st_transform(s_3216.the_geom, 25833), '0101000020E9640000201EB7FB97DF23419863115E160D5741'::geometry))
                     Sort Method: top-N heapsort  Memory: 25kB
                     ->  Seq Scan on phoml_trajectory_tmp s_3216  (cost=0.00..165745.68 rows=1 width=84) (actual time=0.033..0.602 rows=476 loops=1)
                           Filter: ((unix_time >= '1685451443.016'::double precision) AND (unix_time <= '1685451503.016'::double precision) AND st_dwithin(st_transform(the_geom, 25833), '0101000020E9640000201EB7FB97DF23419863115E160D5741'::geometry, '300'::double precision))
                           Rows Removed by Filter: 3184
   ->  Subquery Scan on "*SELECT* 3218"  (cost=165745.69..165745.70 rows=1 width=76) (actual time=0.669..0.670 rows=1 loops=1)
         ->  Limit  (cost=165745.69..165745.69 rows=1 width=84) (actual time=0.667..0.668 rows=1 loops=1)
               ->  Sort  (cost=165745.69..165745.69 rows=1 width=84) (actual time=0.665..0.665 rows=1 loops=1)
                     Sort Key: (st_distance(st_transform(s_3217.the_geom, 25833), '0101000020E9640000AADB2CB999DF23410D6D651F150D5741'::geometry))
                     Sort Method: top-N heapsort  Memory: 25kB
                     ->  Seq Scan on phoml_trajectory_tmp s_3217  (cost=0.00..165745.68 rows=1 width=84) (actual time=0.049..0.600 rows=480 loops=1)
                           Filter: ((unix_time >= '1685451443.35'::double precision) AND (unix_time <= '1685451503.35'::double precision) AND st_dwithin(st_transform(the_geom, 25833), '0101000020E9640000AADB2CB999DF23410D6D651F150D5741'::geometry, '300'::double precision))
                           Rows Removed by Filter: 3180
   ->  Subquery Scan on "*SELECT* 3219"  (cost=165745.69..165745.70 rows=1 width=76) (actual time=0.653..0.654 rows=1 loops=1)
         ->  Limit  (cost=165745.69..165745.69 rows=1 width=84) (actual time=0.650..0.651 rows=1 loops=1)
               ->  Sort  (cost=165745.69..165745.69 rows=1 width=84) (actual time=0.648..0.649 rows=1 loops=1)
                     Sort Key: (st_distance(st_transform(s_3218.the_geom, 25833), '0101000020E96400000C0F83519BDF2341B541BFE7130D5741'::geometry))
                     Sort Method: top-N heapsort  Memory: 25kB
                     ->  Seq Scan on phoml_trajectory_tmp s_3218  (cost=0.00..165745.68 rows=1 width=84) (actual time=0.032..0.583 rows=476 loops=1)
                           Filter: ((unix_time >= '1685451443.68'::double precision) AND (unix_time <= '1685451503.68'::double precision) AND st_dwithin(st_transform(the_geom, 25833), '0101000020E96400000C0F83519BDF2341B541BFE7130D5741'::geometry, '300'::double precision))
                           Rows Removed by Filter: 3184
   ->  Subquery Scan on "*SELECT* 3220"  (cost=165745.69..165745.70 rows=1 width=76) (actual time=0.670..0.671 rows=1 loops=1)
         ->  Limit  (cost=165745.69..165745.69 rows=1 width=84) (actual time=0.666..0.667 rows=1 loops=1)
               ->  Sort  (cost=165745.69..165745.69 rows=1 width=84) (actual time=0.664..0.665 rows=1 loops=1)
                     Sort Key: (st_distance(st_transform(s_3219.the_geom, 25833), '0101000020E96400009DF7E30A9DDF2341EE652BA9120D5741'::geometry))
                     Sort Method: top-N heapsort  Memory: 25kB
                     ->  Seq Scan on phoml_trajectory_tmp s_3219  (cost=0.00..165745.68 rows=1 width=84) (actual time=0.035..0.598 rows=480 loops=1)
                           Filter: ((unix_time >= '1685451444.01'::double precision) AND (unix_time <= '1685451504.01'::double precision) AND st_dwithin(st_transform(the_geom, 25833), '0101000020E96400009DF7E30A9DDF2341EE652BA9120D5741'::geometry, '300'::double precision))
                           Rows Removed by Filter: 3180
   ->  Subquery Scan on "*SELECT* 3221"  (cost=165745.69..165745.70 rows=1 width=76) (actual time=0.660..0.661 rows=1 loops=1)
         ->  Limit  (cost=165745.69..165745.69 rows=1 width=84) (actual time=0.658..0.658 rows=1 loops=1)
               ->  Sort  (cost=165745.69..165745.69 rows=1 width=84) (actual time=0.656..0.656 rows=1 loops=1)
                     Sort Key: (st_distance(st_transform(s_3220.the_geom, 25833), '0101000020E9640000CD82219C9EDF2341EA56F371110D5741'::geometry))
                     Sort Method: top-N heapsort  Memory: 25kB
                     ->  Seq Scan on phoml_trajectory_tmp s_3220  (cost=0.00..165745.68 rows=1 width=84) (actual time=0.032..0.588 rows=480 loops=1)
                           Filter: ((unix_time >= '1685451444.341'::double precision) AND (unix_time <= '1685451504.341'::double precision) AND st_dwithin(st_transform(the_geom, 25833), '0101000020E9640000CD82219C9EDF2341EA56F371110D5741'::geometry, '300'::double precision))
                           Rows Removed by Filter: 3180
   ->  Subquery Scan on "*SELECT* 3222"  (cost=165745.69..165745.70 rows=1 width=76) (actual time=0.665..0.666 rows=1 loops=1)
         ->  Limit  (cost=165745.69..165745.69 rows=1 width=84) (actual time=0.661..0.662 rows=1 loops=1)
               ->  Sort  (cost=165745.69..165745.69 rows=1 width=84) (actual time=0.660..0.660 rows=1 loops=1)
                     Sort Key: (st_distance(st_transform(s_3221.the_geom, 25833), '0101000020E9640000C3524138A0DF23413C9A4341100D5741'::geometry))
                     Sort Method: top-N heapsort  Memory: 25kB
                     ->  Seq Scan on phoml_trajectory_tmp s_3221  (cost=0.00..165745.68 rows=1 width=84) (actual time=0.034..0.594 rows=480 loops=1)
                           Filter: ((unix_time >= '1685451444.661'::double precision) AND (unix_time <= '1685451504.661'::double precision) AND st_dwithin(st_transform(the_geom, 25833), '0101000020E9640000C3524138A0DF23413C9A4341100D5741'::geometry, '300'::double precision))
                           Rows Removed by Filter: 3180
   ->  Subquery Scan on "*SELECT* 3223"  (cost=165745.69..165745.70 rows=1 width=76) (actual time=0.723..0.725 rows=1 loops=1)
         ->  Limit  (cost=165745.69..165745.69 rows=1 width=84) (actual time=0.720..0.720 rows=1 loops=1)
               ->  Sort  (cost=165745.69..165745.69 rows=1 width=84) (actual time=0.717..0.717 rows=1 loops=1)
                     Sort Key: (st_distance(st_transform(s_3222.the_geom, 25833), '0101000020E9640000AD0DEED5A1DF23416D9FB2FB0E0D5741'::geometry))
                     Sort Method: top-N heapsort  Memory: 25kB
                     ->  Seq Scan on phoml_trajectory_tmp s_3222  (cost=0.00..165745.68 rows=1 width=84) (actual time=0.033..0.649 rows=480 loops=1)
                           Filter: ((unix_time >= '1685451445.001'::double precision) AND (unix_time <= '1685451505.001'::double precision) AND st_dwithin(st_transform(the_geom, 25833), '0101000020E9640000AD0DEED5A1DF23416D9FB2FB0E0D5741'::geometry, '300'::double precision))
                           Rows Removed by Filter: 3180
   ->  Subquery Scan on "*SELECT* 3224"  (cost=165745.69..165745.70 rows=1 width=76) (actual time=0.649..0.650 rows=1 loops=1)
         ->  Limit  (cost=165745.69..165745.69 rows=1 width=84) (actual time=0.647..0.648 rows=1 loops=1)
               ->  Sort  (cost=165745.69..165745.69 rows=1 width=84) (actual time=0.645..0.646 rows=1 loops=1)
                     Sort Key: (st_distance(st_transform(s_3223.the_geom, 25833), '0101000020E96400005FE2425EA3DF2341B718DECB0D0D5741'::geometry))
                     Sort Method: top-N heapsort  Memory: 25kB
                     ->  Seq Scan on phoml_trajectory_tmp s_3223  (cost=0.00..165745.68 rows=1 width=84) (actual time=0.035..0.578 rows=476 loops=1)
                           Filter: ((unix_time >= '1685451445.326'::double precision) AND (unix_time <= '1685451505.326'::double precision) AND st_dwithin(st_transform(the_geom, 25833), '0101000020E96400005FE2425EA3DF2341B718DECB0D0D5741'::geometry, '300'::double precision))
                           Rows Removed by Filter: 3184
   ->  Subquery Scan on "*SELECT* 3225"  (cost=165745.69..165745.70 rows=1 width=76) (actual time=0.659..0.660 rows=1 loops=1)
         ->  Limit  (cost=165745.69..165745.69 rows=1 width=84) (actual time=0.656..0.657 rows=1 loops=1)
               ->  Sort  (cost=165745.69..165745.69 rows=1 width=84) (actual time=0.654..0.655 rows=1 loops=1)
                     Sort Key: (st_distance(st_transform(s_3224.the_geom, 25833), '0101000020E9640000C5105616A5DF234174801E860C0D5741'::geometry))
                     Sort Method: top-N heapsort  Memory: 25kB
                     ->  Seq Scan on phoml_trajectory_tmp s_3224  (cost=0.00..165745.68 rows=1 width=84) (actual time=0.032..0.589 rows=480 loops=1)
                           Filter: ((unix_time >= '1685451445.676'::double precision) AND (unix_time <= '1685451505.676'::double precision) AND st_dwithin(st_transform(the_geom, 25833), '0101000020E9640000C5105616A5DF234174801E860C0D5741'::geometry, '300'::double precision))
                           Rows Removed by Filter: 3180
   ->  Subquery Scan on "*SELECT* 3226"  (cost=165745.69..165745.70 rows=1 width=76) (actual time=0.694..0.695 rows=1 loops=1)
         ->  Limit  (cost=165745.69..165745.69 rows=1 width=84) (actual time=0.690..0.691 rows=1 loops=1)
               ->  Sort  (cost=165745.69..165745.69 rows=1 width=84) (actual time=0.688..0.688 rows=1 loops=1)
                     Sort Key: (st_distance(st_transform(s_3225.the_geom, 25833), '0101000020E9640000BD63248FA6DF2341082122490B0D5741'::geometry))
                     Sort Method: top-N heapsort  Memory: 25kB
                     ->  Seq Scan on phoml_trajectory_tmp s_3225  (cost=0.00..165745.68 rows=1 width=84) (actual time=0.036..0.620 rows=476 loops=1)
                           Filter: ((unix_time >= '1685451446.016'::double precision) AND (unix_time <= '1685451506.016'::double precision) AND st_dwithin(st_transform(the_geom, 25833), '0101000020E9640000BD63248FA6DF2341082122490B0D5741'::geometry, '300'::double precision))
                           Rows Removed by Filter: 3184
   ->  Subquery Scan on "*SELECT* 3227"  (cost=165745.69..165745.70 rows=1 width=76) (actual time=0.651..0.652 rows=1 loops=1)
         ->  Limit  (cost=165745.69..165745.69 rows=1 width=84) (actual time=0.649..0.650 rows=1 loops=1)
               ->  Sort  (cost=165745.69..165745.69 rows=1 width=84) (actual time=0.647..0.647 rows=1 loops=1)
                     Sort Key: (st_distance(st_transform(s_3226.the_geom, 25833), '0101000020E96400003F79FC21A8DF234103195B0A0A0D5741'::geometry))
                     Sort Method: top-N heapsort  Memory: 25kB
                     ->  Seq Scan on phoml_trajectory_tmp s_3226  (cost=0.00..165745.68 rows=1 width=84) (actual time=0.032..0.579 rows=480 loops=1)
                           Filter: ((unix_time >= '1685451446.357'::double precision) AND (unix_time <= '1685451506.357'::double precision) AND st_dwithin(st_transform(the_geom, 25833), '0101000020E96400003F79FC21A8DF234103195B0A0A0D5741'::geometry, '300'::double precision))
                           Rows Removed by Filter: 3180
   ->  Subquery Scan on "*SELECT* 3228"  (cost=165745.69..165745.70 rows=1 width=76) (actual time=0.663..0.664 rows=1 loops=1)
         ->  Limit  (cost=165745.69..165745.69 rows=1 width=84) (actual time=0.661..0.661 rows=1 loops=1)
               ->  Sort  (cost=165745.69..165745.69 rows=1 width=84) (actual time=0.659..0.659 rows=1 loops=1)
                     Sort Key: (st_distance(st_transform(s_3227.the_geom, 25833), '0101000020E964000097FEA3A8A9DF23419BA16EDA080D5741'::geometry))
                     Sort Method: top-N heapsort  Memory: 25kB
                     ->  Seq Scan on phoml_trajectory_tmp s_3227  (cost=0.00..165745.68 rows=1 width=84) (actual time=0.042..0.592 rows=480 loops=1)
                           Filter: ((unix_time >= '1685451446.687'::double precision) AND (unix_time <= '1685451506.687'::double precision) AND st_dwithin(st_transform(the_geom, 25833), '0101000020E964000097FEA3A8A9DF23419BA16EDA080D5741'::geometry, '300'::double precision))
                           Rows Removed by Filter: 3180
   ->  Subquery Scan on "*SELECT* 3229"  (cost=165745.69..165745.70 rows=1 width=76) (actual time=0.670..0.671 rows=1 loops=1)
         ->  Limit  (cost=165745.69..165745.69 rows=1 width=84) (actual time=0.667..0.667 rows=1 loops=1)
               ->  Sort  (cost=165745.69..165745.69 rows=1 width=84) (actual time=0.665..0.665 rows=1 loops=1)
                     Sort Key: (st_distance(st_transform(s_3228.the_geom, 25833), '0101000020E9640000F78A993AABDF23412F931E95070D5741'::geometry))
                     Sort Method: top-N heapsort  Memory: 25kB
                     ->  Seq Scan on phoml_trajectory_tmp s_3228  (cost=0.00..165745.68 rows=1 width=84) (actual time=0.034..0.599 rows=480 loops=1)
                           Filter: ((unix_time >= '1685451447.037'::double precision) AND (unix_time <= '1685451507.037'::double precision) AND st_dwithin(st_transform(the_geom, 25833), '0101000020E9640000F78A993AABDF23412F931E95070D5741'::geometry, '300'::double precision))
                           Rows Removed by Filter: 3180
   ->  Subquery Scan on "*SELECT* 3230"  (cost=165745.69..165745.70 rows=1 width=76) (actual time=0.662..0.664 rows=1 loops=1)
         ->  Limit  (cost=165745.69..165745.69 rows=1 width=84) (actual time=0.659..0.660 rows=1 loops=1)
               ->  Sort  (cost=165745.69..165745.69 rows=1 width=84) (actual time=0.656..0.657 rows=1 loops=1)
                     Sort Key: (st_distance(st_transform(s_3229.the_geom, 25833), '0101000020E964000052CAA1C8ACDF2341066F285E060D5741'::geometry))
                     Sort Method: top-N heapsort  Memory: 25kB
                     ->  Seq Scan on phoml_trajectory_tmp s_3229  (cost=0.00..165745.68 rows=1 width=84) (actual time=0.037..0.590 rows=480 loops=1)
                           Filter: ((unix_time >= '1685451447.371'::double precision) AND (unix_time <= '1685451507.371'::double precision) AND st_dwithin(st_transform(the_geom, 25833), '0101000020E964000052CAA1C8ACDF2341066F285E060D5741'::geometry, '300'::double precision))
                           Rows Removed by Filter: 3180
   ->  Subquery Scan on "*SELECT* 3231"  (cost=165745.69..165745.70 rows=1 width=76) (actual time=0.654..0.655 rows=1 loops=1)
         ->  Limit  (cost=165745.69..165745.69 rows=1 width=84) (actual time=0.652..0.653 rows=1 loops=1)
               ->  Sort  (cost=165745.69..165745.69 rows=1 width=84) (actual time=0.650..0.650 rows=1 loops=1)
                     Sort Key: (st_distance(st_transform(s_3230.the_geom, 25833), '0101000020E96400006B1B7E65AEDF2341976CF525050D5741'::geometry))
                     Sort Method: top-N heapsort  Memory: 25kB
                     ->  Seq Scan on phoml_trajectory_tmp s_3230  (cost=0.00..165745.68 rows=1 width=84) (actual time=0.034..0.582 rows=480 loops=1)
                           Filter: ((unix_time >= '1685451447.711'::double precision) AND (unix_time <= '1685451507.711'::double precision) AND st_dwithin(st_transform(the_geom, 25833), '0101000020E96400006B1B7E65AEDF2341976CF525050D5741'::geometry, '300'::double precision))
                           Rows Removed by Filter: 3180
   ->  Subquery Scan on "*SELECT* 3232"  (cost=165745.69..165745.70 rows=1 width=76) (actual time=0.672..0.673 rows=1 loops=1)
         ->  Limit  (cost=165745.69..165745.69 rows=1 width=84) (actual time=0.669..0.670 rows=1 loops=1)
               ->  Sort  (cost=165745.69..165745.69 rows=1 width=84) (actual time=0.666..0.667 rows=1 loops=1)
                     Sort Key: (st_distance(st_transform(s_3231.the_geom, 25833), '0101000020E964000027426219B0DF23417D4D7FDD030D5741'::geometry))
                     Sort Method: top-N heapsort  Memory: 25kB
                     ->  Seq Scan on phoml_trajectory_tmp s_3231  (cost=0.00..165745.68 rows=1 width=84) (actual time=0.034..0.598 rows=480 loops=1)
                           Filter: ((unix_time >= '1685451448.061'::double precision) AND (unix_time <= '1685451508.061'::double precision) AND st_dwithin(st_transform(the_geom, 25833), '0101000020E964000027426219B0DF23417D4D7FDD030D5741'::geometry, '300'::double precision))
                           Rows Removed by Filter: 3180
   ->  Subquery Scan on "*SELECT* 3233"  (cost=165745.69..165745.70 rows=1 width=76) (actual time=0.672..0.673 rows=1 loops=1)
         ->  Limit  (cost=165745.69..165745.69 rows=1 width=84) (actual time=0.669..0.670 rows=1 loops=1)
               ->  Sort  (cost=165745.69..165745.69 rows=1 width=84) (actual time=0.667..0.667 rows=1 loops=1)
                     Sort Key: (st_distance(st_transform(s_3232.the_geom, 25833), '0101000020E964000010DD9BC9B1DF2341AEA2C7A4020D5741'::geometry))
                     Sort Method: top-N heapsort  Memory: 25kB
                     ->  Seq Scan on phoml_trajectory_tmp s_3232  (cost=0.00..165745.68 rows=1 width=84) (actual time=0.034..0.599 rows=480 loops=1)
                           Filter: ((unix_time >= '1685451448.397'::double precision) AND (unix_time <= '1685451508.397'::double precision) AND st_dwithin(st_transform(the_geom, 25833), '0101000020E964000010DD9BC9B1DF2341AEA2C7A4020D5741'::geometry, '300'::double precision))
                           Rows Removed by Filter: 3180
   ->  Subquery Scan on "*SELECT* 3234"  (cost=165745.69..165745.70 rows=1 width=76) (actual time=0.661..0.662 rows=1 loops=1)
         ->  Limit  (cost=165745.69..165745.69 rows=1 width=84) (actual time=0.659..0.660 rows=1 loops=1)
               ->  Sort  (cost=165745.69..165745.69 rows=1 width=84) (actual time=0.657..0.658 rows=1 loops=1)
                     Sort Key: (st_distance(st_transform(s_3233.the_geom, 25833), '0101000020E96400003E3BC674B3DF234107DE556C010D5741'::geometry))
                     Sort Method: top-N heapsort  Memory: 25kB
                     ->  Seq Scan on phoml_trajectory_tmp s_3233  (cost=0.00..165745.68 rows=1 width=84) (actual time=0.035..0.591 rows=480 loops=1)
                           Filter: ((unix_time >= '1685451448.737'::double precision) AND (unix_time <= '1685451508.737'::double precision) AND st_dwithin(st_transform(the_geom, 25833), '0101000020E96400003E3BC674B3DF234107DE556C010D5741'::geometry, '300'::double precision))
                           Rows Removed by Filter: 3180
   ->  Subquery Scan on "*SELECT* 3235"  (cost=165745.69..165745.70 rows=1 width=76) (actual time=0.682..0.683 rows=1 loops=1)
         ->  Limit  (cost=165745.69..165745.69 rows=1 width=84) (actual time=0.678..0.679 rows=1 loops=1)
               ->  Sort  (cost=165745.69..165745.69 rows=1 width=84) (actual time=0.676..0.677 rows=1 loops=1)
                     Sort Key: (st_distance(st_transform(s_3234.the_geom, 25833), '0101000020E96400000C59FB12B5DF2341B0DC7834000D5741'::geometry))
                     Sort Method: top-N heapsort  Memory: 25kB
                     ->  Seq Scan on phoml_trajectory_tmp s_3234  (cost=0.00..165745.68 rows=1 width=84) (actual time=0.032..0.613 rows=480 loops=1)
                           Filter: ((unix_time >= '1685451449.077'::double precision) AND (unix_time <= '1685451509.077'::double precision) AND st_dwithin(st_transform(the_geom, 25833), '0101000020E96400000C59FB12B5DF2341B0DC7834000D5741'::geometry, '300'::double precision))
                           Rows Removed by Filter: 3180
   ->  Subquery Scan on "*SELECT* 3236"  (cost=165745.69..165745.70 rows=1 width=76) (actual time=0.668..0.669 rows=1 loops=1)
         ->  Limit  (cost=165745.69..165745.69 rows=1 width=84) (actual time=0.664..0.665 rows=1 loops=1)
               ->  Sort  (cost=165745.69..165745.69 rows=1 width=84) (actual time=0.662..0.663 rows=1 loops=1)
                     Sort Key: (st_distance(st_transform(s_3235.the_geom, 25833), '0101000020E9640000156675A0B6DF23414DFE6EEFFE0C5741'::geometry))
                     Sort Method: top-N heapsort  Memory: 25kB
                     ->  Seq Scan on phoml_trajectory_tmp s_3235  (cost=0.00..165745.68 rows=1 width=84) (actual time=0.036..0.596 rows=480 loops=1)
                           Filter: ((unix_time >= '1685451449.425'::double precision) AND (unix_time <= '1685451509.425'::double precision) AND st_dwithin(st_transform(the_geom, 25833), '0101000020E9640000156675A0B6DF23414DFE6EEFFE0C5741'::geometry, '300'::double precision))
                           Rows Removed by Filter: 3180
   ->  Subquery Scan on "*SELECT* 3237"  (cost=165745.69..165745.70 rows=1 width=76) (actual time=0.638..0.640 rows=1 loops=1)
         ->  Limit  (cost=165745.69..165745.69 rows=1 width=84) (actual time=0.636..0.637 rows=1 loops=1)
               ->  Sort  (cost=165745.69..165745.69 rows=1 width=84) (actual time=0.634..0.634 rows=1 loops=1)
                     Sort Key: (st_distance(st_transform(s_3236.the_geom, 25833), '0101000020E9640000454C153CB8DF234173FAFBB0FD0C5741'::geometry))
                     Sort Method: top-N heapsort  Memory: 25kB
                     ->  Seq Scan on phoml_trajectory_tmp s_3236  (cost=0.00..165745.68 rows=1 width=84) (actual time=0.033..0.570 rows=476 loops=1)
                           Filter: ((unix_time >= '1685451449.765'::double precision) AND (unix_time <= '1685451509.765'::double precision) AND st_dwithin(st_transform(the_geom, 25833), '0101000020E9640000454C153CB8DF234173FAFBB0FD0C5741'::geometry, '300'::double precision))
                           Rows Removed by Filter: 3184
   ->  Subquery Scan on "*SELECT* 3238"  (cost=165745.69..165745.70 rows=1 width=76) (actual time=0.667..0.668 rows=1 loops=1)
         ->  Limit  (cost=165745.69..165745.69 rows=1 width=84) (actual time=0.664..0.664 rows=1 loops=1)
               ->  Sort  (cost=165745.69..165745.69 rows=1 width=84) (actual time=0.662..0.662 rows=1 loops=1)
                     Sort Key: (st_distance(st_transform(s_3237.the_geom, 25833), '0101000020E964000045FA6FDAB9DF2341C1F0D278FC0C5741'::geometry))
                     Sort Method: top-N heapsort  Memory: 25kB
                     ->  Seq Scan on phoml_trajectory_tmp s_3237  (cost=0.00..165745.68 rows=1 width=84) (actual time=0.036..0.596 rows=480 loops=1)
                           Filter: ((unix_time >= '1685451450.105'::double precision) AND (unix_time <= '1685451510.105'::double precision) AND st_dwithin(st_transform(the_geom, 25833), '0101000020E964000045FA6FDAB9DF2341C1F0D278FC0C5741'::geometry, '300'::double precision))
                           Rows Removed by Filter: 3180
   ->  Subquery Scan on "*SELECT* 3239"  (cost=165745.69..165745.70 rows=1 width=76) (actual time=0.728..0.729 rows=1 loops=1)
         ->  Limit  (cost=165745.69..165745.69 rows=1 width=84) (actual time=0.723..0.724 rows=1 loops=1)
               ->  Sort  (cost=165745.69..165745.69 rows=1 width=84) (actual time=0.721..0.722 rows=1 loops=1)
                     Sort Key: (st_distance(st_transform(s_3238.the_geom, 25833), '0101000020E9640000E58CA16EBBDF23413902524FFB0C5741'::geometry))
                     Sort Method: top-N heapsort  Memory: 25kB
                     ->  Seq Scan on phoml_trajectory_tmp s_3238  (cost=0.00..165745.68 rows=1 width=84) (actual time=0.033..0.649 rows=480 loops=1)
                           Filter: ((unix_time >= '1685451450.429'::double precision) AND (unix_time <= '1685451510.429'::double precision) AND st_dwithin(st_transform(the_geom, 25833), '0101000020E9640000E58CA16EBBDF23413902524FFB0C5741'::geometry, '300'::double precision))
                           Rows Removed by Filter: 3180
   ->  Subquery Scan on "*SELECT* 3240"  (cost=165745.69..165745.70 rows=1 width=76) (actual time=0.692..0.693 rows=1 loops=1)
         ->  Limit  (cost=165745.69..165745.69 rows=1 width=84) (actual time=0.690..0.690 rows=1 loops=1)
               ->  Sort  (cost=165745.69..165745.69 rows=1 width=84) (actual time=0.688..0.688 rows=1 loops=1)
                     Sort Key: (st_distance(st_transform(s_3239.the_geom, 25833), '0101000020E9640000ED156CF7BCDF234137C54111FA0C5741'::geometry))
                     Sort Method: top-N heapsort  Memory: 25kB
                     ->  Seq Scan on phoml_trajectory_tmp s_3239  (cost=0.00..165745.68 rows=1 width=84) (actual time=0.039..0.601 rows=480 loops=1)
                           Filter: ((unix_time >= '1685451450.769'::double precision) AND (unix_time <= '1685451510.769'::double precision) AND st_dwithin(st_transform(the_geom, 25833), '0101000020E9640000ED156CF7BCDF234137C54111FA0C5741'::geometry, '300'::double precision))
                           Rows Removed by Filter: 3180
   ->  Subquery Scan on "*SELECT* 3241"  (cost=165745.69..165745.70 rows=1 width=76) (actual time=0.683..0.683 rows=1 loops=1)
         ->  Limit  (cost=165745.69..165745.69 rows=1 width=84) (actual time=0.679..0.680 rows=1 loops=1)
               ->  Sort  (cost=165745.69..165745.69 rows=1 width=84) (actual time=0.677..0.677 rows=1 loops=1)
                     Sort Key: (st_distance(st_transform(s_3240.the_geom, 25833), '0101000020E9640000B9DD27AFBEDF2341AA1A2CC3F80C5741'::geometry))
                     Sort Method: top-N heapsort  Memory: 25kB
                     ->  Seq Scan on phoml_trajectory_tmp s_3240  (cost=0.00..165745.68 rows=1 width=84) (actual time=0.035..0.610 rows=476 loops=1)
                           Filter: ((unix_time >= '1685451451.129'::double precision) AND (unix_time <= '1685451511.129'::double precision) AND st_dwithin(st_transform(the_geom, 25833), '0101000020E9640000B9DD27AFBEDF2341AA1A2CC3F80C5741'::geometry, '300'::double precision))
                           Rows Removed by Filter: 3184
   ->  Subquery Scan on "*SELECT* 3242"  (cost=165745.69..165745.70 rows=1 width=76) (actual time=0.690..0.692 rows=1 loops=1)
         ->  Limit  (cost=165745.69..165745.69 rows=1 width=84) (actual time=0.687..0.688 rows=1 loops=1)
               ->  Sort  (cost=165745.69..165745.69 rows=1 width=84) (actual time=0.685..0.685 rows=1 loops=1)
                     Sort Key: (st_distance(st_transform(s_3241.the_geom, 25833), '0101000020E964000072E7FC1CC0DF23416A53EF92F70C5741'::geometry))
                     Sort Method: top-N heapsort  Memory: 25kB
                     ->  Seq Scan on phoml_trajectory_tmp s_3241  (cost=0.00..165745.68 rows=1 width=84) (actual time=0.035..0.603 rows=480 loops=1)
                           Filter: ((unix_time >= '1685451451.455'::double precision) AND (unix_time <= '1685451511.455'::double precision) AND st_dwithin(st_transform(the_geom, 25833), '0101000020E964000072E7FC1CC0DF23416A53EF92F70C5741'::geometry, '300'::double precision))
                           Rows Removed by Filter: 3180
   ->  Subquery Scan on "*SELECT* 3243"  (cost=165745.69..165745.70 rows=1 width=76) (actual time=0.669..0.670 rows=1 loops=1)
         ->  Limit  (cost=165745.69..165745.69 rows=1 width=84) (actual time=0.665..0.666 rows=1 loops=1)
               ->  Sort  (cost=165745.69..165745.69 rows=1 width=84) (actual time=0.663..0.663 rows=1 loops=1)
                     Sort Key: (st_distance(st_transform(s_3242.the_geom, 25833), '0101000020E964000060181DD0C1DF23417D6B2D53F60C5741'::geometry))
                     Sort Method: top-N heapsort  Memory: 25kB
                     ->  Seq Scan on phoml_trajectory_tmp s_3242  (cost=0.00..165745.68 rows=1 width=84) (actual time=0.035..0.596 rows=480 loops=1)
                           Filter: ((unix_time >= '1685451451.795'::double precision) AND (unix_time <= '1685451511.795'::double precision) AND st_dwithin(st_transform(the_geom, 25833), '0101000020E964000060181DD0C1DF23417D6B2D53F60C5741'::geometry, '300'::double precision))
                           Rows Removed by Filter: 3180
   ->  Subquery Scan on "*SELECT* 3244"  (cost=165745.69..165745.70 rows=1 width=76) (actual time=0.662..0.663 rows=1 loops=1)
         ->  Limit  (cost=165745.69..165745.69 rows=1 width=84) (actual time=0.659..0.660 rows=1 loops=1)
               ->  Sort  (cost=165745.69..165745.69 rows=1 width=84) (actual time=0.657..0.657 rows=1 loops=1)
                     Sort Key: (st_distance(st_transform(s_3243.the_geom, 25833), '0101000020E9640000F9D84973C3DF2341E64D2022F50C5741'::geometry))
                     Sort Method: top-N heapsort  Memory: 25kB
                     ->  Seq Scan on phoml_trajectory_tmp s_3243  (cost=0.00..165745.68 rows=1 width=84) (actual time=0.037..0.590 rows=480 loops=1)
                           Filter: ((unix_time >= '1685451452.125'::double precision) AND (unix_time <= '1685451512.125'::double precision) AND st_dwithin(st_transform(the_geom, 25833), '0101000020E9640000F9D84973C3DF2341E64D2022F50C5741'::geometry, '300'::double precision))
                           Rows Removed by Filter: 3180
   ->  Subquery Scan on "*SELECT* 3245"  (cost=165745.69..165745.70 rows=1 width=76) (actual time=0.671..0.672 rows=1 loops=1)
         ->  Limit  (cost=165745.69..165745.69 rows=1 width=84) (actual time=0.668..0.669 rows=1 loops=1)
               ->  Sort  (cost=165745.69..165745.69 rows=1 width=84) (actual time=0.666..0.666 rows=1 loops=1)
                     Sort Key: (st_distance(st_transform(s_3244.the_geom, 25833), '0101000020E9640000D884AB1CC5DF23419A2AAED4F30C5741'::geometry))
                     Sort Method: top-N heapsort  Memory: 25kB
                     ->  Seq Scan on phoml_trajectory_tmp s_3244  (cost=0.00..165745.68 rows=1 width=84) (actual time=0.034..0.598 rows=480 loops=1)
                           Filter: ((unix_time >= '1685451452.48'::double precision) AND (unix_time <= '1685451512.48'::double precision) AND st_dwithin(st_transform(the_geom, 25833), '0101000020E9640000D884AB1CC5DF23419A2AAED4F30C5741'::geometry, '300'::double precision))
                           Rows Removed by Filter: 3180
   ->  Subquery Scan on "*SELECT* 3246"  (cost=165745.69..165745.70 rows=1 width=76) (actual time=0.687..0.688 rows=1 loops=1)
         ->  Limit  (cost=165745.69..165745.69 rows=1 width=84) (actual time=0.683..0.684 rows=1 loops=1)
               ->  Sort  (cost=165745.69..165745.69 rows=1 width=84) (actual time=0.681..0.681 rows=1 loops=1)
                     Sort Key: (st_distance(st_transform(s_3245.the_geom, 25833), '0101000020E9640000D00567CBC6DF2341F3321195F20C5741'::geometry))
                     Sort Method: top-N heapsort  Memory: 25kB
                     ->  Seq Scan on phoml_trajectory_tmp s_3245  (cost=0.00..165745.68 rows=1 width=84) (actual time=0.036..0.615 rows=476 loops=1)
                           Filter: ((unix_time >= '1685451452.82'::double precision) AND (unix_time <= '1685451512.82'::double precision) AND st_dwithin(st_transform(the_geom, 25833), '0101000020E9640000D00567CBC6DF2341F3321195F20C5741'::geometry, '300'::double precision))
                           Rows Removed by Filter: 3184
   ->  Subquery Scan on "*SELECT* 3247"  (cost=165745.69..165745.70 rows=1 width=76) (actual time=0.665..0.666 rows=1 loops=1)
         ->  Limit  (cost=165745.69..165745.69 rows=1 width=84) (actual time=0.663..0.663 rows=1 loops=1)
               ->  Sort  (cost=165745.69..165745.69 rows=1 width=84) (actual time=0.661..0.661 rows=1 loops=1)
                     Sort Key: (st_distance(st_transform(s_3246.the_geom, 25833), '0101000020E964000071D4E76DC8DF23416AA22564F10C5741'::geometry))
                     Sort Method: top-N heapsort  Memory: 25kB
                     ->  Seq Scan on phoml_trajectory_tmp s_3246  (cost=0.00..165745.68 rows=1 width=84) (actual time=0.036..0.594 rows=480 loops=1)
                           Filter: ((unix_time >= '1685451453.146'::double precision) AND (unix_time <= '1685451513.146'::double precision) AND st_dwithin(st_transform(the_geom, 25833), '0101000020E964000071D4E76DC8DF23416AA22564F10C5741'::geometry, '300'::double precision))
                           Rows Removed by Filter: 3180
   ->  Subquery Scan on "*SELECT* 3248"  (cost=165745.69..165745.70 rows=1 width=76) (actual time=0.680..0.681 rows=1 loops=1)
         ->  Limit  (cost=165745.69..165745.69 rows=1 width=84) (actual time=0.677..0.678 rows=1 loops=1)
               ->  Sort  (cost=165745.69..165745.69 rows=1 width=84) (actual time=0.676..0.676 rows=1 loops=1)
                     Sort Key: (st_distance(st_transform(s_3247.the_geom, 25833), '0101000020E96400005D377B1CCADF2341BA62B432F00C5741'::geometry))
                     Sort Method: top-N heapsort  Memory: 25kB
                     ->  Seq Scan on phoml_trajectory_tmp s_3247  (cost=0.00..165745.68 rows=1 width=84) (actual time=0.034..0.609 rows=476 loops=1)
                           Filter: ((unix_time >= '1685451453.476'::double precision) AND (unix_time <= '1685451513.476'::double precision) AND st_dwithin(st_transform(the_geom, 25833), '0101000020E96400005D377B1CCADF2341BA62B432F00C5741'::geometry, '300'::double precision))
                           Rows Removed by Filter: 3184
   ->  Subquery Scan on "*SELECT* 3249"  (cost=165745.69..165745.70 rows=1 width=76) (actual time=0.697..0.698 rows=1 loops=1)
         ->  Limit  (cost=165745.69..165745.69 rows=1 width=84) (actual time=0.694..0.695 rows=1 loops=1)
               ->  Sort  (cost=165745.69..165745.69 rows=1 width=84) (actual time=0.692..0.692 rows=1 loops=1)
                     Sort Key: (st_distance(st_transform(s_3248.the_geom, 25833), '0101000020E9640000513B23C4CBDF2341BF5B72F3EE0C5741'::geometry))
                     Sort Method: top-N heapsort  Memory: 25kB
                     ->  Seq Scan on phoml_trajectory_tmp s_3248  (cost=0.00..165745.68 rows=1 width=84) (actual time=0.034..0.624 rows=480 loops=1)
                           Filter: ((unix_time >= '1685451453.816'::double precision) AND (unix_time <= '1685451513.816'::double precision) AND st_dwithin(st_transform(the_geom, 25833), '0101000020E9640000513B23C4CBDF2341BF5B72F3EE0C5741'::geometry, '300'::double precision))
                           Rows Removed by Filter: 3180
   ->  Subquery Scan on "*SELECT* 3250"  (cost=165745.69..165745.70 rows=1 width=76) (actual time=0.679..0.680 rows=1 loops=1)
         ->  Limit  (cost=165745.69..165745.69 rows=1 width=84) (actual time=0.677..0.678 rows=1 loops=1)
               ->  Sort  (cost=165745.69..165745.69 rows=1 width=84) (actual time=0.675..0.675 rows=1 loops=1)
                     Sort Key: (st_distance(st_transform(s_3249.the_geom, 25833), '0101000020E96400005CAF0674CDDF23411902A8ACED0C5741'::geometry))
                     Sort Method: top-N heapsort  Memory: 25kB
                     ->  Seq Scan on phoml_trajectory_tmp s_3249  (cost=0.00..165745.68 rows=1 width=84) (actual time=0.039..0.607 rows=476 loops=1)
                           Filter: ((unix_time >= '1685451454.162'::double precision) AND (unix_time <= '1685451514.162'::double precision) AND st_dwithin(st_transform(the_geom, 25833), '0101000020E96400005CAF0674CDDF23411902A8ACED0C5741'::geometry, '300'::double precision))
                           Rows Removed by Filter: 3184
   ->  Subquery Scan on "*SELECT* 3251"  (cost=165745.69..165745.70 rows=1 width=76) (actual time=0.685..0.686 rows=1 loops=1)
         ->  Limit  (cost=165745.69..165745.69 rows=1 width=84) (actual time=0.681..0.682 rows=1 loops=1)
               ->  Sort  (cost=165745.69..165745.69 rows=1 width=84) (actual time=0.679..0.679 rows=1 loops=1)
                     Sort Key: (st_distance(st_transform(s_3250.the_geom, 25833), '0101000020E9640000E63B9656CFDF2341515A6C6CEC0C5741'::geometry))
                     Sort Method: top-N heapsort  Memory: 25kB
                     ->  Seq Scan on phoml_trajectory_tmp s_3250  (cost=0.00..165745.68 rows=1 width=84) (actual time=0.034..0.612 rows=480 loops=1)
                           Filter: ((unix_time >= '1685451454.502'::double precision) AND (unix_time <= '1685451514.502'::double precision) AND st_dwithin(st_transform(the_geom, 25833), '0101000020E9640000E63B9656CFDF2341515A6C6CEC0C5741'::geometry, '300'::double precision))
                           Rows Removed by Filter: 3180
   ->  Subquery Scan on "*SELECT* 3252"  (cost=165745.69..165745.70 rows=1 width=76) (actual time=0.676..0.677 rows=1 loops=1)
         ->  Limit  (cost=165745.69..165745.69 rows=1 width=84) (actual time=0.673..0.674 rows=1 loops=1)
               ->  Sort  (cost=165745.69..165745.69 rows=1 width=84) (actual time=0.671..0.672 rows=1 loops=1)
                     Sort Key: (st_distance(st_transform(s_3251.the_geom, 25833), '0101000020E9640000BC2C3AF8D0DF2341C2F86634EB0C5741'::geometry))
                     Sort Method: top-N heapsort  Memory: 25kB
                     ->  Seq Scan on phoml_trajectory_tmp s_3251  (cost=0.00..165745.68 rows=1 width=84) (actual time=0.035..0.603 rows=476 loops=1)
                           Filter: ((unix_time >= '1685451454.832'::double precision) AND (unix_time <= '1685451514.832'::double precision) AND st_dwithin(st_transform(the_geom, 25833), '0101000020E9640000BC2C3AF8D0DF2341C2F86634EB0C5741'::geometry, '300'::double precision))
                           Rows Removed by Filter: 3184
   ->  Subquery Scan on "*SELECT* 3253"  (cost=165745.69..165745.70 rows=1 width=76) (actual time=0.659..0.661 rows=1 loops=1)
         ->  Limit  (cost=165745.69..165745.69 rows=1 width=84) (actual time=0.657..0.658 rows=1 loops=1)
               ->  Sort  (cost=165745.69..165745.69 rows=1 width=84) (actual time=0.656..0.656 rows=1 loops=1)
                     Sort Key: (st_distance(st_transform(s_3252.the_geom, 25833), '0101000020E9640000868AF4B9D2DF23411D940FF4E90C5741'::geometry))
                     Sort Method: top-N heapsort  Memory: 25kB
                     ->  Seq Scan on phoml_trajectory_tmp s_3252  (cost=0.00..165745.68 rows=1 width=84) (actual time=0.037..0.590 rows=480 loops=1)
                           Filter: ((unix_time >= '1685451455.169'::double precision) AND (unix_time <= '1685451515.169'::double precision) AND st_dwithin(st_transform(the_geom, 25833), '0101000020E9640000868AF4B9D2DF23411D940FF4E90C5741'::geometry, '300'::double precision))
                           Rows Removed by Filter: 3180
   ->  Subquery Scan on "*SELECT* 3254"  (cost=165745.69..165745.70 rows=1 width=76) (actual time=0.673..0.674 rows=1 loops=1)
         ->  Limit  (cost=165745.69..165745.69 rows=1 width=84) (actual time=0.670..0.670 rows=1 loops=1)
               ->  Sort  (cost=165745.69..165745.69 rows=1 width=84) (actual time=0.668..0.668 rows=1 loops=1)
                     Sort Key: (st_distance(st_transform(s_3253.the_geom, 25833), '0101000020E964000099C3F77FD4DF2341A70603B5E80C5741'::geometry))
                     Sort Method: top-N heapsort  Memory: 25kB
                     ->  Seq Scan on phoml_trajectory_tmp s_3253  (cost=0.00..165745.68 rows=1 width=84) (actual time=0.036..0.601 rows=476 loops=1)
                           Filter: ((unix_time >= '1685451455.509'::double precision) AND (unix_time <= '1685451515.509'::double precision) AND st_dwithin(st_transform(the_geom, 25833), '0101000020E964000099C3F77FD4DF2341A70603B5E80C5741'::geometry, '300'::double precision))
                           Rows Removed by Filter: 3184
   ->  Subquery Scan on "*SELECT* 3255"  (cost=165745.69..165745.70 rows=1 width=76) (actual time=0.715..0.716 rows=1 loops=1)
         ->  Limit  (cost=165745.69..165745.69 rows=1 width=84) (actual time=0.711..0.712 rows=1 loops=1)
               ->  Sort  (cost=165745.69..165745.69 rows=1 width=84) (actual time=0.709..0.710 rows=1 loops=1)
                     Sort Key: (st_distance(st_transform(s_3254.the_geom, 25833), '0101000020E96400003472D332D6DF23415AF0878AE70C5741'::geometry))
                     Sort Method: top-N heapsort  Memory: 25kB
                     ->  Seq Scan on phoml_trajectory_tmp s_3254  (cost=0.00..165745.68 rows=1 width=84) (actual time=0.036..0.640 rows=480 loops=1)
                           Filter: ((unix_time >= '1685451455.829'::double precision) AND (unix_time <= '1685451515.829'::double precision) AND st_dwithin(st_transform(the_geom, 25833), '0101000020E96400003472D332D6DF23415AF0878AE70C5741'::geometry, '300'::double precision))
                           Rows Removed by Filter: 3180
   ->  Subquery Scan on "*SELECT* 3256"  (cost=165745.69..165745.70 rows=1 width=76) (actual time=0.679..0.680 rows=1 loops=1)
         ->  Limit  (cost=165745.69..165745.69 rows=1 width=84) (actual time=0.675..0.676 rows=1 loops=1)
               ->  Sort  (cost=165745.69..165745.69 rows=1 width=84) (actual time=0.673..0.674 rows=1 loops=1)
                     Sort Key: (st_distance(st_transform(s_3255.the_geom, 25833), '0101000020E96400005209C4C1D7DF23413D862245E60C5741'::geometry))
                     Sort Method: top-N heapsort  Memory: 25kB
                     ->  Seq Scan on phoml_trajectory_tmp s_3255  (cost=0.00..165745.68 rows=1 width=84) (actual time=0.038..0.601 rows=480 loops=1)
                           Filter: ((unix_time >= '1685451456.162'::double precision) AND (unix_time <= '1685451516.162'::double precision) AND st_dwithin(st_transform(the_geom, 25833), '0101000020E96400005209C4C1D7DF23413D862245E60C5741'::geometry, '300'::double precision))
                           Rows Removed by Filter: 3180
   ->  Subquery Scan on "*SELECT* 3257"  (cost=165745.69..165745.70 rows=1 width=76) (actual time=0.654..0.655 rows=1 loops=1)
         ->  Limit  (cost=165745.69..165745.69 rows=1 width=84) (actual time=0.652..0.652 rows=1 loops=1)
               ->  Sort  (cost=165745.69..165745.69 rows=1 width=84) (actual time=0.650..0.650 rows=1 loops=1)
                     Sort Key: (st_distance(st_transform(s_3256.the_geom, 25833), '0101000020E9640000A96A8965D9DF234112167007E50C5741'::geometry))
                     Sort Method: top-N heapsort  Memory: 25kB
                     ->  Seq Scan on phoml_trajectory_tmp s_3256  (cost=0.00..165745.68 rows=1 width=84) (actual time=0.035..0.582 rows=476 loops=1)
                           Filter: ((unix_time >= '1685451456.502'::double precision) AND (unix_time <= '1685451516.502'::double precision) AND st_dwithin(st_transform(the_geom, 25833), '0101000020E9640000A96A8965D9DF234112167007E50C5741'::geometry, '300'::double precision))
                           Rows Removed by Filter: 3184
   ->  Subquery Scan on "*SELECT* 3258"  (cost=165745.69..165745.70 rows=1 width=76) (actual time=0.719..0.721 rows=1 loops=1)
         ->  Limit  (cost=165745.69..165745.69 rows=1 width=84) (actual time=0.716..0.717 rows=1 loops=1)
               ->  Sort  (cost=165745.69..165745.69 rows=1 width=84) (actual time=0.713..0.714 rows=1 loops=1)
                     Sort Key: (st_distance(st_transform(s_3257.the_geom, 25833), '0101000020E9640000EEB4B1E5DADF23419FADD5D0E30C5741'::geometry))
                     Sort Method: top-N heapsort  Memory: 25kB
                     ->  Seq Scan on phoml_trajectory_tmp s_3257  (cost=0.00..165745.68 rows=1 width=84) (actual time=0.036..0.644 rows=480 loops=1)
                           Filter: ((unix_time >= '1685451456.832'::double precision) AND (unix_time <= '1685451516.832'::double precision) AND st_dwithin(st_transform(the_geom, 25833), '0101000020E9640000EEB4B1E5DADF23419FADD5D0E30C5741'::geometry, '300'::double precision))
                           Rows Removed by Filter: 3180
   ->  Subquery Scan on "*SELECT* 3259"  (cost=165745.69..165745.70 rows=1 width=76) (actual time=0.689..0.690 rows=1 loops=1)
         ->  Limit  (cost=165745.69..165745.69 rows=1 width=84) (actual time=0.685..0.686 rows=1 loops=1)
               ->  Sort  (cost=165745.69..165745.69 rows=1 width=84) (actual time=0.683..0.683 rows=1 loops=1)
                     Sort Key: (st_distance(st_transform(s_3258.the_geom, 25833), '0101000020E9640000918E0866DCDF23416F0B3093E20C5741'::geometry))
                     Sort Method: top-N heapsort  Memory: 25kB
                     ->  Seq Scan on phoml_trajectory_tmp s_3258  (cost=0.00..165745.68 rows=1 width=84) (actual time=0.037..0.615 rows=476 loops=1)
                           Filter: ((unix_time >= '1685451457.17'::double precision) AND (unix_time <= '1685451517.17'::double precision) AND st_dwithin(st_transform(the_geom, 25833), '0101000020E9640000918E0866DCDF23416F0B3093E20C5741'::geometry, '300'::double precision))
                           Rows Removed by Filter: 3184
   ->  Subquery Scan on "*SELECT* 3260"  (cost=165745.69..165745.70 rows=1 width=76) (actual time=0.670..0.671 rows=1 loops=1)
         ->  Limit  (cost=165745.69..165745.69 rows=1 width=84) (actual time=0.667..0.668 rows=1 loops=1)
               ->  Sort  (cost=165745.69..165745.69 rows=1 width=84) (actual time=0.665..0.665 rows=1 loops=1)
                     Sort Key: (st_distance(st_transform(s_3259.the_geom, 25833), '0101000020E96400009C47F8F5DDDF23412969D854E10C5741'::geometry))
                     Sort Method: top-N heapsort  Memory: 25kB
                     ->  Seq Scan on phoml_trajectory_tmp s_3259  (cost=0.00..165745.68 rows=1 width=84) (actual time=0.037..0.598 rows=480 loops=1)
                           Filter: ((unix_time >= '1685451457.5'::double precision) AND (unix_time <= '1685451517.5'::double precision) AND st_dwithin(st_transform(the_geom, 25833), '0101000020E96400009C47F8F5DDDF23412969D854E10C5741'::geometry, '300'::double precision))
                           Rows Removed by Filter: 3180
   ->  Subquery Scan on "*SELECT* 3261"  (cost=165745.69..165745.70 rows=1 width=76) (actual time=0.685..0.686 rows=1 loops=1)
         ->  Limit  (cost=165745.69..165745.69 rows=1 width=84) (actual time=0.681..0.682 rows=1 loops=1)
               ->  Sort  (cost=165745.69..165745.69 rows=1 width=84) (actual time=0.679..0.680 rows=1 loops=1)
                     Sort Key: (st_distance(st_transform(s_3260.the_geom, 25833), '0101000020E9640000E51C987ADFDF2341B6FD1825E00C5741'::geometry))
                     Sort Method: top-N heapsort  Memory: 25kB
                     ->  Seq Scan on phoml_trajectory_tmp s_3260  (cost=0.00..165745.68 rows=1 width=84) (actual time=0.035..0.613 rows=476 loops=1)
                           Filter: ((unix_time >= '1685451457.82'::double precision) AND (unix_time <= '1685451517.82'::double precision) AND st_dwithin(st_transform(the_geom, 25833), '0101000020E9640000E51C987ADFDF2341B6FD1825E00C5741'::geometry, '300'::double precision))
                           Rows Removed by Filter: 3184
   ->  Subquery Scan on "*SELECT* 3262"  (cost=165745.69..165745.70 rows=1 width=76) (actual time=0.692..0.693 rows=1 loops=1)
         ->  Limit  (cost=165745.69..165745.69 rows=1 width=84) (actual time=0.689..0.689 rows=1 loops=1)
               ->  Sort  (cost=165745.69..165745.69 rows=1 width=84) (actual time=0.687..0.688 rows=1 loops=1)
                     Sort Key: (st_distance(st_transform(s_3261.the_geom, 25833), '0101000020E9640000077F502AE1DF2341894A6DDEDE0C5741'::geometry))
                     Sort Method: top-N heapsort  Memory: 25kB
                     ->  Seq Scan on phoml_trajectory_tmp s_3261  (cost=0.00..165745.68 rows=1 width=84) (actual time=0.036..0.620 rows=480 loops=1)
                           Filter: ((unix_time >= '1685451458.155'::double precision) AND (unix_time <= '1685451518.155'::double precision) AND st_dwithin(st_transform(the_geom, 25833), '0101000020E9640000077F502AE1DF2341894A6DDEDE0C5741'::geometry, '300'::double precision))
                           Rows Removed by Filter: 3180
   ->  Subquery Scan on "*SELECT* 3263"  (cost=165745.69..165745.70 rows=1 width=76) (actual time=0.690..0.691 rows=1 loops=1)
         ->  Limit  (cost=165745.69..165745.69 rows=1 width=84) (actual time=0.687..0.688 rows=1 loops=1)
               ->  Sort  (cost=165745.69..165745.69 rows=1 width=84) (actual time=0.685..0.685 rows=1 loops=1)
                     Sort Key: (st_distance(st_transform(s_3262.the_geom, 25833), '0101000020E9640000FA4007D2E2DF234123E33BADDD0C5741'::geometry))
                     Sort Method: top-N heapsort  Memory: 25kB
                     ->  Seq Scan on phoml_trajectory_tmp s_3262  (cost=0.00..165745.68 rows=1 width=84) (actual time=0.039..0.608 rows=480 loops=1)
                           Filter: ((unix_time >= '1685451458.485'::double precision) AND (unix_time <= '1685451518.485'::double precision) AND st_dwithin(st_transform(the_geom, 25833), '0101000020E9640000FA4007D2E2DF234123E33BADDD0C5741'::geometry, '300'::double precision))
                           Rows Removed by Filter: 3180
   ->  Subquery Scan on "*SELECT* 3264"  (cost=165745.69..165745.70 rows=1 width=76) (actual time=0.742..0.744 rows=1 loops=1)
         ->  Limit  (cost=165745.69..165745.69 rows=1 width=84) (actual time=0.740..0.741 rows=1 loops=1)
               ->  Sort  (cost=165745.69..165745.69 rows=1 width=84) (actual time=0.738..0.738 rows=1 loops=1)
                     Sort Key: (st_distance(st_transform(s_3263.the_geom, 25833), '0101000020E9640000EE31EF7AE4DF2341B7AADE6DDC0C5741'::geometry))
                     Sort Method: top-N heapsort  Memory: 25kB
                     ->  Seq Scan on phoml_trajectory_tmp s_3263  (cost=0.00..165745.68 rows=1 width=84) (actual time=0.072..0.667 rows=480 loops=1)
                           Filter: ((unix_time >= '1685451458.815'::double precision) AND (unix_time <= '1685451518.815'::double precision) AND st_dwithin(st_transform(the_geom, 25833), '0101000020E9640000EE31EF7AE4DF2341B7AADE6DDC0C5741'::geometry, '300'::double precision))
                           Rows Removed by Filter: 3180
   ->  Subquery Scan on "*SELECT* 3265"  (cost=165745.69..165745.70 rows=1 width=76) (actual time=0.684..0.686 rows=1 loops=1)
         ->  Limit  (cost=165745.69..165745.69 rows=1 width=84) (actual time=0.681..0.682 rows=1 loops=1)
               ->  Sort  (cost=165745.69..165745.69 rows=1 width=84) (actual time=0.679..0.679 rows=1 loops=1)
                     Sort Key: (st_distance(st_transform(s_3264.the_geom, 25833), '0101000020E9640000CFE4114EE6DF23414F4A4B2EDB0C5741'::geometry))
                     Sort Method: top-N heapsort  Memory: 25kB
                     ->  Seq Scan on phoml_trajectory_tmp s_3264  (cost=0.00..165745.68 rows=1 width=84) (actual time=0.037..0.613 rows=480 loops=1)
                           Filter: ((unix_time >= '1685451459.149'::double precision) AND (unix_time <= '1685451519.149'::double precision) AND st_dwithin(st_transform(the_geom, 25833), '0101000020E9640000CFE4114EE6DF23414F4A4B2EDB0C5741'::geometry, '300'::double precision))
                           Rows Removed by Filter: 3180
   ->  Subquery Scan on "*SELECT* 3266"  (cost=165745.69..165745.70 rows=1 width=76) (actual time=0.693..0.694 rows=1 loops=1)
         ->  Limit  (cost=165745.69..165745.69 rows=1 width=84) (actual time=0.689..0.690 rows=1 loops=1)
               ->  Sort  (cost=165745.69..165745.69 rows=1 width=84) (actual time=0.687..0.688 rows=1 loops=1)
                     Sort Key: (st_distance(st_transform(s_3265.the_geom, 25833), '0101000020E964000014D57DF4E7DF2341D5F30FEFD90C5741'::geometry))
                     Sort Method: top-N heapsort  Memory: 25kB
                     ->  Seq Scan on phoml_trajectory_tmp s_3265  (cost=0.00..165745.68 rows=1 width=84) (actual time=0.037..0.620 rows=476 loops=1)
                           Filter: ((unix_time >= '1685451459.489'::double precision) AND (unix_time <= '1685451519.489'::double precision) AND st_dwithin(st_transform(the_geom, 25833), '0101000020E964000014D57DF4E7DF2341D5F30FEFD90C5741'::geometry, '300'::double precision))
                           Rows Removed by Filter: 3184
   ->  Subquery Scan on "*SELECT* 3267"  (cost=165745.69..165745.70 rows=1 width=76) (actual time=0.681..0.682 rows=1 loops=1)
         ->  Limit  (cost=165745.69..165745.69 rows=1 width=84) (actual time=0.679..0.680 rows=1 loops=1)
               ->  Sort  (cost=165745.69..165745.69 rows=1 width=84) (actual time=0.677..0.678 rows=1 loops=1)
                     Sort Key: (st_distance(st_transform(s_3266.the_geom, 25833), '0101000020E9640000DD7D3795E9DF2341B28A1AB7D80C5741'::geometry))
                     Sort Method: top-N heapsort  Memory: 25kB
                     ->  Seq Scan on phoml_trajectory_tmp s_3266  (cost=0.00..165745.68 rows=1 width=84) (actual time=0.045..0.610 rows=480 loops=1)
                           Filter: ((unix_time >= '1685451459.819'::double precision) AND (unix_time <= '1685451519.819'::double precision) AND st_dwithin(st_transform(the_geom, 25833), '0101000020E9640000DD7D3795E9DF2341B28A1AB7D80C5741'::geometry, '300'::double precision))
                           Rows Removed by Filter: 3180
   ->  Subquery Scan on "*SELECT* 3268"  (cost=165745.69..165745.70 rows=1 width=76) (actual time=0.676..0.677 rows=1 loops=1)
         ->  Limit  (cost=165745.69..165745.69 rows=1 width=84) (actual time=0.673..0.674 rows=1 loops=1)
               ->  Sort  (cost=165745.69..165745.69 rows=1 width=84) (actual time=0.671..0.671 rows=1 loops=1)
                     Sort Key: (st_distance(st_transform(s_3267.the_geom, 25833), '0101000020E9640000F7025823EBDF2341D8E7DE78D70C5741'::geometry))
                     Sort Method: top-N heapsort  Memory: 25kB
                     ->  Seq Scan on phoml_trajectory_tmp s_3267  (cost=0.00..165745.68 rows=1 width=84) (actual time=0.038..0.604 rows=476 loops=1)
                           Filter: ((unix_time >= '1685451460.154'::double precision) AND (unix_time <= '1685451520.154'::double precision) AND st_dwithin(st_transform(the_geom, 25833), '0101000020E9640000F7025823EBDF2341D8E7DE78D70C5741'::geometry, '300'::double precision))
                           Rows Removed by Filter: 3184
   ->  Subquery Scan on "*SELECT* 3269"  (cost=165745.69..165745.70 rows=1 width=76) (actual time=0.696..0.697 rows=1 loops=1)
         ->  Limit  (cost=165745.69..165745.69 rows=1 width=84) (actual time=0.693..0.693 rows=1 loops=1)
               ->  Sort  (cost=165745.69..165745.69 rows=1 width=84) (actual time=0.691..0.691 rows=1 loops=1)
                     Sort Key: (st_distance(st_transform(s_3268.the_geom, 25833), '0101000020E9640000C70F31B3ECDF2341979F993AD60C5741'::geometry))
                     Sort Method: top-N heapsort  Memory: 25kB
                     ->  Seq Scan on phoml_trajectory_tmp s_3268  (cost=0.00..165745.68 rows=1 width=84) (actual time=0.038..0.623 rows=480 loops=1)
                           Filter: ((unix_time >= '1685451460.494'::double precision) AND (unix_time <= '1685451520.494'::double precision) AND st_dwithin(st_transform(the_geom, 25833), '0101000020E9640000C70F31B3ECDF2341979F993AD60C5741'::geometry, '300'::double precision))
                           Rows Removed by Filter: 3180
   ->  Subquery Scan on "*SELECT* 3270"  (cost=165745.69..165745.70 rows=1 width=76) (actual time=0.671..0.672 rows=1 loops=1)
         ->  Limit  (cost=165745.69..165745.69 rows=1 width=84) (actual time=0.669..0.670 rows=1 loops=1)
               ->  Sort  (cost=165745.69..165745.69 rows=1 width=84) (actual time=0.667..0.667 rows=1 loops=1)
                     Sort Key: (st_distance(st_transform(s_3269.the_geom, 25833), '0101000020E9640000E680D912EEDF2341A08B5A05D50C5741'::geometry))
                     Sort Method: top-N heapsort  Memory: 25kB
                     ->  Seq Scan on phoml_trajectory_tmp s_3269  (cost=0.00..165745.68 rows=1 width=84) (actual time=0.037..0.600 rows=476 loops=1)
                           Filter: ((unix_time >= '1685451460.824'::double precision) AND (unix_time <= '1685451520.824'::double precision) AND st_dwithin(st_transform(the_geom, 25833), '0101000020E9640000E680D912EEDF2341A08B5A05D50C5741'::geometry, '300'::double precision))
                           Rows Removed by Filter: 3184
   ->  Subquery Scan on "*SELECT* 3271"  (cost=165745.69..165745.70 rows=1 width=76) (actual time=0.735..0.736 rows=1 loops=1)
         ->  Limit  (cost=165745.69..165745.69 rows=1 width=84) (actual time=0.731..0.732 rows=1 loops=1)
               ->  Sort  (cost=165745.69..165745.69 rows=1 width=84) (actual time=0.729..0.730 rows=1 loops=1)
                     Sort Key: (st_distance(st_transform(s_3270.the_geom, 25833), '0101000020E9640000E94EFC93EFDF23413321A6C7D30C5741'::geometry))
                     Sort Method: top-N heapsort  Memory: 25kB
                     ->  Seq Scan on phoml_trajectory_tmp s_3270  (cost=0.00..165745.68 rows=1 width=84) (actual time=0.037..0.660 rows=480 loops=1)
                           Filter: ((unix_time >= '1685451461.162'::double precision) AND (unix_time <= '1685451521.162'::double precision) AND st_dwithin(st_transform(the_geom, 25833), '0101000020E9640000E94EFC93EFDF23413321A6C7D30C5741'::geometry, '300'::double precision))
                           Rows Removed by Filter: 3180
   ->  Subquery Scan on "*SELECT* 3272"  (cost=165745.69..165745.70 rows=1 width=76) (actual time=0.676..0.678 rows=1 loops=1)
         ->  Limit  (cost=165745.69..165745.69 rows=1 width=84) (actual time=0.673..0.674 rows=1 loops=1)
               ->  Sort  (cost=165745.69..165745.69 rows=1 width=84) (actual time=0.671..0.671 rows=1 loops=1)
                     Sort Key: (st_distance(st_transform(s_3271.the_geom, 25833), '0101000020E9640000E2156BFBF0DF23417E9C9490D20C5741'::geometry))
                     Sort Method: top-N heapsort  Memory: 25kB
                     ->  Seq Scan on phoml_trajectory_tmp s_3271  (cost=0.00..165745.68 rows=1 width=84) (actual time=0.035..0.595 rows=476 loops=1)
                           Filter: ((unix_time >= '1685451461.502'::double precision) AND (unix_time <= '1685451521.502'::double precision) AND st_dwithin(st_transform(the_geom, 25833), '0101000020E9640000E2156BFBF0DF23417E9C9490D20C5741'::geometry, '300'::double precision))
                           Rows Removed by Filter: 3184
   ->  Subquery Scan on "*SELECT* 3273"  (cost=165745.69..165745.70 rows=1 width=76) (actual time=0.683..0.685 rows=1 loops=1)
         ->  Limit  (cost=165745.69..165745.69 rows=1 width=84) (actual time=0.680..0.681 rows=1 loops=1)
               ->  Sort  (cost=165745.69..165745.69 rows=1 width=84) (actual time=0.678..0.678 rows=1 loops=1)
                     Sort Key: (st_distance(st_transform(s_3272.the_geom, 25833), '0101000020E9640000987C0562F2DF234132D2C559D10C5741'::geometry))
                     Sort Method: top-N heapsort  Memory: 25kB
                     ->  Seq Scan on phoml_trajectory_tmp s_3272  (cost=0.00..165745.68 rows=1 width=84) (actual time=0.039..0.611 rows=480 loops=1)
                           Filter: ((unix_time >= '1685451461.832'::double precision) AND (unix_time <= '1685451521.832'::double precision) AND st_dwithin(st_transform(the_geom, 25833), '0101000020E9640000987C0562F2DF234132D2C559D10C5741'::geometry, '300'::double precision))
                           Rows Removed by Filter: 3180
   ->  Subquery Scan on "*SELECT* 3274"  (cost=165745.69..165745.70 rows=1 width=76) (actual time=0.661..0.662 rows=1 loops=1)
         ->  Limit  (cost=165745.69..165745.69 rows=1 width=84) (actual time=0.659..0.659 rows=1 loops=1)
               ->  Sort  (cost=165745.69..165745.69 rows=1 width=84) (actual time=0.656..0.657 rows=1 loops=1)
                     Sort Key: (st_distance(st_transform(s_3273.the_geom, 25833), '0101000020E96400006B8AEDFEF3DF2341A5519D22D00C5741'::geometry))
                     Sort Method: top-N heapsort  Memory: 25kB
                     ->  Seq Scan on phoml_trajectory_tmp s_3273  (cost=0.00..165745.68 rows=1 width=84) (actual time=0.038..0.589 rows=480 loops=1)
                           Filter: ((unix_time >= '1685451462.167'::double precision) AND (unix_time <= '1685451522.167'::double precision) AND st_dwithin(st_transform(the_geom, 25833), '0101000020E96400006B8AEDFEF3DF2341A5519D22D00C5741'::geometry, '300'::double precision))
                           Rows Removed by Filter: 3180
   ->  Subquery Scan on "*SELECT* 3275"  (cost=165745.69..165745.70 rows=1 width=76) (actual time=0.682..0.683 rows=1 loops=1)
         ->  Limit  (cost=165745.69..165745.69 rows=1 width=84) (actual time=0.678..0.679 rows=1 loops=1)
               ->  Sort  (cost=165745.69..165745.69 rows=1 width=84) (actual time=0.676..0.677 rows=1 loops=1)
                     Sort Key: (st_distance(st_transform(s_3274.the_geom, 25833), '0101000020E964000098E0DD9AF5DF2341C8179AD5CE0C5741'::geometry))
                     Sort Method: top-N heapsort  Memory: 25kB
                     ->  Seq Scan on phoml_trajectory_tmp s_3274  (cost=0.00..165745.68 rows=1 width=84) (actual time=0.035..0.609 rows=476 loops=1)
                           Filter: ((unix_time >= '1685451462.527'::double precision) AND (unix_time <= '1685451522.527'::double precision) AND st_dwithin(st_transform(the_geom, 25833), '0101000020E964000098E0DD9AF5DF2341C8179AD5CE0C5741'::geometry, '300'::double precision))
                           Rows Removed by Filter: 3184
   ->  Subquery Scan on "*SELECT* 3276"  (cost=165745.69..165745.70 rows=1 width=76) (actual time=0.699..0.700 rows=1 loops=1)
         ->  Limit  (cost=165745.69..165745.69 rows=1 width=84) (actual time=0.695..0.696 rows=1 loops=1)
               ->  Sort  (cost=165745.69..165745.69 rows=1 width=84) (actual time=0.693..0.694 rows=1 loops=1)
                     Sort Key: (st_distance(st_transform(s_3275.the_geom, 25833), '0101000020E96400003FFF520EF7DF23416F04329ECD0C5741'::geometry))
                     Sort Method: top-N heapsort  Memory: 25kB
                     ->  Seq Scan on phoml_trajectory_tmp s_3275  (cost=0.00..165745.68 rows=1 width=84) (actual time=0.045..0.627 rows=480 loops=1)
                           Filter: ((unix_time >= '1685451462.867'::double precision) AND (unix_time <= '1685451522.867'::double precision) AND st_dwithin(st_transform(the_geom, 25833), '0101000020E96400003FFF520EF7DF23416F04329ECD0C5741'::geometry, '300'::double precision))
                           Rows Removed by Filter: 3180
   ->  Subquery Scan on "*SELECT* 3277"  (cost=165745.69..165745.70 rows=1 width=76) (actual time=0.659..0.660 rows=1 loops=1)
         ->  Limit  (cost=165745.69..165745.69 rows=1 width=84) (actual time=0.656..0.657 rows=1 loops=1)
               ->  Sort  (cost=165745.69..165745.69 rows=1 width=84) (actual time=0.654..0.654 rows=1 loops=1)
                     Sort Key: (st_distance(st_transform(s_3276.the_geom, 25833), '0101000020E964000069C302CAF8DF234106C56256CC0C5741'::geometry))
                     Sort Method: top-N heapsort  Memory: 25kB
                     ->  Seq Scan on phoml_trajectory_tmp s_3276  (cost=0.00..165745.68 rows=1 width=84) (actual time=0.039..0.585 rows=476 loops=1)
                           Filter: ((unix_time >= '1685451463.221'::double precision) AND (unix_time <= '1685451523.221'::double precision) AND st_dwithin(st_transform(the_geom, 25833), '0101000020E964000069C302CAF8DF234106C56256CC0C5741'::geometry, '300'::double precision))
                           Rows Removed by Filter: 3184
   ->  Subquery Scan on "*SELECT* 3278"  (cost=165745.69..165745.70 rows=1 width=76) (actual time=0.683..0.684 rows=1 loops=1)
         ->  Limit  (cost=165745.69..165745.69 rows=1 width=84) (actual time=0.679..0.680 rows=1 loops=1)
               ->  Sort  (cost=165745.69..165745.69 rows=1 width=84) (actual time=0.675..0.675 rows=1 loops=1)
                     Sort Key: (st_distance(st_transform(s_3277.the_geom, 25833), '0101000020E96400005EDF6484FADF2341C0367623CB0C5741'::geometry))
                     Sort Method: top-N heapsort  Memory: 25kB
                     ->  Seq Scan on phoml_trajectory_tmp s_3277  (cost=0.00..165745.68 rows=1 width=84) (actual time=0.040..0.597 rows=480 loops=1)
                           Filter: ((unix_time >= '1685451463.551'::double precision) AND (unix_time <= '1685451523.551'::double precision) AND st_dwithin(st_transform(the_geom, 25833), '0101000020E96400005EDF6484FADF2341C0367623CB0C5741'::geometry, '300'::double precision))
                           Rows Removed by Filter: 3180
   ->  Subquery Scan on "*SELECT* 3279"  (cost=165745.69..165745.70 rows=1 width=76) (actual time=0.680..0.681 rows=1 loops=1)
         ->  Limit  (cost=165745.69..165745.69 rows=1 width=84) (actual time=0.677..0.677 rows=1 loops=1)
               ->  Sort  (cost=165745.69..165745.69 rows=1 width=84) (actual time=0.675..0.675 rows=1 loops=1)
                     Sort Key: (st_distance(st_transform(s_3278.the_geom, 25833), '0101000020E9640000F7582B44FCDF23416F4554E3C90C5741'::geometry))
                     Sort Method: top-N heapsort  Memory: 25kB
                     ->  Seq Scan on phoml_trajectory_tmp s_3278  (cost=0.00..165745.68 rows=1 width=84) (actual time=0.036..0.609 rows=476 loops=1)
                           Filter: ((unix_time >= '1685451463.901'::double precision) AND (unix_time <= '1685451523.901'::double precision) AND st_dwithin(st_transform(the_geom, 25833), '0101000020E9640000F7582B44FCDF23416F4554E3C90C5741'::geometry, '300'::double precision))
                           Rows Removed by Filter: 3184
   ->  Subquery Scan on "*SELECT* 3280"  (cost=165745.69..165745.70 rows=1 width=76) (actual time=0.664..0.665 rows=1 loops=1)
         ->  Limit  (cost=165745.69..165745.69 rows=1 width=84) (actual time=0.662..0.662 rows=1 loops=1)
               ->  Sort  (cost=165745.69..165745.69 rows=1 width=84) (actual time=0.660..0.660 rows=1 loops=1)
                     Sort Key: (st_distance(st_transform(s_3279.the_geom, 25833), '0101000020E9640000473D0328FEDF23415DE88FA8C80C5741'::geometry))
                     Sort Method: top-N heapsort  Memory: 25kB
                     ->  Seq Scan on phoml_trajectory_tmp s_3279  (cost=0.00..165745.68 rows=1 width=84) (actual time=0.038..0.594 rows=480 loops=1)
                           Filter: ((unix_time >= '1685451464.247'::double precision) AND (unix_time <= '1685451524.247'::double precision) AND st_dwithin(st_transform(the_geom, 25833), '0101000020E9640000473D0328FEDF23415DE88FA8C80C5741'::geometry, '300'::double precision))
                           Rows Removed by Filter: 3180
   ->  Subquery Scan on "*SELECT* 3281"  (cost=165745.69..165745.70 rows=1 width=76) (actual time=0.679..0.680 rows=1 loops=1)
         ->  Limit  (cost=165745.69..165745.69 rows=1 width=84) (actual time=0.676..0.676 rows=1 loops=1)
               ->  Sort  (cost=165745.69..165745.69 rows=1 width=84) (actual time=0.674..0.674 rows=1 loops=1)
                     Sort Key: (st_distance(st_transform(s_3280.the_geom, 25833), '0101000020E9640000C1A460F4FFDF234177B20870C70C5741'::geometry))
                     Sort Method: top-N heapsort  Memory: 25kB
                     ->  Seq Scan on phoml_trajectory_tmp s_3280  (cost=0.00..165745.68 rows=1 width=84) (actual time=0.037..0.598 rows=476 loops=1)
                           Filter: ((unix_time >= '1685451464.587'::double precision) AND (unix_time <= '1685451524.587'::double precision) AND st_dwithin(st_transform(the_geom, 25833), '0101000020E9640000C1A460F4FFDF234177B20870C70C5741'::geometry, '300'::double precision))
                           Rows Removed by Filter: 3184
   ->  Subquery Scan on "*SELECT* 3282"  (cost=165745.69..165745.70 rows=1 width=76) (actual time=0.699..0.700 rows=1 loops=1)
         ->  Limit  (cost=165745.69..165745.69 rows=1 width=84) (actual time=0.696..0.696 rows=1 loops=1)
               ->  Sort  (cost=165745.69..165745.69 rows=1 width=84) (actual time=0.694..0.694 rows=1 loops=1)
                     Sort Key: (st_distance(st_transform(s_3281.the_geom, 25833), '0101000020E9640000C96F449A01E0234179D5D137C60C5741'::geometry))
                     Sort Method: top-N heapsort  Memory: 25kB
                     ->  Seq Scan on phoml_trajectory_tmp s_3281  (cost=0.00..165745.68 rows=1 width=84) (actual time=0.035..0.627 rows=480 loops=1)
                           Filter: ((unix_time >= '1685451464.927'::double precision) AND (unix_time <= '1685451524.927'::double precision) AND st_dwithin(st_transform(the_geom, 25833), '0101000020E9640000C96F449A01E0234179D5D137C60C5741'::geometry, '300'::double precision))
                           Rows Removed by Filter: 3180
   ->  Subquery Scan on "*SELECT* 3283"  (cost=165745.69..165745.70 rows=1 width=76) (actual time=0.712..0.713 rows=1 loops=1)
         ->  Limit  (cost=165745.69..165745.69 rows=1 width=84) (actual time=0.708..0.708 rows=1 loops=1)
               ->  Sort  (cost=165745.69..165745.69 rows=1 width=84) (actual time=0.706..0.706 rows=1 loops=1)
                     Sort Key: (st_distance(st_transform(s_3282.the_geom, 25833), '0101000020E96400009AF9473E03E02341BC9A4300C50C5741'::geometry))
                     Sort Method: top-N heapsort  Memory: 25kB
                     ->  Seq Scan on phoml_trajectory_tmp s_3282  (cost=0.00..165745.68 rows=1 width=84) (actual time=0.038..0.623 rows=476 loops=1)
                           Filter: ((unix_time >= '1685451465.274'::double precision) AND (unix_time <= '1685451525.274'::double precision) AND st_dwithin(st_transform(the_geom, 25833), '0101000020E96400009AF9473E03E02341BC9A4300C50C5741'::geometry, '300'::double precision))
                           Rows Removed by Filter: 3184
   ->  Subquery Scan on "*SELECT* 3284"  (cost=165745.69..165745.70 rows=1 width=76) (actual time=0.705..0.706 rows=1 loops=1)
         ->  Limit  (cost=165745.69..165745.69 rows=1 width=84) (actual time=0.702..0.703 rows=1 loops=1)
               ->  Sort  (cost=165745.69..165745.69 rows=1 width=84) (actual time=0.700..0.700 rows=1 loops=1)
                     Sort Key: (st_distance(st_transform(s_3283.the_geom, 25833), '0101000020E964000019C6A8CA04E02341B1B988BAC30C5741'::geometry))
                     Sort Method: top-N heapsort  Memory: 25kB
                     ->  Seq Scan on phoml_trajectory_tmp s_3283  (cost=0.00..165745.68 rows=1 width=84) (actual time=0.052..0.632 rows=480 loops=1)
                           Filter: ((unix_time >= '1685451465.634'::double precision) AND (unix_time <= '1685451525.634'::double precision) AND st_dwithin(st_transform(the_geom, 25833), '0101000020E964000019C6A8CA04E02341B1B988BAC30C5741'::geometry, '300'::double precision))
                           Rows Removed by Filter: 3180
   ->  Subquery Scan on "*SELECT* 3285"  (cost=165745.69..165745.70 rows=1 width=76) (actual time=0.693..0.695 rows=1 loops=1)
         ->  Limit  (cost=165745.69..165745.69 rows=1 width=84) (actual time=0.690..0.691 rows=1 loops=1)
               ->  Sort  (cost=165745.69..165745.69 rows=1 width=84) (actual time=0.688..0.689 rows=1 loops=1)
                     Sort Key: (st_distance(st_transform(s_3284.the_geom, 25833), '0101000020E9640000BE927E2706E0234144280D85C20C5741'::geometry))
                     Sort Method: top-N heapsort  Memory: 25kB
                     ->  Seq Scan on phoml_trajectory_tmp s_3284  (cost=0.00..165745.68 rows=1 width=84) (actual time=0.040..0.621 rows=480 loops=1)
                           Filter: ((unix_time >= '1685451465.974'::double precision) AND (unix_time <= '1685451525.974'::double precision) AND st_dwithin(st_transform(the_geom, 25833), '0101000020E9640000BE927E2706E0234144280D85C20C5741'::geometry, '300'::double precision))
                           Rows Removed by Filter: 3180
   ->  Subquery Scan on "*SELECT* 3286"  (cost=165745.69..165745.70 rows=1 width=76) (actual time=0.719..0.721 rows=1 loops=1)
         ->  Limit  (cost=165745.69..165745.69 rows=1 width=84) (actual time=0.715..0.715 rows=1 loops=1)
               ->  Sort  (cost=165745.69..165745.69 rows=1 width=84) (actual time=0.713..0.713 rows=1 loops=1)
                     Sort Key: (st_distance(st_transform(s_3285.the_geom, 25833), '0101000020E9640000501F199E07E02341166FA347C10C5741'::geometry))
                     Sort Method: top-N heapsort  Memory: 25kB
                     ->  Seq Scan on phoml_trajectory_tmp s_3285  (cost=0.00..165745.68 rows=1 width=84) (actual time=0.039..0.643 rows=480 loops=1)
                           Filter: ((unix_time >= '1685451466.319'::double precision) AND (unix_time <= '1685451526.319'::double precision) AND st_dwithin(st_transform(the_geom, 25833), '0101000020E9640000501F199E07E02341166FA347C10C5741'::geometry, '300'::double precision))
                           Rows Removed by Filter: 3180
   ->  Subquery Scan on "*SELECT* 3287"  (cost=165745.69..165745.70 rows=1 width=76) (actual time=0.680..0.681 rows=1 loops=1)
         ->  Limit  (cost=165745.69..165745.69 rows=1 width=84) (actual time=0.677..0.678 rows=1 loops=1)
               ->  Sort  (cost=165745.69..165745.69 rows=1 width=84) (actual time=0.675..0.675 rows=1 loops=1)
                     Sort Key: (st_distance(st_transform(s_3286.the_geom, 25833), '0101000020E96400004B3638DF08E0234187174C19C00C5741'::geometry))
                     Sort Method: top-N heapsort  Memory: 25kB
                     ->  Seq Scan on phoml_trajectory_tmp s_3286  (cost=0.00..165745.68 rows=1 width=84) (actual time=0.038..0.606 rows=480 loops=1)
                           Filter: ((unix_time >= '1685451466.649'::double precision) AND (unix_time <= '1685451526.649'::double precision) AND st_dwithin(st_transform(the_geom, 25833), '0101000020E96400004B3638DF08E0234187174C19C00C5741'::geometry, '300'::double precision))
                           Rows Removed by Filter: 3180
   ->  Subquery Scan on "*SELECT* 3288"  (cost=165745.69..165745.70 rows=1 width=76) (actual time=0.669..0.670 rows=1 loops=1)
         ->  Limit  (cost=165745.69..165745.69 rows=1 width=84) (actual time=0.666..0.667 rows=1 loops=1)
               ->  Sort  (cost=165745.69..165745.69 rows=1 width=84) (actual time=0.665..0.665 rows=1 loops=1)
                     Sort Key: (st_distance(st_transform(s_3287.the_geom, 25833), '0101000020E96400009FCED3630AE02341620EA7DBBE0C5741'::geometry))
                     Sort Method: top-N heapsort  Memory: 25kB
                     ->  Seq Scan on phoml_trajectory_tmp s_3287  (cost=0.00..165745.68 rows=1 width=84) (actual time=0.050..0.600 rows=476 loops=1)
                           Filter: ((unix_time >= '1685451466.989'::double precision) AND (unix_time <= '1685451526.989'::double precision) AND st_dwithin(st_transform(the_geom, 25833), '0101000020E96400009FCED3630AE02341620EA7DBBE0C5741'::geometry, '300'::double precision))
                           Rows Removed by Filter: 3184
   ->  Subquery Scan on "*SELECT* 3289"  (cost=165745.69..165745.70 rows=1 width=76) (actual time=0.681..0.683 rows=1 loops=1)
         ->  Limit  (cost=165745.69..165745.69 rows=1 width=84) (actual time=0.678..0.679 rows=1 loops=1)
               ->  Sort  (cost=165745.69..165745.69 rows=1 width=84) (actual time=0.676..0.676 rows=1 loops=1)
                     Sort Key: (st_distance(st_transform(s_3288.the_geom, 25833), '0101000020E96400009AB447E30BE02341559159A3BD0C5741'::geometry))
                     Sort Method: top-N heapsort  Memory: 25kB
                     ->  Seq Scan on phoml_trajectory_tmp s_3288  (cost=0.00..165745.68 rows=1 width=84) (actual time=0.039..0.609 rows=480 loops=1)
                           Filter: ((unix_time >= '1685451467.323'::double precision) AND (unix_time <= '1685451527.323'::double precision) AND st_dwithin(st_transform(the_geom, 25833), '0101000020E96400009AB447E30BE02341559159A3BD0C5741'::geometry, '300'::double precision))
                           Rows Removed by Filter: 3180
   ->  Subquery Scan on "*SELECT* 3290"  (cost=165745.69..165745.70 rows=1 width=76) (actual time=0.706..0.706 rows=1 loops=1)
         ->  Limit  (cost=165745.69..165745.69 rows=1 width=84) (actual time=0.702..0.702 rows=1 loops=1)
               ->  Sort  (cost=165745.69..165745.69 rows=1 width=84) (actual time=0.700..0.700 rows=1 loops=1)
                     Sort Key: (st_distance(st_transform(s_3289.the_geom, 25833), '0101000020E9640000CE1F77420DE023414D43715EBC0C5741'::geometry))
                     Sort Method: top-N heapsort  Memory: 25kB
                     ->  Seq Scan on phoml_trajectory_tmp s_3289  (cost=0.00..165745.68 rows=1 width=84) (actual time=0.037..0.633 rows=476 loops=1)
                           Filter: ((unix_time >= '1685451467.673'::double precision) AND (unix_time <= '1685451527.673'::double precision) AND st_dwithin(st_transform(the_geom, 25833), '0101000020E9640000CE1F77420DE023414D43715EBC0C5741'::geometry, '300'::double precision))
                           Rows Removed by Filter: 3184
   ->  Subquery Scan on "*SELECT* 3291"  (cost=165745.69..165745.70 rows=1 width=76) (actual time=0.664..0.665 rows=1 loops=1)
         ->  Limit  (cost=165745.69..165745.69 rows=1 width=84) (actual time=0.662..0.662 rows=1 loops=1)
               ->  Sort  (cost=165745.69..165745.69 rows=1 width=84) (actual time=0.660..0.660 rows=1 loops=1)
                     Sort Key: (st_distance(st_transform(s_3290.the_geom, 25833), '0101000020E964000063C963D00EE0234162A8AA2CBB0C5741'::geometry))
                     Sort Method: top-N heapsort  Memory: 25kB
                     ->  Seq Scan on phoml_trajectory_tmp s_3290  (cost=0.00..165745.68 rows=1 width=84) (actual time=0.037..0.591 rows=480 loops=1)
                           Filter: ((unix_time >= '1685451467.993'::double precision) AND (unix_time <= '1685451527.993'::double precision) AND st_dwithin(st_transform(the_geom, 25833), '0101000020E964000063C963D00EE0234162A8AA2CBB0C5741'::geometry, '300'::double precision))
                           Rows Removed by Filter: 3180
   ->  Subquery Scan on "*SELECT* 3292"  (cost=165745.69..165745.70 rows=1 width=76) (actual time=0.676..0.677 rows=1 loops=1)
         ->  Limit  (cost=165745.69..165745.69 rows=1 width=84) (actual time=0.673..0.674 rows=1 loops=1)
               ->  Sort  (cost=165745.69..165745.69 rows=1 width=84) (actual time=0.670..0.671 rows=1 loops=1)
                     Sort Key: (st_distance(st_transform(s_3291.the_geom, 25833), '0101000020E9640000F4743A6210E023418B3330E0B90C5741'::geometry))
                     Sort Method: top-N heapsort  Memory: 25kB
                     ->  Seq Scan on phoml_trajectory_tmp s_3291  (cost=0.00..165745.68 rows=1 width=84) (actual time=0.036..0.604 rows=476 loops=1)
                           Filter: ((unix_time >= '1685451468.344'::double precision) AND (unix_time <= '1685451528.344'::double precision) AND st_dwithin(st_transform(the_geom, 25833), '0101000020E9640000F4743A6210E023418B3330E0B90C5741'::geometry, '300'::double precision))
                           Rows Removed by Filter: 3184
   ->  Subquery Scan on "*SELECT* 3293"  (cost=165745.69..165745.70 rows=1 width=76) (actual time=0.672..0.673 rows=1 loops=1)
         ->  Limit  (cost=165745.69..165745.69 rows=1 width=84) (actual time=0.668..0.669 rows=1 loops=1)
               ->  Sort  (cost=165745.69..165745.69 rows=1 width=84) (actual time=0.666..0.667 rows=1 loops=1)
                     Sort Key: (st_distance(st_transform(s_3292.the_geom, 25833), '0101000020E9640000F42FE6DD11E0234122F142AFB80C5741'::geometry))
                     Sort Method: top-N heapsort  Memory: 25kB
                     ->  Seq Scan on phoml_trajectory_tmp s_3292  (cost=0.00..165745.68 rows=1 width=84) (actual time=0.043..0.601 rows=480 loops=1)
                           Filter: ((unix_time >= '1685451468.664'::double precision) AND (unix_time <= '1685451528.664'::double precision) AND st_dwithin(st_transform(the_geom, 25833), '0101000020E9640000F42FE6DD11E0234122F142AFB80C5741'::geometry, '300'::double precision))
                           Rows Removed by Filter: 3180
   ->  Subquery Scan on "*SELECT* 3294"  (cost=165745.69..165745.70 rows=1 width=76) (actual time=0.660..0.661 rows=1 loops=1)
         ->  Limit  (cost=165745.69..165745.69 rows=1 width=84) (actual time=0.658..0.659 rows=1 loops=1)
               ->  Sort  (cost=165745.69..165745.69 rows=1 width=84) (actual time=0.656..0.657 rows=1 loops=1)
                     Sort Key: (st_distance(st_transform(s_3293.the_geom, 25833), '0101000020E96400003BA2E35B13E023414F443970B70C5741'::geometry))
                     Sort Method: top-N heapsort  Memory: 25kB
                     ->  Seq Scan on phoml_trajectory_tmp s_3293  (cost=0.00..165745.68 rows=1 width=84) (actual time=0.037..0.591 rows=480 loops=1)
                           Filter: ((unix_time >= '1685451468.994'::double precision) AND (unix_time <= '1685451528.994'::double precision) AND st_dwithin(st_transform(the_geom, 25833), '0101000020E96400003BA2E35B13E023414F443970B70C5741'::geometry, '300'::double precision))
                           Rows Removed by Filter: 3180
   ->  Subquery Scan on "*SELECT* 3295"  (cost=165745.69..165745.70 rows=1 width=76) (actual time=0.696..0.697 rows=1 loops=1)
         ->  Limit  (cost=165745.69..165745.69 rows=1 width=84) (actual time=0.692..0.693 rows=1 loops=1)
               ->  Sort  (cost=165745.69..165745.69 rows=1 width=84) (actual time=0.690..0.691 rows=1 loops=1)
                     Sort Key: (st_distance(st_transform(s_3294.the_geom, 25833), '0101000020E9640000507659D314E0234137BB6631B60C5741'::geometry))
                     Sort Method: top-N heapsort  Memory: 25kB
                     ->  Seq Scan on phoml_trajectory_tmp s_3294  (cost=0.00..165745.68 rows=1 width=84) (actual time=0.037..0.623 rows=480 loops=1)
                           Filter: ((unix_time >= '1685451469.32'::double precision) AND (unix_time <= '1685451529.32'::double precision) AND st_dwithin(st_transform(the_geom, 25833), '0101000020E9640000507659D314E0234137BB6631B60C5741'::geometry, '300'::double precision))
                           Rows Removed by Filter: 3180
   ->  Subquery Scan on "*SELECT* 3296"  (cost=165745.69..165745.70 rows=1 width=76) (actual time=0.673..0.674 rows=1 loops=1)
         ->  Limit  (cost=165745.69..165745.69 rows=1 width=84) (actual time=0.669..0.670 rows=1 loops=1)
               ->  Sort  (cost=165745.69..165745.69 rows=1 width=84) (actual time=0.667..0.667 rows=1 loops=1)
                     Sort Key: (st_distance(st_transform(s_3295.the_geom, 25833), '0101000020E9640000AD3F0C7E16E0234186EC01F2B40C5741'::geometry))
                     Sort Method: top-N heapsort  Memory: 25kB
                     ->  Seq Scan on phoml_trajectory_tmp s_3295  (cost=0.00..165745.68 rows=1 width=84) (actual time=0.039..0.600 rows=480 loops=1)
                           Filter: ((unix_time >= '1685451469.65'::double precision) AND (unix_time <= '1685451529.65'::double precision) AND st_dwithin(st_transform(the_geom, 25833), '0101000020E9640000AD3F0C7E16E0234186EC01F2B40C5741'::geometry, '300'::double precision))
                           Rows Removed by Filter: 3180
   ->  Subquery Scan on "*SELECT* 3297"  (cost=165745.69..165745.70 rows=1 width=76) (actual time=0.666..0.666 rows=1 loops=1)
         ->  Limit  (cost=165745.69..165745.69 rows=1 width=84) (actual time=0.662..0.663 rows=1 loops=1)
               ->  Sort  (cost=165745.69..165745.69 rows=1 width=84) (actual time=0.659..0.660 rows=1 loops=1)
                     Sort Key: (st_distance(st_transform(s_3296.the_geom, 25833), '0101000020E9640000DAC60F0E18E023419F9630B9B30C5741'::geometry))
                     Sort Method: top-N heapsort  Memory: 25kB
                     ->  Seq Scan on phoml_trajectory_tmp s_3296  (cost=0.00..165745.68 rows=1 width=84) (actual time=0.038..0.594 rows=476 loops=1)
                           Filter: ((unix_time >= '1685451469.97'::double precision) AND (unix_time <= '1685451529.97'::double precision) AND st_dwithin(st_transform(the_geom, 25833), '0101000020E9640000DAC60F0E18E023419F9630B9B30C5741'::geometry, '300'::double precision))
                           Rows Removed by Filter: 3184
   ->  Subquery Scan on "*SELECT* 3298"  (cost=165745.69..165745.70 rows=1 width=76) (actual time=0.691..0.692 rows=1 loops=1)
         ->  Limit  (cost=165745.69..165745.69 rows=1 width=84) (actual time=0.686..0.687 rows=1 loops=1)
               ->  Sort  (cost=165745.69..165745.69 rows=1 width=84) (actual time=0.684..0.685 rows=1 loops=1)
                     Sort Key: (st_distance(st_transform(s_3297.the_geom, 25833), '0101000020E96400001B4C49AD19E023419BA0C67FB20C5741'::geometry))
                     Sort Method: top-N heapsort  Memory: 25kB
                     ->  Seq Scan on phoml_trajectory_tmp s_3297  (cost=0.00..165745.68 rows=1 width=84) (actual time=0.044..0.607 rows=480 loops=1)
                           Filter: ((unix_time >= '1685451470.292'::double precision) AND (unix_time <= '1685451530.292'::double precision) AND st_dwithin(st_transform(the_geom, 25833), '0101000020E96400001B4C49AD19E023419BA0C67FB20C5741'::geometry, '300'::double precision))
                           Rows Removed by Filter: 3180
   ->  Subquery Scan on "*SELECT* 3299"  (cost=165745.69..165745.70 rows=1 width=76) (actual time=0.679..0.680 rows=1 loops=1)
         ->  Limit  (cost=165745.69..165745.69 rows=1 width=84) (actual time=0.676..0.677 rows=1 loops=1)
               ->  Sort  (cost=165745.69..165745.69 rows=1 width=84) (actual time=0.674..0.675 rows=1 loops=1)
                     Sort Key: (st_distance(st_transform(s_3298.the_geom, 25833), '0101000020E9640000A8AB24811BE02341AA80913EB10C5741'::geometry))
                     Sort Method: top-N heapsort  Memory: 25kB
                     ->  Seq Scan on phoml_trajectory_tmp s_3298  (cost=0.00..165745.68 rows=1 width=84) (actual time=0.036..0.609 rows=480 loops=1)
                           Filter: ((unix_time >= '1685451470.612'::double precision) AND (unix_time <= '1685451530.612'::double precision) AND st_dwithin(st_transform(the_geom, 25833), '0101000020E9640000A8AB24811BE02341AA80913EB10C5741'::geometry, '300'::double precision))
                           Rows Removed by Filter: 3180
   ->  Subquery Scan on "*SELECT* 3300"  (cost=165745.69..165745.70 rows=1 width=76) (actual time=0.651..0.652 rows=1 loops=1)
         ->  Limit  (cost=165745.69..165745.69 rows=1 width=84) (actual time=0.648..0.649 rows=1 loops=1)
               ->  Sort  (cost=165745.69..165745.69 rows=1 width=84) (actual time=0.646..0.647 rows=1 loops=1)
                     Sort Key: (st_distance(st_transform(s_3299.the_geom, 25833), '0101000020E9640000107621261DE0234133ACEB04B00C5741'::geometry))
                     Sort Method: top-N heapsort  Memory: 25kB
                     ->  Seq Scan on phoml_trajectory_tmp s_3299  (cost=0.00..165745.68 rows=1 width=84) (actual time=0.037..0.581 rows=480 loops=1)
                           Filter: ((unix_time >= '1685451470.932'::double precision) AND (unix_time <= '1685451530.932'::double precision) AND st_dwithin(st_transform(the_geom, 25833), '0101000020E9640000107621261DE0234133ACEB04B00C5741'::geometry, '300'::double precision))
                           Rows Removed by Filter: 3180
   ->  Subquery Scan on "*SELECT* 3301"  (cost=165745.69..165745.70 rows=1 width=76) (actual time=0.689..0.691 rows=1 loops=1)
         ->  Limit  (cost=165745.69..165745.69 rows=1 width=84) (actual time=0.687..0.688 rows=1 loops=1)
               ->  Sort  (cost=165745.69..165745.69 rows=1 width=84) (actual time=0.685..0.685 rows=1 loops=1)
                     Sort Key: (st_distance(st_transform(s_3300.the_geom, 25833), '0101000020E9640000A9BD12DC1EE02341903405C5AE0C5741'::geometry))
                     Sort Method: top-N heapsort  Memory: 25kB
                     ->  Seq Scan on phoml_trajectory_tmp s_3300  (cost=0.00..165745.68 rows=1 width=84) (actual time=0.055..0.617 rows=476 loops=1)
                           Filter: ((unix_time >= '1685451471.265'::double precision) AND (unix_time <= '1685451531.265'::double precision) AND st_dwithin(st_transform(the_geom, 25833), '0101000020E9640000A9BD12DC1EE02341903405C5AE0C5741'::geometry, '300'::double precision))
                           Rows Removed by Filter: 3184
   ->  Subquery Scan on "*SELECT* 3302"  (cost=165745.69..165745.70 rows=1 width=76) (actual time=0.746..0.747 rows=1 loops=1)
         ->  Limit  (cost=165745.69..165745.69 rows=1 width=84) (actual time=0.739..0.740 rows=1 loops=1)
               ->  Sort  (cost=165745.69..165745.69 rows=1 width=84) (actual time=0.737..0.737 rows=1 loops=1)
                     Sort Key: (st_distance(st_transform(s_3301.the_geom, 25833), '0101000020E9640000E709429520E02341A3D9FE84AD0C5741'::geometry))
                     Sort Method: top-N heapsort  Memory: 25kB
                     ->  Seq Scan on phoml_trajectory_tmp s_3301  (cost=0.00..165745.68 rows=1 width=84) (actual time=0.036..0.668 rows=480 loops=1)
                           Filter: ((unix_time >= '1685451471.595'::double precision) AND (unix_time <= '1685451531.595'::double precision) AND st_dwithin(st_transform(the_geom, 25833), '0101000020E9640000E709429520E02341A3D9FE84AD0C5741'::geometry, '300'::double precision))
                           Rows Removed by Filter: 3180
   ->  Subquery Scan on "*SELECT* 3303"  (cost=165745.69..165745.70 rows=1 width=76) (actual time=0.688..0.690 rows=1 loops=1)
         ->  Limit  (cost=165745.69..165745.69 rows=1 width=84) (actual time=0.685..0.685 rows=1 loops=1)
               ->  Sort  (cost=165745.69..165745.69 rows=1 width=84) (actual time=0.682..0.682 rows=1 loops=1)
                     Sort Key: (st_distance(st_transform(s_3302.the_geom, 25833), '0101000020E96400002B61185022E02341013AED44AC0C5741'::geometry))
                     Sort Method: top-N heapsort  Memory: 25kB
                     ->  Seq Scan on phoml_trajectory_tmp s_3302  (cost=0.00..165745.68 rows=1 width=84) (actual time=0.043..0.615 rows=476 loops=1)
                           Filter: ((unix_time >= '1685451471.925'::double precision) AND (unix_time <= '1685451531.925'::double precision) AND st_dwithin(st_transform(the_geom, 25833), '0101000020E96400002B61185022E02341013AED44AC0C5741'::geometry, '300'::double precision))
                           Rows Removed by Filter: 3184
   ->  Subquery Scan on "*SELECT* 3304"  (cost=165745.69..165745.70 rows=1 width=76) (actual time=0.661..0.662 rows=1 loops=1)
         ->  Limit  (cost=165745.69..165745.69 rows=1 width=84) (actual time=0.659..0.660 rows=1 loops=1)
               ->  Sort  (cost=165745.69..165745.69 rows=1 width=84) (actual time=0.657..0.657 rows=1 loops=1)
                     Sort Key: (st_distance(st_transform(s_3303.the_geom, 25833), '0101000020E9640000DD789DF423E023418285CE0CAB0C5741'::geometry))
                     Sort Method: top-N heapsort  Memory: 25kB
                     ->  Seq Scan on phoml_trajectory_tmp s_3303  (cost=0.00..165745.68 rows=1 width=84) (actual time=0.039..0.590 rows=480 loops=1)
                           Filter: ((unix_time >= '1685451472.249'::double precision) AND (unix_time <= '1685451532.249'::double precision) AND st_dwithin(st_transform(the_geom, 25833), '0101000020E9640000DD789DF423E023418285CE0CAB0C5741'::geometry, '300'::double precision))
                           Rows Removed by Filter: 3180
   ->  Subquery Scan on "*SELECT* 3305"  (cost=165745.69..165745.70 rows=1 width=76) (actual time=0.681..0.682 rows=1 loops=1)
         ->  Limit  (cost=165745.69..165745.69 rows=1 width=84) (actual time=0.677..0.678 rows=1 loops=1)
               ->  Sort  (cost=165745.69..165745.69 rows=1 width=84) (actual time=0.675..0.675 rows=1 loops=1)
                     Sort Key: (st_distance(st_transform(s_3304.the_geom, 25833), '0101000020E9640000AFD88DA325E02341B4E736CDA90C5741'::geometry))
                     Sort Method: top-N heapsort  Memory: 25kB
                     ->  Seq Scan on phoml_trajectory_tmp s_3304  (cost=0.00..165745.68 rows=1 width=84) (actual time=0.039..0.608 rows=476 loops=1)
                           Filter: ((unix_time >= '1685451472.579'::double precision) AND (unix_time <= '1685451532.579'::double precision) AND st_dwithin(st_transform(the_geom, 25833), '0101000020E9640000AFD88DA325E02341B4E736CDA90C5741'::geometry, '300'::double precision))
                           Rows Removed by Filter: 3184
   ->  Subquery Scan on "*SELECT* 3306"  (cost=165745.69..165745.70 rows=1 width=76) (actual time=0.711..0.712 rows=1 loops=1)
         ->  Limit  (cost=165745.69..165745.69 rows=1 width=84) (actual time=0.708..0.708 rows=1 loops=1)
               ->  Sort  (cost=165745.69..165745.69 rows=1 width=84) (actual time=0.705..0.706 rows=1 loops=1)
                     Sort Key: (st_distance(st_transform(s_3305.the_geom, 25833), '0101000020E9640000BD70FE8327E02341ECF32394A80C5741'::geometry))
                     Sort Method: top-N heapsort  Memory: 25kB
                     ->  Seq Scan on phoml_trajectory_tmp s_3305  (cost=0.00..165745.68 rows=1 width=84) (actual time=0.038..0.636 rows=480 loops=1)
                           Filter: ((unix_time >= '1685451472.909'::double precision) AND (unix_time <= '1685451532.909'::double precision) AND st_dwithin(st_transform(the_geom, 25833), '0101000020E9640000BD70FE8327E02341ECF32394A80C5741'::geometry, '300'::double precision))
                           Rows Removed by Filter: 3180
   ->  Subquery Scan on "*SELECT* 3307"  (cost=165745.69..165745.70 rows=1 width=76) (actual time=0.722..0.723 rows=1 loops=1)
         ->  Limit  (cost=165745.69..165745.69 rows=1 width=84) (actual time=0.712..0.713 rows=1 loops=1)
               ->  Sort  (cost=165745.69..165745.69 rows=1 width=84) (actual time=0.710..0.710 rows=1 loops=1)
                     Sort Key: (st_distance(st_transform(s_3306.the_geom, 25833), '0101000020E964000044D91B1E29E023410C8A6D55A70C5741'::geometry))
                     Sort Method: top-N heapsort  Memory: 25kB
                     ->  Seq Scan on phoml_trajectory_tmp s_3306  (cost=0.00..165745.68 rows=1 width=84) (actual time=0.039..0.643 rows=476 loops=1)
                           Filter: ((unix_time >= '1685451473.242'::double precision) AND (unix_time <= '1685451533.242'::double precision) AND st_dwithin(st_transform(the_geom, 25833), '0101000020E964000044D91B1E29E023410C8A6D55A70C5741'::geometry, '300'::double precision))
                           Rows Removed by Filter: 3184
   ->  Subquery Scan on "*SELECT* 3308"  (cost=165745.69..165745.70 rows=1 width=76) (actual time=0.744..0.745 rows=1 loops=1)
         ->  Limit  (cost=165745.69..165745.69 rows=1 width=84) (actual time=0.741..0.742 rows=1 loops=1)
               ->  Sort  (cost=165745.69..165745.69 rows=1 width=84) (actual time=0.738..0.738 rows=1 loops=1)
                     Sort Key: (st_distance(st_transform(s_3307.the_geom, 25833), '0101000020E964000061B46FE62AE02341CCC0D71BA60C5741'::geometry))
                     Sort Method: top-N heapsort  Memory: 25kB
                     ->  Seq Scan on phoml_trajectory_tmp s_3307  (cost=0.00..165745.68 rows=1 width=84) (actual time=0.061..0.650 rows=476 loops=1)
                           Filter: ((unix_time >= '1685451473.572'::double precision) AND (unix_time <= '1685451533.572'::double precision) AND st_dwithin(st_transform(the_geom, 25833), '0101000020E964000061B46FE62AE02341CCC0D71BA60C5741'::geometry, '300'::double precision))
                           Rows Removed by Filter: 3184
   ->  Subquery Scan on "*SELECT* 3309"  (cost=165745.69..165745.70 rows=1 width=76) (actual time=0.688..0.689 rows=1 loops=1)
         ->  Limit  (cost=165745.69..165745.69 rows=1 width=84) (actual time=0.684..0.685 rows=1 loops=1)
               ->  Sort  (cost=165745.69..165745.69 rows=1 width=84) (actual time=0.682..0.683 rows=1 loops=1)
                     Sort Key: (st_distance(st_transform(s_3308.the_geom, 25833), '0101000020E96400008D6651A92CE023415968E9D5A40C5741'::geometry))
                     Sort Method: top-N heapsort  Memory: 25kB
                     ->  Seq Scan on phoml_trajectory_tmp s_3308  (cost=0.00..165745.68 rows=1 width=84) (actual time=0.040..0.615 rows=476 loops=1)
                           Filter: ((unix_time >= '1685451473.912'::double precision) AND (unix_time <= '1685451533.912'::double precision) AND st_dwithin(st_transform(the_geom, 25833), '0101000020E96400008D6651A92CE023415968E9D5A40C5741'::geometry, '300'::double precision))
                           Rows Removed by Filter: 3184
   ->  Subquery Scan on "*SELECT* 3310"  (cost=165745.69..165745.70 rows=1 width=76) (actual time=0.683..0.685 rows=1 loops=1)
         ->  Limit  (cost=165745.69..165745.69 rows=1 width=84) (actual time=0.680..0.680 rows=1 loops=1)
               ->  Sort  (cost=165745.69..165745.69 rows=1 width=84) (actual time=0.677..0.678 rows=1 loops=1)
                     Sort Key: (st_distance(st_transform(s_3309.the_geom, 25833), '0101000020E964000095056E4D2EE023412EE8D79DA30C5741'::geometry))
                     Sort Method: top-N heapsort  Memory: 25kB
                     ->  Seq Scan on phoml_trajectory_tmp s_3309  (cost=0.00..165745.68 rows=1 width=84) (actual time=0.039..0.609 rows=476 loops=1)
                           Filter: ((unix_time >= '1685451474.245'::double precision) AND (unix_time <= '1685451534.245'::double precision) AND st_dwithin(st_transform(the_geom, 25833), '0101000020E964000095056E4D2EE023412EE8D79DA30C5741'::geometry, '300'::double precision))
                           Rows Removed by Filter: 3184
   ->  Subquery Scan on "*SELECT* 3311"  (cost=165745.69..165745.70 rows=1 width=76) (actual time=0.669..0.670 rows=1 loops=1)
         ->  Limit  (cost=165745.69..165745.69 rows=1 width=84) (actual time=0.667..0.668 rows=1 loops=1)
               ->  Sort  (cost=165745.69..165745.69 rows=1 width=84) (actual time=0.665..0.666 rows=1 loops=1)
                     Sort Key: (st_distance(st_transform(s_3310.the_geom, 25833), '0101000020E964000019494D2230E02341D050335EA20C5741'::geometry))
                     Sort Method: top-N heapsort  Memory: 25kB
                     ->  Seq Scan on phoml_trajectory_tmp s_3310  (cost=0.00..165745.68 rows=1 width=84) (actual time=0.038..0.599 rows=476 loops=1)
                           Filter: ((unix_time >= '1685451474.585'::double precision) AND (unix_time <= '1685451534.585'::double precision) AND st_dwithin(st_transform(the_geom, 25833), '0101000020E964000019494D2230E02341D050335EA20C5741'::geometry, '300'::double precision))
                           Rows Removed by Filter: 3184
   ->  Subquery Scan on "*SELECT* 3312"  (cost=165745.69..165745.70 rows=1 width=76) (actual time=0.693..0.694 rows=1 loops=1)
         ->  Limit  (cost=165745.69..165745.69 rows=1 width=84) (actual time=0.689..0.690 rows=1 loops=1)
               ->  Sort  (cost=165745.69..165745.69 rows=1 width=84) (actual time=0.687..0.688 rows=1 loops=1)
                     Sort Key: (st_distance(st_transform(s_3311.the_geom, 25833), '0101000020E96400005C2A81A531E0234160969627A10C5741'::geometry))
                     Sort Method: top-N heapsort  Memory: 25kB
                     ->  Seq Scan on phoml_trajectory_tmp s_3311  (cost=0.00..165745.68 rows=1 width=84) (actual time=0.037..0.621 rows=476 loops=1)
                           Filter: ((unix_time >= '1685451474.925'::double precision) AND (unix_time <= '1685451534.925'::double precision) AND st_dwithin(st_transform(the_geom, 25833), '0101000020E96400005C2A81A531E0234160969627A10C5741'::geometry, '300'::double precision))
                           Rows Removed by Filter: 3184
   ->  Subquery Scan on "*SELECT* 3313"  (cost=165745.69..165745.70 rows=1 width=76) (actual time=0.699..0.700 rows=1 loops=1)
         ->  Limit  (cost=165745.69..165745.69 rows=1 width=84) (actual time=0.696..0.696 rows=1 loops=1)
               ->  Sort  (cost=165745.69..165745.69 rows=1 width=84) (actual time=0.693..0.693 rows=1 loops=1)
                     Sort Key: (st_distance(st_transform(s_3312.the_geom, 25833), '0101000020E9640000B883B03733E02341292C0EF09F0C5741'::geometry))
                     Sort Method: top-N heapsort  Memory: 25kB
                     ->  Seq Scan on phoml_trajectory_tmp s_3312  (cost=0.00..165745.68 rows=1 width=84) (actual time=0.042..0.626 rows=480 loops=1)
                           Filter: ((unix_time >= '1685451475.259'::double precision) AND (unix_time <= '1685451535.259'::double precision) AND st_dwithin(st_transform(the_geom, 25833), '0101000020E9640000B883B03733E02341292C0EF09F0C5741'::geometry, '300'::double precision))
                           Rows Removed by Filter: 3180
   ->  Subquery Scan on "*SELECT* 3314"  (cost=165745.69..165745.70 rows=1 width=76) (actual time=0.678..0.679 rows=1 loops=1)
         ->  Limit  (cost=165745.69..165745.69 rows=1 width=84) (actual time=0.676..0.677 rows=1 loops=1)
               ->  Sort  (cost=165745.69..165745.69 rows=1 width=84) (actual time=0.674..0.674 rows=1 loops=1)
                     Sort Key: (st_distance(st_transform(s_3313.the_geom, 25833), '0101000020E9640000FF80B8D534E0234180C7B1B99E0C5741'::geometry))
                     Sort Method: top-N heapsort  Memory: 25kB
                     ->  Seq Scan on phoml_trajectory_tmp s_3313  (cost=0.00..165745.68 rows=1 width=84) (actual time=0.037..0.606 rows=476 loops=1)
                           Filter: ((unix_time >= '1685451475.599'::double precision) AND (unix_time <= '1685451535.599'::double precision) AND st_dwithin(st_transform(the_geom, 25833), '0101000020E9640000FF80B8D534E0234180C7B1B99E0C5741'::geometry, '300'::double precision))
                           Rows Removed by Filter: 3184
   ->  Subquery Scan on "*SELECT* 3315"  (cost=165745.69..165745.70 rows=1 width=76) (actual time=0.707..0.709 rows=1 loops=1)
         ->  Limit  (cost=165745.69..165745.69 rows=1 width=84) (actual time=0.705..0.706 rows=1 loops=1)
               ->  Sort  (cost=165745.69..165745.69 rows=1 width=84) (actual time=0.703..0.704 rows=1 loops=1)
                     Sort Key: (st_distance(st_transform(s_3314.the_geom, 25833), '0101000020E9640000E53CD66C36E02341BFD019749D0C5741'::geometry))
                     Sort Method: top-N heapsort  Memory: 25kB
                     ->  Seq Scan on phoml_trajectory_tmp s_3314  (cost=0.00..165745.68 rows=1 width=84) (actual time=0.052..0.633 rows=480 loops=1)
                           Filter: ((unix_time >= '1685451475.949'::double precision) AND (unix_time <= '1685451535.949'::double precision) AND st_dwithin(st_transform(the_geom, 25833), '0101000020E9640000E53CD66C36E02341BFD019749D0C5741'::geometry, '300'::double precision))
                           Rows Removed by Filter: 3180
   ->  Subquery Scan on "*SELECT* 3316"  (cost=165745.69..165745.70 rows=1 width=76) (actual time=0.697..0.698 rows=1 loops=1)
         ->  Limit  (cost=165745.69..165745.69 rows=1 width=84) (actual time=0.694..0.694 rows=1 loops=1)
               ->  Sort  (cost=165745.69..165745.69 rows=1 width=84) (actual time=0.691..0.692 rows=1 loops=1)
                     Sort Key: (st_distance(st_transform(s_3315.the_geom, 25833), '0101000020E96400002E774F1838E0234122BBA53B9C0C5741'::geometry))
                     Sort Method: top-N heapsort  Memory: 25kB
                     ->  Seq Scan on phoml_trajectory_tmp s_3315  (cost=0.00..165745.68 rows=1 width=84) (actual time=0.051..0.625 rows=476 loops=1)
                           Filter: ((unix_time >= '1685451476.292'::double precision) AND (unix_time <= '1685451536.292'::double precision) AND st_dwithin(st_transform(the_geom, 25833), '0101000020E96400002E774F1838E0234122BBA53B9C0C5741'::geometry, '300'::double precision))
                           Rows Removed by Filter: 3184
   ->  Subquery Scan on "*SELECT* 3317"  (cost=165745.69..165745.70 rows=1 width=76) (actual time=0.755..0.756 rows=1 loops=1)
         ->  Limit  (cost=165745.69..165745.69 rows=1 width=84) (actual time=0.747..0.749 rows=1 loops=1)
               ->  Sort  (cost=165745.69..165745.69 rows=1 width=84) (actual time=0.745..0.746 rows=1 loops=1)
                     Sort Key: (st_distance(st_transform(s_3316.the_geom, 25833), '0101000020E9640000E4CB5CCD39E0234174C2DF029B0C5741'::geometry))
                     Sort Method: top-N heapsort  Memory: 25kB
                     ->  Seq Scan on phoml_trajectory_tmp s_3316  (cost=0.00..165745.68 rows=1 width=84) (actual time=0.039..0.673 rows=480 loops=1)
                           Filter: ((unix_time >= '1685451476.632'::double precision) AND (unix_time <= '1685451536.632'::double precision) AND st_dwithin(st_transform(the_geom, 25833), '0101000020E9640000E4CB5CCD39E0234174C2DF029B0C5741'::geometry, '300'::double precision))
                           Rows Removed by Filter: 3180
   ->  Subquery Scan on "*SELECT* 3318"  (cost=165745.69..165745.70 rows=1 width=76) (actual time=0.690..0.691 rows=1 loops=1)
         ->  Limit  (cost=165745.69..165745.69 rows=1 width=84) (actual time=0.687..0.688 rows=1 loops=1)
               ->  Sort  (cost=165745.69..165745.69 rows=1 width=84) (actual time=0.685..0.686 rows=1 loops=1)
                     Sort Key: (st_distance(st_transform(s_3317.the_geom, 25833), '0101000020E9640000AF83B2C63BE023419022C2BA990C5741'::geometry))
                     Sort Method: top-N heapsort  Memory: 25kB
                     ->  Seq Scan on phoml_trajectory_tmp s_3317  (cost=0.00..165745.68 rows=1 width=84) (actual time=0.047..0.616 rows=476 loops=1)
                           Filter: ((unix_time >= '1685451476.982'::double precision) AND (unix_time <= '1685451536.982'::double precision) AND st_dwithin(st_transform(the_geom, 25833), '0101000020E9640000AF83B2C63BE023419022C2BA990C5741'::geometry, '300'::double precision))
                           Rows Removed by Filter: 3184
   ->  Subquery Scan on "*SELECT* 3319"  (cost=165745.69..165745.70 rows=1 width=76) (actual time=0.695..0.696 rows=1 loops=1)
         ->  Limit  (cost=165745.69..165745.69 rows=1 width=84) (actual time=0.690..0.691 rows=1 loops=1)
               ->  Sort  (cost=165745.69..165745.69 rows=1 width=84) (actual time=0.686..0.687 rows=1 loops=1)
                     Sort Key: (st_distance(st_transform(s_3318.the_geom, 25833), '0101000020E96400006C2D2D9B3DE02341C6C9C580980C5741'::geometry))
                     Sort Method: top-N heapsort  Memory: 25kB
                     ->  Seq Scan on phoml_trajectory_tmp s_3318  (cost=0.00..165745.68 rows=1 width=84) (actual time=0.046..0.613 rows=480 loops=1)
                           Filter: ((unix_time >= '1685451477.322'::double precision) AND (unix_time <= '1685451537.322'::double precision) AND st_dwithin(st_transform(the_geom, 25833), '0101000020E96400006C2D2D9B3DE02341C6C9C580980C5741'::geometry, '300'::double precision))
                           Rows Removed by Filter: 3180
   ->  Subquery Scan on "*SELECT* 3320"  (cost=165745.69..165745.70 rows=1 width=76) (actual time=0.710..0.711 rows=1 loops=1)
         ->  Limit  (cost=165745.69..165745.69 rows=1 width=84) (actual time=0.706..0.707 rows=1 loops=1)
               ->  Sort  (cost=165745.69..165745.69 rows=1 width=84) (actual time=0.699..0.699 rows=1 loops=1)
                     Sort Key: (st_distance(st_transform(s_3319.the_geom, 25833), '0101000020E96400008E625A7F3FE023418067854E970C5741'::geometry))
                     Sort Method: top-N heapsort  Memory: 25kB
                     ->  Seq Scan on phoml_trajectory_tmp s_3319  (cost=0.00..165745.68 rows=1 width=84) (actual time=0.050..0.622 rows=476 loops=1)
                           Filter: ((unix_time >= '1685451477.662'::double precision) AND (unix_time <= '1685451537.662'::double precision) AND st_dwithin(st_transform(the_geom, 25833), '0101000020E96400008E625A7F3FE023418067854E970C5741'::geometry, '300'::double precision))
                           Rows Removed by Filter: 3184
   ->  Subquery Scan on "*SELECT* 3321"  (cost=165745.69..165745.70 rows=1 width=76) (actual time=0.675..0.676 rows=1 loops=1)
         ->  Limit  (cost=165745.69..165745.69 rows=1 width=84) (actual time=0.673..0.673 rows=1 loops=1)
               ->  Sort  (cost=165745.69..165745.69 rows=1 width=84) (actual time=0.671..0.671 rows=1 loops=1)
                     Sort Key: (st_distance(st_transform(s_3320.the_geom, 25833), '0101000020E964000084B25D6441E0234143C53E07960C5741'::geometry))
                     Sort Method: top-N heapsort  Memory: 25kB
                     ->  Seq Scan on phoml_trajectory_tmp s_3320  (cost=0.00..165745.68 rows=1 width=84) (actual time=0.040..0.603 rows=480 loops=1)
                           Filter: ((unix_time >= '1685451478.012'::double precision) AND (unix_time <= '1685451538.012'::double precision) AND st_dwithin(st_transform(the_geom, 25833), '0101000020E964000084B25D6441E0234143C53E07960C5741'::geometry, '300'::double precision))
                           Rows Removed by Filter: 3180
   ->  Subquery Scan on "*SELECT* 3322"  (cost=165745.69..165745.70 rows=1 width=76) (actual time=0.690..0.691 rows=1 loops=1)
         ->  Limit  (cost=165745.69..165745.69 rows=1 width=84) (actual time=0.688..0.688 rows=1 loops=1)
               ->  Sort  (cost=165745.69..165745.69 rows=1 width=84) (actual time=0.685..0.686 rows=1 loops=1)
                     Sort Key: (st_distance(st_transform(s_3321.the_geom, 25833), '0101000020E9640000AAECB82F43E023418D4717D6940C5741'::geometry))
                     Sort Method: top-N heapsort  Memory: 25kB
                     ->  Seq Scan on phoml_trajectory_tmp s_3321  (cost=0.00..165745.68 rows=1 width=84) (actual time=0.057..0.617 rows=476 loops=1)
                           Filter: ((unix_time >= '1685451478.347'::double precision) AND (unix_time <= '1685451538.347'::double precision) AND st_dwithin(st_transform(the_geom, 25833), '0101000020E9640000AAECB82F43E023418D4717D6940C5741'::geometry, '300'::double precision))
                           Rows Removed by Filter: 3184
   ->  Subquery Scan on "*SELECT* 3323"  (cost=165745.69..165745.70 rows=1 width=76) (actual time=0.697..0.698 rows=1 loops=1)
         ->  Limit  (cost=165745.69..165745.69 rows=1 width=84) (actual time=0.694..0.694 rows=1 loops=1)
               ->  Sort  (cost=165745.69..165745.69 rows=1 width=84) (actual time=0.692..0.692 rows=1 loops=1)
                     Sort Key: (st_distance(st_transform(s_3322.the_geom, 25833), '0101000020E9640000B8656E0A45E023415BC25C96930C5741'::geometry))
                     Sort Method: top-N heapsort  Memory: 25kB
                     ->  Seq Scan on phoml_trajectory_tmp s_3322  (cost=0.00..165745.68 rows=1 width=84) (actual time=0.042..0.624 rows=476 loops=1)
                           Filter: ((unix_time >= '1685451478.687'::double precision) AND (unix_time <= '1685451538.687'::double precision) AND st_dwithin(st_transform(the_geom, 25833), '0101000020E9640000B8656E0A45E023415BC25C96930C5741'::geometry, '300'::double precision))
                           Rows Removed by Filter: 3184
   ->  Subquery Scan on "*SELECT* 3324"  (cost=165745.69..165745.70 rows=1 width=76) (actual time=0.682..0.683 rows=1 loops=1)
         ->  Limit  (cost=165745.69..165745.69 rows=1 width=84) (actual time=0.679..0.680 rows=1 loops=1)
               ->  Sort  (cost=165745.69..165745.69 rows=1 width=84) (actual time=0.676..0.677 rows=1 loops=1)
                     Sort Key: (st_distance(st_transform(s_3323.the_geom, 25833), '0101000020E96400001BC3EEB646E0234195F78A58920C5741'::geometry))
                     Sort Method: top-N heapsort  Memory: 25kB
                     ->  Seq Scan on phoml_trajectory_tmp s_3323  (cost=0.00..165745.68 rows=1 width=84) (actual time=0.039..0.609 rows=476 loops=1)
                           Filter: ((unix_time >= '1685451479.037'::double precision) AND (unix_time <= '1685451539.037'::double precision) AND st_dwithin(st_transform(the_geom, 25833), '0101000020E96400001BC3EEB646E0234195F78A58920C5741'::geometry, '300'::double precision))
                           Rows Removed by Filter: 3184
   ->  Subquery Scan on "*SELECT* 3325"  (cost=165745.69..165745.70 rows=1 width=76) (actual time=0.675..0.676 rows=1 loops=1)
         ->  Limit  (cost=165745.69..165745.69 rows=1 width=84) (actual time=0.672..0.673 rows=1 loops=1)
               ->  Sort  (cost=165745.69..165745.69 rows=1 width=84) (actual time=0.670..0.671 rows=1 loops=1)
                     Sort Key: (st_distance(st_transform(s_3324.the_geom, 25833), '0101000020E9640000FB14156548E02341E710771A910C5741'::geometry))
                     Sort Method: top-N heapsort  Memory: 25kB
                     ->  Seq Scan on phoml_trajectory_tmp s_3324  (cost=0.00..165745.68 rows=1 width=84) (actual time=0.042..0.601 rows=476 loops=1)
                           Filter: ((unix_time >= '1685451479.38'::double precision) AND (unix_time <= '1685451539.38'::double precision) AND st_dwithin(st_transform(the_geom, 25833), '0101000020E9640000FB14156548E02341E710771A910C5741'::geometry, '300'::double precision))
                           Rows Removed by Filter: 3184
   ->  Subquery Scan on "*SELECT* 3326"  (cost=165745.69..165745.70 rows=1 width=76) (actual time=0.703..0.704 rows=1 loops=1)
         ->  Limit  (cost=165745.69..165745.69 rows=1 width=84) (actual time=0.699..0.700 rows=1 loops=1)
               ->  Sort  (cost=165745.69..165745.69 rows=1 width=84) (actual time=0.697..0.698 rows=1 loops=1)
                     Sort Key: (st_distance(st_transform(s_3325.the_geom, 25833), '0101000020E96400008D21EF104AE0234141CD7EEA8F0C5741'::geometry))
                     Sort Method: top-N heapsort  Memory: 25kB
                     ->  Seq Scan on phoml_trajectory_tmp s_3325  (cost=0.00..165745.68 rows=1 width=84) (actual time=0.039..0.630 rows=480 loops=1)
                           Filter: ((unix_time >= '1685451479.71'::double precision) AND (unix_time <= '1685451539.71'::double precision) AND st_dwithin(st_transform(the_geom, 25833), '0101000020E96400008D21EF104AE0234141CD7EEA8F0C5741'::geometry, '300'::double precision))
                           Rows Removed by Filter: 3180
   ->  Subquery Scan on "*SELECT* 3327"  (cost=165745.69..165745.70 rows=1 width=76) (actual time=0.679..0.680 rows=1 loops=1)
         ->  Limit  (cost=165745.69..165745.69 rows=1 width=84) (actual time=0.676..0.676 rows=1 loops=1)
               ->  Sort  (cost=165745.69..165745.69 rows=1 width=84) (actual time=0.674..0.674 rows=1 loops=1)
                     Sort Key: (st_distance(st_transform(s_3326.the_geom, 25833), '0101000020E9640000AB7134D74BE023410C8888AB8E0C5741'::geometry))
                     Sort Method: top-N heapsort  Memory: 25kB
                     ->  Seq Scan on phoml_trajectory_tmp s_3326  (cost=0.00..165745.68 rows=1 width=84) (actual time=0.038..0.607 rows=476 loops=1)
                           Filter: ((unix_time >= '1685451480.05'::double precision) AND (unix_time <= '1685451540.05'::double precision) AND st_dwithin(st_transform(the_geom, 25833), '0101000020E9640000AB7134D74BE023410C8888AB8E0C5741'::geometry, '300'::double precision))
                           Rows Removed by Filter: 3184
   ->  Subquery Scan on "*SELECT* 3328"  (cost=165745.69..165745.70 rows=1 width=76) (actual time=0.674..0.675 rows=1 loops=1)
         ->  Limit  (cost=165745.69..165745.69 rows=1 width=84) (actual time=0.672..0.672 rows=1 loops=1)
               ->  Sort  (cost=165745.69..165745.69 rows=1 width=84) (actual time=0.670..0.670 rows=1 loops=1)
                     Sort Key: (st_distance(st_transform(s_3327.the_geom, 25833), '0101000020E9640000D66202984DE02341939E8D6C8D0C5741'::geometry))
                     Sort Method: top-N heapsort  Memory: 25kB
                     ->  Seq Scan on phoml_trajectory_tmp s_3327  (cost=0.00..165745.68 rows=1 width=84) (actual time=0.039..0.601 rows=480 loops=1)
                           Filter: ((unix_time >= '1685451480.393'::double precision) AND (unix_time <= '1685451540.393'::double precision) AND st_dwithin(st_transform(the_geom, 25833), '0101000020E9640000D66202984DE02341939E8D6C8D0C5741'::geometry, '300'::double precision))
                           Rows Removed by Filter: 3180
   ->  Subquery Scan on "*SELECT* 3329"  (cost=165745.69..165745.70 rows=1 width=76) (actual time=0.692..0.694 rows=1 loops=1)
         ->  Limit  (cost=165745.69..165745.69 rows=1 width=84) (actual time=0.689..0.690 rows=1 loops=1)
               ->  Sort  (cost=165745.69..165745.69 rows=1 width=84) (actual time=0.687..0.688 rows=1 loops=1)
                     Sort Key: (st_distance(st_transform(s_3328.the_geom, 25833), '0101000020E96400000BDE4D6C4FE02341DDEA0A428C0C5741'::geometry))
                     Sort Method: top-N heapsort  Memory: 25kB
                     ->  Seq Scan on phoml_trajectory_tmp s_3328  (cost=0.00..165745.68 rows=1 width=84) (actual time=0.038..0.621 rows=476 loops=1)
                           Filter: ((unix_time >= '1685451480.713'::double precision) AND (unix_time <= '1685451540.713'::double precision) AND st_dwithin(st_transform(the_geom, 25833), '0101000020E96400000BDE4D6C4FE02341DDEA0A428C0C5741'::geometry, '300'::double precision))
                           Rows Removed by Filter: 3184
   ->  Subquery Scan on "*SELECT* 3330"  (cost=165745.69..165745.70 rows=1 width=76) (actual time=0.731..0.732 rows=1 loops=1)
         ->  Limit  (cost=165745.69..165745.69 rows=1 width=84) (actual time=0.727..0.728 rows=1 loops=1)
               ->  Sort  (cost=165745.69..165745.69 rows=1 width=84) (actual time=0.725..0.726 rows=1 loops=1)
                     Sort Key: (st_distance(st_transform(s_3329.the_geom, 25833), '0101000020E9640000FB5CA85351E02341577C94F38A0C5741'::geometry))
                     Sort Method: top-N heapsort  Memory: 25kB
                     ->  Seq Scan on phoml_trajectory_tmp s_3329  (cost=0.00..165745.68 rows=1 width=84) (actual time=0.038..0.646 rows=480 loops=1)
                           Filter: ((unix_time >= '1685451481.063'::double precision) AND (unix_time <= '1685451541.063'::double precision) AND st_dwithin(st_transform(the_geom, 25833), '0101000020E9640000FB5CA85351E02341577C94F38A0C5741'::geometry, '300'::double precision))
                           Rows Removed by Filter: 3180
   ->  Subquery Scan on "*SELECT* 3331"  (cost=165745.69..165745.70 rows=1 width=76) (actual time=0.711..0.712 rows=1 loops=1)
         ->  Limit  (cost=165745.69..165745.69 rows=1 width=84) (actual time=0.707..0.708 rows=1 loops=1)
               ->  Sort  (cost=165745.69..165745.69 rows=1 width=84) (actual time=0.704..0.705 rows=1 loops=1)
                     Sort Key: (st_distance(st_transform(s_3330.the_geom, 25833), '0101000020E96400004DE28F3E53E02341D9C7A9BB890C5741'::geometry))
                     Sort Method: top-N heapsort  Memory: 25kB
                     ->  Seq Scan on phoml_trajectory_tmp s_3330  (cost=0.00..165745.68 rows=1 width=84) (actual time=0.042..0.635 rows=476 loops=1)
                           Filter: ((unix_time >= '1685451481.401'::double precision) AND (unix_time <= '1685451541.401'::double precision) AND st_dwithin(st_transform(the_geom, 25833), '0101000020E96400004DE28F3E53E02341D9C7A9BB890C5741'::geometry, '300'::double precision))
                           Rows Removed by Filter: 3184
   ->  Subquery Scan on "*SELECT* 3332"  (cost=165745.69..165745.70 rows=1 width=76) (actual time=0.700..0.702 rows=1 loops=1)
         ->  Limit  (cost=165745.69..165745.69 rows=1 width=84) (actual time=0.698..0.699 rows=1 loops=1)
               ->  Sort  (cost=165745.69..165745.69 rows=1 width=84) (actual time=0.696..0.696 rows=1 loops=1)
                     Sort Key: (st_distance(st_transform(s_3331.the_geom, 25833), '0101000020E96400008F69C50D55E023415D1B7E83880C5741'::geometry))
                     Sort Method: top-N heapsort  Memory: 25kB
                     ->  Seq Scan on phoml_trajectory_tmp s_3331  (cost=0.00..165745.68 rows=1 width=84) (actual time=0.052..0.625 rows=480 loops=1)
                           Filter: ((unix_time >= '1685451481.731'::double precision) AND (unix_time <= '1685451541.731'::double precision) AND st_dwithin(st_transform(the_geom, 25833), '0101000020E96400008F69C50D55E023415D1B7E83880C5741'::geometry, '300'::double precision))
                           Rows Removed by Filter: 3180
   ->  Subquery Scan on "*SELECT* 3333"  (cost=165745.69..165745.70 rows=1 width=76) (actual time=0.759..0.761 rows=1 loops=1)
         ->  Limit  (cost=165745.69..165745.69 rows=1 width=84) (actual time=0.755..0.756 rows=1 loops=1)
               ->  Sort  (cost=165745.69..165745.69 rows=1 width=84) (actual time=0.753..0.753 rows=1 loops=1)
                     Sort Key: (st_distance(st_transform(s_3332.the_geom, 25833), '0101000020E96400009950CDC156E0234137E23645870C5741'::geometry))
                     Sort Method: top-N heapsort  Memory: 25kB
                     ->  Seq Scan on phoml_trajectory_tmp s_3332  (cost=0.00..165745.68 rows=1 width=84) (actual time=0.040..0.683 rows=476 loops=1)
                           Filter: ((unix_time >= '1685451482.061'::double precision) AND (unix_time <= '1685451542.061'::double precision) AND st_dwithin(st_transform(the_geom, 25833), '0101000020E96400009950CDC156E0234137E23645870C5741'::geometry, '300'::double precision))
                           Rows Removed by Filter: 3184
   ->  Subquery Scan on "*SELECT* 3334"  (cost=165745.69..165745.70 rows=1 width=76) (actual time=0.681..0.682 rows=1 loops=1)
         ->  Limit  (cost=165745.69..165745.69 rows=1 width=84) (actual time=0.677..0.678 rows=1 loops=1)
               ->  Sort  (cost=165745.69..165745.69 rows=1 width=84) (actual time=0.675..0.676 rows=1 loops=1)
                     Sort Key: (st_distance(st_transform(s_3333.the_geom, 25833), '0101000020E9640000DD303A7C58E023419A65C907860C5741'::geometry))
                     Sort Method: top-N heapsort  Memory: 25kB
                     ->  Seq Scan on phoml_trajectory_tmp s_3333  (cost=0.00..165745.68 rows=1 width=84) (actual time=0.039..0.598 rows=476 loops=1)
                           Filter: ((unix_time >= '1685451482.394'::double precision) AND (unix_time <= '1685451542.394'::double precision) AND st_dwithin(st_transform(the_geom, 25833), '0101000020E9640000DD303A7C58E023419A65C907860C5741'::geometry, '300'::double precision))
                           Rows Removed by Filter: 3184
   ->  Subquery Scan on "*SELECT* 3335"  (cost=165745.69..165745.70 rows=1 width=76) (actual time=0.670..0.671 rows=1 loops=1)
         ->  Limit  (cost=165745.69..165745.69 rows=1 width=84) (actual time=0.667..0.668 rows=1 loops=1)
               ->  Sort  (cost=165745.69..165745.69 rows=1 width=84) (actual time=0.665..0.666 rows=1 loops=1)
                     Sort Key: (st_distance(st_transform(s_3334.the_geom, 25833), '0101000020E96400003093DA005AE02341079CF8D7840C5741'::geometry))
                     Sort Method: top-N heapsort  Memory: 25kB
                     ->  Seq Scan on phoml_trajectory_tmp s_3334  (cost=0.00..165745.68 rows=1 width=84) (actual time=0.037..0.599 rows=480 loops=1)
                           Filter: ((unix_time >= '1685451482.714'::double precision) AND (unix_time <= '1685451542.714'::double precision) AND st_dwithin(st_transform(the_geom, 25833), '0101000020E96400003093DA005AE02341079CF8D7840C5741'::geometry, '300'::double precision))
                           Rows Removed by Filter: 3180
   ->  Subquery Scan on "*SELECT* 3336"  (cost=165745.69..165745.70 rows=1 width=76) (actual time=0.685..0.686 rows=1 loops=1)
         ->  Limit  (cost=165745.69..165745.69 rows=1 width=84) (actual time=0.682..0.683 rows=1 loops=1)
               ->  Sort  (cost=165745.69..165745.69 rows=1 width=84) (actual time=0.680..0.680 rows=1 loops=1)
                     Sort Key: (st_distance(st_transform(s_3335.the_geom, 25833), '0101000020E9640000DE60BDC35BE0234182607193830C5741'::geometry))
                     Sort Method: top-N heapsort  Memory: 25kB
                     ->  Seq Scan on phoml_trajectory_tmp s_3335  (cost=0.00..165745.68 rows=1 width=84) (actual time=0.054..0.614 rows=476 loops=1)
                           Filter: ((unix_time >= '1685451483.054'::double precision) AND (unix_time <= '1685451543.054'::double precision) AND st_dwithin(st_transform(the_geom, 25833), '0101000020E9640000DE60BDC35BE0234182607193830C5741'::geometry, '300'::double precision))
                           Rows Removed by Filter: 3184
   ->  Subquery Scan on "*SELECT* 3337"  (cost=165745.69..165745.70 rows=1 width=76) (actual time=0.689..0.690 rows=1 loops=1)
         ->  Limit  (cost=165745.69..165745.69 rows=1 width=84) (actual time=0.685..0.686 rows=1 loops=1)
               ->  Sort  (cost=165745.69..165745.69 rows=1 width=84) (actual time=0.683..0.684 rows=1 loops=1)
                     Sort Key: (st_distance(st_transform(s_3336.the_geom, 25833), '0101000020E96400001F4416545DE023415507275C820C5741'::geometry))
                     Sort Method: top-N heapsort  Memory: 25kB
                     ->  Seq Scan on phoml_trajectory_tmp s_3336  (cost=0.00..165745.68 rows=1 width=84) (actual time=0.038..0.616 rows=480 loops=1)
                           Filter: ((unix_time >= '1685451483.381'::double precision) AND (unix_time <= '1685451543.381'::double precision) AND st_dwithin(st_transform(the_geom, 25833), '0101000020E96400001F4416545DE023415507275C820C5741'::geometry, '300'::double precision))
                           Rows Removed by Filter: 3180
   ->  Subquery Scan on "*SELECT* 3338"  (cost=165745.69..165745.70 rows=1 width=76) (actual time=0.682..0.683 rows=1 loops=1)
         ->  Limit  (cost=165745.69..165745.69 rows=1 width=84) (actual time=0.678..0.679 rows=1 loops=1)
               ->  Sort  (cost=165745.69..165745.69 rows=1 width=84) (actual time=0.676..0.676 rows=1 loops=1)
                     Sort Key: (st_distance(st_transform(s_3337.the_geom, 25833), '0101000020E9640000D05BC4035FE02341241F0E25810C5741'::geometry))
                     Sort Method: top-N heapsort  Memory: 25kB
                     ->  Seq Scan on phoml_trajectory_tmp s_3337  (cost=0.00..165745.68 rows=1 width=84) (actual time=0.038..0.609 rows=476 loops=1)
                           Filter: ((unix_time >= '1685451483.701'::double precision) AND (unix_time <= '1685451543.701'::double precision) AND st_dwithin(st_transform(the_geom, 25833), '0101000020E9640000D05BC4035FE02341241F0E25810C5741'::geometry, '300'::double precision))
                           Rows Removed by Filter: 3184
   ->  Subquery Scan on "*SELECT* 3339"  (cost=165745.69..165745.70 rows=1 width=76) (actual time=0.674..0.675 rows=1 loops=1)
         ->  Limit  (cost=165745.69..165745.69 rows=1 width=84) (actual time=0.671..0.672 rows=1 loops=1)
               ->  Sort  (cost=165745.69..165745.69 rows=1 width=84) (actual time=0.669..0.670 rows=1 loops=1)
                     Sort Key: (st_distance(st_transform(s_3338.the_geom, 25833), '0101000020E9640000EB860B8A60E0234190161EE77F0C5741'::geometry))
                     Sort Method: top-N heapsort  Memory: 25kB
                     ->  Seq Scan on phoml_trajectory_tmp s_3338  (cost=0.00..165745.68 rows=1 width=84) (actual time=0.039..0.600 rows=480 loops=1)
                           Filter: ((unix_time >= '1685451484.031'::double precision) AND (unix_time <= '1685451544.031'::double precision) AND st_dwithin(st_transform(the_geom, 25833), '0101000020E9640000EB860B8A60E0234190161EE77F0C5741'::geometry, '300'::double precision))
                           Rows Removed by Filter: 3180
   ->  Subquery Scan on "*SELECT* 3340"  (cost=165745.69..165745.70 rows=1 width=76) (actual time=0.678..0.679 rows=1 loops=1)
         ->  Limit  (cost=165745.69..165745.69 rows=1 width=84) (actual time=0.674..0.675 rows=1 loops=1)
               ->  Sort  (cost=165745.69..165745.69 rows=1 width=84) (actual time=0.672..0.673 rows=1 loops=1)
                     Sort Key: (st_distance(st_transform(s_3339.the_geom, 25833), '0101000020E964000033E93A3E62E0234122D7D9AF7E0C5741'::geometry))
                     Sort Method: top-N heapsort  Memory: 25kB
                     ->  Seq Scan on phoml_trajectory_tmp s_3339  (cost=0.00..165745.68 rows=1 width=84) (actual time=0.040..0.605 rows=476 loops=1)
                           Filter: ((unix_time >= '1685451484.361'::double precision) AND (unix_time <= '1685451544.361'::double precision) AND st_dwithin(st_transform(the_geom, 25833), '0101000020E964000033E93A3E62E0234122D7D9AF7E0C5741'::geometry, '300'::double precision))
                           Rows Removed by Filter: 3184
   ->  Subquery Scan on "*SELECT* 3341"  (cost=165745.69..165745.70 rows=1 width=76) (actual time=0.689..0.691 rows=1 loops=1)
         ->  Limit  (cost=165745.69..165745.69 rows=1 width=84) (actual time=0.686..0.687 rows=1 loops=1)
               ->  Sort  (cost=165745.69..165745.69 rows=1 width=84) (actual time=0.684..0.684 rows=1 loops=1)
                     Sort Key: (st_distance(st_transform(s_3340.the_geom, 25833), '0101000020E9640000F4B18BE063E02341D391D4777D0C5741'::geometry))
                     Sort Method: top-N heapsort  Memory: 25kB
                     ->  Seq Scan on phoml_trajectory_tmp s_3340  (cost=0.00..165745.68 rows=1 width=84) (actual time=0.038..0.616 rows=476 loops=1)
                           Filter: ((unix_time >= '1685451484.681'::double precision) AND (unix_time <= '1685451544.681'::double precision) AND st_dwithin(st_transform(the_geom, 25833), '0101000020E9640000F4B18BE063E02341D391D4777D0C5741'::geometry, '300'::double precision))
                           Rows Removed by Filter: 3184
   ->  Subquery Scan on "*SELECT* 3342"  (cost=165745.69..165745.70 rows=1 width=76) (actual time=0.668..0.669 rows=1 loops=1)
         ->  Limit  (cost=165745.69..165745.69 rows=1 width=84) (actual time=0.664..0.665 rows=1 loops=1)
               ->  Sort  (cost=165745.69..165745.69 rows=1 width=84) (actual time=0.662..0.663 rows=1 loops=1)
                     Sort Key: (st_distance(st_transform(s_3341.the_geom, 25833), '0101000020E9640000C7CDAFAF65E02341DEA963317C0C5741'::geometry))
                     Sort Method: top-N heapsort  Memory: 25kB
                     ->  Seq Scan on phoml_trajectory_tmp s_3341  (cost=0.00..165745.68 rows=1 width=84) (actual time=0.038..0.595 rows=476 loops=1)
                           Filter: ((unix_time >= '1685451485.021'::double precision) AND (unix_time <= '1685451545.021'::double precision) AND st_dwithin(st_transform(the_geom, 25833), '0101000020E9640000C7CDAFAF65E02341DEA963317C0C5741'::geometry, '300'::double precision))
                           Rows Removed by Filter: 3184
   ->  Subquery Scan on "*SELECT* 3343"  (cost=165745.69..165745.70 rows=1 width=76) (actual time=0.724..0.725 rows=1 loops=1)
         ->  Limit  (cost=165745.69..165745.69 rows=1 width=84) (actual time=0.721..0.722 rows=1 loops=1)
               ->  Sort  (cost=165745.69..165745.69 rows=1 width=84) (actual time=0.718..0.718 rows=1 loops=1)
                     Sort Key: (st_distance(st_transform(s_3342.the_geom, 25833), '0101000020E96400004140EAA867E02341773673057B0C5741'::geometry))
                     Sort Method: top-N heapsort  Memory: 25kB
                     ->  Seq Scan on phoml_trajectory_tmp s_3342  (cost=0.00..165745.68 rows=1 width=84) (actual time=0.053..0.649 rows=480 loops=1)
                           Filter: ((unix_time >= '1685451485.335'::double precision) AND (unix_time <= '1685451545.335'::double precision) AND st_dwithin(st_transform(the_geom, 25833), '0101000020E96400004140EAA867E02341773673057B0C5741'::geometry, '300'::double precision))
                           Rows Removed by Filter: 3180
   ->  Subquery Scan on "*SELECT* 3344"  (cost=165745.69..165745.70 rows=1 width=76) (actual time=0.689..0.690 rows=1 loops=1)
         ->  Limit  (cost=165745.69..165745.69 rows=1 width=84) (actual time=0.685..0.686 rows=1 loops=1)
               ->  Sort  (cost=165745.69..165745.69 rows=1 width=84) (actual time=0.683..0.684 rows=1 loops=1)
                     Sort Key: (st_distance(st_transform(s_3343.the_geom, 25833), '0101000020E96400003751C09C69E02341EAFE8EBD790C5741'::geometry))
                     Sort Method: top-N heapsort  Memory: 25kB
                     ->  Seq Scan on phoml_trajectory_tmp s_3343  (cost=0.00..165745.68 rows=1 width=84) (actual time=0.039..0.614 rows=480 loops=1)
                           Filter: ((unix_time >= '1685451485.675'::double precision) AND (unix_time <= '1685451545.675'::double precision) AND st_dwithin(st_transform(the_geom, 25833), '0101000020E96400003751C09C69E02341EAFE8EBD790C5741'::geometry, '300'::double precision))
                           Rows Removed by Filter: 3180
   ->  Subquery Scan on "*SELECT* 3345"  (cost=165745.69..165745.70 rows=1 width=76) (actual time=0.665..0.666 rows=1 loops=1)
         ->  Limit  (cost=165745.69..165745.69 rows=1 width=84) (actual time=0.663..0.664 rows=1 loops=1)
               ->  Sort  (cost=165745.69..165745.69 rows=1 width=84) (actual time=0.661..0.661 rows=1 loops=1)
                     Sort Key: (st_distance(st_transform(s_3344.the_geom, 25833), '0101000020E96400007A8436706BE0234103BC067E780C5741'::geometry))
                     Sort Method: top-N heapsort  Memory: 25kB
                     ->  Seq Scan on phoml_trajectory_tmp s_3344  (cost=0.00..165745.68 rows=1 width=84) (actual time=0.039..0.593 rows=476 loops=1)
                           Filter: ((unix_time >= '1685451486.005'::double precision) AND (unix_time <= '1685451546.005'::double precision) AND st_dwithin(st_transform(the_geom, 25833), '0101000020E96400007A8436706BE0234103BC067E780C5741'::geometry, '300'::double precision))
                           Rows Removed by Filter: 3184
   ->  Subquery Scan on "*SELECT* 3346"  (cost=165745.69..165745.70 rows=1 width=76) (actual time=0.714..0.715 rows=1 loops=1)
         ->  Limit  (cost=165745.69..165745.69 rows=1 width=84) (actual time=0.711..0.712 rows=1 loops=1)
               ->  Sort  (cost=165745.69..165745.69 rows=1 width=84) (actual time=0.690..0.690 rows=1 loops=1)
                     Sort Key: (st_distance(st_transform(s_3345.the_geom, 25833), '0101000020E9640000EF09A3576DE02341796CC144770C5741'::geometry))
                     Sort Method: top-N heapsort  Memory: 25kB
                     ->  Seq Scan on phoml_trajectory_tmp s_3345  (cost=0.00..165745.68 rows=1 width=84) (actual time=0.061..0.621 rows=480 loops=1)
                           Filter: ((unix_time >= '1685451486.332'::double precision) AND (unix_time <= '1685451546.332'::double precision) AND st_dwithin(st_transform(the_geom, 25833), '0101000020E9640000EF09A3576DE02341796CC144770C5741'::geometry, '300'::double precision))
                           Rows Removed by Filter: 3180
   ->  Subquery Scan on "*SELECT* 3347"  (cost=165745.69..165745.70 rows=1 width=76) (actual time=0.682..0.683 rows=1 loops=1)
         ->  Limit  (cost=165745.69..165745.69 rows=1 width=84) (actual time=0.678..0.679 rows=1 loops=1)
               ->  Sort  (cost=165745.69..165745.69 rows=1 width=84) (actual time=0.677..0.677 rows=1 loops=1)
                     Sort Key: (st_distance(st_transform(s_3346.the_geom, 25833), '0101000020E96400006935D8306FE023418A530305760C5741'::geometry))
                     Sort Method: top-N heapsort  Memory: 25kB
                     ->  Seq Scan on phoml_trajectory_tmp s_3346  (cost=0.00..165745.68 rows=1 width=84) (actual time=0.039..0.611 rows=476 loops=1)
                           Filter: ((unix_time >= '1685451486.672'::double precision) AND (unix_time <= '1685451546.672'::double precision) AND st_dwithin(st_transform(the_geom, 25833), '0101000020E96400006935D8306FE023418A530305760C5741'::geometry, '300'::double precision))
                           Rows Removed by Filter: 3184
   ->  Subquery Scan on "*SELECT* 3348"  (cost=165745.69..165745.70 rows=1 width=76) (actual time=0.744..0.745 rows=1 loops=1)
         ->  Limit  (cost=165745.69..165745.69 rows=1 width=84) (actual time=0.728..0.729 rows=1 loops=1)
               ->  Sort  (cost=165745.69..165745.69 rows=1 width=84) (actual time=0.726..0.726 rows=1 loops=1)
                     Sort Key: (st_distance(st_transform(s_3347.the_geom, 25833), '0101000020E9640000B6C18D1171E023411A7A7ECD740C5741'::geometry))
                     Sort Method: top-N heapsort  Memory: 25kB
                     ->  Seq Scan on phoml_trajectory_tmp s_3347  (cost=0.00..165745.68 rows=1 width=84) (actual time=0.040..0.650 rows=480 loops=1)
                           Filter: ((unix_time >= '1685451487.002'::double precision) AND (unix_time <= '1685451547.002'::double precision) AND st_dwithin(st_transform(the_geom, 25833), '0101000020E9640000B6C18D1171E023411A7A7ECD740C5741'::geometry, '300'::double precision))
                           Rows Removed by Filter: 3180
   ->  Subquery Scan on "*SELECT* 3349"  (cost=165745.69..165745.70 rows=1 width=76) (actual time=0.668..0.669 rows=1 loops=1)
         ->  Limit  (cost=165745.69..165745.69 rows=1 width=84) (actual time=0.666..0.666 rows=1 loops=1)
               ->  Sort  (cost=165745.69..165745.69 rows=1 width=84) (actual time=0.664..0.664 rows=1 loops=1)
                     Sort Key: (st_distance(st_transform(s_3348.the_geom, 25833), '0101000020E9640000CFB7CCC972E023419BEA1A8F730C5741'::geometry))
                     Sort Method: top-N heapsort  Memory: 25kB
                     ->  Seq Scan on phoml_trajectory_tmp s_3348  (cost=0.00..165745.68 rows=1 width=84) (actual time=0.040..0.598 rows=476 loops=1)
                           Filter: ((unix_time >= '1685451487.333'::double precision) AND (unix_time <= '1685451547.333'::double precision) AND st_dwithin(st_transform(the_geom, 25833), '0101000020E9640000CFB7CCC972E023419BEA1A8F730C5741'::geometry, '300'::double precision))
                           Rows Removed by Filter: 3184
   ->  Subquery Scan on "*SELECT* 3350"  (cost=165745.69..165745.70 rows=1 width=76) (actual time=0.674..0.676 rows=1 loops=1)
         ->  Limit  (cost=165745.69..165745.69 rows=1 width=84) (actual time=0.671..0.672 rows=1 loops=1)
               ->  Sort  (cost=165745.69..165745.69 rows=1 width=84) (actual time=0.668..0.669 rows=1 loops=1)
                     Sort Key: (st_distance(st_transform(s_3349.the_geom, 25833), '0101000020E9640000D5AE6D6A74E02341945FA85F720C5741'::geometry))
                     Sort Method: top-N heapsort  Memory: 25kB
                     ->  Seq Scan on phoml_trajectory_tmp s_3349  (cost=0.00..165745.68 rows=1 width=84) (actual time=0.038..0.602 rows=480 loops=1)
                           Filter: ((unix_time >= '1685451487.663'::double precision) AND (unix_time <= '1685451547.663'::double precision) AND st_dwithin(st_transform(the_geom, 25833), '0101000020E9640000D5AE6D6A74E02341945FA85F720C5741'::geometry, '300'::double precision))
                           Rows Removed by Filter: 3180
   ->  Subquery Scan on "*SELECT* 3351"  (cost=165745.69..165745.70 rows=1 width=76) (actual time=0.692..0.693 rows=1 loops=1)
         ->  Limit  (cost=165745.69..165745.69 rows=1 width=84) (actual time=0.688..0.689 rows=1 loops=1)
               ->  Sort  (cost=165745.69..165745.69 rows=1 width=84) (actual time=0.686..0.687 rows=1 loops=1)
                     Sort Key: (st_distance(st_transform(s_3350.the_geom, 25833), '0101000020E9640000ED590F0F76E023413E8EAE1A710C5741'::geometry))
                     Sort Method: top-N heapsort  Memory: 25kB
                     ->  Seq Scan on phoml_trajectory_tmp s_3350  (cost=0.00..165745.68 rows=1 width=84) (actual time=0.039..0.618 rows=476 loops=1)
                           Filter: ((unix_time >= '1685451488.003'::double precision) AND (unix_time <= '1685451548.003'::double precision) AND st_dwithin(st_transform(the_geom, 25833), '0101000020E9640000ED590F0F76E023413E8EAE1A710C5741'::geometry, '300'::double precision))
                           Rows Removed by Filter: 3184
   ->  Subquery Scan on "*SELECT* 3352"  (cost=165745.69..165745.70 rows=1 width=76) (actual time=0.668..0.669 rows=1 loops=1)
         ->  Limit  (cost=165745.69..165745.69 rows=1 width=84) (actual time=0.666..0.666 rows=1 loops=1)
               ->  Sort  (cost=165745.69..165745.69 rows=1 width=84) (actual time=0.664..0.664 rows=1 loops=1)
                     Sort Key: (st_distance(st_transform(s_3351.the_geom, 25833), '0101000020E9640000BCF532BC77E0234145A121E56F0C5741'::geometry))
                     Sort Method: top-N heapsort  Memory: 25kB
                     ->  Seq Scan on phoml_trajectory_tmp s_3351  (cost=0.00..165745.68 rows=1 width=84) (actual time=0.041..0.597 rows=480 loops=1)
                           Filter: ((unix_time >= '1685451488.341'::double precision) AND (unix_time <= '1685451548.341'::double precision) AND st_dwithin(st_transform(the_geom, 25833), '0101000020E9640000BCF532BC77E0234145A121E56F0C5741'::geometry, '300'::double precision))
                           Rows Removed by Filter: 3180
   ->  Subquery Scan on "*SELECT* 3353"  (cost=165745.69..165745.70 rows=1 width=76) (actual time=0.676..0.677 rows=1 loops=1)
         ->  Limit  (cost=165745.69..165745.69 rows=1 width=84) (actual time=0.674..0.675 rows=1 loops=1)
               ->  Sort  (cost=165745.69..165745.69 rows=1 width=84) (actual time=0.672..0.672 rows=1 loops=1)
                     Sort Key: (st_distance(st_transform(s_3352.the_geom, 25833), '0101000020E9640000940D039979E023417F422DA56E0C5741'::geometry))
                     Sort Method: top-N heapsort  Memory: 25kB
                     ->  Seq Scan on phoml_trajectory_tmp s_3352  (cost=0.00..165745.68 rows=1 width=84) (actual time=0.052..0.603 rows=476 loops=1)
                           Filter: ((unix_time >= '1685451488.681'::double precision) AND (unix_time <= '1685451548.681'::double precision) AND st_dwithin(st_transform(the_geom, 25833), '0101000020E9640000940D039979E023417F422DA56E0C5741'::geometry, '300'::double precision))
                           Rows Removed by Filter: 3184
   ->  Subquery Scan on "*SELECT* 3354"  (cost=165745.69..165745.70 rows=1 width=76) (actual time=0.713..0.714 rows=1 loops=1)
         ->  Limit  (cost=165745.69..165745.69 rows=1 width=84) (actual time=0.703..0.704 rows=1 loops=1)
               ->  Sort  (cost=165745.69..165745.69 rows=1 width=84) (actual time=0.701..0.701 rows=1 loops=1)
                     Sort Key: (st_distance(st_transform(s_3353.the_geom, 25833), '0101000020E9640000B84ABF627BE023411A710B666D0C5741'::geometry))
                     Sort Method: top-N heapsort  Memory: 25kB
                     ->  Seq Scan on phoml_trajectory_tmp s_3353  (cost=0.00..165745.68 rows=1 width=84) (actual time=0.039..0.631 rows=480 loops=1)
                           Filter: ((unix_time >= '1685451489.021'::double precision) AND (unix_time <= '1685451549.021'::double precision) AND st_dwithin(st_transform(the_geom, 25833), '0101000020E9640000B84ABF627BE023411A710B666D0C5741'::geometry, '300'::double precision))
                           Rows Removed by Filter: 3180
   ->  Subquery Scan on "*SELECT* 3355"  (cost=165745.69..165745.70 rows=1 width=76) (actual time=0.702..0.703 rows=1 loops=1)
         ->  Limit  (cost=165745.69..165745.69 rows=1 width=84) (actual time=0.696..0.697 rows=1 loops=1)
               ->  Sort  (cost=165745.69..165745.69 rows=1 width=84) (actual time=0.694..0.695 rows=1 loops=1)
                     Sort Key: (st_distance(st_transform(s_3354.the_geom, 25833), '0101000020E96400004F89B4407DE0234112652E2D6C0C5741'::geometry))
                     Sort Method: top-N heapsort  Memory: 25kB
                     ->  Seq Scan on phoml_trajectory_tmp s_3354  (cost=0.00..165745.68 rows=1 width=84) (actual time=0.041..0.624 rows=476 loops=1)
                           Filter: ((unix_time >= '1685451489.36'::double precision) AND (unix_time <= '1685451549.36'::double precision) AND st_dwithin(st_transform(the_geom, 25833), '0101000020E96400004F89B4407DE0234112652E2D6C0C5741'::geometry, '300'::double precision))
                           Rows Removed by Filter: 3184
   ->  Subquery Scan on "*SELECT* 3356"  (cost=165745.69..165745.70 rows=1 width=76) (actual time=0.670..0.672 rows=1 loops=1)
         ->  Limit  (cost=165745.69..165745.69 rows=1 width=84) (actual time=0.668..0.669 rows=1 loops=1)
               ->  Sort  (cost=165745.69..165745.69 rows=1 width=84) (actual time=0.666..0.666 rows=1 loops=1)
                     Sort Key: (st_distance(st_transform(s_3355.the_geom, 25833), '0101000020E9640000CB18331C7FE023417AAC3DED6A0C5741'::geometry))
                     Sort Method: top-N heapsort  Memory: 25kB
                     ->  Seq Scan on phoml_trajectory_tmp s_3355  (cost=0.00..165745.68 rows=1 width=84) (actual time=0.045..0.598 rows=480 loops=1)
                           Filter: ((unix_time >= '1685451489.7'::double precision) AND (unix_time <= '1685451549.7'::double precision) AND st_dwithin(st_transform(the_geom, 25833), '0101000020E9640000CB18331C7FE023417AAC3DED6A0C5741'::geometry, '300'::double precision))
                           Rows Removed by Filter: 3180
   ->  Subquery Scan on "*SELECT* 3357"  (cost=165745.69..165745.70 rows=1 width=76) (actual time=0.681..0.682 rows=1 loops=1)
         ->  Limit  (cost=165745.69..165745.69 rows=1 width=84) (actual time=0.677..0.678 rows=1 loops=1)
               ->  Sort  (cost=165745.69..165745.69 rows=1 width=84) (actual time=0.675..0.675 rows=1 loops=1)
                     Sort Key: (st_distance(st_transform(s_3356.the_geom, 25833), '0101000020E9640000BC7CB9E680E02341BC8051BC690C5741'::geometry))
                     Sort Method: top-N heapsort  Memory: 25kB
                     ->  Seq Scan on phoml_trajectory_tmp s_3356  (cost=0.00..165745.68 rows=1 width=84) (actual time=0.038..0.606 rows=480 loops=1)
                           Filter: ((unix_time >= '1685451490.03'::double precision) AND (unix_time <= '1685451550.03'::double precision) AND st_dwithin(st_transform(the_geom, 25833), '0101000020E9640000BC7CB9E680E02341BC8051BC690C5741'::geometry, '300'::double precision))
                           Rows Removed by Filter: 3180
   ->  Subquery Scan on "*SELECT* 3358"  (cost=165745.69..165745.70 rows=1 width=76) (actual time=0.684..0.685 rows=1 loops=1)
         ->  Limit  (cost=165745.69..165745.69 rows=1 width=84) (actual time=0.681..0.682 rows=1 loops=1)
               ->  Sort  (cost=165745.69..165745.69 rows=1 width=84) (actual time=0.678..0.678 rows=1 loops=1)
                     Sort Key: (st_distance(st_transform(s_3357.the_geom, 25833), '0101000020E96400005CE1C6BE82E02341A4498583680C5741'::geometry))
                     Sort Method: top-N heapsort  Memory: 25kB
                     ->  Seq Scan on phoml_trajectory_tmp s_3357  (cost=0.00..165745.68 rows=1 width=84) (actual time=0.039..0.610 rows=476 loops=1)
                           Filter: ((unix_time >= '1685451490.364'::double precision) AND (unix_time <= '1685451550.364'::double precision) AND st_dwithin(st_transform(the_geom, 25833), '0101000020E96400005CE1C6BE82E02341A4498583680C5741'::geometry, '300'::double precision))
                           Rows Removed by Filter: 3184
   ->  Subquery Scan on "*SELECT* 3359"  (cost=165745.69..165745.70 rows=1 width=76) (actual time=0.655..0.656 rows=1 loops=1)
         ->  Limit  (cost=165745.69..165745.69 rows=1 width=84) (actual time=0.652..0.653 rows=1 loops=1)
               ->  Sort  (cost=165745.69..165745.69 rows=1 width=84) (actual time=0.650..0.651 rows=1 loops=1)
                     Sort Key: (st_distance(st_transform(s_3358.the_geom, 25833), '0101000020E96400006FFBA2CA84E02341AA06463C670C5741'::geometry))
                     Sort Method: top-N heapsort  Memory: 25kB
                     ->  Seq Scan on phoml_trajectory_tmp s_3358  (cost=0.00..165745.68 rows=1 width=84) (actual time=0.038..0.582 rows=476 loops=1)
                           Filter: ((unix_time >= '1685451490.714'::double precision) AND (unix_time <= '1685451550.714'::double precision) AND st_dwithin(st_transform(the_geom, 25833), '0101000020E96400006FFBA2CA84E02341AA06463C670C5741'::geometry, '300'::double precision))
                           Rows Removed by Filter: 3184
   ->  Subquery Scan on "*SELECT* 3360"  (cost=165745.69..165745.70 rows=1 width=76) (actual time=0.665..0.666 rows=1 loops=1)
         ->  Limit  (cost=165745.69..165745.69 rows=1 width=84) (actual time=0.662..0.663 rows=1 loops=1)
               ->  Sort  (cost=165745.69..165745.69 rows=1 width=84) (actual time=0.660..0.660 rows=1 loops=1)
                     Sort Key: (st_distance(st_transform(s_3359.the_geom, 25833), '0101000020E9640000C76091A486E023411496D0FD650C5741'::geometry))
                     Sort Method: top-N heapsort  Memory: 25kB
                     ->  Seq Scan on phoml_trajectory_tmp s_3359  (cost=0.00..165745.68 rows=1 width=84) (actual time=0.040..0.594 rows=476 loops=1)
                           Filter: ((unix_time >= '1685451491.064'::double precision) AND (unix_time <= '1685451551.064'::double precision) AND st_dwithin(st_transform(the_geom, 25833), '0101000020E9640000C76091A486E023411496D0FD650C5741'::geometry, '300'::double precision))
                           Rows Removed by Filter: 3184
   ->  Subquery Scan on "*SELECT* 3361"  (cost=165745.69..165745.70 rows=1 width=76) (actual time=0.670..0.672 rows=1 loops=1)
         ->  Limit  (cost=165745.69..165745.69 rows=1 width=84) (actual time=0.667..0.668 rows=1 loops=1)
               ->  Sort  (cost=165745.69..165745.69 rows=1 width=84) (actual time=0.665..0.666 rows=1 loops=1)
                     Sort Key: (st_distance(st_transform(s_3360.the_geom, 25833), '0101000020E9640000E0C01B6288E02341E35E45CD640C5741'::geometry))
                     Sort Method: top-N heapsort  Memory: 25kB
                     ->  Seq Scan on phoml_trajectory_tmp s_3360  (cost=0.00..165745.68 rows=1 width=84) (actual time=0.039..0.588 rows=480 loops=1)
                           Filter: ((unix_time >= '1685451491.397'::double precision) AND (unix_time <= '1685451551.397'::double precision) AND st_dwithin(st_transform(the_geom, 25833), '0101000020E9640000E0C01B6288E02341E35E45CD640C5741'::geometry, '300'::double precision))
                           Rows Removed by Filter: 3180
   ->  Subquery Scan on "*SELECT* 3362"  (cost=165745.69..165745.70 rows=1 width=76) (actual time=0.655..0.656 rows=1 loops=1)
         ->  Limit  (cost=165745.69..165745.69 rows=1 width=84) (actual time=0.653..0.654 rows=1 loops=1)
               ->  Sort  (cost=165745.69..165745.69 rows=1 width=84) (actual time=0.650..0.651 rows=1 loops=1)
                     Sort Key: (st_distance(st_transform(s_3361.the_geom, 25833), '0101000020E9640000E4BE53F989E02341998A5189630C5741'::geometry))
                     Sort Method: top-N heapsort  Memory: 25kB
                     ->  Seq Scan on phoml_trajectory_tmp s_3361  (cost=0.00..165745.68 rows=1 width=84) (actual time=0.038..0.583 rows=476 loops=1)
                           Filter: ((unix_time >= '1685451491.747'::double precision) AND (unix_time <= '1685451551.747'::double precision) AND st_dwithin(st_transform(the_geom, 25833), '0101000020E9640000E4BE53F989E02341998A5189630C5741'::geometry, '300'::double precision))
                           Rows Removed by Filter: 3184
   ->  Subquery Scan on "*SELECT* 3363"  (cost=165745.69..165745.70 rows=1 width=76) (actual time=0.676..0.677 rows=1 loops=1)
         ->  Limit  (cost=165745.69..165745.69 rows=1 width=84) (actual time=0.673..0.674 rows=1 loops=1)
               ->  Sort  (cost=165745.69..165745.69 rows=1 width=84) (actual time=0.671..0.672 rows=1 loops=1)
                     Sort Key: (st_distance(st_transform(s_3362.the_geom, 25833), '0101000020E96400004256BCBA8BE023415DB4F559620C5741'::geometry))
                     Sort Method: top-N heapsort  Memory: 25kB
                     ->  Seq Scan on phoml_trajectory_tmp s_3362  (cost=0.00..165745.68 rows=1 width=84) (actual time=0.042..0.604 rows=480 loops=1)
                           Filter: ((unix_time >= '1685451492.087'::double precision) AND (unix_time <= '1685451552.087'::double precision) AND st_dwithin(st_transform(the_geom, 25833), '0101000020E96400004256BCBA8BE023415DB4F559620C5741'::geometry, '300'::double precision))
                           Rows Removed by Filter: 3180
   ->  Subquery Scan on "*SELECT* 3364"  (cost=165745.69..165745.70 rows=1 width=76) (actual time=0.707..0.708 rows=1 loops=1)
         ->  Limit  (cost=165745.69..165745.69 rows=1 width=84) (actual time=0.702..0.703 rows=1 loops=1)
               ->  Sort  (cost=165745.69..165745.69 rows=1 width=84) (actual time=0.700..0.700 rows=1 loops=1)
                     Sort Key: (st_distance(st_transform(s_3363.the_geom, 25833), '0101000020E964000050212D6C8DE02341230F9C1B610C5741'::geometry))
                     Sort Method: top-N heapsort  Memory: 25kB
                     ->  Seq Scan on phoml_trajectory_tmp s_3363  (cost=0.00..165745.68 rows=1 width=84) (actual time=0.040..0.607 rows=476 loops=1)
                           Filter: ((unix_time >= '1685451492.431'::double precision) AND (unix_time <= '1685451552.431'::double precision) AND st_dwithin(st_transform(the_geom, 25833), '0101000020E964000050212D6C8DE02341230F9C1B610C5741'::geometry, '300'::double precision))
                           Rows Removed by Filter: 3184
   ->  Subquery Scan on "*SELECT* 3365"  (cost=165745.69..165745.70 rows=1 width=76) (actual time=0.652..0.653 rows=1 loops=1)
         ->  Limit  (cost=165745.69..165745.69 rows=1 width=84) (actual time=0.650..0.650 rows=1 loops=1)
               ->  Sort  (cost=165745.69..165745.69 rows=1 width=84) (actual time=0.647..0.648 rows=1 loops=1)
                     Sort Key: (st_distance(st_transform(s_3364.the_geom, 25833), '0101000020E9640000C371BD1F8FE023414D54B4EB5F0C5741'::geometry))
                     Sort Method: top-N heapsort  Memory: 25kB
                     ->  Seq Scan on phoml_trajectory_tmp s_3364  (cost=0.00..165745.68 rows=1 width=84) (actual time=0.039..0.578 rows=480 loops=1)
                           Filter: ((unix_time >= '1685451492.771'::double precision) AND (unix_time <= '1685451552.771'::double precision) AND st_dwithin(st_transform(the_geom, 25833), '0101000020E9640000C371BD1F8FE023414D54B4EB5F0C5741'::geometry, '300'::double precision))
                           Rows Removed by Filter: 3180
   ->  Subquery Scan on "*SELECT* 3366"  (cost=165745.69..165745.70 rows=1 width=76) (actual time=0.688..0.689 rows=1 loops=1)
         ->  Limit  (cost=165745.69..165745.69 rows=1 width=84) (actual time=0.685..0.685 rows=1 loops=1)
               ->  Sort  (cost=165745.69..165745.69 rows=1 width=84) (actual time=0.683..0.683 rows=1 loops=1)
                     Sort Key: (st_distance(st_transform(s_3365.the_geom, 25833), '0101000020E9640000453A582291E0234127EE4A9C5E0C5741'::geometry))
                     Sort Method: top-N heapsort  Memory: 25kB
                     ->  Seq Scan on phoml_trajectory_tmp s_3365  (cost=0.00..165745.68 rows=1 width=84) (actual time=0.073..0.616 rows=476 loops=1)
                           Filter: ((unix_time >= '1685451493.131'::double precision) AND (unix_time <= '1685451553.131'::double precision) AND st_dwithin(st_transform(the_geom, 25833), '0101000020E9640000453A582291E0234127EE4A9C5E0C5741'::geometry, '300'::double precision))
                           Rows Removed by Filter: 3184
   ->  Subquery Scan on "*SELECT* 3367"  (cost=165745.69..165745.70 rows=1 width=76) (actual time=0.675..0.676 rows=1 loops=1)
         ->  Limit  (cost=165745.69..165745.69 rows=1 width=84) (actual time=0.667..0.668 rows=1 loops=1)
               ->  Sort  (cost=165745.69..165745.69 rows=1 width=84) (actual time=0.664..0.665 rows=1 loops=1)
                     Sort Key: (st_distance(st_transform(s_3366.the_geom, 25833), '0101000020E9640000284D12F892E02341825609645D0C5741'::geometry))
                     Sort Method: top-N heapsort  Memory: 25kB
                     ->  Seq Scan on phoml_trajectory_tmp s_3366  (cost=0.00..165745.68 rows=1 width=84) (actual time=0.042..0.595 rows=476 loops=1)
                           Filter: ((unix_time >= '1685451493.474'::double precision) AND (unix_time <= '1685451553.474'::double precision) AND st_dwithin(st_transform(the_geom, 25833), '0101000020E9640000284D12F892E02341825609645D0C5741'::geometry, '300'::double precision))
                           Rows Removed by Filter: 3184
   ->  Subquery Scan on "*SELECT* 3368"  (cost=165745.69..165745.70 rows=1 width=76) (actual time=0.701..0.703 rows=1 loops=1)
         ->  Limit  (cost=165745.69..165745.69 rows=1 width=84) (actual time=0.698..0.698 rows=1 loops=1)
               ->  Sort  (cost=165745.69..165745.69 rows=1 width=84) (actual time=0.693..0.694 rows=1 loops=1)
                     Sort Key: (st_distance(st_transform(s_3367.the_geom, 25833), '0101000020E964000064C4ADAE94E023412DC0CE3A5C0C5741'::geometry))
                     Sort Method: top-N heapsort  Memory: 25kB
                     ->  Seq Scan on phoml_trajectory_tmp s_3367  (cost=0.00..165745.68 rows=1 width=84) (actual time=0.053..0.616 rows=480 loops=1)
                           Filter: ((unix_time >= '1685451493.804'::double precision) AND (unix_time <= '1685451553.804'::double precision) AND st_dwithin(st_transform(the_geom, 25833), '0101000020E964000064C4ADAE94E023412DC0CE3A5C0C5741'::geometry, '300'::double precision))
                           Rows Removed by Filter: 3180
   ->  Subquery Scan on "*SELECT* 3369"  (cost=165745.69..165745.70 rows=1 width=76) (actual time=0.665..0.666 rows=1 loops=1)
         ->  Limit  (cost=165745.69..165745.69 rows=1 width=84) (actual time=0.663..0.664 rows=1 loops=1)
               ->  Sort  (cost=165745.69..165745.69 rows=1 width=84) (actual time=0.661..0.661 rows=1 loops=1)
                     Sort Key: (st_distance(st_transform(s_3368.the_geom, 25833), '0101000020E96400006AE10E9896E0234163A0BDF45A0C5741'::geometry))
                     Sort Method: top-N heapsort  Memory: 25kB
                     ->  Seq Scan on phoml_trajectory_tmp s_3368  (cost=0.00..165745.68 rows=1 width=84) (actual time=0.042..0.594 rows=476 loops=1)
                           Filter: ((unix_time >= '1685451494.165'::double precision) AND (unix_time <= '1685451554.165'::double precision) AND st_dwithin(st_transform(the_geom, 25833), '0101000020E96400006AE10E9896E0234163A0BDF45A0C5741'::geometry, '300'::double precision))
                           Rows Removed by Filter: 3184
   ->  Subquery Scan on "*SELECT* 3370"  (cost=165745.69..165745.70 rows=1 width=76) (actual time=0.677..0.678 rows=1 loops=1)
         ->  Limit  (cost=165745.69..165745.69 rows=1 width=84) (actual time=0.674..0.674 rows=1 loops=1)
               ->  Sort  (cost=165745.69..165745.69 rows=1 width=84) (actual time=0.672..0.672 rows=1 loops=1)
                     Sort Key: (st_distance(st_transform(s_3369.the_geom, 25833), '0101000020E96400002244F87398E0234195A981BD590C5741'::geometry))
                     Sort Method: top-N heapsort  Memory: 25kB
                     ->  Seq Scan on phoml_trajectory_tmp s_3369  (cost=0.00..165745.68 rows=1 width=84) (actual time=0.041..0.604 rows=480 loops=1)
                           Filter: ((unix_time >= '1685451494.505'::double precision) AND (unix_time <= '1685451554.505'::double precision) AND st_dwithin(st_transform(the_geom, 25833), '0101000020E96400002244F87398E0234195A981BD590C5741'::geometry, '300'::double precision))
                           Rows Removed by Filter: 3180
   ->  Subquery Scan on "*SELECT* 3371"  (cost=165745.69..165745.70 rows=1 width=76) (actual time=0.667..0.668 rows=1 loops=1)
         ->  Limit  (cost=165745.69..165745.69 rows=1 width=84) (actual time=0.663..0.664 rows=1 loops=1)
               ->  Sort  (cost=165745.69..165745.69 rows=1 width=84) (actual time=0.661..0.661 rows=1 loops=1)
                     Sort Key: (st_distance(st_transform(s_3370.the_geom, 25833), '0101000020E9640000B3222D089AE0234198F38F87580C5741'::geometry))
                     Sort Method: top-N heapsort  Memory: 25kB
                     ->  Seq Scan on phoml_trajectory_tmp s_3370  (cost=0.00..165745.68 rows=1 width=84) (actual time=0.040..0.594 rows=476 loops=1)
                           Filter: ((unix_time >= '1685451494.845'::double precision) AND (unix_time <= '1685451554.845'::double precision) AND st_dwithin(st_transform(the_geom, 25833), '0101000020E9640000B3222D089AE0234198F38F87580C5741'::geometry, '300'::double precision))
                           Rows Removed by Filter: 3184
   ->  Subquery Scan on "*SELECT* 3372"  (cost=165745.69..165745.70 rows=1 width=76) (actual time=0.647..0.648 rows=1 loops=1)
         ->  Limit  (cost=165745.69..165745.69 rows=1 width=84) (actual time=0.645..0.646 rows=1 loops=1)
               ->  Sort  (cost=165745.69..165745.69 rows=1 width=84) (actual time=0.643..0.643 rows=1 loops=1)
                     Sort Key: (st_distance(st_transform(s_3371.the_geom, 25833), '0101000020E96400002C85F7A89BE0234150A8E644570C5741'::geometry))
                     Sort Method: top-N heapsort  Memory: 25kB
                     ->  Seq Scan on phoml_trajectory_tmp s_3371  (cost=0.00..165745.68 rows=1 width=84) (actual time=0.040..0.573 rows=480 loops=1)
                           Filter: ((unix_time >= '1685451495.197'::double precision) AND (unix_time <= '1685451555.197'::double precision) AND st_dwithin(st_transform(the_geom, 25833), '0101000020E96400002C85F7A89BE0234150A8E644570C5741'::geometry, '300'::double precision))
                           Rows Removed by Filter: 3180
   ->  Subquery Scan on "*SELECT* 3373"  (cost=165745.69..165745.70 rows=1 width=76) (actual time=0.661..0.662 rows=1 loops=1)
         ->  Limit  (cost=165745.69..165745.69 rows=1 width=84) (actual time=0.658..0.659 rows=1 loops=1)
               ->  Sort  (cost=165745.69..165745.69 rows=1 width=84) (actual time=0.656..0.656 rows=1 loops=1)
                     Sort Key: (st_distance(st_transform(s_3372.the_geom, 25833), '0101000020E96400003305351F9DE02341EC77CB0E560C5741'::geometry))
                     Sort Method: top-N heapsort  Memory: 25kB
                     ->  Seq Scan on phoml_trajectory_tmp s_3372  (cost=0.00..165745.68 rows=1 width=84) (actual time=0.040..0.589 rows=476 loops=1)
                           Filter: ((unix_time >= '1685451495.527'::double precision) AND (unix_time <= '1685451555.527'::double precision) AND st_dwithin(st_transform(the_geom, 25833), '0101000020E96400003305351F9DE02341EC77CB0E560C5741'::geometry, '300'::double precision))
                           Rows Removed by Filter: 3184
   ->  Subquery Scan on "*SELECT* 3374"  (cost=165745.69..165745.70 rows=1 width=76) (actual time=0.666..0.667 rows=1 loops=1)
         ->  Limit  (cost=165745.69..165745.69 rows=1 width=84) (actual time=0.662..0.662 rows=1 loops=1)
               ->  Sort  (cost=165745.69..165745.69 rows=1 width=84) (actual time=0.660..0.660 rows=1 loops=1)
                     Sort Key: (st_distance(st_transform(s_3373.the_geom, 25833), '0101000020E96400007AF1A4BC9EE02341C66BA0DE540C5741'::geometry))
                     Sort Method: top-N heapsort  Memory: 25kB
                     ->  Seq Scan on phoml_trajectory_tmp s_3373  (cost=0.00..165745.68 rows=1 width=84) (actual time=0.039..0.592 rows=480 loops=1)
                           Filter: ((unix_time >= '1685451495.857'::double precision) AND (unix_time <= '1685451555.857'::double precision) AND st_dwithin(st_transform(the_geom, 25833), '0101000020E96400007AF1A4BC9EE02341C66BA0DE540C5741'::geometry, '300'::double precision))
                           Rows Removed by Filter: 3180
   ->  Subquery Scan on "*SELECT* 3375"  (cost=165745.69..165745.70 rows=1 width=76) (actual time=0.651..0.652 rows=1 loops=1)
         ->  Limit  (cost=165745.69..165745.69 rows=1 width=84) (actual time=0.649..0.649 rows=1 loops=1)
               ->  Sort  (cost=165745.69..165745.69 rows=1 width=84) (actual time=0.647..0.647 rows=1 loops=1)
                     Sort Key: (st_distance(st_transform(s_3374.the_geom, 25833), '0101000020E9640000E02EE387A0E02341B770CE90530C5741'::geometry))
                     Sort Method: top-N heapsort  Memory: 25kB
                     ->  Seq Scan on phoml_trajectory_tmp s_3374  (cost=0.00..165745.68 rows=1 width=84) (actual time=0.040..0.580 rows=476 loops=1)
                           Filter: ((unix_time >= '1685451496.217'::double precision) AND (unix_time <= '1685451556.217'::double precision) AND st_dwithin(st_transform(the_geom, 25833), '0101000020E9640000E02EE387A0E02341B770CE90530C5741'::geometry, '300'::double precision))
                           Rows Removed by Filter: 3184
   ->  Subquery Scan on "*SELECT* 3376"  (cost=165745.69..165745.70 rows=1 width=76) (actual time=0.654..0.655 rows=1 loops=1)
         ->  Limit  (cost=165745.69..165745.69 rows=1 width=84) (actual time=0.650..0.651 rows=1 loops=1)
               ->  Sort  (cost=165745.69..165745.69 rows=1 width=84) (actual time=0.648..0.649 rows=1 loops=1)
                     Sort Key: (st_distance(st_transform(s_3375.the_geom, 25833), '0101000020E96400005266FC41A2E02341EFD50461520C5741'::geometry))
                     Sort Method: top-N heapsort  Memory: 25kB
                     ->  Seq Scan on phoml_trajectory_tmp s_3375  (cost=0.00..165745.68 rows=1 width=84) (actual time=0.043..0.583 rows=476 loops=1)
                           Filter: ((unix_time >= '1685451496.547'::double precision) AND (unix_time <= '1685451556.547'::double precision) AND st_dwithin(st_transform(the_geom, 25833), '0101000020E96400005266FC41A2E02341EFD50461520C5741'::geometry, '300'::double precision))
                           Rows Removed by Filter: 3184
   ->  Subquery Scan on "*SELECT* 3377"  (cost=165745.69..165745.70 rows=1 width=76) (actual time=0.689..0.690 rows=1 loops=1)
         ->  Limit  (cost=165745.69..165745.69 rows=1 width=84) (actual time=0.685..0.686 rows=1 loops=1)
               ->  Sort  (cost=165745.69..165745.69 rows=1 width=84) (actual time=0.683..0.684 rows=1 loops=1)
                     Sort Key: (st_distance(st_transform(s_3376.the_geom, 25833), '0101000020E9640000DE49A014A4E02341CCF13821510C5741'::geometry))
                     Sort Method: top-N heapsort  Memory: 25kB
                     ->  Seq Scan on phoml_trajectory_tmp s_3376  (cost=0.00..165745.68 rows=1 width=84) (actual time=0.040..0.592 rows=480 loops=1)
                           Filter: ((unix_time >= '1685451496.887'::double precision) AND (unix_time <= '1685451556.887'::double precision) AND st_dwithin(st_transform(the_geom, 25833), '0101000020E9640000DE49A014A4E02341CCF13821510C5741'::geometry, '300'::double precision))
                           Rows Removed by Filter: 3180
   ->  Subquery Scan on "*SELECT* 3378"  (cost=165745.69..165745.70 rows=1 width=76) (actual time=0.652..0.653 rows=1 loops=1)
         ->  Limit  (cost=165745.69..165745.69 rows=1 width=84) (actual time=0.649..0.650 rows=1 loops=1)
               ->  Sort  (cost=165745.69..165745.69 rows=1 width=84) (actual time=0.646..0.647 rows=1 loops=1)
                     Sort Key: (st_distance(st_transform(s_3377.the_geom, 25833), '0101000020E9640000AF2F20DEA5E02341325CD6E74F0C5741'::geometry))
                     Sort Method: top-N heapsort  Memory: 25kB
                     ->  Seq Scan on phoml_trajectory_tmp s_3377  (cost=0.00..165745.68 rows=1 width=84) (actual time=0.039..0.579 rows=476 loops=1)
                           Filter: ((unix_time >= '1685451497.22'::double precision) AND (unix_time <= '1685451557.22'::double precision) AND st_dwithin(st_transform(the_geom, 25833), '0101000020E9640000AF2F20DEA5E02341325CD6E74F0C5741'::geometry, '300'::double precision))
                           Rows Removed by Filter: 3184
   ->  Subquery Scan on "*SELECT* 3379"  (cost=165745.69..165745.70 rows=1 width=76) (actual time=0.701..0.702 rows=1 loops=1)
         ->  Limit  (cost=165745.69..165745.69 rows=1 width=84) (actual time=0.697..0.698 rows=1 loops=1)
               ->  Sort  (cost=165745.69..165745.69 rows=1 width=84) (actual time=0.695..0.696 rows=1 loops=1)
                     Sort Key: (st_distance(st_transform(s_3378.the_geom, 25833), '0101000020E96400004643D697A7E02341E9EDA0A94E0C5741'::geometry))
                     Sort Method: top-N heapsort  Memory: 25kB
                     ->  Seq Scan on phoml_trajectory_tmp s_3378  (cost=0.00..165745.68 rows=1 width=84) (actual time=0.041..0.624 rows=480 loops=1)
                           Filter: ((unix_time >= '1685451497.56'::double precision) AND (unix_time <= '1685451557.56'::double precision) AND st_dwithin(st_transform(the_geom, 25833), '0101000020E96400004643D697A7E02341E9EDA0A94E0C5741'::geometry, '300'::double precision))
                           Rows Removed by Filter: 3180
   ->  Subquery Scan on "*SELECT* 3380"  (cost=165745.69..165745.70 rows=1 width=76) (actual time=0.758..0.760 rows=1 loops=1)
         ->  Limit  (cost=165745.69..165745.69 rows=1 width=84) (actual time=0.731..0.732 rows=1 loops=1)
               ->  Sort  (cost=165745.69..165745.69 rows=1 width=84) (actual time=0.729..0.729 rows=1 loops=1)
                     Sort Key: (st_distance(st_transform(s_3379.the_geom, 25833), '0101000020E9640000C9626E72A9E0234189E911704D0C5741'::geometry))
                     Sort Method: top-N heapsort  Memory: 25kB
                     ->  Seq Scan on phoml_trajectory_tmp s_3379  (cost=0.00..165745.68 rows=1 width=84) (actual time=0.042..0.648 rows=476 loops=1)
                           Filter: ((unix_time >= '1685451497.89'::double precision) AND (unix_time <= '1685451557.89'::double precision) AND st_dwithin(st_transform(the_geom, 25833), '0101000020E9640000C9626E72A9E0234189E911704D0C5741'::geometry, '300'::double precision))
                           Rows Removed by Filter: 3184
   ->  Subquery Scan on "*SELECT* 3381"  (cost=165745.69..165745.70 rows=1 width=76) (actual time=0.690..0.691 rows=1 loops=1)
         ->  Limit  (cost=165745.69..165745.69 rows=1 width=84) (actual time=0.686..0.687 rows=1 loops=1)
               ->  Sort  (cost=165745.69..165745.69 rows=1 width=84) (actual time=0.684..0.684 rows=1 loops=1)
                     Sort Key: (st_distance(st_transform(s_3380.the_geom, 25833), '0101000020E96400007AFEBC71ABE02341E1586C304C0C5741'::geometry))
                     Sort Method: top-N heapsort  Memory: 25kB
                     ->  Seq Scan on phoml_trajectory_tmp s_3380  (cost=0.00..165745.68 rows=1 width=84) (actual time=0.048..0.614 rows=480 loops=1)
                           Filter: ((unix_time >= '1685451498.233'::double precision) AND (unix_time <= '1685451558.233'::double precision) AND st_dwithin(st_transform(the_geom, 25833), '0101000020E96400007AFEBC71ABE02341E1586C304C0C5741'::geometry, '300'::double precision))
                           Rows Removed by Filter: 3180
   ->  Subquery Scan on "*SELECT* 3382"  (cost=165745.69..165745.70 rows=1 width=76) (actual time=0.645..0.645 rows=1 loops=1)
         ->  Limit  (cost=165745.69..165745.69 rows=1 width=84) (actual time=0.642..0.643 rows=1 loops=1)
               ->  Sort  (cost=165745.69..165745.69 rows=1 width=84) (actual time=0.640..0.640 rows=1 loops=1)
                     Sort Key: (st_distance(st_transform(s_3381.the_geom, 25833), '0101000020E96400007C1C1844ADE02341107165F84A0C5741'::geometry))
                     Sort Method: top-N heapsort  Memory: 25kB
                     ->  Seq Scan on phoml_trajectory_tmp s_3381  (cost=0.00..165745.68 rows=1 width=84) (actual time=0.041..0.575 rows=476 loops=1)
                           Filter: ((unix_time >= '1685451498.563'::double precision) AND (unix_time <= '1685451558.563'::double precision) AND st_dwithin(st_transform(the_geom, 25833), '0101000020E96400007C1C1844ADE02341107165F84A0C5741'::geometry, '300'::double precision))
                           Rows Removed by Filter: 3184
   ->  Subquery Scan on "*SELECT* 3383"  (cost=165745.69..165745.70 rows=1 width=76) (actual time=0.685..0.686 rows=1 loops=1)
         ->  Limit  (cost=165745.69..165745.69 rows=1 width=84) (actual time=0.681..0.682 rows=1 loops=1)
               ->  Sort  (cost=165745.69..165745.69 rows=1 width=84) (actual time=0.679..0.680 rows=1 loops=1)
                     Sort Key: (st_distance(st_transform(s_3382.the_geom, 25833), '0101000020E964000080BD5915AFE0234168D5D7BF490C5741'::geometry))
                     Sort Method: top-N heapsort  Memory: 25kB
                     ->  Seq Scan on phoml_trajectory_tmp s_3382  (cost=0.00..165745.68 rows=1 width=84) (actual time=0.042..0.611 rows=480 loops=1)
                           Filter: ((unix_time >= '1685451498.893'::double precision) AND (unix_time <= '1685451558.893'::double precision) AND st_dwithin(st_transform(the_geom, 25833), '0101000020E964000080BD5915AFE0234168D5D7BF490C5741'::geometry, '300'::double precision))
                           Rows Removed by Filter: 3180
   ->  Subquery Scan on "*SELECT* 3384"  (cost=165745.69..165745.70 rows=1 width=76) (actual time=0.673..0.674 rows=1 loops=1)
         ->  Limit  (cost=165745.69..165745.69 rows=1 width=84) (actual time=0.670..0.670 rows=1 loops=1)
               ->  Sort  (cost=165745.69..165745.69 rows=1 width=84) (actual time=0.668..0.668 rows=1 loops=1)
                     Sort Key: (st_distance(st_transform(s_3383.the_geom, 25833), '0101000020E96400000ED602DAB0E02341E7A47187480C5741'::geometry))
                     Sort Method: top-N heapsort  Memory: 25kB
                     ->  Seq Scan on phoml_trajectory_tmp s_3383  (cost=0.00..165745.68 rows=1 width=84) (actual time=0.044..0.601 rows=476 loops=1)
                           Filter: ((unix_time >= '1685451499.225'::double precision) AND (unix_time <= '1685451559.225'::double precision) AND st_dwithin(st_transform(the_geom, 25833), '0101000020E96400000ED602DAB0E02341E7A47187480C5741'::geometry, '300'::double precision))
                           Rows Removed by Filter: 3184
   ->  Subquery Scan on "*SELECT* 3385"  (cost=165745.69..165745.70 rows=1 width=76) (actual time=0.657..0.658 rows=1 loops=1)
         ->  Limit  (cost=165745.69..165745.69 rows=1 width=84) (actual time=0.655..0.656 rows=1 loops=1)
               ->  Sort  (cost=165745.69..165745.69 rows=1 width=84) (actual time=0.652..0.653 rows=1 loops=1)
                     Sort Key: (st_distance(st_transform(s_3384.the_geom, 25833), '0101000020E964000066356CBEB2E0234167775041470C5741'::geometry))
                     Sort Method: top-N heapsort  Memory: 25kB
                     ->  Seq Scan on phoml_trajectory_tmp s_3384  (cost=0.00..165745.68 rows=1 width=84) (actual time=0.049..0.585 rows=480 loops=1)
                           Filter: ((unix_time >= '1685451499.565'::double precision) AND (unix_time <= '1685451559.565'::double precision) AND st_dwithin(st_transform(the_geom, 25833), '0101000020E964000066356CBEB2E0234167775041470C5741'::geometry, '300'::double precision))
                           Rows Removed by Filter: 3180
   ->  Subquery Scan on "*SELECT* 3386"  (cost=165745.69..165745.70 rows=1 width=76) (actual time=0.653..0.654 rows=1 loops=1)
         ->  Limit  (cost=165745.69..165745.69 rows=1 width=84) (actual time=0.650..0.651 rows=1 loops=1)
               ->  Sort  (cost=165745.69..165745.69 rows=1 width=84) (actual time=0.648..0.648 rows=1 loops=1)
                     Sort Key: (st_distance(st_transform(s_3385.the_geom, 25833), '0101000020E964000073B42F8CB4E02341F389C408460C5741'::geometry))
                     Sort Method: top-N heapsort  Memory: 25kB
                     ->  Seq Scan on phoml_trajectory_tmp s_3385  (cost=0.00..165745.68 rows=1 width=84) (actual time=0.042..0.581 rows=476 loops=1)
                           Filter: ((unix_time >= '1685451499.895'::double precision) AND (unix_time <= '1685451559.895'::double precision) AND st_dwithin(st_transform(the_geom, 25833), '0101000020E964000073B42F8CB4E02341F389C408460C5741'::geometry, '300'::double precision))
                           Rows Removed by Filter: 3184
   ->  Subquery Scan on "*SELECT* 3387"  (cost=165745.69..165745.70 rows=1 width=76) (actual time=0.655..0.656 rows=1 loops=1)
         ->  Limit  (cost=165745.69..165745.69 rows=1 width=84) (actual time=0.651..0.652 rows=1 loops=1)
               ->  Sort  (cost=165745.69..165745.69 rows=1 width=84) (actual time=0.649..0.650 rows=1 loops=1)
                     Sort Key: (st_distance(st_transform(s_3386.the_geom, 25833), '0101000020E9640000B25B806BB6E023416116FFCF440C5741'::geometry))
                     Sort Method: top-N heapsort  Memory: 25kB
                     ->  Seq Scan on phoml_trajectory_tmp s_3386  (cost=0.00..165745.68 rows=1 width=84) (actual time=0.039..0.582 rows=476 loops=1)
                           Filter: ((unix_time >= '1685451500.226'::double precision) AND (unix_time <= '1685451560.226'::double precision) AND st_dwithin(st_transform(the_geom, 25833), '0101000020E9640000B25B806BB6E023416116FFCF440C5741'::geometry, '300'::double precision))
                           Rows Removed by Filter: 3184
   ->  Subquery Scan on "*SELECT* 3388"  (cost=165745.69..165745.70 rows=1 width=76) (actual time=0.647..0.648 rows=1 loops=1)
         ->  Limit  (cost=165745.69..165745.69 rows=1 width=84) (actual time=0.645..0.646 rows=1 loops=1)
               ->  Sort  (cost=165745.69..165745.69 rows=1 width=84) (actual time=0.642..0.643 rows=1 loops=1)
                     Sort Key: (st_distance(st_transform(s_3387.the_geom, 25833), '0101000020E96400008232D53DB8E02341F6954192430C5741'::geometry))
                     Sort Method: top-N heapsort  Memory: 25kB
                     ->  Seq Scan on phoml_trajectory_tmp s_3387  (cost=0.00..165745.68 rows=1 width=84) (actual time=0.041..0.574 rows=480 loops=1)
                           Filter: ((unix_time >= '1685451500.556'::double precision) AND (unix_time <= '1685451560.556'::double precision) AND st_dwithin(st_transform(the_geom, 25833), '0101000020E96400008232D53DB8E02341F6954192430C5741'::geometry, '300'::double precision))
                           Rows Removed by Filter: 3180
   ->  Subquery Scan on "*SELECT* 3389"  (cost=165745.69..165745.70 rows=1 width=76) (actual time=0.670..0.671 rows=1 loops=1)
         ->  Limit  (cost=165745.69..165745.69 rows=1 width=84) (actual time=0.667..0.668 rows=1 loops=1)
               ->  Sort  (cost=165745.69..165745.69 rows=1 width=84) (actual time=0.666..0.666 rows=1 loops=1)
                     Sort Key: (st_distance(st_transform(s_3388.the_geom, 25833), '0101000020E9640000AA39B5F1B9E023411586165B420C5741'::geometry))
                     Sort Method: top-N heapsort  Memory: 25kB
                     ->  Seq Scan on phoml_trajectory_tmp s_3388  (cost=0.00..165745.68 rows=1 width=84) (actual time=0.041..0.596 rows=476 loops=1)
                           Filter: ((unix_time >= '1685451500.886'::double precision) AND (unix_time <= '1685451560.886'::double precision) AND st_dwithin(st_transform(the_geom, 25833), '0101000020E9640000AA39B5F1B9E023411586165B420C5741'::geometry, '300'::double precision))
                           Rows Removed by Filter: 3184
   ->  Subquery Scan on "*SELECT* 3390"  (cost=165745.69..165745.70 rows=1 width=76) (actual time=0.655..0.656 rows=1 loops=1)
         ->  Limit  (cost=165745.69..165745.69 rows=1 width=84) (actual time=0.651..0.652 rows=1 loops=1)
               ->  Sort  (cost=165745.69..165745.69 rows=1 width=84) (actual time=0.649..0.649 rows=1 loops=1)
                     Sort Key: (st_distance(st_transform(s_3389.the_geom, 25833), '0101000020E964000056DD4ACABBE023412DD2071D410C5741'::geometry))
                     Sort Method: top-N heapsort  Memory: 25kB
                     ->  Seq Scan on phoml_trajectory_tmp s_3389  (cost=0.00..165745.68 rows=1 width=84) (actual time=0.039..0.581 rows=480 loops=1)
                           Filter: ((unix_time >= '1685451501.22'::double precision) AND (unix_time <= '1685451561.22'::double precision) AND st_dwithin(st_transform(the_geom, 25833), '0101000020E964000056DD4ACABBE023412DD2071D410C5741'::geometry, '300'::double precision))
                           Rows Removed by Filter: 3180
   ->  Subquery Scan on "*SELECT* 3391"  (cost=165745.69..165745.70 rows=1 width=76) (actual time=0.643..0.644 rows=1 loops=1)
         ->  Limit  (cost=165745.69..165745.69 rows=1 width=84) (actual time=0.641..0.641 rows=1 loops=1)
               ->  Sort  (cost=165745.69..165745.69 rows=1 width=84) (actual time=0.639..0.639 rows=1 loops=1)
                     Sort Key: (st_distance(st_transform(s_3390.the_geom, 25833), '0101000020E96400003ACC5F82BDE02341ED02E9E43F0C5741'::geometry))
                     Sort Method: top-N heapsort  Memory: 25kB
                     ->  Seq Scan on phoml_trajectory_tmp s_3390  (cost=0.00..165745.68 rows=1 width=84) (actual time=0.042..0.573 rows=476 loops=1)
                           Filter: ((unix_time >= '1685451501.55'::double precision) AND (unix_time <= '1685451561.55'::double precision) AND st_dwithin(st_transform(the_geom, 25833), '0101000020E96400003ACC5F82BDE02341ED02E9E43F0C5741'::geometry, '300'::double precision))
                           Rows Removed by Filter: 3184
   ->  Subquery Scan on "*SELECT* 3392"  (cost=165745.69..165745.70 rows=1 width=76) (actual time=0.657..0.658 rows=1 loops=1)
         ->  Limit  (cost=165745.69..165745.69 rows=1 width=84) (actual time=0.653..0.654 rows=1 loops=1)
               ->  Sort  (cost=165745.69..165745.69 rows=1 width=84) (actual time=0.651..0.651 rows=1 loops=1)
                     Sort Key: (st_distance(st_transform(s_3391.the_geom, 25833), '0101000020E96400002EAF3666BFE02341299858AD3E0C5741'::geometry))
                     Sort Method: top-N heapsort  Memory: 25kB
                     ->  Seq Scan on phoml_trajectory_tmp s_3391  (cost=0.00..165745.68 rows=1 width=84) (actual time=0.039..0.584 rows=480 loops=1)
                           Filter: ((unix_time >= '1685451501.88'::double precision) AND (unix_time <= '1685451561.88'::double precision) AND st_dwithin(st_transform(the_geom, 25833), '0101000020E96400002EAF3666BFE02341299858AD3E0C5741'::geometry, '300'::double precision))
                           Rows Removed by Filter: 3180
   ->  Subquery Scan on "*SELECT* 3393"  (cost=165745.69..165745.70 rows=1 width=76) (actual time=0.660..0.661 rows=1 loops=1)
         ->  Limit  (cost=165745.69..165745.69 rows=1 width=84) (actual time=0.655..0.655 rows=1 loops=1)
               ->  Sort  (cost=165745.69..165745.69 rows=1 width=84) (actual time=0.651..0.652 rows=1 loops=1)
                     Sort Key: (st_distance(st_transform(s_3392.the_geom, 25833), '0101000020E964000060BB6C18C1E023411B890D6F3D0C5741'::geometry))
                     Sort Method: top-N heapsort  Memory: 25kB
                     ->  Seq Scan on phoml_trajectory_tmp s_3392  (cost=0.00..165745.68 rows=1 width=84) (actual time=0.044..0.581 rows=476 loops=1)
                           Filter: ((unix_time >= '1685451502.22'::double precision) AND (unix_time <= '1685451562.22'::double precision) AND st_dwithin(st_transform(the_geom, 25833), '0101000020E964000060BB6C18C1E023411B890D6F3D0C5741'::geometry, '300'::double precision))
                           Rows Removed by Filter: 3184
   ->  Subquery Scan on "*SELECT* 3394"  (cost=165745.69..165745.70 rows=1 width=76) (actual time=0.641..0.642 rows=1 loops=1)
         ->  Limit  (cost=165745.69..165745.69 rows=1 width=84) (actual time=0.638..0.639 rows=1 loops=1)
               ->  Sort  (cost=165745.69..165745.69 rows=1 width=84) (actual time=0.635..0.636 rows=1 loops=1)
                     Sort Key: (st_distance(st_transform(s_3393.the_geom, 25833), '0101000020E9640000561884C5C2E02341AEC985323C0C5741'::geometry))
                     Sort Method: top-N heapsort  Memory: 25kB
                     ->  Seq Scan on phoml_trajectory_tmp s_3393  (cost=0.00..165745.68 rows=1 width=84) (actual time=0.041..0.568 rows=476 loops=1)
                           Filter: ((unix_time >= '1685451502.55'::double precision) AND (unix_time <= '1685451562.55'::double precision) AND st_dwithin(st_transform(the_geom, 25833), '0101000020E9640000561884C5C2E02341AEC985323C0C5741'::geometry, '300'::double precision))
                           Rows Removed by Filter: 3184
   ->  Subquery Scan on "*SELECT* 3395"  (cost=165745.69..165745.70 rows=1 width=76) (actual time=0.667..0.668 rows=1 loops=1)
         ->  Limit  (cost=165745.69..165745.69 rows=1 width=84) (actual time=0.664..0.664 rows=1 loops=1)
               ->  Sort  (cost=165745.69..165745.69 rows=1 width=84) (actual time=0.662..0.662 rows=1 loops=1)
                     Sort Key: (st_distance(st_transform(s_3394.the_geom, 25833), '0101000020E9640000A209B878C4E02341E7CF36FB3A0C5741'::geometry))
                     Sort Method: top-N heapsort  Memory: 25kB
                     ->  Seq Scan on phoml_trajectory_tmp s_3394  (cost=0.00..165745.68 rows=1 width=84) (actual time=0.041..0.593 rows=480 loops=1)
                           Filter: ((unix_time >= '1685451502.879'::double precision) AND (unix_time <= '1685451562.879'::double precision) AND st_dwithin(st_transform(the_geom, 25833), '0101000020E9640000A209B878C4E02341E7CF36FB3A0C5741'::geometry, '300'::double precision))
                           Rows Removed by Filter: 3180
   ->  Subquery Scan on "*SELECT* 3396"  (cost=165745.69..165745.70 rows=1 width=76) (actual time=0.717..0.719 rows=1 loops=1)
         ->  Limit  (cost=165745.69..165745.69 rows=1 width=84) (actual time=0.713..0.714 rows=1 loops=1)
               ->  Sort  (cost=165745.69..165745.69 rows=1 width=84) (actual time=0.711..0.711 rows=1 loops=1)
                     Sort Key: (st_distance(st_transform(s_3395.the_geom, 25833), '0101000020E96400000D19770DC6E02341CD85AACA390C5741'::geometry))
                     Sort Method: top-N heapsort  Memory: 25kB
                     ->  Seq Scan on phoml_trajectory_tmp s_3395  (cost=0.00..165745.68 rows=1 width=84) (actual time=0.043..0.639 rows=476 loops=1)
                           Filter: ((unix_time >= '1685451503.202'::double precision) AND (unix_time <= '1685451563.202'::double precision) AND st_dwithin(st_transform(the_geom, 25833), '0101000020E96400000D19770DC6E02341CD85AACA390C5741'::geometry, '300'::double precision))
                           Rows Removed by Filter: 3184
   ->  Subquery Scan on "*SELECT* 3397"  (cost=165745.69..165745.70 rows=1 width=76) (actual time=0.659..0.660 rows=1 loops=1)
         ->  Limit  (cost=165745.69..165745.69 rows=1 width=84) (actual time=0.657..0.658 rows=1 loops=1)
               ->  Sort  (cost=165745.69..165745.69 rows=1 width=84) (actual time=0.654..0.654 rows=1 loops=1)
                     Sort Key: (st_distance(st_transform(s_3396.the_geom, 25833), '0101000020E9640000707D25C9C7E023418C56E584380C5741'::geometry))
                     Sort Method: top-N heapsort  Memory: 25kB
                     ->  Seq Scan on phoml_trajectory_tmp s_3396  (cost=0.00..165745.68 rows=1 width=84) (actual time=0.048..0.585 rows=480 loops=1)
                           Filter: ((unix_time >= '1685451503.542'::double precision) AND (unix_time <= '1685451563.542'::double precision) AND st_dwithin(st_transform(the_geom, 25833), '0101000020E9640000707D25C9C7E023418C56E584380C5741'::geometry, '300'::double precision))
                           Rows Removed by Filter: 3180
   ->  Subquery Scan on "*SELECT* 3398"  (cost=165745.69..165745.70 rows=1 width=76) (actual time=0.660..0.661 rows=1 loops=1)
         ->  Limit  (cost=165745.69..165745.69 rows=1 width=84) (actual time=0.658..0.659 rows=1 loops=1)
               ->  Sort  (cost=165745.69..165745.69 rows=1 width=84) (actual time=0.656..0.656 rows=1 loops=1)
                     Sort Key: (st_distance(st_transform(s_3397.the_geom, 25833), '0101000020E9640000317B1F90C9E0234114EC205B370C5741'::geometry))
                     Sort Method: top-N heapsort  Memory: 25kB
                     ->  Seq Scan on phoml_trajectory_tmp s_3397  (cost=0.00..165745.68 rows=1 width=84) (actual time=0.052..0.586 rows=476 loops=1)
                           Filter: ((unix_time >= '1685451503.862'::double precision) AND (unix_time <= '1685451563.862'::double precision) AND st_dwithin(st_transform(the_geom, 25833), '0101000020E9640000317B1F90C9E0234114EC205B370C5741'::geometry, '300'::double precision))
                           Rows Removed by Filter: 3184
   ->  Subquery Scan on "*SELECT* 3399"  (cost=165745.69..165745.70 rows=1 width=76) (actual time=0.667..0.668 rows=1 loops=1)
         ->  Limit  (cost=165745.69..165745.69 rows=1 width=84) (actual time=0.663..0.664 rows=1 loops=1)
               ->  Sort  (cost=165745.69..165745.69 rows=1 width=84) (actual time=0.661..0.661 rows=1 loops=1)
                     Sort Key: (st_distance(st_transform(s_3398.the_geom, 25833), '0101000020E9640000D12C1352CBE023419A8C5115360C5741'::geometry))
                     Sort Method: top-N heapsort  Memory: 25kB
                     ->  Seq Scan on phoml_trajectory_tmp s_3398  (cost=0.00..165745.68 rows=1 width=84) (actual time=0.043..0.593 rows=480 loops=1)
                           Filter: ((unix_time >= '1685451504.204'::double precision) AND (unix_time <= '1685451564.204'::double precision) AND st_dwithin(st_transform(the_geom, 25833), '0101000020E9640000D12C1352CBE023419A8C5115360C5741'::geometry, '300'::double precision))
                           Rows Removed by Filter: 3180
   ->  Subquery Scan on "*SELECT* 3400"  (cost=165745.69..165745.70 rows=1 width=76) (actual time=0.643..0.644 rows=1 loops=1)
         ->  Limit  (cost=165745.69..165745.69 rows=1 width=84) (actual time=0.641..0.642 rows=1 loops=1)
               ->  Sort  (cost=165745.69..165745.69 rows=1 width=84) (actual time=0.639..0.639 rows=1 loops=1)
                     Sort Key: (st_distance(st_transform(s_3399.the_geom, 25833), '0101000020E9640000C974AE3ECDE02341FE94B0CD340C5741'::geometry))
                     Sort Method: top-N heapsort  Memory: 25kB
                     ->  Seq Scan on phoml_trajectory_tmp s_3399  (cost=0.00..165745.68 rows=1 width=84) (actual time=0.041..0.569 rows=476 loops=1)
                           Filter: ((unix_time >= '1685451504.544'::double precision) AND (unix_time <= '1685451564.544'::double precision) AND st_dwithin(st_transform(the_geom, 25833), '0101000020E9640000C974AE3ECDE02341FE94B0CD340C5741'::geometry, '300'::double precision))
                           Rows Removed by Filter: 3184
   ->  Subquery Scan on "*SELECT* 3401"  (cost=165745.69..165745.70 rows=1 width=76) (actual time=0.644..0.645 rows=1 loops=1)
         ->  Limit  (cost=165745.69..165745.69 rows=1 width=84) (actual time=0.642..0.643 rows=1 loops=1)
               ->  Sort  (cost=165745.69..165745.69 rows=1 width=84) (actual time=0.640..0.640 rows=1 loops=1)
                     Sort Key: (st_distance(st_transform(s_3400.the_geom, 25833), '0101000020E964000039BE630CCFE023418D202A9C330C5741'::geometry))
                     Sort Method: top-N heapsort  Memory: 25kB
                     ->  Seq Scan on phoml_trajectory_tmp s_3400  (cost=0.00..165745.68 rows=1 width=84) (actual time=0.053..0.573 rows=480 loops=1)
                           Filter: ((unix_time >= '1685451504.874'::double precision) AND (unix_time <= '1685451564.874'::double precision) AND st_dwithin(st_transform(the_geom, 25833), '0101000020E964000039BE630CCFE023418D202A9C330C5741'::geometry, '300'::double precision))
                           Rows Removed by Filter: 3180
   ->  Subquery Scan on "*SELECT* 3402"  (cost=165745.69..165745.70 rows=1 width=76) (actual time=0.655..0.656 rows=1 loops=1)
         ->  Limit  (cost=165745.69..165745.69 rows=1 width=84) (actual time=0.652..0.653 rows=1 loops=1)
               ->  Sort  (cost=165745.69..165745.69 rows=1 width=84) (actual time=0.649..0.649 rows=1 loops=1)
                     Sort Key: (st_distance(st_transform(s_3401.the_geom, 25833), '0101000020E964000035887F0ED1E0234183EB275C320C5741'::geometry))
                     Sort Method: top-N heapsort  Memory: 25kB
                     ->  Seq Scan on phoml_trajectory_tmp s_3401  (cost=0.00..165745.68 rows=1 width=84) (actual time=0.040..0.581 rows=476 loops=1)
                           Filter: ((unix_time >= '1685451505.209'::double precision) AND (unix_time <= '1685451565.209'::double precision) AND st_dwithin(st_transform(the_geom, 25833), '0101000020E964000035887F0ED1E0234183EB275C320C5741'::geometry, '300'::double precision))
                           Rows Removed by Filter: 3184
   ->  Subquery Scan on "*SELECT* 3403"  (cost=165745.69..165745.70 rows=1 width=76) (actual time=0.650..0.650 rows=1 loops=1)
         ->  Limit  (cost=165745.69..165745.69 rows=1 width=84) (actual time=0.647..0.648 rows=1 loops=1)
               ->  Sort  (cost=165745.69..165745.69 rows=1 width=84) (actual time=0.645..0.645 rows=1 loops=1)
                     Sort Key: (st_distance(st_transform(s_3402.the_geom, 25833), '0101000020E9640000B79367DBD2E02341A5B8F523310C5741'::geometry))
                     Sort Method: top-N heapsort  Memory: 25kB
                     ->  Seq Scan on phoml_trajectory_tmp s_3402  (cost=0.00..165745.68 rows=1 width=84) (actual time=0.044..0.576 rows=480 loops=1)
                           Filter: ((unix_time >= '1685451505.539'::double precision) AND (unix_time <= '1685451565.539'::double precision) AND st_dwithin(st_transform(the_geom, 25833), '0101000020E9640000B79367DBD2E02341A5B8F523310C5741'::geometry, '300'::double precision))
                           Rows Removed by Filter: 3180
   ->  Subquery Scan on "*SELECT* 3404"  (cost=165745.69..165745.70 rows=1 width=76) (actual time=0.687..0.689 rows=1 loops=1)
         ->  Limit  (cost=165745.69..165745.69 rows=1 width=84) (actual time=0.685..0.686 rows=1 loops=1)
               ->  Sort  (cost=165745.69..165745.69 rows=1 width=84) (actual time=0.683..0.683 rows=1 loops=1)
                     Sort Key: (st_distance(st_transform(s_3403.the_geom, 25833), '0101000020E964000049E241B4D4E02341A31E5CE42F0C5741'::geometry))
                     Sort Method: top-N heapsort  Memory: 25kB
                     ->  Seq Scan on phoml_trajectory_tmp s_3403  (cost=0.00..165745.68 rows=1 width=84) (actual time=0.055..0.613 rows=476 loops=1)
                           Filter: ((unix_time >= '1685451505.879'::double precision) AND (unix_time <= '1685451565.879'::double precision) AND st_dwithin(st_transform(the_geom, 25833), '0101000020E964000049E241B4D4E02341A31E5CE42F0C5741'::geometry, '300'::double precision))
                           Rows Removed by Filter: 3184
   ->  Subquery Scan on "*SELECT* 3405"  (cost=165745.69..165745.70 rows=1 width=76) (actual time=0.692..0.693 rows=1 loops=1)
         ->  Limit  (cost=165745.69..165745.69 rows=1 width=84) (actual time=0.689..0.690 rows=1 loops=1)
               ->  Sort  (cost=165745.69..165745.69 rows=1 width=84) (actual time=0.687..0.687 rows=1 loops=1)
                     Sort Key: (st_distance(st_transform(s_3404.the_geom, 25833), '0101000020E96400009A6AE599D6E023418E0D6EAC2E0C5741'::geometry))
                     Sort Method: top-N heapsort  Memory: 25kB
                     ->  Seq Scan on phoml_trajectory_tmp s_3404  (cost=0.00..165745.68 rows=1 width=84) (actual time=0.043..0.618 rows=480 loops=1)
                           Filter: ((unix_time >= '1685451506.215'::double precision) AND (unix_time <= '1685451566.215'::double precision) AND st_dwithin(st_transform(the_geom, 25833), '0101000020E96400009A6AE599D6E023418E0D6EAC2E0C5741'::geometry, '300'::double precision))
                           Rows Removed by Filter: 3180
   ->  Subquery Scan on "*SELECT* 3406"  (cost=165745.69..165745.70 rows=1 width=76) (actual time=0.673..0.674 rows=1 loops=1)
         ->  Limit  (cost=165745.69..165745.69 rows=1 width=84) (actual time=0.669..0.670 rows=1 loops=1)
               ->  Sort  (cost=165745.69..165745.69 rows=1 width=84) (actual time=0.668..0.668 rows=1 loops=1)
                     Sort Key: (st_distance(st_transform(s_3405.the_geom, 25833), '0101000020E9640000AE302258D8E02341A44DF0742D0C5741'::geometry))
                     Sort Method: top-N heapsort  Memory: 25kB
                     ->  Seq Scan on phoml_trajectory_tmp s_3405  (cost=0.00..165745.68 rows=1 width=84) (actual time=0.042..0.587 rows=480 loops=1)
                           Filter: ((unix_time >= '1685451506.545'::double precision) AND (unix_time <= '1685451566.545'::double precision) AND st_dwithin(st_transform(the_geom, 25833), '0101000020E9640000AE302258D8E02341A44DF0742D0C5741'::geometry, '300'::double precision))
                           Rows Removed by Filter: 3180
   ->  Subquery Scan on "*SELECT* 3407"  (cost=165745.69..165745.70 rows=1 width=76) (actual time=0.670..0.673 rows=1 loops=1)
         ->  Limit  (cost=165745.69..165745.69 rows=1 width=84) (actual time=0.669..0.670 rows=1 loops=1)
               ->  Sort  (cost=165745.69..165745.69 rows=1 width=84) (actual time=0.666..0.666 rows=1 loops=1)
                     Sort Key: (st_distance(st_transform(s_3406.the_geom, 25833), '0101000020E96400008DF40839DAE02341EDF42B362C0C5741'::geometry))
                     Sort Method: top-N heapsort  Memory: 25kB
                     ->  Seq Scan on phoml_trajectory_tmp s_3406  (cost=0.00..165745.68 rows=1 width=84) (actual time=0.051..0.593 rows=476 loops=1)
                           Filter: ((unix_time >= '1685451506.885'::double precision) AND (unix_time <= '1685451566.885'::double precision) AND st_dwithin(st_transform(the_geom, 25833), '0101000020E96400008DF40839DAE02341EDF42B362C0C5741'::geometry, '300'::double precision))
                           Rows Removed by Filter: 3184
   ->  Subquery Scan on "*SELECT* 3408"  (cost=165745.69..165745.70 rows=1 width=76) (actual time=0.655..0.657 rows=1 loops=1)
         ->  Limit  (cost=165745.69..165745.69 rows=1 width=84) (actual time=0.652..0.653 rows=1 loops=1)
               ->  Sort  (cost=165745.69..165745.69 rows=1 width=84) (actual time=0.650..0.651 rows=1 loops=1)
                     Sort Key: (st_distance(st_transform(s_3407.the_geom, 25833), '0101000020E964000072E57AEBDBE023418377D9FE2A0C5741'::geometry))
                     Sort Method: top-N heapsort  Memory: 25kB
                     ->  Seq Scan on phoml_trajectory_tmp s_3407  (cost=0.00..165745.68 rows=1 width=84) (actual time=0.039..0.582 rows=480 loops=1)
                           Filter: ((unix_time >= '1685451507.218'::double precision) AND (unix_time <= '1685451567.218'::double precision) AND st_dwithin(st_transform(the_geom, 25833), '0101000020E964000072E57AEBDBE023418377D9FE2A0C5741'::geometry, '300'::double precision))
                           Rows Removed by Filter: 3180
   ->  Subquery Scan on "*SELECT* 3409"  (cost=165745.69..165745.70 rows=1 width=76) (actual time=0.658..0.660 rows=1 loops=1)
         ->  Limit  (cost=165745.69..165745.69 rows=1 width=84) (actual time=0.655..0.656 rows=1 loops=1)
               ->  Sort  (cost=165745.69..165745.69 rows=1 width=84) (actual time=0.652..0.653 rows=1 loops=1)
                     Sort Key: (st_distance(st_transform(s_3408.the_geom, 25833), '0101000020E96400007232D99ADDE02341F726BEC7290C5741'::geometry))
                     Sort Method: top-N heapsort  Memory: 25kB
                     ->  Seq Scan on phoml_trajectory_tmp s_3408  (cost=0.00..165745.68 rows=1 width=84) (actual time=0.042..0.586 rows=476 loops=1)
                           Filter: ((unix_time >= '1685451507.548'::double precision) AND (unix_time <= '1685451567.548'::double precision) AND st_dwithin(st_transform(the_geom, 25833), '0101000020E96400007232D99ADDE02341F726BEC7290C5741'::geometry, '300'::double precision))
                           Rows Removed by Filter: 3184
   ->  Subquery Scan on "*SELECT* 3410"  (cost=165745.69..165745.70 rows=1 width=76) (actual time=0.649..0.663 rows=1 loops=1)
         ->  Limit  (cost=165745.69..165745.69 rows=1 width=84) (actual time=0.646..0.648 rows=1 loops=1)
               ->  Sort  (cost=165745.69..165745.69 rows=1 width=84) (actual time=0.645..0.645 rows=1 loops=1)
                     Sort Key: (st_distance(st_transform(s_3409.the_geom, 25833), '0101000020E9640000D1A96D87DFE02341D1519A81280C5741'::geometry))
                     Sort Method: top-N heapsort  Memory: 25kB
                     ->  Seq Scan on phoml_trajectory_tmp s_3409  (cost=0.00..165745.68 rows=1 width=84) (actual time=0.041..0.577 rows=480 loops=1)
                           Filter: ((unix_time >= '1685451507.898'::double precision) AND (unix_time <= '1685451567.898'::double precision) AND st_dwithin(st_transform(the_geom, 25833), '0101000020E9640000D1A96D87DFE02341D1519A81280C5741'::geometry, '300'::double precision))
                           Rows Removed by Filter: 3180
   ->  Subquery Scan on "*SELECT* 3411"  (cost=165745.69..165745.70 rows=1 width=76) (actual time=0.651..0.653 rows=1 loops=1)
         ->  Limit  (cost=165745.69..165745.69 rows=1 width=84) (actual time=0.648..0.649 rows=1 loops=1)
               ->  Sort  (cost=165745.69..165745.69 rows=1 width=84) (actual time=0.645..0.646 rows=1 loops=1)
                     Sort Key: (st_distance(st_transform(s_3410.the_geom, 25833), '0101000020E96400007BB96429E1E02341AB70234B270C5741'::geometry))
                     Sort Method: top-N heapsort  Memory: 25kB
                     ->  Seq Scan on phoml_trajectory_tmp s_3410  (cost=0.00..165745.68 rows=1 width=84) (actual time=0.041..0.577 rows=476 loops=1)
                           Filter: ((unix_time >= '1685451508.231'::double precision) AND (unix_time <= '1685451568.231'::double precision) AND st_dwithin(st_transform(the_geom, 25833), '0101000020E96400007BB96429E1E02341AB70234B270C5741'::geometry, '300'::double precision))
                           Rows Removed by Filter: 3184
   ->  Subquery Scan on "*SELECT* 3412"  (cost=165745.69..165745.70 rows=1 width=76) (actual time=0.744..0.746 rows=1 loops=1)
         ->  Limit  (cost=165745.69..165745.69 rows=1 width=84) (actual time=0.739..0.740 rows=1 loops=1)
               ->  Sort  (cost=165745.69..165745.69 rows=1 width=84) (actual time=0.737..0.737 rows=1 loops=1)
                     Sort Key: (st_distance(st_transform(s_3411.the_geom, 25833), '0101000020E9640000A7E83404E3E02341E3385E20260C5741'::geometry))
                     Sort Method: top-N heapsort  Memory: 25kB
                     ->  Seq Scan on phoml_trajectory_tmp s_3411  (cost=0.00..165745.68 rows=1 width=84) (actual time=0.041..0.646 rows=480 loops=1)
                           Filter: ((unix_time >= '1685451508.551'::double precision) AND (unix_time <= '1685451568.551'::double precision) AND st_dwithin(st_transform(the_geom, 25833), '0101000020E9640000A7E83404E3E02341E3385E20260C5741'::geometry, '300'::double precision))
                           Rows Removed by Filter: 3180
   ->  Subquery Scan on "*SELECT* 3413"  (cost=165745.69..165745.70 rows=1 width=76) (actual time=0.720..0.723 rows=1 loops=1)
         ->  Limit  (cost=165745.69..165745.69 rows=1 width=84) (actual time=0.718..0.719 rows=1 loops=1)
               ->  Sort  (cost=165745.69..165745.69 rows=1 width=84) (actual time=0.714..0.715 rows=1 loops=1)
                     Sort Key: (st_distance(st_transform(s_3412.the_geom, 25833), '0101000020E96400005DE58D01E5E023417F2882D2240C5741'::geometry))
                     Sort Method: top-N heapsort  Memory: 25kB
                     ->  Seq Scan on phoml_trajectory_tmp s_3412  (cost=0.00..165745.68 rows=1 width=84) (actual time=0.066..0.626 rows=476 loops=1)
                           Filter: ((unix_time >= '1685451508.901'::double precision) AND (unix_time <= '1685451568.901'::double precision) AND st_dwithin(st_transform(the_geom, 25833), '0101000020E96400005DE58D01E5E023417F2882D2240C5741'::geometry, '300'::double precision))
                           Rows Removed by Filter: 3184
   ->  Subquery Scan on "*SELECT* 3414"  (cost=165745.69..165745.70 rows=1 width=76) (actual time=0.663..0.664 rows=1 loops=1)
         ->  Limit  (cost=165745.69..165745.69 rows=1 width=84) (actual time=0.660..0.661 rows=1 loops=1)
               ->  Sort  (cost=165745.69..165745.69 rows=1 width=84) (actual time=0.658..0.658 rows=1 loops=1)
                     Sort Key: (st_distance(st_transform(s_3413.the_geom, 25833), '0101000020E964000012231AE7E6E0234135735199230C5741'::geometry))
                     Sort Method: top-N heapsort  Memory: 25kB
                     ->  Seq Scan on phoml_trajectory_tmp s_3413  (cost=0.00..165745.68 rows=1 width=84) (actual time=0.053..0.590 rows=480 loops=1)
                           Filter: ((unix_time >= '1685451509.235'::double precision) AND (unix_time <= '1685451569.235'::double precision) AND st_dwithin(st_transform(the_geom, 25833), '0101000020E964000012231AE7E6E0234135735199230C5741'::geometry, '300'::double precision))
                           Rows Removed by Filter: 3180
   ->  Subquery Scan on "*SELECT* 3415"  (cost=165745.69..165745.70 rows=1 width=76) (actual time=0.662..0.663 rows=1 loops=1)
         ->  Limit  (cost=165745.69..165745.69 rows=1 width=84) (actual time=0.658..0.659 rows=1 loops=1)
               ->  Sort  (cost=165745.69..165745.69 rows=1 width=84) (actual time=0.656..0.656 rows=1 loops=1)
                     Sort Key: (st_distance(st_transform(s_3414.the_geom, 25833), '0101000020E9640000132F4100E9E02341F150A658220C5741'::geometry))
                     Sort Method: top-N heapsort  Memory: 25kB
                     ->  Seq Scan on phoml_trajectory_tmp s_3414  (cost=0.00..165745.68 rows=1 width=84) (actual time=0.042..0.589 rows=476 loops=1)
                           Filter: ((unix_time >= '1685451509.575'::double precision) AND (unix_time <= '1685451569.575'::double precision) AND st_dwithin(st_transform(the_geom, 25833), '0101000020E9640000132F4100E9E02341F150A658220C5741'::geometry, '300'::double precision))
                           Rows Removed by Filter: 3184
   ->  Subquery Scan on "*SELECT* 3416"  (cost=165745.69..165745.70 rows=1 width=76) (actual time=0.644..0.645 rows=1 loops=1)
         ->  Limit  (cost=165745.69..165745.69 rows=1 width=84) (actual time=0.641..0.642 rows=1 loops=1)
               ->  Sort  (cost=165745.69..165745.69 rows=1 width=84) (actual time=0.639..0.639 rows=1 loops=1)
                     Sort Key: (st_distance(st_transform(s_3415.the_geom, 25833), '0101000020E9640000130D2B0BEBE02341C08C5E1F210C5741'::geometry))
                     Sort Method: top-N heapsort  Memory: 25kB
                     ->  Seq Scan on phoml_trajectory_tmp s_3415  (cost=0.00..165745.68 rows=1 width=84) (actual time=0.042..0.570 rows=476 loops=1)
                           Filter: ((unix_time >= '1685451509.905'::double precision) AND (unix_time <= '1685451569.905'::double precision) AND st_dwithin(st_transform(the_geom, 25833), '0101000020E9640000130D2B0BEBE02341C08C5E1F210C5741'::geometry, '300'::double precision))
                           Rows Removed by Filter: 3184
   ->  Subquery Scan on "*SELECT* 3417"  (cost=165745.69..165745.70 rows=1 width=76) (actual time=0.666..0.680 rows=1 loops=1)
         ->  Limit  (cost=165745.69..165745.69 rows=1 width=84) (actual time=0.663..0.664 rows=1 loops=1)
               ->  Sort  (cost=165745.69..165745.69 rows=1 width=84) (actual time=0.662..0.662 rows=1 loops=1)
                     Sort Key: (st_distance(st_transform(s_3416.the_geom, 25833), '0101000020E964000041ED1516EDE02341E00426DF1F0C5741'::geometry))
                     Sort Method: top-N heapsort  Memory: 25kB
                     ->  Seq Scan on phoml_trajectory_tmp s_3416  (cost=0.00..165745.68 rows=1 width=84) (actual time=0.057..0.594 rows=476 loops=1)
                           Filter: ((unix_time >= '1685451510.24'::double precision) AND (unix_time <= '1685451570.24'::double precision) AND st_dwithin(st_transform(the_geom, 25833), '0101000020E964000041ED1516EDE02341E00426DF1F0C5741'::geometry, '300'::double precision))
                           Rows Removed by Filter: 3184
   ->  Subquery Scan on "*SELECT* 3418"  (cost=165745.69..165745.70 rows=1 width=76) (actual time=0.668..0.669 rows=1 loops=1)
         ->  Limit  (cost=165745.69..165745.69 rows=1 width=84) (actual time=0.661..0.662 rows=1 loops=1)
               ->  Sort  (cost=165745.69..165745.69 rows=1 width=84) (actual time=0.657..0.658 rows=1 loops=1)
                     Sort Key: (st_distance(st_transform(s_3417.the_geom, 25833), '0101000020E96400004DB6251DEFE02341C7AA47A61E0C5741'::geometry))
                     Sort Method: top-N heapsort  Memory: 25kB
                     ->  Seq Scan on phoml_trajectory_tmp s_3417  (cost=0.00..165745.68 rows=1 width=84) (actual time=0.040..0.587 rows=476 loops=1)
                           Filter: ((unix_time >= '1685451510.57'::double precision) AND (unix_time <= '1685451570.57'::double precision) AND st_dwithin(st_transform(the_geom, 25833), '0101000020E96400004DB6251DEFE02341C7AA47A61E0C5741'::geometry, '300'::double precision))
                           Rows Removed by Filter: 3184
   ->  Subquery Scan on "*SELECT* 3419"  (cost=165745.69..165745.70 rows=1 width=76) (actual time=0.683..0.684 rows=1 loops=1)
         ->  Limit  (cost=165745.69..165745.69 rows=1 width=84) (actual time=0.678..0.679 rows=1 loops=1)
               ->  Sort  (cost=165745.69..165745.69 rows=1 width=84) (actual time=0.672..0.673 rows=1 loops=1)
                     Sort Key: (st_distance(st_transform(s_3418.the_geom, 25833), '0101000020E964000019488544F1E02341FA663D661D0C5741'::geometry))
                     Sort Method: top-N heapsort  Memory: 25kB
                     ->  Seq Scan on phoml_trajectory_tmp s_3418  (cost=0.00..165745.68 rows=1 width=84) (actual time=0.057..0.598 rows=480 loops=1)
                           Filter: ((unix_time >= '1685451510.91'::double precision) AND (unix_time <= '1685451570.91'::double precision) AND st_dwithin(st_transform(the_geom, 25833), '0101000020E964000019488544F1E02341FA663D661D0C5741'::geometry, '300'::double precision))
                           Rows Removed by Filter: 3180
   ->  Subquery Scan on "*SELECT* 3420"  (cost=165745.69..165745.70 rows=1 width=76) (actual time=0.638..0.640 rows=1 loops=1)
         ->  Limit  (cost=165745.69..165745.69 rows=1 width=84) (actual time=0.636..0.637 rows=1 loops=1)
               ->  Sort  (cost=165745.69..165745.69 rows=1 width=84) (actual time=0.634..0.634 rows=1 loops=1)
                     Sort Key: (st_distance(st_transform(s_3419.the_geom, 25833), '0101000020E9640000E1A60341F3E023419CD3A8341C0C5741'::geometry))
                     Sort Method: top-N heapsort  Memory: 25kB
                     ->  Seq Scan on phoml_trajectory_tmp s_3419  (cost=0.00..165745.68 rows=1 width=84) (actual time=0.041..0.568 rows=476 loops=1)
                           Filter: ((unix_time >= '1685451511.234'::double precision) AND (unix_time <= '1685451571.234'::double precision) AND st_dwithin(st_transform(the_geom, 25833), '0101000020E9640000E1A60341F3E023419CD3A8341C0C5741'::geometry, '300'::double precision))
                           Rows Removed by Filter: 3184
   ->  Subquery Scan on "*SELECT* 3421"  (cost=165745.69..165745.70 rows=1 width=76) (actual time=0.660..0.661 rows=1 loops=1)
         ->  Limit  (cost=165745.69..165745.69 rows=1 width=84) (actual time=0.656..0.657 rows=1 loops=1)
               ->  Sort  (cost=165745.69..165745.69 rows=1 width=84) (actual time=0.655..0.655 rows=1 loops=1)
                     Sort Key: (st_distance(st_transform(s_3420.the_geom, 25833), '0101000020E964000053C75640F5E02341237F33EF1A0C5741'::geometry))
                     Sort Method: top-N heapsort  Memory: 25kB
                     ->  Seq Scan on phoml_trajectory_tmp s_3420  (cost=0.00..165745.68 rows=1 width=84) (actual time=0.041..0.584 rows=476 loops=1)
                           Filter: ((unix_time >= '1685451511.574'::double precision) AND (unix_time <= '1685451571.574'::double precision) AND st_dwithin(st_transform(the_geom, 25833), '0101000020E964000053C75640F5E02341237F33EF1A0C5741'::geometry, '300'::double precision))
                           Rows Removed by Filter: 3184
   ->  Subquery Scan on "*SELECT* 3422"  (cost=165745.69..165745.70 rows=1 width=76) (actual time=0.655..0.656 rows=1 loops=1)
         ->  Limit  (cost=165745.69..165745.69 rows=1 width=84) (actual time=0.652..0.653 rows=1 loops=1)
               ->  Sort  (cost=165745.69..165745.69 rows=1 width=84) (actual time=0.650..0.651 rows=1 loops=1)
                     Sort Key: (st_distance(st_transform(s_3421.the_geom, 25833), '0101000020E964000091F01623F7E02341E3680AB9190C5741'::geometry))
                     Sort Method: top-N heapsort  Memory: 25kB
                     ->  Seq Scan on phoml_trajectory_tmp s_3421  (cost=0.00..165745.68 rows=1 width=84) (actual time=0.040..0.582 rows=476 loops=1)
                           Filter: ((unix_time >= '1685451511.904'::double precision) AND (unix_time <= '1685451571.904'::double precision) AND st_dwithin(st_transform(the_geom, 25833), '0101000020E964000091F01623F7E02341E3680AB9190C5741'::geometry, '300'::double precision))
                           Rows Removed by Filter: 3184
   ->  Subquery Scan on "*SELECT* 3423"  (cost=165745.69..165745.70 rows=1 width=76) (actual time=0.659..0.660 rows=1 loops=1)
         ->  Limit  (cost=165745.69..165745.69 rows=1 width=84) (actual time=0.657..0.658 rows=1 loops=1)
               ->  Sort  (cost=165745.69..165745.69 rows=1 width=84) (actual time=0.654..0.655 rows=1 loops=1)
                     Sort Key: (st_distance(st_transform(s_3422.the_geom, 25833), '0101000020E96400006C004DDFF8E0234111F2BC82180C5741'::geometry))
                     Sort Method: top-N heapsort  Memory: 25kB
                     ->  Seq Scan on phoml_trajectory_tmp s_3422  (cost=0.00..165745.68 rows=1 width=84) (actual time=0.050..0.585 rows=480 loops=1)
                           Filter: ((unix_time >= '1685451512.239'::double precision) AND (unix_time <= '1685451572.239'::double precision) AND st_dwithin(st_transform(the_geom, 25833), '0101000020E96400006C004DDFF8E0234111F2BC82180C5741'::geometry, '300'::double precision))
                           Rows Removed by Filter: 3180
   ->  Subquery Scan on "*SELECT* 3424"  (cost=165745.69..165745.70 rows=1 width=76) (actual time=0.661..0.662 rows=1 loops=1)
         ->  Limit  (cost=165745.69..165745.69 rows=1 width=84) (actual time=0.658..0.659 rows=1 loops=1)
               ->  Sort  (cost=165745.69..165745.69 rows=1 width=84) (actual time=0.656..0.657 rows=1 loops=1)
                     Sort Key: (st_distance(st_transform(s_3423.the_geom, 25833), '0101000020E9640000ADA0C699FAE02341AD8D874C170C5741'::geometry))
                     Sort Method: top-N heapsort  Memory: 25kB
                     ->  Seq Scan on phoml_trajectory_tmp s_3423  (cost=0.00..165745.68 rows=1 width=84) (actual time=0.041..0.589 rows=476 loops=1)
                           Filter: ((unix_time >= '1685451512.579'::double precision) AND (unix_time <= '1685451572.579'::double precision) AND st_dwithin(st_transform(the_geom, 25833), '0101000020E9640000ADA0C699FAE02341AD8D874C170C5741'::geometry, '300'::double precision))
                           Rows Removed by Filter: 3184
   ->  Subquery Scan on "*SELECT* 3425"  (cost=165745.69..165745.70 rows=1 width=76) (actual time=0.653..0.655 rows=1 loops=1)
         ->  Limit  (cost=165745.69..165745.69 rows=1 width=84) (actual time=0.649..0.651 rows=1 loops=1)
               ->  Sort  (cost=165745.69..165745.69 rows=1 width=84) (actual time=0.647..0.648 rows=1 loops=1)
                     Sort Key: (st_distance(st_transform(s_3424.the_geom, 25833), '0101000020E96400007BA4F869FCE02341B5BBEE0F160C5741'::geometry))
                     Sort Method: top-N heapsort  Memory: 25kB
                     ->  Seq Scan on phoml_trajectory_tmp s_3424  (cost=0.00..165745.68 rows=1 width=84) (actual time=0.039..0.579 rows=480 loops=1)
                           Filter: ((unix_time >= '1685451512.929'::double precision) AND (unix_time <= '1685451572.929'::double precision) AND st_dwithin(st_transform(the_geom, 25833), '0101000020E96400007BA4F869FCE02341B5BBEE0F160C5741'::geometry, '300'::double precision))
                           Rows Removed by Filter: 3180
   ->  Subquery Scan on "*SELECT* 3426"  (cost=165745.69..165745.70 rows=1 width=76) (actual time=0.642..0.643 rows=1 loops=1)
         ->  Limit  (cost=165745.69..165745.69 rows=1 width=84) (actual time=0.640..0.641 rows=1 loops=1)
               ->  Sort  (cost=165745.69..165745.69 rows=1 width=84) (actual time=0.638..0.639 rows=1 loops=1)
                     Sort Key: (st_distance(st_transform(s_3425.the_geom, 25833), '0101000020E9640000DC4EEC3DFEE02341CBDDC2D1140C5741'::geometry))
                     Sort Method: top-N heapsort  Memory: 25kB
                     ->  Seq Scan on phoml_trajectory_tmp s_3425  (cost=0.00..165745.68 rows=1 width=84) (actual time=0.043..0.569 rows=476 loops=1)
                           Filter: ((unix_time >= '1685451513.287'::double precision) AND (unix_time <= '1685451573.287'::double precision) AND st_dwithin(st_transform(the_geom, 25833), '0101000020E9640000DC4EEC3DFEE02341CBDDC2D1140C5741'::geometry, '300'::double precision))
                           Rows Removed by Filter: 3184
   ->  Subquery Scan on "*SELECT* 3427"  (cost=165745.69..165745.70 rows=1 width=76) (actual time=0.655..0.657 rows=1 loops=1)
         ->  Limit  (cost=165745.69..165745.69 rows=1 width=84) (actual time=0.652..0.653 rows=1 loops=1)
               ->  Sort  (cost=165745.69..165745.69 rows=1 width=84) (actual time=0.650..0.650 rows=1 loops=1)
                     Sort Key: (st_distance(st_transform(s_3426.the_geom, 25833), '0101000020E964000047A7FD0E00E12341C2336799130C5741'::geometry))
                     Sort Method: top-N heapsort  Memory: 25kB
                     ->  Seq Scan on phoml_trajectory_tmp s_3426  (cost=0.00..165745.68 rows=1 width=84) (actual time=0.042..0.583 rows=476 loops=1)
                           Filter: ((unix_time >= '1685451513.647'::double precision) AND (unix_time <= '1685451573.647'::double precision) AND st_dwithin(st_transform(the_geom, 25833), '0101000020E964000047A7FD0E00E12341C2336799130C5741'::geometry, '300'::double precision))
                           Rows Removed by Filter: 3184
   ->  Subquery Scan on "*SELECT* 3428"  (cost=165745.69..165745.70 rows=1 width=76) (actual time=0.682..0.683 rows=1 loops=1)
         ->  Limit  (cost=165745.69..165745.69 rows=1 width=84) (actual time=0.677..0.678 rows=1 loops=1)
               ->  Sort  (cost=165745.69..165745.69 rows=1 width=84) (actual time=0.674..0.675 rows=1 loops=1)
                     Sort Key: (st_distance(st_transform(s_3427.the_geom, 25833), '0101000020E9640000C74C8F0E02E12341CDA71F62120C5741'::geometry))
                     Sort Method: top-N heapsort  Memory: 25kB
                     ->  Seq Scan on phoml_trajectory_tmp s_3427  (cost=0.00..165745.68 rows=1 width=84) (actual time=0.040..0.605 rows=480 loops=1)
                           Filter: ((unix_time >= '1685451514.037'::double precision) AND (unix_time <= '1685451574.037'::double precision) AND st_dwithin(st_transform(the_geom, 25833), '0101000020E9640000C74C8F0E02E12341CDA71F62120C5741'::geometry, '300'::double precision))
                           Rows Removed by Filter: 3180
   ->  Subquery Scan on "*SELECT* 3429"  (cost=165745.69..165745.70 rows=1 width=76) (actual time=0.723..0.724 rows=1 loops=1)
         ->  Limit  (cost=165745.69..165745.69 rows=1 width=84) (actual time=0.719..0.720 rows=1 loops=1)
               ->  Sort  (cost=165745.69..165745.69 rows=1 width=84) (actual time=0.717..0.717 rows=1 loops=1)
                     Sort Key: (st_distance(st_transform(s_3428.the_geom, 25833), '0101000020E9640000BB50420D04E123415A4A1D21110C5741'::geometry))
                     Sort Method: top-N heapsort  Memory: 25kB
                     ->  Seq Scan on phoml_trajectory_tmp s_3428  (cost=0.00..165745.68 rows=1 width=84) (actual time=0.046..0.644 rows=476 loops=1)
                           Filter: ((unix_time >= '1685451514.447'::double precision) AND (unix_time <= '1685451574.447'::double precision) AND st_dwithin(st_transform(the_geom, 25833), '0101000020E9640000BB50420D04E123415A4A1D21110C5741'::geometry, '300'::double precision))
                           Rows Removed by Filter: 3184
   ->  Subquery Scan on "*SELECT* 3430"  (cost=165745.69..165745.70 rows=1 width=76) (actual time=0.687..0.688 rows=1 loops=1)
         ->  Limit  (cost=165745.69..165745.69 rows=1 width=84) (actual time=0.683..0.684 rows=1 loops=1)
               ->  Sort  (cost=165745.69..165745.69 rows=1 width=84) (actual time=0.679..0.679 rows=1 loops=1)
                     Sort Key: (st_distance(st_transform(s_3429.the_geom, 25833), '0101000020E964000098DEC80406E12341174AC2E20F0C5741'::geometry))
                     Sort Method: top-N heapsort  Memory: 25kB
                     ->  Seq Scan on phoml_trajectory_tmp s_3429  (cost=0.00..165745.68 rows=1 width=84) (actual time=0.040..0.609 rows=480 loops=1)
                           Filter: ((unix_time >= '1685451514.887'::double precision) AND (unix_time <= '1685451574.887'::double precision) AND st_dwithin(st_transform(the_geom, 25833), '0101000020E964000098DEC80406E12341174AC2E20F0C5741'::geometry, '300'::double precision))
                           Rows Removed by Filter: 3180
   ->  Subquery Scan on "*SELECT* 3431"  (cost=165745.69..165745.70 rows=1 width=76) (actual time=0.691..0.693 rows=1 loops=1)
         ->  Limit  (cost=165745.69..165745.69 rows=1 width=84) (actual time=0.688..0.688 rows=1 loops=1)
               ->  Sort  (cost=165745.69..165745.69 rows=1 width=84) (actual time=0.686..0.686 rows=1 loops=1)
                     Sort Key: (st_distance(st_transform(s_3430.the_geom, 25833), '0101000020E9640000FD074F9107E123412828FAAC0E0C5741'::geometry))
                     Sort Method: top-N heapsort  Memory: 25kB
                     ->  Seq Scan on phoml_trajectory_tmp s_3430  (cost=0.00..165745.68 rows=1 width=84) (actual time=0.056..0.618 rows=476 loops=1)
                           Filter: ((unix_time >= '1685451515.357'::double precision) AND (unix_time <= '1685451575.357'::double precision) AND st_dwithin(st_transform(the_geom, 25833), '0101000020E9640000FD074F9107E123412828FAAC0E0C5741'::geometry, '300'::double precision))
                           Rows Removed by Filter: 3184
   ->  Subquery Scan on "*SELECT* 3432"  (cost=165745.69..165745.70 rows=1 width=76) (actual time=0.677..0.678 rows=1 loops=1)
         ->  Limit  (cost=165745.69..165745.69 rows=1 width=84) (actual time=0.674..0.675 rows=1 loops=1)
               ->  Sort  (cost=165745.69..165745.69 rows=1 width=84) (actual time=0.672..0.673 rows=1 loops=1)
                     Sort Key: (st_distance(st_transform(s_3431.the_geom, 25833), '0101000020E9640000E1366B1809E12341D826D5780D0C5741'::geometry))
                     Sort Method: top-N heapsort  Memory: 25kB
                     ->  Seq Scan on phoml_trajectory_tmp s_3431  (cost=0.00..165745.68 rows=1 width=84) (actual time=0.041..0.605 rows=480 loops=1)
                           Filter: ((unix_time >= '1685451515.887'::double precision) AND (unix_time <= '1685451575.887'::double precision) AND st_dwithin(st_transform(the_geom, 25833), '0101000020E9640000E1366B1809E12341D826D5780D0C5741'::geometry, '300'::double precision))
                           Rows Removed by Filter: 3180
   ->  Subquery Scan on "*SELECT* 3433"  (cost=165745.69..165745.70 rows=1 width=76) (actual time=0.647..0.648 rows=1 loops=1)
         ->  Limit  (cost=165745.69..165745.69 rows=1 width=84) (actual time=0.644..0.645 rows=1 loops=1)
               ->  Sort  (cost=165745.69..165745.69 rows=1 width=84) (actual time=0.642..0.642 rows=1 loops=1)
                     Sort Key: (st_distance(st_transform(s_3432.the_geom, 25833), '0101000020E9640000B3A092940AE12341A8B12C3E0C0C5741'::geometry))
                     Sort Method: top-N heapsort  Memory: 25kB
                     ->  Seq Scan on phoml_trajectory_tmp s_3432  (cost=0.00..165745.68 rows=1 width=84) (actual time=0.040..0.575 rows=476 loops=1)
                           Filter: ((unix_time >= '1685451516.426'::double precision) AND (unix_time <= '1685451576.426'::double precision) AND st_dwithin(st_transform(the_geom, 25833), '0101000020E9640000B3A092940AE12341A8B12C3E0C0C5741'::geometry, '300'::double precision))
                           Rows Removed by Filter: 3184
   ->  Subquery Scan on "*SELECT* 3434"  (cost=165745.69..165745.70 rows=1 width=76) (actual time=0.651..0.652 rows=1 loops=1)
         ->  Limit  (cost=165745.69..165745.69 rows=1 width=84) (actual time=0.648..0.648 rows=1 loops=1)
               ->  Sort  (cost=165745.69..165745.69 rows=1 width=84) (actual time=0.645..0.646 rows=1 loops=1)
                     Sort Key: (st_distance(st_transform(s_3433.the_geom, 25833), '0101000020E9640000D50576960BE12341D6D58A0C0B0C5741'::geometry))
                     Sort Method: top-N heapsort  Memory: 25kB
                     ->  Seq Scan on phoml_trajectory_tmp s_3433  (cost=0.00..165745.68 rows=1 width=84) (actual time=0.038..0.578 rows=480 loops=1)
                           Filter: ((unix_time >= '1685451516.996'::double precision) AND (unix_time <= '1685451576.996'::double precision) AND st_dwithin(st_transform(the_geom, 25833), '0101000020E9640000D50576960BE12341D6D58A0C0B0C5741'::geometry, '300'::double precision))
                           Rows Removed by Filter: 3180
   ->  Subquery Scan on "*SELECT* 3435"  (cost=165745.69..165745.70 rows=1 width=76) (actual time=0.641..0.642 rows=1 loops=1)
         ->  Limit  (cost=165745.69..165745.69 rows=1 width=84) (actual time=0.639..0.640 rows=1 loops=1)
               ->  Sort  (cost=165745.69..165745.69 rows=1 width=84) (actual time=0.637..0.637 rows=1 loops=1)
                     Sort Key: (st_distance(st_transform(s_3434.the_geom, 25833), '0101000020E964000082FC10690CE123413A5312DD090C5741'::geometry))
                     Sort Method: top-N heapsort  Memory: 25kB
                     ->  Seq Scan on phoml_trajectory_tmp s_3434  (cost=0.00..165745.68 rows=1 width=84) (actual time=0.040..0.569 rows=480 loops=1)
                           Filter: ((unix_time >= '1685451517.583'::double precision) AND (unix_time <= '1685451577.583'::double precision) AND st_dwithin(st_transform(the_geom, 25833), '0101000020E964000082FC10690CE123413A5312DD090C5741'::geometry, '300'::double precision))
                           Rows Removed by Filter: 3180
   ->  Subquery Scan on "*SELECT* 3436"  (cost=165745.69..165745.70 rows=1 width=76) (actual time=0.653..0.654 rows=1 loops=1)
         ->  Limit  (cost=165745.69..165745.69 rows=1 width=84) (actual time=0.650..0.651 rows=1 loops=1)
               ->  Sort  (cost=165745.69..165745.69 rows=1 width=84) (actual time=0.648..0.648 rows=1 loops=1)
                     Sort Key: (st_distance(st_transform(s_3435.the_geom, 25833), '0101000020E9640000D1145BEB0DE123413A157A9F080C5741'::geometry))
                     Sort Method: top-N heapsort  Memory: 25kB
                     ->  Seq Scan on phoml_trajectory_tmp s_3435  (cost=0.00..165745.68 rows=1 width=84) (actual time=0.040..0.582 rows=476 loops=1)
                           Filter: ((unix_time >= '1685451518.199'::double precision) AND (unix_time <= '1685451578.199'::double precision) AND st_dwithin(st_transform(the_geom, 25833), '0101000020E9640000D1145BEB0DE123413A157A9F080C5741'::geometry, '300'::double precision))
                           Rows Removed by Filter: 3184
   ->  Subquery Scan on "*SELECT* 3437"  (cost=165745.69..165745.70 rows=1 width=76) (actual time=0.658..0.659 rows=1 loops=1)
         ->  Limit  (cost=165745.69..165745.69 rows=1 width=84) (actual time=0.654..0.655 rows=1 loops=1)
               ->  Sort  (cost=165745.69..165745.69 rows=1 width=84) (actual time=0.651..0.652 rows=1 loops=1)
                     Sort Key: (st_distance(st_transform(s_3436.the_geom, 25833), '0101000020E96400006ED21ED40FE1234119D9065C070C5741'::geometry))
                     Sort Method: top-N heapsort  Memory: 25kB
                     ->  Seq Scan on phoml_trajectory_tmp s_3436  (cost=0.00..165745.68 rows=1 width=84) (actual time=0.038..0.583 rows=480 loops=1)
                           Filter: ((unix_time >= '1685451518.829'::double precision) AND (unix_time <= '1685451578.829'::double precision) AND st_dwithin(st_transform(the_geom, 25833), '0101000020E96400006ED21ED40FE1234119D9065C070C5741'::geometry, '300'::double precision))
                           Rows Removed by Filter: 3180
   ->  Subquery Scan on "*SELECT* 3438"  (cost=165745.69..165745.70 rows=1 width=76) (actual time=0.641..0.642 rows=1 loops=1)
         ->  Limit  (cost=165745.69..165745.69 rows=1 width=84) (actual time=0.639..0.639 rows=1 loops=1)
               ->  Sort  (cost=165745.69..165745.69 rows=1 width=84) (actual time=0.637..0.637 rows=1 loops=1)
                     Sort Key: (st_distance(st_transform(s_3437.the_geom, 25833), '0101000020E964000028022FE911E12341DEB0321F060C5741'::geometry))
                     Sort Method: top-N heapsort  Memory: 25kB
                     ->  Seq Scan on phoml_trajectory_tmp s_3437  (cost=0.00..165745.68 rows=1 width=84) (actual time=0.039..0.569 rows=476 loops=1)
                           Filter: ((unix_time >= '1685451519.473'::double precision) AND (unix_time <= '1685451579.473'::double precision) AND st_dwithin(st_transform(the_geom, 25833), '0101000020E964000028022FE911E12341DEB0321F060C5741'::geometry, '300'::double precision))
                           Rows Removed by Filter: 3184
   ->  Subquery Scan on "*SELECT* 3439"  (cost=165745.69..165745.70 rows=1 width=76) (actual time=0.678..0.679 rows=1 loops=1)
         ->  Limit  (cost=165745.69..165745.69 rows=1 width=84) (actual time=0.674..0.675 rows=1 loops=1)
               ->  Sort  (cost=165745.69..165745.69 rows=1 width=84) (actual time=0.672..0.672 rows=1 loops=1)
                     Sort Key: (st_distance(st_transform(s_3438.the_geom, 25833), '0101000020E96400007B25DA3B14E12341B53C79DA040C5741'::geometry))
                     Sort Method: top-N heapsort  Memory: 25kB
                     ->  Seq Scan on phoml_trajectory_tmp s_3438  (cost=0.00..165745.68 rows=1 width=84) (actual time=0.052..0.606 rows=480 loops=1)
                           Filter: ((unix_time >= '1685451520.126'::double precision) AND (unix_time <= '1685451580.126'::double precision) AND st_dwithin(st_transform(the_geom, 25833), '0101000020E96400007B25DA3B14E12341B53C79DA040C5741'::geometry, '300'::double precision))
                           Rows Removed by Filter: 3180
   ->  Subquery Scan on "*SELECT* 3440"  (cost=165745.69..165745.70 rows=1 width=76) (actual time=0.651..0.652 rows=1 loops=1)
         ->  Limit  (cost=165745.69..165745.69 rows=1 width=84) (actual time=0.647..0.647 rows=1 loops=1)
               ->  Sort  (cost=165745.69..165745.69 rows=1 width=84) (actual time=0.645..0.645 rows=1 loops=1)
                     Sort Key: (st_distance(st_transform(s_3439.the_geom, 25833), '0101000020E96400003955273D16E12341AFA31D99030C5741'::geometry))
                     Sort Method: top-N heapsort  Memory: 25kB
                     ->  Seq Scan on phoml_trajectory_tmp s_3439  (cost=0.00..165745.68 rows=1 width=84) (actual time=0.037..0.577 rows=476 loops=1)
                           Filter: ((unix_time >= '1685451520.816'::double precision) AND (unix_time <= '1685451580.816'::double precision) AND st_dwithin(st_transform(the_geom, 25833), '0101000020E96400003955273D16E12341AFA31D99030C5741'::geometry, '300'::double precision))
                           Rows Removed by Filter: 3184
   ->  Subquery Scan on "*SELECT* 3441"  (cost=165745.69..165745.70 rows=1 width=76) (actual time=0.633..0.635 rows=1 loops=1)
         ->  Limit  (cost=165745.69..165745.69 rows=1 width=84) (actual time=0.630..0.631 rows=1 loops=1)
               ->  Sort  (cost=165745.69..165745.69 rows=1 width=84) (actual time=0.628..0.629 rows=1 loops=1)
                     Sort Key: (st_distance(st_transform(s_3440.the_geom, 25833), '0101000020E9640000D045860619E1234171452C50020C5741'::geometry))
                     Sort Method: top-N heapsort  Memory: 25kB
                     ->  Seq Scan on phoml_trajectory_tmp s_3440  (cost=0.00..165745.68 rows=1 width=84) (actual time=0.036..0.561 rows=480 loops=1)
                           Filter: ((unix_time >= '1685451521.506'::double precision) AND (unix_time <= '1685451581.506'::double precision) AND st_dwithin(st_transform(the_geom, 25833), '0101000020E9640000D045860619E1234171452C50020C5741'::geometry, '300'::double precision))
                           Rows Removed by Filter: 3180
   ->  Subquery Scan on "*SELECT* 3442"  (cost=165745.69..165745.70 rows=1 width=76) (actual time=0.652..0.653 rows=1 loops=1)
         ->  Limit  (cost=165745.69..165745.69 rows=1 width=84) (actual time=0.648..0.649 rows=1 loops=1)
               ->  Sort  (cost=165745.69..165745.69 rows=1 width=84) (actual time=0.646..0.646 rows=1 loops=1)
                     Sort Key: (st_distance(st_transform(s_3441.the_geom, 25833), '0101000020E96400007E621AB01BE1234104914C18010C5741'::geometry))
                     Sort Method: top-N heapsort  Memory: 25kB
                     ->  Seq Scan on phoml_trajectory_tmp s_3441  (cost=0.00..165745.68 rows=1 width=84) (actual time=0.041..0.578 rows=476 loops=1)
                           Filter: ((unix_time >= '1685451522.218'::double precision) AND (unix_time <= '1685451582.218'::double precision) AND st_dwithin(st_transform(the_geom, 25833), '0101000020E96400007E621AB01BE1234104914C18010C5741'::geometry, '300'::double precision))
                           Rows Removed by Filter: 3184
   ->  Subquery Scan on "*SELECT* 3443"  (cost=165745.69..165745.70 rows=1 width=76) (actual time=0.646..0.648 rows=1 loops=1)
         ->  Limit  (cost=165745.69..165745.69 rows=1 width=84) (actual time=0.643..0.644 rows=1 loops=1)
               ->  Sort  (cost=165745.69..165745.69 rows=1 width=84) (actual time=0.640..0.641 rows=1 loops=1)
                     Sort Key: (st_distance(st_transform(s_3442.the_geom, 25833), '0101000020E9640000C903A6291FE12341FCEAE0CCFF0B5741'::geometry))
                     Sort Method: top-N heapsort  Memory: 25kB
                     ->  Seq Scan on phoml_trajectory_tmp s_3442  (cost=0.00..165745.68 rows=1 width=84) (actual time=0.039..0.571 rows=476 loops=1)
                           Filter: ((unix_time >= '1685451522.958'::double precision) AND (unix_time <= '1685451582.958'::double precision) AND st_dwithin(st_transform(the_geom, 25833), '0101000020E9640000C903A6291FE12341FCEAE0CCFF0B5741'::geometry, '300'::double precision))
                           Rows Removed by Filter: 3184
   ->  Subquery Scan on "*SELECT* 3444"  (cost=165745.69..165745.70 rows=1 width=76) (actual time=0.646..0.647 rows=1 loops=1)
         ->  Limit  (cost=165745.69..165745.69 rows=1 width=84) (actual time=0.644..0.644 rows=1 loops=1)
               ->  Sort  (cost=165745.69..165745.69 rows=1 width=84) (actual time=0.641..0.641 rows=1 loops=1)
                     Sort Key: (st_distance(st_transform(s_3443.the_geom, 25833), '0101000020E9640000D209CAB921E12341EF922F93FE0B5741'::geometry))
                     Sort Method: top-N heapsort  Memory: 25kB
                     ->  Seq Scan on phoml_trajectory_tmp s_3443  (cost=0.00..165745.68 rows=1 width=84) (actual time=0.036..0.572 rows=476 loops=1)
                           Filter: ((unix_time >= '1685451523.662'::double precision) AND (unix_time <= '1685451583.662'::double precision) AND st_dwithin(st_transform(the_geom, 25833), '0101000020E9640000D209CAB921E12341EF922F93FE0B5741'::geometry, '300'::double precision))
                           Rows Removed by Filter: 3184
   ->  Subquery Scan on "*SELECT* 3445"  (cost=165745.69..165745.70 rows=1 width=76) (actual time=0.709..0.710 rows=1 loops=1)
         ->  Limit  (cost=165745.69..165745.69 rows=1 width=84) (actual time=0.705..0.705 rows=1 loops=1)
               ->  Sort  (cost=165745.69..165745.69 rows=1 width=84) (actual time=0.703..0.703 rows=1 loops=1)
                     Sort Key: (st_distance(st_transform(s_3444.the_geom, 25833), '0101000020E9640000E6A2B99223E1234138D28C5FFD0B5741'::geometry))
                     Sort Method: top-N heapsort  Memory: 25kB
                     ->  Seq Scan on phoml_trajectory_tmp s_3444  (cost=0.00..165745.68 rows=1 width=84) (actual time=0.037..0.629 rows=476 loops=1)
                           Filter: ((unix_time >= '1685451524.323'::double precision) AND (unix_time <= '1685451584.323'::double precision) AND st_dwithin(st_transform(the_geom, 25833), '0101000020E9640000E6A2B99223E1234138D28C5FFD0B5741'::geometry, '300'::double precision))
                           Rows Removed by Filter: 3184
   ->  Subquery Scan on "*SELECT* 3446"  (cost=165745.69..165745.70 rows=1 width=76) (actual time=0.671..0.673 rows=1 loops=1)
         ->  Limit  (cost=165745.69..165745.69 rows=1 width=84) (actual time=0.668..0.669 rows=1 loops=1)
               ->  Sort  (cost=165745.69..165745.69 rows=1 width=84) (actual time=0.666..0.666 rows=1 loops=1)
                     Sort Key: (st_distance(st_transform(s_3445.the_geom, 25833), '0101000020E9640000EA14965C25E123414F44462BFC0B5741'::geometry))
                     Sort Method: top-N heapsort  Memory: 25kB
                     ->  Seq Scan on phoml_trajectory_tmp s_3445  (cost=0.00..165745.68 rows=1 width=84) (actual time=0.042..0.587 rows=476 loops=1)
                           Filter: ((unix_time >= '1685451524.953'::double precision) AND (unix_time <= '1685451584.953'::double precision) AND st_dwithin(st_transform(the_geom, 25833), '0101000020E9640000EA14965C25E123414F44462BFC0B5741'::geometry, '300'::double precision))
                           Rows Removed by Filter: 3184
   ->  Subquery Scan on "*SELECT* 3447"  (cost=165745.69..165745.70 rows=1 width=76) (actual time=0.665..0.666 rows=1 loops=1)
         ->  Limit  (cost=165745.69..165745.69 rows=1 width=84) (actual time=0.661..0.662 rows=1 loops=1)
               ->  Sort  (cost=165745.69..165745.69 rows=1 width=84) (actual time=0.648..0.648 rows=1 loops=1)
                     Sort Key: (st_distance(st_transform(s_3446.the_geom, 25833), '0101000020E96400009400F5F725E1234169E88700FB0B5741'::geometry))
                     Sort Method: top-N heapsort  Memory: 25kB
                     ->  Seq Scan on phoml_trajectory_tmp s_3446  (cost=0.00..165745.68 rows=1 width=84) (actual time=0.037..0.579 rows=476 loops=1)
                           Filter: ((unix_time >= '1685451525.534'::double precision) AND (unix_time <= '1685451585.534'::double precision) AND st_dwithin(st_transform(the_geom, 25833), '0101000020E96400009400F5F725E1234169E88700FB0B5741'::geometry, '300'::double precision))
                           Rows Removed by Filter: 3184
   ->  Subquery Scan on "*SELECT* 3448"  (cost=165745.69..165745.70 rows=1 width=76) (actual time=0.643..0.645 rows=1 loops=1)
         ->  Limit  (cost=165745.69..165745.69 rows=1 width=84) (actual time=0.641..0.642 rows=1 loops=1)
               ->  Sort  (cost=165745.69..165745.69 rows=1 width=84) (actual time=0.639..0.640 rows=1 loops=1)
                     Sort Key: (st_distance(st_transform(s_3447.the_geom, 25833), '0101000020E9640000A008B27326E123416BDA66CFF90B5741'::geometry))
                     Sort Method: top-N heapsort  Memory: 25kB
                     ->  Seq Scan on phoml_trajectory_tmp s_3447  (cost=0.00..165745.68 rows=1 width=84) (actual time=0.038..0.572 rows=480 loops=1)
                           Filter: ((unix_time >= '1685451526.114'::double precision) AND (unix_time <= '1685451586.114'::double precision) AND st_dwithin(st_transform(the_geom, 25833), '0101000020E9640000A008B27326E123416BDA66CFF90B5741'::geometry, '300'::double precision))
                           Rows Removed by Filter: 3180
   ->  Subquery Scan on "*SELECT* 3449"  (cost=165745.69..165745.70 rows=1 width=76) (actual time=0.657..0.658 rows=1 loops=1)
         ->  Limit  (cost=165745.69..165745.69 rows=1 width=84) (actual time=0.653..0.655 rows=1 loops=1)
               ->  Sort  (cost=165745.69..165745.69 rows=1 width=84) (actual time=0.651..0.652 rows=1 loops=1)
                     Sort Key: (st_distance(st_transform(s_3448.the_geom, 25833), '0101000020E9640000BCAF3C8427E123411A90B19EF80B5741'::geometry))
                     Sort Method: top-N heapsort  Memory: 25kB
                     ->  Seq Scan on phoml_trajectory_tmp s_3448  (cost=0.00..165745.68 rows=1 width=84) (actual time=0.036..0.575 rows=480 loops=1)
                           Filter: ((unix_time >= '1685451526.656'::double precision) AND (unix_time <= '1685451586.656'::double precision) AND st_dwithin(st_transform(the_geom, 25833), '0101000020E9640000BCAF3C8427E123411A90B19EF80B5741'::geometry, '300'::double precision))
                           Rows Removed by Filter: 3180
   ->  Subquery Scan on "*SELECT* 3450"  (cost=165745.69..165745.70 rows=1 width=76) (actual time=0.657..0.658 rows=1 loops=1)
         ->  Limit  (cost=165745.69..165745.69 rows=1 width=84) (actual time=0.653..0.654 rows=1 loops=1)
               ->  Sort  (cost=165745.69..165745.69 rows=1 width=84) (actual time=0.651..0.651 rows=1 loops=1)
                     Sort Key: (st_distance(st_transform(s_3449.the_geom, 25833), '0101000020E964000016A5AD5E29E1234107FEC857F70B5741'::geometry))
                     Sort Method: top-N heapsort  Memory: 25kB
                     ->  Seq Scan on phoml_trajectory_tmp s_3449  (cost=0.00..165745.68 rows=1 width=84) (actual time=0.035..0.582 rows=480 loops=1)
                           Filter: ((unix_time >= '1685451527.195'::double precision) AND (unix_time <= '1685451587.195'::double precision) AND st_dwithin(st_transform(the_geom, 25833), '0101000020E964000016A5AD5E29E1234107FEC857F70B5741'::geometry, '300'::double precision))
                           Rows Removed by Filter: 3180
   ->  Subquery Scan on "*SELECT* 3451"  (cost=165745.69..165745.70 rows=1 width=76) (actual time=0.644..0.645 rows=1 loops=1)
         ->  Limit  (cost=165745.69..165745.69 rows=1 width=84) (actual time=0.642..0.642 rows=1 loops=1)
               ->  Sort  (cost=165745.69..165745.69 rows=1 width=84) (actual time=0.640..0.640 rows=1 loops=1)
                     Sort Key: (st_distance(st_transform(s_3450.the_geom, 25833), '0101000020E9640000A2CEB67E2BE12341FA0B2623F60B5741'::geometry))
                     Sort Method: top-N heapsort  Memory: 25kB
                     ->  Seq Scan on phoml_trajectory_tmp s_3450  (cost=0.00..165745.68 rows=1 width=84) (actual time=0.037..0.572 rows=480 loops=1)
                           Filter: ((unix_time >= '1685451527.695'::double precision) AND (unix_time <= '1685451587.695'::double precision) AND st_dwithin(st_transform(the_geom, 25833), '0101000020E9640000A2CEB67E2BE12341FA0B2623F60B5741'::geometry, '300'::double precision))
                           Rows Removed by Filter: 3180
   ->  Subquery Scan on "*SELECT* 3452"  (cost=165745.69..165745.70 rows=1 width=76) (actual time=0.652..0.653 rows=1 loops=1)
         ->  Limit  (cost=165745.69..165745.69 rows=1 width=84) (actual time=0.649..0.649 rows=1 loops=1)
               ->  Sort  (cost=165745.69..165745.69 rows=1 width=84) (actual time=0.647..0.647 rows=1 loops=1)
                     Sort Key: (st_distance(st_transform(s_3451.the_geom, 25833), '0101000020E96400008539E5D32DE12341189488DEF40B5741'::geometry))
                     Sort Method: top-N heapsort  Memory: 25kB
                     ->  Seq Scan on phoml_trajectory_tmp s_3451  (cost=0.00..165745.68 rows=1 width=84) (actual time=0.036..0.579 rows=476 loops=1)
                           Filter: ((unix_time >= '1685451528.192'::double precision) AND (unix_time <= '1685451588.192'::double precision) AND st_dwithin(st_transform(the_geom, 25833), '0101000020E96400008539E5D32DE12341189488DEF40B5741'::geometry, '300'::double precision))
                           Rows Removed by Filter: 3184
   ->  Subquery Scan on "*SELECT* 3453"  (cost=165745.69..165745.70 rows=1 width=76) (actual time=0.648..0.649 rows=1 loops=1)
         ->  Limit  (cost=165745.69..165745.69 rows=1 width=84) (actual time=0.645..0.645 rows=1 loops=1)
               ->  Sort  (cost=165745.69..165745.69 rows=1 width=84) (actual time=0.642..0.643 rows=1 loops=1)
                     Sort Key: (st_distance(st_transform(s_3452.the_geom, 25833), '0101000020E96400005C954D2630E12341FBF3A8A2F30B5741'::geometry))
                     Sort Method: top-N heapsort  Memory: 25kB
                     ->  Seq Scan on phoml_trajectory_tmp s_3452  (cost=0.00..165745.68 rows=1 width=84) (actual time=0.035..0.577 rows=472 loops=1)
                           Filter: ((unix_time >= '1685451528.682'::double precision) AND (unix_time <= '1685451588.682'::double precision) AND st_dwithin(st_transform(the_geom, 25833), '0101000020E96400005C954D2630E12341FBF3A8A2F30B5741'::geometry, '300'::double precision))
                           Rows Removed by Filter: 3188
   ->  Subquery Scan on "*SELECT* 3454"  (cost=165745.69..165745.70 rows=1 width=76) (actual time=0.677..0.678 rows=1 loops=1)
         ->  Limit  (cost=165745.69..165745.69 rows=1 width=84) (actual time=0.675..0.676 rows=1 loops=1)
               ->  Sort  (cost=165745.69..165745.69 rows=1 width=84) (actual time=0.673..0.673 rows=1 loops=1)
                     Sort Key: (st_distance(st_transform(s_3453.the_geom, 25833), '0101000020E9640000B618024A32E1234117CBA068F20B5741'::geometry))
                     Sort Method: top-N heapsort  Memory: 25kB
                     ->  Seq Scan on phoml_trajectory_tmp s_3453  (cost=0.00..165745.68 rows=1 width=84) (actual time=0.040..0.601 rows=476 loops=1)
                           Filter: ((unix_time >= '1685451529.149'::double precision) AND (unix_time <= '1685451589.149'::double precision) AND st_dwithin(st_transform(the_geom, 25833), '0101000020E9640000B618024A32E1234117CBA068F20B5741'::geometry, '300'::double precision))
                           Rows Removed by Filter: 3184
   ->  Subquery Scan on "*SELECT* 3455"  (cost=165745.69..165745.70 rows=1 width=76) (actual time=0.696..0.697 rows=1 loops=1)
         ->  Limit  (cost=165745.69..165745.69 rows=1 width=84) (actual time=0.692..0.693 rows=1 loops=1)
               ->  Sort  (cost=165745.69..165745.69 rows=1 width=84) (actual time=0.690..0.690 rows=1 loops=1)
                     Sort Key: (st_distance(st_transform(s_3454.the_geom, 25833), '0101000020E9640000E9FFE65234E12341A4607428F10B5741'::geometry))
                     Sort Method: top-N heapsort  Memory: 25kB
                     ->  Seq Scan on phoml_trajectory_tmp s_3454  (cost=0.00..165745.68 rows=1 width=84) (actual time=0.039..0.619 rows=476 loops=1)
                           Filter: ((unix_time >= '1685451529.599'::double precision) AND (unix_time <= '1685451589.599'::double precision) AND st_dwithin(st_transform(the_geom, 25833), '0101000020E9640000E9FFE65234E12341A4607428F10B5741'::geometry, '300'::double precision))
                           Rows Removed by Filter: 3184
   ->  Subquery Scan on "*SELECT* 3456"  (cost=165745.69..165745.70 rows=1 width=76) (actual time=0.669..0.671 rows=1 loops=1)
         ->  Limit  (cost=165745.69..165745.69 rows=1 width=84) (actual time=0.666..0.667 rows=1 loops=1)
               ->  Sort  (cost=165745.69..165745.69 rows=1 width=84) (actual time=0.664..0.664 rows=1 loops=1)
                     Sort Key: (st_distance(st_transform(s_3455.the_geom, 25833), '0101000020E9640000CB96606436E1234131216AF0EF0B5741'::geometry))
                     Sort Method: top-N heapsort  Memory: 25kB
                     ->  Seq Scan on phoml_trajectory_tmp s_3455  (cost=0.00..165745.68 rows=1 width=84) (actual time=0.048..0.596 rows=476 loops=1)
                           Filter: ((unix_time >= '1685451530.049'::double precision) AND (unix_time <= '1685451590.049'::double precision) AND st_dwithin(st_transform(the_geom, 25833), '0101000020E9640000CB96606436E1234131216AF0EF0B5741'::geometry, '300'::double precision))
                           Rows Removed by Filter: 3184
   ->  Subquery Scan on "*SELECT* 3457"  (cost=165745.69..165745.70 rows=1 width=76) (actual time=0.655..0.656 rows=1 loops=1)
         ->  Limit  (cost=165745.69..165745.69 rows=1 width=84) (actual time=0.653..0.653 rows=1 loops=1)
               ->  Sort  (cost=165745.69..165745.69 rows=1 width=84) (actual time=0.651..0.651 rows=1 loops=1)
                     Sort Key: (st_distance(st_transform(s_3456.the_geom, 25833), '0101000020E96400006FE140CA38E12341423951B5EE0B5741'::geometry))
                     Sort Method: top-N heapsort  Memory: 25kB
                     ->  Seq Scan on phoml_trajectory_tmp s_3456  (cost=0.00..165745.68 rows=1 width=84) (actual time=0.036..0.575 rows=480 loops=1)
                           Filter: ((unix_time >= '1685451530.477'::double precision) AND (unix_time <= '1685451590.477'::double precision) AND st_dwithin(st_transform(the_geom, 25833), '0101000020E96400006FE140CA38E12341423951B5EE0B5741'::geometry, '300'::double precision))
                           Rows Removed by Filter: 3180
   ->  Subquery Scan on "*SELECT* 3458"  (cost=165745.69..165745.70 rows=1 width=76) (actual time=0.651..0.652 rows=1 loops=1)
         ->  Limit  (cost=165745.69..165745.69 rows=1 width=84) (actual time=0.648..0.649 rows=1 loops=1)
               ->  Sort  (cost=165745.69..165745.69 rows=1 width=84) (actual time=0.646..0.647 rows=1 loops=1)
                     Sort Key: (st_distance(st_transform(s_3457.the_geom, 25833), '0101000020E96400001C3B62773BE123418851F177ED0B5741'::geometry))
                     Sort Method: top-N heapsort  Memory: 25kB
                     ->  Seq Scan on phoml_trajectory_tmp s_3457  (cost=0.00..165745.68 rows=1 width=84) (actual time=0.036..0.578 rows=476 loops=1)
                           Filter: ((unix_time >= '1685451530.897'::double precision) AND (unix_time <= '1685451590.897'::double precision) AND st_dwithin(st_transform(the_geom, 25833), '0101000020E96400001C3B62773BE123418851F177ED0B5741'::geometry, '300'::double precision))
                           Rows Removed by Filter: 3184
   ->  Subquery Scan on "*SELECT* 3459"  (cost=165745.69..165745.70 rows=1 width=76) (actual time=0.656..0.657 rows=1 loops=1)
         ->  Limit  (cost=165745.69..165745.69 rows=1 width=84) (actual time=0.653..0.653 rows=1 loops=1)
               ->  Sort  (cost=165745.69..165745.69 rows=1 width=84) (actual time=0.651..0.651 rows=1 loops=1)
                     Sort Key: (st_distance(st_transform(s_3458.the_geom, 25833), '0101000020E964000015B7CAFD3DE12341BF851D3CEC0B5741'::geometry))
                     Sort Method: top-N heapsort  Memory: 25kB
                     ->  Seq Scan on phoml_trajectory_tmp s_3458  (cost=0.00..165745.68 rows=1 width=84) (actual time=0.036..0.573 rows=476 loops=1)
                           Filter: ((unix_time >= '1685451531.302'::double precision) AND (unix_time <= '1685451591.302'::double precision) AND st_dwithin(st_transform(the_geom, 25833), '0101000020E964000015B7CAFD3DE12341BF851D3CEC0B5741'::geometry, '300'::double precision))
                           Rows Removed by Filter: 3184
   ->  Subquery Scan on "*SELECT* 3460"  (cost=165745.69..165745.70 rows=1 width=76) (actual time=0.647..0.648 rows=1 loops=1)
         ->  Limit  (cost=165745.69..165745.69 rows=1 width=84) (actual time=0.645..0.645 rows=1 loops=1)
               ->  Sort  (cost=165745.69..165745.69 rows=1 width=84) (actual time=0.643..0.643 rows=1 loops=1)
                     Sort Key: (st_distance(st_transform(s_3459.the_geom, 25833), '0101000020E964000086825DE640E1234110EED4FFEA0B5741'::geometry))
                     Sort Method: top-N heapsort  Memory: 25kB
                     ->  Seq Scan on phoml_trajectory_tmp s_3459  (cost=0.00..165745.68 rows=1 width=84) (actual time=0.036..0.576 rows=476 loops=1)
                           Filter: ((unix_time >= '1685451531.702'::double precision) AND (unix_time <= '1685451591.702'::double precision) AND st_dwithin(st_transform(the_geom, 25833), '0101000020E964000086825DE640E1234110EED4FFEA0B5741'::geometry, '300'::double precision))
                           Rows Removed by Filter: 3184
   ->  Subquery Scan on "*SELECT* 3461"  (cost=165745.69..165745.70 rows=1 width=76) (actual time=0.718..0.719 rows=1 loops=1)
         ->  Limit  (cost=165745.69..165745.69 rows=1 width=84) (actual time=0.714..0.714 rows=1 loops=1)
               ->  Sort  (cost=165745.69..165745.69 rows=1 width=84) (actual time=0.712..0.712 rows=1 loops=1)
                     Sort Key: (st_distance(st_transform(s_3460.the_geom, 25833), '0101000020E9640000821880CD43E12341A6BF8FBCE90B5741'::geometry))
                     Sort Method: top-N heapsort  Memory: 25kB
                     ->  Seq Scan on phoml_trajectory_tmp s_3460  (cost=0.00..165745.68 rows=1 width=84) (actual time=0.034..0.641 rows=476 loops=1)
                           Filter: ((unix_time >= '1685451532.092'::double precision) AND (unix_time <= '1685451592.092'::double precision) AND st_dwithin(st_transform(the_geom, 25833), '0101000020E9640000821880CD43E12341A6BF8FBCE90B5741'::geometry, '300'::double precision))
                           Rows Removed by Filter: 3184
   ->  Subquery Scan on "*SELECT* 3462"  (cost=165745.69..165745.70 rows=1 width=76) (actual time=0.663..0.664 rows=1 loops=1)
         ->  Limit  (cost=165745.69..165745.69 rows=1 width=84) (actual time=0.659..0.660 rows=1 loops=1)
               ->  Sort  (cost=165745.69..165745.69 rows=1 width=84) (actual time=0.657..0.658 rows=1 loops=1)
                     Sort Key: (st_distance(st_transform(s_3461.the_geom, 25833), '0101000020E9640000F60374E946E12341E5E56887E80B5741'::geometry))
                     Sort Method: top-N heapsort  Memory: 25kB
                     ->  Seq Scan on phoml_trajectory_tmp s_3461  (cost=0.00..165745.68 rows=1 width=84) (actual time=0.037..0.576 rows=476 loops=1)
                           Filter: ((unix_time >= '1685451532.463'::double precision) AND (unix_time <= '1685451592.463'::double precision) AND st_dwithin(st_transform(the_geom, 25833), '0101000020E9640000F60374E946E12341E5E56887E80B5741'::geometry, '300'::double precision))
                           Rows Removed by Filter: 3184
   ->  Subquery Scan on "*SELECT* 3463"  (cost=165745.69..165745.70 rows=1 width=76) (actual time=0.631..0.632 rows=1 loops=1)
         ->  Limit  (cost=165745.69..165745.69 rows=1 width=84) (actual time=0.629..0.630 rows=1 loops=1)
               ->  Sort  (cost=165745.69..165745.69 rows=1 width=84) (actual time=0.627..0.627 rows=1 loops=1)
                     Sort Key: (st_distance(st_transform(s_3462.the_geom, 25833), '0101000020E9640000340668214AE12341D47CBB43E70B5741'::geometry))
                     Sort Method: top-N heapsort  Memory: 25kB
                     ->  Seq Scan on phoml_trajectory_tmp s_3462  (cost=0.00..165745.68 rows=1 width=84) (actual time=0.035..0.560 rows=476 loops=1)
                           Filter: ((unix_time >= '1685451532.833'::double precision) AND (unix_time <= '1685451592.833'::double precision) AND st_dwithin(st_transform(the_geom, 25833), '0101000020E9640000340668214AE12341D47CBB43E70B5741'::geometry, '300'::double precision))
                           Rows Removed by Filter: 3184
   ->  Subquery Scan on "*SELECT* 3464"  (cost=165745.69..165745.70 rows=1 width=76) (actual time=0.657..0.658 rows=1 loops=1)
         ->  Limit  (cost=165745.69..165745.69 rows=1 width=84) (actual time=0.654..0.654 rows=1 loops=1)
               ->  Sort  (cost=165745.69..165745.69 rows=1 width=84) (actual time=0.652..0.652 rows=1 loops=1)
                     Sort Key: (st_distance(st_transform(s_3463.the_geom, 25833), '0101000020E9640000569C88854DE123415AC73108E60B5741'::geometry))
                     Sort Method: top-N heapsort  Memory: 25kB
                     ->  Seq Scan on phoml_trajectory_tmp s_3463  (cost=0.00..165745.68 rows=1 width=84) (actual time=0.034..0.584 rows=476 loops=1)
                           Filter: ((unix_time >= '1685451533.204'::double precision) AND (unix_time <= '1685451593.204'::double precision) AND st_dwithin(st_transform(the_geom, 25833), '0101000020E9640000569C88854DE123415AC73108E60B5741'::geometry, '300'::double precision))
                           Rows Removed by Filter: 3184
   ->  Subquery Scan on "*SELECT* 3465"  (cost=165745.69..165745.70 rows=1 width=76) (actual time=0.665..0.666 rows=1 loops=1)
         ->  Limit  (cost=165745.69..165745.69 rows=1 width=84) (actual time=0.661..0.662 rows=1 loops=1)
               ->  Sort  (cost=165745.69..165745.69 rows=1 width=84) (actual time=0.659..0.659 rows=1 loops=1)
                     Sort Key: (st_distance(st_transform(s_3464.the_geom, 25833), '0101000020E9640000D5EB84D350E12341FC6772D9E40B5741'::geometry))
                     Sort Method: top-N heapsort  Memory: 25kB
                     ->  Seq Scan on phoml_trajectory_tmp s_3464  (cost=0.00..165745.68 rows=1 width=84) (actual time=0.035..0.591 rows=476 loops=1)
                           Filter: ((unix_time >= '1685451533.534'::double precision) AND (unix_time <= '1685451593.534'::double precision) AND st_dwithin(st_transform(the_geom, 25833), '0101000020E9640000D5EB84D350E12341FC6772D9E40B5741'::geometry, '300'::double precision))
                           Rows Removed by Filter: 3184
   ->  Subquery Scan on "*SELECT* 3466"  (cost=165745.69..165745.70 rows=1 width=76) (actual time=0.639..0.640 rows=1 loops=1)
         ->  Limit  (cost=165745.69..165745.69 rows=1 width=84) (actual time=0.637..0.637 rows=1 loops=1)
               ->  Sort  (cost=165745.69..165745.69 rows=1 width=84) (actual time=0.634..0.635 rows=1 loops=1)
                     Sort Key: (st_distance(st_transform(s_3465.the_geom, 25833), '0101000020E964000069AD158D54E12341D00D129DE30B5741'::geometry))
                     Sort Method: top-N heapsort  Memory: 25kB
                     ->  Seq Scan on phoml_trajectory_tmp s_3465  (cost=0.00..165745.68 rows=1 width=84) (actual time=0.038..0.566 rows=476 loops=1)
                           Filter: ((unix_time >= '1685451533.884'::double precision) AND (unix_time <= '1685451593.884'::double precision) AND st_dwithin(st_transform(the_geom, 25833), '0101000020E964000069AD158D54E12341D00D129DE30B5741'::geometry, '300'::double precision))
                           Rows Removed by Filter: 3184
   ->  Subquery Scan on "*SELECT* 3467"  (cost=165745.69..165745.70 rows=1 width=76) (actual time=0.669..0.670 rows=1 loops=1)
         ->  Limit  (cost=165745.69..165745.69 rows=1 width=84) (actual time=0.662..0.663 rows=1 loops=1)
               ->  Sort  (cost=165745.69..165745.69 rows=1 width=84) (actual time=0.659..0.660 rows=1 loops=1)
                     Sort Key: (st_distance(st_transform(s_3466.the_geom, 25833), '0101000020E964000031007D4D58E12341AC397A61E20B5741'::geometry))
                     Sort Method: top-N heapsort  Memory: 25kB
                     ->  Seq Scan on phoml_trajectory_tmp s_3466  (cost=0.00..165745.68 rows=1 width=84) (actual time=0.036..0.591 rows=476 loops=1)
                           Filter: ((unix_time >= '1685451534.231'::double precision) AND (unix_time <= '1685451594.231'::double precision) AND st_dwithin(st_transform(the_geom, 25833), '0101000020E964000031007D4D58E12341AC397A61E20B5741'::geometry, '300'::double precision))
                           Rows Removed by Filter: 3184
   ->  Subquery Scan on "*SELECT* 3468"  (cost=165745.69..165745.70 rows=1 width=76) (actual time=0.667..0.668 rows=1 loops=1)
         ->  Limit  (cost=165745.69..165745.69 rows=1 width=84) (actual time=0.663..0.663 rows=1 loops=1)
               ->  Sort  (cost=165745.69..165745.69 rows=1 width=84) (actual time=0.657..0.658 rows=1 loops=1)
                     Sort Key: (st_distance(st_transform(s_3467.the_geom, 25833), '0101000020E96400009F3EFCC65BE123416935DA35E10B5741'::geometry))
                     Sort Method: top-N heapsort  Memory: 25kB
                     ->  Seq Scan on phoml_trajectory_tmp s_3467  (cost=0.00..165745.68 rows=1 width=84) (actual time=0.046..0.587 rows=476 loops=1)
                           Filter: ((unix_time >= '1685451534.561'::double precision) AND (unix_time <= '1685451594.561'::double precision) AND st_dwithin(st_transform(the_geom, 25833), '0101000020E96400009F3EFCC65BE123416935DA35E10B5741'::geometry, '300'::double precision))
                           Rows Removed by Filter: 3184
   ->  Subquery Scan on "*SELECT* 3469"  (cost=165745.69..165745.70 rows=1 width=76) (actual time=0.642..0.643 rows=1 loops=1)
         ->  Limit  (cost=165745.69..165745.69 rows=1 width=84) (actual time=0.640..0.641 rows=1 loops=1)
               ->  Sort  (cost=165745.69..165745.69 rows=1 width=84) (actual time=0.638..0.639 rows=1 loops=1)
                     Sort Key: (st_distance(st_transform(s_3468.the_geom, 25833), '0101000020E96400006DD605675FE12341D71772FBDF0B5741'::geometry))
                     Sort Method: top-N heapsort  Memory: 25kB
                     ->  Seq Scan on phoml_trajectory_tmp s_3468  (cost=0.00..165745.68 rows=1 width=84) (actual time=0.040..0.571 rows=476 loops=1)
                           Filter: ((unix_time >= '1685451534.901'::double precision) AND (unix_time <= '1685451594.901'::double precision) AND st_dwithin(st_transform(the_geom, 25833), '0101000020E96400006DD605675FE12341D71772FBDF0B5741'::geometry, '300'::double precision))
                           Rows Removed by Filter: 3184
   ->  Subquery Scan on "*SELECT* 3470"  (cost=165745.69..165745.70 rows=1 width=76) (actual time=0.662..0.663 rows=1 loops=1)
         ->  Limit  (cost=165745.69..165745.69 rows=1 width=84) (actual time=0.658..0.659 rows=1 loops=1)
               ->  Sort  (cost=165745.69..165745.69 rows=1 width=84) (actual time=0.656..0.656 rows=1 loops=1)
                     Sort Key: (st_distance(st_transform(s_3469.the_geom, 25833), '0101000020E96400003106280663E1234192811CD0DE0B5741'::geometry))
                     Sort Method: top-N heapsort  Memory: 25kB
                     ->  Seq Scan on phoml_trajectory_tmp s_3469  (cost=0.00..165745.68 rows=1 width=84) (actual time=0.034..0.588 rows=476 loops=1)
                           Filter: ((unix_time >= '1685451535.224'::double precision) AND (unix_time <= '1685451595.224'::double precision) AND st_dwithin(st_transform(the_geom, 25833), '0101000020E96400003106280663E1234192811CD0DE0B5741'::geometry, '300'::double precision))
                           Rows Removed by Filter: 3184
   ->  Subquery Scan on "*SELECT* 3471"  (cost=165745.69..165745.70 rows=1 width=76) (actual time=0.642..0.643 rows=1 loops=1)
         ->  Limit  (cost=165745.69..165745.69 rows=1 width=84) (actual time=0.638..0.639 rows=1 loops=1)
               ->  Sort  (cost=165745.69..165745.69 rows=1 width=84) (actual time=0.636..0.637 rows=1 loops=1)
                     Sort Key: (st_distance(st_transform(s_3470.the_geom, 25833), '0101000020E964000086041BE566E123417E3E2296DD0B5741'::geometry))
                     Sort Method: top-N heapsort  Memory: 25kB
                     ->  Seq Scan on phoml_trajectory_tmp s_3470  (cost=0.00..165745.68 rows=1 width=84) (actual time=0.034..0.570 rows=476 loops=1)
                           Filter: ((unix_time >= '1685451535.564'::double precision) AND (unix_time <= '1685451595.564'::double precision) AND st_dwithin(st_transform(the_geom, 25833), '0101000020E964000086041BE566E123417E3E2296DD0B5741'::geometry, '300'::double precision))
                           Rows Removed by Filter: 3184
   ->  Subquery Scan on "*SELECT* 3472"  (cost=165745.69..165745.70 rows=1 width=76) (actual time=0.635..0.636 rows=1 loops=1)
         ->  Limit  (cost=165745.69..165745.69 rows=1 width=84) (actual time=0.632..0.633 rows=1 loops=1)
               ->  Sort  (cost=165745.69..165745.69 rows=1 width=84) (actual time=0.629..0.630 rows=1 loops=1)
                     Sort Key: (st_distance(st_transform(s_3471.the_geom, 25833), '0101000020E9640000F638E7EA6AE1234157677D63DC0B5741'::geometry))
                     Sort Method: top-N heapsort  Memory: 25kB
                     ->  Seq Scan on phoml_trajectory_tmp s_3471  (cost=0.00..165745.68 rows=1 width=84) (actual time=0.035..0.562 rows=476 loops=1)
                           Filter: ((unix_time >= '1685451535.894'::double precision) AND (unix_time <= '1685451595.894'::double precision) AND st_dwithin(st_transform(the_geom, 25833), '0101000020E9640000F638E7EA6AE1234157677D63DC0B5741'::geometry, '300'::double precision))
                           Rows Removed by Filter: 3184
   ->  Subquery Scan on "*SELECT* 3473"  (cost=165745.69..165745.70 rows=1 width=76) (actual time=0.649..0.650 rows=1 loops=1)
         ->  Limit  (cost=165745.69..165745.69 rows=1 width=84) (actual time=0.646..0.646 rows=1 loops=1)
               ->  Sort  (cost=165745.69..165745.69 rows=1 width=84) (actual time=0.644..0.644 rows=1 loops=1)
                     Sort Key: (st_distance(st_transform(s_3472.the_geom, 25833), '0101000020E9640000412A492D6FE1234150D88731DB0B5741'::geometry))
                     Sort Method: top-N heapsort  Memory: 25kB
                     ->  Seq Scan on phoml_trajectory_tmp s_3472  (cost=0.00..165745.68 rows=1 width=84) (actual time=0.035..0.569 rows=476 loops=1)
                           Filter: ((unix_time >= '1685451536.227'::double precision) AND (unix_time <= '1685451596.227'::double precision) AND st_dwithin(st_transform(the_geom, 25833), '0101000020E9640000412A492D6FE1234150D88731DB0B5741'::geometry, '300'::double precision))
                           Rows Removed by Filter: 3184
   ->  Subquery Scan on "*SELECT* 3474"  (cost=165745.69..165745.70 rows=1 width=76) (actual time=0.648..0.649 rows=1 loops=1)
         ->  Limit  (cost=165745.69..165745.69 rows=1 width=84) (actual time=0.645..0.645 rows=1 loops=1)
               ->  Sort  (cost=165745.69..165745.69 rows=1 width=84) (actual time=0.643..0.643 rows=1 loops=1)
                     Sort Key: (st_distance(st_transform(s_3473.the_geom, 25833), '0101000020E9640000B7EBA49D73E12341598B92FED90B5741'::geometry))
                     Sort Method: top-N heapsort  Memory: 25kB
                     ->  Seq Scan on phoml_trajectory_tmp s_3473  (cost=0.00..165745.68 rows=1 width=84) (actual time=0.036..0.566 rows=476 loops=1)
                           Filter: ((unix_time >= '1685451536.557'::double precision) AND (unix_time <= '1685451596.557'::double precision) AND st_dwithin(st_transform(the_geom, 25833), '0101000020E9640000B7EBA49D73E12341598B92FED90B5741'::geometry, '300'::double precision))
                           Rows Removed by Filter: 3184
   ->  Subquery Scan on "*SELECT* 3475"  (cost=165745.69..165745.70 rows=1 width=76) (actual time=0.634..0.635 rows=1 loops=1)
         ->  Limit  (cost=165745.69..165745.69 rows=1 width=84) (actual time=0.632..0.633 rows=1 loops=1)
               ->  Sort  (cost=165745.69..165745.69 rows=1 width=84) (actual time=0.630..0.630 rows=1 loops=1)
                     Sort Key: (st_distance(st_transform(s_3474.the_geom, 25833), '0101000020E9640000C6D0D0CB77E12341B881EBDAD80B5741'::geometry))
                     Sort Method: top-N heapsort  Memory: 25kB
                     ->  Seq Scan on phoml_trajectory_tmp s_3474  (cost=0.00..165745.68 rows=1 width=84) (actual time=0.034..0.562 rows=476 loops=1)
                           Filter: ((unix_time >= '1685451536.867'::double precision) AND (unix_time <= '1685451596.867'::double precision) AND st_dwithin(st_transform(the_geom, 25833), '0101000020E9640000C6D0D0CB77E12341B881EBDAD80B5741'::geometry, '300'::double precision))
                           Rows Removed by Filter: 3184
   ->  Subquery Scan on "*SELECT* 3476"  (cost=165745.69..165745.70 rows=1 width=76) (actual time=0.646..0.647 rows=1 loops=1)
         ->  Limit  (cost=165745.69..165745.69 rows=1 width=84) (actual time=0.642..0.643 rows=1 loops=1)
               ->  Sort  (cost=165745.69..165745.69 rows=1 width=84) (actual time=0.641..0.641 rows=1 loops=1)
                     Sort Key: (st_distance(st_transform(s_3475.the_geom, 25833), '0101000020E96400007F9E9C6A7CE123416FD495A3D70B5741'::geometry))
                     Sort Method: top-N heapsort  Memory: 25kB
                     ->  Seq Scan on phoml_trajectory_tmp s_3475  (cost=0.00..165745.68 rows=1 width=84) (actual time=0.036..0.573 rows=476 loops=1)
                           Filter: ((unix_time >= '1685451537.213'::double precision) AND (unix_time <= '1685451597.213'::double precision) AND st_dwithin(st_transform(the_geom, 25833), '0101000020E96400007F9E9C6A7CE123416FD495A3D70B5741'::geometry, '300'::double precision))
                           Rows Removed by Filter: 3184
   ->  Subquery Scan on "*SELECT* 3477"  (cost=165745.69..165745.70 rows=1 width=76) (actual time=0.774..0.775 rows=1 loops=1)
         ->  Limit  (cost=165745.69..165745.69 rows=1 width=84) (actual time=0.767..0.768 rows=1 loops=1)
               ->  Sort  (cost=165745.69..165745.69 rows=1 width=84) (actual time=0.765..0.765 rows=1 loops=1)
                     Sort Key: (st_distance(st_transform(s_3476.the_geom, 25833), '0101000020E9640000A4A8CDFE80E1234177BD3F73D60B5741'::geometry))
                     Sort Method: top-N heapsort  Memory: 25kB
                     ->  Seq Scan on phoml_trajectory_tmp s_3476  (cost=0.00..165745.68 rows=1 width=84) (actual time=0.035..0.668 rows=476 loops=1)
                           Filter: ((unix_time >= '1685451537.543'::double precision) AND (unix_time <= '1685451597.543'::double precision) AND st_dwithin(st_transform(the_geom, 25833), '0101000020E9640000A4A8CDFE80E1234177BD3F73D60B5741'::geometry, '300'::double precision))
                           Rows Removed by Filter: 3184
   ->  Subquery Scan on "*SELECT* 3478"  (cost=165745.69..165745.70 rows=1 width=76) (actual time=0.714..0.716 rows=1 loops=1)
         ->  Limit  (cost=165745.69..165745.69 rows=1 width=84) (actual time=0.711..0.711 rows=1 loops=1)
               ->  Sort  (cost=165745.69..165745.69 rows=1 width=84) (actual time=0.709..0.709 rows=1 loops=1)
                     Sort Key: (st_distance(st_transform(s_3477.the_geom, 25833), '0101000020E9640000559E755085E123413FAE1B4AD50B5741'::geometry))
                     Sort Method: top-N heapsort  Memory: 25kB
                     ->  Seq Scan on phoml_trajectory_tmp s_3477  (cost=0.00..165745.68 rows=1 width=84) (actual time=0.043..0.627 rows=476 loops=1)
                           Filter: ((unix_time >= '1685451537.873'::double precision) AND (unix_time <= '1685451597.873'::double precision) AND st_dwithin(st_transform(the_geom, 25833), '0101000020E9640000559E755085E123413FAE1B4AD50B5741'::geometry, '300'::double precision))
                           Rows Removed by Filter: 3184
   ->  Subquery Scan on "*SELECT* 3479"  (cost=165745.69..165745.70 rows=1 width=76) (actual time=0.695..0.696 rows=1 loops=1)
         ->  Limit  (cost=165745.69..165745.69 rows=1 width=84) (actual time=0.692..0.693 rows=1 loops=1)
               ->  Sort  (cost=165745.69..165745.69 rows=1 width=84) (actual time=0.689..0.690 rows=1 loops=1)
                     Sort Key: (st_distance(st_transform(s_3478.the_geom, 25833), '0101000020E9640000C1F11B9F89E123411004B821D40B5741'::geometry))
                     Sort Method: top-N heapsort  Memory: 25kB
                     ->  Seq Scan on phoml_trajectory_tmp s_3478  (cost=0.00..165745.68 rows=1 width=84) (actual time=0.041..0.619 rows=476 loops=1)
                           Filter: ((unix_time >= '1685451538.208'::double precision) AND (unix_time <= '1685451598.208'::double precision) AND st_dwithin(st_transform(the_geom, 25833), '0101000020E9640000C1F11B9F89E123411004B821D40B5741'::geometry, '300'::double precision))
                           Rows Removed by Filter: 3184
   ->  Subquery Scan on "*SELECT* 3480"  (cost=165745.69..165745.70 rows=1 width=76) (actual time=0.701..0.702 rows=1 loops=1)
         ->  Limit  (cost=165745.69..165745.69 rows=1 width=84) (actual time=0.697..0.698 rows=1 loops=1)
               ->  Sort  (cost=165745.69..165745.69 rows=1 width=84) (actual time=0.695..0.695 rows=1 loops=1)
                     Sort Key: (st_distance(st_transform(s_3479.the_geom, 25833), '0101000020E9640000A74E79BF8DE123413982B300D30B5741'::geometry))
                     Sort Method: top-N heapsort  Memory: 25kB
                     ->  Seq Scan on phoml_trajectory_tmp s_3479  (cost=0.00..165745.68 rows=1 width=84) (actual time=0.035..0.624 rows=476 loops=1)
                           Filter: ((unix_time >= '1685451538.528'::double precision) AND (unix_time <= '1685451598.528'::double precision) AND st_dwithin(st_transform(the_geom, 25833), '0101000020E9640000A74E79BF8DE123413982B300D30B5741'::geometry, '300'::double precision))
                           Rows Removed by Filter: 3184
   ->  Subquery Scan on "*SELECT* 3481"  (cost=165745.69..165745.70 rows=1 width=76) (actual time=0.650..0.651 rows=1 loops=1)
         ->  Limit  (cost=165745.69..165745.69 rows=1 width=84) (actual time=0.646..0.647 rows=1 loops=1)
               ->  Sort  (cost=165745.69..165745.69 rows=1 width=84) (actual time=0.645..0.645 rows=1 loops=1)
                     Sort Key: (st_distance(st_transform(s_3480.the_geom, 25833), '0101000020E96400002BCD2C1D92E12341888B31D2D10B5741'::geometry))
                     Sort Method: top-N heapsort  Memory: 25kB
                     ->  Seq Scan on phoml_trajectory_tmp s_3480  (cost=0.00..165745.68 rows=1 width=84) (actual time=0.035..0.577 rows=476 loops=1)
                           Filter: ((unix_time >= '1685451538.868'::double precision) AND (unix_time <= '1685451598.868'::double precision) AND st_dwithin(st_transform(the_geom, 25833), '0101000020E96400002BCD2C1D92E12341888B31D2D10B5741'::geometry, '300'::double precision))
                           Rows Removed by Filter: 3184
   ->  Subquery Scan on "*SELECT* 3482"  (cost=165745.69..165745.70 rows=1 width=76) (actual time=0.638..0.639 rows=1 loops=1)
         ->  Limit  (cost=165745.69..165745.69 rows=1 width=84) (actual time=0.636..0.636 rows=1 loops=1)
               ->  Sort  (cost=165745.69..165745.69 rows=1 width=84) (actual time=0.633..0.634 rows=1 loops=1)
                     Sort Key: (st_distance(st_transform(s_3481.the_geom, 25833), '0101000020E964000039C0DC6E96E123413A6EB2AAD00B5741'::geometry))
                     Sort Method: top-N heapsort  Memory: 25kB
                     ->  Seq Scan on phoml_trajectory_tmp s_3481  (cost=0.00..165745.68 rows=1 width=84) (actual time=0.036..0.563 rows=476 loops=1)
                           Filter: ((unix_time >= '1685451539.203'::double precision) AND (unix_time <= '1685451599.203'::double precision) AND st_dwithin(st_transform(the_geom, 25833), '0101000020E964000039C0DC6E96E123413A6EB2AAD00B5741'::geometry, '300'::double precision))
                           Rows Removed by Filter: 3184
   ->  Subquery Scan on "*SELECT* 3483"  (cost=165745.69..165745.70 rows=1 width=76) (actual time=0.640..0.641 rows=1 loops=1)
         ->  Limit  (cost=165745.69..165745.69 rows=1 width=84) (actual time=0.636..0.637 rows=1 loops=1)
               ->  Sort  (cost=165745.69..165745.69 rows=1 width=84) (actual time=0.635..0.635 rows=1 loops=1)
                     Sort Key: (st_distance(st_transform(s_3482.the_geom, 25833), '0101000020E96400008623007F9AE123414512208BCF0B5741'::geometry))
                     Sort Method: top-N heapsort  Memory: 25kB
                     ->  Seq Scan on phoml_trajectory_tmp s_3482  (cost=0.00..165745.68 rows=1 width=84) (actual time=0.035..0.566 rows=476 loops=1)
                           Filter: ((unix_time >= '1685451539.533'::double precision) AND (unix_time <= '1685451599.533'::double precision) AND st_dwithin(st_transform(the_geom, 25833), '0101000020E96400008623007F9AE123414512208BCF0B5741'::geometry, '300'::double precision))
                           Rows Removed by Filter: 3184
   ->  Subquery Scan on "*SELECT* 3484"  (cost=165745.69..165745.70 rows=1 width=76) (actual time=0.638..0.640 rows=1 loops=1)
         ->  Limit  (cost=165745.69..165745.69 rows=1 width=84) (actual time=0.635..0.636 rows=1 loops=1)
               ->  Sort  (cost=165745.69..165745.69 rows=1 width=84) (actual time=0.633..0.633 rows=1 loops=1)
                     Sort Key: (st_distance(st_transform(s_3483.the_geom, 25833), '0101000020E964000008B74F659EE123415B78AB71CE0B5741'::geometry))
                     Sort Method: top-N heapsort  Memory: 25kB
                     ->  Seq Scan on phoml_trajectory_tmp s_3483  (cost=0.00..165745.68 rows=1 width=84) (actual time=0.034..0.556 rows=476 loops=1)
                           Filter: ((unix_time >= '1685451539.853'::double precision) AND (unix_time <= '1685451599.853'::double precision) AND st_dwithin(st_transform(the_geom, 25833), '0101000020E964000008B74F659EE123415B78AB71CE0B5741'::geometry, '300'::double precision))
                           Rows Removed by Filter: 3184
   ->  Subquery Scan on "*SELECT* 3485"  (cost=165745.69..165745.70 rows=1 width=76) (actual time=0.628..0.629 rows=1 loops=1)
         ->  Limit  (cost=165745.69..165745.69 rows=1 width=84) (actual time=0.626..0.627 rows=1 loops=1)
               ->  Sort  (cost=165745.69..165745.69 rows=1 width=84) (actual time=0.624..0.624 rows=1 loops=1)
                     Sort Key: (st_distance(st_transform(s_3484.the_geom, 25833), '0101000020E9640000F874D657A2E1234112613743CD0B5741'::geometry))
                     Sort Method: top-N heapsort  Memory: 25kB
                     ->  Seq Scan on phoml_trajectory_tmp s_3484  (cost=0.00..165745.68 rows=1 width=84) (actual time=0.035..0.557 rows=476 loops=1)
                           Filter: ((unix_time >= '1685451540.199'::double precision) AND (unix_time <= '1685451600.199'::double precision) AND st_dwithin(st_transform(the_geom, 25833), '0101000020E9640000F874D657A2E1234112613743CD0B5741'::geometry, '300'::double precision))
                           Rows Removed by Filter: 3184
   ->  Subquery Scan on "*SELECT* 3486"  (cost=165745.69..165745.70 rows=1 width=76) (actual time=0.654..0.655 rows=1 loops=1)
         ->  Limit  (cost=165745.69..165745.69 rows=1 width=84) (actual time=0.650..0.651 rows=1 loops=1)
               ->  Sort  (cost=165745.69..165745.69 rows=1 width=84) (actual time=0.648..0.648 rows=1 loops=1)
                     Sort Key: (st_distance(st_transform(s_3485.the_geom, 25833), '0101000020E9640000B3756843A6E12341C0EEC21CCC0B5741'::geometry))
                     Sort Method: top-N heapsort  Memory: 25kB
                     ->  Seq Scan on phoml_trajectory_tmp s_3485  (cost=0.00..165745.68 rows=1 width=84) (actual time=0.039..0.581 rows=476 loops=1)
                           Filter: ((unix_time >= '1685451540.539'::double precision) AND (unix_time <= '1685451600.539'::double precision) AND st_dwithin(st_transform(the_geom, 25833), '0101000020E9640000B3756843A6E12341C0EEC21CCC0B5741'::geometry, '300'::double precision))
                           Rows Removed by Filter: 3184
   ->  Subquery Scan on "*SELECT* 3487"  (cost=165745.69..165745.70 rows=1 width=76) (actual time=0.680..0.681 rows=1 loops=1)
         ->  Limit  (cost=165745.69..165745.69 rows=1 width=84) (actual time=0.677..0.678 rows=1 loops=1)
               ->  Sort  (cost=165745.69..165745.69 rows=1 width=84) (actual time=0.675..0.676 rows=1 loops=1)
                     Sort Key: (st_distance(st_transform(s_3486.the_geom, 25833), '0101000020E96400007A4CE0CAA9E12341210436FDCA0B5741'::geometry))
                     Sort Method: top-N heapsort  Memory: 25kB
                     ->  Seq Scan on phoml_trajectory_tmp s_3486  (cost=0.00..165745.68 rows=1 width=84) (actual time=0.035..0.607 rows=476 loops=1)
                           Filter: ((unix_time >= '1685451540.869'::double precision) AND (unix_time <= '1685451600.869'::double precision) AND st_dwithin(st_transform(the_geom, 25833), '0101000020E96400007A4CE0CAA9E12341210436FDCA0B5741'::geometry, '300'::double precision))
                           Rows Removed by Filter: 3184
   ->  Subquery Scan on "*SELECT* 3488"  (cost=165745.69..165745.70 rows=1 width=76) (actual time=0.629..0.630 rows=1 loops=1)
         ->  Limit  (cost=165745.69..165745.69 rows=1 width=84) (actual time=0.627..0.628 rows=1 loops=1)
               ->  Sort  (cost=165745.69..165745.69 rows=1 width=84) (actual time=0.625..0.626 rows=1 loops=1)
                     Sort Key: (st_distance(st_transform(s_3487.the_geom, 25833), '0101000020E9640000674458BDADE12341C84DE9CFC90B5741'::geometry))
                     Sort Method: top-N heapsort  Memory: 25kB
                     ->  Seq Scan on phoml_trajectory_tmp s_3487  (cost=0.00..165745.68 rows=1 width=84) (actual time=0.035..0.558 rows=476 loops=1)
                           Filter: ((unix_time >= '1685451541.212'::double precision) AND (unix_time <= '1685451601.212'::double precision) AND st_dwithin(st_transform(the_geom, 25833), '0101000020E9640000674458BDADE12341C84DE9CFC90B5741'::geometry, '300'::double precision))
                           Rows Removed by Filter: 3184
   ->  Subquery Scan on "*SELECT* 3489"  (cost=165745.69..165745.70 rows=1 width=76) (actual time=0.646..0.647 rows=1 loops=1)
         ->  Limit  (cost=165745.69..165745.69 rows=1 width=84) (actual time=0.643..0.644 rows=1 loops=1)
               ->  Sort  (cost=165745.69..165745.69 rows=1 width=84) (actual time=0.641..0.642 rows=1 loops=1)
                     Sort Key: (st_distance(st_transform(s_3488.the_geom, 25833), '0101000020E9640000C6FAEEB0B1E12341C5EF9BA8C80B5741'::geometry))
                     Sort Method: top-N heapsort  Memory: 25kB
                     ->  Seq Scan on phoml_trajectory_tmp s_3488  (cost=0.00..165745.68 rows=1 width=84) (actual time=0.035..0.574 rows=476 loops=1)
                           Filter: ((unix_time >= '1685451541.552'::double precision) AND (unix_time <= '1685451601.552'::double precision) AND st_dwithin(st_transform(the_geom, 25833), '0101000020E9640000C6FAEEB0B1E12341C5EF9BA8C80B5741'::geometry, '300'::double precision))
                           Rows Removed by Filter: 3184
   ->  Subquery Scan on "*SELECT* 3490"  (cost=165745.69..165745.70 rows=1 width=76) (actual time=0.650..0.651 rows=1 loops=1)
         ->  Limit  (cost=165745.69..165745.69 rows=1 width=84) (actual time=0.646..0.647 rows=1 loops=1)
               ->  Sort  (cost=165745.69..165745.69 rows=1 width=84) (actual time=0.645..0.645 rows=1 loops=1)
                     Sort Key: (st_distance(st_transform(s_3489.the_geom, 25833), '0101000020E96400001E5BCDAAB5E123412786F287C70B5741'::geometry))
                     Sort Method: top-N heapsort  Memory: 25kB
                     ->  Seq Scan on phoml_trajectory_tmp s_3489  (cost=0.00..165745.68 rows=1 width=84) (actual time=0.046..0.578 rows=476 loops=1)
                           Filter: ((unix_time >= '1685451541.882'::double precision) AND (unix_time <= '1685451601.882'::double precision) AND st_dwithin(st_transform(the_geom, 25833), '0101000020E96400001E5BCDAAB5E123412786F287C70B5741'::geometry, '300'::double precision))
                           Rows Removed by Filter: 3184
   ->  Subquery Scan on "*SELECT* 3491"  (cost=165745.69..165745.70 rows=1 width=76) (actual time=0.626..0.627 rows=1 loops=1)
         ->  Limit  (cost=165745.69..165745.69 rows=1 width=84) (actual time=0.624..0.625 rows=1 loops=1)
               ->  Sort  (cost=165745.69..165745.69 rows=1 width=84) (actual time=0.622..0.622 rows=1 loops=1)
                     Sort Key: (st_distance(st_transform(s_3490.the_geom, 25833), '0101000020E9640000131ECEB9B9E1234136E73A5AC60B5741'::geometry))
                     Sort Method: top-N heapsort  Memory: 25kB
                     ->  Seq Scan on phoml_trajectory_tmp s_3490  (cost=0.00..165745.68 rows=1 width=84) (actual time=0.033..0.553 rows=476 loops=1)
                           Filter: ((unix_time >= '1685451542.233'::double precision) AND (unix_time <= '1685451602.233'::double precision) AND st_dwithin(st_transform(the_geom, 25833), '0101000020E9640000131ECEB9B9E1234136E73A5AC60B5741'::geometry, '300'::double precision))
                           Rows Removed by Filter: 3184
   ->  Subquery Scan on "*SELECT* 3492"  (cost=165745.69..165745.70 rows=1 width=76) (actual time=0.648..0.649 rows=1 loops=1)
         ->  Limit  (cost=165745.69..165745.69 rows=1 width=84) (actual time=0.643..0.644 rows=1 loops=1)
               ->  Sort  (cost=165745.69..165745.69 rows=1 width=84) (actual time=0.642..0.642 rows=1 loops=1)
                     Sort Key: (st_distance(st_transform(s_3491.the_geom, 25833), '0101000020E96400007D3068A9BDE12341DDD26D3AC50B5741'::geometry))
                     Sort Method: top-N heapsort  Memory: 25kB
                     ->  Seq Scan on phoml_trajectory_tmp s_3491  (cost=0.00..165745.68 rows=1 width=84) (actual time=0.036..0.575 rows=476 loops=1)
                           Filter: ((unix_time >= '1685451542.563'::double precision) AND (unix_time <= '1685451602.563'::double precision) AND st_dwithin(st_transform(the_geom, 25833), '0101000020E96400007D3068A9BDE12341DDD26D3AC50B5741'::geometry, '300'::double precision))
                           Rows Removed by Filter: 3184
   ->  Subquery Scan on "*SELECT* 3493"  (cost=165745.69..165745.70 rows=1 width=76) (actual time=0.682..0.683 rows=1 loops=1)
         ->  Limit  (cost=165745.69..165745.69 rows=1 width=84) (actual time=0.673..0.674 rows=1 loops=1)
               ->  Sort  (cost=165745.69..165745.69 rows=1 width=84) (actual time=0.670..0.671 rows=1 loops=1)
                     Sort Key: (st_distance(st_transform(s_3492.the_geom, 25833), '0101000020E964000026F71F97C1E123418A622113C40B5741'::geometry))
                     Sort Method: top-N heapsort  Memory: 25kB
                     ->  Seq Scan on phoml_trajectory_tmp s_3492  (cost=0.00..165745.68 rows=1 width=84) (actual time=0.037..0.600 rows=476 loops=1)
                           Filter: ((unix_time >= '1685451542.913'::double precision) AND (unix_time <= '1685451602.913'::double precision) AND st_dwithin(st_transform(the_geom, 25833), '0101000020E964000026F71F97C1E123418A622113C40B5741'::geometry, '300'::double precision))
                           Rows Removed by Filter: 3184
   ->  Subquery Scan on "*SELECT* 3494"  (cost=165745.69..165745.70 rows=1 width=76) (actual time=0.658..0.659 rows=1 loops=1)
         ->  Limit  (cost=165745.69..165745.69 rows=1 width=84) (actual time=0.656..0.656 rows=1 loops=1)
               ->  Sort  (cost=165745.69..165745.69 rows=1 width=84) (actual time=0.650..0.650 rows=1 loops=1)
                     Sort Key: (st_distance(st_transform(s_3493.the_geom, 25833), '0101000020E9640000775C8B93C5E12341836E79EBC20B5741'::geometry))
                     Sort Method: top-N heapsort  Memory: 25kB
                     ->  Seq Scan on phoml_trajectory_tmp s_3493  (cost=0.00..165745.68 rows=1 width=84) (actual time=0.054..0.572 rows=476 loops=1)
                           Filter: ((unix_time >= '1685451543.24'::double precision) AND (unix_time <= '1685451603.24'::double precision) AND st_dwithin(st_transform(the_geom, 25833), '0101000020E9640000775C8B93C5E12341836E79EBC20B5741'::geometry, '300'::double precision))
                           Rows Removed by Filter: 3184
   ->  Subquery Scan on "*SELECT* 3495"  (cost=165745.69..165745.70 rows=1 width=76) (actual time=0.647..0.649 rows=1 loops=1)
         ->  Limit  (cost=165745.69..165745.69 rows=1 width=84) (actual time=0.644..0.645 rows=1 loops=1)
               ->  Sort  (cost=165745.69..165745.69 rows=1 width=84) (actual time=0.642..0.643 rows=1 loops=1)
                     Sort Key: (st_distance(st_transform(s_3494.the_geom, 25833), '0101000020E9640000DC8ED180C9E12341BCA13DC4C10B5741'::geometry))
                     Sort Method: top-N heapsort  Memory: 25kB
                     ->  Seq Scan on phoml_trajectory_tmp s_3494  (cost=0.00..165745.68 rows=1 width=84) (actual time=0.035..0.561 rows=480 loops=1)
                           Filter: ((unix_time >= '1685451543.58'::double precision) AND (unix_time <= '1685451603.58'::double precision) AND st_dwithin(st_transform(the_geom, 25833), '0101000020E9640000DC8ED180C9E12341BCA13DC4C10B5741'::geometry, '300'::double precision))
                           Rows Removed by Filter: 3180
   ->  Subquery Scan on "*SELECT* 3496"  (cost=165745.69..165745.70 rows=1 width=76) (actual time=0.647..0.648 rows=1 loops=1)
         ->  Limit  (cost=165745.69..165745.69 rows=1 width=84) (actual time=0.643..0.644 rows=1 loops=1)
               ->  Sort  (cost=165745.69..165745.69 rows=1 width=84) (actual time=0.641..0.642 rows=1 loops=1)
                     Sort Key: (st_distance(st_transform(s_3495.the_geom, 25833), '0101000020E96400005787AA5CCDE123414BF9FCA3C00B5741'::geometry))
                     Sort Method: top-N heapsort  Memory: 25kB
                     ->  Seq Scan on phoml_trajectory_tmp s_3495  (cost=0.00..165745.68 rows=1 width=84) (actual time=0.039..0.574 rows=476 loops=1)
                           Filter: ((unix_time >= '1685451543.91'::double precision) AND (unix_time <= '1685451603.91'::double precision) AND st_dwithin(st_transform(the_geom, 25833), '0101000020E96400005787AA5CCDE123414BF9FCA3C00B5741'::geometry, '300'::double precision))
                           Rows Removed by Filter: 3184
   ->  Subquery Scan on "*SELECT* 3497"  (cost=165745.69..165745.70 rows=1 width=76) (actual time=0.623..0.624 rows=1 loops=1)
         ->  Limit  (cost=165745.69..165745.69 rows=1 width=84) (actual time=0.621..0.622 rows=1 loops=1)
               ->  Sort  (cost=165745.69..165745.69 rows=1 width=84) (actual time=0.619..0.619 rows=1 loops=1)
                     Sort Key: (st_distance(st_transform(s_3496.the_geom, 25833), '0101000020E96400007E314671D1E12341393BEB7CBF0B5741'::geometry))
                     Sort Method: top-N heapsort  Memory: 25kB
                     ->  Seq Scan on phoml_trajectory_tmp s_3496  (cost=0.00..165745.68 rows=1 width=84) (actual time=0.037..0.552 rows=476 loops=1)
                           Filter: ((unix_time >= '1685451544.255'::double precision) AND (unix_time <= '1685451604.255'::double precision) AND st_dwithin(st_transform(the_geom, 25833), '0101000020E96400007E314671D1E12341393BEB7CBF0B5741'::geometry, '300'::double precision))
                           Rows Removed by Filter: 3184
   ->  Subquery Scan on "*SELECT* 3498"  (cost=165745.69..165745.70 rows=1 width=76) (actual time=0.646..0.647 rows=1 loops=1)
         ->  Limit  (cost=165745.69..165745.69 rows=1 width=84) (actual time=0.642..0.643 rows=1 loops=1)
               ->  Sort  (cost=165745.69..165745.69 rows=1 width=84) (actual time=0.640..0.640 rows=1 loops=1)
                     Sort Key: (st_distance(st_transform(s_3497.the_geom, 25833), '0101000020E9640000EBCFD590D5E12341447FB24EBE0B5741'::geometry))
                     Sort Method: top-N heapsort  Memory: 25kB
                     ->  Seq Scan on phoml_trajectory_tmp s_3497  (cost=0.00..165745.68 rows=1 width=84) (actual time=0.036..0.572 rows=476 loops=1)
                           Filter: ((unix_time >= '1685451544.605'::double precision) AND (unix_time <= '1685451604.605'::double precision) AND st_dwithin(st_transform(the_geom, 25833), '0101000020E9640000EBCFD590D5E12341447FB24EBE0B5741'::geometry, '300'::double precision))
                           Rows Removed by Filter: 3184
   ->  Subquery Scan on "*SELECT* 3499"  (cost=165745.69..165745.70 rows=1 width=76) (actual time=0.643..0.644 rows=1 loops=1)
         ->  Limit  (cost=165745.69..165745.69 rows=1 width=84) (actual time=0.640..0.641 rows=1 loops=1)
               ->  Sort  (cost=165745.69..165745.69 rows=1 width=84) (actual time=0.638..0.639 rows=1 loops=1)
                     Sort Key: (st_distance(st_transform(s_3498.the_geom, 25833), '0101000020E96400009147567BD9E123417415D927BD0B5741'::geometry))
                     Sort Method: top-N heapsort  Memory: 25kB
                     ->  Seq Scan on phoml_trajectory_tmp s_3498  (cost=0.00..165745.68 rows=1 width=84) (actual time=0.037..0.570 rows=476 loops=1)
                           Filter: ((unix_time >= '1685451544.955'::double precision) AND (unix_time <= '1685451604.955'::double precision) AND st_dwithin(st_transform(the_geom, 25833), '0101000020E96400009147567BD9E123417415D927BD0B5741'::geometry, '300'::double precision))
                           Rows Removed by Filter: 3184
   ->  Subquery Scan on "*SELECT* 3500"  (cost=165745.69..165745.70 rows=1 width=76) (actual time=0.640..0.642 rows=1 loops=1)
         ->  Limit  (cost=165745.69..165745.69 rows=1 width=84) (actual time=0.638..0.639 rows=1 loops=1)
               ->  Sort  (cost=165745.69..165745.69 rows=1 width=84) (actual time=0.636..0.636 rows=1 loops=1)
                     Sort Key: (st_distance(st_transform(s_3499.the_geom, 25833), '0101000020E9640000F53B2C6EDDE12341DFEE1508BC0B5741'::geometry))
                     Sort Method: top-N heapsort  Memory: 25kB
                     ->  Seq Scan on phoml_trajectory_tmp s_3499  (cost=0.00..165745.68 rows=1 width=84) (actual time=0.035..0.567 rows=480 loops=1)
                           Filter: ((unix_time >= '1685451545.293'::double precision) AND (unix_time <= '1685451605.293'::double precision) AND st_dwithin(st_transform(the_geom, 25833), '0101000020E9640000F53B2C6EDDE12341DFEE1508BC0B5741'::geometry, '300'::double precision))
                           Rows Removed by Filter: 3180
   ->  Subquery Scan on "*SELECT* 3501"  (cost=165745.69..165745.70 rows=1 width=76) (actual time=0.641..0.642 rows=1 loops=1)
         ->  Limit  (cost=165745.69..165745.69 rows=1 width=84) (actual time=0.637..0.638 rows=1 loops=1)
               ->  Sort  (cost=165745.69..165745.69 rows=1 width=84) (actual time=0.635..0.635 rows=1 loops=1)
                     Sort Key: (st_distance(st_transform(s_3500.the_geom, 25833), '0101000020E9640000E431DF66E1E123413D2099E0BA0B5741'::geometry))
                     Sort Method: top-N heapsort  Memory: 25kB
                     ->  Seq Scan on phoml_trajectory_tmp s_3500  (cost=0.00..165745.68 rows=1 width=84) (actual time=0.035..0.569 rows=476 loops=1)
                           Filter: ((unix_time >= '1685451545.633'::double precision) AND (unix_time <= '1685451605.633'::double precision) AND st_dwithin(st_transform(the_geom, 25833), '0101000020E9640000E431DF66E1E123413D2099E0BA0B5741'::geometry, '300'::double precision))
                           Rows Removed by Filter: 3184
   ->  Subquery Scan on "*SELECT* 3502"  (cost=165745.69..165745.70 rows=1 width=76) (actual time=0.650..0.652 rows=1 loops=1)
         ->  Limit  (cost=165745.69..165745.69 rows=1 width=84) (actual time=0.647..0.647 rows=1 loops=1)
               ->  Sort  (cost=165745.69..165745.69 rows=1 width=84) (actual time=0.644..0.645 rows=1 loops=1)
                     Sort Key: (st_distance(st_transform(s_3501.the_geom, 25833), '0101000020E9640000B9B27C75E5E123410F5B14B2B90B5741'::geometry))
                     Sort Method: top-N heapsort  Memory: 25kB
                     ->  Seq Scan on phoml_trajectory_tmp s_3501  (cost=0.00..165745.68 rows=1 width=84) (actual time=0.039..0.566 rows=480 loops=1)
                           Filter: ((unix_time >= '1685451545.973'::double precision) AND (unix_time <= '1685451605.973'::double precision) AND st_dwithin(st_transform(the_geom, 25833), '0101000020E9640000B9B27C75E5E123410F5B14B2B90B5741'::geometry, '300'::double precision))
                           Rows Removed by Filter: 3180
   ->  Subquery Scan on "*SELECT* 3503"  (cost=165745.69..165745.70 rows=1 width=76) (actual time=0.627..0.628 rows=1 loops=1)
         ->  Limit  (cost=165745.69..165745.69 rows=1 width=84) (actual time=0.625..0.625 rows=1 loops=1)
               ->  Sort  (cost=165745.69..165745.69 rows=1 width=84) (actual time=0.623..0.623 rows=1 loops=1)
                     Sort Key: (st_distance(st_transform(s_3502.the_geom, 25833), '0101000020E964000087BC876FE9E12341934E2092B80B5741'::geometry))
                     Sort Method: top-N heapsort  Memory: 25kB
                     ->  Seq Scan on phoml_trajectory_tmp s_3502  (cost=0.00..165745.68 rows=1 width=84) (actual time=0.036..0.556 rows=476 loops=1)
                           Filter: ((unix_time >= '1685451546.307'::double precision) AND (unix_time <= '1685451606.307'::double precision) AND st_dwithin(st_transform(the_geom, 25833), '0101000020E964000087BC876FE9E12341934E2092B80B5741'::geometry, '300'::double precision))
                           Rows Removed by Filter: 3184
   ->  Subquery Scan on "*SELECT* 3504"  (cost=165745.69..165745.70 rows=1 width=76) (actual time=0.639..0.640 rows=1 loops=1)
         ->  Limit  (cost=165745.69..165745.69 rows=1 width=84) (actual time=0.635..0.636 rows=1 loops=1)
               ->  Sort  (cost=165745.69..165745.69 rows=1 width=84) (actual time=0.633..0.634 rows=1 loops=1)
                     Sort Key: (st_distance(st_transform(s_3503.the_geom, 25833), '0101000020E964000092A58689EDE123413D6AC66AB70B5741'::geometry))
                     Sort Method: top-N heapsort  Memory: 25kB
                     ->  Seq Scan on phoml_trajectory_tmp s_3503  (cost=0.00..165745.68 rows=1 width=84) (actual time=0.035..0.556 rows=480 loops=1)
                           Filter: ((unix_time >= '1685451546.647'::double precision) AND (unix_time <= '1685451606.647'::double precision) AND st_dwithin(st_transform(the_geom, 25833), '0101000020E964000092A58689EDE123413D6AC66AB70B5741'::geometry, '300'::double precision))
                           Rows Removed by Filter: 3180
   ->  Subquery Scan on "*SELECT* 3505"  (cost=165745.69..165745.70 rows=1 width=76) (actual time=0.692..0.694 rows=1 loops=1)
         ->  Limit  (cost=165745.69..165745.69 rows=1 width=84) (actual time=0.689..0.690 rows=1 loops=1)
               ->  Sort  (cost=165745.69..165745.69 rows=1 width=84) (actual time=0.687..0.687 rows=1 loops=1)
                     Sort Key: (st_distance(st_transform(s_3504.the_geom, 25833), '0101000020E96400004DF76680F1E12341EC3FA543B60B5741'::geometry))
                     Sort Method: top-N heapsort  Memory: 25kB
                     ->  Seq Scan on phoml_trajectory_tmp s_3504  (cost=0.00..165745.68 rows=1 width=84) (actual time=0.036..0.614 rows=476 loops=1)
                           Filter: ((unix_time >= '1685451546.987'::double precision) AND (unix_time <= '1685451606.987'::double precision) AND st_dwithin(st_transform(the_geom, 25833), '0101000020E96400004DF76680F1E12341EC3FA543B60B5741'::geometry, '300'::double precision))
                           Rows Removed by Filter: 3184
   ->  Subquery Scan on "*SELECT* 3506"  (cost=165745.69..165745.70 rows=1 width=76) (actual time=0.653..0.654 rows=1 loops=1)
         ->  Limit  (cost=165745.69..165745.69 rows=1 width=84) (actual time=0.651..0.652 rows=1 loops=1)
               ->  Sort  (cost=165745.69..165745.69 rows=1 width=84) (actual time=0.649..0.650 rows=1 loops=1)
                     Sort Key: (st_distance(st_transform(s_3505.the_geom, 25833), '0101000020E9640000ACAE9A76F5E123415E9BF323B50B5741'::geometry))
                     Sort Method: top-N heapsort  Memory: 25kB
                     ->  Seq Scan on phoml_trajectory_tmp s_3505  (cost=0.00..165745.68 rows=1 width=84) (actual time=0.044..0.580 rows=476 loops=1)
                           Filter: ((unix_time >= '1685451547.323'::double precision) AND (unix_time <= '1685451607.323'::double precision) AND st_dwithin(st_transform(the_geom, 25833), '0101000020E9640000ACAE9A76F5E123415E9BF323B50B5741'::geometry, '300'::double precision))
                           Rows Removed by Filter: 3184
   ->  Subquery Scan on "*SELECT* 3507"  (cost=165745.69..165745.70 rows=1 width=76) (actual time=0.648..0.649 rows=1 loops=1)
         ->  Limit  (cost=165745.69..165745.69 rows=1 width=84) (actual time=0.645..0.645 rows=1 loops=1)
               ->  Sort  (cost=165745.69..165745.69 rows=1 width=84) (actual time=0.643..0.643 rows=1 loops=1)
                     Sort Key: (st_distance(st_transform(s_3506.the_geom, 25833), '0101000020E96400000DD75B94F9E123419CE530F5B30B5741'::geometry))
                     Sort Method: top-N heapsort  Memory: 25kB
                     ->  Seq Scan on phoml_trajectory_tmp s_3506  (cost=0.00..165745.68 rows=1 width=84) (actual time=0.036..0.576 rows=476 loops=1)
                           Filter: ((unix_time >= '1685451547.673'::double precision) AND (unix_time <= '1685451607.673'::double precision) AND st_dwithin(st_transform(the_geom, 25833), '0101000020E96400000DD75B94F9E123419CE530F5B30B5741'::geometry, '300'::double precision))
                           Rows Removed by Filter: 3184
   ->  Subquery Scan on "*SELECT* 3508"  (cost=165745.69..165745.70 rows=1 width=76) (actual time=0.648..0.649 rows=1 loops=1)
         ->  Limit  (cost=165745.69..165745.69 rows=1 width=84) (actual time=0.645..0.646 rows=1 loops=1)
               ->  Sort  (cost=165745.69..165745.69 rows=1 width=84) (actual time=0.642..0.643 rows=1 loops=1)
                     Sort Key: (st_distance(st_transform(s_3507.the_geom, 25833), '0101000020E964000057EFF28FFDE1234132E286D5B20B5741'::geometry))
                     Sort Method: top-N heapsort  Memory: 25kB
                     ->  Seq Scan on phoml_trajectory_tmp s_3507  (cost=0.00..165745.68 rows=1 width=84) (actual time=0.038..0.574 rows=476 loops=1)
                           Filter: ((unix_time >= '1685451548.003'::double precision) AND (unix_time <= '1685451608.003'::double precision) AND st_dwithin(st_transform(the_geom, 25833), '0101000020E964000057EFF28FFDE1234132E286D5B20B5741'::geometry, '300'::double precision))
                           Rows Removed by Filter: 3184
   ->  Subquery Scan on "*SELECT* 3509"  (cost=165745.69..165745.70 rows=1 width=76) (actual time=0.634..0.635 rows=1 loops=1)
         ->  Limit  (cost=165745.69..165745.69 rows=1 width=84) (actual time=0.632..0.633 rows=1 loops=1)
               ->  Sort  (cost=165745.69..165745.69 rows=1 width=84) (actual time=0.630..0.630 rows=1 loops=1)
                     Sort Key: (st_distance(st_transform(s_3508.the_geom, 25833), '0101000020E96400009C0AB6A801E22341F6A737A7B10B5741'::geometry))
                     Sort Method: top-N heapsort  Memory: 25kB
                     ->  Seq Scan on phoml_trajectory_tmp s_3508  (cost=0.00..165745.68 rows=1 width=84) (actual time=0.039..0.562 rows=480 loops=1)
                           Filter: ((unix_time >= '1685451548.359'::double precision) AND (unix_time <= '1685451608.359'::double precision) AND st_dwithin(st_transform(the_geom, 25833), '0101000020E96400009C0AB6A801E22341F6A737A7B10B5741'::geometry, '300'::double precision))
                           Rows Removed by Filter: 3180
   ->  Subquery Scan on "*SELECT* 3510"  (cost=165745.69..165745.70 rows=1 width=76) (actual time=0.708..0.710 rows=1 loops=1)
         ->  Limit  (cost=165745.69..165745.69 rows=1 width=84) (actual time=0.703..0.704 rows=1 loops=1)
               ->  Sort  (cost=165745.69..165745.69 rows=1 width=84) (actual time=0.701..0.701 rows=1 loops=1)
                     Sort Key: (st_distance(st_transform(s_3509.the_geom, 25833), '0101000020E9640000775A389C05E22341A49AE386B00B5741'::geometry))
                     Sort Method: top-N heapsort  Memory: 25kB
                     ->  Seq Scan on phoml_trajectory_tmp s_3509  (cost=0.00..165745.68 rows=1 width=84) (actual time=0.037..0.591 rows=480 loops=1)
                           Filter: ((unix_time >= '1685451548.689'::double precision) AND (unix_time <= '1685451608.689'::double precision) AND st_dwithin(st_transform(the_geom, 25833), '0101000020E9640000775A389C05E22341A49AE386B00B5741'::geometry, '300'::double precision))
                           Rows Removed by Filter: 3180
   ->  Subquery Scan on "*SELECT* 3511"  (cost=165745.69..165745.70 rows=1 width=76) (actual time=0.652..0.653 rows=1 loops=1)
         ->  Limit  (cost=165745.69..165745.69 rows=1 width=84) (actual time=0.648..0.649 rows=1 loops=1)
               ->  Sort  (cost=165745.69..165745.69 rows=1 width=84) (actual time=0.646..0.647 rows=1 loops=1)
                     Sort Key: (st_distance(st_transform(s_3510.the_geom, 25833), '0101000020E9640000BE408CBA09E22341911B2667AF0B5741'::geometry))
                     Sort Method: top-N heapsort  Memory: 25kB
                     ->  Seq Scan on phoml_trajectory_tmp s_3510  (cost=0.00..165745.68 rows=1 width=84) (actual time=0.038..0.577 rows=484 loops=1)
                           Filter: ((unix_time >= '1685451549.019'::double precision) AND (unix_time <= '1685451609.019'::double precision) AND st_dwithin(st_transform(the_geom, 25833), '0101000020E9640000BE408CBA09E22341911B2667AF0B5741'::geometry, '300'::double precision))
                           Rows Removed by Filter: 3176
   ->  Subquery Scan on "*SELECT* 3512"  (cost=165745.69..165745.70 rows=1 width=76) (actual time=0.628..0.629 rows=1 loops=1)
         ->  Limit  (cost=165745.69..165745.69 rows=1 width=84) (actual time=0.626..0.627 rows=1 loops=1)
               ->  Sort  (cost=165745.69..165745.69 rows=1 width=84) (actual time=0.624..0.624 rows=1 loops=1)
                     Sort Key: (st_distance(st_transform(s_3511.the_geom, 25833), '0101000020E9640000F674DAF00DE223413EBC7A38AE0B5741'::geometry))
                     Sort Method: top-N heapsort  Memory: 25kB
                     ->  Seq Scan on phoml_trajectory_tmp s_3511  (cost=0.00..165745.68 rows=1 width=84) (actual time=0.037..0.556 rows=480 loops=1)
                           Filter: ((unix_time >= '1685451549.365'::double precision) AND (unix_time <= '1685451609.365'::double precision) AND st_dwithin(st_transform(the_geom, 25833), '0101000020E9640000F674DAF00DE223413EBC7A38AE0B5741'::geometry, '300'::double precision))
                           Rows Removed by Filter: 3180
   ->  Subquery Scan on "*SELECT* 3513"  (cost=165745.69..165745.70 rows=1 width=76) (actual time=0.662..0.663 rows=1 loops=1)
         ->  Limit  (cost=165745.69..165745.69 rows=1 width=84) (actual time=0.658..0.659 rows=1 loops=1)
               ->  Sort  (cost=165745.69..165745.69 rows=1 width=84) (actual time=0.656..0.657 rows=1 loops=1)
                     Sort Key: (st_distance(st_transform(s_3512.the_geom, 25833), '0101000020E964000097A0F6E211E22341DE0F0E20AD0B5741'::geometry))
                     Sort Method: top-N heapsort  Memory: 25kB
                     ->  Seq Scan on phoml_trajectory_tmp s_3512  (cost=0.00..165745.68 rows=1 width=84) (actual time=0.036..0.589 rows=480 loops=1)
                           Filter: ((unix_time >= '1685451549.675'::double precision) AND (unix_time <= '1685451609.675'::double precision) AND st_dwithin(st_transform(the_geom, 25833), '0101000020E964000097A0F6E211E22341DE0F0E20AD0B5741'::geometry, '300'::double precision))
                           Rows Removed by Filter: 3180
   ->  Subquery Scan on "*SELECT* 3514"  (cost=165745.69..165745.70 rows=1 width=76) (actual time=0.675..0.677 rows=1 loops=1)
         ->  Limit  (cost=165745.69..165745.69 rows=1 width=84) (actual time=0.672..0.673 rows=1 loops=1)
               ->  Sort  (cost=165745.69..165745.69 rows=1 width=84) (actual time=0.669..0.670 rows=1 loops=1)
                     Sort Key: (st_distance(st_transform(s_3513.the_geom, 25833), '0101000020E964000003692A3A16E22341E8D0B1F1AB0B5741'::geometry))
                     Sort Method: top-N heapsort  Memory: 25kB
                     ->  Seq Scan on phoml_trajectory_tmp s_3513  (cost=0.00..165745.68 rows=1 width=84) (actual time=0.042..0.600 rows=484 loops=1)
                           Filter: ((unix_time >= '1685451550.025'::double precision) AND (unix_time <= '1685451610.025'::double precision) AND st_dwithin(st_transform(the_geom, 25833), '0101000020E964000003692A3A16E22341E8D0B1F1AB0B5741'::geometry, '300'::double precision))
                           Rows Removed by Filter: 3176
   ->  Subquery Scan on "*SELECT* 3515"  (cost=165745.69..165745.70 rows=1 width=76) (actual time=0.695..0.696 rows=1 loops=1)
         ->  Limit  (cost=165745.69..165745.69 rows=1 width=84) (actual time=0.693..0.693 rows=1 loops=1)
               ->  Sort  (cost=165745.69..165745.69 rows=1 width=84) (actual time=0.690..0.691 rows=1 loops=1)
                     Sort Key: (st_distance(st_transform(s_3514.the_geom, 25833), '0101000020E96400001102B93B1AE2234176D305CAAA0B5741'::geometry))
                     Sort Method: top-N heapsort  Memory: 25kB
                     ->  Seq Scan on phoml_trajectory_tmp s_3514  (cost=0.00..165745.68 rows=1 width=84) (actual time=0.041..0.623 rows=484 loops=1)
                           Filter: ((unix_time >= '1685451550.358'::double precision) AND (unix_time <= '1685451610.358'::double precision) AND st_dwithin(st_transform(the_geom, 25833), '0101000020E96400001102B93B1AE2234176D305CAAA0B5741'::geometry, '300'::double precision))
                           Rows Removed by Filter: 3176
   ->  Subquery Scan on "*SELECT* 3516"  (cost=165745.69..165745.70 rows=1 width=76) (actual time=0.674..0.675 rows=1 loops=1)
         ->  Limit  (cost=165745.69..165745.69 rows=1 width=84) (actual time=0.670..0.671 rows=1 loops=1)
               ->  Sort  (cost=165745.69..165745.69 rows=1 width=84) (actual time=0.668..0.668 rows=1 loops=1)
                     Sort Key: (st_distance(st_transform(s_3515.the_geom, 25833), '0101000020E9640000F76293311EE22341A8B235AAA90B5741'::geometry))
                     Sort Method: top-N heapsort  Memory: 25kB
                     ->  Seq Scan on phoml_trajectory_tmp s_3515  (cost=0.00..165745.68 rows=1 width=84) (actual time=0.040..0.599 rows=488 loops=1)
                           Filter: ((unix_time >= '1685451550.688'::double precision) AND (unix_time <= '1685451610.688'::double precision) AND st_dwithin(st_transform(the_geom, 25833), '0101000020E9640000F76293311EE22341A8B235AAA90B5741'::geometry, '300'::double precision))
                           Rows Removed by Filter: 3172
   ->  Subquery Scan on "*SELECT* 3517"  (cost=165745.69..165745.70 rows=1 width=76) (actual time=0.696..0.697 rows=1 loops=1)
         ->  Limit  (cost=165745.69..165745.69 rows=1 width=84) (actual time=0.692..0.693 rows=1 loops=1)
               ->  Sort  (cost=165745.69..165745.69 rows=1 width=84) (actual time=0.690..0.691 rows=1 loops=1)
                     Sort Key: (st_distance(st_transform(s_3516.the_geom, 25833), '0101000020E96400004423976722E22341FCF94083A80B5741'::geometry))
                     Sort Method: top-N heapsort  Memory: 25kB
                     ->  Seq Scan on phoml_trajectory_tmp s_3516  (cost=0.00..165745.68 rows=1 width=84) (actual time=0.039..0.621 rows=484 loops=1)
                           Filter: ((unix_time >= '1685451551.038'::double precision) AND (unix_time <= '1685451611.038'::double precision) AND st_dwithin(st_transform(the_geom, 25833), '0101000020E96400004423976722E22341FCF94083A80B5741'::geometry, '300'::double precision))
                           Rows Removed by Filter: 3176
   ->  Subquery Scan on "*SELECT* 3518"  (cost=165745.69..165745.70 rows=1 width=76) (actual time=0.691..0.692 rows=1 loops=1)
         ->  Limit  (cost=165745.69..165745.69 rows=1 width=84) (actual time=0.686..0.687 rows=1 loops=1)
               ->  Sort  (cost=165745.69..165745.69 rows=1 width=84) (actual time=0.664..0.664 rows=1 loops=1)
                     Sort Key: (st_distance(st_transform(s_3517.the_geom, 25833), '0101000020E96400009E51292C26E22341DE0F8C5CA70B5741'::geometry))
                     Sort Method: top-N heapsort  Memory: 25kB
                     ->  Seq Scan on phoml_trajectory_tmp s_3517  (cost=0.00..165745.68 rows=1 width=84) (actual time=0.056..0.595 rows=484 loops=1)
                           Filter: ((unix_time >= '1685451551.358'::double precision) AND (unix_time <= '1685451611.358'::double precision) AND st_dwithin(st_transform(the_geom, 25833), '0101000020E96400009E51292C26E22341DE0F8C5CA70B5741'::geometry, '300'::double precision))
                           Rows Removed by Filter: 3176
   ->  Subquery Scan on "*SELECT* 3519"  (cost=165745.69..165745.70 rows=1 width=76) (actual time=0.667..0.668 rows=1 loops=1)
         ->  Limit  (cost=165745.69..165745.69 rows=1 width=84) (actual time=0.663..0.664 rows=1 loops=1)
               ->  Sort  (cost=165745.69..165745.69 rows=1 width=84) (actual time=0.656..0.657 rows=1 loops=1)
                     Sort Key: (st_distance(st_transform(s_3518.the_geom, 25833), '0101000020E96400001F026B182AE2234101DD7C35A60B5741'::geometry))
                     Sort Method: top-N heapsort  Memory: 25kB
                     ->  Seq Scan on phoml_trajectory_tmp s_3518  (cost=0.00..165745.68 rows=1 width=84) (actual time=0.062..0.586 rows=484 loops=1)
                           Filter: ((unix_time >= '1685451551.698'::double precision) AND (unix_time <= '1685451611.698'::double precision) AND st_dwithin(st_transform(the_geom, 25833), '0101000020E96400001F026B182AE2234101DD7C35A60B5741'::geometry, '300'::double precision))
                           Rows Removed by Filter: 3176
   ->  Subquery Scan on "*SELECT* 3520"  (cost=165745.69..165745.70 rows=1 width=76) (actual time=0.658..0.660 rows=1 loops=1)
         ->  Limit  (cost=165745.69..165745.69 rows=1 width=84) (actual time=0.655..0.656 rows=1 loops=1)
               ->  Sort  (cost=165745.69..165745.69 rows=1 width=84) (actual time=0.653..0.653 rows=1 loops=1)
                     Sort Key: (st_distance(st_transform(s_3519.the_geom, 25833), '0101000020E96400003E3BB4062EE22341F268B40EA50B5741'::geometry))
                     Sort Method: top-N heapsort  Memory: 25kB
                     ->  Seq Scan on phoml_trajectory_tmp s_3519  (cost=0.00..165745.68 rows=1 width=84) (actual time=0.040..0.584 rows=484 loops=1)
                           Filter: ((unix_time >= '1685451552.028'::double precision) AND (unix_time <= '1685451612.028'::double precision) AND st_dwithin(st_transform(the_geom, 25833), '0101000020E96400003E3BB4062EE22341F268B40EA50B5741'::geometry, '300'::double precision))
                           Rows Removed by Filter: 3176
   ->  Subquery Scan on "*SELECT* 3521"  (cost=165745.69..165745.70 rows=1 width=76) (actual time=0.643..0.644 rows=1 loops=1)
         ->  Limit  (cost=165745.69..165745.69 rows=1 width=84) (actual time=0.640..0.641 rows=1 loops=1)
               ->  Sort  (cost=165745.69..165745.69 rows=1 width=84) (actual time=0.638..0.638 rows=1 loops=1)
                     Sort Key: (st_distance(st_transform(s_3520.the_geom, 25833), '0101000020E9640000DE9CC0BE31E223411F1F20E8A30B5741'::geometry))
                     Sort Method: top-N heapsort  Memory: 25kB
                     ->  Seq Scan on phoml_trajectory_tmp s_3520  (cost=0.00..165745.68 rows=1 width=84) (actual time=0.041..0.568 rows=488 loops=1)
                           Filter: ((unix_time >= '1685451552.375'::double precision) AND (unix_time <= '1685451612.375'::double precision) AND st_dwithin(st_transform(the_geom, 25833), '0101000020E9640000DE9CC0BE31E223411F1F20E8A30B5741'::geometry, '300'::double precision))
                           Rows Removed by Filter: 3172
   ->  Subquery Scan on "*SELECT* 3522"  (cost=165745.69..165745.70 rows=1 width=76) (actual time=0.658..0.659 rows=1 loops=1)
         ->  Limit  (cost=165745.69..165745.69 rows=1 width=84) (actual time=0.656..0.657 rows=1 loops=1)
               ->  Sort  (cost=165745.69..165745.69 rows=1 width=84) (actual time=0.654..0.654 rows=1 loops=1)
                     Sort Key: (st_distance(st_transform(s_3521.the_geom, 25833), '0101000020E9640000C543BA8D35E2234190C752C8A20B5741'::geometry))
                     Sort Method: top-N heapsort  Memory: 25kB
                     ->  Seq Scan on phoml_trajectory_tmp s_3521  (cost=0.00..165745.68 rows=1 width=84) (actual time=0.051..0.585 rows=492 loops=1)
                           Filter: ((unix_time >= '1685451552.705'::double precision) AND (unix_time <= '1685451612.705'::double precision) AND st_dwithin(st_transform(the_geom, 25833), '0101000020E9640000C543BA8D35E2234190C752C8A20B5741'::geometry, '300'::double precision))
                           Rows Removed by Filter: 3168
   ->  Subquery Scan on "*SELECT* 3523"  (cost=165745.69..165745.70 rows=1 width=76) (actual time=0.649..0.650 rows=1 loops=1)
         ->  Limit  (cost=165745.69..165745.69 rows=1 width=84) (actual time=0.646..0.647 rows=1 loops=1)
               ->  Sort  (cost=165745.69..165745.69 rows=1 width=84) (actual time=0.644..0.645 rows=1 loops=1)
                     Sort Key: (st_distance(st_transform(s_3522.the_geom, 25833), '0101000020E9640000CBC0216239E223414F59ACA1A10B5741'::geometry))
                     Sort Method: top-N heapsort  Memory: 25kB
                     ->  Seq Scan on phoml_trajectory_tmp s_3522  (cost=0.00..165745.68 rows=1 width=84) (actual time=0.040..0.573 rows=488 loops=1)
                           Filter: ((unix_time >= '1685451553.035'::double precision) AND (unix_time <= '1685451613.035'::double precision) AND st_dwithin(st_transform(the_geom, 25833), '0101000020E9640000CBC0216239E223414F59ACA1A10B5741'::geometry, '300'::double precision))
                           Rows Removed by Filter: 3172
   ->  Subquery Scan on "*SELECT* 3524"  (cost=165745.69..165745.70 rows=1 width=76) (actual time=0.628..0.629 rows=1 loops=1)
         ->  Limit  (cost=165745.69..165745.69 rows=1 width=84) (actual time=0.626..0.627 rows=1 loops=1)
               ->  Sort  (cost=165745.69..165745.69 rows=1 width=84) (actual time=0.624..0.624 rows=1 loops=1)
                     Sort Key: (st_distance(st_transform(s_3523.the_geom, 25833), '0101000020E964000018E5C8583DE223410CE5E17AA00B5741'::geometry))
                     Sort Method: top-N heapsort  Memory: 25kB
                     ->  Seq Scan on phoml_trajectory_tmp s_3523  (cost=0.00..165745.68 rows=1 width=84) (actual time=0.039..0.555 rows=488 loops=1)
                           Filter: ((unix_time >= '1685451553.36'::double precision) AND (unix_time <= '1685451613.36'::double precision) AND st_dwithin(st_transform(the_geom, 25833), '0101000020E964000018E5C8583DE223410CE5E17AA00B5741'::geometry, '300'::double precision))
                           Rows Removed by Filter: 3172
   ->  Subquery Scan on "*SELECT* 3525"  (cost=165745.69..165745.70 rows=1 width=76) (actual time=0.657..0.658 rows=1 loops=1)
         ->  Limit  (cost=165745.69..165745.69 rows=1 width=84) (actual time=0.655..0.656 rows=1 loops=1)
               ->  Sort  (cost=165745.69..165745.69 rows=1 width=84) (actual time=0.653..0.654 rows=1 loops=1)
                     Sort Key: (st_distance(st_transform(s_3524.the_geom, 25833), '0101000020E9640000F9726D9A41E22341ED6B7B4C9F0B5741'::geometry))
                     Sort Method: top-N heapsort  Memory: 25kB
                     ->  Seq Scan on phoml_trajectory_tmp s_3524  (cost=0.00..165745.68 rows=1 width=84) (actual time=0.057..0.582 rows=492 loops=1)
                           Filter: ((unix_time >= '1685451553.71'::double precision) AND (unix_time <= '1685451613.71'::double precision) AND st_dwithin(st_transform(the_geom, 25833), '0101000020E9640000F9726D9A41E22341ED6B7B4C9F0B5741'::geometry, '300'::double precision))
                           Rows Removed by Filter: 3168
   ->  Subquery Scan on "*SELECT* 3526"  (cost=165745.69..165745.70 rows=1 width=76) (actual time=0.709..0.710 rows=1 loops=1)
         ->  Limit  (cost=165745.69..165745.69 rows=1 width=84) (actual time=0.705..0.706 rows=1 loops=1)
               ->  Sort  (cost=165745.69..165745.69 rows=1 width=84) (actual time=0.703..0.703 rows=1 loops=1)
                     Sort Key: (st_distance(st_transform(s_3525.the_geom, 25833), '0101000020E9640000124685B245E22341FB89E62B9E0B5741'::geometry))
                     Sort Method: top-N heapsort  Memory: 25kB
                     ->  Seq Scan on phoml_trajectory_tmp s_3525  (cost=0.00..165745.68 rows=1 width=84) (actual time=0.042..0.628 rows=488 loops=1)
                           Filter: ((unix_time >= '1685451554.03'::double precision) AND (unix_time <= '1685451614.03'::double precision) AND st_dwithin(st_transform(the_geom, 25833), '0101000020E9640000124685B245E22341FB89E62B9E0B5741'::geometry, '300'::double precision))
                           Rows Removed by Filter: 3172
   ->  Subquery Scan on "*SELECT* 3527"  (cost=165745.69..165745.70 rows=1 width=76) (actual time=0.656..0.658 rows=1 loops=1)
         ->  Limit  (cost=165745.69..165745.69 rows=1 width=84) (actual time=0.653..0.654 rows=1 loops=1)
               ->  Sort  (cost=165745.69..165745.69 rows=1 width=84) (actual time=0.650..0.651 rows=1 loops=1)
                     Sort Key: (st_distance(st_transform(s_3526.the_geom, 25833), '0101000020E9640000700930DE49E22341DB4A42049D0B5741'::geometry))
                     Sort Method: top-N heapsort  Memory: 25kB
                     ->  Seq Scan on phoml_trajectory_tmp s_3526  (cost=0.00..165745.68 rows=1 width=84) (actual time=0.042..0.581 rows=488 loops=1)
                           Filter: ((unix_time >= '1685451554.375'::double precision) AND (unix_time <= '1685451614.375'::double precision) AND st_dwithin(st_transform(the_geom, 25833), '0101000020E9640000700930DE49E22341DB4A42049D0B5741'::geometry, '300'::double precision))
                           Rows Removed by Filter: 3172
   ->  Subquery Scan on "*SELECT* 3528"  (cost=165745.69..165745.70 rows=1 width=76) (actual time=0.642..0.643 rows=1 loops=1)
         ->  Limit  (cost=165745.69..165745.69 rows=1 width=84) (actual time=0.640..0.640 rows=1 loops=1)
               ->  Sort  (cost=165745.69..165745.69 rows=1 width=84) (actual time=0.637..0.638 rows=1 loops=1)
                     Sort Key: (st_distance(st_transform(s_3527.the_geom, 25833), '0101000020E96400009F8223D84DE223413A005DE49B0B5741'::geometry))
                     Sort Method: top-N heapsort  Memory: 25kB
                     ->  Seq Scan on phoml_trajectory_tmp s_3527  (cost=0.00..165745.68 rows=1 width=84) (actual time=0.041..0.567 rows=488 loops=1)
                           Filter: ((unix_time >= '1685451554.695'::double precision) AND (unix_time <= '1685451614.695'::double precision) AND st_dwithin(st_transform(the_geom, 25833), '0101000020E96400009F8223D84DE223413A005DE49B0B5741'::geometry, '300'::double precision))
                           Rows Removed by Filter: 3172
   ->  Subquery Scan on "*SELECT* 3529"  (cost=165745.69..165745.70 rows=1 width=76) (actual time=0.660..0.661 rows=1 loops=1)
         ->  Limit  (cost=165745.69..165745.69 rows=1 width=84) (actual time=0.656..0.657 rows=1 loops=1)
               ->  Sort  (cost=165745.69..165745.69 rows=1 width=84) (actual time=0.654..0.654 rows=1 loops=1)
                     Sort Key: (st_distance(st_transform(s_3528.the_geom, 25833), '0101000020E9640000B35FFCD751E22341735639B69A0B5741'::geometry))
                     Sort Method: top-N heapsort  Memory: 25kB
                     ->  Seq Scan on phoml_trajectory_tmp s_3528  (cost=0.00..165745.68 rows=1 width=84) (actual time=0.045..0.584 rows=492 loops=1)
                           Filter: ((unix_time >= '1685451555.035'::double precision) AND (unix_time <= '1685451615.035'::double precision) AND st_dwithin(st_transform(the_geom, 25833), '0101000020E9640000B35FFCD751E22341735639B69A0B5741'::geometry, '300'::double precision))
                           Rows Removed by Filter: 3168
   ->  Subquery Scan on "*SELECT* 3530"  (cost=165745.69..165745.70 rows=1 width=76) (actual time=0.728..0.729 rows=1 loops=1)
         ->  Limit  (cost=165745.69..165745.69 rows=1 width=84) (actual time=0.713..0.713 rows=1 loops=1)
               ->  Sort  (cost=165745.69..165745.69 rows=1 width=84) (actual time=0.711..0.711 rows=1 loops=1)
                     Sort Key: (st_distance(st_transform(s_3529.the_geom, 25833), '0101000020E96400002DCA18A155E22341DE0B6096990B5741'::geometry))
                     Sort Method: top-N heapsort  Memory: 25kB
                     ->  Seq Scan on phoml_trajectory_tmp s_3529  (cost=0.00..165745.68 rows=1 width=84) (actual time=0.042..0.634 rows=488 loops=1)
                           Filter: ((unix_time >= '1685451555.381'::double precision) AND (unix_time <= '1685451615.381'::double precision) AND st_dwithin(st_transform(the_geom, 25833), '0101000020E96400002DCA18A155E22341DE0B6096990B5741'::geometry, '300'::double precision))
                           Rows Removed by Filter: 3172
   ->  Subquery Scan on "*SELECT* 3531"  (cost=165745.69..165745.70 rows=1 width=76) (actual time=0.689..0.690 rows=1 loops=1)
         ->  Limit  (cost=165745.69..165745.69 rows=1 width=84) (actual time=0.686..0.687 rows=1 loops=1)
               ->  Sort  (cost=165745.69..165745.69 rows=1 width=84) (actual time=0.684..0.684 rows=1 loops=1)
                     Sort Key: (st_distance(st_transform(s_3530.the_geom, 25833), '0101000020E964000069A4E86E59E2234142B97F6F980B5741'::geometry))
                     Sort Method: top-N heapsort  Memory: 25kB
                     ->  Seq Scan on phoml_trajectory_tmp s_3530  (cost=0.00..165745.68 rows=1 width=84) (actual time=0.058..0.615 rows=488 loops=1)
                           Filter: ((unix_time >= '1685451555.721'::double precision) AND (unix_time <= '1685451615.721'::double precision) AND st_dwithin(st_transform(the_geom, 25833), '0101000020E964000069A4E86E59E2234142B97F6F980B5741'::geometry, '300'::double precision))
                           Rows Removed by Filter: 3172
   ->  Subquery Scan on "*SELECT* 3532"  (cost=165745.69..165745.70 rows=1 width=76) (actual time=0.678..0.679 rows=1 loops=1)
         ->  Limit  (cost=165745.69..165745.69 rows=1 width=84) (actual time=0.675..0.676 rows=1 loops=1)
               ->  Sort  (cost=165745.69..165745.69 rows=1 width=84) (actual time=0.673..0.674 rows=1 loops=1)
                     Sort Key: (st_distance(st_transform(s_3531.the_geom, 25833), '0101000020E96400006FD4071F5DE2234167894D56970B5741'::geometry))
                     Sort Method: top-N heapsort  Memory: 25kB
                     ->  Seq Scan on phoml_trajectory_tmp s_3531  (cost=0.00..165745.68 rows=1 width=84) (actual time=0.048..0.604 rows=488 loops=1)
                           Filter: ((unix_time >= '1685451556.051'::double precision) AND (unix_time <= '1685451616.051'::double precision) AND st_dwithin(st_transform(the_geom, 25833), '0101000020E96400006FD4071F5DE2234167894D56970B5741'::geometry, '300'::double precision))
                           Rows Removed by Filter: 3172
   ->  Subquery Scan on "*SELECT* 3533"  (cost=165745.69..165745.70 rows=1 width=76) (actual time=0.657..0.658 rows=1 loops=1)
         ->  Limit  (cost=165745.69..165745.69 rows=1 width=84) (actual time=0.653..0.654 rows=1 loops=1)
               ->  Sort  (cost=165745.69..165745.69 rows=1 width=84) (actual time=0.650..0.651 rows=1 loops=1)
                     Sort Key: (st_distance(st_transform(s_3532.the_geom, 25833), '0101000020E964000002781E0A61E223412AB74329960B5741'::geometry))
                     Sort Method: top-N heapsort  Memory: 25kB
                     ->  Seq Scan on phoml_trajectory_tmp s_3532  (cost=0.00..165745.68 rows=1 width=84) (actual time=0.043..0.574 rows=488 loops=1)
                           Filter: ((unix_time >= '1685451556.407'::double precision) AND (unix_time <= '1685451616.407'::double precision) AND st_dwithin(st_transform(the_geom, 25833), '0101000020E964000002781E0A61E223412AB74329960B5741'::geometry, '300'::double precision))
                           Rows Removed by Filter: 3172
   ->  Subquery Scan on "*SELECT* 3534"  (cost=165745.69..165745.70 rows=1 width=76) (actual time=0.639..0.639 rows=1 loops=1)
         ->  Limit  (cost=165745.69..165745.69 rows=1 width=84) (actual time=0.637..0.637 rows=1 loops=1)
               ->  Sort  (cost=165745.69..165745.69 rows=1 width=84) (actual time=0.635..0.635 rows=1 loops=1)
                     Sort Key: (st_distance(st_transform(s_3533.the_geom, 25833), '0101000020E9640000B96AF0EA64E223412BC3F0FA940B5741'::geometry))
                     Sort Method: top-N heapsort  Memory: 25kB
                     ->  Seq Scan on phoml_trajectory_tmp s_3533  (cost=0.00..165745.68 rows=1 width=84) (actual time=0.042..0.566 rows=492 loops=1)
                           Filter: ((unix_time >= '1685451556.757'::double precision) AND (unix_time <= '1685451616.757'::double precision) AND st_dwithin(st_transform(the_geom, 25833), '0101000020E9640000B96AF0EA64E223412BC3F0FA940B5741'::geometry, '300'::double precision))
                           Rows Removed by Filter: 3168
   ->  Subquery Scan on "*SELECT* 3535"  (cost=165745.69..165745.70 rows=1 width=76) (actual time=0.665..0.666 rows=1 loops=1)
         ->  Limit  (cost=165745.69..165745.69 rows=1 width=84) (actual time=0.662..0.663 rows=1 loops=1)
               ->  Sort  (cost=165745.69..165745.69 rows=1 width=84) (actual time=0.660..0.660 rows=1 loops=1)
                     Sort Key: (st_distance(st_transform(s_3534.the_geom, 25833), '0101000020E9640000A4E401C468E22341B6E33CDB930B5741'::geometry))
                     Sort Method: top-N heapsort  Memory: 25kB
                     ->  Seq Scan on phoml_trajectory_tmp s_3534  (cost=0.00..165745.68 rows=1 width=84) (actual time=0.052..0.592 rows=492 loops=1)
                           Filter: ((unix_time >= '1685451557.097'::double precision) AND (unix_time <= '1685451617.097'::double precision) AND st_dwithin(st_transform(the_geom, 25833), '0101000020E9640000A4E401C468E22341B6E33CDB930B5741'::geometry, '300'::double precision))
                           Rows Removed by Filter: 3168
   ->  Subquery Scan on "*SELECT* 3536"  (cost=165745.69..165745.70 rows=1 width=76) (actual time=0.657..0.658 rows=1 loops=1)
         ->  Limit  (cost=165745.69..165745.69 rows=1 width=84) (actual time=0.654..0.654 rows=1 loops=1)
               ->  Sort  (cost=165745.69..165745.69 rows=1 width=84) (actual time=0.652..0.652 rows=1 loops=1)
                     Sort Key: (st_distance(st_transform(s_3535.the_geom, 25833), '0101000020E964000091D081B86CE22341E7B40EB4920B5741'::geometry))
                     Sort Method: top-N heapsort  Memory: 25kB
                     ->  Seq Scan on phoml_trajectory_tmp s_3535  (cost=0.00..165745.68 rows=1 width=84) (actual time=0.043..0.582 rows=488 loops=1)
                           Filter: ((unix_time >= '1685451557.453'::double precision) AND (unix_time <= '1685451617.453'::double precision) AND st_dwithin(st_transform(the_geom, 25833), '0101000020E964000091D081B86CE22341E7B40EB4920B5741'::geometry, '300'::double precision))
                           Rows Removed by Filter: 3172
   ->  Subquery Scan on "*SELECT* 3537"  (cost=165745.69..165745.70 rows=1 width=76) (actual time=0.645..0.646 rows=1 loops=1)
         ->  Limit  (cost=165745.69..165745.69 rows=1 width=84) (actual time=0.643..0.643 rows=1 loops=1)
               ->  Sort  (cost=165745.69..165745.69 rows=1 width=84) (actual time=0.641..0.641 rows=1 loops=1)
                     Sort Key: (st_distance(st_transform(s_3536.the_geom, 25833), '0101000020E9640000C8F153DC70E223414AE43185910B5741'::geometry))
                     Sort Method: top-N heapsort  Memory: 25kB
                     ->  Seq Scan on phoml_trajectory_tmp s_3536  (cost=0.00..165745.68 rows=1 width=84) (actual time=0.047..0.572 rows=488 loops=1)
                           Filter: ((unix_time >= '1685451557.813'::double precision) AND (unix_time <= '1685451617.813'::double precision) AND st_dwithin(st_transform(the_geom, 25833), '0101000020E9640000C8F153DC70E223414AE43185910B5741'::geometry, '300'::double precision))
                           Rows Removed by Filter: 3172
   ->  Subquery Scan on "*SELECT* 3538"  (cost=165745.69..165745.70 rows=1 width=76) (actual time=0.654..0.655 rows=1 loops=1)
         ->  Limit  (cost=165745.69..165745.69 rows=1 width=84) (actual time=0.651..0.652 rows=1 loops=1)
               ->  Sort  (cost=165745.69..165745.69 rows=1 width=84) (actual time=0.649..0.649 rows=1 loops=1)
                     Sort Key: (st_distance(st_transform(s_3537.the_geom, 25833), '0101000020E9640000F51C8A2E75E2234156D4725D900B5741'::geometry))
                     Sort Method: top-N heapsort  Memory: 25kB
                     ->  Seq Scan on phoml_trajectory_tmp s_3537  (cost=0.00..165745.68 rows=1 width=84) (actual time=0.042..0.570 rows=488 loops=1)
                           Filter: ((unix_time >= '1685451558.192'::double precision) AND (unix_time <= '1685451618.192'::double precision) AND st_dwithin(st_transform(the_geom, 25833), '0101000020E9640000F51C8A2E75E2234156D4725D900B5741'::geometry, '300'::double precision))
                           Rows Removed by Filter: 3172
   ->  Subquery Scan on "*SELECT* 3539"  (cost=165745.69..165745.70 rows=1 width=76) (actual time=0.680..0.682 rows=1 loops=1)
         ->  Limit  (cost=165745.69..165745.69 rows=1 width=84) (actual time=0.677..0.678 rows=1 loops=1)
               ->  Sort  (cost=165745.69..165745.69 rows=1 width=84) (actual time=0.675..0.675 rows=1 loops=1)
                     Sort Key: (st_distance(st_transform(s_3538.the_geom, 25833), '0101000020E96400000C15F73D79E22341BCEF873C8F0B5741'::geometry))
                     Sort Method: top-N heapsort  Memory: 25kB
                     ->  Seq Scan on phoml_trajectory_tmp s_3538  (cost=0.00..165745.68 rows=1 width=84) (actual time=0.044..0.601 rows=488 loops=1)
                           Filter: ((unix_time >= '1685451558.552'::double precision) AND (unix_time <= '1685451618.552'::double precision) AND st_dwithin(st_transform(the_geom, 25833), '0101000020E96400000C15F73D79E22341BCEF873C8F0B5741'::geometry, '300'::double precision))
                           Rows Removed by Filter: 3172
   ->  Subquery Scan on "*SELECT* 3540"  (cost=165745.69..165745.70 rows=1 width=76) (actual time=0.654..0.655 rows=1 loops=1)
         ->  Limit  (cost=165745.69..165745.69 rows=1 width=84) (actual time=0.652..0.652 rows=1 loops=1)
               ->  Sort  (cost=165745.69..165745.69 rows=1 width=84) (actual time=0.649..0.650 rows=1 loops=1)
                     Sort Key: (st_distance(st_transform(s_3539.the_geom, 25833), '0101000020E96400003ADC5D297DE22341AE771D168E0B5741'::geometry))
                     Sort Method: top-N heapsort  Memory: 25kB
                     ->  Seq Scan on phoml_trajectory_tmp s_3539  (cost=0.00..165745.68 rows=1 width=84) (actual time=0.044..0.579 rows=492 loops=1)
                           Filter: ((unix_time >= '1685451558.932'::double precision) AND (unix_time <= '1685451618.932'::double precision) AND st_dwithin(st_transform(the_geom, 25833), '0101000020E96400003ADC5D297DE22341AE771D168E0B5741'::geometry, '300'::double precision))
                           Rows Removed by Filter: 3168
   ->  Subquery Scan on "*SELECT* 3541"  (cost=165745.69..165745.70 rows=1 width=76) (actual time=0.661..0.662 rows=1 loops=1)
         ->  Limit  (cost=165745.69..165745.69 rows=1 width=84) (actual time=0.658..0.658 rows=1 loops=1)
               ->  Sort  (cost=165745.69..165745.69 rows=1 width=84) (actual time=0.656..0.656 rows=1 loops=1)
                     Sort Key: (st_distance(st_transform(s_3540.the_geom, 25833), '0101000020E9640000097144F180E22341A493C1EF8C0B5741'::geometry))
                     Sort Method: top-N heapsort  Memory: 25kB
                     ->  Seq Scan on phoml_trajectory_tmp s_3540  (cost=0.00..165745.68 rows=1 width=84) (actual time=0.045..0.587 rows=488 loops=1)
                           Filter: ((unix_time >= '1685451559.305'::double precision) AND (unix_time <= '1685451619.305'::double precision) AND st_dwithin(st_transform(the_geom, 25833), '0101000020E9640000097144F180E22341A493C1EF8C0B5741'::geometry, '300'::double precision))
                           Rows Removed by Filter: 3172
   ->  Subquery Scan on "*SELECT* 3542"  (cost=165745.69..165745.70 rows=1 width=76) (actual time=0.698..0.699 rows=1 loops=1)
         ->  Limit  (cost=165745.69..165745.69 rows=1 width=84) (actual time=0.693..0.693 rows=1 loops=1)
               ->  Sort  (cost=165745.69..165745.69 rows=1 width=84) (actual time=0.690..0.691 rows=1 loops=1)
                     Sort Key: (st_distance(st_transform(s_3541.the_geom, 25833), '0101000020E964000018F6FB6784E22341B29BEFC98B0B5741'::geometry))
                     Sort Method: top-N heapsort  Memory: 25kB
                     ->  Seq Scan on phoml_trajectory_tmp s_3541  (cost=0.00..165745.68 rows=1 width=84) (actual time=0.044..0.621 rows=488 loops=1)
                           Filter: ((unix_time >= '1685451559.695'::double precision) AND (unix_time <= '1685451619.695'::double precision) AND st_dwithin(st_transform(the_geom, 25833), '0101000020E964000018F6FB6784E22341B29BEFC98B0B5741'::geometry, '300'::double precision))
                           Rows Removed by Filter: 3172
   ->  Subquery Scan on "*SELECT* 3543"  (cost=165745.69..165745.70 rows=1 width=76) (actual time=0.662..0.663 rows=1 loops=1)
         ->  Limit  (cost=165745.69..165745.69 rows=1 width=84) (actual time=0.656..0.657 rows=1 loops=1)
               ->  Sort  (cost=165745.69..165745.69 rows=1 width=84) (actual time=0.654..0.654 rows=1 loops=1)
                     Sort Key: (st_distance(st_transform(s_3542.the_geom, 25833), '0101000020E9640000222339EB87E22341AAD679A38A0B5741'::geometry))
                     Sort Method: top-N heapsort  Memory: 25kB
                     ->  Seq Scan on phoml_trajectory_tmp s_3542  (cost=0.00..165745.68 rows=1 width=84) (actual time=0.046..0.584 rows=488 loops=1)
                           Filter: ((unix_time >= '1685451560.075'::double precision) AND (unix_time <= '1685451620.075'::double precision) AND st_dwithin(st_transform(the_geom, 25833), '0101000020E9640000222339EB87E22341AAD679A38A0B5741'::geometry, '300'::double precision))
                           Rows Removed by Filter: 3172
   ->  Subquery Scan on "*SELECT* 3544"  (cost=165745.69..165745.70 rows=1 width=76) (actual time=0.698..0.699 rows=1 loops=1)
         ->  Limit  (cost=165745.69..165745.69 rows=1 width=84) (actual time=0.692..0.693 rows=1 loops=1)
               ->  Sort  (cost=165745.69..165745.69 rows=1 width=84) (actual time=0.687..0.687 rows=1 loops=1)
                     Sort Key: (st_distance(st_transform(s_3543.the_geom, 25833), '0101000020E9640000E09680718BE22341FDFFD67C890B5741'::geometry))
                     Sort Method: top-N heapsort  Memory: 25kB
                     ->  Seq Scan on phoml_trajectory_tmp s_3543  (cost=0.00..165745.68 rows=1 width=84) (actual time=0.070..0.616 rows=492 loops=1)
                           Filter: ((unix_time >= '1685451560.46'::double precision) AND (unix_time <= '1685451620.46'::double precision) AND st_dwithin(st_transform(the_geom, 25833), '0101000020E9640000E09680718BE22341FDFFD67C890B5741'::geometry, '300'::double precision))
                           Rows Removed by Filter: 3168
   ->  Subquery Scan on "*SELECT* 3545"  (cost=165745.69..165745.70 rows=1 width=76) (actual time=0.676..0.677 rows=1 loops=1)
         ->  Limit  (cost=165745.69..165745.69 rows=1 width=84) (actual time=0.672..0.673 rows=1 loops=1)
               ->  Sort  (cost=165745.69..165745.69 rows=1 width=84) (actual time=0.669..0.669 rows=1 loops=1)
                     Sort Key: (st_distance(st_transform(s_3544.the_geom, 25833), '0101000020E9640000C589A2E98EE22341C96D8856880B5741'::geometry))
                     Sort Method: top-N heapsort  Memory: 25kB
                     ->  Seq Scan on phoml_trajectory_tmp s_3544  (cost=0.00..165745.68 rows=1 width=84) (actual time=0.046..0.599 rows=492 loops=1)
                           Filter: ((unix_time >= '1685451560.84'::double precision) AND (unix_time <= '1685451620.84'::double precision) AND st_dwithin(st_transform(the_geom, 25833), '0101000020E9640000C589A2E98EE22341C96D8856880B5741'::geometry, '300'::double precision))
                           Rows Removed by Filter: 3168
   ->  Subquery Scan on "*SELECT* 3546"  (cost=165745.69..165745.70 rows=1 width=76) (actual time=0.658..0.659 rows=1 loops=1)
         ->  Limit  (cost=165745.69..165745.69 rows=1 width=84) (actual time=0.655..0.655 rows=1 loops=1)
               ->  Sort  (cost=165745.69..165745.69 rows=1 width=84) (actual time=0.653..0.653 rows=1 loops=1)
                     Sort Key: (st_distance(st_transform(s_3545.the_geom, 25833), '0101000020E9640000368CE77592E2234138EB9830870B5741'::geometry))
                     Sort Method: top-N heapsort  Memory: 25kB
                     ->  Seq Scan on phoml_trajectory_tmp s_3545  (cost=0.00..165745.68 rows=1 width=84) (actual time=0.044..0.584 rows=492 loops=1)
                           Filter: ((unix_time >= '1685451561.232'::double precision) AND (unix_time <= '1685451621.232'::double precision) AND st_dwithin(st_transform(the_geom, 25833), '0101000020E9640000368CE77592E2234138EB9830870B5741'::geometry, '300'::double precision))
                           Rows Removed by Filter: 3168
   ->  Subquery Scan on "*SELECT* 3547"  (cost=165745.69..165745.70 rows=1 width=76) (actual time=0.660..0.662 rows=1 loops=1)
         ->  Limit  (cost=165745.69..165745.69 rows=1 width=84) (actual time=0.658..0.659 rows=1 loops=1)
               ->  Sort  (cost=165745.69..165745.69 rows=1 width=84) (actual time=0.656..0.656 rows=1 loops=1)
                     Sort Key: (st_distance(st_transform(s_3546.the_geom, 25833), '0101000020E9640000C3C177C995E2234198B4450B860B5741'::geometry))
                     Sort Method: top-N heapsort  Memory: 25kB
                     ->  Seq Scan on phoml_trajectory_tmp s_3546  (cost=0.00..165745.68 rows=1 width=84) (actual time=0.045..0.585 rows=492 loops=1)
                           Filter: ((unix_time >= '1685451561.632'::double precision) AND (unix_time <= '1685451621.632'::double precision) AND st_dwithin(st_transform(the_geom, 25833), '0101000020E9640000C3C177C995E2234198B4450B860B5741'::geometry, '300'::double precision))
                           Rows Removed by Filter: 3168
   ->  Subquery Scan on "*SELECT* 3548"  (cost=165745.69..165745.70 rows=1 width=76) (actual time=0.675..0.676 rows=1 loops=1)
         ->  Limit  (cost=165745.69..165745.69 rows=1 width=84) (actual time=0.671..0.672 rows=1 loops=1)
               ->  Sort  (cost=165745.69..165745.69 rows=1 width=84) (actual time=0.669..0.669 rows=1 loops=1)
                     Sort Key: (st_distance(st_transform(s_3547.the_geom, 25833), '0101000020E964000042BC362F99E223419BEE51DE840B5741'::geometry))
                     Sort Method: top-N heapsort  Memory: 25kB
                     ->  Seq Scan on phoml_trajectory_tmp s_3547  (cost=0.00..165745.68 rows=1 width=84) (actual time=0.044..0.598 rows=492 loops=1)
                           Filter: ((unix_time >= '1685451562.032'::double precision) AND (unix_time <= '1685451622.032'::double precision) AND st_dwithin(st_transform(the_geom, 25833), '0101000020E964000042BC362F99E223419BEE51DE840B5741'::geometry, '300'::double precision))
                           Rows Removed by Filter: 3168
   ->  Subquery Scan on "*SELECT* 3549"  (cost=165745.69..165745.70 rows=1 width=76) (actual time=0.684..0.685 rows=1 loops=1)
         ->  Limit  (cost=165745.69..165745.69 rows=1 width=84) (actual time=0.681..0.681 rows=1 loops=1)
               ->  Sort  (cost=165745.69..165745.69 rows=1 width=84) (actual time=0.679..0.679 rows=1 loops=1)
                     Sort Key: (st_distance(st_transform(s_3548.the_geom, 25833), '0101000020E96400008F9B0A999CE223418535F7B8830B5741'::geometry))
                     Sort Method: top-N heapsort  Memory: 25kB
                     ->  Seq Scan on phoml_trajectory_tmp s_3548  (cost=0.00..165745.68 rows=1 width=84) (actual time=0.047..0.599 rows=488 loops=1)
                           Filter: ((unix_time >= '1685451562.416'::double precision) AND (unix_time <= '1685451622.416'::double precision) AND st_dwithin(st_transform(the_geom, 25833), '0101000020E96400008F9B0A999CE223418535F7B8830B5741'::geometry, '300'::double precision))
                           Rows Removed by Filter: 3172
   ->  Subquery Scan on "*SELECT* 3550"  (cost=165745.69..165745.70 rows=1 width=76) (actual time=0.672..0.672 rows=1 loops=1)
         ->  Limit  (cost=165745.69..165745.69 rows=1 width=84) (actual time=0.669..0.670 rows=1 loops=1)
               ->  Sort  (cost=165745.69..165745.69 rows=1 width=84) (actual time=0.667..0.668 rows=1 loops=1)
                     Sort Key: (st_distance(st_transform(s_3549.the_geom, 25833), '0101000020E96400005D44DE5EA0E2234157CEBD8F820B5741'::geometry))
                     Sort Method: top-N heapsort  Memory: 25kB
                     ->  Seq Scan on phoml_trajectory_tmp s_3549  (cost=0.00..165745.68 rows=1 width=84) (actual time=0.049..0.599 rows=492 loops=1)
                           Filter: ((unix_time >= '1685451562.796'::double precision) AND (unix_time <= '1685451622.796'::double precision) AND st_dwithin(st_transform(the_geom, 25833), '0101000020E96400005D44DE5EA0E2234157CEBD8F820B5741'::geometry, '300'::double precision))
                           Rows Removed by Filter: 3168
   ->  Subquery Scan on "*SELECT* 3551"  (cost=165745.69..165745.70 rows=1 width=76) (actual time=0.662..0.663 rows=1 loops=1)
         ->  Limit  (cost=165745.69..165745.69 rows=1 width=84) (actual time=0.659..0.659 rows=1 loops=1)
               ->  Sort  (cost=165745.69..165745.69 rows=1 width=84) (actual time=0.657..0.657 rows=1 loops=1)
                     Sort Key: (st_distance(st_transform(s_3550.the_geom, 25833), '0101000020E9640000E901D414A4E2234134CD4667810B5741'::geometry))
                     Sort Method: top-N heapsort  Memory: 25kB
                     ->  Seq Scan on phoml_trajectory_tmp s_3550  (cost=0.00..165745.68 rows=1 width=84) (actual time=0.044..0.588 rows=492 loops=1)
                           Filter: ((unix_time >= '1685451563.206'::double precision) AND (unix_time <= '1685451623.206'::double precision) AND st_dwithin(st_transform(the_geom, 25833), '0101000020E9640000E901D414A4E2234134CD4667810B5741'::geometry, '300'::double precision))
                           Rows Removed by Filter: 3168
   ->  Subquery Scan on "*SELECT* 3552"  (cost=165745.69..165745.70 rows=1 width=76) (actual time=0.654..0.656 rows=1 loops=1)
         ->  Limit  (cost=165745.69..165745.69 rows=1 width=84) (actual time=0.651..0.652 rows=1 loops=1)
               ->  Sort  (cost=165745.69..165745.69 rows=1 width=84) (actual time=0.648..0.649 rows=1 loops=1)
                     Sort Key: (st_distance(st_transform(s_3551.the_geom, 25833), '0101000020E96400004EE24417A8E22341EC9FF832800B5741'::geometry))
                     Sort Method: top-N heapsort  Memory: 25kB
                     ->  Seq Scan on phoml_trajectory_tmp s_3551  (cost=0.00..165745.68 rows=1 width=84) (actual time=0.044..0.579 rows=492 loops=1)
                           Filter: ((unix_time >= '1685451563.596'::double precision) AND (unix_time <= '1685451623.596'::double precision) AND st_dwithin(st_transform(the_geom, 25833), '0101000020E96400004EE24417A8E22341EC9FF832800B5741'::geometry, '300'::double precision))
                           Rows Removed by Filter: 3168
   ->  Subquery Scan on "*SELECT* 3553"  (cost=165745.69..165745.70 rows=1 width=76) (actual time=0.642..0.644 rows=1 loops=1)
         ->  Limit  (cost=165745.69..165745.69 rows=1 width=84) (actual time=0.640..0.641 rows=1 loops=1)
               ->  Sort  (cost=165745.69..165745.69 rows=1 width=84) (actual time=0.638..0.639 rows=1 loops=1)
                     Sort Key: (st_distance(st_transform(s_3552.the_geom, 25833), '0101000020E9640000FA1BFB08ACE22341F124A20A7F0B5741'::geometry))
                     Sort Method: top-N heapsort  Memory: 25kB
                     ->  Seq Scan on phoml_trajectory_tmp s_3552  (cost=0.00..165745.68 rows=1 width=84) (actual time=0.045..0.570 rows=488 loops=1)
                           Filter: ((unix_time >= '1685451563.986'::double precision) AND (unix_time <= '1685451623.986'::double precision) AND st_dwithin(st_transform(the_geom, 25833), '0101000020E9640000FA1BFB08ACE22341F124A20A7F0B5741'::geometry, '300'::double precision))
                           Rows Removed by Filter: 3172
   ->  Subquery Scan on "*SELECT* 3554"  (cost=165745.69..165745.70 rows=1 width=76) (actual time=0.654..0.655 rows=1 loops=1)
         ->  Limit  (cost=165745.69..165745.69 rows=1 width=84) (actual time=0.650..0.651 rows=1 loops=1)
               ->  Sort  (cost=165745.69..165745.69 rows=1 width=84) (actual time=0.648..0.648 rows=1 loops=1)
                     Sort Key: (st_distance(st_transform(s_3553.the_geom, 25833), '0101000020E96400000F984D25B0E223413B2F2FE27D0B5741'::geometry))
                     Sort Method: top-N heapsort  Memory: 25kB
                     ->  Seq Scan on phoml_trajectory_tmp s_3553  (cost=0.00..165745.68 rows=1 width=84) (actual time=0.043..0.580 rows=488 loops=1)
                           Filter: ((unix_time >= '1685451564.379'::double precision) AND (unix_time <= '1685451624.379'::double precision) AND st_dwithin(st_transform(the_geom, 25833), '0101000020E96400000F984D25B0E223413B2F2FE27D0B5741'::geometry, '300'::double precision))
                           Rows Removed by Filter: 3172
   ->  Subquery Scan on "*SELECT* 3555"  (cost=165745.69..165745.70 rows=1 width=76) (actual time=0.718..0.719 rows=1 loops=1)
         ->  Limit  (cost=165745.69..165745.69 rows=1 width=84) (actual time=0.715..0.716 rows=1 loops=1)
               ->  Sort  (cost=165745.69..165745.69 rows=1 width=84) (actual time=0.713..0.713 rows=1 loops=1)
                     Sort Key: (st_distance(st_transform(s_3554.the_geom, 25833), '0101000020E96400005CE07FE2B3E2234139BED7B97C0B5741'::geometry))
                     Sort Method: top-N heapsort  Memory: 25kB
                     ->  Seq Scan on phoml_trajectory_tmp s_3554  (cost=0.00..165745.68 rows=1 width=84) (actual time=0.043..0.634 rows=492 loops=1)
                           Filter: ((unix_time >= '1685451564.769'::double precision) AND (unix_time <= '1685451624.769'::double precision) AND st_dwithin(st_transform(the_geom, 25833), '0101000020E96400005CE07FE2B3E2234139BED7B97C0B5741'::geometry, '300'::double precision))
                           Rows Removed by Filter: 3168
   ->  Subquery Scan on "*SELECT* 3556"  (cost=165745.69..165745.70 rows=1 width=76) (actual time=0.665..0.666 rows=1 loops=1)
         ->  Limit  (cost=165745.69..165745.69 rows=1 width=84) (actual time=0.663..0.664 rows=1 loops=1)
               ->  Sort  (cost=165745.69..165745.69 rows=1 width=84) (actual time=0.661..0.662 rows=1 loops=1)
                     Sort Key: (st_distance(st_transform(s_3555.the_geom, 25833), '0101000020E96400002A59C9CBB7E223418771078B7B0B5741'::geometry))
                     Sort Method: top-N heapsort  Memory: 25kB
                     ->  Seq Scan on phoml_trajectory_tmp s_3555  (cost=0.00..165745.68 rows=1 width=84) (actual time=0.048..0.591 rows=490 loops=1)
                           Filter: ((unix_time >= '1685451565.16'::double precision) AND (unix_time <= '1685451625.16'::double precision) AND st_dwithin(st_transform(the_geom, 25833), '0101000020E96400002A59C9CBB7E223418771078B7B0B5741'::geometry, '300'::double precision))
                           Rows Removed by Filter: 3170
   ->  Subquery Scan on "*SELECT* 3557"  (cost=165745.69..165745.70 rows=1 width=76) (actual time=0.656..0.657 rows=1 loops=1)
         ->  Limit  (cost=165745.69..165745.69 rows=1 width=84) (actual time=0.653..0.654 rows=1 loops=1)
               ->  Sort  (cost=165745.69..165745.69 rows=1 width=84) (actual time=0.651..0.651 rows=1 loops=1)
                     Sort Key: (st_distance(st_transform(s_3556.the_geom, 25833), '0101000020E9640000D1F06AC6BBE22341DD2F93637A0B5741'::geometry))
                     Sort Method: top-N heapsort  Memory: 25kB
                     ->  Seq Scan on phoml_trajectory_tmp s_3556  (cost=0.00..165745.68 rows=1 width=84) (actual time=0.045..0.582 rows=488 loops=1)
                           Filter: ((unix_time >= '1685451565.57'::double precision) AND (unix_time <= '1685451625.57'::double precision) AND st_dwithin(st_transform(the_geom, 25833), '0101000020E9640000D1F06AC6BBE22341DD2F93637A0B5741'::geometry, '300'::double precision))
                           Rows Removed by Filter: 3172
   ->  Subquery Scan on "*SELECT* 3558"  (cost=165745.69..165745.70 rows=1 width=76) (actual time=0.700..0.702 rows=1 loops=1)
         ->  Limit  (cost=165745.69..165745.69 rows=1 width=84) (actual time=0.696..0.697 rows=1 loops=1)
               ->  Sort  (cost=165745.69..165745.69 rows=1 width=84) (actual time=0.694..0.694 rows=1 loops=1)
                     Sort Key: (st_distance(st_transform(s_3557.the_geom, 25833), '0101000020E9640000301B354BC0E223419DD0A43B790B5741'::geometry))
                     Sort Method: top-N heapsort  Memory: 25kB
                     ->  Seq Scan on phoml_trajectory_tmp s_3557  (cost=0.00..165745.68 rows=1 width=84) (actual time=0.042..0.624 rows=484 loops=1)
                           Filter: ((unix_time >= '1685451565.98'::double precision) AND (unix_time <= '1685451625.98'::double precision) AND st_dwithin(st_transform(the_geom, 25833), '0101000020E9640000301B354BC0E223419DD0A43B790B5741'::geometry, '300'::double precision))
                           Rows Removed by Filter: 3176
   ->  Subquery Scan on "*SELECT* 3559"  (cost=165745.69..165745.70 rows=1 width=76) (actual time=0.636..0.637 rows=1 loops=1)
         ->  Limit  (cost=165745.69..165745.69 rows=1 width=84) (actual time=0.633..0.634 rows=1 loops=1)
               ->  Sort  (cost=165745.69..165745.69 rows=1 width=84) (actual time=0.631..0.631 rows=1 loops=1)
                     Sort Key: (st_distance(st_transform(s_3558.the_geom, 25833), '0101000020E9640000CF5CEBEEC4E22341B91E9912780B5741'::geometry))
                     Sort Method: top-N heapsort  Memory: 25kB
                     ->  Seq Scan on phoml_trajectory_tmp s_3558  (cost=0.00..165745.68 rows=1 width=84) (actual time=0.047..0.563 rows=484 loops=1)
                           Filter: ((unix_time >= '1685451566.374'::double precision) AND (unix_time <= '1685451626.374'::double precision) AND st_dwithin(st_transform(the_geom, 25833), '0101000020E9640000CF5CEBEEC4E22341B91E9912780B5741'::geometry, '300'::double precision))
                           Rows Removed by Filter: 3176
   ->  Subquery Scan on "*SELECT* 3560"  (cost=165745.69..165745.70 rows=1 width=76) (actual time=0.653..0.654 rows=1 loops=1)
         ->  Limit  (cost=165745.69..165745.69 rows=1 width=84) (actual time=0.650..0.651 rows=1 loops=1)
               ->  Sort  (cost=165745.69..165745.69 rows=1 width=84) (actual time=0.648..0.649 rows=1 loops=1)
                     Sort Key: (st_distance(st_transform(s_3559.the_geom, 25833), '0101000020E9640000946CB82ECAE22341E75B2FE8760B5741'::geometry))
                     Sort Method: top-N heapsort  Memory: 25kB
                     ->  Seq Scan on phoml_trajectory_tmp s_3559  (cost=0.00..165745.68 rows=1 width=84) (actual time=0.056..0.580 rows=484 loops=1)
                           Filter: ((unix_time >= '1685451566.794'::double precision) AND (unix_time <= '1685451626.794'::double precision) AND st_dwithin(st_transform(the_geom, 25833), '0101000020E9640000946CB82ECAE22341E75B2FE8760B5741'::geometry, '300'::double precision))
                           Rows Removed by Filter: 3176
   ->  Subquery Scan on "*SELECT* 3561"  (cost=165745.69..165745.70 rows=1 width=76) (actual time=0.652..0.653 rows=1 loops=1)
         ->  Limit  (cost=165745.69..165745.69 rows=1 width=84) (actual time=0.649..0.650 rows=1 loops=1)
               ->  Sort  (cost=165745.69..165745.69 rows=1 width=84) (actual time=0.647..0.647 rows=1 loops=1)
                     Sort Key: (st_distance(st_transform(s_3560.the_geom, 25833), '0101000020E9640000ECF4FB2FD0E223416952C0BD750B5741'::geometry))
                     Sort Method: top-N heapsort  Memory: 25kB
                     ->  Seq Scan on phoml_trajectory_tmp s_3560  (cost=0.00..165745.68 rows=1 width=84) (actual time=0.043..0.579 rows=484 loops=1)
                           Filter: ((unix_time >= '1685451567.221'::double precision) AND (unix_time <= '1685451627.221'::double precision) AND st_dwithin(st_transform(the_geom, 25833), '0101000020E9640000ECF4FB2FD0E223416952C0BD750B5741'::geometry, '300'::double precision))
                           Rows Removed by Filter: 3176
   ->  Subquery Scan on "*SELECT* 3562"  (cost=165745.69..165745.70 rows=1 width=76) (actual time=0.638..0.639 rows=1 loops=1)
         ->  Limit  (cost=165745.69..165745.69 rows=1 width=84) (actual time=0.636..0.636 rows=1 loops=1)
               ->  Sort  (cost=165745.69..165745.69 rows=1 width=84) (actual time=0.634..0.634 rows=1 loops=1)
                     Sort Key: (st_distance(st_transform(s_3561.the_geom, 25833), '0101000020E96400009B5CA1D8D6E223418B006FA5740B5741'::geometry))
                     Sort Method: top-N heapsort  Memory: 25kB
                     ->  Seq Scan on phoml_trajectory_tmp s_3561  (cost=0.00..165745.68 rows=1 width=84) (actual time=0.044..0.565 rows=484 loops=1)
                           Filter: ((unix_time >= '1685451567.651'::double precision) AND (unix_time <= '1685451627.651'::double precision) AND st_dwithin(st_transform(the_geom, 25833), '0101000020E96400009B5CA1D8D6E223418B006FA5740B5741'::geometry, '300'::double precision))
                           Rows Removed by Filter: 3176
   ->  Subquery Scan on "*SELECT* 3563"  (cost=165745.69..165745.70 rows=1 width=76) (actual time=0.650..0.651 rows=1 loops=1)
         ->  Limit  (cost=165745.69..165745.69 rows=1 width=84) (actual time=0.647..0.647 rows=1 loops=1)
               ->  Sort  (cost=165745.69..165745.69 rows=1 width=84) (actual time=0.644..0.645 rows=1 loops=1)
                     Sort Key: (st_distance(st_transform(s_3562.the_geom, 25833), '0101000020E9640000DDD7E027DFE22341CDFE9B8F730B5741'::geometry))
                     Sort Method: top-N heapsort  Memory: 25kB
                     ->  Seq Scan on phoml_trajectory_tmp s_3562  (cost=0.00..165745.68 rows=1 width=84) (actual time=0.042..0.566 rows=480 loops=1)
                           Filter: ((unix_time >= '1685451568.081'::double precision) AND (unix_time <= '1685451628.081'::double precision) AND st_dwithin(st_transform(the_geom, 25833), '0101000020E9640000DDD7E027DFE22341CDFE9B8F730B5741'::geometry, '300'::double precision))
                           Rows Removed by Filter: 3180
   ->  Subquery Scan on "*SELECT* 3564"  (cost=165745.69..165745.70 rows=1 width=76) (actual time=0.647..0.649 rows=1 loops=1)
         ->  Limit  (cost=165745.69..165745.69 rows=1 width=84) (actual time=0.644..0.645 rows=1 loops=1)
               ->  Sort  (cost=165745.69..165745.69 rows=1 width=84) (actual time=0.642..0.643 rows=1 loops=1)
                     Sort Key: (st_distance(st_transform(s_3563.the_geom, 25833), '0101000020E96400005CE6528FE8E2234170F0C088720B5741'::geometry))
                     Sort Method: top-N heapsort  Memory: 25kB
                     ->  Seq Scan on phoml_trajectory_tmp s_3563  (cost=0.00..165745.68 rows=1 width=84) (actual time=0.042..0.573 rows=480 loops=1)
                           Filter: ((unix_time >= '1685451568.518'::double precision) AND (unix_time <= '1685451628.518'::double precision) AND st_dwithin(st_transform(the_geom, 25833), '0101000020E96400005CE6528FE8E2234170F0C088720B5741'::geometry, '300'::double precision))
                           Rows Removed by Filter: 3180
   ->  Subquery Scan on "*SELECT* 3565"  (cost=165745.69..165745.70 rows=1 width=76) (actual time=0.638..0.640 rows=1 loops=1)
         ->  Limit  (cost=165745.69..165745.69 rows=1 width=84) (actual time=0.636..0.637 rows=1 loops=1)
               ->  Sort  (cost=165745.69..165745.69 rows=1 width=84) (actual time=0.634..0.635 rows=1 loops=1)
                     Sort Key: (st_distance(st_transform(s_3564.the_geom, 25833), '0101000020E9640000638C6979F2E22341DC842F91710B5741'::geometry))
                     Sort Method: top-N heapsort  Memory: 25kB
                     ->  Seq Scan on phoml_trajectory_tmp s_3564  (cost=0.00..165745.68 rows=1 width=84) (actual time=0.045..0.566 rows=480 loops=1)
                           Filter: ((unix_time >= '1685451568.968'::double precision) AND (unix_time <= '1685451628.968'::double precision) AND st_dwithin(st_transform(the_geom, 25833), '0101000020E9640000638C6979F2E22341DC842F91710B5741'::geometry, '300'::double precision))
                           Rows Removed by Filter: 3180
   ->  Subquery Scan on "*SELECT* 3566"  (cost=165745.69..165745.70 rows=1 width=76) (actual time=0.637..0.638 rows=1 loops=1)
         ->  Limit  (cost=165745.69..165745.69 rows=1 width=84) (actual time=0.633..0.634 rows=1 loops=1)
               ->  Sort  (cost=165745.69..165745.69 rows=1 width=84) (actual time=0.631..0.631 rows=1 loops=1)
                     Sort Key: (st_distance(st_transform(s_3565.the_geom, 25833), '0101000020E964000081262E14FCE22341C6DD5CA3700B5741'::geometry))
                     Sort Method: top-N heapsort  Memory: 25kB
                     ->  Seq Scan on phoml_trajectory_tmp s_3565  (cost=0.00..165745.68 rows=1 width=84) (actual time=0.041..0.564 rows=480 loops=1)
                           Filter: ((unix_time >= '1685451569.42'::double precision) AND (unix_time <= '1685451629.42'::double precision) AND st_dwithin(st_transform(the_geom, 25833), '0101000020E964000081262E14FCE22341C6DD5CA3700B5741'::geometry, '300'::double precision))
                           Rows Removed by Filter: 3180
   ->  Subquery Scan on "*SELECT* 3567"  (cost=165745.69..165745.70 rows=1 width=76) (actual time=0.646..0.647 rows=1 loops=1)
         ->  Limit  (cost=165745.69..165745.69 rows=1 width=84) (actual time=0.643..0.644 rows=1 loops=1)
               ->  Sort  (cost=165745.69..165745.69 rows=1 width=84) (actual time=0.641..0.641 rows=1 loops=1)
                     Sort Key: (st_distance(st_transform(s_3566.the_geom, 25833), '0101000020E96400006DC8403904E323410D191AB46F0B5741'::geometry))
                     Sort Method: top-N heapsort  Memory: 25kB
                     ->  Seq Scan on phoml_trajectory_tmp s_3566  (cost=0.00..165745.68 rows=1 width=84) (actual time=0.041..0.572 rows=480 loops=1)
                           Filter: ((unix_time >= '1685451569.87'::double precision) AND (unix_time <= '1685451629.87'::double precision) AND st_dwithin(st_transform(the_geom, 25833), '0101000020E96400006DC8403904E323410D191AB46F0B5741'::geometry, '300'::double precision))
                           Rows Removed by Filter: 3180
   ->  Subquery Scan on "*SELECT* 3568"  (cost=165745.69..165745.70 rows=1 width=76) (actual time=0.631..0.632 rows=1 loops=1)
         ->  Limit  (cost=165745.69..165745.69 rows=1 width=84) (actual time=0.626..0.627 rows=1 loops=1)
               ->  Sort  (cost=165745.69..165745.69 rows=1 width=84) (actual time=0.624..0.624 rows=1 loops=1)
                     Sort Key: (st_distance(st_transform(s_3567.the_geom, 25833), '0101000020E9640000E4FC40C20AE3234103D1E2C26E0B5741'::geometry))
                     Sort Method: top-N heapsort  Memory: 25kB
                     ->  Seq Scan on phoml_trajectory_tmp s_3567  (cost=0.00..165745.68 rows=1 width=84) (actual time=0.043..0.557 rows=476 loops=1)
                           Filter: ((unix_time >= '1685451570.316'::double precision) AND (unix_time <= '1685451630.316'::double precision) AND st_dwithin(st_transform(the_geom, 25833), '0101000020E9640000E4FC40C20AE3234103D1E2C26E0B5741'::geometry, '300'::double precision))
                           Rows Removed by Filter: 3184
   ->  Subquery Scan on "*SELECT* 3569"  (cost=165745.69..165745.70 rows=1 width=76) (actual time=0.665..0.666 rows=1 loops=1)
         ->  Limit  (cost=165745.69..165745.69 rows=1 width=84) (actual time=0.662..0.663 rows=1 loops=1)
               ->  Sort  (cost=165745.69..165745.69 rows=1 width=84) (actual time=0.654..0.655 rows=1 loops=1)
                     Sort Key: (st_distance(st_transform(s_3568.the_geom, 25833), '0101000020E964000093F3DB6610E32341085CC3CA6D0B5741'::geometry))
                     Sort Method: top-N heapsort  Memory: 25kB
                     ->  Seq Scan on phoml_trajectory_tmp s_3568  (cost=0.00..165745.68 rows=1 width=84) (actual time=0.057..0.581 rows=476 loops=1)
                           Filter: ((unix_time >= '1685451570.776'::double precision) AND (unix_time <= '1685451630.776'::double precision) AND st_dwithin(st_transform(the_geom, 25833), '0101000020E964000093F3DB6610E32341085CC3CA6D0B5741'::geometry, '300'::double precision))
                           Rows Removed by Filter: 3184
   ->  Subquery Scan on "*SELECT* 3570"  (cost=165745.69..165745.70 rows=1 width=76) (actual time=0.638..0.639 rows=1 loops=1)
         ->  Limit  (cost=165745.69..165745.69 rows=1 width=84) (actual time=0.635..0.635 rows=1 loops=1)
               ->  Sort  (cost=165745.69..165745.69 rows=1 width=84) (actual time=0.633..0.633 rows=1 loops=1)
                     Sort Key: (st_distance(st_transform(s_3569.the_geom, 25833), '0101000020E964000022691A4713E323411F2FF5C26C0B5741'::geometry))
                     Sort Method: top-N heapsort  Memory: 25kB
                     ->  Seq Scan on phoml_trajectory_tmp s_3569  (cost=0.00..165745.68 rows=1 width=84) (actual time=0.042..0.554 rows=476 loops=1)
                           Filter: ((unix_time >= '1685451571.232'::double precision) AND (unix_time <= '1685451631.232'::double precision) AND st_dwithin(st_transform(the_geom, 25833), '0101000020E964000022691A4713E323411F2FF5C26C0B5741'::geometry, '300'::double precision))
                           Rows Removed by Filter: 3184
   ->  Subquery Scan on "*SELECT* 3571"  (cost=165745.69..165745.70 rows=1 width=76) (actual time=0.651..0.652 rows=1 loops=1)
         ->  Limit  (cost=165745.69..165745.69 rows=1 width=84) (actual time=0.649..0.650 rows=1 loops=1)
               ->  Sort  (cost=165745.69..165745.69 rows=1 width=84) (actual time=0.647..0.647 rows=1 loops=1)
                     Sort Key: (st_distance(st_transform(s_3570.the_geom, 25833), '0101000020E964000027569DF911E3234143305D9E6B0B5741'::geometry))
                     Sort Method: top-N heapsort  Memory: 25kB
                     ->  Seq Scan on phoml_trajectory_tmp s_3570  (cost=0.00..165745.68 rows=1 width=84) (actual time=0.053..0.578 rows=476 loops=1)
                           Filter: ((unix_time >= '1685451571.722'::double precision) AND (unix_time <= '1685451631.722'::double precision) AND st_dwithin(st_transform(the_geom, 25833), '0101000020E964000027569DF911E3234143305D9E6B0B5741'::geometry, '300'::double precision))
                           Rows Removed by Filter: 3184
   ->  Subquery Scan on "*SELECT* 3572"  (cost=165745.69..165745.70 rows=1 width=76) (actual time=0.666..0.668 rows=1 loops=1)
         ->  Limit  (cost=165745.69..165745.69 rows=1 width=84) (actual time=0.662..0.664 rows=1 loops=1)
               ->  Sort  (cost=165745.69..165745.69 rows=1 width=84) (actual time=0.660..0.661 rows=1 loops=1)
                     Sort Key: (st_distance(st_transform(s_3571.the_geom, 25833), '0101000020E96400002D42E5A00DE32341BA2843816A0B5741'::geometry))
                     Sort Method: top-N heapsort  Memory: 25kB
                     ->  Seq Scan on phoml_trajectory_tmp s_3571  (cost=0.00..165745.68 rows=1 width=84) (actual time=0.044..0.592 rows=480 loops=1)
                           Filter: ((unix_time >= '1685451572.189'::double precision) AND (unix_time <= '1685451632.189'::double precision) AND st_dwithin(st_transform(the_geom, 25833), '0101000020E96400002D42E5A00DE32341BA2843816A0B5741'::geometry, '300'::double precision))
                           Rows Removed by Filter: 3180
   ->  Subquery Scan on "*SELECT* 3573"  (cost=165745.69..165745.70 rows=1 width=76) (actual time=0.636..0.638 rows=1 loops=1)
         ->  Limit  (cost=165745.69..165745.69 rows=1 width=84) (actual time=0.633..0.634 rows=1 loops=1)
               ->  Sort  (cost=165745.69..165745.69 rows=1 width=84) (actual time=0.630..0.631 rows=1 loops=1)
                     Sort Key: (st_distance(st_transform(s_3572.the_geom, 25833), '0101000020E964000071EB0CA106E323410F728778690B5741'::geometry))
                     Sort Method: top-N heapsort  Memory: 25kB
                     ->  Seq Scan on phoml_trajectory_tmp s_3572  (cost=0.00..165745.68 rows=1 width=84) (actual time=0.042..0.563 rows=478 loops=1)
                           Filter: ((unix_time >= '1685451572.689'::double precision) AND (unix_time <= '1685451632.689'::double precision) AND st_dwithin(st_transform(the_geom, 25833), '0101000020E964000071EB0CA106E323410F728778690B5741'::geometry, '300'::double precision))
                           Rows Removed by Filter: 3182
   ->  Subquery Scan on "*SELECT* 3574"  (cost=165745.69..165745.70 rows=1 width=76) (actual time=0.618..0.619 rows=1 loops=1)
         ->  Limit  (cost=165745.69..165745.69 rows=1 width=84) (actual time=0.616..0.617 rows=1 loops=1)
               ->  Sort  (cost=165745.69..165745.69 rows=1 width=84) (actual time=0.614..0.615 rows=1 loops=1)
                     Sort Key: (st_distance(st_transform(s_3573.the_geom, 25833), '0101000020E964000045DB7A22FEE223414116909C680B5741'::geometry))
                     Sort Method: top-N heapsort  Memory: 25kB
                     ->  Seq Scan on phoml_trajectory_tmp s_3573  (cost=0.00..165745.68 rows=1 width=84) (actual time=0.041..0.547 rows=480 loops=1)
                           Filter: ((unix_time >= '1685451573.183'::double precision) AND (unix_time <= '1685451633.183'::double precision) AND st_dwithin(st_transform(the_geom, 25833), '0101000020E964000045DB7A22FEE223414116909C680B5741'::geometry, '300'::double precision))
                           Rows Removed by Filter: 3180
   ->  Subquery Scan on "*SELECT* 3575"  (cost=165745.69..165745.70 rows=1 width=76) (actual time=0.679..0.680 rows=1 loops=1)
         ->  Limit  (cost=165745.69..165745.69 rows=1 width=84) (actual time=0.675..0.676 rows=1 loops=1)
               ->  Sort  (cost=165745.69..165745.69 rows=1 width=84) (actual time=0.673..0.674 rows=1 loops=1)
                     Sort Key: (st_distance(st_transform(s_3574.the_geom, 25833), '0101000020E964000003B87B9CF5E223417B43C1DD670B5741'::geometry))
                     Sort Method: top-N heapsort  Memory: 25kB
                     ->  Seq Scan on phoml_trajectory_tmp s_3574  (cost=0.00..165745.68 rows=1 width=84) (actual time=0.039..0.602 rows=484 loops=1)
                           Filter: ((unix_time >= '1685451573.673'::double precision) AND (unix_time <= '1685451633.673'::double precision) AND st_dwithin(st_transform(the_geom, 25833), '0101000020E964000003B87B9CF5E223417B43C1DD670B5741'::geometry, '300'::double precision))
                           Rows Removed by Filter: 3176
   ->  Subquery Scan on "*SELECT* 3576"  (cost=165745.69..165745.70 rows=1 width=76) (actual time=0.648..0.649 rows=1 loops=1)
         ->  Limit  (cost=165745.69..165745.69 rows=1 width=84) (actual time=0.645..0.645 rows=1 loops=1)
               ->  Sort  (cost=165745.69..165745.69 rows=1 width=84) (actual time=0.643..0.643 rows=1 loops=1)
                     Sort Key: (st_distance(st_transform(s_3575.the_geom, 25833), '0101000020E96400007834E5DCEEE22341D0B61810670B5741'::geometry))
                     Sort Method: top-N heapsort  Memory: 25kB
                     ->  Seq Scan on phoml_trajectory_tmp s_3575  (cost=0.00..165745.68 rows=1 width=84) (actual time=0.040..0.572 rows=484 loops=1)
                           Filter: ((unix_time >= '1685451574.152'::double precision) AND (unix_time <= '1685451634.152'::double precision) AND st_dwithin(st_transform(the_geom, 25833), '0101000020E96400007834E5DCEEE22341D0B61810670B5741'::geometry, '300'::double precision))
                           Rows Removed by Filter: 3176
   ->  Subquery Scan on "*SELECT* 3577"  (cost=165745.69..165745.70 rows=1 width=76) (actual time=0.640..0.641 rows=1 loops=1)
         ->  Limit  (cost=165745.69..165745.69 rows=1 width=84) (actual time=0.637..0.638 rows=1 loops=1)
               ->  Sort  (cost=165745.69..165745.69 rows=1 width=84) (actual time=0.635..0.636 rows=1 loops=1)
                     Sort Key: (st_distance(st_transform(s_3576.the_geom, 25833), '0101000020E9640000664DA7BFEAE223419D8BA617660B5741'::geometry))
                     Sort Method: top-N heapsort  Memory: 25kB
                     ->  Seq Scan on phoml_trajectory_tmp s_3576  (cost=0.00..165745.68 rows=1 width=84) (actual time=0.044..0.562 rows=488 loops=1)
                           Filter: ((unix_time >= '1685451574.622'::double precision) AND (unix_time <= '1685451634.622'::double precision) AND st_dwithin(st_transform(the_geom, 25833), '0101000020E9640000664DA7BFEAE223419D8BA617660B5741'::geometry, '300'::double precision))
                           Rows Removed by Filter: 3172
   ->  Subquery Scan on "*SELECT* 3578"  (cost=165745.69..165745.70 rows=1 width=76) (actual time=0.654..0.655 rows=1 loops=1)
         ->  Limit  (cost=165745.69..165745.69 rows=1 width=84) (actual time=0.650..0.651 rows=1 loops=1)
               ->  Sort  (cost=165745.69..165745.69 rows=1 width=84) (actual time=0.648..0.648 rows=1 loops=1)
                     Sort Key: (st_distance(st_transform(s_3577.the_geom, 25833), '0101000020E96400004B805E4BE8E2234162E8DAEE640B5741'::geometry))
                     Sort Method: top-N heapsort  Memory: 25kB
                     ->  Seq Scan on phoml_trajectory_tmp s_3577  (cost=0.00..165745.68 rows=1 width=84) (actual time=0.039..0.577 rows=488 loops=1)
                           Filter: ((unix_time >= '1685451575.092'::double precision) AND (unix_time <= '1685451635.092'::double precision) AND st_dwithin(st_transform(the_geom, 25833), '0101000020E96400004B805E4BE8E2234162E8DAEE640B5741'::geometry, '300'::double precision))
                           Rows Removed by Filter: 3172
   ->  Subquery Scan on "*SELECT* 3579"  (cost=165745.69..165745.70 rows=1 width=76) (actual time=0.656..0.657 rows=1 loops=1)
         ->  Limit  (cost=165745.69..165745.69 rows=1 width=84) (actual time=0.652..0.653 rows=1 loops=1)
               ->  Sort  (cost=165745.69..165745.69 rows=1 width=84) (actual time=0.651..0.651 rows=1 loops=1)
                     Sort Key: (st_distance(st_transform(s_3578.the_geom, 25833), '0101000020E9640000E7450E0EE7E2234114813BB2630B5741'::geometry))
                     Sort Method: top-N heapsort  Memory: 25kB
                     ->  Seq Scan on phoml_trajectory_tmp s_3578  (cost=0.00..165745.68 rows=1 width=84) (actual time=0.043..0.580 rows=488 loops=1)
                           Filter: ((unix_time >= '1685451575.552'::double precision) AND (unix_time <= '1685451635.552'::double precision) AND st_dwithin(st_transform(the_geom, 25833), '0101000020E9640000E7450E0EE7E2234114813BB2630B5741'::geometry, '300'::double precision))
                           Rows Removed by Filter: 3172
   ->  Subquery Scan on "*SELECT* 3580"  (cost=165745.69..165745.70 rows=1 width=76) (actual time=0.630..0.631 rows=1 loops=1)
         ->  Limit  (cost=165745.69..165745.69 rows=1 width=84) (actual time=0.628..0.629 rows=1 loops=1)
               ->  Sort  (cost=165745.69..165745.69 rows=1 width=84) (actual time=0.626..0.626 rows=1 loops=1)
                     Sort Key: (st_distance(st_transform(s_3579.the_geom, 25833), '0101000020E9640000C4D074FEE5E22341BE356A71620B5741'::geometry))
                     Sort Method: top-N heapsort  Memory: 25kB
                     ->  Seq Scan on phoml_trajectory_tmp s_3579  (cost=0.00..165745.68 rows=1 width=84) (actual time=0.040..0.557 rows=488 loops=1)
                           Filter: ((unix_time >= '1685451575.982'::double precision) AND (unix_time <= '1685451635.982'::double precision) AND st_dwithin(st_transform(the_geom, 25833), '0101000020E9640000C4D074FEE5E22341BE356A71620B5741'::geometry, '300'::double precision))
                           Rows Removed by Filter: 3172
   ->  Subquery Scan on "*SELECT* 3581"  (cost=165745.69..165745.70 rows=1 width=76) (actual time=0.707..0.708 rows=1 loops=1)
         ->  Limit  (cost=165745.69..165745.69 rows=1 width=84) (actual time=0.703..0.704 rows=1 loops=1)
               ->  Sort  (cost=165745.69..165745.69 rows=1 width=84) (actual time=0.701..0.701 rows=1 loops=1)
                     Sort Key: (st_distance(st_transform(s_3580.the_geom, 25833), '0101000020E96400009081DF35E5E22341A2501724610B5741'::geometry))
                     Sort Method: top-N heapsort  Memory: 25kB
                     ->  Seq Scan on phoml_trajectory_tmp s_3580  (cost=0.00..165745.68 rows=1 width=84) (actual time=0.047..0.630 rows=488 loops=1)
                           Filter: ((unix_time >= '1685451576.435'::double precision) AND (unix_time <= '1685451636.435'::double precision) AND st_dwithin(st_transform(the_geom, 25833), '0101000020E96400009081DF35E5E22341A2501724610B5741'::geometry, '300'::double precision))
                           Rows Removed by Filter: 3172
   ->  Subquery Scan on "*SELECT* 3582"  (cost=165745.69..165745.70 rows=1 width=76) (actual time=0.672..0.673 rows=1 loops=1)
         ->  Limit  (cost=165745.69..165745.69 rows=1 width=84) (actual time=0.649..0.650 rows=1 loops=1)
               ->  Sort  (cost=165745.69..165745.69 rows=1 width=84) (actual time=0.647..0.648 rows=1 loops=1)
                     Sort Key: (st_distance(st_transform(s_3581.the_geom, 25833), '0101000020E9640000C24C0CB1E4E223417DD04CD85F0B5741'::geometry))
                     Sort Method: top-N heapsort  Memory: 25kB
                     ->  Seq Scan on phoml_trajectory_tmp s_3581  (cost=0.00..165745.68 rows=1 width=84) (actual time=0.041..0.576 rows=488 loops=1)
                           Filter: ((unix_time >= '1685451576.845'::double precision) AND (unix_time <= '1685451636.845'::double precision) AND st_dwithin(st_transform(the_geom, 25833), '0101000020E9640000C24C0CB1E4E223417DD04CD85F0B5741'::geometry, '300'::double precision))
                           Rows Removed by Filter: 3172
   ->  Subquery Scan on "*SELECT* 3583"  (cost=165745.69..165745.70 rows=1 width=76) (actual time=0.654..0.655 rows=1 loops=1)
         ->  Limit  (cost=165745.69..165745.69 rows=1 width=84) (actual time=0.652..0.652 rows=1 loops=1)
               ->  Sort  (cost=165745.69..165745.69 rows=1 width=84) (actual time=0.649..0.650 rows=1 loops=1)
                     Sort Key: (st_distance(st_transform(s_3582.the_geom, 25833), '0101000020E9640000A6C12D5AE4E223419F297A8D5E0B5741'::geometry))
                     Sort Method: top-N heapsort  Memory: 25kB
                     ->  Seq Scan on phoml_trajectory_tmp s_3582  (cost=0.00..165745.68 rows=1 width=84) (actual time=0.047..0.576 rows=488 loops=1)
                           Filter: ((unix_time >= '1685451577.258'::double precision) AND (unix_time <= '1685451637.258'::double precision) AND st_dwithin(st_transform(the_geom, 25833), '0101000020E9640000A6C12D5AE4E223419F297A8D5E0B5741'::geometry, '300'::double precision))
                           Rows Removed by Filter: 3172
   ->  Subquery Scan on "*SELECT* 3584"  (cost=165745.69..165745.70 rows=1 width=76) (actual time=0.678..0.680 rows=1 loops=1)
         ->  Limit  (cost=165745.69..165745.69 rows=1 width=84) (actual time=0.675..0.676 rows=1 loops=1)
               ->  Sort  (cost=165745.69..165745.69 rows=1 width=84) (actual time=0.673..0.674 rows=1 loops=1)
                     Sort Key: (st_distance(st_transform(s_3583.the_geom, 25833), '0101000020E96400009983B5C0E3E223411F25E6395D0B5741'::geometry))
                     Sort Method: top-N heapsort  Memory: 25kB
                     ->  Seq Scan on phoml_trajectory_tmp s_3583  (cost=0.00..165745.68 rows=1 width=84) (actual time=0.074..0.603 rows=488 loops=1)
                           Filter: ((unix_time >= '1685451577.688'::double precision) AND (unix_time <= '1685451637.688'::double precision) AND st_dwithin(st_transform(the_geom, 25833), '0101000020E96400009983B5C0E3E223411F25E6395D0B5741'::geometry, '300'::double precision))
                           Rows Removed by Filter: 3172
   ->  Subquery Scan on "*SELECT* 3585"  (cost=165745.69..165745.70 rows=1 width=76) (actual time=0.671..0.672 rows=1 loops=1)
         ->  Limit  (cost=165745.69..165745.69 rows=1 width=84) (actual time=0.668..0.668 rows=1 loops=1)
               ->  Sort  (cost=165745.69..165745.69 rows=1 width=84) (actual time=0.666..0.666 rows=1 loops=1)
                     Sort Key: (st_distance(st_transform(s_3584.the_geom, 25833), '0101000020E964000037867868E3E22341220F34F55B0B5741'::geometry))
                     Sort Method: top-N heapsort  Memory: 25kB
                     ->  Seq Scan on phoml_trajectory_tmp s_3584  (cost=0.00..165745.68 rows=1 width=84) (actual time=0.040..0.594 rows=484 loops=1)
                           Filter: ((unix_time >= '1685451578.098'::double precision) AND (unix_time <= '1685451638.098'::double precision) AND st_dwithin(st_transform(the_geom, 25833), '0101000020E964000037867868E3E22341220F34F55B0B5741'::geometry, '300'::double precision))
                           Rows Removed by Filter: 3176
   ->  Subquery Scan on "*SELECT* 3586"  (cost=165745.69..165745.70 rows=1 width=76) (actual time=0.631..0.632 rows=1 loops=1)
         ->  Limit  (cost=165745.69..165745.69 rows=1 width=84) (actual time=0.629..0.630 rows=1 loops=1)
               ->  Sort  (cost=165745.69..165745.69 rows=1 width=84) (actual time=0.627..0.627 rows=1 loops=1)
                     Sort Key: (st_distance(st_transform(s_3585.the_geom, 25833), '0101000020E9640000C3BBB0BBE2E223412430A0B75A0B5741'::geometry))
                     Sort Method: top-N heapsort  Memory: 25kB
                     ->  Seq Scan on phoml_trajectory_tmp s_3585  (cost=0.00..165745.68 rows=1 width=84) (actual time=0.042..0.558 rows=484 loops=1)
                           Filter: ((unix_time >= '1685451578.505'::double precision) AND (unix_time <= '1685451638.505'::double precision) AND st_dwithin(st_transform(the_geom, 25833), '0101000020E9640000C3BBB0BBE2E223412430A0B75A0B5741'::geometry, '300'::double precision))
                           Rows Removed by Filter: 3176
   ->  Subquery Scan on "*SELECT* 3587"  (cost=165745.69..165745.70 rows=1 width=76) (actual time=0.651..0.652 rows=1 loops=1)
         ->  Limit  (cost=165745.69..165745.69 rows=1 width=84) (actual time=0.649..0.650 rows=1 loops=1)
               ->  Sort  (cost=165745.69..165745.69 rows=1 width=84) (actual time=0.633..0.633 rows=1 loops=1)
                     Sort Key: (st_distance(st_transform(s_3586.the_geom, 25833), '0101000020E96400006D2C5FD0E1E223410F8D586D590B5741'::geometry))
                     Sort Method: top-N heapsort  Memory: 25kB
                     ->  Seq Scan on phoml_trajectory_tmp s_3586  (cost=0.00..165745.68 rows=1 width=84) (actual time=0.046..0.562 rows=484 loops=1)
                           Filter: ((unix_time >= '1685451578.925'::double precision) AND (unix_time <= '1685451638.925'::double precision) AND st_dwithin(st_transform(the_geom, 25833), '0101000020E96400006D2C5FD0E1E223410F8D586D590B5741'::geometry, '300'::double precision))
                           Rows Removed by Filter: 3176
   ->  Subquery Scan on "*SELECT* 3588"  (cost=165745.69..165745.70 rows=1 width=76) (actual time=0.643..0.645 rows=1 loops=1)
         ->  Limit  (cost=165745.69..165745.69 rows=1 width=84) (actual time=0.640..0.641 rows=1 loops=1)
               ->  Sort  (cost=165745.69..165745.69 rows=1 width=84) (actual time=0.638..0.639 rows=1 loops=1)
                     Sort Key: (st_distance(st_transform(s_3587.the_geom, 25833), '0101000020E9640000DF1BF381E0E22341419BE132580B5741'::geometry))
                     Sort Method: top-N heapsort  Memory: 25kB
                     ->  Seq Scan on phoml_trajectory_tmp s_3587  (cost=0.00..165745.68 rows=1 width=84) (actual time=0.042..0.568 rows=484 loops=1)
                           Filter: ((unix_time >= '1685451579.341'::double precision) AND (unix_time <= '1685451639.341'::double precision) AND st_dwithin(st_transform(the_geom, 25833), '0101000020E9640000DF1BF381E0E22341419BE132580B5741'::geometry, '300'::double precision))
                           Rows Removed by Filter: 3176
   ->  Subquery Scan on "*SELECT* 3589"  (cost=165745.69..165745.70 rows=1 width=76) (actual time=0.639..0.640 rows=1 loops=1)
         ->  Limit  (cost=165745.69..165745.69 rows=1 width=84) (actual time=0.637..0.638 rows=1 loops=1)
               ->  Sort  (cost=165745.69..165745.69 rows=1 width=84) (actual time=0.635..0.636 rows=1 loops=1)
                     Sort Key: (st_distance(st_transform(s_3588.the_geom, 25833), '0101000020E9640000C5510433DFE22341409E5606570B5741'::geometry))
                     Sort Method: top-N heapsort  Memory: 25kB
                     ->  Seq Scan on phoml_trajectory_tmp s_3588  (cost=0.00..165745.68 rows=1 width=84) (actual time=0.042..0.565 rows=484 loops=1)
                           Filter: ((unix_time >= '1685451579.761'::double precision) AND (unix_time <= '1685451639.761'::double precision) AND st_dwithin(st_transform(the_geom, 25833), '0101000020E9640000C5510433DFE22341409E5606570B5741'::geometry, '300'::double precision))
                           Rows Removed by Filter: 3176
   ->  Subquery Scan on "*SELECT* 3590"  (cost=165745.69..165745.70 rows=1 width=76) (actual time=0.758..0.759 rows=1 loops=1)
         ->  Limit  (cost=165745.69..165745.69 rows=1 width=84) (actual time=0.754..0.755 rows=1 loops=1)
               ->  Sort  (cost=165745.69..165745.69 rows=1 width=84) (actual time=0.752..0.753 rows=1 loops=1)
                     Sort Key: (st_distance(st_transform(s_3589.the_geom, 25833), '0101000020E9640000AB35D9D2DDE223416C0C98CC550B5741'::geometry))
                     Sort Method: top-N heapsort  Memory: 25kB
                     ->  Seq Scan on phoml_trajectory_tmp s_3589  (cost=0.00..165745.68 rows=1 width=84) (actual time=0.061..0.678 rows=480 loops=1)
                           Filter: ((unix_time >= '1685451580.187'::double precision) AND (unix_time <= '1685451640.187'::double precision) AND st_dwithin(st_transform(the_geom, 25833), '0101000020E9640000AB35D9D2DDE223416C0C98CC550B5741'::geometry, '300'::double precision))
                           Rows Removed by Filter: 3180
   ->  Subquery Scan on "*SELECT* 3591"  (cost=165745.69..165745.70 rows=1 width=76) (actual time=0.812..0.813 rows=1 loops=1)
         ->  Limit  (cost=165745.69..165745.69 rows=1 width=84) (actual time=0.802..0.804 rows=1 loops=1)
               ->  Sort  (cost=165745.69..165745.69 rows=1 width=84) (actual time=0.799..0.799 rows=1 loops=1)
                     Sort Key: (st_distance(st_transform(s_3590.the_geom, 25833), '0101000020E9640000590E7478DCE22341B05AB49A540B5741'::geometry))
                     Sort Method: top-N heapsort  Memory: 25kB
                     ->  Seq Scan on phoml_trajectory_tmp s_3590  (cost=0.00..165745.68 rows=1 width=84) (actual time=0.040..0.713 rows=480 loops=1)
                           Filter: ((unix_time >= '1685451580.607'::double precision) AND (unix_time <= '1685451640.607'::double precision) AND st_dwithin(st_transform(the_geom, 25833), '0101000020E9640000590E7478DCE22341B05AB49A540B5741'::geometry, '300'::double precision))
                           Rows Removed by Filter: 3180
   ->  Subquery Scan on "*SELECT* 3592"  (cost=165745.69..165745.70 rows=1 width=76) (actual time=0.648..0.649 rows=1 loops=1)
         ->  Limit  (cost=165745.69..165745.69 rows=1 width=84) (actual time=0.645..0.646 rows=1 loops=1)
               ->  Sort  (cost=165745.69..165745.69 rows=1 width=84) (actual time=0.642..0.643 rows=1 loops=1)
                     Sort Key: (st_distance(st_transform(s_3591.the_geom, 25833), '0101000020E96400008E902DABDBE223411A207652530B5741'::geometry))
                     Sort Method: top-N heapsort  Memory: 25kB
                     ->  Seq Scan on phoml_trajectory_tmp s_3591  (cost=0.00..165745.68 rows=1 width=84) (actual time=0.049..0.573 rows=480 loops=1)
                           Filter: ((unix_time >= '1685451581.057'::double precision) AND (unix_time <= '1685451641.057'::double precision) AND st_dwithin(st_transform(the_geom, 25833), '0101000020E96400008E902DABDBE223411A207652530B5741'::geometry, '300'::double precision))
                           Rows Removed by Filter: 3180
   ->  Subquery Scan on "*SELECT* 3593"  (cost=165745.69..165745.70 rows=1 width=76) (actual time=0.608..0.609 rows=1 loops=1)
         ->  Limit  (cost=165745.69..165745.69 rows=1 width=84) (actual time=0.606..0.607 rows=1 loops=1)
               ->  Sort  (cost=165745.69..165745.69 rows=1 width=84) (actual time=0.604..0.604 rows=1 loops=1)
                     Sort Key: (st_distance(st_transform(s_3592.the_geom, 25833), '0101000020E96400003EDBB2F3DBE2234125D40AEC510B5741'::geometry))
                     Sort Method: top-N heapsort  Memory: 25kB
                     ->  Seq Scan on phoml_trajectory_tmp s_3592  (cost=0.00..165745.68 rows=1 width=84) (actual time=0.038..0.536 rows=478 loops=1)
                           Filter: ((unix_time >= '1685451581.528'::double precision) AND (unix_time <= '1685451641.528'::double precision) AND st_dwithin(st_transform(the_geom, 25833), '0101000020E96400003EDBB2F3DBE2234125D40AEC510B5741'::geometry, '300'::double precision))
                           Rows Removed by Filter: 3182
   ->  Subquery Scan on "*SELECT* 3594"  (cost=165745.69..165745.70 rows=1 width=76) (actual time=0.626..0.627 rows=1 loops=1)
         ->  Limit  (cost=165745.69..165745.69 rows=1 width=84) (actual time=0.623..0.623 rows=1 loops=1)
               ->  Sort  (cost=165745.69..165745.69 rows=1 width=84) (actual time=0.621..0.621 rows=1 loops=1)
                     Sort Key: (st_distance(st_transform(s_3593.the_geom, 25833), '0101000020E964000081B983EADEE223410C6DEF6D500B5741'::geometry))
                     Sort Method: top-N heapsort  Memory: 25kB
                     ->  Seq Scan on phoml_trajectory_tmp s_3593  (cost=0.00..165745.68 rows=1 width=84) (actual time=0.037..0.551 rows=476 loops=1)
                           Filter: ((unix_time >= '1685451581.998'::double precision) AND (unix_time <= '1685451641.998'::double precision) AND st_dwithin(st_transform(the_geom, 25833), '0101000020E964000081B983EADEE223410C6DEF6D500B5741'::geometry, '300'::double precision))
                           Rows Removed by Filter: 3184
   ->  Subquery Scan on "*SELECT* 3595"  (cost=165745.69..165745.70 rows=1 width=76) (actual time=0.677..0.678 rows=1 loops=1)
         ->  Limit  (cost=165745.69..165745.69 rows=1 width=84) (actual time=0.664..0.665 rows=1 loops=1)
               ->  Sort  (cost=165745.69..165745.69 rows=1 width=84) (actual time=0.662..0.662 rows=1 loops=1)
                     Sort Key: (st_distance(st_transform(s_3594.the_geom, 25833), '0101000020E964000060FD26B0E4E2234158F774D04E0B5741'::geometry))
                     Sort Method: top-N heapsort  Memory: 25kB
                     ->  Seq Scan on phoml_trajectory_tmp s_3594  (cost=0.00..165745.68 rows=1 width=84) (actual time=0.039..0.591 rows=472 loops=1)
                           Filter: ((unix_time >= '1685451582.486'::double precision) AND (unix_time <= '1685451642.486'::double precision) AND st_dwithin(st_transform(the_geom, 25833), '0101000020E964000060FD26B0E4E2234158F774D04E0B5741'::geometry, '300'::double precision))
                           Rows Removed by Filter: 3188
   ->  Subquery Scan on "*SELECT* 3596"  (cost=165745.69..165745.70 rows=1 width=76) (actual time=0.651..0.652 rows=1 loops=1)
         ->  Limit  (cost=165745.69..165745.69 rows=1 width=84) (actual time=0.649..0.650 rows=1 loops=1)
               ->  Sort  (cost=165745.69..165745.69 rows=1 width=84) (actual time=0.647..0.647 rows=1 loops=1)
                     Sort Key: (st_distance(st_transform(s_3595.the_geom, 25833), '0101000020E96400006F496013EDE223416969F5324D0B5741'::geometry))
                     Sort Method: top-N heapsort  Memory: 25kB
                     ->  Seq Scan on phoml_trajectory_tmp s_3595  (cost=0.00..165745.68 rows=1 width=84) (actual time=0.041..0.577 rows=472 loops=1)
                           Filter: ((unix_time >= '1685451582.986'::double precision) AND (unix_time <= '1685451642.986'::double precision) AND st_dwithin(st_transform(the_geom, 25833), '0101000020E96400006F496013EDE223416969F5324D0B5741'::geometry, '300'::double precision))
                           Rows Removed by Filter: 3188
   ->  Subquery Scan on "*SELECT* 3597"  (cost=165745.69..165745.70 rows=1 width=76) (actual time=0.707..0.707 rows=1 loops=1)
         ->  Limit  (cost=165745.69..165745.69 rows=1 width=84) (actual time=0.702..0.703 rows=1 loops=1)
               ->  Sort  (cost=165745.69..165745.69 rows=1 width=84) (actual time=0.700..0.701 rows=1 loops=1)
                     Sort Key: (st_distance(st_transform(s_3596.the_geom, 25833), '0101000020E9640000BACB7270F7E22341B59D06AA4B0B5741'::geometry))
                     Sort Method: top-N heapsort  Memory: 25kB
                     ->  Seq Scan on phoml_trajectory_tmp s_3596  (cost=0.00..165745.68 rows=1 width=84) (actual time=0.060..0.620 rows=468 loops=1)
                           Filter: ((unix_time >= '1685451583.509'::double precision) AND (unix_time <= '1685451643.509'::double precision) AND st_dwithin(st_transform(the_geom, 25833), '0101000020E9640000BACB7270F7E22341B59D06AA4B0B5741'::geometry, '300'::double precision))
                           Rows Removed by Filter: 3192
   ->  Subquery Scan on "*SELECT* 3598"  (cost=165745.69..165745.70 rows=1 width=76) (actual time=0.681..0.683 rows=1 loops=1)
         ->  Limit  (cost=165745.69..165745.69 rows=1 width=84) (actual time=0.678..0.679 rows=1 loops=1)
               ->  Sort  (cost=165745.69..165745.69 rows=1 width=84) (actual time=0.675..0.676 rows=1 loops=1)
                     Sort Key: (st_distance(st_transform(s_3597.the_geom, 25833), '0101000020E964000088B99EDC02E323411B0DC0564A0B5741'::geometry))
                     Sort Method: top-N heapsort  Memory: 25kB
                     ->  Seq Scan on phoml_trajectory_tmp s_3597  (cost=0.00..165745.68 rows=1 width=84) (actual time=0.042..0.606 rows=464 loops=1)
                           Filter: ((unix_time >= '1685451583.999'::double precision) AND (unix_time <= '1685451643.999'::double precision) AND st_dwithin(st_transform(the_geom, 25833), '0101000020E964000088B99EDC02E323411B0DC0564A0B5741'::geometry, '300'::double precision))
                           Rows Removed by Filter: 3196
   ->  Subquery Scan on "*SELECT* 3599"  (cost=165745.69..165745.70 rows=1 width=76) (actual time=0.647..0.648 rows=1 loops=1)
         ->  Limit  (cost=165745.69..165745.69 rows=1 width=84) (actual time=0.645..0.646 rows=1 loops=1)
               ->  Sort  (cost=165745.69..165745.69 rows=1 width=84) (actual time=0.643..0.644 rows=1 loops=1)
                     Sort Key: (st_distance(st_transform(s_3598.the_geom, 25833), '0101000020E9640000894255A60FE3234185AB3522490B5741'::geometry))
                     Sort Method: top-N heapsort  Memory: 25kB
                     ->  Seq Scan on phoml_trajectory_tmp s_3598  (cost=0.00..165745.68 rows=1 width=84) (actual time=0.047..0.574 rows=460 loops=1)
                           Filter: ((unix_time >= '1685451584.512'::double precision) AND (unix_time <= '1685451644.512'::double precision) AND st_dwithin(st_transform(the_geom, 25833), '0101000020E9640000894255A60FE3234185AB3522490B5741'::geometry, '300'::double precision))
                           Rows Removed by Filter: 3200
   ->  Subquery Scan on "*SELECT* 3600"  (cost=165745.69..165745.70 rows=1 width=76) (actual time=0.656..0.658 rows=1 loops=1)
         ->  Limit  (cost=165745.69..165745.69 rows=1 width=84) (actual time=0.654..0.655 rows=1 loops=1)
               ->  Sort  (cost=165745.69..165745.69 rows=1 width=84) (actual time=0.651..0.652 rows=1 loops=1)
                     Sort Key: (st_distance(st_transform(s_3599.the_geom, 25833), '0101000020E964000071DE09A41CE3234151A77420480B5741'::geometry))
                     Sort Method: top-N heapsort  Memory: 25kB
                     ->  Seq Scan on phoml_trajectory_tmp s_3599  (cost=0.00..165745.68 rows=1 width=84) (actual time=0.063..0.583 rows=460 loops=1)
                           Filter: ((unix_time >= '1685451584.982'::double precision) AND (unix_time <= '1685451644.982'::double precision) AND st_dwithin(st_transform(the_geom, 25833), '0101000020E964000071DE09A41CE3234151A77420480B5741'::geometry, '300'::double precision))
                           Rows Removed by Filter: 3200
   ->  Subquery Scan on "*SELECT* 3601"  (cost=165745.69..165745.70 rows=1 width=76) (actual time=0.647..0.648 rows=1 loops=1)
         ->  Limit  (cost=165745.69..165745.69 rows=1 width=84) (actual time=0.643..0.644 rows=1 loops=1)
               ->  Sort  (cost=165745.69..165745.69 rows=1 width=84) (actual time=0.641..0.641 rows=1 loops=1)
                     Sort Key: (st_distance(st_transform(s_3600.the_geom, 25833), '0101000020E96400008D847CF028E32341D332D536470B5741'::geometry))
                     Sort Method: top-N heapsort  Memory: 25kB
                     ->  Seq Scan on phoml_trajectory_tmp s_3600  (cost=0.00..165745.68 rows=1 width=84) (actual time=0.040..0.568 rows=456 loops=1)
                           Filter: ((unix_time >= '1685451585.459'::double precision) AND (unix_time <= '1685451645.459'::double precision) AND st_dwithin(st_transform(the_geom, 25833), '0101000020E96400008D847CF028E32341D332D536470B5741'::geometry, '300'::double precision))
                           Rows Removed by Filter: 3204
   ->  Subquery Scan on "*SELECT* 3602"  (cost=165745.69..165745.70 rows=1 width=76) (actual time=0.628..0.629 rows=1 loops=1)
         ->  Limit  (cost=165745.69..165745.69 rows=1 width=84) (actual time=0.625..0.626 rows=1 loops=1)
               ->  Sort  (cost=165745.69..165745.69 rows=1 width=84) (actual time=0.623..0.624 rows=1 loops=1)
                     Sort Key: (st_distance(st_transform(s_3601.the_geom, 25833), '0101000020E9640000D2A6A37233E3234150FC216A460B5741'::geometry))
                     Sort Method: top-N heapsort  Memory: 25kB
                     ->  Seq Scan on phoml_trajectory_tmp s_3601  (cost=0.00..165745.68 rows=1 width=84) (actual time=0.046..0.555 rows=452 loops=1)
                           Filter: ((unix_time >= '1685451585.909'::double precision) AND (unix_time <= '1685451645.909'::double precision) AND st_dwithin(st_transform(the_geom, 25833), '0101000020E9640000D2A6A37233E3234150FC216A460B5741'::geometry, '300'::double precision))
                           Rows Removed by Filter: 3208
   ->  Subquery Scan on "*SELECT* 3603"  (cost=165745.69..165745.70 rows=1 width=76) (actual time=0.636..0.637 rows=1 loops=1)
         ->  Limit  (cost=165745.69..165745.69 rows=1 width=84) (actual time=0.632..0.633 rows=1 loops=1)
               ->  Sort  (cost=165745.69..165745.69 rows=1 width=84) (actual time=0.630..0.630 rows=1 loops=1)
                     Sort Key: (st_distance(st_transform(s_3602.the_geom, 25833), '0101000020E9640000133B7F613DE32341E988A399450B5741'::geometry))
                     Sort Method: top-N heapsort  Memory: 25kB
                     ->  Seq Scan on phoml_trajectory_tmp s_3602  (cost=0.00..165745.68 rows=1 width=84) (actual time=0.040..0.563 rows=448 loops=1)
                           Filter: ((unix_time >= '1685451586.361'::double precision) AND (unix_time <= '1685451646.361'::double precision) AND st_dwithin(st_transform(the_geom, 25833), '0101000020E9640000133B7F613DE32341E988A399450B5741'::geometry, '300'::double precision))
                           Rows Removed by Filter: 3212
   ->  Subquery Scan on "*SELECT* 3604"  (cost=165745.69..165745.70 rows=1 width=76) (actual time=0.656..0.657 rows=1 loops=1)
         ->  Limit  (cost=165745.69..165745.69 rows=1 width=84) (actual time=0.651..0.652 rows=1 loops=1)
               ->  Sort  (cost=165745.69..165745.69 rows=1 width=84) (actual time=0.649..0.650 rows=1 loops=1)
                     Sort Key: (st_distance(st_transform(s_3603.the_geom, 25833), '0101000020E9640000460EF7ED46E32341AAF6C8D0440B5741'::geometry))
                     Sort Method: top-N heapsort  Memory: 25kB
                     ->  Seq Scan on phoml_trajectory_tmp s_3603  (cost=0.00..165745.68 rows=1 width=84) (actual time=0.042..0.582 rows=444 loops=1)
                           Filter: ((unix_time >= '1685451586.801'::double precision) AND (unix_time <= '1685451646.801'::double precision) AND st_dwithin(st_transform(the_geom, 25833), '0101000020E9640000460EF7ED46E32341AAF6C8D0440B5741'::geometry, '300'::double precision))
                           Rows Removed by Filter: 3216
   ->  Subquery Scan on "*SELECT* 3605"  (cost=165745.69..165745.70 rows=1 width=76) (actual time=0.612..0.613 rows=1 loops=1)
         ->  Limit  (cost=165745.69..165745.69 rows=1 width=84) (actual time=0.609..0.610 rows=1 loops=1)
               ->  Sort  (cost=165745.69..165745.69 rows=1 width=84) (actual time=0.607..0.608 rows=1 loops=1)
                     Sort Key: (st_distance(st_transform(s_3604.the_geom, 25833), '0101000020E96400000B44F44C50E32341E17F2E04440B5741'::geometry))
                     Sort Method: top-N heapsort  Memory: 25kB
                     ->  Seq Scan on phoml_trajectory_tmp s_3604  (cost=0.00..165745.68 rows=1 width=84) (actual time=0.042..0.541 rows=440 loops=1)
                           Filter: ((unix_time >= '1685451587.226'::double precision) AND (unix_time <= '1685451647.226'::double precision) AND st_dwithin(st_transform(the_geom, 25833), '0101000020E96400000B44F44C50E32341E17F2E04440B5741'::geometry, '300'::double precision))
                           Rows Removed by Filter: 3220
   ->  Subquery Scan on "*SELECT* 3606"  (cost=165745.69..165745.70 rows=1 width=76) (actual time=0.616..0.617 rows=1 loops=1)
         ->  Limit  (cost=165745.69..165745.69 rows=1 width=84) (actual time=0.613..0.614 rows=1 loops=1)
               ->  Sort  (cost=165745.69..165745.69 rows=1 width=84) (actual time=0.610..0.611 rows=1 loops=1)
                     Sort Key: (st_distance(st_transform(s_3605.the_geom, 25833), '0101000020E9640000FBA4FCDE58E3234106BF0245430B5741'::geometry))
                     Sort Method: top-N heapsort  Memory: 25kB
                     ->  Seq Scan on phoml_trajectory_tmp s_3605  (cost=0.00..165745.68 rows=1 width=84) (actual time=0.039..0.532 rows=440 loops=1)
                           Filter: ((unix_time >= '1685451587.626'::double precision) AND (unix_time <= '1685451647.626'::double precision) AND st_dwithin(st_transform(the_geom, 25833), '0101000020E9640000FBA4FCDE58E3234106BF0245430B5741'::geometry, '300'::double precision))
                           Rows Removed by Filter: 3220
   ->  Subquery Scan on "*SELECT* 3607"  (cost=165745.69..165745.70 rows=1 width=76) (actual time=0.764..0.766 rows=1 loops=1)
         ->  Limit  (cost=165745.69..165745.69 rows=1 width=84) (actual time=0.739..0.740 rows=1 loops=1)
               ->  Sort  (cost=165745.69..165745.69 rows=1 width=84) (actual time=0.736..0.736 rows=1 loops=1)
                     Sort Key: (st_distance(st_transform(s_3606.the_geom, 25833), '0101000020E9640000AFB4677161E323415D8D6079420B5741'::geometry))
                     Sort Method: top-N heapsort  Memory: 25kB
                     ->  Seq Scan on phoml_trajectory_tmp s_3606  (cost=0.00..165745.68 rows=1 width=84) (actual time=0.059..0.659 rows=436 loops=1)
                           Filter: ((unix_time >= '1685451588.056'::double precision) AND (unix_time <= '1685451648.056'::double precision) AND st_dwithin(st_transform(the_geom, 25833), '0101000020E9640000AFB4677161E323415D8D6079420B5741'::geometry, '300'::double precision))
                           Rows Removed by Filter: 3224
   ->  Subquery Scan on "*SELECT* 3608"  (cost=165745.69..165745.70 rows=1 width=76) (actual time=0.700..0.701 rows=1 loops=1)
         ->  Limit  (cost=165745.69..165745.69 rows=1 width=84) (actual time=0.695..0.696 rows=1 loops=1)
               ->  Sort  (cost=165745.69..165745.69 rows=1 width=84) (actual time=0.692..0.693 rows=1 loops=1)
                     Sort Key: (st_distance(st_transform(s_3607.the_geom, 25833), '0101000020E9640000E41D233569E32341575087AE410B5741'::geometry))
                     Sort Method: top-N heapsort  Memory: 25kB
                     ->  Seq Scan on phoml_trajectory_tmp s_3607  (cost=0.00..165745.68 rows=1 width=84) (actual time=0.053..0.612 rows=432 loops=1)
                           Filter: ((unix_time >= '1685451588.435'::double precision) AND (unix_time <= '1685451648.435'::double precision) AND st_dwithin(st_transform(the_geom, 25833), '0101000020E9640000E41D233569E32341575087AE410B5741'::geometry, '300'::double precision))
                           Rows Removed by Filter: 3228
   ->  Subquery Scan on "*SELECT* 3609"  (cost=165745.69..165745.70 rows=1 width=76) (actual time=0.607..0.608 rows=1 loops=1)
         ->  Limit  (cost=165745.69..165745.69 rows=1 width=84) (actual time=0.604..0.605 rows=1 loops=1)
               ->  Sort  (cost=165745.69..165745.69 rows=1 width=84) (actual time=0.603..0.603 rows=1 loops=1)
                     Sort Key: (st_distance(st_transform(s_3608.the_geom, 25833), '0101000020E9640000AE12714E71E323414696BFE6400B5741'::geometry))
                     Sort Method: top-N heapsort  Memory: 25kB
                     ->  Seq Scan on phoml_trajectory_tmp s_3608  (cost=0.00..165745.68 rows=1 width=84) (actual time=0.042..0.539 rows=428 loops=1)
                           Filter: ((unix_time >= '1685451588.835'::double precision) AND (unix_time <= '1685451648.835'::double precision) AND st_dwithin(st_transform(the_geom, 25833), '0101000020E9640000AE12714E71E323414696BFE6400B5741'::geometry, '300'::double precision))
                           Rows Removed by Filter: 3232
   ->  Subquery Scan on "*SELECT* 3610"  (cost=165745.69..165745.70 rows=1 width=76) (actual time=0.612..0.614 rows=1 loops=1)
         ->  Limit  (cost=165745.69..165745.69 rows=1 width=84) (actual time=0.608..0.610 rows=1 loops=1)
               ->  Sort  (cost=165745.69..165745.69 rows=1 width=84) (actual time=0.606..0.607 rows=1 loops=1)
                     Sort Key: (st_distance(st_transform(s_3609.the_geom, 25833), '0101000020E96400001CACDD7279E323411FA15219400B5741'::geometry))
                     Sort Method: top-N heapsort  Memory: 25kB
                     ->  Seq Scan on phoml_trajectory_tmp s_3609  (cost=0.00..165745.68 rows=1 width=84) (actual time=0.043..0.542 rows=424 loops=1)
                           Filter: ((unix_time >= '1685451589.234'::double precision) AND (unix_time <= '1685451649.234'::double precision) AND st_dwithin(st_transform(the_geom, 25833), '0101000020E96400001CACDD7279E323411FA15219400B5741'::geometry, '300'::double precision))
                           Rows Removed by Filter: 3236
   ->  Subquery Scan on "*SELECT* 3611"  (cost=165745.69..165745.70 rows=1 width=76) (actual time=0.605..0.606 rows=1 loops=1)
         ->  Limit  (cost=165745.69..165745.69 rows=1 width=84) (actual time=0.599..0.600 rows=1 loops=1)
               ->  Sort  (cost=165745.69..165745.69 rows=1 width=84) (actual time=0.597..0.597 rows=1 loops=1)
                     Sort Key: (st_distance(st_transform(s_3610.the_geom, 25833), '0101000020E96400008379DA6581E323414BA551583F0B5741'::geometry))
                     Sort Method: top-N heapsort  Memory: 25kB
                     ->  Seq Scan on phoml_trajectory_tmp s_3610  (cost=0.00..165745.68 rows=1 width=84) (actual time=0.046..0.532 rows=420 loops=1)
                           Filter: ((unix_time >= '1685451589.624'::double precision) AND (unix_time <= '1685451649.624'::double precision) AND st_dwithin(st_transform(the_geom, 25833), '0101000020E96400008379DA6581E323414BA551583F0B5741'::geometry, '300'::double precision))
                           Rows Removed by Filter: 3240
   ->  Subquery Scan on "*SELECT* 3612"  (cost=165745.69..165745.70 rows=1 width=76) (actual time=0.617..0.618 rows=1 loops=1)
         ->  Limit  (cost=165745.69..165745.69 rows=1 width=84) (actual time=0.610..0.611 rows=1 loops=1)
               ->  Sort  (cost=165745.69..165745.69 rows=1 width=84) (actual time=0.605..0.606 rows=1 loops=1)
                     Sort Key: (st_distance(st_transform(s_3611.the_geom, 25833), '0101000020E964000010F2351789E32341F792CA8A3E0B5741'::geometry))
                     Sort Method: top-N heapsort  Memory: 25kB
                     ->  Seq Scan on phoml_trajectory_tmp s_3611  (cost=0.00..165745.68 rows=1 width=84) (actual time=0.050..0.535 rows=416 loops=1)
                           Filter: ((unix_time >= '1685451589.994'::double precision) AND (unix_time <= '1685451649.994'::double precision) AND st_dwithin(st_transform(the_geom, 25833), '0101000020E964000010F2351789E32341F792CA8A3E0B5741'::geometry, '300'::double precision))
                           Rows Removed by Filter: 3244
   ->  Subquery Scan on "*SELECT* 3613"  (cost=165745.69..165745.70 rows=1 width=76) (actual time=0.596..0.597 rows=1 loops=1)
         ->  Limit  (cost=165745.69..165745.69 rows=1 width=84) (actual time=0.592..0.593 rows=1 loops=1)
               ->  Sort  (cost=165745.69..165745.69 rows=1 width=84) (actual time=0.590..0.590 rows=1 loops=1)
                     Sort Key: (st_distance(st_transform(s_3612.the_geom, 25833), '0101000020E96400008EE55B6690E32341CA5E95BF3D0B5741'::geometry))
                     Sort Method: top-N heapsort  Memory: 25kB
                     ->  Seq Scan on phoml_trajectory_tmp s_3612  (cost=0.00..165745.68 rows=1 width=84) (actual time=0.040..0.526 rows=416 loops=1)
                           Filter: ((unix_time >= '1685451590.382'::double precision) AND (unix_time <= '1685451650.382'::double precision) AND st_dwithin(st_transform(the_geom, 25833), '0101000020E96400008EE55B6690E32341CA5E95BF3D0B5741'::geometry, '300'::double precision))
                           Rows Removed by Filter: 3244
   ->  Subquery Scan on "*SELECT* 3614"  (cost=165745.69..165745.70 rows=1 width=76) (actual time=0.585..0.586 rows=1 loops=1)
         ->  Limit  (cost=165745.69..165745.69 rows=1 width=84) (actual time=0.582..0.583 rows=1 loops=1)
               ->  Sort  (cost=165745.69..165745.69 rows=1 width=84) (actual time=0.580..0.580 rows=1 loops=1)
                     Sort Key: (st_distance(st_transform(s_3613.the_geom, 25833), '0101000020E96400009F0E450C98E323415570EFE73C0B5741'::geometry))
                     Sort Method: top-N heapsort  Memory: 25kB
                     ->  Seq Scan on phoml_trajectory_tmp s_3613  (cost=0.00..165745.68 rows=1 width=84) (actual time=0.041..0.513 rows=412 loops=1)
                           Filter: ((unix_time >= '1685451590.762'::double precision) AND (unix_time <= '1685451650.762'::double precision) AND st_dwithin(st_transform(the_geom, 25833), '0101000020E96400009F0E450C98E323415570EFE73C0B5741'::geometry, '300'::double precision))
                           Rows Removed by Filter: 3248
   ->  Subquery Scan on "*SELECT* 3615"  (cost=165745.69..165745.70 rows=1 width=76) (actual time=0.594..0.595 rows=1 loops=1)
         ->  Limit  (cost=165745.69..165745.69 rows=1 width=84) (actual time=0.590..0.591 rows=1 loops=1)
               ->  Sort  (cost=165745.69..165745.69 rows=1 width=84) (actual time=0.588..0.588 rows=1 loops=1)
                     Sort Key: (st_distance(st_transform(s_3614.the_geom, 25833), '0101000020E96400000726258E9FE3234178504B193C0B5741'::geometry))
                     Sort Method: top-N heapsort  Memory: 25kB
                     ->  Seq Scan on phoml_trajectory_tmp s_3614  (cost=0.00..165745.68 rows=1 width=84) (actual time=0.043..0.525 rows=408 loops=1)
                           Filter: ((unix_time >= '1685451591.142'::double precision) AND (unix_time <= '1685451651.142'::double precision) AND st_dwithin(st_transform(the_geom, 25833), '0101000020E96400000726258E9FE3234178504B193C0B5741'::geometry, '300'::double precision))
                           Rows Removed by Filter: 3252
   ->  Subquery Scan on "*SELECT* 3616"  (cost=165745.69..165745.70 rows=1 width=76) (actual time=0.577..0.579 rows=1 loops=1)
         ->  Limit  (cost=165745.69..165745.69 rows=1 width=84) (actual time=0.574..0.575 rows=1 loops=1)
               ->  Sort  (cost=165745.69..165745.69 rows=1 width=84) (actual time=0.572..0.573 rows=1 loops=1)
                     Sort Key: (st_distance(st_transform(s_3615.the_geom, 25833), '0101000020E9640000809807B7A7E3234142AEAC483B0B5741'::geometry))
                     Sort Method: top-N heapsort  Memory: 25kB
                     ->  Seq Scan on phoml_trajectory_tmp s_3615  (cost=0.00..165745.68 rows=1 width=84) (actual time=0.042..0.511 rows=404 loops=1)
                           Filter: ((unix_time >= '1685451591.532'::double precision) AND (unix_time <= '1685451651.532'::double precision) AND st_dwithin(st_transform(the_geom, 25833), '0101000020E9640000809807B7A7E3234142AEAC483B0B5741'::geometry, '300'::double precision))
                           Rows Removed by Filter: 3256
   ->  Subquery Scan on "*SELECT* 3617"  (cost=165745.69..165745.70 rows=1 width=76) (actual time=0.580..0.581 rows=1 loops=1)
         ->  Limit  (cost=165745.69..165745.69 rows=1 width=84) (actual time=0.577..0.577 rows=1 loops=1)
               ->  Sort  (cost=165745.69..165745.69 rows=1 width=84) (actual time=0.574..0.575 rows=1 loops=1)
                     Sort Key: (st_distance(st_transform(s_3616.the_geom, 25833), '0101000020E96400003F314185AFE323417239D07C3A0B5741'::geometry))
                     Sort Method: top-N heapsort  Memory: 25kB
                     ->  Seq Scan on phoml_trajectory_tmp s_3616  (cost=0.00..165745.68 rows=1 width=84) (actual time=0.039..0.513 rows=400 loops=1)
                           Filter: ((unix_time >= '1685451591.912'::double precision) AND (unix_time <= '1685451651.912'::double precision) AND st_dwithin(st_transform(the_geom, 25833), '0101000020E96400003F314185AFE323417239D07C3A0B5741'::geometry, '300'::double precision))
                           Rows Removed by Filter: 3260
   ->  Subquery Scan on "*SELECT* 3618"  (cost=165745.69..165745.70 rows=1 width=76) (actual time=0.580..0.581 rows=1 loops=1)
         ->  Limit  (cost=165745.69..165745.69 rows=1 width=84) (actual time=0.577..0.577 rows=1 loops=1)
               ->  Sort  (cost=165745.69..165745.69 rows=1 width=84) (actual time=0.574..0.575 rows=1 loops=1)
                     Sort Key: (st_distance(st_transform(s_3617.the_geom, 25833), '0101000020E964000000CF4B6FB7E32341CD2F42B9390B5741'::geometry))
                     Sort Method: top-N heapsort  Memory: 25kB
                     ->  Seq Scan on phoml_trajectory_tmp s_3617  (cost=0.00..165745.68 rows=1 width=84) (actual time=0.040..0.514 rows=396 loops=1)
                           Filter: ((unix_time >= '1685451592.309'::double precision) AND (unix_time <= '1685451652.309'::double precision) AND st_dwithin(st_transform(the_geom, 25833), '0101000020E964000000CF4B6FB7E32341CD2F42B9390B5741'::geometry, '300'::double precision))
                           Rows Removed by Filter: 3264
   ->  Subquery Scan on "*SELECT* 3619"  (cost=165745.69..165745.70 rows=1 width=76) (actual time=0.567..0.569 rows=1 loops=1)
         ->  Limit  (cost=165745.69..165745.69 rows=1 width=84) (actual time=0.565..0.566 rows=1 loops=1)
               ->  Sort  (cost=165745.69..165745.69 rows=1 width=84) (actual time=0.563..0.564 rows=1 loops=1)
                     Sort Key: (st_distance(st_transform(s_3618.the_geom, 25833), '0101000020E96400004782528BBFE32341DF1FD5E9380B5741'::geometry))
                     Sort Method: top-N heapsort  Memory: 25kB
                     ->  Seq Scan on phoml_trajectory_tmp s_3618  (cost=0.00..165745.68 rows=1 width=84) (actual time=0.042..0.505 rows=392 loops=1)
                           Filter: ((unix_time >= '1685451592.699'::double precision) AND (unix_time <= '1685451652.699'::double precision) AND st_dwithin(st_transform(the_geom, 25833), '0101000020E96400004782528BBFE32341DF1FD5E9380B5741'::geometry, '300'::double precision))
                           Rows Removed by Filter: 3268
   ->  Subquery Scan on "*SELECT* 3620"  (cost=165745.69..165745.70 rows=1 width=76) (actual time=0.568..0.569 rows=1 loops=1)
         ->  Limit  (cost=165745.69..165745.69 rows=1 width=84) (actual time=0.565..0.566 rows=1 loops=1)
               ->  Sort  (cost=165745.69..165745.69 rows=1 width=84) (actual time=0.563..0.563 rows=1 loops=1)
                     Sort Key: (st_distance(st_transform(s_3619.the_geom, 25833), '0101000020E9640000AB23ED5DC7E32341C9BA5127380B5741'::geometry))
                     Sort Method: top-N heapsort  Memory: 25kB
                     ->  Seq Scan on phoml_trajectory_tmp s_3619  (cost=0.00..165745.68 rows=1 width=84) (actual time=0.040..0.503 rows=388 loops=1)
                           Filter: ((unix_time >= '1685451593.089'::double precision) AND (unix_time <= '1685451653.089'::double precision) AND st_dwithin(st_transform(the_geom, 25833), '0101000020E9640000AB23ED5DC7E32341C9BA5127380B5741'::geometry, '300'::double precision))
                           Rows Removed by Filter: 3272
   ->  Subquery Scan on "*SELECT* 3621"  (cost=165745.69..165745.70 rows=1 width=76) (actual time=0.563..0.564 rows=1 loops=1)
         ->  Limit  (cost=165745.69..165745.69 rows=1 width=84) (actual time=0.561..0.561 rows=1 loops=1)
               ->  Sort  (cost=165745.69..165745.69 rows=1 width=84) (actual time=0.559..0.559 rows=1 loops=1)
                     Sort Key: (st_distance(st_transform(s_3620.the_geom, 25833), '0101000020E9640000DB9BAEC4CFE32341C943D861370B5741'::geometry))
                     Sort Method: top-N heapsort  Memory: 25kB
                     ->  Seq Scan on phoml_trajectory_tmp s_3620  (cost=0.00..165745.68 rows=1 width=84) (actual time=0.040..0.499 rows=388 loops=1)
                           Filter: ((unix_time >= '1685451593.507'::double precision) AND (unix_time <= '1685451653.507'::double precision) AND st_dwithin(st_transform(the_geom, 25833), '0101000020E9640000DB9BAEC4CFE32341C943D861370B5741'::geometry, '300'::double precision))
                           Rows Removed by Filter: 3272
   ->  Subquery Scan on "*SELECT* 3622"  (cost=165745.69..165745.70 rows=1 width=76) (actual time=0.572..0.573 rows=1 loops=1)
         ->  Limit  (cost=165745.69..165745.69 rows=1 width=84) (actual time=0.568..0.569 rows=1 loops=1)
               ->  Sort  (cost=165745.69..165745.69 rows=1 width=84) (actual time=0.566..0.566 rows=1 loops=1)
                     Sort Key: (st_distance(st_transform(s_3621.the_geom, 25833), '0101000020E964000054E57CB1D7E323414AF2129C360B5741'::geometry))
                     Sort Method: top-N heapsort  Memory: 25kB
                     ->  Seq Scan on phoml_trajectory_tmp s_3621  (cost=0.00..165745.68 rows=1 width=84) (actual time=0.053..0.507 rows=384 loops=1)
                           Filter: ((unix_time >= '1685451593.907'::double precision) AND (unix_time <= '1685451653.907'::double precision) AND st_dwithin(st_transform(the_geom, 25833), '0101000020E964000054E57CB1D7E323414AF2129C360B5741'::geometry, '300'::double precision))
                           Rows Removed by Filter: 3276
   ->  Subquery Scan on "*SELECT* 3623"  (cost=165745.69..165745.70 rows=1 width=76) (actual time=0.553..0.554 rows=1 loops=1)
         ->  Limit  (cost=165745.69..165745.69 rows=1 width=84) (actual time=0.550..0.550 rows=1 loops=1)
               ->  Sort  (cost=165745.69..165745.69 rows=1 width=84) (actual time=0.548..0.548 rows=1 loops=1)
                     Sort Key: (st_distance(st_transform(s_3622.the_geom, 25833), '0101000020E96400001483094CDFE32341BC8B5BD0350B5741'::geometry))
                     Sort Method: top-N heapsort  Memory: 25kB
                     ->  Seq Scan on phoml_trajectory_tmp s_3622  (cost=0.00..165745.68 rows=1 width=84) (actual time=0.039..0.489 rows=380 loops=1)
                           Filter: ((unix_time >= '1685451594.323'::double precision) AND (unix_time <= '1685451654.323'::double precision) AND st_dwithin(st_transform(the_geom, 25833), '0101000020E96400001483094CDFE32341BC8B5BD0350B5741'::geometry, '300'::double precision))
                           Rows Removed by Filter: 3280
   ->  Subquery Scan on "*SELECT* 3624"  (cost=165745.69..165745.70 rows=1 width=76) (actual time=0.536..0.537 rows=1 loops=1)
         ->  Limit  (cost=165745.69..165745.69 rows=1 width=84) (actual time=0.534..0.535 rows=1 loops=1)
               ->  Sort  (cost=165745.69..165745.69 rows=1 width=84) (actual time=0.532..0.532 rows=1 loops=1)
                     Sort Key: (st_distance(st_transform(s_3623.the_geom, 25833), '0101000020E9640000F89D5BCBE6E32341D299A0FD340B5741'::geometry))
                     Sort Method: top-N heapsort  Memory: 25kB
                     ->  Seq Scan on phoml_trajectory_tmp s_3623  (cost=0.00..165745.68 rows=1 width=84) (actual time=0.040..0.474 rows=376 loops=1)
                           Filter: ((unix_time >= '1685451594.763'::double precision) AND (unix_time <= '1685451654.763'::double precision) AND st_dwithin(st_transform(the_geom, 25833), '0101000020E9640000F89D5BCBE6E32341D299A0FD340B5741'::geometry, '300'::double precision))
                           Rows Removed by Filter: 3284
   ->  Subquery Scan on "*SELECT* 3625"  (cost=165745.69..165745.70 rows=1 width=76) (actual time=0.559..0.560 rows=1 loops=1)
         ->  Limit  (cost=165745.69..165745.69 rows=1 width=84) (actual time=0.555..0.556 rows=1 loops=1)
               ->  Sort  (cost=165745.69..165745.69 rows=1 width=84) (actual time=0.553..0.553 rows=1 loops=1)
                     Sort Key: (st_distance(st_transform(s_3624.the_geom, 25833), '0101000020E9640000DB42A89CEDE323412F2FF320340B5741'::geometry))
                     Sort Method: top-N heapsort  Memory: 25kB
                     ->  Seq Scan on phoml_trajectory_tmp s_3624  (cost=0.00..165745.68 rows=1 width=84) (actual time=0.040..0.496 rows=372 loops=1)
                           Filter: ((unix_time >= '1685451595.19'::double precision) AND (unix_time <= '1685451655.19'::double precision) AND st_dwithin(st_transform(the_geom, 25833), '0101000020E9640000DB42A89CEDE323412F2FF320340B5741'::geometry, '300'::double precision))
                           Rows Removed by Filter: 3288
   ->  Subquery Scan on "*SELECT* 3626"  (cost=165745.69..165745.70 rows=1 width=76) (actual time=0.532..0.533 rows=1 loops=1)
         ->  Limit  (cost=165745.69..165745.69 rows=1 width=84) (actual time=0.529..0.530 rows=1 loops=1)
               ->  Sort  (cost=165745.69..165745.69 rows=1 width=84) (actual time=0.527..0.527 rows=1 loops=1)
                     Sort Key: (st_distance(st_transform(s_3625.the_geom, 25833), '0101000020E964000010881723F3E3234116FC9339330B5741'::geometry))
                     Sort Method: top-N heapsort  Memory: 25kB
                     ->  Seq Scan on phoml_trajectory_tmp s_3625  (cost=0.00..165745.68 rows=1 width=84) (actual time=0.040..0.469 rows=368 loops=1)
                           Filter: ((unix_time >= '1685451595.63'::double precision) AND (unix_time <= '1685451655.63'::double precision) AND st_dwithin(st_transform(the_geom, 25833), '0101000020E964000010881723F3E3234116FC9339330B5741'::geometry, '300'::double precision))
                           Rows Removed by Filter: 3292
   ->  Subquery Scan on "*SELECT* 3627"  (cost=165745.69..165745.70 rows=1 width=76) (actual time=0.532..0.533 rows=1 loops=1)
         ->  Limit  (cost=165745.69..165745.69 rows=1 width=84) (actual time=0.529..0.529 rows=1 loops=1)
               ->  Sort  (cost=165745.69..165745.69 rows=1 width=84) (actual time=0.527..0.527 rows=1 loops=1)
                     Sort Key: (st_distance(st_transform(s_3626.the_geom, 25833), '0101000020E9640000836958AAF6E32341E57C0639320B5741'::geometry))
                     Sort Method: top-N heapsort  Memory: 25kB
                     ->  Seq Scan on phoml_trajectory_tmp s_3626  (cost=0.00..165745.68 rows=1 width=84) (actual time=0.039..0.469 rows=364 loops=1)
                           Filter: ((unix_time >= '1685451596.09'::double precision) AND (unix_time <= '1685451656.09'::double precision) AND st_dwithin(st_transform(the_geom, 25833), '0101000020E9640000836958AAF6E32341E57C0639320B5741'::geometry, '300'::double precision))
                           Rows Removed by Filter: 3296
   ->  Subquery Scan on "*SELECT* 3628"  (cost=165745.69..165745.70 rows=1 width=76) (actual time=0.513..0.514 rows=1 loops=1)
         ->  Limit  (cost=165745.69..165745.69 rows=1 width=84) (actual time=0.511..0.512 rows=1 loops=1)
               ->  Sort  (cost=165745.69..165745.69 rows=1 width=84) (actual time=0.509..0.509 rows=1 loops=1)
                     Sort Key: (st_distance(st_transform(s_3627.the_geom, 25833), '0101000020E96400008420D347F9E32341EE668724310B5741'::geometry))
                     Sort Method: top-N heapsort  Memory: 25kB
                     ->  Seq Scan on phoml_trajectory_tmp s_3627  (cost=0.00..165745.68 rows=1 width=84) (actual time=0.041..0.454 rows=360 loops=1)
                           Filter: ((unix_time >= '1685451596.58'::double precision) AND (unix_time <= '1685451656.58'::double precision) AND st_dwithin(st_transform(the_geom, 25833), '0101000020E96400008420D347F9E32341EE668724310B5741'::geometry, '300'::double precision))
                           Rows Removed by Filter: 3300
   ->  Subquery Scan on "*SELECT* 3629"  (cost=165745.69..165745.70 rows=1 width=76) (actual time=0.535..0.536 rows=1 loops=1)
         ->  Limit  (cost=165745.69..165745.69 rows=1 width=84) (actual time=0.530..0.531 rows=1 loops=1)
               ->  Sort  (cost=165745.69..165745.69 rows=1 width=84) (actual time=0.528..0.528 rows=1 loops=1)
                     Sort Key: (st_distance(st_transform(s_3628.the_geom, 25833), '0101000020E9640000E8008EAFF9E323417E189E08300B5741'::geometry))
                     Sort Method: top-N heapsort  Memory: 25kB
                     ->  Seq Scan on phoml_trajectory_tmp s_3628  (cost=0.00..165745.68 rows=1 width=84) (actual time=0.043..0.465 rows=356 loops=1)
                           Filter: ((unix_time >= '1685451597.1'::double precision) AND (unix_time <= '1685451657.1'::double precision) AND st_dwithin(st_transform(the_geom, 25833), '0101000020E9640000E8008EAFF9E323417E189E08300B5741'::geometry, '300'::double precision))
                           Rows Removed by Filter: 3304
   ->  Subquery Scan on "*SELECT* 3630"  (cost=165745.69..165745.70 rows=1 width=76) (actual time=0.509..0.510 rows=1 loops=1)
         ->  Limit  (cost=165745.69..165745.69 rows=1 width=84) (actual time=0.507..0.507 rows=1 loops=1)
               ->  Sort  (cost=165745.69..165745.69 rows=1 width=84) (actual time=0.505..0.505 rows=1 loops=1)
                     Sort Key: (st_distance(st_transform(s_3629.the_geom, 25833), '0101000020E964000044F722D2F6E32341F8BC62DD2E0B5741'::geometry))
                     Sort Method: top-N heapsort  Memory: 25kB
                     ->  Seq Scan on phoml_trajectory_tmp s_3629  (cost=0.00..165745.68 rows=1 width=84) (actual time=0.039..0.451 rows=352 loops=1)
                           Filter: ((unix_time >= '1685451597.635'::double precision) AND (unix_time <= '1685451657.635'::double precision) AND st_dwithin(st_transform(the_geom, 25833), '0101000020E964000044F722D2F6E32341F8BC62DD2E0B5741'::geometry, '300'::double precision))
                           Rows Removed by Filter: 3308
   ->  Subquery Scan on "*SELECT* 3631"  (cost=165745.69..165745.70 rows=1 width=76) (actual time=0.522..0.523 rows=1 loops=1)
         ->  Limit  (cost=165745.69..165745.69 rows=1 width=84) (actual time=0.518..0.519 rows=1 loops=1)
               ->  Sort  (cost=165745.69..165745.69 rows=1 width=84) (actual time=0.516..0.516 rows=1 loops=1)
                     Sort Key: (st_distance(st_transform(s_3630.the_geom, 25833), '0101000020E96400005C0CD09DF1E32341B10FF7BE2D0B5741'::geometry))
                     Sort Method: top-N heapsort  Memory: 25kB
                     ->  Seq Scan on phoml_trajectory_tmp s_3630  (cost=0.00..165745.68 rows=1 width=84) (actual time=0.038..0.463 rows=352 loops=1)
                           Filter: ((unix_time >= '1685451598.16'::double precision) AND (unix_time <= '1685451658.16'::double precision) AND st_dwithin(st_transform(the_geom, 25833), '0101000020E96400005C0CD09DF1E32341B10FF7BE2D0B5741'::geometry, '300'::double precision))
                           Rows Removed by Filter: 3308
   ->  Subquery Scan on "*SELECT* 3632"  (cost=165745.69..165745.70 rows=1 width=76) (actual time=0.508..0.509 rows=1 loops=1)
         ->  Limit  (cost=165745.69..165745.69 rows=1 width=84) (actual time=0.506..0.507 rows=1 loops=1)
               ->  Sort  (cost=165745.69..165745.69 rows=1 width=84) (actual time=0.504..0.504 rows=1 loops=1)
                     Sort Key: (st_distance(st_transform(s_3631.the_geom, 25833), '0101000020E9640000112DF24FECE3234124CF2BBA2C0B5741'::geometry))
                     Sort Method: top-N heapsort  Memory: 25kB
                     ->  Seq Scan on phoml_trajectory_tmp s_3631  (cost=0.00..165745.68 rows=1 width=84) (actual time=0.041..0.448 rows=348 loops=1)
                           Filter: ((unix_time >= '1685451598.69'::double precision) AND (unix_time <= '1685451658.69'::double precision) AND st_dwithin(st_transform(the_geom, 25833), '0101000020E9640000112DF24FECE3234124CF2BBA2C0B5741'::geometry, '300'::double precision))
                           Rows Removed by Filter: 3312
   ->  Subquery Scan on "*SELECT* 3633"  (cost=165745.69..165745.70 rows=1 width=76) (actual time=0.511..0.512 rows=1 loops=1)
         ->  Limit  (cost=165745.69..165745.69 rows=1 width=84) (actual time=0.508..0.508 rows=1 loops=1)
               ->  Sort  (cost=165745.69..165745.69 rows=1 width=84) (actual time=0.506..0.506 rows=1 loops=1)
                     Sort Key: (st_distance(st_transform(s_3632.the_geom, 25833), '0101000020E9640000B1C39152E8E323419A6A6BB22B0B5741'::geometry))
                     Sort Method: top-N heapsort  Memory: 25kB
                     ->  Seq Scan on phoml_trajectory_tmp s_3632  (cost=0.00..165745.68 rows=1 width=84) (actual time=0.039..0.453 rows=348 loops=1)
                           Filter: ((unix_time >= '1685451599.233'::double precision) AND (unix_time <= '1685451659.233'::double precision) AND st_dwithin(st_transform(the_geom, 25833), '0101000020E9640000B1C39152E8E323419A6A6BB22B0B5741'::geometry, '300'::double precision))
                           Rows Removed by Filter: 3312
   ->  Subquery Scan on "*SELECT* 3634"  (cost=165745.69..165745.70 rows=1 width=76) (actual time=0.499..0.500 rows=1 loops=1)
         ->  Limit  (cost=165745.69..165745.69 rows=1 width=84) (actual time=0.496..0.497 rows=1 loops=1)
               ->  Sort  (cost=165745.69..165745.69 rows=1 width=84) (actual time=0.494..0.494 rows=1 loops=1)
                     Sort Key: (st_distance(st_transform(s_3633.the_geom, 25833), '0101000020E9640000E47CD794E8E32341310E8C7C2A0B5741'::geometry))
                     Sort Method: top-N heapsort  Memory: 25kB
                     ->  Seq Scan on phoml_trajectory_tmp s_3633  (cost=0.00..165745.68 rows=1 width=84) (actual time=0.038..0.442 rows=344 loops=1)
                           Filter: ((unix_time >= '1685451599.827'::double precision) AND (unix_time <= '1685451659.827'::double precision) AND st_dwithin(st_transform(the_geom, 25833), '0101000020E9640000E47CD794E8E32341310E8C7C2A0B5741'::geometry, '300'::double precision))
                           Rows Removed by Filter: 3316
   ->  Subquery Scan on "*SELECT* 3635"  (cost=165745.69..165745.70 rows=1 width=76) (actual time=0.514..0.515 rows=1 loops=1)
         ->  Limit  (cost=165745.69..165745.69 rows=1 width=84) (actual time=0.509..0.510 rows=1 loops=1)
               ->  Sort  (cost=165745.69..165745.69 rows=1 width=84) (actual time=0.508..0.508 rows=1 loops=1)
                     Sort Key: (st_distance(st_transform(s_3634.the_geom, 25833), '0101000020E96400009F268035ECE3234156EE6B34290B5741'::geometry))
                     Sort Method: top-N heapsort  Memory: 25kB
                     ->  Seq Scan on phoml_trajectory_tmp s_3634  (cost=0.00..165745.68 rows=1 width=84) (actual time=0.040..0.454 rows=340 loops=1)
                           Filter: ((unix_time >= '1685451600.4'::double precision) AND (unix_time <= '1685451660.4'::double precision) AND st_dwithin(st_transform(the_geom, 25833), '0101000020E96400009F268035ECE3234156EE6B34290B5741'::geometry, '300'::double precision))
                           Rows Removed by Filter: 3320
   ->  Subquery Scan on "*SELECT* 3636"  (cost=165745.69..165745.70 rows=1 width=76) (actual time=0.490..0.492 rows=1 loops=1)
         ->  Limit  (cost=165745.69..165745.69 rows=1 width=84) (actual time=0.487..0.488 rows=1 loops=1)
               ->  Sort  (cost=165745.69..165745.69 rows=1 width=84) (actual time=0.484..0.485 rows=1 loops=1)
                     Sort Key: (st_distance(st_transform(s_3635.the_geom, 25833), '0101000020E9640000774C41CDF4E323413428CBCF270B5741'::geometry))
                     Sort Method: top-N heapsort  Memory: 25kB
                     ->  Seq Scan on phoml_trajectory_tmp s_3635  (cost=0.00..165745.68 rows=1 width=84) (actual time=0.041..0.431 rows=332 loops=1)
                           Filter: ((unix_time >= '1685451600.981'::double precision) AND (unix_time <= '1685451660.981'::double precision) AND st_dwithin(st_transform(the_geom, 25833), '0101000020E9640000774C41CDF4E323413428CBCF270B5741'::geometry, '300'::double precision))
                           Rows Removed by Filter: 3328
   ->  Subquery Scan on "*SELECT* 3637"  (cost=165745.69..165745.70 rows=1 width=76) (actual time=0.499..0.500 rows=1 loops=1)
         ->  Limit  (cost=165745.69..165745.69 rows=1 width=84) (actual time=0.493..0.494 rows=1 loops=1)
               ->  Sort  (cost=165745.69..165745.69 rows=1 width=84) (actual time=0.491..0.492 rows=1 loops=1)
                     Sort Key: (st_distance(st_transform(s_3636.the_geom, 25833), '0101000020E9640000DE972F1F02E42341CF719A7A260B5741'::geometry))
                     Sort Method: top-N heapsort  Memory: 25kB
                     ->  Seq Scan on phoml_trajectory_tmp s_3636  (cost=0.00..165745.68 rows=1 width=84) (actual time=0.054..0.441 rows=324 loops=1)
                           Filter: ((unix_time >= '1685451601.584'::double precision) AND (unix_time <= '1685451661.584'::double precision) AND st_dwithin(st_transform(the_geom, 25833), '0101000020E9640000DE972F1F02E42341CF719A7A260B5741'::geometry, '300'::double precision))
                           Rows Removed by Filter: 3336
   ->  Subquery Scan on "*SELECT* 3638"  (cost=165745.69..165745.70 rows=1 width=76) (actual time=0.488..0.489 rows=1 loops=1)
         ->  Limit  (cost=165745.69..165745.69 rows=1 width=84) (actual time=0.485..0.486 rows=1 loops=1)
               ->  Sort  (cost=165745.69..165745.69 rows=1 width=84) (actual time=0.478..0.479 rows=1 loops=1)
                     Sort Key: (st_distance(st_transform(s_3637.the_geom, 25833), '0101000020E9640000ACC3346D12E423410B064469250B5741'::geometry))
                     Sort Method: top-N heapsort  Memory: 25kB
                     ->  Seq Scan on phoml_trajectory_tmp s_3637  (cost=0.00..165745.68 rows=1 width=84) (actual time=0.047..0.427 rows=316 loops=1)
                           Filter: ((unix_time >= '1685451602.169'::double precision) AND (unix_time <= '1685451662.169'::double precision) AND st_dwithin(st_transform(the_geom, 25833), '0101000020E9640000ACC3346D12E423410B064469250B5741'::geometry, '300'::double precision))
                           Rows Removed by Filter: 3344
   ->  Subquery Scan on "*SELECT* 3639"  (cost=165745.69..165745.70 rows=1 width=76) (actual time=0.482..0.483 rows=1 loops=1)
         ->  Limit  (cost=165745.69..165745.69 rows=1 width=84) (actual time=0.480..0.480 rows=1 loops=1)
               ->  Sort  (cost=165745.69..165745.69 rows=1 width=84) (actual time=0.478..0.478 rows=1 loops=1)
                     Sort Key: (st_distance(st_transform(s_3638.the_geom, 25833), '0101000020E9640000DEF0717623E42341A0B391A3240B5741'::geometry))
                     Sort Method: top-N heapsort  Memory: 25kB
                     ->  Seq Scan on phoml_trajectory_tmp s_3638  (cost=0.00..165745.68 rows=1 width=84) (actual time=0.054..0.429 rows=312 loops=1)
                           Filter: ((unix_time >= '1685451602.739'::double precision) AND (unix_time <= '1685451662.739'::double precision) AND st_dwithin(st_transform(the_geom, 25833), '0101000020E9640000DEF0717623E42341A0B391A3240B5741'::geometry, '300'::double precision))
                           Rows Removed by Filter: 3348
   ->  Subquery Scan on "*SELECT* 3640"  (cost=165745.69..165745.70 rows=1 width=76) (actual time=0.464..0.465 rows=1 loops=1)
         ->  Limit  (cost=165745.69..165745.69 rows=1 width=84) (actual time=0.461..0.462 rows=1 loops=1)
               ->  Sort  (cost=165745.69..165745.69 rows=1 width=84) (actual time=0.459..0.460 rows=1 loops=1)
                     Sort Key: (st_distance(st_transform(s_3639.the_geom, 25833), '0101000020E9640000938DAE6F33E42341C8142510240B5741'::geometry))
                     Sort Method: top-N heapsort  Memory: 25kB
                     ->  Seq Scan on phoml_trajectory_tmp s_3639  (cost=0.00..165745.68 rows=1 width=84) (actual time=0.041..0.412 rows=308 loops=1)
                           Filter: ((unix_time >= '1685451603.293'::double precision) AND (unix_time <= '1685451663.293'::double precision) AND st_dwithin(st_transform(the_geom, 25833), '0101000020E9640000938DAE6F33E42341C8142510240B5741'::geometry, '300'::double precision))
                           Rows Removed by Filter: 3352
   ->  Subquery Scan on "*SELECT* 3641"  (cost=165745.69..165745.70 rows=1 width=76) (actual time=0.478..0.479 rows=1 loops=1)
         ->  Limit  (cost=165745.69..165745.69 rows=1 width=84) (actual time=0.475..0.475 rows=1 loops=1)
               ->  Sort  (cost=165745.69..165745.69 rows=1 width=84) (actual time=0.472..0.472 rows=1 loops=1)
                     Sort Key: (st_distance(st_transform(s_3640.the_geom, 25833), '0101000020E964000093DC22353FE423414FE88578230B5741'::geometry))
                     Sort Method: top-N heapsort  Memory: 25kB
                     ->  Seq Scan on phoml_trajectory_tmp s_3640  (cost=0.00..165745.68 rows=1 width=84) (actual time=0.041..0.425 rows=300 loops=1)
                           Filter: ((unix_time >= '1685451603.816'::double precision) AND (unix_time <= '1685451663.816'::double precision) AND st_dwithin(st_transform(the_geom, 25833), '0101000020E964000093DC22353FE423414FE88578230B5741'::geometry, '300'::double precision))
                           Rows Removed by Filter: 3360
   ->  Subquery Scan on "*SELECT* 3642"  (cost=165745.69..165745.70 rows=1 width=76) (actual time=0.453..0.454 rows=1 loops=1)
         ->  Limit  (cost=165745.69..165745.69 rows=1 width=84) (actual time=0.450..0.451 rows=1 loops=1)
               ->  Sort  (cost=165745.69..165745.69 rows=1 width=84) (actual time=0.448..0.448 rows=1 loops=1)
                     Sort Key: (st_distance(st_transform(s_3641.the_geom, 25833), '0101000020E96400001DBD83B246E423411CD084AD220B5741'::geometry))
                     Sort Method: top-N heapsort  Memory: 25kB
                     ->  Seq Scan on phoml_trajectory_tmp s_3641  (cost=0.00..165745.68 rows=1 width=84) (actual time=0.041..0.402 rows=296 loops=1)
                           Filter: ((unix_time >= '1685451604.31'::double precision) AND (unix_time <= '1685451664.31'::double precision) AND st_dwithin(st_transform(the_geom, 25833), '0101000020E96400001DBD83B246E423411CD084AD220B5741'::geometry, '300'::double precision))
                           Rows Removed by Filter: 3364
   ->  Subquery Scan on "*SELECT* 3643"  (cost=165745.69..165745.70 rows=1 width=76) (actual time=0.464..0.465 rows=1 loops=1)
         ->  Limit  (cost=165745.69..165745.69 rows=1 width=84) (actual time=0.460..0.460 rows=1 loops=1)
               ->  Sort  (cost=165745.69..165745.69 rows=1 width=84) (actual time=0.457..0.458 rows=1 loops=1)
                     Sort Key: (st_distance(st_transform(s_3642.the_geom, 25833), '0101000020E964000006330BD64AE42341CF1EBEB1210B5741'::geometry))
                     Sort Method: top-N heapsort  Memory: 25kB
                     ->  Seq Scan on phoml_trajectory_tmp s_3642  (cost=0.00..165745.68 rows=1 width=84) (actual time=0.039..0.412 rows=292 loops=1)
                           Filter: ((unix_time >= '1685451604.806'::double precision) AND (unix_time <= '1685451664.806'::double precision) AND st_dwithin(st_transform(the_geom, 25833), '0101000020E964000006330BD64AE42341CF1EBEB1210B5741'::geometry, '300'::double precision))
                           Rows Removed by Filter: 3368
   ->  Subquery Scan on "*SELECT* 3644"  (cost=165745.69..165745.70 rows=1 width=76) (actual time=0.445..0.446 rows=1 loops=1)
         ->  Limit  (cost=165745.69..165745.69 rows=1 width=84) (actual time=0.443..0.443 rows=1 loops=1)
               ->  Sort  (cost=165745.69..165745.69 rows=1 width=84) (actual time=0.441..0.441 rows=1 loops=1)
                     Sort Key: (st_distance(st_transform(s_3643.the_geom, 25833), '0101000020E9640000666D33084EE423413865BEA8200B5741'::geometry))
                     Sort Method: top-N heapsort  Memory: 25kB
                     ->  Seq Scan on phoml_trajectory_tmp s_3643  (cost=0.00..165745.68 rows=1 width=84) (actual time=0.042..0.395 rows=288 loops=1)
                           Filter: ((unix_time >= '1685451605.288'::double precision) AND (unix_time <= '1685451665.288'::double precision) AND st_dwithin(st_transform(the_geom, 25833), '0101000020E9640000666D33084EE423413865BEA8200B5741'::geometry, '300'::double precision))
                           Rows Removed by Filter: 3372
   ->  Subquery Scan on "*SELECT* 3645"  (cost=165745.69..165745.70 rows=1 width=76) (actual time=0.454..0.455 rows=1 loops=1)
         ->  Limit  (cost=165745.69..165745.69 rows=1 width=84) (actual time=0.450..0.451 rows=1 loops=1)
               ->  Sort  (cost=165745.69..165745.69 rows=1 width=84) (actual time=0.448..0.448 rows=1 loops=1)
                     Sort Key: (st_distance(st_transform(s_3644.the_geom, 25833), '0101000020E9640000423EB7AA51E423419A1070A61F0B5741'::geometry))
                     Sort Method: top-N heapsort  Memory: 25kB
                     ->  Seq Scan on phoml_trajectory_tmp s_3644  (cost=0.00..165745.68 rows=1 width=84) (actual time=0.040..0.403 rows=284 loops=1)
                           Filter: ((unix_time >= '1685451605.757'::double precision) AND (unix_time <= '1685451665.757'::double precision) AND st_dwithin(st_transform(the_geom, 25833), '0101000020E9640000423EB7AA51E423419A1070A61F0B5741'::geometry, '300'::double precision))
                           Rows Removed by Filter: 3376
   ->  Subquery Scan on "*SELECT* 3646"  (cost=165745.69..165745.70 rows=1 width=76) (actual time=0.430..0.431 rows=1 loops=1)
         ->  Limit  (cost=165745.69..165745.69 rows=1 width=84) (actual time=0.428..0.429 rows=1 loops=1)
               ->  Sort  (cost=165745.69..165745.69 rows=1 width=84) (actual time=0.426..0.426 rows=1 loops=1)
                     Sort Key: (st_distance(st_transform(s_3645.the_geom, 25833), '0101000020E96400007A84E60857E4234127C5B5A81E0B5741'::geometry))
                     Sort Method: top-N heapsort  Memory: 25kB
                     ->  Seq Scan on phoml_trajectory_tmp s_3645  (cost=0.00..165745.68 rows=1 width=84) (actual time=0.040..0.383 rows=280 loops=1)
                           Filter: ((unix_time >= '1685451606.235'::double precision) AND (unix_time <= '1685451666.235'::double precision) AND st_dwithin(st_transform(the_geom, 25833), '0101000020E96400007A84E60857E4234127C5B5A81E0B5741'::geometry, '300'::double precision))
                           Rows Removed by Filter: 3380
   ->  Subquery Scan on "*SELECT* 3647"  (cost=165745.69..165745.70 rows=1 width=76) (actual time=0.459..0.460 rows=1 loops=1)
         ->  Limit  (cost=165745.69..165745.69 rows=1 width=84) (actual time=0.453..0.454 rows=1 loops=1)
               ->  Sort  (cost=165745.69..165745.69 rows=1 width=84) (actual time=0.451..0.451 rows=1 loops=1)
                     Sort Key: (st_distance(st_transform(s_3646.the_geom, 25833), '0101000020E9640000CD34427B5DE42341F7CA63B41D0B5741'::geometry))
                     Sort Method: top-N heapsort  Memory: 25kB
                     ->  Seq Scan on phoml_trajectory_tmp s_3646  (cost=0.00..165745.68 rows=1 width=84) (actual time=0.041..0.406 rows=272 loops=1)
                           Filter: ((unix_time >= '1685451606.703'::double precision) AND (unix_time <= '1685451666.703'::double precision) AND st_dwithin(st_transform(the_geom, 25833), '0101000020E9640000CD34427B5DE42341F7CA63B41D0B5741'::geometry, '300'::double precision))
                           Rows Removed by Filter: 3388
   ->  Subquery Scan on "*SELECT* 3648"  (cost=165745.69..165745.70 rows=1 width=76) (actual time=0.421..0.422 rows=1 loops=1)
         ->  Limit  (cost=165745.69..165745.69 rows=1 width=84) (actual time=0.418..0.419 rows=1 loops=1)
               ->  Sort  (cost=165745.69..165745.69 rows=1 width=84) (actual time=0.416..0.416 rows=1 loops=1)
                     Sort Key: (st_distance(st_transform(s_3647.the_geom, 25833), '0101000020E9640000B013AF3864E4234112BEA6CA1C0B5741'::geometry))
                     Sort Method: top-N heapsort  Memory: 25kB
                     ->  Seq Scan on phoml_trajectory_tmp s_3647  (cost=0.00..165745.68 rows=1 width=84) (actual time=0.041..0.372 rows=268 loops=1)
                           Filter: ((unix_time >= '1685451607.174'::double precision) AND (unix_time <= '1685451667.174'::double precision) AND st_dwithin(st_transform(the_geom, 25833), '0101000020E9640000B013AF3864E4234112BEA6CA1C0B5741'::geometry, '300'::double precision))
                           Rows Removed by Filter: 3392
   ->  Subquery Scan on "*SELECT* 3649"  (cost=165745.69..165745.70 rows=1 width=76) (actual time=0.449..0.450 rows=1 loops=1)
         ->  Limit  (cost=165745.69..165745.69 rows=1 width=84) (actual time=0.445..0.446 rows=1 loops=1)
               ->  Sort  (cost=165745.69..165745.69 rows=1 width=84) (actual time=0.443..0.443 rows=1 loops=1)
                     Sort Key: (st_distance(st_transform(s_3648.the_geom, 25833), '0101000020E9640000C0C611EC6AE42341B14DA6D81B0B5741'::geometry))
                     Sort Method: top-N heapsort  Memory: 25kB
                     ->  Seq Scan on phoml_trajectory_tmp s_3648  (cost=0.00..165745.68 rows=1 width=84) (actual time=0.055..0.401 rows=264 loops=1)
                           Filter: ((unix_time >= '1685451607.663'::double precision) AND (unix_time <= '1685451667.663'::double precision) AND st_dwithin(st_transform(the_geom, 25833), '0101000020E9640000C0C611EC6AE42341B14DA6D81B0B5741'::geometry, '300'::double precision))
                           Rows Removed by Filter: 3396
   ->  Subquery Scan on "*SELECT* 3650"  (cost=165745.69..165745.70 rows=1 width=76) (actual time=0.415..0.416 rows=1 loops=1)
         ->  Limit  (cost=165745.69..165745.69 rows=1 width=84) (actual time=0.413..0.413 rows=1 loops=1)
               ->  Sort  (cost=165745.69..165745.69 rows=1 width=84) (actual time=0.411..0.411 rows=1 loops=1)
                     Sort Key: (st_distance(st_transform(s_3649.the_geom, 25833), '0101000020E9640000B5219EA570E423416800D2DD1A0B5741'::geometry))
                     Sort Method: top-N heapsort  Memory: 25kB
                     ->  Seq Scan on phoml_trajectory_tmp s_3649  (cost=0.00..165745.68 rows=1 width=84) (actual time=0.040..0.369 rows=260 loops=1)
                           Filter: ((unix_time >= '1685451608.158'::double precision) AND (unix_time <= '1685451668.158'::double precision) AND st_dwithin(st_transform(the_geom, 25833), '0101000020E9640000B5219EA570E423416800D2DD1A0B5741'::geometry, '300'::double precision))
                           Rows Removed by Filter: 3400
   ->  Subquery Scan on "*SELECT* 3651"  (cost=165745.69..165745.70 rows=1 width=76) (actual time=0.412..0.413 rows=1 loops=1)
         ->  Limit  (cost=165745.69..165745.69 rows=1 width=84) (actual time=0.409..0.410 rows=1 loops=1)
               ->  Sort  (cost=165745.69..165745.69 rows=1 width=84) (actual time=0.408..0.408 rows=1 loops=1)
                     Sort Key: (st_distance(st_transform(s_3650.the_geom, 25833), '0101000020E9640000E2C9DFF272E4234154D543D8190B5741'::geometry))
                     Sort Method: top-N heapsort  Memory: 25kB
                     ->  Seq Scan on phoml_trajectory_tmp s_3650  (cost=0.00..165745.68 rows=1 width=84) (actual time=0.042..0.368 rows=256 loops=1)
                           Filter: ((unix_time >= '1685451608.637'::double precision) AND (unix_time <= '1685451668.637'::double precision) AND st_dwithin(st_transform(the_geom, 25833), '0101000020E9640000E2C9DFF272E4234154D543D8190B5741'::geometry, '300'::double precision))
                           Rows Removed by Filter: 3404
   ->  Subquery Scan on "*SELECT* 3652"  (cost=165745.69..165745.70 rows=1 width=76) (actual time=0.420..0.421 rows=1 loops=1)
         ->  Limit  (cost=165745.69..165745.69 rows=1 width=84) (actual time=0.418..0.419 rows=1 loops=1)
               ->  Sort  (cost=165745.69..165745.69 rows=1 width=84) (actual time=0.415..0.416 rows=1 loops=1)
                     Sort Key: (st_distance(st_transform(s_3651.the_geom, 25833), '0101000020E964000021B2AF0773E42341D46F5BAD180B5741'::geometry))
                     Sort Method: top-N heapsort  Memory: 25kB
                     ->  Seq Scan on phoml_trajectory_tmp s_3651  (cost=0.00..165745.68 rows=1 width=84) (actual time=0.055..0.375 rows=252 loops=1)
                           Filter: ((unix_time >= '1685451609.177'::double precision) AND (unix_time <= '1685451669.177'::double precision) AND st_dwithin(st_transform(the_geom, 25833), '0101000020E964000021B2AF0773E42341D46F5BAD180B5741'::geometry, '300'::double precision))
                           Rows Removed by Filter: 3408
   ->  Subquery Scan on "*SELECT* 3653"  (cost=165745.69..165745.70 rows=1 width=76) (actual time=0.400..0.401 rows=1 loops=1)
         ->  Limit  (cost=165745.69..165745.69 rows=1 width=84) (actual time=0.398..0.398 rows=1 loops=1)
               ->  Sort  (cost=165745.69..165745.69 rows=1 width=84) (actual time=0.395..0.395 rows=1 loops=1)
                     Sort Key: (st_distance(st_transform(s_3652.the_geom, 25833), '0101000020E96400009A627BE073E423419424D692170B5741'::geometry))
                     Sort Method: top-N heapsort  Memory: 25kB
                     ->  Seq Scan on phoml_trajectory_tmp s_3652  (cost=0.00..165745.68 rows=1 width=84) (actual time=0.040..0.356 rows=248 loops=1)
                           Filter: ((unix_time >= '1685451609.733'::double precision) AND (unix_time <= '1685451669.733'::double precision) AND st_dwithin(st_transform(the_geom, 25833), '0101000020E96400009A627BE073E423419424D692170B5741'::geometry, '300'::double precision))
                           Rows Removed by Filter: 3412
   ->  Subquery Scan on "*SELECT* 3654"  (cost=165745.69..165745.70 rows=1 width=76) (actual time=0.412..0.413 rows=1 loops=1)
         ->  Limit  (cost=165745.69..165745.69 rows=1 width=84) (actual time=0.408..0.408 rows=1 loops=1)
               ->  Sort  (cost=165745.69..165745.69 rows=1 width=84) (actual time=0.406..0.406 rows=1 loops=1)
                     Sort Key: (st_distance(st_transform(s_3653.the_geom, 25833), '0101000020E96400002D87DEB375E423411B189778160B5741'::geometry))
                     Sort Method: top-N heapsort  Memory: 25kB
                     ->  Seq Scan on phoml_trajectory_tmp s_3653  (cost=0.00..165745.68 rows=1 width=84) (actual time=0.038..0.366 rows=244 loops=1)
                           Filter: ((unix_time >= '1685451610.301'::double precision) AND (unix_time <= '1685451670.301'::double precision) AND st_dwithin(st_transform(the_geom, 25833), '0101000020E96400002D87DEB375E423411B189778160B5741'::geometry, '300'::double precision))
                           Rows Removed by Filter: 3416
   ->  Subquery Scan on "*SELECT* 3655"  (cost=165745.69..165745.70 rows=1 width=76) (actual time=0.405..0.407 rows=1 loops=1)
         ->  Limit  (cost=165745.69..165745.69 rows=1 width=84) (actual time=0.402..0.403 rows=1 loops=1)
               ->  Sort  (cost=165745.69..165745.69 rows=1 width=84) (actual time=0.400..0.400 rows=1 loops=1)
                     Sort Key: (st_distance(st_transform(s_3654.the_geom, 25833), '0101000020E964000092C40B3679E423413D2C4F67150B5741'::geometry))
                     Sort Method: top-N heapsort  Memory: 25kB
                     ->  Seq Scan on phoml_trajectory_tmp s_3654  (cost=0.00..165745.68 rows=1 width=84) (actual time=0.047..0.359 rows=240 loops=1)
                           Filter: ((unix_time >= '1685451610.887'::double precision) AND (unix_time <= '1685451670.887'::double precision) AND st_dwithin(st_transform(the_geom, 25833), '0101000020E964000092C40B3679E423413D2C4F67150B5741'::geometry, '300'::double precision))
                           Rows Removed by Filter: 3420
   ->  Subquery Scan on "*SELECT* 3656"  (cost=165745.69..165745.70 rows=1 width=76) (actual time=0.400..0.401 rows=1 loops=1)
         ->  Limit  (cost=165745.69..165745.69 rows=1 width=84) (actual time=0.397..0.397 rows=1 loops=1)
               ->  Sort  (cost=165745.69..165745.69 rows=1 width=84) (actual time=0.394..0.394 rows=1 loops=1)
                     Sort Key: (st_distance(st_transform(s_3655.the_geom, 25833), '0101000020E9640000B47118007DE42341BEEAF540140B5741'::geometry))
                     Sort Method: top-N heapsort  Memory: 25kB
                     ->  Seq Scan on phoml_trajectory_tmp s_3655  (cost=0.00..165745.68 rows=1 width=84) (actual time=0.037..0.356 rows=240 loops=1)
                           Filter: ((unix_time >= '1685451611.54'::double precision) AND (unix_time <= '1685451671.54'::double precision) AND st_dwithin(st_transform(the_geom, 25833), '0101000020E9640000B47118007DE42341BEEAF540140B5741'::geometry, '300'::double precision))
                           Rows Removed by Filter: 3420
   ->  Subquery Scan on "*SELECT* 3657"  (cost=165745.69..165745.70 rows=1 width=76) (actual time=0.380..0.381 rows=1 loops=1)
         ->  Limit  (cost=165745.69..165745.69 rows=1 width=84) (actual time=0.378..0.379 rows=1 loops=1)
               ->  Sort  (cost=165745.69..165745.69 rows=1 width=84) (actual time=0.376..0.376 rows=1 loops=1)
                     Sort Key: (st_distance(st_transform(s_3656.the_geom, 25833), '0101000020E964000089CCB38080E42341DBCAC628130B5741'::geometry))
                     Sort Method: top-N heapsort  Memory: 25kB
                     ->  Seq Scan on phoml_trajectory_tmp s_3656  (cost=0.00..165745.68 rows=1 width=84) (actual time=0.036..0.338 rows=236 loops=1)
                           Filter: ((unix_time >= '1685451612.213'::double precision) AND (unix_time <= '1685451672.213'::double precision) AND st_dwithin(st_transform(the_geom, 25833), '0101000020E964000089CCB38080E42341DBCAC628130B5741'::geometry, '300'::double precision))
                           Rows Removed by Filter: 3424
   ->  Subquery Scan on "*SELECT* 3658"  (cost=165745.69..165745.70 rows=1 width=76) (actual time=0.384..0.385 rows=1 loops=1)
         ->  Limit  (cost=165745.69..165745.69 rows=1 width=84) (actual time=0.381..0.382 rows=1 loops=1)
               ->  Sort  (cost=165745.69..165745.69 rows=1 width=84) (actual time=0.379..0.379 rows=1 loops=1)
                     Sort Key: (st_distance(st_transform(s_3657.the_geom, 25833), '0101000020E9640000A88CEE4C84E42341F3A4D809120B5741'::geometry))
                     Sort Method: top-N heapsort  Memory: 25kB
                     ->  Seq Scan on phoml_trajectory_tmp s_3657  (cost=0.00..165745.68 rows=1 width=84) (actual time=0.041..0.343 rows=232 loops=1)
                           Filter: ((unix_time >= '1685451612.983'::double precision) AND (unix_time <= '1685451672.983'::double precision) AND st_dwithin(st_transform(the_geom, 25833), '0101000020E9640000A88CEE4C84E42341F3A4D809120B5741'::geometry, '300'::double precision))
                           Rows Removed by Filter: 3428
   ->  Subquery Scan on "*SELECT* 3659"  (cost=165745.69..165745.70 rows=1 width=76) (actual time=0.390..0.391 rows=1 loops=1)
         ->  Limit  (cost=165745.69..165745.69 rows=1 width=84) (actual time=0.386..0.387 rows=1 loops=1)
               ->  Sort  (cost=165745.69..165745.69 rows=1 width=84) (actual time=0.384..0.385 rows=1 loops=1)
                     Sort Key: (st_distance(st_transform(s_3658.the_geom, 25833), '0101000020E96400003F3B075D88E42341E5B45FE3100B5741'::geometry))
                     Sort Method: top-N heapsort  Memory: 25kB
                     ->  Seq Scan on phoml_trajectory_tmp s_3658  (cost=0.00..165745.68 rows=1 width=84) (actual time=0.042..0.348 rows=228 loops=1)
                           Filter: ((unix_time >= '1685451613.856'::double precision) AND (unix_time <= '1685451673.856'::double precision) AND st_dwithin(st_transform(the_geom, 25833), '0101000020E96400003F3B075D88E42341E5B45FE3100B5741'::geometry, '300'::double precision))
                           Rows Removed by Filter: 3432
   ->  Subquery Scan on "*SELECT* 3660"  (cost=165745.69..165745.70 rows=1 width=76) (actual time=0.366..0.367 rows=1 loops=1)
         ->  Limit  (cost=165745.69..165745.69 rows=1 width=84) (actual time=0.364..0.365 rows=1 loops=1)
               ->  Sort  (cost=165745.69..165745.69 rows=1 width=84) (actual time=0.363..0.363 rows=1 loops=1)
                     Sort Key: (st_distance(st_transform(s_3659.the_geom, 25833), '0101000020E96400006D4B4E358CE42341685A55C40F0B5741'::geometry))
                     Sort Method: top-N heapsort  Memory: 25kB
                     ->  Seq Scan on phoml_trajectory_tmp s_3659  (cost=0.00..165745.68 rows=1 width=84) (actual time=0.037..0.326 rows=224 loops=1)
                           Filter: ((unix_time >= '1685451614.867'::double precision) AND (unix_time <= '1685451674.867'::double precision) AND st_dwithin(st_transform(the_geom, 25833), '0101000020E96400006D4B4E358CE42341685A55C40F0B5741'::geometry, '300'::double precision))
                           Rows Removed by Filter: 3436
 Planning Time: 179.442 ms
 JIT:
   Functions: 25620
   Options: Inlining true, Optimization true, Expressions true, Deforming true
   Timing: Generation 960.104 ms, Inlining 120.644 ms, Optimization 92160.534 ms, Emission 65608.388 ms, Total 158849.671 ms
 Execution Time: 161394.198 ms
(29287 rows)

Time: 161768,460 ms (02:41,768)
